<?xml version="1.0" encoding="UTF-8"?>
<testsuite xmlns:xsi="http://www.w3.org/2001/XMLSchema-instance" xsi:noNamespaceSchemaLocation="https://maven.apache.org/surefire/maven-surefire-plugin/xsd/surefire-test-report.xsd" name="org.apache.hadoop.ozone.client.rpc.TestOzoneClientRetriesOnException" time="62.664" tests="2" errors="2" skipped="0" failures="0">
  <properties>
    <property name="awt.toolkit" value="sun.awt.X11.XToolkit"/>
    <property name="file.encoding.pkg" value="sun.io"/>
    <property name="java.specification.version" value="1.8"/>
    <property name="sun.cpu.isalist" value=""/>
    <property name="sun.jnu.encoding" value="UTF-8"/>
    <property name="java.class.path" value="/workdir/hadoop-ozone/integration-test/target/test-classes:/workdir/hadoop-ozone/integration-test/target/classes:/home/user/.m2/repository/org/apache/hadoop/hadoop-ozone-common/0.5.0-SNAPSHOT/hadoop-ozone-common-0.5.0-SNAPSHOT.jar:/home/user/.m2/repository/org/apache/commons/commons-compress/1.4.1/commons-compress-1.4.1.jar:/home/user/.m2/repository/org/tukaani/xz/1.0/xz-1.0.jar:/home/user/.m2/repository/org/apache/hadoop/hadoop-common/3.2.0/hadoop-common-3.2.0.jar:/home/user/.m2/repository/org/apache/hadoop/hadoop-hdfs/3.2.0/hadoop-hdfs-3.2.0.jar:/home/user/.m2/repository/org/apache/hadoop/hadoop-hdfs-client/3.2.0/hadoop-hdfs-client-3.2.0.jar:/home/user/.m2/repository/com/fasterxml/jackson/core/jackson-annotations/2.9.9/jackson-annotations-2.9.9.jar:/home/user/.m2/repository/org/apache/hadoop/hadoop-hdds-common/0.5.0-SNAPSHOT/hadoop-hdds-common-0.5.0-SNAPSHOT.jar:/home/user/.m2/repository/javax/annotation/javax.annotation-api/1.2/javax.annotation-api-1.2.jar:/home/user/.m2/repository/org/apache/ratis/ratis-server/0.4.0/ratis-server-0.4.0.jar:/home/user/.m2/repository/org/apache/ratis/ratis-thirdparty-misc/0.2.0/ratis-thirdparty-misc-0.2.0.jar:/home/user/.m2/repository/org/apache/ratis/ratis-proto/0.4.0/ratis-proto-0.4.0.jar:/home/user/.m2/repository/org/apache/ratis/ratis-common/0.4.0/ratis-common-0.4.0.jar:/home/user/.m2/repository/org/apache/ratis/ratis-client/0.4.0/ratis-client-0.4.0.jar:/home/user/.m2/repository/org/apache/ratis/ratis-metrics/0.4.0/ratis-metrics-0.4.0.jar:/home/user/.m2/repository/com/github/joshelser/dropwizard-metrics-hadoop-metrics2-reporter/0.1.2/dropwizard-metrics-hadoop-metrics2-reporter-0.1.2.jar:/home/user/.m2/repository/io/dropwizard/metrics/metrics-jvm/3.2.5/metrics-jvm-3.2.5.jar:/home/user/.m2/repository/io/dropwizard/metrics/metrics-ganglia/3.2.5/metrics-ganglia-3.2.5.jar:/home/user/.m2/repository/info/ganglia/gmetric4j/gmetric4j/1.0.7/gmetric4j-1.0.7.jar:/home/user/.m2/repository/org/apache/ratis/ratis-netty/0.4.0/ratis-netty-0.4.0.jar:/home/user/.m2/repository/org/apache/ratis/ratis-grpc/0.4.0/ratis-grpc-0.4.0.jar:/home/user/.m2/repository/org/rocksdb/rocksdbjni/6.0.1/rocksdbjni-6.0.1.jar:/home/user/.m2/repository/org/apache/logging/log4j/log4j-api/2.11.0/log4j-api-2.11.0.jar:/home/user/.m2/repository/org/apache/logging/log4j/log4j-core/2.11.0/log4j-core-2.11.0.jar:/home/user/.m2/repository/com/lmax/disruptor/3.4.2/disruptor-3.4.2.jar:/home/user/.m2/repository/org/apache/commons/commons-pool2/2.6.0/commons-pool2-2.6.0.jar:/home/user/.m2/repository/org/bouncycastle/bcpkix-jdk15on/1.60/bcpkix-jdk15on-1.60.jar:/home/user/.m2/repository/commons-validator/commons-validator/1.6/commons-validator-1.6.jar:/home/user/.m2/repository/commons-digester/commons-digester/1.8.1/commons-digester-1.8.1.jar:/home/user/.m2/repository/io/jaegertracing/jaeger-client/0.34.0/jaeger-client-0.34.0.jar:/home/user/.m2/repository/io/jaegertracing/jaeger-thrift/0.34.0/jaeger-thrift-0.34.0.jar:/home/user/.m2/repository/org/apache/thrift/libthrift/0.12.0/libthrift-0.12.0.jar:/home/user/.m2/repository/com/squareup/okhttp3/okhttp/3.9.0/okhttp-3.9.0.jar:/home/user/.m2/repository/com/squareup/okio/okio/1.13.0/okio-1.13.0.jar:/home/user/.m2/repository/io/jaegertracing/jaeger-core/0.34.0/jaeger-core-0.34.0.jar:/home/user/.m2/repository/io/jaegertracing/jaeger-tracerresolver/0.34.0/jaeger-tracerresolver-0.34.0.jar:/home/user/.m2/repository/io/opentracing/contrib/opentracing-tracerresolver/0.1.5/opentracing-tracerresolver-0.1.5.jar:/home/user/.m2/repository/io/opentracing/opentracing-util/0.31.0/opentracing-util-0.31.0.jar:/home/user/.m2/repository/io/opentracing/opentracing-api/0.31.0/opentracing-api-0.31.0.jar:/home/user/.m2/repository/io/opentracing/opentracing-noop/0.31.0/opentracing-noop-0.31.0.jar:/home/user/.m2/repository/org/apache/hadoop/hadoop-hdds-server-framework/0.5.0-SNAPSHOT/hadoop-hdds-server-framework-0.5.0-SNAPSHOT.jar:/home/user/.m2/repository/org/apache/hadoop/hadoop-hdds-container-service/0.5.0-SNAPSHOT/hadoop-hdds-container-service-0.5.0-SNAPSHOT.jar:/home/user/.m2/repository/org/apache/hadoop/hadoop-hdds-client/0.5.0-SNAPSHOT/hadoop-hdds-client-0.5.0-SNAPSHOT.jar:/home/user/.m2/repository/org/apache/hadoop/hadoop-hdds-tools/0.5.0-SNAPSHOT/hadoop-hdds-tools-0.5.0-SNAPSHOT.jar:/home/user/.m2/repository/org/apache/hadoop/hadoop-hdds-server-scm/0.5.0-SNAPSHOT/hadoop-hdds-server-scm-0.5.0-SNAPSHOT.jar:/home/user/.m2/repository/org/apache/hadoop/hadoop-hdds-docs/0.5.0-SNAPSHOT/hadoop-hdds-docs-0.5.0-SNAPSHOT.jar:/home/user/.m2/repository/io/dropwizard/metrics/metrics-core/3.2.4/metrics-core-3.2.4.jar:/home/user/.m2/repository/org/hamcrest/hamcrest-all/1.3/hamcrest-all-1.3.jar:/home/user/.m2/repository/org/bouncycastle/bcprov-jdk15on/1.60/bcprov-jdk15on-1.60.jar:/home/user/.m2/repository/info/picocli/picocli/3.9.6/picocli-3.9.6.jar:/home/user/.m2/repository/com/google/protobuf/protobuf-java/2.5.0/protobuf-java-2.5.0.jar:/home/user/.m2/repository/com/google/guava/guava/11.0.2/guava-11.0.2.jar:/home/user/.m2/repository/org/apache/hadoop/hadoop-ozone-ozone-manager/0.5.0-SNAPSHOT/hadoop-ozone-ozone-manager-0.5.0-SNAPSHOT.jar:/home/user/.m2/repository/org/apache/hadoop/hadoop-minikdc/3.2.0/hadoop-minikdc-3.2.0.jar:/home/user/.m2/repository/commons-io/commons-io/2.5/commons-io-2.5.jar:/home/user/.m2/repository/org/apache/kerby/kerb-simplekdc/1.0.1/kerb-simplekdc-1.0.1.jar:/home/user/.m2/repository/org/apache/kerby/kerb-client/1.0.1/kerb-client-1.0.1.jar:/home/user/.m2/repository/org/apache/kerby/kerby-config/1.0.1/kerby-config-1.0.1.jar:/home/user/.m2/repository/org/apache/kerby/kerb-core/1.0.1/kerb-core-1.0.1.jar:/home/user/.m2/repository/org/apache/kerby/kerby-pkix/1.0.1/kerby-pkix-1.0.1.jar:/home/user/.m2/repository/org/apache/kerby/kerby-asn1/1.0.1/kerby-asn1-1.0.1.jar:/home/user/.m2/repository/org/apache/kerby/kerby-util/1.0.1/kerby-util-1.0.1.jar:/home/user/.m2/repository/org/apache/kerby/kerb-common/1.0.1/kerb-common-1.0.1.jar:/home/user/.m2/repository/org/apache/kerby/kerb-crypto/1.0.1/kerb-crypto-1.0.1.jar:/home/user/.m2/repository/org/apache/kerby/kerb-util/1.0.1/kerb-util-1.0.1.jar:/home/user/.m2/repository/org/apache/kerby/token-provider/1.0.1/token-provider-1.0.1.jar:/home/user/.m2/repository/org/apache/kerby/kerb-admin/1.0.1/kerb-admin-1.0.1.jar:/home/user/.m2/repository/org/apache/kerby/kerb-server/1.0.1/kerb-server-1.0.1.jar:/home/user/.m2/repository/org/apache/kerby/kerb-identity/1.0.1/kerb-identity-1.0.1.jar:/home/user/.m2/repository/org/apache/kerby/kerby-xdr/1.0.1/kerby-xdr-1.0.1.jar:/home/user/.m2/repository/org/slf4j/slf4j-log4j12/1.7.25/slf4j-log4j12-1.7.25.jar:/home/user/.m2/repository/org/apache/hadoop/hadoop-ozone-s3gateway/0.5.0-SNAPSHOT/hadoop-ozone-s3gateway-0.5.0-SNAPSHOT.jar:/home/user/.m2/repository/org/jboss/weld/servlet/weld-servlet/2.4.7.Final/weld-servlet-2.4.7.Final.jar:/home/user/.m2/repository/org/glassfish/jersey/containers/jersey-container-servlet-core/2.27/jersey-container-servlet-core-2.27.jar:/home/user/.m2/repository/org/glassfish/hk2/external/javax.inject/2.5.0-b42/javax.inject-2.5.0-b42.jar:/home/user/.m2/repository/org/glassfish/jersey/core/jersey-common/2.27/jersey-common-2.27.jar:/home/user/.m2/repository/org/glassfish/hk2/osgi-resource-locator/1.0.1/osgi-resource-locator-1.0.1.jar:/home/user/.m2/repository/javax/ws/rs/javax.ws.rs-api/2.1/javax.ws.rs-api-2.1.jar:/home/user/.m2/repository/org/glassfish/jersey/ext/cdi/jersey-cdi1x/2.27/jersey-cdi1x-2.27.jar:/home/user/.m2/repository/org/glassfish/jersey/inject/jersey-hk2/2.27/jersey-hk2-2.27.jar:/home/user/.m2/repository/org/glassfish/hk2/hk2-locator/2.5.0-b42/hk2-locator-2.5.0-b42.jar:/home/user/.m2/repository/org/javassist/javassist/3.22.0-CR2/javassist-3.22.0-CR2.jar:/home/user/.m2/repository/org/glassfish/hk2/hk2-api/2.5.0/hk2-api-2.5.0.jar:/home/user/.m2/repository/org/glassfish/hk2/external/jakarta.inject/2.5.0/jakarta.inject-2.5.0.jar:/home/user/.m2/repository/org/glassfish/hk2/hk2-utils/2.5.0/hk2-utils-2.5.0.jar:/home/user/.m2/repository/jakarta/annotation/jakarta.annotation-api/1.3.4/jakarta.annotation-api-1.3.4.jar:/home/user/.m2/repository/org/glassfish/hk2/external/aopalliance-repackaged/2.5.0/aopalliance-repackaged-2.5.0.jar:/home/user/.m2/repository/com/fasterxml/jackson/dataformat/jackson-dataformat-xml/2.9.0/jackson-dataformat-xml-2.9.0.jar:/home/user/.m2/repository/com/fasterxml/jackson/core/jackson-core/2.9.9/jackson-core-2.9.9.jar:/home/user/.m2/repository/com/fasterxml/jackson/module/jackson-module-jaxb-annotations/2.9.9/jackson-module-jaxb-annotations-2.9.9.jar:/home/user/.m2/repository/javax/enterprise/cdi-api/1.2/cdi-api-1.2.jar:/home/user/.m2/repository/javax/el/javax.el-api/3.0.0/javax.el-api-3.0.0.jar:/home/user/.m2/repository/javax/interceptor/javax.interceptor-api/1.2/javax.interceptor-api-1.2.jar:/home/user/.m2/repository/javax/inject/javax.inject/1/javax.inject-1.jar:/home/user/.m2/repository/com/sun/xml/bind/jaxb-impl/2.3.0.1/jaxb-impl-2.3.0.1.jar:/home/user/.m2/repository/com/sun/xml/bind/jaxb-core/2.3.0.1/jaxb-core-2.3.0.1.jar:/home/user/.m2/repository/javax/xml/bind/jaxb-api/2.3.0/jaxb-api-2.3.0.jar:/home/user/.m2/repository/javax/activation/activation/1.1.1/activation-1.1.1.jar:/home/user/.m2/repository/org/apache/hadoop/hadoop-ozone-csi/0.5.0-SNAPSHOT/hadoop-ozone-csi-0.5.0-SNAPSHOT.jar:/home/user/.m2/repository/com/google/protobuf/protobuf-java-util/3.5.1/protobuf-java-util-3.5.1.jar:/home/user/.m2/repository/org/apache/hadoop/hadoop-hdds-config/0.5.0-SNAPSHOT/hadoop-hdds-config-0.5.0-SNAPSHOT.jar:/home/user/.m2/repository/io/grpc/grpc-netty/1.17.1/grpc-netty-1.17.1.jar:/home/user/.m2/repository/io/grpc/grpc-core/1.17.1/grpc-core-1.17.1.jar:/home/user/.m2/repository/io/grpc/grpc-context/1.17.1/grpc-context-1.17.1.jar:/home/user/.m2/repository/com/google/errorprone/error_prone_annotations/2.2.0/error_prone_annotations-2.2.0.jar:/home/user/.m2/repository/org/codehaus/mojo/animal-sniffer-annotations/1.17/animal-sniffer-annotations-1.17.jar:/home/user/.m2/repository/io/opencensus/opencensus-api/0.17.0/opencensus-api-0.17.0.jar:/home/user/.m2/repository/io/opencensus/opencensus-contrib-grpc-metrics/0.17.0/opencensus-contrib-grpc-metrics-0.17.0.jar:/home/user/.m2/repository/io/netty/netty-codec-http2/4.1.30.Final/netty-codec-http2-4.1.30.Final.jar:/home/user/.m2/repository/io/netty/netty-codec-http/4.1.30.Final/netty-codec-http-4.1.30.Final.jar:/home/user/.m2/repository/io/netty/netty-codec/4.1.30.Final/netty-codec-4.1.30.Final.jar:/home/user/.m2/repository/io/netty/netty-handler/4.1.30.Final/netty-handler-4.1.30.Final.jar:/home/user/.m2/repository/io/netty/netty-handler-proxy/4.1.30.Final/netty-handler-proxy-4.1.30.Final.jar:/home/user/.m2/repository/io/netty/netty-codec-socks/4.1.30.Final/netty-codec-socks-4.1.30.Final.jar:/home/user/.m2/repository/io/netty/netty-transport-native-epoll/4.1.30.Final/netty-transport-native-epoll-4.1.30.Final.jar:/home/user/.m2/repository/io/netty/netty-common/4.1.30.Final/netty-common-4.1.30.Final.jar:/home/user/.m2/repository/io/netty/netty-buffer/4.1.30.Final/netty-buffer-4.1.30.Final.jar:/home/user/.m2/repository/io/netty/netty-transport/4.1.30.Final/netty-transport-4.1.30.Final.jar:/home/user/.m2/repository/io/netty/netty-resolver/4.1.30.Final/netty-resolver-4.1.30.Final.jar:/home/user/.m2/repository/io/netty/netty-transport-native-unix-common/4.1.30.Final/netty-transport-native-unix-common-4.1.30.Final.jar:/home/user/.m2/repository/io/grpc/grpc-protobuf/1.17.1/grpc-protobuf-1.17.1.jar:/home/user/.m2/repository/com/google/api/grpc/proto-google-common-protos/1.0.0/proto-google-common-protos-1.0.0.jar:/home/user/.m2/repository/io/grpc/grpc-protobuf-lite/1.17.1/grpc-protobuf-lite-1.17.1.jar:/home/user/.m2/repository/io/grpc/grpc-stub/1.17.1/grpc-stub-1.17.1.jar:/home/user/.m2/repository/org/apache/hadoop/hadoop-ozone-recon/0.5.0-SNAPSHOT/hadoop-ozone-recon-0.5.0-SNAPSHOT.jar:/home/user/.m2/repository/org/apache/hadoop/hadoop-ozone-reconcodegen/0.5.0-SNAPSHOT/hadoop-ozone-reconcodegen-0.5.0-SNAPSHOT.jar:/home/user/.m2/repository/com/google/inject/extensions/guice-multibindings/4.0/guice-multibindings-4.0.jar:/home/user/.m2/repository/com/google/inject/guice/4.0/guice-4.0.jar:/home/user/.m2/repository/aopalliance/aopalliance/1.0/aopalliance-1.0.jar:/home/user/.m2/repository/com/google/inject/extensions/guice-servlet/4.0/guice-servlet-4.0.jar:/home/user/.m2/repository/org/glassfish/jersey/containers/jersey-container-servlet/2.27/jersey-container-servlet-2.27.jar:/home/user/.m2/repository/org/glassfish/hk2/guice-bridge/2.5.0/guice-bridge-2.5.0.jar:/home/user/.m2/repository/org/glassfish/jersey/core/jersey-server/2.27/jersey-server-2.27.jar:/home/user/.m2/repository/org/glassfish/jersey/core/jersey-client/2.27/jersey-client-2.27.jar:/home/user/.m2/repository/org/glassfish/jersey/media/jersey-media-jaxb/2.27/jersey-media-jaxb-2.27.jar:/home/user/.m2/repository/javax/validation/validation-api/1.1.0.Final/validation-api-1.1.0.Final.jar:/home/user/.m2/repository/org/glassfish/jersey/media/jersey-media-json-jackson/2.27/jersey-media-json-jackson-2.27.jar:/home/user/.m2/repository/org/glassfish/jersey/ext/jersey-entity-filtering/2.27/jersey-entity-filtering-2.27.jar:/home/user/.m2/repository/com/google/inject/extensions/guice-assistedinject/4.0/guice-assistedinject-4.0.jar:/home/user/.m2/repository/org/jooq/jooq/3.11.10/jooq-3.11.10.jar:/home/user/.m2/repository/org/jooq/jooq-meta/3.11.10/jooq-meta-3.11.10.jar:/home/user/.m2/repository/org/jooq/jooq-codegen/3.11.10/jooq-codegen-3.11.10.jar:/home/user/.m2/repository/com/jolbox/bonecp/0.8.0.RELEASE/bonecp-0.8.0.RELEASE.jar:/home/user/.m2/repository/org/xerial/sqlite-jdbc/3.25.2/sqlite-jdbc-3.25.2.jar:/home/user/.m2/repository/org/springframework/spring-jdbc/5.1.3.RELEASE/spring-jdbc-5.1.3.RELEASE.jar:/home/user/.m2/repository/org/springframework/spring-beans/5.1.3.RELEASE/spring-beans-5.1.3.RELEASE.jar:/home/user/.m2/repository/org/springframework/spring-core/5.1.3.RELEASE/spring-core-5.1.3.RELEASE.jar:/home/user/.m2/repository/org/springframework/spring-jcl/5.1.3.RELEASE/spring-jcl-5.1.3.RELEASE.jar:/home/user/.m2/repository/org/springframework/spring-tx/5.1.3.RELEASE/spring-tx-5.1.3.RELEASE.jar:/home/user/.m2/repository/org/apache/hadoop/hadoop-ozone-client/0.5.0-SNAPSHOT/hadoop-ozone-client-0.5.0-SNAPSHOT.jar:/home/user/.m2/repository/commons-lang/commons-lang/2.6/commons-lang-2.6.jar:/home/user/.m2/repository/org/apache/hadoop/hadoop-ozone-ozone-manager/0.5.0-SNAPSHOT/hadoop-ozone-ozone-manager-0.5.0-SNAPSHOT-tests.jar:/home/user/.m2/repository/junit/junit/4.11/junit-4.11.jar:/home/user/.m2/repository/org/hamcrest/hamcrest-core/1.3/hamcrest-core-1.3.jar:/home/user/.m2/repository/org/openjdk/jmh/jmh-core/1.19/jmh-core-1.19.jar:/home/user/.m2/repository/net/sf/jopt-simple/jopt-simple/4.6/jopt-simple-4.6.jar:/home/user/.m2/repository/org/apache/commons/commons-math3/3.1.1/commons-math3-3.1.1.jar:/home/user/.m2/repository/org/openjdk/jmh/jmh-generator-annprocess/1.19/jmh-generator-annprocess-1.19.jar:/home/user/.m2/repository/org/mockito/mockito-all/1.8.5/mockito-all-1.8.5.jar:/home/user/.m2/repository/org/apache/hadoop/hadoop-kms/3.2.0/hadoop-kms-3.2.0.jar:/home/user/.m2/repository/org/apache/hadoop/hadoop-auth/3.2.0/hadoop-auth-3.2.0.jar:/home/user/.m2/repository/com/nimbusds/nimbus-jose-jwt/4.41.1/nimbus-jose-jwt-4.41.1.jar:/home/user/.m2/repository/com/github/stephenc/jcip/jcip-annotations/1.0-1/jcip-annotations-1.0-1.jar:/home/user/.m2/repository/net/minidev/json-smart/2.3/json-smart-2.3.jar:/home/user/.m2/repository/net/minidev/accessors-smart/1.2/accessors-smart-1.2.jar:/home/user/.m2/repository/org/ow2/asm/asm/5.0.4/asm-5.0.4.jar:/home/user/.m2/repository/org/apache/curator/curator-framework/2.12.0/curator-framework-2.12.0.jar:/home/user/.m2/repository/com/sun/jersey/jersey-core/1.19/jersey-core-1.19.jar:/home/user/.m2/repository/javax/ws/rs/jsr311-api/1.1.1/jsr311-api-1.1.1.jar:/home/user/.m2/repository/com/sun/jersey/jersey-server/1.19/jersey-server-1.19.jar:/home/user/.m2/repository/javax/servlet/javax.servlet-api/3.1.0/javax.servlet-api-3.1.0.jar:/home/user/.m2/repository/org/eclipse/jetty/jetty-server/9.3.25.v20180904/jetty-server-9.3.25.v20180904.jar:/home/user/.m2/repository/org/eclipse/jetty/jetty-http/9.3.25.v20180904/jetty-http-9.3.25.v20180904.jar:/home/user/.m2/repository/org/eclipse/jetty/jetty-io/9.3.25.v20180904/jetty-io-9.3.25.v20180904.jar:/home/user/.m2/repository/org/eclipse/jetty/jetty-webapp/9.3.25.v20180904/jetty-webapp-9.3.25.v20180904.jar:/home/user/.m2/repository/org/eclipse/jetty/jetty-xml/9.3.25.v20180904/jetty-xml-9.3.25.v20180904.jar:/home/user/.m2/repository/log4j/log4j/1.2.17/log4j-1.2.17.jar:/home/user/.m2/repository/org/slf4j/slf4j-api/1.7.25/slf4j-api-1.7.25.jar:/home/user/.m2/repository/org/slf4j/jul-to-slf4j/1.7.25/jul-to-slf4j-1.7.25.jar:/home/user/.m2/repository/org/eclipse/jetty/jetty-util/9.3.25.v20180904/jetty-util-9.3.25.v20180904.jar:/home/user/.m2/repository/com/fasterxml/jackson/core/jackson-databind/2.9.9/jackson-databind-2.9.9.jar:/home/user/.m2/repository/org/apache/hadoop/hadoop-kms/3.2.0/hadoop-kms-3.2.0-tests.jar:/home/user/.m2/repository/org/apache/hadoop/hadoop-hdds-server-scm/0.5.0-SNAPSHOT/hadoop-hdds-server-scm-0.5.0-SNAPSHOT-tests.jar:/home/user/.m2/repository/org/apache/hadoop/hadoop-hdds-container-service/0.5.0-SNAPSHOT/hadoop-hdds-container-service-0.5.0-SNAPSHOT-tests.jar:/home/user/.m2/repository/org/yaml/snakeyaml/1.16/snakeyaml-1.16.jar:/home/user/.m2/repository/org/apache/hadoop/hadoop-common/3.2.0/hadoop-common-3.2.0-tests.jar:/home/user/.m2/repository/org/apache/hadoop/hadoop-annotations/3.2.0/hadoop-annotations-3.2.0.jar:/usr/lib/jvm/java-1.8-openjdk/jre/../lib/tools.jar:/home/user/.m2/repository/commons-cli/commons-cli/1.2/commons-cli-1.2.jar:/home/user/.m2/repository/org/apache/httpcomponents/httpclient/4.5.2/httpclient-4.5.2.jar:/home/user/.m2/repository/org/apache/httpcomponents/httpcore/4.4.4/httpcore-4.4.4.jar:/home/user/.m2/repository/commons-codec/commons-codec/1.11/commons-codec-1.11.jar:/home/user/.m2/repository/commons-net/commons-net/3.6/commons-net-3.6.jar:/home/user/.m2/repository/commons-collections/commons-collections/3.2.2/commons-collections-3.2.2.jar:/home/user/.m2/repository/org/eclipse/jetty/jetty-servlet/9.3.25.v20180904/jetty-servlet-9.3.25.v20180904.jar:/home/user/.m2/repository/org/eclipse/jetty/jetty-security/9.3.25.v20180904/jetty-security-9.3.25.v20180904.jar:/home/user/.m2/repository/javax/servlet/jsp/jsp-api/2.1/jsp-api-2.1.jar:/home/user/.m2/repository/com/sun/jersey/jersey-servlet/1.19/jersey-servlet-1.19.jar:/home/user/.m2/repository/com/sun/jersey/jersey-json/1.19/jersey-json-1.19.jar:/home/user/.m2/repository/org/codehaus/jettison/jettison/1.1/jettison-1.1.jar:/home/user/.m2/repository/org/codehaus/jackson/jackson-core-asl/1.9.13/jackson-core-asl-1.9.13.jar:/home/user/.m2/repository/org/codehaus/jackson/jackson-mapper-asl/1.9.13/jackson-mapper-asl-1.9.13.jar:/home/user/.m2/repository/org/codehaus/jackson/jackson-jaxrs/1.9.13/jackson-jaxrs-1.9.13.jar:/home/user/.m2/repository/org/codehaus/jackson/jackson-xc/1.9.13/jackson-xc-1.9.13.jar:/home/user/.m2/repository/commons-logging/commons-logging/1.1.3/commons-logging-1.1.3.jar:/home/user/.m2/repository/commons-beanutils/commons-beanutils/1.9.4/commons-beanutils-1.9.4.jar:/home/user/.m2/repository/org/apache/commons/commons-configuration2/2.1.1/commons-configuration2-2.1.1.jar:/home/user/.m2/repository/org/apache/commons/commons-lang3/3.7/commons-lang3-3.7.jar:/home/user/.m2/repository/org/apache/commons/commons-text/1.4/commons-text-1.4.jar:/home/user/.m2/repository/org/apache/avro/avro/1.7.7/avro-1.7.7.jar:/home/user/.m2/repository/com/thoughtworks/paranamer/paranamer/2.3/paranamer-2.3.jar:/home/user/.m2/repository/org/xerial/snappy/snappy-java/1.0.5/snappy-java-1.0.5.jar:/home/user/.m2/repository/com/google/re2j/re2j/1.1/re2j-1.1.jar:/home/user/.m2/repository/com/google/code/gson/gson/2.2.4/gson-2.2.4.jar:/home/user/.m2/repository/com/jcraft/jsch/0.1.54/jsch-0.1.54.jar:/home/user/.m2/repository/org/apache/curator/curator-client/2.12.0/curator-client-2.12.0.jar:/home/user/.m2/repository/org/apache/curator/curator-recipes/2.12.0/curator-recipes-2.12.0.jar:/home/user/.m2/repository/com/google/code/findbugs/jsr305/3.0.0/jsr305-3.0.0.jar:/home/user/.m2/repository/org/apache/htrace/htrace-core4/4.1.0-incubating/htrace-core4-4.1.0-incubating.jar:/home/user/.m2/repository/org/apache/zookeeper/zookeeper/3.4.13/zookeeper-3.4.13.jar:/home/user/.m2/repository/jline/jline/0.9.94/jline-0.9.94.jar:/home/user/.m2/repository/org/apache/yetus/audience-annotations/0.5.0/audience-annotations-0.5.0.jar:/home/user/.m2/repository/org/codehaus/woodstox/stax2-api/3.1.4/stax2-api-3.1.4.jar:/home/user/.m2/repository/com/fasterxml/woodstox/woodstox-core/5.0.3/woodstox-core-5.0.3.jar:/home/user/.m2/repository/dnsjava/dnsjava/2.1.7/dnsjava-2.1.7.jar:/home/user/.m2/repository/org/apache/hadoop/hadoop-hdfs/3.2.0/hadoop-hdfs-3.2.0-tests.jar:/home/user/.m2/repository/org/eclipse/jetty/jetty-util-ajax/9.3.25.v20180904/jetty-util-ajax-9.3.25.v20180904.jar:/home/user/.m2/repository/commons-daemon/commons-daemon/1.0.13/commons-daemon-1.0.13.jar:/home/user/.m2/repository/io/netty/netty/3.10.5.Final/netty-3.10.5.Final.jar:/home/user/.m2/repository/io/netty/netty-all/4.0.52.Final/netty-all-4.0.52.Final.jar:/home/user/.m2/repository/org/fusesource/leveldbjni/leveldbjni-all/1.8/leveldbjni-all-1.8.jar:"/>
    <property name="java.vm.vendor" value="IcedTea"/>
    <property name="sun.arch.data.model" value="64"/>
    <property name="test.build.dir" value="/workdir/hadoop-ozone/integration-test/target/test-dir"/>
    <property name="test.cache.data" value=""/>
    <property name="java.vendor.url" value="https://icedtea.classpath.org"/>
    <property name="user.timezone" value=""/>
    <property name="java.vm.specification.version" value="1.8"/>
    <property name="os.name" value="Linux"/>
    <property name="test.build.data" value="/workdir/hadoop-ozone/integration-test/target/test-dir"/>
    <property name="user.country" value="US"/>
    <property name="sun.java.launcher" value="SUN_STANDARD"/>
    <property name="sun.boot.library.path" value="/usr/lib/jvm/java-1.8-openjdk/jre/lib/amd64"/>
    <property name="sun.java.command" value="/workdir/hadoop-ozone/integration-test/target/surefire/surefirebooter5090513575242021555.jar /workdir/hadoop-ozone/integration-test/target/surefire 2019-09-25T04-13-15_280-jvmRun1 surefire5433872339229169483tmp surefire_517087221088000630575tmp"/>
    <property name="test" value="!TestMiniChaosOzoneCluster"/>
    <property name="surefire.test.class.path" value="/workdir/hadoop-ozone/integration-test/target/test-classes:/workdir/hadoop-ozone/integration-test/target/classes:/home/user/.m2/repository/org/apache/hadoop/hadoop-ozone-common/0.5.0-SNAPSHOT/hadoop-ozone-common-0.5.0-SNAPSHOT.jar:/home/user/.m2/repository/org/apache/commons/commons-compress/1.4.1/commons-compress-1.4.1.jar:/home/user/.m2/repository/org/tukaani/xz/1.0/xz-1.0.jar:/home/user/.m2/repository/org/apache/hadoop/hadoop-common/3.2.0/hadoop-common-3.2.0.jar:/home/user/.m2/repository/org/apache/hadoop/hadoop-hdfs/3.2.0/hadoop-hdfs-3.2.0.jar:/home/user/.m2/repository/org/apache/hadoop/hadoop-hdfs-client/3.2.0/hadoop-hdfs-client-3.2.0.jar:/home/user/.m2/repository/com/fasterxml/jackson/core/jackson-annotations/2.9.9/jackson-annotations-2.9.9.jar:/home/user/.m2/repository/org/apache/hadoop/hadoop-hdds-common/0.5.0-SNAPSHOT/hadoop-hdds-common-0.5.0-SNAPSHOT.jar:/home/user/.m2/repository/javax/annotation/javax.annotation-api/1.2/javax.annotation-api-1.2.jar:/home/user/.m2/repository/org/apache/ratis/ratis-server/0.4.0/ratis-server-0.4.0.jar:/home/user/.m2/repository/org/apache/ratis/ratis-thirdparty-misc/0.2.0/ratis-thirdparty-misc-0.2.0.jar:/home/user/.m2/repository/org/apache/ratis/ratis-proto/0.4.0/ratis-proto-0.4.0.jar:/home/user/.m2/repository/org/apache/ratis/ratis-common/0.4.0/ratis-common-0.4.0.jar:/home/user/.m2/repository/org/apache/ratis/ratis-client/0.4.0/ratis-client-0.4.0.jar:/home/user/.m2/repository/org/apache/ratis/ratis-metrics/0.4.0/ratis-metrics-0.4.0.jar:/home/user/.m2/repository/com/github/joshelser/dropwizard-metrics-hadoop-metrics2-reporter/0.1.2/dropwizard-metrics-hadoop-metrics2-reporter-0.1.2.jar:/home/user/.m2/repository/io/dropwizard/metrics/metrics-jvm/3.2.5/metrics-jvm-3.2.5.jar:/home/user/.m2/repository/io/dropwizard/metrics/metrics-ganglia/3.2.5/metrics-ganglia-3.2.5.jar:/home/user/.m2/repository/info/ganglia/gmetric4j/gmetric4j/1.0.7/gmetric4j-1.0.7.jar:/home/user/.m2/repository/org/apache/ratis/ratis-netty/0.4.0/ratis-netty-0.4.0.jar:/home/user/.m2/repository/org/apache/ratis/ratis-grpc/0.4.0/ratis-grpc-0.4.0.jar:/home/user/.m2/repository/org/rocksdb/rocksdbjni/6.0.1/rocksdbjni-6.0.1.jar:/home/user/.m2/repository/org/apache/logging/log4j/log4j-api/2.11.0/log4j-api-2.11.0.jar:/home/user/.m2/repository/org/apache/logging/log4j/log4j-core/2.11.0/log4j-core-2.11.0.jar:/home/user/.m2/repository/com/lmax/disruptor/3.4.2/disruptor-3.4.2.jar:/home/user/.m2/repository/org/apache/commons/commons-pool2/2.6.0/commons-pool2-2.6.0.jar:/home/user/.m2/repository/org/bouncycastle/bcpkix-jdk15on/1.60/bcpkix-jdk15on-1.60.jar:/home/user/.m2/repository/commons-validator/commons-validator/1.6/commons-validator-1.6.jar:/home/user/.m2/repository/commons-digester/commons-digester/1.8.1/commons-digester-1.8.1.jar:/home/user/.m2/repository/io/jaegertracing/jaeger-client/0.34.0/jaeger-client-0.34.0.jar:/home/user/.m2/repository/io/jaegertracing/jaeger-thrift/0.34.0/jaeger-thrift-0.34.0.jar:/home/user/.m2/repository/org/apache/thrift/libthrift/0.12.0/libthrift-0.12.0.jar:/home/user/.m2/repository/com/squareup/okhttp3/okhttp/3.9.0/okhttp-3.9.0.jar:/home/user/.m2/repository/com/squareup/okio/okio/1.13.0/okio-1.13.0.jar:/home/user/.m2/repository/io/jaegertracing/jaeger-core/0.34.0/jaeger-core-0.34.0.jar:/home/user/.m2/repository/io/jaegertracing/jaeger-tracerresolver/0.34.0/jaeger-tracerresolver-0.34.0.jar:/home/user/.m2/repository/io/opentracing/contrib/opentracing-tracerresolver/0.1.5/opentracing-tracerresolver-0.1.5.jar:/home/user/.m2/repository/io/opentracing/opentracing-util/0.31.0/opentracing-util-0.31.0.jar:/home/user/.m2/repository/io/opentracing/opentracing-api/0.31.0/opentracing-api-0.31.0.jar:/home/user/.m2/repository/io/opentracing/opentracing-noop/0.31.0/opentracing-noop-0.31.0.jar:/home/user/.m2/repository/org/apache/hadoop/hadoop-hdds-server-framework/0.5.0-SNAPSHOT/hadoop-hdds-server-framework-0.5.0-SNAPSHOT.jar:/home/user/.m2/repository/org/apache/hadoop/hadoop-hdds-container-service/0.5.0-SNAPSHOT/hadoop-hdds-container-service-0.5.0-SNAPSHOT.jar:/home/user/.m2/repository/org/apache/hadoop/hadoop-hdds-client/0.5.0-SNAPSHOT/hadoop-hdds-client-0.5.0-SNAPSHOT.jar:/home/user/.m2/repository/org/apache/hadoop/hadoop-hdds-tools/0.5.0-SNAPSHOT/hadoop-hdds-tools-0.5.0-SNAPSHOT.jar:/home/user/.m2/repository/org/apache/hadoop/hadoop-hdds-server-scm/0.5.0-SNAPSHOT/hadoop-hdds-server-scm-0.5.0-SNAPSHOT.jar:/home/user/.m2/repository/org/apache/hadoop/hadoop-hdds-docs/0.5.0-SNAPSHOT/hadoop-hdds-docs-0.5.0-SNAPSHOT.jar:/home/user/.m2/repository/io/dropwizard/metrics/metrics-core/3.2.4/metrics-core-3.2.4.jar:/home/user/.m2/repository/org/hamcrest/hamcrest-all/1.3/hamcrest-all-1.3.jar:/home/user/.m2/repository/org/bouncycastle/bcprov-jdk15on/1.60/bcprov-jdk15on-1.60.jar:/home/user/.m2/repository/info/picocli/picocli/3.9.6/picocli-3.9.6.jar:/home/user/.m2/repository/com/google/protobuf/protobuf-java/2.5.0/protobuf-java-2.5.0.jar:/home/user/.m2/repository/com/google/guava/guava/11.0.2/guava-11.0.2.jar:/home/user/.m2/repository/org/apache/hadoop/hadoop-ozone-ozone-manager/0.5.0-SNAPSHOT/hadoop-ozone-ozone-manager-0.5.0-SNAPSHOT.jar:/home/user/.m2/repository/org/apache/hadoop/hadoop-minikdc/3.2.0/hadoop-minikdc-3.2.0.jar:/home/user/.m2/repository/commons-io/commons-io/2.5/commons-io-2.5.jar:/home/user/.m2/repository/org/apache/kerby/kerb-simplekdc/1.0.1/kerb-simplekdc-1.0.1.jar:/home/user/.m2/repository/org/apache/kerby/kerb-client/1.0.1/kerb-client-1.0.1.jar:/home/user/.m2/repository/org/apache/kerby/kerby-config/1.0.1/kerby-config-1.0.1.jar:/home/user/.m2/repository/org/apache/kerby/kerb-core/1.0.1/kerb-core-1.0.1.jar:/home/user/.m2/repository/org/apache/kerby/kerby-pkix/1.0.1/kerby-pkix-1.0.1.jar:/home/user/.m2/repository/org/apache/kerby/kerby-asn1/1.0.1/kerby-asn1-1.0.1.jar:/home/user/.m2/repository/org/apache/kerby/kerby-util/1.0.1/kerby-util-1.0.1.jar:/home/user/.m2/repository/org/apache/kerby/kerb-common/1.0.1/kerb-common-1.0.1.jar:/home/user/.m2/repository/org/apache/kerby/kerb-crypto/1.0.1/kerb-crypto-1.0.1.jar:/home/user/.m2/repository/org/apache/kerby/kerb-util/1.0.1/kerb-util-1.0.1.jar:/home/user/.m2/repository/org/apache/kerby/token-provider/1.0.1/token-provider-1.0.1.jar:/home/user/.m2/repository/org/apache/kerby/kerb-admin/1.0.1/kerb-admin-1.0.1.jar:/home/user/.m2/repository/org/apache/kerby/kerb-server/1.0.1/kerb-server-1.0.1.jar:/home/user/.m2/repository/org/apache/kerby/kerb-identity/1.0.1/kerb-identity-1.0.1.jar:/home/user/.m2/repository/org/apache/kerby/kerby-xdr/1.0.1/kerby-xdr-1.0.1.jar:/home/user/.m2/repository/org/slf4j/slf4j-log4j12/1.7.25/slf4j-log4j12-1.7.25.jar:/home/user/.m2/repository/org/apache/hadoop/hadoop-ozone-s3gateway/0.5.0-SNAPSHOT/hadoop-ozone-s3gateway-0.5.0-SNAPSHOT.jar:/home/user/.m2/repository/org/jboss/weld/servlet/weld-servlet/2.4.7.Final/weld-servlet-2.4.7.Final.jar:/home/user/.m2/repository/org/glassfish/jersey/containers/jersey-container-servlet-core/2.27/jersey-container-servlet-core-2.27.jar:/home/user/.m2/repository/org/glassfish/hk2/external/javax.inject/2.5.0-b42/javax.inject-2.5.0-b42.jar:/home/user/.m2/repository/org/glassfish/jersey/core/jersey-common/2.27/jersey-common-2.27.jar:/home/user/.m2/repository/org/glassfish/hk2/osgi-resource-locator/1.0.1/osgi-resource-locator-1.0.1.jar:/home/user/.m2/repository/javax/ws/rs/javax.ws.rs-api/2.1/javax.ws.rs-api-2.1.jar:/home/user/.m2/repository/org/glassfish/jersey/ext/cdi/jersey-cdi1x/2.27/jersey-cdi1x-2.27.jar:/home/user/.m2/repository/org/glassfish/jersey/inject/jersey-hk2/2.27/jersey-hk2-2.27.jar:/home/user/.m2/repository/org/glassfish/hk2/hk2-locator/2.5.0-b42/hk2-locator-2.5.0-b42.jar:/home/user/.m2/repository/org/javassist/javassist/3.22.0-CR2/javassist-3.22.0-CR2.jar:/home/user/.m2/repository/org/glassfish/hk2/hk2-api/2.5.0/hk2-api-2.5.0.jar:/home/user/.m2/repository/org/glassfish/hk2/external/jakarta.inject/2.5.0/jakarta.inject-2.5.0.jar:/home/user/.m2/repository/org/glassfish/hk2/hk2-utils/2.5.0/hk2-utils-2.5.0.jar:/home/user/.m2/repository/jakarta/annotation/jakarta.annotation-api/1.3.4/jakarta.annotation-api-1.3.4.jar:/home/user/.m2/repository/org/glassfish/hk2/external/aopalliance-repackaged/2.5.0/aopalliance-repackaged-2.5.0.jar:/home/user/.m2/repository/com/fasterxml/jackson/dataformat/jackson-dataformat-xml/2.9.0/jackson-dataformat-xml-2.9.0.jar:/home/user/.m2/repository/com/fasterxml/jackson/core/jackson-core/2.9.9/jackson-core-2.9.9.jar:/home/user/.m2/repository/com/fasterxml/jackson/module/jackson-module-jaxb-annotations/2.9.9/jackson-module-jaxb-annotations-2.9.9.jar:/home/user/.m2/repository/javax/enterprise/cdi-api/1.2/cdi-api-1.2.jar:/home/user/.m2/repository/javax/el/javax.el-api/3.0.0/javax.el-api-3.0.0.jar:/home/user/.m2/repository/javax/interceptor/javax.interceptor-api/1.2/javax.interceptor-api-1.2.jar:/home/user/.m2/repository/javax/inject/javax.inject/1/javax.inject-1.jar:/home/user/.m2/repository/com/sun/xml/bind/jaxb-impl/2.3.0.1/jaxb-impl-2.3.0.1.jar:/home/user/.m2/repository/com/sun/xml/bind/jaxb-core/2.3.0.1/jaxb-core-2.3.0.1.jar:/home/user/.m2/repository/javax/xml/bind/jaxb-api/2.3.0/jaxb-api-2.3.0.jar:/home/user/.m2/repository/javax/activation/activation/1.1.1/activation-1.1.1.jar:/home/user/.m2/repository/org/apache/hadoop/hadoop-ozone-csi/0.5.0-SNAPSHOT/hadoop-ozone-csi-0.5.0-SNAPSHOT.jar:/home/user/.m2/repository/com/google/protobuf/protobuf-java-util/3.5.1/protobuf-java-util-3.5.1.jar:/home/user/.m2/repository/org/apache/hadoop/hadoop-hdds-config/0.5.0-SNAPSHOT/hadoop-hdds-config-0.5.0-SNAPSHOT.jar:/home/user/.m2/repository/io/grpc/grpc-netty/1.17.1/grpc-netty-1.17.1.jar:/home/user/.m2/repository/io/grpc/grpc-core/1.17.1/grpc-core-1.17.1.jar:/home/user/.m2/repository/io/grpc/grpc-context/1.17.1/grpc-context-1.17.1.jar:/home/user/.m2/repository/com/google/errorprone/error_prone_annotations/2.2.0/error_prone_annotations-2.2.0.jar:/home/user/.m2/repository/org/codehaus/mojo/animal-sniffer-annotations/1.17/animal-sniffer-annotations-1.17.jar:/home/user/.m2/repository/io/opencensus/opencensus-api/0.17.0/opencensus-api-0.17.0.jar:/home/user/.m2/repository/io/opencensus/opencensus-contrib-grpc-metrics/0.17.0/opencensus-contrib-grpc-metrics-0.17.0.jar:/home/user/.m2/repository/io/netty/netty-codec-http2/4.1.30.Final/netty-codec-http2-4.1.30.Final.jar:/home/user/.m2/repository/io/netty/netty-codec-http/4.1.30.Final/netty-codec-http-4.1.30.Final.jar:/home/user/.m2/repository/io/netty/netty-codec/4.1.30.Final/netty-codec-4.1.30.Final.jar:/home/user/.m2/repository/io/netty/netty-handler/4.1.30.Final/netty-handler-4.1.30.Final.jar:/home/user/.m2/repository/io/netty/netty-handler-proxy/4.1.30.Final/netty-handler-proxy-4.1.30.Final.jar:/home/user/.m2/repository/io/netty/netty-codec-socks/4.1.30.Final/netty-codec-socks-4.1.30.Final.jar:/home/user/.m2/repository/io/netty/netty-transport-native-epoll/4.1.30.Final/netty-transport-native-epoll-4.1.30.Final.jar:/home/user/.m2/repository/io/netty/netty-common/4.1.30.Final/netty-common-4.1.30.Final.jar:/home/user/.m2/repository/io/netty/netty-buffer/4.1.30.Final/netty-buffer-4.1.30.Final.jar:/home/user/.m2/repository/io/netty/netty-transport/4.1.30.Final/netty-transport-4.1.30.Final.jar:/home/user/.m2/repository/io/netty/netty-resolver/4.1.30.Final/netty-resolver-4.1.30.Final.jar:/home/user/.m2/repository/io/netty/netty-transport-native-unix-common/4.1.30.Final/netty-transport-native-unix-common-4.1.30.Final.jar:/home/user/.m2/repository/io/grpc/grpc-protobuf/1.17.1/grpc-protobuf-1.17.1.jar:/home/user/.m2/repository/com/google/api/grpc/proto-google-common-protos/1.0.0/proto-google-common-protos-1.0.0.jar:/home/user/.m2/repository/io/grpc/grpc-protobuf-lite/1.17.1/grpc-protobuf-lite-1.17.1.jar:/home/user/.m2/repository/io/grpc/grpc-stub/1.17.1/grpc-stub-1.17.1.jar:/home/user/.m2/repository/org/apache/hadoop/hadoop-ozone-recon/0.5.0-SNAPSHOT/hadoop-ozone-recon-0.5.0-SNAPSHOT.jar:/home/user/.m2/repository/org/apache/hadoop/hadoop-ozone-reconcodegen/0.5.0-SNAPSHOT/hadoop-ozone-reconcodegen-0.5.0-SNAPSHOT.jar:/home/user/.m2/repository/com/google/inject/extensions/guice-multibindings/4.0/guice-multibindings-4.0.jar:/home/user/.m2/repository/com/google/inject/guice/4.0/guice-4.0.jar:/home/user/.m2/repository/aopalliance/aopalliance/1.0/aopalliance-1.0.jar:/home/user/.m2/repository/com/google/inject/extensions/guice-servlet/4.0/guice-servlet-4.0.jar:/home/user/.m2/repository/org/glassfish/jersey/containers/jersey-container-servlet/2.27/jersey-container-servlet-2.27.jar:/home/user/.m2/repository/org/glassfish/hk2/guice-bridge/2.5.0/guice-bridge-2.5.0.jar:/home/user/.m2/repository/org/glassfish/jersey/core/jersey-server/2.27/jersey-server-2.27.jar:/home/user/.m2/repository/org/glassfish/jersey/core/jersey-client/2.27/jersey-client-2.27.jar:/home/user/.m2/repository/org/glassfish/jersey/media/jersey-media-jaxb/2.27/jersey-media-jaxb-2.27.jar:/home/user/.m2/repository/javax/validation/validation-api/1.1.0.Final/validation-api-1.1.0.Final.jar:/home/user/.m2/repository/org/glassfish/jersey/media/jersey-media-json-jackson/2.27/jersey-media-json-jackson-2.27.jar:/home/user/.m2/repository/org/glassfish/jersey/ext/jersey-entity-filtering/2.27/jersey-entity-filtering-2.27.jar:/home/user/.m2/repository/com/google/inject/extensions/guice-assistedinject/4.0/guice-assistedinject-4.0.jar:/home/user/.m2/repository/org/jooq/jooq/3.11.10/jooq-3.11.10.jar:/home/user/.m2/repository/org/jooq/jooq-meta/3.11.10/jooq-meta-3.11.10.jar:/home/user/.m2/repository/org/jooq/jooq-codegen/3.11.10/jooq-codegen-3.11.10.jar:/home/user/.m2/repository/com/jolbox/bonecp/0.8.0.RELEASE/bonecp-0.8.0.RELEASE.jar:/home/user/.m2/repository/org/xerial/sqlite-jdbc/3.25.2/sqlite-jdbc-3.25.2.jar:/home/user/.m2/repository/org/springframework/spring-jdbc/5.1.3.RELEASE/spring-jdbc-5.1.3.RELEASE.jar:/home/user/.m2/repository/org/springframework/spring-beans/5.1.3.RELEASE/spring-beans-5.1.3.RELEASE.jar:/home/user/.m2/repository/org/springframework/spring-core/5.1.3.RELEASE/spring-core-5.1.3.RELEASE.jar:/home/user/.m2/repository/org/springframework/spring-jcl/5.1.3.RELEASE/spring-jcl-5.1.3.RELEASE.jar:/home/user/.m2/repository/org/springframework/spring-tx/5.1.3.RELEASE/spring-tx-5.1.3.RELEASE.jar:/home/user/.m2/repository/org/apache/hadoop/hadoop-ozone-client/0.5.0-SNAPSHOT/hadoop-ozone-client-0.5.0-SNAPSHOT.jar:/home/user/.m2/repository/commons-lang/commons-lang/2.6/commons-lang-2.6.jar:/home/user/.m2/repository/org/apache/hadoop/hadoop-ozone-ozone-manager/0.5.0-SNAPSHOT/hadoop-ozone-ozone-manager-0.5.0-SNAPSHOT-tests.jar:/home/user/.m2/repository/junit/junit/4.11/junit-4.11.jar:/home/user/.m2/repository/org/hamcrest/hamcrest-core/1.3/hamcrest-core-1.3.jar:/home/user/.m2/repository/org/openjdk/jmh/jmh-core/1.19/jmh-core-1.19.jar:/home/user/.m2/repository/net/sf/jopt-simple/jopt-simple/4.6/jopt-simple-4.6.jar:/home/user/.m2/repository/org/apache/commons/commons-math3/3.1.1/commons-math3-3.1.1.jar:/home/user/.m2/repository/org/openjdk/jmh/jmh-generator-annprocess/1.19/jmh-generator-annprocess-1.19.jar:/home/user/.m2/repository/org/mockito/mockito-all/1.8.5/mockito-all-1.8.5.jar:/home/user/.m2/repository/org/apache/hadoop/hadoop-kms/3.2.0/hadoop-kms-3.2.0.jar:/home/user/.m2/repository/org/apache/hadoop/hadoop-auth/3.2.0/hadoop-auth-3.2.0.jar:/home/user/.m2/repository/com/nimbusds/nimbus-jose-jwt/4.41.1/nimbus-jose-jwt-4.41.1.jar:/home/user/.m2/repository/com/github/stephenc/jcip/jcip-annotations/1.0-1/jcip-annotations-1.0-1.jar:/home/user/.m2/repository/net/minidev/json-smart/2.3/json-smart-2.3.jar:/home/user/.m2/repository/net/minidev/accessors-smart/1.2/accessors-smart-1.2.jar:/home/user/.m2/repository/org/ow2/asm/asm/5.0.4/asm-5.0.4.jar:/home/user/.m2/repository/org/apache/curator/curator-framework/2.12.0/curator-framework-2.12.0.jar:/home/user/.m2/repository/com/sun/jersey/jersey-core/1.19/jersey-core-1.19.jar:/home/user/.m2/repository/javax/ws/rs/jsr311-api/1.1.1/jsr311-api-1.1.1.jar:/home/user/.m2/repository/com/sun/jersey/jersey-server/1.19/jersey-server-1.19.jar:/home/user/.m2/repository/javax/servlet/javax.servlet-api/3.1.0/javax.servlet-api-3.1.0.jar:/home/user/.m2/repository/org/eclipse/jetty/jetty-server/9.3.25.v20180904/jetty-server-9.3.25.v20180904.jar:/home/user/.m2/repository/org/eclipse/jetty/jetty-http/9.3.25.v20180904/jetty-http-9.3.25.v20180904.jar:/home/user/.m2/repository/org/eclipse/jetty/jetty-io/9.3.25.v20180904/jetty-io-9.3.25.v20180904.jar:/home/user/.m2/repository/org/eclipse/jetty/jetty-webapp/9.3.25.v20180904/jetty-webapp-9.3.25.v20180904.jar:/home/user/.m2/repository/org/eclipse/jetty/jetty-xml/9.3.25.v20180904/jetty-xml-9.3.25.v20180904.jar:/home/user/.m2/repository/log4j/log4j/1.2.17/log4j-1.2.17.jar:/home/user/.m2/repository/org/slf4j/slf4j-api/1.7.25/slf4j-api-1.7.25.jar:/home/user/.m2/repository/org/slf4j/jul-to-slf4j/1.7.25/jul-to-slf4j-1.7.25.jar:/home/user/.m2/repository/org/eclipse/jetty/jetty-util/9.3.25.v20180904/jetty-util-9.3.25.v20180904.jar:/home/user/.m2/repository/com/fasterxml/jackson/core/jackson-databind/2.9.9/jackson-databind-2.9.9.jar:/home/user/.m2/repository/org/apache/hadoop/hadoop-kms/3.2.0/hadoop-kms-3.2.0-tests.jar:/home/user/.m2/repository/org/apache/hadoop/hadoop-hdds-server-scm/0.5.0-SNAPSHOT/hadoop-hdds-server-scm-0.5.0-SNAPSHOT-tests.jar:/home/user/.m2/repository/org/apache/hadoop/hadoop-hdds-container-service/0.5.0-SNAPSHOT/hadoop-hdds-container-service-0.5.0-SNAPSHOT-tests.jar:/home/user/.m2/repository/org/yaml/snakeyaml/1.16/snakeyaml-1.16.jar:/home/user/.m2/repository/org/apache/hadoop/hadoop-common/3.2.0/hadoop-common-3.2.0-tests.jar:/home/user/.m2/repository/org/apache/hadoop/hadoop-annotations/3.2.0/hadoop-annotations-3.2.0.jar:/usr/lib/jvm/java-1.8-openjdk/jre/../lib/tools.jar:/home/user/.m2/repository/commons-cli/commons-cli/1.2/commons-cli-1.2.jar:/home/user/.m2/repository/org/apache/httpcomponents/httpclient/4.5.2/httpclient-4.5.2.jar:/home/user/.m2/repository/org/apache/httpcomponents/httpcore/4.4.4/httpcore-4.4.4.jar:/home/user/.m2/repository/commons-codec/commons-codec/1.11/commons-codec-1.11.jar:/home/user/.m2/repository/commons-net/commons-net/3.6/commons-net-3.6.jar:/home/user/.m2/repository/commons-collections/commons-collections/3.2.2/commons-collections-3.2.2.jar:/home/user/.m2/repository/org/eclipse/jetty/jetty-servlet/9.3.25.v20180904/jetty-servlet-9.3.25.v20180904.jar:/home/user/.m2/repository/org/eclipse/jetty/jetty-security/9.3.25.v20180904/jetty-security-9.3.25.v20180904.jar:/home/user/.m2/repository/javax/servlet/jsp/jsp-api/2.1/jsp-api-2.1.jar:/home/user/.m2/repository/com/sun/jersey/jersey-servlet/1.19/jersey-servlet-1.19.jar:/home/user/.m2/repository/com/sun/jersey/jersey-json/1.19/jersey-json-1.19.jar:/home/user/.m2/repository/org/codehaus/jettison/jettison/1.1/jettison-1.1.jar:/home/user/.m2/repository/org/codehaus/jackson/jackson-core-asl/1.9.13/jackson-core-asl-1.9.13.jar:/home/user/.m2/repository/org/codehaus/jackson/jackson-mapper-asl/1.9.13/jackson-mapper-asl-1.9.13.jar:/home/user/.m2/repository/org/codehaus/jackson/jackson-jaxrs/1.9.13/jackson-jaxrs-1.9.13.jar:/home/user/.m2/repository/org/codehaus/jackson/jackson-xc/1.9.13/jackson-xc-1.9.13.jar:/home/user/.m2/repository/commons-logging/commons-logging/1.1.3/commons-logging-1.1.3.jar:/home/user/.m2/repository/commons-beanutils/commons-beanutils/1.9.4/commons-beanutils-1.9.4.jar:/home/user/.m2/repository/org/apache/commons/commons-configuration2/2.1.1/commons-configuration2-2.1.1.jar:/home/user/.m2/repository/org/apache/commons/commons-lang3/3.7/commons-lang3-3.7.jar:/home/user/.m2/repository/org/apache/commons/commons-text/1.4/commons-text-1.4.jar:/home/user/.m2/repository/org/apache/avro/avro/1.7.7/avro-1.7.7.jar:/home/user/.m2/repository/com/thoughtworks/paranamer/paranamer/2.3/paranamer-2.3.jar:/home/user/.m2/repository/org/xerial/snappy/snappy-java/1.0.5/snappy-java-1.0.5.jar:/home/user/.m2/repository/com/google/re2j/re2j/1.1/re2j-1.1.jar:/home/user/.m2/repository/com/google/code/gson/gson/2.2.4/gson-2.2.4.jar:/home/user/.m2/repository/com/jcraft/jsch/0.1.54/jsch-0.1.54.jar:/home/user/.m2/repository/org/apache/curator/curator-client/2.12.0/curator-client-2.12.0.jar:/home/user/.m2/repository/org/apache/curator/curator-recipes/2.12.0/curator-recipes-2.12.0.jar:/home/user/.m2/repository/com/google/code/findbugs/jsr305/3.0.0/jsr305-3.0.0.jar:/home/user/.m2/repository/org/apache/htrace/htrace-core4/4.1.0-incubating/htrace-core4-4.1.0-incubating.jar:/home/user/.m2/repository/org/apache/zookeeper/zookeeper/3.4.13/zookeeper-3.4.13.jar:/home/user/.m2/repository/jline/jline/0.9.94/jline-0.9.94.jar:/home/user/.m2/repository/org/apache/yetus/audience-annotations/0.5.0/audience-annotations-0.5.0.jar:/home/user/.m2/repository/org/codehaus/woodstox/stax2-api/3.1.4/stax2-api-3.1.4.jar:/home/user/.m2/repository/com/fasterxml/woodstox/woodstox-core/5.0.3/woodstox-core-5.0.3.jar:/home/user/.m2/repository/dnsjava/dnsjava/2.1.7/dnsjava-2.1.7.jar:/home/user/.m2/repository/org/apache/hadoop/hadoop-hdfs/3.2.0/hadoop-hdfs-3.2.0-tests.jar:/home/user/.m2/repository/org/eclipse/jetty/jetty-util-ajax/9.3.25.v20180904/jetty-util-ajax-9.3.25.v20180904.jar:/home/user/.m2/repository/commons-daemon/commons-daemon/1.0.13/commons-daemon-1.0.13.jar:/home/user/.m2/repository/io/netty/netty/3.10.5.Final/netty-3.10.5.Final.jar:/home/user/.m2/repository/io/netty/netty-all/4.0.52.Final/netty-all-4.0.52.Final.jar:/home/user/.m2/repository/org/fusesource/leveldbjni/leveldbjni-all/1.8/leveldbjni-all-1.8.jar:"/>
    <property name="sun.cpu.endian" value="little"/>
    <property name="user.home" value="/home/user"/>
    <property name="user.language" value="en"/>
    <property name="java.specification.vendor" value="Oracle Corporation"/>
    <property name="java.home" value="/usr/lib/jvm/java-1.8-openjdk/jre"/>
    <property name="java.security.krb5.conf" value="/workdir/hadoop-ozone/integration-test/target/test-classes/krb5.conf"/>
    <property name="basedir" value="/workdir/hadoop-ozone/integration-test"/>
    <property name="file.separator" value="/"/>
    <property name="line.separator" value="&#10;"/>
    <property name="java.vm.specification.vendor" value="Oracle Corporation"/>
    <property name="java.specification.name" value="Java Platform API Specification"/>
    <property name="java.awt.graphicsenv" value="sun.awt.X11GraphicsEnvironment"/>
    <property name="surefire.real.class.path" value="/workdir/hadoop-ozone/integration-test/target/surefire/surefirebooter5090513575242021555.jar"/>
    <property name="hadoop.log.dir" value="/workdir/hadoop-ozone/integration-test/target/log"/>
    <property name="sun.boot.class.path" value="/usr/lib/jvm/java-1.8-openjdk/jre/lib/resources.jar:/usr/lib/jvm/java-1.8-openjdk/jre/lib/rt.jar:/usr/lib/jvm/java-1.8-openjdk/jre/lib/sunrsasign.jar:/usr/lib/jvm/java-1.8-openjdk/jre/lib/jsse.jar:/usr/lib/jvm/java-1.8-openjdk/jre/lib/jce.jar:/usr/lib/jvm/java-1.8-openjdk/jre/lib/charsets.jar:/usr/lib/jvm/java-1.8-openjdk/jre/lib/jfr.jar:/usr/lib/jvm/java-1.8-openjdk/jre/classes"/>
    <property name="sun.management.compiler" value="HotSpot 64-Bit Tiered Compilers"/>
    <property name="java.runtime.version" value="1.8.0_212-b04"/>
    <property name="java.net.preferIPv4Stack" value="true"/>
    <property name="user.name" value="jenkins1000"/>
    <property name="path.separator" value=":"/>
    <property name="java.security.egd" value="file:///dev/urandom"/>
    <property name="os.version" value="3.10.0-957.12.2.el7.x86_64"/>
    <property name="java.endorsed.dirs" value="/usr/lib/jvm/java-1.8-openjdk/jre/lib/endorsed"/>
    <property name="java.runtime.name" value="OpenJDK Runtime Environment"/>
    <property name="file.encoding" value="UTF-8"/>
    <property name="java.vm.name" value="OpenJDK 64-Bit Server VM"/>
    <property name="test.build.webapps" value=""/>
    <property name="localRepository" value="/home/user/.m2/repository"/>
    <property name="java.vendor.url.bug" value="https://icedtea.classpath.org/bugzilla"/>
    <property name="java.io.tmpdir" value="/tmp"/>
    <property name="require.test.libhadoop" value=""/>
    <property name="java.version" value="1.8.0_212"/>
    <property name="user.dir" value="/workdir/hadoop-ozone/integration-test"/>
    <property name="os.arch" value="amd64"/>
    <property name="java.vm.specification.name" value="Java Virtual Machine Specification"/>
    <property name="test.build.classes" value="/workdir/hadoop-ozone/integration-test/target/test-classes"/>
    <property name="java.awt.printerjob" value="sun.print.PSPrinterJob"/>
    <property name="sun.os.patch.level" value="unknown"/>
    <property name="hadoop.tmp.dir" value="/workdir/hadoop-ozone/integration-test/target/tmp"/>
    <property name="java.library.path" value="/usr/lib/jvm/java-1.8-openjdk/jre/lib/amd64/server:/usr/lib/jvm/java-1.8-openjdk/jre/lib/amd64:/usr/lib/jvm/java-1.8-openjdk/jre/../lib/amd64:/workdir/hadoop-ozone/integration-test/target/native/target/usr/local/lib:/workdir/hadoop-ozone/integration-test/../../hadoop-common-project/hadoop-common/target/native/target/usr/local/lib:/usr/java/packages/lib/amd64:/usr/lib64:/lib64:/lib:/usr/lib"/>
    <property name="java.vm.info" value="mixed mode"/>
    <property name="java.vendor" value="IcedTea"/>
    <property name="java.vm.version" value="25.212-b04"/>
    <property name="java.ext.dirs" value="/usr/lib/jvm/java-1.8-openjdk/jre/lib/ext:/usr/java/packages/lib/ext"/>
    <property name="sun.io.unicode.encoding" value="UnicodeLittle"/>
    <property name="java.class.version" value="52.0"/>
  </properties>
  <testcase name="testGroupMismatchExceptionHandling" classname="org.apache.hadoop.ozone.client.rpc.TestOzoneClientRetriesOnException" time="34.144">
    <error message="Allocated 0 blocks. Requested 1 blocks" type="INTERNAL_ERROR org.apache.hadoop.ozone.om.exceptions.OMException">INTERNAL_ERROR org.apache.hadoop.ozone.om.exceptions.OMException: Allocated 0 blocks. Requested 1 blocks
	at org.apache.hadoop.ozone.om.protocolPB.OzoneManagerProtocolClientSideTranslatorPB.handleError(OzoneManagerProtocolClientSideTranslatorPB.java:732)
	at org.apache.hadoop.ozone.om.protocolPB.OzoneManagerProtocolClientSideTranslatorPB.openKey(OzoneManagerProtocolClientSideTranslatorPB.java:723)
	at sun.reflect.NativeMethodAccessorImpl.invoke0(Native Method)
	at sun.reflect.NativeMethodAccessorImpl.invoke(NativeMethodAccessorImpl.java:62)
	at sun.reflect.DelegatingMethodAccessorImpl.invoke(DelegatingMethodAccessorImpl.java:43)
	at java.lang.reflect.Method.invoke(Method.java:498)
	at org.apache.hadoop.hdds.tracing.TraceAllMethod.invoke(TraceAllMethod.java:66)
	at com.sun.proxy.$Proxy37.openKey(Unknown Source)
	at org.apache.hadoop.ozone.client.rpc.RpcClient.createKey(RpcClient.java:614)
	at org.apache.hadoop.ozone.client.OzoneBucket.createKey(OzoneBucket.java:325)
	at org.apache.hadoop.ozone.container.ContainerTestHelper.createKey(ContainerTestHelper.java:695)
	at org.apache.hadoop.ozone.client.rpc.TestOzoneClientRetriesOnException.createKey(TestOzoneClientRetriesOnException.java:226)
	at org.apache.hadoop.ozone.client.rpc.TestOzoneClientRetriesOnException.testGroupMismatchExceptionHandling(TestOzoneClientRetriesOnException.java:129)
	at sun.reflect.NativeMethodAccessorImpl.invoke0(Native Method)
	at sun.reflect.NativeMethodAccessorImpl.invoke(NativeMethodAccessorImpl.java:62)
	at sun.reflect.DelegatingMethodAccessorImpl.invoke(DelegatingMethodAccessorImpl.java:43)
	at java.lang.reflect.Method.invoke(Method.java:498)
	at org.junit.runners.model.FrameworkMethod$1.runReflectiveCall(FrameworkMethod.java:47)
	at org.junit.internal.runners.model.ReflectiveCallable.run(ReflectiveCallable.java:12)
	at org.junit.runners.model.FrameworkMethod.invokeExplosively(FrameworkMethod.java:44)
	at org.junit.internal.runners.statements.InvokeMethod.evaluate(InvokeMethod.java:17)
	at org.junit.internal.runners.statements.RunBefores.evaluate(RunBefores.java:26)
	at org.junit.internal.runners.statements.RunAfters.evaluate(RunAfters.java:27)
	at org.junit.runners.ParentRunner.runLeaf(ParentRunner.java:271)
	at org.junit.runners.BlockJUnit4ClassRunner.runChild(BlockJUnit4ClassRunner.java:70)
	at org.junit.runners.BlockJUnit4ClassRunner.runChild(BlockJUnit4ClassRunner.java:50)
	at org.junit.runners.ParentRunner$3.run(ParentRunner.java:238)
	at org.junit.runners.ParentRunner$1.schedule(ParentRunner.java:63)
	at org.junit.runners.ParentRunner.runChildren(ParentRunner.java:236)
	at org.junit.runners.ParentRunner.access$000(ParentRunner.java:53)
	at org.junit.runners.ParentRunner$2.evaluate(ParentRunner.java:229)
	at org.junit.runners.ParentRunner.run(ParentRunner.java:309)
	at org.apache.maven.surefire.junit4.JUnit4Provider.execute(JUnit4Provider.java:365)
	at org.apache.maven.surefire.junit4.JUnit4Provider.executeWithRerun(JUnit4Provider.java:273)
	at org.apache.maven.surefire.junit4.JUnit4Provider.executeTestSet(JUnit4Provider.java:238)
	at org.apache.maven.surefire.junit4.JUnit4Provider.invoke(JUnit4Provider.java:159)
	at org.apache.maven.surefire.booter.ForkedBooter.invokeProviderInSameClassLoader(ForkedBooter.java:384)
	at org.apache.maven.surefire.booter.ForkedBooter.runSuitesInProcess(ForkedBooter.java:345)
	at org.apache.maven.surefire.booter.ForkedBooter.execute(ForkedBooter.java:126)
	at org.apache.maven.surefire.booter.ForkedBooter.main(ForkedBooter.java:418)
</error>
    <system-out><![CDATA[2019-09-25 04:51:41,291 [main] WARN  server.ServerUtils (ServerUtils.java:getScmDbDir(145)) - ozone.scm.db.dirs is not configured. We recommend adding this setting. Falling back to ozone.metadata.dirs instead.
2019-09-25 04:51:41,425 [main] WARN  server.ServerUtils (ServerUtils.java:getScmDbDir(145)) - ozone.scm.db.dirs is not configured. We recommend adding this setting. Falling back to ozone.metadata.dirs instead.
2019-09-25 04:51:41,429 [main] WARN  server.ServerUtils (ServerUtils.java:getScmDbDir(145)) - ozone.scm.db.dirs is not configured. We recommend adding this setting. Falling back to ozone.metadata.dirs instead.
2019-09-25 04:51:41,450 [main] INFO  util.log (Log.java:initialized(192)) - Logging initialized @960ms
2019-09-25 04:51:41,556 [main] INFO  db.DBStoreBuilder (DBStoreBuilder.java:addTable(110)) - using custom profile for table: deletedBlocks
2019-09-25 04:51:41,556 [main] INFO  db.DBStoreBuilder (DBStoreBuilder.java:processTables(161)) - Using default column profile:DBProfile.DISK for Table:deletedBlocks
2019-09-25 04:51:41,557 [main] INFO  db.DBStoreBuilder (DBStoreBuilder.java:addTable(110)) - using custom profile for table: validCerts
2019-09-25 04:51:41,557 [main] INFO  db.DBStoreBuilder (DBStoreBuilder.java:processTables(161)) - Using default column profile:DBProfile.DISK for Table:validCerts
2019-09-25 04:51:41,557 [main] INFO  db.DBStoreBuilder (DBStoreBuilder.java:addTable(110)) - using custom profile for table: revokedCerts
2019-09-25 04:51:41,557 [main] INFO  db.DBStoreBuilder (DBStoreBuilder.java:processTables(161)) - Using default column profile:DBProfile.DISK for Table:revokedCerts
2019-09-25 04:51:41,570 [main] INFO  db.DBStoreBuilder (DBStoreBuilder.java:addTable(110)) - using custom profile for table: default
2019-09-25 04:51:41,570 [main] INFO  db.DBStoreBuilder (DBStoreBuilder.java:processTables(167)) - Using default column profile:DBProfile.DISK for Table:default
2019-09-25 04:51:41,572 [main] INFO  db.DBStoreBuilder (DBStoreBuilder.java:getDbProfile(198)) - Using default options. DBProfile.DISK
2019-09-25 04:51:41,868 [main] INFO  net.NodeSchemaLoader (NodeSchemaLoader.java:loadSchemaFromFile(125)) - Loading file from sun.misc.CompoundEnumeration@59474f18
2019-09-25 04:51:41,870 [main] INFO  net.NodeSchemaLoader (NodeSchemaLoader.java:loadSchema(171)) - Loading network topology layer schema file
2019-09-25 04:51:41,948 [main] WARN  server.ServerUtils (ServerUtils.java:sanitizeUserArgs(70)) - ozone.scm.stale.node.interval value = 300000 is larger than max = 100000 based on the key value of ozone.scm.heartbeat.thread.interval, reset to the max value 100000.
2019-09-25 04:51:41,950 [main] WARN  server.ServerUtils (ServerUtils.java:sanitizeUserArgs(70)) - ozone.scm.stale.node.interval value = 300000 is larger than max = 100000 based on the key value of ozone.scm.heartbeat.thread.interval, reset to the max value 100000.
2019-09-25 04:51:41,952 [main] INFO  node.SCMNodeManager (SCMNodeManager.java:<init>(114)) - Entering startup safe mode.
2019-09-25 04:51:42,026 [main] INFO  algorithms.ContainerPlacementPolicyFactory (ContainerPlacementPolicyFactory.java:getPolicy(60)) - Create container placement policy of type org.apache.hadoop.hdds.scm.container.placement.algorithms.SCMContainerPlacementRandom
2019-09-25 04:51:42,042 [main] WARN  server.ServerUtils (ServerUtils.java:getScmDbDir(145)) - ozone.scm.db.dirs is not configured. We recommend adding this setting. Falling back to ozone.metadata.dirs instead.
2019-09-25 04:51:42,102 [main] INFO  pipeline.SCMPipelineManager (SCMPipelineManager.java:initializePipelineState(132)) - No pipeline exists in current db
2019-09-25 04:51:42,104 [main] WARN  server.ServerUtils (ServerUtils.java:getScmDbDir(145)) - ozone.scm.db.dirs is not configured. We recommend adding this setting. Falling back to ozone.metadata.dirs instead.
2019-09-25 04:51:42,206 [main] WARN  events.EventQueue (EventQueue.java:fireEvent(183)) - No event handler registered for event TypedEvent{payloadType=SafeModeStatus, name='SafeModeStatus'}
2019-09-25 04:51:42,552 [main] INFO  ipc.CallQueueManager (CallQueueManager.java:<init>(84)) - Using callQueue: class java.util.concurrent.LinkedBlockingQueue, queueCapacity: 2000, scheduler: class org.apache.hadoop.ipc.DefaultRpcScheduler, ipcBackoff: false.
2019-09-25 04:51:42,575 [Socket Reader #1 for port 46736] INFO  ipc.Server (Server.java:run(1074)) - Starting Socket Reader #1 for port 46736
2019-09-25 04:51:42,725 [main] INFO  ipc.CallQueueManager (CallQueueManager.java:<init>(84)) - Using callQueue: class java.util.concurrent.LinkedBlockingQueue, queueCapacity: 2000, scheduler: class org.apache.hadoop.ipc.DefaultRpcScheduler, ipcBackoff: false.
2019-09-25 04:51:42,727 [Socket Reader #1 for port 42118] INFO  ipc.Server (Server.java:run(1074)) - Starting Socket Reader #1 for port 42118
2019-09-25 04:51:42,739 [main] INFO  ipc.CallQueueManager (CallQueueManager.java:<init>(84)) - Using callQueue: class java.util.concurrent.LinkedBlockingQueue, queueCapacity: 2000, scheduler: class org.apache.hadoop.ipc.DefaultRpcScheduler, ipcBackoff: false.
2019-09-25 04:51:42,740 [Socket Reader #1 for port 35680] INFO  ipc.Server (Server.java:run(1074)) - Starting Socket Reader #1 for port 35680
2019-09-25 04:51:42,766 [main] INFO  hdfs.DFSUtil (DFSUtil.java:httpServerTemplateForNNAndJN(1641)) - Starting Web-server for scm at: http://0.0.0.0:0
2019-09-25 04:51:42,924 [main] INFO  server.AuthenticationFilter (AuthenticationFilter.java:constructSecretProvider(240)) - Unable to initialize FileSignerSecretProvider, falling back to use random secrets.
2019-09-25 04:51:42,934 [main] WARN  http.HttpRequestLog (HttpRequestLog.java:getRequestLog(97)) - Jetty request log can only be enabled using Log4j
2019-09-25 04:51:42,942 [main] INFO  http.HttpServer2 (HttpServer2.java:addGlobalFilter(975)) - Added global filter 'safety' (class=org.apache.hadoop.http.HttpServer2$QuotingInputFilter)
2019-09-25 04:51:42,945 [main] INFO  http.HttpServer2 (HttpServer2.java:addFilter(948)) - Added filter static_user_filter (class=org.apache.hadoop.http.lib.StaticUserWebFilter$StaticUserFilter) to context scm
2019-09-25 04:51:42,946 [main] INFO  http.HttpServer2 (HttpServer2.java:addFilter(958)) - Added filter static_user_filter (class=org.apache.hadoop.http.lib.StaticUserWebFilter$StaticUserFilter) to context logs
2019-09-25 04:51:42,946 [main] INFO  http.HttpServer2 (HttpServer2.java:addFilter(958)) - Added filter static_user_filter (class=org.apache.hadoop.http.lib.StaticUserWebFilter$StaticUserFilter) to context static
2019-09-25 04:51:42,995 [main] INFO  server.StorageContainerManager (StorageContainerManager.java:start(770)) - StorageContainerLocationProtocol RPC server is listening at /0.0.0.0:35680
2019-09-25 04:51:43,078 [main] WARN  impl.MetricsConfig (MetricsConfig.java:loadFirst(134)) - Cannot locate configuration: tried hadoop-metrics2-storagecontainermanager.properties,hadoop-metrics2.properties
2019-09-25 04:51:43,098 [main] INFO  impl.MetricsSystemImpl (MetricsSystemImpl.java:startTimer(374)) - Scheduled Metric snapshot period at 10 second(s).
2019-09-25 04:51:43,098 [main] INFO  impl.MetricsSystemImpl (MetricsSystemImpl.java:start(191)) - StorageContainerManager metrics system started
2019-09-25 04:51:43,353 [main] INFO  server.SCMClientProtocolServer (SCMClientProtocolServer.java:start(151)) - RPC server for Client  is listening at /0.0.0.0:35680
2019-09-25 04:51:43,354 [IPC Server Responder] INFO  ipc.Server (Server.java:run(1314)) - IPC Server Responder: starting
2019-09-25 04:51:43,354 [IPC Server listener on 35680] INFO  ipc.Server (Server.java:run(1153)) - IPC Server listener on 35680: starting
2019-09-25 04:51:43,357 [main] INFO  server.StorageContainerManager (StorageContainerManager.java:start(780)) - ScmBlockLocationProtocol RPC server is listening at /0.0.0.0:42118
2019-09-25 04:51:43,358 [main] INFO  server.SCMBlockProtocolServer (SCMBlockProtocolServer.java:start(146)) - RPC server for Block Protocol is listening at /0.0.0.0:42118
2019-09-25 04:51:43,359 [IPC Server Responder] INFO  ipc.Server (Server.java:run(1314)) - IPC Server Responder: starting
2019-09-25 04:51:43,359 [IPC Server listener on 42118] INFO  ipc.Server (Server.java:run(1153)) - IPC Server listener on 42118: starting
2019-09-25 04:51:43,362 [main] INFO  server.StorageContainerManager (StorageContainerManager.java:start(784)) - ScmDatanodeProtocl RPC server is listening at /0.0.0.0:46736
2019-09-25 04:51:43,362 [main] INFO  server.SCMDatanodeProtocolServer (SCMDatanodeProtocolServer.java:start(191)) - RPC server for DataNodes is listening at /0.0.0.0:46736
2019-09-25 04:51:43,363 [IPC Server Responder] INFO  ipc.Server (Server.java:run(1314)) - IPC Server Responder: starting
2019-09-25 04:51:43,363 [IPC Server listener on 46736] INFO  ipc.Server (Server.java:run(1153)) - IPC Server listener on 46736: starting
2019-09-25 04:51:43,367 [main] INFO  http.HttpServer2 (HttpServer2.java:bindListener(1191)) - Jetty bound to port 34099
2019-09-25 04:51:43,369 [main] INFO  server.Server (Server.java:doStart(351)) - jetty-9.3.25.v20180904, build timestamp: 2018-09-04T21:11:46Z, git hash: 3ce520221d0240229c862b122d2b06c12a625732
2019-09-25 04:51:43,408 [main] INFO  handler.ContextHandler (ContextHandler.java:doStart(781)) - Started o.e.j.s.ServletContextHandler@19648c40{/logs,file:///workdir/hadoop-ozone/integration-test/target/log,AVAILABLE}
2019-09-25 04:51:43,409 [main] INFO  handler.ContextHandler (ContextHandler.java:doStart(781)) - Started o.e.j.s.ServletContextHandler@61e94def{/static,file:///workdir/hadoop-ozone/integration-test/target/test-classes/webapps/static,AVAILABLE}
2019-09-25 04:51:43,453 [main] INFO  handler.ContextHandler (ContextHandler.java:doStart(781)) - Started o.e.j.w.WebAppContext@61a002b1{/,file:///workdir/hadoop-ozone/integration-test/target/test-classes/webapps/scm/,AVAILABLE}{/scm}
2019-09-25 04:51:43,460 [main] INFO  server.AbstractConnector (AbstractConnector.java:doStart(278)) - Started ServerConnector@16fb356{HTTP/1.1,[http/1.1]}{0.0.0.0:34099}
2019-09-25 04:51:43,461 [main] INFO  server.Server (Server.java:doStart(419)) - Started @2971ms
2019-09-25 04:51:43,463 [main] INFO  impl.MetricsSinkAdapter (MetricsSinkAdapter.java:start(204)) - Sink prometheus started
2019-09-25 04:51:43,464 [main] INFO  impl.MetricsSystemImpl (MetricsSystemImpl.java:registerSink(301)) - Registered sink prometheus
2019-09-25 04:51:43,465 [main] INFO  server.BaseHttpServer (BaseHttpServer.java:updateConnectorAddress(215)) - HTTP server of SCM is listening at http://0.0.0.0:34099
2019-09-25 04:51:43,471 [org.apache.hadoop.util.JvmPauseMonitor$Monitor@1cf2fed4] INFO  util.JvmPauseMonitor (JvmPauseMonitor.java:run(188)) - Starting JVM pause monitor
2019-09-25 04:51:43,474 [main] WARN  server.ServerUtils (ServerUtils.java:getDBPath(222)) - ozone.om.db.dirs is not configured. We recommend adding this setting. Falling back to ozone.metadata.dirs instead.
2019-09-25 04:51:43,584 [main] WARN  server.ServerUtils (ServerUtils.java:getDBPath(222)) - ozone.om.db.dirs is not configured. We recommend adding this setting. Falling back to ozone.metadata.dirs instead.
2019-09-25 04:51:43,584 [main] WARN  server.ServerUtils (ServerUtils.java:getDBPath(222)) - ozone.om.db.dirs is not configured. We recommend adding this setting. Falling back to ozone.metadata.dirs instead.
2019-09-25 04:51:43,585 [main] INFO  om.OzoneManager (OzoneManager.java:setOMNodeDetails(652)) - OM Service ID is not set. Setting it to the default ID: omServiceIdDefault
2019-09-25 04:51:43,585 [main] INFO  om.OzoneManager (OzoneManager.java:setOMNodeDetails(658)) - OM Node ID is not set. Setting it to the OmStorage's OmID: 6943bd53-05df-4a4a-8430-e8dd72ed008a
2019-09-25 04:51:43,587 [main] INFO  om.OzoneManager (OzoneManager.java:loadOMHAConfigs(609)) - Found matching OM address with OMServiceId: null, OMNodeId: null, RPC Address: localhost:0 and Ratis port: 9872
2019-09-25 04:51:44,346 [main] WARN  server.ServerUtils (ServerUtils.java:getDBPath(222)) - ozone.om.db.dirs is not configured. We recommend adding this setting. Falling back to ozone.metadata.dirs instead.
2019-09-25 04:51:44,354 [main] INFO  db.DBStoreBuilder (DBStoreBuilder.java:addTable(110)) - using custom profile for table: userTable
2019-09-25 04:51:44,354 [main] INFO  db.DBStoreBuilder (DBStoreBuilder.java:processTables(161)) - Using default column profile:DBProfile.DISK for Table:userTable
2019-09-25 04:51:44,355 [main] INFO  db.DBStoreBuilder (DBStoreBuilder.java:addTable(110)) - using custom profile for table: volumeTable
2019-09-25 04:51:44,355 [main] INFO  db.DBStoreBuilder (DBStoreBuilder.java:processTables(161)) - Using default column profile:DBProfile.DISK for Table:volumeTable
2019-09-25 04:51:44,355 [main] INFO  db.DBStoreBuilder (DBStoreBuilder.java:addTable(110)) - using custom profile for table: bucketTable
2019-09-25 04:51:44,355 [main] INFO  db.DBStoreBuilder (DBStoreBuilder.java:processTables(161)) - Using default column profile:DBProfile.DISK for Table:bucketTable
2019-09-25 04:51:44,356 [main] INFO  db.DBStoreBuilder (DBStoreBuilder.java:addTable(110)) - using custom profile for table: keyTable
2019-09-25 04:51:44,356 [main] INFO  db.DBStoreBuilder (DBStoreBuilder.java:processTables(161)) - Using default column profile:DBProfile.DISK for Table:keyTable
2019-09-25 04:51:44,356 [main] INFO  db.DBStoreBuilder (DBStoreBuilder.java:addTable(110)) - using custom profile for table: deletedTable
2019-09-25 04:51:44,356 [main] INFO  db.DBStoreBuilder (DBStoreBuilder.java:processTables(161)) - Using default column profile:DBProfile.DISK for Table:deletedTable
2019-09-25 04:51:44,357 [main] INFO  db.DBStoreBuilder (DBStoreBuilder.java:addTable(110)) - using custom profile for table: openKeyTable
2019-09-25 04:51:44,357 [main] INFO  db.DBStoreBuilder (DBStoreBuilder.java:processTables(161)) - Using default column profile:DBProfile.DISK for Table:openKeyTable
2019-09-25 04:51:44,357 [main] INFO  db.DBStoreBuilder (DBStoreBuilder.java:addTable(110)) - using custom profile for table: s3Table
2019-09-25 04:51:44,357 [main] INFO  db.DBStoreBuilder (DBStoreBuilder.java:processTables(161)) - Using default column profile:DBProfile.DISK for Table:s3Table
2019-09-25 04:51:44,358 [main] INFO  db.DBStoreBuilder (DBStoreBuilder.java:addTable(110)) - using custom profile for table: multipartInfoTable
2019-09-25 04:51:44,358 [main] INFO  db.DBStoreBuilder (DBStoreBuilder.java:processTables(161)) - Using default column profile:DBProfile.DISK for Table:multipartInfoTable
2019-09-25 04:51:44,358 [main] INFO  db.DBStoreBuilder (DBStoreBuilder.java:addTable(110)) - using custom profile for table: dTokenTable
2019-09-25 04:51:44,358 [main] INFO  db.DBStoreBuilder (DBStoreBuilder.java:processTables(161)) - Using default column profile:DBProfile.DISK for Table:dTokenTable
2019-09-25 04:51:44,359 [main] INFO  db.DBStoreBuilder (DBStoreBuilder.java:addTable(110)) - using custom profile for table: s3SecretTable
2019-09-25 04:51:44,359 [main] INFO  db.DBStoreBuilder (DBStoreBuilder.java:processTables(161)) - Using default column profile:DBProfile.DISK for Table:s3SecretTable
2019-09-25 04:51:44,359 [main] INFO  db.DBStoreBuilder (DBStoreBuilder.java:addTable(110)) - using custom profile for table: prefixTable
2019-09-25 04:51:44,359 [main] INFO  db.DBStoreBuilder (DBStoreBuilder.java:processTables(161)) - Using default column profile:DBProfile.DISK for Table:prefixTable
2019-09-25 04:51:44,360 [main] INFO  db.DBStoreBuilder (DBStoreBuilder.java:addTable(110)) - using custom profile for table: default
2019-09-25 04:51:44,360 [main] INFO  db.DBStoreBuilder (DBStoreBuilder.java:processTables(167)) - Using default column profile:DBProfile.DISK for Table:default
2019-09-25 04:51:44,360 [main] INFO  db.DBStoreBuilder (DBStoreBuilder.java:getDbProfile(198)) - Using default options. DBProfile.DISK
2019-09-25 04:51:44,799 [main] INFO  ipc.CallQueueManager (CallQueueManager.java:<init>(84)) - Using callQueue: class java.util.concurrent.LinkedBlockingQueue, queueCapacity: 2000, scheduler: class org.apache.hadoop.ipc.DefaultRpcScheduler, ipcBackoff: false.
2019-09-25 04:51:44,800 [Socket Reader #1 for port 32846] INFO  ipc.Server (Server.java:run(1074)) - Starting Socket Reader #1 for port 32846
2019-09-25 04:51:44,821 [main] INFO  om.OzoneManager (OzoneManager.java:start(1243)) - OzoneManager RPC server is listening at localhost/127.0.0.1:32846
2019-09-25 04:51:44,821 [main] INFO  impl.MetricsSystemImpl (MetricsSystemImpl.java:init(158)) - OzoneManager metrics system started (again)
2019-09-25 04:51:44,823 [IPC Server Responder] INFO  ipc.Server (Server.java:run(1314)) - IPC Server Responder: starting
2019-09-25 04:51:44,823 [IPC Server listener on 32846] INFO  ipc.Server (Server.java:run(1153)) - IPC Server listener on 32846: starting
2019-09-25 04:51:44,829 [main] INFO  hdfs.DFSUtil (DFSUtil.java:httpServerTemplateForNNAndJN(1641)) - Starting Web-server for ozoneManager at: http://0.0.0.0:0
2019-09-25 04:51:44,832 [main] INFO  server.AuthenticationFilter (AuthenticationFilter.java:constructSecretProvider(240)) - Unable to initialize FileSignerSecretProvider, falling back to use random secrets.
2019-09-25 04:51:44,833 [main] WARN  http.HttpRequestLog (HttpRequestLog.java:getRequestLog(97)) - Jetty request log can only be enabled using Log4j
2019-09-25 04:51:44,836 [main] INFO  http.HttpServer2 (HttpServer2.java:addGlobalFilter(975)) - Added global filter 'safety' (class=org.apache.hadoop.http.HttpServer2$QuotingInputFilter)
2019-09-25 04:51:44,838 [main] INFO  http.HttpServer2 (HttpServer2.java:addFilter(948)) - Added filter static_user_filter (class=org.apache.hadoop.http.lib.StaticUserWebFilter$StaticUserFilter) to context ozoneManager
2019-09-25 04:51:44,838 [main] INFO  http.HttpServer2 (HttpServer2.java:addFilter(958)) - Added filter static_user_filter (class=org.apache.hadoop.http.lib.StaticUserWebFilter$StaticUserFilter) to context logs
2019-09-25 04:51:44,838 [main] INFO  http.HttpServer2 (HttpServer2.java:addFilter(958)) - Added filter static_user_filter (class=org.apache.hadoop.http.lib.StaticUserWebFilter$StaticUserFilter) to context static
2019-09-25 04:51:44,842 [main] INFO  http.HttpServer2 (HttpServer2.java:bindListener(1191)) - Jetty bound to port 45980
2019-09-25 04:51:44,842 [main] INFO  server.Server (Server.java:doStart(351)) - jetty-9.3.25.v20180904, build timestamp: 2018-09-04T21:11:46Z, git hash: 3ce520221d0240229c862b122d2b06c12a625732
2019-09-25 04:51:44,845 [main] INFO  handler.ContextHandler (ContextHandler.java:doStart(781)) - Started o.e.j.s.ServletContextHandler@963176{/logs,file:///workdir/hadoop-ozone/integration-test/target/log,AVAILABLE}
2019-09-25 04:51:44,846 [main] INFO  handler.ContextHandler (ContextHandler.java:doStart(781)) - Started o.e.j.s.ServletContextHandler@4cafa9aa{/static,file:///workdir/hadoop-ozone/integration-test/target/test-classes/webapps/static,AVAILABLE}
2019-09-25 04:51:44,864 [main] INFO  handler.ContextHandler (ContextHandler.java:doStart(781)) - Started o.e.j.w.WebAppContext@af78c87{/,file:///workdir/hadoop-ozone/integration-test/target/test-classes/webapps/ozoneManager/,AVAILABLE}{/ozoneManager}
2019-09-25 04:51:44,865 [main] INFO  server.AbstractConnector (AbstractConnector.java:doStart(278)) - Started ServerConnector@773dab28{HTTP/1.1,[http/1.1]}{0.0.0.0:45980}
2019-09-25 04:51:44,865 [main] INFO  server.Server (Server.java:doStart(419)) - Started @4376ms
2019-09-25 04:51:44,866 [main] WARN  impl.MetricsSystemImpl (MetricsSystemImpl.java:register(276)) - Sink prometheus already exists!
2019-09-25 04:51:44,867 [main] INFO  server.BaseHttpServer (BaseHttpServer.java:updateConnectorAddress(215)) - HTTP server of OZONEMANAGER is listening at http://0.0.0.0:45980
2019-09-25 04:51:45,238 [main] INFO  impl.MetricsSystemImpl (MetricsSystemImpl.java:init(158)) - HddsDatanode metrics system started (again)
2019-09-25 04:51:45,294 [main] INFO  ozone.HddsDatanodeService (HddsDatanodeService.java:start(184)) - HddsDatanodeService host:pr-hdds-1569-s44lr-3492059363 ip:192.168.164.207
2019-09-25 04:51:45,327 [main] INFO  volume.HddsVolume (HddsVolume.java:<init>(176)) - Creating Volume: /workdir/hadoop-ozone/integration-test/target/test-dir/MiniOzoneClusterImpl-ee606598-1675-4e02-b706-4bffbdc3363b/datanode-0/data/containers/hdds of  storage type : DISK and capacity : 1482555576320
2019-09-25 04:51:45,329 [main] INFO  volume.VolumeSet (VolumeSet.java:initializeVolumeSet(170)) - Added Volume : /workdir/hadoop-ozone/integration-test/target/test-dir/MiniOzoneClusterImpl-ee606598-1675-4e02-b706-4bffbdc3363b/datanode-0/data/containers/hdds to VolumeSet
2019-09-25 04:51:45,332 [main] INFO  volume.ThrottledAsyncChecker (ThrottledAsyncChecker.java:schedule(139)) - Scheduling a check for org.apache.hadoop.ozone.container.common.volume.HddsVolume@6aef4eb8
2019-09-25 04:51:45,350 [main] INFO  volume.HddsVolumeChecker (HddsVolumeChecker.java:checkAllVolumes(202)) - Scheduled health check for volume org.apache.hadoop.ozone.container.common.volume.HddsVolume@6aef4eb8
2019-09-25 04:51:45,484 [main] INFO  impl.RaftServerProxy (ConfUtils.java:logGet(43)) - raft.rpc.type = GRPC (default)
2019-09-25 04:51:45,562 [main] INFO  grpc.GrpcFactory (GrpcFactory.java:checkPooledByteBufAllocatorUseCacheForAllThreads(45)) - PERFORMANCE WARNING: useCacheForAllThreads is true that may cause Netty to create a lot garbage objects and, as a result, trigger GC.
	It is recommended to disable useCacheForAllThreads by setting -Dorg.apache.ratis.thirdparty.io.netty.allocator.useCacheForAllThreads=false in command line.
2019-09-25 04:51:45,566 [main] INFO  grpc.GrpcConfigKeys$Server (ConfUtils.java:logGet(43)) - raft.grpc.server.port = 0 (default)
2019-09-25 04:51:45,567 [main] INFO  server.GrpcService (ConfUtils.java:logGet(43)) - raft.grpc.message.size.max = 33570816 (custom)
2019-09-25 04:51:45,569 [main] INFO  server.RaftServerConfigKeys (ConfUtils.java:logGet(43)) - raft.server.log.appender.buffer.byte-limit = 33554432 (custom)
2019-09-25 04:51:45,569 [main] INFO  server.GrpcService (ConfUtils.java:logGet(43)) - raft.grpc.flow.control.window = 1MB (=1048576) (default)
2019-09-25 04:51:45,570 [main] INFO  server.RaftServerConfigKeys (ConfUtils.java:logGet(43)) - raft.server.rpc.request.timeout = 3000ms (default)
2019-09-25 04:51:45,732 [main] INFO  server.RaftServerConfigKeys (ConfUtils.java:logGet(43)) - raft.server.storage.dir = [/workdir/hadoop-ozone/integration-test/target/test-dir/MiniOzoneClusterImpl-ee606598-1675-4e02-b706-4bffbdc3363b/datanode-0/data/ratis] (custom)
2019-09-25 04:51:45,811 [main] INFO  hdfs.DFSUtil (DFSUtil.java:httpServerTemplateForNNAndJN(1641)) - Starting Web-server for hddsDatanode at: http://0.0.0.0:0
2019-09-25 04:51:45,816 [main] INFO  server.AuthenticationFilter (AuthenticationFilter.java:constructSecretProvider(240)) - Unable to initialize FileSignerSecretProvider, falling back to use random secrets.
2019-09-25 04:51:45,818 [main] WARN  http.HttpRequestLog (HttpRequestLog.java:getRequestLog(97)) - Jetty request log can only be enabled using Log4j
2019-09-25 04:51:45,821 [main] INFO  http.HttpServer2 (HttpServer2.java:addGlobalFilter(975)) - Added global filter 'safety' (class=org.apache.hadoop.http.HttpServer2$QuotingInputFilter)
2019-09-25 04:51:45,823 [main] INFO  http.HttpServer2 (HttpServer2.java:addFilter(948)) - Added filter static_user_filter (class=org.apache.hadoop.http.lib.StaticUserWebFilter$StaticUserFilter) to context hddsDatanode
2019-09-25 04:51:45,823 [main] INFO  http.HttpServer2 (HttpServer2.java:addFilter(958)) - Added filter static_user_filter (class=org.apache.hadoop.http.lib.StaticUserWebFilter$StaticUserFilter) to context static
2019-09-25 04:51:45,824 [main] INFO  http.HttpServer2 (HttpServer2.java:addFilter(958)) - Added filter static_user_filter (class=org.apache.hadoop.http.lib.StaticUserWebFilter$StaticUserFilter) to context logs
2019-09-25 04:51:45,826 [main] INFO  http.HttpServer2 (HttpServer2.java:bindListener(1191)) - Jetty bound to port 39694
2019-09-25 04:51:45,827 [main] INFO  server.Server (Server.java:doStart(351)) - jetty-9.3.25.v20180904, build timestamp: 2018-09-04T21:11:46Z, git hash: 3ce520221d0240229c862b122d2b06c12a625732
2019-09-25 04:51:45,831 [main] INFO  handler.ContextHandler (ContextHandler.java:doStart(781)) - Started o.e.j.s.ServletContextHandler@d109c4f{/logs,file:///workdir/hadoop-ozone/integration-test/target/log,AVAILABLE}
2019-09-25 04:51:45,832 [main] INFO  handler.ContextHandler (ContextHandler.java:doStart(781)) - Started o.e.j.s.ServletContextHandler@26f46fa6{/static,jar:file:/home/user/.m2/repository/org/apache/hadoop/hadoop-hdds-container-service/0.5.0-SNAPSHOT/hadoop-hdds-container-service-0.5.0-SNAPSHOT.jar!/webapps/static,AVAILABLE}
2019-09-25 04:51:45,884 [main] INFO  handler.ContextHandler (ContextHandler.java:doStart(781)) - Started o.e.j.w.WebAppContext@3e33d73e{/,file:///tmp/jetty-0.0.0.0-39694-hddsDatanode-_-any-3427146796197322453.dir/webapp/,AVAILABLE}{/hddsDatanode}
2019-09-25 04:51:45,885 [main] INFO  server.AbstractConnector (AbstractConnector.java:doStart(278)) - Started ServerConnector@6981f8f3{HTTP/1.1,[http/1.1]}{0.0.0.0:39694}
2019-09-25 04:51:45,886 [main] INFO  server.Server (Server.java:doStart(419)) - Started @5396ms
2019-09-25 04:51:45,887 [main] WARN  impl.MetricsSystemImpl (MetricsSystemImpl.java:register(276)) - Sink prometheus already exists!
2019-09-25 04:51:45,888 [main] INFO  server.BaseHttpServer (BaseHttpServer.java:updateConnectorAddress(215)) - HTTP server of HDDSDATANODE is listening at http://0.0.0.0:39694
2019-09-25 04:51:45,889 [main] INFO  impl.MetricsSystemImpl (MetricsSystemImpl.java:init(158)) - HddsDatanode metrics system started (again)
2019-09-25 04:51:45,895 [main] INFO  ozone.HddsDatanodeService (HddsDatanodeService.java:start(184)) - HddsDatanodeService host:pr-hdds-1569-s44lr-3492059363 ip:192.168.164.207
2019-09-25 04:51:45,895 [org.apache.hadoop.util.JvmPauseMonitor$Monitor@5be7461] INFO  util.JvmPauseMonitor (JvmPauseMonitor.java:run(188)) - Starting JVM pause monitor
2019-09-25 04:51:45,907 [main] INFO  volume.HddsVolume (HddsVolume.java:<init>(176)) - Creating Volume: /workdir/hadoop-ozone/integration-test/target/test-dir/MiniOzoneClusterImpl-ee606598-1675-4e02-b706-4bffbdc3363b/datanode-1/data/containers/hdds of  storage type : DISK and capacity : 1482555576320
2019-09-25 04:51:45,908 [main] INFO  volume.VolumeSet (VolumeSet.java:initializeVolumeSet(170)) - Added Volume : /workdir/hadoop-ozone/integration-test/target/test-dir/MiniOzoneClusterImpl-ee606598-1675-4e02-b706-4bffbdc3363b/datanode-1/data/containers/hdds to VolumeSet
2019-09-25 04:51:45,908 [main] INFO  volume.ThrottledAsyncChecker (ThrottledAsyncChecker.java:schedule(139)) - Scheduling a check for org.apache.hadoop.ozone.container.common.volume.HddsVolume@4b6e1c0
2019-09-25 04:51:45,909 [main] INFO  volume.HddsVolumeChecker (HddsVolumeChecker.java:checkAllVolumes(202)) - Scheduled health check for volume org.apache.hadoop.ozone.container.common.volume.HddsVolume@4b6e1c0
2019-09-25 04:51:45,935 [main] INFO  impl.RaftServerProxy (ConfUtils.java:logGet(43)) - raft.rpc.type = GRPC (default)
2019-09-25 04:51:45,936 [main] INFO  grpc.GrpcFactory (GrpcFactory.java:checkPooledByteBufAllocatorUseCacheForAllThreads(45)) - PERFORMANCE WARNING: useCacheForAllThreads is true that may cause Netty to create a lot garbage objects and, as a result, trigger GC.
	It is recommended to disable useCacheForAllThreads by setting -Dorg.apache.ratis.thirdparty.io.netty.allocator.useCacheForAllThreads=false in command line.
2019-09-25 04:51:45,937 [main] INFO  grpc.GrpcConfigKeys$Server (ConfUtils.java:logGet(43)) - raft.grpc.server.port = 0 (default)
2019-09-25 04:51:45,937 [main] INFO  server.GrpcService (ConfUtils.java:logGet(43)) - raft.grpc.message.size.max = 33570816 (custom)
2019-09-25 04:51:45,937 [main] INFO  server.RaftServerConfigKeys (ConfUtils.java:logGet(43)) - raft.server.log.appender.buffer.byte-limit = 33554432 (custom)
2019-09-25 04:51:45,938 [main] INFO  server.GrpcService (ConfUtils.java:logGet(43)) - raft.grpc.flow.control.window = 1MB (=1048576) (default)
2019-09-25 04:51:45,938 [main] INFO  server.RaftServerConfigKeys (ConfUtils.java:logGet(43)) - raft.server.rpc.request.timeout = 3000ms (default)
2019-09-25 04:51:45,939 [main] INFO  server.RaftServerConfigKeys (ConfUtils.java:logGet(43)) - raft.server.storage.dir = [/workdir/hadoop-ozone/integration-test/target/test-dir/MiniOzoneClusterImpl-ee606598-1675-4e02-b706-4bffbdc3363b/datanode-1/data/ratis] (custom)
2019-09-25 04:51:45,942 [main] INFO  hdfs.DFSUtil (DFSUtil.java:httpServerTemplateForNNAndJN(1641)) - Starting Web-server for hddsDatanode at: http://0.0.0.0:0
2019-09-25 04:51:45,944 [main] INFO  server.AuthenticationFilter (AuthenticationFilter.java:constructSecretProvider(240)) - Unable to initialize FileSignerSecretProvider, falling back to use random secrets.
2019-09-25 04:51:45,945 [main] WARN  http.HttpRequestLog (HttpRequestLog.java:getRequestLog(97)) - Jetty request log can only be enabled using Log4j
2019-09-25 04:51:45,947 [main] INFO  http.HttpServer2 (HttpServer2.java:addGlobalFilter(975)) - Added global filter 'safety' (class=org.apache.hadoop.http.HttpServer2$QuotingInputFilter)
2019-09-25 04:51:45,948 [main] INFO  http.HttpServer2 (HttpServer2.java:addFilter(948)) - Added filter static_user_filter (class=org.apache.hadoop.http.lib.StaticUserWebFilter$StaticUserFilter) to context hddsDatanode
2019-09-25 04:51:45,949 [main] INFO  http.HttpServer2 (HttpServer2.java:addFilter(958)) - Added filter static_user_filter (class=org.apache.hadoop.http.lib.StaticUserWebFilter$StaticUserFilter) to context static
2019-09-25 04:51:45,949 [main] INFO  http.HttpServer2 (HttpServer2.java:addFilter(958)) - Added filter static_user_filter (class=org.apache.hadoop.http.lib.StaticUserWebFilter$StaticUserFilter) to context logs
2019-09-25 04:51:45,950 [main] INFO  http.HttpServer2 (HttpServer2.java:bindListener(1191)) - Jetty bound to port 38457
2019-09-25 04:51:45,950 [main] INFO  server.Server (Server.java:doStart(351)) - jetty-9.3.25.v20180904, build timestamp: 2018-09-04T21:11:46Z, git hash: 3ce520221d0240229c862b122d2b06c12a625732
2019-09-25 04:51:45,954 [main] INFO  handler.ContextHandler (ContextHandler.java:doStart(781)) - Started o.e.j.s.ServletContextHandler@5679e96b{/logs,file:///workdir/hadoop-ozone/integration-test/target/log,AVAILABLE}
2019-09-25 04:51:45,955 [main] INFO  handler.ContextHandler (ContextHandler.java:doStart(781)) - Started o.e.j.s.ServletContextHandler@3bbf841e{/static,jar:file:/home/user/.m2/repository/org/apache/hadoop/hadoop-hdds-container-service/0.5.0-SNAPSHOT/hadoop-hdds-container-service-0.5.0-SNAPSHOT.jar!/webapps/static,AVAILABLE}
2019-09-25 04:51:45,987 [main] INFO  handler.ContextHandler (ContextHandler.java:doStart(781)) - Started o.e.j.w.WebAppContext@5b5e7036{/,file:///tmp/jetty-0.0.0.0-38457-hddsDatanode-_-any-1928397491041291491.dir/webapp/,AVAILABLE}{/hddsDatanode}
2019-09-25 04:51:45,988 [main] INFO  server.AbstractConnector (AbstractConnector.java:doStart(278)) - Started ServerConnector@62dbe64e{HTTP/1.1,[http/1.1]}{0.0.0.0:38457}
2019-09-25 04:51:45,988 [main] INFO  server.Server (Server.java:doStart(419)) - Started @5499ms
2019-09-25 04:51:45,989 [main] WARN  impl.MetricsSystemImpl (MetricsSystemImpl.java:register(276)) - Sink prometheus already exists!
2019-09-25 04:51:45,990 [main] INFO  server.BaseHttpServer (BaseHttpServer.java:updateConnectorAddress(215)) - HTTP server of HDDSDATANODE is listening at http://0.0.0.0:38457
2019-09-25 04:51:45,990 [main] INFO  impl.MetricsSystemImpl (MetricsSystemImpl.java:init(158)) - HddsDatanode metrics system started (again)
2019-09-25 04:51:45,993 [org.apache.hadoop.util.JvmPauseMonitor$Monitor@86a954] INFO  util.JvmPauseMonitor (JvmPauseMonitor.java:run(188)) - Starting JVM pause monitor
2019-09-25 04:51:45,994 [main] INFO  ozone.HddsDatanodeService (HddsDatanodeService.java:start(184)) - HddsDatanodeService host:pr-hdds-1569-s44lr-3492059363 ip:192.168.164.207
2019-09-25 04:51:46,001 [main] INFO  volume.HddsVolume (HddsVolume.java:<init>(176)) - Creating Volume: /workdir/hadoop-ozone/integration-test/target/test-dir/MiniOzoneClusterImpl-ee606598-1675-4e02-b706-4bffbdc3363b/datanode-2/data/containers/hdds of  storage type : DISK and capacity : 1482555576320
2019-09-25 04:51:46,001 [main] INFO  volume.VolumeSet (VolumeSet.java:initializeVolumeSet(170)) - Added Volume : /workdir/hadoop-ozone/integration-test/target/test-dir/MiniOzoneClusterImpl-ee606598-1675-4e02-b706-4bffbdc3363b/datanode-2/data/containers/hdds to VolumeSet
2019-09-25 04:51:46,002 [main] INFO  volume.ThrottledAsyncChecker (ThrottledAsyncChecker.java:schedule(139)) - Scheduling a check for org.apache.hadoop.ozone.container.common.volume.HddsVolume@c3edf4c
2019-09-25 04:51:46,002 [main] INFO  volume.HddsVolumeChecker (HddsVolumeChecker.java:checkAllVolumes(202)) - Scheduled health check for volume org.apache.hadoop.ozone.container.common.volume.HddsVolume@c3edf4c
2019-09-25 04:51:46,016 [main] INFO  impl.RaftServerProxy (ConfUtils.java:logGet(43)) - raft.rpc.type = GRPC (default)
2019-09-25 04:51:46,016 [main] INFO  grpc.GrpcFactory (GrpcFactory.java:checkPooledByteBufAllocatorUseCacheForAllThreads(45)) - PERFORMANCE WARNING: useCacheForAllThreads is true that may cause Netty to create a lot garbage objects and, as a result, trigger GC.
	It is recommended to disable useCacheForAllThreads by setting -Dorg.apache.ratis.thirdparty.io.netty.allocator.useCacheForAllThreads=false in command line.
2019-09-25 04:51:46,017 [main] INFO  grpc.GrpcConfigKeys$Server (ConfUtils.java:logGet(43)) - raft.grpc.server.port = 0 (default)
2019-09-25 04:51:46,017 [main] INFO  server.GrpcService (ConfUtils.java:logGet(43)) - raft.grpc.message.size.max = 33570816 (custom)
2019-09-25 04:51:46,017 [main] INFO  server.RaftServerConfigKeys (ConfUtils.java:logGet(43)) - raft.server.log.appender.buffer.byte-limit = 33554432 (custom)
2019-09-25 04:51:46,018 [main] INFO  server.GrpcService (ConfUtils.java:logGet(43)) - raft.grpc.flow.control.window = 1MB (=1048576) (default)
2019-09-25 04:51:46,018 [main] INFO  server.RaftServerConfigKeys (ConfUtils.java:logGet(43)) - raft.server.rpc.request.timeout = 3000ms (default)
2019-09-25 04:51:46,019 [main] INFO  server.RaftServerConfigKeys (ConfUtils.java:logGet(43)) - raft.server.storage.dir = [/workdir/hadoop-ozone/integration-test/target/test-dir/MiniOzoneClusterImpl-ee606598-1675-4e02-b706-4bffbdc3363b/datanode-2/data/ratis] (custom)
2019-09-25 04:51:46,021 [main] INFO  hdfs.DFSUtil (DFSUtil.java:httpServerTemplateForNNAndJN(1641)) - Starting Web-server for hddsDatanode at: http://0.0.0.0:0
2019-09-25 04:51:46,022 [main] INFO  server.AuthenticationFilter (AuthenticationFilter.java:constructSecretProvider(240)) - Unable to initialize FileSignerSecretProvider, falling back to use random secrets.
2019-09-25 04:51:46,022 [main] WARN  http.HttpRequestLog (HttpRequestLog.java:getRequestLog(97)) - Jetty request log can only be enabled using Log4j
2019-09-25 04:51:46,024 [main] INFO  http.HttpServer2 (HttpServer2.java:addGlobalFilter(975)) - Added global filter 'safety' (class=org.apache.hadoop.http.HttpServer2$QuotingInputFilter)
2019-09-25 04:51:46,025 [main] INFO  http.HttpServer2 (HttpServer2.java:addFilter(948)) - Added filter static_user_filter (class=org.apache.hadoop.http.lib.StaticUserWebFilter$StaticUserFilter) to context hddsDatanode
2019-09-25 04:51:46,025 [main] INFO  http.HttpServer2 (HttpServer2.java:addFilter(958)) - Added filter static_user_filter (class=org.apache.hadoop.http.lib.StaticUserWebFilter$StaticUserFilter) to context logs
2019-09-25 04:51:46,025 [main] INFO  http.HttpServer2 (HttpServer2.java:addFilter(958)) - Added filter static_user_filter (class=org.apache.hadoop.http.lib.StaticUserWebFilter$StaticUserFilter) to context static
2019-09-25 04:51:46,026 [main] INFO  http.HttpServer2 (HttpServer2.java:bindListener(1191)) - Jetty bound to port 41168
2019-09-25 04:51:46,026 [main] INFO  server.Server (Server.java:doStart(351)) - jetty-9.3.25.v20180904, build timestamp: 2018-09-04T21:11:46Z, git hash: 3ce520221d0240229c862b122d2b06c12a625732
2019-09-25 04:51:46,028 [main] INFO  handler.ContextHandler (ContextHandler.java:doStart(781)) - Started o.e.j.s.ServletContextHandler@1cd3b138{/logs,file:///workdir/hadoop-ozone/integration-test/target/log,AVAILABLE}
2019-09-25 04:51:46,028 [main] INFO  handler.ContextHandler (ContextHandler.java:doStart(781)) - Started o.e.j.s.ServletContextHandler@5a6d30e2{/static,jar:file:/home/user/.m2/repository/org/apache/hadoop/hadoop-hdds-container-service/0.5.0-SNAPSHOT/hadoop-hdds-container-service-0.5.0-SNAPSHOT.jar!/webapps/static,AVAILABLE}
2019-09-25 04:51:46,037 [Datanode State Machine Thread - 0] INFO  datanode.InitDatanodeState (InitDatanodeState.java:persistContainerDatanodeDetails(140)) - DatanodeDetails is persisted to /workdir/hadoop-ozone/integration-test/target/test-dir/MiniOzoneClusterImpl-ee606598-1675-4e02-b706-4bffbdc3363b/datanode-0/meta/datanode.id
2019-09-25 04:51:46,042 [Datanode State Machine Thread - 0] INFO  datanode.InitDatanodeState (InitDatanodeState.java:persistContainerDatanodeDetails(140)) - DatanodeDetails is persisted to /workdir/hadoop-ozone/integration-test/target/test-dir/MiniOzoneClusterImpl-ee606598-1675-4e02-b706-4bffbdc3363b/datanode-1/meta/datanode.id
2019-09-25 04:51:46,061 [main] INFO  handler.ContextHandler (ContextHandler.java:doStart(781)) - Started o.e.j.w.WebAppContext@6342d610{/,file:///tmp/jetty-0.0.0.0-41168-hddsDatanode-_-any-5581522697773013744.dir/webapp/,AVAILABLE}{/hddsDatanode}
2019-09-25 04:51:46,062 [main] INFO  server.AbstractConnector (AbstractConnector.java:doStart(278)) - Started ServerConnector@dc4a691{HTTP/1.1,[http/1.1]}{0.0.0.0:41168}
2019-09-25 04:51:46,062 [main] INFO  server.Server (Server.java:doStart(419)) - Started @5573ms
2019-09-25 04:51:46,063 [main] WARN  impl.MetricsSystemImpl (MetricsSystemImpl.java:register(276)) - Sink prometheus already exists!
2019-09-25 04:51:46,064 [main] INFO  server.BaseHttpServer (BaseHttpServer.java:updateConnectorAddress(215)) - HTTP server of HDDSDATANODE is listening at http://0.0.0.0:41168
2019-09-25 04:51:46,065 [main] INFO  impl.MetricsSystemImpl (MetricsSystemImpl.java:init(158)) - HddsDatanode metrics system started (again)
2019-09-25 04:51:46,067 [main] INFO  ozone.HddsDatanodeService (HddsDatanodeService.java:start(184)) - HddsDatanodeService host:pr-hdds-1569-s44lr-3492059363 ip:192.168.164.207
2019-09-25 04:51:46,067 [org.apache.hadoop.util.JvmPauseMonitor$Monitor@5559fea3] INFO  util.JvmPauseMonitor (JvmPauseMonitor.java:run(188)) - Starting JVM pause monitor
2019-09-25 04:51:46,071 [Datanode State Machine Thread - 0] INFO  datanode.InitDatanodeState (InitDatanodeState.java:persistContainerDatanodeDetails(140)) - DatanodeDetails is persisted to /workdir/hadoop-ozone/integration-test/target/test-dir/MiniOzoneClusterImpl-ee606598-1675-4e02-b706-4bffbdc3363b/datanode-2/meta/datanode.id
2019-09-25 04:51:46,076 [main] INFO  volume.HddsVolume (HddsVolume.java:<init>(176)) - Creating Volume: /workdir/hadoop-ozone/integration-test/target/test-dir/MiniOzoneClusterImpl-ee606598-1675-4e02-b706-4bffbdc3363b/datanode-3/data/containers/hdds of  storage type : DISK and capacity : 1482555576320
2019-09-25 04:51:46,077 [main] INFO  volume.VolumeSet (VolumeSet.java:initializeVolumeSet(170)) - Added Volume : /workdir/hadoop-ozone/integration-test/target/test-dir/MiniOzoneClusterImpl-ee606598-1675-4e02-b706-4bffbdc3363b/datanode-3/data/containers/hdds to VolumeSet
2019-09-25 04:51:46,077 [main] INFO  volume.ThrottledAsyncChecker (ThrottledAsyncChecker.java:schedule(139)) - Scheduling a check for org.apache.hadoop.ozone.container.common.volume.HddsVolume@42b84286
2019-09-25 04:51:46,078 [main] INFO  volume.HddsVolumeChecker (HddsVolumeChecker.java:checkAllVolumes(202)) - Scheduled health check for volume org.apache.hadoop.ozone.container.common.volume.HddsVolume@42b84286
2019-09-25 04:51:46,099 [main] INFO  impl.RaftServerProxy (ConfUtils.java:logGet(43)) - raft.rpc.type = GRPC (default)
2019-09-25 04:51:46,099 [main] INFO  grpc.GrpcFactory (GrpcFactory.java:checkPooledByteBufAllocatorUseCacheForAllThreads(45)) - PERFORMANCE WARNING: useCacheForAllThreads is true that may cause Netty to create a lot garbage objects and, as a result, trigger GC.
	It is recommended to disable useCacheForAllThreads by setting -Dorg.apache.ratis.thirdparty.io.netty.allocator.useCacheForAllThreads=false in command line.
2019-09-25 04:51:46,099 [main] INFO  grpc.GrpcConfigKeys$Server (ConfUtils.java:logGet(43)) - raft.grpc.server.port = 0 (default)
2019-09-25 04:51:46,100 [main] INFO  server.GrpcService (ConfUtils.java:logGet(43)) - raft.grpc.message.size.max = 33570816 (custom)
2019-09-25 04:51:46,100 [main] INFO  server.RaftServerConfigKeys (ConfUtils.java:logGet(43)) - raft.server.log.appender.buffer.byte-limit = 33554432 (custom)
2019-09-25 04:51:46,100 [main] INFO  server.GrpcService (ConfUtils.java:logGet(43)) - raft.grpc.flow.control.window = 1MB (=1048576) (default)
2019-09-25 04:51:46,101 [main] INFO  server.RaftServerConfigKeys (ConfUtils.java:logGet(43)) - raft.server.rpc.request.timeout = 3000ms (default)
2019-09-25 04:51:46,101 [main] INFO  server.RaftServerConfigKeys (ConfUtils.java:logGet(43)) - raft.server.storage.dir = [/workdir/hadoop-ozone/integration-test/target/test-dir/MiniOzoneClusterImpl-ee606598-1675-4e02-b706-4bffbdc3363b/datanode-3/data/ratis] (custom)
2019-09-25 04:51:46,103 [main] INFO  hdfs.DFSUtil (DFSUtil.java:httpServerTemplateForNNAndJN(1641)) - Starting Web-server for hddsDatanode at: http://0.0.0.0:0
2019-09-25 04:51:46,105 [main] INFO  server.AuthenticationFilter (AuthenticationFilter.java:constructSecretProvider(240)) - Unable to initialize FileSignerSecretProvider, falling back to use random secrets.
2019-09-25 04:51:46,105 [main] WARN  http.HttpRequestLog (HttpRequestLog.java:getRequestLog(97)) - Jetty request log can only be enabled using Log4j
2019-09-25 04:51:46,107 [main] INFO  http.HttpServer2 (HttpServer2.java:addGlobalFilter(975)) - Added global filter 'safety' (class=org.apache.hadoop.http.HttpServer2$QuotingInputFilter)
2019-09-25 04:51:46,108 [main] INFO  http.HttpServer2 (HttpServer2.java:addFilter(948)) - Added filter static_user_filter (class=org.apache.hadoop.http.lib.StaticUserWebFilter$StaticUserFilter) to context hddsDatanode
2019-09-25 04:51:46,108 [main] INFO  http.HttpServer2 (HttpServer2.java:addFilter(958)) - Added filter static_user_filter (class=org.apache.hadoop.http.lib.StaticUserWebFilter$StaticUserFilter) to context static
2019-09-25 04:51:46,109 [main] INFO  http.HttpServer2 (HttpServer2.java:addFilter(958)) - Added filter static_user_filter (class=org.apache.hadoop.http.lib.StaticUserWebFilter$StaticUserFilter) to context logs
2019-09-25 04:51:46,109 [main] INFO  http.HttpServer2 (HttpServer2.java:bindListener(1191)) - Jetty bound to port 36105
2019-09-25 04:51:46,110 [main] INFO  server.Server (Server.java:doStart(351)) - jetty-9.3.25.v20180904, build timestamp: 2018-09-04T21:11:46Z, git hash: 3ce520221d0240229c862b122d2b06c12a625732
2019-09-25 04:51:46,115 [main] INFO  handler.ContextHandler (ContextHandler.java:doStart(781)) - Started o.e.j.s.ServletContextHandler@23f3da8b{/logs,file:///workdir/hadoop-ozone/integration-test/target/log,AVAILABLE}
2019-09-25 04:51:46,116 [main] INFO  handler.ContextHandler (ContextHandler.java:doStart(781)) - Started o.e.j.s.ServletContextHandler@252a8aae{/static,jar:file:/home/user/.m2/repository/org/apache/hadoop/hadoop-hdds-container-service/0.5.0-SNAPSHOT/hadoop-hdds-container-service-0.5.0-SNAPSHOT.jar!/webapps/static,AVAILABLE}
2019-09-25 04:51:46,160 [main] INFO  handler.ContextHandler (ContextHandler.java:doStart(781)) - Started o.e.j.w.WebAppContext@44f24a20{/,file:///tmp/jetty-0.0.0.0-36105-hddsDatanode-_-any-269982026972731028.dir/webapp/,AVAILABLE}{/hddsDatanode}
2019-09-25 04:51:46,161 [main] INFO  server.AbstractConnector (AbstractConnector.java:doStart(278)) - Started ServerConnector@1859e2a4{HTTP/1.1,[http/1.1]}{0.0.0.0:36105}
2019-09-25 04:51:46,163 [main] INFO  server.Server (Server.java:doStart(419)) - Started @5672ms
2019-09-25 04:51:46,163 [main] WARN  impl.MetricsSystemImpl (MetricsSystemImpl.java:register(276)) - Sink prometheus already exists!
2019-09-25 04:51:46,164 [main] INFO  server.BaseHttpServer (BaseHttpServer.java:updateConnectorAddress(215)) - HTTP server of HDDSDATANODE is listening at http://0.0.0.0:36105
2019-09-25 04:51:46,164 [main] INFO  impl.MetricsSystemImpl (MetricsSystemImpl.java:init(158)) - HddsDatanode metrics system started (again)
2019-09-25 04:51:46,168 [org.apache.hadoop.util.JvmPauseMonitor$Monitor@49d92aec] INFO  util.JvmPauseMonitor (JvmPauseMonitor.java:run(188)) - Starting JVM pause monitor
2019-09-25 04:51:46,168 [main] INFO  ozone.HddsDatanodeService (HddsDatanodeService.java:start(184)) - HddsDatanodeService host:pr-hdds-1569-s44lr-3492059363 ip:192.168.164.207
2019-09-25 04:51:46,171 [Datanode State Machine Thread - 0] INFO  datanode.InitDatanodeState (InitDatanodeState.java:persistContainerDatanodeDetails(140)) - DatanodeDetails is persisted to /workdir/hadoop-ozone/integration-test/target/test-dir/MiniOzoneClusterImpl-ee606598-1675-4e02-b706-4bffbdc3363b/datanode-3/meta/datanode.id
2019-09-25 04:51:46,177 [main] INFO  volume.HddsVolume (HddsVolume.java:<init>(176)) - Creating Volume: /workdir/hadoop-ozone/integration-test/target/test-dir/MiniOzoneClusterImpl-ee606598-1675-4e02-b706-4bffbdc3363b/datanode-4/data/containers/hdds of  storage type : DISK and capacity : 1482555576320
2019-09-25 04:51:46,178 [main] INFO  volume.VolumeSet (VolumeSet.java:initializeVolumeSet(170)) - Added Volume : /workdir/hadoop-ozone/integration-test/target/test-dir/MiniOzoneClusterImpl-ee606598-1675-4e02-b706-4bffbdc3363b/datanode-4/data/containers/hdds to VolumeSet
2019-09-25 04:51:46,178 [main] INFO  volume.ThrottledAsyncChecker (ThrottledAsyncChecker.java:schedule(139)) - Scheduling a check for org.apache.hadoop.ozone.container.common.volume.HddsVolume@7b948f3e
2019-09-25 04:51:46,180 [main] INFO  volume.HddsVolumeChecker (HddsVolumeChecker.java:checkAllVolumes(202)) - Scheduled health check for volume org.apache.hadoop.ozone.container.common.volume.HddsVolume@7b948f3e
2019-09-25 04:51:46,201 [main] INFO  impl.RaftServerProxy (ConfUtils.java:logGet(43)) - raft.rpc.type = GRPC (default)
2019-09-25 04:51:46,201 [main] INFO  grpc.GrpcFactory (GrpcFactory.java:checkPooledByteBufAllocatorUseCacheForAllThreads(45)) - PERFORMANCE WARNING: useCacheForAllThreads is true that may cause Netty to create a lot garbage objects and, as a result, trigger GC.
	It is recommended to disable useCacheForAllThreads by setting -Dorg.apache.ratis.thirdparty.io.netty.allocator.useCacheForAllThreads=false in command line.
2019-09-25 04:51:46,201 [main] INFO  grpc.GrpcConfigKeys$Server (ConfUtils.java:logGet(43)) - raft.grpc.server.port = 0 (default)
2019-09-25 04:51:46,202 [main] INFO  server.GrpcService (ConfUtils.java:logGet(43)) - raft.grpc.message.size.max = 33570816 (custom)
2019-09-25 04:51:46,202 [main] INFO  server.RaftServerConfigKeys (ConfUtils.java:logGet(43)) - raft.server.log.appender.buffer.byte-limit = 33554432 (custom)
2019-09-25 04:51:46,202 [main] INFO  server.GrpcService (ConfUtils.java:logGet(43)) - raft.grpc.flow.control.window = 1MB (=1048576) (default)
2019-09-25 04:51:46,203 [main] INFO  server.RaftServerConfigKeys (ConfUtils.java:logGet(43)) - raft.server.rpc.request.timeout = 3000ms (default)
2019-09-25 04:51:46,204 [main] INFO  server.RaftServerConfigKeys (ConfUtils.java:logGet(43)) - raft.server.storage.dir = [/workdir/hadoop-ozone/integration-test/target/test-dir/MiniOzoneClusterImpl-ee606598-1675-4e02-b706-4bffbdc3363b/datanode-4/data/ratis] (custom)
2019-09-25 04:51:46,206 [main] INFO  hdfs.DFSUtil (DFSUtil.java:httpServerTemplateForNNAndJN(1641)) - Starting Web-server for hddsDatanode at: http://0.0.0.0:0
2019-09-25 04:51:46,207 [main] INFO  server.AuthenticationFilter (AuthenticationFilter.java:constructSecretProvider(240)) - Unable to initialize FileSignerSecretProvider, falling back to use random secrets.
2019-09-25 04:51:46,208 [main] WARN  http.HttpRequestLog (HttpRequestLog.java:getRequestLog(97)) - Jetty request log can only be enabled using Log4j
2019-09-25 04:51:46,209 [main] INFO  http.HttpServer2 (HttpServer2.java:addGlobalFilter(975)) - Added global filter 'safety' (class=org.apache.hadoop.http.HttpServer2$QuotingInputFilter)
2019-09-25 04:51:46,210 [main] INFO  http.HttpServer2 (HttpServer2.java:addFilter(948)) - Added filter static_user_filter (class=org.apache.hadoop.http.lib.StaticUserWebFilter$StaticUserFilter) to context hddsDatanode
2019-09-25 04:51:46,210 [main] INFO  http.HttpServer2 (HttpServer2.java:addFilter(958)) - Added filter static_user_filter (class=org.apache.hadoop.http.lib.StaticUserWebFilter$StaticUserFilter) to context static
2019-09-25 04:51:46,210 [main] INFO  http.HttpServer2 (HttpServer2.java:addFilter(958)) - Added filter static_user_filter (class=org.apache.hadoop.http.lib.StaticUserWebFilter$StaticUserFilter) to context logs
2019-09-25 04:51:46,211 [main] INFO  http.HttpServer2 (HttpServer2.java:bindListener(1191)) - Jetty bound to port 34282
2019-09-25 04:51:46,211 [main] INFO  server.Server (Server.java:doStart(351)) - jetty-9.3.25.v20180904, build timestamp: 2018-09-04T21:11:46Z, git hash: 3ce520221d0240229c862b122d2b06c12a625732
2019-09-25 04:51:46,214 [main] INFO  handler.ContextHandler (ContextHandler.java:doStart(781)) - Started o.e.j.s.ServletContextHandler@60c8a093{/logs,file:///workdir/hadoop-ozone/integration-test/target/log,AVAILABLE}
2019-09-25 04:51:46,214 [main] INFO  handler.ContextHandler (ContextHandler.java:doStart(781)) - Started o.e.j.s.ServletContextHandler@2a369e14{/static,jar:file:/home/user/.m2/repository/org/apache/hadoop/hadoop-hdds-container-service/0.5.0-SNAPSHOT/hadoop-hdds-container-service-0.5.0-SNAPSHOT.jar!/webapps/static,AVAILABLE}
2019-09-25 04:51:46,246 [main] INFO  handler.ContextHandler (ContextHandler.java:doStart(781)) - Started o.e.j.w.WebAppContext@127a7272{/,file:///tmp/jetty-0.0.0.0-34282-hddsDatanode-_-any-803276303297532888.dir/webapp/,AVAILABLE}{/hddsDatanode}
2019-09-25 04:51:46,246 [main] INFO  server.AbstractConnector (AbstractConnector.java:doStart(278)) - Started ServerConnector@ff23ae7{HTTP/1.1,[http/1.1]}{0.0.0.0:34282}
2019-09-25 04:51:46,248 [main] INFO  server.Server (Server.java:doStart(419)) - Started @5758ms
2019-09-25 04:51:46,248 [main] WARN  impl.MetricsSystemImpl (MetricsSystemImpl.java:register(276)) - Sink prometheus already exists!
2019-09-25 04:51:46,250 [main] INFO  server.BaseHttpServer (BaseHttpServer.java:updateConnectorAddress(215)) - HTTP server of HDDSDATANODE is listening at http://0.0.0.0:34282
2019-09-25 04:51:46,250 [main] INFO  impl.MetricsSystemImpl (MetricsSystemImpl.java:init(158)) - HddsDatanode metrics system started (again)
2019-09-25 04:51:46,254 [main] INFO  ozone.HddsDatanodeService (HddsDatanodeService.java:start(184)) - HddsDatanodeService host:pr-hdds-1569-s44lr-3492059363 ip:192.168.164.207
2019-09-25 04:51:46,254 [org.apache.hadoop.util.JvmPauseMonitor$Monitor@1c9757f5] INFO  util.JvmPauseMonitor (JvmPauseMonitor.java:run(188)) - Starting JVM pause monitor
2019-09-25 04:51:46,257 [Datanode State Machine Thread - 0] INFO  datanode.InitDatanodeState (InitDatanodeState.java:persistContainerDatanodeDetails(140)) - DatanodeDetails is persisted to /workdir/hadoop-ozone/integration-test/target/test-dir/MiniOzoneClusterImpl-ee606598-1675-4e02-b706-4bffbdc3363b/datanode-4/meta/datanode.id
2019-09-25 04:51:46,263 [main] INFO  volume.HddsVolume (HddsVolume.java:<init>(176)) - Creating Volume: /workdir/hadoop-ozone/integration-test/target/test-dir/MiniOzoneClusterImpl-ee606598-1675-4e02-b706-4bffbdc3363b/datanode-5/data/containers/hdds of  storage type : DISK and capacity : 1482555576320
2019-09-25 04:51:46,264 [main] INFO  volume.VolumeSet (VolumeSet.java:initializeVolumeSet(170)) - Added Volume : /workdir/hadoop-ozone/integration-test/target/test-dir/MiniOzoneClusterImpl-ee606598-1675-4e02-b706-4bffbdc3363b/datanode-5/data/containers/hdds to VolumeSet
2019-09-25 04:51:46,264 [main] INFO  volume.ThrottledAsyncChecker (ThrottledAsyncChecker.java:schedule(139)) - Scheduling a check for org.apache.hadoop.ozone.container.common.volume.HddsVolume@315f09ef
2019-09-25 04:51:46,264 [main] INFO  volume.HddsVolumeChecker (HddsVolumeChecker.java:checkAllVolumes(202)) - Scheduled health check for volume org.apache.hadoop.ozone.container.common.volume.HddsVolume@315f09ef
2019-09-25 04:51:46,282 [main] INFO  impl.RaftServerProxy (ConfUtils.java:logGet(43)) - raft.rpc.type = GRPC (default)
2019-09-25 04:51:46,282 [main] INFO  grpc.GrpcFactory (GrpcFactory.java:checkPooledByteBufAllocatorUseCacheForAllThreads(45)) - PERFORMANCE WARNING: useCacheForAllThreads is true that may cause Netty to create a lot garbage objects and, as a result, trigger GC.
	It is recommended to disable useCacheForAllThreads by setting -Dorg.apache.ratis.thirdparty.io.netty.allocator.useCacheForAllThreads=false in command line.
2019-09-25 04:51:46,282 [main] INFO  grpc.GrpcConfigKeys$Server (ConfUtils.java:logGet(43)) - raft.grpc.server.port = 0 (default)
2019-09-25 04:51:46,283 [main] INFO  server.GrpcService (ConfUtils.java:logGet(43)) - raft.grpc.message.size.max = 33570816 (custom)
2019-09-25 04:51:46,283 [main] INFO  server.RaftServerConfigKeys (ConfUtils.java:logGet(43)) - raft.server.log.appender.buffer.byte-limit = 33554432 (custom)
2019-09-25 04:51:46,283 [main] INFO  server.GrpcService (ConfUtils.java:logGet(43)) - raft.grpc.flow.control.window = 1MB (=1048576) (default)
2019-09-25 04:51:46,284 [main] INFO  server.RaftServerConfigKeys (ConfUtils.java:logGet(43)) - raft.server.rpc.request.timeout = 3000ms (default)
2019-09-25 04:51:46,284 [main] INFO  server.RaftServerConfigKeys (ConfUtils.java:logGet(43)) - raft.server.storage.dir = [/workdir/hadoop-ozone/integration-test/target/test-dir/MiniOzoneClusterImpl-ee606598-1675-4e02-b706-4bffbdc3363b/datanode-5/data/ratis] (custom)
2019-09-25 04:51:46,286 [main] INFO  hdfs.DFSUtil (DFSUtil.java:httpServerTemplateForNNAndJN(1641)) - Starting Web-server for hddsDatanode at: http://0.0.0.0:0
2019-09-25 04:51:46,287 [main] INFO  server.AuthenticationFilter (AuthenticationFilter.java:constructSecretProvider(240)) - Unable to initialize FileSignerSecretProvider, falling back to use random secrets.
2019-09-25 04:51:46,288 [main] WARN  http.HttpRequestLog (HttpRequestLog.java:getRequestLog(97)) - Jetty request log can only be enabled using Log4j
2019-09-25 04:51:46,290 [main] INFO  http.HttpServer2 (HttpServer2.java:addGlobalFilter(975)) - Added global filter 'safety' (class=org.apache.hadoop.http.HttpServer2$QuotingInputFilter)
2019-09-25 04:51:46,291 [main] INFO  http.HttpServer2 (HttpServer2.java:addFilter(948)) - Added filter static_user_filter (class=org.apache.hadoop.http.lib.StaticUserWebFilter$StaticUserFilter) to context hddsDatanode
2019-09-25 04:51:46,291 [main] INFO  http.HttpServer2 (HttpServer2.java:addFilter(958)) - Added filter static_user_filter (class=org.apache.hadoop.http.lib.StaticUserWebFilter$StaticUserFilter) to context logs
2019-09-25 04:51:46,291 [main] INFO  http.HttpServer2 (HttpServer2.java:addFilter(958)) - Added filter static_user_filter (class=org.apache.hadoop.http.lib.StaticUserWebFilter$StaticUserFilter) to context static
2019-09-25 04:51:46,292 [main] INFO  http.HttpServer2 (HttpServer2.java:bindListener(1191)) - Jetty bound to port 40015
2019-09-25 04:51:46,292 [main] INFO  server.Server (Server.java:doStart(351)) - jetty-9.3.25.v20180904, build timestamp: 2018-09-04T21:11:46Z, git hash: 3ce520221d0240229c862b122d2b06c12a625732
2019-09-25 04:51:46,294 [main] INFO  handler.ContextHandler (ContextHandler.java:doStart(781)) - Started o.e.j.s.ServletContextHandler@74170687{/logs,file:///workdir/hadoop-ozone/integration-test/target/log,AVAILABLE}
2019-09-25 04:51:46,295 [main] INFO  handler.ContextHandler (ContextHandler.java:doStart(781)) - Started o.e.j.s.ServletContextHandler@3d96fa9e{/static,jar:file:/home/user/.m2/repository/org/apache/hadoop/hadoop-hdds-container-service/0.5.0-SNAPSHOT/hadoop-hdds-container-service-0.5.0-SNAPSHOT.jar!/webapps/static,AVAILABLE}
2019-09-25 04:51:46,330 [main] INFO  handler.ContextHandler (ContextHandler.java:doStart(781)) - Started o.e.j.w.WebAppContext@254f906e{/,file:///tmp/jetty-0.0.0.0-40015-hddsDatanode-_-any-7855099019842288103.dir/webapp/,AVAILABLE}{/hddsDatanode}
2019-09-25 04:51:46,331 [main] INFO  server.AbstractConnector (AbstractConnector.java:doStart(278)) - Started ServerConnector@3d0035d2{HTTP/1.1,[http/1.1]}{0.0.0.0:40015}
2019-09-25 04:51:46,332 [main] INFO  server.Server (Server.java:doStart(419)) - Started @5842ms
2019-09-25 04:51:46,332 [main] WARN  impl.MetricsSystemImpl (MetricsSystemImpl.java:register(276)) - Sink prometheus already exists!
2019-09-25 04:51:46,333 [main] INFO  server.BaseHttpServer (BaseHttpServer.java:updateConnectorAddress(215)) - HTTP server of HDDSDATANODE is listening at http://0.0.0.0:40015
2019-09-25 04:51:46,333 [main] INFO  impl.MetricsSystemImpl (MetricsSystemImpl.java:init(158)) - HddsDatanode metrics system started (again)
2019-09-25 04:51:46,337 [main] INFO  ozone.HddsDatanodeService (HddsDatanodeService.java:start(184)) - HddsDatanodeService host:pr-hdds-1569-s44lr-3492059363 ip:192.168.164.207
2019-09-25 04:51:46,337 [org.apache.hadoop.util.JvmPauseMonitor$Monitor@58c85041] INFO  util.JvmPauseMonitor (JvmPauseMonitor.java:run(188)) - Starting JVM pause monitor
2019-09-25 04:51:46,340 [Datanode State Machine Thread - 0] INFO  datanode.InitDatanodeState (InitDatanodeState.java:persistContainerDatanodeDetails(140)) - DatanodeDetails is persisted to /workdir/hadoop-ozone/integration-test/target/test-dir/MiniOzoneClusterImpl-ee606598-1675-4e02-b706-4bffbdc3363b/datanode-5/meta/datanode.id
2019-09-25 04:51:46,345 [main] INFO  volume.HddsVolume (HddsVolume.java:<init>(176)) - Creating Volume: /workdir/hadoop-ozone/integration-test/target/test-dir/MiniOzoneClusterImpl-ee606598-1675-4e02-b706-4bffbdc3363b/datanode-6/data/containers/hdds of  storage type : DISK and capacity : 1482555576320
2019-09-25 04:51:46,345 [main] INFO  volume.VolumeSet (VolumeSet.java:initializeVolumeSet(170)) - Added Volume : /workdir/hadoop-ozone/integration-test/target/test-dir/MiniOzoneClusterImpl-ee606598-1675-4e02-b706-4bffbdc3363b/datanode-6/data/containers/hdds to VolumeSet
2019-09-25 04:51:46,346 [main] INFO  volume.ThrottledAsyncChecker (ThrottledAsyncChecker.java:schedule(139)) - Scheduling a check for org.apache.hadoop.ozone.container.common.volume.HddsVolume@38b8b6c0
2019-09-25 04:51:46,346 [main] INFO  volume.HddsVolumeChecker (HddsVolumeChecker.java:checkAllVolumes(202)) - Scheduled health check for volume org.apache.hadoop.ozone.container.common.volume.HddsVolume@38b8b6c0
2019-09-25 04:51:46,363 [main] INFO  impl.RaftServerProxy (ConfUtils.java:logGet(43)) - raft.rpc.type = GRPC (default)
2019-09-25 04:51:46,364 [main] INFO  grpc.GrpcFactory (GrpcFactory.java:checkPooledByteBufAllocatorUseCacheForAllThreads(45)) - PERFORMANCE WARNING: useCacheForAllThreads is true that may cause Netty to create a lot garbage objects and, as a result, trigger GC.
	It is recommended to disable useCacheForAllThreads by setting -Dorg.apache.ratis.thirdparty.io.netty.allocator.useCacheForAllThreads=false in command line.
2019-09-25 04:51:46,364 [main] INFO  grpc.GrpcConfigKeys$Server (ConfUtils.java:logGet(43)) - raft.grpc.server.port = 0 (default)
2019-09-25 04:51:46,364 [main] INFO  server.GrpcService (ConfUtils.java:logGet(43)) - raft.grpc.message.size.max = 33570816 (custom)
2019-09-25 04:51:46,365 [main] INFO  server.RaftServerConfigKeys (ConfUtils.java:logGet(43)) - raft.server.log.appender.buffer.byte-limit = 33554432 (custom)
2019-09-25 04:51:46,365 [main] INFO  server.GrpcService (ConfUtils.java:logGet(43)) - raft.grpc.flow.control.window = 1MB (=1048576) (default)
2019-09-25 04:51:46,365 [main] INFO  server.RaftServerConfigKeys (ConfUtils.java:logGet(43)) - raft.server.rpc.request.timeout = 3000ms (default)
2019-09-25 04:51:46,366 [main] INFO  server.RaftServerConfigKeys (ConfUtils.java:logGet(43)) - raft.server.storage.dir = [/workdir/hadoop-ozone/integration-test/target/test-dir/MiniOzoneClusterImpl-ee606598-1675-4e02-b706-4bffbdc3363b/datanode-6/data/ratis] (custom)
2019-09-25 04:51:46,368 [main] INFO  hdfs.DFSUtil (DFSUtil.java:httpServerTemplateForNNAndJN(1641)) - Starting Web-server for hddsDatanode at: http://0.0.0.0:0
2019-09-25 04:51:46,369 [main] INFO  server.AuthenticationFilter (AuthenticationFilter.java:constructSecretProvider(240)) - Unable to initialize FileSignerSecretProvider, falling back to use random secrets.
2019-09-25 04:51:46,370 [main] WARN  http.HttpRequestLog (HttpRequestLog.java:getRequestLog(97)) - Jetty request log can only be enabled using Log4j
2019-09-25 04:51:46,372 [main] INFO  http.HttpServer2 (HttpServer2.java:addGlobalFilter(975)) - Added global filter 'safety' (class=org.apache.hadoop.http.HttpServer2$QuotingInputFilter)
2019-09-25 04:51:46,373 [main] INFO  http.HttpServer2 (HttpServer2.java:addFilter(948)) - Added filter static_user_filter (class=org.apache.hadoop.http.lib.StaticUserWebFilter$StaticUserFilter) to context hddsDatanode
2019-09-25 04:51:46,374 [main] INFO  http.HttpServer2 (HttpServer2.java:addFilter(958)) - Added filter static_user_filter (class=org.apache.hadoop.http.lib.StaticUserWebFilter$StaticUserFilter) to context logs
2019-09-25 04:51:46,374 [main] INFO  http.HttpServer2 (HttpServer2.java:addFilter(958)) - Added filter static_user_filter (class=org.apache.hadoop.http.lib.StaticUserWebFilter$StaticUserFilter) to context static
2019-09-25 04:51:46,375 [main] INFO  http.HttpServer2 (HttpServer2.java:bindListener(1191)) - Jetty bound to port 39857
2019-09-25 04:51:46,376 [main] INFO  server.Server (Server.java:doStart(351)) - jetty-9.3.25.v20180904, build timestamp: 2018-09-04T21:11:46Z, git hash: 3ce520221d0240229c862b122d2b06c12a625732
2019-09-25 04:51:46,378 [main] INFO  handler.ContextHandler (ContextHandler.java:doStart(781)) - Started o.e.j.s.ServletContextHandler@2e645fbd{/logs,file:///workdir/hadoop-ozone/integration-test/target/log,AVAILABLE}
2019-09-25 04:51:46,379 [main] INFO  handler.ContextHandler (ContextHandler.java:doStart(781)) - Started o.e.j.s.ServletContextHandler@1e1e9ef3{/static,jar:file:/home/user/.m2/repository/org/apache/hadoop/hadoop-hdds-container-service/0.5.0-SNAPSHOT/hadoop-hdds-container-service-0.5.0-SNAPSHOT.jar!/webapps/static,AVAILABLE}
2019-09-25 04:51:46,425 [main] INFO  handler.ContextHandler (ContextHandler.java:doStart(781)) - Started o.e.j.w.WebAppContext@43f1bb92{/,file:///tmp/jetty-0.0.0.0-39857-hddsDatanode-_-any-5294588906606677090.dir/webapp/,AVAILABLE}{/hddsDatanode}
2019-09-25 04:51:46,425 [main] INFO  server.AbstractConnector (AbstractConnector.java:doStart(278)) - Started ServerConnector@6d6bbd35{HTTP/1.1,[http/1.1]}{0.0.0.0:39857}
2019-09-25 04:51:46,427 [main] INFO  server.Server (Server.java:doStart(419)) - Started @5937ms
2019-09-25 04:51:46,427 [main] WARN  impl.MetricsSystemImpl (MetricsSystemImpl.java:register(276)) - Sink prometheus already exists!
2019-09-25 04:51:46,428 [main] INFO  server.BaseHttpServer (BaseHttpServer.java:updateConnectorAddress(215)) - HTTP server of HDDSDATANODE is listening at http://0.0.0.0:39857
2019-09-25 04:51:46,431 [main] INFO  ozone.MiniOzoneClusterImpl (MiniOzoneClusterImpl.java:lambda$waitForClusterToBeReady$0(147)) - Waiting for cluster to be ready. Got 0 of 7 DN Heartbeats.
2019-09-25 04:51:46,432 [org.apache.hadoop.util.JvmPauseMonitor$Monitor@2af167d7] INFO  util.JvmPauseMonitor (JvmPauseMonitor.java:run(188)) - Starting JVM pause monitor
2019-09-25 04:51:46,436 [Datanode State Machine Thread - 0] INFO  datanode.InitDatanodeState (InitDatanodeState.java:persistContainerDatanodeDetails(140)) - DatanodeDetails is persisted to /workdir/hadoop-ozone/integration-test/target/test-dir/MiniOzoneClusterImpl-ee606598-1675-4e02-b706-4bffbdc3363b/datanode-6/meta/datanode.id
2019-09-25 04:51:47,431 [main] INFO  ozone.MiniOzoneClusterImpl (MiniOzoneClusterImpl.java:lambda$waitForClusterToBeReady$0(147)) - Waiting for cluster to be ready. Got 0 of 7 DN Heartbeats.
2019-09-25 04:51:47,977 [Datanode State Machine Thread - 0] INFO  ozoneimpl.OzoneContainer (OzoneContainer.java:start(217)) - Attempting to start container services.
2019-09-25 04:51:47,981 [Datanode State Machine Thread - 0] INFO  ozoneimpl.OzoneContainer (OzoneContainer.java:startContainerScrub(179)) - Background container scanner has been disabled.
2019-09-25 04:51:47,981 [Datanode State Machine Thread - 0] INFO  ratis.XceiverServerRatis (XceiverServerRatis.java:start(411)) - Starting XceiverServerRatis 38f9cd64-a54c-4b19-ac87-5788454c2084 at port 0
2019-09-25 04:51:48,014 [Datanode State Machine Thread - 0] INFO  ozoneimpl.OzoneContainer (OzoneContainer.java:start(217)) - Attempting to start container services.
2019-09-25 04:51:48,022 [Datanode State Machine Thread - 0] INFO  impl.RaftServerProxy (RaftServerProxy.java:lambda$start$3(299)) - 38f9cd64-a54c-4b19-ac87-5788454c2084: start RPC server
2019-09-25 04:51:48,023 [Datanode State Machine Thread - 0] INFO  ozoneimpl.OzoneContainer (OzoneContainer.java:startContainerScrub(179)) - Background container scanner has been disabled.
2019-09-25 04:51:48,023 [Datanode State Machine Thread - 0] INFO  ratis.XceiverServerRatis (XceiverServerRatis.java:start(411)) - Starting XceiverServerRatis af197493-ce66-4de5-b7e9-f4e1a29b0c2a at port 0
2019-09-25 04:51:48,035 [Datanode State Machine Thread - 0] INFO  impl.RaftServerProxy (RaftServerProxy.java:lambda$start$3(299)) - af197493-ce66-4de5-b7e9-f4e1a29b0c2a: start RPC server
2019-09-25 04:51:48,086 [Datanode State Machine Thread - 0] INFO  ozoneimpl.OzoneContainer (OzoneContainer.java:start(217)) - Attempting to start container services.
2019-09-25 04:51:48,091 [Datanode State Machine Thread - 0] INFO  ozoneimpl.OzoneContainer (OzoneContainer.java:startContainerScrub(179)) - Background container scanner has been disabled.
2019-09-25 04:51:48,092 [Datanode State Machine Thread - 0] INFO  ratis.XceiverServerRatis (XceiverServerRatis.java:start(411)) - Starting XceiverServerRatis 5ef12726-03f2-4870-a114-ed0a439e18ee at port 0
2019-09-25 04:51:48,100 [Datanode State Machine Thread - 0] INFO  impl.RaftServerProxy (RaftServerProxy.java:lambda$start$3(299)) - 5ef12726-03f2-4870-a114-ed0a439e18ee: start RPC server
2019-09-25 04:51:48,185 [Datanode State Machine Thread - 0] INFO  ozoneimpl.OzoneContainer (OzoneContainer.java:start(217)) - Attempting to start container services.
2019-09-25 04:51:48,186 [Datanode State Machine Thread - 0] INFO  ozoneimpl.OzoneContainer (OzoneContainer.java:startContainerScrub(179)) - Background container scanner has been disabled.
2019-09-25 04:51:48,186 [Datanode State Machine Thread - 0] INFO  ratis.XceiverServerRatis (XceiverServerRatis.java:start(411)) - Starting XceiverServerRatis a8f74c9c-c1e0-47fe-a430-51d3a9749877 at port 0
2019-09-25 04:51:48,198 [Datanode State Machine Thread - 0] INFO  impl.RaftServerProxy (RaftServerProxy.java:lambda$start$3(299)) - a8f74c9c-c1e0-47fe-a430-51d3a9749877: start RPC server
2019-09-25 04:51:48,212 [Datanode State Machine Thread - 0] INFO  server.GrpcService (GrpcService.java:startImpl(158)) - a8f74c9c-c1e0-47fe-a430-51d3a9749877: GrpcService started, listening on 0.0.0.0/0.0.0.0:37761
2019-09-25 04:51:48,212 [Datanode State Machine Thread - 0] INFO  server.GrpcService (GrpcService.java:startImpl(158)) - 5ef12726-03f2-4870-a114-ed0a439e18ee: GrpcService started, listening on 0.0.0.0/0.0.0.0:40177
2019-09-25 04:51:48,213 [Datanode State Machine Thread - 0] INFO  ratis.XceiverServerRatis (XceiverServerRatis.java:start(421)) - XceiverServerRatis a8f74c9c-c1e0-47fe-a430-51d3a9749877 is started using port 37761
2019-09-25 04:51:48,212 [Datanode State Machine Thread - 0] INFO  server.GrpcService (GrpcService.java:startImpl(158)) - 38f9cd64-a54c-4b19-ac87-5788454c2084: GrpcService started, listening on 0.0.0.0/0.0.0.0:42162
2019-09-25 04:51:48,212 [Datanode State Machine Thread - 0] INFO  server.GrpcService (GrpcService.java:startImpl(158)) - af197493-ce66-4de5-b7e9-f4e1a29b0c2a: GrpcService started, listening on 0.0.0.0/0.0.0.0:32804
2019-09-25 04:51:48,213 [Datanode State Machine Thread - 0] INFO  ratis.XceiverServerRatis (XceiverServerRatis.java:start(421)) - XceiverServerRatis 38f9cd64-a54c-4b19-ac87-5788454c2084 is started using port 42162
2019-09-25 04:51:48,213 [Datanode State Machine Thread - 0] INFO  ratis.XceiverServerRatis (XceiverServerRatis.java:start(421)) - XceiverServerRatis 5ef12726-03f2-4870-a114-ed0a439e18ee is started using port 40177
2019-09-25 04:51:48,214 [Datanode State Machine Thread - 0] INFO  ratis.XceiverServerRatis (XceiverServerRatis.java:start(421)) - XceiverServerRatis af197493-ce66-4de5-b7e9-f4e1a29b0c2a is started using port 32804
2019-09-25 04:51:48,221 [Datanode State Machine Thread - 0] INFO  server.XceiverServerGrpc (XceiverServerGrpc.java:start(149)) - XceiverServerGrpc af197493-ce66-4de5-b7e9-f4e1a29b0c2a is started using port 43788
2019-09-25 04:51:48,221 [Datanode State Machine Thread - 0] INFO  server.XceiverServerGrpc (XceiverServerGrpc.java:start(149)) - XceiverServerGrpc 38f9cd64-a54c-4b19-ac87-5788454c2084 is started using port 32928
2019-09-25 04:51:48,222 [Datanode State Machine Thread - 0] INFO  server.XceiverServerGrpc (XceiverServerGrpc.java:start(149)) - XceiverServerGrpc 5ef12726-03f2-4870-a114-ed0a439e18ee is started using port 36375
2019-09-25 04:51:48,221 [Datanode State Machine Thread - 0] INFO  server.XceiverServerGrpc (XceiverServerGrpc.java:start(149)) - XceiverServerGrpc a8f74c9c-c1e0-47fe-a430-51d3a9749877 is started using port 42417
2019-09-25 04:51:48,271 [Datanode State Machine Thread - 0] INFO  ozoneimpl.OzoneContainer (OzoneContainer.java:start(217)) - Attempting to start container services.
2019-09-25 04:51:48,272 [Datanode State Machine Thread - 0] INFO  ozoneimpl.OzoneContainer (OzoneContainer.java:startContainerScrub(179)) - Background container scanner has been disabled.
2019-09-25 04:51:48,272 [Datanode State Machine Thread - 0] INFO  ratis.XceiverServerRatis (XceiverServerRatis.java:start(411)) - Starting XceiverServerRatis 061f0142-df7f-4ee2-9f4c-60a73b1123be at port 0
2019-09-25 04:51:48,278 [Datanode State Machine Thread - 0] INFO  impl.RaftServerProxy (RaftServerProxy.java:lambda$start$3(299)) - 061f0142-df7f-4ee2-9f4c-60a73b1123be: start RPC server
2019-09-25 04:51:48,281 [Datanode State Machine Thread - 0] INFO  server.GrpcService (GrpcService.java:startImpl(158)) - 061f0142-df7f-4ee2-9f4c-60a73b1123be: GrpcService started, listening on 0.0.0.0/0.0.0.0:36055
2019-09-25 04:51:48,281 [Datanode State Machine Thread - 0] INFO  ratis.XceiverServerRatis (XceiverServerRatis.java:start(421)) - XceiverServerRatis 061f0142-df7f-4ee2-9f4c-60a73b1123be is started using port 36055
2019-09-25 04:51:48,284 [Datanode State Machine Thread - 0] INFO  server.XceiverServerGrpc (XceiverServerGrpc.java:start(149)) - XceiverServerGrpc 061f0142-df7f-4ee2-9f4c-60a73b1123be is started using port 33032
2019-09-25 04:51:48,353 [Datanode State Machine Thread - 0] INFO  ozoneimpl.OzoneContainer (OzoneContainer.java:start(217)) - Attempting to start container services.
2019-09-25 04:51:48,353 [Datanode State Machine Thread - 0] INFO  ozoneimpl.OzoneContainer (OzoneContainer.java:startContainerScrub(179)) - Background container scanner has been disabled.
2019-09-25 04:51:48,354 [Datanode State Machine Thread - 0] INFO  ratis.XceiverServerRatis (XceiverServerRatis.java:start(411)) - Starting XceiverServerRatis a47783cb-f32c-4b3c-a96f-229a7b607849 at port 0
2019-09-25 04:51:48,359 [Datanode State Machine Thread - 0] INFO  impl.RaftServerProxy (RaftServerProxy.java:lambda$start$3(299)) - a47783cb-f32c-4b3c-a96f-229a7b607849: start RPC server
2019-09-25 04:51:48,362 [Datanode State Machine Thread - 0] INFO  server.GrpcService (GrpcService.java:startImpl(158)) - a47783cb-f32c-4b3c-a96f-229a7b607849: GrpcService started, listening on 0.0.0.0/0.0.0.0:45684
2019-09-25 04:51:48,362 [Datanode State Machine Thread - 0] INFO  ratis.XceiverServerRatis (XceiverServerRatis.java:start(421)) - XceiverServerRatis a47783cb-f32c-4b3c-a96f-229a7b607849 is started using port 45684
2019-09-25 04:51:48,364 [Datanode State Machine Thread - 0] INFO  server.XceiverServerGrpc (XceiverServerGrpc.java:start(149)) - XceiverServerGrpc a47783cb-f32c-4b3c-a96f-229a7b607849 is started using port 35151
2019-09-25 04:51:48,432 [main] INFO  ozone.MiniOzoneClusterImpl (MiniOzoneClusterImpl.java:lambda$waitForClusterToBeReady$0(147)) - Waiting for cluster to be ready. Got 0 of 7 DN Heartbeats.
2019-09-25 04:51:48,449 [Datanode State Machine Thread - 0] INFO  ozoneimpl.OzoneContainer (OzoneContainer.java:start(217)) - Attempting to start container services.
2019-09-25 04:51:48,449 [Datanode State Machine Thread - 0] INFO  ozoneimpl.OzoneContainer (OzoneContainer.java:startContainerScrub(179)) - Background container scanner has been disabled.
2019-09-25 04:51:48,449 [Datanode State Machine Thread - 0] INFO  ratis.XceiverServerRatis (XceiverServerRatis.java:start(411)) - Starting XceiverServerRatis 38e0221b-1a06-473d-b1e9-41261cc0c838 at port 0
2019-09-25 04:51:48,458 [Datanode State Machine Thread - 0] INFO  impl.RaftServerProxy (RaftServerProxy.java:lambda$start$3(299)) - 38e0221b-1a06-473d-b1e9-41261cc0c838: start RPC server
2019-09-25 04:51:48,461 [Datanode State Machine Thread - 0] INFO  server.GrpcService (GrpcService.java:startImpl(158)) - 38e0221b-1a06-473d-b1e9-41261cc0c838: GrpcService started, listening on 0.0.0.0/0.0.0.0:35429
2019-09-25 04:51:48,462 [Datanode State Machine Thread - 0] INFO  ratis.XceiverServerRatis (XceiverServerRatis.java:start(421)) - XceiverServerRatis 38e0221b-1a06-473d-b1e9-41261cc0c838 is started using port 35429
2019-09-25 04:51:48,467 [Datanode State Machine Thread - 0] INFO  server.XceiverServerGrpc (XceiverServerGrpc.java:start(149)) - XceiverServerGrpc 38e0221b-1a06-473d-b1e9-41261cc0c838 is started using port 36073
2019-09-25 04:51:49,434 [main] INFO  ozone.MiniOzoneClusterImpl (MiniOzoneClusterImpl.java:lambda$waitForClusterToBeReady$0(147)) - Waiting for cluster to be ready. Got 0 of 7 DN Heartbeats.
2019-09-25 04:51:49,942 [IPC Server handler 3 on 46736] INFO  net.NetworkTopology (NetworkTopologyImpl.java:add(111)) - Added a new node: /default-rack/38f9cd64-a54c-4b19-ac87-5788454c2084
2019-09-25 04:51:49,942 [IPC Server handler 3 on 46736] INFO  node.SCMNodeManager (SCMNodeManager.java:register(266)) - Registered Data node : 38f9cd64-a54c-4b19-ac87-5788454c2084{ip: 192.168.164.207, host: pr-hdds-1569-s44lr-3492059363, networkLocation: /default-rack, certSerialId: null}
2019-09-25 04:51:49,948 [EventQueue-NodeRegistrationContainerReportForDataNodeSafeModeRule] INFO  safemode.SCMSafeModeManager (DataNodeSafeModeRule.java:process(71)) - SCM in safe mode. 1 DataNodes registered, 1 required.
2019-09-25 04:51:49,948 [EventQueue-NodeRegistrationContainerReportForDataNodeSafeModeRule] INFO  safemode.SCMSafeModeManager (SCMSafeModeManager.java:validateSafeModeExitRules(177)) - ScmSafeModeManager, all rules are successfully validated
2019-09-25 04:51:49,948 [EventQueue-NodeRegistrationContainerReportForDataNodeSafeModeRule] INFO  safemode.SCMSafeModeManager (SCMSafeModeManager.java:exitSafeMode(193)) - SCM exiting safe mode.
2019-09-25 04:51:49,998 [IPC Server handler 2 on 46736] INFO  net.NetworkTopology (NetworkTopologyImpl.java:add(111)) - Added a new node: /default-rack/af197493-ce66-4de5-b7e9-f4e1a29b0c2a
2019-09-25 04:51:49,998 [IPC Server handler 2 on 46736] INFO  node.SCMNodeManager (SCMNodeManager.java:register(266)) - Registered Data node : af197493-ce66-4de5-b7e9-f4e1a29b0c2a{ip: 192.168.164.207, host: pr-hdds-1569-s44lr-3492059363, networkLocation: /default-rack, certSerialId: null}
2019-09-25 04:51:50,072 [IPC Server handler 1 on 46736] INFO  net.NetworkTopology (NetworkTopologyImpl.java:add(111)) - Added a new node: /default-rack/5ef12726-03f2-4870-a114-ed0a439e18ee
2019-09-25 04:51:50,072 [IPC Server handler 1 on 46736] INFO  node.SCMNodeManager (SCMNodeManager.java:register(266)) - Registered Data node : 5ef12726-03f2-4870-a114-ed0a439e18ee{ip: 192.168.164.207, host: pr-hdds-1569-s44lr-3492059363, networkLocation: /default-rack, certSerialId: null}
2019-09-25 04:51:50,171 [IPC Server handler 5 on 46736] INFO  net.NetworkTopology (NetworkTopologyImpl.java:add(111)) - Added a new node: /default-rack/a8f74c9c-c1e0-47fe-a430-51d3a9749877
2019-09-25 04:51:50,171 [IPC Server handler 5 on 46736] INFO  node.SCMNodeManager (SCMNodeManager.java:register(266)) - Registered Data node : a8f74c9c-c1e0-47fe-a430-51d3a9749877{ip: 192.168.164.207, host: pr-hdds-1569-s44lr-3492059363, networkLocation: /default-rack, certSerialId: null}
2019-09-25 04:51:50,258 [IPC Server handler 6 on 46736] INFO  net.NetworkTopology (NetworkTopologyImpl.java:add(111)) - Added a new node: /default-rack/061f0142-df7f-4ee2-9f4c-60a73b1123be
2019-09-25 04:51:50,259 [IPC Server handler 6 on 46736] INFO  node.SCMNodeManager (SCMNodeManager.java:register(266)) - Registered Data node : 061f0142-df7f-4ee2-9f4c-60a73b1123be{ip: 192.168.164.207, host: pr-hdds-1569-s44lr-3492059363, networkLocation: /default-rack, certSerialId: null}
2019-09-25 04:51:50,339 [IPC Server handler 4 on 46736] INFO  net.NetworkTopology (NetworkTopologyImpl.java:add(111)) - Added a new node: /default-rack/a47783cb-f32c-4b3c-a96f-229a7b607849
2019-09-25 04:51:50,340 [IPC Server handler 4 on 46736] INFO  node.SCMNodeManager (SCMNodeManager.java:register(266)) - Registered Data node : a47783cb-f32c-4b3c-a96f-229a7b607849{ip: 192.168.164.207, host: pr-hdds-1569-s44lr-3492059363, networkLocation: /default-rack, certSerialId: null}
2019-09-25 04:51:50,437 [main] INFO  ozone.MiniOzoneClusterImpl (MiniOzoneClusterImpl.java:lambda$waitForClusterToBeReady$0(147)) - Waiting for cluster to be ready. Got 6 of 7 DN Heartbeats.
2019-09-25 04:51:50,438 [IPC Server handler 3 on 46736] INFO  net.NetworkTopology (NetworkTopologyImpl.java:add(111)) - Added a new node: /default-rack/38e0221b-1a06-473d-b1e9-41261cc0c838
2019-09-25 04:51:50,438 [IPC Server handler 3 on 46736] INFO  node.SCMNodeManager (SCMNodeManager.java:register(266)) - Registered Data node : 38e0221b-1a06-473d-b1e9-41261cc0c838{ip: 192.168.164.207, host: pr-hdds-1569-s44lr-3492059363, networkLocation: /default-rack, certSerialId: null}
2019-09-25 04:51:50,522 [grpc-default-executor-0] INFO  impl.RaftServerProxy (RaftServerProxy.java:addNew(89)) - 38f9cd64-a54c-4b19-ac87-5788454c2084: addNew group-2C711F5C2A06:[38f9cd64-a54c-4b19-ac87-5788454c2084:192.168.164.207:42162] returns group-2C711F5C2A06:java.util.concurrent.CompletableFuture@75db7a7d[Not completed]
2019-09-25 04:51:50,540 [pool-27-thread-1] INFO  impl.RaftServerImpl (RaftServerImpl.java:<init>(95)) - 38f9cd64-a54c-4b19-ac87-5788454c2084: new RaftServerImpl for group-2C711F5C2A06:[38f9cd64-a54c-4b19-ac87-5788454c2084:192.168.164.207:42162] with ContainerStateMachine:uninitialized
2019-09-25 04:51:50,542 [pool-27-thread-1] INFO  server.RaftServerConfigKeys (ConfUtils.java:logGet(43)) - raft.server.rpc.timeout.min = 5s (custom)
2019-09-25 04:51:50,544 [pool-27-thread-1] INFO  server.RaftServerConfigKeys (ConfUtils.java:logGet(43)) - raft.server.rpc.timeout.max = 5200ms (custom)
2019-09-25 04:51:50,544 [pool-27-thread-1] INFO  server.RaftServerConfigKeys (ConfUtils.java:logGet(43)) - raft.server.rpcslowness.timeout = 120s (custom)
2019-09-25 04:51:50,545 [pool-27-thread-1] INFO  server.RaftServerConfigKeys (ConfUtils.java:logGet(43)) - raft.server.sleep.deviation.threshold = 300 (default)
2019-09-25 04:51:50,547 [pool-27-thread-1] INFO  server.RaftServerConfigKeys (ConfUtils.java:logGet(43)) - raft.server.log.appender.install.snapshot.enabled = false (custom)
2019-09-25 04:51:50,557 [pool-27-thread-1] INFO  impl.RaftServerImpl (ServerState.java:<init>(103)) - 38f9cd64-a54c-4b19-ac87-5788454c2084@group-2C711F5C2A06: ConfigurationManager, init=-1: [38f9cd64-a54c-4b19-ac87-5788454c2084:192.168.164.207:42162], old=null, confs=<EMPTY_MAP>
2019-09-25 04:51:50,557 [pool-27-thread-1] INFO  server.RaftServerConfigKeys (ConfUtils.java:logGet(43)) - raft.server.storage.dir = [/workdir/hadoop-ozone/integration-test/target/test-dir/MiniOzoneClusterImpl-ee606598-1675-4e02-b706-4bffbdc3363b/datanode-0/data/ratis] (custom)
2019-09-25 04:51:50,567 [pool-27-thread-1] INFO  storage.RaftStorageDirectory (RaftStorageDirectory.java:analyzeStorage(246)) - The storage directory /workdir/hadoop-ozone/integration-test/target/test-dir/MiniOzoneClusterImpl-ee606598-1675-4e02-b706-4bffbdc3363b/datanode-0/data/ratis/c3c4e4d1-a408-4d1d-929c-2c711f5c2a06 does not exist. Creating ...
2019-09-25 04:51:50,585 [pool-27-thread-1] INFO  storage.RaftStorageDirectory (RaftStorageDirectory.java:tryLock(328)) - Lock on /workdir/hadoop-ozone/integration-test/target/test-dir/MiniOzoneClusterImpl-ee606598-1675-4e02-b706-4bffbdc3363b/datanode-0/data/ratis/c3c4e4d1-a408-4d1d-929c-2c711f5c2a06/in_use.lock acquired by nodename 13544@pr-hdds-1569-s44lr-3492059363
2019-09-25 04:51:50,600 [pool-27-thread-1] INFO  storage.RaftStorage (RaftStorage.java:format(72)) - Storage directory /workdir/hadoop-ozone/integration-test/target/test-dir/MiniOzoneClusterImpl-ee606598-1675-4e02-b706-4bffbdc3363b/datanode-0/data/ratis/c3c4e4d1-a408-4d1d-929c-2c711f5c2a06 has been successfully formatted.
2019-09-25 04:51:50,602 [pool-27-thread-1] INFO  ratis.ContainerStateMachine (ContainerStateMachine.java:loadSnapshot(230)) - group-2C711F5C2A06: The snapshot info is null. Setting the last applied indexto:(t:0, i:~)
2019-09-25 04:51:50,602 [pool-27-thread-1] INFO  server.RaftServerConfigKeys (ConfUtils.java:logGet(43)) - raft.server.notification.no-leader.timeout = 120s (custom)
2019-09-25 04:51:50,605 [pool-27-thread-1] INFO  server.RaftServerConfigKeys (ConfUtils.java:logGet(43)) - raft.server.log.use.memory = false (default)
2019-09-25 04:51:50,611 [pool-27-thread-1] INFO  server.RaftServerConfigKeys (ConfUtils.java:logGet(43)) - raft.server.log.purge.gap = 1000000 (custom)
2019-09-25 04:51:50,611 [pool-27-thread-1] INFO  server.RaftServerConfigKeys (ConfUtils.java:logGet(43)) - raft.server.log.appender.buffer.byte-limit = 33554432 (custom)
2019-09-25 04:51:50,614 [pool-27-thread-1] INFO  server.RaftServerConfigKeys (ConfUtils.java:logGet(43)) - raft.server.log.segment.size.max = 1048576 (custom)
2019-09-25 04:51:50,619 [pool-27-thread-1] INFO  server.RaftServerConfigKeys (ConfUtils.java:logGet(43)) - raft.server.log.segment.cache.num.max = 2 (custom)
2019-09-25 04:51:50,625 [pool-27-thread-1] INFO  segmented.SegmentedRaftLogWorker (SegmentedRaftLogWorker.java:<init>(172)) - new 38f9cd64-a54c-4b19-ac87-5788454c2084@group-2C711F5C2A06-SegmentedRaftLogWorker for RaftStorage:Storage Directory /workdir/hadoop-ozone/integration-test/target/test-dir/MiniOzoneClusterImpl-ee606598-1675-4e02-b706-4bffbdc3363b/datanode-0/data/ratis/c3c4e4d1-a408-4d1d-929c-2c711f5c2a06
2019-09-25 04:51:50,626 [pool-27-thread-1] INFO  impl.MetricsSystemImpl (MetricsSystemImpl.java:init(158)) - ratis metrics system started (again)
2019-09-25 04:51:50,634 [pool-27-thread-1] INFO  metrics.MetricRegistries (MetricRegistriesLoader.java:load(64)) - Loaded MetricRegistries class org.apache.ratis.metrics.impl.MetricRegistriesImpl
2019-09-25 04:51:50,665 [pool-27-thread-1] INFO  server.RaftServerConfigKeys (ConfUtils.java:logGet(43)) - raft.server.log.queue.byte-limit = 2147483647 (custom)
2019-09-25 04:51:50,665 [pool-27-thread-1] INFO  server.RaftServerConfigKeys (ConfUtils.java:logGet(43)) - raft.server.log.queue.element-limit = 1024 (custom)
2019-09-25 04:51:50,668 [pool-27-thread-1] INFO  server.RaftServerConfigKeys (ConfUtils.java:logGet(43)) - raft.server.log.segment.size.max = 1048576 (custom)
2019-09-25 04:51:50,669 [pool-27-thread-1] INFO  server.RaftServerConfigKeys (ConfUtils.java:logGet(43)) - raft.server.log.preallocated.size = 16384 (custom)
2019-09-25 04:51:50,669 [pool-27-thread-1] INFO  server.RaftServerConfigKeys (ConfUtils.java:logGet(43)) - raft.server.log.write.buffer.size = 33554432 (custom)
2019-09-25 04:51:50,669 [pool-27-thread-1] INFO  server.RaftServerConfigKeys (ConfUtils.java:logGet(43)) - raft.server.log.force.sync.num = 128 (default)
2019-09-25 04:51:50,670 [pool-27-thread-1] INFO  server.RaftServerConfigKeys (ConfUtils.java:logGet(43)) - raft.server.log.statemachine.data.sync = true (default)
2019-09-25 04:51:50,670 [pool-27-thread-1] INFO  server.RaftServerConfigKeys (ConfUtils.java:logGet(43)) - raft.server.log.statemachine.data.sync.timeout = 10s (default)
2019-09-25 04:51:50,671 [pool-27-thread-1] INFO  server.RaftServerConfigKeys (ConfUtils.java:logGet(43)) - raft.server.log.statemachine.data.sync.timeout.retry = -1 (default)
2019-09-25 04:51:50,679 [pool-27-thread-1] INFO  server.RaftServerConfigKeys (ConfUtils.java:logGet(43)) - raft.server.log.statemachine.data.caching.enabled = true (custom)
2019-09-25 04:51:50,683 [pool-27-thread-1] INFO  segmented.SegmentedRaftLogWorker (SegmentedRaftLogWorker.java:lambda$new$0(132)) - 38f9cd64-a54c-4b19-ac87-5788454c2084@group-2C711F5C2A06-SegmentedRaftLogWorker: flushIndex: setUnconditionally 0 -> -1
2019-09-25 04:51:50,687 [pool-27-thread-1] INFO  server.RaftServerConfigKeys (ConfUtils.java:logGet(43)) - raft.server.snapshot.auto.trigger.enabled = true (custom)
2019-09-25 04:51:50,688 [pool-27-thread-1] INFO  server.RaftServerConfigKeys (ConfUtils.java:logGet(43)) - raft.server.snapshot.auto.trigger.threshold = 10000 (custom)
2019-09-25 04:51:50,688 [pool-27-thread-1] INFO  server.RaftServerConfigKeys (ConfUtils.java:logGet(43)) - raft.server.snapshot.retention.num.files = 5 (custom)
2019-09-25 04:51:50,689 [pool-27-thread-1] INFO  server.RaftServerConfigKeys (ConfUtils.java:logGet(43)) - raft.server.retrycache.expirytime = 600000ms (custom)
2019-09-25 04:51:50,714 [pool-27-thread-1] INFO  impl.RaftServerImpl (RaftServerImpl.java:start(185)) - 38f9cd64-a54c-4b19-ac87-5788454c2084@group-2C711F5C2A06: start as a follower, conf=-1: [38f9cd64-a54c-4b19-ac87-5788454c2084:192.168.164.207:42162], old=null
2019-09-25 04:51:50,715 [pool-27-thread-1] INFO  impl.RaftServerImpl (RaftServerImpl.java:setRole(174)) - 38f9cd64-a54c-4b19-ac87-5788454c2084@group-2C711F5C2A06: changes role from      null to FOLLOWER at term 0 for startAsFollower
2019-09-25 04:51:50,716 [pool-27-thread-1] INFO  impl.RoleInfo (RoleInfo.java:updateAndGet(143)) - 38f9cd64-a54c-4b19-ac87-5788454c2084: start FollowerState
2019-09-25 04:51:50,718 [pool-27-thread-1] INFO  util.JmxRegister (JmxRegister.java:tryRegister(44)) - Successfully registered JMX Bean with object name Ratis:service=RaftServer,group=group-2C711F5C2A06,id=38f9cd64-a54c-4b19-ac87-5788454c2084
2019-09-25 04:51:50,793 [RatisPipelineUtilsThread] INFO  pipeline.PipelineStateManager (PipelineStateManager.java:addPipeline(56)) - Created pipeline Pipeline[ Id: c3c4e4d1-a408-4d1d-929c-2c711f5c2a06, Nodes: 38f9cd64-a54c-4b19-ac87-5788454c2084{ip: 192.168.164.207, host: pr-hdds-1569-s44lr-3492059363, networkLocation: /default-rack, certSerialId: null}, Type:RATIS, Factor:ONE, State:OPEN]
2019-09-25 04:51:50,822 [grpc-default-executor-0] INFO  impl.RaftServerProxy (RaftServerProxy.java:addNew(89)) - 061f0142-df7f-4ee2-9f4c-60a73b1123be: addNew group-ACD37A13DC40:[061f0142-df7f-4ee2-9f4c-60a73b1123be:192.168.164.207:36055] returns group-ACD37A13DC40:java.util.concurrent.CompletableFuture@69477965[Not completed]
2019-09-25 04:51:50,877 [pool-67-thread-1] INFO  impl.RaftServerImpl (RaftServerImpl.java:<init>(95)) - 061f0142-df7f-4ee2-9f4c-60a73b1123be: new RaftServerImpl for group-ACD37A13DC40:[061f0142-df7f-4ee2-9f4c-60a73b1123be:192.168.164.207:36055] with ContainerStateMachine:uninitialized
2019-09-25 04:51:50,879 [pool-67-thread-1] INFO  server.RaftServerConfigKeys (ConfUtils.java:logGet(43)) - raft.server.rpc.timeout.min = 5s (custom)
2019-09-25 04:51:50,879 [pool-67-thread-1] INFO  server.RaftServerConfigKeys (ConfUtils.java:logGet(43)) - raft.server.rpc.timeout.max = 5200ms (custom)
2019-09-25 04:51:50,879 [pool-67-thread-1] INFO  server.RaftServerConfigKeys (ConfUtils.java:logGet(43)) - raft.server.rpcslowness.timeout = 120s (custom)
2019-09-25 04:51:50,880 [pool-67-thread-1] INFO  server.RaftServerConfigKeys (ConfUtils.java:logGet(43)) - raft.server.sleep.deviation.threshold = 300 (default)
2019-09-25 04:51:50,880 [pool-67-thread-1] INFO  server.RaftServerConfigKeys (ConfUtils.java:logGet(43)) - raft.server.log.appender.install.snapshot.enabled = false (custom)
2019-09-25 04:51:50,880 [pool-67-thread-1] INFO  impl.RaftServerImpl (ServerState.java:<init>(103)) - 061f0142-df7f-4ee2-9f4c-60a73b1123be@group-ACD37A13DC40: ConfigurationManager, init=-1: [061f0142-df7f-4ee2-9f4c-60a73b1123be:192.168.164.207:36055], old=null, confs=<EMPTY_MAP>
2019-09-25 04:51:50,880 [pool-67-thread-1] INFO  server.RaftServerConfigKeys (ConfUtils.java:logGet(43)) - raft.server.storage.dir = [/workdir/hadoop-ozone/integration-test/target/test-dir/MiniOzoneClusterImpl-ee606598-1675-4e02-b706-4bffbdc3363b/datanode-4/data/ratis] (custom)
2019-09-25 04:51:50,881 [pool-67-thread-1] INFO  storage.RaftStorageDirectory (RaftStorageDirectory.java:analyzeStorage(246)) - The storage directory /workdir/hadoop-ozone/integration-test/target/test-dir/MiniOzoneClusterImpl-ee606598-1675-4e02-b706-4bffbdc3363b/datanode-4/data/ratis/37d79530-2e53-4753-95a5-acd37a13dc40 does not exist. Creating ...
2019-09-25 04:51:50,896 [pool-67-thread-1] INFO  storage.RaftStorageDirectory (RaftStorageDirectory.java:tryLock(328)) - Lock on /workdir/hadoop-ozone/integration-test/target/test-dir/MiniOzoneClusterImpl-ee606598-1675-4e02-b706-4bffbdc3363b/datanode-4/data/ratis/37d79530-2e53-4753-95a5-acd37a13dc40/in_use.lock acquired by nodename 13544@pr-hdds-1569-s44lr-3492059363
2019-09-25 04:51:50,910 [pool-67-thread-1] INFO  storage.RaftStorage (RaftStorage.java:format(72)) - Storage directory /workdir/hadoop-ozone/integration-test/target/test-dir/MiniOzoneClusterImpl-ee606598-1675-4e02-b706-4bffbdc3363b/datanode-4/data/ratis/37d79530-2e53-4753-95a5-acd37a13dc40 has been successfully formatted.
2019-09-25 04:51:50,912 [pool-67-thread-1] INFO  ratis.ContainerStateMachine (ContainerStateMachine.java:loadSnapshot(230)) - group-ACD37A13DC40: The snapshot info is null. Setting the last applied indexto:(t:0, i:~)
2019-09-25 04:51:50,914 [pool-67-thread-1] INFO  server.RaftServerConfigKeys (ConfUtils.java:logGet(43)) - raft.server.notification.no-leader.timeout = 120s (custom)
2019-09-25 04:51:50,914 [pool-67-thread-1] INFO  server.RaftServerConfigKeys (ConfUtils.java:logGet(43)) - raft.server.log.use.memory = false (default)
2019-09-25 04:51:50,914 [pool-67-thread-1] INFO  server.RaftServerConfigKeys (ConfUtils.java:logGet(43)) - raft.server.log.purge.gap = 1000000 (custom)
2019-09-25 04:51:50,914 [pool-67-thread-1] INFO  server.RaftServerConfigKeys (ConfUtils.java:logGet(43)) - raft.server.log.appender.buffer.byte-limit = 33554432 (custom)
2019-09-25 04:51:50,914 [pool-67-thread-1] INFO  server.RaftServerConfigKeys (ConfUtils.java:logGet(43)) - raft.server.log.segment.size.max = 1048576 (custom)
2019-09-25 04:51:50,914 [pool-67-thread-1] INFO  server.RaftServerConfigKeys (ConfUtils.java:logGet(43)) - raft.server.log.segment.cache.num.max = 2 (custom)
2019-09-25 04:51:50,914 [pool-67-thread-1] INFO  segmented.SegmentedRaftLogWorker (SegmentedRaftLogWorker.java:<init>(172)) - new 061f0142-df7f-4ee2-9f4c-60a73b1123be@group-ACD37A13DC40-SegmentedRaftLogWorker for RaftStorage:Storage Directory /workdir/hadoop-ozone/integration-test/target/test-dir/MiniOzoneClusterImpl-ee606598-1675-4e02-b706-4bffbdc3363b/datanode-4/data/ratis/37d79530-2e53-4753-95a5-acd37a13dc40
2019-09-25 04:51:50,920 [pool-67-thread-1] INFO  server.RaftServerConfigKeys (ConfUtils.java:logGet(43)) - raft.server.log.queue.byte-limit = 2147483647 (custom)
2019-09-25 04:51:50,921 [pool-67-thread-1] INFO  server.RaftServerConfigKeys (ConfUtils.java:logGet(43)) - raft.server.log.queue.element-limit = 1024 (custom)
2019-09-25 04:51:50,921 [pool-67-thread-1] INFO  server.RaftServerConfigKeys (ConfUtils.java:logGet(43)) - raft.server.log.segment.size.max = 1048576 (custom)
2019-09-25 04:51:50,921 [pool-67-thread-1] INFO  server.RaftServerConfigKeys (ConfUtils.java:logGet(43)) - raft.server.log.preallocated.size = 16384 (custom)
2019-09-25 04:51:50,921 [pool-67-thread-1] INFO  server.RaftServerConfigKeys (ConfUtils.java:logGet(43)) - raft.server.log.write.buffer.size = 33554432 (custom)
2019-09-25 04:51:50,921 [pool-67-thread-1] INFO  server.RaftServerConfigKeys (ConfUtils.java:logGet(43)) - raft.server.log.force.sync.num = 128 (default)
2019-09-25 04:51:50,921 [pool-67-thread-1] INFO  server.RaftServerConfigKeys (ConfUtils.java:logGet(43)) - raft.server.log.statemachine.data.sync = true (default)
2019-09-25 04:51:50,921 [pool-67-thread-1] INFO  server.RaftServerConfigKeys (ConfUtils.java:logGet(43)) - raft.server.log.statemachine.data.sync.timeout = 10s (default)
2019-09-25 04:51:50,922 [pool-67-thread-1] INFO  server.RaftServerConfigKeys (ConfUtils.java:logGet(43)) - raft.server.log.statemachine.data.sync.timeout.retry = -1 (default)
2019-09-25 04:51:50,922 [pool-67-thread-1] INFO  server.RaftServerConfigKeys (ConfUtils.java:logGet(43)) - raft.server.log.statemachine.data.caching.enabled = true (custom)
2019-09-25 04:51:50,922 [pool-67-thread-1] INFO  segmented.SegmentedRaftLogWorker (SegmentedRaftLogWorker.java:lambda$new$0(132)) - 061f0142-df7f-4ee2-9f4c-60a73b1123be@group-ACD37A13DC40-SegmentedRaftLogWorker: flushIndex: setUnconditionally 0 -> -1
2019-09-25 04:51:50,922 [pool-67-thread-1] INFO  server.RaftServerConfigKeys (ConfUtils.java:logGet(43)) - raft.server.snapshot.auto.trigger.enabled = true (custom)
2019-09-25 04:51:50,923 [pool-67-thread-1] INFO  server.RaftServerConfigKeys (ConfUtils.java:logGet(43)) - raft.server.snapshot.auto.trigger.threshold = 10000 (custom)
2019-09-25 04:51:50,923 [pool-67-thread-1] INFO  server.RaftServerConfigKeys (ConfUtils.java:logGet(43)) - raft.server.snapshot.retention.num.files = 5 (custom)
2019-09-25 04:51:50,923 [pool-67-thread-1] INFO  server.RaftServerConfigKeys (ConfUtils.java:logGet(43)) - raft.server.retrycache.expirytime = 600000ms (custom)
2019-09-25 04:51:50,927 [pool-67-thread-1] INFO  impl.RaftServerImpl (RaftServerImpl.java:start(185)) - 061f0142-df7f-4ee2-9f4c-60a73b1123be@group-ACD37A13DC40: start as a follower, conf=-1: [061f0142-df7f-4ee2-9f4c-60a73b1123be:192.168.164.207:36055], old=null
2019-09-25 04:51:50,927 [pool-67-thread-1] INFO  impl.RaftServerImpl (RaftServerImpl.java:setRole(174)) - 061f0142-df7f-4ee2-9f4c-60a73b1123be@group-ACD37A13DC40: changes role from      null to FOLLOWER at term 0 for startAsFollower
2019-09-25 04:51:50,927 [pool-67-thread-1] INFO  impl.RoleInfo (RoleInfo.java:updateAndGet(143)) - 061f0142-df7f-4ee2-9f4c-60a73b1123be: start FollowerState
2019-09-25 04:51:50,929 [pool-67-thread-1] INFO  util.JmxRegister (JmxRegister.java:tryRegister(44)) - Successfully registered JMX Bean with object name Ratis:service=RaftServer,group=group-ACD37A13DC40,id=061f0142-df7f-4ee2-9f4c-60a73b1123be
2019-09-25 04:51:50,947 [RatisPipelineUtilsThread] INFO  pipeline.PipelineStateManager (PipelineStateManager.java:addPipeline(56)) - Created pipeline Pipeline[ Id: 37d79530-2e53-4753-95a5-acd37a13dc40, Nodes: 061f0142-df7f-4ee2-9f4c-60a73b1123be{ip: 192.168.164.207, host: pr-hdds-1569-s44lr-3492059363, networkLocation: /default-rack, certSerialId: null}, Type:RATIS, Factor:ONE, State:OPEN]
2019-09-25 04:51:50,979 [grpc-default-executor-0] INFO  impl.RaftServerProxy (RaftServerProxy.java:addNew(89)) - af197493-ce66-4de5-b7e9-f4e1a29b0c2a: addNew group-934F85DCDEF3:[af197493-ce66-4de5-b7e9-f4e1a29b0c2a:192.168.164.207:32804] returns group-934F85DCDEF3:java.util.concurrent.CompletableFuture@54a1a9fe[Not completed]
2019-09-25 04:51:51,003 [pool-37-thread-1] INFO  impl.RaftServerImpl (RaftServerImpl.java:<init>(95)) - af197493-ce66-4de5-b7e9-f4e1a29b0c2a: new RaftServerImpl for group-934F85DCDEF3:[af197493-ce66-4de5-b7e9-f4e1a29b0c2a:192.168.164.207:32804] with ContainerStateMachine:uninitialized
2019-09-25 04:51:51,003 [pool-37-thread-1] INFO  server.RaftServerConfigKeys (ConfUtils.java:logGet(43)) - raft.server.rpc.timeout.min = 5s (custom)
2019-09-25 04:51:51,003 [pool-37-thread-1] INFO  server.RaftServerConfigKeys (ConfUtils.java:logGet(43)) - raft.server.rpc.timeout.max = 5200ms (custom)
2019-09-25 04:51:51,003 [pool-37-thread-1] INFO  server.RaftServerConfigKeys (ConfUtils.java:logGet(43)) - raft.server.rpcslowness.timeout = 120s (custom)
2019-09-25 04:51:51,004 [pool-37-thread-1] INFO  server.RaftServerConfigKeys (ConfUtils.java:logGet(43)) - raft.server.sleep.deviation.threshold = 300 (default)
2019-09-25 04:51:51,004 [pool-37-thread-1] INFO  server.RaftServerConfigKeys (ConfUtils.java:logGet(43)) - raft.server.log.appender.install.snapshot.enabled = false (custom)
2019-09-25 04:51:51,004 [pool-37-thread-1] INFO  impl.RaftServerImpl (ServerState.java:<init>(103)) - af197493-ce66-4de5-b7e9-f4e1a29b0c2a@group-934F85DCDEF3: ConfigurationManager, init=-1: [af197493-ce66-4de5-b7e9-f4e1a29b0c2a:192.168.164.207:32804], old=null, confs=<EMPTY_MAP>
2019-09-25 04:51:51,004 [pool-37-thread-1] INFO  server.RaftServerConfigKeys (ConfUtils.java:logGet(43)) - raft.server.storage.dir = [/workdir/hadoop-ozone/integration-test/target/test-dir/MiniOzoneClusterImpl-ee606598-1675-4e02-b706-4bffbdc3363b/datanode-1/data/ratis] (custom)
2019-09-25 04:51:51,004 [pool-37-thread-1] INFO  storage.RaftStorageDirectory (RaftStorageDirectory.java:analyzeStorage(246)) - The storage directory /workdir/hadoop-ozone/integration-test/target/test-dir/MiniOzoneClusterImpl-ee606598-1675-4e02-b706-4bffbdc3363b/datanode-1/data/ratis/386495b8-f7ca-4cbd-9116-934f85dcdef3 does not exist. Creating ...
2019-09-25 04:51:51,017 [pool-37-thread-1] INFO  storage.RaftStorageDirectory (RaftStorageDirectory.java:tryLock(328)) - Lock on /workdir/hadoop-ozone/integration-test/target/test-dir/MiniOzoneClusterImpl-ee606598-1675-4e02-b706-4bffbdc3363b/datanode-1/data/ratis/386495b8-f7ca-4cbd-9116-934f85dcdef3/in_use.lock acquired by nodename 13544@pr-hdds-1569-s44lr-3492059363
2019-09-25 04:51:51,030 [pool-37-thread-1] INFO  storage.RaftStorage (RaftStorage.java:format(72)) - Storage directory /workdir/hadoop-ozone/integration-test/target/test-dir/MiniOzoneClusterImpl-ee606598-1675-4e02-b706-4bffbdc3363b/datanode-1/data/ratis/386495b8-f7ca-4cbd-9116-934f85dcdef3 has been successfully formatted.
2019-09-25 04:51:51,031 [pool-37-thread-1] INFO  ratis.ContainerStateMachine (ContainerStateMachine.java:loadSnapshot(230)) - group-934F85DCDEF3: The snapshot info is null. Setting the last applied indexto:(t:0, i:~)
2019-09-25 04:51:51,031 [pool-37-thread-1] INFO  server.RaftServerConfigKeys (ConfUtils.java:logGet(43)) - raft.server.notification.no-leader.timeout = 120s (custom)
2019-09-25 04:51:51,031 [pool-37-thread-1] INFO  server.RaftServerConfigKeys (ConfUtils.java:logGet(43)) - raft.server.log.use.memory = false (default)
2019-09-25 04:51:51,031 [pool-37-thread-1] INFO  server.RaftServerConfigKeys (ConfUtils.java:logGet(43)) - raft.server.log.purge.gap = 1000000 (custom)
2019-09-25 04:51:51,031 [pool-37-thread-1] INFO  server.RaftServerConfigKeys (ConfUtils.java:logGet(43)) - raft.server.log.appender.buffer.byte-limit = 33554432 (custom)
2019-09-25 04:51:51,031 [pool-37-thread-1] INFO  server.RaftServerConfigKeys (ConfUtils.java:logGet(43)) - raft.server.log.segment.size.max = 1048576 (custom)
2019-09-25 04:51:51,031 [pool-37-thread-1] INFO  server.RaftServerConfigKeys (ConfUtils.java:logGet(43)) - raft.server.log.segment.cache.num.max = 2 (custom)
2019-09-25 04:51:51,032 [pool-37-thread-1] INFO  segmented.SegmentedRaftLogWorker (SegmentedRaftLogWorker.java:<init>(172)) - new af197493-ce66-4de5-b7e9-f4e1a29b0c2a@group-934F85DCDEF3-SegmentedRaftLogWorker for RaftStorage:Storage Directory /workdir/hadoop-ozone/integration-test/target/test-dir/MiniOzoneClusterImpl-ee606598-1675-4e02-b706-4bffbdc3363b/datanode-1/data/ratis/386495b8-f7ca-4cbd-9116-934f85dcdef3
2019-09-25 04:51:51,062 [pool-37-thread-1] INFO  server.RaftServerConfigKeys (ConfUtils.java:logGet(43)) - raft.server.log.queue.byte-limit = 2147483647 (custom)
2019-09-25 04:51:51,062 [pool-37-thread-1] INFO  server.RaftServerConfigKeys (ConfUtils.java:logGet(43)) - raft.server.log.queue.element-limit = 1024 (custom)
2019-09-25 04:51:51,062 [pool-37-thread-1] INFO  server.RaftServerConfigKeys (ConfUtils.java:logGet(43)) - raft.server.log.segment.size.max = 1048576 (custom)
2019-09-25 04:51:51,062 [pool-37-thread-1] INFO  server.RaftServerConfigKeys (ConfUtils.java:logGet(43)) - raft.server.log.preallocated.size = 16384 (custom)
2019-09-25 04:51:51,063 [pool-37-thread-1] INFO  server.RaftServerConfigKeys (ConfUtils.java:logGet(43)) - raft.server.log.write.buffer.size = 33554432 (custom)
2019-09-25 04:51:51,063 [pool-37-thread-1] INFO  server.RaftServerConfigKeys (ConfUtils.java:logGet(43)) - raft.server.log.force.sync.num = 128 (default)
2019-09-25 04:51:51,063 [pool-37-thread-1] INFO  server.RaftServerConfigKeys (ConfUtils.java:logGet(43)) - raft.server.log.statemachine.data.sync = true (default)
2019-09-25 04:51:51,063 [pool-37-thread-1] INFO  server.RaftServerConfigKeys (ConfUtils.java:logGet(43)) - raft.server.log.statemachine.data.sync.timeout = 10s (default)
2019-09-25 04:51:51,063 [pool-37-thread-1] INFO  server.RaftServerConfigKeys (ConfUtils.java:logGet(43)) - raft.server.log.statemachine.data.sync.timeout.retry = -1 (default)
2019-09-25 04:51:51,063 [pool-37-thread-1] INFO  server.RaftServerConfigKeys (ConfUtils.java:logGet(43)) - raft.server.log.statemachine.data.caching.enabled = true (custom)
2019-09-25 04:51:51,064 [pool-37-thread-1] INFO  segmented.SegmentedRaftLogWorker (SegmentedRaftLogWorker.java:lambda$new$0(132)) - af197493-ce66-4de5-b7e9-f4e1a29b0c2a@group-934F85DCDEF3-SegmentedRaftLogWorker: flushIndex: setUnconditionally 0 -> -1
2019-09-25 04:51:51,064 [pool-37-thread-1] INFO  server.RaftServerConfigKeys (ConfUtils.java:logGet(43)) - raft.server.snapshot.auto.trigger.enabled = true (custom)
2019-09-25 04:51:51,064 [pool-37-thread-1] INFO  server.RaftServerConfigKeys (ConfUtils.java:logGet(43)) - raft.server.snapshot.auto.trigger.threshold = 10000 (custom)
2019-09-25 04:51:51,064 [pool-37-thread-1] INFO  server.RaftServerConfigKeys (ConfUtils.java:logGet(43)) - raft.server.snapshot.retention.num.files = 5 (custom)
2019-09-25 04:51:51,064 [pool-37-thread-1] INFO  server.RaftServerConfigKeys (ConfUtils.java:logGet(43)) - raft.server.retrycache.expirytime = 600000ms (custom)
2019-09-25 04:51:51,068 [pool-37-thread-1] INFO  impl.RaftServerImpl (RaftServerImpl.java:start(185)) - af197493-ce66-4de5-b7e9-f4e1a29b0c2a@group-934F85DCDEF3: start as a follower, conf=-1: [af197493-ce66-4de5-b7e9-f4e1a29b0c2a:192.168.164.207:32804], old=null
2019-09-25 04:51:51,068 [pool-37-thread-1] INFO  impl.RaftServerImpl (RaftServerImpl.java:setRole(174)) - af197493-ce66-4de5-b7e9-f4e1a29b0c2a@group-934F85DCDEF3: changes role from      null to FOLLOWER at term 0 for startAsFollower
2019-09-25 04:51:51,068 [pool-37-thread-1] INFO  impl.RoleInfo (RoleInfo.java:updateAndGet(143)) - af197493-ce66-4de5-b7e9-f4e1a29b0c2a: start FollowerState
2019-09-25 04:51:51,068 [pool-37-thread-1] INFO  util.JmxRegister (JmxRegister.java:tryRegister(44)) - Successfully registered JMX Bean with object name Ratis:service=RaftServer,group=group-934F85DCDEF3,id=af197493-ce66-4de5-b7e9-f4e1a29b0c2a
2019-09-25 04:51:51,079 [RatisPipelineUtilsThread] INFO  pipeline.PipelineStateManager (PipelineStateManager.java:addPipeline(56)) - Created pipeline Pipeline[ Id: 386495b8-f7ca-4cbd-9116-934f85dcdef3, Nodes: af197493-ce66-4de5-b7e9-f4e1a29b0c2a{ip: 192.168.164.207, host: pr-hdds-1569-s44lr-3492059363, networkLocation: /default-rack, certSerialId: null}, Type:RATIS, Factor:ONE, State:OPEN]
2019-09-25 04:51:51,097 [grpc-default-executor-0] INFO  impl.RaftServerProxy (RaftServerProxy.java:addNew(89)) - 5ef12726-03f2-4870-a114-ed0a439e18ee: addNew group-5D12FB8C415E:[5ef12726-03f2-4870-a114-ed0a439e18ee:192.168.164.207:40177] returns group-5D12FB8C415E:java.util.concurrent.CompletableFuture@730ff07[Not completed]
2019-09-25 04:51:51,099 [pool-47-thread-1] INFO  impl.RaftServerImpl (RaftServerImpl.java:<init>(95)) - 5ef12726-03f2-4870-a114-ed0a439e18ee: new RaftServerImpl for group-5D12FB8C415E:[5ef12726-03f2-4870-a114-ed0a439e18ee:192.168.164.207:40177] with ContainerStateMachine:uninitialized
2019-09-25 04:51:51,100 [pool-47-thread-1] INFO  server.RaftServerConfigKeys (ConfUtils.java:logGet(43)) - raft.server.rpc.timeout.min = 5s (custom)
2019-09-25 04:51:51,100 [pool-47-thread-1] INFO  server.RaftServerConfigKeys (ConfUtils.java:logGet(43)) - raft.server.rpc.timeout.max = 5200ms (custom)
2019-09-25 04:51:51,100 [pool-47-thread-1] INFO  server.RaftServerConfigKeys (ConfUtils.java:logGet(43)) - raft.server.rpcslowness.timeout = 120s (custom)
2019-09-25 04:51:51,100 [pool-47-thread-1] INFO  server.RaftServerConfigKeys (ConfUtils.java:logGet(43)) - raft.server.sleep.deviation.threshold = 300 (default)
2019-09-25 04:51:51,100 [pool-47-thread-1] INFO  server.RaftServerConfigKeys (ConfUtils.java:logGet(43)) - raft.server.log.appender.install.snapshot.enabled = false (custom)
2019-09-25 04:51:51,100 [pool-47-thread-1] INFO  impl.RaftServerImpl (ServerState.java:<init>(103)) - 5ef12726-03f2-4870-a114-ed0a439e18ee@group-5D12FB8C415E: ConfigurationManager, init=-1: [5ef12726-03f2-4870-a114-ed0a439e18ee:192.168.164.207:40177], old=null, confs=<EMPTY_MAP>
2019-09-25 04:51:51,100 [pool-47-thread-1] INFO  server.RaftServerConfigKeys (ConfUtils.java:logGet(43)) - raft.server.storage.dir = [/workdir/hadoop-ozone/integration-test/target/test-dir/MiniOzoneClusterImpl-ee606598-1675-4e02-b706-4bffbdc3363b/datanode-2/data/ratis] (custom)
2019-09-25 04:51:51,101 [pool-47-thread-1] INFO  storage.RaftStorageDirectory (RaftStorageDirectory.java:analyzeStorage(246)) - The storage directory /workdir/hadoop-ozone/integration-test/target/test-dir/MiniOzoneClusterImpl-ee606598-1675-4e02-b706-4bffbdc3363b/datanode-2/data/ratis/751ceb8a-1f33-42ee-9d66-5d12fb8c415e does not exist. Creating ...
2019-09-25 04:51:51,113 [pool-47-thread-1] INFO  storage.RaftStorageDirectory (RaftStorageDirectory.java:tryLock(328)) - Lock on /workdir/hadoop-ozone/integration-test/target/test-dir/MiniOzoneClusterImpl-ee606598-1675-4e02-b706-4bffbdc3363b/datanode-2/data/ratis/751ceb8a-1f33-42ee-9d66-5d12fb8c415e/in_use.lock acquired by nodename 13544@pr-hdds-1569-s44lr-3492059363
2019-09-25 04:51:51,126 [pool-47-thread-1] INFO  storage.RaftStorage (RaftStorage.java:format(72)) - Storage directory /workdir/hadoop-ozone/integration-test/target/test-dir/MiniOzoneClusterImpl-ee606598-1675-4e02-b706-4bffbdc3363b/datanode-2/data/ratis/751ceb8a-1f33-42ee-9d66-5d12fb8c415e has been successfully formatted.
2019-09-25 04:51:51,126 [pool-47-thread-1] INFO  ratis.ContainerStateMachine (ContainerStateMachine.java:loadSnapshot(230)) - group-5D12FB8C415E: The snapshot info is null. Setting the last applied indexto:(t:0, i:~)
2019-09-25 04:51:51,126 [pool-47-thread-1] INFO  server.RaftServerConfigKeys (ConfUtils.java:logGet(43)) - raft.server.notification.no-leader.timeout = 120s (custom)
2019-09-25 04:51:51,126 [pool-47-thread-1] INFO  server.RaftServerConfigKeys (ConfUtils.java:logGet(43)) - raft.server.log.use.memory = false (default)
2019-09-25 04:51:51,126 [pool-47-thread-1] INFO  server.RaftServerConfigKeys (ConfUtils.java:logGet(43)) - raft.server.log.purge.gap = 1000000 (custom)
2019-09-25 04:51:51,127 [pool-47-thread-1] INFO  server.RaftServerConfigKeys (ConfUtils.java:logGet(43)) - raft.server.log.appender.buffer.byte-limit = 33554432 (custom)
2019-09-25 04:51:51,127 [pool-47-thread-1] INFO  server.RaftServerConfigKeys (ConfUtils.java:logGet(43)) - raft.server.log.segment.size.max = 1048576 (custom)
2019-09-25 04:51:51,127 [pool-47-thread-1] INFO  server.RaftServerConfigKeys (ConfUtils.java:logGet(43)) - raft.server.log.segment.cache.num.max = 2 (custom)
2019-09-25 04:51:51,127 [pool-47-thread-1] INFO  segmented.SegmentedRaftLogWorker (SegmentedRaftLogWorker.java:<init>(172)) - new 5ef12726-03f2-4870-a114-ed0a439e18ee@group-5D12FB8C415E-SegmentedRaftLogWorker for RaftStorage:Storage Directory /workdir/hadoop-ozone/integration-test/target/test-dir/MiniOzoneClusterImpl-ee606598-1675-4e02-b706-4bffbdc3363b/datanode-2/data/ratis/751ceb8a-1f33-42ee-9d66-5d12fb8c415e
2019-09-25 04:51:51,130 [pool-47-thread-1] INFO  server.RaftServerConfigKeys (ConfUtils.java:logGet(43)) - raft.server.log.queue.byte-limit = 2147483647 (custom)
2019-09-25 04:51:51,130 [pool-47-thread-1] INFO  server.RaftServerConfigKeys (ConfUtils.java:logGet(43)) - raft.server.log.queue.element-limit = 1024 (custom)
2019-09-25 04:51:51,131 [pool-47-thread-1] INFO  server.RaftServerConfigKeys (ConfUtils.java:logGet(43)) - raft.server.log.segment.size.max = 1048576 (custom)
2019-09-25 04:51:51,131 [pool-47-thread-1] INFO  server.RaftServerConfigKeys (ConfUtils.java:logGet(43)) - raft.server.log.preallocated.size = 16384 (custom)
2019-09-25 04:51:51,131 [pool-47-thread-1] INFO  server.RaftServerConfigKeys (ConfUtils.java:logGet(43)) - raft.server.log.write.buffer.size = 33554432 (custom)
2019-09-25 04:51:51,131 [pool-47-thread-1] INFO  server.RaftServerConfigKeys (ConfUtils.java:logGet(43)) - raft.server.log.force.sync.num = 128 (default)
2019-09-25 04:51:51,131 [pool-47-thread-1] INFO  server.RaftServerConfigKeys (ConfUtils.java:logGet(43)) - raft.server.log.statemachine.data.sync = true (default)
2019-09-25 04:51:51,131 [pool-47-thread-1] INFO  server.RaftServerConfigKeys (ConfUtils.java:logGet(43)) - raft.server.log.statemachine.data.sync.timeout = 10s (default)
2019-09-25 04:51:51,131 [pool-47-thread-1] INFO  server.RaftServerConfigKeys (ConfUtils.java:logGet(43)) - raft.server.log.statemachine.data.sync.timeout.retry = -1 (default)
2019-09-25 04:51:51,132 [pool-47-thread-1] INFO  server.RaftServerConfigKeys (ConfUtils.java:logGet(43)) - raft.server.log.statemachine.data.caching.enabled = true (custom)
2019-09-25 04:51:51,132 [pool-47-thread-1] INFO  segmented.SegmentedRaftLogWorker (SegmentedRaftLogWorker.java:lambda$new$0(132)) - 5ef12726-03f2-4870-a114-ed0a439e18ee@group-5D12FB8C415E-SegmentedRaftLogWorker: flushIndex: setUnconditionally 0 -> -1
2019-09-25 04:51:51,132 [pool-47-thread-1] INFO  server.RaftServerConfigKeys (ConfUtils.java:logGet(43)) - raft.server.snapshot.auto.trigger.enabled = true (custom)
2019-09-25 04:51:51,132 [pool-47-thread-1] INFO  server.RaftServerConfigKeys (ConfUtils.java:logGet(43)) - raft.server.snapshot.auto.trigger.threshold = 10000 (custom)
2019-09-25 04:51:51,132 [pool-47-thread-1] INFO  server.RaftServerConfigKeys (ConfUtils.java:logGet(43)) - raft.server.snapshot.retention.num.files = 5 (custom)
2019-09-25 04:51:51,132 [pool-47-thread-1] INFO  server.RaftServerConfigKeys (ConfUtils.java:logGet(43)) - raft.server.retrycache.expirytime = 600000ms (custom)
2019-09-25 04:51:51,137 [pool-47-thread-1] INFO  impl.RaftServerImpl (RaftServerImpl.java:start(185)) - 5ef12726-03f2-4870-a114-ed0a439e18ee@group-5D12FB8C415E: start as a follower, conf=-1: [5ef12726-03f2-4870-a114-ed0a439e18ee:192.168.164.207:40177], old=null
2019-09-25 04:51:51,137 [pool-47-thread-1] INFO  impl.RaftServerImpl (RaftServerImpl.java:setRole(174)) - 5ef12726-03f2-4870-a114-ed0a439e18ee@group-5D12FB8C415E: changes role from      null to FOLLOWER at term 0 for startAsFollower
2019-09-25 04:51:51,137 [pool-47-thread-1] INFO  impl.RoleInfo (RoleInfo.java:updateAndGet(143)) - 5ef12726-03f2-4870-a114-ed0a439e18ee: start FollowerState
2019-09-25 04:51:51,137 [pool-47-thread-1] INFO  util.JmxRegister (JmxRegister.java:tryRegister(44)) - Successfully registered JMX Bean with object name Ratis:service=RaftServer,group=group-5D12FB8C415E,id=5ef12726-03f2-4870-a114-ed0a439e18ee
2019-09-25 04:51:51,152 [RatisPipelineUtilsThread] INFO  pipeline.PipelineStateManager (PipelineStateManager.java:addPipeline(56)) - Created pipeline Pipeline[ Id: 751ceb8a-1f33-42ee-9d66-5d12fb8c415e, Nodes: 5ef12726-03f2-4870-a114-ed0a439e18ee{ip: 192.168.164.207, host: pr-hdds-1569-s44lr-3492059363, networkLocation: /default-rack, certSerialId: null}, Type:RATIS, Factor:ONE, State:OPEN]
2019-09-25 04:51:51,178 [grpc-default-executor-0] INFO  impl.RaftServerProxy (RaftServerProxy.java:addNew(89)) - 38f9cd64-a54c-4b19-ac87-5788454c2084: addNew group-1CA0B79F861C:[38f9cd64-a54c-4b19-ac87-5788454c2084:192.168.164.207:42162] returns group-1CA0B79F861C:java.util.concurrent.CompletableFuture@23f74046[Not completed]
2019-09-25 04:51:51,180 [pool-27-thread-1] INFO  impl.RaftServerImpl (RaftServerImpl.java:<init>(95)) - 38f9cd64-a54c-4b19-ac87-5788454c2084: new RaftServerImpl for group-1CA0B79F861C:[38f9cd64-a54c-4b19-ac87-5788454c2084:192.168.164.207:42162] with ContainerStateMachine:uninitialized
2019-09-25 04:51:51,180 [pool-27-thread-1] INFO  server.RaftServerConfigKeys (ConfUtils.java:logGet(43)) - raft.server.rpc.timeout.min = 5s (custom)
2019-09-25 04:51:51,180 [pool-27-thread-1] INFO  server.RaftServerConfigKeys (ConfUtils.java:logGet(43)) - raft.server.rpc.timeout.max = 5200ms (custom)
2019-09-25 04:51:51,181 [pool-27-thread-1] INFO  server.RaftServerConfigKeys (ConfUtils.java:logGet(43)) - raft.server.rpcslowness.timeout = 120s (custom)
2019-09-25 04:51:51,181 [pool-27-thread-1] INFO  server.RaftServerConfigKeys (ConfUtils.java:logGet(43)) - raft.server.sleep.deviation.threshold = 300 (default)
2019-09-25 04:51:51,181 [pool-27-thread-1] INFO  server.RaftServerConfigKeys (ConfUtils.java:logGet(43)) - raft.server.log.appender.install.snapshot.enabled = false (custom)
2019-09-25 04:51:51,181 [pool-27-thread-1] INFO  impl.RaftServerImpl (ServerState.java:<init>(103)) - 38f9cd64-a54c-4b19-ac87-5788454c2084@group-1CA0B79F861C: ConfigurationManager, init=-1: [38f9cd64-a54c-4b19-ac87-5788454c2084:192.168.164.207:42162], old=null, confs=<EMPTY_MAP>
2019-09-25 04:51:51,181 [pool-27-thread-1] INFO  server.RaftServerConfigKeys (ConfUtils.java:logGet(43)) - raft.server.storage.dir = [/workdir/hadoop-ozone/integration-test/target/test-dir/MiniOzoneClusterImpl-ee606598-1675-4e02-b706-4bffbdc3363b/datanode-0/data/ratis] (custom)
2019-09-25 04:51:51,182 [pool-27-thread-1] INFO  storage.RaftStorageDirectory (RaftStorageDirectory.java:analyzeStorage(246)) - The storage directory /workdir/hadoop-ozone/integration-test/target/test-dir/MiniOzoneClusterImpl-ee606598-1675-4e02-b706-4bffbdc3363b/datanode-0/data/ratis/903647e7-0caf-4b32-917b-1ca0b79f861c does not exist. Creating ...
2019-09-25 04:51:51,195 [pool-27-thread-1] INFO  storage.RaftStorageDirectory (RaftStorageDirectory.java:tryLock(328)) - Lock on /workdir/hadoop-ozone/integration-test/target/test-dir/MiniOzoneClusterImpl-ee606598-1675-4e02-b706-4bffbdc3363b/datanode-0/data/ratis/903647e7-0caf-4b32-917b-1ca0b79f861c/in_use.lock acquired by nodename 13544@pr-hdds-1569-s44lr-3492059363
2019-09-25 04:51:51,212 [pool-27-thread-1] INFO  storage.RaftStorage (RaftStorage.java:format(72)) - Storage directory /workdir/hadoop-ozone/integration-test/target/test-dir/MiniOzoneClusterImpl-ee606598-1675-4e02-b706-4bffbdc3363b/datanode-0/data/ratis/903647e7-0caf-4b32-917b-1ca0b79f861c has been successfully formatted.
2019-09-25 04:51:51,213 [pool-27-thread-1] INFO  ratis.ContainerStateMachine (ContainerStateMachine.java:loadSnapshot(230)) - group-1CA0B79F861C: The snapshot info is null. Setting the last applied indexto:(t:0, i:~)
2019-09-25 04:51:51,213 [pool-27-thread-1] INFO  server.RaftServerConfigKeys (ConfUtils.java:logGet(43)) - raft.server.notification.no-leader.timeout = 120s (custom)
2019-09-25 04:51:51,213 [pool-27-thread-1] INFO  server.RaftServerConfigKeys (ConfUtils.java:logGet(43)) - raft.server.log.use.memory = false (default)
2019-09-25 04:51:51,213 [pool-27-thread-1] INFO  server.RaftServerConfigKeys (ConfUtils.java:logGet(43)) - raft.server.log.purge.gap = 1000000 (custom)
2019-09-25 04:51:51,213 [pool-27-thread-1] INFO  server.RaftServerConfigKeys (ConfUtils.java:logGet(43)) - raft.server.log.appender.buffer.byte-limit = 33554432 (custom)
2019-09-25 04:51:51,214 [pool-27-thread-1] INFO  server.RaftServerConfigKeys (ConfUtils.java:logGet(43)) - raft.server.log.segment.size.max = 1048576 (custom)
2019-09-25 04:51:51,214 [pool-27-thread-1] INFO  server.RaftServerConfigKeys (ConfUtils.java:logGet(43)) - raft.server.log.segment.cache.num.max = 2 (custom)
2019-09-25 04:51:51,214 [pool-27-thread-1] INFO  segmented.SegmentedRaftLogWorker (SegmentedRaftLogWorker.java:<init>(172)) - new 38f9cd64-a54c-4b19-ac87-5788454c2084@group-1CA0B79F861C-SegmentedRaftLogWorker for RaftStorage:Storage Directory /workdir/hadoop-ozone/integration-test/target/test-dir/MiniOzoneClusterImpl-ee606598-1675-4e02-b706-4bffbdc3363b/datanode-0/data/ratis/903647e7-0caf-4b32-917b-1ca0b79f861c
2019-09-25 04:51:51,214 [pool-27-thread-1] INFO  server.RaftServerConfigKeys (ConfUtils.java:logGet(43)) - raft.server.log.queue.byte-limit = 2147483647 (custom)
2019-09-25 04:51:51,214 [pool-27-thread-1] INFO  server.RaftServerConfigKeys (ConfUtils.java:logGet(43)) - raft.server.log.queue.element-limit = 1024 (custom)
2019-09-25 04:51:51,214 [pool-27-thread-1] INFO  server.RaftServerConfigKeys (ConfUtils.java:logGet(43)) - raft.server.log.segment.size.max = 1048576 (custom)
2019-09-25 04:51:51,214 [pool-27-thread-1] INFO  server.RaftServerConfigKeys (ConfUtils.java:logGet(43)) - raft.server.log.preallocated.size = 16384 (custom)
2019-09-25 04:51:51,215 [pool-27-thread-1] INFO  server.RaftServerConfigKeys (ConfUtils.java:logGet(43)) - raft.server.log.write.buffer.size = 33554432 (custom)
2019-09-25 04:51:51,215 [pool-27-thread-1] INFO  server.RaftServerConfigKeys (ConfUtils.java:logGet(43)) - raft.server.log.force.sync.num = 128 (default)
2019-09-25 04:51:51,215 [pool-27-thread-1] INFO  server.RaftServerConfigKeys (ConfUtils.java:logGet(43)) - raft.server.log.statemachine.data.sync = true (default)
2019-09-25 04:51:51,215 [pool-27-thread-1] INFO  server.RaftServerConfigKeys (ConfUtils.java:logGet(43)) - raft.server.log.statemachine.data.sync.timeout = 10s (default)
2019-09-25 04:51:51,215 [pool-27-thread-1] INFO  server.RaftServerConfigKeys (ConfUtils.java:logGet(43)) - raft.server.log.statemachine.data.sync.timeout.retry = -1 (default)
2019-09-25 04:51:51,215 [pool-27-thread-1] INFO  server.RaftServerConfigKeys (ConfUtils.java:logGet(43)) - raft.server.log.statemachine.data.caching.enabled = true (custom)
2019-09-25 04:51:51,216 [pool-27-thread-1] INFO  segmented.SegmentedRaftLogWorker (SegmentedRaftLogWorker.java:lambda$new$0(132)) - 38f9cd64-a54c-4b19-ac87-5788454c2084@group-1CA0B79F861C-SegmentedRaftLogWorker: flushIndex: setUnconditionally 0 -> -1
2019-09-25 04:51:51,216 [pool-27-thread-1] INFO  server.RaftServerConfigKeys (ConfUtils.java:logGet(43)) - raft.server.snapshot.auto.trigger.enabled = true (custom)
2019-09-25 04:51:51,216 [pool-27-thread-1] INFO  server.RaftServerConfigKeys (ConfUtils.java:logGet(43)) - raft.server.snapshot.auto.trigger.threshold = 10000 (custom)
2019-09-25 04:51:51,216 [pool-27-thread-1] INFO  server.RaftServerConfigKeys (ConfUtils.java:logGet(43)) - raft.server.snapshot.retention.num.files = 5 (custom)
2019-09-25 04:51:51,217 [pool-27-thread-1] INFO  server.RaftServerConfigKeys (ConfUtils.java:logGet(43)) - raft.server.retrycache.expirytime = 600000ms (custom)
2019-09-25 04:51:51,221 [pool-27-thread-1] INFO  impl.RaftServerImpl (RaftServerImpl.java:start(185)) - 38f9cd64-a54c-4b19-ac87-5788454c2084@group-1CA0B79F861C: start as a follower, conf=-1: [38f9cd64-a54c-4b19-ac87-5788454c2084:192.168.164.207:42162], old=null
2019-09-25 04:51:51,221 [pool-27-thread-1] INFO  impl.RaftServerImpl (RaftServerImpl.java:setRole(174)) - 38f9cd64-a54c-4b19-ac87-5788454c2084@group-1CA0B79F861C: changes role from      null to FOLLOWER at term 0 for startAsFollower
2019-09-25 04:51:51,221 [pool-27-thread-1] INFO  impl.RoleInfo (RoleInfo.java:updateAndGet(143)) - 38f9cd64-a54c-4b19-ac87-5788454c2084: start FollowerState
2019-09-25 04:51:51,221 [pool-27-thread-1] INFO  util.JmxRegister (JmxRegister.java:tryRegister(44)) - Successfully registered JMX Bean with object name Ratis:service=RaftServer,group=group-1CA0B79F861C,id=38f9cd64-a54c-4b19-ac87-5788454c2084
2019-09-25 04:51:51,236 [RatisPipelineUtilsThread] INFO  pipeline.PipelineStateManager (PipelineStateManager.java:addPipeline(56)) - Created pipeline Pipeline[ Id: 903647e7-0caf-4b32-917b-1ca0b79f861c, Nodes: 38f9cd64-a54c-4b19-ac87-5788454c2084{ip: 192.168.164.207, host: pr-hdds-1569-s44lr-3492059363, networkLocation: /default-rack, certSerialId: null}, Type:RATIS, Factor:ONE, State:OPEN]
2019-09-25 04:51:51,259 [grpc-default-executor-0] INFO  impl.RaftServerProxy (RaftServerProxy.java:addNew(89)) - 5ef12726-03f2-4870-a114-ed0a439e18ee: addNew group-3C2DF713CDAA:[5ef12726-03f2-4870-a114-ed0a439e18ee:192.168.164.207:40177] returns group-3C2DF713CDAA:java.util.concurrent.CompletableFuture@d96921[Not completed]
2019-09-25 04:51:51,262 [pool-47-thread-1] INFO  impl.RaftServerImpl (RaftServerImpl.java:<init>(95)) - 5ef12726-03f2-4870-a114-ed0a439e18ee: new RaftServerImpl for group-3C2DF713CDAA:[5ef12726-03f2-4870-a114-ed0a439e18ee:192.168.164.207:40177] with ContainerStateMachine:uninitialized
2019-09-25 04:51:51,262 [pool-47-thread-1] INFO  server.RaftServerConfigKeys (ConfUtils.java:logGet(43)) - raft.server.rpc.timeout.min = 5s (custom)
2019-09-25 04:51:51,262 [pool-47-thread-1] INFO  server.RaftServerConfigKeys (ConfUtils.java:logGet(43)) - raft.server.rpc.timeout.max = 5200ms (custom)
2019-09-25 04:51:51,262 [pool-47-thread-1] INFO  server.RaftServerConfigKeys (ConfUtils.java:logGet(43)) - raft.server.rpcslowness.timeout = 120s (custom)
2019-09-25 04:51:51,263 [pool-47-thread-1] INFO  server.RaftServerConfigKeys (ConfUtils.java:logGet(43)) - raft.server.sleep.deviation.threshold = 300 (default)
2019-09-25 04:51:51,263 [pool-47-thread-1] INFO  server.RaftServerConfigKeys (ConfUtils.java:logGet(43)) - raft.server.log.appender.install.snapshot.enabled = false (custom)
2019-09-25 04:51:51,263 [pool-47-thread-1] INFO  impl.RaftServerImpl (ServerState.java:<init>(103)) - 5ef12726-03f2-4870-a114-ed0a439e18ee@group-3C2DF713CDAA: ConfigurationManager, init=-1: [5ef12726-03f2-4870-a114-ed0a439e18ee:192.168.164.207:40177], old=null, confs=<EMPTY_MAP>
2019-09-25 04:51:51,263 [pool-47-thread-1] INFO  server.RaftServerConfigKeys (ConfUtils.java:logGet(43)) - raft.server.storage.dir = [/workdir/hadoop-ozone/integration-test/target/test-dir/MiniOzoneClusterImpl-ee606598-1675-4e02-b706-4bffbdc3363b/datanode-2/data/ratis] (custom)
2019-09-25 04:51:51,264 [pool-47-thread-1] INFO  storage.RaftStorageDirectory (RaftStorageDirectory.java:analyzeStorage(246)) - The storage directory /workdir/hadoop-ozone/integration-test/target/test-dir/MiniOzoneClusterImpl-ee606598-1675-4e02-b706-4bffbdc3363b/datanode-2/data/ratis/5a91a2e3-cd17-4233-9602-3c2df713cdaa does not exist. Creating ...
2019-09-25 04:51:51,277 [pool-47-thread-1] INFO  storage.RaftStorageDirectory (RaftStorageDirectory.java:tryLock(328)) - Lock on /workdir/hadoop-ozone/integration-test/target/test-dir/MiniOzoneClusterImpl-ee606598-1675-4e02-b706-4bffbdc3363b/datanode-2/data/ratis/5a91a2e3-cd17-4233-9602-3c2df713cdaa/in_use.lock acquired by nodename 13544@pr-hdds-1569-s44lr-3492059363
2019-09-25 04:51:51,290 [pool-47-thread-1] INFO  storage.RaftStorage (RaftStorage.java:format(72)) - Storage directory /workdir/hadoop-ozone/integration-test/target/test-dir/MiniOzoneClusterImpl-ee606598-1675-4e02-b706-4bffbdc3363b/datanode-2/data/ratis/5a91a2e3-cd17-4233-9602-3c2df713cdaa has been successfully formatted.
2019-09-25 04:51:51,291 [pool-47-thread-1] INFO  ratis.ContainerStateMachine (ContainerStateMachine.java:loadSnapshot(230)) - group-3C2DF713CDAA: The snapshot info is null. Setting the last applied indexto:(t:0, i:~)
2019-09-25 04:51:51,291 [pool-47-thread-1] INFO  server.RaftServerConfigKeys (ConfUtils.java:logGet(43)) - raft.server.notification.no-leader.timeout = 120s (custom)
2019-09-25 04:51:51,291 [pool-47-thread-1] INFO  server.RaftServerConfigKeys (ConfUtils.java:logGet(43)) - raft.server.log.use.memory = false (default)
2019-09-25 04:51:51,291 [pool-47-thread-1] INFO  server.RaftServerConfigKeys (ConfUtils.java:logGet(43)) - raft.server.log.purge.gap = 1000000 (custom)
2019-09-25 04:51:51,292 [pool-47-thread-1] INFO  server.RaftServerConfigKeys (ConfUtils.java:logGet(43)) - raft.server.log.appender.buffer.byte-limit = 33554432 (custom)
2019-09-25 04:51:51,292 [pool-47-thread-1] INFO  server.RaftServerConfigKeys (ConfUtils.java:logGet(43)) - raft.server.log.segment.size.max = 1048576 (custom)
2019-09-25 04:51:51,292 [pool-47-thread-1] INFO  server.RaftServerConfigKeys (ConfUtils.java:logGet(43)) - raft.server.log.segment.cache.num.max = 2 (custom)
2019-09-25 04:51:51,292 [pool-47-thread-1] INFO  segmented.SegmentedRaftLogWorker (SegmentedRaftLogWorker.java:<init>(172)) - new 5ef12726-03f2-4870-a114-ed0a439e18ee@group-3C2DF713CDAA-SegmentedRaftLogWorker for RaftStorage:Storage Directory /workdir/hadoop-ozone/integration-test/target/test-dir/MiniOzoneClusterImpl-ee606598-1675-4e02-b706-4bffbdc3363b/datanode-2/data/ratis/5a91a2e3-cd17-4233-9602-3c2df713cdaa
2019-09-25 04:51:51,292 [pool-47-thread-1] INFO  server.RaftServerConfigKeys (ConfUtils.java:logGet(43)) - raft.server.log.queue.byte-limit = 2147483647 (custom)
2019-09-25 04:51:51,292 [pool-47-thread-1] INFO  server.RaftServerConfigKeys (ConfUtils.java:logGet(43)) - raft.server.log.queue.element-limit = 1024 (custom)
2019-09-25 04:51:51,293 [pool-47-thread-1] INFO  server.RaftServerConfigKeys (ConfUtils.java:logGet(43)) - raft.server.log.segment.size.max = 1048576 (custom)
2019-09-25 04:51:51,293 [pool-47-thread-1] INFO  server.RaftServerConfigKeys (ConfUtils.java:logGet(43)) - raft.server.log.preallocated.size = 16384 (custom)
2019-09-25 04:51:51,293 [pool-47-thread-1] INFO  server.RaftServerConfigKeys (ConfUtils.java:logGet(43)) - raft.server.log.write.buffer.size = 33554432 (custom)
2019-09-25 04:51:51,293 [pool-47-thread-1] INFO  server.RaftServerConfigKeys (ConfUtils.java:logGet(43)) - raft.server.log.force.sync.num = 128 (default)
2019-09-25 04:51:51,293 [pool-47-thread-1] INFO  server.RaftServerConfigKeys (ConfUtils.java:logGet(43)) - raft.server.log.statemachine.data.sync = true (default)
2019-09-25 04:51:51,293 [pool-47-thread-1] INFO  server.RaftServerConfigKeys (ConfUtils.java:logGet(43)) - raft.server.log.statemachine.data.sync.timeout = 10s (default)
2019-09-25 04:51:51,294 [pool-47-thread-1] INFO  server.RaftServerConfigKeys (ConfUtils.java:logGet(43)) - raft.server.log.statemachine.data.sync.timeout.retry = -1 (default)
2019-09-25 04:51:51,294 [pool-47-thread-1] INFO  server.RaftServerConfigKeys (ConfUtils.java:logGet(43)) - raft.server.log.statemachine.data.caching.enabled = true (custom)
2019-09-25 04:51:51,294 [pool-47-thread-1] INFO  segmented.SegmentedRaftLogWorker (SegmentedRaftLogWorker.java:lambda$new$0(132)) - 5ef12726-03f2-4870-a114-ed0a439e18ee@group-3C2DF713CDAA-SegmentedRaftLogWorker: flushIndex: setUnconditionally 0 -> -1
2019-09-25 04:51:51,295 [pool-47-thread-1] INFO  server.RaftServerConfigKeys (ConfUtils.java:logGet(43)) - raft.server.snapshot.auto.trigger.enabled = true (custom)
2019-09-25 04:51:51,295 [pool-47-thread-1] INFO  server.RaftServerConfigKeys (ConfUtils.java:logGet(43)) - raft.server.snapshot.auto.trigger.threshold = 10000 (custom)
2019-09-25 04:51:51,295 [pool-47-thread-1] INFO  server.RaftServerConfigKeys (ConfUtils.java:logGet(43)) - raft.server.snapshot.retention.num.files = 5 (custom)
2019-09-25 04:51:51,295 [pool-47-thread-1] INFO  server.RaftServerConfigKeys (ConfUtils.java:logGet(43)) - raft.server.retrycache.expirytime = 600000ms (custom)
2019-09-25 04:51:51,299 [pool-47-thread-1] INFO  impl.RaftServerImpl (RaftServerImpl.java:start(185)) - 5ef12726-03f2-4870-a114-ed0a439e18ee@group-3C2DF713CDAA: start as a follower, conf=-1: [5ef12726-03f2-4870-a114-ed0a439e18ee:192.168.164.207:40177], old=null
2019-09-25 04:51:51,299 [pool-47-thread-1] INFO  impl.RaftServerImpl (RaftServerImpl.java:setRole(174)) - 5ef12726-03f2-4870-a114-ed0a439e18ee@group-3C2DF713CDAA: changes role from      null to FOLLOWER at term 0 for startAsFollower
2019-09-25 04:51:51,300 [pool-47-thread-1] INFO  impl.RoleInfo (RoleInfo.java:updateAndGet(143)) - 5ef12726-03f2-4870-a114-ed0a439e18ee: start FollowerState
2019-09-25 04:51:51,300 [pool-47-thread-1] INFO  util.JmxRegister (JmxRegister.java:tryRegister(44)) - Successfully registered JMX Bean with object name Ratis:service=RaftServer,group=group-3C2DF713CDAA,id=5ef12726-03f2-4870-a114-ed0a439e18ee
2019-09-25 04:51:51,314 [RatisPipelineUtilsThread] INFO  pipeline.PipelineStateManager (PipelineStateManager.java:addPipeline(56)) - Created pipeline Pipeline[ Id: 5a91a2e3-cd17-4233-9602-3c2df713cdaa, Nodes: 5ef12726-03f2-4870-a114-ed0a439e18ee{ip: 192.168.164.207, host: pr-hdds-1569-s44lr-3492059363, networkLocation: /default-rack, certSerialId: null}, Type:RATIS, Factor:ONE, State:OPEN]
2019-09-25 04:51:51,331 [grpc-default-executor-0] INFO  impl.RaftServerProxy (RaftServerProxy.java:addNew(89)) - a8f74c9c-c1e0-47fe-a430-51d3a9749877: addNew group-C5EF63A97020:[a8f74c9c-c1e0-47fe-a430-51d3a9749877:192.168.164.207:37761] returns group-C5EF63A97020:java.util.concurrent.CompletableFuture@76b98a92[Not completed]
2019-09-25 04:51:51,336 [pool-57-thread-1] INFO  impl.RaftServerImpl (RaftServerImpl.java:<init>(95)) - a8f74c9c-c1e0-47fe-a430-51d3a9749877: new RaftServerImpl for group-C5EF63A97020:[a8f74c9c-c1e0-47fe-a430-51d3a9749877:192.168.164.207:37761] with ContainerStateMachine:uninitialized
2019-09-25 04:51:51,337 [pool-57-thread-1] INFO  server.RaftServerConfigKeys (ConfUtils.java:logGet(43)) - raft.server.rpc.timeout.min = 5s (custom)
2019-09-25 04:51:51,337 [pool-57-thread-1] INFO  server.RaftServerConfigKeys (ConfUtils.java:logGet(43)) - raft.server.rpc.timeout.max = 5200ms (custom)
2019-09-25 04:51:51,337 [pool-57-thread-1] INFO  server.RaftServerConfigKeys (ConfUtils.java:logGet(43)) - raft.server.rpcslowness.timeout = 120s (custom)
2019-09-25 04:51:51,337 [pool-57-thread-1] INFO  server.RaftServerConfigKeys (ConfUtils.java:logGet(43)) - raft.server.sleep.deviation.threshold = 300 (default)
2019-09-25 04:51:51,337 [pool-57-thread-1] INFO  server.RaftServerConfigKeys (ConfUtils.java:logGet(43)) - raft.server.log.appender.install.snapshot.enabled = false (custom)
2019-09-25 04:51:51,337 [pool-57-thread-1] INFO  impl.RaftServerImpl (ServerState.java:<init>(103)) - a8f74c9c-c1e0-47fe-a430-51d3a9749877@group-C5EF63A97020: ConfigurationManager, init=-1: [a8f74c9c-c1e0-47fe-a430-51d3a9749877:192.168.164.207:37761], old=null, confs=<EMPTY_MAP>
2019-09-25 04:51:51,338 [pool-57-thread-1] INFO  server.RaftServerConfigKeys (ConfUtils.java:logGet(43)) - raft.server.storage.dir = [/workdir/hadoop-ozone/integration-test/target/test-dir/MiniOzoneClusterImpl-ee606598-1675-4e02-b706-4bffbdc3363b/datanode-3/data/ratis] (custom)
2019-09-25 04:51:51,338 [pool-57-thread-1] INFO  storage.RaftStorageDirectory (RaftStorageDirectory.java:analyzeStorage(246)) - The storage directory /workdir/hadoop-ozone/integration-test/target/test-dir/MiniOzoneClusterImpl-ee606598-1675-4e02-b706-4bffbdc3363b/datanode-3/data/ratis/70f39ebc-ee50-4fa1-a37f-c5ef63a97020 does not exist. Creating ...
2019-09-25 04:51:51,352 [pool-57-thread-1] INFO  storage.RaftStorageDirectory (RaftStorageDirectory.java:tryLock(328)) - Lock on /workdir/hadoop-ozone/integration-test/target/test-dir/MiniOzoneClusterImpl-ee606598-1675-4e02-b706-4bffbdc3363b/datanode-3/data/ratis/70f39ebc-ee50-4fa1-a37f-c5ef63a97020/in_use.lock acquired by nodename 13544@pr-hdds-1569-s44lr-3492059363
2019-09-25 04:51:51,365 [pool-57-thread-1] INFO  storage.RaftStorage (RaftStorage.java:format(72)) - Storage directory /workdir/hadoop-ozone/integration-test/target/test-dir/MiniOzoneClusterImpl-ee606598-1675-4e02-b706-4bffbdc3363b/datanode-3/data/ratis/70f39ebc-ee50-4fa1-a37f-c5ef63a97020 has been successfully formatted.
2019-09-25 04:51:51,366 [pool-57-thread-1] INFO  ratis.ContainerStateMachine (ContainerStateMachine.java:loadSnapshot(230)) - group-C5EF63A97020: The snapshot info is null. Setting the last applied indexto:(t:0, i:~)
2019-09-25 04:51:51,366 [pool-57-thread-1] INFO  server.RaftServerConfigKeys (ConfUtils.java:logGet(43)) - raft.server.notification.no-leader.timeout = 120s (custom)
2019-09-25 04:51:51,366 [pool-57-thread-1] INFO  server.RaftServerConfigKeys (ConfUtils.java:logGet(43)) - raft.server.log.use.memory = false (default)
2019-09-25 04:51:51,366 [pool-57-thread-1] INFO  server.RaftServerConfigKeys (ConfUtils.java:logGet(43)) - raft.server.log.purge.gap = 1000000 (custom)
2019-09-25 04:51:51,366 [pool-57-thread-1] INFO  server.RaftServerConfigKeys (ConfUtils.java:logGet(43)) - raft.server.log.appender.buffer.byte-limit = 33554432 (custom)
2019-09-25 04:51:51,366 [pool-57-thread-1] INFO  server.RaftServerConfigKeys (ConfUtils.java:logGet(43)) - raft.server.log.segment.size.max = 1048576 (custom)
2019-09-25 04:51:51,366 [pool-57-thread-1] INFO  server.RaftServerConfigKeys (ConfUtils.java:logGet(43)) - raft.server.log.segment.cache.num.max = 2 (custom)
2019-09-25 04:51:51,366 [pool-57-thread-1] INFO  segmented.SegmentedRaftLogWorker (SegmentedRaftLogWorker.java:<init>(172)) - new a8f74c9c-c1e0-47fe-a430-51d3a9749877@group-C5EF63A97020-SegmentedRaftLogWorker for RaftStorage:Storage Directory /workdir/hadoop-ozone/integration-test/target/test-dir/MiniOzoneClusterImpl-ee606598-1675-4e02-b706-4bffbdc3363b/datanode-3/data/ratis/70f39ebc-ee50-4fa1-a37f-c5ef63a97020
2019-09-25 04:51:51,370 [pool-57-thread-1] INFO  server.RaftServerConfigKeys (ConfUtils.java:logGet(43)) - raft.server.log.queue.byte-limit = 2147483647 (custom)
2019-09-25 04:51:51,370 [pool-57-thread-1] INFO  server.RaftServerConfigKeys (ConfUtils.java:logGet(43)) - raft.server.log.queue.element-limit = 1024 (custom)
2019-09-25 04:51:51,371 [pool-57-thread-1] INFO  server.RaftServerConfigKeys (ConfUtils.java:logGet(43)) - raft.server.log.segment.size.max = 1048576 (custom)
2019-09-25 04:51:51,371 [pool-57-thread-1] INFO  server.RaftServerConfigKeys (ConfUtils.java:logGet(43)) - raft.server.log.preallocated.size = 16384 (custom)
2019-09-25 04:51:51,371 [pool-57-thread-1] INFO  server.RaftServerConfigKeys (ConfUtils.java:logGet(43)) - raft.server.log.write.buffer.size = 33554432 (custom)
2019-09-25 04:51:51,371 [pool-57-thread-1] INFO  server.RaftServerConfigKeys (ConfUtils.java:logGet(43)) - raft.server.log.force.sync.num = 128 (default)
2019-09-25 04:51:51,371 [pool-57-thread-1] INFO  server.RaftServerConfigKeys (ConfUtils.java:logGet(43)) - raft.server.log.statemachine.data.sync = true (default)
2019-09-25 04:51:51,371 [pool-57-thread-1] INFO  server.RaftServerConfigKeys (ConfUtils.java:logGet(43)) - raft.server.log.statemachine.data.sync.timeout = 10s (default)
2019-09-25 04:51:51,371 [pool-57-thread-1] INFO  server.RaftServerConfigKeys (ConfUtils.java:logGet(43)) - raft.server.log.statemachine.data.sync.timeout.retry = -1 (default)
2019-09-25 04:51:51,372 [pool-57-thread-1] INFO  server.RaftServerConfigKeys (ConfUtils.java:logGet(43)) - raft.server.log.statemachine.data.caching.enabled = true (custom)
2019-09-25 04:51:51,372 [pool-57-thread-1] INFO  segmented.SegmentedRaftLogWorker (SegmentedRaftLogWorker.java:lambda$new$0(132)) - a8f74c9c-c1e0-47fe-a430-51d3a9749877@group-C5EF63A97020-SegmentedRaftLogWorker: flushIndex: setUnconditionally 0 -> -1
2019-09-25 04:51:51,373 [pool-57-thread-1] INFO  server.RaftServerConfigKeys (ConfUtils.java:logGet(43)) - raft.server.snapshot.auto.trigger.enabled = true (custom)
2019-09-25 04:51:51,373 [pool-57-thread-1] INFO  server.RaftServerConfigKeys (ConfUtils.java:logGet(43)) - raft.server.snapshot.auto.trigger.threshold = 10000 (custom)
2019-09-25 04:51:51,373 [pool-57-thread-1] INFO  server.RaftServerConfigKeys (ConfUtils.java:logGet(43)) - raft.server.snapshot.retention.num.files = 5 (custom)
2019-09-25 04:51:51,373 [pool-57-thread-1] INFO  server.RaftServerConfigKeys (ConfUtils.java:logGet(43)) - raft.server.retrycache.expirytime = 600000ms (custom)
2019-09-25 04:51:51,376 [pool-57-thread-1] INFO  impl.RaftServerImpl (RaftServerImpl.java:start(185)) - a8f74c9c-c1e0-47fe-a430-51d3a9749877@group-C5EF63A97020: start as a follower, conf=-1: [a8f74c9c-c1e0-47fe-a430-51d3a9749877:192.168.164.207:37761], old=null
2019-09-25 04:51:51,376 [pool-57-thread-1] INFO  impl.RaftServerImpl (RaftServerImpl.java:setRole(174)) - a8f74c9c-c1e0-47fe-a430-51d3a9749877@group-C5EF63A97020: changes role from      null to FOLLOWER at term 0 for startAsFollower
2019-09-25 04:51:51,376 [pool-57-thread-1] INFO  impl.RoleInfo (RoleInfo.java:updateAndGet(143)) - a8f74c9c-c1e0-47fe-a430-51d3a9749877: start FollowerState
2019-09-25 04:51:51,377 [pool-57-thread-1] INFO  util.JmxRegister (JmxRegister.java:tryRegister(44)) - Successfully registered JMX Bean with object name Ratis:service=RaftServer,group=group-C5EF63A97020,id=a8f74c9c-c1e0-47fe-a430-51d3a9749877
2019-09-25 04:51:51,395 [RatisPipelineUtilsThread] INFO  pipeline.PipelineStateManager (PipelineStateManager.java:addPipeline(56)) - Created pipeline Pipeline[ Id: 70f39ebc-ee50-4fa1-a37f-c5ef63a97020, Nodes: a8f74c9c-c1e0-47fe-a430-51d3a9749877{ip: 192.168.164.207, host: pr-hdds-1569-s44lr-3492059363, networkLocation: /default-rack, certSerialId: null}, Type:RATIS, Factor:ONE, State:OPEN]
2019-09-25 04:51:51,409 [grpc-default-executor-0] INFO  impl.RaftServerProxy (RaftServerProxy.java:addNew(89)) - 5ef12726-03f2-4870-a114-ed0a439e18ee: addNew group-A93586965BD1:[5ef12726-03f2-4870-a114-ed0a439e18ee:192.168.164.207:40177] returns group-A93586965BD1:java.util.concurrent.CompletableFuture@1b9cde49[Not completed]
2019-09-25 04:51:51,410 [pool-47-thread-1] INFO  impl.RaftServerImpl (RaftServerImpl.java:<init>(95)) - 5ef12726-03f2-4870-a114-ed0a439e18ee: new RaftServerImpl for group-A93586965BD1:[5ef12726-03f2-4870-a114-ed0a439e18ee:192.168.164.207:40177] with ContainerStateMachine:uninitialized
2019-09-25 04:51:51,411 [pool-47-thread-1] INFO  server.RaftServerConfigKeys (ConfUtils.java:logGet(43)) - raft.server.rpc.timeout.min = 5s (custom)
2019-09-25 04:51:51,411 [pool-47-thread-1] INFO  server.RaftServerConfigKeys (ConfUtils.java:logGet(43)) - raft.server.rpc.timeout.max = 5200ms (custom)
2019-09-25 04:51:51,411 [pool-47-thread-1] INFO  server.RaftServerConfigKeys (ConfUtils.java:logGet(43)) - raft.server.rpcslowness.timeout = 120s (custom)
2019-09-25 04:51:51,411 [pool-47-thread-1] INFO  server.RaftServerConfigKeys (ConfUtils.java:logGet(43)) - raft.server.sleep.deviation.threshold = 300 (default)
2019-09-25 04:51:51,411 [pool-47-thread-1] INFO  server.RaftServerConfigKeys (ConfUtils.java:logGet(43)) - raft.server.log.appender.install.snapshot.enabled = false (custom)
2019-09-25 04:51:51,411 [pool-47-thread-1] INFO  impl.RaftServerImpl (ServerState.java:<init>(103)) - 5ef12726-03f2-4870-a114-ed0a439e18ee@group-A93586965BD1: ConfigurationManager, init=-1: [5ef12726-03f2-4870-a114-ed0a439e18ee:192.168.164.207:40177], old=null, confs=<EMPTY_MAP>
2019-09-25 04:51:51,411 [pool-47-thread-1] INFO  server.RaftServerConfigKeys (ConfUtils.java:logGet(43)) - raft.server.storage.dir = [/workdir/hadoop-ozone/integration-test/target/test-dir/MiniOzoneClusterImpl-ee606598-1675-4e02-b706-4bffbdc3363b/datanode-2/data/ratis] (custom)
2019-09-25 04:51:51,412 [pool-47-thread-1] INFO  storage.RaftStorageDirectory (RaftStorageDirectory.java:analyzeStorage(246)) - The storage directory /workdir/hadoop-ozone/integration-test/target/test-dir/MiniOzoneClusterImpl-ee606598-1675-4e02-b706-4bffbdc3363b/datanode-2/data/ratis/43f5893a-426f-4aae-b01b-a93586965bd1 does not exist. Creating ...
2019-09-25 04:51:51,425 [pool-47-thread-1] INFO  storage.RaftStorageDirectory (RaftStorageDirectory.java:tryLock(328)) - Lock on /workdir/hadoop-ozone/integration-test/target/test-dir/MiniOzoneClusterImpl-ee606598-1675-4e02-b706-4bffbdc3363b/datanode-2/data/ratis/43f5893a-426f-4aae-b01b-a93586965bd1/in_use.lock acquired by nodename 13544@pr-hdds-1569-s44lr-3492059363
2019-09-25 04:51:51,437 [main] INFO  ozone.MiniOzoneClusterImpl (MiniOzoneClusterImpl.java:lambda$waitForClusterToBeReady$0(147)) - Cluster is ready. Got 7 of 7 DN Heartbeats.
2019-09-25 04:51:51,437 [pool-47-thread-1] INFO  storage.RaftStorage (RaftStorage.java:format(72)) - Storage directory /workdir/hadoop-ozone/integration-test/target/test-dir/MiniOzoneClusterImpl-ee606598-1675-4e02-b706-4bffbdc3363b/datanode-2/data/ratis/43f5893a-426f-4aae-b01b-a93586965bd1 has been successfully formatted.
2019-09-25 04:51:51,438 [pool-47-thread-1] INFO  ratis.ContainerStateMachine (ContainerStateMachine.java:loadSnapshot(230)) - group-A93586965BD1: The snapshot info is null. Setting the last applied indexto:(t:0, i:~)
2019-09-25 04:51:51,438 [pool-47-thread-1] INFO  server.RaftServerConfigKeys (ConfUtils.java:logGet(43)) - raft.server.notification.no-leader.timeout = 120s (custom)
2019-09-25 04:51:51,438 [pool-47-thread-1] INFO  server.RaftServerConfigKeys (ConfUtils.java:logGet(43)) - raft.server.log.use.memory = false (default)
2019-09-25 04:51:51,439 [pool-47-thread-1] INFO  server.RaftServerConfigKeys (ConfUtils.java:logGet(43)) - raft.server.log.purge.gap = 1000000 (custom)
2019-09-25 04:51:51,439 [pool-47-thread-1] INFO  server.RaftServerConfigKeys (ConfUtils.java:logGet(43)) - raft.server.log.appender.buffer.byte-limit = 33554432 (custom)
2019-09-25 04:51:51,439 [pool-47-thread-1] INFO  server.RaftServerConfigKeys (ConfUtils.java:logGet(43)) - raft.server.log.segment.size.max = 1048576 (custom)
2019-09-25 04:51:51,439 [pool-47-thread-1] INFO  server.RaftServerConfigKeys (ConfUtils.java:logGet(43)) - raft.server.log.segment.cache.num.max = 2 (custom)
2019-09-25 04:51:51,439 [pool-47-thread-1] INFO  segmented.SegmentedRaftLogWorker (SegmentedRaftLogWorker.java:<init>(172)) - new 5ef12726-03f2-4870-a114-ed0a439e18ee@group-A93586965BD1-SegmentedRaftLogWorker for RaftStorage:Storage Directory /workdir/hadoop-ozone/integration-test/target/test-dir/MiniOzoneClusterImpl-ee606598-1675-4e02-b706-4bffbdc3363b/datanode-2/data/ratis/43f5893a-426f-4aae-b01b-a93586965bd1
2019-09-25 04:51:51,440 [pool-47-thread-1] INFO  server.RaftServerConfigKeys (ConfUtils.java:logGet(43)) - raft.server.log.queue.byte-limit = 2147483647 (custom)
2019-09-25 04:51:51,440 [pool-47-thread-1] INFO  server.RaftServerConfigKeys (ConfUtils.java:logGet(43)) - raft.server.log.queue.element-limit = 1024 (custom)
2019-09-25 04:51:51,440 [pool-47-thread-1] INFO  server.RaftServerConfigKeys (ConfUtils.java:logGet(43)) - raft.server.log.segment.size.max = 1048576 (custom)
2019-09-25 04:51:51,440 [pool-47-thread-1] INFO  server.RaftServerConfigKeys (ConfUtils.java:logGet(43)) - raft.server.log.preallocated.size = 16384 (custom)
2019-09-25 04:51:51,440 [pool-47-thread-1] INFO  server.RaftServerConfigKeys (ConfUtils.java:logGet(43)) - raft.server.log.write.buffer.size = 33554432 (custom)
2019-09-25 04:51:51,441 [pool-47-thread-1] INFO  server.RaftServerConfigKeys (ConfUtils.java:logGet(43)) - raft.server.log.force.sync.num = 128 (default)
2019-09-25 04:51:51,441 [pool-47-thread-1] INFO  server.RaftServerConfigKeys (ConfUtils.java:logGet(43)) - raft.server.log.statemachine.data.sync = true (default)
2019-09-25 04:51:51,441 [pool-47-thread-1] INFO  server.RaftServerConfigKeys (ConfUtils.java:logGet(43)) - raft.server.log.statemachine.data.sync.timeout = 10s (default)
2019-09-25 04:51:51,441 [pool-47-thread-1] INFO  server.RaftServerConfigKeys (ConfUtils.java:logGet(43)) - raft.server.log.statemachine.data.sync.timeout.retry = -1 (default)
2019-09-25 04:51:51,442 [pool-47-thread-1] INFO  server.RaftServerConfigKeys (ConfUtils.java:logGet(43)) - raft.server.log.statemachine.data.caching.enabled = true (custom)
2019-09-25 04:51:51,442 [pool-47-thread-1] INFO  segmented.SegmentedRaftLogWorker (SegmentedRaftLogWorker.java:lambda$new$0(132)) - 5ef12726-03f2-4870-a114-ed0a439e18ee@group-A93586965BD1-SegmentedRaftLogWorker: flushIndex: setUnconditionally 0 -> -1
2019-09-25 04:51:51,443 [pool-47-thread-1] INFO  server.RaftServerConfigKeys (ConfUtils.java:logGet(43)) - raft.server.snapshot.auto.trigger.enabled = true (custom)
2019-09-25 04:51:51,443 [pool-47-thread-1] INFO  server.RaftServerConfigKeys (ConfUtils.java:logGet(43)) - raft.server.snapshot.auto.trigger.threshold = 10000 (custom)
2019-09-25 04:51:51,443 [pool-47-thread-1] INFO  server.RaftServerConfigKeys (ConfUtils.java:logGet(43)) - raft.server.snapshot.retention.num.files = 5 (custom)
2019-09-25 04:51:51,443 [pool-47-thread-1] INFO  server.RaftServerConfigKeys (ConfUtils.java:logGet(43)) - raft.server.retrycache.expirytime = 600000ms (custom)
2019-09-25 04:51:51,447 [pool-47-thread-1] INFO  impl.RaftServerImpl (RaftServerImpl.java:start(185)) - 5ef12726-03f2-4870-a114-ed0a439e18ee@group-A93586965BD1: start as a follower, conf=-1: [5ef12726-03f2-4870-a114-ed0a439e18ee:192.168.164.207:40177], old=null
2019-09-25 04:51:51,448 [pool-47-thread-1] INFO  impl.RaftServerImpl (RaftServerImpl.java:setRole(174)) - 5ef12726-03f2-4870-a114-ed0a439e18ee@group-A93586965BD1: changes role from      null to FOLLOWER at term 0 for startAsFollower
2019-09-25 04:51:51,448 [pool-47-thread-1] INFO  impl.RoleInfo (RoleInfo.java:updateAndGet(143)) - 5ef12726-03f2-4870-a114-ed0a439e18ee: start FollowerState
2019-09-25 04:51:51,448 [pool-47-thread-1] INFO  util.JmxRegister (JmxRegister.java:tryRegister(44)) - Successfully registered JMX Bean with object name Ratis:service=RaftServer,group=group-A93586965BD1,id=5ef12726-03f2-4870-a114-ed0a439e18ee
2019-09-25 04:51:51,461 [RatisPipelineUtilsThread] INFO  pipeline.PipelineStateManager (PipelineStateManager.java:addPipeline(56)) - Created pipeline Pipeline[ Id: 43f5893a-426f-4aae-b01b-a93586965bd1, Nodes: 5ef12726-03f2-4870-a114-ed0a439e18ee{ip: 192.168.164.207, host: pr-hdds-1569-s44lr-3492059363, networkLocation: /default-rack, certSerialId: null}, Type:RATIS, Factor:ONE, State:OPEN]
2019-09-25 04:51:51,479 [grpc-default-executor-0] INFO  impl.RaftServerProxy (RaftServerProxy.java:addNew(89)) - 061f0142-df7f-4ee2-9f4c-60a73b1123be: addNew group-1BE7300657D8:[061f0142-df7f-4ee2-9f4c-60a73b1123be:192.168.164.207:36055] returns group-1BE7300657D8:java.util.concurrent.CompletableFuture@7a697ebd[Not completed]
2019-09-25 04:51:51,481 [pool-67-thread-1] INFO  impl.RaftServerImpl (RaftServerImpl.java:<init>(95)) - 061f0142-df7f-4ee2-9f4c-60a73b1123be: new RaftServerImpl for group-1BE7300657D8:[061f0142-df7f-4ee2-9f4c-60a73b1123be:192.168.164.207:36055] with ContainerStateMachine:uninitialized
2019-09-25 04:51:51,481 [pool-67-thread-1] INFO  server.RaftServerConfigKeys (ConfUtils.java:logGet(43)) - raft.server.rpc.timeout.min = 5s (custom)
2019-09-25 04:51:51,481 [pool-67-thread-1] INFO  server.RaftServerConfigKeys (ConfUtils.java:logGet(43)) - raft.server.rpc.timeout.max = 5200ms (custom)
2019-09-25 04:51:51,481 [pool-67-thread-1] INFO  server.RaftServerConfigKeys (ConfUtils.java:logGet(43)) - raft.server.rpcslowness.timeout = 120s (custom)
2019-09-25 04:51:51,481 [pool-67-thread-1] INFO  server.RaftServerConfigKeys (ConfUtils.java:logGet(43)) - raft.server.sleep.deviation.threshold = 300 (default)
2019-09-25 04:51:51,481 [pool-67-thread-1] INFO  server.RaftServerConfigKeys (ConfUtils.java:logGet(43)) - raft.server.log.appender.install.snapshot.enabled = false (custom)
2019-09-25 04:51:51,482 [pool-67-thread-1] INFO  impl.RaftServerImpl (ServerState.java:<init>(103)) - 061f0142-df7f-4ee2-9f4c-60a73b1123be@group-1BE7300657D8: ConfigurationManager, init=-1: [061f0142-df7f-4ee2-9f4c-60a73b1123be:192.168.164.207:36055], old=null, confs=<EMPTY_MAP>
2019-09-25 04:51:51,482 [pool-67-thread-1] INFO  server.RaftServerConfigKeys (ConfUtils.java:logGet(43)) - raft.server.storage.dir = [/workdir/hadoop-ozone/integration-test/target/test-dir/MiniOzoneClusterImpl-ee606598-1675-4e02-b706-4bffbdc3363b/datanode-4/data/ratis] (custom)
2019-09-25 04:51:51,482 [pool-67-thread-1] INFO  storage.RaftStorageDirectory (RaftStorageDirectory.java:analyzeStorage(246)) - The storage directory /workdir/hadoop-ozone/integration-test/target/test-dir/MiniOzoneClusterImpl-ee606598-1675-4e02-b706-4bffbdc3363b/datanode-4/data/ratis/592d24a2-93a8-4a42-8a9b-1be7300657d8 does not exist. Creating ...
2019-09-25 04:51:51,495 [pool-67-thread-1] INFO  storage.RaftStorageDirectory (RaftStorageDirectory.java:tryLock(328)) - Lock on /workdir/hadoop-ozone/integration-test/target/test-dir/MiniOzoneClusterImpl-ee606598-1675-4e02-b706-4bffbdc3363b/datanode-4/data/ratis/592d24a2-93a8-4a42-8a9b-1be7300657d8/in_use.lock acquired by nodename 13544@pr-hdds-1569-s44lr-3492059363
2019-09-25 04:51:51,507 [pool-67-thread-1] INFO  storage.RaftStorage (RaftStorage.java:format(72)) - Storage directory /workdir/hadoop-ozone/integration-test/target/test-dir/MiniOzoneClusterImpl-ee606598-1675-4e02-b706-4bffbdc3363b/datanode-4/data/ratis/592d24a2-93a8-4a42-8a9b-1be7300657d8 has been successfully formatted.
2019-09-25 04:51:51,508 [pool-67-thread-1] INFO  ratis.ContainerStateMachine (ContainerStateMachine.java:loadSnapshot(230)) - group-1BE7300657D8: The snapshot info is null. Setting the last applied indexto:(t:0, i:~)
2019-09-25 04:51:51,508 [pool-67-thread-1] INFO  server.RaftServerConfigKeys (ConfUtils.java:logGet(43)) - raft.server.notification.no-leader.timeout = 120s (custom)
2019-09-25 04:51:51,508 [pool-67-thread-1] INFO  server.RaftServerConfigKeys (ConfUtils.java:logGet(43)) - raft.server.log.use.memory = false (default)
2019-09-25 04:51:51,508 [pool-67-thread-1] INFO  server.RaftServerConfigKeys (ConfUtils.java:logGet(43)) - raft.server.log.purge.gap = 1000000 (custom)
2019-09-25 04:51:51,508 [pool-67-thread-1] INFO  server.RaftServerConfigKeys (ConfUtils.java:logGet(43)) - raft.server.log.appender.buffer.byte-limit = 33554432 (custom)
2019-09-25 04:51:51,508 [pool-67-thread-1] INFO  server.RaftServerConfigKeys (ConfUtils.java:logGet(43)) - raft.server.log.segment.size.max = 1048576 (custom)
2019-09-25 04:51:51,508 [pool-67-thread-1] INFO  server.RaftServerConfigKeys (ConfUtils.java:logGet(43)) - raft.server.log.segment.cache.num.max = 2 (custom)
2019-09-25 04:51:51,508 [pool-67-thread-1] INFO  segmented.SegmentedRaftLogWorker (SegmentedRaftLogWorker.java:<init>(172)) - new 061f0142-df7f-4ee2-9f4c-60a73b1123be@group-1BE7300657D8-SegmentedRaftLogWorker for RaftStorage:Storage Directory /workdir/hadoop-ozone/integration-test/target/test-dir/MiniOzoneClusterImpl-ee606598-1675-4e02-b706-4bffbdc3363b/datanode-4/data/ratis/592d24a2-93a8-4a42-8a9b-1be7300657d8
2019-09-25 04:51:51,508 [pool-67-thread-1] INFO  server.RaftServerConfigKeys (ConfUtils.java:logGet(43)) - raft.server.log.queue.byte-limit = 2147483647 (custom)
2019-09-25 04:51:51,509 [pool-67-thread-1] INFO  server.RaftServerConfigKeys (ConfUtils.java:logGet(43)) - raft.server.log.queue.element-limit = 1024 (custom)
2019-09-25 04:51:51,509 [pool-67-thread-1] INFO  server.RaftServerConfigKeys (ConfUtils.java:logGet(43)) - raft.server.log.segment.size.max = 1048576 (custom)
2019-09-25 04:51:51,509 [pool-67-thread-1] INFO  server.RaftServerConfigKeys (ConfUtils.java:logGet(43)) - raft.server.log.preallocated.size = 16384 (custom)
2019-09-25 04:51:51,509 [pool-67-thread-1] INFO  server.RaftServerConfigKeys (ConfUtils.java:logGet(43)) - raft.server.log.write.buffer.size = 33554432 (custom)
2019-09-25 04:51:51,509 [pool-67-thread-1] INFO  server.RaftServerConfigKeys (ConfUtils.java:logGet(43)) - raft.server.log.force.sync.num = 128 (default)
2019-09-25 04:51:51,509 [pool-67-thread-1] INFO  server.RaftServerConfigKeys (ConfUtils.java:logGet(43)) - raft.server.log.statemachine.data.sync = true (default)
2019-09-25 04:51:51,509 [pool-67-thread-1] INFO  server.RaftServerConfigKeys (ConfUtils.java:logGet(43)) - raft.server.log.statemachine.data.sync.timeout = 10s (default)
2019-09-25 04:51:51,509 [pool-67-thread-1] INFO  server.RaftServerConfigKeys (ConfUtils.java:logGet(43)) - raft.server.log.statemachine.data.sync.timeout.retry = -1 (default)
2019-09-25 04:51:51,509 [pool-67-thread-1] INFO  server.RaftServerConfigKeys (ConfUtils.java:logGet(43)) - raft.server.log.statemachine.data.caching.enabled = true (custom)
2019-09-25 04:51:51,510 [pool-67-thread-1] INFO  segmented.SegmentedRaftLogWorker (SegmentedRaftLogWorker.java:lambda$new$0(132)) - 061f0142-df7f-4ee2-9f4c-60a73b1123be@group-1BE7300657D8-SegmentedRaftLogWorker: flushIndex: setUnconditionally 0 -> -1
2019-09-25 04:51:51,510 [pool-67-thread-1] INFO  server.RaftServerConfigKeys (ConfUtils.java:logGet(43)) - raft.server.snapshot.auto.trigger.enabled = true (custom)
2019-09-25 04:51:51,510 [pool-67-thread-1] INFO  server.RaftServerConfigKeys (ConfUtils.java:logGet(43)) - raft.server.snapshot.auto.trigger.threshold = 10000 (custom)
2019-09-25 04:51:51,510 [pool-67-thread-1] INFO  server.RaftServerConfigKeys (ConfUtils.java:logGet(43)) - raft.server.snapshot.retention.num.files = 5 (custom)
2019-09-25 04:51:51,510 [pool-67-thread-1] INFO  server.RaftServerConfigKeys (ConfUtils.java:logGet(43)) - raft.server.retrycache.expirytime = 600000ms (custom)
2019-09-25 04:51:51,513 [pool-67-thread-1] INFO  impl.RaftServerImpl (RaftServerImpl.java:start(185)) - 061f0142-df7f-4ee2-9f4c-60a73b1123be@group-1BE7300657D8: start as a follower, conf=-1: [061f0142-df7f-4ee2-9f4c-60a73b1123be:192.168.164.207:36055], old=null
2019-09-25 04:51:51,513 [pool-67-thread-1] INFO  impl.RaftServerImpl (RaftServerImpl.java:setRole(174)) - 061f0142-df7f-4ee2-9f4c-60a73b1123be@group-1BE7300657D8: changes role from      null to FOLLOWER at term 0 for startAsFollower
2019-09-25 04:51:51,513 [pool-67-thread-1] INFO  impl.RoleInfo (RoleInfo.java:updateAndGet(143)) - 061f0142-df7f-4ee2-9f4c-60a73b1123be: start FollowerState
2019-09-25 04:51:51,513 [pool-67-thread-1] INFO  util.JmxRegister (JmxRegister.java:tryRegister(44)) - Successfully registered JMX Bean with object name Ratis:service=RaftServer,group=group-1BE7300657D8,id=061f0142-df7f-4ee2-9f4c-60a73b1123be
2019-09-25 04:51:51,528 [RatisPipelineUtilsThread] INFO  pipeline.PipelineStateManager (PipelineStateManager.java:addPipeline(56)) - Created pipeline Pipeline[ Id: 592d24a2-93a8-4a42-8a9b-1be7300657d8, Nodes: 061f0142-df7f-4ee2-9f4c-60a73b1123be{ip: 192.168.164.207, host: pr-hdds-1569-s44lr-3492059363, networkLocation: /default-rack, certSerialId: null}, Type:RATIS, Factor:ONE, State:OPEN]
2019-09-25 04:51:51,544 [grpc-default-executor-0] INFO  impl.RaftServerProxy (RaftServerProxy.java:addNew(89)) - 5ef12726-03f2-4870-a114-ed0a439e18ee: addNew group-0EF638FDED0B:[5ef12726-03f2-4870-a114-ed0a439e18ee:192.168.164.207:40177] returns group-0EF638FDED0B:java.util.concurrent.CompletableFuture@291e04f6[Not completed]
2019-09-25 04:51:51,545 [pool-47-thread-1] INFO  impl.RaftServerImpl (RaftServerImpl.java:<init>(95)) - 5ef12726-03f2-4870-a114-ed0a439e18ee: new RaftServerImpl for group-0EF638FDED0B:[5ef12726-03f2-4870-a114-ed0a439e18ee:192.168.164.207:40177] with ContainerStateMachine:uninitialized
2019-09-25 04:51:51,546 [pool-47-thread-1] INFO  server.RaftServerConfigKeys (ConfUtils.java:logGet(43)) - raft.server.rpc.timeout.min = 5s (custom)
2019-09-25 04:51:51,546 [pool-47-thread-1] INFO  server.RaftServerConfigKeys (ConfUtils.java:logGet(43)) - raft.server.rpc.timeout.max = 5200ms (custom)
2019-09-25 04:51:51,546 [pool-47-thread-1] INFO  server.RaftServerConfigKeys (ConfUtils.java:logGet(43)) - raft.server.rpcslowness.timeout = 120s (custom)
2019-09-25 04:51:51,546 [pool-47-thread-1] INFO  server.RaftServerConfigKeys (ConfUtils.java:logGet(43)) - raft.server.sleep.deviation.threshold = 300 (default)
2019-09-25 04:51:51,546 [pool-47-thread-1] INFO  server.RaftServerConfigKeys (ConfUtils.java:logGet(43)) - raft.server.log.appender.install.snapshot.enabled = false (custom)
2019-09-25 04:51:51,547 [pool-47-thread-1] INFO  impl.RaftServerImpl (ServerState.java:<init>(103)) - 5ef12726-03f2-4870-a114-ed0a439e18ee@group-0EF638FDED0B: ConfigurationManager, init=-1: [5ef12726-03f2-4870-a114-ed0a439e18ee:192.168.164.207:40177], old=null, confs=<EMPTY_MAP>
2019-09-25 04:51:51,547 [pool-47-thread-1] INFO  server.RaftServerConfigKeys (ConfUtils.java:logGet(43)) - raft.server.storage.dir = [/workdir/hadoop-ozone/integration-test/target/test-dir/MiniOzoneClusterImpl-ee606598-1675-4e02-b706-4bffbdc3363b/datanode-2/data/ratis] (custom)
2019-09-25 04:51:51,547 [pool-47-thread-1] INFO  storage.RaftStorageDirectory (RaftStorageDirectory.java:analyzeStorage(246)) - The storage directory /workdir/hadoop-ozone/integration-test/target/test-dir/MiniOzoneClusterImpl-ee606598-1675-4e02-b706-4bffbdc3363b/datanode-2/data/ratis/7c6bdf13-f4fe-467c-8595-0ef638fded0b does not exist. Creating ...
2019-09-25 04:51:51,561 [pool-47-thread-1] INFO  storage.RaftStorageDirectory (RaftStorageDirectory.java:tryLock(328)) - Lock on /workdir/hadoop-ozone/integration-test/target/test-dir/MiniOzoneClusterImpl-ee606598-1675-4e02-b706-4bffbdc3363b/datanode-2/data/ratis/7c6bdf13-f4fe-467c-8595-0ef638fded0b/in_use.lock acquired by nodename 13544@pr-hdds-1569-s44lr-3492059363
2019-09-25 04:51:51,573 [pool-47-thread-1] INFO  storage.RaftStorage (RaftStorage.java:format(72)) - Storage directory /workdir/hadoop-ozone/integration-test/target/test-dir/MiniOzoneClusterImpl-ee606598-1675-4e02-b706-4bffbdc3363b/datanode-2/data/ratis/7c6bdf13-f4fe-467c-8595-0ef638fded0b has been successfully formatted.
2019-09-25 04:51:51,574 [pool-47-thread-1] INFO  ratis.ContainerStateMachine (ContainerStateMachine.java:loadSnapshot(230)) - group-0EF638FDED0B: The snapshot info is null. Setting the last applied indexto:(t:0, i:~)
2019-09-25 04:51:51,574 [pool-47-thread-1] INFO  server.RaftServerConfigKeys (ConfUtils.java:logGet(43)) - raft.server.notification.no-leader.timeout = 120s (custom)
2019-09-25 04:51:51,574 [pool-47-thread-1] INFO  server.RaftServerConfigKeys (ConfUtils.java:logGet(43)) - raft.server.log.use.memory = false (default)
2019-09-25 04:51:51,574 [pool-47-thread-1] INFO  server.RaftServerConfigKeys (ConfUtils.java:logGet(43)) - raft.server.log.purge.gap = 1000000 (custom)
2019-09-25 04:51:51,574 [pool-47-thread-1] INFO  server.RaftServerConfigKeys (ConfUtils.java:logGet(43)) - raft.server.log.appender.buffer.byte-limit = 33554432 (custom)
2019-09-25 04:51:51,574 [pool-47-thread-1] INFO  server.RaftServerConfigKeys (ConfUtils.java:logGet(43)) - raft.server.log.segment.size.max = 1048576 (custom)
2019-09-25 04:51:51,575 [pool-47-thread-1] INFO  server.RaftServerConfigKeys (ConfUtils.java:logGet(43)) - raft.server.log.segment.cache.num.max = 2 (custom)
2019-09-25 04:51:51,575 [pool-47-thread-1] INFO  segmented.SegmentedRaftLogWorker (SegmentedRaftLogWorker.java:<init>(172)) - new 5ef12726-03f2-4870-a114-ed0a439e18ee@group-0EF638FDED0B-SegmentedRaftLogWorker for RaftStorage:Storage Directory /workdir/hadoop-ozone/integration-test/target/test-dir/MiniOzoneClusterImpl-ee606598-1675-4e02-b706-4bffbdc3363b/datanode-2/data/ratis/7c6bdf13-f4fe-467c-8595-0ef638fded0b
2019-09-25 04:51:51,575 [pool-47-thread-1] INFO  server.RaftServerConfigKeys (ConfUtils.java:logGet(43)) - raft.server.log.queue.byte-limit = 2147483647 (custom)
2019-09-25 04:51:51,575 [pool-47-thread-1] INFO  server.RaftServerConfigKeys (ConfUtils.java:logGet(43)) - raft.server.log.queue.element-limit = 1024 (custom)
2019-09-25 04:51:51,575 [pool-47-thread-1] INFO  server.RaftServerConfigKeys (ConfUtils.java:logGet(43)) - raft.server.log.segment.size.max = 1048576 (custom)
2019-09-25 04:51:51,575 [pool-47-thread-1] INFO  server.RaftServerConfigKeys (ConfUtils.java:logGet(43)) - raft.server.log.preallocated.size = 16384 (custom)
2019-09-25 04:51:51,576 [pool-47-thread-1] INFO  server.RaftServerConfigKeys (ConfUtils.java:logGet(43)) - raft.server.log.write.buffer.size = 33554432 (custom)
2019-09-25 04:51:51,576 [pool-47-thread-1] INFO  server.RaftServerConfigKeys (ConfUtils.java:logGet(43)) - raft.server.log.force.sync.num = 128 (default)
2019-09-25 04:51:51,576 [pool-47-thread-1] INFO  server.RaftServerConfigKeys (ConfUtils.java:logGet(43)) - raft.server.log.statemachine.data.sync = true (default)
2019-09-25 04:51:51,576 [pool-47-thread-1] INFO  server.RaftServerConfigKeys (ConfUtils.java:logGet(43)) - raft.server.log.statemachine.data.sync.timeout = 10s (default)
2019-09-25 04:51:51,576 [pool-47-thread-1] INFO  server.RaftServerConfigKeys (ConfUtils.java:logGet(43)) - raft.server.log.statemachine.data.sync.timeout.retry = -1 (default)
2019-09-25 04:51:51,576 [pool-47-thread-1] INFO  server.RaftServerConfigKeys (ConfUtils.java:logGet(43)) - raft.server.log.statemachine.data.caching.enabled = true (custom)
2019-09-25 04:51:51,577 [pool-47-thread-1] INFO  segmented.SegmentedRaftLogWorker (SegmentedRaftLogWorker.java:lambda$new$0(132)) - 5ef12726-03f2-4870-a114-ed0a439e18ee@group-0EF638FDED0B-SegmentedRaftLogWorker: flushIndex: setUnconditionally 0 -> -1
2019-09-25 04:51:51,577 [pool-47-thread-1] INFO  server.RaftServerConfigKeys (ConfUtils.java:logGet(43)) - raft.server.snapshot.auto.trigger.enabled = true (custom)
2019-09-25 04:51:51,577 [pool-47-thread-1] INFO  server.RaftServerConfigKeys (ConfUtils.java:logGet(43)) - raft.server.snapshot.auto.trigger.threshold = 10000 (custom)
2019-09-25 04:51:51,577 [pool-47-thread-1] INFO  server.RaftServerConfigKeys (ConfUtils.java:logGet(43)) - raft.server.snapshot.retention.num.files = 5 (custom)
2019-09-25 04:51:51,577 [pool-47-thread-1] INFO  server.RaftServerConfigKeys (ConfUtils.java:logGet(43)) - raft.server.retrycache.expirytime = 600000ms (custom)
2019-09-25 04:51:51,580 [pool-47-thread-1] INFO  impl.RaftServerImpl (RaftServerImpl.java:start(185)) - 5ef12726-03f2-4870-a114-ed0a439e18ee@group-0EF638FDED0B: start as a follower, conf=-1: [5ef12726-03f2-4870-a114-ed0a439e18ee:192.168.164.207:40177], old=null
2019-09-25 04:51:51,580 [pool-47-thread-1] INFO  impl.RaftServerImpl (RaftServerImpl.java:setRole(174)) - 5ef12726-03f2-4870-a114-ed0a439e18ee@group-0EF638FDED0B: changes role from      null to FOLLOWER at term 0 for startAsFollower
2019-09-25 04:51:51,580 [pool-47-thread-1] INFO  impl.RoleInfo (RoleInfo.java:updateAndGet(143)) - 5ef12726-03f2-4870-a114-ed0a439e18ee: start FollowerState
2019-09-25 04:51:51,581 [pool-47-thread-1] INFO  util.JmxRegister (JmxRegister.java:tryRegister(44)) - Successfully registered JMX Bean with object name Ratis:service=RaftServer,group=group-0EF638FDED0B,id=5ef12726-03f2-4870-a114-ed0a439e18ee
2019-09-25 04:51:51,591 [RatisPipelineUtilsThread] INFO  pipeline.PipelineStateManager (PipelineStateManager.java:addPipeline(56)) - Created pipeline Pipeline[ Id: 7c6bdf13-f4fe-467c-8595-0ef638fded0b, Nodes: 5ef12726-03f2-4870-a114-ed0a439e18ee{ip: 192.168.164.207, host: pr-hdds-1569-s44lr-3492059363, networkLocation: /default-rack, certSerialId: null}, Type:RATIS, Factor:ONE, State:OPEN]
2019-09-25 04:51:51,608 [grpc-default-executor-0] INFO  impl.RaftServerProxy (RaftServerProxy.java:addNew(89)) - 38e0221b-1a06-473d-b1e9-41261cc0c838: addNew group-D8572A4DAAD3:[38e0221b-1a06-473d-b1e9-41261cc0c838:192.168.164.207:35429] returns group-D8572A4DAAD3:java.util.concurrent.CompletableFuture@173335e6[Not completed]
2019-09-25 04:51:51,613 [pool-87-thread-1] INFO  impl.RaftServerImpl (RaftServerImpl.java:<init>(95)) - 38e0221b-1a06-473d-b1e9-41261cc0c838: new RaftServerImpl for group-D8572A4DAAD3:[38e0221b-1a06-473d-b1e9-41261cc0c838:192.168.164.207:35429] with ContainerStateMachine:uninitialized
2019-09-25 04:51:51,613 [pool-87-thread-1] INFO  server.RaftServerConfigKeys (ConfUtils.java:logGet(43)) - raft.server.rpc.timeout.min = 5s (custom)
2019-09-25 04:51:51,613 [pool-87-thread-1] INFO  server.RaftServerConfigKeys (ConfUtils.java:logGet(43)) - raft.server.rpc.timeout.max = 5200ms (custom)
2019-09-25 04:51:51,613 [pool-87-thread-1] INFO  server.RaftServerConfigKeys (ConfUtils.java:logGet(43)) - raft.server.rpcslowness.timeout = 120s (custom)
2019-09-25 04:51:51,613 [pool-87-thread-1] INFO  server.RaftServerConfigKeys (ConfUtils.java:logGet(43)) - raft.server.sleep.deviation.threshold = 300 (default)
2019-09-25 04:51:51,613 [pool-87-thread-1] INFO  server.RaftServerConfigKeys (ConfUtils.java:logGet(43)) - raft.server.log.appender.install.snapshot.enabled = false (custom)
2019-09-25 04:51:51,614 [pool-87-thread-1] INFO  impl.RaftServerImpl (ServerState.java:<init>(103)) - 38e0221b-1a06-473d-b1e9-41261cc0c838@group-D8572A4DAAD3: ConfigurationManager, init=-1: [38e0221b-1a06-473d-b1e9-41261cc0c838:192.168.164.207:35429], old=null, confs=<EMPTY_MAP>
2019-09-25 04:51:51,614 [pool-87-thread-1] INFO  server.RaftServerConfigKeys (ConfUtils.java:logGet(43)) - raft.server.storage.dir = [/workdir/hadoop-ozone/integration-test/target/test-dir/MiniOzoneClusterImpl-ee606598-1675-4e02-b706-4bffbdc3363b/datanode-6/data/ratis] (custom)
2019-09-25 04:51:51,614 [pool-87-thread-1] INFO  storage.RaftStorageDirectory (RaftStorageDirectory.java:analyzeStorage(246)) - The storage directory /workdir/hadoop-ozone/integration-test/target/test-dir/MiniOzoneClusterImpl-ee606598-1675-4e02-b706-4bffbdc3363b/datanode-6/data/ratis/51e0a4b6-7801-4a2a-a443-d8572a4daad3 does not exist. Creating ...
2019-09-25 04:51:51,627 [pool-87-thread-1] INFO  storage.RaftStorageDirectory (RaftStorageDirectory.java:tryLock(328)) - Lock on /workdir/hadoop-ozone/integration-test/target/test-dir/MiniOzoneClusterImpl-ee606598-1675-4e02-b706-4bffbdc3363b/datanode-6/data/ratis/51e0a4b6-7801-4a2a-a443-d8572a4daad3/in_use.lock acquired by nodename 13544@pr-hdds-1569-s44lr-3492059363
2019-09-25 04:51:51,641 [pool-87-thread-1] INFO  storage.RaftStorage (RaftStorage.java:format(72)) - Storage directory /workdir/hadoop-ozone/integration-test/target/test-dir/MiniOzoneClusterImpl-ee606598-1675-4e02-b706-4bffbdc3363b/datanode-6/data/ratis/51e0a4b6-7801-4a2a-a443-d8572a4daad3 has been successfully formatted.
2019-09-25 04:51:51,641 [pool-87-thread-1] INFO  ratis.ContainerStateMachine (ContainerStateMachine.java:loadSnapshot(230)) - group-D8572A4DAAD3: The snapshot info is null. Setting the last applied indexto:(t:0, i:~)
2019-09-25 04:51:51,641 [pool-87-thread-1] INFO  server.RaftServerConfigKeys (ConfUtils.java:logGet(43)) - raft.server.notification.no-leader.timeout = 120s (custom)
2019-09-25 04:51:51,641 [pool-87-thread-1] INFO  server.RaftServerConfigKeys (ConfUtils.java:logGet(43)) - raft.server.log.use.memory = false (default)
2019-09-25 04:51:51,642 [pool-87-thread-1] INFO  server.RaftServerConfigKeys (ConfUtils.java:logGet(43)) - raft.server.log.purge.gap = 1000000 (custom)
2019-09-25 04:51:51,642 [pool-87-thread-1] INFO  server.RaftServerConfigKeys (ConfUtils.java:logGet(43)) - raft.server.log.appender.buffer.byte-limit = 33554432 (custom)
2019-09-25 04:51:51,642 [pool-87-thread-1] INFO  server.RaftServerConfigKeys (ConfUtils.java:logGet(43)) - raft.server.log.segment.size.max = 1048576 (custom)
2019-09-25 04:51:51,642 [pool-87-thread-1] INFO  server.RaftServerConfigKeys (ConfUtils.java:logGet(43)) - raft.server.log.segment.cache.num.max = 2 (custom)
2019-09-25 04:51:51,642 [pool-87-thread-1] INFO  segmented.SegmentedRaftLogWorker (SegmentedRaftLogWorker.java:<init>(172)) - new 38e0221b-1a06-473d-b1e9-41261cc0c838@group-D8572A4DAAD3-SegmentedRaftLogWorker for RaftStorage:Storage Directory /workdir/hadoop-ozone/integration-test/target/test-dir/MiniOzoneClusterImpl-ee606598-1675-4e02-b706-4bffbdc3363b/datanode-6/data/ratis/51e0a4b6-7801-4a2a-a443-d8572a4daad3
2019-09-25 04:51:51,645 [pool-87-thread-1] INFO  server.RaftServerConfigKeys (ConfUtils.java:logGet(43)) - raft.server.log.queue.byte-limit = 2147483647 (custom)
2019-09-25 04:51:51,645 [pool-87-thread-1] INFO  server.RaftServerConfigKeys (ConfUtils.java:logGet(43)) - raft.server.log.queue.element-limit = 1024 (custom)
2019-09-25 04:51:51,645 [pool-87-thread-1] INFO  server.RaftServerConfigKeys (ConfUtils.java:logGet(43)) - raft.server.log.segment.size.max = 1048576 (custom)
2019-09-25 04:51:51,646 [pool-87-thread-1] INFO  server.RaftServerConfigKeys (ConfUtils.java:logGet(43)) - raft.server.log.preallocated.size = 16384 (custom)
2019-09-25 04:51:51,646 [pool-87-thread-1] INFO  server.RaftServerConfigKeys (ConfUtils.java:logGet(43)) - raft.server.log.write.buffer.size = 33554432 (custom)
2019-09-25 04:51:51,646 [pool-87-thread-1] INFO  server.RaftServerConfigKeys (ConfUtils.java:logGet(43)) - raft.server.log.force.sync.num = 128 (default)
2019-09-25 04:51:51,646 [pool-87-thread-1] INFO  server.RaftServerConfigKeys (ConfUtils.java:logGet(43)) - raft.server.log.statemachine.data.sync = true (default)
2019-09-25 04:51:51,646 [pool-87-thread-1] INFO  server.RaftServerConfigKeys (ConfUtils.java:logGet(43)) - raft.server.log.statemachine.data.sync.timeout = 10s (default)
2019-09-25 04:51:51,646 [pool-87-thread-1] INFO  server.RaftServerConfigKeys (ConfUtils.java:logGet(43)) - raft.server.log.statemachine.data.sync.timeout.retry = -1 (default)
2019-09-25 04:51:51,647 [pool-87-thread-1] INFO  server.RaftServerConfigKeys (ConfUtils.java:logGet(43)) - raft.server.log.statemachine.data.caching.enabled = true (custom)
2019-09-25 04:51:51,647 [pool-87-thread-1] INFO  segmented.SegmentedRaftLogWorker (SegmentedRaftLogWorker.java:lambda$new$0(132)) - 38e0221b-1a06-473d-b1e9-41261cc0c838@group-D8572A4DAAD3-SegmentedRaftLogWorker: flushIndex: setUnconditionally 0 -> -1
2019-09-25 04:51:51,647 [pool-87-thread-1] INFO  server.RaftServerConfigKeys (ConfUtils.java:logGet(43)) - raft.server.snapshot.auto.trigger.enabled = true (custom)
2019-09-25 04:51:51,647 [pool-87-thread-1] INFO  server.RaftServerConfigKeys (ConfUtils.java:logGet(43)) - raft.server.snapshot.auto.trigger.threshold = 10000 (custom)
2019-09-25 04:51:51,648 [pool-87-thread-1] INFO  server.RaftServerConfigKeys (ConfUtils.java:logGet(43)) - raft.server.snapshot.retention.num.files = 5 (custom)
2019-09-25 04:51:51,648 [pool-87-thread-1] INFO  server.RaftServerConfigKeys (ConfUtils.java:logGet(43)) - raft.server.retrycache.expirytime = 600000ms (custom)
2019-09-25 04:51:51,651 [pool-87-thread-1] INFO  impl.RaftServerImpl (RaftServerImpl.java:start(185)) - 38e0221b-1a06-473d-b1e9-41261cc0c838@group-D8572A4DAAD3: start as a follower, conf=-1: [38e0221b-1a06-473d-b1e9-41261cc0c838:192.168.164.207:35429], old=null
2019-09-25 04:51:51,651 [pool-87-thread-1] INFO  impl.RaftServerImpl (RaftServerImpl.java:setRole(174)) - 38e0221b-1a06-473d-b1e9-41261cc0c838@group-D8572A4DAAD3: changes role from      null to FOLLOWER at term 0 for startAsFollower
2019-09-25 04:51:51,651 [pool-87-thread-1] INFO  impl.RoleInfo (RoleInfo.java:updateAndGet(143)) - 38e0221b-1a06-473d-b1e9-41261cc0c838: start FollowerState
2019-09-25 04:51:51,651 [pool-87-thread-1] INFO  util.JmxRegister (JmxRegister.java:tryRegister(44)) - Successfully registered JMX Bean with object name Ratis:service=RaftServer,group=group-D8572A4DAAD3,id=38e0221b-1a06-473d-b1e9-41261cc0c838
2019-09-25 04:51:51,661 [RatisPipelineUtilsThread] INFO  pipeline.PipelineStateManager (PipelineStateManager.java:addPipeline(56)) - Created pipeline Pipeline[ Id: 51e0a4b6-7801-4a2a-a443-d8572a4daad3, Nodes: 38e0221b-1a06-473d-b1e9-41261cc0c838{ip: 192.168.164.207, host: pr-hdds-1569-s44lr-3492059363, networkLocation: /default-rack, certSerialId: null}, Type:RATIS, Factor:ONE, State:OPEN]
2019-09-25 04:51:51,675 [grpc-default-executor-0] INFO  impl.RaftServerProxy (RaftServerProxy.java:addNew(89)) - 38f9cd64-a54c-4b19-ac87-5788454c2084: addNew group-D5B6EF56908C:[38f9cd64-a54c-4b19-ac87-5788454c2084:192.168.164.207:42162] returns group-D5B6EF56908C:java.util.concurrent.CompletableFuture@3e8502e9[Not completed]
2019-09-25 04:51:51,677 [pool-27-thread-1] INFO  impl.RaftServerImpl (RaftServerImpl.java:<init>(95)) - 38f9cd64-a54c-4b19-ac87-5788454c2084: new RaftServerImpl for group-D5B6EF56908C:[38f9cd64-a54c-4b19-ac87-5788454c2084:192.168.164.207:42162] with ContainerStateMachine:uninitialized
2019-09-25 04:51:51,678 [pool-27-thread-1] INFO  server.RaftServerConfigKeys (ConfUtils.java:logGet(43)) - raft.server.rpc.timeout.min = 5s (custom)
2019-09-25 04:51:51,678 [pool-27-thread-1] INFO  server.RaftServerConfigKeys (ConfUtils.java:logGet(43)) - raft.server.rpc.timeout.max = 5200ms (custom)
2019-09-25 04:51:51,678 [pool-27-thread-1] INFO  server.RaftServerConfigKeys (ConfUtils.java:logGet(43)) - raft.server.rpcslowness.timeout = 120s (custom)
2019-09-25 04:51:51,678 [pool-27-thread-1] INFO  server.RaftServerConfigKeys (ConfUtils.java:logGet(43)) - raft.server.sleep.deviation.threshold = 300 (default)
2019-09-25 04:51:51,678 [pool-27-thread-1] INFO  server.RaftServerConfigKeys (ConfUtils.java:logGet(43)) - raft.server.log.appender.install.snapshot.enabled = false (custom)
2019-09-25 04:51:51,679 [pool-27-thread-1] INFO  impl.RaftServerImpl (ServerState.java:<init>(103)) - 38f9cd64-a54c-4b19-ac87-5788454c2084@group-D5B6EF56908C: ConfigurationManager, init=-1: [38f9cd64-a54c-4b19-ac87-5788454c2084:192.168.164.207:42162], old=null, confs=<EMPTY_MAP>
2019-09-25 04:51:51,679 [pool-27-thread-1] INFO  server.RaftServerConfigKeys (ConfUtils.java:logGet(43)) - raft.server.storage.dir = [/workdir/hadoop-ozone/integration-test/target/test-dir/MiniOzoneClusterImpl-ee606598-1675-4e02-b706-4bffbdc3363b/datanode-0/data/ratis] (custom)
2019-09-25 04:51:51,679 [pool-27-thread-1] INFO  storage.RaftStorageDirectory (RaftStorageDirectory.java:analyzeStorage(246)) - The storage directory /workdir/hadoop-ozone/integration-test/target/test-dir/MiniOzoneClusterImpl-ee606598-1675-4e02-b706-4bffbdc3363b/datanode-0/data/ratis/29ae7d55-33d7-493d-9148-d5b6ef56908c does not exist. Creating ...
2019-09-25 04:51:51,692 [pool-27-thread-1] INFO  storage.RaftStorageDirectory (RaftStorageDirectory.java:tryLock(328)) - Lock on /workdir/hadoop-ozone/integration-test/target/test-dir/MiniOzoneClusterImpl-ee606598-1675-4e02-b706-4bffbdc3363b/datanode-0/data/ratis/29ae7d55-33d7-493d-9148-d5b6ef56908c/in_use.lock acquired by nodename 13544@pr-hdds-1569-s44lr-3492059363
2019-09-25 04:51:51,714 [pool-27-thread-1] INFO  storage.RaftStorage (RaftStorage.java:format(72)) - Storage directory /workdir/hadoop-ozone/integration-test/target/test-dir/MiniOzoneClusterImpl-ee606598-1675-4e02-b706-4bffbdc3363b/datanode-0/data/ratis/29ae7d55-33d7-493d-9148-d5b6ef56908c has been successfully formatted.
2019-09-25 04:51:51,715 [pool-27-thread-1] INFO  ratis.ContainerStateMachine (ContainerStateMachine.java:loadSnapshot(230)) - group-D5B6EF56908C: The snapshot info is null. Setting the last applied indexto:(t:0, i:~)
2019-09-25 04:51:51,715 [pool-27-thread-1] INFO  server.RaftServerConfigKeys (ConfUtils.java:logGet(43)) - raft.server.notification.no-leader.timeout = 120s (custom)
2019-09-25 04:51:51,715 [pool-27-thread-1] INFO  server.RaftServerConfigKeys (ConfUtils.java:logGet(43)) - raft.server.log.use.memory = false (default)
2019-09-25 04:51:51,715 [pool-27-thread-1] INFO  server.RaftServerConfigKeys (ConfUtils.java:logGet(43)) - raft.server.log.purge.gap = 1000000 (custom)
2019-09-25 04:51:51,715 [pool-27-thread-1] INFO  server.RaftServerConfigKeys (ConfUtils.java:logGet(43)) - raft.server.log.appender.buffer.byte-limit = 33554432 (custom)
2019-09-25 04:51:51,716 [pool-27-thread-1] INFO  server.RaftServerConfigKeys (ConfUtils.java:logGet(43)) - raft.server.log.segment.size.max = 1048576 (custom)
2019-09-25 04:51:51,716 [pool-27-thread-1] INFO  server.RaftServerConfigKeys (ConfUtils.java:logGet(43)) - raft.server.log.segment.cache.num.max = 2 (custom)
2019-09-25 04:51:51,716 [pool-27-thread-1] INFO  segmented.SegmentedRaftLogWorker (SegmentedRaftLogWorker.java:<init>(172)) - new 38f9cd64-a54c-4b19-ac87-5788454c2084@group-D5B6EF56908C-SegmentedRaftLogWorker for RaftStorage:Storage Directory /workdir/hadoop-ozone/integration-test/target/test-dir/MiniOzoneClusterImpl-ee606598-1675-4e02-b706-4bffbdc3363b/datanode-0/data/ratis/29ae7d55-33d7-493d-9148-d5b6ef56908c
2019-09-25 04:51:51,716 [pool-27-thread-1] INFO  server.RaftServerConfigKeys (ConfUtils.java:logGet(43)) - raft.server.log.queue.byte-limit = 2147483647 (custom)
2019-09-25 04:51:51,716 [pool-27-thread-1] INFO  server.RaftServerConfigKeys (ConfUtils.java:logGet(43)) - raft.server.log.queue.element-limit = 1024 (custom)
2019-09-25 04:51:51,716 [pool-27-thread-1] INFO  server.RaftServerConfigKeys (ConfUtils.java:logGet(43)) - raft.server.log.segment.size.max = 1048576 (custom)
2019-09-25 04:51:51,717 [pool-27-thread-1] INFO  server.RaftServerConfigKeys (ConfUtils.java:logGet(43)) - raft.server.log.preallocated.size = 16384 (custom)
2019-09-25 04:51:51,717 [pool-27-thread-1] INFO  server.RaftServerConfigKeys (ConfUtils.java:logGet(43)) - raft.server.log.write.buffer.size = 33554432 (custom)
2019-09-25 04:51:51,717 [pool-27-thread-1] INFO  server.RaftServerConfigKeys (ConfUtils.java:logGet(43)) - raft.server.log.force.sync.num = 128 (default)
2019-09-25 04:51:51,717 [pool-27-thread-1] INFO  server.RaftServerConfigKeys (ConfUtils.java:logGet(43)) - raft.server.log.statemachine.data.sync = true (default)
2019-09-25 04:51:51,717 [pool-27-thread-1] INFO  server.RaftServerConfigKeys (ConfUtils.java:logGet(43)) - raft.server.log.statemachine.data.sync.timeout = 10s (default)
2019-09-25 04:51:51,717 [pool-27-thread-1] INFO  server.RaftServerConfigKeys (ConfUtils.java:logGet(43)) - raft.server.log.statemachine.data.sync.timeout.retry = -1 (default)
2019-09-25 04:51:51,722 [pool-27-thread-1] INFO  server.RaftServerConfigKeys (ConfUtils.java:logGet(43)) - raft.server.log.statemachine.data.caching.enabled = true (custom)
2019-09-25 04:51:51,723 [pool-27-thread-1] INFO  segmented.SegmentedRaftLogWorker (SegmentedRaftLogWorker.java:lambda$new$0(132)) - 38f9cd64-a54c-4b19-ac87-5788454c2084@group-D5B6EF56908C-SegmentedRaftLogWorker: flushIndex: setUnconditionally 0 -> -1
2019-09-25 04:51:51,723 [pool-27-thread-1] INFO  server.RaftServerConfigKeys (ConfUtils.java:logGet(43)) - raft.server.snapshot.auto.trigger.enabled = true (custom)
2019-09-25 04:51:51,723 [pool-27-thread-1] INFO  server.RaftServerConfigKeys (ConfUtils.java:logGet(43)) - raft.server.snapshot.auto.trigger.threshold = 10000 (custom)
2019-09-25 04:51:51,724 [pool-27-thread-1] INFO  server.RaftServerConfigKeys (ConfUtils.java:logGet(43)) - raft.server.snapshot.retention.num.files = 5 (custom)
2019-09-25 04:51:51,724 [pool-27-thread-1] INFO  server.RaftServerConfigKeys (ConfUtils.java:logGet(43)) - raft.server.retrycache.expirytime = 600000ms (custom)
2019-09-25 04:51:51,727 [pool-27-thread-1] INFO  impl.RaftServerImpl (RaftServerImpl.java:start(185)) - 38f9cd64-a54c-4b19-ac87-5788454c2084@group-D5B6EF56908C: start as a follower, conf=-1: [38f9cd64-a54c-4b19-ac87-5788454c2084:192.168.164.207:42162], old=null
2019-09-25 04:51:51,727 [pool-27-thread-1] INFO  impl.RaftServerImpl (RaftServerImpl.java:setRole(174)) - 38f9cd64-a54c-4b19-ac87-5788454c2084@group-D5B6EF56908C: changes role from      null to FOLLOWER at term 0 for startAsFollower
2019-09-25 04:51:51,727 [pool-27-thread-1] INFO  impl.RoleInfo (RoleInfo.java:updateAndGet(143)) - 38f9cd64-a54c-4b19-ac87-5788454c2084: start FollowerState
2019-09-25 04:51:51,727 [pool-27-thread-1] INFO  util.JmxRegister (JmxRegister.java:tryRegister(44)) - Successfully registered JMX Bean with object name Ratis:service=RaftServer,group=group-D5B6EF56908C,id=38f9cd64-a54c-4b19-ac87-5788454c2084
2019-09-25 04:51:51,739 [RatisPipelineUtilsThread] INFO  pipeline.PipelineStateManager (PipelineStateManager.java:addPipeline(56)) - Created pipeline Pipeline[ Id: 29ae7d55-33d7-493d-9148-d5b6ef56908c, Nodes: 38f9cd64-a54c-4b19-ac87-5788454c2084{ip: 192.168.164.207, host: pr-hdds-1569-s44lr-3492059363, networkLocation: /default-rack, certSerialId: null}, Type:RATIS, Factor:ONE, State:OPEN]
2019-09-25 04:51:51,757 [grpc-default-executor-1] INFO  impl.RaftServerProxy (RaftServerProxy.java:addNew(89)) - 38f9cd64-a54c-4b19-ac87-5788454c2084: addNew group-C3D34ACF5BEF:[38f9cd64-a54c-4b19-ac87-5788454c2084:192.168.164.207:42162] returns group-C3D34ACF5BEF:java.util.concurrent.CompletableFuture@34c67186[Not completed]
2019-09-25 04:51:51,759 [pool-27-thread-1] INFO  impl.RaftServerImpl (RaftServerImpl.java:<init>(95)) - 38f9cd64-a54c-4b19-ac87-5788454c2084: new RaftServerImpl for group-C3D34ACF5BEF:[38f9cd64-a54c-4b19-ac87-5788454c2084:192.168.164.207:42162] with ContainerStateMachine:uninitialized
2019-09-25 04:51:51,759 [pool-27-thread-1] INFO  server.RaftServerConfigKeys (ConfUtils.java:logGet(43)) - raft.server.rpc.timeout.min = 5s (custom)
2019-09-25 04:51:51,760 [pool-27-thread-1] INFO  server.RaftServerConfigKeys (ConfUtils.java:logGet(43)) - raft.server.rpc.timeout.max = 5200ms (custom)
2019-09-25 04:51:51,760 [pool-27-thread-1] INFO  server.RaftServerConfigKeys (ConfUtils.java:logGet(43)) - raft.server.rpcslowness.timeout = 120s (custom)
2019-09-25 04:51:51,760 [pool-27-thread-1] INFO  server.RaftServerConfigKeys (ConfUtils.java:logGet(43)) - raft.server.sleep.deviation.threshold = 300 (default)
2019-09-25 04:51:51,760 [pool-27-thread-1] INFO  server.RaftServerConfigKeys (ConfUtils.java:logGet(43)) - raft.server.log.appender.install.snapshot.enabled = false (custom)
2019-09-25 04:51:51,760 [pool-27-thread-1] INFO  impl.RaftServerImpl (ServerState.java:<init>(103)) - 38f9cd64-a54c-4b19-ac87-5788454c2084@group-C3D34ACF5BEF: ConfigurationManager, init=-1: [38f9cd64-a54c-4b19-ac87-5788454c2084:192.168.164.207:42162], old=null, confs=<EMPTY_MAP>
2019-09-25 04:51:51,760 [pool-27-thread-1] INFO  server.RaftServerConfigKeys (ConfUtils.java:logGet(43)) - raft.server.storage.dir = [/workdir/hadoop-ozone/integration-test/target/test-dir/MiniOzoneClusterImpl-ee606598-1675-4e02-b706-4bffbdc3363b/datanode-0/data/ratis] (custom)
2019-09-25 04:51:51,761 [pool-27-thread-1] INFO  storage.RaftStorageDirectory (RaftStorageDirectory.java:analyzeStorage(246)) - The storage directory /workdir/hadoop-ozone/integration-test/target/test-dir/MiniOzoneClusterImpl-ee606598-1675-4e02-b706-4bffbdc3363b/datanode-0/data/ratis/c4d4f7e5-3492-4116-93dd-c3d34acf5bef does not exist. Creating ...
2019-09-25 04:51:51,774 [pool-27-thread-1] INFO  storage.RaftStorageDirectory (RaftStorageDirectory.java:tryLock(328)) - Lock on /workdir/hadoop-ozone/integration-test/target/test-dir/MiniOzoneClusterImpl-ee606598-1675-4e02-b706-4bffbdc3363b/datanode-0/data/ratis/c4d4f7e5-3492-4116-93dd-c3d34acf5bef/in_use.lock acquired by nodename 13544@pr-hdds-1569-s44lr-3492059363
2019-09-25 04:51:51,787 [pool-27-thread-1] INFO  storage.RaftStorage (RaftStorage.java:format(72)) - Storage directory /workdir/hadoop-ozone/integration-test/target/test-dir/MiniOzoneClusterImpl-ee606598-1675-4e02-b706-4bffbdc3363b/datanode-0/data/ratis/c4d4f7e5-3492-4116-93dd-c3d34acf5bef has been successfully formatted.
2019-09-25 04:51:51,787 [pool-27-thread-1] INFO  ratis.ContainerStateMachine (ContainerStateMachine.java:loadSnapshot(230)) - group-C3D34ACF5BEF: The snapshot info is null. Setting the last applied indexto:(t:0, i:~)
2019-09-25 04:51:51,788 [pool-27-thread-1] INFO  server.RaftServerConfigKeys (ConfUtils.java:logGet(43)) - raft.server.notification.no-leader.timeout = 120s (custom)
2019-09-25 04:51:51,788 [pool-27-thread-1] INFO  server.RaftServerConfigKeys (ConfUtils.java:logGet(43)) - raft.server.log.use.memory = false (default)
2019-09-25 04:51:51,788 [pool-27-thread-1] INFO  server.RaftServerConfigKeys (ConfUtils.java:logGet(43)) - raft.server.log.purge.gap = 1000000 (custom)
2019-09-25 04:51:51,788 [pool-27-thread-1] INFO  server.RaftServerConfigKeys (ConfUtils.java:logGet(43)) - raft.server.log.appender.buffer.byte-limit = 33554432 (custom)
2019-09-25 04:51:51,788 [pool-27-thread-1] INFO  server.RaftServerConfigKeys (ConfUtils.java:logGet(43)) - raft.server.log.segment.size.max = 1048576 (custom)
2019-09-25 04:51:51,788 [pool-27-thread-1] INFO  server.RaftServerConfigKeys (ConfUtils.java:logGet(43)) - raft.server.log.segment.cache.num.max = 2 (custom)
2019-09-25 04:51:51,788 [pool-27-thread-1] INFO  segmented.SegmentedRaftLogWorker (SegmentedRaftLogWorker.java:<init>(172)) - new 38f9cd64-a54c-4b19-ac87-5788454c2084@group-C3D34ACF5BEF-SegmentedRaftLogWorker for RaftStorage:Storage Directory /workdir/hadoop-ozone/integration-test/target/test-dir/MiniOzoneClusterImpl-ee606598-1675-4e02-b706-4bffbdc3363b/datanode-0/data/ratis/c4d4f7e5-3492-4116-93dd-c3d34acf5bef
2019-09-25 04:51:51,788 [pool-27-thread-1] INFO  server.RaftServerConfigKeys (ConfUtils.java:logGet(43)) - raft.server.log.queue.byte-limit = 2147483647 (custom)
2019-09-25 04:51:51,788 [pool-27-thread-1] INFO  server.RaftServerConfigKeys (ConfUtils.java:logGet(43)) - raft.server.log.queue.element-limit = 1024 (custom)
2019-09-25 04:51:51,789 [pool-27-thread-1] INFO  server.RaftServerConfigKeys (ConfUtils.java:logGet(43)) - raft.server.log.segment.size.max = 1048576 (custom)
2019-09-25 04:51:51,789 [pool-27-thread-1] INFO  server.RaftServerConfigKeys (ConfUtils.java:logGet(43)) - raft.server.log.preallocated.size = 16384 (custom)
2019-09-25 04:51:51,789 [pool-27-thread-1] INFO  server.RaftServerConfigKeys (ConfUtils.java:logGet(43)) - raft.server.log.write.buffer.size = 33554432 (custom)
2019-09-25 04:51:51,789 [pool-27-thread-1] INFO  server.RaftServerConfigKeys (ConfUtils.java:logGet(43)) - raft.server.log.force.sync.num = 128 (default)
2019-09-25 04:51:51,789 [pool-27-thread-1] INFO  server.RaftServerConfigKeys (ConfUtils.java:logGet(43)) - raft.server.log.statemachine.data.sync = true (default)
2019-09-25 04:51:51,789 [pool-27-thread-1] INFO  server.RaftServerConfigKeys (ConfUtils.java:logGet(43)) - raft.server.log.statemachine.data.sync.timeout = 10s (default)
2019-09-25 04:51:51,789 [pool-27-thread-1] INFO  server.RaftServerConfigKeys (ConfUtils.java:logGet(43)) - raft.server.log.statemachine.data.sync.timeout.retry = -1 (default)
2019-09-25 04:51:51,789 [pool-27-thread-1] INFO  server.RaftServerConfigKeys (ConfUtils.java:logGet(43)) - raft.server.log.statemachine.data.caching.enabled = true (custom)
2019-09-25 04:51:51,790 [pool-27-thread-1] INFO  segmented.SegmentedRaftLogWorker (SegmentedRaftLogWorker.java:lambda$new$0(132)) - 38f9cd64-a54c-4b19-ac87-5788454c2084@group-C3D34ACF5BEF-SegmentedRaftLogWorker: flushIndex: setUnconditionally 0 -> -1
2019-09-25 04:51:51,790 [pool-27-thread-1] INFO  server.RaftServerConfigKeys (ConfUtils.java:logGet(43)) - raft.server.snapshot.auto.trigger.enabled = true (custom)
2019-09-25 04:51:51,790 [pool-27-thread-1] INFO  server.RaftServerConfigKeys (ConfUtils.java:logGet(43)) - raft.server.snapshot.auto.trigger.threshold = 10000 (custom)
2019-09-25 04:51:51,790 [pool-27-thread-1] INFO  server.RaftServerConfigKeys (ConfUtils.java:logGet(43)) - raft.server.snapshot.retention.num.files = 5 (custom)
2019-09-25 04:51:51,790 [pool-27-thread-1] INFO  server.RaftServerConfigKeys (ConfUtils.java:logGet(43)) - raft.server.retrycache.expirytime = 600000ms (custom)
2019-09-25 04:51:51,794 [pool-27-thread-1] INFO  impl.RaftServerImpl (RaftServerImpl.java:start(185)) - 38f9cd64-a54c-4b19-ac87-5788454c2084@group-C3D34ACF5BEF: start as a follower, conf=-1: [38f9cd64-a54c-4b19-ac87-5788454c2084:192.168.164.207:42162], old=null
2019-09-25 04:51:51,794 [pool-27-thread-1] INFO  impl.RaftServerImpl (RaftServerImpl.java:setRole(174)) - 38f9cd64-a54c-4b19-ac87-5788454c2084@group-C3D34ACF5BEF: changes role from      null to FOLLOWER at term 0 for startAsFollower
2019-09-25 04:51:51,794 [pool-27-thread-1] INFO  impl.RoleInfo (RoleInfo.java:updateAndGet(143)) - 38f9cd64-a54c-4b19-ac87-5788454c2084: start FollowerState
2019-09-25 04:51:51,795 [pool-27-thread-1] INFO  util.JmxRegister (JmxRegister.java:tryRegister(44)) - Successfully registered JMX Bean with object name Ratis:service=RaftServer,group=group-C3D34ACF5BEF,id=38f9cd64-a54c-4b19-ac87-5788454c2084
2019-09-25 04:51:51,807 [RatisPipelineUtilsThread] INFO  pipeline.PipelineStateManager (PipelineStateManager.java:addPipeline(56)) - Created pipeline Pipeline[ Id: c4d4f7e5-3492-4116-93dd-c3d34acf5bef, Nodes: 38f9cd64-a54c-4b19-ac87-5788454c2084{ip: 192.168.164.207, host: pr-hdds-1569-s44lr-3492059363, networkLocation: /default-rack, certSerialId: null}, Type:RATIS, Factor:ONE, State:OPEN]
2019-09-25 04:51:51,820 [grpc-default-executor-1] INFO  impl.RaftServerProxy (RaftServerProxy.java:addNew(89)) - 38e0221b-1a06-473d-b1e9-41261cc0c838: addNew group-B827FF33F6D6:[38e0221b-1a06-473d-b1e9-41261cc0c838:192.168.164.207:35429] returns group-B827FF33F6D6:java.util.concurrent.CompletableFuture@3e3e1af6[Not completed]
2019-09-25 04:51:51,822 [pool-87-thread-1] INFO  impl.RaftServerImpl (RaftServerImpl.java:<init>(95)) - 38e0221b-1a06-473d-b1e9-41261cc0c838: new RaftServerImpl for group-B827FF33F6D6:[38e0221b-1a06-473d-b1e9-41261cc0c838:192.168.164.207:35429] with ContainerStateMachine:uninitialized
2019-09-25 04:51:51,822 [pool-87-thread-1] INFO  server.RaftServerConfigKeys (ConfUtils.java:logGet(43)) - raft.server.rpc.timeout.min = 5s (custom)
2019-09-25 04:51:51,822 [pool-87-thread-1] INFO  server.RaftServerConfigKeys (ConfUtils.java:logGet(43)) - raft.server.rpc.timeout.max = 5200ms (custom)
2019-09-25 04:51:51,823 [pool-87-thread-1] INFO  server.RaftServerConfigKeys (ConfUtils.java:logGet(43)) - raft.server.rpcslowness.timeout = 120s (custom)
2019-09-25 04:51:51,823 [pool-87-thread-1] INFO  server.RaftServerConfigKeys (ConfUtils.java:logGet(43)) - raft.server.sleep.deviation.threshold = 300 (default)
2019-09-25 04:51:51,823 [pool-87-thread-1] INFO  server.RaftServerConfigKeys (ConfUtils.java:logGet(43)) - raft.server.log.appender.install.snapshot.enabled = false (custom)
2019-09-25 04:51:51,823 [pool-87-thread-1] INFO  impl.RaftServerImpl (ServerState.java:<init>(103)) - 38e0221b-1a06-473d-b1e9-41261cc0c838@group-B827FF33F6D6: ConfigurationManager, init=-1: [38e0221b-1a06-473d-b1e9-41261cc0c838:192.168.164.207:35429], old=null, confs=<EMPTY_MAP>
2019-09-25 04:51:51,823 [pool-87-thread-1] INFO  server.RaftServerConfigKeys (ConfUtils.java:logGet(43)) - raft.server.storage.dir = [/workdir/hadoop-ozone/integration-test/target/test-dir/MiniOzoneClusterImpl-ee606598-1675-4e02-b706-4bffbdc3363b/datanode-6/data/ratis] (custom)
2019-09-25 04:51:51,824 [pool-87-thread-1] INFO  storage.RaftStorageDirectory (RaftStorageDirectory.java:analyzeStorage(246)) - The storage directory /workdir/hadoop-ozone/integration-test/target/test-dir/MiniOzoneClusterImpl-ee606598-1675-4e02-b706-4bffbdc3363b/datanode-6/data/ratis/7db75251-fc82-481a-8377-b827ff33f6d6 does not exist. Creating ...
2019-09-25 04:51:51,860 [pool-87-thread-1] INFO  storage.RaftStorageDirectory (RaftStorageDirectory.java:tryLock(328)) - Lock on /workdir/hadoop-ozone/integration-test/target/test-dir/MiniOzoneClusterImpl-ee606598-1675-4e02-b706-4bffbdc3363b/datanode-6/data/ratis/7db75251-fc82-481a-8377-b827ff33f6d6/in_use.lock acquired by nodename 13544@pr-hdds-1569-s44lr-3492059363
2019-09-25 04:51:51,873 [pool-87-thread-1] INFO  storage.RaftStorage (RaftStorage.java:format(72)) - Storage directory /workdir/hadoop-ozone/integration-test/target/test-dir/MiniOzoneClusterImpl-ee606598-1675-4e02-b706-4bffbdc3363b/datanode-6/data/ratis/7db75251-fc82-481a-8377-b827ff33f6d6 has been successfully formatted.
2019-09-25 04:51:51,874 [pool-87-thread-1] INFO  ratis.ContainerStateMachine (ContainerStateMachine.java:loadSnapshot(230)) - group-B827FF33F6D6: The snapshot info is null. Setting the last applied indexto:(t:0, i:~)
2019-09-25 04:51:51,874 [pool-87-thread-1] INFO  server.RaftServerConfigKeys (ConfUtils.java:logGet(43)) - raft.server.notification.no-leader.timeout = 120s (custom)
2019-09-25 04:51:51,876 [pool-87-thread-1] INFO  server.RaftServerConfigKeys (ConfUtils.java:logGet(43)) - raft.server.log.use.memory = false (default)
2019-09-25 04:51:51,876 [pool-87-thread-1] INFO  server.RaftServerConfigKeys (ConfUtils.java:logGet(43)) - raft.server.log.purge.gap = 1000000 (custom)
2019-09-25 04:51:51,876 [pool-87-thread-1] INFO  server.RaftServerConfigKeys (ConfUtils.java:logGet(43)) - raft.server.log.appender.buffer.byte-limit = 33554432 (custom)
2019-09-25 04:51:51,876 [pool-87-thread-1] INFO  server.RaftServerConfigKeys (ConfUtils.java:logGet(43)) - raft.server.log.segment.size.max = 1048576 (custom)
2019-09-25 04:51:51,877 [pool-87-thread-1] INFO  server.RaftServerConfigKeys (ConfUtils.java:logGet(43)) - raft.server.log.segment.cache.num.max = 2 (custom)
2019-09-25 04:51:51,877 [pool-87-thread-1] INFO  segmented.SegmentedRaftLogWorker (SegmentedRaftLogWorker.java:<init>(172)) - new 38e0221b-1a06-473d-b1e9-41261cc0c838@group-B827FF33F6D6-SegmentedRaftLogWorker for RaftStorage:Storage Directory /workdir/hadoop-ozone/integration-test/target/test-dir/MiniOzoneClusterImpl-ee606598-1675-4e02-b706-4bffbdc3363b/datanode-6/data/ratis/7db75251-fc82-481a-8377-b827ff33f6d6
2019-09-25 04:51:51,877 [pool-87-thread-1] INFO  server.RaftServerConfigKeys (ConfUtils.java:logGet(43)) - raft.server.log.queue.byte-limit = 2147483647 (custom)
2019-09-25 04:51:51,877 [pool-87-thread-1] INFO  server.RaftServerConfigKeys (ConfUtils.java:logGet(43)) - raft.server.log.queue.element-limit = 1024 (custom)
2019-09-25 04:51:51,877 [pool-87-thread-1] INFO  server.RaftServerConfigKeys (ConfUtils.java:logGet(43)) - raft.server.log.segment.size.max = 1048576 (custom)
2019-09-25 04:51:51,878 [pool-87-thread-1] INFO  server.RaftServerConfigKeys (ConfUtils.java:logGet(43)) - raft.server.log.preallocated.size = 16384 (custom)
2019-09-25 04:51:51,878 [pool-87-thread-1] INFO  server.RaftServerConfigKeys (ConfUtils.java:logGet(43)) - raft.server.log.write.buffer.size = 33554432 (custom)
2019-09-25 04:51:51,878 [pool-87-thread-1] INFO  server.RaftServerConfigKeys (ConfUtils.java:logGet(43)) - raft.server.log.force.sync.num = 128 (default)
2019-09-25 04:51:51,878 [pool-87-thread-1] INFO  server.RaftServerConfigKeys (ConfUtils.java:logGet(43)) - raft.server.log.statemachine.data.sync = true (default)
2019-09-25 04:51:51,878 [pool-87-thread-1] INFO  server.RaftServerConfigKeys (ConfUtils.java:logGet(43)) - raft.server.log.statemachine.data.sync.timeout = 10s (default)
2019-09-25 04:51:51,878 [pool-87-thread-1] INFO  server.RaftServerConfigKeys (ConfUtils.java:logGet(43)) - raft.server.log.statemachine.data.sync.timeout.retry = -1 (default)
2019-09-25 04:51:51,879 [pool-87-thread-1] INFO  server.RaftServerConfigKeys (ConfUtils.java:logGet(43)) - raft.server.log.statemachine.data.caching.enabled = true (custom)
2019-09-25 04:51:51,879 [pool-87-thread-1] INFO  segmented.SegmentedRaftLogWorker (SegmentedRaftLogWorker.java:lambda$new$0(132)) - 38e0221b-1a06-473d-b1e9-41261cc0c838@group-B827FF33F6D6-SegmentedRaftLogWorker: flushIndex: setUnconditionally 0 -> -1
2019-09-25 04:51:51,880 [pool-87-thread-1] INFO  server.RaftServerConfigKeys (ConfUtils.java:logGet(43)) - raft.server.snapshot.auto.trigger.enabled = true (custom)
2019-09-25 04:51:51,880 [pool-87-thread-1] INFO  server.RaftServerConfigKeys (ConfUtils.java:logGet(43)) - raft.server.snapshot.auto.trigger.threshold = 10000 (custom)
2019-09-25 04:51:51,880 [pool-87-thread-1] INFO  server.RaftServerConfigKeys (ConfUtils.java:logGet(43)) - raft.server.snapshot.retention.num.files = 5 (custom)
2019-09-25 04:51:51,880 [pool-87-thread-1] INFO  server.RaftServerConfigKeys (ConfUtils.java:logGet(43)) - raft.server.retrycache.expirytime = 600000ms (custom)
2019-09-25 04:51:51,884 [pool-87-thread-1] INFO  impl.RaftServerImpl (RaftServerImpl.java:start(185)) - 38e0221b-1a06-473d-b1e9-41261cc0c838@group-B827FF33F6D6: start as a follower, conf=-1: [38e0221b-1a06-473d-b1e9-41261cc0c838:192.168.164.207:35429], old=null
2019-09-25 04:51:51,884 [pool-87-thread-1] INFO  impl.RaftServerImpl (RaftServerImpl.java:setRole(174)) - 38e0221b-1a06-473d-b1e9-41261cc0c838@group-B827FF33F6D6: changes role from      null to FOLLOWER at term 0 for startAsFollower
2019-09-25 04:51:51,884 [pool-87-thread-1] INFO  impl.RoleInfo (RoleInfo.java:updateAndGet(143)) - 38e0221b-1a06-473d-b1e9-41261cc0c838: start FollowerState
2019-09-25 04:51:51,884 [pool-87-thread-1] INFO  util.JmxRegister (JmxRegister.java:tryRegister(44)) - Successfully registered JMX Bean with object name Ratis:service=RaftServer,group=group-B827FF33F6D6,id=38e0221b-1a06-473d-b1e9-41261cc0c838
2019-09-25 04:51:51,897 [RatisPipelineUtilsThread] INFO  pipeline.PipelineStateManager (PipelineStateManager.java:addPipeline(56)) - Created pipeline Pipeline[ Id: 7db75251-fc82-481a-8377-b827ff33f6d6, Nodes: 38e0221b-1a06-473d-b1e9-41261cc0c838{ip: 192.168.164.207, host: pr-hdds-1569-s44lr-3492059363, networkLocation: /default-rack, certSerialId: null}, Type:RATIS, Factor:ONE, State:OPEN]
2019-09-25 04:51:51,910 [grpc-default-executor-1] INFO  impl.RaftServerProxy (RaftServerProxy.java:addNew(89)) - 061f0142-df7f-4ee2-9f4c-60a73b1123be: addNew group-76D50874E716:[061f0142-df7f-4ee2-9f4c-60a73b1123be:192.168.164.207:36055] returns group-76D50874E716:java.util.concurrent.CompletableFuture@7cf197f5[Not completed]
2019-09-25 04:51:51,913 [pool-67-thread-1] INFO  impl.RaftServerImpl (RaftServerImpl.java:<init>(95)) - 061f0142-df7f-4ee2-9f4c-60a73b1123be: new RaftServerImpl for group-76D50874E716:[061f0142-df7f-4ee2-9f4c-60a73b1123be:192.168.164.207:36055] with ContainerStateMachine:uninitialized
2019-09-25 04:51:51,913 [pool-67-thread-1] INFO  server.RaftServerConfigKeys (ConfUtils.java:logGet(43)) - raft.server.rpc.timeout.min = 5s (custom)
2019-09-25 04:51:51,914 [pool-67-thread-1] INFO  server.RaftServerConfigKeys (ConfUtils.java:logGet(43)) - raft.server.rpc.timeout.max = 5200ms (custom)
2019-09-25 04:51:51,914 [pool-67-thread-1] INFO  server.RaftServerConfigKeys (ConfUtils.java:logGet(43)) - raft.server.rpcslowness.timeout = 120s (custom)
2019-09-25 04:51:51,914 [pool-67-thread-1] INFO  server.RaftServerConfigKeys (ConfUtils.java:logGet(43)) - raft.server.sleep.deviation.threshold = 300 (default)
2019-09-25 04:51:51,914 [pool-67-thread-1] INFO  server.RaftServerConfigKeys (ConfUtils.java:logGet(43)) - raft.server.log.appender.install.snapshot.enabled = false (custom)
2019-09-25 04:51:51,914 [pool-67-thread-1] INFO  impl.RaftServerImpl (ServerState.java:<init>(103)) - 061f0142-df7f-4ee2-9f4c-60a73b1123be@group-76D50874E716: ConfigurationManager, init=-1: [061f0142-df7f-4ee2-9f4c-60a73b1123be:192.168.164.207:36055], old=null, confs=<EMPTY_MAP>
2019-09-25 04:51:51,914 [pool-67-thread-1] INFO  server.RaftServerConfigKeys (ConfUtils.java:logGet(43)) - raft.server.storage.dir = [/workdir/hadoop-ozone/integration-test/target/test-dir/MiniOzoneClusterImpl-ee606598-1675-4e02-b706-4bffbdc3363b/datanode-4/data/ratis] (custom)
2019-09-25 04:51:51,915 [pool-67-thread-1] INFO  storage.RaftStorageDirectory (RaftStorageDirectory.java:analyzeStorage(246)) - The storage directory /workdir/hadoop-ozone/integration-test/target/test-dir/MiniOzoneClusterImpl-ee606598-1675-4e02-b706-4bffbdc3363b/datanode-4/data/ratis/bdbb5e7e-6974-4636-add4-76d50874e716 does not exist. Creating ...
2019-09-25 04:51:51,928 [pool-67-thread-1] INFO  storage.RaftStorageDirectory (RaftStorageDirectory.java:tryLock(328)) - Lock on /workdir/hadoop-ozone/integration-test/target/test-dir/MiniOzoneClusterImpl-ee606598-1675-4e02-b706-4bffbdc3363b/datanode-4/data/ratis/bdbb5e7e-6974-4636-add4-76d50874e716/in_use.lock acquired by nodename 13544@pr-hdds-1569-s44lr-3492059363
2019-09-25 04:51:51,940 [pool-67-thread-1] INFO  storage.RaftStorage (RaftStorage.java:format(72)) - Storage directory /workdir/hadoop-ozone/integration-test/target/test-dir/MiniOzoneClusterImpl-ee606598-1675-4e02-b706-4bffbdc3363b/datanode-4/data/ratis/bdbb5e7e-6974-4636-add4-76d50874e716 has been successfully formatted.
2019-09-25 04:51:51,941 [pool-67-thread-1] INFO  ratis.ContainerStateMachine (ContainerStateMachine.java:loadSnapshot(230)) - group-76D50874E716: The snapshot info is null. Setting the last applied indexto:(t:0, i:~)
2019-09-25 04:51:51,941 [pool-67-thread-1] INFO  server.RaftServerConfigKeys (ConfUtils.java:logGet(43)) - raft.server.notification.no-leader.timeout = 120s (custom)
2019-09-25 04:51:51,941 [pool-67-thread-1] INFO  server.RaftServerConfigKeys (ConfUtils.java:logGet(43)) - raft.server.log.use.memory = false (default)
2019-09-25 04:51:51,941 [pool-67-thread-1] INFO  server.RaftServerConfigKeys (ConfUtils.java:logGet(43)) - raft.server.log.purge.gap = 1000000 (custom)
2019-09-25 04:51:51,941 [pool-67-thread-1] INFO  server.RaftServerConfigKeys (ConfUtils.java:logGet(43)) - raft.server.log.appender.buffer.byte-limit = 33554432 (custom)
2019-09-25 04:51:51,941 [pool-67-thread-1] INFO  server.RaftServerConfigKeys (ConfUtils.java:logGet(43)) - raft.server.log.segment.size.max = 1048576 (custom)
2019-09-25 04:51:51,942 [pool-67-thread-1] INFO  server.RaftServerConfigKeys (ConfUtils.java:logGet(43)) - raft.server.log.segment.cache.num.max = 2 (custom)
2019-09-25 04:51:51,942 [pool-67-thread-1] INFO  segmented.SegmentedRaftLogWorker (SegmentedRaftLogWorker.java:<init>(172)) - new 061f0142-df7f-4ee2-9f4c-60a73b1123be@group-76D50874E716-SegmentedRaftLogWorker for RaftStorage:Storage Directory /workdir/hadoop-ozone/integration-test/target/test-dir/MiniOzoneClusterImpl-ee606598-1675-4e02-b706-4bffbdc3363b/datanode-4/data/ratis/bdbb5e7e-6974-4636-add4-76d50874e716
2019-09-25 04:51:51,942 [pool-67-thread-1] INFO  server.RaftServerConfigKeys (ConfUtils.java:logGet(43)) - raft.server.log.queue.byte-limit = 2147483647 (custom)
2019-09-25 04:51:51,942 [pool-67-thread-1] INFO  server.RaftServerConfigKeys (ConfUtils.java:logGet(43)) - raft.server.log.queue.element-limit = 1024 (custom)
2019-09-25 04:51:51,944 [pool-67-thread-1] INFO  server.RaftServerConfigKeys (ConfUtils.java:logGet(43)) - raft.server.log.segment.size.max = 1048576 (custom)
2019-09-25 04:51:51,944 [pool-67-thread-1] INFO  server.RaftServerConfigKeys (ConfUtils.java:logGet(43)) - raft.server.log.preallocated.size = 16384 (custom)
2019-09-25 04:51:51,944 [pool-67-thread-1] INFO  server.RaftServerConfigKeys (ConfUtils.java:logGet(43)) - raft.server.log.write.buffer.size = 33554432 (custom)
2019-09-25 04:51:51,944 [pool-67-thread-1] INFO  server.RaftServerConfigKeys (ConfUtils.java:logGet(43)) - raft.server.log.force.sync.num = 128 (default)
2019-09-25 04:51:51,946 [pool-67-thread-1] INFO  server.RaftServerConfigKeys (ConfUtils.java:logGet(43)) - raft.server.log.statemachine.data.sync = true (default)
2019-09-25 04:51:51,946 [pool-67-thread-1] INFO  server.RaftServerConfigKeys (ConfUtils.java:logGet(43)) - raft.server.log.statemachine.data.sync.timeout = 10s (default)
2019-09-25 04:51:51,946 [pool-67-thread-1] INFO  server.RaftServerConfigKeys (ConfUtils.java:logGet(43)) - raft.server.log.statemachine.data.sync.timeout.retry = -1 (default)
2019-09-25 04:51:51,946 [pool-67-thread-1] INFO  server.RaftServerConfigKeys (ConfUtils.java:logGet(43)) - raft.server.log.statemachine.data.caching.enabled = true (custom)
2019-09-25 04:51:51,947 [pool-67-thread-1] INFO  segmented.SegmentedRaftLogWorker (SegmentedRaftLogWorker.java:lambda$new$0(132)) - 061f0142-df7f-4ee2-9f4c-60a73b1123be@group-76D50874E716-SegmentedRaftLogWorker: flushIndex: setUnconditionally 0 -> -1
2019-09-25 04:51:51,947 [pool-67-thread-1] INFO  server.RaftServerConfigKeys (ConfUtils.java:logGet(43)) - raft.server.snapshot.auto.trigger.enabled = true (custom)
2019-09-25 04:51:51,947 [pool-67-thread-1] INFO  server.RaftServerConfigKeys (ConfUtils.java:logGet(43)) - raft.server.snapshot.auto.trigger.threshold = 10000 (custom)
2019-09-25 04:51:51,947 [pool-67-thread-1] INFO  server.RaftServerConfigKeys (ConfUtils.java:logGet(43)) - raft.server.snapshot.retention.num.files = 5 (custom)
2019-09-25 04:51:51,947 [pool-67-thread-1] INFO  server.RaftServerConfigKeys (ConfUtils.java:logGet(43)) - raft.server.retrycache.expirytime = 600000ms (custom)
2019-09-25 04:51:51,950 [pool-67-thread-1] INFO  impl.RaftServerImpl (RaftServerImpl.java:start(185)) - 061f0142-df7f-4ee2-9f4c-60a73b1123be@group-76D50874E716: start as a follower, conf=-1: [061f0142-df7f-4ee2-9f4c-60a73b1123be:192.168.164.207:36055], old=null
2019-09-25 04:51:51,950 [pool-67-thread-1] INFO  impl.RaftServerImpl (RaftServerImpl.java:setRole(174)) - 061f0142-df7f-4ee2-9f4c-60a73b1123be@group-76D50874E716: changes role from      null to FOLLOWER at term 0 for startAsFollower
2019-09-25 04:51:51,950 [pool-67-thread-1] INFO  impl.RoleInfo (RoleInfo.java:updateAndGet(143)) - 061f0142-df7f-4ee2-9f4c-60a73b1123be: start FollowerState
2019-09-25 04:51:51,950 [pool-67-thread-1] INFO  util.JmxRegister (JmxRegister.java:tryRegister(44)) - Successfully registered JMX Bean with object name Ratis:service=RaftServer,group=group-76D50874E716,id=061f0142-df7f-4ee2-9f4c-60a73b1123be
2019-09-25 04:51:51,956 [RatisPipelineUtilsThread] INFO  pipeline.PipelineStateManager (PipelineStateManager.java:addPipeline(56)) - Created pipeline Pipeline[ Id: bdbb5e7e-6974-4636-add4-76d50874e716, Nodes: 061f0142-df7f-4ee2-9f4c-60a73b1123be{ip: 192.168.164.207, host: pr-hdds-1569-s44lr-3492059363, networkLocation: /default-rack, certSerialId: null}, Type:RATIS, Factor:ONE, State:OPEN]
2019-09-25 04:51:51,972 [grpc-default-executor-1] INFO  impl.RaftServerProxy (RaftServerProxy.java:addNew(89)) - a47783cb-f32c-4b3c-a96f-229a7b607849: addNew group-00440DBC0030:[a47783cb-f32c-4b3c-a96f-229a7b607849:192.168.164.207:45684] returns group-00440DBC0030:java.util.concurrent.CompletableFuture@4cd88af0[Not completed]
2019-09-25 04:51:51,976 [pool-77-thread-1] INFO  impl.RaftServerImpl (RaftServerImpl.java:<init>(95)) - a47783cb-f32c-4b3c-a96f-229a7b607849: new RaftServerImpl for group-00440DBC0030:[a47783cb-f32c-4b3c-a96f-229a7b607849:192.168.164.207:45684] with ContainerStateMachine:uninitialized
2019-09-25 04:51:51,977 [pool-77-thread-1] INFO  server.RaftServerConfigKeys (ConfUtils.java:logGet(43)) - raft.server.rpc.timeout.min = 5s (custom)
2019-09-25 04:51:51,977 [pool-77-thread-1] INFO  server.RaftServerConfigKeys (ConfUtils.java:logGet(43)) - raft.server.rpc.timeout.max = 5200ms (custom)
2019-09-25 04:51:51,977 [pool-77-thread-1] INFO  server.RaftServerConfigKeys (ConfUtils.java:logGet(43)) - raft.server.rpcslowness.timeout = 120s (custom)
2019-09-25 04:51:51,977 [pool-77-thread-1] INFO  server.RaftServerConfigKeys (ConfUtils.java:logGet(43)) - raft.server.sleep.deviation.threshold = 300 (default)
2019-09-25 04:51:51,977 [pool-77-thread-1] INFO  server.RaftServerConfigKeys (ConfUtils.java:logGet(43)) - raft.server.log.appender.install.snapshot.enabled = false (custom)
2019-09-25 04:51:51,977 [pool-77-thread-1] INFO  impl.RaftServerImpl (ServerState.java:<init>(103)) - a47783cb-f32c-4b3c-a96f-229a7b607849@group-00440DBC0030: ConfigurationManager, init=-1: [a47783cb-f32c-4b3c-a96f-229a7b607849:192.168.164.207:45684], old=null, confs=<EMPTY_MAP>
2019-09-25 04:51:51,978 [pool-77-thread-1] INFO  server.RaftServerConfigKeys (ConfUtils.java:logGet(43)) - raft.server.storage.dir = [/workdir/hadoop-ozone/integration-test/target/test-dir/MiniOzoneClusterImpl-ee606598-1675-4e02-b706-4bffbdc3363b/datanode-5/data/ratis] (custom)
2019-09-25 04:51:51,978 [pool-77-thread-1] INFO  storage.RaftStorageDirectory (RaftStorageDirectory.java:analyzeStorage(246)) - The storage directory /workdir/hadoop-ozone/integration-test/target/test-dir/MiniOzoneClusterImpl-ee606598-1675-4e02-b706-4bffbdc3363b/datanode-5/data/ratis/0f34cd67-8599-4244-8022-00440dbc0030 does not exist. Creating ...
2019-09-25 04:51:51,991 [pool-77-thread-1] INFO  storage.RaftStorageDirectory (RaftStorageDirectory.java:tryLock(328)) - Lock on /workdir/hadoop-ozone/integration-test/target/test-dir/MiniOzoneClusterImpl-ee606598-1675-4e02-b706-4bffbdc3363b/datanode-5/data/ratis/0f34cd67-8599-4244-8022-00440dbc0030/in_use.lock acquired by nodename 13544@pr-hdds-1569-s44lr-3492059363
2019-09-25 04:51:52,009 [pool-77-thread-1] INFO  storage.RaftStorage (RaftStorage.java:format(72)) - Storage directory /workdir/hadoop-ozone/integration-test/target/test-dir/MiniOzoneClusterImpl-ee606598-1675-4e02-b706-4bffbdc3363b/datanode-5/data/ratis/0f34cd67-8599-4244-8022-00440dbc0030 has been successfully formatted.
2019-09-25 04:51:52,010 [pool-77-thread-1] INFO  ratis.ContainerStateMachine (ContainerStateMachine.java:loadSnapshot(230)) - group-00440DBC0030: The snapshot info is null. Setting the last applied indexto:(t:0, i:~)
2019-09-25 04:51:52,010 [pool-77-thread-1] INFO  server.RaftServerConfigKeys (ConfUtils.java:logGet(43)) - raft.server.notification.no-leader.timeout = 120s (custom)
2019-09-25 04:51:52,010 [pool-77-thread-1] INFO  server.RaftServerConfigKeys (ConfUtils.java:logGet(43)) - raft.server.log.use.memory = false (default)
2019-09-25 04:51:52,010 [pool-77-thread-1] INFO  server.RaftServerConfigKeys (ConfUtils.java:logGet(43)) - raft.server.log.purge.gap = 1000000 (custom)
2019-09-25 04:51:52,011 [pool-77-thread-1] INFO  server.RaftServerConfigKeys (ConfUtils.java:logGet(43)) - raft.server.log.appender.buffer.byte-limit = 33554432 (custom)
2019-09-25 04:51:52,011 [pool-77-thread-1] INFO  server.RaftServerConfigKeys (ConfUtils.java:logGet(43)) - raft.server.log.segment.size.max = 1048576 (custom)
2019-09-25 04:51:52,011 [pool-77-thread-1] INFO  server.RaftServerConfigKeys (ConfUtils.java:logGet(43)) - raft.server.log.segment.cache.num.max = 2 (custom)
2019-09-25 04:51:52,011 [pool-77-thread-1] INFO  segmented.SegmentedRaftLogWorker (SegmentedRaftLogWorker.java:<init>(172)) - new a47783cb-f32c-4b3c-a96f-229a7b607849@group-00440DBC0030-SegmentedRaftLogWorker for RaftStorage:Storage Directory /workdir/hadoop-ozone/integration-test/target/test-dir/MiniOzoneClusterImpl-ee606598-1675-4e02-b706-4bffbdc3363b/datanode-5/data/ratis/0f34cd67-8599-4244-8022-00440dbc0030
2019-09-25 04:51:52,016 [pool-77-thread-1] INFO  server.RaftServerConfigKeys (ConfUtils.java:logGet(43)) - raft.server.log.queue.byte-limit = 2147483647 (custom)
2019-09-25 04:51:52,016 [pool-77-thread-1] INFO  server.RaftServerConfigKeys (ConfUtils.java:logGet(43)) - raft.server.log.queue.element-limit = 1024 (custom)
2019-09-25 04:51:52,016 [pool-77-thread-1] INFO  server.RaftServerConfigKeys (ConfUtils.java:logGet(43)) - raft.server.log.segment.size.max = 1048576 (custom)
2019-09-25 04:51:52,016 [pool-77-thread-1] INFO  server.RaftServerConfigKeys (ConfUtils.java:logGet(43)) - raft.server.log.preallocated.size = 16384 (custom)
2019-09-25 04:51:52,016 [pool-77-thread-1] INFO  server.RaftServerConfigKeys (ConfUtils.java:logGet(43)) - raft.server.log.write.buffer.size = 33554432 (custom)
2019-09-25 04:51:52,017 [pool-77-thread-1] INFO  server.RaftServerConfigKeys (ConfUtils.java:logGet(43)) - raft.server.log.force.sync.num = 128 (default)
2019-09-25 04:51:52,017 [pool-77-thread-1] INFO  server.RaftServerConfigKeys (ConfUtils.java:logGet(43)) - raft.server.log.statemachine.data.sync = true (default)
2019-09-25 04:51:52,017 [pool-77-thread-1] INFO  server.RaftServerConfigKeys (ConfUtils.java:logGet(43)) - raft.server.log.statemachine.data.sync.timeout = 10s (default)
2019-09-25 04:51:52,017 [pool-77-thread-1] INFO  server.RaftServerConfigKeys (ConfUtils.java:logGet(43)) - raft.server.log.statemachine.data.sync.timeout.retry = -1 (default)
2019-09-25 04:51:52,017 [pool-77-thread-1] INFO  server.RaftServerConfigKeys (ConfUtils.java:logGet(43)) - raft.server.log.statemachine.data.caching.enabled = true (custom)
2019-09-25 04:51:52,018 [pool-77-thread-1] INFO  segmented.SegmentedRaftLogWorker (SegmentedRaftLogWorker.java:lambda$new$0(132)) - a47783cb-f32c-4b3c-a96f-229a7b607849@group-00440DBC0030-SegmentedRaftLogWorker: flushIndex: setUnconditionally 0 -> -1
2019-09-25 04:51:52,018 [pool-77-thread-1] INFO  server.RaftServerConfigKeys (ConfUtils.java:logGet(43)) - raft.server.snapshot.auto.trigger.enabled = true (custom)
2019-09-25 04:51:52,018 [pool-77-thread-1] INFO  server.RaftServerConfigKeys (ConfUtils.java:logGet(43)) - raft.server.snapshot.auto.trigger.threshold = 10000 (custom)
2019-09-25 04:51:52,018 [pool-77-thread-1] INFO  server.RaftServerConfigKeys (ConfUtils.java:logGet(43)) - raft.server.snapshot.retention.num.files = 5 (custom)
2019-09-25 04:51:52,018 [pool-77-thread-1] INFO  server.RaftServerConfigKeys (ConfUtils.java:logGet(43)) - raft.server.retrycache.expirytime = 600000ms (custom)
2019-09-25 04:51:52,021 [pool-77-thread-1] INFO  impl.RaftServerImpl (RaftServerImpl.java:start(185)) - a47783cb-f32c-4b3c-a96f-229a7b607849@group-00440DBC0030: start as a follower, conf=-1: [a47783cb-f32c-4b3c-a96f-229a7b607849:192.168.164.207:45684], old=null
2019-09-25 04:51:52,021 [pool-77-thread-1] INFO  impl.RaftServerImpl (RaftServerImpl.java:setRole(174)) - a47783cb-f32c-4b3c-a96f-229a7b607849@group-00440DBC0030: changes role from      null to FOLLOWER at term 0 for startAsFollower
2019-09-25 04:51:52,021 [pool-77-thread-1] INFO  impl.RoleInfo (RoleInfo.java:updateAndGet(143)) - a47783cb-f32c-4b3c-a96f-229a7b607849: start FollowerState
2019-09-25 04:51:52,021 [pool-77-thread-1] INFO  util.JmxRegister (JmxRegister.java:tryRegister(44)) - Successfully registered JMX Bean with object name Ratis:service=RaftServer,group=group-00440DBC0030,id=a47783cb-f32c-4b3c-a96f-229a7b607849
2019-09-25 04:51:52,026 [RatisPipelineUtilsThread] INFO  pipeline.PipelineStateManager (PipelineStateManager.java:addPipeline(56)) - Created pipeline Pipeline[ Id: 0f34cd67-8599-4244-8022-00440dbc0030, Nodes: a47783cb-f32c-4b3c-a96f-229a7b607849{ip: 192.168.164.207, host: pr-hdds-1569-s44lr-3492059363, networkLocation: /default-rack, certSerialId: null}, Type:RATIS, Factor:ONE, State:OPEN]
2019-09-25 04:51:52,043 [grpc-default-executor-1] INFO  impl.RaftServerProxy (RaftServerProxy.java:addNew(89)) - 38f9cd64-a54c-4b19-ac87-5788454c2084: addNew group-5D3F9205DA05:[38f9cd64-a54c-4b19-ac87-5788454c2084:192.168.164.207:42162] returns group-5D3F9205DA05:java.util.concurrent.CompletableFuture@1f5d93a0[Not completed]
2019-09-25 04:51:52,045 [pool-27-thread-1] INFO  impl.RaftServerImpl (RaftServerImpl.java:<init>(95)) - 38f9cd64-a54c-4b19-ac87-5788454c2084: new RaftServerImpl for group-5D3F9205DA05:[38f9cd64-a54c-4b19-ac87-5788454c2084:192.168.164.207:42162] with ContainerStateMachine:uninitialized
2019-09-25 04:51:52,046 [pool-27-thread-1] INFO  server.RaftServerConfigKeys (ConfUtils.java:logGet(43)) - raft.server.rpc.timeout.min = 5s (custom)
2019-09-25 04:51:52,046 [pool-27-thread-1] INFO  server.RaftServerConfigKeys (ConfUtils.java:logGet(43)) - raft.server.rpc.timeout.max = 5200ms (custom)
2019-09-25 04:51:52,046 [pool-27-thread-1] INFO  server.RaftServerConfigKeys (ConfUtils.java:logGet(43)) - raft.server.rpcslowness.timeout = 120s (custom)
2019-09-25 04:51:52,046 [pool-27-thread-1] INFO  server.RaftServerConfigKeys (ConfUtils.java:logGet(43)) - raft.server.sleep.deviation.threshold = 300 (default)
2019-09-25 04:51:52,046 [pool-27-thread-1] INFO  server.RaftServerConfigKeys (ConfUtils.java:logGet(43)) - raft.server.log.appender.install.snapshot.enabled = false (custom)
2019-09-25 04:51:52,046 [pool-27-thread-1] INFO  impl.RaftServerImpl (ServerState.java:<init>(103)) - 38f9cd64-a54c-4b19-ac87-5788454c2084@group-5D3F9205DA05: ConfigurationManager, init=-1: [38f9cd64-a54c-4b19-ac87-5788454c2084:192.168.164.207:42162], old=null, confs=<EMPTY_MAP>
2019-09-25 04:51:52,047 [pool-27-thread-1] INFO  server.RaftServerConfigKeys (ConfUtils.java:logGet(43)) - raft.server.storage.dir = [/workdir/hadoop-ozone/integration-test/target/test-dir/MiniOzoneClusterImpl-ee606598-1675-4e02-b706-4bffbdc3363b/datanode-0/data/ratis] (custom)
2019-09-25 04:51:52,047 [pool-27-thread-1] INFO  storage.RaftStorageDirectory (RaftStorageDirectory.java:analyzeStorage(246)) - The storage directory /workdir/hadoop-ozone/integration-test/target/test-dir/MiniOzoneClusterImpl-ee606598-1675-4e02-b706-4bffbdc3363b/datanode-0/data/ratis/c13db9b0-ef24-4ce4-8d26-5d3f9205da05 does not exist. Creating ...
2019-09-25 04:51:52,060 [pool-27-thread-1] INFO  storage.RaftStorageDirectory (RaftStorageDirectory.java:tryLock(328)) - Lock on /workdir/hadoop-ozone/integration-test/target/test-dir/MiniOzoneClusterImpl-ee606598-1675-4e02-b706-4bffbdc3363b/datanode-0/data/ratis/c13db9b0-ef24-4ce4-8d26-5d3f9205da05/in_use.lock acquired by nodename 13544@pr-hdds-1569-s44lr-3492059363
2019-09-25 04:51:52,075 [pool-27-thread-1] INFO  storage.RaftStorage (RaftStorage.java:format(72)) - Storage directory /workdir/hadoop-ozone/integration-test/target/test-dir/MiniOzoneClusterImpl-ee606598-1675-4e02-b706-4bffbdc3363b/datanode-0/data/ratis/c13db9b0-ef24-4ce4-8d26-5d3f9205da05 has been successfully formatted.
2019-09-25 04:51:52,091 [pool-27-thread-1] INFO  ratis.ContainerStateMachine (ContainerStateMachine.java:loadSnapshot(230)) - group-5D3F9205DA05: The snapshot info is null. Setting the last applied indexto:(t:0, i:~)
2019-09-25 04:51:52,091 [pool-27-thread-1] INFO  server.RaftServerConfigKeys (ConfUtils.java:logGet(43)) - raft.server.notification.no-leader.timeout = 120s (custom)
2019-09-25 04:51:52,091 [pool-27-thread-1] INFO  server.RaftServerConfigKeys (ConfUtils.java:logGet(43)) - raft.server.log.use.memory = false (default)
2019-09-25 04:51:52,091 [pool-27-thread-1] INFO  server.RaftServerConfigKeys (ConfUtils.java:logGet(43)) - raft.server.log.purge.gap = 1000000 (custom)
2019-09-25 04:51:52,092 [pool-27-thread-1] INFO  server.RaftServerConfigKeys (ConfUtils.java:logGet(43)) - raft.server.log.appender.buffer.byte-limit = 33554432 (custom)
2019-09-25 04:51:52,092 [pool-27-thread-1] INFO  server.RaftServerConfigKeys (ConfUtils.java:logGet(43)) - raft.server.log.segment.size.max = 1048576 (custom)
2019-09-25 04:51:52,092 [pool-27-thread-1] INFO  server.RaftServerConfigKeys (ConfUtils.java:logGet(43)) - raft.server.log.segment.cache.num.max = 2 (custom)
2019-09-25 04:51:52,092 [pool-27-thread-1] INFO  segmented.SegmentedRaftLogWorker (SegmentedRaftLogWorker.java:<init>(172)) - new 38f9cd64-a54c-4b19-ac87-5788454c2084@group-5D3F9205DA05-SegmentedRaftLogWorker for RaftStorage:Storage Directory /workdir/hadoop-ozone/integration-test/target/test-dir/MiniOzoneClusterImpl-ee606598-1675-4e02-b706-4bffbdc3363b/datanode-0/data/ratis/c13db9b0-ef24-4ce4-8d26-5d3f9205da05
2019-09-25 04:51:52,092 [pool-27-thread-1] INFO  server.RaftServerConfigKeys (ConfUtils.java:logGet(43)) - raft.server.log.queue.byte-limit = 2147483647 (custom)
2019-09-25 04:51:52,092 [pool-27-thread-1] INFO  server.RaftServerConfigKeys (ConfUtils.java:logGet(43)) - raft.server.log.queue.element-limit = 1024 (custom)
2019-09-25 04:51:52,092 [pool-27-thread-1] INFO  server.RaftServerConfigKeys (ConfUtils.java:logGet(43)) - raft.server.log.segment.size.max = 1048576 (custom)
2019-09-25 04:51:52,093 [pool-27-thread-1] INFO  server.RaftServerConfigKeys (ConfUtils.java:logGet(43)) - raft.server.log.preallocated.size = 16384 (custom)
2019-09-25 04:51:52,093 [pool-27-thread-1] INFO  server.RaftServerConfigKeys (ConfUtils.java:logGet(43)) - raft.server.log.write.buffer.size = 33554432 (custom)
2019-09-25 04:51:52,093 [pool-27-thread-1] INFO  server.RaftServerConfigKeys (ConfUtils.java:logGet(43)) - raft.server.log.force.sync.num = 128 (default)
2019-09-25 04:51:52,093 [pool-27-thread-1] INFO  server.RaftServerConfigKeys (ConfUtils.java:logGet(43)) - raft.server.log.statemachine.data.sync = true (default)
2019-09-25 04:51:52,093 [pool-27-thread-1] INFO  server.RaftServerConfigKeys (ConfUtils.java:logGet(43)) - raft.server.log.statemachine.data.sync.timeout = 10s (default)
2019-09-25 04:51:52,093 [pool-27-thread-1] INFO  server.RaftServerConfigKeys (ConfUtils.java:logGet(43)) - raft.server.log.statemachine.data.sync.timeout.retry = -1 (default)
2019-09-25 04:51:52,093 [pool-27-thread-1] INFO  server.RaftServerConfigKeys (ConfUtils.java:logGet(43)) - raft.server.log.statemachine.data.caching.enabled = true (custom)
2019-09-25 04:51:52,094 [pool-27-thread-1] INFO  segmented.SegmentedRaftLogWorker (SegmentedRaftLogWorker.java:lambda$new$0(132)) - 38f9cd64-a54c-4b19-ac87-5788454c2084@group-5D3F9205DA05-SegmentedRaftLogWorker: flushIndex: setUnconditionally 0 -> -1
2019-09-25 04:51:52,094 [pool-27-thread-1] INFO  server.RaftServerConfigKeys (ConfUtils.java:logGet(43)) - raft.server.snapshot.auto.trigger.enabled = true (custom)
2019-09-25 04:51:52,094 [pool-27-thread-1] INFO  server.RaftServerConfigKeys (ConfUtils.java:logGet(43)) - raft.server.snapshot.auto.trigger.threshold = 10000 (custom)
2019-09-25 04:51:52,094 [pool-27-thread-1] INFO  server.RaftServerConfigKeys (ConfUtils.java:logGet(43)) - raft.server.snapshot.retention.num.files = 5 (custom)
2019-09-25 04:51:52,094 [pool-27-thread-1] INFO  server.RaftServerConfigKeys (ConfUtils.java:logGet(43)) - raft.server.retrycache.expirytime = 600000ms (custom)
2019-09-25 04:51:52,096 [main] INFO  rpc.RpcClient (RpcClient.java:createVolume(276)) - Creating Volume: testblockoutputstreamwithretries, with jenkins1000 as owner.
2019-09-25 04:51:52,097 [pool-27-thread-1] INFO  impl.RaftServerImpl (RaftServerImpl.java:start(185)) - 38f9cd64-a54c-4b19-ac87-5788454c2084@group-5D3F9205DA05: start as a follower, conf=-1: [38f9cd64-a54c-4b19-ac87-5788454c2084:192.168.164.207:42162], old=null
2019-09-25 04:51:52,097 [pool-27-thread-1] INFO  impl.RaftServerImpl (RaftServerImpl.java:setRole(174)) - 38f9cd64-a54c-4b19-ac87-5788454c2084@group-5D3F9205DA05: changes role from      null to FOLLOWER at term 0 for startAsFollower
2019-09-25 04:51:52,098 [pool-27-thread-1] INFO  impl.RoleInfo (RoleInfo.java:updateAndGet(143)) - 38f9cd64-a54c-4b19-ac87-5788454c2084: start FollowerState
2019-09-25 04:51:52,098 [pool-27-thread-1] INFO  util.JmxRegister (JmxRegister.java:tryRegister(44)) - Successfully registered JMX Bean with object name Ratis:service=RaftServer,group=group-5D3F9205DA05,id=38f9cd64-a54c-4b19-ac87-5788454c2084
2019-09-25 04:51:52,104 [RatisPipelineUtilsThread] INFO  pipeline.PipelineStateManager (PipelineStateManager.java:addPipeline(56)) - Created pipeline Pipeline[ Id: c13db9b0-ef24-4ce4-8d26-5d3f9205da05, Nodes: 38f9cd64-a54c-4b19-ac87-5788454c2084{ip: 192.168.164.207, host: pr-hdds-1569-s44lr-3492059363, networkLocation: /default-rack, certSerialId: null}, Type:RATIS, Factor:ONE, State:OPEN]
2019-09-25 04:51:52,114 [grpc-default-executor-1] INFO  impl.RaftServerProxy (RaftServerProxy.java:addNew(89)) - a8f74c9c-c1e0-47fe-a430-51d3a9749877: addNew group-A93D8C3885A8:[a8f74c9c-c1e0-47fe-a430-51d3a9749877:192.168.164.207:37761] returns group-A93D8C3885A8:java.util.concurrent.CompletableFuture@1481c00d[Not completed]
2019-09-25 04:51:52,117 [pool-57-thread-1] INFO  impl.RaftServerImpl (RaftServerImpl.java:<init>(95)) - a8f74c9c-c1e0-47fe-a430-51d3a9749877: new RaftServerImpl for group-A93D8C3885A8:[a8f74c9c-c1e0-47fe-a430-51d3a9749877:192.168.164.207:37761] with ContainerStateMachine:uninitialized
2019-09-25 04:51:52,117 [pool-57-thread-1] INFO  server.RaftServerConfigKeys (ConfUtils.java:logGet(43)) - raft.server.rpc.timeout.min = 5s (custom)
2019-09-25 04:51:52,117 [pool-57-thread-1] INFO  server.RaftServerConfigKeys (ConfUtils.java:logGet(43)) - raft.server.rpc.timeout.max = 5200ms (custom)
2019-09-25 04:51:52,118 [pool-57-thread-1] INFO  server.RaftServerConfigKeys (ConfUtils.java:logGet(43)) - raft.server.rpcslowness.timeout = 120s (custom)
2019-09-25 04:51:52,118 [pool-57-thread-1] INFO  server.RaftServerConfigKeys (ConfUtils.java:logGet(43)) - raft.server.sleep.deviation.threshold = 300 (default)
2019-09-25 04:51:52,118 [pool-57-thread-1] INFO  server.RaftServerConfigKeys (ConfUtils.java:logGet(43)) - raft.server.log.appender.install.snapshot.enabled = false (custom)
2019-09-25 04:51:52,118 [pool-57-thread-1] INFO  impl.RaftServerImpl (ServerState.java:<init>(103)) - a8f74c9c-c1e0-47fe-a430-51d3a9749877@group-A93D8C3885A8: ConfigurationManager, init=-1: [a8f74c9c-c1e0-47fe-a430-51d3a9749877:192.168.164.207:37761], old=null, confs=<EMPTY_MAP>
2019-09-25 04:51:52,118 [pool-57-thread-1] INFO  server.RaftServerConfigKeys (ConfUtils.java:logGet(43)) - raft.server.storage.dir = [/workdir/hadoop-ozone/integration-test/target/test-dir/MiniOzoneClusterImpl-ee606598-1675-4e02-b706-4bffbdc3363b/datanode-3/data/ratis] (custom)
2019-09-25 04:51:52,119 [pool-57-thread-1] INFO  storage.RaftStorageDirectory (RaftStorageDirectory.java:analyzeStorage(246)) - The storage directory /workdir/hadoop-ozone/integration-test/target/test-dir/MiniOzoneClusterImpl-ee606598-1675-4e02-b706-4bffbdc3363b/datanode-3/data/ratis/2ecefa8f-1f9c-4d98-b8f3-a93d8c3885a8 does not exist. Creating ...
2019-09-25 04:51:52,132 [pool-57-thread-1] INFO  storage.RaftStorageDirectory (RaftStorageDirectory.java:tryLock(328)) - Lock on /workdir/hadoop-ozone/integration-test/target/test-dir/MiniOzoneClusterImpl-ee606598-1675-4e02-b706-4bffbdc3363b/datanode-3/data/ratis/2ecefa8f-1f9c-4d98-b8f3-a93d8c3885a8/in_use.lock acquired by nodename 13544@pr-hdds-1569-s44lr-3492059363
2019-09-25 04:51:52,146 [pool-57-thread-1] INFO  storage.RaftStorage (RaftStorage.java:format(72)) - Storage directory /workdir/hadoop-ozone/integration-test/target/test-dir/MiniOzoneClusterImpl-ee606598-1675-4e02-b706-4bffbdc3363b/datanode-3/data/ratis/2ecefa8f-1f9c-4d98-b8f3-a93d8c3885a8 has been successfully formatted.
2019-09-25 04:51:52,146 [pool-57-thread-1] INFO  ratis.ContainerStateMachine (ContainerStateMachine.java:loadSnapshot(230)) - group-A93D8C3885A8: The snapshot info is null. Setting the last applied indexto:(t:0, i:~)
2019-09-25 04:51:52,146 [pool-57-thread-1] INFO  server.RaftServerConfigKeys (ConfUtils.java:logGet(43)) - raft.server.notification.no-leader.timeout = 120s (custom)
2019-09-25 04:51:52,147 [pool-57-thread-1] INFO  server.RaftServerConfigKeys (ConfUtils.java:logGet(43)) - raft.server.log.use.memory = false (default)
2019-09-25 04:51:52,147 [pool-57-thread-1] INFO  server.RaftServerConfigKeys (ConfUtils.java:logGet(43)) - raft.server.log.purge.gap = 1000000 (custom)
2019-09-25 04:51:52,147 [pool-57-thread-1] INFO  server.RaftServerConfigKeys (ConfUtils.java:logGet(43)) - raft.server.log.appender.buffer.byte-limit = 33554432 (custom)
2019-09-25 04:51:52,147 [pool-57-thread-1] INFO  server.RaftServerConfigKeys (ConfUtils.java:logGet(43)) - raft.server.log.segment.size.max = 1048576 (custom)
2019-09-25 04:51:52,147 [pool-57-thread-1] INFO  server.RaftServerConfigKeys (ConfUtils.java:logGet(43)) - raft.server.log.segment.cache.num.max = 2 (custom)
2019-09-25 04:51:52,147 [pool-57-thread-1] INFO  segmented.SegmentedRaftLogWorker (SegmentedRaftLogWorker.java:<init>(172)) - new a8f74c9c-c1e0-47fe-a430-51d3a9749877@group-A93D8C3885A8-SegmentedRaftLogWorker for RaftStorage:Storage Directory /workdir/hadoop-ozone/integration-test/target/test-dir/MiniOzoneClusterImpl-ee606598-1675-4e02-b706-4bffbdc3363b/datanode-3/data/ratis/2ecefa8f-1f9c-4d98-b8f3-a93d8c3885a8
2019-09-25 04:51:52,148 [pool-57-thread-1] INFO  server.RaftServerConfigKeys (ConfUtils.java:logGet(43)) - raft.server.log.queue.byte-limit = 2147483647 (custom)
2019-09-25 04:51:52,148 [pool-57-thread-1] INFO  server.RaftServerConfigKeys (ConfUtils.java:logGet(43)) - raft.server.log.queue.element-limit = 1024 (custom)
2019-09-25 04:51:52,148 [pool-57-thread-1] INFO  server.RaftServerConfigKeys (ConfUtils.java:logGet(43)) - raft.server.log.segment.size.max = 1048576 (custom)
2019-09-25 04:51:52,148 [pool-57-thread-1] INFO  server.RaftServerConfigKeys (ConfUtils.java:logGet(43)) - raft.server.log.preallocated.size = 16384 (custom)
2019-09-25 04:51:52,148 [pool-57-thread-1] INFO  server.RaftServerConfigKeys (ConfUtils.java:logGet(43)) - raft.server.log.write.buffer.size = 33554432 (custom)
2019-09-25 04:51:52,149 [pool-57-thread-1] INFO  server.RaftServerConfigKeys (ConfUtils.java:logGet(43)) - raft.server.log.force.sync.num = 128 (default)
2019-09-25 04:51:52,151 [pool-57-thread-1] INFO  server.RaftServerConfigKeys (ConfUtils.java:logGet(43)) - raft.server.log.statemachine.data.sync = true (default)
2019-09-25 04:51:52,151 [pool-57-thread-1] INFO  server.RaftServerConfigKeys (ConfUtils.java:logGet(43)) - raft.server.log.statemachine.data.sync.timeout = 10s (default)
2019-09-25 04:51:52,151 [pool-57-thread-1] INFO  server.RaftServerConfigKeys (ConfUtils.java:logGet(43)) - raft.server.log.statemachine.data.sync.timeout.retry = -1 (default)
2019-09-25 04:51:52,151 [pool-57-thread-1] INFO  server.RaftServerConfigKeys (ConfUtils.java:logGet(43)) - raft.server.log.statemachine.data.caching.enabled = true (custom)
2019-09-25 04:51:52,152 [pool-57-thread-1] INFO  segmented.SegmentedRaftLogWorker (SegmentedRaftLogWorker.java:lambda$new$0(132)) - a8f74c9c-c1e0-47fe-a430-51d3a9749877@group-A93D8C3885A8-SegmentedRaftLogWorker: flushIndex: setUnconditionally 0 -> -1
2019-09-25 04:51:52,152 [pool-57-thread-1] INFO  server.RaftServerConfigKeys (ConfUtils.java:logGet(43)) - raft.server.snapshot.auto.trigger.enabled = true (custom)
2019-09-25 04:51:52,152 [pool-57-thread-1] INFO  server.RaftServerConfigKeys (ConfUtils.java:logGet(43)) - raft.server.snapshot.auto.trigger.threshold = 10000 (custom)
2019-09-25 04:51:52,153 [pool-57-thread-1] INFO  server.RaftServerConfigKeys (ConfUtils.java:logGet(43)) - raft.server.snapshot.retention.num.files = 5 (custom)
2019-09-25 04:51:52,153 [pool-57-thread-1] INFO  server.RaftServerConfigKeys (ConfUtils.java:logGet(43)) - raft.server.retrycache.expirytime = 600000ms (custom)
2019-09-25 04:51:52,156 [pool-57-thread-1] INFO  impl.RaftServerImpl (RaftServerImpl.java:start(185)) - a8f74c9c-c1e0-47fe-a430-51d3a9749877@group-A93D8C3885A8: start as a follower, conf=-1: [a8f74c9c-c1e0-47fe-a430-51d3a9749877:192.168.164.207:37761], old=null
2019-09-25 04:51:52,157 [pool-57-thread-1] INFO  impl.RaftServerImpl (RaftServerImpl.java:setRole(174)) - a8f74c9c-c1e0-47fe-a430-51d3a9749877@group-A93D8C3885A8: changes role from      null to FOLLOWER at term 0 for startAsFollower
2019-09-25 04:51:52,157 [pool-57-thread-1] INFO  impl.RoleInfo (RoleInfo.java:updateAndGet(143)) - a8f74c9c-c1e0-47fe-a430-51d3a9749877: start FollowerState
2019-09-25 04:51:52,157 [pool-57-thread-1] INFO  util.JmxRegister (JmxRegister.java:tryRegister(44)) - Successfully registered JMX Bean with object name Ratis:service=RaftServer,group=group-A93D8C3885A8,id=a8f74c9c-c1e0-47fe-a430-51d3a9749877
2019-09-25 04:51:52,163 [RatisPipelineUtilsThread] INFO  pipeline.PipelineStateManager (PipelineStateManager.java:addPipeline(56)) - Created pipeline Pipeline[ Id: 2ecefa8f-1f9c-4d98-b8f3-a93d8c3885a8, Nodes: a8f74c9c-c1e0-47fe-a430-51d3a9749877{ip: 192.168.164.207, host: pr-hdds-1569-s44lr-3492059363, networkLocation: /default-rack, certSerialId: null}, Type:RATIS, Factor:ONE, State:OPEN]
2019-09-25 04:51:52,184 [grpc-default-executor-1] INFO  impl.RaftServerProxy (RaftServerProxy.java:addNew(89)) - 38e0221b-1a06-473d-b1e9-41261cc0c838: addNew group-C06D2D488BED:[38e0221b-1a06-473d-b1e9-41261cc0c838:192.168.164.207:35429] returns group-C06D2D488BED:java.util.concurrent.CompletableFuture@a0e082d[Not completed]
2019-09-25 04:51:52,187 [pool-87-thread-1] INFO  impl.RaftServerImpl (RaftServerImpl.java:<init>(95)) - 38e0221b-1a06-473d-b1e9-41261cc0c838: new RaftServerImpl for group-C06D2D488BED:[38e0221b-1a06-473d-b1e9-41261cc0c838:192.168.164.207:35429] with ContainerStateMachine:uninitialized
2019-09-25 04:51:52,187 [pool-87-thread-1] INFO  server.RaftServerConfigKeys (ConfUtils.java:logGet(43)) - raft.server.rpc.timeout.min = 5s (custom)
2019-09-25 04:51:52,187 [pool-87-thread-1] INFO  server.RaftServerConfigKeys (ConfUtils.java:logGet(43)) - raft.server.rpc.timeout.max = 5200ms (custom)
2019-09-25 04:51:52,187 [pool-87-thread-1] INFO  server.RaftServerConfigKeys (ConfUtils.java:logGet(43)) - raft.server.rpcslowness.timeout = 120s (custom)
2019-09-25 04:51:52,187 [pool-87-thread-1] INFO  server.RaftServerConfigKeys (ConfUtils.java:logGet(43)) - raft.server.sleep.deviation.threshold = 300 (default)
2019-09-25 04:51:52,187 [pool-87-thread-1] INFO  server.RaftServerConfigKeys (ConfUtils.java:logGet(43)) - raft.server.log.appender.install.snapshot.enabled = false (custom)
2019-09-25 04:51:52,188 [pool-87-thread-1] INFO  impl.RaftServerImpl (ServerState.java:<init>(103)) - 38e0221b-1a06-473d-b1e9-41261cc0c838@group-C06D2D488BED: ConfigurationManager, init=-1: [38e0221b-1a06-473d-b1e9-41261cc0c838:192.168.164.207:35429], old=null, confs=<EMPTY_MAP>
2019-09-25 04:51:52,188 [pool-87-thread-1] INFO  server.RaftServerConfigKeys (ConfUtils.java:logGet(43)) - raft.server.storage.dir = [/workdir/hadoop-ozone/integration-test/target/test-dir/MiniOzoneClusterImpl-ee606598-1675-4e02-b706-4bffbdc3363b/datanode-6/data/ratis] (custom)
2019-09-25 04:51:52,188 [pool-87-thread-1] INFO  storage.RaftStorageDirectory (RaftStorageDirectory.java:analyzeStorage(246)) - The storage directory /workdir/hadoop-ozone/integration-test/target/test-dir/MiniOzoneClusterImpl-ee606598-1675-4e02-b706-4bffbdc3363b/datanode-6/data/ratis/3c63178b-aa48-412f-9c1e-c06d2d488bed does not exist. Creating ...
2019-09-25 04:51:52,201 [pool-87-thread-1] INFO  storage.RaftStorageDirectory (RaftStorageDirectory.java:tryLock(328)) - Lock on /workdir/hadoop-ozone/integration-test/target/test-dir/MiniOzoneClusterImpl-ee606598-1675-4e02-b706-4bffbdc3363b/datanode-6/data/ratis/3c63178b-aa48-412f-9c1e-c06d2d488bed/in_use.lock acquired by nodename 13544@pr-hdds-1569-s44lr-3492059363
2019-09-25 04:51:52,235 [IPC Server handler 4 on 32846] INFO  volume.OMVolumeCreateRequest (OMVolumeCreateRequest.java:validateAndUpdateCache(189)) - created volume:testblockoutputstreamwithretries for user:jenkins1000
2019-09-25 04:51:52,245 [pool-87-thread-1] INFO  storage.RaftStorage (RaftStorage.java:format(72)) - Storage directory /workdir/hadoop-ozone/integration-test/target/test-dir/MiniOzoneClusterImpl-ee606598-1675-4e02-b706-4bffbdc3363b/datanode-6/data/ratis/3c63178b-aa48-412f-9c1e-c06d2d488bed has been successfully formatted.
2019-09-25 04:51:52,245 [pool-87-thread-1] INFO  ratis.ContainerStateMachine (ContainerStateMachine.java:loadSnapshot(230)) - group-C06D2D488BED: The snapshot info is null. Setting the last applied indexto:(t:0, i:~)
2019-09-25 04:51:52,246 [pool-87-thread-1] INFO  server.RaftServerConfigKeys (ConfUtils.java:logGet(43)) - raft.server.notification.no-leader.timeout = 120s (custom)
2019-09-25 04:51:52,246 [pool-87-thread-1] INFO  server.RaftServerConfigKeys (ConfUtils.java:logGet(43)) - raft.server.log.use.memory = false (default)
2019-09-25 04:51:52,247 [pool-87-thread-1] INFO  server.RaftServerConfigKeys (ConfUtils.java:logGet(43)) - raft.server.log.purge.gap = 1000000 (custom)
2019-09-25 04:51:52,247 [pool-87-thread-1] INFO  server.RaftServerConfigKeys (ConfUtils.java:logGet(43)) - raft.server.log.appender.buffer.byte-limit = 33554432 (custom)
2019-09-25 04:51:52,247 [pool-87-thread-1] INFO  server.RaftServerConfigKeys (ConfUtils.java:logGet(43)) - raft.server.log.segment.size.max = 1048576 (custom)
2019-09-25 04:51:52,248 [pool-87-thread-1] INFO  server.RaftServerConfigKeys (ConfUtils.java:logGet(43)) - raft.server.log.segment.cache.num.max = 2 (custom)
2019-09-25 04:51:52,248 [pool-87-thread-1] INFO  segmented.SegmentedRaftLogWorker (SegmentedRaftLogWorker.java:<init>(172)) - new 38e0221b-1a06-473d-b1e9-41261cc0c838@group-C06D2D488BED-SegmentedRaftLogWorker for RaftStorage:Storage Directory /workdir/hadoop-ozone/integration-test/target/test-dir/MiniOzoneClusterImpl-ee606598-1675-4e02-b706-4bffbdc3363b/datanode-6/data/ratis/3c63178b-aa48-412f-9c1e-c06d2d488bed
2019-09-25 04:51:52,248 [pool-87-thread-1] INFO  server.RaftServerConfigKeys (ConfUtils.java:logGet(43)) - raft.server.log.queue.byte-limit = 2147483647 (custom)
2019-09-25 04:51:52,248 [pool-87-thread-1] INFO  server.RaftServerConfigKeys (ConfUtils.java:logGet(43)) - raft.server.log.queue.element-limit = 1024 (custom)
2019-09-25 04:51:52,248 [pool-87-thread-1] INFO  server.RaftServerConfigKeys (ConfUtils.java:logGet(43)) - raft.server.log.segment.size.max = 1048576 (custom)
2019-09-25 04:51:52,250 [pool-87-thread-1] INFO  server.RaftServerConfigKeys (ConfUtils.java:logGet(43)) - raft.server.log.preallocated.size = 16384 (custom)
2019-09-25 04:51:52,250 [pool-87-thread-1] INFO  server.RaftServerConfigKeys (ConfUtils.java:logGet(43)) - raft.server.log.write.buffer.size = 33554432 (custom)
2019-09-25 04:51:52,250 [pool-87-thread-1] INFO  server.RaftServerConfigKeys (ConfUtils.java:logGet(43)) - raft.server.log.force.sync.num = 128 (default)
2019-09-25 04:51:52,250 [pool-87-thread-1] INFO  server.RaftServerConfigKeys (ConfUtils.java:logGet(43)) - raft.server.log.statemachine.data.sync = true (default)
2019-09-25 04:51:52,250 [pool-87-thread-1] INFO  server.RaftServerConfigKeys (ConfUtils.java:logGet(43)) - raft.server.log.statemachine.data.sync.timeout = 10s (default)
2019-09-25 04:51:52,250 [pool-87-thread-1] INFO  server.RaftServerConfigKeys (ConfUtils.java:logGet(43)) - raft.server.log.statemachine.data.sync.timeout.retry = -1 (default)
2019-09-25 04:51:52,250 [pool-87-thread-1] INFO  server.RaftServerConfigKeys (ConfUtils.java:logGet(43)) - raft.server.log.statemachine.data.caching.enabled = true (custom)
2019-09-25 04:51:52,251 [pool-87-thread-1] INFO  segmented.SegmentedRaftLogWorker (SegmentedRaftLogWorker.java:lambda$new$0(132)) - 38e0221b-1a06-473d-b1e9-41261cc0c838@group-C06D2D488BED-SegmentedRaftLogWorker: flushIndex: setUnconditionally 0 -> -1
2019-09-25 04:51:52,251 [pool-87-thread-1] INFO  server.RaftServerConfigKeys (ConfUtils.java:logGet(43)) - raft.server.snapshot.auto.trigger.enabled = true (custom)
2019-09-25 04:51:52,251 [pool-87-thread-1] INFO  server.RaftServerConfigKeys (ConfUtils.java:logGet(43)) - raft.server.snapshot.auto.trigger.threshold = 10000 (custom)
2019-09-25 04:51:52,251 [pool-87-thread-1] INFO  server.RaftServerConfigKeys (ConfUtils.java:logGet(43)) - raft.server.snapshot.retention.num.files = 5 (custom)
2019-09-25 04:51:52,251 [pool-87-thread-1] INFO  server.RaftServerConfigKeys (ConfUtils.java:logGet(43)) - raft.server.retrycache.expirytime = 600000ms (custom)
2019-09-25 04:51:52,257 [pool-87-thread-1] INFO  impl.RaftServerImpl (RaftServerImpl.java:start(185)) - 38e0221b-1a06-473d-b1e9-41261cc0c838@group-C06D2D488BED: start as a follower, conf=-1: [38e0221b-1a06-473d-b1e9-41261cc0c838:192.168.164.207:35429], old=null
2019-09-25 04:51:52,257 [pool-87-thread-1] INFO  impl.RaftServerImpl (RaftServerImpl.java:setRole(174)) - 38e0221b-1a06-473d-b1e9-41261cc0c838@group-C06D2D488BED: changes role from      null to FOLLOWER at term 0 for startAsFollower
2019-09-25 04:51:52,258 [pool-87-thread-1] INFO  impl.RoleInfo (RoleInfo.java:updateAndGet(143)) - 38e0221b-1a06-473d-b1e9-41261cc0c838: start FollowerState
2019-09-25 04:51:52,258 [pool-87-thread-1] INFO  util.JmxRegister (JmxRegister.java:tryRegister(44)) - Successfully registered JMX Bean with object name Ratis:service=RaftServer,group=group-C06D2D488BED,id=38e0221b-1a06-473d-b1e9-41261cc0c838
2019-09-25 04:51:52,263 [RatisPipelineUtilsThread] INFO  pipeline.PipelineStateManager (PipelineStateManager.java:addPipeline(56)) - Created pipeline Pipeline[ Id: 3c63178b-aa48-412f-9c1e-c06d2d488bed, Nodes: 38e0221b-1a06-473d-b1e9-41261cc0c838{ip: 192.168.164.207, host: pr-hdds-1569-s44lr-3492059363, networkLocation: /default-rack, certSerialId: null}, Type:RATIS, Factor:ONE, State:OPEN]
2019-09-25 04:51:52,270 [main] INFO  rpc.RpcClient (RpcClient.java:createBucket(415)) - Creating Bucket: testblockoutputstreamwithretries/testblockoutputstreamwithretries, with Versioning false and Storage Type set to DISK and Encryption set to false 
2019-09-25 04:51:52,287 [grpc-default-executor-1] INFO  impl.RaftServerProxy (RaftServerProxy.java:addNew(89)) - a47783cb-f32c-4b3c-a96f-229a7b607849: addNew group-6E659E7A8275:[a47783cb-f32c-4b3c-a96f-229a7b607849:192.168.164.207:45684] returns group-6E659E7A8275:java.util.concurrent.CompletableFuture@3e0e6f52[Not completed]
2019-09-25 04:51:52,291 [pool-77-thread-1] INFO  impl.RaftServerImpl (RaftServerImpl.java:<init>(95)) - a47783cb-f32c-4b3c-a96f-229a7b607849: new RaftServerImpl for group-6E659E7A8275:[a47783cb-f32c-4b3c-a96f-229a7b607849:192.168.164.207:45684] with ContainerStateMachine:uninitialized
2019-09-25 04:51:52,291 [pool-77-thread-1] INFO  server.RaftServerConfigKeys (ConfUtils.java:logGet(43)) - raft.server.rpc.timeout.min = 5s (custom)
2019-09-25 04:51:52,291 [pool-77-thread-1] INFO  server.RaftServerConfigKeys (ConfUtils.java:logGet(43)) - raft.server.rpc.timeout.max = 5200ms (custom)
2019-09-25 04:51:52,291 [pool-77-thread-1] INFO  server.RaftServerConfigKeys (ConfUtils.java:logGet(43)) - raft.server.rpcslowness.timeout = 120s (custom)
2019-09-25 04:51:52,291 [pool-77-thread-1] INFO  server.RaftServerConfigKeys (ConfUtils.java:logGet(43)) - raft.server.sleep.deviation.threshold = 300 (default)
2019-09-25 04:51:52,291 [pool-77-thread-1] INFO  server.RaftServerConfigKeys (ConfUtils.java:logGet(43)) - raft.server.log.appender.install.snapshot.enabled = false (custom)
2019-09-25 04:51:52,293 [pool-77-thread-1] INFO  impl.RaftServerImpl (ServerState.java:<init>(103)) - a47783cb-f32c-4b3c-a96f-229a7b607849@group-6E659E7A8275: ConfigurationManager, init=-1: [a47783cb-f32c-4b3c-a96f-229a7b607849:192.168.164.207:45684], old=null, confs=<EMPTY_MAP>
2019-09-25 04:51:52,293 [pool-77-thread-1] INFO  server.RaftServerConfigKeys (ConfUtils.java:logGet(43)) - raft.server.storage.dir = [/workdir/hadoop-ozone/integration-test/target/test-dir/MiniOzoneClusterImpl-ee606598-1675-4e02-b706-4bffbdc3363b/datanode-5/data/ratis] (custom)
2019-09-25 04:51:52,295 [pool-77-thread-1] INFO  storage.RaftStorageDirectory (RaftStorageDirectory.java:analyzeStorage(246)) - The storage directory /workdir/hadoop-ozone/integration-test/target/test-dir/MiniOzoneClusterImpl-ee606598-1675-4e02-b706-4bffbdc3363b/datanode-5/data/ratis/e1ca9c12-8ee5-4004-9f3c-6e659e7a8275 does not exist. Creating ...
2019-09-25 04:51:52,308 [pool-77-thread-1] INFO  storage.RaftStorageDirectory (RaftStorageDirectory.java:tryLock(328)) - Lock on /workdir/hadoop-ozone/integration-test/target/test-dir/MiniOzoneClusterImpl-ee606598-1675-4e02-b706-4bffbdc3363b/datanode-5/data/ratis/e1ca9c12-8ee5-4004-9f3c-6e659e7a8275/in_use.lock acquired by nodename 13544@pr-hdds-1569-s44lr-3492059363
2019-09-25 04:51:52,322 [pool-77-thread-1] INFO  storage.RaftStorage (RaftStorage.java:format(72)) - Storage directory /workdir/hadoop-ozone/integration-test/target/test-dir/MiniOzoneClusterImpl-ee606598-1675-4e02-b706-4bffbdc3363b/datanode-5/data/ratis/e1ca9c12-8ee5-4004-9f3c-6e659e7a8275 has been successfully formatted.
2019-09-25 04:51:52,322 [pool-77-thread-1] INFO  ratis.ContainerStateMachine (ContainerStateMachine.java:loadSnapshot(230)) - group-6E659E7A8275: The snapshot info is null. Setting the last applied indexto:(t:0, i:~)
2019-09-25 04:51:52,322 [pool-77-thread-1] INFO  server.RaftServerConfigKeys (ConfUtils.java:logGet(43)) - raft.server.notification.no-leader.timeout = 120s (custom)
2019-09-25 04:51:52,322 [pool-77-thread-1] INFO  server.RaftServerConfigKeys (ConfUtils.java:logGet(43)) - raft.server.log.use.memory = false (default)
2019-09-25 04:51:52,322 [pool-77-thread-1] INFO  server.RaftServerConfigKeys (ConfUtils.java:logGet(43)) - raft.server.log.purge.gap = 1000000 (custom)
2019-09-25 04:51:52,322 [pool-77-thread-1] INFO  server.RaftServerConfigKeys (ConfUtils.java:logGet(43)) - raft.server.log.appender.buffer.byte-limit = 33554432 (custom)
2019-09-25 04:51:52,323 [pool-77-thread-1] INFO  server.RaftServerConfigKeys (ConfUtils.java:logGet(43)) - raft.server.log.segment.size.max = 1048576 (custom)
2019-09-25 04:51:52,323 [pool-77-thread-1] INFO  server.RaftServerConfigKeys (ConfUtils.java:logGet(43)) - raft.server.log.segment.cache.num.max = 2 (custom)
2019-09-25 04:51:52,323 [pool-77-thread-1] INFO  segmented.SegmentedRaftLogWorker (SegmentedRaftLogWorker.java:<init>(172)) - new a47783cb-f32c-4b3c-a96f-229a7b607849@group-6E659E7A8275-SegmentedRaftLogWorker for RaftStorage:Storage Directory /workdir/hadoop-ozone/integration-test/target/test-dir/MiniOzoneClusterImpl-ee606598-1675-4e02-b706-4bffbdc3363b/datanode-5/data/ratis/e1ca9c12-8ee5-4004-9f3c-6e659e7a8275
2019-09-25 04:51:52,323 [pool-77-thread-1] INFO  server.RaftServerConfigKeys (ConfUtils.java:logGet(43)) - raft.server.log.queue.byte-limit = 2147483647 (custom)
2019-09-25 04:51:52,323 [pool-77-thread-1] INFO  server.RaftServerConfigKeys (ConfUtils.java:logGet(43)) - raft.server.log.queue.element-limit = 1024 (custom)
2019-09-25 04:51:52,324 [pool-77-thread-1] INFO  server.RaftServerConfigKeys (ConfUtils.java:logGet(43)) - raft.server.log.segment.size.max = 1048576 (custom)
2019-09-25 04:51:52,324 [pool-77-thread-1] INFO  server.RaftServerConfigKeys (ConfUtils.java:logGet(43)) - raft.server.log.preallocated.size = 16384 (custom)
2019-09-25 04:51:52,324 [pool-77-thread-1] INFO  server.RaftServerConfigKeys (ConfUtils.java:logGet(43)) - raft.server.log.write.buffer.size = 33554432 (custom)
2019-09-25 04:51:52,324 [pool-77-thread-1] INFO  server.RaftServerConfigKeys (ConfUtils.java:logGet(43)) - raft.server.log.force.sync.num = 128 (default)
2019-09-25 04:51:52,324 [pool-77-thread-1] INFO  server.RaftServerConfigKeys (ConfUtils.java:logGet(43)) - raft.server.log.statemachine.data.sync = true (default)
2019-09-25 04:51:52,325 [pool-77-thread-1] INFO  server.RaftServerConfigKeys (ConfUtils.java:logGet(43)) - raft.server.log.statemachine.data.sync.timeout = 10s (default)
2019-09-25 04:51:52,325 [pool-77-thread-1] INFO  server.RaftServerConfigKeys (ConfUtils.java:logGet(43)) - raft.server.log.statemachine.data.sync.timeout.retry = -1 (default)
2019-09-25 04:51:52,325 [pool-77-thread-1] INFO  server.RaftServerConfigKeys (ConfUtils.java:logGet(43)) - raft.server.log.statemachine.data.caching.enabled = true (custom)
2019-09-25 04:51:52,326 [pool-77-thread-1] INFO  segmented.SegmentedRaftLogWorker (SegmentedRaftLogWorker.java:lambda$new$0(132)) - a47783cb-f32c-4b3c-a96f-229a7b607849@group-6E659E7A8275-SegmentedRaftLogWorker: flushIndex: setUnconditionally 0 -> -1
2019-09-25 04:51:52,326 [pool-77-thread-1] INFO  server.RaftServerConfigKeys (ConfUtils.java:logGet(43)) - raft.server.snapshot.auto.trigger.enabled = true (custom)
2019-09-25 04:51:52,326 [pool-77-thread-1] INFO  server.RaftServerConfigKeys (ConfUtils.java:logGet(43)) - raft.server.snapshot.auto.trigger.threshold = 10000 (custom)
2019-09-25 04:51:52,326 [pool-77-thread-1] INFO  server.RaftServerConfigKeys (ConfUtils.java:logGet(43)) - raft.server.snapshot.retention.num.files = 5 (custom)
2019-09-25 04:51:52,327 [pool-77-thread-1] INFO  server.RaftServerConfigKeys (ConfUtils.java:logGet(43)) - raft.server.retrycache.expirytime = 600000ms (custom)
2019-09-25 04:51:52,331 [pool-77-thread-1] INFO  impl.RaftServerImpl (RaftServerImpl.java:start(185)) - a47783cb-f32c-4b3c-a96f-229a7b607849@group-6E659E7A8275: start as a follower, conf=-1: [a47783cb-f32c-4b3c-a96f-229a7b607849:192.168.164.207:45684], old=null
2019-09-25 04:51:52,331 [pool-77-thread-1] INFO  impl.RaftServerImpl (RaftServerImpl.java:setRole(174)) - a47783cb-f32c-4b3c-a96f-229a7b607849@group-6E659E7A8275: changes role from      null to FOLLOWER at term 0 for startAsFollower
2019-09-25 04:51:52,331 [pool-77-thread-1] INFO  impl.RoleInfo (RoleInfo.java:updateAndGet(143)) - a47783cb-f32c-4b3c-a96f-229a7b607849: start FollowerState
2019-09-25 04:51:52,339 [pool-77-thread-1] INFO  util.JmxRegister (JmxRegister.java:tryRegister(44)) - Successfully registered JMX Bean with object name Ratis:service=RaftServer,group=group-6E659E7A8275,id=a47783cb-f32c-4b3c-a96f-229a7b607849
2019-09-25 04:51:52,359 [RatisPipelineUtilsThread] INFO  pipeline.PipelineStateManager (PipelineStateManager.java:addPipeline(56)) - Created pipeline Pipeline[ Id: e1ca9c12-8ee5-4004-9f3c-6e659e7a8275, Nodes: a47783cb-f32c-4b3c-a96f-229a7b607849{ip: 192.168.164.207, host: pr-hdds-1569-s44lr-3492059363, networkLocation: /default-rack, certSerialId: null}, Type:RATIS, Factor:ONE, State:OPEN]
2019-09-25 04:51:52,822 [grpc-default-executor-1] INFO  impl.RaftServerProxy (RaftServerProxy.java:addNew(89)) - 38f9cd64-a54c-4b19-ac87-5788454c2084: addNew group-A9A412E67723:[38f9cd64-a54c-4b19-ac87-5788454c2084:192.168.164.207:42162] returns group-A9A412E67723:java.util.concurrent.CompletableFuture@57b452db[Not completed]
2019-09-25 04:51:52,825 [pool-27-thread-1] INFO  impl.RaftServerImpl (RaftServerImpl.java:<init>(95)) - 38f9cd64-a54c-4b19-ac87-5788454c2084: new RaftServerImpl for group-A9A412E67723:[38f9cd64-a54c-4b19-ac87-5788454c2084:192.168.164.207:42162] with ContainerStateMachine:uninitialized
2019-09-25 04:51:52,825 [pool-27-thread-1] INFO  server.RaftServerConfigKeys (ConfUtils.java:logGet(43)) - raft.server.rpc.timeout.min = 5s (custom)
2019-09-25 04:51:52,825 [pool-27-thread-1] INFO  server.RaftServerConfigKeys (ConfUtils.java:logGet(43)) - raft.server.rpc.timeout.max = 5200ms (custom)
2019-09-25 04:51:52,825 [pool-27-thread-1] INFO  server.RaftServerConfigKeys (ConfUtils.java:logGet(43)) - raft.server.rpcslowness.timeout = 120s (custom)
2019-09-25 04:51:52,825 [pool-27-thread-1] INFO  server.RaftServerConfigKeys (ConfUtils.java:logGet(43)) - raft.server.sleep.deviation.threshold = 300 (default)
2019-09-25 04:51:52,826 [pool-27-thread-1] INFO  server.RaftServerConfigKeys (ConfUtils.java:logGet(43)) - raft.server.log.appender.install.snapshot.enabled = false (custom)
2019-09-25 04:51:52,828 [pool-27-thread-1] INFO  impl.RaftServerImpl (ServerState.java:<init>(103)) - 38f9cd64-a54c-4b19-ac87-5788454c2084@group-A9A412E67723: ConfigurationManager, init=-1: [38f9cd64-a54c-4b19-ac87-5788454c2084:192.168.164.207:42162], old=null, confs=<EMPTY_MAP>
2019-09-25 04:51:52,830 [pool-27-thread-1] INFO  server.RaftServerConfigKeys (ConfUtils.java:logGet(43)) - raft.server.storage.dir = [/workdir/hadoop-ozone/integration-test/target/test-dir/MiniOzoneClusterImpl-ee606598-1675-4e02-b706-4bffbdc3363b/datanode-0/data/ratis] (custom)
2019-09-25 04:51:52,830 [pool-27-thread-1] INFO  storage.RaftStorageDirectory (RaftStorageDirectory.java:analyzeStorage(246)) - The storage directory /workdir/hadoop-ozone/integration-test/target/test-dir/MiniOzoneClusterImpl-ee606598-1675-4e02-b706-4bffbdc3363b/datanode-0/data/ratis/2878d30b-5364-43e6-bd08-a9a412e67723 does not exist. Creating ...
2019-09-25 04:51:52,865 [pool-27-thread-1] INFO  storage.RaftStorageDirectory (RaftStorageDirectory.java:tryLock(328)) - Lock on /workdir/hadoop-ozone/integration-test/target/test-dir/MiniOzoneClusterImpl-ee606598-1675-4e02-b706-4bffbdc3363b/datanode-0/data/ratis/2878d30b-5364-43e6-bd08-a9a412e67723/in_use.lock acquired by nodename 13544@pr-hdds-1569-s44lr-3492059363
2019-09-25 04:51:52,879 [pool-27-thread-1] INFO  storage.RaftStorage (RaftStorage.java:format(72)) - Storage directory /workdir/hadoop-ozone/integration-test/target/test-dir/MiniOzoneClusterImpl-ee606598-1675-4e02-b706-4bffbdc3363b/datanode-0/data/ratis/2878d30b-5364-43e6-bd08-a9a412e67723 has been successfully formatted.
2019-09-25 04:51:52,879 [pool-27-thread-1] INFO  ratis.ContainerStateMachine (ContainerStateMachine.java:loadSnapshot(230)) - group-A9A412E67723: The snapshot info is null. Setting the last applied indexto:(t:0, i:~)
2019-09-25 04:51:52,879 [pool-27-thread-1] INFO  server.RaftServerConfigKeys (ConfUtils.java:logGet(43)) - raft.server.notification.no-leader.timeout = 120s (custom)
2019-09-25 04:51:52,880 [pool-27-thread-1] INFO  server.RaftServerConfigKeys (ConfUtils.java:logGet(43)) - raft.server.log.use.memory = false (default)
2019-09-25 04:51:52,880 [pool-27-thread-1] INFO  server.RaftServerConfigKeys (ConfUtils.java:logGet(43)) - raft.server.log.purge.gap = 1000000 (custom)
2019-09-25 04:51:52,880 [pool-27-thread-1] INFO  server.RaftServerConfigKeys (ConfUtils.java:logGet(43)) - raft.server.log.appender.buffer.byte-limit = 33554432 (custom)
2019-09-25 04:51:52,880 [pool-27-thread-1] INFO  server.RaftServerConfigKeys (ConfUtils.java:logGet(43)) - raft.server.log.segment.size.max = 1048576 (custom)
2019-09-25 04:51:52,881 [pool-27-thread-1] INFO  server.RaftServerConfigKeys (ConfUtils.java:logGet(43)) - raft.server.log.segment.cache.num.max = 2 (custom)
2019-09-25 04:51:52,881 [pool-27-thread-1] INFO  segmented.SegmentedRaftLogWorker (SegmentedRaftLogWorker.java:<init>(172)) - new 38f9cd64-a54c-4b19-ac87-5788454c2084@group-A9A412E67723-SegmentedRaftLogWorker for RaftStorage:Storage Directory /workdir/hadoop-ozone/integration-test/target/test-dir/MiniOzoneClusterImpl-ee606598-1675-4e02-b706-4bffbdc3363b/datanode-0/data/ratis/2878d30b-5364-43e6-bd08-a9a412e67723
2019-09-25 04:51:52,881 [pool-27-thread-1] INFO  server.RaftServerConfigKeys (ConfUtils.java:logGet(43)) - raft.server.log.queue.byte-limit = 2147483647 (custom)
2019-09-25 04:51:52,881 [pool-27-thread-1] INFO  server.RaftServerConfigKeys (ConfUtils.java:logGet(43)) - raft.server.log.queue.element-limit = 1024 (custom)
2019-09-25 04:51:52,881 [pool-27-thread-1] INFO  server.RaftServerConfigKeys (ConfUtils.java:logGet(43)) - raft.server.log.segment.size.max = 1048576 (custom)
2019-09-25 04:51:52,882 [pool-27-thread-1] INFO  server.RaftServerConfigKeys (ConfUtils.java:logGet(43)) - raft.server.log.preallocated.size = 16384 (custom)
2019-09-25 04:51:52,882 [pool-27-thread-1] INFO  server.RaftServerConfigKeys (ConfUtils.java:logGet(43)) - raft.server.log.write.buffer.size = 33554432 (custom)
2019-09-25 04:51:52,882 [pool-27-thread-1] INFO  server.RaftServerConfigKeys (ConfUtils.java:logGet(43)) - raft.server.log.force.sync.num = 128 (default)
2019-09-25 04:51:52,882 [pool-27-thread-1] INFO  server.RaftServerConfigKeys (ConfUtils.java:logGet(43)) - raft.server.log.statemachine.data.sync = true (default)
2019-09-25 04:51:52,882 [pool-27-thread-1] INFO  server.RaftServerConfigKeys (ConfUtils.java:logGet(43)) - raft.server.log.statemachine.data.sync.timeout = 10s (default)
2019-09-25 04:51:52,883 [pool-27-thread-1] INFO  server.RaftServerConfigKeys (ConfUtils.java:logGet(43)) - raft.server.log.statemachine.data.sync.timeout.retry = -1 (default)
2019-09-25 04:51:52,883 [pool-27-thread-1] INFO  server.RaftServerConfigKeys (ConfUtils.java:logGet(43)) - raft.server.log.statemachine.data.caching.enabled = true (custom)
2019-09-25 04:51:52,883 [pool-27-thread-1] INFO  segmented.SegmentedRaftLogWorker (SegmentedRaftLogWorker.java:lambda$new$0(132)) - 38f9cd64-a54c-4b19-ac87-5788454c2084@group-A9A412E67723-SegmentedRaftLogWorker: flushIndex: setUnconditionally 0 -> -1
2019-09-25 04:51:52,884 [pool-27-thread-1] INFO  server.RaftServerConfigKeys (ConfUtils.java:logGet(43)) - raft.server.snapshot.auto.trigger.enabled = true (custom)
2019-09-25 04:51:52,884 [pool-27-thread-1] INFO  server.RaftServerConfigKeys (ConfUtils.java:logGet(43)) - raft.server.snapshot.auto.trigger.threshold = 10000 (custom)
2019-09-25 04:51:52,884 [pool-27-thread-1] INFO  server.RaftServerConfigKeys (ConfUtils.java:logGet(43)) - raft.server.snapshot.retention.num.files = 5 (custom)
2019-09-25 04:51:52,884 [pool-27-thread-1] INFO  server.RaftServerConfigKeys (ConfUtils.java:logGet(43)) - raft.server.retrycache.expirytime = 600000ms (custom)
2019-09-25 04:51:52,888 [pool-27-thread-1] INFO  impl.RaftServerImpl (RaftServerImpl.java:start(185)) - 38f9cd64-a54c-4b19-ac87-5788454c2084@group-A9A412E67723: start as a follower, conf=-1: [38f9cd64-a54c-4b19-ac87-5788454c2084:192.168.164.207:42162], old=null
2019-09-25 04:51:52,888 [pool-27-thread-1] INFO  impl.RaftServerImpl (RaftServerImpl.java:setRole(174)) - 38f9cd64-a54c-4b19-ac87-5788454c2084@group-A9A412E67723: changes role from      null to FOLLOWER at term 0 for startAsFollower
2019-09-25 04:51:52,888 [pool-27-thread-1] INFO  impl.RoleInfo (RoleInfo.java:updateAndGet(143)) - 38f9cd64-a54c-4b19-ac87-5788454c2084: start FollowerState
2019-09-25 04:51:52,889 [pool-27-thread-1] INFO  util.JmxRegister (JmxRegister.java:tryRegister(44)) - Successfully registered JMX Bean with object name Ratis:service=RaftServer,group=group-A9A412E67723,id=38f9cd64-a54c-4b19-ac87-5788454c2084
2019-09-25 04:51:52,895 [RatisPipelineUtilsThread] INFO  pipeline.PipelineStateManager (PipelineStateManager.java:addPipeline(56)) - Created pipeline Pipeline[ Id: 2878d30b-5364-43e6-bd08-a9a412e67723, Nodes: 38f9cd64-a54c-4b19-ac87-5788454c2084{ip: 192.168.164.207, host: pr-hdds-1569-s44lr-3492059363, networkLocation: /default-rack, certSerialId: null}, Type:RATIS, Factor:ONE, State:OPEN]
2019-09-25 04:51:52,896 [RatisPipelineUtilsThread] INFO  pipeline.PipelinePlacementPolicy (PipelinePlacementPolicy.java:meetCriteria(91)) - Pipeline Placement: can't place more pipeline on heavy datanode： 38f9cd64-a54c-4b19-ac87-5788454c2084 Heaviness: 6 limit: 5
2019-09-25 04:51:52,909 [grpc-default-executor-1] INFO  impl.RaftServerProxy (RaftServerProxy.java:addNew(89)) - 5ef12726-03f2-4870-a114-ed0a439e18ee: addNew group-67E6760742FA:[5ef12726-03f2-4870-a114-ed0a439e18ee:192.168.164.207:40177] returns group-67E6760742FA:java.util.concurrent.CompletableFuture@148524b8[Not completed]
2019-09-25 04:51:52,911 [pool-47-thread-1] INFO  impl.RaftServerImpl (RaftServerImpl.java:<init>(95)) - 5ef12726-03f2-4870-a114-ed0a439e18ee: new RaftServerImpl for group-67E6760742FA:[5ef12726-03f2-4870-a114-ed0a439e18ee:192.168.164.207:40177] with ContainerStateMachine:uninitialized
2019-09-25 04:51:52,911 [pool-47-thread-1] INFO  server.RaftServerConfigKeys (ConfUtils.java:logGet(43)) - raft.server.rpc.timeout.min = 5s (custom)
2019-09-25 04:51:52,911 [pool-47-thread-1] INFO  server.RaftServerConfigKeys (ConfUtils.java:logGet(43)) - raft.server.rpc.timeout.max = 5200ms (custom)
2019-09-25 04:51:52,911 [pool-47-thread-1] INFO  server.RaftServerConfigKeys (ConfUtils.java:logGet(43)) - raft.server.rpcslowness.timeout = 120s (custom)
2019-09-25 04:51:52,911 [pool-47-thread-1] INFO  server.RaftServerConfigKeys (ConfUtils.java:logGet(43)) - raft.server.sleep.deviation.threshold = 300 (default)
2019-09-25 04:51:52,911 [pool-47-thread-1] INFO  server.RaftServerConfigKeys (ConfUtils.java:logGet(43)) - raft.server.log.appender.install.snapshot.enabled = false (custom)
2019-09-25 04:51:52,912 [pool-47-thread-1] INFO  impl.RaftServerImpl (ServerState.java:<init>(103)) - 5ef12726-03f2-4870-a114-ed0a439e18ee@group-67E6760742FA: ConfigurationManager, init=-1: [5ef12726-03f2-4870-a114-ed0a439e18ee:192.168.164.207:40177], old=null, confs=<EMPTY_MAP>
2019-09-25 04:51:52,912 [pool-47-thread-1] INFO  server.RaftServerConfigKeys (ConfUtils.java:logGet(43)) - raft.server.storage.dir = [/workdir/hadoop-ozone/integration-test/target/test-dir/MiniOzoneClusterImpl-ee606598-1675-4e02-b706-4bffbdc3363b/datanode-2/data/ratis] (custom)
2019-09-25 04:51:52,912 [pool-47-thread-1] INFO  storage.RaftStorageDirectory (RaftStorageDirectory.java:analyzeStorage(246)) - The storage directory /workdir/hadoop-ozone/integration-test/target/test-dir/MiniOzoneClusterImpl-ee606598-1675-4e02-b706-4bffbdc3363b/datanode-2/data/ratis/cd822f76-30d1-412a-8fdc-67e6760742fa does not exist. Creating ...
2019-09-25 04:51:52,924 [pool-47-thread-1] INFO  storage.RaftStorageDirectory (RaftStorageDirectory.java:tryLock(328)) - Lock on /workdir/hadoop-ozone/integration-test/target/test-dir/MiniOzoneClusterImpl-ee606598-1675-4e02-b706-4bffbdc3363b/datanode-2/data/ratis/cd822f76-30d1-412a-8fdc-67e6760742fa/in_use.lock acquired by nodename 13544@pr-hdds-1569-s44lr-3492059363
2019-09-25 04:51:52,937 [pool-47-thread-1] INFO  storage.RaftStorage (RaftStorage.java:format(72)) - Storage directory /workdir/hadoop-ozone/integration-test/target/test-dir/MiniOzoneClusterImpl-ee606598-1675-4e02-b706-4bffbdc3363b/datanode-2/data/ratis/cd822f76-30d1-412a-8fdc-67e6760742fa has been successfully formatted.
2019-09-25 04:51:52,937 [pool-47-thread-1] INFO  ratis.ContainerStateMachine (ContainerStateMachine.java:loadSnapshot(230)) - group-67E6760742FA: The snapshot info is null. Setting the last applied indexto:(t:0, i:~)
2019-09-25 04:51:52,937 [pool-47-thread-1] INFO  server.RaftServerConfigKeys (ConfUtils.java:logGet(43)) - raft.server.notification.no-leader.timeout = 120s (custom)
2019-09-25 04:51:52,937 [pool-47-thread-1] INFO  server.RaftServerConfigKeys (ConfUtils.java:logGet(43)) - raft.server.log.use.memory = false (default)
2019-09-25 04:51:52,938 [pool-47-thread-1] INFO  server.RaftServerConfigKeys (ConfUtils.java:logGet(43)) - raft.server.log.purge.gap = 1000000 (custom)
2019-09-25 04:51:52,938 [pool-47-thread-1] INFO  server.RaftServerConfigKeys (ConfUtils.java:logGet(43)) - raft.server.log.appender.buffer.byte-limit = 33554432 (custom)
2019-09-25 04:51:52,938 [pool-47-thread-1] INFO  server.RaftServerConfigKeys (ConfUtils.java:logGet(43)) - raft.server.log.segment.size.max = 1048576 (custom)
2019-09-25 04:51:52,938 [pool-47-thread-1] INFO  server.RaftServerConfigKeys (ConfUtils.java:logGet(43)) - raft.server.log.segment.cache.num.max = 2 (custom)
2019-09-25 04:51:52,938 [pool-47-thread-1] INFO  segmented.SegmentedRaftLogWorker (SegmentedRaftLogWorker.java:<init>(172)) - new 5ef12726-03f2-4870-a114-ed0a439e18ee@group-67E6760742FA-SegmentedRaftLogWorker for RaftStorage:Storage Directory /workdir/hadoop-ozone/integration-test/target/test-dir/MiniOzoneClusterImpl-ee606598-1675-4e02-b706-4bffbdc3363b/datanode-2/data/ratis/cd822f76-30d1-412a-8fdc-67e6760742fa
2019-09-25 04:51:52,938 [pool-47-thread-1] INFO  server.RaftServerConfigKeys (ConfUtils.java:logGet(43)) - raft.server.log.queue.byte-limit = 2147483647 (custom)
2019-09-25 04:51:52,938 [pool-47-thread-1] INFO  server.RaftServerConfigKeys (ConfUtils.java:logGet(43)) - raft.server.log.queue.element-limit = 1024 (custom)
2019-09-25 04:51:52,939 [pool-47-thread-1] INFO  server.RaftServerConfigKeys (ConfUtils.java:logGet(43)) - raft.server.log.segment.size.max = 1048576 (custom)
2019-09-25 04:51:52,939 [pool-47-thread-1] INFO  server.RaftServerConfigKeys (ConfUtils.java:logGet(43)) - raft.server.log.preallocated.size = 16384 (custom)
2019-09-25 04:51:52,939 [pool-47-thread-1] INFO  server.RaftServerConfigKeys (ConfUtils.java:logGet(43)) - raft.server.log.write.buffer.size = 33554432 (custom)
2019-09-25 04:51:52,939 [pool-47-thread-1] INFO  server.RaftServerConfigKeys (ConfUtils.java:logGet(43)) - raft.server.log.force.sync.num = 128 (default)
2019-09-25 04:51:52,939 [pool-47-thread-1] INFO  server.RaftServerConfigKeys (ConfUtils.java:logGet(43)) - raft.server.log.statemachine.data.sync = true (default)
2019-09-25 04:51:52,939 [pool-47-thread-1] INFO  server.RaftServerConfigKeys (ConfUtils.java:logGet(43)) - raft.server.log.statemachine.data.sync.timeout = 10s (default)
2019-09-25 04:51:52,939 [pool-47-thread-1] INFO  server.RaftServerConfigKeys (ConfUtils.java:logGet(43)) - raft.server.log.statemachine.data.sync.timeout.retry = -1 (default)
2019-09-25 04:51:52,939 [pool-47-thread-1] INFO  server.RaftServerConfigKeys (ConfUtils.java:logGet(43)) - raft.server.log.statemachine.data.caching.enabled = true (custom)
2019-09-25 04:51:52,940 [pool-47-thread-1] INFO  segmented.SegmentedRaftLogWorker (SegmentedRaftLogWorker.java:lambda$new$0(132)) - 5ef12726-03f2-4870-a114-ed0a439e18ee@group-67E6760742FA-SegmentedRaftLogWorker: flushIndex: setUnconditionally 0 -> -1
2019-09-25 04:51:52,940 [pool-47-thread-1] INFO  server.RaftServerConfigKeys (ConfUtils.java:logGet(43)) - raft.server.snapshot.auto.trigger.enabled = true (custom)
2019-09-25 04:51:52,940 [pool-47-thread-1] INFO  server.RaftServerConfigKeys (ConfUtils.java:logGet(43)) - raft.server.snapshot.auto.trigger.threshold = 10000 (custom)
2019-09-25 04:51:52,940 [pool-47-thread-1] INFO  server.RaftServerConfigKeys (ConfUtils.java:logGet(43)) - raft.server.snapshot.retention.num.files = 5 (custom)
2019-09-25 04:51:52,940 [pool-47-thread-1] INFO  server.RaftServerConfigKeys (ConfUtils.java:logGet(43)) - raft.server.retrycache.expirytime = 600000ms (custom)
2019-09-25 04:51:52,943 [pool-47-thread-1] INFO  impl.RaftServerImpl (RaftServerImpl.java:start(185)) - 5ef12726-03f2-4870-a114-ed0a439e18ee@group-67E6760742FA: start as a follower, conf=-1: [5ef12726-03f2-4870-a114-ed0a439e18ee:192.168.164.207:40177], old=null
2019-09-25 04:51:52,943 [pool-47-thread-1] INFO  impl.RaftServerImpl (RaftServerImpl.java:setRole(174)) - 5ef12726-03f2-4870-a114-ed0a439e18ee@group-67E6760742FA: changes role from      null to FOLLOWER at term 0 for startAsFollower
2019-09-25 04:51:52,943 [pool-47-thread-1] INFO  impl.RoleInfo (RoleInfo.java:updateAndGet(143)) - 5ef12726-03f2-4870-a114-ed0a439e18ee: start FollowerState
2019-09-25 04:51:52,944 [pool-47-thread-1] INFO  util.JmxRegister (JmxRegister.java:tryRegister(44)) - Successfully registered JMX Bean with object name Ratis:service=RaftServer,group=group-67E6760742FA,id=5ef12726-03f2-4870-a114-ed0a439e18ee
2019-09-25 04:51:52,950 [RatisPipelineUtilsThread] INFO  pipeline.PipelineStateManager (PipelineStateManager.java:addPipeline(56)) - Created pipeline Pipeline[ Id: cd822f76-30d1-412a-8fdc-67e6760742fa, Nodes: 5ef12726-03f2-4870-a114-ed0a439e18ee{ip: 192.168.164.207, host: pr-hdds-1569-s44lr-3492059363, networkLocation: /default-rack, certSerialId: null}, Type:RATIS, Factor:ONE, State:OPEN]
2019-09-25 04:51:52,951 [RatisPipelineUtilsThread] INFO  pipeline.PipelinePlacementPolicy (PipelinePlacementPolicy.java:meetCriteria(91)) - Pipeline Placement: can't place more pipeline on heavy datanode： 38f9cd64-a54c-4b19-ac87-5788454c2084 Heaviness: 6 limit: 5
2019-09-25 04:51:52,956 [Thread-238] INFO  container.ReplicationManager (ReplicationManager.java:start(163)) - Starting Replication Monitor Thread.
2019-09-25 04:51:52,958 [ReplicationMonitor] INFO  container.ReplicationManager (ReplicationManager.java:run(226)) - Replication Monitor Thread took 0 milliseconds for processing 0 containers.
2019-09-25 04:51:52,963 [grpc-default-executor-1] INFO  impl.RaftServerProxy (RaftServerProxy.java:addNew(89)) - a8f74c9c-c1e0-47fe-a430-51d3a9749877: addNew group-07E3B9C936E2:[a8f74c9c-c1e0-47fe-a430-51d3a9749877:192.168.164.207:37761] returns group-07E3B9C936E2:java.util.concurrent.CompletableFuture@47b400db[Not completed]
2019-09-25 04:51:52,966 [pool-57-thread-1] INFO  impl.RaftServerImpl (RaftServerImpl.java:<init>(95)) - a8f74c9c-c1e0-47fe-a430-51d3a9749877: new RaftServerImpl for group-07E3B9C936E2:[a8f74c9c-c1e0-47fe-a430-51d3a9749877:192.168.164.207:37761] with ContainerStateMachine:uninitialized
2019-09-25 04:51:52,966 [pool-57-thread-1] INFO  server.RaftServerConfigKeys (ConfUtils.java:logGet(43)) - raft.server.rpc.timeout.min = 5s (custom)
2019-09-25 04:51:52,966 [pool-57-thread-1] INFO  server.RaftServerConfigKeys (ConfUtils.java:logGet(43)) - raft.server.rpc.timeout.max = 5200ms (custom)
2019-09-25 04:51:52,966 [pool-57-thread-1] INFO  server.RaftServerConfigKeys (ConfUtils.java:logGet(43)) - raft.server.rpcslowness.timeout = 120s (custom)
2019-09-25 04:51:52,967 [pool-57-thread-1] INFO  server.RaftServerConfigKeys (ConfUtils.java:logGet(43)) - raft.server.sleep.deviation.threshold = 300 (default)
2019-09-25 04:51:52,967 [pool-57-thread-1] INFO  server.RaftServerConfigKeys (ConfUtils.java:logGet(43)) - raft.server.log.appender.install.snapshot.enabled = false (custom)
2019-09-25 04:51:52,967 [pool-57-thread-1] INFO  impl.RaftServerImpl (ServerState.java:<init>(103)) - a8f74c9c-c1e0-47fe-a430-51d3a9749877@group-07E3B9C936E2: ConfigurationManager, init=-1: [a8f74c9c-c1e0-47fe-a430-51d3a9749877:192.168.164.207:37761], old=null, confs=<EMPTY_MAP>
2019-09-25 04:51:52,967 [pool-57-thread-1] INFO  server.RaftServerConfigKeys (ConfUtils.java:logGet(43)) - raft.server.storage.dir = [/workdir/hadoop-ozone/integration-test/target/test-dir/MiniOzoneClusterImpl-ee606598-1675-4e02-b706-4bffbdc3363b/datanode-3/data/ratis] (custom)
2019-09-25 04:51:52,968 [pool-57-thread-1] INFO  storage.RaftStorageDirectory (RaftStorageDirectory.java:analyzeStorage(246)) - The storage directory /workdir/hadoop-ozone/integration-test/target/test-dir/MiniOzoneClusterImpl-ee606598-1675-4e02-b706-4bffbdc3363b/datanode-3/data/ratis/51a808d1-4a6a-4c10-9dc0-07e3b9c936e2 does not exist. Creating ...
2019-09-25 04:51:52,980 [pool-57-thread-1] INFO  storage.RaftStorageDirectory (RaftStorageDirectory.java:tryLock(328)) - Lock on /workdir/hadoop-ozone/integration-test/target/test-dir/MiniOzoneClusterImpl-ee606598-1675-4e02-b706-4bffbdc3363b/datanode-3/data/ratis/51a808d1-4a6a-4c10-9dc0-07e3b9c936e2/in_use.lock acquired by nodename 13544@pr-hdds-1569-s44lr-3492059363
2019-09-25 04:51:52,995 [pool-57-thread-1] INFO  storage.RaftStorage (RaftStorage.java:format(72)) - Storage directory /workdir/hadoop-ozone/integration-test/target/test-dir/MiniOzoneClusterImpl-ee606598-1675-4e02-b706-4bffbdc3363b/datanode-3/data/ratis/51a808d1-4a6a-4c10-9dc0-07e3b9c936e2 has been successfully formatted.
2019-09-25 04:51:52,996 [pool-57-thread-1] INFO  ratis.ContainerStateMachine (ContainerStateMachine.java:loadSnapshot(230)) - group-07E3B9C936E2: The snapshot info is null. Setting the last applied indexto:(t:0, i:~)
2019-09-25 04:51:52,996 [pool-57-thread-1] INFO  server.RaftServerConfigKeys (ConfUtils.java:logGet(43)) - raft.server.notification.no-leader.timeout = 120s (custom)
2019-09-25 04:51:52,996 [pool-57-thread-1] INFO  server.RaftServerConfigKeys (ConfUtils.java:logGet(43)) - raft.server.log.use.memory = false (default)
2019-09-25 04:51:52,996 [pool-57-thread-1] INFO  server.RaftServerConfigKeys (ConfUtils.java:logGet(43)) - raft.server.log.purge.gap = 1000000 (custom)
2019-09-25 04:51:52,997 [pool-57-thread-1] INFO  server.RaftServerConfigKeys (ConfUtils.java:logGet(43)) - raft.server.log.appender.buffer.byte-limit = 33554432 (custom)
2019-09-25 04:51:52,997 [pool-57-thread-1] INFO  server.RaftServerConfigKeys (ConfUtils.java:logGet(43)) - raft.server.log.segment.size.max = 1048576 (custom)
2019-09-25 04:51:52,997 [pool-57-thread-1] INFO  server.RaftServerConfigKeys (ConfUtils.java:logGet(43)) - raft.server.log.segment.cache.num.max = 2 (custom)
2019-09-25 04:51:52,997 [pool-57-thread-1] INFO  segmented.SegmentedRaftLogWorker (SegmentedRaftLogWorker.java:<init>(172)) - new a8f74c9c-c1e0-47fe-a430-51d3a9749877@group-07E3B9C936E2-SegmentedRaftLogWorker for RaftStorage:Storage Directory /workdir/hadoop-ozone/integration-test/target/test-dir/MiniOzoneClusterImpl-ee606598-1675-4e02-b706-4bffbdc3363b/datanode-3/data/ratis/51a808d1-4a6a-4c10-9dc0-07e3b9c936e2
2019-09-25 04:51:52,997 [pool-57-thread-1] INFO  server.RaftServerConfigKeys (ConfUtils.java:logGet(43)) - raft.server.log.queue.byte-limit = 2147483647 (custom)
2019-09-25 04:51:52,998 [pool-57-thread-1] INFO  server.RaftServerConfigKeys (ConfUtils.java:logGet(43)) - raft.server.log.queue.element-limit = 1024 (custom)
2019-09-25 04:51:52,998 [pool-57-thread-1] INFO  server.RaftServerConfigKeys (ConfUtils.java:logGet(43)) - raft.server.log.segment.size.max = 1048576 (custom)
2019-09-25 04:51:52,998 [pool-57-thread-1] INFO  server.RaftServerConfigKeys (ConfUtils.java:logGet(43)) - raft.server.log.preallocated.size = 16384 (custom)
2019-09-25 04:51:52,998 [pool-57-thread-1] INFO  server.RaftServerConfigKeys (ConfUtils.java:logGet(43)) - raft.server.log.write.buffer.size = 33554432 (custom)
2019-09-25 04:51:52,998 [pool-57-thread-1] INFO  server.RaftServerConfigKeys (ConfUtils.java:logGet(43)) - raft.server.log.force.sync.num = 128 (default)
2019-09-25 04:51:52,999 [pool-57-thread-1] INFO  server.RaftServerConfigKeys (ConfUtils.java:logGet(43)) - raft.server.log.statemachine.data.sync = true (default)
2019-09-25 04:51:52,999 [pool-57-thread-1] INFO  server.RaftServerConfigKeys (ConfUtils.java:logGet(43)) - raft.server.log.statemachine.data.sync.timeout = 10s (default)
2019-09-25 04:51:52,999 [pool-57-thread-1] INFO  server.RaftServerConfigKeys (ConfUtils.java:logGet(43)) - raft.server.log.statemachine.data.sync.timeout.retry = -1 (default)
2019-09-25 04:51:52,999 [pool-57-thread-1] INFO  server.RaftServerConfigKeys (ConfUtils.java:logGet(43)) - raft.server.log.statemachine.data.caching.enabled = true (custom)
2019-09-25 04:51:53,000 [pool-57-thread-1] INFO  segmented.SegmentedRaftLogWorker (SegmentedRaftLogWorker.java:lambda$new$0(132)) - a8f74c9c-c1e0-47fe-a430-51d3a9749877@group-07E3B9C936E2-SegmentedRaftLogWorker: flushIndex: setUnconditionally 0 -> -1
2019-09-25 04:51:53,000 [pool-57-thread-1] INFO  server.RaftServerConfigKeys (ConfUtils.java:logGet(43)) - raft.server.snapshot.auto.trigger.enabled = true (custom)
2019-09-25 04:51:53,001 [pool-57-thread-1] INFO  server.RaftServerConfigKeys (ConfUtils.java:logGet(43)) - raft.server.snapshot.auto.trigger.threshold = 10000 (custom)
2019-09-25 04:51:53,001 [pool-57-thread-1] INFO  server.RaftServerConfigKeys (ConfUtils.java:logGet(43)) - raft.server.snapshot.retention.num.files = 5 (custom)
2019-09-25 04:51:53,001 [pool-57-thread-1] INFO  server.RaftServerConfigKeys (ConfUtils.java:logGet(43)) - raft.server.retrycache.expirytime = 600000ms (custom)
2019-09-25 04:51:53,005 [pool-57-thread-1] INFO  impl.RaftServerImpl (RaftServerImpl.java:start(185)) - a8f74c9c-c1e0-47fe-a430-51d3a9749877@group-07E3B9C936E2: start as a follower, conf=-1: [a8f74c9c-c1e0-47fe-a430-51d3a9749877:192.168.164.207:37761], old=null
2019-09-25 04:51:53,005 [pool-57-thread-1] INFO  impl.RaftServerImpl (RaftServerImpl.java:setRole(174)) - a8f74c9c-c1e0-47fe-a430-51d3a9749877@group-07E3B9C936E2: changes role from      null to FOLLOWER at term 0 for startAsFollower
2019-09-25 04:51:53,005 [pool-57-thread-1] INFO  impl.RoleInfo (RoleInfo.java:updateAndGet(143)) - a8f74c9c-c1e0-47fe-a430-51d3a9749877: start FollowerState
2019-09-25 04:51:53,006 [pool-57-thread-1] INFO  util.JmxRegister (JmxRegister.java:tryRegister(44)) - Successfully registered JMX Bean with object name Ratis:service=RaftServer,group=group-07E3B9C936E2,id=a8f74c9c-c1e0-47fe-a430-51d3a9749877
2019-09-25 04:51:53,012 [RatisPipelineUtilsThread] INFO  pipeline.PipelineStateManager (PipelineStateManager.java:addPipeline(56)) - Created pipeline Pipeline[ Id: 51a808d1-4a6a-4c10-9dc0-07e3b9c936e2, Nodes: a8f74c9c-c1e0-47fe-a430-51d3a9749877{ip: 192.168.164.207, host: pr-hdds-1569-s44lr-3492059363, networkLocation: /default-rack, certSerialId: null}, Type:RATIS, Factor:ONE, State:OPEN]
2019-09-25 04:51:53,012 [RatisPipelineUtilsThread] INFO  pipeline.PipelinePlacementPolicy (PipelinePlacementPolicy.java:meetCriteria(91)) - Pipeline Placement: can't place more pipeline on heavy datanode： 38f9cd64-a54c-4b19-ac87-5788454c2084 Heaviness: 6 limit: 5
2019-09-25 04:51:53,023 [grpc-default-executor-1] INFO  impl.RaftServerProxy (RaftServerProxy.java:addNew(89)) - a8f74c9c-c1e0-47fe-a430-51d3a9749877: addNew group-907D5F4B0780:[a8f74c9c-c1e0-47fe-a430-51d3a9749877:192.168.164.207:37761] returns group-907D5F4B0780:java.util.concurrent.CompletableFuture@4688fa85[Not completed]
2019-09-25 04:51:53,025 [pool-57-thread-1] INFO  impl.RaftServerImpl (RaftServerImpl.java:<init>(95)) - a8f74c9c-c1e0-47fe-a430-51d3a9749877: new RaftServerImpl for group-907D5F4B0780:[a8f74c9c-c1e0-47fe-a430-51d3a9749877:192.168.164.207:37761] with ContainerStateMachine:uninitialized
2019-09-25 04:51:53,025 [pool-57-thread-1] INFO  server.RaftServerConfigKeys (ConfUtils.java:logGet(43)) - raft.server.rpc.timeout.min = 5s (custom)
2019-09-25 04:51:53,025 [pool-57-thread-1] INFO  server.RaftServerConfigKeys (ConfUtils.java:logGet(43)) - raft.server.rpc.timeout.max = 5200ms (custom)
2019-09-25 04:51:53,026 [pool-57-thread-1] INFO  server.RaftServerConfigKeys (ConfUtils.java:logGet(43)) - raft.server.rpcslowness.timeout = 120s (custom)
2019-09-25 04:51:53,026 [pool-57-thread-1] INFO  server.RaftServerConfigKeys (ConfUtils.java:logGet(43)) - raft.server.sleep.deviation.threshold = 300 (default)
2019-09-25 04:51:53,026 [pool-57-thread-1] INFO  server.RaftServerConfigKeys (ConfUtils.java:logGet(43)) - raft.server.log.appender.install.snapshot.enabled = false (custom)
2019-09-25 04:51:53,026 [pool-57-thread-1] INFO  impl.RaftServerImpl (ServerState.java:<init>(103)) - a8f74c9c-c1e0-47fe-a430-51d3a9749877@group-907D5F4B0780: ConfigurationManager, init=-1: [a8f74c9c-c1e0-47fe-a430-51d3a9749877:192.168.164.207:37761], old=null, confs=<EMPTY_MAP>
2019-09-25 04:51:53,026 [pool-57-thread-1] INFO  server.RaftServerConfigKeys (ConfUtils.java:logGet(43)) - raft.server.storage.dir = [/workdir/hadoop-ozone/integration-test/target/test-dir/MiniOzoneClusterImpl-ee606598-1675-4e02-b706-4bffbdc3363b/datanode-3/data/ratis] (custom)
2019-09-25 04:51:53,027 [pool-57-thread-1] INFO  storage.RaftStorageDirectory (RaftStorageDirectory.java:analyzeStorage(246)) - The storage directory /workdir/hadoop-ozone/integration-test/target/test-dir/MiniOzoneClusterImpl-ee606598-1675-4e02-b706-4bffbdc3363b/datanode-3/data/ratis/6f05966d-fc9f-4a12-99ea-907d5f4b0780 does not exist. Creating ...
2019-09-25 04:51:53,039 [pool-57-thread-1] INFO  storage.RaftStorageDirectory (RaftStorageDirectory.java:tryLock(328)) - Lock on /workdir/hadoop-ozone/integration-test/target/test-dir/MiniOzoneClusterImpl-ee606598-1675-4e02-b706-4bffbdc3363b/datanode-3/data/ratis/6f05966d-fc9f-4a12-99ea-907d5f4b0780/in_use.lock acquired by nodename 13544@pr-hdds-1569-s44lr-3492059363
2019-09-25 04:51:53,065 [pool-57-thread-1] INFO  storage.RaftStorage (RaftStorage.java:format(72)) - Storage directory /workdir/hadoop-ozone/integration-test/target/test-dir/MiniOzoneClusterImpl-ee606598-1675-4e02-b706-4bffbdc3363b/datanode-3/data/ratis/6f05966d-fc9f-4a12-99ea-907d5f4b0780 has been successfully formatted.
2019-09-25 04:51:53,065 [pool-57-thread-1] INFO  ratis.ContainerStateMachine (ContainerStateMachine.java:loadSnapshot(230)) - group-907D5F4B0780: The snapshot info is null. Setting the last applied indexto:(t:0, i:~)
2019-09-25 04:51:53,065 [pool-57-thread-1] INFO  server.RaftServerConfigKeys (ConfUtils.java:logGet(43)) - raft.server.notification.no-leader.timeout = 120s (custom)
2019-09-25 04:51:53,066 [pool-57-thread-1] INFO  server.RaftServerConfigKeys (ConfUtils.java:logGet(43)) - raft.server.log.use.memory = false (default)
2019-09-25 04:51:53,066 [pool-57-thread-1] INFO  server.RaftServerConfigKeys (ConfUtils.java:logGet(43)) - raft.server.log.purge.gap = 1000000 (custom)
2019-09-25 04:51:53,066 [pool-57-thread-1] INFO  server.RaftServerConfigKeys (ConfUtils.java:logGet(43)) - raft.server.log.appender.buffer.byte-limit = 33554432 (custom)
2019-09-25 04:51:53,066 [pool-57-thread-1] INFO  server.RaftServerConfigKeys (ConfUtils.java:logGet(43)) - raft.server.log.segment.size.max = 1048576 (custom)
2019-09-25 04:51:53,066 [pool-57-thread-1] INFO  server.RaftServerConfigKeys (ConfUtils.java:logGet(43)) - raft.server.log.segment.cache.num.max = 2 (custom)
2019-09-25 04:51:53,066 [pool-57-thread-1] INFO  segmented.SegmentedRaftLogWorker (SegmentedRaftLogWorker.java:<init>(172)) - new a8f74c9c-c1e0-47fe-a430-51d3a9749877@group-907D5F4B0780-SegmentedRaftLogWorker for RaftStorage:Storage Directory /workdir/hadoop-ozone/integration-test/target/test-dir/MiniOzoneClusterImpl-ee606598-1675-4e02-b706-4bffbdc3363b/datanode-3/data/ratis/6f05966d-fc9f-4a12-99ea-907d5f4b0780
2019-09-25 04:51:53,067 [pool-57-thread-1] INFO  server.RaftServerConfigKeys (ConfUtils.java:logGet(43)) - raft.server.log.queue.byte-limit = 2147483647 (custom)
2019-09-25 04:51:53,067 [pool-57-thread-1] INFO  server.RaftServerConfigKeys (ConfUtils.java:logGet(43)) - raft.server.log.queue.element-limit = 1024 (custom)
2019-09-25 04:51:53,067 [pool-57-thread-1] INFO  server.RaftServerConfigKeys (ConfUtils.java:logGet(43)) - raft.server.log.segment.size.max = 1048576 (custom)
2019-09-25 04:51:53,067 [pool-57-thread-1] INFO  server.RaftServerConfigKeys (ConfUtils.java:logGet(43)) - raft.server.log.preallocated.size = 16384 (custom)
2019-09-25 04:51:53,067 [pool-57-thread-1] INFO  server.RaftServerConfigKeys (ConfUtils.java:logGet(43)) - raft.server.log.write.buffer.size = 33554432 (custom)
2019-09-25 04:51:53,068 [pool-57-thread-1] INFO  server.RaftServerConfigKeys (ConfUtils.java:logGet(43)) - raft.server.log.force.sync.num = 128 (default)
2019-09-25 04:51:53,068 [pool-57-thread-1] INFO  server.RaftServerConfigKeys (ConfUtils.java:logGet(43)) - raft.server.log.statemachine.data.sync = true (default)
2019-09-25 04:51:53,068 [pool-57-thread-1] INFO  server.RaftServerConfigKeys (ConfUtils.java:logGet(43)) - raft.server.log.statemachine.data.sync.timeout = 10s (default)
2019-09-25 04:51:53,068 [pool-57-thread-1] INFO  server.RaftServerConfigKeys (ConfUtils.java:logGet(43)) - raft.server.log.statemachine.data.sync.timeout.retry = -1 (default)
2019-09-25 04:51:53,068 [pool-57-thread-1] INFO  server.RaftServerConfigKeys (ConfUtils.java:logGet(43)) - raft.server.log.statemachine.data.caching.enabled = true (custom)
2019-09-25 04:51:53,069 [pool-57-thread-1] INFO  segmented.SegmentedRaftLogWorker (SegmentedRaftLogWorker.java:lambda$new$0(132)) - a8f74c9c-c1e0-47fe-a430-51d3a9749877@group-907D5F4B0780-SegmentedRaftLogWorker: flushIndex: setUnconditionally 0 -> -1
2019-09-25 04:51:53,069 [pool-57-thread-1] INFO  server.RaftServerConfigKeys (ConfUtils.java:logGet(43)) - raft.server.snapshot.auto.trigger.enabled = true (custom)
2019-09-25 04:51:53,069 [pool-57-thread-1] INFO  server.RaftServerConfigKeys (ConfUtils.java:logGet(43)) - raft.server.snapshot.auto.trigger.threshold = 10000 (custom)
2019-09-25 04:51:53,069 [pool-57-thread-1] INFO  server.RaftServerConfigKeys (ConfUtils.java:logGet(43)) - raft.server.snapshot.retention.num.files = 5 (custom)
2019-09-25 04:51:53,070 [pool-57-thread-1] INFO  server.RaftServerConfigKeys (ConfUtils.java:logGet(43)) - raft.server.retrycache.expirytime = 600000ms (custom)
2019-09-25 04:51:53,075 [pool-57-thread-1] INFO  impl.RaftServerImpl (RaftServerImpl.java:start(185)) - a8f74c9c-c1e0-47fe-a430-51d3a9749877@group-907D5F4B0780: start as a follower, conf=-1: [a8f74c9c-c1e0-47fe-a430-51d3a9749877:192.168.164.207:37761], old=null
2019-09-25 04:51:53,075 [pool-57-thread-1] INFO  impl.RaftServerImpl (RaftServerImpl.java:setRole(174)) - a8f74c9c-c1e0-47fe-a430-51d3a9749877@group-907D5F4B0780: changes role from      null to FOLLOWER at term 0 for startAsFollower
2019-09-25 04:51:53,075 [pool-57-thread-1] INFO  impl.RoleInfo (RoleInfo.java:updateAndGet(143)) - a8f74c9c-c1e0-47fe-a430-51d3a9749877: start FollowerState
2019-09-25 04:51:53,075 [pool-57-thread-1] INFO  util.JmxRegister (JmxRegister.java:tryRegister(44)) - Successfully registered JMX Bean with object name Ratis:service=RaftServer,group=group-907D5F4B0780,id=a8f74c9c-c1e0-47fe-a430-51d3a9749877
2019-09-25 04:51:53,081 [RatisPipelineUtilsThread] INFO  pipeline.PipelineStateManager (PipelineStateManager.java:addPipeline(56)) - Created pipeline Pipeline[ Id: 6f05966d-fc9f-4a12-99ea-907d5f4b0780, Nodes: a8f74c9c-c1e0-47fe-a430-51d3a9749877{ip: 192.168.164.207, host: pr-hdds-1569-s44lr-3492059363, networkLocation: /default-rack, certSerialId: null}, Type:RATIS, Factor:ONE, State:OPEN]
2019-09-25 04:51:53,081 [RatisPipelineUtilsThread] INFO  pipeline.PipelinePlacementPolicy (PipelinePlacementPolicy.java:meetCriteria(91)) - Pipeline Placement: can't place more pipeline on heavy datanode： 38f9cd64-a54c-4b19-ac87-5788454c2084 Heaviness: 6 limit: 5
2019-09-25 04:51:53,091 [grpc-default-executor-1] INFO  impl.RaftServerProxy (RaftServerProxy.java:addNew(89)) - a47783cb-f32c-4b3c-a96f-229a7b607849: addNew group-49DBFAF0A810:[a47783cb-f32c-4b3c-a96f-229a7b607849:192.168.164.207:45684] returns group-49DBFAF0A810:java.util.concurrent.CompletableFuture@e671e39[Not completed]
2019-09-25 04:51:53,094 [pool-77-thread-1] INFO  impl.RaftServerImpl (RaftServerImpl.java:<init>(95)) - a47783cb-f32c-4b3c-a96f-229a7b607849: new RaftServerImpl for group-49DBFAF0A810:[a47783cb-f32c-4b3c-a96f-229a7b607849:192.168.164.207:45684] with ContainerStateMachine:uninitialized
2019-09-25 04:51:53,094 [pool-77-thread-1] INFO  server.RaftServerConfigKeys (ConfUtils.java:logGet(43)) - raft.server.rpc.timeout.min = 5s (custom)
2019-09-25 04:51:53,095 [pool-77-thread-1] INFO  server.RaftServerConfigKeys (ConfUtils.java:logGet(43)) - raft.server.rpc.timeout.max = 5200ms (custom)
2019-09-25 04:51:53,095 [pool-77-thread-1] INFO  server.RaftServerConfigKeys (ConfUtils.java:logGet(43)) - raft.server.rpcslowness.timeout = 120s (custom)
2019-09-25 04:51:53,095 [pool-77-thread-1] INFO  server.RaftServerConfigKeys (ConfUtils.java:logGet(43)) - raft.server.sleep.deviation.threshold = 300 (default)
2019-09-25 04:51:53,095 [pool-77-thread-1] INFO  server.RaftServerConfigKeys (ConfUtils.java:logGet(43)) - raft.server.log.appender.install.snapshot.enabled = false (custom)
2019-09-25 04:51:53,095 [pool-77-thread-1] INFO  impl.RaftServerImpl (ServerState.java:<init>(103)) - a47783cb-f32c-4b3c-a96f-229a7b607849@group-49DBFAF0A810: ConfigurationManager, init=-1: [a47783cb-f32c-4b3c-a96f-229a7b607849:192.168.164.207:45684], old=null, confs=<EMPTY_MAP>
2019-09-25 04:51:53,096 [pool-77-thread-1] INFO  server.RaftServerConfigKeys (ConfUtils.java:logGet(43)) - raft.server.storage.dir = [/workdir/hadoop-ozone/integration-test/target/test-dir/MiniOzoneClusterImpl-ee606598-1675-4e02-b706-4bffbdc3363b/datanode-5/data/ratis] (custom)
2019-09-25 04:51:53,096 [pool-77-thread-1] INFO  storage.RaftStorageDirectory (RaftStorageDirectory.java:analyzeStorage(246)) - The storage directory /workdir/hadoop-ozone/integration-test/target/test-dir/MiniOzoneClusterImpl-ee606598-1675-4e02-b706-4bffbdc3363b/datanode-5/data/ratis/f0c57e80-0fb8-4ef4-9fa7-49dbfaf0a810 does not exist. Creating ...
2019-09-25 04:51:53,122 [pool-77-thread-1] INFO  storage.RaftStorageDirectory (RaftStorageDirectory.java:tryLock(328)) - Lock on /workdir/hadoop-ozone/integration-test/target/test-dir/MiniOzoneClusterImpl-ee606598-1675-4e02-b706-4bffbdc3363b/datanode-5/data/ratis/f0c57e80-0fb8-4ef4-9fa7-49dbfaf0a810/in_use.lock acquired by nodename 13544@pr-hdds-1569-s44lr-3492059363
2019-09-25 04:51:53,164 [pool-77-thread-1] INFO  storage.RaftStorage (RaftStorage.java:format(72)) - Storage directory /workdir/hadoop-ozone/integration-test/target/test-dir/MiniOzoneClusterImpl-ee606598-1675-4e02-b706-4bffbdc3363b/datanode-5/data/ratis/f0c57e80-0fb8-4ef4-9fa7-49dbfaf0a810 has been successfully formatted.
2019-09-25 04:51:53,164 [pool-77-thread-1] INFO  ratis.ContainerStateMachine (ContainerStateMachine.java:loadSnapshot(230)) - group-49DBFAF0A810: The snapshot info is null. Setting the last applied indexto:(t:0, i:~)
2019-09-25 04:51:53,164 [pool-77-thread-1] INFO  server.RaftServerConfigKeys (ConfUtils.java:logGet(43)) - raft.server.notification.no-leader.timeout = 120s (custom)
2019-09-25 04:51:53,165 [pool-77-thread-1] INFO  server.RaftServerConfigKeys (ConfUtils.java:logGet(43)) - raft.server.log.use.memory = false (default)
2019-09-25 04:51:53,165 [pool-77-thread-1] INFO  server.RaftServerConfigKeys (ConfUtils.java:logGet(43)) - raft.server.log.purge.gap = 1000000 (custom)
2019-09-25 04:51:53,165 [pool-77-thread-1] INFO  server.RaftServerConfigKeys (ConfUtils.java:logGet(43)) - raft.server.log.appender.buffer.byte-limit = 33554432 (custom)
2019-09-25 04:51:53,165 [pool-77-thread-1] INFO  server.RaftServerConfigKeys (ConfUtils.java:logGet(43)) - raft.server.log.segment.size.max = 1048576 (custom)
2019-09-25 04:51:53,166 [pool-77-thread-1] INFO  server.RaftServerConfigKeys (ConfUtils.java:logGet(43)) - raft.server.log.segment.cache.num.max = 2 (custom)
2019-09-25 04:51:53,166 [pool-77-thread-1] INFO  segmented.SegmentedRaftLogWorker (SegmentedRaftLogWorker.java:<init>(172)) - new a47783cb-f32c-4b3c-a96f-229a7b607849@group-49DBFAF0A810-SegmentedRaftLogWorker for RaftStorage:Storage Directory /workdir/hadoop-ozone/integration-test/target/test-dir/MiniOzoneClusterImpl-ee606598-1675-4e02-b706-4bffbdc3363b/datanode-5/data/ratis/f0c57e80-0fb8-4ef4-9fa7-49dbfaf0a810
2019-09-25 04:51:53,166 [pool-77-thread-1] INFO  server.RaftServerConfigKeys (ConfUtils.java:logGet(43)) - raft.server.log.queue.byte-limit = 2147483647 (custom)
2019-09-25 04:51:53,166 [pool-77-thread-1] INFO  server.RaftServerConfigKeys (ConfUtils.java:logGet(43)) - raft.server.log.queue.element-limit = 1024 (custom)
2019-09-25 04:51:53,166 [pool-77-thread-1] INFO  server.RaftServerConfigKeys (ConfUtils.java:logGet(43)) - raft.server.log.segment.size.max = 1048576 (custom)
2019-09-25 04:51:53,166 [pool-77-thread-1] INFO  server.RaftServerConfigKeys (ConfUtils.java:logGet(43)) - raft.server.log.preallocated.size = 16384 (custom)
2019-09-25 04:51:53,167 [pool-77-thread-1] INFO  server.RaftServerConfigKeys (ConfUtils.java:logGet(43)) - raft.server.log.write.buffer.size = 33554432 (custom)
2019-09-25 04:51:53,167 [pool-77-thread-1] INFO  server.RaftServerConfigKeys (ConfUtils.java:logGet(43)) - raft.server.log.force.sync.num = 128 (default)
2019-09-25 04:51:53,167 [pool-77-thread-1] INFO  server.RaftServerConfigKeys (ConfUtils.java:logGet(43)) - raft.server.log.statemachine.data.sync = true (default)
2019-09-25 04:51:53,167 [pool-77-thread-1] INFO  server.RaftServerConfigKeys (ConfUtils.java:logGet(43)) - raft.server.log.statemachine.data.sync.timeout = 10s (default)
2019-09-25 04:51:53,167 [pool-77-thread-1] INFO  server.RaftServerConfigKeys (ConfUtils.java:logGet(43)) - raft.server.log.statemachine.data.sync.timeout.retry = -1 (default)
2019-09-25 04:51:53,168 [pool-77-thread-1] INFO  server.RaftServerConfigKeys (ConfUtils.java:logGet(43)) - raft.server.log.statemachine.data.caching.enabled = true (custom)
2019-09-25 04:51:53,168 [pool-77-thread-1] INFO  segmented.SegmentedRaftLogWorker (SegmentedRaftLogWorker.java:lambda$new$0(132)) - a47783cb-f32c-4b3c-a96f-229a7b607849@group-49DBFAF0A810-SegmentedRaftLogWorker: flushIndex: setUnconditionally 0 -> -1
2019-09-25 04:51:53,168 [pool-77-thread-1] INFO  server.RaftServerConfigKeys (ConfUtils.java:logGet(43)) - raft.server.snapshot.auto.trigger.enabled = true (custom)
2019-09-25 04:51:53,169 [pool-77-thread-1] INFO  server.RaftServerConfigKeys (ConfUtils.java:logGet(43)) - raft.server.snapshot.auto.trigger.threshold = 10000 (custom)
2019-09-25 04:51:53,169 [pool-77-thread-1] INFO  server.RaftServerConfigKeys (ConfUtils.java:logGet(43)) - raft.server.snapshot.retention.num.files = 5 (custom)
2019-09-25 04:51:53,169 [pool-77-thread-1] INFO  server.RaftServerConfigKeys (ConfUtils.java:logGet(43)) - raft.server.retrycache.expirytime = 600000ms (custom)
2019-09-25 04:51:53,429 [pool-77-thread-1] INFO  impl.RaftServerImpl (RaftServerImpl.java:start(185)) - a47783cb-f32c-4b3c-a96f-229a7b607849@group-49DBFAF0A810: start as a follower, conf=-1: [a47783cb-f32c-4b3c-a96f-229a7b607849:192.168.164.207:45684], old=null
2019-09-25 04:51:53,429 [pool-77-thread-1] INFO  impl.RaftServerImpl (RaftServerImpl.java:setRole(174)) - a47783cb-f32c-4b3c-a96f-229a7b607849@group-49DBFAF0A810: changes role from      null to FOLLOWER at term 0 for startAsFollower
2019-09-25 04:51:53,429 [pool-77-thread-1] INFO  impl.RoleInfo (RoleInfo.java:updateAndGet(143)) - a47783cb-f32c-4b3c-a96f-229a7b607849: start FollowerState
2019-09-25 04:51:53,430 [pool-77-thread-1] INFO  util.JmxRegister (JmxRegister.java:tryRegister(44)) - Successfully registered JMX Bean with object name Ratis:service=RaftServer,group=group-49DBFAF0A810,id=a47783cb-f32c-4b3c-a96f-229a7b607849
2019-09-25 04:51:53,436 [RatisPipelineUtilsThread] INFO  pipeline.PipelineStateManager (PipelineStateManager.java:addPipeline(56)) - Created pipeline Pipeline[ Id: f0c57e80-0fb8-4ef4-9fa7-49dbfaf0a810, Nodes: a47783cb-f32c-4b3c-a96f-229a7b607849{ip: 192.168.164.207, host: pr-hdds-1569-s44lr-3492059363, networkLocation: /default-rack, certSerialId: null}, Type:RATIS, Factor:ONE, State:OPEN]
2019-09-25 04:51:53,436 [RatisPipelineUtilsThread] INFO  pipeline.PipelinePlacementPolicy (PipelinePlacementPolicy.java:meetCriteria(91)) - Pipeline Placement: can't place more pipeline on heavy datanode： 38f9cd64-a54c-4b19-ac87-5788454c2084 Heaviness: 6 limit: 5
2019-09-25 04:51:53,448 [grpc-default-executor-1] INFO  impl.RaftServerProxy (RaftServerProxy.java:addNew(89)) - 38e0221b-1a06-473d-b1e9-41261cc0c838: addNew group-01C70403FFE9:[38e0221b-1a06-473d-b1e9-41261cc0c838:192.168.164.207:35429] returns group-01C70403FFE9:java.util.concurrent.CompletableFuture@59f4fbe5[Not completed]
2019-09-25 04:51:53,450 [pool-87-thread-1] INFO  impl.RaftServerImpl (RaftServerImpl.java:<init>(95)) - 38e0221b-1a06-473d-b1e9-41261cc0c838: new RaftServerImpl for group-01C70403FFE9:[38e0221b-1a06-473d-b1e9-41261cc0c838:192.168.164.207:35429] with ContainerStateMachine:uninitialized
2019-09-25 04:51:53,450 [pool-87-thread-1] INFO  server.RaftServerConfigKeys (ConfUtils.java:logGet(43)) - raft.server.rpc.timeout.min = 5s (custom)
2019-09-25 04:51:53,450 [pool-87-thread-1] INFO  server.RaftServerConfigKeys (ConfUtils.java:logGet(43)) - raft.server.rpc.timeout.max = 5200ms (custom)
2019-09-25 04:51:53,451 [pool-87-thread-1] INFO  server.RaftServerConfigKeys (ConfUtils.java:logGet(43)) - raft.server.rpcslowness.timeout = 120s (custom)
2019-09-25 04:51:53,451 [pool-87-thread-1] INFO  server.RaftServerConfigKeys (ConfUtils.java:logGet(43)) - raft.server.sleep.deviation.threshold = 300 (default)
2019-09-25 04:51:53,451 [pool-87-thread-1] INFO  server.RaftServerConfigKeys (ConfUtils.java:logGet(43)) - raft.server.log.appender.install.snapshot.enabled = false (custom)
2019-09-25 04:51:53,451 [pool-87-thread-1] INFO  impl.RaftServerImpl (ServerState.java:<init>(103)) - 38e0221b-1a06-473d-b1e9-41261cc0c838@group-01C70403FFE9: ConfigurationManager, init=-1: [38e0221b-1a06-473d-b1e9-41261cc0c838:192.168.164.207:35429], old=null, confs=<EMPTY_MAP>
2019-09-25 04:51:53,452 [pool-87-thread-1] INFO  server.RaftServerConfigKeys (ConfUtils.java:logGet(43)) - raft.server.storage.dir = [/workdir/hadoop-ozone/integration-test/target/test-dir/MiniOzoneClusterImpl-ee606598-1675-4e02-b706-4bffbdc3363b/datanode-6/data/ratis] (custom)
2019-09-25 04:51:53,452 [pool-87-thread-1] INFO  storage.RaftStorageDirectory (RaftStorageDirectory.java:analyzeStorage(246)) - The storage directory /workdir/hadoop-ozone/integration-test/target/test-dir/MiniOzoneClusterImpl-ee606598-1675-4e02-b706-4bffbdc3363b/datanode-6/data/ratis/84a4fd42-e52a-4491-94ef-01c70403ffe9 does not exist. Creating ...
2019-09-25 04:51:53,478 [pool-87-thread-1] INFO  storage.RaftStorageDirectory (RaftStorageDirectory.java:tryLock(328)) - Lock on /workdir/hadoop-ozone/integration-test/target/test-dir/MiniOzoneClusterImpl-ee606598-1675-4e02-b706-4bffbdc3363b/datanode-6/data/ratis/84a4fd42-e52a-4491-94ef-01c70403ffe9/in_use.lock acquired by nodename 13544@pr-hdds-1569-s44lr-3492059363
2019-09-25 04:51:53,491 [pool-87-thread-1] INFO  storage.RaftStorage (RaftStorage.java:format(72)) - Storage directory /workdir/hadoop-ozone/integration-test/target/test-dir/MiniOzoneClusterImpl-ee606598-1675-4e02-b706-4bffbdc3363b/datanode-6/data/ratis/84a4fd42-e52a-4491-94ef-01c70403ffe9 has been successfully formatted.
2019-09-25 04:51:53,492 [pool-87-thread-1] INFO  ratis.ContainerStateMachine (ContainerStateMachine.java:loadSnapshot(230)) - group-01C70403FFE9: The snapshot info is null. Setting the last applied indexto:(t:0, i:~)
2019-09-25 04:51:53,492 [pool-87-thread-1] INFO  server.RaftServerConfigKeys (ConfUtils.java:logGet(43)) - raft.server.notification.no-leader.timeout = 120s (custom)
2019-09-25 04:51:53,492 [pool-87-thread-1] INFO  server.RaftServerConfigKeys (ConfUtils.java:logGet(43)) - raft.server.log.use.memory = false (default)
2019-09-25 04:51:53,492 [pool-87-thread-1] INFO  server.RaftServerConfigKeys (ConfUtils.java:logGet(43)) - raft.server.log.purge.gap = 1000000 (custom)
2019-09-25 04:51:53,492 [pool-87-thread-1] INFO  server.RaftServerConfigKeys (ConfUtils.java:logGet(43)) - raft.server.log.appender.buffer.byte-limit = 33554432 (custom)
2019-09-25 04:51:53,493 [pool-87-thread-1] INFO  server.RaftServerConfigKeys (ConfUtils.java:logGet(43)) - raft.server.log.segment.size.max = 1048576 (custom)
2019-09-25 04:51:53,493 [pool-87-thread-1] INFO  server.RaftServerConfigKeys (ConfUtils.java:logGet(43)) - raft.server.log.segment.cache.num.max = 2 (custom)
2019-09-25 04:51:53,493 [pool-87-thread-1] INFO  segmented.SegmentedRaftLogWorker (SegmentedRaftLogWorker.java:<init>(172)) - new 38e0221b-1a06-473d-b1e9-41261cc0c838@group-01C70403FFE9-SegmentedRaftLogWorker for RaftStorage:Storage Directory /workdir/hadoop-ozone/integration-test/target/test-dir/MiniOzoneClusterImpl-ee606598-1675-4e02-b706-4bffbdc3363b/datanode-6/data/ratis/84a4fd42-e52a-4491-94ef-01c70403ffe9
2019-09-25 04:51:53,493 [pool-87-thread-1] INFO  server.RaftServerConfigKeys (ConfUtils.java:logGet(43)) - raft.server.log.queue.byte-limit = 2147483647 (custom)
2019-09-25 04:51:53,493 [pool-87-thread-1] INFO  server.RaftServerConfigKeys (ConfUtils.java:logGet(43)) - raft.server.log.queue.element-limit = 1024 (custom)
2019-09-25 04:51:53,493 [pool-87-thread-1] INFO  server.RaftServerConfigKeys (ConfUtils.java:logGet(43)) - raft.server.log.segment.size.max = 1048576 (custom)
2019-09-25 04:51:53,494 [pool-87-thread-1] INFO  server.RaftServerConfigKeys (ConfUtils.java:logGet(43)) - raft.server.log.preallocated.size = 16384 (custom)
2019-09-25 04:51:53,494 [pool-87-thread-1] INFO  server.RaftServerConfigKeys (ConfUtils.java:logGet(43)) - raft.server.log.write.buffer.size = 33554432 (custom)
2019-09-25 04:51:53,494 [pool-87-thread-1] INFO  server.RaftServerConfigKeys (ConfUtils.java:logGet(43)) - raft.server.log.force.sync.num = 128 (default)
2019-09-25 04:51:53,494 [pool-87-thread-1] INFO  server.RaftServerConfigKeys (ConfUtils.java:logGet(43)) - raft.server.log.statemachine.data.sync = true (default)
2019-09-25 04:51:53,494 [pool-87-thread-1] INFO  server.RaftServerConfigKeys (ConfUtils.java:logGet(43)) - raft.server.log.statemachine.data.sync.timeout = 10s (default)
2019-09-25 04:51:53,495 [pool-87-thread-1] INFO  server.RaftServerConfigKeys (ConfUtils.java:logGet(43)) - raft.server.log.statemachine.data.sync.timeout.retry = -1 (default)
2019-09-25 04:51:53,495 [pool-87-thread-1] INFO  server.RaftServerConfigKeys (ConfUtils.java:logGet(43)) - raft.server.log.statemachine.data.caching.enabled = true (custom)
2019-09-25 04:51:53,495 [pool-87-thread-1] INFO  segmented.SegmentedRaftLogWorker (SegmentedRaftLogWorker.java:lambda$new$0(132)) - 38e0221b-1a06-473d-b1e9-41261cc0c838@group-01C70403FFE9-SegmentedRaftLogWorker: flushIndex: setUnconditionally 0 -> -1
2019-09-25 04:51:53,495 [pool-87-thread-1] INFO  server.RaftServerConfigKeys (ConfUtils.java:logGet(43)) - raft.server.snapshot.auto.trigger.enabled = true (custom)
2019-09-25 04:51:53,496 [pool-87-thread-1] INFO  server.RaftServerConfigKeys (ConfUtils.java:logGet(43)) - raft.server.snapshot.auto.trigger.threshold = 10000 (custom)
2019-09-25 04:51:53,496 [pool-87-thread-1] INFO  server.RaftServerConfigKeys (ConfUtils.java:logGet(43)) - raft.server.snapshot.retention.num.files = 5 (custom)
2019-09-25 04:51:53,496 [pool-87-thread-1] INFO  server.RaftServerConfigKeys (ConfUtils.java:logGet(43)) - raft.server.retrycache.expirytime = 600000ms (custom)
2019-09-25 04:51:53,500 [pool-87-thread-1] INFO  impl.RaftServerImpl (RaftServerImpl.java:start(185)) - 38e0221b-1a06-473d-b1e9-41261cc0c838@group-01C70403FFE9: start as a follower, conf=-1: [38e0221b-1a06-473d-b1e9-41261cc0c838:192.168.164.207:35429], old=null
2019-09-25 04:51:53,500 [pool-87-thread-1] INFO  impl.RaftServerImpl (RaftServerImpl.java:setRole(174)) - 38e0221b-1a06-473d-b1e9-41261cc0c838@group-01C70403FFE9: changes role from      null to FOLLOWER at term 0 for startAsFollower
2019-09-25 04:51:53,500 [pool-87-thread-1] INFO  impl.RoleInfo (RoleInfo.java:updateAndGet(143)) - 38e0221b-1a06-473d-b1e9-41261cc0c838: start FollowerState
2019-09-25 04:51:53,501 [pool-87-thread-1] INFO  util.JmxRegister (JmxRegister.java:tryRegister(44)) - Successfully registered JMX Bean with object name Ratis:service=RaftServer,group=group-01C70403FFE9,id=38e0221b-1a06-473d-b1e9-41261cc0c838
2019-09-25 04:51:53,507 [RatisPipelineUtilsThread] INFO  pipeline.PipelineStateManager (PipelineStateManager.java:addPipeline(56)) - Created pipeline Pipeline[ Id: 84a4fd42-e52a-4491-94ef-01c70403ffe9, Nodes: 38e0221b-1a06-473d-b1e9-41261cc0c838{ip: 192.168.164.207, host: pr-hdds-1569-s44lr-3492059363, networkLocation: /default-rack, certSerialId: null}, Type:RATIS, Factor:ONE, State:OPEN]
2019-09-25 04:51:53,507 [RatisPipelineUtilsThread] INFO  pipeline.PipelinePlacementPolicy (PipelinePlacementPolicy.java:meetCriteria(91)) - Pipeline Placement: can't place more pipeline on heavy datanode： 38f9cd64-a54c-4b19-ac87-5788454c2084 Heaviness: 6 limit: 5
2019-09-25 04:51:53,516 [grpc-default-executor-1] INFO  impl.RaftServerProxy (RaftServerProxy.java:addNew(89)) - 061f0142-df7f-4ee2-9f4c-60a73b1123be: addNew group-33B7800E8333:[061f0142-df7f-4ee2-9f4c-60a73b1123be:192.168.164.207:36055] returns group-33B7800E8333:java.util.concurrent.CompletableFuture@15d4c74f[Not completed]
2019-09-25 04:51:53,519 [pool-67-thread-1] INFO  impl.RaftServerImpl (RaftServerImpl.java:<init>(95)) - 061f0142-df7f-4ee2-9f4c-60a73b1123be: new RaftServerImpl for group-33B7800E8333:[061f0142-df7f-4ee2-9f4c-60a73b1123be:192.168.164.207:36055] with ContainerStateMachine:uninitialized
2019-09-25 04:51:53,519 [pool-67-thread-1] INFO  server.RaftServerConfigKeys (ConfUtils.java:logGet(43)) - raft.server.rpc.timeout.min = 5s (custom)
2019-09-25 04:51:53,519 [pool-67-thread-1] INFO  server.RaftServerConfigKeys (ConfUtils.java:logGet(43)) - raft.server.rpc.timeout.max = 5200ms (custom)
2019-09-25 04:51:53,519 [pool-67-thread-1] INFO  server.RaftServerConfigKeys (ConfUtils.java:logGet(43)) - raft.server.rpcslowness.timeout = 120s (custom)
2019-09-25 04:51:53,520 [pool-67-thread-1] INFO  server.RaftServerConfigKeys (ConfUtils.java:logGet(43)) - raft.server.sleep.deviation.threshold = 300 (default)
2019-09-25 04:51:53,520 [pool-67-thread-1] INFO  server.RaftServerConfigKeys (ConfUtils.java:logGet(43)) - raft.server.log.appender.install.snapshot.enabled = false (custom)
2019-09-25 04:51:53,520 [pool-67-thread-1] INFO  impl.RaftServerImpl (ServerState.java:<init>(103)) - 061f0142-df7f-4ee2-9f4c-60a73b1123be@group-33B7800E8333: ConfigurationManager, init=-1: [061f0142-df7f-4ee2-9f4c-60a73b1123be:192.168.164.207:36055], old=null, confs=<EMPTY_MAP>
2019-09-25 04:51:53,520 [pool-67-thread-1] INFO  server.RaftServerConfigKeys (ConfUtils.java:logGet(43)) - raft.server.storage.dir = [/workdir/hadoop-ozone/integration-test/target/test-dir/MiniOzoneClusterImpl-ee606598-1675-4e02-b706-4bffbdc3363b/datanode-4/data/ratis] (custom)
2019-09-25 04:51:53,521 [pool-67-thread-1] INFO  storage.RaftStorageDirectory (RaftStorageDirectory.java:analyzeStorage(246)) - The storage directory /workdir/hadoop-ozone/integration-test/target/test-dir/MiniOzoneClusterImpl-ee606598-1675-4e02-b706-4bffbdc3363b/datanode-4/data/ratis/971bc619-1b54-490c-953d-33b7800e8333 does not exist. Creating ...
2019-09-25 04:51:53,534 [pool-67-thread-1] INFO  storage.RaftStorageDirectory (RaftStorageDirectory.java:tryLock(328)) - Lock on /workdir/hadoop-ozone/integration-test/target/test-dir/MiniOzoneClusterImpl-ee606598-1675-4e02-b706-4bffbdc3363b/datanode-4/data/ratis/971bc619-1b54-490c-953d-33b7800e8333/in_use.lock acquired by nodename 13544@pr-hdds-1569-s44lr-3492059363
2019-09-25 04:51:53,546 [pool-67-thread-1] INFO  storage.RaftStorage (RaftStorage.java:format(72)) - Storage directory /workdir/hadoop-ozone/integration-test/target/test-dir/MiniOzoneClusterImpl-ee606598-1675-4e02-b706-4bffbdc3363b/datanode-4/data/ratis/971bc619-1b54-490c-953d-33b7800e8333 has been successfully formatted.
2019-09-25 04:51:53,547 [pool-67-thread-1] INFO  ratis.ContainerStateMachine (ContainerStateMachine.java:loadSnapshot(230)) - group-33B7800E8333: The snapshot info is null. Setting the last applied indexto:(t:0, i:~)
2019-09-25 04:51:53,547 [pool-67-thread-1] INFO  server.RaftServerConfigKeys (ConfUtils.java:logGet(43)) - raft.server.notification.no-leader.timeout = 120s (custom)
2019-09-25 04:51:53,547 [pool-67-thread-1] INFO  server.RaftServerConfigKeys (ConfUtils.java:logGet(43)) - raft.server.log.use.memory = false (default)
2019-09-25 04:51:53,547 [pool-67-thread-1] INFO  server.RaftServerConfigKeys (ConfUtils.java:logGet(43)) - raft.server.log.purge.gap = 1000000 (custom)
2019-09-25 04:51:53,547 [pool-67-thread-1] INFO  server.RaftServerConfigKeys (ConfUtils.java:logGet(43)) - raft.server.log.appender.buffer.byte-limit = 33554432 (custom)
2019-09-25 04:51:53,548 [pool-67-thread-1] INFO  server.RaftServerConfigKeys (ConfUtils.java:logGet(43)) - raft.server.log.segment.size.max = 1048576 (custom)
2019-09-25 04:51:53,548 [pool-67-thread-1] INFO  server.RaftServerConfigKeys (ConfUtils.java:logGet(43)) - raft.server.log.segment.cache.num.max = 2 (custom)
2019-09-25 04:51:53,548 [pool-67-thread-1] INFO  segmented.SegmentedRaftLogWorker (SegmentedRaftLogWorker.java:<init>(172)) - new 061f0142-df7f-4ee2-9f4c-60a73b1123be@group-33B7800E8333-SegmentedRaftLogWorker for RaftStorage:Storage Directory /workdir/hadoop-ozone/integration-test/target/test-dir/MiniOzoneClusterImpl-ee606598-1675-4e02-b706-4bffbdc3363b/datanode-4/data/ratis/971bc619-1b54-490c-953d-33b7800e8333
2019-09-25 04:51:53,548 [pool-67-thread-1] INFO  server.RaftServerConfigKeys (ConfUtils.java:logGet(43)) - raft.server.log.queue.byte-limit = 2147483647 (custom)
2019-09-25 04:51:53,548 [pool-67-thread-1] INFO  server.RaftServerConfigKeys (ConfUtils.java:logGet(43)) - raft.server.log.queue.element-limit = 1024 (custom)
2019-09-25 04:51:53,548 [pool-67-thread-1] INFO  server.RaftServerConfigKeys (ConfUtils.java:logGet(43)) - raft.server.log.segment.size.max = 1048576 (custom)
2019-09-25 04:51:53,548 [pool-67-thread-1] INFO  server.RaftServerConfigKeys (ConfUtils.java:logGet(43)) - raft.server.log.preallocated.size = 16384 (custom)
2019-09-25 04:51:53,549 [pool-67-thread-1] INFO  server.RaftServerConfigKeys (ConfUtils.java:logGet(43)) - raft.server.log.write.buffer.size = 33554432 (custom)
2019-09-25 04:51:53,549 [pool-67-thread-1] INFO  server.RaftServerConfigKeys (ConfUtils.java:logGet(43)) - raft.server.log.force.sync.num = 128 (default)
2019-09-25 04:51:53,549 [pool-67-thread-1] INFO  server.RaftServerConfigKeys (ConfUtils.java:logGet(43)) - raft.server.log.statemachine.data.sync = true (default)
2019-09-25 04:51:53,549 [pool-67-thread-1] INFO  server.RaftServerConfigKeys (ConfUtils.java:logGet(43)) - raft.server.log.statemachine.data.sync.timeout = 10s (default)
2019-09-25 04:51:53,549 [pool-67-thread-1] INFO  server.RaftServerConfigKeys (ConfUtils.java:logGet(43)) - raft.server.log.statemachine.data.sync.timeout.retry = -1 (default)
2019-09-25 04:51:53,549 [pool-67-thread-1] INFO  server.RaftServerConfigKeys (ConfUtils.java:logGet(43)) - raft.server.log.statemachine.data.caching.enabled = true (custom)
2019-09-25 04:51:53,550 [pool-67-thread-1] INFO  segmented.SegmentedRaftLogWorker (SegmentedRaftLogWorker.java:lambda$new$0(132)) - 061f0142-df7f-4ee2-9f4c-60a73b1123be@group-33B7800E8333-SegmentedRaftLogWorker: flushIndex: setUnconditionally 0 -> -1
2019-09-25 04:51:53,550 [pool-67-thread-1] INFO  server.RaftServerConfigKeys (ConfUtils.java:logGet(43)) - raft.server.snapshot.auto.trigger.enabled = true (custom)
2019-09-25 04:51:53,550 [pool-67-thread-1] INFO  server.RaftServerConfigKeys (ConfUtils.java:logGet(43)) - raft.server.snapshot.auto.trigger.threshold = 10000 (custom)
2019-09-25 04:51:53,550 [pool-67-thread-1] INFO  server.RaftServerConfigKeys (ConfUtils.java:logGet(43)) - raft.server.snapshot.retention.num.files = 5 (custom)
2019-09-25 04:51:53,550 [pool-67-thread-1] INFO  server.RaftServerConfigKeys (ConfUtils.java:logGet(43)) - raft.server.retrycache.expirytime = 600000ms (custom)
2019-09-25 04:51:53,553 [pool-67-thread-1] INFO  impl.RaftServerImpl (RaftServerImpl.java:start(185)) - 061f0142-df7f-4ee2-9f4c-60a73b1123be@group-33B7800E8333: start as a follower, conf=-1: [061f0142-df7f-4ee2-9f4c-60a73b1123be:192.168.164.207:36055], old=null
2019-09-25 04:51:53,553 [pool-67-thread-1] INFO  impl.RaftServerImpl (RaftServerImpl.java:setRole(174)) - 061f0142-df7f-4ee2-9f4c-60a73b1123be@group-33B7800E8333: changes role from      null to FOLLOWER at term 0 for startAsFollower
2019-09-25 04:51:53,554 [pool-67-thread-1] INFO  impl.RoleInfo (RoleInfo.java:updateAndGet(143)) - 061f0142-df7f-4ee2-9f4c-60a73b1123be: start FollowerState
2019-09-25 04:51:53,554 [pool-67-thread-1] INFO  util.JmxRegister (JmxRegister.java:tryRegister(44)) - Successfully registered JMX Bean with object name Ratis:service=RaftServer,group=group-33B7800E8333,id=061f0142-df7f-4ee2-9f4c-60a73b1123be
2019-09-25 04:51:53,560 [RatisPipelineUtilsThread] INFO  pipeline.PipelineStateManager (PipelineStateManager.java:addPipeline(56)) - Created pipeline Pipeline[ Id: 971bc619-1b54-490c-953d-33b7800e8333, Nodes: 061f0142-df7f-4ee2-9f4c-60a73b1123be{ip: 192.168.164.207, host: pr-hdds-1569-s44lr-3492059363, networkLocation: /default-rack, certSerialId: null}, Type:RATIS, Factor:ONE, State:OPEN]
2019-09-25 04:51:53,560 [RatisPipelineUtilsThread] INFO  pipeline.PipelinePlacementPolicy (PipelinePlacementPolicy.java:meetCriteria(91)) - Pipeline Placement: can't place more pipeline on heavy datanode： 38f9cd64-a54c-4b19-ac87-5788454c2084 Heaviness: 6 limit: 5
2019-09-25 04:51:53,570 [grpc-default-executor-1] INFO  impl.RaftServerProxy (RaftServerProxy.java:addNew(89)) - 5ef12726-03f2-4870-a114-ed0a439e18ee: addNew group-1BD9BC1AB0D5:[5ef12726-03f2-4870-a114-ed0a439e18ee:192.168.164.207:40177] returns group-1BD9BC1AB0D5:java.util.concurrent.CompletableFuture@784e27f1[Not completed]
2019-09-25 04:51:53,572 [pool-47-thread-1] INFO  impl.RaftServerImpl (RaftServerImpl.java:<init>(95)) - 5ef12726-03f2-4870-a114-ed0a439e18ee: new RaftServerImpl for group-1BD9BC1AB0D5:[5ef12726-03f2-4870-a114-ed0a439e18ee:192.168.164.207:40177] with ContainerStateMachine:uninitialized
2019-09-25 04:51:53,572 [pool-47-thread-1] INFO  server.RaftServerConfigKeys (ConfUtils.java:logGet(43)) - raft.server.rpc.timeout.min = 5s (custom)
2019-09-25 04:51:53,572 [pool-47-thread-1] INFO  server.RaftServerConfigKeys (ConfUtils.java:logGet(43)) - raft.server.rpc.timeout.max = 5200ms (custom)
2019-09-25 04:51:53,572 [pool-47-thread-1] INFO  server.RaftServerConfigKeys (ConfUtils.java:logGet(43)) - raft.server.rpcslowness.timeout = 120s (custom)
2019-09-25 04:51:53,572 [pool-47-thread-1] INFO  server.RaftServerConfigKeys (ConfUtils.java:logGet(43)) - raft.server.sleep.deviation.threshold = 300 (default)
2019-09-25 04:51:53,572 [pool-47-thread-1] INFO  server.RaftServerConfigKeys (ConfUtils.java:logGet(43)) - raft.server.log.appender.install.snapshot.enabled = false (custom)
2019-09-25 04:51:53,573 [pool-47-thread-1] INFO  impl.RaftServerImpl (ServerState.java:<init>(103)) - 5ef12726-03f2-4870-a114-ed0a439e18ee@group-1BD9BC1AB0D5: ConfigurationManager, init=-1: [5ef12726-03f2-4870-a114-ed0a439e18ee:192.168.164.207:40177], old=null, confs=<EMPTY_MAP>
2019-09-25 04:51:53,573 [pool-47-thread-1] INFO  server.RaftServerConfigKeys (ConfUtils.java:logGet(43)) - raft.server.storage.dir = [/workdir/hadoop-ozone/integration-test/target/test-dir/MiniOzoneClusterImpl-ee606598-1675-4e02-b706-4bffbdc3363b/datanode-2/data/ratis] (custom)
2019-09-25 04:51:53,573 [pool-47-thread-1] INFO  storage.RaftStorageDirectory (RaftStorageDirectory.java:analyzeStorage(246)) - The storage directory /workdir/hadoop-ozone/integration-test/target/test-dir/MiniOzoneClusterImpl-ee606598-1675-4e02-b706-4bffbdc3363b/datanode-2/data/ratis/b0714d8b-ff4d-4b59-bdb7-1bd9bc1ab0d5 does not exist. Creating ...
2019-09-25 04:51:53,586 [pool-47-thread-1] INFO  storage.RaftStorageDirectory (RaftStorageDirectory.java:tryLock(328)) - Lock on /workdir/hadoop-ozone/integration-test/target/test-dir/MiniOzoneClusterImpl-ee606598-1675-4e02-b706-4bffbdc3363b/datanode-2/data/ratis/b0714d8b-ff4d-4b59-bdb7-1bd9bc1ab0d5/in_use.lock acquired by nodename 13544@pr-hdds-1569-s44lr-3492059363
2019-09-25 04:51:53,599 [pool-47-thread-1] INFO  storage.RaftStorage (RaftStorage.java:format(72)) - Storage directory /workdir/hadoop-ozone/integration-test/target/test-dir/MiniOzoneClusterImpl-ee606598-1675-4e02-b706-4bffbdc3363b/datanode-2/data/ratis/b0714d8b-ff4d-4b59-bdb7-1bd9bc1ab0d5 has been successfully formatted.
2019-09-25 04:51:53,599 [pool-47-thread-1] INFO  ratis.ContainerStateMachine (ContainerStateMachine.java:loadSnapshot(230)) - group-1BD9BC1AB0D5: The snapshot info is null. Setting the last applied indexto:(t:0, i:~)
2019-09-25 04:51:53,599 [pool-47-thread-1] INFO  server.RaftServerConfigKeys (ConfUtils.java:logGet(43)) - raft.server.notification.no-leader.timeout = 120s (custom)
2019-09-25 04:51:53,600 [pool-47-thread-1] INFO  server.RaftServerConfigKeys (ConfUtils.java:logGet(43)) - raft.server.log.use.memory = false (default)
2019-09-25 04:51:53,600 [pool-47-thread-1] INFO  server.RaftServerConfigKeys (ConfUtils.java:logGet(43)) - raft.server.log.purge.gap = 1000000 (custom)
2019-09-25 04:51:53,600 [pool-47-thread-1] INFO  server.RaftServerConfigKeys (ConfUtils.java:logGet(43)) - raft.server.log.appender.buffer.byte-limit = 33554432 (custom)
2019-09-25 04:51:53,600 [pool-47-thread-1] INFO  server.RaftServerConfigKeys (ConfUtils.java:logGet(43)) - raft.server.log.segment.size.max = 1048576 (custom)
2019-09-25 04:51:53,600 [pool-47-thread-1] INFO  server.RaftServerConfigKeys (ConfUtils.java:logGet(43)) - raft.server.log.segment.cache.num.max = 2 (custom)
2019-09-25 04:51:53,600 [pool-47-thread-1] INFO  segmented.SegmentedRaftLogWorker (SegmentedRaftLogWorker.java:<init>(172)) - new 5ef12726-03f2-4870-a114-ed0a439e18ee@group-1BD9BC1AB0D5-SegmentedRaftLogWorker for RaftStorage:Storage Directory /workdir/hadoop-ozone/integration-test/target/test-dir/MiniOzoneClusterImpl-ee606598-1675-4e02-b706-4bffbdc3363b/datanode-2/data/ratis/b0714d8b-ff4d-4b59-bdb7-1bd9bc1ab0d5
2019-09-25 04:51:53,601 [pool-47-thread-1] INFO  server.RaftServerConfigKeys (ConfUtils.java:logGet(43)) - raft.server.log.queue.byte-limit = 2147483647 (custom)
2019-09-25 04:51:53,601 [pool-47-thread-1] INFO  server.RaftServerConfigKeys (ConfUtils.java:logGet(43)) - raft.server.log.queue.element-limit = 1024 (custom)
2019-09-25 04:51:53,601 [pool-47-thread-1] INFO  server.RaftServerConfigKeys (ConfUtils.java:logGet(43)) - raft.server.log.segment.size.max = 1048576 (custom)
2019-09-25 04:51:53,601 [pool-47-thread-1] INFO  server.RaftServerConfigKeys (ConfUtils.java:logGet(43)) - raft.server.log.preallocated.size = 16384 (custom)
2019-09-25 04:51:53,601 [pool-47-thread-1] INFO  server.RaftServerConfigKeys (ConfUtils.java:logGet(43)) - raft.server.log.write.buffer.size = 33554432 (custom)
2019-09-25 04:51:53,601 [pool-47-thread-1] INFO  server.RaftServerConfigKeys (ConfUtils.java:logGet(43)) - raft.server.log.force.sync.num = 128 (default)
2019-09-25 04:51:53,601 [pool-47-thread-1] INFO  server.RaftServerConfigKeys (ConfUtils.java:logGet(43)) - raft.server.log.statemachine.data.sync = true (default)
2019-09-25 04:51:53,602 [pool-47-thread-1] INFO  server.RaftServerConfigKeys (ConfUtils.java:logGet(43)) - raft.server.log.statemachine.data.sync.timeout = 10s (default)
2019-09-25 04:51:53,602 [pool-47-thread-1] INFO  server.RaftServerConfigKeys (ConfUtils.java:logGet(43)) - raft.server.log.statemachine.data.sync.timeout.retry = -1 (default)
2019-09-25 04:51:53,602 [pool-47-thread-1] INFO  server.RaftServerConfigKeys (ConfUtils.java:logGet(43)) - raft.server.log.statemachine.data.caching.enabled = true (custom)
2019-09-25 04:51:53,602 [pool-47-thread-1] INFO  segmented.SegmentedRaftLogWorker (SegmentedRaftLogWorker.java:lambda$new$0(132)) - 5ef12726-03f2-4870-a114-ed0a439e18ee@group-1BD9BC1AB0D5-SegmentedRaftLogWorker: flushIndex: setUnconditionally 0 -> -1
2019-09-25 04:51:53,603 [pool-47-thread-1] INFO  server.RaftServerConfigKeys (ConfUtils.java:logGet(43)) - raft.server.snapshot.auto.trigger.enabled = true (custom)
2019-09-25 04:51:53,603 [pool-47-thread-1] INFO  server.RaftServerConfigKeys (ConfUtils.java:logGet(43)) - raft.server.snapshot.auto.trigger.threshold = 10000 (custom)
2019-09-25 04:51:53,603 [pool-47-thread-1] INFO  server.RaftServerConfigKeys (ConfUtils.java:logGet(43)) - raft.server.snapshot.retention.num.files = 5 (custom)
2019-09-25 04:51:53,603 [pool-47-thread-1] INFO  server.RaftServerConfigKeys (ConfUtils.java:logGet(43)) - raft.server.retrycache.expirytime = 600000ms (custom)
2019-09-25 04:51:53,606 [pool-47-thread-1] INFO  impl.RaftServerImpl (RaftServerImpl.java:start(185)) - 5ef12726-03f2-4870-a114-ed0a439e18ee@group-1BD9BC1AB0D5: start as a follower, conf=-1: [5ef12726-03f2-4870-a114-ed0a439e18ee:192.168.164.207:40177], old=null
2019-09-25 04:51:53,606 [pool-47-thread-1] INFO  impl.RaftServerImpl (RaftServerImpl.java:setRole(174)) - 5ef12726-03f2-4870-a114-ed0a439e18ee@group-1BD9BC1AB0D5: changes role from      null to FOLLOWER at term 0 for startAsFollower
2019-09-25 04:51:53,606 [pool-47-thread-1] INFO  impl.RoleInfo (RoleInfo.java:updateAndGet(143)) - 5ef12726-03f2-4870-a114-ed0a439e18ee: start FollowerState
2019-09-25 04:51:53,606 [pool-47-thread-1] INFO  util.JmxRegister (JmxRegister.java:tryRegister(44)) - Successfully registered JMX Bean with object name Ratis:service=RaftServer,group=group-1BD9BC1AB0D5,id=5ef12726-03f2-4870-a114-ed0a439e18ee
2019-09-25 04:51:53,612 [RatisPipelineUtilsThread] INFO  pipeline.PipelineStateManager (PipelineStateManager.java:addPipeline(56)) - Created pipeline Pipeline[ Id: b0714d8b-ff4d-4b59-bdb7-1bd9bc1ab0d5, Nodes: 5ef12726-03f2-4870-a114-ed0a439e18ee{ip: 192.168.164.207, host: pr-hdds-1569-s44lr-3492059363, networkLocation: /default-rack, certSerialId: null}, Type:RATIS, Factor:ONE, State:OPEN]
2019-09-25 04:51:53,612 [RatisPipelineUtilsThread] INFO  pipeline.PipelinePlacementPolicy (PipelinePlacementPolicy.java:meetCriteria(91)) - Pipeline Placement: can't place more pipeline on heavy datanode： 5ef12726-03f2-4870-a114-ed0a439e18ee Heaviness: 6 limit: 5
2019-09-25 04:51:53,612 [RatisPipelineUtilsThread] INFO  pipeline.PipelinePlacementPolicy (PipelinePlacementPolicy.java:meetCriteria(91)) - Pipeline Placement: can't place more pipeline on heavy datanode： 38f9cd64-a54c-4b19-ac87-5788454c2084 Heaviness: 6 limit: 5
2019-09-25 04:51:53,624 [grpc-default-executor-1] INFO  impl.RaftServerProxy (RaftServerProxy.java:addNew(89)) - af197493-ce66-4de5-b7e9-f4e1a29b0c2a: addNew group-EFA2A2E6644E:[af197493-ce66-4de5-b7e9-f4e1a29b0c2a:192.168.164.207:32804] returns group-EFA2A2E6644E:java.util.concurrent.CompletableFuture@4c7e7fd1[Not completed]
2019-09-25 04:51:53,625 [pool-37-thread-1] INFO  impl.RaftServerImpl (RaftServerImpl.java:<init>(95)) - af197493-ce66-4de5-b7e9-f4e1a29b0c2a: new RaftServerImpl for group-EFA2A2E6644E:[af197493-ce66-4de5-b7e9-f4e1a29b0c2a:192.168.164.207:32804] with ContainerStateMachine:uninitialized
2019-09-25 04:51:53,625 [pool-37-thread-1] INFO  server.RaftServerConfigKeys (ConfUtils.java:logGet(43)) - raft.server.rpc.timeout.min = 5s (custom)
2019-09-25 04:51:53,625 [pool-37-thread-1] INFO  server.RaftServerConfigKeys (ConfUtils.java:logGet(43)) - raft.server.rpc.timeout.max = 5200ms (custom)
2019-09-25 04:51:53,625 [pool-37-thread-1] INFO  server.RaftServerConfigKeys (ConfUtils.java:logGet(43)) - raft.server.rpcslowness.timeout = 120s (custom)
2019-09-25 04:51:53,626 [pool-37-thread-1] INFO  server.RaftServerConfigKeys (ConfUtils.java:logGet(43)) - raft.server.sleep.deviation.threshold = 300 (default)
2019-09-25 04:51:53,626 [pool-37-thread-1] INFO  server.RaftServerConfigKeys (ConfUtils.java:logGet(43)) - raft.server.log.appender.install.snapshot.enabled = false (custom)
2019-09-25 04:51:53,626 [pool-37-thread-1] INFO  impl.RaftServerImpl (ServerState.java:<init>(103)) - af197493-ce66-4de5-b7e9-f4e1a29b0c2a@group-EFA2A2E6644E: ConfigurationManager, init=-1: [af197493-ce66-4de5-b7e9-f4e1a29b0c2a:192.168.164.207:32804], old=null, confs=<EMPTY_MAP>
2019-09-25 04:51:53,626 [pool-37-thread-1] INFO  server.RaftServerConfigKeys (ConfUtils.java:logGet(43)) - raft.server.storage.dir = [/workdir/hadoop-ozone/integration-test/target/test-dir/MiniOzoneClusterImpl-ee606598-1675-4e02-b706-4bffbdc3363b/datanode-1/data/ratis] (custom)
2019-09-25 04:51:53,626 [pool-37-thread-1] INFO  storage.RaftStorageDirectory (RaftStorageDirectory.java:analyzeStorage(246)) - The storage directory /workdir/hadoop-ozone/integration-test/target/test-dir/MiniOzoneClusterImpl-ee606598-1675-4e02-b706-4bffbdc3363b/datanode-1/data/ratis/e4da608b-68d4-4dd8-914a-efa2a2e6644e does not exist. Creating ...
2019-09-25 04:51:53,633 [pool-37-thread-1] INFO  storage.RaftStorageDirectory (RaftStorageDirectory.java:tryLock(328)) - Lock on /workdir/hadoop-ozone/integration-test/target/test-dir/MiniOzoneClusterImpl-ee606598-1675-4e02-b706-4bffbdc3363b/datanode-1/data/ratis/e4da608b-68d4-4dd8-914a-efa2a2e6644e/in_use.lock acquired by nodename 13544@pr-hdds-1569-s44lr-3492059363
2019-09-25 04:51:53,646 [pool-37-thread-1] INFO  storage.RaftStorage (RaftStorage.java:format(72)) - Storage directory /workdir/hadoop-ozone/integration-test/target/test-dir/MiniOzoneClusterImpl-ee606598-1675-4e02-b706-4bffbdc3363b/datanode-1/data/ratis/e4da608b-68d4-4dd8-914a-efa2a2e6644e has been successfully formatted.
2019-09-25 04:51:53,646 [pool-37-thread-1] INFO  ratis.ContainerStateMachine (ContainerStateMachine.java:loadSnapshot(230)) - group-EFA2A2E6644E: The snapshot info is null. Setting the last applied indexto:(t:0, i:~)
2019-09-25 04:51:53,646 [pool-37-thread-1] INFO  server.RaftServerConfigKeys (ConfUtils.java:logGet(43)) - raft.server.notification.no-leader.timeout = 120s (custom)
2019-09-25 04:51:53,646 [pool-37-thread-1] INFO  server.RaftServerConfigKeys (ConfUtils.java:logGet(43)) - raft.server.log.use.memory = false (default)
2019-09-25 04:51:53,646 [pool-37-thread-1] INFO  server.RaftServerConfigKeys (ConfUtils.java:logGet(43)) - raft.server.log.purge.gap = 1000000 (custom)
2019-09-25 04:51:53,647 [pool-37-thread-1] INFO  server.RaftServerConfigKeys (ConfUtils.java:logGet(43)) - raft.server.log.appender.buffer.byte-limit = 33554432 (custom)
2019-09-25 04:51:53,647 [pool-37-thread-1] INFO  server.RaftServerConfigKeys (ConfUtils.java:logGet(43)) - raft.server.log.segment.size.max = 1048576 (custom)
2019-09-25 04:51:53,647 [pool-37-thread-1] INFO  server.RaftServerConfigKeys (ConfUtils.java:logGet(43)) - raft.server.log.segment.cache.num.max = 2 (custom)
2019-09-25 04:51:53,647 [pool-37-thread-1] INFO  segmented.SegmentedRaftLogWorker (SegmentedRaftLogWorker.java:<init>(172)) - new af197493-ce66-4de5-b7e9-f4e1a29b0c2a@group-EFA2A2E6644E-SegmentedRaftLogWorker for RaftStorage:Storage Directory /workdir/hadoop-ozone/integration-test/target/test-dir/MiniOzoneClusterImpl-ee606598-1675-4e02-b706-4bffbdc3363b/datanode-1/data/ratis/e4da608b-68d4-4dd8-914a-efa2a2e6644e
2019-09-25 04:51:53,647 [pool-37-thread-1] INFO  server.RaftServerConfigKeys (ConfUtils.java:logGet(43)) - raft.server.log.queue.byte-limit = 2147483647 (custom)
2019-09-25 04:51:53,647 [pool-37-thread-1] INFO  server.RaftServerConfigKeys (ConfUtils.java:logGet(43)) - raft.server.log.queue.element-limit = 1024 (custom)
2019-09-25 04:51:53,647 [pool-37-thread-1] INFO  server.RaftServerConfigKeys (ConfUtils.java:logGet(43)) - raft.server.log.segment.size.max = 1048576 (custom)
2019-09-25 04:51:53,647 [pool-37-thread-1] INFO  server.RaftServerConfigKeys (ConfUtils.java:logGet(43)) - raft.server.log.preallocated.size = 16384 (custom)
2019-09-25 04:51:53,647 [pool-37-thread-1] INFO  server.RaftServerConfigKeys (ConfUtils.java:logGet(43)) - raft.server.log.write.buffer.size = 33554432 (custom)
2019-09-25 04:51:53,648 [pool-37-thread-1] INFO  server.RaftServerConfigKeys (ConfUtils.java:logGet(43)) - raft.server.log.force.sync.num = 128 (default)
2019-09-25 04:51:53,648 [pool-37-thread-1] INFO  server.RaftServerConfigKeys (ConfUtils.java:logGet(43)) - raft.server.log.statemachine.data.sync = true (default)
2019-09-25 04:51:53,648 [pool-37-thread-1] INFO  server.RaftServerConfigKeys (ConfUtils.java:logGet(43)) - raft.server.log.statemachine.data.sync.timeout = 10s (default)
2019-09-25 04:51:53,648 [pool-37-thread-1] INFO  server.RaftServerConfigKeys (ConfUtils.java:logGet(43)) - raft.server.log.statemachine.data.sync.timeout.retry = -1 (default)
2019-09-25 04:51:53,648 [pool-37-thread-1] INFO  server.RaftServerConfigKeys (ConfUtils.java:logGet(43)) - raft.server.log.statemachine.data.caching.enabled = true (custom)
2019-09-25 04:51:53,648 [pool-37-thread-1] INFO  segmented.SegmentedRaftLogWorker (SegmentedRaftLogWorker.java:lambda$new$0(132)) - af197493-ce66-4de5-b7e9-f4e1a29b0c2a@group-EFA2A2E6644E-SegmentedRaftLogWorker: flushIndex: setUnconditionally 0 -> -1
2019-09-25 04:51:53,649 [pool-37-thread-1] INFO  server.RaftServerConfigKeys (ConfUtils.java:logGet(43)) - raft.server.snapshot.auto.trigger.enabled = true (custom)
2019-09-25 04:51:53,649 [pool-37-thread-1] INFO  server.RaftServerConfigKeys (ConfUtils.java:logGet(43)) - raft.server.snapshot.auto.trigger.threshold = 10000 (custom)
2019-09-25 04:51:53,649 [pool-37-thread-1] INFO  server.RaftServerConfigKeys (ConfUtils.java:logGet(43)) - raft.server.snapshot.retention.num.files = 5 (custom)
2019-09-25 04:51:53,649 [pool-37-thread-1] INFO  server.RaftServerConfigKeys (ConfUtils.java:logGet(43)) - raft.server.retrycache.expirytime = 600000ms (custom)
2019-09-25 04:51:53,651 [pool-37-thread-1] INFO  impl.RaftServerImpl (RaftServerImpl.java:start(185)) - af197493-ce66-4de5-b7e9-f4e1a29b0c2a@group-EFA2A2E6644E: start as a follower, conf=-1: [af197493-ce66-4de5-b7e9-f4e1a29b0c2a:192.168.164.207:32804], old=null
2019-09-25 04:51:53,651 [pool-37-thread-1] INFO  impl.RaftServerImpl (RaftServerImpl.java:setRole(174)) - af197493-ce66-4de5-b7e9-f4e1a29b0c2a@group-EFA2A2E6644E: changes role from      null to FOLLOWER at term 0 for startAsFollower
2019-09-25 04:51:53,651 [pool-37-thread-1] INFO  impl.RoleInfo (RoleInfo.java:updateAndGet(143)) - af197493-ce66-4de5-b7e9-f4e1a29b0c2a: start FollowerState
2019-09-25 04:51:53,652 [pool-37-thread-1] INFO  util.JmxRegister (JmxRegister.java:tryRegister(44)) - Successfully registered JMX Bean with object name Ratis:service=RaftServer,group=group-EFA2A2E6644E,id=af197493-ce66-4de5-b7e9-f4e1a29b0c2a
2019-09-25 04:51:53,657 [RatisPipelineUtilsThread] INFO  pipeline.PipelineStateManager (PipelineStateManager.java:addPipeline(56)) - Created pipeline Pipeline[ Id: e4da608b-68d4-4dd8-914a-efa2a2e6644e, Nodes: af197493-ce66-4de5-b7e9-f4e1a29b0c2a{ip: 192.168.164.207, host: pr-hdds-1569-s44lr-3492059363, networkLocation: /default-rack, certSerialId: null}, Type:RATIS, Factor:ONE, State:OPEN]
2019-09-25 04:51:53,657 [RatisPipelineUtilsThread] INFO  pipeline.PipelinePlacementPolicy (PipelinePlacementPolicy.java:meetCriteria(91)) - Pipeline Placement: can't place more pipeline on heavy datanode： 5ef12726-03f2-4870-a114-ed0a439e18ee Heaviness: 6 limit: 5
2019-09-25 04:51:53,658 [RatisPipelineUtilsThread] INFO  pipeline.PipelinePlacementPolicy (PipelinePlacementPolicy.java:meetCriteria(91)) - Pipeline Placement: can't place more pipeline on heavy datanode： 38f9cd64-a54c-4b19-ac87-5788454c2084 Heaviness: 6 limit: 5
2019-09-25 04:51:53,667 [grpc-default-executor-1] INFO  impl.RaftServerProxy (RaftServerProxy.java:addNew(89)) - 38e0221b-1a06-473d-b1e9-41261cc0c838: addNew group-72021D0354CD:[38e0221b-1a06-473d-b1e9-41261cc0c838:192.168.164.207:35429] returns group-72021D0354CD:java.util.concurrent.CompletableFuture@1dbd26e3[Not completed]
2019-09-25 04:51:53,669 [pool-87-thread-1] INFO  impl.RaftServerImpl (RaftServerImpl.java:<init>(95)) - 38e0221b-1a06-473d-b1e9-41261cc0c838: new RaftServerImpl for group-72021D0354CD:[38e0221b-1a06-473d-b1e9-41261cc0c838:192.168.164.207:35429] with ContainerStateMachine:uninitialized
2019-09-25 04:51:53,669 [pool-87-thread-1] INFO  server.RaftServerConfigKeys (ConfUtils.java:logGet(43)) - raft.server.rpc.timeout.min = 5s (custom)
2019-09-25 04:51:53,669 [pool-87-thread-1] INFO  server.RaftServerConfigKeys (ConfUtils.java:logGet(43)) - raft.server.rpc.timeout.max = 5200ms (custom)
2019-09-25 04:51:53,669 [pool-87-thread-1] INFO  server.RaftServerConfigKeys (ConfUtils.java:logGet(43)) - raft.server.rpcslowness.timeout = 120s (custom)
2019-09-25 04:51:53,669 [pool-87-thread-1] INFO  server.RaftServerConfigKeys (ConfUtils.java:logGet(43)) - raft.server.sleep.deviation.threshold = 300 (default)
2019-09-25 04:51:53,669 [pool-87-thread-1] INFO  server.RaftServerConfigKeys (ConfUtils.java:logGet(43)) - raft.server.log.appender.install.snapshot.enabled = false (custom)
2019-09-25 04:51:53,670 [pool-87-thread-1] INFO  impl.RaftServerImpl (ServerState.java:<init>(103)) - 38e0221b-1a06-473d-b1e9-41261cc0c838@group-72021D0354CD: ConfigurationManager, init=-1: [38e0221b-1a06-473d-b1e9-41261cc0c838:192.168.164.207:35429], old=null, confs=<EMPTY_MAP>
2019-09-25 04:51:53,670 [pool-87-thread-1] INFO  server.RaftServerConfigKeys (ConfUtils.java:logGet(43)) - raft.server.storage.dir = [/workdir/hadoop-ozone/integration-test/target/test-dir/MiniOzoneClusterImpl-ee606598-1675-4e02-b706-4bffbdc3363b/datanode-6/data/ratis] (custom)
2019-09-25 04:51:53,670 [pool-87-thread-1] INFO  storage.RaftStorageDirectory (RaftStorageDirectory.java:analyzeStorage(246)) - The storage directory /workdir/hadoop-ozone/integration-test/target/test-dir/MiniOzoneClusterImpl-ee606598-1675-4e02-b706-4bffbdc3363b/datanode-6/data/ratis/26f4279f-3a56-493c-b796-72021d0354cd does not exist. Creating ...
2019-09-25 04:51:53,683 [pool-87-thread-1] INFO  storage.RaftStorageDirectory (RaftStorageDirectory.java:tryLock(328)) - Lock on /workdir/hadoop-ozone/integration-test/target/test-dir/MiniOzoneClusterImpl-ee606598-1675-4e02-b706-4bffbdc3363b/datanode-6/data/ratis/26f4279f-3a56-493c-b796-72021d0354cd/in_use.lock acquired by nodename 13544@pr-hdds-1569-s44lr-3492059363
2019-09-25 04:51:53,696 [pool-87-thread-1] INFO  storage.RaftStorage (RaftStorage.java:format(72)) - Storage directory /workdir/hadoop-ozone/integration-test/target/test-dir/MiniOzoneClusterImpl-ee606598-1675-4e02-b706-4bffbdc3363b/datanode-6/data/ratis/26f4279f-3a56-493c-b796-72021d0354cd has been successfully formatted.
2019-09-25 04:51:53,697 [pool-87-thread-1] INFO  ratis.ContainerStateMachine (ContainerStateMachine.java:loadSnapshot(230)) - group-72021D0354CD: The snapshot info is null. Setting the last applied indexto:(t:0, i:~)
2019-09-25 04:51:53,697 [pool-87-thread-1] INFO  server.RaftServerConfigKeys (ConfUtils.java:logGet(43)) - raft.server.notification.no-leader.timeout = 120s (custom)
2019-09-25 04:51:53,697 [pool-87-thread-1] INFO  server.RaftServerConfigKeys (ConfUtils.java:logGet(43)) - raft.server.log.use.memory = false (default)
2019-09-25 04:51:53,697 [pool-87-thread-1] INFO  server.RaftServerConfigKeys (ConfUtils.java:logGet(43)) - raft.server.log.purge.gap = 1000000 (custom)
2019-09-25 04:51:53,697 [pool-87-thread-1] INFO  server.RaftServerConfigKeys (ConfUtils.java:logGet(43)) - raft.server.log.appender.buffer.byte-limit = 33554432 (custom)
2019-09-25 04:51:53,698 [pool-87-thread-1] INFO  server.RaftServerConfigKeys (ConfUtils.java:logGet(43)) - raft.server.log.segment.size.max = 1048576 (custom)
2019-09-25 04:51:53,698 [pool-87-thread-1] INFO  server.RaftServerConfigKeys (ConfUtils.java:logGet(43)) - raft.server.log.segment.cache.num.max = 2 (custom)
2019-09-25 04:51:53,698 [pool-87-thread-1] INFO  segmented.SegmentedRaftLogWorker (SegmentedRaftLogWorker.java:<init>(172)) - new 38e0221b-1a06-473d-b1e9-41261cc0c838@group-72021D0354CD-SegmentedRaftLogWorker for RaftStorage:Storage Directory /workdir/hadoop-ozone/integration-test/target/test-dir/MiniOzoneClusterImpl-ee606598-1675-4e02-b706-4bffbdc3363b/datanode-6/data/ratis/26f4279f-3a56-493c-b796-72021d0354cd
2019-09-25 04:51:53,698 [pool-87-thread-1] INFO  server.RaftServerConfigKeys (ConfUtils.java:logGet(43)) - raft.server.log.queue.byte-limit = 2147483647 (custom)
2019-09-25 04:51:53,698 [pool-87-thread-1] INFO  server.RaftServerConfigKeys (ConfUtils.java:logGet(43)) - raft.server.log.queue.element-limit = 1024 (custom)
2019-09-25 04:51:53,699 [pool-87-thread-1] INFO  server.RaftServerConfigKeys (ConfUtils.java:logGet(43)) - raft.server.log.segment.size.max = 1048576 (custom)
2019-09-25 04:51:53,699 [pool-87-thread-1] INFO  server.RaftServerConfigKeys (ConfUtils.java:logGet(43)) - raft.server.log.preallocated.size = 16384 (custom)
2019-09-25 04:51:53,699 [pool-87-thread-1] INFO  server.RaftServerConfigKeys (ConfUtils.java:logGet(43)) - raft.server.log.write.buffer.size = 33554432 (custom)
2019-09-25 04:51:53,699 [pool-87-thread-1] INFO  server.RaftServerConfigKeys (ConfUtils.java:logGet(43)) - raft.server.log.force.sync.num = 128 (default)
2019-09-25 04:51:53,699 [pool-87-thread-1] INFO  server.RaftServerConfigKeys (ConfUtils.java:logGet(43)) - raft.server.log.statemachine.data.sync = true (default)
2019-09-25 04:51:53,700 [pool-87-thread-1] INFO  server.RaftServerConfigKeys (ConfUtils.java:logGet(43)) - raft.server.log.statemachine.data.sync.timeout = 10s (default)
2019-09-25 04:51:53,700 [pool-87-thread-1] INFO  server.RaftServerConfigKeys (ConfUtils.java:logGet(43)) - raft.server.log.statemachine.data.sync.timeout.retry = -1 (default)
2019-09-25 04:51:53,700 [pool-87-thread-1] INFO  server.RaftServerConfigKeys (ConfUtils.java:logGet(43)) - raft.server.log.statemachine.data.caching.enabled = true (custom)
2019-09-25 04:51:53,701 [pool-87-thread-1] INFO  segmented.SegmentedRaftLogWorker (SegmentedRaftLogWorker.java:lambda$new$0(132)) - 38e0221b-1a06-473d-b1e9-41261cc0c838@group-72021D0354CD-SegmentedRaftLogWorker: flushIndex: setUnconditionally 0 -> -1
2019-09-25 04:51:53,701 [pool-87-thread-1] INFO  server.RaftServerConfigKeys (ConfUtils.java:logGet(43)) - raft.server.snapshot.auto.trigger.enabled = true (custom)
2019-09-25 04:51:53,701 [pool-87-thread-1] INFO  server.RaftServerConfigKeys (ConfUtils.java:logGet(43)) - raft.server.snapshot.auto.trigger.threshold = 10000 (custom)
2019-09-25 04:51:53,701 [pool-87-thread-1] INFO  server.RaftServerConfigKeys (ConfUtils.java:logGet(43)) - raft.server.snapshot.retention.num.files = 5 (custom)
2019-09-25 04:51:53,702 [pool-87-thread-1] INFO  server.RaftServerConfigKeys (ConfUtils.java:logGet(43)) - raft.server.retrycache.expirytime = 600000ms (custom)
2019-09-25 04:51:53,705 [pool-87-thread-1] INFO  impl.RaftServerImpl (RaftServerImpl.java:start(185)) - 38e0221b-1a06-473d-b1e9-41261cc0c838@group-72021D0354CD: start as a follower, conf=-1: [38e0221b-1a06-473d-b1e9-41261cc0c838:192.168.164.207:35429], old=null
2019-09-25 04:51:53,705 [pool-87-thread-1] INFO  impl.RaftServerImpl (RaftServerImpl.java:setRole(174)) - 38e0221b-1a06-473d-b1e9-41261cc0c838@group-72021D0354CD: changes role from      null to FOLLOWER at term 0 for startAsFollower
2019-09-25 04:51:53,705 [pool-87-thread-1] INFO  impl.RoleInfo (RoleInfo.java:updateAndGet(143)) - 38e0221b-1a06-473d-b1e9-41261cc0c838: start FollowerState
2019-09-25 04:51:53,706 [pool-87-thread-1] INFO  util.JmxRegister (JmxRegister.java:tryRegister(44)) - Successfully registered JMX Bean with object name Ratis:service=RaftServer,group=group-72021D0354CD,id=38e0221b-1a06-473d-b1e9-41261cc0c838
2019-09-25 04:51:53,711 [RatisPipelineUtilsThread] INFO  pipeline.PipelineStateManager (PipelineStateManager.java:addPipeline(56)) - Created pipeline Pipeline[ Id: 26f4279f-3a56-493c-b796-72021d0354cd, Nodes: 38e0221b-1a06-473d-b1e9-41261cc0c838{ip: 192.168.164.207, host: pr-hdds-1569-s44lr-3492059363, networkLocation: /default-rack, certSerialId: null}, Type:RATIS, Factor:ONE, State:OPEN]
2019-09-25 04:51:53,712 [RatisPipelineUtilsThread] INFO  pipeline.PipelinePlacementPolicy (PipelinePlacementPolicy.java:meetCriteria(91)) - Pipeline Placement: can't place more pipeline on heavy datanode： 5ef12726-03f2-4870-a114-ed0a439e18ee Heaviness: 6 limit: 5
2019-09-25 04:51:53,712 [RatisPipelineUtilsThread] INFO  pipeline.PipelinePlacementPolicy (PipelinePlacementPolicy.java:meetCriteria(91)) - Pipeline Placement: can't place more pipeline on heavy datanode： 38f9cd64-a54c-4b19-ac87-5788454c2084 Heaviness: 6 limit: 5
2019-09-25 04:51:53,722 [grpc-default-executor-1] INFO  impl.RaftServerProxy (RaftServerProxy.java:addNew(89)) - 061f0142-df7f-4ee2-9f4c-60a73b1123be: addNew group-B2B9D65BD56D:[061f0142-df7f-4ee2-9f4c-60a73b1123be:192.168.164.207:36055] returns group-B2B9D65BD56D:java.util.concurrent.CompletableFuture@44497940[Not completed]
2019-09-25 04:51:53,724 [pool-67-thread-1] INFO  impl.RaftServerImpl (RaftServerImpl.java:<init>(95)) - 061f0142-df7f-4ee2-9f4c-60a73b1123be: new RaftServerImpl for group-B2B9D65BD56D:[061f0142-df7f-4ee2-9f4c-60a73b1123be:192.168.164.207:36055] with ContainerStateMachine:uninitialized
2019-09-25 04:51:53,724 [pool-67-thread-1] INFO  server.RaftServerConfigKeys (ConfUtils.java:logGet(43)) - raft.server.rpc.timeout.min = 5s (custom)
2019-09-25 04:51:53,724 [pool-67-thread-1] INFO  server.RaftServerConfigKeys (ConfUtils.java:logGet(43)) - raft.server.rpc.timeout.max = 5200ms (custom)
2019-09-25 04:51:53,724 [pool-67-thread-1] INFO  server.RaftServerConfigKeys (ConfUtils.java:logGet(43)) - raft.server.rpcslowness.timeout = 120s (custom)
2019-09-25 04:51:53,724 [pool-67-thread-1] INFO  server.RaftServerConfigKeys (ConfUtils.java:logGet(43)) - raft.server.sleep.deviation.threshold = 300 (default)
2019-09-25 04:51:53,725 [pool-67-thread-1] INFO  server.RaftServerConfigKeys (ConfUtils.java:logGet(43)) - raft.server.log.appender.install.snapshot.enabled = false (custom)
2019-09-25 04:51:53,725 [pool-67-thread-1] INFO  impl.RaftServerImpl (ServerState.java:<init>(103)) - 061f0142-df7f-4ee2-9f4c-60a73b1123be@group-B2B9D65BD56D: ConfigurationManager, init=-1: [061f0142-df7f-4ee2-9f4c-60a73b1123be:192.168.164.207:36055], old=null, confs=<EMPTY_MAP>
2019-09-25 04:51:53,725 [pool-67-thread-1] INFO  server.RaftServerConfigKeys (ConfUtils.java:logGet(43)) - raft.server.storage.dir = [/workdir/hadoop-ozone/integration-test/target/test-dir/MiniOzoneClusterImpl-ee606598-1675-4e02-b706-4bffbdc3363b/datanode-4/data/ratis] (custom)
2019-09-25 04:51:53,726 [pool-67-thread-1] INFO  storage.RaftStorageDirectory (RaftStorageDirectory.java:analyzeStorage(246)) - The storage directory /workdir/hadoop-ozone/integration-test/target/test-dir/MiniOzoneClusterImpl-ee606598-1675-4e02-b706-4bffbdc3363b/datanode-4/data/ratis/88ec7427-79af-4bb6-8a67-b2b9d65bd56d does not exist. Creating ...
2019-09-25 04:51:53,738 [pool-67-thread-1] INFO  storage.RaftStorageDirectory (RaftStorageDirectory.java:tryLock(328)) - Lock on /workdir/hadoop-ozone/integration-test/target/test-dir/MiniOzoneClusterImpl-ee606598-1675-4e02-b706-4bffbdc3363b/datanode-4/data/ratis/88ec7427-79af-4bb6-8a67-b2b9d65bd56d/in_use.lock acquired by nodename 13544@pr-hdds-1569-s44lr-3492059363
2019-09-25 04:51:53,752 [pool-67-thread-1] INFO  storage.RaftStorage (RaftStorage.java:format(72)) - Storage directory /workdir/hadoop-ozone/integration-test/target/test-dir/MiniOzoneClusterImpl-ee606598-1675-4e02-b706-4bffbdc3363b/datanode-4/data/ratis/88ec7427-79af-4bb6-8a67-b2b9d65bd56d has been successfully formatted.
2019-09-25 04:51:53,752 [pool-67-thread-1] INFO  ratis.ContainerStateMachine (ContainerStateMachine.java:loadSnapshot(230)) - group-B2B9D65BD56D: The snapshot info is null. Setting the last applied indexto:(t:0, i:~)
2019-09-25 04:51:53,753 [pool-67-thread-1] INFO  server.RaftServerConfigKeys (ConfUtils.java:logGet(43)) - raft.server.notification.no-leader.timeout = 120s (custom)
2019-09-25 04:51:53,753 [pool-67-thread-1] INFO  server.RaftServerConfigKeys (ConfUtils.java:logGet(43)) - raft.server.log.use.memory = false (default)
2019-09-25 04:51:53,753 [pool-67-thread-1] INFO  server.RaftServerConfigKeys (ConfUtils.java:logGet(43)) - raft.server.log.purge.gap = 1000000 (custom)
2019-09-25 04:51:53,754 [pool-67-thread-1] INFO  server.RaftServerConfigKeys (ConfUtils.java:logGet(43)) - raft.server.log.appender.buffer.byte-limit = 33554432 (custom)
2019-09-25 04:51:53,754 [pool-67-thread-1] INFO  server.RaftServerConfigKeys (ConfUtils.java:logGet(43)) - raft.server.log.segment.size.max = 1048576 (custom)
2019-09-25 04:51:53,754 [pool-67-thread-1] INFO  server.RaftServerConfigKeys (ConfUtils.java:logGet(43)) - raft.server.log.segment.cache.num.max = 2 (custom)
2019-09-25 04:51:53,755 [pool-67-thread-1] INFO  segmented.SegmentedRaftLogWorker (SegmentedRaftLogWorker.java:<init>(172)) - new 061f0142-df7f-4ee2-9f4c-60a73b1123be@group-B2B9D65BD56D-SegmentedRaftLogWorker for RaftStorage:Storage Directory /workdir/hadoop-ozone/integration-test/target/test-dir/MiniOzoneClusterImpl-ee606598-1675-4e02-b706-4bffbdc3363b/datanode-4/data/ratis/88ec7427-79af-4bb6-8a67-b2b9d65bd56d
2019-09-25 04:51:53,755 [pool-67-thread-1] INFO  server.RaftServerConfigKeys (ConfUtils.java:logGet(43)) - raft.server.log.queue.byte-limit = 2147483647 (custom)
2019-09-25 04:51:53,755 [pool-67-thread-1] INFO  server.RaftServerConfigKeys (ConfUtils.java:logGet(43)) - raft.server.log.queue.element-limit = 1024 (custom)
2019-09-25 04:51:53,756 [pool-67-thread-1] INFO  server.RaftServerConfigKeys (ConfUtils.java:logGet(43)) - raft.server.log.segment.size.max = 1048576 (custom)
2019-09-25 04:51:53,756 [pool-67-thread-1] INFO  server.RaftServerConfigKeys (ConfUtils.java:logGet(43)) - raft.server.log.preallocated.size = 16384 (custom)
2019-09-25 04:51:53,756 [pool-67-thread-1] INFO  server.RaftServerConfigKeys (ConfUtils.java:logGet(43)) - raft.server.log.write.buffer.size = 33554432 (custom)
2019-09-25 04:51:53,756 [pool-67-thread-1] INFO  server.RaftServerConfigKeys (ConfUtils.java:logGet(43)) - raft.server.log.force.sync.num = 128 (default)
2019-09-25 04:51:53,757 [pool-67-thread-1] INFO  server.RaftServerConfigKeys (ConfUtils.java:logGet(43)) - raft.server.log.statemachine.data.sync = true (default)
2019-09-25 04:51:53,757 [pool-67-thread-1] INFO  server.RaftServerConfigKeys (ConfUtils.java:logGet(43)) - raft.server.log.statemachine.data.sync.timeout = 10s (default)
2019-09-25 04:51:53,757 [pool-67-thread-1] INFO  server.RaftServerConfigKeys (ConfUtils.java:logGet(43)) - raft.server.log.statemachine.data.sync.timeout.retry = -1 (default)
2019-09-25 04:51:53,758 [pool-67-thread-1] INFO  server.RaftServerConfigKeys (ConfUtils.java:logGet(43)) - raft.server.log.statemachine.data.caching.enabled = true (custom)
2019-09-25 04:51:53,758 [pool-67-thread-1] INFO  segmented.SegmentedRaftLogWorker (SegmentedRaftLogWorker.java:lambda$new$0(132)) - 061f0142-df7f-4ee2-9f4c-60a73b1123be@group-B2B9D65BD56D-SegmentedRaftLogWorker: flushIndex: setUnconditionally 0 -> -1
2019-09-25 04:51:53,759 [pool-67-thread-1] INFO  server.RaftServerConfigKeys (ConfUtils.java:logGet(43)) - raft.server.snapshot.auto.trigger.enabled = true (custom)
2019-09-25 04:51:53,759 [pool-67-thread-1] INFO  server.RaftServerConfigKeys (ConfUtils.java:logGet(43)) - raft.server.snapshot.auto.trigger.threshold = 10000 (custom)
2019-09-25 04:51:53,759 [pool-67-thread-1] INFO  server.RaftServerConfigKeys (ConfUtils.java:logGet(43)) - raft.server.snapshot.retention.num.files = 5 (custom)
2019-09-25 04:51:53,760 [pool-67-thread-1] INFO  server.RaftServerConfigKeys (ConfUtils.java:logGet(43)) - raft.server.retrycache.expirytime = 600000ms (custom)
2019-09-25 04:51:53,765 [pool-67-thread-1] INFO  impl.RaftServerImpl (RaftServerImpl.java:start(185)) - 061f0142-df7f-4ee2-9f4c-60a73b1123be@group-B2B9D65BD56D: start as a follower, conf=-1: [061f0142-df7f-4ee2-9f4c-60a73b1123be:192.168.164.207:36055], old=null
2019-09-25 04:51:53,765 [pool-67-thread-1] INFO  impl.RaftServerImpl (RaftServerImpl.java:setRole(174)) - 061f0142-df7f-4ee2-9f4c-60a73b1123be@group-B2B9D65BD56D: changes role from      null to FOLLOWER at term 0 for startAsFollower
2019-09-25 04:51:53,765 [pool-67-thread-1] INFO  impl.RoleInfo (RoleInfo.java:updateAndGet(143)) - 061f0142-df7f-4ee2-9f4c-60a73b1123be: start FollowerState
2019-09-25 04:51:53,766 [pool-67-thread-1] INFO  util.JmxRegister (JmxRegister.java:tryRegister(44)) - Successfully registered JMX Bean with object name Ratis:service=RaftServer,group=group-B2B9D65BD56D,id=061f0142-df7f-4ee2-9f4c-60a73b1123be
2019-09-25 04:51:53,773 [RatisPipelineUtilsThread] INFO  pipeline.PipelineStateManager (PipelineStateManager.java:addPipeline(56)) - Created pipeline Pipeline[ Id: 88ec7427-79af-4bb6-8a67-b2b9d65bd56d, Nodes: 061f0142-df7f-4ee2-9f4c-60a73b1123be{ip: 192.168.164.207, host: pr-hdds-1569-s44lr-3492059363, networkLocation: /default-rack, certSerialId: null}, Type:RATIS, Factor:ONE, State:OPEN]
2019-09-25 04:51:53,773 [RatisPipelineUtilsThread] INFO  pipeline.PipelinePlacementPolicy (PipelinePlacementPolicy.java:meetCriteria(91)) - Pipeline Placement: can't place more pipeline on heavy datanode： 5ef12726-03f2-4870-a114-ed0a439e18ee Heaviness: 6 limit: 5
2019-09-25 04:51:53,774 [RatisPipelineUtilsThread] INFO  pipeline.PipelinePlacementPolicy (PipelinePlacementPolicy.java:meetCriteria(91)) - Pipeline Placement: can't place more pipeline on heavy datanode： 38f9cd64-a54c-4b19-ac87-5788454c2084 Heaviness: 6 limit: 5
2019-09-25 04:51:53,785 [grpc-default-executor-1] INFO  impl.RaftServerProxy (RaftServerProxy.java:addNew(89)) - a47783cb-f32c-4b3c-a96f-229a7b607849: addNew group-8467D10C5B91:[a47783cb-f32c-4b3c-a96f-229a7b607849:192.168.164.207:45684] returns group-8467D10C5B91:java.util.concurrent.CompletableFuture@b180c0f[Not completed]
2019-09-25 04:51:53,786 [pool-77-thread-1] INFO  impl.RaftServerImpl (RaftServerImpl.java:<init>(95)) - a47783cb-f32c-4b3c-a96f-229a7b607849: new RaftServerImpl for group-8467D10C5B91:[a47783cb-f32c-4b3c-a96f-229a7b607849:192.168.164.207:45684] with ContainerStateMachine:uninitialized
2019-09-25 04:51:53,787 [pool-77-thread-1] INFO  server.RaftServerConfigKeys (ConfUtils.java:logGet(43)) - raft.server.rpc.timeout.min = 5s (custom)
2019-09-25 04:51:53,787 [pool-77-thread-1] INFO  server.RaftServerConfigKeys (ConfUtils.java:logGet(43)) - raft.server.rpc.timeout.max = 5200ms (custom)
2019-09-25 04:51:53,787 [pool-77-thread-1] INFO  server.RaftServerConfigKeys (ConfUtils.java:logGet(43)) - raft.server.rpcslowness.timeout = 120s (custom)
2019-09-25 04:51:53,787 [pool-77-thread-1] INFO  server.RaftServerConfigKeys (ConfUtils.java:logGet(43)) - raft.server.sleep.deviation.threshold = 300 (default)
2019-09-25 04:51:53,787 [pool-77-thread-1] INFO  server.RaftServerConfigKeys (ConfUtils.java:logGet(43)) - raft.server.log.appender.install.snapshot.enabled = false (custom)
2019-09-25 04:51:53,788 [pool-77-thread-1] INFO  impl.RaftServerImpl (ServerState.java:<init>(103)) - a47783cb-f32c-4b3c-a96f-229a7b607849@group-8467D10C5B91: ConfigurationManager, init=-1: [a47783cb-f32c-4b3c-a96f-229a7b607849:192.168.164.207:45684], old=null, confs=<EMPTY_MAP>
2019-09-25 04:51:53,788 [pool-77-thread-1] INFO  server.RaftServerConfigKeys (ConfUtils.java:logGet(43)) - raft.server.storage.dir = [/workdir/hadoop-ozone/integration-test/target/test-dir/MiniOzoneClusterImpl-ee606598-1675-4e02-b706-4bffbdc3363b/datanode-5/data/ratis] (custom)
2019-09-25 04:51:53,788 [pool-77-thread-1] INFO  storage.RaftStorageDirectory (RaftStorageDirectory.java:analyzeStorage(246)) - The storage directory /workdir/hadoop-ozone/integration-test/target/test-dir/MiniOzoneClusterImpl-ee606598-1675-4e02-b706-4bffbdc3363b/datanode-5/data/ratis/642a9c76-724a-4961-be06-8467d10c5b91 does not exist. Creating ...
2019-09-25 04:51:53,801 [pool-77-thread-1] INFO  storage.RaftStorageDirectory (RaftStorageDirectory.java:tryLock(328)) - Lock on /workdir/hadoop-ozone/integration-test/target/test-dir/MiniOzoneClusterImpl-ee606598-1675-4e02-b706-4bffbdc3363b/datanode-5/data/ratis/642a9c76-724a-4961-be06-8467d10c5b91/in_use.lock acquired by nodename 13544@pr-hdds-1569-s44lr-3492059363
2019-09-25 04:51:53,814 [pool-77-thread-1] INFO  storage.RaftStorage (RaftStorage.java:format(72)) - Storage directory /workdir/hadoop-ozone/integration-test/target/test-dir/MiniOzoneClusterImpl-ee606598-1675-4e02-b706-4bffbdc3363b/datanode-5/data/ratis/642a9c76-724a-4961-be06-8467d10c5b91 has been successfully formatted.
2019-09-25 04:51:53,814 [pool-77-thread-1] INFO  ratis.ContainerStateMachine (ContainerStateMachine.java:loadSnapshot(230)) - group-8467D10C5B91: The snapshot info is null. Setting the last applied indexto:(t:0, i:~)
2019-09-25 04:51:53,815 [pool-77-thread-1] INFO  server.RaftServerConfigKeys (ConfUtils.java:logGet(43)) - raft.server.notification.no-leader.timeout = 120s (custom)
2019-09-25 04:51:53,815 [pool-77-thread-1] INFO  server.RaftServerConfigKeys (ConfUtils.java:logGet(43)) - raft.server.log.use.memory = false (default)
2019-09-25 04:51:53,815 [pool-77-thread-1] INFO  server.RaftServerConfigKeys (ConfUtils.java:logGet(43)) - raft.server.log.purge.gap = 1000000 (custom)
2019-09-25 04:51:53,815 [pool-77-thread-1] INFO  server.RaftServerConfigKeys (ConfUtils.java:logGet(43)) - raft.server.log.appender.buffer.byte-limit = 33554432 (custom)
2019-09-25 04:51:53,815 [pool-77-thread-1] INFO  server.RaftServerConfigKeys (ConfUtils.java:logGet(43)) - raft.server.log.segment.size.max = 1048576 (custom)
2019-09-25 04:51:53,816 [pool-77-thread-1] INFO  server.RaftServerConfigKeys (ConfUtils.java:logGet(43)) - raft.server.log.segment.cache.num.max = 2 (custom)
2019-09-25 04:51:53,816 [pool-77-thread-1] INFO  segmented.SegmentedRaftLogWorker (SegmentedRaftLogWorker.java:<init>(172)) - new a47783cb-f32c-4b3c-a96f-229a7b607849@group-8467D10C5B91-SegmentedRaftLogWorker for RaftStorage:Storage Directory /workdir/hadoop-ozone/integration-test/target/test-dir/MiniOzoneClusterImpl-ee606598-1675-4e02-b706-4bffbdc3363b/datanode-5/data/ratis/642a9c76-724a-4961-be06-8467d10c5b91
2019-09-25 04:51:53,816 [pool-77-thread-1] INFO  server.RaftServerConfigKeys (ConfUtils.java:logGet(43)) - raft.server.log.queue.byte-limit = 2147483647 (custom)
2019-09-25 04:51:53,816 [pool-77-thread-1] INFO  server.RaftServerConfigKeys (ConfUtils.java:logGet(43)) - raft.server.log.queue.element-limit = 1024 (custom)
2019-09-25 04:51:53,816 [pool-77-thread-1] INFO  server.RaftServerConfigKeys (ConfUtils.java:logGet(43)) - raft.server.log.segment.size.max = 1048576 (custom)
2019-09-25 04:51:53,817 [pool-77-thread-1] INFO  server.RaftServerConfigKeys (ConfUtils.java:logGet(43)) - raft.server.log.preallocated.size = 16384 (custom)
2019-09-25 04:51:53,817 [pool-77-thread-1] INFO  server.RaftServerConfigKeys (ConfUtils.java:logGet(43)) - raft.server.log.write.buffer.size = 33554432 (custom)
2019-09-25 04:51:53,817 [pool-77-thread-1] INFO  server.RaftServerConfigKeys (ConfUtils.java:logGet(43)) - raft.server.log.force.sync.num = 128 (default)
2019-09-25 04:51:53,817 [pool-77-thread-1] INFO  server.RaftServerConfigKeys (ConfUtils.java:logGet(43)) - raft.server.log.statemachine.data.sync = true (default)
2019-09-25 04:51:53,817 [pool-77-thread-1] INFO  server.RaftServerConfigKeys (ConfUtils.java:logGet(43)) - raft.server.log.statemachine.data.sync.timeout = 10s (default)
2019-09-25 04:51:53,817 [pool-77-thread-1] INFO  server.RaftServerConfigKeys (ConfUtils.java:logGet(43)) - raft.server.log.statemachine.data.sync.timeout.retry = -1 (default)
2019-09-25 04:51:53,818 [pool-77-thread-1] INFO  server.RaftServerConfigKeys (ConfUtils.java:logGet(43)) - raft.server.log.statemachine.data.caching.enabled = true (custom)
2019-09-25 04:51:53,818 [pool-77-thread-1] INFO  segmented.SegmentedRaftLogWorker (SegmentedRaftLogWorker.java:lambda$new$0(132)) - a47783cb-f32c-4b3c-a96f-229a7b607849@group-8467D10C5B91-SegmentedRaftLogWorker: flushIndex: setUnconditionally 0 -> -1
2019-09-25 04:51:53,818 [pool-77-thread-1] INFO  server.RaftServerConfigKeys (ConfUtils.java:logGet(43)) - raft.server.snapshot.auto.trigger.enabled = true (custom)
2019-09-25 04:51:53,819 [pool-77-thread-1] INFO  server.RaftServerConfigKeys (ConfUtils.java:logGet(43)) - raft.server.snapshot.auto.trigger.threshold = 10000 (custom)
2019-09-25 04:51:53,819 [pool-77-thread-1] INFO  server.RaftServerConfigKeys (ConfUtils.java:logGet(43)) - raft.server.snapshot.retention.num.files = 5 (custom)
2019-09-25 04:51:53,819 [pool-77-thread-1] INFO  server.RaftServerConfigKeys (ConfUtils.java:logGet(43)) - raft.server.retrycache.expirytime = 600000ms (custom)
2019-09-25 04:51:53,822 [pool-77-thread-1] INFO  impl.RaftServerImpl (RaftServerImpl.java:start(185)) - a47783cb-f32c-4b3c-a96f-229a7b607849@group-8467D10C5B91: start as a follower, conf=-1: [a47783cb-f32c-4b3c-a96f-229a7b607849:192.168.164.207:45684], old=null
2019-09-25 04:51:53,823 [pool-77-thread-1] INFO  impl.RaftServerImpl (RaftServerImpl.java:setRole(174)) - a47783cb-f32c-4b3c-a96f-229a7b607849@group-8467D10C5B91: changes role from      null to FOLLOWER at term 0 for startAsFollower
2019-09-25 04:51:53,823 [pool-77-thread-1] INFO  impl.RoleInfo (RoleInfo.java:updateAndGet(143)) - a47783cb-f32c-4b3c-a96f-229a7b607849: start FollowerState
2019-09-25 04:51:53,823 [pool-77-thread-1] INFO  util.JmxRegister (JmxRegister.java:tryRegister(44)) - Successfully registered JMX Bean with object name Ratis:service=RaftServer,group=group-8467D10C5B91,id=a47783cb-f32c-4b3c-a96f-229a7b607849
2019-09-25 04:51:53,830 [RatisPipelineUtilsThread] INFO  pipeline.PipelineStateManager (PipelineStateManager.java:addPipeline(56)) - Created pipeline Pipeline[ Id: 642a9c76-724a-4961-be06-8467d10c5b91, Nodes: a47783cb-f32c-4b3c-a96f-229a7b607849{ip: 192.168.164.207, host: pr-hdds-1569-s44lr-3492059363, networkLocation: /default-rack, certSerialId: null}, Type:RATIS, Factor:ONE, State:OPEN]
2019-09-25 04:51:53,830 [RatisPipelineUtilsThread] INFO  pipeline.PipelinePlacementPolicy (PipelinePlacementPolicy.java:meetCriteria(91)) - Pipeline Placement: can't place more pipeline on heavy datanode： 5ef12726-03f2-4870-a114-ed0a439e18ee Heaviness: 6 limit: 5
2019-09-25 04:51:53,830 [RatisPipelineUtilsThread] INFO  pipeline.PipelinePlacementPolicy (PipelinePlacementPolicy.java:meetCriteria(91)) - Pipeline Placement: can't place more pipeline on heavy datanode： 38f9cd64-a54c-4b19-ac87-5788454c2084 Heaviness: 6 limit: 5
2019-09-25 04:51:53,843 [grpc-default-executor-1] INFO  impl.RaftServerProxy (RaftServerProxy.java:addNew(89)) - 38e0221b-1a06-473d-b1e9-41261cc0c838: addNew group-DA122D31D36F:[38e0221b-1a06-473d-b1e9-41261cc0c838:192.168.164.207:35429] returns group-DA122D31D36F:java.util.concurrent.CompletableFuture@4fa1d009[Not completed]
2019-09-25 04:51:53,844 [pool-87-thread-1] INFO  impl.RaftServerImpl (RaftServerImpl.java:<init>(95)) - 38e0221b-1a06-473d-b1e9-41261cc0c838: new RaftServerImpl for group-DA122D31D36F:[38e0221b-1a06-473d-b1e9-41261cc0c838:192.168.164.207:35429] with ContainerStateMachine:uninitialized
2019-09-25 04:51:53,845 [pool-87-thread-1] INFO  server.RaftServerConfigKeys (ConfUtils.java:logGet(43)) - raft.server.rpc.timeout.min = 5s (custom)
2019-09-25 04:51:53,845 [pool-87-thread-1] INFO  server.RaftServerConfigKeys (ConfUtils.java:logGet(43)) - raft.server.rpc.timeout.max = 5200ms (custom)
2019-09-25 04:51:53,845 [pool-87-thread-1] INFO  server.RaftServerConfigKeys (ConfUtils.java:logGet(43)) - raft.server.rpcslowness.timeout = 120s (custom)
2019-09-25 04:51:53,845 [pool-87-thread-1] INFO  server.RaftServerConfigKeys (ConfUtils.java:logGet(43)) - raft.server.sleep.deviation.threshold = 300 (default)
2019-09-25 04:51:53,845 [pool-87-thread-1] INFO  server.RaftServerConfigKeys (ConfUtils.java:logGet(43)) - raft.server.log.appender.install.snapshot.enabled = false (custom)
2019-09-25 04:51:53,845 [pool-87-thread-1] INFO  impl.RaftServerImpl (ServerState.java:<init>(103)) - 38e0221b-1a06-473d-b1e9-41261cc0c838@group-DA122D31D36F: ConfigurationManager, init=-1: [38e0221b-1a06-473d-b1e9-41261cc0c838:192.168.164.207:35429], old=null, confs=<EMPTY_MAP>
2019-09-25 04:51:53,846 [pool-87-thread-1] INFO  server.RaftServerConfigKeys (ConfUtils.java:logGet(43)) - raft.server.storage.dir = [/workdir/hadoop-ozone/integration-test/target/test-dir/MiniOzoneClusterImpl-ee606598-1675-4e02-b706-4bffbdc3363b/datanode-6/data/ratis] (custom)
2019-09-25 04:51:53,846 [pool-87-thread-1] INFO  storage.RaftStorageDirectory (RaftStorageDirectory.java:analyzeStorage(246)) - The storage directory /workdir/hadoop-ozone/integration-test/target/test-dir/MiniOzoneClusterImpl-ee606598-1675-4e02-b706-4bffbdc3363b/datanode-6/data/ratis/f330cc6f-bfa3-4306-a4e0-da122d31d36f does not exist. Creating ...
2019-09-25 04:51:53,859 [pool-87-thread-1] INFO  storage.RaftStorageDirectory (RaftStorageDirectory.java:tryLock(328)) - Lock on /workdir/hadoop-ozone/integration-test/target/test-dir/MiniOzoneClusterImpl-ee606598-1675-4e02-b706-4bffbdc3363b/datanode-6/data/ratis/f330cc6f-bfa3-4306-a4e0-da122d31d36f/in_use.lock acquired by nodename 13544@pr-hdds-1569-s44lr-3492059363
2019-09-25 04:51:53,900 [pool-87-thread-1] INFO  storage.RaftStorage (RaftStorage.java:format(72)) - Storage directory /workdir/hadoop-ozone/integration-test/target/test-dir/MiniOzoneClusterImpl-ee606598-1675-4e02-b706-4bffbdc3363b/datanode-6/data/ratis/f330cc6f-bfa3-4306-a4e0-da122d31d36f has been successfully formatted.
2019-09-25 04:51:53,901 [pool-87-thread-1] INFO  ratis.ContainerStateMachine (ContainerStateMachine.java:loadSnapshot(230)) - group-DA122D31D36F: The snapshot info is null. Setting the last applied indexto:(t:0, i:~)
2019-09-25 04:51:53,901 [pool-87-thread-1] INFO  server.RaftServerConfigKeys (ConfUtils.java:logGet(43)) - raft.server.notification.no-leader.timeout = 120s (custom)
2019-09-25 04:51:53,901 [pool-87-thread-1] INFO  server.RaftServerConfigKeys (ConfUtils.java:logGet(43)) - raft.server.log.use.memory = false (default)
2019-09-25 04:51:53,901 [pool-87-thread-1] INFO  server.RaftServerConfigKeys (ConfUtils.java:logGet(43)) - raft.server.log.purge.gap = 1000000 (custom)
2019-09-25 04:51:53,901 [pool-87-thread-1] INFO  server.RaftServerConfigKeys (ConfUtils.java:logGet(43)) - raft.server.log.appender.buffer.byte-limit = 33554432 (custom)
2019-09-25 04:51:53,902 [pool-87-thread-1] INFO  server.RaftServerConfigKeys (ConfUtils.java:logGet(43)) - raft.server.log.segment.size.max = 1048576 (custom)
2019-09-25 04:51:53,902 [pool-87-thread-1] INFO  server.RaftServerConfigKeys (ConfUtils.java:logGet(43)) - raft.server.log.segment.cache.num.max = 2 (custom)
2019-09-25 04:51:53,902 [pool-87-thread-1] INFO  segmented.SegmentedRaftLogWorker (SegmentedRaftLogWorker.java:<init>(172)) - new 38e0221b-1a06-473d-b1e9-41261cc0c838@group-DA122D31D36F-SegmentedRaftLogWorker for RaftStorage:Storage Directory /workdir/hadoop-ozone/integration-test/target/test-dir/MiniOzoneClusterImpl-ee606598-1675-4e02-b706-4bffbdc3363b/datanode-6/data/ratis/f330cc6f-bfa3-4306-a4e0-da122d31d36f
2019-09-25 04:51:53,902 [pool-87-thread-1] INFO  server.RaftServerConfigKeys (ConfUtils.java:logGet(43)) - raft.server.log.queue.byte-limit = 2147483647 (custom)
2019-09-25 04:51:53,902 [pool-87-thread-1] INFO  server.RaftServerConfigKeys (ConfUtils.java:logGet(43)) - raft.server.log.queue.element-limit = 1024 (custom)
2019-09-25 04:51:53,903 [pool-87-thread-1] INFO  server.RaftServerConfigKeys (ConfUtils.java:logGet(43)) - raft.server.log.segment.size.max = 1048576 (custom)
2019-09-25 04:51:53,903 [pool-87-thread-1] INFO  server.RaftServerConfigKeys (ConfUtils.java:logGet(43)) - raft.server.log.preallocated.size = 16384 (custom)
2019-09-25 04:51:53,903 [pool-87-thread-1] INFO  server.RaftServerConfigKeys (ConfUtils.java:logGet(43)) - raft.server.log.write.buffer.size = 33554432 (custom)
2019-09-25 04:51:53,903 [pool-87-thread-1] INFO  server.RaftServerConfigKeys (ConfUtils.java:logGet(43)) - raft.server.log.force.sync.num = 128 (default)
2019-09-25 04:51:53,903 [pool-87-thread-1] INFO  server.RaftServerConfigKeys (ConfUtils.java:logGet(43)) - raft.server.log.statemachine.data.sync = true (default)
2019-09-25 04:51:53,904 [pool-87-thread-1] INFO  server.RaftServerConfigKeys (ConfUtils.java:logGet(43)) - raft.server.log.statemachine.data.sync.timeout = 10s (default)
2019-09-25 04:51:53,904 [pool-87-thread-1] INFO  server.RaftServerConfigKeys (ConfUtils.java:logGet(43)) - raft.server.log.statemachine.data.sync.timeout.retry = -1 (default)
2019-09-25 04:51:53,904 [pool-87-thread-1] INFO  server.RaftServerConfigKeys (ConfUtils.java:logGet(43)) - raft.server.log.statemachine.data.caching.enabled = true (custom)
2019-09-25 04:51:53,904 [pool-87-thread-1] INFO  segmented.SegmentedRaftLogWorker (SegmentedRaftLogWorker.java:lambda$new$0(132)) - 38e0221b-1a06-473d-b1e9-41261cc0c838@group-DA122D31D36F-SegmentedRaftLogWorker: flushIndex: setUnconditionally 0 -> -1
2019-09-25 04:51:53,905 [pool-87-thread-1] INFO  server.RaftServerConfigKeys (ConfUtils.java:logGet(43)) - raft.server.snapshot.auto.trigger.enabled = true (custom)
2019-09-25 04:51:53,905 [pool-87-thread-1] INFO  server.RaftServerConfigKeys (ConfUtils.java:logGet(43)) - raft.server.snapshot.auto.trigger.threshold = 10000 (custom)
2019-09-25 04:51:53,905 [pool-87-thread-1] INFO  server.RaftServerConfigKeys (ConfUtils.java:logGet(43)) - raft.server.snapshot.retention.num.files = 5 (custom)
2019-09-25 04:51:53,906 [pool-87-thread-1] INFO  server.RaftServerConfigKeys (ConfUtils.java:logGet(43)) - raft.server.retrycache.expirytime = 600000ms (custom)
2019-09-25 04:51:53,909 [pool-87-thread-1] INFO  impl.RaftServerImpl (RaftServerImpl.java:start(185)) - 38e0221b-1a06-473d-b1e9-41261cc0c838@group-DA122D31D36F: start as a follower, conf=-1: [38e0221b-1a06-473d-b1e9-41261cc0c838:192.168.164.207:35429], old=null
2019-09-25 04:51:53,909 [pool-87-thread-1] INFO  impl.RaftServerImpl (RaftServerImpl.java:setRole(174)) - 38e0221b-1a06-473d-b1e9-41261cc0c838@group-DA122D31D36F: changes role from      null to FOLLOWER at term 0 for startAsFollower
2019-09-25 04:51:53,910 [pool-87-thread-1] INFO  impl.RoleInfo (RoleInfo.java:updateAndGet(143)) - 38e0221b-1a06-473d-b1e9-41261cc0c838: start FollowerState
2019-09-25 04:51:53,910 [pool-87-thread-1] INFO  util.JmxRegister (JmxRegister.java:tryRegister(44)) - Successfully registered JMX Bean with object name Ratis:service=RaftServer,group=group-DA122D31D36F,id=38e0221b-1a06-473d-b1e9-41261cc0c838
2019-09-25 04:51:53,916 [RatisPipelineUtilsThread] INFO  pipeline.PipelineStateManager (PipelineStateManager.java:addPipeline(56)) - Created pipeline Pipeline[ Id: f330cc6f-bfa3-4306-a4e0-da122d31d36f, Nodes: 38e0221b-1a06-473d-b1e9-41261cc0c838{ip: 192.168.164.207, host: pr-hdds-1569-s44lr-3492059363, networkLocation: /default-rack, certSerialId: null}, Type:RATIS, Factor:ONE, State:OPEN]
2019-09-25 04:51:53,917 [RatisPipelineUtilsThread] INFO  pipeline.PipelinePlacementPolicy (PipelinePlacementPolicy.java:meetCriteria(91)) - Pipeline Placement: can't place more pipeline on heavy datanode： 38e0221b-1a06-473d-b1e9-41261cc0c838 Heaviness: 6 limit: 5
2019-09-25 04:51:53,917 [RatisPipelineUtilsThread] INFO  pipeline.PipelinePlacementPolicy (PipelinePlacementPolicy.java:meetCriteria(91)) - Pipeline Placement: can't place more pipeline on heavy datanode： 5ef12726-03f2-4870-a114-ed0a439e18ee Heaviness: 6 limit: 5
2019-09-25 04:51:53,917 [RatisPipelineUtilsThread] INFO  pipeline.PipelinePlacementPolicy (PipelinePlacementPolicy.java:meetCriteria(91)) - Pipeline Placement: can't place more pipeline on heavy datanode： 38f9cd64-a54c-4b19-ac87-5788454c2084 Heaviness: 6 limit: 5
2019-09-25 04:51:53,930 [grpc-default-executor-1] INFO  impl.RaftServerProxy (RaftServerProxy.java:addNew(89)) - 061f0142-df7f-4ee2-9f4c-60a73b1123be: addNew group-99248EDAF246:[061f0142-df7f-4ee2-9f4c-60a73b1123be:192.168.164.207:36055] returns group-99248EDAF246:java.util.concurrent.CompletableFuture@4e87cd49[Not completed]
2019-09-25 04:51:53,932 [pool-67-thread-1] INFO  impl.RaftServerImpl (RaftServerImpl.java:<init>(95)) - 061f0142-df7f-4ee2-9f4c-60a73b1123be: new RaftServerImpl for group-99248EDAF246:[061f0142-df7f-4ee2-9f4c-60a73b1123be:192.168.164.207:36055] with ContainerStateMachine:uninitialized
2019-09-25 04:51:53,933 [pool-67-thread-1] INFO  server.RaftServerConfigKeys (ConfUtils.java:logGet(43)) - raft.server.rpc.timeout.min = 5s (custom)
2019-09-25 04:51:53,933 [pool-67-thread-1] INFO  server.RaftServerConfigKeys (ConfUtils.java:logGet(43)) - raft.server.rpc.timeout.max = 5200ms (custom)
2019-09-25 04:51:53,933 [pool-67-thread-1] INFO  server.RaftServerConfigKeys (ConfUtils.java:logGet(43)) - raft.server.rpcslowness.timeout = 120s (custom)
2019-09-25 04:51:53,933 [pool-67-thread-1] INFO  server.RaftServerConfigKeys (ConfUtils.java:logGet(43)) - raft.server.sleep.deviation.threshold = 300 (default)
2019-09-25 04:51:53,933 [pool-67-thread-1] INFO  server.RaftServerConfigKeys (ConfUtils.java:logGet(43)) - raft.server.log.appender.install.snapshot.enabled = false (custom)
2019-09-25 04:51:53,933 [pool-67-thread-1] INFO  impl.RaftServerImpl (ServerState.java:<init>(103)) - 061f0142-df7f-4ee2-9f4c-60a73b1123be@group-99248EDAF246: ConfigurationManager, init=-1: [061f0142-df7f-4ee2-9f4c-60a73b1123be:192.168.164.207:36055], old=null, confs=<EMPTY_MAP>
2019-09-25 04:51:53,934 [pool-67-thread-1] INFO  server.RaftServerConfigKeys (ConfUtils.java:logGet(43)) - raft.server.storage.dir = [/workdir/hadoop-ozone/integration-test/target/test-dir/MiniOzoneClusterImpl-ee606598-1675-4e02-b706-4bffbdc3363b/datanode-4/data/ratis] (custom)
2019-09-25 04:51:53,934 [pool-67-thread-1] INFO  storage.RaftStorageDirectory (RaftStorageDirectory.java:analyzeStorage(246)) - The storage directory /workdir/hadoop-ozone/integration-test/target/test-dir/MiniOzoneClusterImpl-ee606598-1675-4e02-b706-4bffbdc3363b/datanode-4/data/ratis/a87d7252-6e12-403d-b119-99248edaf246 does not exist. Creating ...
2019-09-25 04:51:53,948 [pool-67-thread-1] INFO  storage.RaftStorageDirectory (RaftStorageDirectory.java:tryLock(328)) - Lock on /workdir/hadoop-ozone/integration-test/target/test-dir/MiniOzoneClusterImpl-ee606598-1675-4e02-b706-4bffbdc3363b/datanode-4/data/ratis/a87d7252-6e12-403d-b119-99248edaf246/in_use.lock acquired by nodename 13544@pr-hdds-1569-s44lr-3492059363
2019-09-25 04:51:53,962 [pool-67-thread-1] INFO  storage.RaftStorage (RaftStorage.java:format(72)) - Storage directory /workdir/hadoop-ozone/integration-test/target/test-dir/MiniOzoneClusterImpl-ee606598-1675-4e02-b706-4bffbdc3363b/datanode-4/data/ratis/a87d7252-6e12-403d-b119-99248edaf246 has been successfully formatted.
2019-09-25 04:51:53,963 [pool-67-thread-1] INFO  ratis.ContainerStateMachine (ContainerStateMachine.java:loadSnapshot(230)) - group-99248EDAF246: The snapshot info is null. Setting the last applied indexto:(t:0, i:~)
2019-09-25 04:51:53,963 [pool-67-thread-1] INFO  server.RaftServerConfigKeys (ConfUtils.java:logGet(43)) - raft.server.notification.no-leader.timeout = 120s (custom)
2019-09-25 04:51:53,963 [pool-67-thread-1] INFO  server.RaftServerConfigKeys (ConfUtils.java:logGet(43)) - raft.server.log.use.memory = false (default)
2019-09-25 04:51:53,963 [pool-67-thread-1] INFO  server.RaftServerConfigKeys (ConfUtils.java:logGet(43)) - raft.server.log.purge.gap = 1000000 (custom)
2019-09-25 04:51:53,964 [pool-67-thread-1] INFO  server.RaftServerConfigKeys (ConfUtils.java:logGet(43)) - raft.server.log.appender.buffer.byte-limit = 33554432 (custom)
2019-09-25 04:51:53,964 [pool-67-thread-1] INFO  server.RaftServerConfigKeys (ConfUtils.java:logGet(43)) - raft.server.log.segment.size.max = 1048576 (custom)
2019-09-25 04:51:53,964 [pool-67-thread-1] INFO  server.RaftServerConfigKeys (ConfUtils.java:logGet(43)) - raft.server.log.segment.cache.num.max = 2 (custom)
2019-09-25 04:51:53,965 [pool-67-thread-1] INFO  segmented.SegmentedRaftLogWorker (SegmentedRaftLogWorker.java:<init>(172)) - new 061f0142-df7f-4ee2-9f4c-60a73b1123be@group-99248EDAF246-SegmentedRaftLogWorker for RaftStorage:Storage Directory /workdir/hadoop-ozone/integration-test/target/test-dir/MiniOzoneClusterImpl-ee606598-1675-4e02-b706-4bffbdc3363b/datanode-4/data/ratis/a87d7252-6e12-403d-b119-99248edaf246
2019-09-25 04:51:53,965 [pool-67-thread-1] INFO  server.RaftServerConfigKeys (ConfUtils.java:logGet(43)) - raft.server.log.queue.byte-limit = 2147483647 (custom)
2019-09-25 04:51:53,965 [pool-67-thread-1] INFO  server.RaftServerConfigKeys (ConfUtils.java:logGet(43)) - raft.server.log.queue.element-limit = 1024 (custom)
2019-09-25 04:51:53,965 [pool-67-thread-1] INFO  server.RaftServerConfigKeys (ConfUtils.java:logGet(43)) - raft.server.log.segment.size.max = 1048576 (custom)
2019-09-25 04:51:53,966 [pool-67-thread-1] INFO  server.RaftServerConfigKeys (ConfUtils.java:logGet(43)) - raft.server.log.preallocated.size = 16384 (custom)
2019-09-25 04:51:53,966 [pool-67-thread-1] INFO  server.RaftServerConfigKeys (ConfUtils.java:logGet(43)) - raft.server.log.write.buffer.size = 33554432 (custom)
2019-09-25 04:51:53,966 [pool-67-thread-1] INFO  server.RaftServerConfigKeys (ConfUtils.java:logGet(43)) - raft.server.log.force.sync.num = 128 (default)
2019-09-25 04:51:53,966 [pool-67-thread-1] INFO  server.RaftServerConfigKeys (ConfUtils.java:logGet(43)) - raft.server.log.statemachine.data.sync = true (default)
2019-09-25 04:51:53,966 [pool-67-thread-1] INFO  server.RaftServerConfigKeys (ConfUtils.java:logGet(43)) - raft.server.log.statemachine.data.sync.timeout = 10s (default)
2019-09-25 04:51:53,966 [pool-67-thread-1] INFO  server.RaftServerConfigKeys (ConfUtils.java:logGet(43)) - raft.server.log.statemachine.data.sync.timeout.retry = -1 (default)
2019-09-25 04:51:53,967 [pool-67-thread-1] INFO  server.RaftServerConfigKeys (ConfUtils.java:logGet(43)) - raft.server.log.statemachine.data.caching.enabled = true (custom)
2019-09-25 04:51:53,967 [pool-67-thread-1] INFO  segmented.SegmentedRaftLogWorker (SegmentedRaftLogWorker.java:lambda$new$0(132)) - 061f0142-df7f-4ee2-9f4c-60a73b1123be@group-99248EDAF246-SegmentedRaftLogWorker: flushIndex: setUnconditionally 0 -> -1
2019-09-25 04:51:53,968 [pool-67-thread-1] INFO  server.RaftServerConfigKeys (ConfUtils.java:logGet(43)) - raft.server.snapshot.auto.trigger.enabled = true (custom)
2019-09-25 04:51:53,968 [pool-67-thread-1] INFO  server.RaftServerConfigKeys (ConfUtils.java:logGet(43)) - raft.server.snapshot.auto.trigger.threshold = 10000 (custom)
2019-09-25 04:51:53,968 [pool-67-thread-1] INFO  server.RaftServerConfigKeys (ConfUtils.java:logGet(43)) - raft.server.snapshot.retention.num.files = 5 (custom)
2019-09-25 04:51:53,968 [pool-67-thread-1] INFO  server.RaftServerConfigKeys (ConfUtils.java:logGet(43)) - raft.server.retrycache.expirytime = 600000ms (custom)
2019-09-25 04:51:53,971 [pool-67-thread-1] INFO  impl.RaftServerImpl (RaftServerImpl.java:start(185)) - 061f0142-df7f-4ee2-9f4c-60a73b1123be@group-99248EDAF246: start as a follower, conf=-1: [061f0142-df7f-4ee2-9f4c-60a73b1123be:192.168.164.207:36055], old=null
2019-09-25 04:51:53,971 [pool-67-thread-1] INFO  impl.RaftServerImpl (RaftServerImpl.java:setRole(174)) - 061f0142-df7f-4ee2-9f4c-60a73b1123be@group-99248EDAF246: changes role from      null to FOLLOWER at term 0 for startAsFollower
2019-09-25 04:51:53,971 [pool-67-thread-1] INFO  impl.RoleInfo (RoleInfo.java:updateAndGet(143)) - 061f0142-df7f-4ee2-9f4c-60a73b1123be: start FollowerState
2019-09-25 04:51:53,972 [pool-67-thread-1] INFO  util.JmxRegister (JmxRegister.java:tryRegister(44)) - Successfully registered JMX Bean with object name Ratis:service=RaftServer,group=group-99248EDAF246,id=061f0142-df7f-4ee2-9f4c-60a73b1123be
2019-09-25 04:51:53,977 [RatisPipelineUtilsThread] INFO  pipeline.PipelineStateManager (PipelineStateManager.java:addPipeline(56)) - Created pipeline Pipeline[ Id: a87d7252-6e12-403d-b119-99248edaf246, Nodes: 061f0142-df7f-4ee2-9f4c-60a73b1123be{ip: 192.168.164.207, host: pr-hdds-1569-s44lr-3492059363, networkLocation: /default-rack, certSerialId: null}, Type:RATIS, Factor:ONE, State:OPEN]
2019-09-25 04:51:53,977 [RatisPipelineUtilsThread] INFO  pipeline.PipelinePlacementPolicy (PipelinePlacementPolicy.java:meetCriteria(91)) - Pipeline Placement: can't place more pipeline on heavy datanode： 061f0142-df7f-4ee2-9f4c-60a73b1123be Heaviness: 6 limit: 5
2019-09-25 04:51:53,977 [RatisPipelineUtilsThread] INFO  pipeline.PipelinePlacementPolicy (PipelinePlacementPolicy.java:meetCriteria(91)) - Pipeline Placement: can't place more pipeline on heavy datanode： 38e0221b-1a06-473d-b1e9-41261cc0c838 Heaviness: 6 limit: 5
2019-09-25 04:51:53,978 [RatisPipelineUtilsThread] INFO  pipeline.PipelinePlacementPolicy (PipelinePlacementPolicy.java:meetCriteria(91)) - Pipeline Placement: can't place more pipeline on heavy datanode： 5ef12726-03f2-4870-a114-ed0a439e18ee Heaviness: 6 limit: 5
2019-09-25 04:51:53,978 [RatisPipelineUtilsThread] INFO  pipeline.PipelinePlacementPolicy (PipelinePlacementPolicy.java:meetCriteria(91)) - Pipeline Placement: can't place more pipeline on heavy datanode： 38f9cd64-a54c-4b19-ac87-5788454c2084 Heaviness: 6 limit: 5
2019-09-25 04:51:53,988 [grpc-default-executor-1] INFO  impl.RaftServerProxy (RaftServerProxy.java:addNew(89)) - a47783cb-f32c-4b3c-a96f-229a7b607849: addNew group-7A09216C3206:[a47783cb-f32c-4b3c-a96f-229a7b607849:192.168.164.207:45684] returns group-7A09216C3206:java.util.concurrent.CompletableFuture@267247d5[Not completed]
2019-09-25 04:51:53,990 [pool-77-thread-1] INFO  impl.RaftServerImpl (RaftServerImpl.java:<init>(95)) - a47783cb-f32c-4b3c-a96f-229a7b607849: new RaftServerImpl for group-7A09216C3206:[a47783cb-f32c-4b3c-a96f-229a7b607849:192.168.164.207:45684] with ContainerStateMachine:uninitialized
2019-09-25 04:51:53,990 [pool-77-thread-1] INFO  server.RaftServerConfigKeys (ConfUtils.java:logGet(43)) - raft.server.rpc.timeout.min = 5s (custom)
2019-09-25 04:51:53,990 [pool-77-thread-1] INFO  server.RaftServerConfigKeys (ConfUtils.java:logGet(43)) - raft.server.rpc.timeout.max = 5200ms (custom)
2019-09-25 04:51:53,991 [pool-77-thread-1] INFO  server.RaftServerConfigKeys (ConfUtils.java:logGet(43)) - raft.server.rpcslowness.timeout = 120s (custom)
2019-09-25 04:51:53,991 [pool-77-thread-1] INFO  server.RaftServerConfigKeys (ConfUtils.java:logGet(43)) - raft.server.sleep.deviation.threshold = 300 (default)
2019-09-25 04:51:53,991 [pool-77-thread-1] INFO  server.RaftServerConfigKeys (ConfUtils.java:logGet(43)) - raft.server.log.appender.install.snapshot.enabled = false (custom)
2019-09-25 04:51:53,991 [pool-77-thread-1] INFO  impl.RaftServerImpl (ServerState.java:<init>(103)) - a47783cb-f32c-4b3c-a96f-229a7b607849@group-7A09216C3206: ConfigurationManager, init=-1: [a47783cb-f32c-4b3c-a96f-229a7b607849:192.168.164.207:45684], old=null, confs=<EMPTY_MAP>
2019-09-25 04:51:53,991 [pool-77-thread-1] INFO  server.RaftServerConfigKeys (ConfUtils.java:logGet(43)) - raft.server.storage.dir = [/workdir/hadoop-ozone/integration-test/target/test-dir/MiniOzoneClusterImpl-ee606598-1675-4e02-b706-4bffbdc3363b/datanode-5/data/ratis] (custom)
2019-09-25 04:51:53,992 [pool-77-thread-1] INFO  storage.RaftStorageDirectory (RaftStorageDirectory.java:analyzeStorage(246)) - The storage directory /workdir/hadoop-ozone/integration-test/target/test-dir/MiniOzoneClusterImpl-ee606598-1675-4e02-b706-4bffbdc3363b/datanode-5/data/ratis/594f7fa8-372e-481f-b1bd-7a09216c3206 does not exist. Creating ...
2019-09-25 04:51:54,004 [pool-77-thread-1] INFO  storage.RaftStorageDirectory (RaftStorageDirectory.java:tryLock(328)) - Lock on /workdir/hadoop-ozone/integration-test/target/test-dir/MiniOzoneClusterImpl-ee606598-1675-4e02-b706-4bffbdc3363b/datanode-5/data/ratis/594f7fa8-372e-481f-b1bd-7a09216c3206/in_use.lock acquired by nodename 13544@pr-hdds-1569-s44lr-3492059363
2019-09-25 04:51:54,025 [pool-77-thread-1] INFO  storage.RaftStorage (RaftStorage.java:format(72)) - Storage directory /workdir/hadoop-ozone/integration-test/target/test-dir/MiniOzoneClusterImpl-ee606598-1675-4e02-b706-4bffbdc3363b/datanode-5/data/ratis/594f7fa8-372e-481f-b1bd-7a09216c3206 has been successfully formatted.
2019-09-25 04:51:54,026 [pool-77-thread-1] INFO  ratis.ContainerStateMachine (ContainerStateMachine.java:loadSnapshot(230)) - group-7A09216C3206: The snapshot info is null. Setting the last applied indexto:(t:0, i:~)
2019-09-25 04:51:54,026 [pool-77-thread-1] INFO  server.RaftServerConfigKeys (ConfUtils.java:logGet(43)) - raft.server.notification.no-leader.timeout = 120s (custom)
2019-09-25 04:51:54,026 [pool-77-thread-1] INFO  server.RaftServerConfigKeys (ConfUtils.java:logGet(43)) - raft.server.log.use.memory = false (default)
2019-09-25 04:51:54,026 [pool-77-thread-1] INFO  server.RaftServerConfigKeys (ConfUtils.java:logGet(43)) - raft.server.log.purge.gap = 1000000 (custom)
2019-09-25 04:51:54,027 [pool-77-thread-1] INFO  server.RaftServerConfigKeys (ConfUtils.java:logGet(43)) - raft.server.log.appender.buffer.byte-limit = 33554432 (custom)
2019-09-25 04:51:54,027 [pool-77-thread-1] INFO  server.RaftServerConfigKeys (ConfUtils.java:logGet(43)) - raft.server.log.segment.size.max = 1048576 (custom)
2019-09-25 04:51:54,027 [pool-77-thread-1] INFO  server.RaftServerConfigKeys (ConfUtils.java:logGet(43)) - raft.server.log.segment.cache.num.max = 2 (custom)
2019-09-25 04:51:54,027 [pool-77-thread-1] INFO  segmented.SegmentedRaftLogWorker (SegmentedRaftLogWorker.java:<init>(172)) - new a47783cb-f32c-4b3c-a96f-229a7b607849@group-7A09216C3206-SegmentedRaftLogWorker for RaftStorage:Storage Directory /workdir/hadoop-ozone/integration-test/target/test-dir/MiniOzoneClusterImpl-ee606598-1675-4e02-b706-4bffbdc3363b/datanode-5/data/ratis/594f7fa8-372e-481f-b1bd-7a09216c3206
2019-09-25 04:51:54,027 [pool-77-thread-1] INFO  server.RaftServerConfigKeys (ConfUtils.java:logGet(43)) - raft.server.log.queue.byte-limit = 2147483647 (custom)
2019-09-25 04:51:54,027 [pool-77-thread-1] INFO  server.RaftServerConfigKeys (ConfUtils.java:logGet(43)) - raft.server.log.queue.element-limit = 1024 (custom)
2019-09-25 04:51:54,027 [pool-77-thread-1] INFO  server.RaftServerConfigKeys (ConfUtils.java:logGet(43)) - raft.server.log.segment.size.max = 1048576 (custom)
2019-09-25 04:51:54,028 [pool-77-thread-1] INFO  server.RaftServerConfigKeys (ConfUtils.java:logGet(43)) - raft.server.log.preallocated.size = 16384 (custom)
2019-09-25 04:51:54,028 [pool-77-thread-1] INFO  server.RaftServerConfigKeys (ConfUtils.java:logGet(43)) - raft.server.log.write.buffer.size = 33554432 (custom)
2019-09-25 04:51:54,028 [pool-77-thread-1] INFO  server.RaftServerConfigKeys (ConfUtils.java:logGet(43)) - raft.server.log.force.sync.num = 128 (default)
2019-09-25 04:51:54,028 [pool-77-thread-1] INFO  server.RaftServerConfigKeys (ConfUtils.java:logGet(43)) - raft.server.log.statemachine.data.sync = true (default)
2019-09-25 04:51:54,028 [pool-77-thread-1] INFO  server.RaftServerConfigKeys (ConfUtils.java:logGet(43)) - raft.server.log.statemachine.data.sync.timeout = 10s (default)
2019-09-25 04:51:54,028 [pool-77-thread-1] INFO  server.RaftServerConfigKeys (ConfUtils.java:logGet(43)) - raft.server.log.statemachine.data.sync.timeout.retry = -1 (default)
2019-09-25 04:51:54,029 [pool-77-thread-1] INFO  server.RaftServerConfigKeys (ConfUtils.java:logGet(43)) - raft.server.log.statemachine.data.caching.enabled = true (custom)
2019-09-25 04:51:54,029 [pool-77-thread-1] INFO  segmented.SegmentedRaftLogWorker (SegmentedRaftLogWorker.java:lambda$new$0(132)) - a47783cb-f32c-4b3c-a96f-229a7b607849@group-7A09216C3206-SegmentedRaftLogWorker: flushIndex: setUnconditionally 0 -> -1
2019-09-25 04:51:54,030 [pool-77-thread-1] INFO  server.RaftServerConfigKeys (ConfUtils.java:logGet(43)) - raft.server.snapshot.auto.trigger.enabled = true (custom)
2019-09-25 04:51:54,030 [pool-77-thread-1] INFO  server.RaftServerConfigKeys (ConfUtils.java:logGet(43)) - raft.server.snapshot.auto.trigger.threshold = 10000 (custom)
2019-09-25 04:51:54,030 [pool-77-thread-1] INFO  server.RaftServerConfigKeys (ConfUtils.java:logGet(43)) - raft.server.snapshot.retention.num.files = 5 (custom)
2019-09-25 04:51:54,030 [pool-77-thread-1] INFO  server.RaftServerConfigKeys (ConfUtils.java:logGet(43)) - raft.server.retrycache.expirytime = 600000ms (custom)
2019-09-25 04:51:54,033 [pool-77-thread-1] INFO  impl.RaftServerImpl (RaftServerImpl.java:start(185)) - a47783cb-f32c-4b3c-a96f-229a7b607849@group-7A09216C3206: start as a follower, conf=-1: [a47783cb-f32c-4b3c-a96f-229a7b607849:192.168.164.207:45684], old=null
2019-09-25 04:51:54,033 [pool-77-thread-1] INFO  impl.RaftServerImpl (RaftServerImpl.java:setRole(174)) - a47783cb-f32c-4b3c-a96f-229a7b607849@group-7A09216C3206: changes role from      null to FOLLOWER at term 0 for startAsFollower
2019-09-25 04:51:54,033 [pool-77-thread-1] INFO  impl.RoleInfo (RoleInfo.java:updateAndGet(143)) - a47783cb-f32c-4b3c-a96f-229a7b607849: start FollowerState
2019-09-25 04:51:54,034 [pool-77-thread-1] INFO  util.JmxRegister (JmxRegister.java:tryRegister(44)) - Successfully registered JMX Bean with object name Ratis:service=RaftServer,group=group-7A09216C3206,id=a47783cb-f32c-4b3c-a96f-229a7b607849
2019-09-25 04:51:54,040 [RatisPipelineUtilsThread] INFO  pipeline.PipelineStateManager (PipelineStateManager.java:addPipeline(56)) - Created pipeline Pipeline[ Id: 594f7fa8-372e-481f-b1bd-7a09216c3206, Nodes: a47783cb-f32c-4b3c-a96f-229a7b607849{ip: 192.168.164.207, host: pr-hdds-1569-s44lr-3492059363, networkLocation: /default-rack, certSerialId: null}, Type:RATIS, Factor:ONE, State:OPEN]
2019-09-25 04:51:54,040 [RatisPipelineUtilsThread] INFO  pipeline.PipelinePlacementPolicy (PipelinePlacementPolicy.java:meetCriteria(91)) - Pipeline Placement: can't place more pipeline on heavy datanode： 061f0142-df7f-4ee2-9f4c-60a73b1123be Heaviness: 6 limit: 5
2019-09-25 04:51:54,041 [RatisPipelineUtilsThread] INFO  pipeline.PipelinePlacementPolicy (PipelinePlacementPolicy.java:meetCriteria(91)) - Pipeline Placement: can't place more pipeline on heavy datanode： 38e0221b-1a06-473d-b1e9-41261cc0c838 Heaviness: 6 limit: 5
2019-09-25 04:51:54,041 [RatisPipelineUtilsThread] INFO  pipeline.PipelinePlacementPolicy (PipelinePlacementPolicy.java:meetCriteria(91)) - Pipeline Placement: can't place more pipeline on heavy datanode： 5ef12726-03f2-4870-a114-ed0a439e18ee Heaviness: 6 limit: 5
2019-09-25 04:51:54,041 [RatisPipelineUtilsThread] INFO  pipeline.PipelinePlacementPolicy (PipelinePlacementPolicy.java:meetCriteria(91)) - Pipeline Placement: can't place more pipeline on heavy datanode： 38f9cd64-a54c-4b19-ac87-5788454c2084 Heaviness: 6 limit: 5
2019-09-25 04:51:54,055 [grpc-default-executor-1] INFO  impl.RaftServerProxy (RaftServerProxy.java:addNew(89)) - a47783cb-f32c-4b3c-a96f-229a7b607849: addNew group-48F40D58FA4A:[a47783cb-f32c-4b3c-a96f-229a7b607849:192.168.164.207:45684] returns group-48F40D58FA4A:java.util.concurrent.CompletableFuture@7574e28f[Not completed]
2019-09-25 04:51:54,056 [pool-77-thread-1] INFO  impl.RaftServerImpl (RaftServerImpl.java:<init>(95)) - a47783cb-f32c-4b3c-a96f-229a7b607849: new RaftServerImpl for group-48F40D58FA4A:[a47783cb-f32c-4b3c-a96f-229a7b607849:192.168.164.207:45684] with ContainerStateMachine:uninitialized
2019-09-25 04:51:54,057 [pool-77-thread-1] INFO  server.RaftServerConfigKeys (ConfUtils.java:logGet(43)) - raft.server.rpc.timeout.min = 5s (custom)
2019-09-25 04:51:54,057 [pool-77-thread-1] INFO  server.RaftServerConfigKeys (ConfUtils.java:logGet(43)) - raft.server.rpc.timeout.max = 5200ms (custom)
2019-09-25 04:51:54,057 [pool-77-thread-1] INFO  server.RaftServerConfigKeys (ConfUtils.java:logGet(43)) - raft.server.rpcslowness.timeout = 120s (custom)
2019-09-25 04:51:54,057 [pool-77-thread-1] INFO  server.RaftServerConfigKeys (ConfUtils.java:logGet(43)) - raft.server.sleep.deviation.threshold = 300 (default)
2019-09-25 04:51:54,057 [pool-77-thread-1] INFO  server.RaftServerConfigKeys (ConfUtils.java:logGet(43)) - raft.server.log.appender.install.snapshot.enabled = false (custom)
2019-09-25 04:51:54,057 [pool-77-thread-1] INFO  impl.RaftServerImpl (ServerState.java:<init>(103)) - a47783cb-f32c-4b3c-a96f-229a7b607849@group-48F40D58FA4A: ConfigurationManager, init=-1: [a47783cb-f32c-4b3c-a96f-229a7b607849:192.168.164.207:45684], old=null, confs=<EMPTY_MAP>
2019-09-25 04:51:54,057 [pool-77-thread-1] INFO  server.RaftServerConfigKeys (ConfUtils.java:logGet(43)) - raft.server.storage.dir = [/workdir/hadoop-ozone/integration-test/target/test-dir/MiniOzoneClusterImpl-ee606598-1675-4e02-b706-4bffbdc3363b/datanode-5/data/ratis] (custom)
2019-09-25 04:51:54,058 [pool-77-thread-1] INFO  storage.RaftStorageDirectory (RaftStorageDirectory.java:analyzeStorage(246)) - The storage directory /workdir/hadoop-ozone/integration-test/target/test-dir/MiniOzoneClusterImpl-ee606598-1675-4e02-b706-4bffbdc3363b/datanode-5/data/ratis/7ebfabfe-2809-40bd-ace1-48f40d58fa4a does not exist. Creating ...
2019-09-25 04:51:54,071 [pool-77-thread-1] INFO  storage.RaftStorageDirectory (RaftStorageDirectory.java:tryLock(328)) - Lock on /workdir/hadoop-ozone/integration-test/target/test-dir/MiniOzoneClusterImpl-ee606598-1675-4e02-b706-4bffbdc3363b/datanode-5/data/ratis/7ebfabfe-2809-40bd-ace1-48f40d58fa4a/in_use.lock acquired by nodename 13544@pr-hdds-1569-s44lr-3492059363
2019-09-25 04:51:54,084 [pool-77-thread-1] INFO  storage.RaftStorage (RaftStorage.java:format(72)) - Storage directory /workdir/hadoop-ozone/integration-test/target/test-dir/MiniOzoneClusterImpl-ee606598-1675-4e02-b706-4bffbdc3363b/datanode-5/data/ratis/7ebfabfe-2809-40bd-ace1-48f40d58fa4a has been successfully formatted.
2019-09-25 04:51:54,084 [pool-77-thread-1] INFO  ratis.ContainerStateMachine (ContainerStateMachine.java:loadSnapshot(230)) - group-48F40D58FA4A: The snapshot info is null. Setting the last applied indexto:(t:0, i:~)
2019-09-25 04:51:54,084 [pool-77-thread-1] INFO  server.RaftServerConfigKeys (ConfUtils.java:logGet(43)) - raft.server.notification.no-leader.timeout = 120s (custom)
2019-09-25 04:51:54,084 [pool-77-thread-1] INFO  server.RaftServerConfigKeys (ConfUtils.java:logGet(43)) - raft.server.log.use.memory = false (default)
2019-09-25 04:51:54,084 [pool-77-thread-1] INFO  server.RaftServerConfigKeys (ConfUtils.java:logGet(43)) - raft.server.log.purge.gap = 1000000 (custom)
2019-09-25 04:51:54,085 [pool-77-thread-1] INFO  server.RaftServerConfigKeys (ConfUtils.java:logGet(43)) - raft.server.log.appender.buffer.byte-limit = 33554432 (custom)
2019-09-25 04:51:54,085 [pool-77-thread-1] INFO  server.RaftServerConfigKeys (ConfUtils.java:logGet(43)) - raft.server.log.segment.size.max = 1048576 (custom)
2019-09-25 04:51:54,085 [pool-77-thread-1] INFO  server.RaftServerConfigKeys (ConfUtils.java:logGet(43)) - raft.server.log.segment.cache.num.max = 2 (custom)
2019-09-25 04:51:54,085 [pool-77-thread-1] INFO  segmented.SegmentedRaftLogWorker (SegmentedRaftLogWorker.java:<init>(172)) - new a47783cb-f32c-4b3c-a96f-229a7b607849@group-48F40D58FA4A-SegmentedRaftLogWorker for RaftStorage:Storage Directory /workdir/hadoop-ozone/integration-test/target/test-dir/MiniOzoneClusterImpl-ee606598-1675-4e02-b706-4bffbdc3363b/datanode-5/data/ratis/7ebfabfe-2809-40bd-ace1-48f40d58fa4a
2019-09-25 04:51:54,085 [pool-77-thread-1] INFO  server.RaftServerConfigKeys (ConfUtils.java:logGet(43)) - raft.server.log.queue.byte-limit = 2147483647 (custom)
2019-09-25 04:51:54,085 [pool-77-thread-1] INFO  server.RaftServerConfigKeys (ConfUtils.java:logGet(43)) - raft.server.log.queue.element-limit = 1024 (custom)
2019-09-25 04:51:54,085 [pool-77-thread-1] INFO  server.RaftServerConfigKeys (ConfUtils.java:logGet(43)) - raft.server.log.segment.size.max = 1048576 (custom)
2019-09-25 04:51:54,086 [pool-77-thread-1] INFO  server.RaftServerConfigKeys (ConfUtils.java:logGet(43)) - raft.server.log.preallocated.size = 16384 (custom)
2019-09-25 04:51:54,086 [pool-77-thread-1] INFO  server.RaftServerConfigKeys (ConfUtils.java:logGet(43)) - raft.server.log.write.buffer.size = 33554432 (custom)
2019-09-25 04:51:54,086 [pool-77-thread-1] INFO  server.RaftServerConfigKeys (ConfUtils.java:logGet(43)) - raft.server.log.force.sync.num = 128 (default)
2019-09-25 04:51:54,086 [pool-77-thread-1] INFO  server.RaftServerConfigKeys (ConfUtils.java:logGet(43)) - raft.server.log.statemachine.data.sync = true (default)
2019-09-25 04:51:54,086 [pool-77-thread-1] INFO  server.RaftServerConfigKeys (ConfUtils.java:logGet(43)) - raft.server.log.statemachine.data.sync.timeout = 10s (default)
2019-09-25 04:51:54,086 [pool-77-thread-1] INFO  server.RaftServerConfigKeys (ConfUtils.java:logGet(43)) - raft.server.log.statemachine.data.sync.timeout.retry = -1 (default)
2019-09-25 04:51:54,086 [pool-77-thread-1] INFO  server.RaftServerConfigKeys (ConfUtils.java:logGet(43)) - raft.server.log.statemachine.data.caching.enabled = true (custom)
2019-09-25 04:51:54,087 [pool-77-thread-1] INFO  segmented.SegmentedRaftLogWorker (SegmentedRaftLogWorker.java:lambda$new$0(132)) - a47783cb-f32c-4b3c-a96f-229a7b607849@group-48F40D58FA4A-SegmentedRaftLogWorker: flushIndex: setUnconditionally 0 -> -1
2019-09-25 04:51:54,087 [pool-77-thread-1] INFO  server.RaftServerConfigKeys (ConfUtils.java:logGet(43)) - raft.server.snapshot.auto.trigger.enabled = true (custom)
2019-09-25 04:51:54,087 [pool-77-thread-1] INFO  server.RaftServerConfigKeys (ConfUtils.java:logGet(43)) - raft.server.snapshot.auto.trigger.threshold = 10000 (custom)
2019-09-25 04:51:54,087 [pool-77-thread-1] INFO  server.RaftServerConfigKeys (ConfUtils.java:logGet(43)) - raft.server.snapshot.retention.num.files = 5 (custom)
2019-09-25 04:51:54,088 [pool-77-thread-1] INFO  server.RaftServerConfigKeys (ConfUtils.java:logGet(43)) - raft.server.retrycache.expirytime = 600000ms (custom)
2019-09-25 04:51:54,090 [pool-77-thread-1] INFO  impl.RaftServerImpl (RaftServerImpl.java:start(185)) - a47783cb-f32c-4b3c-a96f-229a7b607849@group-48F40D58FA4A: start as a follower, conf=-1: [a47783cb-f32c-4b3c-a96f-229a7b607849:192.168.164.207:45684], old=null
2019-09-25 04:51:54,090 [pool-77-thread-1] INFO  impl.RaftServerImpl (RaftServerImpl.java:setRole(174)) - a47783cb-f32c-4b3c-a96f-229a7b607849@group-48F40D58FA4A: changes role from      null to FOLLOWER at term 0 for startAsFollower
2019-09-25 04:51:54,090 [pool-77-thread-1] INFO  impl.RoleInfo (RoleInfo.java:updateAndGet(143)) - a47783cb-f32c-4b3c-a96f-229a7b607849: start FollowerState
2019-09-25 04:51:54,091 [pool-77-thread-1] INFO  util.JmxRegister (JmxRegister.java:tryRegister(44)) - Successfully registered JMX Bean with object name Ratis:service=RaftServer,group=group-48F40D58FA4A,id=a47783cb-f32c-4b3c-a96f-229a7b607849
2019-09-25 04:51:54,097 [RatisPipelineUtilsThread] INFO  pipeline.PipelineStateManager (PipelineStateManager.java:addPipeline(56)) - Created pipeline Pipeline[ Id: 7ebfabfe-2809-40bd-ace1-48f40d58fa4a, Nodes: a47783cb-f32c-4b3c-a96f-229a7b607849{ip: 192.168.164.207, host: pr-hdds-1569-s44lr-3492059363, networkLocation: /default-rack, certSerialId: null}, Type:RATIS, Factor:ONE, State:OPEN]
2019-09-25 04:51:54,097 [RatisPipelineUtilsThread] INFO  pipeline.PipelinePlacementPolicy (PipelinePlacementPolicy.java:meetCriteria(91)) - Pipeline Placement: can't place more pipeline on heavy datanode： a47783cb-f32c-4b3c-a96f-229a7b607849 Heaviness: 6 limit: 5
2019-09-25 04:51:54,097 [RatisPipelineUtilsThread] INFO  pipeline.PipelinePlacementPolicy (PipelinePlacementPolicy.java:meetCriteria(91)) - Pipeline Placement: can't place more pipeline on heavy datanode： 061f0142-df7f-4ee2-9f4c-60a73b1123be Heaviness: 6 limit: 5
2019-09-25 04:51:54,097 [RatisPipelineUtilsThread] INFO  pipeline.PipelinePlacementPolicy (PipelinePlacementPolicy.java:meetCriteria(91)) - Pipeline Placement: can't place more pipeline on heavy datanode： 38e0221b-1a06-473d-b1e9-41261cc0c838 Heaviness: 6 limit: 5
2019-09-25 04:51:54,098 [RatisPipelineUtilsThread] INFO  pipeline.PipelinePlacementPolicy (PipelinePlacementPolicy.java:meetCriteria(91)) - Pipeline Placement: can't place more pipeline on heavy datanode： 5ef12726-03f2-4870-a114-ed0a439e18ee Heaviness: 6 limit: 5
2019-09-25 04:51:54,098 [RatisPipelineUtilsThread] INFO  pipeline.PipelinePlacementPolicy (PipelinePlacementPolicy.java:meetCriteria(91)) - Pipeline Placement: can't place more pipeline on heavy datanode： 38f9cd64-a54c-4b19-ac87-5788454c2084 Heaviness: 6 limit: 5
2019-09-25 04:51:54,111 [grpc-default-executor-1] INFO  impl.RaftServerProxy (RaftServerProxy.java:addNew(89)) - af197493-ce66-4de5-b7e9-f4e1a29b0c2a: addNew group-EEF67CF31C04:[af197493-ce66-4de5-b7e9-f4e1a29b0c2a:192.168.164.207:32804] returns group-EEF67CF31C04:java.util.concurrent.CompletableFuture@317b9acf[Not completed]
2019-09-25 04:51:54,113 [pool-37-thread-1] INFO  impl.RaftServerImpl (RaftServerImpl.java:<init>(95)) - af197493-ce66-4de5-b7e9-f4e1a29b0c2a: new RaftServerImpl for group-EEF67CF31C04:[af197493-ce66-4de5-b7e9-f4e1a29b0c2a:192.168.164.207:32804] with ContainerStateMachine:uninitialized
2019-09-25 04:51:54,113 [pool-37-thread-1] INFO  server.RaftServerConfigKeys (ConfUtils.java:logGet(43)) - raft.server.rpc.timeout.min = 5s (custom)
2019-09-25 04:51:54,113 [pool-37-thread-1] INFO  server.RaftServerConfigKeys (ConfUtils.java:logGet(43)) - raft.server.rpc.timeout.max = 5200ms (custom)
2019-09-25 04:51:54,113 [pool-37-thread-1] INFO  server.RaftServerConfigKeys (ConfUtils.java:logGet(43)) - raft.server.rpcslowness.timeout = 120s (custom)
2019-09-25 04:51:54,113 [pool-37-thread-1] INFO  server.RaftServerConfigKeys (ConfUtils.java:logGet(43)) - raft.server.sleep.deviation.threshold = 300 (default)
2019-09-25 04:51:54,113 [pool-37-thread-1] INFO  server.RaftServerConfigKeys (ConfUtils.java:logGet(43)) - raft.server.log.appender.install.snapshot.enabled = false (custom)
2019-09-25 04:51:54,113 [pool-37-thread-1] INFO  impl.RaftServerImpl (ServerState.java:<init>(103)) - af197493-ce66-4de5-b7e9-f4e1a29b0c2a@group-EEF67CF31C04: ConfigurationManager, init=-1: [af197493-ce66-4de5-b7e9-f4e1a29b0c2a:192.168.164.207:32804], old=null, confs=<EMPTY_MAP>
2019-09-25 04:51:54,114 [pool-37-thread-1] INFO  server.RaftServerConfigKeys (ConfUtils.java:logGet(43)) - raft.server.storage.dir = [/workdir/hadoop-ozone/integration-test/target/test-dir/MiniOzoneClusterImpl-ee606598-1675-4e02-b706-4bffbdc3363b/datanode-1/data/ratis] (custom)
2019-09-25 04:51:54,114 [pool-37-thread-1] INFO  storage.RaftStorageDirectory (RaftStorageDirectory.java:analyzeStorage(246)) - The storage directory /workdir/hadoop-ozone/integration-test/target/test-dir/MiniOzoneClusterImpl-ee606598-1675-4e02-b706-4bffbdc3363b/datanode-1/data/ratis/54e08f0c-ed1c-494d-857e-eef67cf31c04 does not exist. Creating ...
2019-09-25 04:51:54,128 [pool-37-thread-1] INFO  storage.RaftStorageDirectory (RaftStorageDirectory.java:tryLock(328)) - Lock on /workdir/hadoop-ozone/integration-test/target/test-dir/MiniOzoneClusterImpl-ee606598-1675-4e02-b706-4bffbdc3363b/datanode-1/data/ratis/54e08f0c-ed1c-494d-857e-eef67cf31c04/in_use.lock acquired by nodename 13544@pr-hdds-1569-s44lr-3492059363
2019-09-25 04:51:54,158 [pool-37-thread-1] INFO  storage.RaftStorage (RaftStorage.java:format(72)) - Storage directory /workdir/hadoop-ozone/integration-test/target/test-dir/MiniOzoneClusterImpl-ee606598-1675-4e02-b706-4bffbdc3363b/datanode-1/data/ratis/54e08f0c-ed1c-494d-857e-eef67cf31c04 has been successfully formatted.
2019-09-25 04:51:54,159 [pool-37-thread-1] INFO  ratis.ContainerStateMachine (ContainerStateMachine.java:loadSnapshot(230)) - group-EEF67CF31C04: The snapshot info is null. Setting the last applied indexto:(t:0, i:~)
2019-09-25 04:51:54,159 [pool-37-thread-1] INFO  server.RaftServerConfigKeys (ConfUtils.java:logGet(43)) - raft.server.notification.no-leader.timeout = 120s (custom)
2019-09-25 04:51:54,159 [pool-37-thread-1] INFO  server.RaftServerConfigKeys (ConfUtils.java:logGet(43)) - raft.server.log.use.memory = false (default)
2019-09-25 04:51:54,159 [pool-37-thread-1] INFO  server.RaftServerConfigKeys (ConfUtils.java:logGet(43)) - raft.server.log.purge.gap = 1000000 (custom)
2019-09-25 04:51:54,159 [pool-37-thread-1] INFO  server.RaftServerConfigKeys (ConfUtils.java:logGet(43)) - raft.server.log.appender.buffer.byte-limit = 33554432 (custom)
2019-09-25 04:51:54,159 [pool-37-thread-1] INFO  server.RaftServerConfigKeys (ConfUtils.java:logGet(43)) - raft.server.log.segment.size.max = 1048576 (custom)
2019-09-25 04:51:54,159 [pool-37-thread-1] INFO  server.RaftServerConfigKeys (ConfUtils.java:logGet(43)) - raft.server.log.segment.cache.num.max = 2 (custom)
2019-09-25 04:51:54,160 [pool-37-thread-1] INFO  segmented.SegmentedRaftLogWorker (SegmentedRaftLogWorker.java:<init>(172)) - new af197493-ce66-4de5-b7e9-f4e1a29b0c2a@group-EEF67CF31C04-SegmentedRaftLogWorker for RaftStorage:Storage Directory /workdir/hadoop-ozone/integration-test/target/test-dir/MiniOzoneClusterImpl-ee606598-1675-4e02-b706-4bffbdc3363b/datanode-1/data/ratis/54e08f0c-ed1c-494d-857e-eef67cf31c04
2019-09-25 04:51:54,160 [pool-37-thread-1] INFO  server.RaftServerConfigKeys (ConfUtils.java:logGet(43)) - raft.server.log.queue.byte-limit = 2147483647 (custom)
2019-09-25 04:51:54,160 [pool-37-thread-1] INFO  server.RaftServerConfigKeys (ConfUtils.java:logGet(43)) - raft.server.log.queue.element-limit = 1024 (custom)
2019-09-25 04:51:54,160 [pool-37-thread-1] INFO  server.RaftServerConfigKeys (ConfUtils.java:logGet(43)) - raft.server.log.segment.size.max = 1048576 (custom)
2019-09-25 04:51:54,160 [pool-37-thread-1] INFO  server.RaftServerConfigKeys (ConfUtils.java:logGet(43)) - raft.server.log.preallocated.size = 16384 (custom)
2019-09-25 04:51:54,160 [pool-37-thread-1] INFO  server.RaftServerConfigKeys (ConfUtils.java:logGet(43)) - raft.server.log.write.buffer.size = 33554432 (custom)
2019-09-25 04:51:54,160 [pool-37-thread-1] INFO  server.RaftServerConfigKeys (ConfUtils.java:logGet(43)) - raft.server.log.force.sync.num = 128 (default)
2019-09-25 04:51:54,160 [pool-37-thread-1] INFO  server.RaftServerConfigKeys (ConfUtils.java:logGet(43)) - raft.server.log.statemachine.data.sync = true (default)
2019-09-25 04:51:54,160 [pool-37-thread-1] INFO  server.RaftServerConfigKeys (ConfUtils.java:logGet(43)) - raft.server.log.statemachine.data.sync.timeout = 10s (default)
2019-09-25 04:51:54,161 [pool-37-thread-1] INFO  server.RaftServerConfigKeys (ConfUtils.java:logGet(43)) - raft.server.log.statemachine.data.sync.timeout.retry = -1 (default)
2019-09-25 04:51:54,161 [pool-37-thread-1] INFO  server.RaftServerConfigKeys (ConfUtils.java:logGet(43)) - raft.server.log.statemachine.data.caching.enabled = true (custom)
2019-09-25 04:51:54,161 [pool-37-thread-1] INFO  segmented.SegmentedRaftLogWorker (SegmentedRaftLogWorker.java:lambda$new$0(132)) - af197493-ce66-4de5-b7e9-f4e1a29b0c2a@group-EEF67CF31C04-SegmentedRaftLogWorker: flushIndex: setUnconditionally 0 -> -1
2019-09-25 04:51:54,161 [pool-37-thread-1] INFO  server.RaftServerConfigKeys (ConfUtils.java:logGet(43)) - raft.server.snapshot.auto.trigger.enabled = true (custom)
2019-09-25 04:51:54,162 [pool-37-thread-1] INFO  server.RaftServerConfigKeys (ConfUtils.java:logGet(43)) - raft.server.snapshot.auto.trigger.threshold = 10000 (custom)
2019-09-25 04:51:54,162 [pool-37-thread-1] INFO  server.RaftServerConfigKeys (ConfUtils.java:logGet(43)) - raft.server.snapshot.retention.num.files = 5 (custom)
2019-09-25 04:51:54,162 [pool-37-thread-1] INFO  server.RaftServerConfigKeys (ConfUtils.java:logGet(43)) - raft.server.retrycache.expirytime = 600000ms (custom)
2019-09-25 04:51:54,164 [pool-37-thread-1] INFO  impl.RaftServerImpl (RaftServerImpl.java:start(185)) - af197493-ce66-4de5-b7e9-f4e1a29b0c2a@group-EEF67CF31C04: start as a follower, conf=-1: [af197493-ce66-4de5-b7e9-f4e1a29b0c2a:192.168.164.207:32804], old=null
2019-09-25 04:51:54,164 [pool-37-thread-1] INFO  impl.RaftServerImpl (RaftServerImpl.java:setRole(174)) - af197493-ce66-4de5-b7e9-f4e1a29b0c2a@group-EEF67CF31C04: changes role from      null to FOLLOWER at term 0 for startAsFollower
2019-09-25 04:51:54,165 [pool-37-thread-1] INFO  impl.RoleInfo (RoleInfo.java:updateAndGet(143)) - af197493-ce66-4de5-b7e9-f4e1a29b0c2a: start FollowerState
2019-09-25 04:51:54,165 [pool-37-thread-1] INFO  util.JmxRegister (JmxRegister.java:tryRegister(44)) - Successfully registered JMX Bean with object name Ratis:service=RaftServer,group=group-EEF67CF31C04,id=af197493-ce66-4de5-b7e9-f4e1a29b0c2a
2019-09-25 04:51:54,170 [RatisPipelineUtilsThread] INFO  pipeline.PipelineStateManager (PipelineStateManager.java:addPipeline(56)) - Created pipeline Pipeline[ Id: 54e08f0c-ed1c-494d-857e-eef67cf31c04, Nodes: af197493-ce66-4de5-b7e9-f4e1a29b0c2a{ip: 192.168.164.207, host: pr-hdds-1569-s44lr-3492059363, networkLocation: /default-rack, certSerialId: null}, Type:RATIS, Factor:ONE, State:OPEN]
2019-09-25 04:51:54,171 [RatisPipelineUtilsThread] INFO  pipeline.PipelinePlacementPolicy (PipelinePlacementPolicy.java:meetCriteria(91)) - Pipeline Placement: can't place more pipeline on heavy datanode： a47783cb-f32c-4b3c-a96f-229a7b607849 Heaviness: 6 limit: 5
2019-09-25 04:51:54,171 [RatisPipelineUtilsThread] INFO  pipeline.PipelinePlacementPolicy (PipelinePlacementPolicy.java:meetCriteria(91)) - Pipeline Placement: can't place more pipeline on heavy datanode： 061f0142-df7f-4ee2-9f4c-60a73b1123be Heaviness: 6 limit: 5
2019-09-25 04:51:54,171 [RatisPipelineUtilsThread] INFO  pipeline.PipelinePlacementPolicy (PipelinePlacementPolicy.java:meetCriteria(91)) - Pipeline Placement: can't place more pipeline on heavy datanode： 38e0221b-1a06-473d-b1e9-41261cc0c838 Heaviness: 6 limit: 5
2019-09-25 04:51:54,171 [RatisPipelineUtilsThread] INFO  pipeline.PipelinePlacementPolicy (PipelinePlacementPolicy.java:meetCriteria(91)) - Pipeline Placement: can't place more pipeline on heavy datanode： 5ef12726-03f2-4870-a114-ed0a439e18ee Heaviness: 6 limit: 5
2019-09-25 04:51:54,171 [RatisPipelineUtilsThread] INFO  pipeline.PipelinePlacementPolicy (PipelinePlacementPolicy.java:meetCriteria(91)) - Pipeline Placement: can't place more pipeline on heavy datanode： 38f9cd64-a54c-4b19-ac87-5788454c2084 Heaviness: 6 limit: 5
2019-09-25 04:51:54,181 [grpc-default-executor-1] INFO  impl.RaftServerProxy (RaftServerProxy.java:addNew(89)) - af197493-ce66-4de5-b7e9-f4e1a29b0c2a: addNew group-9A0A9C024F60:[af197493-ce66-4de5-b7e9-f4e1a29b0c2a:192.168.164.207:32804] returns group-9A0A9C024F60:java.util.concurrent.CompletableFuture@2abe2d70[Not completed]
2019-09-25 04:51:54,182 [pool-37-thread-1] INFO  impl.RaftServerImpl (RaftServerImpl.java:<init>(95)) - af197493-ce66-4de5-b7e9-f4e1a29b0c2a: new RaftServerImpl for group-9A0A9C024F60:[af197493-ce66-4de5-b7e9-f4e1a29b0c2a:192.168.164.207:32804] with ContainerStateMachine:uninitialized
2019-09-25 04:51:54,183 [pool-37-thread-1] INFO  server.RaftServerConfigKeys (ConfUtils.java:logGet(43)) - raft.server.rpc.timeout.min = 5s (custom)
2019-09-25 04:51:54,183 [pool-37-thread-1] INFO  server.RaftServerConfigKeys (ConfUtils.java:logGet(43)) - raft.server.rpc.timeout.max = 5200ms (custom)
2019-09-25 04:51:54,183 [pool-37-thread-1] INFO  server.RaftServerConfigKeys (ConfUtils.java:logGet(43)) - raft.server.rpcslowness.timeout = 120s (custom)
2019-09-25 04:51:54,183 [pool-37-thread-1] INFO  server.RaftServerConfigKeys (ConfUtils.java:logGet(43)) - raft.server.sleep.deviation.threshold = 300 (default)
2019-09-25 04:51:54,183 [pool-37-thread-1] INFO  server.RaftServerConfigKeys (ConfUtils.java:logGet(43)) - raft.server.log.appender.install.snapshot.enabled = false (custom)
2019-09-25 04:51:54,183 [pool-37-thread-1] INFO  impl.RaftServerImpl (ServerState.java:<init>(103)) - af197493-ce66-4de5-b7e9-f4e1a29b0c2a@group-9A0A9C024F60: ConfigurationManager, init=-1: [af197493-ce66-4de5-b7e9-f4e1a29b0c2a:192.168.164.207:32804], old=null, confs=<EMPTY_MAP>
2019-09-25 04:51:54,183 [pool-37-thread-1] INFO  server.RaftServerConfigKeys (ConfUtils.java:logGet(43)) - raft.server.storage.dir = [/workdir/hadoop-ozone/integration-test/target/test-dir/MiniOzoneClusterImpl-ee606598-1675-4e02-b706-4bffbdc3363b/datanode-1/data/ratis] (custom)
2019-09-25 04:51:54,184 [pool-37-thread-1] INFO  storage.RaftStorageDirectory (RaftStorageDirectory.java:analyzeStorage(246)) - The storage directory /workdir/hadoop-ozone/integration-test/target/test-dir/MiniOzoneClusterImpl-ee606598-1675-4e02-b706-4bffbdc3363b/datanode-1/data/ratis/87dc6b02-a108-472d-b48e-9a0a9c024f60 does not exist. Creating ...
2019-09-25 04:51:54,197 [pool-37-thread-1] INFO  storage.RaftStorageDirectory (RaftStorageDirectory.java:tryLock(328)) - Lock on /workdir/hadoop-ozone/integration-test/target/test-dir/MiniOzoneClusterImpl-ee606598-1675-4e02-b706-4bffbdc3363b/datanode-1/data/ratis/87dc6b02-a108-472d-b48e-9a0a9c024f60/in_use.lock acquired by nodename 13544@pr-hdds-1569-s44lr-3492059363
2019-09-25 04:51:54,210 [pool-37-thread-1] INFO  storage.RaftStorage (RaftStorage.java:format(72)) - Storage directory /workdir/hadoop-ozone/integration-test/target/test-dir/MiniOzoneClusterImpl-ee606598-1675-4e02-b706-4bffbdc3363b/datanode-1/data/ratis/87dc6b02-a108-472d-b48e-9a0a9c024f60 has been successfully formatted.
2019-09-25 04:51:54,210 [pool-37-thread-1] INFO  ratis.ContainerStateMachine (ContainerStateMachine.java:loadSnapshot(230)) - group-9A0A9C024F60: The snapshot info is null. Setting the last applied indexto:(t:0, i:~)
2019-09-25 04:51:54,210 [pool-37-thread-1] INFO  server.RaftServerConfigKeys (ConfUtils.java:logGet(43)) - raft.server.notification.no-leader.timeout = 120s (custom)
2019-09-25 04:51:54,210 [pool-37-thread-1] INFO  server.RaftServerConfigKeys (ConfUtils.java:logGet(43)) - raft.server.log.use.memory = false (default)
2019-09-25 04:51:54,210 [pool-37-thread-1] INFO  server.RaftServerConfigKeys (ConfUtils.java:logGet(43)) - raft.server.log.purge.gap = 1000000 (custom)
2019-09-25 04:51:54,210 [pool-37-thread-1] INFO  server.RaftServerConfigKeys (ConfUtils.java:logGet(43)) - raft.server.log.appender.buffer.byte-limit = 33554432 (custom)
2019-09-25 04:51:54,211 [pool-37-thread-1] INFO  server.RaftServerConfigKeys (ConfUtils.java:logGet(43)) - raft.server.log.segment.size.max = 1048576 (custom)
2019-09-25 04:51:54,211 [pool-37-thread-1] INFO  server.RaftServerConfigKeys (ConfUtils.java:logGet(43)) - raft.server.log.segment.cache.num.max = 2 (custom)
2019-09-25 04:51:54,211 [pool-37-thread-1] INFO  segmented.SegmentedRaftLogWorker (SegmentedRaftLogWorker.java:<init>(172)) - new af197493-ce66-4de5-b7e9-f4e1a29b0c2a@group-9A0A9C024F60-SegmentedRaftLogWorker for RaftStorage:Storage Directory /workdir/hadoop-ozone/integration-test/target/test-dir/MiniOzoneClusterImpl-ee606598-1675-4e02-b706-4bffbdc3363b/datanode-1/data/ratis/87dc6b02-a108-472d-b48e-9a0a9c024f60
2019-09-25 04:51:54,211 [pool-37-thread-1] INFO  server.RaftServerConfigKeys (ConfUtils.java:logGet(43)) - raft.server.log.queue.byte-limit = 2147483647 (custom)
2019-09-25 04:51:54,211 [pool-37-thread-1] INFO  server.RaftServerConfigKeys (ConfUtils.java:logGet(43)) - raft.server.log.queue.element-limit = 1024 (custom)
2019-09-25 04:51:54,211 [pool-37-thread-1] INFO  server.RaftServerConfigKeys (ConfUtils.java:logGet(43)) - raft.server.log.segment.size.max = 1048576 (custom)
2019-09-25 04:51:54,211 [pool-37-thread-1] INFO  server.RaftServerConfigKeys (ConfUtils.java:logGet(43)) - raft.server.log.preallocated.size = 16384 (custom)
2019-09-25 04:51:54,212 [pool-37-thread-1] INFO  server.RaftServerConfigKeys (ConfUtils.java:logGet(43)) - raft.server.log.write.buffer.size = 33554432 (custom)
2019-09-25 04:51:54,212 [pool-37-thread-1] INFO  server.RaftServerConfigKeys (ConfUtils.java:logGet(43)) - raft.server.log.force.sync.num = 128 (default)
2019-09-25 04:51:54,212 [pool-37-thread-1] INFO  server.RaftServerConfigKeys (ConfUtils.java:logGet(43)) - raft.server.log.statemachine.data.sync = true (default)
2019-09-25 04:51:54,212 [pool-37-thread-1] INFO  server.RaftServerConfigKeys (ConfUtils.java:logGet(43)) - raft.server.log.statemachine.data.sync.timeout = 10s (default)
2019-09-25 04:51:54,212 [pool-37-thread-1] INFO  server.RaftServerConfigKeys (ConfUtils.java:logGet(43)) - raft.server.log.statemachine.data.sync.timeout.retry = -1 (default)
2019-09-25 04:51:54,212 [pool-37-thread-1] INFO  server.RaftServerConfigKeys (ConfUtils.java:logGet(43)) - raft.server.log.statemachine.data.caching.enabled = true (custom)
2019-09-25 04:51:54,212 [pool-37-thread-1] INFO  segmented.SegmentedRaftLogWorker (SegmentedRaftLogWorker.java:lambda$new$0(132)) - af197493-ce66-4de5-b7e9-f4e1a29b0c2a@group-9A0A9C024F60-SegmentedRaftLogWorker: flushIndex: setUnconditionally 0 -> -1
2019-09-25 04:51:54,213 [pool-37-thread-1] INFO  server.RaftServerConfigKeys (ConfUtils.java:logGet(43)) - raft.server.snapshot.auto.trigger.enabled = true (custom)
2019-09-25 04:51:54,213 [pool-37-thread-1] INFO  server.RaftServerConfigKeys (ConfUtils.java:logGet(43)) - raft.server.snapshot.auto.trigger.threshold = 10000 (custom)
2019-09-25 04:51:54,213 [pool-37-thread-1] INFO  server.RaftServerConfigKeys (ConfUtils.java:logGet(43)) - raft.server.snapshot.retention.num.files = 5 (custom)
2019-09-25 04:51:54,213 [pool-37-thread-1] INFO  server.RaftServerConfigKeys (ConfUtils.java:logGet(43)) - raft.server.retrycache.expirytime = 600000ms (custom)
2019-09-25 04:51:54,215 [pool-37-thread-1] INFO  impl.RaftServerImpl (RaftServerImpl.java:start(185)) - af197493-ce66-4de5-b7e9-f4e1a29b0c2a@group-9A0A9C024F60: start as a follower, conf=-1: [af197493-ce66-4de5-b7e9-f4e1a29b0c2a:192.168.164.207:32804], old=null
2019-09-25 04:51:54,216 [pool-37-thread-1] INFO  impl.RaftServerImpl (RaftServerImpl.java:setRole(174)) - af197493-ce66-4de5-b7e9-f4e1a29b0c2a@group-9A0A9C024F60: changes role from      null to FOLLOWER at term 0 for startAsFollower
2019-09-25 04:51:54,216 [pool-37-thread-1] INFO  impl.RoleInfo (RoleInfo.java:updateAndGet(143)) - af197493-ce66-4de5-b7e9-f4e1a29b0c2a: start FollowerState
2019-09-25 04:51:54,216 [pool-37-thread-1] INFO  util.JmxRegister (JmxRegister.java:tryRegister(44)) - Successfully registered JMX Bean with object name Ratis:service=RaftServer,group=group-9A0A9C024F60,id=af197493-ce66-4de5-b7e9-f4e1a29b0c2a
2019-09-25 04:51:54,221 [RatisPipelineUtilsThread] INFO  pipeline.PipelineStateManager (PipelineStateManager.java:addPipeline(56)) - Created pipeline Pipeline[ Id: 87dc6b02-a108-472d-b48e-9a0a9c024f60, Nodes: af197493-ce66-4de5-b7e9-f4e1a29b0c2a{ip: 192.168.164.207, host: pr-hdds-1569-s44lr-3492059363, networkLocation: /default-rack, certSerialId: null}, Type:RATIS, Factor:ONE, State:OPEN]
2019-09-25 04:51:54,221 [RatisPipelineUtilsThread] INFO  pipeline.PipelinePlacementPolicy (PipelinePlacementPolicy.java:meetCriteria(91)) - Pipeline Placement: can't place more pipeline on heavy datanode： a47783cb-f32c-4b3c-a96f-229a7b607849 Heaviness: 6 limit: 5
2019-09-25 04:51:54,221 [RatisPipelineUtilsThread] INFO  pipeline.PipelinePlacementPolicy (PipelinePlacementPolicy.java:meetCriteria(91)) - Pipeline Placement: can't place more pipeline on heavy datanode： 061f0142-df7f-4ee2-9f4c-60a73b1123be Heaviness: 6 limit: 5
2019-09-25 04:51:54,221 [RatisPipelineUtilsThread] INFO  pipeline.PipelinePlacementPolicy (PipelinePlacementPolicy.java:meetCriteria(91)) - Pipeline Placement: can't place more pipeline on heavy datanode： 38e0221b-1a06-473d-b1e9-41261cc0c838 Heaviness: 6 limit: 5
2019-09-25 04:51:54,221 [RatisPipelineUtilsThread] INFO  pipeline.PipelinePlacementPolicy (PipelinePlacementPolicy.java:meetCriteria(91)) - Pipeline Placement: can't place more pipeline on heavy datanode： 5ef12726-03f2-4870-a114-ed0a439e18ee Heaviness: 6 limit: 5
2019-09-25 04:51:54,222 [RatisPipelineUtilsThread] INFO  pipeline.PipelinePlacementPolicy (PipelinePlacementPolicy.java:meetCriteria(91)) - Pipeline Placement: can't place more pipeline on heavy datanode： 38f9cd64-a54c-4b19-ac87-5788454c2084 Heaviness: 6 limit: 5
2019-09-25 04:51:54,237 [grpc-default-executor-1] INFO  impl.RaftServerProxy (RaftServerProxy.java:addNew(89)) - af197493-ce66-4de5-b7e9-f4e1a29b0c2a: addNew group-76575C962EE6:[af197493-ce66-4de5-b7e9-f4e1a29b0c2a:192.168.164.207:32804] returns group-76575C962EE6:java.util.concurrent.CompletableFuture@5babb913[Not completed]
2019-09-25 04:51:54,239 [pool-37-thread-1] INFO  impl.RaftServerImpl (RaftServerImpl.java:<init>(95)) - af197493-ce66-4de5-b7e9-f4e1a29b0c2a: new RaftServerImpl for group-76575C962EE6:[af197493-ce66-4de5-b7e9-f4e1a29b0c2a:192.168.164.207:32804] with ContainerStateMachine:uninitialized
2019-09-25 04:51:54,239 [pool-37-thread-1] INFO  server.RaftServerConfigKeys (ConfUtils.java:logGet(43)) - raft.server.rpc.timeout.min = 5s (custom)
2019-09-25 04:51:54,239 [pool-37-thread-1] INFO  server.RaftServerConfigKeys (ConfUtils.java:logGet(43)) - raft.server.rpc.timeout.max = 5200ms (custom)
2019-09-25 04:51:54,239 [pool-37-thread-1] INFO  server.RaftServerConfigKeys (ConfUtils.java:logGet(43)) - raft.server.rpcslowness.timeout = 120s (custom)
2019-09-25 04:51:54,239 [pool-37-thread-1] INFO  server.RaftServerConfigKeys (ConfUtils.java:logGet(43)) - raft.server.sleep.deviation.threshold = 300 (default)
2019-09-25 04:51:54,239 [pool-37-thread-1] INFO  server.RaftServerConfigKeys (ConfUtils.java:logGet(43)) - raft.server.log.appender.install.snapshot.enabled = false (custom)
2019-09-25 04:51:54,239 [pool-37-thread-1] INFO  impl.RaftServerImpl (ServerState.java:<init>(103)) - af197493-ce66-4de5-b7e9-f4e1a29b0c2a@group-76575C962EE6: ConfigurationManager, init=-1: [af197493-ce66-4de5-b7e9-f4e1a29b0c2a:192.168.164.207:32804], old=null, confs=<EMPTY_MAP>
2019-09-25 04:51:54,239 [pool-37-thread-1] INFO  server.RaftServerConfigKeys (ConfUtils.java:logGet(43)) - raft.server.storage.dir = [/workdir/hadoop-ozone/integration-test/target/test-dir/MiniOzoneClusterImpl-ee606598-1675-4e02-b706-4bffbdc3363b/datanode-1/data/ratis] (custom)
2019-09-25 04:51:54,240 [pool-37-thread-1] INFO  storage.RaftStorageDirectory (RaftStorageDirectory.java:analyzeStorage(246)) - The storage directory /workdir/hadoop-ozone/integration-test/target/test-dir/MiniOzoneClusterImpl-ee606598-1675-4e02-b706-4bffbdc3363b/datanode-1/data/ratis/64440bb4-5422-4f78-83ae-76575c962ee6 does not exist. Creating ...
2019-09-25 04:51:54,253 [pool-37-thread-1] INFO  storage.RaftStorageDirectory (RaftStorageDirectory.java:tryLock(328)) - Lock on /workdir/hadoop-ozone/integration-test/target/test-dir/MiniOzoneClusterImpl-ee606598-1675-4e02-b706-4bffbdc3363b/datanode-1/data/ratis/64440bb4-5422-4f78-83ae-76575c962ee6/in_use.lock acquired by nodename 13544@pr-hdds-1569-s44lr-3492059363
2019-09-25 04:51:54,266 [pool-37-thread-1] INFO  storage.RaftStorage (RaftStorage.java:format(72)) - Storage directory /workdir/hadoop-ozone/integration-test/target/test-dir/MiniOzoneClusterImpl-ee606598-1675-4e02-b706-4bffbdc3363b/datanode-1/data/ratis/64440bb4-5422-4f78-83ae-76575c962ee6 has been successfully formatted.
2019-09-25 04:51:54,266 [pool-37-thread-1] INFO  ratis.ContainerStateMachine (ContainerStateMachine.java:loadSnapshot(230)) - group-76575C962EE6: The snapshot info is null. Setting the last applied indexto:(t:0, i:~)
2019-09-25 04:51:54,266 [pool-37-thread-1] INFO  server.RaftServerConfigKeys (ConfUtils.java:logGet(43)) - raft.server.notification.no-leader.timeout = 120s (custom)
2019-09-25 04:51:54,266 [pool-37-thread-1] INFO  server.RaftServerConfigKeys (ConfUtils.java:logGet(43)) - raft.server.log.use.memory = false (default)
2019-09-25 04:51:54,266 [pool-37-thread-1] INFO  server.RaftServerConfigKeys (ConfUtils.java:logGet(43)) - raft.server.log.purge.gap = 1000000 (custom)
2019-09-25 04:51:54,267 [pool-37-thread-1] INFO  server.RaftServerConfigKeys (ConfUtils.java:logGet(43)) - raft.server.log.appender.buffer.byte-limit = 33554432 (custom)
2019-09-25 04:51:54,267 [pool-37-thread-1] INFO  server.RaftServerConfigKeys (ConfUtils.java:logGet(43)) - raft.server.log.segment.size.max = 1048576 (custom)
2019-09-25 04:51:54,267 [pool-37-thread-1] INFO  server.RaftServerConfigKeys (ConfUtils.java:logGet(43)) - raft.server.log.segment.cache.num.max = 2 (custom)
2019-09-25 04:51:54,267 [pool-37-thread-1] INFO  segmented.SegmentedRaftLogWorker (SegmentedRaftLogWorker.java:<init>(172)) - new af197493-ce66-4de5-b7e9-f4e1a29b0c2a@group-76575C962EE6-SegmentedRaftLogWorker for RaftStorage:Storage Directory /workdir/hadoop-ozone/integration-test/target/test-dir/MiniOzoneClusterImpl-ee606598-1675-4e02-b706-4bffbdc3363b/datanode-1/data/ratis/64440bb4-5422-4f78-83ae-76575c962ee6
2019-09-25 04:51:54,267 [pool-37-thread-1] INFO  server.RaftServerConfigKeys (ConfUtils.java:logGet(43)) - raft.server.log.queue.byte-limit = 2147483647 (custom)
2019-09-25 04:51:54,267 [pool-37-thread-1] INFO  server.RaftServerConfigKeys (ConfUtils.java:logGet(43)) - raft.server.log.queue.element-limit = 1024 (custom)
2019-09-25 04:51:54,267 [pool-37-thread-1] INFO  server.RaftServerConfigKeys (ConfUtils.java:logGet(43)) - raft.server.log.segment.size.max = 1048576 (custom)
2019-09-25 04:51:54,267 [pool-37-thread-1] INFO  server.RaftServerConfigKeys (ConfUtils.java:logGet(43)) - raft.server.log.preallocated.size = 16384 (custom)
2019-09-25 04:51:54,268 [pool-37-thread-1] INFO  server.RaftServerConfigKeys (ConfUtils.java:logGet(43)) - raft.server.log.write.buffer.size = 33554432 (custom)
2019-09-25 04:51:54,268 [pool-37-thread-1] INFO  server.RaftServerConfigKeys (ConfUtils.java:logGet(43)) - raft.server.log.force.sync.num = 128 (default)
2019-09-25 04:51:54,268 [pool-37-thread-1] INFO  server.RaftServerConfigKeys (ConfUtils.java:logGet(43)) - raft.server.log.statemachine.data.sync = true (default)
2019-09-25 04:51:54,268 [pool-37-thread-1] INFO  server.RaftServerConfigKeys (ConfUtils.java:logGet(43)) - raft.server.log.statemachine.data.sync.timeout = 10s (default)
2019-09-25 04:51:54,268 [pool-37-thread-1] INFO  server.RaftServerConfigKeys (ConfUtils.java:logGet(43)) - raft.server.log.statemachine.data.sync.timeout.retry = -1 (default)
2019-09-25 04:51:54,268 [pool-37-thread-1] INFO  server.RaftServerConfigKeys (ConfUtils.java:logGet(43)) - raft.server.log.statemachine.data.caching.enabled = true (custom)
2019-09-25 04:51:54,268 [pool-37-thread-1] INFO  segmented.SegmentedRaftLogWorker (SegmentedRaftLogWorker.java:lambda$new$0(132)) - af197493-ce66-4de5-b7e9-f4e1a29b0c2a@group-76575C962EE6-SegmentedRaftLogWorker: flushIndex: setUnconditionally 0 -> -1
2019-09-25 04:51:54,269 [pool-37-thread-1] INFO  server.RaftServerConfigKeys (ConfUtils.java:logGet(43)) - raft.server.snapshot.auto.trigger.enabled = true (custom)
2019-09-25 04:51:54,269 [pool-37-thread-1] INFO  server.RaftServerConfigKeys (ConfUtils.java:logGet(43)) - raft.server.snapshot.auto.trigger.threshold = 10000 (custom)
2019-09-25 04:51:54,269 [pool-37-thread-1] INFO  server.RaftServerConfigKeys (ConfUtils.java:logGet(43)) - raft.server.snapshot.retention.num.files = 5 (custom)
2019-09-25 04:51:54,269 [pool-37-thread-1] INFO  server.RaftServerConfigKeys (ConfUtils.java:logGet(43)) - raft.server.retrycache.expirytime = 600000ms (custom)
2019-09-25 04:51:54,271 [pool-37-thread-1] INFO  impl.RaftServerImpl (RaftServerImpl.java:start(185)) - af197493-ce66-4de5-b7e9-f4e1a29b0c2a@group-76575C962EE6: start as a follower, conf=-1: [af197493-ce66-4de5-b7e9-f4e1a29b0c2a:192.168.164.207:32804], old=null
2019-09-25 04:51:54,271 [pool-37-thread-1] INFO  impl.RaftServerImpl (RaftServerImpl.java:setRole(174)) - af197493-ce66-4de5-b7e9-f4e1a29b0c2a@group-76575C962EE6: changes role from      null to FOLLOWER at term 0 for startAsFollower
2019-09-25 04:51:54,272 [pool-37-thread-1] INFO  impl.RoleInfo (RoleInfo.java:updateAndGet(143)) - af197493-ce66-4de5-b7e9-f4e1a29b0c2a: start FollowerState
2019-09-25 04:51:54,272 [pool-37-thread-1] INFO  util.JmxRegister (JmxRegister.java:tryRegister(44)) - Successfully registered JMX Bean with object name Ratis:service=RaftServer,group=group-76575C962EE6,id=af197493-ce66-4de5-b7e9-f4e1a29b0c2a
2019-09-25 04:51:54,276 [RatisPipelineUtilsThread] INFO  pipeline.PipelineStateManager (PipelineStateManager.java:addPipeline(56)) - Created pipeline Pipeline[ Id: 64440bb4-5422-4f78-83ae-76575c962ee6, Nodes: af197493-ce66-4de5-b7e9-f4e1a29b0c2a{ip: 192.168.164.207, host: pr-hdds-1569-s44lr-3492059363, networkLocation: /default-rack, certSerialId: null}, Type:RATIS, Factor:ONE, State:OPEN]
2019-09-25 04:51:54,277 [RatisPipelineUtilsThread] INFO  pipeline.PipelinePlacementPolicy (PipelinePlacementPolicy.java:meetCriteria(91)) - Pipeline Placement: can't place more pipeline on heavy datanode： a47783cb-f32c-4b3c-a96f-229a7b607849 Heaviness: 6 limit: 5
2019-09-25 04:51:54,277 [RatisPipelineUtilsThread] INFO  pipeline.PipelinePlacementPolicy (PipelinePlacementPolicy.java:meetCriteria(91)) - Pipeline Placement: can't place more pipeline on heavy datanode： 061f0142-df7f-4ee2-9f4c-60a73b1123be Heaviness: 6 limit: 5
2019-09-25 04:51:54,277 [RatisPipelineUtilsThread] INFO  pipeline.PipelinePlacementPolicy (PipelinePlacementPolicy.java:meetCriteria(91)) - Pipeline Placement: can't place more pipeline on heavy datanode： 38e0221b-1a06-473d-b1e9-41261cc0c838 Heaviness: 6 limit: 5
2019-09-25 04:51:54,277 [RatisPipelineUtilsThread] INFO  pipeline.PipelinePlacementPolicy (PipelinePlacementPolicy.java:meetCriteria(91)) - Pipeline Placement: can't place more pipeline on heavy datanode： 5ef12726-03f2-4870-a114-ed0a439e18ee Heaviness: 6 limit: 5
2019-09-25 04:51:54,277 [RatisPipelineUtilsThread] INFO  pipeline.PipelinePlacementPolicy (PipelinePlacementPolicy.java:meetCriteria(91)) - Pipeline Placement: can't place more pipeline on heavy datanode： 38f9cd64-a54c-4b19-ac87-5788454c2084 Heaviness: 6 limit: 5
2019-09-25 04:51:54,296 [grpc-default-executor-1] INFO  impl.RaftServerProxy (RaftServerProxy.java:addNew(89)) - af197493-ce66-4de5-b7e9-f4e1a29b0c2a: addNew group-405AE4309E75:[af197493-ce66-4de5-b7e9-f4e1a29b0c2a:192.168.164.207:32804] returns group-405AE4309E75:java.util.concurrent.CompletableFuture@1ef4f508[Not completed]
2019-09-25 04:51:54,297 [pool-37-thread-1] INFO  impl.RaftServerImpl (RaftServerImpl.java:<init>(95)) - af197493-ce66-4de5-b7e9-f4e1a29b0c2a: new RaftServerImpl for group-405AE4309E75:[af197493-ce66-4de5-b7e9-f4e1a29b0c2a:192.168.164.207:32804] with ContainerStateMachine:uninitialized
2019-09-25 04:51:54,297 [pool-37-thread-1] INFO  server.RaftServerConfigKeys (ConfUtils.java:logGet(43)) - raft.server.rpc.timeout.min = 5s (custom)
2019-09-25 04:51:54,297 [pool-37-thread-1] INFO  server.RaftServerConfigKeys (ConfUtils.java:logGet(43)) - raft.server.rpc.timeout.max = 5200ms (custom)
2019-09-25 04:51:54,297 [pool-37-thread-1] INFO  server.RaftServerConfigKeys (ConfUtils.java:logGet(43)) - raft.server.rpcslowness.timeout = 120s (custom)
2019-09-25 04:51:54,297 [pool-37-thread-1] INFO  server.RaftServerConfigKeys (ConfUtils.java:logGet(43)) - raft.server.sleep.deviation.threshold = 300 (default)
2019-09-25 04:51:54,297 [pool-37-thread-1] INFO  server.RaftServerConfigKeys (ConfUtils.java:logGet(43)) - raft.server.log.appender.install.snapshot.enabled = false (custom)
2019-09-25 04:51:54,298 [pool-37-thread-1] INFO  impl.RaftServerImpl (ServerState.java:<init>(103)) - af197493-ce66-4de5-b7e9-f4e1a29b0c2a@group-405AE4309E75: ConfigurationManager, init=-1: [af197493-ce66-4de5-b7e9-f4e1a29b0c2a:192.168.164.207:32804], old=null, confs=<EMPTY_MAP>
2019-09-25 04:51:54,298 [pool-37-thread-1] INFO  server.RaftServerConfigKeys (ConfUtils.java:logGet(43)) - raft.server.storage.dir = [/workdir/hadoop-ozone/integration-test/target/test-dir/MiniOzoneClusterImpl-ee606598-1675-4e02-b706-4bffbdc3363b/datanode-1/data/ratis] (custom)
2019-09-25 04:51:54,298 [pool-37-thread-1] INFO  storage.RaftStorageDirectory (RaftStorageDirectory.java:analyzeStorage(246)) - The storage directory /workdir/hadoop-ozone/integration-test/target/test-dir/MiniOzoneClusterImpl-ee606598-1675-4e02-b706-4bffbdc3363b/datanode-1/data/ratis/27c8efdf-fa7e-4b0a-ae20-405ae4309e75 does not exist. Creating ...
2019-09-25 04:51:54,311 [pool-37-thread-1] INFO  storage.RaftStorageDirectory (RaftStorageDirectory.java:tryLock(328)) - Lock on /workdir/hadoop-ozone/integration-test/target/test-dir/MiniOzoneClusterImpl-ee606598-1675-4e02-b706-4bffbdc3363b/datanode-1/data/ratis/27c8efdf-fa7e-4b0a-ae20-405ae4309e75/in_use.lock acquired by nodename 13544@pr-hdds-1569-s44lr-3492059363
2019-09-25 04:51:54,326 [pool-37-thread-1] INFO  storage.RaftStorage (RaftStorage.java:format(72)) - Storage directory /workdir/hadoop-ozone/integration-test/target/test-dir/MiniOzoneClusterImpl-ee606598-1675-4e02-b706-4bffbdc3363b/datanode-1/data/ratis/27c8efdf-fa7e-4b0a-ae20-405ae4309e75 has been successfully formatted.
2019-09-25 04:51:54,326 [pool-37-thread-1] INFO  ratis.ContainerStateMachine (ContainerStateMachine.java:loadSnapshot(230)) - group-405AE4309E75: The snapshot info is null. Setting the last applied indexto:(t:0, i:~)
2019-09-25 04:51:54,326 [pool-37-thread-1] INFO  server.RaftServerConfigKeys (ConfUtils.java:logGet(43)) - raft.server.notification.no-leader.timeout = 120s (custom)
2019-09-25 04:51:54,326 [pool-37-thread-1] INFO  server.RaftServerConfigKeys (ConfUtils.java:logGet(43)) - raft.server.log.use.memory = false (default)
2019-09-25 04:51:54,327 [pool-37-thread-1] INFO  server.RaftServerConfigKeys (ConfUtils.java:logGet(43)) - raft.server.log.purge.gap = 1000000 (custom)
2019-09-25 04:51:54,327 [pool-37-thread-1] INFO  server.RaftServerConfigKeys (ConfUtils.java:logGet(43)) - raft.server.log.appender.buffer.byte-limit = 33554432 (custom)
2019-09-25 04:51:54,327 [pool-37-thread-1] INFO  server.RaftServerConfigKeys (ConfUtils.java:logGet(43)) - raft.server.log.segment.size.max = 1048576 (custom)
2019-09-25 04:51:54,327 [pool-37-thread-1] INFO  server.RaftServerConfigKeys (ConfUtils.java:logGet(43)) - raft.server.log.segment.cache.num.max = 2 (custom)
2019-09-25 04:51:54,327 [pool-37-thread-1] INFO  segmented.SegmentedRaftLogWorker (SegmentedRaftLogWorker.java:<init>(172)) - new af197493-ce66-4de5-b7e9-f4e1a29b0c2a@group-405AE4309E75-SegmentedRaftLogWorker for RaftStorage:Storage Directory /workdir/hadoop-ozone/integration-test/target/test-dir/MiniOzoneClusterImpl-ee606598-1675-4e02-b706-4bffbdc3363b/datanode-1/data/ratis/27c8efdf-fa7e-4b0a-ae20-405ae4309e75
2019-09-25 04:51:54,327 [pool-37-thread-1] INFO  server.RaftServerConfigKeys (ConfUtils.java:logGet(43)) - raft.server.log.queue.byte-limit = 2147483647 (custom)
2019-09-25 04:51:54,327 [pool-37-thread-1] INFO  server.RaftServerConfigKeys (ConfUtils.java:logGet(43)) - raft.server.log.queue.element-limit = 1024 (custom)
2019-09-25 04:51:54,327 [pool-37-thread-1] INFO  server.RaftServerConfigKeys (ConfUtils.java:logGet(43)) - raft.server.log.segment.size.max = 1048576 (custom)
2019-09-25 04:51:54,328 [pool-37-thread-1] INFO  server.RaftServerConfigKeys (ConfUtils.java:logGet(43)) - raft.server.log.preallocated.size = 16384 (custom)
2019-09-25 04:51:54,328 [pool-37-thread-1] INFO  server.RaftServerConfigKeys (ConfUtils.java:logGet(43)) - raft.server.log.write.buffer.size = 33554432 (custom)
2019-09-25 04:51:54,328 [pool-37-thread-1] INFO  server.RaftServerConfigKeys (ConfUtils.java:logGet(43)) - raft.server.log.force.sync.num = 128 (default)
2019-09-25 04:51:54,328 [pool-37-thread-1] INFO  server.RaftServerConfigKeys (ConfUtils.java:logGet(43)) - raft.server.log.statemachine.data.sync = true (default)
2019-09-25 04:51:54,328 [pool-37-thread-1] INFO  server.RaftServerConfigKeys (ConfUtils.java:logGet(43)) - raft.server.log.statemachine.data.sync.timeout = 10s (default)
2019-09-25 04:51:54,328 [pool-37-thread-1] INFO  server.RaftServerConfigKeys (ConfUtils.java:logGet(43)) - raft.server.log.statemachine.data.sync.timeout.retry = -1 (default)
2019-09-25 04:51:54,328 [pool-37-thread-1] INFO  server.RaftServerConfigKeys (ConfUtils.java:logGet(43)) - raft.server.log.statemachine.data.caching.enabled = true (custom)
2019-09-25 04:51:54,329 [pool-37-thread-1] INFO  segmented.SegmentedRaftLogWorker (SegmentedRaftLogWorker.java:lambda$new$0(132)) - af197493-ce66-4de5-b7e9-f4e1a29b0c2a@group-405AE4309E75-SegmentedRaftLogWorker: flushIndex: setUnconditionally 0 -> -1
2019-09-25 04:51:54,329 [pool-37-thread-1] INFO  server.RaftServerConfigKeys (ConfUtils.java:logGet(43)) - raft.server.snapshot.auto.trigger.enabled = true (custom)
2019-09-25 04:51:54,329 [pool-37-thread-1] INFO  server.RaftServerConfigKeys (ConfUtils.java:logGet(43)) - raft.server.snapshot.auto.trigger.threshold = 10000 (custom)
2019-09-25 04:51:54,329 [pool-37-thread-1] INFO  server.RaftServerConfigKeys (ConfUtils.java:logGet(43)) - raft.server.snapshot.retention.num.files = 5 (custom)
2019-09-25 04:51:54,329 [pool-37-thread-1] INFO  server.RaftServerConfigKeys (ConfUtils.java:logGet(43)) - raft.server.retrycache.expirytime = 600000ms (custom)
2019-09-25 04:51:54,331 [pool-37-thread-1] INFO  impl.RaftServerImpl (RaftServerImpl.java:start(185)) - af197493-ce66-4de5-b7e9-f4e1a29b0c2a@group-405AE4309E75: start as a follower, conf=-1: [af197493-ce66-4de5-b7e9-f4e1a29b0c2a:192.168.164.207:32804], old=null
2019-09-25 04:51:54,331 [pool-37-thread-1] INFO  impl.RaftServerImpl (RaftServerImpl.java:setRole(174)) - af197493-ce66-4de5-b7e9-f4e1a29b0c2a@group-405AE4309E75: changes role from      null to FOLLOWER at term 0 for startAsFollower
2019-09-25 04:51:54,331 [pool-37-thread-1] INFO  impl.RoleInfo (RoleInfo.java:updateAndGet(143)) - af197493-ce66-4de5-b7e9-f4e1a29b0c2a: start FollowerState
2019-09-25 04:51:54,337 [pool-37-thread-1] INFO  util.JmxRegister (JmxRegister.java:tryRegister(44)) - Successfully registered JMX Bean with object name Ratis:service=RaftServer,group=group-405AE4309E75,id=af197493-ce66-4de5-b7e9-f4e1a29b0c2a
2019-09-25 04:51:54,351 [RatisPipelineUtilsThread] INFO  pipeline.PipelineStateManager (PipelineStateManager.java:addPipeline(56)) - Created pipeline Pipeline[ Id: 27c8efdf-fa7e-4b0a-ae20-405ae4309e75, Nodes: af197493-ce66-4de5-b7e9-f4e1a29b0c2a{ip: 192.168.164.207, host: pr-hdds-1569-s44lr-3492059363, networkLocation: /default-rack, certSerialId: null}, Type:RATIS, Factor:ONE, State:OPEN]
2019-09-25 04:51:54,352 [RatisPipelineUtilsThread] INFO  pipeline.PipelinePlacementPolicy (PipelinePlacementPolicy.java:meetCriteria(91)) - Pipeline Placement: can't place more pipeline on heavy datanode： af197493-ce66-4de5-b7e9-f4e1a29b0c2a Heaviness: 6 limit: 5
2019-09-25 04:51:54,352 [RatisPipelineUtilsThread] INFO  pipeline.PipelinePlacementPolicy (PipelinePlacementPolicy.java:meetCriteria(91)) - Pipeline Placement: can't place more pipeline on heavy datanode： a47783cb-f32c-4b3c-a96f-229a7b607849 Heaviness: 6 limit: 5
2019-09-25 04:51:54,352 [RatisPipelineUtilsThread] INFO  pipeline.PipelinePlacementPolicy (PipelinePlacementPolicy.java:meetCriteria(91)) - Pipeline Placement: can't place more pipeline on heavy datanode： 061f0142-df7f-4ee2-9f4c-60a73b1123be Heaviness: 6 limit: 5
2019-09-25 04:51:54,353 [RatisPipelineUtilsThread] INFO  pipeline.PipelinePlacementPolicy (PipelinePlacementPolicy.java:meetCriteria(91)) - Pipeline Placement: can't place more pipeline on heavy datanode： 38e0221b-1a06-473d-b1e9-41261cc0c838 Heaviness: 6 limit: 5
2019-09-25 04:51:54,353 [RatisPipelineUtilsThread] INFO  pipeline.PipelinePlacementPolicy (PipelinePlacementPolicy.java:meetCriteria(91)) - Pipeline Placement: can't place more pipeline on heavy datanode： 5ef12726-03f2-4870-a114-ed0a439e18ee Heaviness: 6 limit: 5
2019-09-25 04:51:54,353 [RatisPipelineUtilsThread] INFO  pipeline.PipelinePlacementPolicy (PipelinePlacementPolicy.java:meetCriteria(91)) - Pipeline Placement: can't place more pipeline on heavy datanode： 38f9cd64-a54c-4b19-ac87-5788454c2084 Heaviness: 6 limit: 5
2019-09-25 04:51:54,358 [grpc-default-executor-1] INFO  impl.RaftServerProxy (RaftServerProxy.java:addNew(89)) - a8f74c9c-c1e0-47fe-a430-51d3a9749877: addNew group-726A93DFB677:[a8f74c9c-c1e0-47fe-a430-51d3a9749877:192.168.164.207:37761] returns group-726A93DFB677:java.util.concurrent.CompletableFuture@7194be81[Not completed]
2019-09-25 04:51:54,360 [pool-57-thread-1] INFO  impl.RaftServerImpl (RaftServerImpl.java:<init>(95)) - a8f74c9c-c1e0-47fe-a430-51d3a9749877: new RaftServerImpl for group-726A93DFB677:[a8f74c9c-c1e0-47fe-a430-51d3a9749877:192.168.164.207:37761] with ContainerStateMachine:uninitialized
2019-09-25 04:51:54,360 [pool-57-thread-1] INFO  server.RaftServerConfigKeys (ConfUtils.java:logGet(43)) - raft.server.rpc.timeout.min = 5s (custom)
2019-09-25 04:51:54,361 [pool-57-thread-1] INFO  server.RaftServerConfigKeys (ConfUtils.java:logGet(43)) - raft.server.rpc.timeout.max = 5200ms (custom)
2019-09-25 04:51:54,361 [pool-57-thread-1] INFO  server.RaftServerConfigKeys (ConfUtils.java:logGet(43)) - raft.server.rpcslowness.timeout = 120s (custom)
2019-09-25 04:51:54,361 [pool-57-thread-1] INFO  server.RaftServerConfigKeys (ConfUtils.java:logGet(43)) - raft.server.sleep.deviation.threshold = 300 (default)
2019-09-25 04:51:54,361 [pool-57-thread-1] INFO  server.RaftServerConfigKeys (ConfUtils.java:logGet(43)) - raft.server.log.appender.install.snapshot.enabled = false (custom)
2019-09-25 04:51:54,361 [pool-57-thread-1] INFO  impl.RaftServerImpl (ServerState.java:<init>(103)) - a8f74c9c-c1e0-47fe-a430-51d3a9749877@group-726A93DFB677: ConfigurationManager, init=-1: [a8f74c9c-c1e0-47fe-a430-51d3a9749877:192.168.164.207:37761], old=null, confs=<EMPTY_MAP>
2019-09-25 04:51:54,361 [pool-57-thread-1] INFO  server.RaftServerConfigKeys (ConfUtils.java:logGet(43)) - raft.server.storage.dir = [/workdir/hadoop-ozone/integration-test/target/test-dir/MiniOzoneClusterImpl-ee606598-1675-4e02-b706-4bffbdc3363b/datanode-3/data/ratis] (custom)
2019-09-25 04:51:54,362 [pool-57-thread-1] INFO  storage.RaftStorageDirectory (RaftStorageDirectory.java:analyzeStorage(246)) - The storage directory /workdir/hadoop-ozone/integration-test/target/test-dir/MiniOzoneClusterImpl-ee606598-1675-4e02-b706-4bffbdc3363b/datanode-3/data/ratis/42cb011f-9b6c-4da1-ae34-726a93dfb677 does not exist. Creating ...
2019-09-25 04:51:54,374 [pool-57-thread-1] INFO  storage.RaftStorageDirectory (RaftStorageDirectory.java:tryLock(328)) - Lock on /workdir/hadoop-ozone/integration-test/target/test-dir/MiniOzoneClusterImpl-ee606598-1675-4e02-b706-4bffbdc3363b/datanode-3/data/ratis/42cb011f-9b6c-4da1-ae34-726a93dfb677/in_use.lock acquired by nodename 13544@pr-hdds-1569-s44lr-3492059363
2019-09-25 04:51:54,433 [pool-57-thread-1] INFO  storage.RaftStorage (RaftStorage.java:format(72)) - Storage directory /workdir/hadoop-ozone/integration-test/target/test-dir/MiniOzoneClusterImpl-ee606598-1675-4e02-b706-4bffbdc3363b/datanode-3/data/ratis/42cb011f-9b6c-4da1-ae34-726a93dfb677 has been successfully formatted.
2019-09-25 04:51:54,433 [pool-57-thread-1] INFO  ratis.ContainerStateMachine (ContainerStateMachine.java:loadSnapshot(230)) - group-726A93DFB677: The snapshot info is null. Setting the last applied indexto:(t:0, i:~)
2019-09-25 04:51:54,434 [pool-57-thread-1] INFO  server.RaftServerConfigKeys (ConfUtils.java:logGet(43)) - raft.server.notification.no-leader.timeout = 120s (custom)
2019-09-25 04:51:54,434 [pool-57-thread-1] INFO  server.RaftServerConfigKeys (ConfUtils.java:logGet(43)) - raft.server.log.use.memory = false (default)
2019-09-25 04:51:54,434 [pool-57-thread-1] INFO  server.RaftServerConfigKeys (ConfUtils.java:logGet(43)) - raft.server.log.purge.gap = 1000000 (custom)
2019-09-25 04:51:54,434 [pool-57-thread-1] INFO  server.RaftServerConfigKeys (ConfUtils.java:logGet(43)) - raft.server.log.appender.buffer.byte-limit = 33554432 (custom)
2019-09-25 04:51:54,434 [pool-57-thread-1] INFO  server.RaftServerConfigKeys (ConfUtils.java:logGet(43)) - raft.server.log.segment.size.max = 1048576 (custom)
2019-09-25 04:51:54,435 [pool-57-thread-1] INFO  server.RaftServerConfigKeys (ConfUtils.java:logGet(43)) - raft.server.log.segment.cache.num.max = 2 (custom)
2019-09-25 04:51:54,435 [pool-57-thread-1] INFO  segmented.SegmentedRaftLogWorker (SegmentedRaftLogWorker.java:<init>(172)) - new a8f74c9c-c1e0-47fe-a430-51d3a9749877@group-726A93DFB677-SegmentedRaftLogWorker for RaftStorage:Storage Directory /workdir/hadoop-ozone/integration-test/target/test-dir/MiniOzoneClusterImpl-ee606598-1675-4e02-b706-4bffbdc3363b/datanode-3/data/ratis/42cb011f-9b6c-4da1-ae34-726a93dfb677
2019-09-25 04:51:54,435 [pool-57-thread-1] INFO  server.RaftServerConfigKeys (ConfUtils.java:logGet(43)) - raft.server.log.queue.byte-limit = 2147483647 (custom)
2019-09-25 04:51:54,435 [pool-57-thread-1] INFO  server.RaftServerConfigKeys (ConfUtils.java:logGet(43)) - raft.server.log.queue.element-limit = 1024 (custom)
2019-09-25 04:51:54,435 [pool-57-thread-1] INFO  server.RaftServerConfigKeys (ConfUtils.java:logGet(43)) - raft.server.log.segment.size.max = 1048576 (custom)
2019-09-25 04:51:54,436 [pool-57-thread-1] INFO  server.RaftServerConfigKeys (ConfUtils.java:logGet(43)) - raft.server.log.preallocated.size = 16384 (custom)
2019-09-25 04:51:54,436 [pool-57-thread-1] INFO  server.RaftServerConfigKeys (ConfUtils.java:logGet(43)) - raft.server.log.write.buffer.size = 33554432 (custom)
2019-09-25 04:51:54,436 [pool-57-thread-1] INFO  server.RaftServerConfigKeys (ConfUtils.java:logGet(43)) - raft.server.log.force.sync.num = 128 (default)
2019-09-25 04:51:54,436 [pool-57-thread-1] INFO  server.RaftServerConfigKeys (ConfUtils.java:logGet(43)) - raft.server.log.statemachine.data.sync = true (default)
2019-09-25 04:51:54,436 [pool-57-thread-1] INFO  server.RaftServerConfigKeys (ConfUtils.java:logGet(43)) - raft.server.log.statemachine.data.sync.timeout = 10s (default)
2019-09-25 04:51:54,436 [pool-57-thread-1] INFO  server.RaftServerConfigKeys (ConfUtils.java:logGet(43)) - raft.server.log.statemachine.data.sync.timeout.retry = -1 (default)
2019-09-25 04:51:54,436 [pool-57-thread-1] INFO  server.RaftServerConfigKeys (ConfUtils.java:logGet(43)) - raft.server.log.statemachine.data.caching.enabled = true (custom)
2019-09-25 04:51:54,437 [pool-57-thread-1] INFO  segmented.SegmentedRaftLogWorker (SegmentedRaftLogWorker.java:lambda$new$0(132)) - a8f74c9c-c1e0-47fe-a430-51d3a9749877@group-726A93DFB677-SegmentedRaftLogWorker: flushIndex: setUnconditionally 0 -> -1
2019-09-25 04:51:54,437 [pool-57-thread-1] INFO  server.RaftServerConfigKeys (ConfUtils.java:logGet(43)) - raft.server.snapshot.auto.trigger.enabled = true (custom)
2019-09-25 04:51:54,437 [pool-57-thread-1] INFO  server.RaftServerConfigKeys (ConfUtils.java:logGet(43)) - raft.server.snapshot.auto.trigger.threshold = 10000 (custom)
2019-09-25 04:51:54,437 [pool-57-thread-1] INFO  server.RaftServerConfigKeys (ConfUtils.java:logGet(43)) - raft.server.snapshot.retention.num.files = 5 (custom)
2019-09-25 04:51:54,437 [pool-57-thread-1] INFO  server.RaftServerConfigKeys (ConfUtils.java:logGet(43)) - raft.server.retrycache.expirytime = 600000ms (custom)
2019-09-25 04:51:54,440 [pool-57-thread-1] INFO  impl.RaftServerImpl (RaftServerImpl.java:start(185)) - a8f74c9c-c1e0-47fe-a430-51d3a9749877@group-726A93DFB677: start as a follower, conf=-1: [a8f74c9c-c1e0-47fe-a430-51d3a9749877:192.168.164.207:37761], old=null
2019-09-25 04:51:54,440 [pool-57-thread-1] INFO  impl.RaftServerImpl (RaftServerImpl.java:setRole(174)) - a8f74c9c-c1e0-47fe-a430-51d3a9749877@group-726A93DFB677: changes role from      null to FOLLOWER at term 0 for startAsFollower
2019-09-25 04:51:54,440 [pool-57-thread-1] INFO  impl.RoleInfo (RoleInfo.java:updateAndGet(143)) - a8f74c9c-c1e0-47fe-a430-51d3a9749877: start FollowerState
2019-09-25 04:51:54,441 [pool-57-thread-1] INFO  util.JmxRegister (JmxRegister.java:tryRegister(44)) - Successfully registered JMX Bean with object name Ratis:service=RaftServer,group=group-726A93DFB677,id=a8f74c9c-c1e0-47fe-a430-51d3a9749877
2019-09-25 04:51:54,443 [RatisPipelineUtilsThread] INFO  pipeline.PipelineStateManager (PipelineStateManager.java:addPipeline(56)) - Created pipeline Pipeline[ Id: 42cb011f-9b6c-4da1-ae34-726a93dfb677, Nodes: a8f74c9c-c1e0-47fe-a430-51d3a9749877{ip: 192.168.164.207, host: pr-hdds-1569-s44lr-3492059363, networkLocation: /default-rack, certSerialId: null}, Type:RATIS, Factor:ONE, State:OPEN]
2019-09-25 04:51:54,444 [RatisPipelineUtilsThread] INFO  pipeline.PipelinePlacementPolicy (PipelinePlacementPolicy.java:meetCriteria(91)) - Pipeline Placement: can't place more pipeline on heavy datanode： af197493-ce66-4de5-b7e9-f4e1a29b0c2a Heaviness: 6 limit: 5
2019-09-25 04:51:54,444 [RatisPipelineUtilsThread] INFO  pipeline.PipelinePlacementPolicy (PipelinePlacementPolicy.java:meetCriteria(91)) - Pipeline Placement: can't place more pipeline on heavy datanode： a47783cb-f32c-4b3c-a96f-229a7b607849 Heaviness: 6 limit: 5
2019-09-25 04:51:54,444 [RatisPipelineUtilsThread] INFO  pipeline.PipelinePlacementPolicy (PipelinePlacementPolicy.java:meetCriteria(91)) - Pipeline Placement: can't place more pipeline on heavy datanode： 061f0142-df7f-4ee2-9f4c-60a73b1123be Heaviness: 6 limit: 5
2019-09-25 04:51:54,444 [RatisPipelineUtilsThread] INFO  pipeline.PipelinePlacementPolicy (PipelinePlacementPolicy.java:meetCriteria(91)) - Pipeline Placement: can't place more pipeline on heavy datanode： 38e0221b-1a06-473d-b1e9-41261cc0c838 Heaviness: 6 limit: 5
2019-09-25 04:51:54,444 [RatisPipelineUtilsThread] INFO  pipeline.PipelinePlacementPolicy (PipelinePlacementPolicy.java:meetCriteria(91)) - Pipeline Placement: can't place more pipeline on heavy datanode： 5ef12726-03f2-4870-a114-ed0a439e18ee Heaviness: 6 limit: 5
2019-09-25 04:51:54,444 [RatisPipelineUtilsThread] INFO  pipeline.PipelinePlacementPolicy (PipelinePlacementPolicy.java:meetCriteria(91)) - Pipeline Placement: can't place more pipeline on heavy datanode： 38f9cd64-a54c-4b19-ac87-5788454c2084 Heaviness: 6 limit: 5
2019-09-25 04:51:54,449 [grpc-default-executor-1] INFO  impl.RaftServerProxy (RaftServerProxy.java:addNew(89)) - a8f74c9c-c1e0-47fe-a430-51d3a9749877: addNew group-6C8B613B7335:[a8f74c9c-c1e0-47fe-a430-51d3a9749877:192.168.164.207:37761] returns group-6C8B613B7335:java.util.concurrent.CompletableFuture@5931c1bb[Not completed]
2019-09-25 04:51:54,450 [pool-57-thread-1] INFO  impl.RaftServerImpl (RaftServerImpl.java:<init>(95)) - a8f74c9c-c1e0-47fe-a430-51d3a9749877: new RaftServerImpl for group-6C8B613B7335:[a8f74c9c-c1e0-47fe-a430-51d3a9749877:192.168.164.207:37761] with ContainerStateMachine:uninitialized
2019-09-25 04:51:54,451 [pool-57-thread-1] INFO  server.RaftServerConfigKeys (ConfUtils.java:logGet(43)) - raft.server.rpc.timeout.min = 5s (custom)
2019-09-25 04:51:54,451 [pool-57-thread-1] INFO  server.RaftServerConfigKeys (ConfUtils.java:logGet(43)) - raft.server.rpc.timeout.max = 5200ms (custom)
2019-09-25 04:51:54,451 [pool-57-thread-1] INFO  server.RaftServerConfigKeys (ConfUtils.java:logGet(43)) - raft.server.rpcslowness.timeout = 120s (custom)
2019-09-25 04:51:54,451 [pool-57-thread-1] INFO  server.RaftServerConfigKeys (ConfUtils.java:logGet(43)) - raft.server.sleep.deviation.threshold = 300 (default)
2019-09-25 04:51:54,451 [pool-57-thread-1] INFO  server.RaftServerConfigKeys (ConfUtils.java:logGet(43)) - raft.server.log.appender.install.snapshot.enabled = false (custom)
2019-09-25 04:51:54,451 [pool-57-thread-1] INFO  impl.RaftServerImpl (ServerState.java:<init>(103)) - a8f74c9c-c1e0-47fe-a430-51d3a9749877@group-6C8B613B7335: ConfigurationManager, init=-1: [a8f74c9c-c1e0-47fe-a430-51d3a9749877:192.168.164.207:37761], old=null, confs=<EMPTY_MAP>
2019-09-25 04:51:54,451 [pool-57-thread-1] INFO  server.RaftServerConfigKeys (ConfUtils.java:logGet(43)) - raft.server.storage.dir = [/workdir/hadoop-ozone/integration-test/target/test-dir/MiniOzoneClusterImpl-ee606598-1675-4e02-b706-4bffbdc3363b/datanode-3/data/ratis] (custom)
2019-09-25 04:51:54,452 [pool-57-thread-1] INFO  storage.RaftStorageDirectory (RaftStorageDirectory.java:analyzeStorage(246)) - The storage directory /workdir/hadoop-ozone/integration-test/target/test-dir/MiniOzoneClusterImpl-ee606598-1675-4e02-b706-4bffbdc3363b/datanode-3/data/ratis/b9d33037-33bc-4ede-a6c6-6c8b613b7335 does not exist. Creating ...
2019-09-25 04:51:54,464 [pool-57-thread-1] INFO  storage.RaftStorageDirectory (RaftStorageDirectory.java:tryLock(328)) - Lock on /workdir/hadoop-ozone/integration-test/target/test-dir/MiniOzoneClusterImpl-ee606598-1675-4e02-b706-4bffbdc3363b/datanode-3/data/ratis/b9d33037-33bc-4ede-a6c6-6c8b613b7335/in_use.lock acquired by nodename 13544@pr-hdds-1569-s44lr-3492059363
2019-09-25 04:51:54,478 [pool-57-thread-1] INFO  storage.RaftStorage (RaftStorage.java:format(72)) - Storage directory /workdir/hadoop-ozone/integration-test/target/test-dir/MiniOzoneClusterImpl-ee606598-1675-4e02-b706-4bffbdc3363b/datanode-3/data/ratis/b9d33037-33bc-4ede-a6c6-6c8b613b7335 has been successfully formatted.
2019-09-25 04:51:54,478 [pool-57-thread-1] INFO  ratis.ContainerStateMachine (ContainerStateMachine.java:loadSnapshot(230)) - group-6C8B613B7335: The snapshot info is null. Setting the last applied indexto:(t:0, i:~)
2019-09-25 04:51:54,478 [pool-57-thread-1] INFO  server.RaftServerConfigKeys (ConfUtils.java:logGet(43)) - raft.server.notification.no-leader.timeout = 120s (custom)
2019-09-25 04:51:54,478 [pool-57-thread-1] INFO  server.RaftServerConfigKeys (ConfUtils.java:logGet(43)) - raft.server.log.use.memory = false (default)
2019-09-25 04:51:54,478 [pool-57-thread-1] INFO  server.RaftServerConfigKeys (ConfUtils.java:logGet(43)) - raft.server.log.purge.gap = 1000000 (custom)
2019-09-25 04:51:54,478 [pool-57-thread-1] INFO  server.RaftServerConfigKeys (ConfUtils.java:logGet(43)) - raft.server.log.appender.buffer.byte-limit = 33554432 (custom)
2019-09-25 04:51:54,478 [pool-57-thread-1] INFO  server.RaftServerConfigKeys (ConfUtils.java:logGet(43)) - raft.server.log.segment.size.max = 1048576 (custom)
2019-09-25 04:51:54,479 [pool-57-thread-1] INFO  server.RaftServerConfigKeys (ConfUtils.java:logGet(43)) - raft.server.log.segment.cache.num.max = 2 (custom)
2019-09-25 04:51:54,479 [pool-57-thread-1] INFO  segmented.SegmentedRaftLogWorker (SegmentedRaftLogWorker.java:<init>(172)) - new a8f74c9c-c1e0-47fe-a430-51d3a9749877@group-6C8B613B7335-SegmentedRaftLogWorker for RaftStorage:Storage Directory /workdir/hadoop-ozone/integration-test/target/test-dir/MiniOzoneClusterImpl-ee606598-1675-4e02-b706-4bffbdc3363b/datanode-3/data/ratis/b9d33037-33bc-4ede-a6c6-6c8b613b7335
2019-09-25 04:51:54,479 [pool-57-thread-1] INFO  server.RaftServerConfigKeys (ConfUtils.java:logGet(43)) - raft.server.log.queue.byte-limit = 2147483647 (custom)
2019-09-25 04:51:54,479 [pool-57-thread-1] INFO  server.RaftServerConfigKeys (ConfUtils.java:logGet(43)) - raft.server.log.queue.element-limit = 1024 (custom)
2019-09-25 04:51:54,479 [pool-57-thread-1] INFO  server.RaftServerConfigKeys (ConfUtils.java:logGet(43)) - raft.server.log.segment.size.max = 1048576 (custom)
2019-09-25 04:51:54,479 [pool-57-thread-1] INFO  server.RaftServerConfigKeys (ConfUtils.java:logGet(43)) - raft.server.log.preallocated.size = 16384 (custom)
2019-09-25 04:51:54,479 [pool-57-thread-1] INFO  server.RaftServerConfigKeys (ConfUtils.java:logGet(43)) - raft.server.log.write.buffer.size = 33554432 (custom)
2019-09-25 04:51:54,480 [pool-57-thread-1] INFO  server.RaftServerConfigKeys (ConfUtils.java:logGet(43)) - raft.server.log.force.sync.num = 128 (default)
2019-09-25 04:51:54,480 [pool-57-thread-1] INFO  server.RaftServerConfigKeys (ConfUtils.java:logGet(43)) - raft.server.log.statemachine.data.sync = true (default)
2019-09-25 04:51:54,480 [pool-57-thread-1] INFO  server.RaftServerConfigKeys (ConfUtils.java:logGet(43)) - raft.server.log.statemachine.data.sync.timeout = 10s (default)
2019-09-25 04:51:54,480 [pool-57-thread-1] INFO  server.RaftServerConfigKeys (ConfUtils.java:logGet(43)) - raft.server.log.statemachine.data.sync.timeout.retry = -1 (default)
2019-09-25 04:51:54,480 [pool-57-thread-1] INFO  server.RaftServerConfigKeys (ConfUtils.java:logGet(43)) - raft.server.log.statemachine.data.caching.enabled = true (custom)
2019-09-25 04:51:54,480 [pool-57-thread-1] INFO  segmented.SegmentedRaftLogWorker (SegmentedRaftLogWorker.java:lambda$new$0(132)) - a8f74c9c-c1e0-47fe-a430-51d3a9749877@group-6C8B613B7335-SegmentedRaftLogWorker: flushIndex: setUnconditionally 0 -> -1
2019-09-25 04:51:54,481 [pool-57-thread-1] INFO  server.RaftServerConfigKeys (ConfUtils.java:logGet(43)) - raft.server.snapshot.auto.trigger.enabled = true (custom)
2019-09-25 04:51:54,481 [pool-57-thread-1] INFO  server.RaftServerConfigKeys (ConfUtils.java:logGet(43)) - raft.server.snapshot.auto.trigger.threshold = 10000 (custom)
2019-09-25 04:51:54,481 [pool-57-thread-1] INFO  server.RaftServerConfigKeys (ConfUtils.java:logGet(43)) - raft.server.snapshot.retention.num.files = 5 (custom)
2019-09-25 04:51:54,481 [pool-57-thread-1] INFO  server.RaftServerConfigKeys (ConfUtils.java:logGet(43)) - raft.server.retrycache.expirytime = 600000ms (custom)
2019-09-25 04:51:54,484 [pool-57-thread-1] INFO  impl.RaftServerImpl (RaftServerImpl.java:start(185)) - a8f74c9c-c1e0-47fe-a430-51d3a9749877@group-6C8B613B7335: start as a follower, conf=-1: [a8f74c9c-c1e0-47fe-a430-51d3a9749877:192.168.164.207:37761], old=null
2019-09-25 04:51:54,484 [pool-57-thread-1] INFO  impl.RaftServerImpl (RaftServerImpl.java:setRole(174)) - a8f74c9c-c1e0-47fe-a430-51d3a9749877@group-6C8B613B7335: changes role from      null to FOLLOWER at term 0 for startAsFollower
2019-09-25 04:51:54,484 [pool-57-thread-1] INFO  impl.RoleInfo (RoleInfo.java:updateAndGet(143)) - a8f74c9c-c1e0-47fe-a430-51d3a9749877: start FollowerState
2019-09-25 04:51:54,484 [pool-57-thread-1] INFO  util.JmxRegister (JmxRegister.java:tryRegister(44)) - Successfully registered JMX Bean with object name Ratis:service=RaftServer,group=group-6C8B613B7335,id=a8f74c9c-c1e0-47fe-a430-51d3a9749877
2019-09-25 04:51:54,487 [RatisPipelineUtilsThread] INFO  pipeline.PipelineStateManager (PipelineStateManager.java:addPipeline(56)) - Created pipeline Pipeline[ Id: b9d33037-33bc-4ede-a6c6-6c8b613b7335, Nodes: a8f74c9c-c1e0-47fe-a430-51d3a9749877{ip: 192.168.164.207, host: pr-hdds-1569-s44lr-3492059363, networkLocation: /default-rack, certSerialId: null}, Type:RATIS, Factor:ONE, State:OPEN]
2019-09-25 04:51:54,487 [RatisPipelineUtilsThread] INFO  pipeline.PipelinePlacementPolicy (PipelinePlacementPolicy.java:meetCriteria(91)) - Pipeline Placement: can't place more pipeline on heavy datanode： af197493-ce66-4de5-b7e9-f4e1a29b0c2a Heaviness: 6 limit: 5
2019-09-25 04:51:54,488 [RatisPipelineUtilsThread] INFO  pipeline.PipelinePlacementPolicy (PipelinePlacementPolicy.java:meetCriteria(91)) - Pipeline Placement: can't place more pipeline on heavy datanode： a47783cb-f32c-4b3c-a96f-229a7b607849 Heaviness: 6 limit: 5
2019-09-25 04:51:54,488 [RatisPipelineUtilsThread] INFO  pipeline.PipelinePlacementPolicy (PipelinePlacementPolicy.java:meetCriteria(91)) - Pipeline Placement: can't place more pipeline on heavy datanode： 061f0142-df7f-4ee2-9f4c-60a73b1123be Heaviness: 6 limit: 5
2019-09-25 04:51:54,488 [RatisPipelineUtilsThread] INFO  pipeline.PipelinePlacementPolicy (PipelinePlacementPolicy.java:meetCriteria(91)) - Pipeline Placement: can't place more pipeline on heavy datanode： a8f74c9c-c1e0-47fe-a430-51d3a9749877 Heaviness: 6 limit: 5
2019-09-25 04:51:54,488 [RatisPipelineUtilsThread] INFO  pipeline.PipelinePlacementPolicy (PipelinePlacementPolicy.java:meetCriteria(91)) - Pipeline Placement: can't place more pipeline on heavy datanode： 38e0221b-1a06-473d-b1e9-41261cc0c838 Heaviness: 6 limit: 5
2019-09-25 04:51:54,488 [RatisPipelineUtilsThread] INFO  pipeline.PipelinePlacementPolicy (PipelinePlacementPolicy.java:meetCriteria(91)) - Pipeline Placement: can't place more pipeline on heavy datanode： 5ef12726-03f2-4870-a114-ed0a439e18ee Heaviness: 6 limit: 5
2019-09-25 04:51:54,488 [RatisPipelineUtilsThread] INFO  pipeline.PipelinePlacementPolicy (PipelinePlacementPolicy.java:meetCriteria(91)) - Pipeline Placement: can't place more pipeline on heavy datanode： 38f9cd64-a54c-4b19-ac87-5788454c2084 Heaviness: 6 limit: 5
2019-09-25 04:51:54,488 [RatisPipelineUtilsThread] ERROR pipeline.PipelinePlacementPolicy (PipelinePlacementPolicy.java:filterViableNodes(148)) - Unable to find enough nodes that meet the criteria that cannot engage in more than 5 pipelines. Nodes required: 1 Found: 0, healthy nodes count inNodeManager: 7.
2019-09-25 04:51:54,491 [RatisPipelineUtilsThread] ERROR pipeline.SCMPipelineManager (SCMPipelineManager.java:createPipeline(167)) - Pipeline creation failed.
org.apache.hadoop.hdds.scm.exceptions.SCMException: Unable to find enough nodes that meet the criteria that cannot engage in more than 5 pipelines. Nodes required: 1 Found: 0, healthy nodes count inNodeManager: 7.
	at org.apache.hadoop.hdds.scm.pipeline.PipelinePlacementPolicy.filterViableNodes(PipelinePlacementPolicy.java:149)
	at org.apache.hadoop.hdds.scm.pipeline.PipelinePlacementPolicy.chooseDatanodes(PipelinePlacementPolicy.java:172)
	at org.apache.hadoop.hdds.scm.pipeline.RatisPipelineProvider.create(RatisPipelineProvider.java:93)
	at org.apache.hadoop.hdds.scm.pipeline.PipelineFactory.create(PipelineFactory.java:58)
	at org.apache.hadoop.hdds.scm.pipeline.SCMPipelineManager.createPipeline(SCMPipelineManager.java:155)
	at org.apache.hadoop.hdds.scm.pipeline.BackgroundPipelineCreator.createPipelines(BackgroundPipelineCreator.java:99)
	at java.util.concurrent.Executors$RunnableAdapter.call(Executors.java:511)
	at java.util.concurrent.FutureTask.run(FutureTask.java:266)
	at java.util.concurrent.ScheduledThreadPoolExecutor$ScheduledFutureTask.access$201(ScheduledThreadPoolExecutor.java:180)
	at java.util.concurrent.ScheduledThreadPoolExecutor$ScheduledFutureTask.run(ScheduledThreadPoolExecutor.java:293)
	at java.util.concurrent.ThreadPoolExecutor.runWorker(ThreadPoolExecutor.java:1149)
	at java.util.concurrent.ThreadPoolExecutor$Worker.run(ThreadPoolExecutor.java:624)
	at java.lang.Thread.run(Thread.java:748)
2019-09-25 04:51:54,493 [RatisPipelineUtilsThread] INFO  pipeline.PipelinePlacementPolicy (PipelinePlacementPolicy.java:meetCriteria(91)) - Pipeline Placement: can't place more pipeline on heavy datanode： af197493-ce66-4de5-b7e9-f4e1a29b0c2a Heaviness: 6 limit: 5
2019-09-25 04:51:54,493 [RatisPipelineUtilsThread] INFO  pipeline.PipelinePlacementPolicy (PipelinePlacementPolicy.java:meetCriteria(91)) - Pipeline Placement: can't place more pipeline on heavy datanode： a47783cb-f32c-4b3c-a96f-229a7b607849 Heaviness: 6 limit: 5
2019-09-25 04:51:54,493 [RatisPipelineUtilsThread] INFO  pipeline.PipelinePlacementPolicy (PipelinePlacementPolicy.java:meetCriteria(91)) - Pipeline Placement: can't place more pipeline on heavy datanode： 061f0142-df7f-4ee2-9f4c-60a73b1123be Heaviness: 6 limit: 5
2019-09-25 04:51:54,493 [RatisPipelineUtilsThread] INFO  pipeline.PipelinePlacementPolicy (PipelinePlacementPolicy.java:meetCriteria(91)) - Pipeline Placement: can't place more pipeline on heavy datanode： a8f74c9c-c1e0-47fe-a430-51d3a9749877 Heaviness: 6 limit: 5
2019-09-25 04:51:54,493 [RatisPipelineUtilsThread] INFO  pipeline.PipelinePlacementPolicy (PipelinePlacementPolicy.java:meetCriteria(91)) - Pipeline Placement: can't place more pipeline on heavy datanode： 38e0221b-1a06-473d-b1e9-41261cc0c838 Heaviness: 6 limit: 5
2019-09-25 04:51:54,493 [RatisPipelineUtilsThread] INFO  pipeline.PipelinePlacementPolicy (PipelinePlacementPolicy.java:meetCriteria(91)) - Pipeline Placement: can't place more pipeline on heavy datanode： 5ef12726-03f2-4870-a114-ed0a439e18ee Heaviness: 6 limit: 5
2019-09-25 04:51:54,494 [RatisPipelineUtilsThread] INFO  pipeline.PipelinePlacementPolicy (PipelinePlacementPolicy.java:meetCriteria(91)) - Pipeline Placement: can't place more pipeline on heavy datanode： 38f9cd64-a54c-4b19-ac87-5788454c2084 Heaviness: 6 limit: 5
2019-09-25 04:51:54,494 [RatisPipelineUtilsThread] ERROR pipeline.PipelinePlacementPolicy (PipelinePlacementPolicy.java:filterViableNodes(148)) - Unable to find enough nodes that meet the criteria that cannot engage in more than 5 pipelines. Nodes required: 3 Found: 0, healthy nodes count inNodeManager: 7.
2019-09-25 04:51:54,494 [RatisPipelineUtilsThread] ERROR pipeline.SCMPipelineManager (SCMPipelineManager.java:createPipeline(167)) - Pipeline creation failed.
org.apache.hadoop.hdds.scm.exceptions.SCMException: Unable to find enough nodes that meet the criteria that cannot engage in more than 5 pipelines. Nodes required: 3 Found: 0, healthy nodes count inNodeManager: 7.
	at org.apache.hadoop.hdds.scm.pipeline.PipelinePlacementPolicy.filterViableNodes(PipelinePlacementPolicy.java:149)
	at org.apache.hadoop.hdds.scm.pipeline.PipelinePlacementPolicy.chooseDatanodes(PipelinePlacementPolicy.java:172)
	at org.apache.hadoop.hdds.scm.pipeline.RatisPipelineProvider.create(RatisPipelineProvider.java:93)
	at org.apache.hadoop.hdds.scm.pipeline.PipelineFactory.create(PipelineFactory.java:58)
	at org.apache.hadoop.hdds.scm.pipeline.SCMPipelineManager.createPipeline(SCMPipelineManager.java:155)
	at org.apache.hadoop.hdds.scm.pipeline.BackgroundPipelineCreator.createPipelines(BackgroundPipelineCreator.java:99)
	at java.util.concurrent.Executors$RunnableAdapter.call(Executors.java:511)
	at java.util.concurrent.FutureTask.run(FutureTask.java:266)
	at java.util.concurrent.ScheduledThreadPoolExecutor$ScheduledFutureTask.access$201(ScheduledThreadPoolExecutor.java:180)
	at java.util.concurrent.ScheduledThreadPoolExecutor$ScheduledFutureTask.run(ScheduledThreadPoolExecutor.java:293)
	at java.util.concurrent.ThreadPoolExecutor.runWorker(ThreadPoolExecutor.java:1149)
	at java.util.concurrent.ThreadPoolExecutor$Worker.run(ThreadPoolExecutor.java:624)
	at java.lang.Thread.run(Thread.java:748)
2019-09-25 04:51:54,496 [RatisPipelineUtilsThread] INFO  pipeline.PipelinePlacementPolicy (PipelinePlacementPolicy.java:meetCriteria(91)) - Pipeline Placement: can't place more pipeline on heavy datanode： af197493-ce66-4de5-b7e9-f4e1a29b0c2a Heaviness: 6 limit: 5
2019-09-25 04:51:54,496 [RatisPipelineUtilsThread] INFO  pipeline.PipelinePlacementPolicy (PipelinePlacementPolicy.java:meetCriteria(91)) - Pipeline Placement: can't place more pipeline on heavy datanode： a47783cb-f32c-4b3c-a96f-229a7b607849 Heaviness: 6 limit: 5
2019-09-25 04:51:54,496 [RatisPipelineUtilsThread] INFO  pipeline.PipelinePlacementPolicy (PipelinePlacementPolicy.java:meetCriteria(91)) - Pipeline Placement: can't place more pipeline on heavy datanode： 061f0142-df7f-4ee2-9f4c-60a73b1123be Heaviness: 6 limit: 5
2019-09-25 04:51:54,497 [RatisPipelineUtilsThread] INFO  pipeline.PipelinePlacementPolicy (PipelinePlacementPolicy.java:meetCriteria(91)) - Pipeline Placement: can't place more pipeline on heavy datanode： a8f74c9c-c1e0-47fe-a430-51d3a9749877 Heaviness: 6 limit: 5
2019-09-25 04:51:54,497 [RatisPipelineUtilsThread] INFO  pipeline.PipelinePlacementPolicy (PipelinePlacementPolicy.java:meetCriteria(91)) - Pipeline Placement: can't place more pipeline on heavy datanode： 38e0221b-1a06-473d-b1e9-41261cc0c838 Heaviness: 6 limit: 5
2019-09-25 04:51:54,497 [RatisPipelineUtilsThread] INFO  pipeline.PipelinePlacementPolicy (PipelinePlacementPolicy.java:meetCriteria(91)) - Pipeline Placement: can't place more pipeline on heavy datanode： 5ef12726-03f2-4870-a114-ed0a439e18ee Heaviness: 6 limit: 5
2019-09-25 04:51:54,497 [RatisPipelineUtilsThread] INFO  pipeline.PipelinePlacementPolicy (PipelinePlacementPolicy.java:meetCriteria(91)) - Pipeline Placement: can't place more pipeline on heavy datanode： 38f9cd64-a54c-4b19-ac87-5788454c2084 Heaviness: 6 limit: 5
2019-09-25 04:51:54,497 [RatisPipelineUtilsThread] ERROR pipeline.PipelinePlacementPolicy (PipelinePlacementPolicy.java:filterViableNodes(148)) - Unable to find enough nodes that meet the criteria that cannot engage in more than 5 pipelines. Nodes required: 1 Found: 0, healthy nodes count inNodeManager: 7.
2019-09-25 04:51:54,497 [RatisPipelineUtilsThread] ERROR pipeline.SCMPipelineManager (SCMPipelineManager.java:createPipeline(167)) - Pipeline creation failed.
org.apache.hadoop.hdds.scm.exceptions.SCMException: Unable to find enough nodes that meet the criteria that cannot engage in more than 5 pipelines. Nodes required: 1 Found: 0, healthy nodes count inNodeManager: 7.
	at org.apache.hadoop.hdds.scm.pipeline.PipelinePlacementPolicy.filterViableNodes(PipelinePlacementPolicy.java:149)
	at org.apache.hadoop.hdds.scm.pipeline.PipelinePlacementPolicy.chooseDatanodes(PipelinePlacementPolicy.java:172)
	at org.apache.hadoop.hdds.scm.pipeline.RatisPipelineProvider.create(RatisPipelineProvider.java:93)
	at org.apache.hadoop.hdds.scm.pipeline.PipelineFactory.create(PipelineFactory.java:58)
	at org.apache.hadoop.hdds.scm.pipeline.SCMPipelineManager.createPipeline(SCMPipelineManager.java:155)
	at org.apache.hadoop.hdds.scm.pipeline.BackgroundPipelineCreator.createPipelines(BackgroundPipelineCreator.java:99)
	at org.apache.hadoop.hdds.scm.pipeline.BackgroundPipelineCreator.lambda$startFixedIntervalPipelineCreator$0(BackgroundPipelineCreator.java:70)
	at java.util.concurrent.Executors$RunnableAdapter.call(Executors.java:511)
	at java.util.concurrent.FutureTask.runAndReset(FutureTask.java:308)
	at java.util.concurrent.ScheduledThreadPoolExecutor$ScheduledFutureTask.access$301(ScheduledThreadPoolExecutor.java:180)
	at java.util.concurrent.ScheduledThreadPoolExecutor$ScheduledFutureTask.run(ScheduledThreadPoolExecutor.java:294)
	at java.util.concurrent.ThreadPoolExecutor.runWorker(ThreadPoolExecutor.java:1149)
	at java.util.concurrent.ThreadPoolExecutor$Worker.run(ThreadPoolExecutor.java:624)
	at java.lang.Thread.run(Thread.java:748)
2019-09-25 04:51:54,498 [RatisPipelineUtilsThread] INFO  pipeline.PipelinePlacementPolicy (PipelinePlacementPolicy.java:meetCriteria(91)) - Pipeline Placement: can't place more pipeline on heavy datanode： af197493-ce66-4de5-b7e9-f4e1a29b0c2a Heaviness: 6 limit: 5
2019-09-25 04:51:54,498 [RatisPipelineUtilsThread] INFO  pipeline.PipelinePlacementPolicy (PipelinePlacementPolicy.java:meetCriteria(91)) - Pipeline Placement: can't place more pipeline on heavy datanode： a47783cb-f32c-4b3c-a96f-229a7b607849 Heaviness: 6 limit: 5
2019-09-25 04:51:54,498 [RatisPipelineUtilsThread] INFO  pipeline.PipelinePlacementPolicy (PipelinePlacementPolicy.java:meetCriteria(91)) - Pipeline Placement: can't place more pipeline on heavy datanode： 061f0142-df7f-4ee2-9f4c-60a73b1123be Heaviness: 6 limit: 5
2019-09-25 04:51:54,498 [RatisPipelineUtilsThread] INFO  pipeline.PipelinePlacementPolicy (PipelinePlacementPolicy.java:meetCriteria(91)) - Pipeline Placement: can't place more pipeline on heavy datanode： a8f74c9c-c1e0-47fe-a430-51d3a9749877 Heaviness: 6 limit: 5
2019-09-25 04:51:54,498 [RatisPipelineUtilsThread] INFO  pipeline.PipelinePlacementPolicy (PipelinePlacementPolicy.java:meetCriteria(91)) - Pipeline Placement: can't place more pipeline on heavy datanode： 38e0221b-1a06-473d-b1e9-41261cc0c838 Heaviness: 6 limit: 5
2019-09-25 04:51:54,498 [RatisPipelineUtilsThread] INFO  pipeline.PipelinePlacementPolicy (PipelinePlacementPolicy.java:meetCriteria(91)) - Pipeline Placement: can't place more pipeline on heavy datanode： 5ef12726-03f2-4870-a114-ed0a439e18ee Heaviness: 6 limit: 5
2019-09-25 04:51:54,499 [RatisPipelineUtilsThread] INFO  pipeline.PipelinePlacementPolicy (PipelinePlacementPolicy.java:meetCriteria(91)) - Pipeline Placement: can't place more pipeline on heavy datanode： 38f9cd64-a54c-4b19-ac87-5788454c2084 Heaviness: 6 limit: 5
2019-09-25 04:51:54,499 [RatisPipelineUtilsThread] ERROR pipeline.PipelinePlacementPolicy (PipelinePlacementPolicy.java:filterViableNodes(148)) - Unable to find enough nodes that meet the criteria that cannot engage in more than 5 pipelines. Nodes required: 3 Found: 0, healthy nodes count inNodeManager: 7.
2019-09-25 04:51:54,499 [RatisPipelineUtilsThread] ERROR pipeline.SCMPipelineManager (SCMPipelineManager.java:createPipeline(167)) - Pipeline creation failed.
org.apache.hadoop.hdds.scm.exceptions.SCMException: Unable to find enough nodes that meet the criteria that cannot engage in more than 5 pipelines. Nodes required: 3 Found: 0, healthy nodes count inNodeManager: 7.
	at org.apache.hadoop.hdds.scm.pipeline.PipelinePlacementPolicy.filterViableNodes(PipelinePlacementPolicy.java:149)
	at org.apache.hadoop.hdds.scm.pipeline.PipelinePlacementPolicy.chooseDatanodes(PipelinePlacementPolicy.java:172)
	at org.apache.hadoop.hdds.scm.pipeline.RatisPipelineProvider.create(RatisPipelineProvider.java:93)
	at org.apache.hadoop.hdds.scm.pipeline.PipelineFactory.create(PipelineFactory.java:58)
	at org.apache.hadoop.hdds.scm.pipeline.SCMPipelineManager.createPipeline(SCMPipelineManager.java:155)
	at org.apache.hadoop.hdds.scm.pipeline.BackgroundPipelineCreator.createPipelines(BackgroundPipelineCreator.java:99)
	at org.apache.hadoop.hdds.scm.pipeline.BackgroundPipelineCreator.lambda$startFixedIntervalPipelineCreator$0(BackgroundPipelineCreator.java:70)
	at java.util.concurrent.Executors$RunnableAdapter.call(Executors.java:511)
	at java.util.concurrent.FutureTask.runAndReset(FutureTask.java:308)
	at java.util.concurrent.ScheduledThreadPoolExecutor$ScheduledFutureTask.access$301(ScheduledThreadPoolExecutor.java:180)
	at java.util.concurrent.ScheduledThreadPoolExecutor$ScheduledFutureTask.run(ScheduledThreadPoolExecutor.java:294)
	at java.util.concurrent.ThreadPoolExecutor.runWorker(ThreadPoolExecutor.java:1149)
	at java.util.concurrent.ThreadPoolExecutor$Worker.run(ThreadPoolExecutor.java:624)
	at java.lang.Thread.run(Thread.java:748)
2019-09-25 04:51:54,499 [IPC Server handler 0 on 42118] INFO  pipeline.PipelinePlacementPolicy (PipelinePlacementPolicy.java:meetCriteria(91)) - Pipeline Placement: can't place more pipeline on heavy datanode： af197493-ce66-4de5-b7e9-f4e1a29b0c2a Heaviness: 6 limit: 5
2019-09-25 04:51:54,500 [IPC Server handler 0 on 42118] INFO  pipeline.PipelinePlacementPolicy (PipelinePlacementPolicy.java:meetCriteria(91)) - Pipeline Placement: can't place more pipeline on heavy datanode： a47783cb-f32c-4b3c-a96f-229a7b607849 Heaviness: 6 limit: 5
2019-09-25 04:51:54,500 [IPC Server handler 0 on 42118] INFO  pipeline.PipelinePlacementPolicy (PipelinePlacementPolicy.java:meetCriteria(91)) - Pipeline Placement: can't place more pipeline on heavy datanode： 061f0142-df7f-4ee2-9f4c-60a73b1123be Heaviness: 6 limit: 5
2019-09-25 04:51:54,500 [IPC Server handler 0 on 42118] INFO  pipeline.PipelinePlacementPolicy (PipelinePlacementPolicy.java:meetCriteria(91)) - Pipeline Placement: can't place more pipeline on heavy datanode： a8f74c9c-c1e0-47fe-a430-51d3a9749877 Heaviness: 6 limit: 5
2019-09-25 04:51:54,500 [IPC Server handler 0 on 42118] INFO  pipeline.PipelinePlacementPolicy (PipelinePlacementPolicy.java:meetCriteria(91)) - Pipeline Placement: can't place more pipeline on heavy datanode： 38e0221b-1a06-473d-b1e9-41261cc0c838 Heaviness: 6 limit: 5
2019-09-25 04:51:54,500 [IPC Server handler 0 on 42118] INFO  pipeline.PipelinePlacementPolicy (PipelinePlacementPolicy.java:meetCriteria(91)) - Pipeline Placement: can't place more pipeline on heavy datanode： 5ef12726-03f2-4870-a114-ed0a439e18ee Heaviness: 6 limit: 5
2019-09-25 04:51:54,501 [IPC Server handler 0 on 42118] INFO  pipeline.PipelinePlacementPolicy (PipelinePlacementPolicy.java:meetCriteria(91)) - Pipeline Placement: can't place more pipeline on heavy datanode： 38f9cd64-a54c-4b19-ac87-5788454c2084 Heaviness: 6 limit: 5
2019-09-25 04:51:54,501 [IPC Server handler 0 on 42118] ERROR pipeline.PipelinePlacementPolicy (PipelinePlacementPolicy.java:filterViableNodes(148)) - Unable to find enough nodes that meet the criteria that cannot engage in more than 5 pipelines. Nodes required: 3 Found: 0, healthy nodes count inNodeManager: 7.
2019-09-25 04:51:54,501 [IPC Server handler 0 on 42118] ERROR pipeline.SCMPipelineManager (SCMPipelineManager.java:createPipeline(167)) - Pipeline creation failed.
org.apache.hadoop.hdds.scm.exceptions.SCMException: Unable to find enough nodes that meet the criteria that cannot engage in more than 5 pipelines. Nodes required: 3 Found: 0, healthy nodes count inNodeManager: 7.
	at org.apache.hadoop.hdds.scm.pipeline.PipelinePlacementPolicy.filterViableNodes(PipelinePlacementPolicy.java:149)
	at org.apache.hadoop.hdds.scm.pipeline.PipelinePlacementPolicy.chooseDatanodes(PipelinePlacementPolicy.java:172)
	at org.apache.hadoop.hdds.scm.pipeline.RatisPipelineProvider.create(RatisPipelineProvider.java:93)
	at org.apache.hadoop.hdds.scm.pipeline.PipelineFactory.create(PipelineFactory.java:58)
	at org.apache.hadoop.hdds.scm.pipeline.SCMPipelineManager.createPipeline(SCMPipelineManager.java:155)
	at org.apache.hadoop.hdds.scm.block.BlockManagerImpl.allocateBlock(BlockManagerImpl.java:190)
	at org.apache.hadoop.hdds.scm.server.SCMBlockProtocolServer.allocateBlock(SCMBlockProtocolServer.java:182)
	at org.apache.hadoop.ozone.protocolPB.ScmBlockLocationProtocolServerSideTranslatorPB.allocateScmBlock(ScmBlockLocationProtocolServerSideTranslatorPB.java:183)
	at org.apache.hadoop.ozone.protocolPB.ScmBlockLocationProtocolServerSideTranslatorPB.processMessage(ScmBlockLocationProtocolServerSideTranslatorPB.java:141)
	at org.apache.hadoop.ozone.protocolPB.ScmBlockLocationProtocolServerSideTranslatorPB.send(ScmBlockLocationProtocolServerSideTranslatorPB.java:116)
	at org.apache.hadoop.hdds.protocol.proto.ScmBlockLocationProtocolProtos$ScmBlockLocationProtocolService$2.callBlockingMethod(ScmBlockLocationProtocolProtos.java:13157)
	at org.apache.hadoop.ipc.ProtobufRpcEngine$Server$ProtoBufRpcInvoker.call(ProtobufRpcEngine.java:524)
	at org.apache.hadoop.ipc.RPC$Server.call(RPC.java:1025)
	at org.apache.hadoop.ipc.Server$RpcCall.run(Server.java:876)
	at org.apache.hadoop.ipc.Server$RpcCall.run(Server.java:822)
	at java.security.AccessController.doPrivileged(Native Method)
	at javax.security.auth.Subject.doAs(Subject.java:422)
	at org.apache.hadoop.security.UserGroupInformation.doAs(UserGroupInformation.java:1730)
	at org.apache.hadoop.ipc.Server$Handler.run(Server.java:2682)
2019-09-25 04:51:54,502 [IPC Server handler 0 on 42118] WARN  block.BlockManagerImpl (BlockManagerImpl.java:allocateBlock(192)) - Pipeline creation failed for type:RATIS factor:THREE. Retrying get pipelines call once.
org.apache.hadoop.hdds.scm.exceptions.SCMException: Unable to find enough nodes that meet the criteria that cannot engage in more than 5 pipelines. Nodes required: 3 Found: 0, healthy nodes count inNodeManager: 7.
	at org.apache.hadoop.hdds.scm.pipeline.PipelinePlacementPolicy.filterViableNodes(PipelinePlacementPolicy.java:149)
	at org.apache.hadoop.hdds.scm.pipeline.PipelinePlacementPolicy.chooseDatanodes(PipelinePlacementPolicy.java:172)
	at org.apache.hadoop.hdds.scm.pipeline.RatisPipelineProvider.create(RatisPipelineProvider.java:93)
	at org.apache.hadoop.hdds.scm.pipeline.PipelineFactory.create(PipelineFactory.java:58)
	at org.apache.hadoop.hdds.scm.pipeline.SCMPipelineManager.createPipeline(SCMPipelineManager.java:155)
	at org.apache.hadoop.hdds.scm.block.BlockManagerImpl.allocateBlock(BlockManagerImpl.java:190)
	at org.apache.hadoop.hdds.scm.server.SCMBlockProtocolServer.allocateBlock(SCMBlockProtocolServer.java:182)
	at org.apache.hadoop.ozone.protocolPB.ScmBlockLocationProtocolServerSideTranslatorPB.allocateScmBlock(ScmBlockLocationProtocolServerSideTranslatorPB.java:183)
	at org.apache.hadoop.ozone.protocolPB.ScmBlockLocationProtocolServerSideTranslatorPB.processMessage(ScmBlockLocationProtocolServerSideTranslatorPB.java:141)
	at org.apache.hadoop.ozone.protocolPB.ScmBlockLocationProtocolServerSideTranslatorPB.send(ScmBlockLocationProtocolServerSideTranslatorPB.java:116)
	at org.apache.hadoop.hdds.protocol.proto.ScmBlockLocationProtocolProtos$ScmBlockLocationProtocolService$2.callBlockingMethod(ScmBlockLocationProtocolProtos.java:13157)
	at org.apache.hadoop.ipc.ProtobufRpcEngine$Server$ProtoBufRpcInvoker.call(ProtobufRpcEngine.java:524)
	at org.apache.hadoop.ipc.RPC$Server.call(RPC.java:1025)
	at org.apache.hadoop.ipc.Server$RpcCall.run(Server.java:876)
	at org.apache.hadoop.ipc.Server$RpcCall.run(Server.java:822)
	at java.security.AccessController.doPrivileged(Native Method)
	at javax.security.auth.Subject.doAs(Subject.java:422)
	at org.apache.hadoop.security.UserGroupInformation.doAs(UserGroupInformation.java:1730)
	at org.apache.hadoop.ipc.Server$Handler.run(Server.java:2682)
2019-09-25 04:51:54,502 [IPC Server handler 0 on 42118] INFO  block.BlockManagerImpl (BlockManagerImpl.java:allocateBlock(198)) - Could not find available pipeline of type:RATIS and factor:THREE even after retrying
2019-09-25 04:51:54,502 [IPC Server handler 0 on 42118] ERROR block.BlockManagerImpl (BlockManagerImpl.java:allocateBlock(222)) - Unable to allocate a block for the size: 800, type: RATIS, factor: THREE
2019-09-25 04:51:54,509 [main] INFO  ozone.MiniOzoneClusterImpl (MiniOzoneClusterImpl.java:shutdown(314)) - Shutting down the Mini Ozone Cluster
2019-09-25 04:51:54,510 [main] INFO  ozone.MiniOzoneClusterImpl (MiniOzoneClusterImpl.java:stop(330)) - Stopping the Mini Ozone Cluster
2019-09-25 04:51:54,510 [main] INFO  ozone.MiniOzoneClusterImpl (MiniOzoneClusterImpl.java:stopOM(400)) - Stopping the OzoneManager
2019-09-25 04:51:54,510 [main] INFO  ipc.Server (Server.java:stop(3082)) - Stopping server on 32846
2019-09-25 04:51:54,517 [IPC Server listener on 32846] INFO  ipc.Server (Server.java:run(1185)) - Stopping IPC Server listener on 32846
2019-09-25 04:51:54,519 [main] INFO  ratis.OzoneManagerDoubleBuffer (OzoneManagerDoubleBuffer.java:stop(248)) - Stopping OMDoubleBuffer flush thread
2019-09-25 04:51:54,522 [IPC Server Responder] INFO  ipc.Server (Server.java:run(1319)) - Stopping IPC Server Responder
2019-09-25 04:51:54,522 [OMDoubleBufferFlushThread] INFO  ratis.OzoneManagerDoubleBuffer (OzoneManagerDoubleBuffer.java:flushTransactions(191)) - OMDoubleBuffer flush thread OMDoubleBufferFlushThread is interrupted and will exit. OMDoubleBufferFlushThread
2019-09-25 04:51:54,533 [main] INFO  utils.BackgroundService (BackgroundService.java:shutdown(148)) - Shutting down service KeyDeletingService
2019-09-25 04:51:54,537 [main] INFO  handler.ContextHandler (ContextHandler.java:doStop(910)) - Stopped o.e.j.w.WebAppContext@af78c87{/,null,UNAVAILABLE}{/ozoneManager}
2019-09-25 04:51:54,543 [main] INFO  server.AbstractConnector (AbstractConnector.java:doStop(318)) - Stopped ServerConnector@773dab28{HTTP/1.1,[http/1.1]}{0.0.0.0:0}
2019-09-25 04:51:54,543 [main] INFO  handler.ContextHandler (ContextHandler.java:doStop(910)) - Stopped o.e.j.s.ServletContextHandler@4cafa9aa{/static,file:///workdir/hadoop-ozone/integration-test/target/test-classes/webapps/static,UNAVAILABLE}
2019-09-25 04:51:54,544 [main] INFO  handler.ContextHandler (ContextHandler.java:doStop(910)) - Stopped o.e.j.s.ServletContextHandler@963176{/logs,file:///workdir/hadoop-ozone/integration-test/target/log,UNAVAILABLE}
2019-09-25 04:51:54,548 [main] INFO  ozone.MiniOzoneClusterImpl (MiniOzoneClusterImpl.java:stopDatanodes(377)) - Stopping the HddsDatanodes
2019-09-25 04:51:54,993 [Datanode State Machine Thread - 0] INFO  statemachine.DatanodeStateMachine (DatanodeStateMachine.java:lambda$startDaemon$0(350)) - Ozone container server started.
2019-09-25 04:51:55,254 [Datanode State Machine Thread - 0] INFO  statemachine.DatanodeStateMachine (DatanodeStateMachine.java:lambda$startDaemon$0(350)) - Ozone container server started.
2019-09-25 04:51:55,906 [Thread-240] INFO  impl.FollowerState (FollowerState.java:run(106)) - 38f9cd64-a54c-4b19-ac87-5788454c2084:group-2C711F5C2A06 changes to CANDIDATE, lastRpcTime:5190, electionTimeout:5189ms
2019-09-25 04:51:55,913 [Thread-240] INFO  impl.RoleInfo (RoleInfo.java:shutdownFollowerState(121)) - 38f9cd64-a54c-4b19-ac87-5788454c2084: shutdown FollowerState
2019-09-25 04:51:55,913 [Thread-240] INFO  impl.RaftServerImpl (RaftServerImpl.java:setRole(174)) - 38f9cd64-a54c-4b19-ac87-5788454c2084@group-2C711F5C2A06: changes role from  FOLLOWER to CANDIDATE at term 0 for changeToCandidate
2019-09-25 04:51:55,921 [Thread-240] INFO  impl.RoleInfo (RoleInfo.java:updateAndGet(143)) - 38f9cd64-a54c-4b19-ac87-5788454c2084: start LeaderElection
2019-09-25 04:51:55,943 [38f9cd64-a54c-4b19-ac87-5788454c2084@group-2C711F5C2A06:LeaderElection1] INFO  impl.LeaderElection (LeaderElection.java:askForVotes(182)) - 38f9cd64-a54c-4b19-ac87-5788454c2084@group-2C711F5C2A06:LeaderElection1: begin an election at term 1 for -1: [38f9cd64-a54c-4b19-ac87-5788454c2084:192.168.164.207:42162], old=null
2019-09-25 04:51:55,945 [38f9cd64-a54c-4b19-ac87-5788454c2084@group-2C711F5C2A06:LeaderElection1] INFO  impl.RoleInfo (RoleInfo.java:shutdownLeaderElection(134)) - 38f9cd64-a54c-4b19-ac87-5788454c2084: shutdown LeaderElection
2019-09-25 04:51:55,946 [38f9cd64-a54c-4b19-ac87-5788454c2084@group-2C711F5C2A06:LeaderElection1] INFO  impl.RaftServerImpl (RaftServerImpl.java:setRole(174)) - 38f9cd64-a54c-4b19-ac87-5788454c2084@group-2C711F5C2A06: changes role from CANDIDATE to LEADER at term 1 for changeToLeader
2019-09-25 04:51:55,946 [38f9cd64-a54c-4b19-ac87-5788454c2084@group-2C711F5C2A06:LeaderElection1] INFO  impl.RaftServerImpl (ServerState.java:setLeader(253)) - 38f9cd64-a54c-4b19-ac87-5788454c2084@group-2C711F5C2A06: change Leader from null to 38f9cd64-a54c-4b19-ac87-5788454c2084 at term 1 for becomeLeader, leader elected after 5343ms
2019-09-25 04:51:55,956 [38f9cd64-a54c-4b19-ac87-5788454c2084@group-2C711F5C2A06:LeaderElection1] INFO  server.RaftServerConfigKeys (ConfUtils.java:logGet(43)) - raft.server.staging.catchup.gap = 1000 (default)
2019-09-25 04:51:55,956 [38f9cd64-a54c-4b19-ac87-5788454c2084@group-2C711F5C2A06:LeaderElection1] INFO  server.RaftServerConfigKeys (ConfUtils.java:logGet(43)) - raft.server.rpc.sleep.time = 25ms (default)
2019-09-25 04:51:55,960 [38f9cd64-a54c-4b19-ac87-5788454c2084@group-2C711F5C2A06:LeaderElection1] INFO  server.RaftServerConfigKeys (ConfUtils.java:logGet(43)) - raft.server.write.element-limit = 4096 (default)
2019-09-25 04:51:55,963 [38f9cd64-a54c-4b19-ac87-5788454c2084@group-2C711F5C2A06:LeaderElection1] INFO  server.RaftServerConfigKeys (ConfUtils.java:logGet(43)) - raft.server.watch.timeout = 10s (default)
2019-09-25 04:51:55,963 [38f9cd64-a54c-4b19-ac87-5788454c2084@group-2C711F5C2A06:LeaderElection1] INFO  server.RaftServerConfigKeys (ConfUtils.java:logGet(43)) - raft.server.watch.timeout.denomination = 1s (default)
2019-09-25 04:51:55,964 [38f9cd64-a54c-4b19-ac87-5788454c2084@group-2C711F5C2A06:LeaderElection1] INFO  server.RaftServerConfigKeys (ConfUtils.java:logGet(43)) - raft.server.watch.element-limit = 65536 (default)
2019-09-25 04:51:55,978 [38f9cd64-a54c-4b19-ac87-5788454c2084@group-2C711F5C2A06:LeaderElection1] INFO  impl.RoleInfo (RoleInfo.java:updateAndGet(143)) - 38f9cd64-a54c-4b19-ac87-5788454c2084: start LeaderState
2019-09-25 04:51:55,992 [Thread-243] INFO  impl.FollowerState (FollowerState.java:run(106)) - 061f0142-df7f-4ee2-9f4c-60a73b1123be:group-ACD37A13DC40 changes to CANDIDATE, lastRpcTime:5064, electionTimeout:5063ms
2019-09-25 04:51:55,995 [Thread-243] INFO  impl.RoleInfo (RoleInfo.java:shutdownFollowerState(121)) - 061f0142-df7f-4ee2-9f4c-60a73b1123be: shutdown FollowerState
2019-09-25 04:51:55,995 [Thread-243] INFO  impl.RaftServerImpl (RaftServerImpl.java:setRole(174)) - 061f0142-df7f-4ee2-9f4c-60a73b1123be@group-ACD37A13DC40: changes role from  FOLLOWER to CANDIDATE at term 0 for changeToCandidate
2019-09-25 04:51:55,995 [Thread-243] INFO  impl.RoleInfo (RoleInfo.java:updateAndGet(143)) - 061f0142-df7f-4ee2-9f4c-60a73b1123be: start LeaderElection
2019-09-25 04:51:56,014 [38f9cd64-a54c-4b19-ac87-5788454c2084@group-2C711F5C2A06:LeaderElection1] INFO  segmented.SegmentedRaftLogWorker (SegmentedRaftLogWorker.java:startLogSegment(380)) - 38f9cd64-a54c-4b19-ac87-5788454c2084@group-2C711F5C2A06-SegmentedRaftLogWorker: Starting segment from index:0
2019-09-25 04:51:56,015 [061f0142-df7f-4ee2-9f4c-60a73b1123be@group-ACD37A13DC40:LeaderElection2] INFO  impl.LeaderElection (LeaderElection.java:askForVotes(182)) - 061f0142-df7f-4ee2-9f4c-60a73b1123be@group-ACD37A13DC40:LeaderElection2: begin an election at term 1 for -1: [061f0142-df7f-4ee2-9f4c-60a73b1123be:192.168.164.207:36055], old=null
2019-09-25 04:51:56,020 [061f0142-df7f-4ee2-9f4c-60a73b1123be@group-ACD37A13DC40:LeaderElection2] INFO  impl.RoleInfo (RoleInfo.java:shutdownLeaderElection(134)) - 061f0142-df7f-4ee2-9f4c-60a73b1123be: shutdown LeaderElection
2019-09-25 04:51:56,020 [061f0142-df7f-4ee2-9f4c-60a73b1123be@group-ACD37A13DC40:LeaderElection2] INFO  impl.RaftServerImpl (RaftServerImpl.java:setRole(174)) - 061f0142-df7f-4ee2-9f4c-60a73b1123be@group-ACD37A13DC40: changes role from CANDIDATE to LEADER at term 1 for changeToLeader
2019-09-25 04:51:56,020 [061f0142-df7f-4ee2-9f4c-60a73b1123be@group-ACD37A13DC40:LeaderElection2] INFO  impl.RaftServerImpl (ServerState.java:setLeader(253)) - 061f0142-df7f-4ee2-9f4c-60a73b1123be@group-ACD37A13DC40: change Leader from null to 061f0142-df7f-4ee2-9f4c-60a73b1123be at term 1 for becomeLeader, leader elected after 5106ms
2019-09-25 04:51:56,023 [061f0142-df7f-4ee2-9f4c-60a73b1123be@group-ACD37A13DC40:LeaderElection2] INFO  server.RaftServerConfigKeys (ConfUtils.java:logGet(43)) - raft.server.staging.catchup.gap = 1000 (default)
2019-09-25 04:51:56,023 [061f0142-df7f-4ee2-9f4c-60a73b1123be@group-ACD37A13DC40:LeaderElection2] INFO  server.RaftServerConfigKeys (ConfUtils.java:logGet(43)) - raft.server.rpc.sleep.time = 25ms (default)
2019-09-25 04:51:56,023 [061f0142-df7f-4ee2-9f4c-60a73b1123be@group-ACD37A13DC40:LeaderElection2] INFO  server.RaftServerConfigKeys (ConfUtils.java:logGet(43)) - raft.server.write.element-limit = 4096 (default)
2019-09-25 04:51:56,023 [061f0142-df7f-4ee2-9f4c-60a73b1123be@group-ACD37A13DC40:LeaderElection2] INFO  server.RaftServerConfigKeys (ConfUtils.java:logGet(43)) - raft.server.watch.timeout = 10s (default)
2019-09-25 04:51:56,023 [061f0142-df7f-4ee2-9f4c-60a73b1123be@group-ACD37A13DC40:LeaderElection2] INFO  server.RaftServerConfigKeys (ConfUtils.java:logGet(43)) - raft.server.watch.timeout.denomination = 1s (default)
2019-09-25 04:51:56,024 [061f0142-df7f-4ee2-9f4c-60a73b1123be@group-ACD37A13DC40:LeaderElection2] INFO  server.RaftServerConfigKeys (ConfUtils.java:logGet(43)) - raft.server.watch.element-limit = 65536 (default)
2019-09-25 04:51:56,026 [061f0142-df7f-4ee2-9f4c-60a73b1123be@group-ACD37A13DC40:LeaderElection2] INFO  impl.RoleInfo (RoleInfo.java:updateAndGet(143)) - 061f0142-df7f-4ee2-9f4c-60a73b1123be: start LeaderState
2019-09-25 04:51:56,026 [061f0142-df7f-4ee2-9f4c-60a73b1123be@group-ACD37A13DC40:LeaderElection2] INFO  segmented.SegmentedRaftLogWorker (SegmentedRaftLogWorker.java:startLogSegment(380)) - 061f0142-df7f-4ee2-9f4c-60a73b1123be@group-ACD37A13DC40-SegmentedRaftLogWorker: Starting segment from index:0
2019-09-25 04:51:56,033 [061f0142-df7f-4ee2-9f4c-60a73b1123be@group-ACD37A13DC40:LeaderElection2] INFO  impl.RaftServerImpl (ServerState.java:setRaftConf(354)) - 061f0142-df7f-4ee2-9f4c-60a73b1123be@group-ACD37A13DC40: set configuration 0: [061f0142-df7f-4ee2-9f4c-60a73b1123be:192.168.164.207:36055], old=null at 0
2019-09-25 04:51:56,033 [38f9cd64-a54c-4b19-ac87-5788454c2084@group-2C711F5C2A06:LeaderElection1] INFO  impl.RaftServerImpl (ServerState.java:setRaftConf(354)) - 38f9cd64-a54c-4b19-ac87-5788454c2084@group-2C711F5C2A06: set configuration 0: [38f9cd64-a54c-4b19-ac87-5788454c2084:192.168.164.207:42162], old=null at 0
2019-09-25 04:51:56,169 [Thread-246] INFO  impl.FollowerState (FollowerState.java:run(106)) - af197493-ce66-4de5-b7e9-f4e1a29b0c2a:group-934F85DCDEF3 changes to CANDIDATE, lastRpcTime:5101, electionTimeout:5101ms
2019-09-25 04:51:56,170 [Thread-246] INFO  impl.RoleInfo (RoleInfo.java:shutdownFollowerState(121)) - af197493-ce66-4de5-b7e9-f4e1a29b0c2a: shutdown FollowerState
2019-09-25 04:51:56,170 [Thread-246] INFO  impl.RaftServerImpl (RaftServerImpl.java:setRole(174)) - af197493-ce66-4de5-b7e9-f4e1a29b0c2a@group-934F85DCDEF3: changes role from  FOLLOWER to CANDIDATE at term 0 for changeToCandidate
2019-09-25 04:51:56,170 [Thread-246] INFO  impl.RoleInfo (RoleInfo.java:updateAndGet(143)) - af197493-ce66-4de5-b7e9-f4e1a29b0c2a: start LeaderElection
2019-09-25 04:51:56,214 [38f9cd64-a54c-4b19-ac87-5788454c2084@group-2C711F5C2A06-SegmentedRaftLogWorker] INFO  segmented.SegmentedRaftLogWorker (SegmentedRaftLogWorker.java:execute(569)) - 38f9cd64-a54c-4b19-ac87-5788454c2084@group-2C711F5C2A06-SegmentedRaftLogWorker: created new log segment /workdir/hadoop-ozone/integration-test/target/test-dir/MiniOzoneClusterImpl-ee606598-1675-4e02-b706-4bffbdc3363b/datanode-0/data/ratis/c3c4e4d1-a408-4d1d-929c-2c711f5c2a06/current/log_inprogress_0
2019-09-25 04:51:56,214 [061f0142-df7f-4ee2-9f4c-60a73b1123be@group-ACD37A13DC40-SegmentedRaftLogWorker] INFO  segmented.SegmentedRaftLogWorker (SegmentedRaftLogWorker.java:execute(569)) - 061f0142-df7f-4ee2-9f4c-60a73b1123be@group-ACD37A13DC40-SegmentedRaftLogWorker: created new log segment /workdir/hadoop-ozone/integration-test/target/test-dir/MiniOzoneClusterImpl-ee606598-1675-4e02-b706-4bffbdc3363b/datanode-4/data/ratis/37d79530-2e53-4753-95a5-acd37a13dc40/current/log_inprogress_0
2019-09-25 04:51:56,214 [af197493-ce66-4de5-b7e9-f4e1a29b0c2a@group-934F85DCDEF3:LeaderElection3] INFO  impl.LeaderElection (LeaderElection.java:askForVotes(182)) - af197493-ce66-4de5-b7e9-f4e1a29b0c2a@group-934F85DCDEF3:LeaderElection3: begin an election at term 1 for -1: [af197493-ce66-4de5-b7e9-f4e1a29b0c2a:192.168.164.207:32804], old=null
2019-09-25 04:51:56,215 [af197493-ce66-4de5-b7e9-f4e1a29b0c2a@group-934F85DCDEF3:LeaderElection3] INFO  impl.RoleInfo (RoleInfo.java:shutdownLeaderElection(134)) - af197493-ce66-4de5-b7e9-f4e1a29b0c2a: shutdown LeaderElection
2019-09-25 04:51:56,215 [af197493-ce66-4de5-b7e9-f4e1a29b0c2a@group-934F85DCDEF3:LeaderElection3] INFO  impl.RaftServerImpl (RaftServerImpl.java:setRole(174)) - af197493-ce66-4de5-b7e9-f4e1a29b0c2a@group-934F85DCDEF3: changes role from CANDIDATE to LEADER at term 1 for changeToLeader
2019-09-25 04:51:56,215 [af197493-ce66-4de5-b7e9-f4e1a29b0c2a@group-934F85DCDEF3:LeaderElection3] INFO  impl.RaftServerImpl (ServerState.java:setLeader(253)) - af197493-ce66-4de5-b7e9-f4e1a29b0c2a@group-934F85DCDEF3: change Leader from null to af197493-ce66-4de5-b7e9-f4e1a29b0c2a at term 1 for becomeLeader, leader elected after 5184ms
2019-09-25 04:51:56,217 [af197493-ce66-4de5-b7e9-f4e1a29b0c2a@group-934F85DCDEF3:LeaderElection3] INFO  server.RaftServerConfigKeys (ConfUtils.java:logGet(43)) - raft.server.staging.catchup.gap = 1000 (default)
2019-09-25 04:51:56,217 [af197493-ce66-4de5-b7e9-f4e1a29b0c2a@group-934F85DCDEF3:LeaderElection3] INFO  server.RaftServerConfigKeys (ConfUtils.java:logGet(43)) - raft.server.rpc.sleep.time = 25ms (default)
2019-09-25 04:51:56,217 [af197493-ce66-4de5-b7e9-f4e1a29b0c2a@group-934F85DCDEF3:LeaderElection3] INFO  server.RaftServerConfigKeys (ConfUtils.java:logGet(43)) - raft.server.write.element-limit = 4096 (default)
2019-09-25 04:51:56,218 [af197493-ce66-4de5-b7e9-f4e1a29b0c2a@group-934F85DCDEF3:LeaderElection3] INFO  server.RaftServerConfigKeys (ConfUtils.java:logGet(43)) - raft.server.watch.timeout = 10s (default)
2019-09-25 04:51:56,218 [af197493-ce66-4de5-b7e9-f4e1a29b0c2a@group-934F85DCDEF3:LeaderElection3] INFO  server.RaftServerConfigKeys (ConfUtils.java:logGet(43)) - raft.server.watch.timeout.denomination = 1s (default)
2019-09-25 04:51:56,218 [af197493-ce66-4de5-b7e9-f4e1a29b0c2a@group-934F85DCDEF3:LeaderElection3] INFO  server.RaftServerConfigKeys (ConfUtils.java:logGet(43)) - raft.server.watch.element-limit = 65536 (default)
2019-09-25 04:51:56,221 [af197493-ce66-4de5-b7e9-f4e1a29b0c2a@group-934F85DCDEF3:LeaderElection3] INFO  impl.RoleInfo (RoleInfo.java:updateAndGet(143)) - af197493-ce66-4de5-b7e9-f4e1a29b0c2a: start LeaderState
2019-09-25 04:51:56,221 [af197493-ce66-4de5-b7e9-f4e1a29b0c2a@group-934F85DCDEF3:LeaderElection3] INFO  segmented.SegmentedRaftLogWorker (SegmentedRaftLogWorker.java:startLogSegment(380)) - af197493-ce66-4de5-b7e9-f4e1a29b0c2a@group-934F85DCDEF3-SegmentedRaftLogWorker: Starting segment from index:0
2019-09-25 04:51:56,221 [af197493-ce66-4de5-b7e9-f4e1a29b0c2a@group-934F85DCDEF3:LeaderElection3] INFO  impl.RaftServerImpl (ServerState.java:setRaftConf(354)) - af197493-ce66-4de5-b7e9-f4e1a29b0c2a@group-934F85DCDEF3: set configuration 0: [af197493-ce66-4de5-b7e9-f4e1a29b0c2a:192.168.164.207:32804], old=null at 0
2019-09-25 04:51:56,279 [Thread-252] INFO  impl.FollowerState (FollowerState.java:run(106)) - 38f9cd64-a54c-4b19-ac87-5788454c2084:group-1CA0B79F861C changes to CANDIDATE, lastRpcTime:5047, electionTimeout:5043ms
2019-09-25 04:51:56,279 [Thread-249] INFO  impl.FollowerState (FollowerState.java:run(106)) - 5ef12726-03f2-4870-a114-ed0a439e18ee:group-5D12FB8C415E changes to CANDIDATE, lastRpcTime:5141, electionTimeout:5140ms
2019-09-25 04:51:56,279 [Thread-252] INFO  impl.RoleInfo (RoleInfo.java:shutdownFollowerState(121)) - 38f9cd64-a54c-4b19-ac87-5788454c2084: shutdown FollowerState
2019-09-25 04:51:56,279 [Thread-249] INFO  impl.RoleInfo (RoleInfo.java:shutdownFollowerState(121)) - 5ef12726-03f2-4870-a114-ed0a439e18ee: shutdown FollowerState
2019-09-25 04:51:56,279 [Thread-252] INFO  impl.RaftServerImpl (RaftServerImpl.java:setRole(174)) - 38f9cd64-a54c-4b19-ac87-5788454c2084@group-1CA0B79F861C: changes role from  FOLLOWER to CANDIDATE at term 0 for changeToCandidate
2019-09-25 04:51:56,279 [Thread-249] INFO  impl.RaftServerImpl (RaftServerImpl.java:setRole(174)) - 5ef12726-03f2-4870-a114-ed0a439e18ee@group-5D12FB8C415E: changes role from  FOLLOWER to CANDIDATE at term 0 for changeToCandidate
2019-09-25 04:51:56,280 [Thread-252] INFO  impl.RoleInfo (RoleInfo.java:updateAndGet(143)) - 38f9cd64-a54c-4b19-ac87-5788454c2084: start LeaderElection
2019-09-25 04:51:56,280 [Thread-249] INFO  impl.RoleInfo (RoleInfo.java:updateAndGet(143)) - 5ef12726-03f2-4870-a114-ed0a439e18ee: start LeaderElection
2019-09-25 04:51:56,288 [af197493-ce66-4de5-b7e9-f4e1a29b0c2a@group-934F85DCDEF3-SegmentedRaftLogWorker] INFO  segmented.SegmentedRaftLogWorker (SegmentedRaftLogWorker.java:execute(569)) - af197493-ce66-4de5-b7e9-f4e1a29b0c2a@group-934F85DCDEF3-SegmentedRaftLogWorker: created new log segment /workdir/hadoop-ozone/integration-test/target/test-dir/MiniOzoneClusterImpl-ee606598-1675-4e02-b706-4bffbdc3363b/datanode-1/data/ratis/386495b8-f7ca-4cbd-9116-934f85dcdef3/current/log_inprogress_0
2019-09-25 04:51:56,303 [5ef12726-03f2-4870-a114-ed0a439e18ee@group-5D12FB8C415E:LeaderElection5] INFO  impl.LeaderElection (LeaderElection.java:askForVotes(182)) - 5ef12726-03f2-4870-a114-ed0a439e18ee@group-5D12FB8C415E:LeaderElection5: begin an election at term 1 for -1: [5ef12726-03f2-4870-a114-ed0a439e18ee:192.168.164.207:40177], old=null
2019-09-25 04:51:56,303 [38f9cd64-a54c-4b19-ac87-5788454c2084@group-1CA0B79F861C:LeaderElection4] INFO  impl.LeaderElection (LeaderElection.java:askForVotes(182)) - 38f9cd64-a54c-4b19-ac87-5788454c2084@group-1CA0B79F861C:LeaderElection4: begin an election at term 1 for -1: [38f9cd64-a54c-4b19-ac87-5788454c2084:192.168.164.207:42162], old=null
2019-09-25 04:51:56,303 [5ef12726-03f2-4870-a114-ed0a439e18ee@group-5D12FB8C415E:LeaderElection5] INFO  impl.RoleInfo (RoleInfo.java:shutdownLeaderElection(134)) - 5ef12726-03f2-4870-a114-ed0a439e18ee: shutdown LeaderElection
2019-09-25 04:51:56,303 [38f9cd64-a54c-4b19-ac87-5788454c2084@group-1CA0B79F861C:LeaderElection4] INFO  impl.RoleInfo (RoleInfo.java:shutdownLeaderElection(134)) - 38f9cd64-a54c-4b19-ac87-5788454c2084: shutdown LeaderElection
2019-09-25 04:51:56,303 [5ef12726-03f2-4870-a114-ed0a439e18ee@group-5D12FB8C415E:LeaderElection5] INFO  impl.RaftServerImpl (RaftServerImpl.java:setRole(174)) - 5ef12726-03f2-4870-a114-ed0a439e18ee@group-5D12FB8C415E: changes role from CANDIDATE to LEADER at term 1 for changeToLeader
2019-09-25 04:51:56,303 [38f9cd64-a54c-4b19-ac87-5788454c2084@group-1CA0B79F861C:LeaderElection4] INFO  impl.RaftServerImpl (RaftServerImpl.java:setRole(174)) - 38f9cd64-a54c-4b19-ac87-5788454c2084@group-1CA0B79F861C: changes role from CANDIDATE to LEADER at term 1 for changeToLeader
2019-09-25 04:51:56,304 [5ef12726-03f2-4870-a114-ed0a439e18ee@group-5D12FB8C415E:LeaderElection5] INFO  impl.RaftServerImpl (ServerState.java:setLeader(253)) - 5ef12726-03f2-4870-a114-ed0a439e18ee@group-5D12FB8C415E: change Leader from null to 5ef12726-03f2-4870-a114-ed0a439e18ee at term 1 for becomeLeader, leader elected after 5177ms
2019-09-25 04:51:56,304 [38f9cd64-a54c-4b19-ac87-5788454c2084@group-1CA0B79F861C:LeaderElection4] INFO  impl.RaftServerImpl (ServerState.java:setLeader(253)) - 38f9cd64-a54c-4b19-ac87-5788454c2084@group-1CA0B79F861C: change Leader from null to 38f9cd64-a54c-4b19-ac87-5788454c2084 at term 1 for becomeLeader, leader elected after 5090ms
2019-09-25 04:51:56,305 [5ef12726-03f2-4870-a114-ed0a439e18ee@group-5D12FB8C415E:LeaderElection5] INFO  server.RaftServerConfigKeys (ConfUtils.java:logGet(43)) - raft.server.staging.catchup.gap = 1000 (default)
2019-09-25 04:51:56,305 [38f9cd64-a54c-4b19-ac87-5788454c2084@group-1CA0B79F861C:LeaderElection4] INFO  server.RaftServerConfigKeys (ConfUtils.java:logGet(43)) - raft.server.staging.catchup.gap = 1000 (default)
2019-09-25 04:51:56,305 [5ef12726-03f2-4870-a114-ed0a439e18ee@group-5D12FB8C415E:LeaderElection5] INFO  server.RaftServerConfigKeys (ConfUtils.java:logGet(43)) - raft.server.rpc.sleep.time = 25ms (default)
2019-09-25 04:51:56,305 [38f9cd64-a54c-4b19-ac87-5788454c2084@group-1CA0B79F861C:LeaderElection4] INFO  server.RaftServerConfigKeys (ConfUtils.java:logGet(43)) - raft.server.rpc.sleep.time = 25ms (default)
2019-09-25 04:51:56,306 [5ef12726-03f2-4870-a114-ed0a439e18ee@group-5D12FB8C415E:LeaderElection5] INFO  server.RaftServerConfigKeys (ConfUtils.java:logGet(43)) - raft.server.write.element-limit = 4096 (default)
2019-09-25 04:51:56,306 [38f9cd64-a54c-4b19-ac87-5788454c2084@group-1CA0B79F861C:LeaderElection4] INFO  server.RaftServerConfigKeys (ConfUtils.java:logGet(43)) - raft.server.write.element-limit = 4096 (default)
2019-09-25 04:51:56,306 [5ef12726-03f2-4870-a114-ed0a439e18ee@group-5D12FB8C415E:LeaderElection5] INFO  server.RaftServerConfigKeys (ConfUtils.java:logGet(43)) - raft.server.watch.timeout = 10s (default)
2019-09-25 04:51:56,306 [38f9cd64-a54c-4b19-ac87-5788454c2084@group-1CA0B79F861C:LeaderElection4] INFO  server.RaftServerConfigKeys (ConfUtils.java:logGet(43)) - raft.server.watch.timeout = 10s (default)
2019-09-25 04:51:56,306 [5ef12726-03f2-4870-a114-ed0a439e18ee@group-5D12FB8C415E:LeaderElection5] INFO  server.RaftServerConfigKeys (ConfUtils.java:logGet(43)) - raft.server.watch.timeout.denomination = 1s (default)
2019-09-25 04:51:56,306 [38f9cd64-a54c-4b19-ac87-5788454c2084@group-1CA0B79F861C:LeaderElection4] INFO  server.RaftServerConfigKeys (ConfUtils.java:logGet(43)) - raft.server.watch.timeout.denomination = 1s (default)
2019-09-25 04:51:56,306 [5ef12726-03f2-4870-a114-ed0a439e18ee@group-5D12FB8C415E:LeaderElection5] INFO  server.RaftServerConfigKeys (ConfUtils.java:logGet(43)) - raft.server.watch.element-limit = 65536 (default)
2019-09-25 04:51:56,306 [38f9cd64-a54c-4b19-ac87-5788454c2084@group-1CA0B79F861C:LeaderElection4] INFO  server.RaftServerConfigKeys (ConfUtils.java:logGet(43)) - raft.server.watch.element-limit = 65536 (default)
2019-09-25 04:51:56,309 [5ef12726-03f2-4870-a114-ed0a439e18ee@group-5D12FB8C415E:LeaderElection5] INFO  impl.RoleInfo (RoleInfo.java:updateAndGet(143)) - 5ef12726-03f2-4870-a114-ed0a439e18ee: start LeaderState
2019-09-25 04:51:56,309 [5ef12726-03f2-4870-a114-ed0a439e18ee@group-5D12FB8C415E:LeaderElection5] INFO  segmented.SegmentedRaftLogWorker (SegmentedRaftLogWorker.java:startLogSegment(380)) - 5ef12726-03f2-4870-a114-ed0a439e18ee@group-5D12FB8C415E-SegmentedRaftLogWorker: Starting segment from index:0
2019-09-25 04:51:56,309 [38f9cd64-a54c-4b19-ac87-5788454c2084@group-1CA0B79F861C:LeaderElection4] INFO  impl.RoleInfo (RoleInfo.java:updateAndGet(143)) - 38f9cd64-a54c-4b19-ac87-5788454c2084: start LeaderState
2019-09-25 04:51:56,309 [5ef12726-03f2-4870-a114-ed0a439e18ee@group-5D12FB8C415E:LeaderElection5] INFO  impl.RaftServerImpl (ServerState.java:setRaftConf(354)) - 5ef12726-03f2-4870-a114-ed0a439e18ee@group-5D12FB8C415E: set configuration 0: [5ef12726-03f2-4870-a114-ed0a439e18ee:192.168.164.207:40177], old=null at 0
2019-09-25 04:51:56,338 [38f9cd64-a54c-4b19-ac87-5788454c2084@group-1CA0B79F861C:LeaderElection4] INFO  segmented.SegmentedRaftLogWorker (SegmentedRaftLogWorker.java:startLogSegment(380)) - 38f9cd64-a54c-4b19-ac87-5788454c2084@group-1CA0B79F861C-SegmentedRaftLogWorker: Starting segment from index:0
2019-09-25 04:51:56,339 [38f9cd64-a54c-4b19-ac87-5788454c2084@group-1CA0B79F861C:LeaderElection4] INFO  impl.RaftServerImpl (ServerState.java:setRaftConf(354)) - 38f9cd64-a54c-4b19-ac87-5788454c2084@group-1CA0B79F861C: set configuration 0: [38f9cd64-a54c-4b19-ac87-5788454c2084:192.168.164.207:42162], old=null at 0
2019-09-25 04:51:56,366 [5ef12726-03f2-4870-a114-ed0a439e18ee@group-5D12FB8C415E-SegmentedRaftLogWorker] INFO  segmented.SegmentedRaftLogWorker (SegmentedRaftLogWorker.java:execute(569)) - 5ef12726-03f2-4870-a114-ed0a439e18ee@group-5D12FB8C415E-SegmentedRaftLogWorker: created new log segment /workdir/hadoop-ozone/integration-test/target/test-dir/MiniOzoneClusterImpl-ee606598-1675-4e02-b706-4bffbdc3363b/datanode-2/data/ratis/751ceb8a-1f33-42ee-9d66-5d12fb8c415e/current/log_inprogress_0
2019-09-25 04:51:56,379 [38f9cd64-a54c-4b19-ac87-5788454c2084@group-1CA0B79F861C-SegmentedRaftLogWorker] INFO  segmented.SegmentedRaftLogWorker (SegmentedRaftLogWorker.java:execute(569)) - 38f9cd64-a54c-4b19-ac87-5788454c2084@group-1CA0B79F861C-SegmentedRaftLogWorker: created new log segment /workdir/hadoop-ozone/integration-test/target/test-dir/MiniOzoneClusterImpl-ee606598-1675-4e02-b706-4bffbdc3363b/datanode-0/data/ratis/903647e7-0caf-4b32-917b-1ca0b79f861c/current/log_inprogress_0
2019-09-25 04:51:56,379 [Thread-255] INFO  impl.FollowerState (FollowerState.java:run(106)) - 5ef12726-03f2-4870-a114-ed0a439e18ee:group-3C2DF713CDAA changes to CANDIDATE, lastRpcTime:5079, electionTimeout:5079ms
2019-09-25 04:51:56,379 [Thread-255] INFO  impl.RoleInfo (RoleInfo.java:shutdownFollowerState(121)) - 5ef12726-03f2-4870-a114-ed0a439e18ee: shutdown FollowerState
2019-09-25 04:51:56,379 [Thread-255] INFO  impl.RaftServerImpl (RaftServerImpl.java:setRole(174)) - 5ef12726-03f2-4870-a114-ed0a439e18ee@group-3C2DF713CDAA: changes role from  FOLLOWER to CANDIDATE at term 0 for changeToCandidate
2019-09-25 04:51:56,380 [Thread-255] INFO  impl.RoleInfo (RoleInfo.java:updateAndGet(143)) - 5ef12726-03f2-4870-a114-ed0a439e18ee: start LeaderElection
2019-09-25 04:51:56,392 [5ef12726-03f2-4870-a114-ed0a439e18ee@group-3C2DF713CDAA:LeaderElection6] INFO  impl.LeaderElection (LeaderElection.java:askForVotes(182)) - 5ef12726-03f2-4870-a114-ed0a439e18ee@group-3C2DF713CDAA:LeaderElection6: begin an election at term 1 for -1: [5ef12726-03f2-4870-a114-ed0a439e18ee:192.168.164.207:40177], old=null
2019-09-25 04:51:56,392 [5ef12726-03f2-4870-a114-ed0a439e18ee@group-3C2DF713CDAA:LeaderElection6] INFO  impl.RoleInfo (RoleInfo.java:shutdownLeaderElection(134)) - 5ef12726-03f2-4870-a114-ed0a439e18ee: shutdown LeaderElection
2019-09-25 04:51:56,392 [5ef12726-03f2-4870-a114-ed0a439e18ee@group-3C2DF713CDAA:LeaderElection6] INFO  impl.RaftServerImpl (RaftServerImpl.java:setRole(174)) - 5ef12726-03f2-4870-a114-ed0a439e18ee@group-3C2DF713CDAA: changes role from CANDIDATE to LEADER at term 1 for changeToLeader
2019-09-25 04:51:56,392 [5ef12726-03f2-4870-a114-ed0a439e18ee@group-3C2DF713CDAA:LeaderElection6] INFO  impl.RaftServerImpl (ServerState.java:setLeader(253)) - 5ef12726-03f2-4870-a114-ed0a439e18ee@group-3C2DF713CDAA: change Leader from null to 5ef12726-03f2-4870-a114-ed0a439e18ee at term 1 for becomeLeader, leader elected after 5101ms
2019-09-25 04:51:56,393 [5ef12726-03f2-4870-a114-ed0a439e18ee@group-3C2DF713CDAA:LeaderElection6] INFO  server.RaftServerConfigKeys (ConfUtils.java:logGet(43)) - raft.server.staging.catchup.gap = 1000 (default)
2019-09-25 04:51:56,393 [5ef12726-03f2-4870-a114-ed0a439e18ee@group-3C2DF713CDAA:LeaderElection6] INFO  server.RaftServerConfigKeys (ConfUtils.java:logGet(43)) - raft.server.rpc.sleep.time = 25ms (default)
2019-09-25 04:51:56,393 [5ef12726-03f2-4870-a114-ed0a439e18ee@group-3C2DF713CDAA:LeaderElection6] INFO  server.RaftServerConfigKeys (ConfUtils.java:logGet(43)) - raft.server.write.element-limit = 4096 (default)
2019-09-25 04:51:56,393 [5ef12726-03f2-4870-a114-ed0a439e18ee@group-3C2DF713CDAA:LeaderElection6] INFO  server.RaftServerConfigKeys (ConfUtils.java:logGet(43)) - raft.server.watch.timeout = 10s (default)
2019-09-25 04:51:56,393 [5ef12726-03f2-4870-a114-ed0a439e18ee@group-3C2DF713CDAA:LeaderElection6] INFO  server.RaftServerConfigKeys (ConfUtils.java:logGet(43)) - raft.server.watch.timeout.denomination = 1s (default)
2019-09-25 04:51:56,393 [5ef12726-03f2-4870-a114-ed0a439e18ee@group-3C2DF713CDAA:LeaderElection6] INFO  server.RaftServerConfigKeys (ConfUtils.java:logGet(43)) - raft.server.watch.element-limit = 65536 (default)
2019-09-25 04:51:56,396 [5ef12726-03f2-4870-a114-ed0a439e18ee@group-3C2DF713CDAA:LeaderElection6] INFO  impl.RoleInfo (RoleInfo.java:updateAndGet(143)) - 5ef12726-03f2-4870-a114-ed0a439e18ee: start LeaderState
2019-09-25 04:51:56,396 [5ef12726-03f2-4870-a114-ed0a439e18ee@group-3C2DF713CDAA:LeaderElection6] INFO  segmented.SegmentedRaftLogWorker (SegmentedRaftLogWorker.java:startLogSegment(380)) - 5ef12726-03f2-4870-a114-ed0a439e18ee@group-3C2DF713CDAA-SegmentedRaftLogWorker: Starting segment from index:0
2019-09-25 04:51:56,397 [5ef12726-03f2-4870-a114-ed0a439e18ee@group-3C2DF713CDAA:LeaderElection6] INFO  impl.RaftServerImpl (ServerState.java:setRaftConf(354)) - 5ef12726-03f2-4870-a114-ed0a439e18ee@group-3C2DF713CDAA: set configuration 0: [5ef12726-03f2-4870-a114-ed0a439e18ee:192.168.164.207:40177], old=null at 0
2019-09-25 04:51:56,434 [Thread-258] INFO  impl.FollowerState (FollowerState.java:run(106)) - a8f74c9c-c1e0-47fe-a430-51d3a9749877:group-C5EF63A97020 changes to CANDIDATE, lastRpcTime:5057, electionTimeout:5027ms
2019-09-25 04:51:56,434 [Thread-258] INFO  impl.RoleInfo (RoleInfo.java:shutdownFollowerState(121)) - a8f74c9c-c1e0-47fe-a430-51d3a9749877: shutdown FollowerState
2019-09-25 04:51:56,435 [Thread-258] INFO  impl.RaftServerImpl (RaftServerImpl.java:setRole(174)) - a8f74c9c-c1e0-47fe-a430-51d3a9749877@group-C5EF63A97020: changes role from  FOLLOWER to CANDIDATE at term 0 for changeToCandidate
2019-09-25 04:51:56,435 [Thread-258] INFO  impl.RoleInfo (RoleInfo.java:updateAndGet(143)) - a8f74c9c-c1e0-47fe-a430-51d3a9749877: start LeaderElection
2019-09-25 04:51:56,447 [5ef12726-03f2-4870-a114-ed0a439e18ee@group-3C2DF713CDAA-SegmentedRaftLogWorker] INFO  segmented.SegmentedRaftLogWorker (SegmentedRaftLogWorker.java:execute(569)) - 5ef12726-03f2-4870-a114-ed0a439e18ee@group-3C2DF713CDAA-SegmentedRaftLogWorker: created new log segment /workdir/hadoop-ozone/integration-test/target/test-dir/MiniOzoneClusterImpl-ee606598-1675-4e02-b706-4bffbdc3363b/datanode-2/data/ratis/5a91a2e3-cd17-4233-9602-3c2df713cdaa/current/log_inprogress_0
2019-09-25 04:51:56,447 [a8f74c9c-c1e0-47fe-a430-51d3a9749877@group-C5EF63A97020:LeaderElection7] INFO  impl.LeaderElection (LeaderElection.java:askForVotes(182)) - a8f74c9c-c1e0-47fe-a430-51d3a9749877@group-C5EF63A97020:LeaderElection7: begin an election at term 1 for -1: [a8f74c9c-c1e0-47fe-a430-51d3a9749877:192.168.164.207:37761], old=null
2019-09-25 04:51:56,447 [a8f74c9c-c1e0-47fe-a430-51d3a9749877@group-C5EF63A97020:LeaderElection7] INFO  impl.RoleInfo (RoleInfo.java:shutdownLeaderElection(134)) - a8f74c9c-c1e0-47fe-a430-51d3a9749877: shutdown LeaderElection
2019-09-25 04:51:56,448 [a8f74c9c-c1e0-47fe-a430-51d3a9749877@group-C5EF63A97020:LeaderElection7] INFO  impl.RaftServerImpl (RaftServerImpl.java:setRole(174)) - a8f74c9c-c1e0-47fe-a430-51d3a9749877@group-C5EF63A97020: changes role from CANDIDATE to LEADER at term 1 for changeToLeader
2019-09-25 04:51:56,448 [a8f74c9c-c1e0-47fe-a430-51d3a9749877@group-C5EF63A97020:LeaderElection7] INFO  impl.RaftServerImpl (ServerState.java:setLeader(253)) - a8f74c9c-c1e0-47fe-a430-51d3a9749877@group-C5EF63A97020: change Leader from null to a8f74c9c-c1e0-47fe-a430-51d3a9749877 at term 1 for becomeLeader, leader elected after 5082ms
2019-09-25 04:51:56,450 [a8f74c9c-c1e0-47fe-a430-51d3a9749877@group-C5EF63A97020:LeaderElection7] INFO  server.RaftServerConfigKeys (ConfUtils.java:logGet(43)) - raft.server.staging.catchup.gap = 1000 (default)
2019-09-25 04:51:56,450 [a8f74c9c-c1e0-47fe-a430-51d3a9749877@group-C5EF63A97020:LeaderElection7] INFO  server.RaftServerConfigKeys (ConfUtils.java:logGet(43)) - raft.server.rpc.sleep.time = 25ms (default)
2019-09-25 04:51:56,450 [a8f74c9c-c1e0-47fe-a430-51d3a9749877@group-C5EF63A97020:LeaderElection7] INFO  server.RaftServerConfigKeys (ConfUtils.java:logGet(43)) - raft.server.write.element-limit = 4096 (default)
2019-09-25 04:51:56,451 [a8f74c9c-c1e0-47fe-a430-51d3a9749877@group-C5EF63A97020:LeaderElection7] INFO  server.RaftServerConfigKeys (ConfUtils.java:logGet(43)) - raft.server.watch.timeout = 10s (default)
2019-09-25 04:51:56,451 [a8f74c9c-c1e0-47fe-a430-51d3a9749877@group-C5EF63A97020:LeaderElection7] INFO  server.RaftServerConfigKeys (ConfUtils.java:logGet(43)) - raft.server.watch.timeout.denomination = 1s (default)
2019-09-25 04:51:56,451 [a8f74c9c-c1e0-47fe-a430-51d3a9749877@group-C5EF63A97020:LeaderElection7] INFO  server.RaftServerConfigKeys (ConfUtils.java:logGet(43)) - raft.server.watch.element-limit = 65536 (default)
2019-09-25 04:51:56,454 [a8f74c9c-c1e0-47fe-a430-51d3a9749877@group-C5EF63A97020:LeaderElection7] INFO  impl.RoleInfo (RoleInfo.java:updateAndGet(143)) - a8f74c9c-c1e0-47fe-a430-51d3a9749877: start LeaderState
2019-09-25 04:51:56,454 [a8f74c9c-c1e0-47fe-a430-51d3a9749877@group-C5EF63A97020:LeaderElection7] INFO  segmented.SegmentedRaftLogWorker (SegmentedRaftLogWorker.java:startLogSegment(380)) - a8f74c9c-c1e0-47fe-a430-51d3a9749877@group-C5EF63A97020-SegmentedRaftLogWorker: Starting segment from index:0
2019-09-25 04:51:56,455 [a8f74c9c-c1e0-47fe-a430-51d3a9749877@group-C5EF63A97020:LeaderElection7] INFO  impl.RaftServerImpl (ServerState.java:setRaftConf(354)) - a8f74c9c-c1e0-47fe-a430-51d3a9749877@group-C5EF63A97020: set configuration 0: [a8f74c9c-c1e0-47fe-a430-51d3a9749877:192.168.164.207:37761], old=null at 0
2019-09-25 04:51:56,507 [a8f74c9c-c1e0-47fe-a430-51d3a9749877@group-C5EF63A97020-SegmentedRaftLogWorker] INFO  segmented.SegmentedRaftLogWorker (SegmentedRaftLogWorker.java:execute(569)) - a8f74c9c-c1e0-47fe-a430-51d3a9749877@group-C5EF63A97020-SegmentedRaftLogWorker: created new log segment /workdir/hadoop-ozone/integration-test/target/test-dir/MiniOzoneClusterImpl-ee606598-1675-4e02-b706-4bffbdc3363b/datanode-3/data/ratis/70f39ebc-ee50-4fa1-a37f-c5ef63a97020/current/log_inprogress_0
2019-09-25 04:51:56,622 [Thread-261] INFO  impl.FollowerState (FollowerState.java:run(106)) - 5ef12726-03f2-4870-a114-ed0a439e18ee:group-A93586965BD1 changes to CANDIDATE, lastRpcTime:5173, electionTimeout:5173ms
2019-09-25 04:51:56,622 [Thread-261] INFO  impl.RoleInfo (RoleInfo.java:shutdownFollowerState(121)) - 5ef12726-03f2-4870-a114-ed0a439e18ee: shutdown FollowerState
2019-09-25 04:51:56,622 [Thread-261] INFO  impl.RaftServerImpl (RaftServerImpl.java:setRole(174)) - 5ef12726-03f2-4870-a114-ed0a439e18ee@group-A93586965BD1: changes role from  FOLLOWER to CANDIDATE at term 0 for changeToCandidate
2019-09-25 04:51:56,623 [Thread-261] INFO  impl.RoleInfo (RoleInfo.java:updateAndGet(143)) - 5ef12726-03f2-4870-a114-ed0a439e18ee: start LeaderElection
2019-09-25 04:51:56,641 [5ef12726-03f2-4870-a114-ed0a439e18ee@group-A93586965BD1:LeaderElection8] INFO  impl.LeaderElection (LeaderElection.java:askForVotes(182)) - 5ef12726-03f2-4870-a114-ed0a439e18ee@group-A93586965BD1:LeaderElection8: begin an election at term 1 for -1: [5ef12726-03f2-4870-a114-ed0a439e18ee:192.168.164.207:40177], old=null
2019-09-25 04:51:56,641 [5ef12726-03f2-4870-a114-ed0a439e18ee@group-A93586965BD1:LeaderElection8] INFO  impl.RoleInfo (RoleInfo.java:shutdownLeaderElection(134)) - 5ef12726-03f2-4870-a114-ed0a439e18ee: shutdown LeaderElection
2019-09-25 04:51:56,641 [5ef12726-03f2-4870-a114-ed0a439e18ee@group-A93586965BD1:LeaderElection8] INFO  impl.RaftServerImpl (RaftServerImpl.java:setRole(174)) - 5ef12726-03f2-4870-a114-ed0a439e18ee@group-A93586965BD1: changes role from CANDIDATE to LEADER at term 1 for changeToLeader
2019-09-25 04:51:56,641 [5ef12726-03f2-4870-a114-ed0a439e18ee@group-A93586965BD1:LeaderElection8] INFO  impl.RaftServerImpl (ServerState.java:setLeader(253)) - 5ef12726-03f2-4870-a114-ed0a439e18ee@group-A93586965BD1: change Leader from null to 5ef12726-03f2-4870-a114-ed0a439e18ee at term 1 for becomeLeader, leader elected after 5203ms
2019-09-25 04:51:56,642 [5ef12726-03f2-4870-a114-ed0a439e18ee@group-A93586965BD1:LeaderElection8] INFO  server.RaftServerConfigKeys (ConfUtils.java:logGet(43)) - raft.server.staging.catchup.gap = 1000 (default)
2019-09-25 04:51:56,642 [5ef12726-03f2-4870-a114-ed0a439e18ee@group-A93586965BD1:LeaderElection8] INFO  server.RaftServerConfigKeys (ConfUtils.java:logGet(43)) - raft.server.rpc.sleep.time = 25ms (default)
2019-09-25 04:51:56,642 [5ef12726-03f2-4870-a114-ed0a439e18ee@group-A93586965BD1:LeaderElection8] INFO  server.RaftServerConfigKeys (ConfUtils.java:logGet(43)) - raft.server.write.element-limit = 4096 (default)
2019-09-25 04:51:56,642 [5ef12726-03f2-4870-a114-ed0a439e18ee@group-A93586965BD1:LeaderElection8] INFO  server.RaftServerConfigKeys (ConfUtils.java:logGet(43)) - raft.server.watch.timeout = 10s (default)
2019-09-25 04:51:56,643 [5ef12726-03f2-4870-a114-ed0a439e18ee@group-A93586965BD1:LeaderElection8] INFO  server.RaftServerConfigKeys (ConfUtils.java:logGet(43)) - raft.server.watch.timeout.denomination = 1s (default)
2019-09-25 04:51:56,643 [5ef12726-03f2-4870-a114-ed0a439e18ee@group-A93586965BD1:LeaderElection8] INFO  server.RaftServerConfigKeys (ConfUtils.java:logGet(43)) - raft.server.watch.element-limit = 65536 (default)
2019-09-25 04:51:56,646 [5ef12726-03f2-4870-a114-ed0a439e18ee@group-A93586965BD1:LeaderElection8] INFO  impl.RoleInfo (RoleInfo.java:updateAndGet(143)) - 5ef12726-03f2-4870-a114-ed0a439e18ee: start LeaderState
2019-09-25 04:51:56,647 [5ef12726-03f2-4870-a114-ed0a439e18ee@group-A93586965BD1:LeaderElection8] INFO  segmented.SegmentedRaftLogWorker (SegmentedRaftLogWorker.java:startLogSegment(380)) - 5ef12726-03f2-4870-a114-ed0a439e18ee@group-A93586965BD1-SegmentedRaftLogWorker: Starting segment from index:0
2019-09-25 04:51:56,647 [5ef12726-03f2-4870-a114-ed0a439e18ee@group-A93586965BD1:LeaderElection8] INFO  impl.RaftServerImpl (ServerState.java:setRaftConf(354)) - 5ef12726-03f2-4870-a114-ed0a439e18ee@group-A93586965BD1: set configuration 0: [5ef12726-03f2-4870-a114-ed0a439e18ee:192.168.164.207:40177], old=null at 0
2019-09-25 04:51:56,688 [Thread-264] INFO  impl.FollowerState (FollowerState.java:run(106)) - 061f0142-df7f-4ee2-9f4c-60a73b1123be:group-1BE7300657D8 changes to CANDIDATE, lastRpcTime:5175, electionTimeout:5152ms
2019-09-25 04:51:56,688 [Thread-270] INFO  impl.FollowerState (FollowerState.java:run(106)) - 38e0221b-1a06-473d-b1e9-41261cc0c838:group-D8572A4DAAD3 changes to CANDIDATE, lastRpcTime:5037, electionTimeout:5011ms
2019-09-25 04:51:56,689 [Thread-264] INFO  impl.RoleInfo (RoleInfo.java:shutdownFollowerState(121)) - 061f0142-df7f-4ee2-9f4c-60a73b1123be: shutdown FollowerState
2019-09-25 04:51:56,689 [Thread-270] INFO  impl.RoleInfo (RoleInfo.java:shutdownFollowerState(121)) - 38e0221b-1a06-473d-b1e9-41261cc0c838: shutdown FollowerState
2019-09-25 04:51:56,689 [Thread-264] INFO  impl.RaftServerImpl (RaftServerImpl.java:setRole(174)) - 061f0142-df7f-4ee2-9f4c-60a73b1123be@group-1BE7300657D8: changes role from  FOLLOWER to CANDIDATE at term 0 for changeToCandidate
2019-09-25 04:51:56,689 [Thread-270] INFO  impl.RaftServerImpl (RaftServerImpl.java:setRole(174)) - 38e0221b-1a06-473d-b1e9-41261cc0c838@group-D8572A4DAAD3: changes role from  FOLLOWER to CANDIDATE at term 0 for changeToCandidate
2019-09-25 04:51:56,689 [Thread-264] INFO  impl.RoleInfo (RoleInfo.java:updateAndGet(143)) - 061f0142-df7f-4ee2-9f4c-60a73b1123be: start LeaderElection
2019-09-25 04:51:56,689 [Thread-270] INFO  impl.RoleInfo (RoleInfo.java:updateAndGet(143)) - 38e0221b-1a06-473d-b1e9-41261cc0c838: start LeaderElection
2019-09-25 04:51:56,700 [5ef12726-03f2-4870-a114-ed0a439e18ee@group-A93586965BD1-SegmentedRaftLogWorker] INFO  segmented.SegmentedRaftLogWorker (SegmentedRaftLogWorker.java:execute(569)) - 5ef12726-03f2-4870-a114-ed0a439e18ee@group-A93586965BD1-SegmentedRaftLogWorker: created new log segment /workdir/hadoop-ozone/integration-test/target/test-dir/MiniOzoneClusterImpl-ee606598-1675-4e02-b706-4bffbdc3363b/datanode-2/data/ratis/43f5893a-426f-4aae-b01b-a93586965bd1/current/log_inprogress_0
2019-09-25 04:51:56,715 [38e0221b-1a06-473d-b1e9-41261cc0c838@group-D8572A4DAAD3:LeaderElection10] INFO  impl.LeaderElection (LeaderElection.java:askForVotes(182)) - 38e0221b-1a06-473d-b1e9-41261cc0c838@group-D8572A4DAAD3:LeaderElection10: begin an election at term 1 for -1: [38e0221b-1a06-473d-b1e9-41261cc0c838:192.168.164.207:35429], old=null
2019-09-25 04:51:56,715 [061f0142-df7f-4ee2-9f4c-60a73b1123be@group-1BE7300657D8:LeaderElection9] INFO  impl.LeaderElection (LeaderElection.java:askForVotes(182)) - 061f0142-df7f-4ee2-9f4c-60a73b1123be@group-1BE7300657D8:LeaderElection9: begin an election at term 1 for -1: [061f0142-df7f-4ee2-9f4c-60a73b1123be:192.168.164.207:36055], old=null
2019-09-25 04:51:56,716 [38e0221b-1a06-473d-b1e9-41261cc0c838@group-D8572A4DAAD3:LeaderElection10] INFO  impl.RoleInfo (RoleInfo.java:shutdownLeaderElection(134)) - 38e0221b-1a06-473d-b1e9-41261cc0c838: shutdown LeaderElection
2019-09-25 04:51:56,716 [061f0142-df7f-4ee2-9f4c-60a73b1123be@group-1BE7300657D8:LeaderElection9] INFO  impl.RoleInfo (RoleInfo.java:shutdownLeaderElection(134)) - 061f0142-df7f-4ee2-9f4c-60a73b1123be: shutdown LeaderElection
2019-09-25 04:51:56,716 [38e0221b-1a06-473d-b1e9-41261cc0c838@group-D8572A4DAAD3:LeaderElection10] INFO  impl.RaftServerImpl (RaftServerImpl.java:setRole(174)) - 38e0221b-1a06-473d-b1e9-41261cc0c838@group-D8572A4DAAD3: changes role from CANDIDATE to LEADER at term 1 for changeToLeader
2019-09-25 04:51:56,716 [061f0142-df7f-4ee2-9f4c-60a73b1123be@group-1BE7300657D8:LeaderElection9] INFO  impl.RaftServerImpl (RaftServerImpl.java:setRole(174)) - 061f0142-df7f-4ee2-9f4c-60a73b1123be@group-1BE7300657D8: changes role from CANDIDATE to LEADER at term 1 for changeToLeader
2019-09-25 04:51:56,716 [38e0221b-1a06-473d-b1e9-41261cc0c838@group-D8572A4DAAD3:LeaderElection10] INFO  impl.RaftServerImpl (ServerState.java:setLeader(253)) - 38e0221b-1a06-473d-b1e9-41261cc0c838@group-D8572A4DAAD3: change Leader from null to 38e0221b-1a06-473d-b1e9-41261cc0c838 at term 1 for becomeLeader, leader elected after 5074ms
2019-09-25 04:51:56,716 [061f0142-df7f-4ee2-9f4c-60a73b1123be@group-1BE7300657D8:LeaderElection9] INFO  impl.RaftServerImpl (ServerState.java:setLeader(253)) - 061f0142-df7f-4ee2-9f4c-60a73b1123be@group-1BE7300657D8: change Leader from null to 061f0142-df7f-4ee2-9f4c-60a73b1123be at term 1 for becomeLeader, leader elected after 5208ms
2019-09-25 04:51:56,719 [38e0221b-1a06-473d-b1e9-41261cc0c838@group-D8572A4DAAD3:LeaderElection10] INFO  server.RaftServerConfigKeys (ConfUtils.java:logGet(43)) - raft.server.staging.catchup.gap = 1000 (default)
2019-09-25 04:51:56,719 [061f0142-df7f-4ee2-9f4c-60a73b1123be@group-1BE7300657D8:LeaderElection9] INFO  server.RaftServerConfigKeys (ConfUtils.java:logGet(43)) - raft.server.staging.catchup.gap = 1000 (default)
2019-09-25 04:51:56,719 [38e0221b-1a06-473d-b1e9-41261cc0c838@group-D8572A4DAAD3:LeaderElection10] INFO  server.RaftServerConfigKeys (ConfUtils.java:logGet(43)) - raft.server.rpc.sleep.time = 25ms (default)
2019-09-25 04:51:56,719 [061f0142-df7f-4ee2-9f4c-60a73b1123be@group-1BE7300657D8:LeaderElection9] INFO  server.RaftServerConfigKeys (ConfUtils.java:logGet(43)) - raft.server.rpc.sleep.time = 25ms (default)
2019-09-25 04:51:56,719 [38e0221b-1a06-473d-b1e9-41261cc0c838@group-D8572A4DAAD3:LeaderElection10] INFO  server.RaftServerConfigKeys (ConfUtils.java:logGet(43)) - raft.server.write.element-limit = 4096 (default)
2019-09-25 04:51:56,719 [061f0142-df7f-4ee2-9f4c-60a73b1123be@group-1BE7300657D8:LeaderElection9] INFO  server.RaftServerConfigKeys (ConfUtils.java:logGet(43)) - raft.server.write.element-limit = 4096 (default)
2019-09-25 04:51:56,720 [38e0221b-1a06-473d-b1e9-41261cc0c838@group-D8572A4DAAD3:LeaderElection10] INFO  server.RaftServerConfigKeys (ConfUtils.java:logGet(43)) - raft.server.watch.timeout = 10s (default)
2019-09-25 04:51:56,720 [061f0142-df7f-4ee2-9f4c-60a73b1123be@group-1BE7300657D8:LeaderElection9] INFO  server.RaftServerConfigKeys (ConfUtils.java:logGet(43)) - raft.server.watch.timeout = 10s (default)
2019-09-25 04:51:56,720 [38e0221b-1a06-473d-b1e9-41261cc0c838@group-D8572A4DAAD3:LeaderElection10] INFO  server.RaftServerConfigKeys (ConfUtils.java:logGet(43)) - raft.server.watch.timeout.denomination = 1s (default)
2019-09-25 04:51:56,720 [061f0142-df7f-4ee2-9f4c-60a73b1123be@group-1BE7300657D8:LeaderElection9] INFO  server.RaftServerConfigKeys (ConfUtils.java:logGet(43)) - raft.server.watch.timeout.denomination = 1s (default)
2019-09-25 04:51:56,720 [38e0221b-1a06-473d-b1e9-41261cc0c838@group-D8572A4DAAD3:LeaderElection10] INFO  server.RaftServerConfigKeys (ConfUtils.java:logGet(43)) - raft.server.watch.element-limit = 65536 (default)
2019-09-25 04:51:56,720 [061f0142-df7f-4ee2-9f4c-60a73b1123be@group-1BE7300657D8:LeaderElection9] INFO  server.RaftServerConfigKeys (ConfUtils.java:logGet(43)) - raft.server.watch.element-limit = 65536 (default)
2019-09-25 04:51:56,721 [Thread-267] INFO  impl.FollowerState (FollowerState.java:run(106)) - 5ef12726-03f2-4870-a114-ed0a439e18ee:group-0EF638FDED0B changes to CANDIDATE, lastRpcTime:5140, electionTimeout:5140ms
2019-09-25 04:51:56,721 [Thread-267] INFO  impl.RoleInfo (RoleInfo.java:shutdownFollowerState(121)) - 5ef12726-03f2-4870-a114-ed0a439e18ee: shutdown FollowerState
2019-09-25 04:51:56,721 [Thread-267] INFO  impl.RaftServerImpl (RaftServerImpl.java:setRole(174)) - 5ef12726-03f2-4870-a114-ed0a439e18ee@group-0EF638FDED0B: changes role from  FOLLOWER to CANDIDATE at term 0 for changeToCandidate
2019-09-25 04:51:56,722 [Thread-267] INFO  impl.RoleInfo (RoleInfo.java:updateAndGet(143)) - 5ef12726-03f2-4870-a114-ed0a439e18ee: start LeaderElection
2019-09-25 04:51:56,729 [38e0221b-1a06-473d-b1e9-41261cc0c838@group-D8572A4DAAD3:LeaderElection10] INFO  impl.RoleInfo (RoleInfo.java:updateAndGet(143)) - 38e0221b-1a06-473d-b1e9-41261cc0c838: start LeaderState
2019-09-25 04:51:56,729 [38e0221b-1a06-473d-b1e9-41261cc0c838@group-D8572A4DAAD3:LeaderElection10] INFO  segmented.SegmentedRaftLogWorker (SegmentedRaftLogWorker.java:startLogSegment(380)) - 38e0221b-1a06-473d-b1e9-41261cc0c838@group-D8572A4DAAD3-SegmentedRaftLogWorker: Starting segment from index:0
2019-09-25 04:51:56,730 [061f0142-df7f-4ee2-9f4c-60a73b1123be@group-1BE7300657D8:LeaderElection9] INFO  impl.RoleInfo (RoleInfo.java:updateAndGet(143)) - 061f0142-df7f-4ee2-9f4c-60a73b1123be: start LeaderState
2019-09-25 04:51:56,730 [061f0142-df7f-4ee2-9f4c-60a73b1123be@group-1BE7300657D8:LeaderElection9] INFO  segmented.SegmentedRaftLogWorker (SegmentedRaftLogWorker.java:startLogSegment(380)) - 061f0142-df7f-4ee2-9f4c-60a73b1123be@group-1BE7300657D8-SegmentedRaftLogWorker: Starting segment from index:0
2019-09-25 04:51:56,730 [38e0221b-1a06-473d-b1e9-41261cc0c838@group-D8572A4DAAD3:LeaderElection10] INFO  impl.RaftServerImpl (ServerState.java:setRaftConf(354)) - 38e0221b-1a06-473d-b1e9-41261cc0c838@group-D8572A4DAAD3: set configuration 0: [38e0221b-1a06-473d-b1e9-41261cc0c838:192.168.164.207:35429], old=null at 0
2019-09-25 04:51:56,771 [5ef12726-03f2-4870-a114-ed0a439e18ee@group-0EF638FDED0B:LeaderElection11] INFO  impl.LeaderElection (LeaderElection.java:askForVotes(182)) - 5ef12726-03f2-4870-a114-ed0a439e18ee@group-0EF638FDED0B:LeaderElection11: begin an election at term 1 for -1: [5ef12726-03f2-4870-a114-ed0a439e18ee:192.168.164.207:40177], old=null
2019-09-25 04:51:56,771 [061f0142-df7f-4ee2-9f4c-60a73b1123be@group-1BE7300657D8:LeaderElection9] INFO  impl.RaftServerImpl (ServerState.java:setRaftConf(354)) - 061f0142-df7f-4ee2-9f4c-60a73b1123be@group-1BE7300657D8: set configuration 0: [061f0142-df7f-4ee2-9f4c-60a73b1123be:192.168.164.207:36055], old=null at 0
2019-09-25 04:51:56,771 [5ef12726-03f2-4870-a114-ed0a439e18ee@group-0EF638FDED0B:LeaderElection11] INFO  impl.RoleInfo (RoleInfo.java:shutdownLeaderElection(134)) - 5ef12726-03f2-4870-a114-ed0a439e18ee: shutdown LeaderElection
2019-09-25 04:51:56,815 [38e0221b-1a06-473d-b1e9-41261cc0c838@group-D8572A4DAAD3-SegmentedRaftLogWorker] INFO  segmented.SegmentedRaftLogWorker (SegmentedRaftLogWorker.java:execute(569)) - 38e0221b-1a06-473d-b1e9-41261cc0c838@group-D8572A4DAAD3-SegmentedRaftLogWorker: created new log segment /workdir/hadoop-ozone/integration-test/target/test-dir/MiniOzoneClusterImpl-ee606598-1675-4e02-b706-4bffbdc3363b/datanode-6/data/ratis/51e0a4b6-7801-4a2a-a443-d8572a4daad3/current/log_inprogress_0
2019-09-25 04:51:56,815 [Thread-274] INFO  impl.FollowerState (FollowerState.java:run(106)) - 38f9cd64-a54c-4b19-ac87-5788454c2084:group-D5B6EF56908C changes to CANDIDATE, lastRpcTime:5087, electionTimeout:5074ms
2019-09-25 04:51:56,816 [5ef12726-03f2-4870-a114-ed0a439e18ee@group-0EF638FDED0B:LeaderElection11] INFO  impl.RaftServerImpl (RaftServerImpl.java:setRole(174)) - 5ef12726-03f2-4870-a114-ed0a439e18ee@group-0EF638FDED0B: changes role from CANDIDATE to LEADER at term 1 for changeToLeader
2019-09-25 04:51:56,817 [Thread-274] INFO  impl.RoleInfo (RoleInfo.java:shutdownFollowerState(121)) - 38f9cd64-a54c-4b19-ac87-5788454c2084: shutdown FollowerState
2019-09-25 04:51:56,817 [5ef12726-03f2-4870-a114-ed0a439e18ee@group-0EF638FDED0B:LeaderElection11] INFO  impl.RaftServerImpl (ServerState.java:setLeader(253)) - 5ef12726-03f2-4870-a114-ed0a439e18ee@group-0EF638FDED0B: change Leader from null to 5ef12726-03f2-4870-a114-ed0a439e18ee at term 1 for becomeLeader, leader elected after 5243ms
2019-09-25 04:51:56,817 [Thread-274] INFO  impl.RaftServerImpl (RaftServerImpl.java:setRole(174)) - 38f9cd64-a54c-4b19-ac87-5788454c2084@group-D5B6EF56908C: changes role from  FOLLOWER to CANDIDATE at term 0 for changeToCandidate
2019-09-25 04:51:56,817 [5ef12726-03f2-4870-a114-ed0a439e18ee@group-0EF638FDED0B:LeaderElection11] INFO  server.RaftServerConfigKeys (ConfUtils.java:logGet(43)) - raft.server.staging.catchup.gap = 1000 (default)
2019-09-25 04:51:56,817 [Thread-274] INFO  impl.RoleInfo (RoleInfo.java:updateAndGet(143)) - 38f9cd64-a54c-4b19-ac87-5788454c2084: start LeaderElection
2019-09-25 04:51:56,818 [5ef12726-03f2-4870-a114-ed0a439e18ee@group-0EF638FDED0B:LeaderElection11] INFO  server.RaftServerConfigKeys (ConfUtils.java:logGet(43)) - raft.server.rpc.sleep.time = 25ms (default)
2019-09-25 04:51:56,818 [5ef12726-03f2-4870-a114-ed0a439e18ee@group-0EF638FDED0B:LeaderElection11] INFO  server.RaftServerConfigKeys (ConfUtils.java:logGet(43)) - raft.server.write.element-limit = 4096 (default)
2019-09-25 04:51:56,825 [5ef12726-03f2-4870-a114-ed0a439e18ee@group-0EF638FDED0B:LeaderElection11] INFO  server.RaftServerConfigKeys (ConfUtils.java:logGet(43)) - raft.server.watch.timeout = 10s (default)
2019-09-25 04:51:56,825 [5ef12726-03f2-4870-a114-ed0a439e18ee@group-0EF638FDED0B:LeaderElection11] INFO  server.RaftServerConfigKeys (ConfUtils.java:logGet(43)) - raft.server.watch.timeout.denomination = 1s (default)
2019-09-25 04:51:56,826 [5ef12726-03f2-4870-a114-ed0a439e18ee@group-0EF638FDED0B:LeaderElection11] INFO  server.RaftServerConfigKeys (ConfUtils.java:logGet(43)) - raft.server.watch.element-limit = 65536 (default)
2019-09-25 04:51:56,829 [5ef12726-03f2-4870-a114-ed0a439e18ee@group-0EF638FDED0B:LeaderElection11] INFO  impl.RoleInfo (RoleInfo.java:updateAndGet(143)) - 5ef12726-03f2-4870-a114-ed0a439e18ee: start LeaderState
2019-09-25 04:51:56,829 [5ef12726-03f2-4870-a114-ed0a439e18ee@group-0EF638FDED0B:LeaderElection11] INFO  segmented.SegmentedRaftLogWorker (SegmentedRaftLogWorker.java:startLogSegment(380)) - 5ef12726-03f2-4870-a114-ed0a439e18ee@group-0EF638FDED0B-SegmentedRaftLogWorker: Starting segment from index:0
2019-09-25 04:51:56,830 [5ef12726-03f2-4870-a114-ed0a439e18ee@group-0EF638FDED0B:LeaderElection11] INFO  impl.RaftServerImpl (ServerState.java:setRaftConf(354)) - 5ef12726-03f2-4870-a114-ed0a439e18ee@group-0EF638FDED0B: set configuration 0: [5ef12726-03f2-4870-a114-ed0a439e18ee:192.168.164.207:40177], old=null at 0
2019-09-25 04:51:56,871 [061f0142-df7f-4ee2-9f4c-60a73b1123be@group-1BE7300657D8-SegmentedRaftLogWorker] INFO  segmented.SegmentedRaftLogWorker (SegmentedRaftLogWorker.java:execute(569)) - 061f0142-df7f-4ee2-9f4c-60a73b1123be@group-1BE7300657D8-SegmentedRaftLogWorker: created new log segment /workdir/hadoop-ozone/integration-test/target/test-dir/MiniOzoneClusterImpl-ee606598-1675-4e02-b706-4bffbdc3363b/datanode-4/data/ratis/592d24a2-93a8-4a42-8a9b-1be7300657d8/current/log_inprogress_0
2019-09-25 04:51:56,871 [38f9cd64-a54c-4b19-ac87-5788454c2084@group-D5B6EF56908C:LeaderElection12] INFO  impl.LeaderElection (LeaderElection.java:askForVotes(182)) - 38f9cd64-a54c-4b19-ac87-5788454c2084@group-D5B6EF56908C:LeaderElection12: begin an election at term 1 for -1: [38f9cd64-a54c-4b19-ac87-5788454c2084:192.168.164.207:42162], old=null
2019-09-25 04:51:56,871 [38f9cd64-a54c-4b19-ac87-5788454c2084@group-D5B6EF56908C:LeaderElection12] INFO  impl.RoleInfo (RoleInfo.java:shutdownLeaderElection(134)) - 38f9cd64-a54c-4b19-ac87-5788454c2084: shutdown LeaderElection
2019-09-25 04:51:56,872 [38f9cd64-a54c-4b19-ac87-5788454c2084@group-D5B6EF56908C:LeaderElection12] INFO  impl.RaftServerImpl (RaftServerImpl.java:setRole(174)) - 38f9cd64-a54c-4b19-ac87-5788454c2084@group-D5B6EF56908C: changes role from CANDIDATE to LEADER at term 1 for changeToLeader
2019-09-25 04:51:56,872 [38f9cd64-a54c-4b19-ac87-5788454c2084@group-D5B6EF56908C:LeaderElection12] INFO  impl.RaftServerImpl (ServerState.java:setLeader(253)) - 38f9cd64-a54c-4b19-ac87-5788454c2084@group-D5B6EF56908C: change Leader from null to 38f9cd64-a54c-4b19-ac87-5788454c2084 at term 1 for becomeLeader, leader elected after 5156ms
2019-09-25 04:51:56,872 [38f9cd64-a54c-4b19-ac87-5788454c2084@group-D5B6EF56908C:LeaderElection12] INFO  server.RaftServerConfigKeys (ConfUtils.java:logGet(43)) - raft.server.staging.catchup.gap = 1000 (default)
2019-09-25 04:51:56,872 [38f9cd64-a54c-4b19-ac87-5788454c2084@group-D5B6EF56908C:LeaderElection12] INFO  server.RaftServerConfigKeys (ConfUtils.java:logGet(43)) - raft.server.rpc.sleep.time = 25ms (default)
2019-09-25 04:51:56,872 [38f9cd64-a54c-4b19-ac87-5788454c2084@group-D5B6EF56908C:LeaderElection12] INFO  server.RaftServerConfigKeys (ConfUtils.java:logGet(43)) - raft.server.write.element-limit = 4096 (default)
2019-09-25 04:51:56,873 [38f9cd64-a54c-4b19-ac87-5788454c2084@group-D5B6EF56908C:LeaderElection12] INFO  server.RaftServerConfigKeys (ConfUtils.java:logGet(43)) - raft.server.watch.timeout = 10s (default)
2019-09-25 04:51:56,873 [38f9cd64-a54c-4b19-ac87-5788454c2084@group-D5B6EF56908C:LeaderElection12] INFO  server.RaftServerConfigKeys (ConfUtils.java:logGet(43)) - raft.server.watch.timeout.denomination = 1s (default)
2019-09-25 04:51:56,873 [38f9cd64-a54c-4b19-ac87-5788454c2084@group-D5B6EF56908C:LeaderElection12] INFO  server.RaftServerConfigKeys (ConfUtils.java:logGet(43)) - raft.server.watch.element-limit = 65536 (default)
2019-09-25 04:51:56,876 [38f9cd64-a54c-4b19-ac87-5788454c2084@group-D5B6EF56908C:LeaderElection12] INFO  impl.RoleInfo (RoleInfo.java:updateAndGet(143)) - 38f9cd64-a54c-4b19-ac87-5788454c2084: start LeaderState
2019-09-25 04:51:56,876 [38f9cd64-a54c-4b19-ac87-5788454c2084@group-D5B6EF56908C:LeaderElection12] INFO  segmented.SegmentedRaftLogWorker (SegmentedRaftLogWorker.java:startLogSegment(380)) - 38f9cd64-a54c-4b19-ac87-5788454c2084@group-D5B6EF56908C-SegmentedRaftLogWorker: Starting segment from index:0
2019-09-25 04:51:56,877 [38f9cd64-a54c-4b19-ac87-5788454c2084@group-D5B6EF56908C:LeaderElection12] INFO  impl.RaftServerImpl (ServerState.java:setRaftConf(354)) - 38f9cd64-a54c-4b19-ac87-5788454c2084@group-D5B6EF56908C: set configuration 0: [38f9cd64-a54c-4b19-ac87-5788454c2084:192.168.164.207:42162], old=null at 0
2019-09-25 04:51:56,914 [5ef12726-03f2-4870-a114-ed0a439e18ee@group-0EF638FDED0B-SegmentedRaftLogWorker] INFO  segmented.SegmentedRaftLogWorker (SegmentedRaftLogWorker.java:execute(569)) - 5ef12726-03f2-4870-a114-ed0a439e18ee@group-0EF638FDED0B-SegmentedRaftLogWorker: created new log segment /workdir/hadoop-ozone/integration-test/target/test-dir/MiniOzoneClusterImpl-ee606598-1675-4e02-b706-4bffbdc3363b/datanode-2/data/ratis/7c6bdf13-f4fe-467c-8595-0ef638fded0b/current/log_inprogress_0
2019-09-25 04:51:56,920 [Thread-277] INFO  impl.FollowerState (FollowerState.java:run(106)) - 38f9cd64-a54c-4b19-ac87-5788454c2084:group-C3D34ACF5BEF changes to CANDIDATE, lastRpcTime:5125, electionTimeout:5125ms
2019-09-25 04:51:56,920 [Thread-277] INFO  impl.RoleInfo (RoleInfo.java:shutdownFollowerState(121)) - 38f9cd64-a54c-4b19-ac87-5788454c2084: shutdown FollowerState
2019-09-25 04:51:56,920 [Thread-277] INFO  impl.RaftServerImpl (RaftServerImpl.java:setRole(174)) - 38f9cd64-a54c-4b19-ac87-5788454c2084@group-C3D34ACF5BEF: changes role from  FOLLOWER to CANDIDATE at term 0 for changeToCandidate
2019-09-25 04:51:56,921 [Thread-277] INFO  impl.RoleInfo (RoleInfo.java:updateAndGet(143)) - 38f9cd64-a54c-4b19-ac87-5788454c2084: start LeaderElection
2019-09-25 04:51:56,927 [38f9cd64-a54c-4b19-ac87-5788454c2084@group-D5B6EF56908C-SegmentedRaftLogWorker] INFO  segmented.SegmentedRaftLogWorker (SegmentedRaftLogWorker.java:execute(569)) - 38f9cd64-a54c-4b19-ac87-5788454c2084@group-D5B6EF56908C-SegmentedRaftLogWorker: created new log segment /workdir/hadoop-ozone/integration-test/target/test-dir/MiniOzoneClusterImpl-ee606598-1675-4e02-b706-4bffbdc3363b/datanode-0/data/ratis/29ae7d55-33d7-493d-9148-d5b6ef56908c/current/log_inprogress_0
2019-09-25 04:51:56,929 [Thread-280] INFO  impl.FollowerState (FollowerState.java:run(106)) - 38e0221b-1a06-473d-b1e9-41261cc0c838:group-B827FF33F6D6 changes to CANDIDATE, lastRpcTime:5045, electionTimeout:5045ms
2019-09-25 04:51:56,930 [Thread-280] INFO  impl.RoleInfo (RoleInfo.java:shutdownFollowerState(121)) - 38e0221b-1a06-473d-b1e9-41261cc0c838: shutdown FollowerState
2019-09-25 04:51:56,930 [Thread-280] INFO  impl.RaftServerImpl (RaftServerImpl.java:setRole(174)) - 38e0221b-1a06-473d-b1e9-41261cc0c838@group-B827FF33F6D6: changes role from  FOLLOWER to CANDIDATE at term 0 for changeToCandidate
2019-09-25 04:51:56,930 [Thread-280] INFO  impl.RoleInfo (RoleInfo.java:updateAndGet(143)) - 38e0221b-1a06-473d-b1e9-41261cc0c838: start LeaderElection
2019-09-25 04:51:56,940 [38e0221b-1a06-473d-b1e9-41261cc0c838@group-B827FF33F6D6:LeaderElection14] INFO  impl.LeaderElection (LeaderElection.java:askForVotes(182)) - 38e0221b-1a06-473d-b1e9-41261cc0c838@group-B827FF33F6D6:LeaderElection14: begin an election at term 1 for -1: [38e0221b-1a06-473d-b1e9-41261cc0c838:192.168.164.207:35429], old=null
2019-09-25 04:51:56,940 [38f9cd64-a54c-4b19-ac87-5788454c2084@group-C3D34ACF5BEF:LeaderElection13] INFO  impl.LeaderElection (LeaderElection.java:askForVotes(182)) - 38f9cd64-a54c-4b19-ac87-5788454c2084@group-C3D34ACF5BEF:LeaderElection13: begin an election at term 1 for -1: [38f9cd64-a54c-4b19-ac87-5788454c2084:192.168.164.207:42162], old=null
2019-09-25 04:51:56,940 [38e0221b-1a06-473d-b1e9-41261cc0c838@group-B827FF33F6D6:LeaderElection14] INFO  impl.RoleInfo (RoleInfo.java:shutdownLeaderElection(134)) - 38e0221b-1a06-473d-b1e9-41261cc0c838: shutdown LeaderElection
2019-09-25 04:51:56,940 [38f9cd64-a54c-4b19-ac87-5788454c2084@group-C3D34ACF5BEF:LeaderElection13] INFO  impl.RoleInfo (RoleInfo.java:shutdownLeaderElection(134)) - 38f9cd64-a54c-4b19-ac87-5788454c2084: shutdown LeaderElection
2019-09-25 04:51:56,940 [38e0221b-1a06-473d-b1e9-41261cc0c838@group-B827FF33F6D6:LeaderElection14] INFO  impl.RaftServerImpl (RaftServerImpl.java:setRole(174)) - 38e0221b-1a06-473d-b1e9-41261cc0c838@group-B827FF33F6D6: changes role from CANDIDATE to LEADER at term 1 for changeToLeader
2019-09-25 04:51:56,940 [38f9cd64-a54c-4b19-ac87-5788454c2084@group-C3D34ACF5BEF:LeaderElection13] INFO  impl.RaftServerImpl (RaftServerImpl.java:setRole(174)) - 38f9cd64-a54c-4b19-ac87-5788454c2084@group-C3D34ACF5BEF: changes role from CANDIDATE to LEADER at term 1 for changeToLeader
2019-09-25 04:51:56,940 [38e0221b-1a06-473d-b1e9-41261cc0c838@group-B827FF33F6D6:LeaderElection14] INFO  impl.RaftServerImpl (ServerState.java:setLeader(253)) - 38e0221b-1a06-473d-b1e9-41261cc0c838@group-B827FF33F6D6: change Leader from null to 38e0221b-1a06-473d-b1e9-41261cc0c838 at term 1 for becomeLeader, leader elected after 5066ms
2019-09-25 04:51:56,941 [38f9cd64-a54c-4b19-ac87-5788454c2084@group-C3D34ACF5BEF:LeaderElection13] INFO  impl.RaftServerImpl (ServerState.java:setLeader(253)) - 38f9cd64-a54c-4b19-ac87-5788454c2084@group-C3D34ACF5BEF: change Leader from null to 38f9cd64-a54c-4b19-ac87-5788454c2084 at term 1 for becomeLeader, leader elected after 5153ms
2019-09-25 04:51:56,941 [38e0221b-1a06-473d-b1e9-41261cc0c838@group-B827FF33F6D6:LeaderElection14] INFO  server.RaftServerConfigKeys (ConfUtils.java:logGet(43)) - raft.server.staging.catchup.gap = 1000 (default)
2019-09-25 04:51:56,941 [38f9cd64-a54c-4b19-ac87-5788454c2084@group-C3D34ACF5BEF:LeaderElection13] INFO  server.RaftServerConfigKeys (ConfUtils.java:logGet(43)) - raft.server.staging.catchup.gap = 1000 (default)
2019-09-25 04:51:56,941 [38e0221b-1a06-473d-b1e9-41261cc0c838@group-B827FF33F6D6:LeaderElection14] INFO  server.RaftServerConfigKeys (ConfUtils.java:logGet(43)) - raft.server.rpc.sleep.time = 25ms (default)
2019-09-25 04:51:56,941 [38f9cd64-a54c-4b19-ac87-5788454c2084@group-C3D34ACF5BEF:LeaderElection13] INFO  server.RaftServerConfigKeys (ConfUtils.java:logGet(43)) - raft.server.rpc.sleep.time = 25ms (default)
2019-09-25 04:51:56,941 [38e0221b-1a06-473d-b1e9-41261cc0c838@group-B827FF33F6D6:LeaderElection14] INFO  server.RaftServerConfigKeys (ConfUtils.java:logGet(43)) - raft.server.write.element-limit = 4096 (default)
2019-09-25 04:51:56,941 [38f9cd64-a54c-4b19-ac87-5788454c2084@group-C3D34ACF5BEF:LeaderElection13] INFO  server.RaftServerConfigKeys (ConfUtils.java:logGet(43)) - raft.server.write.element-limit = 4096 (default)
2019-09-25 04:51:56,942 [38e0221b-1a06-473d-b1e9-41261cc0c838@group-B827FF33F6D6:LeaderElection14] INFO  server.RaftServerConfigKeys (ConfUtils.java:logGet(43)) - raft.server.watch.timeout = 10s (default)
2019-09-25 04:51:56,942 [38f9cd64-a54c-4b19-ac87-5788454c2084@group-C3D34ACF5BEF:LeaderElection13] INFO  server.RaftServerConfigKeys (ConfUtils.java:logGet(43)) - raft.server.watch.timeout = 10s (default)
2019-09-25 04:51:56,942 [38e0221b-1a06-473d-b1e9-41261cc0c838@group-B827FF33F6D6:LeaderElection14] INFO  server.RaftServerConfigKeys (ConfUtils.java:logGet(43)) - raft.server.watch.timeout.denomination = 1s (default)
2019-09-25 04:51:56,942 [38f9cd64-a54c-4b19-ac87-5788454c2084@group-C3D34ACF5BEF:LeaderElection13] INFO  server.RaftServerConfigKeys (ConfUtils.java:logGet(43)) - raft.server.watch.timeout.denomination = 1s (default)
2019-09-25 04:51:56,942 [38e0221b-1a06-473d-b1e9-41261cc0c838@group-B827FF33F6D6:LeaderElection14] INFO  server.RaftServerConfigKeys (ConfUtils.java:logGet(43)) - raft.server.watch.element-limit = 65536 (default)
2019-09-25 04:51:56,942 [38f9cd64-a54c-4b19-ac87-5788454c2084@group-C3D34ACF5BEF:LeaderElection13] INFO  server.RaftServerConfigKeys (ConfUtils.java:logGet(43)) - raft.server.watch.element-limit = 65536 (default)
2019-09-25 04:51:56,946 [38e0221b-1a06-473d-b1e9-41261cc0c838@group-B827FF33F6D6:LeaderElection14] INFO  impl.RoleInfo (RoleInfo.java:updateAndGet(143)) - 38e0221b-1a06-473d-b1e9-41261cc0c838: start LeaderState
2019-09-25 04:51:56,946 [38e0221b-1a06-473d-b1e9-41261cc0c838@group-B827FF33F6D6:LeaderElection14] INFO  segmented.SegmentedRaftLogWorker (SegmentedRaftLogWorker.java:startLogSegment(380)) - 38e0221b-1a06-473d-b1e9-41261cc0c838@group-B827FF33F6D6-SegmentedRaftLogWorker: Starting segment from index:0
2019-09-25 04:51:56,946 [38f9cd64-a54c-4b19-ac87-5788454c2084@group-C3D34ACF5BEF:LeaderElection13] INFO  impl.RoleInfo (RoleInfo.java:updateAndGet(143)) - 38f9cd64-a54c-4b19-ac87-5788454c2084: start LeaderState
2019-09-25 04:51:56,946 [38f9cd64-a54c-4b19-ac87-5788454c2084@group-C3D34ACF5BEF:LeaderElection13] INFO  segmented.SegmentedRaftLogWorker (SegmentedRaftLogWorker.java:startLogSegment(380)) - 38f9cd64-a54c-4b19-ac87-5788454c2084@group-C3D34ACF5BEF-SegmentedRaftLogWorker: Starting segment from index:0
2019-09-25 04:51:56,946 [38e0221b-1a06-473d-b1e9-41261cc0c838@group-B827FF33F6D6:LeaderElection14] INFO  impl.RaftServerImpl (ServerState.java:setRaftConf(354)) - 38e0221b-1a06-473d-b1e9-41261cc0c838@group-B827FF33F6D6: set configuration 0: [38e0221b-1a06-473d-b1e9-41261cc0c838:192.168.164.207:35429], old=null at 0
2019-09-25 04:51:56,989 [38f9cd64-a54c-4b19-ac87-5788454c2084@group-C3D34ACF5BEF:LeaderElection13] INFO  impl.RaftServerImpl (ServerState.java:setRaftConf(354)) - 38f9cd64-a54c-4b19-ac87-5788454c2084@group-C3D34ACF5BEF: set configuration 0: [38f9cd64-a54c-4b19-ac87-5788454c2084:192.168.164.207:42162], old=null at 0
2019-09-25 04:51:57,023 [38e0221b-1a06-473d-b1e9-41261cc0c838@group-B827FF33F6D6-SegmentedRaftLogWorker] INFO  segmented.SegmentedRaftLogWorker (SegmentedRaftLogWorker.java:execute(569)) - 38e0221b-1a06-473d-b1e9-41261cc0c838@group-B827FF33F6D6-SegmentedRaftLogWorker: created new log segment /workdir/hadoop-ozone/integration-test/target/test-dir/MiniOzoneClusterImpl-ee606598-1675-4e02-b706-4bffbdc3363b/datanode-6/data/ratis/7db75251-fc82-481a-8377-b827ff33f6d6/current/log_inprogress_0
2019-09-25 04:51:57,027 [38f9cd64-a54c-4b19-ac87-5788454c2084@group-C3D34ACF5BEF-SegmentedRaftLogWorker] INFO  segmented.SegmentedRaftLogWorker (SegmentedRaftLogWorker.java:execute(569)) - 38f9cd64-a54c-4b19-ac87-5788454c2084@group-C3D34ACF5BEF-SegmentedRaftLogWorker: created new log segment /workdir/hadoop-ozone/integration-test/target/test-dir/MiniOzoneClusterImpl-ee606598-1675-4e02-b706-4bffbdc3363b/datanode-0/data/ratis/c4d4f7e5-3492-4116-93dd-c3d34acf5bef/current/log_inprogress_0
2019-09-25 04:51:57,034 [Thread-287] INFO  impl.FollowerState (FollowerState.java:run(106)) - a47783cb-f32c-4b3c-a96f-229a7b607849:group-00440DBC0030 changes to CANDIDATE, lastRpcTime:5012, electionTimeout:5012ms
2019-09-25 04:51:57,034 [Thread-287] INFO  impl.RoleInfo (RoleInfo.java:shutdownFollowerState(121)) - a47783cb-f32c-4b3c-a96f-229a7b607849: shutdown FollowerState
2019-09-25 04:51:57,034 [Thread-287] INFO  impl.RaftServerImpl (RaftServerImpl.java:setRole(174)) - a47783cb-f32c-4b3c-a96f-229a7b607849@group-00440DBC0030: changes role from  FOLLOWER to CANDIDATE at term 0 for changeToCandidate
2019-09-25 04:51:57,034 [Thread-287] INFO  impl.RoleInfo (RoleInfo.java:updateAndGet(143)) - a47783cb-f32c-4b3c-a96f-229a7b607849: start LeaderElection
2019-09-25 04:51:57,053 [a47783cb-f32c-4b3c-a96f-229a7b607849@group-00440DBC0030:LeaderElection15] INFO  impl.LeaderElection (LeaderElection.java:askForVotes(182)) - a47783cb-f32c-4b3c-a96f-229a7b607849@group-00440DBC0030:LeaderElection15: begin an election at term 1 for -1: [a47783cb-f32c-4b3c-a96f-229a7b607849:192.168.164.207:45684], old=null
2019-09-25 04:51:57,053 [a47783cb-f32c-4b3c-a96f-229a7b607849@group-00440DBC0030:LeaderElection15] INFO  impl.RoleInfo (RoleInfo.java:shutdownLeaderElection(134)) - a47783cb-f32c-4b3c-a96f-229a7b607849: shutdown LeaderElection
2019-09-25 04:51:57,054 [a47783cb-f32c-4b3c-a96f-229a7b607849@group-00440DBC0030:LeaderElection15] INFO  impl.RaftServerImpl (RaftServerImpl.java:setRole(174)) - a47783cb-f32c-4b3c-a96f-229a7b607849@group-00440DBC0030: changes role from CANDIDATE to LEADER at term 1 for changeToLeader
2019-09-25 04:51:57,054 [a47783cb-f32c-4b3c-a96f-229a7b607849@group-00440DBC0030:LeaderElection15] INFO  impl.RaftServerImpl (ServerState.java:setLeader(253)) - a47783cb-f32c-4b3c-a96f-229a7b607849@group-00440DBC0030: change Leader from null to a47783cb-f32c-4b3c-a96f-229a7b607849 at term 1 for becomeLeader, leader elected after 5043ms
2019-09-25 04:51:57,056 [a47783cb-f32c-4b3c-a96f-229a7b607849@group-00440DBC0030:LeaderElection15] INFO  server.RaftServerConfigKeys (ConfUtils.java:logGet(43)) - raft.server.staging.catchup.gap = 1000 (default)
2019-09-25 04:51:57,056 [Thread-283] INFO  impl.FollowerState (FollowerState.java:run(106)) - 061f0142-df7f-4ee2-9f4c-60a73b1123be:group-76D50874E716 changes to CANDIDATE, lastRpcTime:5105, electionTimeout:5105ms
2019-09-25 04:51:57,056 [a47783cb-f32c-4b3c-a96f-229a7b607849@group-00440DBC0030:LeaderElection15] INFO  server.RaftServerConfigKeys (ConfUtils.java:logGet(43)) - raft.server.rpc.sleep.time = 25ms (default)
2019-09-25 04:51:57,056 [Thread-283] INFO  impl.RoleInfo (RoleInfo.java:shutdownFollowerState(121)) - 061f0142-df7f-4ee2-9f4c-60a73b1123be: shutdown FollowerState
2019-09-25 04:51:57,056 [Thread-283] INFO  impl.RaftServerImpl (RaftServerImpl.java:setRole(174)) - 061f0142-df7f-4ee2-9f4c-60a73b1123be@group-76D50874E716: changes role from  FOLLOWER to CANDIDATE at term 0 for changeToCandidate
2019-09-25 04:51:57,056 [a47783cb-f32c-4b3c-a96f-229a7b607849@group-00440DBC0030:LeaderElection15] INFO  server.RaftServerConfigKeys (ConfUtils.java:logGet(43)) - raft.server.write.element-limit = 4096 (default)
2019-09-25 04:51:57,057 [Thread-283] INFO  impl.RoleInfo (RoleInfo.java:updateAndGet(143)) - 061f0142-df7f-4ee2-9f4c-60a73b1123be: start LeaderElection
2019-09-25 04:51:57,057 [a47783cb-f32c-4b3c-a96f-229a7b607849@group-00440DBC0030:LeaderElection15] INFO  server.RaftServerConfigKeys (ConfUtils.java:logGet(43)) - raft.server.watch.timeout = 10s (default)
2019-09-25 04:51:57,057 [a47783cb-f32c-4b3c-a96f-229a7b607849@group-00440DBC0030:LeaderElection15] INFO  server.RaftServerConfigKeys (ConfUtils.java:logGet(43)) - raft.server.watch.timeout.denomination = 1s (default)
2019-09-25 04:51:57,063 [a47783cb-f32c-4b3c-a96f-229a7b607849@group-00440DBC0030:LeaderElection15] INFO  server.RaftServerConfigKeys (ConfUtils.java:logGet(43)) - raft.server.watch.element-limit = 65536 (default)
2019-09-25 04:51:57,067 [a47783cb-f32c-4b3c-a96f-229a7b607849@group-00440DBC0030:LeaderElection15] INFO  impl.RoleInfo (RoleInfo.java:updateAndGet(143)) - a47783cb-f32c-4b3c-a96f-229a7b607849: start LeaderState
2019-09-25 04:51:57,067 [a47783cb-f32c-4b3c-a96f-229a7b607849@group-00440DBC0030:LeaderElection15] INFO  segmented.SegmentedRaftLogWorker (SegmentedRaftLogWorker.java:startLogSegment(380)) - a47783cb-f32c-4b3c-a96f-229a7b607849@group-00440DBC0030-SegmentedRaftLogWorker: Starting segment from index:0
2019-09-25 04:51:57,068 [a47783cb-f32c-4b3c-a96f-229a7b607849@group-00440DBC0030:LeaderElection15] INFO  impl.RaftServerImpl (ServerState.java:setRaftConf(354)) - a47783cb-f32c-4b3c-a96f-229a7b607849@group-00440DBC0030: set configuration 0: [a47783cb-f32c-4b3c-a96f-229a7b607849:192.168.164.207:45684], old=null at 0
2019-09-25 04:51:57,110 [061f0142-df7f-4ee2-9f4c-60a73b1123be@group-76D50874E716:LeaderElection16] INFO  impl.LeaderElection (LeaderElection.java:askForVotes(182)) - 061f0142-df7f-4ee2-9f4c-60a73b1123be@group-76D50874E716:LeaderElection16: begin an election at term 1 for -1: [061f0142-df7f-4ee2-9f4c-60a73b1123be:192.168.164.207:36055], old=null
2019-09-25 04:51:57,111 [061f0142-df7f-4ee2-9f4c-60a73b1123be@group-76D50874E716:LeaderElection16] INFO  impl.RoleInfo (RoleInfo.java:shutdownLeaderElection(134)) - 061f0142-df7f-4ee2-9f4c-60a73b1123be: shutdown LeaderElection
2019-09-25 04:51:57,111 [061f0142-df7f-4ee2-9f4c-60a73b1123be@group-76D50874E716:LeaderElection16] INFO  impl.RaftServerImpl (RaftServerImpl.java:setRole(174)) - 061f0142-df7f-4ee2-9f4c-60a73b1123be@group-76D50874E716: changes role from CANDIDATE to LEADER at term 1 for changeToLeader
2019-09-25 04:51:57,111 [061f0142-df7f-4ee2-9f4c-60a73b1123be@group-76D50874E716:LeaderElection16] INFO  impl.RaftServerImpl (ServerState.java:setLeader(253)) - 061f0142-df7f-4ee2-9f4c-60a73b1123be@group-76D50874E716: change Leader from null to 061f0142-df7f-4ee2-9f4c-60a73b1123be at term 1 for becomeLeader, leader elected after 5170ms
2019-09-25 04:51:57,111 [061f0142-df7f-4ee2-9f4c-60a73b1123be@group-76D50874E716:LeaderElection16] INFO  server.RaftServerConfigKeys (ConfUtils.java:logGet(43)) - raft.server.staging.catchup.gap = 1000 (default)
2019-09-25 04:51:57,111 [061f0142-df7f-4ee2-9f4c-60a73b1123be@group-76D50874E716:LeaderElection16] INFO  server.RaftServerConfigKeys (ConfUtils.java:logGet(43)) - raft.server.rpc.sleep.time = 25ms (default)
2019-09-25 04:51:57,111 [061f0142-df7f-4ee2-9f4c-60a73b1123be@group-76D50874E716:LeaderElection16] INFO  server.RaftServerConfigKeys (ConfUtils.java:logGet(43)) - raft.server.write.element-limit = 4096 (default)
2019-09-25 04:51:57,112 [061f0142-df7f-4ee2-9f4c-60a73b1123be@group-76D50874E716:LeaderElection16] INFO  server.RaftServerConfigKeys (ConfUtils.java:logGet(43)) - raft.server.watch.timeout = 10s (default)
2019-09-25 04:51:57,112 [061f0142-df7f-4ee2-9f4c-60a73b1123be@group-76D50874E716:LeaderElection16] INFO  server.RaftServerConfigKeys (ConfUtils.java:logGet(43)) - raft.server.watch.timeout.denomination = 1s (default)
2019-09-25 04:51:57,112 [061f0142-df7f-4ee2-9f4c-60a73b1123be@group-76D50874E716:LeaderElection16] INFO  server.RaftServerConfigKeys (ConfUtils.java:logGet(43)) - raft.server.watch.element-limit = 65536 (default)
2019-09-25 04:51:57,115 [061f0142-df7f-4ee2-9f4c-60a73b1123be@group-76D50874E716:LeaderElection16] INFO  impl.RoleInfo (RoleInfo.java:updateAndGet(143)) - 061f0142-df7f-4ee2-9f4c-60a73b1123be: start LeaderState
2019-09-25 04:51:57,116 [061f0142-df7f-4ee2-9f4c-60a73b1123be@group-76D50874E716:LeaderElection16] INFO  segmented.SegmentedRaftLogWorker (SegmentedRaftLogWorker.java:startLogSegment(380)) - 061f0142-df7f-4ee2-9f4c-60a73b1123be@group-76D50874E716-SegmentedRaftLogWorker: Starting segment from index:0
2019-09-25 04:51:57,116 [061f0142-df7f-4ee2-9f4c-60a73b1123be@group-76D50874E716:LeaderElection16] INFO  impl.RaftServerImpl (ServerState.java:setRaftConf(354)) - 061f0142-df7f-4ee2-9f4c-60a73b1123be@group-76D50874E716: set configuration 0: [061f0142-df7f-4ee2-9f4c-60a73b1123be:192.168.164.207:36055], old=null at 0
2019-09-25 04:51:57,149 [a47783cb-f32c-4b3c-a96f-229a7b607849@group-00440DBC0030-SegmentedRaftLogWorker] INFO  segmented.SegmentedRaftLogWorker (SegmentedRaftLogWorker.java:execute(569)) - a47783cb-f32c-4b3c-a96f-229a7b607849@group-00440DBC0030-SegmentedRaftLogWorker: created new log segment /workdir/hadoop-ozone/integration-test/target/test-dir/MiniOzoneClusterImpl-ee606598-1675-4e02-b706-4bffbdc3363b/datanode-5/data/ratis/0f34cd67-8599-4244-8022-00440dbc0030/current/log_inprogress_0
2019-09-25 04:51:57,161 [061f0142-df7f-4ee2-9f4c-60a73b1123be@group-76D50874E716-SegmentedRaftLogWorker] INFO  segmented.SegmentedRaftLogWorker (SegmentedRaftLogWorker.java:execute(569)) - 061f0142-df7f-4ee2-9f4c-60a73b1123be@group-76D50874E716-SegmentedRaftLogWorker: created new log segment /workdir/hadoop-ozone/integration-test/target/test-dir/MiniOzoneClusterImpl-ee606598-1675-4e02-b706-4bffbdc3363b/datanode-4/data/ratis/bdbb5e7e-6974-4636-add4-76d50874e716/current/log_inprogress_0
2019-09-25 04:51:57,237 [Thread-294] INFO  impl.FollowerState (FollowerState.java:run(106)) - a8f74c9c-c1e0-47fe-a430-51d3a9749877:group-A93D8C3885A8 changes to CANDIDATE, lastRpcTime:5080, electionTimeout:5080ms
2019-09-25 04:51:57,238 [Thread-294] INFO  impl.RoleInfo (RoleInfo.java:shutdownFollowerState(121)) - a8f74c9c-c1e0-47fe-a430-51d3a9749877: shutdown FollowerState
2019-09-25 04:51:57,238 [Thread-294] INFO  impl.RaftServerImpl (RaftServerImpl.java:setRole(174)) - a8f74c9c-c1e0-47fe-a430-51d3a9749877@group-A93D8C3885A8: changes role from  FOLLOWER to CANDIDATE at term 0 for changeToCandidate
2019-09-25 04:51:57,238 [Thread-294] INFO  impl.RoleInfo (RoleInfo.java:updateAndGet(143)) - a8f74c9c-c1e0-47fe-a430-51d3a9749877: start LeaderElection
2019-09-25 04:51:57,245 [Thread-291] INFO  impl.FollowerState (FollowerState.java:run(106)) - 38f9cd64-a54c-4b19-ac87-5788454c2084:group-5D3F9205DA05 changes to CANDIDATE, lastRpcTime:5147, electionTimeout:5147ms
2019-09-25 04:51:57,245 [Thread-291] INFO  impl.RoleInfo (RoleInfo.java:shutdownFollowerState(121)) - 38f9cd64-a54c-4b19-ac87-5788454c2084: shutdown FollowerState
2019-09-25 04:51:57,245 [Thread-291] INFO  impl.RaftServerImpl (RaftServerImpl.java:setRole(174)) - 38f9cd64-a54c-4b19-ac87-5788454c2084@group-5D3F9205DA05: changes role from  FOLLOWER to CANDIDATE at term 0 for changeToCandidate
2019-09-25 04:51:57,245 [Thread-291] INFO  impl.RoleInfo (RoleInfo.java:updateAndGet(143)) - 38f9cd64-a54c-4b19-ac87-5788454c2084: start LeaderElection
2019-09-25 04:51:57,266 [a8f74c9c-c1e0-47fe-a430-51d3a9749877@group-A93D8C3885A8:LeaderElection17] INFO  impl.LeaderElection (LeaderElection.java:askForVotes(182)) - a8f74c9c-c1e0-47fe-a430-51d3a9749877@group-A93D8C3885A8:LeaderElection17: begin an election at term 1 for -1: [a8f74c9c-c1e0-47fe-a430-51d3a9749877:192.168.164.207:37761], old=null
2019-09-25 04:51:57,266 [38f9cd64-a54c-4b19-ac87-5788454c2084@group-5D3F9205DA05:LeaderElection18] INFO  impl.LeaderElection (LeaderElection.java:askForVotes(182)) - 38f9cd64-a54c-4b19-ac87-5788454c2084@group-5D3F9205DA05:LeaderElection18: begin an election at term 1 for -1: [38f9cd64-a54c-4b19-ac87-5788454c2084:192.168.164.207:42162], old=null
2019-09-25 04:51:57,266 [a8f74c9c-c1e0-47fe-a430-51d3a9749877@group-A93D8C3885A8:LeaderElection17] INFO  impl.RoleInfo (RoleInfo.java:shutdownLeaderElection(134)) - a8f74c9c-c1e0-47fe-a430-51d3a9749877: shutdown LeaderElection
2019-09-25 04:51:57,266 [38f9cd64-a54c-4b19-ac87-5788454c2084@group-5D3F9205DA05:LeaderElection18] INFO  impl.RoleInfo (RoleInfo.java:shutdownLeaderElection(134)) - 38f9cd64-a54c-4b19-ac87-5788454c2084: shutdown LeaderElection
2019-09-25 04:51:57,266 [a8f74c9c-c1e0-47fe-a430-51d3a9749877@group-A93D8C3885A8:LeaderElection17] INFO  impl.RaftServerImpl (RaftServerImpl.java:setRole(174)) - a8f74c9c-c1e0-47fe-a430-51d3a9749877@group-A93D8C3885A8: changes role from CANDIDATE to LEADER at term 1 for changeToLeader
2019-09-25 04:51:57,266 [38f9cd64-a54c-4b19-ac87-5788454c2084@group-5D3F9205DA05:LeaderElection18] INFO  impl.RaftServerImpl (RaftServerImpl.java:setRole(174)) - 38f9cd64-a54c-4b19-ac87-5788454c2084@group-5D3F9205DA05: changes role from CANDIDATE to LEADER at term 1 for changeToLeader
2019-09-25 04:51:57,266 [a8f74c9c-c1e0-47fe-a430-51d3a9749877@group-A93D8C3885A8:LeaderElection17] INFO  impl.RaftServerImpl (ServerState.java:setLeader(253)) - a8f74c9c-c1e0-47fe-a430-51d3a9749877@group-A93D8C3885A8: change Leader from null to a8f74c9c-c1e0-47fe-a430-51d3a9749877 at term 1 for becomeLeader, leader elected after 5120ms
2019-09-25 04:51:57,266 [38f9cd64-a54c-4b19-ac87-5788454c2084@group-5D3F9205DA05:LeaderElection18] INFO  impl.RaftServerImpl (ServerState.java:setLeader(253)) - 38f9cd64-a54c-4b19-ac87-5788454c2084@group-5D3F9205DA05: change Leader from null to 38f9cd64-a54c-4b19-ac87-5788454c2084 at term 1 for becomeLeader, leader elected after 5175ms
2019-09-25 04:51:57,267 [a8f74c9c-c1e0-47fe-a430-51d3a9749877@group-A93D8C3885A8:LeaderElection17] INFO  server.RaftServerConfigKeys (ConfUtils.java:logGet(43)) - raft.server.staging.catchup.gap = 1000 (default)
2019-09-25 04:51:57,267 [38f9cd64-a54c-4b19-ac87-5788454c2084@group-5D3F9205DA05:LeaderElection18] INFO  server.RaftServerConfigKeys (ConfUtils.java:logGet(43)) - raft.server.staging.catchup.gap = 1000 (default)
2019-09-25 04:51:57,267 [a8f74c9c-c1e0-47fe-a430-51d3a9749877@group-A93D8C3885A8:LeaderElection17] INFO  server.RaftServerConfigKeys (ConfUtils.java:logGet(43)) - raft.server.rpc.sleep.time = 25ms (default)
2019-09-25 04:51:57,267 [38f9cd64-a54c-4b19-ac87-5788454c2084@group-5D3F9205DA05:LeaderElection18] INFO  server.RaftServerConfigKeys (ConfUtils.java:logGet(43)) - raft.server.rpc.sleep.time = 25ms (default)
2019-09-25 04:51:57,267 [a8f74c9c-c1e0-47fe-a430-51d3a9749877@group-A93D8C3885A8:LeaderElection17] INFO  server.RaftServerConfigKeys (ConfUtils.java:logGet(43)) - raft.server.write.element-limit = 4096 (default)
2019-09-25 04:51:57,267 [38f9cd64-a54c-4b19-ac87-5788454c2084@group-5D3F9205DA05:LeaderElection18] INFO  server.RaftServerConfigKeys (ConfUtils.java:logGet(43)) - raft.server.write.element-limit = 4096 (default)
2019-09-25 04:51:57,267 [a8f74c9c-c1e0-47fe-a430-51d3a9749877@group-A93D8C3885A8:LeaderElection17] INFO  server.RaftServerConfigKeys (ConfUtils.java:logGet(43)) - raft.server.watch.timeout = 10s (default)
2019-09-25 04:51:57,268 [38f9cd64-a54c-4b19-ac87-5788454c2084@group-5D3F9205DA05:LeaderElection18] INFO  server.RaftServerConfigKeys (ConfUtils.java:logGet(43)) - raft.server.watch.timeout = 10s (default)
2019-09-25 04:51:57,268 [a8f74c9c-c1e0-47fe-a430-51d3a9749877@group-A93D8C3885A8:LeaderElection17] INFO  server.RaftServerConfigKeys (ConfUtils.java:logGet(43)) - raft.server.watch.timeout.denomination = 1s (default)
2019-09-25 04:51:57,268 [38f9cd64-a54c-4b19-ac87-5788454c2084@group-5D3F9205DA05:LeaderElection18] INFO  server.RaftServerConfigKeys (ConfUtils.java:logGet(43)) - raft.server.watch.timeout.denomination = 1s (default)
2019-09-25 04:51:57,268 [a8f74c9c-c1e0-47fe-a430-51d3a9749877@group-A93D8C3885A8:LeaderElection17] INFO  server.RaftServerConfigKeys (ConfUtils.java:logGet(43)) - raft.server.watch.element-limit = 65536 (default)
2019-09-25 04:51:57,268 [38f9cd64-a54c-4b19-ac87-5788454c2084@group-5D3F9205DA05:LeaderElection18] INFO  server.RaftServerConfigKeys (ConfUtils.java:logGet(43)) - raft.server.watch.element-limit = 65536 (default)
2019-09-25 04:51:57,272 [a8f74c9c-c1e0-47fe-a430-51d3a9749877@group-A93D8C3885A8:LeaderElection17] INFO  impl.RoleInfo (RoleInfo.java:updateAndGet(143)) - a8f74c9c-c1e0-47fe-a430-51d3a9749877: start LeaderState
2019-09-25 04:51:57,272 [a8f74c9c-c1e0-47fe-a430-51d3a9749877@group-A93D8C3885A8:LeaderElection17] INFO  segmented.SegmentedRaftLogWorker (SegmentedRaftLogWorker.java:startLogSegment(380)) - a8f74c9c-c1e0-47fe-a430-51d3a9749877@group-A93D8C3885A8-SegmentedRaftLogWorker: Starting segment from index:0
2019-09-25 04:51:57,272 [38f9cd64-a54c-4b19-ac87-5788454c2084@group-5D3F9205DA05:LeaderElection18] INFO  impl.RoleInfo (RoleInfo.java:updateAndGet(143)) - 38f9cd64-a54c-4b19-ac87-5788454c2084: start LeaderState
2019-09-25 04:51:57,273 [38f9cd64-a54c-4b19-ac87-5788454c2084@group-5D3F9205DA05:LeaderElection18] INFO  segmented.SegmentedRaftLogWorker (SegmentedRaftLogWorker.java:startLogSegment(380)) - 38f9cd64-a54c-4b19-ac87-5788454c2084@group-5D3F9205DA05-SegmentedRaftLogWorker: Starting segment from index:0
2019-09-25 04:51:57,273 [a8f74c9c-c1e0-47fe-a430-51d3a9749877@group-A93D8C3885A8:LeaderElection17] INFO  impl.RaftServerImpl (ServerState.java:setRaftConf(354)) - a8f74c9c-c1e0-47fe-a430-51d3a9749877@group-A93D8C3885A8: set configuration 0: [a8f74c9c-c1e0-47fe-a430-51d3a9749877:192.168.164.207:37761], old=null at 0
2019-09-25 04:51:57,309 [38f9cd64-a54c-4b19-ac87-5788454c2084@group-5D3F9205DA05:LeaderElection18] INFO  impl.RaftServerImpl (ServerState.java:setRaftConf(354)) - 38f9cd64-a54c-4b19-ac87-5788454c2084@group-5D3F9205DA05: set configuration 0: [38f9cd64-a54c-4b19-ac87-5788454c2084:192.168.164.207:42162], old=null at 0
2019-09-25 04:51:57,351 [a8f74c9c-c1e0-47fe-a430-51d3a9749877@group-A93D8C3885A8-SegmentedRaftLogWorker] INFO  segmented.SegmentedRaftLogWorker (SegmentedRaftLogWorker.java:execute(569)) - a8f74c9c-c1e0-47fe-a430-51d3a9749877@group-A93D8C3885A8-SegmentedRaftLogWorker: created new log segment /workdir/hadoop-ozone/integration-test/target/test-dir/MiniOzoneClusterImpl-ee606598-1675-4e02-b706-4bffbdc3363b/datanode-3/data/ratis/2ecefa8f-1f9c-4d98-b8f3-a93d8c3885a8/current/log_inprogress_0
2019-09-25 04:51:57,370 [Thread-297] INFO  impl.FollowerState (FollowerState.java:run(106)) - 38e0221b-1a06-473d-b1e9-41261cc0c838:group-C06D2D488BED changes to CANDIDATE, lastRpcTime:5112, electionTimeout:5112ms
2019-09-25 04:51:57,370 [Thread-297] INFO  impl.RoleInfo (RoleInfo.java:shutdownFollowerState(121)) - 38e0221b-1a06-473d-b1e9-41261cc0c838: shutdown FollowerState
2019-09-25 04:51:57,371 [Thread-297] INFO  impl.RaftServerImpl (RaftServerImpl.java:setRole(174)) - 38e0221b-1a06-473d-b1e9-41261cc0c838@group-C06D2D488BED: changes role from  FOLLOWER to CANDIDATE at term 0 for changeToCandidate
2019-09-25 04:51:57,371 [Thread-297] INFO  impl.RoleInfo (RoleInfo.java:updateAndGet(143)) - 38e0221b-1a06-473d-b1e9-41261cc0c838: start LeaderElection
2019-09-25 04:51:57,375 [38f9cd64-a54c-4b19-ac87-5788454c2084@group-5D3F9205DA05-SegmentedRaftLogWorker] INFO  segmented.SegmentedRaftLogWorker (SegmentedRaftLogWorker.java:execute(569)) - 38f9cd64-a54c-4b19-ac87-5788454c2084@group-5D3F9205DA05-SegmentedRaftLogWorker: created new log segment /workdir/hadoop-ozone/integration-test/target/test-dir/MiniOzoneClusterImpl-ee606598-1675-4e02-b706-4bffbdc3363b/datanode-0/data/ratis/c13db9b0-ef24-4ce4-8d26-5d3f9205da05/current/log_inprogress_0
2019-09-25 04:51:57,378 [Thread-300] INFO  impl.FollowerState (FollowerState.java:run(106)) - a47783cb-f32c-4b3c-a96f-229a7b607849:group-6E659E7A8275 changes to CANDIDATE, lastRpcTime:5046, electionTimeout:5046ms
2019-09-25 04:51:57,378 [Thread-300] INFO  impl.RoleInfo (RoleInfo.java:shutdownFollowerState(121)) - a47783cb-f32c-4b3c-a96f-229a7b607849: shutdown FollowerState
2019-09-25 04:51:57,378 [Thread-300] INFO  impl.RaftServerImpl (RaftServerImpl.java:setRole(174)) - a47783cb-f32c-4b3c-a96f-229a7b607849@group-6E659E7A8275: changes role from  FOLLOWER to CANDIDATE at term 0 for changeToCandidate
2019-09-25 04:51:57,378 [Thread-300] INFO  impl.RoleInfo (RoleInfo.java:updateAndGet(143)) - a47783cb-f32c-4b3c-a96f-229a7b607849: start LeaderElection
2019-09-25 04:51:57,400 [38e0221b-1a06-473d-b1e9-41261cc0c838@group-C06D2D488BED:LeaderElection19] INFO  impl.LeaderElection (LeaderElection.java:askForVotes(182)) - 38e0221b-1a06-473d-b1e9-41261cc0c838@group-C06D2D488BED:LeaderElection19: begin an election at term 1 for -1: [38e0221b-1a06-473d-b1e9-41261cc0c838:192.168.164.207:35429], old=null
2019-09-25 04:51:57,400 [38e0221b-1a06-473d-b1e9-41261cc0c838@group-C06D2D488BED:LeaderElection19] INFO  impl.RoleInfo (RoleInfo.java:shutdownLeaderElection(134)) - 38e0221b-1a06-473d-b1e9-41261cc0c838: shutdown LeaderElection
2019-09-25 04:51:57,401 [38e0221b-1a06-473d-b1e9-41261cc0c838@group-C06D2D488BED:LeaderElection19] INFO  impl.RaftServerImpl (RaftServerImpl.java:setRole(174)) - 38e0221b-1a06-473d-b1e9-41261cc0c838@group-C06D2D488BED: changes role from CANDIDATE to LEADER at term 1 for changeToLeader
2019-09-25 04:51:57,401 [38e0221b-1a06-473d-b1e9-41261cc0c838@group-C06D2D488BED:LeaderElection19] INFO  impl.RaftServerImpl (ServerState.java:setLeader(253)) - 38e0221b-1a06-473d-b1e9-41261cc0c838@group-C06D2D488BED: change Leader from null to 38e0221b-1a06-473d-b1e9-41261cc0c838 at term 1 for becomeLeader, leader elected after 5155ms
2019-09-25 04:51:57,401 [38e0221b-1a06-473d-b1e9-41261cc0c838@group-C06D2D488BED:LeaderElection19] INFO  server.RaftServerConfigKeys (ConfUtils.java:logGet(43)) - raft.server.staging.catchup.gap = 1000 (default)
2019-09-25 04:51:57,401 [38e0221b-1a06-473d-b1e9-41261cc0c838@group-C06D2D488BED:LeaderElection19] INFO  server.RaftServerConfigKeys (ConfUtils.java:logGet(43)) - raft.server.rpc.sleep.time = 25ms (default)
2019-09-25 04:51:57,401 [38e0221b-1a06-473d-b1e9-41261cc0c838@group-C06D2D488BED:LeaderElection19] INFO  server.RaftServerConfigKeys (ConfUtils.java:logGet(43)) - raft.server.write.element-limit = 4096 (default)
2019-09-25 04:51:57,402 [38e0221b-1a06-473d-b1e9-41261cc0c838@group-C06D2D488BED:LeaderElection19] INFO  server.RaftServerConfigKeys (ConfUtils.java:logGet(43)) - raft.server.watch.timeout = 10s (default)
2019-09-25 04:51:57,402 [38e0221b-1a06-473d-b1e9-41261cc0c838@group-C06D2D488BED:LeaderElection19] INFO  server.RaftServerConfigKeys (ConfUtils.java:logGet(43)) - raft.server.watch.timeout.denomination = 1s (default)
2019-09-25 04:51:57,402 [38e0221b-1a06-473d-b1e9-41261cc0c838@group-C06D2D488BED:LeaderElection19] INFO  server.RaftServerConfigKeys (ConfUtils.java:logGet(43)) - raft.server.watch.element-limit = 65536 (default)
2019-09-25 04:51:57,405 [38e0221b-1a06-473d-b1e9-41261cc0c838@group-C06D2D488BED:LeaderElection19] INFO  impl.RoleInfo (RoleInfo.java:updateAndGet(143)) - 38e0221b-1a06-473d-b1e9-41261cc0c838: start LeaderState
2019-09-25 04:51:57,405 [38e0221b-1a06-473d-b1e9-41261cc0c838@group-C06D2D488BED:LeaderElection19] INFO  segmented.SegmentedRaftLogWorker (SegmentedRaftLogWorker.java:startLogSegment(380)) - 38e0221b-1a06-473d-b1e9-41261cc0c838@group-C06D2D488BED-SegmentedRaftLogWorker: Starting segment from index:0
2019-09-25 04:51:57,405 [38e0221b-1a06-473d-b1e9-41261cc0c838@group-C06D2D488BED:LeaderElection19] INFO  impl.RaftServerImpl (ServerState.java:setRaftConf(354)) - 38e0221b-1a06-473d-b1e9-41261cc0c838@group-C06D2D488BED: set configuration 0: [38e0221b-1a06-473d-b1e9-41261cc0c838:192.168.164.207:35429], old=null at 0
2019-09-25 04:51:57,436 [a47783cb-f32c-4b3c-a96f-229a7b607849@group-6E659E7A8275:LeaderElection20] INFO  impl.LeaderElection (LeaderElection.java:askForVotes(182)) - a47783cb-f32c-4b3c-a96f-229a7b607849@group-6E659E7A8275:LeaderElection20: begin an election at term 1 for -1: [a47783cb-f32c-4b3c-a96f-229a7b607849:192.168.164.207:45684], old=null
2019-09-25 04:51:57,436 [a47783cb-f32c-4b3c-a96f-229a7b607849@group-6E659E7A8275:LeaderElection20] INFO  impl.RoleInfo (RoleInfo.java:shutdownLeaderElection(134)) - a47783cb-f32c-4b3c-a96f-229a7b607849: shutdown LeaderElection
2019-09-25 04:51:57,436 [a47783cb-f32c-4b3c-a96f-229a7b607849@group-6E659E7A8275:LeaderElection20] INFO  impl.RaftServerImpl (RaftServerImpl.java:setRole(174)) - a47783cb-f32c-4b3c-a96f-229a7b607849@group-6E659E7A8275: changes role from CANDIDATE to LEADER at term 1 for changeToLeader
2019-09-25 04:51:57,436 [a47783cb-f32c-4b3c-a96f-229a7b607849@group-6E659E7A8275:LeaderElection20] INFO  impl.RaftServerImpl (ServerState.java:setLeader(253)) - a47783cb-f32c-4b3c-a96f-229a7b607849@group-6E659E7A8275: change Leader from null to a47783cb-f32c-4b3c-a96f-229a7b607849 at term 1 for becomeLeader, leader elected after 5114ms
2019-09-25 04:51:57,436 [a47783cb-f32c-4b3c-a96f-229a7b607849@group-6E659E7A8275:LeaderElection20] INFO  server.RaftServerConfigKeys (ConfUtils.java:logGet(43)) - raft.server.staging.catchup.gap = 1000 (default)
2019-09-25 04:51:57,436 [a47783cb-f32c-4b3c-a96f-229a7b607849@group-6E659E7A8275:LeaderElection20] INFO  server.RaftServerConfigKeys (ConfUtils.java:logGet(43)) - raft.server.rpc.sleep.time = 25ms (default)
2019-09-25 04:51:57,437 [a47783cb-f32c-4b3c-a96f-229a7b607849@group-6E659E7A8275:LeaderElection20] INFO  server.RaftServerConfigKeys (ConfUtils.java:logGet(43)) - raft.server.write.element-limit = 4096 (default)
2019-09-25 04:51:57,437 [a47783cb-f32c-4b3c-a96f-229a7b607849@group-6E659E7A8275:LeaderElection20] INFO  server.RaftServerConfigKeys (ConfUtils.java:logGet(43)) - raft.server.watch.timeout = 10s (default)
2019-09-25 04:51:57,437 [a47783cb-f32c-4b3c-a96f-229a7b607849@group-6E659E7A8275:LeaderElection20] INFO  server.RaftServerConfigKeys (ConfUtils.java:logGet(43)) - raft.server.watch.timeout.denomination = 1s (default)
2019-09-25 04:51:57,437 [a47783cb-f32c-4b3c-a96f-229a7b607849@group-6E659E7A8275:LeaderElection20] INFO  server.RaftServerConfigKeys (ConfUtils.java:logGet(43)) - raft.server.watch.element-limit = 65536 (default)
2019-09-25 04:51:57,440 [a47783cb-f32c-4b3c-a96f-229a7b607849@group-6E659E7A8275:LeaderElection20] INFO  impl.RoleInfo (RoleInfo.java:updateAndGet(143)) - a47783cb-f32c-4b3c-a96f-229a7b607849: start LeaderState
2019-09-25 04:51:57,440 [a47783cb-f32c-4b3c-a96f-229a7b607849@group-6E659E7A8275:LeaderElection20] INFO  segmented.SegmentedRaftLogWorker (SegmentedRaftLogWorker.java:startLogSegment(380)) - a47783cb-f32c-4b3c-a96f-229a7b607849@group-6E659E7A8275-SegmentedRaftLogWorker: Starting segment from index:0
2019-09-25 04:51:57,440 [a47783cb-f32c-4b3c-a96f-229a7b607849@group-6E659E7A8275:LeaderElection20] INFO  impl.RaftServerImpl (ServerState.java:setRaftConf(354)) - a47783cb-f32c-4b3c-a96f-229a7b607849@group-6E659E7A8275: set configuration 0: [a47783cb-f32c-4b3c-a96f-229a7b607849:192.168.164.207:45684], old=null at 0
2019-09-25 04:51:57,482 [38e0221b-1a06-473d-b1e9-41261cc0c838@group-C06D2D488BED-SegmentedRaftLogWorker] INFO  segmented.SegmentedRaftLogWorker (SegmentedRaftLogWorker.java:execute(569)) - 38e0221b-1a06-473d-b1e9-41261cc0c838@group-C06D2D488BED-SegmentedRaftLogWorker: created new log segment /workdir/hadoop-ozone/integration-test/target/test-dir/MiniOzoneClusterImpl-ee606598-1675-4e02-b706-4bffbdc3363b/datanode-6/data/ratis/3c63178b-aa48-412f-9c1e-c06d2d488bed/current/log_inprogress_0
2019-09-25 04:51:57,495 [a47783cb-f32c-4b3c-a96f-229a7b607849@group-6E659E7A8275-SegmentedRaftLogWorker] INFO  segmented.SegmentedRaftLogWorker (SegmentedRaftLogWorker.java:execute(569)) - a47783cb-f32c-4b3c-a96f-229a7b607849@group-6E659E7A8275-SegmentedRaftLogWorker: created new log segment /workdir/hadoop-ozone/integration-test/target/test-dir/MiniOzoneClusterImpl-ee606598-1675-4e02-b706-4bffbdc3363b/datanode-5/data/ratis/e1ca9c12-8ee5-4004-9f3c-6e659e7a8275/current/log_inprogress_0
2019-09-25 04:51:58,074 [Thread-306] INFO  impl.FollowerState (FollowerState.java:run(106)) - 5ef12726-03f2-4870-a114-ed0a439e18ee:group-67E6760742FA changes to CANDIDATE, lastRpcTime:5130, electionTimeout:5130ms
2019-09-25 04:51:58,074 [Thread-306] INFO  impl.RoleInfo (RoleInfo.java:shutdownFollowerState(121)) - 5ef12726-03f2-4870-a114-ed0a439e18ee: shutdown FollowerState
2019-09-25 04:51:58,075 [Thread-306] INFO  impl.RaftServerImpl (RaftServerImpl.java:setRole(174)) - 5ef12726-03f2-4870-a114-ed0a439e18ee@group-67E6760742FA: changes role from  FOLLOWER to CANDIDATE at term 0 for changeToCandidate
2019-09-25 04:51:58,075 [Thread-306] INFO  impl.RoleInfo (RoleInfo.java:updateAndGet(143)) - 5ef12726-03f2-4870-a114-ed0a439e18ee: start LeaderElection
2019-09-25 04:51:58,079 [Thread-303] INFO  impl.FollowerState (FollowerState.java:run(106)) - 38f9cd64-a54c-4b19-ac87-5788454c2084:group-A9A412E67723 changes to CANDIDATE, lastRpcTime:5191, electionTimeout:5188ms
2019-09-25 04:51:58,080 [Thread-303] INFO  impl.RoleInfo (RoleInfo.java:shutdownFollowerState(121)) - 38f9cd64-a54c-4b19-ac87-5788454c2084: shutdown FollowerState
2019-09-25 04:51:58,080 [Thread-303] INFO  impl.RaftServerImpl (RaftServerImpl.java:setRole(174)) - 38f9cd64-a54c-4b19-ac87-5788454c2084@group-A9A412E67723: changes role from  FOLLOWER to CANDIDATE at term 0 for changeToCandidate
2019-09-25 04:51:58,080 [Thread-310] INFO  impl.FollowerState (FollowerState.java:run(106)) - a8f74c9c-c1e0-47fe-a430-51d3a9749877:group-07E3B9C936E2 changes to CANDIDATE, lastRpcTime:5074, electionTimeout:5074ms
2019-09-25 04:51:58,080 [Thread-303] INFO  impl.RoleInfo (RoleInfo.java:updateAndGet(143)) - 38f9cd64-a54c-4b19-ac87-5788454c2084: start LeaderElection
2019-09-25 04:51:58,080 [Thread-310] INFO  impl.RoleInfo (RoleInfo.java:shutdownFollowerState(121)) - a8f74c9c-c1e0-47fe-a430-51d3a9749877: shutdown FollowerState
2019-09-25 04:51:58,080 [Thread-310] INFO  impl.RaftServerImpl (RaftServerImpl.java:setRole(174)) - a8f74c9c-c1e0-47fe-a430-51d3a9749877@group-07E3B9C936E2: changes role from  FOLLOWER to CANDIDATE at term 0 for changeToCandidate
2019-09-25 04:51:58,081 [Thread-310] INFO  impl.RoleInfo (RoleInfo.java:updateAndGet(143)) - a8f74c9c-c1e0-47fe-a430-51d3a9749877: start LeaderElection
2019-09-25 04:51:58,093 [5ef12726-03f2-4870-a114-ed0a439e18ee@group-67E6760742FA:LeaderElection21] INFO  impl.LeaderElection (LeaderElection.java:askForVotes(182)) - 5ef12726-03f2-4870-a114-ed0a439e18ee@group-67E6760742FA:LeaderElection21: begin an election at term 1 for -1: [5ef12726-03f2-4870-a114-ed0a439e18ee:192.168.164.207:40177], old=null
2019-09-25 04:51:58,093 [38f9cd64-a54c-4b19-ac87-5788454c2084@group-A9A412E67723:LeaderElection22] INFO  impl.LeaderElection (LeaderElection.java:askForVotes(182)) - 38f9cd64-a54c-4b19-ac87-5788454c2084@group-A9A412E67723:LeaderElection22: begin an election at term 1 for -1: [38f9cd64-a54c-4b19-ac87-5788454c2084:192.168.164.207:42162], old=null
2019-09-25 04:51:58,093 [a8f74c9c-c1e0-47fe-a430-51d3a9749877@group-07E3B9C936E2:LeaderElection23] INFO  impl.LeaderElection (LeaderElection.java:askForVotes(182)) - a8f74c9c-c1e0-47fe-a430-51d3a9749877@group-07E3B9C936E2:LeaderElection23: begin an election at term 1 for -1: [a8f74c9c-c1e0-47fe-a430-51d3a9749877:192.168.164.207:37761], old=null
2019-09-25 04:51:58,094 [38f9cd64-a54c-4b19-ac87-5788454c2084@group-A9A412E67723:LeaderElection22] INFO  impl.RoleInfo (RoleInfo.java:shutdownLeaderElection(134)) - 38f9cd64-a54c-4b19-ac87-5788454c2084: shutdown LeaderElection
2019-09-25 04:51:58,094 [5ef12726-03f2-4870-a114-ed0a439e18ee@group-67E6760742FA:LeaderElection21] INFO  impl.RoleInfo (RoleInfo.java:shutdownLeaderElection(134)) - 5ef12726-03f2-4870-a114-ed0a439e18ee: shutdown LeaderElection
2019-09-25 04:51:58,094 [38f9cd64-a54c-4b19-ac87-5788454c2084@group-A9A412E67723:LeaderElection22] INFO  impl.RaftServerImpl (RaftServerImpl.java:setRole(174)) - 38f9cd64-a54c-4b19-ac87-5788454c2084@group-A9A412E67723: changes role from CANDIDATE to LEADER at term 1 for changeToLeader
2019-09-25 04:51:58,094 [a8f74c9c-c1e0-47fe-a430-51d3a9749877@group-07E3B9C936E2:LeaderElection23] INFO  impl.RoleInfo (RoleInfo.java:shutdownLeaderElection(134)) - a8f74c9c-c1e0-47fe-a430-51d3a9749877: shutdown LeaderElection
2019-09-25 04:51:58,094 [38f9cd64-a54c-4b19-ac87-5788454c2084@group-A9A412E67723:LeaderElection22] INFO  impl.RaftServerImpl (ServerState.java:setLeader(253)) - 38f9cd64-a54c-4b19-ac87-5788454c2084@group-A9A412E67723: change Leader from null to 38f9cd64-a54c-4b19-ac87-5788454c2084 at term 1 for becomeLeader, leader elected after 5215ms
2019-09-25 04:51:58,094 [5ef12726-03f2-4870-a114-ed0a439e18ee@group-67E6760742FA:LeaderElection21] INFO  impl.RaftServerImpl (RaftServerImpl.java:setRole(174)) - 5ef12726-03f2-4870-a114-ed0a439e18ee@group-67E6760742FA: changes role from CANDIDATE to LEADER at term 1 for changeToLeader
2019-09-25 04:51:58,095 [38f9cd64-a54c-4b19-ac87-5788454c2084@group-A9A412E67723:LeaderElection22] INFO  server.RaftServerConfigKeys (ConfUtils.java:logGet(43)) - raft.server.staging.catchup.gap = 1000 (default)
2019-09-25 04:51:58,095 [a8f74c9c-c1e0-47fe-a430-51d3a9749877@group-07E3B9C936E2:LeaderElection23] INFO  impl.RaftServerImpl (RaftServerImpl.java:setRole(174)) - a8f74c9c-c1e0-47fe-a430-51d3a9749877@group-07E3B9C936E2: changes role from CANDIDATE to LEADER at term 1 for changeToLeader
2019-09-25 04:51:58,095 [38f9cd64-a54c-4b19-ac87-5788454c2084@group-A9A412E67723:LeaderElection22] INFO  server.RaftServerConfigKeys (ConfUtils.java:logGet(43)) - raft.server.rpc.sleep.time = 25ms (default)
2019-09-25 04:51:58,095 [5ef12726-03f2-4870-a114-ed0a439e18ee@group-67E6760742FA:LeaderElection21] INFO  impl.RaftServerImpl (ServerState.java:setLeader(253)) - 5ef12726-03f2-4870-a114-ed0a439e18ee@group-67E6760742FA: change Leader from null to 5ef12726-03f2-4870-a114-ed0a439e18ee at term 1 for becomeLeader, leader elected after 5157ms
2019-09-25 04:51:58,095 [a8f74c9c-c1e0-47fe-a430-51d3a9749877@group-07E3B9C936E2:LeaderElection23] INFO  impl.RaftServerImpl (ServerState.java:setLeader(253)) - a8f74c9c-c1e0-47fe-a430-51d3a9749877@group-07E3B9C936E2: change Leader from null to a8f74c9c-c1e0-47fe-a430-51d3a9749877 at term 1 for becomeLeader, leader elected after 5099ms
2019-09-25 04:51:58,096 [5ef12726-03f2-4870-a114-ed0a439e18ee@group-67E6760742FA:LeaderElection21] INFO  server.RaftServerConfigKeys (ConfUtils.java:logGet(43)) - raft.server.staging.catchup.gap = 1000 (default)
2019-09-25 04:51:58,096 [38f9cd64-a54c-4b19-ac87-5788454c2084@group-A9A412E67723:LeaderElection22] INFO  server.RaftServerConfigKeys (ConfUtils.java:logGet(43)) - raft.server.write.element-limit = 4096 (default)
2019-09-25 04:51:58,096 [5ef12726-03f2-4870-a114-ed0a439e18ee@group-67E6760742FA:LeaderElection21] INFO  server.RaftServerConfigKeys (ConfUtils.java:logGet(43)) - raft.server.rpc.sleep.time = 25ms (default)
2019-09-25 04:51:58,096 [a8f74c9c-c1e0-47fe-a430-51d3a9749877@group-07E3B9C936E2:LeaderElection23] INFO  server.RaftServerConfigKeys (ConfUtils.java:logGet(43)) - raft.server.staging.catchup.gap = 1000 (default)
2019-09-25 04:51:58,096 [5ef12726-03f2-4870-a114-ed0a439e18ee@group-67E6760742FA:LeaderElection21] INFO  server.RaftServerConfigKeys (ConfUtils.java:logGet(43)) - raft.server.write.element-limit = 4096 (default)
2019-09-25 04:51:58,096 [38f9cd64-a54c-4b19-ac87-5788454c2084@group-A9A412E67723:LeaderElection22] INFO  server.RaftServerConfigKeys (ConfUtils.java:logGet(43)) - raft.server.watch.timeout = 10s (default)
2019-09-25 04:51:58,097 [5ef12726-03f2-4870-a114-ed0a439e18ee@group-67E6760742FA:LeaderElection21] INFO  server.RaftServerConfigKeys (ConfUtils.java:logGet(43)) - raft.server.watch.timeout = 10s (default)
2019-09-25 04:51:58,096 [a8f74c9c-c1e0-47fe-a430-51d3a9749877@group-07E3B9C936E2:LeaderElection23] INFO  server.RaftServerConfigKeys (ConfUtils.java:logGet(43)) - raft.server.rpc.sleep.time = 25ms (default)
2019-09-25 04:51:58,097 [5ef12726-03f2-4870-a114-ed0a439e18ee@group-67E6760742FA:LeaderElection21] INFO  server.RaftServerConfigKeys (ConfUtils.java:logGet(43)) - raft.server.watch.timeout.denomination = 1s (default)
2019-09-25 04:51:58,097 [38f9cd64-a54c-4b19-ac87-5788454c2084@group-A9A412E67723:LeaderElection22] INFO  server.RaftServerConfigKeys (ConfUtils.java:logGet(43)) - raft.server.watch.timeout.denomination = 1s (default)
2019-09-25 04:51:58,097 [5ef12726-03f2-4870-a114-ed0a439e18ee@group-67E6760742FA:LeaderElection21] INFO  server.RaftServerConfigKeys (ConfUtils.java:logGet(43)) - raft.server.watch.element-limit = 65536 (default)
2019-09-25 04:51:58,097 [a8f74c9c-c1e0-47fe-a430-51d3a9749877@group-07E3B9C936E2:LeaderElection23] INFO  server.RaftServerConfigKeys (ConfUtils.java:logGet(43)) - raft.server.write.element-limit = 4096 (default)
2019-09-25 04:51:58,097 [38f9cd64-a54c-4b19-ac87-5788454c2084@group-A9A412E67723:LeaderElection22] INFO  server.RaftServerConfigKeys (ConfUtils.java:logGet(43)) - raft.server.watch.element-limit = 65536 (default)
2019-09-25 04:51:58,098 [a8f74c9c-c1e0-47fe-a430-51d3a9749877@group-07E3B9C936E2:LeaderElection23] INFO  server.RaftServerConfigKeys (ConfUtils.java:logGet(43)) - raft.server.watch.timeout = 10s (default)
2019-09-25 04:51:58,098 [a8f74c9c-c1e0-47fe-a430-51d3a9749877@group-07E3B9C936E2:LeaderElection23] INFO  server.RaftServerConfigKeys (ConfUtils.java:logGet(43)) - raft.server.watch.timeout.denomination = 1s (default)
2019-09-25 04:51:58,098 [a8f74c9c-c1e0-47fe-a430-51d3a9749877@group-07E3B9C936E2:LeaderElection23] INFO  server.RaftServerConfigKeys (ConfUtils.java:logGet(43)) - raft.server.watch.element-limit = 65536 (default)
2019-09-25 04:51:58,103 [5ef12726-03f2-4870-a114-ed0a439e18ee@group-67E6760742FA:LeaderElection21] INFO  impl.RoleInfo (RoleInfo.java:updateAndGet(143)) - 5ef12726-03f2-4870-a114-ed0a439e18ee: start LeaderState
2019-09-25 04:51:58,103 [5ef12726-03f2-4870-a114-ed0a439e18ee@group-67E6760742FA:LeaderElection21] INFO  segmented.SegmentedRaftLogWorker (SegmentedRaftLogWorker.java:startLogSegment(380)) - 5ef12726-03f2-4870-a114-ed0a439e18ee@group-67E6760742FA-SegmentedRaftLogWorker: Starting segment from index:0
2019-09-25 04:51:58,104 [38f9cd64-a54c-4b19-ac87-5788454c2084@group-A9A412E67723:LeaderElection22] INFO  impl.RoleInfo (RoleInfo.java:updateAndGet(143)) - 38f9cd64-a54c-4b19-ac87-5788454c2084: start LeaderState
2019-09-25 04:51:58,104 [38f9cd64-a54c-4b19-ac87-5788454c2084@group-A9A412E67723:LeaderElection22] INFO  segmented.SegmentedRaftLogWorker (SegmentedRaftLogWorker.java:startLogSegment(380)) - 38f9cd64-a54c-4b19-ac87-5788454c2084@group-A9A412E67723-SegmentedRaftLogWorker: Starting segment from index:0
2019-09-25 04:51:58,104 [5ef12726-03f2-4870-a114-ed0a439e18ee@group-67E6760742FA:LeaderElection21] INFO  impl.RaftServerImpl (ServerState.java:setRaftConf(354)) - 5ef12726-03f2-4870-a114-ed0a439e18ee@group-67E6760742FA: set configuration 0: [5ef12726-03f2-4870-a114-ed0a439e18ee:192.168.164.207:40177], old=null at 0
2019-09-25 04:51:58,104 [a8f74c9c-c1e0-47fe-a430-51d3a9749877@group-07E3B9C936E2:LeaderElection23] INFO  impl.RoleInfo (RoleInfo.java:updateAndGet(143)) - a8f74c9c-c1e0-47fe-a430-51d3a9749877: start LeaderState
2019-09-25 04:51:58,139 [38f9cd64-a54c-4b19-ac87-5788454c2084@group-A9A412E67723:LeaderElection22] INFO  impl.RaftServerImpl (ServerState.java:setRaftConf(354)) - 38f9cd64-a54c-4b19-ac87-5788454c2084@group-A9A412E67723: set configuration 0: [38f9cd64-a54c-4b19-ac87-5788454c2084:192.168.164.207:42162], old=null at 0
2019-09-25 04:51:58,139 [a8f74c9c-c1e0-47fe-a430-51d3a9749877@group-07E3B9C936E2:LeaderElection23] INFO  segmented.SegmentedRaftLogWorker (SegmentedRaftLogWorker.java:startLogSegment(380)) - a8f74c9c-c1e0-47fe-a430-51d3a9749877@group-07E3B9C936E2-SegmentedRaftLogWorker: Starting segment from index:0
2019-09-25 04:51:58,171 [5ef12726-03f2-4870-a114-ed0a439e18ee@group-67E6760742FA-SegmentedRaftLogWorker] INFO  segmented.SegmentedRaftLogWorker (SegmentedRaftLogWorker.java:execute(569)) - 5ef12726-03f2-4870-a114-ed0a439e18ee@group-67E6760742FA-SegmentedRaftLogWorker: created new log segment /workdir/hadoop-ozone/integration-test/target/test-dir/MiniOzoneClusterImpl-ee606598-1675-4e02-b706-4bffbdc3363b/datanode-2/data/ratis/cd822f76-30d1-412a-8fdc-67e6760742fa/current/log_inprogress_0
2019-09-25 04:51:58,172 [a8f74c9c-c1e0-47fe-a430-51d3a9749877@group-07E3B9C936E2:LeaderElection23] INFO  impl.RaftServerImpl (ServerState.java:setRaftConf(354)) - a8f74c9c-c1e0-47fe-a430-51d3a9749877@group-07E3B9C936E2: set configuration 0: [a8f74c9c-c1e0-47fe-a430-51d3a9749877:192.168.164.207:37761], old=null at 0
2019-09-25 04:51:58,184 [38f9cd64-a54c-4b19-ac87-5788454c2084@group-A9A412E67723-SegmentedRaftLogWorker] INFO  segmented.SegmentedRaftLogWorker (SegmentedRaftLogWorker.java:execute(569)) - 38f9cd64-a54c-4b19-ac87-5788454c2084@group-A9A412E67723-SegmentedRaftLogWorker: created new log segment /workdir/hadoop-ozone/integration-test/target/test-dir/MiniOzoneClusterImpl-ee606598-1675-4e02-b706-4bffbdc3363b/datanode-0/data/ratis/2878d30b-5364-43e6-bd08-a9a412e67723/current/log_inprogress_0
2019-09-25 04:51:58,202 [Thread-313] INFO  impl.FollowerState (FollowerState.java:run(106)) - a8f74c9c-c1e0-47fe-a430-51d3a9749877:group-907D5F4B0780 changes to CANDIDATE, lastRpcTime:5127, electionTimeout:5127ms
2019-09-25 04:51:58,203 [Thread-313] INFO  impl.RoleInfo (RoleInfo.java:shutdownFollowerState(121)) - a8f74c9c-c1e0-47fe-a430-51d3a9749877: shutdown FollowerState
2019-09-25 04:51:58,203 [Thread-313] INFO  impl.RaftServerImpl (RaftServerImpl.java:setRole(174)) - a8f74c9c-c1e0-47fe-a430-51d3a9749877@group-907D5F4B0780: changes role from  FOLLOWER to CANDIDATE at term 0 for changeToCandidate
2019-09-25 04:51:58,203 [Thread-313] INFO  impl.RoleInfo (RoleInfo.java:updateAndGet(143)) - a8f74c9c-c1e0-47fe-a430-51d3a9749877: start LeaderElection
2019-09-25 04:51:58,224 [a8f74c9c-c1e0-47fe-a430-51d3a9749877@group-07E3B9C936E2-SegmentedRaftLogWorker] INFO  segmented.SegmentedRaftLogWorker (SegmentedRaftLogWorker.java:execute(569)) - a8f74c9c-c1e0-47fe-a430-51d3a9749877@group-07E3B9C936E2-SegmentedRaftLogWorker: created new log segment /workdir/hadoop-ozone/integration-test/target/test-dir/MiniOzoneClusterImpl-ee606598-1675-4e02-b706-4bffbdc3363b/datanode-3/data/ratis/51a808d1-4a6a-4c10-9dc0-07e3b9c936e2/current/log_inprogress_0
2019-09-25 04:51:58,224 [a8f74c9c-c1e0-47fe-a430-51d3a9749877@group-907D5F4B0780:LeaderElection24] INFO  impl.LeaderElection (LeaderElection.java:askForVotes(182)) - a8f74c9c-c1e0-47fe-a430-51d3a9749877@group-907D5F4B0780:LeaderElection24: begin an election at term 1 for -1: [a8f74c9c-c1e0-47fe-a430-51d3a9749877:192.168.164.207:37761], old=null
2019-09-25 04:51:58,225 [a8f74c9c-c1e0-47fe-a430-51d3a9749877@group-907D5F4B0780:LeaderElection24] INFO  impl.RoleInfo (RoleInfo.java:shutdownLeaderElection(134)) - a8f74c9c-c1e0-47fe-a430-51d3a9749877: shutdown LeaderElection
2019-09-25 04:51:58,225 [a8f74c9c-c1e0-47fe-a430-51d3a9749877@group-907D5F4B0780:LeaderElection24] INFO  impl.RaftServerImpl (RaftServerImpl.java:setRole(174)) - a8f74c9c-c1e0-47fe-a430-51d3a9749877@group-907D5F4B0780: changes role from CANDIDATE to LEADER at term 1 for changeToLeader
2019-09-25 04:51:58,225 [a8f74c9c-c1e0-47fe-a430-51d3a9749877@group-907D5F4B0780:LeaderElection24] INFO  impl.RaftServerImpl (ServerState.java:setLeader(253)) - a8f74c9c-c1e0-47fe-a430-51d3a9749877@group-907D5F4B0780: change Leader from null to a8f74c9c-c1e0-47fe-a430-51d3a9749877 at term 1 for becomeLeader, leader elected after 5159ms
2019-09-25 04:51:58,225 [a8f74c9c-c1e0-47fe-a430-51d3a9749877@group-907D5F4B0780:LeaderElection24] INFO  server.RaftServerConfigKeys (ConfUtils.java:logGet(43)) - raft.server.staging.catchup.gap = 1000 (default)
2019-09-25 04:51:58,225 [a8f74c9c-c1e0-47fe-a430-51d3a9749877@group-907D5F4B0780:LeaderElection24] INFO  server.RaftServerConfigKeys (ConfUtils.java:logGet(43)) - raft.server.rpc.sleep.time = 25ms (default)
2019-09-25 04:51:58,225 [a8f74c9c-c1e0-47fe-a430-51d3a9749877@group-907D5F4B0780:LeaderElection24] INFO  server.RaftServerConfigKeys (ConfUtils.java:logGet(43)) - raft.server.write.element-limit = 4096 (default)
2019-09-25 04:51:58,226 [a8f74c9c-c1e0-47fe-a430-51d3a9749877@group-907D5F4B0780:LeaderElection24] INFO  server.RaftServerConfigKeys (ConfUtils.java:logGet(43)) - raft.server.watch.timeout = 10s (default)
2019-09-25 04:51:58,226 [a8f74c9c-c1e0-47fe-a430-51d3a9749877@group-907D5F4B0780:LeaderElection24] INFO  server.RaftServerConfigKeys (ConfUtils.java:logGet(43)) - raft.server.watch.timeout.denomination = 1s (default)
2019-09-25 04:51:58,226 [a8f74c9c-c1e0-47fe-a430-51d3a9749877@group-907D5F4B0780:LeaderElection24] INFO  server.RaftServerConfigKeys (ConfUtils.java:logGet(43)) - raft.server.watch.element-limit = 65536 (default)
2019-09-25 04:51:58,228 [a8f74c9c-c1e0-47fe-a430-51d3a9749877@group-907D5F4B0780:LeaderElection24] INFO  impl.RoleInfo (RoleInfo.java:updateAndGet(143)) - a8f74c9c-c1e0-47fe-a430-51d3a9749877: start LeaderState
2019-09-25 04:51:58,229 [a8f74c9c-c1e0-47fe-a430-51d3a9749877@group-907D5F4B0780:LeaderElection24] INFO  segmented.SegmentedRaftLogWorker (SegmentedRaftLogWorker.java:startLogSegment(380)) - a8f74c9c-c1e0-47fe-a430-51d3a9749877@group-907D5F4B0780-SegmentedRaftLogWorker: Starting segment from index:0
2019-09-25 04:51:58,229 [a8f74c9c-c1e0-47fe-a430-51d3a9749877@group-907D5F4B0780:LeaderElection24] INFO  impl.RaftServerImpl (ServerState.java:setRaftConf(354)) - a8f74c9c-c1e0-47fe-a430-51d3a9749877@group-907D5F4B0780: set configuration 0: [a8f74c9c-c1e0-47fe-a430-51d3a9749877:192.168.164.207:37761], old=null at 0
2019-09-25 04:51:58,278 [a8f74c9c-c1e0-47fe-a430-51d3a9749877@group-907D5F4B0780-SegmentedRaftLogWorker] INFO  segmented.SegmentedRaftLogWorker (SegmentedRaftLogWorker.java:execute(569)) - a8f74c9c-c1e0-47fe-a430-51d3a9749877@group-907D5F4B0780-SegmentedRaftLogWorker: created new log segment /workdir/hadoop-ozone/integration-test/target/test-dir/MiniOzoneClusterImpl-ee606598-1675-4e02-b706-4bffbdc3363b/datanode-3/data/ratis/6f05966d-fc9f-4a12-99ea-907d5f4b0780/current/log_inprogress_0
2019-09-25 04:51:58,590 [Thread-319] INFO  impl.FollowerState (FollowerState.java:run(106)) - 38e0221b-1a06-473d-b1e9-41261cc0c838:group-01C70403FFE9 changes to CANDIDATE, lastRpcTime:5089, electionTimeout:5089ms
2019-09-25 04:51:58,590 [Thread-319] INFO  impl.RoleInfo (RoleInfo.java:shutdownFollowerState(121)) - 38e0221b-1a06-473d-b1e9-41261cc0c838: shutdown FollowerState
2019-09-25 04:51:58,590 [Thread-319] INFO  impl.RaftServerImpl (RaftServerImpl.java:setRole(174)) - 38e0221b-1a06-473d-b1e9-41261cc0c838@group-01C70403FFE9: changes role from  FOLLOWER to CANDIDATE at term 0 for changeToCandidate
2019-09-25 04:51:58,591 [Thread-319] INFO  impl.RoleInfo (RoleInfo.java:updateAndGet(143)) - 38e0221b-1a06-473d-b1e9-41261cc0c838: start LeaderElection
2019-09-25 04:51:58,609 [38e0221b-1a06-473d-b1e9-41261cc0c838@group-01C70403FFE9:LeaderElection25] INFO  impl.LeaderElection (LeaderElection.java:askForVotes(182)) - 38e0221b-1a06-473d-b1e9-41261cc0c838@group-01C70403FFE9:LeaderElection25: begin an election at term 1 for -1: [38e0221b-1a06-473d-b1e9-41261cc0c838:192.168.164.207:35429], old=null
2019-09-25 04:51:58,609 [38e0221b-1a06-473d-b1e9-41261cc0c838@group-01C70403FFE9:LeaderElection25] INFO  impl.RoleInfo (RoleInfo.java:shutdownLeaderElection(134)) - 38e0221b-1a06-473d-b1e9-41261cc0c838: shutdown LeaderElection
2019-09-25 04:51:58,609 [38e0221b-1a06-473d-b1e9-41261cc0c838@group-01C70403FFE9:LeaderElection25] INFO  impl.RaftServerImpl (RaftServerImpl.java:setRole(174)) - 38e0221b-1a06-473d-b1e9-41261cc0c838@group-01C70403FFE9: changes role from CANDIDATE to LEADER at term 1 for changeToLeader
2019-09-25 04:51:58,609 [38e0221b-1a06-473d-b1e9-41261cc0c838@group-01C70403FFE9:LeaderElection25] INFO  impl.RaftServerImpl (ServerState.java:setLeader(253)) - 38e0221b-1a06-473d-b1e9-41261cc0c838@group-01C70403FFE9: change Leader from null to 38e0221b-1a06-473d-b1e9-41261cc0c838 at term 1 for becomeLeader, leader elected after 5117ms
2019-09-25 04:51:58,609 [38e0221b-1a06-473d-b1e9-41261cc0c838@group-01C70403FFE9:LeaderElection25] INFO  server.RaftServerConfigKeys (ConfUtils.java:logGet(43)) - raft.server.staging.catchup.gap = 1000 (default)
2019-09-25 04:51:58,610 [38e0221b-1a06-473d-b1e9-41261cc0c838@group-01C70403FFE9:LeaderElection25] INFO  server.RaftServerConfigKeys (ConfUtils.java:logGet(43)) - raft.server.rpc.sleep.time = 25ms (default)
2019-09-25 04:51:58,610 [38e0221b-1a06-473d-b1e9-41261cc0c838@group-01C70403FFE9:LeaderElection25] INFO  server.RaftServerConfigKeys (ConfUtils.java:logGet(43)) - raft.server.write.element-limit = 4096 (default)
2019-09-25 04:51:58,610 [38e0221b-1a06-473d-b1e9-41261cc0c838@group-01C70403FFE9:LeaderElection25] INFO  server.RaftServerConfigKeys (ConfUtils.java:logGet(43)) - raft.server.watch.timeout = 10s (default)
2019-09-25 04:51:58,610 [38e0221b-1a06-473d-b1e9-41261cc0c838@group-01C70403FFE9:LeaderElection25] INFO  server.RaftServerConfigKeys (ConfUtils.java:logGet(43)) - raft.server.watch.timeout.denomination = 1s (default)
2019-09-25 04:51:58,610 [38e0221b-1a06-473d-b1e9-41261cc0c838@group-01C70403FFE9:LeaderElection25] INFO  server.RaftServerConfigKeys (ConfUtils.java:logGet(43)) - raft.server.watch.element-limit = 65536 (default)
2019-09-25 04:51:58,613 [38e0221b-1a06-473d-b1e9-41261cc0c838@group-01C70403FFE9:LeaderElection25] INFO  impl.RoleInfo (RoleInfo.java:updateAndGet(143)) - 38e0221b-1a06-473d-b1e9-41261cc0c838: start LeaderState
2019-09-25 04:51:58,613 [38e0221b-1a06-473d-b1e9-41261cc0c838@group-01C70403FFE9:LeaderElection25] INFO  segmented.SegmentedRaftLogWorker (SegmentedRaftLogWorker.java:startLogSegment(380)) - 38e0221b-1a06-473d-b1e9-41261cc0c838@group-01C70403FFE9-SegmentedRaftLogWorker: Starting segment from index:0
2019-09-25 04:51:58,614 [38e0221b-1a06-473d-b1e9-41261cc0c838@group-01C70403FFE9:LeaderElection25] INFO  impl.RaftServerImpl (ServerState.java:setRaftConf(354)) - 38e0221b-1a06-473d-b1e9-41261cc0c838@group-01C70403FFE9: set configuration 0: [38e0221b-1a06-473d-b1e9-41261cc0c838:192.168.164.207:35429], old=null at 0
2019-09-25 04:51:58,655 [Thread-316] INFO  impl.FollowerState (FollowerState.java:run(106)) - a47783cb-f32c-4b3c-a96f-229a7b607849:group-49DBFAF0A810 changes to CANDIDATE, lastRpcTime:5225, electionTimeout:5200ms
2019-09-25 04:51:58,655 [Thread-322] INFO  impl.FollowerState (FollowerState.java:run(106)) - 061f0142-df7f-4ee2-9f4c-60a73b1123be:group-33B7800E8333 changes to CANDIDATE, lastRpcTime:5101, electionTimeout:5072ms
2019-09-25 04:51:58,656 [Thread-316] INFO  impl.RoleInfo (RoleInfo.java:shutdownFollowerState(121)) - a47783cb-f32c-4b3c-a96f-229a7b607849: shutdown FollowerState
2019-09-25 04:51:58,656 [Thread-322] INFO  impl.RoleInfo (RoleInfo.java:shutdownFollowerState(121)) - 061f0142-df7f-4ee2-9f4c-60a73b1123be: shutdown FollowerState
2019-09-25 04:51:58,656 [Thread-316] INFO  impl.RaftServerImpl (RaftServerImpl.java:setRole(174)) - a47783cb-f32c-4b3c-a96f-229a7b607849@group-49DBFAF0A810: changes role from  FOLLOWER to CANDIDATE at term 0 for changeToCandidate
2019-09-25 04:51:58,656 [Thread-322] INFO  impl.RaftServerImpl (RaftServerImpl.java:setRole(174)) - 061f0142-df7f-4ee2-9f4c-60a73b1123be@group-33B7800E8333: changes role from  FOLLOWER to CANDIDATE at term 0 for changeToCandidate
2019-09-25 04:51:58,656 [Thread-316] INFO  impl.RoleInfo (RoleInfo.java:updateAndGet(143)) - a47783cb-f32c-4b3c-a96f-229a7b607849: start LeaderElection
2019-09-25 04:51:58,656 [Thread-322] INFO  impl.RoleInfo (RoleInfo.java:updateAndGet(143)) - 061f0142-df7f-4ee2-9f4c-60a73b1123be: start LeaderElection
2019-09-25 04:51:58,668 [38e0221b-1a06-473d-b1e9-41261cc0c838@group-01C70403FFE9-SegmentedRaftLogWorker] INFO  segmented.SegmentedRaftLogWorker (SegmentedRaftLogWorker.java:execute(569)) - 38e0221b-1a06-473d-b1e9-41261cc0c838@group-01C70403FFE9-SegmentedRaftLogWorker: created new log segment /workdir/hadoop-ozone/integration-test/target/test-dir/MiniOzoneClusterImpl-ee606598-1675-4e02-b706-4bffbdc3363b/datanode-6/data/ratis/84a4fd42-e52a-4491-94ef-01c70403ffe9/current/log_inprogress_0
2019-09-25 04:51:58,668 [a47783cb-f32c-4b3c-a96f-229a7b607849@group-49DBFAF0A810:LeaderElection26] INFO  impl.LeaderElection (LeaderElection.java:askForVotes(182)) - a47783cb-f32c-4b3c-a96f-229a7b607849@group-49DBFAF0A810:LeaderElection26: begin an election at term 1 for -1: [a47783cb-f32c-4b3c-a96f-229a7b607849:192.168.164.207:45684], old=null
2019-09-25 04:51:58,668 [061f0142-df7f-4ee2-9f4c-60a73b1123be@group-33B7800E8333:LeaderElection27] INFO  impl.LeaderElection (LeaderElection.java:askForVotes(182)) - 061f0142-df7f-4ee2-9f4c-60a73b1123be@group-33B7800E8333:LeaderElection27: begin an election at term 1 for -1: [061f0142-df7f-4ee2-9f4c-60a73b1123be:192.168.164.207:36055], old=null
2019-09-25 04:51:58,669 [a47783cb-f32c-4b3c-a96f-229a7b607849@group-49DBFAF0A810:LeaderElection26] INFO  impl.RoleInfo (RoleInfo.java:shutdownLeaderElection(134)) - a47783cb-f32c-4b3c-a96f-229a7b607849: shutdown LeaderElection
2019-09-25 04:51:58,669 [061f0142-df7f-4ee2-9f4c-60a73b1123be@group-33B7800E8333:LeaderElection27] INFO  impl.RoleInfo (RoleInfo.java:shutdownLeaderElection(134)) - 061f0142-df7f-4ee2-9f4c-60a73b1123be: shutdown LeaderElection
2019-09-25 04:51:58,669 [a47783cb-f32c-4b3c-a96f-229a7b607849@group-49DBFAF0A810:LeaderElection26] INFO  impl.RaftServerImpl (RaftServerImpl.java:setRole(174)) - a47783cb-f32c-4b3c-a96f-229a7b607849@group-49DBFAF0A810: changes role from CANDIDATE to LEADER at term 1 for changeToLeader
2019-09-25 04:51:58,669 [061f0142-df7f-4ee2-9f4c-60a73b1123be@group-33B7800E8333:LeaderElection27] INFO  impl.RaftServerImpl (RaftServerImpl.java:setRole(174)) - 061f0142-df7f-4ee2-9f4c-60a73b1123be@group-33B7800E8333: changes role from CANDIDATE to LEADER at term 1 for changeToLeader
2019-09-25 04:51:58,669 [a47783cb-f32c-4b3c-a96f-229a7b607849@group-49DBFAF0A810:LeaderElection26] INFO  impl.RaftServerImpl (ServerState.java:setLeader(253)) - a47783cb-f32c-4b3c-a96f-229a7b607849@group-49DBFAF0A810: change Leader from null to a47783cb-f32c-4b3c-a96f-229a7b607849 at term 1 for becomeLeader, leader elected after 5504ms
2019-09-25 04:51:58,669 [061f0142-df7f-4ee2-9f4c-60a73b1123be@group-33B7800E8333:LeaderElection27] INFO  impl.RaftServerImpl (ServerState.java:setLeader(253)) - 061f0142-df7f-4ee2-9f4c-60a73b1123be@group-33B7800E8333: change Leader from null to 061f0142-df7f-4ee2-9f4c-60a73b1123be at term 1 for becomeLeader, leader elected after 5122ms
2019-09-25 04:51:58,670 [a47783cb-f32c-4b3c-a96f-229a7b607849@group-49DBFAF0A810:LeaderElection26] INFO  server.RaftServerConfigKeys (ConfUtils.java:logGet(43)) - raft.server.staging.catchup.gap = 1000 (default)
2019-09-25 04:51:58,670 [061f0142-df7f-4ee2-9f4c-60a73b1123be@group-33B7800E8333:LeaderElection27] INFO  server.RaftServerConfigKeys (ConfUtils.java:logGet(43)) - raft.server.staging.catchup.gap = 1000 (default)
2019-09-25 04:51:58,670 [a47783cb-f32c-4b3c-a96f-229a7b607849@group-49DBFAF0A810:LeaderElection26] INFO  server.RaftServerConfigKeys (ConfUtils.java:logGet(43)) - raft.server.rpc.sleep.time = 25ms (default)
2019-09-25 04:51:58,670 [061f0142-df7f-4ee2-9f4c-60a73b1123be@group-33B7800E8333:LeaderElection27] INFO  server.RaftServerConfigKeys (ConfUtils.java:logGet(43)) - raft.server.rpc.sleep.time = 25ms (default)
2019-09-25 04:51:58,670 [a47783cb-f32c-4b3c-a96f-229a7b607849@group-49DBFAF0A810:LeaderElection26] INFO  server.RaftServerConfigKeys (ConfUtils.java:logGet(43)) - raft.server.write.element-limit = 4096 (default)
2019-09-25 04:51:58,670 [061f0142-df7f-4ee2-9f4c-60a73b1123be@group-33B7800E8333:LeaderElection27] INFO  server.RaftServerConfigKeys (ConfUtils.java:logGet(43)) - raft.server.write.element-limit = 4096 (default)
2019-09-25 04:51:58,670 [a47783cb-f32c-4b3c-a96f-229a7b607849@group-49DBFAF0A810:LeaderElection26] INFO  server.RaftServerConfigKeys (ConfUtils.java:logGet(43)) - raft.server.watch.timeout = 10s (default)
2019-09-25 04:51:58,671 [061f0142-df7f-4ee2-9f4c-60a73b1123be@group-33B7800E8333:LeaderElection27] INFO  server.RaftServerConfigKeys (ConfUtils.java:logGet(43)) - raft.server.watch.timeout = 10s (default)
2019-09-25 04:51:58,671 [a47783cb-f32c-4b3c-a96f-229a7b607849@group-49DBFAF0A810:LeaderElection26] INFO  server.RaftServerConfigKeys (ConfUtils.java:logGet(43)) - raft.server.watch.timeout.denomination = 1s (default)
2019-09-25 04:51:58,671 [061f0142-df7f-4ee2-9f4c-60a73b1123be@group-33B7800E8333:LeaderElection27] INFO  server.RaftServerConfigKeys (ConfUtils.java:logGet(43)) - raft.server.watch.timeout.denomination = 1s (default)
2019-09-25 04:51:58,671 [a47783cb-f32c-4b3c-a96f-229a7b607849@group-49DBFAF0A810:LeaderElection26] INFO  server.RaftServerConfigKeys (ConfUtils.java:logGet(43)) - raft.server.watch.element-limit = 65536 (default)
2019-09-25 04:51:58,671 [061f0142-df7f-4ee2-9f4c-60a73b1123be@group-33B7800E8333:LeaderElection27] INFO  server.RaftServerConfigKeys (ConfUtils.java:logGet(43)) - raft.server.watch.element-limit = 65536 (default)
2019-09-25 04:51:58,674 [Thread-325] INFO  impl.FollowerState (FollowerState.java:run(106)) - 5ef12726-03f2-4870-a114-ed0a439e18ee:group-1BD9BC1AB0D5 changes to CANDIDATE, lastRpcTime:5067, electionTimeout:5067ms
2019-09-25 04:51:58,674 [Thread-325] INFO  impl.RoleInfo (RoleInfo.java:shutdownFollowerState(121)) - 5ef12726-03f2-4870-a114-ed0a439e18ee: shutdown FollowerState
2019-09-25 04:51:58,674 [Thread-325] INFO  impl.RaftServerImpl (RaftServerImpl.java:setRole(174)) - 5ef12726-03f2-4870-a114-ed0a439e18ee@group-1BD9BC1AB0D5: changes role from  FOLLOWER to CANDIDATE at term 0 for changeToCandidate
2019-09-25 04:51:58,674 [Thread-325] INFO  impl.RoleInfo (RoleInfo.java:updateAndGet(143)) - 5ef12726-03f2-4870-a114-ed0a439e18ee: start LeaderElection
2019-09-25 04:51:58,677 [a47783cb-f32c-4b3c-a96f-229a7b607849@group-49DBFAF0A810:LeaderElection26] INFO  impl.RoleInfo (RoleInfo.java:updateAndGet(143)) - a47783cb-f32c-4b3c-a96f-229a7b607849: start LeaderState
2019-09-25 04:51:58,677 [061f0142-df7f-4ee2-9f4c-60a73b1123be@group-33B7800E8333:LeaderElection27] INFO  impl.RoleInfo (RoleInfo.java:updateAndGet(143)) - 061f0142-df7f-4ee2-9f4c-60a73b1123be: start LeaderState
2019-09-25 04:51:58,677 [a47783cb-f32c-4b3c-a96f-229a7b607849@group-49DBFAF0A810:LeaderElection26] INFO  segmented.SegmentedRaftLogWorker (SegmentedRaftLogWorker.java:startLogSegment(380)) - a47783cb-f32c-4b3c-a96f-229a7b607849@group-49DBFAF0A810-SegmentedRaftLogWorker: Starting segment from index:0
2019-09-25 04:51:58,677 [061f0142-df7f-4ee2-9f4c-60a73b1123be@group-33B7800E8333:LeaderElection27] INFO  segmented.SegmentedRaftLogWorker (SegmentedRaftLogWorker.java:startLogSegment(380)) - 061f0142-df7f-4ee2-9f4c-60a73b1123be@group-33B7800E8333-SegmentedRaftLogWorker: Starting segment from index:0
2019-09-25 04:51:58,678 [a47783cb-f32c-4b3c-a96f-229a7b607849@group-49DBFAF0A810:LeaderElection26] INFO  impl.RaftServerImpl (ServerState.java:setRaftConf(354)) - a47783cb-f32c-4b3c-a96f-229a7b607849@group-49DBFAF0A810: set configuration 0: [a47783cb-f32c-4b3c-a96f-229a7b607849:192.168.164.207:45684], old=null at 0
2019-09-25 04:51:58,715 [061f0142-df7f-4ee2-9f4c-60a73b1123be@group-33B7800E8333:LeaderElection27] INFO  impl.RaftServerImpl (ServerState.java:setRaftConf(354)) - 061f0142-df7f-4ee2-9f4c-60a73b1123be@group-33B7800E8333: set configuration 0: [061f0142-df7f-4ee2-9f4c-60a73b1123be:192.168.164.207:36055], old=null at 0
2019-09-25 04:51:58,715 [5ef12726-03f2-4870-a114-ed0a439e18ee@group-1BD9BC1AB0D5:LeaderElection28] INFO  impl.LeaderElection (LeaderElection.java:askForVotes(182)) - 5ef12726-03f2-4870-a114-ed0a439e18ee@group-1BD9BC1AB0D5:LeaderElection28: begin an election at term 1 for -1: [5ef12726-03f2-4870-a114-ed0a439e18ee:192.168.164.207:40177], old=null
2019-09-25 04:51:58,754 [a47783cb-f32c-4b3c-a96f-229a7b607849@group-49DBFAF0A810-SegmentedRaftLogWorker] INFO  segmented.SegmentedRaftLogWorker (SegmentedRaftLogWorker.java:execute(569)) - a47783cb-f32c-4b3c-a96f-229a7b607849@group-49DBFAF0A810-SegmentedRaftLogWorker: created new log segment /workdir/hadoop-ozone/integration-test/target/test-dir/MiniOzoneClusterImpl-ee606598-1675-4e02-b706-4bffbdc3363b/datanode-5/data/ratis/f0c57e80-0fb8-4ef4-9fa7-49dbfaf0a810/current/log_inprogress_0
2019-09-25 04:51:58,754 [5ef12726-03f2-4870-a114-ed0a439e18ee@group-1BD9BC1AB0D5:LeaderElection28] INFO  impl.RoleInfo (RoleInfo.java:shutdownLeaderElection(134)) - 5ef12726-03f2-4870-a114-ed0a439e18ee: shutdown LeaderElection
2019-09-25 04:51:58,755 [5ef12726-03f2-4870-a114-ed0a439e18ee@group-1BD9BC1AB0D5:LeaderElection28] INFO  impl.RaftServerImpl (RaftServerImpl.java:setRole(174)) - 5ef12726-03f2-4870-a114-ed0a439e18ee@group-1BD9BC1AB0D5: changes role from CANDIDATE to LEADER at term 1 for changeToLeader
2019-09-25 04:51:58,755 [5ef12726-03f2-4870-a114-ed0a439e18ee@group-1BD9BC1AB0D5:LeaderElection28] INFO  impl.RaftServerImpl (ServerState.java:setLeader(253)) - 5ef12726-03f2-4870-a114-ed0a439e18ee@group-1BD9BC1AB0D5: change Leader from null to 5ef12726-03f2-4870-a114-ed0a439e18ee at term 1 for becomeLeader, leader elected after 5155ms
2019-09-25 04:51:58,755 [5ef12726-03f2-4870-a114-ed0a439e18ee@group-1BD9BC1AB0D5:LeaderElection28] INFO  server.RaftServerConfigKeys (ConfUtils.java:logGet(43)) - raft.server.staging.catchup.gap = 1000 (default)
2019-09-25 04:51:58,755 [5ef12726-03f2-4870-a114-ed0a439e18ee@group-1BD9BC1AB0D5:LeaderElection28] INFO  server.RaftServerConfigKeys (ConfUtils.java:logGet(43)) - raft.server.rpc.sleep.time = 25ms (default)
2019-09-25 04:51:58,755 [5ef12726-03f2-4870-a114-ed0a439e18ee@group-1BD9BC1AB0D5:LeaderElection28] INFO  server.RaftServerConfigKeys (ConfUtils.java:logGet(43)) - raft.server.write.element-limit = 4096 (default)
2019-09-25 04:51:58,756 [5ef12726-03f2-4870-a114-ed0a439e18ee@group-1BD9BC1AB0D5:LeaderElection28] INFO  server.RaftServerConfigKeys (ConfUtils.java:logGet(43)) - raft.server.watch.timeout = 10s (default)
2019-09-25 04:51:58,756 [5ef12726-03f2-4870-a114-ed0a439e18ee@group-1BD9BC1AB0D5:LeaderElection28] INFO  server.RaftServerConfigKeys (ConfUtils.java:logGet(43)) - raft.server.watch.timeout.denomination = 1s (default)
2019-09-25 04:51:58,756 [5ef12726-03f2-4870-a114-ed0a439e18ee@group-1BD9BC1AB0D5:LeaderElection28] INFO  server.RaftServerConfigKeys (ConfUtils.java:logGet(43)) - raft.server.watch.element-limit = 65536 (default)
2019-09-25 04:51:58,758 [5ef12726-03f2-4870-a114-ed0a439e18ee@group-1BD9BC1AB0D5:LeaderElection28] INFO  impl.RoleInfo (RoleInfo.java:updateAndGet(143)) - 5ef12726-03f2-4870-a114-ed0a439e18ee: start LeaderState
2019-09-25 04:51:58,759 [5ef12726-03f2-4870-a114-ed0a439e18ee@group-1BD9BC1AB0D5:LeaderElection28] INFO  segmented.SegmentedRaftLogWorker (SegmentedRaftLogWorker.java:startLogSegment(380)) - 5ef12726-03f2-4870-a114-ed0a439e18ee@group-1BD9BC1AB0D5-SegmentedRaftLogWorker: Starting segment from index:0
2019-09-25 04:51:58,759 [5ef12726-03f2-4870-a114-ed0a439e18ee@group-1BD9BC1AB0D5:LeaderElection28] INFO  impl.RaftServerImpl (ServerState.java:setRaftConf(354)) - 5ef12726-03f2-4870-a114-ed0a439e18ee@group-1BD9BC1AB0D5: set configuration 0: [5ef12726-03f2-4870-a114-ed0a439e18ee:192.168.164.207:40177], old=null at 0
2019-09-25 04:51:58,792 [061f0142-df7f-4ee2-9f4c-60a73b1123be@group-33B7800E8333-SegmentedRaftLogWorker] INFO  segmented.SegmentedRaftLogWorker (SegmentedRaftLogWorker.java:execute(569)) - 061f0142-df7f-4ee2-9f4c-60a73b1123be@group-33B7800E8333-SegmentedRaftLogWorker: created new log segment /workdir/hadoop-ozone/integration-test/target/test-dir/MiniOzoneClusterImpl-ee606598-1675-4e02-b706-4bffbdc3363b/datanode-4/data/ratis/971bc619-1b54-490c-953d-33b7800e8333/current/log_inprogress_0
2019-09-25 04:51:58,792 [Thread-334] INFO  impl.FollowerState (FollowerState.java:run(106)) - 061f0142-df7f-4ee2-9f4c-60a73b1123be:group-B2B9D65BD56D changes to CANDIDATE, lastRpcTime:5026, electionTimeout:5009ms
2019-09-25 04:51:58,793 [Thread-334] INFO  impl.RoleInfo (RoleInfo.java:shutdownFollowerState(121)) - 061f0142-df7f-4ee2-9f4c-60a73b1123be: shutdown FollowerState
2019-09-25 04:51:58,793 [Thread-334] INFO  impl.RaftServerImpl (RaftServerImpl.java:setRole(174)) - 061f0142-df7f-4ee2-9f4c-60a73b1123be@group-B2B9D65BD56D: changes role from  FOLLOWER to CANDIDATE at term 0 for changeToCandidate
2019-09-25 04:51:58,793 [Thread-334] INFO  impl.RoleInfo (RoleInfo.java:updateAndGet(143)) - 061f0142-df7f-4ee2-9f4c-60a73b1123be: start LeaderElection
2019-09-25 04:51:58,805 [5ef12726-03f2-4870-a114-ed0a439e18ee@group-1BD9BC1AB0D5-SegmentedRaftLogWorker] INFO  segmented.SegmentedRaftLogWorker (SegmentedRaftLogWorker.java:execute(569)) - 5ef12726-03f2-4870-a114-ed0a439e18ee@group-1BD9BC1AB0D5-SegmentedRaftLogWorker: created new log segment /workdir/hadoop-ozone/integration-test/target/test-dir/MiniOzoneClusterImpl-ee606598-1675-4e02-b706-4bffbdc3363b/datanode-2/data/ratis/b0714d8b-ff4d-4b59-bdb7-1bd9bc1ab0d5/current/log_inprogress_0
2019-09-25 04:51:58,805 [061f0142-df7f-4ee2-9f4c-60a73b1123be@group-B2B9D65BD56D:LeaderElection29] INFO  impl.LeaderElection (LeaderElection.java:askForVotes(182)) - 061f0142-df7f-4ee2-9f4c-60a73b1123be@group-B2B9D65BD56D:LeaderElection29: begin an election at term 1 for -1: [061f0142-df7f-4ee2-9f4c-60a73b1123be:192.168.164.207:36055], old=null
2019-09-25 04:51:58,806 [061f0142-df7f-4ee2-9f4c-60a73b1123be@group-B2B9D65BD56D:LeaderElection29] INFO  impl.RoleInfo (RoleInfo.java:shutdownLeaderElection(134)) - 061f0142-df7f-4ee2-9f4c-60a73b1123be: shutdown LeaderElection
2019-09-25 04:51:58,806 [061f0142-df7f-4ee2-9f4c-60a73b1123be@group-B2B9D65BD56D:LeaderElection29] INFO  impl.RaftServerImpl (RaftServerImpl.java:setRole(174)) - 061f0142-df7f-4ee2-9f4c-60a73b1123be@group-B2B9D65BD56D: changes role from CANDIDATE to LEADER at term 1 for changeToLeader
2019-09-25 04:51:58,806 [061f0142-df7f-4ee2-9f4c-60a73b1123be@group-B2B9D65BD56D:LeaderElection29] INFO  impl.RaftServerImpl (ServerState.java:setLeader(253)) - 061f0142-df7f-4ee2-9f4c-60a73b1123be@group-B2B9D65BD56D: change Leader from null to 061f0142-df7f-4ee2-9f4c-60a73b1123be at term 1 for becomeLeader, leader elected after 5053ms
2019-09-25 04:51:58,806 [061f0142-df7f-4ee2-9f4c-60a73b1123be@group-B2B9D65BD56D:LeaderElection29] INFO  server.RaftServerConfigKeys (ConfUtils.java:logGet(43)) - raft.server.staging.catchup.gap = 1000 (default)
2019-09-25 04:51:58,806 [061f0142-df7f-4ee2-9f4c-60a73b1123be@group-B2B9D65BD56D:LeaderElection29] INFO  server.RaftServerConfigKeys (ConfUtils.java:logGet(43)) - raft.server.rpc.sleep.time = 25ms (default)
2019-09-25 04:51:58,806 [061f0142-df7f-4ee2-9f4c-60a73b1123be@group-B2B9D65BD56D:LeaderElection29] INFO  server.RaftServerConfigKeys (ConfUtils.java:logGet(43)) - raft.server.write.element-limit = 4096 (default)
2019-09-25 04:51:58,807 [061f0142-df7f-4ee2-9f4c-60a73b1123be@group-B2B9D65BD56D:LeaderElection29] INFO  server.RaftServerConfigKeys (ConfUtils.java:logGet(43)) - raft.server.watch.timeout = 10s (default)
2019-09-25 04:51:58,807 [061f0142-df7f-4ee2-9f4c-60a73b1123be@group-B2B9D65BD56D:LeaderElection29] INFO  server.RaftServerConfigKeys (ConfUtils.java:logGet(43)) - raft.server.watch.timeout.denomination = 1s (default)
2019-09-25 04:51:58,807 [061f0142-df7f-4ee2-9f4c-60a73b1123be@group-B2B9D65BD56D:LeaderElection29] INFO  server.RaftServerConfigKeys (ConfUtils.java:logGet(43)) - raft.server.watch.element-limit = 65536 (default)
2019-09-25 04:51:58,810 [061f0142-df7f-4ee2-9f4c-60a73b1123be@group-B2B9D65BD56D:LeaderElection29] INFO  impl.RoleInfo (RoleInfo.java:updateAndGet(143)) - 061f0142-df7f-4ee2-9f4c-60a73b1123be: start LeaderState
2019-09-25 04:51:58,810 [061f0142-df7f-4ee2-9f4c-60a73b1123be@group-B2B9D65BD56D:LeaderElection29] INFO  segmented.SegmentedRaftLogWorker (SegmentedRaftLogWorker.java:startLogSegment(380)) - 061f0142-df7f-4ee2-9f4c-60a73b1123be@group-B2B9D65BD56D-SegmentedRaftLogWorker: Starting segment from index:0
2019-09-25 04:51:58,811 [061f0142-df7f-4ee2-9f4c-60a73b1123be@group-B2B9D65BD56D:LeaderElection29] INFO  impl.RaftServerImpl (ServerState.java:setRaftConf(354)) - 061f0142-df7f-4ee2-9f4c-60a73b1123be@group-B2B9D65BD56D: set configuration 0: [061f0142-df7f-4ee2-9f4c-60a73b1123be:192.168.164.207:36055], old=null at 0
2019-09-25 04:51:58,849 [Thread-328] INFO  impl.FollowerState (FollowerState.java:run(106)) - af197493-ce66-4de5-b7e9-f4e1a29b0c2a:group-EFA2A2E6644E changes to CANDIDATE, lastRpcTime:5197, electionTimeout:5193ms
2019-09-25 04:51:58,849 [Thread-328] INFO  impl.RoleInfo (RoleInfo.java:shutdownFollowerState(121)) - af197493-ce66-4de5-b7e9-f4e1a29b0c2a: shutdown FollowerState
2019-09-25 04:51:58,849 [Thread-328] INFO  impl.RaftServerImpl (RaftServerImpl.java:setRole(174)) - af197493-ce66-4de5-b7e9-f4e1a29b0c2a@group-EFA2A2E6644E: changes role from  FOLLOWER to CANDIDATE at term 0 for changeToCandidate
2019-09-25 04:51:58,849 [Thread-328] INFO  impl.RoleInfo (RoleInfo.java:updateAndGet(143)) - af197493-ce66-4de5-b7e9-f4e1a29b0c2a: start LeaderElection
2019-09-25 04:51:58,858 [Thread-337] INFO  impl.FollowerState (FollowerState.java:run(106)) - a47783cb-f32c-4b3c-a96f-229a7b607849:group-8467D10C5B91 changes to CANDIDATE, lastRpcTime:5035, electionTimeout:5035ms
2019-09-25 04:51:58,859 [Thread-337] INFO  impl.RoleInfo (RoleInfo.java:shutdownFollowerState(121)) - a47783cb-f32c-4b3c-a96f-229a7b607849: shutdown FollowerState
2019-09-25 04:51:58,859 [Thread-337] INFO  impl.RaftServerImpl (RaftServerImpl.java:setRole(174)) - a47783cb-f32c-4b3c-a96f-229a7b607849@group-8467D10C5B91: changes role from  FOLLOWER to CANDIDATE at term 0 for changeToCandidate
2019-09-25 04:51:58,859 [Thread-337] INFO  impl.RoleInfo (RoleInfo.java:updateAndGet(143)) - a47783cb-f32c-4b3c-a96f-229a7b607849: start LeaderElection
2019-09-25 04:51:58,861 [061f0142-df7f-4ee2-9f4c-60a73b1123be@group-B2B9D65BD56D-SegmentedRaftLogWorker] INFO  segmented.SegmentedRaftLogWorker (SegmentedRaftLogWorker.java:execute(569)) - 061f0142-df7f-4ee2-9f4c-60a73b1123be@group-B2B9D65BD56D-SegmentedRaftLogWorker: created new log segment /workdir/hadoop-ozone/integration-test/target/test-dir/MiniOzoneClusterImpl-ee606598-1675-4e02-b706-4bffbdc3363b/datanode-4/data/ratis/88ec7427-79af-4bb6-8a67-b2b9d65bd56d/current/log_inprogress_0
2019-09-25 04:51:58,861 [af197493-ce66-4de5-b7e9-f4e1a29b0c2a@group-EFA2A2E6644E:LeaderElection30] INFO  impl.LeaderElection (LeaderElection.java:askForVotes(182)) - af197493-ce66-4de5-b7e9-f4e1a29b0c2a@group-EFA2A2E6644E:LeaderElection30: begin an election at term 1 for -1: [af197493-ce66-4de5-b7e9-f4e1a29b0c2a:192.168.164.207:32804], old=null
2019-09-25 04:51:58,862 [af197493-ce66-4de5-b7e9-f4e1a29b0c2a@group-EFA2A2E6644E:LeaderElection30] INFO  impl.RoleInfo (RoleInfo.java:shutdownLeaderElection(134)) - af197493-ce66-4de5-b7e9-f4e1a29b0c2a: shutdown LeaderElection
2019-09-25 04:51:58,862 [af197493-ce66-4de5-b7e9-f4e1a29b0c2a@group-EFA2A2E6644E:LeaderElection30] INFO  impl.RaftServerImpl (RaftServerImpl.java:setRole(174)) - af197493-ce66-4de5-b7e9-f4e1a29b0c2a@group-EFA2A2E6644E: changes role from CANDIDATE to LEADER at term 1 for changeToLeader
2019-09-25 04:51:58,862 [af197493-ce66-4de5-b7e9-f4e1a29b0c2a@group-EFA2A2E6644E:LeaderElection30] INFO  impl.RaftServerImpl (ServerState.java:setLeader(253)) - af197493-ce66-4de5-b7e9-f4e1a29b0c2a@group-EFA2A2E6644E: change Leader from null to af197493-ce66-4de5-b7e9-f4e1a29b0c2a at term 1 for becomeLeader, leader elected after 5215ms
2019-09-25 04:51:58,862 [af197493-ce66-4de5-b7e9-f4e1a29b0c2a@group-EFA2A2E6644E:LeaderElection30] INFO  server.RaftServerConfigKeys (ConfUtils.java:logGet(43)) - raft.server.staging.catchup.gap = 1000 (default)
2019-09-25 04:51:58,862 [af197493-ce66-4de5-b7e9-f4e1a29b0c2a@group-EFA2A2E6644E:LeaderElection30] INFO  server.RaftServerConfigKeys (ConfUtils.java:logGet(43)) - raft.server.rpc.sleep.time = 25ms (default)
2019-09-25 04:51:58,863 [af197493-ce66-4de5-b7e9-f4e1a29b0c2a@group-EFA2A2E6644E:LeaderElection30] INFO  server.RaftServerConfigKeys (ConfUtils.java:logGet(43)) - raft.server.write.element-limit = 4096 (default)
2019-09-25 04:51:58,863 [af197493-ce66-4de5-b7e9-f4e1a29b0c2a@group-EFA2A2E6644E:LeaderElection30] INFO  server.RaftServerConfigKeys (ConfUtils.java:logGet(43)) - raft.server.watch.timeout = 10s (default)
2019-09-25 04:51:58,863 [af197493-ce66-4de5-b7e9-f4e1a29b0c2a@group-EFA2A2E6644E:LeaderElection30] INFO  server.RaftServerConfigKeys (ConfUtils.java:logGet(43)) - raft.server.watch.timeout.denomination = 1s (default)
2019-09-25 04:51:58,863 [af197493-ce66-4de5-b7e9-f4e1a29b0c2a@group-EFA2A2E6644E:LeaderElection30] INFO  server.RaftServerConfigKeys (ConfUtils.java:logGet(43)) - raft.server.watch.element-limit = 65536 (default)
2019-09-25 04:51:58,866 [af197493-ce66-4de5-b7e9-f4e1a29b0c2a@group-EFA2A2E6644E:LeaderElection30] INFO  impl.RoleInfo (RoleInfo.java:updateAndGet(143)) - af197493-ce66-4de5-b7e9-f4e1a29b0c2a: start LeaderState
2019-09-25 04:51:58,866 [af197493-ce66-4de5-b7e9-f4e1a29b0c2a@group-EFA2A2E6644E:LeaderElection30] INFO  segmented.SegmentedRaftLogWorker (SegmentedRaftLogWorker.java:startLogSegment(380)) - af197493-ce66-4de5-b7e9-f4e1a29b0c2a@group-EFA2A2E6644E-SegmentedRaftLogWorker: Starting segment from index:0
2019-09-25 04:51:58,866 [af197493-ce66-4de5-b7e9-f4e1a29b0c2a@group-EFA2A2E6644E:LeaderElection30] INFO  impl.RaftServerImpl (ServerState.java:setRaftConf(354)) - af197493-ce66-4de5-b7e9-f4e1a29b0c2a@group-EFA2A2E6644E: set configuration 0: [af197493-ce66-4de5-b7e9-f4e1a29b0c2a:192.168.164.207:32804], old=null at 0
2019-09-25 04:51:58,876 [a47783cb-f32c-4b3c-a96f-229a7b607849@group-8467D10C5B91:LeaderElection31] INFO  impl.LeaderElection (LeaderElection.java:askForVotes(182)) - a47783cb-f32c-4b3c-a96f-229a7b607849@group-8467D10C5B91:LeaderElection31: begin an election at term 1 for -1: [a47783cb-f32c-4b3c-a96f-229a7b607849:192.168.164.207:45684], old=null
2019-09-25 04:51:58,877 [a47783cb-f32c-4b3c-a96f-229a7b607849@group-8467D10C5B91:LeaderElection31] INFO  impl.RoleInfo (RoleInfo.java:shutdownLeaderElection(134)) - a47783cb-f32c-4b3c-a96f-229a7b607849: shutdown LeaderElection
2019-09-25 04:51:58,877 [a47783cb-f32c-4b3c-a96f-229a7b607849@group-8467D10C5B91:LeaderElection31] INFO  impl.RaftServerImpl (RaftServerImpl.java:setRole(174)) - a47783cb-f32c-4b3c-a96f-229a7b607849@group-8467D10C5B91: changes role from CANDIDATE to LEADER at term 1 for changeToLeader
2019-09-25 04:51:58,877 [a47783cb-f32c-4b3c-a96f-229a7b607849@group-8467D10C5B91:LeaderElection31] INFO  impl.RaftServerImpl (ServerState.java:setLeader(253)) - a47783cb-f32c-4b3c-a96f-229a7b607849@group-8467D10C5B91: change Leader from null to a47783cb-f32c-4b3c-a96f-229a7b607849 at term 1 for becomeLeader, leader elected after 5062ms
2019-09-25 04:51:58,877 [a47783cb-f32c-4b3c-a96f-229a7b607849@group-8467D10C5B91:LeaderElection31] INFO  server.RaftServerConfigKeys (ConfUtils.java:logGet(43)) - raft.server.staging.catchup.gap = 1000 (default)
2019-09-25 04:51:58,877 [a47783cb-f32c-4b3c-a96f-229a7b607849@group-8467D10C5B91:LeaderElection31] INFO  server.RaftServerConfigKeys (ConfUtils.java:logGet(43)) - raft.server.rpc.sleep.time = 25ms (default)
2019-09-25 04:51:58,878 [a47783cb-f32c-4b3c-a96f-229a7b607849@group-8467D10C5B91:LeaderElection31] INFO  server.RaftServerConfigKeys (ConfUtils.java:logGet(43)) - raft.server.write.element-limit = 4096 (default)
2019-09-25 04:51:58,878 [a47783cb-f32c-4b3c-a96f-229a7b607849@group-8467D10C5B91:LeaderElection31] INFO  server.RaftServerConfigKeys (ConfUtils.java:logGet(43)) - raft.server.watch.timeout = 10s (default)
2019-09-25 04:51:58,878 [a47783cb-f32c-4b3c-a96f-229a7b607849@group-8467D10C5B91:LeaderElection31] INFO  server.RaftServerConfigKeys (ConfUtils.java:logGet(43)) - raft.server.watch.timeout.denomination = 1s (default)
2019-09-25 04:51:58,878 [a47783cb-f32c-4b3c-a96f-229a7b607849@group-8467D10C5B91:LeaderElection31] INFO  server.RaftServerConfigKeys (ConfUtils.java:logGet(43)) - raft.server.watch.element-limit = 65536 (default)
2019-09-25 04:51:58,881 [a47783cb-f32c-4b3c-a96f-229a7b607849@group-8467D10C5B91:LeaderElection31] INFO  impl.RoleInfo (RoleInfo.java:updateAndGet(143)) - a47783cb-f32c-4b3c-a96f-229a7b607849: start LeaderState
2019-09-25 04:51:58,882 [a47783cb-f32c-4b3c-a96f-229a7b607849@group-8467D10C5B91:LeaderElection31] INFO  segmented.SegmentedRaftLogWorker (SegmentedRaftLogWorker.java:startLogSegment(380)) - a47783cb-f32c-4b3c-a96f-229a7b607849@group-8467D10C5B91-SegmentedRaftLogWorker: Starting segment from index:0
2019-09-25 04:51:58,882 [a47783cb-f32c-4b3c-a96f-229a7b607849@group-8467D10C5B91:LeaderElection31] INFO  impl.RaftServerImpl (ServerState.java:setRaftConf(354)) - a47783cb-f32c-4b3c-a96f-229a7b607849@group-8467D10C5B91: set configuration 0: [a47783cb-f32c-4b3c-a96f-229a7b607849:192.168.164.207:45684], old=null at 0
2019-09-25 04:51:58,924 [Thread-331] INFO  impl.FollowerState (FollowerState.java:run(106)) - 38e0221b-1a06-473d-b1e9-41261cc0c838:group-72021D0354CD changes to CANDIDATE, lastRpcTime:5218, electionTimeout:5200ms
2019-09-25 04:51:58,924 [Thread-331] INFO  impl.RoleInfo (RoleInfo.java:shutdownFollowerState(121)) - 38e0221b-1a06-473d-b1e9-41261cc0c838: shutdown FollowerState
2019-09-25 04:51:58,924 [Thread-331] INFO  impl.RaftServerImpl (RaftServerImpl.java:setRole(174)) - 38e0221b-1a06-473d-b1e9-41261cc0c838@group-72021D0354CD: changes role from  FOLLOWER to CANDIDATE at term 0 for changeToCandidate
2019-09-25 04:51:58,925 [Thread-331] INFO  impl.RoleInfo (RoleInfo.java:updateAndGet(143)) - 38e0221b-1a06-473d-b1e9-41261cc0c838: start LeaderElection
2019-09-25 04:51:58,948 [a47783cb-f32c-4b3c-a96f-229a7b607849@group-8467D10C5B91-SegmentedRaftLogWorker] INFO  segmented.SegmentedRaftLogWorker (SegmentedRaftLogWorker.java:execute(569)) - a47783cb-f32c-4b3c-a96f-229a7b607849@group-8467D10C5B91-SegmentedRaftLogWorker: created new log segment /workdir/hadoop-ozone/integration-test/target/test-dir/MiniOzoneClusterImpl-ee606598-1675-4e02-b706-4bffbdc3363b/datanode-5/data/ratis/642a9c76-724a-4961-be06-8467d10c5b91/current/log_inprogress_0
2019-09-25 04:51:58,948 [af197493-ce66-4de5-b7e9-f4e1a29b0c2a@group-EFA2A2E6644E-SegmentedRaftLogWorker] INFO  segmented.SegmentedRaftLogWorker (SegmentedRaftLogWorker.java:execute(569)) - af197493-ce66-4de5-b7e9-f4e1a29b0c2a@group-EFA2A2E6644E-SegmentedRaftLogWorker: created new log segment /workdir/hadoop-ozone/integration-test/target/test-dir/MiniOzoneClusterImpl-ee606598-1675-4e02-b706-4bffbdc3363b/datanode-1/data/ratis/e4da608b-68d4-4dd8-914a-efa2a2e6644e/current/log_inprogress_0
2019-09-25 04:51:58,949 [38e0221b-1a06-473d-b1e9-41261cc0c838@group-72021D0354CD:LeaderElection32] INFO  impl.LeaderElection (LeaderElection.java:askForVotes(182)) - 38e0221b-1a06-473d-b1e9-41261cc0c838@group-72021D0354CD:LeaderElection32: begin an election at term 1 for -1: [38e0221b-1a06-473d-b1e9-41261cc0c838:192.168.164.207:35429], old=null
2019-09-25 04:51:58,949 [38e0221b-1a06-473d-b1e9-41261cc0c838@group-72021D0354CD:LeaderElection32] INFO  impl.RoleInfo (RoleInfo.java:shutdownLeaderElection(134)) - 38e0221b-1a06-473d-b1e9-41261cc0c838: shutdown LeaderElection
2019-09-25 04:51:58,949 [38e0221b-1a06-473d-b1e9-41261cc0c838@group-72021D0354CD:LeaderElection32] INFO  impl.RaftServerImpl (RaftServerImpl.java:setRole(174)) - 38e0221b-1a06-473d-b1e9-41261cc0c838@group-72021D0354CD: changes role from CANDIDATE to LEADER at term 1 for changeToLeader
2019-09-25 04:51:58,949 [38e0221b-1a06-473d-b1e9-41261cc0c838@group-72021D0354CD:LeaderElection32] INFO  impl.RaftServerImpl (ServerState.java:setLeader(253)) - 38e0221b-1a06-473d-b1e9-41261cc0c838@group-72021D0354CD: change Leader from null to 38e0221b-1a06-473d-b1e9-41261cc0c838 at term 1 for becomeLeader, leader elected after 5252ms
2019-09-25 04:51:58,950 [38e0221b-1a06-473d-b1e9-41261cc0c838@group-72021D0354CD:LeaderElection32] INFO  server.RaftServerConfigKeys (ConfUtils.java:logGet(43)) - raft.server.staging.catchup.gap = 1000 (default)
2019-09-25 04:51:58,950 [38e0221b-1a06-473d-b1e9-41261cc0c838@group-72021D0354CD:LeaderElection32] INFO  server.RaftServerConfigKeys (ConfUtils.java:logGet(43)) - raft.server.rpc.sleep.time = 25ms (default)
2019-09-25 04:51:58,950 [38e0221b-1a06-473d-b1e9-41261cc0c838@group-72021D0354CD:LeaderElection32] INFO  server.RaftServerConfigKeys (ConfUtils.java:logGet(43)) - raft.server.write.element-limit = 4096 (default)
2019-09-25 04:51:58,950 [38e0221b-1a06-473d-b1e9-41261cc0c838@group-72021D0354CD:LeaderElection32] INFO  server.RaftServerConfigKeys (ConfUtils.java:logGet(43)) - raft.server.watch.timeout = 10s (default)
2019-09-25 04:51:58,951 [38e0221b-1a06-473d-b1e9-41261cc0c838@group-72021D0354CD:LeaderElection32] INFO  server.RaftServerConfigKeys (ConfUtils.java:logGet(43)) - raft.server.watch.timeout.denomination = 1s (default)
2019-09-25 04:51:58,951 [38e0221b-1a06-473d-b1e9-41261cc0c838@group-72021D0354CD:LeaderElection32] INFO  server.RaftServerConfigKeys (ConfUtils.java:logGet(43)) - raft.server.watch.element-limit = 65536 (default)
2019-09-25 04:51:58,954 [38e0221b-1a06-473d-b1e9-41261cc0c838@group-72021D0354CD:LeaderElection32] INFO  impl.RoleInfo (RoleInfo.java:updateAndGet(143)) - 38e0221b-1a06-473d-b1e9-41261cc0c838: start LeaderState
2019-09-25 04:51:58,954 [38e0221b-1a06-473d-b1e9-41261cc0c838@group-72021D0354CD:LeaderElection32] INFO  segmented.SegmentedRaftLogWorker (SegmentedRaftLogWorker.java:startLogSegment(380)) - 38e0221b-1a06-473d-b1e9-41261cc0c838@group-72021D0354CD-SegmentedRaftLogWorker: Starting segment from index:0
2019-09-25 04:51:58,955 [38e0221b-1a06-473d-b1e9-41261cc0c838@group-72021D0354CD:LeaderElection32] INFO  impl.RaftServerImpl (ServerState.java:setRaftConf(354)) - 38e0221b-1a06-473d-b1e9-41261cc0c838@group-72021D0354CD: set configuration 0: [38e0221b-1a06-473d-b1e9-41261cc0c838:192.168.164.207:35429], old=null at 0
2019-09-25 04:51:58,984 [Thread-343] INFO  impl.FollowerState (FollowerState.java:run(106)) - 061f0142-df7f-4ee2-9f4c-60a73b1123be:group-99248EDAF246 changes to CANDIDATE, lastRpcTime:5013, electionTimeout:5007ms
2019-09-25 04:51:58,985 [Thread-343] INFO  impl.RoleInfo (RoleInfo.java:shutdownFollowerState(121)) - 061f0142-df7f-4ee2-9f4c-60a73b1123be: shutdown FollowerState
2019-09-25 04:51:58,985 [Thread-343] INFO  impl.RaftServerImpl (RaftServerImpl.java:setRole(174)) - 061f0142-df7f-4ee2-9f4c-60a73b1123be@group-99248EDAF246: changes role from  FOLLOWER to CANDIDATE at term 0 for changeToCandidate
2019-09-25 04:51:58,985 [Thread-343] INFO  impl.RoleInfo (RoleInfo.java:updateAndGet(143)) - 061f0142-df7f-4ee2-9f4c-60a73b1123be: start LeaderElection
2019-09-25 04:51:59,009 [38e0221b-1a06-473d-b1e9-41261cc0c838@group-72021D0354CD-SegmentedRaftLogWorker] INFO  segmented.SegmentedRaftLogWorker (SegmentedRaftLogWorker.java:execute(569)) - 38e0221b-1a06-473d-b1e9-41261cc0c838@group-72021D0354CD-SegmentedRaftLogWorker: created new log segment /workdir/hadoop-ozone/integration-test/target/test-dir/MiniOzoneClusterImpl-ee606598-1675-4e02-b706-4bffbdc3363b/datanode-6/data/ratis/26f4279f-3a56-493c-b796-72021d0354cd/current/log_inprogress_0
2019-09-25 04:51:59,009 [061f0142-df7f-4ee2-9f4c-60a73b1123be@group-99248EDAF246:LeaderElection33] INFO  impl.LeaderElection (LeaderElection.java:askForVotes(182)) - 061f0142-df7f-4ee2-9f4c-60a73b1123be@group-99248EDAF246:LeaderElection33: begin an election at term 1 for -1: [061f0142-df7f-4ee2-9f4c-60a73b1123be:192.168.164.207:36055], old=null
2019-09-25 04:51:59,010 [061f0142-df7f-4ee2-9f4c-60a73b1123be@group-99248EDAF246:LeaderElection33] INFO  impl.RoleInfo (RoleInfo.java:shutdownLeaderElection(134)) - 061f0142-df7f-4ee2-9f4c-60a73b1123be: shutdown LeaderElection
2019-09-25 04:51:59,010 [061f0142-df7f-4ee2-9f4c-60a73b1123be@group-99248EDAF246:LeaderElection33] INFO  impl.RaftServerImpl (RaftServerImpl.java:setRole(174)) - 061f0142-df7f-4ee2-9f4c-60a73b1123be@group-99248EDAF246: changes role from CANDIDATE to LEADER at term 1 for changeToLeader
2019-09-25 04:51:59,010 [061f0142-df7f-4ee2-9f4c-60a73b1123be@group-99248EDAF246:LeaderElection33] INFO  impl.RaftServerImpl (ServerState.java:setLeader(253)) - 061f0142-df7f-4ee2-9f4c-60a73b1123be@group-99248EDAF246: change Leader from null to 061f0142-df7f-4ee2-9f4c-60a73b1123be at term 1 for becomeLeader, leader elected after 5047ms
2019-09-25 04:51:59,010 [061f0142-df7f-4ee2-9f4c-60a73b1123be@group-99248EDAF246:LeaderElection33] INFO  server.RaftServerConfigKeys (ConfUtils.java:logGet(43)) - raft.server.staging.catchup.gap = 1000 (default)
2019-09-25 04:51:59,010 [061f0142-df7f-4ee2-9f4c-60a73b1123be@group-99248EDAF246:LeaderElection33] INFO  server.RaftServerConfigKeys (ConfUtils.java:logGet(43)) - raft.server.rpc.sleep.time = 25ms (default)
2019-09-25 04:51:59,011 [061f0142-df7f-4ee2-9f4c-60a73b1123be@group-99248EDAF246:LeaderElection33] INFO  server.RaftServerConfigKeys (ConfUtils.java:logGet(43)) - raft.server.write.element-limit = 4096 (default)
2019-09-25 04:51:59,011 [061f0142-df7f-4ee2-9f4c-60a73b1123be@group-99248EDAF246:LeaderElection33] INFO  server.RaftServerConfigKeys (ConfUtils.java:logGet(43)) - raft.server.watch.timeout = 10s (default)
2019-09-25 04:51:59,011 [061f0142-df7f-4ee2-9f4c-60a73b1123be@group-99248EDAF246:LeaderElection33] INFO  server.RaftServerConfigKeys (ConfUtils.java:logGet(43)) - raft.server.watch.timeout.denomination = 1s (default)
2019-09-25 04:51:59,011 [061f0142-df7f-4ee2-9f4c-60a73b1123be@group-99248EDAF246:LeaderElection33] INFO  server.RaftServerConfigKeys (ConfUtils.java:logGet(43)) - raft.server.watch.element-limit = 65536 (default)
2019-09-25 04:51:59,014 [061f0142-df7f-4ee2-9f4c-60a73b1123be@group-99248EDAF246:LeaderElection33] INFO  impl.RoleInfo (RoleInfo.java:updateAndGet(143)) - 061f0142-df7f-4ee2-9f4c-60a73b1123be: start LeaderState
2019-09-25 04:51:59,014 [061f0142-df7f-4ee2-9f4c-60a73b1123be@group-99248EDAF246:LeaderElection33] INFO  segmented.SegmentedRaftLogWorker (SegmentedRaftLogWorker.java:startLogSegment(380)) - 061f0142-df7f-4ee2-9f4c-60a73b1123be@group-99248EDAF246-SegmentedRaftLogWorker: Starting segment from index:0
2019-09-25 04:51:59,015 [061f0142-df7f-4ee2-9f4c-60a73b1123be@group-99248EDAF246:LeaderElection33] INFO  impl.RaftServerImpl (ServerState.java:setRaftConf(354)) - 061f0142-df7f-4ee2-9f4c-60a73b1123be@group-99248EDAF246: set configuration 0: [061f0142-df7f-4ee2-9f4c-60a73b1123be:192.168.164.207:36055], old=null at 0
2019-09-25 04:51:59,056 [Thread-340] INFO  impl.FollowerState (FollowerState.java:run(106)) - 38e0221b-1a06-473d-b1e9-41261cc0c838:group-DA122D31D36F changes to CANDIDATE, lastRpcTime:5146, electionTimeout:5110ms
2019-09-25 04:51:59,056 [Thread-340] INFO  impl.RoleInfo (RoleInfo.java:shutdownFollowerState(121)) - 38e0221b-1a06-473d-b1e9-41261cc0c838: shutdown FollowerState
2019-09-25 04:51:59,056 [Thread-340] INFO  impl.RaftServerImpl (RaftServerImpl.java:setRole(174)) - 38e0221b-1a06-473d-b1e9-41261cc0c838@group-DA122D31D36F: changes role from  FOLLOWER to CANDIDATE at term 0 for changeToCandidate
2019-09-25 04:51:59,056 [Thread-340] INFO  impl.RoleInfo (RoleInfo.java:updateAndGet(143)) - 38e0221b-1a06-473d-b1e9-41261cc0c838: start LeaderElection
2019-09-25 04:51:59,080 [061f0142-df7f-4ee2-9f4c-60a73b1123be@group-99248EDAF246-SegmentedRaftLogWorker] INFO  segmented.SegmentedRaftLogWorker (SegmentedRaftLogWorker.java:execute(569)) - 061f0142-df7f-4ee2-9f4c-60a73b1123be@group-99248EDAF246-SegmentedRaftLogWorker: created new log segment /workdir/hadoop-ozone/integration-test/target/test-dir/MiniOzoneClusterImpl-ee606598-1675-4e02-b706-4bffbdc3363b/datanode-4/data/ratis/a87d7252-6e12-403d-b119-99248edaf246/current/log_inprogress_0
2019-09-25 04:51:59,080 [38e0221b-1a06-473d-b1e9-41261cc0c838@group-DA122D31D36F:LeaderElection34] INFO  impl.LeaderElection (LeaderElection.java:askForVotes(182)) - 38e0221b-1a06-473d-b1e9-41261cc0c838@group-DA122D31D36F:LeaderElection34: begin an election at term 1 for -1: [38e0221b-1a06-473d-b1e9-41261cc0c838:192.168.164.207:35429], old=null
2019-09-25 04:51:59,081 [38e0221b-1a06-473d-b1e9-41261cc0c838@group-DA122D31D36F:LeaderElection34] INFO  impl.RoleInfo (RoleInfo.java:shutdownLeaderElection(134)) - 38e0221b-1a06-473d-b1e9-41261cc0c838: shutdown LeaderElection
2019-09-25 04:51:59,081 [38e0221b-1a06-473d-b1e9-41261cc0c838@group-DA122D31D36F:LeaderElection34] INFO  impl.RaftServerImpl (RaftServerImpl.java:setRole(174)) - 38e0221b-1a06-473d-b1e9-41261cc0c838@group-DA122D31D36F: changes role from CANDIDATE to LEADER at term 1 for changeToLeader
2019-09-25 04:51:59,081 [38e0221b-1a06-473d-b1e9-41261cc0c838@group-DA122D31D36F:LeaderElection34] INFO  impl.RaftServerImpl (ServerState.java:setLeader(253)) - 38e0221b-1a06-473d-b1e9-41261cc0c838@group-DA122D31D36F: change Leader from null to 38e0221b-1a06-473d-b1e9-41261cc0c838 at term 1 for becomeLeader, leader elected after 5180ms
2019-09-25 04:51:59,081 [38e0221b-1a06-473d-b1e9-41261cc0c838@group-DA122D31D36F:LeaderElection34] INFO  server.RaftServerConfigKeys (ConfUtils.java:logGet(43)) - raft.server.staging.catchup.gap = 1000 (default)
2019-09-25 04:51:59,081 [38e0221b-1a06-473d-b1e9-41261cc0c838@group-DA122D31D36F:LeaderElection34] INFO  server.RaftServerConfigKeys (ConfUtils.java:logGet(43)) - raft.server.rpc.sleep.time = 25ms (default)
2019-09-25 04:51:59,082 [38e0221b-1a06-473d-b1e9-41261cc0c838@group-DA122D31D36F:LeaderElection34] INFO  server.RaftServerConfigKeys (ConfUtils.java:logGet(43)) - raft.server.write.element-limit = 4096 (default)
2019-09-25 04:51:59,082 [38e0221b-1a06-473d-b1e9-41261cc0c838@group-DA122D31D36F:LeaderElection34] INFO  server.RaftServerConfigKeys (ConfUtils.java:logGet(43)) - raft.server.watch.timeout = 10s (default)
2019-09-25 04:51:59,082 [38e0221b-1a06-473d-b1e9-41261cc0c838@group-DA122D31D36F:LeaderElection34] INFO  server.RaftServerConfigKeys (ConfUtils.java:logGet(43)) - raft.server.watch.timeout.denomination = 1s (default)
2019-09-25 04:51:59,082 [38e0221b-1a06-473d-b1e9-41261cc0c838@group-DA122D31D36F:LeaderElection34] INFO  server.RaftServerConfigKeys (ConfUtils.java:logGet(43)) - raft.server.watch.element-limit = 65536 (default)
2019-09-25 04:51:59,085 [38e0221b-1a06-473d-b1e9-41261cc0c838@group-DA122D31D36F:LeaderElection34] INFO  impl.RoleInfo (RoleInfo.java:updateAndGet(143)) - 38e0221b-1a06-473d-b1e9-41261cc0c838: start LeaderState
2019-09-25 04:51:59,085 [38e0221b-1a06-473d-b1e9-41261cc0c838@group-DA122D31D36F:LeaderElection34] INFO  segmented.SegmentedRaftLogWorker (SegmentedRaftLogWorker.java:startLogSegment(380)) - 38e0221b-1a06-473d-b1e9-41261cc0c838@group-DA122D31D36F-SegmentedRaftLogWorker: Starting segment from index:0
2019-09-25 04:51:59,086 [38e0221b-1a06-473d-b1e9-41261cc0c838@group-DA122D31D36F:LeaderElection34] INFO  impl.RaftServerImpl (ServerState.java:setRaftConf(354)) - 38e0221b-1a06-473d-b1e9-41261cc0c838@group-DA122D31D36F: set configuration 0: [38e0221b-1a06-473d-b1e9-41261cc0c838:192.168.164.207:35429], old=null at 0
2019-09-25 04:51:59,126 [Thread-346] INFO  impl.FollowerState (FollowerState.java:run(106)) - a47783cb-f32c-4b3c-a96f-229a7b607849:group-7A09216C3206 changes to CANDIDATE, lastRpcTime:5092, electionTimeout:5087ms
2019-09-25 04:51:59,126 [Thread-346] INFO  impl.RoleInfo (RoleInfo.java:shutdownFollowerState(121)) - a47783cb-f32c-4b3c-a96f-229a7b607849: shutdown FollowerState
2019-09-25 04:51:59,127 [Thread-346] INFO  impl.RaftServerImpl (RaftServerImpl.java:setRole(174)) - a47783cb-f32c-4b3c-a96f-229a7b607849@group-7A09216C3206: changes role from  FOLLOWER to CANDIDATE at term 0 for changeToCandidate
2019-09-25 04:51:59,127 [Thread-346] INFO  impl.RoleInfo (RoleInfo.java:updateAndGet(143)) - a47783cb-f32c-4b3c-a96f-229a7b607849: start LeaderElection
2019-09-25 04:51:59,141 [38e0221b-1a06-473d-b1e9-41261cc0c838@group-DA122D31D36F-SegmentedRaftLogWorker] INFO  segmented.SegmentedRaftLogWorker (SegmentedRaftLogWorker.java:execute(569)) - 38e0221b-1a06-473d-b1e9-41261cc0c838@group-DA122D31D36F-SegmentedRaftLogWorker: created new log segment /workdir/hadoop-ozone/integration-test/target/test-dir/MiniOzoneClusterImpl-ee606598-1675-4e02-b706-4bffbdc3363b/datanode-6/data/ratis/f330cc6f-bfa3-4306-a4e0-da122d31d36f/current/log_inprogress_0
2019-09-25 04:51:59,141 [a47783cb-f32c-4b3c-a96f-229a7b607849@group-7A09216C3206:LeaderElection35] INFO  impl.LeaderElection (LeaderElection.java:askForVotes(182)) - a47783cb-f32c-4b3c-a96f-229a7b607849@group-7A09216C3206:LeaderElection35: begin an election at term 1 for -1: [a47783cb-f32c-4b3c-a96f-229a7b607849:192.168.164.207:45684], old=null
2019-09-25 04:51:59,142 [a47783cb-f32c-4b3c-a96f-229a7b607849@group-7A09216C3206:LeaderElection35] INFO  impl.RoleInfo (RoleInfo.java:shutdownLeaderElection(134)) - a47783cb-f32c-4b3c-a96f-229a7b607849: shutdown LeaderElection
2019-09-25 04:51:59,142 [a47783cb-f32c-4b3c-a96f-229a7b607849@group-7A09216C3206:LeaderElection35] INFO  impl.RaftServerImpl (RaftServerImpl.java:setRole(174)) - a47783cb-f32c-4b3c-a96f-229a7b607849@group-7A09216C3206: changes role from CANDIDATE to LEADER at term 1 for changeToLeader
2019-09-25 04:51:59,142 [a47783cb-f32c-4b3c-a96f-229a7b607849@group-7A09216C3206:LeaderElection35] INFO  impl.RaftServerImpl (ServerState.java:setLeader(253)) - a47783cb-f32c-4b3c-a96f-229a7b607849@group-7A09216C3206: change Leader from null to a47783cb-f32c-4b3c-a96f-229a7b607849 at term 1 for becomeLeader, leader elected after 5115ms
2019-09-25 04:51:59,142 [a47783cb-f32c-4b3c-a96f-229a7b607849@group-7A09216C3206:LeaderElection35] INFO  server.RaftServerConfigKeys (ConfUtils.java:logGet(43)) - raft.server.staging.catchup.gap = 1000 (default)
2019-09-25 04:51:59,142 [a47783cb-f32c-4b3c-a96f-229a7b607849@group-7A09216C3206:LeaderElection35] INFO  server.RaftServerConfigKeys (ConfUtils.java:logGet(43)) - raft.server.rpc.sleep.time = 25ms (default)
2019-09-25 04:51:59,142 [a47783cb-f32c-4b3c-a96f-229a7b607849@group-7A09216C3206:LeaderElection35] INFO  server.RaftServerConfigKeys (ConfUtils.java:logGet(43)) - raft.server.write.element-limit = 4096 (default)
2019-09-25 04:51:59,142 [a47783cb-f32c-4b3c-a96f-229a7b607849@group-7A09216C3206:LeaderElection35] INFO  server.RaftServerConfigKeys (ConfUtils.java:logGet(43)) - raft.server.watch.timeout = 10s (default)
2019-09-25 04:51:59,142 [a47783cb-f32c-4b3c-a96f-229a7b607849@group-7A09216C3206:LeaderElection35] INFO  server.RaftServerConfigKeys (ConfUtils.java:logGet(43)) - raft.server.watch.timeout.denomination = 1s (default)
2019-09-25 04:51:59,143 [a47783cb-f32c-4b3c-a96f-229a7b607849@group-7A09216C3206:LeaderElection35] INFO  server.RaftServerConfigKeys (ConfUtils.java:logGet(43)) - raft.server.watch.element-limit = 65536 (default)
2019-09-25 04:51:59,145 [a47783cb-f32c-4b3c-a96f-229a7b607849@group-7A09216C3206:LeaderElection35] INFO  impl.RoleInfo (RoleInfo.java:updateAndGet(143)) - a47783cb-f32c-4b3c-a96f-229a7b607849: start LeaderState
2019-09-25 04:51:59,145 [a47783cb-f32c-4b3c-a96f-229a7b607849@group-7A09216C3206:LeaderElection35] INFO  segmented.SegmentedRaftLogWorker (SegmentedRaftLogWorker.java:startLogSegment(380)) - a47783cb-f32c-4b3c-a96f-229a7b607849@group-7A09216C3206-SegmentedRaftLogWorker: Starting segment from index:0
2019-09-25 04:51:59,145 [a47783cb-f32c-4b3c-a96f-229a7b607849@group-7A09216C3206:LeaderElection35] INFO  impl.RaftServerImpl (ServerState.java:setRaftConf(354)) - a47783cb-f32c-4b3c-a96f-229a7b607849@group-7A09216C3206: set configuration 0: [a47783cb-f32c-4b3c-a96f-229a7b607849:192.168.164.207:45684], old=null at 0
2019-09-25 04:51:59,198 [a47783cb-f32c-4b3c-a96f-229a7b607849@group-7A09216C3206-SegmentedRaftLogWorker] INFO  segmented.SegmentedRaftLogWorker (SegmentedRaftLogWorker.java:execute(569)) - a47783cb-f32c-4b3c-a96f-229a7b607849@group-7A09216C3206-SegmentedRaftLogWorker: created new log segment /workdir/hadoop-ozone/integration-test/target/test-dir/MiniOzoneClusterImpl-ee606598-1675-4e02-b706-4bffbdc3363b/datanode-5/data/ratis/594f7fa8-372e-481f-b1bd-7a09216c3206/current/log_inprogress_0
2019-09-25 04:51:59,271 [Thread-349] INFO  impl.FollowerState (FollowerState.java:run(106)) - a47783cb-f32c-4b3c-a96f-229a7b607849:group-48F40D58FA4A changes to CANDIDATE, lastRpcTime:5180, electionTimeout:5180ms
2019-09-25 04:51:59,271 [Thread-349] INFO  impl.RoleInfo (RoleInfo.java:shutdownFollowerState(121)) - a47783cb-f32c-4b3c-a96f-229a7b607849: shutdown FollowerState
2019-09-25 04:51:59,271 [Thread-349] INFO  impl.RaftServerImpl (RaftServerImpl.java:setRole(174)) - a47783cb-f32c-4b3c-a96f-229a7b607849@group-48F40D58FA4A: changes role from  FOLLOWER to CANDIDATE at term 0 for changeToCandidate
2019-09-25 04:51:59,271 [Thread-349] INFO  impl.RoleInfo (RoleInfo.java:updateAndGet(143)) - a47783cb-f32c-4b3c-a96f-229a7b607849: start LeaderElection
2019-09-25 04:51:59,275 [Thread-352] INFO  impl.FollowerState (FollowerState.java:run(106)) - af197493-ce66-4de5-b7e9-f4e1a29b0c2a:group-EEF67CF31C04 changes to CANDIDATE, lastRpcTime:5110, electionTimeout:5110ms
2019-09-25 04:51:59,276 [Thread-352] INFO  impl.RoleInfo (RoleInfo.java:shutdownFollowerState(121)) - af197493-ce66-4de5-b7e9-f4e1a29b0c2a: shutdown FollowerState
2019-09-25 04:51:59,276 [Thread-352] INFO  impl.RaftServerImpl (RaftServerImpl.java:setRole(174)) - af197493-ce66-4de5-b7e9-f4e1a29b0c2a@group-EEF67CF31C04: changes role from  FOLLOWER to CANDIDATE at term 0 for changeToCandidate
2019-09-25 04:51:59,276 [Thread-352] INFO  impl.RoleInfo (RoleInfo.java:updateAndGet(143)) - af197493-ce66-4de5-b7e9-f4e1a29b0c2a: start LeaderElection
2019-09-25 04:51:59,290 [a47783cb-f32c-4b3c-a96f-229a7b607849@group-48F40D58FA4A:LeaderElection36] INFO  impl.LeaderElection (LeaderElection.java:askForVotes(182)) - a47783cb-f32c-4b3c-a96f-229a7b607849@group-48F40D58FA4A:LeaderElection36: begin an election at term 1 for -1: [a47783cb-f32c-4b3c-a96f-229a7b607849:192.168.164.207:45684], old=null
2019-09-25 04:51:59,290 [af197493-ce66-4de5-b7e9-f4e1a29b0c2a@group-EEF67CF31C04:LeaderElection37] INFO  impl.LeaderElection (LeaderElection.java:askForVotes(182)) - af197493-ce66-4de5-b7e9-f4e1a29b0c2a@group-EEF67CF31C04:LeaderElection37: begin an election at term 1 for -1: [af197493-ce66-4de5-b7e9-f4e1a29b0c2a:192.168.164.207:32804], old=null
2019-09-25 04:51:59,291 [a47783cb-f32c-4b3c-a96f-229a7b607849@group-48F40D58FA4A:LeaderElection36] INFO  impl.RoleInfo (RoleInfo.java:shutdownLeaderElection(134)) - a47783cb-f32c-4b3c-a96f-229a7b607849: shutdown LeaderElection
2019-09-25 04:51:59,291 [af197493-ce66-4de5-b7e9-f4e1a29b0c2a@group-EEF67CF31C04:LeaderElection37] INFO  impl.RoleInfo (RoleInfo.java:shutdownLeaderElection(134)) - af197493-ce66-4de5-b7e9-f4e1a29b0c2a: shutdown LeaderElection
2019-09-25 04:51:59,291 [a47783cb-f32c-4b3c-a96f-229a7b607849@group-48F40D58FA4A:LeaderElection36] INFO  impl.RaftServerImpl (RaftServerImpl.java:setRole(174)) - a47783cb-f32c-4b3c-a96f-229a7b607849@group-48F40D58FA4A: changes role from CANDIDATE to LEADER at term 1 for changeToLeader
2019-09-25 04:51:59,291 [af197493-ce66-4de5-b7e9-f4e1a29b0c2a@group-EEF67CF31C04:LeaderElection37] INFO  impl.RaftServerImpl (RaftServerImpl.java:setRole(174)) - af197493-ce66-4de5-b7e9-f4e1a29b0c2a@group-EEF67CF31C04: changes role from CANDIDATE to LEADER at term 1 for changeToLeader
2019-09-25 04:51:59,291 [a47783cb-f32c-4b3c-a96f-229a7b607849@group-48F40D58FA4A:LeaderElection36] INFO  impl.RaftServerImpl (ServerState.java:setLeader(253)) - a47783cb-f32c-4b3c-a96f-229a7b607849@group-48F40D58FA4A: change Leader from null to a47783cb-f32c-4b3c-a96f-229a7b607849 at term 1 for becomeLeader, leader elected after 5207ms
2019-09-25 04:51:59,291 [af197493-ce66-4de5-b7e9-f4e1a29b0c2a@group-EEF67CF31C04:LeaderElection37] INFO  impl.RaftServerImpl (ServerState.java:setLeader(253)) - af197493-ce66-4de5-b7e9-f4e1a29b0c2a@group-EEF67CF31C04: change Leader from null to af197493-ce66-4de5-b7e9-f4e1a29b0c2a at term 1 for becomeLeader, leader elected after 5132ms
2019-09-25 04:51:59,292 [a47783cb-f32c-4b3c-a96f-229a7b607849@group-48F40D58FA4A:LeaderElection36] INFO  server.RaftServerConfigKeys (ConfUtils.java:logGet(43)) - raft.server.staging.catchup.gap = 1000 (default)
2019-09-25 04:51:59,292 [af197493-ce66-4de5-b7e9-f4e1a29b0c2a@group-EEF67CF31C04:LeaderElection37] INFO  server.RaftServerConfigKeys (ConfUtils.java:logGet(43)) - raft.server.staging.catchup.gap = 1000 (default)
2019-09-25 04:51:59,292 [a47783cb-f32c-4b3c-a96f-229a7b607849@group-48F40D58FA4A:LeaderElection36] INFO  server.RaftServerConfigKeys (ConfUtils.java:logGet(43)) - raft.server.rpc.sleep.time = 25ms (default)
2019-09-25 04:51:59,292 [af197493-ce66-4de5-b7e9-f4e1a29b0c2a@group-EEF67CF31C04:LeaderElection37] INFO  server.RaftServerConfigKeys (ConfUtils.java:logGet(43)) - raft.server.rpc.sleep.time = 25ms (default)
2019-09-25 04:51:59,292 [a47783cb-f32c-4b3c-a96f-229a7b607849@group-48F40D58FA4A:LeaderElection36] INFO  server.RaftServerConfigKeys (ConfUtils.java:logGet(43)) - raft.server.write.element-limit = 4096 (default)
2019-09-25 04:51:59,292 [af197493-ce66-4de5-b7e9-f4e1a29b0c2a@group-EEF67CF31C04:LeaderElection37] INFO  server.RaftServerConfigKeys (ConfUtils.java:logGet(43)) - raft.server.write.element-limit = 4096 (default)
2019-09-25 04:51:59,292 [a47783cb-f32c-4b3c-a96f-229a7b607849@group-48F40D58FA4A:LeaderElection36] INFO  server.RaftServerConfigKeys (ConfUtils.java:logGet(43)) - raft.server.watch.timeout = 10s (default)
2019-09-25 04:51:59,292 [af197493-ce66-4de5-b7e9-f4e1a29b0c2a@group-EEF67CF31C04:LeaderElection37] INFO  server.RaftServerConfigKeys (ConfUtils.java:logGet(43)) - raft.server.watch.timeout = 10s (default)
2019-09-25 04:51:59,293 [a47783cb-f32c-4b3c-a96f-229a7b607849@group-48F40D58FA4A:LeaderElection36] INFO  server.RaftServerConfigKeys (ConfUtils.java:logGet(43)) - raft.server.watch.timeout.denomination = 1s (default)
2019-09-25 04:51:59,293 [af197493-ce66-4de5-b7e9-f4e1a29b0c2a@group-EEF67CF31C04:LeaderElection37] INFO  server.RaftServerConfigKeys (ConfUtils.java:logGet(43)) - raft.server.watch.timeout.denomination = 1s (default)
2019-09-25 04:51:59,293 [a47783cb-f32c-4b3c-a96f-229a7b607849@group-48F40D58FA4A:LeaderElection36] INFO  server.RaftServerConfigKeys (ConfUtils.java:logGet(43)) - raft.server.watch.element-limit = 65536 (default)
2019-09-25 04:51:59,293 [af197493-ce66-4de5-b7e9-f4e1a29b0c2a@group-EEF67CF31C04:LeaderElection37] INFO  server.RaftServerConfigKeys (ConfUtils.java:logGet(43)) - raft.server.watch.element-limit = 65536 (default)
2019-09-25 04:51:59,296 [a47783cb-f32c-4b3c-a96f-229a7b607849@group-48F40D58FA4A:LeaderElection36] INFO  impl.RoleInfo (RoleInfo.java:updateAndGet(143)) - a47783cb-f32c-4b3c-a96f-229a7b607849: start LeaderState
2019-09-25 04:51:59,296 [af197493-ce66-4de5-b7e9-f4e1a29b0c2a@group-EEF67CF31C04:LeaderElection37] INFO  impl.RoleInfo (RoleInfo.java:updateAndGet(143)) - af197493-ce66-4de5-b7e9-f4e1a29b0c2a: start LeaderState
2019-09-25 04:51:59,296 [a47783cb-f32c-4b3c-a96f-229a7b607849@group-48F40D58FA4A:LeaderElection36] INFO  segmented.SegmentedRaftLogWorker (SegmentedRaftLogWorker.java:startLogSegment(380)) - a47783cb-f32c-4b3c-a96f-229a7b607849@group-48F40D58FA4A-SegmentedRaftLogWorker: Starting segment from index:0
2019-09-25 04:51:59,296 [af197493-ce66-4de5-b7e9-f4e1a29b0c2a@group-EEF67CF31C04:LeaderElection37] INFO  segmented.SegmentedRaftLogWorker (SegmentedRaftLogWorker.java:startLogSegment(380)) - af197493-ce66-4de5-b7e9-f4e1a29b0c2a@group-EEF67CF31C04-SegmentedRaftLogWorker: Starting segment from index:0
2019-09-25 04:51:59,297 [a47783cb-f32c-4b3c-a96f-229a7b607849@group-48F40D58FA4A:LeaderElection36] INFO  impl.RaftServerImpl (ServerState.java:setRaftConf(354)) - a47783cb-f32c-4b3c-a96f-229a7b607849@group-48F40D58FA4A: set configuration 0: [a47783cb-f32c-4b3c-a96f-229a7b607849:192.168.164.207:45684], old=null at 0
2019-09-25 04:51:59,334 [Thread-355] INFO  impl.FollowerState (FollowerState.java:run(106)) - af197493-ce66-4de5-b7e9-f4e1a29b0c2a:group-9A0A9C024F60 changes to CANDIDATE, lastRpcTime:5118, electionTimeout:5106ms
2019-09-25 04:51:59,335 [af197493-ce66-4de5-b7e9-f4e1a29b0c2a@group-EEF67CF31C04:LeaderElection37] INFO  impl.RaftServerImpl (ServerState.java:setRaftConf(354)) - af197493-ce66-4de5-b7e9-f4e1a29b0c2a@group-EEF67CF31C04: set configuration 0: [af197493-ce66-4de5-b7e9-f4e1a29b0c2a:192.168.164.207:32804], old=null at 0
2019-09-25 04:51:59,335 [Thread-355] INFO  impl.RoleInfo (RoleInfo.java:shutdownFollowerState(121)) - af197493-ce66-4de5-b7e9-f4e1a29b0c2a: shutdown FollowerState
2019-09-25 04:51:59,376 [a47783cb-f32c-4b3c-a96f-229a7b607849@group-48F40D58FA4A-SegmentedRaftLogWorker] INFO  segmented.SegmentedRaftLogWorker (SegmentedRaftLogWorker.java:execute(569)) - a47783cb-f32c-4b3c-a96f-229a7b607849@group-48F40D58FA4A-SegmentedRaftLogWorker: created new log segment /workdir/hadoop-ozone/integration-test/target/test-dir/MiniOzoneClusterImpl-ee606598-1675-4e02-b706-4bffbdc3363b/datanode-5/data/ratis/7ebfabfe-2809-40bd-ace1-48f40d58fa4a/current/log_inprogress_0
2019-09-25 04:51:59,376 [Thread-361] INFO  impl.FollowerState (FollowerState.java:run(106)) - af197493-ce66-4de5-b7e9-f4e1a29b0c2a:group-405AE4309E75 changes to CANDIDATE, lastRpcTime:5044, electionTimeout:5036ms
2019-09-25 04:51:59,377 [Thread-355] INFO  impl.RaftServerImpl (RaftServerImpl.java:setRole(174)) - af197493-ce66-4de5-b7e9-f4e1a29b0c2a@group-9A0A9C024F60: changes role from  FOLLOWER to CANDIDATE at term 0 for changeToCandidate
2019-09-25 04:51:59,377 [Thread-361] INFO  impl.RoleInfo (RoleInfo.java:shutdownFollowerState(121)) - af197493-ce66-4de5-b7e9-f4e1a29b0c2a: shutdown FollowerState
2019-09-25 04:51:59,377 [Thread-361] INFO  impl.RaftServerImpl (RaftServerImpl.java:setRole(174)) - af197493-ce66-4de5-b7e9-f4e1a29b0c2a@group-405AE4309E75: changes role from  FOLLOWER to CANDIDATE at term 0 for changeToCandidate
2019-09-25 04:51:59,377 [Thread-355] INFO  impl.RoleInfo (RoleInfo.java:updateAndGet(143)) - af197493-ce66-4de5-b7e9-f4e1a29b0c2a: start LeaderElection
2019-09-25 04:51:59,377 [Thread-361] INFO  impl.RoleInfo (RoleInfo.java:updateAndGet(143)) - af197493-ce66-4de5-b7e9-f4e1a29b0c2a: start LeaderElection
2019-09-25 04:51:59,409 [af197493-ce66-4de5-b7e9-f4e1a29b0c2a@group-EEF67CF31C04-SegmentedRaftLogWorker] INFO  segmented.SegmentedRaftLogWorker (SegmentedRaftLogWorker.java:execute(569)) - af197493-ce66-4de5-b7e9-f4e1a29b0c2a@group-EEF67CF31C04-SegmentedRaftLogWorker: created new log segment /workdir/hadoop-ozone/integration-test/target/test-dir/MiniOzoneClusterImpl-ee606598-1675-4e02-b706-4bffbdc3363b/datanode-1/data/ratis/54e08f0c-ed1c-494d-857e-eef67cf31c04/current/log_inprogress_0
2019-09-25 04:51:59,420 [Thread-358] INFO  impl.FollowerState (FollowerState.java:run(106)) - af197493-ce66-4de5-b7e9-f4e1a29b0c2a:group-76575C962EE6 changes to CANDIDATE, lastRpcTime:5148, electionTimeout:5148ms
2019-09-25 04:51:59,421 [Thread-358] INFO  impl.RoleInfo (RoleInfo.java:shutdownFollowerState(121)) - af197493-ce66-4de5-b7e9-f4e1a29b0c2a: shutdown FollowerState
2019-09-25 04:51:59,421 [Thread-358] INFO  impl.RaftServerImpl (RaftServerImpl.java:setRole(174)) - af197493-ce66-4de5-b7e9-f4e1a29b0c2a@group-76575C962EE6: changes role from  FOLLOWER to CANDIDATE at term 0 for changeToCandidate
2019-09-25 04:51:59,421 [Thread-358] INFO  impl.RoleInfo (RoleInfo.java:updateAndGet(143)) - af197493-ce66-4de5-b7e9-f4e1a29b0c2a: start LeaderElection
2019-09-25 04:51:59,423 [af197493-ce66-4de5-b7e9-f4e1a29b0c2a@group-405AE4309E75:LeaderElection39] INFO  impl.LeaderElection (LeaderElection.java:askForVotes(182)) - af197493-ce66-4de5-b7e9-f4e1a29b0c2a@group-405AE4309E75:LeaderElection39: begin an election at term 1 for -1: [af197493-ce66-4de5-b7e9-f4e1a29b0c2a:192.168.164.207:32804], old=null
2019-09-25 04:51:59,423 [af197493-ce66-4de5-b7e9-f4e1a29b0c2a@group-9A0A9C024F60:LeaderElection38] INFO  impl.LeaderElection (LeaderElection.java:askForVotes(182)) - af197493-ce66-4de5-b7e9-f4e1a29b0c2a@group-9A0A9C024F60:LeaderElection38: begin an election at term 1 for -1: [af197493-ce66-4de5-b7e9-f4e1a29b0c2a:192.168.164.207:32804], old=null
2019-09-25 04:51:59,423 [af197493-ce66-4de5-b7e9-f4e1a29b0c2a@group-405AE4309E75:LeaderElection39] INFO  impl.RoleInfo (RoleInfo.java:shutdownLeaderElection(134)) - af197493-ce66-4de5-b7e9-f4e1a29b0c2a: shutdown LeaderElection
2019-09-25 04:51:59,423 [af197493-ce66-4de5-b7e9-f4e1a29b0c2a@group-9A0A9C024F60:LeaderElection38] INFO  impl.RoleInfo (RoleInfo.java:shutdownLeaderElection(134)) - af197493-ce66-4de5-b7e9-f4e1a29b0c2a: shutdown LeaderElection
2019-09-25 04:51:59,423 [af197493-ce66-4de5-b7e9-f4e1a29b0c2a@group-405AE4309E75:LeaderElection39] INFO  impl.RaftServerImpl (RaftServerImpl.java:setRole(174)) - af197493-ce66-4de5-b7e9-f4e1a29b0c2a@group-405AE4309E75: changes role from CANDIDATE to LEADER at term 1 for changeToLeader
2019-09-25 04:51:59,424 [af197493-ce66-4de5-b7e9-f4e1a29b0c2a@group-9A0A9C024F60:LeaderElection38] INFO  impl.RaftServerImpl (RaftServerImpl.java:setRole(174)) - af197493-ce66-4de5-b7e9-f4e1a29b0c2a@group-9A0A9C024F60: changes role from CANDIDATE to LEADER at term 1 for changeToLeader
2019-09-25 04:51:59,424 [af197493-ce66-4de5-b7e9-f4e1a29b0c2a@group-405AE4309E75:LeaderElection39] INFO  impl.RaftServerImpl (ServerState.java:setLeader(253)) - af197493-ce66-4de5-b7e9-f4e1a29b0c2a@group-405AE4309E75: change Leader from null to af197493-ce66-4de5-b7e9-f4e1a29b0c2a at term 1 for becomeLeader, leader elected after 5097ms
2019-09-25 04:51:59,424 [af197493-ce66-4de5-b7e9-f4e1a29b0c2a@group-9A0A9C024F60:LeaderElection38] INFO  impl.RaftServerImpl (ServerState.java:setLeader(253)) - af197493-ce66-4de5-b7e9-f4e1a29b0c2a@group-9A0A9C024F60: change Leader from null to af197493-ce66-4de5-b7e9-f4e1a29b0c2a at term 1 for becomeLeader, leader elected after 5213ms
2019-09-25 04:51:59,424 [af197493-ce66-4de5-b7e9-f4e1a29b0c2a@group-405AE4309E75:LeaderElection39] INFO  server.RaftServerConfigKeys (ConfUtils.java:logGet(43)) - raft.server.staging.catchup.gap = 1000 (default)
2019-09-25 04:51:59,424 [af197493-ce66-4de5-b7e9-f4e1a29b0c2a@group-9A0A9C024F60:LeaderElection38] INFO  server.RaftServerConfigKeys (ConfUtils.java:logGet(43)) - raft.server.staging.catchup.gap = 1000 (default)
2019-09-25 04:51:59,424 [af197493-ce66-4de5-b7e9-f4e1a29b0c2a@group-405AE4309E75:LeaderElection39] INFO  server.RaftServerConfigKeys (ConfUtils.java:logGet(43)) - raft.server.rpc.sleep.time = 25ms (default)
2019-09-25 04:51:59,424 [af197493-ce66-4de5-b7e9-f4e1a29b0c2a@group-9A0A9C024F60:LeaderElection38] INFO  server.RaftServerConfigKeys (ConfUtils.java:logGet(43)) - raft.server.rpc.sleep.time = 25ms (default)
2019-09-25 04:51:59,424 [af197493-ce66-4de5-b7e9-f4e1a29b0c2a@group-405AE4309E75:LeaderElection39] INFO  server.RaftServerConfigKeys (ConfUtils.java:logGet(43)) - raft.server.write.element-limit = 4096 (default)
2019-09-25 04:51:59,424 [af197493-ce66-4de5-b7e9-f4e1a29b0c2a@group-9A0A9C024F60:LeaderElection38] INFO  server.RaftServerConfigKeys (ConfUtils.java:logGet(43)) - raft.server.write.element-limit = 4096 (default)
2019-09-25 04:51:59,425 [af197493-ce66-4de5-b7e9-f4e1a29b0c2a@group-405AE4309E75:LeaderElection39] INFO  server.RaftServerConfigKeys (ConfUtils.java:logGet(43)) - raft.server.watch.timeout = 10s (default)
2019-09-25 04:51:59,425 [af197493-ce66-4de5-b7e9-f4e1a29b0c2a@group-9A0A9C024F60:LeaderElection38] INFO  server.RaftServerConfigKeys (ConfUtils.java:logGet(43)) - raft.server.watch.timeout = 10s (default)
2019-09-25 04:51:59,425 [af197493-ce66-4de5-b7e9-f4e1a29b0c2a@group-405AE4309E75:LeaderElection39] INFO  server.RaftServerConfigKeys (ConfUtils.java:logGet(43)) - raft.server.watch.timeout.denomination = 1s (default)
2019-09-25 04:51:59,425 [af197493-ce66-4de5-b7e9-f4e1a29b0c2a@group-9A0A9C024F60:LeaderElection38] INFO  server.RaftServerConfigKeys (ConfUtils.java:logGet(43)) - raft.server.watch.timeout.denomination = 1s (default)
2019-09-25 04:51:59,425 [af197493-ce66-4de5-b7e9-f4e1a29b0c2a@group-405AE4309E75:LeaderElection39] INFO  server.RaftServerConfigKeys (ConfUtils.java:logGet(43)) - raft.server.watch.element-limit = 65536 (default)
2019-09-25 04:51:59,425 [af197493-ce66-4de5-b7e9-f4e1a29b0c2a@group-9A0A9C024F60:LeaderElection38] INFO  server.RaftServerConfigKeys (ConfUtils.java:logGet(43)) - raft.server.watch.element-limit = 65536 (default)
2019-09-25 04:51:59,425 [af197493-ce66-4de5-b7e9-f4e1a29b0c2a@group-76575C962EE6:LeaderElection40] INFO  impl.LeaderElection (LeaderElection.java:askForVotes(182)) - af197493-ce66-4de5-b7e9-f4e1a29b0c2a@group-76575C962EE6:LeaderElection40: begin an election at term 1 for -1: [af197493-ce66-4de5-b7e9-f4e1a29b0c2a:192.168.164.207:32804], old=null
2019-09-25 04:51:59,425 [af197493-ce66-4de5-b7e9-f4e1a29b0c2a@group-76575C962EE6:LeaderElection40] INFO  impl.RoleInfo (RoleInfo.java:shutdownLeaderElection(134)) - af197493-ce66-4de5-b7e9-f4e1a29b0c2a: shutdown LeaderElection
2019-09-25 04:51:59,426 [af197493-ce66-4de5-b7e9-f4e1a29b0c2a@group-76575C962EE6:LeaderElection40] INFO  impl.RaftServerImpl (RaftServerImpl.java:setRole(174)) - af197493-ce66-4de5-b7e9-f4e1a29b0c2a@group-76575C962EE6: changes role from CANDIDATE to LEADER at term 1 for changeToLeader
2019-09-25 04:51:59,426 [af197493-ce66-4de5-b7e9-f4e1a29b0c2a@group-76575C962EE6:LeaderElection40] INFO  impl.RaftServerImpl (ServerState.java:setLeader(253)) - af197493-ce66-4de5-b7e9-f4e1a29b0c2a@group-76575C962EE6: change Leader from null to af197493-ce66-4de5-b7e9-f4e1a29b0c2a at term 1 for becomeLeader, leader elected after 5159ms
2019-09-25 04:51:59,426 [af197493-ce66-4de5-b7e9-f4e1a29b0c2a@group-76575C962EE6:LeaderElection40] INFO  server.RaftServerConfigKeys (ConfUtils.java:logGet(43)) - raft.server.staging.catchup.gap = 1000 (default)
2019-09-25 04:51:59,426 [af197493-ce66-4de5-b7e9-f4e1a29b0c2a@group-76575C962EE6:LeaderElection40] INFO  server.RaftServerConfigKeys (ConfUtils.java:logGet(43)) - raft.server.rpc.sleep.time = 25ms (default)
2019-09-25 04:51:59,426 [af197493-ce66-4de5-b7e9-f4e1a29b0c2a@group-76575C962EE6:LeaderElection40] INFO  server.RaftServerConfigKeys (ConfUtils.java:logGet(43)) - raft.server.write.element-limit = 4096 (default)
2019-09-25 04:51:59,426 [af197493-ce66-4de5-b7e9-f4e1a29b0c2a@group-76575C962EE6:LeaderElection40] INFO  server.RaftServerConfigKeys (ConfUtils.java:logGet(43)) - raft.server.watch.timeout = 10s (default)
2019-09-25 04:51:59,426 [af197493-ce66-4de5-b7e9-f4e1a29b0c2a@group-76575C962EE6:LeaderElection40] INFO  server.RaftServerConfigKeys (ConfUtils.java:logGet(43)) - raft.server.watch.timeout.denomination = 1s (default)
2019-09-25 04:51:59,427 [af197493-ce66-4de5-b7e9-f4e1a29b0c2a@group-76575C962EE6:LeaderElection40] INFO  server.RaftServerConfigKeys (ConfUtils.java:logGet(43)) - raft.server.watch.element-limit = 65536 (default)
2019-09-25 04:51:59,429 [af197493-ce66-4de5-b7e9-f4e1a29b0c2a@group-405AE4309E75:LeaderElection39] INFO  impl.RoleInfo (RoleInfo.java:updateAndGet(143)) - af197493-ce66-4de5-b7e9-f4e1a29b0c2a: start LeaderState
2019-09-25 04:51:59,429 [af197493-ce66-4de5-b7e9-f4e1a29b0c2a@group-405AE4309E75:LeaderElection39] INFO  segmented.SegmentedRaftLogWorker (SegmentedRaftLogWorker.java:startLogSegment(380)) - af197493-ce66-4de5-b7e9-f4e1a29b0c2a@group-405AE4309E75-SegmentedRaftLogWorker: Starting segment from index:0
2019-09-25 04:51:59,429 [af197493-ce66-4de5-b7e9-f4e1a29b0c2a@group-9A0A9C024F60:LeaderElection38] INFO  impl.RoleInfo (RoleInfo.java:updateAndGet(143)) - af197493-ce66-4de5-b7e9-f4e1a29b0c2a: start LeaderState
2019-09-25 04:51:59,429 [af197493-ce66-4de5-b7e9-f4e1a29b0c2a@group-9A0A9C024F60:LeaderElection38] INFO  segmented.SegmentedRaftLogWorker (SegmentedRaftLogWorker.java:startLogSegment(380)) - af197493-ce66-4de5-b7e9-f4e1a29b0c2a@group-9A0A9C024F60-SegmentedRaftLogWorker: Starting segment from index:0
2019-09-25 04:51:59,429 [af197493-ce66-4de5-b7e9-f4e1a29b0c2a@group-405AE4309E75:LeaderElection39] INFO  impl.RaftServerImpl (ServerState.java:setRaftConf(354)) - af197493-ce66-4de5-b7e9-f4e1a29b0c2a@group-405AE4309E75: set configuration 0: [af197493-ce66-4de5-b7e9-f4e1a29b0c2a:192.168.164.207:32804], old=null at 0
2019-09-25 04:51:59,430 [af197493-ce66-4de5-b7e9-f4e1a29b0c2a@group-76575C962EE6:LeaderElection40] INFO  impl.RoleInfo (RoleInfo.java:updateAndGet(143)) - af197493-ce66-4de5-b7e9-f4e1a29b0c2a: start LeaderState
2019-09-25 04:51:59,465 [af197493-ce66-4de5-b7e9-f4e1a29b0c2a@group-9A0A9C024F60:LeaderElection38] INFO  impl.RaftServerImpl (ServerState.java:setRaftConf(354)) - af197493-ce66-4de5-b7e9-f4e1a29b0c2a@group-9A0A9C024F60: set configuration 0: [af197493-ce66-4de5-b7e9-f4e1a29b0c2a:192.168.164.207:32804], old=null at 0
2019-09-25 04:51:59,466 [af197493-ce66-4de5-b7e9-f4e1a29b0c2a@group-76575C962EE6:LeaderElection40] INFO  segmented.SegmentedRaftLogWorker (SegmentedRaftLogWorker.java:startLogSegment(380)) - af197493-ce66-4de5-b7e9-f4e1a29b0c2a@group-76575C962EE6-SegmentedRaftLogWorker: Starting segment from index:0
2019-09-25 04:51:59,510 [af197493-ce66-4de5-b7e9-f4e1a29b0c2a@group-405AE4309E75-SegmentedRaftLogWorker] INFO  segmented.SegmentedRaftLogWorker (SegmentedRaftLogWorker.java:execute(569)) - af197493-ce66-4de5-b7e9-f4e1a29b0c2a@group-405AE4309E75-SegmentedRaftLogWorker: created new log segment /workdir/hadoop-ozone/integration-test/target/test-dir/MiniOzoneClusterImpl-ee606598-1675-4e02-b706-4bffbdc3363b/datanode-1/data/ratis/27c8efdf-fa7e-4b0a-ae20-405ae4309e75/current/log_inprogress_0
2019-09-25 04:51:59,510 [af197493-ce66-4de5-b7e9-f4e1a29b0c2a@group-76575C962EE6:LeaderElection40] INFO  impl.RaftServerImpl (ServerState.java:setRaftConf(354)) - af197493-ce66-4de5-b7e9-f4e1a29b0c2a@group-76575C962EE6: set configuration 0: [af197493-ce66-4de5-b7e9-f4e1a29b0c2a:192.168.164.207:32804], old=null at 0
2019-09-25 04:51:59,555 [Thread-364] INFO  impl.FollowerState (FollowerState.java:run(106)) - a8f74c9c-c1e0-47fe-a430-51d3a9749877:group-726A93DFB677 changes to CANDIDATE, lastRpcTime:5115, electionTimeout:5108ms
2019-09-25 04:51:59,556 [af197493-ce66-4de5-b7e9-f4e1a29b0c2a@group-9A0A9C024F60-SegmentedRaftLogWorker] INFO  segmented.SegmentedRaftLogWorker (SegmentedRaftLogWorker.java:execute(569)) - af197493-ce66-4de5-b7e9-f4e1a29b0c2a@group-9A0A9C024F60-SegmentedRaftLogWorker: created new log segment /workdir/hadoop-ozone/integration-test/target/test-dir/MiniOzoneClusterImpl-ee606598-1675-4e02-b706-4bffbdc3363b/datanode-1/data/ratis/87dc6b02-a108-472d-b48e-9a0a9c024f60/current/log_inprogress_0
2019-09-25 04:51:59,556 [Thread-364] INFO  impl.RoleInfo (RoleInfo.java:shutdownFollowerState(121)) - a8f74c9c-c1e0-47fe-a430-51d3a9749877: shutdown FollowerState
2019-09-25 04:51:59,556 [Thread-364] INFO  impl.RaftServerImpl (RaftServerImpl.java:setRole(174)) - a8f74c9c-c1e0-47fe-a430-51d3a9749877@group-726A93DFB677: changes role from  FOLLOWER to CANDIDATE at term 0 for changeToCandidate
2019-09-25 04:51:59,557 [Thread-364] INFO  impl.RoleInfo (RoleInfo.java:updateAndGet(143)) - a8f74c9c-c1e0-47fe-a430-51d3a9749877: start LeaderElection
2019-09-25 04:51:59,557 [ForkJoinPool.commonPool-worker-1] INFO  ozoneimpl.OzoneContainer (OzoneContainer.java:stop(231)) - Attempting to stop container services.
2019-09-25 04:51:59,557 [main] INFO  ozoneimpl.OzoneContainer (OzoneContainer.java:stop(231)) - Attempting to stop container services.
2019-09-25 04:51:59,558 [ForkJoinPool.commonPool-worker-1] INFO  impl.RaftServerProxy (RaftServerProxy.java:lambda$close$4(314)) - af197493-ce66-4de5-b7e9-f4e1a29b0c2a: close
2019-09-25 04:51:59,558 [main] INFO  impl.RaftServerProxy (RaftServerProxy.java:lambda$close$4(314)) - 061f0142-df7f-4ee2-9f4c-60a73b1123be: close
2019-09-25 04:51:59,559 [ForkJoinPool.commonPool-worker-1] INFO  impl.RaftServerImpl (RaftServerImpl.java:lambda$shutdown$3(251)) - af197493-ce66-4de5-b7e9-f4e1a29b0c2a@group-EEF67CF31C04: shutdown
2019-09-25 04:51:59,559 [main] INFO  impl.RaftServerImpl (RaftServerImpl.java:lambda$shutdown$3(251)) - 061f0142-df7f-4ee2-9f4c-60a73b1123be@group-76D50874E716: shutdown
2019-09-25 04:51:59,560 [ForkJoinPool.commonPool-worker-1] INFO  util.JmxRegister (JmxRegister.java:unregister(73)) - Successfully un-registered JMX Bean with object name Ratis:service=RaftServer,group=group-EEF67CF31C04,id=af197493-ce66-4de5-b7e9-f4e1a29b0c2a
2019-09-25 04:51:59,560 [main] INFO  util.JmxRegister (JmxRegister.java:unregister(73)) - Successfully un-registered JMX Bean with object name Ratis:service=RaftServer,group=group-76D50874E716,id=061f0142-df7f-4ee2-9f4c-60a73b1123be
2019-09-25 04:51:59,560 [ForkJoinPool.commonPool-worker-1] INFO  impl.RoleInfo (RoleInfo.java:shutdownLeaderState(104)) - af197493-ce66-4de5-b7e9-f4e1a29b0c2a: shutdown LeaderState
2019-09-25 04:51:59,560 [main] INFO  impl.RoleInfo (RoleInfo.java:shutdownLeaderState(104)) - 061f0142-df7f-4ee2-9f4c-60a73b1123be: shutdown LeaderState
2019-09-25 04:51:59,561 [ForkJoinPool.commonPool-worker-1] INFO  impl.PendingRequests (PendingRequests.java:sendNotLeaderResponses(202)) - af197493-ce66-4de5-b7e9-f4e1a29b0c2a-PendingRequests: sendNotLeaderResponses
2019-09-25 04:51:59,561 [main] INFO  impl.PendingRequests (PendingRequests.java:sendNotLeaderResponses(202)) - 061f0142-df7f-4ee2-9f4c-60a73b1123be-PendingRequests: sendNotLeaderResponses
2019-09-25 04:51:59,565 [ForkJoinPool.commonPool-worker-1] INFO  impl.StateMachineUpdater (StateMachineUpdater.java:stopAndJoin(125)) - af197493-ce66-4de5-b7e9-f4e1a29b0c2a@group-EEF67CF31C04-StateMachineUpdater: set stopIndex = 0
2019-09-25 04:51:59,565 [main] INFO  impl.StateMachineUpdater (StateMachineUpdater.java:stopAndJoin(125)) - 061f0142-df7f-4ee2-9f4c-60a73b1123be@group-76D50874E716-StateMachineUpdater: set stopIndex = 0
2019-09-25 04:51:59,568 [main] INFO  impl.RaftServerImpl (ServerState.java:close(385)) - 061f0142-df7f-4ee2-9f4c-60a73b1123be@group-76D50874E716: closes. applyIndex: 0
2019-09-25 04:51:59,568 [a8f74c9c-c1e0-47fe-a430-51d3a9749877@group-726A93DFB677:LeaderElection41] INFO  impl.LeaderElection (LeaderElection.java:askForVotes(182)) - a8f74c9c-c1e0-47fe-a430-51d3a9749877@group-726A93DFB677:LeaderElection41: begin an election at term 1 for -1: [a8f74c9c-c1e0-47fe-a430-51d3a9749877:192.168.164.207:37761], old=null
2019-09-25 04:51:59,568 [ForkJoinPool.commonPool-worker-1] INFO  impl.RaftServerImpl (ServerState.java:close(385)) - af197493-ce66-4de5-b7e9-f4e1a29b0c2a@group-EEF67CF31C04: closes. applyIndex: 0
2019-09-25 04:51:59,568 [af197493-ce66-4de5-b7e9-f4e1a29b0c2a@group-76575C962EE6-SegmentedRaftLogWorker] INFO  segmented.SegmentedRaftLogWorker (SegmentedRaftLogWorker.java:execute(569)) - af197493-ce66-4de5-b7e9-f4e1a29b0c2a@group-76575C962EE6-SegmentedRaftLogWorker: created new log segment /workdir/hadoop-ozone/integration-test/target/test-dir/MiniOzoneClusterImpl-ee606598-1675-4e02-b706-4bffbdc3363b/datanode-1/data/ratis/64440bb4-5422-4f78-83ae-76575c962ee6/current/log_inprogress_0
2019-09-25 04:51:59,569 [a8f74c9c-c1e0-47fe-a430-51d3a9749877@group-726A93DFB677:LeaderElection41] INFO  impl.RoleInfo (RoleInfo.java:shutdownLeaderElection(134)) - a8f74c9c-c1e0-47fe-a430-51d3a9749877: shutdown LeaderElection
2019-09-25 04:51:59,569 [a8f74c9c-c1e0-47fe-a430-51d3a9749877@group-726A93DFB677:LeaderElection41] INFO  impl.RaftServerImpl (RaftServerImpl.java:setRole(174)) - a8f74c9c-c1e0-47fe-a430-51d3a9749877@group-726A93DFB677: changes role from CANDIDATE to LEADER at term 1 for changeToLeader
2019-09-25 04:51:59,569 [a8f74c9c-c1e0-47fe-a430-51d3a9749877@group-726A93DFB677:LeaderElection41] INFO  impl.RaftServerImpl (ServerState.java:setLeader(253)) - a8f74c9c-c1e0-47fe-a430-51d3a9749877@group-726A93DFB677: change Leader from null to a8f74c9c-c1e0-47fe-a430-51d3a9749877 at term 1 for becomeLeader, leader elected after 5135ms
2019-09-25 04:51:59,569 [a8f74c9c-c1e0-47fe-a430-51d3a9749877@group-726A93DFB677:LeaderElection41] INFO  server.RaftServerConfigKeys (ConfUtils.java:logGet(43)) - raft.server.staging.catchup.gap = 1000 (default)
2019-09-25 04:51:59,570 [a8f74c9c-c1e0-47fe-a430-51d3a9749877@group-726A93DFB677:LeaderElection41] INFO  server.RaftServerConfigKeys (ConfUtils.java:logGet(43)) - raft.server.rpc.sleep.time = 25ms (default)
2019-09-25 04:51:59,570 [a8f74c9c-c1e0-47fe-a430-51d3a9749877@group-726A93DFB677:LeaderElection41] INFO  server.RaftServerConfigKeys (ConfUtils.java:logGet(43)) - raft.server.write.element-limit = 4096 (default)
2019-09-25 04:51:59,570 [af197493-ce66-4de5-b7e9-f4e1a29b0c2a@group-EEF67CF31C04-SegmentedRaftLogWorker] INFO  segmented.SegmentedRaftLogWorker (SegmentedRaftLogWorker.java:run(313)) - af197493-ce66-4de5-b7e9-f4e1a29b0c2a@group-EEF67CF31C04-SegmentedRaftLogWorker was interrupted, exiting. There are 0 tasks remaining in the queue.
2019-09-25 04:51:59,570 [061f0142-df7f-4ee2-9f4c-60a73b1123be@group-76D50874E716-SegmentedRaftLogWorker] INFO  segmented.SegmentedRaftLogWorker (SegmentedRaftLogWorker.java:run(313)) - 061f0142-df7f-4ee2-9f4c-60a73b1123be@group-76D50874E716-SegmentedRaftLogWorker was interrupted, exiting. There are 0 tasks remaining in the queue.
2019-09-25 04:51:59,570 [a8f74c9c-c1e0-47fe-a430-51d3a9749877@group-726A93DFB677:LeaderElection41] INFO  server.RaftServerConfigKeys (ConfUtils.java:logGet(43)) - raft.server.watch.timeout = 10s (default)
2019-09-25 04:51:59,577 [ForkJoinPool.commonPool-worker-1] INFO  segmented.SegmentedRaftLogWorker (SegmentedRaftLogWorker.java:close(228)) - af197493-ce66-4de5-b7e9-f4e1a29b0c2a@group-EEF67CF31C04-SegmentedRaftLogWorker close()
2019-09-25 04:51:59,577 [a8f74c9c-c1e0-47fe-a430-51d3a9749877@group-726A93DFB677:LeaderElection41] INFO  server.RaftServerConfigKeys (ConfUtils.java:logGet(43)) - raft.server.watch.timeout.denomination = 1s (default)
2019-09-25 04:51:59,577 [main] INFO  segmented.SegmentedRaftLogWorker (SegmentedRaftLogWorker.java:close(228)) - 061f0142-df7f-4ee2-9f4c-60a73b1123be@group-76D50874E716-SegmentedRaftLogWorker close()
2019-09-25 04:51:59,589 [a8f74c9c-c1e0-47fe-a430-51d3a9749877@group-726A93DFB677:LeaderElection41] INFO  server.RaftServerConfigKeys (ConfUtils.java:logGet(43)) - raft.server.watch.element-limit = 65536 (default)
2019-09-25 04:51:59,589 [ForkJoinPool.commonPool-worker-1] INFO  impl.RaftServerImpl (RaftServerImpl.java:lambda$shutdown$3(251)) - af197493-ce66-4de5-b7e9-f4e1a29b0c2a@group-76575C962EE6: shutdown
2019-09-25 04:51:59,594 [Thread-367] INFO  impl.FollowerState (FollowerState.java:run(106)) - a8f74c9c-c1e0-47fe-a430-51d3a9749877:group-6C8B613B7335 changes to CANDIDATE, lastRpcTime:5109, electionTimeout:5108ms
2019-09-25 04:51:59,594 [main] INFO  impl.RaftServerImpl (RaftServerImpl.java:lambda$shutdown$3(251)) - 061f0142-df7f-4ee2-9f4c-60a73b1123be@group-1BE7300657D8: shutdown
2019-09-25 04:51:59,594 [Thread-367] INFO  impl.RoleInfo (RoleInfo.java:shutdownFollowerState(121)) - a8f74c9c-c1e0-47fe-a430-51d3a9749877: shutdown FollowerState
2019-09-25 04:51:59,594 [ForkJoinPool.commonPool-worker-1] INFO  util.JmxRegister (JmxRegister.java:unregister(73)) - Successfully un-registered JMX Bean with object name Ratis:service=RaftServer,group=group-76575C962EE6,id=af197493-ce66-4de5-b7e9-f4e1a29b0c2a
2019-09-25 04:51:59,595 [Thread-367] INFO  impl.RaftServerImpl (RaftServerImpl.java:setRole(174)) - a8f74c9c-c1e0-47fe-a430-51d3a9749877@group-6C8B613B7335: changes role from  FOLLOWER to CANDIDATE at term 0 for changeToCandidate
2019-09-25 04:51:59,594 [main] INFO  util.JmxRegister (JmxRegister.java:unregister(73)) - Successfully un-registered JMX Bean with object name Ratis:service=RaftServer,group=group-1BE7300657D8,id=061f0142-df7f-4ee2-9f4c-60a73b1123be
2019-09-25 04:51:59,595 [ForkJoinPool.commonPool-worker-1] INFO  impl.RoleInfo (RoleInfo.java:shutdownLeaderState(104)) - af197493-ce66-4de5-b7e9-f4e1a29b0c2a: shutdown LeaderState
2019-09-25 04:51:59,595 [Thread-367] INFO  impl.RoleInfo (RoleInfo.java:updateAndGet(143)) - a8f74c9c-c1e0-47fe-a430-51d3a9749877: start LeaderElection
2019-09-25 04:51:59,595 [main] INFO  impl.RoleInfo (RoleInfo.java:shutdownLeaderState(104)) - 061f0142-df7f-4ee2-9f4c-60a73b1123be: shutdown LeaderState
2019-09-25 04:51:59,596 [ForkJoinPool.commonPool-worker-1] INFO  impl.PendingRequests (PendingRequests.java:sendNotLeaderResponses(202)) - af197493-ce66-4de5-b7e9-f4e1a29b0c2a-PendingRequests: sendNotLeaderResponses
2019-09-25 04:51:59,596 [main] INFO  impl.PendingRequests (PendingRequests.java:sendNotLeaderResponses(202)) - 061f0142-df7f-4ee2-9f4c-60a73b1123be-PendingRequests: sendNotLeaderResponses
2019-09-25 04:51:59,596 [ForkJoinPool.commonPool-worker-1] INFO  impl.StateMachineUpdater (StateMachineUpdater.java:stopAndJoin(125)) - af197493-ce66-4de5-b7e9-f4e1a29b0c2a@group-76575C962EE6-StateMachineUpdater: set stopIndex = 0
2019-09-25 04:51:59,596 [main] INFO  impl.StateMachineUpdater (StateMachineUpdater.java:stopAndJoin(125)) - 061f0142-df7f-4ee2-9f4c-60a73b1123be@group-1BE7300657D8-StateMachineUpdater: set stopIndex = 0
2019-09-25 04:51:59,597 [ForkJoinPool.commonPool-worker-1] INFO  impl.RaftServerImpl (ServerState.java:close(385)) - af197493-ce66-4de5-b7e9-f4e1a29b0c2a@group-76575C962EE6: closes. applyIndex: 0
2019-09-25 04:51:59,597 [main] INFO  impl.RaftServerImpl (ServerState.java:close(385)) - 061f0142-df7f-4ee2-9f4c-60a73b1123be@group-1BE7300657D8: closes. applyIndex: 0
2019-09-25 04:51:59,597 [af197493-ce66-4de5-b7e9-f4e1a29b0c2a@group-76575C962EE6-SegmentedRaftLogWorker] INFO  segmented.SegmentedRaftLogWorker (SegmentedRaftLogWorker.java:run(313)) - af197493-ce66-4de5-b7e9-f4e1a29b0c2a@group-76575C962EE6-SegmentedRaftLogWorker was interrupted, exiting. There are 0 tasks remaining in the queue.
2019-09-25 04:51:59,598 [061f0142-df7f-4ee2-9f4c-60a73b1123be@group-1BE7300657D8-SegmentedRaftLogWorker] INFO  segmented.SegmentedRaftLogWorker (SegmentedRaftLogWorker.java:run(313)) - 061f0142-df7f-4ee2-9f4c-60a73b1123be@group-1BE7300657D8-SegmentedRaftLogWorker was interrupted, exiting. There are 0 tasks remaining in the queue.
2019-09-25 04:51:59,599 [a8f74c9c-c1e0-47fe-a430-51d3a9749877@group-726A93DFB677:LeaderElection41] INFO  impl.RoleInfo (RoleInfo.java:updateAndGet(143)) - a8f74c9c-c1e0-47fe-a430-51d3a9749877: start LeaderState
2019-09-25 04:51:59,599 [ForkJoinPool.commonPool-worker-1] INFO  segmented.SegmentedRaftLogWorker (SegmentedRaftLogWorker.java:close(228)) - af197493-ce66-4de5-b7e9-f4e1a29b0c2a@group-76575C962EE6-SegmentedRaftLogWorker close()
2019-09-25 04:51:59,601 [main] INFO  segmented.SegmentedRaftLogWorker (SegmentedRaftLogWorker.java:close(228)) - 061f0142-df7f-4ee2-9f4c-60a73b1123be@group-1BE7300657D8-SegmentedRaftLogWorker close()
2019-09-25 04:51:59,605 [a8f74c9c-c1e0-47fe-a430-51d3a9749877@group-726A93DFB677:LeaderElection41] INFO  segmented.SegmentedRaftLogWorker (SegmentedRaftLogWorker.java:startLogSegment(380)) - a8f74c9c-c1e0-47fe-a430-51d3a9749877@group-726A93DFB677-SegmentedRaftLogWorker: Starting segment from index:0
2019-09-25 04:51:59,605 [ForkJoinPool.commonPool-worker-1] INFO  impl.RaftServerImpl (RaftServerImpl.java:lambda$shutdown$3(251)) - af197493-ce66-4de5-b7e9-f4e1a29b0c2a@group-405AE4309E75: shutdown
2019-09-25 04:51:59,609 [main] INFO  impl.RaftServerImpl (RaftServerImpl.java:lambda$shutdown$3(251)) - 061f0142-df7f-4ee2-9f4c-60a73b1123be@group-99248EDAF246: shutdown
2019-09-25 04:51:59,610 [a8f74c9c-c1e0-47fe-a430-51d3a9749877@group-726A93DFB677:LeaderElection41] INFO  impl.RaftServerImpl (ServerState.java:setRaftConf(354)) - a8f74c9c-c1e0-47fe-a430-51d3a9749877@group-726A93DFB677: set configuration 0: [a8f74c9c-c1e0-47fe-a430-51d3a9749877:192.168.164.207:37761], old=null at 0
2019-09-25 04:51:59,609 [ForkJoinPool.commonPool-worker-1] INFO  util.JmxRegister (JmxRegister.java:unregister(73)) - Successfully un-registered JMX Bean with object name Ratis:service=RaftServer,group=group-405AE4309E75,id=af197493-ce66-4de5-b7e9-f4e1a29b0c2a
2019-09-25 04:51:59,610 [main] INFO  util.JmxRegister (JmxRegister.java:unregister(73)) - Successfully un-registered JMX Bean with object name Ratis:service=RaftServer,group=group-99248EDAF246,id=061f0142-df7f-4ee2-9f4c-60a73b1123be
2019-09-25 04:51:59,610 [ForkJoinPool.commonPool-worker-1] INFO  impl.RoleInfo (RoleInfo.java:shutdownLeaderState(104)) - af197493-ce66-4de5-b7e9-f4e1a29b0c2a: shutdown LeaderState
2019-09-25 04:51:59,610 [main] INFO  impl.RoleInfo (RoleInfo.java:shutdownLeaderState(104)) - 061f0142-df7f-4ee2-9f4c-60a73b1123be: shutdown LeaderState
2019-09-25 04:51:59,610 [ForkJoinPool.commonPool-worker-1] INFO  impl.PendingRequests (PendingRequests.java:sendNotLeaderResponses(202)) - af197493-ce66-4de5-b7e9-f4e1a29b0c2a-PendingRequests: sendNotLeaderResponses
2019-09-25 04:51:59,611 [main] INFO  impl.PendingRequests (PendingRequests.java:sendNotLeaderResponses(202)) - 061f0142-df7f-4ee2-9f4c-60a73b1123be-PendingRequests: sendNotLeaderResponses
2019-09-25 04:51:59,611 [ForkJoinPool.commonPool-worker-1] INFO  impl.StateMachineUpdater (StateMachineUpdater.java:stopAndJoin(125)) - af197493-ce66-4de5-b7e9-f4e1a29b0c2a@group-405AE4309E75-StateMachineUpdater: set stopIndex = 0
2019-09-25 04:51:59,611 [main] INFO  impl.StateMachineUpdater (StateMachineUpdater.java:stopAndJoin(125)) - 061f0142-df7f-4ee2-9f4c-60a73b1123be@group-99248EDAF246-StateMachineUpdater: set stopIndex = 0
2019-09-25 04:51:59,611 [ForkJoinPool.commonPool-worker-1] INFO  impl.RaftServerImpl (ServerState.java:close(385)) - af197493-ce66-4de5-b7e9-f4e1a29b0c2a@group-405AE4309E75: closes. applyIndex: 0
2019-09-25 04:51:59,612 [main] INFO  impl.RaftServerImpl (ServerState.java:close(385)) - 061f0142-df7f-4ee2-9f4c-60a73b1123be@group-99248EDAF246: closes. applyIndex: 0
2019-09-25 04:51:59,612 [af197493-ce66-4de5-b7e9-f4e1a29b0c2a@group-405AE4309E75-SegmentedRaftLogWorker] INFO  segmented.SegmentedRaftLogWorker (SegmentedRaftLogWorker.java:run(313)) - af197493-ce66-4de5-b7e9-f4e1a29b0c2a@group-405AE4309E75-SegmentedRaftLogWorker was interrupted, exiting. There are 0 tasks remaining in the queue.
2019-09-25 04:51:59,612 [061f0142-df7f-4ee2-9f4c-60a73b1123be@group-99248EDAF246-SegmentedRaftLogWorker] INFO  segmented.SegmentedRaftLogWorker (SegmentedRaftLogWorker.java:run(313)) - 061f0142-df7f-4ee2-9f4c-60a73b1123be@group-99248EDAF246-SegmentedRaftLogWorker was interrupted, exiting. There are 0 tasks remaining in the queue.
2019-09-25 04:51:59,642 [a8f74c9c-c1e0-47fe-a430-51d3a9749877@group-6C8B613B7335:LeaderElection42] INFO  impl.LeaderElection (LeaderElection.java:askForVotes(182)) - a8f74c9c-c1e0-47fe-a430-51d3a9749877@group-6C8B613B7335:LeaderElection42: begin an election at term 1 for -1: [a8f74c9c-c1e0-47fe-a430-51d3a9749877:192.168.164.207:37761], old=null
2019-09-25 04:51:59,642 [ForkJoinPool.commonPool-worker-1] INFO  segmented.SegmentedRaftLogWorker (SegmentedRaftLogWorker.java:close(228)) - af197493-ce66-4de5-b7e9-f4e1a29b0c2a@group-405AE4309E75-SegmentedRaftLogWorker close()
2019-09-25 04:51:59,644 [a8f74c9c-c1e0-47fe-a430-51d3a9749877@group-6C8B613B7335:LeaderElection42] INFO  impl.RoleInfo (RoleInfo.java:shutdownLeaderElection(134)) - a8f74c9c-c1e0-47fe-a430-51d3a9749877: shutdown LeaderElection
2019-09-25 04:51:59,644 [main] INFO  segmented.SegmentedRaftLogWorker (SegmentedRaftLogWorker.java:close(228)) - 061f0142-df7f-4ee2-9f4c-60a73b1123be@group-99248EDAF246-SegmentedRaftLogWorker close()
2019-09-25 04:51:59,649 [a8f74c9c-c1e0-47fe-a430-51d3a9749877@group-6C8B613B7335:LeaderElection42] INFO  impl.RaftServerImpl (RaftServerImpl.java:setRole(174)) - a8f74c9c-c1e0-47fe-a430-51d3a9749877@group-6C8B613B7335: changes role from CANDIDATE to LEADER at term 1 for changeToLeader
2019-09-25 04:51:59,649 [ForkJoinPool.commonPool-worker-1] INFO  impl.RaftServerImpl (RaftServerImpl.java:lambda$shutdown$3(251)) - af197493-ce66-4de5-b7e9-f4e1a29b0c2a@group-934F85DCDEF3: shutdown
2019-09-25 04:51:59,653 [a8f74c9c-c1e0-47fe-a430-51d3a9749877@group-6C8B613B7335:LeaderElection42] INFO  impl.RaftServerImpl (ServerState.java:setLeader(253)) - a8f74c9c-c1e0-47fe-a430-51d3a9749877@group-6C8B613B7335: change Leader from null to a8f74c9c-c1e0-47fe-a430-51d3a9749877 at term 1 for becomeLeader, leader elected after 5175ms
2019-09-25 04:51:59,653 [main] INFO  impl.RaftServerImpl (RaftServerImpl.java:lambda$shutdown$3(251)) - 061f0142-df7f-4ee2-9f4c-60a73b1123be@group-ACD37A13DC40: shutdown
2019-09-25 04:51:59,654 [a8f74c9c-c1e0-47fe-a430-51d3a9749877@group-6C8B613B7335:LeaderElection42] INFO  server.RaftServerConfigKeys (ConfUtils.java:logGet(43)) - raft.server.staging.catchup.gap = 1000 (default)
2019-09-25 04:51:59,654 [ForkJoinPool.commonPool-worker-1] INFO  util.JmxRegister (JmxRegister.java:unregister(73)) - Successfully un-registered JMX Bean with object name Ratis:service=RaftServer,group=group-934F85DCDEF3,id=af197493-ce66-4de5-b7e9-f4e1a29b0c2a
2019-09-25 04:51:59,654 [a8f74c9c-c1e0-47fe-a430-51d3a9749877@group-6C8B613B7335:LeaderElection42] INFO  server.RaftServerConfigKeys (ConfUtils.java:logGet(43)) - raft.server.rpc.sleep.time = 25ms (default)
2019-09-25 04:51:59,654 [main] INFO  util.JmxRegister (JmxRegister.java:unregister(73)) - Successfully un-registered JMX Bean with object name Ratis:service=RaftServer,group=group-ACD37A13DC40,id=061f0142-df7f-4ee2-9f4c-60a73b1123be
2019-09-25 04:51:59,655 [a8f74c9c-c1e0-47fe-a430-51d3a9749877@group-6C8B613B7335:LeaderElection42] INFO  server.RaftServerConfigKeys (ConfUtils.java:logGet(43)) - raft.server.write.element-limit = 4096 (default)
2019-09-25 04:51:59,655 [ForkJoinPool.commonPool-worker-1] INFO  impl.RoleInfo (RoleInfo.java:shutdownLeaderState(104)) - af197493-ce66-4de5-b7e9-f4e1a29b0c2a: shutdown LeaderState
2019-09-25 04:51:59,655 [a8f74c9c-c1e0-47fe-a430-51d3a9749877@group-6C8B613B7335:LeaderElection42] INFO  server.RaftServerConfigKeys (ConfUtils.java:logGet(43)) - raft.server.watch.timeout = 10s (default)
2019-09-25 04:51:59,656 [a8f74c9c-c1e0-47fe-a430-51d3a9749877@group-6C8B613B7335:LeaderElection42] INFO  server.RaftServerConfigKeys (ConfUtils.java:logGet(43)) - raft.server.watch.timeout.denomination = 1s (default)
2019-09-25 04:51:59,655 [main] INFO  impl.RoleInfo (RoleInfo.java:shutdownLeaderState(104)) - 061f0142-df7f-4ee2-9f4c-60a73b1123be: shutdown LeaderState
2019-09-25 04:51:59,656 [a8f74c9c-c1e0-47fe-a430-51d3a9749877@group-6C8B613B7335:LeaderElection42] INFO  server.RaftServerConfigKeys (ConfUtils.java:logGet(43)) - raft.server.watch.element-limit = 65536 (default)
2019-09-25 04:51:59,655 [ForkJoinPool.commonPool-worker-1] INFO  impl.PendingRequests (PendingRequests.java:sendNotLeaderResponses(202)) - af197493-ce66-4de5-b7e9-f4e1a29b0c2a-PendingRequests: sendNotLeaderResponses
2019-09-25 04:51:59,656 [main] INFO  impl.PendingRequests (PendingRequests.java:sendNotLeaderResponses(202)) - 061f0142-df7f-4ee2-9f4c-60a73b1123be-PendingRequests: sendNotLeaderResponses
2019-09-25 04:51:59,657 [ForkJoinPool.commonPool-worker-1] INFO  impl.StateMachineUpdater (StateMachineUpdater.java:stopAndJoin(125)) - af197493-ce66-4de5-b7e9-f4e1a29b0c2a@group-934F85DCDEF3-StateMachineUpdater: set stopIndex = 0
2019-09-25 04:51:59,657 [main] INFO  impl.StateMachineUpdater (StateMachineUpdater.java:stopAndJoin(125)) - 061f0142-df7f-4ee2-9f4c-60a73b1123be@group-ACD37A13DC40-StateMachineUpdater: set stopIndex = 0
2019-09-25 04:51:59,657 [ForkJoinPool.commonPool-worker-1] INFO  impl.RaftServerImpl (ServerState.java:close(385)) - af197493-ce66-4de5-b7e9-f4e1a29b0c2a@group-934F85DCDEF3: closes. applyIndex: 0
2019-09-25 04:51:59,658 [main] INFO  impl.RaftServerImpl (ServerState.java:close(385)) - 061f0142-df7f-4ee2-9f4c-60a73b1123be@group-ACD37A13DC40: closes. applyIndex: 0
2019-09-25 04:51:59,658 [af197493-ce66-4de5-b7e9-f4e1a29b0c2a@group-934F85DCDEF3-SegmentedRaftLogWorker] INFO  segmented.SegmentedRaftLogWorker (SegmentedRaftLogWorker.java:run(313)) - af197493-ce66-4de5-b7e9-f4e1a29b0c2a@group-934F85DCDEF3-SegmentedRaftLogWorker was interrupted, exiting. There are 0 tasks remaining in the queue.
2019-09-25 04:51:59,658 [061f0142-df7f-4ee2-9f4c-60a73b1123be@group-ACD37A13DC40-SegmentedRaftLogWorker] INFO  segmented.SegmentedRaftLogWorker (SegmentedRaftLogWorker.java:run(313)) - 061f0142-df7f-4ee2-9f4c-60a73b1123be@group-ACD37A13DC40-SegmentedRaftLogWorker was interrupted, exiting. There are 0 tasks remaining in the queue.
2019-09-25 04:51:59,660 [ForkJoinPool.commonPool-worker-1] INFO  segmented.SegmentedRaftLogWorker (SegmentedRaftLogWorker.java:close(228)) - af197493-ce66-4de5-b7e9-f4e1a29b0c2a@group-934F85DCDEF3-SegmentedRaftLogWorker close()
2019-09-25 04:51:59,662 [main] INFO  segmented.SegmentedRaftLogWorker (SegmentedRaftLogWorker.java:close(228)) - 061f0142-df7f-4ee2-9f4c-60a73b1123be@group-ACD37A13DC40-SegmentedRaftLogWorker close()
2019-09-25 04:51:59,666 [a8f74c9c-c1e0-47fe-a430-51d3a9749877@group-726A93DFB677-SegmentedRaftLogWorker] INFO  segmented.SegmentedRaftLogWorker (SegmentedRaftLogWorker.java:execute(569)) - a8f74c9c-c1e0-47fe-a430-51d3a9749877@group-726A93DFB677-SegmentedRaftLogWorker: created new log segment /workdir/hadoop-ozone/integration-test/target/test-dir/MiniOzoneClusterImpl-ee606598-1675-4e02-b706-4bffbdc3363b/datanode-3/data/ratis/42cb011f-9b6c-4da1-ae34-726a93dfb677/current/log_inprogress_0
2019-09-25 04:51:59,670 [main] INFO  impl.RaftServerImpl (RaftServerImpl.java:lambda$shutdown$3(251)) - 061f0142-df7f-4ee2-9f4c-60a73b1123be@group-B2B9D65BD56D: shutdown
2019-09-25 04:51:59,666 [ForkJoinPool.commonPool-worker-1] INFO  impl.RaftServerImpl (RaftServerImpl.java:lambda$shutdown$3(251)) - af197493-ce66-4de5-b7e9-f4e1a29b0c2a@group-EFA2A2E6644E: shutdown
2019-09-25 04:51:59,671 [main] INFO  util.JmxRegister (JmxRegister.java:unregister(73)) - Successfully un-registered JMX Bean with object name Ratis:service=RaftServer,group=group-B2B9D65BD56D,id=061f0142-df7f-4ee2-9f4c-60a73b1123be
2019-09-25 04:51:59,671 [a8f74c9c-c1e0-47fe-a430-51d3a9749877@group-6C8B613B7335:LeaderElection42] INFO  impl.RoleInfo (RoleInfo.java:updateAndGet(143)) - a8f74c9c-c1e0-47fe-a430-51d3a9749877: start LeaderState
2019-09-25 04:51:59,671 [main] INFO  impl.RoleInfo (RoleInfo.java:shutdownLeaderState(104)) - 061f0142-df7f-4ee2-9f4c-60a73b1123be: shutdown LeaderState
2019-09-25 04:51:59,671 [ForkJoinPool.commonPool-worker-1] INFO  util.JmxRegister (JmxRegister.java:unregister(73)) - Successfully un-registered JMX Bean with object name Ratis:service=RaftServer,group=group-EFA2A2E6644E,id=af197493-ce66-4de5-b7e9-f4e1a29b0c2a
2019-09-25 04:51:59,672 [main] INFO  impl.PendingRequests (PendingRequests.java:sendNotLeaderResponses(202)) - 061f0142-df7f-4ee2-9f4c-60a73b1123be-PendingRequests: sendNotLeaderResponses
2019-09-25 04:51:59,672 [a8f74c9c-c1e0-47fe-a430-51d3a9749877@group-6C8B613B7335:LeaderElection42] INFO  segmented.SegmentedRaftLogWorker (SegmentedRaftLogWorker.java:startLogSegment(380)) - a8f74c9c-c1e0-47fe-a430-51d3a9749877@group-6C8B613B7335-SegmentedRaftLogWorker: Starting segment from index:0
2019-09-25 04:51:59,673 [main] INFO  impl.StateMachineUpdater (StateMachineUpdater.java:stopAndJoin(125)) - 061f0142-df7f-4ee2-9f4c-60a73b1123be@group-B2B9D65BD56D-StateMachineUpdater: set stopIndex = 0
2019-09-25 04:51:59,672 [ForkJoinPool.commonPool-worker-1] INFO  impl.RoleInfo (RoleInfo.java:shutdownLeaderState(104)) - af197493-ce66-4de5-b7e9-f4e1a29b0c2a: shutdown LeaderState
2019-09-25 04:51:59,673 [main] INFO  impl.RaftServerImpl (ServerState.java:close(385)) - 061f0142-df7f-4ee2-9f4c-60a73b1123be@group-B2B9D65BD56D: closes. applyIndex: 0
2019-09-25 04:51:59,673 [a8f74c9c-c1e0-47fe-a430-51d3a9749877@group-6C8B613B7335:LeaderElection42] INFO  impl.RaftServerImpl (ServerState.java:setRaftConf(354)) - a8f74c9c-c1e0-47fe-a430-51d3a9749877@group-6C8B613B7335: set configuration 0: [a8f74c9c-c1e0-47fe-a430-51d3a9749877:192.168.164.207:37761], old=null at 0
2019-09-25 04:51:59,673 [ForkJoinPool.commonPool-worker-1] INFO  impl.PendingRequests (PendingRequests.java:sendNotLeaderResponses(202)) - af197493-ce66-4de5-b7e9-f4e1a29b0c2a-PendingRequests: sendNotLeaderResponses
2019-09-25 04:51:59,674 [061f0142-df7f-4ee2-9f4c-60a73b1123be@group-B2B9D65BD56D-SegmentedRaftLogWorker] INFO  segmented.SegmentedRaftLogWorker (SegmentedRaftLogWorker.java:run(313)) - 061f0142-df7f-4ee2-9f4c-60a73b1123be@group-B2B9D65BD56D-SegmentedRaftLogWorker was interrupted, exiting. There are 0 tasks remaining in the queue.
2019-09-25 04:51:59,674 [ForkJoinPool.commonPool-worker-1] INFO  impl.StateMachineUpdater (StateMachineUpdater.java:stopAndJoin(125)) - af197493-ce66-4de5-b7e9-f4e1a29b0c2a@group-EFA2A2E6644E-StateMachineUpdater: set stopIndex = 0
2019-09-25 04:51:59,700 [main] INFO  segmented.SegmentedRaftLogWorker (SegmentedRaftLogWorker.java:close(228)) - 061f0142-df7f-4ee2-9f4c-60a73b1123be@group-B2B9D65BD56D-SegmentedRaftLogWorker close()
2019-09-25 04:51:59,700 [ForkJoinPool.commonPool-worker-1] INFO  impl.RaftServerImpl (ServerState.java:close(385)) - af197493-ce66-4de5-b7e9-f4e1a29b0c2a@group-EFA2A2E6644E: closes. applyIndex: 0
2019-09-25 04:51:59,705 [main] INFO  impl.RaftServerImpl (RaftServerImpl.java:lambda$shutdown$3(251)) - 061f0142-df7f-4ee2-9f4c-60a73b1123be@group-33B7800E8333: shutdown
2019-09-25 04:51:59,705 [af197493-ce66-4de5-b7e9-f4e1a29b0c2a@group-EFA2A2E6644E-SegmentedRaftLogWorker] INFO  segmented.SegmentedRaftLogWorker (SegmentedRaftLogWorker.java:run(313)) - af197493-ce66-4de5-b7e9-f4e1a29b0c2a@group-EFA2A2E6644E-SegmentedRaftLogWorker was interrupted, exiting. There are 0 tasks remaining in the queue.
2019-09-25 04:51:59,706 [main] INFO  util.JmxRegister (JmxRegister.java:unregister(73)) - Successfully un-registered JMX Bean with object name Ratis:service=RaftServer,group=group-33B7800E8333,id=061f0142-df7f-4ee2-9f4c-60a73b1123be
2019-09-25 04:51:59,708 [ForkJoinPool.commonPool-worker-1] INFO  segmented.SegmentedRaftLogWorker (SegmentedRaftLogWorker.java:close(228)) - af197493-ce66-4de5-b7e9-f4e1a29b0c2a@group-EFA2A2E6644E-SegmentedRaftLogWorker close()
2019-09-25 04:51:59,708 [main] INFO  impl.RoleInfo (RoleInfo.java:shutdownLeaderState(104)) - 061f0142-df7f-4ee2-9f4c-60a73b1123be: shutdown LeaderState
2019-09-25 04:51:59,719 [ForkJoinPool.commonPool-worker-1] INFO  impl.RaftServerImpl (RaftServerImpl.java:lambda$shutdown$3(251)) - af197493-ce66-4de5-b7e9-f4e1a29b0c2a@group-9A0A9C024F60: shutdown
2019-09-25 04:51:59,719 [main] INFO  impl.PendingRequests (PendingRequests.java:sendNotLeaderResponses(202)) - 061f0142-df7f-4ee2-9f4c-60a73b1123be-PendingRequests: sendNotLeaderResponses
2019-09-25 04:51:59,720 [ForkJoinPool.commonPool-worker-1] INFO  util.JmxRegister (JmxRegister.java:unregister(73)) - Successfully un-registered JMX Bean with object name Ratis:service=RaftServer,group=group-9A0A9C024F60,id=af197493-ce66-4de5-b7e9-f4e1a29b0c2a
2019-09-25 04:51:59,720 [main] INFO  impl.StateMachineUpdater (StateMachineUpdater.java:stopAndJoin(125)) - 061f0142-df7f-4ee2-9f4c-60a73b1123be@group-33B7800E8333-StateMachineUpdater: set stopIndex = 0
2019-09-25 04:51:59,720 [ForkJoinPool.commonPool-worker-1] INFO  impl.RoleInfo (RoleInfo.java:shutdownLeaderState(104)) - af197493-ce66-4de5-b7e9-f4e1a29b0c2a: shutdown LeaderState
2019-09-25 04:51:59,721 [main] INFO  impl.RaftServerImpl (ServerState.java:close(385)) - 061f0142-df7f-4ee2-9f4c-60a73b1123be@group-33B7800E8333: closes. applyIndex: 0
2019-09-25 04:51:59,721 [ForkJoinPool.commonPool-worker-1] INFO  impl.PendingRequests (PendingRequests.java:sendNotLeaderResponses(202)) - af197493-ce66-4de5-b7e9-f4e1a29b0c2a-PendingRequests: sendNotLeaderResponses
2019-09-25 04:51:59,722 [061f0142-df7f-4ee2-9f4c-60a73b1123be@group-33B7800E8333-SegmentedRaftLogWorker] INFO  segmented.SegmentedRaftLogWorker (SegmentedRaftLogWorker.java:run(313)) - 061f0142-df7f-4ee2-9f4c-60a73b1123be@group-33B7800E8333-SegmentedRaftLogWorker was interrupted, exiting. There are 0 tasks remaining in the queue.
2019-09-25 04:51:59,722 [ForkJoinPool.commonPool-worker-1] INFO  impl.StateMachineUpdater (StateMachineUpdater.java:stopAndJoin(125)) - af197493-ce66-4de5-b7e9-f4e1a29b0c2a@group-9A0A9C024F60-StateMachineUpdater: set stopIndex = 0
2019-09-25 04:51:59,722 [ForkJoinPool.commonPool-worker-1] INFO  impl.RaftServerImpl (ServerState.java:close(385)) - af197493-ce66-4de5-b7e9-f4e1a29b0c2a@group-9A0A9C024F60: closes. applyIndex: 0
2019-09-25 04:51:59,722 [main] INFO  segmented.SegmentedRaftLogWorker (SegmentedRaftLogWorker.java:close(228)) - 061f0142-df7f-4ee2-9f4c-60a73b1123be@group-33B7800E8333-SegmentedRaftLogWorker close()
2019-09-25 04:51:59,723 [af197493-ce66-4de5-b7e9-f4e1a29b0c2a@group-9A0A9C024F60-SegmentedRaftLogWorker] INFO  segmented.SegmentedRaftLogWorker (SegmentedRaftLogWorker.java:run(313)) - af197493-ce66-4de5-b7e9-f4e1a29b0c2a@group-9A0A9C024F60-SegmentedRaftLogWorker was interrupted, exiting. There are 0 tasks remaining in the queue.
2019-09-25 04:51:59,725 [a8f74c9c-c1e0-47fe-a430-51d3a9749877@group-6C8B613B7335-SegmentedRaftLogWorker] INFO  segmented.SegmentedRaftLogWorker (SegmentedRaftLogWorker.java:execute(569)) - a8f74c9c-c1e0-47fe-a430-51d3a9749877@group-6C8B613B7335-SegmentedRaftLogWorker: created new log segment /workdir/hadoop-ozone/integration-test/target/test-dir/MiniOzoneClusterImpl-ee606598-1675-4e02-b706-4bffbdc3363b/datanode-3/data/ratis/b9d33037-33bc-4ede-a6c6-6c8b613b7335/current/log_inprogress_0
2019-09-25 04:51:59,725 [ForkJoinPool.commonPool-worker-1] INFO  segmented.SegmentedRaftLogWorker (SegmentedRaftLogWorker.java:close(228)) - af197493-ce66-4de5-b7e9-f4e1a29b0c2a@group-9A0A9C024F60-SegmentedRaftLogWorker close()
2019-09-25 04:51:59,728 [ForkJoinPool.commonPool-worker-1] INFO  server.GrpcService (GrpcService.java:closeImpl(164)) - af197493-ce66-4de5-b7e9-f4e1a29b0c2a: shutdown server with port 32804 now
2019-09-25 04:51:59,728 [main] INFO  server.GrpcService (GrpcService.java:closeImpl(164)) - 061f0142-df7f-4ee2-9f4c-60a73b1123be: shutdown server with port 36055 now
2019-09-25 04:51:59,731 [main] INFO  server.GrpcService (GrpcService.java:closeImpl(172)) - 061f0142-df7f-4ee2-9f4c-60a73b1123be: shutdown server with port 36055 successfully
2019-09-25 04:51:59,733 [ForkJoinPool.commonPool-worker-1] INFO  server.GrpcService (GrpcService.java:closeImpl(172)) - af197493-ce66-4de5-b7e9-f4e1a29b0c2a: shutdown server with port 32804 successfully
2019-09-25 04:51:59,737 [refreshUsed-/workdir/hadoop-ozone/integration-test/target/test-dir/MiniOzoneClusterImpl-ee606598-1675-4e02-b706-4bffbdc3363b/datanode-1/data/containers] WARN  fs.CachingGetSpaceUsed (CachingGetSpaceUsed.java:run(183)) - Thread Interrupted waiting to refresh disk information: sleep interrupted
2019-09-25 04:51:59,737 [refreshUsed-/workdir/hadoop-ozone/integration-test/target/test-dir/MiniOzoneClusterImpl-ee606598-1675-4e02-b706-4bffbdc3363b/datanode-4/data/containers] WARN  fs.CachingGetSpaceUsed (CachingGetSpaceUsed.java:run(183)) - Thread Interrupted waiting to refresh disk information: sleep interrupted
2019-09-25 04:51:59,764 [main] INFO  utils.BackgroundService (BackgroundService.java:shutdown(148)) - Shutting down service BlockDeletingService
2019-09-25 04:51:59,766 [ForkJoinPool.commonPool-worker-1] INFO  utils.BackgroundService (BackgroundService.java:shutdown(148)) - Shutting down service BlockDeletingService
2019-09-25 04:51:59,771 [main] INFO  statemachine.DatanodeStateMachine (DatanodeStateMachine.java:stopDaemon(395)) - Ozone container server stopped.
2019-09-25 04:51:59,778 [ForkJoinPool.commonPool-worker-1] INFO  statemachine.DatanodeStateMachine (DatanodeStateMachine.java:stopDaemon(395)) - Ozone container server stopped.
2019-09-25 04:51:59,782 [main] INFO  handler.ContextHandler (ContextHandler.java:doStop(910)) - Stopped o.e.j.w.WebAppContext@127a7272{/,null,UNAVAILABLE}{/hddsDatanode}
2019-09-25 04:51:59,783 [ForkJoinPool.commonPool-worker-1] INFO  handler.ContextHandler (ContextHandler.java:doStop(910)) - Stopped o.e.j.w.WebAppContext@5b5e7036{/,null,UNAVAILABLE}{/hddsDatanode}
2019-09-25 04:51:59,784 [ForkJoinPool.commonPool-worker-1] INFO  server.AbstractConnector (AbstractConnector.java:doStop(318)) - Stopped ServerConnector@62dbe64e{HTTP/1.1,[http/1.1]}{0.0.0.0:0}
2019-09-25 04:51:59,784 [main] INFO  server.AbstractConnector (AbstractConnector.java:doStop(318)) - Stopped ServerConnector@ff23ae7{HTTP/1.1,[http/1.1]}{0.0.0.0:0}
2019-09-25 04:51:59,786 [ForkJoinPool.commonPool-worker-1] INFO  handler.ContextHandler (ContextHandler.java:doStop(910)) - Stopped o.e.j.s.ServletContextHandler@3bbf841e{/static,jar:file:/home/user/.m2/repository/org/apache/hadoop/hadoop-hdds-container-service/0.5.0-SNAPSHOT/hadoop-hdds-container-service-0.5.0-SNAPSHOT.jar!/webapps/static,UNAVAILABLE}
2019-09-25 04:51:59,787 [main] INFO  handler.ContextHandler (ContextHandler.java:doStop(910)) - Stopped o.e.j.s.ServletContextHandler@2a369e14{/static,jar:file:/home/user/.m2/repository/org/apache/hadoop/hadoop-hdds-container-service/0.5.0-SNAPSHOT/hadoop-hdds-container-service-0.5.0-SNAPSHOT.jar!/webapps/static,UNAVAILABLE}
2019-09-25 04:51:59,788 [ForkJoinPool.commonPool-worker-1] INFO  handler.ContextHandler (ContextHandler.java:doStop(910)) - Stopped o.e.j.s.ServletContextHandler@5679e96b{/logs,file:///workdir/hadoop-ozone/integration-test/target/log,UNAVAILABLE}
2019-09-25 04:51:59,789 [main] INFO  handler.ContextHandler (ContextHandler.java:doStop(910)) - Stopped o.e.j.s.ServletContextHandler@60c8a093{/logs,file:///workdir/hadoop-ozone/integration-test/target/log,UNAVAILABLE}
2019-09-25 04:52:00,139 [Datanode State Machine Thread - 0] INFO  statemachine.DatanodeStateMachine (DatanodeStateMachine.java:lambda$startDaemon$0(350)) - Ozone container server started.
2019-09-25 04:52:00,185 [Datanode State Machine Thread - 0] INFO  statemachine.DatanodeStateMachine (DatanodeStateMachine.java:lambda$startDaemon$0(350)) - Ozone container server started.
2019-09-25 04:52:04,791 [main] INFO  ozoneimpl.OzoneContainer (OzoneContainer.java:stop(231)) - Attempting to stop container services.
2019-09-25 04:52:04,792 [ForkJoinPool.commonPool-worker-1] INFO  ozoneimpl.OzoneContainer (OzoneContainer.java:stop(231)) - Attempting to stop container services.
2019-09-25 04:52:04,792 [main] INFO  impl.RaftServerProxy (RaftServerProxy.java:lambda$close$4(314)) - a8f74c9c-c1e0-47fe-a430-51d3a9749877: close
2019-09-25 04:52:04,793 [ForkJoinPool.commonPool-worker-1] INFO  impl.RaftServerProxy (RaftServerProxy.java:lambda$close$4(314)) - 5ef12726-03f2-4870-a114-ed0a439e18ee: close
2019-09-25 04:52:04,793 [main] INFO  impl.RaftServerImpl (RaftServerImpl.java:lambda$shutdown$3(251)) - a8f74c9c-c1e0-47fe-a430-51d3a9749877@group-6C8B613B7335: shutdown
2019-09-25 04:52:04,793 [ForkJoinPool.commonPool-worker-1] INFO  impl.RaftServerImpl (RaftServerImpl.java:lambda$shutdown$3(251)) - 5ef12726-03f2-4870-a114-ed0a439e18ee@group-A93586965BD1: shutdown
2019-09-25 04:52:04,794 [main] INFO  util.JmxRegister (JmxRegister.java:unregister(73)) - Successfully un-registered JMX Bean with object name Ratis:service=RaftServer,group=group-6C8B613B7335,id=a8f74c9c-c1e0-47fe-a430-51d3a9749877
2019-09-25 04:52:04,794 [ForkJoinPool.commonPool-worker-1] INFO  util.JmxRegister (JmxRegister.java:unregister(73)) - Successfully un-registered JMX Bean with object name Ratis:service=RaftServer,group=group-A93586965BD1,id=5ef12726-03f2-4870-a114-ed0a439e18ee
2019-09-25 04:52:04,794 [main] INFO  impl.RoleInfo (RoleInfo.java:shutdownLeaderState(104)) - a8f74c9c-c1e0-47fe-a430-51d3a9749877: shutdown LeaderState
2019-09-25 04:52:04,795 [ForkJoinPool.commonPool-worker-1] INFO  impl.RoleInfo (RoleInfo.java:shutdownLeaderState(104)) - 5ef12726-03f2-4870-a114-ed0a439e18ee: shutdown LeaderState
2019-09-25 04:52:04,795 [main] INFO  impl.PendingRequests (PendingRequests.java:sendNotLeaderResponses(202)) - a8f74c9c-c1e0-47fe-a430-51d3a9749877-PendingRequests: sendNotLeaderResponses
2019-09-25 04:52:04,796 [ForkJoinPool.commonPool-worker-1] INFO  impl.PendingRequests (PendingRequests.java:sendNotLeaderResponses(202)) - 5ef12726-03f2-4870-a114-ed0a439e18ee-PendingRequests: sendNotLeaderResponses
2019-09-25 04:52:04,796 [main] INFO  impl.StateMachineUpdater (StateMachineUpdater.java:stopAndJoin(125)) - a8f74c9c-c1e0-47fe-a430-51d3a9749877@group-6C8B613B7335-StateMachineUpdater: set stopIndex = 0
2019-09-25 04:52:04,796 [ForkJoinPool.commonPool-worker-1] INFO  impl.StateMachineUpdater (StateMachineUpdater.java:stopAndJoin(125)) - 5ef12726-03f2-4870-a114-ed0a439e18ee@group-A93586965BD1-StateMachineUpdater: set stopIndex = 0
2019-09-25 04:52:04,797 [main] INFO  impl.RaftServerImpl (ServerState.java:close(385)) - a8f74c9c-c1e0-47fe-a430-51d3a9749877@group-6C8B613B7335: closes. applyIndex: 0
2019-09-25 04:52:04,797 [ForkJoinPool.commonPool-worker-1] INFO  impl.RaftServerImpl (ServerState.java:close(385)) - 5ef12726-03f2-4870-a114-ed0a439e18ee@group-A93586965BD1: closes. applyIndex: 0
2019-09-25 04:52:04,798 [a8f74c9c-c1e0-47fe-a430-51d3a9749877@group-6C8B613B7335-SegmentedRaftLogWorker] INFO  segmented.SegmentedRaftLogWorker (SegmentedRaftLogWorker.java:run(313)) - a8f74c9c-c1e0-47fe-a430-51d3a9749877@group-6C8B613B7335-SegmentedRaftLogWorker was interrupted, exiting. There are 0 tasks remaining in the queue.
2019-09-25 04:52:04,798 [5ef12726-03f2-4870-a114-ed0a439e18ee@group-A93586965BD1-SegmentedRaftLogWorker] INFO  segmented.SegmentedRaftLogWorker (SegmentedRaftLogWorker.java:run(313)) - 5ef12726-03f2-4870-a114-ed0a439e18ee@group-A93586965BD1-SegmentedRaftLogWorker was interrupted, exiting. There are 0 tasks remaining in the queue.
2019-09-25 04:52:04,800 [main] INFO  segmented.SegmentedRaftLogWorker (SegmentedRaftLogWorker.java:close(228)) - a8f74c9c-c1e0-47fe-a430-51d3a9749877@group-6C8B613B7335-SegmentedRaftLogWorker close()
2019-09-25 04:52:04,802 [main] INFO  impl.RaftServerImpl (RaftServerImpl.java:lambda$shutdown$3(251)) - a8f74c9c-c1e0-47fe-a430-51d3a9749877@group-C5EF63A97020: shutdown
2019-09-25 04:52:04,802 [main] INFO  util.JmxRegister (JmxRegister.java:unregister(73)) - Successfully un-registered JMX Bean with object name Ratis:service=RaftServer,group=group-C5EF63A97020,id=a8f74c9c-c1e0-47fe-a430-51d3a9749877
2019-09-25 04:52:04,803 [main] INFO  impl.RoleInfo (RoleInfo.java:shutdownLeaderState(104)) - a8f74c9c-c1e0-47fe-a430-51d3a9749877: shutdown LeaderState
2019-09-25 04:52:04,803 [main] INFO  impl.PendingRequests (PendingRequests.java:sendNotLeaderResponses(202)) - a8f74c9c-c1e0-47fe-a430-51d3a9749877-PendingRequests: sendNotLeaderResponses
2019-09-25 04:52:04,804 [main] INFO  impl.StateMachineUpdater (StateMachineUpdater.java:stopAndJoin(125)) - a8f74c9c-c1e0-47fe-a430-51d3a9749877@group-C5EF63A97020-StateMachineUpdater: set stopIndex = 0
2019-09-25 04:52:04,804 [main] INFO  impl.RaftServerImpl (ServerState.java:close(385)) - a8f74c9c-c1e0-47fe-a430-51d3a9749877@group-C5EF63A97020: closes. applyIndex: 0
2019-09-25 04:52:04,805 [a8f74c9c-c1e0-47fe-a430-51d3a9749877@group-C5EF63A97020-SegmentedRaftLogWorker] INFO  segmented.SegmentedRaftLogWorker (SegmentedRaftLogWorker.java:run(313)) - a8f74c9c-c1e0-47fe-a430-51d3a9749877@group-C5EF63A97020-SegmentedRaftLogWorker was interrupted, exiting. There are 0 tasks remaining in the queue.
2019-09-25 04:52:04,805 [main] INFO  segmented.SegmentedRaftLogWorker (SegmentedRaftLogWorker.java:close(228)) - a8f74c9c-c1e0-47fe-a430-51d3a9749877@group-C5EF63A97020-SegmentedRaftLogWorker close()
2019-09-25 04:52:04,807 [main] INFO  impl.RaftServerImpl (RaftServerImpl.java:lambda$shutdown$3(251)) - a8f74c9c-c1e0-47fe-a430-51d3a9749877@group-907D5F4B0780: shutdown
2019-09-25 04:52:04,807 [main] INFO  util.JmxRegister (JmxRegister.java:unregister(73)) - Successfully un-registered JMX Bean with object name Ratis:service=RaftServer,group=group-907D5F4B0780,id=a8f74c9c-c1e0-47fe-a430-51d3a9749877
2019-09-25 04:52:04,808 [main] INFO  impl.RoleInfo (RoleInfo.java:shutdownLeaderState(104)) - a8f74c9c-c1e0-47fe-a430-51d3a9749877: shutdown LeaderState
2019-09-25 04:52:04,808 [main] INFO  impl.PendingRequests (PendingRequests.java:sendNotLeaderResponses(202)) - a8f74c9c-c1e0-47fe-a430-51d3a9749877-PendingRequests: sendNotLeaderResponses
2019-09-25 04:52:04,809 [main] INFO  impl.StateMachineUpdater (StateMachineUpdater.java:stopAndJoin(125)) - a8f74c9c-c1e0-47fe-a430-51d3a9749877@group-907D5F4B0780-StateMachineUpdater: set stopIndex = 0
2019-09-25 04:52:04,809 [main] INFO  impl.RaftServerImpl (ServerState.java:close(385)) - a8f74c9c-c1e0-47fe-a430-51d3a9749877@group-907D5F4B0780: closes. applyIndex: 0
2019-09-25 04:52:04,810 [a8f74c9c-c1e0-47fe-a430-51d3a9749877@group-907D5F4B0780-SegmentedRaftLogWorker] INFO  segmented.SegmentedRaftLogWorker (SegmentedRaftLogWorker.java:run(313)) - a8f74c9c-c1e0-47fe-a430-51d3a9749877@group-907D5F4B0780-SegmentedRaftLogWorker was interrupted, exiting. There are 0 tasks remaining in the queue.
2019-09-25 04:52:04,812 [main] INFO  segmented.SegmentedRaftLogWorker (SegmentedRaftLogWorker.java:close(228)) - a8f74c9c-c1e0-47fe-a430-51d3a9749877@group-907D5F4B0780-SegmentedRaftLogWorker close()
2019-09-25 04:52:04,812 [ForkJoinPool.commonPool-worker-1] INFO  segmented.SegmentedRaftLogWorker (SegmentedRaftLogWorker.java:close(228)) - 5ef12726-03f2-4870-a114-ed0a439e18ee@group-A93586965BD1-SegmentedRaftLogWorker close()
2019-09-25 04:52:04,814 [main] INFO  impl.RaftServerImpl (RaftServerImpl.java:lambda$shutdown$3(251)) - a8f74c9c-c1e0-47fe-a430-51d3a9749877@group-A93D8C3885A8: shutdown
2019-09-25 04:52:04,816 [ForkJoinPool.commonPool-worker-1] INFO  impl.RaftServerImpl (RaftServerImpl.java:lambda$shutdown$3(251)) - 5ef12726-03f2-4870-a114-ed0a439e18ee@group-3C2DF713CDAA: shutdown
2019-09-25 04:52:04,816 [main] INFO  util.JmxRegister (JmxRegister.java:unregister(73)) - Successfully un-registered JMX Bean with object name Ratis:service=RaftServer,group=group-A93D8C3885A8,id=a8f74c9c-c1e0-47fe-a430-51d3a9749877
2019-09-25 04:52:04,817 [main] INFO  impl.RoleInfo (RoleInfo.java:shutdownLeaderState(104)) - a8f74c9c-c1e0-47fe-a430-51d3a9749877: shutdown LeaderState
2019-09-25 04:52:04,817 [ForkJoinPool.commonPool-worker-1] INFO  util.JmxRegister (JmxRegister.java:unregister(73)) - Successfully un-registered JMX Bean with object name Ratis:service=RaftServer,group=group-3C2DF713CDAA,id=5ef12726-03f2-4870-a114-ed0a439e18ee
2019-09-25 04:52:04,818 [main] INFO  impl.PendingRequests (PendingRequests.java:sendNotLeaderResponses(202)) - a8f74c9c-c1e0-47fe-a430-51d3a9749877-PendingRequests: sendNotLeaderResponses
2019-09-25 04:52:04,818 [ForkJoinPool.commonPool-worker-1] INFO  impl.RoleInfo (RoleInfo.java:shutdownLeaderState(104)) - 5ef12726-03f2-4870-a114-ed0a439e18ee: shutdown LeaderState
2019-09-25 04:52:04,818 [main] INFO  impl.StateMachineUpdater (StateMachineUpdater.java:stopAndJoin(125)) - a8f74c9c-c1e0-47fe-a430-51d3a9749877@group-A93D8C3885A8-StateMachineUpdater: set stopIndex = 0
2019-09-25 04:52:04,819 [ForkJoinPool.commonPool-worker-1] INFO  impl.PendingRequests (PendingRequests.java:sendNotLeaderResponses(202)) - 5ef12726-03f2-4870-a114-ed0a439e18ee-PendingRequests: sendNotLeaderResponses
2019-09-25 04:52:04,819 [main] INFO  impl.RaftServerImpl (ServerState.java:close(385)) - a8f74c9c-c1e0-47fe-a430-51d3a9749877@group-A93D8C3885A8: closes. applyIndex: 0
2019-09-25 04:52:04,820 [ForkJoinPool.commonPool-worker-1] INFO  impl.StateMachineUpdater (StateMachineUpdater.java:stopAndJoin(125)) - 5ef12726-03f2-4870-a114-ed0a439e18ee@group-3C2DF713CDAA-StateMachineUpdater: set stopIndex = 0
2019-09-25 04:52:04,820 [a8f74c9c-c1e0-47fe-a430-51d3a9749877@group-A93D8C3885A8-SegmentedRaftLogWorker] INFO  segmented.SegmentedRaftLogWorker (SegmentedRaftLogWorker.java:run(313)) - a8f74c9c-c1e0-47fe-a430-51d3a9749877@group-A93D8C3885A8-SegmentedRaftLogWorker was interrupted, exiting. There are 0 tasks remaining in the queue.
2019-09-25 04:52:04,821 [ForkJoinPool.commonPool-worker-1] INFO  impl.RaftServerImpl (ServerState.java:close(385)) - 5ef12726-03f2-4870-a114-ed0a439e18ee@group-3C2DF713CDAA: closes. applyIndex: 0
2019-09-25 04:52:04,821 [main] INFO  segmented.SegmentedRaftLogWorker (SegmentedRaftLogWorker.java:close(228)) - a8f74c9c-c1e0-47fe-a430-51d3a9749877@group-A93D8C3885A8-SegmentedRaftLogWorker close()
2019-09-25 04:52:04,821 [5ef12726-03f2-4870-a114-ed0a439e18ee@group-3C2DF713CDAA-SegmentedRaftLogWorker] INFO  segmented.SegmentedRaftLogWorker (SegmentedRaftLogWorker.java:run(313)) - 5ef12726-03f2-4870-a114-ed0a439e18ee@group-3C2DF713CDAA-SegmentedRaftLogWorker was interrupted, exiting. There are 0 tasks remaining in the queue.
2019-09-25 04:52:04,823 [main] INFO  impl.RaftServerImpl (RaftServerImpl.java:lambda$shutdown$3(251)) - a8f74c9c-c1e0-47fe-a430-51d3a9749877@group-07E3B9C936E2: shutdown
2019-09-25 04:52:04,823 [ForkJoinPool.commonPool-worker-1] INFO  segmented.SegmentedRaftLogWorker (SegmentedRaftLogWorker.java:close(228)) - 5ef12726-03f2-4870-a114-ed0a439e18ee@group-3C2DF713CDAA-SegmentedRaftLogWorker close()
2019-09-25 04:52:04,824 [main] INFO  util.JmxRegister (JmxRegister.java:unregister(73)) - Successfully un-registered JMX Bean with object name Ratis:service=RaftServer,group=group-07E3B9C936E2,id=a8f74c9c-c1e0-47fe-a430-51d3a9749877
2019-09-25 04:52:04,826 [main] INFO  impl.RoleInfo (RoleInfo.java:shutdownLeaderState(104)) - a8f74c9c-c1e0-47fe-a430-51d3a9749877: shutdown LeaderState
2019-09-25 04:52:04,825 [ForkJoinPool.commonPool-worker-1] INFO  impl.RaftServerImpl (RaftServerImpl.java:lambda$shutdown$3(251)) - 5ef12726-03f2-4870-a114-ed0a439e18ee@group-67E6760742FA: shutdown
2019-09-25 04:52:04,826 [main] INFO  impl.PendingRequests (PendingRequests.java:sendNotLeaderResponses(202)) - a8f74c9c-c1e0-47fe-a430-51d3a9749877-PendingRequests: sendNotLeaderResponses
2019-09-25 04:52:04,826 [ForkJoinPool.commonPool-worker-1] INFO  util.JmxRegister (JmxRegister.java:unregister(73)) - Successfully un-registered JMX Bean with object name Ratis:service=RaftServer,group=group-67E6760742FA,id=5ef12726-03f2-4870-a114-ed0a439e18ee
2019-09-25 04:52:04,827 [main] INFO  impl.StateMachineUpdater (StateMachineUpdater.java:stopAndJoin(125)) - a8f74c9c-c1e0-47fe-a430-51d3a9749877@group-07E3B9C936E2-StateMachineUpdater: set stopIndex = 0
2019-09-25 04:52:04,827 [main] INFO  impl.RaftServerImpl (ServerState.java:close(385)) - a8f74c9c-c1e0-47fe-a430-51d3a9749877@group-07E3B9C936E2: closes. applyIndex: 0
2019-09-25 04:52:04,827 [ForkJoinPool.commonPool-worker-1] INFO  impl.RoleInfo (RoleInfo.java:shutdownLeaderState(104)) - 5ef12726-03f2-4870-a114-ed0a439e18ee: shutdown LeaderState
2019-09-25 04:52:04,828 [a8f74c9c-c1e0-47fe-a430-51d3a9749877@group-07E3B9C936E2-SegmentedRaftLogWorker] INFO  segmented.SegmentedRaftLogWorker (SegmentedRaftLogWorker.java:run(313)) - a8f74c9c-c1e0-47fe-a430-51d3a9749877@group-07E3B9C936E2-SegmentedRaftLogWorker was interrupted, exiting. There are 0 tasks remaining in the queue.
2019-09-25 04:52:04,828 [ForkJoinPool.commonPool-worker-1] INFO  impl.PendingRequests (PendingRequests.java:sendNotLeaderResponses(202)) - 5ef12726-03f2-4870-a114-ed0a439e18ee-PendingRequests: sendNotLeaderResponses
2019-09-25 04:52:04,828 [main] INFO  segmented.SegmentedRaftLogWorker (SegmentedRaftLogWorker.java:close(228)) - a8f74c9c-c1e0-47fe-a430-51d3a9749877@group-07E3B9C936E2-SegmentedRaftLogWorker close()
2019-09-25 04:52:04,829 [ForkJoinPool.commonPool-worker-1] INFO  impl.StateMachineUpdater (StateMachineUpdater.java:stopAndJoin(125)) - 5ef12726-03f2-4870-a114-ed0a439e18ee@group-67E6760742FA-StateMachineUpdater: set stopIndex = 0
2019-09-25 04:52:04,831 [main] INFO  impl.RaftServerImpl (RaftServerImpl.java:lambda$shutdown$3(251)) - a8f74c9c-c1e0-47fe-a430-51d3a9749877@group-726A93DFB677: shutdown
2019-09-25 04:52:04,831 [ForkJoinPool.commonPool-worker-1] INFO  impl.RaftServerImpl (ServerState.java:close(385)) - 5ef12726-03f2-4870-a114-ed0a439e18ee@group-67E6760742FA: closes. applyIndex: 0
2019-09-25 04:52:04,831 [main] INFO  util.JmxRegister (JmxRegister.java:unregister(73)) - Successfully un-registered JMX Bean with object name Ratis:service=RaftServer,group=group-726A93DFB677,id=a8f74c9c-c1e0-47fe-a430-51d3a9749877
2019-09-25 04:52:04,832 [5ef12726-03f2-4870-a114-ed0a439e18ee@group-67E6760742FA-SegmentedRaftLogWorker] INFO  segmented.SegmentedRaftLogWorker (SegmentedRaftLogWorker.java:run(313)) - 5ef12726-03f2-4870-a114-ed0a439e18ee@group-67E6760742FA-SegmentedRaftLogWorker was interrupted, exiting. There are 0 tasks remaining in the queue.
2019-09-25 04:52:04,832 [main] INFO  impl.RoleInfo (RoleInfo.java:shutdownLeaderState(104)) - a8f74c9c-c1e0-47fe-a430-51d3a9749877: shutdown LeaderState
2019-09-25 04:52:04,832 [ForkJoinPool.commonPool-worker-1] INFO  segmented.SegmentedRaftLogWorker (SegmentedRaftLogWorker.java:close(228)) - 5ef12726-03f2-4870-a114-ed0a439e18ee@group-67E6760742FA-SegmentedRaftLogWorker close()
2019-09-25 04:52:04,833 [main] INFO  impl.PendingRequests (PendingRequests.java:sendNotLeaderResponses(202)) - a8f74c9c-c1e0-47fe-a430-51d3a9749877-PendingRequests: sendNotLeaderResponses
2019-09-25 04:52:04,839 [ForkJoinPool.commonPool-worker-1] INFO  impl.RaftServerImpl (RaftServerImpl.java:lambda$shutdown$3(251)) - 5ef12726-03f2-4870-a114-ed0a439e18ee@group-5D12FB8C415E: shutdown
2019-09-25 04:52:04,840 [main] INFO  impl.StateMachineUpdater (StateMachineUpdater.java:stopAndJoin(125)) - a8f74c9c-c1e0-47fe-a430-51d3a9749877@group-726A93DFB677-StateMachineUpdater: set stopIndex = 0
2019-09-25 04:52:04,840 [ForkJoinPool.commonPool-worker-1] INFO  util.JmxRegister (JmxRegister.java:unregister(73)) - Successfully un-registered JMX Bean with object name Ratis:service=RaftServer,group=group-5D12FB8C415E,id=5ef12726-03f2-4870-a114-ed0a439e18ee
2019-09-25 04:52:04,840 [main] INFO  impl.RaftServerImpl (ServerState.java:close(385)) - a8f74c9c-c1e0-47fe-a430-51d3a9749877@group-726A93DFB677: closes. applyIndex: 0
2019-09-25 04:52:04,841 [ForkJoinPool.commonPool-worker-1] INFO  impl.RoleInfo (RoleInfo.java:shutdownLeaderState(104)) - 5ef12726-03f2-4870-a114-ed0a439e18ee: shutdown LeaderState
2019-09-25 04:52:04,841 [a8f74c9c-c1e0-47fe-a430-51d3a9749877@group-726A93DFB677-SegmentedRaftLogWorker] INFO  segmented.SegmentedRaftLogWorker (SegmentedRaftLogWorker.java:run(313)) - a8f74c9c-c1e0-47fe-a430-51d3a9749877@group-726A93DFB677-SegmentedRaftLogWorker was interrupted, exiting. There are 0 tasks remaining in the queue.
2019-09-25 04:52:04,841 [ForkJoinPool.commonPool-worker-1] INFO  impl.PendingRequests (PendingRequests.java:sendNotLeaderResponses(202)) - 5ef12726-03f2-4870-a114-ed0a439e18ee-PendingRequests: sendNotLeaderResponses
2019-09-25 04:52:04,842 [main] INFO  segmented.SegmentedRaftLogWorker (SegmentedRaftLogWorker.java:close(228)) - a8f74c9c-c1e0-47fe-a430-51d3a9749877@group-726A93DFB677-SegmentedRaftLogWorker close()
2019-09-25 04:52:04,842 [ForkJoinPool.commonPool-worker-1] INFO  impl.StateMachineUpdater (StateMachineUpdater.java:stopAndJoin(125)) - 5ef12726-03f2-4870-a114-ed0a439e18ee@group-5D12FB8C415E-StateMachineUpdater: set stopIndex = 0
2019-09-25 04:52:04,842 [main] INFO  server.GrpcService (GrpcService.java:closeImpl(164)) - a8f74c9c-c1e0-47fe-a430-51d3a9749877: shutdown server with port 37761 now
2019-09-25 04:52:04,843 [ForkJoinPool.commonPool-worker-1] INFO  impl.RaftServerImpl (ServerState.java:close(385)) - 5ef12726-03f2-4870-a114-ed0a439e18ee@group-5D12FB8C415E: closes. applyIndex: 0
2019-09-25 04:52:04,845 [main] INFO  server.GrpcService (GrpcService.java:closeImpl(172)) - a8f74c9c-c1e0-47fe-a430-51d3a9749877: shutdown server with port 37761 successfully
2019-09-25 04:52:04,845 [5ef12726-03f2-4870-a114-ed0a439e18ee@group-5D12FB8C415E-SegmentedRaftLogWorker] INFO  segmented.SegmentedRaftLogWorker (SegmentedRaftLogWorker.java:run(313)) - 5ef12726-03f2-4870-a114-ed0a439e18ee@group-5D12FB8C415E-SegmentedRaftLogWorker was interrupted, exiting. There are 0 tasks remaining in the queue.
2019-09-25 04:52:04,846 [ForkJoinPool.commonPool-worker-1] INFO  segmented.SegmentedRaftLogWorker (SegmentedRaftLogWorker.java:close(228)) - 5ef12726-03f2-4870-a114-ed0a439e18ee@group-5D12FB8C415E-SegmentedRaftLogWorker close()
2019-09-25 04:52:04,846 [ForkJoinPool.commonPool-worker-1] INFO  impl.RaftServerImpl (RaftServerImpl.java:lambda$shutdown$3(251)) - 5ef12726-03f2-4870-a114-ed0a439e18ee@group-0EF638FDED0B: shutdown
2019-09-25 04:52:04,846 [ForkJoinPool.commonPool-worker-1] INFO  util.JmxRegister (JmxRegister.java:unregister(73)) - Successfully un-registered JMX Bean with object name Ratis:service=RaftServer,group=group-0EF638FDED0B,id=5ef12726-03f2-4870-a114-ed0a439e18ee
2019-09-25 04:52:04,846 [ForkJoinPool.commonPool-worker-1] INFO  impl.RoleInfo (RoleInfo.java:shutdownLeaderState(104)) - 5ef12726-03f2-4870-a114-ed0a439e18ee: shutdown LeaderState
2019-09-25 04:52:04,847 [ForkJoinPool.commonPool-worker-1] INFO  impl.PendingRequests (PendingRequests.java:sendNotLeaderResponses(202)) - 5ef12726-03f2-4870-a114-ed0a439e18ee-PendingRequests: sendNotLeaderResponses
2019-09-25 04:52:04,847 [refreshUsed-/workdir/hadoop-ozone/integration-test/target/test-dir/MiniOzoneClusterImpl-ee606598-1675-4e02-b706-4bffbdc3363b/datanode-3/data/containers] WARN  fs.CachingGetSpaceUsed (CachingGetSpaceUsed.java:run(183)) - Thread Interrupted waiting to refresh disk information: sleep interrupted
2019-09-25 04:52:04,847 [ForkJoinPool.commonPool-worker-1] INFO  impl.StateMachineUpdater (StateMachineUpdater.java:stopAndJoin(125)) - 5ef12726-03f2-4870-a114-ed0a439e18ee@group-0EF638FDED0B-StateMachineUpdater: set stopIndex = 0
2019-09-25 04:52:04,848 [ForkJoinPool.commonPool-worker-1] INFO  impl.RaftServerImpl (ServerState.java:close(385)) - 5ef12726-03f2-4870-a114-ed0a439e18ee@group-0EF638FDED0B: closes. applyIndex: 0
2019-09-25 04:52:04,848 [5ef12726-03f2-4870-a114-ed0a439e18ee@group-0EF638FDED0B-SegmentedRaftLogWorker] INFO  segmented.SegmentedRaftLogWorker (SegmentedRaftLogWorker.java:run(313)) - 5ef12726-03f2-4870-a114-ed0a439e18ee@group-0EF638FDED0B-SegmentedRaftLogWorker was interrupted, exiting. There are 0 tasks remaining in the queue.
2019-09-25 04:52:04,849 [ForkJoinPool.commonPool-worker-1] INFO  segmented.SegmentedRaftLogWorker (SegmentedRaftLogWorker.java:close(228)) - 5ef12726-03f2-4870-a114-ed0a439e18ee@group-0EF638FDED0B-SegmentedRaftLogWorker close()
2019-09-25 04:52:04,849 [ForkJoinPool.commonPool-worker-1] INFO  impl.RaftServerImpl (RaftServerImpl.java:lambda$shutdown$3(251)) - 5ef12726-03f2-4870-a114-ed0a439e18ee@group-1BD9BC1AB0D5: shutdown
2019-09-25 04:52:04,850 [ForkJoinPool.commonPool-worker-1] INFO  util.JmxRegister (JmxRegister.java:unregister(73)) - Successfully un-registered JMX Bean with object name Ratis:service=RaftServer,group=group-1BD9BC1AB0D5,id=5ef12726-03f2-4870-a114-ed0a439e18ee
2019-09-25 04:52:04,852 [ForkJoinPool.commonPool-worker-1] INFO  impl.RoleInfo (RoleInfo.java:shutdownLeaderState(104)) - 5ef12726-03f2-4870-a114-ed0a439e18ee: shutdown LeaderState
2019-09-25 04:52:04,853 [ForkJoinPool.commonPool-worker-1] INFO  impl.PendingRequests (PendingRequests.java:sendNotLeaderResponses(202)) - 5ef12726-03f2-4870-a114-ed0a439e18ee-PendingRequests: sendNotLeaderResponses
2019-09-25 04:52:04,853 [ForkJoinPool.commonPool-worker-1] INFO  impl.StateMachineUpdater (StateMachineUpdater.java:stopAndJoin(125)) - 5ef12726-03f2-4870-a114-ed0a439e18ee@group-1BD9BC1AB0D5-StateMachineUpdater: set stopIndex = 0
2019-09-25 04:52:04,853 [ForkJoinPool.commonPool-worker-1] INFO  impl.RaftServerImpl (ServerState.java:close(385)) - 5ef12726-03f2-4870-a114-ed0a439e18ee@group-1BD9BC1AB0D5: closes. applyIndex: 0
2019-09-25 04:52:04,854 [5ef12726-03f2-4870-a114-ed0a439e18ee@group-1BD9BC1AB0D5-SegmentedRaftLogWorker] INFO  segmented.SegmentedRaftLogWorker (SegmentedRaftLogWorker.java:run(313)) - 5ef12726-03f2-4870-a114-ed0a439e18ee@group-1BD9BC1AB0D5-SegmentedRaftLogWorker was interrupted, exiting. There are 0 tasks remaining in the queue.
2019-09-25 04:52:04,854 [ForkJoinPool.commonPool-worker-1] INFO  segmented.SegmentedRaftLogWorker (SegmentedRaftLogWorker.java:close(228)) - 5ef12726-03f2-4870-a114-ed0a439e18ee@group-1BD9BC1AB0D5-SegmentedRaftLogWorker close()
2019-09-25 04:52:04,854 [ForkJoinPool.commonPool-worker-1] INFO  server.GrpcService (GrpcService.java:closeImpl(164)) - 5ef12726-03f2-4870-a114-ed0a439e18ee: shutdown server with port 40177 now
2019-09-25 04:52:04,857 [ForkJoinPool.commonPool-worker-1] INFO  server.GrpcService (GrpcService.java:closeImpl(172)) - 5ef12726-03f2-4870-a114-ed0a439e18ee: shutdown server with port 40177 successfully
2019-09-25 04:52:04,858 [refreshUsed-/workdir/hadoop-ozone/integration-test/target/test-dir/MiniOzoneClusterImpl-ee606598-1675-4e02-b706-4bffbdc3363b/datanode-2/data/containers] WARN  fs.CachingGetSpaceUsed (CachingGetSpaceUsed.java:run(183)) - Thread Interrupted waiting to refresh disk information: sleep interrupted
2019-09-25 04:52:04,879 [main] INFO  utils.BackgroundService (BackgroundService.java:shutdown(148)) - Shutting down service BlockDeletingService
2019-09-25 04:52:04,884 [main] INFO  statemachine.DatanodeStateMachine (DatanodeStateMachine.java:stopDaemon(395)) - Ozone container server stopped.
2019-09-25 04:52:04,885 [main] INFO  handler.ContextHandler (ContextHandler.java:doStop(910)) - Stopped o.e.j.w.WebAppContext@44f24a20{/,null,UNAVAILABLE}{/hddsDatanode}
2019-09-25 04:52:04,886 [main] INFO  server.AbstractConnector (AbstractConnector.java:doStop(318)) - Stopped ServerConnector@1859e2a4{HTTP/1.1,[http/1.1]}{0.0.0.0:0}
2019-09-25 04:52:04,886 [main] INFO  handler.ContextHandler (ContextHandler.java:doStop(910)) - Stopped o.e.j.s.ServletContextHandler@252a8aae{/static,jar:file:/home/user/.m2/repository/org/apache/hadoop/hadoop-hdds-container-service/0.5.0-SNAPSHOT/hadoop-hdds-container-service-0.5.0-SNAPSHOT.jar!/webapps/static,UNAVAILABLE}
2019-09-25 04:52:04,887 [main] INFO  handler.ContextHandler (ContextHandler.java:doStop(910)) - Stopped o.e.j.s.ServletContextHandler@23f3da8b{/logs,file:///workdir/hadoop-ozone/integration-test/target/log,UNAVAILABLE}
2019-09-25 04:52:04,887 [ForkJoinPool.commonPool-worker-1] INFO  utils.BackgroundService (BackgroundService.java:shutdown(148)) - Shutting down service BlockDeletingService
2019-09-25 04:52:04,891 [ForkJoinPool.commonPool-worker-1] INFO  statemachine.DatanodeStateMachine (DatanodeStateMachine.java:stopDaemon(395)) - Ozone container server stopped.
2019-09-25 04:52:04,895 [ForkJoinPool.commonPool-worker-1] INFO  handler.ContextHandler (ContextHandler.java:doStop(910)) - Stopped o.e.j.w.WebAppContext@6342d610{/,null,UNAVAILABLE}{/hddsDatanode}
2019-09-25 04:52:04,896 [ForkJoinPool.commonPool-worker-1] INFO  server.AbstractConnector (AbstractConnector.java:doStop(318)) - Stopped ServerConnector@dc4a691{HTTP/1.1,[http/1.1]}{0.0.0.0:0}
2019-09-25 04:52:04,897 [ForkJoinPool.commonPool-worker-1] INFO  handler.ContextHandler (ContextHandler.java:doStop(910)) - Stopped o.e.j.s.ServletContextHandler@5a6d30e2{/static,jar:file:/home/user/.m2/repository/org/apache/hadoop/hadoop-hdds-container-service/0.5.0-SNAPSHOT/hadoop-hdds-container-service-0.5.0-SNAPSHOT.jar!/webapps/static,UNAVAILABLE}
2019-09-25 04:52:04,898 [ForkJoinPool.commonPool-worker-1] INFO  handler.ContextHandler (ContextHandler.java:doStop(910)) - Stopped o.e.j.s.ServletContextHandler@1cd3b138{/logs,file:///workdir/hadoop-ozone/integration-test/target/log,UNAVAILABLE}
2019-09-25 04:52:04,923 [Datanode State Machine Thread - 0] INFO  statemachine.DatanodeStateMachine (DatanodeStateMachine.java:lambda$startDaemon$0(350)) - Ozone container server started.
2019-09-25 04:52:05,850 [Datanode State Machine Thread - 0] INFO  statemachine.DatanodeStateMachine (DatanodeStateMachine.java:lambda$startDaemon$0(350)) - Ozone container server started.
2019-09-25 04:52:09,888 [main] INFO  ozoneimpl.OzoneContainer (OzoneContainer.java:stop(231)) - Attempting to stop container services.
2019-09-25 04:52:09,889 [main] INFO  impl.RaftServerProxy (RaftServerProxy.java:lambda$close$4(314)) - 38e0221b-1a06-473d-b1e9-41261cc0c838: close
2019-09-25 04:52:09,890 [main] INFO  impl.RaftServerImpl (RaftServerImpl.java:lambda$shutdown$3(251)) - 38e0221b-1a06-473d-b1e9-41261cc0c838@group-DA122D31D36F: shutdown
2019-09-25 04:52:09,890 [main] INFO  util.JmxRegister (JmxRegister.java:unregister(73)) - Successfully un-registered JMX Bean with object name Ratis:service=RaftServer,group=group-DA122D31D36F,id=38e0221b-1a06-473d-b1e9-41261cc0c838
2019-09-25 04:52:09,891 [main] INFO  impl.RoleInfo (RoleInfo.java:shutdownLeaderState(104)) - 38e0221b-1a06-473d-b1e9-41261cc0c838: shutdown LeaderState
2019-09-25 04:52:09,891 [main] INFO  impl.PendingRequests (PendingRequests.java:sendNotLeaderResponses(202)) - 38e0221b-1a06-473d-b1e9-41261cc0c838-PendingRequests: sendNotLeaderResponses
2019-09-25 04:52:09,892 [main] INFO  impl.StateMachineUpdater (StateMachineUpdater.java:stopAndJoin(125)) - 38e0221b-1a06-473d-b1e9-41261cc0c838@group-DA122D31D36F-StateMachineUpdater: set stopIndex = 0
2019-09-25 04:52:09,892 [main] INFO  impl.RaftServerImpl (ServerState.java:close(385)) - 38e0221b-1a06-473d-b1e9-41261cc0c838@group-DA122D31D36F: closes. applyIndex: 0
2019-09-25 04:52:09,893 [38e0221b-1a06-473d-b1e9-41261cc0c838@group-DA122D31D36F-SegmentedRaftLogWorker] INFO  segmented.SegmentedRaftLogWorker (SegmentedRaftLogWorker.java:run(313)) - 38e0221b-1a06-473d-b1e9-41261cc0c838@group-DA122D31D36F-SegmentedRaftLogWorker was interrupted, exiting. There are 0 tasks remaining in the queue.
2019-09-25 04:52:09,893 [main] INFO  segmented.SegmentedRaftLogWorker (SegmentedRaftLogWorker.java:close(228)) - 38e0221b-1a06-473d-b1e9-41261cc0c838@group-DA122D31D36F-SegmentedRaftLogWorker close()
2019-09-25 04:52:09,894 [main] INFO  impl.RaftServerImpl (RaftServerImpl.java:lambda$shutdown$3(251)) - 38e0221b-1a06-473d-b1e9-41261cc0c838@group-D8572A4DAAD3: shutdown
2019-09-25 04:52:09,894 [main] INFO  util.JmxRegister (JmxRegister.java:unregister(73)) - Successfully un-registered JMX Bean with object name Ratis:service=RaftServer,group=group-D8572A4DAAD3,id=38e0221b-1a06-473d-b1e9-41261cc0c838
2019-09-25 04:52:09,895 [main] INFO  impl.RoleInfo (RoleInfo.java:shutdownLeaderState(104)) - 38e0221b-1a06-473d-b1e9-41261cc0c838: shutdown LeaderState
2019-09-25 04:52:09,895 [main] INFO  impl.PendingRequests (PendingRequests.java:sendNotLeaderResponses(202)) - 38e0221b-1a06-473d-b1e9-41261cc0c838-PendingRequests: sendNotLeaderResponses
2019-09-25 04:52:09,896 [main] INFO  impl.StateMachineUpdater (StateMachineUpdater.java:stopAndJoin(125)) - 38e0221b-1a06-473d-b1e9-41261cc0c838@group-D8572A4DAAD3-StateMachineUpdater: set stopIndex = 0
2019-09-25 04:52:09,896 [main] INFO  impl.RaftServerImpl (ServerState.java:close(385)) - 38e0221b-1a06-473d-b1e9-41261cc0c838@group-D8572A4DAAD3: closes. applyIndex: 0
2019-09-25 04:52:09,897 [38e0221b-1a06-473d-b1e9-41261cc0c838@group-D8572A4DAAD3-SegmentedRaftLogWorker] INFO  segmented.SegmentedRaftLogWorker (SegmentedRaftLogWorker.java:run(313)) - 38e0221b-1a06-473d-b1e9-41261cc0c838@group-D8572A4DAAD3-SegmentedRaftLogWorker was interrupted, exiting. There are 0 tasks remaining in the queue.
2019-09-25 04:52:09,900 [ForkJoinPool.commonPool-worker-1] INFO  ozoneimpl.OzoneContainer (OzoneContainer.java:stop(231)) - Attempting to stop container services.
2019-09-25 04:52:09,900 [ForkJoinPool.commonPool-worker-1] INFO  impl.RaftServerProxy (RaftServerProxy.java:lambda$close$4(314)) - 38f9cd64-a54c-4b19-ac87-5788454c2084: close
2019-09-25 04:52:09,901 [ForkJoinPool.commonPool-worker-1] INFO  impl.RaftServerImpl (RaftServerImpl.java:lambda$shutdown$3(251)) - 38f9cd64-a54c-4b19-ac87-5788454c2084@group-1CA0B79F861C: shutdown
2019-09-25 04:52:09,901 [ForkJoinPool.commonPool-worker-1] INFO  util.JmxRegister (JmxRegister.java:unregister(73)) - Successfully un-registered JMX Bean with object name Ratis:service=RaftServer,group=group-1CA0B79F861C,id=38f9cd64-a54c-4b19-ac87-5788454c2084
2019-09-25 04:52:09,901 [ForkJoinPool.commonPool-worker-1] INFO  impl.RoleInfo (RoleInfo.java:shutdownLeaderState(104)) - 38f9cd64-a54c-4b19-ac87-5788454c2084: shutdown LeaderState
2019-09-25 04:52:09,902 [ForkJoinPool.commonPool-worker-1] INFO  impl.PendingRequests (PendingRequests.java:sendNotLeaderResponses(202)) - 38f9cd64-a54c-4b19-ac87-5788454c2084-PendingRequests: sendNotLeaderResponses
2019-09-25 04:52:09,902 [ForkJoinPool.commonPool-worker-1] INFO  impl.StateMachineUpdater (StateMachineUpdater.java:stopAndJoin(125)) - 38f9cd64-a54c-4b19-ac87-5788454c2084@group-1CA0B79F861C-StateMachineUpdater: set stopIndex = 0
2019-09-25 04:52:09,903 [ForkJoinPool.commonPool-worker-1] INFO  impl.RaftServerImpl (ServerState.java:close(385)) - 38f9cd64-a54c-4b19-ac87-5788454c2084@group-1CA0B79F861C: closes. applyIndex: 0
2019-09-25 04:52:09,903 [38f9cd64-a54c-4b19-ac87-5788454c2084@group-1CA0B79F861C-SegmentedRaftLogWorker] INFO  segmented.SegmentedRaftLogWorker (SegmentedRaftLogWorker.java:run(313)) - 38f9cd64-a54c-4b19-ac87-5788454c2084@group-1CA0B79F861C-SegmentedRaftLogWorker was interrupted, exiting. There are 0 tasks remaining in the queue.
2019-09-25 04:52:09,913 [main] INFO  segmented.SegmentedRaftLogWorker (SegmentedRaftLogWorker.java:close(228)) - 38e0221b-1a06-473d-b1e9-41261cc0c838@group-D8572A4DAAD3-SegmentedRaftLogWorker close()
2019-09-25 04:52:09,913 [ForkJoinPool.commonPool-worker-1] INFO  segmented.SegmentedRaftLogWorker (SegmentedRaftLogWorker.java:close(228)) - 38f9cd64-a54c-4b19-ac87-5788454c2084@group-1CA0B79F861C-SegmentedRaftLogWorker close()
2019-09-25 04:52:09,914 [main] INFO  impl.RaftServerImpl (RaftServerImpl.java:lambda$shutdown$3(251)) - 38e0221b-1a06-473d-b1e9-41261cc0c838@group-C06D2D488BED: shutdown
2019-09-25 04:52:09,914 [ForkJoinPool.commonPool-worker-1] INFO  impl.RaftServerImpl (RaftServerImpl.java:lambda$shutdown$3(251)) - 38f9cd64-a54c-4b19-ac87-5788454c2084@group-5D3F9205DA05: shutdown
2019-09-25 04:52:09,915 [main] INFO  util.JmxRegister (JmxRegister.java:unregister(73)) - Successfully un-registered JMX Bean with object name Ratis:service=RaftServer,group=group-C06D2D488BED,id=38e0221b-1a06-473d-b1e9-41261cc0c838
2019-09-25 04:52:09,915 [ForkJoinPool.commonPool-worker-1] INFO  util.JmxRegister (JmxRegister.java:unregister(73)) - Successfully un-registered JMX Bean with object name Ratis:service=RaftServer,group=group-5D3F9205DA05,id=38f9cd64-a54c-4b19-ac87-5788454c2084
2019-09-25 04:52:09,915 [main] INFO  impl.RoleInfo (RoleInfo.java:shutdownLeaderState(104)) - 38e0221b-1a06-473d-b1e9-41261cc0c838: shutdown LeaderState
2019-09-25 04:52:09,915 [ForkJoinPool.commonPool-worker-1] INFO  impl.RoleInfo (RoleInfo.java:shutdownLeaderState(104)) - 38f9cd64-a54c-4b19-ac87-5788454c2084: shutdown LeaderState
2019-09-25 04:52:09,916 [main] INFO  impl.PendingRequests (PendingRequests.java:sendNotLeaderResponses(202)) - 38e0221b-1a06-473d-b1e9-41261cc0c838-PendingRequests: sendNotLeaderResponses
2019-09-25 04:52:09,916 [ForkJoinPool.commonPool-worker-1] INFO  impl.PendingRequests (PendingRequests.java:sendNotLeaderResponses(202)) - 38f9cd64-a54c-4b19-ac87-5788454c2084-PendingRequests: sendNotLeaderResponses
2019-09-25 04:52:09,917 [main] INFO  impl.StateMachineUpdater (StateMachineUpdater.java:stopAndJoin(125)) - 38e0221b-1a06-473d-b1e9-41261cc0c838@group-C06D2D488BED-StateMachineUpdater: set stopIndex = 0
2019-09-25 04:52:09,917 [ForkJoinPool.commonPool-worker-1] INFO  impl.StateMachineUpdater (StateMachineUpdater.java:stopAndJoin(125)) - 38f9cd64-a54c-4b19-ac87-5788454c2084@group-5D3F9205DA05-StateMachineUpdater: set stopIndex = 0
2019-09-25 04:52:09,917 [main] INFO  impl.RaftServerImpl (ServerState.java:close(385)) - 38e0221b-1a06-473d-b1e9-41261cc0c838@group-C06D2D488BED: closes. applyIndex: 0
2019-09-25 04:52:09,918 [ForkJoinPool.commonPool-worker-1] INFO  impl.RaftServerImpl (ServerState.java:close(385)) - 38f9cd64-a54c-4b19-ac87-5788454c2084@group-5D3F9205DA05: closes. applyIndex: 0
2019-09-25 04:52:09,918 [38e0221b-1a06-473d-b1e9-41261cc0c838@group-C06D2D488BED-SegmentedRaftLogWorker] INFO  segmented.SegmentedRaftLogWorker (SegmentedRaftLogWorker.java:run(313)) - 38e0221b-1a06-473d-b1e9-41261cc0c838@group-C06D2D488BED-SegmentedRaftLogWorker was interrupted, exiting. There are 0 tasks remaining in the queue.
2019-09-25 04:52:09,918 [38f9cd64-a54c-4b19-ac87-5788454c2084@group-5D3F9205DA05-SegmentedRaftLogWorker] INFO  segmented.SegmentedRaftLogWorker (SegmentedRaftLogWorker.java:run(313)) - 38f9cd64-a54c-4b19-ac87-5788454c2084@group-5D3F9205DA05-SegmentedRaftLogWorker was interrupted, exiting. There are 0 tasks remaining in the queue.
2019-09-25 04:52:09,918 [main] INFO  segmented.SegmentedRaftLogWorker (SegmentedRaftLogWorker.java:close(228)) - 38e0221b-1a06-473d-b1e9-41261cc0c838@group-C06D2D488BED-SegmentedRaftLogWorker close()
2019-09-25 04:52:09,919 [ForkJoinPool.commonPool-worker-1] INFO  segmented.SegmentedRaftLogWorker (SegmentedRaftLogWorker.java:close(228)) - 38f9cd64-a54c-4b19-ac87-5788454c2084@group-5D3F9205DA05-SegmentedRaftLogWorker close()
2019-09-25 04:52:09,919 [main] INFO  impl.RaftServerImpl (RaftServerImpl.java:lambda$shutdown$3(251)) - 38e0221b-1a06-473d-b1e9-41261cc0c838@group-B827FF33F6D6: shutdown
2019-09-25 04:52:09,919 [ForkJoinPool.commonPool-worker-1] INFO  impl.RaftServerImpl (RaftServerImpl.java:lambda$shutdown$3(251)) - 38f9cd64-a54c-4b19-ac87-5788454c2084@group-D5B6EF56908C: shutdown
2019-09-25 04:52:09,920 [main] INFO  util.JmxRegister (JmxRegister.java:unregister(73)) - Successfully un-registered JMX Bean with object name Ratis:service=RaftServer,group=group-B827FF33F6D6,id=38e0221b-1a06-473d-b1e9-41261cc0c838
2019-09-25 04:52:09,920 [ForkJoinPool.commonPool-worker-1] INFO  util.JmxRegister (JmxRegister.java:unregister(73)) - Successfully un-registered JMX Bean with object name Ratis:service=RaftServer,group=group-D5B6EF56908C,id=38f9cd64-a54c-4b19-ac87-5788454c2084
2019-09-25 04:52:09,920 [main] INFO  impl.RoleInfo (RoleInfo.java:shutdownLeaderState(104)) - 38e0221b-1a06-473d-b1e9-41261cc0c838: shutdown LeaderState
2019-09-25 04:52:09,920 [ForkJoinPool.commonPool-worker-1] INFO  impl.RoleInfo (RoleInfo.java:shutdownLeaderState(104)) - 38f9cd64-a54c-4b19-ac87-5788454c2084: shutdown LeaderState
2019-09-25 04:52:09,921 [main] INFO  impl.PendingRequests (PendingRequests.java:sendNotLeaderResponses(202)) - 38e0221b-1a06-473d-b1e9-41261cc0c838-PendingRequests: sendNotLeaderResponses
2019-09-25 04:52:09,921 [ForkJoinPool.commonPool-worker-1] INFO  impl.PendingRequests (PendingRequests.java:sendNotLeaderResponses(202)) - 38f9cd64-a54c-4b19-ac87-5788454c2084-PendingRequests: sendNotLeaderResponses
2019-09-25 04:52:09,922 [main] INFO  impl.StateMachineUpdater (StateMachineUpdater.java:stopAndJoin(125)) - 38e0221b-1a06-473d-b1e9-41261cc0c838@group-B827FF33F6D6-StateMachineUpdater: set stopIndex = 0
2019-09-25 04:52:09,922 [ForkJoinPool.commonPool-worker-1] INFO  impl.StateMachineUpdater (StateMachineUpdater.java:stopAndJoin(125)) - 38f9cd64-a54c-4b19-ac87-5788454c2084@group-D5B6EF56908C-StateMachineUpdater: set stopIndex = 0
2019-09-25 04:52:09,922 [main] INFO  impl.RaftServerImpl (ServerState.java:close(385)) - 38e0221b-1a06-473d-b1e9-41261cc0c838@group-B827FF33F6D6: closes. applyIndex: 0
2019-09-25 04:52:09,922 [ForkJoinPool.commonPool-worker-1] INFO  impl.RaftServerImpl (ServerState.java:close(385)) - 38f9cd64-a54c-4b19-ac87-5788454c2084@group-D5B6EF56908C: closes. applyIndex: 0
2019-09-25 04:52:09,923 [38e0221b-1a06-473d-b1e9-41261cc0c838@group-B827FF33F6D6-SegmentedRaftLogWorker] INFO  segmented.SegmentedRaftLogWorker (SegmentedRaftLogWorker.java:run(313)) - 38e0221b-1a06-473d-b1e9-41261cc0c838@group-B827FF33F6D6-SegmentedRaftLogWorker was interrupted, exiting. There are 0 tasks remaining in the queue.
2019-09-25 04:52:09,923 [38f9cd64-a54c-4b19-ac87-5788454c2084@group-D5B6EF56908C-SegmentedRaftLogWorker] INFO  segmented.SegmentedRaftLogWorker (SegmentedRaftLogWorker.java:run(313)) - 38f9cd64-a54c-4b19-ac87-5788454c2084@group-D5B6EF56908C-SegmentedRaftLogWorker was interrupted, exiting. There are 0 tasks remaining in the queue.
2019-09-25 04:52:09,923 [main] INFO  segmented.SegmentedRaftLogWorker (SegmentedRaftLogWorker.java:close(228)) - 38e0221b-1a06-473d-b1e9-41261cc0c838@group-B827FF33F6D6-SegmentedRaftLogWorker close()
2019-09-25 04:52:09,923 [ForkJoinPool.commonPool-worker-1] INFO  segmented.SegmentedRaftLogWorker (SegmentedRaftLogWorker.java:close(228)) - 38f9cd64-a54c-4b19-ac87-5788454c2084@group-D5B6EF56908C-SegmentedRaftLogWorker close()
2019-09-25 04:52:09,924 [main] INFO  impl.RaftServerImpl (RaftServerImpl.java:lambda$shutdown$3(251)) - 38e0221b-1a06-473d-b1e9-41261cc0c838@group-72021D0354CD: shutdown
2019-09-25 04:52:09,924 [ForkJoinPool.commonPool-worker-1] INFO  impl.RaftServerImpl (RaftServerImpl.java:lambda$shutdown$3(251)) - 38f9cd64-a54c-4b19-ac87-5788454c2084@group-2C711F5C2A06: shutdown
2019-09-25 04:52:09,924 [main] INFO  util.JmxRegister (JmxRegister.java:unregister(73)) - Successfully un-registered JMX Bean with object name Ratis:service=RaftServer,group=group-72021D0354CD,id=38e0221b-1a06-473d-b1e9-41261cc0c838
2019-09-25 04:52:09,925 [main] INFO  impl.RoleInfo (RoleInfo.java:shutdownLeaderState(104)) - 38e0221b-1a06-473d-b1e9-41261cc0c838: shutdown LeaderState
2019-09-25 04:52:09,925 [ForkJoinPool.commonPool-worker-1] INFO  util.JmxRegister (JmxRegister.java:unregister(73)) - Successfully un-registered JMX Bean with object name Ratis:service=RaftServer,group=group-2C711F5C2A06,id=38f9cd64-a54c-4b19-ac87-5788454c2084
2019-09-25 04:52:09,925 [main] INFO  impl.PendingRequests (PendingRequests.java:sendNotLeaderResponses(202)) - 38e0221b-1a06-473d-b1e9-41261cc0c838-PendingRequests: sendNotLeaderResponses
2019-09-25 04:52:09,926 [ForkJoinPool.commonPool-worker-1] INFO  impl.RoleInfo (RoleInfo.java:shutdownLeaderState(104)) - 38f9cd64-a54c-4b19-ac87-5788454c2084: shutdown LeaderState
2019-09-25 04:52:09,926 [main] INFO  impl.StateMachineUpdater (StateMachineUpdater.java:stopAndJoin(125)) - 38e0221b-1a06-473d-b1e9-41261cc0c838@group-72021D0354CD-StateMachineUpdater: set stopIndex = 0
2019-09-25 04:52:09,926 [ForkJoinPool.commonPool-worker-1] INFO  impl.PendingRequests (PendingRequests.java:sendNotLeaderResponses(202)) - 38f9cd64-a54c-4b19-ac87-5788454c2084-PendingRequests: sendNotLeaderResponses
2019-09-25 04:52:09,927 [main] INFO  impl.RaftServerImpl (ServerState.java:close(385)) - 38e0221b-1a06-473d-b1e9-41261cc0c838@group-72021D0354CD: closes. applyIndex: 0
2019-09-25 04:52:09,927 [ForkJoinPool.commonPool-worker-1] INFO  impl.StateMachineUpdater (StateMachineUpdater.java:stopAndJoin(125)) - 38f9cd64-a54c-4b19-ac87-5788454c2084@group-2C711F5C2A06-StateMachineUpdater: set stopIndex = 0
2019-09-25 04:52:09,928 [38e0221b-1a06-473d-b1e9-41261cc0c838@group-72021D0354CD-SegmentedRaftLogWorker] INFO  segmented.SegmentedRaftLogWorker (SegmentedRaftLogWorker.java:run(313)) - 38e0221b-1a06-473d-b1e9-41261cc0c838@group-72021D0354CD-SegmentedRaftLogWorker was interrupted, exiting. There are 0 tasks remaining in the queue.
2019-09-25 04:52:09,928 [ForkJoinPool.commonPool-worker-1] INFO  impl.RaftServerImpl (ServerState.java:close(385)) - 38f9cd64-a54c-4b19-ac87-5788454c2084@group-2C711F5C2A06: closes. applyIndex: 0
2019-09-25 04:52:09,928 [main] INFO  segmented.SegmentedRaftLogWorker (SegmentedRaftLogWorker.java:close(228)) - 38e0221b-1a06-473d-b1e9-41261cc0c838@group-72021D0354CD-SegmentedRaftLogWorker close()
2019-09-25 04:52:09,929 [main] INFO  impl.RaftServerImpl (RaftServerImpl.java:lambda$shutdown$3(251)) - 38e0221b-1a06-473d-b1e9-41261cc0c838@group-01C70403FFE9: shutdown
2019-09-25 04:52:09,930 [main] INFO  util.JmxRegister (JmxRegister.java:unregister(73)) - Successfully un-registered JMX Bean with object name Ratis:service=RaftServer,group=group-01C70403FFE9,id=38e0221b-1a06-473d-b1e9-41261cc0c838
2019-09-25 04:52:09,930 [main] INFO  impl.RoleInfo (RoleInfo.java:shutdownLeaderState(104)) - 38e0221b-1a06-473d-b1e9-41261cc0c838: shutdown LeaderState
2019-09-25 04:52:09,931 [main] INFO  impl.PendingRequests (PendingRequests.java:sendNotLeaderResponses(202)) - 38e0221b-1a06-473d-b1e9-41261cc0c838-PendingRequests: sendNotLeaderResponses
2019-09-25 04:52:09,932 [main] INFO  impl.StateMachineUpdater (StateMachineUpdater.java:stopAndJoin(125)) - 38e0221b-1a06-473d-b1e9-41261cc0c838@group-01C70403FFE9-StateMachineUpdater: set stopIndex = 0
2019-09-25 04:52:09,932 [main] INFO  impl.RaftServerImpl (ServerState.java:close(385)) - 38e0221b-1a06-473d-b1e9-41261cc0c838@group-01C70403FFE9: closes. applyIndex: 0
2019-09-25 04:52:09,933 [38f9cd64-a54c-4b19-ac87-5788454c2084@group-2C711F5C2A06-SegmentedRaftLogWorker] INFO  segmented.SegmentedRaftLogWorker (SegmentedRaftLogWorker.java:run(313)) - 38f9cd64-a54c-4b19-ac87-5788454c2084@group-2C711F5C2A06-SegmentedRaftLogWorker was interrupted, exiting. There are 0 tasks remaining in the queue.
2019-09-25 04:52:09,934 [38e0221b-1a06-473d-b1e9-41261cc0c838@group-01C70403FFE9-SegmentedRaftLogWorker] INFO  segmented.SegmentedRaftLogWorker (SegmentedRaftLogWorker.java:run(313)) - 38e0221b-1a06-473d-b1e9-41261cc0c838@group-01C70403FFE9-SegmentedRaftLogWorker was interrupted, exiting. There are 0 tasks remaining in the queue.
2019-09-25 04:52:09,934 [ForkJoinPool.commonPool-worker-1] INFO  segmented.SegmentedRaftLogWorker (SegmentedRaftLogWorker.java:close(228)) - 38f9cd64-a54c-4b19-ac87-5788454c2084@group-2C711F5C2A06-SegmentedRaftLogWorker close()
2019-09-25 04:52:09,934 [main] INFO  segmented.SegmentedRaftLogWorker (SegmentedRaftLogWorker.java:close(228)) - 38e0221b-1a06-473d-b1e9-41261cc0c838@group-01C70403FFE9-SegmentedRaftLogWorker close()
2019-09-25 04:52:09,935 [ForkJoinPool.commonPool-worker-1] INFO  impl.RaftServerImpl (RaftServerImpl.java:lambda$shutdown$3(251)) - 38f9cd64-a54c-4b19-ac87-5788454c2084@group-A9A412E67723: shutdown
2019-09-25 04:52:09,935 [main] INFO  server.GrpcService (GrpcService.java:closeImpl(164)) - 38e0221b-1a06-473d-b1e9-41261cc0c838: shutdown server with port 35429 now
2019-09-25 04:52:09,936 [ForkJoinPool.commonPool-worker-1] INFO  util.JmxRegister (JmxRegister.java:unregister(73)) - Successfully un-registered JMX Bean with object name Ratis:service=RaftServer,group=group-A9A412E67723,id=38f9cd64-a54c-4b19-ac87-5788454c2084
2019-09-25 04:52:09,936 [ForkJoinPool.commonPool-worker-1] INFO  impl.RoleInfo (RoleInfo.java:shutdownLeaderState(104)) - 38f9cd64-a54c-4b19-ac87-5788454c2084: shutdown LeaderState
2019-09-25 04:52:09,937 [ForkJoinPool.commonPool-worker-1] INFO  impl.PendingRequests (PendingRequests.java:sendNotLeaderResponses(202)) - 38f9cd64-a54c-4b19-ac87-5788454c2084-PendingRequests: sendNotLeaderResponses
2019-09-25 04:52:09,943 [main] INFO  server.GrpcService (GrpcService.java:closeImpl(172)) - 38e0221b-1a06-473d-b1e9-41261cc0c838: shutdown server with port 35429 successfully
2019-09-25 04:52:09,943 [ForkJoinPool.commonPool-worker-1] INFO  impl.StateMachineUpdater (StateMachineUpdater.java:stopAndJoin(125)) - 38f9cd64-a54c-4b19-ac87-5788454c2084@group-A9A412E67723-StateMachineUpdater: set stopIndex = 0
2019-09-25 04:52:09,944 [ForkJoinPool.commonPool-worker-1] INFO  impl.RaftServerImpl (ServerState.java:close(385)) - 38f9cd64-a54c-4b19-ac87-5788454c2084@group-A9A412E67723: closes. applyIndex: 0
2019-09-25 04:52:09,944 [38f9cd64-a54c-4b19-ac87-5788454c2084@group-A9A412E67723-SegmentedRaftLogWorker] INFO  segmented.SegmentedRaftLogWorker (SegmentedRaftLogWorker.java:run(313)) - 38f9cd64-a54c-4b19-ac87-5788454c2084@group-A9A412E67723-SegmentedRaftLogWorker was interrupted, exiting. There are 0 tasks remaining in the queue.
2019-09-25 04:52:09,945 [ForkJoinPool.commonPool-worker-1] INFO  segmented.SegmentedRaftLogWorker (SegmentedRaftLogWorker.java:close(228)) - 38f9cd64-a54c-4b19-ac87-5788454c2084@group-A9A412E67723-SegmentedRaftLogWorker close()
2019-09-25 04:52:09,945 [ForkJoinPool.commonPool-worker-1] INFO  impl.RaftServerImpl (RaftServerImpl.java:lambda$shutdown$3(251)) - 38f9cd64-a54c-4b19-ac87-5788454c2084@group-C3D34ACF5BEF: shutdown
2019-09-25 04:52:09,946 [ForkJoinPool.commonPool-worker-1] INFO  util.JmxRegister (JmxRegister.java:unregister(73)) - Successfully un-registered JMX Bean with object name Ratis:service=RaftServer,group=group-C3D34ACF5BEF,id=38f9cd64-a54c-4b19-ac87-5788454c2084
2019-09-25 04:52:09,946 [refreshUsed-/workdir/hadoop-ozone/integration-test/target/test-dir/MiniOzoneClusterImpl-ee606598-1675-4e02-b706-4bffbdc3363b/datanode-6/data/containers] WARN  fs.CachingGetSpaceUsed (CachingGetSpaceUsed.java:run(183)) - Thread Interrupted waiting to refresh disk information: sleep interrupted
2019-09-25 04:52:09,946 [ForkJoinPool.commonPool-worker-1] INFO  impl.RoleInfo (RoleInfo.java:shutdownLeaderState(104)) - 38f9cd64-a54c-4b19-ac87-5788454c2084: shutdown LeaderState
2019-09-25 04:52:09,947 [ForkJoinPool.commonPool-worker-1] INFO  impl.PendingRequests (PendingRequests.java:sendNotLeaderResponses(202)) - 38f9cd64-a54c-4b19-ac87-5788454c2084-PendingRequests: sendNotLeaderResponses
2019-09-25 04:52:09,948 [ForkJoinPool.commonPool-worker-1] INFO  impl.StateMachineUpdater (StateMachineUpdater.java:stopAndJoin(125)) - 38f9cd64-a54c-4b19-ac87-5788454c2084@group-C3D34ACF5BEF-StateMachineUpdater: set stopIndex = 0
2019-09-25 04:52:09,949 [ForkJoinPool.commonPool-worker-1] INFO  impl.RaftServerImpl (ServerState.java:close(385)) - 38f9cd64-a54c-4b19-ac87-5788454c2084@group-C3D34ACF5BEF: closes. applyIndex: 0
2019-09-25 04:52:09,949 [38f9cd64-a54c-4b19-ac87-5788454c2084@group-C3D34ACF5BEF-SegmentedRaftLogWorker] INFO  segmented.SegmentedRaftLogWorker (SegmentedRaftLogWorker.java:run(313)) - 38f9cd64-a54c-4b19-ac87-5788454c2084@group-C3D34ACF5BEF-SegmentedRaftLogWorker was interrupted, exiting. There are 0 tasks remaining in the queue.
2019-09-25 04:52:09,950 [ForkJoinPool.commonPool-worker-1] INFO  segmented.SegmentedRaftLogWorker (SegmentedRaftLogWorker.java:close(228)) - 38f9cd64-a54c-4b19-ac87-5788454c2084@group-C3D34ACF5BEF-SegmentedRaftLogWorker close()
2019-09-25 04:52:09,950 [ForkJoinPool.commonPool-worker-1] INFO  server.GrpcService (GrpcService.java:closeImpl(164)) - 38f9cd64-a54c-4b19-ac87-5788454c2084: shutdown server with port 42162 now
2019-09-25 04:52:09,954 [ForkJoinPool.commonPool-worker-1] INFO  server.GrpcService (GrpcService.java:closeImpl(172)) - 38f9cd64-a54c-4b19-ac87-5788454c2084: shutdown server with port 42162 successfully
2019-09-25 04:52:09,958 [refreshUsed-/workdir/hadoop-ozone/integration-test/target/test-dir/MiniOzoneClusterImpl-ee606598-1675-4e02-b706-4bffbdc3363b/datanode-0/data/containers] WARN  fs.CachingGetSpaceUsed (CachingGetSpaceUsed.java:run(183)) - Thread Interrupted waiting to refresh disk information: sleep interrupted
2019-09-25 04:52:09,985 [main] INFO  utils.BackgroundService (BackgroundService.java:shutdown(148)) - Shutting down service BlockDeletingService
2019-09-25 04:52:09,989 [main] INFO  statemachine.DatanodeStateMachine (DatanodeStateMachine.java:stopDaemon(395)) - Ozone container server stopped.
2019-09-25 04:52:09,990 [main] INFO  handler.ContextHandler (ContextHandler.java:doStop(910)) - Stopped o.e.j.w.WebAppContext@43f1bb92{/,null,UNAVAILABLE}{/hddsDatanode}
2019-09-25 04:52:09,991 [main] INFO  server.AbstractConnector (AbstractConnector.java:doStop(318)) - Stopped ServerConnector@6d6bbd35{HTTP/1.1,[http/1.1]}{0.0.0.0:0}
2019-09-25 04:52:09,992 [main] INFO  handler.ContextHandler (ContextHandler.java:doStop(910)) - Stopped o.e.j.s.ServletContextHandler@1e1e9ef3{/static,jar:file:/home/user/.m2/repository/org/apache/hadoop/hadoop-hdds-container-service/0.5.0-SNAPSHOT/hadoop-hdds-container-service-0.5.0-SNAPSHOT.jar!/webapps/static,UNAVAILABLE}
2019-09-25 04:52:09,992 [main] INFO  handler.ContextHandler (ContextHandler.java:doStop(910)) - Stopped o.e.j.s.ServletContextHandler@2e645fbd{/logs,file:///workdir/hadoop-ozone/integration-test/target/log,UNAVAILABLE}
2019-09-25 04:52:09,996 [ForkJoinPool.commonPool-worker-1] INFO  utils.BackgroundService (BackgroundService.java:shutdown(148)) - Shutting down service BlockDeletingService
2019-09-25 04:52:09,999 [ForkJoinPool.commonPool-worker-1] INFO  statemachine.DatanodeStateMachine (DatanodeStateMachine.java:stopDaemon(395)) - Ozone container server stopped.
2019-09-25 04:52:10,003 [ForkJoinPool.commonPool-worker-1] INFO  handler.ContextHandler (ContextHandler.java:doStop(910)) - Stopped o.e.j.w.WebAppContext@3e33d73e{/,null,UNAVAILABLE}{/hddsDatanode}
2019-09-25 04:52:10,004 [ForkJoinPool.commonPool-worker-1] INFO  server.AbstractConnector (AbstractConnector.java:doStop(318)) - Stopped ServerConnector@6981f8f3{HTTP/1.1,[http/1.1]}{0.0.0.0:0}
2019-09-25 04:52:10,005 [ForkJoinPool.commonPool-worker-1] INFO  handler.ContextHandler (ContextHandler.java:doStop(910)) - Stopped o.e.j.s.ServletContextHandler@26f46fa6{/static,jar:file:/home/user/.m2/repository/org/apache/hadoop/hadoop-hdds-container-service/0.5.0-SNAPSHOT/hadoop-hdds-container-service-0.5.0-SNAPSHOT.jar!/webapps/static,UNAVAILABLE}
2019-09-25 04:52:10,007 [ForkJoinPool.commonPool-worker-1] INFO  handler.ContextHandler (ContextHandler.java:doStop(910)) - Stopped o.e.j.s.ServletContextHandler@d109c4f{/logs,file:///workdir/hadoop-ozone/integration-test/target/log,UNAVAILABLE}
2019-09-25 04:52:10,376 [Datanode State Machine Thread - 0] INFO  statemachine.DatanodeStateMachine (DatanodeStateMachine.java:lambda$startDaemon$0(350)) - Ozone container server started.
2019-09-25 04:52:14,994 [main] INFO  ozoneimpl.OzoneContainer (OzoneContainer.java:stop(231)) - Attempting to stop container services.
2019-09-25 04:52:14,995 [main] INFO  impl.RaftServerProxy (RaftServerProxy.java:lambda$close$4(314)) - a47783cb-f32c-4b3c-a96f-229a7b607849: close
2019-09-25 04:52:14,996 [main] INFO  impl.RaftServerImpl (RaftServerImpl.java:lambda$shutdown$3(251)) - a47783cb-f32c-4b3c-a96f-229a7b607849@group-00440DBC0030: shutdown
2019-09-25 04:52:14,996 [ForkJoinPool.commonPool-worker-0] INFO  impl.RaftServerImpl (RaftServerImpl.java:lambda$shutdown$3(251)) - a47783cb-f32c-4b3c-a96f-229a7b607849@group-7A09216C3206: shutdown
2019-09-25 04:52:14,996 [main] INFO  util.JmxRegister (JmxRegister.java:unregister(73)) - Successfully un-registered JMX Bean with object name Ratis:service=RaftServer,group=group-00440DBC0030,id=a47783cb-f32c-4b3c-a96f-229a7b607849
2019-09-25 04:52:14,996 [ForkJoinPool.commonPool-worker-0] INFO  util.JmxRegister (JmxRegister.java:unregister(73)) - Successfully un-registered JMX Bean with object name Ratis:service=RaftServer,group=group-7A09216C3206,id=a47783cb-f32c-4b3c-a96f-229a7b607849
2019-09-25 04:52:14,997 [main] INFO  impl.RoleInfo (RoleInfo.java:shutdownLeaderState(104)) - a47783cb-f32c-4b3c-a96f-229a7b607849: shutdown LeaderState
2019-09-25 04:52:14,997 [ForkJoinPool.commonPool-worker-0] INFO  impl.RoleInfo (RoleInfo.java:shutdownLeaderState(104)) - a47783cb-f32c-4b3c-a96f-229a7b607849: shutdown LeaderState
2019-09-25 04:52:14,997 [main] INFO  impl.PendingRequests (PendingRequests.java:sendNotLeaderResponses(202)) - a47783cb-f32c-4b3c-a96f-229a7b607849-PendingRequests: sendNotLeaderResponses
2019-09-25 04:52:14,998 [ForkJoinPool.commonPool-worker-0] INFO  impl.PendingRequests (PendingRequests.java:sendNotLeaderResponses(202)) - a47783cb-f32c-4b3c-a96f-229a7b607849-PendingRequests: sendNotLeaderResponses
2019-09-25 04:52:14,998 [main] INFO  impl.StateMachineUpdater (StateMachineUpdater.java:stopAndJoin(125)) - a47783cb-f32c-4b3c-a96f-229a7b607849@group-00440DBC0030-StateMachineUpdater: set stopIndex = 0
2019-09-25 04:52:14,998 [ForkJoinPool.commonPool-worker-0] INFO  impl.StateMachineUpdater (StateMachineUpdater.java:stopAndJoin(125)) - a47783cb-f32c-4b3c-a96f-229a7b607849@group-7A09216C3206-StateMachineUpdater: set stopIndex = 0
2019-09-25 04:52:14,999 [main] INFO  impl.RaftServerImpl (ServerState.java:close(385)) - a47783cb-f32c-4b3c-a96f-229a7b607849@group-00440DBC0030: closes. applyIndex: 0
2019-09-25 04:52:14,999 [ForkJoinPool.commonPool-worker-0] INFO  impl.RaftServerImpl (ServerState.java:close(385)) - a47783cb-f32c-4b3c-a96f-229a7b607849@group-7A09216C3206: closes. applyIndex: 0
2019-09-25 04:52:14,999 [a47783cb-f32c-4b3c-a96f-229a7b607849@group-00440DBC0030-SegmentedRaftLogWorker] INFO  segmented.SegmentedRaftLogWorker (SegmentedRaftLogWorker.java:run(313)) - a47783cb-f32c-4b3c-a96f-229a7b607849@group-00440DBC0030-SegmentedRaftLogWorker was interrupted, exiting. There are 0 tasks remaining in the queue.
2019-09-25 04:52:14,999 [a47783cb-f32c-4b3c-a96f-229a7b607849@group-7A09216C3206-SegmentedRaftLogWorker] INFO  segmented.SegmentedRaftLogWorker (SegmentedRaftLogWorker.java:run(313)) - a47783cb-f32c-4b3c-a96f-229a7b607849@group-7A09216C3206-SegmentedRaftLogWorker was interrupted, exiting. There are 0 tasks remaining in the queue.
2019-09-25 04:52:15,000 [main] INFO  segmented.SegmentedRaftLogWorker (SegmentedRaftLogWorker.java:close(228)) - a47783cb-f32c-4b3c-a96f-229a7b607849@group-00440DBC0030-SegmentedRaftLogWorker close()
2019-09-25 04:52:15,000 [ForkJoinPool.commonPool-worker-0] INFO  segmented.SegmentedRaftLogWorker (SegmentedRaftLogWorker.java:close(228)) - a47783cb-f32c-4b3c-a96f-229a7b607849@group-7A09216C3206-SegmentedRaftLogWorker close()
2019-09-25 04:52:15,000 [main] INFO  impl.RaftServerImpl (RaftServerImpl.java:lambda$shutdown$3(251)) - a47783cb-f32c-4b3c-a96f-229a7b607849@group-49DBFAF0A810: shutdown
2019-09-25 04:52:15,001 [ForkJoinPool.commonPool-worker-0] INFO  impl.RaftServerImpl (RaftServerImpl.java:lambda$shutdown$3(251)) - a47783cb-f32c-4b3c-a96f-229a7b607849@group-8467D10C5B91: shutdown
2019-09-25 04:52:15,001 [main] INFO  util.JmxRegister (JmxRegister.java:unregister(73)) - Successfully un-registered JMX Bean with object name Ratis:service=RaftServer,group=group-49DBFAF0A810,id=a47783cb-f32c-4b3c-a96f-229a7b607849
2019-09-25 04:52:15,002 [main] INFO  impl.RoleInfo (RoleInfo.java:shutdownLeaderState(104)) - a47783cb-f32c-4b3c-a96f-229a7b607849: shutdown LeaderState
2019-09-25 04:52:15,001 [ForkJoinPool.commonPool-worker-0] INFO  util.JmxRegister (JmxRegister.java:unregister(73)) - Successfully un-registered JMX Bean with object name Ratis:service=RaftServer,group=group-8467D10C5B91,id=a47783cb-f32c-4b3c-a96f-229a7b607849
2019-09-25 04:52:15,002 [main] INFO  impl.PendingRequests (PendingRequests.java:sendNotLeaderResponses(202)) - a47783cb-f32c-4b3c-a96f-229a7b607849-PendingRequests: sendNotLeaderResponses
2019-09-25 04:52:15,002 [ForkJoinPool.commonPool-worker-0] INFO  impl.RoleInfo (RoleInfo.java:shutdownLeaderState(104)) - a47783cb-f32c-4b3c-a96f-229a7b607849: shutdown LeaderState
2019-09-25 04:52:15,003 [main] INFO  impl.StateMachineUpdater (StateMachineUpdater.java:stopAndJoin(125)) - a47783cb-f32c-4b3c-a96f-229a7b607849@group-49DBFAF0A810-StateMachineUpdater: set stopIndex = 0
2019-09-25 04:52:15,003 [main] INFO  impl.RaftServerImpl (ServerState.java:close(385)) - a47783cb-f32c-4b3c-a96f-229a7b607849@group-49DBFAF0A810: closes. applyIndex: 0
2019-09-25 04:52:15,003 [ForkJoinPool.commonPool-worker-0] INFO  impl.PendingRequests (PendingRequests.java:sendNotLeaderResponses(202)) - a47783cb-f32c-4b3c-a96f-229a7b607849-PendingRequests: sendNotLeaderResponses
2019-09-25 04:52:15,004 [a47783cb-f32c-4b3c-a96f-229a7b607849@group-49DBFAF0A810-SegmentedRaftLogWorker] INFO  segmented.SegmentedRaftLogWorker (SegmentedRaftLogWorker.java:run(313)) - a47783cb-f32c-4b3c-a96f-229a7b607849@group-49DBFAF0A810-SegmentedRaftLogWorker was interrupted, exiting. There are 0 tasks remaining in the queue.
2019-09-25 04:52:15,004 [ForkJoinPool.commonPool-worker-0] INFO  impl.StateMachineUpdater (StateMachineUpdater.java:stopAndJoin(125)) - a47783cb-f32c-4b3c-a96f-229a7b607849@group-8467D10C5B91-StateMachineUpdater: set stopIndex = 0
2019-09-25 04:52:15,004 [ForkJoinPool.commonPool-worker-0] INFO  impl.RaftServerImpl (ServerState.java:close(385)) - a47783cb-f32c-4b3c-a96f-229a7b607849@group-8467D10C5B91: closes. applyIndex: 0
2019-09-25 04:52:15,004 [a47783cb-f32c-4b3c-a96f-229a7b607849@group-8467D10C5B91-SegmentedRaftLogWorker] INFO  segmented.SegmentedRaftLogWorker (SegmentedRaftLogWorker.java:run(313)) - a47783cb-f32c-4b3c-a96f-229a7b607849@group-8467D10C5B91-SegmentedRaftLogWorker was interrupted, exiting. There are 0 tasks remaining in the queue.
2019-09-25 04:52:15,011 [ForkJoinPool.commonPool-worker-0] INFO  segmented.SegmentedRaftLogWorker (SegmentedRaftLogWorker.java:close(228)) - a47783cb-f32c-4b3c-a96f-229a7b607849@group-8467D10C5B91-SegmentedRaftLogWorker close()
2019-09-25 04:52:15,011 [main] INFO  segmented.SegmentedRaftLogWorker (SegmentedRaftLogWorker.java:close(228)) - a47783cb-f32c-4b3c-a96f-229a7b607849@group-49DBFAF0A810-SegmentedRaftLogWorker close()
2019-09-25 04:52:15,012 [ForkJoinPool.commonPool-worker-0] INFO  impl.RaftServerImpl (RaftServerImpl.java:lambda$shutdown$3(251)) - a47783cb-f32c-4b3c-a96f-229a7b607849@group-6E659E7A8275: shutdown
2019-09-25 04:52:15,012 [main] INFO  impl.RaftServerImpl (RaftServerImpl.java:lambda$shutdown$3(251)) - a47783cb-f32c-4b3c-a96f-229a7b607849@group-48F40D58FA4A: shutdown
2019-09-25 04:52:15,012 [ForkJoinPool.commonPool-worker-0] INFO  util.JmxRegister (JmxRegister.java:unregister(73)) - Successfully un-registered JMX Bean with object name Ratis:service=RaftServer,group=group-6E659E7A8275,id=a47783cb-f32c-4b3c-a96f-229a7b607849
2019-09-25 04:52:15,013 [main] INFO  util.JmxRegister (JmxRegister.java:unregister(73)) - Successfully un-registered JMX Bean with object name Ratis:service=RaftServer,group=group-48F40D58FA4A,id=a47783cb-f32c-4b3c-a96f-229a7b607849
2019-09-25 04:52:15,013 [ForkJoinPool.commonPool-worker-0] INFO  impl.RoleInfo (RoleInfo.java:shutdownLeaderState(104)) - a47783cb-f32c-4b3c-a96f-229a7b607849: shutdown LeaderState
2019-09-25 04:52:15,013 [main] INFO  impl.RoleInfo (RoleInfo.java:shutdownLeaderState(104)) - a47783cb-f32c-4b3c-a96f-229a7b607849: shutdown LeaderState
2019-09-25 04:52:15,013 [ForkJoinPool.commonPool-worker-0] INFO  impl.PendingRequests (PendingRequests.java:sendNotLeaderResponses(202)) - a47783cb-f32c-4b3c-a96f-229a7b607849-PendingRequests: sendNotLeaderResponses
2019-09-25 04:52:15,014 [main] INFO  impl.PendingRequests (PendingRequests.java:sendNotLeaderResponses(202)) - a47783cb-f32c-4b3c-a96f-229a7b607849-PendingRequests: sendNotLeaderResponses
2019-09-25 04:52:15,014 [ForkJoinPool.commonPool-worker-0] INFO  impl.StateMachineUpdater (StateMachineUpdater.java:stopAndJoin(125)) - a47783cb-f32c-4b3c-a96f-229a7b607849@group-6E659E7A8275-StateMachineUpdater: set stopIndex = 0
2019-09-25 04:52:15,014 [main] INFO  impl.StateMachineUpdater (StateMachineUpdater.java:stopAndJoin(125)) - a47783cb-f32c-4b3c-a96f-229a7b607849@group-48F40D58FA4A-StateMachineUpdater: set stopIndex = 0
2019-09-25 04:52:15,014 [ForkJoinPool.commonPool-worker-0] INFO  impl.RaftServerImpl (ServerState.java:close(385)) - a47783cb-f32c-4b3c-a96f-229a7b607849@group-6E659E7A8275: closes. applyIndex: 0
2019-09-25 04:52:15,015 [main] INFO  impl.RaftServerImpl (ServerState.java:close(385)) - a47783cb-f32c-4b3c-a96f-229a7b607849@group-48F40D58FA4A: closes. applyIndex: 0
2019-09-25 04:52:15,015 [a47783cb-f32c-4b3c-a96f-229a7b607849@group-6E659E7A8275-SegmentedRaftLogWorker] INFO  segmented.SegmentedRaftLogWorker (SegmentedRaftLogWorker.java:run(313)) - a47783cb-f32c-4b3c-a96f-229a7b607849@group-6E659E7A8275-SegmentedRaftLogWorker was interrupted, exiting. There are 0 tasks remaining in the queue.
2019-09-25 04:52:15,015 [a47783cb-f32c-4b3c-a96f-229a7b607849@group-48F40D58FA4A-SegmentedRaftLogWorker] INFO  segmented.SegmentedRaftLogWorker (SegmentedRaftLogWorker.java:run(313)) - a47783cb-f32c-4b3c-a96f-229a7b607849@group-48F40D58FA4A-SegmentedRaftLogWorker was interrupted, exiting. There are 0 tasks remaining in the queue.
2019-09-25 04:52:15,016 [ForkJoinPool.commonPool-worker-0] INFO  segmented.SegmentedRaftLogWorker (SegmentedRaftLogWorker.java:close(228)) - a47783cb-f32c-4b3c-a96f-229a7b607849@group-6E659E7A8275-SegmentedRaftLogWorker close()
2019-09-25 04:52:15,016 [main] INFO  segmented.SegmentedRaftLogWorker (SegmentedRaftLogWorker.java:close(228)) - a47783cb-f32c-4b3c-a96f-229a7b607849@group-48F40D58FA4A-SegmentedRaftLogWorker close()
2019-09-25 04:52:15,016 [main] INFO  server.GrpcService (GrpcService.java:closeImpl(164)) - a47783cb-f32c-4b3c-a96f-229a7b607849: shutdown server with port 45684 now
2019-09-25 04:52:15,019 [main] INFO  server.GrpcService (GrpcService.java:closeImpl(172)) - a47783cb-f32c-4b3c-a96f-229a7b607849: shutdown server with port 45684 successfully
2019-09-25 04:52:15,023 [refreshUsed-/workdir/hadoop-ozone/integration-test/target/test-dir/MiniOzoneClusterImpl-ee606598-1675-4e02-b706-4bffbdc3363b/datanode-5/data/containers] WARN  fs.CachingGetSpaceUsed (CachingGetSpaceUsed.java:run(183)) - Thread Interrupted waiting to refresh disk information: sleep interrupted
2019-09-25 04:52:15,045 [main] INFO  utils.BackgroundService (BackgroundService.java:shutdown(148)) - Shutting down service BlockDeletingService
2019-09-25 04:52:15,048 [main] INFO  statemachine.DatanodeStateMachine (DatanodeStateMachine.java:stopDaemon(395)) - Ozone container server stopped.
2019-09-25 04:52:15,050 [main] INFO  handler.ContextHandler (ContextHandler.java:doStop(910)) - Stopped o.e.j.w.WebAppContext@254f906e{/,null,UNAVAILABLE}{/hddsDatanode}
2019-09-25 04:52:15,051 [main] INFO  server.AbstractConnector (AbstractConnector.java:doStop(318)) - Stopped ServerConnector@3d0035d2{HTTP/1.1,[http/1.1]}{0.0.0.0:0}
2019-09-25 04:52:15,051 [main] INFO  handler.ContextHandler (ContextHandler.java:doStop(910)) - Stopped o.e.j.s.ServletContextHandler@3d96fa9e{/static,jar:file:/home/user/.m2/repository/org/apache/hadoop/hadoop-hdds-container-service/0.5.0-SNAPSHOT/hadoop-hdds-container-service-0.5.0-SNAPSHOT.jar!/webapps/static,UNAVAILABLE}
2019-09-25 04:52:15,052 [main] INFO  handler.ContextHandler (ContextHandler.java:doStop(910)) - Stopped o.e.j.s.ServletContextHandler@74170687{/logs,file:///workdir/hadoop-ozone/integration-test/target/log,UNAVAILABLE}
2019-09-25 04:52:15,053 [main] INFO  ozone.MiniOzoneClusterImpl (MiniOzoneClusterImpl.java:stopSCM(392)) - Stopping the StorageContainerManager
2019-09-25 04:52:15,053 [main] INFO  server.StorageContainerManager (StorageContainerManager.java:stop(808)) - Stopping Replication Manager Service.
2019-09-25 04:52:15,053 [main] INFO  container.ReplicationManager (ReplicationManager.java:stop(204)) - Stopping Replication Monitor Thread.
2019-09-25 04:52:15,054 [main] INFO  server.StorageContainerManager (StorageContainerManager.java:stop(815)) - Stopping Lease Manager of the command watchers
2019-09-25 04:52:15,054 [main] INFO  server.StorageContainerManager (StorageContainerManager.java:stop(822)) - Stopping datanode service RPC server
2019-09-25 04:52:15,054 [main] INFO  server.SCMDatanodeProtocolServer (SCMDatanodeProtocolServer.java:stop(367)) - Stopping the RPC server for DataNodes
2019-09-25 04:52:15,055 [main] INFO  ipc.Server (Server.java:stop(3082)) - Stopping server on 46736
2019-09-25 04:52:15,056 [IPC Server listener on 46736] INFO  ipc.Server (Server.java:run(1185)) - Stopping IPC Server listener on 46736
2019-09-25 04:52:15,057 [IPC Server Responder] INFO  ipc.Server (Server.java:run(1319)) - Stopping IPC Server Responder
2019-09-25 04:52:15,144 [SCM Heartbeat Processing Thread - 0] WARN  node.NodeStateManager (NodeStateManager.java:scheduleNextHealthCheck(655)) - Current Thread is interrupted, shutting down HB processing thread for Node Manager.
2019-09-25 04:52:15,144 [main] INFO  server.StorageContainerManager (StorageContainerManager.java:stop(830)) - Stopping block service RPC server
2019-09-25 04:52:15,145 [main] INFO  server.SCMBlockProtocolServer (SCMBlockProtocolServer.java:stop(155)) - Stopping the RPC server for Block Protocol
2019-09-25 04:52:15,145 [main] INFO  ipc.Server (Server.java:stop(3082)) - Stopping server on 42118
2019-09-25 04:52:15,147 [main] INFO  server.StorageContainerManager (StorageContainerManager.java:stop(837)) - Stopping the StorageContainerLocationProtocol RPC server
2019-09-25 04:52:15,148 [main] INFO  server.SCMClientProtocolServer (SCMClientProtocolServer.java:stop(159)) - Stopping the RPC server for Client Protocol
2019-09-25 04:52:15,148 [IPC Server listener on 42118] INFO  ipc.Server (Server.java:run(1185)) - Stopping IPC Server listener on 42118
2019-09-25 04:52:15,148 [IPC Server Responder] INFO  ipc.Server (Server.java:run(1319)) - Stopping IPC Server Responder
2019-09-25 04:52:15,148 [main] INFO  ipc.Server (Server.java:stop(3082)) - Stopping server on 35680
2019-09-25 04:52:15,150 [IPC Server listener on 35680] INFO  ipc.Server (Server.java:run(1185)) - Stopping IPC Server listener on 35680
2019-09-25 04:52:15,150 [main] INFO  server.StorageContainerManager (StorageContainerManager.java:stop(844)) - Stopping Storage Container Manager HTTP server.
2019-09-25 04:52:15,151 [IPC Server Responder] INFO  ipc.Server (Server.java:run(1319)) - Stopping IPC Server Responder
2019-09-25 04:52:15,152 [main] INFO  handler.ContextHandler (ContextHandler.java:doStop(910)) - Stopped o.e.j.w.WebAppContext@61a002b1{/,null,UNAVAILABLE}{/scm}
2019-09-25 04:52:15,153 [main] INFO  server.AbstractConnector (AbstractConnector.java:doStop(318)) - Stopped ServerConnector@16fb356{HTTP/1.1,[http/1.1]}{0.0.0.0:0}
2019-09-25 04:52:15,153 [main] INFO  handler.ContextHandler (ContextHandler.java:doStop(910)) - Stopped o.e.j.s.ServletContextHandler@61e94def{/static,file:///workdir/hadoop-ozone/integration-test/target/test-classes/webapps/static,UNAVAILABLE}
2019-09-25 04:52:15,154 [main] INFO  handler.ContextHandler (ContextHandler.java:doStop(910)) - Stopped o.e.j.s.ServletContextHandler@19648c40{/logs,file:///workdir/hadoop-ozone/integration-test/target/log,UNAVAILABLE}
2019-09-25 04:52:15,155 [main] INFO  server.StorageContainerManager (StorageContainerManager.java:stop(855)) - Stopping Block Manager Service.
2019-09-25 04:52:15,155 [main] INFO  utils.BackgroundService (BackgroundService.java:shutdown(148)) - Shutting down service SCMBlockDeletingService
2019-09-25 04:52:15,156 [main] INFO  utils.BackgroundService (BackgroundService.java:shutdown(148)) - Shutting down service SCMBlockDeletingService
2019-09-25 04:52:15,157 [main] INFO  server.StorageContainerManager (StorageContainerManager.java:stop(877)) - Stopping SCM Event Queue.
2019-09-25 04:52:15,166 [main] INFO  impl.MetricsSystemImpl (MetricsSystemImpl.java:stop(210)) - Stopping ratis metrics system...
2019-09-25 04:52:15,182 [prometheus] INFO  impl.MetricsSinkAdapter (MetricsSinkAdapter.java:publishMetricsFromQueue(141)) - prometheus thread interrupted.
2019-09-25 04:52:15,183 [main] INFO  impl.MetricsSystemImpl (MetricsSystemImpl.java:stop(216)) - ratis metrics system stopped.
]]></system-out>
    <system-err><![CDATA[ERROR StatusLogger No Log4j 2 configuration file found. Using default configuration (logging only errors to the console), or user programmatically provided configurations. Set system property 'log4j2.debug' to show Log4j 2 internal initialization logging. See https://logging.apache.org/log4j/2.x/manual/configuration.html for instructions on how to configure Log4j 2
]]></system-err>
  </testcase>
  <testcase name="testMaxRetriesByOzoneClient" classname="org.apache.hadoop.ozone.client.rpc.TestOzoneClientRetriesOnException" time="28.271">
    <error message="Allocated 0 blocks. Requested 4 blocks" type="INTERNAL_ERROR org.apache.hadoop.ozone.om.exceptions.OMException">INTERNAL_ERROR org.apache.hadoop.ozone.om.exceptions.OMException: Allocated 0 blocks. Requested 4 blocks
	at org.apache.hadoop.ozone.om.protocolPB.OzoneManagerProtocolClientSideTranslatorPB.handleError(OzoneManagerProtocolClientSideTranslatorPB.java:732)
	at org.apache.hadoop.ozone.om.protocolPB.OzoneManagerProtocolClientSideTranslatorPB.openKey(OzoneManagerProtocolClientSideTranslatorPB.java:723)
	at sun.reflect.NativeMethodAccessorImpl.invoke0(Native Method)
	at sun.reflect.NativeMethodAccessorImpl.invoke(NativeMethodAccessorImpl.java:62)
	at sun.reflect.DelegatingMethodAccessorImpl.invoke(DelegatingMethodAccessorImpl.java:43)
	at java.lang.reflect.Method.invoke(Method.java:498)
	at org.apache.hadoop.hdds.tracing.TraceAllMethod.invoke(TraceAllMethod.java:66)
	at com.sun.proxy.$Proxy37.openKey(Unknown Source)
	at org.apache.hadoop.ozone.client.rpc.RpcClient.createKey(RpcClient.java:614)
	at org.apache.hadoop.ozone.client.OzoneBucket.createKey(OzoneBucket.java:325)
	at org.apache.hadoop.ozone.container.ContainerTestHelper.createKey(ContainerTestHelper.java:695)
	at org.apache.hadoop.ozone.client.rpc.TestOzoneClientRetriesOnException.createKey(TestOzoneClientRetriesOnException.java:226)
	at org.apache.hadoop.ozone.client.rpc.TestOzoneClientRetriesOnException.testMaxRetriesByOzoneClient(TestOzoneClientRetriesOnException.java:167)
	at sun.reflect.NativeMethodAccessorImpl.invoke0(Native Method)
	at sun.reflect.NativeMethodAccessorImpl.invoke(NativeMethodAccessorImpl.java:62)
	at sun.reflect.DelegatingMethodAccessorImpl.invoke(DelegatingMethodAccessorImpl.java:43)
	at java.lang.reflect.Method.invoke(Method.java:498)
	at org.junit.runners.model.FrameworkMethod$1.runReflectiveCall(FrameworkMethod.java:47)
	at org.junit.internal.runners.model.ReflectiveCallable.run(ReflectiveCallable.java:12)
	at org.junit.runners.model.FrameworkMethod.invokeExplosively(FrameworkMethod.java:44)
	at org.junit.internal.runners.statements.InvokeMethod.evaluate(InvokeMethod.java:17)
	at org.junit.internal.runners.statements.RunBefores.evaluate(RunBefores.java:26)
	at org.junit.internal.runners.statements.RunAfters.evaluate(RunAfters.java:27)
	at org.junit.runners.ParentRunner.runLeaf(ParentRunner.java:271)
	at org.junit.runners.BlockJUnit4ClassRunner.runChild(BlockJUnit4ClassRunner.java:70)
	at org.junit.runners.BlockJUnit4ClassRunner.runChild(BlockJUnit4ClassRunner.java:50)
	at org.junit.runners.ParentRunner$3.run(ParentRunner.java:238)
	at org.junit.runners.ParentRunner$1.schedule(ParentRunner.java:63)
	at org.junit.runners.ParentRunner.runChildren(ParentRunner.java:236)
	at org.junit.runners.ParentRunner.access$000(ParentRunner.java:53)
	at org.junit.runners.ParentRunner$2.evaluate(ParentRunner.java:229)
	at org.junit.runners.ParentRunner.run(ParentRunner.java:309)
	at org.apache.maven.surefire.junit4.JUnit4Provider.execute(JUnit4Provider.java:365)
	at org.apache.maven.surefire.junit4.JUnit4Provider.executeWithRerun(JUnit4Provider.java:273)
	at org.apache.maven.surefire.junit4.JUnit4Provider.executeTestSet(JUnit4Provider.java:238)
	at org.apache.maven.surefire.junit4.JUnit4Provider.invoke(JUnit4Provider.java:159)
	at org.apache.maven.surefire.booter.ForkedBooter.invokeProviderInSameClassLoader(ForkedBooter.java:384)
	at org.apache.maven.surefire.booter.ForkedBooter.runSuitesInProcess(ForkedBooter.java:345)
	at org.apache.maven.surefire.booter.ForkedBooter.execute(ForkedBooter.java:126)
	at org.apache.maven.surefire.booter.ForkedBooter.main(ForkedBooter.java:418)
</error>
    <system-out><![CDATA[2019-09-25 04:52:15,275 [main] WARN  server.ServerUtils (ServerUtils.java:getScmDbDir(145)) - ozone.scm.db.dirs is not configured. We recommend adding this setting. Falling back to ozone.metadata.dirs instead.
2019-09-25 04:52:15,290 [main] WARN  server.ServerUtils (ServerUtils.java:getScmDbDir(145)) - ozone.scm.db.dirs is not configured. We recommend adding this setting. Falling back to ozone.metadata.dirs instead.
2019-09-25 04:52:15,291 [main] WARN  server.ServerUtils (ServerUtils.java:getScmDbDir(145)) - ozone.scm.db.dirs is not configured. We recommend adding this setting. Falling back to ozone.metadata.dirs instead.
2019-09-25 04:52:15,291 [main] INFO  db.DBStoreBuilder (DBStoreBuilder.java:addTable(110)) - using custom profile for table: deletedBlocks
2019-09-25 04:52:15,291 [main] INFO  db.DBStoreBuilder (DBStoreBuilder.java:processTables(161)) - Using default column profile:DBProfile.DISK for Table:deletedBlocks
2019-09-25 04:52:15,292 [main] INFO  db.DBStoreBuilder (DBStoreBuilder.java:addTable(110)) - using custom profile for table: validCerts
2019-09-25 04:52:15,292 [main] INFO  db.DBStoreBuilder (DBStoreBuilder.java:processTables(161)) - Using default column profile:DBProfile.DISK for Table:validCerts
2019-09-25 04:52:15,292 [main] INFO  db.DBStoreBuilder (DBStoreBuilder.java:addTable(110)) - using custom profile for table: revokedCerts
2019-09-25 04:52:15,292 [main] INFO  db.DBStoreBuilder (DBStoreBuilder.java:processTables(161)) - Using default column profile:DBProfile.DISK for Table:revokedCerts
2019-09-25 04:52:15,292 [main] INFO  db.DBStoreBuilder (DBStoreBuilder.java:addTable(110)) - using custom profile for table: default
2019-09-25 04:52:15,293 [main] INFO  db.DBStoreBuilder (DBStoreBuilder.java:processTables(167)) - Using default column profile:DBProfile.DISK for Table:default
2019-09-25 04:52:15,293 [main] INFO  db.DBStoreBuilder (DBStoreBuilder.java:getDbProfile(198)) - Using default options. DBProfile.DISK
2019-09-25 04:52:15,473 [main] INFO  net.NodeSchemaLoader (NodeSchemaLoader.java:loadSchemaFromFile(125)) - Loading file from sun.misc.CompoundEnumeration@37ad042b
2019-09-25 04:52:15,473 [main] INFO  net.NodeSchemaLoader (NodeSchemaLoader.java:loadSchema(171)) - Loading network topology layer schema file
2019-09-25 04:52:15,479 [main] WARN  server.ServerUtils (ServerUtils.java:sanitizeUserArgs(70)) - ozone.scm.stale.node.interval value = 300000 is larger than max = 100000 based on the key value of ozone.scm.heartbeat.thread.interval, reset to the max value 100000.
2019-09-25 04:52:15,479 [main] WARN  server.ServerUtils (ServerUtils.java:sanitizeUserArgs(70)) - ozone.scm.stale.node.interval value = 300000 is larger than max = 100000 based on the key value of ozone.scm.heartbeat.thread.interval, reset to the max value 100000.
2019-09-25 04:52:15,480 [main] INFO  node.SCMNodeManager (SCMNodeManager.java:<init>(114)) - Entering startup safe mode.
2019-09-25 04:52:15,481 [main] INFO  algorithms.ContainerPlacementPolicyFactory (ContainerPlacementPolicyFactory.java:getPolicy(60)) - Create container placement policy of type org.apache.hadoop.hdds.scm.container.placement.algorithms.SCMContainerPlacementRandom
2019-09-25 04:52:15,481 [main] WARN  server.ServerUtils (ServerUtils.java:getScmDbDir(145)) - ozone.scm.db.dirs is not configured. We recommend adding this setting. Falling back to ozone.metadata.dirs instead.
2019-09-25 04:52:15,519 [main] INFO  pipeline.SCMPipelineManager (SCMPipelineManager.java:initializePipelineState(132)) - No pipeline exists in current db
2019-09-25 04:52:15,519 [main] WARN  server.ServerUtils (ServerUtils.java:getScmDbDir(145)) - ozone.scm.db.dirs is not configured. We recommend adding this setting. Falling back to ozone.metadata.dirs instead.
2019-09-25 04:52:15,572 [main] WARN  events.EventQueue (EventQueue.java:fireEvent(183)) - No event handler registered for event TypedEvent{payloadType=SafeModeStatus, name='SafeModeStatus'}
2019-09-25 04:52:15,573 [main] INFO  ipc.CallQueueManager (CallQueueManager.java:<init>(84)) - Using callQueue: class java.util.concurrent.LinkedBlockingQueue, queueCapacity: 2000, scheduler: class org.apache.hadoop.ipc.DefaultRpcScheduler, ipcBackoff: false.
2019-09-25 04:52:15,574 [Socket Reader #1 for port 35034] INFO  ipc.Server (Server.java:run(1074)) - Starting Socket Reader #1 for port 35034
2019-09-25 04:52:15,576 [main] INFO  ipc.CallQueueManager (CallQueueManager.java:<init>(84)) - Using callQueue: class java.util.concurrent.LinkedBlockingQueue, queueCapacity: 2000, scheduler: class org.apache.hadoop.ipc.DefaultRpcScheduler, ipcBackoff: false.
2019-09-25 04:52:15,577 [Socket Reader #1 for port 34267] INFO  ipc.Server (Server.java:run(1074)) - Starting Socket Reader #1 for port 34267
2019-09-25 04:52:15,578 [main] INFO  ipc.CallQueueManager (CallQueueManager.java:<init>(84)) - Using callQueue: class java.util.concurrent.LinkedBlockingQueue, queueCapacity: 2000, scheduler: class org.apache.hadoop.ipc.DefaultRpcScheduler, ipcBackoff: false.
2019-09-25 04:52:15,579 [Socket Reader #1 for port 38600] INFO  ipc.Server (Server.java:run(1074)) - Starting Socket Reader #1 for port 38600
2019-09-25 04:52:15,581 [main] INFO  hdfs.DFSUtil (DFSUtil.java:httpServerTemplateForNNAndJN(1641)) - Starting Web-server for scm at: http://0.0.0.0:0
2019-09-25 04:52:15,585 [main] INFO  server.AuthenticationFilter (AuthenticationFilter.java:constructSecretProvider(240)) - Unable to initialize FileSignerSecretProvider, falling back to use random secrets.
2019-09-25 04:52:15,586 [main] WARN  http.HttpRequestLog (HttpRequestLog.java:getRequestLog(97)) - Jetty request log can only be enabled using Log4j
2019-09-25 04:52:15,589 [main] INFO  http.HttpServer2 (HttpServer2.java:addGlobalFilter(975)) - Added global filter 'safety' (class=org.apache.hadoop.http.HttpServer2$QuotingInputFilter)
2019-09-25 04:52:15,590 [main] INFO  http.HttpServer2 (HttpServer2.java:addFilter(948)) - Added filter static_user_filter (class=org.apache.hadoop.http.lib.StaticUserWebFilter$StaticUserFilter) to context scm
2019-09-25 04:52:15,590 [main] INFO  http.HttpServer2 (HttpServer2.java:addFilter(958)) - Added filter static_user_filter (class=org.apache.hadoop.http.lib.StaticUserWebFilter$StaticUserFilter) to context static
2019-09-25 04:52:15,591 [main] INFO  http.HttpServer2 (HttpServer2.java:addFilter(958)) - Added filter static_user_filter (class=org.apache.hadoop.http.lib.StaticUserWebFilter$StaticUserFilter) to context logs
2019-09-25 04:52:15,594 [main] INFO  server.StorageContainerManager (StorageContainerManager.java:start(770)) - StorageContainerLocationProtocol RPC server is listening at /0.0.0.0:38600
2019-09-25 04:52:15,598 [main] WARN  impl.MetricsConfig (MetricsConfig.java:loadFirst(134)) - Cannot locate configuration: tried hadoop-metrics2-storagecontainermanager.properties,hadoop-metrics2.properties
2019-09-25 04:52:15,599 [main] INFO  impl.MetricsSystemImpl (MetricsSystemImpl.java:startTimer(374)) - Scheduled Metric snapshot period at 10 second(s).
2019-09-25 04:52:15,599 [main] INFO  impl.MetricsSystemImpl (MetricsSystemImpl.java:start(191)) - StorageContainerManager metrics system started
2019-09-25 04:52:15,655 [main] WARN  impl.MetricsSystemImpl (MetricsSystemImpl.java:register(276)) - Sink prometheus already exists!
2019-09-25 04:52:15,665 [main] INFO  server.SCMClientProtocolServer (SCMClientProtocolServer.java:start(151)) - RPC server for Client  is listening at /0.0.0.0:38600
2019-09-25 04:52:15,665 [IPC Server Responder] INFO  ipc.Server (Server.java:run(1314)) - IPC Server Responder: starting
2019-09-25 04:52:15,666 [IPC Server listener on 38600] INFO  ipc.Server (Server.java:run(1153)) - IPC Server listener on 38600: starting
2019-09-25 04:52:15,671 [main] INFO  server.StorageContainerManager (StorageContainerManager.java:start(780)) - ScmBlockLocationProtocol RPC server is listening at /0.0.0.0:34267
2019-09-25 04:52:15,672 [main] INFO  server.SCMBlockProtocolServer (SCMBlockProtocolServer.java:start(146)) - RPC server for Block Protocol is listening at /0.0.0.0:34267
2019-09-25 04:52:15,672 [IPC Server Responder] INFO  ipc.Server (Server.java:run(1314)) - IPC Server Responder: starting
2019-09-25 04:52:15,672 [IPC Server listener on 34267] INFO  ipc.Server (Server.java:run(1153)) - IPC Server listener on 34267: starting
2019-09-25 04:52:15,677 [main] INFO  server.StorageContainerManager (StorageContainerManager.java:start(784)) - ScmDatanodeProtocl RPC server is listening at /0.0.0.0:35034
2019-09-25 04:52:15,677 [main] INFO  server.SCMDatanodeProtocolServer (SCMDatanodeProtocolServer.java:start(191)) - RPC server for DataNodes is listening at /0.0.0.0:35034
2019-09-25 04:52:15,677 [IPC Server Responder] INFO  ipc.Server (Server.java:run(1314)) - IPC Server Responder: starting
2019-09-25 04:52:15,678 [IPC Server listener on 35034] INFO  ipc.Server (Server.java:run(1153)) - IPC Server listener on 35034: starting
2019-09-25 04:52:15,682 [main] INFO  http.HttpServer2 (HttpServer2.java:bindListener(1191)) - Jetty bound to port 40592
2019-09-25 04:52:15,683 [main] INFO  server.Server (Server.java:doStart(351)) - jetty-9.3.25.v20180904, build timestamp: 2018-09-04T21:11:46Z, git hash: 3ce520221d0240229c862b122d2b06c12a625732
2019-09-25 04:52:15,685 [main] INFO  handler.ContextHandler (ContextHandler.java:doStart(781)) - Started o.e.j.s.ServletContextHandler@176555c{/logs,file:///workdir/hadoop-ozone/integration-test/target/log,AVAILABLE}
2019-09-25 04:52:15,686 [main] INFO  handler.ContextHandler (ContextHandler.java:doStart(781)) - Started o.e.j.s.ServletContextHandler@795f8317{/static,file:///workdir/hadoop-ozone/integration-test/target/test-classes/webapps/static,AVAILABLE}
2019-09-25 04:52:15,693 [main] INFO  handler.ContextHandler (ContextHandler.java:doStart(781)) - Started o.e.j.w.WebAppContext@59c70ceb{/,file:///workdir/hadoop-ozone/integration-test/target/test-classes/webapps/scm/,AVAILABLE}{/scm}
2019-09-25 04:52:15,693 [main] INFO  server.AbstractConnector (AbstractConnector.java:doStart(278)) - Started ServerConnector@46f902e0{HTTP/1.1,[http/1.1]}{0.0.0.0:40592}
2019-09-25 04:52:15,694 [main] INFO  server.Server (Server.java:doStart(419)) - Started @35205ms
2019-09-25 04:52:15,694 [main] WARN  impl.MetricsSystemImpl (MetricsSystemImpl.java:register(276)) - Sink prometheus already exists!
2019-09-25 04:52:15,695 [main] INFO  server.BaseHttpServer (BaseHttpServer.java:updateConnectorAddress(215)) - HTTP server of SCM is listening at http://0.0.0.0:40592
2019-09-25 04:52:15,697 [main] WARN  server.ServerUtils (ServerUtils.java:getDBPath(222)) - ozone.om.db.dirs is not configured. We recommend adding this setting. Falling back to ozone.metadata.dirs instead.
2019-09-25 04:52:15,697 [org.apache.hadoop.util.JvmPauseMonitor$Monitor@361abd01] INFO  util.JvmPauseMonitor (JvmPauseMonitor.java:run(188)) - Starting JVM pause monitor
2019-09-25 04:52:15,710 [main] WARN  server.ServerUtils (ServerUtils.java:getDBPath(222)) - ozone.om.db.dirs is not configured. We recommend adding this setting. Falling back to ozone.metadata.dirs instead.
2019-09-25 04:52:15,711 [main] WARN  server.ServerUtils (ServerUtils.java:getDBPath(222)) - ozone.om.db.dirs is not configured. We recommend adding this setting. Falling back to ozone.metadata.dirs instead.
2019-09-25 04:52:15,711 [main] INFO  om.OzoneManager (OzoneManager.java:setOMNodeDetails(652)) - OM Service ID is not set. Setting it to the default ID: omServiceIdDefault
2019-09-25 04:52:15,711 [main] INFO  om.OzoneManager (OzoneManager.java:setOMNodeDetails(658)) - OM Node ID is not set. Setting it to the OmStorage's OmID: 04d2b0c1-07af-4a49-ade6-6f80951a9dcb
2019-09-25 04:52:15,711 [main] INFO  om.OzoneManager (OzoneManager.java:loadOMHAConfigs(609)) - Found matching OM address with OMServiceId: null, OMNodeId: null, RPC Address: localhost:0 and Ratis port: 9872
2019-09-25 04:52:15,718 [main] WARN  server.ServerUtils (ServerUtils.java:getDBPath(222)) - ozone.om.db.dirs is not configured. We recommend adding this setting. Falling back to ozone.metadata.dirs instead.
2019-09-25 04:52:15,718 [main] INFO  db.DBStoreBuilder (DBStoreBuilder.java:addTable(110)) - using custom profile for table: userTable
2019-09-25 04:52:15,718 [main] INFO  db.DBStoreBuilder (DBStoreBuilder.java:processTables(161)) - Using default column profile:DBProfile.DISK for Table:userTable
2019-09-25 04:52:15,719 [main] INFO  db.DBStoreBuilder (DBStoreBuilder.java:addTable(110)) - using custom profile for table: volumeTable
2019-09-25 04:52:15,719 [main] INFO  db.DBStoreBuilder (DBStoreBuilder.java:processTables(161)) - Using default column profile:DBProfile.DISK for Table:volumeTable
2019-09-25 04:52:15,719 [main] INFO  db.DBStoreBuilder (DBStoreBuilder.java:addTable(110)) - using custom profile for table: bucketTable
2019-09-25 04:52:15,719 [main] INFO  db.DBStoreBuilder (DBStoreBuilder.java:processTables(161)) - Using default column profile:DBProfile.DISK for Table:bucketTable
2019-09-25 04:52:15,720 [main] INFO  db.DBStoreBuilder (DBStoreBuilder.java:addTable(110)) - using custom profile for table: keyTable
2019-09-25 04:52:15,720 [main] INFO  db.DBStoreBuilder (DBStoreBuilder.java:processTables(161)) - Using default column profile:DBProfile.DISK for Table:keyTable
2019-09-25 04:52:15,720 [main] INFO  db.DBStoreBuilder (DBStoreBuilder.java:addTable(110)) - using custom profile for table: deletedTable
2019-09-25 04:52:15,720 [main] INFO  db.DBStoreBuilder (DBStoreBuilder.java:processTables(161)) - Using default column profile:DBProfile.DISK for Table:deletedTable
2019-09-25 04:52:15,720 [main] INFO  db.DBStoreBuilder (DBStoreBuilder.java:addTable(110)) - using custom profile for table: openKeyTable
2019-09-25 04:52:15,721 [main] INFO  db.DBStoreBuilder (DBStoreBuilder.java:processTables(161)) - Using default column profile:DBProfile.DISK for Table:openKeyTable
2019-09-25 04:52:15,721 [main] INFO  db.DBStoreBuilder (DBStoreBuilder.java:addTable(110)) - using custom profile for table: s3Table
2019-09-25 04:52:15,721 [main] INFO  db.DBStoreBuilder (DBStoreBuilder.java:processTables(161)) - Using default column profile:DBProfile.DISK for Table:s3Table
2019-09-25 04:52:15,721 [main] INFO  db.DBStoreBuilder (DBStoreBuilder.java:addTable(110)) - using custom profile for table: multipartInfoTable
2019-09-25 04:52:15,721 [main] INFO  db.DBStoreBuilder (DBStoreBuilder.java:processTables(161)) - Using default column profile:DBProfile.DISK for Table:multipartInfoTable
2019-09-25 04:52:15,722 [main] INFO  db.DBStoreBuilder (DBStoreBuilder.java:addTable(110)) - using custom profile for table: dTokenTable
2019-09-25 04:52:15,722 [main] INFO  db.DBStoreBuilder (DBStoreBuilder.java:processTables(161)) - Using default column profile:DBProfile.DISK for Table:dTokenTable
2019-09-25 04:52:15,722 [main] INFO  db.DBStoreBuilder (DBStoreBuilder.java:addTable(110)) - using custom profile for table: s3SecretTable
2019-09-25 04:52:15,722 [main] INFO  db.DBStoreBuilder (DBStoreBuilder.java:processTables(161)) - Using default column profile:DBProfile.DISK for Table:s3SecretTable
2019-09-25 04:52:15,722 [main] INFO  db.DBStoreBuilder (DBStoreBuilder.java:addTable(110)) - using custom profile for table: prefixTable
2019-09-25 04:52:15,723 [main] INFO  db.DBStoreBuilder (DBStoreBuilder.java:processTables(161)) - Using default column profile:DBProfile.DISK for Table:prefixTable
2019-09-25 04:52:15,723 [main] INFO  db.DBStoreBuilder (DBStoreBuilder.java:addTable(110)) - using custom profile for table: default
2019-09-25 04:52:15,723 [main] INFO  db.DBStoreBuilder (DBStoreBuilder.java:processTables(167)) - Using default column profile:DBProfile.DISK for Table:default
2019-09-25 04:52:15,723 [main] INFO  db.DBStoreBuilder (DBStoreBuilder.java:getDbProfile(198)) - Using default options. DBProfile.DISK
2019-09-25 04:52:16,208 [main] INFO  ipc.CallQueueManager (CallQueueManager.java:<init>(84)) - Using callQueue: class java.util.concurrent.LinkedBlockingQueue, queueCapacity: 2000, scheduler: class org.apache.hadoop.ipc.DefaultRpcScheduler, ipcBackoff: false.
2019-09-25 04:52:16,209 [Socket Reader #1 for port 34849] INFO  ipc.Server (Server.java:run(1074)) - Starting Socket Reader #1 for port 34849
2019-09-25 04:52:16,231 [main] INFO  om.OzoneManager (OzoneManager.java:start(1243)) - OzoneManager RPC server is listening at localhost/127.0.0.1:34849
2019-09-25 04:52:16,231 [main] INFO  impl.MetricsSystemImpl (MetricsSystemImpl.java:init(158)) - OzoneManager metrics system started (again)
2019-09-25 04:52:16,232 [IPC Server Responder] INFO  ipc.Server (Server.java:run(1314)) - IPC Server Responder: starting
2019-09-25 04:52:16,233 [IPC Server listener on 34849] INFO  ipc.Server (Server.java:run(1153)) - IPC Server listener on 34849: starting
2019-09-25 04:52:16,239 [main] INFO  hdfs.DFSUtil (DFSUtil.java:httpServerTemplateForNNAndJN(1641)) - Starting Web-server for ozoneManager at: http://0.0.0.0:0
2019-09-25 04:52:16,241 [main] INFO  server.AuthenticationFilter (AuthenticationFilter.java:constructSecretProvider(240)) - Unable to initialize FileSignerSecretProvider, falling back to use random secrets.
2019-09-25 04:52:16,242 [main] WARN  http.HttpRequestLog (HttpRequestLog.java:getRequestLog(97)) - Jetty request log can only be enabled using Log4j
2019-09-25 04:52:16,245 [main] INFO  http.HttpServer2 (HttpServer2.java:addGlobalFilter(975)) - Added global filter 'safety' (class=org.apache.hadoop.http.HttpServer2$QuotingInputFilter)
2019-09-25 04:52:16,246 [main] INFO  http.HttpServer2 (HttpServer2.java:addFilter(948)) - Added filter static_user_filter (class=org.apache.hadoop.http.lib.StaticUserWebFilter$StaticUserFilter) to context ozoneManager
2019-09-25 04:52:16,246 [main] INFO  http.HttpServer2 (HttpServer2.java:addFilter(958)) - Added filter static_user_filter (class=org.apache.hadoop.http.lib.StaticUserWebFilter$StaticUserFilter) to context static
2019-09-25 04:52:16,246 [main] INFO  http.HttpServer2 (HttpServer2.java:addFilter(958)) - Added filter static_user_filter (class=org.apache.hadoop.http.lib.StaticUserWebFilter$StaticUserFilter) to context logs
2019-09-25 04:52:16,247 [main] INFO  http.HttpServer2 (HttpServer2.java:bindListener(1191)) - Jetty bound to port 39219
2019-09-25 04:52:16,247 [main] INFO  server.Server (Server.java:doStart(351)) - jetty-9.3.25.v20180904, build timestamp: 2018-09-04T21:11:46Z, git hash: 3ce520221d0240229c862b122d2b06c12a625732
2019-09-25 04:52:16,250 [main] INFO  handler.ContextHandler (ContextHandler.java:doStart(781)) - Started o.e.j.s.ServletContextHandler@34585ac9{/logs,file:///workdir/hadoop-ozone/integration-test/target/log,AVAILABLE}
2019-09-25 04:52:16,251 [main] INFO  handler.ContextHandler (ContextHandler.java:doStart(781)) - Started o.e.j.s.ServletContextHandler@15f35bc3{/static,file:///workdir/hadoop-ozone/integration-test/target/test-classes/webapps/static,AVAILABLE}
2019-09-25 04:52:16,257 [main] INFO  handler.ContextHandler (ContextHandler.java:doStart(781)) - Started o.e.j.w.WebAppContext@717d7587{/,file:///workdir/hadoop-ozone/integration-test/target/test-classes/webapps/ozoneManager/,AVAILABLE}{/ozoneManager}
2019-09-25 04:52:16,258 [main] INFO  server.AbstractConnector (AbstractConnector.java:doStart(278)) - Started ServerConnector@3e906375{HTTP/1.1,[http/1.1]}{0.0.0.0:39219}
2019-09-25 04:52:16,259 [main] INFO  server.Server (Server.java:doStart(419)) - Started @35769ms
2019-09-25 04:52:16,259 [main] WARN  impl.MetricsSystemImpl (MetricsSystemImpl.java:register(276)) - Sink prometheus already exists!
2019-09-25 04:52:16,260 [main] INFO  server.BaseHttpServer (BaseHttpServer.java:updateConnectorAddress(215)) - HTTP server of OZONEMANAGER is listening at http://0.0.0.0:39219
2019-09-25 04:52:16,283 [main] INFO  impl.MetricsSystemImpl (MetricsSystemImpl.java:init(158)) - HddsDatanode metrics system started (again)
2019-09-25 04:52:16,286 [main] INFO  ozone.HddsDatanodeService (HddsDatanodeService.java:start(184)) - HddsDatanodeService host:pr-hdds-1569-s44lr-3492059363 ip:192.168.164.207
2019-09-25 04:52:16,296 [main] INFO  volume.HddsVolume (HddsVolume.java:<init>(176)) - Creating Volume: /workdir/hadoop-ozone/integration-test/target/test-dir/MiniOzoneClusterImpl-d3c81739-79da-4dbe-9ced-b164d958c5b5/datanode-0/data/containers/hdds of  storage type : DISK and capacity : 1482555576320
2019-09-25 04:52:16,296 [main] INFO  volume.VolumeSet (VolumeSet.java:initializeVolumeSet(170)) - Added Volume : /workdir/hadoop-ozone/integration-test/target/test-dir/MiniOzoneClusterImpl-d3c81739-79da-4dbe-9ced-b164d958c5b5/datanode-0/data/containers/hdds to VolumeSet
2019-09-25 04:52:16,297 [main] INFO  volume.ThrottledAsyncChecker (ThrottledAsyncChecker.java:schedule(139)) - Scheduling a check for org.apache.hadoop.ozone.container.common.volume.HddsVolume@221a2068
2019-09-25 04:52:16,297 [main] INFO  volume.HddsVolumeChecker (HddsVolumeChecker.java:checkAllVolumes(202)) - Scheduled health check for volume org.apache.hadoop.ozone.container.common.volume.HddsVolume@221a2068
2019-09-25 04:52:16,314 [main] INFO  impl.RaftServerProxy (ConfUtils.java:logGet(43)) - raft.rpc.type = GRPC (default)
2019-09-25 04:52:16,314 [main] INFO  grpc.GrpcFactory (GrpcFactory.java:checkPooledByteBufAllocatorUseCacheForAllThreads(45)) - PERFORMANCE WARNING: useCacheForAllThreads is true that may cause Netty to create a lot garbage objects and, as a result, trigger GC.
	It is recommended to disable useCacheForAllThreads by setting -Dorg.apache.ratis.thirdparty.io.netty.allocator.useCacheForAllThreads=false in command line.
2019-09-25 04:52:16,315 [main] INFO  grpc.GrpcConfigKeys$Server (ConfUtils.java:logGet(43)) - raft.grpc.server.port = 0 (default)
2019-09-25 04:52:16,315 [main] INFO  server.GrpcService (ConfUtils.java:logGet(43)) - raft.grpc.message.size.max = 33570816 (custom)
2019-09-25 04:52:16,315 [main] INFO  server.RaftServerConfigKeys (ConfUtils.java:logGet(43)) - raft.server.log.appender.buffer.byte-limit = 33554432 (custom)
2019-09-25 04:52:16,315 [main] INFO  server.GrpcService (ConfUtils.java:logGet(43)) - raft.grpc.flow.control.window = 1MB (=1048576) (default)
2019-09-25 04:52:16,316 [main] INFO  server.RaftServerConfigKeys (ConfUtils.java:logGet(43)) - raft.server.rpc.request.timeout = 3000ms (default)
2019-09-25 04:52:16,316 [main] INFO  server.RaftServerConfigKeys (ConfUtils.java:logGet(43)) - raft.server.storage.dir = [/workdir/hadoop-ozone/integration-test/target/test-dir/MiniOzoneClusterImpl-d3c81739-79da-4dbe-9ced-b164d958c5b5/datanode-0/data/ratis] (custom)
2019-09-25 04:52:16,318 [main] INFO  hdfs.DFSUtil (DFSUtil.java:httpServerTemplateForNNAndJN(1641)) - Starting Web-server for hddsDatanode at: http://0.0.0.0:0
2019-09-25 04:52:16,319 [main] INFO  server.AuthenticationFilter (AuthenticationFilter.java:constructSecretProvider(240)) - Unable to initialize FileSignerSecretProvider, falling back to use random secrets.
2019-09-25 04:52:16,320 [main] WARN  http.HttpRequestLog (HttpRequestLog.java:getRequestLog(97)) - Jetty request log can only be enabled using Log4j
2019-09-25 04:52:16,321 [main] INFO  http.HttpServer2 (HttpServer2.java:addGlobalFilter(975)) - Added global filter 'safety' (class=org.apache.hadoop.http.HttpServer2$QuotingInputFilter)
2019-09-25 04:52:16,322 [main] INFO  http.HttpServer2 (HttpServer2.java:addFilter(948)) - Added filter static_user_filter (class=org.apache.hadoop.http.lib.StaticUserWebFilter$StaticUserFilter) to context hddsDatanode
2019-09-25 04:52:16,322 [main] INFO  http.HttpServer2 (HttpServer2.java:addFilter(958)) - Added filter static_user_filter (class=org.apache.hadoop.http.lib.StaticUserWebFilter$StaticUserFilter) to context logs
2019-09-25 04:52:16,323 [main] INFO  http.HttpServer2 (HttpServer2.java:addFilter(958)) - Added filter static_user_filter (class=org.apache.hadoop.http.lib.StaticUserWebFilter$StaticUserFilter) to context static
2019-09-25 04:52:16,323 [main] INFO  http.HttpServer2 (HttpServer2.java:bindListener(1191)) - Jetty bound to port 40438
2019-09-25 04:52:16,324 [main] INFO  server.Server (Server.java:doStart(351)) - jetty-9.3.25.v20180904, build timestamp: 2018-09-04T21:11:46Z, git hash: 3ce520221d0240229c862b122d2b06c12a625732
2019-09-25 04:52:16,326 [main] INFO  handler.ContextHandler (ContextHandler.java:doStart(781)) - Started o.e.j.s.ServletContextHandler@659feb22{/logs,file:///workdir/hadoop-ozone/integration-test/target/log,AVAILABLE}
2019-09-25 04:52:16,326 [main] INFO  handler.ContextHandler (ContextHandler.java:doStart(781)) - Started o.e.j.s.ServletContextHandler@2f4b98f6{/static,jar:file:/home/user/.m2/repository/org/apache/hadoop/hadoop-hdds-container-service/0.5.0-SNAPSHOT/hadoop-hdds-container-service-0.5.0-SNAPSHOT.jar!/webapps/static,AVAILABLE}
2019-09-25 04:52:16,356 [main] INFO  handler.ContextHandler (ContextHandler.java:doStart(781)) - Started o.e.j.w.WebAppContext@6bc24e72{/,file:///tmp/jetty-0.0.0.0-40438-hddsDatanode-_-any-5734655073456116492.dir/webapp/,AVAILABLE}{/hddsDatanode}
2019-09-25 04:52:16,357 [main] INFO  server.AbstractConnector (AbstractConnector.java:doStart(278)) - Started ServerConnector@724aefc3{HTTP/1.1,[http/1.1]}{0.0.0.0:40438}
2019-09-25 04:52:16,358 [main] INFO  server.Server (Server.java:doStart(419)) - Started @35868ms
2019-09-25 04:52:16,358 [main] WARN  impl.MetricsSystemImpl (MetricsSystemImpl.java:register(276)) - Sink prometheus already exists!
2019-09-25 04:52:16,359 [main] INFO  server.BaseHttpServer (BaseHttpServer.java:updateConnectorAddress(215)) - HTTP server of HDDSDATANODE is listening at http://0.0.0.0:40438
2019-09-25 04:52:16,359 [main] INFO  impl.MetricsSystemImpl (MetricsSystemImpl.java:init(158)) - HddsDatanode metrics system started (again)
2019-09-25 04:52:16,363 [main] INFO  ozone.HddsDatanodeService (HddsDatanodeService.java:start(184)) - HddsDatanodeService host:pr-hdds-1569-s44lr-3492059363 ip:192.168.164.207
2019-09-25 04:52:16,363 [org.apache.hadoop.util.JvmPauseMonitor$Monitor@7eef2934] INFO  util.JvmPauseMonitor (JvmPauseMonitor.java:run(188)) - Starting JVM pause monitor
2019-09-25 04:52:16,366 [Datanode State Machine Thread - 0] INFO  datanode.InitDatanodeState (InitDatanodeState.java:persistContainerDatanodeDetails(140)) - DatanodeDetails is persisted to /workdir/hadoop-ozone/integration-test/target/test-dir/MiniOzoneClusterImpl-d3c81739-79da-4dbe-9ced-b164d958c5b5/datanode-0/meta/datanode.id
2019-09-25 04:52:16,369 [main] INFO  volume.HddsVolume (HddsVolume.java:<init>(176)) - Creating Volume: /workdir/hadoop-ozone/integration-test/target/test-dir/MiniOzoneClusterImpl-d3c81739-79da-4dbe-9ced-b164d958c5b5/datanode-1/data/containers/hdds of  storage type : DISK and capacity : 1482555576320
2019-09-25 04:52:16,369 [main] INFO  volume.VolumeSet (VolumeSet.java:initializeVolumeSet(170)) - Added Volume : /workdir/hadoop-ozone/integration-test/target/test-dir/MiniOzoneClusterImpl-d3c81739-79da-4dbe-9ced-b164d958c5b5/datanode-1/data/containers/hdds to VolumeSet
2019-09-25 04:52:16,369 [main] INFO  volume.ThrottledAsyncChecker (ThrottledAsyncChecker.java:schedule(139)) - Scheduling a check for org.apache.hadoop.ozone.container.common.volume.HddsVolume@7f2d31af
2019-09-25 04:52:16,370 [main] INFO  volume.HddsVolumeChecker (HddsVolumeChecker.java:checkAllVolumes(202)) - Scheduled health check for volume org.apache.hadoop.ozone.container.common.volume.HddsVolume@7f2d31af
2019-09-25 04:52:16,384 [main] INFO  impl.RaftServerProxy (ConfUtils.java:logGet(43)) - raft.rpc.type = GRPC (default)
2019-09-25 04:52:16,384 [main] INFO  grpc.GrpcFactory (GrpcFactory.java:checkPooledByteBufAllocatorUseCacheForAllThreads(45)) - PERFORMANCE WARNING: useCacheForAllThreads is true that may cause Netty to create a lot garbage objects and, as a result, trigger GC.
	It is recommended to disable useCacheForAllThreads by setting -Dorg.apache.ratis.thirdparty.io.netty.allocator.useCacheForAllThreads=false in command line.
2019-09-25 04:52:16,384 [main] INFO  grpc.GrpcConfigKeys$Server (ConfUtils.java:logGet(43)) - raft.grpc.server.port = 0 (default)
2019-09-25 04:52:16,384 [main] INFO  server.GrpcService (ConfUtils.java:logGet(43)) - raft.grpc.message.size.max = 33570816 (custom)
2019-09-25 04:52:16,385 [main] INFO  server.RaftServerConfigKeys (ConfUtils.java:logGet(43)) - raft.server.log.appender.buffer.byte-limit = 33554432 (custom)
2019-09-25 04:52:16,385 [main] INFO  server.GrpcService (ConfUtils.java:logGet(43)) - raft.grpc.flow.control.window = 1MB (=1048576) (default)
2019-09-25 04:52:16,385 [main] INFO  server.RaftServerConfigKeys (ConfUtils.java:logGet(43)) - raft.server.rpc.request.timeout = 3000ms (default)
2019-09-25 04:52:16,386 [main] INFO  server.RaftServerConfigKeys (ConfUtils.java:logGet(43)) - raft.server.storage.dir = [/workdir/hadoop-ozone/integration-test/target/test-dir/MiniOzoneClusterImpl-d3c81739-79da-4dbe-9ced-b164d958c5b5/datanode-1/data/ratis] (custom)
2019-09-25 04:52:16,387 [main] INFO  hdfs.DFSUtil (DFSUtil.java:httpServerTemplateForNNAndJN(1641)) - Starting Web-server for hddsDatanode at: http://0.0.0.0:0
2019-09-25 04:52:16,388 [main] INFO  server.AuthenticationFilter (AuthenticationFilter.java:constructSecretProvider(240)) - Unable to initialize FileSignerSecretProvider, falling back to use random secrets.
2019-09-25 04:52:16,388 [main] WARN  http.HttpRequestLog (HttpRequestLog.java:getRequestLog(97)) - Jetty request log can only be enabled using Log4j
2019-09-25 04:52:16,390 [main] INFO  http.HttpServer2 (HttpServer2.java:addGlobalFilter(975)) - Added global filter 'safety' (class=org.apache.hadoop.http.HttpServer2$QuotingInputFilter)
2019-09-25 04:52:16,390 [main] INFO  http.HttpServer2 (HttpServer2.java:addFilter(948)) - Added filter static_user_filter (class=org.apache.hadoop.http.lib.StaticUserWebFilter$StaticUserFilter) to context hddsDatanode
2019-09-25 04:52:16,391 [main] INFO  http.HttpServer2 (HttpServer2.java:addFilter(958)) - Added filter static_user_filter (class=org.apache.hadoop.http.lib.StaticUserWebFilter$StaticUserFilter) to context static
2019-09-25 04:52:16,391 [main] INFO  http.HttpServer2 (HttpServer2.java:addFilter(958)) - Added filter static_user_filter (class=org.apache.hadoop.http.lib.StaticUserWebFilter$StaticUserFilter) to context logs
2019-09-25 04:52:16,391 [main] INFO  http.HttpServer2 (HttpServer2.java:bindListener(1191)) - Jetty bound to port 39249
2019-09-25 04:52:16,392 [main] INFO  server.Server (Server.java:doStart(351)) - jetty-9.3.25.v20180904, build timestamp: 2018-09-04T21:11:46Z, git hash: 3ce520221d0240229c862b122d2b06c12a625732
2019-09-25 04:52:16,393 [main] INFO  handler.ContextHandler (ContextHandler.java:doStart(781)) - Started o.e.j.s.ServletContextHandler@4fc5563d{/logs,file:///workdir/hadoop-ozone/integration-test/target/log,AVAILABLE}
2019-09-25 04:52:16,394 [main] INFO  handler.ContextHandler (ContextHandler.java:doStart(781)) - Started o.e.j.s.ServletContextHandler@31120021{/static,jar:file:/home/user/.m2/repository/org/apache/hadoop/hadoop-hdds-container-service/0.5.0-SNAPSHOT/hadoop-hdds-container-service-0.5.0-SNAPSHOT.jar!/webapps/static,AVAILABLE}
2019-09-25 04:52:16,426 [main] INFO  handler.ContextHandler (ContextHandler.java:doStart(781)) - Started o.e.j.w.WebAppContext@1cfc2538{/,file:///tmp/jetty-0.0.0.0-39249-hddsDatanode-_-any-2554796813766899279.dir/webapp/,AVAILABLE}{/hddsDatanode}
2019-09-25 04:52:16,428 [main] INFO  server.AbstractConnector (AbstractConnector.java:doStart(278)) - Started ServerConnector@66deec87{HTTP/1.1,[http/1.1]}{0.0.0.0:39249}
2019-09-25 04:52:16,428 [main] INFO  server.Server (Server.java:doStart(419)) - Started @35939ms
2019-09-25 04:52:16,429 [main] WARN  impl.MetricsSystemImpl (MetricsSystemImpl.java:register(276)) - Sink prometheus already exists!
2019-09-25 04:52:16,430 [main] INFO  server.BaseHttpServer (BaseHttpServer.java:updateConnectorAddress(215)) - HTTP server of HDDSDATANODE is listening at http://0.0.0.0:39249
2019-09-25 04:52:16,430 [main] INFO  impl.MetricsSystemImpl (MetricsSystemImpl.java:init(158)) - HddsDatanode metrics system started (again)
2019-09-25 04:52:16,435 [main] INFO  ozone.HddsDatanodeService (HddsDatanodeService.java:start(184)) - HddsDatanodeService host:pr-hdds-1569-s44lr-3492059363 ip:192.168.164.207
2019-09-25 04:52:16,435 [org.apache.hadoop.util.JvmPauseMonitor$Monitor@3037e8cb] INFO  util.JvmPauseMonitor (JvmPauseMonitor.java:run(188)) - Starting JVM pause monitor
2019-09-25 04:52:16,441 [main] INFO  volume.HddsVolume (HddsVolume.java:<init>(176)) - Creating Volume: /workdir/hadoop-ozone/integration-test/target/test-dir/MiniOzoneClusterImpl-d3c81739-79da-4dbe-9ced-b164d958c5b5/datanode-2/data/containers/hdds of  storage type : DISK and capacity : 1482555576320
2019-09-25 04:52:16,441 [main] INFO  volume.VolumeSet (VolumeSet.java:initializeVolumeSet(170)) - Added Volume : /workdir/hadoop-ozone/integration-test/target/test-dir/MiniOzoneClusterImpl-d3c81739-79da-4dbe-9ced-b164d958c5b5/datanode-2/data/containers/hdds to VolumeSet
2019-09-25 04:52:16,441 [Datanode State Machine Thread - 0] INFO  datanode.InitDatanodeState (InitDatanodeState.java:persistContainerDatanodeDetails(140)) - DatanodeDetails is persisted to /workdir/hadoop-ozone/integration-test/target/test-dir/MiniOzoneClusterImpl-d3c81739-79da-4dbe-9ced-b164d958c5b5/datanode-1/meta/datanode.id
2019-09-25 04:52:16,442 [main] INFO  volume.ThrottledAsyncChecker (ThrottledAsyncChecker.java:schedule(139)) - Scheduling a check for org.apache.hadoop.ozone.container.common.volume.HddsVolume@655f69da
2019-09-25 04:52:16,442 [main] INFO  volume.HddsVolumeChecker (HddsVolumeChecker.java:checkAllVolumes(202)) - Scheduled health check for volume org.apache.hadoop.ozone.container.common.volume.HddsVolume@655f69da
2019-09-25 04:52:16,455 [main] INFO  impl.RaftServerProxy (ConfUtils.java:logGet(43)) - raft.rpc.type = GRPC (default)
2019-09-25 04:52:16,455 [main] INFO  grpc.GrpcFactory (GrpcFactory.java:checkPooledByteBufAllocatorUseCacheForAllThreads(45)) - PERFORMANCE WARNING: useCacheForAllThreads is true that may cause Netty to create a lot garbage objects and, as a result, trigger GC.
	It is recommended to disable useCacheForAllThreads by setting -Dorg.apache.ratis.thirdparty.io.netty.allocator.useCacheForAllThreads=false in command line.
2019-09-25 04:52:16,456 [main] INFO  grpc.GrpcConfigKeys$Server (ConfUtils.java:logGet(43)) - raft.grpc.server.port = 0 (default)
2019-09-25 04:52:16,456 [main] INFO  server.GrpcService (ConfUtils.java:logGet(43)) - raft.grpc.message.size.max = 33570816 (custom)
2019-09-25 04:52:16,456 [main] INFO  server.RaftServerConfigKeys (ConfUtils.java:logGet(43)) - raft.server.log.appender.buffer.byte-limit = 33554432 (custom)
2019-09-25 04:52:16,456 [main] INFO  server.GrpcService (ConfUtils.java:logGet(43)) - raft.grpc.flow.control.window = 1MB (=1048576) (default)
2019-09-25 04:52:16,456 [main] INFO  server.RaftServerConfigKeys (ConfUtils.java:logGet(43)) - raft.server.rpc.request.timeout = 3000ms (default)
2019-09-25 04:52:16,457 [main] INFO  server.RaftServerConfigKeys (ConfUtils.java:logGet(43)) - raft.server.storage.dir = [/workdir/hadoop-ozone/integration-test/target/test-dir/MiniOzoneClusterImpl-d3c81739-79da-4dbe-9ced-b164d958c5b5/datanode-2/data/ratis] (custom)
2019-09-25 04:52:16,458 [main] INFO  hdfs.DFSUtil (DFSUtil.java:httpServerTemplateForNNAndJN(1641)) - Starting Web-server for hddsDatanode at: http://0.0.0.0:0
2019-09-25 04:52:16,459 [main] INFO  server.AuthenticationFilter (AuthenticationFilter.java:constructSecretProvider(240)) - Unable to initialize FileSignerSecretProvider, falling back to use random secrets.
2019-09-25 04:52:16,460 [main] WARN  http.HttpRequestLog (HttpRequestLog.java:getRequestLog(97)) - Jetty request log can only be enabled using Log4j
2019-09-25 04:52:16,461 [main] INFO  http.HttpServer2 (HttpServer2.java:addGlobalFilter(975)) - Added global filter 'safety' (class=org.apache.hadoop.http.HttpServer2$QuotingInputFilter)
2019-09-25 04:52:16,462 [main] INFO  http.HttpServer2 (HttpServer2.java:addFilter(948)) - Added filter static_user_filter (class=org.apache.hadoop.http.lib.StaticUserWebFilter$StaticUserFilter) to context hddsDatanode
2019-09-25 04:52:16,462 [main] INFO  http.HttpServer2 (HttpServer2.java:addFilter(958)) - Added filter static_user_filter (class=org.apache.hadoop.http.lib.StaticUserWebFilter$StaticUserFilter) to context static
2019-09-25 04:52:16,462 [main] INFO  http.HttpServer2 (HttpServer2.java:addFilter(958)) - Added filter static_user_filter (class=org.apache.hadoop.http.lib.StaticUserWebFilter$StaticUserFilter) to context logs
2019-09-25 04:52:16,463 [main] INFO  http.HttpServer2 (HttpServer2.java:bindListener(1191)) - Jetty bound to port 39962
2019-09-25 04:52:16,463 [main] INFO  server.Server (Server.java:doStart(351)) - jetty-9.3.25.v20180904, build timestamp: 2018-09-04T21:11:46Z, git hash: 3ce520221d0240229c862b122d2b06c12a625732
2019-09-25 04:52:16,465 [main] INFO  handler.ContextHandler (ContextHandler.java:doStart(781)) - Started o.e.j.s.ServletContextHandler@63cf9de0{/logs,file:///workdir/hadoop-ozone/integration-test/target/log,AVAILABLE}
2019-09-25 04:52:16,465 [main] INFO  handler.ContextHandler (ContextHandler.java:doStart(781)) - Started o.e.j.s.ServletContextHandler@5befbac1{/static,jar:file:/home/user/.m2/repository/org/apache/hadoop/hadoop-hdds-container-service/0.5.0-SNAPSHOT/hadoop-hdds-container-service-0.5.0-SNAPSHOT.jar!/webapps/static,AVAILABLE}
2019-09-25 04:52:16,492 [main] INFO  handler.ContextHandler (ContextHandler.java:doStart(781)) - Started o.e.j.w.WebAppContext@69cd1085{/,file:///tmp/jetty-0.0.0.0-39962-hddsDatanode-_-any-9027997836134295790.dir/webapp/,AVAILABLE}{/hddsDatanode}
2019-09-25 04:52:16,493 [main] INFO  server.AbstractConnector (AbstractConnector.java:doStart(278)) - Started ServerConnector@60bb7995{HTTP/1.1,[http/1.1]}{0.0.0.0:39962}
2019-09-25 04:52:16,493 [main] INFO  server.Server (Server.java:doStart(419)) - Started @36004ms
2019-09-25 04:52:16,494 [main] WARN  impl.MetricsSystemImpl (MetricsSystemImpl.java:register(276)) - Sink prometheus already exists!
2019-09-25 04:52:16,495 [main] INFO  server.BaseHttpServer (BaseHttpServer.java:updateConnectorAddress(215)) - HTTP server of HDDSDATANODE is listening at http://0.0.0.0:39962
2019-09-25 04:52:16,495 [main] INFO  impl.MetricsSystemImpl (MetricsSystemImpl.java:init(158)) - HddsDatanode metrics system started (again)
2019-09-25 04:52:16,501 [org.apache.hadoop.util.JvmPauseMonitor$Monitor@3f0b98b5] INFO  util.JvmPauseMonitor (JvmPauseMonitor.java:run(188)) - Starting JVM pause monitor
2019-09-25 04:52:16,501 [main] INFO  ozone.HddsDatanodeService (HddsDatanodeService.java:start(184)) - HddsDatanodeService host:pr-hdds-1569-s44lr-3492059363 ip:192.168.164.207
2019-09-25 04:52:16,503 [Datanode State Machine Thread - 0] INFO  datanode.InitDatanodeState (InitDatanodeState.java:persistContainerDatanodeDetails(140)) - DatanodeDetails is persisted to /workdir/hadoop-ozone/integration-test/target/test-dir/MiniOzoneClusterImpl-d3c81739-79da-4dbe-9ced-b164d958c5b5/datanode-2/meta/datanode.id
2019-09-25 04:52:16,507 [main] INFO  volume.HddsVolume (HddsVolume.java:<init>(176)) - Creating Volume: /workdir/hadoop-ozone/integration-test/target/test-dir/MiniOzoneClusterImpl-d3c81739-79da-4dbe-9ced-b164d958c5b5/datanode-3/data/containers/hdds of  storage type : DISK and capacity : 1482555576320
2019-09-25 04:52:16,507 [main] INFO  volume.VolumeSet (VolumeSet.java:initializeVolumeSet(170)) - Added Volume : /workdir/hadoop-ozone/integration-test/target/test-dir/MiniOzoneClusterImpl-d3c81739-79da-4dbe-9ced-b164d958c5b5/datanode-3/data/containers/hdds to VolumeSet
2019-09-25 04:52:16,507 [main] INFO  volume.ThrottledAsyncChecker (ThrottledAsyncChecker.java:schedule(139)) - Scheduling a check for org.apache.hadoop.ozone.container.common.volume.HddsVolume@1756f7cc
2019-09-25 04:52:16,507 [main] INFO  volume.HddsVolumeChecker (HddsVolumeChecker.java:checkAllVolumes(202)) - Scheduled health check for volume org.apache.hadoop.ozone.container.common.volume.HddsVolume@1756f7cc
2019-09-25 04:52:16,529 [main] INFO  impl.RaftServerProxy (ConfUtils.java:logGet(43)) - raft.rpc.type = GRPC (default)
2019-09-25 04:52:16,529 [main] INFO  grpc.GrpcFactory (GrpcFactory.java:checkPooledByteBufAllocatorUseCacheForAllThreads(45)) - PERFORMANCE WARNING: useCacheForAllThreads is true that may cause Netty to create a lot garbage objects and, as a result, trigger GC.
	It is recommended to disable useCacheForAllThreads by setting -Dorg.apache.ratis.thirdparty.io.netty.allocator.useCacheForAllThreads=false in command line.
2019-09-25 04:52:16,529 [main] INFO  grpc.GrpcConfigKeys$Server (ConfUtils.java:logGet(43)) - raft.grpc.server.port = 0 (default)
2019-09-25 04:52:16,530 [main] INFO  server.GrpcService (ConfUtils.java:logGet(43)) - raft.grpc.message.size.max = 33570816 (custom)
2019-09-25 04:52:16,530 [main] INFO  server.RaftServerConfigKeys (ConfUtils.java:logGet(43)) - raft.server.log.appender.buffer.byte-limit = 33554432 (custom)
2019-09-25 04:52:16,530 [main] INFO  server.GrpcService (ConfUtils.java:logGet(43)) - raft.grpc.flow.control.window = 1MB (=1048576) (default)
2019-09-25 04:52:16,531 [main] INFO  server.RaftServerConfigKeys (ConfUtils.java:logGet(43)) - raft.server.rpc.request.timeout = 3000ms (default)
2019-09-25 04:52:16,531 [main] INFO  server.RaftServerConfigKeys (ConfUtils.java:logGet(43)) - raft.server.storage.dir = [/workdir/hadoop-ozone/integration-test/target/test-dir/MiniOzoneClusterImpl-d3c81739-79da-4dbe-9ced-b164d958c5b5/datanode-3/data/ratis] (custom)
2019-09-25 04:52:16,533 [main] INFO  hdfs.DFSUtil (DFSUtil.java:httpServerTemplateForNNAndJN(1641)) - Starting Web-server for hddsDatanode at: http://0.0.0.0:0
2019-09-25 04:52:16,535 [main] INFO  server.AuthenticationFilter (AuthenticationFilter.java:constructSecretProvider(240)) - Unable to initialize FileSignerSecretProvider, falling back to use random secrets.
2019-09-25 04:52:16,535 [main] WARN  http.HttpRequestLog (HttpRequestLog.java:getRequestLog(97)) - Jetty request log can only be enabled using Log4j
2019-09-25 04:52:16,537 [main] INFO  http.HttpServer2 (HttpServer2.java:addGlobalFilter(975)) - Added global filter 'safety' (class=org.apache.hadoop.http.HttpServer2$QuotingInputFilter)
2019-09-25 04:52:16,538 [main] INFO  http.HttpServer2 (HttpServer2.java:addFilter(948)) - Added filter static_user_filter (class=org.apache.hadoop.http.lib.StaticUserWebFilter$StaticUserFilter) to context hddsDatanode
2019-09-25 04:52:16,538 [main] INFO  http.HttpServer2 (HttpServer2.java:addFilter(958)) - Added filter static_user_filter (class=org.apache.hadoop.http.lib.StaticUserWebFilter$StaticUserFilter) to context static
2019-09-25 04:52:16,539 [main] INFO  http.HttpServer2 (HttpServer2.java:addFilter(958)) - Added filter static_user_filter (class=org.apache.hadoop.http.lib.StaticUserWebFilter$StaticUserFilter) to context logs
2019-09-25 04:52:16,540 [main] INFO  http.HttpServer2 (HttpServer2.java:bindListener(1191)) - Jetty bound to port 32837
2019-09-25 04:52:16,540 [main] INFO  server.Server (Server.java:doStart(351)) - jetty-9.3.25.v20180904, build timestamp: 2018-09-04T21:11:46Z, git hash: 3ce520221d0240229c862b122d2b06c12a625732
2019-09-25 04:52:16,542 [main] INFO  handler.ContextHandler (ContextHandler.java:doStart(781)) - Started o.e.j.s.ServletContextHandler@74f827ad{/logs,file:///workdir/hadoop-ozone/integration-test/target/log,AVAILABLE}
2019-09-25 04:52:16,543 [main] INFO  handler.ContextHandler (ContextHandler.java:doStart(781)) - Started o.e.j.s.ServletContextHandler@4a8a0099{/static,jar:file:/home/user/.m2/repository/org/apache/hadoop/hadoop-hdds-container-service/0.5.0-SNAPSHOT/hadoop-hdds-container-service-0.5.0-SNAPSHOT.jar!/webapps/static,AVAILABLE}
2019-09-25 04:52:16,589 [main] INFO  handler.ContextHandler (ContextHandler.java:doStart(781)) - Started o.e.j.w.WebAppContext@772caabe{/,file:///tmp/jetty-0.0.0.0-32837-hddsDatanode-_-any-2758993321877213066.dir/webapp/,AVAILABLE}{/hddsDatanode}
2019-09-25 04:52:16,590 [main] INFO  server.AbstractConnector (AbstractConnector.java:doStart(278)) - Started ServerConnector@2acdcce8{HTTP/1.1,[http/1.1]}{0.0.0.0:32837}
2019-09-25 04:52:16,592 [main] INFO  server.Server (Server.java:doStart(419)) - Started @36102ms
2019-09-25 04:52:16,592 [main] WARN  impl.MetricsSystemImpl (MetricsSystemImpl.java:register(276)) - Sink prometheus already exists!
2019-09-25 04:52:16,593 [main] INFO  server.BaseHttpServer (BaseHttpServer.java:updateConnectorAddress(215)) - HTTP server of HDDSDATANODE is listening at http://0.0.0.0:32837
2019-09-25 04:52:16,594 [main] INFO  impl.MetricsSystemImpl (MetricsSystemImpl.java:init(158)) - HddsDatanode metrics system started (again)
2019-09-25 04:52:16,601 [org.apache.hadoop.util.JvmPauseMonitor$Monitor@72deba0d] INFO  util.JvmPauseMonitor (JvmPauseMonitor.java:run(188)) - Starting JVM pause monitor
2019-09-25 04:52:16,602 [main] INFO  ozone.HddsDatanodeService (HddsDatanodeService.java:start(184)) - HddsDatanodeService host:pr-hdds-1569-s44lr-3492059363 ip:192.168.164.207
2019-09-25 04:52:16,604 [Datanode State Machine Thread - 0] INFO  datanode.InitDatanodeState (InitDatanodeState.java:persistContainerDatanodeDetails(140)) - DatanodeDetails is persisted to /workdir/hadoop-ozone/integration-test/target/test-dir/MiniOzoneClusterImpl-d3c81739-79da-4dbe-9ced-b164d958c5b5/datanode-3/meta/datanode.id
2019-09-25 04:52:16,610 [main] INFO  volume.HddsVolume (HddsVolume.java:<init>(176)) - Creating Volume: /workdir/hadoop-ozone/integration-test/target/test-dir/MiniOzoneClusterImpl-d3c81739-79da-4dbe-9ced-b164d958c5b5/datanode-4/data/containers/hdds of  storage type : DISK and capacity : 1482555576320
2019-09-25 04:52:16,610 [main] INFO  volume.VolumeSet (VolumeSet.java:initializeVolumeSet(170)) - Added Volume : /workdir/hadoop-ozone/integration-test/target/test-dir/MiniOzoneClusterImpl-d3c81739-79da-4dbe-9ced-b164d958c5b5/datanode-4/data/containers/hdds to VolumeSet
2019-09-25 04:52:16,611 [main] INFO  volume.ThrottledAsyncChecker (ThrottledAsyncChecker.java:schedule(139)) - Scheduling a check for org.apache.hadoop.ozone.container.common.volume.HddsVolume@1015a4b9
2019-09-25 04:52:16,611 [main] INFO  volume.HddsVolumeChecker (HddsVolumeChecker.java:checkAllVolumes(202)) - Scheduled health check for volume org.apache.hadoop.ozone.container.common.volume.HddsVolume@1015a4b9
2019-09-25 04:52:16,631 [main] INFO  impl.RaftServerProxy (ConfUtils.java:logGet(43)) - raft.rpc.type = GRPC (default)
2019-09-25 04:52:16,631 [main] INFO  grpc.GrpcFactory (GrpcFactory.java:checkPooledByteBufAllocatorUseCacheForAllThreads(45)) - PERFORMANCE WARNING: useCacheForAllThreads is true that may cause Netty to create a lot garbage objects and, as a result, trigger GC.
	It is recommended to disable useCacheForAllThreads by setting -Dorg.apache.ratis.thirdparty.io.netty.allocator.useCacheForAllThreads=false in command line.
2019-09-25 04:52:16,631 [main] INFO  grpc.GrpcConfigKeys$Server (ConfUtils.java:logGet(43)) - raft.grpc.server.port = 0 (default)
2019-09-25 04:52:16,632 [main] INFO  server.GrpcService (ConfUtils.java:logGet(43)) - raft.grpc.message.size.max = 33570816 (custom)
2019-09-25 04:52:16,632 [main] INFO  server.RaftServerConfigKeys (ConfUtils.java:logGet(43)) - raft.server.log.appender.buffer.byte-limit = 33554432 (custom)
2019-09-25 04:52:16,632 [main] INFO  server.GrpcService (ConfUtils.java:logGet(43)) - raft.grpc.flow.control.window = 1MB (=1048576) (default)
2019-09-25 04:52:16,632 [main] INFO  server.RaftServerConfigKeys (ConfUtils.java:logGet(43)) - raft.server.rpc.request.timeout = 3000ms (default)
2019-09-25 04:52:16,633 [main] INFO  server.RaftServerConfigKeys (ConfUtils.java:logGet(43)) - raft.server.storage.dir = [/workdir/hadoop-ozone/integration-test/target/test-dir/MiniOzoneClusterImpl-d3c81739-79da-4dbe-9ced-b164d958c5b5/datanode-4/data/ratis] (custom)
2019-09-25 04:52:16,635 [main] INFO  hdfs.DFSUtil (DFSUtil.java:httpServerTemplateForNNAndJN(1641)) - Starting Web-server for hddsDatanode at: http://0.0.0.0:0
2019-09-25 04:52:16,637 [main] INFO  server.AuthenticationFilter (AuthenticationFilter.java:constructSecretProvider(240)) - Unable to initialize FileSignerSecretProvider, falling back to use random secrets.
2019-09-25 04:52:16,638 [main] WARN  http.HttpRequestLog (HttpRequestLog.java:getRequestLog(97)) - Jetty request log can only be enabled using Log4j
2019-09-25 04:52:16,639 [main] INFO  http.HttpServer2 (HttpServer2.java:addGlobalFilter(975)) - Added global filter 'safety' (class=org.apache.hadoop.http.HttpServer2$QuotingInputFilter)
2019-09-25 04:52:16,640 [main] INFO  http.HttpServer2 (HttpServer2.java:addFilter(948)) - Added filter static_user_filter (class=org.apache.hadoop.http.lib.StaticUserWebFilter$StaticUserFilter) to context hddsDatanode
2019-09-25 04:52:16,641 [main] INFO  http.HttpServer2 (HttpServer2.java:addFilter(958)) - Added filter static_user_filter (class=org.apache.hadoop.http.lib.StaticUserWebFilter$StaticUserFilter) to context logs
2019-09-25 04:52:16,641 [main] INFO  http.HttpServer2 (HttpServer2.java:addFilter(958)) - Added filter static_user_filter (class=org.apache.hadoop.http.lib.StaticUserWebFilter$StaticUserFilter) to context static
2019-09-25 04:52:16,642 [main] INFO  http.HttpServer2 (HttpServer2.java:bindListener(1191)) - Jetty bound to port 35134
2019-09-25 04:52:16,642 [main] INFO  server.Server (Server.java:doStart(351)) - jetty-9.3.25.v20180904, build timestamp: 2018-09-04T21:11:46Z, git hash: 3ce520221d0240229c862b122d2b06c12a625732
2019-09-25 04:52:16,645 [main] INFO  handler.ContextHandler (ContextHandler.java:doStart(781)) - Started o.e.j.s.ServletContextHandler@267cde2e{/logs,file:///workdir/hadoop-ozone/integration-test/target/log,AVAILABLE}
2019-09-25 04:52:16,646 [main] INFO  handler.ContextHandler (ContextHandler.java:doStart(781)) - Started o.e.j.s.ServletContextHandler@56dd6efa{/static,jar:file:/home/user/.m2/repository/org/apache/hadoop/hadoop-hdds-container-service/0.5.0-SNAPSHOT/hadoop-hdds-container-service-0.5.0-SNAPSHOT.jar!/webapps/static,AVAILABLE}
2019-09-25 04:52:16,680 [main] INFO  handler.ContextHandler (ContextHandler.java:doStart(781)) - Started o.e.j.w.WebAppContext@5b20706{/,file:///tmp/jetty-0.0.0.0-35134-hddsDatanode-_-any-8308544956136916374.dir/webapp/,AVAILABLE}{/hddsDatanode}
2019-09-25 04:52:16,681 [main] INFO  server.AbstractConnector (AbstractConnector.java:doStart(278)) - Started ServerConnector@16aed49f{HTTP/1.1,[http/1.1]}{0.0.0.0:35134}
2019-09-25 04:52:16,683 [main] INFO  server.Server (Server.java:doStart(419)) - Started @36193ms
2019-09-25 04:52:16,683 [main] WARN  impl.MetricsSystemImpl (MetricsSystemImpl.java:register(276)) - Sink prometheus already exists!
2019-09-25 04:52:16,684 [main] INFO  server.BaseHttpServer (BaseHttpServer.java:updateConnectorAddress(215)) - HTTP server of HDDSDATANODE is listening at http://0.0.0.0:35134
2019-09-25 04:52:16,684 [main] INFO  impl.MetricsSystemImpl (MetricsSystemImpl.java:init(158)) - HddsDatanode metrics system started (again)
2019-09-25 04:52:16,689 [org.apache.hadoop.util.JvmPauseMonitor$Monitor@2996691e] INFO  util.JvmPauseMonitor (JvmPauseMonitor.java:run(188)) - Starting JVM pause monitor
2019-09-25 04:52:16,689 [main] INFO  ozone.HddsDatanodeService (HddsDatanodeService.java:start(184)) - HddsDatanodeService host:pr-hdds-1569-s44lr-3492059363 ip:192.168.164.207
2019-09-25 04:52:16,692 [Datanode State Machine Thread - 0] INFO  datanode.InitDatanodeState (InitDatanodeState.java:persistContainerDatanodeDetails(140)) - DatanodeDetails is persisted to /workdir/hadoop-ozone/integration-test/target/test-dir/MiniOzoneClusterImpl-d3c81739-79da-4dbe-9ced-b164d958c5b5/datanode-4/meta/datanode.id
2019-09-25 04:52:16,697 [main] INFO  volume.HddsVolume (HddsVolume.java:<init>(176)) - Creating Volume: /workdir/hadoop-ozone/integration-test/target/test-dir/MiniOzoneClusterImpl-d3c81739-79da-4dbe-9ced-b164d958c5b5/datanode-5/data/containers/hdds of  storage type : DISK and capacity : 1482555576320
2019-09-25 04:52:16,697 [main] INFO  volume.VolumeSet (VolumeSet.java:initializeVolumeSet(170)) - Added Volume : /workdir/hadoop-ozone/integration-test/target/test-dir/MiniOzoneClusterImpl-d3c81739-79da-4dbe-9ced-b164d958c5b5/datanode-5/data/containers/hdds to VolumeSet
2019-09-25 04:52:16,697 [main] INFO  volume.ThrottledAsyncChecker (ThrottledAsyncChecker.java:schedule(139)) - Scheduling a check for org.apache.hadoop.ozone.container.common.volume.HddsVolume@493b01ef
2019-09-25 04:52:16,698 [main] INFO  volume.HddsVolumeChecker (HddsVolumeChecker.java:checkAllVolumes(202)) - Scheduled health check for volume org.apache.hadoop.ozone.container.common.volume.HddsVolume@493b01ef
2019-09-25 04:52:16,717 [main] INFO  impl.RaftServerProxy (ConfUtils.java:logGet(43)) - raft.rpc.type = GRPC (default)
2019-09-25 04:52:16,717 [main] INFO  grpc.GrpcFactory (GrpcFactory.java:checkPooledByteBufAllocatorUseCacheForAllThreads(45)) - PERFORMANCE WARNING: useCacheForAllThreads is true that may cause Netty to create a lot garbage objects and, as a result, trigger GC.
	It is recommended to disable useCacheForAllThreads by setting -Dorg.apache.ratis.thirdparty.io.netty.allocator.useCacheForAllThreads=false in command line.
2019-09-25 04:52:16,718 [main] INFO  grpc.GrpcConfigKeys$Server (ConfUtils.java:logGet(43)) - raft.grpc.server.port = 0 (default)
2019-09-25 04:52:16,718 [main] INFO  server.GrpcService (ConfUtils.java:logGet(43)) - raft.grpc.message.size.max = 33570816 (custom)
2019-09-25 04:52:16,718 [main] INFO  server.RaftServerConfigKeys (ConfUtils.java:logGet(43)) - raft.server.log.appender.buffer.byte-limit = 33554432 (custom)
2019-09-25 04:52:16,719 [main] INFO  server.GrpcService (ConfUtils.java:logGet(43)) - raft.grpc.flow.control.window = 1MB (=1048576) (default)
2019-09-25 04:52:16,719 [main] INFO  server.RaftServerConfigKeys (ConfUtils.java:logGet(43)) - raft.server.rpc.request.timeout = 3000ms (default)
2019-09-25 04:52:16,719 [main] INFO  server.RaftServerConfigKeys (ConfUtils.java:logGet(43)) - raft.server.storage.dir = [/workdir/hadoop-ozone/integration-test/target/test-dir/MiniOzoneClusterImpl-d3c81739-79da-4dbe-9ced-b164d958c5b5/datanode-5/data/ratis] (custom)
2019-09-25 04:52:16,721 [main] INFO  hdfs.DFSUtil (DFSUtil.java:httpServerTemplateForNNAndJN(1641)) - Starting Web-server for hddsDatanode at: http://0.0.0.0:0
2019-09-25 04:52:16,723 [main] INFO  server.AuthenticationFilter (AuthenticationFilter.java:constructSecretProvider(240)) - Unable to initialize FileSignerSecretProvider, falling back to use random secrets.
2019-09-25 04:52:16,723 [main] WARN  http.HttpRequestLog (HttpRequestLog.java:getRequestLog(97)) - Jetty request log can only be enabled using Log4j
2019-09-25 04:52:16,726 [main] INFO  http.HttpServer2 (HttpServer2.java:addGlobalFilter(975)) - Added global filter 'safety' (class=org.apache.hadoop.http.HttpServer2$QuotingInputFilter)
2019-09-25 04:52:16,726 [main] INFO  http.HttpServer2 (HttpServer2.java:addFilter(948)) - Added filter static_user_filter (class=org.apache.hadoop.http.lib.StaticUserWebFilter$StaticUserFilter) to context hddsDatanode
2019-09-25 04:52:16,727 [main] INFO  http.HttpServer2 (HttpServer2.java:addFilter(958)) - Added filter static_user_filter (class=org.apache.hadoop.http.lib.StaticUserWebFilter$StaticUserFilter) to context static
2019-09-25 04:52:16,727 [main] INFO  http.HttpServer2 (HttpServer2.java:addFilter(958)) - Added filter static_user_filter (class=org.apache.hadoop.http.lib.StaticUserWebFilter$StaticUserFilter) to context logs
2019-09-25 04:52:16,728 [main] INFO  http.HttpServer2 (HttpServer2.java:bindListener(1191)) - Jetty bound to port 35156
2019-09-25 04:52:16,728 [main] INFO  server.Server (Server.java:doStart(351)) - jetty-9.3.25.v20180904, build timestamp: 2018-09-04T21:11:46Z, git hash: 3ce520221d0240229c862b122d2b06c12a625732
2019-09-25 04:52:16,731 [main] INFO  handler.ContextHandler (ContextHandler.java:doStart(781)) - Started o.e.j.s.ServletContextHandler@753fd7a1{/logs,file:///workdir/hadoop-ozone/integration-test/target/log,AVAILABLE}
2019-09-25 04:52:16,732 [main] INFO  handler.ContextHandler (ContextHandler.java:doStart(781)) - Started o.e.j.s.ServletContextHandler@21b6c9c2{/static,jar:file:/home/user/.m2/repository/org/apache/hadoop/hadoop-hdds-container-service/0.5.0-SNAPSHOT/hadoop-hdds-container-service-0.5.0-SNAPSHOT.jar!/webapps/static,AVAILABLE}
2019-09-25 04:52:16,770 [main] INFO  handler.ContextHandler (ContextHandler.java:doStart(781)) - Started o.e.j.w.WebAppContext@3d20e575{/,file:///tmp/jetty-0.0.0.0-35156-hddsDatanode-_-any-2171740884674897026.dir/webapp/,AVAILABLE}{/hddsDatanode}
2019-09-25 04:52:16,770 [main] INFO  server.AbstractConnector (AbstractConnector.java:doStart(278)) - Started ServerConnector@3252747e{HTTP/1.1,[http/1.1]}{0.0.0.0:35156}
2019-09-25 04:52:16,772 [main] INFO  server.Server (Server.java:doStart(419)) - Started @36282ms
2019-09-25 04:52:16,772 [main] WARN  impl.MetricsSystemImpl (MetricsSystemImpl.java:register(276)) - Sink prometheus already exists!
2019-09-25 04:52:16,773 [main] INFO  server.BaseHttpServer (BaseHttpServer.java:updateConnectorAddress(215)) - HTTP server of HDDSDATANODE is listening at http://0.0.0.0:35156
2019-09-25 04:52:16,773 [main] INFO  impl.MetricsSystemImpl (MetricsSystemImpl.java:init(158)) - HddsDatanode metrics system started (again)
2019-09-25 04:52:16,779 [org.apache.hadoop.util.JvmPauseMonitor$Monitor@1f5ab721] INFO  util.JvmPauseMonitor (JvmPauseMonitor.java:run(188)) - Starting JVM pause monitor
2019-09-25 04:52:16,780 [main] INFO  ozone.HddsDatanodeService (HddsDatanodeService.java:start(184)) - HddsDatanodeService host:pr-hdds-1569-s44lr-3492059363 ip:192.168.164.207
2019-09-25 04:52:16,781 [Datanode State Machine Thread - 0] INFO  datanode.InitDatanodeState (InitDatanodeState.java:persistContainerDatanodeDetails(140)) - DatanodeDetails is persisted to /workdir/hadoop-ozone/integration-test/target/test-dir/MiniOzoneClusterImpl-d3c81739-79da-4dbe-9ced-b164d958c5b5/datanode-5/meta/datanode.id
2019-09-25 04:52:16,786 [main] INFO  volume.HddsVolume (HddsVolume.java:<init>(176)) - Creating Volume: /workdir/hadoop-ozone/integration-test/target/test-dir/MiniOzoneClusterImpl-d3c81739-79da-4dbe-9ced-b164d958c5b5/datanode-6/data/containers/hdds of  storage type : DISK and capacity : 1482555576320
2019-09-25 04:52:16,787 [main] INFO  volume.VolumeSet (VolumeSet.java:initializeVolumeSet(170)) - Added Volume : /workdir/hadoop-ozone/integration-test/target/test-dir/MiniOzoneClusterImpl-d3c81739-79da-4dbe-9ced-b164d958c5b5/datanode-6/data/containers/hdds to VolumeSet
2019-09-25 04:52:16,787 [main] INFO  volume.ThrottledAsyncChecker (ThrottledAsyncChecker.java:schedule(139)) - Scheduling a check for org.apache.hadoop.ozone.container.common.volume.HddsVolume@3a6045c6
2019-09-25 04:52:16,788 [main] INFO  volume.HddsVolumeChecker (HddsVolumeChecker.java:checkAllVolumes(202)) - Scheduled health check for volume org.apache.hadoop.ozone.container.common.volume.HddsVolume@3a6045c6
2019-09-25 04:52:16,804 [main] INFO  impl.RaftServerProxy (ConfUtils.java:logGet(43)) - raft.rpc.type = GRPC (default)
2019-09-25 04:52:16,805 [main] INFO  grpc.GrpcFactory (GrpcFactory.java:checkPooledByteBufAllocatorUseCacheForAllThreads(45)) - PERFORMANCE WARNING: useCacheForAllThreads is true that may cause Netty to create a lot garbage objects and, as a result, trigger GC.
	It is recommended to disable useCacheForAllThreads by setting -Dorg.apache.ratis.thirdparty.io.netty.allocator.useCacheForAllThreads=false in command line.
2019-09-25 04:52:16,805 [main] INFO  grpc.GrpcConfigKeys$Server (ConfUtils.java:logGet(43)) - raft.grpc.server.port = 0 (default)
2019-09-25 04:52:16,805 [main] INFO  server.GrpcService (ConfUtils.java:logGet(43)) - raft.grpc.message.size.max = 33570816 (custom)
2019-09-25 04:52:16,805 [main] INFO  server.RaftServerConfigKeys (ConfUtils.java:logGet(43)) - raft.server.log.appender.buffer.byte-limit = 33554432 (custom)
2019-09-25 04:52:16,806 [main] INFO  server.GrpcService (ConfUtils.java:logGet(43)) - raft.grpc.flow.control.window = 1MB (=1048576) (default)
2019-09-25 04:52:16,806 [main] INFO  server.RaftServerConfigKeys (ConfUtils.java:logGet(43)) - raft.server.rpc.request.timeout = 3000ms (default)
2019-09-25 04:52:16,807 [main] INFO  server.RaftServerConfigKeys (ConfUtils.java:logGet(43)) - raft.server.storage.dir = [/workdir/hadoop-ozone/integration-test/target/test-dir/MiniOzoneClusterImpl-d3c81739-79da-4dbe-9ced-b164d958c5b5/datanode-6/data/ratis] (custom)
2019-09-25 04:52:16,808 [main] INFO  hdfs.DFSUtil (DFSUtil.java:httpServerTemplateForNNAndJN(1641)) - Starting Web-server for hddsDatanode at: http://0.0.0.0:0
2019-09-25 04:52:16,809 [main] INFO  server.AuthenticationFilter (AuthenticationFilter.java:constructSecretProvider(240)) - Unable to initialize FileSignerSecretProvider, falling back to use random secrets.
2019-09-25 04:52:16,810 [main] WARN  http.HttpRequestLog (HttpRequestLog.java:getRequestLog(97)) - Jetty request log can only be enabled using Log4j
2019-09-25 04:52:16,812 [main] INFO  http.HttpServer2 (HttpServer2.java:addGlobalFilter(975)) - Added global filter 'safety' (class=org.apache.hadoop.http.HttpServer2$QuotingInputFilter)
2019-09-25 04:52:16,812 [main] INFO  http.HttpServer2 (HttpServer2.java:addFilter(948)) - Added filter static_user_filter (class=org.apache.hadoop.http.lib.StaticUserWebFilter$StaticUserFilter) to context hddsDatanode
2019-09-25 04:52:16,812 [main] INFO  http.HttpServer2 (HttpServer2.java:addFilter(958)) - Added filter static_user_filter (class=org.apache.hadoop.http.lib.StaticUserWebFilter$StaticUserFilter) to context logs
2019-09-25 04:52:16,813 [main] INFO  http.HttpServer2 (HttpServer2.java:addFilter(958)) - Added filter static_user_filter (class=org.apache.hadoop.http.lib.StaticUserWebFilter$StaticUserFilter) to context static
2019-09-25 04:52:16,813 [main] INFO  http.HttpServer2 (HttpServer2.java:bindListener(1191)) - Jetty bound to port 40609
2019-09-25 04:52:16,814 [main] INFO  server.Server (Server.java:doStart(351)) - jetty-9.3.25.v20180904, build timestamp: 2018-09-04T21:11:46Z, git hash: 3ce520221d0240229c862b122d2b06c12a625732
2019-09-25 04:52:16,815 [main] INFO  handler.ContextHandler (ContextHandler.java:doStart(781)) - Started o.e.j.s.ServletContextHandler@217bf99e{/logs,file:///workdir/hadoop-ozone/integration-test/target/log,AVAILABLE}
2019-09-25 04:52:16,816 [main] INFO  handler.ContextHandler (ContextHandler.java:doStart(781)) - Started o.e.j.s.ServletContextHandler@7ddd84b5{/static,jar:file:/home/user/.m2/repository/org/apache/hadoop/hadoop-hdds-container-service/0.5.0-SNAPSHOT/hadoop-hdds-container-service-0.5.0-SNAPSHOT.jar!/webapps/static,AVAILABLE}
2019-09-25 04:52:16,847 [main] INFO  handler.ContextHandler (ContextHandler.java:doStart(781)) - Started o.e.j.w.WebAppContext@6fff46bf{/,file:///tmp/jetty-0.0.0.0-40609-hddsDatanode-_-any-155713286836506236.dir/webapp/,AVAILABLE}{/hddsDatanode}
2019-09-25 04:52:16,848 [main] INFO  server.AbstractConnector (AbstractConnector.java:doStart(278)) - Started ServerConnector@1835dc92{HTTP/1.1,[http/1.1]}{0.0.0.0:40609}
2019-09-25 04:52:16,849 [main] INFO  server.Server (Server.java:doStart(419)) - Started @36360ms
2019-09-25 04:52:16,849 [main] WARN  impl.MetricsSystemImpl (MetricsSystemImpl.java:register(276)) - Sink prometheus already exists!
2019-09-25 04:52:16,850 [main] INFO  server.BaseHttpServer (BaseHttpServer.java:updateConnectorAddress(215)) - HTTP server of HDDSDATANODE is listening at http://0.0.0.0:40609
2019-09-25 04:52:16,850 [main] INFO  ozone.MiniOzoneClusterImpl (MiniOzoneClusterImpl.java:lambda$waitForClusterToBeReady$0(147)) - Waiting for cluster to be ready. Got 0 of 7 DN Heartbeats.
2019-09-25 04:52:16,854 [org.apache.hadoop.util.JvmPauseMonitor$Monitor@9cc155e] INFO  util.JvmPauseMonitor (JvmPauseMonitor.java:run(188)) - Starting JVM pause monitor
2019-09-25 04:52:16,857 [Datanode State Machine Thread - 0] INFO  datanode.InitDatanodeState (InitDatanodeState.java:persistContainerDatanodeDetails(140)) - DatanodeDetails is persisted to /workdir/hadoop-ozone/integration-test/target/test-dir/MiniOzoneClusterImpl-d3c81739-79da-4dbe-9ced-b164d958c5b5/datanode-6/meta/datanode.id
2019-09-25 04:52:17,851 [main] INFO  ozone.MiniOzoneClusterImpl (MiniOzoneClusterImpl.java:lambda$waitForClusterToBeReady$0(147)) - Waiting for cluster to be ready. Got 0 of 7 DN Heartbeats.
2019-09-25 04:52:18,400 [Datanode State Machine Thread - 0] INFO  ozoneimpl.OzoneContainer (OzoneContainer.java:start(217)) - Attempting to start container services.
2019-09-25 04:52:18,403 [Datanode State Machine Thread - 0] INFO  ozoneimpl.OzoneContainer (OzoneContainer.java:startContainerScrub(179)) - Background container scanner has been disabled.
2019-09-25 04:52:18,404 [Datanode State Machine Thread - 0] INFO  ratis.XceiverServerRatis (XceiverServerRatis.java:start(411)) - Starting XceiverServerRatis 4370308c-ceb4-49a9-9879-5927b69a5f85 at port 0
2019-09-25 04:52:18,412 [Datanode State Machine Thread - 0] INFO  impl.RaftServerProxy (RaftServerProxy.java:lambda$start$3(299)) - 4370308c-ceb4-49a9-9879-5927b69a5f85: start RPC server
2019-09-25 04:52:18,415 [Datanode State Machine Thread - 0] INFO  server.GrpcService (GrpcService.java:startImpl(158)) - 4370308c-ceb4-49a9-9879-5927b69a5f85: GrpcService started, listening on 0.0.0.0/0.0.0.0:34481
2019-09-25 04:52:18,415 [Datanode State Machine Thread - 0] INFO  ratis.XceiverServerRatis (XceiverServerRatis.java:start(421)) - XceiverServerRatis 4370308c-ceb4-49a9-9879-5927b69a5f85 is started using port 34481
2019-09-25 04:52:18,416 [Datanode State Machine Thread - 0] INFO  server.XceiverServerGrpc (XceiverServerGrpc.java:start(149)) - XceiverServerGrpc 4370308c-ceb4-49a9-9879-5927b69a5f85 is started using port 41501
2019-09-25 04:52:18,452 [Datanode State Machine Thread - 0] INFO  ozoneimpl.OzoneContainer (OzoneContainer.java:start(217)) - Attempting to start container services.
2019-09-25 04:52:18,455 [Datanode State Machine Thread - 0] INFO  ozoneimpl.OzoneContainer (OzoneContainer.java:startContainerScrub(179)) - Background container scanner has been disabled.
2019-09-25 04:52:18,455 [Datanode State Machine Thread - 0] INFO  ratis.XceiverServerRatis (XceiverServerRatis.java:start(411)) - Starting XceiverServerRatis bcc74fd2-3a06-4539-867d-223a418d820d at port 0
2019-09-25 04:52:18,462 [Datanode State Machine Thread - 0] INFO  impl.RaftServerProxy (RaftServerProxy.java:lambda$start$3(299)) - bcc74fd2-3a06-4539-867d-223a418d820d: start RPC server
2019-09-25 04:52:18,463 [Datanode State Machine Thread - 0] INFO  server.GrpcService (GrpcService.java:startImpl(158)) - bcc74fd2-3a06-4539-867d-223a418d820d: GrpcService started, listening on 0.0.0.0/0.0.0.0:36081
2019-09-25 04:52:18,463 [Datanode State Machine Thread - 0] INFO  ratis.XceiverServerRatis (XceiverServerRatis.java:start(421)) - XceiverServerRatis bcc74fd2-3a06-4539-867d-223a418d820d is started using port 36081
2019-09-25 04:52:18,464 [Datanode State Machine Thread - 0] INFO  server.XceiverServerGrpc (XceiverServerGrpc.java:start(149)) - XceiverServerGrpc bcc74fd2-3a06-4539-867d-223a418d820d is started using port 43668
2019-09-25 04:52:18,516 [Datanode State Machine Thread - 0] INFO  ozoneimpl.OzoneContainer (OzoneContainer.java:start(217)) - Attempting to start container services.
2019-09-25 04:52:18,523 [Datanode State Machine Thread - 0] INFO  ozoneimpl.OzoneContainer (OzoneContainer.java:startContainerScrub(179)) - Background container scanner has been disabled.
2019-09-25 04:52:18,524 [Datanode State Machine Thread - 0] INFO  ratis.XceiverServerRatis (XceiverServerRatis.java:start(411)) - Starting XceiverServerRatis bb4fa670-e092-4403-b4a0-776b8e3a297a at port 0
2019-09-25 04:52:18,531 [Datanode State Machine Thread - 0] INFO  impl.RaftServerProxy (RaftServerProxy.java:lambda$start$3(299)) - bb4fa670-e092-4403-b4a0-776b8e3a297a: start RPC server
2019-09-25 04:52:18,539 [Datanode State Machine Thread - 0] INFO  server.GrpcService (GrpcService.java:startImpl(158)) - bb4fa670-e092-4403-b4a0-776b8e3a297a: GrpcService started, listening on 0.0.0.0/0.0.0.0:42708
2019-09-25 04:52:18,539 [Datanode State Machine Thread - 0] INFO  ratis.XceiverServerRatis (XceiverServerRatis.java:start(421)) - XceiverServerRatis bb4fa670-e092-4403-b4a0-776b8e3a297a is started using port 42708
2019-09-25 04:52:18,545 [Datanode State Machine Thread - 0] INFO  server.XceiverServerGrpc (XceiverServerGrpc.java:start(149)) - XceiverServerGrpc bb4fa670-e092-4403-b4a0-776b8e3a297a is started using port 45267
2019-09-25 04:52:18,617 [Datanode State Machine Thread - 0] INFO  ozoneimpl.OzoneContainer (OzoneContainer.java:start(217)) - Attempting to start container services.
2019-09-25 04:52:18,617 [Datanode State Machine Thread - 0] INFO  ozoneimpl.OzoneContainer (OzoneContainer.java:startContainerScrub(179)) - Background container scanner has been disabled.
2019-09-25 04:52:18,617 [Datanode State Machine Thread - 0] INFO  ratis.XceiverServerRatis (XceiverServerRatis.java:start(411)) - Starting XceiverServerRatis 6a547602-9d9f-411f-a61b-6fc980fbe171 at port 0
2019-09-25 04:52:18,624 [Datanode State Machine Thread - 0] INFO  impl.RaftServerProxy (RaftServerProxy.java:lambda$start$3(299)) - 6a547602-9d9f-411f-a61b-6fc980fbe171: start RPC server
2019-09-25 04:52:18,625 [Datanode State Machine Thread - 0] INFO  server.GrpcService (GrpcService.java:startImpl(158)) - 6a547602-9d9f-411f-a61b-6fc980fbe171: GrpcService started, listening on 0.0.0.0/0.0.0.0:41690
2019-09-25 04:52:18,625 [Datanode State Machine Thread - 0] INFO  ratis.XceiverServerRatis (XceiverServerRatis.java:start(421)) - XceiverServerRatis 6a547602-9d9f-411f-a61b-6fc980fbe171 is started using port 41690
2019-09-25 04:52:18,625 [Datanode State Machine Thread - 0] INFO  server.XceiverServerGrpc (XceiverServerGrpc.java:start(149)) - XceiverServerGrpc 6a547602-9d9f-411f-a61b-6fc980fbe171 is started using port 45519
2019-09-25 04:52:18,739 [Datanode State Machine Thread - 0] INFO  ozoneimpl.OzoneContainer (OzoneContainer.java:start(217)) - Attempting to start container services.
2019-09-25 04:52:18,739 [Datanode State Machine Thread - 0] INFO  ozoneimpl.OzoneContainer (OzoneContainer.java:startContainerScrub(179)) - Background container scanner has been disabled.
2019-09-25 04:52:18,739 [Datanode State Machine Thread - 0] INFO  ratis.XceiverServerRatis (XceiverServerRatis.java:start(411)) - Starting XceiverServerRatis 94bde7ca-9af4-4c06-8221-a867c8f279fc at port 0
2019-09-25 04:52:18,748 [Datanode State Machine Thread - 0] INFO  impl.RaftServerProxy (RaftServerProxy.java:lambda$start$3(299)) - 94bde7ca-9af4-4c06-8221-a867c8f279fc: start RPC server
2019-09-25 04:52:18,751 [Datanode State Machine Thread - 0] INFO  server.GrpcService (GrpcService.java:startImpl(158)) - 94bde7ca-9af4-4c06-8221-a867c8f279fc: GrpcService started, listening on 0.0.0.0/0.0.0.0:37773
2019-09-25 04:52:18,751 [Datanode State Machine Thread - 0] INFO  ratis.XceiverServerRatis (XceiverServerRatis.java:start(421)) - XceiverServerRatis 94bde7ca-9af4-4c06-8221-a867c8f279fc is started using port 37773
2019-09-25 04:52:18,752 [Datanode State Machine Thread - 0] INFO  server.XceiverServerGrpc (XceiverServerGrpc.java:start(149)) - XceiverServerGrpc 94bde7ca-9af4-4c06-8221-a867c8f279fc is started using port 40434
2019-09-25 04:52:18,805 [Datanode State Machine Thread - 0] INFO  ozoneimpl.OzoneContainer (OzoneContainer.java:start(217)) - Attempting to start container services.
2019-09-25 04:52:18,805 [Datanode State Machine Thread - 0] INFO  ozoneimpl.OzoneContainer (OzoneContainer.java:startContainerScrub(179)) - Background container scanner has been disabled.
2019-09-25 04:52:18,805 [Datanode State Machine Thread - 0] INFO  ratis.XceiverServerRatis (XceiverServerRatis.java:start(411)) - Starting XceiverServerRatis 9586c7e2-af3f-487f-89b7-bc8fbed5a611 at port 0
2019-09-25 04:52:18,813 [Datanode State Machine Thread - 0] INFO  impl.RaftServerProxy (RaftServerProxy.java:lambda$start$3(299)) - 9586c7e2-af3f-487f-89b7-bc8fbed5a611: start RPC server
2019-09-25 04:52:18,814 [Datanode State Machine Thread - 0] INFO  server.GrpcService (GrpcService.java:startImpl(158)) - 9586c7e2-af3f-487f-89b7-bc8fbed5a611: GrpcService started, listening on 0.0.0.0/0.0.0.0:42132
2019-09-25 04:52:18,814 [Datanode State Machine Thread - 0] INFO  ratis.XceiverServerRatis (XceiverServerRatis.java:start(421)) - XceiverServerRatis 9586c7e2-af3f-487f-89b7-bc8fbed5a611 is started using port 42132
2019-09-25 04:52:18,817 [Datanode State Machine Thread - 0] INFO  server.XceiverServerGrpc (XceiverServerGrpc.java:start(149)) - XceiverServerGrpc 9586c7e2-af3f-487f-89b7-bc8fbed5a611 is started using port 44850
2019-09-25 04:52:18,852 [main] INFO  ozone.MiniOzoneClusterImpl (MiniOzoneClusterImpl.java:lambda$waitForClusterToBeReady$0(147)) - Waiting for cluster to be ready. Got 0 of 7 DN Heartbeats.
2019-09-25 04:52:18,869 [Datanode State Machine Thread - 0] INFO  ozoneimpl.OzoneContainer (OzoneContainer.java:start(217)) - Attempting to start container services.
2019-09-25 04:52:18,869 [Datanode State Machine Thread - 0] INFO  ozoneimpl.OzoneContainer (OzoneContainer.java:startContainerScrub(179)) - Background container scanner has been disabled.
2019-09-25 04:52:18,869 [Datanode State Machine Thread - 0] INFO  ratis.XceiverServerRatis (XceiverServerRatis.java:start(411)) - Starting XceiverServerRatis f0026df0-5652-4d5b-84a4-ec6d3279302c at port 0
2019-09-25 04:52:18,877 [Datanode State Machine Thread - 0] INFO  impl.RaftServerProxy (RaftServerProxy.java:lambda$start$3(299)) - f0026df0-5652-4d5b-84a4-ec6d3279302c: start RPC server
2019-09-25 04:52:18,878 [Datanode State Machine Thread - 0] INFO  server.GrpcService (GrpcService.java:startImpl(158)) - f0026df0-5652-4d5b-84a4-ec6d3279302c: GrpcService started, listening on 0.0.0.0/0.0.0.0:40753
2019-09-25 04:52:18,878 [Datanode State Machine Thread - 0] INFO  ratis.XceiverServerRatis (XceiverServerRatis.java:start(421)) - XceiverServerRatis f0026df0-5652-4d5b-84a4-ec6d3279302c is started using port 40753
2019-09-25 04:52:18,878 [Datanode State Machine Thread - 0] INFO  server.XceiverServerGrpc (XceiverServerGrpc.java:start(149)) - XceiverServerGrpc f0026df0-5652-4d5b-84a4-ec6d3279302c is started using port 41068
2019-09-25 04:52:19,852 [main] INFO  ozone.MiniOzoneClusterImpl (MiniOzoneClusterImpl.java:lambda$waitForClusterToBeReady$0(147)) - Waiting for cluster to be ready. Got 0 of 7 DN Heartbeats.
2019-09-25 04:52:20,370 [IPC Server handler 4 on 35034] INFO  net.NetworkTopology (NetworkTopologyImpl.java:add(111)) - Added a new node: /default-rack/4370308c-ceb4-49a9-9879-5927b69a5f85
2019-09-25 04:52:20,373 [IPC Server handler 4 on 35034] INFO  node.SCMNodeManager (SCMNodeManager.java:register(266)) - Registered Data node : 4370308c-ceb4-49a9-9879-5927b69a5f85{ip: 192.168.164.207, host: pr-hdds-1569-s44lr-3492059363, networkLocation: /default-rack, certSerialId: null}
2019-09-25 04:52:20,374 [EventQueue-NodeRegistrationContainerReportForDataNodeSafeModeRule] INFO  safemode.SCMSafeModeManager (DataNodeSafeModeRule.java:process(71)) - SCM in safe mode. 1 DataNodes registered, 1 required.
2019-09-25 04:52:20,376 [EventQueue-NodeRegistrationContainerReportForDataNodeSafeModeRule] INFO  safemode.SCMSafeModeManager (SCMSafeModeManager.java:validateSafeModeExitRules(177)) - ScmSafeModeManager, all rules are successfully validated
2019-09-25 04:52:20,377 [EventQueue-NodeRegistrationContainerReportForDataNodeSafeModeRule] INFO  safemode.SCMSafeModeManager (SCMSafeModeManager.java:exitSafeMode(193)) - SCM exiting safe mode.
2019-09-25 04:52:20,416 [grpc-default-executor-0] INFO  impl.RaftServerProxy (RaftServerProxy.java:addNew(89)) - 4370308c-ceb4-49a9-9879-5927b69a5f85: addNew group-777739EB62CC:[4370308c-ceb4-49a9-9879-5927b69a5f85:192.168.164.207:34481] returns group-777739EB62CC:java.util.concurrent.CompletableFuture@14c02b22[Not completed]
2019-09-25 04:52:20,418 [pool-117-thread-1] INFO  impl.RaftServerImpl (RaftServerImpl.java:<init>(95)) - 4370308c-ceb4-49a9-9879-5927b69a5f85: new RaftServerImpl for group-777739EB62CC:[4370308c-ceb4-49a9-9879-5927b69a5f85:192.168.164.207:34481] with ContainerStateMachine:uninitialized
2019-09-25 04:52:20,418 [pool-117-thread-1] INFO  server.RaftServerConfigKeys (ConfUtils.java:logGet(43)) - raft.server.rpc.timeout.min = 5s (custom)
2019-09-25 04:52:20,418 [pool-117-thread-1] INFO  server.RaftServerConfigKeys (ConfUtils.java:logGet(43)) - raft.server.rpc.timeout.max = 5200ms (custom)
2019-09-25 04:52:20,419 [pool-117-thread-1] INFO  server.RaftServerConfigKeys (ConfUtils.java:logGet(43)) - raft.server.rpcslowness.timeout = 120s (custom)
2019-09-25 04:52:20,419 [pool-117-thread-1] INFO  server.RaftServerConfigKeys (ConfUtils.java:logGet(43)) - raft.server.sleep.deviation.threshold = 300 (default)
2019-09-25 04:52:20,419 [pool-117-thread-1] INFO  server.RaftServerConfigKeys (ConfUtils.java:logGet(43)) - raft.server.log.appender.install.snapshot.enabled = false (custom)
2019-09-25 04:52:20,419 [pool-117-thread-1] INFO  impl.RaftServerImpl (ServerState.java:<init>(103)) - 4370308c-ceb4-49a9-9879-5927b69a5f85@group-777739EB62CC: ConfigurationManager, init=-1: [4370308c-ceb4-49a9-9879-5927b69a5f85:192.168.164.207:34481], old=null, confs=<EMPTY_MAP>
2019-09-25 04:52:20,419 [pool-117-thread-1] INFO  server.RaftServerConfigKeys (ConfUtils.java:logGet(43)) - raft.server.storage.dir = [/workdir/hadoop-ozone/integration-test/target/test-dir/MiniOzoneClusterImpl-d3c81739-79da-4dbe-9ced-b164d958c5b5/datanode-0/data/ratis] (custom)
2019-09-25 04:52:20,420 [pool-117-thread-1] INFO  storage.RaftStorageDirectory (RaftStorageDirectory.java:analyzeStorage(246)) - The storage directory /workdir/hadoop-ozone/integration-test/target/test-dir/MiniOzoneClusterImpl-d3c81739-79da-4dbe-9ced-b164d958c5b5/datanode-0/data/ratis/a566e93f-f54a-464f-ac29-777739eb62cc does not exist. Creating ...
2019-09-25 04:52:20,437 [IPC Server handler 3 on 35034] INFO  net.NetworkTopology (NetworkTopologyImpl.java:add(111)) - Added a new node: /default-rack/bcc74fd2-3a06-4539-867d-223a418d820d
2019-09-25 04:52:20,437 [IPC Server handler 3 on 35034] INFO  node.SCMNodeManager (SCMNodeManager.java:register(266)) - Registered Data node : bcc74fd2-3a06-4539-867d-223a418d820d{ip: 192.168.164.207, host: pr-hdds-1569-s44lr-3492059363, networkLocation: /default-rack, certSerialId: null}
2019-09-25 04:52:20,445 [pool-117-thread-1] INFO  storage.RaftStorageDirectory (RaftStorageDirectory.java:tryLock(328)) - Lock on /workdir/hadoop-ozone/integration-test/target/test-dir/MiniOzoneClusterImpl-d3c81739-79da-4dbe-9ced-b164d958c5b5/datanode-0/data/ratis/a566e93f-f54a-464f-ac29-777739eb62cc/in_use.lock acquired by nodename 13544@pr-hdds-1569-s44lr-3492059363
2019-09-25 04:52:20,458 [pool-117-thread-1] INFO  storage.RaftStorage (RaftStorage.java:format(72)) - Storage directory /workdir/hadoop-ozone/integration-test/target/test-dir/MiniOzoneClusterImpl-d3c81739-79da-4dbe-9ced-b164d958c5b5/datanode-0/data/ratis/a566e93f-f54a-464f-ac29-777739eb62cc has been successfully formatted.
2019-09-25 04:52:20,458 [pool-117-thread-1] INFO  ratis.ContainerStateMachine (ContainerStateMachine.java:loadSnapshot(230)) - group-777739EB62CC: The snapshot info is null. Setting the last applied indexto:(t:0, i:~)
2019-09-25 04:52:20,459 [pool-117-thread-1] INFO  server.RaftServerConfigKeys (ConfUtils.java:logGet(43)) - raft.server.notification.no-leader.timeout = 120s (custom)
2019-09-25 04:52:20,459 [pool-117-thread-1] INFO  server.RaftServerConfigKeys (ConfUtils.java:logGet(43)) - raft.server.log.use.memory = false (default)
2019-09-25 04:52:20,459 [pool-117-thread-1] INFO  server.RaftServerConfigKeys (ConfUtils.java:logGet(43)) - raft.server.log.purge.gap = 1000000 (custom)
2019-09-25 04:52:20,459 [pool-117-thread-1] INFO  server.RaftServerConfigKeys (ConfUtils.java:logGet(43)) - raft.server.log.appender.buffer.byte-limit = 33554432 (custom)
2019-09-25 04:52:20,459 [pool-117-thread-1] INFO  server.RaftServerConfigKeys (ConfUtils.java:logGet(43)) - raft.server.log.segment.size.max = 1048576 (custom)
2019-09-25 04:52:20,460 [pool-117-thread-1] INFO  server.RaftServerConfigKeys (ConfUtils.java:logGet(43)) - raft.server.log.segment.cache.num.max = 2 (custom)
2019-09-25 04:52:20,460 [pool-117-thread-1] INFO  segmented.SegmentedRaftLogWorker (SegmentedRaftLogWorker.java:<init>(172)) - new 4370308c-ceb4-49a9-9879-5927b69a5f85@group-777739EB62CC-SegmentedRaftLogWorker for RaftStorage:Storage Directory /workdir/hadoop-ozone/integration-test/target/test-dir/MiniOzoneClusterImpl-d3c81739-79da-4dbe-9ced-b164d958c5b5/datanode-0/data/ratis/a566e93f-f54a-464f-ac29-777739eb62cc
2019-09-25 04:52:20,463 [pool-117-thread-1] INFO  server.RaftServerConfigKeys (ConfUtils.java:logGet(43)) - raft.server.log.queue.byte-limit = 2147483647 (custom)
2019-09-25 04:52:20,463 [pool-117-thread-1] INFO  server.RaftServerConfigKeys (ConfUtils.java:logGet(43)) - raft.server.log.queue.element-limit = 1024 (custom)
2019-09-25 04:52:20,463 [pool-117-thread-1] INFO  server.RaftServerConfigKeys (ConfUtils.java:logGet(43)) - raft.server.log.segment.size.max = 1048576 (custom)
2019-09-25 04:52:20,464 [pool-117-thread-1] INFO  server.RaftServerConfigKeys (ConfUtils.java:logGet(43)) - raft.server.log.preallocated.size = 16384 (custom)
2019-09-25 04:52:20,464 [pool-117-thread-1] INFO  server.RaftServerConfigKeys (ConfUtils.java:logGet(43)) - raft.server.log.write.buffer.size = 33554432 (custom)
2019-09-25 04:52:20,464 [pool-117-thread-1] INFO  server.RaftServerConfigKeys (ConfUtils.java:logGet(43)) - raft.server.log.force.sync.num = 128 (default)
2019-09-25 04:52:20,464 [pool-117-thread-1] INFO  server.RaftServerConfigKeys (ConfUtils.java:logGet(43)) - raft.server.log.statemachine.data.sync = true (default)
2019-09-25 04:52:20,464 [pool-117-thread-1] INFO  server.RaftServerConfigKeys (ConfUtils.java:logGet(43)) - raft.server.log.statemachine.data.sync.timeout = 10s (default)
2019-09-25 04:52:20,464 [pool-117-thread-1] INFO  server.RaftServerConfigKeys (ConfUtils.java:logGet(43)) - raft.server.log.statemachine.data.sync.timeout.retry = -1 (default)
2019-09-25 04:52:20,465 [pool-117-thread-1] INFO  server.RaftServerConfigKeys (ConfUtils.java:logGet(43)) - raft.server.log.statemachine.data.caching.enabled = true (custom)
2019-09-25 04:52:20,465 [pool-117-thread-1] INFO  segmented.SegmentedRaftLogWorker (SegmentedRaftLogWorker.java:lambda$new$0(132)) - 4370308c-ceb4-49a9-9879-5927b69a5f85@group-777739EB62CC-SegmentedRaftLogWorker: flushIndex: setUnconditionally 0 -> -1
2019-09-25 04:52:20,466 [pool-117-thread-1] INFO  server.RaftServerConfigKeys (ConfUtils.java:logGet(43)) - raft.server.snapshot.auto.trigger.enabled = true (custom)
2019-09-25 04:52:20,466 [pool-117-thread-1] INFO  server.RaftServerConfigKeys (ConfUtils.java:logGet(43)) - raft.server.snapshot.auto.trigger.threshold = 10000 (custom)
2019-09-25 04:52:20,466 [pool-117-thread-1] INFO  server.RaftServerConfigKeys (ConfUtils.java:logGet(43)) - raft.server.snapshot.retention.num.files = 5 (custom)
2019-09-25 04:52:20,466 [pool-117-thread-1] INFO  server.RaftServerConfigKeys (ConfUtils.java:logGet(43)) - raft.server.retrycache.expirytime = 600000ms (custom)
2019-09-25 04:52:20,469 [pool-117-thread-1] INFO  impl.RaftServerImpl (RaftServerImpl.java:start(185)) - 4370308c-ceb4-49a9-9879-5927b69a5f85@group-777739EB62CC: start as a follower, conf=-1: [4370308c-ceb4-49a9-9879-5927b69a5f85:192.168.164.207:34481], old=null
2019-09-25 04:52:20,469 [pool-117-thread-1] INFO  impl.RaftServerImpl (RaftServerImpl.java:setRole(174)) - 4370308c-ceb4-49a9-9879-5927b69a5f85@group-777739EB62CC: changes role from      null to FOLLOWER at term 0 for startAsFollower
2019-09-25 04:52:20,469 [pool-117-thread-1] INFO  impl.RoleInfo (RoleInfo.java:updateAndGet(143)) - 4370308c-ceb4-49a9-9879-5927b69a5f85: start FollowerState
2019-09-25 04:52:20,470 [pool-117-thread-1] INFO  util.JmxRegister (JmxRegister.java:tryRegister(44)) - Successfully registered JMX Bean with object name Ratis:service=RaftServer,group=group-777739EB62CC,id=4370308c-ceb4-49a9-9879-5927b69a5f85
2019-09-25 04:52:20,486 [RatisPipelineUtilsThread] INFO  pipeline.PipelineStateManager (PipelineStateManager.java:addPipeline(56)) - Created pipeline Pipeline[ Id: a566e93f-f54a-464f-ac29-777739eb62cc, Nodes: 4370308c-ceb4-49a9-9879-5927b69a5f85{ip: 192.168.164.207, host: pr-hdds-1569-s44lr-3492059363, networkLocation: /default-rack, certSerialId: null}, Type:RATIS, Factor:ONE, State:OPEN]
2019-09-25 04:52:20,498 [grpc-default-executor-0] INFO  impl.RaftServerProxy (RaftServerProxy.java:addNew(89)) - bcc74fd2-3a06-4539-867d-223a418d820d: addNew group-E6CCF60E0BCE:[bcc74fd2-3a06-4539-867d-223a418d820d:192.168.164.207:36081] returns group-E6CCF60E0BCE:java.util.concurrent.CompletableFuture@61636a58[Not completed]
2019-09-25 04:52:20,499 [pool-127-thread-1] INFO  impl.RaftServerImpl (RaftServerImpl.java:<init>(95)) - bcc74fd2-3a06-4539-867d-223a418d820d: new RaftServerImpl for group-E6CCF60E0BCE:[bcc74fd2-3a06-4539-867d-223a418d820d:192.168.164.207:36081] with ContainerStateMachine:uninitialized
2019-09-25 04:52:20,499 [pool-127-thread-1] INFO  server.RaftServerConfigKeys (ConfUtils.java:logGet(43)) - raft.server.rpc.timeout.min = 5s (custom)
2019-09-25 04:52:20,499 [pool-127-thread-1] INFO  server.RaftServerConfigKeys (ConfUtils.java:logGet(43)) - raft.server.rpc.timeout.max = 5200ms (custom)
2019-09-25 04:52:20,499 [pool-127-thread-1] INFO  server.RaftServerConfigKeys (ConfUtils.java:logGet(43)) - raft.server.rpcslowness.timeout = 120s (custom)
2019-09-25 04:52:20,500 [pool-127-thread-1] INFO  server.RaftServerConfigKeys (ConfUtils.java:logGet(43)) - raft.server.sleep.deviation.threshold = 300 (default)
2019-09-25 04:52:20,500 [pool-127-thread-1] INFO  server.RaftServerConfigKeys (ConfUtils.java:logGet(43)) - raft.server.log.appender.install.snapshot.enabled = false (custom)
2019-09-25 04:52:20,500 [pool-127-thread-1] INFO  impl.RaftServerImpl (ServerState.java:<init>(103)) - bcc74fd2-3a06-4539-867d-223a418d820d@group-E6CCF60E0BCE: ConfigurationManager, init=-1: [bcc74fd2-3a06-4539-867d-223a418d820d:192.168.164.207:36081], old=null, confs=<EMPTY_MAP>
2019-09-25 04:52:20,500 [pool-127-thread-1] INFO  server.RaftServerConfigKeys (ConfUtils.java:logGet(43)) - raft.server.storage.dir = [/workdir/hadoop-ozone/integration-test/target/test-dir/MiniOzoneClusterImpl-d3c81739-79da-4dbe-9ced-b164d958c5b5/datanode-1/data/ratis] (custom)
2019-09-25 04:52:20,500 [pool-127-thread-1] INFO  storage.RaftStorageDirectory (RaftStorageDirectory.java:analyzeStorage(246)) - The storage directory /workdir/hadoop-ozone/integration-test/target/test-dir/MiniOzoneClusterImpl-d3c81739-79da-4dbe-9ced-b164d958c5b5/datanode-1/data/ratis/50af68c3-032a-45a5-a575-e6ccf60e0bce does not exist. Creating ...
2019-09-25 04:52:20,504 [IPC Server handler 5 on 35034] INFO  net.NetworkTopology (NetworkTopologyImpl.java:add(111)) - Added a new node: /default-rack/bb4fa670-e092-4403-b4a0-776b8e3a297a
2019-09-25 04:52:20,504 [IPC Server handler 5 on 35034] INFO  node.SCMNodeManager (SCMNodeManager.java:register(266)) - Registered Data node : bb4fa670-e092-4403-b4a0-776b8e3a297a{ip: 192.168.164.207, host: pr-hdds-1569-s44lr-3492059363, networkLocation: /default-rack, certSerialId: null}
2019-09-25 04:52:20,525 [pool-127-thread-1] INFO  storage.RaftStorageDirectory (RaftStorageDirectory.java:tryLock(328)) - Lock on /workdir/hadoop-ozone/integration-test/target/test-dir/MiniOzoneClusterImpl-d3c81739-79da-4dbe-9ced-b164d958c5b5/datanode-1/data/ratis/50af68c3-032a-45a5-a575-e6ccf60e0bce/in_use.lock acquired by nodename 13544@pr-hdds-1569-s44lr-3492059363
2019-09-25 04:52:20,538 [pool-127-thread-1] INFO  storage.RaftStorage (RaftStorage.java:format(72)) - Storage directory /workdir/hadoop-ozone/integration-test/target/test-dir/MiniOzoneClusterImpl-d3c81739-79da-4dbe-9ced-b164d958c5b5/datanode-1/data/ratis/50af68c3-032a-45a5-a575-e6ccf60e0bce has been successfully formatted.
2019-09-25 04:52:20,538 [pool-127-thread-1] INFO  ratis.ContainerStateMachine (ContainerStateMachine.java:loadSnapshot(230)) - group-E6CCF60E0BCE: The snapshot info is null. Setting the last applied indexto:(t:0, i:~)
2019-09-25 04:52:20,538 [pool-127-thread-1] INFO  server.RaftServerConfigKeys (ConfUtils.java:logGet(43)) - raft.server.notification.no-leader.timeout = 120s (custom)
2019-09-25 04:52:20,538 [pool-127-thread-1] INFO  server.RaftServerConfigKeys (ConfUtils.java:logGet(43)) - raft.server.log.use.memory = false (default)
2019-09-25 04:52:20,539 [pool-127-thread-1] INFO  server.RaftServerConfigKeys (ConfUtils.java:logGet(43)) - raft.server.log.purge.gap = 1000000 (custom)
2019-09-25 04:52:20,539 [pool-127-thread-1] INFO  server.RaftServerConfigKeys (ConfUtils.java:logGet(43)) - raft.server.log.appender.buffer.byte-limit = 33554432 (custom)
2019-09-25 04:52:20,539 [pool-127-thread-1] INFO  server.RaftServerConfigKeys (ConfUtils.java:logGet(43)) - raft.server.log.segment.size.max = 1048576 (custom)
2019-09-25 04:52:20,539 [pool-127-thread-1] INFO  server.RaftServerConfigKeys (ConfUtils.java:logGet(43)) - raft.server.log.segment.cache.num.max = 2 (custom)
2019-09-25 04:52:20,540 [pool-127-thread-1] INFO  segmented.SegmentedRaftLogWorker (SegmentedRaftLogWorker.java:<init>(172)) - new bcc74fd2-3a06-4539-867d-223a418d820d@group-E6CCF60E0BCE-SegmentedRaftLogWorker for RaftStorage:Storage Directory /workdir/hadoop-ozone/integration-test/target/test-dir/MiniOzoneClusterImpl-d3c81739-79da-4dbe-9ced-b164d958c5b5/datanode-1/data/ratis/50af68c3-032a-45a5-a575-e6ccf60e0bce
2019-09-25 04:52:20,543 [pool-127-thread-1] INFO  server.RaftServerConfigKeys (ConfUtils.java:logGet(43)) - raft.server.log.queue.byte-limit = 2147483647 (custom)
2019-09-25 04:52:20,543 [pool-127-thread-1] INFO  server.RaftServerConfigKeys (ConfUtils.java:logGet(43)) - raft.server.log.queue.element-limit = 1024 (custom)
2019-09-25 04:52:20,543 [pool-127-thread-1] INFO  server.RaftServerConfigKeys (ConfUtils.java:logGet(43)) - raft.server.log.segment.size.max = 1048576 (custom)
2019-09-25 04:52:20,544 [pool-127-thread-1] INFO  server.RaftServerConfigKeys (ConfUtils.java:logGet(43)) - raft.server.log.preallocated.size = 16384 (custom)
2019-09-25 04:52:20,544 [pool-127-thread-1] INFO  server.RaftServerConfigKeys (ConfUtils.java:logGet(43)) - raft.server.log.write.buffer.size = 33554432 (custom)
2019-09-25 04:52:20,544 [pool-127-thread-1] INFO  server.RaftServerConfigKeys (ConfUtils.java:logGet(43)) - raft.server.log.force.sync.num = 128 (default)
2019-09-25 04:52:20,544 [pool-127-thread-1] INFO  server.RaftServerConfigKeys (ConfUtils.java:logGet(43)) - raft.server.log.statemachine.data.sync = true (default)
2019-09-25 04:52:20,544 [pool-127-thread-1] INFO  server.RaftServerConfigKeys (ConfUtils.java:logGet(43)) - raft.server.log.statemachine.data.sync.timeout = 10s (default)
2019-09-25 04:52:20,545 [pool-127-thread-1] INFO  server.RaftServerConfigKeys (ConfUtils.java:logGet(43)) - raft.server.log.statemachine.data.sync.timeout.retry = -1 (default)
2019-09-25 04:52:20,545 [pool-127-thread-1] INFO  server.RaftServerConfigKeys (ConfUtils.java:logGet(43)) - raft.server.log.statemachine.data.caching.enabled = true (custom)
2019-09-25 04:52:20,545 [pool-127-thread-1] INFO  segmented.SegmentedRaftLogWorker (SegmentedRaftLogWorker.java:lambda$new$0(132)) - bcc74fd2-3a06-4539-867d-223a418d820d@group-E6CCF60E0BCE-SegmentedRaftLogWorker: flushIndex: setUnconditionally 0 -> -1
2019-09-25 04:52:20,546 [pool-127-thread-1] INFO  server.RaftServerConfigKeys (ConfUtils.java:logGet(43)) - raft.server.snapshot.auto.trigger.enabled = true (custom)
2019-09-25 04:52:20,546 [pool-127-thread-1] INFO  server.RaftServerConfigKeys (ConfUtils.java:logGet(43)) - raft.server.snapshot.auto.trigger.threshold = 10000 (custom)
2019-09-25 04:52:20,546 [pool-127-thread-1] INFO  server.RaftServerConfigKeys (ConfUtils.java:logGet(43)) - raft.server.snapshot.retention.num.files = 5 (custom)
2019-09-25 04:52:20,547 [pool-127-thread-1] INFO  server.RaftServerConfigKeys (ConfUtils.java:logGet(43)) - raft.server.retrycache.expirytime = 600000ms (custom)
2019-09-25 04:52:20,550 [pool-127-thread-1] INFO  impl.RaftServerImpl (RaftServerImpl.java:start(185)) - bcc74fd2-3a06-4539-867d-223a418d820d@group-E6CCF60E0BCE: start as a follower, conf=-1: [bcc74fd2-3a06-4539-867d-223a418d820d:192.168.164.207:36081], old=null
2019-09-25 04:52:20,550 [pool-127-thread-1] INFO  impl.RaftServerImpl (RaftServerImpl.java:setRole(174)) - bcc74fd2-3a06-4539-867d-223a418d820d@group-E6CCF60E0BCE: changes role from      null to FOLLOWER at term 0 for startAsFollower
2019-09-25 04:52:20,550 [pool-127-thread-1] INFO  impl.RoleInfo (RoleInfo.java:updateAndGet(143)) - bcc74fd2-3a06-4539-867d-223a418d820d: start FollowerState
2019-09-25 04:52:20,551 [pool-127-thread-1] INFO  util.JmxRegister (JmxRegister.java:tryRegister(44)) - Successfully registered JMX Bean with object name Ratis:service=RaftServer,group=group-E6CCF60E0BCE,id=bcc74fd2-3a06-4539-867d-223a418d820d
2019-09-25 04:52:20,555 [RatisPipelineUtilsThread] INFO  pipeline.PipelineStateManager (PipelineStateManager.java:addPipeline(56)) - Created pipeline Pipeline[ Id: 50af68c3-032a-45a5-a575-e6ccf60e0bce, Nodes: bcc74fd2-3a06-4539-867d-223a418d820d{ip: 192.168.164.207, host: pr-hdds-1569-s44lr-3492059363, networkLocation: /default-rack, certSerialId: null}, Type:RATIS, Factor:ONE, State:OPEN]
2019-09-25 04:52:20,562 [grpc-default-executor-0] INFO  impl.RaftServerProxy (RaftServerProxy.java:addNew(89)) - 4370308c-ceb4-49a9-9879-5927b69a5f85: addNew group-D78073311653:[4370308c-ceb4-49a9-9879-5927b69a5f85:192.168.164.207:34481] returns group-D78073311653:java.util.concurrent.CompletableFuture@51a5a277[Not completed]
2019-09-25 04:52:20,564 [pool-117-thread-1] INFO  impl.RaftServerImpl (RaftServerImpl.java:<init>(95)) - 4370308c-ceb4-49a9-9879-5927b69a5f85: new RaftServerImpl for group-D78073311653:[4370308c-ceb4-49a9-9879-5927b69a5f85:192.168.164.207:34481] with ContainerStateMachine:uninitialized
2019-09-25 04:52:20,564 [pool-117-thread-1] INFO  server.RaftServerConfigKeys (ConfUtils.java:logGet(43)) - raft.server.rpc.timeout.min = 5s (custom)
2019-09-25 04:52:20,564 [pool-117-thread-1] INFO  server.RaftServerConfigKeys (ConfUtils.java:logGet(43)) - raft.server.rpc.timeout.max = 5200ms (custom)
2019-09-25 04:52:20,564 [pool-117-thread-1] INFO  server.RaftServerConfigKeys (ConfUtils.java:logGet(43)) - raft.server.rpcslowness.timeout = 120s (custom)
2019-09-25 04:52:20,565 [pool-117-thread-1] INFO  server.RaftServerConfigKeys (ConfUtils.java:logGet(43)) - raft.server.sleep.deviation.threshold = 300 (default)
2019-09-25 04:52:20,565 [pool-117-thread-1] INFO  server.RaftServerConfigKeys (ConfUtils.java:logGet(43)) - raft.server.log.appender.install.snapshot.enabled = false (custom)
2019-09-25 04:52:20,565 [pool-117-thread-1] INFO  impl.RaftServerImpl (ServerState.java:<init>(103)) - 4370308c-ceb4-49a9-9879-5927b69a5f85@group-D78073311653: ConfigurationManager, init=-1: [4370308c-ceb4-49a9-9879-5927b69a5f85:192.168.164.207:34481], old=null, confs=<EMPTY_MAP>
2019-09-25 04:52:20,565 [pool-117-thread-1] INFO  server.RaftServerConfigKeys (ConfUtils.java:logGet(43)) - raft.server.storage.dir = [/workdir/hadoop-ozone/integration-test/target/test-dir/MiniOzoneClusterImpl-d3c81739-79da-4dbe-9ced-b164d958c5b5/datanode-0/data/ratis] (custom)
2019-09-25 04:52:20,566 [pool-117-thread-1] INFO  storage.RaftStorageDirectory (RaftStorageDirectory.java:analyzeStorage(246)) - The storage directory /workdir/hadoop-ozone/integration-test/target/test-dir/MiniOzoneClusterImpl-d3c81739-79da-4dbe-9ced-b164d958c5b5/datanode-0/data/ratis/7de5ad89-f139-4f27-8e16-d78073311653 does not exist. Creating ...
2019-09-25 04:52:20,578 [pool-117-thread-1] INFO  storage.RaftStorageDirectory (RaftStorageDirectory.java:tryLock(328)) - Lock on /workdir/hadoop-ozone/integration-test/target/test-dir/MiniOzoneClusterImpl-d3c81739-79da-4dbe-9ced-b164d958c5b5/datanode-0/data/ratis/7de5ad89-f139-4f27-8e16-d78073311653/in_use.lock acquired by nodename 13544@pr-hdds-1569-s44lr-3492059363
2019-09-25 04:52:20,591 [pool-117-thread-1] INFO  storage.RaftStorage (RaftStorage.java:format(72)) - Storage directory /workdir/hadoop-ozone/integration-test/target/test-dir/MiniOzoneClusterImpl-d3c81739-79da-4dbe-9ced-b164d958c5b5/datanode-0/data/ratis/7de5ad89-f139-4f27-8e16-d78073311653 has been successfully formatted.
2019-09-25 04:52:20,592 [pool-117-thread-1] INFO  ratis.ContainerStateMachine (ContainerStateMachine.java:loadSnapshot(230)) - group-D78073311653: The snapshot info is null. Setting the last applied indexto:(t:0, i:~)
2019-09-25 04:52:20,592 [pool-117-thread-1] INFO  server.RaftServerConfigKeys (ConfUtils.java:logGet(43)) - raft.server.notification.no-leader.timeout = 120s (custom)
2019-09-25 04:52:20,592 [pool-117-thread-1] INFO  server.RaftServerConfigKeys (ConfUtils.java:logGet(43)) - raft.server.log.use.memory = false (default)
2019-09-25 04:52:20,592 [pool-117-thread-1] INFO  server.RaftServerConfigKeys (ConfUtils.java:logGet(43)) - raft.server.log.purge.gap = 1000000 (custom)
2019-09-25 04:52:20,592 [pool-117-thread-1] INFO  server.RaftServerConfigKeys (ConfUtils.java:logGet(43)) - raft.server.log.appender.buffer.byte-limit = 33554432 (custom)
2019-09-25 04:52:20,593 [pool-117-thread-1] INFO  server.RaftServerConfigKeys (ConfUtils.java:logGet(43)) - raft.server.log.segment.size.max = 1048576 (custom)
2019-09-25 04:52:20,593 [pool-117-thread-1] INFO  server.RaftServerConfigKeys (ConfUtils.java:logGet(43)) - raft.server.log.segment.cache.num.max = 2 (custom)
2019-09-25 04:52:20,593 [pool-117-thread-1] INFO  segmented.SegmentedRaftLogWorker (SegmentedRaftLogWorker.java:<init>(172)) - new 4370308c-ceb4-49a9-9879-5927b69a5f85@group-D78073311653-SegmentedRaftLogWorker for RaftStorage:Storage Directory /workdir/hadoop-ozone/integration-test/target/test-dir/MiniOzoneClusterImpl-d3c81739-79da-4dbe-9ced-b164d958c5b5/datanode-0/data/ratis/7de5ad89-f139-4f27-8e16-d78073311653
2019-09-25 04:52:20,593 [pool-117-thread-1] INFO  server.RaftServerConfigKeys (ConfUtils.java:logGet(43)) - raft.server.log.queue.byte-limit = 2147483647 (custom)
2019-09-25 04:52:20,593 [pool-117-thread-1] INFO  server.RaftServerConfigKeys (ConfUtils.java:logGet(43)) - raft.server.log.queue.element-limit = 1024 (custom)
2019-09-25 04:52:20,593 [pool-117-thread-1] INFO  server.RaftServerConfigKeys (ConfUtils.java:logGet(43)) - raft.server.log.segment.size.max = 1048576 (custom)
2019-09-25 04:52:20,593 [pool-117-thread-1] INFO  server.RaftServerConfigKeys (ConfUtils.java:logGet(43)) - raft.server.log.preallocated.size = 16384 (custom)
2019-09-25 04:52:20,594 [pool-117-thread-1] INFO  server.RaftServerConfigKeys (ConfUtils.java:logGet(43)) - raft.server.log.write.buffer.size = 33554432 (custom)
2019-09-25 04:52:20,594 [pool-117-thread-1] INFO  server.RaftServerConfigKeys (ConfUtils.java:logGet(43)) - raft.server.log.force.sync.num = 128 (default)
2019-09-25 04:52:20,594 [pool-117-thread-1] INFO  server.RaftServerConfigKeys (ConfUtils.java:logGet(43)) - raft.server.log.statemachine.data.sync = true (default)
2019-09-25 04:52:20,594 [pool-117-thread-1] INFO  server.RaftServerConfigKeys (ConfUtils.java:logGet(43)) - raft.server.log.statemachine.data.sync.timeout = 10s (default)
2019-09-25 04:52:20,594 [pool-117-thread-1] INFO  server.RaftServerConfigKeys (ConfUtils.java:logGet(43)) - raft.server.log.statemachine.data.sync.timeout.retry = -1 (default)
2019-09-25 04:52:20,594 [pool-117-thread-1] INFO  server.RaftServerConfigKeys (ConfUtils.java:logGet(43)) - raft.server.log.statemachine.data.caching.enabled = true (custom)
2019-09-25 04:52:20,595 [pool-117-thread-1] INFO  segmented.SegmentedRaftLogWorker (SegmentedRaftLogWorker.java:lambda$new$0(132)) - 4370308c-ceb4-49a9-9879-5927b69a5f85@group-D78073311653-SegmentedRaftLogWorker: flushIndex: setUnconditionally 0 -> -1
2019-09-25 04:52:20,595 [pool-117-thread-1] INFO  server.RaftServerConfigKeys (ConfUtils.java:logGet(43)) - raft.server.snapshot.auto.trigger.enabled = true (custom)
2019-09-25 04:52:20,595 [pool-117-thread-1] INFO  server.RaftServerConfigKeys (ConfUtils.java:logGet(43)) - raft.server.snapshot.auto.trigger.threshold = 10000 (custom)
2019-09-25 04:52:20,596 [pool-117-thread-1] INFO  server.RaftServerConfigKeys (ConfUtils.java:logGet(43)) - raft.server.snapshot.retention.num.files = 5 (custom)
2019-09-25 04:52:20,596 [pool-117-thread-1] INFO  server.RaftServerConfigKeys (ConfUtils.java:logGet(43)) - raft.server.retrycache.expirytime = 600000ms (custom)
2019-09-25 04:52:20,598 [pool-117-thread-1] INFO  impl.RaftServerImpl (RaftServerImpl.java:start(185)) - 4370308c-ceb4-49a9-9879-5927b69a5f85@group-D78073311653: start as a follower, conf=-1: [4370308c-ceb4-49a9-9879-5927b69a5f85:192.168.164.207:34481], old=null
2019-09-25 04:52:20,598 [pool-117-thread-1] INFO  impl.RaftServerImpl (RaftServerImpl.java:setRole(174)) - 4370308c-ceb4-49a9-9879-5927b69a5f85@group-D78073311653: changes role from      null to FOLLOWER at term 0 for startAsFollower
2019-09-25 04:52:20,599 [pool-117-thread-1] INFO  impl.RoleInfo (RoleInfo.java:updateAndGet(143)) - 4370308c-ceb4-49a9-9879-5927b69a5f85: start FollowerState
2019-09-25 04:52:20,599 [pool-117-thread-1] INFO  util.JmxRegister (JmxRegister.java:tryRegister(44)) - Successfully registered JMX Bean with object name Ratis:service=RaftServer,group=group-D78073311653,id=4370308c-ceb4-49a9-9879-5927b69a5f85
2019-09-25 04:52:20,603 [RatisPipelineUtilsThread] INFO  pipeline.PipelineStateManager (PipelineStateManager.java:addPipeline(56)) - Created pipeline Pipeline[ Id: 7de5ad89-f139-4f27-8e16-d78073311653, Nodes: 4370308c-ceb4-49a9-9879-5927b69a5f85{ip: 192.168.164.207, host: pr-hdds-1569-s44lr-3492059363, networkLocation: /default-rack, certSerialId: null}, Type:RATIS, Factor:ONE, State:OPEN]
2019-09-25 04:52:20,603 [IPC Server handler 6 on 35034] INFO  net.NetworkTopology (NetworkTopologyImpl.java:add(111)) - Added a new node: /default-rack/6a547602-9d9f-411f-a61b-6fc980fbe171
2019-09-25 04:52:20,604 [IPC Server handler 6 on 35034] INFO  node.SCMNodeManager (SCMNodeManager.java:register(266)) - Registered Data node : 6a547602-9d9f-411f-a61b-6fc980fbe171{ip: 192.168.164.207, host: pr-hdds-1569-s44lr-3492059363, networkLocation: /default-rack, certSerialId: null}
2019-09-25 04:52:20,609 [grpc-default-executor-0] INFO  impl.RaftServerProxy (RaftServerProxy.java:addNew(89)) - 4370308c-ceb4-49a9-9879-5927b69a5f85: addNew group-7FEE2DB622D8:[4370308c-ceb4-49a9-9879-5927b69a5f85:192.168.164.207:34481] returns group-7FEE2DB622D8:java.util.concurrent.CompletableFuture@7a67a3a6[Not completed]
2019-09-25 04:52:20,610 [pool-117-thread-1] INFO  impl.RaftServerImpl (RaftServerImpl.java:<init>(95)) - 4370308c-ceb4-49a9-9879-5927b69a5f85: new RaftServerImpl for group-7FEE2DB622D8:[4370308c-ceb4-49a9-9879-5927b69a5f85:192.168.164.207:34481] with ContainerStateMachine:uninitialized
2019-09-25 04:52:20,610 [pool-117-thread-1] INFO  server.RaftServerConfigKeys (ConfUtils.java:logGet(43)) - raft.server.rpc.timeout.min = 5s (custom)
2019-09-25 04:52:20,610 [pool-117-thread-1] INFO  server.RaftServerConfigKeys (ConfUtils.java:logGet(43)) - raft.server.rpc.timeout.max = 5200ms (custom)
2019-09-25 04:52:20,610 [pool-117-thread-1] INFO  server.RaftServerConfigKeys (ConfUtils.java:logGet(43)) - raft.server.rpcslowness.timeout = 120s (custom)
2019-09-25 04:52:20,611 [pool-117-thread-1] INFO  server.RaftServerConfigKeys (ConfUtils.java:logGet(43)) - raft.server.sleep.deviation.threshold = 300 (default)
2019-09-25 04:52:20,611 [pool-117-thread-1] INFO  server.RaftServerConfigKeys (ConfUtils.java:logGet(43)) - raft.server.log.appender.install.snapshot.enabled = false (custom)
2019-09-25 04:52:20,611 [pool-117-thread-1] INFO  impl.RaftServerImpl (ServerState.java:<init>(103)) - 4370308c-ceb4-49a9-9879-5927b69a5f85@group-7FEE2DB622D8: ConfigurationManager, init=-1: [4370308c-ceb4-49a9-9879-5927b69a5f85:192.168.164.207:34481], old=null, confs=<EMPTY_MAP>
2019-09-25 04:52:20,611 [pool-117-thread-1] INFO  server.RaftServerConfigKeys (ConfUtils.java:logGet(43)) - raft.server.storage.dir = [/workdir/hadoop-ozone/integration-test/target/test-dir/MiniOzoneClusterImpl-d3c81739-79da-4dbe-9ced-b164d958c5b5/datanode-0/data/ratis] (custom)
2019-09-25 04:52:20,611 [pool-117-thread-1] INFO  storage.RaftStorageDirectory (RaftStorageDirectory.java:analyzeStorage(246)) - The storage directory /workdir/hadoop-ozone/integration-test/target/test-dir/MiniOzoneClusterImpl-d3c81739-79da-4dbe-9ced-b164d958c5b5/datanode-0/data/ratis/a27653eb-461a-4f4b-9374-7fee2db622d8 does not exist. Creating ...
2019-09-25 04:52:20,624 [pool-117-thread-1] INFO  storage.RaftStorageDirectory (RaftStorageDirectory.java:tryLock(328)) - Lock on /workdir/hadoop-ozone/integration-test/target/test-dir/MiniOzoneClusterImpl-d3c81739-79da-4dbe-9ced-b164d958c5b5/datanode-0/data/ratis/a27653eb-461a-4f4b-9374-7fee2db622d8/in_use.lock acquired by nodename 13544@pr-hdds-1569-s44lr-3492059363
2019-09-25 04:52:20,627 [pool-117-thread-1] INFO  storage.RaftStorage (RaftStorage.java:format(72)) - Storage directory /workdir/hadoop-ozone/integration-test/target/test-dir/MiniOzoneClusterImpl-d3c81739-79da-4dbe-9ced-b164d958c5b5/datanode-0/data/ratis/a27653eb-461a-4f4b-9374-7fee2db622d8 has been successfully formatted.
2019-09-25 04:52:20,628 [pool-117-thread-1] INFO  ratis.ContainerStateMachine (ContainerStateMachine.java:loadSnapshot(230)) - group-7FEE2DB622D8: The snapshot info is null. Setting the last applied indexto:(t:0, i:~)
2019-09-25 04:52:20,628 [pool-117-thread-1] INFO  server.RaftServerConfigKeys (ConfUtils.java:logGet(43)) - raft.server.notification.no-leader.timeout = 120s (custom)
2019-09-25 04:52:20,628 [pool-117-thread-1] INFO  server.RaftServerConfigKeys (ConfUtils.java:logGet(43)) - raft.server.log.use.memory = false (default)
2019-09-25 04:52:20,628 [pool-117-thread-1] INFO  server.RaftServerConfigKeys (ConfUtils.java:logGet(43)) - raft.server.log.purge.gap = 1000000 (custom)
2019-09-25 04:52:20,628 [pool-117-thread-1] INFO  server.RaftServerConfigKeys (ConfUtils.java:logGet(43)) - raft.server.log.appender.buffer.byte-limit = 33554432 (custom)
2019-09-25 04:52:20,628 [pool-117-thread-1] INFO  server.RaftServerConfigKeys (ConfUtils.java:logGet(43)) - raft.server.log.segment.size.max = 1048576 (custom)
2019-09-25 04:52:20,629 [pool-117-thread-1] INFO  server.RaftServerConfigKeys (ConfUtils.java:logGet(43)) - raft.server.log.segment.cache.num.max = 2 (custom)
2019-09-25 04:52:20,629 [pool-117-thread-1] INFO  segmented.SegmentedRaftLogWorker (SegmentedRaftLogWorker.java:<init>(172)) - new 4370308c-ceb4-49a9-9879-5927b69a5f85@group-7FEE2DB622D8-SegmentedRaftLogWorker for RaftStorage:Storage Directory /workdir/hadoop-ozone/integration-test/target/test-dir/MiniOzoneClusterImpl-d3c81739-79da-4dbe-9ced-b164d958c5b5/datanode-0/data/ratis/a27653eb-461a-4f4b-9374-7fee2db622d8
2019-09-25 04:52:20,629 [pool-117-thread-1] INFO  server.RaftServerConfigKeys (ConfUtils.java:logGet(43)) - raft.server.log.queue.byte-limit = 2147483647 (custom)
2019-09-25 04:52:20,629 [pool-117-thread-1] INFO  server.RaftServerConfigKeys (ConfUtils.java:logGet(43)) - raft.server.log.queue.element-limit = 1024 (custom)
2019-09-25 04:52:20,629 [pool-117-thread-1] INFO  server.RaftServerConfigKeys (ConfUtils.java:logGet(43)) - raft.server.log.segment.size.max = 1048576 (custom)
2019-09-25 04:52:20,629 [pool-117-thread-1] INFO  server.RaftServerConfigKeys (ConfUtils.java:logGet(43)) - raft.server.log.preallocated.size = 16384 (custom)
2019-09-25 04:52:20,630 [pool-117-thread-1] INFO  server.RaftServerConfigKeys (ConfUtils.java:logGet(43)) - raft.server.log.write.buffer.size = 33554432 (custom)
2019-09-25 04:52:20,630 [pool-117-thread-1] INFO  server.RaftServerConfigKeys (ConfUtils.java:logGet(43)) - raft.server.log.force.sync.num = 128 (default)
2019-09-25 04:52:20,630 [pool-117-thread-1] INFO  server.RaftServerConfigKeys (ConfUtils.java:logGet(43)) - raft.server.log.statemachine.data.sync = true (default)
2019-09-25 04:52:20,630 [pool-117-thread-1] INFO  server.RaftServerConfigKeys (ConfUtils.java:logGet(43)) - raft.server.log.statemachine.data.sync.timeout = 10s (default)
2019-09-25 04:52:20,630 [pool-117-thread-1] INFO  server.RaftServerConfigKeys (ConfUtils.java:logGet(43)) - raft.server.log.statemachine.data.sync.timeout.retry = -1 (default)
2019-09-25 04:52:20,631 [pool-117-thread-1] INFO  server.RaftServerConfigKeys (ConfUtils.java:logGet(43)) - raft.server.log.statemachine.data.caching.enabled = true (custom)
2019-09-25 04:52:20,631 [pool-117-thread-1] INFO  segmented.SegmentedRaftLogWorker (SegmentedRaftLogWorker.java:lambda$new$0(132)) - 4370308c-ceb4-49a9-9879-5927b69a5f85@group-7FEE2DB622D8-SegmentedRaftLogWorker: flushIndex: setUnconditionally 0 -> -1
2019-09-25 04:52:20,631 [pool-117-thread-1] INFO  server.RaftServerConfigKeys (ConfUtils.java:logGet(43)) - raft.server.snapshot.auto.trigger.enabled = true (custom)
2019-09-25 04:52:20,631 [pool-117-thread-1] INFO  server.RaftServerConfigKeys (ConfUtils.java:logGet(43)) - raft.server.snapshot.auto.trigger.threshold = 10000 (custom)
2019-09-25 04:52:20,632 [pool-117-thread-1] INFO  server.RaftServerConfigKeys (ConfUtils.java:logGet(43)) - raft.server.snapshot.retention.num.files = 5 (custom)
2019-09-25 04:52:20,632 [pool-117-thread-1] INFO  server.RaftServerConfigKeys (ConfUtils.java:logGet(43)) - raft.server.retrycache.expirytime = 600000ms (custom)
2019-09-25 04:52:20,635 [pool-117-thread-1] INFO  impl.RaftServerImpl (RaftServerImpl.java:start(185)) - 4370308c-ceb4-49a9-9879-5927b69a5f85@group-7FEE2DB622D8: start as a follower, conf=-1: [4370308c-ceb4-49a9-9879-5927b69a5f85:192.168.164.207:34481], old=null
2019-09-25 04:52:20,635 [pool-117-thread-1] INFO  impl.RaftServerImpl (RaftServerImpl.java:setRole(174)) - 4370308c-ceb4-49a9-9879-5927b69a5f85@group-7FEE2DB622D8: changes role from      null to FOLLOWER at term 0 for startAsFollower
2019-09-25 04:52:20,635 [pool-117-thread-1] INFO  impl.RoleInfo (RoleInfo.java:updateAndGet(143)) - 4370308c-ceb4-49a9-9879-5927b69a5f85: start FollowerState
2019-09-25 04:52:20,635 [pool-117-thread-1] INFO  util.JmxRegister (JmxRegister.java:tryRegister(44)) - Successfully registered JMX Bean with object name Ratis:service=RaftServer,group=group-7FEE2DB622D8,id=4370308c-ceb4-49a9-9879-5927b69a5f85
2019-09-25 04:52:20,639 [RatisPipelineUtilsThread] INFO  pipeline.PipelineStateManager (PipelineStateManager.java:addPipeline(56)) - Created pipeline Pipeline[ Id: a27653eb-461a-4f4b-9374-7fee2db622d8, Nodes: 4370308c-ceb4-49a9-9879-5927b69a5f85{ip: 192.168.164.207, host: pr-hdds-1569-s44lr-3492059363, networkLocation: /default-rack, certSerialId: null}, Type:RATIS, Factor:ONE, State:OPEN]
2019-09-25 04:52:20,646 [grpc-default-executor-0] INFO  impl.RaftServerProxy (RaftServerProxy.java:addNew(89)) - bcc74fd2-3a06-4539-867d-223a418d820d: addNew group-749BB3F0091A:[bcc74fd2-3a06-4539-867d-223a418d820d:192.168.164.207:36081] returns group-749BB3F0091A:java.util.concurrent.CompletableFuture@c6bee42[Not completed]
2019-09-25 04:52:20,647 [pool-127-thread-1] INFO  impl.RaftServerImpl (RaftServerImpl.java:<init>(95)) - bcc74fd2-3a06-4539-867d-223a418d820d: new RaftServerImpl for group-749BB3F0091A:[bcc74fd2-3a06-4539-867d-223a418d820d:192.168.164.207:36081] with ContainerStateMachine:uninitialized
2019-09-25 04:52:20,648 [pool-127-thread-1] INFO  server.RaftServerConfigKeys (ConfUtils.java:logGet(43)) - raft.server.rpc.timeout.min = 5s (custom)
2019-09-25 04:52:20,648 [pool-127-thread-1] INFO  server.RaftServerConfigKeys (ConfUtils.java:logGet(43)) - raft.server.rpc.timeout.max = 5200ms (custom)
2019-09-25 04:52:20,648 [pool-127-thread-1] INFO  server.RaftServerConfigKeys (ConfUtils.java:logGet(43)) - raft.server.rpcslowness.timeout = 120s (custom)
2019-09-25 04:52:20,648 [pool-127-thread-1] INFO  server.RaftServerConfigKeys (ConfUtils.java:logGet(43)) - raft.server.sleep.deviation.threshold = 300 (default)
2019-09-25 04:52:20,648 [pool-127-thread-1] INFO  server.RaftServerConfigKeys (ConfUtils.java:logGet(43)) - raft.server.log.appender.install.snapshot.enabled = false (custom)
2019-09-25 04:52:20,648 [pool-127-thread-1] INFO  impl.RaftServerImpl (ServerState.java:<init>(103)) - bcc74fd2-3a06-4539-867d-223a418d820d@group-749BB3F0091A: ConfigurationManager, init=-1: [bcc74fd2-3a06-4539-867d-223a418d820d:192.168.164.207:36081], old=null, confs=<EMPTY_MAP>
2019-09-25 04:52:20,649 [pool-127-thread-1] INFO  server.RaftServerConfigKeys (ConfUtils.java:logGet(43)) - raft.server.storage.dir = [/workdir/hadoop-ozone/integration-test/target/test-dir/MiniOzoneClusterImpl-d3c81739-79da-4dbe-9ced-b164d958c5b5/datanode-1/data/ratis] (custom)
2019-09-25 04:52:20,649 [pool-127-thread-1] INFO  storage.RaftStorageDirectory (RaftStorageDirectory.java:analyzeStorage(246)) - The storage directory /workdir/hadoop-ozone/integration-test/target/test-dir/MiniOzoneClusterImpl-d3c81739-79da-4dbe-9ced-b164d958c5b5/datanode-1/data/ratis/764873e3-89ba-4206-8699-749bb3f0091a does not exist. Creating ...
2019-09-25 04:52:20,653 [pool-127-thread-1] INFO  storage.RaftStorageDirectory (RaftStorageDirectory.java:tryLock(328)) - Lock on /workdir/hadoop-ozone/integration-test/target/test-dir/MiniOzoneClusterImpl-d3c81739-79da-4dbe-9ced-b164d958c5b5/datanode-1/data/ratis/764873e3-89ba-4206-8699-749bb3f0091a/in_use.lock acquired by nodename 13544@pr-hdds-1569-s44lr-3492059363
2019-09-25 04:52:20,656 [pool-127-thread-1] INFO  storage.RaftStorage (RaftStorage.java:format(72)) - Storage directory /workdir/hadoop-ozone/integration-test/target/test-dir/MiniOzoneClusterImpl-d3c81739-79da-4dbe-9ced-b164d958c5b5/datanode-1/data/ratis/764873e3-89ba-4206-8699-749bb3f0091a has been successfully formatted.
2019-09-25 04:52:20,657 [pool-127-thread-1] INFO  ratis.ContainerStateMachine (ContainerStateMachine.java:loadSnapshot(230)) - group-749BB3F0091A: The snapshot info is null. Setting the last applied indexto:(t:0, i:~)
2019-09-25 04:52:20,657 [pool-127-thread-1] INFO  server.RaftServerConfigKeys (ConfUtils.java:logGet(43)) - raft.server.notification.no-leader.timeout = 120s (custom)
2019-09-25 04:52:20,657 [pool-127-thread-1] INFO  server.RaftServerConfigKeys (ConfUtils.java:logGet(43)) - raft.server.log.use.memory = false (default)
2019-09-25 04:52:20,657 [pool-127-thread-1] INFO  server.RaftServerConfigKeys (ConfUtils.java:logGet(43)) - raft.server.log.purge.gap = 1000000 (custom)
2019-09-25 04:52:20,657 [pool-127-thread-1] INFO  server.RaftServerConfigKeys (ConfUtils.java:logGet(43)) - raft.server.log.appender.buffer.byte-limit = 33554432 (custom)
2019-09-25 04:52:20,657 [pool-127-thread-1] INFO  server.RaftServerConfigKeys (ConfUtils.java:logGet(43)) - raft.server.log.segment.size.max = 1048576 (custom)
2019-09-25 04:52:20,658 [pool-127-thread-1] INFO  server.RaftServerConfigKeys (ConfUtils.java:logGet(43)) - raft.server.log.segment.cache.num.max = 2 (custom)
2019-09-25 04:52:20,658 [pool-127-thread-1] INFO  segmented.SegmentedRaftLogWorker (SegmentedRaftLogWorker.java:<init>(172)) - new bcc74fd2-3a06-4539-867d-223a418d820d@group-749BB3F0091A-SegmentedRaftLogWorker for RaftStorage:Storage Directory /workdir/hadoop-ozone/integration-test/target/test-dir/MiniOzoneClusterImpl-d3c81739-79da-4dbe-9ced-b164d958c5b5/datanode-1/data/ratis/764873e3-89ba-4206-8699-749bb3f0091a
2019-09-25 04:52:20,658 [pool-127-thread-1] INFO  server.RaftServerConfigKeys (ConfUtils.java:logGet(43)) - raft.server.log.queue.byte-limit = 2147483647 (custom)
2019-09-25 04:52:20,658 [pool-127-thread-1] INFO  server.RaftServerConfigKeys (ConfUtils.java:logGet(43)) - raft.server.log.queue.element-limit = 1024 (custom)
2019-09-25 04:52:20,658 [pool-127-thread-1] INFO  server.RaftServerConfigKeys (ConfUtils.java:logGet(43)) - raft.server.log.segment.size.max = 1048576 (custom)
2019-09-25 04:52:20,658 [pool-127-thread-1] INFO  server.RaftServerConfigKeys (ConfUtils.java:logGet(43)) - raft.server.log.preallocated.size = 16384 (custom)
2019-09-25 04:52:20,658 [pool-127-thread-1] INFO  server.RaftServerConfigKeys (ConfUtils.java:logGet(43)) - raft.server.log.write.buffer.size = 33554432 (custom)
2019-09-25 04:52:20,659 [pool-127-thread-1] INFO  server.RaftServerConfigKeys (ConfUtils.java:logGet(43)) - raft.server.log.force.sync.num = 128 (default)
2019-09-25 04:52:20,659 [pool-127-thread-1] INFO  server.RaftServerConfigKeys (ConfUtils.java:logGet(43)) - raft.server.log.statemachine.data.sync = true (default)
2019-09-25 04:52:20,659 [pool-127-thread-1] INFO  server.RaftServerConfigKeys (ConfUtils.java:logGet(43)) - raft.server.log.statemachine.data.sync.timeout = 10s (default)
2019-09-25 04:52:20,659 [pool-127-thread-1] INFO  server.RaftServerConfigKeys (ConfUtils.java:logGet(43)) - raft.server.log.statemachine.data.sync.timeout.retry = -1 (default)
2019-09-25 04:52:20,659 [pool-127-thread-1] INFO  server.RaftServerConfigKeys (ConfUtils.java:logGet(43)) - raft.server.log.statemachine.data.caching.enabled = true (custom)
2019-09-25 04:52:20,660 [pool-127-thread-1] INFO  segmented.SegmentedRaftLogWorker (SegmentedRaftLogWorker.java:lambda$new$0(132)) - bcc74fd2-3a06-4539-867d-223a418d820d@group-749BB3F0091A-SegmentedRaftLogWorker: flushIndex: setUnconditionally 0 -> -1
2019-09-25 04:52:20,660 [pool-127-thread-1] INFO  server.RaftServerConfigKeys (ConfUtils.java:logGet(43)) - raft.server.snapshot.auto.trigger.enabled = true (custom)
2019-09-25 04:52:20,660 [pool-127-thread-1] INFO  server.RaftServerConfigKeys (ConfUtils.java:logGet(43)) - raft.server.snapshot.auto.trigger.threshold = 10000 (custom)
2019-09-25 04:52:20,660 [pool-127-thread-1] INFO  server.RaftServerConfigKeys (ConfUtils.java:logGet(43)) - raft.server.snapshot.retention.num.files = 5 (custom)
2019-09-25 04:52:20,660 [pool-127-thread-1] INFO  server.RaftServerConfigKeys (ConfUtils.java:logGet(43)) - raft.server.retrycache.expirytime = 600000ms (custom)
2019-09-25 04:52:20,663 [pool-127-thread-1] INFO  impl.RaftServerImpl (RaftServerImpl.java:start(185)) - bcc74fd2-3a06-4539-867d-223a418d820d@group-749BB3F0091A: start as a follower, conf=-1: [bcc74fd2-3a06-4539-867d-223a418d820d:192.168.164.207:36081], old=null
2019-09-25 04:52:20,663 [pool-127-thread-1] INFO  impl.RaftServerImpl (RaftServerImpl.java:setRole(174)) - bcc74fd2-3a06-4539-867d-223a418d820d@group-749BB3F0091A: changes role from      null to FOLLOWER at term 0 for startAsFollower
2019-09-25 04:52:20,663 [pool-127-thread-1] INFO  impl.RoleInfo (RoleInfo.java:updateAndGet(143)) - bcc74fd2-3a06-4539-867d-223a418d820d: start FollowerState
2019-09-25 04:52:20,664 [pool-127-thread-1] INFO  util.JmxRegister (JmxRegister.java:tryRegister(44)) - Successfully registered JMX Bean with object name Ratis:service=RaftServer,group=group-749BB3F0091A,id=bcc74fd2-3a06-4539-867d-223a418d820d
2019-09-25 04:52:20,667 [RatisPipelineUtilsThread] INFO  pipeline.PipelineStateManager (PipelineStateManager.java:addPipeline(56)) - Created pipeline Pipeline[ Id: 764873e3-89ba-4206-8699-749bb3f0091a, Nodes: bcc74fd2-3a06-4539-867d-223a418d820d{ip: 192.168.164.207, host: pr-hdds-1569-s44lr-3492059363, networkLocation: /default-rack, certSerialId: null}, Type:RATIS, Factor:ONE, State:OPEN]
2019-09-25 04:52:20,677 [grpc-default-executor-0] INFO  impl.RaftServerProxy (RaftServerProxy.java:addNew(89)) - bb4fa670-e092-4403-b4a0-776b8e3a297a: addNew group-46E87D7D8B8E:[bb4fa670-e092-4403-b4a0-776b8e3a297a:192.168.164.207:42708] returns group-46E87D7D8B8E:java.util.concurrent.CompletableFuture@506314d3[Not completed]
2019-09-25 04:52:20,683 [pool-137-thread-1] INFO  impl.RaftServerImpl (RaftServerImpl.java:<init>(95)) - bb4fa670-e092-4403-b4a0-776b8e3a297a: new RaftServerImpl for group-46E87D7D8B8E:[bb4fa670-e092-4403-b4a0-776b8e3a297a:192.168.164.207:42708] with ContainerStateMachine:uninitialized
2019-09-25 04:52:20,684 [pool-137-thread-1] INFO  server.RaftServerConfigKeys (ConfUtils.java:logGet(43)) - raft.server.rpc.timeout.min = 5s (custom)
2019-09-25 04:52:20,684 [pool-137-thread-1] INFO  server.RaftServerConfigKeys (ConfUtils.java:logGet(43)) - raft.server.rpc.timeout.max = 5200ms (custom)
2019-09-25 04:52:20,684 [pool-137-thread-1] INFO  server.RaftServerConfigKeys (ConfUtils.java:logGet(43)) - raft.server.rpcslowness.timeout = 120s (custom)
2019-09-25 04:52:20,684 [pool-137-thread-1] INFO  server.RaftServerConfigKeys (ConfUtils.java:logGet(43)) - raft.server.sleep.deviation.threshold = 300 (default)
2019-09-25 04:52:20,684 [pool-137-thread-1] INFO  server.RaftServerConfigKeys (ConfUtils.java:logGet(43)) - raft.server.log.appender.install.snapshot.enabled = false (custom)
2019-09-25 04:52:20,684 [pool-137-thread-1] INFO  impl.RaftServerImpl (ServerState.java:<init>(103)) - bb4fa670-e092-4403-b4a0-776b8e3a297a@group-46E87D7D8B8E: ConfigurationManager, init=-1: [bb4fa670-e092-4403-b4a0-776b8e3a297a:192.168.164.207:42708], old=null, confs=<EMPTY_MAP>
2019-09-25 04:52:20,685 [pool-137-thread-1] INFO  server.RaftServerConfigKeys (ConfUtils.java:logGet(43)) - raft.server.storage.dir = [/workdir/hadoop-ozone/integration-test/target/test-dir/MiniOzoneClusterImpl-d3c81739-79da-4dbe-9ced-b164d958c5b5/datanode-2/data/ratis] (custom)
2019-09-25 04:52:20,685 [pool-137-thread-1] INFO  storage.RaftStorageDirectory (RaftStorageDirectory.java:analyzeStorage(246)) - The storage directory /workdir/hadoop-ozone/integration-test/target/test-dir/MiniOzoneClusterImpl-d3c81739-79da-4dbe-9ced-b164d958c5b5/datanode-2/data/ratis/25d36cc7-230c-46c6-9b95-46e87d7d8b8e does not exist. Creating ...
2019-09-25 04:52:20,688 [pool-137-thread-1] INFO  storage.RaftStorageDirectory (RaftStorageDirectory.java:tryLock(328)) - Lock on /workdir/hadoop-ozone/integration-test/target/test-dir/MiniOzoneClusterImpl-d3c81739-79da-4dbe-9ced-b164d958c5b5/datanode-2/data/ratis/25d36cc7-230c-46c6-9b95-46e87d7d8b8e/in_use.lock acquired by nodename 13544@pr-hdds-1569-s44lr-3492059363
2019-09-25 04:52:20,691 [IPC Server handler 0 on 35034] INFO  net.NetworkTopology (NetworkTopologyImpl.java:add(111)) - Added a new node: /default-rack/94bde7ca-9af4-4c06-8221-a867c8f279fc
2019-09-25 04:52:20,691 [IPC Server handler 0 on 35034] INFO  node.SCMNodeManager (SCMNodeManager.java:register(266)) - Registered Data node : 94bde7ca-9af4-4c06-8221-a867c8f279fc{ip: 192.168.164.207, host: pr-hdds-1569-s44lr-3492059363, networkLocation: /default-rack, certSerialId: null}
2019-09-25 04:52:20,717 [pool-137-thread-1] INFO  storage.RaftStorage (RaftStorage.java:format(72)) - Storage directory /workdir/hadoop-ozone/integration-test/target/test-dir/MiniOzoneClusterImpl-d3c81739-79da-4dbe-9ced-b164d958c5b5/datanode-2/data/ratis/25d36cc7-230c-46c6-9b95-46e87d7d8b8e has been successfully formatted.
2019-09-25 04:52:20,718 [pool-137-thread-1] INFO  ratis.ContainerStateMachine (ContainerStateMachine.java:loadSnapshot(230)) - group-46E87D7D8B8E: The snapshot info is null. Setting the last applied indexto:(t:0, i:~)
2019-09-25 04:52:20,718 [pool-137-thread-1] INFO  server.RaftServerConfigKeys (ConfUtils.java:logGet(43)) - raft.server.notification.no-leader.timeout = 120s (custom)
2019-09-25 04:52:20,718 [pool-137-thread-1] INFO  server.RaftServerConfigKeys (ConfUtils.java:logGet(43)) - raft.server.log.use.memory = false (default)
2019-09-25 04:52:20,718 [pool-137-thread-1] INFO  server.RaftServerConfigKeys (ConfUtils.java:logGet(43)) - raft.server.log.purge.gap = 1000000 (custom)
2019-09-25 04:52:20,719 [pool-137-thread-1] INFO  server.RaftServerConfigKeys (ConfUtils.java:logGet(43)) - raft.server.log.appender.buffer.byte-limit = 33554432 (custom)
2019-09-25 04:52:20,719 [pool-137-thread-1] INFO  server.RaftServerConfigKeys (ConfUtils.java:logGet(43)) - raft.server.log.segment.size.max = 1048576 (custom)
2019-09-25 04:52:20,719 [pool-137-thread-1] INFO  server.RaftServerConfigKeys (ConfUtils.java:logGet(43)) - raft.server.log.segment.cache.num.max = 2 (custom)
2019-09-25 04:52:20,719 [pool-137-thread-1] INFO  segmented.SegmentedRaftLogWorker (SegmentedRaftLogWorker.java:<init>(172)) - new bb4fa670-e092-4403-b4a0-776b8e3a297a@group-46E87D7D8B8E-SegmentedRaftLogWorker for RaftStorage:Storage Directory /workdir/hadoop-ozone/integration-test/target/test-dir/MiniOzoneClusterImpl-d3c81739-79da-4dbe-9ced-b164d958c5b5/datanode-2/data/ratis/25d36cc7-230c-46c6-9b95-46e87d7d8b8e
2019-09-25 04:52:20,722 [pool-137-thread-1] INFO  server.RaftServerConfigKeys (ConfUtils.java:logGet(43)) - raft.server.log.queue.byte-limit = 2147483647 (custom)
2019-09-25 04:52:20,722 [pool-137-thread-1] INFO  server.RaftServerConfigKeys (ConfUtils.java:logGet(43)) - raft.server.log.queue.element-limit = 1024 (custom)
2019-09-25 04:52:20,722 [pool-137-thread-1] INFO  server.RaftServerConfigKeys (ConfUtils.java:logGet(43)) - raft.server.log.segment.size.max = 1048576 (custom)
2019-09-25 04:52:20,722 [pool-137-thread-1] INFO  server.RaftServerConfigKeys (ConfUtils.java:logGet(43)) - raft.server.log.preallocated.size = 16384 (custom)
2019-09-25 04:52:20,723 [pool-137-thread-1] INFO  server.RaftServerConfigKeys (ConfUtils.java:logGet(43)) - raft.server.log.write.buffer.size = 33554432 (custom)
2019-09-25 04:52:20,723 [pool-137-thread-1] INFO  server.RaftServerConfigKeys (ConfUtils.java:logGet(43)) - raft.server.log.force.sync.num = 128 (default)
2019-09-25 04:52:20,723 [pool-137-thread-1] INFO  server.RaftServerConfigKeys (ConfUtils.java:logGet(43)) - raft.server.log.statemachine.data.sync = true (default)
2019-09-25 04:52:20,723 [pool-137-thread-1] INFO  server.RaftServerConfigKeys (ConfUtils.java:logGet(43)) - raft.server.log.statemachine.data.sync.timeout = 10s (default)
2019-09-25 04:52:20,723 [pool-137-thread-1] INFO  server.RaftServerConfigKeys (ConfUtils.java:logGet(43)) - raft.server.log.statemachine.data.sync.timeout.retry = -1 (default)
2019-09-25 04:52:20,724 [pool-137-thread-1] INFO  server.RaftServerConfigKeys (ConfUtils.java:logGet(43)) - raft.server.log.statemachine.data.caching.enabled = true (custom)
2019-09-25 04:52:20,724 [pool-137-thread-1] INFO  segmented.SegmentedRaftLogWorker (SegmentedRaftLogWorker.java:lambda$new$0(132)) - bb4fa670-e092-4403-b4a0-776b8e3a297a@group-46E87D7D8B8E-SegmentedRaftLogWorker: flushIndex: setUnconditionally 0 -> -1
2019-09-25 04:52:20,724 [pool-137-thread-1] INFO  server.RaftServerConfigKeys (ConfUtils.java:logGet(43)) - raft.server.snapshot.auto.trigger.enabled = true (custom)
2019-09-25 04:52:20,725 [pool-137-thread-1] INFO  server.RaftServerConfigKeys (ConfUtils.java:logGet(43)) - raft.server.snapshot.auto.trigger.threshold = 10000 (custom)
2019-09-25 04:52:20,725 [pool-137-thread-1] INFO  server.RaftServerConfigKeys (ConfUtils.java:logGet(43)) - raft.server.snapshot.retention.num.files = 5 (custom)
2019-09-25 04:52:20,725 [pool-137-thread-1] INFO  server.RaftServerConfigKeys (ConfUtils.java:logGet(43)) - raft.server.retrycache.expirytime = 600000ms (custom)
2019-09-25 04:52:20,727 [pool-137-thread-1] INFO  impl.RaftServerImpl (RaftServerImpl.java:start(185)) - bb4fa670-e092-4403-b4a0-776b8e3a297a@group-46E87D7D8B8E: start as a follower, conf=-1: [bb4fa670-e092-4403-b4a0-776b8e3a297a:192.168.164.207:42708], old=null
2019-09-25 04:52:20,728 [pool-137-thread-1] INFO  impl.RaftServerImpl (RaftServerImpl.java:setRole(174)) - bb4fa670-e092-4403-b4a0-776b8e3a297a@group-46E87D7D8B8E: changes role from      null to FOLLOWER at term 0 for startAsFollower
2019-09-25 04:52:20,728 [pool-137-thread-1] INFO  impl.RoleInfo (RoleInfo.java:updateAndGet(143)) - bb4fa670-e092-4403-b4a0-776b8e3a297a: start FollowerState
2019-09-25 04:52:20,728 [pool-137-thread-1] INFO  util.JmxRegister (JmxRegister.java:tryRegister(44)) - Successfully registered JMX Bean with object name Ratis:service=RaftServer,group=group-46E87D7D8B8E,id=bb4fa670-e092-4403-b4a0-776b8e3a297a
2019-09-25 04:52:20,732 [RatisPipelineUtilsThread] INFO  pipeline.PipelineStateManager (PipelineStateManager.java:addPipeline(56)) - Created pipeline Pipeline[ Id: 25d36cc7-230c-46c6-9b95-46e87d7d8b8e, Nodes: bb4fa670-e092-4403-b4a0-776b8e3a297a{ip: 192.168.164.207, host: pr-hdds-1569-s44lr-3492059363, networkLocation: /default-rack, certSerialId: null}, Type:RATIS, Factor:ONE, State:OPEN]
2019-09-25 04:52:20,740 [grpc-default-executor-0] INFO  impl.RaftServerProxy (RaftServerProxy.java:addNew(89)) - bcc74fd2-3a06-4539-867d-223a418d820d: addNew group-90C519C54EA4:[bcc74fd2-3a06-4539-867d-223a418d820d:192.168.164.207:36081] returns group-90C519C54EA4:java.util.concurrent.CompletableFuture@4b8851f9[Not completed]
2019-09-25 04:52:20,742 [pool-127-thread-1] INFO  impl.RaftServerImpl (RaftServerImpl.java:<init>(95)) - bcc74fd2-3a06-4539-867d-223a418d820d: new RaftServerImpl for group-90C519C54EA4:[bcc74fd2-3a06-4539-867d-223a418d820d:192.168.164.207:36081] with ContainerStateMachine:uninitialized
2019-09-25 04:52:20,742 [pool-127-thread-1] INFO  server.RaftServerConfigKeys (ConfUtils.java:logGet(43)) - raft.server.rpc.timeout.min = 5s (custom)
2019-09-25 04:52:20,742 [pool-127-thread-1] INFO  server.RaftServerConfigKeys (ConfUtils.java:logGet(43)) - raft.server.rpc.timeout.max = 5200ms (custom)
2019-09-25 04:52:20,743 [pool-127-thread-1] INFO  server.RaftServerConfigKeys (ConfUtils.java:logGet(43)) - raft.server.rpcslowness.timeout = 120s (custom)
2019-09-25 04:52:20,743 [pool-127-thread-1] INFO  server.RaftServerConfigKeys (ConfUtils.java:logGet(43)) - raft.server.sleep.deviation.threshold = 300 (default)
2019-09-25 04:52:20,743 [pool-127-thread-1] INFO  server.RaftServerConfigKeys (ConfUtils.java:logGet(43)) - raft.server.log.appender.install.snapshot.enabled = false (custom)
2019-09-25 04:52:20,743 [pool-127-thread-1] INFO  impl.RaftServerImpl (ServerState.java:<init>(103)) - bcc74fd2-3a06-4539-867d-223a418d820d@group-90C519C54EA4: ConfigurationManager, init=-1: [bcc74fd2-3a06-4539-867d-223a418d820d:192.168.164.207:36081], old=null, confs=<EMPTY_MAP>
2019-09-25 04:52:20,743 [pool-127-thread-1] INFO  server.RaftServerConfigKeys (ConfUtils.java:logGet(43)) - raft.server.storage.dir = [/workdir/hadoop-ozone/integration-test/target/test-dir/MiniOzoneClusterImpl-d3c81739-79da-4dbe-9ced-b164d958c5b5/datanode-1/data/ratis] (custom)
2019-09-25 04:52:20,744 [pool-127-thread-1] INFO  storage.RaftStorageDirectory (RaftStorageDirectory.java:analyzeStorage(246)) - The storage directory /workdir/hadoop-ozone/integration-test/target/test-dir/MiniOzoneClusterImpl-d3c81739-79da-4dbe-9ced-b164d958c5b5/datanode-1/data/ratis/bc125e6f-1b03-43de-81da-90c519c54ea4 does not exist. Creating ...
2019-09-25 04:52:20,756 [pool-127-thread-1] INFO  storage.RaftStorageDirectory (RaftStorageDirectory.java:tryLock(328)) - Lock on /workdir/hadoop-ozone/integration-test/target/test-dir/MiniOzoneClusterImpl-d3c81739-79da-4dbe-9ced-b164d958c5b5/datanode-1/data/ratis/bc125e6f-1b03-43de-81da-90c519c54ea4/in_use.lock acquired by nodename 13544@pr-hdds-1569-s44lr-3492059363
2019-09-25 04:52:20,770 [pool-127-thread-1] INFO  storage.RaftStorage (RaftStorage.java:format(72)) - Storage directory /workdir/hadoop-ozone/integration-test/target/test-dir/MiniOzoneClusterImpl-d3c81739-79da-4dbe-9ced-b164d958c5b5/datanode-1/data/ratis/bc125e6f-1b03-43de-81da-90c519c54ea4 has been successfully formatted.
2019-09-25 04:52:20,770 [pool-127-thread-1] INFO  ratis.ContainerStateMachine (ContainerStateMachine.java:loadSnapshot(230)) - group-90C519C54EA4: The snapshot info is null. Setting the last applied indexto:(t:0, i:~)
2019-09-25 04:52:20,770 [pool-127-thread-1] INFO  server.RaftServerConfigKeys (ConfUtils.java:logGet(43)) - raft.server.notification.no-leader.timeout = 120s (custom)
2019-09-25 04:52:20,770 [pool-127-thread-1] INFO  server.RaftServerConfigKeys (ConfUtils.java:logGet(43)) - raft.server.log.use.memory = false (default)
2019-09-25 04:52:20,771 [pool-127-thread-1] INFO  server.RaftServerConfigKeys (ConfUtils.java:logGet(43)) - raft.server.log.purge.gap = 1000000 (custom)
2019-09-25 04:52:20,771 [pool-127-thread-1] INFO  server.RaftServerConfigKeys (ConfUtils.java:logGet(43)) - raft.server.log.appender.buffer.byte-limit = 33554432 (custom)
2019-09-25 04:52:20,771 [pool-127-thread-1] INFO  server.RaftServerConfigKeys (ConfUtils.java:logGet(43)) - raft.server.log.segment.size.max = 1048576 (custom)
2019-09-25 04:52:20,771 [pool-127-thread-1] INFO  server.RaftServerConfigKeys (ConfUtils.java:logGet(43)) - raft.server.log.segment.cache.num.max = 2 (custom)
2019-09-25 04:52:20,771 [pool-127-thread-1] INFO  segmented.SegmentedRaftLogWorker (SegmentedRaftLogWorker.java:<init>(172)) - new bcc74fd2-3a06-4539-867d-223a418d820d@group-90C519C54EA4-SegmentedRaftLogWorker for RaftStorage:Storage Directory /workdir/hadoop-ozone/integration-test/target/test-dir/MiniOzoneClusterImpl-d3c81739-79da-4dbe-9ced-b164d958c5b5/datanode-1/data/ratis/bc125e6f-1b03-43de-81da-90c519c54ea4
2019-09-25 04:52:20,771 [pool-127-thread-1] INFO  server.RaftServerConfigKeys (ConfUtils.java:logGet(43)) - raft.server.log.queue.byte-limit = 2147483647 (custom)
2019-09-25 04:52:20,772 [pool-127-thread-1] INFO  server.RaftServerConfigKeys (ConfUtils.java:logGet(43)) - raft.server.log.queue.element-limit = 1024 (custom)
2019-09-25 04:52:20,772 [pool-127-thread-1] INFO  server.RaftServerConfigKeys (ConfUtils.java:logGet(43)) - raft.server.log.segment.size.max = 1048576 (custom)
2019-09-25 04:52:20,772 [pool-127-thread-1] INFO  server.RaftServerConfigKeys (ConfUtils.java:logGet(43)) - raft.server.log.preallocated.size = 16384 (custom)
2019-09-25 04:52:20,772 [pool-127-thread-1] INFO  server.RaftServerConfigKeys (ConfUtils.java:logGet(43)) - raft.server.log.write.buffer.size = 33554432 (custom)
2019-09-25 04:52:20,772 [pool-127-thread-1] INFO  server.RaftServerConfigKeys (ConfUtils.java:logGet(43)) - raft.server.log.force.sync.num = 128 (default)
2019-09-25 04:52:20,772 [pool-127-thread-1] INFO  server.RaftServerConfigKeys (ConfUtils.java:logGet(43)) - raft.server.log.statemachine.data.sync = true (default)
2019-09-25 04:52:20,773 [pool-127-thread-1] INFO  server.RaftServerConfigKeys (ConfUtils.java:logGet(43)) - raft.server.log.statemachine.data.sync.timeout = 10s (default)
2019-09-25 04:52:20,773 [pool-127-thread-1] INFO  server.RaftServerConfigKeys (ConfUtils.java:logGet(43)) - raft.server.log.statemachine.data.sync.timeout.retry = -1 (default)
2019-09-25 04:52:20,773 [pool-127-thread-1] INFO  server.RaftServerConfigKeys (ConfUtils.java:logGet(43)) - raft.server.log.statemachine.data.caching.enabled = true (custom)
2019-09-25 04:52:20,773 [pool-127-thread-1] INFO  segmented.SegmentedRaftLogWorker (SegmentedRaftLogWorker.java:lambda$new$0(132)) - bcc74fd2-3a06-4539-867d-223a418d820d@group-90C519C54EA4-SegmentedRaftLogWorker: flushIndex: setUnconditionally 0 -> -1
2019-09-25 04:52:20,774 [pool-127-thread-1] INFO  server.RaftServerConfigKeys (ConfUtils.java:logGet(43)) - raft.server.snapshot.auto.trigger.enabled = true (custom)
2019-09-25 04:52:20,774 [pool-127-thread-1] INFO  server.RaftServerConfigKeys (ConfUtils.java:logGet(43)) - raft.server.snapshot.auto.trigger.threshold = 10000 (custom)
2019-09-25 04:52:20,774 [pool-127-thread-1] INFO  server.RaftServerConfigKeys (ConfUtils.java:logGet(43)) - raft.server.snapshot.retention.num.files = 5 (custom)
2019-09-25 04:52:20,774 [pool-127-thread-1] INFO  server.RaftServerConfigKeys (ConfUtils.java:logGet(43)) - raft.server.retrycache.expirytime = 600000ms (custom)
2019-09-25 04:52:20,777 [pool-127-thread-1] INFO  impl.RaftServerImpl (RaftServerImpl.java:start(185)) - bcc74fd2-3a06-4539-867d-223a418d820d@group-90C519C54EA4: start as a follower, conf=-1: [bcc74fd2-3a06-4539-867d-223a418d820d:192.168.164.207:36081], old=null
2019-09-25 04:52:20,778 [pool-127-thread-1] INFO  impl.RaftServerImpl (RaftServerImpl.java:setRole(174)) - bcc74fd2-3a06-4539-867d-223a418d820d@group-90C519C54EA4: changes role from      null to FOLLOWER at term 0 for startAsFollower
2019-09-25 04:52:20,778 [pool-127-thread-1] INFO  impl.RoleInfo (RoleInfo.java:updateAndGet(143)) - bcc74fd2-3a06-4539-867d-223a418d820d: start FollowerState
2019-09-25 04:52:20,778 [pool-127-thread-1] INFO  util.JmxRegister (JmxRegister.java:tryRegister(44)) - Successfully registered JMX Bean with object name Ratis:service=RaftServer,group=group-90C519C54EA4,id=bcc74fd2-3a06-4539-867d-223a418d820d
2019-09-25 04:52:20,780 [IPC Server handler 1 on 35034] INFO  net.NetworkTopology (NetworkTopologyImpl.java:add(111)) - Added a new node: /default-rack/9586c7e2-af3f-487f-89b7-bc8fbed5a611
2019-09-25 04:52:20,781 [IPC Server handler 1 on 35034] INFO  node.SCMNodeManager (SCMNodeManager.java:register(266)) - Registered Data node : 9586c7e2-af3f-487f-89b7-bc8fbed5a611{ip: 192.168.164.207, host: pr-hdds-1569-s44lr-3492059363, networkLocation: /default-rack, certSerialId: null}
2019-09-25 04:52:20,782 [RatisPipelineUtilsThread] INFO  pipeline.PipelineStateManager (PipelineStateManager.java:addPipeline(56)) - Created pipeline Pipeline[ Id: bc125e6f-1b03-43de-81da-90c519c54ea4, Nodes: bcc74fd2-3a06-4539-867d-223a418d820d{ip: 192.168.164.207, host: pr-hdds-1569-s44lr-3492059363, networkLocation: /default-rack, certSerialId: null}, Type:RATIS, Factor:ONE, State:OPEN]
2019-09-25 04:52:20,789 [grpc-default-executor-0] INFO  impl.RaftServerProxy (RaftServerProxy.java:addNew(89)) - bb4fa670-e092-4403-b4a0-776b8e3a297a: addNew group-351FA9503CEC:[bb4fa670-e092-4403-b4a0-776b8e3a297a:192.168.164.207:42708] returns group-351FA9503CEC:java.util.concurrent.CompletableFuture@639509ee[Not completed]
2019-09-25 04:52:20,790 [pool-137-thread-1] INFO  impl.RaftServerImpl (RaftServerImpl.java:<init>(95)) - bb4fa670-e092-4403-b4a0-776b8e3a297a: new RaftServerImpl for group-351FA9503CEC:[bb4fa670-e092-4403-b4a0-776b8e3a297a:192.168.164.207:42708] with ContainerStateMachine:uninitialized
2019-09-25 04:52:20,790 [pool-137-thread-1] INFO  server.RaftServerConfigKeys (ConfUtils.java:logGet(43)) - raft.server.rpc.timeout.min = 5s (custom)
2019-09-25 04:52:20,790 [pool-137-thread-1] INFO  server.RaftServerConfigKeys (ConfUtils.java:logGet(43)) - raft.server.rpc.timeout.max = 5200ms (custom)
2019-09-25 04:52:20,791 [pool-137-thread-1] INFO  server.RaftServerConfigKeys (ConfUtils.java:logGet(43)) - raft.server.rpcslowness.timeout = 120s (custom)
2019-09-25 04:52:20,791 [pool-137-thread-1] INFO  server.RaftServerConfigKeys (ConfUtils.java:logGet(43)) - raft.server.sleep.deviation.threshold = 300 (default)
2019-09-25 04:52:20,791 [pool-137-thread-1] INFO  server.RaftServerConfigKeys (ConfUtils.java:logGet(43)) - raft.server.log.appender.install.snapshot.enabled = false (custom)
2019-09-25 04:52:20,791 [pool-137-thread-1] INFO  impl.RaftServerImpl (ServerState.java:<init>(103)) - bb4fa670-e092-4403-b4a0-776b8e3a297a@group-351FA9503CEC: ConfigurationManager, init=-1: [bb4fa670-e092-4403-b4a0-776b8e3a297a:192.168.164.207:42708], old=null, confs=<EMPTY_MAP>
2019-09-25 04:52:20,791 [pool-137-thread-1] INFO  server.RaftServerConfigKeys (ConfUtils.java:logGet(43)) - raft.server.storage.dir = [/workdir/hadoop-ozone/integration-test/target/test-dir/MiniOzoneClusterImpl-d3c81739-79da-4dbe-9ced-b164d958c5b5/datanode-2/data/ratis] (custom)
2019-09-25 04:52:20,792 [pool-137-thread-1] INFO  storage.RaftStorageDirectory (RaftStorageDirectory.java:analyzeStorage(246)) - The storage directory /workdir/hadoop-ozone/integration-test/target/test-dir/MiniOzoneClusterImpl-d3c81739-79da-4dbe-9ced-b164d958c5b5/datanode-2/data/ratis/fe939efa-6718-4f8a-8eee-351fa9503cec does not exist. Creating ...
2019-09-25 04:52:20,804 [pool-137-thread-1] INFO  storage.RaftStorageDirectory (RaftStorageDirectory.java:tryLock(328)) - Lock on /workdir/hadoop-ozone/integration-test/target/test-dir/MiniOzoneClusterImpl-d3c81739-79da-4dbe-9ced-b164d958c5b5/datanode-2/data/ratis/fe939efa-6718-4f8a-8eee-351fa9503cec/in_use.lock acquired by nodename 13544@pr-hdds-1569-s44lr-3492059363
2019-09-25 04:52:20,818 [pool-137-thread-1] INFO  storage.RaftStorage (RaftStorage.java:format(72)) - Storage directory /workdir/hadoop-ozone/integration-test/target/test-dir/MiniOzoneClusterImpl-d3c81739-79da-4dbe-9ced-b164d958c5b5/datanode-2/data/ratis/fe939efa-6718-4f8a-8eee-351fa9503cec has been successfully formatted.
2019-09-25 04:52:20,818 [pool-137-thread-1] INFO  ratis.ContainerStateMachine (ContainerStateMachine.java:loadSnapshot(230)) - group-351FA9503CEC: The snapshot info is null. Setting the last applied indexto:(t:0, i:~)
2019-09-25 04:52:20,818 [pool-137-thread-1] INFO  server.RaftServerConfigKeys (ConfUtils.java:logGet(43)) - raft.server.notification.no-leader.timeout = 120s (custom)
2019-09-25 04:52:20,818 [pool-137-thread-1] INFO  server.RaftServerConfigKeys (ConfUtils.java:logGet(43)) - raft.server.log.use.memory = false (default)
2019-09-25 04:52:20,818 [pool-137-thread-1] INFO  server.RaftServerConfigKeys (ConfUtils.java:logGet(43)) - raft.server.log.purge.gap = 1000000 (custom)
2019-09-25 04:52:20,819 [pool-137-thread-1] INFO  server.RaftServerConfigKeys (ConfUtils.java:logGet(43)) - raft.server.log.appender.buffer.byte-limit = 33554432 (custom)
2019-09-25 04:52:20,819 [pool-137-thread-1] INFO  server.RaftServerConfigKeys (ConfUtils.java:logGet(43)) - raft.server.log.segment.size.max = 1048576 (custom)
2019-09-25 04:52:20,819 [pool-137-thread-1] INFO  server.RaftServerConfigKeys (ConfUtils.java:logGet(43)) - raft.server.log.segment.cache.num.max = 2 (custom)
2019-09-25 04:52:20,819 [pool-137-thread-1] INFO  segmented.SegmentedRaftLogWorker (SegmentedRaftLogWorker.java:<init>(172)) - new bb4fa670-e092-4403-b4a0-776b8e3a297a@group-351FA9503CEC-SegmentedRaftLogWorker for RaftStorage:Storage Directory /workdir/hadoop-ozone/integration-test/target/test-dir/MiniOzoneClusterImpl-d3c81739-79da-4dbe-9ced-b164d958c5b5/datanode-2/data/ratis/fe939efa-6718-4f8a-8eee-351fa9503cec
2019-09-25 04:52:20,819 [pool-137-thread-1] INFO  server.RaftServerConfigKeys (ConfUtils.java:logGet(43)) - raft.server.log.queue.byte-limit = 2147483647 (custom)
2019-09-25 04:52:20,820 [pool-137-thread-1] INFO  server.RaftServerConfigKeys (ConfUtils.java:logGet(43)) - raft.server.log.queue.element-limit = 1024 (custom)
2019-09-25 04:52:20,820 [pool-137-thread-1] INFO  server.RaftServerConfigKeys (ConfUtils.java:logGet(43)) - raft.server.log.segment.size.max = 1048576 (custom)
2019-09-25 04:52:20,820 [pool-137-thread-1] INFO  server.RaftServerConfigKeys (ConfUtils.java:logGet(43)) - raft.server.log.preallocated.size = 16384 (custom)
2019-09-25 04:52:20,820 [pool-137-thread-1] INFO  server.RaftServerConfigKeys (ConfUtils.java:logGet(43)) - raft.server.log.write.buffer.size = 33554432 (custom)
2019-09-25 04:52:20,820 [pool-137-thread-1] INFO  server.RaftServerConfigKeys (ConfUtils.java:logGet(43)) - raft.server.log.force.sync.num = 128 (default)
2019-09-25 04:52:20,821 [pool-137-thread-1] INFO  server.RaftServerConfigKeys (ConfUtils.java:logGet(43)) - raft.server.log.statemachine.data.sync = true (default)
2019-09-25 04:52:20,821 [pool-137-thread-1] INFO  server.RaftServerConfigKeys (ConfUtils.java:logGet(43)) - raft.server.log.statemachine.data.sync.timeout = 10s (default)
2019-09-25 04:52:20,821 [pool-137-thread-1] INFO  server.RaftServerConfigKeys (ConfUtils.java:logGet(43)) - raft.server.log.statemachine.data.sync.timeout.retry = -1 (default)
2019-09-25 04:52:20,821 [pool-137-thread-1] INFO  server.RaftServerConfigKeys (ConfUtils.java:logGet(43)) - raft.server.log.statemachine.data.caching.enabled = true (custom)
2019-09-25 04:52:20,822 [pool-137-thread-1] INFO  segmented.SegmentedRaftLogWorker (SegmentedRaftLogWorker.java:lambda$new$0(132)) - bb4fa670-e092-4403-b4a0-776b8e3a297a@group-351FA9503CEC-SegmentedRaftLogWorker: flushIndex: setUnconditionally 0 -> -1
2019-09-25 04:52:20,822 [pool-137-thread-1] INFO  server.RaftServerConfigKeys (ConfUtils.java:logGet(43)) - raft.server.snapshot.auto.trigger.enabled = true (custom)
2019-09-25 04:52:20,822 [pool-137-thread-1] INFO  server.RaftServerConfigKeys (ConfUtils.java:logGet(43)) - raft.server.snapshot.auto.trigger.threshold = 10000 (custom)
2019-09-25 04:52:20,822 [pool-137-thread-1] INFO  server.RaftServerConfigKeys (ConfUtils.java:logGet(43)) - raft.server.snapshot.retention.num.files = 5 (custom)
2019-09-25 04:52:20,823 [pool-137-thread-1] INFO  server.RaftServerConfigKeys (ConfUtils.java:logGet(43)) - raft.server.retrycache.expirytime = 600000ms (custom)
2019-09-25 04:52:20,825 [pool-137-thread-1] INFO  impl.RaftServerImpl (RaftServerImpl.java:start(185)) - bb4fa670-e092-4403-b4a0-776b8e3a297a@group-351FA9503CEC: start as a follower, conf=-1: [bb4fa670-e092-4403-b4a0-776b8e3a297a:192.168.164.207:42708], old=null
2019-09-25 04:52:20,826 [pool-137-thread-1] INFO  impl.RaftServerImpl (RaftServerImpl.java:setRole(174)) - bb4fa670-e092-4403-b4a0-776b8e3a297a@group-351FA9503CEC: changes role from      null to FOLLOWER at term 0 for startAsFollower
2019-09-25 04:52:20,826 [pool-137-thread-1] INFO  impl.RoleInfo (RoleInfo.java:updateAndGet(143)) - bb4fa670-e092-4403-b4a0-776b8e3a297a: start FollowerState
2019-09-25 04:52:20,826 [pool-137-thread-1] INFO  util.JmxRegister (JmxRegister.java:tryRegister(44)) - Successfully registered JMX Bean with object name Ratis:service=RaftServer,group=group-351FA9503CEC,id=bb4fa670-e092-4403-b4a0-776b8e3a297a
2019-09-25 04:52:20,829 [RatisPipelineUtilsThread] INFO  pipeline.PipelineStateManager (PipelineStateManager.java:addPipeline(56)) - Created pipeline Pipeline[ Id: fe939efa-6718-4f8a-8eee-351fa9503cec, Nodes: bb4fa670-e092-4403-b4a0-776b8e3a297a{ip: 192.168.164.207, host: pr-hdds-1569-s44lr-3492059363, networkLocation: /default-rack, certSerialId: null}, Type:RATIS, Factor:ONE, State:OPEN]
2019-09-25 04:52:20,834 [grpc-default-executor-0] INFO  impl.RaftServerProxy (RaftServerProxy.java:addNew(89)) - bcc74fd2-3a06-4539-867d-223a418d820d: addNew group-13776BD82677:[bcc74fd2-3a06-4539-867d-223a418d820d:192.168.164.207:36081] returns group-13776BD82677:java.util.concurrent.CompletableFuture@26b51d89[Not completed]
2019-09-25 04:52:20,837 [pool-127-thread-1] INFO  impl.RaftServerImpl (RaftServerImpl.java:<init>(95)) - bcc74fd2-3a06-4539-867d-223a418d820d: new RaftServerImpl for group-13776BD82677:[bcc74fd2-3a06-4539-867d-223a418d820d:192.168.164.207:36081] with ContainerStateMachine:uninitialized
2019-09-25 04:52:20,837 [pool-127-thread-1] INFO  server.RaftServerConfigKeys (ConfUtils.java:logGet(43)) - raft.server.rpc.timeout.min = 5s (custom)
2019-09-25 04:52:20,837 [pool-127-thread-1] INFO  server.RaftServerConfigKeys (ConfUtils.java:logGet(43)) - raft.server.rpc.timeout.max = 5200ms (custom)
2019-09-25 04:52:20,837 [pool-127-thread-1] INFO  server.RaftServerConfigKeys (ConfUtils.java:logGet(43)) - raft.server.rpcslowness.timeout = 120s (custom)
2019-09-25 04:52:20,837 [pool-127-thread-1] INFO  server.RaftServerConfigKeys (ConfUtils.java:logGet(43)) - raft.server.sleep.deviation.threshold = 300 (default)
2019-09-25 04:52:20,837 [pool-127-thread-1] INFO  server.RaftServerConfigKeys (ConfUtils.java:logGet(43)) - raft.server.log.appender.install.snapshot.enabled = false (custom)
2019-09-25 04:52:20,838 [pool-127-thread-1] INFO  impl.RaftServerImpl (ServerState.java:<init>(103)) - bcc74fd2-3a06-4539-867d-223a418d820d@group-13776BD82677: ConfigurationManager, init=-1: [bcc74fd2-3a06-4539-867d-223a418d820d:192.168.164.207:36081], old=null, confs=<EMPTY_MAP>
2019-09-25 04:52:20,838 [pool-127-thread-1] INFO  server.RaftServerConfigKeys (ConfUtils.java:logGet(43)) - raft.server.storage.dir = [/workdir/hadoop-ozone/integration-test/target/test-dir/MiniOzoneClusterImpl-d3c81739-79da-4dbe-9ced-b164d958c5b5/datanode-1/data/ratis] (custom)
2019-09-25 04:52:20,838 [pool-127-thread-1] INFO  storage.RaftStorageDirectory (RaftStorageDirectory.java:analyzeStorage(246)) - The storage directory /workdir/hadoop-ozone/integration-test/target/test-dir/MiniOzoneClusterImpl-d3c81739-79da-4dbe-9ced-b164d958c5b5/datanode-1/data/ratis/b2c0c17c-aede-4dca-875b-13776bd82677 does not exist. Creating ...
2019-09-25 04:52:20,851 [pool-127-thread-1] INFO  storage.RaftStorageDirectory (RaftStorageDirectory.java:tryLock(328)) - Lock on /workdir/hadoop-ozone/integration-test/target/test-dir/MiniOzoneClusterImpl-d3c81739-79da-4dbe-9ced-b164d958c5b5/datanode-1/data/ratis/b2c0c17c-aede-4dca-875b-13776bd82677/in_use.lock acquired by nodename 13544@pr-hdds-1569-s44lr-3492059363
2019-09-25 04:52:20,853 [main] INFO  ozone.MiniOzoneClusterImpl (MiniOzoneClusterImpl.java:lambda$waitForClusterToBeReady$0(147)) - Waiting for cluster to be ready. Got 6 of 7 DN Heartbeats.
2019-09-25 04:52:20,855 [IPC Server handler 2 on 35034] INFO  net.NetworkTopology (NetworkTopologyImpl.java:add(111)) - Added a new node: /default-rack/f0026df0-5652-4d5b-84a4-ec6d3279302c
2019-09-25 04:52:20,855 [IPC Server handler 2 on 35034] INFO  node.SCMNodeManager (SCMNodeManager.java:register(266)) - Registered Data node : f0026df0-5652-4d5b-84a4-ec6d3279302c{ip: 192.168.164.207, host: pr-hdds-1569-s44lr-3492059363, networkLocation: /default-rack, certSerialId: null}
2019-09-25 04:52:20,863 [pool-127-thread-1] INFO  storage.RaftStorage (RaftStorage.java:format(72)) - Storage directory /workdir/hadoop-ozone/integration-test/target/test-dir/MiniOzoneClusterImpl-d3c81739-79da-4dbe-9ced-b164d958c5b5/datanode-1/data/ratis/b2c0c17c-aede-4dca-875b-13776bd82677 has been successfully formatted.
2019-09-25 04:52:20,863 [pool-127-thread-1] INFO  ratis.ContainerStateMachine (ContainerStateMachine.java:loadSnapshot(230)) - group-13776BD82677: The snapshot info is null. Setting the last applied indexto:(t:0, i:~)
2019-09-25 04:52:20,864 [pool-127-thread-1] INFO  server.RaftServerConfigKeys (ConfUtils.java:logGet(43)) - raft.server.notification.no-leader.timeout = 120s (custom)
2019-09-25 04:52:20,864 [pool-127-thread-1] INFO  server.RaftServerConfigKeys (ConfUtils.java:logGet(43)) - raft.server.log.use.memory = false (default)
2019-09-25 04:52:20,864 [pool-127-thread-1] INFO  server.RaftServerConfigKeys (ConfUtils.java:logGet(43)) - raft.server.log.purge.gap = 1000000 (custom)
2019-09-25 04:52:20,864 [pool-127-thread-1] INFO  server.RaftServerConfigKeys (ConfUtils.java:logGet(43)) - raft.server.log.appender.buffer.byte-limit = 33554432 (custom)
2019-09-25 04:52:20,864 [pool-127-thread-1] INFO  server.RaftServerConfigKeys (ConfUtils.java:logGet(43)) - raft.server.log.segment.size.max = 1048576 (custom)
2019-09-25 04:52:20,864 [pool-127-thread-1] INFO  server.RaftServerConfigKeys (ConfUtils.java:logGet(43)) - raft.server.log.segment.cache.num.max = 2 (custom)
2019-09-25 04:52:20,864 [pool-127-thread-1] INFO  segmented.SegmentedRaftLogWorker (SegmentedRaftLogWorker.java:<init>(172)) - new bcc74fd2-3a06-4539-867d-223a418d820d@group-13776BD82677-SegmentedRaftLogWorker for RaftStorage:Storage Directory /workdir/hadoop-ozone/integration-test/target/test-dir/MiniOzoneClusterImpl-d3c81739-79da-4dbe-9ced-b164d958c5b5/datanode-1/data/ratis/b2c0c17c-aede-4dca-875b-13776bd82677
2019-09-25 04:52:20,864 [pool-127-thread-1] INFO  server.RaftServerConfigKeys (ConfUtils.java:logGet(43)) - raft.server.log.queue.byte-limit = 2147483647 (custom)
2019-09-25 04:52:20,865 [pool-127-thread-1] INFO  server.RaftServerConfigKeys (ConfUtils.java:logGet(43)) - raft.server.log.queue.element-limit = 1024 (custom)
2019-09-25 04:52:20,865 [pool-127-thread-1] INFO  server.RaftServerConfigKeys (ConfUtils.java:logGet(43)) - raft.server.log.segment.size.max = 1048576 (custom)
2019-09-25 04:52:20,865 [pool-127-thread-1] INFO  server.RaftServerConfigKeys (ConfUtils.java:logGet(43)) - raft.server.log.preallocated.size = 16384 (custom)
2019-09-25 04:52:20,865 [pool-127-thread-1] INFO  server.RaftServerConfigKeys (ConfUtils.java:logGet(43)) - raft.server.log.write.buffer.size = 33554432 (custom)
2019-09-25 04:52:20,865 [pool-127-thread-1] INFO  server.RaftServerConfigKeys (ConfUtils.java:logGet(43)) - raft.server.log.force.sync.num = 128 (default)
2019-09-25 04:52:20,865 [pool-127-thread-1] INFO  server.RaftServerConfigKeys (ConfUtils.java:logGet(43)) - raft.server.log.statemachine.data.sync = true (default)
2019-09-25 04:52:20,866 [pool-127-thread-1] INFO  server.RaftServerConfigKeys (ConfUtils.java:logGet(43)) - raft.server.log.statemachine.data.sync.timeout = 10s (default)
2019-09-25 04:52:20,866 [pool-127-thread-1] INFO  server.RaftServerConfigKeys (ConfUtils.java:logGet(43)) - raft.server.log.statemachine.data.sync.timeout.retry = -1 (default)
2019-09-25 04:52:20,866 [pool-127-thread-1] INFO  server.RaftServerConfigKeys (ConfUtils.java:logGet(43)) - raft.server.log.statemachine.data.caching.enabled = true (custom)
2019-09-25 04:52:20,866 [pool-127-thread-1] INFO  segmented.SegmentedRaftLogWorker (SegmentedRaftLogWorker.java:lambda$new$0(132)) - bcc74fd2-3a06-4539-867d-223a418d820d@group-13776BD82677-SegmentedRaftLogWorker: flushIndex: setUnconditionally 0 -> -1
2019-09-25 04:52:20,867 [pool-127-thread-1] INFO  server.RaftServerConfigKeys (ConfUtils.java:logGet(43)) - raft.server.snapshot.auto.trigger.enabled = true (custom)
2019-09-25 04:52:20,867 [pool-127-thread-1] INFO  server.RaftServerConfigKeys (ConfUtils.java:logGet(43)) - raft.server.snapshot.auto.trigger.threshold = 10000 (custom)
2019-09-25 04:52:20,867 [pool-127-thread-1] INFO  server.RaftServerConfigKeys (ConfUtils.java:logGet(43)) - raft.server.snapshot.retention.num.files = 5 (custom)
2019-09-25 04:52:20,867 [pool-127-thread-1] INFO  server.RaftServerConfigKeys (ConfUtils.java:logGet(43)) - raft.server.retrycache.expirytime = 600000ms (custom)
2019-09-25 04:52:20,870 [pool-127-thread-1] INFO  impl.RaftServerImpl (RaftServerImpl.java:start(185)) - bcc74fd2-3a06-4539-867d-223a418d820d@group-13776BD82677: start as a follower, conf=-1: [bcc74fd2-3a06-4539-867d-223a418d820d:192.168.164.207:36081], old=null
2019-09-25 04:52:20,870 [pool-127-thread-1] INFO  impl.RaftServerImpl (RaftServerImpl.java:setRole(174)) - bcc74fd2-3a06-4539-867d-223a418d820d@group-13776BD82677: changes role from      null to FOLLOWER at term 0 for startAsFollower
2019-09-25 04:52:20,870 [pool-127-thread-1] INFO  impl.RoleInfo (RoleInfo.java:updateAndGet(143)) - bcc74fd2-3a06-4539-867d-223a418d820d: start FollowerState
2019-09-25 04:52:20,871 [pool-127-thread-1] INFO  util.JmxRegister (JmxRegister.java:tryRegister(44)) - Successfully registered JMX Bean with object name Ratis:service=RaftServer,group=group-13776BD82677,id=bcc74fd2-3a06-4539-867d-223a418d820d
2019-09-25 04:52:20,874 [RatisPipelineUtilsThread] INFO  pipeline.PipelineStateManager (PipelineStateManager.java:addPipeline(56)) - Created pipeline Pipeline[ Id: b2c0c17c-aede-4dca-875b-13776bd82677, Nodes: bcc74fd2-3a06-4539-867d-223a418d820d{ip: 192.168.164.207, host: pr-hdds-1569-s44lr-3492059363, networkLocation: /default-rack, certSerialId: null}, Type:RATIS, Factor:ONE, State:OPEN]
2019-09-25 04:52:20,879 [grpc-default-executor-0] INFO  impl.RaftServerProxy (RaftServerProxy.java:addNew(89)) - 4370308c-ceb4-49a9-9879-5927b69a5f85: addNew group-7FFACA27CB41:[4370308c-ceb4-49a9-9879-5927b69a5f85:192.168.164.207:34481] returns group-7FFACA27CB41:java.util.concurrent.CompletableFuture@4fbc0b2[Not completed]
2019-09-25 04:52:20,881 [pool-117-thread-1] INFO  impl.RaftServerImpl (RaftServerImpl.java:<init>(95)) - 4370308c-ceb4-49a9-9879-5927b69a5f85: new RaftServerImpl for group-7FFACA27CB41:[4370308c-ceb4-49a9-9879-5927b69a5f85:192.168.164.207:34481] with ContainerStateMachine:uninitialized
2019-09-25 04:52:20,881 [pool-117-thread-1] INFO  server.RaftServerConfigKeys (ConfUtils.java:logGet(43)) - raft.server.rpc.timeout.min = 5s (custom)
2019-09-25 04:52:20,881 [pool-117-thread-1] INFO  server.RaftServerConfigKeys (ConfUtils.java:logGet(43)) - raft.server.rpc.timeout.max = 5200ms (custom)
2019-09-25 04:52:20,881 [pool-117-thread-1] INFO  server.RaftServerConfigKeys (ConfUtils.java:logGet(43)) - raft.server.rpcslowness.timeout = 120s (custom)
2019-09-25 04:52:20,881 [pool-117-thread-1] INFO  server.RaftServerConfigKeys (ConfUtils.java:logGet(43)) - raft.server.sleep.deviation.threshold = 300 (default)
2019-09-25 04:52:20,881 [pool-117-thread-1] INFO  server.RaftServerConfigKeys (ConfUtils.java:logGet(43)) - raft.server.log.appender.install.snapshot.enabled = false (custom)
2019-09-25 04:52:20,881 [pool-117-thread-1] INFO  impl.RaftServerImpl (ServerState.java:<init>(103)) - 4370308c-ceb4-49a9-9879-5927b69a5f85@group-7FFACA27CB41: ConfigurationManager, init=-1: [4370308c-ceb4-49a9-9879-5927b69a5f85:192.168.164.207:34481], old=null, confs=<EMPTY_MAP>
2019-09-25 04:52:20,882 [pool-117-thread-1] INFO  server.RaftServerConfigKeys (ConfUtils.java:logGet(43)) - raft.server.storage.dir = [/workdir/hadoop-ozone/integration-test/target/test-dir/MiniOzoneClusterImpl-d3c81739-79da-4dbe-9ced-b164d958c5b5/datanode-0/data/ratis] (custom)
2019-09-25 04:52:20,882 [pool-117-thread-1] INFO  storage.RaftStorageDirectory (RaftStorageDirectory.java:analyzeStorage(246)) - The storage directory /workdir/hadoop-ozone/integration-test/target/test-dir/MiniOzoneClusterImpl-d3c81739-79da-4dbe-9ced-b164d958c5b5/datanode-0/data/ratis/5cfe2c6c-4aab-4b06-a3ab-7ffaca27cb41 does not exist. Creating ...
2019-09-25 04:52:20,896 [pool-117-thread-1] INFO  storage.RaftStorageDirectory (RaftStorageDirectory.java:tryLock(328)) - Lock on /workdir/hadoop-ozone/integration-test/target/test-dir/MiniOzoneClusterImpl-d3c81739-79da-4dbe-9ced-b164d958c5b5/datanode-0/data/ratis/5cfe2c6c-4aab-4b06-a3ab-7ffaca27cb41/in_use.lock acquired by nodename 13544@pr-hdds-1569-s44lr-3492059363
2019-09-25 04:52:20,899 [pool-117-thread-1] INFO  storage.RaftStorage (RaftStorage.java:format(72)) - Storage directory /workdir/hadoop-ozone/integration-test/target/test-dir/MiniOzoneClusterImpl-d3c81739-79da-4dbe-9ced-b164d958c5b5/datanode-0/data/ratis/5cfe2c6c-4aab-4b06-a3ab-7ffaca27cb41 has been successfully formatted.
2019-09-25 04:52:20,899 [pool-117-thread-1] INFO  ratis.ContainerStateMachine (ContainerStateMachine.java:loadSnapshot(230)) - group-7FFACA27CB41: The snapshot info is null. Setting the last applied indexto:(t:0, i:~)
2019-09-25 04:52:20,900 [pool-117-thread-1] INFO  server.RaftServerConfigKeys (ConfUtils.java:logGet(43)) - raft.server.notification.no-leader.timeout = 120s (custom)
2019-09-25 04:52:20,900 [pool-117-thread-1] INFO  server.RaftServerConfigKeys (ConfUtils.java:logGet(43)) - raft.server.log.use.memory = false (default)
2019-09-25 04:52:20,900 [pool-117-thread-1] INFO  server.RaftServerConfigKeys (ConfUtils.java:logGet(43)) - raft.server.log.purge.gap = 1000000 (custom)
2019-09-25 04:52:20,900 [pool-117-thread-1] INFO  server.RaftServerConfigKeys (ConfUtils.java:logGet(43)) - raft.server.log.appender.buffer.byte-limit = 33554432 (custom)
2019-09-25 04:52:20,900 [pool-117-thread-1] INFO  server.RaftServerConfigKeys (ConfUtils.java:logGet(43)) - raft.server.log.segment.size.max = 1048576 (custom)
2019-09-25 04:52:20,900 [pool-117-thread-1] INFO  server.RaftServerConfigKeys (ConfUtils.java:logGet(43)) - raft.server.log.segment.cache.num.max = 2 (custom)
2019-09-25 04:52:20,900 [pool-117-thread-1] INFO  segmented.SegmentedRaftLogWorker (SegmentedRaftLogWorker.java:<init>(172)) - new 4370308c-ceb4-49a9-9879-5927b69a5f85@group-7FFACA27CB41-SegmentedRaftLogWorker for RaftStorage:Storage Directory /workdir/hadoop-ozone/integration-test/target/test-dir/MiniOzoneClusterImpl-d3c81739-79da-4dbe-9ced-b164d958c5b5/datanode-0/data/ratis/5cfe2c6c-4aab-4b06-a3ab-7ffaca27cb41
2019-09-25 04:52:20,900 [pool-117-thread-1] INFO  server.RaftServerConfigKeys (ConfUtils.java:logGet(43)) - raft.server.log.queue.byte-limit = 2147483647 (custom)
2019-09-25 04:52:20,901 [pool-117-thread-1] INFO  server.RaftServerConfigKeys (ConfUtils.java:logGet(43)) - raft.server.log.queue.element-limit = 1024 (custom)
2019-09-25 04:52:20,901 [pool-117-thread-1] INFO  server.RaftServerConfigKeys (ConfUtils.java:logGet(43)) - raft.server.log.segment.size.max = 1048576 (custom)
2019-09-25 04:52:20,901 [pool-117-thread-1] INFO  server.RaftServerConfigKeys (ConfUtils.java:logGet(43)) - raft.server.log.preallocated.size = 16384 (custom)
2019-09-25 04:52:20,901 [pool-117-thread-1] INFO  server.RaftServerConfigKeys (ConfUtils.java:logGet(43)) - raft.server.log.write.buffer.size = 33554432 (custom)
2019-09-25 04:52:20,901 [pool-117-thread-1] INFO  server.RaftServerConfigKeys (ConfUtils.java:logGet(43)) - raft.server.log.force.sync.num = 128 (default)
2019-09-25 04:52:20,901 [pool-117-thread-1] INFO  server.RaftServerConfigKeys (ConfUtils.java:logGet(43)) - raft.server.log.statemachine.data.sync = true (default)
2019-09-25 04:52:20,901 [pool-117-thread-1] INFO  server.RaftServerConfigKeys (ConfUtils.java:logGet(43)) - raft.server.log.statemachine.data.sync.timeout = 10s (default)
2019-09-25 04:52:20,901 [pool-117-thread-1] INFO  server.RaftServerConfigKeys (ConfUtils.java:logGet(43)) - raft.server.log.statemachine.data.sync.timeout.retry = -1 (default)
2019-09-25 04:52:20,902 [pool-117-thread-1] INFO  server.RaftServerConfigKeys (ConfUtils.java:logGet(43)) - raft.server.log.statemachine.data.caching.enabled = true (custom)
2019-09-25 04:52:20,902 [pool-117-thread-1] INFO  segmented.SegmentedRaftLogWorker (SegmentedRaftLogWorker.java:lambda$new$0(132)) - 4370308c-ceb4-49a9-9879-5927b69a5f85@group-7FFACA27CB41-SegmentedRaftLogWorker: flushIndex: setUnconditionally 0 -> -1
2019-09-25 04:52:20,902 [pool-117-thread-1] INFO  server.RaftServerConfigKeys (ConfUtils.java:logGet(43)) - raft.server.snapshot.auto.trigger.enabled = true (custom)
2019-09-25 04:52:20,902 [pool-117-thread-1] INFO  server.RaftServerConfigKeys (ConfUtils.java:logGet(43)) - raft.server.snapshot.auto.trigger.threshold = 10000 (custom)
2019-09-25 04:52:20,902 [pool-117-thread-1] INFO  server.RaftServerConfigKeys (ConfUtils.java:logGet(43)) - raft.server.snapshot.retention.num.files = 5 (custom)
2019-09-25 04:52:20,903 [pool-117-thread-1] INFO  server.RaftServerConfigKeys (ConfUtils.java:logGet(43)) - raft.server.retrycache.expirytime = 600000ms (custom)
2019-09-25 04:52:20,905 [pool-117-thread-1] INFO  impl.RaftServerImpl (RaftServerImpl.java:start(185)) - 4370308c-ceb4-49a9-9879-5927b69a5f85@group-7FFACA27CB41: start as a follower, conf=-1: [4370308c-ceb4-49a9-9879-5927b69a5f85:192.168.164.207:34481], old=null
2019-09-25 04:52:20,905 [pool-117-thread-1] INFO  impl.RaftServerImpl (RaftServerImpl.java:setRole(174)) - 4370308c-ceb4-49a9-9879-5927b69a5f85@group-7FFACA27CB41: changes role from      null to FOLLOWER at term 0 for startAsFollower
2019-09-25 04:52:20,905 [pool-117-thread-1] INFO  impl.RoleInfo (RoleInfo.java:updateAndGet(143)) - 4370308c-ceb4-49a9-9879-5927b69a5f85: start FollowerState
2019-09-25 04:52:20,905 [pool-117-thread-1] INFO  util.JmxRegister (JmxRegister.java:tryRegister(44)) - Successfully registered JMX Bean with object name Ratis:service=RaftServer,group=group-7FFACA27CB41,id=4370308c-ceb4-49a9-9879-5927b69a5f85
2019-09-25 04:52:20,908 [RatisPipelineUtilsThread] INFO  pipeline.PipelineStateManager (PipelineStateManager.java:addPipeline(56)) - Created pipeline Pipeline[ Id: 5cfe2c6c-4aab-4b06-a3ab-7ffaca27cb41, Nodes: 4370308c-ceb4-49a9-9879-5927b69a5f85{ip: 192.168.164.207, host: pr-hdds-1569-s44lr-3492059363, networkLocation: /default-rack, certSerialId: null}, Type:RATIS, Factor:ONE, State:OPEN]
2019-09-25 04:52:20,917 [grpc-default-executor-0] INFO  impl.RaftServerProxy (RaftServerProxy.java:addNew(89)) - 9586c7e2-af3f-487f-89b7-bc8fbed5a611: addNew group-63A7082114CF:[9586c7e2-af3f-487f-89b7-bc8fbed5a611:192.168.164.207:42132] returns group-63A7082114CF:java.util.concurrent.CompletableFuture@6574b6b1[Not completed]
2019-09-25 04:52:20,923 [pool-167-thread-1] INFO  impl.RaftServerImpl (RaftServerImpl.java:<init>(95)) - 9586c7e2-af3f-487f-89b7-bc8fbed5a611: new RaftServerImpl for group-63A7082114CF:[9586c7e2-af3f-487f-89b7-bc8fbed5a611:192.168.164.207:42132] with ContainerStateMachine:uninitialized
2019-09-25 04:52:20,923 [pool-167-thread-1] INFO  server.RaftServerConfigKeys (ConfUtils.java:logGet(43)) - raft.server.rpc.timeout.min = 5s (custom)
2019-09-25 04:52:20,923 [pool-167-thread-1] INFO  server.RaftServerConfigKeys (ConfUtils.java:logGet(43)) - raft.server.rpc.timeout.max = 5200ms (custom)
2019-09-25 04:52:20,923 [pool-167-thread-1] INFO  server.RaftServerConfigKeys (ConfUtils.java:logGet(43)) - raft.server.rpcslowness.timeout = 120s (custom)
2019-09-25 04:52:20,923 [pool-167-thread-1] INFO  server.RaftServerConfigKeys (ConfUtils.java:logGet(43)) - raft.server.sleep.deviation.threshold = 300 (default)
2019-09-25 04:52:20,923 [pool-167-thread-1] INFO  server.RaftServerConfigKeys (ConfUtils.java:logGet(43)) - raft.server.log.appender.install.snapshot.enabled = false (custom)
2019-09-25 04:52:20,924 [pool-167-thread-1] INFO  impl.RaftServerImpl (ServerState.java:<init>(103)) - 9586c7e2-af3f-487f-89b7-bc8fbed5a611@group-63A7082114CF: ConfigurationManager, init=-1: [9586c7e2-af3f-487f-89b7-bc8fbed5a611:192.168.164.207:42132], old=null, confs=<EMPTY_MAP>
2019-09-25 04:52:20,924 [pool-167-thread-1] INFO  server.RaftServerConfigKeys (ConfUtils.java:logGet(43)) - raft.server.storage.dir = [/workdir/hadoop-ozone/integration-test/target/test-dir/MiniOzoneClusterImpl-d3c81739-79da-4dbe-9ced-b164d958c5b5/datanode-5/data/ratis] (custom)
2019-09-25 04:52:20,924 [pool-167-thread-1] INFO  storage.RaftStorageDirectory (RaftStorageDirectory.java:analyzeStorage(246)) - The storage directory /workdir/hadoop-ozone/integration-test/target/test-dir/MiniOzoneClusterImpl-d3c81739-79da-4dbe-9ced-b164d958c5b5/datanode-5/data/ratis/00b481aa-1591-43be-98a5-63a7082114cf does not exist. Creating ...
2019-09-25 04:52:20,937 [pool-167-thread-1] INFO  storage.RaftStorageDirectory (RaftStorageDirectory.java:tryLock(328)) - Lock on /workdir/hadoop-ozone/integration-test/target/test-dir/MiniOzoneClusterImpl-d3c81739-79da-4dbe-9ced-b164d958c5b5/datanode-5/data/ratis/00b481aa-1591-43be-98a5-63a7082114cf/in_use.lock acquired by nodename 13544@pr-hdds-1569-s44lr-3492059363
2019-09-25 04:52:20,953 [pool-167-thread-1] INFO  storage.RaftStorage (RaftStorage.java:format(72)) - Storage directory /workdir/hadoop-ozone/integration-test/target/test-dir/MiniOzoneClusterImpl-d3c81739-79da-4dbe-9ced-b164d958c5b5/datanode-5/data/ratis/00b481aa-1591-43be-98a5-63a7082114cf has been successfully formatted.
2019-09-25 04:52:20,953 [pool-167-thread-1] INFO  ratis.ContainerStateMachine (ContainerStateMachine.java:loadSnapshot(230)) - group-63A7082114CF: The snapshot info is null. Setting the last applied indexto:(t:0, i:~)
2019-09-25 04:52:20,954 [pool-167-thread-1] INFO  server.RaftServerConfigKeys (ConfUtils.java:logGet(43)) - raft.server.notification.no-leader.timeout = 120s (custom)
2019-09-25 04:52:20,954 [pool-167-thread-1] INFO  server.RaftServerConfigKeys (ConfUtils.java:logGet(43)) - raft.server.log.use.memory = false (default)
2019-09-25 04:52:20,954 [pool-167-thread-1] INFO  server.RaftServerConfigKeys (ConfUtils.java:logGet(43)) - raft.server.log.purge.gap = 1000000 (custom)
2019-09-25 04:52:20,954 [pool-167-thread-1] INFO  server.RaftServerConfigKeys (ConfUtils.java:logGet(43)) - raft.server.log.appender.buffer.byte-limit = 33554432 (custom)
2019-09-25 04:52:20,954 [pool-167-thread-1] INFO  server.RaftServerConfigKeys (ConfUtils.java:logGet(43)) - raft.server.log.segment.size.max = 1048576 (custom)
2019-09-25 04:52:20,954 [pool-167-thread-1] INFO  server.RaftServerConfigKeys (ConfUtils.java:logGet(43)) - raft.server.log.segment.cache.num.max = 2 (custom)
2019-09-25 04:52:20,955 [pool-167-thread-1] INFO  segmented.SegmentedRaftLogWorker (SegmentedRaftLogWorker.java:<init>(172)) - new 9586c7e2-af3f-487f-89b7-bc8fbed5a611@group-63A7082114CF-SegmentedRaftLogWorker for RaftStorage:Storage Directory /workdir/hadoop-ozone/integration-test/target/test-dir/MiniOzoneClusterImpl-d3c81739-79da-4dbe-9ced-b164d958c5b5/datanode-5/data/ratis/00b481aa-1591-43be-98a5-63a7082114cf
2019-09-25 04:52:20,957 [pool-167-thread-1] INFO  server.RaftServerConfigKeys (ConfUtils.java:logGet(43)) - raft.server.log.queue.byte-limit = 2147483647 (custom)
2019-09-25 04:52:20,957 [pool-167-thread-1] INFO  server.RaftServerConfigKeys (ConfUtils.java:logGet(43)) - raft.server.log.queue.element-limit = 1024 (custom)
2019-09-25 04:52:20,957 [pool-167-thread-1] INFO  server.RaftServerConfigKeys (ConfUtils.java:logGet(43)) - raft.server.log.segment.size.max = 1048576 (custom)
2019-09-25 04:52:20,957 [pool-167-thread-1] INFO  server.RaftServerConfigKeys (ConfUtils.java:logGet(43)) - raft.server.log.preallocated.size = 16384 (custom)
2019-09-25 04:52:20,958 [pool-167-thread-1] INFO  server.RaftServerConfigKeys (ConfUtils.java:logGet(43)) - raft.server.log.write.buffer.size = 33554432 (custom)
2019-09-25 04:52:20,958 [pool-167-thread-1] INFO  server.RaftServerConfigKeys (ConfUtils.java:logGet(43)) - raft.server.log.force.sync.num = 128 (default)
2019-09-25 04:52:20,958 [pool-167-thread-1] INFO  server.RaftServerConfigKeys (ConfUtils.java:logGet(43)) - raft.server.log.statemachine.data.sync = true (default)
2019-09-25 04:52:20,958 [pool-167-thread-1] INFO  server.RaftServerConfigKeys (ConfUtils.java:logGet(43)) - raft.server.log.statemachine.data.sync.timeout = 10s (default)
2019-09-25 04:52:20,958 [pool-167-thread-1] INFO  server.RaftServerConfigKeys (ConfUtils.java:logGet(43)) - raft.server.log.statemachine.data.sync.timeout.retry = -1 (default)
2019-09-25 04:52:20,959 [pool-167-thread-1] INFO  server.RaftServerConfigKeys (ConfUtils.java:logGet(43)) - raft.server.log.statemachine.data.caching.enabled = true (custom)
2019-09-25 04:52:20,959 [pool-167-thread-1] INFO  segmented.SegmentedRaftLogWorker (SegmentedRaftLogWorker.java:lambda$new$0(132)) - 9586c7e2-af3f-487f-89b7-bc8fbed5a611@group-63A7082114CF-SegmentedRaftLogWorker: flushIndex: setUnconditionally 0 -> -1
2019-09-25 04:52:20,959 [pool-167-thread-1] INFO  server.RaftServerConfigKeys (ConfUtils.java:logGet(43)) - raft.server.snapshot.auto.trigger.enabled = true (custom)
2019-09-25 04:52:20,959 [pool-167-thread-1] INFO  server.RaftServerConfigKeys (ConfUtils.java:logGet(43)) - raft.server.snapshot.auto.trigger.threshold = 10000 (custom)
2019-09-25 04:52:20,960 [pool-167-thread-1] INFO  server.RaftServerConfigKeys (ConfUtils.java:logGet(43)) - raft.server.snapshot.retention.num.files = 5 (custom)
2019-09-25 04:52:20,960 [pool-167-thread-1] INFO  server.RaftServerConfigKeys (ConfUtils.java:logGet(43)) - raft.server.retrycache.expirytime = 600000ms (custom)
2019-09-25 04:52:20,962 [pool-167-thread-1] INFO  impl.RaftServerImpl (RaftServerImpl.java:start(185)) - 9586c7e2-af3f-487f-89b7-bc8fbed5a611@group-63A7082114CF: start as a follower, conf=-1: [9586c7e2-af3f-487f-89b7-bc8fbed5a611:192.168.164.207:42132], old=null
2019-09-25 04:52:20,962 [pool-167-thread-1] INFO  impl.RaftServerImpl (RaftServerImpl.java:setRole(174)) - 9586c7e2-af3f-487f-89b7-bc8fbed5a611@group-63A7082114CF: changes role from      null to FOLLOWER at term 0 for startAsFollower
2019-09-25 04:52:20,962 [pool-167-thread-1] INFO  impl.RoleInfo (RoleInfo.java:updateAndGet(143)) - 9586c7e2-af3f-487f-89b7-bc8fbed5a611: start FollowerState
2019-09-25 04:52:20,963 [pool-167-thread-1] INFO  util.JmxRegister (JmxRegister.java:tryRegister(44)) - Successfully registered JMX Bean with object name Ratis:service=RaftServer,group=group-63A7082114CF,id=9586c7e2-af3f-487f-89b7-bc8fbed5a611
2019-09-25 04:52:20,966 [RatisPipelineUtilsThread] INFO  pipeline.PipelineStateManager (PipelineStateManager.java:addPipeline(56)) - Created pipeline Pipeline[ Id: 00b481aa-1591-43be-98a5-63a7082114cf, Nodes: 9586c7e2-af3f-487f-89b7-bc8fbed5a611{ip: 192.168.164.207, host: pr-hdds-1569-s44lr-3492059363, networkLocation: /default-rack, certSerialId: null}, Type:RATIS, Factor:ONE, State:OPEN]
2019-09-25 04:52:20,971 [grpc-default-executor-0] INFO  impl.RaftServerProxy (RaftServerProxy.java:addNew(89)) - 4370308c-ceb4-49a9-9879-5927b69a5f85: addNew group-AAE70ECD8EA9:[4370308c-ceb4-49a9-9879-5927b69a5f85:192.168.164.207:34481] returns group-AAE70ECD8EA9:java.util.concurrent.CompletableFuture@55d76b57[Not completed]
2019-09-25 04:52:20,972 [pool-117-thread-1] INFO  impl.RaftServerImpl (RaftServerImpl.java:<init>(95)) - 4370308c-ceb4-49a9-9879-5927b69a5f85: new RaftServerImpl for group-AAE70ECD8EA9:[4370308c-ceb4-49a9-9879-5927b69a5f85:192.168.164.207:34481] with ContainerStateMachine:uninitialized
2019-09-25 04:52:20,973 [pool-117-thread-1] INFO  server.RaftServerConfigKeys (ConfUtils.java:logGet(43)) - raft.server.rpc.timeout.min = 5s (custom)
2019-09-25 04:52:20,973 [pool-117-thread-1] INFO  server.RaftServerConfigKeys (ConfUtils.java:logGet(43)) - raft.server.rpc.timeout.max = 5200ms (custom)
2019-09-25 04:52:20,973 [pool-117-thread-1] INFO  server.RaftServerConfigKeys (ConfUtils.java:logGet(43)) - raft.server.rpcslowness.timeout = 120s (custom)
2019-09-25 04:52:20,973 [pool-117-thread-1] INFO  server.RaftServerConfigKeys (ConfUtils.java:logGet(43)) - raft.server.sleep.deviation.threshold = 300 (default)
2019-09-25 04:52:20,973 [pool-117-thread-1] INFO  server.RaftServerConfigKeys (ConfUtils.java:logGet(43)) - raft.server.log.appender.install.snapshot.enabled = false (custom)
2019-09-25 04:52:20,973 [pool-117-thread-1] INFO  impl.RaftServerImpl (ServerState.java:<init>(103)) - 4370308c-ceb4-49a9-9879-5927b69a5f85@group-AAE70ECD8EA9: ConfigurationManager, init=-1: [4370308c-ceb4-49a9-9879-5927b69a5f85:192.168.164.207:34481], old=null, confs=<EMPTY_MAP>
2019-09-25 04:52:20,973 [pool-117-thread-1] INFO  server.RaftServerConfigKeys (ConfUtils.java:logGet(43)) - raft.server.storage.dir = [/workdir/hadoop-ozone/integration-test/target/test-dir/MiniOzoneClusterImpl-d3c81739-79da-4dbe-9ced-b164d958c5b5/datanode-0/data/ratis] (custom)
2019-09-25 04:52:20,974 [pool-117-thread-1] INFO  storage.RaftStorageDirectory (RaftStorageDirectory.java:analyzeStorage(246)) - The storage directory /workdir/hadoop-ozone/integration-test/target/test-dir/MiniOzoneClusterImpl-d3c81739-79da-4dbe-9ced-b164d958c5b5/datanode-0/data/ratis/c4e51d45-24a7-43ba-88f9-aae70ecd8ea9 does not exist. Creating ...
2019-09-25 04:52:20,987 [pool-117-thread-1] INFO  storage.RaftStorageDirectory (RaftStorageDirectory.java:tryLock(328)) - Lock on /workdir/hadoop-ozone/integration-test/target/test-dir/MiniOzoneClusterImpl-d3c81739-79da-4dbe-9ced-b164d958c5b5/datanode-0/data/ratis/c4e51d45-24a7-43ba-88f9-aae70ecd8ea9/in_use.lock acquired by nodename 13544@pr-hdds-1569-s44lr-3492059363
2019-09-25 04:52:21,002 [pool-117-thread-1] INFO  storage.RaftStorage (RaftStorage.java:format(72)) - Storage directory /workdir/hadoop-ozone/integration-test/target/test-dir/MiniOzoneClusterImpl-d3c81739-79da-4dbe-9ced-b164d958c5b5/datanode-0/data/ratis/c4e51d45-24a7-43ba-88f9-aae70ecd8ea9 has been successfully formatted.
2019-09-25 04:52:21,003 [pool-117-thread-1] INFO  ratis.ContainerStateMachine (ContainerStateMachine.java:loadSnapshot(230)) - group-AAE70ECD8EA9: The snapshot info is null. Setting the last applied indexto:(t:0, i:~)
2019-09-25 04:52:21,003 [pool-117-thread-1] INFO  server.RaftServerConfigKeys (ConfUtils.java:logGet(43)) - raft.server.notification.no-leader.timeout = 120s (custom)
2019-09-25 04:52:21,003 [pool-117-thread-1] INFO  server.RaftServerConfigKeys (ConfUtils.java:logGet(43)) - raft.server.log.use.memory = false (default)
2019-09-25 04:52:21,003 [pool-117-thread-1] INFO  server.RaftServerConfigKeys (ConfUtils.java:logGet(43)) - raft.server.log.purge.gap = 1000000 (custom)
2019-09-25 04:52:21,003 [pool-117-thread-1] INFO  server.RaftServerConfigKeys (ConfUtils.java:logGet(43)) - raft.server.log.appender.buffer.byte-limit = 33554432 (custom)
2019-09-25 04:52:21,003 [pool-117-thread-1] INFO  server.RaftServerConfigKeys (ConfUtils.java:logGet(43)) - raft.server.log.segment.size.max = 1048576 (custom)
2019-09-25 04:52:21,004 [pool-117-thread-1] INFO  server.RaftServerConfigKeys (ConfUtils.java:logGet(43)) - raft.server.log.segment.cache.num.max = 2 (custom)
2019-09-25 04:52:21,004 [pool-117-thread-1] INFO  segmented.SegmentedRaftLogWorker (SegmentedRaftLogWorker.java:<init>(172)) - new 4370308c-ceb4-49a9-9879-5927b69a5f85@group-AAE70ECD8EA9-SegmentedRaftLogWorker for RaftStorage:Storage Directory /workdir/hadoop-ozone/integration-test/target/test-dir/MiniOzoneClusterImpl-d3c81739-79da-4dbe-9ced-b164d958c5b5/datanode-0/data/ratis/c4e51d45-24a7-43ba-88f9-aae70ecd8ea9
2019-09-25 04:52:21,004 [pool-117-thread-1] INFO  server.RaftServerConfigKeys (ConfUtils.java:logGet(43)) - raft.server.log.queue.byte-limit = 2147483647 (custom)
2019-09-25 04:52:21,004 [pool-117-thread-1] INFO  server.RaftServerConfigKeys (ConfUtils.java:logGet(43)) - raft.server.log.queue.element-limit = 1024 (custom)
2019-09-25 04:52:21,004 [pool-117-thread-1] INFO  server.RaftServerConfigKeys (ConfUtils.java:logGet(43)) - raft.server.log.segment.size.max = 1048576 (custom)
2019-09-25 04:52:21,004 [pool-117-thread-1] INFO  server.RaftServerConfigKeys (ConfUtils.java:logGet(43)) - raft.server.log.preallocated.size = 16384 (custom)
2019-09-25 04:52:21,004 [pool-117-thread-1] INFO  server.RaftServerConfigKeys (ConfUtils.java:logGet(43)) - raft.server.log.write.buffer.size = 33554432 (custom)
2019-09-25 04:52:21,004 [pool-117-thread-1] INFO  server.RaftServerConfigKeys (ConfUtils.java:logGet(43)) - raft.server.log.force.sync.num = 128 (default)
2019-09-25 04:52:21,004 [pool-117-thread-1] INFO  server.RaftServerConfigKeys (ConfUtils.java:logGet(43)) - raft.server.log.statemachine.data.sync = true (default)
2019-09-25 04:52:21,005 [pool-117-thread-1] INFO  server.RaftServerConfigKeys (ConfUtils.java:logGet(43)) - raft.server.log.statemachine.data.sync.timeout = 10s (default)
2019-09-25 04:52:21,005 [pool-117-thread-1] INFO  server.RaftServerConfigKeys (ConfUtils.java:logGet(43)) - raft.server.log.statemachine.data.sync.timeout.retry = -1 (default)
2019-09-25 04:52:21,005 [pool-117-thread-1] INFO  server.RaftServerConfigKeys (ConfUtils.java:logGet(43)) - raft.server.log.statemachine.data.caching.enabled = true (custom)
2019-09-25 04:52:21,005 [pool-117-thread-1] INFO  segmented.SegmentedRaftLogWorker (SegmentedRaftLogWorker.java:lambda$new$0(132)) - 4370308c-ceb4-49a9-9879-5927b69a5f85@group-AAE70ECD8EA9-SegmentedRaftLogWorker: flushIndex: setUnconditionally 0 -> -1
2019-09-25 04:52:21,005 [pool-117-thread-1] INFO  server.RaftServerConfigKeys (ConfUtils.java:logGet(43)) - raft.server.snapshot.auto.trigger.enabled = true (custom)
2019-09-25 04:52:21,005 [pool-117-thread-1] INFO  server.RaftServerConfigKeys (ConfUtils.java:logGet(43)) - raft.server.snapshot.auto.trigger.threshold = 10000 (custom)
2019-09-25 04:52:21,006 [pool-117-thread-1] INFO  server.RaftServerConfigKeys (ConfUtils.java:logGet(43)) - raft.server.snapshot.retention.num.files = 5 (custom)
2019-09-25 04:52:21,006 [pool-117-thread-1] INFO  server.RaftServerConfigKeys (ConfUtils.java:logGet(43)) - raft.server.retrycache.expirytime = 600000ms (custom)
2019-09-25 04:52:21,007 [pool-117-thread-1] INFO  impl.RaftServerImpl (RaftServerImpl.java:start(185)) - 4370308c-ceb4-49a9-9879-5927b69a5f85@group-AAE70ECD8EA9: start as a follower, conf=-1: [4370308c-ceb4-49a9-9879-5927b69a5f85:192.168.164.207:34481], old=null
2019-09-25 04:52:21,008 [pool-117-thread-1] INFO  impl.RaftServerImpl (RaftServerImpl.java:setRole(174)) - 4370308c-ceb4-49a9-9879-5927b69a5f85@group-AAE70ECD8EA9: changes role from      null to FOLLOWER at term 0 for startAsFollower
2019-09-25 04:52:21,008 [pool-117-thread-1] INFO  impl.RoleInfo (RoleInfo.java:updateAndGet(143)) - 4370308c-ceb4-49a9-9879-5927b69a5f85: start FollowerState
2019-09-25 04:52:21,008 [pool-117-thread-1] INFO  util.JmxRegister (JmxRegister.java:tryRegister(44)) - Successfully registered JMX Bean with object name Ratis:service=RaftServer,group=group-AAE70ECD8EA9,id=4370308c-ceb4-49a9-9879-5927b69a5f85
2019-09-25 04:52:21,011 [RatisPipelineUtilsThread] INFO  pipeline.PipelineStateManager (PipelineStateManager.java:addPipeline(56)) - Created pipeline Pipeline[ Id: c4e51d45-24a7-43ba-88f9-aae70ecd8ea9, Nodes: 4370308c-ceb4-49a9-9879-5927b69a5f85{ip: 192.168.164.207, host: pr-hdds-1569-s44lr-3492059363, networkLocation: /default-rack, certSerialId: null}, Type:RATIS, Factor:ONE, State:OPEN]
2019-09-25 04:52:21,018 [grpc-default-executor-0] INFO  impl.RaftServerProxy (RaftServerProxy.java:addNew(89)) - 94bde7ca-9af4-4c06-8221-a867c8f279fc: addNew group-41A83F50CFA8:[94bde7ca-9af4-4c06-8221-a867c8f279fc:192.168.164.207:37773] returns group-41A83F50CFA8:java.util.concurrent.CompletableFuture@7669d1fd[Not completed]
2019-09-25 04:52:21,024 [pool-157-thread-1] INFO  impl.RaftServerImpl (RaftServerImpl.java:<init>(95)) - 94bde7ca-9af4-4c06-8221-a867c8f279fc: new RaftServerImpl for group-41A83F50CFA8:[94bde7ca-9af4-4c06-8221-a867c8f279fc:192.168.164.207:37773] with ContainerStateMachine:uninitialized
2019-09-25 04:52:21,024 [pool-157-thread-1] INFO  server.RaftServerConfigKeys (ConfUtils.java:logGet(43)) - raft.server.rpc.timeout.min = 5s (custom)
2019-09-25 04:52:21,024 [pool-157-thread-1] INFO  server.RaftServerConfigKeys (ConfUtils.java:logGet(43)) - raft.server.rpc.timeout.max = 5200ms (custom)
2019-09-25 04:52:21,025 [pool-157-thread-1] INFO  server.RaftServerConfigKeys (ConfUtils.java:logGet(43)) - raft.server.rpcslowness.timeout = 120s (custom)
2019-09-25 04:52:21,025 [pool-157-thread-1] INFO  server.RaftServerConfigKeys (ConfUtils.java:logGet(43)) - raft.server.sleep.deviation.threshold = 300 (default)
2019-09-25 04:52:21,025 [pool-157-thread-1] INFO  server.RaftServerConfigKeys (ConfUtils.java:logGet(43)) - raft.server.log.appender.install.snapshot.enabled = false (custom)
2019-09-25 04:52:21,025 [pool-157-thread-1] INFO  impl.RaftServerImpl (ServerState.java:<init>(103)) - 94bde7ca-9af4-4c06-8221-a867c8f279fc@group-41A83F50CFA8: ConfigurationManager, init=-1: [94bde7ca-9af4-4c06-8221-a867c8f279fc:192.168.164.207:37773], old=null, confs=<EMPTY_MAP>
2019-09-25 04:52:21,025 [pool-157-thread-1] INFO  server.RaftServerConfigKeys (ConfUtils.java:logGet(43)) - raft.server.storage.dir = [/workdir/hadoop-ozone/integration-test/target/test-dir/MiniOzoneClusterImpl-d3c81739-79da-4dbe-9ced-b164d958c5b5/datanode-4/data/ratis] (custom)
2019-09-25 04:52:21,025 [pool-157-thread-1] INFO  storage.RaftStorageDirectory (RaftStorageDirectory.java:analyzeStorage(246)) - The storage directory /workdir/hadoop-ozone/integration-test/target/test-dir/MiniOzoneClusterImpl-d3c81739-79da-4dbe-9ced-b164d958c5b5/datanode-4/data/ratis/0ab2d357-0ec3-4bcd-be16-41a83f50cfa8 does not exist. Creating ...
2019-09-25 04:52:21,038 [pool-157-thread-1] INFO  storage.RaftStorageDirectory (RaftStorageDirectory.java:tryLock(328)) - Lock on /workdir/hadoop-ozone/integration-test/target/test-dir/MiniOzoneClusterImpl-d3c81739-79da-4dbe-9ced-b164d958c5b5/datanode-4/data/ratis/0ab2d357-0ec3-4bcd-be16-41a83f50cfa8/in_use.lock acquired by nodename 13544@pr-hdds-1569-s44lr-3492059363
2019-09-25 04:52:21,050 [pool-157-thread-1] INFO  storage.RaftStorage (RaftStorage.java:format(72)) - Storage directory /workdir/hadoop-ozone/integration-test/target/test-dir/MiniOzoneClusterImpl-d3c81739-79da-4dbe-9ced-b164d958c5b5/datanode-4/data/ratis/0ab2d357-0ec3-4bcd-be16-41a83f50cfa8 has been successfully formatted.
2019-09-25 04:52:21,051 [pool-157-thread-1] INFO  ratis.ContainerStateMachine (ContainerStateMachine.java:loadSnapshot(230)) - group-41A83F50CFA8: The snapshot info is null. Setting the last applied indexto:(t:0, i:~)
2019-09-25 04:52:21,051 [pool-157-thread-1] INFO  server.RaftServerConfigKeys (ConfUtils.java:logGet(43)) - raft.server.notification.no-leader.timeout = 120s (custom)
2019-09-25 04:52:21,051 [pool-157-thread-1] INFO  server.RaftServerConfigKeys (ConfUtils.java:logGet(43)) - raft.server.log.use.memory = false (default)
2019-09-25 04:52:21,051 [pool-157-thread-1] INFO  server.RaftServerConfigKeys (ConfUtils.java:logGet(43)) - raft.server.log.purge.gap = 1000000 (custom)
2019-09-25 04:52:21,051 [pool-157-thread-1] INFO  server.RaftServerConfigKeys (ConfUtils.java:logGet(43)) - raft.server.log.appender.buffer.byte-limit = 33554432 (custom)
2019-09-25 04:52:21,051 [pool-157-thread-1] INFO  server.RaftServerConfigKeys (ConfUtils.java:logGet(43)) - raft.server.log.segment.size.max = 1048576 (custom)
2019-09-25 04:52:21,051 [pool-157-thread-1] INFO  server.RaftServerConfigKeys (ConfUtils.java:logGet(43)) - raft.server.log.segment.cache.num.max = 2 (custom)
2019-09-25 04:52:21,052 [pool-157-thread-1] INFO  segmented.SegmentedRaftLogWorker (SegmentedRaftLogWorker.java:<init>(172)) - new 94bde7ca-9af4-4c06-8221-a867c8f279fc@group-41A83F50CFA8-SegmentedRaftLogWorker for RaftStorage:Storage Directory /workdir/hadoop-ozone/integration-test/target/test-dir/MiniOzoneClusterImpl-d3c81739-79da-4dbe-9ced-b164d958c5b5/datanode-4/data/ratis/0ab2d357-0ec3-4bcd-be16-41a83f50cfa8
2019-09-25 04:52:21,053 [pool-157-thread-1] INFO  server.RaftServerConfigKeys (ConfUtils.java:logGet(43)) - raft.server.log.queue.byte-limit = 2147483647 (custom)
2019-09-25 04:52:21,053 [pool-157-thread-1] INFO  server.RaftServerConfigKeys (ConfUtils.java:logGet(43)) - raft.server.log.queue.element-limit = 1024 (custom)
2019-09-25 04:52:21,054 [pool-157-thread-1] INFO  server.RaftServerConfigKeys (ConfUtils.java:logGet(43)) - raft.server.log.segment.size.max = 1048576 (custom)
2019-09-25 04:52:21,054 [pool-157-thread-1] INFO  server.RaftServerConfigKeys (ConfUtils.java:logGet(43)) - raft.server.log.preallocated.size = 16384 (custom)
2019-09-25 04:52:21,054 [pool-157-thread-1] INFO  server.RaftServerConfigKeys (ConfUtils.java:logGet(43)) - raft.server.log.write.buffer.size = 33554432 (custom)
2019-09-25 04:52:21,054 [pool-157-thread-1] INFO  server.RaftServerConfigKeys (ConfUtils.java:logGet(43)) - raft.server.log.force.sync.num = 128 (default)
2019-09-25 04:52:21,054 [pool-157-thread-1] INFO  server.RaftServerConfigKeys (ConfUtils.java:logGet(43)) - raft.server.log.statemachine.data.sync = true (default)
2019-09-25 04:52:21,054 [pool-157-thread-1] INFO  server.RaftServerConfigKeys (ConfUtils.java:logGet(43)) - raft.server.log.statemachine.data.sync.timeout = 10s (default)
2019-09-25 04:52:21,054 [pool-157-thread-1] INFO  server.RaftServerConfigKeys (ConfUtils.java:logGet(43)) - raft.server.log.statemachine.data.sync.timeout.retry = -1 (default)
2019-09-25 04:52:21,054 [pool-157-thread-1] INFO  server.RaftServerConfigKeys (ConfUtils.java:logGet(43)) - raft.server.log.statemachine.data.caching.enabled = true (custom)
2019-09-25 04:52:21,055 [pool-157-thread-1] INFO  segmented.SegmentedRaftLogWorker (SegmentedRaftLogWorker.java:lambda$new$0(132)) - 94bde7ca-9af4-4c06-8221-a867c8f279fc@group-41A83F50CFA8-SegmentedRaftLogWorker: flushIndex: setUnconditionally 0 -> -1
2019-09-25 04:52:21,055 [pool-157-thread-1] INFO  server.RaftServerConfigKeys (ConfUtils.java:logGet(43)) - raft.server.snapshot.auto.trigger.enabled = true (custom)
2019-09-25 04:52:21,055 [pool-157-thread-1] INFO  server.RaftServerConfigKeys (ConfUtils.java:logGet(43)) - raft.server.snapshot.auto.trigger.threshold = 10000 (custom)
2019-09-25 04:52:21,055 [pool-157-thread-1] INFO  server.RaftServerConfigKeys (ConfUtils.java:logGet(43)) - raft.server.snapshot.retention.num.files = 5 (custom)
2019-09-25 04:52:21,055 [pool-157-thread-1] INFO  server.RaftServerConfigKeys (ConfUtils.java:logGet(43)) - raft.server.retrycache.expirytime = 600000ms (custom)
2019-09-25 04:52:21,057 [pool-157-thread-1] INFO  impl.RaftServerImpl (RaftServerImpl.java:start(185)) - 94bde7ca-9af4-4c06-8221-a867c8f279fc@group-41A83F50CFA8: start as a follower, conf=-1: [94bde7ca-9af4-4c06-8221-a867c8f279fc:192.168.164.207:37773], old=null
2019-09-25 04:52:21,057 [pool-157-thread-1] INFO  impl.RaftServerImpl (RaftServerImpl.java:setRole(174)) - 94bde7ca-9af4-4c06-8221-a867c8f279fc@group-41A83F50CFA8: changes role from      null to FOLLOWER at term 0 for startAsFollower
2019-09-25 04:52:21,057 [pool-157-thread-1] INFO  impl.RoleInfo (RoleInfo.java:updateAndGet(143)) - 94bde7ca-9af4-4c06-8221-a867c8f279fc: start FollowerState
2019-09-25 04:52:21,057 [pool-157-thread-1] INFO  util.JmxRegister (JmxRegister.java:tryRegister(44)) - Successfully registered JMX Bean with object name Ratis:service=RaftServer,group=group-41A83F50CFA8,id=94bde7ca-9af4-4c06-8221-a867c8f279fc
2019-09-25 04:52:21,060 [RatisPipelineUtilsThread] INFO  pipeline.PipelineStateManager (PipelineStateManager.java:addPipeline(56)) - Created pipeline Pipeline[ Id: 0ab2d357-0ec3-4bcd-be16-41a83f50cfa8, Nodes: 94bde7ca-9af4-4c06-8221-a867c8f279fc{ip: 192.168.164.207, host: pr-hdds-1569-s44lr-3492059363, networkLocation: /default-rack, certSerialId: null}, Type:RATIS, Factor:ONE, State:OPEN]
2019-09-25 04:52:21,066 [grpc-default-executor-0] INFO  impl.RaftServerProxy (RaftServerProxy.java:addNew(89)) - 4370308c-ceb4-49a9-9879-5927b69a5f85: addNew group-F1847BE0AB07:[4370308c-ceb4-49a9-9879-5927b69a5f85:192.168.164.207:34481] returns group-F1847BE0AB07:java.util.concurrent.CompletableFuture@14cdecf3[Not completed]
2019-09-25 04:52:21,067 [pool-117-thread-1] INFO  impl.RaftServerImpl (RaftServerImpl.java:<init>(95)) - 4370308c-ceb4-49a9-9879-5927b69a5f85: new RaftServerImpl for group-F1847BE0AB07:[4370308c-ceb4-49a9-9879-5927b69a5f85:192.168.164.207:34481] with ContainerStateMachine:uninitialized
2019-09-25 04:52:21,067 [pool-117-thread-1] INFO  server.RaftServerConfigKeys (ConfUtils.java:logGet(43)) - raft.server.rpc.timeout.min = 5s (custom)
2019-09-25 04:52:21,067 [pool-117-thread-1] INFO  server.RaftServerConfigKeys (ConfUtils.java:logGet(43)) - raft.server.rpc.timeout.max = 5200ms (custom)
2019-09-25 04:52:21,067 [pool-117-thread-1] INFO  server.RaftServerConfigKeys (ConfUtils.java:logGet(43)) - raft.server.rpcslowness.timeout = 120s (custom)
2019-09-25 04:52:21,067 [pool-117-thread-1] INFO  server.RaftServerConfigKeys (ConfUtils.java:logGet(43)) - raft.server.sleep.deviation.threshold = 300 (default)
2019-09-25 04:52:21,067 [pool-117-thread-1] INFO  server.RaftServerConfigKeys (ConfUtils.java:logGet(43)) - raft.server.log.appender.install.snapshot.enabled = false (custom)
2019-09-25 04:52:21,067 [pool-117-thread-1] INFO  impl.RaftServerImpl (ServerState.java:<init>(103)) - 4370308c-ceb4-49a9-9879-5927b69a5f85@group-F1847BE0AB07: ConfigurationManager, init=-1: [4370308c-ceb4-49a9-9879-5927b69a5f85:192.168.164.207:34481], old=null, confs=<EMPTY_MAP>
2019-09-25 04:52:21,067 [pool-117-thread-1] INFO  server.RaftServerConfigKeys (ConfUtils.java:logGet(43)) - raft.server.storage.dir = [/workdir/hadoop-ozone/integration-test/target/test-dir/MiniOzoneClusterImpl-d3c81739-79da-4dbe-9ced-b164d958c5b5/datanode-0/data/ratis] (custom)
2019-09-25 04:52:21,068 [pool-117-thread-1] INFO  storage.RaftStorageDirectory (RaftStorageDirectory.java:analyzeStorage(246)) - The storage directory /workdir/hadoop-ozone/integration-test/target/test-dir/MiniOzoneClusterImpl-d3c81739-79da-4dbe-9ced-b164d958c5b5/datanode-0/data/ratis/0ffdc89b-9abc-4946-adff-f1847be0ab07 does not exist. Creating ...
2019-09-25 04:52:21,081 [pool-117-thread-1] INFO  storage.RaftStorageDirectory (RaftStorageDirectory.java:tryLock(328)) - Lock on /workdir/hadoop-ozone/integration-test/target/test-dir/MiniOzoneClusterImpl-d3c81739-79da-4dbe-9ced-b164d958c5b5/datanode-0/data/ratis/0ffdc89b-9abc-4946-adff-f1847be0ab07/in_use.lock acquired by nodename 13544@pr-hdds-1569-s44lr-3492059363
2019-09-25 04:52:21,094 [pool-117-thread-1] INFO  storage.RaftStorage (RaftStorage.java:format(72)) - Storage directory /workdir/hadoop-ozone/integration-test/target/test-dir/MiniOzoneClusterImpl-d3c81739-79da-4dbe-9ced-b164d958c5b5/datanode-0/data/ratis/0ffdc89b-9abc-4946-adff-f1847be0ab07 has been successfully formatted.
2019-09-25 04:52:21,094 [pool-117-thread-1] INFO  ratis.ContainerStateMachine (ContainerStateMachine.java:loadSnapshot(230)) - group-F1847BE0AB07: The snapshot info is null. Setting the last applied indexto:(t:0, i:~)
2019-09-25 04:52:21,094 [pool-117-thread-1] INFO  server.RaftServerConfigKeys (ConfUtils.java:logGet(43)) - raft.server.notification.no-leader.timeout = 120s (custom)
2019-09-25 04:52:21,095 [pool-117-thread-1] INFO  server.RaftServerConfigKeys (ConfUtils.java:logGet(43)) - raft.server.log.use.memory = false (default)
2019-09-25 04:52:21,095 [pool-117-thread-1] INFO  server.RaftServerConfigKeys (ConfUtils.java:logGet(43)) - raft.server.log.purge.gap = 1000000 (custom)
2019-09-25 04:52:21,095 [pool-117-thread-1] INFO  server.RaftServerConfigKeys (ConfUtils.java:logGet(43)) - raft.server.log.appender.buffer.byte-limit = 33554432 (custom)
2019-09-25 04:52:21,095 [pool-117-thread-1] INFO  server.RaftServerConfigKeys (ConfUtils.java:logGet(43)) - raft.server.log.segment.size.max = 1048576 (custom)
2019-09-25 04:52:21,095 [pool-117-thread-1] INFO  server.RaftServerConfigKeys (ConfUtils.java:logGet(43)) - raft.server.log.segment.cache.num.max = 2 (custom)
2019-09-25 04:52:21,095 [pool-117-thread-1] INFO  segmented.SegmentedRaftLogWorker (SegmentedRaftLogWorker.java:<init>(172)) - new 4370308c-ceb4-49a9-9879-5927b69a5f85@group-F1847BE0AB07-SegmentedRaftLogWorker for RaftStorage:Storage Directory /workdir/hadoop-ozone/integration-test/target/test-dir/MiniOzoneClusterImpl-d3c81739-79da-4dbe-9ced-b164d958c5b5/datanode-0/data/ratis/0ffdc89b-9abc-4946-adff-f1847be0ab07
2019-09-25 04:52:21,095 [pool-117-thread-1] INFO  server.RaftServerConfigKeys (ConfUtils.java:logGet(43)) - raft.server.log.queue.byte-limit = 2147483647 (custom)
2019-09-25 04:52:21,095 [pool-117-thread-1] INFO  server.RaftServerConfigKeys (ConfUtils.java:logGet(43)) - raft.server.log.queue.element-limit = 1024 (custom)
2019-09-25 04:52:21,095 [pool-117-thread-1] INFO  server.RaftServerConfigKeys (ConfUtils.java:logGet(43)) - raft.server.log.segment.size.max = 1048576 (custom)
2019-09-25 04:52:21,096 [pool-117-thread-1] INFO  server.RaftServerConfigKeys (ConfUtils.java:logGet(43)) - raft.server.log.preallocated.size = 16384 (custom)
2019-09-25 04:52:21,096 [pool-117-thread-1] INFO  server.RaftServerConfigKeys (ConfUtils.java:logGet(43)) - raft.server.log.write.buffer.size = 33554432 (custom)
2019-09-25 04:52:21,096 [pool-117-thread-1] INFO  server.RaftServerConfigKeys (ConfUtils.java:logGet(43)) - raft.server.log.force.sync.num = 128 (default)
2019-09-25 04:52:21,096 [pool-117-thread-1] INFO  server.RaftServerConfigKeys (ConfUtils.java:logGet(43)) - raft.server.log.statemachine.data.sync = true (default)
2019-09-25 04:52:21,096 [pool-117-thread-1] INFO  server.RaftServerConfigKeys (ConfUtils.java:logGet(43)) - raft.server.log.statemachine.data.sync.timeout = 10s (default)
2019-09-25 04:52:21,096 [pool-117-thread-1] INFO  server.RaftServerConfigKeys (ConfUtils.java:logGet(43)) - raft.server.log.statemachine.data.sync.timeout.retry = -1 (default)
2019-09-25 04:52:21,096 [pool-117-thread-1] INFO  server.RaftServerConfigKeys (ConfUtils.java:logGet(43)) - raft.server.log.statemachine.data.caching.enabled = true (custom)
2019-09-25 04:52:21,096 [pool-117-thread-1] INFO  segmented.SegmentedRaftLogWorker (SegmentedRaftLogWorker.java:lambda$new$0(132)) - 4370308c-ceb4-49a9-9879-5927b69a5f85@group-F1847BE0AB07-SegmentedRaftLogWorker: flushIndex: setUnconditionally 0 -> -1
2019-09-25 04:52:21,097 [pool-117-thread-1] INFO  server.RaftServerConfigKeys (ConfUtils.java:logGet(43)) - raft.server.snapshot.auto.trigger.enabled = true (custom)
2019-09-25 04:52:21,097 [pool-117-thread-1] INFO  server.RaftServerConfigKeys (ConfUtils.java:logGet(43)) - raft.server.snapshot.auto.trigger.threshold = 10000 (custom)
2019-09-25 04:52:21,097 [pool-117-thread-1] INFO  server.RaftServerConfigKeys (ConfUtils.java:logGet(43)) - raft.server.snapshot.retention.num.files = 5 (custom)
2019-09-25 04:52:21,097 [pool-117-thread-1] INFO  server.RaftServerConfigKeys (ConfUtils.java:logGet(43)) - raft.server.retrycache.expirytime = 600000ms (custom)
2019-09-25 04:52:21,099 [pool-117-thread-1] INFO  impl.RaftServerImpl (RaftServerImpl.java:start(185)) - 4370308c-ceb4-49a9-9879-5927b69a5f85@group-F1847BE0AB07: start as a follower, conf=-1: [4370308c-ceb4-49a9-9879-5927b69a5f85:192.168.164.207:34481], old=null
2019-09-25 04:52:21,099 [pool-117-thread-1] INFO  impl.RaftServerImpl (RaftServerImpl.java:setRole(174)) - 4370308c-ceb4-49a9-9879-5927b69a5f85@group-F1847BE0AB07: changes role from      null to FOLLOWER at term 0 for startAsFollower
2019-09-25 04:52:21,099 [pool-117-thread-1] INFO  impl.RoleInfo (RoleInfo.java:updateAndGet(143)) - 4370308c-ceb4-49a9-9879-5927b69a5f85: start FollowerState
2019-09-25 04:52:21,099 [pool-117-thread-1] INFO  util.JmxRegister (JmxRegister.java:tryRegister(44)) - Successfully registered JMX Bean with object name Ratis:service=RaftServer,group=group-F1847BE0AB07,id=4370308c-ceb4-49a9-9879-5927b69a5f85
2019-09-25 04:52:21,102 [RatisPipelineUtilsThread] INFO  pipeline.PipelineStateManager (PipelineStateManager.java:addPipeline(56)) - Created pipeline Pipeline[ Id: 0ffdc89b-9abc-4946-adff-f1847be0ab07, Nodes: 4370308c-ceb4-49a9-9879-5927b69a5f85{ip: 192.168.164.207, host: pr-hdds-1569-s44lr-3492059363, networkLocation: /default-rack, certSerialId: null}, Type:RATIS, Factor:ONE, State:OPEN]
2019-09-25 04:52:21,102 [RatisPipelineUtilsThread] INFO  pipeline.PipelinePlacementPolicy (PipelinePlacementPolicy.java:meetCriteria(91)) - Pipeline Placement: can't place more pipeline on heavy datanode： 4370308c-ceb4-49a9-9879-5927b69a5f85 Heaviness: 6 limit: 5
2019-09-25 04:52:21,107 [grpc-default-executor-0] INFO  impl.RaftServerProxy (RaftServerProxy.java:addNew(89)) - bb4fa670-e092-4403-b4a0-776b8e3a297a: addNew group-34D8397095E7:[bb4fa670-e092-4403-b4a0-776b8e3a297a:192.168.164.207:42708] returns group-34D8397095E7:java.util.concurrent.CompletableFuture@6f6f9793[Not completed]
2019-09-25 04:52:21,108 [pool-137-thread-1] INFO  impl.RaftServerImpl (RaftServerImpl.java:<init>(95)) - bb4fa670-e092-4403-b4a0-776b8e3a297a: new RaftServerImpl for group-34D8397095E7:[bb4fa670-e092-4403-b4a0-776b8e3a297a:192.168.164.207:42708] with ContainerStateMachine:uninitialized
2019-09-25 04:52:21,108 [pool-137-thread-1] INFO  server.RaftServerConfigKeys (ConfUtils.java:logGet(43)) - raft.server.rpc.timeout.min = 5s (custom)
2019-09-25 04:52:21,108 [pool-137-thread-1] INFO  server.RaftServerConfigKeys (ConfUtils.java:logGet(43)) - raft.server.rpc.timeout.max = 5200ms (custom)
2019-09-25 04:52:21,108 [pool-137-thread-1] INFO  server.RaftServerConfigKeys (ConfUtils.java:logGet(43)) - raft.server.rpcslowness.timeout = 120s (custom)
2019-09-25 04:52:21,108 [pool-137-thread-1] INFO  server.RaftServerConfigKeys (ConfUtils.java:logGet(43)) - raft.server.sleep.deviation.threshold = 300 (default)
2019-09-25 04:52:21,108 [pool-137-thread-1] INFO  server.RaftServerConfigKeys (ConfUtils.java:logGet(43)) - raft.server.log.appender.install.snapshot.enabled = false (custom)
2019-09-25 04:52:21,108 [pool-137-thread-1] INFO  impl.RaftServerImpl (ServerState.java:<init>(103)) - bb4fa670-e092-4403-b4a0-776b8e3a297a@group-34D8397095E7: ConfigurationManager, init=-1: [bb4fa670-e092-4403-b4a0-776b8e3a297a:192.168.164.207:42708], old=null, confs=<EMPTY_MAP>
2019-09-25 04:52:21,109 [pool-137-thread-1] INFO  server.RaftServerConfigKeys (ConfUtils.java:logGet(43)) - raft.server.storage.dir = [/workdir/hadoop-ozone/integration-test/target/test-dir/MiniOzoneClusterImpl-d3c81739-79da-4dbe-9ced-b164d958c5b5/datanode-2/data/ratis] (custom)
2019-09-25 04:52:21,109 [pool-137-thread-1] INFO  storage.RaftStorageDirectory (RaftStorageDirectory.java:analyzeStorage(246)) - The storage directory /workdir/hadoop-ozone/integration-test/target/test-dir/MiniOzoneClusterImpl-d3c81739-79da-4dbe-9ced-b164d958c5b5/datanode-2/data/ratis/01237cd3-d8a0-4055-a6f9-34d8397095e7 does not exist. Creating ...
2019-09-25 04:52:21,121 [pool-137-thread-1] INFO  storage.RaftStorageDirectory (RaftStorageDirectory.java:tryLock(328)) - Lock on /workdir/hadoop-ozone/integration-test/target/test-dir/MiniOzoneClusterImpl-d3c81739-79da-4dbe-9ced-b164d958c5b5/datanode-2/data/ratis/01237cd3-d8a0-4055-a6f9-34d8397095e7/in_use.lock acquired by nodename 13544@pr-hdds-1569-s44lr-3492059363
2019-09-25 04:52:21,134 [pool-137-thread-1] INFO  storage.RaftStorage (RaftStorage.java:format(72)) - Storage directory /workdir/hadoop-ozone/integration-test/target/test-dir/MiniOzoneClusterImpl-d3c81739-79da-4dbe-9ced-b164d958c5b5/datanode-2/data/ratis/01237cd3-d8a0-4055-a6f9-34d8397095e7 has been successfully formatted.
2019-09-25 04:52:21,134 [pool-137-thread-1] INFO  ratis.ContainerStateMachine (ContainerStateMachine.java:loadSnapshot(230)) - group-34D8397095E7: The snapshot info is null. Setting the last applied indexto:(t:0, i:~)
2019-09-25 04:52:21,134 [pool-137-thread-1] INFO  server.RaftServerConfigKeys (ConfUtils.java:logGet(43)) - raft.server.notification.no-leader.timeout = 120s (custom)
2019-09-25 04:52:21,134 [pool-137-thread-1] INFO  server.RaftServerConfigKeys (ConfUtils.java:logGet(43)) - raft.server.log.use.memory = false (default)
2019-09-25 04:52:21,134 [pool-137-thread-1] INFO  server.RaftServerConfigKeys (ConfUtils.java:logGet(43)) - raft.server.log.purge.gap = 1000000 (custom)
2019-09-25 04:52:21,134 [pool-137-thread-1] INFO  server.RaftServerConfigKeys (ConfUtils.java:logGet(43)) - raft.server.log.appender.buffer.byte-limit = 33554432 (custom)
2019-09-25 04:52:21,134 [pool-137-thread-1] INFO  server.RaftServerConfigKeys (ConfUtils.java:logGet(43)) - raft.server.log.segment.size.max = 1048576 (custom)
2019-09-25 04:52:21,135 [pool-137-thread-1] INFO  server.RaftServerConfigKeys (ConfUtils.java:logGet(43)) - raft.server.log.segment.cache.num.max = 2 (custom)
2019-09-25 04:52:21,135 [pool-137-thread-1] INFO  segmented.SegmentedRaftLogWorker (SegmentedRaftLogWorker.java:<init>(172)) - new bb4fa670-e092-4403-b4a0-776b8e3a297a@group-34D8397095E7-SegmentedRaftLogWorker for RaftStorage:Storage Directory /workdir/hadoop-ozone/integration-test/target/test-dir/MiniOzoneClusterImpl-d3c81739-79da-4dbe-9ced-b164d958c5b5/datanode-2/data/ratis/01237cd3-d8a0-4055-a6f9-34d8397095e7
2019-09-25 04:52:21,135 [pool-137-thread-1] INFO  server.RaftServerConfigKeys (ConfUtils.java:logGet(43)) - raft.server.log.queue.byte-limit = 2147483647 (custom)
2019-09-25 04:52:21,135 [pool-137-thread-1] INFO  server.RaftServerConfigKeys (ConfUtils.java:logGet(43)) - raft.server.log.queue.element-limit = 1024 (custom)
2019-09-25 04:52:21,135 [pool-137-thread-1] INFO  server.RaftServerConfigKeys (ConfUtils.java:logGet(43)) - raft.server.log.segment.size.max = 1048576 (custom)
2019-09-25 04:52:21,135 [pool-137-thread-1] INFO  server.RaftServerConfigKeys (ConfUtils.java:logGet(43)) - raft.server.log.preallocated.size = 16384 (custom)
2019-09-25 04:52:21,135 [pool-137-thread-1] INFO  server.RaftServerConfigKeys (ConfUtils.java:logGet(43)) - raft.server.log.write.buffer.size = 33554432 (custom)
2019-09-25 04:52:21,135 [pool-137-thread-1] INFO  server.RaftServerConfigKeys (ConfUtils.java:logGet(43)) - raft.server.log.force.sync.num = 128 (default)
2019-09-25 04:52:21,136 [pool-137-thread-1] INFO  server.RaftServerConfigKeys (ConfUtils.java:logGet(43)) - raft.server.log.statemachine.data.sync = true (default)
2019-09-25 04:52:21,136 [pool-137-thread-1] INFO  server.RaftServerConfigKeys (ConfUtils.java:logGet(43)) - raft.server.log.statemachine.data.sync.timeout = 10s (default)
2019-09-25 04:52:21,136 [pool-137-thread-1] INFO  server.RaftServerConfigKeys (ConfUtils.java:logGet(43)) - raft.server.log.statemachine.data.sync.timeout.retry = -1 (default)
2019-09-25 04:52:21,136 [pool-137-thread-1] INFO  server.RaftServerConfigKeys (ConfUtils.java:logGet(43)) - raft.server.log.statemachine.data.caching.enabled = true (custom)
2019-09-25 04:52:21,136 [pool-137-thread-1] INFO  segmented.SegmentedRaftLogWorker (SegmentedRaftLogWorker.java:lambda$new$0(132)) - bb4fa670-e092-4403-b4a0-776b8e3a297a@group-34D8397095E7-SegmentedRaftLogWorker: flushIndex: setUnconditionally 0 -> -1
2019-09-25 04:52:21,137 [pool-137-thread-1] INFO  server.RaftServerConfigKeys (ConfUtils.java:logGet(43)) - raft.server.snapshot.auto.trigger.enabled = true (custom)
2019-09-25 04:52:21,137 [pool-137-thread-1] INFO  server.RaftServerConfigKeys (ConfUtils.java:logGet(43)) - raft.server.snapshot.auto.trigger.threshold = 10000 (custom)
2019-09-25 04:52:21,137 [pool-137-thread-1] INFO  server.RaftServerConfigKeys (ConfUtils.java:logGet(43)) - raft.server.snapshot.retention.num.files = 5 (custom)
2019-09-25 04:52:21,137 [pool-137-thread-1] INFO  server.RaftServerConfigKeys (ConfUtils.java:logGet(43)) - raft.server.retrycache.expirytime = 600000ms (custom)
2019-09-25 04:52:21,139 [pool-137-thread-1] INFO  impl.RaftServerImpl (RaftServerImpl.java:start(185)) - bb4fa670-e092-4403-b4a0-776b8e3a297a@group-34D8397095E7: start as a follower, conf=-1: [bb4fa670-e092-4403-b4a0-776b8e3a297a:192.168.164.207:42708], old=null
2019-09-25 04:52:21,139 [pool-137-thread-1] INFO  impl.RaftServerImpl (RaftServerImpl.java:setRole(174)) - bb4fa670-e092-4403-b4a0-776b8e3a297a@group-34D8397095E7: changes role from      null to FOLLOWER at term 0 for startAsFollower
2019-09-25 04:52:21,139 [pool-137-thread-1] INFO  impl.RoleInfo (RoleInfo.java:updateAndGet(143)) - bb4fa670-e092-4403-b4a0-776b8e3a297a: start FollowerState
2019-09-25 04:52:21,139 [pool-137-thread-1] INFO  util.JmxRegister (JmxRegister.java:tryRegister(44)) - Successfully registered JMX Bean with object name Ratis:service=RaftServer,group=group-34D8397095E7,id=bb4fa670-e092-4403-b4a0-776b8e3a297a
2019-09-25 04:52:21,142 [RatisPipelineUtilsThread] INFO  pipeline.PipelineStateManager (PipelineStateManager.java:addPipeline(56)) - Created pipeline Pipeline[ Id: 01237cd3-d8a0-4055-a6f9-34d8397095e7, Nodes: bb4fa670-e092-4403-b4a0-776b8e3a297a{ip: 192.168.164.207, host: pr-hdds-1569-s44lr-3492059363, networkLocation: /default-rack, certSerialId: null}, Type:RATIS, Factor:ONE, State:OPEN]
2019-09-25 04:52:21,143 [RatisPipelineUtilsThread] INFO  pipeline.PipelinePlacementPolicy (PipelinePlacementPolicy.java:meetCriteria(91)) - Pipeline Placement: can't place more pipeline on heavy datanode： 4370308c-ceb4-49a9-9879-5927b69a5f85 Heaviness: 6 limit: 5
2019-09-25 04:52:21,149 [grpc-default-executor-0] INFO  impl.RaftServerProxy (RaftServerProxy.java:addNew(89)) - 94bde7ca-9af4-4c06-8221-a867c8f279fc: addNew group-C757014BABA6:[94bde7ca-9af4-4c06-8221-a867c8f279fc:192.168.164.207:37773] returns group-C757014BABA6:java.util.concurrent.CompletableFuture@5875e618[Not completed]
2019-09-25 04:52:21,151 [pool-157-thread-1] INFO  impl.RaftServerImpl (RaftServerImpl.java:<init>(95)) - 94bde7ca-9af4-4c06-8221-a867c8f279fc: new RaftServerImpl for group-C757014BABA6:[94bde7ca-9af4-4c06-8221-a867c8f279fc:192.168.164.207:37773] with ContainerStateMachine:uninitialized
2019-09-25 04:52:21,151 [pool-157-thread-1] INFO  server.RaftServerConfigKeys (ConfUtils.java:logGet(43)) - raft.server.rpc.timeout.min = 5s (custom)
2019-09-25 04:52:21,152 [pool-157-thread-1] INFO  server.RaftServerConfigKeys (ConfUtils.java:logGet(43)) - raft.server.rpc.timeout.max = 5200ms (custom)
2019-09-25 04:52:21,152 [pool-157-thread-1] INFO  server.RaftServerConfigKeys (ConfUtils.java:logGet(43)) - raft.server.rpcslowness.timeout = 120s (custom)
2019-09-25 04:52:21,152 [pool-157-thread-1] INFO  server.RaftServerConfigKeys (ConfUtils.java:logGet(43)) - raft.server.sleep.deviation.threshold = 300 (default)
2019-09-25 04:52:21,152 [pool-157-thread-1] INFO  server.RaftServerConfigKeys (ConfUtils.java:logGet(43)) - raft.server.log.appender.install.snapshot.enabled = false (custom)
2019-09-25 04:52:21,152 [pool-157-thread-1] INFO  impl.RaftServerImpl (ServerState.java:<init>(103)) - 94bde7ca-9af4-4c06-8221-a867c8f279fc@group-C757014BABA6: ConfigurationManager, init=-1: [94bde7ca-9af4-4c06-8221-a867c8f279fc:192.168.164.207:37773], old=null, confs=<EMPTY_MAP>
2019-09-25 04:52:21,152 [pool-157-thread-1] INFO  server.RaftServerConfigKeys (ConfUtils.java:logGet(43)) - raft.server.storage.dir = [/workdir/hadoop-ozone/integration-test/target/test-dir/MiniOzoneClusterImpl-d3c81739-79da-4dbe-9ced-b164d958c5b5/datanode-4/data/ratis] (custom)
2019-09-25 04:52:21,153 [pool-157-thread-1] INFO  storage.RaftStorageDirectory (RaftStorageDirectory.java:analyzeStorage(246)) - The storage directory /workdir/hadoop-ozone/integration-test/target/test-dir/MiniOzoneClusterImpl-d3c81739-79da-4dbe-9ced-b164d958c5b5/datanode-4/data/ratis/c733b6a1-c2e9-43fd-a2a9-c757014baba6 does not exist. Creating ...
2019-09-25 04:52:21,165 [pool-157-thread-1] INFO  storage.RaftStorageDirectory (RaftStorageDirectory.java:tryLock(328)) - Lock on /workdir/hadoop-ozone/integration-test/target/test-dir/MiniOzoneClusterImpl-d3c81739-79da-4dbe-9ced-b164d958c5b5/datanode-4/data/ratis/c733b6a1-c2e9-43fd-a2a9-c757014baba6/in_use.lock acquired by nodename 13544@pr-hdds-1569-s44lr-3492059363
2019-09-25 04:52:21,168 [pool-157-thread-1] INFO  storage.RaftStorage (RaftStorage.java:format(72)) - Storage directory /workdir/hadoop-ozone/integration-test/target/test-dir/MiniOzoneClusterImpl-d3c81739-79da-4dbe-9ced-b164d958c5b5/datanode-4/data/ratis/c733b6a1-c2e9-43fd-a2a9-c757014baba6 has been successfully formatted.
2019-09-25 04:52:21,168 [pool-157-thread-1] INFO  ratis.ContainerStateMachine (ContainerStateMachine.java:loadSnapshot(230)) - group-C757014BABA6: The snapshot info is null. Setting the last applied indexto:(t:0, i:~)
2019-09-25 04:52:21,168 [pool-157-thread-1] INFO  server.RaftServerConfigKeys (ConfUtils.java:logGet(43)) - raft.server.notification.no-leader.timeout = 120s (custom)
2019-09-25 04:52:21,168 [pool-157-thread-1] INFO  server.RaftServerConfigKeys (ConfUtils.java:logGet(43)) - raft.server.log.use.memory = false (default)
2019-09-25 04:52:21,168 [pool-157-thread-1] INFO  server.RaftServerConfigKeys (ConfUtils.java:logGet(43)) - raft.server.log.purge.gap = 1000000 (custom)
2019-09-25 04:52:21,168 [pool-157-thread-1] INFO  server.RaftServerConfigKeys (ConfUtils.java:logGet(43)) - raft.server.log.appender.buffer.byte-limit = 33554432 (custom)
2019-09-25 04:52:21,169 [pool-157-thread-1] INFO  server.RaftServerConfigKeys (ConfUtils.java:logGet(43)) - raft.server.log.segment.size.max = 1048576 (custom)
2019-09-25 04:52:21,169 [pool-157-thread-1] INFO  server.RaftServerConfigKeys (ConfUtils.java:logGet(43)) - raft.server.log.segment.cache.num.max = 2 (custom)
2019-09-25 04:52:21,169 [pool-157-thread-1] INFO  segmented.SegmentedRaftLogWorker (SegmentedRaftLogWorker.java:<init>(172)) - new 94bde7ca-9af4-4c06-8221-a867c8f279fc@group-C757014BABA6-SegmentedRaftLogWorker for RaftStorage:Storage Directory /workdir/hadoop-ozone/integration-test/target/test-dir/MiniOzoneClusterImpl-d3c81739-79da-4dbe-9ced-b164d958c5b5/datanode-4/data/ratis/c733b6a1-c2e9-43fd-a2a9-c757014baba6
2019-09-25 04:52:21,169 [pool-157-thread-1] INFO  server.RaftServerConfigKeys (ConfUtils.java:logGet(43)) - raft.server.log.queue.byte-limit = 2147483647 (custom)
2019-09-25 04:52:21,169 [pool-157-thread-1] INFO  server.RaftServerConfigKeys (ConfUtils.java:logGet(43)) - raft.server.log.queue.element-limit = 1024 (custom)
2019-09-25 04:52:21,169 [pool-157-thread-1] INFO  server.RaftServerConfigKeys (ConfUtils.java:logGet(43)) - raft.server.log.segment.size.max = 1048576 (custom)
2019-09-25 04:52:21,169 [pool-157-thread-1] INFO  server.RaftServerConfigKeys (ConfUtils.java:logGet(43)) - raft.server.log.preallocated.size = 16384 (custom)
2019-09-25 04:52:21,169 [pool-157-thread-1] INFO  server.RaftServerConfigKeys (ConfUtils.java:logGet(43)) - raft.server.log.write.buffer.size = 33554432 (custom)
2019-09-25 04:52:21,169 [pool-157-thread-1] INFO  server.RaftServerConfigKeys (ConfUtils.java:logGet(43)) - raft.server.log.force.sync.num = 128 (default)
2019-09-25 04:52:21,170 [pool-157-thread-1] INFO  server.RaftServerConfigKeys (ConfUtils.java:logGet(43)) - raft.server.log.statemachine.data.sync = true (default)
2019-09-25 04:52:21,170 [pool-157-thread-1] INFO  server.RaftServerConfigKeys (ConfUtils.java:logGet(43)) - raft.server.log.statemachine.data.sync.timeout = 10s (default)
2019-09-25 04:52:21,170 [pool-157-thread-1] INFO  server.RaftServerConfigKeys (ConfUtils.java:logGet(43)) - raft.server.log.statemachine.data.sync.timeout.retry = -1 (default)
2019-09-25 04:52:21,170 [pool-157-thread-1] INFO  server.RaftServerConfigKeys (ConfUtils.java:logGet(43)) - raft.server.log.statemachine.data.caching.enabled = true (custom)
2019-09-25 04:52:21,170 [pool-157-thread-1] INFO  segmented.SegmentedRaftLogWorker (SegmentedRaftLogWorker.java:lambda$new$0(132)) - 94bde7ca-9af4-4c06-8221-a867c8f279fc@group-C757014BABA6-SegmentedRaftLogWorker: flushIndex: setUnconditionally 0 -> -1
2019-09-25 04:52:21,171 [pool-157-thread-1] INFO  server.RaftServerConfigKeys (ConfUtils.java:logGet(43)) - raft.server.snapshot.auto.trigger.enabled = true (custom)
2019-09-25 04:52:21,171 [pool-157-thread-1] INFO  server.RaftServerConfigKeys (ConfUtils.java:logGet(43)) - raft.server.snapshot.auto.trigger.threshold = 10000 (custom)
2019-09-25 04:52:21,171 [pool-157-thread-1] INFO  server.RaftServerConfigKeys (ConfUtils.java:logGet(43)) - raft.server.snapshot.retention.num.files = 5 (custom)
2019-09-25 04:52:21,171 [pool-157-thread-1] INFO  server.RaftServerConfigKeys (ConfUtils.java:logGet(43)) - raft.server.retrycache.expirytime = 600000ms (custom)
2019-09-25 04:52:21,173 [pool-157-thread-1] INFO  impl.RaftServerImpl (RaftServerImpl.java:start(185)) - 94bde7ca-9af4-4c06-8221-a867c8f279fc@group-C757014BABA6: start as a follower, conf=-1: [94bde7ca-9af4-4c06-8221-a867c8f279fc:192.168.164.207:37773], old=null
2019-09-25 04:52:21,173 [pool-157-thread-1] INFO  impl.RaftServerImpl (RaftServerImpl.java:setRole(174)) - 94bde7ca-9af4-4c06-8221-a867c8f279fc@group-C757014BABA6: changes role from      null to FOLLOWER at term 0 for startAsFollower
2019-09-25 04:52:21,173 [pool-157-thread-1] INFO  impl.RoleInfo (RoleInfo.java:updateAndGet(143)) - 94bde7ca-9af4-4c06-8221-a867c8f279fc: start FollowerState
2019-09-25 04:52:21,173 [pool-157-thread-1] INFO  util.JmxRegister (JmxRegister.java:tryRegister(44)) - Successfully registered JMX Bean with object name Ratis:service=RaftServer,group=group-C757014BABA6,id=94bde7ca-9af4-4c06-8221-a867c8f279fc
2019-09-25 04:52:21,176 [RatisPipelineUtilsThread] INFO  pipeline.PipelineStateManager (PipelineStateManager.java:addPipeline(56)) - Created pipeline Pipeline[ Id: c733b6a1-c2e9-43fd-a2a9-c757014baba6, Nodes: 94bde7ca-9af4-4c06-8221-a867c8f279fc{ip: 192.168.164.207, host: pr-hdds-1569-s44lr-3492059363, networkLocation: /default-rack, certSerialId: null}, Type:RATIS, Factor:ONE, State:OPEN]
2019-09-25 04:52:21,177 [RatisPipelineUtilsThread] INFO  pipeline.PipelinePlacementPolicy (PipelinePlacementPolicy.java:meetCriteria(91)) - Pipeline Placement: can't place more pipeline on heavy datanode： 4370308c-ceb4-49a9-9879-5927b69a5f85 Heaviness: 6 limit: 5
2019-09-25 04:52:21,183 [grpc-default-executor-0] INFO  impl.RaftServerProxy (RaftServerProxy.java:addNew(89)) - 94bde7ca-9af4-4c06-8221-a867c8f279fc: addNew group-8C114D82085D:[94bde7ca-9af4-4c06-8221-a867c8f279fc:192.168.164.207:37773] returns group-8C114D82085D:java.util.concurrent.CompletableFuture@164c4fd0[Not completed]
2019-09-25 04:52:21,184 [pool-157-thread-1] INFO  impl.RaftServerImpl (RaftServerImpl.java:<init>(95)) - 94bde7ca-9af4-4c06-8221-a867c8f279fc: new RaftServerImpl for group-8C114D82085D:[94bde7ca-9af4-4c06-8221-a867c8f279fc:192.168.164.207:37773] with ContainerStateMachine:uninitialized
2019-09-25 04:52:21,184 [pool-157-thread-1] INFO  server.RaftServerConfigKeys (ConfUtils.java:logGet(43)) - raft.server.rpc.timeout.min = 5s (custom)
2019-09-25 04:52:21,184 [pool-157-thread-1] INFO  server.RaftServerConfigKeys (ConfUtils.java:logGet(43)) - raft.server.rpc.timeout.max = 5200ms (custom)
2019-09-25 04:52:21,184 [pool-157-thread-1] INFO  server.RaftServerConfigKeys (ConfUtils.java:logGet(43)) - raft.server.rpcslowness.timeout = 120s (custom)
2019-09-25 04:52:21,184 [pool-157-thread-1] INFO  server.RaftServerConfigKeys (ConfUtils.java:logGet(43)) - raft.server.sleep.deviation.threshold = 300 (default)
2019-09-25 04:52:21,185 [pool-157-thread-1] INFO  server.RaftServerConfigKeys (ConfUtils.java:logGet(43)) - raft.server.log.appender.install.snapshot.enabled = false (custom)
2019-09-25 04:52:21,185 [pool-157-thread-1] INFO  impl.RaftServerImpl (ServerState.java:<init>(103)) - 94bde7ca-9af4-4c06-8221-a867c8f279fc@group-8C114D82085D: ConfigurationManager, init=-1: [94bde7ca-9af4-4c06-8221-a867c8f279fc:192.168.164.207:37773], old=null, confs=<EMPTY_MAP>
2019-09-25 04:52:21,185 [pool-157-thread-1] INFO  server.RaftServerConfigKeys (ConfUtils.java:logGet(43)) - raft.server.storage.dir = [/workdir/hadoop-ozone/integration-test/target/test-dir/MiniOzoneClusterImpl-d3c81739-79da-4dbe-9ced-b164d958c5b5/datanode-4/data/ratis] (custom)
2019-09-25 04:52:21,185 [pool-157-thread-1] INFO  storage.RaftStorageDirectory (RaftStorageDirectory.java:analyzeStorage(246)) - The storage directory /workdir/hadoop-ozone/integration-test/target/test-dir/MiniOzoneClusterImpl-d3c81739-79da-4dbe-9ced-b164d958c5b5/datanode-4/data/ratis/b4283641-184b-441a-bd9b-8c114d82085d does not exist. Creating ...
2019-09-25 04:52:21,189 [pool-157-thread-1] INFO  storage.RaftStorageDirectory (RaftStorageDirectory.java:tryLock(328)) - Lock on /workdir/hadoop-ozone/integration-test/target/test-dir/MiniOzoneClusterImpl-d3c81739-79da-4dbe-9ced-b164d958c5b5/datanode-4/data/ratis/b4283641-184b-441a-bd9b-8c114d82085d/in_use.lock acquired by nodename 13544@pr-hdds-1569-s44lr-3492059363
2019-09-25 04:52:21,219 [pool-157-thread-1] INFO  storage.RaftStorage (RaftStorage.java:format(72)) - Storage directory /workdir/hadoop-ozone/integration-test/target/test-dir/MiniOzoneClusterImpl-d3c81739-79da-4dbe-9ced-b164d958c5b5/datanode-4/data/ratis/b4283641-184b-441a-bd9b-8c114d82085d has been successfully formatted.
2019-09-25 04:52:21,219 [pool-157-thread-1] INFO  ratis.ContainerStateMachine (ContainerStateMachine.java:loadSnapshot(230)) - group-8C114D82085D: The snapshot info is null. Setting the last applied indexto:(t:0, i:~)
2019-09-25 04:52:21,219 [pool-157-thread-1] INFO  server.RaftServerConfigKeys (ConfUtils.java:logGet(43)) - raft.server.notification.no-leader.timeout = 120s (custom)
2019-09-25 04:52:21,220 [pool-157-thread-1] INFO  server.RaftServerConfigKeys (ConfUtils.java:logGet(43)) - raft.server.log.use.memory = false (default)
2019-09-25 04:52:21,220 [pool-157-thread-1] INFO  server.RaftServerConfigKeys (ConfUtils.java:logGet(43)) - raft.server.log.purge.gap = 1000000 (custom)
2019-09-25 04:52:21,220 [pool-157-thread-1] INFO  server.RaftServerConfigKeys (ConfUtils.java:logGet(43)) - raft.server.log.appender.buffer.byte-limit = 33554432 (custom)
2019-09-25 04:52:21,220 [pool-157-thread-1] INFO  server.RaftServerConfigKeys (ConfUtils.java:logGet(43)) - raft.server.log.segment.size.max = 1048576 (custom)
2019-09-25 04:52:21,220 [pool-157-thread-1] INFO  server.RaftServerConfigKeys (ConfUtils.java:logGet(43)) - raft.server.log.segment.cache.num.max = 2 (custom)
2019-09-25 04:52:21,220 [pool-157-thread-1] INFO  segmented.SegmentedRaftLogWorker (SegmentedRaftLogWorker.java:<init>(172)) - new 94bde7ca-9af4-4c06-8221-a867c8f279fc@group-8C114D82085D-SegmentedRaftLogWorker for RaftStorage:Storage Directory /workdir/hadoop-ozone/integration-test/target/test-dir/MiniOzoneClusterImpl-d3c81739-79da-4dbe-9ced-b164d958c5b5/datanode-4/data/ratis/b4283641-184b-441a-bd9b-8c114d82085d
2019-09-25 04:52:21,220 [pool-157-thread-1] INFO  server.RaftServerConfigKeys (ConfUtils.java:logGet(43)) - raft.server.log.queue.byte-limit = 2147483647 (custom)
2019-09-25 04:52:21,221 [pool-157-thread-1] INFO  server.RaftServerConfigKeys (ConfUtils.java:logGet(43)) - raft.server.log.queue.element-limit = 1024 (custom)
2019-09-25 04:52:21,221 [pool-157-thread-1] INFO  server.RaftServerConfigKeys (ConfUtils.java:logGet(43)) - raft.server.log.segment.size.max = 1048576 (custom)
2019-09-25 04:52:21,221 [pool-157-thread-1] INFO  server.RaftServerConfigKeys (ConfUtils.java:logGet(43)) - raft.server.log.preallocated.size = 16384 (custom)
2019-09-25 04:52:21,221 [pool-157-thread-1] INFO  server.RaftServerConfigKeys (ConfUtils.java:logGet(43)) - raft.server.log.write.buffer.size = 33554432 (custom)
2019-09-25 04:52:21,221 [pool-157-thread-1] INFO  server.RaftServerConfigKeys (ConfUtils.java:logGet(43)) - raft.server.log.force.sync.num = 128 (default)
2019-09-25 04:52:21,222 [pool-157-thread-1] INFO  server.RaftServerConfigKeys (ConfUtils.java:logGet(43)) - raft.server.log.statemachine.data.sync = true (default)
2019-09-25 04:52:21,222 [pool-157-thread-1] INFO  server.RaftServerConfigKeys (ConfUtils.java:logGet(43)) - raft.server.log.statemachine.data.sync.timeout = 10s (default)
2019-09-25 04:52:21,222 [pool-157-thread-1] INFO  server.RaftServerConfigKeys (ConfUtils.java:logGet(43)) - raft.server.log.statemachine.data.sync.timeout.retry = -1 (default)
2019-09-25 04:52:21,222 [pool-157-thread-1] INFO  server.RaftServerConfigKeys (ConfUtils.java:logGet(43)) - raft.server.log.statemachine.data.caching.enabled = true (custom)
2019-09-25 04:52:21,223 [pool-157-thread-1] INFO  segmented.SegmentedRaftLogWorker (SegmentedRaftLogWorker.java:lambda$new$0(132)) - 94bde7ca-9af4-4c06-8221-a867c8f279fc@group-8C114D82085D-SegmentedRaftLogWorker: flushIndex: setUnconditionally 0 -> -1
2019-09-25 04:52:21,223 [pool-157-thread-1] INFO  server.RaftServerConfigKeys (ConfUtils.java:logGet(43)) - raft.server.snapshot.auto.trigger.enabled = true (custom)
2019-09-25 04:52:21,223 [pool-157-thread-1] INFO  server.RaftServerConfigKeys (ConfUtils.java:logGet(43)) - raft.server.snapshot.auto.trigger.threshold = 10000 (custom)
2019-09-25 04:52:21,223 [pool-157-thread-1] INFO  server.RaftServerConfigKeys (ConfUtils.java:logGet(43)) - raft.server.snapshot.retention.num.files = 5 (custom)
2019-09-25 04:52:21,224 [pool-157-thread-1] INFO  server.RaftServerConfigKeys (ConfUtils.java:logGet(43)) - raft.server.retrycache.expirytime = 600000ms (custom)
2019-09-25 04:52:21,227 [pool-157-thread-1] INFO  impl.RaftServerImpl (RaftServerImpl.java:start(185)) - 94bde7ca-9af4-4c06-8221-a867c8f279fc@group-8C114D82085D: start as a follower, conf=-1: [94bde7ca-9af4-4c06-8221-a867c8f279fc:192.168.164.207:37773], old=null
2019-09-25 04:52:21,227 [pool-157-thread-1] INFO  impl.RaftServerImpl (RaftServerImpl.java:setRole(174)) - 94bde7ca-9af4-4c06-8221-a867c8f279fc@group-8C114D82085D: changes role from      null to FOLLOWER at term 0 for startAsFollower
2019-09-25 04:52:21,227 [pool-157-thread-1] INFO  impl.RoleInfo (RoleInfo.java:updateAndGet(143)) - 94bde7ca-9af4-4c06-8221-a867c8f279fc: start FollowerState
2019-09-25 04:52:21,227 [pool-157-thread-1] INFO  util.JmxRegister (JmxRegister.java:tryRegister(44)) - Successfully registered JMX Bean with object name Ratis:service=RaftServer,group=group-8C114D82085D,id=94bde7ca-9af4-4c06-8221-a867c8f279fc
2019-09-25 04:52:21,230 [RatisPipelineUtilsThread] INFO  pipeline.PipelineStateManager (PipelineStateManager.java:addPipeline(56)) - Created pipeline Pipeline[ Id: b4283641-184b-441a-bd9b-8c114d82085d, Nodes: 94bde7ca-9af4-4c06-8221-a867c8f279fc{ip: 192.168.164.207, host: pr-hdds-1569-s44lr-3492059363, networkLocation: /default-rack, certSerialId: null}, Type:RATIS, Factor:ONE, State:OPEN]
2019-09-25 04:52:21,231 [RatisPipelineUtilsThread] INFO  pipeline.PipelinePlacementPolicy (PipelinePlacementPolicy.java:meetCriteria(91)) - Pipeline Placement: can't place more pipeline on heavy datanode： 4370308c-ceb4-49a9-9879-5927b69a5f85 Heaviness: 6 limit: 5
2019-09-25 04:52:21,236 [grpc-default-executor-0] INFO  impl.RaftServerProxy (RaftServerProxy.java:addNew(89)) - 9586c7e2-af3f-487f-89b7-bc8fbed5a611: addNew group-DC50B09717BE:[9586c7e2-af3f-487f-89b7-bc8fbed5a611:192.168.164.207:42132] returns group-DC50B09717BE:java.util.concurrent.CompletableFuture@633f8b39[Not completed]
2019-09-25 04:52:21,238 [pool-167-thread-1] INFO  impl.RaftServerImpl (RaftServerImpl.java:<init>(95)) - 9586c7e2-af3f-487f-89b7-bc8fbed5a611: new RaftServerImpl for group-DC50B09717BE:[9586c7e2-af3f-487f-89b7-bc8fbed5a611:192.168.164.207:42132] with ContainerStateMachine:uninitialized
2019-09-25 04:52:21,238 [pool-167-thread-1] INFO  server.RaftServerConfigKeys (ConfUtils.java:logGet(43)) - raft.server.rpc.timeout.min = 5s (custom)
2019-09-25 04:52:21,238 [pool-167-thread-1] INFO  server.RaftServerConfigKeys (ConfUtils.java:logGet(43)) - raft.server.rpc.timeout.max = 5200ms (custom)
2019-09-25 04:52:21,239 [pool-167-thread-1] INFO  server.RaftServerConfigKeys (ConfUtils.java:logGet(43)) - raft.server.rpcslowness.timeout = 120s (custom)
2019-09-25 04:52:21,239 [pool-167-thread-1] INFO  server.RaftServerConfigKeys (ConfUtils.java:logGet(43)) - raft.server.sleep.deviation.threshold = 300 (default)
2019-09-25 04:52:21,239 [pool-167-thread-1] INFO  server.RaftServerConfigKeys (ConfUtils.java:logGet(43)) - raft.server.log.appender.install.snapshot.enabled = false (custom)
2019-09-25 04:52:21,239 [pool-167-thread-1] INFO  impl.RaftServerImpl (ServerState.java:<init>(103)) - 9586c7e2-af3f-487f-89b7-bc8fbed5a611@group-DC50B09717BE: ConfigurationManager, init=-1: [9586c7e2-af3f-487f-89b7-bc8fbed5a611:192.168.164.207:42132], old=null, confs=<EMPTY_MAP>
2019-09-25 04:52:21,239 [pool-167-thread-1] INFO  server.RaftServerConfigKeys (ConfUtils.java:logGet(43)) - raft.server.storage.dir = [/workdir/hadoop-ozone/integration-test/target/test-dir/MiniOzoneClusterImpl-d3c81739-79da-4dbe-9ced-b164d958c5b5/datanode-5/data/ratis] (custom)
2019-09-25 04:52:21,240 [pool-167-thread-1] INFO  storage.RaftStorageDirectory (RaftStorageDirectory.java:analyzeStorage(246)) - The storage directory /workdir/hadoop-ozone/integration-test/target/test-dir/MiniOzoneClusterImpl-d3c81739-79da-4dbe-9ced-b164d958c5b5/datanode-5/data/ratis/e7873510-98f3-442e-8faf-dc50b09717be does not exist. Creating ...
2019-09-25 04:52:21,265 [pool-167-thread-1] INFO  storage.RaftStorageDirectory (RaftStorageDirectory.java:tryLock(328)) - Lock on /workdir/hadoop-ozone/integration-test/target/test-dir/MiniOzoneClusterImpl-d3c81739-79da-4dbe-9ced-b164d958c5b5/datanode-5/data/ratis/e7873510-98f3-442e-8faf-dc50b09717be/in_use.lock acquired by nodename 13544@pr-hdds-1569-s44lr-3492059363
2019-09-25 04:52:21,278 [pool-167-thread-1] INFO  storage.RaftStorage (RaftStorage.java:format(72)) - Storage directory /workdir/hadoop-ozone/integration-test/target/test-dir/MiniOzoneClusterImpl-d3c81739-79da-4dbe-9ced-b164d958c5b5/datanode-5/data/ratis/e7873510-98f3-442e-8faf-dc50b09717be has been successfully formatted.
2019-09-25 04:52:21,278 [pool-167-thread-1] INFO  ratis.ContainerStateMachine (ContainerStateMachine.java:loadSnapshot(230)) - group-DC50B09717BE: The snapshot info is null. Setting the last applied indexto:(t:0, i:~)
2019-09-25 04:52:21,279 [pool-167-thread-1] INFO  server.RaftServerConfigKeys (ConfUtils.java:logGet(43)) - raft.server.notification.no-leader.timeout = 120s (custom)
2019-09-25 04:52:21,279 [pool-167-thread-1] INFO  server.RaftServerConfigKeys (ConfUtils.java:logGet(43)) - raft.server.log.use.memory = false (default)
2019-09-25 04:52:21,279 [pool-167-thread-1] INFO  server.RaftServerConfigKeys (ConfUtils.java:logGet(43)) - raft.server.log.purge.gap = 1000000 (custom)
2019-09-25 04:52:21,279 [pool-167-thread-1] INFO  server.RaftServerConfigKeys (ConfUtils.java:logGet(43)) - raft.server.log.appender.buffer.byte-limit = 33554432 (custom)
2019-09-25 04:52:21,279 [pool-167-thread-1] INFO  server.RaftServerConfigKeys (ConfUtils.java:logGet(43)) - raft.server.log.segment.size.max = 1048576 (custom)
2019-09-25 04:52:21,280 [pool-167-thread-1] INFO  server.RaftServerConfigKeys (ConfUtils.java:logGet(43)) - raft.server.log.segment.cache.num.max = 2 (custom)
2019-09-25 04:52:21,280 [pool-167-thread-1] INFO  segmented.SegmentedRaftLogWorker (SegmentedRaftLogWorker.java:<init>(172)) - new 9586c7e2-af3f-487f-89b7-bc8fbed5a611@group-DC50B09717BE-SegmentedRaftLogWorker for RaftStorage:Storage Directory /workdir/hadoop-ozone/integration-test/target/test-dir/MiniOzoneClusterImpl-d3c81739-79da-4dbe-9ced-b164d958c5b5/datanode-5/data/ratis/e7873510-98f3-442e-8faf-dc50b09717be
2019-09-25 04:52:21,280 [pool-167-thread-1] INFO  server.RaftServerConfigKeys (ConfUtils.java:logGet(43)) - raft.server.log.queue.byte-limit = 2147483647 (custom)
2019-09-25 04:52:21,280 [pool-167-thread-1] INFO  server.RaftServerConfigKeys (ConfUtils.java:logGet(43)) - raft.server.log.queue.element-limit = 1024 (custom)
2019-09-25 04:52:21,280 [pool-167-thread-1] INFO  server.RaftServerConfigKeys (ConfUtils.java:logGet(43)) - raft.server.log.segment.size.max = 1048576 (custom)
2019-09-25 04:52:21,281 [pool-167-thread-1] INFO  server.RaftServerConfigKeys (ConfUtils.java:logGet(43)) - raft.server.log.preallocated.size = 16384 (custom)
2019-09-25 04:52:21,281 [pool-167-thread-1] INFO  server.RaftServerConfigKeys (ConfUtils.java:logGet(43)) - raft.server.log.write.buffer.size = 33554432 (custom)
2019-09-25 04:52:21,281 [pool-167-thread-1] INFO  server.RaftServerConfigKeys (ConfUtils.java:logGet(43)) - raft.server.log.force.sync.num = 128 (default)
2019-09-25 04:52:21,281 [pool-167-thread-1] INFO  server.RaftServerConfigKeys (ConfUtils.java:logGet(43)) - raft.server.log.statemachine.data.sync = true (default)
2019-09-25 04:52:21,281 [pool-167-thread-1] INFO  server.RaftServerConfigKeys (ConfUtils.java:logGet(43)) - raft.server.log.statemachine.data.sync.timeout = 10s (default)
2019-09-25 04:52:21,282 [pool-167-thread-1] INFO  server.RaftServerConfigKeys (ConfUtils.java:logGet(43)) - raft.server.log.statemachine.data.sync.timeout.retry = -1 (default)
2019-09-25 04:52:21,282 [pool-167-thread-1] INFO  server.RaftServerConfigKeys (ConfUtils.java:logGet(43)) - raft.server.log.statemachine.data.caching.enabled = true (custom)
2019-09-25 04:52:21,282 [pool-167-thread-1] INFO  segmented.SegmentedRaftLogWorker (SegmentedRaftLogWorker.java:lambda$new$0(132)) - 9586c7e2-af3f-487f-89b7-bc8fbed5a611@group-DC50B09717BE-SegmentedRaftLogWorker: flushIndex: setUnconditionally 0 -> -1
2019-09-25 04:52:21,283 [pool-167-thread-1] INFO  server.RaftServerConfigKeys (ConfUtils.java:logGet(43)) - raft.server.snapshot.auto.trigger.enabled = true (custom)
2019-09-25 04:52:21,283 [pool-167-thread-1] INFO  server.RaftServerConfigKeys (ConfUtils.java:logGet(43)) - raft.server.snapshot.auto.trigger.threshold = 10000 (custom)
2019-09-25 04:52:21,283 [pool-167-thread-1] INFO  server.RaftServerConfigKeys (ConfUtils.java:logGet(43)) - raft.server.snapshot.retention.num.files = 5 (custom)
2019-09-25 04:52:21,283 [pool-167-thread-1] INFO  server.RaftServerConfigKeys (ConfUtils.java:logGet(43)) - raft.server.retrycache.expirytime = 600000ms (custom)
2019-09-25 04:52:21,286 [pool-167-thread-1] INFO  impl.RaftServerImpl (RaftServerImpl.java:start(185)) - 9586c7e2-af3f-487f-89b7-bc8fbed5a611@group-DC50B09717BE: start as a follower, conf=-1: [9586c7e2-af3f-487f-89b7-bc8fbed5a611:192.168.164.207:42132], old=null
2019-09-25 04:52:21,286 [pool-167-thread-1] INFO  impl.RaftServerImpl (RaftServerImpl.java:setRole(174)) - 9586c7e2-af3f-487f-89b7-bc8fbed5a611@group-DC50B09717BE: changes role from      null to FOLLOWER at term 0 for startAsFollower
2019-09-25 04:52:21,287 [pool-167-thread-1] INFO  impl.RoleInfo (RoleInfo.java:updateAndGet(143)) - 9586c7e2-af3f-487f-89b7-bc8fbed5a611: start FollowerState
2019-09-25 04:52:21,287 [pool-167-thread-1] INFO  util.JmxRegister (JmxRegister.java:tryRegister(44)) - Successfully registered JMX Bean with object name Ratis:service=RaftServer,group=group-DC50B09717BE,id=9586c7e2-af3f-487f-89b7-bc8fbed5a611
2019-09-25 04:52:21,291 [RatisPipelineUtilsThread] INFO  pipeline.PipelineStateManager (PipelineStateManager.java:addPipeline(56)) - Created pipeline Pipeline[ Id: e7873510-98f3-442e-8faf-dc50b09717be, Nodes: 9586c7e2-af3f-487f-89b7-bc8fbed5a611{ip: 192.168.164.207, host: pr-hdds-1569-s44lr-3492059363, networkLocation: /default-rack, certSerialId: null}, Type:RATIS, Factor:ONE, State:OPEN]
2019-09-25 04:52:21,291 [RatisPipelineUtilsThread] INFO  pipeline.PipelinePlacementPolicy (PipelinePlacementPolicy.java:meetCriteria(91)) - Pipeline Placement: can't place more pipeline on heavy datanode： 4370308c-ceb4-49a9-9879-5927b69a5f85 Heaviness: 6 limit: 5
2019-09-25 04:52:21,296 [grpc-default-executor-0] INFO  impl.RaftServerProxy (RaftServerProxy.java:addNew(89)) - bcc74fd2-3a06-4539-867d-223a418d820d: addNew group-548AD675E1D7:[bcc74fd2-3a06-4539-867d-223a418d820d:192.168.164.207:36081] returns group-548AD675E1D7:java.util.concurrent.CompletableFuture@768b921e[Not completed]
2019-09-25 04:52:21,298 [pool-127-thread-1] INFO  impl.RaftServerImpl (RaftServerImpl.java:<init>(95)) - bcc74fd2-3a06-4539-867d-223a418d820d: new RaftServerImpl for group-548AD675E1D7:[bcc74fd2-3a06-4539-867d-223a418d820d:192.168.164.207:36081] with ContainerStateMachine:uninitialized
2019-09-25 04:52:21,298 [pool-127-thread-1] INFO  server.RaftServerConfigKeys (ConfUtils.java:logGet(43)) - raft.server.rpc.timeout.min = 5s (custom)
2019-09-25 04:52:21,298 [pool-127-thread-1] INFO  server.RaftServerConfigKeys (ConfUtils.java:logGet(43)) - raft.server.rpc.timeout.max = 5200ms (custom)
2019-09-25 04:52:21,298 [pool-127-thread-1] INFO  server.RaftServerConfigKeys (ConfUtils.java:logGet(43)) - raft.server.rpcslowness.timeout = 120s (custom)
2019-09-25 04:52:21,298 [pool-127-thread-1] INFO  server.RaftServerConfigKeys (ConfUtils.java:logGet(43)) - raft.server.sleep.deviation.threshold = 300 (default)
2019-09-25 04:52:21,299 [pool-127-thread-1] INFO  server.RaftServerConfigKeys (ConfUtils.java:logGet(43)) - raft.server.log.appender.install.snapshot.enabled = false (custom)
2019-09-25 04:52:21,299 [pool-127-thread-1] INFO  impl.RaftServerImpl (ServerState.java:<init>(103)) - bcc74fd2-3a06-4539-867d-223a418d820d@group-548AD675E1D7: ConfigurationManager, init=-1: [bcc74fd2-3a06-4539-867d-223a418d820d:192.168.164.207:36081], old=null, confs=<EMPTY_MAP>
2019-09-25 04:52:21,299 [pool-127-thread-1] INFO  server.RaftServerConfigKeys (ConfUtils.java:logGet(43)) - raft.server.storage.dir = [/workdir/hadoop-ozone/integration-test/target/test-dir/MiniOzoneClusterImpl-d3c81739-79da-4dbe-9ced-b164d958c5b5/datanode-1/data/ratis] (custom)
2019-09-25 04:52:21,300 [pool-127-thread-1] INFO  storage.RaftStorageDirectory (RaftStorageDirectory.java:analyzeStorage(246)) - The storage directory /workdir/hadoop-ozone/integration-test/target/test-dir/MiniOzoneClusterImpl-d3c81739-79da-4dbe-9ced-b164d958c5b5/datanode-1/data/ratis/d0ddd9a6-8b9d-494f-9256-548ad675e1d7 does not exist. Creating ...
2019-09-25 04:52:21,313 [pool-127-thread-1] INFO  storage.RaftStorageDirectory (RaftStorageDirectory.java:tryLock(328)) - Lock on /workdir/hadoop-ozone/integration-test/target/test-dir/MiniOzoneClusterImpl-d3c81739-79da-4dbe-9ced-b164d958c5b5/datanode-1/data/ratis/d0ddd9a6-8b9d-494f-9256-548ad675e1d7/in_use.lock acquired by nodename 13544@pr-hdds-1569-s44lr-3492059363
2019-09-25 04:52:21,325 [pool-127-thread-1] INFO  storage.RaftStorage (RaftStorage.java:format(72)) - Storage directory /workdir/hadoop-ozone/integration-test/target/test-dir/MiniOzoneClusterImpl-d3c81739-79da-4dbe-9ced-b164d958c5b5/datanode-1/data/ratis/d0ddd9a6-8b9d-494f-9256-548ad675e1d7 has been successfully formatted.
2019-09-25 04:52:21,326 [pool-127-thread-1] INFO  ratis.ContainerStateMachine (ContainerStateMachine.java:loadSnapshot(230)) - group-548AD675E1D7: The snapshot info is null. Setting the last applied indexto:(t:0, i:~)
2019-09-25 04:52:21,326 [pool-127-thread-1] INFO  server.RaftServerConfigKeys (ConfUtils.java:logGet(43)) - raft.server.notification.no-leader.timeout = 120s (custom)
2019-09-25 04:52:21,326 [pool-127-thread-1] INFO  server.RaftServerConfigKeys (ConfUtils.java:logGet(43)) - raft.server.log.use.memory = false (default)
2019-09-25 04:52:21,326 [pool-127-thread-1] INFO  server.RaftServerConfigKeys (ConfUtils.java:logGet(43)) - raft.server.log.purge.gap = 1000000 (custom)
2019-09-25 04:52:21,326 [pool-127-thread-1] INFO  server.RaftServerConfigKeys (ConfUtils.java:logGet(43)) - raft.server.log.appender.buffer.byte-limit = 33554432 (custom)
2019-09-25 04:52:21,327 [pool-127-thread-1] INFO  server.RaftServerConfigKeys (ConfUtils.java:logGet(43)) - raft.server.log.segment.size.max = 1048576 (custom)
2019-09-25 04:52:21,327 [pool-127-thread-1] INFO  server.RaftServerConfigKeys (ConfUtils.java:logGet(43)) - raft.server.log.segment.cache.num.max = 2 (custom)
2019-09-25 04:52:21,327 [pool-127-thread-1] INFO  segmented.SegmentedRaftLogWorker (SegmentedRaftLogWorker.java:<init>(172)) - new bcc74fd2-3a06-4539-867d-223a418d820d@group-548AD675E1D7-SegmentedRaftLogWorker for RaftStorage:Storage Directory /workdir/hadoop-ozone/integration-test/target/test-dir/MiniOzoneClusterImpl-d3c81739-79da-4dbe-9ced-b164d958c5b5/datanode-1/data/ratis/d0ddd9a6-8b9d-494f-9256-548ad675e1d7
2019-09-25 04:52:21,327 [pool-127-thread-1] INFO  server.RaftServerConfigKeys (ConfUtils.java:logGet(43)) - raft.server.log.queue.byte-limit = 2147483647 (custom)
2019-09-25 04:52:21,327 [pool-127-thread-1] INFO  server.RaftServerConfigKeys (ConfUtils.java:logGet(43)) - raft.server.log.queue.element-limit = 1024 (custom)
2019-09-25 04:52:21,327 [pool-127-thread-1] INFO  server.RaftServerConfigKeys (ConfUtils.java:logGet(43)) - raft.server.log.segment.size.max = 1048576 (custom)
2019-09-25 04:52:21,328 [pool-127-thread-1] INFO  server.RaftServerConfigKeys (ConfUtils.java:logGet(43)) - raft.server.log.preallocated.size = 16384 (custom)
2019-09-25 04:52:21,328 [pool-127-thread-1] INFO  server.RaftServerConfigKeys (ConfUtils.java:logGet(43)) - raft.server.log.write.buffer.size = 33554432 (custom)
2019-09-25 04:52:21,328 [pool-127-thread-1] INFO  server.RaftServerConfigKeys (ConfUtils.java:logGet(43)) - raft.server.log.force.sync.num = 128 (default)
2019-09-25 04:52:21,328 [pool-127-thread-1] INFO  server.RaftServerConfigKeys (ConfUtils.java:logGet(43)) - raft.server.log.statemachine.data.sync = true (default)
2019-09-25 04:52:21,328 [pool-127-thread-1] INFO  server.RaftServerConfigKeys (ConfUtils.java:logGet(43)) - raft.server.log.statemachine.data.sync.timeout = 10s (default)
2019-09-25 04:52:21,329 [pool-127-thread-1] INFO  server.RaftServerConfigKeys (ConfUtils.java:logGet(43)) - raft.server.log.statemachine.data.sync.timeout.retry = -1 (default)
2019-09-25 04:52:21,329 [pool-127-thread-1] INFO  server.RaftServerConfigKeys (ConfUtils.java:logGet(43)) - raft.server.log.statemachine.data.caching.enabled = true (custom)
2019-09-25 04:52:21,329 [pool-127-thread-1] INFO  segmented.SegmentedRaftLogWorker (SegmentedRaftLogWorker.java:lambda$new$0(132)) - bcc74fd2-3a06-4539-867d-223a418d820d@group-548AD675E1D7-SegmentedRaftLogWorker: flushIndex: setUnconditionally 0 -> -1
2019-09-25 04:52:21,329 [pool-127-thread-1] INFO  server.RaftServerConfigKeys (ConfUtils.java:logGet(43)) - raft.server.snapshot.auto.trigger.enabled = true (custom)
2019-09-25 04:52:21,329 [pool-127-thread-1] INFO  server.RaftServerConfigKeys (ConfUtils.java:logGet(43)) - raft.server.snapshot.auto.trigger.threshold = 10000 (custom)
2019-09-25 04:52:21,330 [pool-127-thread-1] INFO  server.RaftServerConfigKeys (ConfUtils.java:logGet(43)) - raft.server.snapshot.retention.num.files = 5 (custom)
2019-09-25 04:52:21,330 [pool-127-thread-1] INFO  server.RaftServerConfigKeys (ConfUtils.java:logGet(43)) - raft.server.retrycache.expirytime = 600000ms (custom)
2019-09-25 04:52:21,332 [pool-127-thread-1] INFO  impl.RaftServerImpl (RaftServerImpl.java:start(185)) - bcc74fd2-3a06-4539-867d-223a418d820d@group-548AD675E1D7: start as a follower, conf=-1: [bcc74fd2-3a06-4539-867d-223a418d820d:192.168.164.207:36081], old=null
2019-09-25 04:52:21,332 [pool-127-thread-1] INFO  impl.RaftServerImpl (RaftServerImpl.java:setRole(174)) - bcc74fd2-3a06-4539-867d-223a418d820d@group-548AD675E1D7: changes role from      null to FOLLOWER at term 0 for startAsFollower
2019-09-25 04:52:21,333 [pool-127-thread-1] INFO  impl.RoleInfo (RoleInfo.java:updateAndGet(143)) - bcc74fd2-3a06-4539-867d-223a418d820d: start FollowerState
2019-09-25 04:52:21,333 [pool-127-thread-1] INFO  util.JmxRegister (JmxRegister.java:tryRegister(44)) - Successfully registered JMX Bean with object name Ratis:service=RaftServer,group=group-548AD675E1D7,id=bcc74fd2-3a06-4539-867d-223a418d820d
2019-09-25 04:52:21,336 [RatisPipelineUtilsThread] INFO  pipeline.PipelineStateManager (PipelineStateManager.java:addPipeline(56)) - Created pipeline Pipeline[ Id: d0ddd9a6-8b9d-494f-9256-548ad675e1d7, Nodes: bcc74fd2-3a06-4539-867d-223a418d820d{ip: 192.168.164.207, host: pr-hdds-1569-s44lr-3492059363, networkLocation: /default-rack, certSerialId: null}, Type:RATIS, Factor:ONE, State:OPEN]
2019-09-25 04:52:21,336 [RatisPipelineUtilsThread] INFO  pipeline.PipelinePlacementPolicy (PipelinePlacementPolicy.java:meetCriteria(91)) - Pipeline Placement: can't place more pipeline on heavy datanode： 4370308c-ceb4-49a9-9879-5927b69a5f85 Heaviness: 6 limit: 5
2019-09-25 04:52:21,342 [grpc-default-executor-0] INFO  impl.RaftServerProxy (RaftServerProxy.java:addNew(89)) - bb4fa670-e092-4403-b4a0-776b8e3a297a: addNew group-6DCBF0F34B42:[bb4fa670-e092-4403-b4a0-776b8e3a297a:192.168.164.207:42708] returns group-6DCBF0F34B42:java.util.concurrent.CompletableFuture@12d0bb4c[Not completed]
2019-09-25 04:52:21,343 [pool-137-thread-1] INFO  impl.RaftServerImpl (RaftServerImpl.java:<init>(95)) - bb4fa670-e092-4403-b4a0-776b8e3a297a: new RaftServerImpl for group-6DCBF0F34B42:[bb4fa670-e092-4403-b4a0-776b8e3a297a:192.168.164.207:42708] with ContainerStateMachine:uninitialized
2019-09-25 04:52:21,343 [pool-137-thread-1] INFO  server.RaftServerConfigKeys (ConfUtils.java:logGet(43)) - raft.server.rpc.timeout.min = 5s (custom)
2019-09-25 04:52:21,343 [pool-137-thread-1] INFO  server.RaftServerConfigKeys (ConfUtils.java:logGet(43)) - raft.server.rpc.timeout.max = 5200ms (custom)
2019-09-25 04:52:21,343 [pool-137-thread-1] INFO  server.RaftServerConfigKeys (ConfUtils.java:logGet(43)) - raft.server.rpcslowness.timeout = 120s (custom)
2019-09-25 04:52:21,344 [pool-137-thread-1] INFO  server.RaftServerConfigKeys (ConfUtils.java:logGet(43)) - raft.server.sleep.deviation.threshold = 300 (default)
2019-09-25 04:52:21,344 [pool-137-thread-1] INFO  server.RaftServerConfigKeys (ConfUtils.java:logGet(43)) - raft.server.log.appender.install.snapshot.enabled = false (custom)
2019-09-25 04:52:21,344 [pool-137-thread-1] INFO  impl.RaftServerImpl (ServerState.java:<init>(103)) - bb4fa670-e092-4403-b4a0-776b8e3a297a@group-6DCBF0F34B42: ConfigurationManager, init=-1: [bb4fa670-e092-4403-b4a0-776b8e3a297a:192.168.164.207:42708], old=null, confs=<EMPTY_MAP>
2019-09-25 04:52:21,344 [pool-137-thread-1] INFO  server.RaftServerConfigKeys (ConfUtils.java:logGet(43)) - raft.server.storage.dir = [/workdir/hadoop-ozone/integration-test/target/test-dir/MiniOzoneClusterImpl-d3c81739-79da-4dbe-9ced-b164d958c5b5/datanode-2/data/ratis] (custom)
2019-09-25 04:52:21,345 [pool-137-thread-1] INFO  storage.RaftStorageDirectory (RaftStorageDirectory.java:analyzeStorage(246)) - The storage directory /workdir/hadoop-ozone/integration-test/target/test-dir/MiniOzoneClusterImpl-d3c81739-79da-4dbe-9ced-b164d958c5b5/datanode-2/data/ratis/b1e6949c-bc38-47f5-b659-6dcbf0f34b42 does not exist. Creating ...
2019-09-25 04:52:21,357 [pool-137-thread-1] INFO  storage.RaftStorageDirectory (RaftStorageDirectory.java:tryLock(328)) - Lock on /workdir/hadoop-ozone/integration-test/target/test-dir/MiniOzoneClusterImpl-d3c81739-79da-4dbe-9ced-b164d958c5b5/datanode-2/data/ratis/b1e6949c-bc38-47f5-b659-6dcbf0f34b42/in_use.lock acquired by nodename 13544@pr-hdds-1569-s44lr-3492059363
2019-09-25 04:52:21,370 [pool-137-thread-1] INFO  storage.RaftStorage (RaftStorage.java:format(72)) - Storage directory /workdir/hadoop-ozone/integration-test/target/test-dir/MiniOzoneClusterImpl-d3c81739-79da-4dbe-9ced-b164d958c5b5/datanode-2/data/ratis/b1e6949c-bc38-47f5-b659-6dcbf0f34b42 has been successfully formatted.
2019-09-25 04:52:21,371 [pool-137-thread-1] INFO  ratis.ContainerStateMachine (ContainerStateMachine.java:loadSnapshot(230)) - group-6DCBF0F34B42: The snapshot info is null. Setting the last applied indexto:(t:0, i:~)
2019-09-25 04:52:21,371 [pool-137-thread-1] INFO  server.RaftServerConfigKeys (ConfUtils.java:logGet(43)) - raft.server.notification.no-leader.timeout = 120s (custom)
2019-09-25 04:52:21,371 [pool-137-thread-1] INFO  server.RaftServerConfigKeys (ConfUtils.java:logGet(43)) - raft.server.log.use.memory = false (default)
2019-09-25 04:52:21,371 [pool-137-thread-1] INFO  server.RaftServerConfigKeys (ConfUtils.java:logGet(43)) - raft.server.log.purge.gap = 1000000 (custom)
2019-09-25 04:52:21,371 [pool-137-thread-1] INFO  server.RaftServerConfigKeys (ConfUtils.java:logGet(43)) - raft.server.log.appender.buffer.byte-limit = 33554432 (custom)
2019-09-25 04:52:21,372 [pool-137-thread-1] INFO  server.RaftServerConfigKeys (ConfUtils.java:logGet(43)) - raft.server.log.segment.size.max = 1048576 (custom)
2019-09-25 04:52:21,372 [pool-137-thread-1] INFO  server.RaftServerConfigKeys (ConfUtils.java:logGet(43)) - raft.server.log.segment.cache.num.max = 2 (custom)
2019-09-25 04:52:21,372 [pool-137-thread-1] INFO  segmented.SegmentedRaftLogWorker (SegmentedRaftLogWorker.java:<init>(172)) - new bb4fa670-e092-4403-b4a0-776b8e3a297a@group-6DCBF0F34B42-SegmentedRaftLogWorker for RaftStorage:Storage Directory /workdir/hadoop-ozone/integration-test/target/test-dir/MiniOzoneClusterImpl-d3c81739-79da-4dbe-9ced-b164d958c5b5/datanode-2/data/ratis/b1e6949c-bc38-47f5-b659-6dcbf0f34b42
2019-09-25 04:52:21,372 [pool-137-thread-1] INFO  server.RaftServerConfigKeys (ConfUtils.java:logGet(43)) - raft.server.log.queue.byte-limit = 2147483647 (custom)
2019-09-25 04:52:21,372 [pool-137-thread-1] INFO  server.RaftServerConfigKeys (ConfUtils.java:logGet(43)) - raft.server.log.queue.element-limit = 1024 (custom)
2019-09-25 04:52:21,372 [pool-137-thread-1] INFO  server.RaftServerConfigKeys (ConfUtils.java:logGet(43)) - raft.server.log.segment.size.max = 1048576 (custom)
2019-09-25 04:52:21,373 [pool-137-thread-1] INFO  server.RaftServerConfigKeys (ConfUtils.java:logGet(43)) - raft.server.log.preallocated.size = 16384 (custom)
2019-09-25 04:52:21,373 [pool-137-thread-1] INFO  server.RaftServerConfigKeys (ConfUtils.java:logGet(43)) - raft.server.log.write.buffer.size = 33554432 (custom)
2019-09-25 04:52:21,373 [pool-137-thread-1] INFO  server.RaftServerConfigKeys (ConfUtils.java:logGet(43)) - raft.server.log.force.sync.num = 128 (default)
2019-09-25 04:52:21,373 [pool-137-thread-1] INFO  server.RaftServerConfigKeys (ConfUtils.java:logGet(43)) - raft.server.log.statemachine.data.sync = true (default)
2019-09-25 04:52:21,373 [pool-137-thread-1] INFO  server.RaftServerConfigKeys (ConfUtils.java:logGet(43)) - raft.server.log.statemachine.data.sync.timeout = 10s (default)
2019-09-25 04:52:21,373 [pool-137-thread-1] INFO  server.RaftServerConfigKeys (ConfUtils.java:logGet(43)) - raft.server.log.statemachine.data.sync.timeout.retry = -1 (default)
2019-09-25 04:52:21,374 [pool-137-thread-1] INFO  server.RaftServerConfigKeys (ConfUtils.java:logGet(43)) - raft.server.log.statemachine.data.caching.enabled = true (custom)
2019-09-25 04:52:21,374 [pool-137-thread-1] INFO  segmented.SegmentedRaftLogWorker (SegmentedRaftLogWorker.java:lambda$new$0(132)) - bb4fa670-e092-4403-b4a0-776b8e3a297a@group-6DCBF0F34B42-SegmentedRaftLogWorker: flushIndex: setUnconditionally 0 -> -1
2019-09-25 04:52:21,374 [pool-137-thread-1] INFO  server.RaftServerConfigKeys (ConfUtils.java:logGet(43)) - raft.server.snapshot.auto.trigger.enabled = true (custom)
2019-09-25 04:52:21,374 [pool-137-thread-1] INFO  server.RaftServerConfigKeys (ConfUtils.java:logGet(43)) - raft.server.snapshot.auto.trigger.threshold = 10000 (custom)
2019-09-25 04:52:21,375 [pool-137-thread-1] INFO  server.RaftServerConfigKeys (ConfUtils.java:logGet(43)) - raft.server.snapshot.retention.num.files = 5 (custom)
2019-09-25 04:52:21,375 [pool-137-thread-1] INFO  server.RaftServerConfigKeys (ConfUtils.java:logGet(43)) - raft.server.retrycache.expirytime = 600000ms (custom)
2019-09-25 04:52:21,377 [pool-137-thread-1] INFO  impl.RaftServerImpl (RaftServerImpl.java:start(185)) - bb4fa670-e092-4403-b4a0-776b8e3a297a@group-6DCBF0F34B42: start as a follower, conf=-1: [bb4fa670-e092-4403-b4a0-776b8e3a297a:192.168.164.207:42708], old=null
2019-09-25 04:52:21,378 [pool-137-thread-1] INFO  impl.RaftServerImpl (RaftServerImpl.java:setRole(174)) - bb4fa670-e092-4403-b4a0-776b8e3a297a@group-6DCBF0F34B42: changes role from      null to FOLLOWER at term 0 for startAsFollower
2019-09-25 04:52:21,378 [pool-137-thread-1] INFO  impl.RoleInfo (RoleInfo.java:updateAndGet(143)) - bb4fa670-e092-4403-b4a0-776b8e3a297a: start FollowerState
2019-09-25 04:52:21,378 [pool-137-thread-1] INFO  util.JmxRegister (JmxRegister.java:tryRegister(44)) - Successfully registered JMX Bean with object name Ratis:service=RaftServer,group=group-6DCBF0F34B42,id=bb4fa670-e092-4403-b4a0-776b8e3a297a
2019-09-25 04:52:21,381 [RatisPipelineUtilsThread] INFO  pipeline.PipelineStateManager (PipelineStateManager.java:addPipeline(56)) - Created pipeline Pipeline[ Id: b1e6949c-bc38-47f5-b659-6dcbf0f34b42, Nodes: bb4fa670-e092-4403-b4a0-776b8e3a297a{ip: 192.168.164.207, host: pr-hdds-1569-s44lr-3492059363, networkLocation: /default-rack, certSerialId: null}, Type:RATIS, Factor:ONE, State:OPEN]
2019-09-25 04:52:21,381 [RatisPipelineUtilsThread] INFO  pipeline.PipelinePlacementPolicy (PipelinePlacementPolicy.java:meetCriteria(91)) - Pipeline Placement: can't place more pipeline on heavy datanode： 4370308c-ceb4-49a9-9879-5927b69a5f85 Heaviness: 6 limit: 5
2019-09-25 04:52:21,391 [grpc-default-executor-0] INFO  impl.RaftServerProxy (RaftServerProxy.java:addNew(89)) - 6a547602-9d9f-411f-a61b-6fc980fbe171: addNew group-0C161778EA43:[6a547602-9d9f-411f-a61b-6fc980fbe171:192.168.164.207:41690] returns group-0C161778EA43:java.util.concurrent.CompletableFuture@102b8fcf[Not completed]
2019-09-25 04:52:21,397 [pool-147-thread-1] INFO  impl.RaftServerImpl (RaftServerImpl.java:<init>(95)) - 6a547602-9d9f-411f-a61b-6fc980fbe171: new RaftServerImpl for group-0C161778EA43:[6a547602-9d9f-411f-a61b-6fc980fbe171:192.168.164.207:41690] with ContainerStateMachine:uninitialized
2019-09-25 04:52:21,397 [pool-147-thread-1] INFO  server.RaftServerConfigKeys (ConfUtils.java:logGet(43)) - raft.server.rpc.timeout.min = 5s (custom)
2019-09-25 04:52:21,397 [pool-147-thread-1] INFO  server.RaftServerConfigKeys (ConfUtils.java:logGet(43)) - raft.server.rpc.timeout.max = 5200ms (custom)
2019-09-25 04:52:21,397 [pool-147-thread-1] INFO  server.RaftServerConfigKeys (ConfUtils.java:logGet(43)) - raft.server.rpcslowness.timeout = 120s (custom)
2019-09-25 04:52:21,398 [pool-147-thread-1] INFO  server.RaftServerConfigKeys (ConfUtils.java:logGet(43)) - raft.server.sleep.deviation.threshold = 300 (default)
2019-09-25 04:52:21,398 [pool-147-thread-1] INFO  server.RaftServerConfigKeys (ConfUtils.java:logGet(43)) - raft.server.log.appender.install.snapshot.enabled = false (custom)
2019-09-25 04:52:21,398 [pool-147-thread-1] INFO  impl.RaftServerImpl (ServerState.java:<init>(103)) - 6a547602-9d9f-411f-a61b-6fc980fbe171@group-0C161778EA43: ConfigurationManager, init=-1: [6a547602-9d9f-411f-a61b-6fc980fbe171:192.168.164.207:41690], old=null, confs=<EMPTY_MAP>
2019-09-25 04:52:21,398 [pool-147-thread-1] INFO  server.RaftServerConfigKeys (ConfUtils.java:logGet(43)) - raft.server.storage.dir = [/workdir/hadoop-ozone/integration-test/target/test-dir/MiniOzoneClusterImpl-d3c81739-79da-4dbe-9ced-b164d958c5b5/datanode-3/data/ratis] (custom)
2019-09-25 04:52:21,399 [pool-147-thread-1] INFO  storage.RaftStorageDirectory (RaftStorageDirectory.java:analyzeStorage(246)) - The storage directory /workdir/hadoop-ozone/integration-test/target/test-dir/MiniOzoneClusterImpl-d3c81739-79da-4dbe-9ced-b164d958c5b5/datanode-3/data/ratis/088cc058-e0c0-43cf-a02e-0c161778ea43 does not exist. Creating ...
2019-09-25 04:52:21,411 [pool-147-thread-1] INFO  storage.RaftStorageDirectory (RaftStorageDirectory.java:tryLock(328)) - Lock on /workdir/hadoop-ozone/integration-test/target/test-dir/MiniOzoneClusterImpl-d3c81739-79da-4dbe-9ced-b164d958c5b5/datanode-3/data/ratis/088cc058-e0c0-43cf-a02e-0c161778ea43/in_use.lock acquired by nodename 13544@pr-hdds-1569-s44lr-3492059363
2019-09-25 04:52:21,424 [pool-147-thread-1] INFO  storage.RaftStorage (RaftStorage.java:format(72)) - Storage directory /workdir/hadoop-ozone/integration-test/target/test-dir/MiniOzoneClusterImpl-d3c81739-79da-4dbe-9ced-b164d958c5b5/datanode-3/data/ratis/088cc058-e0c0-43cf-a02e-0c161778ea43 has been successfully formatted.
2019-09-25 04:52:21,424 [pool-147-thread-1] INFO  ratis.ContainerStateMachine (ContainerStateMachine.java:loadSnapshot(230)) - group-0C161778EA43: The snapshot info is null. Setting the last applied indexto:(t:0, i:~)
2019-09-25 04:52:21,424 [pool-147-thread-1] INFO  server.RaftServerConfigKeys (ConfUtils.java:logGet(43)) - raft.server.notification.no-leader.timeout = 120s (custom)
2019-09-25 04:52:21,425 [pool-147-thread-1] INFO  server.RaftServerConfigKeys (ConfUtils.java:logGet(43)) - raft.server.log.use.memory = false (default)
2019-09-25 04:52:21,425 [pool-147-thread-1] INFO  server.RaftServerConfigKeys (ConfUtils.java:logGet(43)) - raft.server.log.purge.gap = 1000000 (custom)
2019-09-25 04:52:21,425 [pool-147-thread-1] INFO  server.RaftServerConfigKeys (ConfUtils.java:logGet(43)) - raft.server.log.appender.buffer.byte-limit = 33554432 (custom)
2019-09-25 04:52:21,425 [pool-147-thread-1] INFO  server.RaftServerConfigKeys (ConfUtils.java:logGet(43)) - raft.server.log.segment.size.max = 1048576 (custom)
2019-09-25 04:52:21,425 [pool-147-thread-1] INFO  server.RaftServerConfigKeys (ConfUtils.java:logGet(43)) - raft.server.log.segment.cache.num.max = 2 (custom)
2019-09-25 04:52:21,425 [pool-147-thread-1] INFO  segmented.SegmentedRaftLogWorker (SegmentedRaftLogWorker.java:<init>(172)) - new 6a547602-9d9f-411f-a61b-6fc980fbe171@group-0C161778EA43-SegmentedRaftLogWorker for RaftStorage:Storage Directory /workdir/hadoop-ozone/integration-test/target/test-dir/MiniOzoneClusterImpl-d3c81739-79da-4dbe-9ced-b164d958c5b5/datanode-3/data/ratis/088cc058-e0c0-43cf-a02e-0c161778ea43
2019-09-25 04:52:21,428 [pool-147-thread-1] INFO  server.RaftServerConfigKeys (ConfUtils.java:logGet(43)) - raft.server.log.queue.byte-limit = 2147483647 (custom)
2019-09-25 04:52:21,428 [pool-147-thread-1] INFO  server.RaftServerConfigKeys (ConfUtils.java:logGet(43)) - raft.server.log.queue.element-limit = 1024 (custom)
2019-09-25 04:52:21,428 [pool-147-thread-1] INFO  server.RaftServerConfigKeys (ConfUtils.java:logGet(43)) - raft.server.log.segment.size.max = 1048576 (custom)
2019-09-25 04:52:21,428 [pool-147-thread-1] INFO  server.RaftServerConfigKeys (ConfUtils.java:logGet(43)) - raft.server.log.preallocated.size = 16384 (custom)
2019-09-25 04:52:21,428 [pool-147-thread-1] INFO  server.RaftServerConfigKeys (ConfUtils.java:logGet(43)) - raft.server.log.write.buffer.size = 33554432 (custom)
2019-09-25 04:52:21,428 [pool-147-thread-1] INFO  server.RaftServerConfigKeys (ConfUtils.java:logGet(43)) - raft.server.log.force.sync.num = 128 (default)
2019-09-25 04:52:21,428 [pool-147-thread-1] INFO  server.RaftServerConfigKeys (ConfUtils.java:logGet(43)) - raft.server.log.statemachine.data.sync = true (default)
2019-09-25 04:52:21,429 [pool-147-thread-1] INFO  server.RaftServerConfigKeys (ConfUtils.java:logGet(43)) - raft.server.log.statemachine.data.sync.timeout = 10s (default)
2019-09-25 04:52:21,429 [pool-147-thread-1] INFO  server.RaftServerConfigKeys (ConfUtils.java:logGet(43)) - raft.server.log.statemachine.data.sync.timeout.retry = -1 (default)
2019-09-25 04:52:21,429 [pool-147-thread-1] INFO  server.RaftServerConfigKeys (ConfUtils.java:logGet(43)) - raft.server.log.statemachine.data.caching.enabled = true (custom)
2019-09-25 04:52:21,429 [pool-147-thread-1] INFO  segmented.SegmentedRaftLogWorker (SegmentedRaftLogWorker.java:lambda$new$0(132)) - 6a547602-9d9f-411f-a61b-6fc980fbe171@group-0C161778EA43-SegmentedRaftLogWorker: flushIndex: setUnconditionally 0 -> -1
2019-09-25 04:52:21,430 [pool-147-thread-1] INFO  server.RaftServerConfigKeys (ConfUtils.java:logGet(43)) - raft.server.snapshot.auto.trigger.enabled = true (custom)
2019-09-25 04:52:21,430 [pool-147-thread-1] INFO  server.RaftServerConfigKeys (ConfUtils.java:logGet(43)) - raft.server.snapshot.auto.trigger.threshold = 10000 (custom)
2019-09-25 04:52:21,430 [pool-147-thread-1] INFO  server.RaftServerConfigKeys (ConfUtils.java:logGet(43)) - raft.server.snapshot.retention.num.files = 5 (custom)
2019-09-25 04:52:21,430 [pool-147-thread-1] INFO  server.RaftServerConfigKeys (ConfUtils.java:logGet(43)) - raft.server.retrycache.expirytime = 600000ms (custom)
2019-09-25 04:52:21,432 [pool-147-thread-1] INFO  impl.RaftServerImpl (RaftServerImpl.java:start(185)) - 6a547602-9d9f-411f-a61b-6fc980fbe171@group-0C161778EA43: start as a follower, conf=-1: [6a547602-9d9f-411f-a61b-6fc980fbe171:192.168.164.207:41690], old=null
2019-09-25 04:52:21,432 [pool-147-thread-1] INFO  impl.RaftServerImpl (RaftServerImpl.java:setRole(174)) - 6a547602-9d9f-411f-a61b-6fc980fbe171@group-0C161778EA43: changes role from      null to FOLLOWER at term 0 for startAsFollower
2019-09-25 04:52:21,432 [pool-147-thread-1] INFO  impl.RoleInfo (RoleInfo.java:updateAndGet(143)) - 6a547602-9d9f-411f-a61b-6fc980fbe171: start FollowerState
2019-09-25 04:52:21,433 [pool-147-thread-1] INFO  util.JmxRegister (JmxRegister.java:tryRegister(44)) - Successfully registered JMX Bean with object name Ratis:service=RaftServer,group=group-0C161778EA43,id=6a547602-9d9f-411f-a61b-6fc980fbe171
2019-09-25 04:52:21,436 [RatisPipelineUtilsThread] INFO  pipeline.PipelineStateManager (PipelineStateManager.java:addPipeline(56)) - Created pipeline Pipeline[ Id: 088cc058-e0c0-43cf-a02e-0c161778ea43, Nodes: 6a547602-9d9f-411f-a61b-6fc980fbe171{ip: 192.168.164.207, host: pr-hdds-1569-s44lr-3492059363, networkLocation: /default-rack, certSerialId: null}, Type:RATIS, Factor:ONE, State:OPEN]
2019-09-25 04:52:21,436 [RatisPipelineUtilsThread] INFO  pipeline.PipelinePlacementPolicy (PipelinePlacementPolicy.java:meetCriteria(91)) - Pipeline Placement: can't place more pipeline on heavy datanode： 4370308c-ceb4-49a9-9879-5927b69a5f85 Heaviness: 6 limit: 5
2019-09-25 04:52:21,443 [grpc-default-executor-0] INFO  impl.RaftServerProxy (RaftServerProxy.java:addNew(89)) - 94bde7ca-9af4-4c06-8221-a867c8f279fc: addNew group-FBA11D64C91A:[94bde7ca-9af4-4c06-8221-a867c8f279fc:192.168.164.207:37773] returns group-FBA11D64C91A:java.util.concurrent.CompletableFuture@93964e3[Not completed]
2019-09-25 04:52:21,445 [pool-157-thread-1] INFO  impl.RaftServerImpl (RaftServerImpl.java:<init>(95)) - 94bde7ca-9af4-4c06-8221-a867c8f279fc: new RaftServerImpl for group-FBA11D64C91A:[94bde7ca-9af4-4c06-8221-a867c8f279fc:192.168.164.207:37773] with ContainerStateMachine:uninitialized
2019-09-25 04:52:21,445 [pool-157-thread-1] INFO  server.RaftServerConfigKeys (ConfUtils.java:logGet(43)) - raft.server.rpc.timeout.min = 5s (custom)
2019-09-25 04:52:21,445 [pool-157-thread-1] INFO  server.RaftServerConfigKeys (ConfUtils.java:logGet(43)) - raft.server.rpc.timeout.max = 5200ms (custom)
2019-09-25 04:52:21,445 [pool-157-thread-1] INFO  server.RaftServerConfigKeys (ConfUtils.java:logGet(43)) - raft.server.rpcslowness.timeout = 120s (custom)
2019-09-25 04:52:21,445 [pool-157-thread-1] INFO  server.RaftServerConfigKeys (ConfUtils.java:logGet(43)) - raft.server.sleep.deviation.threshold = 300 (default)
2019-09-25 04:52:21,445 [pool-157-thread-1] INFO  server.RaftServerConfigKeys (ConfUtils.java:logGet(43)) - raft.server.log.appender.install.snapshot.enabled = false (custom)
2019-09-25 04:52:21,446 [pool-157-thread-1] INFO  impl.RaftServerImpl (ServerState.java:<init>(103)) - 94bde7ca-9af4-4c06-8221-a867c8f279fc@group-FBA11D64C91A: ConfigurationManager, init=-1: [94bde7ca-9af4-4c06-8221-a867c8f279fc:192.168.164.207:37773], old=null, confs=<EMPTY_MAP>
2019-09-25 04:52:21,446 [pool-157-thread-1] INFO  server.RaftServerConfigKeys (ConfUtils.java:logGet(43)) - raft.server.storage.dir = [/workdir/hadoop-ozone/integration-test/target/test-dir/MiniOzoneClusterImpl-d3c81739-79da-4dbe-9ced-b164d958c5b5/datanode-4/data/ratis] (custom)
2019-09-25 04:52:21,446 [pool-157-thread-1] INFO  storage.RaftStorageDirectory (RaftStorageDirectory.java:analyzeStorage(246)) - The storage directory /workdir/hadoop-ozone/integration-test/target/test-dir/MiniOzoneClusterImpl-d3c81739-79da-4dbe-9ced-b164d958c5b5/datanode-4/data/ratis/9c6cf47a-e2b9-4443-a2da-fba11d64c91a does not exist. Creating ...
2019-09-25 04:52:21,486 [pool-157-thread-1] INFO  storage.RaftStorageDirectory (RaftStorageDirectory.java:tryLock(328)) - Lock on /workdir/hadoop-ozone/integration-test/target/test-dir/MiniOzoneClusterImpl-d3c81739-79da-4dbe-9ced-b164d958c5b5/datanode-4/data/ratis/9c6cf47a-e2b9-4443-a2da-fba11d64c91a/in_use.lock acquired by nodename 13544@pr-hdds-1569-s44lr-3492059363
2019-09-25 04:52:21,512 [pool-157-thread-1] INFO  storage.RaftStorage (RaftStorage.java:format(72)) - Storage directory /workdir/hadoop-ozone/integration-test/target/test-dir/MiniOzoneClusterImpl-d3c81739-79da-4dbe-9ced-b164d958c5b5/datanode-4/data/ratis/9c6cf47a-e2b9-4443-a2da-fba11d64c91a has been successfully formatted.
2019-09-25 04:52:21,512 [pool-157-thread-1] INFO  ratis.ContainerStateMachine (ContainerStateMachine.java:loadSnapshot(230)) - group-FBA11D64C91A: The snapshot info is null. Setting the last applied indexto:(t:0, i:~)
2019-09-25 04:52:21,512 [pool-157-thread-1] INFO  server.RaftServerConfigKeys (ConfUtils.java:logGet(43)) - raft.server.notification.no-leader.timeout = 120s (custom)
2019-09-25 04:52:21,513 [pool-157-thread-1] INFO  server.RaftServerConfigKeys (ConfUtils.java:logGet(43)) - raft.server.log.use.memory = false (default)
2019-09-25 04:52:21,513 [pool-157-thread-1] INFO  server.RaftServerConfigKeys (ConfUtils.java:logGet(43)) - raft.server.log.purge.gap = 1000000 (custom)
2019-09-25 04:52:21,513 [pool-157-thread-1] INFO  server.RaftServerConfigKeys (ConfUtils.java:logGet(43)) - raft.server.log.appender.buffer.byte-limit = 33554432 (custom)
2019-09-25 04:52:21,513 [pool-157-thread-1] INFO  server.RaftServerConfigKeys (ConfUtils.java:logGet(43)) - raft.server.log.segment.size.max = 1048576 (custom)
2019-09-25 04:52:21,513 [pool-157-thread-1] INFO  server.RaftServerConfigKeys (ConfUtils.java:logGet(43)) - raft.server.log.segment.cache.num.max = 2 (custom)
2019-09-25 04:52:21,513 [pool-157-thread-1] INFO  segmented.SegmentedRaftLogWorker (SegmentedRaftLogWorker.java:<init>(172)) - new 94bde7ca-9af4-4c06-8221-a867c8f279fc@group-FBA11D64C91A-SegmentedRaftLogWorker for RaftStorage:Storage Directory /workdir/hadoop-ozone/integration-test/target/test-dir/MiniOzoneClusterImpl-d3c81739-79da-4dbe-9ced-b164d958c5b5/datanode-4/data/ratis/9c6cf47a-e2b9-4443-a2da-fba11d64c91a
2019-09-25 04:52:21,514 [pool-157-thread-1] INFO  server.RaftServerConfigKeys (ConfUtils.java:logGet(43)) - raft.server.log.queue.byte-limit = 2147483647 (custom)
2019-09-25 04:52:21,514 [pool-157-thread-1] INFO  server.RaftServerConfigKeys (ConfUtils.java:logGet(43)) - raft.server.log.queue.element-limit = 1024 (custom)
2019-09-25 04:52:21,514 [pool-157-thread-1] INFO  server.RaftServerConfigKeys (ConfUtils.java:logGet(43)) - raft.server.log.segment.size.max = 1048576 (custom)
2019-09-25 04:52:21,514 [pool-157-thread-1] INFO  server.RaftServerConfigKeys (ConfUtils.java:logGet(43)) - raft.server.log.preallocated.size = 16384 (custom)
2019-09-25 04:52:21,514 [pool-157-thread-1] INFO  server.RaftServerConfigKeys (ConfUtils.java:logGet(43)) - raft.server.log.write.buffer.size = 33554432 (custom)
2019-09-25 04:52:21,514 [pool-157-thread-1] INFO  server.RaftServerConfigKeys (ConfUtils.java:logGet(43)) - raft.server.log.force.sync.num = 128 (default)
2019-09-25 04:52:21,514 [pool-157-thread-1] INFO  server.RaftServerConfigKeys (ConfUtils.java:logGet(43)) - raft.server.log.statemachine.data.sync = true (default)
2019-09-25 04:52:21,515 [pool-157-thread-1] INFO  server.RaftServerConfigKeys (ConfUtils.java:logGet(43)) - raft.server.log.statemachine.data.sync.timeout = 10s (default)
2019-09-25 04:52:21,515 [pool-157-thread-1] INFO  server.RaftServerConfigKeys (ConfUtils.java:logGet(43)) - raft.server.log.statemachine.data.sync.timeout.retry = -1 (default)
2019-09-25 04:52:21,515 [pool-157-thread-1] INFO  server.RaftServerConfigKeys (ConfUtils.java:logGet(43)) - raft.server.log.statemachine.data.caching.enabled = true (custom)
2019-09-25 04:52:21,515 [pool-157-thread-1] INFO  segmented.SegmentedRaftLogWorker (SegmentedRaftLogWorker.java:lambda$new$0(132)) - 94bde7ca-9af4-4c06-8221-a867c8f279fc@group-FBA11D64C91A-SegmentedRaftLogWorker: flushIndex: setUnconditionally 0 -> -1
2019-09-25 04:52:21,516 [pool-157-thread-1] INFO  server.RaftServerConfigKeys (ConfUtils.java:logGet(43)) - raft.server.snapshot.auto.trigger.enabled = true (custom)
2019-09-25 04:52:21,516 [pool-157-thread-1] INFO  server.RaftServerConfigKeys (ConfUtils.java:logGet(43)) - raft.server.snapshot.auto.trigger.threshold = 10000 (custom)
2019-09-25 04:52:21,516 [pool-157-thread-1] INFO  server.RaftServerConfigKeys (ConfUtils.java:logGet(43)) - raft.server.snapshot.retention.num.files = 5 (custom)
2019-09-25 04:52:21,516 [pool-157-thread-1] INFO  server.RaftServerConfigKeys (ConfUtils.java:logGet(43)) - raft.server.retrycache.expirytime = 600000ms (custom)
2019-09-25 04:52:21,519 [pool-157-thread-1] INFO  impl.RaftServerImpl (RaftServerImpl.java:start(185)) - 94bde7ca-9af4-4c06-8221-a867c8f279fc@group-FBA11D64C91A: start as a follower, conf=-1: [94bde7ca-9af4-4c06-8221-a867c8f279fc:192.168.164.207:37773], old=null
2019-09-25 04:52:21,519 [pool-157-thread-1] INFO  impl.RaftServerImpl (RaftServerImpl.java:setRole(174)) - 94bde7ca-9af4-4c06-8221-a867c8f279fc@group-FBA11D64C91A: changes role from      null to FOLLOWER at term 0 for startAsFollower
2019-09-25 04:52:21,519 [pool-157-thread-1] INFO  impl.RoleInfo (RoleInfo.java:updateAndGet(143)) - 94bde7ca-9af4-4c06-8221-a867c8f279fc: start FollowerState
2019-09-25 04:52:21,519 [pool-157-thread-1] INFO  util.JmxRegister (JmxRegister.java:tryRegister(44)) - Successfully registered JMX Bean with object name Ratis:service=RaftServer,group=group-FBA11D64C91A,id=94bde7ca-9af4-4c06-8221-a867c8f279fc
2019-09-25 04:52:21,524 [RatisPipelineUtilsThread] INFO  pipeline.PipelineStateManager (PipelineStateManager.java:addPipeline(56)) - Created pipeline Pipeline[ Id: 9c6cf47a-e2b9-4443-a2da-fba11d64c91a, Nodes: 94bde7ca-9af4-4c06-8221-a867c8f279fc{ip: 192.168.164.207, host: pr-hdds-1569-s44lr-3492059363, networkLocation: /default-rack, certSerialId: null}, Type:RATIS, Factor:ONE, State:OPEN]
2019-09-25 04:52:21,524 [RatisPipelineUtilsThread] INFO  pipeline.PipelinePlacementPolicy (PipelinePlacementPolicy.java:meetCriteria(91)) - Pipeline Placement: can't place more pipeline on heavy datanode： 4370308c-ceb4-49a9-9879-5927b69a5f85 Heaviness: 6 limit: 5
2019-09-25 04:52:21,530 [grpc-default-executor-0] INFO  impl.RaftServerProxy (RaftServerProxy.java:addNew(89)) - 6a547602-9d9f-411f-a61b-6fc980fbe171: addNew group-3D7ABC203D4B:[6a547602-9d9f-411f-a61b-6fc980fbe171:192.168.164.207:41690] returns group-3D7ABC203D4B:java.util.concurrent.CompletableFuture@6a8f74e5[Not completed]
2019-09-25 04:52:21,531 [pool-147-thread-1] INFO  impl.RaftServerImpl (RaftServerImpl.java:<init>(95)) - 6a547602-9d9f-411f-a61b-6fc980fbe171: new RaftServerImpl for group-3D7ABC203D4B:[6a547602-9d9f-411f-a61b-6fc980fbe171:192.168.164.207:41690] with ContainerStateMachine:uninitialized
2019-09-25 04:52:21,532 [pool-147-thread-1] INFO  server.RaftServerConfigKeys (ConfUtils.java:logGet(43)) - raft.server.rpc.timeout.min = 5s (custom)
2019-09-25 04:52:21,532 [pool-147-thread-1] INFO  server.RaftServerConfigKeys (ConfUtils.java:logGet(43)) - raft.server.rpc.timeout.max = 5200ms (custom)
2019-09-25 04:52:21,532 [pool-147-thread-1] INFO  server.RaftServerConfigKeys (ConfUtils.java:logGet(43)) - raft.server.rpcslowness.timeout = 120s (custom)
2019-09-25 04:52:21,532 [pool-147-thread-1] INFO  server.RaftServerConfigKeys (ConfUtils.java:logGet(43)) - raft.server.sleep.deviation.threshold = 300 (default)
2019-09-25 04:52:21,532 [pool-147-thread-1] INFO  server.RaftServerConfigKeys (ConfUtils.java:logGet(43)) - raft.server.log.appender.install.snapshot.enabled = false (custom)
2019-09-25 04:52:21,532 [pool-147-thread-1] INFO  impl.RaftServerImpl (ServerState.java:<init>(103)) - 6a547602-9d9f-411f-a61b-6fc980fbe171@group-3D7ABC203D4B: ConfigurationManager, init=-1: [6a547602-9d9f-411f-a61b-6fc980fbe171:192.168.164.207:41690], old=null, confs=<EMPTY_MAP>
2019-09-25 04:52:21,533 [pool-147-thread-1] INFO  server.RaftServerConfigKeys (ConfUtils.java:logGet(43)) - raft.server.storage.dir = [/workdir/hadoop-ozone/integration-test/target/test-dir/MiniOzoneClusterImpl-d3c81739-79da-4dbe-9ced-b164d958c5b5/datanode-3/data/ratis] (custom)
2019-09-25 04:52:21,533 [pool-147-thread-1] INFO  storage.RaftStorageDirectory (RaftStorageDirectory.java:analyzeStorage(246)) - The storage directory /workdir/hadoop-ozone/integration-test/target/test-dir/MiniOzoneClusterImpl-d3c81739-79da-4dbe-9ced-b164d958c5b5/datanode-3/data/ratis/c5cdb053-d9e2-41a9-800e-3d7abc203d4b does not exist. Creating ...
2019-09-25 04:52:21,546 [pool-147-thread-1] INFO  storage.RaftStorageDirectory (RaftStorageDirectory.java:tryLock(328)) - Lock on /workdir/hadoop-ozone/integration-test/target/test-dir/MiniOzoneClusterImpl-d3c81739-79da-4dbe-9ced-b164d958c5b5/datanode-3/data/ratis/c5cdb053-d9e2-41a9-800e-3d7abc203d4b/in_use.lock acquired by nodename 13544@pr-hdds-1569-s44lr-3492059363
2019-09-25 04:52:21,560 [pool-147-thread-1] INFO  storage.RaftStorage (RaftStorage.java:format(72)) - Storage directory /workdir/hadoop-ozone/integration-test/target/test-dir/MiniOzoneClusterImpl-d3c81739-79da-4dbe-9ced-b164d958c5b5/datanode-3/data/ratis/c5cdb053-d9e2-41a9-800e-3d7abc203d4b has been successfully formatted.
2019-09-25 04:52:21,560 [pool-147-thread-1] INFO  ratis.ContainerStateMachine (ContainerStateMachine.java:loadSnapshot(230)) - group-3D7ABC203D4B: The snapshot info is null. Setting the last applied indexto:(t:0, i:~)
2019-09-25 04:52:21,561 [pool-147-thread-1] INFO  server.RaftServerConfigKeys (ConfUtils.java:logGet(43)) - raft.server.notification.no-leader.timeout = 120s (custom)
2019-09-25 04:52:21,561 [pool-147-thread-1] INFO  server.RaftServerConfigKeys (ConfUtils.java:logGet(43)) - raft.server.log.use.memory = false (default)
2019-09-25 04:52:21,561 [pool-147-thread-1] INFO  server.RaftServerConfigKeys (ConfUtils.java:logGet(43)) - raft.server.log.purge.gap = 1000000 (custom)
2019-09-25 04:52:21,561 [pool-147-thread-1] INFO  server.RaftServerConfigKeys (ConfUtils.java:logGet(43)) - raft.server.log.appender.buffer.byte-limit = 33554432 (custom)
2019-09-25 04:52:21,561 [pool-147-thread-1] INFO  server.RaftServerConfigKeys (ConfUtils.java:logGet(43)) - raft.server.log.segment.size.max = 1048576 (custom)
2019-09-25 04:52:21,561 [pool-147-thread-1] INFO  server.RaftServerConfigKeys (ConfUtils.java:logGet(43)) - raft.server.log.segment.cache.num.max = 2 (custom)
2019-09-25 04:52:21,562 [pool-147-thread-1] INFO  segmented.SegmentedRaftLogWorker (SegmentedRaftLogWorker.java:<init>(172)) - new 6a547602-9d9f-411f-a61b-6fc980fbe171@group-3D7ABC203D4B-SegmentedRaftLogWorker for RaftStorage:Storage Directory /workdir/hadoop-ozone/integration-test/target/test-dir/MiniOzoneClusterImpl-d3c81739-79da-4dbe-9ced-b164d958c5b5/datanode-3/data/ratis/c5cdb053-d9e2-41a9-800e-3d7abc203d4b
2019-09-25 04:52:21,562 [pool-147-thread-1] INFO  server.RaftServerConfigKeys (ConfUtils.java:logGet(43)) - raft.server.log.queue.byte-limit = 2147483647 (custom)
2019-09-25 04:52:21,562 [pool-147-thread-1] INFO  server.RaftServerConfigKeys (ConfUtils.java:logGet(43)) - raft.server.log.queue.element-limit = 1024 (custom)
2019-09-25 04:52:21,562 [pool-147-thread-1] INFO  server.RaftServerConfigKeys (ConfUtils.java:logGet(43)) - raft.server.log.segment.size.max = 1048576 (custom)
2019-09-25 04:52:21,562 [pool-147-thread-1] INFO  server.RaftServerConfigKeys (ConfUtils.java:logGet(43)) - raft.server.log.preallocated.size = 16384 (custom)
2019-09-25 04:52:21,562 [pool-147-thread-1] INFO  server.RaftServerConfigKeys (ConfUtils.java:logGet(43)) - raft.server.log.write.buffer.size = 33554432 (custom)
2019-09-25 04:52:21,563 [pool-147-thread-1] INFO  server.RaftServerConfigKeys (ConfUtils.java:logGet(43)) - raft.server.log.force.sync.num = 128 (default)
2019-09-25 04:52:21,563 [pool-147-thread-1] INFO  server.RaftServerConfigKeys (ConfUtils.java:logGet(43)) - raft.server.log.statemachine.data.sync = true (default)
2019-09-25 04:52:21,563 [pool-147-thread-1] INFO  server.RaftServerConfigKeys (ConfUtils.java:logGet(43)) - raft.server.log.statemachine.data.sync.timeout = 10s (default)
2019-09-25 04:52:21,563 [pool-147-thread-1] INFO  server.RaftServerConfigKeys (ConfUtils.java:logGet(43)) - raft.server.log.statemachine.data.sync.timeout.retry = -1 (default)
2019-09-25 04:52:21,563 [pool-147-thread-1] INFO  server.RaftServerConfigKeys (ConfUtils.java:logGet(43)) - raft.server.log.statemachine.data.caching.enabled = true (custom)
2019-09-25 04:52:21,564 [pool-147-thread-1] INFO  segmented.SegmentedRaftLogWorker (SegmentedRaftLogWorker.java:lambda$new$0(132)) - 6a547602-9d9f-411f-a61b-6fc980fbe171@group-3D7ABC203D4B-SegmentedRaftLogWorker: flushIndex: setUnconditionally 0 -> -1
2019-09-25 04:52:21,564 [pool-147-thread-1] INFO  server.RaftServerConfigKeys (ConfUtils.java:logGet(43)) - raft.server.snapshot.auto.trigger.enabled = true (custom)
2019-09-25 04:52:21,564 [pool-147-thread-1] INFO  server.RaftServerConfigKeys (ConfUtils.java:logGet(43)) - raft.server.snapshot.auto.trigger.threshold = 10000 (custom)
2019-09-25 04:52:21,564 [pool-147-thread-1] INFO  server.RaftServerConfigKeys (ConfUtils.java:logGet(43)) - raft.server.snapshot.retention.num.files = 5 (custom)
2019-09-25 04:52:21,564 [pool-147-thread-1] INFO  server.RaftServerConfigKeys (ConfUtils.java:logGet(43)) - raft.server.retrycache.expirytime = 600000ms (custom)
2019-09-25 04:52:21,568 [pool-147-thread-1] INFO  impl.RaftServerImpl (RaftServerImpl.java:start(185)) - 6a547602-9d9f-411f-a61b-6fc980fbe171@group-3D7ABC203D4B: start as a follower, conf=-1: [6a547602-9d9f-411f-a61b-6fc980fbe171:192.168.164.207:41690], old=null
2019-09-25 04:52:21,568 [pool-147-thread-1] INFO  impl.RaftServerImpl (RaftServerImpl.java:setRole(174)) - 6a547602-9d9f-411f-a61b-6fc980fbe171@group-3D7ABC203D4B: changes role from      null to FOLLOWER at term 0 for startAsFollower
2019-09-25 04:52:21,568 [pool-147-thread-1] INFO  impl.RoleInfo (RoleInfo.java:updateAndGet(143)) - 6a547602-9d9f-411f-a61b-6fc980fbe171: start FollowerState
2019-09-25 04:52:21,568 [pool-147-thread-1] INFO  util.JmxRegister (JmxRegister.java:tryRegister(44)) - Successfully registered JMX Bean with object name Ratis:service=RaftServer,group=group-3D7ABC203D4B,id=6a547602-9d9f-411f-a61b-6fc980fbe171
2019-09-25 04:52:21,571 [RatisPipelineUtilsThread] INFO  pipeline.PipelineStateManager (PipelineStateManager.java:addPipeline(56)) - Created pipeline Pipeline[ Id: c5cdb053-d9e2-41a9-800e-3d7abc203d4b, Nodes: 6a547602-9d9f-411f-a61b-6fc980fbe171{ip: 192.168.164.207, host: pr-hdds-1569-s44lr-3492059363, networkLocation: /default-rack, certSerialId: null}, Type:RATIS, Factor:ONE, State:OPEN]
2019-09-25 04:52:21,572 [RatisPipelineUtilsThread] INFO  pipeline.PipelinePlacementPolicy (PipelinePlacementPolicy.java:meetCriteria(91)) - Pipeline Placement: can't place more pipeline on heavy datanode： 4370308c-ceb4-49a9-9879-5927b69a5f85 Heaviness: 6 limit: 5
2019-09-25 04:52:21,576 [grpc-default-executor-0] INFO  impl.RaftServerProxy (RaftServerProxy.java:addNew(89)) - bb4fa670-e092-4403-b4a0-776b8e3a297a: addNew group-19337A119843:[bb4fa670-e092-4403-b4a0-776b8e3a297a:192.168.164.207:42708] returns group-19337A119843:java.util.concurrent.CompletableFuture@1db2603f[Not completed]
2019-09-25 04:52:21,578 [pool-137-thread-1] INFO  impl.RaftServerImpl (RaftServerImpl.java:<init>(95)) - bb4fa670-e092-4403-b4a0-776b8e3a297a: new RaftServerImpl for group-19337A119843:[bb4fa670-e092-4403-b4a0-776b8e3a297a:192.168.164.207:42708] with ContainerStateMachine:uninitialized
2019-09-25 04:52:21,578 [pool-137-thread-1] INFO  server.RaftServerConfigKeys (ConfUtils.java:logGet(43)) - raft.server.rpc.timeout.min = 5s (custom)
2019-09-25 04:52:21,578 [pool-137-thread-1] INFO  server.RaftServerConfigKeys (ConfUtils.java:logGet(43)) - raft.server.rpc.timeout.max = 5200ms (custom)
2019-09-25 04:52:21,578 [pool-137-thread-1] INFO  server.RaftServerConfigKeys (ConfUtils.java:logGet(43)) - raft.server.rpcslowness.timeout = 120s (custom)
2019-09-25 04:52:21,578 [pool-137-thread-1] INFO  server.RaftServerConfigKeys (ConfUtils.java:logGet(43)) - raft.server.sleep.deviation.threshold = 300 (default)
2019-09-25 04:52:21,578 [pool-137-thread-1] INFO  server.RaftServerConfigKeys (ConfUtils.java:logGet(43)) - raft.server.log.appender.install.snapshot.enabled = false (custom)
2019-09-25 04:52:21,579 [pool-137-thread-1] INFO  impl.RaftServerImpl (ServerState.java:<init>(103)) - bb4fa670-e092-4403-b4a0-776b8e3a297a@group-19337A119843: ConfigurationManager, init=-1: [bb4fa670-e092-4403-b4a0-776b8e3a297a:192.168.164.207:42708], old=null, confs=<EMPTY_MAP>
2019-09-25 04:52:21,579 [pool-137-thread-1] INFO  server.RaftServerConfigKeys (ConfUtils.java:logGet(43)) - raft.server.storage.dir = [/workdir/hadoop-ozone/integration-test/target/test-dir/MiniOzoneClusterImpl-d3c81739-79da-4dbe-9ced-b164d958c5b5/datanode-2/data/ratis] (custom)
2019-09-25 04:52:21,579 [pool-137-thread-1] INFO  storage.RaftStorageDirectory (RaftStorageDirectory.java:analyzeStorage(246)) - The storage directory /workdir/hadoop-ozone/integration-test/target/test-dir/MiniOzoneClusterImpl-d3c81739-79da-4dbe-9ced-b164d958c5b5/datanode-2/data/ratis/733aa3a9-c5c4-4ab6-8415-19337a119843 does not exist. Creating ...
2019-09-25 04:52:21,592 [pool-137-thread-1] INFO  storage.RaftStorageDirectory (RaftStorageDirectory.java:tryLock(328)) - Lock on /workdir/hadoop-ozone/integration-test/target/test-dir/MiniOzoneClusterImpl-d3c81739-79da-4dbe-9ced-b164d958c5b5/datanode-2/data/ratis/733aa3a9-c5c4-4ab6-8415-19337a119843/in_use.lock acquired by nodename 13544@pr-hdds-1569-s44lr-3492059363
2019-09-25 04:52:21,606 [pool-137-thread-1] INFO  storage.RaftStorage (RaftStorage.java:format(72)) - Storage directory /workdir/hadoop-ozone/integration-test/target/test-dir/MiniOzoneClusterImpl-d3c81739-79da-4dbe-9ced-b164d958c5b5/datanode-2/data/ratis/733aa3a9-c5c4-4ab6-8415-19337a119843 has been successfully formatted.
2019-09-25 04:52:21,606 [pool-137-thread-1] INFO  ratis.ContainerStateMachine (ContainerStateMachine.java:loadSnapshot(230)) - group-19337A119843: The snapshot info is null. Setting the last applied indexto:(t:0, i:~)
2019-09-25 04:52:21,606 [pool-137-thread-1] INFO  server.RaftServerConfigKeys (ConfUtils.java:logGet(43)) - raft.server.notification.no-leader.timeout = 120s (custom)
2019-09-25 04:52:21,606 [pool-137-thread-1] INFO  server.RaftServerConfigKeys (ConfUtils.java:logGet(43)) - raft.server.log.use.memory = false (default)
2019-09-25 04:52:21,607 [pool-137-thread-1] INFO  server.RaftServerConfigKeys (ConfUtils.java:logGet(43)) - raft.server.log.purge.gap = 1000000 (custom)
2019-09-25 04:52:21,607 [pool-137-thread-1] INFO  server.RaftServerConfigKeys (ConfUtils.java:logGet(43)) - raft.server.log.appender.buffer.byte-limit = 33554432 (custom)
2019-09-25 04:52:21,607 [pool-137-thread-1] INFO  server.RaftServerConfigKeys (ConfUtils.java:logGet(43)) - raft.server.log.segment.size.max = 1048576 (custom)
2019-09-25 04:52:21,607 [pool-137-thread-1] INFO  server.RaftServerConfigKeys (ConfUtils.java:logGet(43)) - raft.server.log.segment.cache.num.max = 2 (custom)
2019-09-25 04:52:21,608 [pool-137-thread-1] INFO  segmented.SegmentedRaftLogWorker (SegmentedRaftLogWorker.java:<init>(172)) - new bb4fa670-e092-4403-b4a0-776b8e3a297a@group-19337A119843-SegmentedRaftLogWorker for RaftStorage:Storage Directory /workdir/hadoop-ozone/integration-test/target/test-dir/MiniOzoneClusterImpl-d3c81739-79da-4dbe-9ced-b164d958c5b5/datanode-2/data/ratis/733aa3a9-c5c4-4ab6-8415-19337a119843
2019-09-25 04:52:21,608 [pool-137-thread-1] INFO  server.RaftServerConfigKeys (ConfUtils.java:logGet(43)) - raft.server.log.queue.byte-limit = 2147483647 (custom)
2019-09-25 04:52:21,608 [pool-137-thread-1] INFO  server.RaftServerConfigKeys (ConfUtils.java:logGet(43)) - raft.server.log.queue.element-limit = 1024 (custom)
2019-09-25 04:52:21,608 [pool-137-thread-1] INFO  server.RaftServerConfigKeys (ConfUtils.java:logGet(43)) - raft.server.log.segment.size.max = 1048576 (custom)
2019-09-25 04:52:21,608 [pool-137-thread-1] INFO  server.RaftServerConfigKeys (ConfUtils.java:logGet(43)) - raft.server.log.preallocated.size = 16384 (custom)
2019-09-25 04:52:21,609 [pool-137-thread-1] INFO  server.RaftServerConfigKeys (ConfUtils.java:logGet(43)) - raft.server.log.write.buffer.size = 33554432 (custom)
2019-09-25 04:52:21,609 [pool-137-thread-1] INFO  server.RaftServerConfigKeys (ConfUtils.java:logGet(43)) - raft.server.log.force.sync.num = 128 (default)
2019-09-25 04:52:21,609 [pool-137-thread-1] INFO  server.RaftServerConfigKeys (ConfUtils.java:logGet(43)) - raft.server.log.statemachine.data.sync = true (default)
2019-09-25 04:52:21,609 [pool-137-thread-1] INFO  server.RaftServerConfigKeys (ConfUtils.java:logGet(43)) - raft.server.log.statemachine.data.sync.timeout = 10s (default)
2019-09-25 04:52:21,609 [pool-137-thread-1] INFO  server.RaftServerConfigKeys (ConfUtils.java:logGet(43)) - raft.server.log.statemachine.data.sync.timeout.retry = -1 (default)
2019-09-25 04:52:21,610 [pool-137-thread-1] INFO  server.RaftServerConfigKeys (ConfUtils.java:logGet(43)) - raft.server.log.statemachine.data.caching.enabled = true (custom)
2019-09-25 04:52:21,610 [pool-137-thread-1] INFO  segmented.SegmentedRaftLogWorker (SegmentedRaftLogWorker.java:lambda$new$0(132)) - bb4fa670-e092-4403-b4a0-776b8e3a297a@group-19337A119843-SegmentedRaftLogWorker: flushIndex: setUnconditionally 0 -> -1
2019-09-25 04:52:21,610 [pool-137-thread-1] INFO  server.RaftServerConfigKeys (ConfUtils.java:logGet(43)) - raft.server.snapshot.auto.trigger.enabled = true (custom)
2019-09-25 04:52:21,611 [pool-137-thread-1] INFO  server.RaftServerConfigKeys (ConfUtils.java:logGet(43)) - raft.server.snapshot.auto.trigger.threshold = 10000 (custom)
2019-09-25 04:52:21,611 [pool-137-thread-1] INFO  server.RaftServerConfigKeys (ConfUtils.java:logGet(43)) - raft.server.snapshot.retention.num.files = 5 (custom)
2019-09-25 04:52:21,611 [pool-137-thread-1] INFO  server.RaftServerConfigKeys (ConfUtils.java:logGet(43)) - raft.server.retrycache.expirytime = 600000ms (custom)
2019-09-25 04:52:21,614 [pool-137-thread-1] INFO  impl.RaftServerImpl (RaftServerImpl.java:start(185)) - bb4fa670-e092-4403-b4a0-776b8e3a297a@group-19337A119843: start as a follower, conf=-1: [bb4fa670-e092-4403-b4a0-776b8e3a297a:192.168.164.207:42708], old=null
2019-09-25 04:52:21,614 [pool-137-thread-1] INFO  impl.RaftServerImpl (RaftServerImpl.java:setRole(174)) - bb4fa670-e092-4403-b4a0-776b8e3a297a@group-19337A119843: changes role from      null to FOLLOWER at term 0 for startAsFollower
2019-09-25 04:52:21,614 [pool-137-thread-1] INFO  impl.RoleInfo (RoleInfo.java:updateAndGet(143)) - bb4fa670-e092-4403-b4a0-776b8e3a297a: start FollowerState
2019-09-25 04:52:21,614 [pool-137-thread-1] INFO  util.JmxRegister (JmxRegister.java:tryRegister(44)) - Successfully registered JMX Bean with object name Ratis:service=RaftServer,group=group-19337A119843,id=bb4fa670-e092-4403-b4a0-776b8e3a297a
2019-09-25 04:52:21,617 [RatisPipelineUtilsThread] INFO  pipeline.PipelineStateManager (PipelineStateManager.java:addPipeline(56)) - Created pipeline Pipeline[ Id: 733aa3a9-c5c4-4ab6-8415-19337a119843, Nodes: bb4fa670-e092-4403-b4a0-776b8e3a297a{ip: 192.168.164.207, host: pr-hdds-1569-s44lr-3492059363, networkLocation: /default-rack, certSerialId: null}, Type:RATIS, Factor:ONE, State:OPEN]
2019-09-25 04:52:21,618 [RatisPipelineUtilsThread] INFO  pipeline.PipelinePlacementPolicy (PipelinePlacementPolicy.java:meetCriteria(91)) - Pipeline Placement: can't place more pipeline on heavy datanode： 4370308c-ceb4-49a9-9879-5927b69a5f85 Heaviness: 6 limit: 5
2019-09-25 04:52:21,622 [grpc-default-executor-0] INFO  impl.RaftServerProxy (RaftServerProxy.java:addNew(89)) - bb4fa670-e092-4403-b4a0-776b8e3a297a: addNew group-E47A1E475303:[bb4fa670-e092-4403-b4a0-776b8e3a297a:192.168.164.207:42708] returns group-E47A1E475303:java.util.concurrent.CompletableFuture@1c9d2a21[Not completed]
2019-09-25 04:52:21,623 [pool-137-thread-1] INFO  impl.RaftServerImpl (RaftServerImpl.java:<init>(95)) - bb4fa670-e092-4403-b4a0-776b8e3a297a: new RaftServerImpl for group-E47A1E475303:[bb4fa670-e092-4403-b4a0-776b8e3a297a:192.168.164.207:42708] with ContainerStateMachine:uninitialized
2019-09-25 04:52:21,623 [pool-137-thread-1] INFO  server.RaftServerConfigKeys (ConfUtils.java:logGet(43)) - raft.server.rpc.timeout.min = 5s (custom)
2019-09-25 04:52:21,623 [pool-137-thread-1] INFO  server.RaftServerConfigKeys (ConfUtils.java:logGet(43)) - raft.server.rpc.timeout.max = 5200ms (custom)
2019-09-25 04:52:21,624 [pool-137-thread-1] INFO  server.RaftServerConfigKeys (ConfUtils.java:logGet(43)) - raft.server.rpcslowness.timeout = 120s (custom)
2019-09-25 04:52:21,624 [pool-137-thread-1] INFO  server.RaftServerConfigKeys (ConfUtils.java:logGet(43)) - raft.server.sleep.deviation.threshold = 300 (default)
2019-09-25 04:52:21,624 [pool-137-thread-1] INFO  server.RaftServerConfigKeys (ConfUtils.java:logGet(43)) - raft.server.log.appender.install.snapshot.enabled = false (custom)
2019-09-25 04:52:21,624 [pool-137-thread-1] INFO  impl.RaftServerImpl (ServerState.java:<init>(103)) - bb4fa670-e092-4403-b4a0-776b8e3a297a@group-E47A1E475303: ConfigurationManager, init=-1: [bb4fa670-e092-4403-b4a0-776b8e3a297a:192.168.164.207:42708], old=null, confs=<EMPTY_MAP>
2019-09-25 04:52:21,624 [pool-137-thread-1] INFO  server.RaftServerConfigKeys (ConfUtils.java:logGet(43)) - raft.server.storage.dir = [/workdir/hadoop-ozone/integration-test/target/test-dir/MiniOzoneClusterImpl-d3c81739-79da-4dbe-9ced-b164d958c5b5/datanode-2/data/ratis] (custom)
2019-09-25 04:52:21,625 [pool-137-thread-1] INFO  storage.RaftStorageDirectory (RaftStorageDirectory.java:analyzeStorage(246)) - The storage directory /workdir/hadoop-ozone/integration-test/target/test-dir/MiniOzoneClusterImpl-d3c81739-79da-4dbe-9ced-b164d958c5b5/datanode-2/data/ratis/981a0268-a76d-415f-825e-e47a1e475303 does not exist. Creating ...
2019-09-25 04:52:21,637 [pool-137-thread-1] INFO  storage.RaftStorageDirectory (RaftStorageDirectory.java:tryLock(328)) - Lock on /workdir/hadoop-ozone/integration-test/target/test-dir/MiniOzoneClusterImpl-d3c81739-79da-4dbe-9ced-b164d958c5b5/datanode-2/data/ratis/981a0268-a76d-415f-825e-e47a1e475303/in_use.lock acquired by nodename 13544@pr-hdds-1569-s44lr-3492059363
2019-09-25 04:52:21,650 [pool-137-thread-1] INFO  storage.RaftStorage (RaftStorage.java:format(72)) - Storage directory /workdir/hadoop-ozone/integration-test/target/test-dir/MiniOzoneClusterImpl-d3c81739-79da-4dbe-9ced-b164d958c5b5/datanode-2/data/ratis/981a0268-a76d-415f-825e-e47a1e475303 has been successfully formatted.
2019-09-25 04:52:21,650 [pool-137-thread-1] INFO  ratis.ContainerStateMachine (ContainerStateMachine.java:loadSnapshot(230)) - group-E47A1E475303: The snapshot info is null. Setting the last applied indexto:(t:0, i:~)
2019-09-25 04:52:21,651 [pool-137-thread-1] INFO  server.RaftServerConfigKeys (ConfUtils.java:logGet(43)) - raft.server.notification.no-leader.timeout = 120s (custom)
2019-09-25 04:52:21,651 [pool-137-thread-1] INFO  server.RaftServerConfigKeys (ConfUtils.java:logGet(43)) - raft.server.log.use.memory = false (default)
2019-09-25 04:52:21,651 [pool-137-thread-1] INFO  server.RaftServerConfigKeys (ConfUtils.java:logGet(43)) - raft.server.log.purge.gap = 1000000 (custom)
2019-09-25 04:52:21,651 [pool-137-thread-1] INFO  server.RaftServerConfigKeys (ConfUtils.java:logGet(43)) - raft.server.log.appender.buffer.byte-limit = 33554432 (custom)
2019-09-25 04:52:21,651 [pool-137-thread-1] INFO  server.RaftServerConfigKeys (ConfUtils.java:logGet(43)) - raft.server.log.segment.size.max = 1048576 (custom)
2019-09-25 04:52:21,651 [pool-137-thread-1] INFO  server.RaftServerConfigKeys (ConfUtils.java:logGet(43)) - raft.server.log.segment.cache.num.max = 2 (custom)
2019-09-25 04:52:21,651 [pool-137-thread-1] INFO  segmented.SegmentedRaftLogWorker (SegmentedRaftLogWorker.java:<init>(172)) - new bb4fa670-e092-4403-b4a0-776b8e3a297a@group-E47A1E475303-SegmentedRaftLogWorker for RaftStorage:Storage Directory /workdir/hadoop-ozone/integration-test/target/test-dir/MiniOzoneClusterImpl-d3c81739-79da-4dbe-9ced-b164d958c5b5/datanode-2/data/ratis/981a0268-a76d-415f-825e-e47a1e475303
2019-09-25 04:52:21,652 [pool-137-thread-1] INFO  server.RaftServerConfigKeys (ConfUtils.java:logGet(43)) - raft.server.log.queue.byte-limit = 2147483647 (custom)
2019-09-25 04:52:21,652 [pool-137-thread-1] INFO  server.RaftServerConfigKeys (ConfUtils.java:logGet(43)) - raft.server.log.queue.element-limit = 1024 (custom)
2019-09-25 04:52:21,652 [pool-137-thread-1] INFO  server.RaftServerConfigKeys (ConfUtils.java:logGet(43)) - raft.server.log.segment.size.max = 1048576 (custom)
2019-09-25 04:52:21,652 [pool-137-thread-1] INFO  server.RaftServerConfigKeys (ConfUtils.java:logGet(43)) - raft.server.log.preallocated.size = 16384 (custom)
2019-09-25 04:52:21,652 [pool-137-thread-1] INFO  server.RaftServerConfigKeys (ConfUtils.java:logGet(43)) - raft.server.log.write.buffer.size = 33554432 (custom)
2019-09-25 04:52:21,652 [pool-137-thread-1] INFO  server.RaftServerConfigKeys (ConfUtils.java:logGet(43)) - raft.server.log.force.sync.num = 128 (default)
2019-09-25 04:52:21,652 [pool-137-thread-1] INFO  server.RaftServerConfigKeys (ConfUtils.java:logGet(43)) - raft.server.log.statemachine.data.sync = true (default)
2019-09-25 04:52:21,653 [pool-137-thread-1] INFO  server.RaftServerConfigKeys (ConfUtils.java:logGet(43)) - raft.server.log.statemachine.data.sync.timeout = 10s (default)
2019-09-25 04:52:21,653 [pool-137-thread-1] INFO  server.RaftServerConfigKeys (ConfUtils.java:logGet(43)) - raft.server.log.statemachine.data.sync.timeout.retry = -1 (default)
2019-09-25 04:52:21,653 [pool-137-thread-1] INFO  server.RaftServerConfigKeys (ConfUtils.java:logGet(43)) - raft.server.log.statemachine.data.caching.enabled = true (custom)
2019-09-25 04:52:21,653 [pool-137-thread-1] INFO  segmented.SegmentedRaftLogWorker (SegmentedRaftLogWorker.java:lambda$new$0(132)) - bb4fa670-e092-4403-b4a0-776b8e3a297a@group-E47A1E475303-SegmentedRaftLogWorker: flushIndex: setUnconditionally 0 -> -1
2019-09-25 04:52:21,654 [pool-137-thread-1] INFO  server.RaftServerConfigKeys (ConfUtils.java:logGet(43)) - raft.server.snapshot.auto.trigger.enabled = true (custom)
2019-09-25 04:52:21,654 [pool-137-thread-1] INFO  server.RaftServerConfigKeys (ConfUtils.java:logGet(43)) - raft.server.snapshot.auto.trigger.threshold = 10000 (custom)
2019-09-25 04:52:21,654 [pool-137-thread-1] INFO  server.RaftServerConfigKeys (ConfUtils.java:logGet(43)) - raft.server.snapshot.retention.num.files = 5 (custom)
2019-09-25 04:52:21,654 [pool-137-thread-1] INFO  server.RaftServerConfigKeys (ConfUtils.java:logGet(43)) - raft.server.retrycache.expirytime = 600000ms (custom)
2019-09-25 04:52:21,657 [pool-137-thread-1] INFO  impl.RaftServerImpl (RaftServerImpl.java:start(185)) - bb4fa670-e092-4403-b4a0-776b8e3a297a@group-E47A1E475303: start as a follower, conf=-1: [bb4fa670-e092-4403-b4a0-776b8e3a297a:192.168.164.207:42708], old=null
2019-09-25 04:52:21,657 [pool-137-thread-1] INFO  impl.RaftServerImpl (RaftServerImpl.java:setRole(174)) - bb4fa670-e092-4403-b4a0-776b8e3a297a@group-E47A1E475303: changes role from      null to FOLLOWER at term 0 for startAsFollower
2019-09-25 04:52:21,657 [pool-137-thread-1] INFO  impl.RoleInfo (RoleInfo.java:updateAndGet(143)) - bb4fa670-e092-4403-b4a0-776b8e3a297a: start FollowerState
2019-09-25 04:52:21,657 [pool-137-thread-1] INFO  util.JmxRegister (JmxRegister.java:tryRegister(44)) - Successfully registered JMX Bean with object name Ratis:service=RaftServer,group=group-E47A1E475303,id=bb4fa670-e092-4403-b4a0-776b8e3a297a
2019-09-25 04:52:21,660 [RatisPipelineUtilsThread] INFO  pipeline.PipelineStateManager (PipelineStateManager.java:addPipeline(56)) - Created pipeline Pipeline[ Id: 981a0268-a76d-415f-825e-e47a1e475303, Nodes: bb4fa670-e092-4403-b4a0-776b8e3a297a{ip: 192.168.164.207, host: pr-hdds-1569-s44lr-3492059363, networkLocation: /default-rack, certSerialId: null}, Type:RATIS, Factor:ONE, State:OPEN]
2019-09-25 04:52:21,661 [RatisPipelineUtilsThread] INFO  pipeline.PipelinePlacementPolicy (PipelinePlacementPolicy.java:meetCriteria(91)) - Pipeline Placement: can't place more pipeline on heavy datanode： 4370308c-ceb4-49a9-9879-5927b69a5f85 Heaviness: 6 limit: 5
2019-09-25 04:52:21,661 [RatisPipelineUtilsThread] INFO  pipeline.PipelinePlacementPolicy (PipelinePlacementPolicy.java:meetCriteria(91)) - Pipeline Placement: can't place more pipeline on heavy datanode： bb4fa670-e092-4403-b4a0-776b8e3a297a Heaviness: 6 limit: 5
2019-09-25 04:52:21,666 [grpc-default-executor-0] INFO  impl.RaftServerProxy (RaftServerProxy.java:addNew(89)) - bcc74fd2-3a06-4539-867d-223a418d820d: addNew group-0830B4390C68:[bcc74fd2-3a06-4539-867d-223a418d820d:192.168.164.207:36081] returns group-0830B4390C68:java.util.concurrent.CompletableFuture@3d2b41cb[Not completed]
2019-09-25 04:52:21,667 [pool-127-thread-1] INFO  impl.RaftServerImpl (RaftServerImpl.java:<init>(95)) - bcc74fd2-3a06-4539-867d-223a418d820d: new RaftServerImpl for group-0830B4390C68:[bcc74fd2-3a06-4539-867d-223a418d820d:192.168.164.207:36081] with ContainerStateMachine:uninitialized
2019-09-25 04:52:21,668 [pool-127-thread-1] INFO  server.RaftServerConfigKeys (ConfUtils.java:logGet(43)) - raft.server.rpc.timeout.min = 5s (custom)
2019-09-25 04:52:21,668 [pool-127-thread-1] INFO  server.RaftServerConfigKeys (ConfUtils.java:logGet(43)) - raft.server.rpc.timeout.max = 5200ms (custom)
2019-09-25 04:52:21,668 [pool-127-thread-1] INFO  server.RaftServerConfigKeys (ConfUtils.java:logGet(43)) - raft.server.rpcslowness.timeout = 120s (custom)
2019-09-25 04:52:21,668 [pool-127-thread-1] INFO  server.RaftServerConfigKeys (ConfUtils.java:logGet(43)) - raft.server.sleep.deviation.threshold = 300 (default)
2019-09-25 04:52:21,668 [pool-127-thread-1] INFO  server.RaftServerConfigKeys (ConfUtils.java:logGet(43)) - raft.server.log.appender.install.snapshot.enabled = false (custom)
2019-09-25 04:52:21,668 [pool-127-thread-1] INFO  impl.RaftServerImpl (ServerState.java:<init>(103)) - bcc74fd2-3a06-4539-867d-223a418d820d@group-0830B4390C68: ConfigurationManager, init=-1: [bcc74fd2-3a06-4539-867d-223a418d820d:192.168.164.207:36081], old=null, confs=<EMPTY_MAP>
2019-09-25 04:52:21,669 [pool-127-thread-1] INFO  server.RaftServerConfigKeys (ConfUtils.java:logGet(43)) - raft.server.storage.dir = [/workdir/hadoop-ozone/integration-test/target/test-dir/MiniOzoneClusterImpl-d3c81739-79da-4dbe-9ced-b164d958c5b5/datanode-1/data/ratis] (custom)
2019-09-25 04:52:21,669 [pool-127-thread-1] INFO  storage.RaftStorageDirectory (RaftStorageDirectory.java:analyzeStorage(246)) - The storage directory /workdir/hadoop-ozone/integration-test/target/test-dir/MiniOzoneClusterImpl-d3c81739-79da-4dbe-9ced-b164d958c5b5/datanode-1/data/ratis/e5bd067d-17ad-476a-be88-0830b4390c68 does not exist. Creating ...
2019-09-25 04:52:21,682 [pool-127-thread-1] INFO  storage.RaftStorageDirectory (RaftStorageDirectory.java:tryLock(328)) - Lock on /workdir/hadoop-ozone/integration-test/target/test-dir/MiniOzoneClusterImpl-d3c81739-79da-4dbe-9ced-b164d958c5b5/datanode-1/data/ratis/e5bd067d-17ad-476a-be88-0830b4390c68/in_use.lock acquired by nodename 13544@pr-hdds-1569-s44lr-3492059363
2019-09-25 04:52:21,695 [pool-127-thread-1] INFO  storage.RaftStorage (RaftStorage.java:format(72)) - Storage directory /workdir/hadoop-ozone/integration-test/target/test-dir/MiniOzoneClusterImpl-d3c81739-79da-4dbe-9ced-b164d958c5b5/datanode-1/data/ratis/e5bd067d-17ad-476a-be88-0830b4390c68 has been successfully formatted.
2019-09-25 04:52:21,695 [pool-127-thread-1] INFO  ratis.ContainerStateMachine (ContainerStateMachine.java:loadSnapshot(230)) - group-0830B4390C68: The snapshot info is null. Setting the last applied indexto:(t:0, i:~)
2019-09-25 04:52:21,696 [pool-127-thread-1] INFO  server.RaftServerConfigKeys (ConfUtils.java:logGet(43)) - raft.server.notification.no-leader.timeout = 120s (custom)
2019-09-25 04:52:21,696 [pool-127-thread-1] INFO  server.RaftServerConfigKeys (ConfUtils.java:logGet(43)) - raft.server.log.use.memory = false (default)
2019-09-25 04:52:21,696 [pool-127-thread-1] INFO  server.RaftServerConfigKeys (ConfUtils.java:logGet(43)) - raft.server.log.purge.gap = 1000000 (custom)
2019-09-25 04:52:21,696 [pool-127-thread-1] INFO  server.RaftServerConfigKeys (ConfUtils.java:logGet(43)) - raft.server.log.appender.buffer.byte-limit = 33554432 (custom)
2019-09-25 04:52:21,696 [pool-127-thread-1] INFO  server.RaftServerConfigKeys (ConfUtils.java:logGet(43)) - raft.server.log.segment.size.max = 1048576 (custom)
2019-09-25 04:52:21,696 [pool-127-thread-1] INFO  server.RaftServerConfigKeys (ConfUtils.java:logGet(43)) - raft.server.log.segment.cache.num.max = 2 (custom)
2019-09-25 04:52:21,697 [pool-127-thread-1] INFO  segmented.SegmentedRaftLogWorker (SegmentedRaftLogWorker.java:<init>(172)) - new bcc74fd2-3a06-4539-867d-223a418d820d@group-0830B4390C68-SegmentedRaftLogWorker for RaftStorage:Storage Directory /workdir/hadoop-ozone/integration-test/target/test-dir/MiniOzoneClusterImpl-d3c81739-79da-4dbe-9ced-b164d958c5b5/datanode-1/data/ratis/e5bd067d-17ad-476a-be88-0830b4390c68
2019-09-25 04:52:21,697 [pool-127-thread-1] INFO  server.RaftServerConfigKeys (ConfUtils.java:logGet(43)) - raft.server.log.queue.byte-limit = 2147483647 (custom)
2019-09-25 04:52:21,697 [pool-127-thread-1] INFO  server.RaftServerConfigKeys (ConfUtils.java:logGet(43)) - raft.server.log.queue.element-limit = 1024 (custom)
2019-09-25 04:52:21,697 [pool-127-thread-1] INFO  server.RaftServerConfigKeys (ConfUtils.java:logGet(43)) - raft.server.log.segment.size.max = 1048576 (custom)
2019-09-25 04:52:21,697 [pool-127-thread-1] INFO  server.RaftServerConfigKeys (ConfUtils.java:logGet(43)) - raft.server.log.preallocated.size = 16384 (custom)
2019-09-25 04:52:21,697 [pool-127-thread-1] INFO  server.RaftServerConfigKeys (ConfUtils.java:logGet(43)) - raft.server.log.write.buffer.size = 33554432 (custom)
2019-09-25 04:52:21,698 [pool-127-thread-1] INFO  server.RaftServerConfigKeys (ConfUtils.java:logGet(43)) - raft.server.log.force.sync.num = 128 (default)
2019-09-25 04:52:21,698 [pool-127-thread-1] INFO  server.RaftServerConfigKeys (ConfUtils.java:logGet(43)) - raft.server.log.statemachine.data.sync = true (default)
2019-09-25 04:52:21,698 [pool-127-thread-1] INFO  server.RaftServerConfigKeys (ConfUtils.java:logGet(43)) - raft.server.log.statemachine.data.sync.timeout = 10s (default)
2019-09-25 04:52:21,698 [pool-127-thread-1] INFO  server.RaftServerConfigKeys (ConfUtils.java:logGet(43)) - raft.server.log.statemachine.data.sync.timeout.retry = -1 (default)
2019-09-25 04:52:21,698 [pool-127-thread-1] INFO  server.RaftServerConfigKeys (ConfUtils.java:logGet(43)) - raft.server.log.statemachine.data.caching.enabled = true (custom)
2019-09-25 04:52:21,699 [pool-127-thread-1] INFO  segmented.SegmentedRaftLogWorker (SegmentedRaftLogWorker.java:lambda$new$0(132)) - bcc74fd2-3a06-4539-867d-223a418d820d@group-0830B4390C68-SegmentedRaftLogWorker: flushIndex: setUnconditionally 0 -> -1
2019-09-25 04:52:21,699 [pool-127-thread-1] INFO  server.RaftServerConfigKeys (ConfUtils.java:logGet(43)) - raft.server.snapshot.auto.trigger.enabled = true (custom)
2019-09-25 04:52:21,699 [pool-127-thread-1] INFO  server.RaftServerConfigKeys (ConfUtils.java:logGet(43)) - raft.server.snapshot.auto.trigger.threshold = 10000 (custom)
2019-09-25 04:52:21,699 [pool-127-thread-1] INFO  server.RaftServerConfigKeys (ConfUtils.java:logGet(43)) - raft.server.snapshot.retention.num.files = 5 (custom)
2019-09-25 04:52:21,700 [pool-127-thread-1] INFO  server.RaftServerConfigKeys (ConfUtils.java:logGet(43)) - raft.server.retrycache.expirytime = 600000ms (custom)
2019-09-25 04:52:21,702 [pool-127-thread-1] INFO  impl.RaftServerImpl (RaftServerImpl.java:start(185)) - bcc74fd2-3a06-4539-867d-223a418d820d@group-0830B4390C68: start as a follower, conf=-1: [bcc74fd2-3a06-4539-867d-223a418d820d:192.168.164.207:36081], old=null
2019-09-25 04:52:21,702 [pool-127-thread-1] INFO  impl.RaftServerImpl (RaftServerImpl.java:setRole(174)) - bcc74fd2-3a06-4539-867d-223a418d820d@group-0830B4390C68: changes role from      null to FOLLOWER at term 0 for startAsFollower
2019-09-25 04:52:21,702 [pool-127-thread-1] INFO  impl.RoleInfo (RoleInfo.java:updateAndGet(143)) - bcc74fd2-3a06-4539-867d-223a418d820d: start FollowerState
2019-09-25 04:52:21,703 [pool-127-thread-1] INFO  util.JmxRegister (JmxRegister.java:tryRegister(44)) - Successfully registered JMX Bean with object name Ratis:service=RaftServer,group=group-0830B4390C68,id=bcc74fd2-3a06-4539-867d-223a418d820d
2019-09-25 04:52:21,706 [RatisPipelineUtilsThread] INFO  pipeline.PipelineStateManager (PipelineStateManager.java:addPipeline(56)) - Created pipeline Pipeline[ Id: e5bd067d-17ad-476a-be88-0830b4390c68, Nodes: bcc74fd2-3a06-4539-867d-223a418d820d{ip: 192.168.164.207, host: pr-hdds-1569-s44lr-3492059363, networkLocation: /default-rack, certSerialId: null}, Type:RATIS, Factor:ONE, State:OPEN]
2019-09-25 04:52:21,706 [RatisPipelineUtilsThread] INFO  pipeline.PipelinePlacementPolicy (PipelinePlacementPolicy.java:meetCriteria(91)) - Pipeline Placement: can't place more pipeline on heavy datanode： 4370308c-ceb4-49a9-9879-5927b69a5f85 Heaviness: 6 limit: 5
2019-09-25 04:52:21,706 [RatisPipelineUtilsThread] INFO  pipeline.PipelinePlacementPolicy (PipelinePlacementPolicy.java:meetCriteria(91)) - Pipeline Placement: can't place more pipeline on heavy datanode： bb4fa670-e092-4403-b4a0-776b8e3a297a Heaviness: 6 limit: 5
2019-09-25 04:52:21,707 [RatisPipelineUtilsThread] INFO  pipeline.PipelinePlacementPolicy (PipelinePlacementPolicy.java:meetCriteria(91)) - Pipeline Placement: can't place more pipeline on heavy datanode： bcc74fd2-3a06-4539-867d-223a418d820d Heaviness: 6 limit: 5
2019-09-25 04:52:21,712 [grpc-default-executor-0] INFO  impl.RaftServerProxy (RaftServerProxy.java:addNew(89)) - 6a547602-9d9f-411f-a61b-6fc980fbe171: addNew group-BDE348FACEF8:[6a547602-9d9f-411f-a61b-6fc980fbe171:192.168.164.207:41690] returns group-BDE348FACEF8:java.util.concurrent.CompletableFuture@6760c8b5[Not completed]
2019-09-25 04:52:21,714 [pool-147-thread-1] INFO  impl.RaftServerImpl (RaftServerImpl.java:<init>(95)) - 6a547602-9d9f-411f-a61b-6fc980fbe171: new RaftServerImpl for group-BDE348FACEF8:[6a547602-9d9f-411f-a61b-6fc980fbe171:192.168.164.207:41690] with ContainerStateMachine:uninitialized
2019-09-25 04:52:21,714 [pool-147-thread-1] INFO  server.RaftServerConfigKeys (ConfUtils.java:logGet(43)) - raft.server.rpc.timeout.min = 5s (custom)
2019-09-25 04:52:21,715 [pool-147-thread-1] INFO  server.RaftServerConfigKeys (ConfUtils.java:logGet(43)) - raft.server.rpc.timeout.max = 5200ms (custom)
2019-09-25 04:52:21,715 [pool-147-thread-1] INFO  server.RaftServerConfigKeys (ConfUtils.java:logGet(43)) - raft.server.rpcslowness.timeout = 120s (custom)
2019-09-25 04:52:21,715 [pool-147-thread-1] INFO  server.RaftServerConfigKeys (ConfUtils.java:logGet(43)) - raft.server.sleep.deviation.threshold = 300 (default)
2019-09-25 04:52:21,715 [pool-147-thread-1] INFO  server.RaftServerConfigKeys (ConfUtils.java:logGet(43)) - raft.server.log.appender.install.snapshot.enabled = false (custom)
2019-09-25 04:52:21,715 [pool-147-thread-1] INFO  impl.RaftServerImpl (ServerState.java:<init>(103)) - 6a547602-9d9f-411f-a61b-6fc980fbe171@group-BDE348FACEF8: ConfigurationManager, init=-1: [6a547602-9d9f-411f-a61b-6fc980fbe171:192.168.164.207:41690], old=null, confs=<EMPTY_MAP>
2019-09-25 04:52:21,715 [pool-147-thread-1] INFO  server.RaftServerConfigKeys (ConfUtils.java:logGet(43)) - raft.server.storage.dir = [/workdir/hadoop-ozone/integration-test/target/test-dir/MiniOzoneClusterImpl-d3c81739-79da-4dbe-9ced-b164d958c5b5/datanode-3/data/ratis] (custom)
2019-09-25 04:52:21,716 [pool-147-thread-1] INFO  storage.RaftStorageDirectory (RaftStorageDirectory.java:analyzeStorage(246)) - The storage directory /workdir/hadoop-ozone/integration-test/target/test-dir/MiniOzoneClusterImpl-d3c81739-79da-4dbe-9ced-b164d958c5b5/datanode-3/data/ratis/b0d021ea-42b3-48b3-9b28-bde348facef8 does not exist. Creating ...
2019-09-25 04:52:21,741 [pool-147-thread-1] INFO  storage.RaftStorageDirectory (RaftStorageDirectory.java:tryLock(328)) - Lock on /workdir/hadoop-ozone/integration-test/target/test-dir/MiniOzoneClusterImpl-d3c81739-79da-4dbe-9ced-b164d958c5b5/datanode-3/data/ratis/b0d021ea-42b3-48b3-9b28-bde348facef8/in_use.lock acquired by nodename 13544@pr-hdds-1569-s44lr-3492059363
2019-09-25 04:52:21,755 [pool-147-thread-1] INFO  storage.RaftStorage (RaftStorage.java:format(72)) - Storage directory /workdir/hadoop-ozone/integration-test/target/test-dir/MiniOzoneClusterImpl-d3c81739-79da-4dbe-9ced-b164d958c5b5/datanode-3/data/ratis/b0d021ea-42b3-48b3-9b28-bde348facef8 has been successfully formatted.
2019-09-25 04:52:21,755 [pool-147-thread-1] INFO  ratis.ContainerStateMachine (ContainerStateMachine.java:loadSnapshot(230)) - group-BDE348FACEF8: The snapshot info is null. Setting the last applied indexto:(t:0, i:~)
2019-09-25 04:52:21,755 [pool-147-thread-1] INFO  server.RaftServerConfigKeys (ConfUtils.java:logGet(43)) - raft.server.notification.no-leader.timeout = 120s (custom)
2019-09-25 04:52:21,755 [pool-147-thread-1] INFO  server.RaftServerConfigKeys (ConfUtils.java:logGet(43)) - raft.server.log.use.memory = false (default)
2019-09-25 04:52:21,755 [pool-147-thread-1] INFO  server.RaftServerConfigKeys (ConfUtils.java:logGet(43)) - raft.server.log.purge.gap = 1000000 (custom)
2019-09-25 04:52:21,756 [pool-147-thread-1] INFO  server.RaftServerConfigKeys (ConfUtils.java:logGet(43)) - raft.server.log.appender.buffer.byte-limit = 33554432 (custom)
2019-09-25 04:52:21,756 [pool-147-thread-1] INFO  server.RaftServerConfigKeys (ConfUtils.java:logGet(43)) - raft.server.log.segment.size.max = 1048576 (custom)
2019-09-25 04:52:21,756 [pool-147-thread-1] INFO  server.RaftServerConfigKeys (ConfUtils.java:logGet(43)) - raft.server.log.segment.cache.num.max = 2 (custom)
2019-09-25 04:52:21,756 [pool-147-thread-1] INFO  segmented.SegmentedRaftLogWorker (SegmentedRaftLogWorker.java:<init>(172)) - new 6a547602-9d9f-411f-a61b-6fc980fbe171@group-BDE348FACEF8-SegmentedRaftLogWorker for RaftStorage:Storage Directory /workdir/hadoop-ozone/integration-test/target/test-dir/MiniOzoneClusterImpl-d3c81739-79da-4dbe-9ced-b164d958c5b5/datanode-3/data/ratis/b0d021ea-42b3-48b3-9b28-bde348facef8
2019-09-25 04:52:21,756 [pool-147-thread-1] INFO  server.RaftServerConfigKeys (ConfUtils.java:logGet(43)) - raft.server.log.queue.byte-limit = 2147483647 (custom)
2019-09-25 04:52:21,756 [pool-147-thread-1] INFO  server.RaftServerConfigKeys (ConfUtils.java:logGet(43)) - raft.server.log.queue.element-limit = 1024 (custom)
2019-09-25 04:52:21,757 [pool-147-thread-1] INFO  server.RaftServerConfigKeys (ConfUtils.java:logGet(43)) - raft.server.log.segment.size.max = 1048576 (custom)
2019-09-25 04:52:21,757 [pool-147-thread-1] INFO  server.RaftServerConfigKeys (ConfUtils.java:logGet(43)) - raft.server.log.preallocated.size = 16384 (custom)
2019-09-25 04:52:21,757 [pool-147-thread-1] INFO  server.RaftServerConfigKeys (ConfUtils.java:logGet(43)) - raft.server.log.write.buffer.size = 33554432 (custom)
2019-09-25 04:52:21,757 [pool-147-thread-1] INFO  server.RaftServerConfigKeys (ConfUtils.java:logGet(43)) - raft.server.log.force.sync.num = 128 (default)
2019-09-25 04:52:21,757 [pool-147-thread-1] INFO  server.RaftServerConfigKeys (ConfUtils.java:logGet(43)) - raft.server.log.statemachine.data.sync = true (default)
2019-09-25 04:52:21,757 [pool-147-thread-1] INFO  server.RaftServerConfigKeys (ConfUtils.java:logGet(43)) - raft.server.log.statemachine.data.sync.timeout = 10s (default)
2019-09-25 04:52:21,757 [pool-147-thread-1] INFO  server.RaftServerConfigKeys (ConfUtils.java:logGet(43)) - raft.server.log.statemachine.data.sync.timeout.retry = -1 (default)
2019-09-25 04:52:21,758 [pool-147-thread-1] INFO  server.RaftServerConfigKeys (ConfUtils.java:logGet(43)) - raft.server.log.statemachine.data.caching.enabled = true (custom)
2019-09-25 04:52:21,758 [pool-147-thread-1] INFO  segmented.SegmentedRaftLogWorker (SegmentedRaftLogWorker.java:lambda$new$0(132)) - 6a547602-9d9f-411f-a61b-6fc980fbe171@group-BDE348FACEF8-SegmentedRaftLogWorker: flushIndex: setUnconditionally 0 -> -1
2019-09-25 04:52:21,758 [pool-147-thread-1] INFO  server.RaftServerConfigKeys (ConfUtils.java:logGet(43)) - raft.server.snapshot.auto.trigger.enabled = true (custom)
2019-09-25 04:52:21,759 [pool-147-thread-1] INFO  server.RaftServerConfigKeys (ConfUtils.java:logGet(43)) - raft.server.snapshot.auto.trigger.threshold = 10000 (custom)
2019-09-25 04:52:21,759 [pool-147-thread-1] INFO  server.RaftServerConfigKeys (ConfUtils.java:logGet(43)) - raft.server.snapshot.retention.num.files = 5 (custom)
2019-09-25 04:52:21,759 [pool-147-thread-1] INFO  server.RaftServerConfigKeys (ConfUtils.java:logGet(43)) - raft.server.retrycache.expirytime = 600000ms (custom)
2019-09-25 04:52:21,761 [pool-147-thread-1] INFO  impl.RaftServerImpl (RaftServerImpl.java:start(185)) - 6a547602-9d9f-411f-a61b-6fc980fbe171@group-BDE348FACEF8: start as a follower, conf=-1: [6a547602-9d9f-411f-a61b-6fc980fbe171:192.168.164.207:41690], old=null
2019-09-25 04:52:21,761 [pool-147-thread-1] INFO  impl.RaftServerImpl (RaftServerImpl.java:setRole(174)) - 6a547602-9d9f-411f-a61b-6fc980fbe171@group-BDE348FACEF8: changes role from      null to FOLLOWER at term 0 for startAsFollower
2019-09-25 04:52:21,762 [pool-147-thread-1] INFO  impl.RoleInfo (RoleInfo.java:updateAndGet(143)) - 6a547602-9d9f-411f-a61b-6fc980fbe171: start FollowerState
2019-09-25 04:52:21,762 [pool-147-thread-1] INFO  util.JmxRegister (JmxRegister.java:tryRegister(44)) - Successfully registered JMX Bean with object name Ratis:service=RaftServer,group=group-BDE348FACEF8,id=6a547602-9d9f-411f-a61b-6fc980fbe171
2019-09-25 04:52:21,765 [RatisPipelineUtilsThread] INFO  pipeline.PipelineStateManager (PipelineStateManager.java:addPipeline(56)) - Created pipeline Pipeline[ Id: b0d021ea-42b3-48b3-9b28-bde348facef8, Nodes: 6a547602-9d9f-411f-a61b-6fc980fbe171{ip: 192.168.164.207, host: pr-hdds-1569-s44lr-3492059363, networkLocation: /default-rack, certSerialId: null}, Type:RATIS, Factor:ONE, State:OPEN]
2019-09-25 04:52:21,766 [RatisPipelineUtilsThread] INFO  pipeline.PipelinePlacementPolicy (PipelinePlacementPolicy.java:meetCriteria(91)) - Pipeline Placement: can't place more pipeline on heavy datanode： 4370308c-ceb4-49a9-9879-5927b69a5f85 Heaviness: 6 limit: 5
2019-09-25 04:52:21,766 [RatisPipelineUtilsThread] INFO  pipeline.PipelinePlacementPolicy (PipelinePlacementPolicy.java:meetCriteria(91)) - Pipeline Placement: can't place more pipeline on heavy datanode： bb4fa670-e092-4403-b4a0-776b8e3a297a Heaviness: 6 limit: 5
2019-09-25 04:52:21,766 [RatisPipelineUtilsThread] INFO  pipeline.PipelinePlacementPolicy (PipelinePlacementPolicy.java:meetCriteria(91)) - Pipeline Placement: can't place more pipeline on heavy datanode： bcc74fd2-3a06-4539-867d-223a418d820d Heaviness: 6 limit: 5
2019-09-25 04:52:21,772 [grpc-default-executor-0] INFO  impl.RaftServerProxy (RaftServerProxy.java:addNew(89)) - 6a547602-9d9f-411f-a61b-6fc980fbe171: addNew group-6A07B7A22B99:[6a547602-9d9f-411f-a61b-6fc980fbe171:192.168.164.207:41690] returns group-6A07B7A22B99:java.util.concurrent.CompletableFuture@d40e7b[Not completed]
2019-09-25 04:52:21,773 [pool-147-thread-1] INFO  impl.RaftServerImpl (RaftServerImpl.java:<init>(95)) - 6a547602-9d9f-411f-a61b-6fc980fbe171: new RaftServerImpl for group-6A07B7A22B99:[6a547602-9d9f-411f-a61b-6fc980fbe171:192.168.164.207:41690] with ContainerStateMachine:uninitialized
2019-09-25 04:52:21,773 [pool-147-thread-1] INFO  server.RaftServerConfigKeys (ConfUtils.java:logGet(43)) - raft.server.rpc.timeout.min = 5s (custom)
2019-09-25 04:52:21,773 [pool-147-thread-1] INFO  server.RaftServerConfigKeys (ConfUtils.java:logGet(43)) - raft.server.rpc.timeout.max = 5200ms (custom)
2019-09-25 04:52:21,773 [pool-147-thread-1] INFO  server.RaftServerConfigKeys (ConfUtils.java:logGet(43)) - raft.server.rpcslowness.timeout = 120s (custom)
2019-09-25 04:52:21,774 [pool-147-thread-1] INFO  server.RaftServerConfigKeys (ConfUtils.java:logGet(43)) - raft.server.sleep.deviation.threshold = 300 (default)
2019-09-25 04:52:21,774 [pool-147-thread-1] INFO  server.RaftServerConfigKeys (ConfUtils.java:logGet(43)) - raft.server.log.appender.install.snapshot.enabled = false (custom)
2019-09-25 04:52:21,774 [pool-147-thread-1] INFO  impl.RaftServerImpl (ServerState.java:<init>(103)) - 6a547602-9d9f-411f-a61b-6fc980fbe171@group-6A07B7A22B99: ConfigurationManager, init=-1: [6a547602-9d9f-411f-a61b-6fc980fbe171:192.168.164.207:41690], old=null, confs=<EMPTY_MAP>
2019-09-25 04:52:21,774 [pool-147-thread-1] INFO  server.RaftServerConfigKeys (ConfUtils.java:logGet(43)) - raft.server.storage.dir = [/workdir/hadoop-ozone/integration-test/target/test-dir/MiniOzoneClusterImpl-d3c81739-79da-4dbe-9ced-b164d958c5b5/datanode-3/data/ratis] (custom)
2019-09-25 04:52:21,774 [pool-147-thread-1] INFO  storage.RaftStorageDirectory (RaftStorageDirectory.java:analyzeStorage(246)) - The storage directory /workdir/hadoop-ozone/integration-test/target/test-dir/MiniOzoneClusterImpl-d3c81739-79da-4dbe-9ced-b164d958c5b5/datanode-3/data/ratis/5b35a26a-a96c-4456-a0a3-6a07b7a22b99 does not exist. Creating ...
2019-09-25 04:52:21,788 [pool-147-thread-1] INFO  storage.RaftStorageDirectory (RaftStorageDirectory.java:tryLock(328)) - Lock on /workdir/hadoop-ozone/integration-test/target/test-dir/MiniOzoneClusterImpl-d3c81739-79da-4dbe-9ced-b164d958c5b5/datanode-3/data/ratis/5b35a26a-a96c-4456-a0a3-6a07b7a22b99/in_use.lock acquired by nodename 13544@pr-hdds-1569-s44lr-3492059363
2019-09-25 04:52:21,801 [pool-147-thread-1] INFO  storage.RaftStorage (RaftStorage.java:format(72)) - Storage directory /workdir/hadoop-ozone/integration-test/target/test-dir/MiniOzoneClusterImpl-d3c81739-79da-4dbe-9ced-b164d958c5b5/datanode-3/data/ratis/5b35a26a-a96c-4456-a0a3-6a07b7a22b99 has been successfully formatted.
2019-09-25 04:52:21,802 [pool-147-thread-1] INFO  ratis.ContainerStateMachine (ContainerStateMachine.java:loadSnapshot(230)) - group-6A07B7A22B99: The snapshot info is null. Setting the last applied indexto:(t:0, i:~)
2019-09-25 04:52:21,802 [pool-147-thread-1] INFO  server.RaftServerConfigKeys (ConfUtils.java:logGet(43)) - raft.server.notification.no-leader.timeout = 120s (custom)
2019-09-25 04:52:21,802 [pool-147-thread-1] INFO  server.RaftServerConfigKeys (ConfUtils.java:logGet(43)) - raft.server.log.use.memory = false (default)
2019-09-25 04:52:21,802 [pool-147-thread-1] INFO  server.RaftServerConfigKeys (ConfUtils.java:logGet(43)) - raft.server.log.purge.gap = 1000000 (custom)
2019-09-25 04:52:21,802 [pool-147-thread-1] INFO  server.RaftServerConfigKeys (ConfUtils.java:logGet(43)) - raft.server.log.appender.buffer.byte-limit = 33554432 (custom)
2019-09-25 04:52:21,803 [pool-147-thread-1] INFO  server.RaftServerConfigKeys (ConfUtils.java:logGet(43)) - raft.server.log.segment.size.max = 1048576 (custom)
2019-09-25 04:52:21,803 [pool-147-thread-1] INFO  server.RaftServerConfigKeys (ConfUtils.java:logGet(43)) - raft.server.log.segment.cache.num.max = 2 (custom)
2019-09-25 04:52:21,803 [pool-147-thread-1] INFO  segmented.SegmentedRaftLogWorker (SegmentedRaftLogWorker.java:<init>(172)) - new 6a547602-9d9f-411f-a61b-6fc980fbe171@group-6A07B7A22B99-SegmentedRaftLogWorker for RaftStorage:Storage Directory /workdir/hadoop-ozone/integration-test/target/test-dir/MiniOzoneClusterImpl-d3c81739-79da-4dbe-9ced-b164d958c5b5/datanode-3/data/ratis/5b35a26a-a96c-4456-a0a3-6a07b7a22b99
2019-09-25 04:52:21,803 [pool-147-thread-1] INFO  server.RaftServerConfigKeys (ConfUtils.java:logGet(43)) - raft.server.log.queue.byte-limit = 2147483647 (custom)
2019-09-25 04:52:21,803 [pool-147-thread-1] INFO  server.RaftServerConfigKeys (ConfUtils.java:logGet(43)) - raft.server.log.queue.element-limit = 1024 (custom)
2019-09-25 04:52:21,803 [pool-147-thread-1] INFO  server.RaftServerConfigKeys (ConfUtils.java:logGet(43)) - raft.server.log.segment.size.max = 1048576 (custom)
2019-09-25 04:52:21,804 [pool-147-thread-1] INFO  server.RaftServerConfigKeys (ConfUtils.java:logGet(43)) - raft.server.log.preallocated.size = 16384 (custom)
2019-09-25 04:52:21,804 [pool-147-thread-1] INFO  server.RaftServerConfigKeys (ConfUtils.java:logGet(43)) - raft.server.log.write.buffer.size = 33554432 (custom)
2019-09-25 04:52:21,804 [pool-147-thread-1] INFO  server.RaftServerConfigKeys (ConfUtils.java:logGet(43)) - raft.server.log.force.sync.num = 128 (default)
2019-09-25 04:52:21,804 [pool-147-thread-1] INFO  server.RaftServerConfigKeys (ConfUtils.java:logGet(43)) - raft.server.log.statemachine.data.sync = true (default)
2019-09-25 04:52:21,804 [pool-147-thread-1] INFO  server.RaftServerConfigKeys (ConfUtils.java:logGet(43)) - raft.server.log.statemachine.data.sync.timeout = 10s (default)
2019-09-25 04:52:21,804 [pool-147-thread-1] INFO  server.RaftServerConfigKeys (ConfUtils.java:logGet(43)) - raft.server.log.statemachine.data.sync.timeout.retry = -1 (default)
2019-09-25 04:52:21,805 [pool-147-thread-1] INFO  server.RaftServerConfigKeys (ConfUtils.java:logGet(43)) - raft.server.log.statemachine.data.caching.enabled = true (custom)
2019-09-25 04:52:21,805 [pool-147-thread-1] INFO  segmented.SegmentedRaftLogWorker (SegmentedRaftLogWorker.java:lambda$new$0(132)) - 6a547602-9d9f-411f-a61b-6fc980fbe171@group-6A07B7A22B99-SegmentedRaftLogWorker: flushIndex: setUnconditionally 0 -> -1
2019-09-25 04:52:21,805 [pool-147-thread-1] INFO  server.RaftServerConfigKeys (ConfUtils.java:logGet(43)) - raft.server.snapshot.auto.trigger.enabled = true (custom)
2019-09-25 04:52:21,806 [pool-147-thread-1] INFO  server.RaftServerConfigKeys (ConfUtils.java:logGet(43)) - raft.server.snapshot.auto.trigger.threshold = 10000 (custom)
2019-09-25 04:52:21,806 [pool-147-thread-1] INFO  server.RaftServerConfigKeys (ConfUtils.java:logGet(43)) - raft.server.snapshot.retention.num.files = 5 (custom)
2019-09-25 04:52:21,806 [pool-147-thread-1] INFO  server.RaftServerConfigKeys (ConfUtils.java:logGet(43)) - raft.server.retrycache.expirytime = 600000ms (custom)
2019-09-25 04:52:21,809 [pool-147-thread-1] INFO  impl.RaftServerImpl (RaftServerImpl.java:start(185)) - 6a547602-9d9f-411f-a61b-6fc980fbe171@group-6A07B7A22B99: start as a follower, conf=-1: [6a547602-9d9f-411f-a61b-6fc980fbe171:192.168.164.207:41690], old=null
2019-09-25 04:52:21,809 [pool-147-thread-1] INFO  impl.RaftServerImpl (RaftServerImpl.java:setRole(174)) - 6a547602-9d9f-411f-a61b-6fc980fbe171@group-6A07B7A22B99: changes role from      null to FOLLOWER at term 0 for startAsFollower
2019-09-25 04:52:21,809 [pool-147-thread-1] INFO  impl.RoleInfo (RoleInfo.java:updateAndGet(143)) - 6a547602-9d9f-411f-a61b-6fc980fbe171: start FollowerState
2019-09-25 04:52:21,809 [pool-147-thread-1] INFO  util.JmxRegister (JmxRegister.java:tryRegister(44)) - Successfully registered JMX Bean with object name Ratis:service=RaftServer,group=group-6A07B7A22B99,id=6a547602-9d9f-411f-a61b-6fc980fbe171
2019-09-25 04:52:21,812 [RatisPipelineUtilsThread] INFO  pipeline.PipelineStateManager (PipelineStateManager.java:addPipeline(56)) - Created pipeline Pipeline[ Id: 5b35a26a-a96c-4456-a0a3-6a07b7a22b99, Nodes: 6a547602-9d9f-411f-a61b-6fc980fbe171{ip: 192.168.164.207, host: pr-hdds-1569-s44lr-3492059363, networkLocation: /default-rack, certSerialId: null}, Type:RATIS, Factor:ONE, State:OPEN]
2019-09-25 04:52:21,813 [RatisPipelineUtilsThread] INFO  pipeline.PipelinePlacementPolicy (PipelinePlacementPolicy.java:meetCriteria(91)) - Pipeline Placement: can't place more pipeline on heavy datanode： 4370308c-ceb4-49a9-9879-5927b69a5f85 Heaviness: 6 limit: 5
2019-09-25 04:52:21,813 [RatisPipelineUtilsThread] INFO  pipeline.PipelinePlacementPolicy (PipelinePlacementPolicy.java:meetCriteria(91)) - Pipeline Placement: can't place more pipeline on heavy datanode： bb4fa670-e092-4403-b4a0-776b8e3a297a Heaviness: 6 limit: 5
2019-09-25 04:52:21,813 [RatisPipelineUtilsThread] INFO  pipeline.PipelinePlacementPolicy (PipelinePlacementPolicy.java:meetCriteria(91)) - Pipeline Placement: can't place more pipeline on heavy datanode： bcc74fd2-3a06-4539-867d-223a418d820d Heaviness: 6 limit: 5
2019-09-25 04:52:21,819 [grpc-default-executor-0] INFO  impl.RaftServerProxy (RaftServerProxy.java:addNew(89)) - 6a547602-9d9f-411f-a61b-6fc980fbe171: addNew group-163419C5154D:[6a547602-9d9f-411f-a61b-6fc980fbe171:192.168.164.207:41690] returns group-163419C5154D:java.util.concurrent.CompletableFuture@3ab5e26b[Not completed]
2019-09-25 04:52:21,820 [pool-147-thread-1] INFO  impl.RaftServerImpl (RaftServerImpl.java:<init>(95)) - 6a547602-9d9f-411f-a61b-6fc980fbe171: new RaftServerImpl for group-163419C5154D:[6a547602-9d9f-411f-a61b-6fc980fbe171:192.168.164.207:41690] with ContainerStateMachine:uninitialized
2019-09-25 04:52:21,821 [pool-147-thread-1] INFO  server.RaftServerConfigKeys (ConfUtils.java:logGet(43)) - raft.server.rpc.timeout.min = 5s (custom)
2019-09-25 04:52:21,821 [pool-147-thread-1] INFO  server.RaftServerConfigKeys (ConfUtils.java:logGet(43)) - raft.server.rpc.timeout.max = 5200ms (custom)
2019-09-25 04:52:21,821 [pool-147-thread-1] INFO  server.RaftServerConfigKeys (ConfUtils.java:logGet(43)) - raft.server.rpcslowness.timeout = 120s (custom)
2019-09-25 04:52:21,821 [pool-147-thread-1] INFO  server.RaftServerConfigKeys (ConfUtils.java:logGet(43)) - raft.server.sleep.deviation.threshold = 300 (default)
2019-09-25 04:52:21,821 [pool-147-thread-1] INFO  server.RaftServerConfigKeys (ConfUtils.java:logGet(43)) - raft.server.log.appender.install.snapshot.enabled = false (custom)
2019-09-25 04:52:21,821 [pool-147-thread-1] INFO  impl.RaftServerImpl (ServerState.java:<init>(103)) - 6a547602-9d9f-411f-a61b-6fc980fbe171@group-163419C5154D: ConfigurationManager, init=-1: [6a547602-9d9f-411f-a61b-6fc980fbe171:192.168.164.207:41690], old=null, confs=<EMPTY_MAP>
2019-09-25 04:52:21,822 [pool-147-thread-1] INFO  server.RaftServerConfigKeys (ConfUtils.java:logGet(43)) - raft.server.storage.dir = [/workdir/hadoop-ozone/integration-test/target/test-dir/MiniOzoneClusterImpl-d3c81739-79da-4dbe-9ced-b164d958c5b5/datanode-3/data/ratis] (custom)
2019-09-25 04:52:21,822 [pool-147-thread-1] INFO  storage.RaftStorageDirectory (RaftStorageDirectory.java:analyzeStorage(246)) - The storage directory /workdir/hadoop-ozone/integration-test/target/test-dir/MiniOzoneClusterImpl-d3c81739-79da-4dbe-9ced-b164d958c5b5/datanode-3/data/ratis/29e52736-393e-4f74-a8ef-163419c5154d does not exist. Creating ...
2019-09-25 04:52:21,835 [pool-147-thread-1] INFO  storage.RaftStorageDirectory (RaftStorageDirectory.java:tryLock(328)) - Lock on /workdir/hadoop-ozone/integration-test/target/test-dir/MiniOzoneClusterImpl-d3c81739-79da-4dbe-9ced-b164d958c5b5/datanode-3/data/ratis/29e52736-393e-4f74-a8ef-163419c5154d/in_use.lock acquired by nodename 13544@pr-hdds-1569-s44lr-3492059363
2019-09-25 04:52:21,849 [pool-147-thread-1] INFO  storage.RaftStorage (RaftStorage.java:format(72)) - Storage directory /workdir/hadoop-ozone/integration-test/target/test-dir/MiniOzoneClusterImpl-d3c81739-79da-4dbe-9ced-b164d958c5b5/datanode-3/data/ratis/29e52736-393e-4f74-a8ef-163419c5154d has been successfully formatted.
2019-09-25 04:52:21,850 [pool-147-thread-1] INFO  ratis.ContainerStateMachine (ContainerStateMachine.java:loadSnapshot(230)) - group-163419C5154D: The snapshot info is null. Setting the last applied indexto:(t:0, i:~)
2019-09-25 04:52:21,850 [pool-147-thread-1] INFO  server.RaftServerConfigKeys (ConfUtils.java:logGet(43)) - raft.server.notification.no-leader.timeout = 120s (custom)
2019-09-25 04:52:21,850 [pool-147-thread-1] INFO  server.RaftServerConfigKeys (ConfUtils.java:logGet(43)) - raft.server.log.use.memory = false (default)
2019-09-25 04:52:21,850 [pool-147-thread-1] INFO  server.RaftServerConfigKeys (ConfUtils.java:logGet(43)) - raft.server.log.purge.gap = 1000000 (custom)
2019-09-25 04:52:21,850 [pool-147-thread-1] INFO  server.RaftServerConfigKeys (ConfUtils.java:logGet(43)) - raft.server.log.appender.buffer.byte-limit = 33554432 (custom)
2019-09-25 04:52:21,850 [pool-147-thread-1] INFO  server.RaftServerConfigKeys (ConfUtils.java:logGet(43)) - raft.server.log.segment.size.max = 1048576 (custom)
2019-09-25 04:52:21,850 [pool-147-thread-1] INFO  server.RaftServerConfigKeys (ConfUtils.java:logGet(43)) - raft.server.log.segment.cache.num.max = 2 (custom)
2019-09-25 04:52:21,851 [pool-147-thread-1] INFO  segmented.SegmentedRaftLogWorker (SegmentedRaftLogWorker.java:<init>(172)) - new 6a547602-9d9f-411f-a61b-6fc980fbe171@group-163419C5154D-SegmentedRaftLogWorker for RaftStorage:Storage Directory /workdir/hadoop-ozone/integration-test/target/test-dir/MiniOzoneClusterImpl-d3c81739-79da-4dbe-9ced-b164d958c5b5/datanode-3/data/ratis/29e52736-393e-4f74-a8ef-163419c5154d
2019-09-25 04:52:21,851 [pool-147-thread-1] INFO  server.RaftServerConfigKeys (ConfUtils.java:logGet(43)) - raft.server.log.queue.byte-limit = 2147483647 (custom)
2019-09-25 04:52:21,851 [pool-147-thread-1] INFO  server.RaftServerConfigKeys (ConfUtils.java:logGet(43)) - raft.server.log.queue.element-limit = 1024 (custom)
2019-09-25 04:52:21,851 [pool-147-thread-1] INFO  server.RaftServerConfigKeys (ConfUtils.java:logGet(43)) - raft.server.log.segment.size.max = 1048576 (custom)
2019-09-25 04:52:21,851 [pool-147-thread-1] INFO  server.RaftServerConfigKeys (ConfUtils.java:logGet(43)) - raft.server.log.preallocated.size = 16384 (custom)
2019-09-25 04:52:21,851 [pool-147-thread-1] INFO  server.RaftServerConfigKeys (ConfUtils.java:logGet(43)) - raft.server.log.write.buffer.size = 33554432 (custom)
2019-09-25 04:52:21,852 [pool-147-thread-1] INFO  server.RaftServerConfigKeys (ConfUtils.java:logGet(43)) - raft.server.log.force.sync.num = 128 (default)
2019-09-25 04:52:21,852 [pool-147-thread-1] INFO  server.RaftServerConfigKeys (ConfUtils.java:logGet(43)) - raft.server.log.statemachine.data.sync = true (default)
2019-09-25 04:52:21,852 [pool-147-thread-1] INFO  server.RaftServerConfigKeys (ConfUtils.java:logGet(43)) - raft.server.log.statemachine.data.sync.timeout = 10s (default)
2019-09-25 04:52:21,852 [pool-147-thread-1] INFO  server.RaftServerConfigKeys (ConfUtils.java:logGet(43)) - raft.server.log.statemachine.data.sync.timeout.retry = -1 (default)
2019-09-25 04:52:21,852 [pool-147-thread-1] INFO  server.RaftServerConfigKeys (ConfUtils.java:logGet(43)) - raft.server.log.statemachine.data.caching.enabled = true (custom)
2019-09-25 04:52:21,853 [pool-147-thread-1] INFO  segmented.SegmentedRaftLogWorker (SegmentedRaftLogWorker.java:lambda$new$0(132)) - 6a547602-9d9f-411f-a61b-6fc980fbe171@group-163419C5154D-SegmentedRaftLogWorker: flushIndex: setUnconditionally 0 -> -1
2019-09-25 04:52:21,853 [pool-147-thread-1] INFO  server.RaftServerConfigKeys (ConfUtils.java:logGet(43)) - raft.server.snapshot.auto.trigger.enabled = true (custom)
2019-09-25 04:52:21,853 [pool-147-thread-1] INFO  server.RaftServerConfigKeys (ConfUtils.java:logGet(43)) - raft.server.snapshot.auto.trigger.threshold = 10000 (custom)
2019-09-25 04:52:21,853 [pool-147-thread-1] INFO  server.RaftServerConfigKeys (ConfUtils.java:logGet(43)) - raft.server.snapshot.retention.num.files = 5 (custom)
2019-09-25 04:52:21,853 [main] INFO  ozone.MiniOzoneClusterImpl (MiniOzoneClusterImpl.java:lambda$waitForClusterToBeReady$0(147)) - Cluster is ready. Got 7 of 7 DN Heartbeats.
2019-09-25 04:52:21,853 [pool-147-thread-1] INFO  server.RaftServerConfigKeys (ConfUtils.java:logGet(43)) - raft.server.retrycache.expirytime = 600000ms (custom)
2019-09-25 04:52:21,856 [pool-147-thread-1] INFO  impl.RaftServerImpl (RaftServerImpl.java:start(185)) - 6a547602-9d9f-411f-a61b-6fc980fbe171@group-163419C5154D: start as a follower, conf=-1: [6a547602-9d9f-411f-a61b-6fc980fbe171:192.168.164.207:41690], old=null
2019-09-25 04:52:21,856 [pool-147-thread-1] INFO  impl.RaftServerImpl (RaftServerImpl.java:setRole(174)) - 6a547602-9d9f-411f-a61b-6fc980fbe171@group-163419C5154D: changes role from      null to FOLLOWER at term 0 for startAsFollower
2019-09-25 04:52:21,856 [pool-147-thread-1] INFO  impl.RoleInfo (RoleInfo.java:updateAndGet(143)) - 6a547602-9d9f-411f-a61b-6fc980fbe171: start FollowerState
2019-09-25 04:52:21,856 [pool-147-thread-1] INFO  util.JmxRegister (JmxRegister.java:tryRegister(44)) - Successfully registered JMX Bean with object name Ratis:service=RaftServer,group=group-163419C5154D,id=6a547602-9d9f-411f-a61b-6fc980fbe171
2019-09-25 04:52:21,867 [RatisPipelineUtilsThread] INFO  pipeline.PipelineStateManager (PipelineStateManager.java:addPipeline(56)) - Created pipeline Pipeline[ Id: 29e52736-393e-4f74-a8ef-163419c5154d, Nodes: 6a547602-9d9f-411f-a61b-6fc980fbe171{ip: 192.168.164.207, host: pr-hdds-1569-s44lr-3492059363, networkLocation: /default-rack, certSerialId: null}, Type:RATIS, Factor:ONE, State:OPEN]
2019-09-25 04:52:21,871 [RatisPipelineUtilsThread] INFO  pipeline.PipelinePlacementPolicy (PipelinePlacementPolicy.java:meetCriteria(91)) - Pipeline Placement: can't place more pipeline on heavy datanode： 4370308c-ceb4-49a9-9879-5927b69a5f85 Heaviness: 6 limit: 5
2019-09-25 04:52:21,871 [RatisPipelineUtilsThread] INFO  pipeline.PipelinePlacementPolicy (PipelinePlacementPolicy.java:meetCriteria(91)) - Pipeline Placement: can't place more pipeline on heavy datanode： bb4fa670-e092-4403-b4a0-776b8e3a297a Heaviness: 6 limit: 5
2019-09-25 04:52:21,872 [RatisPipelineUtilsThread] INFO  pipeline.PipelinePlacementPolicy (PipelinePlacementPolicy.java:meetCriteria(91)) - Pipeline Placement: can't place more pipeline on heavy datanode： bcc74fd2-3a06-4539-867d-223a418d820d Heaviness: 6 limit: 5
2019-09-25 04:52:21,900 [main] INFO  rpc.RpcClient (RpcClient.java:createVolume(276)) - Creating Volume: testblockoutputstreamwithretries, with jenkins1000 as owner.
2019-09-25 04:52:21,901 [grpc-default-executor-0] INFO  impl.RaftServerProxy (RaftServerProxy.java:addNew(89)) - f0026df0-5652-4d5b-84a4-ec6d3279302c: addNew group-49A91453AA77:[f0026df0-5652-4d5b-84a4-ec6d3279302c:192.168.164.207:40753] returns group-49A91453AA77:java.util.concurrent.CompletableFuture@1a41b951[Not completed]
2019-09-25 04:52:21,907 [pool-177-thread-1] INFO  impl.RaftServerImpl (RaftServerImpl.java:<init>(95)) - f0026df0-5652-4d5b-84a4-ec6d3279302c: new RaftServerImpl for group-49A91453AA77:[f0026df0-5652-4d5b-84a4-ec6d3279302c:192.168.164.207:40753] with ContainerStateMachine:uninitialized
2019-09-25 04:52:21,907 [pool-177-thread-1] INFO  server.RaftServerConfigKeys (ConfUtils.java:logGet(43)) - raft.server.rpc.timeout.min = 5s (custom)
2019-09-25 04:52:21,907 [pool-177-thread-1] INFO  server.RaftServerConfigKeys (ConfUtils.java:logGet(43)) - raft.server.rpc.timeout.max = 5200ms (custom)
2019-09-25 04:52:21,908 [pool-177-thread-1] INFO  server.RaftServerConfigKeys (ConfUtils.java:logGet(43)) - raft.server.rpcslowness.timeout = 120s (custom)
2019-09-25 04:52:21,908 [pool-177-thread-1] INFO  server.RaftServerConfigKeys (ConfUtils.java:logGet(43)) - raft.server.sleep.deviation.threshold = 300 (default)
2019-09-25 04:52:21,908 [IPC Server handler 1 on 34849] INFO  volume.OMVolumeCreateRequest (OMVolumeCreateRequest.java:validateAndUpdateCache(189)) - created volume:testblockoutputstreamwithretries for user:jenkins1000
2019-09-25 04:52:21,908 [pool-177-thread-1] INFO  server.RaftServerConfigKeys (ConfUtils.java:logGet(43)) - raft.server.log.appender.install.snapshot.enabled = false (custom)
2019-09-25 04:52:21,908 [pool-177-thread-1] INFO  impl.RaftServerImpl (ServerState.java:<init>(103)) - f0026df0-5652-4d5b-84a4-ec6d3279302c@group-49A91453AA77: ConfigurationManager, init=-1: [f0026df0-5652-4d5b-84a4-ec6d3279302c:192.168.164.207:40753], old=null, confs=<EMPTY_MAP>
2019-09-25 04:52:21,909 [pool-177-thread-1] INFO  server.RaftServerConfigKeys (ConfUtils.java:logGet(43)) - raft.server.storage.dir = [/workdir/hadoop-ozone/integration-test/target/test-dir/MiniOzoneClusterImpl-d3c81739-79da-4dbe-9ced-b164d958c5b5/datanode-6/data/ratis] (custom)
2019-09-25 04:52:21,909 [pool-177-thread-1] INFO  storage.RaftStorageDirectory (RaftStorageDirectory.java:analyzeStorage(246)) - The storage directory /workdir/hadoop-ozone/integration-test/target/test-dir/MiniOzoneClusterImpl-d3c81739-79da-4dbe-9ced-b164d958c5b5/datanode-6/data/ratis/4f832ba9-4137-4280-9a16-49a91453aa77 does not exist. Creating ...
2019-09-25 04:52:21,936 [pool-177-thread-1] INFO  storage.RaftStorageDirectory (RaftStorageDirectory.java:tryLock(328)) - Lock on /workdir/hadoop-ozone/integration-test/target/test-dir/MiniOzoneClusterImpl-d3c81739-79da-4dbe-9ced-b164d958c5b5/datanode-6/data/ratis/4f832ba9-4137-4280-9a16-49a91453aa77/in_use.lock acquired by nodename 13544@pr-hdds-1569-s44lr-3492059363
2019-09-25 04:52:21,937 [main] INFO  rpc.RpcClient (RpcClient.java:createBucket(415)) - Creating Bucket: testblockoutputstreamwithretries/testblockoutputstreamwithretries, with Versioning false and Storage Type set to DISK and Encryption set to false 
2019-09-25 04:52:21,949 [pool-177-thread-1] INFO  storage.RaftStorage (RaftStorage.java:format(72)) - Storage directory /workdir/hadoop-ozone/integration-test/target/test-dir/MiniOzoneClusterImpl-d3c81739-79da-4dbe-9ced-b164d958c5b5/datanode-6/data/ratis/4f832ba9-4137-4280-9a16-49a91453aa77 has been successfully formatted.
2019-09-25 04:52:21,950 [pool-177-thread-1] INFO  ratis.ContainerStateMachine (ContainerStateMachine.java:loadSnapshot(230)) - group-49A91453AA77: The snapshot info is null. Setting the last applied indexto:(t:0, i:~)
2019-09-25 04:52:21,950 [pool-177-thread-1] INFO  server.RaftServerConfigKeys (ConfUtils.java:logGet(43)) - raft.server.notification.no-leader.timeout = 120s (custom)
2019-09-25 04:52:21,950 [pool-177-thread-1] INFO  server.RaftServerConfigKeys (ConfUtils.java:logGet(43)) - raft.server.log.use.memory = false (default)
2019-09-25 04:52:21,950 [pool-177-thread-1] INFO  server.RaftServerConfigKeys (ConfUtils.java:logGet(43)) - raft.server.log.purge.gap = 1000000 (custom)
2019-09-25 04:52:21,951 [pool-177-thread-1] INFO  server.RaftServerConfigKeys (ConfUtils.java:logGet(43)) - raft.server.log.appender.buffer.byte-limit = 33554432 (custom)
2019-09-25 04:52:21,951 [pool-177-thread-1] INFO  server.RaftServerConfigKeys (ConfUtils.java:logGet(43)) - raft.server.log.segment.size.max = 1048576 (custom)
2019-09-25 04:52:21,951 [pool-177-thread-1] INFO  server.RaftServerConfigKeys (ConfUtils.java:logGet(43)) - raft.server.log.segment.cache.num.max = 2 (custom)
2019-09-25 04:52:21,951 [pool-177-thread-1] INFO  segmented.SegmentedRaftLogWorker (SegmentedRaftLogWorker.java:<init>(172)) - new f0026df0-5652-4d5b-84a4-ec6d3279302c@group-49A91453AA77-SegmentedRaftLogWorker for RaftStorage:Storage Directory /workdir/hadoop-ozone/integration-test/target/test-dir/MiniOzoneClusterImpl-d3c81739-79da-4dbe-9ced-b164d958c5b5/datanode-6/data/ratis/4f832ba9-4137-4280-9a16-49a91453aa77
2019-09-25 04:52:21,954 [pool-177-thread-1] INFO  server.RaftServerConfigKeys (ConfUtils.java:logGet(43)) - raft.server.log.queue.byte-limit = 2147483647 (custom)
2019-09-25 04:52:21,954 [pool-177-thread-1] INFO  server.RaftServerConfigKeys (ConfUtils.java:logGet(43)) - raft.server.log.queue.element-limit = 1024 (custom)
2019-09-25 04:52:21,954 [pool-177-thread-1] INFO  server.RaftServerConfigKeys (ConfUtils.java:logGet(43)) - raft.server.log.segment.size.max = 1048576 (custom)
2019-09-25 04:52:21,955 [pool-177-thread-1] INFO  server.RaftServerConfigKeys (ConfUtils.java:logGet(43)) - raft.server.log.preallocated.size = 16384 (custom)
2019-09-25 04:52:21,955 [pool-177-thread-1] INFO  server.RaftServerConfigKeys (ConfUtils.java:logGet(43)) - raft.server.log.write.buffer.size = 33554432 (custom)
2019-09-25 04:52:21,955 [pool-177-thread-1] INFO  server.RaftServerConfigKeys (ConfUtils.java:logGet(43)) - raft.server.log.force.sync.num = 128 (default)
2019-09-25 04:52:21,955 [pool-177-thread-1] INFO  server.RaftServerConfigKeys (ConfUtils.java:logGet(43)) - raft.server.log.statemachine.data.sync = true (default)
2019-09-25 04:52:21,955 [pool-177-thread-1] INFO  server.RaftServerConfigKeys (ConfUtils.java:logGet(43)) - raft.server.log.statemachine.data.sync.timeout = 10s (default)
2019-09-25 04:52:21,955 [pool-177-thread-1] INFO  server.RaftServerConfigKeys (ConfUtils.java:logGet(43)) - raft.server.log.statemachine.data.sync.timeout.retry = -1 (default)
2019-09-25 04:52:21,956 [pool-177-thread-1] INFO  server.RaftServerConfigKeys (ConfUtils.java:logGet(43)) - raft.server.log.statemachine.data.caching.enabled = true (custom)
2019-09-25 04:52:21,956 [pool-177-thread-1] INFO  segmented.SegmentedRaftLogWorker (SegmentedRaftLogWorker.java:lambda$new$0(132)) - f0026df0-5652-4d5b-84a4-ec6d3279302c@group-49A91453AA77-SegmentedRaftLogWorker: flushIndex: setUnconditionally 0 -> -1
2019-09-25 04:52:21,956 [pool-177-thread-1] INFO  server.RaftServerConfigKeys (ConfUtils.java:logGet(43)) - raft.server.snapshot.auto.trigger.enabled = true (custom)
2019-09-25 04:52:21,957 [pool-177-thread-1] INFO  server.RaftServerConfigKeys (ConfUtils.java:logGet(43)) - raft.server.snapshot.auto.trigger.threshold = 10000 (custom)
2019-09-25 04:52:21,957 [pool-177-thread-1] INFO  server.RaftServerConfigKeys (ConfUtils.java:logGet(43)) - raft.server.snapshot.retention.num.files = 5 (custom)
2019-09-25 04:52:21,957 [pool-177-thread-1] INFO  server.RaftServerConfigKeys (ConfUtils.java:logGet(43)) - raft.server.retrycache.expirytime = 600000ms (custom)
2019-09-25 04:52:21,959 [pool-177-thread-1] INFO  impl.RaftServerImpl (RaftServerImpl.java:start(185)) - f0026df0-5652-4d5b-84a4-ec6d3279302c@group-49A91453AA77: start as a follower, conf=-1: [f0026df0-5652-4d5b-84a4-ec6d3279302c:192.168.164.207:40753], old=null
2019-09-25 04:52:21,959 [pool-177-thread-1] INFO  impl.RaftServerImpl (RaftServerImpl.java:setRole(174)) - f0026df0-5652-4d5b-84a4-ec6d3279302c@group-49A91453AA77: changes role from      null to FOLLOWER at term 0 for startAsFollower
2019-09-25 04:52:21,960 [pool-177-thread-1] INFO  impl.RoleInfo (RoleInfo.java:updateAndGet(143)) - f0026df0-5652-4d5b-84a4-ec6d3279302c: start FollowerState
2019-09-25 04:52:21,960 [pool-177-thread-1] INFO  util.JmxRegister (JmxRegister.java:tryRegister(44)) - Successfully registered JMX Bean with object name Ratis:service=RaftServer,group=group-49A91453AA77,id=f0026df0-5652-4d5b-84a4-ec6d3279302c
2019-09-25 04:52:21,963 [RatisPipelineUtilsThread] INFO  pipeline.PipelineStateManager (PipelineStateManager.java:addPipeline(56)) - Created pipeline Pipeline[ Id: 4f832ba9-4137-4280-9a16-49a91453aa77, Nodes: f0026df0-5652-4d5b-84a4-ec6d3279302c{ip: 192.168.164.207, host: pr-hdds-1569-s44lr-3492059363, networkLocation: /default-rack, certSerialId: null}, Type:RATIS, Factor:ONE, State:OPEN]
2019-09-25 04:52:21,964 [RatisPipelineUtilsThread] INFO  pipeline.PipelinePlacementPolicy (PipelinePlacementPolicy.java:meetCriteria(91)) - Pipeline Placement: can't place more pipeline on heavy datanode： 4370308c-ceb4-49a9-9879-5927b69a5f85 Heaviness: 6 limit: 5
2019-09-25 04:52:21,964 [RatisPipelineUtilsThread] INFO  pipeline.PipelinePlacementPolicy (PipelinePlacementPolicy.java:meetCriteria(91)) - Pipeline Placement: can't place more pipeline on heavy datanode： bb4fa670-e092-4403-b4a0-776b8e3a297a Heaviness: 6 limit: 5
2019-09-25 04:52:21,964 [RatisPipelineUtilsThread] INFO  pipeline.PipelinePlacementPolicy (PipelinePlacementPolicy.java:meetCriteria(91)) - Pipeline Placement: can't place more pipeline on heavy datanode： bcc74fd2-3a06-4539-867d-223a418d820d Heaviness: 6 limit: 5
2019-09-25 04:52:21,970 [grpc-default-executor-0] INFO  impl.RaftServerProxy (RaftServerProxy.java:addNew(89)) - 94bde7ca-9af4-4c06-8221-a867c8f279fc: addNew group-D01A1DC6F2E1:[94bde7ca-9af4-4c06-8221-a867c8f279fc:192.168.164.207:37773] returns group-D01A1DC6F2E1:java.util.concurrent.CompletableFuture@581e6bc1[Not completed]
2019-09-25 04:52:21,972 [pool-157-thread-1] INFO  impl.RaftServerImpl (RaftServerImpl.java:<init>(95)) - 94bde7ca-9af4-4c06-8221-a867c8f279fc: new RaftServerImpl for group-D01A1DC6F2E1:[94bde7ca-9af4-4c06-8221-a867c8f279fc:192.168.164.207:37773] with ContainerStateMachine:uninitialized
2019-09-25 04:52:21,972 [pool-157-thread-1] INFO  server.RaftServerConfigKeys (ConfUtils.java:logGet(43)) - raft.server.rpc.timeout.min = 5s (custom)
2019-09-25 04:52:21,972 [pool-157-thread-1] INFO  server.RaftServerConfigKeys (ConfUtils.java:logGet(43)) - raft.server.rpc.timeout.max = 5200ms (custom)
2019-09-25 04:52:21,972 [pool-157-thread-1] INFO  server.RaftServerConfigKeys (ConfUtils.java:logGet(43)) - raft.server.rpcslowness.timeout = 120s (custom)
2019-09-25 04:52:21,972 [pool-157-thread-1] INFO  server.RaftServerConfigKeys (ConfUtils.java:logGet(43)) - raft.server.sleep.deviation.threshold = 300 (default)
2019-09-25 04:52:21,972 [pool-157-thread-1] INFO  server.RaftServerConfigKeys (ConfUtils.java:logGet(43)) - raft.server.log.appender.install.snapshot.enabled = false (custom)
2019-09-25 04:52:21,973 [pool-157-thread-1] INFO  impl.RaftServerImpl (ServerState.java:<init>(103)) - 94bde7ca-9af4-4c06-8221-a867c8f279fc@group-D01A1DC6F2E1: ConfigurationManager, init=-1: [94bde7ca-9af4-4c06-8221-a867c8f279fc:192.168.164.207:37773], old=null, confs=<EMPTY_MAP>
2019-09-25 04:52:21,973 [pool-157-thread-1] INFO  server.RaftServerConfigKeys (ConfUtils.java:logGet(43)) - raft.server.storage.dir = [/workdir/hadoop-ozone/integration-test/target/test-dir/MiniOzoneClusterImpl-d3c81739-79da-4dbe-9ced-b164d958c5b5/datanode-4/data/ratis] (custom)
2019-09-25 04:52:21,973 [pool-157-thread-1] INFO  storage.RaftStorageDirectory (RaftStorageDirectory.java:analyzeStorage(246)) - The storage directory /workdir/hadoop-ozone/integration-test/target/test-dir/MiniOzoneClusterImpl-d3c81739-79da-4dbe-9ced-b164d958c5b5/datanode-4/data/ratis/f97446a4-dd78-4c65-af51-d01a1dc6f2e1 does not exist. Creating ...
2019-09-25 04:52:21,980 [pool-157-thread-1] INFO  storage.RaftStorageDirectory (RaftStorageDirectory.java:tryLock(328)) - Lock on /workdir/hadoop-ozone/integration-test/target/test-dir/MiniOzoneClusterImpl-d3c81739-79da-4dbe-9ced-b164d958c5b5/datanode-4/data/ratis/f97446a4-dd78-4c65-af51-d01a1dc6f2e1/in_use.lock acquired by nodename 13544@pr-hdds-1569-s44lr-3492059363
2019-09-25 04:52:21,993 [pool-157-thread-1] INFO  storage.RaftStorage (RaftStorage.java:format(72)) - Storage directory /workdir/hadoop-ozone/integration-test/target/test-dir/MiniOzoneClusterImpl-d3c81739-79da-4dbe-9ced-b164d958c5b5/datanode-4/data/ratis/f97446a4-dd78-4c65-af51-d01a1dc6f2e1 has been successfully formatted.
2019-09-25 04:52:21,993 [pool-157-thread-1] INFO  ratis.ContainerStateMachine (ContainerStateMachine.java:loadSnapshot(230)) - group-D01A1DC6F2E1: The snapshot info is null. Setting the last applied indexto:(t:0, i:~)
2019-09-25 04:52:21,994 [pool-157-thread-1] INFO  server.RaftServerConfigKeys (ConfUtils.java:logGet(43)) - raft.server.notification.no-leader.timeout = 120s (custom)
2019-09-25 04:52:21,994 [pool-157-thread-1] INFO  server.RaftServerConfigKeys (ConfUtils.java:logGet(43)) - raft.server.log.use.memory = false (default)
2019-09-25 04:52:21,994 [pool-157-thread-1] INFO  server.RaftServerConfigKeys (ConfUtils.java:logGet(43)) - raft.server.log.purge.gap = 1000000 (custom)
2019-09-25 04:52:21,994 [pool-157-thread-1] INFO  server.RaftServerConfigKeys (ConfUtils.java:logGet(43)) - raft.server.log.appender.buffer.byte-limit = 33554432 (custom)
2019-09-25 04:52:21,994 [pool-157-thread-1] INFO  server.RaftServerConfigKeys (ConfUtils.java:logGet(43)) - raft.server.log.segment.size.max = 1048576 (custom)
2019-09-25 04:52:21,994 [pool-157-thread-1] INFO  server.RaftServerConfigKeys (ConfUtils.java:logGet(43)) - raft.server.log.segment.cache.num.max = 2 (custom)
2019-09-25 04:52:21,994 [pool-157-thread-1] INFO  segmented.SegmentedRaftLogWorker (SegmentedRaftLogWorker.java:<init>(172)) - new 94bde7ca-9af4-4c06-8221-a867c8f279fc@group-D01A1DC6F2E1-SegmentedRaftLogWorker for RaftStorage:Storage Directory /workdir/hadoop-ozone/integration-test/target/test-dir/MiniOzoneClusterImpl-d3c81739-79da-4dbe-9ced-b164d958c5b5/datanode-4/data/ratis/f97446a4-dd78-4c65-af51-d01a1dc6f2e1
2019-09-25 04:52:21,994 [pool-157-thread-1] INFO  server.RaftServerConfigKeys (ConfUtils.java:logGet(43)) - raft.server.log.queue.byte-limit = 2147483647 (custom)
2019-09-25 04:52:21,995 [pool-157-thread-1] INFO  server.RaftServerConfigKeys (ConfUtils.java:logGet(43)) - raft.server.log.queue.element-limit = 1024 (custom)
2019-09-25 04:52:21,995 [pool-157-thread-1] INFO  server.RaftServerConfigKeys (ConfUtils.java:logGet(43)) - raft.server.log.segment.size.max = 1048576 (custom)
2019-09-25 04:52:21,995 [pool-157-thread-1] INFO  server.RaftServerConfigKeys (ConfUtils.java:logGet(43)) - raft.server.log.preallocated.size = 16384 (custom)
2019-09-25 04:52:21,995 [pool-157-thread-1] INFO  server.RaftServerConfigKeys (ConfUtils.java:logGet(43)) - raft.server.log.write.buffer.size = 33554432 (custom)
2019-09-25 04:52:21,995 [pool-157-thread-1] INFO  server.RaftServerConfigKeys (ConfUtils.java:logGet(43)) - raft.server.log.force.sync.num = 128 (default)
2019-09-25 04:52:21,995 [pool-157-thread-1] INFO  server.RaftServerConfigKeys (ConfUtils.java:logGet(43)) - raft.server.log.statemachine.data.sync = true (default)
2019-09-25 04:52:21,995 [pool-157-thread-1] INFO  server.RaftServerConfigKeys (ConfUtils.java:logGet(43)) - raft.server.log.statemachine.data.sync.timeout = 10s (default)
2019-09-25 04:52:21,995 [pool-157-thread-1] INFO  server.RaftServerConfigKeys (ConfUtils.java:logGet(43)) - raft.server.log.statemachine.data.sync.timeout.retry = -1 (default)
2019-09-25 04:52:21,996 [pool-157-thread-1] INFO  server.RaftServerConfigKeys (ConfUtils.java:logGet(43)) - raft.server.log.statemachine.data.caching.enabled = true (custom)
2019-09-25 04:52:21,996 [pool-157-thread-1] INFO  segmented.SegmentedRaftLogWorker (SegmentedRaftLogWorker.java:lambda$new$0(132)) - 94bde7ca-9af4-4c06-8221-a867c8f279fc@group-D01A1DC6F2E1-SegmentedRaftLogWorker: flushIndex: setUnconditionally 0 -> -1
2019-09-25 04:52:21,996 [pool-157-thread-1] INFO  server.RaftServerConfigKeys (ConfUtils.java:logGet(43)) - raft.server.snapshot.auto.trigger.enabled = true (custom)
2019-09-25 04:52:21,996 [pool-157-thread-1] INFO  server.RaftServerConfigKeys (ConfUtils.java:logGet(43)) - raft.server.snapshot.auto.trigger.threshold = 10000 (custom)
2019-09-25 04:52:21,996 [pool-157-thread-1] INFO  server.RaftServerConfigKeys (ConfUtils.java:logGet(43)) - raft.server.snapshot.retention.num.files = 5 (custom)
2019-09-25 04:52:21,997 [pool-157-thread-1] INFO  server.RaftServerConfigKeys (ConfUtils.java:logGet(43)) - raft.server.retrycache.expirytime = 600000ms (custom)
2019-09-25 04:52:21,998 [pool-157-thread-1] INFO  impl.RaftServerImpl (RaftServerImpl.java:start(185)) - 94bde7ca-9af4-4c06-8221-a867c8f279fc@group-D01A1DC6F2E1: start as a follower, conf=-1: [94bde7ca-9af4-4c06-8221-a867c8f279fc:192.168.164.207:37773], old=null
2019-09-25 04:52:21,999 [pool-157-thread-1] INFO  impl.RaftServerImpl (RaftServerImpl.java:setRole(174)) - 94bde7ca-9af4-4c06-8221-a867c8f279fc@group-D01A1DC6F2E1: changes role from      null to FOLLOWER at term 0 for startAsFollower
2019-09-25 04:52:21,999 [pool-157-thread-1] INFO  impl.RoleInfo (RoleInfo.java:updateAndGet(143)) - 94bde7ca-9af4-4c06-8221-a867c8f279fc: start FollowerState
2019-09-25 04:52:21,999 [pool-157-thread-1] INFO  util.JmxRegister (JmxRegister.java:tryRegister(44)) - Successfully registered JMX Bean with object name Ratis:service=RaftServer,group=group-D01A1DC6F2E1,id=94bde7ca-9af4-4c06-8221-a867c8f279fc
2019-09-25 04:52:22,001 [RatisPipelineUtilsThread] INFO  pipeline.PipelineStateManager (PipelineStateManager.java:addPipeline(56)) - Created pipeline Pipeline[ Id: f97446a4-dd78-4c65-af51-d01a1dc6f2e1, Nodes: 94bde7ca-9af4-4c06-8221-a867c8f279fc{ip: 192.168.164.207, host: pr-hdds-1569-s44lr-3492059363, networkLocation: /default-rack, certSerialId: null}, Type:RATIS, Factor:ONE, State:OPEN]
2019-09-25 04:52:22,002 [RatisPipelineUtilsThread] INFO  pipeline.PipelinePlacementPolicy (PipelinePlacementPolicy.java:meetCriteria(91)) - Pipeline Placement: can't place more pipeline on heavy datanode： 4370308c-ceb4-49a9-9879-5927b69a5f85 Heaviness: 6 limit: 5
2019-09-25 04:52:22,002 [RatisPipelineUtilsThread] INFO  pipeline.PipelinePlacementPolicy (PipelinePlacementPolicy.java:meetCriteria(91)) - Pipeline Placement: can't place more pipeline on heavy datanode： bb4fa670-e092-4403-b4a0-776b8e3a297a Heaviness: 6 limit: 5
2019-09-25 04:52:22,002 [RatisPipelineUtilsThread] INFO  pipeline.PipelinePlacementPolicy (PipelinePlacementPolicy.java:meetCriteria(91)) - Pipeline Placement: can't place more pipeline on heavy datanode： bcc74fd2-3a06-4539-867d-223a418d820d Heaviness: 6 limit: 5
2019-09-25 04:52:22,007 [grpc-default-executor-0] INFO  impl.RaftServerProxy (RaftServerProxy.java:addNew(89)) - 6a547602-9d9f-411f-a61b-6fc980fbe171: addNew group-AB656C975A7C:[6a547602-9d9f-411f-a61b-6fc980fbe171:192.168.164.207:41690] returns group-AB656C975A7C:java.util.concurrent.CompletableFuture@393f6fd[Not completed]
2019-09-25 04:52:22,008 [pool-147-thread-1] INFO  impl.RaftServerImpl (RaftServerImpl.java:<init>(95)) - 6a547602-9d9f-411f-a61b-6fc980fbe171: new RaftServerImpl for group-AB656C975A7C:[6a547602-9d9f-411f-a61b-6fc980fbe171:192.168.164.207:41690] with ContainerStateMachine:uninitialized
2019-09-25 04:52:22,008 [pool-147-thread-1] INFO  server.RaftServerConfigKeys (ConfUtils.java:logGet(43)) - raft.server.rpc.timeout.min = 5s (custom)
2019-09-25 04:52:22,009 [pool-147-thread-1] INFO  server.RaftServerConfigKeys (ConfUtils.java:logGet(43)) - raft.server.rpc.timeout.max = 5200ms (custom)
2019-09-25 04:52:22,009 [pool-147-thread-1] INFO  server.RaftServerConfigKeys (ConfUtils.java:logGet(43)) - raft.server.rpcslowness.timeout = 120s (custom)
2019-09-25 04:52:22,009 [pool-147-thread-1] INFO  server.RaftServerConfigKeys (ConfUtils.java:logGet(43)) - raft.server.sleep.deviation.threshold = 300 (default)
2019-09-25 04:52:22,009 [pool-147-thread-1] INFO  server.RaftServerConfigKeys (ConfUtils.java:logGet(43)) - raft.server.log.appender.install.snapshot.enabled = false (custom)
2019-09-25 04:52:22,009 [pool-147-thread-1] INFO  impl.RaftServerImpl (ServerState.java:<init>(103)) - 6a547602-9d9f-411f-a61b-6fc980fbe171@group-AB656C975A7C: ConfigurationManager, init=-1: [6a547602-9d9f-411f-a61b-6fc980fbe171:192.168.164.207:41690], old=null, confs=<EMPTY_MAP>
2019-09-25 04:52:22,010 [pool-147-thread-1] INFO  server.RaftServerConfigKeys (ConfUtils.java:logGet(43)) - raft.server.storage.dir = [/workdir/hadoop-ozone/integration-test/target/test-dir/MiniOzoneClusterImpl-d3c81739-79da-4dbe-9ced-b164d958c5b5/datanode-3/data/ratis] (custom)
2019-09-25 04:52:22,010 [pool-147-thread-1] INFO  storage.RaftStorageDirectory (RaftStorageDirectory.java:analyzeStorage(246)) - The storage directory /workdir/hadoop-ozone/integration-test/target/test-dir/MiniOzoneClusterImpl-d3c81739-79da-4dbe-9ced-b164d958c5b5/datanode-3/data/ratis/51b57b9c-35de-4229-bf99-ab656c975a7c does not exist. Creating ...
2019-09-25 04:52:22,023 [pool-147-thread-1] INFO  storage.RaftStorageDirectory (RaftStorageDirectory.java:tryLock(328)) - Lock on /workdir/hadoop-ozone/integration-test/target/test-dir/MiniOzoneClusterImpl-d3c81739-79da-4dbe-9ced-b164d958c5b5/datanode-3/data/ratis/51b57b9c-35de-4229-bf99-ab656c975a7c/in_use.lock acquired by nodename 13544@pr-hdds-1569-s44lr-3492059363
2019-09-25 04:52:22,036 [pool-147-thread-1] INFO  storage.RaftStorage (RaftStorage.java:format(72)) - Storage directory /workdir/hadoop-ozone/integration-test/target/test-dir/MiniOzoneClusterImpl-d3c81739-79da-4dbe-9ced-b164d958c5b5/datanode-3/data/ratis/51b57b9c-35de-4229-bf99-ab656c975a7c has been successfully formatted.
2019-09-25 04:52:22,037 [pool-147-thread-1] INFO  ratis.ContainerStateMachine (ContainerStateMachine.java:loadSnapshot(230)) - group-AB656C975A7C: The snapshot info is null. Setting the last applied indexto:(t:0, i:~)
2019-09-25 04:52:22,037 [pool-147-thread-1] INFO  server.RaftServerConfigKeys (ConfUtils.java:logGet(43)) - raft.server.notification.no-leader.timeout = 120s (custom)
2019-09-25 04:52:22,037 [pool-147-thread-1] INFO  server.RaftServerConfigKeys (ConfUtils.java:logGet(43)) - raft.server.log.use.memory = false (default)
2019-09-25 04:52:22,037 [pool-147-thread-1] INFO  server.RaftServerConfigKeys (ConfUtils.java:logGet(43)) - raft.server.log.purge.gap = 1000000 (custom)
2019-09-25 04:52:22,037 [pool-147-thread-1] INFO  server.RaftServerConfigKeys (ConfUtils.java:logGet(43)) - raft.server.log.appender.buffer.byte-limit = 33554432 (custom)
2019-09-25 04:52:22,037 [pool-147-thread-1] INFO  server.RaftServerConfigKeys (ConfUtils.java:logGet(43)) - raft.server.log.segment.size.max = 1048576 (custom)
2019-09-25 04:52:22,037 [pool-147-thread-1] INFO  server.RaftServerConfigKeys (ConfUtils.java:logGet(43)) - raft.server.log.segment.cache.num.max = 2 (custom)
2019-09-25 04:52:22,038 [pool-147-thread-1] INFO  segmented.SegmentedRaftLogWorker (SegmentedRaftLogWorker.java:<init>(172)) - new 6a547602-9d9f-411f-a61b-6fc980fbe171@group-AB656C975A7C-SegmentedRaftLogWorker for RaftStorage:Storage Directory /workdir/hadoop-ozone/integration-test/target/test-dir/MiniOzoneClusterImpl-d3c81739-79da-4dbe-9ced-b164d958c5b5/datanode-3/data/ratis/51b57b9c-35de-4229-bf99-ab656c975a7c
2019-09-25 04:52:22,038 [pool-147-thread-1] INFO  server.RaftServerConfigKeys (ConfUtils.java:logGet(43)) - raft.server.log.queue.byte-limit = 2147483647 (custom)
2019-09-25 04:52:22,038 [pool-147-thread-1] INFO  server.RaftServerConfigKeys (ConfUtils.java:logGet(43)) - raft.server.log.queue.element-limit = 1024 (custom)
2019-09-25 04:52:22,038 [pool-147-thread-1] INFO  server.RaftServerConfigKeys (ConfUtils.java:logGet(43)) - raft.server.log.segment.size.max = 1048576 (custom)
2019-09-25 04:52:22,038 [pool-147-thread-1] INFO  server.RaftServerConfigKeys (ConfUtils.java:logGet(43)) - raft.server.log.preallocated.size = 16384 (custom)
2019-09-25 04:52:22,038 [pool-147-thread-1] INFO  server.RaftServerConfigKeys (ConfUtils.java:logGet(43)) - raft.server.log.write.buffer.size = 33554432 (custom)
2019-09-25 04:52:22,038 [pool-147-thread-1] INFO  server.RaftServerConfigKeys (ConfUtils.java:logGet(43)) - raft.server.log.force.sync.num = 128 (default)
2019-09-25 04:52:22,039 [pool-147-thread-1] INFO  server.RaftServerConfigKeys (ConfUtils.java:logGet(43)) - raft.server.log.statemachine.data.sync = true (default)
2019-09-25 04:52:22,039 [pool-147-thread-1] INFO  server.RaftServerConfigKeys (ConfUtils.java:logGet(43)) - raft.server.log.statemachine.data.sync.timeout = 10s (default)
2019-09-25 04:52:22,039 [pool-147-thread-1] INFO  server.RaftServerConfigKeys (ConfUtils.java:logGet(43)) - raft.server.log.statemachine.data.sync.timeout.retry = -1 (default)
2019-09-25 04:52:22,039 [pool-147-thread-1] INFO  server.RaftServerConfigKeys (ConfUtils.java:logGet(43)) - raft.server.log.statemachine.data.caching.enabled = true (custom)
2019-09-25 04:52:22,039 [pool-147-thread-1] INFO  segmented.SegmentedRaftLogWorker (SegmentedRaftLogWorker.java:lambda$new$0(132)) - 6a547602-9d9f-411f-a61b-6fc980fbe171@group-AB656C975A7C-SegmentedRaftLogWorker: flushIndex: setUnconditionally 0 -> -1
2019-09-25 04:52:22,040 [pool-147-thread-1] INFO  server.RaftServerConfigKeys (ConfUtils.java:logGet(43)) - raft.server.snapshot.auto.trigger.enabled = true (custom)
2019-09-25 04:52:22,040 [pool-147-thread-1] INFO  server.RaftServerConfigKeys (ConfUtils.java:logGet(43)) - raft.server.snapshot.auto.trigger.threshold = 10000 (custom)
2019-09-25 04:52:22,040 [pool-147-thread-1] INFO  server.RaftServerConfigKeys (ConfUtils.java:logGet(43)) - raft.server.snapshot.retention.num.files = 5 (custom)
2019-09-25 04:52:22,040 [pool-147-thread-1] INFO  server.RaftServerConfigKeys (ConfUtils.java:logGet(43)) - raft.server.retrycache.expirytime = 600000ms (custom)
2019-09-25 04:52:22,042 [pool-147-thread-1] INFO  impl.RaftServerImpl (RaftServerImpl.java:start(185)) - 6a547602-9d9f-411f-a61b-6fc980fbe171@group-AB656C975A7C: start as a follower, conf=-1: [6a547602-9d9f-411f-a61b-6fc980fbe171:192.168.164.207:41690], old=null
2019-09-25 04:52:22,043 [pool-147-thread-1] INFO  impl.RaftServerImpl (RaftServerImpl.java:setRole(174)) - 6a547602-9d9f-411f-a61b-6fc980fbe171@group-AB656C975A7C: changes role from      null to FOLLOWER at term 0 for startAsFollower
2019-09-25 04:52:22,043 [pool-147-thread-1] INFO  impl.RoleInfo (RoleInfo.java:updateAndGet(143)) - 6a547602-9d9f-411f-a61b-6fc980fbe171: start FollowerState
2019-09-25 04:52:22,043 [pool-147-thread-1] INFO  util.JmxRegister (JmxRegister.java:tryRegister(44)) - Successfully registered JMX Bean with object name Ratis:service=RaftServer,group=group-AB656C975A7C,id=6a547602-9d9f-411f-a61b-6fc980fbe171
2019-09-25 04:52:22,046 [RatisPipelineUtilsThread] INFO  pipeline.PipelineStateManager (PipelineStateManager.java:addPipeline(56)) - Created pipeline Pipeline[ Id: 51b57b9c-35de-4229-bf99-ab656c975a7c, Nodes: 6a547602-9d9f-411f-a61b-6fc980fbe171{ip: 192.168.164.207, host: pr-hdds-1569-s44lr-3492059363, networkLocation: /default-rack, certSerialId: null}, Type:RATIS, Factor:ONE, State:OPEN]
2019-09-25 04:52:22,047 [RatisPipelineUtilsThread] INFO  pipeline.PipelinePlacementPolicy (PipelinePlacementPolicy.java:meetCriteria(91)) - Pipeline Placement: can't place more pipeline on heavy datanode： 4370308c-ceb4-49a9-9879-5927b69a5f85 Heaviness: 6 limit: 5
2019-09-25 04:52:22,047 [RatisPipelineUtilsThread] INFO  pipeline.PipelinePlacementPolicy (PipelinePlacementPolicy.java:meetCriteria(91)) - Pipeline Placement: can't place more pipeline on heavy datanode： bb4fa670-e092-4403-b4a0-776b8e3a297a Heaviness: 6 limit: 5
2019-09-25 04:52:22,047 [RatisPipelineUtilsThread] INFO  pipeline.PipelinePlacementPolicy (PipelinePlacementPolicy.java:meetCriteria(91)) - Pipeline Placement: can't place more pipeline on heavy datanode： bcc74fd2-3a06-4539-867d-223a418d820d Heaviness: 6 limit: 5
2019-09-25 04:52:22,047 [RatisPipelineUtilsThread] INFO  pipeline.PipelinePlacementPolicy (PipelinePlacementPolicy.java:meetCriteria(91)) - Pipeline Placement: can't place more pipeline on heavy datanode： 6a547602-9d9f-411f-a61b-6fc980fbe171 Heaviness: 6 limit: 5
2019-09-25 04:52:22,053 [grpc-default-executor-0] INFO  impl.RaftServerProxy (RaftServerProxy.java:addNew(89)) - f0026df0-5652-4d5b-84a4-ec6d3279302c: addNew group-BB3D346AD134:[f0026df0-5652-4d5b-84a4-ec6d3279302c:192.168.164.207:40753] returns group-BB3D346AD134:java.util.concurrent.CompletableFuture@32a6642a[Not completed]
2019-09-25 04:52:22,055 [pool-177-thread-1] INFO  impl.RaftServerImpl (RaftServerImpl.java:<init>(95)) - f0026df0-5652-4d5b-84a4-ec6d3279302c: new RaftServerImpl for group-BB3D346AD134:[f0026df0-5652-4d5b-84a4-ec6d3279302c:192.168.164.207:40753] with ContainerStateMachine:uninitialized
2019-09-25 04:52:22,055 [pool-177-thread-1] INFO  server.RaftServerConfigKeys (ConfUtils.java:logGet(43)) - raft.server.rpc.timeout.min = 5s (custom)
2019-09-25 04:52:22,055 [pool-177-thread-1] INFO  server.RaftServerConfigKeys (ConfUtils.java:logGet(43)) - raft.server.rpc.timeout.max = 5200ms (custom)
2019-09-25 04:52:22,055 [pool-177-thread-1] INFO  server.RaftServerConfigKeys (ConfUtils.java:logGet(43)) - raft.server.rpcslowness.timeout = 120s (custom)
2019-09-25 04:52:22,055 [pool-177-thread-1] INFO  server.RaftServerConfigKeys (ConfUtils.java:logGet(43)) - raft.server.sleep.deviation.threshold = 300 (default)
2019-09-25 04:52:22,056 [pool-177-thread-1] INFO  server.RaftServerConfigKeys (ConfUtils.java:logGet(43)) - raft.server.log.appender.install.snapshot.enabled = false (custom)
2019-09-25 04:52:22,056 [pool-177-thread-1] INFO  impl.RaftServerImpl (ServerState.java:<init>(103)) - f0026df0-5652-4d5b-84a4-ec6d3279302c@group-BB3D346AD134: ConfigurationManager, init=-1: [f0026df0-5652-4d5b-84a4-ec6d3279302c:192.168.164.207:40753], old=null, confs=<EMPTY_MAP>
2019-09-25 04:52:22,056 [pool-177-thread-1] INFO  server.RaftServerConfigKeys (ConfUtils.java:logGet(43)) - raft.server.storage.dir = [/workdir/hadoop-ozone/integration-test/target/test-dir/MiniOzoneClusterImpl-d3c81739-79da-4dbe-9ced-b164d958c5b5/datanode-6/data/ratis] (custom)
2019-09-25 04:52:22,056 [pool-177-thread-1] INFO  storage.RaftStorageDirectory (RaftStorageDirectory.java:analyzeStorage(246)) - The storage directory /workdir/hadoop-ozone/integration-test/target/test-dir/MiniOzoneClusterImpl-d3c81739-79da-4dbe-9ced-b164d958c5b5/datanode-6/data/ratis/dcef9c43-f296-4d74-8841-bb3d346ad134 does not exist. Creating ...
2019-09-25 04:52:22,069 [pool-177-thread-1] INFO  storage.RaftStorageDirectory (RaftStorageDirectory.java:tryLock(328)) - Lock on /workdir/hadoop-ozone/integration-test/target/test-dir/MiniOzoneClusterImpl-d3c81739-79da-4dbe-9ced-b164d958c5b5/datanode-6/data/ratis/dcef9c43-f296-4d74-8841-bb3d346ad134/in_use.lock acquired by nodename 13544@pr-hdds-1569-s44lr-3492059363
2019-09-25 04:52:22,082 [pool-177-thread-1] INFO  storage.RaftStorage (RaftStorage.java:format(72)) - Storage directory /workdir/hadoop-ozone/integration-test/target/test-dir/MiniOzoneClusterImpl-d3c81739-79da-4dbe-9ced-b164d958c5b5/datanode-6/data/ratis/dcef9c43-f296-4d74-8841-bb3d346ad134 has been successfully formatted.
2019-09-25 04:52:22,082 [pool-177-thread-1] INFO  ratis.ContainerStateMachine (ContainerStateMachine.java:loadSnapshot(230)) - group-BB3D346AD134: The snapshot info is null. Setting the last applied indexto:(t:0, i:~)
2019-09-25 04:52:22,083 [pool-177-thread-1] INFO  server.RaftServerConfigKeys (ConfUtils.java:logGet(43)) - raft.server.notification.no-leader.timeout = 120s (custom)
2019-09-25 04:52:22,083 [pool-177-thread-1] INFO  server.RaftServerConfigKeys (ConfUtils.java:logGet(43)) - raft.server.log.use.memory = false (default)
2019-09-25 04:52:22,083 [pool-177-thread-1] INFO  server.RaftServerConfigKeys (ConfUtils.java:logGet(43)) - raft.server.log.purge.gap = 1000000 (custom)
2019-09-25 04:52:22,083 [pool-177-thread-1] INFO  server.RaftServerConfigKeys (ConfUtils.java:logGet(43)) - raft.server.log.appender.buffer.byte-limit = 33554432 (custom)
2019-09-25 04:52:22,083 [pool-177-thread-1] INFO  server.RaftServerConfigKeys (ConfUtils.java:logGet(43)) - raft.server.log.segment.size.max = 1048576 (custom)
2019-09-25 04:52:22,083 [pool-177-thread-1] INFO  server.RaftServerConfigKeys (ConfUtils.java:logGet(43)) - raft.server.log.segment.cache.num.max = 2 (custom)
2019-09-25 04:52:22,084 [pool-177-thread-1] INFO  segmented.SegmentedRaftLogWorker (SegmentedRaftLogWorker.java:<init>(172)) - new f0026df0-5652-4d5b-84a4-ec6d3279302c@group-BB3D346AD134-SegmentedRaftLogWorker for RaftStorage:Storage Directory /workdir/hadoop-ozone/integration-test/target/test-dir/MiniOzoneClusterImpl-d3c81739-79da-4dbe-9ced-b164d958c5b5/datanode-6/data/ratis/dcef9c43-f296-4d74-8841-bb3d346ad134
2019-09-25 04:52:22,084 [pool-177-thread-1] INFO  server.RaftServerConfigKeys (ConfUtils.java:logGet(43)) - raft.server.log.queue.byte-limit = 2147483647 (custom)
2019-09-25 04:52:22,084 [pool-177-thread-1] INFO  server.RaftServerConfigKeys (ConfUtils.java:logGet(43)) - raft.server.log.queue.element-limit = 1024 (custom)
2019-09-25 04:52:22,084 [pool-177-thread-1] INFO  server.RaftServerConfigKeys (ConfUtils.java:logGet(43)) - raft.server.log.segment.size.max = 1048576 (custom)
2019-09-25 04:52:22,084 [pool-177-thread-1] INFO  server.RaftServerConfigKeys (ConfUtils.java:logGet(43)) - raft.server.log.preallocated.size = 16384 (custom)
2019-09-25 04:52:22,084 [pool-177-thread-1] INFO  server.RaftServerConfigKeys (ConfUtils.java:logGet(43)) - raft.server.log.write.buffer.size = 33554432 (custom)
2019-09-25 04:52:22,085 [pool-177-thread-1] INFO  server.RaftServerConfigKeys (ConfUtils.java:logGet(43)) - raft.server.log.force.sync.num = 128 (default)
2019-09-25 04:52:22,085 [pool-177-thread-1] INFO  server.RaftServerConfigKeys (ConfUtils.java:logGet(43)) - raft.server.log.statemachine.data.sync = true (default)
2019-09-25 04:52:22,085 [pool-177-thread-1] INFO  server.RaftServerConfigKeys (ConfUtils.java:logGet(43)) - raft.server.log.statemachine.data.sync.timeout = 10s (default)
2019-09-25 04:52:22,085 [pool-177-thread-1] INFO  server.RaftServerConfigKeys (ConfUtils.java:logGet(43)) - raft.server.log.statemachine.data.sync.timeout.retry = -1 (default)
2019-09-25 04:52:22,085 [pool-177-thread-1] INFO  server.RaftServerConfigKeys (ConfUtils.java:logGet(43)) - raft.server.log.statemachine.data.caching.enabled = true (custom)
2019-09-25 04:52:22,086 [pool-177-thread-1] INFO  segmented.SegmentedRaftLogWorker (SegmentedRaftLogWorker.java:lambda$new$0(132)) - f0026df0-5652-4d5b-84a4-ec6d3279302c@group-BB3D346AD134-SegmentedRaftLogWorker: flushIndex: setUnconditionally 0 -> -1
2019-09-25 04:52:22,086 [pool-177-thread-1] INFO  server.RaftServerConfigKeys (ConfUtils.java:logGet(43)) - raft.server.snapshot.auto.trigger.enabled = true (custom)
2019-09-25 04:52:22,086 [pool-177-thread-1] INFO  server.RaftServerConfigKeys (ConfUtils.java:logGet(43)) - raft.server.snapshot.auto.trigger.threshold = 10000 (custom)
2019-09-25 04:52:22,086 [pool-177-thread-1] INFO  server.RaftServerConfigKeys (ConfUtils.java:logGet(43)) - raft.server.snapshot.retention.num.files = 5 (custom)
2019-09-25 04:52:22,087 [pool-177-thread-1] INFO  server.RaftServerConfigKeys (ConfUtils.java:logGet(43)) - raft.server.retrycache.expirytime = 600000ms (custom)
2019-09-25 04:52:22,089 [pool-177-thread-1] INFO  impl.RaftServerImpl (RaftServerImpl.java:start(185)) - f0026df0-5652-4d5b-84a4-ec6d3279302c@group-BB3D346AD134: start as a follower, conf=-1: [f0026df0-5652-4d5b-84a4-ec6d3279302c:192.168.164.207:40753], old=null
2019-09-25 04:52:22,089 [pool-177-thread-1] INFO  impl.RaftServerImpl (RaftServerImpl.java:setRole(174)) - f0026df0-5652-4d5b-84a4-ec6d3279302c@group-BB3D346AD134: changes role from      null to FOLLOWER at term 0 for startAsFollower
2019-09-25 04:52:22,089 [pool-177-thread-1] INFO  impl.RoleInfo (RoleInfo.java:updateAndGet(143)) - f0026df0-5652-4d5b-84a4-ec6d3279302c: start FollowerState
2019-09-25 04:52:22,090 [pool-177-thread-1] INFO  util.JmxRegister (JmxRegister.java:tryRegister(44)) - Successfully registered JMX Bean with object name Ratis:service=RaftServer,group=group-BB3D346AD134,id=f0026df0-5652-4d5b-84a4-ec6d3279302c
2019-09-25 04:52:22,092 [RatisPipelineUtilsThread] INFO  pipeline.PipelineStateManager (PipelineStateManager.java:addPipeline(56)) - Created pipeline Pipeline[ Id: dcef9c43-f296-4d74-8841-bb3d346ad134, Nodes: f0026df0-5652-4d5b-84a4-ec6d3279302c{ip: 192.168.164.207, host: pr-hdds-1569-s44lr-3492059363, networkLocation: /default-rack, certSerialId: null}, Type:RATIS, Factor:ONE, State:OPEN]
2019-09-25 04:52:22,093 [RatisPipelineUtilsThread] INFO  pipeline.PipelinePlacementPolicy (PipelinePlacementPolicy.java:meetCriteria(91)) - Pipeline Placement: can't place more pipeline on heavy datanode： 4370308c-ceb4-49a9-9879-5927b69a5f85 Heaviness: 6 limit: 5
2019-09-25 04:52:22,093 [RatisPipelineUtilsThread] INFO  pipeline.PipelinePlacementPolicy (PipelinePlacementPolicy.java:meetCriteria(91)) - Pipeline Placement: can't place more pipeline on heavy datanode： bb4fa670-e092-4403-b4a0-776b8e3a297a Heaviness: 6 limit: 5
2019-09-25 04:52:22,093 [RatisPipelineUtilsThread] INFO  pipeline.PipelinePlacementPolicy (PipelinePlacementPolicy.java:meetCriteria(91)) - Pipeline Placement: can't place more pipeline on heavy datanode： bcc74fd2-3a06-4539-867d-223a418d820d Heaviness: 6 limit: 5
2019-09-25 04:52:22,093 [RatisPipelineUtilsThread] INFO  pipeline.PipelinePlacementPolicy (PipelinePlacementPolicy.java:meetCriteria(91)) - Pipeline Placement: can't place more pipeline on heavy datanode： 6a547602-9d9f-411f-a61b-6fc980fbe171 Heaviness: 6 limit: 5
2019-09-25 04:52:22,099 [grpc-default-executor-0] INFO  impl.RaftServerProxy (RaftServerProxy.java:addNew(89)) - 94bde7ca-9af4-4c06-8221-a867c8f279fc: addNew group-4F97C1190BE8:[94bde7ca-9af4-4c06-8221-a867c8f279fc:192.168.164.207:37773] returns group-4F97C1190BE8:java.util.concurrent.CompletableFuture@400f8239[Not completed]
2019-09-25 04:52:22,101 [pool-157-thread-1] INFO  impl.RaftServerImpl (RaftServerImpl.java:<init>(95)) - 94bde7ca-9af4-4c06-8221-a867c8f279fc: new RaftServerImpl for group-4F97C1190BE8:[94bde7ca-9af4-4c06-8221-a867c8f279fc:192.168.164.207:37773] with ContainerStateMachine:uninitialized
2019-09-25 04:52:22,101 [pool-157-thread-1] INFO  server.RaftServerConfigKeys (ConfUtils.java:logGet(43)) - raft.server.rpc.timeout.min = 5s (custom)
2019-09-25 04:52:22,101 [pool-157-thread-1] INFO  server.RaftServerConfigKeys (ConfUtils.java:logGet(43)) - raft.server.rpc.timeout.max = 5200ms (custom)
2019-09-25 04:52:22,101 [pool-157-thread-1] INFO  server.RaftServerConfigKeys (ConfUtils.java:logGet(43)) - raft.server.rpcslowness.timeout = 120s (custom)
2019-09-25 04:52:22,101 [pool-157-thread-1] INFO  server.RaftServerConfigKeys (ConfUtils.java:logGet(43)) - raft.server.sleep.deviation.threshold = 300 (default)
2019-09-25 04:52:22,102 [pool-157-thread-1] INFO  server.RaftServerConfigKeys (ConfUtils.java:logGet(43)) - raft.server.log.appender.install.snapshot.enabled = false (custom)
2019-09-25 04:52:22,102 [pool-157-thread-1] INFO  impl.RaftServerImpl (ServerState.java:<init>(103)) - 94bde7ca-9af4-4c06-8221-a867c8f279fc@group-4F97C1190BE8: ConfigurationManager, init=-1: [94bde7ca-9af4-4c06-8221-a867c8f279fc:192.168.164.207:37773], old=null, confs=<EMPTY_MAP>
2019-09-25 04:52:22,102 [pool-157-thread-1] INFO  server.RaftServerConfigKeys (ConfUtils.java:logGet(43)) - raft.server.storage.dir = [/workdir/hadoop-ozone/integration-test/target/test-dir/MiniOzoneClusterImpl-d3c81739-79da-4dbe-9ced-b164d958c5b5/datanode-4/data/ratis] (custom)
2019-09-25 04:52:22,102 [pool-157-thread-1] INFO  storage.RaftStorageDirectory (RaftStorageDirectory.java:analyzeStorage(246)) - The storage directory /workdir/hadoop-ozone/integration-test/target/test-dir/MiniOzoneClusterImpl-d3c81739-79da-4dbe-9ced-b164d958c5b5/datanode-4/data/ratis/a2052edf-8bf7-4ab4-9c02-4f97c1190be8 does not exist. Creating ...
2019-09-25 04:52:22,115 [pool-157-thread-1] INFO  storage.RaftStorageDirectory (RaftStorageDirectory.java:tryLock(328)) - Lock on /workdir/hadoop-ozone/integration-test/target/test-dir/MiniOzoneClusterImpl-d3c81739-79da-4dbe-9ced-b164d958c5b5/datanode-4/data/ratis/a2052edf-8bf7-4ab4-9c02-4f97c1190be8/in_use.lock acquired by nodename 13544@pr-hdds-1569-s44lr-3492059363
2019-09-25 04:52:22,127 [pool-157-thread-1] INFO  storage.RaftStorage (RaftStorage.java:format(72)) - Storage directory /workdir/hadoop-ozone/integration-test/target/test-dir/MiniOzoneClusterImpl-d3c81739-79da-4dbe-9ced-b164d958c5b5/datanode-4/data/ratis/a2052edf-8bf7-4ab4-9c02-4f97c1190be8 has been successfully formatted.
2019-09-25 04:52:22,128 [pool-157-thread-1] INFO  ratis.ContainerStateMachine (ContainerStateMachine.java:loadSnapshot(230)) - group-4F97C1190BE8: The snapshot info is null. Setting the last applied indexto:(t:0, i:~)
2019-09-25 04:52:22,128 [pool-157-thread-1] INFO  server.RaftServerConfigKeys (ConfUtils.java:logGet(43)) - raft.server.notification.no-leader.timeout = 120s (custom)
2019-09-25 04:52:22,128 [pool-157-thread-1] INFO  server.RaftServerConfigKeys (ConfUtils.java:logGet(43)) - raft.server.log.use.memory = false (default)
2019-09-25 04:52:22,128 [pool-157-thread-1] INFO  server.RaftServerConfigKeys (ConfUtils.java:logGet(43)) - raft.server.log.purge.gap = 1000000 (custom)
2019-09-25 04:52:22,128 [pool-157-thread-1] INFO  server.RaftServerConfigKeys (ConfUtils.java:logGet(43)) - raft.server.log.appender.buffer.byte-limit = 33554432 (custom)
2019-09-25 04:52:22,128 [pool-157-thread-1] INFO  server.RaftServerConfigKeys (ConfUtils.java:logGet(43)) - raft.server.log.segment.size.max = 1048576 (custom)
2019-09-25 04:52:22,129 [pool-157-thread-1] INFO  server.RaftServerConfigKeys (ConfUtils.java:logGet(43)) - raft.server.log.segment.cache.num.max = 2 (custom)
2019-09-25 04:52:22,129 [pool-157-thread-1] INFO  segmented.SegmentedRaftLogWorker (SegmentedRaftLogWorker.java:<init>(172)) - new 94bde7ca-9af4-4c06-8221-a867c8f279fc@group-4F97C1190BE8-SegmentedRaftLogWorker for RaftStorage:Storage Directory /workdir/hadoop-ozone/integration-test/target/test-dir/MiniOzoneClusterImpl-d3c81739-79da-4dbe-9ced-b164d958c5b5/datanode-4/data/ratis/a2052edf-8bf7-4ab4-9c02-4f97c1190be8
2019-09-25 04:52:22,129 [pool-157-thread-1] INFO  server.RaftServerConfigKeys (ConfUtils.java:logGet(43)) - raft.server.log.queue.byte-limit = 2147483647 (custom)
2019-09-25 04:52:22,129 [pool-157-thread-1] INFO  server.RaftServerConfigKeys (ConfUtils.java:logGet(43)) - raft.server.log.queue.element-limit = 1024 (custom)
2019-09-25 04:52:22,129 [pool-157-thread-1] INFO  server.RaftServerConfigKeys (ConfUtils.java:logGet(43)) - raft.server.log.segment.size.max = 1048576 (custom)
2019-09-25 04:52:22,129 [pool-157-thread-1] INFO  server.RaftServerConfigKeys (ConfUtils.java:logGet(43)) - raft.server.log.preallocated.size = 16384 (custom)
2019-09-25 04:52:22,129 [pool-157-thread-1] INFO  server.RaftServerConfigKeys (ConfUtils.java:logGet(43)) - raft.server.log.write.buffer.size = 33554432 (custom)
2019-09-25 04:52:22,129 [pool-157-thread-1] INFO  server.RaftServerConfigKeys (ConfUtils.java:logGet(43)) - raft.server.log.force.sync.num = 128 (default)
2019-09-25 04:52:22,129 [pool-157-thread-1] INFO  server.RaftServerConfigKeys (ConfUtils.java:logGet(43)) - raft.server.log.statemachine.data.sync = true (default)
2019-09-25 04:52:22,130 [pool-157-thread-1] INFO  server.RaftServerConfigKeys (ConfUtils.java:logGet(43)) - raft.server.log.statemachine.data.sync.timeout = 10s (default)
2019-09-25 04:52:22,130 [pool-157-thread-1] INFO  server.RaftServerConfigKeys (ConfUtils.java:logGet(43)) - raft.server.log.statemachine.data.sync.timeout.retry = -1 (default)
2019-09-25 04:52:22,130 [pool-157-thread-1] INFO  server.RaftServerConfigKeys (ConfUtils.java:logGet(43)) - raft.server.log.statemachine.data.caching.enabled = true (custom)
2019-09-25 04:52:22,130 [pool-157-thread-1] INFO  segmented.SegmentedRaftLogWorker (SegmentedRaftLogWorker.java:lambda$new$0(132)) - 94bde7ca-9af4-4c06-8221-a867c8f279fc@group-4F97C1190BE8-SegmentedRaftLogWorker: flushIndex: setUnconditionally 0 -> -1
2019-09-25 04:52:22,130 [pool-157-thread-1] INFO  server.RaftServerConfigKeys (ConfUtils.java:logGet(43)) - raft.server.snapshot.auto.trigger.enabled = true (custom)
2019-09-25 04:52:22,130 [pool-157-thread-1] INFO  server.RaftServerConfigKeys (ConfUtils.java:logGet(43)) - raft.server.snapshot.auto.trigger.threshold = 10000 (custom)
2019-09-25 04:52:22,131 [pool-157-thread-1] INFO  server.RaftServerConfigKeys (ConfUtils.java:logGet(43)) - raft.server.snapshot.retention.num.files = 5 (custom)
2019-09-25 04:52:22,131 [pool-157-thread-1] INFO  server.RaftServerConfigKeys (ConfUtils.java:logGet(43)) - raft.server.retrycache.expirytime = 600000ms (custom)
2019-09-25 04:52:22,132 [pool-157-thread-1] INFO  impl.RaftServerImpl (RaftServerImpl.java:start(185)) - 94bde7ca-9af4-4c06-8221-a867c8f279fc@group-4F97C1190BE8: start as a follower, conf=-1: [94bde7ca-9af4-4c06-8221-a867c8f279fc:192.168.164.207:37773], old=null
2019-09-25 04:52:22,133 [pool-157-thread-1] INFO  impl.RaftServerImpl (RaftServerImpl.java:setRole(174)) - 94bde7ca-9af4-4c06-8221-a867c8f279fc@group-4F97C1190BE8: changes role from      null to FOLLOWER at term 0 for startAsFollower
2019-09-25 04:52:22,133 [pool-157-thread-1] INFO  impl.RoleInfo (RoleInfo.java:updateAndGet(143)) - 94bde7ca-9af4-4c06-8221-a867c8f279fc: start FollowerState
2019-09-25 04:52:22,133 [pool-157-thread-1] INFO  util.JmxRegister (JmxRegister.java:tryRegister(44)) - Successfully registered JMX Bean with object name Ratis:service=RaftServer,group=group-4F97C1190BE8,id=94bde7ca-9af4-4c06-8221-a867c8f279fc
2019-09-25 04:52:22,136 [RatisPipelineUtilsThread] INFO  pipeline.PipelineStateManager (PipelineStateManager.java:addPipeline(56)) - Created pipeline Pipeline[ Id: a2052edf-8bf7-4ab4-9c02-4f97c1190be8, Nodes: 94bde7ca-9af4-4c06-8221-a867c8f279fc{ip: 192.168.164.207, host: pr-hdds-1569-s44lr-3492059363, networkLocation: /default-rack, certSerialId: null}, Type:RATIS, Factor:ONE, State:OPEN]
2019-09-25 04:52:22,136 [RatisPipelineUtilsThread] INFO  pipeline.PipelinePlacementPolicy (PipelinePlacementPolicy.java:meetCriteria(91)) - Pipeline Placement: can't place more pipeline on heavy datanode： 4370308c-ceb4-49a9-9879-5927b69a5f85 Heaviness: 6 limit: 5
2019-09-25 04:52:22,136 [RatisPipelineUtilsThread] INFO  pipeline.PipelinePlacementPolicy (PipelinePlacementPolicy.java:meetCriteria(91)) - Pipeline Placement: can't place more pipeline on heavy datanode： bb4fa670-e092-4403-b4a0-776b8e3a297a Heaviness: 6 limit: 5
2019-09-25 04:52:22,136 [RatisPipelineUtilsThread] INFO  pipeline.PipelinePlacementPolicy (PipelinePlacementPolicy.java:meetCriteria(91)) - Pipeline Placement: can't place more pipeline on heavy datanode： bcc74fd2-3a06-4539-867d-223a418d820d Heaviness: 6 limit: 5
2019-09-25 04:52:22,137 [RatisPipelineUtilsThread] INFO  pipeline.PipelinePlacementPolicy (PipelinePlacementPolicy.java:meetCriteria(91)) - Pipeline Placement: can't place more pipeline on heavy datanode： 94bde7ca-9af4-4c06-8221-a867c8f279fc Heaviness: 6 limit: 5
2019-09-25 04:52:22,137 [RatisPipelineUtilsThread] INFO  pipeline.PipelinePlacementPolicy (PipelinePlacementPolicy.java:meetCriteria(91)) - Pipeline Placement: can't place more pipeline on heavy datanode： 6a547602-9d9f-411f-a61b-6fc980fbe171 Heaviness: 6 limit: 5
2019-09-25 04:52:22,143 [grpc-default-executor-0] INFO  impl.RaftServerProxy (RaftServerProxy.java:addNew(89)) - 9586c7e2-af3f-487f-89b7-bc8fbed5a611: addNew group-C08DF61DD8F9:[9586c7e2-af3f-487f-89b7-bc8fbed5a611:192.168.164.207:42132] returns group-C08DF61DD8F9:java.util.concurrent.CompletableFuture@32929b39[Not completed]
2019-09-25 04:52:22,144 [pool-167-thread-1] INFO  impl.RaftServerImpl (RaftServerImpl.java:<init>(95)) - 9586c7e2-af3f-487f-89b7-bc8fbed5a611: new RaftServerImpl for group-C08DF61DD8F9:[9586c7e2-af3f-487f-89b7-bc8fbed5a611:192.168.164.207:42132] with ContainerStateMachine:uninitialized
2019-09-25 04:52:22,144 [pool-167-thread-1] INFO  server.RaftServerConfigKeys (ConfUtils.java:logGet(43)) - raft.server.rpc.timeout.min = 5s (custom)
2019-09-25 04:52:22,144 [pool-167-thread-1] INFO  server.RaftServerConfigKeys (ConfUtils.java:logGet(43)) - raft.server.rpc.timeout.max = 5200ms (custom)
2019-09-25 04:52:22,144 [pool-167-thread-1] INFO  server.RaftServerConfigKeys (ConfUtils.java:logGet(43)) - raft.server.rpcslowness.timeout = 120s (custom)
2019-09-25 04:52:22,144 [pool-167-thread-1] INFO  server.RaftServerConfigKeys (ConfUtils.java:logGet(43)) - raft.server.sleep.deviation.threshold = 300 (default)
2019-09-25 04:52:22,144 [pool-167-thread-1] INFO  server.RaftServerConfigKeys (ConfUtils.java:logGet(43)) - raft.server.log.appender.install.snapshot.enabled = false (custom)
2019-09-25 04:52:22,144 [pool-167-thread-1] INFO  impl.RaftServerImpl (ServerState.java:<init>(103)) - 9586c7e2-af3f-487f-89b7-bc8fbed5a611@group-C08DF61DD8F9: ConfigurationManager, init=-1: [9586c7e2-af3f-487f-89b7-bc8fbed5a611:192.168.164.207:42132], old=null, confs=<EMPTY_MAP>
2019-09-25 04:52:22,145 [pool-167-thread-1] INFO  server.RaftServerConfigKeys (ConfUtils.java:logGet(43)) - raft.server.storage.dir = [/workdir/hadoop-ozone/integration-test/target/test-dir/MiniOzoneClusterImpl-d3c81739-79da-4dbe-9ced-b164d958c5b5/datanode-5/data/ratis] (custom)
2019-09-25 04:52:22,145 [pool-167-thread-1] INFO  storage.RaftStorageDirectory (RaftStorageDirectory.java:analyzeStorage(246)) - The storage directory /workdir/hadoop-ozone/integration-test/target/test-dir/MiniOzoneClusterImpl-d3c81739-79da-4dbe-9ced-b164d958c5b5/datanode-5/data/ratis/6747b81b-0e2b-4250-a99f-c08df61dd8f9 does not exist. Creating ...
2019-09-25 04:52:22,157 [pool-167-thread-1] INFO  storage.RaftStorageDirectory (RaftStorageDirectory.java:tryLock(328)) - Lock on /workdir/hadoop-ozone/integration-test/target/test-dir/MiniOzoneClusterImpl-d3c81739-79da-4dbe-9ced-b164d958c5b5/datanode-5/data/ratis/6747b81b-0e2b-4250-a99f-c08df61dd8f9/in_use.lock acquired by nodename 13544@pr-hdds-1569-s44lr-3492059363
2019-09-25 04:52:22,170 [pool-167-thread-1] INFO  storage.RaftStorage (RaftStorage.java:format(72)) - Storage directory /workdir/hadoop-ozone/integration-test/target/test-dir/MiniOzoneClusterImpl-d3c81739-79da-4dbe-9ced-b164d958c5b5/datanode-5/data/ratis/6747b81b-0e2b-4250-a99f-c08df61dd8f9 has been successfully formatted.
2019-09-25 04:52:22,170 [pool-167-thread-1] INFO  ratis.ContainerStateMachine (ContainerStateMachine.java:loadSnapshot(230)) - group-C08DF61DD8F9: The snapshot info is null. Setting the last applied indexto:(t:0, i:~)
2019-09-25 04:52:22,171 [pool-167-thread-1] INFO  server.RaftServerConfigKeys (ConfUtils.java:logGet(43)) - raft.server.notification.no-leader.timeout = 120s (custom)
2019-09-25 04:52:22,171 [pool-167-thread-1] INFO  server.RaftServerConfigKeys (ConfUtils.java:logGet(43)) - raft.server.log.use.memory = false (default)
2019-09-25 04:52:22,171 [pool-167-thread-1] INFO  server.RaftServerConfigKeys (ConfUtils.java:logGet(43)) - raft.server.log.purge.gap = 1000000 (custom)
2019-09-25 04:52:22,171 [pool-167-thread-1] INFO  server.RaftServerConfigKeys (ConfUtils.java:logGet(43)) - raft.server.log.appender.buffer.byte-limit = 33554432 (custom)
2019-09-25 04:52:22,171 [pool-167-thread-1] INFO  server.RaftServerConfigKeys (ConfUtils.java:logGet(43)) - raft.server.log.segment.size.max = 1048576 (custom)
2019-09-25 04:52:22,171 [pool-167-thread-1] INFO  server.RaftServerConfigKeys (ConfUtils.java:logGet(43)) - raft.server.log.segment.cache.num.max = 2 (custom)
2019-09-25 04:52:22,171 [pool-167-thread-1] INFO  segmented.SegmentedRaftLogWorker (SegmentedRaftLogWorker.java:<init>(172)) - new 9586c7e2-af3f-487f-89b7-bc8fbed5a611@group-C08DF61DD8F9-SegmentedRaftLogWorker for RaftStorage:Storage Directory /workdir/hadoop-ozone/integration-test/target/test-dir/MiniOzoneClusterImpl-d3c81739-79da-4dbe-9ced-b164d958c5b5/datanode-5/data/ratis/6747b81b-0e2b-4250-a99f-c08df61dd8f9
2019-09-25 04:52:22,171 [pool-167-thread-1] INFO  server.RaftServerConfigKeys (ConfUtils.java:logGet(43)) - raft.server.log.queue.byte-limit = 2147483647 (custom)
2019-09-25 04:52:22,171 [pool-167-thread-1] INFO  server.RaftServerConfigKeys (ConfUtils.java:logGet(43)) - raft.server.log.queue.element-limit = 1024 (custom)
2019-09-25 04:52:22,172 [pool-167-thread-1] INFO  server.RaftServerConfigKeys (ConfUtils.java:logGet(43)) - raft.server.log.segment.size.max = 1048576 (custom)
2019-09-25 04:52:22,172 [pool-167-thread-1] INFO  server.RaftServerConfigKeys (ConfUtils.java:logGet(43)) - raft.server.log.preallocated.size = 16384 (custom)
2019-09-25 04:52:22,172 [pool-167-thread-1] INFO  server.RaftServerConfigKeys (ConfUtils.java:logGet(43)) - raft.server.log.write.buffer.size = 33554432 (custom)
2019-09-25 04:52:22,172 [pool-167-thread-1] INFO  server.RaftServerConfigKeys (ConfUtils.java:logGet(43)) - raft.server.log.force.sync.num = 128 (default)
2019-09-25 04:52:22,172 [pool-167-thread-1] INFO  server.RaftServerConfigKeys (ConfUtils.java:logGet(43)) - raft.server.log.statemachine.data.sync = true (default)
2019-09-25 04:52:22,172 [pool-167-thread-1] INFO  server.RaftServerConfigKeys (ConfUtils.java:logGet(43)) - raft.server.log.statemachine.data.sync.timeout = 10s (default)
2019-09-25 04:52:22,172 [pool-167-thread-1] INFO  server.RaftServerConfigKeys (ConfUtils.java:logGet(43)) - raft.server.log.statemachine.data.sync.timeout.retry = -1 (default)
2019-09-25 04:52:22,173 [pool-167-thread-1] INFO  server.RaftServerConfigKeys (ConfUtils.java:logGet(43)) - raft.server.log.statemachine.data.caching.enabled = true (custom)
2019-09-25 04:52:22,173 [pool-167-thread-1] INFO  segmented.SegmentedRaftLogWorker (SegmentedRaftLogWorker.java:lambda$new$0(132)) - 9586c7e2-af3f-487f-89b7-bc8fbed5a611@group-C08DF61DD8F9-SegmentedRaftLogWorker: flushIndex: setUnconditionally 0 -> -1
2019-09-25 04:52:22,173 [pool-167-thread-1] INFO  server.RaftServerConfigKeys (ConfUtils.java:logGet(43)) - raft.server.snapshot.auto.trigger.enabled = true (custom)
2019-09-25 04:52:22,173 [pool-167-thread-1] INFO  server.RaftServerConfigKeys (ConfUtils.java:logGet(43)) - raft.server.snapshot.auto.trigger.threshold = 10000 (custom)
2019-09-25 04:52:22,173 [pool-167-thread-1] INFO  server.RaftServerConfigKeys (ConfUtils.java:logGet(43)) - raft.server.snapshot.retention.num.files = 5 (custom)
2019-09-25 04:52:22,174 [pool-167-thread-1] INFO  server.RaftServerConfigKeys (ConfUtils.java:logGet(43)) - raft.server.retrycache.expirytime = 600000ms (custom)
2019-09-25 04:52:22,175 [pool-167-thread-1] INFO  impl.RaftServerImpl (RaftServerImpl.java:start(185)) - 9586c7e2-af3f-487f-89b7-bc8fbed5a611@group-C08DF61DD8F9: start as a follower, conf=-1: [9586c7e2-af3f-487f-89b7-bc8fbed5a611:192.168.164.207:42132], old=null
2019-09-25 04:52:22,175 [pool-167-thread-1] INFO  impl.RaftServerImpl (RaftServerImpl.java:setRole(174)) - 9586c7e2-af3f-487f-89b7-bc8fbed5a611@group-C08DF61DD8F9: changes role from      null to FOLLOWER at term 0 for startAsFollower
2019-09-25 04:52:22,176 [pool-167-thread-1] INFO  impl.RoleInfo (RoleInfo.java:updateAndGet(143)) - 9586c7e2-af3f-487f-89b7-bc8fbed5a611: start FollowerState
2019-09-25 04:52:22,176 [pool-167-thread-1] INFO  util.JmxRegister (JmxRegister.java:tryRegister(44)) - Successfully registered JMX Bean with object name Ratis:service=RaftServer,group=group-C08DF61DD8F9,id=9586c7e2-af3f-487f-89b7-bc8fbed5a611
2019-09-25 04:52:22,179 [RatisPipelineUtilsThread] INFO  pipeline.PipelineStateManager (PipelineStateManager.java:addPipeline(56)) - Created pipeline Pipeline[ Id: 6747b81b-0e2b-4250-a99f-c08df61dd8f9, Nodes: 9586c7e2-af3f-487f-89b7-bc8fbed5a611{ip: 192.168.164.207, host: pr-hdds-1569-s44lr-3492059363, networkLocation: /default-rack, certSerialId: null}, Type:RATIS, Factor:ONE, State:OPEN]
2019-09-25 04:52:22,179 [RatisPipelineUtilsThread] INFO  pipeline.PipelinePlacementPolicy (PipelinePlacementPolicy.java:meetCriteria(91)) - Pipeline Placement: can't place more pipeline on heavy datanode： 4370308c-ceb4-49a9-9879-5927b69a5f85 Heaviness: 6 limit: 5
2019-09-25 04:52:22,179 [RatisPipelineUtilsThread] INFO  pipeline.PipelinePlacementPolicy (PipelinePlacementPolicy.java:meetCriteria(91)) - Pipeline Placement: can't place more pipeline on heavy datanode： bb4fa670-e092-4403-b4a0-776b8e3a297a Heaviness: 6 limit: 5
2019-09-25 04:52:22,179 [RatisPipelineUtilsThread] INFO  pipeline.PipelinePlacementPolicy (PipelinePlacementPolicy.java:meetCriteria(91)) - Pipeline Placement: can't place more pipeline on heavy datanode： bcc74fd2-3a06-4539-867d-223a418d820d Heaviness: 6 limit: 5
2019-09-25 04:52:22,179 [RatisPipelineUtilsThread] INFO  pipeline.PipelinePlacementPolicy (PipelinePlacementPolicy.java:meetCriteria(91)) - Pipeline Placement: can't place more pipeline on heavy datanode： 94bde7ca-9af4-4c06-8221-a867c8f279fc Heaviness: 6 limit: 5
2019-09-25 04:52:22,180 [RatisPipelineUtilsThread] INFO  pipeline.PipelinePlacementPolicy (PipelinePlacementPolicy.java:meetCriteria(91)) - Pipeline Placement: can't place more pipeline on heavy datanode： 6a547602-9d9f-411f-a61b-6fc980fbe171 Heaviness: 6 limit: 5
2019-09-25 04:52:22,189 [grpc-default-executor-0] INFO  impl.RaftServerProxy (RaftServerProxy.java:addNew(89)) - f0026df0-5652-4d5b-84a4-ec6d3279302c: addNew group-29B095A6317C:[f0026df0-5652-4d5b-84a4-ec6d3279302c:192.168.164.207:40753] returns group-29B095A6317C:java.util.concurrent.CompletableFuture@6f7cad7c[Not completed]
2019-09-25 04:52:22,191 [pool-177-thread-1] INFO  impl.RaftServerImpl (RaftServerImpl.java:<init>(95)) - f0026df0-5652-4d5b-84a4-ec6d3279302c: new RaftServerImpl for group-29B095A6317C:[f0026df0-5652-4d5b-84a4-ec6d3279302c:192.168.164.207:40753] with ContainerStateMachine:uninitialized
2019-09-25 04:52:22,191 [pool-177-thread-1] INFO  server.RaftServerConfigKeys (ConfUtils.java:logGet(43)) - raft.server.rpc.timeout.min = 5s (custom)
2019-09-25 04:52:22,191 [pool-177-thread-1] INFO  server.RaftServerConfigKeys (ConfUtils.java:logGet(43)) - raft.server.rpc.timeout.max = 5200ms (custom)
2019-09-25 04:52:22,265 [pool-177-thread-1] INFO  server.RaftServerConfigKeys (ConfUtils.java:logGet(43)) - raft.server.rpcslowness.timeout = 120s (custom)
2019-09-25 04:52:22,270 [pool-177-thread-1] INFO  server.RaftServerConfigKeys (ConfUtils.java:logGet(43)) - raft.server.sleep.deviation.threshold = 300 (default)
2019-09-25 04:52:22,270 [pool-177-thread-1] INFO  server.RaftServerConfigKeys (ConfUtils.java:logGet(43)) - raft.server.log.appender.install.snapshot.enabled = false (custom)
2019-09-25 04:52:22,271 [pool-177-thread-1] INFO  impl.RaftServerImpl (ServerState.java:<init>(103)) - f0026df0-5652-4d5b-84a4-ec6d3279302c@group-29B095A6317C: ConfigurationManager, init=-1: [f0026df0-5652-4d5b-84a4-ec6d3279302c:192.168.164.207:40753], old=null, confs=<EMPTY_MAP>
2019-09-25 04:52:22,279 [pool-177-thread-1] INFO  server.RaftServerConfigKeys (ConfUtils.java:logGet(43)) - raft.server.storage.dir = [/workdir/hadoop-ozone/integration-test/target/test-dir/MiniOzoneClusterImpl-d3c81739-79da-4dbe-9ced-b164d958c5b5/datanode-6/data/ratis] (custom)
2019-09-25 04:52:22,304 [pool-177-thread-1] INFO  storage.RaftStorageDirectory (RaftStorageDirectory.java:analyzeStorage(246)) - The storage directory /workdir/hadoop-ozone/integration-test/target/test-dir/MiniOzoneClusterImpl-d3c81739-79da-4dbe-9ced-b164d958c5b5/datanode-6/data/ratis/7c7a72ed-e62c-407e-a7f9-29b095a6317c does not exist. Creating ...
2019-09-25 04:52:22,338 [pool-177-thread-1] INFO  storage.RaftStorageDirectory (RaftStorageDirectory.java:tryLock(328)) - Lock on /workdir/hadoop-ozone/integration-test/target/test-dir/MiniOzoneClusterImpl-d3c81739-79da-4dbe-9ced-b164d958c5b5/datanode-6/data/ratis/7c7a72ed-e62c-407e-a7f9-29b095a6317c/in_use.lock acquired by nodename 13544@pr-hdds-1569-s44lr-3492059363
2019-09-25 04:52:22,420 [pool-177-thread-1] INFO  storage.RaftStorage (RaftStorage.java:format(72)) - Storage directory /workdir/hadoop-ozone/integration-test/target/test-dir/MiniOzoneClusterImpl-d3c81739-79da-4dbe-9ced-b164d958c5b5/datanode-6/data/ratis/7c7a72ed-e62c-407e-a7f9-29b095a6317c has been successfully formatted.
2019-09-25 04:52:22,436 [pool-177-thread-1] INFO  ratis.ContainerStateMachine (ContainerStateMachine.java:loadSnapshot(230)) - group-29B095A6317C: The snapshot info is null. Setting the last applied indexto:(t:0, i:~)
2019-09-25 04:52:22,504 [pool-177-thread-1] INFO  server.RaftServerConfigKeys (ConfUtils.java:logGet(43)) - raft.server.notification.no-leader.timeout = 120s (custom)
2019-09-25 04:52:22,504 [pool-177-thread-1] INFO  server.RaftServerConfigKeys (ConfUtils.java:logGet(43)) - raft.server.log.use.memory = false (default)
2019-09-25 04:52:22,505 [pool-177-thread-1] INFO  server.RaftServerConfigKeys (ConfUtils.java:logGet(43)) - raft.server.log.purge.gap = 1000000 (custom)
2019-09-25 04:52:22,505 [pool-177-thread-1] INFO  server.RaftServerConfigKeys (ConfUtils.java:logGet(43)) - raft.server.log.appender.buffer.byte-limit = 33554432 (custom)
2019-09-25 04:52:22,505 [pool-177-thread-1] INFO  server.RaftServerConfigKeys (ConfUtils.java:logGet(43)) - raft.server.log.segment.size.max = 1048576 (custom)
2019-09-25 04:52:22,505 [pool-177-thread-1] INFO  server.RaftServerConfigKeys (ConfUtils.java:logGet(43)) - raft.server.log.segment.cache.num.max = 2 (custom)
2019-09-25 04:52:22,506 [pool-177-thread-1] INFO  segmented.SegmentedRaftLogWorker (SegmentedRaftLogWorker.java:<init>(172)) - new f0026df0-5652-4d5b-84a4-ec6d3279302c@group-29B095A6317C-SegmentedRaftLogWorker for RaftStorage:Storage Directory /workdir/hadoop-ozone/integration-test/target/test-dir/MiniOzoneClusterImpl-d3c81739-79da-4dbe-9ced-b164d958c5b5/datanode-6/data/ratis/7c7a72ed-e62c-407e-a7f9-29b095a6317c
2019-09-25 04:52:22,506 [pool-177-thread-1] INFO  server.RaftServerConfigKeys (ConfUtils.java:logGet(43)) - raft.server.log.queue.byte-limit = 2147483647 (custom)
2019-09-25 04:52:22,506 [pool-177-thread-1] INFO  server.RaftServerConfigKeys (ConfUtils.java:logGet(43)) - raft.server.log.queue.element-limit = 1024 (custom)
2019-09-25 04:52:22,506 [pool-177-thread-1] INFO  server.RaftServerConfigKeys (ConfUtils.java:logGet(43)) - raft.server.log.segment.size.max = 1048576 (custom)
2019-09-25 04:52:22,506 [pool-177-thread-1] INFO  server.RaftServerConfigKeys (ConfUtils.java:logGet(43)) - raft.server.log.preallocated.size = 16384 (custom)
2019-09-25 04:52:22,507 [pool-177-thread-1] INFO  server.RaftServerConfigKeys (ConfUtils.java:logGet(43)) - raft.server.log.write.buffer.size = 33554432 (custom)
2019-09-25 04:52:22,507 [pool-177-thread-1] INFO  server.RaftServerConfigKeys (ConfUtils.java:logGet(43)) - raft.server.log.force.sync.num = 128 (default)
2019-09-25 04:52:22,507 [pool-177-thread-1] INFO  server.RaftServerConfigKeys (ConfUtils.java:logGet(43)) - raft.server.log.statemachine.data.sync = true (default)
2019-09-25 04:52:22,507 [pool-177-thread-1] INFO  server.RaftServerConfigKeys (ConfUtils.java:logGet(43)) - raft.server.log.statemachine.data.sync.timeout = 10s (default)
2019-09-25 04:52:22,508 [pool-177-thread-1] INFO  server.RaftServerConfigKeys (ConfUtils.java:logGet(43)) - raft.server.log.statemachine.data.sync.timeout.retry = -1 (default)
2019-09-25 04:52:22,508 [pool-177-thread-1] INFO  server.RaftServerConfigKeys (ConfUtils.java:logGet(43)) - raft.server.log.statemachine.data.caching.enabled = true (custom)
2019-09-25 04:52:22,509 [pool-177-thread-1] INFO  segmented.SegmentedRaftLogWorker (SegmentedRaftLogWorker.java:lambda$new$0(132)) - f0026df0-5652-4d5b-84a4-ec6d3279302c@group-29B095A6317C-SegmentedRaftLogWorker: flushIndex: setUnconditionally 0 -> -1
2019-09-25 04:52:22,509 [pool-177-thread-1] INFO  server.RaftServerConfigKeys (ConfUtils.java:logGet(43)) - raft.server.snapshot.auto.trigger.enabled = true (custom)
2019-09-25 04:52:22,510 [pool-177-thread-1] INFO  server.RaftServerConfigKeys (ConfUtils.java:logGet(43)) - raft.server.snapshot.auto.trigger.threshold = 10000 (custom)
2019-09-25 04:52:22,510 [pool-177-thread-1] INFO  server.RaftServerConfigKeys (ConfUtils.java:logGet(43)) - raft.server.snapshot.retention.num.files = 5 (custom)
2019-09-25 04:52:22,510 [pool-177-thread-1] INFO  server.RaftServerConfigKeys (ConfUtils.java:logGet(43)) - raft.server.retrycache.expirytime = 600000ms (custom)
2019-09-25 04:52:22,513 [pool-177-thread-1] INFO  impl.RaftServerImpl (RaftServerImpl.java:start(185)) - f0026df0-5652-4d5b-84a4-ec6d3279302c@group-29B095A6317C: start as a follower, conf=-1: [f0026df0-5652-4d5b-84a4-ec6d3279302c:192.168.164.207:40753], old=null
2019-09-25 04:52:22,513 [pool-177-thread-1] INFO  impl.RaftServerImpl (RaftServerImpl.java:setRole(174)) - f0026df0-5652-4d5b-84a4-ec6d3279302c@group-29B095A6317C: changes role from      null to FOLLOWER at term 0 for startAsFollower
2019-09-25 04:52:22,514 [pool-177-thread-1] INFO  impl.RoleInfo (RoleInfo.java:updateAndGet(143)) - f0026df0-5652-4d5b-84a4-ec6d3279302c: start FollowerState
2019-09-25 04:52:22,514 [pool-177-thread-1] INFO  util.JmxRegister (JmxRegister.java:tryRegister(44)) - Successfully registered JMX Bean with object name Ratis:service=RaftServer,group=group-29B095A6317C,id=f0026df0-5652-4d5b-84a4-ec6d3279302c
2019-09-25 04:52:22,521 [RatisPipelineUtilsThread] INFO  pipeline.PipelineStateManager (PipelineStateManager.java:addPipeline(56)) - Created pipeline Pipeline[ Id: 7c7a72ed-e62c-407e-a7f9-29b095a6317c, Nodes: f0026df0-5652-4d5b-84a4-ec6d3279302c{ip: 192.168.164.207, host: pr-hdds-1569-s44lr-3492059363, networkLocation: /default-rack, certSerialId: null}, Type:RATIS, Factor:ONE, State:OPEN]
2019-09-25 04:52:22,521 [RatisPipelineUtilsThread] INFO  pipeline.PipelinePlacementPolicy (PipelinePlacementPolicy.java:meetCriteria(91)) - Pipeline Placement: can't place more pipeline on heavy datanode： 4370308c-ceb4-49a9-9879-5927b69a5f85 Heaviness: 6 limit: 5
2019-09-25 04:52:22,521 [RatisPipelineUtilsThread] INFO  pipeline.PipelinePlacementPolicy (PipelinePlacementPolicy.java:meetCriteria(91)) - Pipeline Placement: can't place more pipeline on heavy datanode： bb4fa670-e092-4403-b4a0-776b8e3a297a Heaviness: 6 limit: 5
2019-09-25 04:52:22,521 [RatisPipelineUtilsThread] INFO  pipeline.PipelinePlacementPolicy (PipelinePlacementPolicy.java:meetCriteria(91)) - Pipeline Placement: can't place more pipeline on heavy datanode： bcc74fd2-3a06-4539-867d-223a418d820d Heaviness: 6 limit: 5
2019-09-25 04:52:22,522 [RatisPipelineUtilsThread] INFO  pipeline.PipelinePlacementPolicy (PipelinePlacementPolicy.java:meetCriteria(91)) - Pipeline Placement: can't place more pipeline on heavy datanode： 94bde7ca-9af4-4c06-8221-a867c8f279fc Heaviness: 6 limit: 5
2019-09-25 04:52:22,522 [RatisPipelineUtilsThread] INFO  pipeline.PipelinePlacementPolicy (PipelinePlacementPolicy.java:meetCriteria(91)) - Pipeline Placement: can't place more pipeline on heavy datanode： 6a547602-9d9f-411f-a61b-6fc980fbe171 Heaviness: 6 limit: 5
2019-09-25 04:52:22,532 [grpc-default-executor-0] INFO  impl.RaftServerProxy (RaftServerProxy.java:addNew(89)) - 9586c7e2-af3f-487f-89b7-bc8fbed5a611: addNew group-4F0394905466:[9586c7e2-af3f-487f-89b7-bc8fbed5a611:192.168.164.207:42132] returns group-4F0394905466:java.util.concurrent.CompletableFuture@5b65c78b[Not completed]
2019-09-25 04:52:22,533 [pool-167-thread-1] INFO  impl.RaftServerImpl (RaftServerImpl.java:<init>(95)) - 9586c7e2-af3f-487f-89b7-bc8fbed5a611: new RaftServerImpl for group-4F0394905466:[9586c7e2-af3f-487f-89b7-bc8fbed5a611:192.168.164.207:42132] with ContainerStateMachine:uninitialized
2019-09-25 04:52:22,533 [pool-167-thread-1] INFO  server.RaftServerConfigKeys (ConfUtils.java:logGet(43)) - raft.server.rpc.timeout.min = 5s (custom)
2019-09-25 04:52:22,534 [pool-167-thread-1] INFO  server.RaftServerConfigKeys (ConfUtils.java:logGet(43)) - raft.server.rpc.timeout.max = 5200ms (custom)
2019-09-25 04:52:22,534 [pool-167-thread-1] INFO  server.RaftServerConfigKeys (ConfUtils.java:logGet(43)) - raft.server.rpcslowness.timeout = 120s (custom)
2019-09-25 04:52:22,534 [pool-167-thread-1] INFO  server.RaftServerConfigKeys (ConfUtils.java:logGet(43)) - raft.server.sleep.deviation.threshold = 300 (default)
2019-09-25 04:52:22,534 [pool-167-thread-1] INFO  server.RaftServerConfigKeys (ConfUtils.java:logGet(43)) - raft.server.log.appender.install.snapshot.enabled = false (custom)
2019-09-25 04:52:22,534 [pool-167-thread-1] INFO  impl.RaftServerImpl (ServerState.java:<init>(103)) - 9586c7e2-af3f-487f-89b7-bc8fbed5a611@group-4F0394905466: ConfigurationManager, init=-1: [9586c7e2-af3f-487f-89b7-bc8fbed5a611:192.168.164.207:42132], old=null, confs=<EMPTY_MAP>
2019-09-25 04:52:22,534 [pool-167-thread-1] INFO  server.RaftServerConfigKeys (ConfUtils.java:logGet(43)) - raft.server.storage.dir = [/workdir/hadoop-ozone/integration-test/target/test-dir/MiniOzoneClusterImpl-d3c81739-79da-4dbe-9ced-b164d958c5b5/datanode-5/data/ratis] (custom)
2019-09-25 04:52:22,535 [pool-167-thread-1] INFO  storage.RaftStorageDirectory (RaftStorageDirectory.java:analyzeStorage(246)) - The storage directory /workdir/hadoop-ozone/integration-test/target/test-dir/MiniOzoneClusterImpl-d3c81739-79da-4dbe-9ced-b164d958c5b5/datanode-5/data/ratis/024f7afe-2fe5-4b88-815f-4f0394905466 does not exist. Creating ...
2019-09-25 04:52:22,547 [pool-167-thread-1] INFO  storage.RaftStorageDirectory (RaftStorageDirectory.java:tryLock(328)) - Lock on /workdir/hadoop-ozone/integration-test/target/test-dir/MiniOzoneClusterImpl-d3c81739-79da-4dbe-9ced-b164d958c5b5/datanode-5/data/ratis/024f7afe-2fe5-4b88-815f-4f0394905466/in_use.lock acquired by nodename 13544@pr-hdds-1569-s44lr-3492059363
2019-09-25 04:52:22,566 [pool-167-thread-1] INFO  storage.RaftStorage (RaftStorage.java:format(72)) - Storage directory /workdir/hadoop-ozone/integration-test/target/test-dir/MiniOzoneClusterImpl-d3c81739-79da-4dbe-9ced-b164d958c5b5/datanode-5/data/ratis/024f7afe-2fe5-4b88-815f-4f0394905466 has been successfully formatted.
2019-09-25 04:52:22,567 [pool-167-thread-1] INFO  ratis.ContainerStateMachine (ContainerStateMachine.java:loadSnapshot(230)) - group-4F0394905466: The snapshot info is null. Setting the last applied indexto:(t:0, i:~)
2019-09-25 04:52:22,567 [pool-167-thread-1] INFO  server.RaftServerConfigKeys (ConfUtils.java:logGet(43)) - raft.server.notification.no-leader.timeout = 120s (custom)
2019-09-25 04:52:22,567 [pool-167-thread-1] INFO  server.RaftServerConfigKeys (ConfUtils.java:logGet(43)) - raft.server.log.use.memory = false (default)
2019-09-25 04:52:22,567 [pool-167-thread-1] INFO  server.RaftServerConfigKeys (ConfUtils.java:logGet(43)) - raft.server.log.purge.gap = 1000000 (custom)
2019-09-25 04:52:22,567 [pool-167-thread-1] INFO  server.RaftServerConfigKeys (ConfUtils.java:logGet(43)) - raft.server.log.appender.buffer.byte-limit = 33554432 (custom)
2019-09-25 04:52:22,567 [pool-167-thread-1] INFO  server.RaftServerConfigKeys (ConfUtils.java:logGet(43)) - raft.server.log.segment.size.max = 1048576 (custom)
2019-09-25 04:52:22,568 [pool-167-thread-1] INFO  server.RaftServerConfigKeys (ConfUtils.java:logGet(43)) - raft.server.log.segment.cache.num.max = 2 (custom)
2019-09-25 04:52:22,568 [pool-167-thread-1] INFO  segmented.SegmentedRaftLogWorker (SegmentedRaftLogWorker.java:<init>(172)) - new 9586c7e2-af3f-487f-89b7-bc8fbed5a611@group-4F0394905466-SegmentedRaftLogWorker for RaftStorage:Storage Directory /workdir/hadoop-ozone/integration-test/target/test-dir/MiniOzoneClusterImpl-d3c81739-79da-4dbe-9ced-b164d958c5b5/datanode-5/data/ratis/024f7afe-2fe5-4b88-815f-4f0394905466
2019-09-25 04:52:22,568 [pool-167-thread-1] INFO  server.RaftServerConfigKeys (ConfUtils.java:logGet(43)) - raft.server.log.queue.byte-limit = 2147483647 (custom)
2019-09-25 04:52:22,568 [pool-167-thread-1] INFO  server.RaftServerConfigKeys (ConfUtils.java:logGet(43)) - raft.server.log.queue.element-limit = 1024 (custom)
2019-09-25 04:52:22,568 [pool-167-thread-1] INFO  server.RaftServerConfigKeys (ConfUtils.java:logGet(43)) - raft.server.log.segment.size.max = 1048576 (custom)
2019-09-25 04:52:22,568 [pool-167-thread-1] INFO  server.RaftServerConfigKeys (ConfUtils.java:logGet(43)) - raft.server.log.preallocated.size = 16384 (custom)
2019-09-25 04:52:22,568 [pool-167-thread-1] INFO  server.RaftServerConfigKeys (ConfUtils.java:logGet(43)) - raft.server.log.write.buffer.size = 33554432 (custom)
2019-09-25 04:52:22,569 [pool-167-thread-1] INFO  server.RaftServerConfigKeys (ConfUtils.java:logGet(43)) - raft.server.log.force.sync.num = 128 (default)
2019-09-25 04:52:22,569 [pool-167-thread-1] INFO  server.RaftServerConfigKeys (ConfUtils.java:logGet(43)) - raft.server.log.statemachine.data.sync = true (default)
2019-09-25 04:52:22,569 [pool-167-thread-1] INFO  server.RaftServerConfigKeys (ConfUtils.java:logGet(43)) - raft.server.log.statemachine.data.sync.timeout = 10s (default)
2019-09-25 04:52:22,569 [pool-167-thread-1] INFO  server.RaftServerConfigKeys (ConfUtils.java:logGet(43)) - raft.server.log.statemachine.data.sync.timeout.retry = -1 (default)
2019-09-25 04:52:22,569 [pool-167-thread-1] INFO  server.RaftServerConfigKeys (ConfUtils.java:logGet(43)) - raft.server.log.statemachine.data.caching.enabled = true (custom)
2019-09-25 04:52:22,569 [pool-167-thread-1] INFO  segmented.SegmentedRaftLogWorker (SegmentedRaftLogWorker.java:lambda$new$0(132)) - 9586c7e2-af3f-487f-89b7-bc8fbed5a611@group-4F0394905466-SegmentedRaftLogWorker: flushIndex: setUnconditionally 0 -> -1
2019-09-25 04:52:22,570 [pool-167-thread-1] INFO  server.RaftServerConfigKeys (ConfUtils.java:logGet(43)) - raft.server.snapshot.auto.trigger.enabled = true (custom)
2019-09-25 04:52:22,570 [pool-167-thread-1] INFO  server.RaftServerConfigKeys (ConfUtils.java:logGet(43)) - raft.server.snapshot.auto.trigger.threshold = 10000 (custom)
2019-09-25 04:52:22,570 [pool-167-thread-1] INFO  server.RaftServerConfigKeys (ConfUtils.java:logGet(43)) - raft.server.snapshot.retention.num.files = 5 (custom)
2019-09-25 04:52:22,570 [pool-167-thread-1] INFO  server.RaftServerConfigKeys (ConfUtils.java:logGet(43)) - raft.server.retrycache.expirytime = 600000ms (custom)
2019-09-25 04:52:22,572 [pool-167-thread-1] INFO  impl.RaftServerImpl (RaftServerImpl.java:start(185)) - 9586c7e2-af3f-487f-89b7-bc8fbed5a611@group-4F0394905466: start as a follower, conf=-1: [9586c7e2-af3f-487f-89b7-bc8fbed5a611:192.168.164.207:42132], old=null
2019-09-25 04:52:22,572 [pool-167-thread-1] INFO  impl.RaftServerImpl (RaftServerImpl.java:setRole(174)) - 9586c7e2-af3f-487f-89b7-bc8fbed5a611@group-4F0394905466: changes role from      null to FOLLOWER at term 0 for startAsFollower
2019-09-25 04:52:22,572 [pool-167-thread-1] INFO  impl.RoleInfo (RoleInfo.java:updateAndGet(143)) - 9586c7e2-af3f-487f-89b7-bc8fbed5a611: start FollowerState
2019-09-25 04:52:22,573 [pool-167-thread-1] INFO  util.JmxRegister (JmxRegister.java:tryRegister(44)) - Successfully registered JMX Bean with object name Ratis:service=RaftServer,group=group-4F0394905466,id=9586c7e2-af3f-487f-89b7-bc8fbed5a611
2019-09-25 04:52:22,575 [RatisPipelineUtilsThread] INFO  pipeline.PipelineStateManager (PipelineStateManager.java:addPipeline(56)) - Created pipeline Pipeline[ Id: 024f7afe-2fe5-4b88-815f-4f0394905466, Nodes: 9586c7e2-af3f-487f-89b7-bc8fbed5a611{ip: 192.168.164.207, host: pr-hdds-1569-s44lr-3492059363, networkLocation: /default-rack, certSerialId: null}, Type:RATIS, Factor:ONE, State:OPEN]
2019-09-25 04:52:22,575 [RatisPipelineUtilsThread] INFO  pipeline.PipelinePlacementPolicy (PipelinePlacementPolicy.java:meetCriteria(91)) - Pipeline Placement: can't place more pipeline on heavy datanode： 4370308c-ceb4-49a9-9879-5927b69a5f85 Heaviness: 6 limit: 5
2019-09-25 04:52:22,576 [RatisPipelineUtilsThread] INFO  pipeline.PipelinePlacementPolicy (PipelinePlacementPolicy.java:meetCriteria(91)) - Pipeline Placement: can't place more pipeline on heavy datanode： bb4fa670-e092-4403-b4a0-776b8e3a297a Heaviness: 6 limit: 5
2019-09-25 04:52:22,576 [RatisPipelineUtilsThread] INFO  pipeline.PipelinePlacementPolicy (PipelinePlacementPolicy.java:meetCriteria(91)) - Pipeline Placement: can't place more pipeline on heavy datanode： bcc74fd2-3a06-4539-867d-223a418d820d Heaviness: 6 limit: 5
2019-09-25 04:52:22,576 [RatisPipelineUtilsThread] INFO  pipeline.PipelinePlacementPolicy (PipelinePlacementPolicy.java:meetCriteria(91)) - Pipeline Placement: can't place more pipeline on heavy datanode： 94bde7ca-9af4-4c06-8221-a867c8f279fc Heaviness: 6 limit: 5
2019-09-25 04:52:22,576 [RatisPipelineUtilsThread] INFO  pipeline.PipelinePlacementPolicy (PipelinePlacementPolicy.java:meetCriteria(91)) - Pipeline Placement: can't place more pipeline on heavy datanode： 6a547602-9d9f-411f-a61b-6fc980fbe171 Heaviness: 6 limit: 5
2019-09-25 04:52:22,581 [grpc-default-executor-0] INFO  impl.RaftServerProxy (RaftServerProxy.java:addNew(89)) - 9586c7e2-af3f-487f-89b7-bc8fbed5a611: addNew group-FF18B0D73491:[9586c7e2-af3f-487f-89b7-bc8fbed5a611:192.168.164.207:42132] returns group-FF18B0D73491:java.util.concurrent.CompletableFuture@75191f11[Not completed]
2019-09-25 04:52:22,582 [pool-167-thread-1] INFO  impl.RaftServerImpl (RaftServerImpl.java:<init>(95)) - 9586c7e2-af3f-487f-89b7-bc8fbed5a611: new RaftServerImpl for group-FF18B0D73491:[9586c7e2-af3f-487f-89b7-bc8fbed5a611:192.168.164.207:42132] with ContainerStateMachine:uninitialized
2019-09-25 04:52:22,582 [pool-167-thread-1] INFO  server.RaftServerConfigKeys (ConfUtils.java:logGet(43)) - raft.server.rpc.timeout.min = 5s (custom)
2019-09-25 04:52:22,582 [pool-167-thread-1] INFO  server.RaftServerConfigKeys (ConfUtils.java:logGet(43)) - raft.server.rpc.timeout.max = 5200ms (custom)
2019-09-25 04:52:22,582 [pool-167-thread-1] INFO  server.RaftServerConfigKeys (ConfUtils.java:logGet(43)) - raft.server.rpcslowness.timeout = 120s (custom)
2019-09-25 04:52:22,582 [pool-167-thread-1] INFO  server.RaftServerConfigKeys (ConfUtils.java:logGet(43)) - raft.server.sleep.deviation.threshold = 300 (default)
2019-09-25 04:52:22,582 [pool-167-thread-1] INFO  server.RaftServerConfigKeys (ConfUtils.java:logGet(43)) - raft.server.log.appender.install.snapshot.enabled = false (custom)
2019-09-25 04:52:22,582 [pool-167-thread-1] INFO  impl.RaftServerImpl (ServerState.java:<init>(103)) - 9586c7e2-af3f-487f-89b7-bc8fbed5a611@group-FF18B0D73491: ConfigurationManager, init=-1: [9586c7e2-af3f-487f-89b7-bc8fbed5a611:192.168.164.207:42132], old=null, confs=<EMPTY_MAP>
2019-09-25 04:52:22,583 [pool-167-thread-1] INFO  server.RaftServerConfigKeys (ConfUtils.java:logGet(43)) - raft.server.storage.dir = [/workdir/hadoop-ozone/integration-test/target/test-dir/MiniOzoneClusterImpl-d3c81739-79da-4dbe-9ced-b164d958c5b5/datanode-5/data/ratis] (custom)
2019-09-25 04:52:22,583 [pool-167-thread-1] INFO  storage.RaftStorageDirectory (RaftStorageDirectory.java:analyzeStorage(246)) - The storage directory /workdir/hadoop-ozone/integration-test/target/test-dir/MiniOzoneClusterImpl-d3c81739-79da-4dbe-9ced-b164d958c5b5/datanode-5/data/ratis/f846d48c-fd15-4263-804b-ff18b0d73491 does not exist. Creating ...
2019-09-25 04:52:22,596 [pool-167-thread-1] INFO  storage.RaftStorageDirectory (RaftStorageDirectory.java:tryLock(328)) - Lock on /workdir/hadoop-ozone/integration-test/target/test-dir/MiniOzoneClusterImpl-d3c81739-79da-4dbe-9ced-b164d958c5b5/datanode-5/data/ratis/f846d48c-fd15-4263-804b-ff18b0d73491/in_use.lock acquired by nodename 13544@pr-hdds-1569-s44lr-3492059363
2019-09-25 04:52:22,610 [pool-167-thread-1] INFO  storage.RaftStorage (RaftStorage.java:format(72)) - Storage directory /workdir/hadoop-ozone/integration-test/target/test-dir/MiniOzoneClusterImpl-d3c81739-79da-4dbe-9ced-b164d958c5b5/datanode-5/data/ratis/f846d48c-fd15-4263-804b-ff18b0d73491 has been successfully formatted.
2019-09-25 04:52:22,610 [pool-167-thread-1] INFO  ratis.ContainerStateMachine (ContainerStateMachine.java:loadSnapshot(230)) - group-FF18B0D73491: The snapshot info is null. Setting the last applied indexto:(t:0, i:~)
2019-09-25 04:52:22,610 [pool-167-thread-1] INFO  server.RaftServerConfigKeys (ConfUtils.java:logGet(43)) - raft.server.notification.no-leader.timeout = 120s (custom)
2019-09-25 04:52:22,610 [pool-167-thread-1] INFO  server.RaftServerConfigKeys (ConfUtils.java:logGet(43)) - raft.server.log.use.memory = false (default)
2019-09-25 04:52:22,611 [pool-167-thread-1] INFO  server.RaftServerConfigKeys (ConfUtils.java:logGet(43)) - raft.server.log.purge.gap = 1000000 (custom)
2019-09-25 04:52:22,611 [pool-167-thread-1] INFO  server.RaftServerConfigKeys (ConfUtils.java:logGet(43)) - raft.server.log.appender.buffer.byte-limit = 33554432 (custom)
2019-09-25 04:52:22,611 [pool-167-thread-1] INFO  server.RaftServerConfigKeys (ConfUtils.java:logGet(43)) - raft.server.log.segment.size.max = 1048576 (custom)
2019-09-25 04:52:22,611 [pool-167-thread-1] INFO  server.RaftServerConfigKeys (ConfUtils.java:logGet(43)) - raft.server.log.segment.cache.num.max = 2 (custom)
2019-09-25 04:52:22,611 [pool-167-thread-1] INFO  segmented.SegmentedRaftLogWorker (SegmentedRaftLogWorker.java:<init>(172)) - new 9586c7e2-af3f-487f-89b7-bc8fbed5a611@group-FF18B0D73491-SegmentedRaftLogWorker for RaftStorage:Storage Directory /workdir/hadoop-ozone/integration-test/target/test-dir/MiniOzoneClusterImpl-d3c81739-79da-4dbe-9ced-b164d958c5b5/datanode-5/data/ratis/f846d48c-fd15-4263-804b-ff18b0d73491
2019-09-25 04:52:22,611 [pool-167-thread-1] INFO  server.RaftServerConfigKeys (ConfUtils.java:logGet(43)) - raft.server.log.queue.byte-limit = 2147483647 (custom)
2019-09-25 04:52:22,611 [pool-167-thread-1] INFO  server.RaftServerConfigKeys (ConfUtils.java:logGet(43)) - raft.server.log.queue.element-limit = 1024 (custom)
2019-09-25 04:52:22,611 [pool-167-thread-1] INFO  server.RaftServerConfigKeys (ConfUtils.java:logGet(43)) - raft.server.log.segment.size.max = 1048576 (custom)
2019-09-25 04:52:22,612 [pool-167-thread-1] INFO  server.RaftServerConfigKeys (ConfUtils.java:logGet(43)) - raft.server.log.preallocated.size = 16384 (custom)
2019-09-25 04:52:22,612 [pool-167-thread-1] INFO  server.RaftServerConfigKeys (ConfUtils.java:logGet(43)) - raft.server.log.write.buffer.size = 33554432 (custom)
2019-09-25 04:52:22,612 [pool-167-thread-1] INFO  server.RaftServerConfigKeys (ConfUtils.java:logGet(43)) - raft.server.log.force.sync.num = 128 (default)
2019-09-25 04:52:22,612 [pool-167-thread-1] INFO  server.RaftServerConfigKeys (ConfUtils.java:logGet(43)) - raft.server.log.statemachine.data.sync = true (default)
2019-09-25 04:52:22,612 [pool-167-thread-1] INFO  server.RaftServerConfigKeys (ConfUtils.java:logGet(43)) - raft.server.log.statemachine.data.sync.timeout = 10s (default)
2019-09-25 04:52:22,612 [pool-167-thread-1] INFO  server.RaftServerConfigKeys (ConfUtils.java:logGet(43)) - raft.server.log.statemachine.data.sync.timeout.retry = -1 (default)
2019-09-25 04:52:22,613 [pool-167-thread-1] INFO  server.RaftServerConfigKeys (ConfUtils.java:logGet(43)) - raft.server.log.statemachine.data.caching.enabled = true (custom)
2019-09-25 04:52:22,613 [pool-167-thread-1] INFO  segmented.SegmentedRaftLogWorker (SegmentedRaftLogWorker.java:lambda$new$0(132)) - 9586c7e2-af3f-487f-89b7-bc8fbed5a611@group-FF18B0D73491-SegmentedRaftLogWorker: flushIndex: setUnconditionally 0 -> -1
2019-09-25 04:52:22,613 [pool-167-thread-1] INFO  server.RaftServerConfigKeys (ConfUtils.java:logGet(43)) - raft.server.snapshot.auto.trigger.enabled = true (custom)
2019-09-25 04:52:22,614 [pool-167-thread-1] INFO  server.RaftServerConfigKeys (ConfUtils.java:logGet(43)) - raft.server.snapshot.auto.trigger.threshold = 10000 (custom)
2019-09-25 04:52:22,614 [pool-167-thread-1] INFO  server.RaftServerConfigKeys (ConfUtils.java:logGet(43)) - raft.server.snapshot.retention.num.files = 5 (custom)
2019-09-25 04:52:22,614 [pool-167-thread-1] INFO  server.RaftServerConfigKeys (ConfUtils.java:logGet(43)) - raft.server.retrycache.expirytime = 600000ms (custom)
2019-09-25 04:52:22,616 [pool-167-thread-1] INFO  impl.RaftServerImpl (RaftServerImpl.java:start(185)) - 9586c7e2-af3f-487f-89b7-bc8fbed5a611@group-FF18B0D73491: start as a follower, conf=-1: [9586c7e2-af3f-487f-89b7-bc8fbed5a611:192.168.164.207:42132], old=null
2019-09-25 04:52:22,616 [pool-167-thread-1] INFO  impl.RaftServerImpl (RaftServerImpl.java:setRole(174)) - 9586c7e2-af3f-487f-89b7-bc8fbed5a611@group-FF18B0D73491: changes role from      null to FOLLOWER at term 0 for startAsFollower
2019-09-25 04:52:22,617 [pool-167-thread-1] INFO  impl.RoleInfo (RoleInfo.java:updateAndGet(143)) - 9586c7e2-af3f-487f-89b7-bc8fbed5a611: start FollowerState
2019-09-25 04:52:22,617 [pool-167-thread-1] INFO  util.JmxRegister (JmxRegister.java:tryRegister(44)) - Successfully registered JMX Bean with object name Ratis:service=RaftServer,group=group-FF18B0D73491,id=9586c7e2-af3f-487f-89b7-bc8fbed5a611
2019-09-25 04:52:22,620 [RatisPipelineUtilsThread] INFO  pipeline.PipelineStateManager (PipelineStateManager.java:addPipeline(56)) - Created pipeline Pipeline[ Id: f846d48c-fd15-4263-804b-ff18b0d73491, Nodes: 9586c7e2-af3f-487f-89b7-bc8fbed5a611{ip: 192.168.164.207, host: pr-hdds-1569-s44lr-3492059363, networkLocation: /default-rack, certSerialId: null}, Type:RATIS, Factor:ONE, State:OPEN]
2019-09-25 04:52:22,621 [RatisPipelineUtilsThread] INFO  pipeline.PipelinePlacementPolicy (PipelinePlacementPolicy.java:meetCriteria(91)) - Pipeline Placement: can't place more pipeline on heavy datanode： 4370308c-ceb4-49a9-9879-5927b69a5f85 Heaviness: 6 limit: 5
2019-09-25 04:52:22,621 [RatisPipelineUtilsThread] INFO  pipeline.PipelinePlacementPolicy (PipelinePlacementPolicy.java:meetCriteria(91)) - Pipeline Placement: can't place more pipeline on heavy datanode： bb4fa670-e092-4403-b4a0-776b8e3a297a Heaviness: 6 limit: 5
2019-09-25 04:52:22,621 [RatisPipelineUtilsThread] INFO  pipeline.PipelinePlacementPolicy (PipelinePlacementPolicy.java:meetCriteria(91)) - Pipeline Placement: can't place more pipeline on heavy datanode： bcc74fd2-3a06-4539-867d-223a418d820d Heaviness: 6 limit: 5
2019-09-25 04:52:22,621 [RatisPipelineUtilsThread] INFO  pipeline.PipelinePlacementPolicy (PipelinePlacementPolicy.java:meetCriteria(91)) - Pipeline Placement: can't place more pipeline on heavy datanode： 94bde7ca-9af4-4c06-8221-a867c8f279fc Heaviness: 6 limit: 5
2019-09-25 04:52:22,621 [RatisPipelineUtilsThread] INFO  pipeline.PipelinePlacementPolicy (PipelinePlacementPolicy.java:meetCriteria(91)) - Pipeline Placement: can't place more pipeline on heavy datanode： 6a547602-9d9f-411f-a61b-6fc980fbe171 Heaviness: 6 limit: 5
2019-09-25 04:52:22,627 [grpc-default-executor-0] INFO  impl.RaftServerProxy (RaftServerProxy.java:addNew(89)) - 9586c7e2-af3f-487f-89b7-bc8fbed5a611: addNew group-96A61ACC6F9D:[9586c7e2-af3f-487f-89b7-bc8fbed5a611:192.168.164.207:42132] returns group-96A61ACC6F9D:java.util.concurrent.CompletableFuture@3b0404f3[Not completed]
2019-09-25 04:52:22,628 [pool-167-thread-1] INFO  impl.RaftServerImpl (RaftServerImpl.java:<init>(95)) - 9586c7e2-af3f-487f-89b7-bc8fbed5a611: new RaftServerImpl for group-96A61ACC6F9D:[9586c7e2-af3f-487f-89b7-bc8fbed5a611:192.168.164.207:42132] with ContainerStateMachine:uninitialized
2019-09-25 04:52:22,629 [pool-167-thread-1] INFO  server.RaftServerConfigKeys (ConfUtils.java:logGet(43)) - raft.server.rpc.timeout.min = 5s (custom)
2019-09-25 04:52:22,629 [pool-167-thread-1] INFO  server.RaftServerConfigKeys (ConfUtils.java:logGet(43)) - raft.server.rpc.timeout.max = 5200ms (custom)
2019-09-25 04:52:22,629 [pool-167-thread-1] INFO  server.RaftServerConfigKeys (ConfUtils.java:logGet(43)) - raft.server.rpcslowness.timeout = 120s (custom)
2019-09-25 04:52:22,629 [pool-167-thread-1] INFO  server.RaftServerConfigKeys (ConfUtils.java:logGet(43)) - raft.server.sleep.deviation.threshold = 300 (default)
2019-09-25 04:52:22,629 [pool-167-thread-1] INFO  server.RaftServerConfigKeys (ConfUtils.java:logGet(43)) - raft.server.log.appender.install.snapshot.enabled = false (custom)
2019-09-25 04:52:22,629 [pool-167-thread-1] INFO  impl.RaftServerImpl (ServerState.java:<init>(103)) - 9586c7e2-af3f-487f-89b7-bc8fbed5a611@group-96A61ACC6F9D: ConfigurationManager, init=-1: [9586c7e2-af3f-487f-89b7-bc8fbed5a611:192.168.164.207:42132], old=null, confs=<EMPTY_MAP>
2019-09-25 04:52:22,629 [pool-167-thread-1] INFO  server.RaftServerConfigKeys (ConfUtils.java:logGet(43)) - raft.server.storage.dir = [/workdir/hadoop-ozone/integration-test/target/test-dir/MiniOzoneClusterImpl-d3c81739-79da-4dbe-9ced-b164d958c5b5/datanode-5/data/ratis] (custom)
2019-09-25 04:52:22,630 [pool-167-thread-1] INFO  storage.RaftStorageDirectory (RaftStorageDirectory.java:analyzeStorage(246)) - The storage directory /workdir/hadoop-ozone/integration-test/target/test-dir/MiniOzoneClusterImpl-d3c81739-79da-4dbe-9ced-b164d958c5b5/datanode-5/data/ratis/89070a00-bc5b-41cd-aff8-96a61acc6f9d does not exist. Creating ...
2019-09-25 04:52:22,643 [pool-167-thread-1] INFO  storage.RaftStorageDirectory (RaftStorageDirectory.java:tryLock(328)) - Lock on /workdir/hadoop-ozone/integration-test/target/test-dir/MiniOzoneClusterImpl-d3c81739-79da-4dbe-9ced-b164d958c5b5/datanode-5/data/ratis/89070a00-bc5b-41cd-aff8-96a61acc6f9d/in_use.lock acquired by nodename 13544@pr-hdds-1569-s44lr-3492059363
2019-09-25 04:52:22,656 [pool-167-thread-1] INFO  storage.RaftStorage (RaftStorage.java:format(72)) - Storage directory /workdir/hadoop-ozone/integration-test/target/test-dir/MiniOzoneClusterImpl-d3c81739-79da-4dbe-9ced-b164d958c5b5/datanode-5/data/ratis/89070a00-bc5b-41cd-aff8-96a61acc6f9d has been successfully formatted.
2019-09-25 04:52:22,656 [pool-167-thread-1] INFO  ratis.ContainerStateMachine (ContainerStateMachine.java:loadSnapshot(230)) - group-96A61ACC6F9D: The snapshot info is null. Setting the last applied indexto:(t:0, i:~)
2019-09-25 04:52:22,657 [pool-167-thread-1] INFO  server.RaftServerConfigKeys (ConfUtils.java:logGet(43)) - raft.server.notification.no-leader.timeout = 120s (custom)
2019-09-25 04:52:22,657 [pool-167-thread-1] INFO  server.RaftServerConfigKeys (ConfUtils.java:logGet(43)) - raft.server.log.use.memory = false (default)
2019-09-25 04:52:22,657 [pool-167-thread-1] INFO  server.RaftServerConfigKeys (ConfUtils.java:logGet(43)) - raft.server.log.purge.gap = 1000000 (custom)
2019-09-25 04:52:22,657 [pool-167-thread-1] INFO  server.RaftServerConfigKeys (ConfUtils.java:logGet(43)) - raft.server.log.appender.buffer.byte-limit = 33554432 (custom)
2019-09-25 04:52:22,657 [pool-167-thread-1] INFO  server.RaftServerConfigKeys (ConfUtils.java:logGet(43)) - raft.server.log.segment.size.max = 1048576 (custom)
2019-09-25 04:52:22,657 [pool-167-thread-1] INFO  server.RaftServerConfigKeys (ConfUtils.java:logGet(43)) - raft.server.log.segment.cache.num.max = 2 (custom)
2019-09-25 04:52:22,658 [pool-167-thread-1] INFO  segmented.SegmentedRaftLogWorker (SegmentedRaftLogWorker.java:<init>(172)) - new 9586c7e2-af3f-487f-89b7-bc8fbed5a611@group-96A61ACC6F9D-SegmentedRaftLogWorker for RaftStorage:Storage Directory /workdir/hadoop-ozone/integration-test/target/test-dir/MiniOzoneClusterImpl-d3c81739-79da-4dbe-9ced-b164d958c5b5/datanode-5/data/ratis/89070a00-bc5b-41cd-aff8-96a61acc6f9d
2019-09-25 04:52:22,658 [pool-167-thread-1] INFO  server.RaftServerConfigKeys (ConfUtils.java:logGet(43)) - raft.server.log.queue.byte-limit = 2147483647 (custom)
2019-09-25 04:52:22,658 [pool-167-thread-1] INFO  server.RaftServerConfigKeys (ConfUtils.java:logGet(43)) - raft.server.log.queue.element-limit = 1024 (custom)
2019-09-25 04:52:22,658 [pool-167-thread-1] INFO  server.RaftServerConfigKeys (ConfUtils.java:logGet(43)) - raft.server.log.segment.size.max = 1048576 (custom)
2019-09-25 04:52:22,658 [pool-167-thread-1] INFO  server.RaftServerConfigKeys (ConfUtils.java:logGet(43)) - raft.server.log.preallocated.size = 16384 (custom)
2019-09-25 04:52:22,658 [pool-167-thread-1] INFO  server.RaftServerConfigKeys (ConfUtils.java:logGet(43)) - raft.server.log.write.buffer.size = 33554432 (custom)
2019-09-25 04:52:22,659 [pool-167-thread-1] INFO  server.RaftServerConfigKeys (ConfUtils.java:logGet(43)) - raft.server.log.force.sync.num = 128 (default)
2019-09-25 04:52:22,659 [pool-167-thread-1] INFO  server.RaftServerConfigKeys (ConfUtils.java:logGet(43)) - raft.server.log.statemachine.data.sync = true (default)
2019-09-25 04:52:22,659 [pool-167-thread-1] INFO  server.RaftServerConfigKeys (ConfUtils.java:logGet(43)) - raft.server.log.statemachine.data.sync.timeout = 10s (default)
2019-09-25 04:52:22,659 [pool-167-thread-1] INFO  server.RaftServerConfigKeys (ConfUtils.java:logGet(43)) - raft.server.log.statemachine.data.sync.timeout.retry = -1 (default)
2019-09-25 04:52:22,659 [pool-167-thread-1] INFO  server.RaftServerConfigKeys (ConfUtils.java:logGet(43)) - raft.server.log.statemachine.data.caching.enabled = true (custom)
2019-09-25 04:52:22,660 [pool-167-thread-1] INFO  segmented.SegmentedRaftLogWorker (SegmentedRaftLogWorker.java:lambda$new$0(132)) - 9586c7e2-af3f-487f-89b7-bc8fbed5a611@group-96A61ACC6F9D-SegmentedRaftLogWorker: flushIndex: setUnconditionally 0 -> -1
2019-09-25 04:52:22,660 [pool-167-thread-1] INFO  server.RaftServerConfigKeys (ConfUtils.java:logGet(43)) - raft.server.snapshot.auto.trigger.enabled = true (custom)
2019-09-25 04:52:22,660 [pool-167-thread-1] INFO  server.RaftServerConfigKeys (ConfUtils.java:logGet(43)) - raft.server.snapshot.auto.trigger.threshold = 10000 (custom)
2019-09-25 04:52:22,660 [pool-167-thread-1] INFO  server.RaftServerConfigKeys (ConfUtils.java:logGet(43)) - raft.server.snapshot.retention.num.files = 5 (custom)
2019-09-25 04:52:22,660 [pool-167-thread-1] INFO  server.RaftServerConfigKeys (ConfUtils.java:logGet(43)) - raft.server.retrycache.expirytime = 600000ms (custom)
2019-09-25 04:52:22,663 [pool-167-thread-1] INFO  impl.RaftServerImpl (RaftServerImpl.java:start(185)) - 9586c7e2-af3f-487f-89b7-bc8fbed5a611@group-96A61ACC6F9D: start as a follower, conf=-1: [9586c7e2-af3f-487f-89b7-bc8fbed5a611:192.168.164.207:42132], old=null
2019-09-25 04:52:22,663 [pool-167-thread-1] INFO  impl.RaftServerImpl (RaftServerImpl.java:setRole(174)) - 9586c7e2-af3f-487f-89b7-bc8fbed5a611@group-96A61ACC6F9D: changes role from      null to FOLLOWER at term 0 for startAsFollower
2019-09-25 04:52:22,663 [pool-167-thread-1] INFO  impl.RoleInfo (RoleInfo.java:updateAndGet(143)) - 9586c7e2-af3f-487f-89b7-bc8fbed5a611: start FollowerState
2019-09-25 04:52:22,663 [pool-167-thread-1] INFO  util.JmxRegister (JmxRegister.java:tryRegister(44)) - Successfully registered JMX Bean with object name Ratis:service=RaftServer,group=group-96A61ACC6F9D,id=9586c7e2-af3f-487f-89b7-bc8fbed5a611
2019-09-25 04:52:22,666 [RatisPipelineUtilsThread] INFO  pipeline.PipelineStateManager (PipelineStateManager.java:addPipeline(56)) - Created pipeline Pipeline[ Id: 89070a00-bc5b-41cd-aff8-96a61acc6f9d, Nodes: 9586c7e2-af3f-487f-89b7-bc8fbed5a611{ip: 192.168.164.207, host: pr-hdds-1569-s44lr-3492059363, networkLocation: /default-rack, certSerialId: null}, Type:RATIS, Factor:ONE, State:OPEN]
2019-09-25 04:52:22,667 [RatisPipelineUtilsThread] INFO  pipeline.PipelinePlacementPolicy (PipelinePlacementPolicy.java:meetCriteria(91)) - Pipeline Placement: can't place more pipeline on heavy datanode： 4370308c-ceb4-49a9-9879-5927b69a5f85 Heaviness: 6 limit: 5
2019-09-25 04:52:22,667 [RatisPipelineUtilsThread] INFO  pipeline.PipelinePlacementPolicy (PipelinePlacementPolicy.java:meetCriteria(91)) - Pipeline Placement: can't place more pipeline on heavy datanode： bb4fa670-e092-4403-b4a0-776b8e3a297a Heaviness: 6 limit: 5
2019-09-25 04:52:22,667 [RatisPipelineUtilsThread] INFO  pipeline.PipelinePlacementPolicy (PipelinePlacementPolicy.java:meetCriteria(91)) - Pipeline Placement: can't place more pipeline on heavy datanode： 9586c7e2-af3f-487f-89b7-bc8fbed5a611 Heaviness: 6 limit: 5
2019-09-25 04:52:22,667 [RatisPipelineUtilsThread] INFO  pipeline.PipelinePlacementPolicy (PipelinePlacementPolicy.java:meetCriteria(91)) - Pipeline Placement: can't place more pipeline on heavy datanode： bcc74fd2-3a06-4539-867d-223a418d820d Heaviness: 6 limit: 5
2019-09-25 04:52:22,667 [RatisPipelineUtilsThread] INFO  pipeline.PipelinePlacementPolicy (PipelinePlacementPolicy.java:meetCriteria(91)) - Pipeline Placement: can't place more pipeline on heavy datanode： 94bde7ca-9af4-4c06-8221-a867c8f279fc Heaviness: 6 limit: 5
2019-09-25 04:52:22,667 [RatisPipelineUtilsThread] INFO  pipeline.PipelinePlacementPolicy (PipelinePlacementPolicy.java:meetCriteria(91)) - Pipeline Placement: can't place more pipeline on heavy datanode： 6a547602-9d9f-411f-a61b-6fc980fbe171 Heaviness: 6 limit: 5
2019-09-25 04:52:22,672 [grpc-default-executor-0] INFO  impl.RaftServerProxy (RaftServerProxy.java:addNew(89)) - f0026df0-5652-4d5b-84a4-ec6d3279302c: addNew group-CDF08840069C:[f0026df0-5652-4d5b-84a4-ec6d3279302c:192.168.164.207:40753] returns group-CDF08840069C:java.util.concurrent.CompletableFuture@5bd7e1ce[Not completed]
2019-09-25 04:52:22,673 [pool-177-thread-1] INFO  impl.RaftServerImpl (RaftServerImpl.java:<init>(95)) - f0026df0-5652-4d5b-84a4-ec6d3279302c: new RaftServerImpl for group-CDF08840069C:[f0026df0-5652-4d5b-84a4-ec6d3279302c:192.168.164.207:40753] with ContainerStateMachine:uninitialized
2019-09-25 04:52:22,674 [pool-177-thread-1] INFO  server.RaftServerConfigKeys (ConfUtils.java:logGet(43)) - raft.server.rpc.timeout.min = 5s (custom)
2019-09-25 04:52:22,674 [pool-177-thread-1] INFO  server.RaftServerConfigKeys (ConfUtils.java:logGet(43)) - raft.server.rpc.timeout.max = 5200ms (custom)
2019-09-25 04:52:22,674 [pool-177-thread-1] INFO  server.RaftServerConfigKeys (ConfUtils.java:logGet(43)) - raft.server.rpcslowness.timeout = 120s (custom)
2019-09-25 04:52:22,674 [pool-177-thread-1] INFO  server.RaftServerConfigKeys (ConfUtils.java:logGet(43)) - raft.server.sleep.deviation.threshold = 300 (default)
2019-09-25 04:52:22,674 [pool-177-thread-1] INFO  server.RaftServerConfigKeys (ConfUtils.java:logGet(43)) - raft.server.log.appender.install.snapshot.enabled = false (custom)
2019-09-25 04:52:22,674 [pool-177-thread-1] INFO  impl.RaftServerImpl (ServerState.java:<init>(103)) - f0026df0-5652-4d5b-84a4-ec6d3279302c@group-CDF08840069C: ConfigurationManager, init=-1: [f0026df0-5652-4d5b-84a4-ec6d3279302c:192.168.164.207:40753], old=null, confs=<EMPTY_MAP>
2019-09-25 04:52:22,674 [pool-177-thread-1] INFO  server.RaftServerConfigKeys (ConfUtils.java:logGet(43)) - raft.server.storage.dir = [/workdir/hadoop-ozone/integration-test/target/test-dir/MiniOzoneClusterImpl-d3c81739-79da-4dbe-9ced-b164d958c5b5/datanode-6/data/ratis] (custom)
2019-09-25 04:52:22,675 [pool-177-thread-1] INFO  storage.RaftStorageDirectory (RaftStorageDirectory.java:analyzeStorage(246)) - The storage directory /workdir/hadoop-ozone/integration-test/target/test-dir/MiniOzoneClusterImpl-d3c81739-79da-4dbe-9ced-b164d958c5b5/datanode-6/data/ratis/6b45ad3b-18da-4302-8fd1-cdf08840069c does not exist. Creating ...
2019-09-25 04:52:22,695 [pool-177-thread-1] INFO  storage.RaftStorageDirectory (RaftStorageDirectory.java:tryLock(328)) - Lock on /workdir/hadoop-ozone/integration-test/target/test-dir/MiniOzoneClusterImpl-d3c81739-79da-4dbe-9ced-b164d958c5b5/datanode-6/data/ratis/6b45ad3b-18da-4302-8fd1-cdf08840069c/in_use.lock acquired by nodename 13544@pr-hdds-1569-s44lr-3492059363
2019-09-25 04:52:22,708 [pool-177-thread-1] INFO  storage.RaftStorage (RaftStorage.java:format(72)) - Storage directory /workdir/hadoop-ozone/integration-test/target/test-dir/MiniOzoneClusterImpl-d3c81739-79da-4dbe-9ced-b164d958c5b5/datanode-6/data/ratis/6b45ad3b-18da-4302-8fd1-cdf08840069c has been successfully formatted.
2019-09-25 04:52:22,709 [pool-177-thread-1] INFO  ratis.ContainerStateMachine (ContainerStateMachine.java:loadSnapshot(230)) - group-CDF08840069C: The snapshot info is null. Setting the last applied indexto:(t:0, i:~)
2019-09-25 04:52:22,709 [pool-177-thread-1] INFO  server.RaftServerConfigKeys (ConfUtils.java:logGet(43)) - raft.server.notification.no-leader.timeout = 120s (custom)
2019-09-25 04:52:22,709 [pool-177-thread-1] INFO  server.RaftServerConfigKeys (ConfUtils.java:logGet(43)) - raft.server.log.use.memory = false (default)
2019-09-25 04:52:22,709 [pool-177-thread-1] INFO  server.RaftServerConfigKeys (ConfUtils.java:logGet(43)) - raft.server.log.purge.gap = 1000000 (custom)
2019-09-25 04:52:22,709 [pool-177-thread-1] INFO  server.RaftServerConfigKeys (ConfUtils.java:logGet(43)) - raft.server.log.appender.buffer.byte-limit = 33554432 (custom)
2019-09-25 04:52:22,709 [pool-177-thread-1] INFO  server.RaftServerConfigKeys (ConfUtils.java:logGet(43)) - raft.server.log.segment.size.max = 1048576 (custom)
2019-09-25 04:52:22,710 [pool-177-thread-1] INFO  server.RaftServerConfigKeys (ConfUtils.java:logGet(43)) - raft.server.log.segment.cache.num.max = 2 (custom)
2019-09-25 04:52:22,710 [pool-177-thread-1] INFO  segmented.SegmentedRaftLogWorker (SegmentedRaftLogWorker.java:<init>(172)) - new f0026df0-5652-4d5b-84a4-ec6d3279302c@group-CDF08840069C-SegmentedRaftLogWorker for RaftStorage:Storage Directory /workdir/hadoop-ozone/integration-test/target/test-dir/MiniOzoneClusterImpl-d3c81739-79da-4dbe-9ced-b164d958c5b5/datanode-6/data/ratis/6b45ad3b-18da-4302-8fd1-cdf08840069c
2019-09-25 04:52:22,710 [pool-177-thread-1] INFO  server.RaftServerConfigKeys (ConfUtils.java:logGet(43)) - raft.server.log.queue.byte-limit = 2147483647 (custom)
2019-09-25 04:52:22,710 [pool-177-thread-1] INFO  server.RaftServerConfigKeys (ConfUtils.java:logGet(43)) - raft.server.log.queue.element-limit = 1024 (custom)
2019-09-25 04:52:22,710 [pool-177-thread-1] INFO  server.RaftServerConfigKeys (ConfUtils.java:logGet(43)) - raft.server.log.segment.size.max = 1048576 (custom)
2019-09-25 04:52:22,710 [pool-177-thread-1] INFO  server.RaftServerConfigKeys (ConfUtils.java:logGet(43)) - raft.server.log.preallocated.size = 16384 (custom)
2019-09-25 04:52:22,711 [pool-177-thread-1] INFO  server.RaftServerConfigKeys (ConfUtils.java:logGet(43)) - raft.server.log.write.buffer.size = 33554432 (custom)
2019-09-25 04:52:22,711 [pool-177-thread-1] INFO  server.RaftServerConfigKeys (ConfUtils.java:logGet(43)) - raft.server.log.force.sync.num = 128 (default)
2019-09-25 04:52:22,711 [pool-177-thread-1] INFO  server.RaftServerConfigKeys (ConfUtils.java:logGet(43)) - raft.server.log.statemachine.data.sync = true (default)
2019-09-25 04:52:22,711 [pool-177-thread-1] INFO  server.RaftServerConfigKeys (ConfUtils.java:logGet(43)) - raft.server.log.statemachine.data.sync.timeout = 10s (default)
2019-09-25 04:52:22,711 [pool-177-thread-1] INFO  server.RaftServerConfigKeys (ConfUtils.java:logGet(43)) - raft.server.log.statemachine.data.sync.timeout.retry = -1 (default)
2019-09-25 04:52:22,712 [pool-177-thread-1] INFO  server.RaftServerConfigKeys (ConfUtils.java:logGet(43)) - raft.server.log.statemachine.data.caching.enabled = true (custom)
2019-09-25 04:52:22,712 [pool-177-thread-1] INFO  segmented.SegmentedRaftLogWorker (SegmentedRaftLogWorker.java:lambda$new$0(132)) - f0026df0-5652-4d5b-84a4-ec6d3279302c@group-CDF08840069C-SegmentedRaftLogWorker: flushIndex: setUnconditionally 0 -> -1
2019-09-25 04:52:22,712 [pool-177-thread-1] INFO  server.RaftServerConfigKeys (ConfUtils.java:logGet(43)) - raft.server.snapshot.auto.trigger.enabled = true (custom)
2019-09-25 04:52:22,713 [pool-177-thread-1] INFO  server.RaftServerConfigKeys (ConfUtils.java:logGet(43)) - raft.server.snapshot.auto.trigger.threshold = 10000 (custom)
2019-09-25 04:52:22,713 [pool-177-thread-1] INFO  server.RaftServerConfigKeys (ConfUtils.java:logGet(43)) - raft.server.snapshot.retention.num.files = 5 (custom)
2019-09-25 04:52:22,713 [pool-177-thread-1] INFO  server.RaftServerConfigKeys (ConfUtils.java:logGet(43)) - raft.server.retrycache.expirytime = 600000ms (custom)
2019-09-25 04:52:22,715 [pool-177-thread-1] INFO  impl.RaftServerImpl (RaftServerImpl.java:start(185)) - f0026df0-5652-4d5b-84a4-ec6d3279302c@group-CDF08840069C: start as a follower, conf=-1: [f0026df0-5652-4d5b-84a4-ec6d3279302c:192.168.164.207:40753], old=null
2019-09-25 04:52:22,715 [pool-177-thread-1] INFO  impl.RaftServerImpl (RaftServerImpl.java:setRole(174)) - f0026df0-5652-4d5b-84a4-ec6d3279302c@group-CDF08840069C: changes role from      null to FOLLOWER at term 0 for startAsFollower
2019-09-25 04:52:22,715 [pool-177-thread-1] INFO  impl.RoleInfo (RoleInfo.java:updateAndGet(143)) - f0026df0-5652-4d5b-84a4-ec6d3279302c: start FollowerState
2019-09-25 04:52:22,716 [pool-177-thread-1] INFO  util.JmxRegister (JmxRegister.java:tryRegister(44)) - Successfully registered JMX Bean with object name Ratis:service=RaftServer,group=group-CDF08840069C,id=f0026df0-5652-4d5b-84a4-ec6d3279302c
2019-09-25 04:52:22,718 [RatisPipelineUtilsThread] INFO  pipeline.PipelineStateManager (PipelineStateManager.java:addPipeline(56)) - Created pipeline Pipeline[ Id: 6b45ad3b-18da-4302-8fd1-cdf08840069c, Nodes: f0026df0-5652-4d5b-84a4-ec6d3279302c{ip: 192.168.164.207, host: pr-hdds-1569-s44lr-3492059363, networkLocation: /default-rack, certSerialId: null}, Type:RATIS, Factor:ONE, State:OPEN]
2019-09-25 04:52:22,719 [RatisPipelineUtilsThread] INFO  pipeline.PipelinePlacementPolicy (PipelinePlacementPolicy.java:meetCriteria(91)) - Pipeline Placement: can't place more pipeline on heavy datanode： 4370308c-ceb4-49a9-9879-5927b69a5f85 Heaviness: 6 limit: 5
2019-09-25 04:52:22,719 [RatisPipelineUtilsThread] INFO  pipeline.PipelinePlacementPolicy (PipelinePlacementPolicy.java:meetCriteria(91)) - Pipeline Placement: can't place more pipeline on heavy datanode： bb4fa670-e092-4403-b4a0-776b8e3a297a Heaviness: 6 limit: 5
2019-09-25 04:52:22,719 [RatisPipelineUtilsThread] INFO  pipeline.PipelinePlacementPolicy (PipelinePlacementPolicy.java:meetCriteria(91)) - Pipeline Placement: can't place more pipeline on heavy datanode： 9586c7e2-af3f-487f-89b7-bc8fbed5a611 Heaviness: 6 limit: 5
2019-09-25 04:52:22,719 [RatisPipelineUtilsThread] INFO  pipeline.PipelinePlacementPolicy (PipelinePlacementPolicy.java:meetCriteria(91)) - Pipeline Placement: can't place more pipeline on heavy datanode： bcc74fd2-3a06-4539-867d-223a418d820d Heaviness: 6 limit: 5
2019-09-25 04:52:22,719 [RatisPipelineUtilsThread] INFO  pipeline.PipelinePlacementPolicy (PipelinePlacementPolicy.java:meetCriteria(91)) - Pipeline Placement: can't place more pipeline on heavy datanode： 94bde7ca-9af4-4c06-8221-a867c8f279fc Heaviness: 6 limit: 5
2019-09-25 04:52:22,720 [RatisPipelineUtilsThread] INFO  pipeline.PipelinePlacementPolicy (PipelinePlacementPolicy.java:meetCriteria(91)) - Pipeline Placement: can't place more pipeline on heavy datanode： 6a547602-9d9f-411f-a61b-6fc980fbe171 Heaviness: 6 limit: 5
2019-09-25 04:52:22,725 [grpc-default-executor-0] INFO  impl.RaftServerProxy (RaftServerProxy.java:addNew(89)) - f0026df0-5652-4d5b-84a4-ec6d3279302c: addNew group-323F57BC2C45:[f0026df0-5652-4d5b-84a4-ec6d3279302c:192.168.164.207:40753] returns group-323F57BC2C45:java.util.concurrent.CompletableFuture@481675c7[Not completed]
2019-09-25 04:52:22,726 [pool-177-thread-1] INFO  impl.RaftServerImpl (RaftServerImpl.java:<init>(95)) - f0026df0-5652-4d5b-84a4-ec6d3279302c: new RaftServerImpl for group-323F57BC2C45:[f0026df0-5652-4d5b-84a4-ec6d3279302c:192.168.164.207:40753] with ContainerStateMachine:uninitialized
2019-09-25 04:52:22,727 [pool-177-thread-1] INFO  server.RaftServerConfigKeys (ConfUtils.java:logGet(43)) - raft.server.rpc.timeout.min = 5s (custom)
2019-09-25 04:52:22,727 [pool-177-thread-1] INFO  server.RaftServerConfigKeys (ConfUtils.java:logGet(43)) - raft.server.rpc.timeout.max = 5200ms (custom)
2019-09-25 04:52:22,727 [pool-177-thread-1] INFO  server.RaftServerConfigKeys (ConfUtils.java:logGet(43)) - raft.server.rpcslowness.timeout = 120s (custom)
2019-09-25 04:52:22,727 [pool-177-thread-1] INFO  server.RaftServerConfigKeys (ConfUtils.java:logGet(43)) - raft.server.sleep.deviation.threshold = 300 (default)
2019-09-25 04:52:22,727 [pool-177-thread-1] INFO  server.RaftServerConfigKeys (ConfUtils.java:logGet(43)) - raft.server.log.appender.install.snapshot.enabled = false (custom)
2019-09-25 04:52:22,727 [pool-177-thread-1] INFO  impl.RaftServerImpl (ServerState.java:<init>(103)) - f0026df0-5652-4d5b-84a4-ec6d3279302c@group-323F57BC2C45: ConfigurationManager, init=-1: [f0026df0-5652-4d5b-84a4-ec6d3279302c:192.168.164.207:40753], old=null, confs=<EMPTY_MAP>
2019-09-25 04:52:22,728 [pool-177-thread-1] INFO  server.RaftServerConfigKeys (ConfUtils.java:logGet(43)) - raft.server.storage.dir = [/workdir/hadoop-ozone/integration-test/target/test-dir/MiniOzoneClusterImpl-d3c81739-79da-4dbe-9ced-b164d958c5b5/datanode-6/data/ratis] (custom)
2019-09-25 04:52:22,728 [pool-177-thread-1] INFO  storage.RaftStorageDirectory (RaftStorageDirectory.java:analyzeStorage(246)) - The storage directory /workdir/hadoop-ozone/integration-test/target/test-dir/MiniOzoneClusterImpl-d3c81739-79da-4dbe-9ced-b164d958c5b5/datanode-6/data/ratis/bdb27679-f2a0-497a-8d76-323f57bc2c45 does not exist. Creating ...
2019-09-25 04:52:22,741 [pool-177-thread-1] INFO  storage.RaftStorageDirectory (RaftStorageDirectory.java:tryLock(328)) - Lock on /workdir/hadoop-ozone/integration-test/target/test-dir/MiniOzoneClusterImpl-d3c81739-79da-4dbe-9ced-b164d958c5b5/datanode-6/data/ratis/bdb27679-f2a0-497a-8d76-323f57bc2c45/in_use.lock acquired by nodename 13544@pr-hdds-1569-s44lr-3492059363
2019-09-25 04:52:22,754 [pool-177-thread-1] INFO  storage.RaftStorage (RaftStorage.java:format(72)) - Storage directory /workdir/hadoop-ozone/integration-test/target/test-dir/MiniOzoneClusterImpl-d3c81739-79da-4dbe-9ced-b164d958c5b5/datanode-6/data/ratis/bdb27679-f2a0-497a-8d76-323f57bc2c45 has been successfully formatted.
2019-09-25 04:52:22,754 [pool-177-thread-1] INFO  ratis.ContainerStateMachine (ContainerStateMachine.java:loadSnapshot(230)) - group-323F57BC2C45: The snapshot info is null. Setting the last applied indexto:(t:0, i:~)
2019-09-25 04:52:22,754 [pool-177-thread-1] INFO  server.RaftServerConfigKeys (ConfUtils.java:logGet(43)) - raft.server.notification.no-leader.timeout = 120s (custom)
2019-09-25 04:52:22,755 [pool-177-thread-1] INFO  server.RaftServerConfigKeys (ConfUtils.java:logGet(43)) - raft.server.log.use.memory = false (default)
2019-09-25 04:52:22,755 [pool-177-thread-1] INFO  server.RaftServerConfigKeys (ConfUtils.java:logGet(43)) - raft.server.log.purge.gap = 1000000 (custom)
2019-09-25 04:52:22,755 [pool-177-thread-1] INFO  server.RaftServerConfigKeys (ConfUtils.java:logGet(43)) - raft.server.log.appender.buffer.byte-limit = 33554432 (custom)
2019-09-25 04:52:22,755 [pool-177-thread-1] INFO  server.RaftServerConfigKeys (ConfUtils.java:logGet(43)) - raft.server.log.segment.size.max = 1048576 (custom)
2019-09-25 04:52:22,755 [pool-177-thread-1] INFO  server.RaftServerConfigKeys (ConfUtils.java:logGet(43)) - raft.server.log.segment.cache.num.max = 2 (custom)
2019-09-25 04:52:22,755 [pool-177-thread-1] INFO  segmented.SegmentedRaftLogWorker (SegmentedRaftLogWorker.java:<init>(172)) - new f0026df0-5652-4d5b-84a4-ec6d3279302c@group-323F57BC2C45-SegmentedRaftLogWorker for RaftStorage:Storage Directory /workdir/hadoop-ozone/integration-test/target/test-dir/MiniOzoneClusterImpl-d3c81739-79da-4dbe-9ced-b164d958c5b5/datanode-6/data/ratis/bdb27679-f2a0-497a-8d76-323f57bc2c45
2019-09-25 04:52:22,755 [pool-177-thread-1] INFO  server.RaftServerConfigKeys (ConfUtils.java:logGet(43)) - raft.server.log.queue.byte-limit = 2147483647 (custom)
2019-09-25 04:52:22,756 [pool-177-thread-1] INFO  server.RaftServerConfigKeys (ConfUtils.java:logGet(43)) - raft.server.log.queue.element-limit = 1024 (custom)
2019-09-25 04:52:22,756 [pool-177-thread-1] INFO  server.RaftServerConfigKeys (ConfUtils.java:logGet(43)) - raft.server.log.segment.size.max = 1048576 (custom)
2019-09-25 04:52:22,756 [pool-177-thread-1] INFO  server.RaftServerConfigKeys (ConfUtils.java:logGet(43)) - raft.server.log.preallocated.size = 16384 (custom)
2019-09-25 04:52:22,756 [pool-177-thread-1] INFO  server.RaftServerConfigKeys (ConfUtils.java:logGet(43)) - raft.server.log.write.buffer.size = 33554432 (custom)
2019-09-25 04:52:22,756 [pool-177-thread-1] INFO  server.RaftServerConfigKeys (ConfUtils.java:logGet(43)) - raft.server.log.force.sync.num = 128 (default)
2019-09-25 04:52:22,756 [pool-177-thread-1] INFO  server.RaftServerConfigKeys (ConfUtils.java:logGet(43)) - raft.server.log.statemachine.data.sync = true (default)
2019-09-25 04:52:22,756 [pool-177-thread-1] INFO  server.RaftServerConfigKeys (ConfUtils.java:logGet(43)) - raft.server.log.statemachine.data.sync.timeout = 10s (default)
2019-09-25 04:52:22,757 [pool-177-thread-1] INFO  server.RaftServerConfigKeys (ConfUtils.java:logGet(43)) - raft.server.log.statemachine.data.sync.timeout.retry = -1 (default)
2019-09-25 04:52:22,757 [pool-177-thread-1] INFO  server.RaftServerConfigKeys (ConfUtils.java:logGet(43)) - raft.server.log.statemachine.data.caching.enabled = true (custom)
2019-09-25 04:52:22,757 [pool-177-thread-1] INFO  segmented.SegmentedRaftLogWorker (SegmentedRaftLogWorker.java:lambda$new$0(132)) - f0026df0-5652-4d5b-84a4-ec6d3279302c@group-323F57BC2C45-SegmentedRaftLogWorker: flushIndex: setUnconditionally 0 -> -1
2019-09-25 04:52:22,757 [pool-177-thread-1] INFO  server.RaftServerConfigKeys (ConfUtils.java:logGet(43)) - raft.server.snapshot.auto.trigger.enabled = true (custom)
2019-09-25 04:52:22,758 [pool-177-thread-1] INFO  server.RaftServerConfigKeys (ConfUtils.java:logGet(43)) - raft.server.snapshot.auto.trigger.threshold = 10000 (custom)
2019-09-25 04:52:22,758 [pool-177-thread-1] INFO  server.RaftServerConfigKeys (ConfUtils.java:logGet(43)) - raft.server.snapshot.retention.num.files = 5 (custom)
2019-09-25 04:52:22,758 [pool-177-thread-1] INFO  server.RaftServerConfigKeys (ConfUtils.java:logGet(43)) - raft.server.retrycache.expirytime = 600000ms (custom)
2019-09-25 04:52:22,760 [pool-177-thread-1] INFO  impl.RaftServerImpl (RaftServerImpl.java:start(185)) - f0026df0-5652-4d5b-84a4-ec6d3279302c@group-323F57BC2C45: start as a follower, conf=-1: [f0026df0-5652-4d5b-84a4-ec6d3279302c:192.168.164.207:40753], old=null
2019-09-25 04:52:22,760 [pool-177-thread-1] INFO  impl.RaftServerImpl (RaftServerImpl.java:setRole(174)) - f0026df0-5652-4d5b-84a4-ec6d3279302c@group-323F57BC2C45: changes role from      null to FOLLOWER at term 0 for startAsFollower
2019-09-25 04:52:22,760 [pool-177-thread-1] INFO  impl.RoleInfo (RoleInfo.java:updateAndGet(143)) - f0026df0-5652-4d5b-84a4-ec6d3279302c: start FollowerState
2019-09-25 04:52:22,760 [pool-177-thread-1] INFO  util.JmxRegister (JmxRegister.java:tryRegister(44)) - Successfully registered JMX Bean with object name Ratis:service=RaftServer,group=group-323F57BC2C45,id=f0026df0-5652-4d5b-84a4-ec6d3279302c
2019-09-25 04:52:22,763 [RatisPipelineUtilsThread] INFO  pipeline.PipelineStateManager (PipelineStateManager.java:addPipeline(56)) - Created pipeline Pipeline[ Id: bdb27679-f2a0-497a-8d76-323f57bc2c45, Nodes: f0026df0-5652-4d5b-84a4-ec6d3279302c{ip: 192.168.164.207, host: pr-hdds-1569-s44lr-3492059363, networkLocation: /default-rack, certSerialId: null}, Type:RATIS, Factor:ONE, State:OPEN]
2019-09-25 04:52:22,763 [RatisPipelineUtilsThread] INFO  pipeline.PipelinePlacementPolicy (PipelinePlacementPolicy.java:meetCriteria(91)) - Pipeline Placement: can't place more pipeline on heavy datanode： 4370308c-ceb4-49a9-9879-5927b69a5f85 Heaviness: 6 limit: 5
2019-09-25 04:52:22,763 [RatisPipelineUtilsThread] INFO  pipeline.PipelinePlacementPolicy (PipelinePlacementPolicy.java:meetCriteria(91)) - Pipeline Placement: can't place more pipeline on heavy datanode： bb4fa670-e092-4403-b4a0-776b8e3a297a Heaviness: 6 limit: 5
2019-09-25 04:52:22,763 [RatisPipelineUtilsThread] INFO  pipeline.PipelinePlacementPolicy (PipelinePlacementPolicy.java:meetCriteria(91)) - Pipeline Placement: can't place more pipeline on heavy datanode： 9586c7e2-af3f-487f-89b7-bc8fbed5a611 Heaviness: 6 limit: 5
2019-09-25 04:52:22,764 [RatisPipelineUtilsThread] INFO  pipeline.PipelinePlacementPolicy (PipelinePlacementPolicy.java:meetCriteria(91)) - Pipeline Placement: can't place more pipeline on heavy datanode： bcc74fd2-3a06-4539-867d-223a418d820d Heaviness: 6 limit: 5
2019-09-25 04:52:22,764 [RatisPipelineUtilsThread] INFO  pipeline.PipelinePlacementPolicy (PipelinePlacementPolicy.java:meetCriteria(91)) - Pipeline Placement: can't place more pipeline on heavy datanode： 94bde7ca-9af4-4c06-8221-a867c8f279fc Heaviness: 6 limit: 5
2019-09-25 04:52:22,764 [RatisPipelineUtilsThread] INFO  pipeline.PipelinePlacementPolicy (PipelinePlacementPolicy.java:meetCriteria(91)) - Pipeline Placement: can't place more pipeline on heavy datanode： 6a547602-9d9f-411f-a61b-6fc980fbe171 Heaviness: 6 limit: 5
2019-09-25 04:52:22,769 [grpc-default-executor-0] INFO  impl.RaftServerProxy (RaftServerProxy.java:addNew(89)) - f0026df0-5652-4d5b-84a4-ec6d3279302c: addNew group-C05106C75EAC:[f0026df0-5652-4d5b-84a4-ec6d3279302c:192.168.164.207:40753] returns group-C05106C75EAC:java.util.concurrent.CompletableFuture@1646be0f[Not completed]
2019-09-25 04:52:22,770 [pool-177-thread-1] INFO  impl.RaftServerImpl (RaftServerImpl.java:<init>(95)) - f0026df0-5652-4d5b-84a4-ec6d3279302c: new RaftServerImpl for group-C05106C75EAC:[f0026df0-5652-4d5b-84a4-ec6d3279302c:192.168.164.207:40753] with ContainerStateMachine:uninitialized
2019-09-25 04:52:22,770 [pool-177-thread-1] INFO  server.RaftServerConfigKeys (ConfUtils.java:logGet(43)) - raft.server.rpc.timeout.min = 5s (custom)
2019-09-25 04:52:22,770 [pool-177-thread-1] INFO  server.RaftServerConfigKeys (ConfUtils.java:logGet(43)) - raft.server.rpc.timeout.max = 5200ms (custom)
2019-09-25 04:52:22,770 [pool-177-thread-1] INFO  server.RaftServerConfigKeys (ConfUtils.java:logGet(43)) - raft.server.rpcslowness.timeout = 120s (custom)
2019-09-25 04:52:22,770 [pool-177-thread-1] INFO  server.RaftServerConfigKeys (ConfUtils.java:logGet(43)) - raft.server.sleep.deviation.threshold = 300 (default)
2019-09-25 04:52:22,771 [pool-177-thread-1] INFO  server.RaftServerConfigKeys (ConfUtils.java:logGet(43)) - raft.server.log.appender.install.snapshot.enabled = false (custom)
2019-09-25 04:52:22,771 [pool-177-thread-1] INFO  impl.RaftServerImpl (ServerState.java:<init>(103)) - f0026df0-5652-4d5b-84a4-ec6d3279302c@group-C05106C75EAC: ConfigurationManager, init=-1: [f0026df0-5652-4d5b-84a4-ec6d3279302c:192.168.164.207:40753], old=null, confs=<EMPTY_MAP>
2019-09-25 04:52:22,771 [pool-177-thread-1] INFO  server.RaftServerConfigKeys (ConfUtils.java:logGet(43)) - raft.server.storage.dir = [/workdir/hadoop-ozone/integration-test/target/test-dir/MiniOzoneClusterImpl-d3c81739-79da-4dbe-9ced-b164d958c5b5/datanode-6/data/ratis] (custom)
2019-09-25 04:52:22,771 [pool-177-thread-1] INFO  storage.RaftStorageDirectory (RaftStorageDirectory.java:analyzeStorage(246)) - The storage directory /workdir/hadoop-ozone/integration-test/target/test-dir/MiniOzoneClusterImpl-d3c81739-79da-4dbe-9ced-b164d958c5b5/datanode-6/data/ratis/1cb8b0f4-ff8f-47ba-a6ae-c05106c75eac does not exist. Creating ...
2019-09-25 04:52:22,783 [pool-177-thread-1] INFO  storage.RaftStorageDirectory (RaftStorageDirectory.java:tryLock(328)) - Lock on /workdir/hadoop-ozone/integration-test/target/test-dir/MiniOzoneClusterImpl-d3c81739-79da-4dbe-9ced-b164d958c5b5/datanode-6/data/ratis/1cb8b0f4-ff8f-47ba-a6ae-c05106c75eac/in_use.lock acquired by nodename 13544@pr-hdds-1569-s44lr-3492059363
2019-09-25 04:52:22,787 [pool-177-thread-1] INFO  storage.RaftStorage (RaftStorage.java:format(72)) - Storage directory /workdir/hadoop-ozone/integration-test/target/test-dir/MiniOzoneClusterImpl-d3c81739-79da-4dbe-9ced-b164d958c5b5/datanode-6/data/ratis/1cb8b0f4-ff8f-47ba-a6ae-c05106c75eac has been successfully formatted.
2019-09-25 04:52:22,787 [pool-177-thread-1] INFO  ratis.ContainerStateMachine (ContainerStateMachine.java:loadSnapshot(230)) - group-C05106C75EAC: The snapshot info is null. Setting the last applied indexto:(t:0, i:~)
2019-09-25 04:52:22,787 [pool-177-thread-1] INFO  server.RaftServerConfigKeys (ConfUtils.java:logGet(43)) - raft.server.notification.no-leader.timeout = 120s (custom)
2019-09-25 04:52:22,787 [pool-177-thread-1] INFO  server.RaftServerConfigKeys (ConfUtils.java:logGet(43)) - raft.server.log.use.memory = false (default)
2019-09-25 04:52:22,787 [pool-177-thread-1] INFO  server.RaftServerConfigKeys (ConfUtils.java:logGet(43)) - raft.server.log.purge.gap = 1000000 (custom)
2019-09-25 04:52:22,787 [pool-177-thread-1] INFO  server.RaftServerConfigKeys (ConfUtils.java:logGet(43)) - raft.server.log.appender.buffer.byte-limit = 33554432 (custom)
2019-09-25 04:52:22,788 [pool-177-thread-1] INFO  server.RaftServerConfigKeys (ConfUtils.java:logGet(43)) - raft.server.log.segment.size.max = 1048576 (custom)
2019-09-25 04:52:22,788 [pool-177-thread-1] INFO  server.RaftServerConfigKeys (ConfUtils.java:logGet(43)) - raft.server.log.segment.cache.num.max = 2 (custom)
2019-09-25 04:52:22,788 [pool-177-thread-1] INFO  segmented.SegmentedRaftLogWorker (SegmentedRaftLogWorker.java:<init>(172)) - new f0026df0-5652-4d5b-84a4-ec6d3279302c@group-C05106C75EAC-SegmentedRaftLogWorker for RaftStorage:Storage Directory /workdir/hadoop-ozone/integration-test/target/test-dir/MiniOzoneClusterImpl-d3c81739-79da-4dbe-9ced-b164d958c5b5/datanode-6/data/ratis/1cb8b0f4-ff8f-47ba-a6ae-c05106c75eac
2019-09-25 04:52:22,788 [pool-177-thread-1] INFO  server.RaftServerConfigKeys (ConfUtils.java:logGet(43)) - raft.server.log.queue.byte-limit = 2147483647 (custom)
2019-09-25 04:52:22,788 [pool-177-thread-1] INFO  server.RaftServerConfigKeys (ConfUtils.java:logGet(43)) - raft.server.log.queue.element-limit = 1024 (custom)
2019-09-25 04:52:22,788 [pool-177-thread-1] INFO  server.RaftServerConfigKeys (ConfUtils.java:logGet(43)) - raft.server.log.segment.size.max = 1048576 (custom)
2019-09-25 04:52:22,789 [pool-177-thread-1] INFO  server.RaftServerConfigKeys (ConfUtils.java:logGet(43)) - raft.server.log.preallocated.size = 16384 (custom)
2019-09-25 04:52:22,789 [pool-177-thread-1] INFO  server.RaftServerConfigKeys (ConfUtils.java:logGet(43)) - raft.server.log.write.buffer.size = 33554432 (custom)
2019-09-25 04:52:22,789 [pool-177-thread-1] INFO  server.RaftServerConfigKeys (ConfUtils.java:logGet(43)) - raft.server.log.force.sync.num = 128 (default)
2019-09-25 04:52:22,789 [pool-177-thread-1] INFO  server.RaftServerConfigKeys (ConfUtils.java:logGet(43)) - raft.server.log.statemachine.data.sync = true (default)
2019-09-25 04:52:22,789 [pool-177-thread-1] INFO  server.RaftServerConfigKeys (ConfUtils.java:logGet(43)) - raft.server.log.statemachine.data.sync.timeout = 10s (default)
2019-09-25 04:52:22,789 [pool-177-thread-1] INFO  server.RaftServerConfigKeys (ConfUtils.java:logGet(43)) - raft.server.log.statemachine.data.sync.timeout.retry = -1 (default)
2019-09-25 04:52:22,789 [pool-177-thread-1] INFO  server.RaftServerConfigKeys (ConfUtils.java:logGet(43)) - raft.server.log.statemachine.data.caching.enabled = true (custom)
2019-09-25 04:52:22,790 [pool-177-thread-1] INFO  segmented.SegmentedRaftLogWorker (SegmentedRaftLogWorker.java:lambda$new$0(132)) - f0026df0-5652-4d5b-84a4-ec6d3279302c@group-C05106C75EAC-SegmentedRaftLogWorker: flushIndex: setUnconditionally 0 -> -1
2019-09-25 04:52:22,790 [pool-177-thread-1] INFO  server.RaftServerConfigKeys (ConfUtils.java:logGet(43)) - raft.server.snapshot.auto.trigger.enabled = true (custom)
2019-09-25 04:52:22,790 [pool-177-thread-1] INFO  server.RaftServerConfigKeys (ConfUtils.java:logGet(43)) - raft.server.snapshot.auto.trigger.threshold = 10000 (custom)
2019-09-25 04:52:22,790 [pool-177-thread-1] INFO  server.RaftServerConfigKeys (ConfUtils.java:logGet(43)) - raft.server.snapshot.retention.num.files = 5 (custom)
2019-09-25 04:52:22,790 [pool-177-thread-1] INFO  server.RaftServerConfigKeys (ConfUtils.java:logGet(43)) - raft.server.retrycache.expirytime = 600000ms (custom)
2019-09-25 04:52:22,792 [pool-177-thread-1] INFO  impl.RaftServerImpl (RaftServerImpl.java:start(185)) - f0026df0-5652-4d5b-84a4-ec6d3279302c@group-C05106C75EAC: start as a follower, conf=-1: [f0026df0-5652-4d5b-84a4-ec6d3279302c:192.168.164.207:40753], old=null
2019-09-25 04:52:22,792 [pool-177-thread-1] INFO  impl.RaftServerImpl (RaftServerImpl.java:setRole(174)) - f0026df0-5652-4d5b-84a4-ec6d3279302c@group-C05106C75EAC: changes role from      null to FOLLOWER at term 0 for startAsFollower
2019-09-25 04:52:22,792 [pool-177-thread-1] INFO  impl.RoleInfo (RoleInfo.java:updateAndGet(143)) - f0026df0-5652-4d5b-84a4-ec6d3279302c: start FollowerState
2019-09-25 04:52:22,793 [pool-177-thread-1] INFO  util.JmxRegister (JmxRegister.java:tryRegister(44)) - Successfully registered JMX Bean with object name Ratis:service=RaftServer,group=group-C05106C75EAC,id=f0026df0-5652-4d5b-84a4-ec6d3279302c
2019-09-25 04:52:22,795 [RatisPipelineUtilsThread] INFO  pipeline.PipelineStateManager (PipelineStateManager.java:addPipeline(56)) - Created pipeline Pipeline[ Id: 1cb8b0f4-ff8f-47ba-a6ae-c05106c75eac, Nodes: f0026df0-5652-4d5b-84a4-ec6d3279302c{ip: 192.168.164.207, host: pr-hdds-1569-s44lr-3492059363, networkLocation: /default-rack, certSerialId: null}, Type:RATIS, Factor:ONE, State:OPEN]
2019-09-25 04:52:22,795 [RatisPipelineUtilsThread] INFO  pipeline.PipelinePlacementPolicy (PipelinePlacementPolicy.java:meetCriteria(91)) - Pipeline Placement: can't place more pipeline on heavy datanode： 4370308c-ceb4-49a9-9879-5927b69a5f85 Heaviness: 6 limit: 5
2019-09-25 04:52:22,795 [RatisPipelineUtilsThread] INFO  pipeline.PipelinePlacementPolicy (PipelinePlacementPolicy.java:meetCriteria(91)) - Pipeline Placement: can't place more pipeline on heavy datanode： bb4fa670-e092-4403-b4a0-776b8e3a297a Heaviness: 6 limit: 5
2019-09-25 04:52:22,795 [RatisPipelineUtilsThread] INFO  pipeline.PipelinePlacementPolicy (PipelinePlacementPolicy.java:meetCriteria(91)) - Pipeline Placement: can't place more pipeline on heavy datanode： f0026df0-5652-4d5b-84a4-ec6d3279302c Heaviness: 6 limit: 5
2019-09-25 04:52:22,796 [RatisPipelineUtilsThread] INFO  pipeline.PipelinePlacementPolicy (PipelinePlacementPolicy.java:meetCriteria(91)) - Pipeline Placement: can't place more pipeline on heavy datanode： 9586c7e2-af3f-487f-89b7-bc8fbed5a611 Heaviness: 6 limit: 5
2019-09-25 04:52:22,796 [RatisPipelineUtilsThread] INFO  pipeline.PipelinePlacementPolicy (PipelinePlacementPolicy.java:meetCriteria(91)) - Pipeline Placement: can't place more pipeline on heavy datanode： bcc74fd2-3a06-4539-867d-223a418d820d Heaviness: 6 limit: 5
2019-09-25 04:52:22,796 [RatisPipelineUtilsThread] INFO  pipeline.PipelinePlacementPolicy (PipelinePlacementPolicy.java:meetCriteria(91)) - Pipeline Placement: can't place more pipeline on heavy datanode： 94bde7ca-9af4-4c06-8221-a867c8f279fc Heaviness: 6 limit: 5
2019-09-25 04:52:22,796 [RatisPipelineUtilsThread] INFO  pipeline.PipelinePlacementPolicy (PipelinePlacementPolicy.java:meetCriteria(91)) - Pipeline Placement: can't place more pipeline on heavy datanode： 6a547602-9d9f-411f-a61b-6fc980fbe171 Heaviness: 6 limit: 5
2019-09-25 04:52:22,796 [RatisPipelineUtilsThread] ERROR pipeline.PipelinePlacementPolicy (PipelinePlacementPolicy.java:filterViableNodes(148)) - Unable to find enough nodes that meet the criteria that cannot engage in more than 5 pipelines. Nodes required: 1 Found: 0, healthy nodes count inNodeManager: 7.
2019-09-25 04:52:22,796 [RatisPipelineUtilsThread] ERROR pipeline.SCMPipelineManager (SCMPipelineManager.java:createPipeline(167)) - Pipeline creation failed.
org.apache.hadoop.hdds.scm.exceptions.SCMException: Unable to find enough nodes that meet the criteria that cannot engage in more than 5 pipelines. Nodes required: 1 Found: 0, healthy nodes count inNodeManager: 7.
	at org.apache.hadoop.hdds.scm.pipeline.PipelinePlacementPolicy.filterViableNodes(PipelinePlacementPolicy.java:149)
	at org.apache.hadoop.hdds.scm.pipeline.PipelinePlacementPolicy.chooseDatanodes(PipelinePlacementPolicy.java:172)
	at org.apache.hadoop.hdds.scm.pipeline.RatisPipelineProvider.create(RatisPipelineProvider.java:93)
	at org.apache.hadoop.hdds.scm.pipeline.PipelineFactory.create(PipelineFactory.java:58)
	at org.apache.hadoop.hdds.scm.pipeline.SCMPipelineManager.createPipeline(SCMPipelineManager.java:155)
	at org.apache.hadoop.hdds.scm.pipeline.BackgroundPipelineCreator.createPipelines(BackgroundPipelineCreator.java:99)
	at java.util.concurrent.Executors$RunnableAdapter.call(Executors.java:511)
	at java.util.concurrent.FutureTask.run(FutureTask.java:266)
	at java.util.concurrent.ScheduledThreadPoolExecutor$ScheduledFutureTask.access$201(ScheduledThreadPoolExecutor.java:180)
	at java.util.concurrent.ScheduledThreadPoolExecutor$ScheduledFutureTask.run(ScheduledThreadPoolExecutor.java:293)
	at java.util.concurrent.ThreadPoolExecutor.runWorker(ThreadPoolExecutor.java:1149)
	at java.util.concurrent.ThreadPoolExecutor$Worker.run(ThreadPoolExecutor.java:624)
	at java.lang.Thread.run(Thread.java:748)
2019-09-25 04:52:22,797 [RatisPipelineUtilsThread] INFO  pipeline.PipelinePlacementPolicy (PipelinePlacementPolicy.java:meetCriteria(91)) - Pipeline Placement: can't place more pipeline on heavy datanode： 4370308c-ceb4-49a9-9879-5927b69a5f85 Heaviness: 6 limit: 5
2019-09-25 04:52:22,797 [RatisPipelineUtilsThread] INFO  pipeline.PipelinePlacementPolicy (PipelinePlacementPolicy.java:meetCriteria(91)) - Pipeline Placement: can't place more pipeline on heavy datanode： bb4fa670-e092-4403-b4a0-776b8e3a297a Heaviness: 6 limit: 5
2019-09-25 04:52:22,797 [RatisPipelineUtilsThread] INFO  pipeline.PipelinePlacementPolicy (PipelinePlacementPolicy.java:meetCriteria(91)) - Pipeline Placement: can't place more pipeline on heavy datanode： f0026df0-5652-4d5b-84a4-ec6d3279302c Heaviness: 6 limit: 5
2019-09-25 04:52:22,797 [RatisPipelineUtilsThread] INFO  pipeline.PipelinePlacementPolicy (PipelinePlacementPolicy.java:meetCriteria(91)) - Pipeline Placement: can't place more pipeline on heavy datanode： 9586c7e2-af3f-487f-89b7-bc8fbed5a611 Heaviness: 6 limit: 5
2019-09-25 04:52:22,797 [RatisPipelineUtilsThread] INFO  pipeline.PipelinePlacementPolicy (PipelinePlacementPolicy.java:meetCriteria(91)) - Pipeline Placement: can't place more pipeline on heavy datanode： bcc74fd2-3a06-4539-867d-223a418d820d Heaviness: 6 limit: 5
2019-09-25 04:52:22,797 [RatisPipelineUtilsThread] INFO  pipeline.PipelinePlacementPolicy (PipelinePlacementPolicy.java:meetCriteria(91)) - Pipeline Placement: can't place more pipeline on heavy datanode： 94bde7ca-9af4-4c06-8221-a867c8f279fc Heaviness: 6 limit: 5
2019-09-25 04:52:22,797 [RatisPipelineUtilsThread] INFO  pipeline.PipelinePlacementPolicy (PipelinePlacementPolicy.java:meetCriteria(91)) - Pipeline Placement: can't place more pipeline on heavy datanode： 6a547602-9d9f-411f-a61b-6fc980fbe171 Heaviness: 6 limit: 5
2019-09-25 04:52:22,797 [RatisPipelineUtilsThread] ERROR pipeline.PipelinePlacementPolicy (PipelinePlacementPolicy.java:filterViableNodes(148)) - Unable to find enough nodes that meet the criteria that cannot engage in more than 5 pipelines. Nodes required: 3 Found: 0, healthy nodes count inNodeManager: 7.
2019-09-25 04:52:22,798 [RatisPipelineUtilsThread] ERROR pipeline.SCMPipelineManager (SCMPipelineManager.java:createPipeline(167)) - Pipeline creation failed.
org.apache.hadoop.hdds.scm.exceptions.SCMException: Unable to find enough nodes that meet the criteria that cannot engage in more than 5 pipelines. Nodes required: 3 Found: 0, healthy nodes count inNodeManager: 7.
	at org.apache.hadoop.hdds.scm.pipeline.PipelinePlacementPolicy.filterViableNodes(PipelinePlacementPolicy.java:149)
	at org.apache.hadoop.hdds.scm.pipeline.PipelinePlacementPolicy.chooseDatanodes(PipelinePlacementPolicy.java:172)
	at org.apache.hadoop.hdds.scm.pipeline.RatisPipelineProvider.create(RatisPipelineProvider.java:93)
	at org.apache.hadoop.hdds.scm.pipeline.PipelineFactory.create(PipelineFactory.java:58)
	at org.apache.hadoop.hdds.scm.pipeline.SCMPipelineManager.createPipeline(SCMPipelineManager.java:155)
	at org.apache.hadoop.hdds.scm.pipeline.BackgroundPipelineCreator.createPipelines(BackgroundPipelineCreator.java:99)
	at java.util.concurrent.Executors$RunnableAdapter.call(Executors.java:511)
	at java.util.concurrent.FutureTask.run(FutureTask.java:266)
	at java.util.concurrent.ScheduledThreadPoolExecutor$ScheduledFutureTask.access$201(ScheduledThreadPoolExecutor.java:180)
	at java.util.concurrent.ScheduledThreadPoolExecutor$ScheduledFutureTask.run(ScheduledThreadPoolExecutor.java:293)
	at java.util.concurrent.ThreadPoolExecutor.runWorker(ThreadPoolExecutor.java:1149)
	at java.util.concurrent.ThreadPoolExecutor$Worker.run(ThreadPoolExecutor.java:624)
	at java.lang.Thread.run(Thread.java:748)
2019-09-25 04:52:22,798 [RatisPipelineUtilsThread] INFO  pipeline.PipelinePlacementPolicy (PipelinePlacementPolicy.java:meetCriteria(91)) - Pipeline Placement: can't place more pipeline on heavy datanode： 4370308c-ceb4-49a9-9879-5927b69a5f85 Heaviness: 6 limit: 5
2019-09-25 04:52:22,798 [RatisPipelineUtilsThread] INFO  pipeline.PipelinePlacementPolicy (PipelinePlacementPolicy.java:meetCriteria(91)) - Pipeline Placement: can't place more pipeline on heavy datanode： bb4fa670-e092-4403-b4a0-776b8e3a297a Heaviness: 6 limit: 5
2019-09-25 04:52:22,798 [RatisPipelineUtilsThread] INFO  pipeline.PipelinePlacementPolicy (PipelinePlacementPolicy.java:meetCriteria(91)) - Pipeline Placement: can't place more pipeline on heavy datanode： f0026df0-5652-4d5b-84a4-ec6d3279302c Heaviness: 6 limit: 5
2019-09-25 04:52:22,798 [RatisPipelineUtilsThread] INFO  pipeline.PipelinePlacementPolicy (PipelinePlacementPolicy.java:meetCriteria(91)) - Pipeline Placement: can't place more pipeline on heavy datanode： 9586c7e2-af3f-487f-89b7-bc8fbed5a611 Heaviness: 6 limit: 5
2019-09-25 04:52:22,798 [RatisPipelineUtilsThread] INFO  pipeline.PipelinePlacementPolicy (PipelinePlacementPolicy.java:meetCriteria(91)) - Pipeline Placement: can't place more pipeline on heavy datanode： bcc74fd2-3a06-4539-867d-223a418d820d Heaviness: 6 limit: 5
2019-09-25 04:52:22,799 [RatisPipelineUtilsThread] INFO  pipeline.PipelinePlacementPolicy (PipelinePlacementPolicy.java:meetCriteria(91)) - Pipeline Placement: can't place more pipeline on heavy datanode： 94bde7ca-9af4-4c06-8221-a867c8f279fc Heaviness: 6 limit: 5
2019-09-25 04:52:22,799 [RatisPipelineUtilsThread] INFO  pipeline.PipelinePlacementPolicy (PipelinePlacementPolicy.java:meetCriteria(91)) - Pipeline Placement: can't place more pipeline on heavy datanode： 6a547602-9d9f-411f-a61b-6fc980fbe171 Heaviness: 6 limit: 5
2019-09-25 04:52:22,799 [RatisPipelineUtilsThread] ERROR pipeline.PipelinePlacementPolicy (PipelinePlacementPolicy.java:filterViableNodes(148)) - Unable to find enough nodes that meet the criteria that cannot engage in more than 5 pipelines. Nodes required: 1 Found: 0, healthy nodes count inNodeManager: 7.
2019-09-25 04:52:22,799 [RatisPipelineUtilsThread] ERROR pipeline.SCMPipelineManager (SCMPipelineManager.java:createPipeline(167)) - Pipeline creation failed.
org.apache.hadoop.hdds.scm.exceptions.SCMException: Unable to find enough nodes that meet the criteria that cannot engage in more than 5 pipelines. Nodes required: 1 Found: 0, healthy nodes count inNodeManager: 7.
	at org.apache.hadoop.hdds.scm.pipeline.PipelinePlacementPolicy.filterViableNodes(PipelinePlacementPolicy.java:149)
	at org.apache.hadoop.hdds.scm.pipeline.PipelinePlacementPolicy.chooseDatanodes(PipelinePlacementPolicy.java:172)
	at org.apache.hadoop.hdds.scm.pipeline.RatisPipelineProvider.create(RatisPipelineProvider.java:93)
	at org.apache.hadoop.hdds.scm.pipeline.PipelineFactory.create(PipelineFactory.java:58)
	at org.apache.hadoop.hdds.scm.pipeline.SCMPipelineManager.createPipeline(SCMPipelineManager.java:155)
	at org.apache.hadoop.hdds.scm.pipeline.BackgroundPipelineCreator.createPipelines(BackgroundPipelineCreator.java:99)
	at org.apache.hadoop.hdds.scm.pipeline.BackgroundPipelineCreator.lambda$startFixedIntervalPipelineCreator$0(BackgroundPipelineCreator.java:70)
	at java.util.concurrent.Executors$RunnableAdapter.call(Executors.java:511)
	at java.util.concurrent.FutureTask.runAndReset(FutureTask.java:308)
	at java.util.concurrent.ScheduledThreadPoolExecutor$ScheduledFutureTask.access$301(ScheduledThreadPoolExecutor.java:180)
	at java.util.concurrent.ScheduledThreadPoolExecutor$ScheduledFutureTask.run(ScheduledThreadPoolExecutor.java:294)
	at java.util.concurrent.ThreadPoolExecutor.runWorker(ThreadPoolExecutor.java:1149)
	at java.util.concurrent.ThreadPoolExecutor$Worker.run(ThreadPoolExecutor.java:624)
	at java.lang.Thread.run(Thread.java:748)
2019-09-25 04:52:22,799 [RatisPipelineUtilsThread] INFO  pipeline.PipelinePlacementPolicy (PipelinePlacementPolicy.java:meetCriteria(91)) - Pipeline Placement: can't place more pipeline on heavy datanode： 4370308c-ceb4-49a9-9879-5927b69a5f85 Heaviness: 6 limit: 5
2019-09-25 04:52:22,799 [RatisPipelineUtilsThread] INFO  pipeline.PipelinePlacementPolicy (PipelinePlacementPolicy.java:meetCriteria(91)) - Pipeline Placement: can't place more pipeline on heavy datanode： bb4fa670-e092-4403-b4a0-776b8e3a297a Heaviness: 6 limit: 5
2019-09-25 04:52:22,800 [RatisPipelineUtilsThread] INFO  pipeline.PipelinePlacementPolicy (PipelinePlacementPolicy.java:meetCriteria(91)) - Pipeline Placement: can't place more pipeline on heavy datanode： f0026df0-5652-4d5b-84a4-ec6d3279302c Heaviness: 6 limit: 5
2019-09-25 04:52:22,800 [RatisPipelineUtilsThread] INFO  pipeline.PipelinePlacementPolicy (PipelinePlacementPolicy.java:meetCriteria(91)) - Pipeline Placement: can't place more pipeline on heavy datanode： 9586c7e2-af3f-487f-89b7-bc8fbed5a611 Heaviness: 6 limit: 5
2019-09-25 04:52:22,800 [RatisPipelineUtilsThread] INFO  pipeline.PipelinePlacementPolicy (PipelinePlacementPolicy.java:meetCriteria(91)) - Pipeline Placement: can't place more pipeline on heavy datanode： bcc74fd2-3a06-4539-867d-223a418d820d Heaviness: 6 limit: 5
2019-09-25 04:52:22,800 [RatisPipelineUtilsThread] INFO  pipeline.PipelinePlacementPolicy (PipelinePlacementPolicy.java:meetCriteria(91)) - Pipeline Placement: can't place more pipeline on heavy datanode： 94bde7ca-9af4-4c06-8221-a867c8f279fc Heaviness: 6 limit: 5
2019-09-25 04:52:22,800 [RatisPipelineUtilsThread] INFO  pipeline.PipelinePlacementPolicy (PipelinePlacementPolicy.java:meetCriteria(91)) - Pipeline Placement: can't place more pipeline on heavy datanode： 6a547602-9d9f-411f-a61b-6fc980fbe171 Heaviness: 6 limit: 5
2019-09-25 04:52:22,800 [RatisPipelineUtilsThread] ERROR pipeline.PipelinePlacementPolicy (PipelinePlacementPolicy.java:filterViableNodes(148)) - Unable to find enough nodes that meet the criteria that cannot engage in more than 5 pipelines. Nodes required: 3 Found: 0, healthy nodes count inNodeManager: 7.
2019-09-25 04:52:22,800 [RatisPipelineUtilsThread] ERROR pipeline.SCMPipelineManager (SCMPipelineManager.java:createPipeline(167)) - Pipeline creation failed.
org.apache.hadoop.hdds.scm.exceptions.SCMException: Unable to find enough nodes that meet the criteria that cannot engage in more than 5 pipelines. Nodes required: 3 Found: 0, healthy nodes count inNodeManager: 7.
	at org.apache.hadoop.hdds.scm.pipeline.PipelinePlacementPolicy.filterViableNodes(PipelinePlacementPolicy.java:149)
	at org.apache.hadoop.hdds.scm.pipeline.PipelinePlacementPolicy.chooseDatanodes(PipelinePlacementPolicy.java:172)
	at org.apache.hadoop.hdds.scm.pipeline.RatisPipelineProvider.create(RatisPipelineProvider.java:93)
	at org.apache.hadoop.hdds.scm.pipeline.PipelineFactory.create(PipelineFactory.java:58)
	at org.apache.hadoop.hdds.scm.pipeline.SCMPipelineManager.createPipeline(SCMPipelineManager.java:155)
	at org.apache.hadoop.hdds.scm.pipeline.BackgroundPipelineCreator.createPipelines(BackgroundPipelineCreator.java:99)
	at org.apache.hadoop.hdds.scm.pipeline.BackgroundPipelineCreator.lambda$startFixedIntervalPipelineCreator$0(BackgroundPipelineCreator.java:70)
	at java.util.concurrent.Executors$RunnableAdapter.call(Executors.java:511)
	at java.util.concurrent.FutureTask.runAndReset(FutureTask.java:308)
	at java.util.concurrent.ScheduledThreadPoolExecutor$ScheduledFutureTask.access$301(ScheduledThreadPoolExecutor.java:180)
	at java.util.concurrent.ScheduledThreadPoolExecutor$ScheduledFutureTask.run(ScheduledThreadPoolExecutor.java:294)
	at java.util.concurrent.ThreadPoolExecutor.runWorker(ThreadPoolExecutor.java:1149)
	at java.util.concurrent.ThreadPoolExecutor$Worker.run(ThreadPoolExecutor.java:624)
	at java.lang.Thread.run(Thread.java:748)
2019-09-25 04:52:22,801 [IPC Server handler 17 on 34267] INFO  pipeline.PipelinePlacementPolicy (PipelinePlacementPolicy.java:meetCriteria(91)) - Pipeline Placement: can't place more pipeline on heavy datanode： 4370308c-ceb4-49a9-9879-5927b69a5f85 Heaviness: 6 limit: 5
2019-09-25 04:52:22,801 [IPC Server handler 17 on 34267] INFO  pipeline.PipelinePlacementPolicy (PipelinePlacementPolicy.java:meetCriteria(91)) - Pipeline Placement: can't place more pipeline on heavy datanode： bb4fa670-e092-4403-b4a0-776b8e3a297a Heaviness: 6 limit: 5
2019-09-25 04:52:22,801 [IPC Server handler 17 on 34267] INFO  pipeline.PipelinePlacementPolicy (PipelinePlacementPolicy.java:meetCriteria(91)) - Pipeline Placement: can't place more pipeline on heavy datanode： f0026df0-5652-4d5b-84a4-ec6d3279302c Heaviness: 6 limit: 5
2019-09-25 04:52:22,801 [IPC Server handler 17 on 34267] INFO  pipeline.PipelinePlacementPolicy (PipelinePlacementPolicy.java:meetCriteria(91)) - Pipeline Placement: can't place more pipeline on heavy datanode： 9586c7e2-af3f-487f-89b7-bc8fbed5a611 Heaviness: 6 limit: 5
2019-09-25 04:52:22,802 [IPC Server handler 17 on 34267] INFO  pipeline.PipelinePlacementPolicy (PipelinePlacementPolicy.java:meetCriteria(91)) - Pipeline Placement: can't place more pipeline on heavy datanode： bcc74fd2-3a06-4539-867d-223a418d820d Heaviness: 6 limit: 5
2019-09-25 04:52:22,802 [IPC Server handler 17 on 34267] INFO  pipeline.PipelinePlacementPolicy (PipelinePlacementPolicy.java:meetCriteria(91)) - Pipeline Placement: can't place more pipeline on heavy datanode： 94bde7ca-9af4-4c06-8221-a867c8f279fc Heaviness: 6 limit: 5
2019-09-25 04:52:22,802 [IPC Server handler 17 on 34267] INFO  pipeline.PipelinePlacementPolicy (PipelinePlacementPolicy.java:meetCriteria(91)) - Pipeline Placement: can't place more pipeline on heavy datanode： 6a547602-9d9f-411f-a61b-6fc980fbe171 Heaviness: 6 limit: 5
2019-09-25 04:52:22,802 [IPC Server handler 17 on 34267] ERROR pipeline.PipelinePlacementPolicy (PipelinePlacementPolicy.java:filterViableNodes(148)) - Unable to find enough nodes that meet the criteria that cannot engage in more than 5 pipelines. Nodes required: 3 Found: 0, healthy nodes count inNodeManager: 7.
2019-09-25 04:52:22,802 [IPC Server handler 17 on 34267] ERROR pipeline.SCMPipelineManager (SCMPipelineManager.java:createPipeline(167)) - Pipeline creation failed.
org.apache.hadoop.hdds.scm.exceptions.SCMException: Unable to find enough nodes that meet the criteria that cannot engage in more than 5 pipelines. Nodes required: 3 Found: 0, healthy nodes count inNodeManager: 7.
	at org.apache.hadoop.hdds.scm.pipeline.PipelinePlacementPolicy.filterViableNodes(PipelinePlacementPolicy.java:149)
	at org.apache.hadoop.hdds.scm.pipeline.PipelinePlacementPolicy.chooseDatanodes(PipelinePlacementPolicy.java:172)
	at org.apache.hadoop.hdds.scm.pipeline.RatisPipelineProvider.create(RatisPipelineProvider.java:93)
	at org.apache.hadoop.hdds.scm.pipeline.PipelineFactory.create(PipelineFactory.java:58)
	at org.apache.hadoop.hdds.scm.pipeline.SCMPipelineManager.createPipeline(SCMPipelineManager.java:155)
	at org.apache.hadoop.hdds.scm.block.BlockManagerImpl.allocateBlock(BlockManagerImpl.java:190)
	at org.apache.hadoop.hdds.scm.server.SCMBlockProtocolServer.allocateBlock(SCMBlockProtocolServer.java:182)
	at org.apache.hadoop.ozone.protocolPB.ScmBlockLocationProtocolServerSideTranslatorPB.allocateScmBlock(ScmBlockLocationProtocolServerSideTranslatorPB.java:183)
	at org.apache.hadoop.ozone.protocolPB.ScmBlockLocationProtocolServerSideTranslatorPB.processMessage(ScmBlockLocationProtocolServerSideTranslatorPB.java:141)
	at org.apache.hadoop.ozone.protocolPB.ScmBlockLocationProtocolServerSideTranslatorPB.send(ScmBlockLocationProtocolServerSideTranslatorPB.java:116)
	at org.apache.hadoop.hdds.protocol.proto.ScmBlockLocationProtocolProtos$ScmBlockLocationProtocolService$2.callBlockingMethod(ScmBlockLocationProtocolProtos.java:13157)
	at org.apache.hadoop.ipc.ProtobufRpcEngine$Server$ProtoBufRpcInvoker.call(ProtobufRpcEngine.java:524)
	at org.apache.hadoop.ipc.RPC$Server.call(RPC.java:1025)
	at org.apache.hadoop.ipc.Server$RpcCall.run(Server.java:876)
	at org.apache.hadoop.ipc.Server$RpcCall.run(Server.java:822)
	at java.security.AccessController.doPrivileged(Native Method)
	at javax.security.auth.Subject.doAs(Subject.java:422)
	at org.apache.hadoop.security.UserGroupInformation.doAs(UserGroupInformation.java:1730)
	at org.apache.hadoop.ipc.Server$Handler.run(Server.java:2682)
2019-09-25 04:52:22,803 [IPC Server handler 17 on 34267] WARN  block.BlockManagerImpl (BlockManagerImpl.java:allocateBlock(192)) - Pipeline creation failed for type:RATIS factor:THREE. Retrying get pipelines call once.
org.apache.hadoop.hdds.scm.exceptions.SCMException: Unable to find enough nodes that meet the criteria that cannot engage in more than 5 pipelines. Nodes required: 3 Found: 0, healthy nodes count inNodeManager: 7.
	at org.apache.hadoop.hdds.scm.pipeline.PipelinePlacementPolicy.filterViableNodes(PipelinePlacementPolicy.java:149)
	at org.apache.hadoop.hdds.scm.pipeline.PipelinePlacementPolicy.chooseDatanodes(PipelinePlacementPolicy.java:172)
	at org.apache.hadoop.hdds.scm.pipeline.RatisPipelineProvider.create(RatisPipelineProvider.java:93)
	at org.apache.hadoop.hdds.scm.pipeline.PipelineFactory.create(PipelineFactory.java:58)
	at org.apache.hadoop.hdds.scm.pipeline.SCMPipelineManager.createPipeline(SCMPipelineManager.java:155)
	at org.apache.hadoop.hdds.scm.block.BlockManagerImpl.allocateBlock(BlockManagerImpl.java:190)
	at org.apache.hadoop.hdds.scm.server.SCMBlockProtocolServer.allocateBlock(SCMBlockProtocolServer.java:182)
	at org.apache.hadoop.ozone.protocolPB.ScmBlockLocationProtocolServerSideTranslatorPB.allocateScmBlock(ScmBlockLocationProtocolServerSideTranslatorPB.java:183)
	at org.apache.hadoop.ozone.protocolPB.ScmBlockLocationProtocolServerSideTranslatorPB.processMessage(ScmBlockLocationProtocolServerSideTranslatorPB.java:141)
	at org.apache.hadoop.ozone.protocolPB.ScmBlockLocationProtocolServerSideTranslatorPB.send(ScmBlockLocationProtocolServerSideTranslatorPB.java:116)
	at org.apache.hadoop.hdds.protocol.proto.ScmBlockLocationProtocolProtos$ScmBlockLocationProtocolService$2.callBlockingMethod(ScmBlockLocationProtocolProtos.java:13157)
	at org.apache.hadoop.ipc.ProtobufRpcEngine$Server$ProtoBufRpcInvoker.call(ProtobufRpcEngine.java:524)
	at org.apache.hadoop.ipc.RPC$Server.call(RPC.java:1025)
	at org.apache.hadoop.ipc.Server$RpcCall.run(Server.java:876)
	at org.apache.hadoop.ipc.Server$RpcCall.run(Server.java:822)
	at java.security.AccessController.doPrivileged(Native Method)
	at javax.security.auth.Subject.doAs(Subject.java:422)
	at org.apache.hadoop.security.UserGroupInformation.doAs(UserGroupInformation.java:1730)
	at org.apache.hadoop.ipc.Server$Handler.run(Server.java:2682)
2019-09-25 04:52:22,803 [IPC Server handler 17 on 34267] INFO  block.BlockManagerImpl (BlockManagerImpl.java:allocateBlock(198)) - Could not find available pipeline of type:RATIS and factor:THREE even after retrying
2019-09-25 04:52:22,804 [IPC Server handler 17 on 34267] ERROR block.BlockManagerImpl (BlockManagerImpl.java:allocateBlock(222)) - Unable to allocate a block for the size: 800, type: RATIS, factor: THREE
2019-09-25 04:52:22,804 [IPC Server handler 17 on 34267] INFO  pipeline.PipelinePlacementPolicy (PipelinePlacementPolicy.java:meetCriteria(91)) - Pipeline Placement: can't place more pipeline on heavy datanode： 4370308c-ceb4-49a9-9879-5927b69a5f85 Heaviness: 6 limit: 5
2019-09-25 04:52:22,804 [IPC Server handler 17 on 34267] INFO  pipeline.PipelinePlacementPolicy (PipelinePlacementPolicy.java:meetCriteria(91)) - Pipeline Placement: can't place more pipeline on heavy datanode： bb4fa670-e092-4403-b4a0-776b8e3a297a Heaviness: 6 limit: 5
2019-09-25 04:52:22,804 [IPC Server handler 17 on 34267] INFO  pipeline.PipelinePlacementPolicy (PipelinePlacementPolicy.java:meetCriteria(91)) - Pipeline Placement: can't place more pipeline on heavy datanode： f0026df0-5652-4d5b-84a4-ec6d3279302c Heaviness: 6 limit: 5
2019-09-25 04:52:22,804 [IPC Server handler 17 on 34267] INFO  pipeline.PipelinePlacementPolicy (PipelinePlacementPolicy.java:meetCriteria(91)) - Pipeline Placement: can't place more pipeline on heavy datanode： 9586c7e2-af3f-487f-89b7-bc8fbed5a611 Heaviness: 6 limit: 5
2019-09-25 04:52:22,805 [IPC Server handler 17 on 34267] INFO  pipeline.PipelinePlacementPolicy (PipelinePlacementPolicy.java:meetCriteria(91)) - Pipeline Placement: can't place more pipeline on heavy datanode： bcc74fd2-3a06-4539-867d-223a418d820d Heaviness: 6 limit: 5
2019-09-25 04:52:22,805 [IPC Server handler 17 on 34267] INFO  pipeline.PipelinePlacementPolicy (PipelinePlacementPolicy.java:meetCriteria(91)) - Pipeline Placement: can't place more pipeline on heavy datanode： 94bde7ca-9af4-4c06-8221-a867c8f279fc Heaviness: 6 limit: 5
2019-09-25 04:52:22,805 [IPC Server handler 17 on 34267] INFO  pipeline.PipelinePlacementPolicy (PipelinePlacementPolicy.java:meetCriteria(91)) - Pipeline Placement: can't place more pipeline on heavy datanode： 6a547602-9d9f-411f-a61b-6fc980fbe171 Heaviness: 6 limit: 5
2019-09-25 04:52:22,805 [IPC Server handler 17 on 34267] ERROR pipeline.PipelinePlacementPolicy (PipelinePlacementPolicy.java:filterViableNodes(148)) - Unable to find enough nodes that meet the criteria that cannot engage in more than 5 pipelines. Nodes required: 3 Found: 0, healthy nodes count inNodeManager: 7.
2019-09-25 04:52:22,805 [IPC Server handler 17 on 34267] ERROR pipeline.SCMPipelineManager (SCMPipelineManager.java:createPipeline(167)) - Pipeline creation failed.
org.apache.hadoop.hdds.scm.exceptions.SCMException: Unable to find enough nodes that meet the criteria that cannot engage in more than 5 pipelines. Nodes required: 3 Found: 0, healthy nodes count inNodeManager: 7.
	at org.apache.hadoop.hdds.scm.pipeline.PipelinePlacementPolicy.filterViableNodes(PipelinePlacementPolicy.java:149)
	at org.apache.hadoop.hdds.scm.pipeline.PipelinePlacementPolicy.chooseDatanodes(PipelinePlacementPolicy.java:172)
	at org.apache.hadoop.hdds.scm.pipeline.RatisPipelineProvider.create(RatisPipelineProvider.java:93)
	at org.apache.hadoop.hdds.scm.pipeline.PipelineFactory.create(PipelineFactory.java:58)
	at org.apache.hadoop.hdds.scm.pipeline.SCMPipelineManager.createPipeline(SCMPipelineManager.java:155)
	at org.apache.hadoop.hdds.scm.block.BlockManagerImpl.allocateBlock(BlockManagerImpl.java:190)
	at org.apache.hadoop.hdds.scm.server.SCMBlockProtocolServer.allocateBlock(SCMBlockProtocolServer.java:182)
	at org.apache.hadoop.ozone.protocolPB.ScmBlockLocationProtocolServerSideTranslatorPB.allocateScmBlock(ScmBlockLocationProtocolServerSideTranslatorPB.java:183)
	at org.apache.hadoop.ozone.protocolPB.ScmBlockLocationProtocolServerSideTranslatorPB.processMessage(ScmBlockLocationProtocolServerSideTranslatorPB.java:141)
	at org.apache.hadoop.ozone.protocolPB.ScmBlockLocationProtocolServerSideTranslatorPB.send(ScmBlockLocationProtocolServerSideTranslatorPB.java:116)
	at org.apache.hadoop.hdds.protocol.proto.ScmBlockLocationProtocolProtos$ScmBlockLocationProtocolService$2.callBlockingMethod(ScmBlockLocationProtocolProtos.java:13157)
	at org.apache.hadoop.ipc.ProtobufRpcEngine$Server$ProtoBufRpcInvoker.call(ProtobufRpcEngine.java:524)
	at org.apache.hadoop.ipc.RPC$Server.call(RPC.java:1025)
	at org.apache.hadoop.ipc.Server$RpcCall.run(Server.java:876)
	at org.apache.hadoop.ipc.Server$RpcCall.run(Server.java:822)
	at java.security.AccessController.doPrivileged(Native Method)
	at javax.security.auth.Subject.doAs(Subject.java:422)
	at org.apache.hadoop.security.UserGroupInformation.doAs(UserGroupInformation.java:1730)
	at org.apache.hadoop.ipc.Server$Handler.run(Server.java:2682)
2019-09-25 04:52:22,806 [IPC Server handler 17 on 34267] WARN  block.BlockManagerImpl (BlockManagerImpl.java:allocateBlock(192)) - Pipeline creation failed for type:RATIS factor:THREE. Retrying get pipelines call once.
org.apache.hadoop.hdds.scm.exceptions.SCMException: Unable to find enough nodes that meet the criteria that cannot engage in more than 5 pipelines. Nodes required: 3 Found: 0, healthy nodes count inNodeManager: 7.
	at org.apache.hadoop.hdds.scm.pipeline.PipelinePlacementPolicy.filterViableNodes(PipelinePlacementPolicy.java:149)
	at org.apache.hadoop.hdds.scm.pipeline.PipelinePlacementPolicy.chooseDatanodes(PipelinePlacementPolicy.java:172)
	at org.apache.hadoop.hdds.scm.pipeline.RatisPipelineProvider.create(RatisPipelineProvider.java:93)
	at org.apache.hadoop.hdds.scm.pipeline.PipelineFactory.create(PipelineFactory.java:58)
	at org.apache.hadoop.hdds.scm.pipeline.SCMPipelineManager.createPipeline(SCMPipelineManager.java:155)
	at org.apache.hadoop.hdds.scm.block.BlockManagerImpl.allocateBlock(BlockManagerImpl.java:190)
	at org.apache.hadoop.hdds.scm.server.SCMBlockProtocolServer.allocateBlock(SCMBlockProtocolServer.java:182)
	at org.apache.hadoop.ozone.protocolPB.ScmBlockLocationProtocolServerSideTranslatorPB.allocateScmBlock(ScmBlockLocationProtocolServerSideTranslatorPB.java:183)
	at org.apache.hadoop.ozone.protocolPB.ScmBlockLocationProtocolServerSideTranslatorPB.processMessage(ScmBlockLocationProtocolServerSideTranslatorPB.java:141)
	at org.apache.hadoop.ozone.protocolPB.ScmBlockLocationProtocolServerSideTranslatorPB.send(ScmBlockLocationProtocolServerSideTranslatorPB.java:116)
	at org.apache.hadoop.hdds.protocol.proto.ScmBlockLocationProtocolProtos$ScmBlockLocationProtocolService$2.callBlockingMethod(ScmBlockLocationProtocolProtos.java:13157)
	at org.apache.hadoop.ipc.ProtobufRpcEngine$Server$ProtoBufRpcInvoker.call(ProtobufRpcEngine.java:524)
	at org.apache.hadoop.ipc.RPC$Server.call(RPC.java:1025)
	at org.apache.hadoop.ipc.Server$RpcCall.run(Server.java:876)
	at org.apache.hadoop.ipc.Server$RpcCall.run(Server.java:822)
	at java.security.AccessController.doPrivileged(Native Method)
	at javax.security.auth.Subject.doAs(Subject.java:422)
	at org.apache.hadoop.security.UserGroupInformation.doAs(UserGroupInformation.java:1730)
	at org.apache.hadoop.ipc.Server$Handler.run(Server.java:2682)
2019-09-25 04:52:22,807 [IPC Server handler 17 on 34267] INFO  block.BlockManagerImpl (BlockManagerImpl.java:allocateBlock(198)) - Could not find available pipeline of type:RATIS and factor:THREE even after retrying
2019-09-25 04:52:22,807 [IPC Server handler 17 on 34267] ERROR block.BlockManagerImpl (BlockManagerImpl.java:allocateBlock(222)) - Unable to allocate a block for the size: 800, type: RATIS, factor: THREE
2019-09-25 04:52:22,807 [IPC Server handler 17 on 34267] INFO  pipeline.PipelinePlacementPolicy (PipelinePlacementPolicy.java:meetCriteria(91)) - Pipeline Placement: can't place more pipeline on heavy datanode： 4370308c-ceb4-49a9-9879-5927b69a5f85 Heaviness: 6 limit: 5
2019-09-25 04:52:22,807 [IPC Server handler 17 on 34267] INFO  pipeline.PipelinePlacementPolicy (PipelinePlacementPolicy.java:meetCriteria(91)) - Pipeline Placement: can't place more pipeline on heavy datanode： bb4fa670-e092-4403-b4a0-776b8e3a297a Heaviness: 6 limit: 5
2019-09-25 04:52:22,808 [IPC Server handler 17 on 34267] INFO  pipeline.PipelinePlacementPolicy (PipelinePlacementPolicy.java:meetCriteria(91)) - Pipeline Placement: can't place more pipeline on heavy datanode： f0026df0-5652-4d5b-84a4-ec6d3279302c Heaviness: 6 limit: 5
2019-09-25 04:52:22,808 [IPC Server handler 17 on 34267] INFO  pipeline.PipelinePlacementPolicy (PipelinePlacementPolicy.java:meetCriteria(91)) - Pipeline Placement: can't place more pipeline on heavy datanode： 9586c7e2-af3f-487f-89b7-bc8fbed5a611 Heaviness: 6 limit: 5
2019-09-25 04:52:22,808 [IPC Server handler 17 on 34267] INFO  pipeline.PipelinePlacementPolicy (PipelinePlacementPolicy.java:meetCriteria(91)) - Pipeline Placement: can't place more pipeline on heavy datanode： bcc74fd2-3a06-4539-867d-223a418d820d Heaviness: 6 limit: 5
2019-09-25 04:52:22,808 [IPC Server handler 17 on 34267] INFO  pipeline.PipelinePlacementPolicy (PipelinePlacementPolicy.java:meetCriteria(91)) - Pipeline Placement: can't place more pipeline on heavy datanode： 94bde7ca-9af4-4c06-8221-a867c8f279fc Heaviness: 6 limit: 5
2019-09-25 04:52:22,808 [IPC Server handler 17 on 34267] INFO  pipeline.PipelinePlacementPolicy (PipelinePlacementPolicy.java:meetCriteria(91)) - Pipeline Placement: can't place more pipeline on heavy datanode： 6a547602-9d9f-411f-a61b-6fc980fbe171 Heaviness: 6 limit: 5
2019-09-25 04:52:22,809 [IPC Server handler 17 on 34267] ERROR pipeline.PipelinePlacementPolicy (PipelinePlacementPolicy.java:filterViableNodes(148)) - Unable to find enough nodes that meet the criteria that cannot engage in more than 5 pipelines. Nodes required: 3 Found: 0, healthy nodes count inNodeManager: 7.
2019-09-25 04:52:22,809 [IPC Server handler 17 on 34267] ERROR pipeline.SCMPipelineManager (SCMPipelineManager.java:createPipeline(167)) - Pipeline creation failed.
org.apache.hadoop.hdds.scm.exceptions.SCMException: Unable to find enough nodes that meet the criteria that cannot engage in more than 5 pipelines. Nodes required: 3 Found: 0, healthy nodes count inNodeManager: 7.
	at org.apache.hadoop.hdds.scm.pipeline.PipelinePlacementPolicy.filterViableNodes(PipelinePlacementPolicy.java:149)
	at org.apache.hadoop.hdds.scm.pipeline.PipelinePlacementPolicy.chooseDatanodes(PipelinePlacementPolicy.java:172)
	at org.apache.hadoop.hdds.scm.pipeline.RatisPipelineProvider.create(RatisPipelineProvider.java:93)
	at org.apache.hadoop.hdds.scm.pipeline.PipelineFactory.create(PipelineFactory.java:58)
	at org.apache.hadoop.hdds.scm.pipeline.SCMPipelineManager.createPipeline(SCMPipelineManager.java:155)
	at org.apache.hadoop.hdds.scm.block.BlockManagerImpl.allocateBlock(BlockManagerImpl.java:190)
	at org.apache.hadoop.hdds.scm.server.SCMBlockProtocolServer.allocateBlock(SCMBlockProtocolServer.java:182)
	at org.apache.hadoop.ozone.protocolPB.ScmBlockLocationProtocolServerSideTranslatorPB.allocateScmBlock(ScmBlockLocationProtocolServerSideTranslatorPB.java:183)
	at org.apache.hadoop.ozone.protocolPB.ScmBlockLocationProtocolServerSideTranslatorPB.processMessage(ScmBlockLocationProtocolServerSideTranslatorPB.java:141)
	at org.apache.hadoop.ozone.protocolPB.ScmBlockLocationProtocolServerSideTranslatorPB.send(ScmBlockLocationProtocolServerSideTranslatorPB.java:116)
	at org.apache.hadoop.hdds.protocol.proto.ScmBlockLocationProtocolProtos$ScmBlockLocationProtocolService$2.callBlockingMethod(ScmBlockLocationProtocolProtos.java:13157)
	at org.apache.hadoop.ipc.ProtobufRpcEngine$Server$ProtoBufRpcInvoker.call(ProtobufRpcEngine.java:524)
	at org.apache.hadoop.ipc.RPC$Server.call(RPC.java:1025)
	at org.apache.hadoop.ipc.Server$RpcCall.run(Server.java:876)
	at org.apache.hadoop.ipc.Server$RpcCall.run(Server.java:822)
	at java.security.AccessController.doPrivileged(Native Method)
	at javax.security.auth.Subject.doAs(Subject.java:422)
	at org.apache.hadoop.security.UserGroupInformation.doAs(UserGroupInformation.java:1730)
	at org.apache.hadoop.ipc.Server$Handler.run(Server.java:2682)
2019-09-25 04:52:22,810 [IPC Server handler 17 on 34267] WARN  block.BlockManagerImpl (BlockManagerImpl.java:allocateBlock(192)) - Pipeline creation failed for type:RATIS factor:THREE. Retrying get pipelines call once.
org.apache.hadoop.hdds.scm.exceptions.SCMException: Unable to find enough nodes that meet the criteria that cannot engage in more than 5 pipelines. Nodes required: 3 Found: 0, healthy nodes count inNodeManager: 7.
	at org.apache.hadoop.hdds.scm.pipeline.PipelinePlacementPolicy.filterViableNodes(PipelinePlacementPolicy.java:149)
	at org.apache.hadoop.hdds.scm.pipeline.PipelinePlacementPolicy.chooseDatanodes(PipelinePlacementPolicy.java:172)
	at org.apache.hadoop.hdds.scm.pipeline.RatisPipelineProvider.create(RatisPipelineProvider.java:93)
	at org.apache.hadoop.hdds.scm.pipeline.PipelineFactory.create(PipelineFactory.java:58)
	at org.apache.hadoop.hdds.scm.pipeline.SCMPipelineManager.createPipeline(SCMPipelineManager.java:155)
	at org.apache.hadoop.hdds.scm.block.BlockManagerImpl.allocateBlock(BlockManagerImpl.java:190)
	at org.apache.hadoop.hdds.scm.server.SCMBlockProtocolServer.allocateBlock(SCMBlockProtocolServer.java:182)
	at org.apache.hadoop.ozone.protocolPB.ScmBlockLocationProtocolServerSideTranslatorPB.allocateScmBlock(ScmBlockLocationProtocolServerSideTranslatorPB.java:183)
	at org.apache.hadoop.ozone.protocolPB.ScmBlockLocationProtocolServerSideTranslatorPB.processMessage(ScmBlockLocationProtocolServerSideTranslatorPB.java:141)
	at org.apache.hadoop.ozone.protocolPB.ScmBlockLocationProtocolServerSideTranslatorPB.send(ScmBlockLocationProtocolServerSideTranslatorPB.java:116)
	at org.apache.hadoop.hdds.protocol.proto.ScmBlockLocationProtocolProtos$ScmBlockLocationProtocolService$2.callBlockingMethod(ScmBlockLocationProtocolProtos.java:13157)
	at org.apache.hadoop.ipc.ProtobufRpcEngine$Server$ProtoBufRpcInvoker.call(ProtobufRpcEngine.java:524)
	at org.apache.hadoop.ipc.RPC$Server.call(RPC.java:1025)
	at org.apache.hadoop.ipc.Server$RpcCall.run(Server.java:876)
	at org.apache.hadoop.ipc.Server$RpcCall.run(Server.java:822)
	at java.security.AccessController.doPrivileged(Native Method)
	at javax.security.auth.Subject.doAs(Subject.java:422)
	at org.apache.hadoop.security.UserGroupInformation.doAs(UserGroupInformation.java:1730)
	at org.apache.hadoop.ipc.Server$Handler.run(Server.java:2682)
2019-09-25 04:52:22,814 [IPC Server handler 17 on 34267] INFO  block.BlockManagerImpl (BlockManagerImpl.java:allocateBlock(198)) - Could not find available pipeline of type:RATIS and factor:THREE even after retrying
2019-09-25 04:52:22,814 [IPC Server handler 17 on 34267] ERROR block.BlockManagerImpl (BlockManagerImpl.java:allocateBlock(222)) - Unable to allocate a block for the size: 800, type: RATIS, factor: THREE
2019-09-25 04:52:22,814 [IPC Server handler 17 on 34267] INFO  pipeline.PipelinePlacementPolicy (PipelinePlacementPolicy.java:meetCriteria(91)) - Pipeline Placement: can't place more pipeline on heavy datanode： 4370308c-ceb4-49a9-9879-5927b69a5f85 Heaviness: 6 limit: 5
2019-09-25 04:52:22,815 [IPC Server handler 17 on 34267] INFO  pipeline.PipelinePlacementPolicy (PipelinePlacementPolicy.java:meetCriteria(91)) - Pipeline Placement: can't place more pipeline on heavy datanode： bb4fa670-e092-4403-b4a0-776b8e3a297a Heaviness: 6 limit: 5
2019-09-25 04:52:22,815 [IPC Server handler 17 on 34267] INFO  pipeline.PipelinePlacementPolicy (PipelinePlacementPolicy.java:meetCriteria(91)) - Pipeline Placement: can't place more pipeline on heavy datanode： f0026df0-5652-4d5b-84a4-ec6d3279302c Heaviness: 6 limit: 5
2019-09-25 04:52:22,815 [IPC Server handler 17 on 34267] INFO  pipeline.PipelinePlacementPolicy (PipelinePlacementPolicy.java:meetCriteria(91)) - Pipeline Placement: can't place more pipeline on heavy datanode： 9586c7e2-af3f-487f-89b7-bc8fbed5a611 Heaviness: 6 limit: 5
2019-09-25 04:52:22,815 [IPC Server handler 17 on 34267] INFO  pipeline.PipelinePlacementPolicy (PipelinePlacementPolicy.java:meetCriteria(91)) - Pipeline Placement: can't place more pipeline on heavy datanode： bcc74fd2-3a06-4539-867d-223a418d820d Heaviness: 6 limit: 5
2019-09-25 04:52:22,815 [IPC Server handler 17 on 34267] INFO  pipeline.PipelinePlacementPolicy (PipelinePlacementPolicy.java:meetCriteria(91)) - Pipeline Placement: can't place more pipeline on heavy datanode： 94bde7ca-9af4-4c06-8221-a867c8f279fc Heaviness: 6 limit: 5
2019-09-25 04:52:22,816 [IPC Server handler 17 on 34267] INFO  pipeline.PipelinePlacementPolicy (PipelinePlacementPolicy.java:meetCriteria(91)) - Pipeline Placement: can't place more pipeline on heavy datanode： 6a547602-9d9f-411f-a61b-6fc980fbe171 Heaviness: 6 limit: 5
2019-09-25 04:52:22,816 [IPC Server handler 17 on 34267] ERROR pipeline.PipelinePlacementPolicy (PipelinePlacementPolicy.java:filterViableNodes(148)) - Unable to find enough nodes that meet the criteria that cannot engage in more than 5 pipelines. Nodes required: 3 Found: 0, healthy nodes count inNodeManager: 7.
2019-09-25 04:52:22,816 [IPC Server handler 17 on 34267] ERROR pipeline.SCMPipelineManager (SCMPipelineManager.java:createPipeline(167)) - Pipeline creation failed.
org.apache.hadoop.hdds.scm.exceptions.SCMException: Unable to find enough nodes that meet the criteria that cannot engage in more than 5 pipelines. Nodes required: 3 Found: 0, healthy nodes count inNodeManager: 7.
	at org.apache.hadoop.hdds.scm.pipeline.PipelinePlacementPolicy.filterViableNodes(PipelinePlacementPolicy.java:149)
	at org.apache.hadoop.hdds.scm.pipeline.PipelinePlacementPolicy.chooseDatanodes(PipelinePlacementPolicy.java:172)
	at org.apache.hadoop.hdds.scm.pipeline.RatisPipelineProvider.create(RatisPipelineProvider.java:93)
	at org.apache.hadoop.hdds.scm.pipeline.PipelineFactory.create(PipelineFactory.java:58)
	at org.apache.hadoop.hdds.scm.pipeline.SCMPipelineManager.createPipeline(SCMPipelineManager.java:155)
	at org.apache.hadoop.hdds.scm.block.BlockManagerImpl.allocateBlock(BlockManagerImpl.java:190)
	at org.apache.hadoop.hdds.scm.server.SCMBlockProtocolServer.allocateBlock(SCMBlockProtocolServer.java:182)
	at org.apache.hadoop.ozone.protocolPB.ScmBlockLocationProtocolServerSideTranslatorPB.allocateScmBlock(ScmBlockLocationProtocolServerSideTranslatorPB.java:183)
	at org.apache.hadoop.ozone.protocolPB.ScmBlockLocationProtocolServerSideTranslatorPB.processMessage(ScmBlockLocationProtocolServerSideTranslatorPB.java:141)
	at org.apache.hadoop.ozone.protocolPB.ScmBlockLocationProtocolServerSideTranslatorPB.send(ScmBlockLocationProtocolServerSideTranslatorPB.java:116)
	at org.apache.hadoop.hdds.protocol.proto.ScmBlockLocationProtocolProtos$ScmBlockLocationProtocolService$2.callBlockingMethod(ScmBlockLocationProtocolProtos.java:13157)
	at org.apache.hadoop.ipc.ProtobufRpcEngine$Server$ProtoBufRpcInvoker.call(ProtobufRpcEngine.java:524)
	at org.apache.hadoop.ipc.RPC$Server.call(RPC.java:1025)
	at org.apache.hadoop.ipc.Server$RpcCall.run(Server.java:876)
	at org.apache.hadoop.ipc.Server$RpcCall.run(Server.java:822)
	at java.security.AccessController.doPrivileged(Native Method)
	at javax.security.auth.Subject.doAs(Subject.java:422)
	at org.apache.hadoop.security.UserGroupInformation.doAs(UserGroupInformation.java:1730)
	at org.apache.hadoop.ipc.Server$Handler.run(Server.java:2682)
2019-09-25 04:52:22,817 [IPC Server handler 17 on 34267] WARN  block.BlockManagerImpl (BlockManagerImpl.java:allocateBlock(192)) - Pipeline creation failed for type:RATIS factor:THREE. Retrying get pipelines call once.
org.apache.hadoop.hdds.scm.exceptions.SCMException: Unable to find enough nodes that meet the criteria that cannot engage in more than 5 pipelines. Nodes required: 3 Found: 0, healthy nodes count inNodeManager: 7.
	at org.apache.hadoop.hdds.scm.pipeline.PipelinePlacementPolicy.filterViableNodes(PipelinePlacementPolicy.java:149)
	at org.apache.hadoop.hdds.scm.pipeline.PipelinePlacementPolicy.chooseDatanodes(PipelinePlacementPolicy.java:172)
	at org.apache.hadoop.hdds.scm.pipeline.RatisPipelineProvider.create(RatisPipelineProvider.java:93)
	at org.apache.hadoop.hdds.scm.pipeline.PipelineFactory.create(PipelineFactory.java:58)
	at org.apache.hadoop.hdds.scm.pipeline.SCMPipelineManager.createPipeline(SCMPipelineManager.java:155)
	at org.apache.hadoop.hdds.scm.block.BlockManagerImpl.allocateBlock(BlockManagerImpl.java:190)
	at org.apache.hadoop.hdds.scm.server.SCMBlockProtocolServer.allocateBlock(SCMBlockProtocolServer.java:182)
	at org.apache.hadoop.ozone.protocolPB.ScmBlockLocationProtocolServerSideTranslatorPB.allocateScmBlock(ScmBlockLocationProtocolServerSideTranslatorPB.java:183)
	at org.apache.hadoop.ozone.protocolPB.ScmBlockLocationProtocolServerSideTranslatorPB.processMessage(ScmBlockLocationProtocolServerSideTranslatorPB.java:141)
	at org.apache.hadoop.ozone.protocolPB.ScmBlockLocationProtocolServerSideTranslatorPB.send(ScmBlockLocationProtocolServerSideTranslatorPB.java:116)
	at org.apache.hadoop.hdds.protocol.proto.ScmBlockLocationProtocolProtos$ScmBlockLocationProtocolService$2.callBlockingMethod(ScmBlockLocationProtocolProtos.java:13157)
	at org.apache.hadoop.ipc.ProtobufRpcEngine$Server$ProtoBufRpcInvoker.call(ProtobufRpcEngine.java:524)
	at org.apache.hadoop.ipc.RPC$Server.call(RPC.java:1025)
	at org.apache.hadoop.ipc.Server$RpcCall.run(Server.java:876)
	at org.apache.hadoop.ipc.Server$RpcCall.run(Server.java:822)
	at java.security.AccessController.doPrivileged(Native Method)
	at javax.security.auth.Subject.doAs(Subject.java:422)
	at org.apache.hadoop.security.UserGroupInformation.doAs(UserGroupInformation.java:1730)
	at org.apache.hadoop.ipc.Server$Handler.run(Server.java:2682)
2019-09-25 04:52:22,817 [IPC Server handler 17 on 34267] INFO  block.BlockManagerImpl (BlockManagerImpl.java:allocateBlock(198)) - Could not find available pipeline of type:RATIS and factor:THREE even after retrying
2019-09-25 04:52:22,817 [IPC Server handler 17 on 34267] ERROR block.BlockManagerImpl (BlockManagerImpl.java:allocateBlock(222)) - Unable to allocate a block for the size: 800, type: RATIS, factor: THREE
2019-09-25 04:52:22,820 [main] INFO  ozone.MiniOzoneClusterImpl (MiniOzoneClusterImpl.java:shutdown(314)) - Shutting down the Mini Ozone Cluster
2019-09-25 04:52:22,821 [main] INFO  ozone.MiniOzoneClusterImpl (MiniOzoneClusterImpl.java:stop(330)) - Stopping the Mini Ozone Cluster
2019-09-25 04:52:22,821 [main] INFO  ozone.MiniOzoneClusterImpl (MiniOzoneClusterImpl.java:stopOM(400)) - Stopping the OzoneManager
2019-09-25 04:52:22,821 [main] INFO  ipc.Server (Server.java:stop(3082)) - Stopping server on 34849
2019-09-25 04:52:22,833 [main] INFO  ratis.OzoneManagerDoubleBuffer (OzoneManagerDoubleBuffer.java:stop(248)) - Stopping OMDoubleBuffer flush thread
2019-09-25 04:52:22,833 [IPC Server listener on 34849] INFO  ipc.Server (Server.java:run(1185)) - Stopping IPC Server listener on 34849
2019-09-25 04:52:22,833 [IPC Server Responder] INFO  ipc.Server (Server.java:run(1319)) - Stopping IPC Server Responder
2019-09-25 04:52:22,841 [OMDoubleBufferFlushThread] INFO  ratis.OzoneManagerDoubleBuffer (OzoneManagerDoubleBuffer.java:flushTransactions(191)) - OMDoubleBuffer flush thread OMDoubleBufferFlushThread is interrupted and will exit. OMDoubleBufferFlushThread
2019-09-25 04:52:22,866 [main] INFO  utils.BackgroundService (BackgroundService.java:shutdown(148)) - Shutting down service KeyDeletingService
2019-09-25 04:52:22,889 [main] INFO  handler.ContextHandler (ContextHandler.java:doStop(910)) - Stopped o.e.j.w.WebAppContext@717d7587{/,null,UNAVAILABLE}{/ozoneManager}
2019-09-25 04:52:22,889 [main] INFO  server.AbstractConnector (AbstractConnector.java:doStop(318)) - Stopped ServerConnector@3e906375{HTTP/1.1,[http/1.1]}{0.0.0.0:0}
2019-09-25 04:52:22,890 [main] INFO  handler.ContextHandler (ContextHandler.java:doStop(910)) - Stopped o.e.j.s.ServletContextHandler@15f35bc3{/static,file:///workdir/hadoop-ozone/integration-test/target/test-classes/webapps/static,UNAVAILABLE}
2019-09-25 04:52:22,890 [main] INFO  handler.ContextHandler (ContextHandler.java:doStop(910)) - Stopped o.e.j.s.ServletContextHandler@34585ac9{/logs,file:///workdir/hadoop-ozone/integration-test/target/log,UNAVAILABLE}
2019-09-25 04:52:22,892 [main] INFO  ozone.MiniOzoneClusterImpl (MiniOzoneClusterImpl.java:stopDatanodes(377)) - Stopping the HddsDatanodes
2019-09-25 04:52:23,384 [Thread-684] INFO  container.ReplicationManager (ReplicationManager.java:start(163)) - Starting Replication Monitor Thread.
2019-09-25 04:52:23,389 [ReplicationMonitor] INFO  container.ReplicationManager (ReplicationManager.java:run(226)) - Replication Monitor Thread took 0 milliseconds for processing 0 containers.
2019-09-25 04:52:23,435 [Datanode State Machine Thread - 0] INFO  statemachine.DatanodeStateMachine (DatanodeStateMachine.java:lambda$startDaemon$0(350)) - Ozone container server started.
2019-09-25 04:52:23,690 [Datanode State Machine Thread - 0] INFO  statemachine.DatanodeStateMachine (DatanodeStateMachine.java:lambda$startDaemon$0(350)) - Ozone container server started.
2019-09-25 04:52:25,623 [Thread-686] INFO  impl.FollowerState (FollowerState.java:run(106)) - 4370308c-ceb4-49a9-9879-5927b69a5f85:group-777739EB62CC changes to CANDIDATE, lastRpcTime:5153, electionTimeout:5153ms
2019-09-25 04:52:25,623 [Thread-686] INFO  impl.RoleInfo (RoleInfo.java:shutdownFollowerState(121)) - 4370308c-ceb4-49a9-9879-5927b69a5f85: shutdown FollowerState
2019-09-25 04:52:25,624 [Thread-686] INFO  impl.RaftServerImpl (RaftServerImpl.java:setRole(174)) - 4370308c-ceb4-49a9-9879-5927b69a5f85@group-777739EB62CC: changes role from  FOLLOWER to CANDIDATE at term 0 for changeToCandidate
2019-09-25 04:52:25,624 [Thread-686] INFO  impl.RoleInfo (RoleInfo.java:updateAndGet(143)) - 4370308c-ceb4-49a9-9879-5927b69a5f85: start LeaderElection
2019-09-25 04:52:25,643 [4370308c-ceb4-49a9-9879-5927b69a5f85@group-777739EB62CC:LeaderElection43] INFO  impl.LeaderElection (LeaderElection.java:askForVotes(182)) - 4370308c-ceb4-49a9-9879-5927b69a5f85@group-777739EB62CC:LeaderElection43: begin an election at term 1 for -1: [4370308c-ceb4-49a9-9879-5927b69a5f85:192.168.164.207:34481], old=null
2019-09-25 04:52:25,643 [4370308c-ceb4-49a9-9879-5927b69a5f85@group-777739EB62CC:LeaderElection43] INFO  impl.RoleInfo (RoleInfo.java:shutdownLeaderElection(134)) - 4370308c-ceb4-49a9-9879-5927b69a5f85: shutdown LeaderElection
2019-09-25 04:52:25,643 [4370308c-ceb4-49a9-9879-5927b69a5f85@group-777739EB62CC:LeaderElection43] INFO  impl.RaftServerImpl (RaftServerImpl.java:setRole(174)) - 4370308c-ceb4-49a9-9879-5927b69a5f85@group-777739EB62CC: changes role from CANDIDATE to LEADER at term 1 for changeToLeader
2019-09-25 04:52:25,643 [4370308c-ceb4-49a9-9879-5927b69a5f85@group-777739EB62CC:LeaderElection43] INFO  impl.RaftServerImpl (ServerState.java:setLeader(253)) - 4370308c-ceb4-49a9-9879-5927b69a5f85@group-777739EB62CC: change Leader from null to 4370308c-ceb4-49a9-9879-5927b69a5f85 at term 1 for becomeLeader, leader elected after 5184ms
2019-09-25 04:52:25,646 [4370308c-ceb4-49a9-9879-5927b69a5f85@group-777739EB62CC:LeaderElection43] INFO  server.RaftServerConfigKeys (ConfUtils.java:logGet(43)) - raft.server.staging.catchup.gap = 1000 (default)
2019-09-25 04:52:25,646 [4370308c-ceb4-49a9-9879-5927b69a5f85@group-777739EB62CC:LeaderElection43] INFO  server.RaftServerConfigKeys (ConfUtils.java:logGet(43)) - raft.server.rpc.sleep.time = 25ms (default)
2019-09-25 04:52:25,646 [4370308c-ceb4-49a9-9879-5927b69a5f85@group-777739EB62CC:LeaderElection43] INFO  server.RaftServerConfigKeys (ConfUtils.java:logGet(43)) - raft.server.write.element-limit = 4096 (default)
2019-09-25 04:52:25,646 [4370308c-ceb4-49a9-9879-5927b69a5f85@group-777739EB62CC:LeaderElection43] INFO  server.RaftServerConfigKeys (ConfUtils.java:logGet(43)) - raft.server.watch.timeout = 10s (default)
2019-09-25 04:52:25,647 [4370308c-ceb4-49a9-9879-5927b69a5f85@group-777739EB62CC:LeaderElection43] INFO  server.RaftServerConfigKeys (ConfUtils.java:logGet(43)) - raft.server.watch.timeout.denomination = 1s (default)
2019-09-25 04:52:25,647 [4370308c-ceb4-49a9-9879-5927b69a5f85@group-777739EB62CC:LeaderElection43] INFO  server.RaftServerConfigKeys (ConfUtils.java:logGet(43)) - raft.server.watch.element-limit = 65536 (default)
2019-09-25 04:52:25,649 [4370308c-ceb4-49a9-9879-5927b69a5f85@group-777739EB62CC:LeaderElection43] INFO  impl.RoleInfo (RoleInfo.java:updateAndGet(143)) - 4370308c-ceb4-49a9-9879-5927b69a5f85: start LeaderState
2019-09-25 04:52:25,649 [4370308c-ceb4-49a9-9879-5927b69a5f85@group-777739EB62CC:LeaderElection43] INFO  segmented.SegmentedRaftLogWorker (SegmentedRaftLogWorker.java:startLogSegment(380)) - 4370308c-ceb4-49a9-9879-5927b69a5f85@group-777739EB62CC-SegmentedRaftLogWorker: Starting segment from index:0
2019-09-25 04:52:25,650 [4370308c-ceb4-49a9-9879-5927b69a5f85@group-777739EB62CC:LeaderElection43] INFO  impl.RaftServerImpl (ServerState.java:setRaftConf(354)) - 4370308c-ceb4-49a9-9879-5927b69a5f85@group-777739EB62CC: set configuration 0: [4370308c-ceb4-49a9-9879-5927b69a5f85:192.168.164.207:34481], old=null at 0
2019-09-25 04:52:25,669 [Thread-689] INFO  impl.FollowerState (FollowerState.java:run(106)) - bcc74fd2-3a06-4539-867d-223a418d820d:group-E6CCF60E0BCE changes to CANDIDATE, lastRpcTime:5118, electionTimeout:5118ms
2019-09-25 04:52:25,669 [Thread-689] INFO  impl.RoleInfo (RoleInfo.java:shutdownFollowerState(121)) - bcc74fd2-3a06-4539-867d-223a418d820d: shutdown FollowerState
2019-09-25 04:52:25,669 [Thread-689] INFO  impl.RaftServerImpl (RaftServerImpl.java:setRole(174)) - bcc74fd2-3a06-4539-867d-223a418d820d@group-E6CCF60E0BCE: changes role from  FOLLOWER to CANDIDATE at term 0 for changeToCandidate
2019-09-25 04:52:25,669 [Thread-689] INFO  impl.RoleInfo (RoleInfo.java:updateAndGet(143)) - bcc74fd2-3a06-4539-867d-223a418d820d: start LeaderElection
2019-09-25 04:52:25,704 [4370308c-ceb4-49a9-9879-5927b69a5f85@group-777739EB62CC-SegmentedRaftLogWorker] INFO  segmented.SegmentedRaftLogWorker (SegmentedRaftLogWorker.java:execute(569)) - 4370308c-ceb4-49a9-9879-5927b69a5f85@group-777739EB62CC-SegmentedRaftLogWorker: created new log segment /workdir/hadoop-ozone/integration-test/target/test-dir/MiniOzoneClusterImpl-d3c81739-79da-4dbe-9ced-b164d958c5b5/datanode-0/data/ratis/a566e93f-f54a-464f-ac29-777739eb62cc/current/log_inprogress_0
2019-09-25 04:52:25,704 [bcc74fd2-3a06-4539-867d-223a418d820d@group-E6CCF60E0BCE:LeaderElection44] INFO  impl.LeaderElection (LeaderElection.java:askForVotes(182)) - bcc74fd2-3a06-4539-867d-223a418d820d@group-E6CCF60E0BCE:LeaderElection44: begin an election at term 1 for -1: [bcc74fd2-3a06-4539-867d-223a418d820d:192.168.164.207:36081], old=null
2019-09-25 04:52:25,705 [bcc74fd2-3a06-4539-867d-223a418d820d@group-E6CCF60E0BCE:LeaderElection44] INFO  impl.RoleInfo (RoleInfo.java:shutdownLeaderElection(134)) - bcc74fd2-3a06-4539-867d-223a418d820d: shutdown LeaderElection
2019-09-25 04:52:25,705 [bcc74fd2-3a06-4539-867d-223a418d820d@group-E6CCF60E0BCE:LeaderElection44] INFO  impl.RaftServerImpl (RaftServerImpl.java:setRole(174)) - bcc74fd2-3a06-4539-867d-223a418d820d@group-E6CCF60E0BCE: changes role from CANDIDATE to LEADER at term 1 for changeToLeader
2019-09-25 04:52:25,705 [bcc74fd2-3a06-4539-867d-223a418d820d@group-E6CCF60E0BCE:LeaderElection44] INFO  impl.RaftServerImpl (ServerState.java:setLeader(253)) - bcc74fd2-3a06-4539-867d-223a418d820d@group-E6CCF60E0BCE: change Leader from null to bcc74fd2-3a06-4539-867d-223a418d820d at term 1 for becomeLeader, leader elected after 5166ms
2019-09-25 04:52:25,708 [bcc74fd2-3a06-4539-867d-223a418d820d@group-E6CCF60E0BCE:LeaderElection44] INFO  server.RaftServerConfigKeys (ConfUtils.java:logGet(43)) - raft.server.staging.catchup.gap = 1000 (default)
2019-09-25 04:52:25,708 [bcc74fd2-3a06-4539-867d-223a418d820d@group-E6CCF60E0BCE:LeaderElection44] INFO  server.RaftServerConfigKeys (ConfUtils.java:logGet(43)) - raft.server.rpc.sleep.time = 25ms (default)
2019-09-25 04:52:25,708 [bcc74fd2-3a06-4539-867d-223a418d820d@group-E6CCF60E0BCE:LeaderElection44] INFO  server.RaftServerConfigKeys (ConfUtils.java:logGet(43)) - raft.server.write.element-limit = 4096 (default)
2019-09-25 04:52:25,708 [bcc74fd2-3a06-4539-867d-223a418d820d@group-E6CCF60E0BCE:LeaderElection44] INFO  server.RaftServerConfigKeys (ConfUtils.java:logGet(43)) - raft.server.watch.timeout = 10s (default)
2019-09-25 04:52:25,708 [bcc74fd2-3a06-4539-867d-223a418d820d@group-E6CCF60E0BCE:LeaderElection44] INFO  server.RaftServerConfigKeys (ConfUtils.java:logGet(43)) - raft.server.watch.timeout.denomination = 1s (default)
2019-09-25 04:52:25,708 [bcc74fd2-3a06-4539-867d-223a418d820d@group-E6CCF60E0BCE:LeaderElection44] INFO  server.RaftServerConfigKeys (ConfUtils.java:logGet(43)) - raft.server.watch.element-limit = 65536 (default)
2019-09-25 04:52:25,710 [bcc74fd2-3a06-4539-867d-223a418d820d@group-E6CCF60E0BCE:LeaderElection44] INFO  impl.RoleInfo (RoleInfo.java:updateAndGet(143)) - bcc74fd2-3a06-4539-867d-223a418d820d: start LeaderState
2019-09-25 04:52:25,711 [bcc74fd2-3a06-4539-867d-223a418d820d@group-E6CCF60E0BCE:LeaderElection44] INFO  segmented.SegmentedRaftLogWorker (SegmentedRaftLogWorker.java:startLogSegment(380)) - bcc74fd2-3a06-4539-867d-223a418d820d@group-E6CCF60E0BCE-SegmentedRaftLogWorker: Starting segment from index:0
2019-09-25 04:52:25,711 [bcc74fd2-3a06-4539-867d-223a418d820d@group-E6CCF60E0BCE:LeaderElection44] INFO  impl.RaftServerImpl (ServerState.java:setRaftConf(354)) - bcc74fd2-3a06-4539-867d-223a418d820d@group-E6CCF60E0BCE: set configuration 0: [bcc74fd2-3a06-4539-867d-223a418d820d:192.168.164.207:36081], old=null at 0
2019-09-25 04:52:25,715 [Thread-698] INFO  impl.FollowerState (FollowerState.java:run(106)) - bcc74fd2-3a06-4539-867d-223a418d820d:group-749BB3F0091A changes to CANDIDATE, lastRpcTime:5051, electionTimeout:5051ms
2019-09-25 04:52:25,715 [Thread-698] INFO  impl.RoleInfo (RoleInfo.java:shutdownFollowerState(121)) - bcc74fd2-3a06-4539-867d-223a418d820d: shutdown FollowerState
2019-09-25 04:52:25,715 [Thread-698] INFO  impl.RaftServerImpl (RaftServerImpl.java:setRole(174)) - bcc74fd2-3a06-4539-867d-223a418d820d@group-749BB3F0091A: changes role from  FOLLOWER to CANDIDATE at term 0 for changeToCandidate
2019-09-25 04:52:25,716 [Thread-698] INFO  impl.RoleInfo (RoleInfo.java:updateAndGet(143)) - bcc74fd2-3a06-4539-867d-223a418d820d: start LeaderElection
2019-09-25 04:52:25,754 [Thread-692] INFO  impl.FollowerState (FollowerState.java:run(106)) - 4370308c-ceb4-49a9-9879-5927b69a5f85:group-D78073311653 changes to CANDIDATE, lastRpcTime:5155, electionTimeout:5155ms
2019-09-25 04:52:25,755 [Thread-692] INFO  impl.RoleInfo (RoleInfo.java:shutdownFollowerState(121)) - 4370308c-ceb4-49a9-9879-5927b69a5f85: shutdown FollowerState
2019-09-25 04:52:25,755 [Thread-692] INFO  impl.RaftServerImpl (RaftServerImpl.java:setRole(174)) - 4370308c-ceb4-49a9-9879-5927b69a5f85@group-D78073311653: changes role from  FOLLOWER to CANDIDATE at term 0 for changeToCandidate
2019-09-25 04:52:25,755 [Thread-692] INFO  impl.RoleInfo (RoleInfo.java:updateAndGet(143)) - 4370308c-ceb4-49a9-9879-5927b69a5f85: start LeaderElection
2019-09-25 04:52:25,765 [bcc74fd2-3a06-4539-867d-223a418d820d@group-E6CCF60E0BCE-SegmentedRaftLogWorker] INFO  segmented.SegmentedRaftLogWorker (SegmentedRaftLogWorker.java:execute(569)) - bcc74fd2-3a06-4539-867d-223a418d820d@group-E6CCF60E0BCE-SegmentedRaftLogWorker: created new log segment /workdir/hadoop-ozone/integration-test/target/test-dir/MiniOzoneClusterImpl-d3c81739-79da-4dbe-9ced-b164d958c5b5/datanode-1/data/ratis/50af68c3-032a-45a5-a575-e6ccf60e0bce/current/log_inprogress_0
2019-09-25 04:52:25,765 [bcc74fd2-3a06-4539-867d-223a418d820d@group-749BB3F0091A:LeaderElection45] INFO  impl.LeaderElection (LeaderElection.java:askForVotes(182)) - bcc74fd2-3a06-4539-867d-223a418d820d@group-749BB3F0091A:LeaderElection45: begin an election at term 1 for -1: [bcc74fd2-3a06-4539-867d-223a418d820d:192.168.164.207:36081], old=null
2019-09-25 04:52:25,765 [4370308c-ceb4-49a9-9879-5927b69a5f85@group-D78073311653:LeaderElection46] INFO  impl.LeaderElection (LeaderElection.java:askForVotes(182)) - 4370308c-ceb4-49a9-9879-5927b69a5f85@group-D78073311653:LeaderElection46: begin an election at term 1 for -1: [4370308c-ceb4-49a9-9879-5927b69a5f85:192.168.164.207:34481], old=null
2019-09-25 04:52:25,765 [bcc74fd2-3a06-4539-867d-223a418d820d@group-749BB3F0091A:LeaderElection45] INFO  impl.RoleInfo (RoleInfo.java:shutdownLeaderElection(134)) - bcc74fd2-3a06-4539-867d-223a418d820d: shutdown LeaderElection
2019-09-25 04:52:25,765 [4370308c-ceb4-49a9-9879-5927b69a5f85@group-D78073311653:LeaderElection46] INFO  impl.RoleInfo (RoleInfo.java:shutdownLeaderElection(134)) - 4370308c-ceb4-49a9-9879-5927b69a5f85: shutdown LeaderElection
2019-09-25 04:52:25,765 [bcc74fd2-3a06-4539-867d-223a418d820d@group-749BB3F0091A:LeaderElection45] INFO  impl.RaftServerImpl (RaftServerImpl.java:setRole(174)) - bcc74fd2-3a06-4539-867d-223a418d820d@group-749BB3F0091A: changes role from CANDIDATE to LEADER at term 1 for changeToLeader
2019-09-25 04:52:25,766 [4370308c-ceb4-49a9-9879-5927b69a5f85@group-D78073311653:LeaderElection46] INFO  impl.RaftServerImpl (RaftServerImpl.java:setRole(174)) - 4370308c-ceb4-49a9-9879-5927b69a5f85@group-D78073311653: changes role from CANDIDATE to LEADER at term 1 for changeToLeader
2019-09-25 04:52:25,766 [bcc74fd2-3a06-4539-867d-223a418d820d@group-749BB3F0091A:LeaderElection45] INFO  impl.RaftServerImpl (ServerState.java:setLeader(253)) - bcc74fd2-3a06-4539-867d-223a418d820d@group-749BB3F0091A: change Leader from null to bcc74fd2-3a06-4539-867d-223a418d820d at term 1 for becomeLeader, leader elected after 5108ms
2019-09-25 04:52:25,766 [4370308c-ceb4-49a9-9879-5927b69a5f85@group-D78073311653:LeaderElection46] INFO  impl.RaftServerImpl (ServerState.java:setLeader(253)) - 4370308c-ceb4-49a9-9879-5927b69a5f85@group-D78073311653: change Leader from null to 4370308c-ceb4-49a9-9879-5927b69a5f85 at term 1 for becomeLeader, leader elected after 5173ms
2019-09-25 04:52:25,766 [bcc74fd2-3a06-4539-867d-223a418d820d@group-749BB3F0091A:LeaderElection45] INFO  server.RaftServerConfigKeys (ConfUtils.java:logGet(43)) - raft.server.staging.catchup.gap = 1000 (default)
2019-09-25 04:52:25,766 [4370308c-ceb4-49a9-9879-5927b69a5f85@group-D78073311653:LeaderElection46] INFO  server.RaftServerConfigKeys (ConfUtils.java:logGet(43)) - raft.server.staging.catchup.gap = 1000 (default)
2019-09-25 04:52:25,766 [bcc74fd2-3a06-4539-867d-223a418d820d@group-749BB3F0091A:LeaderElection45] INFO  server.RaftServerConfigKeys (ConfUtils.java:logGet(43)) - raft.server.rpc.sleep.time = 25ms (default)
2019-09-25 04:52:25,766 [4370308c-ceb4-49a9-9879-5927b69a5f85@group-D78073311653:LeaderElection46] INFO  server.RaftServerConfigKeys (ConfUtils.java:logGet(43)) - raft.server.rpc.sleep.time = 25ms (default)
2019-09-25 04:52:25,767 [bcc74fd2-3a06-4539-867d-223a418d820d@group-749BB3F0091A:LeaderElection45] INFO  server.RaftServerConfigKeys (ConfUtils.java:logGet(43)) - raft.server.write.element-limit = 4096 (default)
2019-09-25 04:52:25,767 [4370308c-ceb4-49a9-9879-5927b69a5f85@group-D78073311653:LeaderElection46] INFO  server.RaftServerConfigKeys (ConfUtils.java:logGet(43)) - raft.server.write.element-limit = 4096 (default)
2019-09-25 04:52:25,767 [bcc74fd2-3a06-4539-867d-223a418d820d@group-749BB3F0091A:LeaderElection45] INFO  server.RaftServerConfigKeys (ConfUtils.java:logGet(43)) - raft.server.watch.timeout = 10s (default)
2019-09-25 04:52:25,767 [4370308c-ceb4-49a9-9879-5927b69a5f85@group-D78073311653:LeaderElection46] INFO  server.RaftServerConfigKeys (ConfUtils.java:logGet(43)) - raft.server.watch.timeout = 10s (default)
2019-09-25 04:52:25,767 [bcc74fd2-3a06-4539-867d-223a418d820d@group-749BB3F0091A:LeaderElection45] INFO  server.RaftServerConfigKeys (ConfUtils.java:logGet(43)) - raft.server.watch.timeout.denomination = 1s (default)
2019-09-25 04:52:25,767 [4370308c-ceb4-49a9-9879-5927b69a5f85@group-D78073311653:LeaderElection46] INFO  server.RaftServerConfigKeys (ConfUtils.java:logGet(43)) - raft.server.watch.timeout.denomination = 1s (default)
2019-09-25 04:52:25,767 [bcc74fd2-3a06-4539-867d-223a418d820d@group-749BB3F0091A:LeaderElection45] INFO  server.RaftServerConfigKeys (ConfUtils.java:logGet(43)) - raft.server.watch.element-limit = 65536 (default)
2019-09-25 04:52:25,768 [4370308c-ceb4-49a9-9879-5927b69a5f85@group-D78073311653:LeaderElection46] INFO  server.RaftServerConfigKeys (ConfUtils.java:logGet(43)) - raft.server.watch.element-limit = 65536 (default)
2019-09-25 04:52:25,771 [bcc74fd2-3a06-4539-867d-223a418d820d@group-749BB3F0091A:LeaderElection45] INFO  impl.RoleInfo (RoleInfo.java:updateAndGet(143)) - bcc74fd2-3a06-4539-867d-223a418d820d: start LeaderState
2019-09-25 04:52:25,772 [4370308c-ceb4-49a9-9879-5927b69a5f85@group-D78073311653:LeaderElection46] INFO  impl.RoleInfo (RoleInfo.java:updateAndGet(143)) - 4370308c-ceb4-49a9-9879-5927b69a5f85: start LeaderState
2019-09-25 04:52:25,772 [bcc74fd2-3a06-4539-867d-223a418d820d@group-749BB3F0091A:LeaderElection45] INFO  segmented.SegmentedRaftLogWorker (SegmentedRaftLogWorker.java:startLogSegment(380)) - bcc74fd2-3a06-4539-867d-223a418d820d@group-749BB3F0091A-SegmentedRaftLogWorker: Starting segment from index:0
2019-09-25 04:52:25,772 [4370308c-ceb4-49a9-9879-5927b69a5f85@group-D78073311653:LeaderElection46] INFO  segmented.SegmentedRaftLogWorker (SegmentedRaftLogWorker.java:startLogSegment(380)) - 4370308c-ceb4-49a9-9879-5927b69a5f85@group-D78073311653-SegmentedRaftLogWorker: Starting segment from index:0
2019-09-25 04:52:25,773 [bcc74fd2-3a06-4539-867d-223a418d820d@group-749BB3F0091A:LeaderElection45] INFO  impl.RaftServerImpl (ServerState.java:setRaftConf(354)) - bcc74fd2-3a06-4539-867d-223a418d820d@group-749BB3F0091A: set configuration 0: [bcc74fd2-3a06-4539-867d-223a418d820d:192.168.164.207:36081], old=null at 0
2019-09-25 04:52:25,773 [4370308c-ceb4-49a9-9879-5927b69a5f85@group-D78073311653:LeaderElection46] INFO  impl.RaftServerImpl (ServerState.java:setRaftConf(354)) - 4370308c-ceb4-49a9-9879-5927b69a5f85@group-D78073311653: set configuration 0: [4370308c-ceb4-49a9-9879-5927b69a5f85:192.168.164.207:34481], old=null at 0
2019-09-25 04:52:25,817 [bcc74fd2-3a06-4539-867d-223a418d820d@group-749BB3F0091A-SegmentedRaftLogWorker] INFO  segmented.SegmentedRaftLogWorker (SegmentedRaftLogWorker.java:execute(569)) - bcc74fd2-3a06-4539-867d-223a418d820d@group-749BB3F0091A-SegmentedRaftLogWorker: created new log segment /workdir/hadoop-ozone/integration-test/target/test-dir/MiniOzoneClusterImpl-d3c81739-79da-4dbe-9ced-b164d958c5b5/datanode-1/data/ratis/764873e3-89ba-4206-8699-749bb3f0091a/current/log_inprogress_0
2019-09-25 04:52:25,817 [4370308c-ceb4-49a9-9879-5927b69a5f85@group-D78073311653-SegmentedRaftLogWorker] INFO  segmented.SegmentedRaftLogWorker (SegmentedRaftLogWorker.java:execute(569)) - 4370308c-ceb4-49a9-9879-5927b69a5f85@group-D78073311653-SegmentedRaftLogWorker: created new log segment /workdir/hadoop-ozone/integration-test/target/test-dir/MiniOzoneClusterImpl-d3c81739-79da-4dbe-9ced-b164d958c5b5/datanode-0/data/ratis/7de5ad89-f139-4f27-8e16-d78073311653/current/log_inprogress_0
2019-09-25 04:52:25,824 [Thread-701] INFO  impl.FollowerState (FollowerState.java:run(106)) - bb4fa670-e092-4403-b4a0-776b8e3a297a:group-46E87D7D8B8E changes to CANDIDATE, lastRpcTime:5096, electionTimeout:5096ms
2019-09-25 04:52:25,825 [Thread-701] INFO  impl.RoleInfo (RoleInfo.java:shutdownFollowerState(121)) - bb4fa670-e092-4403-b4a0-776b8e3a297a: shutdown FollowerState
2019-09-25 04:52:25,825 [Thread-701] INFO  impl.RaftServerImpl (RaftServerImpl.java:setRole(174)) - bb4fa670-e092-4403-b4a0-776b8e3a297a@group-46E87D7D8B8E: changes role from  FOLLOWER to CANDIDATE at term 0 for changeToCandidate
2019-09-25 04:52:25,825 [Thread-701] INFO  impl.RoleInfo (RoleInfo.java:updateAndGet(143)) - bb4fa670-e092-4403-b4a0-776b8e3a297a: start LeaderElection
2019-09-25 04:52:25,828 [Thread-695] INFO  impl.FollowerState (FollowerState.java:run(106)) - 4370308c-ceb4-49a9-9879-5927b69a5f85:group-7FEE2DB622D8 changes to CANDIDATE, lastRpcTime:5193, electionTimeout:5192ms
2019-09-25 04:52:25,829 [Thread-695] INFO  impl.RoleInfo (RoleInfo.java:shutdownFollowerState(121)) - 4370308c-ceb4-49a9-9879-5927b69a5f85: shutdown FollowerState
2019-09-25 04:52:25,829 [Thread-695] INFO  impl.RaftServerImpl (RaftServerImpl.java:setRole(174)) - 4370308c-ceb4-49a9-9879-5927b69a5f85@group-7FEE2DB622D8: changes role from  FOLLOWER to CANDIDATE at term 0 for changeToCandidate
2019-09-25 04:52:25,829 [Thread-695] INFO  impl.RoleInfo (RoleInfo.java:updateAndGet(143)) - 4370308c-ceb4-49a9-9879-5927b69a5f85: start LeaderElection
2019-09-25 04:52:25,832 [Thread-707] INFO  impl.FollowerState (FollowerState.java:run(106)) - bb4fa670-e092-4403-b4a0-776b8e3a297a:group-351FA9503CEC changes to CANDIDATE, lastRpcTime:5006, electionTimeout:5005ms
2019-09-25 04:52:25,832 [bb4fa670-e092-4403-b4a0-776b8e3a297a@group-46E87D7D8B8E:LeaderElection47] INFO  impl.LeaderElection (LeaderElection.java:askForVotes(182)) - bb4fa670-e092-4403-b4a0-776b8e3a297a@group-46E87D7D8B8E:LeaderElection47: begin an election at term 1 for -1: [bb4fa670-e092-4403-b4a0-776b8e3a297a:192.168.164.207:42708], old=null
2019-09-25 04:52:25,832 [Thread-707] INFO  impl.RoleInfo (RoleInfo.java:shutdownFollowerState(121)) - bb4fa670-e092-4403-b4a0-776b8e3a297a: shutdown FollowerState
2019-09-25 04:52:25,832 [bb4fa670-e092-4403-b4a0-776b8e3a297a@group-46E87D7D8B8E:LeaderElection47] INFO  impl.RoleInfo (RoleInfo.java:shutdownLeaderElection(134)) - bb4fa670-e092-4403-b4a0-776b8e3a297a: shutdown LeaderElection
2019-09-25 04:52:25,833 [Thread-707] INFO  impl.RaftServerImpl (RaftServerImpl.java:setRole(174)) - bb4fa670-e092-4403-b4a0-776b8e3a297a@group-351FA9503CEC: changes role from  FOLLOWER to CANDIDATE at term 0 for changeToCandidate
2019-09-25 04:52:25,833 [bb4fa670-e092-4403-b4a0-776b8e3a297a@group-46E87D7D8B8E:LeaderElection47] INFO  impl.RaftServerImpl (RaftServerImpl.java:setRole(174)) - bb4fa670-e092-4403-b4a0-776b8e3a297a@group-46E87D7D8B8E: changes role from CANDIDATE to LEADER at term 1 for changeToLeader
2019-09-25 04:52:25,833 [Thread-707] INFO  impl.RoleInfo (RoleInfo.java:updateAndGet(143)) - bb4fa670-e092-4403-b4a0-776b8e3a297a: start LeaderElection
2019-09-25 04:52:25,833 [bb4fa670-e092-4403-b4a0-776b8e3a297a@group-46E87D7D8B8E:LeaderElection47] INFO  impl.RaftServerImpl (ServerState.java:setLeader(253)) - bb4fa670-e092-4403-b4a0-776b8e3a297a@group-46E87D7D8B8E: change Leader from null to bb4fa670-e092-4403-b4a0-776b8e3a297a at term 1 for becomeLeader, leader elected after 5114ms
2019-09-25 04:52:25,836 [bb4fa670-e092-4403-b4a0-776b8e3a297a@group-46E87D7D8B8E:LeaderElection47] INFO  server.RaftServerConfigKeys (ConfUtils.java:logGet(43)) - raft.server.staging.catchup.gap = 1000 (default)
2019-09-25 04:52:25,839 [4370308c-ceb4-49a9-9879-5927b69a5f85@group-7FEE2DB622D8:LeaderElection48] INFO  impl.LeaderElection (LeaderElection.java:askForVotes(182)) - 4370308c-ceb4-49a9-9879-5927b69a5f85@group-7FEE2DB622D8:LeaderElection48: begin an election at term 1 for -1: [4370308c-ceb4-49a9-9879-5927b69a5f85:192.168.164.207:34481], old=null
2019-09-25 04:52:25,839 [bb4fa670-e092-4403-b4a0-776b8e3a297a@group-46E87D7D8B8E:LeaderElection47] INFO  server.RaftServerConfigKeys (ConfUtils.java:logGet(43)) - raft.server.rpc.sleep.time = 25ms (default)
2019-09-25 04:52:25,839 [4370308c-ceb4-49a9-9879-5927b69a5f85@group-7FEE2DB622D8:LeaderElection48] INFO  impl.RoleInfo (RoleInfo.java:shutdownLeaderElection(134)) - 4370308c-ceb4-49a9-9879-5927b69a5f85: shutdown LeaderElection
2019-09-25 04:52:25,839 [bb4fa670-e092-4403-b4a0-776b8e3a297a@group-46E87D7D8B8E:LeaderElection47] INFO  server.RaftServerConfigKeys (ConfUtils.java:logGet(43)) - raft.server.write.element-limit = 4096 (default)
2019-09-25 04:52:25,839 [4370308c-ceb4-49a9-9879-5927b69a5f85@group-7FEE2DB622D8:LeaderElection48] INFO  impl.RaftServerImpl (RaftServerImpl.java:setRole(174)) - 4370308c-ceb4-49a9-9879-5927b69a5f85@group-7FEE2DB622D8: changes role from CANDIDATE to LEADER at term 1 for changeToLeader
2019-09-25 04:52:25,839 [bb4fa670-e092-4403-b4a0-776b8e3a297a@group-46E87D7D8B8E:LeaderElection47] INFO  server.RaftServerConfigKeys (ConfUtils.java:logGet(43)) - raft.server.watch.timeout = 10s (default)
2019-09-25 04:52:25,839 [4370308c-ceb4-49a9-9879-5927b69a5f85@group-7FEE2DB622D8:LeaderElection48] INFO  impl.RaftServerImpl (ServerState.java:setLeader(253)) - 4370308c-ceb4-49a9-9879-5927b69a5f85@group-7FEE2DB622D8: change Leader from null to 4370308c-ceb4-49a9-9879-5927b69a5f85 at term 1 for becomeLeader, leader elected after 5211ms
2019-09-25 04:52:25,839 [bb4fa670-e092-4403-b4a0-776b8e3a297a@group-46E87D7D8B8E:LeaderElection47] INFO  server.RaftServerConfigKeys (ConfUtils.java:logGet(43)) - raft.server.watch.timeout.denomination = 1s (default)
2019-09-25 04:52:25,840 [4370308c-ceb4-49a9-9879-5927b69a5f85@group-7FEE2DB622D8:LeaderElection48] INFO  server.RaftServerConfigKeys (ConfUtils.java:logGet(43)) - raft.server.staging.catchup.gap = 1000 (default)
2019-09-25 04:52:25,840 [bb4fa670-e092-4403-b4a0-776b8e3a297a@group-46E87D7D8B8E:LeaderElection47] INFO  server.RaftServerConfigKeys (ConfUtils.java:logGet(43)) - raft.server.watch.element-limit = 65536 (default)
2019-09-25 04:52:25,840 [4370308c-ceb4-49a9-9879-5927b69a5f85@group-7FEE2DB622D8:LeaderElection48] INFO  server.RaftServerConfigKeys (ConfUtils.java:logGet(43)) - raft.server.rpc.sleep.time = 25ms (default)
2019-09-25 04:52:25,840 [4370308c-ceb4-49a9-9879-5927b69a5f85@group-7FEE2DB622D8:LeaderElection48] INFO  server.RaftServerConfigKeys (ConfUtils.java:logGet(43)) - raft.server.write.element-limit = 4096 (default)
2019-09-25 04:52:25,840 [4370308c-ceb4-49a9-9879-5927b69a5f85@group-7FEE2DB622D8:LeaderElection48] INFO  server.RaftServerConfigKeys (ConfUtils.java:logGet(43)) - raft.server.watch.timeout = 10s (default)
2019-09-25 04:52:25,841 [4370308c-ceb4-49a9-9879-5927b69a5f85@group-7FEE2DB622D8:LeaderElection48] INFO  server.RaftServerConfigKeys (ConfUtils.java:logGet(43)) - raft.server.watch.timeout.denomination = 1s (default)
2019-09-25 04:52:25,841 [4370308c-ceb4-49a9-9879-5927b69a5f85@group-7FEE2DB622D8:LeaderElection48] INFO  server.RaftServerConfigKeys (ConfUtils.java:logGet(43)) - raft.server.watch.element-limit = 65536 (default)
2019-09-25 04:52:25,843 [bb4fa670-e092-4403-b4a0-776b8e3a297a@group-351FA9503CEC:LeaderElection49] INFO  impl.LeaderElection (LeaderElection.java:askForVotes(182)) - bb4fa670-e092-4403-b4a0-776b8e3a297a@group-351FA9503CEC:LeaderElection49: begin an election at term 1 for -1: [bb4fa670-e092-4403-b4a0-776b8e3a297a:192.168.164.207:42708], old=null
2019-09-25 04:52:25,843 [bb4fa670-e092-4403-b4a0-776b8e3a297a@group-351FA9503CEC:LeaderElection49] INFO  impl.RoleInfo (RoleInfo.java:shutdownLeaderElection(134)) - bb4fa670-e092-4403-b4a0-776b8e3a297a: shutdown LeaderElection
2019-09-25 04:52:25,843 [bb4fa670-e092-4403-b4a0-776b8e3a297a@group-46E87D7D8B8E:LeaderElection47] INFO  impl.RoleInfo (RoleInfo.java:updateAndGet(143)) - bb4fa670-e092-4403-b4a0-776b8e3a297a: start LeaderState
2019-09-25 04:52:25,843 [bb4fa670-e092-4403-b4a0-776b8e3a297a@group-351FA9503CEC:LeaderElection49] INFO  impl.RaftServerImpl (RaftServerImpl.java:setRole(174)) - bb4fa670-e092-4403-b4a0-776b8e3a297a@group-351FA9503CEC: changes role from CANDIDATE to LEADER at term 1 for changeToLeader
2019-09-25 04:52:25,843 [bb4fa670-e092-4403-b4a0-776b8e3a297a@group-351FA9503CEC:LeaderElection49] INFO  impl.RaftServerImpl (ServerState.java:setLeader(253)) - bb4fa670-e092-4403-b4a0-776b8e3a297a@group-351FA9503CEC: change Leader from null to bb4fa670-e092-4403-b4a0-776b8e3a297a at term 1 for becomeLeader, leader elected after 5024ms
2019-09-25 04:52:25,843 [bb4fa670-e092-4403-b4a0-776b8e3a297a@group-46E87D7D8B8E:LeaderElection47] INFO  segmented.SegmentedRaftLogWorker (SegmentedRaftLogWorker.java:startLogSegment(380)) - bb4fa670-e092-4403-b4a0-776b8e3a297a@group-46E87D7D8B8E-SegmentedRaftLogWorker: Starting segment from index:0
2019-09-25 04:52:25,843 [bb4fa670-e092-4403-b4a0-776b8e3a297a@group-351FA9503CEC:LeaderElection49] INFO  server.RaftServerConfigKeys (ConfUtils.java:logGet(43)) - raft.server.staging.catchup.gap = 1000 (default)
2019-09-25 04:52:25,844 [4370308c-ceb4-49a9-9879-5927b69a5f85@group-7FEE2DB622D8:LeaderElection48] INFO  impl.RoleInfo (RoleInfo.java:updateAndGet(143)) - 4370308c-ceb4-49a9-9879-5927b69a5f85: start LeaderState
2019-09-25 04:52:25,844 [bb4fa670-e092-4403-b4a0-776b8e3a297a@group-351FA9503CEC:LeaderElection49] INFO  server.RaftServerConfigKeys (ConfUtils.java:logGet(43)) - raft.server.rpc.sleep.time = 25ms (default)
2019-09-25 04:52:25,844 [bb4fa670-e092-4403-b4a0-776b8e3a297a@group-46E87D7D8B8E:LeaderElection47] INFO  impl.RaftServerImpl (ServerState.java:setRaftConf(354)) - bb4fa670-e092-4403-b4a0-776b8e3a297a@group-46E87D7D8B8E: set configuration 0: [bb4fa670-e092-4403-b4a0-776b8e3a297a:192.168.164.207:42708], old=null at 0
2019-09-25 04:52:25,844 [bb4fa670-e092-4403-b4a0-776b8e3a297a@group-351FA9503CEC:LeaderElection49] INFO  server.RaftServerConfigKeys (ConfUtils.java:logGet(43)) - raft.server.write.element-limit = 4096 (default)
2019-09-25 04:52:25,844 [4370308c-ceb4-49a9-9879-5927b69a5f85@group-7FEE2DB622D8:LeaderElection48] INFO  segmented.SegmentedRaftLogWorker (SegmentedRaftLogWorker.java:startLogSegment(380)) - 4370308c-ceb4-49a9-9879-5927b69a5f85@group-7FEE2DB622D8-SegmentedRaftLogWorker: Starting segment from index:0
2019-09-25 04:52:25,844 [bb4fa670-e092-4403-b4a0-776b8e3a297a@group-351FA9503CEC:LeaderElection49] INFO  server.RaftServerConfigKeys (ConfUtils.java:logGet(43)) - raft.server.watch.timeout = 10s (default)
2019-09-25 04:52:25,845 [bb4fa670-e092-4403-b4a0-776b8e3a297a@group-351FA9503CEC:LeaderElection49] INFO  server.RaftServerConfigKeys (ConfUtils.java:logGet(43)) - raft.server.watch.timeout.denomination = 1s (default)
2019-09-25 04:52:25,845 [bb4fa670-e092-4403-b4a0-776b8e3a297a@group-351FA9503CEC:LeaderElection49] INFO  server.RaftServerConfigKeys (ConfUtils.java:logGet(43)) - raft.server.watch.element-limit = 65536 (default)
2019-09-25 04:52:25,845 [4370308c-ceb4-49a9-9879-5927b69a5f85@group-7FEE2DB622D8:LeaderElection48] INFO  impl.RaftServerImpl (ServerState.java:setRaftConf(354)) - 4370308c-ceb4-49a9-9879-5927b69a5f85@group-7FEE2DB622D8: set configuration 0: [4370308c-ceb4-49a9-9879-5927b69a5f85:192.168.164.207:34481], old=null at 0
2019-09-25 04:52:25,847 [bb4fa670-e092-4403-b4a0-776b8e3a297a@group-351FA9503CEC:LeaderElection49] INFO  impl.RoleInfo (RoleInfo.java:updateAndGet(143)) - bb4fa670-e092-4403-b4a0-776b8e3a297a: start LeaderState
2019-09-25 04:52:25,847 [bb4fa670-e092-4403-b4a0-776b8e3a297a@group-351FA9503CEC:LeaderElection49] INFO  segmented.SegmentedRaftLogWorker (SegmentedRaftLogWorker.java:startLogSegment(380)) - bb4fa670-e092-4403-b4a0-776b8e3a297a@group-351FA9503CEC-SegmentedRaftLogWorker: Starting segment from index:0
2019-09-25 04:52:25,848 [bb4fa670-e092-4403-b4a0-776b8e3a297a@group-351FA9503CEC:LeaderElection49] INFO  impl.RaftServerImpl (ServerState.java:setRaftConf(354)) - bb4fa670-e092-4403-b4a0-776b8e3a297a@group-351FA9503CEC: set configuration 0: [bb4fa670-e092-4403-b4a0-776b8e3a297a:192.168.164.207:42708], old=null at 0
2019-09-25 04:52:25,884 [bb4fa670-e092-4403-b4a0-776b8e3a297a@group-46E87D7D8B8E-SegmentedRaftLogWorker] INFO  segmented.SegmentedRaftLogWorker (SegmentedRaftLogWorker.java:execute(569)) - bb4fa670-e092-4403-b4a0-776b8e3a297a@group-46E87D7D8B8E-SegmentedRaftLogWorker: created new log segment /workdir/hadoop-ozone/integration-test/target/test-dir/MiniOzoneClusterImpl-d3c81739-79da-4dbe-9ced-b164d958c5b5/datanode-2/data/ratis/25d36cc7-230c-46c6-9b95-46e87d7d8b8e/current/log_inprogress_0
2019-09-25 04:52:25,887 [4370308c-ceb4-49a9-9879-5927b69a5f85@group-7FEE2DB622D8-SegmentedRaftLogWorker] INFO  segmented.SegmentedRaftLogWorker (SegmentedRaftLogWorker.java:execute(569)) - 4370308c-ceb4-49a9-9879-5927b69a5f85@group-7FEE2DB622D8-SegmentedRaftLogWorker: created new log segment /workdir/hadoop-ozone/integration-test/target/test-dir/MiniOzoneClusterImpl-d3c81739-79da-4dbe-9ced-b164d958c5b5/datanode-0/data/ratis/a27653eb-461a-4f4b-9374-7fee2db622d8/current/log_inprogress_0
2019-09-25 04:52:25,887 [bb4fa670-e092-4403-b4a0-776b8e3a297a@group-351FA9503CEC-SegmentedRaftLogWorker] INFO  segmented.SegmentedRaftLogWorker (SegmentedRaftLogWorker.java:execute(569)) - bb4fa670-e092-4403-b4a0-776b8e3a297a@group-351FA9503CEC-SegmentedRaftLogWorker: created new log segment /workdir/hadoop-ozone/integration-test/target/test-dir/MiniOzoneClusterImpl-d3c81739-79da-4dbe-9ced-b164d958c5b5/datanode-2/data/ratis/fe939efa-6718-4f8a-8eee-351fa9503cec/current/log_inprogress_0
2019-09-25 04:52:25,923 [Thread-704] INFO  impl.FollowerState (FollowerState.java:run(106)) - bcc74fd2-3a06-4539-867d-223a418d820d:group-90C519C54EA4 changes to CANDIDATE, lastRpcTime:5144, electionTimeout:5144ms
2019-09-25 04:52:25,923 [Thread-704] INFO  impl.RoleInfo (RoleInfo.java:shutdownFollowerState(121)) - bcc74fd2-3a06-4539-867d-223a418d820d: shutdown FollowerState
2019-09-25 04:52:25,923 [Thread-704] INFO  impl.RaftServerImpl (RaftServerImpl.java:setRole(174)) - bcc74fd2-3a06-4539-867d-223a418d820d@group-90C519C54EA4: changes role from  FOLLOWER to CANDIDATE at term 0 for changeToCandidate
2019-09-25 04:52:25,923 [Thread-704] INFO  impl.RoleInfo (RoleInfo.java:updateAndGet(143)) - bcc74fd2-3a06-4539-867d-223a418d820d: start LeaderElection
2019-09-25 04:52:25,940 [bcc74fd2-3a06-4539-867d-223a418d820d@group-90C519C54EA4:LeaderElection50] INFO  impl.LeaderElection (LeaderElection.java:askForVotes(182)) - bcc74fd2-3a06-4539-867d-223a418d820d@group-90C519C54EA4:LeaderElection50: begin an election at term 1 for -1: [bcc74fd2-3a06-4539-867d-223a418d820d:192.168.164.207:36081], old=null
2019-09-25 04:52:25,940 [bcc74fd2-3a06-4539-867d-223a418d820d@group-90C519C54EA4:LeaderElection50] INFO  impl.RoleInfo (RoleInfo.java:shutdownLeaderElection(134)) - bcc74fd2-3a06-4539-867d-223a418d820d: shutdown LeaderElection
2019-09-25 04:52:25,940 [bcc74fd2-3a06-4539-867d-223a418d820d@group-90C519C54EA4:LeaderElection50] INFO  impl.RaftServerImpl (RaftServerImpl.java:setRole(174)) - bcc74fd2-3a06-4539-867d-223a418d820d@group-90C519C54EA4: changes role from CANDIDATE to LEADER at term 1 for changeToLeader
2019-09-25 04:52:25,940 [bcc74fd2-3a06-4539-867d-223a418d820d@group-90C519C54EA4:LeaderElection50] INFO  impl.RaftServerImpl (ServerState.java:setLeader(253)) - bcc74fd2-3a06-4539-867d-223a418d820d@group-90C519C54EA4: change Leader from null to bcc74fd2-3a06-4539-867d-223a418d820d at term 1 for becomeLeader, leader elected after 5170ms
2019-09-25 04:52:25,940 [bcc74fd2-3a06-4539-867d-223a418d820d@group-90C519C54EA4:LeaderElection50] INFO  server.RaftServerConfigKeys (ConfUtils.java:logGet(43)) - raft.server.staging.catchup.gap = 1000 (default)
2019-09-25 04:52:25,941 [bcc74fd2-3a06-4539-867d-223a418d820d@group-90C519C54EA4:LeaderElection50] INFO  server.RaftServerConfigKeys (ConfUtils.java:logGet(43)) - raft.server.rpc.sleep.time = 25ms (default)
2019-09-25 04:52:25,941 [bcc74fd2-3a06-4539-867d-223a418d820d@group-90C519C54EA4:LeaderElection50] INFO  server.RaftServerConfigKeys (ConfUtils.java:logGet(43)) - raft.server.write.element-limit = 4096 (default)
2019-09-25 04:52:25,941 [bcc74fd2-3a06-4539-867d-223a418d820d@group-90C519C54EA4:LeaderElection50] INFO  server.RaftServerConfigKeys (ConfUtils.java:logGet(43)) - raft.server.watch.timeout = 10s (default)
2019-09-25 04:52:25,941 [bcc74fd2-3a06-4539-867d-223a418d820d@group-90C519C54EA4:LeaderElection50] INFO  server.RaftServerConfigKeys (ConfUtils.java:logGet(43)) - raft.server.watch.timeout.denomination = 1s (default)
2019-09-25 04:52:25,941 [bcc74fd2-3a06-4539-867d-223a418d820d@group-90C519C54EA4:LeaderElection50] INFO  server.RaftServerConfigKeys (ConfUtils.java:logGet(43)) - raft.server.watch.element-limit = 65536 (default)
2019-09-25 04:52:25,944 [bcc74fd2-3a06-4539-867d-223a418d820d@group-90C519C54EA4:LeaderElection50] INFO  impl.RoleInfo (RoleInfo.java:updateAndGet(143)) - bcc74fd2-3a06-4539-867d-223a418d820d: start LeaderState
2019-09-25 04:52:25,944 [bcc74fd2-3a06-4539-867d-223a418d820d@group-90C519C54EA4:LeaderElection50] INFO  segmented.SegmentedRaftLogWorker (SegmentedRaftLogWorker.java:startLogSegment(380)) - bcc74fd2-3a06-4539-867d-223a418d820d@group-90C519C54EA4-SegmentedRaftLogWorker: Starting segment from index:0
2019-09-25 04:52:25,944 [bcc74fd2-3a06-4539-867d-223a418d820d@group-90C519C54EA4:LeaderElection50] INFO  impl.RaftServerImpl (ServerState.java:setRaftConf(354)) - bcc74fd2-3a06-4539-867d-223a418d820d@group-90C519C54EA4: set configuration 0: [bcc74fd2-3a06-4539-867d-223a418d820d:192.168.164.207:36081], old=null at 0
2019-09-25 04:52:25,967 [Thread-716] INFO  impl.FollowerState (FollowerState.java:run(106)) - 9586c7e2-af3f-487f-89b7-bc8fbed5a611:group-63A7082114CF changes to CANDIDATE, lastRpcTime:5004, electionTimeout:5004ms
2019-09-25 04:52:25,967 [Thread-716] INFO  impl.RoleInfo (RoleInfo.java:shutdownFollowerState(121)) - 9586c7e2-af3f-487f-89b7-bc8fbed5a611: shutdown FollowerState
2019-09-25 04:52:25,968 [Thread-716] INFO  impl.RaftServerImpl (RaftServerImpl.java:setRole(174)) - 9586c7e2-af3f-487f-89b7-bc8fbed5a611@group-63A7082114CF: changes role from  FOLLOWER to CANDIDATE at term 0 for changeToCandidate
2019-09-25 04:52:25,968 [Thread-716] INFO  impl.RoleInfo (RoleInfo.java:updateAndGet(143)) - 9586c7e2-af3f-487f-89b7-bc8fbed5a611: start LeaderElection
2019-09-25 04:52:25,985 [Thread-713] INFO  impl.FollowerState (FollowerState.java:run(106)) - 4370308c-ceb4-49a9-9879-5927b69a5f85:group-7FFACA27CB41 changes to CANDIDATE, lastRpcTime:5079, electionTimeout:5075ms
2019-09-25 04:52:25,985 [Thread-713] INFO  impl.RoleInfo (RoleInfo.java:shutdownFollowerState(121)) - 4370308c-ceb4-49a9-9879-5927b69a5f85: shutdown FollowerState
2019-09-25 04:52:25,985 [Thread-713] INFO  impl.RaftServerImpl (RaftServerImpl.java:setRole(174)) - 4370308c-ceb4-49a9-9879-5927b69a5f85@group-7FFACA27CB41: changes role from  FOLLOWER to CANDIDATE at term 0 for changeToCandidate
2019-09-25 04:52:25,985 [Thread-713] INFO  impl.RoleInfo (RoleInfo.java:updateAndGet(143)) - 4370308c-ceb4-49a9-9879-5927b69a5f85: start LeaderElection
2019-09-25 04:52:25,998 [bcc74fd2-3a06-4539-867d-223a418d820d@group-90C519C54EA4-SegmentedRaftLogWorker] INFO  segmented.SegmentedRaftLogWorker (SegmentedRaftLogWorker.java:execute(569)) - bcc74fd2-3a06-4539-867d-223a418d820d@group-90C519C54EA4-SegmentedRaftLogWorker: created new log segment /workdir/hadoop-ozone/integration-test/target/test-dir/MiniOzoneClusterImpl-d3c81739-79da-4dbe-9ced-b164d958c5b5/datanode-1/data/ratis/bc125e6f-1b03-43de-81da-90c519c54ea4/current/log_inprogress_0
2019-09-25 04:52:25,998 [4370308c-ceb4-49a9-9879-5927b69a5f85@group-7FFACA27CB41:LeaderElection52] INFO  impl.LeaderElection (LeaderElection.java:askForVotes(182)) - 4370308c-ceb4-49a9-9879-5927b69a5f85@group-7FFACA27CB41:LeaderElection52: begin an election at term 1 for -1: [4370308c-ceb4-49a9-9879-5927b69a5f85:192.168.164.207:34481], old=null
2019-09-25 04:52:25,998 [9586c7e2-af3f-487f-89b7-bc8fbed5a611@group-63A7082114CF:LeaderElection51] INFO  impl.LeaderElection (LeaderElection.java:askForVotes(182)) - 9586c7e2-af3f-487f-89b7-bc8fbed5a611@group-63A7082114CF:LeaderElection51: begin an election at term 1 for -1: [9586c7e2-af3f-487f-89b7-bc8fbed5a611:192.168.164.207:42132], old=null
2019-09-25 04:52:25,999 [4370308c-ceb4-49a9-9879-5927b69a5f85@group-7FFACA27CB41:LeaderElection52] INFO  impl.RoleInfo (RoleInfo.java:shutdownLeaderElection(134)) - 4370308c-ceb4-49a9-9879-5927b69a5f85: shutdown LeaderElection
2019-09-25 04:52:25,999 [9586c7e2-af3f-487f-89b7-bc8fbed5a611@group-63A7082114CF:LeaderElection51] INFO  impl.RoleInfo (RoleInfo.java:shutdownLeaderElection(134)) - 9586c7e2-af3f-487f-89b7-bc8fbed5a611: shutdown LeaderElection
2019-09-25 04:52:25,999 [4370308c-ceb4-49a9-9879-5927b69a5f85@group-7FFACA27CB41:LeaderElection52] INFO  impl.RaftServerImpl (RaftServerImpl.java:setRole(174)) - 4370308c-ceb4-49a9-9879-5927b69a5f85@group-7FFACA27CB41: changes role from CANDIDATE to LEADER at term 1 for changeToLeader
2019-09-25 04:52:25,999 [9586c7e2-af3f-487f-89b7-bc8fbed5a611@group-63A7082114CF:LeaderElection51] INFO  impl.RaftServerImpl (RaftServerImpl.java:setRole(174)) - 9586c7e2-af3f-487f-89b7-bc8fbed5a611@group-63A7082114CF: changes role from CANDIDATE to LEADER at term 1 for changeToLeader
2019-09-25 04:52:25,999 [4370308c-ceb4-49a9-9879-5927b69a5f85@group-7FFACA27CB41:LeaderElection52] INFO  impl.RaftServerImpl (ServerState.java:setLeader(253)) - 4370308c-ceb4-49a9-9879-5927b69a5f85@group-7FFACA27CB41: change Leader from null to 4370308c-ceb4-49a9-9879-5927b69a5f85 at term 1 for becomeLeader, leader elected after 5099ms
2019-09-25 04:52:25,999 [9586c7e2-af3f-487f-89b7-bc8fbed5a611@group-63A7082114CF:LeaderElection51] INFO  impl.RaftServerImpl (ServerState.java:setLeader(253)) - 9586c7e2-af3f-487f-89b7-bc8fbed5a611@group-63A7082114CF: change Leader from null to 9586c7e2-af3f-487f-89b7-bc8fbed5a611 at term 1 for becomeLeader, leader elected after 5045ms
2019-09-25 04:52:25,999 [4370308c-ceb4-49a9-9879-5927b69a5f85@group-7FFACA27CB41:LeaderElection52] INFO  server.RaftServerConfigKeys (ConfUtils.java:logGet(43)) - raft.server.staging.catchup.gap = 1000 (default)
2019-09-25 04:52:26,002 [9586c7e2-af3f-487f-89b7-bc8fbed5a611@group-63A7082114CF:LeaderElection51] INFO  server.RaftServerConfigKeys (ConfUtils.java:logGet(43)) - raft.server.staging.catchup.gap = 1000 (default)
2019-09-25 04:52:26,002 [4370308c-ceb4-49a9-9879-5927b69a5f85@group-7FFACA27CB41:LeaderElection52] INFO  server.RaftServerConfigKeys (ConfUtils.java:logGet(43)) - raft.server.rpc.sleep.time = 25ms (default)
2019-09-25 04:52:26,002 [9586c7e2-af3f-487f-89b7-bc8fbed5a611@group-63A7082114CF:LeaderElection51] INFO  server.RaftServerConfigKeys (ConfUtils.java:logGet(43)) - raft.server.rpc.sleep.time = 25ms (default)
2019-09-25 04:52:26,002 [4370308c-ceb4-49a9-9879-5927b69a5f85@group-7FFACA27CB41:LeaderElection52] INFO  server.RaftServerConfigKeys (ConfUtils.java:logGet(43)) - raft.server.write.element-limit = 4096 (default)
2019-09-25 04:52:26,002 [9586c7e2-af3f-487f-89b7-bc8fbed5a611@group-63A7082114CF:LeaderElection51] INFO  server.RaftServerConfigKeys (ConfUtils.java:logGet(43)) - raft.server.write.element-limit = 4096 (default)
2019-09-25 04:52:26,003 [4370308c-ceb4-49a9-9879-5927b69a5f85@group-7FFACA27CB41:LeaderElection52] INFO  server.RaftServerConfigKeys (ConfUtils.java:logGet(43)) - raft.server.watch.timeout = 10s (default)
2019-09-25 04:52:26,003 [9586c7e2-af3f-487f-89b7-bc8fbed5a611@group-63A7082114CF:LeaderElection51] INFO  server.RaftServerConfigKeys (ConfUtils.java:logGet(43)) - raft.server.watch.timeout = 10s (default)
2019-09-25 04:52:26,003 [4370308c-ceb4-49a9-9879-5927b69a5f85@group-7FFACA27CB41:LeaderElection52] INFO  server.RaftServerConfigKeys (ConfUtils.java:logGet(43)) - raft.server.watch.timeout.denomination = 1s (default)
2019-09-25 04:52:26,003 [9586c7e2-af3f-487f-89b7-bc8fbed5a611@group-63A7082114CF:LeaderElection51] INFO  server.RaftServerConfigKeys (ConfUtils.java:logGet(43)) - raft.server.watch.timeout.denomination = 1s (default)
2019-09-25 04:52:26,003 [4370308c-ceb4-49a9-9879-5927b69a5f85@group-7FFACA27CB41:LeaderElection52] INFO  server.RaftServerConfigKeys (ConfUtils.java:logGet(43)) - raft.server.watch.element-limit = 65536 (default)
2019-09-25 04:52:26,003 [9586c7e2-af3f-487f-89b7-bc8fbed5a611@group-63A7082114CF:LeaderElection51] INFO  server.RaftServerConfigKeys (ConfUtils.java:logGet(43)) - raft.server.watch.element-limit = 65536 (default)
2019-09-25 04:52:26,006 [4370308c-ceb4-49a9-9879-5927b69a5f85@group-7FFACA27CB41:LeaderElection52] INFO  impl.RoleInfo (RoleInfo.java:updateAndGet(143)) - 4370308c-ceb4-49a9-9879-5927b69a5f85: start LeaderState
2019-09-25 04:52:26,007 [9586c7e2-af3f-487f-89b7-bc8fbed5a611@group-63A7082114CF:LeaderElection51] INFO  impl.RoleInfo (RoleInfo.java:updateAndGet(143)) - 9586c7e2-af3f-487f-89b7-bc8fbed5a611: start LeaderState
2019-09-25 04:52:26,007 [4370308c-ceb4-49a9-9879-5927b69a5f85@group-7FFACA27CB41:LeaderElection52] INFO  segmented.SegmentedRaftLogWorker (SegmentedRaftLogWorker.java:startLogSegment(380)) - 4370308c-ceb4-49a9-9879-5927b69a5f85@group-7FFACA27CB41-SegmentedRaftLogWorker: Starting segment from index:0
2019-09-25 04:52:26,007 [9586c7e2-af3f-487f-89b7-bc8fbed5a611@group-63A7082114CF:LeaderElection51] INFO  segmented.SegmentedRaftLogWorker (SegmentedRaftLogWorker.java:startLogSegment(380)) - 9586c7e2-af3f-487f-89b7-bc8fbed5a611@group-63A7082114CF-SegmentedRaftLogWorker: Starting segment from index:0
2019-09-25 04:52:26,007 [4370308c-ceb4-49a9-9879-5927b69a5f85@group-7FFACA27CB41:LeaderElection52] INFO  impl.RaftServerImpl (ServerState.java:setRaftConf(354)) - 4370308c-ceb4-49a9-9879-5927b69a5f85@group-7FFACA27CB41: set configuration 0: [4370308c-ceb4-49a9-9879-5927b69a5f85:192.168.164.207:34481], old=null at 0
2019-09-25 04:52:26,008 [9586c7e2-af3f-487f-89b7-bc8fbed5a611@group-63A7082114CF:LeaderElection51] INFO  impl.RaftServerImpl (ServerState.java:setRaftConf(354)) - 9586c7e2-af3f-487f-89b7-bc8fbed5a611@group-63A7082114CF: set configuration 0: [9586c7e2-af3f-487f-89b7-bc8fbed5a611:192.168.164.207:42132], old=null at 0
2019-09-25 04:52:26,020 [Thread-710] INFO  impl.FollowerState (FollowerState.java:run(106)) - bcc74fd2-3a06-4539-867d-223a418d820d:group-13776BD82677 changes to CANDIDATE, lastRpcTime:5149, electionTimeout:5149ms
2019-09-25 04:52:26,020 [Thread-710] INFO  impl.RoleInfo (RoleInfo.java:shutdownFollowerState(121)) - bcc74fd2-3a06-4539-867d-223a418d820d: shutdown FollowerState
2019-09-25 04:52:26,021 [Thread-710] INFO  impl.RaftServerImpl (RaftServerImpl.java:setRole(174)) - bcc74fd2-3a06-4539-867d-223a418d820d@group-13776BD82677: changes role from  FOLLOWER to CANDIDATE at term 0 for changeToCandidate
2019-09-25 04:52:26,021 [Thread-710] INFO  impl.RoleInfo (RoleInfo.java:updateAndGet(143)) - bcc74fd2-3a06-4539-867d-223a418d820d: start LeaderElection
2019-09-25 04:52:26,060 [9586c7e2-af3f-487f-89b7-bc8fbed5a611@group-63A7082114CF-SegmentedRaftLogWorker] INFO  segmented.SegmentedRaftLogWorker (SegmentedRaftLogWorker.java:execute(569)) - 9586c7e2-af3f-487f-89b7-bc8fbed5a611@group-63A7082114CF-SegmentedRaftLogWorker: created new log segment /workdir/hadoop-ozone/integration-test/target/test-dir/MiniOzoneClusterImpl-d3c81739-79da-4dbe-9ced-b164d958c5b5/datanode-5/data/ratis/00b481aa-1591-43be-98a5-63a7082114cf/current/log_inprogress_0
2019-09-25 04:52:26,060 [bcc74fd2-3a06-4539-867d-223a418d820d@group-13776BD82677:LeaderElection53] INFO  impl.LeaderElection (LeaderElection.java:askForVotes(182)) - bcc74fd2-3a06-4539-867d-223a418d820d@group-13776BD82677:LeaderElection53: begin an election at term 1 for -1: [bcc74fd2-3a06-4539-867d-223a418d820d:192.168.164.207:36081], old=null
2019-09-25 04:52:26,060 [4370308c-ceb4-49a9-9879-5927b69a5f85@group-7FFACA27CB41-SegmentedRaftLogWorker] INFO  segmented.SegmentedRaftLogWorker (SegmentedRaftLogWorker.java:execute(569)) - 4370308c-ceb4-49a9-9879-5927b69a5f85@group-7FFACA27CB41-SegmentedRaftLogWorker: created new log segment /workdir/hadoop-ozone/integration-test/target/test-dir/MiniOzoneClusterImpl-d3c81739-79da-4dbe-9ced-b164d958c5b5/datanode-0/data/ratis/5cfe2c6c-4aab-4b06-a3ab-7ffaca27cb41/current/log_inprogress_0
2019-09-25 04:52:26,061 [bcc74fd2-3a06-4539-867d-223a418d820d@group-13776BD82677:LeaderElection53] INFO  impl.RoleInfo (RoleInfo.java:shutdownLeaderElection(134)) - bcc74fd2-3a06-4539-867d-223a418d820d: shutdown LeaderElection
2019-09-25 04:52:26,061 [bcc74fd2-3a06-4539-867d-223a418d820d@group-13776BD82677:LeaderElection53] INFO  impl.RaftServerImpl (RaftServerImpl.java:setRole(174)) - bcc74fd2-3a06-4539-867d-223a418d820d@group-13776BD82677: changes role from CANDIDATE to LEADER at term 1 for changeToLeader
2019-09-25 04:52:26,061 [bcc74fd2-3a06-4539-867d-223a418d820d@group-13776BD82677:LeaderElection53] INFO  impl.RaftServerImpl (ServerState.java:setLeader(253)) - bcc74fd2-3a06-4539-867d-223a418d820d@group-13776BD82677: change Leader from null to bcc74fd2-3a06-4539-867d-223a418d820d at term 1 for becomeLeader, leader elected after 5197ms
2019-09-25 04:52:26,061 [bcc74fd2-3a06-4539-867d-223a418d820d@group-13776BD82677:LeaderElection53] INFO  server.RaftServerConfigKeys (ConfUtils.java:logGet(43)) - raft.server.staging.catchup.gap = 1000 (default)
2019-09-25 04:52:26,061 [bcc74fd2-3a06-4539-867d-223a418d820d@group-13776BD82677:LeaderElection53] INFO  server.RaftServerConfigKeys (ConfUtils.java:logGet(43)) - raft.server.rpc.sleep.time = 25ms (default)
2019-09-25 04:52:26,061 [bcc74fd2-3a06-4539-867d-223a418d820d@group-13776BD82677:LeaderElection53] INFO  server.RaftServerConfigKeys (ConfUtils.java:logGet(43)) - raft.server.write.element-limit = 4096 (default)
2019-09-25 04:52:26,062 [bcc74fd2-3a06-4539-867d-223a418d820d@group-13776BD82677:LeaderElection53] INFO  server.RaftServerConfigKeys (ConfUtils.java:logGet(43)) - raft.server.watch.timeout = 10s (default)
2019-09-25 04:52:26,062 [bcc74fd2-3a06-4539-867d-223a418d820d@group-13776BD82677:LeaderElection53] INFO  server.RaftServerConfigKeys (ConfUtils.java:logGet(43)) - raft.server.watch.timeout.denomination = 1s (default)
2019-09-25 04:52:26,062 [bcc74fd2-3a06-4539-867d-223a418d820d@group-13776BD82677:LeaderElection53] INFO  server.RaftServerConfigKeys (ConfUtils.java:logGet(43)) - raft.server.watch.element-limit = 65536 (default)
2019-09-25 04:52:26,064 [bcc74fd2-3a06-4539-867d-223a418d820d@group-13776BD82677:LeaderElection53] INFO  impl.RoleInfo (RoleInfo.java:updateAndGet(143)) - bcc74fd2-3a06-4539-867d-223a418d820d: start LeaderState
2019-09-25 04:52:26,064 [bcc74fd2-3a06-4539-867d-223a418d820d@group-13776BD82677:LeaderElection53] INFO  segmented.SegmentedRaftLogWorker (SegmentedRaftLogWorker.java:startLogSegment(380)) - bcc74fd2-3a06-4539-867d-223a418d820d@group-13776BD82677-SegmentedRaftLogWorker: Starting segment from index:0
2019-09-25 04:52:26,064 [bcc74fd2-3a06-4539-867d-223a418d820d@group-13776BD82677:LeaderElection53] INFO  impl.RaftServerImpl (ServerState.java:setRaftConf(354)) - bcc74fd2-3a06-4539-867d-223a418d820d@group-13776BD82677: set configuration 0: [bcc74fd2-3a06-4539-867d-223a418d820d:192.168.164.207:36081], old=null at 0
2019-09-25 04:52:26,111 [bcc74fd2-3a06-4539-867d-223a418d820d@group-13776BD82677-SegmentedRaftLogWorker] INFO  segmented.SegmentedRaftLogWorker (SegmentedRaftLogWorker.java:execute(569)) - bcc74fd2-3a06-4539-867d-223a418d820d@group-13776BD82677-SegmentedRaftLogWorker: created new log segment /workdir/hadoop-ozone/integration-test/target/test-dir/MiniOzoneClusterImpl-d3c81739-79da-4dbe-9ced-b164d958c5b5/datanode-1/data/ratis/b2c0c17c-aede-4dca-875b-13776bd82677/current/log_inprogress_0
2019-09-25 04:52:26,149 [Thread-728] INFO  impl.FollowerState (FollowerState.java:run(106)) - bb4fa670-e092-4403-b4a0-776b8e3a297a:group-34D8397095E7 changes to CANDIDATE, lastRpcTime:5010, electionTimeout:5010ms
2019-09-25 04:52:26,150 [Thread-728] INFO  impl.RoleInfo (RoleInfo.java:shutdownFollowerState(121)) - bb4fa670-e092-4403-b4a0-776b8e3a297a: shutdown FollowerState
2019-09-25 04:52:26,150 [Thread-728] INFO  impl.RaftServerImpl (RaftServerImpl.java:setRole(174)) - bb4fa670-e092-4403-b4a0-776b8e3a297a@group-34D8397095E7: changes role from  FOLLOWER to CANDIDATE at term 0 for changeToCandidate
2019-09-25 04:52:26,150 [Thread-728] INFO  impl.RoleInfo (RoleInfo.java:updateAndGet(143)) - bb4fa670-e092-4403-b4a0-776b8e3a297a: start LeaderElection
2019-09-25 04:52:26,156 [Thread-719] INFO  impl.FollowerState (FollowerState.java:run(106)) - 4370308c-ceb4-49a9-9879-5927b69a5f85:group-AAE70ECD8EA9 changes to CANDIDATE, lastRpcTime:5148, electionTimeout:5148ms
2019-09-25 04:52:26,156 [Thread-725] INFO  impl.FollowerState (FollowerState.java:run(106)) - 4370308c-ceb4-49a9-9879-5927b69a5f85:group-F1847BE0AB07 changes to CANDIDATE, lastRpcTime:5057, electionTimeout:5057ms
2019-09-25 04:52:26,157 [Thread-719] INFO  impl.RoleInfo (RoleInfo.java:shutdownFollowerState(121)) - 4370308c-ceb4-49a9-9879-5927b69a5f85: shutdown FollowerState
2019-09-25 04:52:26,157 [Thread-725] INFO  impl.RoleInfo (RoleInfo.java:shutdownFollowerState(121)) - 4370308c-ceb4-49a9-9879-5927b69a5f85: shutdown FollowerState
2019-09-25 04:52:26,157 [Thread-719] INFO  impl.RaftServerImpl (RaftServerImpl.java:setRole(174)) - 4370308c-ceb4-49a9-9879-5927b69a5f85@group-AAE70ECD8EA9: changes role from  FOLLOWER to CANDIDATE at term 0 for changeToCandidate
2019-09-25 04:52:26,157 [Thread-725] INFO  impl.RaftServerImpl (RaftServerImpl.java:setRole(174)) - 4370308c-ceb4-49a9-9879-5927b69a5f85@group-F1847BE0AB07: changes role from  FOLLOWER to CANDIDATE at term 0 for changeToCandidate
2019-09-25 04:52:26,157 [Thread-719] INFO  impl.RoleInfo (RoleInfo.java:updateAndGet(143)) - 4370308c-ceb4-49a9-9879-5927b69a5f85: start LeaderElection
2019-09-25 04:52:26,157 [Thread-725] INFO  impl.RoleInfo (RoleInfo.java:updateAndGet(143)) - 4370308c-ceb4-49a9-9879-5927b69a5f85: start LeaderElection
2019-09-25 04:52:26,168 [Thread-722] INFO  impl.FollowerState (FollowerState.java:run(106)) - 94bde7ca-9af4-4c06-8221-a867c8f279fc:group-41A83F50CFA8 changes to CANDIDATE, lastRpcTime:5110, electionTimeout:5110ms
2019-09-25 04:52:26,168 [Thread-722] INFO  impl.RoleInfo (RoleInfo.java:shutdownFollowerState(121)) - 94bde7ca-9af4-4c06-8221-a867c8f279fc: shutdown FollowerState
2019-09-25 04:52:26,168 [Thread-722] INFO  impl.RaftServerImpl (RaftServerImpl.java:setRole(174)) - 94bde7ca-9af4-4c06-8221-a867c8f279fc@group-41A83F50CFA8: changes role from  FOLLOWER to CANDIDATE at term 0 for changeToCandidate
2019-09-25 04:52:26,168 [Thread-722] INFO  impl.RoleInfo (RoleInfo.java:updateAndGet(143)) - 94bde7ca-9af4-4c06-8221-a867c8f279fc: start LeaderElection
2019-09-25 04:52:26,168 [4370308c-ceb4-49a9-9879-5927b69a5f85@group-AAE70ECD8EA9:LeaderElection55] INFO  impl.LeaderElection (LeaderElection.java:askForVotes(182)) - 4370308c-ceb4-49a9-9879-5927b69a5f85@group-AAE70ECD8EA9:LeaderElection55: begin an election at term 1 for -1: [4370308c-ceb4-49a9-9879-5927b69a5f85:192.168.164.207:34481], old=null
2019-09-25 04:52:26,168 [bb4fa670-e092-4403-b4a0-776b8e3a297a@group-34D8397095E7:LeaderElection54] INFO  impl.LeaderElection (LeaderElection.java:askForVotes(182)) - bb4fa670-e092-4403-b4a0-776b8e3a297a@group-34D8397095E7:LeaderElection54: begin an election at term 1 for -1: [bb4fa670-e092-4403-b4a0-776b8e3a297a:192.168.164.207:42708], old=null
2019-09-25 04:52:26,168 [4370308c-ceb4-49a9-9879-5927b69a5f85@group-AAE70ECD8EA9:LeaderElection55] INFO  impl.RoleInfo (RoleInfo.java:shutdownLeaderElection(134)) - 4370308c-ceb4-49a9-9879-5927b69a5f85: shutdown LeaderElection
2019-09-25 04:52:26,171 [4370308c-ceb4-49a9-9879-5927b69a5f85@group-AAE70ECD8EA9:LeaderElection55] INFO  impl.RaftServerImpl (RaftServerImpl.java:setRole(174)) - 4370308c-ceb4-49a9-9879-5927b69a5f85@group-AAE70ECD8EA9: changes role from CANDIDATE to LEADER at term 1 for changeToLeader
2019-09-25 04:52:26,168 [4370308c-ceb4-49a9-9879-5927b69a5f85@group-F1847BE0AB07:LeaderElection56] INFO  impl.LeaderElection (LeaderElection.java:askForVotes(182)) - 4370308c-ceb4-49a9-9879-5927b69a5f85@group-F1847BE0AB07:LeaderElection56: begin an election at term 1 for -1: [4370308c-ceb4-49a9-9879-5927b69a5f85:192.168.164.207:34481], old=null
2019-09-25 04:52:26,171 [4370308c-ceb4-49a9-9879-5927b69a5f85@group-AAE70ECD8EA9:LeaderElection55] INFO  impl.RaftServerImpl (ServerState.java:setLeader(253)) - 4370308c-ceb4-49a9-9879-5927b69a5f85@group-AAE70ECD8EA9: change Leader from null to 4370308c-ceb4-49a9-9879-5927b69a5f85 at term 1 for becomeLeader, leader elected after 5168ms
2019-09-25 04:52:26,171 [bb4fa670-e092-4403-b4a0-776b8e3a297a@group-34D8397095E7:LeaderElection54] INFO  impl.RoleInfo (RoleInfo.java:shutdownLeaderElection(134)) - bb4fa670-e092-4403-b4a0-776b8e3a297a: shutdown LeaderElection
2019-09-25 04:52:26,171 [4370308c-ceb4-49a9-9879-5927b69a5f85@group-AAE70ECD8EA9:LeaderElection55] INFO  server.RaftServerConfigKeys (ConfUtils.java:logGet(43)) - raft.server.staging.catchup.gap = 1000 (default)
2019-09-25 04:52:26,171 [4370308c-ceb4-49a9-9879-5927b69a5f85@group-F1847BE0AB07:LeaderElection56] INFO  impl.RoleInfo (RoleInfo.java:shutdownLeaderElection(134)) - 4370308c-ceb4-49a9-9879-5927b69a5f85: shutdown LeaderElection
2019-09-25 04:52:26,171 [4370308c-ceb4-49a9-9879-5927b69a5f85@group-AAE70ECD8EA9:LeaderElection55] INFO  server.RaftServerConfigKeys (ConfUtils.java:logGet(43)) - raft.server.rpc.sleep.time = 25ms (default)
2019-09-25 04:52:26,171 [bb4fa670-e092-4403-b4a0-776b8e3a297a@group-34D8397095E7:LeaderElection54] INFO  impl.RaftServerImpl (RaftServerImpl.java:setRole(174)) - bb4fa670-e092-4403-b4a0-776b8e3a297a@group-34D8397095E7: changes role from CANDIDATE to LEADER at term 1 for changeToLeader
2019-09-25 04:52:26,172 [4370308c-ceb4-49a9-9879-5927b69a5f85@group-AAE70ECD8EA9:LeaderElection55] INFO  server.RaftServerConfigKeys (ConfUtils.java:logGet(43)) - raft.server.write.element-limit = 4096 (default)
2019-09-25 04:52:26,172 [4370308c-ceb4-49a9-9879-5927b69a5f85@group-F1847BE0AB07:LeaderElection56] INFO  impl.RaftServerImpl (RaftServerImpl.java:setRole(174)) - 4370308c-ceb4-49a9-9879-5927b69a5f85@group-F1847BE0AB07: changes role from CANDIDATE to LEADER at term 1 for changeToLeader
2019-09-25 04:52:26,172 [4370308c-ceb4-49a9-9879-5927b69a5f85@group-AAE70ECD8EA9:LeaderElection55] INFO  server.RaftServerConfigKeys (ConfUtils.java:logGet(43)) - raft.server.watch.timeout = 10s (default)
2019-09-25 04:52:26,172 [bb4fa670-e092-4403-b4a0-776b8e3a297a@group-34D8397095E7:LeaderElection54] INFO  impl.RaftServerImpl (ServerState.java:setLeader(253)) - bb4fa670-e092-4403-b4a0-776b8e3a297a@group-34D8397095E7: change Leader from null to bb4fa670-e092-4403-b4a0-776b8e3a297a at term 1 for becomeLeader, leader elected after 5037ms
2019-09-25 04:52:26,172 [4370308c-ceb4-49a9-9879-5927b69a5f85@group-AAE70ECD8EA9:LeaderElection55] INFO  server.RaftServerConfigKeys (ConfUtils.java:logGet(43)) - raft.server.watch.timeout.denomination = 1s (default)
2019-09-25 04:52:26,172 [4370308c-ceb4-49a9-9879-5927b69a5f85@group-F1847BE0AB07:LeaderElection56] INFO  impl.RaftServerImpl (ServerState.java:setLeader(253)) - 4370308c-ceb4-49a9-9879-5927b69a5f85@group-F1847BE0AB07: change Leader from null to 4370308c-ceb4-49a9-9879-5927b69a5f85 at term 1 for becomeLeader, leader elected after 5077ms
2019-09-25 04:52:26,172 [4370308c-ceb4-49a9-9879-5927b69a5f85@group-AAE70ECD8EA9:LeaderElection55] INFO  server.RaftServerConfigKeys (ConfUtils.java:logGet(43)) - raft.server.watch.element-limit = 65536 (default)
2019-09-25 04:52:26,172 [bb4fa670-e092-4403-b4a0-776b8e3a297a@group-34D8397095E7:LeaderElection54] INFO  server.RaftServerConfigKeys (ConfUtils.java:logGet(43)) - raft.server.staging.catchup.gap = 1000 (default)
2019-09-25 04:52:26,172 [4370308c-ceb4-49a9-9879-5927b69a5f85@group-F1847BE0AB07:LeaderElection56] INFO  server.RaftServerConfigKeys (ConfUtils.java:logGet(43)) - raft.server.staging.catchup.gap = 1000 (default)
2019-09-25 04:52:26,173 [bb4fa670-e092-4403-b4a0-776b8e3a297a@group-34D8397095E7:LeaderElection54] INFO  server.RaftServerConfigKeys (ConfUtils.java:logGet(43)) - raft.server.rpc.sleep.time = 25ms (default)
2019-09-25 04:52:26,173 [4370308c-ceb4-49a9-9879-5927b69a5f85@group-F1847BE0AB07:LeaderElection56] INFO  server.RaftServerConfigKeys (ConfUtils.java:logGet(43)) - raft.server.rpc.sleep.time = 25ms (default)
2019-09-25 04:52:26,173 [bb4fa670-e092-4403-b4a0-776b8e3a297a@group-34D8397095E7:LeaderElection54] INFO  server.RaftServerConfigKeys (ConfUtils.java:logGet(43)) - raft.server.write.element-limit = 4096 (default)
2019-09-25 04:52:26,173 [4370308c-ceb4-49a9-9879-5927b69a5f85@group-F1847BE0AB07:LeaderElection56] INFO  server.RaftServerConfigKeys (ConfUtils.java:logGet(43)) - raft.server.write.element-limit = 4096 (default)
2019-09-25 04:52:26,173 [bb4fa670-e092-4403-b4a0-776b8e3a297a@group-34D8397095E7:LeaderElection54] INFO  server.RaftServerConfigKeys (ConfUtils.java:logGet(43)) - raft.server.watch.timeout = 10s (default)
2019-09-25 04:52:26,173 [4370308c-ceb4-49a9-9879-5927b69a5f85@group-F1847BE0AB07:LeaderElection56] INFO  server.RaftServerConfigKeys (ConfUtils.java:logGet(43)) - raft.server.watch.timeout = 10s (default)
2019-09-25 04:52:26,173 [bb4fa670-e092-4403-b4a0-776b8e3a297a@group-34D8397095E7:LeaderElection54] INFO  server.RaftServerConfigKeys (ConfUtils.java:logGet(43)) - raft.server.watch.timeout.denomination = 1s (default)
2019-09-25 04:52:26,174 [4370308c-ceb4-49a9-9879-5927b69a5f85@group-F1847BE0AB07:LeaderElection56] INFO  server.RaftServerConfigKeys (ConfUtils.java:logGet(43)) - raft.server.watch.timeout.denomination = 1s (default)
2019-09-25 04:52:26,174 [bb4fa670-e092-4403-b4a0-776b8e3a297a@group-34D8397095E7:LeaderElection54] INFO  server.RaftServerConfigKeys (ConfUtils.java:logGet(43)) - raft.server.watch.element-limit = 65536 (default)
2019-09-25 04:52:26,174 [4370308c-ceb4-49a9-9879-5927b69a5f85@group-AAE70ECD8EA9:LeaderElection55] INFO  impl.RoleInfo (RoleInfo.java:updateAndGet(143)) - 4370308c-ceb4-49a9-9879-5927b69a5f85: start LeaderState
2019-09-25 04:52:26,174 [4370308c-ceb4-49a9-9879-5927b69a5f85@group-F1847BE0AB07:LeaderElection56] INFO  server.RaftServerConfigKeys (ConfUtils.java:logGet(43)) - raft.server.watch.element-limit = 65536 (default)
2019-09-25 04:52:26,174 [4370308c-ceb4-49a9-9879-5927b69a5f85@group-AAE70ECD8EA9:LeaderElection55] INFO  segmented.SegmentedRaftLogWorker (SegmentedRaftLogWorker.java:startLogSegment(380)) - 4370308c-ceb4-49a9-9879-5927b69a5f85@group-AAE70ECD8EA9-SegmentedRaftLogWorker: Starting segment from index:0
2019-09-25 04:52:26,175 [4370308c-ceb4-49a9-9879-5927b69a5f85@group-AAE70ECD8EA9:LeaderElection55] INFO  impl.RaftServerImpl (ServerState.java:setRaftConf(354)) - 4370308c-ceb4-49a9-9879-5927b69a5f85@group-AAE70ECD8EA9: set configuration 0: [4370308c-ceb4-49a9-9879-5927b69a5f85:192.168.164.207:34481], old=null at 0
2019-09-25 04:52:26,177 [bb4fa670-e092-4403-b4a0-776b8e3a297a@group-34D8397095E7:LeaderElection54] INFO  impl.RoleInfo (RoleInfo.java:updateAndGet(143)) - bb4fa670-e092-4403-b4a0-776b8e3a297a: start LeaderState
2019-09-25 04:52:26,177 [bb4fa670-e092-4403-b4a0-776b8e3a297a@group-34D8397095E7:LeaderElection54] INFO  segmented.SegmentedRaftLogWorker (SegmentedRaftLogWorker.java:startLogSegment(380)) - bb4fa670-e092-4403-b4a0-776b8e3a297a@group-34D8397095E7-SegmentedRaftLogWorker: Starting segment from index:0
2019-09-25 04:52:26,177 [4370308c-ceb4-49a9-9879-5927b69a5f85@group-F1847BE0AB07:LeaderElection56] INFO  impl.RoleInfo (RoleInfo.java:updateAndGet(143)) - 4370308c-ceb4-49a9-9879-5927b69a5f85: start LeaderState
2019-09-25 04:52:26,178 [4370308c-ceb4-49a9-9879-5927b69a5f85@group-F1847BE0AB07:LeaderElection56] INFO  segmented.SegmentedRaftLogWorker (SegmentedRaftLogWorker.java:startLogSegment(380)) - 4370308c-ceb4-49a9-9879-5927b69a5f85@group-F1847BE0AB07-SegmentedRaftLogWorker: Starting segment from index:0
2019-09-25 04:52:26,178 [bb4fa670-e092-4403-b4a0-776b8e3a297a@group-34D8397095E7:LeaderElection54] INFO  impl.RaftServerImpl (ServerState.java:setRaftConf(354)) - bb4fa670-e092-4403-b4a0-776b8e3a297a@group-34D8397095E7: set configuration 0: [bb4fa670-e092-4403-b4a0-776b8e3a297a:192.168.164.207:42708], old=null at 0
2019-09-25 04:52:26,178 [4370308c-ceb4-49a9-9879-5927b69a5f85@group-F1847BE0AB07:LeaderElection56] INFO  impl.RaftServerImpl (ServerState.java:setRaftConf(354)) - 4370308c-ceb4-49a9-9879-5927b69a5f85@group-F1847BE0AB07: set configuration 0: [4370308c-ceb4-49a9-9879-5927b69a5f85:192.168.164.207:34481], old=null at 0
2019-09-25 04:52:26,184 [94bde7ca-9af4-4c06-8221-a867c8f279fc@group-41A83F50CFA8:LeaderElection57] INFO  impl.LeaderElection (LeaderElection.java:askForVotes(182)) - 94bde7ca-9af4-4c06-8221-a867c8f279fc@group-41A83F50CFA8:LeaderElection57: begin an election at term 1 for -1: [94bde7ca-9af4-4c06-8221-a867c8f279fc:192.168.164.207:37773], old=null
2019-09-25 04:52:26,184 [94bde7ca-9af4-4c06-8221-a867c8f279fc@group-41A83F50CFA8:LeaderElection57] INFO  impl.RoleInfo (RoleInfo.java:shutdownLeaderElection(134)) - 94bde7ca-9af4-4c06-8221-a867c8f279fc: shutdown LeaderElection
2019-09-25 04:52:26,184 [94bde7ca-9af4-4c06-8221-a867c8f279fc@group-41A83F50CFA8:LeaderElection57] INFO  impl.RaftServerImpl (RaftServerImpl.java:setRole(174)) - 94bde7ca-9af4-4c06-8221-a867c8f279fc@group-41A83F50CFA8: changes role from CANDIDATE to LEADER at term 1 for changeToLeader
2019-09-25 04:52:26,184 [94bde7ca-9af4-4c06-8221-a867c8f279fc@group-41A83F50CFA8:LeaderElection57] INFO  impl.RaftServerImpl (ServerState.java:setLeader(253)) - 94bde7ca-9af4-4c06-8221-a867c8f279fc@group-41A83F50CFA8: change Leader from null to 94bde7ca-9af4-4c06-8221-a867c8f279fc at term 1 for becomeLeader, leader elected after 5133ms
2019-09-25 04:52:26,217 [94bde7ca-9af4-4c06-8221-a867c8f279fc@group-41A83F50CFA8:LeaderElection57] INFO  server.RaftServerConfigKeys (ConfUtils.java:logGet(43)) - raft.server.staging.catchup.gap = 1000 (default)
2019-09-25 04:52:26,218 [94bde7ca-9af4-4c06-8221-a867c8f279fc@group-41A83F50CFA8:LeaderElection57] INFO  server.RaftServerConfigKeys (ConfUtils.java:logGet(43)) - raft.server.rpc.sleep.time = 25ms (default)
2019-09-25 04:52:26,218 [94bde7ca-9af4-4c06-8221-a867c8f279fc@group-41A83F50CFA8:LeaderElection57] INFO  server.RaftServerConfigKeys (ConfUtils.java:logGet(43)) - raft.server.write.element-limit = 4096 (default)
2019-09-25 04:52:26,218 [94bde7ca-9af4-4c06-8221-a867c8f279fc@group-41A83F50CFA8:LeaderElection57] INFO  server.RaftServerConfigKeys (ConfUtils.java:logGet(43)) - raft.server.watch.timeout = 10s (default)
2019-09-25 04:52:26,218 [94bde7ca-9af4-4c06-8221-a867c8f279fc@group-41A83F50CFA8:LeaderElection57] INFO  server.RaftServerConfigKeys (ConfUtils.java:logGet(43)) - raft.server.watch.timeout.denomination = 1s (default)
2019-09-25 04:52:26,218 [94bde7ca-9af4-4c06-8221-a867c8f279fc@group-41A83F50CFA8:LeaderElection57] INFO  server.RaftServerConfigKeys (ConfUtils.java:logGet(43)) - raft.server.watch.element-limit = 65536 (default)
2019-09-25 04:52:26,220 [94bde7ca-9af4-4c06-8221-a867c8f279fc@group-41A83F50CFA8:LeaderElection57] INFO  impl.RoleInfo (RoleInfo.java:updateAndGet(143)) - 94bde7ca-9af4-4c06-8221-a867c8f279fc: start LeaderState
2019-09-25 04:52:26,220 [94bde7ca-9af4-4c06-8221-a867c8f279fc@group-41A83F50CFA8:LeaderElection57] INFO  segmented.SegmentedRaftLogWorker (SegmentedRaftLogWorker.java:startLogSegment(380)) - 94bde7ca-9af4-4c06-8221-a867c8f279fc@group-41A83F50CFA8-SegmentedRaftLogWorker: Starting segment from index:0
2019-09-25 04:52:26,220 [94bde7ca-9af4-4c06-8221-a867c8f279fc@group-41A83F50CFA8:LeaderElection57] INFO  impl.RaftServerImpl (ServerState.java:setRaftConf(354)) - 94bde7ca-9af4-4c06-8221-a867c8f279fc@group-41A83F50CFA8: set configuration 0: [94bde7ca-9af4-4c06-8221-a867c8f279fc:192.168.164.207:37773], old=null at 0
2019-09-25 04:52:26,238 [4370308c-ceb4-49a9-9879-5927b69a5f85@group-F1847BE0AB07-SegmentedRaftLogWorker] INFO  segmented.SegmentedRaftLogWorker (SegmentedRaftLogWorker.java:execute(569)) - 4370308c-ceb4-49a9-9879-5927b69a5f85@group-F1847BE0AB07-SegmentedRaftLogWorker: created new log segment /workdir/hadoop-ozone/integration-test/target/test-dir/MiniOzoneClusterImpl-d3c81739-79da-4dbe-9ced-b164d958c5b5/datanode-0/data/ratis/0ffdc89b-9abc-4946-adff-f1847be0ab07/current/log_inprogress_0
2019-09-25 04:52:26,238 [4370308c-ceb4-49a9-9879-5927b69a5f85@group-AAE70ECD8EA9-SegmentedRaftLogWorker] INFO  segmented.SegmentedRaftLogWorker (SegmentedRaftLogWorker.java:execute(569)) - 4370308c-ceb4-49a9-9879-5927b69a5f85@group-AAE70ECD8EA9-SegmentedRaftLogWorker: created new log segment /workdir/hadoop-ozone/integration-test/target/test-dir/MiniOzoneClusterImpl-d3c81739-79da-4dbe-9ced-b164d958c5b5/datanode-0/data/ratis/c4e51d45-24a7-43ba-88f9-aae70ecd8ea9/current/log_inprogress_0
2019-09-25 04:52:26,238 [bb4fa670-e092-4403-b4a0-776b8e3a297a@group-34D8397095E7-SegmentedRaftLogWorker] INFO  segmented.SegmentedRaftLogWorker (SegmentedRaftLogWorker.java:execute(569)) - bb4fa670-e092-4403-b4a0-776b8e3a297a@group-34D8397095E7-SegmentedRaftLogWorker: created new log segment /workdir/hadoop-ozone/integration-test/target/test-dir/MiniOzoneClusterImpl-d3c81739-79da-4dbe-9ced-b164d958c5b5/datanode-2/data/ratis/01237cd3-d8a0-4055-a6f9-34d8397095e7/current/log_inprogress_0
2019-09-25 04:52:26,270 [94bde7ca-9af4-4c06-8221-a867c8f279fc@group-41A83F50CFA8-SegmentedRaftLogWorker] INFO  segmented.SegmentedRaftLogWorker (SegmentedRaftLogWorker.java:execute(569)) - 94bde7ca-9af4-4c06-8221-a867c8f279fc@group-41A83F50CFA8-SegmentedRaftLogWorker: created new log segment /workdir/hadoop-ozone/integration-test/target/test-dir/MiniOzoneClusterImpl-d3c81739-79da-4dbe-9ced-b164d958c5b5/datanode-4/data/ratis/0ab2d357-0ec3-4bcd-be16-41a83f50cfa8/current/log_inprogress_0
2019-09-25 04:52:26,338 [Thread-731] INFO  impl.FollowerState (FollowerState.java:run(106)) - 94bde7ca-9af4-4c06-8221-a867c8f279fc:group-C757014BABA6 changes to CANDIDATE, lastRpcTime:5165, electionTimeout:5165ms
2019-09-25 04:52:26,339 [Thread-731] INFO  impl.RoleInfo (RoleInfo.java:shutdownFollowerState(121)) - 94bde7ca-9af4-4c06-8221-a867c8f279fc: shutdown FollowerState
2019-09-25 04:52:26,339 [Thread-731] INFO  impl.RaftServerImpl (RaftServerImpl.java:setRole(174)) - 94bde7ca-9af4-4c06-8221-a867c8f279fc@group-C757014BABA6: changes role from  FOLLOWER to CANDIDATE at term 0 for changeToCandidate
2019-09-25 04:52:26,339 [Thread-731] INFO  impl.RoleInfo (RoleInfo.java:updateAndGet(143)) - 94bde7ca-9af4-4c06-8221-a867c8f279fc: start LeaderElection
2019-09-25 04:52:26,359 [94bde7ca-9af4-4c06-8221-a867c8f279fc@group-C757014BABA6:LeaderElection58] INFO  impl.LeaderElection (LeaderElection.java:askForVotes(182)) - 94bde7ca-9af4-4c06-8221-a867c8f279fc@group-C757014BABA6:LeaderElection58: begin an election at term 1 for -1: [94bde7ca-9af4-4c06-8221-a867c8f279fc:192.168.164.207:37773], old=null
2019-09-25 04:52:26,359 [94bde7ca-9af4-4c06-8221-a867c8f279fc@group-C757014BABA6:LeaderElection58] INFO  impl.RoleInfo (RoleInfo.java:shutdownLeaderElection(134)) - 94bde7ca-9af4-4c06-8221-a867c8f279fc: shutdown LeaderElection
2019-09-25 04:52:26,359 [94bde7ca-9af4-4c06-8221-a867c8f279fc@group-C757014BABA6:LeaderElection58] INFO  impl.RaftServerImpl (RaftServerImpl.java:setRole(174)) - 94bde7ca-9af4-4c06-8221-a867c8f279fc@group-C757014BABA6: changes role from CANDIDATE to LEADER at term 1 for changeToLeader
2019-09-25 04:52:26,359 [94bde7ca-9af4-4c06-8221-a867c8f279fc@group-C757014BABA6:LeaderElection58] INFO  impl.RaftServerImpl (ServerState.java:setLeader(253)) - 94bde7ca-9af4-4c06-8221-a867c8f279fc@group-C757014BABA6: change Leader from null to 94bde7ca-9af4-4c06-8221-a867c8f279fc at term 1 for becomeLeader, leader elected after 5190ms
2019-09-25 04:52:26,359 [94bde7ca-9af4-4c06-8221-a867c8f279fc@group-C757014BABA6:LeaderElection58] INFO  server.RaftServerConfigKeys (ConfUtils.java:logGet(43)) - raft.server.staging.catchup.gap = 1000 (default)
2019-09-25 04:52:26,359 [94bde7ca-9af4-4c06-8221-a867c8f279fc@group-C757014BABA6:LeaderElection58] INFO  server.RaftServerConfigKeys (ConfUtils.java:logGet(43)) - raft.server.rpc.sleep.time = 25ms (default)
2019-09-25 04:52:26,359 [94bde7ca-9af4-4c06-8221-a867c8f279fc@group-C757014BABA6:LeaderElection58] INFO  server.RaftServerConfigKeys (ConfUtils.java:logGet(43)) - raft.server.write.element-limit = 4096 (default)
2019-09-25 04:52:26,360 [94bde7ca-9af4-4c06-8221-a867c8f279fc@group-C757014BABA6:LeaderElection58] INFO  server.RaftServerConfigKeys (ConfUtils.java:logGet(43)) - raft.server.watch.timeout = 10s (default)
2019-09-25 04:52:26,360 [94bde7ca-9af4-4c06-8221-a867c8f279fc@group-C757014BABA6:LeaderElection58] INFO  server.RaftServerConfigKeys (ConfUtils.java:logGet(43)) - raft.server.watch.timeout.denomination = 1s (default)
2019-09-25 04:52:26,360 [94bde7ca-9af4-4c06-8221-a867c8f279fc@group-C757014BABA6:LeaderElection58] INFO  server.RaftServerConfigKeys (ConfUtils.java:logGet(43)) - raft.server.watch.element-limit = 65536 (default)
2019-09-25 04:52:26,362 [94bde7ca-9af4-4c06-8221-a867c8f279fc@group-C757014BABA6:LeaderElection58] INFO  impl.RoleInfo (RoleInfo.java:updateAndGet(143)) - 94bde7ca-9af4-4c06-8221-a867c8f279fc: start LeaderState
2019-09-25 04:52:26,362 [94bde7ca-9af4-4c06-8221-a867c8f279fc@group-C757014BABA6:LeaderElection58] INFO  segmented.SegmentedRaftLogWorker (SegmentedRaftLogWorker.java:startLogSegment(380)) - 94bde7ca-9af4-4c06-8221-a867c8f279fc@group-C757014BABA6-SegmentedRaftLogWorker: Starting segment from index:0
2019-09-25 04:52:26,363 [94bde7ca-9af4-4c06-8221-a867c8f279fc@group-C757014BABA6:LeaderElection58] INFO  impl.RaftServerImpl (ServerState.java:setRaftConf(354)) - 94bde7ca-9af4-4c06-8221-a867c8f279fc@group-C757014BABA6: set configuration 0: [94bde7ca-9af4-4c06-8221-a867c8f279fc:192.168.164.207:37773], old=null at 0
2019-09-25 04:52:26,374 [Thread-737] INFO  impl.FollowerState (FollowerState.java:run(106)) - 9586c7e2-af3f-487f-89b7-bc8fbed5a611:group-DC50B09717BE changes to CANDIDATE, lastRpcTime:5087, electionTimeout:5087ms
2019-09-25 04:52:26,374 [Thread-737] INFO  impl.RoleInfo (RoleInfo.java:shutdownFollowerState(121)) - 9586c7e2-af3f-487f-89b7-bc8fbed5a611: shutdown FollowerState
2019-09-25 04:52:26,375 [Thread-737] INFO  impl.RaftServerImpl (RaftServerImpl.java:setRole(174)) - 9586c7e2-af3f-487f-89b7-bc8fbed5a611@group-DC50B09717BE: changes role from  FOLLOWER to CANDIDATE at term 0 for changeToCandidate
2019-09-25 04:52:26,375 [Thread-737] INFO  impl.RoleInfo (RoleInfo.java:updateAndGet(143)) - 9586c7e2-af3f-487f-89b7-bc8fbed5a611: start LeaderElection
2019-09-25 04:52:26,405 [Thread-734] INFO  impl.FollowerState (FollowerState.java:run(106)) - 94bde7ca-9af4-4c06-8221-a867c8f279fc:group-8C114D82085D changes to CANDIDATE, lastRpcTime:5177, electionTimeout:5165ms
2019-09-25 04:52:26,405 [Thread-734] INFO  impl.RoleInfo (RoleInfo.java:shutdownFollowerState(121)) - 94bde7ca-9af4-4c06-8221-a867c8f279fc: shutdown FollowerState
2019-09-25 04:52:26,405 [Thread-734] INFO  impl.RaftServerImpl (RaftServerImpl.java:setRole(174)) - 94bde7ca-9af4-4c06-8221-a867c8f279fc@group-8C114D82085D: changes role from  FOLLOWER to CANDIDATE at term 0 for changeToCandidate
2019-09-25 04:52:26,405 [Thread-734] INFO  impl.RoleInfo (RoleInfo.java:updateAndGet(143)) - 94bde7ca-9af4-4c06-8221-a867c8f279fc: start LeaderElection
2019-09-25 04:52:26,418 [94bde7ca-9af4-4c06-8221-a867c8f279fc@group-C757014BABA6-SegmentedRaftLogWorker] INFO  segmented.SegmentedRaftLogWorker (SegmentedRaftLogWorker.java:execute(569)) - 94bde7ca-9af4-4c06-8221-a867c8f279fc@group-C757014BABA6-SegmentedRaftLogWorker: created new log segment /workdir/hadoop-ozone/integration-test/target/test-dir/MiniOzoneClusterImpl-d3c81739-79da-4dbe-9ced-b164d958c5b5/datanode-4/data/ratis/c733b6a1-c2e9-43fd-a2a9-c757014baba6/current/log_inprogress_0
2019-09-25 04:52:26,418 [9586c7e2-af3f-487f-89b7-bc8fbed5a611@group-DC50B09717BE:LeaderElection59] INFO  impl.LeaderElection (LeaderElection.java:askForVotes(182)) - 9586c7e2-af3f-487f-89b7-bc8fbed5a611@group-DC50B09717BE:LeaderElection59: begin an election at term 1 for -1: [9586c7e2-af3f-487f-89b7-bc8fbed5a611:192.168.164.207:42132], old=null
2019-09-25 04:52:26,418 [94bde7ca-9af4-4c06-8221-a867c8f279fc@group-8C114D82085D:LeaderElection60] INFO  impl.LeaderElection (LeaderElection.java:askForVotes(182)) - 94bde7ca-9af4-4c06-8221-a867c8f279fc@group-8C114D82085D:LeaderElection60: begin an election at term 1 for -1: [94bde7ca-9af4-4c06-8221-a867c8f279fc:192.168.164.207:37773], old=null
2019-09-25 04:52:26,418 [9586c7e2-af3f-487f-89b7-bc8fbed5a611@group-DC50B09717BE:LeaderElection59] INFO  impl.RoleInfo (RoleInfo.java:shutdownLeaderElection(134)) - 9586c7e2-af3f-487f-89b7-bc8fbed5a611: shutdown LeaderElection
2019-09-25 04:52:26,418 [94bde7ca-9af4-4c06-8221-a867c8f279fc@group-8C114D82085D:LeaderElection60] INFO  impl.RoleInfo (RoleInfo.java:shutdownLeaderElection(134)) - 94bde7ca-9af4-4c06-8221-a867c8f279fc: shutdown LeaderElection
2019-09-25 04:52:26,418 [9586c7e2-af3f-487f-89b7-bc8fbed5a611@group-DC50B09717BE:LeaderElection59] INFO  impl.RaftServerImpl (RaftServerImpl.java:setRole(174)) - 9586c7e2-af3f-487f-89b7-bc8fbed5a611@group-DC50B09717BE: changes role from CANDIDATE to LEADER at term 1 for changeToLeader
2019-09-25 04:52:26,418 [94bde7ca-9af4-4c06-8221-a867c8f279fc@group-8C114D82085D:LeaderElection60] INFO  impl.RaftServerImpl (RaftServerImpl.java:setRole(174)) - 94bde7ca-9af4-4c06-8221-a867c8f279fc@group-8C114D82085D: changes role from CANDIDATE to LEADER at term 1 for changeToLeader
2019-09-25 04:52:26,419 [9586c7e2-af3f-487f-89b7-bc8fbed5a611@group-DC50B09717BE:LeaderElection59] INFO  impl.RaftServerImpl (ServerState.java:setLeader(253)) - 9586c7e2-af3f-487f-89b7-bc8fbed5a611@group-DC50B09717BE: change Leader from null to 9586c7e2-af3f-487f-89b7-bc8fbed5a611 at term 1 for becomeLeader, leader elected after 5139ms
2019-09-25 04:52:26,419 [94bde7ca-9af4-4c06-8221-a867c8f279fc@group-8C114D82085D:LeaderElection60] INFO  impl.RaftServerImpl (ServerState.java:setLeader(253)) - 94bde7ca-9af4-4c06-8221-a867c8f279fc@group-8C114D82085D: change Leader from null to 94bde7ca-9af4-4c06-8221-a867c8f279fc at term 1 for becomeLeader, leader elected after 5199ms
2019-09-25 04:52:26,419 [9586c7e2-af3f-487f-89b7-bc8fbed5a611@group-DC50B09717BE:LeaderElection59] INFO  server.RaftServerConfigKeys (ConfUtils.java:logGet(43)) - raft.server.staging.catchup.gap = 1000 (default)
2019-09-25 04:52:26,419 [94bde7ca-9af4-4c06-8221-a867c8f279fc@group-8C114D82085D:LeaderElection60] INFO  server.RaftServerConfigKeys (ConfUtils.java:logGet(43)) - raft.server.staging.catchup.gap = 1000 (default)
2019-09-25 04:52:26,419 [9586c7e2-af3f-487f-89b7-bc8fbed5a611@group-DC50B09717BE:LeaderElection59] INFO  server.RaftServerConfigKeys (ConfUtils.java:logGet(43)) - raft.server.rpc.sleep.time = 25ms (default)
2019-09-25 04:52:26,419 [94bde7ca-9af4-4c06-8221-a867c8f279fc@group-8C114D82085D:LeaderElection60] INFO  server.RaftServerConfigKeys (ConfUtils.java:logGet(43)) - raft.server.rpc.sleep.time = 25ms (default)
2019-09-25 04:52:26,419 [9586c7e2-af3f-487f-89b7-bc8fbed5a611@group-DC50B09717BE:LeaderElection59] INFO  server.RaftServerConfigKeys (ConfUtils.java:logGet(43)) - raft.server.write.element-limit = 4096 (default)
2019-09-25 04:52:26,419 [94bde7ca-9af4-4c06-8221-a867c8f279fc@group-8C114D82085D:LeaderElection60] INFO  server.RaftServerConfigKeys (ConfUtils.java:logGet(43)) - raft.server.write.element-limit = 4096 (default)
2019-09-25 04:52:26,420 [9586c7e2-af3f-487f-89b7-bc8fbed5a611@group-DC50B09717BE:LeaderElection59] INFO  server.RaftServerConfigKeys (ConfUtils.java:logGet(43)) - raft.server.watch.timeout = 10s (default)
2019-09-25 04:52:26,420 [94bde7ca-9af4-4c06-8221-a867c8f279fc@group-8C114D82085D:LeaderElection60] INFO  server.RaftServerConfigKeys (ConfUtils.java:logGet(43)) - raft.server.watch.timeout = 10s (default)
2019-09-25 04:52:26,420 [9586c7e2-af3f-487f-89b7-bc8fbed5a611@group-DC50B09717BE:LeaderElection59] INFO  server.RaftServerConfigKeys (ConfUtils.java:logGet(43)) - raft.server.watch.timeout.denomination = 1s (default)
2019-09-25 04:52:26,420 [94bde7ca-9af4-4c06-8221-a867c8f279fc@group-8C114D82085D:LeaderElection60] INFO  server.RaftServerConfigKeys (ConfUtils.java:logGet(43)) - raft.server.watch.timeout.denomination = 1s (default)
2019-09-25 04:52:26,420 [9586c7e2-af3f-487f-89b7-bc8fbed5a611@group-DC50B09717BE:LeaderElection59] INFO  server.RaftServerConfigKeys (ConfUtils.java:logGet(43)) - raft.server.watch.element-limit = 65536 (default)
2019-09-25 04:52:26,420 [94bde7ca-9af4-4c06-8221-a867c8f279fc@group-8C114D82085D:LeaderElection60] INFO  server.RaftServerConfigKeys (ConfUtils.java:logGet(43)) - raft.server.watch.element-limit = 65536 (default)
2019-09-25 04:52:26,424 [9586c7e2-af3f-487f-89b7-bc8fbed5a611@group-DC50B09717BE:LeaderElection59] INFO  impl.RoleInfo (RoleInfo.java:updateAndGet(143)) - 9586c7e2-af3f-487f-89b7-bc8fbed5a611: start LeaderState
2019-09-25 04:52:26,424 [94bde7ca-9af4-4c06-8221-a867c8f279fc@group-8C114D82085D:LeaderElection60] INFO  impl.RoleInfo (RoleInfo.java:updateAndGet(143)) - 94bde7ca-9af4-4c06-8221-a867c8f279fc: start LeaderState
2019-09-25 04:52:26,424 [9586c7e2-af3f-487f-89b7-bc8fbed5a611@group-DC50B09717BE:LeaderElection59] INFO  segmented.SegmentedRaftLogWorker (SegmentedRaftLogWorker.java:startLogSegment(380)) - 9586c7e2-af3f-487f-89b7-bc8fbed5a611@group-DC50B09717BE-SegmentedRaftLogWorker: Starting segment from index:0
2019-09-25 04:52:26,424 [94bde7ca-9af4-4c06-8221-a867c8f279fc@group-8C114D82085D:LeaderElection60] INFO  segmented.SegmentedRaftLogWorker (SegmentedRaftLogWorker.java:startLogSegment(380)) - 94bde7ca-9af4-4c06-8221-a867c8f279fc@group-8C114D82085D-SegmentedRaftLogWorker: Starting segment from index:0
2019-09-25 04:52:26,424 [Thread-740] INFO  impl.FollowerState (FollowerState.java:run(106)) - bcc74fd2-3a06-4539-867d-223a418d820d:group-548AD675E1D7 changes to CANDIDATE, lastRpcTime:5091, electionTimeout:5091ms
2019-09-25 04:52:26,425 [Thread-740] INFO  impl.RoleInfo (RoleInfo.java:shutdownFollowerState(121)) - bcc74fd2-3a06-4539-867d-223a418d820d: shutdown FollowerState
2019-09-25 04:52:26,425 [9586c7e2-af3f-487f-89b7-bc8fbed5a611@group-DC50B09717BE:LeaderElection59] INFO  impl.RaftServerImpl (ServerState.java:setRaftConf(354)) - 9586c7e2-af3f-487f-89b7-bc8fbed5a611@group-DC50B09717BE: set configuration 0: [9586c7e2-af3f-487f-89b7-bc8fbed5a611:192.168.164.207:42132], old=null at 0
2019-09-25 04:52:26,425 [94bde7ca-9af4-4c06-8221-a867c8f279fc@group-8C114D82085D:LeaderElection60] INFO  impl.RaftServerImpl (ServerState.java:setRaftConf(354)) - 94bde7ca-9af4-4c06-8221-a867c8f279fc@group-8C114D82085D: set configuration 0: [94bde7ca-9af4-4c06-8221-a867c8f279fc:192.168.164.207:37773], old=null at 0
2019-09-25 04:52:26,425 [Thread-740] INFO  impl.RaftServerImpl (RaftServerImpl.java:setRole(174)) - bcc74fd2-3a06-4539-867d-223a418d820d@group-548AD675E1D7: changes role from  FOLLOWER to CANDIDATE at term 0 for changeToCandidate
2019-09-25 04:52:26,425 [Thread-740] INFO  impl.RoleInfo (RoleInfo.java:updateAndGet(143)) - bcc74fd2-3a06-4539-867d-223a418d820d: start LeaderElection
2019-09-25 04:52:26,461 [Thread-743] INFO  impl.FollowerState (FollowerState.java:run(106)) - bb4fa670-e092-4403-b4a0-776b8e3a297a:group-6DCBF0F34B42 changes to CANDIDATE, lastRpcTime:5083, electionTimeout:5074ms
2019-09-25 04:52:26,462 [Thread-743] INFO  impl.RoleInfo (RoleInfo.java:shutdownFollowerState(121)) - bb4fa670-e092-4403-b4a0-776b8e3a297a: shutdown FollowerState
2019-09-25 04:52:26,462 [Thread-743] INFO  impl.RaftServerImpl (RaftServerImpl.java:setRole(174)) - bb4fa670-e092-4403-b4a0-776b8e3a297a@group-6DCBF0F34B42: changes role from  FOLLOWER to CANDIDATE at term 0 for changeToCandidate
2019-09-25 04:52:26,462 [Thread-743] INFO  impl.RoleInfo (RoleInfo.java:updateAndGet(143)) - bb4fa670-e092-4403-b4a0-776b8e3a297a: start LeaderElection
2019-09-25 04:52:26,477 [94bde7ca-9af4-4c06-8221-a867c8f279fc@group-8C114D82085D-SegmentedRaftLogWorker] INFO  segmented.SegmentedRaftLogWorker (SegmentedRaftLogWorker.java:execute(569)) - 94bde7ca-9af4-4c06-8221-a867c8f279fc@group-8C114D82085D-SegmentedRaftLogWorker: created new log segment /workdir/hadoop-ozone/integration-test/target/test-dir/MiniOzoneClusterImpl-d3c81739-79da-4dbe-9ced-b164d958c5b5/datanode-4/data/ratis/b4283641-184b-441a-bd9b-8c114d82085d/current/log_inprogress_0
2019-09-25 04:52:26,477 [9586c7e2-af3f-487f-89b7-bc8fbed5a611@group-DC50B09717BE-SegmentedRaftLogWorker] INFO  segmented.SegmentedRaftLogWorker (SegmentedRaftLogWorker.java:execute(569)) - 9586c7e2-af3f-487f-89b7-bc8fbed5a611@group-DC50B09717BE-SegmentedRaftLogWorker: created new log segment /workdir/hadoop-ozone/integration-test/target/test-dir/MiniOzoneClusterImpl-d3c81739-79da-4dbe-9ced-b164d958c5b5/datanode-5/data/ratis/e7873510-98f3-442e-8faf-dc50b09717be/current/log_inprogress_0
2019-09-25 04:52:26,477 [bcc74fd2-3a06-4539-867d-223a418d820d@group-548AD675E1D7:LeaderElection61] INFO  impl.LeaderElection (LeaderElection.java:askForVotes(182)) - bcc74fd2-3a06-4539-867d-223a418d820d@group-548AD675E1D7:LeaderElection61: begin an election at term 1 for -1: [bcc74fd2-3a06-4539-867d-223a418d820d:192.168.164.207:36081], old=null
2019-09-25 04:52:26,477 [bcc74fd2-3a06-4539-867d-223a418d820d@group-548AD675E1D7:LeaderElection61] INFO  impl.RoleInfo (RoleInfo.java:shutdownLeaderElection(134)) - bcc74fd2-3a06-4539-867d-223a418d820d: shutdown LeaderElection
2019-09-25 04:52:26,477 [bcc74fd2-3a06-4539-867d-223a418d820d@group-548AD675E1D7:LeaderElection61] INFO  impl.RaftServerImpl (RaftServerImpl.java:setRole(174)) - bcc74fd2-3a06-4539-867d-223a418d820d@group-548AD675E1D7: changes role from CANDIDATE to LEADER at term 1 for changeToLeader
2019-09-25 04:52:26,478 [bcc74fd2-3a06-4539-867d-223a418d820d@group-548AD675E1D7:LeaderElection61] INFO  impl.RaftServerImpl (ServerState.java:setLeader(253)) - bcc74fd2-3a06-4539-867d-223a418d820d@group-548AD675E1D7: change Leader from null to bcc74fd2-3a06-4539-867d-223a418d820d at term 1 for becomeLeader, leader elected after 5151ms
2019-09-25 04:52:26,478 [bcc74fd2-3a06-4539-867d-223a418d820d@group-548AD675E1D7:LeaderElection61] INFO  server.RaftServerConfigKeys (ConfUtils.java:logGet(43)) - raft.server.staging.catchup.gap = 1000 (default)
2019-09-25 04:52:26,478 [bcc74fd2-3a06-4539-867d-223a418d820d@group-548AD675E1D7:LeaderElection61] INFO  server.RaftServerConfigKeys (ConfUtils.java:logGet(43)) - raft.server.rpc.sleep.time = 25ms (default)
2019-09-25 04:52:26,478 [bcc74fd2-3a06-4539-867d-223a418d820d@group-548AD675E1D7:LeaderElection61] INFO  server.RaftServerConfigKeys (ConfUtils.java:logGet(43)) - raft.server.write.element-limit = 4096 (default)
2019-09-25 04:52:26,478 [bcc74fd2-3a06-4539-867d-223a418d820d@group-548AD675E1D7:LeaderElection61] INFO  server.RaftServerConfigKeys (ConfUtils.java:logGet(43)) - raft.server.watch.timeout = 10s (default)
2019-09-25 04:52:26,478 [bcc74fd2-3a06-4539-867d-223a418d820d@group-548AD675E1D7:LeaderElection61] INFO  server.RaftServerConfigKeys (ConfUtils.java:logGet(43)) - raft.server.watch.timeout.denomination = 1s (default)
2019-09-25 04:52:26,479 [bcc74fd2-3a06-4539-867d-223a418d820d@group-548AD675E1D7:LeaderElection61] INFO  server.RaftServerConfigKeys (ConfUtils.java:logGet(43)) - raft.server.watch.element-limit = 65536 (default)
2019-09-25 04:52:26,481 [bcc74fd2-3a06-4539-867d-223a418d820d@group-548AD675E1D7:LeaderElection61] INFO  impl.RoleInfo (RoleInfo.java:updateAndGet(143)) - bcc74fd2-3a06-4539-867d-223a418d820d: start LeaderState
2019-09-25 04:52:26,481 [bcc74fd2-3a06-4539-867d-223a418d820d@group-548AD675E1D7:LeaderElection61] INFO  segmented.SegmentedRaftLogWorker (SegmentedRaftLogWorker.java:startLogSegment(380)) - bcc74fd2-3a06-4539-867d-223a418d820d@group-548AD675E1D7-SegmentedRaftLogWorker: Starting segment from index:0
2019-09-25 04:52:26,481 [bcc74fd2-3a06-4539-867d-223a418d820d@group-548AD675E1D7:LeaderElection61] INFO  impl.RaftServerImpl (ServerState.java:setRaftConf(354)) - bcc74fd2-3a06-4539-867d-223a418d820d@group-548AD675E1D7: set configuration 0: [bcc74fd2-3a06-4539-867d-223a418d820d:192.168.164.207:36081], old=null at 0
2019-09-25 04:52:26,490 [bb4fa670-e092-4403-b4a0-776b8e3a297a@group-6DCBF0F34B42:LeaderElection62] INFO  impl.LeaderElection (LeaderElection.java:askForVotes(182)) - bb4fa670-e092-4403-b4a0-776b8e3a297a@group-6DCBF0F34B42:LeaderElection62: begin an election at term 1 for -1: [bb4fa670-e092-4403-b4a0-776b8e3a297a:192.168.164.207:42708], old=null
2019-09-25 04:52:26,490 [bb4fa670-e092-4403-b4a0-776b8e3a297a@group-6DCBF0F34B42:LeaderElection62] INFO  impl.RoleInfo (RoleInfo.java:shutdownLeaderElection(134)) - bb4fa670-e092-4403-b4a0-776b8e3a297a: shutdown LeaderElection
2019-09-25 04:52:26,490 [bb4fa670-e092-4403-b4a0-776b8e3a297a@group-6DCBF0F34B42:LeaderElection62] INFO  impl.RaftServerImpl (RaftServerImpl.java:setRole(174)) - bb4fa670-e092-4403-b4a0-776b8e3a297a@group-6DCBF0F34B42: changes role from CANDIDATE to LEADER at term 1 for changeToLeader
2019-09-25 04:52:26,491 [bb4fa670-e092-4403-b4a0-776b8e3a297a@group-6DCBF0F34B42:LeaderElection62] INFO  impl.RaftServerImpl (ServerState.java:setLeader(253)) - bb4fa670-e092-4403-b4a0-776b8e3a297a@group-6DCBF0F34B42: change Leader from null to bb4fa670-e092-4403-b4a0-776b8e3a297a at term 1 for becomeLeader, leader elected after 5119ms
2019-09-25 04:52:26,491 [bb4fa670-e092-4403-b4a0-776b8e3a297a@group-6DCBF0F34B42:LeaderElection62] INFO  server.RaftServerConfigKeys (ConfUtils.java:logGet(43)) - raft.server.staging.catchup.gap = 1000 (default)
2019-09-25 04:52:26,491 [bb4fa670-e092-4403-b4a0-776b8e3a297a@group-6DCBF0F34B42:LeaderElection62] INFO  server.RaftServerConfigKeys (ConfUtils.java:logGet(43)) - raft.server.rpc.sleep.time = 25ms (default)
2019-09-25 04:52:26,491 [bb4fa670-e092-4403-b4a0-776b8e3a297a@group-6DCBF0F34B42:LeaderElection62] INFO  server.RaftServerConfigKeys (ConfUtils.java:logGet(43)) - raft.server.write.element-limit = 4096 (default)
2019-09-25 04:52:26,491 [bb4fa670-e092-4403-b4a0-776b8e3a297a@group-6DCBF0F34B42:LeaderElection62] INFO  server.RaftServerConfigKeys (ConfUtils.java:logGet(43)) - raft.server.watch.timeout = 10s (default)
2019-09-25 04:52:26,492 [bb4fa670-e092-4403-b4a0-776b8e3a297a@group-6DCBF0F34B42:LeaderElection62] INFO  server.RaftServerConfigKeys (ConfUtils.java:logGet(43)) - raft.server.watch.timeout.denomination = 1s (default)
2019-09-25 04:52:26,492 [bb4fa670-e092-4403-b4a0-776b8e3a297a@group-6DCBF0F34B42:LeaderElection62] INFO  server.RaftServerConfigKeys (ConfUtils.java:logGet(43)) - raft.server.watch.element-limit = 65536 (default)
2019-09-25 04:52:26,494 [bb4fa670-e092-4403-b4a0-776b8e3a297a@group-6DCBF0F34B42:LeaderElection62] INFO  impl.RoleInfo (RoleInfo.java:updateAndGet(143)) - bb4fa670-e092-4403-b4a0-776b8e3a297a: start LeaderState
2019-09-25 04:52:26,495 [bb4fa670-e092-4403-b4a0-776b8e3a297a@group-6DCBF0F34B42:LeaderElection62] INFO  segmented.SegmentedRaftLogWorker (SegmentedRaftLogWorker.java:startLogSegment(380)) - bb4fa670-e092-4403-b4a0-776b8e3a297a@group-6DCBF0F34B42-SegmentedRaftLogWorker: Starting segment from index:0
2019-09-25 04:52:26,495 [bb4fa670-e092-4403-b4a0-776b8e3a297a@group-6DCBF0F34B42:LeaderElection62] INFO  impl.RaftServerImpl (ServerState.java:setRaftConf(354)) - bb4fa670-e092-4403-b4a0-776b8e3a297a@group-6DCBF0F34B42: set configuration 0: [bb4fa670-e092-4403-b4a0-776b8e3a297a:192.168.164.207:42708], old=null at 0
2019-09-25 04:52:26,530 [bcc74fd2-3a06-4539-867d-223a418d820d@group-548AD675E1D7-SegmentedRaftLogWorker] INFO  segmented.SegmentedRaftLogWorker (SegmentedRaftLogWorker.java:execute(569)) - bcc74fd2-3a06-4539-867d-223a418d820d@group-548AD675E1D7-SegmentedRaftLogWorker: created new log segment /workdir/hadoop-ozone/integration-test/target/test-dir/MiniOzoneClusterImpl-d3c81739-79da-4dbe-9ced-b164d958c5b5/datanode-1/data/ratis/d0ddd9a6-8b9d-494f-9256-548ad675e1d7/current/log_inprogress_0
2019-09-25 04:52:26,530 [bb4fa670-e092-4403-b4a0-776b8e3a297a@group-6DCBF0F34B42-SegmentedRaftLogWorker] INFO  segmented.SegmentedRaftLogWorker (SegmentedRaftLogWorker.java:execute(569)) - bb4fa670-e092-4403-b4a0-776b8e3a297a@group-6DCBF0F34B42-SegmentedRaftLogWorker: created new log segment /workdir/hadoop-ozone/integration-test/target/test-dir/MiniOzoneClusterImpl-d3c81739-79da-4dbe-9ced-b164d958c5b5/datanode-2/data/ratis/b1e6949c-bc38-47f5-b659-6dcbf0f34b42/current/log_inprogress_0
2019-09-25 04:52:26,558 [Thread-746] INFO  impl.FollowerState (FollowerState.java:run(106)) - 6a547602-9d9f-411f-a61b-6fc980fbe171:group-0C161778EA43 changes to CANDIDATE, lastRpcTime:5125, electionTimeout:5125ms
2019-09-25 04:52:26,558 [Thread-746] INFO  impl.RoleInfo (RoleInfo.java:shutdownFollowerState(121)) - 6a547602-9d9f-411f-a61b-6fc980fbe171: shutdown FollowerState
2019-09-25 04:52:26,558 [Thread-746] INFO  impl.RaftServerImpl (RaftServerImpl.java:setRole(174)) - 6a547602-9d9f-411f-a61b-6fc980fbe171@group-0C161778EA43: changes role from  FOLLOWER to CANDIDATE at term 0 for changeToCandidate
2019-09-25 04:52:26,558 [Thread-746] INFO  impl.RoleInfo (RoleInfo.java:updateAndGet(143)) - 6a547602-9d9f-411f-a61b-6fc980fbe171: start LeaderElection
2019-09-25 04:52:26,572 [6a547602-9d9f-411f-a61b-6fc980fbe171@group-0C161778EA43:LeaderElection63] INFO  impl.LeaderElection (LeaderElection.java:askForVotes(182)) - 6a547602-9d9f-411f-a61b-6fc980fbe171@group-0C161778EA43:LeaderElection63: begin an election at term 1 for -1: [6a547602-9d9f-411f-a61b-6fc980fbe171:192.168.164.207:41690], old=null
2019-09-25 04:52:26,572 [6a547602-9d9f-411f-a61b-6fc980fbe171@group-0C161778EA43:LeaderElection63] INFO  impl.RoleInfo (RoleInfo.java:shutdownLeaderElection(134)) - 6a547602-9d9f-411f-a61b-6fc980fbe171: shutdown LeaderElection
2019-09-25 04:52:26,572 [6a547602-9d9f-411f-a61b-6fc980fbe171@group-0C161778EA43:LeaderElection63] INFO  impl.RaftServerImpl (RaftServerImpl.java:setRole(174)) - 6a547602-9d9f-411f-a61b-6fc980fbe171@group-0C161778EA43: changes role from CANDIDATE to LEADER at term 1 for changeToLeader
2019-09-25 04:52:26,572 [6a547602-9d9f-411f-a61b-6fc980fbe171@group-0C161778EA43:LeaderElection63] INFO  impl.RaftServerImpl (ServerState.java:setLeader(253)) - 6a547602-9d9f-411f-a61b-6fc980fbe171@group-0C161778EA43: change Leader from null to 6a547602-9d9f-411f-a61b-6fc980fbe171 at term 1 for becomeLeader, leader elected after 5147ms
2019-09-25 04:52:26,576 [6a547602-9d9f-411f-a61b-6fc980fbe171@group-0C161778EA43:LeaderElection63] INFO  server.RaftServerConfigKeys (ConfUtils.java:logGet(43)) - raft.server.staging.catchup.gap = 1000 (default)
2019-09-25 04:52:26,576 [6a547602-9d9f-411f-a61b-6fc980fbe171@group-0C161778EA43:LeaderElection63] INFO  server.RaftServerConfigKeys (ConfUtils.java:logGet(43)) - raft.server.rpc.sleep.time = 25ms (default)
2019-09-25 04:52:26,576 [6a547602-9d9f-411f-a61b-6fc980fbe171@group-0C161778EA43:LeaderElection63] INFO  server.RaftServerConfigKeys (ConfUtils.java:logGet(43)) - raft.server.write.element-limit = 4096 (default)
2019-09-25 04:52:26,576 [6a547602-9d9f-411f-a61b-6fc980fbe171@group-0C161778EA43:LeaderElection63] INFO  server.RaftServerConfigKeys (ConfUtils.java:logGet(43)) - raft.server.watch.timeout = 10s (default)
2019-09-25 04:52:26,576 [6a547602-9d9f-411f-a61b-6fc980fbe171@group-0C161778EA43:LeaderElection63] INFO  server.RaftServerConfigKeys (ConfUtils.java:logGet(43)) - raft.server.watch.timeout.denomination = 1s (default)
2019-09-25 04:52:26,576 [6a547602-9d9f-411f-a61b-6fc980fbe171@group-0C161778EA43:LeaderElection63] INFO  server.RaftServerConfigKeys (ConfUtils.java:logGet(43)) - raft.server.watch.element-limit = 65536 (default)
2019-09-25 04:52:26,578 [6a547602-9d9f-411f-a61b-6fc980fbe171@group-0C161778EA43:LeaderElection63] INFO  impl.RoleInfo (RoleInfo.java:updateAndGet(143)) - 6a547602-9d9f-411f-a61b-6fc980fbe171: start LeaderState
2019-09-25 04:52:26,578 [6a547602-9d9f-411f-a61b-6fc980fbe171@group-0C161778EA43:LeaderElection63] INFO  segmented.SegmentedRaftLogWorker (SegmentedRaftLogWorker.java:startLogSegment(380)) - 6a547602-9d9f-411f-a61b-6fc980fbe171@group-0C161778EA43-SegmentedRaftLogWorker: Starting segment from index:0
2019-09-25 04:52:26,579 [6a547602-9d9f-411f-a61b-6fc980fbe171@group-0C161778EA43:LeaderElection63] INFO  impl.RaftServerImpl (ServerState.java:setRaftConf(354)) - 6a547602-9d9f-411f-a61b-6fc980fbe171@group-0C161778EA43: set configuration 0: [6a547602-9d9f-411f-a61b-6fc980fbe171:192.168.164.207:41690], old=null at 0
2019-09-25 04:52:26,627 [6a547602-9d9f-411f-a61b-6fc980fbe171@group-0C161778EA43-SegmentedRaftLogWorker] INFO  segmented.SegmentedRaftLogWorker (SegmentedRaftLogWorker.java:execute(569)) - 6a547602-9d9f-411f-a61b-6fc980fbe171@group-0C161778EA43-SegmentedRaftLogWorker: created new log segment /workdir/hadoop-ozone/integration-test/target/test-dir/MiniOzoneClusterImpl-d3c81739-79da-4dbe-9ced-b164d958c5b5/datanode-3/data/ratis/088cc058-e0c0-43cf-a02e-0c161778ea43/current/log_inprogress_0
2019-09-25 04:52:26,651 [Thread-755] INFO  impl.FollowerState (FollowerState.java:run(106)) - bb4fa670-e092-4403-b4a0-776b8e3a297a:group-19337A119843 changes to CANDIDATE, lastRpcTime:5036, electionTimeout:5036ms
2019-09-25 04:52:26,651 [Thread-755] INFO  impl.RoleInfo (RoleInfo.java:shutdownFollowerState(121)) - bb4fa670-e092-4403-b4a0-776b8e3a297a: shutdown FollowerState
2019-09-25 04:52:26,651 [Thread-755] INFO  impl.RaftServerImpl (RaftServerImpl.java:setRole(174)) - bb4fa670-e092-4403-b4a0-776b8e3a297a@group-19337A119843: changes role from  FOLLOWER to CANDIDATE at term 0 for changeToCandidate
2019-09-25 04:52:26,651 [Thread-755] INFO  impl.RoleInfo (RoleInfo.java:updateAndGet(143)) - bb4fa670-e092-4403-b4a0-776b8e3a297a: start LeaderElection
2019-09-25 04:52:26,665 [bb4fa670-e092-4403-b4a0-776b8e3a297a@group-19337A119843:LeaderElection64] INFO  impl.LeaderElection (LeaderElection.java:askForVotes(182)) - bb4fa670-e092-4403-b4a0-776b8e3a297a@group-19337A119843:LeaderElection64: begin an election at term 1 for -1: [bb4fa670-e092-4403-b4a0-776b8e3a297a:192.168.164.207:42708], old=null
2019-09-25 04:52:26,665 [bb4fa670-e092-4403-b4a0-776b8e3a297a@group-19337A119843:LeaderElection64] INFO  impl.RoleInfo (RoleInfo.java:shutdownLeaderElection(134)) - bb4fa670-e092-4403-b4a0-776b8e3a297a: shutdown LeaderElection
2019-09-25 04:52:26,665 [bb4fa670-e092-4403-b4a0-776b8e3a297a@group-19337A119843:LeaderElection64] INFO  impl.RaftServerImpl (RaftServerImpl.java:setRole(174)) - bb4fa670-e092-4403-b4a0-776b8e3a297a@group-19337A119843: changes role from CANDIDATE to LEADER at term 1 for changeToLeader
2019-09-25 04:52:26,666 [bb4fa670-e092-4403-b4a0-776b8e3a297a@group-19337A119843:LeaderElection64] INFO  impl.RaftServerImpl (ServerState.java:setLeader(253)) - bb4fa670-e092-4403-b4a0-776b8e3a297a@group-19337A119843: change Leader from null to bb4fa670-e092-4403-b4a0-776b8e3a297a at term 1 for becomeLeader, leader elected after 5059ms
2019-09-25 04:52:26,666 [bb4fa670-e092-4403-b4a0-776b8e3a297a@group-19337A119843:LeaderElection64] INFO  server.RaftServerConfigKeys (ConfUtils.java:logGet(43)) - raft.server.staging.catchup.gap = 1000 (default)
2019-09-25 04:52:26,666 [bb4fa670-e092-4403-b4a0-776b8e3a297a@group-19337A119843:LeaderElection64] INFO  server.RaftServerConfigKeys (ConfUtils.java:logGet(43)) - raft.server.rpc.sleep.time = 25ms (default)
2019-09-25 04:52:26,666 [bb4fa670-e092-4403-b4a0-776b8e3a297a@group-19337A119843:LeaderElection64] INFO  server.RaftServerConfigKeys (ConfUtils.java:logGet(43)) - raft.server.write.element-limit = 4096 (default)
2019-09-25 04:52:26,666 [bb4fa670-e092-4403-b4a0-776b8e3a297a@group-19337A119843:LeaderElection64] INFO  server.RaftServerConfigKeys (ConfUtils.java:logGet(43)) - raft.server.watch.timeout = 10s (default)
2019-09-25 04:52:26,666 [bb4fa670-e092-4403-b4a0-776b8e3a297a@group-19337A119843:LeaderElection64] INFO  server.RaftServerConfigKeys (ConfUtils.java:logGet(43)) - raft.server.watch.timeout.denomination = 1s (default)
2019-09-25 04:52:26,667 [bb4fa670-e092-4403-b4a0-776b8e3a297a@group-19337A119843:LeaderElection64] INFO  server.RaftServerConfigKeys (ConfUtils.java:logGet(43)) - raft.server.watch.element-limit = 65536 (default)
2019-09-25 04:52:26,669 [bb4fa670-e092-4403-b4a0-776b8e3a297a@group-19337A119843:LeaderElection64] INFO  impl.RoleInfo (RoleInfo.java:updateAndGet(143)) - bb4fa670-e092-4403-b4a0-776b8e3a297a: start LeaderState
2019-09-25 04:52:26,669 [bb4fa670-e092-4403-b4a0-776b8e3a297a@group-19337A119843:LeaderElection64] INFO  segmented.SegmentedRaftLogWorker (SegmentedRaftLogWorker.java:startLogSegment(380)) - bb4fa670-e092-4403-b4a0-776b8e3a297a@group-19337A119843-SegmentedRaftLogWorker: Starting segment from index:0
2019-09-25 04:52:26,670 [bb4fa670-e092-4403-b4a0-776b8e3a297a@group-19337A119843:LeaderElection64] INFO  impl.RaftServerImpl (ServerState.java:setRaftConf(354)) - bb4fa670-e092-4403-b4a0-776b8e3a297a@group-19337A119843: set configuration 0: [bb4fa670-e092-4403-b4a0-776b8e3a297a:192.168.164.207:42708], old=null at 0
2019-09-25 04:52:26,688 [Thread-749] INFO  impl.FollowerState (FollowerState.java:run(106)) - 94bde7ca-9af4-4c06-8221-a867c8f279fc:group-FBA11D64C91A changes to CANDIDATE, lastRpcTime:5169, electionTimeout:5169ms
2019-09-25 04:52:26,689 [Thread-749] INFO  impl.RoleInfo (RoleInfo.java:shutdownFollowerState(121)) - 94bde7ca-9af4-4c06-8221-a867c8f279fc: shutdown FollowerState
2019-09-25 04:52:26,689 [Thread-749] INFO  impl.RaftServerImpl (RaftServerImpl.java:setRole(174)) - 94bde7ca-9af4-4c06-8221-a867c8f279fc@group-FBA11D64C91A: changes role from  FOLLOWER to CANDIDATE at term 0 for changeToCandidate
2019-09-25 04:52:26,689 [Thread-749] INFO  impl.RoleInfo (RoleInfo.java:updateAndGet(143)) - 94bde7ca-9af4-4c06-8221-a867c8f279fc: start LeaderElection
2019-09-25 04:52:26,703 [Thread-761] INFO  impl.FollowerState (FollowerState.java:run(106)) - bcc74fd2-3a06-4539-867d-223a418d820d:group-0830B4390C68 changes to CANDIDATE, lastRpcTime:5000, electionTimeout:5000ms
2019-09-25 04:52:26,703 [94bde7ca-9af4-4c06-8221-a867c8f279fc@group-FBA11D64C91A:LeaderElection65] INFO  impl.LeaderElection (LeaderElection.java:askForVotes(182)) - 94bde7ca-9af4-4c06-8221-a867c8f279fc@group-FBA11D64C91A:LeaderElection65: begin an election at term 1 for -1: [94bde7ca-9af4-4c06-8221-a867c8f279fc:192.168.164.207:37773], old=null
2019-09-25 04:52:26,703 [Thread-761] INFO  impl.RoleInfo (RoleInfo.java:shutdownFollowerState(121)) - bcc74fd2-3a06-4539-867d-223a418d820d: shutdown FollowerState
2019-09-25 04:52:26,703 [94bde7ca-9af4-4c06-8221-a867c8f279fc@group-FBA11D64C91A:LeaderElection65] INFO  impl.RoleInfo (RoleInfo.java:shutdownLeaderElection(134)) - 94bde7ca-9af4-4c06-8221-a867c8f279fc: shutdown LeaderElection
2019-09-25 04:52:26,703 [Thread-761] INFO  impl.RaftServerImpl (RaftServerImpl.java:setRole(174)) - bcc74fd2-3a06-4539-867d-223a418d820d@group-0830B4390C68: changes role from  FOLLOWER to CANDIDATE at term 0 for changeToCandidate
2019-09-25 04:52:26,703 [94bde7ca-9af4-4c06-8221-a867c8f279fc@group-FBA11D64C91A:LeaderElection65] INFO  impl.RaftServerImpl (RaftServerImpl.java:setRole(174)) - 94bde7ca-9af4-4c06-8221-a867c8f279fc@group-FBA11D64C91A: changes role from CANDIDATE to LEADER at term 1 for changeToLeader
2019-09-25 04:52:26,704 [Thread-761] INFO  impl.RoleInfo (RoleInfo.java:updateAndGet(143)) - bcc74fd2-3a06-4539-867d-223a418d820d: start LeaderElection
2019-09-25 04:52:26,704 [94bde7ca-9af4-4c06-8221-a867c8f279fc@group-FBA11D64C91A:LeaderElection65] INFO  impl.RaftServerImpl (ServerState.java:setLeader(253)) - 94bde7ca-9af4-4c06-8221-a867c8f279fc@group-FBA11D64C91A: change Leader from null to 94bde7ca-9af4-4c06-8221-a867c8f279fc at term 1 for becomeLeader, leader elected after 5191ms
2019-09-25 04:52:26,704 [94bde7ca-9af4-4c06-8221-a867c8f279fc@group-FBA11D64C91A:LeaderElection65] INFO  server.RaftServerConfigKeys (ConfUtils.java:logGet(43)) - raft.server.staging.catchup.gap = 1000 (default)
2019-09-25 04:52:26,704 [94bde7ca-9af4-4c06-8221-a867c8f279fc@group-FBA11D64C91A:LeaderElection65] INFO  server.RaftServerConfigKeys (ConfUtils.java:logGet(43)) - raft.server.rpc.sleep.time = 25ms (default)
2019-09-25 04:52:26,704 [94bde7ca-9af4-4c06-8221-a867c8f279fc@group-FBA11D64C91A:LeaderElection65] INFO  server.RaftServerConfigKeys (ConfUtils.java:logGet(43)) - raft.server.write.element-limit = 4096 (default)
2019-09-25 04:52:26,704 [94bde7ca-9af4-4c06-8221-a867c8f279fc@group-FBA11D64C91A:LeaderElection65] INFO  server.RaftServerConfigKeys (ConfUtils.java:logGet(43)) - raft.server.watch.timeout = 10s (default)
2019-09-25 04:52:26,705 [94bde7ca-9af4-4c06-8221-a867c8f279fc@group-FBA11D64C91A:LeaderElection65] INFO  server.RaftServerConfigKeys (ConfUtils.java:logGet(43)) - raft.server.watch.timeout.denomination = 1s (default)
2019-09-25 04:52:26,705 [94bde7ca-9af4-4c06-8221-a867c8f279fc@group-FBA11D64C91A:LeaderElection65] INFO  server.RaftServerConfigKeys (ConfUtils.java:logGet(43)) - raft.server.watch.element-limit = 65536 (default)
2019-09-25 04:52:26,707 [94bde7ca-9af4-4c06-8221-a867c8f279fc@group-FBA11D64C91A:LeaderElection65] INFO  impl.RoleInfo (RoleInfo.java:updateAndGet(143)) - 94bde7ca-9af4-4c06-8221-a867c8f279fc: start LeaderState
2019-09-25 04:52:26,707 [94bde7ca-9af4-4c06-8221-a867c8f279fc@group-FBA11D64C91A:LeaderElection65] INFO  segmented.SegmentedRaftLogWorker (SegmentedRaftLogWorker.java:startLogSegment(380)) - 94bde7ca-9af4-4c06-8221-a867c8f279fc@group-FBA11D64C91A-SegmentedRaftLogWorker: Starting segment from index:0
2019-09-25 04:52:26,708 [94bde7ca-9af4-4c06-8221-a867c8f279fc@group-FBA11D64C91A:LeaderElection65] INFO  impl.RaftServerImpl (ServerState.java:setRaftConf(354)) - 94bde7ca-9af4-4c06-8221-a867c8f279fc@group-FBA11D64C91A: set configuration 0: [94bde7ca-9af4-4c06-8221-a867c8f279fc:192.168.164.207:37773], old=null at 0
2019-09-25 04:52:26,727 [bb4fa670-e092-4403-b4a0-776b8e3a297a@group-19337A119843-SegmentedRaftLogWorker] INFO  segmented.SegmentedRaftLogWorker (SegmentedRaftLogWorker.java:execute(569)) - bb4fa670-e092-4403-b4a0-776b8e3a297a@group-19337A119843-SegmentedRaftLogWorker: created new log segment /workdir/hadoop-ozone/integration-test/target/test-dir/MiniOzoneClusterImpl-d3c81739-79da-4dbe-9ced-b164d958c5b5/datanode-2/data/ratis/733aa3a9-c5c4-4ab6-8415-19337a119843/current/log_inprogress_0
2019-09-25 04:52:26,728 [bcc74fd2-3a06-4539-867d-223a418d820d@group-0830B4390C68:LeaderElection66] INFO  impl.LeaderElection (LeaderElection.java:askForVotes(182)) - bcc74fd2-3a06-4539-867d-223a418d820d@group-0830B4390C68:LeaderElection66: begin an election at term 1 for -1: [bcc74fd2-3a06-4539-867d-223a418d820d:192.168.164.207:36081], old=null
2019-09-25 04:52:26,728 [bcc74fd2-3a06-4539-867d-223a418d820d@group-0830B4390C68:LeaderElection66] INFO  impl.RoleInfo (RoleInfo.java:shutdownLeaderElection(134)) - bcc74fd2-3a06-4539-867d-223a418d820d: shutdown LeaderElection
2019-09-25 04:52:26,728 [bcc74fd2-3a06-4539-867d-223a418d820d@group-0830B4390C68:LeaderElection66] INFO  impl.RaftServerImpl (RaftServerImpl.java:setRole(174)) - bcc74fd2-3a06-4539-867d-223a418d820d@group-0830B4390C68: changes role from CANDIDATE to LEADER at term 1 for changeToLeader
2019-09-25 04:52:26,728 [bcc74fd2-3a06-4539-867d-223a418d820d@group-0830B4390C68:LeaderElection66] INFO  impl.RaftServerImpl (ServerState.java:setLeader(253)) - bcc74fd2-3a06-4539-867d-223a418d820d@group-0830B4390C68: change Leader from null to bcc74fd2-3a06-4539-867d-223a418d820d at term 1 for becomeLeader, leader elected after 5032ms
2019-09-25 04:52:26,728 [bcc74fd2-3a06-4539-867d-223a418d820d@group-0830B4390C68:LeaderElection66] INFO  server.RaftServerConfigKeys (ConfUtils.java:logGet(43)) - raft.server.staging.catchup.gap = 1000 (default)
2019-09-25 04:52:26,729 [bcc74fd2-3a06-4539-867d-223a418d820d@group-0830B4390C68:LeaderElection66] INFO  server.RaftServerConfigKeys (ConfUtils.java:logGet(43)) - raft.server.rpc.sleep.time = 25ms (default)
2019-09-25 04:52:26,729 [bcc74fd2-3a06-4539-867d-223a418d820d@group-0830B4390C68:LeaderElection66] INFO  server.RaftServerConfigKeys (ConfUtils.java:logGet(43)) - raft.server.write.element-limit = 4096 (default)
2019-09-25 04:52:26,729 [bcc74fd2-3a06-4539-867d-223a418d820d@group-0830B4390C68:LeaderElection66] INFO  server.RaftServerConfigKeys (ConfUtils.java:logGet(43)) - raft.server.watch.timeout = 10s (default)
2019-09-25 04:52:26,729 [bcc74fd2-3a06-4539-867d-223a418d820d@group-0830B4390C68:LeaderElection66] INFO  server.RaftServerConfigKeys (ConfUtils.java:logGet(43)) - raft.server.watch.timeout.denomination = 1s (default)
2019-09-25 04:52:26,729 [bcc74fd2-3a06-4539-867d-223a418d820d@group-0830B4390C68:LeaderElection66] INFO  server.RaftServerConfigKeys (ConfUtils.java:logGet(43)) - raft.server.watch.element-limit = 65536 (default)
2019-09-25 04:52:26,731 [bcc74fd2-3a06-4539-867d-223a418d820d@group-0830B4390C68:LeaderElection66] INFO  impl.RoleInfo (RoleInfo.java:updateAndGet(143)) - bcc74fd2-3a06-4539-867d-223a418d820d: start LeaderState
2019-09-25 04:52:26,732 [bcc74fd2-3a06-4539-867d-223a418d820d@group-0830B4390C68:LeaderElection66] INFO  segmented.SegmentedRaftLogWorker (SegmentedRaftLogWorker.java:startLogSegment(380)) - bcc74fd2-3a06-4539-867d-223a418d820d@group-0830B4390C68-SegmentedRaftLogWorker: Starting segment from index:0
2019-09-25 04:52:26,732 [bcc74fd2-3a06-4539-867d-223a418d820d@group-0830B4390C68:LeaderElection66] INFO  impl.RaftServerImpl (ServerState.java:setRaftConf(354)) - bcc74fd2-3a06-4539-867d-223a418d820d@group-0830B4390C68: set configuration 0: [bcc74fd2-3a06-4539-867d-223a418d820d:192.168.164.207:36081], old=null at 0
2019-09-25 04:52:26,755 [94bde7ca-9af4-4c06-8221-a867c8f279fc@group-FBA11D64C91A-SegmentedRaftLogWorker] INFO  segmented.SegmentedRaftLogWorker (SegmentedRaftLogWorker.java:execute(569)) - 94bde7ca-9af4-4c06-8221-a867c8f279fc@group-FBA11D64C91A-SegmentedRaftLogWorker: created new log segment /workdir/hadoop-ozone/integration-test/target/test-dir/MiniOzoneClusterImpl-d3c81739-79da-4dbe-9ced-b164d958c5b5/datanode-4/data/ratis/9c6cf47a-e2b9-4443-a2da-fba11d64c91a/current/log_inprogress_0
2019-09-25 04:52:26,767 [Thread-752] INFO  impl.FollowerState (FollowerState.java:run(106)) - 6a547602-9d9f-411f-a61b-6fc980fbe171:group-3D7ABC203D4B changes to CANDIDATE, lastRpcTime:5199, electionTimeout:5199ms
2019-09-25 04:52:26,768 [Thread-752] INFO  impl.RoleInfo (RoleInfo.java:shutdownFollowerState(121)) - 6a547602-9d9f-411f-a61b-6fc980fbe171: shutdown FollowerState
2019-09-25 04:52:26,768 [Thread-752] INFO  impl.RaftServerImpl (RaftServerImpl.java:setRole(174)) - 6a547602-9d9f-411f-a61b-6fc980fbe171@group-3D7ABC203D4B: changes role from  FOLLOWER to CANDIDATE at term 0 for changeToCandidate
2019-09-25 04:52:26,768 [Thread-752] INFO  impl.RoleInfo (RoleInfo.java:updateAndGet(143)) - 6a547602-9d9f-411f-a61b-6fc980fbe171: start LeaderElection
2019-09-25 04:52:26,782 [bcc74fd2-3a06-4539-867d-223a418d820d@group-0830B4390C68-SegmentedRaftLogWorker] INFO  segmented.SegmentedRaftLogWorker (SegmentedRaftLogWorker.java:execute(569)) - bcc74fd2-3a06-4539-867d-223a418d820d@group-0830B4390C68-SegmentedRaftLogWorker: created new log segment /workdir/hadoop-ozone/integration-test/target/test-dir/MiniOzoneClusterImpl-d3c81739-79da-4dbe-9ced-b164d958c5b5/datanode-1/data/ratis/e5bd067d-17ad-476a-be88-0830b4390c68/current/log_inprogress_0
2019-09-25 04:52:26,782 [6a547602-9d9f-411f-a61b-6fc980fbe171@group-3D7ABC203D4B:LeaderElection67] INFO  impl.LeaderElection (LeaderElection.java:askForVotes(182)) - 6a547602-9d9f-411f-a61b-6fc980fbe171@group-3D7ABC203D4B:LeaderElection67: begin an election at term 1 for -1: [6a547602-9d9f-411f-a61b-6fc980fbe171:192.168.164.207:41690], old=null
2019-09-25 04:52:26,782 [6a547602-9d9f-411f-a61b-6fc980fbe171@group-3D7ABC203D4B:LeaderElection67] INFO  impl.RoleInfo (RoleInfo.java:shutdownLeaderElection(134)) - 6a547602-9d9f-411f-a61b-6fc980fbe171: shutdown LeaderElection
2019-09-25 04:52:26,782 [6a547602-9d9f-411f-a61b-6fc980fbe171@group-3D7ABC203D4B:LeaderElection67] INFO  impl.RaftServerImpl (RaftServerImpl.java:setRole(174)) - 6a547602-9d9f-411f-a61b-6fc980fbe171@group-3D7ABC203D4B: changes role from CANDIDATE to LEADER at term 1 for changeToLeader
2019-09-25 04:52:26,782 [6a547602-9d9f-411f-a61b-6fc980fbe171@group-3D7ABC203D4B:LeaderElection67] INFO  impl.RaftServerImpl (ServerState.java:setLeader(253)) - 6a547602-9d9f-411f-a61b-6fc980fbe171@group-3D7ABC203D4B: change Leader from null to 6a547602-9d9f-411f-a61b-6fc980fbe171 at term 1 for becomeLeader, leader elected after 5221ms
2019-09-25 04:52:26,783 [6a547602-9d9f-411f-a61b-6fc980fbe171@group-3D7ABC203D4B:LeaderElection67] INFO  server.RaftServerConfigKeys (ConfUtils.java:logGet(43)) - raft.server.staging.catchup.gap = 1000 (default)
2019-09-25 04:52:26,783 [6a547602-9d9f-411f-a61b-6fc980fbe171@group-3D7ABC203D4B:LeaderElection67] INFO  server.RaftServerConfigKeys (ConfUtils.java:logGet(43)) - raft.server.rpc.sleep.time = 25ms (default)
2019-09-25 04:52:26,783 [6a547602-9d9f-411f-a61b-6fc980fbe171@group-3D7ABC203D4B:LeaderElection67] INFO  server.RaftServerConfigKeys (ConfUtils.java:logGet(43)) - raft.server.write.element-limit = 4096 (default)
2019-09-25 04:52:26,783 [6a547602-9d9f-411f-a61b-6fc980fbe171@group-3D7ABC203D4B:LeaderElection67] INFO  server.RaftServerConfigKeys (ConfUtils.java:logGet(43)) - raft.server.watch.timeout = 10s (default)
2019-09-25 04:52:26,783 [6a547602-9d9f-411f-a61b-6fc980fbe171@group-3D7ABC203D4B:LeaderElection67] INFO  server.RaftServerConfigKeys (ConfUtils.java:logGet(43)) - raft.server.watch.timeout.denomination = 1s (default)
2019-09-25 04:52:26,783 [6a547602-9d9f-411f-a61b-6fc980fbe171@group-3D7ABC203D4B:LeaderElection67] INFO  server.RaftServerConfigKeys (ConfUtils.java:logGet(43)) - raft.server.watch.element-limit = 65536 (default)
2019-09-25 04:52:26,785 [6a547602-9d9f-411f-a61b-6fc980fbe171@group-3D7ABC203D4B:LeaderElection67] INFO  impl.RoleInfo (RoleInfo.java:updateAndGet(143)) - 6a547602-9d9f-411f-a61b-6fc980fbe171: start LeaderState
2019-09-25 04:52:26,785 [6a547602-9d9f-411f-a61b-6fc980fbe171@group-3D7ABC203D4B:LeaderElection67] INFO  segmented.SegmentedRaftLogWorker (SegmentedRaftLogWorker.java:startLogSegment(380)) - 6a547602-9d9f-411f-a61b-6fc980fbe171@group-3D7ABC203D4B-SegmentedRaftLogWorker: Starting segment from index:0
2019-09-25 04:52:26,786 [6a547602-9d9f-411f-a61b-6fc980fbe171@group-3D7ABC203D4B:LeaderElection67] INFO  impl.RaftServerImpl (ServerState.java:setRaftConf(354)) - 6a547602-9d9f-411f-a61b-6fc980fbe171@group-3D7ABC203D4B: set configuration 0: [6a547602-9d9f-411f-a61b-6fc980fbe171:192.168.164.207:41690], old=null at 0
2019-09-25 04:52:26,791 [Thread-758] INFO  impl.FollowerState (FollowerState.java:run(106)) - bb4fa670-e092-4403-b4a0-776b8e3a297a:group-E47A1E475303 changes to CANDIDATE, lastRpcTime:5133, electionTimeout:5133ms
2019-09-25 04:52:26,791 [Thread-758] INFO  impl.RoleInfo (RoleInfo.java:shutdownFollowerState(121)) - bb4fa670-e092-4403-b4a0-776b8e3a297a: shutdown FollowerState
2019-09-25 04:52:26,791 [Thread-758] INFO  impl.RaftServerImpl (RaftServerImpl.java:setRole(174)) - bb4fa670-e092-4403-b4a0-776b8e3a297a@group-E47A1E475303: changes role from  FOLLOWER to CANDIDATE at term 0 for changeToCandidate
2019-09-25 04:52:26,791 [Thread-758] INFO  impl.RoleInfo (RoleInfo.java:updateAndGet(143)) - bb4fa670-e092-4403-b4a0-776b8e3a297a: start LeaderElection
2019-09-25 04:52:26,805 [bb4fa670-e092-4403-b4a0-776b8e3a297a@group-E47A1E475303:LeaderElection68] INFO  impl.LeaderElection (LeaderElection.java:askForVotes(182)) - bb4fa670-e092-4403-b4a0-776b8e3a297a@group-E47A1E475303:LeaderElection68: begin an election at term 1 for -1: [bb4fa670-e092-4403-b4a0-776b8e3a297a:192.168.164.207:42708], old=null
2019-09-25 04:52:26,805 [bb4fa670-e092-4403-b4a0-776b8e3a297a@group-E47A1E475303:LeaderElection68] INFO  impl.RoleInfo (RoleInfo.java:shutdownLeaderElection(134)) - bb4fa670-e092-4403-b4a0-776b8e3a297a: shutdown LeaderElection
2019-09-25 04:52:26,805 [bb4fa670-e092-4403-b4a0-776b8e3a297a@group-E47A1E475303:LeaderElection68] INFO  impl.RaftServerImpl (RaftServerImpl.java:setRole(174)) - bb4fa670-e092-4403-b4a0-776b8e3a297a@group-E47A1E475303: changes role from CANDIDATE to LEADER at term 1 for changeToLeader
2019-09-25 04:52:26,805 [bb4fa670-e092-4403-b4a0-776b8e3a297a@group-E47A1E475303:LeaderElection68] INFO  impl.RaftServerImpl (ServerState.java:setLeader(253)) - bb4fa670-e092-4403-b4a0-776b8e3a297a@group-E47A1E475303: change Leader from null to bb4fa670-e092-4403-b4a0-776b8e3a297a at term 1 for becomeLeader, leader elected after 5154ms
2019-09-25 04:52:26,805 [bb4fa670-e092-4403-b4a0-776b8e3a297a@group-E47A1E475303:LeaderElection68] INFO  server.RaftServerConfigKeys (ConfUtils.java:logGet(43)) - raft.server.staging.catchup.gap = 1000 (default)
2019-09-25 04:52:26,805 [bb4fa670-e092-4403-b4a0-776b8e3a297a@group-E47A1E475303:LeaderElection68] INFO  server.RaftServerConfigKeys (ConfUtils.java:logGet(43)) - raft.server.rpc.sleep.time = 25ms (default)
2019-09-25 04:52:26,806 [bb4fa670-e092-4403-b4a0-776b8e3a297a@group-E47A1E475303:LeaderElection68] INFO  server.RaftServerConfigKeys (ConfUtils.java:logGet(43)) - raft.server.write.element-limit = 4096 (default)
2019-09-25 04:52:26,806 [bb4fa670-e092-4403-b4a0-776b8e3a297a@group-E47A1E475303:LeaderElection68] INFO  server.RaftServerConfigKeys (ConfUtils.java:logGet(43)) - raft.server.watch.timeout = 10s (default)
2019-09-25 04:52:26,806 [bb4fa670-e092-4403-b4a0-776b8e3a297a@group-E47A1E475303:LeaderElection68] INFO  server.RaftServerConfigKeys (ConfUtils.java:logGet(43)) - raft.server.watch.timeout.denomination = 1s (default)
2019-09-25 04:52:26,806 [bb4fa670-e092-4403-b4a0-776b8e3a297a@group-E47A1E475303:LeaderElection68] INFO  server.RaftServerConfigKeys (ConfUtils.java:logGet(43)) - raft.server.watch.element-limit = 65536 (default)
2019-09-25 04:52:26,809 [bb4fa670-e092-4403-b4a0-776b8e3a297a@group-E47A1E475303:LeaderElection68] INFO  impl.RoleInfo (RoleInfo.java:updateAndGet(143)) - bb4fa670-e092-4403-b4a0-776b8e3a297a: start LeaderState
2019-09-25 04:52:26,810 [bb4fa670-e092-4403-b4a0-776b8e3a297a@group-E47A1E475303:LeaderElection68] INFO  segmented.SegmentedRaftLogWorker (SegmentedRaftLogWorker.java:startLogSegment(380)) - bb4fa670-e092-4403-b4a0-776b8e3a297a@group-E47A1E475303-SegmentedRaftLogWorker: Starting segment from index:0
2019-09-25 04:52:26,810 [bb4fa670-e092-4403-b4a0-776b8e3a297a@group-E47A1E475303:LeaderElection68] INFO  impl.RaftServerImpl (ServerState.java:setRaftConf(354)) - bb4fa670-e092-4403-b4a0-776b8e3a297a@group-E47A1E475303: set configuration 0: [bb4fa670-e092-4403-b4a0-776b8e3a297a:192.168.164.207:42708], old=null at 0
2019-09-25 04:52:26,845 [Thread-764] INFO  impl.FollowerState (FollowerState.java:run(106)) - 6a547602-9d9f-411f-a61b-6fc980fbe171:group-BDE348FACEF8 changes to CANDIDATE, lastRpcTime:5083, electionTimeout:5083ms
2019-09-25 04:52:26,845 [Thread-764] INFO  impl.RoleInfo (RoleInfo.java:shutdownFollowerState(121)) - 6a547602-9d9f-411f-a61b-6fc980fbe171: shutdown FollowerState
2019-09-25 04:52:26,846 [Thread-764] INFO  impl.RaftServerImpl (RaftServerImpl.java:setRole(174)) - 6a547602-9d9f-411f-a61b-6fc980fbe171@group-BDE348FACEF8: changes role from  FOLLOWER to CANDIDATE at term 0 for changeToCandidate
2019-09-25 04:52:26,846 [Thread-764] INFO  impl.RoleInfo (RoleInfo.java:updateAndGet(143)) - 6a547602-9d9f-411f-a61b-6fc980fbe171: start LeaderElection
2019-09-25 04:52:26,852 [6a547602-9d9f-411f-a61b-6fc980fbe171@group-3D7ABC203D4B-SegmentedRaftLogWorker] INFO  segmented.SegmentedRaftLogWorker (SegmentedRaftLogWorker.java:execute(569)) - 6a547602-9d9f-411f-a61b-6fc980fbe171@group-3D7ABC203D4B-SegmentedRaftLogWorker: created new log segment /workdir/hadoop-ozone/integration-test/target/test-dir/MiniOzoneClusterImpl-d3c81739-79da-4dbe-9ced-b164d958c5b5/datanode-3/data/ratis/c5cdb053-d9e2-41a9-800e-3d7abc203d4b/current/log_inprogress_0
2019-09-25 04:52:26,864 [bb4fa670-e092-4403-b4a0-776b8e3a297a@group-E47A1E475303-SegmentedRaftLogWorker] INFO  segmented.SegmentedRaftLogWorker (SegmentedRaftLogWorker.java:execute(569)) - bb4fa670-e092-4403-b4a0-776b8e3a297a@group-E47A1E475303-SegmentedRaftLogWorker: created new log segment /workdir/hadoop-ozone/integration-test/target/test-dir/MiniOzoneClusterImpl-d3c81739-79da-4dbe-9ced-b164d958c5b5/datanode-2/data/ratis/981a0268-a76d-415f-825e-e47a1e475303/current/log_inprogress_0
2019-09-25 04:52:26,864 [6a547602-9d9f-411f-a61b-6fc980fbe171@group-BDE348FACEF8:LeaderElection69] INFO  impl.LeaderElection (LeaderElection.java:askForVotes(182)) - 6a547602-9d9f-411f-a61b-6fc980fbe171@group-BDE348FACEF8:LeaderElection69: begin an election at term 1 for -1: [6a547602-9d9f-411f-a61b-6fc980fbe171:192.168.164.207:41690], old=null
2019-09-25 04:52:26,865 [6a547602-9d9f-411f-a61b-6fc980fbe171@group-BDE348FACEF8:LeaderElection69] INFO  impl.RoleInfo (RoleInfo.java:shutdownLeaderElection(134)) - 6a547602-9d9f-411f-a61b-6fc980fbe171: shutdown LeaderElection
2019-09-25 04:52:26,865 [6a547602-9d9f-411f-a61b-6fc980fbe171@group-BDE348FACEF8:LeaderElection69] INFO  impl.RaftServerImpl (RaftServerImpl.java:setRole(174)) - 6a547602-9d9f-411f-a61b-6fc980fbe171@group-BDE348FACEF8: changes role from CANDIDATE to LEADER at term 1 for changeToLeader
2019-09-25 04:52:26,865 [6a547602-9d9f-411f-a61b-6fc980fbe171@group-BDE348FACEF8:LeaderElection69] INFO  impl.RaftServerImpl (ServerState.java:setLeader(253)) - 6a547602-9d9f-411f-a61b-6fc980fbe171@group-BDE348FACEF8: change Leader from null to 6a547602-9d9f-411f-a61b-6fc980fbe171 at term 1 for becomeLeader, leader elected after 5109ms
2019-09-25 04:52:26,865 [6a547602-9d9f-411f-a61b-6fc980fbe171@group-BDE348FACEF8:LeaderElection69] INFO  server.RaftServerConfigKeys (ConfUtils.java:logGet(43)) - raft.server.staging.catchup.gap = 1000 (default)
2019-09-25 04:52:26,865 [6a547602-9d9f-411f-a61b-6fc980fbe171@group-BDE348FACEF8:LeaderElection69] INFO  server.RaftServerConfigKeys (ConfUtils.java:logGet(43)) - raft.server.rpc.sleep.time = 25ms (default)
2019-09-25 04:52:26,865 [6a547602-9d9f-411f-a61b-6fc980fbe171@group-BDE348FACEF8:LeaderElection69] INFO  server.RaftServerConfigKeys (ConfUtils.java:logGet(43)) - raft.server.write.element-limit = 4096 (default)
2019-09-25 04:52:26,865 [6a547602-9d9f-411f-a61b-6fc980fbe171@group-BDE348FACEF8:LeaderElection69] INFO  server.RaftServerConfigKeys (ConfUtils.java:logGet(43)) - raft.server.watch.timeout = 10s (default)
2019-09-25 04:52:26,865 [6a547602-9d9f-411f-a61b-6fc980fbe171@group-BDE348FACEF8:LeaderElection69] INFO  server.RaftServerConfigKeys (ConfUtils.java:logGet(43)) - raft.server.watch.timeout.denomination = 1s (default)
2019-09-25 04:52:26,866 [6a547602-9d9f-411f-a61b-6fc980fbe171@group-BDE348FACEF8:LeaderElection69] INFO  server.RaftServerConfigKeys (ConfUtils.java:logGet(43)) - raft.server.watch.element-limit = 65536 (default)
2019-09-25 04:52:26,868 [6a547602-9d9f-411f-a61b-6fc980fbe171@group-BDE348FACEF8:LeaderElection69] INFO  impl.RoleInfo (RoleInfo.java:updateAndGet(143)) - 6a547602-9d9f-411f-a61b-6fc980fbe171: start LeaderState
2019-09-25 04:52:26,868 [6a547602-9d9f-411f-a61b-6fc980fbe171@group-BDE348FACEF8:LeaderElection69] INFO  segmented.SegmentedRaftLogWorker (SegmentedRaftLogWorker.java:startLogSegment(380)) - 6a547602-9d9f-411f-a61b-6fc980fbe171@group-BDE348FACEF8-SegmentedRaftLogWorker: Starting segment from index:0
2019-09-25 04:52:26,869 [6a547602-9d9f-411f-a61b-6fc980fbe171@group-BDE348FACEF8:LeaderElection69] INFO  impl.RaftServerImpl (ServerState.java:setRaftConf(354)) - 6a547602-9d9f-411f-a61b-6fc980fbe171@group-BDE348FACEF8: set configuration 0: [6a547602-9d9f-411f-a61b-6fc980fbe171:192.168.164.207:41690], old=null at 0
2019-09-25 04:52:26,919 [6a547602-9d9f-411f-a61b-6fc980fbe171@group-BDE348FACEF8-SegmentedRaftLogWorker] INFO  segmented.SegmentedRaftLogWorker (SegmentedRaftLogWorker.java:execute(569)) - 6a547602-9d9f-411f-a61b-6fc980fbe171@group-BDE348FACEF8-SegmentedRaftLogWorker: created new log segment /workdir/hadoop-ozone/integration-test/target/test-dir/MiniOzoneClusterImpl-d3c81739-79da-4dbe-9ced-b164d958c5b5/datanode-3/data/ratis/b0d021ea-42b3-48b3-9b28-bde348facef8/current/log_inprogress_0
2019-09-25 04:52:26,964 [Thread-767] INFO  impl.FollowerState (FollowerState.java:run(106)) - 6a547602-9d9f-411f-a61b-6fc980fbe171:group-6A07B7A22B99 changes to CANDIDATE, lastRpcTime:5154, electionTimeout:5154ms
2019-09-25 04:52:26,964 [Thread-767] INFO  impl.RoleInfo (RoleInfo.java:shutdownFollowerState(121)) - 6a547602-9d9f-411f-a61b-6fc980fbe171: shutdown FollowerState
2019-09-25 04:52:26,964 [Thread-767] INFO  impl.RaftServerImpl (RaftServerImpl.java:setRole(174)) - 6a547602-9d9f-411f-a61b-6fc980fbe171@group-6A07B7A22B99: changes role from  FOLLOWER to CANDIDATE at term 0 for changeToCandidate
2019-09-25 04:52:26,964 [Thread-767] INFO  impl.RoleInfo (RoleInfo.java:updateAndGet(143)) - 6a547602-9d9f-411f-a61b-6fc980fbe171: start LeaderElection
2019-09-25 04:52:26,970 [6a547602-9d9f-411f-a61b-6fc980fbe171@group-6A07B7A22B99:LeaderElection70] INFO  impl.LeaderElection (LeaderElection.java:askForVotes(182)) - 6a547602-9d9f-411f-a61b-6fc980fbe171@group-6A07B7A22B99:LeaderElection70: begin an election at term 1 for -1: [6a547602-9d9f-411f-a61b-6fc980fbe171:192.168.164.207:41690], old=null
2019-09-25 04:52:26,970 [6a547602-9d9f-411f-a61b-6fc980fbe171@group-6A07B7A22B99:LeaderElection70] INFO  impl.RoleInfo (RoleInfo.java:shutdownLeaderElection(134)) - 6a547602-9d9f-411f-a61b-6fc980fbe171: shutdown LeaderElection
2019-09-25 04:52:26,970 [6a547602-9d9f-411f-a61b-6fc980fbe171@group-6A07B7A22B99:LeaderElection70] INFO  impl.RaftServerImpl (RaftServerImpl.java:setRole(174)) - 6a547602-9d9f-411f-a61b-6fc980fbe171@group-6A07B7A22B99: changes role from CANDIDATE to LEADER at term 1 for changeToLeader
2019-09-25 04:52:26,970 [6a547602-9d9f-411f-a61b-6fc980fbe171@group-6A07B7A22B99:LeaderElection70] INFO  impl.RaftServerImpl (ServerState.java:setLeader(253)) - 6a547602-9d9f-411f-a61b-6fc980fbe171@group-6A07B7A22B99: change Leader from null to 6a547602-9d9f-411f-a61b-6fc980fbe171 at term 1 for becomeLeader, leader elected after 5168ms
2019-09-25 04:52:26,970 [6a547602-9d9f-411f-a61b-6fc980fbe171@group-6A07B7A22B99:LeaderElection70] INFO  server.RaftServerConfigKeys (ConfUtils.java:logGet(43)) - raft.server.staging.catchup.gap = 1000 (default)
2019-09-25 04:52:26,970 [6a547602-9d9f-411f-a61b-6fc980fbe171@group-6A07B7A22B99:LeaderElection70] INFO  server.RaftServerConfigKeys (ConfUtils.java:logGet(43)) - raft.server.rpc.sleep.time = 25ms (default)
2019-09-25 04:52:26,970 [6a547602-9d9f-411f-a61b-6fc980fbe171@group-6A07B7A22B99:LeaderElection70] INFO  server.RaftServerConfigKeys (ConfUtils.java:logGet(43)) - raft.server.write.element-limit = 4096 (default)
2019-09-25 04:52:26,971 [6a547602-9d9f-411f-a61b-6fc980fbe171@group-6A07B7A22B99:LeaderElection70] INFO  server.RaftServerConfigKeys (ConfUtils.java:logGet(43)) - raft.server.watch.timeout = 10s (default)
2019-09-25 04:52:26,971 [6a547602-9d9f-411f-a61b-6fc980fbe171@group-6A07B7A22B99:LeaderElection70] INFO  server.RaftServerConfigKeys (ConfUtils.java:logGet(43)) - raft.server.watch.timeout.denomination = 1s (default)
2019-09-25 04:52:26,971 [6a547602-9d9f-411f-a61b-6fc980fbe171@group-6A07B7A22B99:LeaderElection70] INFO  server.RaftServerConfigKeys (ConfUtils.java:logGet(43)) - raft.server.watch.element-limit = 65536 (default)
2019-09-25 04:52:26,973 [6a547602-9d9f-411f-a61b-6fc980fbe171@group-6A07B7A22B99:LeaderElection70] INFO  impl.RoleInfo (RoleInfo.java:updateAndGet(143)) - 6a547602-9d9f-411f-a61b-6fc980fbe171: start LeaderState
2019-09-25 04:52:26,973 [6a547602-9d9f-411f-a61b-6fc980fbe171@group-6A07B7A22B99:LeaderElection70] INFO  segmented.SegmentedRaftLogWorker (SegmentedRaftLogWorker.java:startLogSegment(380)) - 6a547602-9d9f-411f-a61b-6fc980fbe171@group-6A07B7A22B99-SegmentedRaftLogWorker: Starting segment from index:0
2019-09-25 04:52:26,973 [6a547602-9d9f-411f-a61b-6fc980fbe171@group-6A07B7A22B99:LeaderElection70] INFO  impl.RaftServerImpl (ServerState.java:setRaftConf(354)) - 6a547602-9d9f-411f-a61b-6fc980fbe171@group-6A07B7A22B99: set configuration 0: [6a547602-9d9f-411f-a61b-6fc980fbe171:192.168.164.207:41690], old=null at 0
2019-09-25 04:52:27,022 [Thread-771] INFO  impl.FollowerState (FollowerState.java:run(106)) - 6a547602-9d9f-411f-a61b-6fc980fbe171:group-163419C5154D changes to CANDIDATE, lastRpcTime:5165, electionTimeout:5165ms
2019-09-25 04:52:27,022 [Thread-771] INFO  impl.RoleInfo (RoleInfo.java:shutdownFollowerState(121)) - 6a547602-9d9f-411f-a61b-6fc980fbe171: shutdown FollowerState
2019-09-25 04:52:27,022 [Thread-771] INFO  impl.RaftServerImpl (RaftServerImpl.java:setRole(174)) - 6a547602-9d9f-411f-a61b-6fc980fbe171@group-163419C5154D: changes role from  FOLLOWER to CANDIDATE at term 0 for changeToCandidate
2019-09-25 04:52:27,022 [Thread-771] INFO  impl.RoleInfo (RoleInfo.java:updateAndGet(143)) - 6a547602-9d9f-411f-a61b-6fc980fbe171: start LeaderElection
2019-09-25 04:52:27,024 [6a547602-9d9f-411f-a61b-6fc980fbe171@group-6A07B7A22B99-SegmentedRaftLogWorker] INFO  segmented.SegmentedRaftLogWorker (SegmentedRaftLogWorker.java:execute(569)) - 6a547602-9d9f-411f-a61b-6fc980fbe171@group-6A07B7A22B99-SegmentedRaftLogWorker: created new log segment /workdir/hadoop-ozone/integration-test/target/test-dir/MiniOzoneClusterImpl-d3c81739-79da-4dbe-9ced-b164d958c5b5/datanode-3/data/ratis/5b35a26a-a96c-4456-a0a3-6a07b7a22b99/current/log_inprogress_0
2019-09-25 04:52:27,034 [6a547602-9d9f-411f-a61b-6fc980fbe171@group-163419C5154D:LeaderElection71] INFO  impl.LeaderElection (LeaderElection.java:askForVotes(182)) - 6a547602-9d9f-411f-a61b-6fc980fbe171@group-163419C5154D:LeaderElection71: begin an election at term 1 for -1: [6a547602-9d9f-411f-a61b-6fc980fbe171:192.168.164.207:41690], old=null
2019-09-25 04:52:27,035 [6a547602-9d9f-411f-a61b-6fc980fbe171@group-163419C5154D:LeaderElection71] INFO  impl.RoleInfo (RoleInfo.java:shutdownLeaderElection(134)) - 6a547602-9d9f-411f-a61b-6fc980fbe171: shutdown LeaderElection
2019-09-25 04:52:27,035 [6a547602-9d9f-411f-a61b-6fc980fbe171@group-163419C5154D:LeaderElection71] INFO  impl.RaftServerImpl (RaftServerImpl.java:setRole(174)) - 6a547602-9d9f-411f-a61b-6fc980fbe171@group-163419C5154D: changes role from CANDIDATE to LEADER at term 1 for changeToLeader
2019-09-25 04:52:27,035 [6a547602-9d9f-411f-a61b-6fc980fbe171@group-163419C5154D:LeaderElection71] INFO  impl.RaftServerImpl (ServerState.java:setLeader(253)) - 6a547602-9d9f-411f-a61b-6fc980fbe171@group-163419C5154D: change Leader from null to 6a547602-9d9f-411f-a61b-6fc980fbe171 at term 1 for becomeLeader, leader elected after 5185ms
2019-09-25 04:52:27,035 [6a547602-9d9f-411f-a61b-6fc980fbe171@group-163419C5154D:LeaderElection71] INFO  server.RaftServerConfigKeys (ConfUtils.java:logGet(43)) - raft.server.staging.catchup.gap = 1000 (default)
2019-09-25 04:52:27,035 [6a547602-9d9f-411f-a61b-6fc980fbe171@group-163419C5154D:LeaderElection71] INFO  server.RaftServerConfigKeys (ConfUtils.java:logGet(43)) - raft.server.rpc.sleep.time = 25ms (default)
2019-09-25 04:52:27,035 [6a547602-9d9f-411f-a61b-6fc980fbe171@group-163419C5154D:LeaderElection71] INFO  server.RaftServerConfigKeys (ConfUtils.java:logGet(43)) - raft.server.write.element-limit = 4096 (default)
2019-09-25 04:52:27,036 [6a547602-9d9f-411f-a61b-6fc980fbe171@group-163419C5154D:LeaderElection71] INFO  server.RaftServerConfigKeys (ConfUtils.java:logGet(43)) - raft.server.watch.timeout = 10s (default)
2019-09-25 04:52:27,036 [6a547602-9d9f-411f-a61b-6fc980fbe171@group-163419C5154D:LeaderElection71] INFO  server.RaftServerConfigKeys (ConfUtils.java:logGet(43)) - raft.server.watch.timeout.denomination = 1s (default)
2019-09-25 04:52:27,036 [6a547602-9d9f-411f-a61b-6fc980fbe171@group-163419C5154D:LeaderElection71] INFO  server.RaftServerConfigKeys (ConfUtils.java:logGet(43)) - raft.server.watch.element-limit = 65536 (default)
2019-09-25 04:52:27,038 [6a547602-9d9f-411f-a61b-6fc980fbe171@group-163419C5154D:LeaderElection71] INFO  impl.RoleInfo (RoleInfo.java:updateAndGet(143)) - 6a547602-9d9f-411f-a61b-6fc980fbe171: start LeaderState
2019-09-25 04:52:27,038 [6a547602-9d9f-411f-a61b-6fc980fbe171@group-163419C5154D:LeaderElection71] INFO  segmented.SegmentedRaftLogWorker (SegmentedRaftLogWorker.java:startLogSegment(380)) - 6a547602-9d9f-411f-a61b-6fc980fbe171@group-163419C5154D-SegmentedRaftLogWorker: Starting segment from index:0
2019-09-25 04:52:27,039 [6a547602-9d9f-411f-a61b-6fc980fbe171@group-163419C5154D:LeaderElection71] INFO  impl.RaftServerImpl (ServerState.java:setRaftConf(354)) - 6a547602-9d9f-411f-a61b-6fc980fbe171@group-163419C5154D: set configuration 0: [6a547602-9d9f-411f-a61b-6fc980fbe171:192.168.164.207:41690], old=null at 0
2019-09-25 04:52:27,047 [Thread-781] INFO  impl.FollowerState (FollowerState.java:run(106)) - 6a547602-9d9f-411f-a61b-6fc980fbe171:group-AB656C975A7C changes to CANDIDATE, lastRpcTime:5004, electionTimeout:5004ms
2019-09-25 04:52:27,048 [Thread-781] INFO  impl.RoleInfo (RoleInfo.java:shutdownFollowerState(121)) - 6a547602-9d9f-411f-a61b-6fc980fbe171: shutdown FollowerState
2019-09-25 04:52:27,048 [Thread-781] INFO  impl.RaftServerImpl (RaftServerImpl.java:setRole(174)) - 6a547602-9d9f-411f-a61b-6fc980fbe171@group-AB656C975A7C: changes role from  FOLLOWER to CANDIDATE at term 0 for changeToCandidate
2019-09-25 04:52:27,048 [Thread-781] INFO  impl.RoleInfo (RoleInfo.java:updateAndGet(143)) - 6a547602-9d9f-411f-a61b-6fc980fbe171: start LeaderElection
2019-09-25 04:52:27,061 [6a547602-9d9f-411f-a61b-6fc980fbe171@group-AB656C975A7C:LeaderElection72] INFO  impl.LeaderElection (LeaderElection.java:askForVotes(182)) - 6a547602-9d9f-411f-a61b-6fc980fbe171@group-AB656C975A7C:LeaderElection72: begin an election at term 1 for -1: [6a547602-9d9f-411f-a61b-6fc980fbe171:192.168.164.207:41690], old=null
2019-09-25 04:52:27,061 [6a547602-9d9f-411f-a61b-6fc980fbe171@group-AB656C975A7C:LeaderElection72] INFO  impl.RoleInfo (RoleInfo.java:shutdownLeaderElection(134)) - 6a547602-9d9f-411f-a61b-6fc980fbe171: shutdown LeaderElection
2019-09-25 04:52:27,061 [6a547602-9d9f-411f-a61b-6fc980fbe171@group-AB656C975A7C:LeaderElection72] INFO  impl.RaftServerImpl (RaftServerImpl.java:setRole(174)) - 6a547602-9d9f-411f-a61b-6fc980fbe171@group-AB656C975A7C: changes role from CANDIDATE to LEADER at term 1 for changeToLeader
2019-09-25 04:52:27,062 [6a547602-9d9f-411f-a61b-6fc980fbe171@group-AB656C975A7C:LeaderElection72] INFO  impl.RaftServerImpl (ServerState.java:setLeader(253)) - 6a547602-9d9f-411f-a61b-6fc980fbe171@group-AB656C975A7C: change Leader from null to 6a547602-9d9f-411f-a61b-6fc980fbe171 at term 1 for becomeLeader, leader elected after 5024ms
2019-09-25 04:52:27,062 [6a547602-9d9f-411f-a61b-6fc980fbe171@group-AB656C975A7C:LeaderElection72] INFO  server.RaftServerConfigKeys (ConfUtils.java:logGet(43)) - raft.server.staging.catchup.gap = 1000 (default)
2019-09-25 04:52:27,062 [6a547602-9d9f-411f-a61b-6fc980fbe171@group-AB656C975A7C:LeaderElection72] INFO  server.RaftServerConfigKeys (ConfUtils.java:logGet(43)) - raft.server.rpc.sleep.time = 25ms (default)
2019-09-25 04:52:27,062 [6a547602-9d9f-411f-a61b-6fc980fbe171@group-AB656C975A7C:LeaderElection72] INFO  server.RaftServerConfigKeys (ConfUtils.java:logGet(43)) - raft.server.write.element-limit = 4096 (default)
2019-09-25 04:52:27,062 [6a547602-9d9f-411f-a61b-6fc980fbe171@group-AB656C975A7C:LeaderElection72] INFO  server.RaftServerConfigKeys (ConfUtils.java:logGet(43)) - raft.server.watch.timeout = 10s (default)
2019-09-25 04:52:27,062 [6a547602-9d9f-411f-a61b-6fc980fbe171@group-AB656C975A7C:LeaderElection72] INFO  server.RaftServerConfigKeys (ConfUtils.java:logGet(43)) - raft.server.watch.timeout.denomination = 1s (default)
2019-09-25 04:52:27,062 [6a547602-9d9f-411f-a61b-6fc980fbe171@group-AB656C975A7C:LeaderElection72] INFO  server.RaftServerConfigKeys (ConfUtils.java:logGet(43)) - raft.server.watch.element-limit = 65536 (default)
2019-09-25 04:52:27,065 [6a547602-9d9f-411f-a61b-6fc980fbe171@group-AB656C975A7C:LeaderElection72] INFO  impl.RoleInfo (RoleInfo.java:updateAndGet(143)) - 6a547602-9d9f-411f-a61b-6fc980fbe171: start LeaderState
2019-09-25 04:52:27,065 [6a547602-9d9f-411f-a61b-6fc980fbe171@group-AB656C975A7C:LeaderElection72] INFO  segmented.SegmentedRaftLogWorker (SegmentedRaftLogWorker.java:startLogSegment(380)) - 6a547602-9d9f-411f-a61b-6fc980fbe171@group-AB656C975A7C-SegmentedRaftLogWorker: Starting segment from index:0
2019-09-25 04:52:27,066 [6a547602-9d9f-411f-a61b-6fc980fbe171@group-AB656C975A7C:LeaderElection72] INFO  impl.RaftServerImpl (ServerState.java:setRaftConf(354)) - 6a547602-9d9f-411f-a61b-6fc980fbe171@group-AB656C975A7C: set configuration 0: [6a547602-9d9f-411f-a61b-6fc980fbe171:192.168.164.207:41690], old=null at 0
2019-09-25 04:52:27,101 [6a547602-9d9f-411f-a61b-6fc980fbe171@group-163419C5154D-SegmentedRaftLogWorker] INFO  segmented.SegmentedRaftLogWorker (SegmentedRaftLogWorker.java:execute(569)) - 6a547602-9d9f-411f-a61b-6fc980fbe171@group-163419C5154D-SegmentedRaftLogWorker: created new log segment /workdir/hadoop-ozone/integration-test/target/test-dir/MiniOzoneClusterImpl-d3c81739-79da-4dbe-9ced-b164d958c5b5/datanode-3/data/ratis/29e52736-393e-4f74-a8ef-163419c5154d/current/log_inprogress_0
2019-09-25 04:52:27,115 [6a547602-9d9f-411f-a61b-6fc980fbe171@group-AB656C975A7C-SegmentedRaftLogWorker] INFO  segmented.SegmentedRaftLogWorker (SegmentedRaftLogWorker.java:execute(569)) - 6a547602-9d9f-411f-a61b-6fc980fbe171@group-AB656C975A7C-SegmentedRaftLogWorker: created new log segment /workdir/hadoop-ozone/integration-test/target/test-dir/MiniOzoneClusterImpl-d3c81739-79da-4dbe-9ced-b164d958c5b5/datanode-3/data/ratis/51b57b9c-35de-4229-bf99-ab656c975a7c/current/log_inprogress_0
2019-09-25 04:52:27,124 [Thread-784] INFO  impl.FollowerState (FollowerState.java:run(106)) - f0026df0-5652-4d5b-84a4-ec6d3279302c:group-BB3D346AD134 changes to CANDIDATE, lastRpcTime:5034, electionTimeout:5034ms
2019-09-25 04:52:27,124 [Thread-784] INFO  impl.RoleInfo (RoleInfo.java:shutdownFollowerState(121)) - f0026df0-5652-4d5b-84a4-ec6d3279302c: shutdown FollowerState
2019-09-25 04:52:27,124 [Thread-784] INFO  impl.RaftServerImpl (RaftServerImpl.java:setRole(174)) - f0026df0-5652-4d5b-84a4-ec6d3279302c@group-BB3D346AD134: changes role from  FOLLOWER to CANDIDATE at term 0 for changeToCandidate
2019-09-25 04:52:27,124 [Thread-784] INFO  impl.RoleInfo (RoleInfo.java:updateAndGet(143)) - f0026df0-5652-4d5b-84a4-ec6d3279302c: start LeaderElection
2019-09-25 04:52:27,128 [f0026df0-5652-4d5b-84a4-ec6d3279302c@group-BB3D346AD134:LeaderElection73] INFO  impl.LeaderElection (LeaderElection.java:askForVotes(182)) - f0026df0-5652-4d5b-84a4-ec6d3279302c@group-BB3D346AD134:LeaderElection73: begin an election at term 1 for -1: [f0026df0-5652-4d5b-84a4-ec6d3279302c:192.168.164.207:40753], old=null
2019-09-25 04:52:27,128 [f0026df0-5652-4d5b-84a4-ec6d3279302c@group-BB3D346AD134:LeaderElection73] INFO  impl.RoleInfo (RoleInfo.java:shutdownLeaderElection(134)) - f0026df0-5652-4d5b-84a4-ec6d3279302c: shutdown LeaderElection
2019-09-25 04:52:27,128 [f0026df0-5652-4d5b-84a4-ec6d3279302c@group-BB3D346AD134:LeaderElection73] INFO  impl.RaftServerImpl (RaftServerImpl.java:setRole(174)) - f0026df0-5652-4d5b-84a4-ec6d3279302c@group-BB3D346AD134: changes role from CANDIDATE to LEADER at term 1 for changeToLeader
2019-09-25 04:52:27,128 [f0026df0-5652-4d5b-84a4-ec6d3279302c@group-BB3D346AD134:LeaderElection73] INFO  impl.RaftServerImpl (ServerState.java:setLeader(253)) - f0026df0-5652-4d5b-84a4-ec6d3279302c@group-BB3D346AD134: change Leader from null to f0026df0-5652-4d5b-84a4-ec6d3279302c at term 1 for becomeLeader, leader elected after 5045ms
2019-09-25 04:52:27,135 [f0026df0-5652-4d5b-84a4-ec6d3279302c@group-BB3D346AD134:LeaderElection73] INFO  server.RaftServerConfigKeys (ConfUtils.java:logGet(43)) - raft.server.staging.catchup.gap = 1000 (default)
2019-09-25 04:52:27,135 [f0026df0-5652-4d5b-84a4-ec6d3279302c@group-BB3D346AD134:LeaderElection73] INFO  server.RaftServerConfigKeys (ConfUtils.java:logGet(43)) - raft.server.rpc.sleep.time = 25ms (default)
2019-09-25 04:52:27,135 [f0026df0-5652-4d5b-84a4-ec6d3279302c@group-BB3D346AD134:LeaderElection73] INFO  server.RaftServerConfigKeys (ConfUtils.java:logGet(43)) - raft.server.write.element-limit = 4096 (default)
2019-09-25 04:52:27,135 [f0026df0-5652-4d5b-84a4-ec6d3279302c@group-BB3D346AD134:LeaderElection73] INFO  server.RaftServerConfigKeys (ConfUtils.java:logGet(43)) - raft.server.watch.timeout = 10s (default)
2019-09-25 04:52:27,136 [f0026df0-5652-4d5b-84a4-ec6d3279302c@group-BB3D346AD134:LeaderElection73] INFO  server.RaftServerConfigKeys (ConfUtils.java:logGet(43)) - raft.server.watch.timeout.denomination = 1s (default)
2019-09-25 04:52:27,136 [f0026df0-5652-4d5b-84a4-ec6d3279302c@group-BB3D346AD134:LeaderElection73] INFO  server.RaftServerConfigKeys (ConfUtils.java:logGet(43)) - raft.server.watch.element-limit = 65536 (default)
2019-09-25 04:52:27,138 [f0026df0-5652-4d5b-84a4-ec6d3279302c@group-BB3D346AD134:LeaderElection73] INFO  impl.RoleInfo (RoleInfo.java:updateAndGet(143)) - f0026df0-5652-4d5b-84a4-ec6d3279302c: start LeaderState
2019-09-25 04:52:27,139 [f0026df0-5652-4d5b-84a4-ec6d3279302c@group-BB3D346AD134:LeaderElection73] INFO  segmented.SegmentedRaftLogWorker (SegmentedRaftLogWorker.java:startLogSegment(380)) - f0026df0-5652-4d5b-84a4-ec6d3279302c@group-BB3D346AD134-SegmentedRaftLogWorker: Starting segment from index:0
2019-09-25 04:52:27,139 [f0026df0-5652-4d5b-84a4-ec6d3279302c@group-BB3D346AD134:LeaderElection73] INFO  impl.RaftServerImpl (ServerState.java:setRaftConf(354)) - f0026df0-5652-4d5b-84a4-ec6d3279302c@group-BB3D346AD134: set configuration 0: [f0026df0-5652-4d5b-84a4-ec6d3279302c:192.168.164.207:40753], old=null at 0
2019-09-25 04:52:27,141 [Thread-775] INFO  impl.FollowerState (FollowerState.java:run(106)) - f0026df0-5652-4d5b-84a4-ec6d3279302c:group-49A91453AA77 changes to CANDIDATE, lastRpcTime:5181, electionTimeout:5181ms
2019-09-25 04:52:27,141 [Thread-775] INFO  impl.RoleInfo (RoleInfo.java:shutdownFollowerState(121)) - f0026df0-5652-4d5b-84a4-ec6d3279302c: shutdown FollowerState
2019-09-25 04:52:27,142 [Thread-775] INFO  impl.RaftServerImpl (RaftServerImpl.java:setRole(174)) - f0026df0-5652-4d5b-84a4-ec6d3279302c@group-49A91453AA77: changes role from  FOLLOWER to CANDIDATE at term 0 for changeToCandidate
2019-09-25 04:52:27,142 [Thread-775] INFO  impl.RoleInfo (RoleInfo.java:updateAndGet(143)) - f0026df0-5652-4d5b-84a4-ec6d3279302c: start LeaderElection
2019-09-25 04:52:27,149 [Thread-778] INFO  impl.FollowerState (FollowerState.java:run(106)) - 94bde7ca-9af4-4c06-8221-a867c8f279fc:group-D01A1DC6F2E1 changes to CANDIDATE, lastRpcTime:5150, electionTimeout:5150ms
2019-09-25 04:52:27,149 [Thread-778] INFO  impl.RoleInfo (RoleInfo.java:shutdownFollowerState(121)) - 94bde7ca-9af4-4c06-8221-a867c8f279fc: shutdown FollowerState
2019-09-25 04:52:27,150 [Thread-778] INFO  impl.RaftServerImpl (RaftServerImpl.java:setRole(174)) - 94bde7ca-9af4-4c06-8221-a867c8f279fc@group-D01A1DC6F2E1: changes role from  FOLLOWER to CANDIDATE at term 0 for changeToCandidate
2019-09-25 04:52:27,150 [Thread-778] INFO  impl.RoleInfo (RoleInfo.java:updateAndGet(143)) - 94bde7ca-9af4-4c06-8221-a867c8f279fc: start LeaderElection
2019-09-25 04:52:27,155 [f0026df0-5652-4d5b-84a4-ec6d3279302c@group-49A91453AA77:LeaderElection74] INFO  impl.LeaderElection (LeaderElection.java:askForVotes(182)) - f0026df0-5652-4d5b-84a4-ec6d3279302c@group-49A91453AA77:LeaderElection74: begin an election at term 1 for -1: [f0026df0-5652-4d5b-84a4-ec6d3279302c:192.168.164.207:40753], old=null
2019-09-25 04:52:27,155 [94bde7ca-9af4-4c06-8221-a867c8f279fc@group-D01A1DC6F2E1:LeaderElection75] INFO  impl.LeaderElection (LeaderElection.java:askForVotes(182)) - 94bde7ca-9af4-4c06-8221-a867c8f279fc@group-D01A1DC6F2E1:LeaderElection75: begin an election at term 1 for -1: [94bde7ca-9af4-4c06-8221-a867c8f279fc:192.168.164.207:37773], old=null
2019-09-25 04:52:27,155 [f0026df0-5652-4d5b-84a4-ec6d3279302c@group-49A91453AA77:LeaderElection74] INFO  impl.RoleInfo (RoleInfo.java:shutdownLeaderElection(134)) - f0026df0-5652-4d5b-84a4-ec6d3279302c: shutdown LeaderElection
2019-09-25 04:52:27,156 [94bde7ca-9af4-4c06-8221-a867c8f279fc@group-D01A1DC6F2E1:LeaderElection75] INFO  impl.RoleInfo (RoleInfo.java:shutdownLeaderElection(134)) - 94bde7ca-9af4-4c06-8221-a867c8f279fc: shutdown LeaderElection
2019-09-25 04:52:27,156 [f0026df0-5652-4d5b-84a4-ec6d3279302c@group-49A91453AA77:LeaderElection74] INFO  impl.RaftServerImpl (RaftServerImpl.java:setRole(174)) - f0026df0-5652-4d5b-84a4-ec6d3279302c@group-49A91453AA77: changes role from CANDIDATE to LEADER at term 1 for changeToLeader
2019-09-25 04:52:27,156 [94bde7ca-9af4-4c06-8221-a867c8f279fc@group-D01A1DC6F2E1:LeaderElection75] INFO  impl.RaftServerImpl (RaftServerImpl.java:setRole(174)) - 94bde7ca-9af4-4c06-8221-a867c8f279fc@group-D01A1DC6F2E1: changes role from CANDIDATE to LEADER at term 1 for changeToLeader
2019-09-25 04:52:27,156 [f0026df0-5652-4d5b-84a4-ec6d3279302c@group-49A91453AA77:LeaderElection74] INFO  impl.RaftServerImpl (ServerState.java:setLeader(253)) - f0026df0-5652-4d5b-84a4-ec6d3279302c@group-49A91453AA77: change Leader from null to f0026df0-5652-4d5b-84a4-ec6d3279302c at term 1 for becomeLeader, leader elected after 5205ms
2019-09-25 04:52:27,156 [94bde7ca-9af4-4c06-8221-a867c8f279fc@group-D01A1DC6F2E1:LeaderElection75] INFO  impl.RaftServerImpl (ServerState.java:setLeader(253)) - 94bde7ca-9af4-4c06-8221-a867c8f279fc@group-D01A1DC6F2E1: change Leader from null to 94bde7ca-9af4-4c06-8221-a867c8f279fc at term 1 for becomeLeader, leader elected after 5162ms
2019-09-25 04:52:27,156 [f0026df0-5652-4d5b-84a4-ec6d3279302c@group-49A91453AA77:LeaderElection74] INFO  server.RaftServerConfigKeys (ConfUtils.java:logGet(43)) - raft.server.staging.catchup.gap = 1000 (default)
2019-09-25 04:52:27,156 [94bde7ca-9af4-4c06-8221-a867c8f279fc@group-D01A1DC6F2E1:LeaderElection75] INFO  server.RaftServerConfigKeys (ConfUtils.java:logGet(43)) - raft.server.staging.catchup.gap = 1000 (default)
2019-09-25 04:52:27,156 [f0026df0-5652-4d5b-84a4-ec6d3279302c@group-49A91453AA77:LeaderElection74] INFO  server.RaftServerConfigKeys (ConfUtils.java:logGet(43)) - raft.server.rpc.sleep.time = 25ms (default)
2019-09-25 04:52:27,157 [94bde7ca-9af4-4c06-8221-a867c8f279fc@group-D01A1DC6F2E1:LeaderElection75] INFO  server.RaftServerConfigKeys (ConfUtils.java:logGet(43)) - raft.server.rpc.sleep.time = 25ms (default)
2019-09-25 04:52:27,157 [f0026df0-5652-4d5b-84a4-ec6d3279302c@group-49A91453AA77:LeaderElection74] INFO  server.RaftServerConfigKeys (ConfUtils.java:logGet(43)) - raft.server.write.element-limit = 4096 (default)
2019-09-25 04:52:27,157 [94bde7ca-9af4-4c06-8221-a867c8f279fc@group-D01A1DC6F2E1:LeaderElection75] INFO  server.RaftServerConfigKeys (ConfUtils.java:logGet(43)) - raft.server.write.element-limit = 4096 (default)
2019-09-25 04:52:27,157 [f0026df0-5652-4d5b-84a4-ec6d3279302c@group-49A91453AA77:LeaderElection74] INFO  server.RaftServerConfigKeys (ConfUtils.java:logGet(43)) - raft.server.watch.timeout = 10s (default)
2019-09-25 04:52:27,157 [94bde7ca-9af4-4c06-8221-a867c8f279fc@group-D01A1DC6F2E1:LeaderElection75] INFO  server.RaftServerConfigKeys (ConfUtils.java:logGet(43)) - raft.server.watch.timeout = 10s (default)
2019-09-25 04:52:27,157 [f0026df0-5652-4d5b-84a4-ec6d3279302c@group-49A91453AA77:LeaderElection74] INFO  server.RaftServerConfigKeys (ConfUtils.java:logGet(43)) - raft.server.watch.timeout.denomination = 1s (default)
2019-09-25 04:52:27,157 [94bde7ca-9af4-4c06-8221-a867c8f279fc@group-D01A1DC6F2E1:LeaderElection75] INFO  server.RaftServerConfigKeys (ConfUtils.java:logGet(43)) - raft.server.watch.timeout.denomination = 1s (default)
2019-09-25 04:52:27,157 [f0026df0-5652-4d5b-84a4-ec6d3279302c@group-49A91453AA77:LeaderElection74] INFO  server.RaftServerConfigKeys (ConfUtils.java:logGet(43)) - raft.server.watch.element-limit = 65536 (default)
2019-09-25 04:52:27,158 [94bde7ca-9af4-4c06-8221-a867c8f279fc@group-D01A1DC6F2E1:LeaderElection75] INFO  server.RaftServerConfigKeys (ConfUtils.java:logGet(43)) - raft.server.watch.element-limit = 65536 (default)
2019-09-25 04:52:27,160 [f0026df0-5652-4d5b-84a4-ec6d3279302c@group-49A91453AA77:LeaderElection74] INFO  impl.RoleInfo (RoleInfo.java:updateAndGet(143)) - f0026df0-5652-4d5b-84a4-ec6d3279302c: start LeaderState
2019-09-25 04:52:27,160 [f0026df0-5652-4d5b-84a4-ec6d3279302c@group-49A91453AA77:LeaderElection74] INFO  segmented.SegmentedRaftLogWorker (SegmentedRaftLogWorker.java:startLogSegment(380)) - f0026df0-5652-4d5b-84a4-ec6d3279302c@group-49A91453AA77-SegmentedRaftLogWorker: Starting segment from index:0
2019-09-25 04:52:27,160 [94bde7ca-9af4-4c06-8221-a867c8f279fc@group-D01A1DC6F2E1:LeaderElection75] INFO  impl.RoleInfo (RoleInfo.java:updateAndGet(143)) - 94bde7ca-9af4-4c06-8221-a867c8f279fc: start LeaderState
2019-09-25 04:52:27,161 [94bde7ca-9af4-4c06-8221-a867c8f279fc@group-D01A1DC6F2E1:LeaderElection75] INFO  segmented.SegmentedRaftLogWorker (SegmentedRaftLogWorker.java:startLogSegment(380)) - 94bde7ca-9af4-4c06-8221-a867c8f279fc@group-D01A1DC6F2E1-SegmentedRaftLogWorker: Starting segment from index:0
2019-09-25 04:52:27,161 [f0026df0-5652-4d5b-84a4-ec6d3279302c@group-49A91453AA77:LeaderElection74] INFO  impl.RaftServerImpl (ServerState.java:setRaftConf(354)) - f0026df0-5652-4d5b-84a4-ec6d3279302c@group-49A91453AA77: set configuration 0: [f0026df0-5652-4d5b-84a4-ec6d3279302c:192.168.164.207:40753], old=null at 0
2019-09-25 04:52:27,161 [94bde7ca-9af4-4c06-8221-a867c8f279fc@group-D01A1DC6F2E1:LeaderElection75] INFO  impl.RaftServerImpl (ServerState.java:setRaftConf(354)) - 94bde7ca-9af4-4c06-8221-a867c8f279fc@group-D01A1DC6F2E1: set configuration 0: [94bde7ca-9af4-4c06-8221-a867c8f279fc:192.168.164.207:37773], old=null at 0
2019-09-25 04:52:27,196 [94bde7ca-9af4-4c06-8221-a867c8f279fc@group-D01A1DC6F2E1-SegmentedRaftLogWorker] INFO  segmented.SegmentedRaftLogWorker (SegmentedRaftLogWorker.java:execute(569)) - 94bde7ca-9af4-4c06-8221-a867c8f279fc@group-D01A1DC6F2E1-SegmentedRaftLogWorker: created new log segment /workdir/hadoop-ozone/integration-test/target/test-dir/MiniOzoneClusterImpl-d3c81739-79da-4dbe-9ced-b164d958c5b5/datanode-4/data/ratis/f97446a4-dd78-4c65-af51-d01a1dc6f2e1/current/log_inprogress_0
2019-09-25 04:52:27,196 [f0026df0-5652-4d5b-84a4-ec6d3279302c@group-BB3D346AD134-SegmentedRaftLogWorker] INFO  segmented.SegmentedRaftLogWorker (SegmentedRaftLogWorker.java:execute(569)) - f0026df0-5652-4d5b-84a4-ec6d3279302c@group-BB3D346AD134-SegmentedRaftLogWorker: created new log segment /workdir/hadoop-ozone/integration-test/target/test-dir/MiniOzoneClusterImpl-d3c81739-79da-4dbe-9ced-b164d958c5b5/datanode-6/data/ratis/dcef9c43-f296-4d74-8841-bb3d346ad134/current/log_inprogress_0
2019-09-25 04:52:27,205 [f0026df0-5652-4d5b-84a4-ec6d3279302c@group-49A91453AA77-SegmentedRaftLogWorker] INFO  segmented.SegmentedRaftLogWorker (SegmentedRaftLogWorker.java:execute(569)) - f0026df0-5652-4d5b-84a4-ec6d3279302c@group-49A91453AA77-SegmentedRaftLogWorker: created new log segment /workdir/hadoop-ozone/integration-test/target/test-dir/MiniOzoneClusterImpl-d3c81739-79da-4dbe-9ced-b164d958c5b5/datanode-6/data/ratis/4f832ba9-4137-4280-9a16-49a91453aa77/current/log_inprogress_0
2019-09-25 04:52:27,286 [Thread-787] INFO  impl.FollowerState (FollowerState.java:run(106)) - 94bde7ca-9af4-4c06-8221-a867c8f279fc:group-4F97C1190BE8 changes to CANDIDATE, lastRpcTime:5153, electionTimeout:5153ms
2019-09-25 04:52:27,286 [Thread-787] INFO  impl.RoleInfo (RoleInfo.java:shutdownFollowerState(121)) - 94bde7ca-9af4-4c06-8221-a867c8f279fc: shutdown FollowerState
2019-09-25 04:52:27,287 [Thread-787] INFO  impl.RaftServerImpl (RaftServerImpl.java:setRole(174)) - 94bde7ca-9af4-4c06-8221-a867c8f279fc@group-4F97C1190BE8: changes role from  FOLLOWER to CANDIDATE at term 0 for changeToCandidate
2019-09-25 04:52:27,287 [Thread-787] INFO  impl.RoleInfo (RoleInfo.java:updateAndGet(143)) - 94bde7ca-9af4-4c06-8221-a867c8f279fc: start LeaderElection
2019-09-25 04:52:27,298 [Thread-790] INFO  impl.FollowerState (FollowerState.java:run(106)) - 9586c7e2-af3f-487f-89b7-bc8fbed5a611:group-C08DF61DD8F9 changes to CANDIDATE, lastRpcTime:5122, electionTimeout:5122ms
2019-09-25 04:52:27,298 [Thread-790] INFO  impl.RoleInfo (RoleInfo.java:shutdownFollowerState(121)) - 9586c7e2-af3f-487f-89b7-bc8fbed5a611: shutdown FollowerState
2019-09-25 04:52:27,298 [Thread-790] INFO  impl.RaftServerImpl (RaftServerImpl.java:setRole(174)) - 9586c7e2-af3f-487f-89b7-bc8fbed5a611@group-C08DF61DD8F9: changes role from  FOLLOWER to CANDIDATE at term 0 for changeToCandidate
2019-09-25 04:52:27,299 [Thread-790] INFO  impl.RoleInfo (RoleInfo.java:updateAndGet(143)) - 9586c7e2-af3f-487f-89b7-bc8fbed5a611: start LeaderElection
2019-09-25 04:52:27,301 [94bde7ca-9af4-4c06-8221-a867c8f279fc@group-4F97C1190BE8:LeaderElection76] INFO  impl.LeaderElection (LeaderElection.java:askForVotes(182)) - 94bde7ca-9af4-4c06-8221-a867c8f279fc@group-4F97C1190BE8:LeaderElection76: begin an election at term 1 for -1: [94bde7ca-9af4-4c06-8221-a867c8f279fc:192.168.164.207:37773], old=null
2019-09-25 04:52:27,301 [94bde7ca-9af4-4c06-8221-a867c8f279fc@group-4F97C1190BE8:LeaderElection76] INFO  impl.RoleInfo (RoleInfo.java:shutdownLeaderElection(134)) - 94bde7ca-9af4-4c06-8221-a867c8f279fc: shutdown LeaderElection
2019-09-25 04:52:27,301 [94bde7ca-9af4-4c06-8221-a867c8f279fc@group-4F97C1190BE8:LeaderElection76] INFO  impl.RaftServerImpl (RaftServerImpl.java:setRole(174)) - 94bde7ca-9af4-4c06-8221-a867c8f279fc@group-4F97C1190BE8: changes role from CANDIDATE to LEADER at term 1 for changeToLeader
2019-09-25 04:52:27,302 [94bde7ca-9af4-4c06-8221-a867c8f279fc@group-4F97C1190BE8:LeaderElection76] INFO  impl.RaftServerImpl (ServerState.java:setLeader(253)) - 94bde7ca-9af4-4c06-8221-a867c8f279fc@group-4F97C1190BE8: change Leader from null to 94bde7ca-9af4-4c06-8221-a867c8f279fc at term 1 for becomeLeader, leader elected after 5173ms
2019-09-25 04:52:27,302 [94bde7ca-9af4-4c06-8221-a867c8f279fc@group-4F97C1190BE8:LeaderElection76] INFO  server.RaftServerConfigKeys (ConfUtils.java:logGet(43)) - raft.server.staging.catchup.gap = 1000 (default)
2019-09-25 04:52:27,302 [94bde7ca-9af4-4c06-8221-a867c8f279fc@group-4F97C1190BE8:LeaderElection76] INFO  server.RaftServerConfigKeys (ConfUtils.java:logGet(43)) - raft.server.rpc.sleep.time = 25ms (default)
2019-09-25 04:52:27,302 [94bde7ca-9af4-4c06-8221-a867c8f279fc@group-4F97C1190BE8:LeaderElection76] INFO  server.RaftServerConfigKeys (ConfUtils.java:logGet(43)) - raft.server.write.element-limit = 4096 (default)
2019-09-25 04:52:27,302 [94bde7ca-9af4-4c06-8221-a867c8f279fc@group-4F97C1190BE8:LeaderElection76] INFO  server.RaftServerConfigKeys (ConfUtils.java:logGet(43)) - raft.server.watch.timeout = 10s (default)
2019-09-25 04:52:27,302 [94bde7ca-9af4-4c06-8221-a867c8f279fc@group-4F97C1190BE8:LeaderElection76] INFO  server.RaftServerConfigKeys (ConfUtils.java:logGet(43)) - raft.server.watch.timeout.denomination = 1s (default)
2019-09-25 04:52:27,303 [94bde7ca-9af4-4c06-8221-a867c8f279fc@group-4F97C1190BE8:LeaderElection76] INFO  server.RaftServerConfigKeys (ConfUtils.java:logGet(43)) - raft.server.watch.element-limit = 65536 (default)
2019-09-25 04:52:27,303 [9586c7e2-af3f-487f-89b7-bc8fbed5a611@group-C08DF61DD8F9:LeaderElection77] INFO  impl.LeaderElection (LeaderElection.java:askForVotes(182)) - 9586c7e2-af3f-487f-89b7-bc8fbed5a611@group-C08DF61DD8F9:LeaderElection77: begin an election at term 1 for -1: [9586c7e2-af3f-487f-89b7-bc8fbed5a611:192.168.164.207:42132], old=null
2019-09-25 04:52:27,303 [9586c7e2-af3f-487f-89b7-bc8fbed5a611@group-C08DF61DD8F9:LeaderElection77] INFO  impl.RoleInfo (RoleInfo.java:shutdownLeaderElection(134)) - 9586c7e2-af3f-487f-89b7-bc8fbed5a611: shutdown LeaderElection
2019-09-25 04:52:27,303 [9586c7e2-af3f-487f-89b7-bc8fbed5a611@group-C08DF61DD8F9:LeaderElection77] INFO  impl.RaftServerImpl (RaftServerImpl.java:setRole(174)) - 9586c7e2-af3f-487f-89b7-bc8fbed5a611@group-C08DF61DD8F9: changes role from CANDIDATE to LEADER at term 1 for changeToLeader
2019-09-25 04:52:27,304 [9586c7e2-af3f-487f-89b7-bc8fbed5a611@group-C08DF61DD8F9:LeaderElection77] INFO  impl.RaftServerImpl (ServerState.java:setLeader(253)) - 9586c7e2-af3f-487f-89b7-bc8fbed5a611@group-C08DF61DD8F9: change Leader from null to 9586c7e2-af3f-487f-89b7-bc8fbed5a611 at term 1 for becomeLeader, leader elected after 5132ms
2019-09-25 04:52:27,304 [9586c7e2-af3f-487f-89b7-bc8fbed5a611@group-C08DF61DD8F9:LeaderElection77] INFO  server.RaftServerConfigKeys (ConfUtils.java:logGet(43)) - raft.server.staging.catchup.gap = 1000 (default)
2019-09-25 04:52:27,304 [9586c7e2-af3f-487f-89b7-bc8fbed5a611@group-C08DF61DD8F9:LeaderElection77] INFO  server.RaftServerConfigKeys (ConfUtils.java:logGet(43)) - raft.server.rpc.sleep.time = 25ms (default)
2019-09-25 04:52:27,304 [9586c7e2-af3f-487f-89b7-bc8fbed5a611@group-C08DF61DD8F9:LeaderElection77] INFO  server.RaftServerConfigKeys (ConfUtils.java:logGet(43)) - raft.server.write.element-limit = 4096 (default)
2019-09-25 04:52:27,304 [9586c7e2-af3f-487f-89b7-bc8fbed5a611@group-C08DF61DD8F9:LeaderElection77] INFO  server.RaftServerConfigKeys (ConfUtils.java:logGet(43)) - raft.server.watch.timeout = 10s (default)
2019-09-25 04:52:27,304 [9586c7e2-af3f-487f-89b7-bc8fbed5a611@group-C08DF61DD8F9:LeaderElection77] INFO  server.RaftServerConfigKeys (ConfUtils.java:logGet(43)) - raft.server.watch.timeout.denomination = 1s (default)
2019-09-25 04:52:27,305 [9586c7e2-af3f-487f-89b7-bc8fbed5a611@group-C08DF61DD8F9:LeaderElection77] INFO  server.RaftServerConfigKeys (ConfUtils.java:logGet(43)) - raft.server.watch.element-limit = 65536 (default)
2019-09-25 04:52:27,305 [94bde7ca-9af4-4c06-8221-a867c8f279fc@group-4F97C1190BE8:LeaderElection76] INFO  impl.RoleInfo (RoleInfo.java:updateAndGet(143)) - 94bde7ca-9af4-4c06-8221-a867c8f279fc: start LeaderState
2019-09-25 04:52:27,306 [94bde7ca-9af4-4c06-8221-a867c8f279fc@group-4F97C1190BE8:LeaderElection76] INFO  segmented.SegmentedRaftLogWorker (SegmentedRaftLogWorker.java:startLogSegment(380)) - 94bde7ca-9af4-4c06-8221-a867c8f279fc@group-4F97C1190BE8-SegmentedRaftLogWorker: Starting segment from index:0
2019-09-25 04:52:27,306 [94bde7ca-9af4-4c06-8221-a867c8f279fc@group-4F97C1190BE8:LeaderElection76] INFO  impl.RaftServerImpl (ServerState.java:setRaftConf(354)) - 94bde7ca-9af4-4c06-8221-a867c8f279fc@group-4F97C1190BE8: set configuration 0: [94bde7ca-9af4-4c06-8221-a867c8f279fc:192.168.164.207:37773], old=null at 0
2019-09-25 04:52:27,307 [9586c7e2-af3f-487f-89b7-bc8fbed5a611@group-C08DF61DD8F9:LeaderElection77] INFO  impl.RoleInfo (RoleInfo.java:updateAndGet(143)) - 9586c7e2-af3f-487f-89b7-bc8fbed5a611: start LeaderState
2019-09-25 04:52:27,307 [9586c7e2-af3f-487f-89b7-bc8fbed5a611@group-C08DF61DD8F9:LeaderElection77] INFO  segmented.SegmentedRaftLogWorker (SegmentedRaftLogWorker.java:startLogSegment(380)) - 9586c7e2-af3f-487f-89b7-bc8fbed5a611@group-C08DF61DD8F9-SegmentedRaftLogWorker: Starting segment from index:0
2019-09-25 04:52:27,308 [9586c7e2-af3f-487f-89b7-bc8fbed5a611@group-C08DF61DD8F9:LeaderElection77] INFO  impl.RaftServerImpl (ServerState.java:setRaftConf(354)) - 9586c7e2-af3f-487f-89b7-bc8fbed5a611@group-C08DF61DD8F9: set configuration 0: [9586c7e2-af3f-487f-89b7-bc8fbed5a611:192.168.164.207:42132], old=null at 0
2019-09-25 04:52:27,359 [9586c7e2-af3f-487f-89b7-bc8fbed5a611@group-C08DF61DD8F9-SegmentedRaftLogWorker] INFO  segmented.SegmentedRaftLogWorker (SegmentedRaftLogWorker.java:execute(569)) - 9586c7e2-af3f-487f-89b7-bc8fbed5a611@group-C08DF61DD8F9-SegmentedRaftLogWorker: created new log segment /workdir/hadoop-ozone/integration-test/target/test-dir/MiniOzoneClusterImpl-d3c81739-79da-4dbe-9ced-b164d958c5b5/datanode-5/data/ratis/6747b81b-0e2b-4250-a99f-c08df61dd8f9/current/log_inprogress_0
2019-09-25 04:52:27,359 [94bde7ca-9af4-4c06-8221-a867c8f279fc@group-4F97C1190BE8-SegmentedRaftLogWorker] INFO  segmented.SegmentedRaftLogWorker (SegmentedRaftLogWorker.java:execute(569)) - 94bde7ca-9af4-4c06-8221-a867c8f279fc@group-4F97C1190BE8-SegmentedRaftLogWorker: created new log segment /workdir/hadoop-ozone/integration-test/target/test-dir/MiniOzoneClusterImpl-d3c81739-79da-4dbe-9ced-b164d958c5b5/datanode-4/data/ratis/a2052edf-8bf7-4ab4-9c02-4f97c1190be8/current/log_inprogress_0
2019-09-25 04:52:27,532 [Thread-793] INFO  impl.FollowerState (FollowerState.java:run(106)) - f0026df0-5652-4d5b-84a4-ec6d3279302c:group-29B095A6317C changes to CANDIDATE, lastRpcTime:5018, electionTimeout:5018ms
2019-09-25 04:52:27,532 [Thread-793] INFO  impl.RoleInfo (RoleInfo.java:shutdownFollowerState(121)) - f0026df0-5652-4d5b-84a4-ec6d3279302c: shutdown FollowerState
2019-09-25 04:52:27,533 [Thread-793] INFO  impl.RaftServerImpl (RaftServerImpl.java:setRole(174)) - f0026df0-5652-4d5b-84a4-ec6d3279302c@group-29B095A6317C: changes role from  FOLLOWER to CANDIDATE at term 0 for changeToCandidate
2019-09-25 04:52:27,533 [Thread-793] INFO  impl.RoleInfo (RoleInfo.java:updateAndGet(143)) - f0026df0-5652-4d5b-84a4-ec6d3279302c: start LeaderElection
2019-09-25 04:52:27,547 [f0026df0-5652-4d5b-84a4-ec6d3279302c@group-29B095A6317C:LeaderElection78] INFO  impl.LeaderElection (LeaderElection.java:askForVotes(182)) - f0026df0-5652-4d5b-84a4-ec6d3279302c@group-29B095A6317C:LeaderElection78: begin an election at term 1 for -1: [f0026df0-5652-4d5b-84a4-ec6d3279302c:192.168.164.207:40753], old=null
2019-09-25 04:52:27,547 [f0026df0-5652-4d5b-84a4-ec6d3279302c@group-29B095A6317C:LeaderElection78] INFO  impl.RoleInfo (RoleInfo.java:shutdownLeaderElection(134)) - f0026df0-5652-4d5b-84a4-ec6d3279302c: shutdown LeaderElection
2019-09-25 04:52:27,547 [f0026df0-5652-4d5b-84a4-ec6d3279302c@group-29B095A6317C:LeaderElection78] INFO  impl.RaftServerImpl (RaftServerImpl.java:setRole(174)) - f0026df0-5652-4d5b-84a4-ec6d3279302c@group-29B095A6317C: changes role from CANDIDATE to LEADER at term 1 for changeToLeader
2019-09-25 04:52:27,547 [f0026df0-5652-4d5b-84a4-ec6d3279302c@group-29B095A6317C:LeaderElection78] INFO  impl.RaftServerImpl (ServerState.java:setLeader(253)) - f0026df0-5652-4d5b-84a4-ec6d3279302c@group-29B095A6317C: change Leader from null to f0026df0-5652-4d5b-84a4-ec6d3279302c at term 1 for becomeLeader, leader elected after 5043ms
2019-09-25 04:52:27,547 [f0026df0-5652-4d5b-84a4-ec6d3279302c@group-29B095A6317C:LeaderElection78] INFO  server.RaftServerConfigKeys (ConfUtils.java:logGet(43)) - raft.server.staging.catchup.gap = 1000 (default)
2019-09-25 04:52:27,547 [f0026df0-5652-4d5b-84a4-ec6d3279302c@group-29B095A6317C:LeaderElection78] INFO  server.RaftServerConfigKeys (ConfUtils.java:logGet(43)) - raft.server.rpc.sleep.time = 25ms (default)
2019-09-25 04:52:27,548 [f0026df0-5652-4d5b-84a4-ec6d3279302c@group-29B095A6317C:LeaderElection78] INFO  server.RaftServerConfigKeys (ConfUtils.java:logGet(43)) - raft.server.write.element-limit = 4096 (default)
2019-09-25 04:52:27,548 [f0026df0-5652-4d5b-84a4-ec6d3279302c@group-29B095A6317C:LeaderElection78] INFO  server.RaftServerConfigKeys (ConfUtils.java:logGet(43)) - raft.server.watch.timeout = 10s (default)
2019-09-25 04:52:27,548 [f0026df0-5652-4d5b-84a4-ec6d3279302c@group-29B095A6317C:LeaderElection78] INFO  server.RaftServerConfigKeys (ConfUtils.java:logGet(43)) - raft.server.watch.timeout.denomination = 1s (default)
2019-09-25 04:52:27,548 [f0026df0-5652-4d5b-84a4-ec6d3279302c@group-29B095A6317C:LeaderElection78] INFO  server.RaftServerConfigKeys (ConfUtils.java:logGet(43)) - raft.server.watch.element-limit = 65536 (default)
2019-09-25 04:52:27,550 [f0026df0-5652-4d5b-84a4-ec6d3279302c@group-29B095A6317C:LeaderElection78] INFO  impl.RoleInfo (RoleInfo.java:updateAndGet(143)) - f0026df0-5652-4d5b-84a4-ec6d3279302c: start LeaderState
2019-09-25 04:52:27,550 [f0026df0-5652-4d5b-84a4-ec6d3279302c@group-29B095A6317C:LeaderElection78] INFO  segmented.SegmentedRaftLogWorker (SegmentedRaftLogWorker.java:startLogSegment(380)) - f0026df0-5652-4d5b-84a4-ec6d3279302c@group-29B095A6317C-SegmentedRaftLogWorker: Starting segment from index:0
2019-09-25 04:52:27,551 [f0026df0-5652-4d5b-84a4-ec6d3279302c@group-29B095A6317C:LeaderElection78] INFO  impl.RaftServerImpl (ServerState.java:setRaftConf(354)) - f0026df0-5652-4d5b-84a4-ec6d3279302c@group-29B095A6317C: set configuration 0: [f0026df0-5652-4d5b-84a4-ec6d3279302c:192.168.164.207:40753], old=null at 0
2019-09-25 04:52:27,598 [f0026df0-5652-4d5b-84a4-ec6d3279302c@group-29B095A6317C-SegmentedRaftLogWorker] INFO  segmented.SegmentedRaftLogWorker (SegmentedRaftLogWorker.java:execute(569)) - f0026df0-5652-4d5b-84a4-ec6d3279302c@group-29B095A6317C-SegmentedRaftLogWorker: created new log segment /workdir/hadoop-ozone/integration-test/target/test-dir/MiniOzoneClusterImpl-d3c81739-79da-4dbe-9ced-b164d958c5b5/datanode-6/data/ratis/7c7a72ed-e62c-407e-a7f9-29b095a6317c/current/log_inprogress_0
2019-09-25 04:52:27,668 [Thread-802] INFO  impl.FollowerState (FollowerState.java:run(106)) - 9586c7e2-af3f-487f-89b7-bc8fbed5a611:group-96A61ACC6F9D changes to CANDIDATE, lastRpcTime:5004, electionTimeout:5004ms
2019-09-25 04:52:27,668 [Thread-802] INFO  impl.RoleInfo (RoleInfo.java:shutdownFollowerState(121)) - 9586c7e2-af3f-487f-89b7-bc8fbed5a611: shutdown FollowerState
2019-09-25 04:52:27,668 [Thread-802] INFO  impl.RaftServerImpl (RaftServerImpl.java:setRole(174)) - 9586c7e2-af3f-487f-89b7-bc8fbed5a611@group-96A61ACC6F9D: changes role from  FOLLOWER to CANDIDATE at term 0 for changeToCandidate
2019-09-25 04:52:27,668 [Thread-802] INFO  impl.RoleInfo (RoleInfo.java:updateAndGet(143)) - 9586c7e2-af3f-487f-89b7-bc8fbed5a611: start LeaderElection
2019-09-25 04:52:27,673 [Thread-796] INFO  impl.FollowerState (FollowerState.java:run(106)) - 9586c7e2-af3f-487f-89b7-bc8fbed5a611:group-4F0394905466 changes to CANDIDATE, lastRpcTime:5100, electionTimeout:5100ms
2019-09-25 04:52:27,673 [Thread-796] INFO  impl.RoleInfo (RoleInfo.java:shutdownFollowerState(121)) - 9586c7e2-af3f-487f-89b7-bc8fbed5a611: shutdown FollowerState
2019-09-25 04:52:27,673 [Thread-796] INFO  impl.RaftServerImpl (RaftServerImpl.java:setRole(174)) - 9586c7e2-af3f-487f-89b7-bc8fbed5a611@group-4F0394905466: changes role from  FOLLOWER to CANDIDATE at term 0 for changeToCandidate
2019-09-25 04:52:27,674 [Thread-796] INFO  impl.RoleInfo (RoleInfo.java:updateAndGet(143)) - 9586c7e2-af3f-487f-89b7-bc8fbed5a611: start LeaderElection
2019-09-25 04:52:27,684 [9586c7e2-af3f-487f-89b7-bc8fbed5a611@group-4F0394905466:LeaderElection80] INFO  impl.LeaderElection (LeaderElection.java:askForVotes(182)) - 9586c7e2-af3f-487f-89b7-bc8fbed5a611@group-4F0394905466:LeaderElection80: begin an election at term 1 for -1: [9586c7e2-af3f-487f-89b7-bc8fbed5a611:192.168.164.207:42132], old=null
2019-09-25 04:52:27,684 [9586c7e2-af3f-487f-89b7-bc8fbed5a611@group-96A61ACC6F9D:LeaderElection79] INFO  impl.LeaderElection (LeaderElection.java:askForVotes(182)) - 9586c7e2-af3f-487f-89b7-bc8fbed5a611@group-96A61ACC6F9D:LeaderElection79: begin an election at term 1 for -1: [9586c7e2-af3f-487f-89b7-bc8fbed5a611:192.168.164.207:42132], old=null
2019-09-25 04:52:27,684 [9586c7e2-af3f-487f-89b7-bc8fbed5a611@group-4F0394905466:LeaderElection80] INFO  impl.RoleInfo (RoleInfo.java:shutdownLeaderElection(134)) - 9586c7e2-af3f-487f-89b7-bc8fbed5a611: shutdown LeaderElection
2019-09-25 04:52:27,684 [9586c7e2-af3f-487f-89b7-bc8fbed5a611@group-96A61ACC6F9D:LeaderElection79] INFO  impl.RoleInfo (RoleInfo.java:shutdownLeaderElection(134)) - 9586c7e2-af3f-487f-89b7-bc8fbed5a611: shutdown LeaderElection
2019-09-25 04:52:27,684 [9586c7e2-af3f-487f-89b7-bc8fbed5a611@group-4F0394905466:LeaderElection80] INFO  impl.RaftServerImpl (RaftServerImpl.java:setRole(174)) - 9586c7e2-af3f-487f-89b7-bc8fbed5a611@group-4F0394905466: changes role from CANDIDATE to LEADER at term 1 for changeToLeader
2019-09-25 04:52:27,684 [9586c7e2-af3f-487f-89b7-bc8fbed5a611@group-96A61ACC6F9D:LeaderElection79] INFO  impl.RaftServerImpl (RaftServerImpl.java:setRole(174)) - 9586c7e2-af3f-487f-89b7-bc8fbed5a611@group-96A61ACC6F9D: changes role from CANDIDATE to LEADER at term 1 for changeToLeader
2019-09-25 04:52:27,684 [9586c7e2-af3f-487f-89b7-bc8fbed5a611@group-4F0394905466:LeaderElection80] INFO  impl.RaftServerImpl (ServerState.java:setLeader(253)) - 9586c7e2-af3f-487f-89b7-bc8fbed5a611@group-4F0394905466: change Leader from null to 9586c7e2-af3f-487f-89b7-bc8fbed5a611 at term 1 for becomeLeader, leader elected after 5117ms
2019-09-25 04:52:27,684 [9586c7e2-af3f-487f-89b7-bc8fbed5a611@group-96A61ACC6F9D:LeaderElection79] INFO  impl.RaftServerImpl (ServerState.java:setLeader(253)) - 9586c7e2-af3f-487f-89b7-bc8fbed5a611@group-96A61ACC6F9D: change Leader from null to 9586c7e2-af3f-487f-89b7-bc8fbed5a611 at term 1 for becomeLeader, leader elected after 5027ms
2019-09-25 04:52:27,685 [9586c7e2-af3f-487f-89b7-bc8fbed5a611@group-4F0394905466:LeaderElection80] INFO  server.RaftServerConfigKeys (ConfUtils.java:logGet(43)) - raft.server.staging.catchup.gap = 1000 (default)
2019-09-25 04:52:27,685 [9586c7e2-af3f-487f-89b7-bc8fbed5a611@group-96A61ACC6F9D:LeaderElection79] INFO  server.RaftServerConfigKeys (ConfUtils.java:logGet(43)) - raft.server.staging.catchup.gap = 1000 (default)
2019-09-25 04:52:27,685 [9586c7e2-af3f-487f-89b7-bc8fbed5a611@group-4F0394905466:LeaderElection80] INFO  server.RaftServerConfigKeys (ConfUtils.java:logGet(43)) - raft.server.rpc.sleep.time = 25ms (default)
2019-09-25 04:52:27,685 [9586c7e2-af3f-487f-89b7-bc8fbed5a611@group-96A61ACC6F9D:LeaderElection79] INFO  server.RaftServerConfigKeys (ConfUtils.java:logGet(43)) - raft.server.rpc.sleep.time = 25ms (default)
2019-09-25 04:52:27,685 [9586c7e2-af3f-487f-89b7-bc8fbed5a611@group-4F0394905466:LeaderElection80] INFO  server.RaftServerConfigKeys (ConfUtils.java:logGet(43)) - raft.server.write.element-limit = 4096 (default)
2019-09-25 04:52:27,685 [9586c7e2-af3f-487f-89b7-bc8fbed5a611@group-96A61ACC6F9D:LeaderElection79] INFO  server.RaftServerConfigKeys (ConfUtils.java:logGet(43)) - raft.server.write.element-limit = 4096 (default)
2019-09-25 04:52:27,686 [9586c7e2-af3f-487f-89b7-bc8fbed5a611@group-4F0394905466:LeaderElection80] INFO  server.RaftServerConfigKeys (ConfUtils.java:logGet(43)) - raft.server.watch.timeout = 10s (default)
2019-09-25 04:52:27,686 [9586c7e2-af3f-487f-89b7-bc8fbed5a611@group-96A61ACC6F9D:LeaderElection79] INFO  server.RaftServerConfigKeys (ConfUtils.java:logGet(43)) - raft.server.watch.timeout = 10s (default)
2019-09-25 04:52:27,686 [9586c7e2-af3f-487f-89b7-bc8fbed5a611@group-4F0394905466:LeaderElection80] INFO  server.RaftServerConfigKeys (ConfUtils.java:logGet(43)) - raft.server.watch.timeout.denomination = 1s (default)
2019-09-25 04:52:27,686 [9586c7e2-af3f-487f-89b7-bc8fbed5a611@group-96A61ACC6F9D:LeaderElection79] INFO  server.RaftServerConfigKeys (ConfUtils.java:logGet(43)) - raft.server.watch.timeout.denomination = 1s (default)
2019-09-25 04:52:27,686 [9586c7e2-af3f-487f-89b7-bc8fbed5a611@group-4F0394905466:LeaderElection80] INFO  server.RaftServerConfigKeys (ConfUtils.java:logGet(43)) - raft.server.watch.element-limit = 65536 (default)
2019-09-25 04:52:27,686 [9586c7e2-af3f-487f-89b7-bc8fbed5a611@group-96A61ACC6F9D:LeaderElection79] INFO  server.RaftServerConfigKeys (ConfUtils.java:logGet(43)) - raft.server.watch.element-limit = 65536 (default)
2019-09-25 04:52:27,690 [9586c7e2-af3f-487f-89b7-bc8fbed5a611@group-4F0394905466:LeaderElection80] INFO  impl.RoleInfo (RoleInfo.java:updateAndGet(143)) - 9586c7e2-af3f-487f-89b7-bc8fbed5a611: start LeaderState
2019-09-25 04:52:27,690 [9586c7e2-af3f-487f-89b7-bc8fbed5a611@group-4F0394905466:LeaderElection80] INFO  segmented.SegmentedRaftLogWorker (SegmentedRaftLogWorker.java:startLogSegment(380)) - 9586c7e2-af3f-487f-89b7-bc8fbed5a611@group-4F0394905466-SegmentedRaftLogWorker: Starting segment from index:0
2019-09-25 04:52:27,690 [9586c7e2-af3f-487f-89b7-bc8fbed5a611@group-96A61ACC6F9D:LeaderElection79] INFO  impl.RoleInfo (RoleInfo.java:updateAndGet(143)) - 9586c7e2-af3f-487f-89b7-bc8fbed5a611: start LeaderState
2019-09-25 04:52:27,691 [9586c7e2-af3f-487f-89b7-bc8fbed5a611@group-96A61ACC6F9D:LeaderElection79] INFO  segmented.SegmentedRaftLogWorker (SegmentedRaftLogWorker.java:startLogSegment(380)) - 9586c7e2-af3f-487f-89b7-bc8fbed5a611@group-96A61ACC6F9D-SegmentedRaftLogWorker: Starting segment from index:0
2019-09-25 04:52:27,691 [9586c7e2-af3f-487f-89b7-bc8fbed5a611@group-4F0394905466:LeaderElection80] INFO  impl.RaftServerImpl (ServerState.java:setRaftConf(354)) - 9586c7e2-af3f-487f-89b7-bc8fbed5a611@group-4F0394905466: set configuration 0: [9586c7e2-af3f-487f-89b7-bc8fbed5a611:192.168.164.207:42132], old=null at 0
2019-09-25 04:52:27,691 [9586c7e2-af3f-487f-89b7-bc8fbed5a611@group-96A61ACC6F9D:LeaderElection79] INFO  impl.RaftServerImpl (ServerState.java:setRaftConf(354)) - 9586c7e2-af3f-487f-89b7-bc8fbed5a611@group-96A61ACC6F9D: set configuration 0: [9586c7e2-af3f-487f-89b7-bc8fbed5a611:192.168.164.207:42132], old=null at 0
2019-09-25 04:52:27,739 [9586c7e2-af3f-487f-89b7-bc8fbed5a611@group-96A61ACC6F9D-SegmentedRaftLogWorker] INFO  segmented.SegmentedRaftLogWorker (SegmentedRaftLogWorker.java:execute(569)) - 9586c7e2-af3f-487f-89b7-bc8fbed5a611@group-96A61ACC6F9D-SegmentedRaftLogWorker: created new log segment /workdir/hadoop-ozone/integration-test/target/test-dir/MiniOzoneClusterImpl-d3c81739-79da-4dbe-9ced-b164d958c5b5/datanode-5/data/ratis/89070a00-bc5b-41cd-aff8-96a61acc6f9d/current/log_inprogress_0
2019-09-25 04:52:27,739 [9586c7e2-af3f-487f-89b7-bc8fbed5a611@group-4F0394905466-SegmentedRaftLogWorker] INFO  segmented.SegmentedRaftLogWorker (SegmentedRaftLogWorker.java:execute(569)) - 9586c7e2-af3f-487f-89b7-bc8fbed5a611@group-4F0394905466-SegmentedRaftLogWorker: created new log segment /workdir/hadoop-ozone/integration-test/target/test-dir/MiniOzoneClusterImpl-d3c81739-79da-4dbe-9ced-b164d958c5b5/datanode-5/data/ratis/024f7afe-2fe5-4b88-815f-4f0394905466/current/log_inprogress_0
2019-09-25 04:52:27,770 [Thread-805] INFO  impl.FollowerState (FollowerState.java:run(106)) - f0026df0-5652-4d5b-84a4-ec6d3279302c:group-CDF08840069C changes to CANDIDATE, lastRpcTime:5054, electionTimeout:5054ms
2019-09-25 04:52:27,770 [Thread-805] INFO  impl.RoleInfo (RoleInfo.java:shutdownFollowerState(121)) - f0026df0-5652-4d5b-84a4-ec6d3279302c: shutdown FollowerState
2019-09-25 04:52:27,770 [Thread-805] INFO  impl.RaftServerImpl (RaftServerImpl.java:setRole(174)) - f0026df0-5652-4d5b-84a4-ec6d3279302c@group-CDF08840069C: changes role from  FOLLOWER to CANDIDATE at term 0 for changeToCandidate
2019-09-25 04:52:27,770 [Thread-805] INFO  impl.RoleInfo (RoleInfo.java:updateAndGet(143)) - f0026df0-5652-4d5b-84a4-ec6d3279302c: start LeaderElection
2019-09-25 04:52:27,775 [Thread-799] INFO  impl.FollowerState (FollowerState.java:run(106)) - 9586c7e2-af3f-487f-89b7-bc8fbed5a611:group-FF18B0D73491 changes to CANDIDATE, lastRpcTime:5158, electionTimeout:5158ms
2019-09-25 04:52:27,775 [Thread-799] INFO  impl.RoleInfo (RoleInfo.java:shutdownFollowerState(121)) - 9586c7e2-af3f-487f-89b7-bc8fbed5a611: shutdown FollowerState
2019-09-25 04:52:27,775 [Thread-799] INFO  impl.RaftServerImpl (RaftServerImpl.java:setRole(174)) - 9586c7e2-af3f-487f-89b7-bc8fbed5a611@group-FF18B0D73491: changes role from  FOLLOWER to CANDIDATE at term 0 for changeToCandidate
2019-09-25 04:52:27,775 [Thread-799] INFO  impl.RoleInfo (RoleInfo.java:updateAndGet(143)) - 9586c7e2-af3f-487f-89b7-bc8fbed5a611: start LeaderElection
2019-09-25 04:52:27,786 [f0026df0-5652-4d5b-84a4-ec6d3279302c@group-CDF08840069C:LeaderElection81] INFO  impl.LeaderElection (LeaderElection.java:askForVotes(182)) - f0026df0-5652-4d5b-84a4-ec6d3279302c@group-CDF08840069C:LeaderElection81: begin an election at term 1 for -1: [f0026df0-5652-4d5b-84a4-ec6d3279302c:192.168.164.207:40753], old=null
2019-09-25 04:52:27,786 [9586c7e2-af3f-487f-89b7-bc8fbed5a611@group-FF18B0D73491:LeaderElection82] INFO  impl.LeaderElection (LeaderElection.java:askForVotes(182)) - 9586c7e2-af3f-487f-89b7-bc8fbed5a611@group-FF18B0D73491:LeaderElection82: begin an election at term 1 for -1: [9586c7e2-af3f-487f-89b7-bc8fbed5a611:192.168.164.207:42132], old=null
2019-09-25 04:52:27,786 [f0026df0-5652-4d5b-84a4-ec6d3279302c@group-CDF08840069C:LeaderElection81] INFO  impl.RoleInfo (RoleInfo.java:shutdownLeaderElection(134)) - f0026df0-5652-4d5b-84a4-ec6d3279302c: shutdown LeaderElection
2019-09-25 04:52:27,787 [9586c7e2-af3f-487f-89b7-bc8fbed5a611@group-FF18B0D73491:LeaderElection82] INFO  impl.RoleInfo (RoleInfo.java:shutdownLeaderElection(134)) - 9586c7e2-af3f-487f-89b7-bc8fbed5a611: shutdown LeaderElection
2019-09-25 04:52:27,787 [f0026df0-5652-4d5b-84a4-ec6d3279302c@group-CDF08840069C:LeaderElection81] INFO  impl.RaftServerImpl (RaftServerImpl.java:setRole(174)) - f0026df0-5652-4d5b-84a4-ec6d3279302c@group-CDF08840069C: changes role from CANDIDATE to LEADER at term 1 for changeToLeader
2019-09-25 04:52:27,787 [9586c7e2-af3f-487f-89b7-bc8fbed5a611@group-FF18B0D73491:LeaderElection82] INFO  impl.RaftServerImpl (RaftServerImpl.java:setRole(174)) - 9586c7e2-af3f-487f-89b7-bc8fbed5a611@group-FF18B0D73491: changes role from CANDIDATE to LEADER at term 1 for changeToLeader
2019-09-25 04:52:27,787 [f0026df0-5652-4d5b-84a4-ec6d3279302c@group-CDF08840069C:LeaderElection81] INFO  impl.RaftServerImpl (ServerState.java:setLeader(253)) - f0026df0-5652-4d5b-84a4-ec6d3279302c@group-CDF08840069C: change Leader from null to f0026df0-5652-4d5b-84a4-ec6d3279302c at term 1 for becomeLeader, leader elected after 5078ms
2019-09-25 04:52:27,787 [9586c7e2-af3f-487f-89b7-bc8fbed5a611@group-FF18B0D73491:LeaderElection82] INFO  impl.RaftServerImpl (ServerState.java:setLeader(253)) - 9586c7e2-af3f-487f-89b7-bc8fbed5a611@group-FF18B0D73491: change Leader from null to 9586c7e2-af3f-487f-89b7-bc8fbed5a611 at term 1 for becomeLeader, leader elected after 5176ms
2019-09-25 04:52:27,787 [f0026df0-5652-4d5b-84a4-ec6d3279302c@group-CDF08840069C:LeaderElection81] INFO  server.RaftServerConfigKeys (ConfUtils.java:logGet(43)) - raft.server.staging.catchup.gap = 1000 (default)
2019-09-25 04:52:27,788 [9586c7e2-af3f-487f-89b7-bc8fbed5a611@group-FF18B0D73491:LeaderElection82] INFO  server.RaftServerConfigKeys (ConfUtils.java:logGet(43)) - raft.server.staging.catchup.gap = 1000 (default)
2019-09-25 04:52:27,788 [f0026df0-5652-4d5b-84a4-ec6d3279302c@group-CDF08840069C:LeaderElection81] INFO  server.RaftServerConfigKeys (ConfUtils.java:logGet(43)) - raft.server.rpc.sleep.time = 25ms (default)
2019-09-25 04:52:27,788 [9586c7e2-af3f-487f-89b7-bc8fbed5a611@group-FF18B0D73491:LeaderElection82] INFO  server.RaftServerConfigKeys (ConfUtils.java:logGet(43)) - raft.server.rpc.sleep.time = 25ms (default)
2019-09-25 04:52:27,788 [f0026df0-5652-4d5b-84a4-ec6d3279302c@group-CDF08840069C:LeaderElection81] INFO  server.RaftServerConfigKeys (ConfUtils.java:logGet(43)) - raft.server.write.element-limit = 4096 (default)
2019-09-25 04:52:27,788 [9586c7e2-af3f-487f-89b7-bc8fbed5a611@group-FF18B0D73491:LeaderElection82] INFO  server.RaftServerConfigKeys (ConfUtils.java:logGet(43)) - raft.server.write.element-limit = 4096 (default)
2019-09-25 04:52:27,788 [f0026df0-5652-4d5b-84a4-ec6d3279302c@group-CDF08840069C:LeaderElection81] INFO  server.RaftServerConfigKeys (ConfUtils.java:logGet(43)) - raft.server.watch.timeout = 10s (default)
2019-09-25 04:52:27,789 [9586c7e2-af3f-487f-89b7-bc8fbed5a611@group-FF18B0D73491:LeaderElection82] INFO  server.RaftServerConfigKeys (ConfUtils.java:logGet(43)) - raft.server.watch.timeout = 10s (default)
2019-09-25 04:52:27,789 [f0026df0-5652-4d5b-84a4-ec6d3279302c@group-CDF08840069C:LeaderElection81] INFO  server.RaftServerConfigKeys (ConfUtils.java:logGet(43)) - raft.server.watch.timeout.denomination = 1s (default)
2019-09-25 04:52:27,789 [9586c7e2-af3f-487f-89b7-bc8fbed5a611@group-FF18B0D73491:LeaderElection82] INFO  server.RaftServerConfigKeys (ConfUtils.java:logGet(43)) - raft.server.watch.timeout.denomination = 1s (default)
2019-09-25 04:52:27,789 [f0026df0-5652-4d5b-84a4-ec6d3279302c@group-CDF08840069C:LeaderElection81] INFO  server.RaftServerConfigKeys (ConfUtils.java:logGet(43)) - raft.server.watch.element-limit = 65536 (default)
2019-09-25 04:52:27,789 [9586c7e2-af3f-487f-89b7-bc8fbed5a611@group-FF18B0D73491:LeaderElection82] INFO  server.RaftServerConfigKeys (ConfUtils.java:logGet(43)) - raft.server.watch.element-limit = 65536 (default)
2019-09-25 04:52:27,792 [f0026df0-5652-4d5b-84a4-ec6d3279302c@group-CDF08840069C:LeaderElection81] INFO  impl.RoleInfo (RoleInfo.java:updateAndGet(143)) - f0026df0-5652-4d5b-84a4-ec6d3279302c: start LeaderState
2019-09-25 04:52:27,792 [9586c7e2-af3f-487f-89b7-bc8fbed5a611@group-FF18B0D73491:LeaderElection82] INFO  impl.RoleInfo (RoleInfo.java:updateAndGet(143)) - 9586c7e2-af3f-487f-89b7-bc8fbed5a611: start LeaderState
2019-09-25 04:52:27,793 [f0026df0-5652-4d5b-84a4-ec6d3279302c@group-CDF08840069C:LeaderElection81] INFO  segmented.SegmentedRaftLogWorker (SegmentedRaftLogWorker.java:startLogSegment(380)) - f0026df0-5652-4d5b-84a4-ec6d3279302c@group-CDF08840069C-SegmentedRaftLogWorker: Starting segment from index:0
2019-09-25 04:52:27,793 [9586c7e2-af3f-487f-89b7-bc8fbed5a611@group-FF18B0D73491:LeaderElection82] INFO  segmented.SegmentedRaftLogWorker (SegmentedRaftLogWorker.java:startLogSegment(380)) - 9586c7e2-af3f-487f-89b7-bc8fbed5a611@group-FF18B0D73491-SegmentedRaftLogWorker: Starting segment from index:0
2019-09-25 04:52:27,793 [f0026df0-5652-4d5b-84a4-ec6d3279302c@group-CDF08840069C:LeaderElection81] INFO  impl.RaftServerImpl (ServerState.java:setRaftConf(354)) - f0026df0-5652-4d5b-84a4-ec6d3279302c@group-CDF08840069C: set configuration 0: [f0026df0-5652-4d5b-84a4-ec6d3279302c:192.168.164.207:40753], old=null at 0
2019-09-25 04:52:27,793 [9586c7e2-af3f-487f-89b7-bc8fbed5a611@group-FF18B0D73491:LeaderElection82] INFO  impl.RaftServerImpl (ServerState.java:setRaftConf(354)) - 9586c7e2-af3f-487f-89b7-bc8fbed5a611@group-FF18B0D73491: set configuration 0: [9586c7e2-af3f-487f-89b7-bc8fbed5a611:192.168.164.207:42132], old=null at 0
2019-09-25 04:52:27,836 [f0026df0-5652-4d5b-84a4-ec6d3279302c@group-CDF08840069C-SegmentedRaftLogWorker] INFO  segmented.SegmentedRaftLogWorker (SegmentedRaftLogWorker.java:execute(569)) - f0026df0-5652-4d5b-84a4-ec6d3279302c@group-CDF08840069C-SegmentedRaftLogWorker: created new log segment /workdir/hadoop-ozone/integration-test/target/test-dir/MiniOzoneClusterImpl-d3c81739-79da-4dbe-9ced-b164d958c5b5/datanode-6/data/ratis/6b45ad3b-18da-4302-8fd1-cdf08840069c/current/log_inprogress_0
2019-09-25 04:52:27,836 [9586c7e2-af3f-487f-89b7-bc8fbed5a611@group-FF18B0D73491-SegmentedRaftLogWorker] INFO  segmented.SegmentedRaftLogWorker (SegmentedRaftLogWorker.java:execute(569)) - 9586c7e2-af3f-487f-89b7-bc8fbed5a611@group-FF18B0D73491-SegmentedRaftLogWorker: created new log segment /workdir/hadoop-ozone/integration-test/target/test-dir/MiniOzoneClusterImpl-d3c81739-79da-4dbe-9ced-b164d958c5b5/datanode-5/data/ratis/f846d48c-fd15-4263-804b-ff18b0d73491/current/log_inprogress_0
2019-09-25 04:52:27,893 [main] INFO  ozoneimpl.OzoneContainer (OzoneContainer.java:stop(231)) - Attempting to stop container services.
2019-09-25 04:52:27,894 [ForkJoinPool.commonPool-worker-1] INFO  ozoneimpl.OzoneContainer (OzoneContainer.java:stop(231)) - Attempting to stop container services.
2019-09-25 04:52:27,894 [main] INFO  impl.RaftServerProxy (RaftServerProxy.java:lambda$close$4(314)) - 94bde7ca-9af4-4c06-8221-a867c8f279fc: close
2019-09-25 04:52:27,894 [ForkJoinPool.commonPool-worker-1] INFO  impl.RaftServerProxy (RaftServerProxy.java:lambda$close$4(314)) - bcc74fd2-3a06-4539-867d-223a418d820d: close
2019-09-25 04:52:27,894 [main] INFO  impl.RaftServerImpl (RaftServerImpl.java:lambda$shutdown$3(251)) - 94bde7ca-9af4-4c06-8221-a867c8f279fc@group-C757014BABA6: shutdown
2019-09-25 04:52:27,895 [ForkJoinPool.commonPool-worker-1] INFO  impl.RaftServerImpl (RaftServerImpl.java:lambda$shutdown$3(251)) - bcc74fd2-3a06-4539-867d-223a418d820d@group-548AD675E1D7: shutdown
2019-09-25 04:52:27,895 [main] INFO  util.JmxRegister (JmxRegister.java:unregister(73)) - Successfully un-registered JMX Bean with object name Ratis:service=RaftServer,group=group-C757014BABA6,id=94bde7ca-9af4-4c06-8221-a867c8f279fc
2019-09-25 04:52:27,895 [ForkJoinPool.commonPool-worker-1] INFO  util.JmxRegister (JmxRegister.java:unregister(73)) - Successfully un-registered JMX Bean with object name Ratis:service=RaftServer,group=group-548AD675E1D7,id=bcc74fd2-3a06-4539-867d-223a418d820d
2019-09-25 04:52:27,896 [main] INFO  impl.RoleInfo (RoleInfo.java:shutdownLeaderState(104)) - 94bde7ca-9af4-4c06-8221-a867c8f279fc: shutdown LeaderState
2019-09-25 04:52:27,896 [ForkJoinPool.commonPool-worker-1] INFO  impl.RoleInfo (RoleInfo.java:shutdownLeaderState(104)) - bcc74fd2-3a06-4539-867d-223a418d820d: shutdown LeaderState
2019-09-25 04:52:27,896 [main] INFO  impl.PendingRequests (PendingRequests.java:sendNotLeaderResponses(202)) - 94bde7ca-9af4-4c06-8221-a867c8f279fc-PendingRequests: sendNotLeaderResponses
2019-09-25 04:52:27,897 [ForkJoinPool.commonPool-worker-1] INFO  impl.PendingRequests (PendingRequests.java:sendNotLeaderResponses(202)) - bcc74fd2-3a06-4539-867d-223a418d820d-PendingRequests: sendNotLeaderResponses
2019-09-25 04:52:27,897 [main] INFO  impl.StateMachineUpdater (StateMachineUpdater.java:stopAndJoin(125)) - 94bde7ca-9af4-4c06-8221-a867c8f279fc@group-C757014BABA6-StateMachineUpdater: set stopIndex = 0
2019-09-25 04:52:27,898 [ForkJoinPool.commonPool-worker-1] INFO  impl.StateMachineUpdater (StateMachineUpdater.java:stopAndJoin(125)) - bcc74fd2-3a06-4539-867d-223a418d820d@group-548AD675E1D7-StateMachineUpdater: set stopIndex = 0
2019-09-25 04:52:27,898 [main] INFO  impl.RaftServerImpl (ServerState.java:close(385)) - 94bde7ca-9af4-4c06-8221-a867c8f279fc@group-C757014BABA6: closes. applyIndex: 0
2019-09-25 04:52:27,898 [ForkJoinPool.commonPool-worker-1] INFO  impl.RaftServerImpl (ServerState.java:close(385)) - bcc74fd2-3a06-4539-867d-223a418d820d@group-548AD675E1D7: closes. applyIndex: 0
2019-09-25 04:52:27,899 [94bde7ca-9af4-4c06-8221-a867c8f279fc@group-C757014BABA6-SegmentedRaftLogWorker] INFO  segmented.SegmentedRaftLogWorker (SegmentedRaftLogWorker.java:run(313)) - 94bde7ca-9af4-4c06-8221-a867c8f279fc@group-C757014BABA6-SegmentedRaftLogWorker was interrupted, exiting. There are 0 tasks remaining in the queue.
2019-09-25 04:52:27,899 [bcc74fd2-3a06-4539-867d-223a418d820d@group-548AD675E1D7-SegmentedRaftLogWorker] INFO  segmented.SegmentedRaftLogWorker (SegmentedRaftLogWorker.java:run(313)) - bcc74fd2-3a06-4539-867d-223a418d820d@group-548AD675E1D7-SegmentedRaftLogWorker was interrupted, exiting. There are 0 tasks remaining in the queue.
2019-09-25 04:52:27,904 [main] INFO  segmented.SegmentedRaftLogWorker (SegmentedRaftLogWorker.java:close(228)) - 94bde7ca-9af4-4c06-8221-a867c8f279fc@group-C757014BABA6-SegmentedRaftLogWorker close()
2019-09-25 04:52:27,907 [ForkJoinPool.commonPool-worker-1] INFO  segmented.SegmentedRaftLogWorker (SegmentedRaftLogWorker.java:close(228)) - bcc74fd2-3a06-4539-867d-223a418d820d@group-548AD675E1D7-SegmentedRaftLogWorker close()
2019-09-25 04:52:27,913 [main] INFO  impl.RaftServerImpl (RaftServerImpl.java:lambda$shutdown$3(251)) - 94bde7ca-9af4-4c06-8221-a867c8f279fc@group-D01A1DC6F2E1: shutdown
2019-09-25 04:52:27,918 [ForkJoinPool.commonPool-worker-1] INFO  impl.RaftServerImpl (RaftServerImpl.java:lambda$shutdown$3(251)) - bcc74fd2-3a06-4539-867d-223a418d820d@group-E6CCF60E0BCE: shutdown
2019-09-25 04:52:27,918 [main] INFO  util.JmxRegister (JmxRegister.java:unregister(73)) - Successfully un-registered JMX Bean with object name Ratis:service=RaftServer,group=group-D01A1DC6F2E1,id=94bde7ca-9af4-4c06-8221-a867c8f279fc
2019-09-25 04:52:27,919 [main] INFO  impl.RoleInfo (RoleInfo.java:shutdownLeaderState(104)) - 94bde7ca-9af4-4c06-8221-a867c8f279fc: shutdown LeaderState
2019-09-25 04:52:27,919 [ForkJoinPool.commonPool-worker-1] INFO  util.JmxRegister (JmxRegister.java:unregister(73)) - Successfully un-registered JMX Bean with object name Ratis:service=RaftServer,group=group-E6CCF60E0BCE,id=bcc74fd2-3a06-4539-867d-223a418d820d
2019-09-25 04:52:27,919 [main] INFO  impl.PendingRequests (PendingRequests.java:sendNotLeaderResponses(202)) - 94bde7ca-9af4-4c06-8221-a867c8f279fc-PendingRequests: sendNotLeaderResponses
2019-09-25 04:52:27,920 [ForkJoinPool.commonPool-worker-1] INFO  impl.RoleInfo (RoleInfo.java:shutdownLeaderState(104)) - bcc74fd2-3a06-4539-867d-223a418d820d: shutdown LeaderState
2019-09-25 04:52:27,920 [main] INFO  impl.StateMachineUpdater (StateMachineUpdater.java:stopAndJoin(125)) - 94bde7ca-9af4-4c06-8221-a867c8f279fc@group-D01A1DC6F2E1-StateMachineUpdater: set stopIndex = 0
2019-09-25 04:52:27,920 [ForkJoinPool.commonPool-worker-1] INFO  impl.PendingRequests (PendingRequests.java:sendNotLeaderResponses(202)) - bcc74fd2-3a06-4539-867d-223a418d820d-PendingRequests: sendNotLeaderResponses
2019-09-25 04:52:27,921 [main] INFO  impl.RaftServerImpl (ServerState.java:close(385)) - 94bde7ca-9af4-4c06-8221-a867c8f279fc@group-D01A1DC6F2E1: closes. applyIndex: 0
2019-09-25 04:52:27,921 [ForkJoinPool.commonPool-worker-1] INFO  impl.StateMachineUpdater (StateMachineUpdater.java:stopAndJoin(125)) - bcc74fd2-3a06-4539-867d-223a418d820d@group-E6CCF60E0BCE-StateMachineUpdater: set stopIndex = 0
2019-09-25 04:52:27,922 [ForkJoinPool.commonPool-worker-1] INFO  impl.RaftServerImpl (ServerState.java:close(385)) - bcc74fd2-3a06-4539-867d-223a418d820d@group-E6CCF60E0BCE: closes. applyIndex: 0
2019-09-25 04:52:27,921 [94bde7ca-9af4-4c06-8221-a867c8f279fc@group-D01A1DC6F2E1-SegmentedRaftLogWorker] INFO  segmented.SegmentedRaftLogWorker (SegmentedRaftLogWorker.java:run(313)) - 94bde7ca-9af4-4c06-8221-a867c8f279fc@group-D01A1DC6F2E1-SegmentedRaftLogWorker was interrupted, exiting. There are 0 tasks remaining in the queue.
2019-09-25 04:52:27,922 [bcc74fd2-3a06-4539-867d-223a418d820d@group-E6CCF60E0BCE-SegmentedRaftLogWorker] INFO  segmented.SegmentedRaftLogWorker (SegmentedRaftLogWorker.java:run(313)) - bcc74fd2-3a06-4539-867d-223a418d820d@group-E6CCF60E0BCE-SegmentedRaftLogWorker was interrupted, exiting. There are 0 tasks remaining in the queue.
2019-09-25 04:52:27,925 [main] INFO  segmented.SegmentedRaftLogWorker (SegmentedRaftLogWorker.java:close(228)) - 94bde7ca-9af4-4c06-8221-a867c8f279fc@group-D01A1DC6F2E1-SegmentedRaftLogWorker close()
2019-09-25 04:52:27,929 [ForkJoinPool.commonPool-worker-1] INFO  segmented.SegmentedRaftLogWorker (SegmentedRaftLogWorker.java:close(228)) - bcc74fd2-3a06-4539-867d-223a418d820d@group-E6CCF60E0BCE-SegmentedRaftLogWorker close()
2019-09-25 04:52:27,935 [main] INFO  impl.RaftServerImpl (RaftServerImpl.java:lambda$shutdown$3(251)) - 94bde7ca-9af4-4c06-8221-a867c8f279fc@group-FBA11D64C91A: shutdown
2019-09-25 04:52:27,941 [ForkJoinPool.commonPool-worker-1] INFO  impl.RaftServerImpl (RaftServerImpl.java:lambda$shutdown$3(251)) - bcc74fd2-3a06-4539-867d-223a418d820d@group-13776BD82677: shutdown
2019-09-25 04:52:27,941 [main] INFO  util.JmxRegister (JmxRegister.java:unregister(73)) - Successfully un-registered JMX Bean with object name Ratis:service=RaftServer,group=group-FBA11D64C91A,id=94bde7ca-9af4-4c06-8221-a867c8f279fc
2019-09-25 04:52:27,941 [ForkJoinPool.commonPool-worker-1] INFO  util.JmxRegister (JmxRegister.java:unregister(73)) - Successfully un-registered JMX Bean with object name Ratis:service=RaftServer,group=group-13776BD82677,id=bcc74fd2-3a06-4539-867d-223a418d820d
2019-09-25 04:52:27,942 [ForkJoinPool.commonPool-worker-1] INFO  impl.RoleInfo (RoleInfo.java:shutdownLeaderState(104)) - bcc74fd2-3a06-4539-867d-223a418d820d: shutdown LeaderState
2019-09-25 04:52:27,942 [main] INFO  impl.RoleInfo (RoleInfo.java:shutdownLeaderState(104)) - 94bde7ca-9af4-4c06-8221-a867c8f279fc: shutdown LeaderState
2019-09-25 04:52:27,943 [Thread-808] INFO  impl.FollowerState (FollowerState.java:run(106)) - f0026df0-5652-4d5b-84a4-ec6d3279302c:group-323F57BC2C45 changes to CANDIDATE, lastRpcTime:5182, electionTimeout:5182ms
2019-09-25 04:52:27,942 [ForkJoinPool.commonPool-worker-1] INFO  impl.PendingRequests (PendingRequests.java:sendNotLeaderResponses(202)) - bcc74fd2-3a06-4539-867d-223a418d820d-PendingRequests: sendNotLeaderResponses
2019-09-25 04:52:27,943 [Thread-808] INFO  impl.RoleInfo (RoleInfo.java:shutdownFollowerState(121)) - f0026df0-5652-4d5b-84a4-ec6d3279302c: shutdown FollowerState
2019-09-25 04:52:27,943 [main] INFO  impl.PendingRequests (PendingRequests.java:sendNotLeaderResponses(202)) - 94bde7ca-9af4-4c06-8221-a867c8f279fc-PendingRequests: sendNotLeaderResponses
2019-09-25 04:52:27,943 [Thread-808] INFO  impl.RaftServerImpl (RaftServerImpl.java:setRole(174)) - f0026df0-5652-4d5b-84a4-ec6d3279302c@group-323F57BC2C45: changes role from  FOLLOWER to CANDIDATE at term 0 for changeToCandidate
2019-09-25 04:52:27,943 [ForkJoinPool.commonPool-worker-1] INFO  impl.StateMachineUpdater (StateMachineUpdater.java:stopAndJoin(125)) - bcc74fd2-3a06-4539-867d-223a418d820d@group-13776BD82677-StateMachineUpdater: set stopIndex = 0
2019-09-25 04:52:27,944 [Thread-808] INFO  impl.RoleInfo (RoleInfo.java:updateAndGet(143)) - f0026df0-5652-4d5b-84a4-ec6d3279302c: start LeaderElection
2019-09-25 04:52:27,944 [main] INFO  impl.StateMachineUpdater (StateMachineUpdater.java:stopAndJoin(125)) - 94bde7ca-9af4-4c06-8221-a867c8f279fc@group-FBA11D64C91A-StateMachineUpdater: set stopIndex = 0
2019-09-25 04:52:27,945 [Thread-811] INFO  impl.FollowerState (FollowerState.java:run(106)) - f0026df0-5652-4d5b-84a4-ec6d3279302c:group-C05106C75EAC changes to CANDIDATE, lastRpcTime:5152, electionTimeout:5152ms
2019-09-25 04:52:27,945 [main] INFO  impl.RaftServerImpl (ServerState.java:close(385)) - 94bde7ca-9af4-4c06-8221-a867c8f279fc@group-FBA11D64C91A: closes. applyIndex: 0
2019-09-25 04:52:27,944 [ForkJoinPool.commonPool-worker-1] INFO  impl.RaftServerImpl (ServerState.java:close(385)) - bcc74fd2-3a06-4539-867d-223a418d820d@group-13776BD82677: closes. applyIndex: 0
2019-09-25 04:52:27,946 [94bde7ca-9af4-4c06-8221-a867c8f279fc@group-FBA11D64C91A-SegmentedRaftLogWorker] INFO  segmented.SegmentedRaftLogWorker (SegmentedRaftLogWorker.java:run(313)) - 94bde7ca-9af4-4c06-8221-a867c8f279fc@group-FBA11D64C91A-SegmentedRaftLogWorker was interrupted, exiting. There are 0 tasks remaining in the queue.
2019-09-25 04:52:27,945 [Thread-811] INFO  impl.RoleInfo (RoleInfo.java:shutdownFollowerState(121)) - f0026df0-5652-4d5b-84a4-ec6d3279302c: shutdown FollowerState
2019-09-25 04:52:27,946 [bcc74fd2-3a06-4539-867d-223a418d820d@group-13776BD82677-SegmentedRaftLogWorker] INFO  segmented.SegmentedRaftLogWorker (SegmentedRaftLogWorker.java:run(313)) - bcc74fd2-3a06-4539-867d-223a418d820d@group-13776BD82677-SegmentedRaftLogWorker was interrupted, exiting. There are 0 tasks remaining in the queue.
2019-09-25 04:52:27,949 [main] INFO  segmented.SegmentedRaftLogWorker (SegmentedRaftLogWorker.java:close(228)) - 94bde7ca-9af4-4c06-8221-a867c8f279fc@group-FBA11D64C91A-SegmentedRaftLogWorker close()
2019-09-25 04:52:27,949 [Thread-811] INFO  impl.RaftServerImpl (RaftServerImpl.java:setRole(174)) - f0026df0-5652-4d5b-84a4-ec6d3279302c@group-C05106C75EAC: changes role from  FOLLOWER to CANDIDATE at term 0 for changeToCandidate
2019-09-25 04:52:27,958 [main] INFO  impl.RaftServerImpl (RaftServerImpl.java:lambda$shutdown$3(251)) - 94bde7ca-9af4-4c06-8221-a867c8f279fc@group-41A83F50CFA8: shutdown
2019-09-25 04:52:27,952 [ForkJoinPool.commonPool-worker-1] INFO  segmented.SegmentedRaftLogWorker (SegmentedRaftLogWorker.java:close(228)) - bcc74fd2-3a06-4539-867d-223a418d820d@group-13776BD82677-SegmentedRaftLogWorker close()
2019-09-25 04:52:27,958 [main] INFO  util.JmxRegister (JmxRegister.java:unregister(73)) - Successfully un-registered JMX Bean with object name Ratis:service=RaftServer,group=group-41A83F50CFA8,id=94bde7ca-9af4-4c06-8221-a867c8f279fc
2019-09-25 04:52:27,958 [Thread-811] INFO  impl.RoleInfo (RoleInfo.java:updateAndGet(143)) - f0026df0-5652-4d5b-84a4-ec6d3279302c: start LeaderElection
2019-09-25 04:52:27,964 [main] INFO  impl.RoleInfo (RoleInfo.java:shutdownLeaderState(104)) - 94bde7ca-9af4-4c06-8221-a867c8f279fc: shutdown LeaderState
2019-09-25 04:52:27,964 [f0026df0-5652-4d5b-84a4-ec6d3279302c@group-323F57BC2C45:LeaderElection83] INFO  impl.LeaderElection (LeaderElection.java:askForVotes(182)) - f0026df0-5652-4d5b-84a4-ec6d3279302c@group-323F57BC2C45:LeaderElection83: begin an election at term 1 for -1: [f0026df0-5652-4d5b-84a4-ec6d3279302c:192.168.164.207:40753], old=null
2019-09-25 04:52:27,964 [ForkJoinPool.commonPool-worker-1] INFO  impl.RaftServerImpl (RaftServerImpl.java:lambda$shutdown$3(251)) - bcc74fd2-3a06-4539-867d-223a418d820d@group-90C519C54EA4: shutdown
2019-09-25 04:52:27,965 [f0026df0-5652-4d5b-84a4-ec6d3279302c@group-323F57BC2C45:LeaderElection83] INFO  impl.RoleInfo (RoleInfo.java:shutdownLeaderElection(134)) - f0026df0-5652-4d5b-84a4-ec6d3279302c: shutdown LeaderElection
2019-09-25 04:52:27,965 [main] INFO  impl.PendingRequests (PendingRequests.java:sendNotLeaderResponses(202)) - 94bde7ca-9af4-4c06-8221-a867c8f279fc-PendingRequests: sendNotLeaderResponses
2019-09-25 04:52:27,965 [f0026df0-5652-4d5b-84a4-ec6d3279302c@group-323F57BC2C45:LeaderElection83] INFO  impl.RaftServerImpl (RaftServerImpl.java:setRole(174)) - f0026df0-5652-4d5b-84a4-ec6d3279302c@group-323F57BC2C45: changes role from CANDIDATE to LEADER at term 1 for changeToLeader
2019-09-25 04:52:27,965 [ForkJoinPool.commonPool-worker-1] INFO  util.JmxRegister (JmxRegister.java:unregister(73)) - Successfully un-registered JMX Bean with object name Ratis:service=RaftServer,group=group-90C519C54EA4,id=bcc74fd2-3a06-4539-867d-223a418d820d
2019-09-25 04:52:27,966 [main] INFO  impl.StateMachineUpdater (StateMachineUpdater.java:stopAndJoin(125)) - 94bde7ca-9af4-4c06-8221-a867c8f279fc@group-41A83F50CFA8-StateMachineUpdater: set stopIndex = 0
2019-09-25 04:52:27,966 [f0026df0-5652-4d5b-84a4-ec6d3279302c@group-323F57BC2C45:LeaderElection83] INFO  impl.RaftServerImpl (ServerState.java:setLeader(253)) - f0026df0-5652-4d5b-84a4-ec6d3279302c@group-323F57BC2C45: change Leader from null to f0026df0-5652-4d5b-84a4-ec6d3279302c at term 1 for becomeLeader, leader elected after 5211ms
2019-09-25 04:52:27,966 [main] INFO  impl.RaftServerImpl (ServerState.java:close(385)) - 94bde7ca-9af4-4c06-8221-a867c8f279fc@group-41A83F50CFA8: closes. applyIndex: 0
2019-09-25 04:52:27,966 [ForkJoinPool.commonPool-worker-1] INFO  impl.RoleInfo (RoleInfo.java:shutdownLeaderState(104)) - bcc74fd2-3a06-4539-867d-223a418d820d: shutdown LeaderState
2019-09-25 04:52:27,967 [94bde7ca-9af4-4c06-8221-a867c8f279fc@group-41A83F50CFA8-SegmentedRaftLogWorker] INFO  segmented.SegmentedRaftLogWorker (SegmentedRaftLogWorker.java:run(313)) - 94bde7ca-9af4-4c06-8221-a867c8f279fc@group-41A83F50CFA8-SegmentedRaftLogWorker was interrupted, exiting. There are 0 tasks remaining in the queue.
2019-09-25 04:52:27,967 [f0026df0-5652-4d5b-84a4-ec6d3279302c@group-323F57BC2C45:LeaderElection83] INFO  server.RaftServerConfigKeys (ConfUtils.java:logGet(43)) - raft.server.staging.catchup.gap = 1000 (default)
2019-09-25 04:52:27,970 [main] INFO  segmented.SegmentedRaftLogWorker (SegmentedRaftLogWorker.java:close(228)) - 94bde7ca-9af4-4c06-8221-a867c8f279fc@group-41A83F50CFA8-SegmentedRaftLogWorker close()
2019-09-25 04:52:27,967 [ForkJoinPool.commonPool-worker-1] INFO  impl.PendingRequests (PendingRequests.java:sendNotLeaderResponses(202)) - bcc74fd2-3a06-4539-867d-223a418d820d-PendingRequests: sendNotLeaderResponses
2019-09-25 04:52:27,975 [main] INFO  impl.RaftServerImpl (RaftServerImpl.java:lambda$shutdown$3(251)) - 94bde7ca-9af4-4c06-8221-a867c8f279fc@group-8C114D82085D: shutdown
2019-09-25 04:52:27,976 [main] INFO  util.JmxRegister (JmxRegister.java:unregister(73)) - Successfully un-registered JMX Bean with object name Ratis:service=RaftServer,group=group-8C114D82085D,id=94bde7ca-9af4-4c06-8221-a867c8f279fc
2019-09-25 04:52:27,976 [main] INFO  impl.RoleInfo (RoleInfo.java:shutdownLeaderState(104)) - 94bde7ca-9af4-4c06-8221-a867c8f279fc: shutdown LeaderState
2019-09-25 04:52:27,970 [f0026df0-5652-4d5b-84a4-ec6d3279302c@group-323F57BC2C45:LeaderElection83] INFO  server.RaftServerConfigKeys (ConfUtils.java:logGet(43)) - raft.server.rpc.sleep.time = 25ms (default)
2019-09-25 04:52:27,977 [main] INFO  impl.PendingRequests (PendingRequests.java:sendNotLeaderResponses(202)) - 94bde7ca-9af4-4c06-8221-a867c8f279fc-PendingRequests: sendNotLeaderResponses
2019-09-25 04:52:27,976 [ForkJoinPool.commonPool-worker-1] INFO  impl.StateMachineUpdater (StateMachineUpdater.java:stopAndJoin(125)) - bcc74fd2-3a06-4539-867d-223a418d820d@group-90C519C54EA4-StateMachineUpdater: set stopIndex = 0
2019-09-25 04:52:27,977 [main] INFO  impl.StateMachineUpdater (StateMachineUpdater.java:stopAndJoin(125)) - 94bde7ca-9af4-4c06-8221-a867c8f279fc@group-8C114D82085D-StateMachineUpdater: set stopIndex = 0
2019-09-25 04:52:27,978 [main] INFO  impl.RaftServerImpl (ServerState.java:close(385)) - 94bde7ca-9af4-4c06-8221-a867c8f279fc@group-8C114D82085D: closes. applyIndex: 0
2019-09-25 04:52:27,977 [f0026df0-5652-4d5b-84a4-ec6d3279302c@group-323F57BC2C45:LeaderElection83] INFO  server.RaftServerConfigKeys (ConfUtils.java:logGet(43)) - raft.server.write.element-limit = 4096 (default)
2019-09-25 04:52:27,978 [94bde7ca-9af4-4c06-8221-a867c8f279fc@group-8C114D82085D-SegmentedRaftLogWorker] INFO  segmented.SegmentedRaftLogWorker (SegmentedRaftLogWorker.java:run(313)) - 94bde7ca-9af4-4c06-8221-a867c8f279fc@group-8C114D82085D-SegmentedRaftLogWorker was interrupted, exiting. There are 0 tasks remaining in the queue.
2019-09-25 04:52:27,977 [ForkJoinPool.commonPool-worker-1] INFO  impl.RaftServerImpl (ServerState.java:close(385)) - bcc74fd2-3a06-4539-867d-223a418d820d@group-90C519C54EA4: closes. applyIndex: 0
2019-09-25 04:52:27,981 [f0026df0-5652-4d5b-84a4-ec6d3279302c@group-C05106C75EAC:LeaderElection84] INFO  impl.LeaderElection (LeaderElection.java:askForVotes(182)) - f0026df0-5652-4d5b-84a4-ec6d3279302c@group-C05106C75EAC:LeaderElection84: begin an election at term 1 for -1: [f0026df0-5652-4d5b-84a4-ec6d3279302c:192.168.164.207:40753], old=null
2019-09-25 04:52:27,981 [main] INFO  segmented.SegmentedRaftLogWorker (SegmentedRaftLogWorker.java:close(228)) - 94bde7ca-9af4-4c06-8221-a867c8f279fc@group-8C114D82085D-SegmentedRaftLogWorker close()
2019-09-25 04:52:27,978 [f0026df0-5652-4d5b-84a4-ec6d3279302c@group-323F57BC2C45:LeaderElection83] INFO  server.RaftServerConfigKeys (ConfUtils.java:logGet(43)) - raft.server.watch.timeout = 10s (default)
2019-09-25 04:52:27,987 [main] INFO  impl.RaftServerImpl (RaftServerImpl.java:lambda$shutdown$3(251)) - 94bde7ca-9af4-4c06-8221-a867c8f279fc@group-4F97C1190BE8: shutdown
2019-09-25 04:52:27,981 [f0026df0-5652-4d5b-84a4-ec6d3279302c@group-C05106C75EAC:LeaderElection84] INFO  impl.RoleInfo (RoleInfo.java:shutdownLeaderElection(134)) - f0026df0-5652-4d5b-84a4-ec6d3279302c: shutdown LeaderElection
2019-09-25 04:52:27,987 [f0026df0-5652-4d5b-84a4-ec6d3279302c@group-C05106C75EAC:LeaderElection84] INFO  impl.RaftServerImpl (RaftServerImpl.java:setRole(174)) - f0026df0-5652-4d5b-84a4-ec6d3279302c@group-C05106C75EAC: changes role from CANDIDATE to LEADER at term 1 for changeToLeader
2019-09-25 04:52:27,981 [bcc74fd2-3a06-4539-867d-223a418d820d@group-90C519C54EA4-SegmentedRaftLogWorker] INFO  segmented.SegmentedRaftLogWorker (SegmentedRaftLogWorker.java:run(313)) - bcc74fd2-3a06-4539-867d-223a418d820d@group-90C519C54EA4-SegmentedRaftLogWorker was interrupted, exiting. There are 0 tasks remaining in the queue.
2019-09-25 04:52:27,987 [f0026df0-5652-4d5b-84a4-ec6d3279302c@group-C05106C75EAC:LeaderElection84] INFO  impl.RaftServerImpl (ServerState.java:setLeader(253)) - f0026df0-5652-4d5b-84a4-ec6d3279302c@group-C05106C75EAC: change Leader from null to f0026df0-5652-4d5b-84a4-ec6d3279302c at term 1 for becomeLeader, leader elected after 5200ms
2019-09-25 04:52:27,987 [main] INFO  util.JmxRegister (JmxRegister.java:unregister(73)) - Successfully un-registered JMX Bean with object name Ratis:service=RaftServer,group=group-4F97C1190BE8,id=94bde7ca-9af4-4c06-8221-a867c8f279fc
2019-09-25 04:52:27,990 [main] INFO  impl.RoleInfo (RoleInfo.java:shutdownLeaderState(104)) - 94bde7ca-9af4-4c06-8221-a867c8f279fc: shutdown LeaderState
2019-09-25 04:52:27,987 [f0026df0-5652-4d5b-84a4-ec6d3279302c@group-323F57BC2C45:LeaderElection83] INFO  server.RaftServerConfigKeys (ConfUtils.java:logGet(43)) - raft.server.watch.timeout.denomination = 1s (default)
2019-09-25 04:52:27,991 [main] INFO  impl.PendingRequests (PendingRequests.java:sendNotLeaderResponses(202)) - 94bde7ca-9af4-4c06-8221-a867c8f279fc-PendingRequests: sendNotLeaderResponses
2019-09-25 04:52:27,990 [ForkJoinPool.commonPool-worker-1] INFO  segmented.SegmentedRaftLogWorker (SegmentedRaftLogWorker.java:close(228)) - bcc74fd2-3a06-4539-867d-223a418d820d@group-90C519C54EA4-SegmentedRaftLogWorker close()
2019-09-25 04:52:27,990 [f0026df0-5652-4d5b-84a4-ec6d3279302c@group-C05106C75EAC:LeaderElection84] INFO  server.RaftServerConfigKeys (ConfUtils.java:logGet(43)) - raft.server.staging.catchup.gap = 1000 (default)
2019-09-25 04:52:27,996 [ForkJoinPool.commonPool-worker-1] INFO  impl.RaftServerImpl (RaftServerImpl.java:lambda$shutdown$3(251)) - bcc74fd2-3a06-4539-867d-223a418d820d@group-0830B4390C68: shutdown
2019-09-25 04:52:27,991 [main] INFO  impl.StateMachineUpdater (StateMachineUpdater.java:stopAndJoin(125)) - 94bde7ca-9af4-4c06-8221-a867c8f279fc@group-4F97C1190BE8-StateMachineUpdater: set stopIndex = 0
2019-09-25 04:52:27,996 [main] INFO  impl.RaftServerImpl (ServerState.java:close(385)) - 94bde7ca-9af4-4c06-8221-a867c8f279fc@group-4F97C1190BE8: closes. applyIndex: 0
2019-09-25 04:52:27,991 [f0026df0-5652-4d5b-84a4-ec6d3279302c@group-323F57BC2C45:LeaderElection83] INFO  server.RaftServerConfigKeys (ConfUtils.java:logGet(43)) - raft.server.watch.element-limit = 65536 (default)
2019-09-25 04:52:27,997 [94bde7ca-9af4-4c06-8221-a867c8f279fc@group-4F97C1190BE8-SegmentedRaftLogWorker] INFO  segmented.SegmentedRaftLogWorker (SegmentedRaftLogWorker.java:run(313)) - 94bde7ca-9af4-4c06-8221-a867c8f279fc@group-4F97C1190BE8-SegmentedRaftLogWorker was interrupted, exiting. There are 0 tasks remaining in the queue.
2019-09-25 04:52:27,996 [ForkJoinPool.commonPool-worker-1] INFO  util.JmxRegister (JmxRegister.java:unregister(73)) - Successfully un-registered JMX Bean with object name Ratis:service=RaftServer,group=group-0830B4390C68,id=bcc74fd2-3a06-4539-867d-223a418d820d
2019-09-25 04:52:27,996 [f0026df0-5652-4d5b-84a4-ec6d3279302c@group-C05106C75EAC:LeaderElection84] INFO  server.RaftServerConfigKeys (ConfUtils.java:logGet(43)) - raft.server.rpc.sleep.time = 25ms (default)
2019-09-25 04:52:28,000 [ForkJoinPool.commonPool-worker-1] INFO  impl.RoleInfo (RoleInfo.java:shutdownLeaderState(104)) - bcc74fd2-3a06-4539-867d-223a418d820d: shutdown LeaderState
2019-09-25 04:52:27,999 [main] INFO  segmented.SegmentedRaftLogWorker (SegmentedRaftLogWorker.java:close(228)) - 94bde7ca-9af4-4c06-8221-a867c8f279fc@group-4F97C1190BE8-SegmentedRaftLogWorker close()
2019-09-25 04:52:28,000 [ForkJoinPool.commonPool-worker-1] INFO  impl.PendingRequests (PendingRequests.java:sendNotLeaderResponses(202)) - bcc74fd2-3a06-4539-867d-223a418d820d-PendingRequests: sendNotLeaderResponses
2019-09-25 04:52:28,000 [f0026df0-5652-4d5b-84a4-ec6d3279302c@group-C05106C75EAC:LeaderElection84] INFO  server.RaftServerConfigKeys (ConfUtils.java:logGet(43)) - raft.server.write.element-limit = 4096 (default)
2019-09-25 04:52:28,017 [f0026df0-5652-4d5b-84a4-ec6d3279302c@group-323F57BC2C45:LeaderElection83] INFO  impl.RoleInfo (RoleInfo.java:updateAndGet(143)) - f0026df0-5652-4d5b-84a4-ec6d3279302c: start LeaderState
2019-09-25 04:52:28,016 [main] INFO  server.GrpcService (GrpcService.java:closeImpl(164)) - 94bde7ca-9af4-4c06-8221-a867c8f279fc: shutdown server with port 37773 now
2019-09-25 04:52:28,017 [f0026df0-5652-4d5b-84a4-ec6d3279302c@group-323F57BC2C45:LeaderElection83] INFO  segmented.SegmentedRaftLogWorker (SegmentedRaftLogWorker.java:startLogSegment(380)) - f0026df0-5652-4d5b-84a4-ec6d3279302c@group-323F57BC2C45-SegmentedRaftLogWorker: Starting segment from index:0
2019-09-25 04:52:28,017 [f0026df0-5652-4d5b-84a4-ec6d3279302c@group-C05106C75EAC:LeaderElection84] INFO  server.RaftServerConfigKeys (ConfUtils.java:logGet(43)) - raft.server.watch.timeout = 10s (default)
2019-09-25 04:52:28,017 [ForkJoinPool.commonPool-worker-1] INFO  impl.StateMachineUpdater (StateMachineUpdater.java:stopAndJoin(125)) - bcc74fd2-3a06-4539-867d-223a418d820d@group-0830B4390C68-StateMachineUpdater: set stopIndex = 0
2019-09-25 04:52:28,018 [f0026df0-5652-4d5b-84a4-ec6d3279302c@group-C05106C75EAC:LeaderElection84] INFO  server.RaftServerConfigKeys (ConfUtils.java:logGet(43)) - raft.server.watch.timeout.denomination = 1s (default)
2019-09-25 04:52:28,022 [main] INFO  server.GrpcService (GrpcService.java:closeImpl(172)) - 94bde7ca-9af4-4c06-8221-a867c8f279fc: shutdown server with port 37773 successfully
2019-09-25 04:52:28,018 [ForkJoinPool.commonPool-worker-1] INFO  impl.RaftServerImpl (ServerState.java:close(385)) - bcc74fd2-3a06-4539-867d-223a418d820d@group-0830B4390C68: closes. applyIndex: 0
2019-09-25 04:52:28,023 [f0026df0-5652-4d5b-84a4-ec6d3279302c@group-323F57BC2C45:LeaderElection83] INFO  impl.RaftServerImpl (ServerState.java:setRaftConf(354)) - f0026df0-5652-4d5b-84a4-ec6d3279302c@group-323F57BC2C45: set configuration 0: [f0026df0-5652-4d5b-84a4-ec6d3279302c:192.168.164.207:40753], old=null at 0
2019-09-25 04:52:28,023 [f0026df0-5652-4d5b-84a4-ec6d3279302c@group-C05106C75EAC:LeaderElection84] INFO  server.RaftServerConfigKeys (ConfUtils.java:logGet(43)) - raft.server.watch.element-limit = 65536 (default)
2019-09-25 04:52:28,023 [bcc74fd2-3a06-4539-867d-223a418d820d@group-0830B4390C68-SegmentedRaftLogWorker] INFO  segmented.SegmentedRaftLogWorker (SegmentedRaftLogWorker.java:run(313)) - bcc74fd2-3a06-4539-867d-223a418d820d@group-0830B4390C68-SegmentedRaftLogWorker was interrupted, exiting. There are 0 tasks remaining in the queue.
2019-09-25 04:52:28,024 [ForkJoinPool.commonPool-worker-1] INFO  segmented.SegmentedRaftLogWorker (SegmentedRaftLogWorker.java:close(228)) - bcc74fd2-3a06-4539-867d-223a418d820d@group-0830B4390C68-SegmentedRaftLogWorker close()
2019-09-25 04:52:28,057 [ForkJoinPool.commonPool-worker-1] INFO  impl.RaftServerImpl (RaftServerImpl.java:lambda$shutdown$3(251)) - bcc74fd2-3a06-4539-867d-223a418d820d@group-749BB3F0091A: shutdown
2019-09-25 04:52:28,058 [ForkJoinPool.commonPool-worker-1] INFO  util.JmxRegister (JmxRegister.java:unregister(73)) - Successfully un-registered JMX Bean with object name Ratis:service=RaftServer,group=group-749BB3F0091A,id=bcc74fd2-3a06-4539-867d-223a418d820d
2019-09-25 04:52:28,058 [ForkJoinPool.commonPool-worker-1] INFO  impl.RoleInfo (RoleInfo.java:shutdownLeaderState(104)) - bcc74fd2-3a06-4539-867d-223a418d820d: shutdown LeaderState
2019-09-25 04:52:28,058 [ForkJoinPool.commonPool-worker-1] INFO  impl.PendingRequests (PendingRequests.java:sendNotLeaderResponses(202)) - bcc74fd2-3a06-4539-867d-223a418d820d-PendingRequests: sendNotLeaderResponses
2019-09-25 04:52:28,059 [ForkJoinPool.commonPool-worker-1] INFO  impl.StateMachineUpdater (StateMachineUpdater.java:stopAndJoin(125)) - bcc74fd2-3a06-4539-867d-223a418d820d@group-749BB3F0091A-StateMachineUpdater: set stopIndex = 0
2019-09-25 04:52:28,059 [ForkJoinPool.commonPool-worker-1] INFO  impl.RaftServerImpl (ServerState.java:close(385)) - bcc74fd2-3a06-4539-867d-223a418d820d@group-749BB3F0091A: closes. applyIndex: 0
2019-09-25 04:52:28,059 [refreshUsed-/workdir/hadoop-ozone/integration-test/target/test-dir/MiniOzoneClusterImpl-d3c81739-79da-4dbe-9ced-b164d958c5b5/datanode-4/data/containers] WARN  fs.CachingGetSpaceUsed (CachingGetSpaceUsed.java:run(183)) - Thread Interrupted waiting to refresh disk information: sleep interrupted
2019-09-25 04:52:28,059 [bcc74fd2-3a06-4539-867d-223a418d820d@group-749BB3F0091A-SegmentedRaftLogWorker] INFO  segmented.SegmentedRaftLogWorker (SegmentedRaftLogWorker.java:run(313)) - bcc74fd2-3a06-4539-867d-223a418d820d@group-749BB3F0091A-SegmentedRaftLogWorker was interrupted, exiting. There are 0 tasks remaining in the queue.
2019-09-25 04:52:28,060 [ForkJoinPool.commonPool-worker-1] INFO  segmented.SegmentedRaftLogWorker (SegmentedRaftLogWorker.java:close(228)) - bcc74fd2-3a06-4539-867d-223a418d820d@group-749BB3F0091A-SegmentedRaftLogWorker close()
2019-09-25 04:52:28,062 [ForkJoinPool.commonPool-worker-1] INFO  server.GrpcService (GrpcService.java:closeImpl(164)) - bcc74fd2-3a06-4539-867d-223a418d820d: shutdown server with port 36081 now
2019-09-25 04:52:28,065 [ForkJoinPool.commonPool-worker-1] INFO  server.GrpcService (GrpcService.java:closeImpl(172)) - bcc74fd2-3a06-4539-867d-223a418d820d: shutdown server with port 36081 successfully
2019-09-25 04:52:28,066 [f0026df0-5652-4d5b-84a4-ec6d3279302c@group-323F57BC2C45-SegmentedRaftLogWorker] INFO  segmented.SegmentedRaftLogWorker (SegmentedRaftLogWorker.java:execute(569)) - f0026df0-5652-4d5b-84a4-ec6d3279302c@group-323F57BC2C45-SegmentedRaftLogWorker: created new log segment /workdir/hadoop-ozone/integration-test/target/test-dir/MiniOzoneClusterImpl-d3c81739-79da-4dbe-9ced-b164d958c5b5/datanode-6/data/ratis/bdb27679-f2a0-497a-8d76-323f57bc2c45/current/log_inprogress_0
2019-09-25 04:52:28,067 [refreshUsed-/workdir/hadoop-ozone/integration-test/target/test-dir/MiniOzoneClusterImpl-d3c81739-79da-4dbe-9ced-b164d958c5b5/datanode-1/data/containers] WARN  fs.CachingGetSpaceUsed (CachingGetSpaceUsed.java:run(183)) - Thread Interrupted waiting to refresh disk information: sleep interrupted
2019-09-25 04:52:28,067 [f0026df0-5652-4d5b-84a4-ec6d3279302c@group-C05106C75EAC:LeaderElection84] INFO  impl.RoleInfo (RoleInfo.java:updateAndGet(143)) - f0026df0-5652-4d5b-84a4-ec6d3279302c: start LeaderState
2019-09-25 04:52:28,067 [f0026df0-5652-4d5b-84a4-ec6d3279302c@group-C05106C75EAC:LeaderElection84] INFO  segmented.SegmentedRaftLogWorker (SegmentedRaftLogWorker.java:startLogSegment(380)) - f0026df0-5652-4d5b-84a4-ec6d3279302c@group-C05106C75EAC-SegmentedRaftLogWorker: Starting segment from index:0
2019-09-25 04:52:28,068 [f0026df0-5652-4d5b-84a4-ec6d3279302c@group-C05106C75EAC:LeaderElection84] INFO  impl.RaftServerImpl (ServerState.java:setRaftConf(354)) - f0026df0-5652-4d5b-84a4-ec6d3279302c@group-C05106C75EAC: set configuration 0: [f0026df0-5652-4d5b-84a4-ec6d3279302c:192.168.164.207:40753], old=null at 0
2019-09-25 04:52:28,081 [main] INFO  utils.BackgroundService (BackgroundService.java:shutdown(148)) - Shutting down service BlockDeletingService
2019-09-25 04:52:28,081 [ForkJoinPool.commonPool-worker-1] INFO  utils.BackgroundService (BackgroundService.java:shutdown(148)) - Shutting down service BlockDeletingService
2019-09-25 04:52:28,110 [main] INFO  statemachine.DatanodeStateMachine (DatanodeStateMachine.java:stopDaemon(395)) - Ozone container server stopped.
2019-09-25 04:52:28,112 [ForkJoinPool.commonPool-worker-1] INFO  statemachine.DatanodeStateMachine (DatanodeStateMachine.java:stopDaemon(395)) - Ozone container server stopped.
2019-09-25 04:52:28,119 [ForkJoinPool.commonPool-worker-1] INFO  handler.ContextHandler (ContextHandler.java:doStop(910)) - Stopped o.e.j.w.WebAppContext@1cfc2538{/,null,UNAVAILABLE}{/hddsDatanode}
2019-09-25 04:52:28,119 [main] INFO  handler.ContextHandler (ContextHandler.java:doStop(910)) - Stopped o.e.j.w.WebAppContext@5b20706{/,null,UNAVAILABLE}{/hddsDatanode}
2019-09-25 04:52:28,120 [ForkJoinPool.commonPool-worker-1] INFO  server.AbstractConnector (AbstractConnector.java:doStop(318)) - Stopped ServerConnector@66deec87{HTTP/1.1,[http/1.1]}{0.0.0.0:0}
2019-09-25 04:52:28,120 [main] INFO  server.AbstractConnector (AbstractConnector.java:doStop(318)) - Stopped ServerConnector@16aed49f{HTTP/1.1,[http/1.1]}{0.0.0.0:0}
2019-09-25 04:52:28,122 [ForkJoinPool.commonPool-worker-1] INFO  handler.ContextHandler (ContextHandler.java:doStop(910)) - Stopped o.e.j.s.ServletContextHandler@31120021{/static,jar:file:/home/user/.m2/repository/org/apache/hadoop/hadoop-hdds-container-service/0.5.0-SNAPSHOT/hadoop-hdds-container-service-0.5.0-SNAPSHOT.jar!/webapps/static,UNAVAILABLE}
2019-09-25 04:52:28,122 [main] INFO  handler.ContextHandler (ContextHandler.java:doStop(910)) - Stopped o.e.j.s.ServletContextHandler@56dd6efa{/static,jar:file:/home/user/.m2/repository/org/apache/hadoop/hadoop-hdds-container-service/0.5.0-SNAPSHOT/hadoop-hdds-container-service-0.5.0-SNAPSHOT.jar!/webapps/static,UNAVAILABLE}
2019-09-25 04:52:28,124 [ForkJoinPool.commonPool-worker-1] INFO  handler.ContextHandler (ContextHandler.java:doStop(910)) - Stopped o.e.j.s.ServletContextHandler@4fc5563d{/logs,file:///workdir/hadoop-ozone/integration-test/target/log,UNAVAILABLE}
2019-09-25 04:52:28,122 [f0026df0-5652-4d5b-84a4-ec6d3279302c@group-C05106C75EAC-SegmentedRaftLogWorker] INFO  segmented.SegmentedRaftLogWorker (SegmentedRaftLogWorker.java:execute(569)) - f0026df0-5652-4d5b-84a4-ec6d3279302c@group-C05106C75EAC-SegmentedRaftLogWorker: created new log segment /workdir/hadoop-ozone/integration-test/target/test-dir/MiniOzoneClusterImpl-d3c81739-79da-4dbe-9ced-b164d958c5b5/datanode-6/data/ratis/1cb8b0f4-ff8f-47ba-a6ae-c05106c75eac/current/log_inprogress_0
2019-09-25 04:52:28,124 [main] INFO  handler.ContextHandler (ContextHandler.java:doStop(910)) - Stopped o.e.j.s.ServletContextHandler@267cde2e{/logs,file:///workdir/hadoop-ozone/integration-test/target/log,UNAVAILABLE}
2019-09-25 04:52:28,504 [Datanode State Machine Thread - 0] INFO  statemachine.DatanodeStateMachine (DatanodeStateMachine.java:lambda$startDaemon$0(350)) - Ozone container server started.
2019-09-25 04:52:28,604 [Datanode State Machine Thread - 0] INFO  statemachine.DatanodeStateMachine (DatanodeStateMachine.java:lambda$startDaemon$0(350)) - Ozone container server started.
2019-09-25 04:52:33,126 [ForkJoinPool.commonPool-worker-1] INFO  ozoneimpl.OzoneContainer (OzoneContainer.java:stop(231)) - Attempting to stop container services.
2019-09-25 04:52:33,127 [ForkJoinPool.commonPool-worker-1] INFO  impl.RaftServerProxy (RaftServerProxy.java:lambda$close$4(314)) - bb4fa670-e092-4403-b4a0-776b8e3a297a: close
2019-09-25 04:52:33,127 [main] INFO  ozoneimpl.OzoneContainer (OzoneContainer.java:stop(231)) - Attempting to stop container services.
2019-09-25 04:52:33,127 [ForkJoinPool.commonPool-worker-1] INFO  impl.RaftServerImpl (RaftServerImpl.java:lambda$shutdown$3(251)) - bb4fa670-e092-4403-b4a0-776b8e3a297a@group-6DCBF0F34B42: shutdown
2019-09-25 04:52:33,128 [main] INFO  impl.RaftServerProxy (RaftServerProxy.java:lambda$close$4(314)) - 6a547602-9d9f-411f-a61b-6fc980fbe171: close
2019-09-25 04:52:33,128 [ForkJoinPool.commonPool-worker-1] INFO  util.JmxRegister (JmxRegister.java:unregister(73)) - Successfully un-registered JMX Bean with object name Ratis:service=RaftServer,group=group-6DCBF0F34B42,id=bb4fa670-e092-4403-b4a0-776b8e3a297a
2019-09-25 04:52:33,128 [main] INFO  impl.RaftServerImpl (RaftServerImpl.java:lambda$shutdown$3(251)) - 6a547602-9d9f-411f-a61b-6fc980fbe171@group-BDE348FACEF8: shutdown
2019-09-25 04:52:33,128 [ForkJoinPool.commonPool-worker-1] INFO  impl.RoleInfo (RoleInfo.java:shutdownLeaderState(104)) - bb4fa670-e092-4403-b4a0-776b8e3a297a: shutdown LeaderState
2019-09-25 04:52:33,129 [main] INFO  util.JmxRegister (JmxRegister.java:unregister(73)) - Successfully un-registered JMX Bean with object name Ratis:service=RaftServer,group=group-BDE348FACEF8,id=6a547602-9d9f-411f-a61b-6fc980fbe171
2019-09-25 04:52:33,129 [ForkJoinPool.commonPool-worker-1] INFO  impl.PendingRequests (PendingRequests.java:sendNotLeaderResponses(202)) - bb4fa670-e092-4403-b4a0-776b8e3a297a-PendingRequests: sendNotLeaderResponses
2019-09-25 04:52:33,130 [main] INFO  impl.RoleInfo (RoleInfo.java:shutdownLeaderState(104)) - 6a547602-9d9f-411f-a61b-6fc980fbe171: shutdown LeaderState
2019-09-25 04:52:33,130 [ForkJoinPool.commonPool-worker-1] INFO  impl.StateMachineUpdater (StateMachineUpdater.java:stopAndJoin(125)) - bb4fa670-e092-4403-b4a0-776b8e3a297a@group-6DCBF0F34B42-StateMachineUpdater: set stopIndex = 0
2019-09-25 04:52:33,130 [main] INFO  impl.PendingRequests (PendingRequests.java:sendNotLeaderResponses(202)) - 6a547602-9d9f-411f-a61b-6fc980fbe171-PendingRequests: sendNotLeaderResponses
2019-09-25 04:52:33,131 [ForkJoinPool.commonPool-worker-1] INFO  impl.RaftServerImpl (ServerState.java:close(385)) - bb4fa670-e092-4403-b4a0-776b8e3a297a@group-6DCBF0F34B42: closes. applyIndex: 0
2019-09-25 04:52:33,131 [main] INFO  impl.StateMachineUpdater (StateMachineUpdater.java:stopAndJoin(125)) - 6a547602-9d9f-411f-a61b-6fc980fbe171@group-BDE348FACEF8-StateMachineUpdater: set stopIndex = 0
2019-09-25 04:52:33,132 [main] INFO  impl.RaftServerImpl (ServerState.java:close(385)) - 6a547602-9d9f-411f-a61b-6fc980fbe171@group-BDE348FACEF8: closes. applyIndex: 0
2019-09-25 04:52:33,131 [bb4fa670-e092-4403-b4a0-776b8e3a297a@group-6DCBF0F34B42-SegmentedRaftLogWorker] INFO  segmented.SegmentedRaftLogWorker (SegmentedRaftLogWorker.java:run(313)) - bb4fa670-e092-4403-b4a0-776b8e3a297a@group-6DCBF0F34B42-SegmentedRaftLogWorker was interrupted, exiting. There are 0 tasks remaining in the queue.
2019-09-25 04:52:33,132 [6a547602-9d9f-411f-a61b-6fc980fbe171@group-BDE348FACEF8-SegmentedRaftLogWorker] INFO  segmented.SegmentedRaftLogWorker (SegmentedRaftLogWorker.java:run(313)) - 6a547602-9d9f-411f-a61b-6fc980fbe171@group-BDE348FACEF8-SegmentedRaftLogWorker was interrupted, exiting. There are 0 tasks remaining in the queue.
2019-09-25 04:52:33,133 [ForkJoinPool.commonPool-worker-1] INFO  segmented.SegmentedRaftLogWorker (SegmentedRaftLogWorker.java:close(228)) - bb4fa670-e092-4403-b4a0-776b8e3a297a@group-6DCBF0F34B42-SegmentedRaftLogWorker close()
2019-09-25 04:52:33,137 [ForkJoinPool.commonPool-worker-1] INFO  impl.RaftServerImpl (RaftServerImpl.java:lambda$shutdown$3(251)) - bb4fa670-e092-4403-b4a0-776b8e3a297a@group-19337A119843: shutdown
2019-09-25 04:52:33,137 [ForkJoinPool.commonPool-worker-1] INFO  util.JmxRegister (JmxRegister.java:unregister(73)) - Successfully un-registered JMX Bean with object name Ratis:service=RaftServer,group=group-19337A119843,id=bb4fa670-e092-4403-b4a0-776b8e3a297a
2019-09-25 04:52:33,137 [ForkJoinPool.commonPool-worker-1] INFO  impl.RoleInfo (RoleInfo.java:shutdownLeaderState(104)) - bb4fa670-e092-4403-b4a0-776b8e3a297a: shutdown LeaderState
2019-09-25 04:52:33,138 [ForkJoinPool.commonPool-worker-1] INFO  impl.PendingRequests (PendingRequests.java:sendNotLeaderResponses(202)) - bb4fa670-e092-4403-b4a0-776b8e3a297a-PendingRequests: sendNotLeaderResponses
2019-09-25 04:52:33,138 [ForkJoinPool.commonPool-worker-1] INFO  impl.StateMachineUpdater (StateMachineUpdater.java:stopAndJoin(125)) - bb4fa670-e092-4403-b4a0-776b8e3a297a@group-19337A119843-StateMachineUpdater: set stopIndex = 0
2019-09-25 04:52:33,138 [ForkJoinPool.commonPool-worker-1] INFO  impl.RaftServerImpl (ServerState.java:close(385)) - bb4fa670-e092-4403-b4a0-776b8e3a297a@group-19337A119843: closes. applyIndex: 0
2019-09-25 04:52:33,139 [bb4fa670-e092-4403-b4a0-776b8e3a297a@group-19337A119843-SegmentedRaftLogWorker] INFO  segmented.SegmentedRaftLogWorker (SegmentedRaftLogWorker.java:run(313)) - bb4fa670-e092-4403-b4a0-776b8e3a297a@group-19337A119843-SegmentedRaftLogWorker was interrupted, exiting. There are 0 tasks remaining in the queue.
2019-09-25 04:52:33,144 [ForkJoinPool.commonPool-worker-1] INFO  segmented.SegmentedRaftLogWorker (SegmentedRaftLogWorker.java:close(228)) - bb4fa670-e092-4403-b4a0-776b8e3a297a@group-19337A119843-SegmentedRaftLogWorker close()
2019-09-25 04:52:33,145 [main] INFO  segmented.SegmentedRaftLogWorker (SegmentedRaftLogWorker.java:close(228)) - 6a547602-9d9f-411f-a61b-6fc980fbe171@group-BDE348FACEF8-SegmentedRaftLogWorker close()
2019-09-25 04:52:33,148 [ForkJoinPool.commonPool-worker-1] INFO  impl.RaftServerImpl (RaftServerImpl.java:lambda$shutdown$3(251)) - bb4fa670-e092-4403-b4a0-776b8e3a297a@group-351FA9503CEC: shutdown
2019-09-25 04:52:33,151 [main] INFO  impl.RaftServerImpl (RaftServerImpl.java:lambda$shutdown$3(251)) - 6a547602-9d9f-411f-a61b-6fc980fbe171@group-0C161778EA43: shutdown
2019-09-25 04:52:33,151 [ForkJoinPool.commonPool-worker-1] INFO  util.JmxRegister (JmxRegister.java:unregister(73)) - Successfully un-registered JMX Bean with object name Ratis:service=RaftServer,group=group-351FA9503CEC,id=bb4fa670-e092-4403-b4a0-776b8e3a297a
2019-09-25 04:52:33,152 [main] INFO  util.JmxRegister (JmxRegister.java:unregister(73)) - Successfully un-registered JMX Bean with object name Ratis:service=RaftServer,group=group-0C161778EA43,id=6a547602-9d9f-411f-a61b-6fc980fbe171
2019-09-25 04:52:33,152 [main] INFO  impl.RoleInfo (RoleInfo.java:shutdownLeaderState(104)) - 6a547602-9d9f-411f-a61b-6fc980fbe171: shutdown LeaderState
2019-09-25 04:52:33,152 [ForkJoinPool.commonPool-worker-1] INFO  impl.RoleInfo (RoleInfo.java:shutdownLeaderState(104)) - bb4fa670-e092-4403-b4a0-776b8e3a297a: shutdown LeaderState
2019-09-25 04:52:33,153 [main] INFO  impl.PendingRequests (PendingRequests.java:sendNotLeaderResponses(202)) - 6a547602-9d9f-411f-a61b-6fc980fbe171-PendingRequests: sendNotLeaderResponses
2019-09-25 04:52:33,153 [ForkJoinPool.commonPool-worker-1] INFO  impl.PendingRequests (PendingRequests.java:sendNotLeaderResponses(202)) - bb4fa670-e092-4403-b4a0-776b8e3a297a-PendingRequests: sendNotLeaderResponses
2019-09-25 04:52:33,154 [main] INFO  impl.StateMachineUpdater (StateMachineUpdater.java:stopAndJoin(125)) - 6a547602-9d9f-411f-a61b-6fc980fbe171@group-0C161778EA43-StateMachineUpdater: set stopIndex = 0
2019-09-25 04:52:33,154 [ForkJoinPool.commonPool-worker-1] INFO  impl.StateMachineUpdater (StateMachineUpdater.java:stopAndJoin(125)) - bb4fa670-e092-4403-b4a0-776b8e3a297a@group-351FA9503CEC-StateMachineUpdater: set stopIndex = 0
2019-09-25 04:52:33,154 [main] INFO  impl.RaftServerImpl (ServerState.java:close(385)) - 6a547602-9d9f-411f-a61b-6fc980fbe171@group-0C161778EA43: closes. applyIndex: 0
2019-09-25 04:52:33,154 [ForkJoinPool.commonPool-worker-1] INFO  impl.RaftServerImpl (ServerState.java:close(385)) - bb4fa670-e092-4403-b4a0-776b8e3a297a@group-351FA9503CEC: closes. applyIndex: 0
2019-09-25 04:52:33,155 [6a547602-9d9f-411f-a61b-6fc980fbe171@group-0C161778EA43-SegmentedRaftLogWorker] INFO  segmented.SegmentedRaftLogWorker (SegmentedRaftLogWorker.java:run(313)) - 6a547602-9d9f-411f-a61b-6fc980fbe171@group-0C161778EA43-SegmentedRaftLogWorker was interrupted, exiting. There are 0 tasks remaining in the queue.
2019-09-25 04:52:33,155 [bb4fa670-e092-4403-b4a0-776b8e3a297a@group-351FA9503CEC-SegmentedRaftLogWorker] INFO  segmented.SegmentedRaftLogWorker (SegmentedRaftLogWorker.java:run(313)) - bb4fa670-e092-4403-b4a0-776b8e3a297a@group-351FA9503CEC-SegmentedRaftLogWorker was interrupted, exiting. There are 0 tasks remaining in the queue.
2019-09-25 04:52:33,155 [main] INFO  segmented.SegmentedRaftLogWorker (SegmentedRaftLogWorker.java:close(228)) - 6a547602-9d9f-411f-a61b-6fc980fbe171@group-0C161778EA43-SegmentedRaftLogWorker close()
2019-09-25 04:52:33,156 [ForkJoinPool.commonPool-worker-1] INFO  segmented.SegmentedRaftLogWorker (SegmentedRaftLogWorker.java:close(228)) - bb4fa670-e092-4403-b4a0-776b8e3a297a@group-351FA9503CEC-SegmentedRaftLogWorker close()
2019-09-25 04:52:33,158 [main] INFO  impl.RaftServerImpl (RaftServerImpl.java:lambda$shutdown$3(251)) - 6a547602-9d9f-411f-a61b-6fc980fbe171@group-AB656C975A7C: shutdown
2019-09-25 04:52:33,160 [ForkJoinPool.commonPool-worker-1] INFO  impl.RaftServerImpl (RaftServerImpl.java:lambda$shutdown$3(251)) - bb4fa670-e092-4403-b4a0-776b8e3a297a@group-46E87D7D8B8E: shutdown
2019-09-25 04:52:33,161 [main] INFO  util.JmxRegister (JmxRegister.java:unregister(73)) - Successfully un-registered JMX Bean with object name Ratis:service=RaftServer,group=group-AB656C975A7C,id=6a547602-9d9f-411f-a61b-6fc980fbe171
2019-09-25 04:52:33,162 [main] INFO  impl.RoleInfo (RoleInfo.java:shutdownLeaderState(104)) - 6a547602-9d9f-411f-a61b-6fc980fbe171: shutdown LeaderState
2019-09-25 04:52:33,161 [ForkJoinPool.commonPool-worker-1] INFO  util.JmxRegister (JmxRegister.java:unregister(73)) - Successfully un-registered JMX Bean with object name Ratis:service=RaftServer,group=group-46E87D7D8B8E,id=bb4fa670-e092-4403-b4a0-776b8e3a297a
2019-09-25 04:52:33,162 [ForkJoinPool.commonPool-worker-1] INFO  impl.RoleInfo (RoleInfo.java:shutdownLeaderState(104)) - bb4fa670-e092-4403-b4a0-776b8e3a297a: shutdown LeaderState
2019-09-25 04:52:33,162 [main] INFO  impl.PendingRequests (PendingRequests.java:sendNotLeaderResponses(202)) - 6a547602-9d9f-411f-a61b-6fc980fbe171-PendingRequests: sendNotLeaderResponses
2019-09-25 04:52:33,163 [ForkJoinPool.commonPool-worker-1] INFO  impl.PendingRequests (PendingRequests.java:sendNotLeaderResponses(202)) - bb4fa670-e092-4403-b4a0-776b8e3a297a-PendingRequests: sendNotLeaderResponses
2019-09-25 04:52:33,163 [main] INFO  impl.StateMachineUpdater (StateMachineUpdater.java:stopAndJoin(125)) - 6a547602-9d9f-411f-a61b-6fc980fbe171@group-AB656C975A7C-StateMachineUpdater: set stopIndex = 0
2019-09-25 04:52:33,164 [main] INFO  impl.RaftServerImpl (ServerState.java:close(385)) - 6a547602-9d9f-411f-a61b-6fc980fbe171@group-AB656C975A7C: closes. applyIndex: 0
2019-09-25 04:52:33,163 [ForkJoinPool.commonPool-worker-1] INFO  impl.StateMachineUpdater (StateMachineUpdater.java:stopAndJoin(125)) - bb4fa670-e092-4403-b4a0-776b8e3a297a@group-46E87D7D8B8E-StateMachineUpdater: set stopIndex = 0
2019-09-25 04:52:33,164 [6a547602-9d9f-411f-a61b-6fc980fbe171@group-AB656C975A7C-SegmentedRaftLogWorker] INFO  segmented.SegmentedRaftLogWorker (SegmentedRaftLogWorker.java:run(313)) - 6a547602-9d9f-411f-a61b-6fc980fbe171@group-AB656C975A7C-SegmentedRaftLogWorker was interrupted, exiting. There are 0 tasks remaining in the queue.
2019-09-25 04:52:33,164 [ForkJoinPool.commonPool-worker-1] INFO  impl.RaftServerImpl (ServerState.java:close(385)) - bb4fa670-e092-4403-b4a0-776b8e3a297a@group-46E87D7D8B8E: closes. applyIndex: 0
2019-09-25 04:52:33,165 [main] INFO  segmented.SegmentedRaftLogWorker (SegmentedRaftLogWorker.java:close(228)) - 6a547602-9d9f-411f-a61b-6fc980fbe171@group-AB656C975A7C-SegmentedRaftLogWorker close()
2019-09-25 04:52:33,165 [bb4fa670-e092-4403-b4a0-776b8e3a297a@group-46E87D7D8B8E-SegmentedRaftLogWorker] INFO  segmented.SegmentedRaftLogWorker (SegmentedRaftLogWorker.java:run(313)) - bb4fa670-e092-4403-b4a0-776b8e3a297a@group-46E87D7D8B8E-SegmentedRaftLogWorker was interrupted, exiting. There are 0 tasks remaining in the queue.
2019-09-25 04:52:33,167 [main] INFO  impl.RaftServerImpl (RaftServerImpl.java:lambda$shutdown$3(251)) - 6a547602-9d9f-411f-a61b-6fc980fbe171@group-3D7ABC203D4B: shutdown
2019-09-25 04:52:33,168 [ForkJoinPool.commonPool-worker-1] INFO  segmented.SegmentedRaftLogWorker (SegmentedRaftLogWorker.java:close(228)) - bb4fa670-e092-4403-b4a0-776b8e3a297a@group-46E87D7D8B8E-SegmentedRaftLogWorker close()
2019-09-25 04:52:33,168 [main] INFO  util.JmxRegister (JmxRegister.java:unregister(73)) - Successfully un-registered JMX Bean with object name Ratis:service=RaftServer,group=group-3D7ABC203D4B,id=6a547602-9d9f-411f-a61b-6fc980fbe171
2019-09-25 04:52:33,171 [main] INFO  impl.RoleInfo (RoleInfo.java:shutdownLeaderState(104)) - 6a547602-9d9f-411f-a61b-6fc980fbe171: shutdown LeaderState
2019-09-25 04:52:33,170 [ForkJoinPool.commonPool-worker-1] INFO  impl.RaftServerImpl (RaftServerImpl.java:lambda$shutdown$3(251)) - bb4fa670-e092-4403-b4a0-776b8e3a297a@group-E47A1E475303: shutdown
2019-09-25 04:52:33,171 [main] INFO  impl.PendingRequests (PendingRequests.java:sendNotLeaderResponses(202)) - 6a547602-9d9f-411f-a61b-6fc980fbe171-PendingRequests: sendNotLeaderResponses
2019-09-25 04:52:33,171 [ForkJoinPool.commonPool-worker-1] INFO  util.JmxRegister (JmxRegister.java:unregister(73)) - Successfully un-registered JMX Bean with object name Ratis:service=RaftServer,group=group-E47A1E475303,id=bb4fa670-e092-4403-b4a0-776b8e3a297a
2019-09-25 04:52:33,172 [main] INFO  impl.StateMachineUpdater (StateMachineUpdater.java:stopAndJoin(125)) - 6a547602-9d9f-411f-a61b-6fc980fbe171@group-3D7ABC203D4B-StateMachineUpdater: set stopIndex = 0
2019-09-25 04:52:33,172 [ForkJoinPool.commonPool-worker-1] INFO  impl.RoleInfo (RoleInfo.java:shutdownLeaderState(104)) - bb4fa670-e092-4403-b4a0-776b8e3a297a: shutdown LeaderState
2019-09-25 04:52:33,172 [main] INFO  impl.RaftServerImpl (ServerState.java:close(385)) - 6a547602-9d9f-411f-a61b-6fc980fbe171@group-3D7ABC203D4B: closes. applyIndex: 0
2019-09-25 04:52:33,173 [ForkJoinPool.commonPool-worker-1] INFO  impl.PendingRequests (PendingRequests.java:sendNotLeaderResponses(202)) - bb4fa670-e092-4403-b4a0-776b8e3a297a-PendingRequests: sendNotLeaderResponses
2019-09-25 04:52:33,173 [6a547602-9d9f-411f-a61b-6fc980fbe171@group-3D7ABC203D4B-SegmentedRaftLogWorker] INFO  segmented.SegmentedRaftLogWorker (SegmentedRaftLogWorker.java:run(313)) - 6a547602-9d9f-411f-a61b-6fc980fbe171@group-3D7ABC203D4B-SegmentedRaftLogWorker was interrupted, exiting. There are 0 tasks remaining in the queue.
2019-09-25 04:52:33,173 [ForkJoinPool.commonPool-worker-1] INFO  impl.StateMachineUpdater (StateMachineUpdater.java:stopAndJoin(125)) - bb4fa670-e092-4403-b4a0-776b8e3a297a@group-E47A1E475303-StateMachineUpdater: set stopIndex = 0
2019-09-25 04:52:33,174 [main] INFO  segmented.SegmentedRaftLogWorker (SegmentedRaftLogWorker.java:close(228)) - 6a547602-9d9f-411f-a61b-6fc980fbe171@group-3D7ABC203D4B-SegmentedRaftLogWorker close()
2019-09-25 04:52:33,174 [ForkJoinPool.commonPool-worker-1] INFO  impl.RaftServerImpl (ServerState.java:close(385)) - bb4fa670-e092-4403-b4a0-776b8e3a297a@group-E47A1E475303: closes. applyIndex: 0
2019-09-25 04:52:33,176 [main] INFO  impl.RaftServerImpl (RaftServerImpl.java:lambda$shutdown$3(251)) - 6a547602-9d9f-411f-a61b-6fc980fbe171@group-6A07B7A22B99: shutdown
2019-09-25 04:52:33,177 [bb4fa670-e092-4403-b4a0-776b8e3a297a@group-E47A1E475303-SegmentedRaftLogWorker] INFO  segmented.SegmentedRaftLogWorker (SegmentedRaftLogWorker.java:run(313)) - bb4fa670-e092-4403-b4a0-776b8e3a297a@group-E47A1E475303-SegmentedRaftLogWorker was interrupted, exiting. There are 0 tasks remaining in the queue.
2019-09-25 04:52:33,177 [main] INFO  util.JmxRegister (JmxRegister.java:unregister(73)) - Successfully un-registered JMX Bean with object name Ratis:service=RaftServer,group=group-6A07B7A22B99,id=6a547602-9d9f-411f-a61b-6fc980fbe171
2019-09-25 04:52:33,177 [main] INFO  impl.RoleInfo (RoleInfo.java:shutdownLeaderState(104)) - 6a547602-9d9f-411f-a61b-6fc980fbe171: shutdown LeaderState
2019-09-25 04:52:33,177 [ForkJoinPool.commonPool-worker-1] INFO  segmented.SegmentedRaftLogWorker (SegmentedRaftLogWorker.java:close(228)) - bb4fa670-e092-4403-b4a0-776b8e3a297a@group-E47A1E475303-SegmentedRaftLogWorker close()
2019-09-25 04:52:33,178 [main] INFO  impl.PendingRequests (PendingRequests.java:sendNotLeaderResponses(202)) - 6a547602-9d9f-411f-a61b-6fc980fbe171-PendingRequests: sendNotLeaderResponses
2019-09-25 04:52:33,180 [ForkJoinPool.commonPool-worker-1] INFO  impl.RaftServerImpl (RaftServerImpl.java:lambda$shutdown$3(251)) - bb4fa670-e092-4403-b4a0-776b8e3a297a@group-34D8397095E7: shutdown
2019-09-25 04:52:33,181 [main] INFO  impl.StateMachineUpdater (StateMachineUpdater.java:stopAndJoin(125)) - 6a547602-9d9f-411f-a61b-6fc980fbe171@group-6A07B7A22B99-StateMachineUpdater: set stopIndex = 0
2019-09-25 04:52:33,181 [main] INFO  impl.RaftServerImpl (ServerState.java:close(385)) - 6a547602-9d9f-411f-a61b-6fc980fbe171@group-6A07B7A22B99: closes. applyIndex: 0
2019-09-25 04:52:33,181 [ForkJoinPool.commonPool-worker-1] INFO  util.JmxRegister (JmxRegister.java:unregister(73)) - Successfully un-registered JMX Bean with object name Ratis:service=RaftServer,group=group-34D8397095E7,id=bb4fa670-e092-4403-b4a0-776b8e3a297a
2019-09-25 04:52:33,182 [6a547602-9d9f-411f-a61b-6fc980fbe171@group-6A07B7A22B99-SegmentedRaftLogWorker] INFO  segmented.SegmentedRaftLogWorker (SegmentedRaftLogWorker.java:run(313)) - 6a547602-9d9f-411f-a61b-6fc980fbe171@group-6A07B7A22B99-SegmentedRaftLogWorker was interrupted, exiting. There are 0 tasks remaining in the queue.
2019-09-25 04:52:33,182 [ForkJoinPool.commonPool-worker-1] INFO  impl.RoleInfo (RoleInfo.java:shutdownLeaderState(104)) - bb4fa670-e092-4403-b4a0-776b8e3a297a: shutdown LeaderState
2019-09-25 04:52:33,182 [main] INFO  segmented.SegmentedRaftLogWorker (SegmentedRaftLogWorker.java:close(228)) - 6a547602-9d9f-411f-a61b-6fc980fbe171@group-6A07B7A22B99-SegmentedRaftLogWorker close()
2019-09-25 04:52:33,182 [ForkJoinPool.commonPool-worker-1] INFO  impl.PendingRequests (PendingRequests.java:sendNotLeaderResponses(202)) - bb4fa670-e092-4403-b4a0-776b8e3a297a-PendingRequests: sendNotLeaderResponses
2019-09-25 04:52:33,185 [main] INFO  impl.RaftServerImpl (RaftServerImpl.java:lambda$shutdown$3(251)) - 6a547602-9d9f-411f-a61b-6fc980fbe171@group-163419C5154D: shutdown
2019-09-25 04:52:33,185 [ForkJoinPool.commonPool-worker-1] INFO  impl.StateMachineUpdater (StateMachineUpdater.java:stopAndJoin(125)) - bb4fa670-e092-4403-b4a0-776b8e3a297a@group-34D8397095E7-StateMachineUpdater: set stopIndex = 0
2019-09-25 04:52:33,185 [main] INFO  util.JmxRegister (JmxRegister.java:unregister(73)) - Successfully un-registered JMX Bean with object name Ratis:service=RaftServer,group=group-163419C5154D,id=6a547602-9d9f-411f-a61b-6fc980fbe171
2019-09-25 04:52:33,185 [ForkJoinPool.commonPool-worker-1] INFO  impl.RaftServerImpl (ServerState.java:close(385)) - bb4fa670-e092-4403-b4a0-776b8e3a297a@group-34D8397095E7: closes. applyIndex: 0
2019-09-25 04:52:33,186 [main] INFO  impl.RoleInfo (RoleInfo.java:shutdownLeaderState(104)) - 6a547602-9d9f-411f-a61b-6fc980fbe171: shutdown LeaderState
2019-09-25 04:52:33,186 [bb4fa670-e092-4403-b4a0-776b8e3a297a@group-34D8397095E7-SegmentedRaftLogWorker] INFO  segmented.SegmentedRaftLogWorker (SegmentedRaftLogWorker.java:run(313)) - bb4fa670-e092-4403-b4a0-776b8e3a297a@group-34D8397095E7-SegmentedRaftLogWorker was interrupted, exiting. There are 0 tasks remaining in the queue.
2019-09-25 04:52:33,186 [main] INFO  impl.PendingRequests (PendingRequests.java:sendNotLeaderResponses(202)) - 6a547602-9d9f-411f-a61b-6fc980fbe171-PendingRequests: sendNotLeaderResponses
2019-09-25 04:52:33,187 [ForkJoinPool.commonPool-worker-1] INFO  segmented.SegmentedRaftLogWorker (SegmentedRaftLogWorker.java:close(228)) - bb4fa670-e092-4403-b4a0-776b8e3a297a@group-34D8397095E7-SegmentedRaftLogWorker close()
2019-09-25 04:52:33,187 [main] INFO  impl.StateMachineUpdater (StateMachineUpdater.java:stopAndJoin(125)) - 6a547602-9d9f-411f-a61b-6fc980fbe171@group-163419C5154D-StateMachineUpdater: set stopIndex = 0
2019-09-25 04:52:33,189 [ForkJoinPool.commonPool-worker-1] INFO  server.GrpcService (GrpcService.java:closeImpl(164)) - bb4fa670-e092-4403-b4a0-776b8e3a297a: shutdown server with port 42708 now
2019-09-25 04:52:33,190 [main] INFO  impl.RaftServerImpl (ServerState.java:close(385)) - 6a547602-9d9f-411f-a61b-6fc980fbe171@group-163419C5154D: closes. applyIndex: 0
2019-09-25 04:52:33,192 [ForkJoinPool.commonPool-worker-1] INFO  server.GrpcService (GrpcService.java:closeImpl(172)) - bb4fa670-e092-4403-b4a0-776b8e3a297a: shutdown server with port 42708 successfully
2019-09-25 04:52:33,193 [6a547602-9d9f-411f-a61b-6fc980fbe171@group-163419C5154D-SegmentedRaftLogWorker] INFO  segmented.SegmentedRaftLogWorker (SegmentedRaftLogWorker.java:run(313)) - 6a547602-9d9f-411f-a61b-6fc980fbe171@group-163419C5154D-SegmentedRaftLogWorker was interrupted, exiting. There are 0 tasks remaining in the queue.
2019-09-25 04:52:33,193 [main] INFO  segmented.SegmentedRaftLogWorker (SegmentedRaftLogWorker.java:close(228)) - 6a547602-9d9f-411f-a61b-6fc980fbe171@group-163419C5154D-SegmentedRaftLogWorker close()
2019-09-25 04:52:33,196 [main] INFO  server.GrpcService (GrpcService.java:closeImpl(164)) - 6a547602-9d9f-411f-a61b-6fc980fbe171: shutdown server with port 41690 now
2019-09-25 04:52:33,199 [main] INFO  server.GrpcService (GrpcService.java:closeImpl(172)) - 6a547602-9d9f-411f-a61b-6fc980fbe171: shutdown server with port 41690 successfully
2019-09-25 04:52:33,203 [refreshUsed-/workdir/hadoop-ozone/integration-test/target/test-dir/MiniOzoneClusterImpl-d3c81739-79da-4dbe-9ced-b164d958c5b5/datanode-2/data/containers] WARN  fs.CachingGetSpaceUsed (CachingGetSpaceUsed.java:run(183)) - Thread Interrupted waiting to refresh disk information: sleep interrupted
2019-09-25 04:52:33,203 [refreshUsed-/workdir/hadoop-ozone/integration-test/target/test-dir/MiniOzoneClusterImpl-d3c81739-79da-4dbe-9ced-b164d958c5b5/datanode-3/data/containers] WARN  fs.CachingGetSpaceUsed (CachingGetSpaceUsed.java:run(183)) - Thread Interrupted waiting to refresh disk information: sleep interrupted
2019-09-25 04:52:33,221 [ForkJoinPool.commonPool-worker-1] INFO  utils.BackgroundService (BackgroundService.java:shutdown(148)) - Shutting down service BlockDeletingService
2019-09-25 04:52:33,226 [ForkJoinPool.commonPool-worker-1] INFO  statemachine.DatanodeStateMachine (DatanodeStateMachine.java:stopDaemon(395)) - Ozone container server stopped.
2019-09-25 04:52:33,231 [ForkJoinPool.commonPool-worker-1] INFO  handler.ContextHandler (ContextHandler.java:doStop(910)) - Stopped o.e.j.w.WebAppContext@69cd1085{/,null,UNAVAILABLE}{/hddsDatanode}
2019-09-25 04:52:33,232 [ForkJoinPool.commonPool-worker-1] INFO  server.AbstractConnector (AbstractConnector.java:doStop(318)) - Stopped ServerConnector@60bb7995{HTTP/1.1,[http/1.1]}{0.0.0.0:0}
2019-09-25 04:52:33,234 [ForkJoinPool.commonPool-worker-1] INFO  handler.ContextHandler (ContextHandler.java:doStop(910)) - Stopped o.e.j.s.ServletContextHandler@5befbac1{/static,jar:file:/home/user/.m2/repository/org/apache/hadoop/hadoop-hdds-container-service/0.5.0-SNAPSHOT/hadoop-hdds-container-service-0.5.0-SNAPSHOT.jar!/webapps/static,UNAVAILABLE}
2019-09-25 04:52:33,236 [ForkJoinPool.commonPool-worker-1] INFO  handler.ContextHandler (ContextHandler.java:doStop(910)) - Stopped o.e.j.s.ServletContextHandler@63cf9de0{/logs,file:///workdir/hadoop-ozone/integration-test/target/log,UNAVAILABLE}
2019-09-25 04:52:33,237 [main] INFO  utils.BackgroundService (BackgroundService.java:shutdown(148)) - Shutting down service BlockDeletingService
2019-09-25 04:52:33,242 [main] INFO  statemachine.DatanodeStateMachine (DatanodeStateMachine.java:stopDaemon(395)) - Ozone container server stopped.
2019-09-25 04:52:33,243 [main] INFO  handler.ContextHandler (ContextHandler.java:doStop(910)) - Stopped o.e.j.w.WebAppContext@772caabe{/,null,UNAVAILABLE}{/hddsDatanode}
2019-09-25 04:52:33,244 [main] INFO  server.AbstractConnector (AbstractConnector.java:doStop(318)) - Stopped ServerConnector@2acdcce8{HTTP/1.1,[http/1.1]}{0.0.0.0:0}
2019-09-25 04:52:33,245 [main] INFO  handler.ContextHandler (ContextHandler.java:doStop(910)) - Stopped o.e.j.s.ServletContextHandler@4a8a0099{/static,jar:file:/home/user/.m2/repository/org/apache/hadoop/hadoop-hdds-container-service/0.5.0-SNAPSHOT/hadoop-hdds-container-service-0.5.0-SNAPSHOT.jar!/webapps/static,UNAVAILABLE}
2019-09-25 04:52:33,245 [main] INFO  handler.ContextHandler (ContextHandler.java:doStop(910)) - Stopped o.e.j.s.ServletContextHandler@74f827ad{/logs,file:///workdir/hadoop-ozone/integration-test/target/log,UNAVAILABLE}
2019-09-25 04:52:33,363 [Datanode State Machine Thread - 0] INFO  statemachine.DatanodeStateMachine (DatanodeStateMachine.java:lambda$startDaemon$0(350)) - Ozone container server started.
2019-09-25 04:52:33,856 [Datanode State Machine Thread - 0] INFO  statemachine.DatanodeStateMachine (DatanodeStateMachine.java:lambda$startDaemon$0(350)) - Ozone container server started.
2019-09-25 04:52:38,237 [ForkJoinPool.commonPool-worker-1] INFO  ozoneimpl.OzoneContainer (OzoneContainer.java:stop(231)) - Attempting to stop container services.
2019-09-25 04:52:38,238 [ForkJoinPool.commonPool-worker-1] INFO  impl.RaftServerProxy (RaftServerProxy.java:lambda$close$4(314)) - 4370308c-ceb4-49a9-9879-5927b69a5f85: close
2019-09-25 04:52:38,238 [ForkJoinPool.commonPool-worker-1] INFO  impl.RaftServerImpl (RaftServerImpl.java:lambda$shutdown$3(251)) - 4370308c-ceb4-49a9-9879-5927b69a5f85@group-777739EB62CC: shutdown
2019-09-25 04:52:38,238 [ForkJoinPool.commonPool-worker-1] INFO  util.JmxRegister (JmxRegister.java:unregister(73)) - Successfully un-registered JMX Bean with object name Ratis:service=RaftServer,group=group-777739EB62CC,id=4370308c-ceb4-49a9-9879-5927b69a5f85
2019-09-25 04:52:38,238 [ForkJoinPool.commonPool-worker-1] INFO  impl.RoleInfo (RoleInfo.java:shutdownLeaderState(104)) - 4370308c-ceb4-49a9-9879-5927b69a5f85: shutdown LeaderState
2019-09-25 04:52:38,239 [ForkJoinPool.commonPool-worker-1] INFO  impl.PendingRequests (PendingRequests.java:sendNotLeaderResponses(202)) - 4370308c-ceb4-49a9-9879-5927b69a5f85-PendingRequests: sendNotLeaderResponses
2019-09-25 04:52:38,239 [ForkJoinPool.commonPool-worker-1] INFO  impl.StateMachineUpdater (StateMachineUpdater.java:stopAndJoin(125)) - 4370308c-ceb4-49a9-9879-5927b69a5f85@group-777739EB62CC-StateMachineUpdater: set stopIndex = 0
2019-09-25 04:52:38,239 [ForkJoinPool.commonPool-worker-1] INFO  impl.RaftServerImpl (ServerState.java:close(385)) - 4370308c-ceb4-49a9-9879-5927b69a5f85@group-777739EB62CC: closes. applyIndex: 0
2019-09-25 04:52:38,240 [4370308c-ceb4-49a9-9879-5927b69a5f85@group-777739EB62CC-SegmentedRaftLogWorker] INFO  segmented.SegmentedRaftLogWorker (SegmentedRaftLogWorker.java:run(313)) - 4370308c-ceb4-49a9-9879-5927b69a5f85@group-777739EB62CC-SegmentedRaftLogWorker was interrupted, exiting. There are 0 tasks remaining in the queue.
2019-09-25 04:52:38,240 [ForkJoinPool.commonPool-worker-1] INFO  segmented.SegmentedRaftLogWorker (SegmentedRaftLogWorker.java:close(228)) - 4370308c-ceb4-49a9-9879-5927b69a5f85@group-777739EB62CC-SegmentedRaftLogWorker close()
2019-09-25 04:52:38,242 [ForkJoinPool.commonPool-worker-1] INFO  impl.RaftServerImpl (RaftServerImpl.java:lambda$shutdown$3(251)) - 4370308c-ceb4-49a9-9879-5927b69a5f85@group-D78073311653: shutdown
2019-09-25 04:52:38,243 [ForkJoinPool.commonPool-worker-1] INFO  util.JmxRegister (JmxRegister.java:unregister(73)) - Successfully un-registered JMX Bean with object name Ratis:service=RaftServer,group=group-D78073311653,id=4370308c-ceb4-49a9-9879-5927b69a5f85
2019-09-25 04:52:38,243 [ForkJoinPool.commonPool-worker-1] INFO  impl.RoleInfo (RoleInfo.java:shutdownLeaderState(104)) - 4370308c-ceb4-49a9-9879-5927b69a5f85: shutdown LeaderState
2019-09-25 04:52:38,243 [ForkJoinPool.commonPool-worker-1] INFO  impl.PendingRequests (PendingRequests.java:sendNotLeaderResponses(202)) - 4370308c-ceb4-49a9-9879-5927b69a5f85-PendingRequests: sendNotLeaderResponses
2019-09-25 04:52:38,243 [ForkJoinPool.commonPool-worker-1] INFO  impl.StateMachineUpdater (StateMachineUpdater.java:stopAndJoin(125)) - 4370308c-ceb4-49a9-9879-5927b69a5f85@group-D78073311653-StateMachineUpdater: set stopIndex = 0
2019-09-25 04:52:38,244 [ForkJoinPool.commonPool-worker-1] INFO  impl.RaftServerImpl (ServerState.java:close(385)) - 4370308c-ceb4-49a9-9879-5927b69a5f85@group-D78073311653: closes. applyIndex: 0
2019-09-25 04:52:38,244 [4370308c-ceb4-49a9-9879-5927b69a5f85@group-D78073311653-SegmentedRaftLogWorker] INFO  segmented.SegmentedRaftLogWorker (SegmentedRaftLogWorker.java:run(313)) - 4370308c-ceb4-49a9-9879-5927b69a5f85@group-D78073311653-SegmentedRaftLogWorker was interrupted, exiting. There are 0 tasks remaining in the queue.
2019-09-25 04:52:38,244 [ForkJoinPool.commonPool-worker-1] INFO  segmented.SegmentedRaftLogWorker (SegmentedRaftLogWorker.java:close(228)) - 4370308c-ceb4-49a9-9879-5927b69a5f85@group-D78073311653-SegmentedRaftLogWorker close()
2019-09-25 04:52:38,246 [ForkJoinPool.commonPool-worker-1] INFO  impl.RaftServerImpl (RaftServerImpl.java:lambda$shutdown$3(251)) - 4370308c-ceb4-49a9-9879-5927b69a5f85@group-AAE70ECD8EA9: shutdown
2019-09-25 04:52:38,246 [ForkJoinPool.commonPool-worker-1] INFO  util.JmxRegister (JmxRegister.java:unregister(73)) - Successfully un-registered JMX Bean with object name Ratis:service=RaftServer,group=group-AAE70ECD8EA9,id=4370308c-ceb4-49a9-9879-5927b69a5f85
2019-09-25 04:52:38,246 [ForkJoinPool.commonPool-worker-1] INFO  impl.RoleInfo (RoleInfo.java:shutdownLeaderState(104)) - 4370308c-ceb4-49a9-9879-5927b69a5f85: shutdown LeaderState
2019-09-25 04:52:38,246 [ForkJoinPool.commonPool-worker-1] INFO  impl.PendingRequests (PendingRequests.java:sendNotLeaderResponses(202)) - 4370308c-ceb4-49a9-9879-5927b69a5f85-PendingRequests: sendNotLeaderResponses
2019-09-25 04:52:38,247 [ForkJoinPool.commonPool-worker-1] INFO  impl.StateMachineUpdater (StateMachineUpdater.java:stopAndJoin(125)) - 4370308c-ceb4-49a9-9879-5927b69a5f85@group-AAE70ECD8EA9-StateMachineUpdater: set stopIndex = 0
2019-09-25 04:52:38,247 [ForkJoinPool.commonPool-worker-1] INFO  impl.RaftServerImpl (ServerState.java:close(385)) - 4370308c-ceb4-49a9-9879-5927b69a5f85@group-AAE70ECD8EA9: closes. applyIndex: 0
2019-09-25 04:52:38,247 [4370308c-ceb4-49a9-9879-5927b69a5f85@group-AAE70ECD8EA9-SegmentedRaftLogWorker] INFO  segmented.SegmentedRaftLogWorker (SegmentedRaftLogWorker.java:run(313)) - 4370308c-ceb4-49a9-9879-5927b69a5f85@group-AAE70ECD8EA9-SegmentedRaftLogWorker was interrupted, exiting. There are 0 tasks remaining in the queue.
2019-09-25 04:52:38,248 [main] INFO  ozoneimpl.OzoneContainer (OzoneContainer.java:stop(231)) - Attempting to stop container services.
2019-09-25 04:52:38,248 [main] INFO  impl.RaftServerProxy (RaftServerProxy.java:lambda$close$4(314)) - f0026df0-5652-4d5b-84a4-ec6d3279302c: close
2019-09-25 04:52:38,248 [main] INFO  impl.RaftServerImpl (RaftServerImpl.java:lambda$shutdown$3(251)) - f0026df0-5652-4d5b-84a4-ec6d3279302c@group-49A91453AA77: shutdown
2019-09-25 04:52:38,249 [main] INFO  util.JmxRegister (JmxRegister.java:unregister(73)) - Successfully un-registered JMX Bean with object name Ratis:service=RaftServer,group=group-49A91453AA77,id=f0026df0-5652-4d5b-84a4-ec6d3279302c
2019-09-25 04:52:38,249 [main] INFO  impl.RoleInfo (RoleInfo.java:shutdownLeaderState(104)) - f0026df0-5652-4d5b-84a4-ec6d3279302c: shutdown LeaderState
2019-09-25 04:52:38,249 [main] INFO  impl.PendingRequests (PendingRequests.java:sendNotLeaderResponses(202)) - f0026df0-5652-4d5b-84a4-ec6d3279302c-PendingRequests: sendNotLeaderResponses
2019-09-25 04:52:38,250 [main] INFO  impl.StateMachineUpdater (StateMachineUpdater.java:stopAndJoin(125)) - f0026df0-5652-4d5b-84a4-ec6d3279302c@group-49A91453AA77-StateMachineUpdater: set stopIndex = 0
2019-09-25 04:52:38,250 [main] INFO  impl.RaftServerImpl (ServerState.java:close(385)) - f0026df0-5652-4d5b-84a4-ec6d3279302c@group-49A91453AA77: closes. applyIndex: 0
2019-09-25 04:52:38,250 [f0026df0-5652-4d5b-84a4-ec6d3279302c@group-49A91453AA77-SegmentedRaftLogWorker] INFO  segmented.SegmentedRaftLogWorker (SegmentedRaftLogWorker.java:run(313)) - f0026df0-5652-4d5b-84a4-ec6d3279302c@group-49A91453AA77-SegmentedRaftLogWorker was interrupted, exiting. There are 0 tasks remaining in the queue.
2019-09-25 04:52:38,252 [main] INFO  segmented.SegmentedRaftLogWorker (SegmentedRaftLogWorker.java:close(228)) - f0026df0-5652-4d5b-84a4-ec6d3279302c@group-49A91453AA77-SegmentedRaftLogWorker close()
2019-09-25 04:52:38,252 [ForkJoinPool.commonPool-worker-1] INFO  segmented.SegmentedRaftLogWorker (SegmentedRaftLogWorker.java:close(228)) - 4370308c-ceb4-49a9-9879-5927b69a5f85@group-AAE70ECD8EA9-SegmentedRaftLogWorker close()
2019-09-25 04:52:38,254 [main] INFO  impl.RaftServerImpl (RaftServerImpl.java:lambda$shutdown$3(251)) - f0026df0-5652-4d5b-84a4-ec6d3279302c@group-29B095A6317C: shutdown
2019-09-25 04:52:38,256 [ForkJoinPool.commonPool-worker-1] INFO  impl.RaftServerImpl (RaftServerImpl.java:lambda$shutdown$3(251)) - 4370308c-ceb4-49a9-9879-5927b69a5f85@group-F1847BE0AB07: shutdown
2019-09-25 04:52:38,256 [main] INFO  util.JmxRegister (JmxRegister.java:unregister(73)) - Successfully un-registered JMX Bean with object name Ratis:service=RaftServer,group=group-29B095A6317C,id=f0026df0-5652-4d5b-84a4-ec6d3279302c
2019-09-25 04:52:38,257 [ForkJoinPool.commonPool-worker-1] INFO  util.JmxRegister (JmxRegister.java:unregister(73)) - Successfully un-registered JMX Bean with object name Ratis:service=RaftServer,group=group-F1847BE0AB07,id=4370308c-ceb4-49a9-9879-5927b69a5f85
2019-09-25 04:52:38,257 [main] INFO  impl.RoleInfo (RoleInfo.java:shutdownLeaderState(104)) - f0026df0-5652-4d5b-84a4-ec6d3279302c: shutdown LeaderState
2019-09-25 04:52:38,257 [ForkJoinPool.commonPool-worker-1] INFO  impl.RoleInfo (RoleInfo.java:shutdownLeaderState(104)) - 4370308c-ceb4-49a9-9879-5927b69a5f85: shutdown LeaderState
2019-09-25 04:52:38,257 [main] INFO  impl.PendingRequests (PendingRequests.java:sendNotLeaderResponses(202)) - f0026df0-5652-4d5b-84a4-ec6d3279302c-PendingRequests: sendNotLeaderResponses
2019-09-25 04:52:38,258 [ForkJoinPool.commonPool-worker-1] INFO  impl.PendingRequests (PendingRequests.java:sendNotLeaderResponses(202)) - 4370308c-ceb4-49a9-9879-5927b69a5f85-PendingRequests: sendNotLeaderResponses
2019-09-25 04:52:38,258 [main] INFO  impl.StateMachineUpdater (StateMachineUpdater.java:stopAndJoin(125)) - f0026df0-5652-4d5b-84a4-ec6d3279302c@group-29B095A6317C-StateMachineUpdater: set stopIndex = 0
2019-09-25 04:52:38,258 [ForkJoinPool.commonPool-worker-1] INFO  impl.StateMachineUpdater (StateMachineUpdater.java:stopAndJoin(125)) - 4370308c-ceb4-49a9-9879-5927b69a5f85@group-F1847BE0AB07-StateMachineUpdater: set stopIndex = 0
2019-09-25 04:52:38,259 [main] INFO  impl.RaftServerImpl (ServerState.java:close(385)) - f0026df0-5652-4d5b-84a4-ec6d3279302c@group-29B095A6317C: closes. applyIndex: 0
2019-09-25 04:52:38,260 [ForkJoinPool.commonPool-worker-1] INFO  impl.RaftServerImpl (ServerState.java:close(385)) - 4370308c-ceb4-49a9-9879-5927b69a5f85@group-F1847BE0AB07: closes. applyIndex: 0
2019-09-25 04:52:38,260 [f0026df0-5652-4d5b-84a4-ec6d3279302c@group-29B095A6317C-SegmentedRaftLogWorker] INFO  segmented.SegmentedRaftLogWorker (SegmentedRaftLogWorker.java:run(313)) - f0026df0-5652-4d5b-84a4-ec6d3279302c@group-29B095A6317C-SegmentedRaftLogWorker was interrupted, exiting. There are 0 tasks remaining in the queue.
2019-09-25 04:52:38,260 [4370308c-ceb4-49a9-9879-5927b69a5f85@group-F1847BE0AB07-SegmentedRaftLogWorker] INFO  segmented.SegmentedRaftLogWorker (SegmentedRaftLogWorker.java:run(313)) - 4370308c-ceb4-49a9-9879-5927b69a5f85@group-F1847BE0AB07-SegmentedRaftLogWorker was interrupted, exiting. There are 0 tasks remaining in the queue.
2019-09-25 04:52:38,261 [main] INFO  segmented.SegmentedRaftLogWorker (SegmentedRaftLogWorker.java:close(228)) - f0026df0-5652-4d5b-84a4-ec6d3279302c@group-29B095A6317C-SegmentedRaftLogWorker close()
2019-09-25 04:52:38,261 [ForkJoinPool.commonPool-worker-1] INFO  segmented.SegmentedRaftLogWorker (SegmentedRaftLogWorker.java:close(228)) - 4370308c-ceb4-49a9-9879-5927b69a5f85@group-F1847BE0AB07-SegmentedRaftLogWorker close()
2019-09-25 04:52:38,263 [main] INFO  impl.RaftServerImpl (RaftServerImpl.java:lambda$shutdown$3(251)) - f0026df0-5652-4d5b-84a4-ec6d3279302c@group-323F57BC2C45: shutdown
2019-09-25 04:52:38,264 [ForkJoinPool.commonPool-worker-1] INFO  impl.RaftServerImpl (RaftServerImpl.java:lambda$shutdown$3(251)) - 4370308c-ceb4-49a9-9879-5927b69a5f85@group-7FEE2DB622D8: shutdown
2019-09-25 04:52:38,265 [ForkJoinPool.commonPool-worker-1] INFO  util.JmxRegister (JmxRegister.java:unregister(73)) - Successfully un-registered JMX Bean with object name Ratis:service=RaftServer,group=group-7FEE2DB622D8,id=4370308c-ceb4-49a9-9879-5927b69a5f85
2019-09-25 04:52:38,265 [main] INFO  util.JmxRegister (JmxRegister.java:unregister(73)) - Successfully un-registered JMX Bean with object name Ratis:service=RaftServer,group=group-323F57BC2C45,id=f0026df0-5652-4d5b-84a4-ec6d3279302c
2019-09-25 04:52:38,265 [ForkJoinPool.commonPool-worker-1] INFO  impl.RoleInfo (RoleInfo.java:shutdownLeaderState(104)) - 4370308c-ceb4-49a9-9879-5927b69a5f85: shutdown LeaderState
2019-09-25 04:52:38,266 [main] INFO  impl.RoleInfo (RoleInfo.java:shutdownLeaderState(104)) - f0026df0-5652-4d5b-84a4-ec6d3279302c: shutdown LeaderState
2019-09-25 04:52:38,266 [ForkJoinPool.commonPool-worker-1] INFO  impl.PendingRequests (PendingRequests.java:sendNotLeaderResponses(202)) - 4370308c-ceb4-49a9-9879-5927b69a5f85-PendingRequests: sendNotLeaderResponses
2019-09-25 04:52:38,266 [main] INFO  impl.PendingRequests (PendingRequests.java:sendNotLeaderResponses(202)) - f0026df0-5652-4d5b-84a4-ec6d3279302c-PendingRequests: sendNotLeaderResponses
2019-09-25 04:52:38,267 [ForkJoinPool.commonPool-worker-1] INFO  impl.StateMachineUpdater (StateMachineUpdater.java:stopAndJoin(125)) - 4370308c-ceb4-49a9-9879-5927b69a5f85@group-7FEE2DB622D8-StateMachineUpdater: set stopIndex = 0
2019-09-25 04:52:38,267 [main] INFO  impl.StateMachineUpdater (StateMachineUpdater.java:stopAndJoin(125)) - f0026df0-5652-4d5b-84a4-ec6d3279302c@group-323F57BC2C45-StateMachineUpdater: set stopIndex = 0
2019-09-25 04:52:38,267 [ForkJoinPool.commonPool-worker-1] INFO  impl.RaftServerImpl (ServerState.java:close(385)) - 4370308c-ceb4-49a9-9879-5927b69a5f85@group-7FEE2DB622D8: closes. applyIndex: 0
2019-09-25 04:52:38,268 [main] INFO  impl.RaftServerImpl (ServerState.java:close(385)) - f0026df0-5652-4d5b-84a4-ec6d3279302c@group-323F57BC2C45: closes. applyIndex: 0
2019-09-25 04:52:38,268 [4370308c-ceb4-49a9-9879-5927b69a5f85@group-7FEE2DB622D8-SegmentedRaftLogWorker] INFO  segmented.SegmentedRaftLogWorker (SegmentedRaftLogWorker.java:run(313)) - 4370308c-ceb4-49a9-9879-5927b69a5f85@group-7FEE2DB622D8-SegmentedRaftLogWorker was interrupted, exiting. There are 0 tasks remaining in the queue.
2019-09-25 04:52:38,268 [f0026df0-5652-4d5b-84a4-ec6d3279302c@group-323F57BC2C45-SegmentedRaftLogWorker] INFO  segmented.SegmentedRaftLogWorker (SegmentedRaftLogWorker.java:run(313)) - f0026df0-5652-4d5b-84a4-ec6d3279302c@group-323F57BC2C45-SegmentedRaftLogWorker was interrupted, exiting. There are 0 tasks remaining in the queue.
2019-09-25 04:52:38,268 [ForkJoinPool.commonPool-worker-1] INFO  segmented.SegmentedRaftLogWorker (SegmentedRaftLogWorker.java:close(228)) - 4370308c-ceb4-49a9-9879-5927b69a5f85@group-7FEE2DB622D8-SegmentedRaftLogWorker close()
2019-09-25 04:52:38,270 [main] INFO  segmented.SegmentedRaftLogWorker (SegmentedRaftLogWorker.java:close(228)) - f0026df0-5652-4d5b-84a4-ec6d3279302c@group-323F57BC2C45-SegmentedRaftLogWorker close()
2019-09-25 04:52:38,272 [ForkJoinPool.commonPool-worker-1] INFO  impl.RaftServerImpl (RaftServerImpl.java:lambda$shutdown$3(251)) - 4370308c-ceb4-49a9-9879-5927b69a5f85@group-7FFACA27CB41: shutdown
2019-09-25 04:52:38,278 [main] INFO  impl.RaftServerImpl (RaftServerImpl.java:lambda$shutdown$3(251)) - f0026df0-5652-4d5b-84a4-ec6d3279302c@group-CDF08840069C: shutdown
2019-09-25 04:52:38,279 [ForkJoinPool.commonPool-worker-1] INFO  util.JmxRegister (JmxRegister.java:unregister(73)) - Successfully un-registered JMX Bean with object name Ratis:service=RaftServer,group=group-7FFACA27CB41,id=4370308c-ceb4-49a9-9879-5927b69a5f85
2019-09-25 04:52:38,279 [main] INFO  util.JmxRegister (JmxRegister.java:unregister(73)) - Successfully un-registered JMX Bean with object name Ratis:service=RaftServer,group=group-CDF08840069C,id=f0026df0-5652-4d5b-84a4-ec6d3279302c
2019-09-25 04:52:38,279 [ForkJoinPool.commonPool-worker-1] INFO  impl.RoleInfo (RoleInfo.java:shutdownLeaderState(104)) - 4370308c-ceb4-49a9-9879-5927b69a5f85: shutdown LeaderState
2019-09-25 04:52:38,279 [main] INFO  impl.RoleInfo (RoleInfo.java:shutdownLeaderState(104)) - f0026df0-5652-4d5b-84a4-ec6d3279302c: shutdown LeaderState
2019-09-25 04:52:38,280 [ForkJoinPool.commonPool-worker-1] INFO  impl.PendingRequests (PendingRequests.java:sendNotLeaderResponses(202)) - 4370308c-ceb4-49a9-9879-5927b69a5f85-PendingRequests: sendNotLeaderResponses
2019-09-25 04:52:38,280 [main] INFO  impl.PendingRequests (PendingRequests.java:sendNotLeaderResponses(202)) - f0026df0-5652-4d5b-84a4-ec6d3279302c-PendingRequests: sendNotLeaderResponses
2019-09-25 04:52:38,280 [ForkJoinPool.commonPool-worker-1] INFO  impl.StateMachineUpdater (StateMachineUpdater.java:stopAndJoin(125)) - 4370308c-ceb4-49a9-9879-5927b69a5f85@group-7FFACA27CB41-StateMachineUpdater: set stopIndex = 0
2019-09-25 04:52:38,280 [main] INFO  impl.StateMachineUpdater (StateMachineUpdater.java:stopAndJoin(125)) - f0026df0-5652-4d5b-84a4-ec6d3279302c@group-CDF08840069C-StateMachineUpdater: set stopIndex = 0
2019-09-25 04:52:38,281 [ForkJoinPool.commonPool-worker-1] INFO  impl.RaftServerImpl (ServerState.java:close(385)) - 4370308c-ceb4-49a9-9879-5927b69a5f85@group-7FFACA27CB41: closes. applyIndex: 0
2019-09-25 04:52:38,281 [main] INFO  impl.RaftServerImpl (ServerState.java:close(385)) - f0026df0-5652-4d5b-84a4-ec6d3279302c@group-CDF08840069C: closes. applyIndex: 0
2019-09-25 04:52:38,281 [4370308c-ceb4-49a9-9879-5927b69a5f85@group-7FFACA27CB41-SegmentedRaftLogWorker] INFO  segmented.SegmentedRaftLogWorker (SegmentedRaftLogWorker.java:run(313)) - 4370308c-ceb4-49a9-9879-5927b69a5f85@group-7FFACA27CB41-SegmentedRaftLogWorker was interrupted, exiting. There are 0 tasks remaining in the queue.
2019-09-25 04:52:38,281 [ForkJoinPool.commonPool-worker-1] INFO  segmented.SegmentedRaftLogWorker (SegmentedRaftLogWorker.java:close(228)) - 4370308c-ceb4-49a9-9879-5927b69a5f85@group-7FFACA27CB41-SegmentedRaftLogWorker close()
2019-09-25 04:52:38,281 [f0026df0-5652-4d5b-84a4-ec6d3279302c@group-CDF08840069C-SegmentedRaftLogWorker] INFO  segmented.SegmentedRaftLogWorker (SegmentedRaftLogWorker.java:run(313)) - f0026df0-5652-4d5b-84a4-ec6d3279302c@group-CDF08840069C-SegmentedRaftLogWorker was interrupted, exiting. There are 0 tasks remaining in the queue.
2019-09-25 04:52:38,282 [ForkJoinPool.commonPool-worker-1] INFO  server.GrpcService (GrpcService.java:closeImpl(164)) - 4370308c-ceb4-49a9-9879-5927b69a5f85: shutdown server with port 34481 now
2019-09-25 04:52:38,282 [main] INFO  segmented.SegmentedRaftLogWorker (SegmentedRaftLogWorker.java:close(228)) - f0026df0-5652-4d5b-84a4-ec6d3279302c@group-CDF08840069C-SegmentedRaftLogWorker close()
2019-09-25 04:52:38,282 [main] INFO  impl.RaftServerImpl (RaftServerImpl.java:lambda$shutdown$3(251)) - f0026df0-5652-4d5b-84a4-ec6d3279302c@group-BB3D346AD134: shutdown
2019-09-25 04:52:38,284 [ForkJoinPool.commonPool-worker-1] INFO  server.GrpcService (GrpcService.java:closeImpl(172)) - 4370308c-ceb4-49a9-9879-5927b69a5f85: shutdown server with port 34481 successfully
2019-09-25 04:52:38,284 [main] INFO  util.JmxRegister (JmxRegister.java:unregister(73)) - Successfully un-registered JMX Bean with object name Ratis:service=RaftServer,group=group-BB3D346AD134,id=f0026df0-5652-4d5b-84a4-ec6d3279302c
2019-09-25 04:52:38,284 [main] INFO  impl.RoleInfo (RoleInfo.java:shutdownLeaderState(104)) - f0026df0-5652-4d5b-84a4-ec6d3279302c: shutdown LeaderState
2019-09-25 04:52:38,285 [main] INFO  impl.PendingRequests (PendingRequests.java:sendNotLeaderResponses(202)) - f0026df0-5652-4d5b-84a4-ec6d3279302c-PendingRequests: sendNotLeaderResponses
2019-09-25 04:52:38,285 [main] INFO  impl.StateMachineUpdater (StateMachineUpdater.java:stopAndJoin(125)) - f0026df0-5652-4d5b-84a4-ec6d3279302c@group-BB3D346AD134-StateMachineUpdater: set stopIndex = 0
2019-09-25 04:52:38,285 [main] INFO  impl.RaftServerImpl (ServerState.java:close(385)) - f0026df0-5652-4d5b-84a4-ec6d3279302c@group-BB3D346AD134: closes. applyIndex: 0
2019-09-25 04:52:38,286 [refreshUsed-/workdir/hadoop-ozone/integration-test/target/test-dir/MiniOzoneClusterImpl-d3c81739-79da-4dbe-9ced-b164d958c5b5/datanode-0/data/containers] WARN  fs.CachingGetSpaceUsed (CachingGetSpaceUsed.java:run(183)) - Thread Interrupted waiting to refresh disk information: sleep interrupted
2019-09-25 04:52:38,286 [f0026df0-5652-4d5b-84a4-ec6d3279302c@group-BB3D346AD134-SegmentedRaftLogWorker] INFO  segmented.SegmentedRaftLogWorker (SegmentedRaftLogWorker.java:run(313)) - f0026df0-5652-4d5b-84a4-ec6d3279302c@group-BB3D346AD134-SegmentedRaftLogWorker was interrupted, exiting. There are 0 tasks remaining in the queue.
2019-09-25 04:52:38,286 [main] INFO  segmented.SegmentedRaftLogWorker (SegmentedRaftLogWorker.java:close(228)) - f0026df0-5652-4d5b-84a4-ec6d3279302c@group-BB3D346AD134-SegmentedRaftLogWorker close()
2019-09-25 04:52:38,287 [main] INFO  impl.RaftServerImpl (RaftServerImpl.java:lambda$shutdown$3(251)) - f0026df0-5652-4d5b-84a4-ec6d3279302c@group-C05106C75EAC: shutdown
2019-09-25 04:52:38,287 [main] INFO  util.JmxRegister (JmxRegister.java:unregister(73)) - Successfully un-registered JMX Bean with object name Ratis:service=RaftServer,group=group-C05106C75EAC,id=f0026df0-5652-4d5b-84a4-ec6d3279302c
2019-09-25 04:52:38,287 [main] INFO  impl.RoleInfo (RoleInfo.java:shutdownLeaderState(104)) - f0026df0-5652-4d5b-84a4-ec6d3279302c: shutdown LeaderState
2019-09-25 04:52:38,288 [main] INFO  impl.PendingRequests (PendingRequests.java:sendNotLeaderResponses(202)) - f0026df0-5652-4d5b-84a4-ec6d3279302c-PendingRequests: sendNotLeaderResponses
2019-09-25 04:52:38,288 [main] INFO  impl.StateMachineUpdater (StateMachineUpdater.java:stopAndJoin(125)) - f0026df0-5652-4d5b-84a4-ec6d3279302c@group-C05106C75EAC-StateMachineUpdater: set stopIndex = 0
2019-09-25 04:52:38,288 [main] INFO  impl.RaftServerImpl (ServerState.java:close(385)) - f0026df0-5652-4d5b-84a4-ec6d3279302c@group-C05106C75EAC: closes. applyIndex: 0
2019-09-25 04:52:38,289 [f0026df0-5652-4d5b-84a4-ec6d3279302c@group-C05106C75EAC-SegmentedRaftLogWorker] INFO  segmented.SegmentedRaftLogWorker (SegmentedRaftLogWorker.java:run(313)) - f0026df0-5652-4d5b-84a4-ec6d3279302c@group-C05106C75EAC-SegmentedRaftLogWorker was interrupted, exiting. There are 0 tasks remaining in the queue.
2019-09-25 04:52:38,290 [main] INFO  segmented.SegmentedRaftLogWorker (SegmentedRaftLogWorker.java:close(228)) - f0026df0-5652-4d5b-84a4-ec6d3279302c@group-C05106C75EAC-SegmentedRaftLogWorker close()
2019-09-25 04:52:38,290 [main] INFO  server.GrpcService (GrpcService.java:closeImpl(164)) - f0026df0-5652-4d5b-84a4-ec6d3279302c: shutdown server with port 40753 now
2019-09-25 04:52:38,292 [main] INFO  server.GrpcService (GrpcService.java:closeImpl(172)) - f0026df0-5652-4d5b-84a4-ec6d3279302c: shutdown server with port 40753 successfully
2019-09-25 04:52:38,296 [refreshUsed-/workdir/hadoop-ozone/integration-test/target/test-dir/MiniOzoneClusterImpl-d3c81739-79da-4dbe-9ced-b164d958c5b5/datanode-6/data/containers] WARN  fs.CachingGetSpaceUsed (CachingGetSpaceUsed.java:run(183)) - Thread Interrupted waiting to refresh disk information: sleep interrupted
2019-09-25 04:52:38,306 [main] INFO  utils.BackgroundService (BackgroundService.java:shutdown(148)) - Shutting down service BlockDeletingService
2019-09-25 04:52:38,306 [ForkJoinPool.commonPool-worker-1] INFO  utils.BackgroundService (BackgroundService.java:shutdown(148)) - Shutting down service BlockDeletingService
2019-09-25 04:52:38,309 [main] INFO  statemachine.DatanodeStateMachine (DatanodeStateMachine.java:stopDaemon(395)) - Ozone container server stopped.
2019-09-25 04:52:38,312 [ForkJoinPool.commonPool-worker-1] INFO  statemachine.DatanodeStateMachine (DatanodeStateMachine.java:stopDaemon(395)) - Ozone container server stopped.
2019-09-25 04:52:38,325 [ForkJoinPool.commonPool-worker-1] INFO  handler.ContextHandler (ContextHandler.java:doStop(910)) - Stopped o.e.j.w.WebAppContext@6bc24e72{/,null,UNAVAILABLE}{/hddsDatanode}
2019-09-25 04:52:38,325 [main] INFO  handler.ContextHandler (ContextHandler.java:doStop(910)) - Stopped o.e.j.w.WebAppContext@6fff46bf{/,null,UNAVAILABLE}{/hddsDatanode}
2019-09-25 04:52:38,326 [main] INFO  server.AbstractConnector (AbstractConnector.java:doStop(318)) - Stopped ServerConnector@1835dc92{HTTP/1.1,[http/1.1]}{0.0.0.0:0}
2019-09-25 04:52:38,326 [ForkJoinPool.commonPool-worker-1] INFO  server.AbstractConnector (AbstractConnector.java:doStop(318)) - Stopped ServerConnector@724aefc3{HTTP/1.1,[http/1.1]}{0.0.0.0:0}
2019-09-25 04:52:38,326 [main] INFO  handler.ContextHandler (ContextHandler.java:doStop(910)) - Stopped o.e.j.s.ServletContextHandler@7ddd84b5{/static,jar:file:/home/user/.m2/repository/org/apache/hadoop/hadoop-hdds-container-service/0.5.0-SNAPSHOT/hadoop-hdds-container-service-0.5.0-SNAPSHOT.jar!/webapps/static,UNAVAILABLE}
2019-09-25 04:52:38,327 [ForkJoinPool.commonPool-worker-1] INFO  handler.ContextHandler (ContextHandler.java:doStop(910)) - Stopped o.e.j.s.ServletContextHandler@2f4b98f6{/static,jar:file:/home/user/.m2/repository/org/apache/hadoop/hadoop-hdds-container-service/0.5.0-SNAPSHOT/hadoop-hdds-container-service-0.5.0-SNAPSHOT.jar!/webapps/static,UNAVAILABLE}
2019-09-25 04:52:38,327 [main] INFO  handler.ContextHandler (ContextHandler.java:doStop(910)) - Stopped o.e.j.s.ServletContextHandler@217bf99e{/logs,file:///workdir/hadoop-ozone/integration-test/target/log,UNAVAILABLE}
2019-09-25 04:52:38,328 [ForkJoinPool.commonPool-worker-1] INFO  handler.ContextHandler (ContextHandler.java:doStop(910)) - Stopped o.e.j.s.ServletContextHandler@659feb22{/logs,file:///workdir/hadoop-ozone/integration-test/target/log,UNAVAILABLE}
2019-09-25 04:52:38,780 [Datanode State Machine Thread - 0] INFO  statemachine.DatanodeStateMachine (DatanodeStateMachine.java:lambda$startDaemon$0(350)) - Ozone container server started.
2019-09-25 04:52:43,330 [main] INFO  ozoneimpl.OzoneContainer (OzoneContainer.java:stop(231)) - Attempting to stop container services.
2019-09-25 04:52:43,331 [main] INFO  impl.RaftServerProxy (RaftServerProxy.java:lambda$close$4(314)) - 9586c7e2-af3f-487f-89b7-bc8fbed5a611: close
2019-09-25 04:52:43,332 [main] INFO  impl.RaftServerImpl (RaftServerImpl.java:lambda$shutdown$3(251)) - 9586c7e2-af3f-487f-89b7-bc8fbed5a611@group-4F0394905466: shutdown
2019-09-25 04:52:43,332 [ForkJoinPool.commonPool-worker-0] INFO  impl.RaftServerImpl (RaftServerImpl.java:lambda$shutdown$3(251)) - 9586c7e2-af3f-487f-89b7-bc8fbed5a611@group-FF18B0D73491: shutdown
2019-09-25 04:52:43,333 [main] INFO  util.JmxRegister (JmxRegister.java:unregister(73)) - Successfully un-registered JMX Bean with object name Ratis:service=RaftServer,group=group-4F0394905466,id=9586c7e2-af3f-487f-89b7-bc8fbed5a611
2019-09-25 04:52:43,333 [ForkJoinPool.commonPool-worker-0] INFO  util.JmxRegister (JmxRegister.java:unregister(73)) - Successfully un-registered JMX Bean with object name Ratis:service=RaftServer,group=group-FF18B0D73491,id=9586c7e2-af3f-487f-89b7-bc8fbed5a611
2019-09-25 04:52:43,333 [main] INFO  impl.RoleInfo (RoleInfo.java:shutdownLeaderState(104)) - 9586c7e2-af3f-487f-89b7-bc8fbed5a611: shutdown LeaderState
2019-09-25 04:52:43,334 [ForkJoinPool.commonPool-worker-0] INFO  impl.RoleInfo (RoleInfo.java:shutdownLeaderState(104)) - 9586c7e2-af3f-487f-89b7-bc8fbed5a611: shutdown LeaderState
2019-09-25 04:52:43,334 [main] INFO  impl.PendingRequests (PendingRequests.java:sendNotLeaderResponses(202)) - 9586c7e2-af3f-487f-89b7-bc8fbed5a611-PendingRequests: sendNotLeaderResponses
2019-09-25 04:52:43,334 [ForkJoinPool.commonPool-worker-0] INFO  impl.PendingRequests (PendingRequests.java:sendNotLeaderResponses(202)) - 9586c7e2-af3f-487f-89b7-bc8fbed5a611-PendingRequests: sendNotLeaderResponses
2019-09-25 04:52:43,335 [main] INFO  impl.StateMachineUpdater (StateMachineUpdater.java:stopAndJoin(125)) - 9586c7e2-af3f-487f-89b7-bc8fbed5a611@group-4F0394905466-StateMachineUpdater: set stopIndex = 0
2019-09-25 04:52:43,335 [ForkJoinPool.commonPool-worker-0] INFO  impl.StateMachineUpdater (StateMachineUpdater.java:stopAndJoin(125)) - 9586c7e2-af3f-487f-89b7-bc8fbed5a611@group-FF18B0D73491-StateMachineUpdater: set stopIndex = 0
2019-09-25 04:52:43,335 [main] INFO  impl.RaftServerImpl (ServerState.java:close(385)) - 9586c7e2-af3f-487f-89b7-bc8fbed5a611@group-4F0394905466: closes. applyIndex: 0
2019-09-25 04:52:43,336 [ForkJoinPool.commonPool-worker-0] INFO  impl.RaftServerImpl (ServerState.java:close(385)) - 9586c7e2-af3f-487f-89b7-bc8fbed5a611@group-FF18B0D73491: closes. applyIndex: 0
2019-09-25 04:52:43,336 [9586c7e2-af3f-487f-89b7-bc8fbed5a611@group-4F0394905466-SegmentedRaftLogWorker] INFO  segmented.SegmentedRaftLogWorker (SegmentedRaftLogWorker.java:run(313)) - 9586c7e2-af3f-487f-89b7-bc8fbed5a611@group-4F0394905466-SegmentedRaftLogWorker was interrupted, exiting. There are 0 tasks remaining in the queue.
2019-09-25 04:52:43,337 [9586c7e2-af3f-487f-89b7-bc8fbed5a611@group-FF18B0D73491-SegmentedRaftLogWorker] INFO  segmented.SegmentedRaftLogWorker (SegmentedRaftLogWorker.java:run(313)) - 9586c7e2-af3f-487f-89b7-bc8fbed5a611@group-FF18B0D73491-SegmentedRaftLogWorker was interrupted, exiting. There are 0 tasks remaining in the queue.
2019-09-25 04:52:43,337 [main] INFO  segmented.SegmentedRaftLogWorker (SegmentedRaftLogWorker.java:close(228)) - 9586c7e2-af3f-487f-89b7-bc8fbed5a611@group-4F0394905466-SegmentedRaftLogWorker close()
2019-09-25 04:52:43,337 [ForkJoinPool.commonPool-worker-0] INFO  segmented.SegmentedRaftLogWorker (SegmentedRaftLogWorker.java:close(228)) - 9586c7e2-af3f-487f-89b7-bc8fbed5a611@group-FF18B0D73491-SegmentedRaftLogWorker close()
2019-09-25 04:52:43,337 [main] INFO  impl.RaftServerImpl (RaftServerImpl.java:lambda$shutdown$3(251)) - 9586c7e2-af3f-487f-89b7-bc8fbed5a611@group-C08DF61DD8F9: shutdown
2019-09-25 04:52:43,338 [ForkJoinPool.commonPool-worker-0] INFO  impl.RaftServerImpl (RaftServerImpl.java:lambda$shutdown$3(251)) - 9586c7e2-af3f-487f-89b7-bc8fbed5a611@group-DC50B09717BE: shutdown
2019-09-25 04:52:43,338 [main] INFO  util.JmxRegister (JmxRegister.java:unregister(73)) - Successfully un-registered JMX Bean with object name Ratis:service=RaftServer,group=group-C08DF61DD8F9,id=9586c7e2-af3f-487f-89b7-bc8fbed5a611
2019-09-25 04:52:43,338 [ForkJoinPool.commonPool-worker-0] INFO  util.JmxRegister (JmxRegister.java:unregister(73)) - Successfully un-registered JMX Bean with object name Ratis:service=RaftServer,group=group-DC50B09717BE,id=9586c7e2-af3f-487f-89b7-bc8fbed5a611
2019-09-25 04:52:43,339 [main] INFO  impl.RoleInfo (RoleInfo.java:shutdownLeaderState(104)) - 9586c7e2-af3f-487f-89b7-bc8fbed5a611: shutdown LeaderState
2019-09-25 04:52:43,339 [ForkJoinPool.commonPool-worker-0] INFO  impl.RoleInfo (RoleInfo.java:shutdownLeaderState(104)) - 9586c7e2-af3f-487f-89b7-bc8fbed5a611: shutdown LeaderState
2019-09-25 04:52:43,339 [main] INFO  impl.PendingRequests (PendingRequests.java:sendNotLeaderResponses(202)) - 9586c7e2-af3f-487f-89b7-bc8fbed5a611-PendingRequests: sendNotLeaderResponses
2019-09-25 04:52:43,340 [ForkJoinPool.commonPool-worker-0] INFO  impl.PendingRequests (PendingRequests.java:sendNotLeaderResponses(202)) - 9586c7e2-af3f-487f-89b7-bc8fbed5a611-PendingRequests: sendNotLeaderResponses
2019-09-25 04:52:43,340 [main] INFO  impl.StateMachineUpdater (StateMachineUpdater.java:stopAndJoin(125)) - 9586c7e2-af3f-487f-89b7-bc8fbed5a611@group-C08DF61DD8F9-StateMachineUpdater: set stopIndex = 0
2019-09-25 04:52:43,340 [ForkJoinPool.commonPool-worker-0] INFO  impl.StateMachineUpdater (StateMachineUpdater.java:stopAndJoin(125)) - 9586c7e2-af3f-487f-89b7-bc8fbed5a611@group-DC50B09717BE-StateMachineUpdater: set stopIndex = 0
2019-09-25 04:52:43,341 [main] INFO  impl.RaftServerImpl (ServerState.java:close(385)) - 9586c7e2-af3f-487f-89b7-bc8fbed5a611@group-C08DF61DD8F9: closes. applyIndex: 0
2019-09-25 04:52:43,341 [ForkJoinPool.commonPool-worker-0] INFO  impl.RaftServerImpl (ServerState.java:close(385)) - 9586c7e2-af3f-487f-89b7-bc8fbed5a611@group-DC50B09717BE: closes. applyIndex: 0
2019-09-25 04:52:43,341 [9586c7e2-af3f-487f-89b7-bc8fbed5a611@group-C08DF61DD8F9-SegmentedRaftLogWorker] INFO  segmented.SegmentedRaftLogWorker (SegmentedRaftLogWorker.java:run(313)) - 9586c7e2-af3f-487f-89b7-bc8fbed5a611@group-C08DF61DD8F9-SegmentedRaftLogWorker was interrupted, exiting. There are 0 tasks remaining in the queue.
2019-09-25 04:52:43,342 [9586c7e2-af3f-487f-89b7-bc8fbed5a611@group-DC50B09717BE-SegmentedRaftLogWorker] INFO  segmented.SegmentedRaftLogWorker (SegmentedRaftLogWorker.java:run(313)) - 9586c7e2-af3f-487f-89b7-bc8fbed5a611@group-DC50B09717BE-SegmentedRaftLogWorker was interrupted, exiting. There are 0 tasks remaining in the queue.
2019-09-25 04:52:43,349 [ForkJoinPool.commonPool-worker-0] INFO  segmented.SegmentedRaftLogWorker (SegmentedRaftLogWorker.java:close(228)) - 9586c7e2-af3f-487f-89b7-bc8fbed5a611@group-DC50B09717BE-SegmentedRaftLogWorker close()
2019-09-25 04:52:43,349 [main] INFO  segmented.SegmentedRaftLogWorker (SegmentedRaftLogWorker.java:close(228)) - 9586c7e2-af3f-487f-89b7-bc8fbed5a611@group-C08DF61DD8F9-SegmentedRaftLogWorker close()
2019-09-25 04:52:43,349 [ForkJoinPool.commonPool-worker-0] INFO  impl.RaftServerImpl (RaftServerImpl.java:lambda$shutdown$3(251)) - 9586c7e2-af3f-487f-89b7-bc8fbed5a611@group-63A7082114CF: shutdown
2019-09-25 04:52:43,350 [ForkJoinPool.commonPool-worker-0] INFO  util.JmxRegister (JmxRegister.java:unregister(73)) - Successfully un-registered JMX Bean with object name Ratis:service=RaftServer,group=group-63A7082114CF,id=9586c7e2-af3f-487f-89b7-bc8fbed5a611
2019-09-25 04:52:43,350 [ForkJoinPool.commonPool-worker-0] INFO  impl.RoleInfo (RoleInfo.java:shutdownLeaderState(104)) - 9586c7e2-af3f-487f-89b7-bc8fbed5a611: shutdown LeaderState
2019-09-25 04:52:43,350 [ForkJoinPool.commonPool-worker-0] INFO  impl.PendingRequests (PendingRequests.java:sendNotLeaderResponses(202)) - 9586c7e2-af3f-487f-89b7-bc8fbed5a611-PendingRequests: sendNotLeaderResponses
2019-09-25 04:52:43,350 [ForkJoinPool.commonPool-worker-0] INFO  impl.StateMachineUpdater (StateMachineUpdater.java:stopAndJoin(125)) - 9586c7e2-af3f-487f-89b7-bc8fbed5a611@group-63A7082114CF-StateMachineUpdater: set stopIndex = 0
2019-09-25 04:52:43,351 [ForkJoinPool.commonPool-worker-0] INFO  impl.RaftServerImpl (ServerState.java:close(385)) - 9586c7e2-af3f-487f-89b7-bc8fbed5a611@group-63A7082114CF: closes. applyIndex: 0
2019-09-25 04:52:43,351 [9586c7e2-af3f-487f-89b7-bc8fbed5a611@group-63A7082114CF-SegmentedRaftLogWorker] INFO  segmented.SegmentedRaftLogWorker (SegmentedRaftLogWorker.java:run(313)) - 9586c7e2-af3f-487f-89b7-bc8fbed5a611@group-63A7082114CF-SegmentedRaftLogWorker was interrupted, exiting. There are 0 tasks remaining in the queue.
2019-09-25 04:52:43,351 [ForkJoinPool.commonPool-worker-0] INFO  segmented.SegmentedRaftLogWorker (SegmentedRaftLogWorker.java:close(228)) - 9586c7e2-af3f-487f-89b7-bc8fbed5a611@group-63A7082114CF-SegmentedRaftLogWorker close()
2019-09-25 04:52:43,351 [ForkJoinPool.commonPool-worker-0] INFO  impl.RaftServerImpl (RaftServerImpl.java:lambda$shutdown$3(251)) - 9586c7e2-af3f-487f-89b7-bc8fbed5a611@group-96A61ACC6F9D: shutdown
2019-09-25 04:52:43,351 [ForkJoinPool.commonPool-worker-0] INFO  util.JmxRegister (JmxRegister.java:unregister(73)) - Successfully un-registered JMX Bean with object name Ratis:service=RaftServer,group=group-96A61ACC6F9D,id=9586c7e2-af3f-487f-89b7-bc8fbed5a611
2019-09-25 04:52:43,352 [ForkJoinPool.commonPool-worker-0] INFO  impl.RoleInfo (RoleInfo.java:shutdownLeaderState(104)) - 9586c7e2-af3f-487f-89b7-bc8fbed5a611: shutdown LeaderState
2019-09-25 04:52:43,352 [ForkJoinPool.commonPool-worker-0] INFO  impl.PendingRequests (PendingRequests.java:sendNotLeaderResponses(202)) - 9586c7e2-af3f-487f-89b7-bc8fbed5a611-PendingRequests: sendNotLeaderResponses
2019-09-25 04:52:43,352 [ForkJoinPool.commonPool-worker-0] INFO  impl.StateMachineUpdater (StateMachineUpdater.java:stopAndJoin(125)) - 9586c7e2-af3f-487f-89b7-bc8fbed5a611@group-96A61ACC6F9D-StateMachineUpdater: set stopIndex = 0
2019-09-25 04:52:43,352 [ForkJoinPool.commonPool-worker-0] INFO  impl.RaftServerImpl (ServerState.java:close(385)) - 9586c7e2-af3f-487f-89b7-bc8fbed5a611@group-96A61ACC6F9D: closes. applyIndex: 0
2019-09-25 04:52:43,353 [9586c7e2-af3f-487f-89b7-bc8fbed5a611@group-96A61ACC6F9D-SegmentedRaftLogWorker] INFO  segmented.SegmentedRaftLogWorker (SegmentedRaftLogWorker.java:run(313)) - 9586c7e2-af3f-487f-89b7-bc8fbed5a611@group-96A61ACC6F9D-SegmentedRaftLogWorker was interrupted, exiting. There are 0 tasks remaining in the queue.
2019-09-25 04:52:43,353 [ForkJoinPool.commonPool-worker-0] INFO  segmented.SegmentedRaftLogWorker (SegmentedRaftLogWorker.java:close(228)) - 9586c7e2-af3f-487f-89b7-bc8fbed5a611@group-96A61ACC6F9D-SegmentedRaftLogWorker close()
2019-09-25 04:52:43,353 [main] INFO  server.GrpcService (GrpcService.java:closeImpl(164)) - 9586c7e2-af3f-487f-89b7-bc8fbed5a611: shutdown server with port 42132 now
2019-09-25 04:52:43,356 [main] INFO  server.GrpcService (GrpcService.java:closeImpl(172)) - 9586c7e2-af3f-487f-89b7-bc8fbed5a611: shutdown server with port 42132 successfully
2019-09-25 04:52:43,359 [refreshUsed-/workdir/hadoop-ozone/integration-test/target/test-dir/MiniOzoneClusterImpl-d3c81739-79da-4dbe-9ced-b164d958c5b5/datanode-5/data/containers] WARN  fs.CachingGetSpaceUsed (CachingGetSpaceUsed.java:run(183)) - Thread Interrupted waiting to refresh disk information: sleep interrupted
2019-09-25 04:52:43,375 [main] INFO  utils.BackgroundService (BackgroundService.java:shutdown(148)) - Shutting down service BlockDeletingService
2019-09-25 04:52:43,378 [main] INFO  statemachine.DatanodeStateMachine (DatanodeStateMachine.java:stopDaemon(395)) - Ozone container server stopped.
2019-09-25 04:52:43,379 [main] INFO  handler.ContextHandler (ContextHandler.java:doStop(910)) - Stopped o.e.j.w.WebAppContext@3d20e575{/,null,UNAVAILABLE}{/hddsDatanode}
2019-09-25 04:52:43,380 [main] INFO  server.AbstractConnector (AbstractConnector.java:doStop(318)) - Stopped ServerConnector@3252747e{HTTP/1.1,[http/1.1]}{0.0.0.0:0}
2019-09-25 04:52:43,380 [main] INFO  handler.ContextHandler (ContextHandler.java:doStop(910)) - Stopped o.e.j.s.ServletContextHandler@21b6c9c2{/static,jar:file:/home/user/.m2/repository/org/apache/hadoop/hadoop-hdds-container-service/0.5.0-SNAPSHOT/hadoop-hdds-container-service-0.5.0-SNAPSHOT.jar!/webapps/static,UNAVAILABLE}
2019-09-25 04:52:43,381 [main] INFO  handler.ContextHandler (ContextHandler.java:doStop(910)) - Stopped o.e.j.s.ServletContextHandler@753fd7a1{/logs,file:///workdir/hadoop-ozone/integration-test/target/log,UNAVAILABLE}
2019-09-25 04:52:43,382 [main] INFO  ozone.MiniOzoneClusterImpl (MiniOzoneClusterImpl.java:stopSCM(392)) - Stopping the StorageContainerManager
2019-09-25 04:52:43,382 [main] INFO  server.StorageContainerManager (StorageContainerManager.java:stop(808)) - Stopping Replication Manager Service.
2019-09-25 04:52:43,383 [main] INFO  container.ReplicationManager (ReplicationManager.java:stop(204)) - Stopping Replication Monitor Thread.
2019-09-25 04:52:43,383 [main] INFO  server.StorageContainerManager (StorageContainerManager.java:stop(815)) - Stopping Lease Manager of the command watchers
2019-09-25 04:52:43,383 [main] INFO  server.StorageContainerManager (StorageContainerManager.java:stop(822)) - Stopping datanode service RPC server
2019-09-25 04:52:43,383 [main] INFO  server.SCMDatanodeProtocolServer (SCMDatanodeProtocolServer.java:stop(367)) - Stopping the RPC server for DataNodes
2019-09-25 04:52:43,383 [main] INFO  ipc.Server (Server.java:stop(3082)) - Stopping server on 35034
2019-09-25 04:52:43,386 [IPC Server Responder] INFO  ipc.Server (Server.java:run(1319)) - Stopping IPC Server Responder
2019-09-25 04:52:43,387 [IPC Server listener on 35034] INFO  ipc.Server (Server.java:run(1185)) - Stopping IPC Server listener on 35034
2019-09-25 04:52:43,450 [SCM Heartbeat Processing Thread - 0] WARN  node.NodeStateManager (NodeStateManager.java:scheduleNextHealthCheck(655)) - Current Thread is interrupted, shutting down HB processing thread for Node Manager.
2019-09-25 04:52:43,450 [main] INFO  server.StorageContainerManager (StorageContainerManager.java:stop(830)) - Stopping block service RPC server
2019-09-25 04:52:43,451 [main] INFO  server.SCMBlockProtocolServer (SCMBlockProtocolServer.java:stop(155)) - Stopping the RPC server for Block Protocol
2019-09-25 04:52:43,451 [main] INFO  ipc.Server (Server.java:stop(3082)) - Stopping server on 34267
2019-09-25 04:52:43,453 [main] INFO  server.StorageContainerManager (StorageContainerManager.java:stop(837)) - Stopping the StorageContainerLocationProtocol RPC server
2019-09-25 04:52:43,454 [main] INFO  server.SCMClientProtocolServer (SCMClientProtocolServer.java:stop(159)) - Stopping the RPC server for Client Protocol
2019-09-25 04:52:43,454 [IPC Server listener on 34267] INFO  ipc.Server (Server.java:run(1185)) - Stopping IPC Server listener on 34267
2019-09-25 04:52:43,454 [main] INFO  ipc.Server (Server.java:stop(3082)) - Stopping server on 38600
2019-09-25 04:52:43,454 [IPC Server Responder] INFO  ipc.Server (Server.java:run(1319)) - Stopping IPC Server Responder
2019-09-25 04:52:43,457 [main] INFO  server.StorageContainerManager (StorageContainerManager.java:stop(844)) - Stopping Storage Container Manager HTTP server.
2019-09-25 04:52:43,458 [IPC Server Responder] INFO  ipc.Server (Server.java:run(1319)) - Stopping IPC Server Responder
2019-09-25 04:52:43,458 [IPC Server listener on 38600] INFO  ipc.Server (Server.java:run(1185)) - Stopping IPC Server listener on 38600
2019-09-25 04:52:43,460 [main] INFO  handler.ContextHandler (ContextHandler.java:doStop(910)) - Stopped o.e.j.w.WebAppContext@59c70ceb{/,null,UNAVAILABLE}{/scm}
2019-09-25 04:52:43,460 [main] INFO  server.AbstractConnector (AbstractConnector.java:doStop(318)) - Stopped ServerConnector@46f902e0{HTTP/1.1,[http/1.1]}{0.0.0.0:0}
2019-09-25 04:52:43,461 [main] INFO  handler.ContextHandler (ContextHandler.java:doStop(910)) - Stopped o.e.j.s.ServletContextHandler@795f8317{/static,file:///workdir/hadoop-ozone/integration-test/target/test-classes/webapps/static,UNAVAILABLE}
2019-09-25 04:52:43,461 [main] INFO  handler.ContextHandler (ContextHandler.java:doStop(910)) - Stopped o.e.j.s.ServletContextHandler@176555c{/logs,file:///workdir/hadoop-ozone/integration-test/target/log,UNAVAILABLE}
2019-09-25 04:52:43,462 [main] INFO  server.StorageContainerManager (StorageContainerManager.java:stop(855)) - Stopping Block Manager Service.
2019-09-25 04:52:43,462 [main] INFO  utils.BackgroundService (BackgroundService.java:shutdown(148)) - Shutting down service SCMBlockDeletingService
2019-09-25 04:52:43,463 [main] INFO  utils.BackgroundService (BackgroundService.java:shutdown(148)) - Shutting down service SCMBlockDeletingService
2019-09-25 04:52:43,463 [main] INFO  server.StorageContainerManager (StorageContainerManager.java:stop(877)) - Stopping SCM Event Queue.
2019-09-25 04:52:43,467 [main] INFO  impl.MetricsSystemImpl (MetricsSystemImpl.java:stop(210)) - Stopping HddsDatanode metrics system...
2019-09-25 04:52:43,494 [main] INFO  impl.MetricsSystemImpl (MetricsSystemImpl.java:stop(216)) - HddsDatanode metrics system stopped.
]]></system-out>
  </testcase>
</testsuite>