<?xml version="1.0" encoding="UTF-8"?>
<testsuite xmlns:xsi="http://www.w3.org/2001/XMLSchema-instance" xsi:noNamespaceSchemaLocation="https://maven.apache.org/surefire/maven-surefire-plugin/xsd/surefire-test-report.xsd" name="org.apache.hadoop.ozone.client.rpc.TestHybridPipelineOnDatanode" time="71.786" tests="1" errors="1" skipped="0" failures="0">
  <properties>
    <property name="awt.toolkit" value="sun.awt.X11.XToolkit"/>
    <property name="file.encoding.pkg" value="sun.io"/>
    <property name="java.specification.version" value="1.8"/>
    <property name="sun.cpu.isalist" value=""/>
    <property name="sun.jnu.encoding" value="UTF-8"/>
    <property name="java.class.path" value="/workdir/hadoop-ozone/integration-test/target/test-classes:/workdir/hadoop-ozone/integration-test/target/classes:/home/user/.m2/repository/org/apache/hadoop/hadoop-ozone-common/0.5.0-SNAPSHOT/hadoop-ozone-common-0.5.0-SNAPSHOT.jar:/home/user/.m2/repository/org/apache/commons/commons-compress/1.4.1/commons-compress-1.4.1.jar:/home/user/.m2/repository/org/tukaani/xz/1.0/xz-1.0.jar:/home/user/.m2/repository/org/apache/hadoop/hadoop-common/3.2.0/hadoop-common-3.2.0.jar:/home/user/.m2/repository/org/apache/hadoop/hadoop-hdfs/3.2.0/hadoop-hdfs-3.2.0.jar:/home/user/.m2/repository/org/apache/hadoop/hadoop-hdfs-client/3.2.0/hadoop-hdfs-client-3.2.0.jar:/home/user/.m2/repository/com/fasterxml/jackson/core/jackson-annotations/2.9.9/jackson-annotations-2.9.9.jar:/home/user/.m2/repository/org/apache/hadoop/hadoop-hdds-common/0.5.0-SNAPSHOT/hadoop-hdds-common-0.5.0-SNAPSHOT.jar:/home/user/.m2/repository/javax/annotation/javax.annotation-api/1.2/javax.annotation-api-1.2.jar:/home/user/.m2/repository/org/apache/ratis/ratis-server/0.4.0/ratis-server-0.4.0.jar:/home/user/.m2/repository/org/apache/ratis/ratis-thirdparty-misc/0.2.0/ratis-thirdparty-misc-0.2.0.jar:/home/user/.m2/repository/org/apache/ratis/ratis-proto/0.4.0/ratis-proto-0.4.0.jar:/home/user/.m2/repository/org/apache/ratis/ratis-common/0.4.0/ratis-common-0.4.0.jar:/home/user/.m2/repository/org/apache/ratis/ratis-client/0.4.0/ratis-client-0.4.0.jar:/home/user/.m2/repository/org/apache/ratis/ratis-metrics/0.4.0/ratis-metrics-0.4.0.jar:/home/user/.m2/repository/com/github/joshelser/dropwizard-metrics-hadoop-metrics2-reporter/0.1.2/dropwizard-metrics-hadoop-metrics2-reporter-0.1.2.jar:/home/user/.m2/repository/io/dropwizard/metrics/metrics-jvm/3.2.5/metrics-jvm-3.2.5.jar:/home/user/.m2/repository/io/dropwizard/metrics/metrics-ganglia/3.2.5/metrics-ganglia-3.2.5.jar:/home/user/.m2/repository/info/ganglia/gmetric4j/gmetric4j/1.0.7/gmetric4j-1.0.7.jar:/home/user/.m2/repository/org/apache/ratis/ratis-netty/0.4.0/ratis-netty-0.4.0.jar:/home/user/.m2/repository/org/apache/ratis/ratis-grpc/0.4.0/ratis-grpc-0.4.0.jar:/home/user/.m2/repository/org/rocksdb/rocksdbjni/6.0.1/rocksdbjni-6.0.1.jar:/home/user/.m2/repository/org/apache/logging/log4j/log4j-api/2.11.0/log4j-api-2.11.0.jar:/home/user/.m2/repository/org/apache/logging/log4j/log4j-core/2.11.0/log4j-core-2.11.0.jar:/home/user/.m2/repository/com/lmax/disruptor/3.4.2/disruptor-3.4.2.jar:/home/user/.m2/repository/org/apache/commons/commons-pool2/2.6.0/commons-pool2-2.6.0.jar:/home/user/.m2/repository/org/bouncycastle/bcpkix-jdk15on/1.60/bcpkix-jdk15on-1.60.jar:/home/user/.m2/repository/commons-validator/commons-validator/1.6/commons-validator-1.6.jar:/home/user/.m2/repository/commons-digester/commons-digester/1.8.1/commons-digester-1.8.1.jar:/home/user/.m2/repository/io/jaegertracing/jaeger-client/0.34.0/jaeger-client-0.34.0.jar:/home/user/.m2/repository/io/jaegertracing/jaeger-thrift/0.34.0/jaeger-thrift-0.34.0.jar:/home/user/.m2/repository/org/apache/thrift/libthrift/0.12.0/libthrift-0.12.0.jar:/home/user/.m2/repository/com/squareup/okhttp3/okhttp/3.9.0/okhttp-3.9.0.jar:/home/user/.m2/repository/com/squareup/okio/okio/1.13.0/okio-1.13.0.jar:/home/user/.m2/repository/io/jaegertracing/jaeger-core/0.34.0/jaeger-core-0.34.0.jar:/home/user/.m2/repository/io/jaegertracing/jaeger-tracerresolver/0.34.0/jaeger-tracerresolver-0.34.0.jar:/home/user/.m2/repository/io/opentracing/contrib/opentracing-tracerresolver/0.1.5/opentracing-tracerresolver-0.1.5.jar:/home/user/.m2/repository/io/opentracing/opentracing-util/0.31.0/opentracing-util-0.31.0.jar:/home/user/.m2/repository/io/opentracing/opentracing-api/0.31.0/opentracing-api-0.31.0.jar:/home/user/.m2/repository/io/opentracing/opentracing-noop/0.31.0/opentracing-noop-0.31.0.jar:/home/user/.m2/repository/org/apache/hadoop/hadoop-hdds-server-framework/0.5.0-SNAPSHOT/hadoop-hdds-server-framework-0.5.0-SNAPSHOT.jar:/home/user/.m2/repository/org/apache/hadoop/hadoop-hdds-container-service/0.5.0-SNAPSHOT/hadoop-hdds-container-service-0.5.0-SNAPSHOT.jar:/home/user/.m2/repository/org/apache/hadoop/hadoop-hdds-client/0.5.0-SNAPSHOT/hadoop-hdds-client-0.5.0-SNAPSHOT.jar:/home/user/.m2/repository/org/apache/hadoop/hadoop-hdds-tools/0.5.0-SNAPSHOT/hadoop-hdds-tools-0.5.0-SNAPSHOT.jar:/home/user/.m2/repository/org/apache/hadoop/hadoop-hdds-server-scm/0.5.0-SNAPSHOT/hadoop-hdds-server-scm-0.5.0-SNAPSHOT.jar:/home/user/.m2/repository/org/apache/hadoop/hadoop-hdds-docs/0.5.0-SNAPSHOT/hadoop-hdds-docs-0.5.0-SNAPSHOT.jar:/home/user/.m2/repository/io/dropwizard/metrics/metrics-core/3.2.4/metrics-core-3.2.4.jar:/home/user/.m2/repository/org/hamcrest/hamcrest-all/1.3/hamcrest-all-1.3.jar:/home/user/.m2/repository/org/bouncycastle/bcprov-jdk15on/1.60/bcprov-jdk15on-1.60.jar:/home/user/.m2/repository/info/picocli/picocli/3.9.6/picocli-3.9.6.jar:/home/user/.m2/repository/com/google/protobuf/protobuf-java/2.5.0/protobuf-java-2.5.0.jar:/home/user/.m2/repository/com/google/guava/guava/11.0.2/guava-11.0.2.jar:/home/user/.m2/repository/org/apache/hadoop/hadoop-ozone-ozone-manager/0.5.0-SNAPSHOT/hadoop-ozone-ozone-manager-0.5.0-SNAPSHOT.jar:/home/user/.m2/repository/org/apache/hadoop/hadoop-minikdc/3.2.0/hadoop-minikdc-3.2.0.jar:/home/user/.m2/repository/commons-io/commons-io/2.5/commons-io-2.5.jar:/home/user/.m2/repository/org/apache/kerby/kerb-simplekdc/1.0.1/kerb-simplekdc-1.0.1.jar:/home/user/.m2/repository/org/apache/kerby/kerb-client/1.0.1/kerb-client-1.0.1.jar:/home/user/.m2/repository/org/apache/kerby/kerby-config/1.0.1/kerby-config-1.0.1.jar:/home/user/.m2/repository/org/apache/kerby/kerb-core/1.0.1/kerb-core-1.0.1.jar:/home/user/.m2/repository/org/apache/kerby/kerby-pkix/1.0.1/kerby-pkix-1.0.1.jar:/home/user/.m2/repository/org/apache/kerby/kerby-asn1/1.0.1/kerby-asn1-1.0.1.jar:/home/user/.m2/repository/org/apache/kerby/kerby-util/1.0.1/kerby-util-1.0.1.jar:/home/user/.m2/repository/org/apache/kerby/kerb-common/1.0.1/kerb-common-1.0.1.jar:/home/user/.m2/repository/org/apache/kerby/kerb-crypto/1.0.1/kerb-crypto-1.0.1.jar:/home/user/.m2/repository/org/apache/kerby/kerb-util/1.0.1/kerb-util-1.0.1.jar:/home/user/.m2/repository/org/apache/kerby/token-provider/1.0.1/token-provider-1.0.1.jar:/home/user/.m2/repository/org/apache/kerby/kerb-admin/1.0.1/kerb-admin-1.0.1.jar:/home/user/.m2/repository/org/apache/kerby/kerb-server/1.0.1/kerb-server-1.0.1.jar:/home/user/.m2/repository/org/apache/kerby/kerb-identity/1.0.1/kerb-identity-1.0.1.jar:/home/user/.m2/repository/org/apache/kerby/kerby-xdr/1.0.1/kerby-xdr-1.0.1.jar:/home/user/.m2/repository/org/slf4j/slf4j-log4j12/1.7.25/slf4j-log4j12-1.7.25.jar:/home/user/.m2/repository/org/apache/hadoop/hadoop-ozone-s3gateway/0.5.0-SNAPSHOT/hadoop-ozone-s3gateway-0.5.0-SNAPSHOT.jar:/home/user/.m2/repository/org/jboss/weld/servlet/weld-servlet/2.4.7.Final/weld-servlet-2.4.7.Final.jar:/home/user/.m2/repository/org/glassfish/jersey/containers/jersey-container-servlet-core/2.27/jersey-container-servlet-core-2.27.jar:/home/user/.m2/repository/org/glassfish/hk2/external/javax.inject/2.5.0-b42/javax.inject-2.5.0-b42.jar:/home/user/.m2/repository/org/glassfish/jersey/core/jersey-common/2.27/jersey-common-2.27.jar:/home/user/.m2/repository/org/glassfish/hk2/osgi-resource-locator/1.0.1/osgi-resource-locator-1.0.1.jar:/home/user/.m2/repository/javax/ws/rs/javax.ws.rs-api/2.1/javax.ws.rs-api-2.1.jar:/home/user/.m2/repository/org/glassfish/jersey/ext/cdi/jersey-cdi1x/2.27/jersey-cdi1x-2.27.jar:/home/user/.m2/repository/org/glassfish/jersey/inject/jersey-hk2/2.27/jersey-hk2-2.27.jar:/home/user/.m2/repository/org/glassfish/hk2/hk2-locator/2.5.0-b42/hk2-locator-2.5.0-b42.jar:/home/user/.m2/repository/org/javassist/javassist/3.22.0-CR2/javassist-3.22.0-CR2.jar:/home/user/.m2/repository/org/glassfish/hk2/hk2-api/2.5.0/hk2-api-2.5.0.jar:/home/user/.m2/repository/org/glassfish/hk2/external/jakarta.inject/2.5.0/jakarta.inject-2.5.0.jar:/home/user/.m2/repository/org/glassfish/hk2/hk2-utils/2.5.0/hk2-utils-2.5.0.jar:/home/user/.m2/repository/jakarta/annotation/jakarta.annotation-api/1.3.4/jakarta.annotation-api-1.3.4.jar:/home/user/.m2/repository/org/glassfish/hk2/external/aopalliance-repackaged/2.5.0/aopalliance-repackaged-2.5.0.jar:/home/user/.m2/repository/com/fasterxml/jackson/dataformat/jackson-dataformat-xml/2.9.0/jackson-dataformat-xml-2.9.0.jar:/home/user/.m2/repository/com/fasterxml/jackson/core/jackson-core/2.9.9/jackson-core-2.9.9.jar:/home/user/.m2/repository/com/fasterxml/jackson/module/jackson-module-jaxb-annotations/2.9.9/jackson-module-jaxb-annotations-2.9.9.jar:/home/user/.m2/repository/javax/enterprise/cdi-api/1.2/cdi-api-1.2.jar:/home/user/.m2/repository/javax/el/javax.el-api/3.0.0/javax.el-api-3.0.0.jar:/home/user/.m2/repository/javax/interceptor/javax.interceptor-api/1.2/javax.interceptor-api-1.2.jar:/home/user/.m2/repository/javax/inject/javax.inject/1/javax.inject-1.jar:/home/user/.m2/repository/com/sun/xml/bind/jaxb-impl/2.3.0.1/jaxb-impl-2.3.0.1.jar:/home/user/.m2/repository/com/sun/xml/bind/jaxb-core/2.3.0.1/jaxb-core-2.3.0.1.jar:/home/user/.m2/repository/javax/xml/bind/jaxb-api/2.3.0/jaxb-api-2.3.0.jar:/home/user/.m2/repository/javax/activation/activation/1.1.1/activation-1.1.1.jar:/home/user/.m2/repository/org/apache/hadoop/hadoop-ozone-csi/0.5.0-SNAPSHOT/hadoop-ozone-csi-0.5.0-SNAPSHOT.jar:/home/user/.m2/repository/com/google/protobuf/protobuf-java-util/3.5.1/protobuf-java-util-3.5.1.jar:/home/user/.m2/repository/org/apache/hadoop/hadoop-hdds-config/0.5.0-SNAPSHOT/hadoop-hdds-config-0.5.0-SNAPSHOT.jar:/home/user/.m2/repository/io/grpc/grpc-netty/1.17.1/grpc-netty-1.17.1.jar:/home/user/.m2/repository/io/grpc/grpc-core/1.17.1/grpc-core-1.17.1.jar:/home/user/.m2/repository/io/grpc/grpc-context/1.17.1/grpc-context-1.17.1.jar:/home/user/.m2/repository/com/google/errorprone/error_prone_annotations/2.2.0/error_prone_annotations-2.2.0.jar:/home/user/.m2/repository/org/codehaus/mojo/animal-sniffer-annotations/1.17/animal-sniffer-annotations-1.17.jar:/home/user/.m2/repository/io/opencensus/opencensus-api/0.17.0/opencensus-api-0.17.0.jar:/home/user/.m2/repository/io/opencensus/opencensus-contrib-grpc-metrics/0.17.0/opencensus-contrib-grpc-metrics-0.17.0.jar:/home/user/.m2/repository/io/netty/netty-codec-http2/4.1.30.Final/netty-codec-http2-4.1.30.Final.jar:/home/user/.m2/repository/io/netty/netty-codec-http/4.1.30.Final/netty-codec-http-4.1.30.Final.jar:/home/user/.m2/repository/io/netty/netty-codec/4.1.30.Final/netty-codec-4.1.30.Final.jar:/home/user/.m2/repository/io/netty/netty-handler/4.1.30.Final/netty-handler-4.1.30.Final.jar:/home/user/.m2/repository/io/netty/netty-handler-proxy/4.1.30.Final/netty-handler-proxy-4.1.30.Final.jar:/home/user/.m2/repository/io/netty/netty-codec-socks/4.1.30.Final/netty-codec-socks-4.1.30.Final.jar:/home/user/.m2/repository/io/netty/netty-transport-native-epoll/4.1.30.Final/netty-transport-native-epoll-4.1.30.Final.jar:/home/user/.m2/repository/io/netty/netty-common/4.1.30.Final/netty-common-4.1.30.Final.jar:/home/user/.m2/repository/io/netty/netty-buffer/4.1.30.Final/netty-buffer-4.1.30.Final.jar:/home/user/.m2/repository/io/netty/netty-transport/4.1.30.Final/netty-transport-4.1.30.Final.jar:/home/user/.m2/repository/io/netty/netty-resolver/4.1.30.Final/netty-resolver-4.1.30.Final.jar:/home/user/.m2/repository/io/netty/netty-transport-native-unix-common/4.1.30.Final/netty-transport-native-unix-common-4.1.30.Final.jar:/home/user/.m2/repository/io/grpc/grpc-protobuf/1.17.1/grpc-protobuf-1.17.1.jar:/home/user/.m2/repository/com/google/api/grpc/proto-google-common-protos/1.0.0/proto-google-common-protos-1.0.0.jar:/home/user/.m2/repository/io/grpc/grpc-protobuf-lite/1.17.1/grpc-protobuf-lite-1.17.1.jar:/home/user/.m2/repository/io/grpc/grpc-stub/1.17.1/grpc-stub-1.17.1.jar:/home/user/.m2/repository/org/apache/hadoop/hadoop-ozone-recon/0.5.0-SNAPSHOT/hadoop-ozone-recon-0.5.0-SNAPSHOT.jar:/home/user/.m2/repository/org/apache/hadoop/hadoop-ozone-reconcodegen/0.5.0-SNAPSHOT/hadoop-ozone-reconcodegen-0.5.0-SNAPSHOT.jar:/home/user/.m2/repository/com/google/inject/extensions/guice-multibindings/4.0/guice-multibindings-4.0.jar:/home/user/.m2/repository/com/google/inject/guice/4.0/guice-4.0.jar:/home/user/.m2/repository/aopalliance/aopalliance/1.0/aopalliance-1.0.jar:/home/user/.m2/repository/com/google/inject/extensions/guice-servlet/4.0/guice-servlet-4.0.jar:/home/user/.m2/repository/org/glassfish/jersey/containers/jersey-container-servlet/2.27/jersey-container-servlet-2.27.jar:/home/user/.m2/repository/org/glassfish/hk2/guice-bridge/2.5.0/guice-bridge-2.5.0.jar:/home/user/.m2/repository/org/glassfish/jersey/core/jersey-server/2.27/jersey-server-2.27.jar:/home/user/.m2/repository/org/glassfish/jersey/core/jersey-client/2.27/jersey-client-2.27.jar:/home/user/.m2/repository/org/glassfish/jersey/media/jersey-media-jaxb/2.27/jersey-media-jaxb-2.27.jar:/home/user/.m2/repository/javax/validation/validation-api/1.1.0.Final/validation-api-1.1.0.Final.jar:/home/user/.m2/repository/org/glassfish/jersey/media/jersey-media-json-jackson/2.27/jersey-media-json-jackson-2.27.jar:/home/user/.m2/repository/org/glassfish/jersey/ext/jersey-entity-filtering/2.27/jersey-entity-filtering-2.27.jar:/home/user/.m2/repository/com/google/inject/extensions/guice-assistedinject/4.0/guice-assistedinject-4.0.jar:/home/user/.m2/repository/org/jooq/jooq/3.11.10/jooq-3.11.10.jar:/home/user/.m2/repository/org/jooq/jooq-meta/3.11.10/jooq-meta-3.11.10.jar:/home/user/.m2/repository/org/jooq/jooq-codegen/3.11.10/jooq-codegen-3.11.10.jar:/home/user/.m2/repository/com/jolbox/bonecp/0.8.0.RELEASE/bonecp-0.8.0.RELEASE.jar:/home/user/.m2/repository/org/xerial/sqlite-jdbc/3.25.2/sqlite-jdbc-3.25.2.jar:/home/user/.m2/repository/org/springframework/spring-jdbc/5.1.3.RELEASE/spring-jdbc-5.1.3.RELEASE.jar:/home/user/.m2/repository/org/springframework/spring-beans/5.1.3.RELEASE/spring-beans-5.1.3.RELEASE.jar:/home/user/.m2/repository/org/springframework/spring-core/5.1.3.RELEASE/spring-core-5.1.3.RELEASE.jar:/home/user/.m2/repository/org/springframework/spring-jcl/5.1.3.RELEASE/spring-jcl-5.1.3.RELEASE.jar:/home/user/.m2/repository/org/springframework/spring-tx/5.1.3.RELEASE/spring-tx-5.1.3.RELEASE.jar:/home/user/.m2/repository/org/apache/hadoop/hadoop-ozone-client/0.5.0-SNAPSHOT/hadoop-ozone-client-0.5.0-SNAPSHOT.jar:/home/user/.m2/repository/commons-lang/commons-lang/2.6/commons-lang-2.6.jar:/home/user/.m2/repository/org/apache/hadoop/hadoop-ozone-ozone-manager/0.5.0-SNAPSHOT/hadoop-ozone-ozone-manager-0.5.0-SNAPSHOT-tests.jar:/home/user/.m2/repository/junit/junit/4.11/junit-4.11.jar:/home/user/.m2/repository/org/hamcrest/hamcrest-core/1.3/hamcrest-core-1.3.jar:/home/user/.m2/repository/org/openjdk/jmh/jmh-core/1.19/jmh-core-1.19.jar:/home/user/.m2/repository/net/sf/jopt-simple/jopt-simple/4.6/jopt-simple-4.6.jar:/home/user/.m2/repository/org/apache/commons/commons-math3/3.1.1/commons-math3-3.1.1.jar:/home/user/.m2/repository/org/openjdk/jmh/jmh-generator-annprocess/1.19/jmh-generator-annprocess-1.19.jar:/home/user/.m2/repository/org/mockito/mockito-all/1.8.5/mockito-all-1.8.5.jar:/home/user/.m2/repository/org/apache/hadoop/hadoop-kms/3.2.0/hadoop-kms-3.2.0.jar:/home/user/.m2/repository/org/apache/hadoop/hadoop-auth/3.2.0/hadoop-auth-3.2.0.jar:/home/user/.m2/repository/com/nimbusds/nimbus-jose-jwt/4.41.1/nimbus-jose-jwt-4.41.1.jar:/home/user/.m2/repository/com/github/stephenc/jcip/jcip-annotations/1.0-1/jcip-annotations-1.0-1.jar:/home/user/.m2/repository/net/minidev/json-smart/2.3/json-smart-2.3.jar:/home/user/.m2/repository/net/minidev/accessors-smart/1.2/accessors-smart-1.2.jar:/home/user/.m2/repository/org/ow2/asm/asm/5.0.4/asm-5.0.4.jar:/home/user/.m2/repository/org/apache/curator/curator-framework/2.12.0/curator-framework-2.12.0.jar:/home/user/.m2/repository/com/sun/jersey/jersey-core/1.19/jersey-core-1.19.jar:/home/user/.m2/repository/javax/ws/rs/jsr311-api/1.1.1/jsr311-api-1.1.1.jar:/home/user/.m2/repository/com/sun/jersey/jersey-server/1.19/jersey-server-1.19.jar:/home/user/.m2/repository/javax/servlet/javax.servlet-api/3.1.0/javax.servlet-api-3.1.0.jar:/home/user/.m2/repository/org/eclipse/jetty/jetty-server/9.3.25.v20180904/jetty-server-9.3.25.v20180904.jar:/home/user/.m2/repository/org/eclipse/jetty/jetty-http/9.3.25.v20180904/jetty-http-9.3.25.v20180904.jar:/home/user/.m2/repository/org/eclipse/jetty/jetty-io/9.3.25.v20180904/jetty-io-9.3.25.v20180904.jar:/home/user/.m2/repository/org/eclipse/jetty/jetty-webapp/9.3.25.v20180904/jetty-webapp-9.3.25.v20180904.jar:/home/user/.m2/repository/org/eclipse/jetty/jetty-xml/9.3.25.v20180904/jetty-xml-9.3.25.v20180904.jar:/home/user/.m2/repository/log4j/log4j/1.2.17/log4j-1.2.17.jar:/home/user/.m2/repository/org/slf4j/slf4j-api/1.7.25/slf4j-api-1.7.25.jar:/home/user/.m2/repository/org/slf4j/jul-to-slf4j/1.7.25/jul-to-slf4j-1.7.25.jar:/home/user/.m2/repository/org/eclipse/jetty/jetty-util/9.3.25.v20180904/jetty-util-9.3.25.v20180904.jar:/home/user/.m2/repository/com/fasterxml/jackson/core/jackson-databind/2.9.9/jackson-databind-2.9.9.jar:/home/user/.m2/repository/org/apache/hadoop/hadoop-kms/3.2.0/hadoop-kms-3.2.0-tests.jar:/home/user/.m2/repository/org/apache/hadoop/hadoop-hdds-server-scm/0.5.0-SNAPSHOT/hadoop-hdds-server-scm-0.5.0-SNAPSHOT-tests.jar:/home/user/.m2/repository/org/apache/hadoop/hadoop-hdds-container-service/0.5.0-SNAPSHOT/hadoop-hdds-container-service-0.5.0-SNAPSHOT-tests.jar:/home/user/.m2/repository/org/yaml/snakeyaml/1.16/snakeyaml-1.16.jar:/home/user/.m2/repository/org/apache/hadoop/hadoop-common/3.2.0/hadoop-common-3.2.0-tests.jar:/home/user/.m2/repository/org/apache/hadoop/hadoop-annotations/3.2.0/hadoop-annotations-3.2.0.jar:/usr/lib/jvm/java-1.8-openjdk/jre/../lib/tools.jar:/home/user/.m2/repository/commons-cli/commons-cli/1.2/commons-cli-1.2.jar:/home/user/.m2/repository/org/apache/httpcomponents/httpclient/4.5.2/httpclient-4.5.2.jar:/home/user/.m2/repository/org/apache/httpcomponents/httpcore/4.4.4/httpcore-4.4.4.jar:/home/user/.m2/repository/commons-codec/commons-codec/1.11/commons-codec-1.11.jar:/home/user/.m2/repository/commons-net/commons-net/3.6/commons-net-3.6.jar:/home/user/.m2/repository/commons-collections/commons-collections/3.2.2/commons-collections-3.2.2.jar:/home/user/.m2/repository/org/eclipse/jetty/jetty-servlet/9.3.25.v20180904/jetty-servlet-9.3.25.v20180904.jar:/home/user/.m2/repository/org/eclipse/jetty/jetty-security/9.3.25.v20180904/jetty-security-9.3.25.v20180904.jar:/home/user/.m2/repository/javax/servlet/jsp/jsp-api/2.1/jsp-api-2.1.jar:/home/user/.m2/repository/com/sun/jersey/jersey-servlet/1.19/jersey-servlet-1.19.jar:/home/user/.m2/repository/com/sun/jersey/jersey-json/1.19/jersey-json-1.19.jar:/home/user/.m2/repository/org/codehaus/jettison/jettison/1.1/jettison-1.1.jar:/home/user/.m2/repository/org/codehaus/jackson/jackson-core-asl/1.9.13/jackson-core-asl-1.9.13.jar:/home/user/.m2/repository/org/codehaus/jackson/jackson-mapper-asl/1.9.13/jackson-mapper-asl-1.9.13.jar:/home/user/.m2/repository/org/codehaus/jackson/jackson-jaxrs/1.9.13/jackson-jaxrs-1.9.13.jar:/home/user/.m2/repository/org/codehaus/jackson/jackson-xc/1.9.13/jackson-xc-1.9.13.jar:/home/user/.m2/repository/commons-logging/commons-logging/1.1.3/commons-logging-1.1.3.jar:/home/user/.m2/repository/commons-beanutils/commons-beanutils/1.9.4/commons-beanutils-1.9.4.jar:/home/user/.m2/repository/org/apache/commons/commons-configuration2/2.1.1/commons-configuration2-2.1.1.jar:/home/user/.m2/repository/org/apache/commons/commons-lang3/3.7/commons-lang3-3.7.jar:/home/user/.m2/repository/org/apache/commons/commons-text/1.4/commons-text-1.4.jar:/home/user/.m2/repository/org/apache/avro/avro/1.7.7/avro-1.7.7.jar:/home/user/.m2/repository/com/thoughtworks/paranamer/paranamer/2.3/paranamer-2.3.jar:/home/user/.m2/repository/org/xerial/snappy/snappy-java/1.0.5/snappy-java-1.0.5.jar:/home/user/.m2/repository/com/google/re2j/re2j/1.1/re2j-1.1.jar:/home/user/.m2/repository/com/google/code/gson/gson/2.2.4/gson-2.2.4.jar:/home/user/.m2/repository/com/jcraft/jsch/0.1.54/jsch-0.1.54.jar:/home/user/.m2/repository/org/apache/curator/curator-client/2.12.0/curator-client-2.12.0.jar:/home/user/.m2/repository/org/apache/curator/curator-recipes/2.12.0/curator-recipes-2.12.0.jar:/home/user/.m2/repository/com/google/code/findbugs/jsr305/3.0.0/jsr305-3.0.0.jar:/home/user/.m2/repository/org/apache/htrace/htrace-core4/4.1.0-incubating/htrace-core4-4.1.0-incubating.jar:/home/user/.m2/repository/org/apache/zookeeper/zookeeper/3.4.13/zookeeper-3.4.13.jar:/home/user/.m2/repository/jline/jline/0.9.94/jline-0.9.94.jar:/home/user/.m2/repository/org/apache/yetus/audience-annotations/0.5.0/audience-annotations-0.5.0.jar:/home/user/.m2/repository/org/codehaus/woodstox/stax2-api/3.1.4/stax2-api-3.1.4.jar:/home/user/.m2/repository/com/fasterxml/woodstox/woodstox-core/5.0.3/woodstox-core-5.0.3.jar:/home/user/.m2/repository/dnsjava/dnsjava/2.1.7/dnsjava-2.1.7.jar:/home/user/.m2/repository/org/apache/hadoop/hadoop-hdfs/3.2.0/hadoop-hdfs-3.2.0-tests.jar:/home/user/.m2/repository/org/eclipse/jetty/jetty-util-ajax/9.3.25.v20180904/jetty-util-ajax-9.3.25.v20180904.jar:/home/user/.m2/repository/commons-daemon/commons-daemon/1.0.13/commons-daemon-1.0.13.jar:/home/user/.m2/repository/io/netty/netty/3.10.5.Final/netty-3.10.5.Final.jar:/home/user/.m2/repository/io/netty/netty-all/4.0.52.Final/netty-all-4.0.52.Final.jar:/home/user/.m2/repository/org/fusesource/leveldbjni/leveldbjni-all/1.8/leveldbjni-all-1.8.jar:"/>
    <property name="java.vm.vendor" value="IcedTea"/>
    <property name="sun.arch.data.model" value="64"/>
    <property name="test.build.dir" value="/workdir/hadoop-ozone/integration-test/target/test-dir"/>
    <property name="test.cache.data" value=""/>
    <property name="java.vendor.url" value="https://icedtea.classpath.org"/>
    <property name="user.timezone" value=""/>
    <property name="java.vm.specification.version" value="1.8"/>
    <property name="os.name" value="Linux"/>
    <property name="test.build.data" value="/workdir/hadoop-ozone/integration-test/target/test-dir"/>
    <property name="user.country" value="US"/>
    <property name="sun.java.launcher" value="SUN_STANDARD"/>
    <property name="sun.boot.library.path" value="/usr/lib/jvm/java-1.8-openjdk/jre/lib/amd64"/>
    <property name="sun.java.command" value="/workdir/hadoop-ozone/integration-test/target/surefire/surefirebooter8672278084407279739.jar /workdir/hadoop-ozone/integration-test/target/surefire 2019-09-25T04-13-15_280-jvmRun1 surefire1712828121412658746tmp surefire_617527704373922941490tmp"/>
    <property name="test" value="!TestMiniChaosOzoneCluster"/>
    <property name="surefire.test.class.path" value="/workdir/hadoop-ozone/integration-test/target/test-classes:/workdir/hadoop-ozone/integration-test/target/classes:/home/user/.m2/repository/org/apache/hadoop/hadoop-ozone-common/0.5.0-SNAPSHOT/hadoop-ozone-common-0.5.0-SNAPSHOT.jar:/home/user/.m2/repository/org/apache/commons/commons-compress/1.4.1/commons-compress-1.4.1.jar:/home/user/.m2/repository/org/tukaani/xz/1.0/xz-1.0.jar:/home/user/.m2/repository/org/apache/hadoop/hadoop-common/3.2.0/hadoop-common-3.2.0.jar:/home/user/.m2/repository/org/apache/hadoop/hadoop-hdfs/3.2.0/hadoop-hdfs-3.2.0.jar:/home/user/.m2/repository/org/apache/hadoop/hadoop-hdfs-client/3.2.0/hadoop-hdfs-client-3.2.0.jar:/home/user/.m2/repository/com/fasterxml/jackson/core/jackson-annotations/2.9.9/jackson-annotations-2.9.9.jar:/home/user/.m2/repository/org/apache/hadoop/hadoop-hdds-common/0.5.0-SNAPSHOT/hadoop-hdds-common-0.5.0-SNAPSHOT.jar:/home/user/.m2/repository/javax/annotation/javax.annotation-api/1.2/javax.annotation-api-1.2.jar:/home/user/.m2/repository/org/apache/ratis/ratis-server/0.4.0/ratis-server-0.4.0.jar:/home/user/.m2/repository/org/apache/ratis/ratis-thirdparty-misc/0.2.0/ratis-thirdparty-misc-0.2.0.jar:/home/user/.m2/repository/org/apache/ratis/ratis-proto/0.4.0/ratis-proto-0.4.0.jar:/home/user/.m2/repository/org/apache/ratis/ratis-common/0.4.0/ratis-common-0.4.0.jar:/home/user/.m2/repository/org/apache/ratis/ratis-client/0.4.0/ratis-client-0.4.0.jar:/home/user/.m2/repository/org/apache/ratis/ratis-metrics/0.4.0/ratis-metrics-0.4.0.jar:/home/user/.m2/repository/com/github/joshelser/dropwizard-metrics-hadoop-metrics2-reporter/0.1.2/dropwizard-metrics-hadoop-metrics2-reporter-0.1.2.jar:/home/user/.m2/repository/io/dropwizard/metrics/metrics-jvm/3.2.5/metrics-jvm-3.2.5.jar:/home/user/.m2/repository/io/dropwizard/metrics/metrics-ganglia/3.2.5/metrics-ganglia-3.2.5.jar:/home/user/.m2/repository/info/ganglia/gmetric4j/gmetric4j/1.0.7/gmetric4j-1.0.7.jar:/home/user/.m2/repository/org/apache/ratis/ratis-netty/0.4.0/ratis-netty-0.4.0.jar:/home/user/.m2/repository/org/apache/ratis/ratis-grpc/0.4.0/ratis-grpc-0.4.0.jar:/home/user/.m2/repository/org/rocksdb/rocksdbjni/6.0.1/rocksdbjni-6.0.1.jar:/home/user/.m2/repository/org/apache/logging/log4j/log4j-api/2.11.0/log4j-api-2.11.0.jar:/home/user/.m2/repository/org/apache/logging/log4j/log4j-core/2.11.0/log4j-core-2.11.0.jar:/home/user/.m2/repository/com/lmax/disruptor/3.4.2/disruptor-3.4.2.jar:/home/user/.m2/repository/org/apache/commons/commons-pool2/2.6.0/commons-pool2-2.6.0.jar:/home/user/.m2/repository/org/bouncycastle/bcpkix-jdk15on/1.60/bcpkix-jdk15on-1.60.jar:/home/user/.m2/repository/commons-validator/commons-validator/1.6/commons-validator-1.6.jar:/home/user/.m2/repository/commons-digester/commons-digester/1.8.1/commons-digester-1.8.1.jar:/home/user/.m2/repository/io/jaegertracing/jaeger-client/0.34.0/jaeger-client-0.34.0.jar:/home/user/.m2/repository/io/jaegertracing/jaeger-thrift/0.34.0/jaeger-thrift-0.34.0.jar:/home/user/.m2/repository/org/apache/thrift/libthrift/0.12.0/libthrift-0.12.0.jar:/home/user/.m2/repository/com/squareup/okhttp3/okhttp/3.9.0/okhttp-3.9.0.jar:/home/user/.m2/repository/com/squareup/okio/okio/1.13.0/okio-1.13.0.jar:/home/user/.m2/repository/io/jaegertracing/jaeger-core/0.34.0/jaeger-core-0.34.0.jar:/home/user/.m2/repository/io/jaegertracing/jaeger-tracerresolver/0.34.0/jaeger-tracerresolver-0.34.0.jar:/home/user/.m2/repository/io/opentracing/contrib/opentracing-tracerresolver/0.1.5/opentracing-tracerresolver-0.1.5.jar:/home/user/.m2/repository/io/opentracing/opentracing-util/0.31.0/opentracing-util-0.31.0.jar:/home/user/.m2/repository/io/opentracing/opentracing-api/0.31.0/opentracing-api-0.31.0.jar:/home/user/.m2/repository/io/opentracing/opentracing-noop/0.31.0/opentracing-noop-0.31.0.jar:/home/user/.m2/repository/org/apache/hadoop/hadoop-hdds-server-framework/0.5.0-SNAPSHOT/hadoop-hdds-server-framework-0.5.0-SNAPSHOT.jar:/home/user/.m2/repository/org/apache/hadoop/hadoop-hdds-container-service/0.5.0-SNAPSHOT/hadoop-hdds-container-service-0.5.0-SNAPSHOT.jar:/home/user/.m2/repository/org/apache/hadoop/hadoop-hdds-client/0.5.0-SNAPSHOT/hadoop-hdds-client-0.5.0-SNAPSHOT.jar:/home/user/.m2/repository/org/apache/hadoop/hadoop-hdds-tools/0.5.0-SNAPSHOT/hadoop-hdds-tools-0.5.0-SNAPSHOT.jar:/home/user/.m2/repository/org/apache/hadoop/hadoop-hdds-server-scm/0.5.0-SNAPSHOT/hadoop-hdds-server-scm-0.5.0-SNAPSHOT.jar:/home/user/.m2/repository/org/apache/hadoop/hadoop-hdds-docs/0.5.0-SNAPSHOT/hadoop-hdds-docs-0.5.0-SNAPSHOT.jar:/home/user/.m2/repository/io/dropwizard/metrics/metrics-core/3.2.4/metrics-core-3.2.4.jar:/home/user/.m2/repository/org/hamcrest/hamcrest-all/1.3/hamcrest-all-1.3.jar:/home/user/.m2/repository/org/bouncycastle/bcprov-jdk15on/1.60/bcprov-jdk15on-1.60.jar:/home/user/.m2/repository/info/picocli/picocli/3.9.6/picocli-3.9.6.jar:/home/user/.m2/repository/com/google/protobuf/protobuf-java/2.5.0/protobuf-java-2.5.0.jar:/home/user/.m2/repository/com/google/guava/guava/11.0.2/guava-11.0.2.jar:/home/user/.m2/repository/org/apache/hadoop/hadoop-ozone-ozone-manager/0.5.0-SNAPSHOT/hadoop-ozone-ozone-manager-0.5.0-SNAPSHOT.jar:/home/user/.m2/repository/org/apache/hadoop/hadoop-minikdc/3.2.0/hadoop-minikdc-3.2.0.jar:/home/user/.m2/repository/commons-io/commons-io/2.5/commons-io-2.5.jar:/home/user/.m2/repository/org/apache/kerby/kerb-simplekdc/1.0.1/kerb-simplekdc-1.0.1.jar:/home/user/.m2/repository/org/apache/kerby/kerb-client/1.0.1/kerb-client-1.0.1.jar:/home/user/.m2/repository/org/apache/kerby/kerby-config/1.0.1/kerby-config-1.0.1.jar:/home/user/.m2/repository/org/apache/kerby/kerb-core/1.0.1/kerb-core-1.0.1.jar:/home/user/.m2/repository/org/apache/kerby/kerby-pkix/1.0.1/kerby-pkix-1.0.1.jar:/home/user/.m2/repository/org/apache/kerby/kerby-asn1/1.0.1/kerby-asn1-1.0.1.jar:/home/user/.m2/repository/org/apache/kerby/kerby-util/1.0.1/kerby-util-1.0.1.jar:/home/user/.m2/repository/org/apache/kerby/kerb-common/1.0.1/kerb-common-1.0.1.jar:/home/user/.m2/repository/org/apache/kerby/kerb-crypto/1.0.1/kerb-crypto-1.0.1.jar:/home/user/.m2/repository/org/apache/kerby/kerb-util/1.0.1/kerb-util-1.0.1.jar:/home/user/.m2/repository/org/apache/kerby/token-provider/1.0.1/token-provider-1.0.1.jar:/home/user/.m2/repository/org/apache/kerby/kerb-admin/1.0.1/kerb-admin-1.0.1.jar:/home/user/.m2/repository/org/apache/kerby/kerb-server/1.0.1/kerb-server-1.0.1.jar:/home/user/.m2/repository/org/apache/kerby/kerb-identity/1.0.1/kerb-identity-1.0.1.jar:/home/user/.m2/repository/org/apache/kerby/kerby-xdr/1.0.1/kerby-xdr-1.0.1.jar:/home/user/.m2/repository/org/slf4j/slf4j-log4j12/1.7.25/slf4j-log4j12-1.7.25.jar:/home/user/.m2/repository/org/apache/hadoop/hadoop-ozone-s3gateway/0.5.0-SNAPSHOT/hadoop-ozone-s3gateway-0.5.0-SNAPSHOT.jar:/home/user/.m2/repository/org/jboss/weld/servlet/weld-servlet/2.4.7.Final/weld-servlet-2.4.7.Final.jar:/home/user/.m2/repository/org/glassfish/jersey/containers/jersey-container-servlet-core/2.27/jersey-container-servlet-core-2.27.jar:/home/user/.m2/repository/org/glassfish/hk2/external/javax.inject/2.5.0-b42/javax.inject-2.5.0-b42.jar:/home/user/.m2/repository/org/glassfish/jersey/core/jersey-common/2.27/jersey-common-2.27.jar:/home/user/.m2/repository/org/glassfish/hk2/osgi-resource-locator/1.0.1/osgi-resource-locator-1.0.1.jar:/home/user/.m2/repository/javax/ws/rs/javax.ws.rs-api/2.1/javax.ws.rs-api-2.1.jar:/home/user/.m2/repository/org/glassfish/jersey/ext/cdi/jersey-cdi1x/2.27/jersey-cdi1x-2.27.jar:/home/user/.m2/repository/org/glassfish/jersey/inject/jersey-hk2/2.27/jersey-hk2-2.27.jar:/home/user/.m2/repository/org/glassfish/hk2/hk2-locator/2.5.0-b42/hk2-locator-2.5.0-b42.jar:/home/user/.m2/repository/org/javassist/javassist/3.22.0-CR2/javassist-3.22.0-CR2.jar:/home/user/.m2/repository/org/glassfish/hk2/hk2-api/2.5.0/hk2-api-2.5.0.jar:/home/user/.m2/repository/org/glassfish/hk2/external/jakarta.inject/2.5.0/jakarta.inject-2.5.0.jar:/home/user/.m2/repository/org/glassfish/hk2/hk2-utils/2.5.0/hk2-utils-2.5.0.jar:/home/user/.m2/repository/jakarta/annotation/jakarta.annotation-api/1.3.4/jakarta.annotation-api-1.3.4.jar:/home/user/.m2/repository/org/glassfish/hk2/external/aopalliance-repackaged/2.5.0/aopalliance-repackaged-2.5.0.jar:/home/user/.m2/repository/com/fasterxml/jackson/dataformat/jackson-dataformat-xml/2.9.0/jackson-dataformat-xml-2.9.0.jar:/home/user/.m2/repository/com/fasterxml/jackson/core/jackson-core/2.9.9/jackson-core-2.9.9.jar:/home/user/.m2/repository/com/fasterxml/jackson/module/jackson-module-jaxb-annotations/2.9.9/jackson-module-jaxb-annotations-2.9.9.jar:/home/user/.m2/repository/javax/enterprise/cdi-api/1.2/cdi-api-1.2.jar:/home/user/.m2/repository/javax/el/javax.el-api/3.0.0/javax.el-api-3.0.0.jar:/home/user/.m2/repository/javax/interceptor/javax.interceptor-api/1.2/javax.interceptor-api-1.2.jar:/home/user/.m2/repository/javax/inject/javax.inject/1/javax.inject-1.jar:/home/user/.m2/repository/com/sun/xml/bind/jaxb-impl/2.3.0.1/jaxb-impl-2.3.0.1.jar:/home/user/.m2/repository/com/sun/xml/bind/jaxb-core/2.3.0.1/jaxb-core-2.3.0.1.jar:/home/user/.m2/repository/javax/xml/bind/jaxb-api/2.3.0/jaxb-api-2.3.0.jar:/home/user/.m2/repository/javax/activation/activation/1.1.1/activation-1.1.1.jar:/home/user/.m2/repository/org/apache/hadoop/hadoop-ozone-csi/0.5.0-SNAPSHOT/hadoop-ozone-csi-0.5.0-SNAPSHOT.jar:/home/user/.m2/repository/com/google/protobuf/protobuf-java-util/3.5.1/protobuf-java-util-3.5.1.jar:/home/user/.m2/repository/org/apache/hadoop/hadoop-hdds-config/0.5.0-SNAPSHOT/hadoop-hdds-config-0.5.0-SNAPSHOT.jar:/home/user/.m2/repository/io/grpc/grpc-netty/1.17.1/grpc-netty-1.17.1.jar:/home/user/.m2/repository/io/grpc/grpc-core/1.17.1/grpc-core-1.17.1.jar:/home/user/.m2/repository/io/grpc/grpc-context/1.17.1/grpc-context-1.17.1.jar:/home/user/.m2/repository/com/google/errorprone/error_prone_annotations/2.2.0/error_prone_annotations-2.2.0.jar:/home/user/.m2/repository/org/codehaus/mojo/animal-sniffer-annotations/1.17/animal-sniffer-annotations-1.17.jar:/home/user/.m2/repository/io/opencensus/opencensus-api/0.17.0/opencensus-api-0.17.0.jar:/home/user/.m2/repository/io/opencensus/opencensus-contrib-grpc-metrics/0.17.0/opencensus-contrib-grpc-metrics-0.17.0.jar:/home/user/.m2/repository/io/netty/netty-codec-http2/4.1.30.Final/netty-codec-http2-4.1.30.Final.jar:/home/user/.m2/repository/io/netty/netty-codec-http/4.1.30.Final/netty-codec-http-4.1.30.Final.jar:/home/user/.m2/repository/io/netty/netty-codec/4.1.30.Final/netty-codec-4.1.30.Final.jar:/home/user/.m2/repository/io/netty/netty-handler/4.1.30.Final/netty-handler-4.1.30.Final.jar:/home/user/.m2/repository/io/netty/netty-handler-proxy/4.1.30.Final/netty-handler-proxy-4.1.30.Final.jar:/home/user/.m2/repository/io/netty/netty-codec-socks/4.1.30.Final/netty-codec-socks-4.1.30.Final.jar:/home/user/.m2/repository/io/netty/netty-transport-native-epoll/4.1.30.Final/netty-transport-native-epoll-4.1.30.Final.jar:/home/user/.m2/repository/io/netty/netty-common/4.1.30.Final/netty-common-4.1.30.Final.jar:/home/user/.m2/repository/io/netty/netty-buffer/4.1.30.Final/netty-buffer-4.1.30.Final.jar:/home/user/.m2/repository/io/netty/netty-transport/4.1.30.Final/netty-transport-4.1.30.Final.jar:/home/user/.m2/repository/io/netty/netty-resolver/4.1.30.Final/netty-resolver-4.1.30.Final.jar:/home/user/.m2/repository/io/netty/netty-transport-native-unix-common/4.1.30.Final/netty-transport-native-unix-common-4.1.30.Final.jar:/home/user/.m2/repository/io/grpc/grpc-protobuf/1.17.1/grpc-protobuf-1.17.1.jar:/home/user/.m2/repository/com/google/api/grpc/proto-google-common-protos/1.0.0/proto-google-common-protos-1.0.0.jar:/home/user/.m2/repository/io/grpc/grpc-protobuf-lite/1.17.1/grpc-protobuf-lite-1.17.1.jar:/home/user/.m2/repository/io/grpc/grpc-stub/1.17.1/grpc-stub-1.17.1.jar:/home/user/.m2/repository/org/apache/hadoop/hadoop-ozone-recon/0.5.0-SNAPSHOT/hadoop-ozone-recon-0.5.0-SNAPSHOT.jar:/home/user/.m2/repository/org/apache/hadoop/hadoop-ozone-reconcodegen/0.5.0-SNAPSHOT/hadoop-ozone-reconcodegen-0.5.0-SNAPSHOT.jar:/home/user/.m2/repository/com/google/inject/extensions/guice-multibindings/4.0/guice-multibindings-4.0.jar:/home/user/.m2/repository/com/google/inject/guice/4.0/guice-4.0.jar:/home/user/.m2/repository/aopalliance/aopalliance/1.0/aopalliance-1.0.jar:/home/user/.m2/repository/com/google/inject/extensions/guice-servlet/4.0/guice-servlet-4.0.jar:/home/user/.m2/repository/org/glassfish/jersey/containers/jersey-container-servlet/2.27/jersey-container-servlet-2.27.jar:/home/user/.m2/repository/org/glassfish/hk2/guice-bridge/2.5.0/guice-bridge-2.5.0.jar:/home/user/.m2/repository/org/glassfish/jersey/core/jersey-server/2.27/jersey-server-2.27.jar:/home/user/.m2/repository/org/glassfish/jersey/core/jersey-client/2.27/jersey-client-2.27.jar:/home/user/.m2/repository/org/glassfish/jersey/media/jersey-media-jaxb/2.27/jersey-media-jaxb-2.27.jar:/home/user/.m2/repository/javax/validation/validation-api/1.1.0.Final/validation-api-1.1.0.Final.jar:/home/user/.m2/repository/org/glassfish/jersey/media/jersey-media-json-jackson/2.27/jersey-media-json-jackson-2.27.jar:/home/user/.m2/repository/org/glassfish/jersey/ext/jersey-entity-filtering/2.27/jersey-entity-filtering-2.27.jar:/home/user/.m2/repository/com/google/inject/extensions/guice-assistedinject/4.0/guice-assistedinject-4.0.jar:/home/user/.m2/repository/org/jooq/jooq/3.11.10/jooq-3.11.10.jar:/home/user/.m2/repository/org/jooq/jooq-meta/3.11.10/jooq-meta-3.11.10.jar:/home/user/.m2/repository/org/jooq/jooq-codegen/3.11.10/jooq-codegen-3.11.10.jar:/home/user/.m2/repository/com/jolbox/bonecp/0.8.0.RELEASE/bonecp-0.8.0.RELEASE.jar:/home/user/.m2/repository/org/xerial/sqlite-jdbc/3.25.2/sqlite-jdbc-3.25.2.jar:/home/user/.m2/repository/org/springframework/spring-jdbc/5.1.3.RELEASE/spring-jdbc-5.1.3.RELEASE.jar:/home/user/.m2/repository/org/springframework/spring-beans/5.1.3.RELEASE/spring-beans-5.1.3.RELEASE.jar:/home/user/.m2/repository/org/springframework/spring-core/5.1.3.RELEASE/spring-core-5.1.3.RELEASE.jar:/home/user/.m2/repository/org/springframework/spring-jcl/5.1.3.RELEASE/spring-jcl-5.1.3.RELEASE.jar:/home/user/.m2/repository/org/springframework/spring-tx/5.1.3.RELEASE/spring-tx-5.1.3.RELEASE.jar:/home/user/.m2/repository/org/apache/hadoop/hadoop-ozone-client/0.5.0-SNAPSHOT/hadoop-ozone-client-0.5.0-SNAPSHOT.jar:/home/user/.m2/repository/commons-lang/commons-lang/2.6/commons-lang-2.6.jar:/home/user/.m2/repository/org/apache/hadoop/hadoop-ozone-ozone-manager/0.5.0-SNAPSHOT/hadoop-ozone-ozone-manager-0.5.0-SNAPSHOT-tests.jar:/home/user/.m2/repository/junit/junit/4.11/junit-4.11.jar:/home/user/.m2/repository/org/hamcrest/hamcrest-core/1.3/hamcrest-core-1.3.jar:/home/user/.m2/repository/org/openjdk/jmh/jmh-core/1.19/jmh-core-1.19.jar:/home/user/.m2/repository/net/sf/jopt-simple/jopt-simple/4.6/jopt-simple-4.6.jar:/home/user/.m2/repository/org/apache/commons/commons-math3/3.1.1/commons-math3-3.1.1.jar:/home/user/.m2/repository/org/openjdk/jmh/jmh-generator-annprocess/1.19/jmh-generator-annprocess-1.19.jar:/home/user/.m2/repository/org/mockito/mockito-all/1.8.5/mockito-all-1.8.5.jar:/home/user/.m2/repository/org/apache/hadoop/hadoop-kms/3.2.0/hadoop-kms-3.2.0.jar:/home/user/.m2/repository/org/apache/hadoop/hadoop-auth/3.2.0/hadoop-auth-3.2.0.jar:/home/user/.m2/repository/com/nimbusds/nimbus-jose-jwt/4.41.1/nimbus-jose-jwt-4.41.1.jar:/home/user/.m2/repository/com/github/stephenc/jcip/jcip-annotations/1.0-1/jcip-annotations-1.0-1.jar:/home/user/.m2/repository/net/minidev/json-smart/2.3/json-smart-2.3.jar:/home/user/.m2/repository/net/minidev/accessors-smart/1.2/accessors-smart-1.2.jar:/home/user/.m2/repository/org/ow2/asm/asm/5.0.4/asm-5.0.4.jar:/home/user/.m2/repository/org/apache/curator/curator-framework/2.12.0/curator-framework-2.12.0.jar:/home/user/.m2/repository/com/sun/jersey/jersey-core/1.19/jersey-core-1.19.jar:/home/user/.m2/repository/javax/ws/rs/jsr311-api/1.1.1/jsr311-api-1.1.1.jar:/home/user/.m2/repository/com/sun/jersey/jersey-server/1.19/jersey-server-1.19.jar:/home/user/.m2/repository/javax/servlet/javax.servlet-api/3.1.0/javax.servlet-api-3.1.0.jar:/home/user/.m2/repository/org/eclipse/jetty/jetty-server/9.3.25.v20180904/jetty-server-9.3.25.v20180904.jar:/home/user/.m2/repository/org/eclipse/jetty/jetty-http/9.3.25.v20180904/jetty-http-9.3.25.v20180904.jar:/home/user/.m2/repository/org/eclipse/jetty/jetty-io/9.3.25.v20180904/jetty-io-9.3.25.v20180904.jar:/home/user/.m2/repository/org/eclipse/jetty/jetty-webapp/9.3.25.v20180904/jetty-webapp-9.3.25.v20180904.jar:/home/user/.m2/repository/org/eclipse/jetty/jetty-xml/9.3.25.v20180904/jetty-xml-9.3.25.v20180904.jar:/home/user/.m2/repository/log4j/log4j/1.2.17/log4j-1.2.17.jar:/home/user/.m2/repository/org/slf4j/slf4j-api/1.7.25/slf4j-api-1.7.25.jar:/home/user/.m2/repository/org/slf4j/jul-to-slf4j/1.7.25/jul-to-slf4j-1.7.25.jar:/home/user/.m2/repository/org/eclipse/jetty/jetty-util/9.3.25.v20180904/jetty-util-9.3.25.v20180904.jar:/home/user/.m2/repository/com/fasterxml/jackson/core/jackson-databind/2.9.9/jackson-databind-2.9.9.jar:/home/user/.m2/repository/org/apache/hadoop/hadoop-kms/3.2.0/hadoop-kms-3.2.0-tests.jar:/home/user/.m2/repository/org/apache/hadoop/hadoop-hdds-server-scm/0.5.0-SNAPSHOT/hadoop-hdds-server-scm-0.5.0-SNAPSHOT-tests.jar:/home/user/.m2/repository/org/apache/hadoop/hadoop-hdds-container-service/0.5.0-SNAPSHOT/hadoop-hdds-container-service-0.5.0-SNAPSHOT-tests.jar:/home/user/.m2/repository/org/yaml/snakeyaml/1.16/snakeyaml-1.16.jar:/home/user/.m2/repository/org/apache/hadoop/hadoop-common/3.2.0/hadoop-common-3.2.0-tests.jar:/home/user/.m2/repository/org/apache/hadoop/hadoop-annotations/3.2.0/hadoop-annotations-3.2.0.jar:/usr/lib/jvm/java-1.8-openjdk/jre/../lib/tools.jar:/home/user/.m2/repository/commons-cli/commons-cli/1.2/commons-cli-1.2.jar:/home/user/.m2/repository/org/apache/httpcomponents/httpclient/4.5.2/httpclient-4.5.2.jar:/home/user/.m2/repository/org/apache/httpcomponents/httpcore/4.4.4/httpcore-4.4.4.jar:/home/user/.m2/repository/commons-codec/commons-codec/1.11/commons-codec-1.11.jar:/home/user/.m2/repository/commons-net/commons-net/3.6/commons-net-3.6.jar:/home/user/.m2/repository/commons-collections/commons-collections/3.2.2/commons-collections-3.2.2.jar:/home/user/.m2/repository/org/eclipse/jetty/jetty-servlet/9.3.25.v20180904/jetty-servlet-9.3.25.v20180904.jar:/home/user/.m2/repository/org/eclipse/jetty/jetty-security/9.3.25.v20180904/jetty-security-9.3.25.v20180904.jar:/home/user/.m2/repository/javax/servlet/jsp/jsp-api/2.1/jsp-api-2.1.jar:/home/user/.m2/repository/com/sun/jersey/jersey-servlet/1.19/jersey-servlet-1.19.jar:/home/user/.m2/repository/com/sun/jersey/jersey-json/1.19/jersey-json-1.19.jar:/home/user/.m2/repository/org/codehaus/jettison/jettison/1.1/jettison-1.1.jar:/home/user/.m2/repository/org/codehaus/jackson/jackson-core-asl/1.9.13/jackson-core-asl-1.9.13.jar:/home/user/.m2/repository/org/codehaus/jackson/jackson-mapper-asl/1.9.13/jackson-mapper-asl-1.9.13.jar:/home/user/.m2/repository/org/codehaus/jackson/jackson-jaxrs/1.9.13/jackson-jaxrs-1.9.13.jar:/home/user/.m2/repository/org/codehaus/jackson/jackson-xc/1.9.13/jackson-xc-1.9.13.jar:/home/user/.m2/repository/commons-logging/commons-logging/1.1.3/commons-logging-1.1.3.jar:/home/user/.m2/repository/commons-beanutils/commons-beanutils/1.9.4/commons-beanutils-1.9.4.jar:/home/user/.m2/repository/org/apache/commons/commons-configuration2/2.1.1/commons-configuration2-2.1.1.jar:/home/user/.m2/repository/org/apache/commons/commons-lang3/3.7/commons-lang3-3.7.jar:/home/user/.m2/repository/org/apache/commons/commons-text/1.4/commons-text-1.4.jar:/home/user/.m2/repository/org/apache/avro/avro/1.7.7/avro-1.7.7.jar:/home/user/.m2/repository/com/thoughtworks/paranamer/paranamer/2.3/paranamer-2.3.jar:/home/user/.m2/repository/org/xerial/snappy/snappy-java/1.0.5/snappy-java-1.0.5.jar:/home/user/.m2/repository/com/google/re2j/re2j/1.1/re2j-1.1.jar:/home/user/.m2/repository/com/google/code/gson/gson/2.2.4/gson-2.2.4.jar:/home/user/.m2/repository/com/jcraft/jsch/0.1.54/jsch-0.1.54.jar:/home/user/.m2/repository/org/apache/curator/curator-client/2.12.0/curator-client-2.12.0.jar:/home/user/.m2/repository/org/apache/curator/curator-recipes/2.12.0/curator-recipes-2.12.0.jar:/home/user/.m2/repository/com/google/code/findbugs/jsr305/3.0.0/jsr305-3.0.0.jar:/home/user/.m2/repository/org/apache/htrace/htrace-core4/4.1.0-incubating/htrace-core4-4.1.0-incubating.jar:/home/user/.m2/repository/org/apache/zookeeper/zookeeper/3.4.13/zookeeper-3.4.13.jar:/home/user/.m2/repository/jline/jline/0.9.94/jline-0.9.94.jar:/home/user/.m2/repository/org/apache/yetus/audience-annotations/0.5.0/audience-annotations-0.5.0.jar:/home/user/.m2/repository/org/codehaus/woodstox/stax2-api/3.1.4/stax2-api-3.1.4.jar:/home/user/.m2/repository/com/fasterxml/woodstox/woodstox-core/5.0.3/woodstox-core-5.0.3.jar:/home/user/.m2/repository/dnsjava/dnsjava/2.1.7/dnsjava-2.1.7.jar:/home/user/.m2/repository/org/apache/hadoop/hadoop-hdfs/3.2.0/hadoop-hdfs-3.2.0-tests.jar:/home/user/.m2/repository/org/eclipse/jetty/jetty-util-ajax/9.3.25.v20180904/jetty-util-ajax-9.3.25.v20180904.jar:/home/user/.m2/repository/commons-daemon/commons-daemon/1.0.13/commons-daemon-1.0.13.jar:/home/user/.m2/repository/io/netty/netty/3.10.5.Final/netty-3.10.5.Final.jar:/home/user/.m2/repository/io/netty/netty-all/4.0.52.Final/netty-all-4.0.52.Final.jar:/home/user/.m2/repository/org/fusesource/leveldbjni/leveldbjni-all/1.8/leveldbjni-all-1.8.jar:"/>
    <property name="sun.cpu.endian" value="little"/>
    <property name="user.home" value="/home/user"/>
    <property name="user.language" value="en"/>
    <property name="java.specification.vendor" value="Oracle Corporation"/>
    <property name="java.home" value="/usr/lib/jvm/java-1.8-openjdk/jre"/>
    <property name="java.security.krb5.conf" value="/workdir/hadoop-ozone/integration-test/target/test-classes/krb5.conf"/>
    <property name="basedir" value="/workdir/hadoop-ozone/integration-test"/>
    <property name="file.separator" value="/"/>
    <property name="line.separator" value="&#10;"/>
    <property name="java.vm.specification.vendor" value="Oracle Corporation"/>
    <property name="java.specification.name" value="Java Platform API Specification"/>
    <property name="java.awt.graphicsenv" value="sun.awt.X11GraphicsEnvironment"/>
    <property name="surefire.real.class.path" value="/workdir/hadoop-ozone/integration-test/target/surefire/surefirebooter8672278084407279739.jar"/>
    <property name="hadoop.log.dir" value="/workdir/hadoop-ozone/integration-test/target/log"/>
    <property name="sun.boot.class.path" value="/usr/lib/jvm/java-1.8-openjdk/jre/lib/resources.jar:/usr/lib/jvm/java-1.8-openjdk/jre/lib/rt.jar:/usr/lib/jvm/java-1.8-openjdk/jre/lib/sunrsasign.jar:/usr/lib/jvm/java-1.8-openjdk/jre/lib/jsse.jar:/usr/lib/jvm/java-1.8-openjdk/jre/lib/jce.jar:/usr/lib/jvm/java-1.8-openjdk/jre/lib/charsets.jar:/usr/lib/jvm/java-1.8-openjdk/jre/lib/jfr.jar:/usr/lib/jvm/java-1.8-openjdk/jre/classes"/>
    <property name="sun.management.compiler" value="HotSpot 64-Bit Tiered Compilers"/>
    <property name="java.runtime.version" value="1.8.0_212-b04"/>
    <property name="java.net.preferIPv4Stack" value="true"/>
    <property name="user.name" value="jenkins1000"/>
    <property name="path.separator" value=":"/>
    <property name="java.security.egd" value="file:///dev/urandom"/>
    <property name="os.version" value="3.10.0-957.12.2.el7.x86_64"/>
    <property name="java.endorsed.dirs" value="/usr/lib/jvm/java-1.8-openjdk/jre/lib/endorsed"/>
    <property name="java.runtime.name" value="OpenJDK Runtime Environment"/>
    <property name="file.encoding" value="UTF-8"/>
    <property name="java.vm.name" value="OpenJDK 64-Bit Server VM"/>
    <property name="test.build.webapps" value=""/>
    <property name="localRepository" value="/home/user/.m2/repository"/>
    <property name="java.vendor.url.bug" value="https://icedtea.classpath.org/bugzilla"/>
    <property name="java.io.tmpdir" value="/tmp"/>
    <property name="require.test.libhadoop" value=""/>
    <property name="java.version" value="1.8.0_212"/>
    <property name="user.dir" value="/workdir/hadoop-ozone/integration-test"/>
    <property name="os.arch" value="amd64"/>
    <property name="java.vm.specification.name" value="Java Virtual Machine Specification"/>
    <property name="test.build.classes" value="/workdir/hadoop-ozone/integration-test/target/test-classes"/>
    <property name="java.awt.printerjob" value="sun.print.PSPrinterJob"/>
    <property name="sun.os.patch.level" value="unknown"/>
    <property name="hadoop.tmp.dir" value="/workdir/hadoop-ozone/integration-test/target/tmp"/>
    <property name="java.library.path" value="/usr/lib/jvm/java-1.8-openjdk/jre/lib/amd64/server:/usr/lib/jvm/java-1.8-openjdk/jre/lib/amd64:/usr/lib/jvm/java-1.8-openjdk/jre/../lib/amd64:/workdir/hadoop-ozone/integration-test/target/native/target/usr/local/lib:/workdir/hadoop-ozone/integration-test/../../hadoop-common-project/hadoop-common/target/native/target/usr/local/lib:/usr/java/packages/lib/amd64:/usr/lib64:/lib64:/lib:/usr/lib"/>
    <property name="java.vm.info" value="mixed mode"/>
    <property name="java.vendor" value="IcedTea"/>
    <property name="java.vm.version" value="25.212-b04"/>
    <property name="java.ext.dirs" value="/usr/lib/jvm/java-1.8-openjdk/jre/lib/ext:/usr/java/packages/lib/ext"/>
    <property name="sun.io.unicode.encoding" value="UnicodeLittle"/>
    <property name="java.class.version" value="52.0"/>
  </properties>
  <testcase name="testHybridPipelineOnDatanode" classname="org.apache.hadoop.ozone.client.rpc.TestHybridPipelineOnDatanode" time="52.248">
    <error message="Allocated 0 blocks. Requested 1 blocks" type="INTERNAL_ERROR org.apache.hadoop.ozone.om.exceptions.OMException">INTERNAL_ERROR org.apache.hadoop.ozone.om.exceptions.OMException: Allocated 0 blocks. Requested 1 blocks
	at org.apache.hadoop.ozone.om.protocolPB.OzoneManagerProtocolClientSideTranslatorPB.handleError(OzoneManagerProtocolClientSideTranslatorPB.java:732)
	at org.apache.hadoop.ozone.om.protocolPB.OzoneManagerProtocolClientSideTranslatorPB.openKey(OzoneManagerProtocolClientSideTranslatorPB.java:723)
	at sun.reflect.NativeMethodAccessorImpl.invoke0(Native Method)
	at sun.reflect.NativeMethodAccessorImpl.invoke(NativeMethodAccessorImpl.java:62)
	at sun.reflect.DelegatingMethodAccessorImpl.invoke(DelegatingMethodAccessorImpl.java:43)
	at java.lang.reflect.Method.invoke(Method.java:498)
	at org.apache.hadoop.hdds.tracing.TraceAllMethod.invoke(TraceAllMethod.java:66)
	at com.sun.proxy.$Proxy37.openKey(Unknown Source)
	at org.apache.hadoop.ozone.client.rpc.RpcClient.createKey(RpcClient.java:614)
	at org.apache.hadoop.ozone.client.OzoneBucket.createKey(OzoneBucket.java:325)
	at org.apache.hadoop.ozone.client.rpc.TestHybridPipelineOnDatanode.testHybridPipelineOnDatanode(TestHybridPipelineOnDatanode.java:115)
	at sun.reflect.NativeMethodAccessorImpl.invoke0(Native Method)
	at sun.reflect.NativeMethodAccessorImpl.invoke(NativeMethodAccessorImpl.java:62)
	at sun.reflect.DelegatingMethodAccessorImpl.invoke(DelegatingMethodAccessorImpl.java:43)
	at java.lang.reflect.Method.invoke(Method.java:498)
	at org.junit.runners.model.FrameworkMethod$1.runReflectiveCall(FrameworkMethod.java:47)
	at org.junit.internal.runners.model.ReflectiveCallable.run(ReflectiveCallable.java:12)
	at org.junit.runners.model.FrameworkMethod.invokeExplosively(FrameworkMethod.java:44)
	at org.junit.internal.runners.statements.InvokeMethod.evaluate(InvokeMethod.java:17)
	at org.junit.runners.ParentRunner.runLeaf(ParentRunner.java:271)
	at org.junit.runners.BlockJUnit4ClassRunner.runChild(BlockJUnit4ClassRunner.java:70)
	at org.junit.runners.BlockJUnit4ClassRunner.runChild(BlockJUnit4ClassRunner.java:50)
	at org.junit.runners.ParentRunner$3.run(ParentRunner.java:238)
	at org.junit.runners.ParentRunner$1.schedule(ParentRunner.java:63)
	at org.junit.runners.ParentRunner.runChildren(ParentRunner.java:236)
	at org.junit.runners.ParentRunner.access$000(ParentRunner.java:53)
	at org.junit.runners.ParentRunner$2.evaluate(ParentRunner.java:229)
	at org.junit.internal.runners.statements.RunBefores.evaluate(RunBefores.java:26)
	at org.junit.internal.runners.statements.RunAfters.evaluate(RunAfters.java:27)
	at org.junit.runners.ParentRunner.run(ParentRunner.java:309)
	at org.apache.maven.surefire.junit4.JUnit4Provider.execute(JUnit4Provider.java:365)
	at org.apache.maven.surefire.junit4.JUnit4Provider.executeWithRerun(JUnit4Provider.java:273)
	at org.apache.maven.surefire.junit4.JUnit4Provider.executeTestSet(JUnit4Provider.java:238)
	at org.apache.maven.surefire.junit4.JUnit4Provider.invoke(JUnit4Provider.java:159)
	at org.apache.maven.surefire.booter.ForkedBooter.invokeProviderInSameClassLoader(ForkedBooter.java:384)
	at org.apache.maven.surefire.booter.ForkedBooter.runSuitesInProcess(ForkedBooter.java:345)
	at org.apache.maven.surefire.booter.ForkedBooter.execute(ForkedBooter.java:126)
	at org.apache.maven.surefire.booter.ForkedBooter.main(ForkedBooter.java:418)
</error>
    <system-out><![CDATA[2019-09-25 05:16:35,732 [main] WARN  server.ServerUtils (ServerUtils.java:getScmDbDir(145)) - ozone.scm.db.dirs is not configured. We recommend adding this setting. Falling back to ozone.metadata.dirs instead.
2019-09-25 05:16:35,889 [main] WARN  server.ServerUtils (ServerUtils.java:getScmDbDir(145)) - ozone.scm.db.dirs is not configured. We recommend adding this setting. Falling back to ozone.metadata.dirs instead.
2019-09-25 05:16:35,893 [main] WARN  server.ServerUtils (ServerUtils.java:getScmDbDir(145)) - ozone.scm.db.dirs is not configured. We recommend adding this setting. Falling back to ozone.metadata.dirs instead.
2019-09-25 05:16:35,911 [main] INFO  util.log (Log.java:initialized(192)) - Logging initialized @829ms
2019-09-25 05:16:36,012 [main] INFO  db.DBStoreBuilder (DBStoreBuilder.java:addTable(110)) - using custom profile for table: deletedBlocks
2019-09-25 05:16:36,013 [main] INFO  db.DBStoreBuilder (DBStoreBuilder.java:processTables(161)) - Using default column profile:DBProfile.DISK for Table:deletedBlocks
2019-09-25 05:16:36,013 [main] INFO  db.DBStoreBuilder (DBStoreBuilder.java:addTable(110)) - using custom profile for table: validCerts
2019-09-25 05:16:36,013 [main] INFO  db.DBStoreBuilder (DBStoreBuilder.java:processTables(161)) - Using default column profile:DBProfile.DISK for Table:validCerts
2019-09-25 05:16:36,013 [main] INFO  db.DBStoreBuilder (DBStoreBuilder.java:addTable(110)) - using custom profile for table: revokedCerts
2019-09-25 05:16:36,014 [main] INFO  db.DBStoreBuilder (DBStoreBuilder.java:processTables(161)) - Using default column profile:DBProfile.DISK for Table:revokedCerts
2019-09-25 05:16:36,026 [main] INFO  db.DBStoreBuilder (DBStoreBuilder.java:addTable(110)) - using custom profile for table: default
2019-09-25 05:16:36,026 [main] INFO  db.DBStoreBuilder (DBStoreBuilder.java:processTables(167)) - Using default column profile:DBProfile.DISK for Table:default
2019-09-25 05:16:36,027 [main] INFO  db.DBStoreBuilder (DBStoreBuilder.java:getDbProfile(198)) - Using default options. DBProfile.DISK
2019-09-25 05:16:36,268 [main] INFO  net.NodeSchemaLoader (NodeSchemaLoader.java:loadSchemaFromFile(125)) - Loading file from sun.misc.CompoundEnumeration@a1153bc
2019-09-25 05:16:36,270 [main] INFO  net.NodeSchemaLoader (NodeSchemaLoader.java:loadSchema(171)) - Loading network topology layer schema file
2019-09-25 05:16:36,335 [main] WARN  server.ServerUtils (ServerUtils.java:sanitizeUserArgs(70)) - ozone.scm.stale.node.interval value = 300000 is larger than max = 100000 based on the key value of ozone.scm.heartbeat.thread.interval, reset to the max value 100000.
2019-09-25 05:16:36,337 [main] WARN  server.ServerUtils (ServerUtils.java:sanitizeUserArgs(70)) - ozone.scm.stale.node.interval value = 300000 is larger than max = 100000 based on the key value of ozone.scm.heartbeat.thread.interval, reset to the max value 100000.
2019-09-25 05:16:36,339 [main] INFO  node.SCMNodeManager (SCMNodeManager.java:<init>(114)) - Entering startup safe mode.
2019-09-25 05:16:36,407 [main] INFO  algorithms.ContainerPlacementPolicyFactory (ContainerPlacementPolicyFactory.java:getPolicy(60)) - Create container placement policy of type org.apache.hadoop.hdds.scm.container.placement.algorithms.SCMContainerPlacementRandom
2019-09-25 05:16:36,421 [main] WARN  server.ServerUtils (ServerUtils.java:getScmDbDir(145)) - ozone.scm.db.dirs is not configured. We recommend adding this setting. Falling back to ozone.metadata.dirs instead.
2019-09-25 05:16:36,479 [main] INFO  pipeline.SCMPipelineManager (SCMPipelineManager.java:initializePipelineState(132)) - No pipeline exists in current db
2019-09-25 05:16:36,481 [main] WARN  server.ServerUtils (ServerUtils.java:getScmDbDir(145)) - ozone.scm.db.dirs is not configured. We recommend adding this setting. Falling back to ozone.metadata.dirs instead.
2019-09-25 05:16:36,576 [main] WARN  events.EventQueue (EventQueue.java:fireEvent(183)) - No event handler registered for event TypedEvent{payloadType=SafeModeStatus, name='SafeModeStatus'}
2019-09-25 05:16:36,953 [main] INFO  ipc.CallQueueManager (CallQueueManager.java:<init>(84)) - Using callQueue: class java.util.concurrent.LinkedBlockingQueue, queueCapacity: 2000, scheduler: class org.apache.hadoop.ipc.DefaultRpcScheduler, ipcBackoff: false.
2019-09-25 05:16:36,980 [Socket Reader #1 for port 42978] INFO  ipc.Server (Server.java:run(1074)) - Starting Socket Reader #1 for port 42978
2019-09-25 05:16:37,101 [main] INFO  ipc.CallQueueManager (CallQueueManager.java:<init>(84)) - Using callQueue: class java.util.concurrent.LinkedBlockingQueue, queueCapacity: 2000, scheduler: class org.apache.hadoop.ipc.DefaultRpcScheduler, ipcBackoff: false.
2019-09-25 05:16:37,102 [Socket Reader #1 for port 40243] INFO  ipc.Server (Server.java:run(1074)) - Starting Socket Reader #1 for port 40243
2019-09-25 05:16:37,111 [main] INFO  ipc.CallQueueManager (CallQueueManager.java:<init>(84)) - Using callQueue: class java.util.concurrent.LinkedBlockingQueue, queueCapacity: 2000, scheduler: class org.apache.hadoop.ipc.DefaultRpcScheduler, ipcBackoff: false.
2019-09-25 05:16:37,112 [Socket Reader #1 for port 42359] INFO  ipc.Server (Server.java:run(1074)) - Starting Socket Reader #1 for port 42359
2019-09-25 05:16:37,133 [main] INFO  hdfs.DFSUtil (DFSUtil.java:httpServerTemplateForNNAndJN(1641)) - Starting Web-server for scm at: http://0.0.0.0:0
2019-09-25 05:16:37,264 [main] INFO  server.AuthenticationFilter (AuthenticationFilter.java:constructSecretProvider(240)) - Unable to initialize FileSignerSecretProvider, falling back to use random secrets.
2019-09-25 05:16:37,272 [main] WARN  http.HttpRequestLog (HttpRequestLog.java:getRequestLog(97)) - Jetty request log can only be enabled using Log4j
2019-09-25 05:16:37,279 [main] INFO  http.HttpServer2 (HttpServer2.java:addGlobalFilter(975)) - Added global filter 'safety' (class=org.apache.hadoop.http.HttpServer2$QuotingInputFilter)
2019-09-25 05:16:37,281 [main] INFO  http.HttpServer2 (HttpServer2.java:addFilter(948)) - Added filter static_user_filter (class=org.apache.hadoop.http.lib.StaticUserWebFilter$StaticUserFilter) to context scm
2019-09-25 05:16:37,282 [main] INFO  http.HttpServer2 (HttpServer2.java:addFilter(958)) - Added filter static_user_filter (class=org.apache.hadoop.http.lib.StaticUserWebFilter$StaticUserFilter) to context static
2019-09-25 05:16:37,282 [main] INFO  http.HttpServer2 (HttpServer2.java:addFilter(958)) - Added filter static_user_filter (class=org.apache.hadoop.http.lib.StaticUserWebFilter$StaticUserFilter) to context logs
2019-09-25 05:16:37,310 [main] INFO  server.StorageContainerManager (StorageContainerManager.java:start(770)) - StorageContainerLocationProtocol RPC server is listening at /0.0.0.0:42359
2019-09-25 05:16:37,371 [main] WARN  impl.MetricsConfig (MetricsConfig.java:loadFirst(134)) - Cannot locate configuration: tried hadoop-metrics2-storagecontainermanager.properties,hadoop-metrics2.properties
2019-09-25 05:16:37,385 [main] INFO  impl.MetricsSystemImpl (MetricsSystemImpl.java:startTimer(374)) - Scheduled Metric snapshot period at 10 second(s).
2019-09-25 05:16:37,386 [main] INFO  impl.MetricsSystemImpl (MetricsSystemImpl.java:start(191)) - StorageContainerManager metrics system started
2019-09-25 05:16:37,617 [main] INFO  server.SCMClientProtocolServer (SCMClientProtocolServer.java:start(151)) - RPC server for Client  is listening at /0.0.0.0:42359
2019-09-25 05:16:37,618 [IPC Server listener on 42359] INFO  ipc.Server (Server.java:run(1153)) - IPC Server listener on 42359: starting
2019-09-25 05:16:37,618 [IPC Server Responder] INFO  ipc.Server (Server.java:run(1314)) - IPC Server Responder: starting
2019-09-25 05:16:37,620 [main] INFO  server.StorageContainerManager (StorageContainerManager.java:start(780)) - ScmBlockLocationProtocol RPC server is listening at /0.0.0.0:40243
2019-09-25 05:16:37,622 [main] INFO  server.SCMBlockProtocolServer (SCMBlockProtocolServer.java:start(146)) - RPC server for Block Protocol is listening at /0.0.0.0:40243
2019-09-25 05:16:37,623 [IPC Server Responder] INFO  ipc.Server (Server.java:run(1314)) - IPC Server Responder: starting
2019-09-25 05:16:37,623 [IPC Server listener on 40243] INFO  ipc.Server (Server.java:run(1153)) - IPC Server listener on 40243: starting
2019-09-25 05:16:37,625 [main] INFO  server.StorageContainerManager (StorageContainerManager.java:start(784)) - ScmDatanodeProtocl RPC server is listening at /0.0.0.0:42978
2019-09-25 05:16:37,625 [main] INFO  server.SCMDatanodeProtocolServer (SCMDatanodeProtocolServer.java:start(191)) - RPC server for DataNodes is listening at /0.0.0.0:42978
2019-09-25 05:16:37,626 [IPC Server Responder] INFO  ipc.Server (Server.java:run(1314)) - IPC Server Responder: starting
2019-09-25 05:16:37,626 [IPC Server listener on 42978] INFO  ipc.Server (Server.java:run(1153)) - IPC Server listener on 42978: starting
2019-09-25 05:16:37,630 [main] INFO  http.HttpServer2 (HttpServer2.java:bindListener(1191)) - Jetty bound to port 42635
2019-09-25 05:16:37,632 [main] INFO  server.Server (Server.java:doStart(351)) - jetty-9.3.25.v20180904, build timestamp: 2018-09-04T21:11:46Z, git hash: 3ce520221d0240229c862b122d2b06c12a625732
2019-09-25 05:16:37,683 [main] INFO  handler.ContextHandler (ContextHandler.java:doStart(781)) - Started o.e.j.s.ServletContextHandler@6622fc65{/logs,file:///workdir/hadoop-ozone/integration-test/target/log,AVAILABLE}
2019-09-25 05:16:37,684 [main] INFO  handler.ContextHandler (ContextHandler.java:doStart(781)) - Started o.e.j.s.ServletContextHandler@23fb172e{/static,file:///workdir/hadoop-ozone/integration-test/target/test-classes/webapps/static,AVAILABLE}
2019-09-25 05:16:37,720 [main] INFO  handler.ContextHandler (ContextHandler.java:doStart(781)) - Started o.e.j.w.WebAppContext@3591009c{/,file:///workdir/hadoop-ozone/integration-test/target/test-classes/webapps/scm/,AVAILABLE}{/scm}
2019-09-25 05:16:37,725 [main] INFO  server.AbstractConnector (AbstractConnector.java:doStart(278)) - Started ServerConnector@2de366bb{HTTP/1.1,[http/1.1]}{0.0.0.0:42635}
2019-09-25 05:16:37,726 [main] INFO  server.Server (Server.java:doStart(419)) - Started @2644ms
2019-09-25 05:16:37,728 [main] INFO  impl.MetricsSinkAdapter (MetricsSinkAdapter.java:start(204)) - Sink prometheus started
2019-09-25 05:16:37,728 [main] INFO  impl.MetricsSystemImpl (MetricsSystemImpl.java:registerSink(301)) - Registered sink prometheus
2019-09-25 05:16:37,729 [main] INFO  server.BaseHttpServer (BaseHttpServer.java:updateConnectorAddress(215)) - HTTP server of SCM is listening at http://0.0.0.0:42635
2019-09-25 05:16:37,735 [org.apache.hadoop.util.JvmPauseMonitor$Monitor@64f857e7] INFO  util.JvmPauseMonitor (JvmPauseMonitor.java:run(188)) - Starting JVM pause monitor
2019-09-25 05:16:37,738 [main] WARN  server.ServerUtils (ServerUtils.java:getDBPath(222)) - ozone.om.db.dirs is not configured. We recommend adding this setting. Falling back to ozone.metadata.dirs instead.
2019-09-25 05:16:37,843 [main] WARN  server.ServerUtils (ServerUtils.java:getDBPath(222)) - ozone.om.db.dirs is not configured. We recommend adding this setting. Falling back to ozone.metadata.dirs instead.
2019-09-25 05:16:37,844 [main] WARN  server.ServerUtils (ServerUtils.java:getDBPath(222)) - ozone.om.db.dirs is not configured. We recommend adding this setting. Falling back to ozone.metadata.dirs instead.
2019-09-25 05:16:37,845 [main] INFO  om.OzoneManager (OzoneManager.java:setOMNodeDetails(652)) - OM Service ID is not set. Setting it to the default ID: omServiceIdDefault
2019-09-25 05:16:37,845 [main] INFO  om.OzoneManager (OzoneManager.java:setOMNodeDetails(658)) - OM Node ID is not set. Setting it to the OmStorage's OmID: e768af20-e1e4-4104-ba39-3f2d41e027fa
2019-09-25 05:16:37,846 [main] INFO  om.OzoneManager (OzoneManager.java:loadOMHAConfigs(609)) - Found matching OM address with OMServiceId: null, OMNodeId: null, RPC Address: localhost:0 and Ratis port: 9872
2019-09-25 05:16:38,528 [main] WARN  server.ServerUtils (ServerUtils.java:getDBPath(222)) - ozone.om.db.dirs is not configured. We recommend adding this setting. Falling back to ozone.metadata.dirs instead.
2019-09-25 05:16:38,535 [main] INFO  db.DBStoreBuilder (DBStoreBuilder.java:addTable(110)) - using custom profile for table: userTable
2019-09-25 05:16:38,536 [main] INFO  db.DBStoreBuilder (DBStoreBuilder.java:processTables(161)) - Using default column profile:DBProfile.DISK for Table:userTable
2019-09-25 05:16:38,536 [main] INFO  db.DBStoreBuilder (DBStoreBuilder.java:addTable(110)) - using custom profile for table: volumeTable
2019-09-25 05:16:38,536 [main] INFO  db.DBStoreBuilder (DBStoreBuilder.java:processTables(161)) - Using default column profile:DBProfile.DISK for Table:volumeTable
2019-09-25 05:16:38,536 [main] INFO  db.DBStoreBuilder (DBStoreBuilder.java:addTable(110)) - using custom profile for table: bucketTable
2019-09-25 05:16:38,537 [main] INFO  db.DBStoreBuilder (DBStoreBuilder.java:processTables(161)) - Using default column profile:DBProfile.DISK for Table:bucketTable
2019-09-25 05:16:38,537 [main] INFO  db.DBStoreBuilder (DBStoreBuilder.java:addTable(110)) - using custom profile for table: keyTable
2019-09-25 05:16:38,537 [main] INFO  db.DBStoreBuilder (DBStoreBuilder.java:processTables(161)) - Using default column profile:DBProfile.DISK for Table:keyTable
2019-09-25 05:16:38,537 [main] INFO  db.DBStoreBuilder (DBStoreBuilder.java:addTable(110)) - using custom profile for table: deletedTable
2019-09-25 05:16:38,538 [main] INFO  db.DBStoreBuilder (DBStoreBuilder.java:processTables(161)) - Using default column profile:DBProfile.DISK for Table:deletedTable
2019-09-25 05:16:38,538 [main] INFO  db.DBStoreBuilder (DBStoreBuilder.java:addTable(110)) - using custom profile for table: openKeyTable
2019-09-25 05:16:38,538 [main] INFO  db.DBStoreBuilder (DBStoreBuilder.java:processTables(161)) - Using default column profile:DBProfile.DISK for Table:openKeyTable
2019-09-25 05:16:38,538 [main] INFO  db.DBStoreBuilder (DBStoreBuilder.java:addTable(110)) - using custom profile for table: s3Table
2019-09-25 05:16:38,538 [main] INFO  db.DBStoreBuilder (DBStoreBuilder.java:processTables(161)) - Using default column profile:DBProfile.DISK for Table:s3Table
2019-09-25 05:16:38,539 [main] INFO  db.DBStoreBuilder (DBStoreBuilder.java:addTable(110)) - using custom profile for table: multipartInfoTable
2019-09-25 05:16:38,539 [main] INFO  db.DBStoreBuilder (DBStoreBuilder.java:processTables(161)) - Using default column profile:DBProfile.DISK for Table:multipartInfoTable
2019-09-25 05:16:38,539 [main] INFO  db.DBStoreBuilder (DBStoreBuilder.java:addTable(110)) - using custom profile for table: dTokenTable
2019-09-25 05:16:38,539 [main] INFO  db.DBStoreBuilder (DBStoreBuilder.java:processTables(161)) - Using default column profile:DBProfile.DISK for Table:dTokenTable
2019-09-25 05:16:38,540 [main] INFO  db.DBStoreBuilder (DBStoreBuilder.java:addTable(110)) - using custom profile for table: s3SecretTable
2019-09-25 05:16:38,540 [main] INFO  db.DBStoreBuilder (DBStoreBuilder.java:processTables(161)) - Using default column profile:DBProfile.DISK for Table:s3SecretTable
2019-09-25 05:16:38,540 [main] INFO  db.DBStoreBuilder (DBStoreBuilder.java:addTable(110)) - using custom profile for table: prefixTable
2019-09-25 05:16:38,540 [main] INFO  db.DBStoreBuilder (DBStoreBuilder.java:processTables(161)) - Using default column profile:DBProfile.DISK for Table:prefixTable
2019-09-25 05:16:38,541 [main] INFO  db.DBStoreBuilder (DBStoreBuilder.java:addTable(110)) - using custom profile for table: default
2019-09-25 05:16:38,541 [main] INFO  db.DBStoreBuilder (DBStoreBuilder.java:processTables(167)) - Using default column profile:DBProfile.DISK for Table:default
2019-09-25 05:16:38,541 [main] INFO  db.DBStoreBuilder (DBStoreBuilder.java:getDbProfile(198)) - Using default options. DBProfile.DISK
2019-09-25 05:16:38,999 [main] INFO  ipc.CallQueueManager (CallQueueManager.java:<init>(84)) - Using callQueue: class java.util.concurrent.LinkedBlockingQueue, queueCapacity: 2000, scheduler: class org.apache.hadoop.ipc.DefaultRpcScheduler, ipcBackoff: false.
2019-09-25 05:16:39,000 [Socket Reader #1 for port 38134] INFO  ipc.Server (Server.java:run(1074)) - Starting Socket Reader #1 for port 38134
2019-09-25 05:16:39,024 [main] INFO  om.OzoneManager (OzoneManager.java:start(1243)) - OzoneManager RPC server is listening at localhost/127.0.0.1:38134
2019-09-25 05:16:39,024 [main] INFO  impl.MetricsSystemImpl (MetricsSystemImpl.java:init(158)) - OzoneManager metrics system started (again)
2019-09-25 05:16:39,025 [IPC Server Responder] INFO  ipc.Server (Server.java:run(1314)) - IPC Server Responder: starting
2019-09-25 05:16:39,025 [IPC Server listener on 38134] INFO  ipc.Server (Server.java:run(1153)) - IPC Server listener on 38134: starting
2019-09-25 05:16:39,029 [main] INFO  hdfs.DFSUtil (DFSUtil.java:httpServerTemplateForNNAndJN(1641)) - Starting Web-server for ozoneManager at: http://0.0.0.0:0
2019-09-25 05:16:39,032 [main] INFO  server.AuthenticationFilter (AuthenticationFilter.java:constructSecretProvider(240)) - Unable to initialize FileSignerSecretProvider, falling back to use random secrets.
2019-09-25 05:16:39,032 [main] WARN  http.HttpRequestLog (HttpRequestLog.java:getRequestLog(97)) - Jetty request log can only be enabled using Log4j
2019-09-25 05:16:39,035 [main] INFO  http.HttpServer2 (HttpServer2.java:addGlobalFilter(975)) - Added global filter 'safety' (class=org.apache.hadoop.http.HttpServer2$QuotingInputFilter)
2019-09-25 05:16:39,037 [main] INFO  http.HttpServer2 (HttpServer2.java:addFilter(948)) - Added filter static_user_filter (class=org.apache.hadoop.http.lib.StaticUserWebFilter$StaticUserFilter) to context ozoneManager
2019-09-25 05:16:39,037 [main] INFO  http.HttpServer2 (HttpServer2.java:addFilter(958)) - Added filter static_user_filter (class=org.apache.hadoop.http.lib.StaticUserWebFilter$StaticUserFilter) to context logs
2019-09-25 05:16:39,037 [main] INFO  http.HttpServer2 (HttpServer2.java:addFilter(958)) - Added filter static_user_filter (class=org.apache.hadoop.http.lib.StaticUserWebFilter$StaticUserFilter) to context static
2019-09-25 05:16:39,040 [main] INFO  http.HttpServer2 (HttpServer2.java:bindListener(1191)) - Jetty bound to port 38427
2019-09-25 05:16:39,040 [main] INFO  server.Server (Server.java:doStart(351)) - jetty-9.3.25.v20180904, build timestamp: 2018-09-04T21:11:46Z, git hash: 3ce520221d0240229c862b122d2b06c12a625732
2019-09-25 05:16:39,043 [main] INFO  handler.ContextHandler (ContextHandler.java:doStart(781)) - Started o.e.j.s.ServletContextHandler@677b8e13{/logs,file:///workdir/hadoop-ozone/integration-test/target/log,AVAILABLE}
2019-09-25 05:16:39,044 [main] INFO  handler.ContextHandler (ContextHandler.java:doStart(781)) - Started o.e.j.s.ServletContextHandler@4c27d39d{/static,file:///workdir/hadoop-ozone/integration-test/target/test-classes/webapps/static,AVAILABLE}
2019-09-25 05:16:39,050 [main] INFO  handler.ContextHandler (ContextHandler.java:doStart(781)) - Started o.e.j.w.WebAppContext@3a022576{/,file:///workdir/hadoop-ozone/integration-test/target/test-classes/webapps/ozoneManager/,AVAILABLE}{/ozoneManager}
2019-09-25 05:16:39,051 [main] INFO  server.AbstractConnector (AbstractConnector.java:doStart(278)) - Started ServerConnector@2dbd803f{HTTP/1.1,[http/1.1]}{0.0.0.0:38427}
2019-09-25 05:16:39,051 [main] INFO  server.Server (Server.java:doStart(419)) - Started @3969ms
2019-09-25 05:16:39,052 [main] WARN  impl.MetricsSystemImpl (MetricsSystemImpl.java:register(276)) - Sink prometheus already exists!
2019-09-25 05:16:39,052 [main] INFO  server.BaseHttpServer (BaseHttpServer.java:updateConnectorAddress(215)) - HTTP server of OZONEMANAGER is listening at http://0.0.0.0:38427
2019-09-25 05:16:39,329 [main] INFO  impl.MetricsSystemImpl (MetricsSystemImpl.java:init(158)) - HddsDatanode metrics system started (again)
2019-09-25 05:16:39,374 [main] INFO  ozone.HddsDatanodeService (HddsDatanodeService.java:start(184)) - HddsDatanodeService host:pr-hdds-1569-s44lr-3492059363 ip:192.168.164.207
2019-09-25 05:16:39,404 [main] INFO  volume.HddsVolume (HddsVolume.java:<init>(176)) - Creating Volume: /workdir/hadoop-ozone/integration-test/target/test-dir/MiniOzoneClusterImpl-61ea7bfd-f5dc-44df-9f38-4734a4a03623/datanode-0/data/containers/hdds of  storage type : DISK and capacity : 1482555576320
2019-09-25 05:16:39,408 [main] INFO  volume.VolumeSet (VolumeSet.java:initializeVolumeSet(170)) - Added Volume : /workdir/hadoop-ozone/integration-test/target/test-dir/MiniOzoneClusterImpl-61ea7bfd-f5dc-44df-9f38-4734a4a03623/datanode-0/data/containers/hdds to VolumeSet
2019-09-25 05:16:39,413 [main] INFO  volume.ThrottledAsyncChecker (ThrottledAsyncChecker.java:schedule(139)) - Scheduling a check for org.apache.hadoop.ozone.container.common.volume.HddsVolume@4992613f
2019-09-25 05:16:39,435 [main] INFO  volume.HddsVolumeChecker (HddsVolumeChecker.java:checkAllVolumes(202)) - Scheduled health check for volume org.apache.hadoop.ozone.container.common.volume.HddsVolume@4992613f
2019-09-25 05:16:39,544 [main] INFO  impl.RaftServerProxy (ConfUtils.java:logGet(43)) - raft.rpc.type = GRPC (default)
2019-09-25 05:16:39,610 [main] INFO  grpc.GrpcFactory (GrpcFactory.java:checkPooledByteBufAllocatorUseCacheForAllThreads(45)) - PERFORMANCE WARNING: useCacheForAllThreads is true that may cause Netty to create a lot garbage objects and, as a result, trigger GC.
	It is recommended to disable useCacheForAllThreads by setting -Dorg.apache.ratis.thirdparty.io.netty.allocator.useCacheForAllThreads=false in command line.
2019-09-25 05:16:39,617 [main] INFO  grpc.GrpcConfigKeys$Server (ConfUtils.java:logGet(43)) - raft.grpc.server.port = 0 (default)
2019-09-25 05:16:39,618 [main] INFO  server.GrpcService (ConfUtils.java:logGet(43)) - raft.grpc.message.size.max = 33570816 (custom)
2019-09-25 05:16:39,620 [main] INFO  server.RaftServerConfigKeys (ConfUtils.java:logGet(43)) - raft.server.log.appender.buffer.byte-limit = 33554432 (custom)
2019-09-25 05:16:39,621 [main] INFO  server.GrpcService (ConfUtils.java:logGet(43)) - raft.grpc.flow.control.window = 1MB (=1048576) (default)
2019-09-25 05:16:39,622 [main] INFO  server.RaftServerConfigKeys (ConfUtils.java:logGet(43)) - raft.server.rpc.request.timeout = 3000ms (default)
2019-09-25 05:16:39,789 [main] INFO  server.RaftServerConfigKeys (ConfUtils.java:logGet(43)) - raft.server.storage.dir = [/workdir/hadoop-ozone/integration-test/target/test-dir/MiniOzoneClusterImpl-61ea7bfd-f5dc-44df-9f38-4734a4a03623/datanode-0/data/ratis] (custom)
2019-09-25 05:16:39,840 [main] INFO  hdfs.DFSUtil (DFSUtil.java:httpServerTemplateForNNAndJN(1641)) - Starting Web-server for hddsDatanode at: http://0.0.0.0:0
2019-09-25 05:16:39,843 [main] INFO  server.AuthenticationFilter (AuthenticationFilter.java:constructSecretProvider(240)) - Unable to initialize FileSignerSecretProvider, falling back to use random secrets.
2019-09-25 05:16:39,843 [main] WARN  http.HttpRequestLog (HttpRequestLog.java:getRequestLog(97)) - Jetty request log can only be enabled using Log4j
2019-09-25 05:16:39,846 [main] INFO  http.HttpServer2 (HttpServer2.java:addGlobalFilter(975)) - Added global filter 'safety' (class=org.apache.hadoop.http.HttpServer2$QuotingInputFilter)
2019-09-25 05:16:39,847 [main] INFO  http.HttpServer2 (HttpServer2.java:addFilter(948)) - Added filter static_user_filter (class=org.apache.hadoop.http.lib.StaticUserWebFilter$StaticUserFilter) to context hddsDatanode
2019-09-25 05:16:39,847 [main] INFO  http.HttpServer2 (HttpServer2.java:addFilter(958)) - Added filter static_user_filter (class=org.apache.hadoop.http.lib.StaticUserWebFilter$StaticUserFilter) to context logs
2019-09-25 05:16:39,847 [main] INFO  http.HttpServer2 (HttpServer2.java:addFilter(958)) - Added filter static_user_filter (class=org.apache.hadoop.http.lib.StaticUserWebFilter$StaticUserFilter) to context static
2019-09-25 05:16:39,848 [main] INFO  http.HttpServer2 (HttpServer2.java:bindListener(1191)) - Jetty bound to port 45604
2019-09-25 05:16:39,848 [main] INFO  server.Server (Server.java:doStart(351)) - jetty-9.3.25.v20180904, build timestamp: 2018-09-04T21:11:46Z, git hash: 3ce520221d0240229c862b122d2b06c12a625732
2019-09-25 05:16:39,851 [main] INFO  handler.ContextHandler (ContextHandler.java:doStart(781)) - Started o.e.j.s.ServletContextHandler@262816a8{/logs,file:///workdir/hadoop-ozone/integration-test/target/log,AVAILABLE}
2019-09-25 05:16:39,851 [main] INFO  handler.ContextHandler (ContextHandler.java:doStart(781)) - Started o.e.j.s.ServletContextHandler@46c269e0{/static,jar:file:/home/user/.m2/repository/org/apache/hadoop/hadoop-hdds-container-service/0.5.0-SNAPSHOT/hadoop-hdds-container-service-0.5.0-SNAPSHOT.jar!/webapps/static,AVAILABLE}
2019-09-25 05:16:39,892 [main] INFO  handler.ContextHandler (ContextHandler.java:doStart(781)) - Started o.e.j.w.WebAppContext@255eaa6b{/,file:///tmp/jetty-0.0.0.0-45604-hddsDatanode-_-any-5997982449438955957.dir/webapp/,AVAILABLE}{/hddsDatanode}
2019-09-25 05:16:39,893 [main] INFO  server.AbstractConnector (AbstractConnector.java:doStart(278)) - Started ServerConnector@476fe690{HTTP/1.1,[http/1.1]}{0.0.0.0:45604}
2019-09-25 05:16:39,893 [main] INFO  server.Server (Server.java:doStart(419)) - Started @4811ms
2019-09-25 05:16:39,894 [main] WARN  impl.MetricsSystemImpl (MetricsSystemImpl.java:register(276)) - Sink prometheus already exists!
2019-09-25 05:16:39,895 [main] INFO  server.BaseHttpServer (BaseHttpServer.java:updateConnectorAddress(215)) - HTTP server of HDDSDATANODE is listening at http://0.0.0.0:45604
2019-09-25 05:16:39,896 [main] INFO  impl.MetricsSystemImpl (MetricsSystemImpl.java:init(158)) - HddsDatanode metrics system started (again)
2019-09-25 05:16:39,898 [main] INFO  ozone.HddsDatanodeService (HddsDatanodeService.java:start(184)) - HddsDatanodeService host:pr-hdds-1569-s44lr-3492059363 ip:192.168.164.207
2019-09-25 05:16:39,900 [org.apache.hadoop.util.JvmPauseMonitor$Monitor@585056d2] INFO  util.JvmPauseMonitor (JvmPauseMonitor.java:run(188)) - Starting JVM pause monitor
2019-09-25 05:16:39,907 [main] INFO  volume.HddsVolume (HddsVolume.java:<init>(176)) - Creating Volume: /workdir/hadoop-ozone/integration-test/target/test-dir/MiniOzoneClusterImpl-61ea7bfd-f5dc-44df-9f38-4734a4a03623/datanode-1/data/containers/hdds of  storage type : DISK and capacity : 1482555576320
2019-09-25 05:16:39,907 [main] INFO  volume.VolumeSet (VolumeSet.java:initializeVolumeSet(170)) - Added Volume : /workdir/hadoop-ozone/integration-test/target/test-dir/MiniOzoneClusterImpl-61ea7bfd-f5dc-44df-9f38-4734a4a03623/datanode-1/data/containers/hdds to VolumeSet
2019-09-25 05:16:39,907 [main] INFO  volume.ThrottledAsyncChecker (ThrottledAsyncChecker.java:schedule(139)) - Scheduling a check for org.apache.hadoop.ozone.container.common.volume.HddsVolume@623dcf2a
2019-09-25 05:16:39,908 [main] INFO  volume.HddsVolumeChecker (HddsVolumeChecker.java:checkAllVolumes(202)) - Scheduled health check for volume org.apache.hadoop.ozone.container.common.volume.HddsVolume@623dcf2a
2019-09-25 05:16:39,922 [main] INFO  impl.RaftServerProxy (ConfUtils.java:logGet(43)) - raft.rpc.type = GRPC (default)
2019-09-25 05:16:39,923 [main] INFO  grpc.GrpcFactory (GrpcFactory.java:checkPooledByteBufAllocatorUseCacheForAllThreads(45)) - PERFORMANCE WARNING: useCacheForAllThreads is true that may cause Netty to create a lot garbage objects and, as a result, trigger GC.
	It is recommended to disable useCacheForAllThreads by setting -Dorg.apache.ratis.thirdparty.io.netty.allocator.useCacheForAllThreads=false in command line.
2019-09-25 05:16:39,923 [main] INFO  grpc.GrpcConfigKeys$Server (ConfUtils.java:logGet(43)) - raft.grpc.server.port = 0 (default)
2019-09-25 05:16:39,923 [main] INFO  server.GrpcService (ConfUtils.java:logGet(43)) - raft.grpc.message.size.max = 33570816 (custom)
2019-09-25 05:16:39,923 [main] INFO  server.RaftServerConfigKeys (ConfUtils.java:logGet(43)) - raft.server.log.appender.buffer.byte-limit = 33554432 (custom)
2019-09-25 05:16:39,924 [main] INFO  server.GrpcService (ConfUtils.java:logGet(43)) - raft.grpc.flow.control.window = 1MB (=1048576) (default)
2019-09-25 05:16:39,924 [main] INFO  server.RaftServerConfigKeys (ConfUtils.java:logGet(43)) - raft.server.rpc.request.timeout = 3000ms (default)
2019-09-25 05:16:39,925 [main] INFO  server.RaftServerConfigKeys (ConfUtils.java:logGet(43)) - raft.server.storage.dir = [/workdir/hadoop-ozone/integration-test/target/test-dir/MiniOzoneClusterImpl-61ea7bfd-f5dc-44df-9f38-4734a4a03623/datanode-1/data/ratis] (custom)
2019-09-25 05:16:39,933 [main] INFO  hdfs.DFSUtil (DFSUtil.java:httpServerTemplateForNNAndJN(1641)) - Starting Web-server for hddsDatanode at: http://0.0.0.0:0
2019-09-25 05:16:39,937 [main] INFO  server.AuthenticationFilter (AuthenticationFilter.java:constructSecretProvider(240)) - Unable to initialize FileSignerSecretProvider, falling back to use random secrets.
2019-09-25 05:16:39,939 [main] WARN  http.HttpRequestLog (HttpRequestLog.java:getRequestLog(97)) - Jetty request log can only be enabled using Log4j
2019-09-25 05:16:39,944 [main] INFO  http.HttpServer2 (HttpServer2.java:addGlobalFilter(975)) - Added global filter 'safety' (class=org.apache.hadoop.http.HttpServer2$QuotingInputFilter)
2019-09-25 05:16:39,944 [main] INFO  http.HttpServer2 (HttpServer2.java:addFilter(948)) - Added filter static_user_filter (class=org.apache.hadoop.http.lib.StaticUserWebFilter$StaticUserFilter) to context hddsDatanode
2019-09-25 05:16:39,945 [main] INFO  http.HttpServer2 (HttpServer2.java:addFilter(958)) - Added filter static_user_filter (class=org.apache.hadoop.http.lib.StaticUserWebFilter$StaticUserFilter) to context logs
2019-09-25 05:16:39,945 [main] INFO  http.HttpServer2 (HttpServer2.java:addFilter(958)) - Added filter static_user_filter (class=org.apache.hadoop.http.lib.StaticUserWebFilter$StaticUserFilter) to context static
2019-09-25 05:16:39,947 [main] INFO  http.HttpServer2 (HttpServer2.java:bindListener(1191)) - Jetty bound to port 40474
2019-09-25 05:16:39,947 [main] INFO  server.Server (Server.java:doStart(351)) - jetty-9.3.25.v20180904, build timestamp: 2018-09-04T21:11:46Z, git hash: 3ce520221d0240229c862b122d2b06c12a625732
2019-09-25 05:16:39,951 [main] INFO  handler.ContextHandler (ContextHandler.java:doStart(781)) - Started o.e.j.s.ServletContextHandler@654c7d2d{/logs,file:///workdir/hadoop-ozone/integration-test/target/log,AVAILABLE}
2019-09-25 05:16:39,951 [main] INFO  handler.ContextHandler (ContextHandler.java:doStart(781)) - Started o.e.j.s.ServletContextHandler@15400fff{/static,jar:file:/home/user/.m2/repository/org/apache/hadoop/hadoop-hdds-container-service/0.5.0-SNAPSHOT/hadoop-hdds-container-service-0.5.0-SNAPSHOT.jar!/webapps/static,AVAILABLE}
2019-09-25 05:16:39,981 [main] INFO  handler.ContextHandler (ContextHandler.java:doStart(781)) - Started o.e.j.w.WebAppContext@25ad4f71{/,file:///tmp/jetty-0.0.0.0-40474-hddsDatanode-_-any-5697539511359212349.dir/webapp/,AVAILABLE}{/hddsDatanode}
2019-09-25 05:16:39,983 [main] INFO  server.AbstractConnector (AbstractConnector.java:doStart(278)) - Started ServerConnector@49faf066{HTTP/1.1,[http/1.1]}{0.0.0.0:40474}
2019-09-25 05:16:39,983 [main] INFO  server.Server (Server.java:doStart(419)) - Started @4901ms
2019-09-25 05:16:39,984 [main] WARN  impl.MetricsSystemImpl (MetricsSystemImpl.java:register(276)) - Sink prometheus already exists!
2019-09-25 05:16:39,985 [main] INFO  server.BaseHttpServer (BaseHttpServer.java:updateConnectorAddress(215)) - HTTP server of HDDSDATANODE is listening at http://0.0.0.0:40474
2019-09-25 05:16:39,985 [main] INFO  impl.MetricsSystemImpl (MetricsSystemImpl.java:init(158)) - HddsDatanode metrics system started (again)
2019-09-25 05:16:39,988 [org.apache.hadoop.util.JvmPauseMonitor$Monitor@2a44147a] INFO  util.JvmPauseMonitor (JvmPauseMonitor.java:run(188)) - Starting JVM pause monitor
2019-09-25 05:16:39,993 [main] INFO  ozone.HddsDatanodeService (HddsDatanodeService.java:start(184)) - HddsDatanodeService host:pr-hdds-1569-s44lr-3492059363 ip:192.168.164.207
2019-09-25 05:16:40,000 [main] INFO  volume.HddsVolume (HddsVolume.java:<init>(176)) - Creating Volume: /workdir/hadoop-ozone/integration-test/target/test-dir/MiniOzoneClusterImpl-61ea7bfd-f5dc-44df-9f38-4734a4a03623/datanode-2/data/containers/hdds of  storage type : DISK and capacity : 1482555576320
2019-09-25 05:16:40,001 [main] INFO  volume.VolumeSet (VolumeSet.java:initializeVolumeSet(170)) - Added Volume : /workdir/hadoop-ozone/integration-test/target/test-dir/MiniOzoneClusterImpl-61ea7bfd-f5dc-44df-9f38-4734a4a03623/datanode-2/data/containers/hdds to VolumeSet
2019-09-25 05:16:40,002 [main] INFO  volume.ThrottledAsyncChecker (ThrottledAsyncChecker.java:schedule(139)) - Scheduling a check for org.apache.hadoop.ozone.container.common.volume.HddsVolume@524a076e
2019-09-25 05:16:40,003 [main] INFO  volume.HddsVolumeChecker (HddsVolumeChecker.java:checkAllVolumes(202)) - Scheduled health check for volume org.apache.hadoop.ozone.container.common.volume.HddsVolume@524a076e
2019-09-25 05:16:40,018 [main] INFO  impl.RaftServerProxy (ConfUtils.java:logGet(43)) - raft.rpc.type = GRPC (default)
2019-09-25 05:16:40,019 [main] INFO  grpc.GrpcFactory (GrpcFactory.java:checkPooledByteBufAllocatorUseCacheForAllThreads(45)) - PERFORMANCE WARNING: useCacheForAllThreads is true that may cause Netty to create a lot garbage objects and, as a result, trigger GC.
	It is recommended to disable useCacheForAllThreads by setting -Dorg.apache.ratis.thirdparty.io.netty.allocator.useCacheForAllThreads=false in command line.
2019-09-25 05:16:40,019 [main] INFO  grpc.GrpcConfigKeys$Server (ConfUtils.java:logGet(43)) - raft.grpc.server.port = 0 (default)
2019-09-25 05:16:40,019 [main] INFO  server.GrpcService (ConfUtils.java:logGet(43)) - raft.grpc.message.size.max = 33570816 (custom)
2019-09-25 05:16:40,020 [main] INFO  server.RaftServerConfigKeys (ConfUtils.java:logGet(43)) - raft.server.log.appender.buffer.byte-limit = 33554432 (custom)
2019-09-25 05:16:40,020 [main] INFO  server.GrpcService (ConfUtils.java:logGet(43)) - raft.grpc.flow.control.window = 1MB (=1048576) (default)
2019-09-25 05:16:40,020 [main] INFO  server.RaftServerConfigKeys (ConfUtils.java:logGet(43)) - raft.server.rpc.request.timeout = 3000ms (default)
2019-09-25 05:16:40,021 [main] INFO  server.RaftServerConfigKeys (ConfUtils.java:logGet(43)) - raft.server.storage.dir = [/workdir/hadoop-ozone/integration-test/target/test-dir/MiniOzoneClusterImpl-61ea7bfd-f5dc-44df-9f38-4734a4a03623/datanode-2/data/ratis] (custom)
2019-09-25 05:16:40,023 [main] INFO  hdfs.DFSUtil (DFSUtil.java:httpServerTemplateForNNAndJN(1641)) - Starting Web-server for hddsDatanode at: http://0.0.0.0:0
2019-09-25 05:16:40,024 [main] INFO  server.AuthenticationFilter (AuthenticationFilter.java:constructSecretProvider(240)) - Unable to initialize FileSignerSecretProvider, falling back to use random secrets.
2019-09-25 05:16:40,025 [main] WARN  http.HttpRequestLog (HttpRequestLog.java:getRequestLog(97)) - Jetty request log can only be enabled using Log4j
2019-09-25 05:16:40,027 [main] INFO  http.HttpServer2 (HttpServer2.java:addGlobalFilter(975)) - Added global filter 'safety' (class=org.apache.hadoop.http.HttpServer2$QuotingInputFilter)
2019-09-25 05:16:40,027 [main] INFO  http.HttpServer2 (HttpServer2.java:addFilter(948)) - Added filter static_user_filter (class=org.apache.hadoop.http.lib.StaticUserWebFilter$StaticUserFilter) to context hddsDatanode
2019-09-25 05:16:40,027 [main] INFO  http.HttpServer2 (HttpServer2.java:addFilter(958)) - Added filter static_user_filter (class=org.apache.hadoop.http.lib.StaticUserWebFilter$StaticUserFilter) to context static
2019-09-25 05:16:40,028 [main] INFO  http.HttpServer2 (HttpServer2.java:addFilter(958)) - Added filter static_user_filter (class=org.apache.hadoop.http.lib.StaticUserWebFilter$StaticUserFilter) to context logs
2019-09-25 05:16:40,028 [main] INFO  http.HttpServer2 (HttpServer2.java:bindListener(1191)) - Jetty bound to port 41044
2019-09-25 05:16:40,029 [main] INFO  server.Server (Server.java:doStart(351)) - jetty-9.3.25.v20180904, build timestamp: 2018-09-04T21:11:46Z, git hash: 3ce520221d0240229c862b122d2b06c12a625732
2019-09-25 05:16:40,033 [main] INFO  handler.ContextHandler (ContextHandler.java:doStart(781)) - Started o.e.j.s.ServletContextHandler@2e66bc32{/logs,file:///workdir/hadoop-ozone/integration-test/target/log,AVAILABLE}
2019-09-25 05:16:40,034 [main] INFO  handler.ContextHandler (ContextHandler.java:doStart(781)) - Started o.e.j.s.ServletContextHandler@4b65d9f4{/static,jar:file:/home/user/.m2/repository/org/apache/hadoop/hadoop-hdds-container-service/0.5.0-SNAPSHOT/hadoop-hdds-container-service-0.5.0-SNAPSHOT.jar!/webapps/static,AVAILABLE}
2019-09-25 05:16:40,052 [Datanode State Machine Thread - 0] INFO  datanode.InitDatanodeState (InitDatanodeState.java:persistContainerDatanodeDetails(140)) - DatanodeDetails is persisted to /workdir/hadoop-ozone/integration-test/target/test-dir/MiniOzoneClusterImpl-61ea7bfd-f5dc-44df-9f38-4734a4a03623/datanode-0/meta/datanode.id
2019-09-25 05:16:40,056 [Datanode State Machine Thread - 0] INFO  datanode.InitDatanodeState (InitDatanodeState.java:persistContainerDatanodeDetails(140)) - DatanodeDetails is persisted to /workdir/hadoop-ozone/integration-test/target/test-dir/MiniOzoneClusterImpl-61ea7bfd-f5dc-44df-9f38-4734a4a03623/datanode-1/meta/datanode.id
2019-09-25 05:16:40,065 [main] INFO  handler.ContextHandler (ContextHandler.java:doStart(781)) - Started o.e.j.w.WebAppContext@4745e9c{/,file:///tmp/jetty-0.0.0.0-41044-hddsDatanode-_-any-175441194042009353.dir/webapp/,AVAILABLE}{/hddsDatanode}
2019-09-25 05:16:40,066 [main] INFO  server.AbstractConnector (AbstractConnector.java:doStart(278)) - Started ServerConnector@2f2bff16{HTTP/1.1,[http/1.1]}{0.0.0.0:41044}
2019-09-25 05:16:40,066 [main] INFO  server.Server (Server.java:doStart(419)) - Started @4984ms
2019-09-25 05:16:40,067 [main] WARN  impl.MetricsSystemImpl (MetricsSystemImpl.java:register(276)) - Sink prometheus already exists!
2019-09-25 05:16:40,068 [main] INFO  server.BaseHttpServer (BaseHttpServer.java:updateConnectorAddress(215)) - HTTP server of HDDSDATANODE is listening at http://0.0.0.0:41044
2019-09-25 05:16:40,070 [main] INFO  ozone.MiniOzoneClusterImpl (MiniOzoneClusterImpl.java:lambda$waitForClusterToBeReady$0(147)) - Waiting for cluster to be ready. Got 0 of 3 DN Heartbeats.
2019-09-25 05:16:40,070 [org.apache.hadoop.util.JvmPauseMonitor$Monitor@592292fe] INFO  util.JvmPauseMonitor (JvmPauseMonitor.java:run(188)) - Starting JVM pause monitor
2019-09-25 05:16:40,073 [Datanode State Machine Thread - 0] INFO  datanode.InitDatanodeState (InitDatanodeState.java:persistContainerDatanodeDetails(140)) - DatanodeDetails is persisted to /workdir/hadoop-ozone/integration-test/target/test-dir/MiniOzoneClusterImpl-61ea7bfd-f5dc-44df-9f38-4734a4a03623/datanode-2/meta/datanode.id
2019-09-25 05:16:41,071 [main] INFO  ozone.MiniOzoneClusterImpl (MiniOzoneClusterImpl.java:lambda$waitForClusterToBeReady$0(147)) - Waiting for cluster to be ready. Got 0 of 3 DN Heartbeats.
2019-09-25 05:16:41,964 [Datanode State Machine Thread - 0] INFO  ozoneimpl.OzoneContainer (OzoneContainer.java:start(217)) - Attempting to start container services.
2019-09-25 05:16:41,966 [Datanode State Machine Thread - 0] INFO  ozoneimpl.OzoneContainer (OzoneContainer.java:startContainerScrub(179)) - Background container scanner has been disabled.
2019-09-25 05:16:41,966 [Datanode State Machine Thread - 0] INFO  ratis.XceiverServerRatis (XceiverServerRatis.java:start(411)) - Starting XceiverServerRatis 26f764fd-4d7b-4424-b7e8-447a1ed3b8ef at port 0
2019-09-25 05:16:41,984 [Datanode State Machine Thread - 0] INFO  impl.RaftServerProxy (RaftServerProxy.java:lambda$start$3(299)) - 26f764fd-4d7b-4424-b7e8-447a1ed3b8ef: start RPC server
2019-09-25 05:16:41,997 [Datanode State Machine Thread - 0] INFO  ozoneimpl.OzoneContainer (OzoneContainer.java:start(217)) - Attempting to start container services.
2019-09-25 05:16:42,002 [Datanode State Machine Thread - 0] INFO  ozoneimpl.OzoneContainer (OzoneContainer.java:startContainerScrub(179)) - Background container scanner has been disabled.
2019-09-25 05:16:42,002 [Datanode State Machine Thread - 0] INFO  ratis.XceiverServerRatis (XceiverServerRatis.java:start(411)) - Starting XceiverServerRatis ff9cca32-4485-4042-a2cf-de046efe7856 at port 0
2019-09-25 05:16:42,009 [Datanode State Machine Thread - 0] INFO  impl.RaftServerProxy (RaftServerProxy.java:lambda$start$3(299)) - ff9cca32-4485-4042-a2cf-de046efe7856: start RPC server
2019-09-25 05:16:42,073 [main] INFO  ozone.MiniOzoneClusterImpl (MiniOzoneClusterImpl.java:lambda$waitForClusterToBeReady$0(147)) - Waiting for cluster to be ready. Got 0 of 3 DN Heartbeats.
2019-09-25 05:16:42,086 [Datanode State Machine Thread - 0] INFO  ozoneimpl.OzoneContainer (OzoneContainer.java:start(217)) - Attempting to start container services.
2019-09-25 05:16:42,088 [Datanode State Machine Thread - 0] INFO  ozoneimpl.OzoneContainer (OzoneContainer.java:startContainerScrub(179)) - Background container scanner has been disabled.
2019-09-25 05:16:42,088 [Datanode State Machine Thread - 0] INFO  ratis.XceiverServerRatis (XceiverServerRatis.java:start(411)) - Starting XceiverServerRatis ba8dde02-0af5-4216-bd1b-765be5e6f2f5 at port 0
2019-09-25 05:16:42,093 [Datanode State Machine Thread - 0] INFO  impl.RaftServerProxy (RaftServerProxy.java:lambda$start$3(299)) - ba8dde02-0af5-4216-bd1b-765be5e6f2f5: start RPC server
2019-09-25 05:16:42,120 [Datanode State Machine Thread - 0] INFO  server.GrpcService (GrpcService.java:startImpl(158)) - ff9cca32-4485-4042-a2cf-de046efe7856: GrpcService started, listening on 0.0.0.0/0.0.0.0:41669
2019-09-25 05:16:42,121 [Datanode State Machine Thread - 0] INFO  server.GrpcService (GrpcService.java:startImpl(158)) - 26f764fd-4d7b-4424-b7e8-447a1ed3b8ef: GrpcService started, listening on 0.0.0.0/0.0.0.0:40706
2019-09-25 05:16:42,120 [Datanode State Machine Thread - 0] INFO  server.GrpcService (GrpcService.java:startImpl(158)) - ba8dde02-0af5-4216-bd1b-765be5e6f2f5: GrpcService started, listening on 0.0.0.0/0.0.0.0:33616
2019-09-25 05:16:42,121 [Datanode State Machine Thread - 0] INFO  ratis.XceiverServerRatis (XceiverServerRatis.java:start(421)) - XceiverServerRatis 26f764fd-4d7b-4424-b7e8-447a1ed3b8ef is started using port 40706
2019-09-25 05:16:42,121 [Datanode State Machine Thread - 0] INFO  ratis.XceiverServerRatis (XceiverServerRatis.java:start(421)) - XceiverServerRatis ff9cca32-4485-4042-a2cf-de046efe7856 is started using port 41669
2019-09-25 05:16:42,122 [Datanode State Machine Thread - 0] INFO  ratis.XceiverServerRatis (XceiverServerRatis.java:start(421)) - XceiverServerRatis ba8dde02-0af5-4216-bd1b-765be5e6f2f5 is started using port 33616
2019-09-25 05:16:42,126 [Datanode State Machine Thread - 0] INFO  server.XceiverServerGrpc (XceiverServerGrpc.java:start(149)) - XceiverServerGrpc 26f764fd-4d7b-4424-b7e8-447a1ed3b8ef is started using port 42187
2019-09-25 05:16:42,127 [Datanode State Machine Thread - 0] INFO  server.XceiverServerGrpc (XceiverServerGrpc.java:start(149)) - XceiverServerGrpc ff9cca32-4485-4042-a2cf-de046efe7856 is started using port 45323
2019-09-25 05:16:42,126 [Datanode State Machine Thread - 0] INFO  server.XceiverServerGrpc (XceiverServerGrpc.java:start(149)) - XceiverServerGrpc ba8dde02-0af5-4216-bd1b-765be5e6f2f5 is started using port 43135
2019-09-25 05:16:43,073 [main] INFO  ozone.MiniOzoneClusterImpl (MiniOzoneClusterImpl.java:lambda$waitForClusterToBeReady$0(147)) - Waiting for cluster to be ready. Got 0 of 3 DN Heartbeats.
2019-09-25 05:16:43,937 [IPC Server handler 0 on 42978] INFO  net.NetworkTopology (NetworkTopologyImpl.java:add(111)) - Added a new node: /default-rack/26f764fd-4d7b-4424-b7e8-447a1ed3b8ef
2019-09-25 05:16:43,938 [IPC Server handler 0 on 42978] INFO  node.SCMNodeManager (SCMNodeManager.java:register(266)) - Registered Data node : 26f764fd-4d7b-4424-b7e8-447a1ed3b8ef{ip: 192.168.164.207, host: pr-hdds-1569-s44lr-3492059363, networkLocation: /default-rack, certSerialId: null}
2019-09-25 05:16:43,941 [EventQueue-NodeRegistrationContainerReportForDataNodeSafeModeRule] INFO  safemode.SCMSafeModeManager (DataNodeSafeModeRule.java:process(71)) - SCM in safe mode. 1 DataNodes registered, 1 required.
2019-09-25 05:16:43,941 [EventQueue-NodeRegistrationContainerReportForDataNodeSafeModeRule] INFO  safemode.SCMSafeModeManager (SCMSafeModeManager.java:validateSafeModeExitRules(177)) - ScmSafeModeManager, all rules are successfully validated
2019-09-25 05:16:43,941 [EventQueue-NodeRegistrationContainerReportForDataNodeSafeModeRule] INFO  safemode.SCMSafeModeManager (SCMSafeModeManager.java:exitSafeMode(193)) - SCM exiting safe mode.
2019-09-25 05:16:43,990 [IPC Server handler 1 on 42978] INFO  net.NetworkTopology (NetworkTopologyImpl.java:add(111)) - Added a new node: /default-rack/ff9cca32-4485-4042-a2cf-de046efe7856
2019-09-25 05:16:43,990 [IPC Server handler 1 on 42978] INFO  node.SCMNodeManager (SCMNodeManager.java:register(266)) - Registered Data node : ff9cca32-4485-4042-a2cf-de046efe7856{ip: 192.168.164.207, host: pr-hdds-1569-s44lr-3492059363, networkLocation: /default-rack, certSerialId: null}
2019-09-25 05:16:44,074 [IPC Server handler 4 on 42978] INFO  net.NetworkTopology (NetworkTopologyImpl.java:add(111)) - Added a new node: /default-rack/ba8dde02-0af5-4216-bd1b-765be5e6f2f5
2019-09-25 05:16:44,074 [main] INFO  ozone.MiniOzoneClusterImpl (MiniOzoneClusterImpl.java:lambda$waitForClusterToBeReady$0(147)) - Cluster is ready. Got 3 of 3 DN Heartbeats.
2019-09-25 05:16:44,074 [IPC Server handler 4 on 42978] INFO  node.SCMNodeManager (SCMNodeManager.java:register(266)) - Registered Data node : ba8dde02-0af5-4216-bd1b-765be5e6f2f5{ip: 192.168.164.207, host: pr-hdds-1569-s44lr-3492059363, networkLocation: /default-rack, certSerialId: null}
2019-09-25 05:16:44,364 [grpc-default-executor-0] INFO  impl.RaftServerProxy (RaftServerProxy.java:addNew(89)) - 26f764fd-4d7b-4424-b7e8-447a1ed3b8ef: addNew group-4EED9A7AAFED:[26f764fd-4d7b-4424-b7e8-447a1ed3b8ef:192.168.164.207:40706] returns group-4EED9A7AAFED:java.util.concurrent.CompletableFuture@7ccb1565[Not completed]
2019-09-25 05:16:44,377 [pool-27-thread-1] INFO  impl.RaftServerImpl (RaftServerImpl.java:<init>(95)) - 26f764fd-4d7b-4424-b7e8-447a1ed3b8ef: new RaftServerImpl for group-4EED9A7AAFED:[26f764fd-4d7b-4424-b7e8-447a1ed3b8ef:192.168.164.207:40706] with ContainerStateMachine:uninitialized
2019-09-25 05:16:44,380 [pool-27-thread-1] INFO  server.RaftServerConfigKeys (ConfUtils.java:logGet(43)) - raft.server.rpc.timeout.min = 5s (custom)
2019-09-25 05:16:44,381 [pool-27-thread-1] INFO  server.RaftServerConfigKeys (ConfUtils.java:logGet(43)) - raft.server.rpc.timeout.max = 5200ms (custom)
2019-09-25 05:16:44,381 [pool-27-thread-1] INFO  server.RaftServerConfigKeys (ConfUtils.java:logGet(43)) - raft.server.rpcslowness.timeout = 120s (custom)
2019-09-25 05:16:44,382 [pool-27-thread-1] INFO  server.RaftServerConfigKeys (ConfUtils.java:logGet(43)) - raft.server.sleep.deviation.threshold = 300 (default)
2019-09-25 05:16:44,383 [pool-27-thread-1] INFO  server.RaftServerConfigKeys (ConfUtils.java:logGet(43)) - raft.server.log.appender.install.snapshot.enabled = false (custom)
2019-09-25 05:16:44,389 [pool-27-thread-1] INFO  impl.RaftServerImpl (ServerState.java:<init>(103)) - 26f764fd-4d7b-4424-b7e8-447a1ed3b8ef@group-4EED9A7AAFED: ConfigurationManager, init=-1: [26f764fd-4d7b-4424-b7e8-447a1ed3b8ef:192.168.164.207:40706], old=null, confs=<EMPTY_MAP>
2019-09-25 05:16:44,389 [pool-27-thread-1] INFO  server.RaftServerConfigKeys (ConfUtils.java:logGet(43)) - raft.server.storage.dir = [/workdir/hadoop-ozone/integration-test/target/test-dir/MiniOzoneClusterImpl-61ea7bfd-f5dc-44df-9f38-4734a4a03623/datanode-0/data/ratis] (custom)
2019-09-25 05:16:44,396 [pool-27-thread-1] INFO  storage.RaftStorageDirectory (RaftStorageDirectory.java:analyzeStorage(246)) - The storage directory /workdir/hadoop-ozone/integration-test/target/test-dir/MiniOzoneClusterImpl-61ea7bfd-f5dc-44df-9f38-4734a4a03623/datanode-0/data/ratis/a3fa9984-6370-4c1f-b5e6-4eed9a7aafed does not exist. Creating ...
2019-09-25 05:16:44,408 [pool-27-thread-1] INFO  storage.RaftStorageDirectory (RaftStorageDirectory.java:tryLock(328)) - Lock on /workdir/hadoop-ozone/integration-test/target/test-dir/MiniOzoneClusterImpl-61ea7bfd-f5dc-44df-9f38-4734a4a03623/datanode-0/data/ratis/a3fa9984-6370-4c1f-b5e6-4eed9a7aafed/in_use.lock acquired by nodename 10731@pr-hdds-1569-s44lr-3492059363
2019-09-25 05:16:44,418 [pool-27-thread-1] INFO  storage.RaftStorage (RaftStorage.java:format(72)) - Storage directory /workdir/hadoop-ozone/integration-test/target/test-dir/MiniOzoneClusterImpl-61ea7bfd-f5dc-44df-9f38-4734a4a03623/datanode-0/data/ratis/a3fa9984-6370-4c1f-b5e6-4eed9a7aafed has been successfully formatted.
2019-09-25 05:16:44,420 [pool-27-thread-1] INFO  ratis.ContainerStateMachine (ContainerStateMachine.java:loadSnapshot(230)) - group-4EED9A7AAFED: The snapshot info is null. Setting the last applied indexto:(t:0, i:~)
2019-09-25 05:16:44,420 [pool-27-thread-1] INFO  server.RaftServerConfigKeys (ConfUtils.java:logGet(43)) - raft.server.notification.no-leader.timeout = 120s (custom)
2019-09-25 05:16:44,422 [pool-27-thread-1] INFO  server.RaftServerConfigKeys (ConfUtils.java:logGet(43)) - raft.server.log.use.memory = false (default)
2019-09-25 05:16:44,427 [pool-27-thread-1] INFO  server.RaftServerConfigKeys (ConfUtils.java:logGet(43)) - raft.server.log.purge.gap = 1000000 (custom)
2019-09-25 05:16:44,428 [pool-27-thread-1] INFO  server.RaftServerConfigKeys (ConfUtils.java:logGet(43)) - raft.server.log.appender.buffer.byte-limit = 33554432 (custom)
2019-09-25 05:16:44,430 [pool-27-thread-1] INFO  server.RaftServerConfigKeys (ConfUtils.java:logGet(43)) - raft.server.log.segment.size.max = 1048576 (custom)
2019-09-25 05:16:44,434 [pool-27-thread-1] INFO  server.RaftServerConfigKeys (ConfUtils.java:logGet(43)) - raft.server.log.segment.cache.num.max = 2 (custom)
2019-09-25 05:16:44,438 [pool-27-thread-1] INFO  segmented.SegmentedRaftLogWorker (SegmentedRaftLogWorker.java:<init>(172)) - new 26f764fd-4d7b-4424-b7e8-447a1ed3b8ef@group-4EED9A7AAFED-SegmentedRaftLogWorker for RaftStorage:Storage Directory /workdir/hadoop-ozone/integration-test/target/test-dir/MiniOzoneClusterImpl-61ea7bfd-f5dc-44df-9f38-4734a4a03623/datanode-0/data/ratis/a3fa9984-6370-4c1f-b5e6-4eed9a7aafed
2019-09-25 05:16:44,439 [pool-27-thread-1] INFO  impl.MetricsSystemImpl (MetricsSystemImpl.java:init(158)) - ratis metrics system started (again)
2019-09-25 05:16:44,445 [pool-27-thread-1] INFO  metrics.MetricRegistries (MetricRegistriesLoader.java:load(64)) - Loaded MetricRegistries class org.apache.ratis.metrics.impl.MetricRegistriesImpl
2019-09-25 05:16:44,475 [pool-27-thread-1] INFO  server.RaftServerConfigKeys (ConfUtils.java:logGet(43)) - raft.server.log.queue.byte-limit = 2147483647 (custom)
2019-09-25 05:16:44,476 [pool-27-thread-1] INFO  server.RaftServerConfigKeys (ConfUtils.java:logGet(43)) - raft.server.log.queue.element-limit = 1024 (custom)
2019-09-25 05:16:44,479 [pool-27-thread-1] INFO  server.RaftServerConfigKeys (ConfUtils.java:logGet(43)) - raft.server.log.segment.size.max = 1048576 (custom)
2019-09-25 05:16:44,479 [pool-27-thread-1] INFO  server.RaftServerConfigKeys (ConfUtils.java:logGet(43)) - raft.server.log.preallocated.size = 16384 (custom)
2019-09-25 05:16:44,480 [pool-27-thread-1] INFO  server.RaftServerConfigKeys (ConfUtils.java:logGet(43)) - raft.server.log.write.buffer.size = 33554432 (custom)
2019-09-25 05:16:44,480 [pool-27-thread-1] INFO  server.RaftServerConfigKeys (ConfUtils.java:logGet(43)) - raft.server.log.force.sync.num = 128 (default)
2019-09-25 05:16:44,485 [pool-27-thread-1] INFO  server.RaftServerConfigKeys (ConfUtils.java:logGet(43)) - raft.server.log.statemachine.data.sync = true (default)
2019-09-25 05:16:44,485 [pool-27-thread-1] INFO  server.RaftServerConfigKeys (ConfUtils.java:logGet(43)) - raft.server.log.statemachine.data.sync.timeout = 10s (default)
2019-09-25 05:16:44,486 [pool-27-thread-1] INFO  server.RaftServerConfigKeys (ConfUtils.java:logGet(43)) - raft.server.log.statemachine.data.sync.timeout.retry = -1 (default)
2019-09-25 05:16:44,499 [pool-27-thread-1] INFO  server.RaftServerConfigKeys (ConfUtils.java:logGet(43)) - raft.server.log.statemachine.data.caching.enabled = true (custom)
2019-09-25 05:16:44,503 [pool-27-thread-1] INFO  segmented.SegmentedRaftLogWorker (SegmentedRaftLogWorker.java:lambda$new$0(132)) - 26f764fd-4d7b-4424-b7e8-447a1ed3b8ef@group-4EED9A7AAFED-SegmentedRaftLogWorker: flushIndex: setUnconditionally 0 -> -1
2019-09-25 05:16:44,507 [pool-27-thread-1] INFO  server.RaftServerConfigKeys (ConfUtils.java:logGet(43)) - raft.server.snapshot.auto.trigger.enabled = true (custom)
2019-09-25 05:16:44,508 [pool-27-thread-1] INFO  server.RaftServerConfigKeys (ConfUtils.java:logGet(43)) - raft.server.snapshot.auto.trigger.threshold = 10000 (custom)
2019-09-25 05:16:44,509 [pool-27-thread-1] INFO  server.RaftServerConfigKeys (ConfUtils.java:logGet(43)) - raft.server.snapshot.retention.num.files = 5 (custom)
2019-09-25 05:16:44,509 [pool-27-thread-1] INFO  server.RaftServerConfigKeys (ConfUtils.java:logGet(43)) - raft.server.retrycache.expirytime = 600000ms (custom)
2019-09-25 05:16:44,538 [main] INFO  rpc.RpcClient (RpcClient.java:createVolume(276)) - Creating Volume: ec7a03c0-656f-4591-820c-c6da3d42d598, with jenkins1000 as owner.
2019-09-25 05:16:44,539 [pool-27-thread-1] INFO  impl.RaftServerImpl (RaftServerImpl.java:start(185)) - 26f764fd-4d7b-4424-b7e8-447a1ed3b8ef@group-4EED9A7AAFED: start as a follower, conf=-1: [26f764fd-4d7b-4424-b7e8-447a1ed3b8ef:192.168.164.207:40706], old=null
2019-09-25 05:16:44,540 [pool-27-thread-1] INFO  impl.RaftServerImpl (RaftServerImpl.java:setRole(174)) - 26f764fd-4d7b-4424-b7e8-447a1ed3b8ef@group-4EED9A7AAFED: changes role from      null to FOLLOWER at term 0 for startAsFollower
2019-09-25 05:16:44,541 [pool-27-thread-1] INFO  impl.RoleInfo (RoleInfo.java:updateAndGet(143)) - 26f764fd-4d7b-4424-b7e8-447a1ed3b8ef: start FollowerState
2019-09-25 05:16:44,543 [pool-27-thread-1] INFO  util.JmxRegister (JmxRegister.java:tryRegister(44)) - Successfully registered JMX Bean with object name Ratis:service=RaftServer,group=group-4EED9A7AAFED,id=26f764fd-4d7b-4424-b7e8-447a1ed3b8ef
2019-09-25 05:16:44,591 [RatisPipelineUtilsThread] INFO  pipeline.PipelineStateManager (PipelineStateManager.java:addPipeline(56)) - Created pipeline Pipeline[ Id: a3fa9984-6370-4c1f-b5e6-4eed9a7aafed, Nodes: 26f764fd-4d7b-4424-b7e8-447a1ed3b8ef{ip: 192.168.164.207, host: pr-hdds-1569-s44lr-3492059363, networkLocation: /default-rack, certSerialId: null}, Type:RATIS, Factor:ONE, State:OPEN]
2019-09-25 05:16:44,607 [grpc-default-executor-0] INFO  impl.RaftServerProxy (RaftServerProxy.java:addNew(89)) - 26f764fd-4d7b-4424-b7e8-447a1ed3b8ef: addNew group-1363C55F1CF7:[26f764fd-4d7b-4424-b7e8-447a1ed3b8ef:192.168.164.207:40706] returns group-1363C55F1CF7:java.util.concurrent.CompletableFuture@5149f5dd[Not completed]
2019-09-25 05:16:44,609 [pool-27-thread-1] INFO  impl.RaftServerImpl (RaftServerImpl.java:<init>(95)) - 26f764fd-4d7b-4424-b7e8-447a1ed3b8ef: new RaftServerImpl for group-1363C55F1CF7:[26f764fd-4d7b-4424-b7e8-447a1ed3b8ef:192.168.164.207:40706] with ContainerStateMachine:uninitialized
2019-09-25 05:16:44,609 [pool-27-thread-1] INFO  server.RaftServerConfigKeys (ConfUtils.java:logGet(43)) - raft.server.rpc.timeout.min = 5s (custom)
2019-09-25 05:16:44,609 [pool-27-thread-1] INFO  server.RaftServerConfigKeys (ConfUtils.java:logGet(43)) - raft.server.rpc.timeout.max = 5200ms (custom)
2019-09-25 05:16:44,609 [pool-27-thread-1] INFO  server.RaftServerConfigKeys (ConfUtils.java:logGet(43)) - raft.server.rpcslowness.timeout = 120s (custom)
2019-09-25 05:16:44,609 [pool-27-thread-1] INFO  server.RaftServerConfigKeys (ConfUtils.java:logGet(43)) - raft.server.sleep.deviation.threshold = 300 (default)
2019-09-25 05:16:44,610 [pool-27-thread-1] INFO  server.RaftServerConfigKeys (ConfUtils.java:logGet(43)) - raft.server.log.appender.install.snapshot.enabled = false (custom)
2019-09-25 05:16:44,610 [pool-27-thread-1] INFO  impl.RaftServerImpl (ServerState.java:<init>(103)) - 26f764fd-4d7b-4424-b7e8-447a1ed3b8ef@group-1363C55F1CF7: ConfigurationManager, init=-1: [26f764fd-4d7b-4424-b7e8-447a1ed3b8ef:192.168.164.207:40706], old=null, confs=<EMPTY_MAP>
2019-09-25 05:16:44,610 [pool-27-thread-1] INFO  server.RaftServerConfigKeys (ConfUtils.java:logGet(43)) - raft.server.storage.dir = [/workdir/hadoop-ozone/integration-test/target/test-dir/MiniOzoneClusterImpl-61ea7bfd-f5dc-44df-9f38-4734a4a03623/datanode-0/data/ratis] (custom)
2019-09-25 05:16:44,611 [pool-27-thread-1] INFO  storage.RaftStorageDirectory (RaftStorageDirectory.java:analyzeStorage(246)) - The storage directory /workdir/hadoop-ozone/integration-test/target/test-dir/MiniOzoneClusterImpl-61ea7bfd-f5dc-44df-9f38-4734a4a03623/datanode-0/data/ratis/0a7f992d-b0c1-49c3-8522-1363c55f1cf7 does not exist. Creating ...
2019-09-25 05:16:44,616 [pool-27-thread-1] INFO  storage.RaftStorageDirectory (RaftStorageDirectory.java:tryLock(328)) - Lock on /workdir/hadoop-ozone/integration-test/target/test-dir/MiniOzoneClusterImpl-61ea7bfd-f5dc-44df-9f38-4734a4a03623/datanode-0/data/ratis/0a7f992d-b0c1-49c3-8522-1363c55f1cf7/in_use.lock acquired by nodename 10731@pr-hdds-1569-s44lr-3492059363
2019-09-25 05:16:44,626 [IPC Server handler 3 on 38134] INFO  volume.OMVolumeCreateRequest (OMVolumeCreateRequest.java:validateAndUpdateCache(189)) - created volume:ec7a03c0-656f-4591-820c-c6da3d42d598 for user:jenkins1000
2019-09-25 05:16:44,629 [pool-27-thread-1] INFO  storage.RaftStorage (RaftStorage.java:format(72)) - Storage directory /workdir/hadoop-ozone/integration-test/target/test-dir/MiniOzoneClusterImpl-61ea7bfd-f5dc-44df-9f38-4734a4a03623/datanode-0/data/ratis/0a7f992d-b0c1-49c3-8522-1363c55f1cf7 has been successfully formatted.
2019-09-25 05:16:44,629 [pool-27-thread-1] INFO  ratis.ContainerStateMachine (ContainerStateMachine.java:loadSnapshot(230)) - group-1363C55F1CF7: The snapshot info is null. Setting the last applied indexto:(t:0, i:~)
2019-09-25 05:16:44,629 [pool-27-thread-1] INFO  server.RaftServerConfigKeys (ConfUtils.java:logGet(43)) - raft.server.notification.no-leader.timeout = 120s (custom)
2019-09-25 05:16:44,629 [pool-27-thread-1] INFO  server.RaftServerConfigKeys (ConfUtils.java:logGet(43)) - raft.server.log.use.memory = false (default)
2019-09-25 05:16:44,630 [pool-27-thread-1] INFO  server.RaftServerConfigKeys (ConfUtils.java:logGet(43)) - raft.server.log.purge.gap = 1000000 (custom)
2019-09-25 05:16:44,630 [pool-27-thread-1] INFO  server.RaftServerConfigKeys (ConfUtils.java:logGet(43)) - raft.server.log.appender.buffer.byte-limit = 33554432 (custom)
2019-09-25 05:16:44,630 [pool-27-thread-1] INFO  server.RaftServerConfigKeys (ConfUtils.java:logGet(43)) - raft.server.log.segment.size.max = 1048576 (custom)
2019-09-25 05:16:44,630 [pool-27-thread-1] INFO  server.RaftServerConfigKeys (ConfUtils.java:logGet(43)) - raft.server.log.segment.cache.num.max = 2 (custom)
2019-09-25 05:16:44,630 [pool-27-thread-1] INFO  segmented.SegmentedRaftLogWorker (SegmentedRaftLogWorker.java:<init>(172)) - new 26f764fd-4d7b-4424-b7e8-447a1ed3b8ef@group-1363C55F1CF7-SegmentedRaftLogWorker for RaftStorage:Storage Directory /workdir/hadoop-ozone/integration-test/target/test-dir/MiniOzoneClusterImpl-61ea7bfd-f5dc-44df-9f38-4734a4a03623/datanode-0/data/ratis/0a7f992d-b0c1-49c3-8522-1363c55f1cf7
2019-09-25 05:16:44,630 [pool-27-thread-1] INFO  server.RaftServerConfigKeys (ConfUtils.java:logGet(43)) - raft.server.log.queue.byte-limit = 2147483647 (custom)
2019-09-25 05:16:44,630 [pool-27-thread-1] INFO  server.RaftServerConfigKeys (ConfUtils.java:logGet(43)) - raft.server.log.queue.element-limit = 1024 (custom)
2019-09-25 05:16:44,631 [pool-27-thread-1] INFO  server.RaftServerConfigKeys (ConfUtils.java:logGet(43)) - raft.server.log.segment.size.max = 1048576 (custom)
2019-09-25 05:16:44,631 [pool-27-thread-1] INFO  server.RaftServerConfigKeys (ConfUtils.java:logGet(43)) - raft.server.log.preallocated.size = 16384 (custom)
2019-09-25 05:16:44,631 [pool-27-thread-1] INFO  server.RaftServerConfigKeys (ConfUtils.java:logGet(43)) - raft.server.log.write.buffer.size = 33554432 (custom)
2019-09-25 05:16:44,631 [pool-27-thread-1] INFO  server.RaftServerConfigKeys (ConfUtils.java:logGet(43)) - raft.server.log.force.sync.num = 128 (default)
2019-09-25 05:16:44,631 [pool-27-thread-1] INFO  server.RaftServerConfigKeys (ConfUtils.java:logGet(43)) - raft.server.log.statemachine.data.sync = true (default)
2019-09-25 05:16:44,632 [pool-27-thread-1] INFO  server.RaftServerConfigKeys (ConfUtils.java:logGet(43)) - raft.server.log.statemachine.data.sync.timeout = 10s (default)
2019-09-25 05:16:44,632 [pool-27-thread-1] INFO  server.RaftServerConfigKeys (ConfUtils.java:logGet(43)) - raft.server.log.statemachine.data.sync.timeout.retry = -1 (default)
2019-09-25 05:16:44,633 [pool-27-thread-1] INFO  server.RaftServerConfigKeys (ConfUtils.java:logGet(43)) - raft.server.log.statemachine.data.caching.enabled = true (custom)
2019-09-25 05:16:44,633 [pool-27-thread-1] INFO  segmented.SegmentedRaftLogWorker (SegmentedRaftLogWorker.java:lambda$new$0(132)) - 26f764fd-4d7b-4424-b7e8-447a1ed3b8ef@group-1363C55F1CF7-SegmentedRaftLogWorker: flushIndex: setUnconditionally 0 -> -1
2019-09-25 05:16:44,635 [pool-27-thread-1] INFO  server.RaftServerConfigKeys (ConfUtils.java:logGet(43)) - raft.server.snapshot.auto.trigger.enabled = true (custom)
2019-09-25 05:16:44,635 [pool-27-thread-1] INFO  server.RaftServerConfigKeys (ConfUtils.java:logGet(43)) - raft.server.snapshot.auto.trigger.threshold = 10000 (custom)
2019-09-25 05:16:44,635 [pool-27-thread-1] INFO  server.RaftServerConfigKeys (ConfUtils.java:logGet(43)) - raft.server.snapshot.retention.num.files = 5 (custom)
2019-09-25 05:16:44,635 [pool-27-thread-1] INFO  server.RaftServerConfigKeys (ConfUtils.java:logGet(43)) - raft.server.retrycache.expirytime = 600000ms (custom)
2019-09-25 05:16:44,641 [pool-27-thread-1] INFO  impl.RaftServerImpl (RaftServerImpl.java:start(185)) - 26f764fd-4d7b-4424-b7e8-447a1ed3b8ef@group-1363C55F1CF7: start as a follower, conf=-1: [26f764fd-4d7b-4424-b7e8-447a1ed3b8ef:192.168.164.207:40706], old=null
2019-09-25 05:16:44,641 [pool-27-thread-1] INFO  impl.RaftServerImpl (RaftServerImpl.java:setRole(174)) - 26f764fd-4d7b-4424-b7e8-447a1ed3b8ef@group-1363C55F1CF7: changes role from      null to FOLLOWER at term 0 for startAsFollower
2019-09-25 05:16:44,641 [pool-27-thread-1] INFO  impl.RoleInfo (RoleInfo.java:updateAndGet(143)) - 26f764fd-4d7b-4424-b7e8-447a1ed3b8ef: start FollowerState
2019-09-25 05:16:44,641 [pool-27-thread-1] INFO  util.JmxRegister (JmxRegister.java:tryRegister(44)) - Successfully registered JMX Bean with object name Ratis:service=RaftServer,group=group-1363C55F1CF7,id=26f764fd-4d7b-4424-b7e8-447a1ed3b8ef
2019-09-25 05:16:44,648 [main] INFO  rpc.RpcClient (RpcClient.java:createBucket(415)) - Creating Bucket: ec7a03c0-656f-4591-820c-c6da3d42d598/94381733-1b22-477e-947d-2926f043934e, with Versioning false and Storage Type set to DISK and Encryption set to false 
2019-09-25 05:16:44,648 [RatisPipelineUtilsThread] INFO  pipeline.PipelineStateManager (PipelineStateManager.java:addPipeline(56)) - Created pipeline Pipeline[ Id: 0a7f992d-b0c1-49c3-8522-1363c55f1cf7, Nodes: 26f764fd-4d7b-4424-b7e8-447a1ed3b8ef{ip: 192.168.164.207, host: pr-hdds-1569-s44lr-3492059363, networkLocation: /default-rack, certSerialId: null}, Type:RATIS, Factor:ONE, State:OPEN]
2019-09-25 05:16:44,663 [grpc-default-executor-0] INFO  impl.RaftServerProxy (RaftServerProxy.java:addNew(89)) - 26f764fd-4d7b-4424-b7e8-447a1ed3b8ef: addNew group-99D9132B5A72:[26f764fd-4d7b-4424-b7e8-447a1ed3b8ef:192.168.164.207:40706] returns group-99D9132B5A72:java.util.concurrent.CompletableFuture@43abb46[Not completed]
2019-09-25 05:16:44,665 [pool-27-thread-1] INFO  impl.RaftServerImpl (RaftServerImpl.java:<init>(95)) - 26f764fd-4d7b-4424-b7e8-447a1ed3b8ef: new RaftServerImpl for group-99D9132B5A72:[26f764fd-4d7b-4424-b7e8-447a1ed3b8ef:192.168.164.207:40706] with ContainerStateMachine:uninitialized
2019-09-25 05:16:44,666 [pool-27-thread-1] INFO  server.RaftServerConfigKeys (ConfUtils.java:logGet(43)) - raft.server.rpc.timeout.min = 5s (custom)
2019-09-25 05:16:44,666 [pool-27-thread-1] INFO  server.RaftServerConfigKeys (ConfUtils.java:logGet(43)) - raft.server.rpc.timeout.max = 5200ms (custom)
2019-09-25 05:16:44,666 [pool-27-thread-1] INFO  server.RaftServerConfigKeys (ConfUtils.java:logGet(43)) - raft.server.rpcslowness.timeout = 120s (custom)
2019-09-25 05:16:44,666 [pool-27-thread-1] INFO  server.RaftServerConfigKeys (ConfUtils.java:logGet(43)) - raft.server.sleep.deviation.threshold = 300 (default)
2019-09-25 05:16:44,666 [pool-27-thread-1] INFO  server.RaftServerConfigKeys (ConfUtils.java:logGet(43)) - raft.server.log.appender.install.snapshot.enabled = false (custom)
2019-09-25 05:16:44,666 [pool-27-thread-1] INFO  impl.RaftServerImpl (ServerState.java:<init>(103)) - 26f764fd-4d7b-4424-b7e8-447a1ed3b8ef@group-99D9132B5A72: ConfigurationManager, init=-1: [26f764fd-4d7b-4424-b7e8-447a1ed3b8ef:192.168.164.207:40706], old=null, confs=<EMPTY_MAP>
2019-09-25 05:16:44,666 [pool-27-thread-1] INFO  server.RaftServerConfigKeys (ConfUtils.java:logGet(43)) - raft.server.storage.dir = [/workdir/hadoop-ozone/integration-test/target/test-dir/MiniOzoneClusterImpl-61ea7bfd-f5dc-44df-9f38-4734a4a03623/datanode-0/data/ratis] (custom)
2019-09-25 05:16:44,667 [pool-27-thread-1] INFO  storage.RaftStorageDirectory (RaftStorageDirectory.java:analyzeStorage(246)) - The storage directory /workdir/hadoop-ozone/integration-test/target/test-dir/MiniOzoneClusterImpl-61ea7bfd-f5dc-44df-9f38-4734a4a03623/datanode-0/data/ratis/5f553612-2699-470f-8d18-99d9132b5a72 does not exist. Creating ...
2019-09-25 05:16:44,680 [pool-27-thread-1] INFO  storage.RaftStorageDirectory (RaftStorageDirectory.java:tryLock(328)) - Lock on /workdir/hadoop-ozone/integration-test/target/test-dir/MiniOzoneClusterImpl-61ea7bfd-f5dc-44df-9f38-4734a4a03623/datanode-0/data/ratis/5f553612-2699-470f-8d18-99d9132b5a72/in_use.lock acquired by nodename 10731@pr-hdds-1569-s44lr-3492059363
2019-09-25 05:16:44,693 [pool-27-thread-1] INFO  storage.RaftStorage (RaftStorage.java:format(72)) - Storage directory /workdir/hadoop-ozone/integration-test/target/test-dir/MiniOzoneClusterImpl-61ea7bfd-f5dc-44df-9f38-4734a4a03623/datanode-0/data/ratis/5f553612-2699-470f-8d18-99d9132b5a72 has been successfully formatted.
2019-09-25 05:16:44,693 [pool-27-thread-1] INFO  ratis.ContainerStateMachine (ContainerStateMachine.java:loadSnapshot(230)) - group-99D9132B5A72: The snapshot info is null. Setting the last applied indexto:(t:0, i:~)
2019-09-25 05:16:44,693 [pool-27-thread-1] INFO  server.RaftServerConfigKeys (ConfUtils.java:logGet(43)) - raft.server.notification.no-leader.timeout = 120s (custom)
2019-09-25 05:16:44,694 [pool-27-thread-1] INFO  server.RaftServerConfigKeys (ConfUtils.java:logGet(43)) - raft.server.log.use.memory = false (default)
2019-09-25 05:16:44,694 [pool-27-thread-1] INFO  server.RaftServerConfigKeys (ConfUtils.java:logGet(43)) - raft.server.log.purge.gap = 1000000 (custom)
2019-09-25 05:16:44,694 [pool-27-thread-1] INFO  server.RaftServerConfigKeys (ConfUtils.java:logGet(43)) - raft.server.log.appender.buffer.byte-limit = 33554432 (custom)
2019-09-25 05:16:44,694 [pool-27-thread-1] INFO  server.RaftServerConfigKeys (ConfUtils.java:logGet(43)) - raft.server.log.segment.size.max = 1048576 (custom)
2019-09-25 05:16:44,694 [pool-27-thread-1] INFO  server.RaftServerConfigKeys (ConfUtils.java:logGet(43)) - raft.server.log.segment.cache.num.max = 2 (custom)
2019-09-25 05:16:44,694 [pool-27-thread-1] INFO  segmented.SegmentedRaftLogWorker (SegmentedRaftLogWorker.java:<init>(172)) - new 26f764fd-4d7b-4424-b7e8-447a1ed3b8ef@group-99D9132B5A72-SegmentedRaftLogWorker for RaftStorage:Storage Directory /workdir/hadoop-ozone/integration-test/target/test-dir/MiniOzoneClusterImpl-61ea7bfd-f5dc-44df-9f38-4734a4a03623/datanode-0/data/ratis/5f553612-2699-470f-8d18-99d9132b5a72
2019-09-25 05:16:44,694 [pool-27-thread-1] INFO  server.RaftServerConfigKeys (ConfUtils.java:logGet(43)) - raft.server.log.queue.byte-limit = 2147483647 (custom)
2019-09-25 05:16:44,695 [pool-27-thread-1] INFO  server.RaftServerConfigKeys (ConfUtils.java:logGet(43)) - raft.server.log.queue.element-limit = 1024 (custom)
2019-09-25 05:16:44,695 [pool-27-thread-1] INFO  server.RaftServerConfigKeys (ConfUtils.java:logGet(43)) - raft.server.log.segment.size.max = 1048576 (custom)
2019-09-25 05:16:44,695 [pool-27-thread-1] INFO  server.RaftServerConfigKeys (ConfUtils.java:logGet(43)) - raft.server.log.preallocated.size = 16384 (custom)
2019-09-25 05:16:44,696 [pool-27-thread-1] INFO  server.RaftServerConfigKeys (ConfUtils.java:logGet(43)) - raft.server.log.write.buffer.size = 33554432 (custom)
2019-09-25 05:16:44,696 [pool-27-thread-1] INFO  server.RaftServerConfigKeys (ConfUtils.java:logGet(43)) - raft.server.log.force.sync.num = 128 (default)
2019-09-25 05:16:44,696 [pool-27-thread-1] INFO  server.RaftServerConfigKeys (ConfUtils.java:logGet(43)) - raft.server.log.statemachine.data.sync = true (default)
2019-09-25 05:16:44,696 [pool-27-thread-1] INFO  server.RaftServerConfigKeys (ConfUtils.java:logGet(43)) - raft.server.log.statemachine.data.sync.timeout = 10s (default)
2019-09-25 05:16:44,696 [pool-27-thread-1] INFO  server.RaftServerConfigKeys (ConfUtils.java:logGet(43)) - raft.server.log.statemachine.data.sync.timeout.retry = -1 (default)
2019-09-25 05:16:44,697 [pool-27-thread-1] INFO  server.RaftServerConfigKeys (ConfUtils.java:logGet(43)) - raft.server.log.statemachine.data.caching.enabled = true (custom)
2019-09-25 05:16:44,697 [pool-27-thread-1] INFO  segmented.SegmentedRaftLogWorker (SegmentedRaftLogWorker.java:lambda$new$0(132)) - 26f764fd-4d7b-4424-b7e8-447a1ed3b8ef@group-99D9132B5A72-SegmentedRaftLogWorker: flushIndex: setUnconditionally 0 -> -1
2019-09-25 05:16:44,697 [pool-27-thread-1] INFO  server.RaftServerConfigKeys (ConfUtils.java:logGet(43)) - raft.server.snapshot.auto.trigger.enabled = true (custom)
2019-09-25 05:16:44,697 [pool-27-thread-1] INFO  server.RaftServerConfigKeys (ConfUtils.java:logGet(43)) - raft.server.snapshot.auto.trigger.threshold = 10000 (custom)
2019-09-25 05:16:44,697 [pool-27-thread-1] INFO  server.RaftServerConfigKeys (ConfUtils.java:logGet(43)) - raft.server.snapshot.retention.num.files = 5 (custom)
2019-09-25 05:16:44,698 [pool-27-thread-1] INFO  server.RaftServerConfigKeys (ConfUtils.java:logGet(43)) - raft.server.retrycache.expirytime = 600000ms (custom)
2019-09-25 05:16:44,702 [pool-27-thread-1] INFO  impl.RaftServerImpl (RaftServerImpl.java:start(185)) - 26f764fd-4d7b-4424-b7e8-447a1ed3b8ef@group-99D9132B5A72: start as a follower, conf=-1: [26f764fd-4d7b-4424-b7e8-447a1ed3b8ef:192.168.164.207:40706], old=null
2019-09-25 05:16:44,702 [pool-27-thread-1] INFO  impl.RaftServerImpl (RaftServerImpl.java:setRole(174)) - 26f764fd-4d7b-4424-b7e8-447a1ed3b8ef@group-99D9132B5A72: changes role from      null to FOLLOWER at term 0 for startAsFollower
2019-09-25 05:16:44,702 [pool-27-thread-1] INFO  impl.RoleInfo (RoleInfo.java:updateAndGet(143)) - 26f764fd-4d7b-4424-b7e8-447a1ed3b8ef: start FollowerState
2019-09-25 05:16:44,702 [pool-27-thread-1] INFO  util.JmxRegister (JmxRegister.java:tryRegister(44)) - Successfully registered JMX Bean with object name Ratis:service=RaftServer,group=group-99D9132B5A72,id=26f764fd-4d7b-4424-b7e8-447a1ed3b8ef
2019-09-25 05:16:44,709 [RatisPipelineUtilsThread] INFO  pipeline.PipelineStateManager (PipelineStateManager.java:addPipeline(56)) - Created pipeline Pipeline[ Id: 5f553612-2699-470f-8d18-99d9132b5a72, Nodes: 26f764fd-4d7b-4424-b7e8-447a1ed3b8ef{ip: 192.168.164.207, host: pr-hdds-1569-s44lr-3492059363, networkLocation: /default-rack, certSerialId: null}, Type:RATIS, Factor:ONE, State:OPEN]
2019-09-25 05:16:44,720 [grpc-default-executor-0] INFO  impl.RaftServerProxy (RaftServerProxy.java:addNew(89)) - ba8dde02-0af5-4216-bd1b-765be5e6f2f5: addNew group-89611EF8E453:[ba8dde02-0af5-4216-bd1b-765be5e6f2f5:192.168.164.207:33616] returns group-89611EF8E453:java.util.concurrent.CompletableFuture@7e1f6f28[Not completed]
2019-09-25 05:16:44,739 [pool-47-thread-1] INFO  impl.RaftServerImpl (RaftServerImpl.java:<init>(95)) - ba8dde02-0af5-4216-bd1b-765be5e6f2f5: new RaftServerImpl for group-89611EF8E453:[ba8dde02-0af5-4216-bd1b-765be5e6f2f5:192.168.164.207:33616] with ContainerStateMachine:uninitialized
2019-09-25 05:16:44,740 [pool-47-thread-1] INFO  server.RaftServerConfigKeys (ConfUtils.java:logGet(43)) - raft.server.rpc.timeout.min = 5s (custom)
2019-09-25 05:16:44,740 [pool-47-thread-1] INFO  server.RaftServerConfigKeys (ConfUtils.java:logGet(43)) - raft.server.rpc.timeout.max = 5200ms (custom)
2019-09-25 05:16:44,740 [pool-47-thread-1] INFO  server.RaftServerConfigKeys (ConfUtils.java:logGet(43)) - raft.server.rpcslowness.timeout = 120s (custom)
2019-09-25 05:16:44,740 [pool-47-thread-1] INFO  server.RaftServerConfigKeys (ConfUtils.java:logGet(43)) - raft.server.sleep.deviation.threshold = 300 (default)
2019-09-25 05:16:44,741 [pool-47-thread-1] INFO  server.RaftServerConfigKeys (ConfUtils.java:logGet(43)) - raft.server.log.appender.install.snapshot.enabled = false (custom)
2019-09-25 05:16:44,741 [pool-47-thread-1] INFO  impl.RaftServerImpl (ServerState.java:<init>(103)) - ba8dde02-0af5-4216-bd1b-765be5e6f2f5@group-89611EF8E453: ConfigurationManager, init=-1: [ba8dde02-0af5-4216-bd1b-765be5e6f2f5:192.168.164.207:33616], old=null, confs=<EMPTY_MAP>
2019-09-25 05:16:44,741 [pool-47-thread-1] INFO  server.RaftServerConfigKeys (ConfUtils.java:logGet(43)) - raft.server.storage.dir = [/workdir/hadoop-ozone/integration-test/target/test-dir/MiniOzoneClusterImpl-61ea7bfd-f5dc-44df-9f38-4734a4a03623/datanode-2/data/ratis] (custom)
2019-09-25 05:16:44,741 [pool-47-thread-1] INFO  storage.RaftStorageDirectory (RaftStorageDirectory.java:analyzeStorage(246)) - The storage directory /workdir/hadoop-ozone/integration-test/target/test-dir/MiniOzoneClusterImpl-61ea7bfd-f5dc-44df-9f38-4734a4a03623/datanode-2/data/ratis/0b67e9f7-2a90-404c-b207-89611ef8e453 does not exist. Creating ...
2019-09-25 05:16:44,756 [pool-47-thread-1] INFO  storage.RaftStorageDirectory (RaftStorageDirectory.java:tryLock(328)) - Lock on /workdir/hadoop-ozone/integration-test/target/test-dir/MiniOzoneClusterImpl-61ea7bfd-f5dc-44df-9f38-4734a4a03623/datanode-2/data/ratis/0b67e9f7-2a90-404c-b207-89611ef8e453/in_use.lock acquired by nodename 10731@pr-hdds-1569-s44lr-3492059363
2019-09-25 05:16:44,764 [pool-47-thread-1] INFO  storage.RaftStorage (RaftStorage.java:format(72)) - Storage directory /workdir/hadoop-ozone/integration-test/target/test-dir/MiniOzoneClusterImpl-61ea7bfd-f5dc-44df-9f38-4734a4a03623/datanode-2/data/ratis/0b67e9f7-2a90-404c-b207-89611ef8e453 has been successfully formatted.
2019-09-25 05:16:44,765 [pool-47-thread-1] INFO  ratis.ContainerStateMachine (ContainerStateMachine.java:loadSnapshot(230)) - group-89611EF8E453: The snapshot info is null. Setting the last applied indexto:(t:0, i:~)
2019-09-25 05:16:44,765 [pool-47-thread-1] INFO  server.RaftServerConfigKeys (ConfUtils.java:logGet(43)) - raft.server.notification.no-leader.timeout = 120s (custom)
2019-09-25 05:16:44,765 [pool-47-thread-1] INFO  server.RaftServerConfigKeys (ConfUtils.java:logGet(43)) - raft.server.log.use.memory = false (default)
2019-09-25 05:16:44,765 [pool-47-thread-1] INFO  server.RaftServerConfigKeys (ConfUtils.java:logGet(43)) - raft.server.log.purge.gap = 1000000 (custom)
2019-09-25 05:16:44,766 [pool-47-thread-1] INFO  server.RaftServerConfigKeys (ConfUtils.java:logGet(43)) - raft.server.log.appender.buffer.byte-limit = 33554432 (custom)
2019-09-25 05:16:44,766 [pool-47-thread-1] INFO  server.RaftServerConfigKeys (ConfUtils.java:logGet(43)) - raft.server.log.segment.size.max = 1048576 (custom)
2019-09-25 05:16:44,766 [pool-47-thread-1] INFO  server.RaftServerConfigKeys (ConfUtils.java:logGet(43)) - raft.server.log.segment.cache.num.max = 2 (custom)
2019-09-25 05:16:44,766 [pool-47-thread-1] INFO  segmented.SegmentedRaftLogWorker (SegmentedRaftLogWorker.java:<init>(172)) - new ba8dde02-0af5-4216-bd1b-765be5e6f2f5@group-89611EF8E453-SegmentedRaftLogWorker for RaftStorage:Storage Directory /workdir/hadoop-ozone/integration-test/target/test-dir/MiniOzoneClusterImpl-61ea7bfd-f5dc-44df-9f38-4734a4a03623/datanode-2/data/ratis/0b67e9f7-2a90-404c-b207-89611ef8e453
2019-09-25 05:16:44,770 [pool-47-thread-1] INFO  server.RaftServerConfigKeys (ConfUtils.java:logGet(43)) - raft.server.log.queue.byte-limit = 2147483647 (custom)
2019-09-25 05:16:44,770 [pool-47-thread-1] INFO  server.RaftServerConfigKeys (ConfUtils.java:logGet(43)) - raft.server.log.queue.element-limit = 1024 (custom)
2019-09-25 05:16:44,771 [pool-47-thread-1] INFO  server.RaftServerConfigKeys (ConfUtils.java:logGet(43)) - raft.server.log.segment.size.max = 1048576 (custom)
2019-09-25 05:16:44,771 [pool-47-thread-1] INFO  server.RaftServerConfigKeys (ConfUtils.java:logGet(43)) - raft.server.log.preallocated.size = 16384 (custom)
2019-09-25 05:16:44,771 [pool-47-thread-1] INFO  server.RaftServerConfigKeys (ConfUtils.java:logGet(43)) - raft.server.log.write.buffer.size = 33554432 (custom)
2019-09-25 05:16:44,771 [pool-47-thread-1] INFO  server.RaftServerConfigKeys (ConfUtils.java:logGet(43)) - raft.server.log.force.sync.num = 128 (default)
2019-09-25 05:16:44,771 [pool-47-thread-1] INFO  server.RaftServerConfigKeys (ConfUtils.java:logGet(43)) - raft.server.log.statemachine.data.sync = true (default)
2019-09-25 05:16:44,771 [pool-47-thread-1] INFO  server.RaftServerConfigKeys (ConfUtils.java:logGet(43)) - raft.server.log.statemachine.data.sync.timeout = 10s (default)
2019-09-25 05:16:44,772 [pool-47-thread-1] INFO  server.RaftServerConfigKeys (ConfUtils.java:logGet(43)) - raft.server.log.statemachine.data.sync.timeout.retry = -1 (default)
2019-09-25 05:16:44,772 [pool-47-thread-1] INFO  server.RaftServerConfigKeys (ConfUtils.java:logGet(43)) - raft.server.log.statemachine.data.caching.enabled = true (custom)
2019-09-25 05:16:44,772 [pool-47-thread-1] INFO  segmented.SegmentedRaftLogWorker (SegmentedRaftLogWorker.java:lambda$new$0(132)) - ba8dde02-0af5-4216-bd1b-765be5e6f2f5@group-89611EF8E453-SegmentedRaftLogWorker: flushIndex: setUnconditionally 0 -> -1
2019-09-25 05:16:44,772 [pool-47-thread-1] INFO  server.RaftServerConfigKeys (ConfUtils.java:logGet(43)) - raft.server.snapshot.auto.trigger.enabled = true (custom)
2019-09-25 05:16:44,772 [pool-47-thread-1] INFO  server.RaftServerConfigKeys (ConfUtils.java:logGet(43)) - raft.server.snapshot.auto.trigger.threshold = 10000 (custom)
2019-09-25 05:16:44,773 [pool-47-thread-1] INFO  server.RaftServerConfigKeys (ConfUtils.java:logGet(43)) - raft.server.snapshot.retention.num.files = 5 (custom)
2019-09-25 05:16:44,773 [pool-47-thread-1] INFO  server.RaftServerConfigKeys (ConfUtils.java:logGet(43)) - raft.server.retrycache.expirytime = 600000ms (custom)
2019-09-25 05:16:44,776 [pool-47-thread-1] INFO  impl.RaftServerImpl (RaftServerImpl.java:start(185)) - ba8dde02-0af5-4216-bd1b-765be5e6f2f5@group-89611EF8E453: start as a follower, conf=-1: [ba8dde02-0af5-4216-bd1b-765be5e6f2f5:192.168.164.207:33616], old=null
2019-09-25 05:16:44,776 [pool-47-thread-1] INFO  impl.RaftServerImpl (RaftServerImpl.java:setRole(174)) - ba8dde02-0af5-4216-bd1b-765be5e6f2f5@group-89611EF8E453: changes role from      null to FOLLOWER at term 0 for startAsFollower
2019-09-25 05:16:44,776 [pool-47-thread-1] INFO  impl.RoleInfo (RoleInfo.java:updateAndGet(143)) - ba8dde02-0af5-4216-bd1b-765be5e6f2f5: start FollowerState
2019-09-25 05:16:44,777 [pool-47-thread-1] INFO  util.JmxRegister (JmxRegister.java:tryRegister(44)) - Successfully registered JMX Bean with object name Ratis:service=RaftServer,group=group-89611EF8E453,id=ba8dde02-0af5-4216-bd1b-765be5e6f2f5
2019-09-25 05:16:44,785 [RatisPipelineUtilsThread] INFO  pipeline.PipelineStateManager (PipelineStateManager.java:addPipeline(56)) - Created pipeline Pipeline[ Id: 0b67e9f7-2a90-404c-b207-89611ef8e453, Nodes: ba8dde02-0af5-4216-bd1b-765be5e6f2f5{ip: 192.168.164.207, host: pr-hdds-1569-s44lr-3492059363, networkLocation: /default-rack, certSerialId: null}, Type:RATIS, Factor:ONE, State:OPEN]
2019-09-25 05:16:44,797 [grpc-default-executor-0] INFO  impl.RaftServerProxy (RaftServerProxy.java:addNew(89)) - ff9cca32-4485-4042-a2cf-de046efe7856: addNew group-C09397CC09B9:[ff9cca32-4485-4042-a2cf-de046efe7856:192.168.164.207:41669] returns group-C09397CC09B9:java.util.concurrent.CompletableFuture@7edcd43a[Not completed]
2019-09-25 05:16:44,810 [pool-37-thread-1] INFO  impl.RaftServerImpl (RaftServerImpl.java:<init>(95)) - ff9cca32-4485-4042-a2cf-de046efe7856: new RaftServerImpl for group-C09397CC09B9:[ff9cca32-4485-4042-a2cf-de046efe7856:192.168.164.207:41669] with ContainerStateMachine:uninitialized
2019-09-25 05:16:44,811 [pool-37-thread-1] INFO  server.RaftServerConfigKeys (ConfUtils.java:logGet(43)) - raft.server.rpc.timeout.min = 5s (custom)
2019-09-25 05:16:44,811 [pool-37-thread-1] INFO  server.RaftServerConfigKeys (ConfUtils.java:logGet(43)) - raft.server.rpc.timeout.max = 5200ms (custom)
2019-09-25 05:16:44,811 [pool-37-thread-1] INFO  server.RaftServerConfigKeys (ConfUtils.java:logGet(43)) - raft.server.rpcslowness.timeout = 120s (custom)
2019-09-25 05:16:44,811 [pool-37-thread-1] INFO  server.RaftServerConfigKeys (ConfUtils.java:logGet(43)) - raft.server.sleep.deviation.threshold = 300 (default)
2019-09-25 05:16:44,811 [pool-37-thread-1] INFO  server.RaftServerConfigKeys (ConfUtils.java:logGet(43)) - raft.server.log.appender.install.snapshot.enabled = false (custom)
2019-09-25 05:16:44,812 [pool-37-thread-1] INFO  impl.RaftServerImpl (ServerState.java:<init>(103)) - ff9cca32-4485-4042-a2cf-de046efe7856@group-C09397CC09B9: ConfigurationManager, init=-1: [ff9cca32-4485-4042-a2cf-de046efe7856:192.168.164.207:41669], old=null, confs=<EMPTY_MAP>
2019-09-25 05:16:44,812 [pool-37-thread-1] INFO  server.RaftServerConfigKeys (ConfUtils.java:logGet(43)) - raft.server.storage.dir = [/workdir/hadoop-ozone/integration-test/target/test-dir/MiniOzoneClusterImpl-61ea7bfd-f5dc-44df-9f38-4734a4a03623/datanode-1/data/ratis] (custom)
2019-09-25 05:16:44,812 [pool-37-thread-1] INFO  storage.RaftStorageDirectory (RaftStorageDirectory.java:analyzeStorage(246)) - The storage directory /workdir/hadoop-ozone/integration-test/target/test-dir/MiniOzoneClusterImpl-61ea7bfd-f5dc-44df-9f38-4734a4a03623/datanode-1/data/ratis/5fb137c8-67d2-4147-8b93-c09397cc09b9 does not exist. Creating ...
2019-09-25 05:16:44,824 [pool-37-thread-1] INFO  storage.RaftStorageDirectory (RaftStorageDirectory.java:tryLock(328)) - Lock on /workdir/hadoop-ozone/integration-test/target/test-dir/MiniOzoneClusterImpl-61ea7bfd-f5dc-44df-9f38-4734a4a03623/datanode-1/data/ratis/5fb137c8-67d2-4147-8b93-c09397cc09b9/in_use.lock acquired by nodename 10731@pr-hdds-1569-s44lr-3492059363
2019-09-25 05:16:44,832 [pool-37-thread-1] INFO  storage.RaftStorage (RaftStorage.java:format(72)) - Storage directory /workdir/hadoop-ozone/integration-test/target/test-dir/MiniOzoneClusterImpl-61ea7bfd-f5dc-44df-9f38-4734a4a03623/datanode-1/data/ratis/5fb137c8-67d2-4147-8b93-c09397cc09b9 has been successfully formatted.
2019-09-25 05:16:44,833 [pool-37-thread-1] INFO  ratis.ContainerStateMachine (ContainerStateMachine.java:loadSnapshot(230)) - group-C09397CC09B9: The snapshot info is null. Setting the last applied indexto:(t:0, i:~)
2019-09-25 05:16:44,833 [pool-37-thread-1] INFO  server.RaftServerConfigKeys (ConfUtils.java:logGet(43)) - raft.server.notification.no-leader.timeout = 120s (custom)
2019-09-25 05:16:44,833 [pool-37-thread-1] INFO  server.RaftServerConfigKeys (ConfUtils.java:logGet(43)) - raft.server.log.use.memory = false (default)
2019-09-25 05:16:44,833 [pool-37-thread-1] INFO  server.RaftServerConfigKeys (ConfUtils.java:logGet(43)) - raft.server.log.purge.gap = 1000000 (custom)
2019-09-25 05:16:44,833 [pool-37-thread-1] INFO  server.RaftServerConfigKeys (ConfUtils.java:logGet(43)) - raft.server.log.appender.buffer.byte-limit = 33554432 (custom)
2019-09-25 05:16:44,833 [pool-37-thread-1] INFO  server.RaftServerConfigKeys (ConfUtils.java:logGet(43)) - raft.server.log.segment.size.max = 1048576 (custom)
2019-09-25 05:16:44,834 [pool-37-thread-1] INFO  server.RaftServerConfigKeys (ConfUtils.java:logGet(43)) - raft.server.log.segment.cache.num.max = 2 (custom)
2019-09-25 05:16:44,834 [pool-37-thread-1] INFO  segmented.SegmentedRaftLogWorker (SegmentedRaftLogWorker.java:<init>(172)) - new ff9cca32-4485-4042-a2cf-de046efe7856@group-C09397CC09B9-SegmentedRaftLogWorker for RaftStorage:Storage Directory /workdir/hadoop-ozone/integration-test/target/test-dir/MiniOzoneClusterImpl-61ea7bfd-f5dc-44df-9f38-4734a4a03623/datanode-1/data/ratis/5fb137c8-67d2-4147-8b93-c09397cc09b9
2019-09-25 05:16:44,849 [pool-37-thread-1] INFO  server.RaftServerConfigKeys (ConfUtils.java:logGet(43)) - raft.server.log.queue.byte-limit = 2147483647 (custom)
2019-09-25 05:16:44,849 [pool-37-thread-1] INFO  server.RaftServerConfigKeys (ConfUtils.java:logGet(43)) - raft.server.log.queue.element-limit = 1024 (custom)
2019-09-25 05:16:44,849 [pool-37-thread-1] INFO  server.RaftServerConfigKeys (ConfUtils.java:logGet(43)) - raft.server.log.segment.size.max = 1048576 (custom)
2019-09-25 05:16:44,849 [pool-37-thread-1] INFO  server.RaftServerConfigKeys (ConfUtils.java:logGet(43)) - raft.server.log.preallocated.size = 16384 (custom)
2019-09-25 05:16:44,849 [pool-37-thread-1] INFO  server.RaftServerConfigKeys (ConfUtils.java:logGet(43)) - raft.server.log.write.buffer.size = 33554432 (custom)
2019-09-25 05:16:44,849 [pool-37-thread-1] INFO  server.RaftServerConfigKeys (ConfUtils.java:logGet(43)) - raft.server.log.force.sync.num = 128 (default)
2019-09-25 05:16:44,850 [pool-37-thread-1] INFO  server.RaftServerConfigKeys (ConfUtils.java:logGet(43)) - raft.server.log.statemachine.data.sync = true (default)
2019-09-25 05:16:44,850 [pool-37-thread-1] INFO  server.RaftServerConfigKeys (ConfUtils.java:logGet(43)) - raft.server.log.statemachine.data.sync.timeout = 10s (default)
2019-09-25 05:16:44,850 [pool-37-thread-1] INFO  server.RaftServerConfigKeys (ConfUtils.java:logGet(43)) - raft.server.log.statemachine.data.sync.timeout.retry = -1 (default)
2019-09-25 05:16:44,850 [pool-37-thread-1] INFO  server.RaftServerConfigKeys (ConfUtils.java:logGet(43)) - raft.server.log.statemachine.data.caching.enabled = true (custom)
2019-09-25 05:16:44,851 [pool-37-thread-1] INFO  segmented.SegmentedRaftLogWorker (SegmentedRaftLogWorker.java:lambda$new$0(132)) - ff9cca32-4485-4042-a2cf-de046efe7856@group-C09397CC09B9-SegmentedRaftLogWorker: flushIndex: setUnconditionally 0 -> -1
2019-09-25 05:16:44,851 [pool-37-thread-1] INFO  server.RaftServerConfigKeys (ConfUtils.java:logGet(43)) - raft.server.snapshot.auto.trigger.enabled = true (custom)
2019-09-25 05:16:44,851 [pool-37-thread-1] INFO  server.RaftServerConfigKeys (ConfUtils.java:logGet(43)) - raft.server.snapshot.auto.trigger.threshold = 10000 (custom)
2019-09-25 05:16:44,851 [pool-37-thread-1] INFO  server.RaftServerConfigKeys (ConfUtils.java:logGet(43)) - raft.server.snapshot.retention.num.files = 5 (custom)
2019-09-25 05:16:44,852 [pool-37-thread-1] INFO  server.RaftServerConfigKeys (ConfUtils.java:logGet(43)) - raft.server.retrycache.expirytime = 600000ms (custom)
2019-09-25 05:16:44,855 [pool-37-thread-1] INFO  impl.RaftServerImpl (RaftServerImpl.java:start(185)) - ff9cca32-4485-4042-a2cf-de046efe7856@group-C09397CC09B9: start as a follower, conf=-1: [ff9cca32-4485-4042-a2cf-de046efe7856:192.168.164.207:41669], old=null
2019-09-25 05:16:44,855 [pool-37-thread-1] INFO  impl.RaftServerImpl (RaftServerImpl.java:setRole(174)) - ff9cca32-4485-4042-a2cf-de046efe7856@group-C09397CC09B9: changes role from      null to FOLLOWER at term 0 for startAsFollower
2019-09-25 05:16:44,855 [pool-37-thread-1] INFO  impl.RoleInfo (RoleInfo.java:updateAndGet(143)) - ff9cca32-4485-4042-a2cf-de046efe7856: start FollowerState
2019-09-25 05:16:44,856 [pool-37-thread-1] INFO  util.JmxRegister (JmxRegister.java:tryRegister(44)) - Successfully registered JMX Bean with object name Ratis:service=RaftServer,group=group-C09397CC09B9,id=ff9cca32-4485-4042-a2cf-de046efe7856
2019-09-25 05:16:44,862 [RatisPipelineUtilsThread] INFO  pipeline.PipelineStateManager (PipelineStateManager.java:addPipeline(56)) - Created pipeline Pipeline[ Id: 5fb137c8-67d2-4147-8b93-c09397cc09b9, Nodes: ff9cca32-4485-4042-a2cf-de046efe7856{ip: 192.168.164.207, host: pr-hdds-1569-s44lr-3492059363, networkLocation: /default-rack, certSerialId: null}, Type:RATIS, Factor:ONE, State:OPEN]
2019-09-25 05:16:44,872 [grpc-default-executor-0] INFO  impl.RaftServerProxy (RaftServerProxy.java:addNew(89)) - ba8dde02-0af5-4216-bd1b-765be5e6f2f5: addNew group-A89D8221FE5A:[ba8dde02-0af5-4216-bd1b-765be5e6f2f5:192.168.164.207:33616] returns group-A89D8221FE5A:java.util.concurrent.CompletableFuture@2497c19c[Not completed]
2019-09-25 05:16:44,874 [pool-47-thread-1] INFO  impl.RaftServerImpl (RaftServerImpl.java:<init>(95)) - ba8dde02-0af5-4216-bd1b-765be5e6f2f5: new RaftServerImpl for group-A89D8221FE5A:[ba8dde02-0af5-4216-bd1b-765be5e6f2f5:192.168.164.207:33616] with ContainerStateMachine:uninitialized
2019-09-25 05:16:44,874 [pool-47-thread-1] INFO  server.RaftServerConfigKeys (ConfUtils.java:logGet(43)) - raft.server.rpc.timeout.min = 5s (custom)
2019-09-25 05:16:44,875 [pool-47-thread-1] INFO  server.RaftServerConfigKeys (ConfUtils.java:logGet(43)) - raft.server.rpc.timeout.max = 5200ms (custom)
2019-09-25 05:16:44,875 [pool-47-thread-1] INFO  server.RaftServerConfigKeys (ConfUtils.java:logGet(43)) - raft.server.rpcslowness.timeout = 120s (custom)
2019-09-25 05:16:44,875 [pool-47-thread-1] INFO  server.RaftServerConfigKeys (ConfUtils.java:logGet(43)) - raft.server.sleep.deviation.threshold = 300 (default)
2019-09-25 05:16:44,875 [pool-47-thread-1] INFO  server.RaftServerConfigKeys (ConfUtils.java:logGet(43)) - raft.server.log.appender.install.snapshot.enabled = false (custom)
2019-09-25 05:16:44,875 [pool-47-thread-1] INFO  impl.RaftServerImpl (ServerState.java:<init>(103)) - ba8dde02-0af5-4216-bd1b-765be5e6f2f5@group-A89D8221FE5A: ConfigurationManager, init=-1: [ba8dde02-0af5-4216-bd1b-765be5e6f2f5:192.168.164.207:33616], old=null, confs=<EMPTY_MAP>
2019-09-25 05:16:44,876 [pool-47-thread-1] INFO  server.RaftServerConfigKeys (ConfUtils.java:logGet(43)) - raft.server.storage.dir = [/workdir/hadoop-ozone/integration-test/target/test-dir/MiniOzoneClusterImpl-61ea7bfd-f5dc-44df-9f38-4734a4a03623/datanode-2/data/ratis] (custom)
2019-09-25 05:16:44,876 [pool-47-thread-1] INFO  storage.RaftStorageDirectory (RaftStorageDirectory.java:analyzeStorage(246)) - The storage directory /workdir/hadoop-ozone/integration-test/target/test-dir/MiniOzoneClusterImpl-61ea7bfd-f5dc-44df-9f38-4734a4a03623/datanode-2/data/ratis/a8c76fa6-1076-4e9b-a71d-a89d8221fe5a does not exist. Creating ...
2019-09-25 05:16:44,882 [pool-47-thread-1] INFO  storage.RaftStorageDirectory (RaftStorageDirectory.java:tryLock(328)) - Lock on /workdir/hadoop-ozone/integration-test/target/test-dir/MiniOzoneClusterImpl-61ea7bfd-f5dc-44df-9f38-4734a4a03623/datanode-2/data/ratis/a8c76fa6-1076-4e9b-a71d-a89d8221fe5a/in_use.lock acquired by nodename 10731@pr-hdds-1569-s44lr-3492059363
2019-09-25 05:16:44,891 [pool-47-thread-1] INFO  storage.RaftStorage (RaftStorage.java:format(72)) - Storage directory /workdir/hadoop-ozone/integration-test/target/test-dir/MiniOzoneClusterImpl-61ea7bfd-f5dc-44df-9f38-4734a4a03623/datanode-2/data/ratis/a8c76fa6-1076-4e9b-a71d-a89d8221fe5a has been successfully formatted.
2019-09-25 05:16:44,891 [pool-47-thread-1] INFO  ratis.ContainerStateMachine (ContainerStateMachine.java:loadSnapshot(230)) - group-A89D8221FE5A: The snapshot info is null. Setting the last applied indexto:(t:0, i:~)
2019-09-25 05:16:44,891 [pool-47-thread-1] INFO  server.RaftServerConfigKeys (ConfUtils.java:logGet(43)) - raft.server.notification.no-leader.timeout = 120s (custom)
2019-09-25 05:16:44,892 [pool-47-thread-1] INFO  server.RaftServerConfigKeys (ConfUtils.java:logGet(43)) - raft.server.log.use.memory = false (default)
2019-09-25 05:16:44,892 [pool-47-thread-1] INFO  server.RaftServerConfigKeys (ConfUtils.java:logGet(43)) - raft.server.log.purge.gap = 1000000 (custom)
2019-09-25 05:16:44,892 [pool-47-thread-1] INFO  server.RaftServerConfigKeys (ConfUtils.java:logGet(43)) - raft.server.log.appender.buffer.byte-limit = 33554432 (custom)
2019-09-25 05:16:44,892 [pool-47-thread-1] INFO  server.RaftServerConfigKeys (ConfUtils.java:logGet(43)) - raft.server.log.segment.size.max = 1048576 (custom)
2019-09-25 05:16:44,892 [pool-47-thread-1] INFO  server.RaftServerConfigKeys (ConfUtils.java:logGet(43)) - raft.server.log.segment.cache.num.max = 2 (custom)
2019-09-25 05:16:44,892 [pool-47-thread-1] INFO  segmented.SegmentedRaftLogWorker (SegmentedRaftLogWorker.java:<init>(172)) - new ba8dde02-0af5-4216-bd1b-765be5e6f2f5@group-A89D8221FE5A-SegmentedRaftLogWorker for RaftStorage:Storage Directory /workdir/hadoop-ozone/integration-test/target/test-dir/MiniOzoneClusterImpl-61ea7bfd-f5dc-44df-9f38-4734a4a03623/datanode-2/data/ratis/a8c76fa6-1076-4e9b-a71d-a89d8221fe5a
2019-09-25 05:16:44,893 [pool-47-thread-1] INFO  server.RaftServerConfigKeys (ConfUtils.java:logGet(43)) - raft.server.log.queue.byte-limit = 2147483647 (custom)
2019-09-25 05:16:44,893 [pool-47-thread-1] INFO  server.RaftServerConfigKeys (ConfUtils.java:logGet(43)) - raft.server.log.queue.element-limit = 1024 (custom)
2019-09-25 05:16:44,893 [pool-47-thread-1] INFO  server.RaftServerConfigKeys (ConfUtils.java:logGet(43)) - raft.server.log.segment.size.max = 1048576 (custom)
2019-09-25 05:16:44,893 [pool-47-thread-1] INFO  server.RaftServerConfigKeys (ConfUtils.java:logGet(43)) - raft.server.log.preallocated.size = 16384 (custom)
2019-09-25 05:16:44,893 [pool-47-thread-1] INFO  server.RaftServerConfigKeys (ConfUtils.java:logGet(43)) - raft.server.log.write.buffer.size = 33554432 (custom)
2019-09-25 05:16:44,894 [pool-47-thread-1] INFO  server.RaftServerConfigKeys (ConfUtils.java:logGet(43)) - raft.server.log.force.sync.num = 128 (default)
2019-09-25 05:16:44,894 [pool-47-thread-1] INFO  server.RaftServerConfigKeys (ConfUtils.java:logGet(43)) - raft.server.log.statemachine.data.sync = true (default)
2019-09-25 05:16:44,894 [pool-47-thread-1] INFO  server.RaftServerConfigKeys (ConfUtils.java:logGet(43)) - raft.server.log.statemachine.data.sync.timeout = 10s (default)
2019-09-25 05:16:44,894 [pool-47-thread-1] INFO  server.RaftServerConfigKeys (ConfUtils.java:logGet(43)) - raft.server.log.statemachine.data.sync.timeout.retry = -1 (default)
2019-09-25 05:16:44,894 [pool-47-thread-1] INFO  server.RaftServerConfigKeys (ConfUtils.java:logGet(43)) - raft.server.log.statemachine.data.caching.enabled = true (custom)
2019-09-25 05:16:44,895 [pool-47-thread-1] INFO  segmented.SegmentedRaftLogWorker (SegmentedRaftLogWorker.java:lambda$new$0(132)) - ba8dde02-0af5-4216-bd1b-765be5e6f2f5@group-A89D8221FE5A-SegmentedRaftLogWorker: flushIndex: setUnconditionally 0 -> -1
2019-09-25 05:16:44,895 [pool-47-thread-1] INFO  server.RaftServerConfigKeys (ConfUtils.java:logGet(43)) - raft.server.snapshot.auto.trigger.enabled = true (custom)
2019-09-25 05:16:44,895 [pool-47-thread-1] INFO  server.RaftServerConfigKeys (ConfUtils.java:logGet(43)) - raft.server.snapshot.auto.trigger.threshold = 10000 (custom)
2019-09-25 05:16:44,895 [pool-47-thread-1] INFO  server.RaftServerConfigKeys (ConfUtils.java:logGet(43)) - raft.server.snapshot.retention.num.files = 5 (custom)
2019-09-25 05:16:44,896 [pool-47-thread-1] INFO  server.RaftServerConfigKeys (ConfUtils.java:logGet(43)) - raft.server.retrycache.expirytime = 600000ms (custom)
2019-09-25 05:16:44,900 [pool-47-thread-1] INFO  impl.RaftServerImpl (RaftServerImpl.java:start(185)) - ba8dde02-0af5-4216-bd1b-765be5e6f2f5@group-A89D8221FE5A: start as a follower, conf=-1: [ba8dde02-0af5-4216-bd1b-765be5e6f2f5:192.168.164.207:33616], old=null
2019-09-25 05:16:44,900 [pool-47-thread-1] INFO  impl.RaftServerImpl (RaftServerImpl.java:setRole(174)) - ba8dde02-0af5-4216-bd1b-765be5e6f2f5@group-A89D8221FE5A: changes role from      null to FOLLOWER at term 0 for startAsFollower
2019-09-25 05:16:44,900 [pool-47-thread-1] INFO  impl.RoleInfo (RoleInfo.java:updateAndGet(143)) - ba8dde02-0af5-4216-bd1b-765be5e6f2f5: start FollowerState
2019-09-25 05:16:44,901 [pool-47-thread-1] INFO  util.JmxRegister (JmxRegister.java:tryRegister(44)) - Successfully registered JMX Bean with object name Ratis:service=RaftServer,group=group-A89D8221FE5A,id=ba8dde02-0af5-4216-bd1b-765be5e6f2f5
2019-09-25 05:16:44,907 [RatisPipelineUtilsThread] INFO  pipeline.PipelineStateManager (PipelineStateManager.java:addPipeline(56)) - Created pipeline Pipeline[ Id: a8c76fa6-1076-4e9b-a71d-a89d8221fe5a, Nodes: ba8dde02-0af5-4216-bd1b-765be5e6f2f5{ip: 192.168.164.207, host: pr-hdds-1569-s44lr-3492059363, networkLocation: /default-rack, certSerialId: null}, Type:RATIS, Factor:ONE, State:OPEN]
2019-09-25 05:16:44,921 [grpc-default-executor-0] INFO  impl.RaftServerProxy (RaftServerProxy.java:addNew(89)) - ff9cca32-4485-4042-a2cf-de046efe7856: addNew group-47EBF072AD95:[ff9cca32-4485-4042-a2cf-de046efe7856:192.168.164.207:41669] returns group-47EBF072AD95:java.util.concurrent.CompletableFuture@311b7b40[Not completed]
2019-09-25 05:16:44,922 [pool-37-thread-1] INFO  impl.RaftServerImpl (RaftServerImpl.java:<init>(95)) - ff9cca32-4485-4042-a2cf-de046efe7856: new RaftServerImpl for group-47EBF072AD95:[ff9cca32-4485-4042-a2cf-de046efe7856:192.168.164.207:41669] with ContainerStateMachine:uninitialized
2019-09-25 05:16:44,922 [pool-37-thread-1] INFO  server.RaftServerConfigKeys (ConfUtils.java:logGet(43)) - raft.server.rpc.timeout.min = 5s (custom)
2019-09-25 05:16:44,922 [pool-37-thread-1] INFO  server.RaftServerConfigKeys (ConfUtils.java:logGet(43)) - raft.server.rpc.timeout.max = 5200ms (custom)
2019-09-25 05:16:44,922 [pool-37-thread-1] INFO  server.RaftServerConfigKeys (ConfUtils.java:logGet(43)) - raft.server.rpcslowness.timeout = 120s (custom)
2019-09-25 05:16:44,922 [pool-37-thread-1] INFO  server.RaftServerConfigKeys (ConfUtils.java:logGet(43)) - raft.server.sleep.deviation.threshold = 300 (default)
2019-09-25 05:16:44,922 [pool-37-thread-1] INFO  server.RaftServerConfigKeys (ConfUtils.java:logGet(43)) - raft.server.log.appender.install.snapshot.enabled = false (custom)
2019-09-25 05:16:44,922 [pool-37-thread-1] INFO  impl.RaftServerImpl (ServerState.java:<init>(103)) - ff9cca32-4485-4042-a2cf-de046efe7856@group-47EBF072AD95: ConfigurationManager, init=-1: [ff9cca32-4485-4042-a2cf-de046efe7856:192.168.164.207:41669], old=null, confs=<EMPTY_MAP>
2019-09-25 05:16:44,923 [pool-37-thread-1] INFO  server.RaftServerConfigKeys (ConfUtils.java:logGet(43)) - raft.server.storage.dir = [/workdir/hadoop-ozone/integration-test/target/test-dir/MiniOzoneClusterImpl-61ea7bfd-f5dc-44df-9f38-4734a4a03623/datanode-1/data/ratis] (custom)
2019-09-25 05:16:44,923 [pool-37-thread-1] INFO  storage.RaftStorageDirectory (RaftStorageDirectory.java:analyzeStorage(246)) - The storage directory /workdir/hadoop-ozone/integration-test/target/test-dir/MiniOzoneClusterImpl-61ea7bfd-f5dc-44df-9f38-4734a4a03623/datanode-1/data/ratis/6609dd8a-be56-482f-952a-47ebf072ad95 does not exist. Creating ...
2019-09-25 05:16:44,935 [pool-37-thread-1] INFO  storage.RaftStorageDirectory (RaftStorageDirectory.java:tryLock(328)) - Lock on /workdir/hadoop-ozone/integration-test/target/test-dir/MiniOzoneClusterImpl-61ea7bfd-f5dc-44df-9f38-4734a4a03623/datanode-1/data/ratis/6609dd8a-be56-482f-952a-47ebf072ad95/in_use.lock acquired by nodename 10731@pr-hdds-1569-s44lr-3492059363
2019-09-25 05:16:44,948 [pool-37-thread-1] INFO  storage.RaftStorage (RaftStorage.java:format(72)) - Storage directory /workdir/hadoop-ozone/integration-test/target/test-dir/MiniOzoneClusterImpl-61ea7bfd-f5dc-44df-9f38-4734a4a03623/datanode-1/data/ratis/6609dd8a-be56-482f-952a-47ebf072ad95 has been successfully formatted.
2019-09-25 05:16:44,948 [pool-37-thread-1] INFO  ratis.ContainerStateMachine (ContainerStateMachine.java:loadSnapshot(230)) - group-47EBF072AD95: The snapshot info is null. Setting the last applied indexto:(t:0, i:~)
2019-09-25 05:16:44,948 [pool-37-thread-1] INFO  server.RaftServerConfigKeys (ConfUtils.java:logGet(43)) - raft.server.notification.no-leader.timeout = 120s (custom)
2019-09-25 05:16:44,948 [pool-37-thread-1] INFO  server.RaftServerConfigKeys (ConfUtils.java:logGet(43)) - raft.server.log.use.memory = false (default)
2019-09-25 05:16:44,949 [pool-37-thread-1] INFO  server.RaftServerConfigKeys (ConfUtils.java:logGet(43)) - raft.server.log.purge.gap = 1000000 (custom)
2019-09-25 05:16:44,949 [pool-37-thread-1] INFO  server.RaftServerConfigKeys (ConfUtils.java:logGet(43)) - raft.server.log.appender.buffer.byte-limit = 33554432 (custom)
2019-09-25 05:16:44,949 [pool-37-thread-1] INFO  server.RaftServerConfigKeys (ConfUtils.java:logGet(43)) - raft.server.log.segment.size.max = 1048576 (custom)
2019-09-25 05:16:44,949 [pool-37-thread-1] INFO  server.RaftServerConfigKeys (ConfUtils.java:logGet(43)) - raft.server.log.segment.cache.num.max = 2 (custom)
2019-09-25 05:16:44,949 [pool-37-thread-1] INFO  segmented.SegmentedRaftLogWorker (SegmentedRaftLogWorker.java:<init>(172)) - new ff9cca32-4485-4042-a2cf-de046efe7856@group-47EBF072AD95-SegmentedRaftLogWorker for RaftStorage:Storage Directory /workdir/hadoop-ozone/integration-test/target/test-dir/MiniOzoneClusterImpl-61ea7bfd-f5dc-44df-9f38-4734a4a03623/datanode-1/data/ratis/6609dd8a-be56-482f-952a-47ebf072ad95
2019-09-25 05:16:44,950 [pool-37-thread-1] INFO  server.RaftServerConfigKeys (ConfUtils.java:logGet(43)) - raft.server.log.queue.byte-limit = 2147483647 (custom)
2019-09-25 05:16:44,950 [pool-37-thread-1] INFO  server.RaftServerConfigKeys (ConfUtils.java:logGet(43)) - raft.server.log.queue.element-limit = 1024 (custom)
2019-09-25 05:16:44,950 [pool-37-thread-1] INFO  server.RaftServerConfigKeys (ConfUtils.java:logGet(43)) - raft.server.log.segment.size.max = 1048576 (custom)
2019-09-25 05:16:44,950 [pool-37-thread-1] INFO  server.RaftServerConfigKeys (ConfUtils.java:logGet(43)) - raft.server.log.preallocated.size = 16384 (custom)
2019-09-25 05:16:44,950 [pool-37-thread-1] INFO  server.RaftServerConfigKeys (ConfUtils.java:logGet(43)) - raft.server.log.write.buffer.size = 33554432 (custom)
2019-09-25 05:16:44,951 [pool-37-thread-1] INFO  server.RaftServerConfigKeys (ConfUtils.java:logGet(43)) - raft.server.log.force.sync.num = 128 (default)
2019-09-25 05:16:44,951 [pool-37-thread-1] INFO  server.RaftServerConfigKeys (ConfUtils.java:logGet(43)) - raft.server.log.statemachine.data.sync = true (default)
2019-09-25 05:16:44,951 [pool-37-thread-1] INFO  server.RaftServerConfigKeys (ConfUtils.java:logGet(43)) - raft.server.log.statemachine.data.sync.timeout = 10s (default)
2019-09-25 05:16:44,951 [pool-37-thread-1] INFO  server.RaftServerConfigKeys (ConfUtils.java:logGet(43)) - raft.server.log.statemachine.data.sync.timeout.retry = -1 (default)
2019-09-25 05:16:44,951 [pool-37-thread-1] INFO  server.RaftServerConfigKeys (ConfUtils.java:logGet(43)) - raft.server.log.statemachine.data.caching.enabled = true (custom)
2019-09-25 05:16:44,951 [pool-37-thread-1] INFO  segmented.SegmentedRaftLogWorker (SegmentedRaftLogWorker.java:lambda$new$0(132)) - ff9cca32-4485-4042-a2cf-de046efe7856@group-47EBF072AD95-SegmentedRaftLogWorker: flushIndex: setUnconditionally 0 -> -1
2019-09-25 05:16:44,952 [pool-37-thread-1] INFO  server.RaftServerConfigKeys (ConfUtils.java:logGet(43)) - raft.server.snapshot.auto.trigger.enabled = true (custom)
2019-09-25 05:16:44,952 [pool-37-thread-1] INFO  server.RaftServerConfigKeys (ConfUtils.java:logGet(43)) - raft.server.snapshot.auto.trigger.threshold = 10000 (custom)
2019-09-25 05:16:44,952 [pool-37-thread-1] INFO  server.RaftServerConfigKeys (ConfUtils.java:logGet(43)) - raft.server.snapshot.retention.num.files = 5 (custom)
2019-09-25 05:16:44,952 [pool-37-thread-1] INFO  server.RaftServerConfigKeys (ConfUtils.java:logGet(43)) - raft.server.retrycache.expirytime = 600000ms (custom)
2019-09-25 05:16:44,956 [pool-37-thread-1] INFO  impl.RaftServerImpl (RaftServerImpl.java:start(185)) - ff9cca32-4485-4042-a2cf-de046efe7856@group-47EBF072AD95: start as a follower, conf=-1: [ff9cca32-4485-4042-a2cf-de046efe7856:192.168.164.207:41669], old=null
2019-09-25 05:16:44,956 [pool-37-thread-1] INFO  impl.RaftServerImpl (RaftServerImpl.java:setRole(174)) - ff9cca32-4485-4042-a2cf-de046efe7856@group-47EBF072AD95: changes role from      null to FOLLOWER at term 0 for startAsFollower
2019-09-25 05:16:44,956 [pool-37-thread-1] INFO  impl.RoleInfo (RoleInfo.java:updateAndGet(143)) - ff9cca32-4485-4042-a2cf-de046efe7856: start FollowerState
2019-09-25 05:16:44,957 [pool-37-thread-1] INFO  util.JmxRegister (JmxRegister.java:tryRegister(44)) - Successfully registered JMX Bean with object name Ratis:service=RaftServer,group=group-47EBF072AD95,id=ff9cca32-4485-4042-a2cf-de046efe7856
2019-09-25 05:16:44,966 [RatisPipelineUtilsThread] INFO  pipeline.PipelineStateManager (PipelineStateManager.java:addPipeline(56)) - Created pipeline Pipeline[ Id: 6609dd8a-be56-482f-952a-47ebf072ad95, Nodes: ff9cca32-4485-4042-a2cf-de046efe7856{ip: 192.168.164.207, host: pr-hdds-1569-s44lr-3492059363, networkLocation: /default-rack, certSerialId: null}, Type:RATIS, Factor:ONE, State:OPEN]
2019-09-25 05:16:44,975 [grpc-default-executor-0] INFO  impl.RaftServerProxy (RaftServerProxy.java:addNew(89)) - 26f764fd-4d7b-4424-b7e8-447a1ed3b8ef: addNew group-296A2A3CC25E:[26f764fd-4d7b-4424-b7e8-447a1ed3b8ef:192.168.164.207:40706] returns group-296A2A3CC25E:java.util.concurrent.CompletableFuture@2cb5cb4c[Not completed]
2019-09-25 05:16:44,977 [pool-27-thread-1] INFO  impl.RaftServerImpl (RaftServerImpl.java:<init>(95)) - 26f764fd-4d7b-4424-b7e8-447a1ed3b8ef: new RaftServerImpl for group-296A2A3CC25E:[26f764fd-4d7b-4424-b7e8-447a1ed3b8ef:192.168.164.207:40706] with ContainerStateMachine:uninitialized
2019-09-25 05:16:44,978 [pool-27-thread-1] INFO  server.RaftServerConfigKeys (ConfUtils.java:logGet(43)) - raft.server.rpc.timeout.min = 5s (custom)
2019-09-25 05:16:44,978 [pool-27-thread-1] INFO  server.RaftServerConfigKeys (ConfUtils.java:logGet(43)) - raft.server.rpc.timeout.max = 5200ms (custom)
2019-09-25 05:16:44,978 [pool-27-thread-1] INFO  server.RaftServerConfigKeys (ConfUtils.java:logGet(43)) - raft.server.rpcslowness.timeout = 120s (custom)
2019-09-25 05:16:44,978 [pool-27-thread-1] INFO  server.RaftServerConfigKeys (ConfUtils.java:logGet(43)) - raft.server.sleep.deviation.threshold = 300 (default)
2019-09-25 05:16:44,978 [pool-27-thread-1] INFO  server.RaftServerConfigKeys (ConfUtils.java:logGet(43)) - raft.server.log.appender.install.snapshot.enabled = false (custom)
2019-09-25 05:16:44,979 [pool-27-thread-1] INFO  impl.RaftServerImpl (ServerState.java:<init>(103)) - 26f764fd-4d7b-4424-b7e8-447a1ed3b8ef@group-296A2A3CC25E: ConfigurationManager, init=-1: [26f764fd-4d7b-4424-b7e8-447a1ed3b8ef:192.168.164.207:40706], old=null, confs=<EMPTY_MAP>
2019-09-25 05:16:44,979 [pool-27-thread-1] INFO  server.RaftServerConfigKeys (ConfUtils.java:logGet(43)) - raft.server.storage.dir = [/workdir/hadoop-ozone/integration-test/target/test-dir/MiniOzoneClusterImpl-61ea7bfd-f5dc-44df-9f38-4734a4a03623/datanode-0/data/ratis] (custom)
2019-09-25 05:16:44,979 [pool-27-thread-1] INFO  storage.RaftStorageDirectory (RaftStorageDirectory.java:analyzeStorage(246)) - The storage directory /workdir/hadoop-ozone/integration-test/target/test-dir/MiniOzoneClusterImpl-61ea7bfd-f5dc-44df-9f38-4734a4a03623/datanode-0/data/ratis/bb03b7e3-51b9-4bd1-9a93-296a2a3cc25e does not exist. Creating ...
2019-09-25 05:16:44,992 [pool-27-thread-1] INFO  storage.RaftStorageDirectory (RaftStorageDirectory.java:tryLock(328)) - Lock on /workdir/hadoop-ozone/integration-test/target/test-dir/MiniOzoneClusterImpl-61ea7bfd-f5dc-44df-9f38-4734a4a03623/datanode-0/data/ratis/bb03b7e3-51b9-4bd1-9a93-296a2a3cc25e/in_use.lock acquired by nodename 10731@pr-hdds-1569-s44lr-3492059363
2019-09-25 05:16:45,006 [pool-27-thread-1] INFO  storage.RaftStorage (RaftStorage.java:format(72)) - Storage directory /workdir/hadoop-ozone/integration-test/target/test-dir/MiniOzoneClusterImpl-61ea7bfd-f5dc-44df-9f38-4734a4a03623/datanode-0/data/ratis/bb03b7e3-51b9-4bd1-9a93-296a2a3cc25e has been successfully formatted.
2019-09-25 05:16:45,006 [pool-27-thread-1] INFO  ratis.ContainerStateMachine (ContainerStateMachine.java:loadSnapshot(230)) - group-296A2A3CC25E: The snapshot info is null. Setting the last applied indexto:(t:0, i:~)
2019-09-25 05:16:45,007 [pool-27-thread-1] INFO  server.RaftServerConfigKeys (ConfUtils.java:logGet(43)) - raft.server.notification.no-leader.timeout = 120s (custom)
2019-09-25 05:16:45,007 [pool-27-thread-1] INFO  server.RaftServerConfigKeys (ConfUtils.java:logGet(43)) - raft.server.log.use.memory = false (default)
2019-09-25 05:16:45,007 [pool-27-thread-1] INFO  server.RaftServerConfigKeys (ConfUtils.java:logGet(43)) - raft.server.log.purge.gap = 1000000 (custom)
2019-09-25 05:16:45,007 [pool-27-thread-1] INFO  server.RaftServerConfigKeys (ConfUtils.java:logGet(43)) - raft.server.log.appender.buffer.byte-limit = 33554432 (custom)
2019-09-25 05:16:45,007 [pool-27-thread-1] INFO  server.RaftServerConfigKeys (ConfUtils.java:logGet(43)) - raft.server.log.segment.size.max = 1048576 (custom)
2019-09-25 05:16:45,008 [pool-27-thread-1] INFO  server.RaftServerConfigKeys (ConfUtils.java:logGet(43)) - raft.server.log.segment.cache.num.max = 2 (custom)
2019-09-25 05:16:45,008 [pool-27-thread-1] INFO  segmented.SegmentedRaftLogWorker (SegmentedRaftLogWorker.java:<init>(172)) - new 26f764fd-4d7b-4424-b7e8-447a1ed3b8ef@group-296A2A3CC25E-SegmentedRaftLogWorker for RaftStorage:Storage Directory /workdir/hadoop-ozone/integration-test/target/test-dir/MiniOzoneClusterImpl-61ea7bfd-f5dc-44df-9f38-4734a4a03623/datanode-0/data/ratis/bb03b7e3-51b9-4bd1-9a93-296a2a3cc25e
2019-09-25 05:16:45,008 [pool-27-thread-1] INFO  server.RaftServerConfigKeys (ConfUtils.java:logGet(43)) - raft.server.log.queue.byte-limit = 2147483647 (custom)
2019-09-25 05:16:45,008 [pool-27-thread-1] INFO  server.RaftServerConfigKeys (ConfUtils.java:logGet(43)) - raft.server.log.queue.element-limit = 1024 (custom)
2019-09-25 05:16:45,008 [pool-27-thread-1] INFO  server.RaftServerConfigKeys (ConfUtils.java:logGet(43)) - raft.server.log.segment.size.max = 1048576 (custom)
2019-09-25 05:16:45,008 [pool-27-thread-1] INFO  server.RaftServerConfigKeys (ConfUtils.java:logGet(43)) - raft.server.log.preallocated.size = 16384 (custom)
2019-09-25 05:16:45,009 [pool-27-thread-1] INFO  server.RaftServerConfigKeys (ConfUtils.java:logGet(43)) - raft.server.log.write.buffer.size = 33554432 (custom)
2019-09-25 05:16:45,009 [pool-27-thread-1] INFO  server.RaftServerConfigKeys (ConfUtils.java:logGet(43)) - raft.server.log.force.sync.num = 128 (default)
2019-09-25 05:16:45,009 [pool-27-thread-1] INFO  server.RaftServerConfigKeys (ConfUtils.java:logGet(43)) - raft.server.log.statemachine.data.sync = true (default)
2019-09-25 05:16:45,009 [pool-27-thread-1] INFO  server.RaftServerConfigKeys (ConfUtils.java:logGet(43)) - raft.server.log.statemachine.data.sync.timeout = 10s (default)
2019-09-25 05:16:45,009 [pool-27-thread-1] INFO  server.RaftServerConfigKeys (ConfUtils.java:logGet(43)) - raft.server.log.statemachine.data.sync.timeout.retry = -1 (default)
2019-09-25 05:16:45,010 [pool-27-thread-1] INFO  server.RaftServerConfigKeys (ConfUtils.java:logGet(43)) - raft.server.log.statemachine.data.caching.enabled = true (custom)
2019-09-25 05:16:45,010 [pool-27-thread-1] INFO  segmented.SegmentedRaftLogWorker (SegmentedRaftLogWorker.java:lambda$new$0(132)) - 26f764fd-4d7b-4424-b7e8-447a1ed3b8ef@group-296A2A3CC25E-SegmentedRaftLogWorker: flushIndex: setUnconditionally 0 -> -1
2019-09-25 05:16:45,010 [pool-27-thread-1] INFO  server.RaftServerConfigKeys (ConfUtils.java:logGet(43)) - raft.server.snapshot.auto.trigger.enabled = true (custom)
2019-09-25 05:16:45,011 [pool-27-thread-1] INFO  server.RaftServerConfigKeys (ConfUtils.java:logGet(43)) - raft.server.snapshot.auto.trigger.threshold = 10000 (custom)
2019-09-25 05:16:45,011 [pool-27-thread-1] INFO  server.RaftServerConfigKeys (ConfUtils.java:logGet(43)) - raft.server.snapshot.retention.num.files = 5 (custom)
2019-09-25 05:16:45,011 [pool-27-thread-1] INFO  server.RaftServerConfigKeys (ConfUtils.java:logGet(43)) - raft.server.retrycache.expirytime = 600000ms (custom)
2019-09-25 05:16:45,015 [pool-27-thread-1] INFO  impl.RaftServerImpl (RaftServerImpl.java:start(185)) - 26f764fd-4d7b-4424-b7e8-447a1ed3b8ef@group-296A2A3CC25E: start as a follower, conf=-1: [26f764fd-4d7b-4424-b7e8-447a1ed3b8ef:192.168.164.207:40706], old=null
2019-09-25 05:16:45,015 [pool-27-thread-1] INFO  impl.RaftServerImpl (RaftServerImpl.java:setRole(174)) - 26f764fd-4d7b-4424-b7e8-447a1ed3b8ef@group-296A2A3CC25E: changes role from      null to FOLLOWER at term 0 for startAsFollower
2019-09-25 05:16:45,015 [pool-27-thread-1] INFO  impl.RoleInfo (RoleInfo.java:updateAndGet(143)) - 26f764fd-4d7b-4424-b7e8-447a1ed3b8ef: start FollowerState
2019-09-25 05:16:45,016 [pool-27-thread-1] INFO  util.JmxRegister (JmxRegister.java:tryRegister(44)) - Successfully registered JMX Bean with object name Ratis:service=RaftServer,group=group-296A2A3CC25E,id=26f764fd-4d7b-4424-b7e8-447a1ed3b8ef
2019-09-25 05:16:45,028 [RatisPipelineUtilsThread] INFO  pipeline.PipelineStateManager (PipelineStateManager.java:addPipeline(56)) - Created pipeline Pipeline[ Id: bb03b7e3-51b9-4bd1-9a93-296a2a3cc25e, Nodes: 26f764fd-4d7b-4424-b7e8-447a1ed3b8ef{ip: 192.168.164.207, host: pr-hdds-1569-s44lr-3492059363, networkLocation: /default-rack, certSerialId: null}, Type:RATIS, Factor:ONE, State:OPEN]
2019-09-25 05:16:45,037 [grpc-default-executor-0] INFO  impl.RaftServerProxy (RaftServerProxy.java:addNew(89)) - 26f764fd-4d7b-4424-b7e8-447a1ed3b8ef: addNew group-774A3A28BC51:[26f764fd-4d7b-4424-b7e8-447a1ed3b8ef:192.168.164.207:40706] returns group-774A3A28BC51:java.util.concurrent.CompletableFuture@1f03a11a[Not completed]
2019-09-25 05:16:45,039 [pool-27-thread-1] INFO  impl.RaftServerImpl (RaftServerImpl.java:<init>(95)) - 26f764fd-4d7b-4424-b7e8-447a1ed3b8ef: new RaftServerImpl for group-774A3A28BC51:[26f764fd-4d7b-4424-b7e8-447a1ed3b8ef:192.168.164.207:40706] with ContainerStateMachine:uninitialized
2019-09-25 05:16:45,039 [pool-27-thread-1] INFO  server.RaftServerConfigKeys (ConfUtils.java:logGet(43)) - raft.server.rpc.timeout.min = 5s (custom)
2019-09-25 05:16:45,039 [pool-27-thread-1] INFO  server.RaftServerConfigKeys (ConfUtils.java:logGet(43)) - raft.server.rpc.timeout.max = 5200ms (custom)
2019-09-25 05:16:45,039 [pool-27-thread-1] INFO  server.RaftServerConfigKeys (ConfUtils.java:logGet(43)) - raft.server.rpcslowness.timeout = 120s (custom)
2019-09-25 05:16:45,039 [pool-27-thread-1] INFO  server.RaftServerConfigKeys (ConfUtils.java:logGet(43)) - raft.server.sleep.deviation.threshold = 300 (default)
2019-09-25 05:16:45,039 [pool-27-thread-1] INFO  server.RaftServerConfigKeys (ConfUtils.java:logGet(43)) - raft.server.log.appender.install.snapshot.enabled = false (custom)
2019-09-25 05:16:45,039 [pool-27-thread-1] INFO  impl.RaftServerImpl (ServerState.java:<init>(103)) - 26f764fd-4d7b-4424-b7e8-447a1ed3b8ef@group-774A3A28BC51: ConfigurationManager, init=-1: [26f764fd-4d7b-4424-b7e8-447a1ed3b8ef:192.168.164.207:40706], old=null, confs=<EMPTY_MAP>
2019-09-25 05:16:45,039 [pool-27-thread-1] INFO  server.RaftServerConfigKeys (ConfUtils.java:logGet(43)) - raft.server.storage.dir = [/workdir/hadoop-ozone/integration-test/target/test-dir/MiniOzoneClusterImpl-61ea7bfd-f5dc-44df-9f38-4734a4a03623/datanode-0/data/ratis] (custom)
2019-09-25 05:16:45,040 [pool-27-thread-1] INFO  storage.RaftStorageDirectory (RaftStorageDirectory.java:analyzeStorage(246)) - The storage directory /workdir/hadoop-ozone/integration-test/target/test-dir/MiniOzoneClusterImpl-61ea7bfd-f5dc-44df-9f38-4734a4a03623/datanode-0/data/ratis/70d6d52e-2102-4a9f-ae3e-774a3a28bc51 does not exist. Creating ...
2019-09-25 05:16:45,052 [pool-27-thread-1] INFO  storage.RaftStorageDirectory (RaftStorageDirectory.java:tryLock(328)) - Lock on /workdir/hadoop-ozone/integration-test/target/test-dir/MiniOzoneClusterImpl-61ea7bfd-f5dc-44df-9f38-4734a4a03623/datanode-0/data/ratis/70d6d52e-2102-4a9f-ae3e-774a3a28bc51/in_use.lock acquired by nodename 10731@pr-hdds-1569-s44lr-3492059363
2019-09-25 05:16:45,071 [pool-27-thread-1] INFO  storage.RaftStorage (RaftStorage.java:format(72)) - Storage directory /workdir/hadoop-ozone/integration-test/target/test-dir/MiniOzoneClusterImpl-61ea7bfd-f5dc-44df-9f38-4734a4a03623/datanode-0/data/ratis/70d6d52e-2102-4a9f-ae3e-774a3a28bc51 has been successfully formatted.
2019-09-25 05:16:45,072 [pool-27-thread-1] INFO  ratis.ContainerStateMachine (ContainerStateMachine.java:loadSnapshot(230)) - group-774A3A28BC51: The snapshot info is null. Setting the last applied indexto:(t:0, i:~)
2019-09-25 05:16:45,072 [pool-27-thread-1] INFO  server.RaftServerConfigKeys (ConfUtils.java:logGet(43)) - raft.server.notification.no-leader.timeout = 120s (custom)
2019-09-25 05:16:45,072 [pool-27-thread-1] INFO  server.RaftServerConfigKeys (ConfUtils.java:logGet(43)) - raft.server.log.use.memory = false (default)
2019-09-25 05:16:45,072 [pool-27-thread-1] INFO  server.RaftServerConfigKeys (ConfUtils.java:logGet(43)) - raft.server.log.purge.gap = 1000000 (custom)
2019-09-25 05:16:45,072 [pool-27-thread-1] INFO  server.RaftServerConfigKeys (ConfUtils.java:logGet(43)) - raft.server.log.appender.buffer.byte-limit = 33554432 (custom)
2019-09-25 05:16:45,072 [pool-27-thread-1] INFO  server.RaftServerConfigKeys (ConfUtils.java:logGet(43)) - raft.server.log.segment.size.max = 1048576 (custom)
2019-09-25 05:16:45,072 [pool-27-thread-1] INFO  server.RaftServerConfigKeys (ConfUtils.java:logGet(43)) - raft.server.log.segment.cache.num.max = 2 (custom)
2019-09-25 05:16:45,072 [pool-27-thread-1] INFO  segmented.SegmentedRaftLogWorker (SegmentedRaftLogWorker.java:<init>(172)) - new 26f764fd-4d7b-4424-b7e8-447a1ed3b8ef@group-774A3A28BC51-SegmentedRaftLogWorker for RaftStorage:Storage Directory /workdir/hadoop-ozone/integration-test/target/test-dir/MiniOzoneClusterImpl-61ea7bfd-f5dc-44df-9f38-4734a4a03623/datanode-0/data/ratis/70d6d52e-2102-4a9f-ae3e-774a3a28bc51
2019-09-25 05:16:45,072 [pool-27-thread-1] INFO  server.RaftServerConfigKeys (ConfUtils.java:logGet(43)) - raft.server.log.queue.byte-limit = 2147483647 (custom)
2019-09-25 05:16:45,073 [pool-27-thread-1] INFO  server.RaftServerConfigKeys (ConfUtils.java:logGet(43)) - raft.server.log.queue.element-limit = 1024 (custom)
2019-09-25 05:16:45,073 [pool-27-thread-1] INFO  server.RaftServerConfigKeys (ConfUtils.java:logGet(43)) - raft.server.log.segment.size.max = 1048576 (custom)
2019-09-25 05:16:45,073 [pool-27-thread-1] INFO  server.RaftServerConfigKeys (ConfUtils.java:logGet(43)) - raft.server.log.preallocated.size = 16384 (custom)
2019-09-25 05:16:45,073 [pool-27-thread-1] INFO  server.RaftServerConfigKeys (ConfUtils.java:logGet(43)) - raft.server.log.write.buffer.size = 33554432 (custom)
2019-09-25 05:16:45,073 [pool-27-thread-1] INFO  server.RaftServerConfigKeys (ConfUtils.java:logGet(43)) - raft.server.log.force.sync.num = 128 (default)
2019-09-25 05:16:45,073 [pool-27-thread-1] INFO  server.RaftServerConfigKeys (ConfUtils.java:logGet(43)) - raft.server.log.statemachine.data.sync = true (default)
2019-09-25 05:16:45,073 [pool-27-thread-1] INFO  server.RaftServerConfigKeys (ConfUtils.java:logGet(43)) - raft.server.log.statemachine.data.sync.timeout = 10s (default)
2019-09-25 05:16:45,073 [pool-27-thread-1] INFO  server.RaftServerConfigKeys (ConfUtils.java:logGet(43)) - raft.server.log.statemachine.data.sync.timeout.retry = -1 (default)
2019-09-25 05:16:45,073 [pool-27-thread-1] INFO  server.RaftServerConfigKeys (ConfUtils.java:logGet(43)) - raft.server.log.statemachine.data.caching.enabled = true (custom)
2019-09-25 05:16:45,074 [pool-27-thread-1] INFO  segmented.SegmentedRaftLogWorker (SegmentedRaftLogWorker.java:lambda$new$0(132)) - 26f764fd-4d7b-4424-b7e8-447a1ed3b8ef@group-774A3A28BC51-SegmentedRaftLogWorker: flushIndex: setUnconditionally 0 -> -1
2019-09-25 05:16:45,074 [pool-27-thread-1] INFO  server.RaftServerConfigKeys (ConfUtils.java:logGet(43)) - raft.server.snapshot.auto.trigger.enabled = true (custom)
2019-09-25 05:16:45,074 [pool-27-thread-1] INFO  server.RaftServerConfigKeys (ConfUtils.java:logGet(43)) - raft.server.snapshot.auto.trigger.threshold = 10000 (custom)
2019-09-25 05:16:45,074 [pool-27-thread-1] INFO  server.RaftServerConfigKeys (ConfUtils.java:logGet(43)) - raft.server.snapshot.retention.num.files = 5 (custom)
2019-09-25 05:16:45,074 [pool-27-thread-1] INFO  server.RaftServerConfigKeys (ConfUtils.java:logGet(43)) - raft.server.retrycache.expirytime = 600000ms (custom)
2019-09-25 05:16:45,077 [pool-27-thread-1] INFO  impl.RaftServerImpl (RaftServerImpl.java:start(185)) - 26f764fd-4d7b-4424-b7e8-447a1ed3b8ef@group-774A3A28BC51: start as a follower, conf=-1: [26f764fd-4d7b-4424-b7e8-447a1ed3b8ef:192.168.164.207:40706], old=null
2019-09-25 05:16:45,077 [pool-27-thread-1] INFO  impl.RaftServerImpl (RaftServerImpl.java:setRole(174)) - 26f764fd-4d7b-4424-b7e8-447a1ed3b8ef@group-774A3A28BC51: changes role from      null to FOLLOWER at term 0 for startAsFollower
2019-09-25 05:16:45,077 [pool-27-thread-1] INFO  impl.RoleInfo (RoleInfo.java:updateAndGet(143)) - 26f764fd-4d7b-4424-b7e8-447a1ed3b8ef: start FollowerState
2019-09-25 05:16:45,077 [pool-27-thread-1] INFO  util.JmxRegister (JmxRegister.java:tryRegister(44)) - Successfully registered JMX Bean with object name Ratis:service=RaftServer,group=group-774A3A28BC51,id=26f764fd-4d7b-4424-b7e8-447a1ed3b8ef
2019-09-25 05:16:45,086 [RatisPipelineUtilsThread] INFO  pipeline.PipelineStateManager (PipelineStateManager.java:addPipeline(56)) - Created pipeline Pipeline[ Id: 70d6d52e-2102-4a9f-ae3e-774a3a28bc51, Nodes: 26f764fd-4d7b-4424-b7e8-447a1ed3b8ef{ip: 192.168.164.207, host: pr-hdds-1569-s44lr-3492059363, networkLocation: /default-rack, certSerialId: null}, Type:RATIS, Factor:ONE, State:OPEN]
2019-09-25 05:16:45,097 [grpc-default-executor-0] INFO  impl.RaftServerProxy (RaftServerProxy.java:addNew(89)) - ba8dde02-0af5-4216-bd1b-765be5e6f2f5: addNew group-B97C2EA87818:[ba8dde02-0af5-4216-bd1b-765be5e6f2f5:192.168.164.207:33616] returns group-B97C2EA87818:java.util.concurrent.CompletableFuture@8f63536[Not completed]
2019-09-25 05:16:45,098 [pool-47-thread-1] INFO  impl.RaftServerImpl (RaftServerImpl.java:<init>(95)) - ba8dde02-0af5-4216-bd1b-765be5e6f2f5: new RaftServerImpl for group-B97C2EA87818:[ba8dde02-0af5-4216-bd1b-765be5e6f2f5:192.168.164.207:33616] with ContainerStateMachine:uninitialized
2019-09-25 05:16:45,099 [pool-47-thread-1] INFO  server.RaftServerConfigKeys (ConfUtils.java:logGet(43)) - raft.server.rpc.timeout.min = 5s (custom)
2019-09-25 05:16:45,099 [pool-47-thread-1] INFO  server.RaftServerConfigKeys (ConfUtils.java:logGet(43)) - raft.server.rpc.timeout.max = 5200ms (custom)
2019-09-25 05:16:45,099 [pool-47-thread-1] INFO  server.RaftServerConfigKeys (ConfUtils.java:logGet(43)) - raft.server.rpcslowness.timeout = 120s (custom)
2019-09-25 05:16:45,099 [pool-47-thread-1] INFO  server.RaftServerConfigKeys (ConfUtils.java:logGet(43)) - raft.server.sleep.deviation.threshold = 300 (default)
2019-09-25 05:16:45,099 [pool-47-thread-1] INFO  server.RaftServerConfigKeys (ConfUtils.java:logGet(43)) - raft.server.log.appender.install.snapshot.enabled = false (custom)
2019-09-25 05:16:45,100 [pool-47-thread-1] INFO  impl.RaftServerImpl (ServerState.java:<init>(103)) - ba8dde02-0af5-4216-bd1b-765be5e6f2f5@group-B97C2EA87818: ConfigurationManager, init=-1: [ba8dde02-0af5-4216-bd1b-765be5e6f2f5:192.168.164.207:33616], old=null, confs=<EMPTY_MAP>
2019-09-25 05:16:45,100 [pool-47-thread-1] INFO  server.RaftServerConfigKeys (ConfUtils.java:logGet(43)) - raft.server.storage.dir = [/workdir/hadoop-ozone/integration-test/target/test-dir/MiniOzoneClusterImpl-61ea7bfd-f5dc-44df-9f38-4734a4a03623/datanode-2/data/ratis] (custom)
2019-09-25 05:16:45,100 [pool-47-thread-1] INFO  storage.RaftStorageDirectory (RaftStorageDirectory.java:analyzeStorage(246)) - The storage directory /workdir/hadoop-ozone/integration-test/target/test-dir/MiniOzoneClusterImpl-61ea7bfd-f5dc-44df-9f38-4734a4a03623/datanode-2/data/ratis/57816ffe-0b1d-483f-936c-b97c2ea87818 does not exist. Creating ...
2019-09-25 05:16:45,113 [pool-47-thread-1] INFO  storage.RaftStorageDirectory (RaftStorageDirectory.java:tryLock(328)) - Lock on /workdir/hadoop-ozone/integration-test/target/test-dir/MiniOzoneClusterImpl-61ea7bfd-f5dc-44df-9f38-4734a4a03623/datanode-2/data/ratis/57816ffe-0b1d-483f-936c-b97c2ea87818/in_use.lock acquired by nodename 10731@pr-hdds-1569-s44lr-3492059363
2019-09-25 05:16:45,127 [pool-47-thread-1] INFO  storage.RaftStorage (RaftStorage.java:format(72)) - Storage directory /workdir/hadoop-ozone/integration-test/target/test-dir/MiniOzoneClusterImpl-61ea7bfd-f5dc-44df-9f38-4734a4a03623/datanode-2/data/ratis/57816ffe-0b1d-483f-936c-b97c2ea87818 has been successfully formatted.
2019-09-25 05:16:45,127 [pool-47-thread-1] INFO  ratis.ContainerStateMachine (ContainerStateMachine.java:loadSnapshot(230)) - group-B97C2EA87818: The snapshot info is null. Setting the last applied indexto:(t:0, i:~)
2019-09-25 05:16:45,127 [pool-47-thread-1] INFO  server.RaftServerConfigKeys (ConfUtils.java:logGet(43)) - raft.server.notification.no-leader.timeout = 120s (custom)
2019-09-25 05:16:45,127 [pool-47-thread-1] INFO  server.RaftServerConfigKeys (ConfUtils.java:logGet(43)) - raft.server.log.use.memory = false (default)
2019-09-25 05:16:45,127 [pool-47-thread-1] INFO  server.RaftServerConfigKeys (ConfUtils.java:logGet(43)) - raft.server.log.purge.gap = 1000000 (custom)
2019-09-25 05:16:45,127 [pool-47-thread-1] INFO  server.RaftServerConfigKeys (ConfUtils.java:logGet(43)) - raft.server.log.appender.buffer.byte-limit = 33554432 (custom)
2019-09-25 05:16:45,128 [pool-47-thread-1] INFO  server.RaftServerConfigKeys (ConfUtils.java:logGet(43)) - raft.server.log.segment.size.max = 1048576 (custom)
2019-09-25 05:16:45,128 [pool-47-thread-1] INFO  server.RaftServerConfigKeys (ConfUtils.java:logGet(43)) - raft.server.log.segment.cache.num.max = 2 (custom)
2019-09-25 05:16:45,128 [pool-47-thread-1] INFO  segmented.SegmentedRaftLogWorker (SegmentedRaftLogWorker.java:<init>(172)) - new ba8dde02-0af5-4216-bd1b-765be5e6f2f5@group-B97C2EA87818-SegmentedRaftLogWorker for RaftStorage:Storage Directory /workdir/hadoop-ozone/integration-test/target/test-dir/MiniOzoneClusterImpl-61ea7bfd-f5dc-44df-9f38-4734a4a03623/datanode-2/data/ratis/57816ffe-0b1d-483f-936c-b97c2ea87818
2019-09-25 05:16:45,128 [pool-47-thread-1] INFO  server.RaftServerConfigKeys (ConfUtils.java:logGet(43)) - raft.server.log.queue.byte-limit = 2147483647 (custom)
2019-09-25 05:16:45,128 [pool-47-thread-1] INFO  server.RaftServerConfigKeys (ConfUtils.java:logGet(43)) - raft.server.log.queue.element-limit = 1024 (custom)
2019-09-25 05:16:45,128 [pool-47-thread-1] INFO  server.RaftServerConfigKeys (ConfUtils.java:logGet(43)) - raft.server.log.segment.size.max = 1048576 (custom)
2019-09-25 05:16:45,129 [pool-47-thread-1] INFO  server.RaftServerConfigKeys (ConfUtils.java:logGet(43)) - raft.server.log.preallocated.size = 16384 (custom)
2019-09-25 05:16:45,129 [pool-47-thread-1] INFO  server.RaftServerConfigKeys (ConfUtils.java:logGet(43)) - raft.server.log.write.buffer.size = 33554432 (custom)
2019-09-25 05:16:45,129 [pool-47-thread-1] INFO  server.RaftServerConfigKeys (ConfUtils.java:logGet(43)) - raft.server.log.force.sync.num = 128 (default)
2019-09-25 05:16:45,129 [pool-47-thread-1] INFO  server.RaftServerConfigKeys (ConfUtils.java:logGet(43)) - raft.server.log.statemachine.data.sync = true (default)
2019-09-25 05:16:45,129 [pool-47-thread-1] INFO  server.RaftServerConfigKeys (ConfUtils.java:logGet(43)) - raft.server.log.statemachine.data.sync.timeout = 10s (default)
2019-09-25 05:16:45,129 [pool-47-thread-1] INFO  server.RaftServerConfigKeys (ConfUtils.java:logGet(43)) - raft.server.log.statemachine.data.sync.timeout.retry = -1 (default)
2019-09-25 05:16:45,130 [pool-47-thread-1] INFO  server.RaftServerConfigKeys (ConfUtils.java:logGet(43)) - raft.server.log.statemachine.data.caching.enabled = true (custom)
2019-09-25 05:16:45,130 [pool-47-thread-1] INFO  segmented.SegmentedRaftLogWorker (SegmentedRaftLogWorker.java:lambda$new$0(132)) - ba8dde02-0af5-4216-bd1b-765be5e6f2f5@group-B97C2EA87818-SegmentedRaftLogWorker: flushIndex: setUnconditionally 0 -> -1
2019-09-25 05:16:45,130 [pool-47-thread-1] INFO  server.RaftServerConfigKeys (ConfUtils.java:logGet(43)) - raft.server.snapshot.auto.trigger.enabled = true (custom)
2019-09-25 05:16:45,130 [pool-47-thread-1] INFO  server.RaftServerConfigKeys (ConfUtils.java:logGet(43)) - raft.server.snapshot.auto.trigger.threshold = 10000 (custom)
2019-09-25 05:16:45,131 [pool-47-thread-1] INFO  server.RaftServerConfigKeys (ConfUtils.java:logGet(43)) - raft.server.snapshot.retention.num.files = 5 (custom)
2019-09-25 05:16:45,131 [pool-47-thread-1] INFO  server.RaftServerConfigKeys (ConfUtils.java:logGet(43)) - raft.server.retrycache.expirytime = 600000ms (custom)
2019-09-25 05:16:45,134 [pool-47-thread-1] INFO  impl.RaftServerImpl (RaftServerImpl.java:start(185)) - ba8dde02-0af5-4216-bd1b-765be5e6f2f5@group-B97C2EA87818: start as a follower, conf=-1: [ba8dde02-0af5-4216-bd1b-765be5e6f2f5:192.168.164.207:33616], old=null
2019-09-25 05:16:45,134 [pool-47-thread-1] INFO  impl.RaftServerImpl (RaftServerImpl.java:setRole(174)) - ba8dde02-0af5-4216-bd1b-765be5e6f2f5@group-B97C2EA87818: changes role from      null to FOLLOWER at term 0 for startAsFollower
2019-09-25 05:16:45,134 [pool-47-thread-1] INFO  impl.RoleInfo (RoleInfo.java:updateAndGet(143)) - ba8dde02-0af5-4216-bd1b-765be5e6f2f5: start FollowerState
2019-09-25 05:16:45,134 [pool-47-thread-1] INFO  util.JmxRegister (JmxRegister.java:tryRegister(44)) - Successfully registered JMX Bean with object name Ratis:service=RaftServer,group=group-B97C2EA87818,id=ba8dde02-0af5-4216-bd1b-765be5e6f2f5
2019-09-25 05:16:45,143 [RatisPipelineUtilsThread] INFO  pipeline.PipelineStateManager (PipelineStateManager.java:addPipeline(56)) - Created pipeline Pipeline[ Id: 57816ffe-0b1d-483f-936c-b97c2ea87818, Nodes: ba8dde02-0af5-4216-bd1b-765be5e6f2f5{ip: 192.168.164.207, host: pr-hdds-1569-s44lr-3492059363, networkLocation: /default-rack, certSerialId: null}, Type:RATIS, Factor:ONE, State:OPEN]
2019-09-25 05:16:45,153 [grpc-default-executor-0] INFO  impl.RaftServerProxy (RaftServerProxy.java:addNew(89)) - 26f764fd-4d7b-4424-b7e8-447a1ed3b8ef: addNew group-FDB38CAEDD36:[26f764fd-4d7b-4424-b7e8-447a1ed3b8ef:192.168.164.207:40706] returns group-FDB38CAEDD36:java.util.concurrent.CompletableFuture@3f4e78ca[Not completed]
2019-09-25 05:16:45,154 [pool-27-thread-1] INFO  impl.RaftServerImpl (RaftServerImpl.java:<init>(95)) - 26f764fd-4d7b-4424-b7e8-447a1ed3b8ef: new RaftServerImpl for group-FDB38CAEDD36:[26f764fd-4d7b-4424-b7e8-447a1ed3b8ef:192.168.164.207:40706] with ContainerStateMachine:uninitialized
2019-09-25 05:16:45,154 [pool-27-thread-1] INFO  server.RaftServerConfigKeys (ConfUtils.java:logGet(43)) - raft.server.rpc.timeout.min = 5s (custom)
2019-09-25 05:16:45,154 [pool-27-thread-1] INFO  server.RaftServerConfigKeys (ConfUtils.java:logGet(43)) - raft.server.rpc.timeout.max = 5200ms (custom)
2019-09-25 05:16:45,154 [pool-27-thread-1] INFO  server.RaftServerConfigKeys (ConfUtils.java:logGet(43)) - raft.server.rpcslowness.timeout = 120s (custom)
2019-09-25 05:16:45,154 [pool-27-thread-1] INFO  server.RaftServerConfigKeys (ConfUtils.java:logGet(43)) - raft.server.sleep.deviation.threshold = 300 (default)
2019-09-25 05:16:45,154 [pool-27-thread-1] INFO  server.RaftServerConfigKeys (ConfUtils.java:logGet(43)) - raft.server.log.appender.install.snapshot.enabled = false (custom)
2019-09-25 05:16:45,155 [pool-27-thread-1] INFO  impl.RaftServerImpl (ServerState.java:<init>(103)) - 26f764fd-4d7b-4424-b7e8-447a1ed3b8ef@group-FDB38CAEDD36: ConfigurationManager, init=-1: [26f764fd-4d7b-4424-b7e8-447a1ed3b8ef:192.168.164.207:40706], old=null, confs=<EMPTY_MAP>
2019-09-25 05:16:45,155 [pool-27-thread-1] INFO  server.RaftServerConfigKeys (ConfUtils.java:logGet(43)) - raft.server.storage.dir = [/workdir/hadoop-ozone/integration-test/target/test-dir/MiniOzoneClusterImpl-61ea7bfd-f5dc-44df-9f38-4734a4a03623/datanode-0/data/ratis] (custom)
2019-09-25 05:16:45,155 [pool-27-thread-1] INFO  storage.RaftStorageDirectory (RaftStorageDirectory.java:analyzeStorage(246)) - The storage directory /workdir/hadoop-ozone/integration-test/target/test-dir/MiniOzoneClusterImpl-61ea7bfd-f5dc-44df-9f38-4734a4a03623/datanode-0/data/ratis/ece3c706-c9ba-4b1a-aa37-fdb38caedd36 does not exist. Creating ...
2019-09-25 05:16:45,168 [pool-27-thread-1] INFO  storage.RaftStorageDirectory (RaftStorageDirectory.java:tryLock(328)) - Lock on /workdir/hadoop-ozone/integration-test/target/test-dir/MiniOzoneClusterImpl-61ea7bfd-f5dc-44df-9f38-4734a4a03623/datanode-0/data/ratis/ece3c706-c9ba-4b1a-aa37-fdb38caedd36/in_use.lock acquired by nodename 10731@pr-hdds-1569-s44lr-3492059363
2019-09-25 05:16:45,180 [pool-27-thread-1] INFO  storage.RaftStorage (RaftStorage.java:format(72)) - Storage directory /workdir/hadoop-ozone/integration-test/target/test-dir/MiniOzoneClusterImpl-61ea7bfd-f5dc-44df-9f38-4734a4a03623/datanode-0/data/ratis/ece3c706-c9ba-4b1a-aa37-fdb38caedd36 has been successfully formatted.
2019-09-25 05:16:45,181 [pool-27-thread-1] INFO  ratis.ContainerStateMachine (ContainerStateMachine.java:loadSnapshot(230)) - group-FDB38CAEDD36: The snapshot info is null. Setting the last applied indexto:(t:0, i:~)
2019-09-25 05:16:45,181 [pool-27-thread-1] INFO  server.RaftServerConfigKeys (ConfUtils.java:logGet(43)) - raft.server.notification.no-leader.timeout = 120s (custom)
2019-09-25 05:16:45,181 [pool-27-thread-1] INFO  server.RaftServerConfigKeys (ConfUtils.java:logGet(43)) - raft.server.log.use.memory = false (default)
2019-09-25 05:16:45,181 [pool-27-thread-1] INFO  server.RaftServerConfigKeys (ConfUtils.java:logGet(43)) - raft.server.log.purge.gap = 1000000 (custom)
2019-09-25 05:16:45,181 [pool-27-thread-1] INFO  server.RaftServerConfigKeys (ConfUtils.java:logGet(43)) - raft.server.log.appender.buffer.byte-limit = 33554432 (custom)
2019-09-25 05:16:45,181 [pool-27-thread-1] INFO  server.RaftServerConfigKeys (ConfUtils.java:logGet(43)) - raft.server.log.segment.size.max = 1048576 (custom)
2019-09-25 05:16:45,181 [pool-27-thread-1] INFO  server.RaftServerConfigKeys (ConfUtils.java:logGet(43)) - raft.server.log.segment.cache.num.max = 2 (custom)
2019-09-25 05:16:45,181 [pool-27-thread-1] INFO  segmented.SegmentedRaftLogWorker (SegmentedRaftLogWorker.java:<init>(172)) - new 26f764fd-4d7b-4424-b7e8-447a1ed3b8ef@group-FDB38CAEDD36-SegmentedRaftLogWorker for RaftStorage:Storage Directory /workdir/hadoop-ozone/integration-test/target/test-dir/MiniOzoneClusterImpl-61ea7bfd-f5dc-44df-9f38-4734a4a03623/datanode-0/data/ratis/ece3c706-c9ba-4b1a-aa37-fdb38caedd36
2019-09-25 05:16:45,181 [pool-27-thread-1] INFO  server.RaftServerConfigKeys (ConfUtils.java:logGet(43)) - raft.server.log.queue.byte-limit = 2147483647 (custom)
2019-09-25 05:16:45,182 [pool-27-thread-1] INFO  server.RaftServerConfigKeys (ConfUtils.java:logGet(43)) - raft.server.log.queue.element-limit = 1024 (custom)
2019-09-25 05:16:45,182 [pool-27-thread-1] INFO  server.RaftServerConfigKeys (ConfUtils.java:logGet(43)) - raft.server.log.segment.size.max = 1048576 (custom)
2019-09-25 05:16:45,182 [pool-27-thread-1] INFO  server.RaftServerConfigKeys (ConfUtils.java:logGet(43)) - raft.server.log.preallocated.size = 16384 (custom)
2019-09-25 05:16:45,182 [pool-27-thread-1] INFO  server.RaftServerConfigKeys (ConfUtils.java:logGet(43)) - raft.server.log.write.buffer.size = 33554432 (custom)
2019-09-25 05:16:45,182 [pool-27-thread-1] INFO  server.RaftServerConfigKeys (ConfUtils.java:logGet(43)) - raft.server.log.force.sync.num = 128 (default)
2019-09-25 05:16:45,182 [pool-27-thread-1] INFO  server.RaftServerConfigKeys (ConfUtils.java:logGet(43)) - raft.server.log.statemachine.data.sync = true (default)
2019-09-25 05:16:45,182 [pool-27-thread-1] INFO  server.RaftServerConfigKeys (ConfUtils.java:logGet(43)) - raft.server.log.statemachine.data.sync.timeout = 10s (default)
2019-09-25 05:16:45,182 [pool-27-thread-1] INFO  server.RaftServerConfigKeys (ConfUtils.java:logGet(43)) - raft.server.log.statemachine.data.sync.timeout.retry = -1 (default)
2019-09-25 05:16:45,182 [pool-27-thread-1] INFO  server.RaftServerConfigKeys (ConfUtils.java:logGet(43)) - raft.server.log.statemachine.data.caching.enabled = true (custom)
2019-09-25 05:16:45,183 [pool-27-thread-1] INFO  segmented.SegmentedRaftLogWorker (SegmentedRaftLogWorker.java:lambda$new$0(132)) - 26f764fd-4d7b-4424-b7e8-447a1ed3b8ef@group-FDB38CAEDD36-SegmentedRaftLogWorker: flushIndex: setUnconditionally 0 -> -1
2019-09-25 05:16:45,183 [pool-27-thread-1] INFO  server.RaftServerConfigKeys (ConfUtils.java:logGet(43)) - raft.server.snapshot.auto.trigger.enabled = true (custom)
2019-09-25 05:16:45,183 [pool-27-thread-1] INFO  server.RaftServerConfigKeys (ConfUtils.java:logGet(43)) - raft.server.snapshot.auto.trigger.threshold = 10000 (custom)
2019-09-25 05:16:45,183 [pool-27-thread-1] INFO  server.RaftServerConfigKeys (ConfUtils.java:logGet(43)) - raft.server.snapshot.retention.num.files = 5 (custom)
2019-09-25 05:16:45,183 [pool-27-thread-1] INFO  server.RaftServerConfigKeys (ConfUtils.java:logGet(43)) - raft.server.retrycache.expirytime = 600000ms (custom)
2019-09-25 05:16:45,185 [pool-27-thread-1] INFO  impl.RaftServerImpl (RaftServerImpl.java:start(185)) - 26f764fd-4d7b-4424-b7e8-447a1ed3b8ef@group-FDB38CAEDD36: start as a follower, conf=-1: [26f764fd-4d7b-4424-b7e8-447a1ed3b8ef:192.168.164.207:40706], old=null
2019-09-25 05:16:45,185 [pool-27-thread-1] INFO  impl.RaftServerImpl (RaftServerImpl.java:setRole(174)) - 26f764fd-4d7b-4424-b7e8-447a1ed3b8ef@group-FDB38CAEDD36: changes role from      null to FOLLOWER at term 0 for startAsFollower
2019-09-25 05:16:45,185 [pool-27-thread-1] INFO  impl.RoleInfo (RoleInfo.java:updateAndGet(143)) - 26f764fd-4d7b-4424-b7e8-447a1ed3b8ef: start FollowerState
2019-09-25 05:16:45,186 [pool-27-thread-1] INFO  util.JmxRegister (JmxRegister.java:tryRegister(44)) - Successfully registered JMX Bean with object name Ratis:service=RaftServer,group=group-FDB38CAEDD36,id=26f764fd-4d7b-4424-b7e8-447a1ed3b8ef
2019-09-25 05:16:45,192 [RatisPipelineUtilsThread] INFO  pipeline.PipelineStateManager (PipelineStateManager.java:addPipeline(56)) - Created pipeline Pipeline[ Id: ece3c706-c9ba-4b1a-aa37-fdb38caedd36, Nodes: 26f764fd-4d7b-4424-b7e8-447a1ed3b8ef{ip: 192.168.164.207, host: pr-hdds-1569-s44lr-3492059363, networkLocation: /default-rack, certSerialId: null}, Type:RATIS, Factor:ONE, State:OPEN]
2019-09-25 05:16:45,193 [RatisPipelineUtilsThread] INFO  pipeline.PipelinePlacementPolicy (PipelinePlacementPolicy.java:meetCriteria(91)) - Pipeline Placement: can't place more pipeline on heavy datanode： 26f764fd-4d7b-4424-b7e8-447a1ed3b8ef Heaviness: 6 limit: 5
2019-09-25 05:16:45,203 [grpc-default-executor-0] INFO  impl.RaftServerProxy (RaftServerProxy.java:addNew(89)) - ba8dde02-0af5-4216-bd1b-765be5e6f2f5: addNew group-143710C08BF9:[ba8dde02-0af5-4216-bd1b-765be5e6f2f5:192.168.164.207:33616] returns group-143710C08BF9:java.util.concurrent.CompletableFuture@576647b2[Not completed]
2019-09-25 05:16:45,204 [pool-47-thread-1] INFO  impl.RaftServerImpl (RaftServerImpl.java:<init>(95)) - ba8dde02-0af5-4216-bd1b-765be5e6f2f5: new RaftServerImpl for group-143710C08BF9:[ba8dde02-0af5-4216-bd1b-765be5e6f2f5:192.168.164.207:33616] with ContainerStateMachine:uninitialized
2019-09-25 05:16:45,204 [pool-47-thread-1] INFO  server.RaftServerConfigKeys (ConfUtils.java:logGet(43)) - raft.server.rpc.timeout.min = 5s (custom)
2019-09-25 05:16:45,205 [pool-47-thread-1] INFO  server.RaftServerConfigKeys (ConfUtils.java:logGet(43)) - raft.server.rpc.timeout.max = 5200ms (custom)
2019-09-25 05:16:45,205 [pool-47-thread-1] INFO  server.RaftServerConfigKeys (ConfUtils.java:logGet(43)) - raft.server.rpcslowness.timeout = 120s (custom)
2019-09-25 05:16:45,205 [pool-47-thread-1] INFO  server.RaftServerConfigKeys (ConfUtils.java:logGet(43)) - raft.server.sleep.deviation.threshold = 300 (default)
2019-09-25 05:16:45,205 [pool-47-thread-1] INFO  server.RaftServerConfigKeys (ConfUtils.java:logGet(43)) - raft.server.log.appender.install.snapshot.enabled = false (custom)
2019-09-25 05:16:45,205 [pool-47-thread-1] INFO  impl.RaftServerImpl (ServerState.java:<init>(103)) - ba8dde02-0af5-4216-bd1b-765be5e6f2f5@group-143710C08BF9: ConfigurationManager, init=-1: [ba8dde02-0af5-4216-bd1b-765be5e6f2f5:192.168.164.207:33616], old=null, confs=<EMPTY_MAP>
2019-09-25 05:16:45,205 [pool-47-thread-1] INFO  server.RaftServerConfigKeys (ConfUtils.java:logGet(43)) - raft.server.storage.dir = [/workdir/hadoop-ozone/integration-test/target/test-dir/MiniOzoneClusterImpl-61ea7bfd-f5dc-44df-9f38-4734a4a03623/datanode-2/data/ratis] (custom)
2019-09-25 05:16:45,206 [pool-47-thread-1] INFO  storage.RaftStorageDirectory (RaftStorageDirectory.java:analyzeStorage(246)) - The storage directory /workdir/hadoop-ozone/integration-test/target/test-dir/MiniOzoneClusterImpl-61ea7bfd-f5dc-44df-9f38-4734a4a03623/datanode-2/data/ratis/93c591de-f55d-4d9a-8218-143710c08bf9 does not exist. Creating ...
2019-09-25 05:16:45,219 [pool-47-thread-1] INFO  storage.RaftStorageDirectory (RaftStorageDirectory.java:tryLock(328)) - Lock on /workdir/hadoop-ozone/integration-test/target/test-dir/MiniOzoneClusterImpl-61ea7bfd-f5dc-44df-9f38-4734a4a03623/datanode-2/data/ratis/93c591de-f55d-4d9a-8218-143710c08bf9/in_use.lock acquired by nodename 10731@pr-hdds-1569-s44lr-3492059363
2019-09-25 05:16:45,231 [pool-47-thread-1] INFO  storage.RaftStorage (RaftStorage.java:format(72)) - Storage directory /workdir/hadoop-ozone/integration-test/target/test-dir/MiniOzoneClusterImpl-61ea7bfd-f5dc-44df-9f38-4734a4a03623/datanode-2/data/ratis/93c591de-f55d-4d9a-8218-143710c08bf9 has been successfully formatted.
2019-09-25 05:16:45,231 [pool-47-thread-1] INFO  ratis.ContainerStateMachine (ContainerStateMachine.java:loadSnapshot(230)) - group-143710C08BF9: The snapshot info is null. Setting the last applied indexto:(t:0, i:~)
2019-09-25 05:16:45,232 [pool-47-thread-1] INFO  server.RaftServerConfigKeys (ConfUtils.java:logGet(43)) - raft.server.notification.no-leader.timeout = 120s (custom)
2019-09-25 05:16:45,232 [pool-47-thread-1] INFO  server.RaftServerConfigKeys (ConfUtils.java:logGet(43)) - raft.server.log.use.memory = false (default)
2019-09-25 05:16:45,232 [pool-47-thread-1] INFO  server.RaftServerConfigKeys (ConfUtils.java:logGet(43)) - raft.server.log.purge.gap = 1000000 (custom)
2019-09-25 05:16:45,232 [pool-47-thread-1] INFO  server.RaftServerConfigKeys (ConfUtils.java:logGet(43)) - raft.server.log.appender.buffer.byte-limit = 33554432 (custom)
2019-09-25 05:16:45,232 [pool-47-thread-1] INFO  server.RaftServerConfigKeys (ConfUtils.java:logGet(43)) - raft.server.log.segment.size.max = 1048576 (custom)
2019-09-25 05:16:45,232 [pool-47-thread-1] INFO  server.RaftServerConfigKeys (ConfUtils.java:logGet(43)) - raft.server.log.segment.cache.num.max = 2 (custom)
2019-09-25 05:16:45,232 [pool-47-thread-1] INFO  segmented.SegmentedRaftLogWorker (SegmentedRaftLogWorker.java:<init>(172)) - new ba8dde02-0af5-4216-bd1b-765be5e6f2f5@group-143710C08BF9-SegmentedRaftLogWorker for RaftStorage:Storage Directory /workdir/hadoop-ozone/integration-test/target/test-dir/MiniOzoneClusterImpl-61ea7bfd-f5dc-44df-9f38-4734a4a03623/datanode-2/data/ratis/93c591de-f55d-4d9a-8218-143710c08bf9
2019-09-25 05:16:45,233 [pool-47-thread-1] INFO  server.RaftServerConfigKeys (ConfUtils.java:logGet(43)) - raft.server.log.queue.byte-limit = 2147483647 (custom)
2019-09-25 05:16:45,233 [pool-47-thread-1] INFO  server.RaftServerConfigKeys (ConfUtils.java:logGet(43)) - raft.server.log.queue.element-limit = 1024 (custom)
2019-09-25 05:16:45,233 [pool-47-thread-1] INFO  server.RaftServerConfigKeys (ConfUtils.java:logGet(43)) - raft.server.log.segment.size.max = 1048576 (custom)
2019-09-25 05:16:45,233 [pool-47-thread-1] INFO  server.RaftServerConfigKeys (ConfUtils.java:logGet(43)) - raft.server.log.preallocated.size = 16384 (custom)
2019-09-25 05:16:45,233 [pool-47-thread-1] INFO  server.RaftServerConfigKeys (ConfUtils.java:logGet(43)) - raft.server.log.write.buffer.size = 33554432 (custom)
2019-09-25 05:16:45,233 [pool-47-thread-1] INFO  server.RaftServerConfigKeys (ConfUtils.java:logGet(43)) - raft.server.log.force.sync.num = 128 (default)
2019-09-25 05:16:45,234 [pool-47-thread-1] INFO  server.RaftServerConfigKeys (ConfUtils.java:logGet(43)) - raft.server.log.statemachine.data.sync = true (default)
2019-09-25 05:16:45,234 [pool-47-thread-1] INFO  server.RaftServerConfigKeys (ConfUtils.java:logGet(43)) - raft.server.log.statemachine.data.sync.timeout = 10s (default)
2019-09-25 05:16:45,234 [pool-47-thread-1] INFO  server.RaftServerConfigKeys (ConfUtils.java:logGet(43)) - raft.server.log.statemachine.data.sync.timeout.retry = -1 (default)
2019-09-25 05:16:45,234 [pool-47-thread-1] INFO  server.RaftServerConfigKeys (ConfUtils.java:logGet(43)) - raft.server.log.statemachine.data.caching.enabled = true (custom)
2019-09-25 05:16:45,234 [pool-47-thread-1] INFO  segmented.SegmentedRaftLogWorker (SegmentedRaftLogWorker.java:lambda$new$0(132)) - ba8dde02-0af5-4216-bd1b-765be5e6f2f5@group-143710C08BF9-SegmentedRaftLogWorker: flushIndex: setUnconditionally 0 -> -1
2019-09-25 05:16:45,234 [pool-47-thread-1] INFO  server.RaftServerConfigKeys (ConfUtils.java:logGet(43)) - raft.server.snapshot.auto.trigger.enabled = true (custom)
2019-09-25 05:16:45,235 [pool-47-thread-1] INFO  server.RaftServerConfigKeys (ConfUtils.java:logGet(43)) - raft.server.snapshot.auto.trigger.threshold = 10000 (custom)
2019-09-25 05:16:45,235 [pool-47-thread-1] INFO  server.RaftServerConfigKeys (ConfUtils.java:logGet(43)) - raft.server.snapshot.retention.num.files = 5 (custom)
2019-09-25 05:16:45,235 [pool-47-thread-1] INFO  server.RaftServerConfigKeys (ConfUtils.java:logGet(43)) - raft.server.retrycache.expirytime = 600000ms (custom)
2019-09-25 05:16:45,237 [pool-47-thread-1] INFO  impl.RaftServerImpl (RaftServerImpl.java:start(185)) - ba8dde02-0af5-4216-bd1b-765be5e6f2f5@group-143710C08BF9: start as a follower, conf=-1: [ba8dde02-0af5-4216-bd1b-765be5e6f2f5:192.168.164.207:33616], old=null
2019-09-25 05:16:45,237 [pool-47-thread-1] INFO  impl.RaftServerImpl (RaftServerImpl.java:setRole(174)) - ba8dde02-0af5-4216-bd1b-765be5e6f2f5@group-143710C08BF9: changes role from      null to FOLLOWER at term 0 for startAsFollower
2019-09-25 05:16:45,237 [pool-47-thread-1] INFO  impl.RoleInfo (RoleInfo.java:updateAndGet(143)) - ba8dde02-0af5-4216-bd1b-765be5e6f2f5: start FollowerState
2019-09-25 05:16:45,237 [pool-47-thread-1] INFO  util.JmxRegister (JmxRegister.java:tryRegister(44)) - Successfully registered JMX Bean with object name Ratis:service=RaftServer,group=group-143710C08BF9,id=ba8dde02-0af5-4216-bd1b-765be5e6f2f5
2019-09-25 05:16:45,243 [RatisPipelineUtilsThread] INFO  pipeline.PipelineStateManager (PipelineStateManager.java:addPipeline(56)) - Created pipeline Pipeline[ Id: 93c591de-f55d-4d9a-8218-143710c08bf9, Nodes: ba8dde02-0af5-4216-bd1b-765be5e6f2f5{ip: 192.168.164.207, host: pr-hdds-1569-s44lr-3492059363, networkLocation: /default-rack, certSerialId: null}, Type:RATIS, Factor:ONE, State:OPEN]
2019-09-25 05:16:45,243 [RatisPipelineUtilsThread] INFO  pipeline.PipelinePlacementPolicy (PipelinePlacementPolicy.java:meetCriteria(91)) - Pipeline Placement: can't place more pipeline on heavy datanode： 26f764fd-4d7b-4424-b7e8-447a1ed3b8ef Heaviness: 6 limit: 5
2019-09-25 05:16:45,254 [grpc-default-executor-0] INFO  impl.RaftServerProxy (RaftServerProxy.java:addNew(89)) - ff9cca32-4485-4042-a2cf-de046efe7856: addNew group-75EB295653A3:[ff9cca32-4485-4042-a2cf-de046efe7856:192.168.164.207:41669] returns group-75EB295653A3:java.util.concurrent.CompletableFuture@1e484529[Not completed]
2019-09-25 05:16:45,255 [pool-37-thread-1] INFO  impl.RaftServerImpl (RaftServerImpl.java:<init>(95)) - ff9cca32-4485-4042-a2cf-de046efe7856: new RaftServerImpl for group-75EB295653A3:[ff9cca32-4485-4042-a2cf-de046efe7856:192.168.164.207:41669] with ContainerStateMachine:uninitialized
2019-09-25 05:16:45,255 [pool-37-thread-1] INFO  server.RaftServerConfigKeys (ConfUtils.java:logGet(43)) - raft.server.rpc.timeout.min = 5s (custom)
2019-09-25 05:16:45,256 [pool-37-thread-1] INFO  server.RaftServerConfigKeys (ConfUtils.java:logGet(43)) - raft.server.rpc.timeout.max = 5200ms (custom)
2019-09-25 05:16:45,256 [pool-37-thread-1] INFO  server.RaftServerConfigKeys (ConfUtils.java:logGet(43)) - raft.server.rpcslowness.timeout = 120s (custom)
2019-09-25 05:16:45,256 [pool-37-thread-1] INFO  server.RaftServerConfigKeys (ConfUtils.java:logGet(43)) - raft.server.sleep.deviation.threshold = 300 (default)
2019-09-25 05:16:45,256 [pool-37-thread-1] INFO  server.RaftServerConfigKeys (ConfUtils.java:logGet(43)) - raft.server.log.appender.install.snapshot.enabled = false (custom)
2019-09-25 05:16:45,256 [pool-37-thread-1] INFO  impl.RaftServerImpl (ServerState.java:<init>(103)) - ff9cca32-4485-4042-a2cf-de046efe7856@group-75EB295653A3: ConfigurationManager, init=-1: [ff9cca32-4485-4042-a2cf-de046efe7856:192.168.164.207:41669], old=null, confs=<EMPTY_MAP>
2019-09-25 05:16:45,256 [pool-37-thread-1] INFO  server.RaftServerConfigKeys (ConfUtils.java:logGet(43)) - raft.server.storage.dir = [/workdir/hadoop-ozone/integration-test/target/test-dir/MiniOzoneClusterImpl-61ea7bfd-f5dc-44df-9f38-4734a4a03623/datanode-1/data/ratis] (custom)
2019-09-25 05:16:45,257 [pool-37-thread-1] INFO  storage.RaftStorageDirectory (RaftStorageDirectory.java:analyzeStorage(246)) - The storage directory /workdir/hadoop-ozone/integration-test/target/test-dir/MiniOzoneClusterImpl-61ea7bfd-f5dc-44df-9f38-4734a4a03623/datanode-1/data/ratis/5cc393f7-6435-4a10-8d74-75eb295653a3 does not exist. Creating ...
2019-09-25 05:16:45,269 [pool-37-thread-1] INFO  storage.RaftStorageDirectory (RaftStorageDirectory.java:tryLock(328)) - Lock on /workdir/hadoop-ozone/integration-test/target/test-dir/MiniOzoneClusterImpl-61ea7bfd-f5dc-44df-9f38-4734a4a03623/datanode-1/data/ratis/5cc393f7-6435-4a10-8d74-75eb295653a3/in_use.lock acquired by nodename 10731@pr-hdds-1569-s44lr-3492059363
2019-09-25 05:16:45,294 [pool-37-thread-1] INFO  storage.RaftStorage (RaftStorage.java:format(72)) - Storage directory /workdir/hadoop-ozone/integration-test/target/test-dir/MiniOzoneClusterImpl-61ea7bfd-f5dc-44df-9f38-4734a4a03623/datanode-1/data/ratis/5cc393f7-6435-4a10-8d74-75eb295653a3 has been successfully formatted.
2019-09-25 05:16:45,295 [pool-37-thread-1] INFO  ratis.ContainerStateMachine (ContainerStateMachine.java:loadSnapshot(230)) - group-75EB295653A3: The snapshot info is null. Setting the last applied indexto:(t:0, i:~)
2019-09-25 05:16:45,295 [pool-37-thread-1] INFO  server.RaftServerConfigKeys (ConfUtils.java:logGet(43)) - raft.server.notification.no-leader.timeout = 120s (custom)
2019-09-25 05:16:45,295 [pool-37-thread-1] INFO  server.RaftServerConfigKeys (ConfUtils.java:logGet(43)) - raft.server.log.use.memory = false (default)
2019-09-25 05:16:45,295 [pool-37-thread-1] INFO  server.RaftServerConfigKeys (ConfUtils.java:logGet(43)) - raft.server.log.purge.gap = 1000000 (custom)
2019-09-25 05:16:45,295 [pool-37-thread-1] INFO  server.RaftServerConfigKeys (ConfUtils.java:logGet(43)) - raft.server.log.appender.buffer.byte-limit = 33554432 (custom)
2019-09-25 05:16:45,296 [pool-37-thread-1] INFO  server.RaftServerConfigKeys (ConfUtils.java:logGet(43)) - raft.server.log.segment.size.max = 1048576 (custom)
2019-09-25 05:16:45,296 [pool-37-thread-1] INFO  server.RaftServerConfigKeys (ConfUtils.java:logGet(43)) - raft.server.log.segment.cache.num.max = 2 (custom)
2019-09-25 05:16:45,296 [pool-37-thread-1] INFO  segmented.SegmentedRaftLogWorker (SegmentedRaftLogWorker.java:<init>(172)) - new ff9cca32-4485-4042-a2cf-de046efe7856@group-75EB295653A3-SegmentedRaftLogWorker for RaftStorage:Storage Directory /workdir/hadoop-ozone/integration-test/target/test-dir/MiniOzoneClusterImpl-61ea7bfd-f5dc-44df-9f38-4734a4a03623/datanode-1/data/ratis/5cc393f7-6435-4a10-8d74-75eb295653a3
2019-09-25 05:16:45,296 [pool-37-thread-1] INFO  server.RaftServerConfigKeys (ConfUtils.java:logGet(43)) - raft.server.log.queue.byte-limit = 2147483647 (custom)
2019-09-25 05:16:45,296 [pool-37-thread-1] INFO  server.RaftServerConfigKeys (ConfUtils.java:logGet(43)) - raft.server.log.queue.element-limit = 1024 (custom)
2019-09-25 05:16:45,296 [pool-37-thread-1] INFO  server.RaftServerConfigKeys (ConfUtils.java:logGet(43)) - raft.server.log.segment.size.max = 1048576 (custom)
2019-09-25 05:16:45,296 [pool-37-thread-1] INFO  server.RaftServerConfigKeys (ConfUtils.java:logGet(43)) - raft.server.log.preallocated.size = 16384 (custom)
2019-09-25 05:16:45,297 [pool-37-thread-1] INFO  server.RaftServerConfigKeys (ConfUtils.java:logGet(43)) - raft.server.log.write.buffer.size = 33554432 (custom)
2019-09-25 05:16:45,297 [pool-37-thread-1] INFO  server.RaftServerConfigKeys (ConfUtils.java:logGet(43)) - raft.server.log.force.sync.num = 128 (default)
2019-09-25 05:16:45,297 [pool-37-thread-1] INFO  server.RaftServerConfigKeys (ConfUtils.java:logGet(43)) - raft.server.log.statemachine.data.sync = true (default)
2019-09-25 05:16:45,297 [pool-37-thread-1] INFO  server.RaftServerConfigKeys (ConfUtils.java:logGet(43)) - raft.server.log.statemachine.data.sync.timeout = 10s (default)
2019-09-25 05:16:45,297 [pool-37-thread-1] INFO  server.RaftServerConfigKeys (ConfUtils.java:logGet(43)) - raft.server.log.statemachine.data.sync.timeout.retry = -1 (default)
2019-09-25 05:16:45,297 [pool-37-thread-1] INFO  server.RaftServerConfigKeys (ConfUtils.java:logGet(43)) - raft.server.log.statemachine.data.caching.enabled = true (custom)
2019-09-25 05:16:45,298 [pool-37-thread-1] INFO  segmented.SegmentedRaftLogWorker (SegmentedRaftLogWorker.java:lambda$new$0(132)) - ff9cca32-4485-4042-a2cf-de046efe7856@group-75EB295653A3-SegmentedRaftLogWorker: flushIndex: setUnconditionally 0 -> -1
2019-09-25 05:16:45,298 [pool-37-thread-1] INFO  server.RaftServerConfigKeys (ConfUtils.java:logGet(43)) - raft.server.snapshot.auto.trigger.enabled = true (custom)
2019-09-25 05:16:45,298 [pool-37-thread-1] INFO  server.RaftServerConfigKeys (ConfUtils.java:logGet(43)) - raft.server.snapshot.auto.trigger.threshold = 10000 (custom)
2019-09-25 05:16:45,298 [pool-37-thread-1] INFO  server.RaftServerConfigKeys (ConfUtils.java:logGet(43)) - raft.server.snapshot.retention.num.files = 5 (custom)
2019-09-25 05:16:45,298 [pool-37-thread-1] INFO  server.RaftServerConfigKeys (ConfUtils.java:logGet(43)) - raft.server.retrycache.expirytime = 600000ms (custom)
2019-09-25 05:16:45,301 [pool-37-thread-1] INFO  impl.RaftServerImpl (RaftServerImpl.java:start(185)) - ff9cca32-4485-4042-a2cf-de046efe7856@group-75EB295653A3: start as a follower, conf=-1: [ff9cca32-4485-4042-a2cf-de046efe7856:192.168.164.207:41669], old=null
2019-09-25 05:16:45,301 [pool-37-thread-1] INFO  impl.RaftServerImpl (RaftServerImpl.java:setRole(174)) - ff9cca32-4485-4042-a2cf-de046efe7856@group-75EB295653A3: changes role from      null to FOLLOWER at term 0 for startAsFollower
2019-09-25 05:16:45,301 [pool-37-thread-1] INFO  impl.RoleInfo (RoleInfo.java:updateAndGet(143)) - ff9cca32-4485-4042-a2cf-de046efe7856: start FollowerState
2019-09-25 05:16:45,301 [pool-37-thread-1] INFO  util.JmxRegister (JmxRegister.java:tryRegister(44)) - Successfully registered JMX Bean with object name Ratis:service=RaftServer,group=group-75EB295653A3,id=ff9cca32-4485-4042-a2cf-de046efe7856
2019-09-25 05:16:45,309 [RatisPipelineUtilsThread] INFO  pipeline.PipelineStateManager (PipelineStateManager.java:addPipeline(56)) - Created pipeline Pipeline[ Id: 5cc393f7-6435-4a10-8d74-75eb295653a3, Nodes: ff9cca32-4485-4042-a2cf-de046efe7856{ip: 192.168.164.207, host: pr-hdds-1569-s44lr-3492059363, networkLocation: /default-rack, certSerialId: null}, Type:RATIS, Factor:ONE, State:OPEN]
2019-09-25 05:16:45,310 [RatisPipelineUtilsThread] INFO  pipeline.PipelinePlacementPolicy (PipelinePlacementPolicy.java:meetCriteria(91)) - Pipeline Placement: can't place more pipeline on heavy datanode： 26f764fd-4d7b-4424-b7e8-447a1ed3b8ef Heaviness: 6 limit: 5
2019-09-25 05:16:45,318 [grpc-default-executor-0] INFO  impl.RaftServerProxy (RaftServerProxy.java:addNew(89)) - ba8dde02-0af5-4216-bd1b-765be5e6f2f5: addNew group-3C212777812F:[ba8dde02-0af5-4216-bd1b-765be5e6f2f5:192.168.164.207:33616] returns group-3C212777812F:java.util.concurrent.CompletableFuture@119adac8[Not completed]
2019-09-25 05:16:45,319 [pool-47-thread-1] INFO  impl.RaftServerImpl (RaftServerImpl.java:<init>(95)) - ba8dde02-0af5-4216-bd1b-765be5e6f2f5: new RaftServerImpl for group-3C212777812F:[ba8dde02-0af5-4216-bd1b-765be5e6f2f5:192.168.164.207:33616] with ContainerStateMachine:uninitialized
2019-09-25 05:16:45,319 [pool-47-thread-1] INFO  server.RaftServerConfigKeys (ConfUtils.java:logGet(43)) - raft.server.rpc.timeout.min = 5s (custom)
2019-09-25 05:16:45,319 [pool-47-thread-1] INFO  server.RaftServerConfigKeys (ConfUtils.java:logGet(43)) - raft.server.rpc.timeout.max = 5200ms (custom)
2019-09-25 05:16:45,319 [pool-47-thread-1] INFO  server.RaftServerConfigKeys (ConfUtils.java:logGet(43)) - raft.server.rpcslowness.timeout = 120s (custom)
2019-09-25 05:16:45,319 [pool-47-thread-1] INFO  server.RaftServerConfigKeys (ConfUtils.java:logGet(43)) - raft.server.sleep.deviation.threshold = 300 (default)
2019-09-25 05:16:45,319 [pool-47-thread-1] INFO  server.RaftServerConfigKeys (ConfUtils.java:logGet(43)) - raft.server.log.appender.install.snapshot.enabled = false (custom)
2019-09-25 05:16:45,319 [pool-47-thread-1] INFO  impl.RaftServerImpl (ServerState.java:<init>(103)) - ba8dde02-0af5-4216-bd1b-765be5e6f2f5@group-3C212777812F: ConfigurationManager, init=-1: [ba8dde02-0af5-4216-bd1b-765be5e6f2f5:192.168.164.207:33616], old=null, confs=<EMPTY_MAP>
2019-09-25 05:16:45,319 [pool-47-thread-1] INFO  server.RaftServerConfigKeys (ConfUtils.java:logGet(43)) - raft.server.storage.dir = [/workdir/hadoop-ozone/integration-test/target/test-dir/MiniOzoneClusterImpl-61ea7bfd-f5dc-44df-9f38-4734a4a03623/datanode-2/data/ratis] (custom)
2019-09-25 05:16:45,320 [pool-47-thread-1] INFO  storage.RaftStorageDirectory (RaftStorageDirectory.java:analyzeStorage(246)) - The storage directory /workdir/hadoop-ozone/integration-test/target/test-dir/MiniOzoneClusterImpl-61ea7bfd-f5dc-44df-9f38-4734a4a03623/datanode-2/data/ratis/07913210-7468-471f-a682-3c212777812f does not exist. Creating ...
2019-09-25 05:16:45,333 [pool-47-thread-1] INFO  storage.RaftStorageDirectory (RaftStorageDirectory.java:tryLock(328)) - Lock on /workdir/hadoop-ozone/integration-test/target/test-dir/MiniOzoneClusterImpl-61ea7bfd-f5dc-44df-9f38-4734a4a03623/datanode-2/data/ratis/07913210-7468-471f-a682-3c212777812f/in_use.lock acquired by nodename 10731@pr-hdds-1569-s44lr-3492059363
2019-09-25 05:16:45,346 [pool-47-thread-1] INFO  storage.RaftStorage (RaftStorage.java:format(72)) - Storage directory /workdir/hadoop-ozone/integration-test/target/test-dir/MiniOzoneClusterImpl-61ea7bfd-f5dc-44df-9f38-4734a4a03623/datanode-2/data/ratis/07913210-7468-471f-a682-3c212777812f has been successfully formatted.
2019-09-25 05:16:45,346 [pool-47-thread-1] INFO  ratis.ContainerStateMachine (ContainerStateMachine.java:loadSnapshot(230)) - group-3C212777812F: The snapshot info is null. Setting the last applied indexto:(t:0, i:~)
2019-09-25 05:16:45,346 [pool-47-thread-1] INFO  server.RaftServerConfigKeys (ConfUtils.java:logGet(43)) - raft.server.notification.no-leader.timeout = 120s (custom)
2019-09-25 05:16:45,347 [pool-47-thread-1] INFO  server.RaftServerConfigKeys (ConfUtils.java:logGet(43)) - raft.server.log.use.memory = false (default)
2019-09-25 05:16:45,347 [pool-47-thread-1] INFO  server.RaftServerConfigKeys (ConfUtils.java:logGet(43)) - raft.server.log.purge.gap = 1000000 (custom)
2019-09-25 05:16:45,347 [pool-47-thread-1] INFO  server.RaftServerConfigKeys (ConfUtils.java:logGet(43)) - raft.server.log.appender.buffer.byte-limit = 33554432 (custom)
2019-09-25 05:16:45,347 [pool-47-thread-1] INFO  server.RaftServerConfigKeys (ConfUtils.java:logGet(43)) - raft.server.log.segment.size.max = 1048576 (custom)
2019-09-25 05:16:45,347 [pool-47-thread-1] INFO  server.RaftServerConfigKeys (ConfUtils.java:logGet(43)) - raft.server.log.segment.cache.num.max = 2 (custom)
2019-09-25 05:16:45,347 [pool-47-thread-1] INFO  segmented.SegmentedRaftLogWorker (SegmentedRaftLogWorker.java:<init>(172)) - new ba8dde02-0af5-4216-bd1b-765be5e6f2f5@group-3C212777812F-SegmentedRaftLogWorker for RaftStorage:Storage Directory /workdir/hadoop-ozone/integration-test/target/test-dir/MiniOzoneClusterImpl-61ea7bfd-f5dc-44df-9f38-4734a4a03623/datanode-2/data/ratis/07913210-7468-471f-a682-3c212777812f
2019-09-25 05:16:45,347 [pool-47-thread-1] INFO  server.RaftServerConfigKeys (ConfUtils.java:logGet(43)) - raft.server.log.queue.byte-limit = 2147483647 (custom)
2019-09-25 05:16:45,347 [pool-47-thread-1] INFO  server.RaftServerConfigKeys (ConfUtils.java:logGet(43)) - raft.server.log.queue.element-limit = 1024 (custom)
2019-09-25 05:16:45,347 [pool-47-thread-1] INFO  server.RaftServerConfigKeys (ConfUtils.java:logGet(43)) - raft.server.log.segment.size.max = 1048576 (custom)
2019-09-25 05:16:45,348 [pool-47-thread-1] INFO  server.RaftServerConfigKeys (ConfUtils.java:logGet(43)) - raft.server.log.preallocated.size = 16384 (custom)
2019-09-25 05:16:45,348 [pool-47-thread-1] INFO  server.RaftServerConfigKeys (ConfUtils.java:logGet(43)) - raft.server.log.write.buffer.size = 33554432 (custom)
2019-09-25 05:16:45,348 [pool-47-thread-1] INFO  server.RaftServerConfigKeys (ConfUtils.java:logGet(43)) - raft.server.log.force.sync.num = 128 (default)
2019-09-25 05:16:45,348 [pool-47-thread-1] INFO  server.RaftServerConfigKeys (ConfUtils.java:logGet(43)) - raft.server.log.statemachine.data.sync = true (default)
2019-09-25 05:16:45,348 [pool-47-thread-1] INFO  server.RaftServerConfigKeys (ConfUtils.java:logGet(43)) - raft.server.log.statemachine.data.sync.timeout = 10s (default)
2019-09-25 05:16:45,348 [pool-47-thread-1] INFO  server.RaftServerConfigKeys (ConfUtils.java:logGet(43)) - raft.server.log.statemachine.data.sync.timeout.retry = -1 (default)
2019-09-25 05:16:45,348 [pool-47-thread-1] INFO  server.RaftServerConfigKeys (ConfUtils.java:logGet(43)) - raft.server.log.statemachine.data.caching.enabled = true (custom)
2019-09-25 05:16:45,348 [pool-47-thread-1] INFO  segmented.SegmentedRaftLogWorker (SegmentedRaftLogWorker.java:lambda$new$0(132)) - ba8dde02-0af5-4216-bd1b-765be5e6f2f5@group-3C212777812F-SegmentedRaftLogWorker: flushIndex: setUnconditionally 0 -> -1
2019-09-25 05:16:45,349 [pool-47-thread-1] INFO  server.RaftServerConfigKeys (ConfUtils.java:logGet(43)) - raft.server.snapshot.auto.trigger.enabled = true (custom)
2019-09-25 05:16:45,349 [pool-47-thread-1] INFO  server.RaftServerConfigKeys (ConfUtils.java:logGet(43)) - raft.server.snapshot.auto.trigger.threshold = 10000 (custom)
2019-09-25 05:16:45,349 [pool-47-thread-1] INFO  server.RaftServerConfigKeys (ConfUtils.java:logGet(43)) - raft.server.snapshot.retention.num.files = 5 (custom)
2019-09-25 05:16:45,349 [pool-47-thread-1] INFO  server.RaftServerConfigKeys (ConfUtils.java:logGet(43)) - raft.server.retrycache.expirytime = 600000ms (custom)
2019-09-25 05:16:45,351 [pool-47-thread-1] INFO  impl.RaftServerImpl (RaftServerImpl.java:start(185)) - ba8dde02-0af5-4216-bd1b-765be5e6f2f5@group-3C212777812F: start as a follower, conf=-1: [ba8dde02-0af5-4216-bd1b-765be5e6f2f5:192.168.164.207:33616], old=null
2019-09-25 05:16:45,351 [pool-47-thread-1] INFO  impl.RaftServerImpl (RaftServerImpl.java:setRole(174)) - ba8dde02-0af5-4216-bd1b-765be5e6f2f5@group-3C212777812F: changes role from      null to FOLLOWER at term 0 for startAsFollower
2019-09-25 05:16:45,351 [pool-47-thread-1] INFO  impl.RoleInfo (RoleInfo.java:updateAndGet(143)) - ba8dde02-0af5-4216-bd1b-765be5e6f2f5: start FollowerState
2019-09-25 05:16:45,351 [pool-47-thread-1] INFO  util.JmxRegister (JmxRegister.java:tryRegister(44)) - Successfully registered JMX Bean with object name Ratis:service=RaftServer,group=group-3C212777812F,id=ba8dde02-0af5-4216-bd1b-765be5e6f2f5
2019-09-25 05:16:45,358 [RatisPipelineUtilsThread] INFO  pipeline.PipelineStateManager (PipelineStateManager.java:addPipeline(56)) - Created pipeline Pipeline[ Id: 07913210-7468-471f-a682-3c212777812f, Nodes: ba8dde02-0af5-4216-bd1b-765be5e6f2f5{ip: 192.168.164.207, host: pr-hdds-1569-s44lr-3492059363, networkLocation: /default-rack, certSerialId: null}, Type:RATIS, Factor:ONE, State:OPEN]
2019-09-25 05:16:45,358 [RatisPipelineUtilsThread] INFO  pipeline.PipelinePlacementPolicy (PipelinePlacementPolicy.java:meetCriteria(91)) - Pipeline Placement: can't place more pipeline on heavy datanode： 26f764fd-4d7b-4424-b7e8-447a1ed3b8ef Heaviness: 6 limit: 5
2019-09-25 05:16:45,367 [grpc-default-executor-0] INFO  impl.RaftServerProxy (RaftServerProxy.java:addNew(89)) - ff9cca32-4485-4042-a2cf-de046efe7856: addNew group-86F0D5E62B14:[ff9cca32-4485-4042-a2cf-de046efe7856:192.168.164.207:41669] returns group-86F0D5E62B14:java.util.concurrent.CompletableFuture@78627ff1[Not completed]
2019-09-25 05:16:45,368 [pool-37-thread-1] INFO  impl.RaftServerImpl (RaftServerImpl.java:<init>(95)) - ff9cca32-4485-4042-a2cf-de046efe7856: new RaftServerImpl for group-86F0D5E62B14:[ff9cca32-4485-4042-a2cf-de046efe7856:192.168.164.207:41669] with ContainerStateMachine:uninitialized
2019-09-25 05:16:45,368 [pool-37-thread-1] INFO  server.RaftServerConfigKeys (ConfUtils.java:logGet(43)) - raft.server.rpc.timeout.min = 5s (custom)
2019-09-25 05:16:45,369 [pool-37-thread-1] INFO  server.RaftServerConfigKeys (ConfUtils.java:logGet(43)) - raft.server.rpc.timeout.max = 5200ms (custom)
2019-09-25 05:16:45,369 [pool-37-thread-1] INFO  server.RaftServerConfigKeys (ConfUtils.java:logGet(43)) - raft.server.rpcslowness.timeout = 120s (custom)
2019-09-25 05:16:45,369 [pool-37-thread-1] INFO  server.RaftServerConfigKeys (ConfUtils.java:logGet(43)) - raft.server.sleep.deviation.threshold = 300 (default)
2019-09-25 05:16:45,369 [pool-37-thread-1] INFO  server.RaftServerConfigKeys (ConfUtils.java:logGet(43)) - raft.server.log.appender.install.snapshot.enabled = false (custom)
2019-09-25 05:16:45,369 [pool-37-thread-1] INFO  impl.RaftServerImpl (ServerState.java:<init>(103)) - ff9cca32-4485-4042-a2cf-de046efe7856@group-86F0D5E62B14: ConfigurationManager, init=-1: [ff9cca32-4485-4042-a2cf-de046efe7856:192.168.164.207:41669], old=null, confs=<EMPTY_MAP>
2019-09-25 05:16:45,369 [pool-37-thread-1] INFO  server.RaftServerConfigKeys (ConfUtils.java:logGet(43)) - raft.server.storage.dir = [/workdir/hadoop-ozone/integration-test/target/test-dir/MiniOzoneClusterImpl-61ea7bfd-f5dc-44df-9f38-4734a4a03623/datanode-1/data/ratis] (custom)
2019-09-25 05:16:45,369 [pool-37-thread-1] INFO  storage.RaftStorageDirectory (RaftStorageDirectory.java:analyzeStorage(246)) - The storage directory /workdir/hadoop-ozone/integration-test/target/test-dir/MiniOzoneClusterImpl-61ea7bfd-f5dc-44df-9f38-4734a4a03623/datanode-1/data/ratis/045cb1d1-5eb0-401e-83fa-86f0d5e62b14 does not exist. Creating ...
2019-09-25 05:16:45,382 [pool-37-thread-1] INFO  storage.RaftStorageDirectory (RaftStorageDirectory.java:tryLock(328)) - Lock on /workdir/hadoop-ozone/integration-test/target/test-dir/MiniOzoneClusterImpl-61ea7bfd-f5dc-44df-9f38-4734a4a03623/datanode-1/data/ratis/045cb1d1-5eb0-401e-83fa-86f0d5e62b14/in_use.lock acquired by nodename 10731@pr-hdds-1569-s44lr-3492059363
2019-09-25 05:16:45,395 [pool-37-thread-1] INFO  storage.RaftStorage (RaftStorage.java:format(72)) - Storage directory /workdir/hadoop-ozone/integration-test/target/test-dir/MiniOzoneClusterImpl-61ea7bfd-f5dc-44df-9f38-4734a4a03623/datanode-1/data/ratis/045cb1d1-5eb0-401e-83fa-86f0d5e62b14 has been successfully formatted.
2019-09-25 05:16:45,395 [pool-37-thread-1] INFO  ratis.ContainerStateMachine (ContainerStateMachine.java:loadSnapshot(230)) - group-86F0D5E62B14: The snapshot info is null. Setting the last applied indexto:(t:0, i:~)
2019-09-25 05:16:45,395 [pool-37-thread-1] INFO  server.RaftServerConfigKeys (ConfUtils.java:logGet(43)) - raft.server.notification.no-leader.timeout = 120s (custom)
2019-09-25 05:16:45,396 [pool-37-thread-1] INFO  server.RaftServerConfigKeys (ConfUtils.java:logGet(43)) - raft.server.log.use.memory = false (default)
2019-09-25 05:16:45,396 [pool-37-thread-1] INFO  server.RaftServerConfigKeys (ConfUtils.java:logGet(43)) - raft.server.log.purge.gap = 1000000 (custom)
2019-09-25 05:16:45,396 [pool-37-thread-1] INFO  server.RaftServerConfigKeys (ConfUtils.java:logGet(43)) - raft.server.log.appender.buffer.byte-limit = 33554432 (custom)
2019-09-25 05:16:45,396 [pool-37-thread-1] INFO  server.RaftServerConfigKeys (ConfUtils.java:logGet(43)) - raft.server.log.segment.size.max = 1048576 (custom)
2019-09-25 05:16:45,396 [pool-37-thread-1] INFO  server.RaftServerConfigKeys (ConfUtils.java:logGet(43)) - raft.server.log.segment.cache.num.max = 2 (custom)
2019-09-25 05:16:45,396 [pool-37-thread-1] INFO  segmented.SegmentedRaftLogWorker (SegmentedRaftLogWorker.java:<init>(172)) - new ff9cca32-4485-4042-a2cf-de046efe7856@group-86F0D5E62B14-SegmentedRaftLogWorker for RaftStorage:Storage Directory /workdir/hadoop-ozone/integration-test/target/test-dir/MiniOzoneClusterImpl-61ea7bfd-f5dc-44df-9f38-4734a4a03623/datanode-1/data/ratis/045cb1d1-5eb0-401e-83fa-86f0d5e62b14
2019-09-25 05:16:45,396 [pool-37-thread-1] INFO  server.RaftServerConfigKeys (ConfUtils.java:logGet(43)) - raft.server.log.queue.byte-limit = 2147483647 (custom)
2019-09-25 05:16:45,396 [pool-37-thread-1] INFO  server.RaftServerConfigKeys (ConfUtils.java:logGet(43)) - raft.server.log.queue.element-limit = 1024 (custom)
2019-09-25 05:16:45,397 [pool-37-thread-1] INFO  server.RaftServerConfigKeys (ConfUtils.java:logGet(43)) - raft.server.log.segment.size.max = 1048576 (custom)
2019-09-25 05:16:45,397 [pool-37-thread-1] INFO  server.RaftServerConfigKeys (ConfUtils.java:logGet(43)) - raft.server.log.preallocated.size = 16384 (custom)
2019-09-25 05:16:45,397 [pool-37-thread-1] INFO  server.RaftServerConfigKeys (ConfUtils.java:logGet(43)) - raft.server.log.write.buffer.size = 33554432 (custom)
2019-09-25 05:16:45,397 [pool-37-thread-1] INFO  server.RaftServerConfigKeys (ConfUtils.java:logGet(43)) - raft.server.log.force.sync.num = 128 (default)
2019-09-25 05:16:45,398 [pool-37-thread-1] INFO  server.RaftServerConfigKeys (ConfUtils.java:logGet(43)) - raft.server.log.statemachine.data.sync = true (default)
2019-09-25 05:16:45,398 [pool-37-thread-1] INFO  server.RaftServerConfigKeys (ConfUtils.java:logGet(43)) - raft.server.log.statemachine.data.sync.timeout = 10s (default)
2019-09-25 05:16:45,398 [pool-37-thread-1] INFO  server.RaftServerConfigKeys (ConfUtils.java:logGet(43)) - raft.server.log.statemachine.data.sync.timeout.retry = -1 (default)
2019-09-25 05:16:45,398 [pool-37-thread-1] INFO  server.RaftServerConfigKeys (ConfUtils.java:logGet(43)) - raft.server.log.statemachine.data.caching.enabled = true (custom)
2019-09-25 05:16:45,398 [pool-37-thread-1] INFO  segmented.SegmentedRaftLogWorker (SegmentedRaftLogWorker.java:lambda$new$0(132)) - ff9cca32-4485-4042-a2cf-de046efe7856@group-86F0D5E62B14-SegmentedRaftLogWorker: flushIndex: setUnconditionally 0 -> -1
2019-09-25 05:16:45,398 [pool-37-thread-1] INFO  server.RaftServerConfigKeys (ConfUtils.java:logGet(43)) - raft.server.snapshot.auto.trigger.enabled = true (custom)
2019-09-25 05:16:45,399 [pool-37-thread-1] INFO  server.RaftServerConfigKeys (ConfUtils.java:logGet(43)) - raft.server.snapshot.auto.trigger.threshold = 10000 (custom)
2019-09-25 05:16:45,399 [pool-37-thread-1] INFO  server.RaftServerConfigKeys (ConfUtils.java:logGet(43)) - raft.server.snapshot.retention.num.files = 5 (custom)
2019-09-25 05:16:45,399 [pool-37-thread-1] INFO  server.RaftServerConfigKeys (ConfUtils.java:logGet(43)) - raft.server.retrycache.expirytime = 600000ms (custom)
2019-09-25 05:16:45,401 [pool-37-thread-1] INFO  impl.RaftServerImpl (RaftServerImpl.java:start(185)) - ff9cca32-4485-4042-a2cf-de046efe7856@group-86F0D5E62B14: start as a follower, conf=-1: [ff9cca32-4485-4042-a2cf-de046efe7856:192.168.164.207:41669], old=null
2019-09-25 05:16:45,401 [pool-37-thread-1] INFO  impl.RaftServerImpl (RaftServerImpl.java:setRole(174)) - ff9cca32-4485-4042-a2cf-de046efe7856@group-86F0D5E62B14: changes role from      null to FOLLOWER at term 0 for startAsFollower
2019-09-25 05:16:45,401 [pool-37-thread-1] INFO  impl.RoleInfo (RoleInfo.java:updateAndGet(143)) - ff9cca32-4485-4042-a2cf-de046efe7856: start FollowerState
2019-09-25 05:16:45,401 [pool-37-thread-1] INFO  util.JmxRegister (JmxRegister.java:tryRegister(44)) - Successfully registered JMX Bean with object name Ratis:service=RaftServer,group=group-86F0D5E62B14,id=ff9cca32-4485-4042-a2cf-de046efe7856
2019-09-25 05:16:45,405 [RatisPipelineUtilsThread] INFO  pipeline.PipelineStateManager (PipelineStateManager.java:addPipeline(56)) - Created pipeline Pipeline[ Id: 045cb1d1-5eb0-401e-83fa-86f0d5e62b14, Nodes: ff9cca32-4485-4042-a2cf-de046efe7856{ip: 192.168.164.207, host: pr-hdds-1569-s44lr-3492059363, networkLocation: /default-rack, certSerialId: null}, Type:RATIS, Factor:ONE, State:OPEN]
2019-09-25 05:16:45,405 [RatisPipelineUtilsThread] INFO  pipeline.PipelinePlacementPolicy (PipelinePlacementPolicy.java:meetCriteria(91)) - Pipeline Placement: can't place more pipeline on heavy datanode： 26f764fd-4d7b-4424-b7e8-447a1ed3b8ef Heaviness: 6 limit: 5
2019-09-25 05:16:45,415 [grpc-default-executor-0] INFO  impl.RaftServerProxy (RaftServerProxy.java:addNew(89)) - ba8dde02-0af5-4216-bd1b-765be5e6f2f5: addNew group-68311C3F8FA6:[ba8dde02-0af5-4216-bd1b-765be5e6f2f5:192.168.164.207:33616] returns group-68311C3F8FA6:java.util.concurrent.CompletableFuture@5e95a564[Not completed]
2019-09-25 05:16:45,416 [pool-47-thread-1] INFO  impl.RaftServerImpl (RaftServerImpl.java:<init>(95)) - ba8dde02-0af5-4216-bd1b-765be5e6f2f5: new RaftServerImpl for group-68311C3F8FA6:[ba8dde02-0af5-4216-bd1b-765be5e6f2f5:192.168.164.207:33616] with ContainerStateMachine:uninitialized
2019-09-25 05:16:45,416 [pool-47-thread-1] INFO  server.RaftServerConfigKeys (ConfUtils.java:logGet(43)) - raft.server.rpc.timeout.min = 5s (custom)
2019-09-25 05:16:45,417 [pool-47-thread-1] INFO  server.RaftServerConfigKeys (ConfUtils.java:logGet(43)) - raft.server.rpc.timeout.max = 5200ms (custom)
2019-09-25 05:16:45,417 [pool-47-thread-1] INFO  server.RaftServerConfigKeys (ConfUtils.java:logGet(43)) - raft.server.rpcslowness.timeout = 120s (custom)
2019-09-25 05:16:45,417 [pool-47-thread-1] INFO  server.RaftServerConfigKeys (ConfUtils.java:logGet(43)) - raft.server.sleep.deviation.threshold = 300 (default)
2019-09-25 05:16:45,417 [pool-47-thread-1] INFO  server.RaftServerConfigKeys (ConfUtils.java:logGet(43)) - raft.server.log.appender.install.snapshot.enabled = false (custom)
2019-09-25 05:16:45,417 [pool-47-thread-1] INFO  impl.RaftServerImpl (ServerState.java:<init>(103)) - ba8dde02-0af5-4216-bd1b-765be5e6f2f5@group-68311C3F8FA6: ConfigurationManager, init=-1: [ba8dde02-0af5-4216-bd1b-765be5e6f2f5:192.168.164.207:33616], old=null, confs=<EMPTY_MAP>
2019-09-25 05:16:45,417 [pool-47-thread-1] INFO  server.RaftServerConfigKeys (ConfUtils.java:logGet(43)) - raft.server.storage.dir = [/workdir/hadoop-ozone/integration-test/target/test-dir/MiniOzoneClusterImpl-61ea7bfd-f5dc-44df-9f38-4734a4a03623/datanode-2/data/ratis] (custom)
2019-09-25 05:16:45,417 [pool-47-thread-1] INFO  storage.RaftStorageDirectory (RaftStorageDirectory.java:analyzeStorage(246)) - The storage directory /workdir/hadoop-ozone/integration-test/target/test-dir/MiniOzoneClusterImpl-61ea7bfd-f5dc-44df-9f38-4734a4a03623/datanode-2/data/ratis/63f172f5-1f82-4a90-9377-68311c3f8fa6 does not exist. Creating ...
2019-09-25 05:16:45,431 [pool-47-thread-1] INFO  storage.RaftStorageDirectory (RaftStorageDirectory.java:tryLock(328)) - Lock on /workdir/hadoop-ozone/integration-test/target/test-dir/MiniOzoneClusterImpl-61ea7bfd-f5dc-44df-9f38-4734a4a03623/datanode-2/data/ratis/63f172f5-1f82-4a90-9377-68311c3f8fa6/in_use.lock acquired by nodename 10731@pr-hdds-1569-s44lr-3492059363
2019-09-25 05:16:45,443 [pool-47-thread-1] INFO  storage.RaftStorage (RaftStorage.java:format(72)) - Storage directory /workdir/hadoop-ozone/integration-test/target/test-dir/MiniOzoneClusterImpl-61ea7bfd-f5dc-44df-9f38-4734a4a03623/datanode-2/data/ratis/63f172f5-1f82-4a90-9377-68311c3f8fa6 has been successfully formatted.
2019-09-25 05:16:45,444 [pool-47-thread-1] INFO  ratis.ContainerStateMachine (ContainerStateMachine.java:loadSnapshot(230)) - group-68311C3F8FA6: The snapshot info is null. Setting the last applied indexto:(t:0, i:~)
2019-09-25 05:16:45,444 [pool-47-thread-1] INFO  server.RaftServerConfigKeys (ConfUtils.java:logGet(43)) - raft.server.notification.no-leader.timeout = 120s (custom)
2019-09-25 05:16:45,444 [pool-47-thread-1] INFO  server.RaftServerConfigKeys (ConfUtils.java:logGet(43)) - raft.server.log.use.memory = false (default)
2019-09-25 05:16:45,444 [pool-47-thread-1] INFO  server.RaftServerConfigKeys (ConfUtils.java:logGet(43)) - raft.server.log.purge.gap = 1000000 (custom)
2019-09-25 05:16:45,444 [pool-47-thread-1] INFO  server.RaftServerConfigKeys (ConfUtils.java:logGet(43)) - raft.server.log.appender.buffer.byte-limit = 33554432 (custom)
2019-09-25 05:16:45,444 [pool-47-thread-1] INFO  server.RaftServerConfigKeys (ConfUtils.java:logGet(43)) - raft.server.log.segment.size.max = 1048576 (custom)
2019-09-25 05:16:45,444 [pool-47-thread-1] INFO  server.RaftServerConfigKeys (ConfUtils.java:logGet(43)) - raft.server.log.segment.cache.num.max = 2 (custom)
2019-09-25 05:16:45,444 [pool-47-thread-1] INFO  segmented.SegmentedRaftLogWorker (SegmentedRaftLogWorker.java:<init>(172)) - new ba8dde02-0af5-4216-bd1b-765be5e6f2f5@group-68311C3F8FA6-SegmentedRaftLogWorker for RaftStorage:Storage Directory /workdir/hadoop-ozone/integration-test/target/test-dir/MiniOzoneClusterImpl-61ea7bfd-f5dc-44df-9f38-4734a4a03623/datanode-2/data/ratis/63f172f5-1f82-4a90-9377-68311c3f8fa6
2019-09-25 05:16:45,444 [pool-47-thread-1] INFO  server.RaftServerConfigKeys (ConfUtils.java:logGet(43)) - raft.server.log.queue.byte-limit = 2147483647 (custom)
2019-09-25 05:16:45,445 [pool-47-thread-1] INFO  server.RaftServerConfigKeys (ConfUtils.java:logGet(43)) - raft.server.log.queue.element-limit = 1024 (custom)
2019-09-25 05:16:45,445 [pool-47-thread-1] INFO  server.RaftServerConfigKeys (ConfUtils.java:logGet(43)) - raft.server.log.segment.size.max = 1048576 (custom)
2019-09-25 05:16:45,445 [pool-47-thread-1] INFO  server.RaftServerConfigKeys (ConfUtils.java:logGet(43)) - raft.server.log.preallocated.size = 16384 (custom)
2019-09-25 05:16:45,445 [pool-47-thread-1] INFO  server.RaftServerConfigKeys (ConfUtils.java:logGet(43)) - raft.server.log.write.buffer.size = 33554432 (custom)
2019-09-25 05:16:45,445 [pool-47-thread-1] INFO  server.RaftServerConfigKeys (ConfUtils.java:logGet(43)) - raft.server.log.force.sync.num = 128 (default)
2019-09-25 05:16:45,445 [pool-47-thread-1] INFO  server.RaftServerConfigKeys (ConfUtils.java:logGet(43)) - raft.server.log.statemachine.data.sync = true (default)
2019-09-25 05:16:45,445 [pool-47-thread-1] INFO  server.RaftServerConfigKeys (ConfUtils.java:logGet(43)) - raft.server.log.statemachine.data.sync.timeout = 10s (default)
2019-09-25 05:16:45,445 [pool-47-thread-1] INFO  server.RaftServerConfigKeys (ConfUtils.java:logGet(43)) - raft.server.log.statemachine.data.sync.timeout.retry = -1 (default)
2019-09-25 05:16:45,445 [pool-47-thread-1] INFO  server.RaftServerConfigKeys (ConfUtils.java:logGet(43)) - raft.server.log.statemachine.data.caching.enabled = true (custom)
2019-09-25 05:16:45,446 [pool-47-thread-1] INFO  segmented.SegmentedRaftLogWorker (SegmentedRaftLogWorker.java:lambda$new$0(132)) - ba8dde02-0af5-4216-bd1b-765be5e6f2f5@group-68311C3F8FA6-SegmentedRaftLogWorker: flushIndex: setUnconditionally 0 -> -1
2019-09-25 05:16:45,446 [pool-47-thread-1] INFO  server.RaftServerConfigKeys (ConfUtils.java:logGet(43)) - raft.server.snapshot.auto.trigger.enabled = true (custom)
2019-09-25 05:16:45,446 [pool-47-thread-1] INFO  server.RaftServerConfigKeys (ConfUtils.java:logGet(43)) - raft.server.snapshot.auto.trigger.threshold = 10000 (custom)
2019-09-25 05:16:45,446 [pool-47-thread-1] INFO  server.RaftServerConfigKeys (ConfUtils.java:logGet(43)) - raft.server.snapshot.retention.num.files = 5 (custom)
2019-09-25 05:16:45,446 [pool-47-thread-1] INFO  server.RaftServerConfigKeys (ConfUtils.java:logGet(43)) - raft.server.retrycache.expirytime = 600000ms (custom)
2019-09-25 05:16:45,448 [pool-47-thread-1] INFO  impl.RaftServerImpl (RaftServerImpl.java:start(185)) - ba8dde02-0af5-4216-bd1b-765be5e6f2f5@group-68311C3F8FA6: start as a follower, conf=-1: [ba8dde02-0af5-4216-bd1b-765be5e6f2f5:192.168.164.207:33616], old=null
2019-09-25 05:16:45,448 [pool-47-thread-1] INFO  impl.RaftServerImpl (RaftServerImpl.java:setRole(174)) - ba8dde02-0af5-4216-bd1b-765be5e6f2f5@group-68311C3F8FA6: changes role from      null to FOLLOWER at term 0 for startAsFollower
2019-09-25 05:16:45,448 [pool-47-thread-1] INFO  impl.RoleInfo (RoleInfo.java:updateAndGet(143)) - ba8dde02-0af5-4216-bd1b-765be5e6f2f5: start FollowerState
2019-09-25 05:16:45,449 [pool-47-thread-1] INFO  util.JmxRegister (JmxRegister.java:tryRegister(44)) - Successfully registered JMX Bean with object name Ratis:service=RaftServer,group=group-68311C3F8FA6,id=ba8dde02-0af5-4216-bd1b-765be5e6f2f5
2019-09-25 05:16:45,452 [RatisPipelineUtilsThread] INFO  pipeline.PipelineStateManager (PipelineStateManager.java:addPipeline(56)) - Created pipeline Pipeline[ Id: 63f172f5-1f82-4a90-9377-68311c3f8fa6, Nodes: ba8dde02-0af5-4216-bd1b-765be5e6f2f5{ip: 192.168.164.207, host: pr-hdds-1569-s44lr-3492059363, networkLocation: /default-rack, certSerialId: null}, Type:RATIS, Factor:ONE, State:OPEN]
2019-09-25 05:16:45,452 [RatisPipelineUtilsThread] INFO  pipeline.PipelinePlacementPolicy (PipelinePlacementPolicy.java:meetCriteria(91)) - Pipeline Placement: can't place more pipeline on heavy datanode： 26f764fd-4d7b-4424-b7e8-447a1ed3b8ef Heaviness: 6 limit: 5
2019-09-25 05:16:45,453 [RatisPipelineUtilsThread] INFO  pipeline.PipelinePlacementPolicy (PipelinePlacementPolicy.java:meetCriteria(91)) - Pipeline Placement: can't place more pipeline on heavy datanode： ba8dde02-0af5-4216-bd1b-765be5e6f2f5 Heaviness: 6 limit: 5
2019-09-25 05:16:45,466 [grpc-default-executor-0] INFO  impl.RaftServerProxy (RaftServerProxy.java:addNew(89)) - ff9cca32-4485-4042-a2cf-de046efe7856: addNew group-4D295402E043:[ff9cca32-4485-4042-a2cf-de046efe7856:192.168.164.207:41669] returns group-4D295402E043:java.util.concurrent.CompletableFuture@479b3524[Not completed]
2019-09-25 05:16:45,468 [pool-37-thread-1] INFO  impl.RaftServerImpl (RaftServerImpl.java:<init>(95)) - ff9cca32-4485-4042-a2cf-de046efe7856: new RaftServerImpl for group-4D295402E043:[ff9cca32-4485-4042-a2cf-de046efe7856:192.168.164.207:41669] with ContainerStateMachine:uninitialized
2019-09-25 05:16:45,468 [pool-37-thread-1] INFO  server.RaftServerConfigKeys (ConfUtils.java:logGet(43)) - raft.server.rpc.timeout.min = 5s (custom)
2019-09-25 05:16:45,468 [pool-37-thread-1] INFO  server.RaftServerConfigKeys (ConfUtils.java:logGet(43)) - raft.server.rpc.timeout.max = 5200ms (custom)
2019-09-25 05:16:45,468 [pool-37-thread-1] INFO  server.RaftServerConfigKeys (ConfUtils.java:logGet(43)) - raft.server.rpcslowness.timeout = 120s (custom)
2019-09-25 05:16:45,468 [pool-37-thread-1] INFO  server.RaftServerConfigKeys (ConfUtils.java:logGet(43)) - raft.server.sleep.deviation.threshold = 300 (default)
2019-09-25 05:16:45,468 [pool-37-thread-1] INFO  server.RaftServerConfigKeys (ConfUtils.java:logGet(43)) - raft.server.log.appender.install.snapshot.enabled = false (custom)
2019-09-25 05:16:45,468 [pool-37-thread-1] INFO  impl.RaftServerImpl (ServerState.java:<init>(103)) - ff9cca32-4485-4042-a2cf-de046efe7856@group-4D295402E043: ConfigurationManager, init=-1: [ff9cca32-4485-4042-a2cf-de046efe7856:192.168.164.207:41669], old=null, confs=<EMPTY_MAP>
2019-09-25 05:16:45,469 [pool-37-thread-1] INFO  server.RaftServerConfigKeys (ConfUtils.java:logGet(43)) - raft.server.storage.dir = [/workdir/hadoop-ozone/integration-test/target/test-dir/MiniOzoneClusterImpl-61ea7bfd-f5dc-44df-9f38-4734a4a03623/datanode-1/data/ratis] (custom)
2019-09-25 05:16:45,469 [pool-37-thread-1] INFO  storage.RaftStorageDirectory (RaftStorageDirectory.java:analyzeStorage(246)) - The storage directory /workdir/hadoop-ozone/integration-test/target/test-dir/MiniOzoneClusterImpl-61ea7bfd-f5dc-44df-9f38-4734a4a03623/datanode-1/data/ratis/77582cf8-f6af-45f5-9237-4d295402e043 does not exist. Creating ...
2019-09-25 05:16:45,482 [pool-37-thread-1] INFO  storage.RaftStorageDirectory (RaftStorageDirectory.java:tryLock(328)) - Lock on /workdir/hadoop-ozone/integration-test/target/test-dir/MiniOzoneClusterImpl-61ea7bfd-f5dc-44df-9f38-4734a4a03623/datanode-1/data/ratis/77582cf8-f6af-45f5-9237-4d295402e043/in_use.lock acquired by nodename 10731@pr-hdds-1569-s44lr-3492059363
2019-09-25 05:16:45,501 [pool-37-thread-1] INFO  storage.RaftStorage (RaftStorage.java:format(72)) - Storage directory /workdir/hadoop-ozone/integration-test/target/test-dir/MiniOzoneClusterImpl-61ea7bfd-f5dc-44df-9f38-4734a4a03623/datanode-1/data/ratis/77582cf8-f6af-45f5-9237-4d295402e043 has been successfully formatted.
2019-09-25 05:16:45,502 [pool-37-thread-1] INFO  ratis.ContainerStateMachine (ContainerStateMachine.java:loadSnapshot(230)) - group-4D295402E043: The snapshot info is null. Setting the last applied indexto:(t:0, i:~)
2019-09-25 05:16:45,502 [pool-37-thread-1] INFO  server.RaftServerConfigKeys (ConfUtils.java:logGet(43)) - raft.server.notification.no-leader.timeout = 120s (custom)
2019-09-25 05:16:45,502 [pool-37-thread-1] INFO  server.RaftServerConfigKeys (ConfUtils.java:logGet(43)) - raft.server.log.use.memory = false (default)
2019-09-25 05:16:45,502 [pool-37-thread-1] INFO  server.RaftServerConfigKeys (ConfUtils.java:logGet(43)) - raft.server.log.purge.gap = 1000000 (custom)
2019-09-25 05:16:45,502 [pool-37-thread-1] INFO  server.RaftServerConfigKeys (ConfUtils.java:logGet(43)) - raft.server.log.appender.buffer.byte-limit = 33554432 (custom)
2019-09-25 05:16:45,502 [pool-37-thread-1] INFO  server.RaftServerConfigKeys (ConfUtils.java:logGet(43)) - raft.server.log.segment.size.max = 1048576 (custom)
2019-09-25 05:16:45,502 [pool-37-thread-1] INFO  server.RaftServerConfigKeys (ConfUtils.java:logGet(43)) - raft.server.log.segment.cache.num.max = 2 (custom)
2019-09-25 05:16:45,502 [pool-37-thread-1] INFO  segmented.SegmentedRaftLogWorker (SegmentedRaftLogWorker.java:<init>(172)) - new ff9cca32-4485-4042-a2cf-de046efe7856@group-4D295402E043-SegmentedRaftLogWorker for RaftStorage:Storage Directory /workdir/hadoop-ozone/integration-test/target/test-dir/MiniOzoneClusterImpl-61ea7bfd-f5dc-44df-9f38-4734a4a03623/datanode-1/data/ratis/77582cf8-f6af-45f5-9237-4d295402e043
2019-09-25 05:16:45,502 [pool-37-thread-1] INFO  server.RaftServerConfigKeys (ConfUtils.java:logGet(43)) - raft.server.log.queue.byte-limit = 2147483647 (custom)
2019-09-25 05:16:45,502 [pool-37-thread-1] INFO  server.RaftServerConfigKeys (ConfUtils.java:logGet(43)) - raft.server.log.queue.element-limit = 1024 (custom)
2019-09-25 05:16:45,503 [pool-37-thread-1] INFO  server.RaftServerConfigKeys (ConfUtils.java:logGet(43)) - raft.server.log.segment.size.max = 1048576 (custom)
2019-09-25 05:16:45,503 [pool-37-thread-1] INFO  server.RaftServerConfigKeys (ConfUtils.java:logGet(43)) - raft.server.log.preallocated.size = 16384 (custom)
2019-09-25 05:16:45,503 [pool-37-thread-1] INFO  server.RaftServerConfigKeys (ConfUtils.java:logGet(43)) - raft.server.log.write.buffer.size = 33554432 (custom)
2019-09-25 05:16:45,503 [pool-37-thread-1] INFO  server.RaftServerConfigKeys (ConfUtils.java:logGet(43)) - raft.server.log.force.sync.num = 128 (default)
2019-09-25 05:16:45,503 [pool-37-thread-1] INFO  server.RaftServerConfigKeys (ConfUtils.java:logGet(43)) - raft.server.log.statemachine.data.sync = true (default)
2019-09-25 05:16:45,503 [pool-37-thread-1] INFO  server.RaftServerConfigKeys (ConfUtils.java:logGet(43)) - raft.server.log.statemachine.data.sync.timeout = 10s (default)
2019-09-25 05:16:45,503 [pool-37-thread-1] INFO  server.RaftServerConfigKeys (ConfUtils.java:logGet(43)) - raft.server.log.statemachine.data.sync.timeout.retry = -1 (default)
2019-09-25 05:16:45,503 [pool-37-thread-1] INFO  server.RaftServerConfigKeys (ConfUtils.java:logGet(43)) - raft.server.log.statemachine.data.caching.enabled = true (custom)
2019-09-25 05:16:45,504 [pool-37-thread-1] INFO  segmented.SegmentedRaftLogWorker (SegmentedRaftLogWorker.java:lambda$new$0(132)) - ff9cca32-4485-4042-a2cf-de046efe7856@group-4D295402E043-SegmentedRaftLogWorker: flushIndex: setUnconditionally 0 -> -1
2019-09-25 05:16:45,504 [pool-37-thread-1] INFO  server.RaftServerConfigKeys (ConfUtils.java:logGet(43)) - raft.server.snapshot.auto.trigger.enabled = true (custom)
2019-09-25 05:16:45,504 [pool-37-thread-1] INFO  server.RaftServerConfigKeys (ConfUtils.java:logGet(43)) - raft.server.snapshot.auto.trigger.threshold = 10000 (custom)
2019-09-25 05:16:45,504 [pool-37-thread-1] INFO  server.RaftServerConfigKeys (ConfUtils.java:logGet(43)) - raft.server.snapshot.retention.num.files = 5 (custom)
2019-09-25 05:16:45,504 [pool-37-thread-1] INFO  server.RaftServerConfigKeys (ConfUtils.java:logGet(43)) - raft.server.retrycache.expirytime = 600000ms (custom)
2019-09-25 05:16:45,506 [pool-37-thread-1] INFO  impl.RaftServerImpl (RaftServerImpl.java:start(185)) - ff9cca32-4485-4042-a2cf-de046efe7856@group-4D295402E043: start as a follower, conf=-1: [ff9cca32-4485-4042-a2cf-de046efe7856:192.168.164.207:41669], old=null
2019-09-25 05:16:45,506 [pool-37-thread-1] INFO  impl.RaftServerImpl (RaftServerImpl.java:setRole(174)) - ff9cca32-4485-4042-a2cf-de046efe7856@group-4D295402E043: changes role from      null to FOLLOWER at term 0 for startAsFollower
2019-09-25 05:16:45,506 [pool-37-thread-1] INFO  impl.RoleInfo (RoleInfo.java:updateAndGet(143)) - ff9cca32-4485-4042-a2cf-de046efe7856: start FollowerState
2019-09-25 05:16:45,507 [pool-37-thread-1] INFO  util.JmxRegister (JmxRegister.java:tryRegister(44)) - Successfully registered JMX Bean with object name Ratis:service=RaftServer,group=group-4D295402E043,id=ff9cca32-4485-4042-a2cf-de046efe7856
2019-09-25 05:16:45,511 [RatisPipelineUtilsThread] INFO  pipeline.PipelineStateManager (PipelineStateManager.java:addPipeline(56)) - Created pipeline Pipeline[ Id: 77582cf8-f6af-45f5-9237-4d295402e043, Nodes: ff9cca32-4485-4042-a2cf-de046efe7856{ip: 192.168.164.207, host: pr-hdds-1569-s44lr-3492059363, networkLocation: /default-rack, certSerialId: null}, Type:RATIS, Factor:ONE, State:OPEN]
2019-09-25 05:16:45,511 [RatisPipelineUtilsThread] INFO  pipeline.PipelinePlacementPolicy (PipelinePlacementPolicy.java:meetCriteria(91)) - Pipeline Placement: can't place more pipeline on heavy datanode： 26f764fd-4d7b-4424-b7e8-447a1ed3b8ef Heaviness: 6 limit: 5
2019-09-25 05:16:45,511 [RatisPipelineUtilsThread] INFO  pipeline.PipelinePlacementPolicy (PipelinePlacementPolicy.java:meetCriteria(91)) - Pipeline Placement: can't place more pipeline on heavy datanode： ba8dde02-0af5-4216-bd1b-765be5e6f2f5 Heaviness: 6 limit: 5
2019-09-25 05:16:45,520 [grpc-default-executor-0] INFO  impl.RaftServerProxy (RaftServerProxy.java:addNew(89)) - ff9cca32-4485-4042-a2cf-de046efe7856: addNew group-B1D72DAE00BB:[ff9cca32-4485-4042-a2cf-de046efe7856:192.168.164.207:41669] returns group-B1D72DAE00BB:java.util.concurrent.CompletableFuture@1f501f42[Not completed]
2019-09-25 05:16:45,521 [pool-37-thread-1] INFO  impl.RaftServerImpl (RaftServerImpl.java:<init>(95)) - ff9cca32-4485-4042-a2cf-de046efe7856: new RaftServerImpl for group-B1D72DAE00BB:[ff9cca32-4485-4042-a2cf-de046efe7856:192.168.164.207:41669] with ContainerStateMachine:uninitialized
2019-09-25 05:16:45,521 [pool-37-thread-1] INFO  server.RaftServerConfigKeys (ConfUtils.java:logGet(43)) - raft.server.rpc.timeout.min = 5s (custom)
2019-09-25 05:16:45,521 [pool-37-thread-1] INFO  server.RaftServerConfigKeys (ConfUtils.java:logGet(43)) - raft.server.rpc.timeout.max = 5200ms (custom)
2019-09-25 05:16:45,521 [pool-37-thread-1] INFO  server.RaftServerConfigKeys (ConfUtils.java:logGet(43)) - raft.server.rpcslowness.timeout = 120s (custom)
2019-09-25 05:16:45,521 [pool-37-thread-1] INFO  server.RaftServerConfigKeys (ConfUtils.java:logGet(43)) - raft.server.sleep.deviation.threshold = 300 (default)
2019-09-25 05:16:45,521 [pool-37-thread-1] INFO  server.RaftServerConfigKeys (ConfUtils.java:logGet(43)) - raft.server.log.appender.install.snapshot.enabled = false (custom)
2019-09-25 05:16:45,521 [pool-37-thread-1] INFO  impl.RaftServerImpl (ServerState.java:<init>(103)) - ff9cca32-4485-4042-a2cf-de046efe7856@group-B1D72DAE00BB: ConfigurationManager, init=-1: [ff9cca32-4485-4042-a2cf-de046efe7856:192.168.164.207:41669], old=null, confs=<EMPTY_MAP>
2019-09-25 05:16:45,521 [pool-37-thread-1] INFO  server.RaftServerConfigKeys (ConfUtils.java:logGet(43)) - raft.server.storage.dir = [/workdir/hadoop-ozone/integration-test/target/test-dir/MiniOzoneClusterImpl-61ea7bfd-f5dc-44df-9f38-4734a4a03623/datanode-1/data/ratis] (custom)
2019-09-25 05:16:45,522 [pool-37-thread-1] INFO  storage.RaftStorageDirectory (RaftStorageDirectory.java:analyzeStorage(246)) - The storage directory /workdir/hadoop-ozone/integration-test/target/test-dir/MiniOzoneClusterImpl-61ea7bfd-f5dc-44df-9f38-4734a4a03623/datanode-1/data/ratis/ba26b46b-32db-4fe4-b02f-b1d72dae00bb does not exist. Creating ...
2019-09-25 05:16:45,534 [pool-37-thread-1] INFO  storage.RaftStorageDirectory (RaftStorageDirectory.java:tryLock(328)) - Lock on /workdir/hadoop-ozone/integration-test/target/test-dir/MiniOzoneClusterImpl-61ea7bfd-f5dc-44df-9f38-4734a4a03623/datanode-1/data/ratis/ba26b46b-32db-4fe4-b02f-b1d72dae00bb/in_use.lock acquired by nodename 10731@pr-hdds-1569-s44lr-3492059363
2019-09-25 05:16:45,547 [pool-37-thread-1] INFO  storage.RaftStorage (RaftStorage.java:format(72)) - Storage directory /workdir/hadoop-ozone/integration-test/target/test-dir/MiniOzoneClusterImpl-61ea7bfd-f5dc-44df-9f38-4734a4a03623/datanode-1/data/ratis/ba26b46b-32db-4fe4-b02f-b1d72dae00bb has been successfully formatted.
2019-09-25 05:16:45,548 [pool-37-thread-1] INFO  ratis.ContainerStateMachine (ContainerStateMachine.java:loadSnapshot(230)) - group-B1D72DAE00BB: The snapshot info is null. Setting the last applied indexto:(t:0, i:~)
2019-09-25 05:16:45,548 [pool-37-thread-1] INFO  server.RaftServerConfigKeys (ConfUtils.java:logGet(43)) - raft.server.notification.no-leader.timeout = 120s (custom)
2019-09-25 05:16:45,548 [pool-37-thread-1] INFO  server.RaftServerConfigKeys (ConfUtils.java:logGet(43)) - raft.server.log.use.memory = false (default)
2019-09-25 05:16:45,548 [pool-37-thread-1] INFO  server.RaftServerConfigKeys (ConfUtils.java:logGet(43)) - raft.server.log.purge.gap = 1000000 (custom)
2019-09-25 05:16:45,548 [pool-37-thread-1] INFO  server.RaftServerConfigKeys (ConfUtils.java:logGet(43)) - raft.server.log.appender.buffer.byte-limit = 33554432 (custom)
2019-09-25 05:16:45,548 [pool-37-thread-1] INFO  server.RaftServerConfigKeys (ConfUtils.java:logGet(43)) - raft.server.log.segment.size.max = 1048576 (custom)
2019-09-25 05:16:45,548 [pool-37-thread-1] INFO  server.RaftServerConfigKeys (ConfUtils.java:logGet(43)) - raft.server.log.segment.cache.num.max = 2 (custom)
2019-09-25 05:16:45,549 [pool-37-thread-1] INFO  segmented.SegmentedRaftLogWorker (SegmentedRaftLogWorker.java:<init>(172)) - new ff9cca32-4485-4042-a2cf-de046efe7856@group-B1D72DAE00BB-SegmentedRaftLogWorker for RaftStorage:Storage Directory /workdir/hadoop-ozone/integration-test/target/test-dir/MiniOzoneClusterImpl-61ea7bfd-f5dc-44df-9f38-4734a4a03623/datanode-1/data/ratis/ba26b46b-32db-4fe4-b02f-b1d72dae00bb
2019-09-25 05:16:45,549 [pool-37-thread-1] INFO  server.RaftServerConfigKeys (ConfUtils.java:logGet(43)) - raft.server.log.queue.byte-limit = 2147483647 (custom)
2019-09-25 05:16:45,549 [pool-37-thread-1] INFO  server.RaftServerConfigKeys (ConfUtils.java:logGet(43)) - raft.server.log.queue.element-limit = 1024 (custom)
2019-09-25 05:16:45,549 [pool-37-thread-1] INFO  server.RaftServerConfigKeys (ConfUtils.java:logGet(43)) - raft.server.log.segment.size.max = 1048576 (custom)
2019-09-25 05:16:45,549 [pool-37-thread-1] INFO  server.RaftServerConfigKeys (ConfUtils.java:logGet(43)) - raft.server.log.preallocated.size = 16384 (custom)
2019-09-25 05:16:45,549 [pool-37-thread-1] INFO  server.RaftServerConfigKeys (ConfUtils.java:logGet(43)) - raft.server.log.write.buffer.size = 33554432 (custom)
2019-09-25 05:16:45,549 [pool-37-thread-1] INFO  server.RaftServerConfigKeys (ConfUtils.java:logGet(43)) - raft.server.log.force.sync.num = 128 (default)
2019-09-25 05:16:45,549 [pool-37-thread-1] INFO  server.RaftServerConfigKeys (ConfUtils.java:logGet(43)) - raft.server.log.statemachine.data.sync = true (default)
2019-09-25 05:16:45,550 [pool-37-thread-1] INFO  server.RaftServerConfigKeys (ConfUtils.java:logGet(43)) - raft.server.log.statemachine.data.sync.timeout = 10s (default)
2019-09-25 05:16:45,550 [pool-37-thread-1] INFO  server.RaftServerConfigKeys (ConfUtils.java:logGet(43)) - raft.server.log.statemachine.data.sync.timeout.retry = -1 (default)
2019-09-25 05:16:45,550 [pool-37-thread-1] INFO  server.RaftServerConfigKeys (ConfUtils.java:logGet(43)) - raft.server.log.statemachine.data.caching.enabled = true (custom)
2019-09-25 05:16:45,550 [pool-37-thread-1] INFO  segmented.SegmentedRaftLogWorker (SegmentedRaftLogWorker.java:lambda$new$0(132)) - ff9cca32-4485-4042-a2cf-de046efe7856@group-B1D72DAE00BB-SegmentedRaftLogWorker: flushIndex: setUnconditionally 0 -> -1
2019-09-25 05:16:45,550 [pool-37-thread-1] INFO  server.RaftServerConfigKeys (ConfUtils.java:logGet(43)) - raft.server.snapshot.auto.trigger.enabled = true (custom)
2019-09-25 05:16:45,551 [pool-37-thread-1] INFO  server.RaftServerConfigKeys (ConfUtils.java:logGet(43)) - raft.server.snapshot.auto.trigger.threshold = 10000 (custom)
2019-09-25 05:16:45,551 [pool-37-thread-1] INFO  server.RaftServerConfigKeys (ConfUtils.java:logGet(43)) - raft.server.snapshot.retention.num.files = 5 (custom)
2019-09-25 05:16:45,551 [pool-37-thread-1] INFO  server.RaftServerConfigKeys (ConfUtils.java:logGet(43)) - raft.server.retrycache.expirytime = 600000ms (custom)
2019-09-25 05:16:45,553 [pool-37-thread-1] INFO  impl.RaftServerImpl (RaftServerImpl.java:start(185)) - ff9cca32-4485-4042-a2cf-de046efe7856@group-B1D72DAE00BB: start as a follower, conf=-1: [ff9cca32-4485-4042-a2cf-de046efe7856:192.168.164.207:41669], old=null
2019-09-25 05:16:45,554 [pool-37-thread-1] INFO  impl.RaftServerImpl (RaftServerImpl.java:setRole(174)) - ff9cca32-4485-4042-a2cf-de046efe7856@group-B1D72DAE00BB: changes role from      null to FOLLOWER at term 0 for startAsFollower
2019-09-25 05:16:45,554 [pool-37-thread-1] INFO  impl.RoleInfo (RoleInfo.java:updateAndGet(143)) - ff9cca32-4485-4042-a2cf-de046efe7856: start FollowerState
2019-09-25 05:16:45,554 [pool-37-thread-1] INFO  util.JmxRegister (JmxRegister.java:tryRegister(44)) - Successfully registered JMX Bean with object name Ratis:service=RaftServer,group=group-B1D72DAE00BB,id=ff9cca32-4485-4042-a2cf-de046efe7856
2019-09-25 05:16:45,558 [RatisPipelineUtilsThread] INFO  pipeline.PipelineStateManager (PipelineStateManager.java:addPipeline(56)) - Created pipeline Pipeline[ Id: ba26b46b-32db-4fe4-b02f-b1d72dae00bb, Nodes: ff9cca32-4485-4042-a2cf-de046efe7856{ip: 192.168.164.207, host: pr-hdds-1569-s44lr-3492059363, networkLocation: /default-rack, certSerialId: null}, Type:RATIS, Factor:ONE, State:OPEN]
2019-09-25 05:16:45,559 [RatisPipelineUtilsThread] INFO  pipeline.PipelinePlacementPolicy (PipelinePlacementPolicy.java:meetCriteria(91)) - Pipeline Placement: can't place more pipeline on heavy datanode： ff9cca32-4485-4042-a2cf-de046efe7856 Heaviness: 6 limit: 5
2019-09-25 05:16:45,559 [RatisPipelineUtilsThread] INFO  pipeline.PipelinePlacementPolicy (PipelinePlacementPolicy.java:meetCriteria(91)) - Pipeline Placement: can't place more pipeline on heavy datanode： 26f764fd-4d7b-4424-b7e8-447a1ed3b8ef Heaviness: 6 limit: 5
2019-09-25 05:16:45,559 [RatisPipelineUtilsThread] INFO  pipeline.PipelinePlacementPolicy (PipelinePlacementPolicy.java:meetCriteria(91)) - Pipeline Placement: can't place more pipeline on heavy datanode： ba8dde02-0af5-4216-bd1b-765be5e6f2f5 Heaviness: 6 limit: 5
2019-09-25 05:16:45,559 [RatisPipelineUtilsThread] ERROR pipeline.PipelinePlacementPolicy (PipelinePlacementPolicy.java:filterViableNodes(148)) - Unable to find enough nodes that meet the criteria that cannot engage in more than 5 pipelines. Nodes required: 1 Found: 0, healthy nodes count inNodeManager: 3.
2019-09-25 05:16:45,561 [RatisPipelineUtilsThread] ERROR pipeline.SCMPipelineManager (SCMPipelineManager.java:createPipeline(167)) - Pipeline creation failed.
org.apache.hadoop.hdds.scm.exceptions.SCMException: Unable to find enough nodes that meet the criteria that cannot engage in more than 5 pipelines. Nodes required: 1 Found: 0, healthy nodes count inNodeManager: 3.
	at org.apache.hadoop.hdds.scm.pipeline.PipelinePlacementPolicy.filterViableNodes(PipelinePlacementPolicy.java:149)
	at org.apache.hadoop.hdds.scm.pipeline.PipelinePlacementPolicy.chooseDatanodes(PipelinePlacementPolicy.java:172)
	at org.apache.hadoop.hdds.scm.pipeline.RatisPipelineProvider.create(RatisPipelineProvider.java:93)
	at org.apache.hadoop.hdds.scm.pipeline.PipelineFactory.create(PipelineFactory.java:58)
	at org.apache.hadoop.hdds.scm.pipeline.SCMPipelineManager.createPipeline(SCMPipelineManager.java:155)
	at org.apache.hadoop.hdds.scm.pipeline.BackgroundPipelineCreator.createPipelines(BackgroundPipelineCreator.java:99)
	at java.util.concurrent.Executors$RunnableAdapter.call(Executors.java:511)
	at java.util.concurrent.FutureTask.run(FutureTask.java:266)
	at java.util.concurrent.ScheduledThreadPoolExecutor$ScheduledFutureTask.access$201(ScheduledThreadPoolExecutor.java:180)
	at java.util.concurrent.ScheduledThreadPoolExecutor$ScheduledFutureTask.run(ScheduledThreadPoolExecutor.java:293)
	at java.util.concurrent.ThreadPoolExecutor.runWorker(ThreadPoolExecutor.java:1149)
	at java.util.concurrent.ThreadPoolExecutor$Worker.run(ThreadPoolExecutor.java:624)
	at java.lang.Thread.run(Thread.java:748)
2019-09-25 05:16:45,562 [RatisPipelineUtilsThread] INFO  pipeline.PipelinePlacementPolicy (PipelinePlacementPolicy.java:meetCriteria(91)) - Pipeline Placement: can't place more pipeline on heavy datanode： ff9cca32-4485-4042-a2cf-de046efe7856 Heaviness: 6 limit: 5
2019-09-25 05:16:45,563 [RatisPipelineUtilsThread] INFO  pipeline.PipelinePlacementPolicy (PipelinePlacementPolicy.java:meetCriteria(91)) - Pipeline Placement: can't place more pipeline on heavy datanode： 26f764fd-4d7b-4424-b7e8-447a1ed3b8ef Heaviness: 6 limit: 5
2019-09-25 05:16:45,563 [RatisPipelineUtilsThread] INFO  pipeline.PipelinePlacementPolicy (PipelinePlacementPolicy.java:meetCriteria(91)) - Pipeline Placement: can't place more pipeline on heavy datanode： ba8dde02-0af5-4216-bd1b-765be5e6f2f5 Heaviness: 6 limit: 5
2019-09-25 05:16:45,563 [RatisPipelineUtilsThread] ERROR pipeline.PipelinePlacementPolicy (PipelinePlacementPolicy.java:filterViableNodes(148)) - Unable to find enough nodes that meet the criteria that cannot engage in more than 5 pipelines. Nodes required: 3 Found: 0, healthy nodes count inNodeManager: 3.
2019-09-25 05:16:45,563 [RatisPipelineUtilsThread] ERROR pipeline.SCMPipelineManager (SCMPipelineManager.java:createPipeline(167)) - Pipeline creation failed.
org.apache.hadoop.hdds.scm.exceptions.SCMException: Unable to find enough nodes that meet the criteria that cannot engage in more than 5 pipelines. Nodes required: 3 Found: 0, healthy nodes count inNodeManager: 3.
	at org.apache.hadoop.hdds.scm.pipeline.PipelinePlacementPolicy.filterViableNodes(PipelinePlacementPolicy.java:149)
	at org.apache.hadoop.hdds.scm.pipeline.PipelinePlacementPolicy.chooseDatanodes(PipelinePlacementPolicy.java:172)
	at org.apache.hadoop.hdds.scm.pipeline.RatisPipelineProvider.create(RatisPipelineProvider.java:93)
	at org.apache.hadoop.hdds.scm.pipeline.PipelineFactory.create(PipelineFactory.java:58)
	at org.apache.hadoop.hdds.scm.pipeline.SCMPipelineManager.createPipeline(SCMPipelineManager.java:155)
	at org.apache.hadoop.hdds.scm.pipeline.BackgroundPipelineCreator.createPipelines(BackgroundPipelineCreator.java:99)
	at java.util.concurrent.Executors$RunnableAdapter.call(Executors.java:511)
	at java.util.concurrent.FutureTask.run(FutureTask.java:266)
	at java.util.concurrent.ScheduledThreadPoolExecutor$ScheduledFutureTask.access$201(ScheduledThreadPoolExecutor.java:180)
	at java.util.concurrent.ScheduledThreadPoolExecutor$ScheduledFutureTask.run(ScheduledThreadPoolExecutor.java:293)
	at java.util.concurrent.ThreadPoolExecutor.runWorker(ThreadPoolExecutor.java:1149)
	at java.util.concurrent.ThreadPoolExecutor$Worker.run(ThreadPoolExecutor.java:624)
	at java.lang.Thread.run(Thread.java:748)
2019-09-25 05:16:45,563 [RatisPipelineUtilsThread] INFO  pipeline.PipelinePlacementPolicy (PipelinePlacementPolicy.java:meetCriteria(91)) - Pipeline Placement: can't place more pipeline on heavy datanode： ff9cca32-4485-4042-a2cf-de046efe7856 Heaviness: 6 limit: 5
2019-09-25 05:16:45,563 [RatisPipelineUtilsThread] INFO  pipeline.PipelinePlacementPolicy (PipelinePlacementPolicy.java:meetCriteria(91)) - Pipeline Placement: can't place more pipeline on heavy datanode： 26f764fd-4d7b-4424-b7e8-447a1ed3b8ef Heaviness: 6 limit: 5
2019-09-25 05:16:45,563 [RatisPipelineUtilsThread] INFO  pipeline.PipelinePlacementPolicy (PipelinePlacementPolicy.java:meetCriteria(91)) - Pipeline Placement: can't place more pipeline on heavy datanode： ba8dde02-0af5-4216-bd1b-765be5e6f2f5 Heaviness: 6 limit: 5
2019-09-25 05:16:45,564 [RatisPipelineUtilsThread] ERROR pipeline.PipelinePlacementPolicy (PipelinePlacementPolicy.java:filterViableNodes(148)) - Unable to find enough nodes that meet the criteria that cannot engage in more than 5 pipelines. Nodes required: 1 Found: 0, healthy nodes count inNodeManager: 3.
2019-09-25 05:16:45,564 [RatisPipelineUtilsThread] ERROR pipeline.SCMPipelineManager (SCMPipelineManager.java:createPipeline(167)) - Pipeline creation failed.
org.apache.hadoop.hdds.scm.exceptions.SCMException: Unable to find enough nodes that meet the criteria that cannot engage in more than 5 pipelines. Nodes required: 1 Found: 0, healthy nodes count inNodeManager: 3.
	at org.apache.hadoop.hdds.scm.pipeline.PipelinePlacementPolicy.filterViableNodes(PipelinePlacementPolicy.java:149)
	at org.apache.hadoop.hdds.scm.pipeline.PipelinePlacementPolicy.chooseDatanodes(PipelinePlacementPolicy.java:172)
	at org.apache.hadoop.hdds.scm.pipeline.RatisPipelineProvider.create(RatisPipelineProvider.java:93)
	at org.apache.hadoop.hdds.scm.pipeline.PipelineFactory.create(PipelineFactory.java:58)
	at org.apache.hadoop.hdds.scm.pipeline.SCMPipelineManager.createPipeline(SCMPipelineManager.java:155)
	at org.apache.hadoop.hdds.scm.pipeline.BackgroundPipelineCreator.createPipelines(BackgroundPipelineCreator.java:99)
	at org.apache.hadoop.hdds.scm.pipeline.BackgroundPipelineCreator.lambda$startFixedIntervalPipelineCreator$0(BackgroundPipelineCreator.java:70)
	at java.util.concurrent.Executors$RunnableAdapter.call(Executors.java:511)
	at java.util.concurrent.FutureTask.runAndReset(FutureTask.java:308)
	at java.util.concurrent.ScheduledThreadPoolExecutor$ScheduledFutureTask.access$301(ScheduledThreadPoolExecutor.java:180)
	at java.util.concurrent.ScheduledThreadPoolExecutor$ScheduledFutureTask.run(ScheduledThreadPoolExecutor.java:294)
	at java.util.concurrent.ThreadPoolExecutor.runWorker(ThreadPoolExecutor.java:1149)
	at java.util.concurrent.ThreadPoolExecutor$Worker.run(ThreadPoolExecutor.java:624)
	at java.lang.Thread.run(Thread.java:748)
2019-09-25 05:16:45,564 [RatisPipelineUtilsThread] INFO  pipeline.PipelinePlacementPolicy (PipelinePlacementPolicy.java:meetCriteria(91)) - Pipeline Placement: can't place more pipeline on heavy datanode： ff9cca32-4485-4042-a2cf-de046efe7856 Heaviness: 6 limit: 5
2019-09-25 05:16:45,564 [RatisPipelineUtilsThread] INFO  pipeline.PipelinePlacementPolicy (PipelinePlacementPolicy.java:meetCriteria(91)) - Pipeline Placement: can't place more pipeline on heavy datanode： 26f764fd-4d7b-4424-b7e8-447a1ed3b8ef Heaviness: 6 limit: 5
2019-09-25 05:16:45,564 [RatisPipelineUtilsThread] INFO  pipeline.PipelinePlacementPolicy (PipelinePlacementPolicy.java:meetCriteria(91)) - Pipeline Placement: can't place more pipeline on heavy datanode： ba8dde02-0af5-4216-bd1b-765be5e6f2f5 Heaviness: 6 limit: 5
2019-09-25 05:16:45,564 [RatisPipelineUtilsThread] ERROR pipeline.PipelinePlacementPolicy (PipelinePlacementPolicy.java:filterViableNodes(148)) - Unable to find enough nodes that meet the criteria that cannot engage in more than 5 pipelines. Nodes required: 3 Found: 0, healthy nodes count inNodeManager: 3.
2019-09-25 05:16:45,564 [RatisPipelineUtilsThread] ERROR pipeline.SCMPipelineManager (SCMPipelineManager.java:createPipeline(167)) - Pipeline creation failed.
org.apache.hadoop.hdds.scm.exceptions.SCMException: Unable to find enough nodes that meet the criteria that cannot engage in more than 5 pipelines. Nodes required: 3 Found: 0, healthy nodes count inNodeManager: 3.
	at org.apache.hadoop.hdds.scm.pipeline.PipelinePlacementPolicy.filterViableNodes(PipelinePlacementPolicy.java:149)
	at org.apache.hadoop.hdds.scm.pipeline.PipelinePlacementPolicy.chooseDatanodes(PipelinePlacementPolicy.java:172)
	at org.apache.hadoop.hdds.scm.pipeline.RatisPipelineProvider.create(RatisPipelineProvider.java:93)
	at org.apache.hadoop.hdds.scm.pipeline.PipelineFactory.create(PipelineFactory.java:58)
	at org.apache.hadoop.hdds.scm.pipeline.SCMPipelineManager.createPipeline(SCMPipelineManager.java:155)
	at org.apache.hadoop.hdds.scm.pipeline.BackgroundPipelineCreator.createPipelines(BackgroundPipelineCreator.java:99)
	at org.apache.hadoop.hdds.scm.pipeline.BackgroundPipelineCreator.lambda$startFixedIntervalPipelineCreator$0(BackgroundPipelineCreator.java:70)
	at java.util.concurrent.Executors$RunnableAdapter.call(Executors.java:511)
	at java.util.concurrent.FutureTask.runAndReset(FutureTask.java:308)
	at java.util.concurrent.ScheduledThreadPoolExecutor$ScheduledFutureTask.access$301(ScheduledThreadPoolExecutor.java:180)
	at java.util.concurrent.ScheduledThreadPoolExecutor$ScheduledFutureTask.run(ScheduledThreadPoolExecutor.java:294)
	at java.util.concurrent.ThreadPoolExecutor.runWorker(ThreadPoolExecutor.java:1149)
	at java.util.concurrent.ThreadPoolExecutor$Worker.run(ThreadPoolExecutor.java:624)
	at java.lang.Thread.run(Thread.java:748)
2019-09-25 05:16:45,963 [main] INFO  impl.MetricsSystemImpl (MetricsSystemImpl.java:init(158)) - XceiverClientMetrics metrics system started (again)
2019-09-25 05:16:46,947 [Thread-178] INFO  container.ReplicationManager (ReplicationManager.java:start(163)) - Starting Replication Monitor Thread.
2019-09-25 05:16:46,950 [ReplicationMonitor] INFO  container.ReplicationManager (ReplicationManager.java:run(226)) - Replication Monitor Thread took 3 milliseconds for processing 1 containers.
2019-09-25 05:16:49,688 [Thread-186] INFO  impl.FollowerState (FollowerState.java:run(106)) - 26f764fd-4d7b-4424-b7e8-447a1ed3b8ef:group-1363C55F1CF7 changes to CANDIDATE, lastRpcTime:5047, electionTimeout:5047ms
2019-09-25 05:16:49,691 [Thread-186] INFO  impl.RoleInfo (RoleInfo.java:shutdownFollowerState(121)) - 26f764fd-4d7b-4424-b7e8-447a1ed3b8ef: shutdown FollowerState
2019-09-25 05:16:49,691 [Thread-186] INFO  impl.RaftServerImpl (RaftServerImpl.java:setRole(174)) - 26f764fd-4d7b-4424-b7e8-447a1ed3b8ef@group-1363C55F1CF7: changes role from  FOLLOWER to CANDIDATE at term 0 for changeToCandidate
2019-09-25 05:16:49,693 [Thread-183] INFO  impl.FollowerState (FollowerState.java:run(106)) - 26f764fd-4d7b-4424-b7e8-447a1ed3b8ef:group-4EED9A7AAFED changes to CANDIDATE, lastRpcTime:5151, electionTimeout:5151ms
2019-09-25 05:16:49,694 [Thread-183] INFO  impl.RoleInfo (RoleInfo.java:shutdownFollowerState(121)) - 26f764fd-4d7b-4424-b7e8-447a1ed3b8ef: shutdown FollowerState
2019-09-25 05:16:49,694 [Thread-183] INFO  impl.RaftServerImpl (RaftServerImpl.java:setRole(174)) - 26f764fd-4d7b-4424-b7e8-447a1ed3b8ef@group-4EED9A7AAFED: changes role from  FOLLOWER to CANDIDATE at term 0 for changeToCandidate
2019-09-25 05:16:49,695 [Thread-183] INFO  impl.RoleInfo (RoleInfo.java:updateAndGet(143)) - 26f764fd-4d7b-4424-b7e8-447a1ed3b8ef: start LeaderElection
2019-09-25 05:16:49,695 [Thread-186] INFO  impl.RoleInfo (RoleInfo.java:updateAndGet(143)) - 26f764fd-4d7b-4424-b7e8-447a1ed3b8ef: start LeaderElection
2019-09-25 05:16:49,714 [26f764fd-4d7b-4424-b7e8-447a1ed3b8ef@group-4EED9A7AAFED:LeaderElection2] INFO  impl.LeaderElection (LeaderElection.java:askForVotes(182)) - 26f764fd-4d7b-4424-b7e8-447a1ed3b8ef@group-4EED9A7AAFED:LeaderElection2: begin an election at term 1 for -1: [26f764fd-4d7b-4424-b7e8-447a1ed3b8ef:192.168.164.207:40706], old=null
2019-09-25 05:16:49,714 [26f764fd-4d7b-4424-b7e8-447a1ed3b8ef@group-1363C55F1CF7:LeaderElection1] INFO  impl.LeaderElection (LeaderElection.java:askForVotes(182)) - 26f764fd-4d7b-4424-b7e8-447a1ed3b8ef@group-1363C55F1CF7:LeaderElection1: begin an election at term 1 for -1: [26f764fd-4d7b-4424-b7e8-447a1ed3b8ef:192.168.164.207:40706], old=null
2019-09-25 05:16:49,717 [26f764fd-4d7b-4424-b7e8-447a1ed3b8ef@group-4EED9A7AAFED:LeaderElection2] INFO  impl.RoleInfo (RoleInfo.java:shutdownLeaderElection(134)) - 26f764fd-4d7b-4424-b7e8-447a1ed3b8ef: shutdown LeaderElection
2019-09-25 05:16:49,717 [26f764fd-4d7b-4424-b7e8-447a1ed3b8ef@group-1363C55F1CF7:LeaderElection1] INFO  impl.RoleInfo (RoleInfo.java:shutdownLeaderElection(134)) - 26f764fd-4d7b-4424-b7e8-447a1ed3b8ef: shutdown LeaderElection
2019-09-25 05:16:49,718 [26f764fd-4d7b-4424-b7e8-447a1ed3b8ef@group-4EED9A7AAFED:LeaderElection2] INFO  impl.RaftServerImpl (RaftServerImpl.java:setRole(174)) - 26f764fd-4d7b-4424-b7e8-447a1ed3b8ef@group-4EED9A7AAFED: changes role from CANDIDATE to LEADER at term 1 for changeToLeader
2019-09-25 05:16:49,718 [26f764fd-4d7b-4424-b7e8-447a1ed3b8ef@group-1363C55F1CF7:LeaderElection1] INFO  impl.RaftServerImpl (RaftServerImpl.java:setRole(174)) - 26f764fd-4d7b-4424-b7e8-447a1ed3b8ef@group-1363C55F1CF7: changes role from CANDIDATE to LEADER at term 1 for changeToLeader
2019-09-25 05:16:49,718 [26f764fd-4d7b-4424-b7e8-447a1ed3b8ef@group-4EED9A7AAFED:LeaderElection2] INFO  impl.RaftServerImpl (ServerState.java:setLeader(253)) - 26f764fd-4d7b-4424-b7e8-447a1ed3b8ef@group-4EED9A7AAFED: change Leader from null to 26f764fd-4d7b-4424-b7e8-447a1ed3b8ef at term 1 for becomeLeader, leader elected after 5297ms
2019-09-25 05:16:49,718 [26f764fd-4d7b-4424-b7e8-447a1ed3b8ef@group-1363C55F1CF7:LeaderElection1] INFO  impl.RaftServerImpl (ServerState.java:setLeader(253)) - 26f764fd-4d7b-4424-b7e8-447a1ed3b8ef@group-1363C55F1CF7: change Leader from null to 26f764fd-4d7b-4424-b7e8-447a1ed3b8ef at term 1 for becomeLeader, leader elected after 5088ms
2019-09-25 05:16:49,719 [Thread-189] INFO  impl.FollowerState (FollowerState.java:run(106)) - 26f764fd-4d7b-4424-b7e8-447a1ed3b8ef:group-99D9132B5A72 changes to CANDIDATE, lastRpcTime:5017, electionTimeout:5017ms
2019-09-25 05:16:49,719 [Thread-189] INFO  impl.RoleInfo (RoleInfo.java:shutdownFollowerState(121)) - 26f764fd-4d7b-4424-b7e8-447a1ed3b8ef: shutdown FollowerState
2019-09-25 05:16:49,720 [Thread-189] INFO  impl.RaftServerImpl (RaftServerImpl.java:setRole(174)) - 26f764fd-4d7b-4424-b7e8-447a1ed3b8ef@group-99D9132B5A72: changes role from  FOLLOWER to CANDIDATE at term 0 for changeToCandidate
2019-09-25 05:16:49,720 [Thread-189] INFO  impl.RoleInfo (RoleInfo.java:updateAndGet(143)) - 26f764fd-4d7b-4424-b7e8-447a1ed3b8ef: start LeaderElection
2019-09-25 05:16:49,727 [26f764fd-4d7b-4424-b7e8-447a1ed3b8ef@group-1363C55F1CF7:LeaderElection1] INFO  server.RaftServerConfigKeys (ConfUtils.java:logGet(43)) - raft.server.staging.catchup.gap = 1000 (default)
2019-09-25 05:16:49,727 [26f764fd-4d7b-4424-b7e8-447a1ed3b8ef@group-4EED9A7AAFED:LeaderElection2] INFO  server.RaftServerConfigKeys (ConfUtils.java:logGet(43)) - raft.server.staging.catchup.gap = 1000 (default)
2019-09-25 05:16:49,727 [26f764fd-4d7b-4424-b7e8-447a1ed3b8ef@group-1363C55F1CF7:LeaderElection1] INFO  server.RaftServerConfigKeys (ConfUtils.java:logGet(43)) - raft.server.rpc.sleep.time = 25ms (default)
2019-09-25 05:16:49,727 [26f764fd-4d7b-4424-b7e8-447a1ed3b8ef@group-4EED9A7AAFED:LeaderElection2] INFO  server.RaftServerConfigKeys (ConfUtils.java:logGet(43)) - raft.server.rpc.sleep.time = 25ms (default)
2019-09-25 05:16:49,730 [26f764fd-4d7b-4424-b7e8-447a1ed3b8ef@group-4EED9A7AAFED:LeaderElection2] INFO  server.RaftServerConfigKeys (ConfUtils.java:logGet(43)) - raft.server.write.element-limit = 4096 (default)
2019-09-25 05:16:49,730 [26f764fd-4d7b-4424-b7e8-447a1ed3b8ef@group-1363C55F1CF7:LeaderElection1] INFO  server.RaftServerConfigKeys (ConfUtils.java:logGet(43)) - raft.server.write.element-limit = 4096 (default)
2019-09-25 05:16:49,732 [26f764fd-4d7b-4424-b7e8-447a1ed3b8ef@group-1363C55F1CF7:LeaderElection1] INFO  server.RaftServerConfigKeys (ConfUtils.java:logGet(43)) - raft.server.watch.timeout = 10s (default)
2019-09-25 05:16:49,732 [26f764fd-4d7b-4424-b7e8-447a1ed3b8ef@group-4EED9A7AAFED:LeaderElection2] INFO  server.RaftServerConfigKeys (ConfUtils.java:logGet(43)) - raft.server.watch.timeout = 10s (default)
2019-09-25 05:16:49,732 [26f764fd-4d7b-4424-b7e8-447a1ed3b8ef@group-1363C55F1CF7:LeaderElection1] INFO  server.RaftServerConfigKeys (ConfUtils.java:logGet(43)) - raft.server.watch.timeout.denomination = 1s (default)
2019-09-25 05:16:49,732 [26f764fd-4d7b-4424-b7e8-447a1ed3b8ef@group-4EED9A7AAFED:LeaderElection2] INFO  server.RaftServerConfigKeys (ConfUtils.java:logGet(43)) - raft.server.watch.timeout.denomination = 1s (default)
2019-09-25 05:16:49,733 [26f764fd-4d7b-4424-b7e8-447a1ed3b8ef@group-1363C55F1CF7:LeaderElection1] INFO  server.RaftServerConfigKeys (ConfUtils.java:logGet(43)) - raft.server.watch.element-limit = 65536 (default)
2019-09-25 05:16:49,733 [26f764fd-4d7b-4424-b7e8-447a1ed3b8ef@group-4EED9A7AAFED:LeaderElection2] INFO  server.RaftServerConfigKeys (ConfUtils.java:logGet(43)) - raft.server.watch.element-limit = 65536 (default)
2019-09-25 05:16:49,737 [26f764fd-4d7b-4424-b7e8-447a1ed3b8ef@group-99D9132B5A72:LeaderElection3] INFO  impl.LeaderElection (LeaderElection.java:askForVotes(182)) - 26f764fd-4d7b-4424-b7e8-447a1ed3b8ef@group-99D9132B5A72:LeaderElection3: begin an election at term 1 for -1: [26f764fd-4d7b-4424-b7e8-447a1ed3b8ef:192.168.164.207:40706], old=null
2019-09-25 05:16:49,738 [26f764fd-4d7b-4424-b7e8-447a1ed3b8ef@group-99D9132B5A72:LeaderElection3] INFO  impl.RoleInfo (RoleInfo.java:shutdownLeaderElection(134)) - 26f764fd-4d7b-4424-b7e8-447a1ed3b8ef: shutdown LeaderElection
2019-09-25 05:16:49,738 [26f764fd-4d7b-4424-b7e8-447a1ed3b8ef@group-99D9132B5A72:LeaderElection3] INFO  impl.RaftServerImpl (RaftServerImpl.java:setRole(174)) - 26f764fd-4d7b-4424-b7e8-447a1ed3b8ef@group-99D9132B5A72: changes role from CANDIDATE to LEADER at term 1 for changeToLeader
2019-09-25 05:16:49,738 [26f764fd-4d7b-4424-b7e8-447a1ed3b8ef@group-99D9132B5A72:LeaderElection3] INFO  impl.RaftServerImpl (ServerState.java:setLeader(253)) - 26f764fd-4d7b-4424-b7e8-447a1ed3b8ef@group-99D9132B5A72: change Leader from null to 26f764fd-4d7b-4424-b7e8-447a1ed3b8ef at term 1 for becomeLeader, leader elected after 5044ms
2019-09-25 05:16:49,738 [26f764fd-4d7b-4424-b7e8-447a1ed3b8ef@group-99D9132B5A72:LeaderElection3] INFO  server.RaftServerConfigKeys (ConfUtils.java:logGet(43)) - raft.server.staging.catchup.gap = 1000 (default)
2019-09-25 05:16:49,738 [26f764fd-4d7b-4424-b7e8-447a1ed3b8ef@group-99D9132B5A72:LeaderElection3] INFO  server.RaftServerConfigKeys (ConfUtils.java:logGet(43)) - raft.server.rpc.sleep.time = 25ms (default)
2019-09-25 05:16:49,738 [26f764fd-4d7b-4424-b7e8-447a1ed3b8ef@group-99D9132B5A72:LeaderElection3] INFO  server.RaftServerConfigKeys (ConfUtils.java:logGet(43)) - raft.server.write.element-limit = 4096 (default)
2019-09-25 05:16:49,738 [26f764fd-4d7b-4424-b7e8-447a1ed3b8ef@group-99D9132B5A72:LeaderElection3] INFO  server.RaftServerConfigKeys (ConfUtils.java:logGet(43)) - raft.server.watch.timeout = 10s (default)
2019-09-25 05:16:49,739 [26f764fd-4d7b-4424-b7e8-447a1ed3b8ef@group-99D9132B5A72:LeaderElection3] INFO  server.RaftServerConfigKeys (ConfUtils.java:logGet(43)) - raft.server.watch.timeout.denomination = 1s (default)
2019-09-25 05:16:49,739 [26f764fd-4d7b-4424-b7e8-447a1ed3b8ef@group-99D9132B5A72:LeaderElection3] INFO  server.RaftServerConfigKeys (ConfUtils.java:logGet(43)) - raft.server.watch.element-limit = 65536 (default)
2019-09-25 05:16:49,748 [26f764fd-4d7b-4424-b7e8-447a1ed3b8ef@group-1363C55F1CF7:LeaderElection1] INFO  impl.RoleInfo (RoleInfo.java:updateAndGet(143)) - 26f764fd-4d7b-4424-b7e8-447a1ed3b8ef: start LeaderState
2019-09-25 05:16:49,748 [26f764fd-4d7b-4424-b7e8-447a1ed3b8ef@group-99D9132B5A72:LeaderElection3] INFO  impl.RoleInfo (RoleInfo.java:updateAndGet(143)) - 26f764fd-4d7b-4424-b7e8-447a1ed3b8ef: start LeaderState
2019-09-25 05:16:49,748 [26f764fd-4d7b-4424-b7e8-447a1ed3b8ef@group-4EED9A7AAFED:LeaderElection2] INFO  impl.RoleInfo (RoleInfo.java:updateAndGet(143)) - 26f764fd-4d7b-4424-b7e8-447a1ed3b8ef: start LeaderState
2019-09-25 05:16:49,766 [26f764fd-4d7b-4424-b7e8-447a1ed3b8ef@group-4EED9A7AAFED:LeaderElection2] INFO  segmented.SegmentedRaftLogWorker (SegmentedRaftLogWorker.java:startLogSegment(380)) - 26f764fd-4d7b-4424-b7e8-447a1ed3b8ef@group-4EED9A7AAFED-SegmentedRaftLogWorker: Starting segment from index:0
2019-09-25 05:16:49,766 [26f764fd-4d7b-4424-b7e8-447a1ed3b8ef@group-99D9132B5A72:LeaderElection3] INFO  segmented.SegmentedRaftLogWorker (SegmentedRaftLogWorker.java:startLogSegment(380)) - 26f764fd-4d7b-4424-b7e8-447a1ed3b8ef@group-99D9132B5A72-SegmentedRaftLogWorker: Starting segment from index:0
2019-09-25 05:16:49,766 [26f764fd-4d7b-4424-b7e8-447a1ed3b8ef@group-1363C55F1CF7:LeaderElection1] INFO  segmented.SegmentedRaftLogWorker (SegmentedRaftLogWorker.java:startLogSegment(380)) - 26f764fd-4d7b-4424-b7e8-447a1ed3b8ef@group-1363C55F1CF7-SegmentedRaftLogWorker: Starting segment from index:0
2019-09-25 05:16:49,774 [26f764fd-4d7b-4424-b7e8-447a1ed3b8ef@group-1363C55F1CF7:LeaderElection1] INFO  impl.RaftServerImpl (ServerState.java:setRaftConf(354)) - 26f764fd-4d7b-4424-b7e8-447a1ed3b8ef@group-1363C55F1CF7: set configuration 0: [26f764fd-4d7b-4424-b7e8-447a1ed3b8ef:192.168.164.207:40706], old=null at 0
2019-09-25 05:16:49,774 [26f764fd-4d7b-4424-b7e8-447a1ed3b8ef@group-99D9132B5A72:LeaderElection3] INFO  impl.RaftServerImpl (ServerState.java:setRaftConf(354)) - 26f764fd-4d7b-4424-b7e8-447a1ed3b8ef@group-99D9132B5A72: set configuration 0: [26f764fd-4d7b-4424-b7e8-447a1ed3b8ef:192.168.164.207:40706], old=null at 0
2019-09-25 05:16:49,774 [26f764fd-4d7b-4424-b7e8-447a1ed3b8ef@group-4EED9A7AAFED:LeaderElection2] INFO  impl.RaftServerImpl (ServerState.java:setRaftConf(354)) - 26f764fd-4d7b-4424-b7e8-447a1ed3b8ef@group-4EED9A7AAFED: set configuration 0: [26f764fd-4d7b-4424-b7e8-447a1ed3b8ef:192.168.164.207:40706], old=null at 0
2019-09-25 05:16:49,945 [26f764fd-4d7b-4424-b7e8-447a1ed3b8ef@group-4EED9A7AAFED-SegmentedRaftLogWorker] INFO  segmented.SegmentedRaftLogWorker (SegmentedRaftLogWorker.java:execute(569)) - 26f764fd-4d7b-4424-b7e8-447a1ed3b8ef@group-4EED9A7AAFED-SegmentedRaftLogWorker: created new log segment /workdir/hadoop-ozone/integration-test/target/test-dir/MiniOzoneClusterImpl-61ea7bfd-f5dc-44df-9f38-4734a4a03623/datanode-0/data/ratis/a3fa9984-6370-4c1f-b5e6-4eed9a7aafed/current/log_inprogress_0
2019-09-25 05:16:49,945 [26f764fd-4d7b-4424-b7e8-447a1ed3b8ef@group-99D9132B5A72-SegmentedRaftLogWorker] INFO  segmented.SegmentedRaftLogWorker (SegmentedRaftLogWorker.java:execute(569)) - 26f764fd-4d7b-4424-b7e8-447a1ed3b8ef@group-99D9132B5A72-SegmentedRaftLogWorker: created new log segment /workdir/hadoop-ozone/integration-test/target/test-dir/MiniOzoneClusterImpl-61ea7bfd-f5dc-44df-9f38-4734a4a03623/datanode-0/data/ratis/5f553612-2699-470f-8d18-99d9132b5a72/current/log_inprogress_0
2019-09-25 05:16:49,945 [26f764fd-4d7b-4424-b7e8-447a1ed3b8ef@group-1363C55F1CF7-SegmentedRaftLogWorker] INFO  segmented.SegmentedRaftLogWorker (SegmentedRaftLogWorker.java:execute(569)) - 26f764fd-4d7b-4424-b7e8-447a1ed3b8ef@group-1363C55F1CF7-SegmentedRaftLogWorker: created new log segment /workdir/hadoop-ozone/integration-test/target/test-dir/MiniOzoneClusterImpl-61ea7bfd-f5dc-44df-9f38-4734a4a03623/datanode-0/data/ratis/0a7f992d-b0c1-49c3-8522-1363c55f1cf7/current/log_inprogress_0
2019-09-25 05:16:49,959 [Thread-192] INFO  impl.FollowerState (FollowerState.java:run(106)) - ba8dde02-0af5-4216-bd1b-765be5e6f2f5:group-89611EF8E453 changes to CANDIDATE, lastRpcTime:5182, electionTimeout:5182ms
2019-09-25 05:16:49,960 [Thread-192] INFO  impl.RoleInfo (RoleInfo.java:shutdownFollowerState(121)) - ba8dde02-0af5-4216-bd1b-765be5e6f2f5: shutdown FollowerState
2019-09-25 05:16:49,960 [Thread-192] INFO  impl.RaftServerImpl (RaftServerImpl.java:setRole(174)) - ba8dde02-0af5-4216-bd1b-765be5e6f2f5@group-89611EF8E453: changes role from  FOLLOWER to CANDIDATE at term 0 for changeToCandidate
2019-09-25 05:16:49,960 [Thread-192] INFO  impl.RoleInfo (RoleInfo.java:updateAndGet(143)) - ba8dde02-0af5-4216-bd1b-765be5e6f2f5: start LeaderElection
2019-09-25 05:16:49,975 [ba8dde02-0af5-4216-bd1b-765be5e6f2f5@group-89611EF8E453:LeaderElection4] INFO  impl.LeaderElection (LeaderElection.java:askForVotes(182)) - ba8dde02-0af5-4216-bd1b-765be5e6f2f5@group-89611EF8E453:LeaderElection4: begin an election at term 1 for -1: [ba8dde02-0af5-4216-bd1b-765be5e6f2f5:192.168.164.207:33616], old=null
2019-09-25 05:16:49,975 [ba8dde02-0af5-4216-bd1b-765be5e6f2f5@group-89611EF8E453:LeaderElection4] INFO  impl.RoleInfo (RoleInfo.java:shutdownLeaderElection(134)) - ba8dde02-0af5-4216-bd1b-765be5e6f2f5: shutdown LeaderElection
2019-09-25 05:16:49,975 [ba8dde02-0af5-4216-bd1b-765be5e6f2f5@group-89611EF8E453:LeaderElection4] INFO  impl.RaftServerImpl (RaftServerImpl.java:setRole(174)) - ba8dde02-0af5-4216-bd1b-765be5e6f2f5@group-89611EF8E453: changes role from CANDIDATE to LEADER at term 1 for changeToLeader
2019-09-25 05:16:49,975 [ba8dde02-0af5-4216-bd1b-765be5e6f2f5@group-89611EF8E453:LeaderElection4] INFO  impl.RaftServerImpl (ServerState.java:setLeader(253)) - ba8dde02-0af5-4216-bd1b-765be5e6f2f5@group-89611EF8E453: change Leader from null to ba8dde02-0af5-4216-bd1b-765be5e6f2f5 at term 1 for becomeLeader, leader elected after 5209ms
2019-09-25 05:16:49,975 [ba8dde02-0af5-4216-bd1b-765be5e6f2f5@group-89611EF8E453:LeaderElection4] INFO  server.RaftServerConfigKeys (ConfUtils.java:logGet(43)) - raft.server.staging.catchup.gap = 1000 (default)
2019-09-25 05:16:49,975 [ba8dde02-0af5-4216-bd1b-765be5e6f2f5@group-89611EF8E453:LeaderElection4] INFO  server.RaftServerConfigKeys (ConfUtils.java:logGet(43)) - raft.server.rpc.sleep.time = 25ms (default)
2019-09-25 05:16:49,975 [ba8dde02-0af5-4216-bd1b-765be5e6f2f5@group-89611EF8E453:LeaderElection4] INFO  server.RaftServerConfigKeys (ConfUtils.java:logGet(43)) - raft.server.write.element-limit = 4096 (default)
2019-09-25 05:16:49,976 [ba8dde02-0af5-4216-bd1b-765be5e6f2f5@group-89611EF8E453:LeaderElection4] INFO  server.RaftServerConfigKeys (ConfUtils.java:logGet(43)) - raft.server.watch.timeout = 10s (default)
2019-09-25 05:16:49,976 [ba8dde02-0af5-4216-bd1b-765be5e6f2f5@group-89611EF8E453:LeaderElection4] INFO  server.RaftServerConfigKeys (ConfUtils.java:logGet(43)) - raft.server.watch.timeout.denomination = 1s (default)
2019-09-25 05:16:49,976 [ba8dde02-0af5-4216-bd1b-765be5e6f2f5@group-89611EF8E453:LeaderElection4] INFO  server.RaftServerConfigKeys (ConfUtils.java:logGet(43)) - raft.server.watch.element-limit = 65536 (default)
2019-09-25 05:16:49,978 [ba8dde02-0af5-4216-bd1b-765be5e6f2f5@group-89611EF8E453:LeaderElection4] INFO  impl.RoleInfo (RoleInfo.java:updateAndGet(143)) - ba8dde02-0af5-4216-bd1b-765be5e6f2f5: start LeaderState
2019-09-25 05:16:49,978 [ba8dde02-0af5-4216-bd1b-765be5e6f2f5@group-89611EF8E453:LeaderElection4] INFO  segmented.SegmentedRaftLogWorker (SegmentedRaftLogWorker.java:startLogSegment(380)) - ba8dde02-0af5-4216-bd1b-765be5e6f2f5@group-89611EF8E453-SegmentedRaftLogWorker: Starting segment from index:0
2019-09-25 05:16:49,978 [ba8dde02-0af5-4216-bd1b-765be5e6f2f5@group-89611EF8E453:LeaderElection4] INFO  impl.RaftServerImpl (ServerState.java:setRaftConf(354)) - ba8dde02-0af5-4216-bd1b-765be5e6f2f5@group-89611EF8E453: set configuration 0: [ba8dde02-0af5-4216-bd1b-765be5e6f2f5:192.168.164.207:33616], old=null at 0
2019-09-25 05:16:50,016 [ba8dde02-0af5-4216-bd1b-765be5e6f2f5@group-89611EF8E453-SegmentedRaftLogWorker] INFO  segmented.SegmentedRaftLogWorker (SegmentedRaftLogWorker.java:execute(569)) - ba8dde02-0af5-4216-bd1b-765be5e6f2f5@group-89611EF8E453-SegmentedRaftLogWorker: created new log segment /workdir/hadoop-ozone/integration-test/target/test-dir/MiniOzoneClusterImpl-61ea7bfd-f5dc-44df-9f38-4734a4a03623/datanode-2/data/ratis/0b67e9f7-2a90-404c-b207-89611ef8e453/current/log_inprogress_0
2019-09-25 05:16:50,027 [Thread-198] INFO  impl.FollowerState (FollowerState.java:run(106)) - ba8dde02-0af5-4216-bd1b-765be5e6f2f5:group-A89D8221FE5A changes to CANDIDATE, lastRpcTime:5126, electionTimeout:5126ms
2019-09-25 05:16:50,027 [Thread-198] INFO  impl.RoleInfo (RoleInfo.java:shutdownFollowerState(121)) - ba8dde02-0af5-4216-bd1b-765be5e6f2f5: shutdown FollowerState
2019-09-25 05:16:50,027 [Thread-198] INFO  impl.RaftServerImpl (RaftServerImpl.java:setRole(174)) - ba8dde02-0af5-4216-bd1b-765be5e6f2f5@group-A89D8221FE5A: changes role from  FOLLOWER to CANDIDATE at term 0 for changeToCandidate
2019-09-25 05:16:50,027 [Thread-198] INFO  impl.RoleInfo (RoleInfo.java:updateAndGet(143)) - ba8dde02-0af5-4216-bd1b-765be5e6f2f5: start LeaderElection
2019-09-25 05:16:50,039 [Thread-195] INFO  impl.FollowerState (FollowerState.java:run(106)) - ff9cca32-4485-4042-a2cf-de046efe7856:group-C09397CC09B9 changes to CANDIDATE, lastRpcTime:5183, electionTimeout:5183ms
2019-09-25 05:16:50,039 [Thread-195] INFO  impl.RoleInfo (RoleInfo.java:shutdownFollowerState(121)) - ff9cca32-4485-4042-a2cf-de046efe7856: shutdown FollowerState
2019-09-25 05:16:50,039 [Thread-195] INFO  impl.RaftServerImpl (RaftServerImpl.java:setRole(174)) - ff9cca32-4485-4042-a2cf-de046efe7856@group-C09397CC09B9: changes role from  FOLLOWER to CANDIDATE at term 0 for changeToCandidate
2019-09-25 05:16:50,039 [Thread-195] INFO  impl.RoleInfo (RoleInfo.java:updateAndGet(143)) - ff9cca32-4485-4042-a2cf-de046efe7856: start LeaderElection
2019-09-25 05:16:50,041 [ba8dde02-0af5-4216-bd1b-765be5e6f2f5@group-A89D8221FE5A:LeaderElection5] INFO  impl.LeaderElection (LeaderElection.java:askForVotes(182)) - ba8dde02-0af5-4216-bd1b-765be5e6f2f5@group-A89D8221FE5A:LeaderElection5: begin an election at term 1 for -1: [ba8dde02-0af5-4216-bd1b-765be5e6f2f5:192.168.164.207:33616], old=null
2019-09-25 05:16:50,041 [ba8dde02-0af5-4216-bd1b-765be5e6f2f5@group-A89D8221FE5A:LeaderElection5] INFO  impl.RoleInfo (RoleInfo.java:shutdownLeaderElection(134)) - ba8dde02-0af5-4216-bd1b-765be5e6f2f5: shutdown LeaderElection
2019-09-25 05:16:50,041 [ba8dde02-0af5-4216-bd1b-765be5e6f2f5@group-A89D8221FE5A:LeaderElection5] INFO  impl.RaftServerImpl (RaftServerImpl.java:setRole(174)) - ba8dde02-0af5-4216-bd1b-765be5e6f2f5@group-A89D8221FE5A: changes role from CANDIDATE to LEADER at term 1 for changeToLeader
2019-09-25 05:16:50,041 [ba8dde02-0af5-4216-bd1b-765be5e6f2f5@group-A89D8221FE5A:LeaderElection5] INFO  impl.RaftServerImpl (ServerState.java:setLeader(253)) - ba8dde02-0af5-4216-bd1b-765be5e6f2f5@group-A89D8221FE5A: change Leader from null to ba8dde02-0af5-4216-bd1b-765be5e6f2f5 at term 1 for becomeLeader, leader elected after 5150ms
2019-09-25 05:16:50,042 [ba8dde02-0af5-4216-bd1b-765be5e6f2f5@group-A89D8221FE5A:LeaderElection5] INFO  server.RaftServerConfigKeys (ConfUtils.java:logGet(43)) - raft.server.staging.catchup.gap = 1000 (default)
2019-09-25 05:16:50,042 [ba8dde02-0af5-4216-bd1b-765be5e6f2f5@group-A89D8221FE5A:LeaderElection5] INFO  server.RaftServerConfigKeys (ConfUtils.java:logGet(43)) - raft.server.rpc.sleep.time = 25ms (default)
2019-09-25 05:16:50,042 [ba8dde02-0af5-4216-bd1b-765be5e6f2f5@group-A89D8221FE5A:LeaderElection5] INFO  server.RaftServerConfigKeys (ConfUtils.java:logGet(43)) - raft.server.write.element-limit = 4096 (default)
2019-09-25 05:16:50,042 [ba8dde02-0af5-4216-bd1b-765be5e6f2f5@group-A89D8221FE5A:LeaderElection5] INFO  server.RaftServerConfigKeys (ConfUtils.java:logGet(43)) - raft.server.watch.timeout = 10s (default)
2019-09-25 05:16:50,042 [ba8dde02-0af5-4216-bd1b-765be5e6f2f5@group-A89D8221FE5A:LeaderElection5] INFO  server.RaftServerConfigKeys (ConfUtils.java:logGet(43)) - raft.server.watch.timeout.denomination = 1s (default)
2019-09-25 05:16:50,042 [ba8dde02-0af5-4216-bd1b-765be5e6f2f5@group-A89D8221FE5A:LeaderElection5] INFO  server.RaftServerConfigKeys (ConfUtils.java:logGet(43)) - raft.server.watch.element-limit = 65536 (default)
2019-09-25 05:16:50,044 [ff9cca32-4485-4042-a2cf-de046efe7856@group-C09397CC09B9:LeaderElection6] INFO  impl.LeaderElection (LeaderElection.java:askForVotes(182)) - ff9cca32-4485-4042-a2cf-de046efe7856@group-C09397CC09B9:LeaderElection6: begin an election at term 1 for -1: [ff9cca32-4485-4042-a2cf-de046efe7856:192.168.164.207:41669], old=null
2019-09-25 05:16:50,044 [ff9cca32-4485-4042-a2cf-de046efe7856@group-C09397CC09B9:LeaderElection6] INFO  impl.RoleInfo (RoleInfo.java:shutdownLeaderElection(134)) - ff9cca32-4485-4042-a2cf-de046efe7856: shutdown LeaderElection
2019-09-25 05:16:50,044 [ff9cca32-4485-4042-a2cf-de046efe7856@group-C09397CC09B9:LeaderElection6] INFO  impl.RaftServerImpl (RaftServerImpl.java:setRole(174)) - ff9cca32-4485-4042-a2cf-de046efe7856@group-C09397CC09B9: changes role from CANDIDATE to LEADER at term 1 for changeToLeader
2019-09-25 05:16:50,044 [ff9cca32-4485-4042-a2cf-de046efe7856@group-C09397CC09B9:LeaderElection6] INFO  impl.RaftServerImpl (ServerState.java:setLeader(253)) - ff9cca32-4485-4042-a2cf-de046efe7856@group-C09397CC09B9: change Leader from null to ff9cca32-4485-4042-a2cf-de046efe7856 at term 1 for becomeLeader, leader elected after 5211ms
2019-09-25 05:16:50,044 [ff9cca32-4485-4042-a2cf-de046efe7856@group-C09397CC09B9:LeaderElection6] INFO  server.RaftServerConfigKeys (ConfUtils.java:logGet(43)) - raft.server.staging.catchup.gap = 1000 (default)
2019-09-25 05:16:50,044 [ba8dde02-0af5-4216-bd1b-765be5e6f2f5@group-A89D8221FE5A:LeaderElection5] INFO  impl.RoleInfo (RoleInfo.java:updateAndGet(143)) - ba8dde02-0af5-4216-bd1b-765be5e6f2f5: start LeaderState
2019-09-25 05:16:50,044 [ff9cca32-4485-4042-a2cf-de046efe7856@group-C09397CC09B9:LeaderElection6] INFO  server.RaftServerConfigKeys (ConfUtils.java:logGet(43)) - raft.server.rpc.sleep.time = 25ms (default)
2019-09-25 05:16:50,044 [ff9cca32-4485-4042-a2cf-de046efe7856@group-C09397CC09B9:LeaderElection6] INFO  server.RaftServerConfigKeys (ConfUtils.java:logGet(43)) - raft.server.write.element-limit = 4096 (default)
2019-09-25 05:16:50,044 [ba8dde02-0af5-4216-bd1b-765be5e6f2f5@group-A89D8221FE5A:LeaderElection5] INFO  segmented.SegmentedRaftLogWorker (SegmentedRaftLogWorker.java:startLogSegment(380)) - ba8dde02-0af5-4216-bd1b-765be5e6f2f5@group-A89D8221FE5A-SegmentedRaftLogWorker: Starting segment from index:0
2019-09-25 05:16:50,044 [ff9cca32-4485-4042-a2cf-de046efe7856@group-C09397CC09B9:LeaderElection6] INFO  server.RaftServerConfigKeys (ConfUtils.java:logGet(43)) - raft.server.watch.timeout = 10s (default)
2019-09-25 05:16:50,044 [ff9cca32-4485-4042-a2cf-de046efe7856@group-C09397CC09B9:LeaderElection6] INFO  server.RaftServerConfigKeys (ConfUtils.java:logGet(43)) - raft.server.watch.timeout.denomination = 1s (default)
2019-09-25 05:16:50,045 [ff9cca32-4485-4042-a2cf-de046efe7856@group-C09397CC09B9:LeaderElection6] INFO  server.RaftServerConfigKeys (ConfUtils.java:logGet(43)) - raft.server.watch.element-limit = 65536 (default)
2019-09-25 05:16:50,045 [ba8dde02-0af5-4216-bd1b-765be5e6f2f5@group-A89D8221FE5A:LeaderElection5] INFO  impl.RaftServerImpl (ServerState.java:setRaftConf(354)) - ba8dde02-0af5-4216-bd1b-765be5e6f2f5@group-A89D8221FE5A: set configuration 0: [ba8dde02-0af5-4216-bd1b-765be5e6f2f5:192.168.164.207:33616], old=null at 0
2019-09-25 05:16:50,072 [ff9cca32-4485-4042-a2cf-de046efe7856@group-C09397CC09B9:LeaderElection6] INFO  impl.RoleInfo (RoleInfo.java:updateAndGet(143)) - ff9cca32-4485-4042-a2cf-de046efe7856: start LeaderState
2019-09-25 05:16:50,073 [ff9cca32-4485-4042-a2cf-de046efe7856@group-C09397CC09B9:LeaderElection6] INFO  segmented.SegmentedRaftLogWorker (SegmentedRaftLogWorker.java:startLogSegment(380)) - ff9cca32-4485-4042-a2cf-de046efe7856@group-C09397CC09B9-SegmentedRaftLogWorker: Starting segment from index:0
2019-09-25 05:16:50,074 [ff9cca32-4485-4042-a2cf-de046efe7856@group-C09397CC09B9:LeaderElection6] INFO  impl.RaftServerImpl (ServerState.java:setRaftConf(354)) - ff9cca32-4485-4042-a2cf-de046efe7856@group-C09397CC09B9: set configuration 0: [ff9cca32-4485-4042-a2cf-de046efe7856:192.168.164.207:41669], old=null at 0
2019-09-25 05:16:50,110 [Thread-201] INFO  impl.FollowerState (FollowerState.java:run(106)) - ff9cca32-4485-4042-a2cf-de046efe7856:group-47EBF072AD95 changes to CANDIDATE, lastRpcTime:5154, electionTimeout:5149ms
2019-09-25 05:16:50,110 [ba8dde02-0af5-4216-bd1b-765be5e6f2f5@group-A89D8221FE5A-SegmentedRaftLogWorker] INFO  segmented.SegmentedRaftLogWorker (SegmentedRaftLogWorker.java:execute(569)) - ba8dde02-0af5-4216-bd1b-765be5e6f2f5@group-A89D8221FE5A-SegmentedRaftLogWorker: created new log segment /workdir/hadoop-ozone/integration-test/target/test-dir/MiniOzoneClusterImpl-61ea7bfd-f5dc-44df-9f38-4734a4a03623/datanode-2/data/ratis/a8c76fa6-1076-4e9b-a71d-a89d8221fe5a/current/log_inprogress_0
2019-09-25 05:16:50,110 [Thread-201] INFO  impl.RoleInfo (RoleInfo.java:shutdownFollowerState(121)) - ff9cca32-4485-4042-a2cf-de046efe7856: shutdown FollowerState
2019-09-25 05:16:50,111 [Thread-201] INFO  impl.RaftServerImpl (RaftServerImpl.java:setRole(174)) - ff9cca32-4485-4042-a2cf-de046efe7856@group-47EBF072AD95: changes role from  FOLLOWER to CANDIDATE at term 0 for changeToCandidate
2019-09-25 05:16:50,111 [Thread-201] INFO  impl.RoleInfo (RoleInfo.java:updateAndGet(143)) - ff9cca32-4485-4042-a2cf-de046efe7856: start LeaderElection
2019-09-25 05:16:50,121 [Thread-204] INFO  impl.FollowerState (FollowerState.java:run(106)) - 26f764fd-4d7b-4424-b7e8-447a1ed3b8ef:group-296A2A3CC25E changes to CANDIDATE, lastRpcTime:5105, electionTimeout:5105ms
2019-09-25 05:16:50,121 [Thread-204] INFO  impl.RoleInfo (RoleInfo.java:shutdownFollowerState(121)) - 26f764fd-4d7b-4424-b7e8-447a1ed3b8ef: shutdown FollowerState
2019-09-25 05:16:50,121 [Thread-204] INFO  impl.RaftServerImpl (RaftServerImpl.java:setRole(174)) - 26f764fd-4d7b-4424-b7e8-447a1ed3b8ef@group-296A2A3CC25E: changes role from  FOLLOWER to CANDIDATE at term 0 for changeToCandidate
2019-09-25 05:16:50,121 [Thread-204] INFO  impl.RoleInfo (RoleInfo.java:updateAndGet(143)) - 26f764fd-4d7b-4424-b7e8-447a1ed3b8ef: start LeaderElection
2019-09-25 05:16:50,124 [ff9cca32-4485-4042-a2cf-de046efe7856@group-C09397CC09B9-SegmentedRaftLogWorker] INFO  segmented.SegmentedRaftLogWorker (SegmentedRaftLogWorker.java:execute(569)) - ff9cca32-4485-4042-a2cf-de046efe7856@group-C09397CC09B9-SegmentedRaftLogWorker: created new log segment /workdir/hadoop-ozone/integration-test/target/test-dir/MiniOzoneClusterImpl-61ea7bfd-f5dc-44df-9f38-4734a4a03623/datanode-1/data/ratis/5fb137c8-67d2-4147-8b93-c09397cc09b9/current/log_inprogress_0
2019-09-25 05:16:50,124 [ff9cca32-4485-4042-a2cf-de046efe7856@group-47EBF072AD95:LeaderElection7] INFO  impl.LeaderElection (LeaderElection.java:askForVotes(182)) - ff9cca32-4485-4042-a2cf-de046efe7856@group-47EBF072AD95:LeaderElection7: begin an election at term 1 for -1: [ff9cca32-4485-4042-a2cf-de046efe7856:192.168.164.207:41669], old=null
2019-09-25 05:16:50,124 [ff9cca32-4485-4042-a2cf-de046efe7856@group-47EBF072AD95:LeaderElection7] INFO  impl.RoleInfo (RoleInfo.java:shutdownLeaderElection(134)) - ff9cca32-4485-4042-a2cf-de046efe7856: shutdown LeaderElection
2019-09-25 05:16:50,125 [ff9cca32-4485-4042-a2cf-de046efe7856@group-47EBF072AD95:LeaderElection7] INFO  impl.RaftServerImpl (RaftServerImpl.java:setRole(174)) - ff9cca32-4485-4042-a2cf-de046efe7856@group-47EBF072AD95: changes role from CANDIDATE to LEADER at term 1 for changeToLeader
2019-09-25 05:16:50,125 [ff9cca32-4485-4042-a2cf-de046efe7856@group-47EBF072AD95:LeaderElection7] INFO  impl.RaftServerImpl (ServerState.java:setLeader(253)) - ff9cca32-4485-4042-a2cf-de046efe7856@group-47EBF072AD95: change Leader from null to ff9cca32-4485-4042-a2cf-de046efe7856 at term 1 for becomeLeader, leader elected after 5176ms
2019-09-25 05:16:50,125 [ff9cca32-4485-4042-a2cf-de046efe7856@group-47EBF072AD95:LeaderElection7] INFO  server.RaftServerConfigKeys (ConfUtils.java:logGet(43)) - raft.server.staging.catchup.gap = 1000 (default)
2019-09-25 05:16:50,125 [ff9cca32-4485-4042-a2cf-de046efe7856@group-47EBF072AD95:LeaderElection7] INFO  server.RaftServerConfigKeys (ConfUtils.java:logGet(43)) - raft.server.rpc.sleep.time = 25ms (default)
2019-09-25 05:16:50,125 [ff9cca32-4485-4042-a2cf-de046efe7856@group-47EBF072AD95:LeaderElection7] INFO  server.RaftServerConfigKeys (ConfUtils.java:logGet(43)) - raft.server.write.element-limit = 4096 (default)
2019-09-25 05:16:50,125 [ff9cca32-4485-4042-a2cf-de046efe7856@group-47EBF072AD95:LeaderElection7] INFO  server.RaftServerConfigKeys (ConfUtils.java:logGet(43)) - raft.server.watch.timeout = 10s (default)
2019-09-25 05:16:50,125 [ff9cca32-4485-4042-a2cf-de046efe7856@group-47EBF072AD95:LeaderElection7] INFO  server.RaftServerConfigKeys (ConfUtils.java:logGet(43)) - raft.server.watch.timeout.denomination = 1s (default)
2019-09-25 05:16:50,126 [ff9cca32-4485-4042-a2cf-de046efe7856@group-47EBF072AD95:LeaderElection7] INFO  server.RaftServerConfigKeys (ConfUtils.java:logGet(43)) - raft.server.watch.element-limit = 65536 (default)
2019-09-25 05:16:50,128 [ff9cca32-4485-4042-a2cf-de046efe7856@group-47EBF072AD95:LeaderElection7] INFO  impl.RoleInfo (RoleInfo.java:updateAndGet(143)) - ff9cca32-4485-4042-a2cf-de046efe7856: start LeaderState
2019-09-25 05:16:50,128 [ff9cca32-4485-4042-a2cf-de046efe7856@group-47EBF072AD95:LeaderElection7] INFO  segmented.SegmentedRaftLogWorker (SegmentedRaftLogWorker.java:startLogSegment(380)) - ff9cca32-4485-4042-a2cf-de046efe7856@group-47EBF072AD95-SegmentedRaftLogWorker: Starting segment from index:0
2019-09-25 05:16:50,129 [ff9cca32-4485-4042-a2cf-de046efe7856@group-47EBF072AD95:LeaderElection7] INFO  impl.RaftServerImpl (ServerState.java:setRaftConf(354)) - ff9cca32-4485-4042-a2cf-de046efe7856@group-47EBF072AD95: set configuration 0: [ff9cca32-4485-4042-a2cf-de046efe7856:192.168.164.207:41669], old=null at 0
2019-09-25 05:16:50,159 [26f764fd-4d7b-4424-b7e8-447a1ed3b8ef@group-296A2A3CC25E:LeaderElection8] INFO  impl.LeaderElection (LeaderElection.java:askForVotes(182)) - 26f764fd-4d7b-4424-b7e8-447a1ed3b8ef@group-296A2A3CC25E:LeaderElection8: begin an election at term 1 for -1: [26f764fd-4d7b-4424-b7e8-447a1ed3b8ef:192.168.164.207:40706], old=null
2019-09-25 05:16:50,159 [26f764fd-4d7b-4424-b7e8-447a1ed3b8ef@group-296A2A3CC25E:LeaderElection8] INFO  impl.RoleInfo (RoleInfo.java:shutdownLeaderElection(134)) - 26f764fd-4d7b-4424-b7e8-447a1ed3b8ef: shutdown LeaderElection
2019-09-25 05:16:50,159 [26f764fd-4d7b-4424-b7e8-447a1ed3b8ef@group-296A2A3CC25E:LeaderElection8] INFO  impl.RaftServerImpl (RaftServerImpl.java:setRole(174)) - 26f764fd-4d7b-4424-b7e8-447a1ed3b8ef@group-296A2A3CC25E: changes role from CANDIDATE to LEADER at term 1 for changeToLeader
2019-09-25 05:16:50,159 [26f764fd-4d7b-4424-b7e8-447a1ed3b8ef@group-296A2A3CC25E:LeaderElection8] INFO  impl.RaftServerImpl (ServerState.java:setLeader(253)) - 26f764fd-4d7b-4424-b7e8-447a1ed3b8ef@group-296A2A3CC25E: change Leader from null to 26f764fd-4d7b-4424-b7e8-447a1ed3b8ef at term 1 for becomeLeader, leader elected after 5152ms
2019-09-25 05:16:50,159 [26f764fd-4d7b-4424-b7e8-447a1ed3b8ef@group-296A2A3CC25E:LeaderElection8] INFO  server.RaftServerConfigKeys (ConfUtils.java:logGet(43)) - raft.server.staging.catchup.gap = 1000 (default)
2019-09-25 05:16:50,159 [26f764fd-4d7b-4424-b7e8-447a1ed3b8ef@group-296A2A3CC25E:LeaderElection8] INFO  server.RaftServerConfigKeys (ConfUtils.java:logGet(43)) - raft.server.rpc.sleep.time = 25ms (default)
2019-09-25 05:16:50,159 [26f764fd-4d7b-4424-b7e8-447a1ed3b8ef@group-296A2A3CC25E:LeaderElection8] INFO  server.RaftServerConfigKeys (ConfUtils.java:logGet(43)) - raft.server.write.element-limit = 4096 (default)
2019-09-25 05:16:50,160 [26f764fd-4d7b-4424-b7e8-447a1ed3b8ef@group-296A2A3CC25E:LeaderElection8] INFO  server.RaftServerConfigKeys (ConfUtils.java:logGet(43)) - raft.server.watch.timeout = 10s (default)
2019-09-25 05:16:50,160 [26f764fd-4d7b-4424-b7e8-447a1ed3b8ef@group-296A2A3CC25E:LeaderElection8] INFO  server.RaftServerConfigKeys (ConfUtils.java:logGet(43)) - raft.server.watch.timeout.denomination = 1s (default)
2019-09-25 05:16:50,160 [26f764fd-4d7b-4424-b7e8-447a1ed3b8ef@group-296A2A3CC25E:LeaderElection8] INFO  server.RaftServerConfigKeys (ConfUtils.java:logGet(43)) - raft.server.watch.element-limit = 65536 (default)
2019-09-25 05:16:50,162 [26f764fd-4d7b-4424-b7e8-447a1ed3b8ef@group-296A2A3CC25E:LeaderElection8] INFO  impl.RoleInfo (RoleInfo.java:updateAndGet(143)) - 26f764fd-4d7b-4424-b7e8-447a1ed3b8ef: start LeaderState
2019-09-25 05:16:50,162 [26f764fd-4d7b-4424-b7e8-447a1ed3b8ef@group-296A2A3CC25E:LeaderElection8] INFO  segmented.SegmentedRaftLogWorker (SegmentedRaftLogWorker.java:startLogSegment(380)) - 26f764fd-4d7b-4424-b7e8-447a1ed3b8ef@group-296A2A3CC25E-SegmentedRaftLogWorker: Starting segment from index:0
2019-09-25 05:16:50,162 [26f764fd-4d7b-4424-b7e8-447a1ed3b8ef@group-296A2A3CC25E:LeaderElection8] INFO  impl.RaftServerImpl (ServerState.java:setRaftConf(354)) - 26f764fd-4d7b-4424-b7e8-447a1ed3b8ef@group-296A2A3CC25E: set configuration 0: [26f764fd-4d7b-4424-b7e8-447a1ed3b8ef:192.168.164.207:40706], old=null at 0
2019-09-25 05:16:50,193 [ff9cca32-4485-4042-a2cf-de046efe7856@group-47EBF072AD95-SegmentedRaftLogWorker] INFO  segmented.SegmentedRaftLogWorker (SegmentedRaftLogWorker.java:execute(569)) - ff9cca32-4485-4042-a2cf-de046efe7856@group-47EBF072AD95-SegmentedRaftLogWorker: created new log segment /workdir/hadoop-ozone/integration-test/target/test-dir/MiniOzoneClusterImpl-61ea7bfd-f5dc-44df-9f38-4734a4a03623/datanode-1/data/ratis/6609dd8a-be56-482f-952a-47ebf072ad95/current/log_inprogress_0
2019-09-25 05:16:50,206 [Thread-207] INFO  impl.FollowerState (FollowerState.java:run(106)) - 26f764fd-4d7b-4424-b7e8-447a1ed3b8ef:group-774A3A28BC51 changes to CANDIDATE, lastRpcTime:5129, electionTimeout:5129ms
2019-09-25 05:16:50,206 [26f764fd-4d7b-4424-b7e8-447a1ed3b8ef@group-296A2A3CC25E-SegmentedRaftLogWorker] INFO  segmented.SegmentedRaftLogWorker (SegmentedRaftLogWorker.java:execute(569)) - 26f764fd-4d7b-4424-b7e8-447a1ed3b8ef@group-296A2A3CC25E-SegmentedRaftLogWorker: created new log segment /workdir/hadoop-ozone/integration-test/target/test-dir/MiniOzoneClusterImpl-61ea7bfd-f5dc-44df-9f38-4734a4a03623/datanode-0/data/ratis/bb03b7e3-51b9-4bd1-9a93-296a2a3cc25e/current/log_inprogress_0
2019-09-25 05:16:50,206 [Thread-207] INFO  impl.RoleInfo (RoleInfo.java:shutdownFollowerState(121)) - 26f764fd-4d7b-4424-b7e8-447a1ed3b8ef: shutdown FollowerState
2019-09-25 05:16:50,207 [Thread-207] INFO  impl.RaftServerImpl (RaftServerImpl.java:setRole(174)) - 26f764fd-4d7b-4424-b7e8-447a1ed3b8ef@group-774A3A28BC51: changes role from  FOLLOWER to CANDIDATE at term 0 for changeToCandidate
2019-09-25 05:16:50,207 [Thread-207] INFO  impl.RoleInfo (RoleInfo.java:updateAndGet(143)) - 26f764fd-4d7b-4424-b7e8-447a1ed3b8ef: start LeaderElection
2019-09-25 05:16:50,222 [26f764fd-4d7b-4424-b7e8-447a1ed3b8ef@group-774A3A28BC51:LeaderElection9] INFO  impl.LeaderElection (LeaderElection.java:askForVotes(182)) - 26f764fd-4d7b-4424-b7e8-447a1ed3b8ef@group-774A3A28BC51:LeaderElection9: begin an election at term 1 for -1: [26f764fd-4d7b-4424-b7e8-447a1ed3b8ef:192.168.164.207:40706], old=null
2019-09-25 05:16:50,222 [26f764fd-4d7b-4424-b7e8-447a1ed3b8ef@group-774A3A28BC51:LeaderElection9] INFO  impl.RoleInfo (RoleInfo.java:shutdownLeaderElection(134)) - 26f764fd-4d7b-4424-b7e8-447a1ed3b8ef: shutdown LeaderElection
2019-09-25 05:16:50,222 [26f764fd-4d7b-4424-b7e8-447a1ed3b8ef@group-774A3A28BC51:LeaderElection9] INFO  impl.RaftServerImpl (RaftServerImpl.java:setRole(174)) - 26f764fd-4d7b-4424-b7e8-447a1ed3b8ef@group-774A3A28BC51: changes role from CANDIDATE to LEADER at term 1 for changeToLeader
2019-09-25 05:16:50,222 [26f764fd-4d7b-4424-b7e8-447a1ed3b8ef@group-774A3A28BC51:LeaderElection9] INFO  impl.RaftServerImpl (ServerState.java:setLeader(253)) - 26f764fd-4d7b-4424-b7e8-447a1ed3b8ef@group-774A3A28BC51: change Leader from null to 26f764fd-4d7b-4424-b7e8-447a1ed3b8ef at term 1 for becomeLeader, leader elected after 5150ms
2019-09-25 05:16:50,222 [26f764fd-4d7b-4424-b7e8-447a1ed3b8ef@group-774A3A28BC51:LeaderElection9] INFO  server.RaftServerConfigKeys (ConfUtils.java:logGet(43)) - raft.server.staging.catchup.gap = 1000 (default)
2019-09-25 05:16:50,222 [26f764fd-4d7b-4424-b7e8-447a1ed3b8ef@group-774A3A28BC51:LeaderElection9] INFO  server.RaftServerConfigKeys (ConfUtils.java:logGet(43)) - raft.server.rpc.sleep.time = 25ms (default)
2019-09-25 05:16:50,223 [26f764fd-4d7b-4424-b7e8-447a1ed3b8ef@group-774A3A28BC51:LeaderElection9] INFO  server.RaftServerConfigKeys (ConfUtils.java:logGet(43)) - raft.server.write.element-limit = 4096 (default)
2019-09-25 05:16:50,223 [26f764fd-4d7b-4424-b7e8-447a1ed3b8ef@group-774A3A28BC51:LeaderElection9] INFO  server.RaftServerConfigKeys (ConfUtils.java:logGet(43)) - raft.server.watch.timeout = 10s (default)
2019-09-25 05:16:50,223 [26f764fd-4d7b-4424-b7e8-447a1ed3b8ef@group-774A3A28BC51:LeaderElection9] INFO  server.RaftServerConfigKeys (ConfUtils.java:logGet(43)) - raft.server.watch.timeout.denomination = 1s (default)
2019-09-25 05:16:50,223 [26f764fd-4d7b-4424-b7e8-447a1ed3b8ef@group-774A3A28BC51:LeaderElection9] INFO  server.RaftServerConfigKeys (ConfUtils.java:logGet(43)) - raft.server.watch.element-limit = 65536 (default)
2019-09-25 05:16:50,225 [26f764fd-4d7b-4424-b7e8-447a1ed3b8ef@group-774A3A28BC51:LeaderElection9] INFO  impl.RoleInfo (RoleInfo.java:updateAndGet(143)) - 26f764fd-4d7b-4424-b7e8-447a1ed3b8ef: start LeaderState
2019-09-25 05:16:50,225 [26f764fd-4d7b-4424-b7e8-447a1ed3b8ef@group-774A3A28BC51:LeaderElection9] INFO  segmented.SegmentedRaftLogWorker (SegmentedRaftLogWorker.java:startLogSegment(380)) - 26f764fd-4d7b-4424-b7e8-447a1ed3b8ef@group-774A3A28BC51-SegmentedRaftLogWorker: Starting segment from index:0
2019-09-25 05:16:50,225 [26f764fd-4d7b-4424-b7e8-447a1ed3b8ef@group-774A3A28BC51:LeaderElection9] INFO  impl.RaftServerImpl (ServerState.java:setRaftConf(354)) - 26f764fd-4d7b-4424-b7e8-447a1ed3b8ef@group-774A3A28BC51: set configuration 0: [26f764fd-4d7b-4424-b7e8-447a1ed3b8ef:192.168.164.207:40706], old=null at 0
2019-09-25 05:16:50,252 [Thread-210] INFO  impl.FollowerState (FollowerState.java:run(106)) - ba8dde02-0af5-4216-bd1b-765be5e6f2f5:group-B97C2EA87818 changes to CANDIDATE, lastRpcTime:5118, electionTimeout:5097ms
2019-09-25 05:16:50,253 [Thread-210] INFO  impl.RoleInfo (RoleInfo.java:shutdownFollowerState(121)) - ba8dde02-0af5-4216-bd1b-765be5e6f2f5: shutdown FollowerState
2019-09-25 05:16:50,253 [Thread-210] INFO  impl.RaftServerImpl (RaftServerImpl.java:setRole(174)) - ba8dde02-0af5-4216-bd1b-765be5e6f2f5@group-B97C2EA87818: changes role from  FOLLOWER to CANDIDATE at term 0 for changeToCandidate
2019-09-25 05:16:50,253 [Thread-210] INFO  impl.RoleInfo (RoleInfo.java:updateAndGet(143)) - ba8dde02-0af5-4216-bd1b-765be5e6f2f5: start LeaderElection
2019-09-25 05:16:50,278 [26f764fd-4d7b-4424-b7e8-447a1ed3b8ef@group-774A3A28BC51-SegmentedRaftLogWorker] INFO  segmented.SegmentedRaftLogWorker (SegmentedRaftLogWorker.java:execute(569)) - 26f764fd-4d7b-4424-b7e8-447a1ed3b8ef@group-774A3A28BC51-SegmentedRaftLogWorker: created new log segment /workdir/hadoop-ozone/integration-test/target/test-dir/MiniOzoneClusterImpl-61ea7bfd-f5dc-44df-9f38-4734a4a03623/datanode-0/data/ratis/70d6d52e-2102-4a9f-ae3e-774a3a28bc51/current/log_inprogress_0
2019-09-25 05:16:50,279 [ba8dde02-0af5-4216-bd1b-765be5e6f2f5@group-B97C2EA87818:LeaderElection10] INFO  impl.LeaderElection (LeaderElection.java:askForVotes(182)) - ba8dde02-0af5-4216-bd1b-765be5e6f2f5@group-B97C2EA87818:LeaderElection10: begin an election at term 1 for -1: [ba8dde02-0af5-4216-bd1b-765be5e6f2f5:192.168.164.207:33616], old=null
2019-09-25 05:16:50,279 [ba8dde02-0af5-4216-bd1b-765be5e6f2f5@group-B97C2EA87818:LeaderElection10] INFO  impl.RoleInfo (RoleInfo.java:shutdownLeaderElection(134)) - ba8dde02-0af5-4216-bd1b-765be5e6f2f5: shutdown LeaderElection
2019-09-25 05:16:50,279 [ba8dde02-0af5-4216-bd1b-765be5e6f2f5@group-B97C2EA87818:LeaderElection10] INFO  impl.RaftServerImpl (RaftServerImpl.java:setRole(174)) - ba8dde02-0af5-4216-bd1b-765be5e6f2f5@group-B97C2EA87818: changes role from CANDIDATE to LEADER at term 1 for changeToLeader
2019-09-25 05:16:50,279 [ba8dde02-0af5-4216-bd1b-765be5e6f2f5@group-B97C2EA87818:LeaderElection10] INFO  impl.RaftServerImpl (ServerState.java:setLeader(253)) - ba8dde02-0af5-4216-bd1b-765be5e6f2f5@group-B97C2EA87818: change Leader from null to ba8dde02-0af5-4216-bd1b-765be5e6f2f5 at term 1 for becomeLeader, leader elected after 5152ms
2019-09-25 05:16:50,279 [ba8dde02-0af5-4216-bd1b-765be5e6f2f5@group-B97C2EA87818:LeaderElection10] INFO  server.RaftServerConfigKeys (ConfUtils.java:logGet(43)) - raft.server.staging.catchup.gap = 1000 (default)
2019-09-25 05:16:50,279 [ba8dde02-0af5-4216-bd1b-765be5e6f2f5@group-B97C2EA87818:LeaderElection10] INFO  server.RaftServerConfigKeys (ConfUtils.java:logGet(43)) - raft.server.rpc.sleep.time = 25ms (default)
2019-09-25 05:16:50,279 [ba8dde02-0af5-4216-bd1b-765be5e6f2f5@group-B97C2EA87818:LeaderElection10] INFO  server.RaftServerConfigKeys (ConfUtils.java:logGet(43)) - raft.server.write.element-limit = 4096 (default)
2019-09-25 05:16:50,280 [ba8dde02-0af5-4216-bd1b-765be5e6f2f5@group-B97C2EA87818:LeaderElection10] INFO  server.RaftServerConfigKeys (ConfUtils.java:logGet(43)) - raft.server.watch.timeout = 10s (default)
2019-09-25 05:16:50,280 [ba8dde02-0af5-4216-bd1b-765be5e6f2f5@group-B97C2EA87818:LeaderElection10] INFO  server.RaftServerConfigKeys (ConfUtils.java:logGet(43)) - raft.server.watch.timeout.denomination = 1s (default)
2019-09-25 05:16:50,280 [ba8dde02-0af5-4216-bd1b-765be5e6f2f5@group-B97C2EA87818:LeaderElection10] INFO  server.RaftServerConfigKeys (ConfUtils.java:logGet(43)) - raft.server.watch.element-limit = 65536 (default)
2019-09-25 05:16:50,282 [ba8dde02-0af5-4216-bd1b-765be5e6f2f5@group-B97C2EA87818:LeaderElection10] INFO  impl.RoleInfo (RoleInfo.java:updateAndGet(143)) - ba8dde02-0af5-4216-bd1b-765be5e6f2f5: start LeaderState
2019-09-25 05:16:50,282 [ba8dde02-0af5-4216-bd1b-765be5e6f2f5@group-B97C2EA87818:LeaderElection10] INFO  segmented.SegmentedRaftLogWorker (SegmentedRaftLogWorker.java:startLogSegment(380)) - ba8dde02-0af5-4216-bd1b-765be5e6f2f5@group-B97C2EA87818-SegmentedRaftLogWorker: Starting segment from index:0
2019-09-25 05:16:50,282 [ba8dde02-0af5-4216-bd1b-765be5e6f2f5@group-B97C2EA87818:LeaderElection10] INFO  impl.RaftServerImpl (ServerState.java:setRaftConf(354)) - ba8dde02-0af5-4216-bd1b-765be5e6f2f5@group-B97C2EA87818: set configuration 0: [ba8dde02-0af5-4216-bd1b-765be5e6f2f5:192.168.164.207:33616], old=null at 0
2019-09-25 05:16:50,307 [Thread-213] INFO  impl.FollowerState (FollowerState.java:run(106)) - 26f764fd-4d7b-4424-b7e8-447a1ed3b8ef:group-FDB38CAEDD36 changes to CANDIDATE, lastRpcTime:5121, electionTimeout:5120ms
2019-09-25 05:16:50,307 [Thread-213] INFO  impl.RoleInfo (RoleInfo.java:shutdownFollowerState(121)) - 26f764fd-4d7b-4424-b7e8-447a1ed3b8ef: shutdown FollowerState
2019-09-25 05:16:50,307 [Thread-213] INFO  impl.RaftServerImpl (RaftServerImpl.java:setRole(174)) - 26f764fd-4d7b-4424-b7e8-447a1ed3b8ef@group-FDB38CAEDD36: changes role from  FOLLOWER to CANDIDATE at term 0 for changeToCandidate
2019-09-25 05:16:50,307 [Thread-213] INFO  impl.RoleInfo (RoleInfo.java:updateAndGet(143)) - 26f764fd-4d7b-4424-b7e8-447a1ed3b8ef: start LeaderElection
2019-09-25 05:16:50,320 [ba8dde02-0af5-4216-bd1b-765be5e6f2f5@group-B97C2EA87818-SegmentedRaftLogWorker] INFO  segmented.SegmentedRaftLogWorker (SegmentedRaftLogWorker.java:execute(569)) - ba8dde02-0af5-4216-bd1b-765be5e6f2f5@group-B97C2EA87818-SegmentedRaftLogWorker: created new log segment /workdir/hadoop-ozone/integration-test/target/test-dir/MiniOzoneClusterImpl-61ea7bfd-f5dc-44df-9f38-4734a4a03623/datanode-2/data/ratis/57816ffe-0b1d-483f-936c-b97c2ea87818/current/log_inprogress_0
2019-09-25 05:16:50,320 [26f764fd-4d7b-4424-b7e8-447a1ed3b8ef@group-FDB38CAEDD36:LeaderElection11] INFO  impl.LeaderElection (LeaderElection.java:askForVotes(182)) - 26f764fd-4d7b-4424-b7e8-447a1ed3b8ef@group-FDB38CAEDD36:LeaderElection11: begin an election at term 1 for -1: [26f764fd-4d7b-4424-b7e8-447a1ed3b8ef:192.168.164.207:40706], old=null
2019-09-25 05:16:50,320 [26f764fd-4d7b-4424-b7e8-447a1ed3b8ef@group-FDB38CAEDD36:LeaderElection11] INFO  impl.RoleInfo (RoleInfo.java:shutdownLeaderElection(134)) - 26f764fd-4d7b-4424-b7e8-447a1ed3b8ef: shutdown LeaderElection
2019-09-25 05:16:50,321 [26f764fd-4d7b-4424-b7e8-447a1ed3b8ef@group-FDB38CAEDD36:LeaderElection11] INFO  impl.RaftServerImpl (RaftServerImpl.java:setRole(174)) - 26f764fd-4d7b-4424-b7e8-447a1ed3b8ef@group-FDB38CAEDD36: changes role from CANDIDATE to LEADER at term 1 for changeToLeader
2019-09-25 05:16:50,321 [26f764fd-4d7b-4424-b7e8-447a1ed3b8ef@group-FDB38CAEDD36:LeaderElection11] INFO  impl.RaftServerImpl (ServerState.java:setLeader(253)) - 26f764fd-4d7b-4424-b7e8-447a1ed3b8ef@group-FDB38CAEDD36: change Leader from null to 26f764fd-4d7b-4424-b7e8-447a1ed3b8ef at term 1 for becomeLeader, leader elected after 5139ms
2019-09-25 05:16:50,321 [26f764fd-4d7b-4424-b7e8-447a1ed3b8ef@group-FDB38CAEDD36:LeaderElection11] INFO  server.RaftServerConfigKeys (ConfUtils.java:logGet(43)) - raft.server.staging.catchup.gap = 1000 (default)
2019-09-25 05:16:50,321 [26f764fd-4d7b-4424-b7e8-447a1ed3b8ef@group-FDB38CAEDD36:LeaderElection11] INFO  server.RaftServerConfigKeys (ConfUtils.java:logGet(43)) - raft.server.rpc.sleep.time = 25ms (default)
2019-09-25 05:16:50,321 [26f764fd-4d7b-4424-b7e8-447a1ed3b8ef@group-FDB38CAEDD36:LeaderElection11] INFO  server.RaftServerConfigKeys (ConfUtils.java:logGet(43)) - raft.server.write.element-limit = 4096 (default)
2019-09-25 05:16:50,321 [26f764fd-4d7b-4424-b7e8-447a1ed3b8ef@group-FDB38CAEDD36:LeaderElection11] INFO  server.RaftServerConfigKeys (ConfUtils.java:logGet(43)) - raft.server.watch.timeout = 10s (default)
2019-09-25 05:16:50,321 [26f764fd-4d7b-4424-b7e8-447a1ed3b8ef@group-FDB38CAEDD36:LeaderElection11] INFO  server.RaftServerConfigKeys (ConfUtils.java:logGet(43)) - raft.server.watch.timeout.denomination = 1s (default)
2019-09-25 05:16:50,321 [26f764fd-4d7b-4424-b7e8-447a1ed3b8ef@group-FDB38CAEDD36:LeaderElection11] INFO  server.RaftServerConfigKeys (ConfUtils.java:logGet(43)) - raft.server.watch.element-limit = 65536 (default)
2019-09-25 05:16:50,323 [26f764fd-4d7b-4424-b7e8-447a1ed3b8ef@group-FDB38CAEDD36:LeaderElection11] INFO  impl.RoleInfo (RoleInfo.java:updateAndGet(143)) - 26f764fd-4d7b-4424-b7e8-447a1ed3b8ef: start LeaderState
2019-09-25 05:16:50,324 [26f764fd-4d7b-4424-b7e8-447a1ed3b8ef@group-FDB38CAEDD36:LeaderElection11] INFO  segmented.SegmentedRaftLogWorker (SegmentedRaftLogWorker.java:startLogSegment(380)) - 26f764fd-4d7b-4424-b7e8-447a1ed3b8ef@group-FDB38CAEDD36-SegmentedRaftLogWorker: Starting segment from index:0
2019-09-25 05:16:50,324 [26f764fd-4d7b-4424-b7e8-447a1ed3b8ef@group-FDB38CAEDD36:LeaderElection11] INFO  impl.RaftServerImpl (ServerState.java:setRaftConf(354)) - 26f764fd-4d7b-4424-b7e8-447a1ed3b8ef@group-FDB38CAEDD36: set configuration 0: [26f764fd-4d7b-4424-b7e8-447a1ed3b8ef:192.168.164.207:40706], old=null at 0
2019-09-25 05:16:50,355 [Thread-216] INFO  impl.FollowerState (FollowerState.java:run(106)) - ba8dde02-0af5-4216-bd1b-765be5e6f2f5:group-143710C08BF9 changes to CANDIDATE, lastRpcTime:5117, electionTimeout:5117ms
2019-09-25 05:16:50,355 [Thread-216] INFO  impl.RoleInfo (RoleInfo.java:shutdownFollowerState(121)) - ba8dde02-0af5-4216-bd1b-765be5e6f2f5: shutdown FollowerState
2019-09-25 05:16:50,355 [Thread-216] INFO  impl.RaftServerImpl (RaftServerImpl.java:setRole(174)) - ba8dde02-0af5-4216-bd1b-765be5e6f2f5@group-143710C08BF9: changes role from  FOLLOWER to CANDIDATE at term 0 for changeToCandidate
2019-09-25 05:16:50,355 [Thread-216] INFO  impl.RoleInfo (RoleInfo.java:updateAndGet(143)) - ba8dde02-0af5-4216-bd1b-765be5e6f2f5: start LeaderElection
2019-09-25 05:16:50,361 [26f764fd-4d7b-4424-b7e8-447a1ed3b8ef@group-FDB38CAEDD36-SegmentedRaftLogWorker] INFO  segmented.SegmentedRaftLogWorker (SegmentedRaftLogWorker.java:execute(569)) - 26f764fd-4d7b-4424-b7e8-447a1ed3b8ef@group-FDB38CAEDD36-SegmentedRaftLogWorker: created new log segment /workdir/hadoop-ozone/integration-test/target/test-dir/MiniOzoneClusterImpl-61ea7bfd-f5dc-44df-9f38-4734a4a03623/datanode-0/data/ratis/ece3c706-c9ba-4b1a-aa37-fdb38caedd36/current/log_inprogress_0
2019-09-25 05:16:50,362 [ba8dde02-0af5-4216-bd1b-765be5e6f2f5@group-143710C08BF9:LeaderElection12] INFO  impl.LeaderElection (LeaderElection.java:askForVotes(182)) - ba8dde02-0af5-4216-bd1b-765be5e6f2f5@group-143710C08BF9:LeaderElection12: begin an election at term 1 for -1: [ba8dde02-0af5-4216-bd1b-765be5e6f2f5:192.168.164.207:33616], old=null
2019-09-25 05:16:50,363 [ba8dde02-0af5-4216-bd1b-765be5e6f2f5@group-143710C08BF9:LeaderElection12] INFO  impl.RoleInfo (RoleInfo.java:shutdownLeaderElection(134)) - ba8dde02-0af5-4216-bd1b-765be5e6f2f5: shutdown LeaderElection
2019-09-25 05:16:50,363 [ba8dde02-0af5-4216-bd1b-765be5e6f2f5@group-143710C08BF9:LeaderElection12] INFO  impl.RaftServerImpl (RaftServerImpl.java:setRole(174)) - ba8dde02-0af5-4216-bd1b-765be5e6f2f5@group-143710C08BF9: changes role from CANDIDATE to LEADER at term 1 for changeToLeader
2019-09-25 05:16:50,363 [ba8dde02-0af5-4216-bd1b-765be5e6f2f5@group-143710C08BF9:LeaderElection12] INFO  impl.RaftServerImpl (ServerState.java:setLeader(253)) - ba8dde02-0af5-4216-bd1b-765be5e6f2f5@group-143710C08BF9: change Leader from null to ba8dde02-0af5-4216-bd1b-765be5e6f2f5 at term 1 for becomeLeader, leader elected after 5131ms
2019-09-25 05:16:50,363 [ba8dde02-0af5-4216-bd1b-765be5e6f2f5@group-143710C08BF9:LeaderElection12] INFO  server.RaftServerConfigKeys (ConfUtils.java:logGet(43)) - raft.server.staging.catchup.gap = 1000 (default)
2019-09-25 05:16:50,363 [ba8dde02-0af5-4216-bd1b-765be5e6f2f5@group-143710C08BF9:LeaderElection12] INFO  server.RaftServerConfigKeys (ConfUtils.java:logGet(43)) - raft.server.rpc.sleep.time = 25ms (default)
2019-09-25 05:16:50,363 [ba8dde02-0af5-4216-bd1b-765be5e6f2f5@group-143710C08BF9:LeaderElection12] INFO  server.RaftServerConfigKeys (ConfUtils.java:logGet(43)) - raft.server.write.element-limit = 4096 (default)
2019-09-25 05:16:50,363 [ba8dde02-0af5-4216-bd1b-765be5e6f2f5@group-143710C08BF9:LeaderElection12] INFO  server.RaftServerConfigKeys (ConfUtils.java:logGet(43)) - raft.server.watch.timeout = 10s (default)
2019-09-25 05:16:50,363 [ba8dde02-0af5-4216-bd1b-765be5e6f2f5@group-143710C08BF9:LeaderElection12] INFO  server.RaftServerConfigKeys (ConfUtils.java:logGet(43)) - raft.server.watch.timeout.denomination = 1s (default)
2019-09-25 05:16:50,363 [ba8dde02-0af5-4216-bd1b-765be5e6f2f5@group-143710C08BF9:LeaderElection12] INFO  server.RaftServerConfigKeys (ConfUtils.java:logGet(43)) - raft.server.watch.element-limit = 65536 (default)
2019-09-25 05:16:50,365 [ba8dde02-0af5-4216-bd1b-765be5e6f2f5@group-143710C08BF9:LeaderElection12] INFO  impl.RoleInfo (RoleInfo.java:updateAndGet(143)) - ba8dde02-0af5-4216-bd1b-765be5e6f2f5: start LeaderState
2019-09-25 05:16:50,365 [ba8dde02-0af5-4216-bd1b-765be5e6f2f5@group-143710C08BF9:LeaderElection12] INFO  segmented.SegmentedRaftLogWorker (SegmentedRaftLogWorker.java:startLogSegment(380)) - ba8dde02-0af5-4216-bd1b-765be5e6f2f5@group-143710C08BF9-SegmentedRaftLogWorker: Starting segment from index:0
2019-09-25 05:16:50,366 [ba8dde02-0af5-4216-bd1b-765be5e6f2f5@group-143710C08BF9:LeaderElection12] INFO  impl.RaftServerImpl (ServerState.java:setRaftConf(354)) - ba8dde02-0af5-4216-bd1b-765be5e6f2f5@group-143710C08BF9: set configuration 0: [ba8dde02-0af5-4216-bd1b-765be5e6f2f5:192.168.164.207:33616], old=null at 0
2019-09-25 05:16:50,402 [ba8dde02-0af5-4216-bd1b-765be5e6f2f5@group-143710C08BF9-SegmentedRaftLogWorker] INFO  segmented.SegmentedRaftLogWorker (SegmentedRaftLogWorker.java:execute(569)) - ba8dde02-0af5-4216-bd1b-765be5e6f2f5@group-143710C08BF9-SegmentedRaftLogWorker: created new log segment /workdir/hadoop-ozone/integration-test/target/test-dir/MiniOzoneClusterImpl-61ea7bfd-f5dc-44df-9f38-4734a4a03623/datanode-2/data/ratis/93c591de-f55d-4d9a-8218-143710c08bf9/current/log_inprogress_0
2019-09-25 05:16:50,457 [Thread-219] INFO  impl.FollowerState (FollowerState.java:run(106)) - ff9cca32-4485-4042-a2cf-de046efe7856:group-75EB295653A3 changes to CANDIDATE, lastRpcTime:5155, electionTimeout:5155ms
2019-09-25 05:16:50,457 [Thread-219] INFO  impl.RoleInfo (RoleInfo.java:shutdownFollowerState(121)) - ff9cca32-4485-4042-a2cf-de046efe7856: shutdown FollowerState
2019-09-25 05:16:50,457 [Thread-219] INFO  impl.RaftServerImpl (RaftServerImpl.java:setRole(174)) - ff9cca32-4485-4042-a2cf-de046efe7856@group-75EB295653A3: changes role from  FOLLOWER to CANDIDATE at term 0 for changeToCandidate
2019-09-25 05:16:50,457 [Thread-219] INFO  impl.RoleInfo (RoleInfo.java:updateAndGet(143)) - ff9cca32-4485-4042-a2cf-de046efe7856: start LeaderElection
2019-09-25 05:16:50,464 [ff9cca32-4485-4042-a2cf-de046efe7856@group-75EB295653A3:LeaderElection13] INFO  impl.LeaderElection (LeaderElection.java:askForVotes(182)) - ff9cca32-4485-4042-a2cf-de046efe7856@group-75EB295653A3:LeaderElection13: begin an election at term 1 for -1: [ff9cca32-4485-4042-a2cf-de046efe7856:192.168.164.207:41669], old=null
2019-09-25 05:16:50,464 [ff9cca32-4485-4042-a2cf-de046efe7856@group-75EB295653A3:LeaderElection13] INFO  impl.RoleInfo (RoleInfo.java:shutdownLeaderElection(134)) - ff9cca32-4485-4042-a2cf-de046efe7856: shutdown LeaderElection
2019-09-25 05:16:50,464 [ff9cca32-4485-4042-a2cf-de046efe7856@group-75EB295653A3:LeaderElection13] INFO  impl.RaftServerImpl (RaftServerImpl.java:setRole(174)) - ff9cca32-4485-4042-a2cf-de046efe7856@group-75EB295653A3: changes role from CANDIDATE to LEADER at term 1 for changeToLeader
2019-09-25 05:16:50,464 [ff9cca32-4485-4042-a2cf-de046efe7856@group-75EB295653A3:LeaderElection13] INFO  impl.RaftServerImpl (ServerState.java:setLeader(253)) - ff9cca32-4485-4042-a2cf-de046efe7856@group-75EB295653A3: change Leader from null to ff9cca32-4485-4042-a2cf-de046efe7856 at term 1 for becomeLeader, leader elected after 5168ms
2019-09-25 05:16:50,464 [ff9cca32-4485-4042-a2cf-de046efe7856@group-75EB295653A3:LeaderElection13] INFO  server.RaftServerConfigKeys (ConfUtils.java:logGet(43)) - raft.server.staging.catchup.gap = 1000 (default)
2019-09-25 05:16:50,464 [ff9cca32-4485-4042-a2cf-de046efe7856@group-75EB295653A3:LeaderElection13] INFO  server.RaftServerConfigKeys (ConfUtils.java:logGet(43)) - raft.server.rpc.sleep.time = 25ms (default)
2019-09-25 05:16:50,464 [ff9cca32-4485-4042-a2cf-de046efe7856@group-75EB295653A3:LeaderElection13] INFO  server.RaftServerConfigKeys (ConfUtils.java:logGet(43)) - raft.server.write.element-limit = 4096 (default)
2019-09-25 05:16:50,464 [ff9cca32-4485-4042-a2cf-de046efe7856@group-75EB295653A3:LeaderElection13] INFO  server.RaftServerConfigKeys (ConfUtils.java:logGet(43)) - raft.server.watch.timeout = 10s (default)
2019-09-25 05:16:50,464 [ff9cca32-4485-4042-a2cf-de046efe7856@group-75EB295653A3:LeaderElection13] INFO  server.RaftServerConfigKeys (ConfUtils.java:logGet(43)) - raft.server.watch.timeout.denomination = 1s (default)
2019-09-25 05:16:50,464 [ff9cca32-4485-4042-a2cf-de046efe7856@group-75EB295653A3:LeaderElection13] INFO  server.RaftServerConfigKeys (ConfUtils.java:logGet(43)) - raft.server.watch.element-limit = 65536 (default)
2019-09-25 05:16:50,466 [ff9cca32-4485-4042-a2cf-de046efe7856@group-75EB295653A3:LeaderElection13] INFO  impl.RoleInfo (RoleInfo.java:updateAndGet(143)) - ff9cca32-4485-4042-a2cf-de046efe7856: start LeaderState
2019-09-25 05:16:50,466 [ff9cca32-4485-4042-a2cf-de046efe7856@group-75EB295653A3:LeaderElection13] INFO  segmented.SegmentedRaftLogWorker (SegmentedRaftLogWorker.java:startLogSegment(380)) - ff9cca32-4485-4042-a2cf-de046efe7856@group-75EB295653A3-SegmentedRaftLogWorker: Starting segment from index:0
2019-09-25 05:16:50,467 [ff9cca32-4485-4042-a2cf-de046efe7856@group-75EB295653A3:LeaderElection13] INFO  impl.RaftServerImpl (ServerState.java:setRaftConf(354)) - ff9cca32-4485-4042-a2cf-de046efe7856@group-75EB295653A3: set configuration 0: [ff9cca32-4485-4042-a2cf-de046efe7856:192.168.164.207:41669], old=null at 0
2019-09-25 05:16:50,495 [Thread-222] INFO  impl.FollowerState (FollowerState.java:run(106)) - ba8dde02-0af5-4216-bd1b-765be5e6f2f5:group-3C212777812F changes to CANDIDATE, lastRpcTime:5144, electionTimeout:5144ms
2019-09-25 05:16:50,497 [Thread-222] INFO  impl.RoleInfo (RoleInfo.java:shutdownFollowerState(121)) - ba8dde02-0af5-4216-bd1b-765be5e6f2f5: shutdown FollowerState
2019-09-25 05:16:50,497 [Thread-222] INFO  impl.RaftServerImpl (RaftServerImpl.java:setRole(174)) - ba8dde02-0af5-4216-bd1b-765be5e6f2f5@group-3C212777812F: changes role from  FOLLOWER to CANDIDATE at term 0 for changeToCandidate
2019-09-25 05:16:50,497 [Thread-222] INFO  impl.RoleInfo (RoleInfo.java:updateAndGet(143)) - ba8dde02-0af5-4216-bd1b-765be5e6f2f5: start LeaderElection
2019-09-25 05:16:50,577 [Thread-228] INFO  impl.FollowerState (FollowerState.java:run(106)) - ba8dde02-0af5-4216-bd1b-765be5e6f2f5:group-68311C3F8FA6 changes to CANDIDATE, lastRpcTime:5128, electionTimeout:5128ms
2019-09-25 05:16:50,577 [Thread-228] INFO  impl.RoleInfo (RoleInfo.java:shutdownFollowerState(121)) - ba8dde02-0af5-4216-bd1b-765be5e6f2f5: shutdown FollowerState
2019-09-25 05:16:50,577 [Thread-228] INFO  impl.RaftServerImpl (RaftServerImpl.java:setRole(174)) - ba8dde02-0af5-4216-bd1b-765be5e6f2f5@group-68311C3F8FA6: changes role from  FOLLOWER to CANDIDATE at term 0 for changeToCandidate
2019-09-25 05:16:50,578 [Thread-228] INFO  impl.RoleInfo (RoleInfo.java:updateAndGet(143)) - ba8dde02-0af5-4216-bd1b-765be5e6f2f5: start LeaderElection
2019-09-25 05:16:50,590 [Thread-225] INFO  impl.FollowerState (FollowerState.java:run(106)) - ff9cca32-4485-4042-a2cf-de046efe7856:group-86F0D5E62B14 changes to CANDIDATE, lastRpcTime:5189, electionTimeout:5189ms
2019-09-25 05:16:50,590 [Thread-225] INFO  impl.RoleInfo (RoleInfo.java:shutdownFollowerState(121)) - ff9cca32-4485-4042-a2cf-de046efe7856: shutdown FollowerState
2019-09-25 05:16:50,590 [Thread-225] INFO  impl.RaftServerImpl (RaftServerImpl.java:setRole(174)) - ff9cca32-4485-4042-a2cf-de046efe7856@group-86F0D5E62B14: changes role from  FOLLOWER to CANDIDATE at term 0 for changeToCandidate
2019-09-25 05:16:50,591 [Thread-225] INFO  impl.RoleInfo (RoleInfo.java:updateAndGet(143)) - ff9cca32-4485-4042-a2cf-de046efe7856: start LeaderElection
2019-09-25 05:16:50,632 [Thread-234] INFO  impl.FollowerState (FollowerState.java:run(106)) - ff9cca32-4485-4042-a2cf-de046efe7856:group-B1D72DAE00BB changes to CANDIDATE, lastRpcTime:5078, electionTimeout:5078ms
2019-09-25 05:16:50,632 [Thread-234] INFO  impl.RoleInfo (RoleInfo.java:shutdownFollowerState(121)) - ff9cca32-4485-4042-a2cf-de046efe7856: shutdown FollowerState
2019-09-25 05:16:50,632 [Thread-234] INFO  impl.RaftServerImpl (RaftServerImpl.java:setRole(174)) - ff9cca32-4485-4042-a2cf-de046efe7856@group-B1D72DAE00BB: changes role from  FOLLOWER to CANDIDATE at term 0 for changeToCandidate
2019-09-25 05:16:50,633 [Thread-234] INFO  impl.RoleInfo (RoleInfo.java:updateAndGet(143)) - ff9cca32-4485-4042-a2cf-de046efe7856: start LeaderElection
2019-09-25 05:16:50,656 [Thread-231] INFO  impl.FollowerState (FollowerState.java:run(106)) - ff9cca32-4485-4042-a2cf-de046efe7856:group-4D295402E043 changes to CANDIDATE, lastRpcTime:5149, electionTimeout:5149ms
2019-09-25 05:16:50,656 [Thread-231] INFO  impl.RoleInfo (RoleInfo.java:shutdownFollowerState(121)) - ff9cca32-4485-4042-a2cf-de046efe7856: shutdown FollowerState
2019-09-25 05:16:50,656 [Thread-231] INFO  impl.RaftServerImpl (RaftServerImpl.java:setRole(174)) - ff9cca32-4485-4042-a2cf-de046efe7856@group-4D295402E043: changes role from  FOLLOWER to CANDIDATE at term 0 for changeToCandidate
2019-09-25 05:16:50,656 [Thread-231] INFO  impl.RoleInfo (RoleInfo.java:updateAndGet(143)) - ff9cca32-4485-4042-a2cf-de046efe7856: start LeaderElection
2019-09-25 05:16:54,679 [ff9cca32-4485-4042-a2cf-de046efe7856@group-75EB295653A3-SegmentedRaftLogWorker] INFO  segmented.SegmentedRaftLogWorker (SegmentedRaftLogWorker.java:execute(569)) - ff9cca32-4485-4042-a2cf-de046efe7856@group-75EB295653A3-SegmentedRaftLogWorker: created new log segment /workdir/hadoop-ozone/integration-test/target/test-dir/MiniOzoneClusterImpl-61ea7bfd-f5dc-44df-9f38-4734a4a03623/datanode-1/data/ratis/5cc393f7-6435-4a10-8d74-75eb295653a3/current/log_inprogress_0
2019-09-25 05:16:54,681 [ba8dde02-0af5-4216-bd1b-765be5e6f2f5@group-3C212777812F:LeaderElection14] INFO  impl.LeaderElection (LeaderElection.java:askForVotes(182)) - ba8dde02-0af5-4216-bd1b-765be5e6f2f5@group-3C212777812F:LeaderElection14: begin an election at term 1 for -1: [ba8dde02-0af5-4216-bd1b-765be5e6f2f5:192.168.164.207:33616], old=null
2019-09-25 05:16:54,681 [ba8dde02-0af5-4216-bd1b-765be5e6f2f5@group-3C212777812F:LeaderElection14] INFO  impl.RoleInfo (RoleInfo.java:shutdownLeaderElection(134)) - ba8dde02-0af5-4216-bd1b-765be5e6f2f5: shutdown LeaderElection
2019-09-25 05:16:54,682 [ba8dde02-0af5-4216-bd1b-765be5e6f2f5@group-3C212777812F:LeaderElection14] INFO  impl.RaftServerImpl (RaftServerImpl.java:setRole(174)) - ba8dde02-0af5-4216-bd1b-765be5e6f2f5@group-3C212777812F: changes role from CANDIDATE to LEADER at term 1 for changeToLeader
2019-09-25 05:16:54,682 [ba8dde02-0af5-4216-bd1b-765be5e6f2f5@group-3C212777812F:LeaderElection14] INFO  impl.RaftServerImpl (ServerState.java:setLeader(253)) - ba8dde02-0af5-4216-bd1b-765be5e6f2f5@group-3C212777812F: change Leader from null to ba8dde02-0af5-4216-bd1b-765be5e6f2f5 at term 1 for becomeLeader, leader elected after 9335ms
2019-09-25 05:16:54,682 [ba8dde02-0af5-4216-bd1b-765be5e6f2f5@group-3C212777812F:LeaderElection14] INFO  server.RaftServerConfigKeys (ConfUtils.java:logGet(43)) - raft.server.staging.catchup.gap = 1000 (default)
2019-09-25 05:16:54,682 [ba8dde02-0af5-4216-bd1b-765be5e6f2f5@group-3C212777812F:LeaderElection14] INFO  server.RaftServerConfigKeys (ConfUtils.java:logGet(43)) - raft.server.rpc.sleep.time = 25ms (default)
2019-09-25 05:16:54,682 [ba8dde02-0af5-4216-bd1b-765be5e6f2f5@group-3C212777812F:LeaderElection14] INFO  server.RaftServerConfigKeys (ConfUtils.java:logGet(43)) - raft.server.write.element-limit = 4096 (default)
2019-09-25 05:16:54,682 [ba8dde02-0af5-4216-bd1b-765be5e6f2f5@group-3C212777812F:LeaderElection14] INFO  server.RaftServerConfigKeys (ConfUtils.java:logGet(43)) - raft.server.watch.timeout = 10s (default)
2019-09-25 05:16:54,682 [ba8dde02-0af5-4216-bd1b-765be5e6f2f5@group-3C212777812F:LeaderElection14] INFO  server.RaftServerConfigKeys (ConfUtils.java:logGet(43)) - raft.server.watch.timeout.denomination = 1s (default)
2019-09-25 05:16:54,683 [ba8dde02-0af5-4216-bd1b-765be5e6f2f5@group-3C212777812F:LeaderElection14] INFO  server.RaftServerConfigKeys (ConfUtils.java:logGet(43)) - raft.server.watch.element-limit = 65536 (default)
2019-09-25 05:16:54,685 [ba8dde02-0af5-4216-bd1b-765be5e6f2f5@group-3C212777812F:LeaderElection14] INFO  impl.RoleInfo (RoleInfo.java:updateAndGet(143)) - ba8dde02-0af5-4216-bd1b-765be5e6f2f5: start LeaderState
2019-09-25 05:16:54,685 [ba8dde02-0af5-4216-bd1b-765be5e6f2f5@group-3C212777812F:LeaderElection14] INFO  segmented.SegmentedRaftLogWorker (SegmentedRaftLogWorker.java:startLogSegment(380)) - ba8dde02-0af5-4216-bd1b-765be5e6f2f5@group-3C212777812F-SegmentedRaftLogWorker: Starting segment from index:0
2019-09-25 05:16:54,686 [ba8dde02-0af5-4216-bd1b-765be5e6f2f5@group-3C212777812F:LeaderElection14] INFO  impl.RaftServerImpl (ServerState.java:setRaftConf(354)) - ba8dde02-0af5-4216-bd1b-765be5e6f2f5@group-3C212777812F: set configuration 0: [ba8dde02-0af5-4216-bd1b-765be5e6f2f5:192.168.164.207:33616], old=null at 0
2019-09-25 05:16:55,412 [ff9cca32-4485-4042-a2cf-de046efe7856@group-B1D72DAE00BB:LeaderElection17] INFO  impl.LeaderElection (LeaderElection.java:askForVotes(182)) - ff9cca32-4485-4042-a2cf-de046efe7856@group-B1D72DAE00BB:LeaderElection17: begin an election at term 1 for -1: [ff9cca32-4485-4042-a2cf-de046efe7856:192.168.164.207:41669], old=null
2019-09-25 05:16:55,412 [ba8dde02-0af5-4216-bd1b-765be5e6f2f5@group-68311C3F8FA6:LeaderElection15] INFO  impl.LeaderElection (LeaderElection.java:askForVotes(182)) - ba8dde02-0af5-4216-bd1b-765be5e6f2f5@group-68311C3F8FA6:LeaderElection15: begin an election at term 1 for -1: [ba8dde02-0af5-4216-bd1b-765be5e6f2f5:192.168.164.207:33616], old=null
2019-09-25 05:16:55,412 [ff9cca32-4485-4042-a2cf-de046efe7856@group-4D295402E043:LeaderElection18] INFO  impl.LeaderElection (LeaderElection.java:askForVotes(182)) - ff9cca32-4485-4042-a2cf-de046efe7856@group-4D295402E043:LeaderElection18: begin an election at term 1 for -1: [ff9cca32-4485-4042-a2cf-de046efe7856:192.168.164.207:41669], old=null
2019-09-25 05:16:55,412 [ff9cca32-4485-4042-a2cf-de046efe7856@group-86F0D5E62B14:LeaderElection16] INFO  impl.LeaderElection (LeaderElection.java:askForVotes(182)) - ff9cca32-4485-4042-a2cf-de046efe7856@group-86F0D5E62B14:LeaderElection16: begin an election at term 1 for -1: [ff9cca32-4485-4042-a2cf-de046efe7856:192.168.164.207:41669], old=null
2019-09-25 05:16:55,413 [ff9cca32-4485-4042-a2cf-de046efe7856@group-4D295402E043:LeaderElection18] INFO  impl.RoleInfo (RoleInfo.java:shutdownLeaderElection(134)) - ff9cca32-4485-4042-a2cf-de046efe7856: shutdown LeaderElection
2019-09-25 05:16:55,412 [ba8dde02-0af5-4216-bd1b-765be5e6f2f5@group-68311C3F8FA6:LeaderElection15] INFO  impl.RoleInfo (RoleInfo.java:shutdownLeaderElection(134)) - ba8dde02-0af5-4216-bd1b-765be5e6f2f5: shutdown LeaderElection
2019-09-25 05:16:55,412 [ff9cca32-4485-4042-a2cf-de046efe7856@group-B1D72DAE00BB:LeaderElection17] INFO  impl.RoleInfo (RoleInfo.java:shutdownLeaderElection(134)) - ff9cca32-4485-4042-a2cf-de046efe7856: shutdown LeaderElection
2019-09-25 05:16:55,413 [ba8dde02-0af5-4216-bd1b-765be5e6f2f5@group-68311C3F8FA6:LeaderElection15] INFO  impl.RaftServerImpl (RaftServerImpl.java:setRole(174)) - ba8dde02-0af5-4216-bd1b-765be5e6f2f5@group-68311C3F8FA6: changes role from CANDIDATE to LEADER at term 1 for changeToLeader
2019-09-25 05:16:55,413 [ff9cca32-4485-4042-a2cf-de046efe7856@group-4D295402E043:LeaderElection18] INFO  impl.RaftServerImpl (RaftServerImpl.java:setRole(174)) - ff9cca32-4485-4042-a2cf-de046efe7856@group-4D295402E043: changes role from CANDIDATE to LEADER at term 1 for changeToLeader
2019-09-25 05:16:55,413 [ff9cca32-4485-4042-a2cf-de046efe7856@group-86F0D5E62B14:LeaderElection16] INFO  impl.RoleInfo (RoleInfo.java:shutdownLeaderElection(134)) - ff9cca32-4485-4042-a2cf-de046efe7856: shutdown LeaderElection
2019-09-25 05:16:55,413 [ff9cca32-4485-4042-a2cf-de046efe7856@group-4D295402E043:LeaderElection18] INFO  impl.RaftServerImpl (ServerState.java:setLeader(253)) - ff9cca32-4485-4042-a2cf-de046efe7856@group-4D295402E043: change Leader from null to ff9cca32-4485-4042-a2cf-de046efe7856 at term 1 for becomeLeader, leader elected after 9911ms
2019-09-25 05:16:55,413 [ba8dde02-0af5-4216-bd1b-765be5e6f2f5@group-68311C3F8FA6:LeaderElection15] INFO  impl.RaftServerImpl (ServerState.java:setLeader(253)) - ba8dde02-0af5-4216-bd1b-765be5e6f2f5@group-68311C3F8FA6: change Leader from null to ba8dde02-0af5-4216-bd1b-765be5e6f2f5 at term 1 for becomeLeader, leader elected after 9969ms
2019-09-25 05:16:55,413 [ff9cca32-4485-4042-a2cf-de046efe7856@group-B1D72DAE00BB:LeaderElection17] INFO  impl.RaftServerImpl (RaftServerImpl.java:setRole(174)) - ff9cca32-4485-4042-a2cf-de046efe7856@group-B1D72DAE00BB: changes role from CANDIDATE to LEADER at term 1 for changeToLeader
2019-09-25 05:16:55,414 [ba8dde02-0af5-4216-bd1b-765be5e6f2f5@group-68311C3F8FA6:LeaderElection15] INFO  server.RaftServerConfigKeys (ConfUtils.java:logGet(43)) - raft.server.staging.catchup.gap = 1000 (default)
2019-09-25 05:16:55,414 [ff9cca32-4485-4042-a2cf-de046efe7856@group-4D295402E043:LeaderElection18] INFO  server.RaftServerConfigKeys (ConfUtils.java:logGet(43)) - raft.server.staging.catchup.gap = 1000 (default)
2019-09-25 05:16:55,413 [ff9cca32-4485-4042-a2cf-de046efe7856@group-86F0D5E62B14:LeaderElection16] INFO  impl.RaftServerImpl (RaftServerImpl.java:setRole(174)) - ff9cca32-4485-4042-a2cf-de046efe7856@group-86F0D5E62B14: changes role from CANDIDATE to LEADER at term 1 for changeToLeader
2019-09-25 05:16:55,414 [ff9cca32-4485-4042-a2cf-de046efe7856@group-4D295402E043:LeaderElection18] INFO  server.RaftServerConfigKeys (ConfUtils.java:logGet(43)) - raft.server.rpc.sleep.time = 25ms (default)
2019-09-25 05:16:55,414 [ba8dde02-0af5-4216-bd1b-765be5e6f2f5@group-68311C3F8FA6:LeaderElection15] INFO  server.RaftServerConfigKeys (ConfUtils.java:logGet(43)) - raft.server.rpc.sleep.time = 25ms (default)
2019-09-25 05:16:55,414 [ff9cca32-4485-4042-a2cf-de046efe7856@group-B1D72DAE00BB:LeaderElection17] INFO  impl.RaftServerImpl (ServerState.java:setLeader(253)) - ff9cca32-4485-4042-a2cf-de046efe7856@group-B1D72DAE00BB: change Leader from null to ff9cca32-4485-4042-a2cf-de046efe7856 at term 1 for becomeLeader, leader elected after 9866ms
2019-09-25 05:16:55,415 [ba8dde02-0af5-4216-bd1b-765be5e6f2f5@group-68311C3F8FA6:LeaderElection15] INFO  server.RaftServerConfigKeys (ConfUtils.java:logGet(43)) - raft.server.write.element-limit = 4096 (default)
2019-09-25 05:16:55,415 [ff9cca32-4485-4042-a2cf-de046efe7856@group-4D295402E043:LeaderElection18] INFO  server.RaftServerConfigKeys (ConfUtils.java:logGet(43)) - raft.server.write.element-limit = 4096 (default)
2019-09-25 05:16:55,414 [ff9cca32-4485-4042-a2cf-de046efe7856@group-86F0D5E62B14:LeaderElection16] INFO  impl.RaftServerImpl (ServerState.java:setLeader(253)) - ff9cca32-4485-4042-a2cf-de046efe7856@group-86F0D5E62B14: change Leader from null to ff9cca32-4485-4042-a2cf-de046efe7856 at term 1 for becomeLeader, leader elected after 10018ms
2019-09-25 05:16:55,415 [ff9cca32-4485-4042-a2cf-de046efe7856@group-4D295402E043:LeaderElection18] INFO  server.RaftServerConfigKeys (ConfUtils.java:logGet(43)) - raft.server.watch.timeout = 10s (default)
2019-09-25 05:16:55,415 [ba8dde02-0af5-4216-bd1b-765be5e6f2f5@group-68311C3F8FA6:LeaderElection15] INFO  server.RaftServerConfigKeys (ConfUtils.java:logGet(43)) - raft.server.watch.timeout = 10s (default)
2019-09-25 05:16:55,415 [ff9cca32-4485-4042-a2cf-de046efe7856@group-B1D72DAE00BB:LeaderElection17] INFO  server.RaftServerConfigKeys (ConfUtils.java:logGet(43)) - raft.server.staging.catchup.gap = 1000 (default)
2019-09-25 05:16:55,416 [ba8dde02-0af5-4216-bd1b-765be5e6f2f5@group-68311C3F8FA6:LeaderElection15] INFO  server.RaftServerConfigKeys (ConfUtils.java:logGet(43)) - raft.server.watch.timeout.denomination = 1s (default)
2019-09-25 05:16:55,416 [ff9cca32-4485-4042-a2cf-de046efe7856@group-4D295402E043:LeaderElection18] INFO  server.RaftServerConfigKeys (ConfUtils.java:logGet(43)) - raft.server.watch.timeout.denomination = 1s (default)
2019-09-25 05:16:55,415 [ff9cca32-4485-4042-a2cf-de046efe7856@group-86F0D5E62B14:LeaderElection16] INFO  server.RaftServerConfigKeys (ConfUtils.java:logGet(43)) - raft.server.staging.catchup.gap = 1000 (default)
2019-09-25 05:16:55,416 [ff9cca32-4485-4042-a2cf-de046efe7856@group-4D295402E043:LeaderElection18] INFO  server.RaftServerConfigKeys (ConfUtils.java:logGet(43)) - raft.server.watch.element-limit = 65536 (default)
2019-09-25 05:16:55,416 [ba8dde02-0af5-4216-bd1b-765be5e6f2f5@group-68311C3F8FA6:LeaderElection15] INFO  server.RaftServerConfigKeys (ConfUtils.java:logGet(43)) - raft.server.watch.element-limit = 65536 (default)
2019-09-25 05:16:55,416 [ff9cca32-4485-4042-a2cf-de046efe7856@group-B1D72DAE00BB:LeaderElection17] INFO  server.RaftServerConfigKeys (ConfUtils.java:logGet(43)) - raft.server.rpc.sleep.time = 25ms (default)
2019-09-25 05:16:55,416 [ff9cca32-4485-4042-a2cf-de046efe7856@group-86F0D5E62B14:LeaderElection16] INFO  server.RaftServerConfigKeys (ConfUtils.java:logGet(43)) - raft.server.rpc.sleep.time = 25ms (default)
2019-09-25 05:16:55,417 [ff9cca32-4485-4042-a2cf-de046efe7856@group-B1D72DAE00BB:LeaderElection17] INFO  server.RaftServerConfigKeys (ConfUtils.java:logGet(43)) - raft.server.write.element-limit = 4096 (default)
2019-09-25 05:16:55,417 [ff9cca32-4485-4042-a2cf-de046efe7856@group-86F0D5E62B14:LeaderElection16] INFO  server.RaftServerConfigKeys (ConfUtils.java:logGet(43)) - raft.server.write.element-limit = 4096 (default)
2019-09-25 05:16:55,417 [ff9cca32-4485-4042-a2cf-de046efe7856@group-B1D72DAE00BB:LeaderElection17] INFO  server.RaftServerConfigKeys (ConfUtils.java:logGet(43)) - raft.server.watch.timeout = 10s (default)
2019-09-25 05:16:55,417 [ff9cca32-4485-4042-a2cf-de046efe7856@group-86F0D5E62B14:LeaderElection16] INFO  server.RaftServerConfigKeys (ConfUtils.java:logGet(43)) - raft.server.watch.timeout = 10s (default)
2019-09-25 05:16:55,417 [ff9cca32-4485-4042-a2cf-de046efe7856@group-B1D72DAE00BB:LeaderElection17] INFO  server.RaftServerConfigKeys (ConfUtils.java:logGet(43)) - raft.server.watch.timeout.denomination = 1s (default)
2019-09-25 05:16:55,417 [ff9cca32-4485-4042-a2cf-de046efe7856@group-86F0D5E62B14:LeaderElection16] INFO  server.RaftServerConfigKeys (ConfUtils.java:logGet(43)) - raft.server.watch.timeout.denomination = 1s (default)
2019-09-25 05:16:55,417 [ff9cca32-4485-4042-a2cf-de046efe7856@group-B1D72DAE00BB:LeaderElection17] INFO  server.RaftServerConfigKeys (ConfUtils.java:logGet(43)) - raft.server.watch.element-limit = 65536 (default)
2019-09-25 05:16:55,417 [ff9cca32-4485-4042-a2cf-de046efe7856@group-86F0D5E62B14:LeaderElection16] INFO  server.RaftServerConfigKeys (ConfUtils.java:logGet(43)) - raft.server.watch.element-limit = 65536 (default)
2019-09-25 05:16:55,423 [ff9cca32-4485-4042-a2cf-de046efe7856@group-4D295402E043:LeaderElection18] INFO  impl.RoleInfo (RoleInfo.java:updateAndGet(143)) - ff9cca32-4485-4042-a2cf-de046efe7856: start LeaderState
2019-09-25 05:16:55,423 [ff9cca32-4485-4042-a2cf-de046efe7856@group-4D295402E043:LeaderElection18] INFO  segmented.SegmentedRaftLogWorker (SegmentedRaftLogWorker.java:startLogSegment(380)) - ff9cca32-4485-4042-a2cf-de046efe7856@group-4D295402E043-SegmentedRaftLogWorker: Starting segment from index:0
2019-09-25 05:16:55,424 [ba8dde02-0af5-4216-bd1b-765be5e6f2f5@group-68311C3F8FA6:LeaderElection15] INFO  impl.RoleInfo (RoleInfo.java:updateAndGet(143)) - ba8dde02-0af5-4216-bd1b-765be5e6f2f5: start LeaderState
2019-09-25 05:16:55,424 [ff9cca32-4485-4042-a2cf-de046efe7856@group-4D295402E043:LeaderElection18] INFO  impl.RaftServerImpl (ServerState.java:setRaftConf(354)) - ff9cca32-4485-4042-a2cf-de046efe7856@group-4D295402E043: set configuration 0: [ff9cca32-4485-4042-a2cf-de046efe7856:192.168.164.207:41669], old=null at 0
2019-09-25 05:16:55,424 [ba8dde02-0af5-4216-bd1b-765be5e6f2f5@group-68311C3F8FA6:LeaderElection15] INFO  segmented.SegmentedRaftLogWorker (SegmentedRaftLogWorker.java:startLogSegment(380)) - ba8dde02-0af5-4216-bd1b-765be5e6f2f5@group-68311C3F8FA6-SegmentedRaftLogWorker: Starting segment from index:0
2019-09-25 05:16:55,424 [ff9cca32-4485-4042-a2cf-de046efe7856@group-86F0D5E62B14:LeaderElection16] INFO  impl.RoleInfo (RoleInfo.java:updateAndGet(143)) - ff9cca32-4485-4042-a2cf-de046efe7856: start LeaderState
2019-09-25 05:16:55,425 [ff9cca32-4485-4042-a2cf-de046efe7856@group-B1D72DAE00BB:LeaderElection17] INFO  impl.RoleInfo (RoleInfo.java:updateAndGet(143)) - ff9cca32-4485-4042-a2cf-de046efe7856: start LeaderState
2019-09-25 05:16:55,459 [ff9cca32-4485-4042-a2cf-de046efe7856@group-86F0D5E62B14:LeaderElection16] INFO  segmented.SegmentedRaftLogWorker (SegmentedRaftLogWorker.java:startLogSegment(380)) - ff9cca32-4485-4042-a2cf-de046efe7856@group-86F0D5E62B14-SegmentedRaftLogWorker: Starting segment from index:0
2019-09-25 05:16:55,459 [ff9cca32-4485-4042-a2cf-de046efe7856@group-B1D72DAE00BB:LeaderElection17] INFO  segmented.SegmentedRaftLogWorker (SegmentedRaftLogWorker.java:startLogSegment(380)) - ff9cca32-4485-4042-a2cf-de046efe7856@group-B1D72DAE00BB-SegmentedRaftLogWorker: Starting segment from index:0
2019-09-25 05:16:55,459 [ba8dde02-0af5-4216-bd1b-765be5e6f2f5@group-68311C3F8FA6:LeaderElection15] INFO  impl.RaftServerImpl (ServerState.java:setRaftConf(354)) - ba8dde02-0af5-4216-bd1b-765be5e6f2f5@group-68311C3F8FA6: set configuration 0: [ba8dde02-0af5-4216-bd1b-765be5e6f2f5:192.168.164.207:33616], old=null at 0
2019-09-25 05:16:55,496 [ff9cca32-4485-4042-a2cf-de046efe7856@group-B1D72DAE00BB:LeaderElection17] INFO  impl.RaftServerImpl (ServerState.java:setRaftConf(354)) - ff9cca32-4485-4042-a2cf-de046efe7856@group-B1D72DAE00BB: set configuration 0: [ff9cca32-4485-4042-a2cf-de046efe7856:192.168.164.207:41669], old=null at 0
2019-09-25 05:16:55,496 [ff9cca32-4485-4042-a2cf-de046efe7856@group-86F0D5E62B14:LeaderElection16] INFO  impl.RaftServerImpl (ServerState.java:setRaftConf(354)) - ff9cca32-4485-4042-a2cf-de046efe7856@group-86F0D5E62B14: set configuration 0: [ff9cca32-4485-4042-a2cf-de046efe7856:192.168.164.207:41669], old=null at 0
2019-09-25 05:17:01,027 [ba8dde02-0af5-4216-bd1b-765be5e6f2f5@group-3C212777812F-SegmentedRaftLogWorker] INFO  segmented.SegmentedRaftLogWorker (SegmentedRaftLogWorker.java:execute(569)) - ba8dde02-0af5-4216-bd1b-765be5e6f2f5@group-3C212777812F-SegmentedRaftLogWorker: created new log segment /workdir/hadoop-ozone/integration-test/target/test-dir/MiniOzoneClusterImpl-61ea7bfd-f5dc-44df-9f38-4734a4a03623/datanode-2/data/ratis/07913210-7468-471f-a682-3c212777812f/current/log_inprogress_0
2019-09-25 05:17:01,813 [ff9cca32-4485-4042-a2cf-de046efe7856@group-86F0D5E62B14-SegmentedRaftLogWorker] INFO  segmented.SegmentedRaftLogWorker (SegmentedRaftLogWorker.java:execute(569)) - ff9cca32-4485-4042-a2cf-de046efe7856@group-86F0D5E62B14-SegmentedRaftLogWorker: created new log segment /workdir/hadoop-ozone/integration-test/target/test-dir/MiniOzoneClusterImpl-61ea7bfd-f5dc-44df-9f38-4734a4a03623/datanode-1/data/ratis/045cb1d1-5eb0-401e-83fa-86f0d5e62b14/current/log_inprogress_0
2019-09-25 05:17:01,813 [ff9cca32-4485-4042-a2cf-de046efe7856@group-B1D72DAE00BB-SegmentedRaftLogWorker] INFO  segmented.SegmentedRaftLogWorker (SegmentedRaftLogWorker.java:execute(569)) - ff9cca32-4485-4042-a2cf-de046efe7856@group-B1D72DAE00BB-SegmentedRaftLogWorker: created new log segment /workdir/hadoop-ozone/integration-test/target/test-dir/MiniOzoneClusterImpl-61ea7bfd-f5dc-44df-9f38-4734a4a03623/datanode-1/data/ratis/ba26b46b-32db-4fe4-b02f-b1d72dae00bb/current/log_inprogress_0
2019-09-25 05:17:01,813 [ff9cca32-4485-4042-a2cf-de046efe7856@group-4D295402E043-SegmentedRaftLogWorker] INFO  segmented.SegmentedRaftLogWorker (SegmentedRaftLogWorker.java:execute(569)) - ff9cca32-4485-4042-a2cf-de046efe7856@group-4D295402E043-SegmentedRaftLogWorker: created new log segment /workdir/hadoop-ozone/integration-test/target/test-dir/MiniOzoneClusterImpl-61ea7bfd-f5dc-44df-9f38-4734a4a03623/datanode-1/data/ratis/77582cf8-f6af-45f5-9237-4d295402e043/current/log_inprogress_0
2019-09-25 05:17:01,813 [ba8dde02-0af5-4216-bd1b-765be5e6f2f5@group-68311C3F8FA6-SegmentedRaftLogWorker] INFO  segmented.SegmentedRaftLogWorker (SegmentedRaftLogWorker.java:execute(569)) - ba8dde02-0af5-4216-bd1b-765be5e6f2f5@group-68311C3F8FA6-SegmentedRaftLogWorker: created new log segment /workdir/hadoop-ozone/integration-test/target/test-dir/MiniOzoneClusterImpl-61ea7bfd-f5dc-44df-9f38-4734a4a03623/datanode-2/data/ratis/63f172f5-1f82-4a90-9377-68311c3f8fa6/current/log_inprogress_0
2019-09-25 05:17:36,747 [IPC Server handler 17 on 40243] INFO  pipeline.PipelinePlacementPolicy (PipelinePlacementPolicy.java:meetCriteria(91)) - Pipeline Placement: can't place more pipeline on heavy datanode： ff9cca32-4485-4042-a2cf-de046efe7856 Heaviness: 6 limit: 5
2019-09-25 05:17:36,748 [IPC Server handler 17 on 40243] INFO  pipeline.PipelinePlacementPolicy (PipelinePlacementPolicy.java:meetCriteria(91)) - Pipeline Placement: can't place more pipeline on heavy datanode： 26f764fd-4d7b-4424-b7e8-447a1ed3b8ef Heaviness: 6 limit: 5
2019-09-25 05:17:36,749 [IPC Server handler 17 on 40243] INFO  pipeline.PipelinePlacementPolicy (PipelinePlacementPolicy.java:meetCriteria(91)) - Pipeline Placement: can't place more pipeline on heavy datanode： ba8dde02-0af5-4216-bd1b-765be5e6f2f5 Heaviness: 6 limit: 5
2019-09-25 05:17:36,749 [IPC Server handler 17 on 40243] ERROR pipeline.PipelinePlacementPolicy (PipelinePlacementPolicy.java:filterViableNodes(148)) - Unable to find enough nodes that meet the criteria that cannot engage in more than 5 pipelines. Nodes required: 3 Found: 0, healthy nodes count inNodeManager: 3.
2019-09-25 05:17:36,749 [IPC Server handler 17 on 40243] ERROR pipeline.SCMPipelineManager (SCMPipelineManager.java:createPipeline(167)) - Pipeline creation failed.
org.apache.hadoop.hdds.scm.exceptions.SCMException: Unable to find enough nodes that meet the criteria that cannot engage in more than 5 pipelines. Nodes required: 3 Found: 0, healthy nodes count inNodeManager: 3.
	at org.apache.hadoop.hdds.scm.pipeline.PipelinePlacementPolicy.filterViableNodes(PipelinePlacementPolicy.java:149)
	at org.apache.hadoop.hdds.scm.pipeline.PipelinePlacementPolicy.chooseDatanodes(PipelinePlacementPolicy.java:172)
	at org.apache.hadoop.hdds.scm.pipeline.RatisPipelineProvider.create(RatisPipelineProvider.java:93)
	at org.apache.hadoop.hdds.scm.pipeline.PipelineFactory.create(PipelineFactory.java:58)
	at org.apache.hadoop.hdds.scm.pipeline.SCMPipelineManager.createPipeline(SCMPipelineManager.java:155)
	at org.apache.hadoop.hdds.scm.block.BlockManagerImpl.allocateBlock(BlockManagerImpl.java:190)
	at org.apache.hadoop.hdds.scm.server.SCMBlockProtocolServer.allocateBlock(SCMBlockProtocolServer.java:182)
	at org.apache.hadoop.ozone.protocolPB.ScmBlockLocationProtocolServerSideTranslatorPB.allocateScmBlock(ScmBlockLocationProtocolServerSideTranslatorPB.java:183)
	at org.apache.hadoop.ozone.protocolPB.ScmBlockLocationProtocolServerSideTranslatorPB.processMessage(ScmBlockLocationProtocolServerSideTranslatorPB.java:141)
	at org.apache.hadoop.ozone.protocolPB.ScmBlockLocationProtocolServerSideTranslatorPB.send(ScmBlockLocationProtocolServerSideTranslatorPB.java:116)
	at org.apache.hadoop.hdds.protocol.proto.ScmBlockLocationProtocolProtos$ScmBlockLocationProtocolService$2.callBlockingMethod(ScmBlockLocationProtocolProtos.java:13157)
	at org.apache.hadoop.ipc.ProtobufRpcEngine$Server$ProtoBufRpcInvoker.call(ProtobufRpcEngine.java:524)
	at org.apache.hadoop.ipc.RPC$Server.call(RPC.java:1025)
	at org.apache.hadoop.ipc.Server$RpcCall.run(Server.java:876)
	at org.apache.hadoop.ipc.Server$RpcCall.run(Server.java:822)
	at java.security.AccessController.doPrivileged(Native Method)
	at javax.security.auth.Subject.doAs(Subject.java:422)
	at org.apache.hadoop.security.UserGroupInformation.doAs(UserGroupInformation.java:1730)
	at org.apache.hadoop.ipc.Server$Handler.run(Server.java:2682)
2019-09-25 05:17:36,750 [IPC Server handler 17 on 40243] WARN  block.BlockManagerImpl (BlockManagerImpl.java:allocateBlock(192)) - Pipeline creation failed for type:RATIS factor:THREE. Retrying get pipelines call once.
org.apache.hadoop.hdds.scm.exceptions.SCMException: Unable to find enough nodes that meet the criteria that cannot engage in more than 5 pipelines. Nodes required: 3 Found: 0, healthy nodes count inNodeManager: 3.
	at org.apache.hadoop.hdds.scm.pipeline.PipelinePlacementPolicy.filterViableNodes(PipelinePlacementPolicy.java:149)
	at org.apache.hadoop.hdds.scm.pipeline.PipelinePlacementPolicy.chooseDatanodes(PipelinePlacementPolicy.java:172)
	at org.apache.hadoop.hdds.scm.pipeline.RatisPipelineProvider.create(RatisPipelineProvider.java:93)
	at org.apache.hadoop.hdds.scm.pipeline.PipelineFactory.create(PipelineFactory.java:58)
	at org.apache.hadoop.hdds.scm.pipeline.SCMPipelineManager.createPipeline(SCMPipelineManager.java:155)
	at org.apache.hadoop.hdds.scm.block.BlockManagerImpl.allocateBlock(BlockManagerImpl.java:190)
	at org.apache.hadoop.hdds.scm.server.SCMBlockProtocolServer.allocateBlock(SCMBlockProtocolServer.java:182)
	at org.apache.hadoop.ozone.protocolPB.ScmBlockLocationProtocolServerSideTranslatorPB.allocateScmBlock(ScmBlockLocationProtocolServerSideTranslatorPB.java:183)
	at org.apache.hadoop.ozone.protocolPB.ScmBlockLocationProtocolServerSideTranslatorPB.processMessage(ScmBlockLocationProtocolServerSideTranslatorPB.java:141)
	at org.apache.hadoop.ozone.protocolPB.ScmBlockLocationProtocolServerSideTranslatorPB.send(ScmBlockLocationProtocolServerSideTranslatorPB.java:116)
	at org.apache.hadoop.hdds.protocol.proto.ScmBlockLocationProtocolProtos$ScmBlockLocationProtocolService$2.callBlockingMethod(ScmBlockLocationProtocolProtos.java:13157)
	at org.apache.hadoop.ipc.ProtobufRpcEngine$Server$ProtoBufRpcInvoker.call(ProtobufRpcEngine.java:524)
	at org.apache.hadoop.ipc.RPC$Server.call(RPC.java:1025)
	at org.apache.hadoop.ipc.Server$RpcCall.run(Server.java:876)
	at org.apache.hadoop.ipc.Server$RpcCall.run(Server.java:822)
	at java.security.AccessController.doPrivileged(Native Method)
	at javax.security.auth.Subject.doAs(Subject.java:422)
	at org.apache.hadoop.security.UserGroupInformation.doAs(UserGroupInformation.java:1730)
	at org.apache.hadoop.ipc.Server$Handler.run(Server.java:2682)
2019-09-25 05:17:36,751 [IPC Server handler 17 on 40243] INFO  block.BlockManagerImpl (BlockManagerImpl.java:allocateBlock(198)) - Could not find available pipeline of type:RATIS and factor:THREE even after retrying
2019-09-25 05:17:36,752 [IPC Server handler 17 on 40243] ERROR block.BlockManagerImpl (BlockManagerImpl.java:allocateBlock(222)) - Unable to allocate a block for the size: 4194304, type: RATIS, factor: THREE
]]></system-out>
    <system-err><![CDATA[ERROR StatusLogger No Log4j 2 configuration file found. Using default configuration (logging only errors to the console), or user programmatically provided configurations. Set system property 'log4j2.debug' to show Log4j 2 internal initialization logging. See https://logging.apache.org/log4j/2.x/manual/configuration.html for instructions on how to configure Log4j 2
]]></system-err>
  </testcase>
</testsuite>