<?xml version="1.0" encoding="UTF-8"?>
<testsuite xmlns:xsi="http://www.w3.org/2001/XMLSchema-instance" xsi:noNamespaceSchemaLocation="https://maven.apache.org/surefire/maven-surefire-plugin/xsd/surefire-test-report.xsd" name="org.apache.hadoop.ozone.client.rpc.TestBlockOutputStreamWithFailures" time="685.776" tests="8" errors="1" skipped="0" failures="2">
  <properties>
    <property name="awt.toolkit" value="sun.awt.X11.XToolkit"/>
    <property name="file.encoding.pkg" value="sun.io"/>
    <property name="java.specification.version" value="1.8"/>
    <property name="sun.cpu.isalist" value=""/>
    <property name="sun.jnu.encoding" value="UTF-8"/>
    <property name="java.class.path" value="/workdir/hadoop-ozone/integration-test/target/test-classes:/workdir/hadoop-ozone/integration-test/target/classes:/home/user/.m2/repository/org/apache/hadoop/hadoop-ozone-common/0.5.0-SNAPSHOT/hadoop-ozone-common-0.5.0-SNAPSHOT.jar:/home/user/.m2/repository/org/apache/commons/commons-compress/1.4.1/commons-compress-1.4.1.jar:/home/user/.m2/repository/org/tukaani/xz/1.0/xz-1.0.jar:/home/user/.m2/repository/org/apache/hadoop/hadoop-common/3.2.0/hadoop-common-3.2.0.jar:/home/user/.m2/repository/org/apache/hadoop/hadoop-hdfs/3.2.0/hadoop-hdfs-3.2.0.jar:/home/user/.m2/repository/org/apache/hadoop/hadoop-hdfs-client/3.2.0/hadoop-hdfs-client-3.2.0.jar:/home/user/.m2/repository/com/fasterxml/jackson/core/jackson-annotations/2.9.5/jackson-annotations-2.9.5.jar:/home/user/.m2/repository/org/apache/hadoop/hadoop-hdds-common/0.5.0-SNAPSHOT/hadoop-hdds-common-0.5.0-SNAPSHOT.jar:/home/user/.m2/repository/javax/annotation/javax.annotation-api/1.2/javax.annotation-api-1.2.jar:/home/user/.m2/repository/org/apache/ratis/ratis-server/0.4.0-2337318-SNAPSHOT/ratis-server-0.4.0-2337318-SNAPSHOT.jar:/home/user/.m2/repository/org/apache/ratis/ratis-thirdparty-misc/0.2.0/ratis-thirdparty-misc-0.2.0.jar:/home/user/.m2/repository/org/apache/ratis/ratis-proto/0.4.0-2337318-SNAPSHOT/ratis-proto-0.4.0-2337318-SNAPSHOT.jar:/home/user/.m2/repository/org/apache/ratis/ratis-common/0.4.0-2337318-SNAPSHOT/ratis-common-0.4.0-2337318-SNAPSHOT.jar:/home/user/.m2/repository/org/apache/ratis/ratis-client/0.4.0-2337318-SNAPSHOT/ratis-client-0.4.0-2337318-SNAPSHOT.jar:/home/user/.m2/repository/org/apache/ratis/ratis-metrics/0.4.0-2337318-SNAPSHOT/ratis-metrics-0.4.0-2337318-SNAPSHOT.jar:/home/user/.m2/repository/org/apache/ratis/ratis-netty/0.4.0-2337318-SNAPSHOT/ratis-netty-0.4.0-2337318-SNAPSHOT.jar:/home/user/.m2/repository/org/apache/ratis/ratis-grpc/0.4.0-2337318-SNAPSHOT/ratis-grpc-0.4.0-2337318-SNAPSHOT.jar:/home/user/.m2/repository/org/rocksdb/rocksdbjni/6.0.1/rocksdbjni-6.0.1.jar:/home/user/.m2/repository/org/apache/logging/log4j/log4j-api/2.11.0/log4j-api-2.11.0.jar:/home/user/.m2/repository/org/apache/logging/log4j/log4j-core/2.11.0/log4j-core-2.11.0.jar:/home/user/.m2/repository/com/lmax/disruptor/3.4.2/disruptor-3.4.2.jar:/home/user/.m2/repository/org/apache/commons/commons-pool2/2.6.0/commons-pool2-2.6.0.jar:/home/user/.m2/repository/org/bouncycastle/bcpkix-jdk15on/1.60/bcpkix-jdk15on-1.60.jar:/home/user/.m2/repository/commons-validator/commons-validator/1.6/commons-validator-1.6.jar:/home/user/.m2/repository/commons-digester/commons-digester/1.8.1/commons-digester-1.8.1.jar:/home/user/.m2/repository/io/jaegertracing/jaeger-client/0.33.1/jaeger-client-0.33.1.jar:/home/user/.m2/repository/io/jaegertracing/jaeger-thrift/0.33.1/jaeger-thrift-0.33.1.jar:/home/user/.m2/repository/org/apache/thrift/libthrift/0.11.0/libthrift-0.11.0.jar:/home/user/.m2/repository/com/squareup/okhttp3/okhttp/3.9.0/okhttp-3.9.0.jar:/home/user/.m2/repository/com/squareup/okio/okio/1.13.0/okio-1.13.0.jar:/home/user/.m2/repository/io/jaegertracing/jaeger-core/0.33.1/jaeger-core-0.33.1.jar:/home/user/.m2/repository/io/jaegertracing/jaeger-tracerresolver/0.33.1/jaeger-tracerresolver-0.33.1.jar:/home/user/.m2/repository/io/opentracing/contrib/opentracing-tracerresolver/0.1.5/opentracing-tracerresolver-0.1.5.jar:/home/user/.m2/repository/io/opentracing/opentracing-util/0.31.0/opentracing-util-0.31.0.jar:/home/user/.m2/repository/io/opentracing/opentracing-api/0.31.0/opentracing-api-0.31.0.jar:/home/user/.m2/repository/io/opentracing/opentracing-noop/0.31.0/opentracing-noop-0.31.0.jar:/home/user/.m2/repository/org/apache/hadoop/hadoop-hdds-server-framework/0.5.0-SNAPSHOT/hadoop-hdds-server-framework-0.5.0-SNAPSHOT.jar:/home/user/.m2/repository/org/apache/hadoop/hadoop-hdds-container-service/0.5.0-SNAPSHOT/hadoop-hdds-container-service-0.5.0-SNAPSHOT.jar:/home/user/.m2/repository/org/apache/hadoop/hadoop-hdds-client/0.5.0-SNAPSHOT/hadoop-hdds-client-0.5.0-SNAPSHOT.jar:/home/user/.m2/repository/org/apache/hadoop/hadoop-hdds-tools/0.5.0-SNAPSHOT/hadoop-hdds-tools-0.5.0-SNAPSHOT.jar:/home/user/.m2/repository/org/apache/hadoop/hadoop-hdds-server-scm/0.5.0-SNAPSHOT/hadoop-hdds-server-scm-0.5.0-SNAPSHOT.jar:/home/user/.m2/repository/org/apache/hadoop/hadoop-hdds-docs/0.5.0-SNAPSHOT/hadoop-hdds-docs-0.5.0-SNAPSHOT.jar:/home/user/.m2/repository/io/dropwizard/metrics/metrics-core/3.2.4/metrics-core-3.2.4.jar:/home/user/.m2/repository/org/hamcrest/hamcrest-all/1.3/hamcrest-all-1.3.jar:/home/user/.m2/repository/org/bouncycastle/bcprov-jdk15on/1.60/bcprov-jdk15on-1.60.jar:/home/user/.m2/repository/info/picocli/picocli/3.9.6/picocli-3.9.6.jar:/home/user/.m2/repository/com/google/protobuf/protobuf-java/2.5.0/protobuf-java-2.5.0.jar:/home/user/.m2/repository/com/google/guava/guava/11.0.2/guava-11.0.2.jar:/home/user/.m2/repository/org/apache/hadoop/hadoop-ozone-ozone-manager/0.5.0-SNAPSHOT/hadoop-ozone-ozone-manager-0.5.0-SNAPSHOT.jar:/home/user/.m2/repository/org/apache/hadoop/hadoop-minikdc/3.2.0/hadoop-minikdc-3.2.0.jar:/home/user/.m2/repository/commons-io/commons-io/2.5/commons-io-2.5.jar:/home/user/.m2/repository/org/apache/kerby/kerb-simplekdc/1.0.1/kerb-simplekdc-1.0.1.jar:/home/user/.m2/repository/org/apache/kerby/kerb-client/1.0.1/kerb-client-1.0.1.jar:/home/user/.m2/repository/org/apache/kerby/kerby-config/1.0.1/kerby-config-1.0.1.jar:/home/user/.m2/repository/org/apache/kerby/kerb-core/1.0.1/kerb-core-1.0.1.jar:/home/user/.m2/repository/org/apache/kerby/kerby-pkix/1.0.1/kerby-pkix-1.0.1.jar:/home/user/.m2/repository/org/apache/kerby/kerby-asn1/1.0.1/kerby-asn1-1.0.1.jar:/home/user/.m2/repository/org/apache/kerby/kerby-util/1.0.1/kerby-util-1.0.1.jar:/home/user/.m2/repository/org/apache/kerby/kerb-common/1.0.1/kerb-common-1.0.1.jar:/home/user/.m2/repository/org/apache/kerby/kerb-crypto/1.0.1/kerb-crypto-1.0.1.jar:/home/user/.m2/repository/org/apache/kerby/kerb-util/1.0.1/kerb-util-1.0.1.jar:/home/user/.m2/repository/org/apache/kerby/token-provider/1.0.1/token-provider-1.0.1.jar:/home/user/.m2/repository/org/apache/kerby/kerb-admin/1.0.1/kerb-admin-1.0.1.jar:/home/user/.m2/repository/org/apache/kerby/kerb-server/1.0.1/kerb-server-1.0.1.jar:/home/user/.m2/repository/org/apache/kerby/kerb-identity/1.0.1/kerb-identity-1.0.1.jar:/home/user/.m2/repository/org/apache/kerby/kerby-xdr/1.0.1/kerby-xdr-1.0.1.jar:/home/user/.m2/repository/org/slf4j/slf4j-log4j12/1.7.25/slf4j-log4j12-1.7.25.jar:/home/user/.m2/repository/org/apache/hadoop/hadoop-ozone-s3gateway/0.5.0-SNAPSHOT/hadoop-ozone-s3gateway-0.5.0-SNAPSHOT.jar:/home/user/.m2/repository/org/jboss/weld/servlet/weld-servlet/2.4.7.Final/weld-servlet-2.4.7.Final.jar:/home/user/.m2/repository/org/glassfish/jersey/containers/jersey-container-servlet-core/2.27/jersey-container-servlet-core-2.27.jar:/home/user/.m2/repository/org/glassfish/hk2/external/javax.inject/2.5.0-b42/javax.inject-2.5.0-b42.jar:/home/user/.m2/repository/org/glassfish/jersey/core/jersey-common/2.27/jersey-common-2.27.jar:/home/user/.m2/repository/org/glassfish/hk2/osgi-resource-locator/1.0.1/osgi-resource-locator-1.0.1.jar:/home/user/.m2/repository/javax/ws/rs/javax.ws.rs-api/2.1/javax.ws.rs-api-2.1.jar:/home/user/.m2/repository/org/glassfish/jersey/ext/cdi/jersey-cdi1x/2.27/jersey-cdi1x-2.27.jar:/home/user/.m2/repository/org/glassfish/jersey/inject/jersey-hk2/2.27/jersey-hk2-2.27.jar:/home/user/.m2/repository/org/glassfish/hk2/hk2-locator/2.5.0-b42/hk2-locator-2.5.0-b42.jar:/home/user/.m2/repository/org/javassist/javassist/3.22.0-CR2/javassist-3.22.0-CR2.jar:/home/user/.m2/repository/org/glassfish/hk2/hk2-api/2.5.0/hk2-api-2.5.0.jar:/home/user/.m2/repository/org/glassfish/hk2/external/jakarta.inject/2.5.0/jakarta.inject-2.5.0.jar:/home/user/.m2/repository/org/glassfish/hk2/hk2-utils/2.5.0/hk2-utils-2.5.0.jar:/home/user/.m2/repository/jakarta/annotation/jakarta.annotation-api/1.3.4/jakarta.annotation-api-1.3.4.jar:/home/user/.m2/repository/org/glassfish/hk2/external/aopalliance-repackaged/2.5.0/aopalliance-repackaged-2.5.0.jar:/home/user/.m2/repository/com/fasterxml/jackson/dataformat/jackson-dataformat-xml/2.9.0/jackson-dataformat-xml-2.9.0.jar:/home/user/.m2/repository/com/fasterxml/jackson/core/jackson-core/2.9.5/jackson-core-2.9.5.jar:/home/user/.m2/repository/com/fasterxml/jackson/module/jackson-module-jaxb-annotations/2.9.5/jackson-module-jaxb-annotations-2.9.5.jar:/home/user/.m2/repository/javax/enterprise/cdi-api/1.2/cdi-api-1.2.jar:/home/user/.m2/repository/javax/el/javax.el-api/3.0.0/javax.el-api-3.0.0.jar:/home/user/.m2/repository/javax/interceptor/javax.interceptor-api/1.2/javax.interceptor-api-1.2.jar:/home/user/.m2/repository/javax/inject/javax.inject/1/javax.inject-1.jar:/home/user/.m2/repository/com/sun/xml/bind/jaxb-impl/2.3.0.1/jaxb-impl-2.3.0.1.jar:/home/user/.m2/repository/com/sun/xml/bind/jaxb-core/2.3.0.1/jaxb-core-2.3.0.1.jar:/home/user/.m2/repository/javax/xml/bind/jaxb-api/2.3.0/jaxb-api-2.3.0.jar:/home/user/.m2/repository/javax/activation/activation/1.1.1/activation-1.1.1.jar:/home/user/.m2/repository/org/apache/hadoop/hadoop-ozone-csi/0.5.0-SNAPSHOT/hadoop-ozone-csi-0.5.0-SNAPSHOT.jar:/home/user/.m2/repository/com/google/protobuf/protobuf-java-util/3.5.1/protobuf-java-util-3.5.1.jar:/home/user/.m2/repository/org/apache/hadoop/hadoop-hdds-config/0.5.0-SNAPSHOT/hadoop-hdds-config-0.5.0-SNAPSHOT.jar:/home/user/.m2/repository/io/grpc/grpc-netty/1.17.1/grpc-netty-1.17.1.jar:/home/user/.m2/repository/io/grpc/grpc-core/1.17.1/grpc-core-1.17.1.jar:/home/user/.m2/repository/io/grpc/grpc-context/1.17.1/grpc-context-1.17.1.jar:/home/user/.m2/repository/com/google/errorprone/error_prone_annotations/2.2.0/error_prone_annotations-2.2.0.jar:/home/user/.m2/repository/org/codehaus/mojo/animal-sniffer-annotations/1.17/animal-sniffer-annotations-1.17.jar:/home/user/.m2/repository/io/opencensus/opencensus-api/0.17.0/opencensus-api-0.17.0.jar:/home/user/.m2/repository/io/opencensus/opencensus-contrib-grpc-metrics/0.17.0/opencensus-contrib-grpc-metrics-0.17.0.jar:/home/user/.m2/repository/io/netty/netty-codec-http2/4.1.30.Final/netty-codec-http2-4.1.30.Final.jar:/home/user/.m2/repository/io/netty/netty-codec-http/4.1.30.Final/netty-codec-http-4.1.30.Final.jar:/home/user/.m2/repository/io/netty/netty-codec/4.1.30.Final/netty-codec-4.1.30.Final.jar:/home/user/.m2/repository/io/netty/netty-handler/4.1.30.Final/netty-handler-4.1.30.Final.jar:/home/user/.m2/repository/io/netty/netty-handler-proxy/4.1.30.Final/netty-handler-proxy-4.1.30.Final.jar:/home/user/.m2/repository/io/netty/netty-codec-socks/4.1.30.Final/netty-codec-socks-4.1.30.Final.jar:/home/user/.m2/repository/io/netty/netty-transport-native-epoll/4.1.30.Final/netty-transport-native-epoll-4.1.30.Final.jar:/home/user/.m2/repository/io/netty/netty-common/4.1.30.Final/netty-common-4.1.30.Final.jar:/home/user/.m2/repository/io/netty/netty-buffer/4.1.30.Final/netty-buffer-4.1.30.Final.jar:/home/user/.m2/repository/io/netty/netty-transport/4.1.30.Final/netty-transport-4.1.30.Final.jar:/home/user/.m2/repository/io/netty/netty-resolver/4.1.30.Final/netty-resolver-4.1.30.Final.jar:/home/user/.m2/repository/io/netty/netty-transport-native-unix-common/4.1.30.Final/netty-transport-native-unix-common-4.1.30.Final.jar:/home/user/.m2/repository/io/grpc/grpc-protobuf/1.17.1/grpc-protobuf-1.17.1.jar:/home/user/.m2/repository/com/google/api/grpc/proto-google-common-protos/1.0.0/proto-google-common-protos-1.0.0.jar:/home/user/.m2/repository/io/grpc/grpc-protobuf-lite/1.17.1/grpc-protobuf-lite-1.17.1.jar:/home/user/.m2/repository/io/grpc/grpc-stub/1.17.1/grpc-stub-1.17.1.jar:/home/user/.m2/repository/org/apache/hadoop/hadoop-ozone-recon/0.5.0-SNAPSHOT/hadoop-ozone-recon-0.5.0-SNAPSHOT.jar:/home/user/.m2/repository/org/apache/hadoop/hadoop-ozone-reconcodegen/0.5.0-SNAPSHOT/hadoop-ozone-reconcodegen-0.5.0-SNAPSHOT.jar:/home/user/.m2/repository/com/google/inject/extensions/guice-multibindings/4.0/guice-multibindings-4.0.jar:/home/user/.m2/repository/com/google/inject/guice/4.0/guice-4.0.jar:/home/user/.m2/repository/aopalliance/aopalliance/1.0/aopalliance-1.0.jar:/home/user/.m2/repository/com/google/inject/extensions/guice-servlet/4.0/guice-servlet-4.0.jar:/home/user/.m2/repository/org/glassfish/jersey/containers/jersey-container-servlet/2.27/jersey-container-servlet-2.27.jar:/home/user/.m2/repository/org/glassfish/hk2/guice-bridge/2.5.0/guice-bridge-2.5.0.jar:/home/user/.m2/repository/org/glassfish/jersey/core/jersey-server/2.27/jersey-server-2.27.jar:/home/user/.m2/repository/org/glassfish/jersey/core/jersey-client/2.27/jersey-client-2.27.jar:/home/user/.m2/repository/org/glassfish/jersey/media/jersey-media-jaxb/2.27/jersey-media-jaxb-2.27.jar:/home/user/.m2/repository/javax/validation/validation-api/1.1.0.Final/validation-api-1.1.0.Final.jar:/home/user/.m2/repository/org/glassfish/jersey/media/jersey-media-json-jackson/2.27/jersey-media-json-jackson-2.27.jar:/home/user/.m2/repository/org/glassfish/jersey/ext/jersey-entity-filtering/2.27/jersey-entity-filtering-2.27.jar:/home/user/.m2/repository/com/google/inject/extensions/guice-assistedinject/4.0/guice-assistedinject-4.0.jar:/home/user/.m2/repository/org/jooq/jooq/3.11.10/jooq-3.11.10.jar:/home/user/.m2/repository/org/jooq/jooq-meta/3.11.10/jooq-meta-3.11.10.jar:/home/user/.m2/repository/org/jooq/jooq-codegen/3.11.10/jooq-codegen-3.11.10.jar:/home/user/.m2/repository/com/jolbox/bonecp/0.8.0.RELEASE/bonecp-0.8.0.RELEASE.jar:/home/user/.m2/repository/org/xerial/sqlite-jdbc/3.25.2/sqlite-jdbc-3.25.2.jar:/home/user/.m2/repository/org/springframework/spring-jdbc/5.1.3.RELEASE/spring-jdbc-5.1.3.RELEASE.jar:/home/user/.m2/repository/org/springframework/spring-beans/5.1.3.RELEASE/spring-beans-5.1.3.RELEASE.jar:/home/user/.m2/repository/org/springframework/spring-core/5.1.3.RELEASE/spring-core-5.1.3.RELEASE.jar:/home/user/.m2/repository/org/springframework/spring-jcl/5.1.3.RELEASE/spring-jcl-5.1.3.RELEASE.jar:/home/user/.m2/repository/org/springframework/spring-tx/5.1.3.RELEASE/spring-tx-5.1.3.RELEASE.jar:/home/user/.m2/repository/org/apache/hadoop/hadoop-ozone-client/0.5.0-SNAPSHOT/hadoop-ozone-client-0.5.0-SNAPSHOT.jar:/home/user/.m2/repository/commons-lang/commons-lang/2.6/commons-lang-2.6.jar:/home/user/.m2/repository/org/apache/hadoop/hadoop-ozone-ozone-manager/0.5.0-SNAPSHOT/hadoop-ozone-ozone-manager-0.5.0-SNAPSHOT-tests.jar:/home/user/.m2/repository/junit/junit/4.11/junit-4.11.jar:/home/user/.m2/repository/org/hamcrest/hamcrest-core/1.3/hamcrest-core-1.3.jar:/home/user/.m2/repository/org/openjdk/jmh/jmh-core/1.19/jmh-core-1.19.jar:/home/user/.m2/repository/net/sf/jopt-simple/jopt-simple/4.6/jopt-simple-4.6.jar:/home/user/.m2/repository/org/apache/commons/commons-math3/3.1.1/commons-math3-3.1.1.jar:/home/user/.m2/repository/org/openjdk/jmh/jmh-generator-annprocess/1.19/jmh-generator-annprocess-1.19.jar:/home/user/.m2/repository/org/mockito/mockito-all/1.8.5/mockito-all-1.8.5.jar:/home/user/.m2/repository/org/apache/hadoop/hadoop-kms/3.2.0/hadoop-kms-3.2.0.jar:/home/user/.m2/repository/org/apache/hadoop/hadoop-auth/3.2.0/hadoop-auth-3.2.0.jar:/home/user/.m2/repository/com/nimbusds/nimbus-jose-jwt/4.41.1/nimbus-jose-jwt-4.41.1.jar:/home/user/.m2/repository/com/github/stephenc/jcip/jcip-annotations/1.0-1/jcip-annotations-1.0-1.jar:/home/user/.m2/repository/net/minidev/json-smart/2.3/json-smart-2.3.jar:/home/user/.m2/repository/net/minidev/accessors-smart/1.2/accessors-smart-1.2.jar:/home/user/.m2/repository/org/ow2/asm/asm/5.0.4/asm-5.0.4.jar:/home/user/.m2/repository/org/apache/curator/curator-framework/2.12.0/curator-framework-2.12.0.jar:/home/user/.m2/repository/com/sun/jersey/jersey-core/1.19/jersey-core-1.19.jar:/home/user/.m2/repository/javax/ws/rs/jsr311-api/1.1.1/jsr311-api-1.1.1.jar:/home/user/.m2/repository/com/sun/jersey/jersey-server/1.19/jersey-server-1.19.jar:/home/user/.m2/repository/javax/servlet/javax.servlet-api/3.1.0/javax.servlet-api-3.1.0.jar:/home/user/.m2/repository/org/eclipse/jetty/jetty-server/9.3.24.v20180605/jetty-server-9.3.24.v20180605.jar:/home/user/.m2/repository/org/eclipse/jetty/jetty-http/9.3.24.v20180605/jetty-http-9.3.24.v20180605.jar:/home/user/.m2/repository/org/eclipse/jetty/jetty-io/9.3.24.v20180605/jetty-io-9.3.24.v20180605.jar:/home/user/.m2/repository/org/eclipse/jetty/jetty-webapp/9.3.24.v20180605/jetty-webapp-9.3.24.v20180605.jar:/home/user/.m2/repository/org/eclipse/jetty/jetty-xml/9.3.24.v20180605/jetty-xml-9.3.24.v20180605.jar:/home/user/.m2/repository/log4j/log4j/1.2.17/log4j-1.2.17.jar:/home/user/.m2/repository/org/slf4j/slf4j-api/1.7.25/slf4j-api-1.7.25.jar:/home/user/.m2/repository/org/slf4j/jul-to-slf4j/1.7.25/jul-to-slf4j-1.7.25.jar:/home/user/.m2/repository/org/eclipse/jetty/jetty-util/9.3.24.v20180605/jetty-util-9.3.24.v20180605.jar:/home/user/.m2/repository/com/fasterxml/jackson/core/jackson-databind/2.9.5/jackson-databind-2.9.5.jar:/home/user/.m2/repository/org/apache/hadoop/hadoop-kms/3.2.0/hadoop-kms-3.2.0-tests.jar:/home/user/.m2/repository/org/apache/hadoop/hadoop-hdds-server-scm/0.5.0-SNAPSHOT/hadoop-hdds-server-scm-0.5.0-SNAPSHOT-tests.jar:/home/user/.m2/repository/org/apache/hadoop/hadoop-hdds-container-service/0.5.0-SNAPSHOT/hadoop-hdds-container-service-0.5.0-SNAPSHOT-tests.jar:/home/user/.m2/repository/org/yaml/snakeyaml/1.16/snakeyaml-1.16.jar:/home/user/.m2/repository/org/apache/hadoop/hadoop-common/3.2.0/hadoop-common-3.2.0-tests.jar:/home/user/.m2/repository/org/apache/hadoop/hadoop-annotations/3.2.0/hadoop-annotations-3.2.0.jar:/usr/lib/jvm/java-1.8-openjdk/jre/../lib/tools.jar:/home/user/.m2/repository/commons-cli/commons-cli/1.2/commons-cli-1.2.jar:/home/user/.m2/repository/org/apache/httpcomponents/httpclient/4.5.2/httpclient-4.5.2.jar:/home/user/.m2/repository/org/apache/httpcomponents/httpcore/4.4.4/httpcore-4.4.4.jar:/home/user/.m2/repository/commons-codec/commons-codec/1.11/commons-codec-1.11.jar:/home/user/.m2/repository/commons-net/commons-net/3.6/commons-net-3.6.jar:/home/user/.m2/repository/commons-collections/commons-collections/3.2.2/commons-collections-3.2.2.jar:/home/user/.m2/repository/org/eclipse/jetty/jetty-servlet/9.3.24.v20180605/jetty-servlet-9.3.24.v20180605.jar:/home/user/.m2/repository/org/eclipse/jetty/jetty-security/9.3.24.v20180605/jetty-security-9.3.24.v20180605.jar:/home/user/.m2/repository/javax/servlet/jsp/jsp-api/2.1/jsp-api-2.1.jar:/home/user/.m2/repository/com/sun/jersey/jersey-servlet/1.19/jersey-servlet-1.19.jar:/home/user/.m2/repository/com/sun/jersey/jersey-json/1.19/jersey-json-1.19.jar:/home/user/.m2/repository/org/codehaus/jettison/jettison/1.1/jettison-1.1.jar:/home/user/.m2/repository/org/codehaus/jackson/jackson-core-asl/1.9.13/jackson-core-asl-1.9.13.jar:/home/user/.m2/repository/org/codehaus/jackson/jackson-mapper-asl/1.9.13/jackson-mapper-asl-1.9.13.jar:/home/user/.m2/repository/org/codehaus/jackson/jackson-jaxrs/1.9.13/jackson-jaxrs-1.9.13.jar:/home/user/.m2/repository/org/codehaus/jackson/jackson-xc/1.9.13/jackson-xc-1.9.13.jar:/home/user/.m2/repository/commons-logging/commons-logging/1.1.3/commons-logging-1.1.3.jar:/home/user/.m2/repository/commons-beanutils/commons-beanutils/1.9.3/commons-beanutils-1.9.3.jar:/home/user/.m2/repository/org/apache/commons/commons-configuration2/2.1.1/commons-configuration2-2.1.1.jar:/home/user/.m2/repository/org/apache/commons/commons-lang3/3.7/commons-lang3-3.7.jar:/home/user/.m2/repository/org/apache/commons/commons-text/1.4/commons-text-1.4.jar:/home/user/.m2/repository/org/apache/avro/avro/1.7.7/avro-1.7.7.jar:/home/user/.m2/repository/com/thoughtworks/paranamer/paranamer/2.3/paranamer-2.3.jar:/home/user/.m2/repository/org/xerial/snappy/snappy-java/1.0.5/snappy-java-1.0.5.jar:/home/user/.m2/repository/com/google/re2j/re2j/1.1/re2j-1.1.jar:/home/user/.m2/repository/com/google/code/gson/gson/2.2.4/gson-2.2.4.jar:/home/user/.m2/repository/com/jcraft/jsch/0.1.54/jsch-0.1.54.jar:/home/user/.m2/repository/org/apache/curator/curator-client/2.12.0/curator-client-2.12.0.jar:/home/user/.m2/repository/org/apache/curator/curator-recipes/2.12.0/curator-recipes-2.12.0.jar:/home/user/.m2/repository/com/google/code/findbugs/jsr305/3.0.0/jsr305-3.0.0.jar:/home/user/.m2/repository/org/apache/htrace/htrace-core4/4.1.0-incubating/htrace-core4-4.1.0-incubating.jar:/home/user/.m2/repository/org/apache/zookeeper/zookeeper/3.4.13/zookeeper-3.4.13.jar:/home/user/.m2/repository/org/apache/yetus/audience-annotations/0.5.0/audience-annotations-0.5.0.jar:/home/user/.m2/repository/org/codehaus/woodstox/stax2-api/3.1.4/stax2-api-3.1.4.jar:/home/user/.m2/repository/com/fasterxml/woodstox/woodstox-core/5.0.3/woodstox-core-5.0.3.jar:/home/user/.m2/repository/dnsjava/dnsjava/2.1.7/dnsjava-2.1.7.jar:/home/user/.m2/repository/org/apache/hadoop/hadoop-hdfs/3.2.0/hadoop-hdfs-3.2.0-tests.jar:/home/user/.m2/repository/org/eclipse/jetty/jetty-util-ajax/9.3.24.v20180605/jetty-util-ajax-9.3.24.v20180605.jar:/home/user/.m2/repository/commons-daemon/commons-daemon/1.0.13/commons-daemon-1.0.13.jar:/home/user/.m2/repository/io/netty/netty/3.10.5.Final/netty-3.10.5.Final.jar:/home/user/.m2/repository/io/netty/netty-all/4.0.52.Final/netty-all-4.0.52.Final.jar:/home/user/.m2/repository/org/fusesource/leveldbjni/leveldbjni-all/1.8/leveldbjni-all-1.8.jar:"/>
    <property name="java.vm.vendor" value="IcedTea"/>
    <property name="sun.arch.data.model" value="64"/>
    <property name="test.build.dir" value="/workdir/hadoop-ozone/integration-test/target/test-dir"/>
    <property name="test.cache.data" value=""/>
    <property name="java.vendor.url" value="https://icedtea.classpath.org"/>
    <property name="user.timezone" value=""/>
    <property name="java.vm.specification.version" value="1.8"/>
    <property name="os.name" value="Linux"/>
    <property name="test.build.data" value="/workdir/hadoop-ozone/integration-test/target/test-dir"/>
    <property name="user.country" value="US"/>
    <property name="sun.java.launcher" value="SUN_STANDARD"/>
    <property name="sun.boot.library.path" value="/usr/lib/jvm/java-1.8-openjdk/jre/lib/amd64"/>
    <property name="sun.java.command" value="/workdir/hadoop-ozone/integration-test/target/surefire/surefirebooter2900624927553510022.jar /workdir/hadoop-ozone/integration-test/target/surefire 2019-09-06T01-13-34_093-jvmRun1 surefire4757433429535593373tmp surefire_204664261756796378380tmp"/>
    <property name="test" value="!TestMiniChaosOzoneCluster"/>
    <property name="surefire.test.class.path" value="/workdir/hadoop-ozone/integration-test/target/test-classes:/workdir/hadoop-ozone/integration-test/target/classes:/home/user/.m2/repository/org/apache/hadoop/hadoop-ozone-common/0.5.0-SNAPSHOT/hadoop-ozone-common-0.5.0-SNAPSHOT.jar:/home/user/.m2/repository/org/apache/commons/commons-compress/1.4.1/commons-compress-1.4.1.jar:/home/user/.m2/repository/org/tukaani/xz/1.0/xz-1.0.jar:/home/user/.m2/repository/org/apache/hadoop/hadoop-common/3.2.0/hadoop-common-3.2.0.jar:/home/user/.m2/repository/org/apache/hadoop/hadoop-hdfs/3.2.0/hadoop-hdfs-3.2.0.jar:/home/user/.m2/repository/org/apache/hadoop/hadoop-hdfs-client/3.2.0/hadoop-hdfs-client-3.2.0.jar:/home/user/.m2/repository/com/fasterxml/jackson/core/jackson-annotations/2.9.5/jackson-annotations-2.9.5.jar:/home/user/.m2/repository/org/apache/hadoop/hadoop-hdds-common/0.5.0-SNAPSHOT/hadoop-hdds-common-0.5.0-SNAPSHOT.jar:/home/user/.m2/repository/javax/annotation/javax.annotation-api/1.2/javax.annotation-api-1.2.jar:/home/user/.m2/repository/org/apache/ratis/ratis-server/0.4.0-2337318-SNAPSHOT/ratis-server-0.4.0-2337318-SNAPSHOT.jar:/home/user/.m2/repository/org/apache/ratis/ratis-thirdparty-misc/0.2.0/ratis-thirdparty-misc-0.2.0.jar:/home/user/.m2/repository/org/apache/ratis/ratis-proto/0.4.0-2337318-SNAPSHOT/ratis-proto-0.4.0-2337318-SNAPSHOT.jar:/home/user/.m2/repository/org/apache/ratis/ratis-common/0.4.0-2337318-SNAPSHOT/ratis-common-0.4.0-2337318-SNAPSHOT.jar:/home/user/.m2/repository/org/apache/ratis/ratis-client/0.4.0-2337318-SNAPSHOT/ratis-client-0.4.0-2337318-SNAPSHOT.jar:/home/user/.m2/repository/org/apache/ratis/ratis-metrics/0.4.0-2337318-SNAPSHOT/ratis-metrics-0.4.0-2337318-SNAPSHOT.jar:/home/user/.m2/repository/org/apache/ratis/ratis-netty/0.4.0-2337318-SNAPSHOT/ratis-netty-0.4.0-2337318-SNAPSHOT.jar:/home/user/.m2/repository/org/apache/ratis/ratis-grpc/0.4.0-2337318-SNAPSHOT/ratis-grpc-0.4.0-2337318-SNAPSHOT.jar:/home/user/.m2/repository/org/rocksdb/rocksdbjni/6.0.1/rocksdbjni-6.0.1.jar:/home/user/.m2/repository/org/apache/logging/log4j/log4j-api/2.11.0/log4j-api-2.11.0.jar:/home/user/.m2/repository/org/apache/logging/log4j/log4j-core/2.11.0/log4j-core-2.11.0.jar:/home/user/.m2/repository/com/lmax/disruptor/3.4.2/disruptor-3.4.2.jar:/home/user/.m2/repository/org/apache/commons/commons-pool2/2.6.0/commons-pool2-2.6.0.jar:/home/user/.m2/repository/org/bouncycastle/bcpkix-jdk15on/1.60/bcpkix-jdk15on-1.60.jar:/home/user/.m2/repository/commons-validator/commons-validator/1.6/commons-validator-1.6.jar:/home/user/.m2/repository/commons-digester/commons-digester/1.8.1/commons-digester-1.8.1.jar:/home/user/.m2/repository/io/jaegertracing/jaeger-client/0.33.1/jaeger-client-0.33.1.jar:/home/user/.m2/repository/io/jaegertracing/jaeger-thrift/0.33.1/jaeger-thrift-0.33.1.jar:/home/user/.m2/repository/org/apache/thrift/libthrift/0.11.0/libthrift-0.11.0.jar:/home/user/.m2/repository/com/squareup/okhttp3/okhttp/3.9.0/okhttp-3.9.0.jar:/home/user/.m2/repository/com/squareup/okio/okio/1.13.0/okio-1.13.0.jar:/home/user/.m2/repository/io/jaegertracing/jaeger-core/0.33.1/jaeger-core-0.33.1.jar:/home/user/.m2/repository/io/jaegertracing/jaeger-tracerresolver/0.33.1/jaeger-tracerresolver-0.33.1.jar:/home/user/.m2/repository/io/opentracing/contrib/opentracing-tracerresolver/0.1.5/opentracing-tracerresolver-0.1.5.jar:/home/user/.m2/repository/io/opentracing/opentracing-util/0.31.0/opentracing-util-0.31.0.jar:/home/user/.m2/repository/io/opentracing/opentracing-api/0.31.0/opentracing-api-0.31.0.jar:/home/user/.m2/repository/io/opentracing/opentracing-noop/0.31.0/opentracing-noop-0.31.0.jar:/home/user/.m2/repository/org/apache/hadoop/hadoop-hdds-server-framework/0.5.0-SNAPSHOT/hadoop-hdds-server-framework-0.5.0-SNAPSHOT.jar:/home/user/.m2/repository/org/apache/hadoop/hadoop-hdds-container-service/0.5.0-SNAPSHOT/hadoop-hdds-container-service-0.5.0-SNAPSHOT.jar:/home/user/.m2/repository/org/apache/hadoop/hadoop-hdds-client/0.5.0-SNAPSHOT/hadoop-hdds-client-0.5.0-SNAPSHOT.jar:/home/user/.m2/repository/org/apache/hadoop/hadoop-hdds-tools/0.5.0-SNAPSHOT/hadoop-hdds-tools-0.5.0-SNAPSHOT.jar:/home/user/.m2/repository/org/apache/hadoop/hadoop-hdds-server-scm/0.5.0-SNAPSHOT/hadoop-hdds-server-scm-0.5.0-SNAPSHOT.jar:/home/user/.m2/repository/org/apache/hadoop/hadoop-hdds-docs/0.5.0-SNAPSHOT/hadoop-hdds-docs-0.5.0-SNAPSHOT.jar:/home/user/.m2/repository/io/dropwizard/metrics/metrics-core/3.2.4/metrics-core-3.2.4.jar:/home/user/.m2/repository/org/hamcrest/hamcrest-all/1.3/hamcrest-all-1.3.jar:/home/user/.m2/repository/org/bouncycastle/bcprov-jdk15on/1.60/bcprov-jdk15on-1.60.jar:/home/user/.m2/repository/info/picocli/picocli/3.9.6/picocli-3.9.6.jar:/home/user/.m2/repository/com/google/protobuf/protobuf-java/2.5.0/protobuf-java-2.5.0.jar:/home/user/.m2/repository/com/google/guava/guava/11.0.2/guava-11.0.2.jar:/home/user/.m2/repository/org/apache/hadoop/hadoop-ozone-ozone-manager/0.5.0-SNAPSHOT/hadoop-ozone-ozone-manager-0.5.0-SNAPSHOT.jar:/home/user/.m2/repository/org/apache/hadoop/hadoop-minikdc/3.2.0/hadoop-minikdc-3.2.0.jar:/home/user/.m2/repository/commons-io/commons-io/2.5/commons-io-2.5.jar:/home/user/.m2/repository/org/apache/kerby/kerb-simplekdc/1.0.1/kerb-simplekdc-1.0.1.jar:/home/user/.m2/repository/org/apache/kerby/kerb-client/1.0.1/kerb-client-1.0.1.jar:/home/user/.m2/repository/org/apache/kerby/kerby-config/1.0.1/kerby-config-1.0.1.jar:/home/user/.m2/repository/org/apache/kerby/kerb-core/1.0.1/kerb-core-1.0.1.jar:/home/user/.m2/repository/org/apache/kerby/kerby-pkix/1.0.1/kerby-pkix-1.0.1.jar:/home/user/.m2/repository/org/apache/kerby/kerby-asn1/1.0.1/kerby-asn1-1.0.1.jar:/home/user/.m2/repository/org/apache/kerby/kerby-util/1.0.1/kerby-util-1.0.1.jar:/home/user/.m2/repository/org/apache/kerby/kerb-common/1.0.1/kerb-common-1.0.1.jar:/home/user/.m2/repository/org/apache/kerby/kerb-crypto/1.0.1/kerb-crypto-1.0.1.jar:/home/user/.m2/repository/org/apache/kerby/kerb-util/1.0.1/kerb-util-1.0.1.jar:/home/user/.m2/repository/org/apache/kerby/token-provider/1.0.1/token-provider-1.0.1.jar:/home/user/.m2/repository/org/apache/kerby/kerb-admin/1.0.1/kerb-admin-1.0.1.jar:/home/user/.m2/repository/org/apache/kerby/kerb-server/1.0.1/kerb-server-1.0.1.jar:/home/user/.m2/repository/org/apache/kerby/kerb-identity/1.0.1/kerb-identity-1.0.1.jar:/home/user/.m2/repository/org/apache/kerby/kerby-xdr/1.0.1/kerby-xdr-1.0.1.jar:/home/user/.m2/repository/org/slf4j/slf4j-log4j12/1.7.25/slf4j-log4j12-1.7.25.jar:/home/user/.m2/repository/org/apache/hadoop/hadoop-ozone-s3gateway/0.5.0-SNAPSHOT/hadoop-ozone-s3gateway-0.5.0-SNAPSHOT.jar:/home/user/.m2/repository/org/jboss/weld/servlet/weld-servlet/2.4.7.Final/weld-servlet-2.4.7.Final.jar:/home/user/.m2/repository/org/glassfish/jersey/containers/jersey-container-servlet-core/2.27/jersey-container-servlet-core-2.27.jar:/home/user/.m2/repository/org/glassfish/hk2/external/javax.inject/2.5.0-b42/javax.inject-2.5.0-b42.jar:/home/user/.m2/repository/org/glassfish/jersey/core/jersey-common/2.27/jersey-common-2.27.jar:/home/user/.m2/repository/org/glassfish/hk2/osgi-resource-locator/1.0.1/osgi-resource-locator-1.0.1.jar:/home/user/.m2/repository/javax/ws/rs/javax.ws.rs-api/2.1/javax.ws.rs-api-2.1.jar:/home/user/.m2/repository/org/glassfish/jersey/ext/cdi/jersey-cdi1x/2.27/jersey-cdi1x-2.27.jar:/home/user/.m2/repository/org/glassfish/jersey/inject/jersey-hk2/2.27/jersey-hk2-2.27.jar:/home/user/.m2/repository/org/glassfish/hk2/hk2-locator/2.5.0-b42/hk2-locator-2.5.0-b42.jar:/home/user/.m2/repository/org/javassist/javassist/3.22.0-CR2/javassist-3.22.0-CR2.jar:/home/user/.m2/repository/org/glassfish/hk2/hk2-api/2.5.0/hk2-api-2.5.0.jar:/home/user/.m2/repository/org/glassfish/hk2/external/jakarta.inject/2.5.0/jakarta.inject-2.5.0.jar:/home/user/.m2/repository/org/glassfish/hk2/hk2-utils/2.5.0/hk2-utils-2.5.0.jar:/home/user/.m2/repository/jakarta/annotation/jakarta.annotation-api/1.3.4/jakarta.annotation-api-1.3.4.jar:/home/user/.m2/repository/org/glassfish/hk2/external/aopalliance-repackaged/2.5.0/aopalliance-repackaged-2.5.0.jar:/home/user/.m2/repository/com/fasterxml/jackson/dataformat/jackson-dataformat-xml/2.9.0/jackson-dataformat-xml-2.9.0.jar:/home/user/.m2/repository/com/fasterxml/jackson/core/jackson-core/2.9.5/jackson-core-2.9.5.jar:/home/user/.m2/repository/com/fasterxml/jackson/module/jackson-module-jaxb-annotations/2.9.5/jackson-module-jaxb-annotations-2.9.5.jar:/home/user/.m2/repository/javax/enterprise/cdi-api/1.2/cdi-api-1.2.jar:/home/user/.m2/repository/javax/el/javax.el-api/3.0.0/javax.el-api-3.0.0.jar:/home/user/.m2/repository/javax/interceptor/javax.interceptor-api/1.2/javax.interceptor-api-1.2.jar:/home/user/.m2/repository/javax/inject/javax.inject/1/javax.inject-1.jar:/home/user/.m2/repository/com/sun/xml/bind/jaxb-impl/2.3.0.1/jaxb-impl-2.3.0.1.jar:/home/user/.m2/repository/com/sun/xml/bind/jaxb-core/2.3.0.1/jaxb-core-2.3.0.1.jar:/home/user/.m2/repository/javax/xml/bind/jaxb-api/2.3.0/jaxb-api-2.3.0.jar:/home/user/.m2/repository/javax/activation/activation/1.1.1/activation-1.1.1.jar:/home/user/.m2/repository/org/apache/hadoop/hadoop-ozone-csi/0.5.0-SNAPSHOT/hadoop-ozone-csi-0.5.0-SNAPSHOT.jar:/home/user/.m2/repository/com/google/protobuf/protobuf-java-util/3.5.1/protobuf-java-util-3.5.1.jar:/home/user/.m2/repository/org/apache/hadoop/hadoop-hdds-config/0.5.0-SNAPSHOT/hadoop-hdds-config-0.5.0-SNAPSHOT.jar:/home/user/.m2/repository/io/grpc/grpc-netty/1.17.1/grpc-netty-1.17.1.jar:/home/user/.m2/repository/io/grpc/grpc-core/1.17.1/grpc-core-1.17.1.jar:/home/user/.m2/repository/io/grpc/grpc-context/1.17.1/grpc-context-1.17.1.jar:/home/user/.m2/repository/com/google/errorprone/error_prone_annotations/2.2.0/error_prone_annotations-2.2.0.jar:/home/user/.m2/repository/org/codehaus/mojo/animal-sniffer-annotations/1.17/animal-sniffer-annotations-1.17.jar:/home/user/.m2/repository/io/opencensus/opencensus-api/0.17.0/opencensus-api-0.17.0.jar:/home/user/.m2/repository/io/opencensus/opencensus-contrib-grpc-metrics/0.17.0/opencensus-contrib-grpc-metrics-0.17.0.jar:/home/user/.m2/repository/io/netty/netty-codec-http2/4.1.30.Final/netty-codec-http2-4.1.30.Final.jar:/home/user/.m2/repository/io/netty/netty-codec-http/4.1.30.Final/netty-codec-http-4.1.30.Final.jar:/home/user/.m2/repository/io/netty/netty-codec/4.1.30.Final/netty-codec-4.1.30.Final.jar:/home/user/.m2/repository/io/netty/netty-handler/4.1.30.Final/netty-handler-4.1.30.Final.jar:/home/user/.m2/repository/io/netty/netty-handler-proxy/4.1.30.Final/netty-handler-proxy-4.1.30.Final.jar:/home/user/.m2/repository/io/netty/netty-codec-socks/4.1.30.Final/netty-codec-socks-4.1.30.Final.jar:/home/user/.m2/repository/io/netty/netty-transport-native-epoll/4.1.30.Final/netty-transport-native-epoll-4.1.30.Final.jar:/home/user/.m2/repository/io/netty/netty-common/4.1.30.Final/netty-common-4.1.30.Final.jar:/home/user/.m2/repository/io/netty/netty-buffer/4.1.30.Final/netty-buffer-4.1.30.Final.jar:/home/user/.m2/repository/io/netty/netty-transport/4.1.30.Final/netty-transport-4.1.30.Final.jar:/home/user/.m2/repository/io/netty/netty-resolver/4.1.30.Final/netty-resolver-4.1.30.Final.jar:/home/user/.m2/repository/io/netty/netty-transport-native-unix-common/4.1.30.Final/netty-transport-native-unix-common-4.1.30.Final.jar:/home/user/.m2/repository/io/grpc/grpc-protobuf/1.17.1/grpc-protobuf-1.17.1.jar:/home/user/.m2/repository/com/google/api/grpc/proto-google-common-protos/1.0.0/proto-google-common-protos-1.0.0.jar:/home/user/.m2/repository/io/grpc/grpc-protobuf-lite/1.17.1/grpc-protobuf-lite-1.17.1.jar:/home/user/.m2/repository/io/grpc/grpc-stub/1.17.1/grpc-stub-1.17.1.jar:/home/user/.m2/repository/org/apache/hadoop/hadoop-ozone-recon/0.5.0-SNAPSHOT/hadoop-ozone-recon-0.5.0-SNAPSHOT.jar:/home/user/.m2/repository/org/apache/hadoop/hadoop-ozone-reconcodegen/0.5.0-SNAPSHOT/hadoop-ozone-reconcodegen-0.5.0-SNAPSHOT.jar:/home/user/.m2/repository/com/google/inject/extensions/guice-multibindings/4.0/guice-multibindings-4.0.jar:/home/user/.m2/repository/com/google/inject/guice/4.0/guice-4.0.jar:/home/user/.m2/repository/aopalliance/aopalliance/1.0/aopalliance-1.0.jar:/home/user/.m2/repository/com/google/inject/extensions/guice-servlet/4.0/guice-servlet-4.0.jar:/home/user/.m2/repository/org/glassfish/jersey/containers/jersey-container-servlet/2.27/jersey-container-servlet-2.27.jar:/home/user/.m2/repository/org/glassfish/hk2/guice-bridge/2.5.0/guice-bridge-2.5.0.jar:/home/user/.m2/repository/org/glassfish/jersey/core/jersey-server/2.27/jersey-server-2.27.jar:/home/user/.m2/repository/org/glassfish/jersey/core/jersey-client/2.27/jersey-client-2.27.jar:/home/user/.m2/repository/org/glassfish/jersey/media/jersey-media-jaxb/2.27/jersey-media-jaxb-2.27.jar:/home/user/.m2/repository/javax/validation/validation-api/1.1.0.Final/validation-api-1.1.0.Final.jar:/home/user/.m2/repository/org/glassfish/jersey/media/jersey-media-json-jackson/2.27/jersey-media-json-jackson-2.27.jar:/home/user/.m2/repository/org/glassfish/jersey/ext/jersey-entity-filtering/2.27/jersey-entity-filtering-2.27.jar:/home/user/.m2/repository/com/google/inject/extensions/guice-assistedinject/4.0/guice-assistedinject-4.0.jar:/home/user/.m2/repository/org/jooq/jooq/3.11.10/jooq-3.11.10.jar:/home/user/.m2/repository/org/jooq/jooq-meta/3.11.10/jooq-meta-3.11.10.jar:/home/user/.m2/repository/org/jooq/jooq-codegen/3.11.10/jooq-codegen-3.11.10.jar:/home/user/.m2/repository/com/jolbox/bonecp/0.8.0.RELEASE/bonecp-0.8.0.RELEASE.jar:/home/user/.m2/repository/org/xerial/sqlite-jdbc/3.25.2/sqlite-jdbc-3.25.2.jar:/home/user/.m2/repository/org/springframework/spring-jdbc/5.1.3.RELEASE/spring-jdbc-5.1.3.RELEASE.jar:/home/user/.m2/repository/org/springframework/spring-beans/5.1.3.RELEASE/spring-beans-5.1.3.RELEASE.jar:/home/user/.m2/repository/org/springframework/spring-core/5.1.3.RELEASE/spring-core-5.1.3.RELEASE.jar:/home/user/.m2/repository/org/springframework/spring-jcl/5.1.3.RELEASE/spring-jcl-5.1.3.RELEASE.jar:/home/user/.m2/repository/org/springframework/spring-tx/5.1.3.RELEASE/spring-tx-5.1.3.RELEASE.jar:/home/user/.m2/repository/org/apache/hadoop/hadoop-ozone-client/0.5.0-SNAPSHOT/hadoop-ozone-client-0.5.0-SNAPSHOT.jar:/home/user/.m2/repository/commons-lang/commons-lang/2.6/commons-lang-2.6.jar:/home/user/.m2/repository/org/apache/hadoop/hadoop-ozone-ozone-manager/0.5.0-SNAPSHOT/hadoop-ozone-ozone-manager-0.5.0-SNAPSHOT-tests.jar:/home/user/.m2/repository/junit/junit/4.11/junit-4.11.jar:/home/user/.m2/repository/org/hamcrest/hamcrest-core/1.3/hamcrest-core-1.3.jar:/home/user/.m2/repository/org/openjdk/jmh/jmh-core/1.19/jmh-core-1.19.jar:/home/user/.m2/repository/net/sf/jopt-simple/jopt-simple/4.6/jopt-simple-4.6.jar:/home/user/.m2/repository/org/apache/commons/commons-math3/3.1.1/commons-math3-3.1.1.jar:/home/user/.m2/repository/org/openjdk/jmh/jmh-generator-annprocess/1.19/jmh-generator-annprocess-1.19.jar:/home/user/.m2/repository/org/mockito/mockito-all/1.8.5/mockito-all-1.8.5.jar:/home/user/.m2/repository/org/apache/hadoop/hadoop-kms/3.2.0/hadoop-kms-3.2.0.jar:/home/user/.m2/repository/org/apache/hadoop/hadoop-auth/3.2.0/hadoop-auth-3.2.0.jar:/home/user/.m2/repository/com/nimbusds/nimbus-jose-jwt/4.41.1/nimbus-jose-jwt-4.41.1.jar:/home/user/.m2/repository/com/github/stephenc/jcip/jcip-annotations/1.0-1/jcip-annotations-1.0-1.jar:/home/user/.m2/repository/net/minidev/json-smart/2.3/json-smart-2.3.jar:/home/user/.m2/repository/net/minidev/accessors-smart/1.2/accessors-smart-1.2.jar:/home/user/.m2/repository/org/ow2/asm/asm/5.0.4/asm-5.0.4.jar:/home/user/.m2/repository/org/apache/curator/curator-framework/2.12.0/curator-framework-2.12.0.jar:/home/user/.m2/repository/com/sun/jersey/jersey-core/1.19/jersey-core-1.19.jar:/home/user/.m2/repository/javax/ws/rs/jsr311-api/1.1.1/jsr311-api-1.1.1.jar:/home/user/.m2/repository/com/sun/jersey/jersey-server/1.19/jersey-server-1.19.jar:/home/user/.m2/repository/javax/servlet/javax.servlet-api/3.1.0/javax.servlet-api-3.1.0.jar:/home/user/.m2/repository/org/eclipse/jetty/jetty-server/9.3.24.v20180605/jetty-server-9.3.24.v20180605.jar:/home/user/.m2/repository/org/eclipse/jetty/jetty-http/9.3.24.v20180605/jetty-http-9.3.24.v20180605.jar:/home/user/.m2/repository/org/eclipse/jetty/jetty-io/9.3.24.v20180605/jetty-io-9.3.24.v20180605.jar:/home/user/.m2/repository/org/eclipse/jetty/jetty-webapp/9.3.24.v20180605/jetty-webapp-9.3.24.v20180605.jar:/home/user/.m2/repository/org/eclipse/jetty/jetty-xml/9.3.24.v20180605/jetty-xml-9.3.24.v20180605.jar:/home/user/.m2/repository/log4j/log4j/1.2.17/log4j-1.2.17.jar:/home/user/.m2/repository/org/slf4j/slf4j-api/1.7.25/slf4j-api-1.7.25.jar:/home/user/.m2/repository/org/slf4j/jul-to-slf4j/1.7.25/jul-to-slf4j-1.7.25.jar:/home/user/.m2/repository/org/eclipse/jetty/jetty-util/9.3.24.v20180605/jetty-util-9.3.24.v20180605.jar:/home/user/.m2/repository/com/fasterxml/jackson/core/jackson-databind/2.9.5/jackson-databind-2.9.5.jar:/home/user/.m2/repository/org/apache/hadoop/hadoop-kms/3.2.0/hadoop-kms-3.2.0-tests.jar:/home/user/.m2/repository/org/apache/hadoop/hadoop-hdds-server-scm/0.5.0-SNAPSHOT/hadoop-hdds-server-scm-0.5.0-SNAPSHOT-tests.jar:/home/user/.m2/repository/org/apache/hadoop/hadoop-hdds-container-service/0.5.0-SNAPSHOT/hadoop-hdds-container-service-0.5.0-SNAPSHOT-tests.jar:/home/user/.m2/repository/org/yaml/snakeyaml/1.16/snakeyaml-1.16.jar:/home/user/.m2/repository/org/apache/hadoop/hadoop-common/3.2.0/hadoop-common-3.2.0-tests.jar:/home/user/.m2/repository/org/apache/hadoop/hadoop-annotations/3.2.0/hadoop-annotations-3.2.0.jar:/usr/lib/jvm/java-1.8-openjdk/jre/../lib/tools.jar:/home/user/.m2/repository/commons-cli/commons-cli/1.2/commons-cli-1.2.jar:/home/user/.m2/repository/org/apache/httpcomponents/httpclient/4.5.2/httpclient-4.5.2.jar:/home/user/.m2/repository/org/apache/httpcomponents/httpcore/4.4.4/httpcore-4.4.4.jar:/home/user/.m2/repository/commons-codec/commons-codec/1.11/commons-codec-1.11.jar:/home/user/.m2/repository/commons-net/commons-net/3.6/commons-net-3.6.jar:/home/user/.m2/repository/commons-collections/commons-collections/3.2.2/commons-collections-3.2.2.jar:/home/user/.m2/repository/org/eclipse/jetty/jetty-servlet/9.3.24.v20180605/jetty-servlet-9.3.24.v20180605.jar:/home/user/.m2/repository/org/eclipse/jetty/jetty-security/9.3.24.v20180605/jetty-security-9.3.24.v20180605.jar:/home/user/.m2/repository/javax/servlet/jsp/jsp-api/2.1/jsp-api-2.1.jar:/home/user/.m2/repository/com/sun/jersey/jersey-servlet/1.19/jersey-servlet-1.19.jar:/home/user/.m2/repository/com/sun/jersey/jersey-json/1.19/jersey-json-1.19.jar:/home/user/.m2/repository/org/codehaus/jettison/jettison/1.1/jettison-1.1.jar:/home/user/.m2/repository/org/codehaus/jackson/jackson-core-asl/1.9.13/jackson-core-asl-1.9.13.jar:/home/user/.m2/repository/org/codehaus/jackson/jackson-mapper-asl/1.9.13/jackson-mapper-asl-1.9.13.jar:/home/user/.m2/repository/org/codehaus/jackson/jackson-jaxrs/1.9.13/jackson-jaxrs-1.9.13.jar:/home/user/.m2/repository/org/codehaus/jackson/jackson-xc/1.9.13/jackson-xc-1.9.13.jar:/home/user/.m2/repository/commons-logging/commons-logging/1.1.3/commons-logging-1.1.3.jar:/home/user/.m2/repository/commons-beanutils/commons-beanutils/1.9.3/commons-beanutils-1.9.3.jar:/home/user/.m2/repository/org/apache/commons/commons-configuration2/2.1.1/commons-configuration2-2.1.1.jar:/home/user/.m2/repository/org/apache/commons/commons-lang3/3.7/commons-lang3-3.7.jar:/home/user/.m2/repository/org/apache/commons/commons-text/1.4/commons-text-1.4.jar:/home/user/.m2/repository/org/apache/avro/avro/1.7.7/avro-1.7.7.jar:/home/user/.m2/repository/com/thoughtworks/paranamer/paranamer/2.3/paranamer-2.3.jar:/home/user/.m2/repository/org/xerial/snappy/snappy-java/1.0.5/snappy-java-1.0.5.jar:/home/user/.m2/repository/com/google/re2j/re2j/1.1/re2j-1.1.jar:/home/user/.m2/repository/com/google/code/gson/gson/2.2.4/gson-2.2.4.jar:/home/user/.m2/repository/com/jcraft/jsch/0.1.54/jsch-0.1.54.jar:/home/user/.m2/repository/org/apache/curator/curator-client/2.12.0/curator-client-2.12.0.jar:/home/user/.m2/repository/org/apache/curator/curator-recipes/2.12.0/curator-recipes-2.12.0.jar:/home/user/.m2/repository/com/google/code/findbugs/jsr305/3.0.0/jsr305-3.0.0.jar:/home/user/.m2/repository/org/apache/htrace/htrace-core4/4.1.0-incubating/htrace-core4-4.1.0-incubating.jar:/home/user/.m2/repository/org/apache/zookeeper/zookeeper/3.4.13/zookeeper-3.4.13.jar:/home/user/.m2/repository/org/apache/yetus/audience-annotations/0.5.0/audience-annotations-0.5.0.jar:/home/user/.m2/repository/org/codehaus/woodstox/stax2-api/3.1.4/stax2-api-3.1.4.jar:/home/user/.m2/repository/com/fasterxml/woodstox/woodstox-core/5.0.3/woodstox-core-5.0.3.jar:/home/user/.m2/repository/dnsjava/dnsjava/2.1.7/dnsjava-2.1.7.jar:/home/user/.m2/repository/org/apache/hadoop/hadoop-hdfs/3.2.0/hadoop-hdfs-3.2.0-tests.jar:/home/user/.m2/repository/org/eclipse/jetty/jetty-util-ajax/9.3.24.v20180605/jetty-util-ajax-9.3.24.v20180605.jar:/home/user/.m2/repository/commons-daemon/commons-daemon/1.0.13/commons-daemon-1.0.13.jar:/home/user/.m2/repository/io/netty/netty/3.10.5.Final/netty-3.10.5.Final.jar:/home/user/.m2/repository/io/netty/netty-all/4.0.52.Final/netty-all-4.0.52.Final.jar:/home/user/.m2/repository/org/fusesource/leveldbjni/leveldbjni-all/1.8/leveldbjni-all-1.8.jar:"/>
    <property name="sun.cpu.endian" value="little"/>
    <property name="user.home" value="/home/user"/>
    <property name="user.language" value="en"/>
    <property name="java.specification.vendor" value="Oracle Corporation"/>
    <property name="java.home" value="/usr/lib/jvm/java-1.8-openjdk/jre"/>
    <property name="java.security.krb5.conf" value="/workdir/hadoop-ozone/integration-test/target/test-classes/krb5.conf"/>
    <property name="basedir" value="/workdir/hadoop-ozone/integration-test"/>
    <property name="file.separator" value="/"/>
    <property name="line.separator" value="&#10;"/>
    <property name="java.vm.specification.vendor" value="Oracle Corporation"/>
    <property name="java.specification.name" value="Java Platform API Specification"/>
    <property name="java.awt.graphicsenv" value="sun.awt.X11GraphicsEnvironment"/>
    <property name="surefire.real.class.path" value="/workdir/hadoop-ozone/integration-test/target/surefire/surefirebooter2900624927553510022.jar"/>
    <property name="hadoop.log.dir" value="/workdir/hadoop-ozone/integration-test/target/log"/>
    <property name="sun.boot.class.path" value="/usr/lib/jvm/java-1.8-openjdk/jre/lib/resources.jar:/usr/lib/jvm/java-1.8-openjdk/jre/lib/rt.jar:/usr/lib/jvm/java-1.8-openjdk/jre/lib/sunrsasign.jar:/usr/lib/jvm/java-1.8-openjdk/jre/lib/jsse.jar:/usr/lib/jvm/java-1.8-openjdk/jre/lib/jce.jar:/usr/lib/jvm/java-1.8-openjdk/jre/lib/charsets.jar:/usr/lib/jvm/java-1.8-openjdk/jre/lib/jfr.jar:/usr/lib/jvm/java-1.8-openjdk/jre/classes"/>
    <property name="sun.management.compiler" value="HotSpot 64-Bit Tiered Compilers"/>
    <property name="java.runtime.version" value="1.8.0_212-b04"/>
    <property name="java.net.preferIPv4Stack" value="true"/>
    <property name="user.name" value="jenkins1000"/>
    <property name="path.separator" value=":"/>
    <property name="java.security.egd" value="file:///dev/urandom"/>
    <property name="os.version" value="3.10.0-957.12.2.el7.x86_64"/>
    <property name="java.endorsed.dirs" value="/usr/lib/jvm/java-1.8-openjdk/jre/lib/endorsed"/>
    <property name="java.runtime.name" value="OpenJDK Runtime Environment"/>
    <property name="file.encoding" value="UTF-8"/>
    <property name="java.vm.name" value="OpenJDK 64-Bit Server VM"/>
    <property name="test.build.webapps" value=""/>
    <property name="localRepository" value="/home/user/.m2/repository"/>
    <property name="java.vendor.url.bug" value="https://icedtea.classpath.org/bugzilla"/>
    <property name="java.io.tmpdir" value="/tmp"/>
    <property name="require.test.libhadoop" value=""/>
    <property name="java.version" value="1.8.0_212"/>
    <property name="user.dir" value="/workdir/hadoop-ozone/integration-test"/>
    <property name="os.arch" value="amd64"/>
    <property name="java.vm.specification.name" value="Java Virtual Machine Specification"/>
    <property name="test.build.classes" value="/workdir/hadoop-ozone/integration-test/target/test-classes"/>
    <property name="java.awt.printerjob" value="sun.print.PSPrinterJob"/>
    <property name="sun.os.patch.level" value="unknown"/>
    <property name="hadoop.tmp.dir" value="/workdir/hadoop-ozone/integration-test/target/tmp"/>
    <property name="java.library.path" value="/usr/lib/jvm/java-1.8-openjdk/jre/lib/amd64/server:/usr/lib/jvm/java-1.8-openjdk/jre/lib/amd64:/usr/lib/jvm/java-1.8-openjdk/jre/../lib/amd64:/workdir/hadoop-ozone/integration-test/target/native/target/usr/local/lib:/workdir/hadoop-ozone/integration-test/../../hadoop-common-project/hadoop-common/target/native/target/usr/local/lib:/usr/java/packages/lib/amd64:/usr/lib64:/lib64:/lib:/usr/lib"/>
    <property name="java.vm.info" value="mixed mode"/>
    <property name="java.vendor" value="IcedTea"/>
    <property name="java.vm.version" value="25.212-b04"/>
    <property name="java.ext.dirs" value="/usr/lib/jvm/java-1.8-openjdk/jre/lib/ext:/usr/java/packages/lib/ext"/>
    <property name="sun.io.unicode.encoding" value="UnicodeLittle"/>
    <property name="java.class.version" value="52.0"/>
  </properties>
  <testcase name="test2DatanodesFailure" classname="org.apache.hadoop.ozone.client.rpc.TestBlockOutputStreamWithFailures" time="44.293">
    <failure message="expected:&lt;5&gt; but was:&lt;6&gt;" type="java.lang.AssertionError"><![CDATA[java.lang.AssertionError: expected:<5> but was:<6>
	at org.junit.Assert.fail(Assert.java:88)
	at org.junit.Assert.failNotEquals(Assert.java:743)
	at org.junit.Assert.assertEquals(Assert.java:118)
	at org.junit.Assert.assertEquals(Assert.java:555)
	at org.junit.Assert.assertEquals(Assert.java:542)
	at org.apache.hadoop.ozone.client.rpc.TestBlockOutputStreamWithFailures.test2DatanodesFailure(TestBlockOutputStreamWithFailures.java:467)
	at sun.reflect.NativeMethodAccessorImpl.invoke0(Native Method)
	at sun.reflect.NativeMethodAccessorImpl.invoke(NativeMethodAccessorImpl.java:62)
	at sun.reflect.DelegatingMethodAccessorImpl.invoke(DelegatingMethodAccessorImpl.java:43)
	at java.lang.reflect.Method.invoke(Method.java:498)
	at org.junit.runners.model.FrameworkMethod$1.runReflectiveCall(FrameworkMethod.java:47)
	at org.junit.internal.runners.model.ReflectiveCallable.run(ReflectiveCallable.java:12)
	at org.junit.runners.model.FrameworkMethod.invokeExplosively(FrameworkMethod.java:44)
	at org.junit.internal.runners.statements.InvokeMethod.evaluate(InvokeMethod.java:17)
	at org.junit.internal.runners.statements.RunBefores.evaluate(RunBefores.java:26)
	at org.junit.internal.runners.statements.RunAfters.evaluate(RunAfters.java:27)
	at org.junit.runners.ParentRunner.runLeaf(ParentRunner.java:271)
	at org.junit.runners.BlockJUnit4ClassRunner.runChild(BlockJUnit4ClassRunner.java:70)
	at org.junit.runners.BlockJUnit4ClassRunner.runChild(BlockJUnit4ClassRunner.java:50)
	at org.junit.runners.ParentRunner$3.run(ParentRunner.java:238)
	at org.junit.runners.ParentRunner$1.schedule(ParentRunner.java:63)
	at org.junit.runners.ParentRunner.runChildren(ParentRunner.java:236)
	at org.junit.runners.ParentRunner.access$000(ParentRunner.java:53)
	at org.junit.runners.ParentRunner$2.evaluate(ParentRunner.java:229)
	at org.junit.runners.ParentRunner.run(ParentRunner.java:309)
	at org.apache.maven.surefire.junit4.JUnit4Provider.execute(JUnit4Provider.java:365)
	at org.apache.maven.surefire.junit4.JUnit4Provider.executeWithRerun(JUnit4Provider.java:273)
	at org.apache.maven.surefire.junit4.JUnit4Provider.executeTestSet(JUnit4Provider.java:238)
	at org.apache.maven.surefire.junit4.JUnit4Provider.invoke(JUnit4Provider.java:159)
	at org.apache.maven.surefire.booter.ForkedBooter.invokeProviderInSameClassLoader(ForkedBooter.java:384)
	at org.apache.maven.surefire.booter.ForkedBooter.runSuitesInProcess(ForkedBooter.java:345)
	at org.apache.maven.surefire.booter.ForkedBooter.execute(ForkedBooter.java:126)
	at org.apache.maven.surefire.booter.ForkedBooter.main(ForkedBooter.java:418)
]]></failure>
    <system-out><![CDATA[2019-09-06 01:32:18,402 [main] WARN  server.ServerUtils (ServerUtils.java:getScmDbDir(145)) - ozone.scm.db.dirs is not configured. We recommend adding this setting. Falling back to ozone.metadata.dirs instead.
2019-09-06 01:32:18,517 [main] WARN  server.ServerUtils (ServerUtils.java:getScmDbDir(145)) - ozone.scm.db.dirs is not configured. We recommend adding this setting. Falling back to ozone.metadata.dirs instead.
2019-09-06 01:32:18,520 [main] WARN  server.ServerUtils (ServerUtils.java:getScmDbDir(145)) - ozone.scm.db.dirs is not configured. We recommend adding this setting. Falling back to ozone.metadata.dirs instead.
2019-09-06 01:32:18,539 [main] INFO  util.log (Log.java:initialized(192)) - Logging initialized @956ms
2019-09-06 01:32:18,648 [main] INFO  db.DBStoreBuilder (DBStoreBuilder.java:addTable(110)) - using custom profile for table: deletedBlocks
2019-09-06 01:32:18,648 [main] INFO  db.DBStoreBuilder (DBStoreBuilder.java:processTables(161)) - Using default column profile:DBProfile.DISK for Table:deletedBlocks
2019-09-06 01:32:18,649 [main] INFO  db.DBStoreBuilder (DBStoreBuilder.java:addTable(110)) - using custom profile for table: validCerts
2019-09-06 01:32:18,650 [main] INFO  db.DBStoreBuilder (DBStoreBuilder.java:processTables(161)) - Using default column profile:DBProfile.DISK for Table:validCerts
2019-09-06 01:32:18,650 [main] INFO  db.DBStoreBuilder (DBStoreBuilder.java:addTable(110)) - using custom profile for table: revokedCerts
2019-09-06 01:32:18,651 [main] INFO  db.DBStoreBuilder (DBStoreBuilder.java:processTables(161)) - Using default column profile:DBProfile.DISK for Table:revokedCerts
2019-09-06 01:32:18,669 [main] INFO  db.DBStoreBuilder (DBStoreBuilder.java:addTable(110)) - using custom profile for table: default
2019-09-06 01:32:18,669 [main] INFO  db.DBStoreBuilder (DBStoreBuilder.java:processTables(167)) - Using default column profile:DBProfile.DISK for Table:default
2019-09-06 01:32:18,671 [main] INFO  db.DBStoreBuilder (DBStoreBuilder.java:getDbProfile(198)) - Using default options. DBProfile.DISK
2019-09-06 01:32:19,017 [main] INFO  net.NodeSchemaLoader (NodeSchemaLoader.java:loadSchemaFromFile(125)) - Loading file from sun.misc.CompoundEnumeration@368f2016
2019-09-06 01:32:19,018 [main] INFO  net.NodeSchemaLoader (NodeSchemaLoader.java:loadSchema(171)) - Loading network topology layer schema file
2019-09-06 01:32:19,091 [main] INFO  node.SCMNodeManager (SCMNodeManager.java:<init>(114)) - Entering startup safe mode.
2019-09-06 01:32:19,180 [main] INFO  algorithms.ContainerPlacementPolicyFactory (ContainerPlacementPolicyFactory.java:getPolicy(55)) - Create container placement policy of type org.apache.hadoop.hdds.scm.container.placement.algorithms.SCMContainerPlacementRandom
2019-09-06 01:32:19,196 [main] WARN  server.ServerUtils (ServerUtils.java:getScmDbDir(145)) - ozone.scm.db.dirs is not configured. We recommend adding this setting. Falling back to ozone.metadata.dirs instead.
2019-09-06 01:32:19,278 [main] INFO  pipeline.SCMPipelineManager (SCMPipelineManager.java:initializePipelineState(126)) - No pipeline exists in current db
2019-09-06 01:32:19,280 [main] WARN  server.ServerUtils (ServerUtils.java:getScmDbDir(145)) - ozone.scm.db.dirs is not configured. We recommend adding this setting. Falling back to ozone.metadata.dirs instead.
2019-09-06 01:32:19,420 [main] WARN  events.EventQueue (EventQueue.java:fireEvent(183)) - No event handler registered for event TypedEvent{payloadType=SafeModeStatus, name='SafeModeStatus'}
2019-09-06 01:32:19,798 [main] INFO  ipc.CallQueueManager (CallQueueManager.java:<init>(84)) - Using callQueue: class java.util.concurrent.LinkedBlockingQueue, queueCapacity: 2000, scheduler: class org.apache.hadoop.ipc.DefaultRpcScheduler, ipcBackoff: false.
2019-09-06 01:32:19,826 [Socket Reader #1 for port 35215] INFO  ipc.Server (Server.java:run(1074)) - Starting Socket Reader #1 for port 35215
2019-09-06 01:32:19,991 [main] INFO  ipc.CallQueueManager (CallQueueManager.java:<init>(84)) - Using callQueue: class java.util.concurrent.LinkedBlockingQueue, queueCapacity: 2000, scheduler: class org.apache.hadoop.ipc.DefaultRpcScheduler, ipcBackoff: false.
2019-09-06 01:32:19,992 [Socket Reader #1 for port 38026] INFO  ipc.Server (Server.java:run(1074)) - Starting Socket Reader #1 for port 38026
2019-09-06 01:32:20,003 [main] INFO  ipc.CallQueueManager (CallQueueManager.java:<init>(84)) - Using callQueue: class java.util.concurrent.LinkedBlockingQueue, queueCapacity: 2000, scheduler: class org.apache.hadoop.ipc.DefaultRpcScheduler, ipcBackoff: false.
2019-09-06 01:32:20,004 [Socket Reader #1 for port 36379] INFO  ipc.Server (Server.java:run(1074)) - Starting Socket Reader #1 for port 36379
2019-09-06 01:32:20,029 [main] INFO  hdfs.DFSUtil (DFSUtil.java:httpServerTemplateForNNAndJN(1641)) - Starting Web-server for scm at: http://0.0.0.0:0
2019-09-06 01:32:20,180 [main] INFO  server.AuthenticationFilter (AuthenticationFilter.java:constructSecretProvider(240)) - Unable to initialize FileSignerSecretProvider, falling back to use random secrets.
2019-09-06 01:32:20,188 [main] WARN  http.HttpRequestLog (HttpRequestLog.java:getRequestLog(97)) - Jetty request log can only be enabled using Log4j
2019-09-06 01:32:20,197 [main] INFO  http.HttpServer2 (HttpServer2.java:addGlobalFilter(975)) - Added global filter 'safety' (class=org.apache.hadoop.http.HttpServer2$QuotingInputFilter)
2019-09-06 01:32:20,200 [main] INFO  http.HttpServer2 (HttpServer2.java:addFilter(948)) - Added filter static_user_filter (class=org.apache.hadoop.http.lib.StaticUserWebFilter$StaticUserFilter) to context scm
2019-09-06 01:32:20,201 [main] INFO  http.HttpServer2 (HttpServer2.java:addFilter(958)) - Added filter static_user_filter (class=org.apache.hadoop.http.lib.StaticUserWebFilter$StaticUserFilter) to context logs
2019-09-06 01:32:20,201 [main] INFO  http.HttpServer2 (HttpServer2.java:addFilter(958)) - Added filter static_user_filter (class=org.apache.hadoop.http.lib.StaticUserWebFilter$StaticUserFilter) to context static
2019-09-06 01:32:20,233 [main] INFO  server.StorageContainerManager (StorageContainerManager.java:start(759)) - StorageContainerLocationProtocol RPC server is listening at /0.0.0.0:36379
2019-09-06 01:32:20,297 [main] WARN  impl.MetricsConfig (MetricsConfig.java:loadFirst(134)) - Cannot locate configuration: tried hadoop-metrics2-storagecontainermanager.properties,hadoop-metrics2.properties
2019-09-06 01:32:20,316 [main] INFO  impl.MetricsSystemImpl (MetricsSystemImpl.java:startTimer(374)) - Scheduled Metric snapshot period at 10 second(s).
2019-09-06 01:32:20,316 [main] INFO  impl.MetricsSystemImpl (MetricsSystemImpl.java:start(191)) - StorageContainerManager metrics system started
2019-09-06 01:32:20,575 [main] INFO  server.SCMClientProtocolServer (SCMClientProtocolServer.java:start(151)) - RPC server for Client  is listening at /0.0.0.0:36379
2019-09-06 01:32:20,576 [IPC Server Responder] INFO  ipc.Server (Server.java:run(1314)) - IPC Server Responder: starting
2019-09-06 01:32:20,576 [IPC Server listener on 36379] INFO  ipc.Server (Server.java:run(1153)) - IPC Server listener on 36379: starting
2019-09-06 01:32:20,578 [main] INFO  server.StorageContainerManager (StorageContainerManager.java:start(769)) - ScmBlockLocationProtocol RPC server is listening at /0.0.0.0:38026
2019-09-06 01:32:20,580 [main] INFO  server.SCMBlockProtocolServer (SCMBlockProtocolServer.java:start(146)) - RPC server for Block Protocol is listening at /0.0.0.0:38026
2019-09-06 01:32:20,580 [IPC Server Responder] INFO  ipc.Server (Server.java:run(1314)) - IPC Server Responder: starting
2019-09-06 01:32:20,580 [IPC Server listener on 38026] INFO  ipc.Server (Server.java:run(1153)) - IPC Server listener on 38026: starting
2019-09-06 01:32:20,582 [main] INFO  server.StorageContainerManager (StorageContainerManager.java:start(773)) - ScmDatanodeProtocl RPC server is listening at /0.0.0.0:35215
2019-09-06 01:32:20,583 [main] INFO  server.SCMDatanodeProtocolServer (SCMDatanodeProtocolServer.java:start(191)) - RPC server for DataNodes is listening at /0.0.0.0:35215
2019-09-06 01:32:20,583 [IPC Server Responder] INFO  ipc.Server (Server.java:run(1314)) - IPC Server Responder: starting
2019-09-06 01:32:20,583 [IPC Server listener on 35215] INFO  ipc.Server (Server.java:run(1153)) - IPC Server listener on 35215: starting
2019-09-06 01:32:20,587 [main] INFO  http.HttpServer2 (HttpServer2.java:bindListener(1191)) - Jetty bound to port 32991
2019-09-06 01:32:20,589 [main] INFO  server.Server (Server.java:doStart(351)) - jetty-9.3.24.v20180605, build timestamp: 2018-06-05T17:11:56Z, git hash: 84205aa28f11a4f31f2a3b86d1bba2cc8ab69827
2019-09-06 01:32:20,633 [main] INFO  handler.ContextHandler (ContextHandler.java:doStart(781)) - Started o.e.j.s.ServletContextHandler@4af0df05{/logs,file:///workdir/hadoop-ozone/integration-test/target/log,AVAILABLE}
2019-09-06 01:32:20,635 [main] INFO  handler.ContextHandler (ContextHandler.java:doStart(781)) - Started o.e.j.s.ServletContextHandler@acdb094{/static,file:///workdir/hadoop-ozone/integration-test/target/test-classes/webapps/static,AVAILABLE}
2019-09-06 01:32:20,691 [main] INFO  handler.ContextHandler (ContextHandler.java:doStart(781)) - Started o.e.j.w.WebAppContext@7df587ef{/,file:///workdir/hadoop-ozone/integration-test/target/test-classes/webapps/scm/,AVAILABLE}{/scm}
2019-09-06 01:32:20,698 [main] INFO  server.AbstractConnector (AbstractConnector.java:doStart(278)) - Started ServerConnector@3591009c{HTTP/1.1,[http/1.1]}{0.0.0.0:32991}
2019-09-06 01:32:20,698 [main] INFO  server.Server (Server.java:doStart(419)) - Started @3116ms
2019-09-06 01:32:20,701 [main] INFO  impl.MetricsSinkAdapter (MetricsSinkAdapter.java:start(204)) - Sink prometheus started
2019-09-06 01:32:20,701 [main] INFO  impl.MetricsSystemImpl (MetricsSystemImpl.java:registerSink(301)) - Registered sink prometheus
2019-09-06 01:32:20,703 [main] INFO  server.BaseHttpServer (BaseHttpServer.java:updateConnectorAddress(215)) - HTTP server of SCM is listening at http://0.0.0.0:32991
2019-09-06 01:32:20,709 [org.apache.hadoop.util.JvmPauseMonitor$Monitor@3dd69f5a] INFO  util.JvmPauseMonitor (JvmPauseMonitor.java:run(188)) - Starting JVM pause monitor
2019-09-06 01:32:20,712 [main] WARN  server.ServerUtils (ServerUtils.java:getDBPath(222)) - ozone.om.db.dirs is not configured. We recommend adding this setting. Falling back to ozone.metadata.dirs instead.
2019-09-06 01:32:20,822 [main] WARN  server.ServerUtils (ServerUtils.java:getDBPath(222)) - ozone.om.db.dirs is not configured. We recommend adding this setting. Falling back to ozone.metadata.dirs instead.
2019-09-06 01:32:20,823 [main] WARN  server.ServerUtils (ServerUtils.java:getDBPath(222)) - ozone.om.db.dirs is not configured. We recommend adding this setting. Falling back to ozone.metadata.dirs instead.
2019-09-06 01:32:20,824 [main] INFO  om.OzoneManager (OzoneManager.java:setOMNodeDetails(649)) - OM Service ID is not set. Setting it to the default ID: omServiceIdDefault
2019-09-06 01:32:20,824 [main] INFO  om.OzoneManager (OzoneManager.java:setOMNodeDetails(655)) - OM Node ID is not set. Setting it to the OmStorage's OmID: f0b76729-250c-40af-9c3a-04567745d2e5
2019-09-06 01:32:20,826 [main] INFO  om.OzoneManager (OzoneManager.java:loadOMHAConfigs(606)) - Found matching OM address with OMServiceId: null, OMNodeId: null, RPC Address: localhost:0 and Ratis port: 9872
2019-09-06 01:32:21,854 [main] WARN  server.ServerUtils (ServerUtils.java:getDBPath(222)) - ozone.om.db.dirs is not configured. We recommend adding this setting. Falling back to ozone.metadata.dirs instead.
2019-09-06 01:32:21,862 [main] INFO  db.DBStoreBuilder (DBStoreBuilder.java:addTable(110)) - using custom profile for table: userTable
2019-09-06 01:32:21,862 [main] INFO  db.DBStoreBuilder (DBStoreBuilder.java:processTables(161)) - Using default column profile:DBProfile.DISK for Table:userTable
2019-09-06 01:32:21,862 [main] INFO  db.DBStoreBuilder (DBStoreBuilder.java:addTable(110)) - using custom profile for table: volumeTable
2019-09-06 01:32:21,862 [main] INFO  db.DBStoreBuilder (DBStoreBuilder.java:processTables(161)) - Using default column profile:DBProfile.DISK for Table:volumeTable
2019-09-06 01:32:21,863 [main] INFO  db.DBStoreBuilder (DBStoreBuilder.java:addTable(110)) - using custom profile for table: bucketTable
2019-09-06 01:32:21,863 [main] INFO  db.DBStoreBuilder (DBStoreBuilder.java:processTables(161)) - Using default column profile:DBProfile.DISK for Table:bucketTable
2019-09-06 01:32:21,863 [main] INFO  db.DBStoreBuilder (DBStoreBuilder.java:addTable(110)) - using custom profile for table: keyTable
2019-09-06 01:32:21,863 [main] INFO  db.DBStoreBuilder (DBStoreBuilder.java:processTables(161)) - Using default column profile:DBProfile.DISK for Table:keyTable
2019-09-06 01:32:21,864 [main] INFO  db.DBStoreBuilder (DBStoreBuilder.java:addTable(110)) - using custom profile for table: deletedTable
2019-09-06 01:32:21,864 [main] INFO  db.DBStoreBuilder (DBStoreBuilder.java:processTables(161)) - Using default column profile:DBProfile.DISK for Table:deletedTable
2019-09-06 01:32:21,864 [main] INFO  db.DBStoreBuilder (DBStoreBuilder.java:addTable(110)) - using custom profile for table: openKeyTable
2019-09-06 01:32:21,864 [main] INFO  db.DBStoreBuilder (DBStoreBuilder.java:processTables(161)) - Using default column profile:DBProfile.DISK for Table:openKeyTable
2019-09-06 01:32:21,865 [main] INFO  db.DBStoreBuilder (DBStoreBuilder.java:addTable(110)) - using custom profile for table: s3Table
2019-09-06 01:32:21,865 [main] INFO  db.DBStoreBuilder (DBStoreBuilder.java:processTables(161)) - Using default column profile:DBProfile.DISK for Table:s3Table
2019-09-06 01:32:21,865 [main] INFO  db.DBStoreBuilder (DBStoreBuilder.java:addTable(110)) - using custom profile for table: multipartInfoTable
2019-09-06 01:32:21,865 [main] INFO  db.DBStoreBuilder (DBStoreBuilder.java:processTables(161)) - Using default column profile:DBProfile.DISK for Table:multipartInfoTable
2019-09-06 01:32:21,866 [main] INFO  db.DBStoreBuilder (DBStoreBuilder.java:addTable(110)) - using custom profile for table: dTokenTable
2019-09-06 01:32:21,866 [main] INFO  db.DBStoreBuilder (DBStoreBuilder.java:processTables(161)) - Using default column profile:DBProfile.DISK for Table:dTokenTable
2019-09-06 01:32:21,866 [main] INFO  db.DBStoreBuilder (DBStoreBuilder.java:addTable(110)) - using custom profile for table: s3SecretTable
2019-09-06 01:32:21,867 [main] INFO  db.DBStoreBuilder (DBStoreBuilder.java:processTables(161)) - Using default column profile:DBProfile.DISK for Table:s3SecretTable
2019-09-06 01:32:21,867 [main] INFO  db.DBStoreBuilder (DBStoreBuilder.java:addTable(110)) - using custom profile for table: prefixTable
2019-09-06 01:32:21,867 [main] INFO  db.DBStoreBuilder (DBStoreBuilder.java:processTables(161)) - Using default column profile:DBProfile.DISK for Table:prefixTable
2019-09-06 01:32:21,867 [main] INFO  db.DBStoreBuilder (DBStoreBuilder.java:addTable(110)) - using custom profile for table: default
2019-09-06 01:32:21,868 [main] INFO  db.DBStoreBuilder (DBStoreBuilder.java:processTables(167)) - Using default column profile:DBProfile.DISK for Table:default
2019-09-06 01:32:21,868 [main] INFO  db.DBStoreBuilder (DBStoreBuilder.java:getDbProfile(198)) - Using default options. DBProfile.DISK
2019-09-06 01:32:22,677 [main] INFO  ipc.CallQueueManager (CallQueueManager.java:<init>(84)) - Using callQueue: class java.util.concurrent.LinkedBlockingQueue, queueCapacity: 2000, scheduler: class org.apache.hadoop.ipc.DefaultRpcScheduler, ipcBackoff: false.
2019-09-06 01:32:22,680 [Socket Reader #1 for port 46074] INFO  ipc.Server (Server.java:run(1074)) - Starting Socket Reader #1 for port 46074
2019-09-06 01:32:22,706 [main] INFO  om.OzoneManager (OzoneManager.java:start(1240)) - OzoneManager RPC server is listening at localhost/127.0.0.1:46074
2019-09-06 01:32:22,707 [main] INFO  impl.MetricsSystemImpl (MetricsSystemImpl.java:init(158)) - OzoneManager metrics system started (again)
2019-09-06 01:32:22,708 [IPC Server Responder] INFO  ipc.Server (Server.java:run(1314)) - IPC Server Responder: starting
2019-09-06 01:32:22,708 [IPC Server listener on 46074] INFO  ipc.Server (Server.java:run(1153)) - IPC Server listener on 46074: starting
2019-09-06 01:32:22,714 [main] INFO  hdfs.DFSUtil (DFSUtil.java:httpServerTemplateForNNAndJN(1641)) - Starting Web-server for ozoneManager at: http://0.0.0.0:0
2019-09-06 01:32:22,717 [main] INFO  server.AuthenticationFilter (AuthenticationFilter.java:constructSecretProvider(240)) - Unable to initialize FileSignerSecretProvider, falling back to use random secrets.
2019-09-06 01:32:22,719 [main] WARN  http.HttpRequestLog (HttpRequestLog.java:getRequestLog(97)) - Jetty request log can only be enabled using Log4j
2019-09-06 01:32:22,723 [main] INFO  http.HttpServer2 (HttpServer2.java:addGlobalFilter(975)) - Added global filter 'safety' (class=org.apache.hadoop.http.HttpServer2$QuotingInputFilter)
2019-09-06 01:32:22,724 [main] INFO  http.HttpServer2 (HttpServer2.java:addFilter(948)) - Added filter static_user_filter (class=org.apache.hadoop.http.lib.StaticUserWebFilter$StaticUserFilter) to context ozoneManager
2019-09-06 01:32:22,725 [main] INFO  http.HttpServer2 (HttpServer2.java:addFilter(958)) - Added filter static_user_filter (class=org.apache.hadoop.http.lib.StaticUserWebFilter$StaticUserFilter) to context static
2019-09-06 01:32:22,725 [main] INFO  http.HttpServer2 (HttpServer2.java:addFilter(958)) - Added filter static_user_filter (class=org.apache.hadoop.http.lib.StaticUserWebFilter$StaticUserFilter) to context logs
2019-09-06 01:32:22,729 [main] INFO  http.HttpServer2 (HttpServer2.java:bindListener(1191)) - Jetty bound to port 33248
2019-09-06 01:32:22,729 [main] INFO  server.Server (Server.java:doStart(351)) - jetty-9.3.24.v20180605, build timestamp: 2018-06-05T17:11:56Z, git hash: 84205aa28f11a4f31f2a3b86d1bba2cc8ab69827
2019-09-06 01:32:22,732 [main] INFO  handler.ContextHandler (ContextHandler.java:doStart(781)) - Started o.e.j.s.ServletContextHandler@f14e5bf{/logs,file:///workdir/hadoop-ozone/integration-test/target/log,AVAILABLE}
2019-09-06 01:32:22,733 [main] INFO  handler.ContextHandler (ContextHandler.java:doStart(781)) - Started o.e.j.s.ServletContextHandler@3a91d146{/static,file:///workdir/hadoop-ozone/integration-test/target/test-classes/webapps/static,AVAILABLE}
2019-09-06 01:32:22,944 [main] INFO  handler.ContextHandler (ContextHandler.java:doStart(781)) - Started o.e.j.w.WebAppContext@74fe5966{/,file:///workdir/hadoop-ozone/integration-test/target/test-classes/webapps/ozoneManager/,AVAILABLE}{/ozoneManager}
2019-09-06 01:32:22,946 [main] INFO  server.AbstractConnector (AbstractConnector.java:doStart(278)) - Started ServerConnector@4fe875be{HTTP/1.1,[http/1.1]}{0.0.0.0:33248}
2019-09-06 01:32:22,947 [main] INFO  server.Server (Server.java:doStart(419)) - Started @5364ms
2019-09-06 01:32:22,947 [main] WARN  impl.MetricsSystemImpl (MetricsSystemImpl.java:register(276)) - Sink prometheus already exists!
2019-09-06 01:32:22,948 [main] INFO  server.BaseHttpServer (BaseHttpServer.java:updateConnectorAddress(215)) - HTTP server of OZONEMANAGER is listening at http://0.0.0.0:33248
2019-09-06 01:32:23,311 [main] INFO  impl.MetricsSystemImpl (MetricsSystemImpl.java:init(158)) - HddsDatanode metrics system started (again)
2019-09-06 01:32:23,380 [main] INFO  ozone.HddsDatanodeService (HddsDatanodeService.java:start(184)) - HddsDatanodeService host:pr-hdds-2015-4zh84-2711163145 ip:192.168.5.177
2019-09-06 01:32:23,430 [main] INFO  volume.HddsVolume (HddsVolume.java:<init>(176)) - Creating Volume: /workdir/hadoop-ozone/integration-test/target/test-dir/MiniOzoneClusterImpl-b0be7eb2-cfe3-45ae-8723-bdb0b594c12d/datanode-0/data/containers/hdds of  storage type : DISK and capacity : 1482555576320
2019-09-06 01:32:23,432 [main] INFO  volume.VolumeSet (VolumeSet.java:initializeVolumeSet(170)) - Added Volume : /workdir/hadoop-ozone/integration-test/target/test-dir/MiniOzoneClusterImpl-b0be7eb2-cfe3-45ae-8723-bdb0b594c12d/datanode-0/data/containers/hdds to VolumeSet
2019-09-06 01:32:23,437 [main] INFO  volume.ThrottledAsyncChecker (ThrottledAsyncChecker.java:schedule(140)) - Scheduling a check for org.apache.hadoop.ozone.container.common.volume.HddsVolume@79d743e6
2019-09-06 01:32:23,462 [main] INFO  volume.HddsVolumeChecker (HddsVolumeChecker.java:checkAllVolumes(203)) - Scheduled health check for volume org.apache.hadoop.ozone.container.common.volume.HddsVolume@79d743e6
2019-09-06 01:32:23,604 [main] INFO  impl.RaftServerProxy (ConfUtils.java:logGet(43)) - raft.rpc.type = GRPC (default)
2019-09-06 01:32:23,674 [main] INFO  grpc.GrpcFactory (GrpcFactory.java:checkPooledByteBufAllocatorUseCacheForAllThreads(45)) - PERFORMANCE WARNING: useCacheForAllThreads is true that may cause Netty to create a lot garbage objects and, as a result, trigger GC.
	It is recommended to disable useCacheForAllThreads by setting -Dorg.apache.ratis.thirdparty.io.netty.allocator.useCacheForAllThreads=false in command line.
2019-09-06 01:32:23,679 [main] INFO  grpc.GrpcConfigKeys$Server (ConfUtils.java:logGet(43)) - raft.grpc.server.port = 0 (default)
2019-09-06 01:32:23,680 [main] INFO  server.GrpcService (ConfUtils.java:logGet(43)) - raft.grpc.message.size.max = 33570816 (custom)
2019-09-06 01:32:23,682 [main] INFO  server.RaftServerConfigKeys (ConfUtils.java:logGet(43)) - raft.server.log.appender.buffer.byte-limit = 33554432 (custom)
2019-09-06 01:32:23,683 [main] INFO  server.GrpcService (ConfUtils.java:logGet(43)) - raft.grpc.flow.control.window = 1MB (=1048576) (default)
2019-09-06 01:32:23,683 [main] INFO  server.RaftServerConfigKeys (ConfUtils.java:logGet(43)) - raft.server.rpc.request.timeout = 3000ms (default)
2019-09-06 01:32:23,846 [main] INFO  server.RaftServerConfigKeys (ConfUtils.java:logGet(43)) - raft.server.storage.dir = [/workdir/hadoop-ozone/integration-test/target/test-dir/MiniOzoneClusterImpl-b0be7eb2-cfe3-45ae-8723-bdb0b594c12d/datanode-0/data/ratis] (custom)
2019-09-06 01:32:23,899 [main] INFO  hdfs.DFSUtil (DFSUtil.java:httpServerTemplateForNNAndJN(1641)) - Starting Web-server for hddsDatanode at: http://0.0.0.0:0
2019-09-06 01:32:23,901 [main] INFO  server.AuthenticationFilter (AuthenticationFilter.java:constructSecretProvider(240)) - Unable to initialize FileSignerSecretProvider, falling back to use random secrets.
2019-09-06 01:32:23,902 [main] WARN  http.HttpRequestLog (HttpRequestLog.java:getRequestLog(97)) - Jetty request log can only be enabled using Log4j
2019-09-06 01:32:23,903 [main] INFO  http.HttpServer2 (HttpServer2.java:addGlobalFilter(975)) - Added global filter 'safety' (class=org.apache.hadoop.http.HttpServer2$QuotingInputFilter)
2019-09-06 01:32:23,904 [main] INFO  http.HttpServer2 (HttpServer2.java:addFilter(948)) - Added filter static_user_filter (class=org.apache.hadoop.http.lib.StaticUserWebFilter$StaticUserFilter) to context hddsDatanode
2019-09-06 01:32:23,904 [main] INFO  http.HttpServer2 (HttpServer2.java:addFilter(958)) - Added filter static_user_filter (class=org.apache.hadoop.http.lib.StaticUserWebFilter$StaticUserFilter) to context logs
2019-09-06 01:32:23,904 [main] INFO  http.HttpServer2 (HttpServer2.java:addFilter(958)) - Added filter static_user_filter (class=org.apache.hadoop.http.lib.StaticUserWebFilter$StaticUserFilter) to context static
2019-09-06 01:32:23,905 [main] INFO  http.HttpServer2 (HttpServer2.java:bindListener(1191)) - Jetty bound to port 39280
2019-09-06 01:32:23,906 [main] INFO  server.Server (Server.java:doStart(351)) - jetty-9.3.24.v20180605, build timestamp: 2018-06-05T17:11:56Z, git hash: 84205aa28f11a4f31f2a3b86d1bba2cc8ab69827
2019-09-06 01:32:23,908 [main] INFO  handler.ContextHandler (ContextHandler.java:doStart(781)) - Started o.e.j.s.ServletContextHandler@60325987{/logs,file:///workdir/hadoop-ozone/integration-test/target/log,AVAILABLE}
2019-09-06 01:32:23,908 [main] INFO  handler.ContextHandler (ContextHandler.java:doStart(781)) - Started o.e.j.s.ServletContextHandler@3374b5bc{/static,jar:file:/home/user/.m2/repository/org/apache/hadoop/hadoop-hdds-container-service/0.5.0-SNAPSHOT/hadoop-hdds-container-service-0.5.0-SNAPSHOT.jar!/webapps/static,AVAILABLE}
2019-09-06 01:32:24,966 [main] INFO  handler.ContextHandler (ContextHandler.java:doStart(781)) - Started o.e.j.w.WebAppContext@5d43409a{/,file:///tmp/jetty-0.0.0.0-39280-hddsDatanode-_-any-4162054612255437427.dir/webapp/,AVAILABLE}{/hddsDatanode}
2019-09-06 01:32:24,968 [main] INFO  server.AbstractConnector (AbstractConnector.java:doStart(278)) - Started ServerConnector@38d17d80{HTTP/1.1,[http/1.1]}{0.0.0.0:39280}
2019-09-06 01:32:24,968 [main] INFO  server.Server (Server.java:doStart(419)) - Started @7385ms
2019-09-06 01:32:24,969 [main] WARN  impl.MetricsSystemImpl (MetricsSystemImpl.java:register(276)) - Sink prometheus already exists!
2019-09-06 01:32:24,970 [main] INFO  server.BaseHttpServer (BaseHttpServer.java:updateConnectorAddress(215)) - HTTP server of HDDSDATANODE is listening at http://0.0.0.0:39280
2019-09-06 01:32:24,971 [main] INFO  impl.MetricsSystemImpl (MetricsSystemImpl.java:init(158)) - HddsDatanode metrics system started (again)
2019-09-06 01:32:24,974 [main] INFO  ozone.HddsDatanodeService (HddsDatanodeService.java:start(184)) - HddsDatanodeService host:pr-hdds-2015-4zh84-2711163145 ip:192.168.5.177
2019-09-06 01:32:24,978 [org.apache.hadoop.util.JvmPauseMonitor$Monitor@29527aa4] INFO  util.JvmPauseMonitor (JvmPauseMonitor.java:run(188)) - Starting JVM pause monitor
2019-09-06 01:32:24,989 [main] INFO  volume.HddsVolume (HddsVolume.java:<init>(176)) - Creating Volume: /workdir/hadoop-ozone/integration-test/target/test-dir/MiniOzoneClusterImpl-b0be7eb2-cfe3-45ae-8723-bdb0b594c12d/datanode-1/data/containers/hdds of  storage type : DISK and capacity : 1482555576320
2019-09-06 01:32:24,990 [main] INFO  volume.VolumeSet (VolumeSet.java:initializeVolumeSet(170)) - Added Volume : /workdir/hadoop-ozone/integration-test/target/test-dir/MiniOzoneClusterImpl-b0be7eb2-cfe3-45ae-8723-bdb0b594c12d/datanode-1/data/containers/hdds to VolumeSet
2019-09-06 01:32:24,991 [main] INFO  volume.ThrottledAsyncChecker (ThrottledAsyncChecker.java:schedule(140)) - Scheduling a check for org.apache.hadoop.ozone.container.common.volume.HddsVolume@433348bc
2019-09-06 01:32:24,993 [main] INFO  volume.HddsVolumeChecker (HddsVolumeChecker.java:checkAllVolumes(203)) - Scheduled health check for volume org.apache.hadoop.ozone.container.common.volume.HddsVolume@433348bc
2019-09-06 01:32:25,008 [main] INFO  impl.RaftServerProxy (ConfUtils.java:logGet(43)) - raft.rpc.type = GRPC (default)
2019-09-06 01:32:25,009 [main] INFO  grpc.GrpcFactory (GrpcFactory.java:checkPooledByteBufAllocatorUseCacheForAllThreads(45)) - PERFORMANCE WARNING: useCacheForAllThreads is true that may cause Netty to create a lot garbage objects and, as a result, trigger GC.
	It is recommended to disable useCacheForAllThreads by setting -Dorg.apache.ratis.thirdparty.io.netty.allocator.useCacheForAllThreads=false in command line.
2019-09-06 01:32:25,009 [main] INFO  grpc.GrpcConfigKeys$Server (ConfUtils.java:logGet(43)) - raft.grpc.server.port = 0 (default)
2019-09-06 01:32:25,009 [main] INFO  server.GrpcService (ConfUtils.java:logGet(43)) - raft.grpc.message.size.max = 33570816 (custom)
2019-09-06 01:32:25,009 [main] INFO  server.RaftServerConfigKeys (ConfUtils.java:logGet(43)) - raft.server.log.appender.buffer.byte-limit = 33554432 (custom)
2019-09-06 01:32:25,010 [main] INFO  server.GrpcService (ConfUtils.java:logGet(43)) - raft.grpc.flow.control.window = 1MB (=1048576) (default)
2019-09-06 01:32:25,010 [main] INFO  server.RaftServerConfigKeys (ConfUtils.java:logGet(43)) - raft.server.rpc.request.timeout = 3000ms (default)
2019-09-06 01:32:25,011 [main] INFO  server.RaftServerConfigKeys (ConfUtils.java:logGet(43)) - raft.server.storage.dir = [/workdir/hadoop-ozone/integration-test/target/test-dir/MiniOzoneClusterImpl-b0be7eb2-cfe3-45ae-8723-bdb0b594c12d/datanode-1/data/ratis] (custom)
2019-09-06 01:32:25,012 [main] INFO  hdfs.DFSUtil (DFSUtil.java:httpServerTemplateForNNAndJN(1641)) - Starting Web-server for hddsDatanode at: http://0.0.0.0:0
2019-09-06 01:32:25,014 [main] INFO  server.AuthenticationFilter (AuthenticationFilter.java:constructSecretProvider(240)) - Unable to initialize FileSignerSecretProvider, falling back to use random secrets.
2019-09-06 01:32:25,015 [main] WARN  http.HttpRequestLog (HttpRequestLog.java:getRequestLog(97)) - Jetty request log can only be enabled using Log4j
2019-09-06 01:32:25,016 [main] INFO  http.HttpServer2 (HttpServer2.java:addGlobalFilter(975)) - Added global filter 'safety' (class=org.apache.hadoop.http.HttpServer2$QuotingInputFilter)
2019-09-06 01:32:25,017 [main] INFO  http.HttpServer2 (HttpServer2.java:addFilter(948)) - Added filter static_user_filter (class=org.apache.hadoop.http.lib.StaticUserWebFilter$StaticUserFilter) to context hddsDatanode
2019-09-06 01:32:25,017 [main] INFO  http.HttpServer2 (HttpServer2.java:addFilter(958)) - Added filter static_user_filter (class=org.apache.hadoop.http.lib.StaticUserWebFilter$StaticUserFilter) to context logs
2019-09-06 01:32:25,017 [main] INFO  http.HttpServer2 (HttpServer2.java:addFilter(958)) - Added filter static_user_filter (class=org.apache.hadoop.http.lib.StaticUserWebFilter$StaticUserFilter) to context static
2019-09-06 01:32:25,018 [main] INFO  http.HttpServer2 (HttpServer2.java:bindListener(1191)) - Jetty bound to port 39545
2019-09-06 01:32:25,018 [main] INFO  server.Server (Server.java:doStart(351)) - jetty-9.3.24.v20180605, build timestamp: 2018-06-05T17:11:56Z, git hash: 84205aa28f11a4f31f2a3b86d1bba2cc8ab69827
2019-09-06 01:32:25,022 [main] INFO  handler.ContextHandler (ContextHandler.java:doStart(781)) - Started o.e.j.s.ServletContextHandler@26c47874{/logs,file:///workdir/hadoop-ozone/integration-test/target/log,AVAILABLE}
2019-09-06 01:32:25,023 [main] INFO  handler.ContextHandler (ContextHandler.java:doStart(781)) - Started o.e.j.s.ServletContextHandler@2849434b{/static,jar:file:/home/user/.m2/repository/org/apache/hadoop/hadoop-hdds-container-service/0.5.0-SNAPSHOT/hadoop-hdds-container-service-0.5.0-SNAPSHOT.jar!/webapps/static,AVAILABLE}
2019-09-06 01:32:25,052 [main] INFO  handler.ContextHandler (ContextHandler.java:doStart(781)) - Started o.e.j.w.WebAppContext@117525fe{/,file:///tmp/jetty-0.0.0.0-39545-hddsDatanode-_-any-1582648756968676673.dir/webapp/,AVAILABLE}{/hddsDatanode}
2019-09-06 01:32:25,052 [main] INFO  server.AbstractConnector (AbstractConnector.java:doStart(278)) - Started ServerConnector@5f7989fa{HTTP/1.1,[http/1.1]}{0.0.0.0:39545}
2019-09-06 01:32:25,054 [main] INFO  server.Server (Server.java:doStart(419)) - Started @7471ms
2019-09-06 01:32:25,055 [main] WARN  impl.MetricsSystemImpl (MetricsSystemImpl.java:register(276)) - Sink prometheus already exists!
2019-09-06 01:32:25,056 [main] INFO  server.BaseHttpServer (BaseHttpServer.java:updateConnectorAddress(215)) - HTTP server of HDDSDATANODE is listening at http://0.0.0.0:39545
2019-09-06 01:32:25,056 [main] INFO  impl.MetricsSystemImpl (MetricsSystemImpl.java:init(158)) - HddsDatanode metrics system started (again)
2019-09-06 01:32:25,059 [org.apache.hadoop.util.JvmPauseMonitor$Monitor@46d10d8b] INFO  util.JvmPauseMonitor (JvmPauseMonitor.java:run(188)) - Starting JVM pause monitor
2019-09-06 01:32:25,059 [main] INFO  ozone.HddsDatanodeService (HddsDatanodeService.java:start(184)) - HddsDatanodeService host:pr-hdds-2015-4zh84-2711163145 ip:192.168.5.177
2019-09-06 01:32:25,068 [main] INFO  volume.HddsVolume (HddsVolume.java:<init>(176)) - Creating Volume: /workdir/hadoop-ozone/integration-test/target/test-dir/MiniOzoneClusterImpl-b0be7eb2-cfe3-45ae-8723-bdb0b594c12d/datanode-2/data/containers/hdds of  storage type : DISK and capacity : 1482555576320
2019-09-06 01:32:25,069 [main] INFO  volume.VolumeSet (VolumeSet.java:initializeVolumeSet(170)) - Added Volume : /workdir/hadoop-ozone/integration-test/target/test-dir/MiniOzoneClusterImpl-b0be7eb2-cfe3-45ae-8723-bdb0b594c12d/datanode-2/data/containers/hdds to VolumeSet
2019-09-06 01:32:25,069 [main] INFO  volume.ThrottledAsyncChecker (ThrottledAsyncChecker.java:schedule(140)) - Scheduling a check for org.apache.hadoop.ozone.container.common.volume.HddsVolume@18d910b3
2019-09-06 01:32:25,070 [main] INFO  volume.HddsVolumeChecker (HddsVolumeChecker.java:checkAllVolumes(203)) - Scheduled health check for volume org.apache.hadoop.ozone.container.common.volume.HddsVolume@18d910b3
2019-09-06 01:32:25,084 [main] INFO  impl.RaftServerProxy (ConfUtils.java:logGet(43)) - raft.rpc.type = GRPC (default)
2019-09-06 01:32:25,085 [main] INFO  grpc.GrpcFactory (GrpcFactory.java:checkPooledByteBufAllocatorUseCacheForAllThreads(45)) - PERFORMANCE WARNING: useCacheForAllThreads is true that may cause Netty to create a lot garbage objects and, as a result, trigger GC.
	It is recommended to disable useCacheForAllThreads by setting -Dorg.apache.ratis.thirdparty.io.netty.allocator.useCacheForAllThreads=false in command line.
2019-09-06 01:32:25,085 [main] INFO  grpc.GrpcConfigKeys$Server (ConfUtils.java:logGet(43)) - raft.grpc.server.port = 0 (default)
2019-09-06 01:32:25,085 [main] INFO  server.GrpcService (ConfUtils.java:logGet(43)) - raft.grpc.message.size.max = 33570816 (custom)
2019-09-06 01:32:25,086 [main] INFO  server.RaftServerConfigKeys (ConfUtils.java:logGet(43)) - raft.server.log.appender.buffer.byte-limit = 33554432 (custom)
2019-09-06 01:32:25,086 [main] INFO  server.GrpcService (ConfUtils.java:logGet(43)) - raft.grpc.flow.control.window = 1MB (=1048576) (default)
2019-09-06 01:32:25,086 [main] INFO  server.RaftServerConfigKeys (ConfUtils.java:logGet(43)) - raft.server.rpc.request.timeout = 3000ms (default)
2019-09-06 01:32:25,087 [main] INFO  server.RaftServerConfigKeys (ConfUtils.java:logGet(43)) - raft.server.storage.dir = [/workdir/hadoop-ozone/integration-test/target/test-dir/MiniOzoneClusterImpl-b0be7eb2-cfe3-45ae-8723-bdb0b594c12d/datanode-2/data/ratis] (custom)
2019-09-06 01:32:25,089 [main] INFO  hdfs.DFSUtil (DFSUtil.java:httpServerTemplateForNNAndJN(1641)) - Starting Web-server for hddsDatanode at: http://0.0.0.0:0
2019-09-06 01:32:25,090 [main] INFO  server.AuthenticationFilter (AuthenticationFilter.java:constructSecretProvider(240)) - Unable to initialize FileSignerSecretProvider, falling back to use random secrets.
2019-09-06 01:32:25,092 [main] WARN  http.HttpRequestLog (HttpRequestLog.java:getRequestLog(97)) - Jetty request log can only be enabled using Log4j
2019-09-06 01:32:25,094 [main] INFO  http.HttpServer2 (HttpServer2.java:addGlobalFilter(975)) - Added global filter 'safety' (class=org.apache.hadoop.http.HttpServer2$QuotingInputFilter)
2019-09-06 01:32:25,095 [main] INFO  http.HttpServer2 (HttpServer2.java:addFilter(948)) - Added filter static_user_filter (class=org.apache.hadoop.http.lib.StaticUserWebFilter$StaticUserFilter) to context hddsDatanode
2019-09-06 01:32:25,095 [main] INFO  http.HttpServer2 (HttpServer2.java:addFilter(958)) - Added filter static_user_filter (class=org.apache.hadoop.http.lib.StaticUserWebFilter$StaticUserFilter) to context logs
2019-09-06 01:32:25,095 [main] INFO  http.HttpServer2 (HttpServer2.java:addFilter(958)) - Added filter static_user_filter (class=org.apache.hadoop.http.lib.StaticUserWebFilter$StaticUserFilter) to context static
2019-09-06 01:32:25,096 [main] INFO  http.HttpServer2 (HttpServer2.java:bindListener(1191)) - Jetty bound to port 39877
2019-09-06 01:32:25,096 [main] INFO  server.Server (Server.java:doStart(351)) - jetty-9.3.24.v20180605, build timestamp: 2018-06-05T17:11:56Z, git hash: 84205aa28f11a4f31f2a3b86d1bba2cc8ab69827
2019-09-06 01:32:25,099 [main] INFO  handler.ContextHandler (ContextHandler.java:doStart(781)) - Started o.e.j.s.ServletContextHandler@3ee0b4f7{/logs,file:///workdir/hadoop-ozone/integration-test/target/log,AVAILABLE}
2019-09-06 01:32:25,099 [main] INFO  handler.ContextHandler (ContextHandler.java:doStart(781)) - Started o.e.j.s.ServletContextHandler@4d41ba0f{/static,jar:file:/home/user/.m2/repository/org/apache/hadoop/hadoop-hdds-container-service/0.5.0-SNAPSHOT/hadoop-hdds-container-service-0.5.0-SNAPSHOT.jar!/webapps/static,AVAILABLE}
2019-09-06 01:32:25,101 [Datanode State Machine Thread - 0] INFO  datanode.InitDatanodeState (InitDatanodeState.java:persistContainerDatanodeDetails(140)) - DatanodeDetails is persisted to /workdir/hadoop-ozone/integration-test/target/test-dir/MiniOzoneClusterImpl-b0be7eb2-cfe3-45ae-8723-bdb0b594c12d/datanode-0/meta/datanode.id
2019-09-06 01:32:25,107 [Datanode State Machine Thread - 0] INFO  datanode.InitDatanodeState (InitDatanodeState.java:persistContainerDatanodeDetails(140)) - DatanodeDetails is persisted to /workdir/hadoop-ozone/integration-test/target/test-dir/MiniOzoneClusterImpl-b0be7eb2-cfe3-45ae-8723-bdb0b594c12d/datanode-1/meta/datanode.id
2019-09-06 01:32:25,139 [main] INFO  handler.ContextHandler (ContextHandler.java:doStart(781)) - Started o.e.j.w.WebAppContext@7baf1f5a{/,file:///tmp/jetty-0.0.0.0-39877-hddsDatanode-_-any-742152635304742749.dir/webapp/,AVAILABLE}{/hddsDatanode}
2019-09-06 01:32:25,139 [main] INFO  server.AbstractConnector (AbstractConnector.java:doStart(278)) - Started ServerConnector@6cc86152{HTTP/1.1,[http/1.1]}{0.0.0.0:39877}
2019-09-06 01:32:25,141 [main] INFO  server.Server (Server.java:doStart(419)) - Started @7558ms
2019-09-06 01:32:25,141 [main] WARN  impl.MetricsSystemImpl (MetricsSystemImpl.java:register(276)) - Sink prometheus already exists!
2019-09-06 01:32:25,142 [main] INFO  server.BaseHttpServer (BaseHttpServer.java:updateConnectorAddress(215)) - HTTP server of HDDSDATANODE is listening at http://0.0.0.0:39877
2019-09-06 01:32:25,142 [main] INFO  impl.MetricsSystemImpl (MetricsSystemImpl.java:init(158)) - HddsDatanode metrics system started (again)
2019-09-06 01:32:25,145 [org.apache.hadoop.util.JvmPauseMonitor$Monitor@5e2febd1] INFO  util.JvmPauseMonitor (JvmPauseMonitor.java:run(188)) - Starting JVM pause monitor
2019-09-06 01:32:25,145 [main] INFO  ozone.HddsDatanodeService (HddsDatanodeService.java:start(184)) - HddsDatanodeService host:pr-hdds-2015-4zh84-2711163145 ip:192.168.5.177
2019-09-06 01:32:25,148 [Datanode State Machine Thread - 0] INFO  datanode.InitDatanodeState (InitDatanodeState.java:persistContainerDatanodeDetails(140)) - DatanodeDetails is persisted to /workdir/hadoop-ozone/integration-test/target/test-dir/MiniOzoneClusterImpl-b0be7eb2-cfe3-45ae-8723-bdb0b594c12d/datanode-2/meta/datanode.id
2019-09-06 01:32:25,152 [main] INFO  volume.HddsVolume (HddsVolume.java:<init>(176)) - Creating Volume: /workdir/hadoop-ozone/integration-test/target/test-dir/MiniOzoneClusterImpl-b0be7eb2-cfe3-45ae-8723-bdb0b594c12d/datanode-3/data/containers/hdds of  storage type : DISK and capacity : 1482555576320
2019-09-06 01:32:25,153 [main] INFO  volume.VolumeSet (VolumeSet.java:initializeVolumeSet(170)) - Added Volume : /workdir/hadoop-ozone/integration-test/target/test-dir/MiniOzoneClusterImpl-b0be7eb2-cfe3-45ae-8723-bdb0b594c12d/datanode-3/data/containers/hdds to VolumeSet
2019-09-06 01:32:25,153 [main] INFO  volume.ThrottledAsyncChecker (ThrottledAsyncChecker.java:schedule(140)) - Scheduling a check for org.apache.hadoop.ozone.container.common.volume.HddsVolume@44536de4
2019-09-06 01:32:25,153 [main] INFO  volume.HddsVolumeChecker (HddsVolumeChecker.java:checkAllVolumes(203)) - Scheduled health check for volume org.apache.hadoop.ozone.container.common.volume.HddsVolume@44536de4
2019-09-06 01:32:25,166 [main] INFO  impl.RaftServerProxy (ConfUtils.java:logGet(43)) - raft.rpc.type = GRPC (default)
2019-09-06 01:32:25,166 [main] INFO  grpc.GrpcFactory (GrpcFactory.java:checkPooledByteBufAllocatorUseCacheForAllThreads(45)) - PERFORMANCE WARNING: useCacheForAllThreads is true that may cause Netty to create a lot garbage objects and, as a result, trigger GC.
	It is recommended to disable useCacheForAllThreads by setting -Dorg.apache.ratis.thirdparty.io.netty.allocator.useCacheForAllThreads=false in command line.
2019-09-06 01:32:25,167 [main] INFO  grpc.GrpcConfigKeys$Server (ConfUtils.java:logGet(43)) - raft.grpc.server.port = 0 (default)
2019-09-06 01:32:25,167 [main] INFO  server.GrpcService (ConfUtils.java:logGet(43)) - raft.grpc.message.size.max = 33570816 (custom)
2019-09-06 01:32:25,167 [main] INFO  server.RaftServerConfigKeys (ConfUtils.java:logGet(43)) - raft.server.log.appender.buffer.byte-limit = 33554432 (custom)
2019-09-06 01:32:25,167 [main] INFO  server.GrpcService (ConfUtils.java:logGet(43)) - raft.grpc.flow.control.window = 1MB (=1048576) (default)
2019-09-06 01:32:25,168 [main] INFO  server.RaftServerConfigKeys (ConfUtils.java:logGet(43)) - raft.server.rpc.request.timeout = 3000ms (default)
2019-09-06 01:32:25,168 [main] INFO  server.RaftServerConfigKeys (ConfUtils.java:logGet(43)) - raft.server.storage.dir = [/workdir/hadoop-ozone/integration-test/target/test-dir/MiniOzoneClusterImpl-b0be7eb2-cfe3-45ae-8723-bdb0b594c12d/datanode-3/data/ratis] (custom)
2019-09-06 01:32:25,170 [main] INFO  hdfs.DFSUtil (DFSUtil.java:httpServerTemplateForNNAndJN(1641)) - Starting Web-server for hddsDatanode at: http://0.0.0.0:0
2019-09-06 01:32:25,171 [main] INFO  server.AuthenticationFilter (AuthenticationFilter.java:constructSecretProvider(240)) - Unable to initialize FileSignerSecretProvider, falling back to use random secrets.
2019-09-06 01:32:25,171 [main] WARN  http.HttpRequestLog (HttpRequestLog.java:getRequestLog(97)) - Jetty request log can only be enabled using Log4j
2019-09-06 01:32:25,173 [main] INFO  http.HttpServer2 (HttpServer2.java:addGlobalFilter(975)) - Added global filter 'safety' (class=org.apache.hadoop.http.HttpServer2$QuotingInputFilter)
2019-09-06 01:32:25,173 [main] INFO  http.HttpServer2 (HttpServer2.java:addFilter(948)) - Added filter static_user_filter (class=org.apache.hadoop.http.lib.StaticUserWebFilter$StaticUserFilter) to context hddsDatanode
2019-09-06 01:32:25,174 [main] INFO  http.HttpServer2 (HttpServer2.java:addFilter(958)) - Added filter static_user_filter (class=org.apache.hadoop.http.lib.StaticUserWebFilter$StaticUserFilter) to context logs
2019-09-06 01:32:25,174 [main] INFO  http.HttpServer2 (HttpServer2.java:addFilter(958)) - Added filter static_user_filter (class=org.apache.hadoop.http.lib.StaticUserWebFilter$StaticUserFilter) to context static
2019-09-06 01:32:25,175 [main] INFO  http.HttpServer2 (HttpServer2.java:bindListener(1191)) - Jetty bound to port 43942
2019-09-06 01:32:25,175 [main] INFO  server.Server (Server.java:doStart(351)) - jetty-9.3.24.v20180605, build timestamp: 2018-06-05T17:11:56Z, git hash: 84205aa28f11a4f31f2a3b86d1bba2cc8ab69827
2019-09-06 01:32:25,178 [main] INFO  handler.ContextHandler (ContextHandler.java:doStart(781)) - Started o.e.j.s.ServletContextHandler@40e37b06{/logs,file:///workdir/hadoop-ozone/integration-test/target/log,AVAILABLE}
2019-09-06 01:32:25,179 [main] INFO  handler.ContextHandler (ContextHandler.java:doStart(781)) - Started o.e.j.s.ServletContextHandler@6dcc40f5{/static,jar:file:/home/user/.m2/repository/org/apache/hadoop/hadoop-hdds-container-service/0.5.0-SNAPSHOT/hadoop-hdds-container-service-0.5.0-SNAPSHOT.jar!/webapps/static,AVAILABLE}
2019-09-06 01:32:25,209 [main] INFO  handler.ContextHandler (ContextHandler.java:doStart(781)) - Started o.e.j.w.WebAppContext@6b1dc20f{/,file:///tmp/jetty-0.0.0.0-43942-hddsDatanode-_-any-3559332793777797611.dir/webapp/,AVAILABLE}{/hddsDatanode}
2019-09-06 01:32:25,210 [main] INFO  server.AbstractConnector (AbstractConnector.java:doStart(278)) - Started ServerConnector@4613311f{HTTP/1.1,[http/1.1]}{0.0.0.0:43942}
2019-09-06 01:32:25,210 [main] INFO  server.Server (Server.java:doStart(419)) - Started @7627ms
2019-09-06 01:32:25,210 [main] WARN  impl.MetricsSystemImpl (MetricsSystemImpl.java:register(276)) - Sink prometheus already exists!
2019-09-06 01:32:25,211 [main] INFO  server.BaseHttpServer (BaseHttpServer.java:updateConnectorAddress(215)) - HTTP server of HDDSDATANODE is listening at http://0.0.0.0:43942
2019-09-06 01:32:25,211 [main] INFO  impl.MetricsSystemImpl (MetricsSystemImpl.java:init(158)) - HddsDatanode metrics system started (again)
2019-09-06 01:32:25,214 [main] INFO  ozone.HddsDatanodeService (HddsDatanodeService.java:start(184)) - HddsDatanodeService host:pr-hdds-2015-4zh84-2711163145 ip:192.168.5.177
2019-09-06 01:32:25,214 [org.apache.hadoop.util.JvmPauseMonitor$Monitor@67314cfc] INFO  util.JvmPauseMonitor (JvmPauseMonitor.java:run(188)) - Starting JVM pause monitor
2019-09-06 01:32:25,217 [Datanode State Machine Thread - 0] INFO  datanode.InitDatanodeState (InitDatanodeState.java:persistContainerDatanodeDetails(140)) - DatanodeDetails is persisted to /workdir/hadoop-ozone/integration-test/target/test-dir/MiniOzoneClusterImpl-b0be7eb2-cfe3-45ae-8723-bdb0b594c12d/datanode-3/meta/datanode.id
2019-09-06 01:32:25,221 [main] INFO  volume.HddsVolume (HddsVolume.java:<init>(176)) - Creating Volume: /workdir/hadoop-ozone/integration-test/target/test-dir/MiniOzoneClusterImpl-b0be7eb2-cfe3-45ae-8723-bdb0b594c12d/datanode-4/data/containers/hdds of  storage type : DISK and capacity : 1482555576320
2019-09-06 01:32:25,221 [main] INFO  volume.VolumeSet (VolumeSet.java:initializeVolumeSet(170)) - Added Volume : /workdir/hadoop-ozone/integration-test/target/test-dir/MiniOzoneClusterImpl-b0be7eb2-cfe3-45ae-8723-bdb0b594c12d/datanode-4/data/containers/hdds to VolumeSet
2019-09-06 01:32:25,221 [main] INFO  volume.ThrottledAsyncChecker (ThrottledAsyncChecker.java:schedule(140)) - Scheduling a check for org.apache.hadoop.ozone.container.common.volume.HddsVolume@517a2b0
2019-09-06 01:32:25,222 [main] INFO  volume.HddsVolumeChecker (HddsVolumeChecker.java:checkAllVolumes(203)) - Scheduled health check for volume org.apache.hadoop.ozone.container.common.volume.HddsVolume@517a2b0
2019-09-06 01:32:25,235 [main] INFO  impl.RaftServerProxy (ConfUtils.java:logGet(43)) - raft.rpc.type = GRPC (default)
2019-09-06 01:32:25,235 [main] INFO  grpc.GrpcFactory (GrpcFactory.java:checkPooledByteBufAllocatorUseCacheForAllThreads(45)) - PERFORMANCE WARNING: useCacheForAllThreads is true that may cause Netty to create a lot garbage objects and, as a result, trigger GC.
	It is recommended to disable useCacheForAllThreads by setting -Dorg.apache.ratis.thirdparty.io.netty.allocator.useCacheForAllThreads=false in command line.
2019-09-06 01:32:25,235 [main] INFO  grpc.GrpcConfigKeys$Server (ConfUtils.java:logGet(43)) - raft.grpc.server.port = 0 (default)
2019-09-06 01:32:25,235 [main] INFO  server.GrpcService (ConfUtils.java:logGet(43)) - raft.grpc.message.size.max = 33570816 (custom)
2019-09-06 01:32:25,236 [main] INFO  server.RaftServerConfigKeys (ConfUtils.java:logGet(43)) - raft.server.log.appender.buffer.byte-limit = 33554432 (custom)
2019-09-06 01:32:25,236 [main] INFO  server.GrpcService (ConfUtils.java:logGet(43)) - raft.grpc.flow.control.window = 1MB (=1048576) (default)
2019-09-06 01:32:25,236 [main] INFO  server.RaftServerConfigKeys (ConfUtils.java:logGet(43)) - raft.server.rpc.request.timeout = 3000ms (default)
2019-09-06 01:32:25,237 [main] INFO  server.RaftServerConfigKeys (ConfUtils.java:logGet(43)) - raft.server.storage.dir = [/workdir/hadoop-ozone/integration-test/target/test-dir/MiniOzoneClusterImpl-b0be7eb2-cfe3-45ae-8723-bdb0b594c12d/datanode-4/data/ratis] (custom)
2019-09-06 01:32:25,238 [main] INFO  hdfs.DFSUtil (DFSUtil.java:httpServerTemplateForNNAndJN(1641)) - Starting Web-server for hddsDatanode at: http://0.0.0.0:0
2019-09-06 01:32:25,240 [main] INFO  server.AuthenticationFilter (AuthenticationFilter.java:constructSecretProvider(240)) - Unable to initialize FileSignerSecretProvider, falling back to use random secrets.
2019-09-06 01:32:25,240 [main] WARN  http.HttpRequestLog (HttpRequestLog.java:getRequestLog(97)) - Jetty request log can only be enabled using Log4j
2019-09-06 01:32:25,242 [main] INFO  http.HttpServer2 (HttpServer2.java:addGlobalFilter(975)) - Added global filter 'safety' (class=org.apache.hadoop.http.HttpServer2$QuotingInputFilter)
2019-09-06 01:32:25,242 [main] INFO  http.HttpServer2 (HttpServer2.java:addFilter(948)) - Added filter static_user_filter (class=org.apache.hadoop.http.lib.StaticUserWebFilter$StaticUserFilter) to context hddsDatanode
2019-09-06 01:32:25,242 [main] INFO  http.HttpServer2 (HttpServer2.java:addFilter(958)) - Added filter static_user_filter (class=org.apache.hadoop.http.lib.StaticUserWebFilter$StaticUserFilter) to context logs
2019-09-06 01:32:25,243 [main] INFO  http.HttpServer2 (HttpServer2.java:addFilter(958)) - Added filter static_user_filter (class=org.apache.hadoop.http.lib.StaticUserWebFilter$StaticUserFilter) to context static
2019-09-06 01:32:25,243 [main] INFO  http.HttpServer2 (HttpServer2.java:bindListener(1191)) - Jetty bound to port 46611
2019-09-06 01:32:25,244 [main] INFO  server.Server (Server.java:doStart(351)) - jetty-9.3.24.v20180605, build timestamp: 2018-06-05T17:11:56Z, git hash: 84205aa28f11a4f31f2a3b86d1bba2cc8ab69827
2019-09-06 01:32:25,246 [main] INFO  handler.ContextHandler (ContextHandler.java:doStart(781)) - Started o.e.j.s.ServletContextHandler@3d4e405e{/logs,file:///workdir/hadoop-ozone/integration-test/target/log,AVAILABLE}
2019-09-06 01:32:25,246 [main] INFO  handler.ContextHandler (ContextHandler.java:doStart(781)) - Started o.e.j.s.ServletContextHandler@70972170{/static,jar:file:/home/user/.m2/repository/org/apache/hadoop/hadoop-hdds-container-service/0.5.0-SNAPSHOT/hadoop-hdds-container-service-0.5.0-SNAPSHOT.jar!/webapps/static,AVAILABLE}
2019-09-06 01:32:25,275 [main] INFO  handler.ContextHandler (ContextHandler.java:doStart(781)) - Started o.e.j.w.WebAppContext@411c6d44{/,file:///tmp/jetty-0.0.0.0-46611-hddsDatanode-_-any-5051272945291172164.dir/webapp/,AVAILABLE}{/hddsDatanode}
2019-09-06 01:32:25,276 [main] INFO  server.AbstractConnector (AbstractConnector.java:doStart(278)) - Started ServerConnector@1687eb01{HTTP/1.1,[http/1.1]}{0.0.0.0:46611}
2019-09-06 01:32:25,276 [main] INFO  server.Server (Server.java:doStart(419)) - Started @7694ms
2019-09-06 01:32:25,276 [main] WARN  impl.MetricsSystemImpl (MetricsSystemImpl.java:register(276)) - Sink prometheus already exists!
2019-09-06 01:32:25,277 [main] INFO  server.BaseHttpServer (BaseHttpServer.java:updateConnectorAddress(215)) - HTTP server of HDDSDATANODE is listening at http://0.0.0.0:46611
2019-09-06 01:32:25,277 [main] INFO  impl.MetricsSystemImpl (MetricsSystemImpl.java:init(158)) - HddsDatanode metrics system started (again)
2019-09-06 01:32:25,281 [main] INFO  ozone.HddsDatanodeService (HddsDatanodeService.java:start(184)) - HddsDatanodeService host:pr-hdds-2015-4zh84-2711163145 ip:192.168.5.177
2019-09-06 01:32:25,281 [org.apache.hadoop.util.JvmPauseMonitor$Monitor@25a09574] INFO  util.JvmPauseMonitor (JvmPauseMonitor.java:run(188)) - Starting JVM pause monitor
2019-09-06 01:32:25,284 [Datanode State Machine Thread - 0] INFO  datanode.InitDatanodeState (InitDatanodeState.java:persistContainerDatanodeDetails(140)) - DatanodeDetails is persisted to /workdir/hadoop-ozone/integration-test/target/test-dir/MiniOzoneClusterImpl-b0be7eb2-cfe3-45ae-8723-bdb0b594c12d/datanode-4/meta/datanode.id
2019-09-06 01:32:25,288 [main] INFO  volume.HddsVolume (HddsVolume.java:<init>(176)) - Creating Volume: /workdir/hadoop-ozone/integration-test/target/test-dir/MiniOzoneClusterImpl-b0be7eb2-cfe3-45ae-8723-bdb0b594c12d/datanode-5/data/containers/hdds of  storage type : DISK and capacity : 1482555576320
2019-09-06 01:32:25,288 [main] INFO  volume.VolumeSet (VolumeSet.java:initializeVolumeSet(170)) - Added Volume : /workdir/hadoop-ozone/integration-test/target/test-dir/MiniOzoneClusterImpl-b0be7eb2-cfe3-45ae-8723-bdb0b594c12d/datanode-5/data/containers/hdds to VolumeSet
2019-09-06 01:32:25,288 [main] INFO  volume.ThrottledAsyncChecker (ThrottledAsyncChecker.java:schedule(140)) - Scheduling a check for org.apache.hadoop.ozone.container.common.volume.HddsVolume@6c0e13b7
2019-09-06 01:32:25,289 [main] INFO  volume.HddsVolumeChecker (HddsVolumeChecker.java:checkAllVolumes(203)) - Scheduled health check for volume org.apache.hadoop.ozone.container.common.volume.HddsVolume@6c0e13b7
2019-09-06 01:32:25,306 [main] INFO  impl.RaftServerProxy (ConfUtils.java:logGet(43)) - raft.rpc.type = GRPC (default)
2019-09-06 01:32:25,306 [main] INFO  grpc.GrpcFactory (GrpcFactory.java:checkPooledByteBufAllocatorUseCacheForAllThreads(45)) - PERFORMANCE WARNING: useCacheForAllThreads is true that may cause Netty to create a lot garbage objects and, as a result, trigger GC.
	It is recommended to disable useCacheForAllThreads by setting -Dorg.apache.ratis.thirdparty.io.netty.allocator.useCacheForAllThreads=false in command line.
2019-09-06 01:32:25,307 [main] INFO  grpc.GrpcConfigKeys$Server (ConfUtils.java:logGet(43)) - raft.grpc.server.port = 0 (default)
2019-09-06 01:32:25,307 [main] INFO  server.GrpcService (ConfUtils.java:logGet(43)) - raft.grpc.message.size.max = 33570816 (custom)
2019-09-06 01:32:25,307 [main] INFO  server.RaftServerConfigKeys (ConfUtils.java:logGet(43)) - raft.server.log.appender.buffer.byte-limit = 33554432 (custom)
2019-09-06 01:32:25,307 [main] INFO  server.GrpcService (ConfUtils.java:logGet(43)) - raft.grpc.flow.control.window = 1MB (=1048576) (default)
2019-09-06 01:32:25,308 [main] INFO  server.RaftServerConfigKeys (ConfUtils.java:logGet(43)) - raft.server.rpc.request.timeout = 3000ms (default)
2019-09-06 01:32:25,308 [main] INFO  server.RaftServerConfigKeys (ConfUtils.java:logGet(43)) - raft.server.storage.dir = [/workdir/hadoop-ozone/integration-test/target/test-dir/MiniOzoneClusterImpl-b0be7eb2-cfe3-45ae-8723-bdb0b594c12d/datanode-5/data/ratis] (custom)
2019-09-06 01:32:25,310 [main] INFO  hdfs.DFSUtil (DFSUtil.java:httpServerTemplateForNNAndJN(1641)) - Starting Web-server for hddsDatanode at: http://0.0.0.0:0
2019-09-06 01:32:25,311 [main] INFO  server.AuthenticationFilter (AuthenticationFilter.java:constructSecretProvider(240)) - Unable to initialize FileSignerSecretProvider, falling back to use random secrets.
2019-09-06 01:32:25,312 [main] WARN  http.HttpRequestLog (HttpRequestLog.java:getRequestLog(97)) - Jetty request log can only be enabled using Log4j
2019-09-06 01:32:25,313 [main] INFO  http.HttpServer2 (HttpServer2.java:addGlobalFilter(975)) - Added global filter 'safety' (class=org.apache.hadoop.http.HttpServer2$QuotingInputFilter)
2019-09-06 01:32:25,314 [main] INFO  http.HttpServer2 (HttpServer2.java:addFilter(948)) - Added filter static_user_filter (class=org.apache.hadoop.http.lib.StaticUserWebFilter$StaticUserFilter) to context hddsDatanode
2019-09-06 01:32:25,314 [main] INFO  http.HttpServer2 (HttpServer2.java:addFilter(958)) - Added filter static_user_filter (class=org.apache.hadoop.http.lib.StaticUserWebFilter$StaticUserFilter) to context static
2019-09-06 01:32:25,314 [main] INFO  http.HttpServer2 (HttpServer2.java:addFilter(958)) - Added filter static_user_filter (class=org.apache.hadoop.http.lib.StaticUserWebFilter$StaticUserFilter) to context logs
2019-09-06 01:32:25,315 [main] INFO  http.HttpServer2 (HttpServer2.java:bindListener(1191)) - Jetty bound to port 40430
2019-09-06 01:32:25,315 [main] INFO  server.Server (Server.java:doStart(351)) - jetty-9.3.24.v20180605, build timestamp: 2018-06-05T17:11:56Z, git hash: 84205aa28f11a4f31f2a3b86d1bba2cc8ab69827
2019-09-06 01:32:25,317 [main] INFO  handler.ContextHandler (ContextHandler.java:doStart(781)) - Started o.e.j.s.ServletContextHandler@c755b2{/logs,file:///workdir/hadoop-ozone/integration-test/target/log,AVAILABLE}
2019-09-06 01:32:25,317 [main] INFO  handler.ContextHandler (ContextHandler.java:doStart(781)) - Started o.e.j.s.ServletContextHandler@250a500b{/static,jar:file:/home/user/.m2/repository/org/apache/hadoop/hadoop-hdds-container-service/0.5.0-SNAPSHOT/hadoop-hdds-container-service-0.5.0-SNAPSHOT.jar!/webapps/static,AVAILABLE}
2019-09-06 01:32:25,346 [main] INFO  handler.ContextHandler (ContextHandler.java:doStart(781)) - Started o.e.j.w.WebAppContext@6ad16c5d{/,file:///tmp/jetty-0.0.0.0-40430-hddsDatanode-_-any-3037854216554176077.dir/webapp/,AVAILABLE}{/hddsDatanode}
2019-09-06 01:32:25,348 [main] INFO  server.AbstractConnector (AbstractConnector.java:doStart(278)) - Started ServerConnector@74ea46e2{HTTP/1.1,[http/1.1]}{0.0.0.0:40430}
2019-09-06 01:32:25,349 [main] INFO  server.Server (Server.java:doStart(419)) - Started @7766ms
2019-09-06 01:32:25,349 [main] WARN  impl.MetricsSystemImpl (MetricsSystemImpl.java:register(276)) - Sink prometheus already exists!
2019-09-06 01:32:25,350 [main] INFO  server.BaseHttpServer (BaseHttpServer.java:updateConnectorAddress(215)) - HTTP server of HDDSDATANODE is listening at http://0.0.0.0:40430
2019-09-06 01:32:25,350 [main] INFO  impl.MetricsSystemImpl (MetricsSystemImpl.java:init(158)) - HddsDatanode metrics system started (again)
2019-09-06 01:32:25,355 [main] INFO  ozone.HddsDatanodeService (HddsDatanodeService.java:start(184)) - HddsDatanodeService host:pr-hdds-2015-4zh84-2711163145 ip:192.168.5.177
2019-09-06 01:32:25,356 [org.apache.hadoop.util.JvmPauseMonitor$Monitor@111b7aaa] INFO  util.JvmPauseMonitor (JvmPauseMonitor.java:run(188)) - Starting JVM pause monitor
2019-09-06 01:32:25,359 [Datanode State Machine Thread - 0] INFO  datanode.InitDatanodeState (InitDatanodeState.java:persistContainerDatanodeDetails(140)) - DatanodeDetails is persisted to /workdir/hadoop-ozone/integration-test/target/test-dir/MiniOzoneClusterImpl-b0be7eb2-cfe3-45ae-8723-bdb0b594c12d/datanode-5/meta/datanode.id
2019-09-06 01:32:25,365 [main] INFO  volume.HddsVolume (HddsVolume.java:<init>(176)) - Creating Volume: /workdir/hadoop-ozone/integration-test/target/test-dir/MiniOzoneClusterImpl-b0be7eb2-cfe3-45ae-8723-bdb0b594c12d/datanode-6/data/containers/hdds of  storage type : DISK and capacity : 1482555576320
2019-09-06 01:32:25,366 [main] INFO  volume.VolumeSet (VolumeSet.java:initializeVolumeSet(170)) - Added Volume : /workdir/hadoop-ozone/integration-test/target/test-dir/MiniOzoneClusterImpl-b0be7eb2-cfe3-45ae-8723-bdb0b594c12d/datanode-6/data/containers/hdds to VolumeSet
2019-09-06 01:32:25,367 [main] INFO  volume.ThrottledAsyncChecker (ThrottledAsyncChecker.java:schedule(140)) - Scheduling a check for org.apache.hadoop.ozone.container.common.volume.HddsVolume@ccf91df
2019-09-06 01:32:25,367 [main] INFO  volume.HddsVolumeChecker (HddsVolumeChecker.java:checkAllVolumes(203)) - Scheduled health check for volume org.apache.hadoop.ozone.container.common.volume.HddsVolume@ccf91df
2019-09-06 01:32:25,389 [main] INFO  impl.RaftServerProxy (ConfUtils.java:logGet(43)) - raft.rpc.type = GRPC (default)
2019-09-06 01:32:25,389 [main] INFO  grpc.GrpcFactory (GrpcFactory.java:checkPooledByteBufAllocatorUseCacheForAllThreads(45)) - PERFORMANCE WARNING: useCacheForAllThreads is true that may cause Netty to create a lot garbage objects and, as a result, trigger GC.
	It is recommended to disable useCacheForAllThreads by setting -Dorg.apache.ratis.thirdparty.io.netty.allocator.useCacheForAllThreads=false in command line.
2019-09-06 01:32:25,390 [main] INFO  grpc.GrpcConfigKeys$Server (ConfUtils.java:logGet(43)) - raft.grpc.server.port = 0 (default)
2019-09-06 01:32:25,390 [main] INFO  server.GrpcService (ConfUtils.java:logGet(43)) - raft.grpc.message.size.max = 33570816 (custom)
2019-09-06 01:32:25,390 [main] INFO  server.RaftServerConfigKeys (ConfUtils.java:logGet(43)) - raft.server.log.appender.buffer.byte-limit = 33554432 (custom)
2019-09-06 01:32:25,391 [main] INFO  server.GrpcService (ConfUtils.java:logGet(43)) - raft.grpc.flow.control.window = 1MB (=1048576) (default)
2019-09-06 01:32:25,391 [main] INFO  server.RaftServerConfigKeys (ConfUtils.java:logGet(43)) - raft.server.rpc.request.timeout = 3000ms (default)
2019-09-06 01:32:25,392 [main] INFO  server.RaftServerConfigKeys (ConfUtils.java:logGet(43)) - raft.server.storage.dir = [/workdir/hadoop-ozone/integration-test/target/test-dir/MiniOzoneClusterImpl-b0be7eb2-cfe3-45ae-8723-bdb0b594c12d/datanode-6/data/ratis] (custom)
2019-09-06 01:32:25,395 [main] INFO  hdfs.DFSUtil (DFSUtil.java:httpServerTemplateForNNAndJN(1641)) - Starting Web-server for hddsDatanode at: http://0.0.0.0:0
2019-09-06 01:32:25,396 [main] INFO  server.AuthenticationFilter (AuthenticationFilter.java:constructSecretProvider(240)) - Unable to initialize FileSignerSecretProvider, falling back to use random secrets.
2019-09-06 01:32:25,397 [main] WARN  http.HttpRequestLog (HttpRequestLog.java:getRequestLog(97)) - Jetty request log can only be enabled using Log4j
2019-09-06 01:32:25,399 [main] INFO  http.HttpServer2 (HttpServer2.java:addGlobalFilter(975)) - Added global filter 'safety' (class=org.apache.hadoop.http.HttpServer2$QuotingInputFilter)
2019-09-06 01:32:25,399 [main] INFO  http.HttpServer2 (HttpServer2.java:addFilter(948)) - Added filter static_user_filter (class=org.apache.hadoop.http.lib.StaticUserWebFilter$StaticUserFilter) to context hddsDatanode
2019-09-06 01:32:25,400 [main] INFO  http.HttpServer2 (HttpServer2.java:addFilter(958)) - Added filter static_user_filter (class=org.apache.hadoop.http.lib.StaticUserWebFilter$StaticUserFilter) to context static
2019-09-06 01:32:25,400 [main] INFO  http.HttpServer2 (HttpServer2.java:addFilter(958)) - Added filter static_user_filter (class=org.apache.hadoop.http.lib.StaticUserWebFilter$StaticUserFilter) to context logs
2019-09-06 01:32:25,401 [main] INFO  http.HttpServer2 (HttpServer2.java:bindListener(1191)) - Jetty bound to port 36202
2019-09-06 01:32:25,401 [main] INFO  server.Server (Server.java:doStart(351)) - jetty-9.3.24.v20180605, build timestamp: 2018-06-05T17:11:56Z, git hash: 84205aa28f11a4f31f2a3b86d1bba2cc8ab69827
2019-09-06 01:32:25,403 [main] INFO  handler.ContextHandler (ContextHandler.java:doStart(781)) - Started o.e.j.s.ServletContextHandler@77bb48d5{/logs,file:///workdir/hadoop-ozone/integration-test/target/log,AVAILABLE}
2019-09-06 01:32:25,403 [main] INFO  handler.ContextHandler (ContextHandler.java:doStart(781)) - Started o.e.j.s.ServletContextHandler@12d5c30e{/static,jar:file:/home/user/.m2/repository/org/apache/hadoop/hadoop-hdds-container-service/0.5.0-SNAPSHOT/hadoop-hdds-container-service-0.5.0-SNAPSHOT.jar!/webapps/static,AVAILABLE}
2019-09-06 01:32:25,433 [main] INFO  handler.ContextHandler (ContextHandler.java:doStart(781)) - Started o.e.j.w.WebAppContext@1f346ad2{/,file:///tmp/jetty-0.0.0.0-36202-hddsDatanode-_-any-7566989510792625820.dir/webapp/,AVAILABLE}{/hddsDatanode}
2019-09-06 01:32:25,435 [main] INFO  server.AbstractConnector (AbstractConnector.java:doStart(278)) - Started ServerConnector@46a145ba{HTTP/1.1,[http/1.1]}{0.0.0.0:36202}
2019-09-06 01:32:25,435 [main] INFO  server.Server (Server.java:doStart(419)) - Started @7852ms
2019-09-06 01:32:25,435 [main] WARN  impl.MetricsSystemImpl (MetricsSystemImpl.java:register(276)) - Sink prometheus already exists!
2019-09-06 01:32:25,436 [main] INFO  server.BaseHttpServer (BaseHttpServer.java:updateConnectorAddress(215)) - HTTP server of HDDSDATANODE is listening at http://0.0.0.0:36202
2019-09-06 01:32:25,438 [main] INFO  ozone.MiniOzoneClusterImpl (MiniOzoneClusterImpl.java:lambda$waitForClusterToBeReady$0(140)) - Waiting for cluster to be ready. Got 0 of 7 DN Heartbeats.
2019-09-06 01:32:25,438 [org.apache.hadoop.util.JvmPauseMonitor$Monitor@557b15c6] INFO  util.JvmPauseMonitor (JvmPauseMonitor.java:run(188)) - Starting JVM pause monitor
2019-09-06 01:32:25,441 [Datanode State Machine Thread - 0] INFO  datanode.InitDatanodeState (InitDatanodeState.java:persistContainerDatanodeDetails(140)) - DatanodeDetails is persisted to /workdir/hadoop-ozone/integration-test/target/test-dir/MiniOzoneClusterImpl-b0be7eb2-cfe3-45ae-8723-bdb0b594c12d/datanode-6/meta/datanode.id
2019-09-06 01:32:26,438 [main] INFO  ozone.MiniOzoneClusterImpl (MiniOzoneClusterImpl.java:lambda$waitForClusterToBeReady$0(140)) - Waiting for cluster to be ready. Got 0 of 7 DN Heartbeats.
2019-09-06 01:32:27,065 [Datanode State Machine Thread - 0] INFO  ozoneimpl.OzoneContainer (OzoneContainer.java:start(201)) - Attempting to start container services.
2019-09-06 01:32:27,067 [Datanode State Machine Thread - 0] INFO  ozoneimpl.OzoneContainer (OzoneContainer.java:startContainerScrub(175)) - Background container scrubber has been disabled by hdds.containerscrub.enabled
2019-09-06 01:32:27,068 [Datanode State Machine Thread - 0] INFO  ratis.XceiverServerRatis (XceiverServerRatis.java:start(393)) - Starting XceiverServerRatis 6c86c079-35fe-41a5-81ad-74bc67566282 at port 0
2019-09-06 01:32:27,082 [Datanode State Machine Thread - 0] INFO  ozoneimpl.OzoneContainer (OzoneContainer.java:start(201)) - Attempting to start container services.
2019-09-06 01:32:27,087 [Datanode State Machine Thread - 0] INFO  ozoneimpl.OzoneContainer (OzoneContainer.java:startContainerScrub(175)) - Background container scrubber has been disabled by hdds.containerscrub.enabled
2019-09-06 01:32:27,087 [Datanode State Machine Thread - 0] INFO  ratis.XceiverServerRatis (XceiverServerRatis.java:start(393)) - Starting XceiverServerRatis 464708cc-33c6-436e-95d3-9de97c0c1ce1 at port 0
2019-09-06 01:32:27,106 [Datanode State Machine Thread - 0] INFO  impl.RaftServerProxy (RaftServerProxy.java:lambda$start$3(299)) - 6c86c079-35fe-41a5-81ad-74bc67566282: start RPC server
2019-09-06 01:32:27,106 [Datanode State Machine Thread - 0] INFO  impl.RaftServerProxy (RaftServerProxy.java:lambda$start$3(299)) - 464708cc-33c6-436e-95d3-9de97c0c1ce1: start RPC server
2019-09-06 01:32:27,170 [Datanode State Machine Thread - 0] INFO  ozoneimpl.OzoneContainer (OzoneContainer.java:start(201)) - Attempting to start container services.
2019-09-06 01:32:27,176 [Datanode State Machine Thread - 0] INFO  ozoneimpl.OzoneContainer (OzoneContainer.java:startContainerScrub(175)) - Background container scrubber has been disabled by hdds.containerscrub.enabled
2019-09-06 01:32:27,176 [Datanode State Machine Thread - 0] INFO  ratis.XceiverServerRatis (XceiverServerRatis.java:start(393)) - Starting XceiverServerRatis 3617b605-ab9b-496e-bebe-b0470df29912 at port 0
2019-09-06 01:32:27,184 [Datanode State Machine Thread - 0] INFO  impl.RaftServerProxy (RaftServerProxy.java:lambda$start$3(299)) - 3617b605-ab9b-496e-bebe-b0470df29912: start RPC server
2019-09-06 01:32:27,239 [Datanode State Machine Thread - 0] INFO  ozoneimpl.OzoneContainer (OzoneContainer.java:start(201)) - Attempting to start container services.
2019-09-06 01:32:27,239 [Datanode State Machine Thread - 0] INFO  ozoneimpl.OzoneContainer (OzoneContainer.java:startContainerScrub(175)) - Background container scrubber has been disabled by hdds.containerscrub.enabled
2019-09-06 01:32:27,239 [Datanode State Machine Thread - 0] INFO  ratis.XceiverServerRatis (XceiverServerRatis.java:start(393)) - Starting XceiverServerRatis 870289ed-592e-405d-bfb3-05317591cb8f at port 0
2019-09-06 01:32:27,248 [Datanode State Machine Thread - 0] INFO  impl.RaftServerProxy (RaftServerProxy.java:lambda$start$3(299)) - 870289ed-592e-405d-bfb3-05317591cb8f: start RPC server
2019-09-06 01:32:27,296 [Datanode State Machine Thread - 0] INFO  server.GrpcService (GrpcService.java:startImpl(149)) - 3617b605-ab9b-496e-bebe-b0470df29912: GrpcService started, listening on 0.0.0.0/0.0.0.0:33995
2019-09-06 01:32:27,296 [Datanode State Machine Thread - 0] INFO  server.GrpcService (GrpcService.java:startImpl(149)) - 870289ed-592e-405d-bfb3-05317591cb8f: GrpcService started, listening on 0.0.0.0/0.0.0.0:44996
2019-09-06 01:32:27,297 [Datanode State Machine Thread - 0] INFO  ratis.XceiverServerRatis (XceiverServerRatis.java:start(403)) - XceiverServerRatis 3617b605-ab9b-496e-bebe-b0470df29912 is started using port 33995
2019-09-06 01:32:27,296 [Datanode State Machine Thread - 0] INFO  server.GrpcService (GrpcService.java:startImpl(149)) - 6c86c079-35fe-41a5-81ad-74bc67566282: GrpcService started, listening on 0.0.0.0/0.0.0.0:32957
2019-09-06 01:32:27,296 [Datanode State Machine Thread - 0] INFO  server.GrpcService (GrpcService.java:startImpl(149)) - 464708cc-33c6-436e-95d3-9de97c0c1ce1: GrpcService started, listening on 0.0.0.0/0.0.0.0:35472
2019-09-06 01:32:27,298 [Datanode State Machine Thread - 0] INFO  ratis.XceiverServerRatis (XceiverServerRatis.java:start(403)) - XceiverServerRatis 6c86c079-35fe-41a5-81ad-74bc67566282 is started using port 32957
2019-09-06 01:32:27,298 [Datanode State Machine Thread - 0] INFO  ratis.XceiverServerRatis (XceiverServerRatis.java:start(403)) - XceiverServerRatis 870289ed-592e-405d-bfb3-05317591cb8f is started using port 44996
2019-09-06 01:32:27,298 [Datanode State Machine Thread - 0] INFO  ratis.XceiverServerRatis (XceiverServerRatis.java:start(403)) - XceiverServerRatis 464708cc-33c6-436e-95d3-9de97c0c1ce1 is started using port 35472
2019-09-06 01:32:27,305 [Datanode State Machine Thread - 0] INFO  ozoneimpl.OzoneContainer (OzoneContainer.java:start(201)) - Attempting to start container services.
2019-09-06 01:32:27,305 [Datanode State Machine Thread - 0] INFO  ozoneimpl.OzoneContainer (OzoneContainer.java:startContainerScrub(175)) - Background container scrubber has been disabled by hdds.containerscrub.enabled
2019-09-06 01:32:27,305 [Datanode State Machine Thread - 0] INFO  server.XceiverServerGrpc (XceiverServerGrpc.java:start(163)) - XceiverServerGrpc 3617b605-ab9b-496e-bebe-b0470df29912 is started using port 39695
2019-09-06 01:32:27,306 [Datanode State Machine Thread - 0] INFO  server.XceiverServerGrpc (XceiverServerGrpc.java:start(163)) - XceiverServerGrpc 870289ed-592e-405d-bfb3-05317591cb8f is started using port 38103
2019-09-06 01:32:27,306 [Datanode State Machine Thread - 0] INFO  ratis.XceiverServerRatis (XceiverServerRatis.java:start(393)) - Starting XceiverServerRatis 50b26e9d-6920-4041-a912-937090afad9d at port 0
2019-09-06 01:32:27,305 [Datanode State Machine Thread - 0] INFO  server.XceiverServerGrpc (XceiverServerGrpc.java:start(163)) - XceiverServerGrpc 6c86c079-35fe-41a5-81ad-74bc67566282 is started using port 36171
2019-09-06 01:32:27,305 [Datanode State Machine Thread - 0] INFO  server.XceiverServerGrpc (XceiverServerGrpc.java:start(163)) - XceiverServerGrpc 464708cc-33c6-436e-95d3-9de97c0c1ce1 is started using port 44364
2019-09-06 01:32:27,318 [Datanode State Machine Thread - 0] INFO  impl.RaftServerProxy (RaftServerProxy.java:lambda$start$3(299)) - 50b26e9d-6920-4041-a912-937090afad9d: start RPC server
2019-09-06 01:32:27,323 [Datanode State Machine Thread - 0] INFO  server.GrpcService (GrpcService.java:startImpl(149)) - 50b26e9d-6920-4041-a912-937090afad9d: GrpcService started, listening on 0.0.0.0/0.0.0.0:36666
2019-09-06 01:32:27,323 [Datanode State Machine Thread - 0] INFO  ratis.XceiverServerRatis (XceiverServerRatis.java:start(403)) - XceiverServerRatis 50b26e9d-6920-4041-a912-937090afad9d is started using port 36666
2019-09-06 01:32:27,326 [Datanode State Machine Thread - 0] INFO  server.XceiverServerGrpc (XceiverServerGrpc.java:start(163)) - XceiverServerGrpc 50b26e9d-6920-4041-a912-937090afad9d is started using port 39639
2019-09-06 01:32:27,373 [Datanode State Machine Thread - 0] INFO  ozoneimpl.OzoneContainer (OzoneContainer.java:start(201)) - Attempting to start container services.
2019-09-06 01:32:27,373 [Datanode State Machine Thread - 0] INFO  ozoneimpl.OzoneContainer (OzoneContainer.java:startContainerScrub(175)) - Background container scrubber has been disabled by hdds.containerscrub.enabled
2019-09-06 01:32:27,373 [Datanode State Machine Thread - 0] INFO  ratis.XceiverServerRatis (XceiverServerRatis.java:start(393)) - Starting XceiverServerRatis 7be35a96-8e2e-4c53-8e2e-7d6c240fb8db at port 0
2019-09-06 01:32:27,381 [Datanode State Machine Thread - 0] INFO  impl.RaftServerProxy (RaftServerProxy.java:lambda$start$3(299)) - 7be35a96-8e2e-4c53-8e2e-7d6c240fb8db: start RPC server
2019-09-06 01:32:27,385 [Datanode State Machine Thread - 0] INFO  server.GrpcService (GrpcService.java:startImpl(149)) - 7be35a96-8e2e-4c53-8e2e-7d6c240fb8db: GrpcService started, listening on 0.0.0.0/0.0.0.0:42031
2019-09-06 01:32:27,385 [Datanode State Machine Thread - 0] INFO  ratis.XceiverServerRatis (XceiverServerRatis.java:start(403)) - XceiverServerRatis 7be35a96-8e2e-4c53-8e2e-7d6c240fb8db is started using port 42031
2019-09-06 01:32:27,389 [Datanode State Machine Thread - 0] INFO  server.XceiverServerGrpc (XceiverServerGrpc.java:start(163)) - XceiverServerGrpc 7be35a96-8e2e-4c53-8e2e-7d6c240fb8db is started using port 44889
2019-09-06 01:32:27,440 [main] INFO  ozone.MiniOzoneClusterImpl (MiniOzoneClusterImpl.java:lambda$waitForClusterToBeReady$0(140)) - Waiting for cluster to be ready. Got 0 of 7 DN Heartbeats.
2019-09-06 01:32:27,458 [Datanode State Machine Thread - 0] INFO  ozoneimpl.OzoneContainer (OzoneContainer.java:start(201)) - Attempting to start container services.
2019-09-06 01:32:27,458 [Datanode State Machine Thread - 0] INFO  ozoneimpl.OzoneContainer (OzoneContainer.java:startContainerScrub(175)) - Background container scrubber has been disabled by hdds.containerscrub.enabled
2019-09-06 01:32:27,459 [Datanode State Machine Thread - 0] INFO  ratis.XceiverServerRatis (XceiverServerRatis.java:start(393)) - Starting XceiverServerRatis e75310ea-4816-4f3e-a8c1-6cfd6a55ab33 at port 0
2019-09-06 01:32:27,467 [Datanode State Machine Thread - 0] INFO  impl.RaftServerProxy (RaftServerProxy.java:lambda$start$3(299)) - e75310ea-4816-4f3e-a8c1-6cfd6a55ab33: start RPC server
2019-09-06 01:32:27,472 [Datanode State Machine Thread - 0] INFO  server.GrpcService (GrpcService.java:startImpl(149)) - e75310ea-4816-4f3e-a8c1-6cfd6a55ab33: GrpcService started, listening on 0.0.0.0/0.0.0.0:42178
2019-09-06 01:32:27,472 [Datanode State Machine Thread - 0] INFO  ratis.XceiverServerRatis (XceiverServerRatis.java:start(403)) - XceiverServerRatis e75310ea-4816-4f3e-a8c1-6cfd6a55ab33 is started using port 42178
2019-09-06 01:32:27,476 [Datanode State Machine Thread - 0] INFO  server.XceiverServerGrpc (XceiverServerGrpc.java:start(163)) - XceiverServerGrpc e75310ea-4816-4f3e-a8c1-6cfd6a55ab33 is started using port 43672
2019-09-06 01:32:28,441 [main] INFO  ozone.MiniOzoneClusterImpl (MiniOzoneClusterImpl.java:lambda$waitForClusterToBeReady$0(140)) - Waiting for cluster to be ready. Got 0 of 7 DN Heartbeats.
2019-09-06 01:32:29,016 [IPC Server handler 0 on 35215] INFO  net.NetworkTopology (NetworkTopologyImpl.java:add(110)) - Added a new node: /default-rack/6c86c079-35fe-41a5-81ad-74bc67566282
2019-09-06 01:32:29,017 [IPC Server handler 0 on 35215] INFO  node.SCMNodeManager (SCMNodeManager.java:register(266)) - Registered Data node : 6c86c079-35fe-41a5-81ad-74bc67566282{ip: 192.168.5.177, host: pr-hdds-2015-4zh84-2711163145, networkLocation: /default-rack, certSerialId: null}
2019-09-06 01:32:29,021 [EventQueue-NodeRegistrationContainerReportForDataNodeSafeModeRule] INFO  safemode.SCMSafeModeManager (DataNodeSafeModeRule.java:process(71)) - SCM in safe mode. 1 DataNodes registered, 1 required.
2019-09-06 01:32:29,022 [EventQueue-NodeRegistrationContainerReportForDataNodeSafeModeRule] INFO  safemode.SCMSafeModeManager (SCMSafeModeManager.java:validateSafeModeExitRules(177)) - ScmSafeModeManager, all rules are successfully validated
2019-09-06 01:32:29,022 [EventQueue-NodeRegistrationContainerReportForDataNodeSafeModeRule] INFO  safemode.SCMSafeModeManager (SCMSafeModeManager.java:exitSafeMode(193)) - SCM exiting safe mode.
2019-09-06 01:32:29,063 [IPC Server handler 3 on 35215] INFO  net.NetworkTopology (NetworkTopologyImpl.java:add(110)) - Added a new node: /default-rack/464708cc-33c6-436e-95d3-9de97c0c1ce1
2019-09-06 01:32:29,063 [IPC Server handler 3 on 35215] INFO  node.SCMNodeManager (SCMNodeManager.java:register(266)) - Registered Data node : 464708cc-33c6-436e-95d3-9de97c0c1ce1{ip: 192.168.5.177, host: pr-hdds-2015-4zh84-2711163145, networkLocation: /default-rack, certSerialId: null}
2019-09-06 01:32:29,149 [IPC Server handler 4 on 35215] INFO  net.NetworkTopology (NetworkTopologyImpl.java:add(110)) - Added a new node: /default-rack/3617b605-ab9b-496e-bebe-b0470df29912
2019-09-06 01:32:29,150 [IPC Server handler 4 on 35215] INFO  node.SCMNodeManager (SCMNodeManager.java:register(266)) - Registered Data node : 3617b605-ab9b-496e-bebe-b0470df29912{ip: 192.168.5.177, host: pr-hdds-2015-4zh84-2711163145, networkLocation: /default-rack, certSerialId: null}
2019-09-06 01:32:29,220 [IPC Server handler 1 on 35215] INFO  net.NetworkTopology (NetworkTopologyImpl.java:add(110)) - Added a new node: /default-rack/870289ed-592e-405d-bfb3-05317591cb8f
2019-09-06 01:32:29,221 [IPC Server handler 1 on 35215] INFO  node.SCMNodeManager (SCMNodeManager.java:register(266)) - Registered Data node : 870289ed-592e-405d-bfb3-05317591cb8f{ip: 192.168.5.177, host: pr-hdds-2015-4zh84-2711163145, networkLocation: /default-rack, certSerialId: null}
2019-09-06 01:32:29,285 [IPC Server handler 6 on 35215] INFO  net.NetworkTopology (NetworkTopologyImpl.java:add(110)) - Added a new node: /default-rack/50b26e9d-6920-4041-a912-937090afad9d
2019-09-06 01:32:29,285 [IPC Server handler 6 on 35215] INFO  node.SCMNodeManager (SCMNodeManager.java:register(266)) - Registered Data node : 50b26e9d-6920-4041-a912-937090afad9d{ip: 192.168.5.177, host: pr-hdds-2015-4zh84-2711163145, networkLocation: /default-rack, certSerialId: null}
2019-09-06 01:32:29,360 [IPC Server handler 5 on 35215] INFO  net.NetworkTopology (NetworkTopologyImpl.java:add(110)) - Added a new node: /default-rack/7be35a96-8e2e-4c53-8e2e-7d6c240fb8db
2019-09-06 01:32:29,361 [IPC Server handler 5 on 35215] INFO  node.SCMNodeManager (SCMNodeManager.java:register(266)) - Registered Data node : 7be35a96-8e2e-4c53-8e2e-7d6c240fb8db{ip: 192.168.5.177, host: pr-hdds-2015-4zh84-2711163145, networkLocation: /default-rack, certSerialId: null}
2019-09-06 01:32:29,448 [main] INFO  ozone.MiniOzoneClusterImpl (MiniOzoneClusterImpl.java:lambda$waitForClusterToBeReady$0(140)) - Waiting for cluster to be ready. Got 6 of 7 DN Heartbeats.
2019-09-06 01:32:29,451 [IPC Server handler 9 on 35215] INFO  net.NetworkTopology (NetworkTopologyImpl.java:add(110)) - Added a new node: /default-rack/e75310ea-4816-4f3e-a8c1-6cfd6a55ab33
2019-09-06 01:32:29,451 [IPC Server handler 9 on 35215] INFO  node.SCMNodeManager (SCMNodeManager.java:register(266)) - Registered Data node : e75310ea-4816-4f3e-a8c1-6cfd6a55ab33{ip: 192.168.5.177, host: pr-hdds-2015-4zh84-2711163145, networkLocation: /default-rack, certSerialId: null}
2019-09-06 01:32:29,587 [grpc-default-executor-0] INFO  impl.RaftServerProxy (RaftServerProxy.java:addNew(89)) - 6c86c079-35fe-41a5-81ad-74bc67566282: addNew group-3216EF3FDEC7:[6c86c079-35fe-41a5-81ad-74bc67566282:192.168.5.177:32957] returns group-3216EF3FDEC7:java.util.concurrent.CompletableFuture@2b75c6[Not completed]
2019-09-06 01:32:29,602 [pool-27-thread-1] INFO  impl.RaftServerImpl (RaftServerImpl.java:<init>(93)) - 6c86c079-35fe-41a5-81ad-74bc67566282: new RaftServerImpl for group-3216EF3FDEC7:[6c86c079-35fe-41a5-81ad-74bc67566282:192.168.5.177:32957] with ContainerStateMachine:uninitialized
2019-09-06 01:32:29,603 [pool-27-thread-1] INFO  server.RaftServerConfigKeys (ConfUtils.java:logGet(43)) - raft.server.rpc.timeout.min = 5s (custom)
2019-09-06 01:32:29,605 [pool-27-thread-1] INFO  server.RaftServerConfigKeys (ConfUtils.java:logGet(43)) - raft.server.rpc.timeout.max = 5200ms (custom)
2019-09-06 01:32:29,605 [pool-27-thread-1] INFO  server.RaftServerConfigKeys (ConfUtils.java:logGet(43)) - raft.server.rpcslowness.timeout = 120s (custom)
2019-09-06 01:32:29,606 [pool-27-thread-1] INFO  server.RaftServerConfigKeys (ConfUtils.java:logGet(43)) - raft.server.sleep.deviation.threshold = 300 (default)
2019-09-06 01:32:29,607 [pool-27-thread-1] INFO  server.RaftServerConfigKeys (ConfUtils.java:logGet(43)) - raft.server.log.appender.install.snapshot.enabled = false (custom)
2019-09-06 01:32:29,614 [pool-27-thread-1] INFO  impl.RaftServerImpl (ServerState.java:<init>(105)) - 6c86c079-35fe-41a5-81ad-74bc67566282:group-3216EF3FDEC7 ConfigurationManager, init=-1: [6c86c079-35fe-41a5-81ad-74bc67566282:192.168.5.177:32957], old=null, confs=<EMPTY_MAP>
2019-09-06 01:32:29,615 [pool-27-thread-1] INFO  server.RaftServerConfigKeys (ConfUtils.java:logGet(43)) - raft.server.storage.dir = [/workdir/hadoop-ozone/integration-test/target/test-dir/MiniOzoneClusterImpl-b0be7eb2-cfe3-45ae-8723-bdb0b594c12d/datanode-0/data/ratis] (custom)
2019-09-06 01:32:29,622 [pool-27-thread-1] INFO  storage.RaftStorageDirectory (RaftStorageDirectory.java:analyzeStorage(246)) - The storage directory /workdir/hadoop-ozone/integration-test/target/test-dir/MiniOzoneClusterImpl-b0be7eb2-cfe3-45ae-8723-bdb0b594c12d/datanode-0/data/ratis/9eae7f11-ee11-40d2-9ad1-3216ef3fdec7 does not exist. Creating ...
2019-09-06 01:32:30,239 [pool-27-thread-1] INFO  storage.RaftStorageDirectory (RaftStorageDirectory.java:tryLock(328)) - Lock on /workdir/hadoop-ozone/integration-test/target/test-dir/MiniOzoneClusterImpl-b0be7eb2-cfe3-45ae-8723-bdb0b594c12d/datanode-0/data/ratis/9eae7f11-ee11-40d2-9ad1-3216ef3fdec7/in_use.lock acquired by nodename 29060@pr-hdds-2015-4zh84-2711163145
2019-09-06 01:32:30,252 [pool-27-thread-1] INFO  storage.RaftStorage (RaftStorage.java:format(72)) - Storage directory /workdir/hadoop-ozone/integration-test/target/test-dir/MiniOzoneClusterImpl-b0be7eb2-cfe3-45ae-8723-bdb0b594c12d/datanode-0/data/ratis/9eae7f11-ee11-40d2-9ad1-3216ef3fdec7 has been successfully formatted.
2019-09-06 01:32:30,254 [pool-27-thread-1] INFO  ratis.ContainerStateMachine (ContainerStateMachine.java:loadSnapshot(227)) - group-3216EF3FDEC7: The snapshot info is null. Setting the last applied indexto:(t:0, i:~)
2019-09-06 01:32:30,254 [pool-27-thread-1] INFO  server.RaftServerConfigKeys (ConfUtils.java:logGet(43)) - raft.server.leader.election.timeout = 120s (custom)
2019-09-06 01:32:30,257 [pool-27-thread-1] INFO  server.RaftServerConfigKeys (ConfUtils.java:logGet(43)) - raft.server.log.use.memory = false (default)
2019-09-06 01:32:30,264 [pool-27-thread-1] INFO  server.RaftServerConfigKeys (ConfUtils.java:logGet(43)) - raft.server.log.purge.gap = 1000000 (custom)
2019-09-06 01:32:30,264 [pool-27-thread-1] INFO  server.RaftServerConfigKeys (ConfUtils.java:logGet(43)) - raft.server.log.appender.buffer.byte-limit = 33554432 (custom)
2019-09-06 01:32:30,270 [pool-27-thread-1] INFO  server.RaftServerConfigKeys (ConfUtils.java:logGet(43)) - raft.server.log.segment.size.max = 1048576 (custom)
2019-09-06 01:32:30,275 [pool-27-thread-1] INFO  server.RaftServerConfigKeys (ConfUtils.java:logGet(43)) - raft.server.log.segment.cache.num.max = 2 (custom)
2019-09-06 01:32:30,282 [pool-27-thread-1] INFO  segmented.SegmentedRaftLogWorker (SegmentedRaftLogWorker.java:<init>(172)) - new 6c86c079-35fe-41a5-81ad-74bc67566282-SegmentedRaftLogWorker:Storage Directory /workdir/hadoop-ozone/integration-test/target/test-dir/MiniOzoneClusterImpl-b0be7eb2-cfe3-45ae-8723-bdb0b594c12d/datanode-0/data/ratis/9eae7f11-ee11-40d2-9ad1-3216ef3fdec7 for RaftStorage:Storage Directory /workdir/hadoop-ozone/integration-test/target/test-dir/MiniOzoneClusterImpl-b0be7eb2-cfe3-45ae-8723-bdb0b594c12d/datanode-0/data/ratis/9eae7f11-ee11-40d2-9ad1-3216ef3fdec7
2019-09-06 01:32:30,301 [pool-27-thread-1] INFO  server.RaftServerConfigKeys (ConfUtils.java:logGet(43)) - raft.server.log.queue.byte-limit = 2147483647 (custom)
2019-09-06 01:32:30,302 [pool-27-thread-1] INFO  server.RaftServerConfigKeys (ConfUtils.java:logGet(43)) - raft.server.log.queue.element-limit = 1024 (custom)
2019-09-06 01:32:30,309 [pool-27-thread-1] INFO  server.RaftServerConfigKeys (ConfUtils.java:logGet(43)) - raft.server.log.segment.size.max = 1048576 (custom)
2019-09-06 01:32:30,310 [pool-27-thread-1] INFO  server.RaftServerConfigKeys (ConfUtils.java:logGet(43)) - raft.server.log.preallocated.size = 16384 (custom)
2019-09-06 01:32:30,310 [pool-27-thread-1] INFO  server.RaftServerConfigKeys (ConfUtils.java:logGet(43)) - raft.server.log.write.buffer.size = 33554432 (custom)
2019-09-06 01:32:30,311 [pool-27-thread-1] INFO  server.RaftServerConfigKeys (ConfUtils.java:logGet(43)) - raft.server.log.force.sync.num = 128 (default)
2019-09-06 01:32:30,312 [pool-27-thread-1] INFO  server.RaftServerConfigKeys (ConfUtils.java:logGet(43)) - raft.server.log.statemachine.data.sync = true (default)
2019-09-06 01:32:30,313 [pool-27-thread-1] INFO  server.RaftServerConfigKeys (ConfUtils.java:logGet(43)) - raft.server.log.statemachine.data.sync.timeout = 10s (default)
2019-09-06 01:32:30,313 [pool-27-thread-1] INFO  server.RaftServerConfigKeys (ConfUtils.java:logGet(43)) - raft.server.log.statemachine.data.sync.timeout.retry = -1 (default)
2019-09-06 01:32:30,329 [pool-27-thread-1] INFO  server.RaftServerConfigKeys (ConfUtils.java:logGet(43)) - raft.server.log.statemachine.data.caching.enabled = true (custom)
2019-09-06 01:32:30,351 [pool-27-thread-1] INFO  segmented.SegmentedRaftLogWorker (SegmentedRaftLogWorker.java:lambda$new$0(132)) - 6c86c079-35fe-41a5-81ad-74bc67566282-SegmentedRaftLogWorker:Storage Directory /workdir/hadoop-ozone/integration-test/target/test-dir/MiniOzoneClusterImpl-b0be7eb2-cfe3-45ae-8723-bdb0b594c12d/datanode-0/data/ratis/9eae7f11-ee11-40d2-9ad1-3216ef3fdec7: flushIndex: setUnconditionally 0 -> -1
2019-09-06 01:32:30,369 [pool-27-thread-1] INFO  server.RaftServerConfigKeys (ConfUtils.java:logGet(43)) - raft.server.snapshot.auto.trigger.enabled = true (custom)
2019-09-06 01:32:30,371 [pool-27-thread-1] INFO  server.RaftServerConfigKeys (ConfUtils.java:logGet(43)) - raft.server.snapshot.auto.trigger.threshold = 10000 (custom)
2019-09-06 01:32:30,374 [pool-27-thread-1] INFO  server.RaftServerConfigKeys (ConfUtils.java:logGet(43)) - raft.server.retrycache.expirytime = 600000ms (custom)
2019-09-06 01:32:30,425 [pool-27-thread-1] INFO  impl.RaftServerImpl (RaftServerImpl.java:start(180)) - 6c86c079-35fe-41a5-81ad-74bc67566282: start group-3216EF3FDEC7
2019-09-06 01:32:30,426 [pool-27-thread-1] INFO  impl.RaftServerImpl (RaftServerImpl.java:setRole(171)) - 6c86c079-35fe-41a5-81ad-74bc67566282:group-3216EF3FDEC7 changes role from null to FOLLOWER at term 0 for startAsFollower
2019-09-06 01:32:30,433 [pool-27-thread-1] INFO  impl.RoleInfo (RoleInfo.java:updateAndGet(143)) - 6c86c079-35fe-41a5-81ad-74bc67566282: start FollowerState
2019-09-06 01:32:30,437 [pool-27-thread-1] INFO  util.JmxRegister (JmxRegister.java:tryRegister(44)) - Successfully registered JMX Bean with object name Ratis:service=RaftServer,group=group-3216EF3FDEC7,id=6c86c079-35fe-41a5-81ad-74bc67566282
2019-09-06 01:32:30,448 [main] INFO  ozone.MiniOzoneClusterImpl (MiniOzoneClusterImpl.java:lambda$waitForClusterToBeReady$0(140)) - Cluster is ready. Got 7 of 7 DN Heartbeats.
2019-09-06 01:32:30,504 [RatisPipelineUtilsThread] INFO  pipeline.PipelineStateManager (PipelineStateManager.java:addPipeline(56)) - Created pipeline Pipeline[ Id: 9eae7f11-ee11-40d2-9ad1-3216ef3fdec7, Nodes: 6c86c079-35fe-41a5-81ad-74bc67566282{ip: 192.168.5.177, host: pr-hdds-2015-4zh84-2711163145, networkLocation: /default-rack, certSerialId: null}, Type:RATIS, Factor:ONE, State:OPEN]
2019-09-06 01:32:30,530 [grpc-default-executor-0] INFO  impl.RaftServerProxy (RaftServerProxy.java:addNew(89)) - 870289ed-592e-405d-bfb3-05317591cb8f: addNew group-E94525843AFB:[870289ed-592e-405d-bfb3-05317591cb8f:192.168.5.177:44996] returns group-E94525843AFB:java.util.concurrent.CompletableFuture@6cfaa898[Not completed]
2019-09-06 01:32:30,575 [pool-57-thread-1] INFO  impl.RaftServerImpl (RaftServerImpl.java:<init>(93)) - 870289ed-592e-405d-bfb3-05317591cb8f: new RaftServerImpl for group-E94525843AFB:[870289ed-592e-405d-bfb3-05317591cb8f:192.168.5.177:44996] with ContainerStateMachine:uninitialized
2019-09-06 01:32:30,576 [pool-57-thread-1] INFO  server.RaftServerConfigKeys (ConfUtils.java:logGet(43)) - raft.server.rpc.timeout.min = 5s (custom)
2019-09-06 01:32:30,577 [pool-57-thread-1] INFO  server.RaftServerConfigKeys (ConfUtils.java:logGet(43)) - raft.server.rpc.timeout.max = 5200ms (custom)
2019-09-06 01:32:30,577 [pool-57-thread-1] INFO  server.RaftServerConfigKeys (ConfUtils.java:logGet(43)) - raft.server.rpcslowness.timeout = 120s (custom)
2019-09-06 01:32:30,577 [pool-57-thread-1] INFO  server.RaftServerConfigKeys (ConfUtils.java:logGet(43)) - raft.server.sleep.deviation.threshold = 300 (default)
2019-09-06 01:32:30,577 [pool-57-thread-1] INFO  server.RaftServerConfigKeys (ConfUtils.java:logGet(43)) - raft.server.log.appender.install.snapshot.enabled = false (custom)
2019-09-06 01:32:30,577 [pool-57-thread-1] INFO  impl.RaftServerImpl (ServerState.java:<init>(105)) - 870289ed-592e-405d-bfb3-05317591cb8f:group-E94525843AFB ConfigurationManager, init=-1: [870289ed-592e-405d-bfb3-05317591cb8f:192.168.5.177:44996], old=null, confs=<EMPTY_MAP>
2019-09-06 01:32:30,577 [pool-57-thread-1] INFO  server.RaftServerConfigKeys (ConfUtils.java:logGet(43)) - raft.server.storage.dir = [/workdir/hadoop-ozone/integration-test/target/test-dir/MiniOzoneClusterImpl-b0be7eb2-cfe3-45ae-8723-bdb0b594c12d/datanode-3/data/ratis] (custom)
2019-09-06 01:32:30,578 [pool-57-thread-1] INFO  storage.RaftStorageDirectory (RaftStorageDirectory.java:analyzeStorage(246)) - The storage directory /workdir/hadoop-ozone/integration-test/target/test-dir/MiniOzoneClusterImpl-b0be7eb2-cfe3-45ae-8723-bdb0b594c12d/datanode-3/data/ratis/4ae5116d-d6cf-46a9-b7e0-e94525843afb does not exist. Creating ...
2019-09-06 01:32:30,669 [pool-57-thread-1] INFO  storage.RaftStorageDirectory (RaftStorageDirectory.java:tryLock(328)) - Lock on /workdir/hadoop-ozone/integration-test/target/test-dir/MiniOzoneClusterImpl-b0be7eb2-cfe3-45ae-8723-bdb0b594c12d/datanode-3/data/ratis/4ae5116d-d6cf-46a9-b7e0-e94525843afb/in_use.lock acquired by nodename 29060@pr-hdds-2015-4zh84-2711163145
2019-09-06 01:32:30,760 [pool-57-thread-1] INFO  storage.RaftStorage (RaftStorage.java:format(72)) - Storage directory /workdir/hadoop-ozone/integration-test/target/test-dir/MiniOzoneClusterImpl-b0be7eb2-cfe3-45ae-8723-bdb0b594c12d/datanode-3/data/ratis/4ae5116d-d6cf-46a9-b7e0-e94525843afb has been successfully formatted.
2019-09-06 01:32:30,762 [pool-57-thread-1] INFO  ratis.ContainerStateMachine (ContainerStateMachine.java:loadSnapshot(227)) - group-E94525843AFB: The snapshot info is null. Setting the last applied indexto:(t:0, i:~)
2019-09-06 01:32:30,763 [pool-57-thread-1] INFO  server.RaftServerConfigKeys (ConfUtils.java:logGet(43)) - raft.server.leader.election.timeout = 120s (custom)
2019-09-06 01:32:30,763 [pool-57-thread-1] INFO  server.RaftServerConfigKeys (ConfUtils.java:logGet(43)) - raft.server.log.use.memory = false (default)
2019-09-06 01:32:30,763 [pool-57-thread-1] INFO  server.RaftServerConfigKeys (ConfUtils.java:logGet(43)) - raft.server.log.purge.gap = 1000000 (custom)
2019-09-06 01:32:30,763 [pool-57-thread-1] INFO  server.RaftServerConfigKeys (ConfUtils.java:logGet(43)) - raft.server.log.appender.buffer.byte-limit = 33554432 (custom)
2019-09-06 01:32:30,764 [pool-57-thread-1] INFO  server.RaftServerConfigKeys (ConfUtils.java:logGet(43)) - raft.server.log.segment.size.max = 1048576 (custom)
2019-09-06 01:32:30,764 [pool-57-thread-1] INFO  server.RaftServerConfigKeys (ConfUtils.java:logGet(43)) - raft.server.log.segment.cache.num.max = 2 (custom)
2019-09-06 01:32:30,764 [pool-57-thread-1] INFO  segmented.SegmentedRaftLogWorker (SegmentedRaftLogWorker.java:<init>(172)) - new 870289ed-592e-405d-bfb3-05317591cb8f-SegmentedRaftLogWorker:Storage Directory /workdir/hadoop-ozone/integration-test/target/test-dir/MiniOzoneClusterImpl-b0be7eb2-cfe3-45ae-8723-bdb0b594c12d/datanode-3/data/ratis/4ae5116d-d6cf-46a9-b7e0-e94525843afb for RaftStorage:Storage Directory /workdir/hadoop-ozone/integration-test/target/test-dir/MiniOzoneClusterImpl-b0be7eb2-cfe3-45ae-8723-bdb0b594c12d/datanode-3/data/ratis/4ae5116d-d6cf-46a9-b7e0-e94525843afb
2019-09-06 01:32:30,765 [pool-57-thread-1] INFO  server.RaftServerConfigKeys (ConfUtils.java:logGet(43)) - raft.server.log.queue.byte-limit = 2147483647 (custom)
2019-09-06 01:32:30,765 [pool-57-thread-1] INFO  server.RaftServerConfigKeys (ConfUtils.java:logGet(43)) - raft.server.log.queue.element-limit = 1024 (custom)
2019-09-06 01:32:30,765 [pool-57-thread-1] INFO  server.RaftServerConfigKeys (ConfUtils.java:logGet(43)) - raft.server.log.segment.size.max = 1048576 (custom)
2019-09-06 01:32:30,766 [pool-57-thread-1] INFO  server.RaftServerConfigKeys (ConfUtils.java:logGet(43)) - raft.server.log.preallocated.size = 16384 (custom)
2019-09-06 01:32:30,766 [pool-57-thread-1] INFO  server.RaftServerConfigKeys (ConfUtils.java:logGet(43)) - raft.server.log.write.buffer.size = 33554432 (custom)
2019-09-06 01:32:30,766 [pool-57-thread-1] INFO  server.RaftServerConfigKeys (ConfUtils.java:logGet(43)) - raft.server.log.force.sync.num = 128 (default)
2019-09-06 01:32:30,766 [pool-57-thread-1] INFO  server.RaftServerConfigKeys (ConfUtils.java:logGet(43)) - raft.server.log.statemachine.data.sync = true (default)
2019-09-06 01:32:30,766 [pool-57-thread-1] INFO  server.RaftServerConfigKeys (ConfUtils.java:logGet(43)) - raft.server.log.statemachine.data.sync.timeout = 10s (default)
2019-09-06 01:32:30,766 [pool-57-thread-1] INFO  server.RaftServerConfigKeys (ConfUtils.java:logGet(43)) - raft.server.log.statemachine.data.sync.timeout.retry = -1 (default)
2019-09-06 01:32:30,767 [pool-57-thread-1] INFO  server.RaftServerConfigKeys (ConfUtils.java:logGet(43)) - raft.server.log.statemachine.data.caching.enabled = true (custom)
2019-09-06 01:32:30,767 [pool-57-thread-1] INFO  segmented.SegmentedRaftLogWorker (SegmentedRaftLogWorker.java:lambda$new$0(132)) - 870289ed-592e-405d-bfb3-05317591cb8f-SegmentedRaftLogWorker:Storage Directory /workdir/hadoop-ozone/integration-test/target/test-dir/MiniOzoneClusterImpl-b0be7eb2-cfe3-45ae-8723-bdb0b594c12d/datanode-3/data/ratis/4ae5116d-d6cf-46a9-b7e0-e94525843afb: flushIndex: setUnconditionally 0 -> -1
2019-09-06 01:32:30,767 [pool-57-thread-1] INFO  server.RaftServerConfigKeys (ConfUtils.java:logGet(43)) - raft.server.snapshot.auto.trigger.enabled = true (custom)
2019-09-06 01:32:30,767 [pool-57-thread-1] INFO  server.RaftServerConfigKeys (ConfUtils.java:logGet(43)) - raft.server.snapshot.auto.trigger.threshold = 10000 (custom)
2019-09-06 01:32:30,768 [pool-57-thread-1] INFO  server.RaftServerConfigKeys (ConfUtils.java:logGet(43)) - raft.server.retrycache.expirytime = 600000ms (custom)
2019-09-06 01:32:30,768 [pool-57-thread-1] INFO  impl.RaftServerImpl (RaftServerImpl.java:start(180)) - 870289ed-592e-405d-bfb3-05317591cb8f: start group-E94525843AFB
2019-09-06 01:32:30,768 [pool-57-thread-1] INFO  impl.RaftServerImpl (RaftServerImpl.java:setRole(171)) - 870289ed-592e-405d-bfb3-05317591cb8f:group-E94525843AFB changes role from null to FOLLOWER at term 0 for startAsFollower
2019-09-06 01:32:30,768 [pool-57-thread-1] INFO  impl.RoleInfo (RoleInfo.java:updateAndGet(143)) - 870289ed-592e-405d-bfb3-05317591cb8f: start FollowerState
2019-09-06 01:32:30,769 [pool-57-thread-1] INFO  util.JmxRegister (JmxRegister.java:tryRegister(44)) - Successfully registered JMX Bean with object name Ratis:service=RaftServer,group=group-E94525843AFB,id=870289ed-592e-405d-bfb3-05317591cb8f
2019-09-06 01:32:30,784 [RatisPipelineUtilsThread] INFO  pipeline.PipelineStateManager (PipelineStateManager.java:addPipeline(56)) - Created pipeline Pipeline[ Id: 4ae5116d-d6cf-46a9-b7e0-e94525843afb, Nodes: 870289ed-592e-405d-bfb3-05317591cb8f{ip: 192.168.5.177, host: pr-hdds-2015-4zh84-2711163145, networkLocation: /default-rack, certSerialId: null}, Type:RATIS, Factor:ONE, State:OPEN]
2019-09-06 01:32:30,809 [grpc-default-executor-0] INFO  impl.RaftServerProxy (RaftServerProxy.java:addNew(89)) - 464708cc-33c6-436e-95d3-9de97c0c1ce1: addNew group-DAB9625F52F8:[464708cc-33c6-436e-95d3-9de97c0c1ce1:192.168.5.177:35472] returns group-DAB9625F52F8:java.util.concurrent.CompletableFuture@678fbc89[Not completed]
2019-09-06 01:32:30,820 [pool-37-thread-1] INFO  impl.RaftServerImpl (RaftServerImpl.java:<init>(93)) - 464708cc-33c6-436e-95d3-9de97c0c1ce1: new RaftServerImpl for group-DAB9625F52F8:[464708cc-33c6-436e-95d3-9de97c0c1ce1:192.168.5.177:35472] with ContainerStateMachine:uninitialized
2019-09-06 01:32:30,821 [pool-37-thread-1] INFO  server.RaftServerConfigKeys (ConfUtils.java:logGet(43)) - raft.server.rpc.timeout.min = 5s (custom)
2019-09-06 01:32:30,821 [pool-37-thread-1] INFO  server.RaftServerConfigKeys (ConfUtils.java:logGet(43)) - raft.server.rpc.timeout.max = 5200ms (custom)
2019-09-06 01:32:30,821 [pool-37-thread-1] INFO  server.RaftServerConfigKeys (ConfUtils.java:logGet(43)) - raft.server.rpcslowness.timeout = 120s (custom)
2019-09-06 01:32:30,821 [pool-37-thread-1] INFO  server.RaftServerConfigKeys (ConfUtils.java:logGet(43)) - raft.server.sleep.deviation.threshold = 300 (default)
2019-09-06 01:32:30,821 [pool-37-thread-1] INFO  server.RaftServerConfigKeys (ConfUtils.java:logGet(43)) - raft.server.log.appender.install.snapshot.enabled = false (custom)
2019-09-06 01:32:30,821 [pool-37-thread-1] INFO  impl.RaftServerImpl (ServerState.java:<init>(105)) - 464708cc-33c6-436e-95d3-9de97c0c1ce1:group-DAB9625F52F8 ConfigurationManager, init=-1: [464708cc-33c6-436e-95d3-9de97c0c1ce1:192.168.5.177:35472], old=null, confs=<EMPTY_MAP>
2019-09-06 01:32:30,822 [pool-37-thread-1] INFO  server.RaftServerConfigKeys (ConfUtils.java:logGet(43)) - raft.server.storage.dir = [/workdir/hadoop-ozone/integration-test/target/test-dir/MiniOzoneClusterImpl-b0be7eb2-cfe3-45ae-8723-bdb0b594c12d/datanode-1/data/ratis] (custom)
2019-09-06 01:32:30,822 [pool-37-thread-1] INFO  storage.RaftStorageDirectory (RaftStorageDirectory.java:analyzeStorage(246)) - The storage directory /workdir/hadoop-ozone/integration-test/target/test-dir/MiniOzoneClusterImpl-b0be7eb2-cfe3-45ae-8723-bdb0b594c12d/datanode-1/data/ratis/1fec731f-8be9-4b98-a73e-dab9625f52f8 does not exist. Creating ...
2019-09-06 01:32:30,852 [pool-37-thread-1] INFO  storage.RaftStorageDirectory (RaftStorageDirectory.java:tryLock(328)) - Lock on /workdir/hadoop-ozone/integration-test/target/test-dir/MiniOzoneClusterImpl-b0be7eb2-cfe3-45ae-8723-bdb0b594c12d/datanode-1/data/ratis/1fec731f-8be9-4b98-a73e-dab9625f52f8/in_use.lock acquired by nodename 29060@pr-hdds-2015-4zh84-2711163145
2019-09-06 01:32:30,868 [pool-37-thread-1] INFO  storage.RaftStorage (RaftStorage.java:format(72)) - Storage directory /workdir/hadoop-ozone/integration-test/target/test-dir/MiniOzoneClusterImpl-b0be7eb2-cfe3-45ae-8723-bdb0b594c12d/datanode-1/data/ratis/1fec731f-8be9-4b98-a73e-dab9625f52f8 has been successfully formatted.
2019-09-06 01:32:30,869 [pool-37-thread-1] INFO  ratis.ContainerStateMachine (ContainerStateMachine.java:loadSnapshot(227)) - group-DAB9625F52F8: The snapshot info is null. Setting the last applied indexto:(t:0, i:~)
2019-09-06 01:32:30,869 [pool-37-thread-1] INFO  server.RaftServerConfigKeys (ConfUtils.java:logGet(43)) - raft.server.leader.election.timeout = 120s (custom)
2019-09-06 01:32:30,869 [pool-37-thread-1] INFO  server.RaftServerConfigKeys (ConfUtils.java:logGet(43)) - raft.server.log.use.memory = false (default)
2019-09-06 01:32:30,869 [pool-37-thread-1] INFO  server.RaftServerConfigKeys (ConfUtils.java:logGet(43)) - raft.server.log.purge.gap = 1000000 (custom)
2019-09-06 01:32:30,869 [pool-37-thread-1] INFO  server.RaftServerConfigKeys (ConfUtils.java:logGet(43)) - raft.server.log.appender.buffer.byte-limit = 33554432 (custom)
2019-09-06 01:32:30,869 [pool-37-thread-1] INFO  server.RaftServerConfigKeys (ConfUtils.java:logGet(43)) - raft.server.log.segment.size.max = 1048576 (custom)
2019-09-06 01:32:30,870 [pool-37-thread-1] INFO  server.RaftServerConfigKeys (ConfUtils.java:logGet(43)) - raft.server.log.segment.cache.num.max = 2 (custom)
2019-09-06 01:32:30,870 [pool-37-thread-1] INFO  segmented.SegmentedRaftLogWorker (SegmentedRaftLogWorker.java:<init>(172)) - new 464708cc-33c6-436e-95d3-9de97c0c1ce1-SegmentedRaftLogWorker:Storage Directory /workdir/hadoop-ozone/integration-test/target/test-dir/MiniOzoneClusterImpl-b0be7eb2-cfe3-45ae-8723-bdb0b594c12d/datanode-1/data/ratis/1fec731f-8be9-4b98-a73e-dab9625f52f8 for RaftStorage:Storage Directory /workdir/hadoop-ozone/integration-test/target/test-dir/MiniOzoneClusterImpl-b0be7eb2-cfe3-45ae-8723-bdb0b594c12d/datanode-1/data/ratis/1fec731f-8be9-4b98-a73e-dab9625f52f8
2019-09-06 01:32:30,870 [pool-37-thread-1] INFO  server.RaftServerConfigKeys (ConfUtils.java:logGet(43)) - raft.server.log.queue.byte-limit = 2147483647 (custom)
2019-09-06 01:32:30,870 [pool-37-thread-1] INFO  server.RaftServerConfigKeys (ConfUtils.java:logGet(43)) - raft.server.log.queue.element-limit = 1024 (custom)
2019-09-06 01:32:30,870 [pool-37-thread-1] INFO  server.RaftServerConfigKeys (ConfUtils.java:logGet(43)) - raft.server.log.segment.size.max = 1048576 (custom)
2019-09-06 01:32:30,870 [pool-37-thread-1] INFO  server.RaftServerConfigKeys (ConfUtils.java:logGet(43)) - raft.server.log.preallocated.size = 16384 (custom)
2019-09-06 01:32:30,871 [pool-37-thread-1] INFO  server.RaftServerConfigKeys (ConfUtils.java:logGet(43)) - raft.server.log.write.buffer.size = 33554432 (custom)
2019-09-06 01:32:30,871 [pool-37-thread-1] INFO  server.RaftServerConfigKeys (ConfUtils.java:logGet(43)) - raft.server.log.force.sync.num = 128 (default)
2019-09-06 01:32:30,871 [pool-37-thread-1] INFO  server.RaftServerConfigKeys (ConfUtils.java:logGet(43)) - raft.server.log.statemachine.data.sync = true (default)
2019-09-06 01:32:30,871 [pool-37-thread-1] INFO  server.RaftServerConfigKeys (ConfUtils.java:logGet(43)) - raft.server.log.statemachine.data.sync.timeout = 10s (default)
2019-09-06 01:32:30,871 [pool-37-thread-1] INFO  server.RaftServerConfigKeys (ConfUtils.java:logGet(43)) - raft.server.log.statemachine.data.sync.timeout.retry = -1 (default)
2019-09-06 01:32:30,872 [pool-37-thread-1] INFO  server.RaftServerConfigKeys (ConfUtils.java:logGet(43)) - raft.server.log.statemachine.data.caching.enabled = true (custom)
2019-09-06 01:32:30,872 [pool-37-thread-1] INFO  segmented.SegmentedRaftLogWorker (SegmentedRaftLogWorker.java:lambda$new$0(132)) - 464708cc-33c6-436e-95d3-9de97c0c1ce1-SegmentedRaftLogWorker:Storage Directory /workdir/hadoop-ozone/integration-test/target/test-dir/MiniOzoneClusterImpl-b0be7eb2-cfe3-45ae-8723-bdb0b594c12d/datanode-1/data/ratis/1fec731f-8be9-4b98-a73e-dab9625f52f8: flushIndex: setUnconditionally 0 -> -1
2019-09-06 01:32:30,872 [pool-37-thread-1] INFO  server.RaftServerConfigKeys (ConfUtils.java:logGet(43)) - raft.server.snapshot.auto.trigger.enabled = true (custom)
2019-09-06 01:32:30,872 [pool-37-thread-1] INFO  server.RaftServerConfigKeys (ConfUtils.java:logGet(43)) - raft.server.snapshot.auto.trigger.threshold = 10000 (custom)
2019-09-06 01:32:30,873 [pool-37-thread-1] INFO  server.RaftServerConfigKeys (ConfUtils.java:logGet(43)) - raft.server.retrycache.expirytime = 600000ms (custom)
2019-09-06 01:32:30,873 [pool-37-thread-1] INFO  impl.RaftServerImpl (RaftServerImpl.java:start(180)) - 464708cc-33c6-436e-95d3-9de97c0c1ce1: start group-DAB9625F52F8
2019-09-06 01:32:30,873 [pool-37-thread-1] INFO  impl.RaftServerImpl (RaftServerImpl.java:setRole(171)) - 464708cc-33c6-436e-95d3-9de97c0c1ce1:group-DAB9625F52F8 changes role from null to FOLLOWER at term 0 for startAsFollower
2019-09-06 01:32:30,873 [pool-37-thread-1] INFO  impl.RoleInfo (RoleInfo.java:updateAndGet(143)) - 464708cc-33c6-436e-95d3-9de97c0c1ce1: start FollowerState
2019-09-06 01:32:30,873 [pool-37-thread-1] INFO  util.JmxRegister (JmxRegister.java:tryRegister(44)) - Successfully registered JMX Bean with object name Ratis:service=RaftServer,group=group-DAB9625F52F8,id=464708cc-33c6-436e-95d3-9de97c0c1ce1
2019-09-06 01:32:30,885 [RatisPipelineUtilsThread] INFO  pipeline.PipelineStateManager (PipelineStateManager.java:addPipeline(56)) - Created pipeline Pipeline[ Id: 1fec731f-8be9-4b98-a73e-dab9625f52f8, Nodes: 464708cc-33c6-436e-95d3-9de97c0c1ce1{ip: 192.168.5.177, host: pr-hdds-2015-4zh84-2711163145, networkLocation: /default-rack, certSerialId: null}, Type:RATIS, Factor:ONE, State:OPEN]
2019-09-06 01:32:30,904 [grpc-default-executor-0] INFO  impl.RaftServerProxy (RaftServerProxy.java:addNew(89)) - e75310ea-4816-4f3e-a8c1-6cfd6a55ab33: addNew group-B25759F7BDE9:[e75310ea-4816-4f3e-a8c1-6cfd6a55ab33:192.168.5.177:42178] returns group-B25759F7BDE9:java.util.concurrent.CompletableFuture@2b0a93c9[Not completed]
2019-09-06 01:32:30,908 [pool-87-thread-1] INFO  impl.RaftServerImpl (RaftServerImpl.java:<init>(93)) - e75310ea-4816-4f3e-a8c1-6cfd6a55ab33: new RaftServerImpl for group-B25759F7BDE9:[e75310ea-4816-4f3e-a8c1-6cfd6a55ab33:192.168.5.177:42178] with ContainerStateMachine:uninitialized
2019-09-06 01:32:30,908 [pool-87-thread-1] INFO  server.RaftServerConfigKeys (ConfUtils.java:logGet(43)) - raft.server.rpc.timeout.min = 5s (custom)
2019-09-06 01:32:30,908 [pool-87-thread-1] INFO  server.RaftServerConfigKeys (ConfUtils.java:logGet(43)) - raft.server.rpc.timeout.max = 5200ms (custom)
2019-09-06 01:32:30,909 [pool-87-thread-1] INFO  server.RaftServerConfigKeys (ConfUtils.java:logGet(43)) - raft.server.rpcslowness.timeout = 120s (custom)
2019-09-06 01:32:30,909 [pool-87-thread-1] INFO  server.RaftServerConfigKeys (ConfUtils.java:logGet(43)) - raft.server.sleep.deviation.threshold = 300 (default)
2019-09-06 01:32:30,909 [pool-87-thread-1] INFO  server.RaftServerConfigKeys (ConfUtils.java:logGet(43)) - raft.server.log.appender.install.snapshot.enabled = false (custom)
2019-09-06 01:32:30,909 [pool-87-thread-1] INFO  impl.RaftServerImpl (ServerState.java:<init>(105)) - e75310ea-4816-4f3e-a8c1-6cfd6a55ab33:group-B25759F7BDE9 ConfigurationManager, init=-1: [e75310ea-4816-4f3e-a8c1-6cfd6a55ab33:192.168.5.177:42178], old=null, confs=<EMPTY_MAP>
2019-09-06 01:32:30,909 [pool-87-thread-1] INFO  server.RaftServerConfigKeys (ConfUtils.java:logGet(43)) - raft.server.storage.dir = [/workdir/hadoop-ozone/integration-test/target/test-dir/MiniOzoneClusterImpl-b0be7eb2-cfe3-45ae-8723-bdb0b594c12d/datanode-6/data/ratis] (custom)
2019-09-06 01:32:30,910 [pool-87-thread-1] INFO  storage.RaftStorageDirectory (RaftStorageDirectory.java:analyzeStorage(246)) - The storage directory /workdir/hadoop-ozone/integration-test/target/test-dir/MiniOzoneClusterImpl-b0be7eb2-cfe3-45ae-8723-bdb0b594c12d/datanode-6/data/ratis/5ea2b0fa-44cf-4c31-9b5d-b25759f7bde9 does not exist. Creating ...
2019-09-06 01:32:30,926 [pool-87-thread-1] INFO  storage.RaftStorageDirectory (RaftStorageDirectory.java:tryLock(328)) - Lock on /workdir/hadoop-ozone/integration-test/target/test-dir/MiniOzoneClusterImpl-b0be7eb2-cfe3-45ae-8723-bdb0b594c12d/datanode-6/data/ratis/5ea2b0fa-44cf-4c31-9b5d-b25759f7bde9/in_use.lock acquired by nodename 29060@pr-hdds-2015-4zh84-2711163145
2019-09-06 01:32:30,960 [pool-87-thread-1] INFO  storage.RaftStorage (RaftStorage.java:format(72)) - Storage directory /workdir/hadoop-ozone/integration-test/target/test-dir/MiniOzoneClusterImpl-b0be7eb2-cfe3-45ae-8723-bdb0b594c12d/datanode-6/data/ratis/5ea2b0fa-44cf-4c31-9b5d-b25759f7bde9 has been successfully formatted.
2019-09-06 01:32:30,961 [pool-87-thread-1] INFO  ratis.ContainerStateMachine (ContainerStateMachine.java:loadSnapshot(227)) - group-B25759F7BDE9: The snapshot info is null. Setting the last applied indexto:(t:0, i:~)
2019-09-06 01:32:30,961 [pool-87-thread-1] INFO  server.RaftServerConfigKeys (ConfUtils.java:logGet(43)) - raft.server.leader.election.timeout = 120s (custom)
2019-09-06 01:32:30,961 [pool-87-thread-1] INFO  server.RaftServerConfigKeys (ConfUtils.java:logGet(43)) - raft.server.log.use.memory = false (default)
2019-09-06 01:32:30,961 [pool-87-thread-1] INFO  server.RaftServerConfigKeys (ConfUtils.java:logGet(43)) - raft.server.log.purge.gap = 1000000 (custom)
2019-09-06 01:32:30,961 [pool-87-thread-1] INFO  server.RaftServerConfigKeys (ConfUtils.java:logGet(43)) - raft.server.log.appender.buffer.byte-limit = 33554432 (custom)
2019-09-06 01:32:30,961 [pool-87-thread-1] INFO  server.RaftServerConfigKeys (ConfUtils.java:logGet(43)) - raft.server.log.segment.size.max = 1048576 (custom)
2019-09-06 01:32:30,961 [pool-87-thread-1] INFO  server.RaftServerConfigKeys (ConfUtils.java:logGet(43)) - raft.server.log.segment.cache.num.max = 2 (custom)
2019-09-06 01:32:30,962 [pool-87-thread-1] INFO  segmented.SegmentedRaftLogWorker (SegmentedRaftLogWorker.java:<init>(172)) - new e75310ea-4816-4f3e-a8c1-6cfd6a55ab33-SegmentedRaftLogWorker:Storage Directory /workdir/hadoop-ozone/integration-test/target/test-dir/MiniOzoneClusterImpl-b0be7eb2-cfe3-45ae-8723-bdb0b594c12d/datanode-6/data/ratis/5ea2b0fa-44cf-4c31-9b5d-b25759f7bde9 for RaftStorage:Storage Directory /workdir/hadoop-ozone/integration-test/target/test-dir/MiniOzoneClusterImpl-b0be7eb2-cfe3-45ae-8723-bdb0b594c12d/datanode-6/data/ratis/5ea2b0fa-44cf-4c31-9b5d-b25759f7bde9
2019-09-06 01:32:30,962 [pool-87-thread-1] INFO  server.RaftServerConfigKeys (ConfUtils.java:logGet(43)) - raft.server.log.queue.byte-limit = 2147483647 (custom)
2019-09-06 01:32:30,962 [pool-87-thread-1] INFO  server.RaftServerConfigKeys (ConfUtils.java:logGet(43)) - raft.server.log.queue.element-limit = 1024 (custom)
2019-09-06 01:32:30,962 [pool-87-thread-1] INFO  server.RaftServerConfigKeys (ConfUtils.java:logGet(43)) - raft.server.log.segment.size.max = 1048576 (custom)
2019-09-06 01:32:30,962 [pool-87-thread-1] INFO  server.RaftServerConfigKeys (ConfUtils.java:logGet(43)) - raft.server.log.preallocated.size = 16384 (custom)
2019-09-06 01:32:30,962 [pool-87-thread-1] INFO  server.RaftServerConfigKeys (ConfUtils.java:logGet(43)) - raft.server.log.write.buffer.size = 33554432 (custom)
2019-09-06 01:32:30,963 [pool-87-thread-1] INFO  server.RaftServerConfigKeys (ConfUtils.java:logGet(43)) - raft.server.log.force.sync.num = 128 (default)
2019-09-06 01:32:30,963 [pool-87-thread-1] INFO  server.RaftServerConfigKeys (ConfUtils.java:logGet(43)) - raft.server.log.statemachine.data.sync = true (default)
2019-09-06 01:32:30,963 [pool-87-thread-1] INFO  server.RaftServerConfigKeys (ConfUtils.java:logGet(43)) - raft.server.log.statemachine.data.sync.timeout = 10s (default)
2019-09-06 01:32:30,963 [pool-87-thread-1] INFO  server.RaftServerConfigKeys (ConfUtils.java:logGet(43)) - raft.server.log.statemachine.data.sync.timeout.retry = -1 (default)
2019-09-06 01:32:30,963 [pool-87-thread-1] INFO  server.RaftServerConfigKeys (ConfUtils.java:logGet(43)) - raft.server.log.statemachine.data.caching.enabled = true (custom)
2019-09-06 01:32:30,964 [pool-87-thread-1] INFO  segmented.SegmentedRaftLogWorker (SegmentedRaftLogWorker.java:lambda$new$0(132)) - e75310ea-4816-4f3e-a8c1-6cfd6a55ab33-SegmentedRaftLogWorker:Storage Directory /workdir/hadoop-ozone/integration-test/target/test-dir/MiniOzoneClusterImpl-b0be7eb2-cfe3-45ae-8723-bdb0b594c12d/datanode-6/data/ratis/5ea2b0fa-44cf-4c31-9b5d-b25759f7bde9: flushIndex: setUnconditionally 0 -> -1
2019-09-06 01:32:30,964 [pool-87-thread-1] INFO  server.RaftServerConfigKeys (ConfUtils.java:logGet(43)) - raft.server.snapshot.auto.trigger.enabled = true (custom)
2019-09-06 01:32:30,964 [pool-87-thread-1] INFO  server.RaftServerConfigKeys (ConfUtils.java:logGet(43)) - raft.server.snapshot.auto.trigger.threshold = 10000 (custom)
2019-09-06 01:32:30,964 [pool-87-thread-1] INFO  server.RaftServerConfigKeys (ConfUtils.java:logGet(43)) - raft.server.retrycache.expirytime = 600000ms (custom)
2019-09-06 01:32:30,965 [pool-87-thread-1] INFO  impl.RaftServerImpl (RaftServerImpl.java:start(180)) - e75310ea-4816-4f3e-a8c1-6cfd6a55ab33: start group-B25759F7BDE9
2019-09-06 01:32:30,965 [pool-87-thread-1] INFO  impl.RaftServerImpl (RaftServerImpl.java:setRole(171)) - e75310ea-4816-4f3e-a8c1-6cfd6a55ab33:group-B25759F7BDE9 changes role from null to FOLLOWER at term 0 for startAsFollower
2019-09-06 01:32:30,965 [pool-87-thread-1] INFO  impl.RoleInfo (RoleInfo.java:updateAndGet(143)) - e75310ea-4816-4f3e-a8c1-6cfd6a55ab33: start FollowerState
2019-09-06 01:32:30,965 [pool-87-thread-1] INFO  util.JmxRegister (JmxRegister.java:tryRegister(44)) - Successfully registered JMX Bean with object name Ratis:service=RaftServer,group=group-B25759F7BDE9,id=e75310ea-4816-4f3e-a8c1-6cfd6a55ab33
2019-09-06 01:32:30,975 [RatisPipelineUtilsThread] INFO  pipeline.PipelineStateManager (PipelineStateManager.java:addPipeline(56)) - Created pipeline Pipeline[ Id: 5ea2b0fa-44cf-4c31-9b5d-b25759f7bde9, Nodes: e75310ea-4816-4f3e-a8c1-6cfd6a55ab33{ip: 192.168.5.177, host: pr-hdds-2015-4zh84-2711163145, networkLocation: /default-rack, certSerialId: null}, Type:RATIS, Factor:ONE, State:OPEN]
2019-09-06 01:32:30,999 [grpc-default-executor-0] INFO  impl.RaftServerProxy (RaftServerProxy.java:addNew(89)) - 3617b605-ab9b-496e-bebe-b0470df29912: addNew group-0A5FFE72EB0C:[3617b605-ab9b-496e-bebe-b0470df29912:192.168.5.177:33995] returns group-0A5FFE72EB0C:java.util.concurrent.CompletableFuture@26fbe9a8[Not completed]
2019-09-06 01:32:31,002 [pool-47-thread-1] INFO  impl.RaftServerImpl (RaftServerImpl.java:<init>(93)) - 3617b605-ab9b-496e-bebe-b0470df29912: new RaftServerImpl for group-0A5FFE72EB0C:[3617b605-ab9b-496e-bebe-b0470df29912:192.168.5.177:33995] with ContainerStateMachine:uninitialized
2019-09-06 01:32:31,002 [pool-47-thread-1] INFO  server.RaftServerConfigKeys (ConfUtils.java:logGet(43)) - raft.server.rpc.timeout.min = 5s (custom)
2019-09-06 01:32:31,002 [pool-47-thread-1] INFO  server.RaftServerConfigKeys (ConfUtils.java:logGet(43)) - raft.server.rpc.timeout.max = 5200ms (custom)
2019-09-06 01:32:31,002 [pool-47-thread-1] INFO  server.RaftServerConfigKeys (ConfUtils.java:logGet(43)) - raft.server.rpcslowness.timeout = 120s (custom)
2019-09-06 01:32:31,003 [pool-47-thread-1] INFO  server.RaftServerConfigKeys (ConfUtils.java:logGet(43)) - raft.server.sleep.deviation.threshold = 300 (default)
2019-09-06 01:32:31,003 [pool-47-thread-1] INFO  server.RaftServerConfigKeys (ConfUtils.java:logGet(43)) - raft.server.log.appender.install.snapshot.enabled = false (custom)
2019-09-06 01:32:31,003 [pool-47-thread-1] INFO  impl.RaftServerImpl (ServerState.java:<init>(105)) - 3617b605-ab9b-496e-bebe-b0470df29912:group-0A5FFE72EB0C ConfigurationManager, init=-1: [3617b605-ab9b-496e-bebe-b0470df29912:192.168.5.177:33995], old=null, confs=<EMPTY_MAP>
2019-09-06 01:32:31,003 [pool-47-thread-1] INFO  server.RaftServerConfigKeys (ConfUtils.java:logGet(43)) - raft.server.storage.dir = [/workdir/hadoop-ozone/integration-test/target/test-dir/MiniOzoneClusterImpl-b0be7eb2-cfe3-45ae-8723-bdb0b594c12d/datanode-2/data/ratis] (custom)
2019-09-06 01:32:31,003 [pool-47-thread-1] INFO  storage.RaftStorageDirectory (RaftStorageDirectory.java:analyzeStorage(246)) - The storage directory /workdir/hadoop-ozone/integration-test/target/test-dir/MiniOzoneClusterImpl-b0be7eb2-cfe3-45ae-8723-bdb0b594c12d/datanode-2/data/ratis/8b0cac8e-3ab4-4e17-9c78-0a5ffe72eb0c does not exist. Creating ...
2019-09-06 01:32:31,020 [main] INFO  rpc.RpcClient (RpcClient.java:createVolume(298)) - Creating Volume: testblockoutputstream, with jenkins1000 as owner.
2019-09-06 01:32:31,048 [pool-47-thread-1] INFO  storage.RaftStorageDirectory (RaftStorageDirectory.java:tryLock(328)) - Lock on /workdir/hadoop-ozone/integration-test/target/test-dir/MiniOzoneClusterImpl-b0be7eb2-cfe3-45ae-8723-bdb0b594c12d/datanode-2/data/ratis/8b0cac8e-3ab4-4e17-9c78-0a5ffe72eb0c/in_use.lock acquired by nodename 29060@pr-hdds-2015-4zh84-2711163145
2019-09-06 01:32:31,071 [main] INFO  rpc.RpcClient (RpcClient.java:createBucket(437)) - Creating Bucket: testblockoutputstream/testblockoutputstream, with Versioning false and Storage Type set to DISK and Encryption set to false 
2019-09-06 01:32:31,072 [pool-47-thread-1] INFO  storage.RaftStorage (RaftStorage.java:format(72)) - Storage directory /workdir/hadoop-ozone/integration-test/target/test-dir/MiniOzoneClusterImpl-b0be7eb2-cfe3-45ae-8723-bdb0b594c12d/datanode-2/data/ratis/8b0cac8e-3ab4-4e17-9c78-0a5ffe72eb0c has been successfully formatted.
2019-09-06 01:32:31,073 [pool-47-thread-1] INFO  ratis.ContainerStateMachine (ContainerStateMachine.java:loadSnapshot(227)) - group-0A5FFE72EB0C: The snapshot info is null. Setting the last applied indexto:(t:0, i:~)
2019-09-06 01:32:31,073 [pool-47-thread-1] INFO  server.RaftServerConfigKeys (ConfUtils.java:logGet(43)) - raft.server.leader.election.timeout = 120s (custom)
2019-09-06 01:32:31,073 [pool-47-thread-1] INFO  server.RaftServerConfigKeys (ConfUtils.java:logGet(43)) - raft.server.log.use.memory = false (default)
2019-09-06 01:32:31,073 [pool-47-thread-1] INFO  server.RaftServerConfigKeys (ConfUtils.java:logGet(43)) - raft.server.log.purge.gap = 1000000 (custom)
2019-09-06 01:32:31,073 [pool-47-thread-1] INFO  server.RaftServerConfigKeys (ConfUtils.java:logGet(43)) - raft.server.log.appender.buffer.byte-limit = 33554432 (custom)
2019-09-06 01:32:31,073 [pool-47-thread-1] INFO  server.RaftServerConfigKeys (ConfUtils.java:logGet(43)) - raft.server.log.segment.size.max = 1048576 (custom)
2019-09-06 01:32:31,073 [pool-47-thread-1] INFO  server.RaftServerConfigKeys (ConfUtils.java:logGet(43)) - raft.server.log.segment.cache.num.max = 2 (custom)
2019-09-06 01:32:31,074 [pool-47-thread-1] INFO  segmented.SegmentedRaftLogWorker (SegmentedRaftLogWorker.java:<init>(172)) - new 3617b605-ab9b-496e-bebe-b0470df29912-SegmentedRaftLogWorker:Storage Directory /workdir/hadoop-ozone/integration-test/target/test-dir/MiniOzoneClusterImpl-b0be7eb2-cfe3-45ae-8723-bdb0b594c12d/datanode-2/data/ratis/8b0cac8e-3ab4-4e17-9c78-0a5ffe72eb0c for RaftStorage:Storage Directory /workdir/hadoop-ozone/integration-test/target/test-dir/MiniOzoneClusterImpl-b0be7eb2-cfe3-45ae-8723-bdb0b594c12d/datanode-2/data/ratis/8b0cac8e-3ab4-4e17-9c78-0a5ffe72eb0c
2019-09-06 01:32:31,074 [pool-47-thread-1] INFO  server.RaftServerConfigKeys (ConfUtils.java:logGet(43)) - raft.server.log.queue.byte-limit = 2147483647 (custom)
2019-09-06 01:32:31,074 [pool-47-thread-1] INFO  server.RaftServerConfigKeys (ConfUtils.java:logGet(43)) - raft.server.log.queue.element-limit = 1024 (custom)
2019-09-06 01:32:31,074 [pool-47-thread-1] INFO  server.RaftServerConfigKeys (ConfUtils.java:logGet(43)) - raft.server.log.segment.size.max = 1048576 (custom)
2019-09-06 01:32:31,074 [pool-47-thread-1] INFO  server.RaftServerConfigKeys (ConfUtils.java:logGet(43)) - raft.server.log.preallocated.size = 16384 (custom)
2019-09-06 01:32:31,074 [pool-47-thread-1] INFO  server.RaftServerConfigKeys (ConfUtils.java:logGet(43)) - raft.server.log.write.buffer.size = 33554432 (custom)
2019-09-06 01:32:31,074 [pool-47-thread-1] INFO  server.RaftServerConfigKeys (ConfUtils.java:logGet(43)) - raft.server.log.force.sync.num = 128 (default)
2019-09-06 01:32:31,075 [pool-47-thread-1] INFO  server.RaftServerConfigKeys (ConfUtils.java:logGet(43)) - raft.server.log.statemachine.data.sync = true (default)
2019-09-06 01:32:31,075 [pool-47-thread-1] INFO  server.RaftServerConfigKeys (ConfUtils.java:logGet(43)) - raft.server.log.statemachine.data.sync.timeout = 10s (default)
2019-09-06 01:32:31,075 [pool-47-thread-1] INFO  server.RaftServerConfigKeys (ConfUtils.java:logGet(43)) - raft.server.log.statemachine.data.sync.timeout.retry = -1 (default)
2019-09-06 01:32:31,075 [pool-47-thread-1] INFO  server.RaftServerConfigKeys (ConfUtils.java:logGet(43)) - raft.server.log.statemachine.data.caching.enabled = true (custom)
2019-09-06 01:32:31,075 [pool-47-thread-1] INFO  segmented.SegmentedRaftLogWorker (SegmentedRaftLogWorker.java:lambda$new$0(132)) - 3617b605-ab9b-496e-bebe-b0470df29912-SegmentedRaftLogWorker:Storage Directory /workdir/hadoop-ozone/integration-test/target/test-dir/MiniOzoneClusterImpl-b0be7eb2-cfe3-45ae-8723-bdb0b594c12d/datanode-2/data/ratis/8b0cac8e-3ab4-4e17-9c78-0a5ffe72eb0c: flushIndex: setUnconditionally 0 -> -1
2019-09-06 01:32:31,076 [pool-47-thread-1] INFO  server.RaftServerConfigKeys (ConfUtils.java:logGet(43)) - raft.server.snapshot.auto.trigger.enabled = true (custom)
2019-09-06 01:32:31,076 [pool-47-thread-1] INFO  server.RaftServerConfigKeys (ConfUtils.java:logGet(43)) - raft.server.snapshot.auto.trigger.threshold = 10000 (custom)
2019-09-06 01:32:31,076 [pool-47-thread-1] INFO  server.RaftServerConfigKeys (ConfUtils.java:logGet(43)) - raft.server.retrycache.expirytime = 600000ms (custom)
2019-09-06 01:32:31,076 [pool-47-thread-1] INFO  impl.RaftServerImpl (RaftServerImpl.java:start(180)) - 3617b605-ab9b-496e-bebe-b0470df29912: start group-0A5FFE72EB0C
2019-09-06 01:32:31,076 [pool-47-thread-1] INFO  impl.RaftServerImpl (RaftServerImpl.java:setRole(171)) - 3617b605-ab9b-496e-bebe-b0470df29912:group-0A5FFE72EB0C changes role from null to FOLLOWER at term 0 for startAsFollower
2019-09-06 01:32:31,076 [pool-47-thread-1] INFO  impl.RoleInfo (RoleInfo.java:updateAndGet(143)) - 3617b605-ab9b-496e-bebe-b0470df29912: start FollowerState
2019-09-06 01:32:31,078 [pool-47-thread-1] INFO  util.JmxRegister (JmxRegister.java:tryRegister(44)) - Successfully registered JMX Bean with object name Ratis:service=RaftServer,group=group-0A5FFE72EB0C,id=3617b605-ab9b-496e-bebe-b0470df29912
2019-09-06 01:32:31,089 [RatisPipelineUtilsThread] INFO  pipeline.PipelineStateManager (PipelineStateManager.java:addPipeline(56)) - Created pipeline Pipeline[ Id: 8b0cac8e-3ab4-4e17-9c78-0a5ffe72eb0c, Nodes: 3617b605-ab9b-496e-bebe-b0470df29912{ip: 192.168.5.177, host: pr-hdds-2015-4zh84-2711163145, networkLocation: /default-rack, certSerialId: null}, Type:RATIS, Factor:ONE, State:OPEN]
2019-09-06 01:32:31,102 [main] INFO  impl.MetricsSystemImpl (MetricsSystemImpl.java:init(158)) - XceiverClientMetrics metrics system started (again)
2019-09-06 01:32:31,107 [grpc-default-executor-0] INFO  impl.RaftServerProxy (RaftServerProxy.java:addNew(89)) - 50b26e9d-6920-4041-a912-937090afad9d: addNew group-40AB1FEC5EB0:[50b26e9d-6920-4041-a912-937090afad9d:192.168.5.177:36666] returns group-40AB1FEC5EB0:java.util.concurrent.CompletableFuture@48446e5b[Not completed]
2019-09-06 01:32:31,112 [pool-67-thread-1] INFO  impl.RaftServerImpl (RaftServerImpl.java:<init>(93)) - 50b26e9d-6920-4041-a912-937090afad9d: new RaftServerImpl for group-40AB1FEC5EB0:[50b26e9d-6920-4041-a912-937090afad9d:192.168.5.177:36666] with ContainerStateMachine:uninitialized
2019-09-06 01:32:31,112 [pool-67-thread-1] INFO  server.RaftServerConfigKeys (ConfUtils.java:logGet(43)) - raft.server.rpc.timeout.min = 5s (custom)
2019-09-06 01:32:31,112 [pool-67-thread-1] INFO  server.RaftServerConfigKeys (ConfUtils.java:logGet(43)) - raft.server.rpc.timeout.max = 5200ms (custom)
2019-09-06 01:32:31,113 [pool-67-thread-1] INFO  server.RaftServerConfigKeys (ConfUtils.java:logGet(43)) - raft.server.rpcslowness.timeout = 120s (custom)
2019-09-06 01:32:31,114 [pool-67-thread-1] INFO  server.RaftServerConfigKeys (ConfUtils.java:logGet(43)) - raft.server.sleep.deviation.threshold = 300 (default)
2019-09-06 01:32:31,114 [pool-67-thread-1] INFO  server.RaftServerConfigKeys (ConfUtils.java:logGet(43)) - raft.server.log.appender.install.snapshot.enabled = false (custom)
2019-09-06 01:32:31,114 [pool-67-thread-1] INFO  impl.RaftServerImpl (ServerState.java:<init>(105)) - 50b26e9d-6920-4041-a912-937090afad9d:group-40AB1FEC5EB0 ConfigurationManager, init=-1: [50b26e9d-6920-4041-a912-937090afad9d:192.168.5.177:36666], old=null, confs=<EMPTY_MAP>
2019-09-06 01:32:31,114 [pool-67-thread-1] INFO  server.RaftServerConfigKeys (ConfUtils.java:logGet(43)) - raft.server.storage.dir = [/workdir/hadoop-ozone/integration-test/target/test-dir/MiniOzoneClusterImpl-b0be7eb2-cfe3-45ae-8723-bdb0b594c12d/datanode-4/data/ratis] (custom)
2019-09-06 01:32:31,114 [pool-67-thread-1] INFO  storage.RaftStorageDirectory (RaftStorageDirectory.java:analyzeStorage(246)) - The storage directory /workdir/hadoop-ozone/integration-test/target/test-dir/MiniOzoneClusterImpl-b0be7eb2-cfe3-45ae-8723-bdb0b594c12d/datanode-4/data/ratis/f0801c35-7b84-442d-8f19-40ab1fec5eb0 does not exist. Creating ...
2019-09-06 01:32:31,145 [pool-67-thread-1] INFO  storage.RaftStorageDirectory (RaftStorageDirectory.java:tryLock(328)) - Lock on /workdir/hadoop-ozone/integration-test/target/test-dir/MiniOzoneClusterImpl-b0be7eb2-cfe3-45ae-8723-bdb0b594c12d/datanode-4/data/ratis/f0801c35-7b84-442d-8f19-40ab1fec5eb0/in_use.lock acquired by nodename 29060@pr-hdds-2015-4zh84-2711163145
2019-09-06 01:32:31,178 [pool-67-thread-1] INFO  storage.RaftStorage (RaftStorage.java:format(72)) - Storage directory /workdir/hadoop-ozone/integration-test/target/test-dir/MiniOzoneClusterImpl-b0be7eb2-cfe3-45ae-8723-bdb0b594c12d/datanode-4/data/ratis/f0801c35-7b84-442d-8f19-40ab1fec5eb0 has been successfully formatted.
2019-09-06 01:32:31,179 [pool-67-thread-1] INFO  ratis.ContainerStateMachine (ContainerStateMachine.java:loadSnapshot(227)) - group-40AB1FEC5EB0: The snapshot info is null. Setting the last applied indexto:(t:0, i:~)
2019-09-06 01:32:31,179 [pool-67-thread-1] INFO  server.RaftServerConfigKeys (ConfUtils.java:logGet(43)) - raft.server.leader.election.timeout = 120s (custom)
2019-09-06 01:32:31,179 [pool-67-thread-1] INFO  server.RaftServerConfigKeys (ConfUtils.java:logGet(43)) - raft.server.log.use.memory = false (default)
2019-09-06 01:32:31,179 [pool-67-thread-1] INFO  server.RaftServerConfigKeys (ConfUtils.java:logGet(43)) - raft.server.log.purge.gap = 1000000 (custom)
2019-09-06 01:32:31,179 [pool-67-thread-1] INFO  server.RaftServerConfigKeys (ConfUtils.java:logGet(43)) - raft.server.log.appender.buffer.byte-limit = 33554432 (custom)
2019-09-06 01:32:31,179 [pool-67-thread-1] INFO  server.RaftServerConfigKeys (ConfUtils.java:logGet(43)) - raft.server.log.segment.size.max = 1048576 (custom)
2019-09-06 01:32:31,179 [pool-67-thread-1] INFO  server.RaftServerConfigKeys (ConfUtils.java:logGet(43)) - raft.server.log.segment.cache.num.max = 2 (custom)
2019-09-06 01:32:31,179 [pool-67-thread-1] INFO  segmented.SegmentedRaftLogWorker (SegmentedRaftLogWorker.java:<init>(172)) - new 50b26e9d-6920-4041-a912-937090afad9d-SegmentedRaftLogWorker:Storage Directory /workdir/hadoop-ozone/integration-test/target/test-dir/MiniOzoneClusterImpl-b0be7eb2-cfe3-45ae-8723-bdb0b594c12d/datanode-4/data/ratis/f0801c35-7b84-442d-8f19-40ab1fec5eb0 for RaftStorage:Storage Directory /workdir/hadoop-ozone/integration-test/target/test-dir/MiniOzoneClusterImpl-b0be7eb2-cfe3-45ae-8723-bdb0b594c12d/datanode-4/data/ratis/f0801c35-7b84-442d-8f19-40ab1fec5eb0
2019-09-06 01:32:31,180 [pool-67-thread-1] INFO  server.RaftServerConfigKeys (ConfUtils.java:logGet(43)) - raft.server.log.queue.byte-limit = 2147483647 (custom)
2019-09-06 01:32:31,180 [pool-67-thread-1] INFO  server.RaftServerConfigKeys (ConfUtils.java:logGet(43)) - raft.server.log.queue.element-limit = 1024 (custom)
2019-09-06 01:32:31,180 [pool-67-thread-1] INFO  server.RaftServerConfigKeys (ConfUtils.java:logGet(43)) - raft.server.log.segment.size.max = 1048576 (custom)
2019-09-06 01:32:31,180 [pool-67-thread-1] INFO  server.RaftServerConfigKeys (ConfUtils.java:logGet(43)) - raft.server.log.preallocated.size = 16384 (custom)
2019-09-06 01:32:31,180 [pool-67-thread-1] INFO  server.RaftServerConfigKeys (ConfUtils.java:logGet(43)) - raft.server.log.write.buffer.size = 33554432 (custom)
2019-09-06 01:32:31,180 [pool-67-thread-1] INFO  server.RaftServerConfigKeys (ConfUtils.java:logGet(43)) - raft.server.log.force.sync.num = 128 (default)
2019-09-06 01:32:31,181 [pool-67-thread-1] INFO  server.RaftServerConfigKeys (ConfUtils.java:logGet(43)) - raft.server.log.statemachine.data.sync = true (default)
2019-09-06 01:32:31,181 [pool-67-thread-1] INFO  server.RaftServerConfigKeys (ConfUtils.java:logGet(43)) - raft.server.log.statemachine.data.sync.timeout = 10s (default)
2019-09-06 01:32:31,181 [pool-67-thread-1] INFO  server.RaftServerConfigKeys (ConfUtils.java:logGet(43)) - raft.server.log.statemachine.data.sync.timeout.retry = -1 (default)
2019-09-06 01:32:31,181 [pool-67-thread-1] INFO  server.RaftServerConfigKeys (ConfUtils.java:logGet(43)) - raft.server.log.statemachine.data.caching.enabled = true (custom)
2019-09-06 01:32:31,182 [pool-67-thread-1] INFO  segmented.SegmentedRaftLogWorker (SegmentedRaftLogWorker.java:lambda$new$0(132)) - 50b26e9d-6920-4041-a912-937090afad9d-SegmentedRaftLogWorker:Storage Directory /workdir/hadoop-ozone/integration-test/target/test-dir/MiniOzoneClusterImpl-b0be7eb2-cfe3-45ae-8723-bdb0b594c12d/datanode-4/data/ratis/f0801c35-7b84-442d-8f19-40ab1fec5eb0: flushIndex: setUnconditionally 0 -> -1
2019-09-06 01:32:31,182 [pool-67-thread-1] INFO  server.RaftServerConfigKeys (ConfUtils.java:logGet(43)) - raft.server.snapshot.auto.trigger.enabled = true (custom)
2019-09-06 01:32:31,182 [pool-67-thread-1] INFO  server.RaftServerConfigKeys (ConfUtils.java:logGet(43)) - raft.server.snapshot.auto.trigger.threshold = 10000 (custom)
2019-09-06 01:32:31,182 [pool-67-thread-1] INFO  server.RaftServerConfigKeys (ConfUtils.java:logGet(43)) - raft.server.retrycache.expirytime = 600000ms (custom)
2019-09-06 01:32:31,182 [pool-67-thread-1] INFO  impl.RaftServerImpl (RaftServerImpl.java:start(180)) - 50b26e9d-6920-4041-a912-937090afad9d: start group-40AB1FEC5EB0
2019-09-06 01:32:31,183 [pool-67-thread-1] INFO  impl.RaftServerImpl (RaftServerImpl.java:setRole(171)) - 50b26e9d-6920-4041-a912-937090afad9d:group-40AB1FEC5EB0 changes role from null to FOLLOWER at term 0 for startAsFollower
2019-09-06 01:32:31,183 [pool-67-thread-1] INFO  impl.RoleInfo (RoleInfo.java:updateAndGet(143)) - 50b26e9d-6920-4041-a912-937090afad9d: start FollowerState
2019-09-06 01:32:31,183 [pool-67-thread-1] INFO  util.JmxRegister (JmxRegister.java:tryRegister(44)) - Successfully registered JMX Bean with object name Ratis:service=RaftServer,group=group-40AB1FEC5EB0,id=50b26e9d-6920-4041-a912-937090afad9d
2019-09-06 01:32:31,194 [RatisPipelineUtilsThread] INFO  pipeline.PipelineStateManager (PipelineStateManager.java:addPipeline(56)) - Created pipeline Pipeline[ Id: f0801c35-7b84-442d-8f19-40ab1fec5eb0, Nodes: 50b26e9d-6920-4041-a912-937090afad9d{ip: 192.168.5.177, host: pr-hdds-2015-4zh84-2711163145, networkLocation: /default-rack, certSerialId: null}, Type:RATIS, Factor:ONE, State:OPEN]
2019-09-06 01:32:31,209 [grpc-default-executor-0] INFO  impl.RaftServerProxy (RaftServerProxy.java:addNew(89)) - 7be35a96-8e2e-4c53-8e2e-7d6c240fb8db: addNew group-446E91D4A2EB:[7be35a96-8e2e-4c53-8e2e-7d6c240fb8db:192.168.5.177:42031] returns group-446E91D4A2EB:java.util.concurrent.CompletableFuture@38a4fa30[Not completed]
2019-09-06 01:32:31,213 [pool-77-thread-1] INFO  impl.RaftServerImpl (RaftServerImpl.java:<init>(93)) - 7be35a96-8e2e-4c53-8e2e-7d6c240fb8db: new RaftServerImpl for group-446E91D4A2EB:[7be35a96-8e2e-4c53-8e2e-7d6c240fb8db:192.168.5.177:42031] with ContainerStateMachine:uninitialized
2019-09-06 01:32:31,213 [pool-77-thread-1] INFO  server.RaftServerConfigKeys (ConfUtils.java:logGet(43)) - raft.server.rpc.timeout.min = 5s (custom)
2019-09-06 01:32:31,213 [pool-77-thread-1] INFO  server.RaftServerConfigKeys (ConfUtils.java:logGet(43)) - raft.server.rpc.timeout.max = 5200ms (custom)
2019-09-06 01:32:31,214 [pool-77-thread-1] INFO  server.RaftServerConfigKeys (ConfUtils.java:logGet(43)) - raft.server.rpcslowness.timeout = 120s (custom)
2019-09-06 01:32:31,214 [pool-77-thread-1] INFO  server.RaftServerConfigKeys (ConfUtils.java:logGet(43)) - raft.server.sleep.deviation.threshold = 300 (default)
2019-09-06 01:32:31,214 [pool-77-thread-1] INFO  server.RaftServerConfigKeys (ConfUtils.java:logGet(43)) - raft.server.log.appender.install.snapshot.enabled = false (custom)
2019-09-06 01:32:31,214 [pool-77-thread-1] INFO  impl.RaftServerImpl (ServerState.java:<init>(105)) - 7be35a96-8e2e-4c53-8e2e-7d6c240fb8db:group-446E91D4A2EB ConfigurationManager, init=-1: [7be35a96-8e2e-4c53-8e2e-7d6c240fb8db:192.168.5.177:42031], old=null, confs=<EMPTY_MAP>
2019-09-06 01:32:31,214 [pool-77-thread-1] INFO  server.RaftServerConfigKeys (ConfUtils.java:logGet(43)) - raft.server.storage.dir = [/workdir/hadoop-ozone/integration-test/target/test-dir/MiniOzoneClusterImpl-b0be7eb2-cfe3-45ae-8723-bdb0b594c12d/datanode-5/data/ratis] (custom)
2019-09-06 01:32:31,215 [pool-77-thread-1] INFO  storage.RaftStorageDirectory (RaftStorageDirectory.java:analyzeStorage(246)) - The storage directory /workdir/hadoop-ozone/integration-test/target/test-dir/MiniOzoneClusterImpl-b0be7eb2-cfe3-45ae-8723-bdb0b594c12d/datanode-5/data/ratis/14637594-ffce-49ca-a4ae-446e91d4a2eb does not exist. Creating ...
2019-09-06 01:32:31,248 [pool-77-thread-1] INFO  storage.RaftStorageDirectory (RaftStorageDirectory.java:tryLock(328)) - Lock on /workdir/hadoop-ozone/integration-test/target/test-dir/MiniOzoneClusterImpl-b0be7eb2-cfe3-45ae-8723-bdb0b594c12d/datanode-5/data/ratis/14637594-ffce-49ca-a4ae-446e91d4a2eb/in_use.lock acquired by nodename 29060@pr-hdds-2015-4zh84-2711163145
2019-09-06 01:32:31,262 [pool-77-thread-1] INFO  storage.RaftStorage (RaftStorage.java:format(72)) - Storage directory /workdir/hadoop-ozone/integration-test/target/test-dir/MiniOzoneClusterImpl-b0be7eb2-cfe3-45ae-8723-bdb0b594c12d/datanode-5/data/ratis/14637594-ffce-49ca-a4ae-446e91d4a2eb has been successfully formatted.
2019-09-06 01:32:31,263 [pool-77-thread-1] INFO  ratis.ContainerStateMachine (ContainerStateMachine.java:loadSnapshot(227)) - group-446E91D4A2EB: The snapshot info is null. Setting the last applied indexto:(t:0, i:~)
2019-09-06 01:32:31,263 [pool-77-thread-1] INFO  server.RaftServerConfigKeys (ConfUtils.java:logGet(43)) - raft.server.leader.election.timeout = 120s (custom)
2019-09-06 01:32:31,263 [pool-77-thread-1] INFO  server.RaftServerConfigKeys (ConfUtils.java:logGet(43)) - raft.server.log.use.memory = false (default)
2019-09-06 01:32:31,263 [pool-77-thread-1] INFO  server.RaftServerConfigKeys (ConfUtils.java:logGet(43)) - raft.server.log.purge.gap = 1000000 (custom)
2019-09-06 01:32:31,264 [pool-77-thread-1] INFO  server.RaftServerConfigKeys (ConfUtils.java:logGet(43)) - raft.server.log.appender.buffer.byte-limit = 33554432 (custom)
2019-09-06 01:32:31,264 [pool-77-thread-1] INFO  server.RaftServerConfigKeys (ConfUtils.java:logGet(43)) - raft.server.log.segment.size.max = 1048576 (custom)
2019-09-06 01:32:31,264 [pool-77-thread-1] INFO  server.RaftServerConfigKeys (ConfUtils.java:logGet(43)) - raft.server.log.segment.cache.num.max = 2 (custom)
2019-09-06 01:32:31,264 [pool-77-thread-1] INFO  segmented.SegmentedRaftLogWorker (SegmentedRaftLogWorker.java:<init>(172)) - new 7be35a96-8e2e-4c53-8e2e-7d6c240fb8db-SegmentedRaftLogWorker:Storage Directory /workdir/hadoop-ozone/integration-test/target/test-dir/MiniOzoneClusterImpl-b0be7eb2-cfe3-45ae-8723-bdb0b594c12d/datanode-5/data/ratis/14637594-ffce-49ca-a4ae-446e91d4a2eb for RaftStorage:Storage Directory /workdir/hadoop-ozone/integration-test/target/test-dir/MiniOzoneClusterImpl-b0be7eb2-cfe3-45ae-8723-bdb0b594c12d/datanode-5/data/ratis/14637594-ffce-49ca-a4ae-446e91d4a2eb
2019-09-06 01:32:31,264 [pool-77-thread-1] INFO  server.RaftServerConfigKeys (ConfUtils.java:logGet(43)) - raft.server.log.queue.byte-limit = 2147483647 (custom)
2019-09-06 01:32:31,264 [pool-77-thread-1] INFO  server.RaftServerConfigKeys (ConfUtils.java:logGet(43)) - raft.server.log.queue.element-limit = 1024 (custom)
2019-09-06 01:32:31,264 [pool-77-thread-1] INFO  server.RaftServerConfigKeys (ConfUtils.java:logGet(43)) - raft.server.log.segment.size.max = 1048576 (custom)
2019-09-06 01:32:31,265 [pool-77-thread-1] INFO  server.RaftServerConfigKeys (ConfUtils.java:logGet(43)) - raft.server.log.preallocated.size = 16384 (custom)
2019-09-06 01:32:31,265 [pool-77-thread-1] INFO  server.RaftServerConfigKeys (ConfUtils.java:logGet(43)) - raft.server.log.write.buffer.size = 33554432 (custom)
2019-09-06 01:32:31,265 [pool-77-thread-1] INFO  server.RaftServerConfigKeys (ConfUtils.java:logGet(43)) - raft.server.log.force.sync.num = 128 (default)
2019-09-06 01:32:31,265 [pool-77-thread-1] INFO  server.RaftServerConfigKeys (ConfUtils.java:logGet(43)) - raft.server.log.statemachine.data.sync = true (default)
2019-09-06 01:32:31,265 [pool-77-thread-1] INFO  server.RaftServerConfigKeys (ConfUtils.java:logGet(43)) - raft.server.log.statemachine.data.sync.timeout = 10s (default)
2019-09-06 01:32:31,266 [pool-77-thread-1] INFO  server.RaftServerConfigKeys (ConfUtils.java:logGet(43)) - raft.server.log.statemachine.data.sync.timeout.retry = -1 (default)
2019-09-06 01:32:31,266 [pool-77-thread-1] INFO  server.RaftServerConfigKeys (ConfUtils.java:logGet(43)) - raft.server.log.statemachine.data.caching.enabled = true (custom)
2019-09-06 01:32:31,266 [pool-77-thread-1] INFO  segmented.SegmentedRaftLogWorker (SegmentedRaftLogWorker.java:lambda$new$0(132)) - 7be35a96-8e2e-4c53-8e2e-7d6c240fb8db-SegmentedRaftLogWorker:Storage Directory /workdir/hadoop-ozone/integration-test/target/test-dir/MiniOzoneClusterImpl-b0be7eb2-cfe3-45ae-8723-bdb0b594c12d/datanode-5/data/ratis/14637594-ffce-49ca-a4ae-446e91d4a2eb: flushIndex: setUnconditionally 0 -> -1
2019-09-06 01:32:31,267 [pool-77-thread-1] INFO  server.RaftServerConfigKeys (ConfUtils.java:logGet(43)) - raft.server.snapshot.auto.trigger.enabled = true (custom)
2019-09-06 01:32:31,267 [pool-77-thread-1] INFO  server.RaftServerConfigKeys (ConfUtils.java:logGet(43)) - raft.server.snapshot.auto.trigger.threshold = 10000 (custom)
2019-09-06 01:32:31,267 [pool-77-thread-1] INFO  server.RaftServerConfigKeys (ConfUtils.java:logGet(43)) - raft.server.retrycache.expirytime = 600000ms (custom)
2019-09-06 01:32:31,267 [pool-77-thread-1] INFO  impl.RaftServerImpl (RaftServerImpl.java:start(180)) - 7be35a96-8e2e-4c53-8e2e-7d6c240fb8db: start group-446E91D4A2EB
2019-09-06 01:32:31,267 [pool-77-thread-1] INFO  impl.RaftServerImpl (RaftServerImpl.java:setRole(171)) - 7be35a96-8e2e-4c53-8e2e-7d6c240fb8db:group-446E91D4A2EB changes role from null to FOLLOWER at term 0 for startAsFollower
2019-09-06 01:32:31,268 [pool-77-thread-1] INFO  impl.RoleInfo (RoleInfo.java:updateAndGet(143)) - 7be35a96-8e2e-4c53-8e2e-7d6c240fb8db: start FollowerState
2019-09-06 01:32:31,268 [pool-77-thread-1] INFO  util.JmxRegister (JmxRegister.java:tryRegister(44)) - Successfully registered JMX Bean with object name Ratis:service=RaftServer,group=group-446E91D4A2EB,id=7be35a96-8e2e-4c53-8e2e-7d6c240fb8db
2019-09-06 01:32:31,287 [RatisPipelineUtilsThread] INFO  pipeline.PipelineStateManager (PipelineStateManager.java:addPipeline(56)) - Created pipeline Pipeline[ Id: 14637594-ffce-49ca-a4ae-446e91d4a2eb, Nodes: 7be35a96-8e2e-4c53-8e2e-7d6c240fb8db{ip: 192.168.5.177, host: pr-hdds-2015-4zh84-2711163145, networkLocation: /default-rack, certSerialId: null}, Type:RATIS, Factor:ONE, State:OPEN]
2019-09-06 01:32:31,308 [grpc-default-executor-1] INFO  impl.RaftServerProxy (RaftServerProxy.java:addNew(89)) - 6c86c079-35fe-41a5-81ad-74bc67566282: addNew group-B3F33337B0CD:[6c86c079-35fe-41a5-81ad-74bc67566282:192.168.5.177:32957, 870289ed-592e-405d-bfb3-05317591cb8f:192.168.5.177:44996, 464708cc-33c6-436e-95d3-9de97c0c1ce1:192.168.5.177:35472] returns group-B3F33337B0CD:java.util.concurrent.CompletableFuture@5f82fa2[Not completed]
2019-09-06 01:32:31,310 [grpc-default-executor-1] INFO  impl.RaftServerProxy (RaftServerProxy.java:addNew(89)) - 464708cc-33c6-436e-95d3-9de97c0c1ce1: addNew group-B3F33337B0CD:[6c86c079-35fe-41a5-81ad-74bc67566282:192.168.5.177:32957, 870289ed-592e-405d-bfb3-05317591cb8f:192.168.5.177:44996, 464708cc-33c6-436e-95d3-9de97c0c1ce1:192.168.5.177:35472] returns group-B3F33337B0CD:java.util.concurrent.CompletableFuture@1c7bbc5[Not completed]
2019-09-06 01:32:31,311 [pool-27-thread-1] INFO  impl.RaftServerImpl (RaftServerImpl.java:<init>(93)) - 6c86c079-35fe-41a5-81ad-74bc67566282: new RaftServerImpl for group-B3F33337B0CD:[6c86c079-35fe-41a5-81ad-74bc67566282:192.168.5.177:32957, 870289ed-592e-405d-bfb3-05317591cb8f:192.168.5.177:44996, 464708cc-33c6-436e-95d3-9de97c0c1ce1:192.168.5.177:35472] with ContainerStateMachine:uninitialized
2019-09-06 01:32:31,311 [pool-27-thread-1] INFO  server.RaftServerConfigKeys (ConfUtils.java:logGet(43)) - raft.server.rpc.timeout.min = 5s (custom)
2019-09-06 01:32:31,311 [pool-27-thread-1] INFO  server.RaftServerConfigKeys (ConfUtils.java:logGet(43)) - raft.server.rpc.timeout.max = 5200ms (custom)
2019-09-06 01:32:31,312 [pool-27-thread-1] INFO  server.RaftServerConfigKeys (ConfUtils.java:logGet(43)) - raft.server.rpcslowness.timeout = 120s (custom)
2019-09-06 01:32:31,312 [pool-27-thread-1] INFO  server.RaftServerConfigKeys (ConfUtils.java:logGet(43)) - raft.server.sleep.deviation.threshold = 300 (default)
2019-09-06 01:32:31,312 [pool-27-thread-1] INFO  server.RaftServerConfigKeys (ConfUtils.java:logGet(43)) - raft.server.log.appender.install.snapshot.enabled = false (custom)
2019-09-06 01:32:31,312 [pool-37-thread-1] INFO  impl.RaftServerImpl (RaftServerImpl.java:<init>(93)) - 464708cc-33c6-436e-95d3-9de97c0c1ce1: new RaftServerImpl for group-B3F33337B0CD:[6c86c079-35fe-41a5-81ad-74bc67566282:192.168.5.177:32957, 870289ed-592e-405d-bfb3-05317591cb8f:192.168.5.177:44996, 464708cc-33c6-436e-95d3-9de97c0c1ce1:192.168.5.177:35472] with ContainerStateMachine:uninitialized
2019-09-06 01:32:31,312 [pool-27-thread-1] INFO  impl.RaftServerImpl (ServerState.java:<init>(105)) - 6c86c079-35fe-41a5-81ad-74bc67566282:group-B3F33337B0CD ConfigurationManager, init=-1: [6c86c079-35fe-41a5-81ad-74bc67566282:192.168.5.177:32957, 870289ed-592e-405d-bfb3-05317591cb8f:192.168.5.177:44996, 464708cc-33c6-436e-95d3-9de97c0c1ce1:192.168.5.177:35472], old=null, confs=<EMPTY_MAP>
2019-09-06 01:32:31,312 [pool-37-thread-1] INFO  server.RaftServerConfigKeys (ConfUtils.java:logGet(43)) - raft.server.rpc.timeout.min = 5s (custom)
2019-09-06 01:32:31,314 [pool-27-thread-1] INFO  server.RaftServerConfigKeys (ConfUtils.java:logGet(43)) - raft.server.storage.dir = [/workdir/hadoop-ozone/integration-test/target/test-dir/MiniOzoneClusterImpl-b0be7eb2-cfe3-45ae-8723-bdb0b594c12d/datanode-0/data/ratis] (custom)
2019-09-06 01:32:31,314 [pool-37-thread-1] INFO  server.RaftServerConfigKeys (ConfUtils.java:logGet(43)) - raft.server.rpc.timeout.max = 5200ms (custom)
2019-09-06 01:32:31,314 [pool-37-thread-1] INFO  server.RaftServerConfigKeys (ConfUtils.java:logGet(43)) - raft.server.rpcslowness.timeout = 120s (custom)
2019-09-06 01:32:31,314 [grpc-default-executor-1] INFO  impl.RaftServerProxy (RaftServerProxy.java:addNew(89)) - 870289ed-592e-405d-bfb3-05317591cb8f: addNew group-B3F33337B0CD:[6c86c079-35fe-41a5-81ad-74bc67566282:192.168.5.177:32957, 870289ed-592e-405d-bfb3-05317591cb8f:192.168.5.177:44996, 464708cc-33c6-436e-95d3-9de97c0c1ce1:192.168.5.177:35472] returns group-B3F33337B0CD:java.util.concurrent.CompletableFuture@44c52599[Not completed]
2019-09-06 01:32:31,314 [pool-37-thread-1] INFO  server.RaftServerConfigKeys (ConfUtils.java:logGet(43)) - raft.server.sleep.deviation.threshold = 300 (default)
2019-09-06 01:32:31,314 [pool-27-thread-1] INFO  storage.RaftStorageDirectory (RaftStorageDirectory.java:analyzeStorage(246)) - The storage directory /workdir/hadoop-ozone/integration-test/target/test-dir/MiniOzoneClusterImpl-b0be7eb2-cfe3-45ae-8723-bdb0b594c12d/datanode-0/data/ratis/5ae06e72-ea97-4d9d-b5ea-b3f33337b0cd does not exist. Creating ...
2019-09-06 01:32:31,314 [pool-37-thread-1] INFO  server.RaftServerConfigKeys (ConfUtils.java:logGet(43)) - raft.server.log.appender.install.snapshot.enabled = false (custom)
2019-09-06 01:32:31,315 [pool-37-thread-1] INFO  impl.RaftServerImpl (ServerState.java:<init>(105)) - 464708cc-33c6-436e-95d3-9de97c0c1ce1:group-B3F33337B0CD ConfigurationManager, init=-1: [6c86c079-35fe-41a5-81ad-74bc67566282:192.168.5.177:32957, 870289ed-592e-405d-bfb3-05317591cb8f:192.168.5.177:44996, 464708cc-33c6-436e-95d3-9de97c0c1ce1:192.168.5.177:35472], old=null, confs=<EMPTY_MAP>
2019-09-06 01:32:31,315 [pool-37-thread-1] INFO  server.RaftServerConfigKeys (ConfUtils.java:logGet(43)) - raft.server.storage.dir = [/workdir/hadoop-ozone/integration-test/target/test-dir/MiniOzoneClusterImpl-b0be7eb2-cfe3-45ae-8723-bdb0b594c12d/datanode-1/data/ratis] (custom)
2019-09-06 01:32:31,315 [pool-37-thread-1] INFO  storage.RaftStorageDirectory (RaftStorageDirectory.java:analyzeStorage(246)) - The storage directory /workdir/hadoop-ozone/integration-test/target/test-dir/MiniOzoneClusterImpl-b0be7eb2-cfe3-45ae-8723-bdb0b594c12d/datanode-1/data/ratis/5ae06e72-ea97-4d9d-b5ea-b3f33337b0cd does not exist. Creating ...
2019-09-06 01:32:31,315 [pool-57-thread-1] INFO  impl.RaftServerImpl (RaftServerImpl.java:<init>(93)) - 870289ed-592e-405d-bfb3-05317591cb8f: new RaftServerImpl for group-B3F33337B0CD:[6c86c079-35fe-41a5-81ad-74bc67566282:192.168.5.177:32957, 870289ed-592e-405d-bfb3-05317591cb8f:192.168.5.177:44996, 464708cc-33c6-436e-95d3-9de97c0c1ce1:192.168.5.177:35472] with ContainerStateMachine:uninitialized
2019-09-06 01:32:31,316 [pool-57-thread-1] INFO  server.RaftServerConfigKeys (ConfUtils.java:logGet(43)) - raft.server.rpc.timeout.min = 5s (custom)
2019-09-06 01:32:31,316 [pool-57-thread-1] INFO  server.RaftServerConfigKeys (ConfUtils.java:logGet(43)) - raft.server.rpc.timeout.max = 5200ms (custom)
2019-09-06 01:32:31,316 [pool-57-thread-1] INFO  server.RaftServerConfigKeys (ConfUtils.java:logGet(43)) - raft.server.rpcslowness.timeout = 120s (custom)
2019-09-06 01:32:31,316 [pool-57-thread-1] INFO  server.RaftServerConfigKeys (ConfUtils.java:logGet(43)) - raft.server.sleep.deviation.threshold = 300 (default)
2019-09-06 01:32:31,316 [pool-57-thread-1] INFO  server.RaftServerConfigKeys (ConfUtils.java:logGet(43)) - raft.server.log.appender.install.snapshot.enabled = false (custom)
2019-09-06 01:32:31,316 [pool-57-thread-1] INFO  impl.RaftServerImpl (ServerState.java:<init>(105)) - 870289ed-592e-405d-bfb3-05317591cb8f:group-B3F33337B0CD ConfigurationManager, init=-1: [6c86c079-35fe-41a5-81ad-74bc67566282:192.168.5.177:32957, 870289ed-592e-405d-bfb3-05317591cb8f:192.168.5.177:44996, 464708cc-33c6-436e-95d3-9de97c0c1ce1:192.168.5.177:35472], old=null, confs=<EMPTY_MAP>
2019-09-06 01:32:31,316 [pool-57-thread-1] INFO  server.RaftServerConfigKeys (ConfUtils.java:logGet(43)) - raft.server.storage.dir = [/workdir/hadoop-ozone/integration-test/target/test-dir/MiniOzoneClusterImpl-b0be7eb2-cfe3-45ae-8723-bdb0b594c12d/datanode-3/data/ratis] (custom)
2019-09-06 01:32:31,316 [pool-57-thread-1] INFO  storage.RaftStorageDirectory (RaftStorageDirectory.java:analyzeStorage(246)) - The storage directory /workdir/hadoop-ozone/integration-test/target/test-dir/MiniOzoneClusterImpl-b0be7eb2-cfe3-45ae-8723-bdb0b594c12d/datanode-3/data/ratis/5ae06e72-ea97-4d9d-b5ea-b3f33337b0cd does not exist. Creating ...
2019-09-06 01:32:31,363 [pool-27-thread-1] INFO  storage.RaftStorageDirectory (RaftStorageDirectory.java:tryLock(328)) - Lock on /workdir/hadoop-ozone/integration-test/target/test-dir/MiniOzoneClusterImpl-b0be7eb2-cfe3-45ae-8723-bdb0b594c12d/datanode-0/data/ratis/5ae06e72-ea97-4d9d-b5ea-b3f33337b0cd/in_use.lock acquired by nodename 29060@pr-hdds-2015-4zh84-2711163145
2019-09-06 01:32:31,363 [pool-57-thread-1] INFO  storage.RaftStorageDirectory (RaftStorageDirectory.java:tryLock(328)) - Lock on /workdir/hadoop-ozone/integration-test/target/test-dir/MiniOzoneClusterImpl-b0be7eb2-cfe3-45ae-8723-bdb0b594c12d/datanode-3/data/ratis/5ae06e72-ea97-4d9d-b5ea-b3f33337b0cd/in_use.lock acquired by nodename 29060@pr-hdds-2015-4zh84-2711163145
2019-09-06 01:32:31,363 [pool-37-thread-1] INFO  storage.RaftStorageDirectory (RaftStorageDirectory.java:tryLock(328)) - Lock on /workdir/hadoop-ozone/integration-test/target/test-dir/MiniOzoneClusterImpl-b0be7eb2-cfe3-45ae-8723-bdb0b594c12d/datanode-1/data/ratis/5ae06e72-ea97-4d9d-b5ea-b3f33337b0cd/in_use.lock acquired by nodename 29060@pr-hdds-2015-4zh84-2711163145
2019-09-06 01:32:31,380 [pool-37-thread-1] INFO  storage.RaftStorage (RaftStorage.java:format(72)) - Storage directory /workdir/hadoop-ozone/integration-test/target/test-dir/MiniOzoneClusterImpl-b0be7eb2-cfe3-45ae-8723-bdb0b594c12d/datanode-1/data/ratis/5ae06e72-ea97-4d9d-b5ea-b3f33337b0cd has been successfully formatted.
2019-09-06 01:32:31,380 [pool-57-thread-1] INFO  storage.RaftStorage (RaftStorage.java:format(72)) - Storage directory /workdir/hadoop-ozone/integration-test/target/test-dir/MiniOzoneClusterImpl-b0be7eb2-cfe3-45ae-8723-bdb0b594c12d/datanode-3/data/ratis/5ae06e72-ea97-4d9d-b5ea-b3f33337b0cd has been successfully formatted.
2019-09-06 01:32:31,380 [pool-27-thread-1] INFO  storage.RaftStorage (RaftStorage.java:format(72)) - Storage directory /workdir/hadoop-ozone/integration-test/target/test-dir/MiniOzoneClusterImpl-b0be7eb2-cfe3-45ae-8723-bdb0b594c12d/datanode-0/data/ratis/5ae06e72-ea97-4d9d-b5ea-b3f33337b0cd has been successfully formatted.
2019-09-06 01:32:31,381 [pool-37-thread-1] INFO  ratis.ContainerStateMachine (ContainerStateMachine.java:loadSnapshot(227)) - group-B3F33337B0CD: The snapshot info is null. Setting the last applied indexto:(t:0, i:~)
2019-09-06 01:32:31,381 [pool-57-thread-1] INFO  ratis.ContainerStateMachine (ContainerStateMachine.java:loadSnapshot(227)) - group-B3F33337B0CD: The snapshot info is null. Setting the last applied indexto:(t:0, i:~)
2019-09-06 01:32:31,381 [pool-37-thread-1] INFO  server.RaftServerConfigKeys (ConfUtils.java:logGet(43)) - raft.server.leader.election.timeout = 120s (custom)
2019-09-06 01:32:31,381 [pool-27-thread-1] INFO  ratis.ContainerStateMachine (ContainerStateMachine.java:loadSnapshot(227)) - group-B3F33337B0CD: The snapshot info is null. Setting the last applied indexto:(t:0, i:~)
2019-09-06 01:32:31,381 [pool-37-thread-1] INFO  server.RaftServerConfigKeys (ConfUtils.java:logGet(43)) - raft.server.log.use.memory = false (default)
2019-09-06 01:32:31,381 [pool-57-thread-1] INFO  server.RaftServerConfigKeys (ConfUtils.java:logGet(43)) - raft.server.leader.election.timeout = 120s (custom)
2019-09-06 01:32:31,381 [pool-37-thread-1] INFO  server.RaftServerConfigKeys (ConfUtils.java:logGet(43)) - raft.server.log.purge.gap = 1000000 (custom)
2019-09-06 01:32:31,381 [pool-27-thread-1] INFO  server.RaftServerConfigKeys (ConfUtils.java:logGet(43)) - raft.server.leader.election.timeout = 120s (custom)
2019-09-06 01:32:31,382 [pool-37-thread-1] INFO  server.RaftServerConfigKeys (ConfUtils.java:logGet(43)) - raft.server.log.appender.buffer.byte-limit = 33554432 (custom)
2019-09-06 01:32:31,381 [pool-57-thread-1] INFO  server.RaftServerConfigKeys (ConfUtils.java:logGet(43)) - raft.server.log.use.memory = false (default)
2019-09-06 01:32:31,382 [pool-37-thread-1] INFO  server.RaftServerConfigKeys (ConfUtils.java:logGet(43)) - raft.server.log.segment.size.max = 1048576 (custom)
2019-09-06 01:32:31,382 [pool-27-thread-1] INFO  server.RaftServerConfigKeys (ConfUtils.java:logGet(43)) - raft.server.log.use.memory = false (default)
2019-09-06 01:32:31,382 [pool-37-thread-1] INFO  server.RaftServerConfigKeys (ConfUtils.java:logGet(43)) - raft.server.log.segment.cache.num.max = 2 (custom)
2019-09-06 01:32:31,382 [pool-57-thread-1] INFO  server.RaftServerConfigKeys (ConfUtils.java:logGet(43)) - raft.server.log.purge.gap = 1000000 (custom)
2019-09-06 01:32:31,382 [pool-37-thread-1] INFO  segmented.SegmentedRaftLogWorker (SegmentedRaftLogWorker.java:<init>(172)) - new 464708cc-33c6-436e-95d3-9de97c0c1ce1-SegmentedRaftLogWorker:Storage Directory /workdir/hadoop-ozone/integration-test/target/test-dir/MiniOzoneClusterImpl-b0be7eb2-cfe3-45ae-8723-bdb0b594c12d/datanode-1/data/ratis/5ae06e72-ea97-4d9d-b5ea-b3f33337b0cd for RaftStorage:Storage Directory /workdir/hadoop-ozone/integration-test/target/test-dir/MiniOzoneClusterImpl-b0be7eb2-cfe3-45ae-8723-bdb0b594c12d/datanode-1/data/ratis/5ae06e72-ea97-4d9d-b5ea-b3f33337b0cd
2019-09-06 01:32:31,382 [pool-27-thread-1] INFO  server.RaftServerConfigKeys (ConfUtils.java:logGet(43)) - raft.server.log.purge.gap = 1000000 (custom)
2019-09-06 01:32:31,382 [pool-37-thread-1] INFO  server.RaftServerConfigKeys (ConfUtils.java:logGet(43)) - raft.server.log.queue.byte-limit = 2147483647 (custom)
2019-09-06 01:32:31,382 [pool-57-thread-1] INFO  server.RaftServerConfigKeys (ConfUtils.java:logGet(43)) - raft.server.log.appender.buffer.byte-limit = 33554432 (custom)
2019-09-06 01:32:31,384 [pool-37-thread-1] INFO  server.RaftServerConfigKeys (ConfUtils.java:logGet(43)) - raft.server.log.queue.element-limit = 1024 (custom)
2019-09-06 01:32:31,382 [pool-27-thread-1] INFO  server.RaftServerConfigKeys (ConfUtils.java:logGet(43)) - raft.server.log.appender.buffer.byte-limit = 33554432 (custom)
2019-09-06 01:32:31,384 [pool-37-thread-1] INFO  server.RaftServerConfigKeys (ConfUtils.java:logGet(43)) - raft.server.log.segment.size.max = 1048576 (custom)
2019-09-06 01:32:31,384 [pool-57-thread-1] INFO  server.RaftServerConfigKeys (ConfUtils.java:logGet(43)) - raft.server.log.segment.size.max = 1048576 (custom)
2019-09-06 01:32:31,384 [pool-37-thread-1] INFO  server.RaftServerConfigKeys (ConfUtils.java:logGet(43)) - raft.server.log.preallocated.size = 16384 (custom)
2019-09-06 01:32:31,384 [pool-27-thread-1] INFO  server.RaftServerConfigKeys (ConfUtils.java:logGet(43)) - raft.server.log.segment.size.max = 1048576 (custom)
2019-09-06 01:32:31,385 [pool-37-thread-1] INFO  server.RaftServerConfigKeys (ConfUtils.java:logGet(43)) - raft.server.log.write.buffer.size = 33554432 (custom)
2019-09-06 01:32:31,384 [pool-57-thread-1] INFO  server.RaftServerConfigKeys (ConfUtils.java:logGet(43)) - raft.server.log.segment.cache.num.max = 2 (custom)
2019-09-06 01:32:31,385 [pool-37-thread-1] INFO  server.RaftServerConfigKeys (ConfUtils.java:logGet(43)) - raft.server.log.force.sync.num = 128 (default)
2019-09-06 01:32:31,385 [pool-27-thread-1] INFO  server.RaftServerConfigKeys (ConfUtils.java:logGet(43)) - raft.server.log.segment.cache.num.max = 2 (custom)
2019-09-06 01:32:31,385 [pool-37-thread-1] INFO  server.RaftServerConfigKeys (ConfUtils.java:logGet(43)) - raft.server.log.statemachine.data.sync = true (default)
2019-09-06 01:32:31,385 [pool-57-thread-1] INFO  segmented.SegmentedRaftLogWorker (SegmentedRaftLogWorker.java:<init>(172)) - new 870289ed-592e-405d-bfb3-05317591cb8f-SegmentedRaftLogWorker:Storage Directory /workdir/hadoop-ozone/integration-test/target/test-dir/MiniOzoneClusterImpl-b0be7eb2-cfe3-45ae-8723-bdb0b594c12d/datanode-3/data/ratis/5ae06e72-ea97-4d9d-b5ea-b3f33337b0cd for RaftStorage:Storage Directory /workdir/hadoop-ozone/integration-test/target/test-dir/MiniOzoneClusterImpl-b0be7eb2-cfe3-45ae-8723-bdb0b594c12d/datanode-3/data/ratis/5ae06e72-ea97-4d9d-b5ea-b3f33337b0cd
2019-09-06 01:32:31,385 [pool-37-thread-1] INFO  server.RaftServerConfigKeys (ConfUtils.java:logGet(43)) - raft.server.log.statemachine.data.sync.timeout = 10s (default)
2019-09-06 01:32:31,385 [pool-27-thread-1] INFO  segmented.SegmentedRaftLogWorker (SegmentedRaftLogWorker.java:<init>(172)) - new 6c86c079-35fe-41a5-81ad-74bc67566282-SegmentedRaftLogWorker:Storage Directory /workdir/hadoop-ozone/integration-test/target/test-dir/MiniOzoneClusterImpl-b0be7eb2-cfe3-45ae-8723-bdb0b594c12d/datanode-0/data/ratis/5ae06e72-ea97-4d9d-b5ea-b3f33337b0cd for RaftStorage:Storage Directory /workdir/hadoop-ozone/integration-test/target/test-dir/MiniOzoneClusterImpl-b0be7eb2-cfe3-45ae-8723-bdb0b594c12d/datanode-0/data/ratis/5ae06e72-ea97-4d9d-b5ea-b3f33337b0cd
2019-09-06 01:32:31,385 [pool-37-thread-1] INFO  server.RaftServerConfigKeys (ConfUtils.java:logGet(43)) - raft.server.log.statemachine.data.sync.timeout.retry = -1 (default)
2019-09-06 01:32:31,385 [pool-57-thread-1] INFO  server.RaftServerConfigKeys (ConfUtils.java:logGet(43)) - raft.server.log.queue.byte-limit = 2147483647 (custom)
2019-09-06 01:32:31,389 [pool-37-thread-1] INFO  server.RaftServerConfigKeys (ConfUtils.java:logGet(43)) - raft.server.log.statemachine.data.caching.enabled = true (custom)
2019-09-06 01:32:31,387 [pool-27-thread-1] INFO  server.RaftServerConfigKeys (ConfUtils.java:logGet(43)) - raft.server.log.queue.byte-limit = 2147483647 (custom)
2019-09-06 01:32:31,389 [pool-57-thread-1] INFO  server.RaftServerConfigKeys (ConfUtils.java:logGet(43)) - raft.server.log.queue.element-limit = 1024 (custom)
2019-09-06 01:32:31,389 [pool-27-thread-1] INFO  server.RaftServerConfigKeys (ConfUtils.java:logGet(43)) - raft.server.log.queue.element-limit = 1024 (custom)
2019-09-06 01:32:31,389 [pool-37-thread-1] INFO  segmented.SegmentedRaftLogWorker (SegmentedRaftLogWorker.java:lambda$new$0(132)) - 464708cc-33c6-436e-95d3-9de97c0c1ce1-SegmentedRaftLogWorker:Storage Directory /workdir/hadoop-ozone/integration-test/target/test-dir/MiniOzoneClusterImpl-b0be7eb2-cfe3-45ae-8723-bdb0b594c12d/datanode-1/data/ratis/5ae06e72-ea97-4d9d-b5ea-b3f33337b0cd: flushIndex: setUnconditionally 0 -> -1
2019-09-06 01:32:31,389 [pool-57-thread-1] INFO  server.RaftServerConfigKeys (ConfUtils.java:logGet(43)) - raft.server.log.segment.size.max = 1048576 (custom)
2019-09-06 01:32:31,389 [pool-27-thread-1] INFO  server.RaftServerConfigKeys (ConfUtils.java:logGet(43)) - raft.server.log.segment.size.max = 1048576 (custom)
2019-09-06 01:32:31,389 [pool-57-thread-1] INFO  server.RaftServerConfigKeys (ConfUtils.java:logGet(43)) - raft.server.log.preallocated.size = 16384 (custom)
2019-09-06 01:32:31,389 [pool-27-thread-1] INFO  server.RaftServerConfigKeys (ConfUtils.java:logGet(43)) - raft.server.log.preallocated.size = 16384 (custom)
2019-09-06 01:32:31,389 [pool-37-thread-1] INFO  server.RaftServerConfigKeys (ConfUtils.java:logGet(43)) - raft.server.snapshot.auto.trigger.enabled = true (custom)
2019-09-06 01:32:31,390 [pool-27-thread-1] INFO  server.RaftServerConfigKeys (ConfUtils.java:logGet(43)) - raft.server.log.write.buffer.size = 33554432 (custom)
2019-09-06 01:32:31,389 [pool-57-thread-1] INFO  server.RaftServerConfigKeys (ConfUtils.java:logGet(43)) - raft.server.log.write.buffer.size = 33554432 (custom)
2019-09-06 01:32:31,390 [pool-27-thread-1] INFO  server.RaftServerConfigKeys (ConfUtils.java:logGet(43)) - raft.server.log.force.sync.num = 128 (default)
2019-09-06 01:32:31,390 [pool-37-thread-1] INFO  server.RaftServerConfigKeys (ConfUtils.java:logGet(43)) - raft.server.snapshot.auto.trigger.threshold = 10000 (custom)
2019-09-06 01:32:31,390 [pool-27-thread-1] INFO  server.RaftServerConfigKeys (ConfUtils.java:logGet(43)) - raft.server.log.statemachine.data.sync = true (default)
2019-09-06 01:32:31,390 [pool-57-thread-1] INFO  server.RaftServerConfigKeys (ConfUtils.java:logGet(43)) - raft.server.log.force.sync.num = 128 (default)
2019-09-06 01:32:31,390 [pool-37-thread-1] INFO  server.RaftServerConfigKeys (ConfUtils.java:logGet(43)) - raft.server.retrycache.expirytime = 600000ms (custom)
2019-09-06 01:32:31,390 [pool-27-thread-1] INFO  server.RaftServerConfigKeys (ConfUtils.java:logGet(43)) - raft.server.log.statemachine.data.sync.timeout = 10s (default)
2019-09-06 01:32:31,390 [pool-57-thread-1] INFO  server.RaftServerConfigKeys (ConfUtils.java:logGet(43)) - raft.server.log.statemachine.data.sync = true (default)
2019-09-06 01:32:31,391 [pool-27-thread-1] INFO  server.RaftServerConfigKeys (ConfUtils.java:logGet(43)) - raft.server.log.statemachine.data.sync.timeout.retry = -1 (default)
2019-09-06 01:32:31,391 [pool-37-thread-1] INFO  impl.RaftServerImpl (RaftServerImpl.java:start(180)) - 464708cc-33c6-436e-95d3-9de97c0c1ce1: start group-B3F33337B0CD
2019-09-06 01:32:31,391 [pool-27-thread-1] INFO  server.RaftServerConfigKeys (ConfUtils.java:logGet(43)) - raft.server.log.statemachine.data.caching.enabled = true (custom)
2019-09-06 01:32:31,391 [pool-37-thread-1] INFO  impl.RaftServerImpl (RaftServerImpl.java:setRole(171)) - 464708cc-33c6-436e-95d3-9de97c0c1ce1:group-B3F33337B0CD changes role from null to FOLLOWER at term 0 for startAsFollower
2019-09-06 01:32:31,391 [pool-57-thread-1] INFO  server.RaftServerConfigKeys (ConfUtils.java:logGet(43)) - raft.server.log.statemachine.data.sync.timeout = 10s (default)
2019-09-06 01:32:31,391 [pool-37-thread-1] INFO  impl.RoleInfo (RoleInfo.java:updateAndGet(143)) - 464708cc-33c6-436e-95d3-9de97c0c1ce1: start FollowerState
2019-09-06 01:32:31,391 [pool-57-thread-1] INFO  server.RaftServerConfigKeys (ConfUtils.java:logGet(43)) - raft.server.log.statemachine.data.sync.timeout.retry = -1 (default)
2019-09-06 01:32:31,391 [pool-27-thread-1] INFO  segmented.SegmentedRaftLogWorker (SegmentedRaftLogWorker.java:lambda$new$0(132)) - 6c86c079-35fe-41a5-81ad-74bc67566282-SegmentedRaftLogWorker:Storage Directory /workdir/hadoop-ozone/integration-test/target/test-dir/MiniOzoneClusterImpl-b0be7eb2-cfe3-45ae-8723-bdb0b594c12d/datanode-0/data/ratis/5ae06e72-ea97-4d9d-b5ea-b3f33337b0cd: flushIndex: setUnconditionally 0 -> -1
2019-09-06 01:32:31,391 [pool-57-thread-1] INFO  server.RaftServerConfigKeys (ConfUtils.java:logGet(43)) - raft.server.log.statemachine.data.caching.enabled = true (custom)
2019-09-06 01:32:31,392 [pool-37-thread-1] INFO  util.JmxRegister (JmxRegister.java:tryRegister(44)) - Successfully registered JMX Bean with object name Ratis:service=RaftServer,group=group-B3F33337B0CD,id=464708cc-33c6-436e-95d3-9de97c0c1ce1
2019-09-06 01:32:31,392 [pool-27-thread-1] INFO  server.RaftServerConfigKeys (ConfUtils.java:logGet(43)) - raft.server.snapshot.auto.trigger.enabled = true (custom)
2019-09-06 01:32:31,392 [pool-57-thread-1] INFO  segmented.SegmentedRaftLogWorker (SegmentedRaftLogWorker.java:lambda$new$0(132)) - 870289ed-592e-405d-bfb3-05317591cb8f-SegmentedRaftLogWorker:Storage Directory /workdir/hadoop-ozone/integration-test/target/test-dir/MiniOzoneClusterImpl-b0be7eb2-cfe3-45ae-8723-bdb0b594c12d/datanode-3/data/ratis/5ae06e72-ea97-4d9d-b5ea-b3f33337b0cd: flushIndex: setUnconditionally 0 -> -1
2019-09-06 01:32:31,392 [pool-27-thread-1] INFO  server.RaftServerConfigKeys (ConfUtils.java:logGet(43)) - raft.server.snapshot.auto.trigger.threshold = 10000 (custom)
2019-09-06 01:32:31,392 [pool-57-thread-1] INFO  server.RaftServerConfigKeys (ConfUtils.java:logGet(43)) - raft.server.snapshot.auto.trigger.enabled = true (custom)
2019-09-06 01:32:31,392 [pool-27-thread-1] INFO  server.RaftServerConfigKeys (ConfUtils.java:logGet(43)) - raft.server.retrycache.expirytime = 600000ms (custom)
2019-09-06 01:32:31,392 [pool-57-thread-1] INFO  server.RaftServerConfigKeys (ConfUtils.java:logGet(43)) - raft.server.snapshot.auto.trigger.threshold = 10000 (custom)
2019-09-06 01:32:31,393 [pool-27-thread-1] INFO  impl.RaftServerImpl (RaftServerImpl.java:start(180)) - 6c86c079-35fe-41a5-81ad-74bc67566282: start group-B3F33337B0CD
2019-09-06 01:32:31,393 [pool-57-thread-1] INFO  server.RaftServerConfigKeys (ConfUtils.java:logGet(43)) - raft.server.retrycache.expirytime = 600000ms (custom)
2019-09-06 01:32:31,393 [pool-27-thread-1] INFO  impl.RaftServerImpl (RaftServerImpl.java:setRole(171)) - 6c86c079-35fe-41a5-81ad-74bc67566282:group-B3F33337B0CD changes role from null to FOLLOWER at term 0 for startAsFollower
2019-09-06 01:32:31,393 [pool-57-thread-1] INFO  impl.RaftServerImpl (RaftServerImpl.java:start(180)) - 870289ed-592e-405d-bfb3-05317591cb8f: start group-B3F33337B0CD
2019-09-06 01:32:31,393 [pool-27-thread-1] INFO  impl.RoleInfo (RoleInfo.java:updateAndGet(143)) - 6c86c079-35fe-41a5-81ad-74bc67566282: start FollowerState
2019-09-06 01:32:31,393 [pool-57-thread-1] INFO  impl.RaftServerImpl (RaftServerImpl.java:setRole(171)) - 870289ed-592e-405d-bfb3-05317591cb8f:group-B3F33337B0CD changes role from null to FOLLOWER at term 0 for startAsFollower
2019-09-06 01:32:31,393 [pool-57-thread-1] INFO  impl.RoleInfo (RoleInfo.java:updateAndGet(143)) - 870289ed-592e-405d-bfb3-05317591cb8f: start FollowerState
2019-09-06 01:32:31,393 [pool-27-thread-1] INFO  util.JmxRegister (JmxRegister.java:tryRegister(44)) - Successfully registered JMX Bean with object name Ratis:service=RaftServer,group=group-B3F33337B0CD,id=6c86c079-35fe-41a5-81ad-74bc67566282
2019-09-06 01:32:31,395 [pool-57-thread-1] INFO  util.JmxRegister (JmxRegister.java:tryRegister(44)) - Successfully registered JMX Bean with object name Ratis:service=RaftServer,group=group-B3F33337B0CD,id=870289ed-592e-405d-bfb3-05317591cb8f
2019-09-06 01:32:31,413 [RatisPipelineUtilsThread] INFO  pipeline.PipelineStateManager (PipelineStateManager.java:addPipeline(56)) - Created pipeline Pipeline[ Id: 5ae06e72-ea97-4d9d-b5ea-b3f33337b0cd, Nodes: 870289ed-592e-405d-bfb3-05317591cb8f{ip: 192.168.5.177, host: pr-hdds-2015-4zh84-2711163145, networkLocation: /default-rack, certSerialId: null}6c86c079-35fe-41a5-81ad-74bc67566282{ip: 192.168.5.177, host: pr-hdds-2015-4zh84-2711163145, networkLocation: /default-rack, certSerialId: null}464708cc-33c6-436e-95d3-9de97c0c1ce1{ip: 192.168.5.177, host: pr-hdds-2015-4zh84-2711163145, networkLocation: /default-rack, certSerialId: null}, Type:RATIS, Factor:THREE, State:OPEN]
2019-09-06 01:32:31,441 [grpc-default-executor-1] INFO  impl.RaftServerProxy (RaftServerProxy.java:addNew(89)) - e75310ea-4816-4f3e-a8c1-6cfd6a55ab33: addNew group-42DAD19A9C73:[50b26e9d-6920-4041-a912-937090afad9d:192.168.5.177:36666, 3617b605-ab9b-496e-bebe-b0470df29912:192.168.5.177:33995, e75310ea-4816-4f3e-a8c1-6cfd6a55ab33:192.168.5.177:42178] returns group-42DAD19A9C73:java.util.concurrent.CompletableFuture@754b4360[Not completed]
2019-09-06 01:32:31,442 [grpc-default-executor-2] INFO  impl.RaftServerProxy (RaftServerProxy.java:addNew(89)) - 3617b605-ab9b-496e-bebe-b0470df29912: addNew group-42DAD19A9C73:[50b26e9d-6920-4041-a912-937090afad9d:192.168.5.177:36666, 3617b605-ab9b-496e-bebe-b0470df29912:192.168.5.177:33995, e75310ea-4816-4f3e-a8c1-6cfd6a55ab33:192.168.5.177:42178] returns group-42DAD19A9C73:java.util.concurrent.CompletableFuture@1e6075d0[Not completed]
2019-09-06 01:32:31,442 [grpc-default-executor-0] INFO  impl.RaftServerProxy (RaftServerProxy.java:addNew(89)) - 50b26e9d-6920-4041-a912-937090afad9d: addNew group-42DAD19A9C73:[50b26e9d-6920-4041-a912-937090afad9d:192.168.5.177:36666, 3617b605-ab9b-496e-bebe-b0470df29912:192.168.5.177:33995, e75310ea-4816-4f3e-a8c1-6cfd6a55ab33:192.168.5.177:42178] returns group-42DAD19A9C73:java.util.concurrent.CompletableFuture@70990077[Not completed]
2019-09-06 01:32:31,445 [pool-87-thread-1] INFO  impl.RaftServerImpl (RaftServerImpl.java:<init>(93)) - e75310ea-4816-4f3e-a8c1-6cfd6a55ab33: new RaftServerImpl for group-42DAD19A9C73:[50b26e9d-6920-4041-a912-937090afad9d:192.168.5.177:36666, 3617b605-ab9b-496e-bebe-b0470df29912:192.168.5.177:33995, e75310ea-4816-4f3e-a8c1-6cfd6a55ab33:192.168.5.177:42178] with ContainerStateMachine:uninitialized
2019-09-06 01:32:31,445 [pool-87-thread-1] INFO  server.RaftServerConfigKeys (ConfUtils.java:logGet(43)) - raft.server.rpc.timeout.min = 5s (custom)
2019-09-06 01:32:31,445 [pool-87-thread-1] INFO  server.RaftServerConfigKeys (ConfUtils.java:logGet(43)) - raft.server.rpc.timeout.max = 5200ms (custom)
2019-09-06 01:32:31,445 [pool-87-thread-1] INFO  server.RaftServerConfigKeys (ConfUtils.java:logGet(43)) - raft.server.rpcslowness.timeout = 120s (custom)
2019-09-06 01:32:31,445 [pool-87-thread-1] INFO  server.RaftServerConfigKeys (ConfUtils.java:logGet(43)) - raft.server.sleep.deviation.threshold = 300 (default)
2019-09-06 01:32:31,445 [pool-87-thread-1] INFO  server.RaftServerConfigKeys (ConfUtils.java:logGet(43)) - raft.server.log.appender.install.snapshot.enabled = false (custom)
2019-09-06 01:32:31,445 [pool-87-thread-1] INFO  impl.RaftServerImpl (ServerState.java:<init>(105)) - e75310ea-4816-4f3e-a8c1-6cfd6a55ab33:group-42DAD19A9C73 ConfigurationManager, init=-1: [50b26e9d-6920-4041-a912-937090afad9d:192.168.5.177:36666, 3617b605-ab9b-496e-bebe-b0470df29912:192.168.5.177:33995, e75310ea-4816-4f3e-a8c1-6cfd6a55ab33:192.168.5.177:42178], old=null, confs=<EMPTY_MAP>
2019-09-06 01:32:31,445 [pool-87-thread-1] INFO  server.RaftServerConfigKeys (ConfUtils.java:logGet(43)) - raft.server.storage.dir = [/workdir/hadoop-ozone/integration-test/target/test-dir/MiniOzoneClusterImpl-b0be7eb2-cfe3-45ae-8723-bdb0b594c12d/datanode-6/data/ratis] (custom)
2019-09-06 01:32:31,446 [pool-67-thread-1] INFO  impl.RaftServerImpl (RaftServerImpl.java:<init>(93)) - 50b26e9d-6920-4041-a912-937090afad9d: new RaftServerImpl for group-42DAD19A9C73:[50b26e9d-6920-4041-a912-937090afad9d:192.168.5.177:36666, 3617b605-ab9b-496e-bebe-b0470df29912:192.168.5.177:33995, e75310ea-4816-4f3e-a8c1-6cfd6a55ab33:192.168.5.177:42178] with ContainerStateMachine:uninitialized
2019-09-06 01:32:31,446 [pool-67-thread-1] INFO  server.RaftServerConfigKeys (ConfUtils.java:logGet(43)) - raft.server.rpc.timeout.min = 5s (custom)
2019-09-06 01:32:31,446 [pool-87-thread-1] INFO  storage.RaftStorageDirectory (RaftStorageDirectory.java:analyzeStorage(246)) - The storage directory /workdir/hadoop-ozone/integration-test/target/test-dir/MiniOzoneClusterImpl-b0be7eb2-cfe3-45ae-8723-bdb0b594c12d/datanode-6/data/ratis/6fa605e2-8642-4c9c-bc7b-42dad19a9c73 does not exist. Creating ...
2019-09-06 01:32:31,446 [pool-67-thread-1] INFO  server.RaftServerConfigKeys (ConfUtils.java:logGet(43)) - raft.server.rpc.timeout.max = 5200ms (custom)
2019-09-06 01:32:31,446 [pool-67-thread-1] INFO  server.RaftServerConfigKeys (ConfUtils.java:logGet(43)) - raft.server.rpcslowness.timeout = 120s (custom)
2019-09-06 01:32:31,446 [pool-67-thread-1] INFO  server.RaftServerConfigKeys (ConfUtils.java:logGet(43)) - raft.server.sleep.deviation.threshold = 300 (default)
2019-09-06 01:32:31,446 [pool-47-thread-1] INFO  impl.RaftServerImpl (RaftServerImpl.java:<init>(93)) - 3617b605-ab9b-496e-bebe-b0470df29912: new RaftServerImpl for group-42DAD19A9C73:[50b26e9d-6920-4041-a912-937090afad9d:192.168.5.177:36666, 3617b605-ab9b-496e-bebe-b0470df29912:192.168.5.177:33995, e75310ea-4816-4f3e-a8c1-6cfd6a55ab33:192.168.5.177:42178] with ContainerStateMachine:uninitialized
2019-09-06 01:32:31,446 [pool-67-thread-1] INFO  server.RaftServerConfigKeys (ConfUtils.java:logGet(43)) - raft.server.log.appender.install.snapshot.enabled = false (custom)
2019-09-06 01:32:31,446 [pool-47-thread-1] INFO  server.RaftServerConfigKeys (ConfUtils.java:logGet(43)) - raft.server.rpc.timeout.min = 5s (custom)
2019-09-06 01:32:31,447 [pool-67-thread-1] INFO  impl.RaftServerImpl (ServerState.java:<init>(105)) - 50b26e9d-6920-4041-a912-937090afad9d:group-42DAD19A9C73 ConfigurationManager, init=-1: [50b26e9d-6920-4041-a912-937090afad9d:192.168.5.177:36666, 3617b605-ab9b-496e-bebe-b0470df29912:192.168.5.177:33995, e75310ea-4816-4f3e-a8c1-6cfd6a55ab33:192.168.5.177:42178], old=null, confs=<EMPTY_MAP>
2019-09-06 01:32:31,447 [pool-47-thread-1] INFO  server.RaftServerConfigKeys (ConfUtils.java:logGet(43)) - raft.server.rpc.timeout.max = 5200ms (custom)
2019-09-06 01:32:31,447 [pool-67-thread-1] INFO  server.RaftServerConfigKeys (ConfUtils.java:logGet(43)) - raft.server.storage.dir = [/workdir/hadoop-ozone/integration-test/target/test-dir/MiniOzoneClusterImpl-b0be7eb2-cfe3-45ae-8723-bdb0b594c12d/datanode-4/data/ratis] (custom)
2019-09-06 01:32:31,447 [pool-47-thread-1] INFO  server.RaftServerConfigKeys (ConfUtils.java:logGet(43)) - raft.server.rpcslowness.timeout = 120s (custom)
2019-09-06 01:32:31,447 [pool-47-thread-1] INFO  server.RaftServerConfigKeys (ConfUtils.java:logGet(43)) - raft.server.sleep.deviation.threshold = 300 (default)
2019-09-06 01:32:31,447 [pool-47-thread-1] INFO  server.RaftServerConfigKeys (ConfUtils.java:logGet(43)) - raft.server.log.appender.install.snapshot.enabled = false (custom)
2019-09-06 01:32:31,447 [pool-67-thread-1] INFO  storage.RaftStorageDirectory (RaftStorageDirectory.java:analyzeStorage(246)) - The storage directory /workdir/hadoop-ozone/integration-test/target/test-dir/MiniOzoneClusterImpl-b0be7eb2-cfe3-45ae-8723-bdb0b594c12d/datanode-4/data/ratis/6fa605e2-8642-4c9c-bc7b-42dad19a9c73 does not exist. Creating ...
2019-09-06 01:32:31,447 [pool-47-thread-1] INFO  impl.RaftServerImpl (ServerState.java:<init>(105)) - 3617b605-ab9b-496e-bebe-b0470df29912:group-42DAD19A9C73 ConfigurationManager, init=-1: [50b26e9d-6920-4041-a912-937090afad9d:192.168.5.177:36666, 3617b605-ab9b-496e-bebe-b0470df29912:192.168.5.177:33995, e75310ea-4816-4f3e-a8c1-6cfd6a55ab33:192.168.5.177:42178], old=null, confs=<EMPTY_MAP>
2019-09-06 01:32:31,447 [pool-47-thread-1] INFO  server.RaftServerConfigKeys (ConfUtils.java:logGet(43)) - raft.server.storage.dir = [/workdir/hadoop-ozone/integration-test/target/test-dir/MiniOzoneClusterImpl-b0be7eb2-cfe3-45ae-8723-bdb0b594c12d/datanode-2/data/ratis] (custom)
2019-09-06 01:32:31,448 [pool-47-thread-1] INFO  storage.RaftStorageDirectory (RaftStorageDirectory.java:analyzeStorage(246)) - The storage directory /workdir/hadoop-ozone/integration-test/target/test-dir/MiniOzoneClusterImpl-b0be7eb2-cfe3-45ae-8723-bdb0b594c12d/datanode-2/data/ratis/6fa605e2-8642-4c9c-bc7b-42dad19a9c73 does not exist. Creating ...
2019-09-06 01:32:31,464 [pool-67-thread-1] INFO  storage.RaftStorageDirectory (RaftStorageDirectory.java:tryLock(328)) - Lock on /workdir/hadoop-ozone/integration-test/target/test-dir/MiniOzoneClusterImpl-b0be7eb2-cfe3-45ae-8723-bdb0b594c12d/datanode-4/data/ratis/6fa605e2-8642-4c9c-bc7b-42dad19a9c73/in_use.lock acquired by nodename 29060@pr-hdds-2015-4zh84-2711163145
2019-09-06 01:32:31,464 [pool-47-thread-1] INFO  storage.RaftStorageDirectory (RaftStorageDirectory.java:tryLock(328)) - Lock on /workdir/hadoop-ozone/integration-test/target/test-dir/MiniOzoneClusterImpl-b0be7eb2-cfe3-45ae-8723-bdb0b594c12d/datanode-2/data/ratis/6fa605e2-8642-4c9c-bc7b-42dad19a9c73/in_use.lock acquired by nodename 29060@pr-hdds-2015-4zh84-2711163145
2019-09-06 01:32:31,464 [pool-87-thread-1] INFO  storage.RaftStorageDirectory (RaftStorageDirectory.java:tryLock(328)) - Lock on /workdir/hadoop-ozone/integration-test/target/test-dir/MiniOzoneClusterImpl-b0be7eb2-cfe3-45ae-8723-bdb0b594c12d/datanode-6/data/ratis/6fa605e2-8642-4c9c-bc7b-42dad19a9c73/in_use.lock acquired by nodename 29060@pr-hdds-2015-4zh84-2711163145
2019-09-06 01:32:31,498 [pool-67-thread-1] INFO  storage.RaftStorage (RaftStorage.java:format(72)) - Storage directory /workdir/hadoop-ozone/integration-test/target/test-dir/MiniOzoneClusterImpl-b0be7eb2-cfe3-45ae-8723-bdb0b594c12d/datanode-4/data/ratis/6fa605e2-8642-4c9c-bc7b-42dad19a9c73 has been successfully formatted.
2019-09-06 01:32:31,498 [pool-47-thread-1] INFO  storage.RaftStorage (RaftStorage.java:format(72)) - Storage directory /workdir/hadoop-ozone/integration-test/target/test-dir/MiniOzoneClusterImpl-b0be7eb2-cfe3-45ae-8723-bdb0b594c12d/datanode-2/data/ratis/6fa605e2-8642-4c9c-bc7b-42dad19a9c73 has been successfully formatted.
2019-09-06 01:32:31,498 [pool-87-thread-1] INFO  storage.RaftStorage (RaftStorage.java:format(72)) - Storage directory /workdir/hadoop-ozone/integration-test/target/test-dir/MiniOzoneClusterImpl-b0be7eb2-cfe3-45ae-8723-bdb0b594c12d/datanode-6/data/ratis/6fa605e2-8642-4c9c-bc7b-42dad19a9c73 has been successfully formatted.
2019-09-06 01:32:31,499 [pool-67-thread-1] INFO  ratis.ContainerStateMachine (ContainerStateMachine.java:loadSnapshot(227)) - group-42DAD19A9C73: The snapshot info is null. Setting the last applied indexto:(t:0, i:~)
2019-09-06 01:32:31,499 [pool-87-thread-1] INFO  ratis.ContainerStateMachine (ContainerStateMachine.java:loadSnapshot(227)) - group-42DAD19A9C73: The snapshot info is null. Setting the last applied indexto:(t:0, i:~)
2019-09-06 01:32:31,499 [pool-47-thread-1] INFO  ratis.ContainerStateMachine (ContainerStateMachine.java:loadSnapshot(227)) - group-42DAD19A9C73: The snapshot info is null. Setting the last applied indexto:(t:0, i:~)
2019-09-06 01:32:31,499 [pool-87-thread-1] INFO  server.RaftServerConfigKeys (ConfUtils.java:logGet(43)) - raft.server.leader.election.timeout = 120s (custom)
2019-09-06 01:32:31,499 [pool-67-thread-1] INFO  server.RaftServerConfigKeys (ConfUtils.java:logGet(43)) - raft.server.leader.election.timeout = 120s (custom)
2019-09-06 01:32:31,499 [pool-87-thread-1] INFO  server.RaftServerConfigKeys (ConfUtils.java:logGet(43)) - raft.server.log.use.memory = false (default)
2019-09-06 01:32:31,499 [pool-47-thread-1] INFO  server.RaftServerConfigKeys (ConfUtils.java:logGet(43)) - raft.server.leader.election.timeout = 120s (custom)
2019-09-06 01:32:31,499 [pool-67-thread-1] INFO  server.RaftServerConfigKeys (ConfUtils.java:logGet(43)) - raft.server.log.use.memory = false (default)
2019-09-06 01:32:31,500 [pool-87-thread-1] INFO  server.RaftServerConfigKeys (ConfUtils.java:logGet(43)) - raft.server.log.purge.gap = 1000000 (custom)
2019-09-06 01:32:31,500 [pool-47-thread-1] INFO  server.RaftServerConfigKeys (ConfUtils.java:logGet(43)) - raft.server.log.use.memory = false (default)
2019-09-06 01:32:31,500 [pool-87-thread-1] INFO  server.RaftServerConfigKeys (ConfUtils.java:logGet(43)) - raft.server.log.appender.buffer.byte-limit = 33554432 (custom)
2019-09-06 01:32:31,500 [pool-67-thread-1] INFO  server.RaftServerConfigKeys (ConfUtils.java:logGet(43)) - raft.server.log.purge.gap = 1000000 (custom)
2019-09-06 01:32:31,500 [pool-87-thread-1] INFO  server.RaftServerConfigKeys (ConfUtils.java:logGet(43)) - raft.server.log.segment.size.max = 1048576 (custom)
2019-09-06 01:32:31,500 [pool-47-thread-1] INFO  server.RaftServerConfigKeys (ConfUtils.java:logGet(43)) - raft.server.log.purge.gap = 1000000 (custom)
2019-09-06 01:32:31,500 [pool-87-thread-1] INFO  server.RaftServerConfigKeys (ConfUtils.java:logGet(43)) - raft.server.log.segment.cache.num.max = 2 (custom)
2019-09-06 01:32:31,500 [pool-67-thread-1] INFO  server.RaftServerConfigKeys (ConfUtils.java:logGet(43)) - raft.server.log.appender.buffer.byte-limit = 33554432 (custom)
2019-09-06 01:32:31,500 [pool-87-thread-1] INFO  segmented.SegmentedRaftLogWorker (SegmentedRaftLogWorker.java:<init>(172)) - new e75310ea-4816-4f3e-a8c1-6cfd6a55ab33-SegmentedRaftLogWorker:Storage Directory /workdir/hadoop-ozone/integration-test/target/test-dir/MiniOzoneClusterImpl-b0be7eb2-cfe3-45ae-8723-bdb0b594c12d/datanode-6/data/ratis/6fa605e2-8642-4c9c-bc7b-42dad19a9c73 for RaftStorage:Storage Directory /workdir/hadoop-ozone/integration-test/target/test-dir/MiniOzoneClusterImpl-b0be7eb2-cfe3-45ae-8723-bdb0b594c12d/datanode-6/data/ratis/6fa605e2-8642-4c9c-bc7b-42dad19a9c73
2019-09-06 01:32:31,500 [pool-47-thread-1] INFO  server.RaftServerConfigKeys (ConfUtils.java:logGet(43)) - raft.server.log.appender.buffer.byte-limit = 33554432 (custom)
2019-09-06 01:32:31,501 [pool-87-thread-1] INFO  server.RaftServerConfigKeys (ConfUtils.java:logGet(43)) - raft.server.log.queue.byte-limit = 2147483647 (custom)
2019-09-06 01:32:31,500 [pool-67-thread-1] INFO  server.RaftServerConfigKeys (ConfUtils.java:logGet(43)) - raft.server.log.segment.size.max = 1048576 (custom)
2019-09-06 01:32:31,503 [pool-87-thread-1] INFO  server.RaftServerConfigKeys (ConfUtils.java:logGet(43)) - raft.server.log.queue.element-limit = 1024 (custom)
2019-09-06 01:32:31,501 [pool-47-thread-1] INFO  server.RaftServerConfigKeys (ConfUtils.java:logGet(43)) - raft.server.log.segment.size.max = 1048576 (custom)
2019-09-06 01:32:31,503 [pool-87-thread-1] INFO  server.RaftServerConfigKeys (ConfUtils.java:logGet(43)) - raft.server.log.segment.size.max = 1048576 (custom)
2019-09-06 01:32:31,503 [pool-67-thread-1] INFO  server.RaftServerConfigKeys (ConfUtils.java:logGet(43)) - raft.server.log.segment.cache.num.max = 2 (custom)
2019-09-06 01:32:31,503 [pool-87-thread-1] INFO  server.RaftServerConfigKeys (ConfUtils.java:logGet(43)) - raft.server.log.preallocated.size = 16384 (custom)
2019-09-06 01:32:31,503 [pool-47-thread-1] INFO  server.RaftServerConfigKeys (ConfUtils.java:logGet(43)) - raft.server.log.segment.cache.num.max = 2 (custom)
2019-09-06 01:32:31,503 [pool-87-thread-1] INFO  server.RaftServerConfigKeys (ConfUtils.java:logGet(43)) - raft.server.log.write.buffer.size = 33554432 (custom)
2019-09-06 01:32:31,504 [pool-87-thread-1] INFO  server.RaftServerConfigKeys (ConfUtils.java:logGet(43)) - raft.server.log.force.sync.num = 128 (default)
2019-09-06 01:32:31,503 [pool-67-thread-1] INFO  segmented.SegmentedRaftLogWorker (SegmentedRaftLogWorker.java:<init>(172)) - new 50b26e9d-6920-4041-a912-937090afad9d-SegmentedRaftLogWorker:Storage Directory /workdir/hadoop-ozone/integration-test/target/test-dir/MiniOzoneClusterImpl-b0be7eb2-cfe3-45ae-8723-bdb0b594c12d/datanode-4/data/ratis/6fa605e2-8642-4c9c-bc7b-42dad19a9c73 for RaftStorage:Storage Directory /workdir/hadoop-ozone/integration-test/target/test-dir/MiniOzoneClusterImpl-b0be7eb2-cfe3-45ae-8723-bdb0b594c12d/datanode-4/data/ratis/6fa605e2-8642-4c9c-bc7b-42dad19a9c73
2019-09-06 01:32:31,504 [pool-87-thread-1] INFO  server.RaftServerConfigKeys (ConfUtils.java:logGet(43)) - raft.server.log.statemachine.data.sync = true (default)
2019-09-06 01:32:31,504 [pool-47-thread-1] INFO  segmented.SegmentedRaftLogWorker (SegmentedRaftLogWorker.java:<init>(172)) - new 3617b605-ab9b-496e-bebe-b0470df29912-SegmentedRaftLogWorker:Storage Directory /workdir/hadoop-ozone/integration-test/target/test-dir/MiniOzoneClusterImpl-b0be7eb2-cfe3-45ae-8723-bdb0b594c12d/datanode-2/data/ratis/6fa605e2-8642-4c9c-bc7b-42dad19a9c73 for RaftStorage:Storage Directory /workdir/hadoop-ozone/integration-test/target/test-dir/MiniOzoneClusterImpl-b0be7eb2-cfe3-45ae-8723-bdb0b594c12d/datanode-2/data/ratis/6fa605e2-8642-4c9c-bc7b-42dad19a9c73
2019-09-06 01:32:31,504 [pool-87-thread-1] INFO  server.RaftServerConfigKeys (ConfUtils.java:logGet(43)) - raft.server.log.statemachine.data.sync.timeout = 10s (default)
2019-09-06 01:32:31,504 [pool-67-thread-1] INFO  server.RaftServerConfigKeys (ConfUtils.java:logGet(43)) - raft.server.log.queue.byte-limit = 2147483647 (custom)
2019-09-06 01:32:31,505 [pool-87-thread-1] INFO  server.RaftServerConfigKeys (ConfUtils.java:logGet(43)) - raft.server.log.statemachine.data.sync.timeout.retry = -1 (default)
2019-09-06 01:32:31,505 [pool-47-thread-1] INFO  server.RaftServerConfigKeys (ConfUtils.java:logGet(43)) - raft.server.log.queue.byte-limit = 2147483647 (custom)
2019-09-06 01:32:31,507 [pool-87-thread-1] INFO  server.RaftServerConfigKeys (ConfUtils.java:logGet(43)) - raft.server.log.statemachine.data.caching.enabled = true (custom)
2019-09-06 01:32:31,507 [pool-67-thread-1] INFO  server.RaftServerConfigKeys (ConfUtils.java:logGet(43)) - raft.server.log.queue.element-limit = 1024 (custom)
2019-09-06 01:32:31,507 [pool-47-thread-1] INFO  server.RaftServerConfigKeys (ConfUtils.java:logGet(43)) - raft.server.log.queue.element-limit = 1024 (custom)
2019-09-06 01:32:31,507 [pool-67-thread-1] INFO  server.RaftServerConfigKeys (ConfUtils.java:logGet(43)) - raft.server.log.segment.size.max = 1048576 (custom)
2019-09-06 01:32:31,507 [pool-87-thread-1] INFO  segmented.SegmentedRaftLogWorker (SegmentedRaftLogWorker.java:lambda$new$0(132)) - e75310ea-4816-4f3e-a8c1-6cfd6a55ab33-SegmentedRaftLogWorker:Storage Directory /workdir/hadoop-ozone/integration-test/target/test-dir/MiniOzoneClusterImpl-b0be7eb2-cfe3-45ae-8723-bdb0b594c12d/datanode-6/data/ratis/6fa605e2-8642-4c9c-bc7b-42dad19a9c73: flushIndex: setUnconditionally 0 -> -1
2019-09-06 01:32:31,507 [pool-47-thread-1] INFO  server.RaftServerConfigKeys (ConfUtils.java:logGet(43)) - raft.server.log.segment.size.max = 1048576 (custom)
2019-09-06 01:32:31,507 [pool-67-thread-1] INFO  server.RaftServerConfigKeys (ConfUtils.java:logGet(43)) - raft.server.log.preallocated.size = 16384 (custom)
2019-09-06 01:32:31,507 [pool-87-thread-1] INFO  server.RaftServerConfigKeys (ConfUtils.java:logGet(43)) - raft.server.snapshot.auto.trigger.enabled = true (custom)
2019-09-06 01:32:31,507 [pool-47-thread-1] INFO  server.RaftServerConfigKeys (ConfUtils.java:logGet(43)) - raft.server.log.preallocated.size = 16384 (custom)
2019-09-06 01:32:31,507 [pool-67-thread-1] INFO  server.RaftServerConfigKeys (ConfUtils.java:logGet(43)) - raft.server.log.write.buffer.size = 33554432 (custom)
2019-09-06 01:32:31,508 [pool-47-thread-1] INFO  server.RaftServerConfigKeys (ConfUtils.java:logGet(43)) - raft.server.log.write.buffer.size = 33554432 (custom)
2019-09-06 01:32:31,508 [pool-87-thread-1] INFO  server.RaftServerConfigKeys (ConfUtils.java:logGet(43)) - raft.server.snapshot.auto.trigger.threshold = 10000 (custom)
2019-09-06 01:32:31,508 [pool-47-thread-1] INFO  server.RaftServerConfigKeys (ConfUtils.java:logGet(43)) - raft.server.log.force.sync.num = 128 (default)
2019-09-06 01:32:31,508 [pool-67-thread-1] INFO  server.RaftServerConfigKeys (ConfUtils.java:logGet(43)) - raft.server.log.force.sync.num = 128 (default)
2019-09-06 01:32:31,508 [pool-47-thread-1] INFO  server.RaftServerConfigKeys (ConfUtils.java:logGet(43)) - raft.server.log.statemachine.data.sync = true (default)
2019-09-06 01:32:31,508 [pool-87-thread-1] INFO  server.RaftServerConfigKeys (ConfUtils.java:logGet(43)) - raft.server.retrycache.expirytime = 600000ms (custom)
2019-09-06 01:32:31,508 [pool-47-thread-1] INFO  server.RaftServerConfigKeys (ConfUtils.java:logGet(43)) - raft.server.log.statemachine.data.sync.timeout = 10s (default)
2019-09-06 01:32:31,508 [pool-67-thread-1] INFO  server.RaftServerConfigKeys (ConfUtils.java:logGet(43)) - raft.server.log.statemachine.data.sync = true (default)
2019-09-06 01:32:31,508 [pool-47-thread-1] INFO  server.RaftServerConfigKeys (ConfUtils.java:logGet(43)) - raft.server.log.statemachine.data.sync.timeout.retry = -1 (default)
2019-09-06 01:32:31,508 [pool-87-thread-1] INFO  impl.RaftServerImpl (RaftServerImpl.java:start(180)) - e75310ea-4816-4f3e-a8c1-6cfd6a55ab33: start group-42DAD19A9C73
2019-09-06 01:32:31,509 [pool-47-thread-1] INFO  server.RaftServerConfigKeys (ConfUtils.java:logGet(43)) - raft.server.log.statemachine.data.caching.enabled = true (custom)
2019-09-06 01:32:31,509 [pool-67-thread-1] INFO  server.RaftServerConfigKeys (ConfUtils.java:logGet(43)) - raft.server.log.statemachine.data.sync.timeout = 10s (default)
2019-09-06 01:32:31,509 [pool-87-thread-1] INFO  impl.RaftServerImpl (RaftServerImpl.java:setRole(171)) - e75310ea-4816-4f3e-a8c1-6cfd6a55ab33:group-42DAD19A9C73 changes role from null to FOLLOWER at term 0 for startAsFollower
2019-09-06 01:32:31,509 [pool-47-thread-1] INFO  segmented.SegmentedRaftLogWorker (SegmentedRaftLogWorker.java:lambda$new$0(132)) - 3617b605-ab9b-496e-bebe-b0470df29912-SegmentedRaftLogWorker:Storage Directory /workdir/hadoop-ozone/integration-test/target/test-dir/MiniOzoneClusterImpl-b0be7eb2-cfe3-45ae-8723-bdb0b594c12d/datanode-2/data/ratis/6fa605e2-8642-4c9c-bc7b-42dad19a9c73: flushIndex: setUnconditionally 0 -> -1
2019-09-06 01:32:31,509 [pool-67-thread-1] INFO  server.RaftServerConfigKeys (ConfUtils.java:logGet(43)) - raft.server.log.statemachine.data.sync.timeout.retry = -1 (default)
2019-09-06 01:32:31,509 [pool-87-thread-1] INFO  impl.RoleInfo (RoleInfo.java:updateAndGet(143)) - e75310ea-4816-4f3e-a8c1-6cfd6a55ab33: start FollowerState
2019-09-06 01:32:31,509 [pool-47-thread-1] INFO  server.RaftServerConfigKeys (ConfUtils.java:logGet(43)) - raft.server.snapshot.auto.trigger.enabled = true (custom)
2019-09-06 01:32:31,509 [pool-67-thread-1] INFO  server.RaftServerConfigKeys (ConfUtils.java:logGet(43)) - raft.server.log.statemachine.data.caching.enabled = true (custom)
2019-09-06 01:32:31,509 [pool-47-thread-1] INFO  server.RaftServerConfigKeys (ConfUtils.java:logGet(43)) - raft.server.snapshot.auto.trigger.threshold = 10000 (custom)
2019-09-06 01:32:31,510 [pool-87-thread-1] INFO  util.JmxRegister (JmxRegister.java:tryRegister(44)) - Successfully registered JMX Bean with object name Ratis:service=RaftServer,group=group-42DAD19A9C73,id=e75310ea-4816-4f3e-a8c1-6cfd6a55ab33
2019-09-06 01:32:31,510 [pool-47-thread-1] INFO  server.RaftServerConfigKeys (ConfUtils.java:logGet(43)) - raft.server.retrycache.expirytime = 600000ms (custom)
2019-09-06 01:32:31,510 [pool-67-thread-1] INFO  segmented.SegmentedRaftLogWorker (SegmentedRaftLogWorker.java:lambda$new$0(132)) - 50b26e9d-6920-4041-a912-937090afad9d-SegmentedRaftLogWorker:Storage Directory /workdir/hadoop-ozone/integration-test/target/test-dir/MiniOzoneClusterImpl-b0be7eb2-cfe3-45ae-8723-bdb0b594c12d/datanode-4/data/ratis/6fa605e2-8642-4c9c-bc7b-42dad19a9c73: flushIndex: setUnconditionally 0 -> -1
2019-09-06 01:32:31,510 [pool-47-thread-1] INFO  impl.RaftServerImpl (RaftServerImpl.java:start(180)) - 3617b605-ab9b-496e-bebe-b0470df29912: start group-42DAD19A9C73
2019-09-06 01:32:31,510 [pool-47-thread-1] INFO  impl.RaftServerImpl (RaftServerImpl.java:setRole(171)) - 3617b605-ab9b-496e-bebe-b0470df29912:group-42DAD19A9C73 changes role from null to FOLLOWER at term 0 for startAsFollower
2019-09-06 01:32:31,510 [pool-67-thread-1] INFO  server.RaftServerConfigKeys (ConfUtils.java:logGet(43)) - raft.server.snapshot.auto.trigger.enabled = true (custom)
2019-09-06 01:32:31,510 [pool-47-thread-1] INFO  impl.RoleInfo (RoleInfo.java:updateAndGet(143)) - 3617b605-ab9b-496e-bebe-b0470df29912: start FollowerState
2019-09-06 01:32:31,510 [pool-67-thread-1] INFO  server.RaftServerConfigKeys (ConfUtils.java:logGet(43)) - raft.server.snapshot.auto.trigger.threshold = 10000 (custom)
2019-09-06 01:32:31,510 [pool-67-thread-1] INFO  server.RaftServerConfigKeys (ConfUtils.java:logGet(43)) - raft.server.retrycache.expirytime = 600000ms (custom)
2019-09-06 01:32:31,510 [pool-47-thread-1] INFO  util.JmxRegister (JmxRegister.java:tryRegister(44)) - Successfully registered JMX Bean with object name Ratis:service=RaftServer,group=group-42DAD19A9C73,id=3617b605-ab9b-496e-bebe-b0470df29912
2019-09-06 01:32:31,511 [pool-67-thread-1] INFO  impl.RaftServerImpl (RaftServerImpl.java:start(180)) - 50b26e9d-6920-4041-a912-937090afad9d: start group-42DAD19A9C73
2019-09-06 01:32:31,511 [pool-67-thread-1] INFO  impl.RaftServerImpl (RaftServerImpl.java:setRole(171)) - 50b26e9d-6920-4041-a912-937090afad9d:group-42DAD19A9C73 changes role from null to FOLLOWER at term 0 for startAsFollower
2019-09-06 01:32:31,511 [pool-67-thread-1] INFO  impl.RoleInfo (RoleInfo.java:updateAndGet(143)) - 50b26e9d-6920-4041-a912-937090afad9d: start FollowerState
2019-09-06 01:32:31,511 [pool-67-thread-1] INFO  util.JmxRegister (JmxRegister.java:tryRegister(44)) - Successfully registered JMX Bean with object name Ratis:service=RaftServer,group=group-42DAD19A9C73,id=50b26e9d-6920-4041-a912-937090afad9d
2019-09-06 01:32:31,525 [RatisPipelineUtilsThread] INFO  pipeline.PipelineStateManager (PipelineStateManager.java:addPipeline(56)) - Created pipeline Pipeline[ Id: 6fa605e2-8642-4c9c-bc7b-42dad19a9c73, Nodes: e75310ea-4816-4f3e-a8c1-6cfd6a55ab33{ip: 192.168.5.177, host: pr-hdds-2015-4zh84-2711163145, networkLocation: /default-rack, certSerialId: null}3617b605-ab9b-496e-bebe-b0470df29912{ip: 192.168.5.177, host: pr-hdds-2015-4zh84-2711163145, networkLocation: /default-rack, certSerialId: null}50b26e9d-6920-4041-a912-937090afad9d{ip: 192.168.5.177, host: pr-hdds-2015-4zh84-2711163145, networkLocation: /default-rack, certSerialId: null}, Type:RATIS, Factor:THREE, State:OPEN]
2019-09-06 01:32:32,015 [grpc-default-executor-0] INFO  client.GrpcClientProtocolClient (GrpcClientProtocolClient.java:onNext(255)) - client-F2935FA3D974->e75310ea-4816-4f3e-a8c1-6cfd6a55ab33: receive RaftClientReply:client-F2935FA3D974->e75310ea-4816-4f3e-a8c1-6cfd6a55ab33@group-42DAD19A9C73, cid=13, FAILED org.apache.ratis.protocol.NotLeaderException: Server e75310ea-4816-4f3e-a8c1-6cfd6a55ab33 is not the leader (null). Request must be sent to leader., logIndex=0, commits[e75310ea-4816-4f3e-a8c1-6cfd6a55ab33:c-1]
2019-09-06 01:32:32,048 [Thread-238] INFO  container.ReplicationManager (ReplicationManager.java:start(162)) - Starting Replication Monitor Thread.
2019-09-06 01:32:32,054 [ReplicationMonitor] INFO  container.ReplicationManager (ReplicationManager.java:run(225)) - Replication Monitor Thread took 3 milliseconds for processing 1 containers.
2019-09-06 01:32:33,070 [grpc-default-executor-2] INFO  client.GrpcClientProtocolClient (GrpcClientProtocolClient.java:onNext(255)) - client-F2935FA3D974->3617b605-ab9b-496e-bebe-b0470df29912: receive RaftClientReply:client-F2935FA3D974->3617b605-ab9b-496e-bebe-b0470df29912@group-42DAD19A9C73, cid=13, FAILED org.apache.ratis.protocol.NotLeaderException: Server 3617b605-ab9b-496e-bebe-b0470df29912 is not the leader (null). Request must be sent to leader., logIndex=0, commits[3617b605-ab9b-496e-bebe-b0470df29912:c-1]
2019-09-06 01:32:34,104 [grpc-default-executor-2] INFO  client.GrpcClientProtocolClient (GrpcClientProtocolClient.java:onNext(255)) - client-F2935FA3D974->e75310ea-4816-4f3e-a8c1-6cfd6a55ab33: receive RaftClientReply:client-F2935FA3D974->e75310ea-4816-4f3e-a8c1-6cfd6a55ab33@group-42DAD19A9C73, cid=13, FAILED org.apache.ratis.protocol.NotLeaderException: Server e75310ea-4816-4f3e-a8c1-6cfd6a55ab33 is not the leader (null). Request must be sent to leader., logIndex=0, commits[e75310ea-4816-4f3e-a8c1-6cfd6a55ab33:c-1]
2019-09-06 01:32:35,122 [grpc-default-executor-0] INFO  client.GrpcClientProtocolClient (GrpcClientProtocolClient.java:onNext(255)) - client-F2935FA3D974->50b26e9d-6920-4041-a912-937090afad9d: receive RaftClientReply:client-F2935FA3D974->50b26e9d-6920-4041-a912-937090afad9d@group-42DAD19A9C73, cid=13, FAILED org.apache.ratis.protocol.NotLeaderException: Server 50b26e9d-6920-4041-a912-937090afad9d is not the leader (null). Request must be sent to leader., logIndex=0, commits[50b26e9d-6920-4041-a912-937090afad9d:c-1]
2019-09-06 01:32:35,603 [Thread-240] INFO  impl.FollowerState (FollowerState.java:run(106)) - 6c86c079-35fe-41a5-81ad-74bc67566282:group-3216EF3FDEC7 changes to CANDIDATE, lastRpcTime:5171, electionTimeout:5170ms
2019-09-06 01:32:35,605 [Thread-240] INFO  impl.RoleInfo (RoleInfo.java:shutdownFollowerState(121)) - 6c86c079-35fe-41a5-81ad-74bc67566282: shutdown FollowerState
2019-09-06 01:32:35,606 [Thread-240] INFO  impl.RaftServerImpl (RaftServerImpl.java:setRole(171)) - 6c86c079-35fe-41a5-81ad-74bc67566282:group-3216EF3FDEC7 changes role from FOLLOWER to CANDIDATE at term 0 for changeToCandidate
2019-09-06 01:32:35,611 [Thread-240] INFO  impl.RoleInfo (RoleInfo.java:updateAndGet(143)) - 6c86c079-35fe-41a5-81ad-74bc67566282: start LeaderElection
2019-09-06 01:32:35,625 [6c86c079-35fe-41a5-81ad-74bc67566282:group-3216EF3FDEC7:LeaderElection1] INFO  impl.LeaderElection (LeaderElection.java:askForVotes(181)) - 6c86c079-35fe-41a5-81ad-74bc67566282:group-3216EF3FDEC7:LeaderElection1: begin an election at term 1 for -1: [6c86c079-35fe-41a5-81ad-74bc67566282:192.168.5.177:32957], old=null
2019-09-06 01:32:35,628 [6c86c079-35fe-41a5-81ad-74bc67566282:group-3216EF3FDEC7:LeaderElection1] INFO  impl.RoleInfo (RoleInfo.java:shutdownLeaderElection(134)) - 6c86c079-35fe-41a5-81ad-74bc67566282: shutdown LeaderElection
2019-09-06 01:32:35,629 [6c86c079-35fe-41a5-81ad-74bc67566282:group-3216EF3FDEC7:LeaderElection1] INFO  impl.RaftServerImpl (RaftServerImpl.java:setRole(171)) - 6c86c079-35fe-41a5-81ad-74bc67566282:group-3216EF3FDEC7 changes role from CANDIDATE to LEADER at term 1 for changeToLeader
2019-09-06 01:32:35,629 [6c86c079-35fe-41a5-81ad-74bc67566282:group-3216EF3FDEC7:LeaderElection1] INFO  impl.RaftServerImpl (ServerState.java:setLeader(263)) - 6c86c079-35fe-41a5-81ad-74bc67566282:group-3216EF3FDEC7 change Leader from null to 6c86c079-35fe-41a5-81ad-74bc67566282 at term 1 for becomeLeader, leader elected after 5374ms
2019-09-06 01:32:35,635 [6c86c079-35fe-41a5-81ad-74bc67566282:group-3216EF3FDEC7:LeaderElection1] INFO  server.RaftServerConfigKeys (ConfUtils.java:logGet(43)) - raft.server.staging.catchup.gap = 1000 (default)
2019-09-06 01:32:35,636 [6c86c079-35fe-41a5-81ad-74bc67566282:group-3216EF3FDEC7:LeaderElection1] INFO  server.RaftServerConfigKeys (ConfUtils.java:logGet(43)) - raft.server.rpc.sleep.time = 25ms (default)
2019-09-06 01:32:35,638 [6c86c079-35fe-41a5-81ad-74bc67566282:group-3216EF3FDEC7:LeaderElection1] INFO  server.RaftServerConfigKeys (ConfUtils.java:logGet(43)) - raft.server.write.element-limit = 4096 (default)
2019-09-06 01:32:35,641 [6c86c079-35fe-41a5-81ad-74bc67566282:group-3216EF3FDEC7:LeaderElection1] INFO  server.RaftServerConfigKeys (ConfUtils.java:logGet(43)) - raft.server.watch.timeout = 10s (default)
2019-09-06 01:32:35,641 [6c86c079-35fe-41a5-81ad-74bc67566282:group-3216EF3FDEC7:LeaderElection1] INFO  server.RaftServerConfigKeys (ConfUtils.java:logGet(43)) - raft.server.watch.timeout.denomination = 1s (default)
2019-09-06 01:32:35,642 [6c86c079-35fe-41a5-81ad-74bc67566282:group-3216EF3FDEC7:LeaderElection1] INFO  server.RaftServerConfigKeys (ConfUtils.java:logGet(43)) - raft.server.watch.element-limit = 65536 (default)
2019-09-06 01:32:35,651 [6c86c079-35fe-41a5-81ad-74bc67566282:group-3216EF3FDEC7:LeaderElection1] INFO  impl.RoleInfo (RoleInfo.java:updateAndGet(143)) - 6c86c079-35fe-41a5-81ad-74bc67566282: start LeaderState
2019-09-06 01:32:35,676 [6c86c079-35fe-41a5-81ad-74bc67566282:group-3216EF3FDEC7:LeaderElection1] INFO  segmented.SegmentedRaftLogWorker (SegmentedRaftLogWorker.java:startLogSegment(380)) - 6c86c079-35fe-41a5-81ad-74bc67566282-SegmentedRaftLogWorker:Storage Directory /workdir/hadoop-ozone/integration-test/target/test-dir/MiniOzoneClusterImpl-b0be7eb2-cfe3-45ae-8723-bdb0b594c12d/datanode-0/data/ratis/9eae7f11-ee11-40d2-9ad1-3216ef3fdec7: Starting segment from index:0
2019-09-06 01:32:35,683 [6c86c079-35fe-41a5-81ad-74bc67566282:group-3216EF3FDEC7:LeaderElection1] INFO  impl.RaftServerImpl (ServerState.java:setRaftConf(361)) - 6c86c079-35fe-41a5-81ad-74bc67566282:group-3216EF3FDEC7 set configuration 0: [6c86c079-35fe-41a5-81ad-74bc67566282:192.168.5.177:32957], old=null at 0
2019-09-06 01:32:35,833 [6c86c079-35fe-41a5-81ad-74bc67566282-SegmentedRaftLogWorker:Storage Directory /workdir/hadoop-ozone/integration-test/target/test-dir/MiniOzoneClusterImpl-b0be7eb2-cfe3-45ae-8723-bdb0b594c12d/datanode-0/data/ratis/9eae7f11-ee11-40d2-9ad1-3216ef3fdec7] INFO  segmented.SegmentedRaftLogWorker (SegmentedRaftLogWorker.java:execute(569)) - 6c86c079-35fe-41a5-81ad-74bc67566282-SegmentedRaftLogWorker:Storage Directory /workdir/hadoop-ozone/integration-test/target/test-dir/MiniOzoneClusterImpl-b0be7eb2-cfe3-45ae-8723-bdb0b594c12d/datanode-0/data/ratis/9eae7f11-ee11-40d2-9ad1-3216ef3fdec7: created new log segment /workdir/hadoop-ozone/integration-test/target/test-dir/MiniOzoneClusterImpl-b0be7eb2-cfe3-45ae-8723-bdb0b594c12d/datanode-0/data/ratis/9eae7f11-ee11-40d2-9ad1-3216ef3fdec7/current/log_inprogress_0
2019-09-06 01:32:35,905 [Thread-244] INFO  impl.FollowerState (FollowerState.java:run(106)) - 870289ed-592e-405d-bfb3-05317591cb8f:group-E94525843AFB changes to CANDIDATE, lastRpcTime:5136, electionTimeout:5135ms
2019-09-06 01:32:35,907 [Thread-244] INFO  impl.RoleInfo (RoleInfo.java:shutdownFollowerState(121)) - 870289ed-592e-405d-bfb3-05317591cb8f: shutdown FollowerState
2019-09-06 01:32:35,908 [Thread-244] INFO  impl.RaftServerImpl (RaftServerImpl.java:setRole(171)) - 870289ed-592e-405d-bfb3-05317591cb8f:group-E94525843AFB changes role from FOLLOWER to CANDIDATE at term 0 for changeToCandidate
2019-09-06 01:32:35,908 [Thread-244] INFO  impl.RoleInfo (RoleInfo.java:updateAndGet(143)) - 870289ed-592e-405d-bfb3-05317591cb8f: start LeaderElection
2019-09-06 01:32:35,917 [870289ed-592e-405d-bfb3-05317591cb8f:group-E94525843AFB:LeaderElection2] INFO  impl.LeaderElection (LeaderElection.java:askForVotes(181)) - 870289ed-592e-405d-bfb3-05317591cb8f:group-E94525843AFB:LeaderElection2: begin an election at term 1 for -1: [870289ed-592e-405d-bfb3-05317591cb8f:192.168.5.177:44996], old=null
2019-09-06 01:32:35,929 [870289ed-592e-405d-bfb3-05317591cb8f:group-E94525843AFB:LeaderElection2] INFO  impl.RoleInfo (RoleInfo.java:shutdownLeaderElection(134)) - 870289ed-592e-405d-bfb3-05317591cb8f: shutdown LeaderElection
2019-09-06 01:32:35,929 [870289ed-592e-405d-bfb3-05317591cb8f:group-E94525843AFB:LeaderElection2] INFO  impl.RaftServerImpl (RaftServerImpl.java:setRole(171)) - 870289ed-592e-405d-bfb3-05317591cb8f:group-E94525843AFB changes role from CANDIDATE to LEADER at term 1 for changeToLeader
2019-09-06 01:32:35,929 [870289ed-592e-405d-bfb3-05317591cb8f:group-E94525843AFB:LeaderElection2] INFO  impl.RaftServerImpl (ServerState.java:setLeader(263)) - 870289ed-592e-405d-bfb3-05317591cb8f:group-E94525843AFB change Leader from null to 870289ed-592e-405d-bfb3-05317591cb8f at term 1 for becomeLeader, leader elected after 5166ms
2019-09-06 01:32:35,931 [870289ed-592e-405d-bfb3-05317591cb8f:group-E94525843AFB:LeaderElection2] INFO  server.RaftServerConfigKeys (ConfUtils.java:logGet(43)) - raft.server.staging.catchup.gap = 1000 (default)
2019-09-06 01:32:35,931 [870289ed-592e-405d-bfb3-05317591cb8f:group-E94525843AFB:LeaderElection2] INFO  server.RaftServerConfigKeys (ConfUtils.java:logGet(43)) - raft.server.rpc.sleep.time = 25ms (default)
2019-09-06 01:32:35,931 [870289ed-592e-405d-bfb3-05317591cb8f:group-E94525843AFB:LeaderElection2] INFO  server.RaftServerConfigKeys (ConfUtils.java:logGet(43)) - raft.server.write.element-limit = 4096 (default)
2019-09-06 01:32:35,931 [870289ed-592e-405d-bfb3-05317591cb8f:group-E94525843AFB:LeaderElection2] INFO  server.RaftServerConfigKeys (ConfUtils.java:logGet(43)) - raft.server.watch.timeout = 10s (default)
2019-09-06 01:32:35,932 [870289ed-592e-405d-bfb3-05317591cb8f:group-E94525843AFB:LeaderElection2] INFO  server.RaftServerConfigKeys (ConfUtils.java:logGet(43)) - raft.server.watch.timeout.denomination = 1s (default)
2019-09-06 01:32:35,932 [870289ed-592e-405d-bfb3-05317591cb8f:group-E94525843AFB:LeaderElection2] INFO  server.RaftServerConfigKeys (ConfUtils.java:logGet(43)) - raft.server.watch.element-limit = 65536 (default)
2019-09-06 01:32:35,932 [870289ed-592e-405d-bfb3-05317591cb8f:group-E94525843AFB:LeaderElection2] INFO  impl.RoleInfo (RoleInfo.java:updateAndGet(143)) - 870289ed-592e-405d-bfb3-05317591cb8f: start LeaderState
2019-09-06 01:32:35,932 [870289ed-592e-405d-bfb3-05317591cb8f:group-E94525843AFB:LeaderElection2] INFO  segmented.SegmentedRaftLogWorker (SegmentedRaftLogWorker.java:startLogSegment(380)) - 870289ed-592e-405d-bfb3-05317591cb8f-SegmentedRaftLogWorker:Storage Directory /workdir/hadoop-ozone/integration-test/target/test-dir/MiniOzoneClusterImpl-b0be7eb2-cfe3-45ae-8723-bdb0b594c12d/datanode-3/data/ratis/4ae5116d-d6cf-46a9-b7e0-e94525843afb: Starting segment from index:0
2019-09-06 01:32:35,933 [870289ed-592e-405d-bfb3-05317591cb8f:group-E94525843AFB:LeaderElection2] INFO  impl.RaftServerImpl (ServerState.java:setRaftConf(361)) - 870289ed-592e-405d-bfb3-05317591cb8f:group-E94525843AFB set configuration 0: [870289ed-592e-405d-bfb3-05317591cb8f:192.168.5.177:44996], old=null at 0
2019-09-06 01:32:35,959 [Thread-247] INFO  impl.FollowerState (FollowerState.java:run(106)) - 464708cc-33c6-436e-95d3-9de97c0c1ce1:group-DAB9625F52F8 changes to CANDIDATE, lastRpcTime:5085, electionTimeout:5081ms
2019-09-06 01:32:35,961 [Thread-247] INFO  impl.RoleInfo (RoleInfo.java:shutdownFollowerState(121)) - 464708cc-33c6-436e-95d3-9de97c0c1ce1: shutdown FollowerState
2019-09-06 01:32:35,961 [Thread-247] INFO  impl.RaftServerImpl (RaftServerImpl.java:setRole(171)) - 464708cc-33c6-436e-95d3-9de97c0c1ce1:group-DAB9625F52F8 changes role from FOLLOWER to CANDIDATE at term 0 for changeToCandidate
2019-09-06 01:32:35,962 [Thread-247] INFO  impl.RoleInfo (RoleInfo.java:updateAndGet(143)) - 464708cc-33c6-436e-95d3-9de97c0c1ce1: start LeaderElection
2019-09-06 01:32:35,976 [870289ed-592e-405d-bfb3-05317591cb8f-SegmentedRaftLogWorker:Storage Directory /workdir/hadoop-ozone/integration-test/target/test-dir/MiniOzoneClusterImpl-b0be7eb2-cfe3-45ae-8723-bdb0b594c12d/datanode-3/data/ratis/4ae5116d-d6cf-46a9-b7e0-e94525843afb] INFO  segmented.SegmentedRaftLogWorker (SegmentedRaftLogWorker.java:execute(569)) - 870289ed-592e-405d-bfb3-05317591cb8f-SegmentedRaftLogWorker:Storage Directory /workdir/hadoop-ozone/integration-test/target/test-dir/MiniOzoneClusterImpl-b0be7eb2-cfe3-45ae-8723-bdb0b594c12d/datanode-3/data/ratis/4ae5116d-d6cf-46a9-b7e0-e94525843afb: created new log segment /workdir/hadoop-ozone/integration-test/target/test-dir/MiniOzoneClusterImpl-b0be7eb2-cfe3-45ae-8723-bdb0b594c12d/datanode-3/data/ratis/4ae5116d-d6cf-46a9-b7e0-e94525843afb/current/log_inprogress_0
2019-09-06 01:32:35,978 [464708cc-33c6-436e-95d3-9de97c0c1ce1:group-DAB9625F52F8:LeaderElection3] INFO  impl.LeaderElection (LeaderElection.java:askForVotes(181)) - 464708cc-33c6-436e-95d3-9de97c0c1ce1:group-DAB9625F52F8:LeaderElection3: begin an election at term 1 for -1: [464708cc-33c6-436e-95d3-9de97c0c1ce1:192.168.5.177:35472], old=null
2019-09-06 01:32:35,978 [464708cc-33c6-436e-95d3-9de97c0c1ce1:group-DAB9625F52F8:LeaderElection3] INFO  impl.RoleInfo (RoleInfo.java:shutdownLeaderElection(134)) - 464708cc-33c6-436e-95d3-9de97c0c1ce1: shutdown LeaderElection
2019-09-06 01:32:35,979 [464708cc-33c6-436e-95d3-9de97c0c1ce1:group-DAB9625F52F8:LeaderElection3] INFO  impl.RaftServerImpl (RaftServerImpl.java:setRole(171)) - 464708cc-33c6-436e-95d3-9de97c0c1ce1:group-DAB9625F52F8 changes role from CANDIDATE to LEADER at term 1 for changeToLeader
2019-09-06 01:32:35,979 [464708cc-33c6-436e-95d3-9de97c0c1ce1:group-DAB9625F52F8:LeaderElection3] INFO  impl.RaftServerImpl (ServerState.java:setLeader(263)) - 464708cc-33c6-436e-95d3-9de97c0c1ce1:group-DAB9625F52F8 change Leader from null to 464708cc-33c6-436e-95d3-9de97c0c1ce1 at term 1 for becomeLeader, leader elected after 5109ms
2019-09-06 01:32:35,982 [464708cc-33c6-436e-95d3-9de97c0c1ce1:group-DAB9625F52F8:LeaderElection3] INFO  server.RaftServerConfigKeys (ConfUtils.java:logGet(43)) - raft.server.staging.catchup.gap = 1000 (default)
2019-09-06 01:32:35,982 [464708cc-33c6-436e-95d3-9de97c0c1ce1:group-DAB9625F52F8:LeaderElection3] INFO  server.RaftServerConfigKeys (ConfUtils.java:logGet(43)) - raft.server.rpc.sleep.time = 25ms (default)
2019-09-06 01:32:35,982 [464708cc-33c6-436e-95d3-9de97c0c1ce1:group-DAB9625F52F8:LeaderElection3] INFO  server.RaftServerConfigKeys (ConfUtils.java:logGet(43)) - raft.server.write.element-limit = 4096 (default)
2019-09-06 01:32:35,982 [464708cc-33c6-436e-95d3-9de97c0c1ce1:group-DAB9625F52F8:LeaderElection3] INFO  server.RaftServerConfigKeys (ConfUtils.java:logGet(43)) - raft.server.watch.timeout = 10s (default)
2019-09-06 01:32:35,982 [464708cc-33c6-436e-95d3-9de97c0c1ce1:group-DAB9625F52F8:LeaderElection3] INFO  server.RaftServerConfigKeys (ConfUtils.java:logGet(43)) - raft.server.watch.timeout.denomination = 1s (default)
2019-09-06 01:32:35,982 [464708cc-33c6-436e-95d3-9de97c0c1ce1:group-DAB9625F52F8:LeaderElection3] INFO  server.RaftServerConfigKeys (ConfUtils.java:logGet(43)) - raft.server.watch.element-limit = 65536 (default)
2019-09-06 01:32:35,983 [464708cc-33c6-436e-95d3-9de97c0c1ce1:group-DAB9625F52F8:LeaderElection3] INFO  impl.RoleInfo (RoleInfo.java:updateAndGet(143)) - 464708cc-33c6-436e-95d3-9de97c0c1ce1: start LeaderState
2019-09-06 01:32:35,983 [464708cc-33c6-436e-95d3-9de97c0c1ce1:group-DAB9625F52F8:LeaderElection3] INFO  segmented.SegmentedRaftLogWorker (SegmentedRaftLogWorker.java:startLogSegment(380)) - 464708cc-33c6-436e-95d3-9de97c0c1ce1-SegmentedRaftLogWorker:Storage Directory /workdir/hadoop-ozone/integration-test/target/test-dir/MiniOzoneClusterImpl-b0be7eb2-cfe3-45ae-8723-bdb0b594c12d/datanode-1/data/ratis/1fec731f-8be9-4b98-a73e-dab9625f52f8: Starting segment from index:0
2019-09-06 01:32:35,983 [464708cc-33c6-436e-95d3-9de97c0c1ce1:group-DAB9625F52F8:LeaderElection3] INFO  impl.RaftServerImpl (ServerState.java:setRaftConf(361)) - 464708cc-33c6-436e-95d3-9de97c0c1ce1:group-DAB9625F52F8 set configuration 0: [464708cc-33c6-436e-95d3-9de97c0c1ce1:192.168.5.177:35472], old=null at 0
2019-09-06 01:32:36,037 [464708cc-33c6-436e-95d3-9de97c0c1ce1-SegmentedRaftLogWorker:Storage Directory /workdir/hadoop-ozone/integration-test/target/test-dir/MiniOzoneClusterImpl-b0be7eb2-cfe3-45ae-8723-bdb0b594c12d/datanode-1/data/ratis/1fec731f-8be9-4b98-a73e-dab9625f52f8] INFO  segmented.SegmentedRaftLogWorker (SegmentedRaftLogWorker.java:execute(569)) - 464708cc-33c6-436e-95d3-9de97c0c1ce1-SegmentedRaftLogWorker:Storage Directory /workdir/hadoop-ozone/integration-test/target/test-dir/MiniOzoneClusterImpl-b0be7eb2-cfe3-45ae-8723-bdb0b594c12d/datanode-1/data/ratis/1fec731f-8be9-4b98-a73e-dab9625f52f8: created new log segment /workdir/hadoop-ozone/integration-test/target/test-dir/MiniOzoneClusterImpl-b0be7eb2-cfe3-45ae-8723-bdb0b594c12d/datanode-1/data/ratis/1fec731f-8be9-4b98-a73e-dab9625f52f8/current/log_inprogress_0
2019-09-06 01:32:36,125 [Thread-251] INFO  impl.FollowerState (FollowerState.java:run(106)) - e75310ea-4816-4f3e-a8c1-6cfd6a55ab33:group-B25759F7BDE9 changes to CANDIDATE, lastRpcTime:5160, electionTimeout:5160ms
2019-09-06 01:32:36,126 [Thread-251] INFO  impl.RoleInfo (RoleInfo.java:shutdownFollowerState(121)) - e75310ea-4816-4f3e-a8c1-6cfd6a55ab33: shutdown FollowerState
2019-09-06 01:32:36,126 [Thread-251] INFO  impl.RaftServerImpl (RaftServerImpl.java:setRole(171)) - e75310ea-4816-4f3e-a8c1-6cfd6a55ab33:group-B25759F7BDE9 changes role from FOLLOWER to CANDIDATE at term 0 for changeToCandidate
2019-09-06 01:32:36,126 [Thread-251] INFO  impl.RoleInfo (RoleInfo.java:updateAndGet(143)) - e75310ea-4816-4f3e-a8c1-6cfd6a55ab33: start LeaderElection
2019-09-06 01:32:36,148 [e75310ea-4816-4f3e-a8c1-6cfd6a55ab33:group-B25759F7BDE9:LeaderElection4] INFO  impl.LeaderElection (LeaderElection.java:askForVotes(181)) - e75310ea-4816-4f3e-a8c1-6cfd6a55ab33:group-B25759F7BDE9:LeaderElection4: begin an election at term 1 for -1: [e75310ea-4816-4f3e-a8c1-6cfd6a55ab33:192.168.5.177:42178], old=null
2019-09-06 01:32:36,151 [e75310ea-4816-4f3e-a8c1-6cfd6a55ab33:group-B25759F7BDE9:LeaderElection4] INFO  impl.RoleInfo (RoleInfo.java:shutdownLeaderElection(134)) - e75310ea-4816-4f3e-a8c1-6cfd6a55ab33: shutdown LeaderElection
2019-09-06 01:32:36,151 [e75310ea-4816-4f3e-a8c1-6cfd6a55ab33:group-B25759F7BDE9:LeaderElection4] INFO  impl.RaftServerImpl (RaftServerImpl.java:setRole(171)) - e75310ea-4816-4f3e-a8c1-6cfd6a55ab33:group-B25759F7BDE9 changes role from CANDIDATE to LEADER at term 1 for changeToLeader
2019-09-06 01:32:36,151 [e75310ea-4816-4f3e-a8c1-6cfd6a55ab33:group-B25759F7BDE9:LeaderElection4] INFO  impl.RaftServerImpl (ServerState.java:setLeader(263)) - e75310ea-4816-4f3e-a8c1-6cfd6a55ab33:group-B25759F7BDE9 change Leader from null to e75310ea-4816-4f3e-a8c1-6cfd6a55ab33 at term 1 for becomeLeader, leader elected after 5190ms
2019-09-06 01:32:36,154 [grpc-default-executor-0] INFO  client.GrpcClientProtocolClient (GrpcClientProtocolClient.java:onNext(255)) - client-F2935FA3D974->e75310ea-4816-4f3e-a8c1-6cfd6a55ab33: receive RaftClientReply:client-F2935FA3D974->e75310ea-4816-4f3e-a8c1-6cfd6a55ab33@group-42DAD19A9C73, cid=13, FAILED org.apache.ratis.protocol.NotLeaderException: Server e75310ea-4816-4f3e-a8c1-6cfd6a55ab33 is not the leader (null). Request must be sent to leader., logIndex=0, commits[e75310ea-4816-4f3e-a8c1-6cfd6a55ab33:c-1]
2019-09-06 01:32:36,154 [e75310ea-4816-4f3e-a8c1-6cfd6a55ab33:group-B25759F7BDE9:LeaderElection4] INFO  server.RaftServerConfigKeys (ConfUtils.java:logGet(43)) - raft.server.staging.catchup.gap = 1000 (default)
2019-09-06 01:32:36,156 [e75310ea-4816-4f3e-a8c1-6cfd6a55ab33:group-B25759F7BDE9:LeaderElection4] INFO  server.RaftServerConfigKeys (ConfUtils.java:logGet(43)) - raft.server.rpc.sleep.time = 25ms (default)
2019-09-06 01:32:36,159 [e75310ea-4816-4f3e-a8c1-6cfd6a55ab33:group-B25759F7BDE9:LeaderElection4] INFO  server.RaftServerConfigKeys (ConfUtils.java:logGet(43)) - raft.server.write.element-limit = 4096 (default)
2019-09-06 01:32:36,159 [e75310ea-4816-4f3e-a8c1-6cfd6a55ab33:group-B25759F7BDE9:LeaderElection4] INFO  server.RaftServerConfigKeys (ConfUtils.java:logGet(43)) - raft.server.watch.timeout = 10s (default)
2019-09-06 01:32:36,159 [e75310ea-4816-4f3e-a8c1-6cfd6a55ab33:group-B25759F7BDE9:LeaderElection4] INFO  server.RaftServerConfigKeys (ConfUtils.java:logGet(43)) - raft.server.watch.timeout.denomination = 1s (default)
2019-09-06 01:32:36,159 [e75310ea-4816-4f3e-a8c1-6cfd6a55ab33:group-B25759F7BDE9:LeaderElection4] INFO  server.RaftServerConfigKeys (ConfUtils.java:logGet(43)) - raft.server.watch.element-limit = 65536 (default)
2019-09-06 01:32:36,161 [e75310ea-4816-4f3e-a8c1-6cfd6a55ab33:group-B25759F7BDE9:LeaderElection4] INFO  impl.RoleInfo (RoleInfo.java:updateAndGet(143)) - e75310ea-4816-4f3e-a8c1-6cfd6a55ab33: start LeaderState
2019-09-06 01:32:36,161 [e75310ea-4816-4f3e-a8c1-6cfd6a55ab33:group-B25759F7BDE9:LeaderElection4] INFO  segmented.SegmentedRaftLogWorker (SegmentedRaftLogWorker.java:startLogSegment(380)) - e75310ea-4816-4f3e-a8c1-6cfd6a55ab33-SegmentedRaftLogWorker:Storage Directory /workdir/hadoop-ozone/integration-test/target/test-dir/MiniOzoneClusterImpl-b0be7eb2-cfe3-45ae-8723-bdb0b594c12d/datanode-6/data/ratis/5ea2b0fa-44cf-4c31-9b5d-b25759f7bde9: Starting segment from index:0
2019-09-06 01:32:36,163 [e75310ea-4816-4f3e-a8c1-6cfd6a55ab33:group-B25759F7BDE9:LeaderElection4] INFO  impl.RaftServerImpl (ServerState.java:setRaftConf(361)) - e75310ea-4816-4f3e-a8c1-6cfd6a55ab33:group-B25759F7BDE9 set configuration 0: [e75310ea-4816-4f3e-a8c1-6cfd6a55ab33:192.168.5.177:42178], old=null at 0
2019-09-06 01:32:36,199 [Thread-255] INFO  impl.FollowerState (FollowerState.java:run(106)) - 3617b605-ab9b-496e-bebe-b0470df29912:group-0A5FFE72EB0C changes to CANDIDATE, lastRpcTime:5122, electionTimeout:5121ms
2019-09-06 01:32:36,202 [Thread-255] INFO  impl.RoleInfo (RoleInfo.java:shutdownFollowerState(121)) - 3617b605-ab9b-496e-bebe-b0470df29912: shutdown FollowerState
2019-09-06 01:32:36,202 [Thread-255] INFO  impl.RaftServerImpl (RaftServerImpl.java:setRole(171)) - 3617b605-ab9b-496e-bebe-b0470df29912:group-0A5FFE72EB0C changes role from FOLLOWER to CANDIDATE at term 0 for changeToCandidate
2019-09-06 01:32:36,202 [Thread-255] INFO  impl.RoleInfo (RoleInfo.java:updateAndGet(143)) - 3617b605-ab9b-496e-bebe-b0470df29912: start LeaderElection
2019-09-06 01:32:36,213 [e75310ea-4816-4f3e-a8c1-6cfd6a55ab33-SegmentedRaftLogWorker:Storage Directory /workdir/hadoop-ozone/integration-test/target/test-dir/MiniOzoneClusterImpl-b0be7eb2-cfe3-45ae-8723-bdb0b594c12d/datanode-6/data/ratis/5ea2b0fa-44cf-4c31-9b5d-b25759f7bde9] INFO  segmented.SegmentedRaftLogWorker (SegmentedRaftLogWorker.java:execute(569)) - e75310ea-4816-4f3e-a8c1-6cfd6a55ab33-SegmentedRaftLogWorker:Storage Directory /workdir/hadoop-ozone/integration-test/target/test-dir/MiniOzoneClusterImpl-b0be7eb2-cfe3-45ae-8723-bdb0b594c12d/datanode-6/data/ratis/5ea2b0fa-44cf-4c31-9b5d-b25759f7bde9: created new log segment /workdir/hadoop-ozone/integration-test/target/test-dir/MiniOzoneClusterImpl-b0be7eb2-cfe3-45ae-8723-bdb0b594c12d/datanode-6/data/ratis/5ea2b0fa-44cf-4c31-9b5d-b25759f7bde9/current/log_inprogress_0
2019-09-06 01:32:36,234 [3617b605-ab9b-496e-bebe-b0470df29912:group-0A5FFE72EB0C:LeaderElection5] INFO  impl.LeaderElection (LeaderElection.java:askForVotes(181)) - 3617b605-ab9b-496e-bebe-b0470df29912:group-0A5FFE72EB0C:LeaderElection5: begin an election at term 1 for -1: [3617b605-ab9b-496e-bebe-b0470df29912:192.168.5.177:33995], old=null
2019-09-06 01:32:36,234 [3617b605-ab9b-496e-bebe-b0470df29912:group-0A5FFE72EB0C:LeaderElection5] INFO  impl.RoleInfo (RoleInfo.java:shutdownLeaderElection(134)) - 3617b605-ab9b-496e-bebe-b0470df29912: shutdown LeaderElection
2019-09-06 01:32:36,234 [3617b605-ab9b-496e-bebe-b0470df29912:group-0A5FFE72EB0C:LeaderElection5] INFO  impl.RaftServerImpl (RaftServerImpl.java:setRole(171)) - 3617b605-ab9b-496e-bebe-b0470df29912:group-0A5FFE72EB0C changes role from CANDIDATE to LEADER at term 1 for changeToLeader
2019-09-06 01:32:36,234 [3617b605-ab9b-496e-bebe-b0470df29912:group-0A5FFE72EB0C:LeaderElection5] INFO  impl.RaftServerImpl (ServerState.java:setLeader(263)) - 3617b605-ab9b-496e-bebe-b0470df29912:group-0A5FFE72EB0C change Leader from null to 3617b605-ab9b-496e-bebe-b0470df29912 at term 1 for becomeLeader, leader elected after 5161ms
2019-09-06 01:32:36,237 [3617b605-ab9b-496e-bebe-b0470df29912:group-0A5FFE72EB0C:LeaderElection5] INFO  server.RaftServerConfigKeys (ConfUtils.java:logGet(43)) - raft.server.staging.catchup.gap = 1000 (default)
2019-09-06 01:32:36,238 [3617b605-ab9b-496e-bebe-b0470df29912:group-0A5FFE72EB0C:LeaderElection5] INFO  server.RaftServerConfigKeys (ConfUtils.java:logGet(43)) - raft.server.rpc.sleep.time = 25ms (default)
2019-09-06 01:32:36,238 [3617b605-ab9b-496e-bebe-b0470df29912:group-0A5FFE72EB0C:LeaderElection5] INFO  server.RaftServerConfigKeys (ConfUtils.java:logGet(43)) - raft.server.write.element-limit = 4096 (default)
2019-09-06 01:32:36,238 [3617b605-ab9b-496e-bebe-b0470df29912:group-0A5FFE72EB0C:LeaderElection5] INFO  server.RaftServerConfigKeys (ConfUtils.java:logGet(43)) - raft.server.watch.timeout = 10s (default)
2019-09-06 01:32:36,238 [3617b605-ab9b-496e-bebe-b0470df29912:group-0A5FFE72EB0C:LeaderElection5] INFO  server.RaftServerConfigKeys (ConfUtils.java:logGet(43)) - raft.server.watch.timeout.denomination = 1s (default)
2019-09-06 01:32:36,238 [3617b605-ab9b-496e-bebe-b0470df29912:group-0A5FFE72EB0C:LeaderElection5] INFO  server.RaftServerConfigKeys (ConfUtils.java:logGet(43)) - raft.server.watch.element-limit = 65536 (default)
2019-09-06 01:32:36,239 [3617b605-ab9b-496e-bebe-b0470df29912:group-0A5FFE72EB0C:LeaderElection5] INFO  impl.RoleInfo (RoleInfo.java:updateAndGet(143)) - 3617b605-ab9b-496e-bebe-b0470df29912: start LeaderState
2019-09-06 01:32:36,239 [3617b605-ab9b-496e-bebe-b0470df29912:group-0A5FFE72EB0C:LeaderElection5] INFO  segmented.SegmentedRaftLogWorker (SegmentedRaftLogWorker.java:startLogSegment(380)) - 3617b605-ab9b-496e-bebe-b0470df29912-SegmentedRaftLogWorker:Storage Directory /workdir/hadoop-ozone/integration-test/target/test-dir/MiniOzoneClusterImpl-b0be7eb2-cfe3-45ae-8723-bdb0b594c12d/datanode-2/data/ratis/8b0cac8e-3ab4-4e17-9c78-0a5ffe72eb0c: Starting segment from index:0
2019-09-06 01:32:36,254 [3617b605-ab9b-496e-bebe-b0470df29912:group-0A5FFE72EB0C:LeaderElection5] INFO  impl.RaftServerImpl (ServerState.java:setRaftConf(361)) - 3617b605-ab9b-496e-bebe-b0470df29912:group-0A5FFE72EB0C set configuration 0: [3617b605-ab9b-496e-bebe-b0470df29912:192.168.5.177:33995], old=null at 0
2019-09-06 01:32:36,291 [Thread-259] INFO  impl.FollowerState (FollowerState.java:run(106)) - 50b26e9d-6920-4041-a912-937090afad9d:group-40AB1FEC5EB0 changes to CANDIDATE, lastRpcTime:5108, electionTimeout:5108ms
2019-09-06 01:32:36,294 [Thread-259] INFO  impl.RoleInfo (RoleInfo.java:shutdownFollowerState(121)) - 50b26e9d-6920-4041-a912-937090afad9d: shutdown FollowerState
2019-09-06 01:32:36,294 [Thread-259] INFO  impl.RaftServerImpl (RaftServerImpl.java:setRole(171)) - 50b26e9d-6920-4041-a912-937090afad9d:group-40AB1FEC5EB0 changes role from FOLLOWER to CANDIDATE at term 0 for changeToCandidate
2019-09-06 01:32:36,294 [Thread-259] INFO  impl.RoleInfo (RoleInfo.java:updateAndGet(143)) - 50b26e9d-6920-4041-a912-937090afad9d: start LeaderElection
2019-09-06 01:32:36,304 [3617b605-ab9b-496e-bebe-b0470df29912-SegmentedRaftLogWorker:Storage Directory /workdir/hadoop-ozone/integration-test/target/test-dir/MiniOzoneClusterImpl-b0be7eb2-cfe3-45ae-8723-bdb0b594c12d/datanode-2/data/ratis/8b0cac8e-3ab4-4e17-9c78-0a5ffe72eb0c] INFO  segmented.SegmentedRaftLogWorker (SegmentedRaftLogWorker.java:execute(569)) - 3617b605-ab9b-496e-bebe-b0470df29912-SegmentedRaftLogWorker:Storage Directory /workdir/hadoop-ozone/integration-test/target/test-dir/MiniOzoneClusterImpl-b0be7eb2-cfe3-45ae-8723-bdb0b594c12d/datanode-2/data/ratis/8b0cac8e-3ab4-4e17-9c78-0a5ffe72eb0c: created new log segment /workdir/hadoop-ozone/integration-test/target/test-dir/MiniOzoneClusterImpl-b0be7eb2-cfe3-45ae-8723-bdb0b594c12d/datanode-2/data/ratis/8b0cac8e-3ab4-4e17-9c78-0a5ffe72eb0c/current/log_inprogress_0
2019-09-06 01:32:36,307 [50b26e9d-6920-4041-a912-937090afad9d:group-40AB1FEC5EB0:LeaderElection6] INFO  impl.LeaderElection (LeaderElection.java:askForVotes(181)) - 50b26e9d-6920-4041-a912-937090afad9d:group-40AB1FEC5EB0:LeaderElection6: begin an election at term 1 for -1: [50b26e9d-6920-4041-a912-937090afad9d:192.168.5.177:36666], old=null
2019-09-06 01:32:36,308 [50b26e9d-6920-4041-a912-937090afad9d:group-40AB1FEC5EB0:LeaderElection6] INFO  impl.RoleInfo (RoleInfo.java:shutdownLeaderElection(134)) - 50b26e9d-6920-4041-a912-937090afad9d: shutdown LeaderElection
2019-09-06 01:32:36,308 [50b26e9d-6920-4041-a912-937090afad9d:group-40AB1FEC5EB0:LeaderElection6] INFO  impl.RaftServerImpl (RaftServerImpl.java:setRole(171)) - 50b26e9d-6920-4041-a912-937090afad9d:group-40AB1FEC5EB0 changes role from CANDIDATE to LEADER at term 1 for changeToLeader
2019-09-06 01:32:36,308 [50b26e9d-6920-4041-a912-937090afad9d:group-40AB1FEC5EB0:LeaderElection6] INFO  impl.RaftServerImpl (ServerState.java:setLeader(263)) - 50b26e9d-6920-4041-a912-937090afad9d:group-40AB1FEC5EB0 change Leader from null to 50b26e9d-6920-4041-a912-937090afad9d at term 1 for becomeLeader, leader elected after 5129ms
2019-09-06 01:32:36,309 [50b26e9d-6920-4041-a912-937090afad9d:group-40AB1FEC5EB0:LeaderElection6] INFO  server.RaftServerConfigKeys (ConfUtils.java:logGet(43)) - raft.server.staging.catchup.gap = 1000 (default)
2019-09-06 01:32:36,310 [50b26e9d-6920-4041-a912-937090afad9d:group-40AB1FEC5EB0:LeaderElection6] INFO  server.RaftServerConfigKeys (ConfUtils.java:logGet(43)) - raft.server.rpc.sleep.time = 25ms (default)
2019-09-06 01:32:36,310 [50b26e9d-6920-4041-a912-937090afad9d:group-40AB1FEC5EB0:LeaderElection6] INFO  server.RaftServerConfigKeys (ConfUtils.java:logGet(43)) - raft.server.write.element-limit = 4096 (default)
2019-09-06 01:32:36,310 [50b26e9d-6920-4041-a912-937090afad9d:group-40AB1FEC5EB0:LeaderElection6] INFO  server.RaftServerConfigKeys (ConfUtils.java:logGet(43)) - raft.server.watch.timeout = 10s (default)
2019-09-06 01:32:36,310 [50b26e9d-6920-4041-a912-937090afad9d:group-40AB1FEC5EB0:LeaderElection6] INFO  server.RaftServerConfigKeys (ConfUtils.java:logGet(43)) - raft.server.watch.timeout.denomination = 1s (default)
2019-09-06 01:32:36,310 [50b26e9d-6920-4041-a912-937090afad9d:group-40AB1FEC5EB0:LeaderElection6] INFO  server.RaftServerConfigKeys (ConfUtils.java:logGet(43)) - raft.server.watch.element-limit = 65536 (default)
2019-09-06 01:32:36,310 [50b26e9d-6920-4041-a912-937090afad9d:group-40AB1FEC5EB0:LeaderElection6] INFO  impl.RoleInfo (RoleInfo.java:updateAndGet(143)) - 50b26e9d-6920-4041-a912-937090afad9d: start LeaderState
2019-09-06 01:32:36,311 [50b26e9d-6920-4041-a912-937090afad9d:group-40AB1FEC5EB0:LeaderElection6] INFO  segmented.SegmentedRaftLogWorker (SegmentedRaftLogWorker.java:startLogSegment(380)) - 50b26e9d-6920-4041-a912-937090afad9d-SegmentedRaftLogWorker:Storage Directory /workdir/hadoop-ozone/integration-test/target/test-dir/MiniOzoneClusterImpl-b0be7eb2-cfe3-45ae-8723-bdb0b594c12d/datanode-4/data/ratis/f0801c35-7b84-442d-8f19-40ab1fec5eb0: Starting segment from index:0
2019-09-06 01:32:36,311 [50b26e9d-6920-4041-a912-937090afad9d:group-40AB1FEC5EB0:LeaderElection6] INFO  impl.RaftServerImpl (ServerState.java:setRaftConf(361)) - 50b26e9d-6920-4041-a912-937090afad9d:group-40AB1FEC5EB0 set configuration 0: [50b26e9d-6920-4041-a912-937090afad9d:192.168.5.177:36666], old=null at 0
2019-09-06 01:32:36,351 [50b26e9d-6920-4041-a912-937090afad9d-SegmentedRaftLogWorker:Storage Directory /workdir/hadoop-ozone/integration-test/target/test-dir/MiniOzoneClusterImpl-b0be7eb2-cfe3-45ae-8723-bdb0b594c12d/datanode-4/data/ratis/f0801c35-7b84-442d-8f19-40ab1fec5eb0] INFO  segmented.SegmentedRaftLogWorker (SegmentedRaftLogWorker.java:execute(569)) - 50b26e9d-6920-4041-a912-937090afad9d-SegmentedRaftLogWorker:Storage Directory /workdir/hadoop-ozone/integration-test/target/test-dir/MiniOzoneClusterImpl-b0be7eb2-cfe3-45ae-8723-bdb0b594c12d/datanode-4/data/ratis/f0801c35-7b84-442d-8f19-40ab1fec5eb0: created new log segment /workdir/hadoop-ozone/integration-test/target/test-dir/MiniOzoneClusterImpl-b0be7eb2-cfe3-45ae-8723-bdb0b594c12d/datanode-4/data/ratis/f0801c35-7b84-442d-8f19-40ab1fec5eb0/current/log_inprogress_0
2019-09-06 01:32:36,465 [Thread-269] INFO  impl.FollowerState (FollowerState.java:run(106)) - 6c86c079-35fe-41a5-81ad-74bc67566282:group-B3F33337B0CD changes to CANDIDATE, lastRpcTime:5071, electionTimeout:5071ms
2019-09-06 01:32:36,465 [Thread-269] INFO  impl.RoleInfo (RoleInfo.java:shutdownFollowerState(121)) - 6c86c079-35fe-41a5-81ad-74bc67566282: shutdown FollowerState
2019-09-06 01:32:36,465 [Thread-269] INFO  impl.RaftServerImpl (RaftServerImpl.java:setRole(171)) - 6c86c079-35fe-41a5-81ad-74bc67566282:group-B3F33337B0CD changes role from FOLLOWER to CANDIDATE at term 0 for changeToCandidate
2019-09-06 01:32:36,465 [Thread-269] INFO  impl.RoleInfo (RoleInfo.java:updateAndGet(143)) - 6c86c079-35fe-41a5-81ad-74bc67566282: start LeaderElection
2019-09-06 01:32:36,468 [Thread-262] INFO  impl.FollowerState (FollowerState.java:run(106)) - 7be35a96-8e2e-4c53-8e2e-7d6c240fb8db:group-446E91D4A2EB changes to CANDIDATE, lastRpcTime:5200, electionTimeout:5200ms
2019-09-06 01:32:36,476 [Thread-262] INFO  impl.RoleInfo (RoleInfo.java:shutdownFollowerState(121)) - 7be35a96-8e2e-4c53-8e2e-7d6c240fb8db: shutdown FollowerState
2019-09-06 01:32:36,477 [Thread-262] INFO  impl.RaftServerImpl (RaftServerImpl.java:setRole(171)) - 7be35a96-8e2e-4c53-8e2e-7d6c240fb8db:group-446E91D4A2EB changes role from FOLLOWER to CANDIDATE at term 0 for changeToCandidate
2019-09-06 01:32:36,477 [Thread-262] INFO  impl.RoleInfo (RoleInfo.java:updateAndGet(143)) - 7be35a96-8e2e-4c53-8e2e-7d6c240fb8db: start LeaderElection
2019-09-06 01:32:36,489 [6c86c079-35fe-41a5-81ad-74bc67566282:group-B3F33337B0CD:LeaderElection7] INFO  impl.LeaderElection (LeaderElection.java:askForVotes(181)) - 6c86c079-35fe-41a5-81ad-74bc67566282:group-B3F33337B0CD:LeaderElection7: begin an election at term 1 for -1: [6c86c079-35fe-41a5-81ad-74bc67566282:192.168.5.177:32957, 870289ed-592e-405d-bfb3-05317591cb8f:192.168.5.177:44996, 464708cc-33c6-436e-95d3-9de97c0c1ce1:192.168.5.177:35472], old=null
2019-09-06 01:32:36,492 [7be35a96-8e2e-4c53-8e2e-7d6c240fb8db:group-446E91D4A2EB:LeaderElection8] INFO  impl.LeaderElection (LeaderElection.java:askForVotes(181)) - 7be35a96-8e2e-4c53-8e2e-7d6c240fb8db:group-446E91D4A2EB:LeaderElection8: begin an election at term 1 for -1: [7be35a96-8e2e-4c53-8e2e-7d6c240fb8db:192.168.5.177:42031], old=null
2019-09-06 01:32:36,492 [7be35a96-8e2e-4c53-8e2e-7d6c240fb8db:group-446E91D4A2EB:LeaderElection8] INFO  impl.RoleInfo (RoleInfo.java:shutdownLeaderElection(134)) - 7be35a96-8e2e-4c53-8e2e-7d6c240fb8db: shutdown LeaderElection
2019-09-06 01:32:36,492 [7be35a96-8e2e-4c53-8e2e-7d6c240fb8db:group-446E91D4A2EB:LeaderElection8] INFO  impl.RaftServerImpl (RaftServerImpl.java:setRole(171)) - 7be35a96-8e2e-4c53-8e2e-7d6c240fb8db:group-446E91D4A2EB changes role from CANDIDATE to LEADER at term 1 for changeToLeader
2019-09-06 01:32:36,493 [7be35a96-8e2e-4c53-8e2e-7d6c240fb8db:group-446E91D4A2EB:LeaderElection8] INFO  impl.RaftServerImpl (ServerState.java:setLeader(263)) - 7be35a96-8e2e-4c53-8e2e-7d6c240fb8db:group-446E91D4A2EB change Leader from null to 7be35a96-8e2e-4c53-8e2e-7d6c240fb8db at term 1 for becomeLeader, leader elected after 5229ms
2019-09-06 01:32:36,495 [7be35a96-8e2e-4c53-8e2e-7d6c240fb8db:group-446E91D4A2EB:LeaderElection8] INFO  server.RaftServerConfigKeys (ConfUtils.java:logGet(43)) - raft.server.staging.catchup.gap = 1000 (default)
2019-09-06 01:32:36,495 [7be35a96-8e2e-4c53-8e2e-7d6c240fb8db:group-446E91D4A2EB:LeaderElection8] INFO  server.RaftServerConfigKeys (ConfUtils.java:logGet(43)) - raft.server.rpc.sleep.time = 25ms (default)
2019-09-06 01:32:36,496 [7be35a96-8e2e-4c53-8e2e-7d6c240fb8db:group-446E91D4A2EB:LeaderElection8] INFO  server.RaftServerConfigKeys (ConfUtils.java:logGet(43)) - raft.server.write.element-limit = 4096 (default)
2019-09-06 01:32:36,496 [7be35a96-8e2e-4c53-8e2e-7d6c240fb8db:group-446E91D4A2EB:LeaderElection8] INFO  server.RaftServerConfigKeys (ConfUtils.java:logGet(43)) - raft.server.watch.timeout = 10s (default)
2019-09-06 01:32:36,496 [7be35a96-8e2e-4c53-8e2e-7d6c240fb8db:group-446E91D4A2EB:LeaderElection8] INFO  server.RaftServerConfigKeys (ConfUtils.java:logGet(43)) - raft.server.watch.timeout.denomination = 1s (default)
2019-09-06 01:32:36,496 [7be35a96-8e2e-4c53-8e2e-7d6c240fb8db:group-446E91D4A2EB:LeaderElection8] INFO  server.RaftServerConfigKeys (ConfUtils.java:logGet(43)) - raft.server.watch.element-limit = 65536 (default)
2019-09-06 01:32:36,496 [7be35a96-8e2e-4c53-8e2e-7d6c240fb8db:group-446E91D4A2EB:LeaderElection8] INFO  impl.RoleInfo (RoleInfo.java:updateAndGet(143)) - 7be35a96-8e2e-4c53-8e2e-7d6c240fb8db: start LeaderState
2019-09-06 01:32:36,496 [7be35a96-8e2e-4c53-8e2e-7d6c240fb8db:group-446E91D4A2EB:LeaderElection8] INFO  segmented.SegmentedRaftLogWorker (SegmentedRaftLogWorker.java:startLogSegment(380)) - 7be35a96-8e2e-4c53-8e2e-7d6c240fb8db-SegmentedRaftLogWorker:Storage Directory /workdir/hadoop-ozone/integration-test/target/test-dir/MiniOzoneClusterImpl-b0be7eb2-cfe3-45ae-8723-bdb0b594c12d/datanode-5/data/ratis/14637594-ffce-49ca-a4ae-446e91d4a2eb: Starting segment from index:0
2019-09-06 01:32:36,497 [7be35a96-8e2e-4c53-8e2e-7d6c240fb8db:group-446E91D4A2EB:LeaderElection8] INFO  impl.RaftServerImpl (ServerState.java:setRaftConf(361)) - 7be35a96-8e2e-4c53-8e2e-7d6c240fb8db:group-446E91D4A2EB set configuration 0: [7be35a96-8e2e-4c53-8e2e-7d6c240fb8db:192.168.5.177:42031], old=null at 0
2019-09-06 01:32:36,523 [Thread-265] INFO  impl.FollowerState (FollowerState.java:run(106)) - 464708cc-33c6-436e-95d3-9de97c0c1ce1:group-B3F33337B0CD changes to CANDIDATE, lastRpcTime:5131, electionTimeout:5109ms
2019-09-06 01:32:36,523 [Thread-265] INFO  impl.RoleInfo (RoleInfo.java:shutdownFollowerState(121)) - 464708cc-33c6-436e-95d3-9de97c0c1ce1: shutdown FollowerState
2019-09-06 01:32:36,523 [Thread-265] INFO  impl.RaftServerImpl (RaftServerImpl.java:setRole(171)) - 464708cc-33c6-436e-95d3-9de97c0c1ce1:group-B3F33337B0CD changes role from FOLLOWER to CANDIDATE at term 0 for changeToCandidate
2019-09-06 01:32:36,524 [Thread-265] INFO  impl.RoleInfo (RoleInfo.java:updateAndGet(143)) - 464708cc-33c6-436e-95d3-9de97c0c1ce1: start LeaderElection
2019-09-06 01:32:36,539 [7be35a96-8e2e-4c53-8e2e-7d6c240fb8db-SegmentedRaftLogWorker:Storage Directory /workdir/hadoop-ozone/integration-test/target/test-dir/MiniOzoneClusterImpl-b0be7eb2-cfe3-45ae-8723-bdb0b594c12d/datanode-5/data/ratis/14637594-ffce-49ca-a4ae-446e91d4a2eb] INFO  segmented.SegmentedRaftLogWorker (SegmentedRaftLogWorker.java:execute(569)) - 7be35a96-8e2e-4c53-8e2e-7d6c240fb8db-SegmentedRaftLogWorker:Storage Directory /workdir/hadoop-ozone/integration-test/target/test-dir/MiniOzoneClusterImpl-b0be7eb2-cfe3-45ae-8723-bdb0b594c12d/datanode-5/data/ratis/14637594-ffce-49ca-a4ae-446e91d4a2eb: created new log segment /workdir/hadoop-ozone/integration-test/target/test-dir/MiniOzoneClusterImpl-b0be7eb2-cfe3-45ae-8723-bdb0b594c12d/datanode-5/data/ratis/14637594-ffce-49ca-a4ae-446e91d4a2eb/current/log_inprogress_0
2019-09-06 01:32:36,557 [Thread-279] INFO  impl.FollowerState (FollowerState.java:run(106)) - 50b26e9d-6920-4041-a912-937090afad9d:group-42DAD19A9C73 changes to CANDIDATE, lastRpcTime:5046, electionTimeout:5045ms
2019-09-06 01:32:36,557 [Thread-279] INFO  impl.RoleInfo (RoleInfo.java:shutdownFollowerState(121)) - 50b26e9d-6920-4041-a912-937090afad9d: shutdown FollowerState
2019-09-06 01:32:36,558 [Thread-279] INFO  impl.RaftServerImpl (RaftServerImpl.java:setRole(171)) - 50b26e9d-6920-4041-a912-937090afad9d:group-42DAD19A9C73 changes role from FOLLOWER to CANDIDATE at term 0 for changeToCandidate
2019-09-06 01:32:36,558 [grpc-default-executor-2] INFO  impl.RaftServerImpl (RaftServerImpl.java:setRole(171)) - 870289ed-592e-405d-bfb3-05317591cb8f:group-B3F33337B0CD changes role from FOLLOWER to FOLLOWER at term 1 for recognizeCandidate:6c86c079-35fe-41a5-81ad-74bc67566282
2019-09-06 01:32:36,558 [Thread-279] INFO  impl.RoleInfo (RoleInfo.java:updateAndGet(143)) - 50b26e9d-6920-4041-a912-937090afad9d: start LeaderElection
2019-09-06 01:32:36,559 [grpc-default-executor-2] INFO  impl.RoleInfo (RoleInfo.java:shutdownFollowerState(121)) - 870289ed-592e-405d-bfb3-05317591cb8f: shutdown FollowerState
2019-09-06 01:32:36,560 [Thread-270] INFO  impl.FollowerState (FollowerState.java:run(114)) - 870289ed-592e-405d-bfb3-05317591cb8f: FollowerState was interrupted: java.lang.InterruptedException: sleep interrupted
2019-09-06 01:32:36,562 [464708cc-33c6-436e-95d3-9de97c0c1ce1:group-B3F33337B0CD:LeaderElection9] INFO  impl.LeaderElection (LeaderElection.java:askForVotes(181)) - 464708cc-33c6-436e-95d3-9de97c0c1ce1:group-B3F33337B0CD:LeaderElection9: begin an election at term 1 for -1: [6c86c079-35fe-41a5-81ad-74bc67566282:192.168.5.177:32957, 870289ed-592e-405d-bfb3-05317591cb8f:192.168.5.177:44996, 464708cc-33c6-436e-95d3-9de97c0c1ce1:192.168.5.177:35472], old=null
2019-09-06 01:32:36,562 [grpc-default-executor-2] INFO  impl.RoleInfo (RoleInfo.java:updateAndGet(143)) - 870289ed-592e-405d-bfb3-05317591cb8f: start FollowerState
2019-09-06 01:32:36,582 [Thread-274] INFO  impl.FollowerState (FollowerState.java:run(106)) - e75310ea-4816-4f3e-a8c1-6cfd6a55ab33:group-42DAD19A9C73 changes to CANDIDATE, lastRpcTime:5072, electionTimeout:5071ms
2019-09-06 01:32:36,582 [Thread-274] INFO  impl.RoleInfo (RoleInfo.java:shutdownFollowerState(121)) - e75310ea-4816-4f3e-a8c1-6cfd6a55ab33: shutdown FollowerState
2019-09-06 01:32:36,582 [Thread-274] INFO  impl.RaftServerImpl (RaftServerImpl.java:setRole(171)) - e75310ea-4816-4f3e-a8c1-6cfd6a55ab33:group-42DAD19A9C73 changes role from FOLLOWER to CANDIDATE at term 0 for changeToCandidate
2019-09-06 01:32:36,582 [Thread-274] INFO  impl.RoleInfo (RoleInfo.java:updateAndGet(143)) - e75310ea-4816-4f3e-a8c1-6cfd6a55ab33: start LeaderElection
2019-09-06 01:32:36,594 [50b26e9d-6920-4041-a912-937090afad9d:group-42DAD19A9C73:LeaderElection10] INFO  impl.LeaderElection (LeaderElection.java:askForVotes(181)) - 50b26e9d-6920-4041-a912-937090afad9d:group-42DAD19A9C73:LeaderElection10: begin an election at term 1 for -1: [50b26e9d-6920-4041-a912-937090afad9d:192.168.5.177:36666, 3617b605-ab9b-496e-bebe-b0470df29912:192.168.5.177:33995, e75310ea-4816-4f3e-a8c1-6cfd6a55ab33:192.168.5.177:42178], old=null
2019-09-06 01:32:36,599 [e75310ea-4816-4f3e-a8c1-6cfd6a55ab33:group-42DAD19A9C73:LeaderElection11] INFO  impl.LeaderElection (LeaderElection.java:askForVotes(181)) - e75310ea-4816-4f3e-a8c1-6cfd6a55ab33:group-42DAD19A9C73:LeaderElection11: begin an election at term 1 for -1: [50b26e9d-6920-4041-a912-937090afad9d:192.168.5.177:36666, 3617b605-ab9b-496e-bebe-b0470df29912:192.168.5.177:33995, e75310ea-4816-4f3e-a8c1-6cfd6a55ab33:192.168.5.177:42178], old=null
2019-09-06 01:32:36,621 [464708cc-33c6-436e-95d3-9de97c0c1ce1:group-B3F33337B0CD:LeaderElection9] INFO  impl.LeaderElection (LeaderElection.java:logAndReturn(56)) - 464708cc-33c6-436e-95d3-9de97c0c1ce1:group-B3F33337B0CD:LeaderElection9: Election REJECTED; received 2 response(s) [464708cc-33c6-436e-95d3-9de97c0c1ce1<-6c86c079-35fe-41a5-81ad-74bc67566282#0:FAIL-t1, 464708cc-33c6-436e-95d3-9de97c0c1ce1<-870289ed-592e-405d-bfb3-05317591cb8f#0:FAIL-t1] and 0 exception(s); 464708cc-33c6-436e-95d3-9de97c0c1ce1:t1, leader=null, voted=464708cc-33c6-436e-95d3-9de97c0c1ce1, raftlog=464708cc-33c6-436e-95d3-9de97c0c1ce1-SegmentedRaftLog:OPENED:c-1,f-1,i0, conf=-1: [6c86c079-35fe-41a5-81ad-74bc67566282:192.168.5.177:32957, 870289ed-592e-405d-bfb3-05317591cb8f:192.168.5.177:44996, 464708cc-33c6-436e-95d3-9de97c0c1ce1:192.168.5.177:35472], old=null
2019-09-06 01:32:36,621 [6c86c079-35fe-41a5-81ad-74bc67566282:group-B3F33337B0CD:LeaderElection7] INFO  impl.LeaderElection (LeaderElection.java:logAndReturn(56)) - 6c86c079-35fe-41a5-81ad-74bc67566282:group-B3F33337B0CD:LeaderElection7: Election PASSED; received 2 response(s) [6c86c079-35fe-41a5-81ad-74bc67566282<-870289ed-592e-405d-bfb3-05317591cb8f#0:OK-t1, 6c86c079-35fe-41a5-81ad-74bc67566282<-464708cc-33c6-436e-95d3-9de97c0c1ce1#0:FAIL-t1] and 0 exception(s); 6c86c079-35fe-41a5-81ad-74bc67566282:t1, leader=null, voted=6c86c079-35fe-41a5-81ad-74bc67566282, raftlog=6c86c079-35fe-41a5-81ad-74bc67566282-SegmentedRaftLog:OPENED:c-1,f-1,i0, conf=-1: [6c86c079-35fe-41a5-81ad-74bc67566282:192.168.5.177:32957, 870289ed-592e-405d-bfb3-05317591cb8f:192.168.5.177:44996, 464708cc-33c6-436e-95d3-9de97c0c1ce1:192.168.5.177:35472], old=null
2019-09-06 01:32:36,622 [6c86c079-35fe-41a5-81ad-74bc67566282:group-B3F33337B0CD:LeaderElection7] INFO  impl.RoleInfo (RoleInfo.java:shutdownLeaderElection(134)) - 6c86c079-35fe-41a5-81ad-74bc67566282: shutdown LeaderElection
2019-09-06 01:32:36,622 [464708cc-33c6-436e-95d3-9de97c0c1ce1:group-B3F33337B0CD:LeaderElection9] INFO  impl.RaftServerImpl (RaftServerImpl.java:setRole(171)) - 464708cc-33c6-436e-95d3-9de97c0c1ce1:group-B3F33337B0CD changes role from CANDIDATE to FOLLOWER at term 1 for DISCOVERED_A_NEW_TERM
2019-09-06 01:32:36,622 [6c86c079-35fe-41a5-81ad-74bc67566282:group-B3F33337B0CD:LeaderElection7] INFO  impl.RaftServerImpl (RaftServerImpl.java:setRole(171)) - 6c86c079-35fe-41a5-81ad-74bc67566282:group-B3F33337B0CD changes role from CANDIDATE to LEADER at term 1 for changeToLeader
2019-09-06 01:32:36,629 [464708cc-33c6-436e-95d3-9de97c0c1ce1:group-B3F33337B0CD:LeaderElection9] INFO  impl.RoleInfo (RoleInfo.java:shutdownLeaderElection(134)) - 464708cc-33c6-436e-95d3-9de97c0c1ce1: shutdown LeaderElection
2019-09-06 01:32:36,629 [6c86c079-35fe-41a5-81ad-74bc67566282:group-B3F33337B0CD:LeaderElection7] INFO  impl.RaftServerImpl (ServerState.java:setLeader(263)) - 6c86c079-35fe-41a5-81ad-74bc67566282:group-B3F33337B0CD change Leader from null to 6c86c079-35fe-41a5-81ad-74bc67566282 at term 1 for becomeLeader, leader elected after 5247ms
2019-09-06 01:32:36,630 [6c86c079-35fe-41a5-81ad-74bc67566282:group-B3F33337B0CD:LeaderElection7] INFO  server.RaftServerConfigKeys (ConfUtils.java:logGet(43)) - raft.server.staging.catchup.gap = 1000 (default)
2019-09-06 01:32:36,630 [6c86c079-35fe-41a5-81ad-74bc67566282:group-B3F33337B0CD:LeaderElection7] INFO  server.RaftServerConfigKeys (ConfUtils.java:logGet(43)) - raft.server.rpc.sleep.time = 25ms (default)
2019-09-06 01:32:36,631 [grpc-default-executor-2] INFO  impl.RaftServerImpl (RaftServerImpl.java:setRole(171)) - 3617b605-ab9b-496e-bebe-b0470df29912:group-42DAD19A9C73 changes role from FOLLOWER to FOLLOWER at term 1 for recognizeCandidate:50b26e9d-6920-4041-a912-937090afad9d
2019-09-06 01:32:36,631 [grpc-default-executor-2] INFO  impl.RoleInfo (RoleInfo.java:shutdownFollowerState(121)) - 3617b605-ab9b-496e-bebe-b0470df29912: shutdown FollowerState
2019-09-06 01:32:36,632 [Thread-277] INFO  impl.FollowerState (FollowerState.java:run(114)) - 3617b605-ab9b-496e-bebe-b0470df29912: FollowerState was interrupted: java.lang.InterruptedException: sleep interrupted
2019-09-06 01:32:36,637 [grpc-default-executor-2] INFO  impl.RoleInfo (RoleInfo.java:updateAndGet(143)) - 3617b605-ab9b-496e-bebe-b0470df29912: start FollowerState
2019-09-06 01:32:36,637 [6c86c079-35fe-41a5-81ad-74bc67566282:group-B3F33337B0CD:LeaderElection7] INFO  server.RaftServerConfigKeys (ConfUtils.java:logGet(43)) - raft.server.write.element-limit = 4096 (default)
2019-09-06 01:32:36,637 [464708cc-33c6-436e-95d3-9de97c0c1ce1:group-B3F33337B0CD:LeaderElection9] INFO  impl.RoleInfo (RoleInfo.java:updateAndGet(143)) - 464708cc-33c6-436e-95d3-9de97c0c1ce1: start FollowerState
2019-09-06 01:32:36,640 [6c86c079-35fe-41a5-81ad-74bc67566282:group-B3F33337B0CD:LeaderElection7] INFO  server.RaftServerConfigKeys (ConfUtils.java:logGet(43)) - raft.server.watch.timeout = 10s (default)
2019-09-06 01:32:36,640 [6c86c079-35fe-41a5-81ad-74bc67566282:group-B3F33337B0CD:LeaderElection7] INFO  server.RaftServerConfigKeys (ConfUtils.java:logGet(43)) - raft.server.watch.timeout.denomination = 1s (default)
2019-09-06 01:32:36,642 [6c86c079-35fe-41a5-81ad-74bc67566282:group-B3F33337B0CD:LeaderElection7] INFO  server.RaftServerConfigKeys (ConfUtils.java:logGet(43)) - raft.server.watch.element-limit = 65536 (default)
2019-09-06 01:32:36,644 [6c86c079-35fe-41a5-81ad-74bc67566282:group-B3F33337B0CD:LeaderElection7] INFO  server.RaftServerConfigKeys (ConfUtils.java:logGet(43)) - raft.server.log.appender.snapshot.chunk.size.max = 16MB (=16777216) (default)
2019-09-06 01:32:36,644 [6c86c079-35fe-41a5-81ad-74bc67566282:group-B3F33337B0CD:LeaderElection7] INFO  server.RaftServerConfigKeys (ConfUtils.java:logGet(43)) - raft.server.log.appender.buffer.byte-limit = 33554432 (custom)
2019-09-06 01:32:36,644 [6c86c079-35fe-41a5-81ad-74bc67566282:group-B3F33337B0CD:LeaderElection7] INFO  server.RaftServerConfigKeys (ConfUtils.java:logGet(43)) - raft.server.log.appender.buffer.element-limit = 1 (custom)
2019-09-06 01:32:36,647 [6c86c079-35fe-41a5-81ad-74bc67566282:group-B3F33337B0CD:LeaderElection7] INFO  grpc.GrpcConfigKeys$Server (ConfUtils.java:logGet(43)) - raft.grpc.server.leader.outstanding.appends.max = 128 (default)
2019-09-06 01:32:36,647 [6c86c079-35fe-41a5-81ad-74bc67566282:group-B3F33337B0CD:LeaderElection7] INFO  server.RaftServerConfigKeys (ConfUtils.java:logGet(43)) - raft.server.rpc.request.timeout = 3000ms (default)
2019-09-06 01:32:36,647 [6c86c079-35fe-41a5-81ad-74bc67566282:group-B3F33337B0CD:LeaderElection7] INFO  server.RaftServerConfigKeys (ConfUtils.java:logGet(43)) - raft.server.log.appender.install.snapshot.enabled = false (custom)
2019-09-06 01:32:36,647 [6c86c079-35fe-41a5-81ad-74bc67566282:group-B3F33337B0CD:LeaderElection7] INFO  server.RaftServerConfigKeys (ConfUtils.java:logGet(43)) - raft.server.log.appender.snapshot.chunk.size.max = 16MB (=16777216) (default)
2019-09-06 01:32:36,647 [6c86c079-35fe-41a5-81ad-74bc67566282:group-B3F33337B0CD:LeaderElection7] INFO  server.RaftServerConfigKeys (ConfUtils.java:logGet(43)) - raft.server.log.appender.buffer.byte-limit = 33554432 (custom)
2019-09-06 01:32:36,647 [6c86c079-35fe-41a5-81ad-74bc67566282:group-B3F33337B0CD:LeaderElection7] INFO  server.RaftServerConfigKeys (ConfUtils.java:logGet(43)) - raft.server.log.appender.buffer.element-limit = 1 (custom)
2019-09-06 01:32:36,648 [6c86c079-35fe-41a5-81ad-74bc67566282:group-B3F33337B0CD:LeaderElection7] INFO  grpc.GrpcConfigKeys$Server (ConfUtils.java:logGet(43)) - raft.grpc.server.leader.outstanding.appends.max = 128 (default)
2019-09-06 01:32:36,648 [6c86c079-35fe-41a5-81ad-74bc67566282:group-B3F33337B0CD:LeaderElection7] INFO  server.RaftServerConfigKeys (ConfUtils.java:logGet(43)) - raft.server.rpc.request.timeout = 3000ms (default)
2019-09-06 01:32:36,648 [6c86c079-35fe-41a5-81ad-74bc67566282:group-B3F33337B0CD:LeaderElection7] INFO  server.RaftServerConfigKeys (ConfUtils.java:logGet(43)) - raft.server.log.appender.install.snapshot.enabled = false (custom)
2019-09-06 01:32:36,649 [6c86c079-35fe-41a5-81ad-74bc67566282:group-B3F33337B0CD:LeaderElection7] INFO  impl.RoleInfo (RoleInfo.java:updateAndGet(143)) - 6c86c079-35fe-41a5-81ad-74bc67566282: start LeaderState
2019-09-06 01:32:36,649 [6c86c079-35fe-41a5-81ad-74bc67566282:group-B3F33337B0CD:LeaderElection7] INFO  segmented.SegmentedRaftLogWorker (SegmentedRaftLogWorker.java:startLogSegment(380)) - 6c86c079-35fe-41a5-81ad-74bc67566282-SegmentedRaftLogWorker:Storage Directory /workdir/hadoop-ozone/integration-test/target/test-dir/MiniOzoneClusterImpl-b0be7eb2-cfe3-45ae-8723-bdb0b594c12d/datanode-0/data/ratis/5ae06e72-ea97-4d9d-b5ea-b3f33337b0cd: Starting segment from index:0
2019-09-06 01:32:36,651 [6c86c079-35fe-41a5-81ad-74bc67566282:group-B3F33337B0CD:LeaderElection7] INFO  impl.RaftServerImpl (ServerState.java:setRaftConf(361)) - 6c86c079-35fe-41a5-81ad-74bc67566282:group-B3F33337B0CD set configuration 0: [6c86c079-35fe-41a5-81ad-74bc67566282:192.168.5.177:32957, 870289ed-592e-405d-bfb3-05317591cb8f:192.168.5.177:44996, 464708cc-33c6-436e-95d3-9de97c0c1ce1:192.168.5.177:35472], old=null at 0
2019-09-06 01:32:36,680 [e75310ea-4816-4f3e-a8c1-6cfd6a55ab33:group-42DAD19A9C73:LeaderElection11] INFO  impl.LeaderElection (LeaderElection.java:logAndReturn(56)) - e75310ea-4816-4f3e-a8c1-6cfd6a55ab33:group-42DAD19A9C73:LeaderElection11: Election REJECTED; received 2 response(s) [e75310ea-4816-4f3e-a8c1-6cfd6a55ab33<-50b26e9d-6920-4041-a912-937090afad9d#0:FAIL-t1, e75310ea-4816-4f3e-a8c1-6cfd6a55ab33<-3617b605-ab9b-496e-bebe-b0470df29912#0:FAIL-t1] and 0 exception(s); e75310ea-4816-4f3e-a8c1-6cfd6a55ab33:t1, leader=null, voted=e75310ea-4816-4f3e-a8c1-6cfd6a55ab33, raftlog=e75310ea-4816-4f3e-a8c1-6cfd6a55ab33-SegmentedRaftLog:OPENED:c-1,f-1,i0, conf=-1: [50b26e9d-6920-4041-a912-937090afad9d:192.168.5.177:36666, 3617b605-ab9b-496e-bebe-b0470df29912:192.168.5.177:33995, e75310ea-4816-4f3e-a8c1-6cfd6a55ab33:192.168.5.177:42178], old=null
2019-09-06 01:32:36,681 [e75310ea-4816-4f3e-a8c1-6cfd6a55ab33:group-42DAD19A9C73:LeaderElection11] INFO  impl.RaftServerImpl (RaftServerImpl.java:setRole(171)) - e75310ea-4816-4f3e-a8c1-6cfd6a55ab33:group-42DAD19A9C73 changes role from CANDIDATE to FOLLOWER at term 1 for DISCOVERED_A_NEW_TERM
2019-09-06 01:32:36,684 [50b26e9d-6920-4041-a912-937090afad9d:group-42DAD19A9C73:LeaderElection10] INFO  impl.LeaderElection (LeaderElection.java:logAndReturn(56)) - 50b26e9d-6920-4041-a912-937090afad9d:group-42DAD19A9C73:LeaderElection10: Election PASSED; received 2 response(s) [50b26e9d-6920-4041-a912-937090afad9d<-3617b605-ab9b-496e-bebe-b0470df29912#0:OK-t1, 50b26e9d-6920-4041-a912-937090afad9d<-e75310ea-4816-4f3e-a8c1-6cfd6a55ab33#0:FAIL-t1] and 0 exception(s); 50b26e9d-6920-4041-a912-937090afad9d:t1, leader=null, voted=50b26e9d-6920-4041-a912-937090afad9d, raftlog=50b26e9d-6920-4041-a912-937090afad9d-SegmentedRaftLog:OPENED:c-1,f-1,i0, conf=-1: [50b26e9d-6920-4041-a912-937090afad9d:192.168.5.177:36666, 3617b605-ab9b-496e-bebe-b0470df29912:192.168.5.177:33995, e75310ea-4816-4f3e-a8c1-6cfd6a55ab33:192.168.5.177:42178], old=null
2019-09-06 01:32:36,687 [e75310ea-4816-4f3e-a8c1-6cfd6a55ab33:group-42DAD19A9C73:LeaderElection11] INFO  impl.RoleInfo (RoleInfo.java:shutdownLeaderElection(134)) - e75310ea-4816-4f3e-a8c1-6cfd6a55ab33: shutdown LeaderElection
2019-09-06 01:32:36,691 [50b26e9d-6920-4041-a912-937090afad9d:group-42DAD19A9C73:LeaderElection10] INFO  impl.RoleInfo (RoleInfo.java:shutdownLeaderElection(134)) - 50b26e9d-6920-4041-a912-937090afad9d: shutdown LeaderElection
2019-09-06 01:32:36,697 [6c86c079-35fe-41a5-81ad-74bc67566282-SegmentedRaftLogWorker:Storage Directory /workdir/hadoop-ozone/integration-test/target/test-dir/MiniOzoneClusterImpl-b0be7eb2-cfe3-45ae-8723-bdb0b594c12d/datanode-0/data/ratis/5ae06e72-ea97-4d9d-b5ea-b3f33337b0cd] INFO  segmented.SegmentedRaftLogWorker (SegmentedRaftLogWorker.java:execute(569)) - 6c86c079-35fe-41a5-81ad-74bc67566282-SegmentedRaftLogWorker:Storage Directory /workdir/hadoop-ozone/integration-test/target/test-dir/MiniOzoneClusterImpl-b0be7eb2-cfe3-45ae-8723-bdb0b594c12d/datanode-0/data/ratis/5ae06e72-ea97-4d9d-b5ea-b3f33337b0cd: created new log segment /workdir/hadoop-ozone/integration-test/target/test-dir/MiniOzoneClusterImpl-b0be7eb2-cfe3-45ae-8723-bdb0b594c12d/datanode-0/data/ratis/5ae06e72-ea97-4d9d-b5ea-b3f33337b0cd/current/log_inprogress_0
2019-09-06 01:32:36,693 [e75310ea-4816-4f3e-a8c1-6cfd6a55ab33:group-42DAD19A9C73:LeaderElection11] INFO  impl.RoleInfo (RoleInfo.java:updateAndGet(143)) - e75310ea-4816-4f3e-a8c1-6cfd6a55ab33: start FollowerState
2019-09-06 01:32:36,697 [50b26e9d-6920-4041-a912-937090afad9d:group-42DAD19A9C73:LeaderElection10] INFO  impl.RaftServerImpl (RaftServerImpl.java:setRole(171)) - 50b26e9d-6920-4041-a912-937090afad9d:group-42DAD19A9C73 changes role from CANDIDATE to LEADER at term 1 for changeToLeader
2019-09-06 01:32:36,701 [50b26e9d-6920-4041-a912-937090afad9d:group-42DAD19A9C73:LeaderElection10] INFO  impl.RaftServerImpl (ServerState.java:setLeader(263)) - 50b26e9d-6920-4041-a912-937090afad9d:group-42DAD19A9C73 change Leader from null to 50b26e9d-6920-4041-a912-937090afad9d at term 1 for becomeLeader, leader elected after 5201ms
2019-09-06 01:32:36,701 [50b26e9d-6920-4041-a912-937090afad9d:group-42DAD19A9C73:LeaderElection10] INFO  server.RaftServerConfigKeys (ConfUtils.java:logGet(43)) - raft.server.staging.catchup.gap = 1000 (default)
2019-09-06 01:32:36,701 [50b26e9d-6920-4041-a912-937090afad9d:group-42DAD19A9C73:LeaderElection10] INFO  server.RaftServerConfigKeys (ConfUtils.java:logGet(43)) - raft.server.rpc.sleep.time = 25ms (default)
2019-09-06 01:32:36,701 [50b26e9d-6920-4041-a912-937090afad9d:group-42DAD19A9C73:LeaderElection10] INFO  server.RaftServerConfigKeys (ConfUtils.java:logGet(43)) - raft.server.write.element-limit = 4096 (default)
2019-09-06 01:32:36,701 [50b26e9d-6920-4041-a912-937090afad9d:group-42DAD19A9C73:LeaderElection10] INFO  server.RaftServerConfigKeys (ConfUtils.java:logGet(43)) - raft.server.watch.timeout = 10s (default)
2019-09-06 01:32:36,702 [50b26e9d-6920-4041-a912-937090afad9d:group-42DAD19A9C73:LeaderElection10] INFO  server.RaftServerConfigKeys (ConfUtils.java:logGet(43)) - raft.server.watch.timeout.denomination = 1s (default)
2019-09-06 01:32:36,702 [50b26e9d-6920-4041-a912-937090afad9d:group-42DAD19A9C73:LeaderElection10] INFO  server.RaftServerConfigKeys (ConfUtils.java:logGet(43)) - raft.server.watch.element-limit = 65536 (default)
2019-09-06 01:32:36,702 [50b26e9d-6920-4041-a912-937090afad9d:group-42DAD19A9C73:LeaderElection10] INFO  server.RaftServerConfigKeys (ConfUtils.java:logGet(43)) - raft.server.log.appender.snapshot.chunk.size.max = 16MB (=16777216) (default)
2019-09-06 01:32:36,702 [50b26e9d-6920-4041-a912-937090afad9d:group-42DAD19A9C73:LeaderElection10] INFO  server.RaftServerConfigKeys (ConfUtils.java:logGet(43)) - raft.server.log.appender.buffer.byte-limit = 33554432 (custom)
2019-09-06 01:32:36,703 [50b26e9d-6920-4041-a912-937090afad9d:group-42DAD19A9C73:LeaderElection10] INFO  server.RaftServerConfigKeys (ConfUtils.java:logGet(43)) - raft.server.log.appender.buffer.element-limit = 1 (custom)
2019-09-06 01:32:36,703 [50b26e9d-6920-4041-a912-937090afad9d:group-42DAD19A9C73:LeaderElection10] INFO  grpc.GrpcConfigKeys$Server (ConfUtils.java:logGet(43)) - raft.grpc.server.leader.outstanding.appends.max = 128 (default)
2019-09-06 01:32:36,706 [50b26e9d-6920-4041-a912-937090afad9d:group-42DAD19A9C73:LeaderElection10] INFO  server.RaftServerConfigKeys (ConfUtils.java:logGet(43)) - raft.server.rpc.request.timeout = 3000ms (default)
2019-09-06 01:32:36,706 [50b26e9d-6920-4041-a912-937090afad9d:group-42DAD19A9C73:LeaderElection10] INFO  server.RaftServerConfigKeys (ConfUtils.java:logGet(43)) - raft.server.log.appender.install.snapshot.enabled = false (custom)
2019-09-06 01:32:36,706 [50b26e9d-6920-4041-a912-937090afad9d:group-42DAD19A9C73:LeaderElection10] INFO  server.RaftServerConfigKeys (ConfUtils.java:logGet(43)) - raft.server.log.appender.snapshot.chunk.size.max = 16MB (=16777216) (default)
2019-09-06 01:32:36,706 [50b26e9d-6920-4041-a912-937090afad9d:group-42DAD19A9C73:LeaderElection10] INFO  server.RaftServerConfigKeys (ConfUtils.java:logGet(43)) - raft.server.log.appender.buffer.byte-limit = 33554432 (custom)
2019-09-06 01:32:36,706 [50b26e9d-6920-4041-a912-937090afad9d:group-42DAD19A9C73:LeaderElection10] INFO  server.RaftServerConfigKeys (ConfUtils.java:logGet(43)) - raft.server.log.appender.buffer.element-limit = 1 (custom)
2019-09-06 01:32:36,707 [50b26e9d-6920-4041-a912-937090afad9d:group-42DAD19A9C73:LeaderElection10] INFO  grpc.GrpcConfigKeys$Server (ConfUtils.java:logGet(43)) - raft.grpc.server.leader.outstanding.appends.max = 128 (default)
2019-09-06 01:32:36,707 [50b26e9d-6920-4041-a912-937090afad9d:group-42DAD19A9C73:LeaderElection10] INFO  server.RaftServerConfigKeys (ConfUtils.java:logGet(43)) - raft.server.rpc.request.timeout = 3000ms (default)
2019-09-06 01:32:36,707 [50b26e9d-6920-4041-a912-937090afad9d:group-42DAD19A9C73:LeaderElection10] INFO  server.RaftServerConfigKeys (ConfUtils.java:logGet(43)) - raft.server.log.appender.install.snapshot.enabled = false (custom)
2019-09-06 01:32:36,707 [50b26e9d-6920-4041-a912-937090afad9d:group-42DAD19A9C73:LeaderElection10] INFO  impl.RoleInfo (RoleInfo.java:updateAndGet(143)) - 50b26e9d-6920-4041-a912-937090afad9d: start LeaderState
2019-09-06 01:32:36,708 [50b26e9d-6920-4041-a912-937090afad9d:group-42DAD19A9C73:LeaderElection10] INFO  segmented.SegmentedRaftLogWorker (SegmentedRaftLogWorker.java:startLogSegment(380)) - 50b26e9d-6920-4041-a912-937090afad9d-SegmentedRaftLogWorker:Storage Directory /workdir/hadoop-ozone/integration-test/target/test-dir/MiniOzoneClusterImpl-b0be7eb2-cfe3-45ae-8723-bdb0b594c12d/datanode-4/data/ratis/6fa605e2-8642-4c9c-bc7b-42dad19a9c73: Starting segment from index:0
2019-09-06 01:32:36,709 [grpc-default-executor-2] INFO  impl.RaftServerImpl (ServerState.java:setLeader(263)) - 464708cc-33c6-436e-95d3-9de97c0c1ce1:group-B3F33337B0CD change Leader from null to 6c86c079-35fe-41a5-81ad-74bc67566282 at term 1 for appendEntries, leader elected after 5328ms
2019-09-06 01:32:36,711 [grpc-default-executor-3] INFO  impl.RaftServerImpl (ServerState.java:setLeader(263)) - 870289ed-592e-405d-bfb3-05317591cb8f:group-B3F33337B0CD change Leader from null to 6c86c079-35fe-41a5-81ad-74bc67566282 at term 1 for appendEntries, leader elected after 5330ms
2019-09-06 01:32:36,735 [50b26e9d-6920-4041-a912-937090afad9d:group-42DAD19A9C73:LeaderElection10] INFO  impl.RaftServerImpl (ServerState.java:setRaftConf(361)) - 50b26e9d-6920-4041-a912-937090afad9d:group-42DAD19A9C73 set configuration 0: [50b26e9d-6920-4041-a912-937090afad9d:192.168.5.177:36666, 3617b605-ab9b-496e-bebe-b0470df29912:192.168.5.177:33995, e75310ea-4816-4f3e-a8c1-6cfd6a55ab33:192.168.5.177:42178], old=null at 0
2019-09-06 01:32:36,743 [grpc-default-executor-3] INFO  impl.RaftServerImpl (ServerState.java:setLeader(263)) - e75310ea-4816-4f3e-a8c1-6cfd6a55ab33:group-42DAD19A9C73 change Leader from null to 50b26e9d-6920-4041-a912-937090afad9d at term 1 for appendEntries, leader elected after 5243ms
2019-09-06 01:32:36,743 [grpc-default-executor-1] INFO  impl.RaftServerImpl (ServerState.java:setLeader(263)) - 3617b605-ab9b-496e-bebe-b0470df29912:group-42DAD19A9C73 change Leader from null to 50b26e9d-6920-4041-a912-937090afad9d at term 1 for appendEntries, leader elected after 5243ms
2019-09-06 01:32:36,744 [50b26e9d-6920-4041-a912-937090afad9d-SegmentedRaftLogWorker:Storage Directory /workdir/hadoop-ozone/integration-test/target/test-dir/MiniOzoneClusterImpl-b0be7eb2-cfe3-45ae-8723-bdb0b594c12d/datanode-4/data/ratis/6fa605e2-8642-4c9c-bc7b-42dad19a9c73] INFO  segmented.SegmentedRaftLogWorker (SegmentedRaftLogWorker.java:execute(569)) - 50b26e9d-6920-4041-a912-937090afad9d-SegmentedRaftLogWorker:Storage Directory /workdir/hadoop-ozone/integration-test/target/test-dir/MiniOzoneClusterImpl-b0be7eb2-cfe3-45ae-8723-bdb0b594c12d/datanode-4/data/ratis/6fa605e2-8642-4c9c-bc7b-42dad19a9c73: created new log segment /workdir/hadoop-ozone/integration-test/target/test-dir/MiniOzoneClusterImpl-b0be7eb2-cfe3-45ae-8723-bdb0b594c12d/datanode-4/data/ratis/6fa605e2-8642-4c9c-bc7b-42dad19a9c73/current/log_inprogress_0
2019-09-06 01:32:36,771 [grpc-default-executor-0] INFO  impl.RaftServerImpl (ServerState.java:setRaftConf(361)) - e75310ea-4816-4f3e-a8c1-6cfd6a55ab33:group-42DAD19A9C73 set configuration 0: [50b26e9d-6920-4041-a912-937090afad9d:192.168.5.177:36666, 3617b605-ab9b-496e-bebe-b0470df29912:192.168.5.177:33995, e75310ea-4816-4f3e-a8c1-6cfd6a55ab33:192.168.5.177:42178], old=null at 0
2019-09-06 01:32:36,771 [grpc-default-executor-2] INFO  impl.RaftServerImpl (ServerState.java:setRaftConf(361)) - 3617b605-ab9b-496e-bebe-b0470df29912:group-42DAD19A9C73 set configuration 0: [50b26e9d-6920-4041-a912-937090afad9d:192.168.5.177:36666, 3617b605-ab9b-496e-bebe-b0470df29912:192.168.5.177:33995, e75310ea-4816-4f3e-a8c1-6cfd6a55ab33:192.168.5.177:42178], old=null at 0
2019-09-06 01:32:36,771 [grpc-default-executor-3] INFO  impl.RaftServerImpl (ServerState.java:setRaftConf(361)) - 464708cc-33c6-436e-95d3-9de97c0c1ce1:group-B3F33337B0CD set configuration 0: [6c86c079-35fe-41a5-81ad-74bc67566282:192.168.5.177:32957, 870289ed-592e-405d-bfb3-05317591cb8f:192.168.5.177:44996, 464708cc-33c6-436e-95d3-9de97c0c1ce1:192.168.5.177:35472], old=null at 0
2019-09-06 01:32:36,771 [grpc-default-executor-1] INFO  impl.RaftServerImpl (ServerState.java:setRaftConf(361)) - 870289ed-592e-405d-bfb3-05317591cb8f:group-B3F33337B0CD set configuration 0: [6c86c079-35fe-41a5-81ad-74bc67566282:192.168.5.177:32957, 870289ed-592e-405d-bfb3-05317591cb8f:192.168.5.177:44996, 464708cc-33c6-436e-95d3-9de97c0c1ce1:192.168.5.177:35472], old=null at 0
2019-09-06 01:32:36,775 [grpc-default-executor-3] INFO  segmented.SegmentedRaftLogWorker (SegmentedRaftLogWorker.java:startLogSegment(380)) - 464708cc-33c6-436e-95d3-9de97c0c1ce1-SegmentedRaftLogWorker:Storage Directory /workdir/hadoop-ozone/integration-test/target/test-dir/MiniOzoneClusterImpl-b0be7eb2-cfe3-45ae-8723-bdb0b594c12d/datanode-1/data/ratis/5ae06e72-ea97-4d9d-b5ea-b3f33337b0cd: Starting segment from index:0
2019-09-06 01:32:36,775 [grpc-default-executor-2] INFO  segmented.SegmentedRaftLogWorker (SegmentedRaftLogWorker.java:startLogSegment(380)) - 3617b605-ab9b-496e-bebe-b0470df29912-SegmentedRaftLogWorker:Storage Directory /workdir/hadoop-ozone/integration-test/target/test-dir/MiniOzoneClusterImpl-b0be7eb2-cfe3-45ae-8723-bdb0b594c12d/datanode-2/data/ratis/6fa605e2-8642-4c9c-bc7b-42dad19a9c73: Starting segment from index:0
2019-09-06 01:32:36,771 [grpc-default-executor-0] INFO  segmented.SegmentedRaftLogWorker (SegmentedRaftLogWorker.java:startLogSegment(380)) - e75310ea-4816-4f3e-a8c1-6cfd6a55ab33-SegmentedRaftLogWorker:Storage Directory /workdir/hadoop-ozone/integration-test/target/test-dir/MiniOzoneClusterImpl-b0be7eb2-cfe3-45ae-8723-bdb0b594c12d/datanode-6/data/ratis/6fa605e2-8642-4c9c-bc7b-42dad19a9c73: Starting segment from index:0
2019-09-06 01:32:36,775 [grpc-default-executor-1] INFO  segmented.SegmentedRaftLogWorker (SegmentedRaftLogWorker.java:startLogSegment(380)) - 870289ed-592e-405d-bfb3-05317591cb8f-SegmentedRaftLogWorker:Storage Directory /workdir/hadoop-ozone/integration-test/target/test-dir/MiniOzoneClusterImpl-b0be7eb2-cfe3-45ae-8723-bdb0b594c12d/datanode-3/data/ratis/5ae06e72-ea97-4d9d-b5ea-b3f33337b0cd: Starting segment from index:0
2019-09-06 01:32:36,819 [464708cc-33c6-436e-95d3-9de97c0c1ce1-SegmentedRaftLogWorker:Storage Directory /workdir/hadoop-ozone/integration-test/target/test-dir/MiniOzoneClusterImpl-b0be7eb2-cfe3-45ae-8723-bdb0b594c12d/datanode-1/data/ratis/5ae06e72-ea97-4d9d-b5ea-b3f33337b0cd] INFO  segmented.SegmentedRaftLogWorker (SegmentedRaftLogWorker.java:execute(569)) - 464708cc-33c6-436e-95d3-9de97c0c1ce1-SegmentedRaftLogWorker:Storage Directory /workdir/hadoop-ozone/integration-test/target/test-dir/MiniOzoneClusterImpl-b0be7eb2-cfe3-45ae-8723-bdb0b594c12d/datanode-1/data/ratis/5ae06e72-ea97-4d9d-b5ea-b3f33337b0cd: created new log segment /workdir/hadoop-ozone/integration-test/target/test-dir/MiniOzoneClusterImpl-b0be7eb2-cfe3-45ae-8723-bdb0b594c12d/datanode-1/data/ratis/5ae06e72-ea97-4d9d-b5ea-b3f33337b0cd/current/log_inprogress_0
2019-09-06 01:32:36,819 [3617b605-ab9b-496e-bebe-b0470df29912-SegmentedRaftLogWorker:Storage Directory /workdir/hadoop-ozone/integration-test/target/test-dir/MiniOzoneClusterImpl-b0be7eb2-cfe3-45ae-8723-bdb0b594c12d/datanode-2/data/ratis/6fa605e2-8642-4c9c-bc7b-42dad19a9c73] INFO  segmented.SegmentedRaftLogWorker (SegmentedRaftLogWorker.java:execute(569)) - 3617b605-ab9b-496e-bebe-b0470df29912-SegmentedRaftLogWorker:Storage Directory /workdir/hadoop-ozone/integration-test/target/test-dir/MiniOzoneClusterImpl-b0be7eb2-cfe3-45ae-8723-bdb0b594c12d/datanode-2/data/ratis/6fa605e2-8642-4c9c-bc7b-42dad19a9c73: created new log segment /workdir/hadoop-ozone/integration-test/target/test-dir/MiniOzoneClusterImpl-b0be7eb2-cfe3-45ae-8723-bdb0b594c12d/datanode-2/data/ratis/6fa605e2-8642-4c9c-bc7b-42dad19a9c73/current/log_inprogress_0
2019-09-06 01:32:36,819 [870289ed-592e-405d-bfb3-05317591cb8f-SegmentedRaftLogWorker:Storage Directory /workdir/hadoop-ozone/integration-test/target/test-dir/MiniOzoneClusterImpl-b0be7eb2-cfe3-45ae-8723-bdb0b594c12d/datanode-3/data/ratis/5ae06e72-ea97-4d9d-b5ea-b3f33337b0cd] INFO  segmented.SegmentedRaftLogWorker (SegmentedRaftLogWorker.java:execute(569)) - 870289ed-592e-405d-bfb3-05317591cb8f-SegmentedRaftLogWorker:Storage Directory /workdir/hadoop-ozone/integration-test/target/test-dir/MiniOzoneClusterImpl-b0be7eb2-cfe3-45ae-8723-bdb0b594c12d/datanode-3/data/ratis/5ae06e72-ea97-4d9d-b5ea-b3f33337b0cd: created new log segment /workdir/hadoop-ozone/integration-test/target/test-dir/MiniOzoneClusterImpl-b0be7eb2-cfe3-45ae-8723-bdb0b594c12d/datanode-3/data/ratis/5ae06e72-ea97-4d9d-b5ea-b3f33337b0cd/current/log_inprogress_0
2019-09-06 01:32:36,819 [e75310ea-4816-4f3e-a8c1-6cfd6a55ab33-SegmentedRaftLogWorker:Storage Directory /workdir/hadoop-ozone/integration-test/target/test-dir/MiniOzoneClusterImpl-b0be7eb2-cfe3-45ae-8723-bdb0b594c12d/datanode-6/data/ratis/6fa605e2-8642-4c9c-bc7b-42dad19a9c73] INFO  segmented.SegmentedRaftLogWorker (SegmentedRaftLogWorker.java:execute(569)) - e75310ea-4816-4f3e-a8c1-6cfd6a55ab33-SegmentedRaftLogWorker:Storage Directory /workdir/hadoop-ozone/integration-test/target/test-dir/MiniOzoneClusterImpl-b0be7eb2-cfe3-45ae-8723-bdb0b594c12d/datanode-6/data/ratis/6fa605e2-8642-4c9c-bc7b-42dad19a9c73: created new log segment /workdir/hadoop-ozone/integration-test/target/test-dir/MiniOzoneClusterImpl-b0be7eb2-cfe3-45ae-8723-bdb0b594c12d/datanode-6/data/ratis/6fa605e2-8642-4c9c-bc7b-42dad19a9c73/current/log_inprogress_0
2019-09-06 01:32:37,175 [grpc-default-executor-0] INFO  client.GrpcClientProtocolClient (GrpcClientProtocolClient.java:onNext(255)) - client-F2935FA3D974->3617b605-ab9b-496e-bebe-b0470df29912: receive RaftClientReply:client-F2935FA3D974->3617b605-ab9b-496e-bebe-b0470df29912@group-42DAD19A9C73, cid=13, FAILED org.apache.ratis.protocol.NotLeaderException: Server 3617b605-ab9b-496e-bebe-b0470df29912 is not the leader (50b26e9d-6920-4041-a912-937090afad9d:192.168.5.177:36666). Request must be sent to leader., logIndex=0, commits[3617b605-ab9b-496e-bebe-b0470df29912:c0, 50b26e9d-6920-4041-a912-937090afad9d:c0, e75310ea-4816-4f3e-a8c1-6cfd6a55ab33:c-1]
2019-09-06 01:32:37,490 [grpc-default-executor-1] INFO  client.GrpcClientProtocolClient (GrpcClientProtocolClient.java:onNext(255)) - client-F2935FA3D974->50b26e9d-6920-4041-a912-937090afad9d: receive RaftClientReply:client-F2935FA3D974->50b26e9d-6920-4041-a912-937090afad9d@group-42DAD19A9C73, cid=13, SUCCESS, logIndex=1, commits[50b26e9d-6920-4041-a912-937090afad9d:c1, 3617b605-ab9b-496e-bebe-b0470df29912:c0, e75310ea-4816-4f3e-a8c1-6cfd6a55ab33:c0]
2019-09-06 01:32:37,568 [grpc-default-executor-2] INFO  client.GrpcClientProtocolClient (GrpcClientProtocolClient.java:onNext(255)) - client-F2935FA3D974->50b26e9d-6920-4041-a912-937090afad9d: receive RaftClientReply:client-F2935FA3D974->50b26e9d-6920-4041-a912-937090afad9d@group-42DAD19A9C73, cid=14, SUCCESS, logIndex=3, commits[50b26e9d-6920-4041-a912-937090afad9d:c3, 3617b605-ab9b-496e-bebe-b0470df29912:c2, e75310ea-4816-4f3e-a8c1-6cfd6a55ab33:c2]
2019-09-06 01:32:37,671 [grpc-default-executor-0] INFO  client.GrpcClientProtocolClient (GrpcClientProtocolClient.java:onNext(255)) - client-F2935FA3D974->50b26e9d-6920-4041-a912-937090afad9d: receive RaftClientReply:client-F2935FA3D974->50b26e9d-6920-4041-a912-937090afad9d@group-42DAD19A9C73, cid=15, SUCCESS, logIndex=4, commits[50b26e9d-6920-4041-a912-937090afad9d:c12, 3617b605-ab9b-496e-bebe-b0470df29912:c9, e75310ea-4816-4f3e-a8c1-6cfd6a55ab33:c9]
2019-09-06 01:32:37,677 [grpc-default-executor-0] INFO  client.GrpcClientProtocolClient (GrpcClientProtocolClient.java:onNext(255)) - client-F2935FA3D974->50b26e9d-6920-4041-a912-937090afad9d: receive RaftClientReply:client-F2935FA3D974->50b26e9d-6920-4041-a912-937090afad9d@group-42DAD19A9C73, cid=16, SUCCESS, logIndex=6, commits[50b26e9d-6920-4041-a912-937090afad9d:c12, 3617b605-ab9b-496e-bebe-b0470df29912:c9, e75310ea-4816-4f3e-a8c1-6cfd6a55ab33:c9]
2019-09-06 01:32:37,678 [grpc-default-executor-0] INFO  client.GrpcClientProtocolClient (GrpcClientProtocolClient.java:onNext(255)) - client-F2935FA3D974->50b26e9d-6920-4041-a912-937090afad9d: receive RaftClientReply:client-F2935FA3D974->50b26e9d-6920-4041-a912-937090afad9d@group-42DAD19A9C73, cid=17, SUCCESS, logIndex=8, commits[50b26e9d-6920-4041-a912-937090afad9d:c12, 3617b605-ab9b-496e-bebe-b0470df29912:c9, e75310ea-4816-4f3e-a8c1-6cfd6a55ab33:c9]
2019-09-06 01:32:37,855 [grpc-default-executor-0] INFO  client.GrpcClientProtocolClient (GrpcClientProtocolClient.java:onNext(255)) - client-F2935FA3D974->50b26e9d-6920-4041-a912-937090afad9d: receive RaftClientReply:client-F2935FA3D974->50b26e9d-6920-4041-a912-937090afad9d@group-42DAD19A9C73, cid=18, SUCCESS, logIndex=9, commits[50b26e9d-6920-4041-a912-937090afad9d:c12, 3617b605-ab9b-496e-bebe-b0470df29912:c9, e75310ea-4816-4f3e-a8c1-6cfd6a55ab33:c9]
2019-09-06 01:32:37,897 [grpc-default-executor-3] INFO  client.GrpcClientProtocolClient (GrpcClientProtocolClient.java:onNext(255)) - client-F2935FA3D974->50b26e9d-6920-4041-a912-937090afad9d: receive RaftClientReply:client-F2935FA3D974->50b26e9d-6920-4041-a912-937090afad9d@group-42DAD19A9C73, cid=19, SUCCESS, logIndex=13, commits[50b26e9d-6920-4041-a912-937090afad9d:c13, 3617b605-ab9b-496e-bebe-b0470df29912:c12, e75310ea-4816-4f3e-a8c1-6cfd6a55ab33:c12]
2019-09-06 01:32:37,901 [grpc-default-executor-3] INFO  client.GrpcClientProtocolClient (GrpcClientProtocolClient.java:onNext(255)) - client-F2935FA3D974->50b26e9d-6920-4041-a912-937090afad9d: receive RaftClientReply:client-F2935FA3D974->50b26e9d-6920-4041-a912-937090afad9d@group-42DAD19A9C73, cid=20, SUCCESS, logIndex=14, commits[50b26e9d-6920-4041-a912-937090afad9d:c14, 3617b605-ab9b-496e-bebe-b0470df29912:c12, e75310ea-4816-4f3e-a8c1-6cfd6a55ab33:c12]
2019-09-06 01:32:38,919 [main] WARN  scm.XceiverClientRatis (XceiverClientRatis.java:watchForCommit(262)) - 3 way commit failed on pipeline Pipeline[ Id: 6fa605e2-8642-4c9c-bc7b-42dad19a9c73, Nodes: e75310ea-4816-4f3e-a8c1-6cfd6a55ab33{ip: 192.168.5.177, host: pr-hdds-2015-4zh84-2711163145, networkLocation: /default-rack, certSerialId: null}3617b605-ab9b-496e-bebe-b0470df29912{ip: 192.168.5.177, host: pr-hdds-2015-4zh84-2711163145, networkLocation: /default-rack, certSerialId: null}50b26e9d-6920-4041-a912-937090afad9d{ip: 192.168.5.177, host: pr-hdds-2015-4zh84-2711163145, networkLocation: /default-rack, certSerialId: null}, Type:RATIS, Factor:THREE, State:OPEN]
java.util.concurrent.TimeoutException
	at java.util.concurrent.CompletableFuture.timedGet(CompletableFuture.java:1771)
	at java.util.concurrent.CompletableFuture.get(CompletableFuture.java:1915)
	at org.apache.hadoop.hdds.scm.XceiverClientRatis.watchForCommit(XceiverClientRatis.java:259)
	at org.apache.hadoop.hdds.scm.storage.CommitWatcher.watchForCommit(CommitWatcher.java:194)
	at org.apache.hadoop.hdds.scm.storage.CommitWatcher.watchOnLastIndex(CommitWatcher.java:157)
	at org.apache.hadoop.hdds.scm.storage.BlockOutputStream.watchForCommit(BlockOutputStream.java:347)
	at org.apache.hadoop.hdds.scm.storage.BlockOutputStream.handleFlush(BlockOutputStream.java:479)
	at org.apache.hadoop.hdds.scm.storage.BlockOutputStream.flush(BlockOutputStream.java:428)
	at org.apache.hadoop.ozone.client.io.BlockOutputStreamEntry.flush(BlockOutputStreamEntry.java:136)
	at org.apache.hadoop.ozone.client.io.KeyOutputStream.handleFlushOrClose(KeyOutputStream.java:442)
	at org.apache.hadoop.ozone.client.io.KeyOutputStream.flush(KeyOutputStream.java:396)
	at org.apache.hadoop.ozone.client.io.OzoneOutputStream.flush(OzoneOutputStream.java:54)
	at org.apache.hadoop.ozone.client.rpc.TestBlockOutputStreamWithFailures.test2DatanodesFailure(TestBlockOutputStreamWithFailures.java:461)
	at sun.reflect.NativeMethodAccessorImpl.invoke0(Native Method)
	at sun.reflect.NativeMethodAccessorImpl.invoke(NativeMethodAccessorImpl.java:62)
	at sun.reflect.DelegatingMethodAccessorImpl.invoke(DelegatingMethodAccessorImpl.java:43)
	at java.lang.reflect.Method.invoke(Method.java:498)
	at org.junit.runners.model.FrameworkMethod$1.runReflectiveCall(FrameworkMethod.java:47)
	at org.junit.internal.runners.model.ReflectiveCallable.run(ReflectiveCallable.java:12)
	at org.junit.runners.model.FrameworkMethod.invokeExplosively(FrameworkMethod.java:44)
	at org.junit.internal.runners.statements.InvokeMethod.evaluate(InvokeMethod.java:17)
	at org.junit.internal.runners.statements.RunBefores.evaluate(RunBefores.java:26)
	at org.junit.internal.runners.statements.RunAfters.evaluate(RunAfters.java:27)
	at org.junit.runners.ParentRunner.runLeaf(ParentRunner.java:271)
	at org.junit.runners.BlockJUnit4ClassRunner.runChild(BlockJUnit4ClassRunner.java:70)
	at org.junit.runners.BlockJUnit4ClassRunner.runChild(BlockJUnit4ClassRunner.java:50)
	at org.junit.runners.ParentRunner$3.run(ParentRunner.java:238)
	at org.junit.runners.ParentRunner$1.schedule(ParentRunner.java:63)
	at org.junit.runners.ParentRunner.runChildren(ParentRunner.java:236)
	at org.junit.runners.ParentRunner.access$000(ParentRunner.java:53)
	at org.junit.runners.ParentRunner$2.evaluate(ParentRunner.java:229)
	at org.junit.runners.ParentRunner.run(ParentRunner.java:309)
	at org.apache.maven.surefire.junit4.JUnit4Provider.execute(JUnit4Provider.java:365)
	at org.apache.maven.surefire.junit4.JUnit4Provider.executeWithRerun(JUnit4Provider.java:273)
	at org.apache.maven.surefire.junit4.JUnit4Provider.executeTestSet(JUnit4Provider.java:238)
	at org.apache.maven.surefire.junit4.JUnit4Provider.invoke(JUnit4Provider.java:159)
	at org.apache.maven.surefire.booter.ForkedBooter.invokeProviderInSameClassLoader(ForkedBooter.java:384)
	at org.apache.maven.surefire.booter.ForkedBooter.runSuitesInProcess(ForkedBooter.java:345)
	at org.apache.maven.surefire.booter.ForkedBooter.execute(ForkedBooter.java:126)
	at org.apache.maven.surefire.booter.ForkedBooter.main(ForkedBooter.java:418)
2019-09-06 01:32:39,922 [main] WARN  storage.CommitWatcher (CommitWatcher.java:watchForCommit(203)) - watchForCommit failed for index 14
java.util.concurrent.TimeoutException
	at java.util.concurrent.CompletableFuture.timedGet(CompletableFuture.java:1771)
	at java.util.concurrent.CompletableFuture.get(CompletableFuture.java:1915)
	at org.apache.hadoop.hdds.scm.XceiverClientRatis.watchForCommit(XceiverClientRatis.java:268)
	at org.apache.hadoop.hdds.scm.storage.CommitWatcher.watchForCommit(CommitWatcher.java:194)
	at org.apache.hadoop.hdds.scm.storage.CommitWatcher.watchOnLastIndex(CommitWatcher.java:157)
	at org.apache.hadoop.hdds.scm.storage.BlockOutputStream.watchForCommit(BlockOutputStream.java:347)
	at org.apache.hadoop.hdds.scm.storage.BlockOutputStream.handleFlush(BlockOutputStream.java:479)
	at org.apache.hadoop.hdds.scm.storage.BlockOutputStream.flush(BlockOutputStream.java:428)
	at org.apache.hadoop.ozone.client.io.BlockOutputStreamEntry.flush(BlockOutputStreamEntry.java:136)
	at org.apache.hadoop.ozone.client.io.KeyOutputStream.handleFlushOrClose(KeyOutputStream.java:442)
	at org.apache.hadoop.ozone.client.io.KeyOutputStream.flush(KeyOutputStream.java:396)
	at org.apache.hadoop.ozone.client.io.OzoneOutputStream.flush(OzoneOutputStream.java:54)
	at org.apache.hadoop.ozone.client.rpc.TestBlockOutputStreamWithFailures.test2DatanodesFailure(TestBlockOutputStreamWithFailures.java:461)
	at sun.reflect.NativeMethodAccessorImpl.invoke0(Native Method)
	at sun.reflect.NativeMethodAccessorImpl.invoke(NativeMethodAccessorImpl.java:62)
	at sun.reflect.DelegatingMethodAccessorImpl.invoke(DelegatingMethodAccessorImpl.java:43)
	at java.lang.reflect.Method.invoke(Method.java:498)
	at org.junit.runners.model.FrameworkMethod$1.runReflectiveCall(FrameworkMethod.java:47)
	at org.junit.internal.runners.model.ReflectiveCallable.run(ReflectiveCallable.java:12)
	at org.junit.runners.model.FrameworkMethod.invokeExplosively(FrameworkMethod.java:44)
	at org.junit.internal.runners.statements.InvokeMethod.evaluate(InvokeMethod.java:17)
	at org.junit.internal.runners.statements.RunBefores.evaluate(RunBefores.java:26)
	at org.junit.internal.runners.statements.RunAfters.evaluate(RunAfters.java:27)
	at org.junit.runners.ParentRunner.runLeaf(ParentRunner.java:271)
	at org.junit.runners.BlockJUnit4ClassRunner.runChild(BlockJUnit4ClassRunner.java:70)
	at org.junit.runners.BlockJUnit4ClassRunner.runChild(BlockJUnit4ClassRunner.java:50)
	at org.junit.runners.ParentRunner$3.run(ParentRunner.java:238)
	at org.junit.runners.ParentRunner$1.schedule(ParentRunner.java:63)
	at org.junit.runners.ParentRunner.runChildren(ParentRunner.java:236)
	at org.junit.runners.ParentRunner.access$000(ParentRunner.java:53)
	at org.junit.runners.ParentRunner$2.evaluate(ParentRunner.java:229)
	at org.junit.runners.ParentRunner.run(ParentRunner.java:309)
	at org.apache.maven.surefire.junit4.JUnit4Provider.execute(JUnit4Provider.java:365)
	at org.apache.maven.surefire.junit4.JUnit4Provider.executeWithRerun(JUnit4Provider.java:273)
	at org.apache.maven.surefire.junit4.JUnit4Provider.executeTestSet(JUnit4Provider.java:238)
	at org.apache.maven.surefire.junit4.JUnit4Provider.invoke(JUnit4Provider.java:159)
	at org.apache.maven.surefire.booter.ForkedBooter.invokeProviderInSameClassLoader(ForkedBooter.java:384)
	at org.apache.maven.surefire.booter.ForkedBooter.runSuitesInProcess(ForkedBooter.java:345)
	at org.apache.maven.surefire.booter.ForkedBooter.execute(ForkedBooter.java:126)
	at org.apache.maven.surefire.booter.ForkedBooter.main(ForkedBooter.java:418)
2019-09-06 01:32:39,923 [main] WARN  io.KeyOutputStream (KeyOutputStream.java:handleException(276)) - Encountered exception java.io.IOException: Unexpected Storage Container Exception: java.io.IOException: Unexpected Storage Container Exception: java.util.concurrent.TimeoutException on the pipeline Pipeline[ Id: 6fa605e2-8642-4c9c-bc7b-42dad19a9c73, Nodes: e75310ea-4816-4f3e-a8c1-6cfd6a55ab33{ip: 192.168.5.177, host: pr-hdds-2015-4zh84-2711163145, networkLocation: /default-rack, certSerialId: null}3617b605-ab9b-496e-bebe-b0470df29912{ip: 192.168.5.177, host: pr-hdds-2015-4zh84-2711163145, networkLocation: /default-rack, certSerialId: null}50b26e9d-6920-4041-a912-937090afad9d{ip: 192.168.5.177, host: pr-hdds-2015-4zh84-2711163145, networkLocation: /default-rack, certSerialId: null}, Type:RATIS, Factor:THREE, State:OPEN]. The last committed block length is 400, uncommitted data length is 50 retry count 0
2019-09-06 01:32:39,952 [grpc-default-executor-3] INFO  client.GrpcClientProtocolClient (GrpcClientProtocolClient.java:onNext(255)) - client-E35A4CD14739->870289ed-592e-405d-bfb3-05317591cb8f: receive RaftClientReply:client-E35A4CD14739->870289ed-592e-405d-bfb3-05317591cb8f@group-B3F33337B0CD, cid=23, FAILED org.apache.ratis.protocol.NotLeaderException: Server 870289ed-592e-405d-bfb3-05317591cb8f is not the leader (6c86c079-35fe-41a5-81ad-74bc67566282:192.168.5.177:32957). Request must be sent to leader., logIndex=0, commits[870289ed-592e-405d-bfb3-05317591cb8f:c0, 6c86c079-35fe-41a5-81ad-74bc67566282:c0, 464708cc-33c6-436e-95d3-9de97c0c1ce1:c0]
2019-09-06 01:32:40,256 [grpc-default-executor-0] INFO  client.GrpcClientProtocolClient (GrpcClientProtocolClient.java:onNext(255)) - client-E35A4CD14739->6c86c079-35fe-41a5-81ad-74bc67566282: receive RaftClientReply:client-E35A4CD14739->6c86c079-35fe-41a5-81ad-74bc67566282@group-B3F33337B0CD, cid=23, SUCCESS, logIndex=1, commits[6c86c079-35fe-41a5-81ad-74bc67566282:c1, 870289ed-592e-405d-bfb3-05317591cb8f:c0, 464708cc-33c6-436e-95d3-9de97c0c1ce1:c0]
2019-09-06 01:32:40,427 [grpc-default-executor-3] INFO  client.GrpcClientProtocolClient (GrpcClientProtocolClient.java:onNext(255)) - client-F2935FA3D974->50b26e9d-6920-4041-a912-937090afad9d: receive RaftClientReply:client-F2935FA3D974->50b26e9d-6920-4041-a912-937090afad9d@group-42DAD19A9C73, cid=22, SUCCESS, logIndex=0, commits[50b26e9d-6920-4041-a912-937090afad9d:c16, 3617b605-ab9b-496e-bebe-b0470df29912:c13, e75310ea-4816-4f3e-a8c1-6cfd6a55ab33:c16]
2019-09-06 01:32:40,427 [grpc-default-executor-3] INFO  client.GrpcClientProtocolClient (GrpcClientProtocolClient.java:onNext(255)) - client-F2935FA3D974->50b26e9d-6920-4041-a912-937090afad9d: receive RaftClientReply:client-F2935FA3D974->50b26e9d-6920-4041-a912-937090afad9d@group-42DAD19A9C73, cid=21, SUCCESS, logIndex=0, commits[50b26e9d-6920-4041-a912-937090afad9d:c16, 3617b605-ab9b-496e-bebe-b0470df29912:c16, e75310ea-4816-4f3e-a8c1-6cfd6a55ab33:c16]
2019-09-06 01:32:40,529 [grpc-default-executor-3] INFO  client.GrpcClientProtocolClient (GrpcClientProtocolClient.java:onNext(255)) - client-E35A4CD14739->6c86c079-35fe-41a5-81ad-74bc67566282: receive RaftClientReply:client-E35A4CD14739->6c86c079-35fe-41a5-81ad-74bc67566282@group-B3F33337B0CD, cid=24, SUCCESS, logIndex=3, commits[6c86c079-35fe-41a5-81ad-74bc67566282:c4, 870289ed-592e-405d-bfb3-05317591cb8f:c3, 464708cc-33c6-436e-95d3-9de97c0c1ce1:c3]
2019-09-06 01:32:40,531 [main] INFO  ozone.MiniOzoneClusterImpl (MiniOzoneClusterImpl.java:shutdown(307)) - Shutting down the Mini Ozone Cluster
2019-09-06 01:32:40,531 [main] INFO  ozone.MiniOzoneClusterImpl (MiniOzoneClusterImpl.java:stop(322)) - Stopping the Mini Ozone Cluster
2019-09-06 01:32:40,531 [main] INFO  ozone.MiniOzoneClusterImpl (MiniOzoneClusterImpl.java:stop(324)) - Stopping the OzoneManager
2019-09-06 01:32:40,531 [main] INFO  ipc.Server (Server.java:stop(3082)) - Stopping server on 46074
2019-09-06 01:32:40,538 [IPC Server listener on 46074] INFO  ipc.Server (Server.java:run(1185)) - Stopping IPC Server listener on 46074
2019-09-06 01:32:40,540 [main] INFO  ratis.OzoneManagerDoubleBuffer (OzoneManagerDoubleBuffer.java:stop(248)) - Stopping OMDoubleBuffer flush thread
2019-09-06 01:32:40,546 [IPC Server Responder] INFO  ipc.Server (Server.java:run(1319)) - Stopping IPC Server Responder
2019-09-06 01:32:40,546 [OMDoubleBufferFlushThread] INFO  ratis.OzoneManagerDoubleBuffer (OzoneManagerDoubleBuffer.java:flushTransactions(191)) - OMDoubleBuffer flush thread OMDoubleBufferFlushThread is interrupted and will exit. OMDoubleBufferFlushThread
2019-09-06 01:32:40,547 [main] INFO  utils.BackgroundService (BackgroundService.java:shutdown(148)) - Shutting down service KeyDeletingService
2019-09-06 01:32:40,550 [main] INFO  handler.ContextHandler (ContextHandler.java:doStop(910)) - Stopped o.e.j.w.WebAppContext@74fe5966{/,null,UNAVAILABLE}{/ozoneManager}
2019-09-06 01:32:40,554 [main] INFO  server.AbstractConnector (AbstractConnector.java:doStop(318)) - Stopped ServerConnector@4fe875be{HTTP/1.1,[http/1.1]}{0.0.0.0:0}
2019-09-06 01:32:40,555 [main] INFO  handler.ContextHandler (ContextHandler.java:doStop(910)) - Stopped o.e.j.s.ServletContextHandler@3a91d146{/static,file:///workdir/hadoop-ozone/integration-test/target/test-classes/webapps/static,UNAVAILABLE}
2019-09-06 01:32:40,555 [main] INFO  handler.ContextHandler (ContextHandler.java:doStop(910)) - Stopped o.e.j.s.ServletContextHandler@f14e5bf{/logs,file:///workdir/hadoop-ozone/integration-test/target/log,UNAVAILABLE}
2019-09-06 01:32:40,565 [main] INFO  ozone.MiniOzoneClusterImpl (MiniOzoneClusterImpl.java:stop(330)) - Shutting the HddsDatanodes
2019-09-06 01:32:41,170 [Datanode State Machine Thread - 0] INFO  statemachine.DatanodeStateMachine (DatanodeStateMachine.java:lambda$startDaemon$0(350)) - Ozone container server started.
2019-09-06 01:32:41,369 [Datanode State Machine Thread - 0] INFO  statemachine.DatanodeStateMachine (DatanodeStateMachine.java:lambda$startDaemon$0(350)) - Ozone container server started.
2019-09-06 01:32:45,179 [EventQueue-StaleNodeForStaleNodeHandler] INFO  node.StaleNodeHandler (StaleNodeHandler.java:onMessage(58)) - Datanode 464708cc-33c6-436e-95d3-9de97c0c1ce1{ip: 192.168.5.177, host: pr-hdds-2015-4zh84-2711163145, networkLocation: /default-rack, certSerialId: null} moved to stale state. Finalizing its pipelines [PipelineID=1fec731f-8be9-4b98-a73e-dab9625f52f8, PipelineID=5ae06e72-ea97-4d9d-b5ea-b3f33337b0cd]
2019-09-06 01:32:45,179 [EventQueue-StaleNodeForStaleNodeHandler] INFO  pipeline.SCMPipelineManager (SCMPipelineManager.java:finalizeAndDestroyPipeline(309)) - destroying pipeline:Pipeline[ Id: 1fec731f-8be9-4b98-a73e-dab9625f52f8, Nodes: 464708cc-33c6-436e-95d3-9de97c0c1ce1{ip: 192.168.5.177, host: pr-hdds-2015-4zh84-2711163145, networkLocation: /default-rack, certSerialId: null}, Type:RATIS, Factor:ONE, State:OPEN]
2019-09-06 01:32:45,180 [EventQueue-StaleNodeForStaleNodeHandler] INFO  pipeline.PipelineStateManager (PipelineStateManager.java:finalizePipeline(123)) - Pipeline Pipeline[ Id: 1fec731f-8be9-4b98-a73e-dab9625f52f8, Nodes: 464708cc-33c6-436e-95d3-9de97c0c1ce1{ip: 192.168.5.177, host: pr-hdds-2015-4zh84-2711163145, networkLocation: /default-rack, certSerialId: null}, Type:RATIS, Factor:ONE, State:CLOSED] moved to CLOSED state
2019-09-06 01:32:45,181 [EventQueue-StaleNodeForStaleNodeHandler] INFO  pipeline.SCMPipelineManager (SCMPipelineManager.java:finalizeAndDestroyPipeline(309)) - destroying pipeline:Pipeline[ Id: 5ae06e72-ea97-4d9d-b5ea-b3f33337b0cd, Nodes: 870289ed-592e-405d-bfb3-05317591cb8f{ip: 192.168.5.177, host: pr-hdds-2015-4zh84-2711163145, networkLocation: /default-rack, certSerialId: null}6c86c079-35fe-41a5-81ad-74bc67566282{ip: 192.168.5.177, host: pr-hdds-2015-4zh84-2711163145, networkLocation: /default-rack, certSerialId: null}464708cc-33c6-436e-95d3-9de97c0c1ce1{ip: 192.168.5.177, host: pr-hdds-2015-4zh84-2711163145, networkLocation: /default-rack, certSerialId: null}, Type:RATIS, Factor:THREE, State:OPEN]
2019-09-06 01:32:45,181 [EventQueue-StaleNodeForStaleNodeHandler] INFO  pipeline.PipelineStateManager (PipelineStateManager.java:finalizePipeline(123)) - Pipeline Pipeline[ Id: 5ae06e72-ea97-4d9d-b5ea-b3f33337b0cd, Nodes: 870289ed-592e-405d-bfb3-05317591cb8f{ip: 192.168.5.177, host: pr-hdds-2015-4zh84-2711163145, networkLocation: /default-rack, certSerialId: null}6c86c079-35fe-41a5-81ad-74bc67566282{ip: 192.168.5.177, host: pr-hdds-2015-4zh84-2711163145, networkLocation: /default-rack, certSerialId: null}464708cc-33c6-436e-95d3-9de97c0c1ce1{ip: 192.168.5.177, host: pr-hdds-2015-4zh84-2711163145, networkLocation: /default-rack, certSerialId: null}, Type:RATIS, Factor:THREE, State:CLOSED] moved to CLOSED state
2019-09-06 01:32:45,182 [EventQueue-CloseContainerForCloseContainerEventHandler] INFO  container.CloseContainerEventHandler (CloseContainerEventHandler.java:onMessage(61)) - Close container Event triggered for container : #2
2019-09-06 01:32:45,379 [EventQueue-StaleNodeForStaleNodeHandler] INFO  node.StaleNodeHandler (StaleNodeHandler.java:onMessage(58)) - Datanode 50b26e9d-6920-4041-a912-937090afad9d{ip: 192.168.5.177, host: pr-hdds-2015-4zh84-2711163145, networkLocation: /default-rack, certSerialId: null} moved to stale state. Finalizing its pipelines [PipelineID=f0801c35-7b84-442d-8f19-40ab1fec5eb0, PipelineID=6fa605e2-8642-4c9c-bc7b-42dad19a9c73]
2019-09-06 01:32:45,380 [EventQueue-StaleNodeForStaleNodeHandler] INFO  pipeline.SCMPipelineManager (SCMPipelineManager.java:finalizeAndDestroyPipeline(309)) - destroying pipeline:Pipeline[ Id: f0801c35-7b84-442d-8f19-40ab1fec5eb0, Nodes: 50b26e9d-6920-4041-a912-937090afad9d{ip: 192.168.5.177, host: pr-hdds-2015-4zh84-2711163145, networkLocation: /default-rack, certSerialId: null}, Type:RATIS, Factor:ONE, State:OPEN]
2019-09-06 01:32:45,380 [EventQueue-StaleNodeForStaleNodeHandler] INFO  pipeline.PipelineStateManager (PipelineStateManager.java:finalizePipeline(123)) - Pipeline Pipeline[ Id: f0801c35-7b84-442d-8f19-40ab1fec5eb0, Nodes: 50b26e9d-6920-4041-a912-937090afad9d{ip: 192.168.5.177, host: pr-hdds-2015-4zh84-2711163145, networkLocation: /default-rack, certSerialId: null}, Type:RATIS, Factor:ONE, State:CLOSED] moved to CLOSED state
2019-09-06 01:32:45,380 [EventQueue-StaleNodeForStaleNodeHandler] INFO  pipeline.SCMPipelineManager (SCMPipelineManager.java:finalizeAndDestroyPipeline(309)) - destroying pipeline:Pipeline[ Id: 6fa605e2-8642-4c9c-bc7b-42dad19a9c73, Nodes: e75310ea-4816-4f3e-a8c1-6cfd6a55ab33{ip: 192.168.5.177, host: pr-hdds-2015-4zh84-2711163145, networkLocation: /default-rack, certSerialId: null}3617b605-ab9b-496e-bebe-b0470df29912{ip: 192.168.5.177, host: pr-hdds-2015-4zh84-2711163145, networkLocation: /default-rack, certSerialId: null}50b26e9d-6920-4041-a912-937090afad9d{ip: 192.168.5.177, host: pr-hdds-2015-4zh84-2711163145, networkLocation: /default-rack, certSerialId: null}, Type:RATIS, Factor:THREE, State:OPEN]
2019-09-06 01:32:45,380 [EventQueue-StaleNodeForStaleNodeHandler] INFO  pipeline.PipelineStateManager (PipelineStateManager.java:finalizePipeline(123)) - Pipeline Pipeline[ Id: 6fa605e2-8642-4c9c-bc7b-42dad19a9c73, Nodes: e75310ea-4816-4f3e-a8c1-6cfd6a55ab33{ip: 192.168.5.177, host: pr-hdds-2015-4zh84-2711163145, networkLocation: /default-rack, certSerialId: null}3617b605-ab9b-496e-bebe-b0470df29912{ip: 192.168.5.177, host: pr-hdds-2015-4zh84-2711163145, networkLocation: /default-rack, certSerialId: null}50b26e9d-6920-4041-a912-937090afad9d{ip: 192.168.5.177, host: pr-hdds-2015-4zh84-2711163145, networkLocation: /default-rack, certSerialId: null}, Type:RATIS, Factor:THREE, State:CLOSED] moved to CLOSED state
2019-09-06 01:32:45,381 [EventQueue-CloseContainerForCloseContainerEventHandler] INFO  container.CloseContainerEventHandler (CloseContainerEventHandler.java:onMessage(61)) - Close container Event triggered for container : #1
2019-09-06 01:32:45,567 [ForkJoinPool.commonPool-worker-1] INFO  ozoneimpl.OzoneContainer (OzoneContainer.java:stop(215)) - Attempting to stop container services.
2019-09-06 01:32:45,568 [main] INFO  ozoneimpl.OzoneContainer (OzoneContainer.java:stop(215)) - Attempting to stop container services.
2019-09-06 01:32:45,568 [ForkJoinPool.commonPool-worker-1] INFO  impl.RaftServerProxy (RaftServerProxy.java:lambda$close$4(314)) - 464708cc-33c6-436e-95d3-9de97c0c1ce1: close
2019-09-06 01:32:45,569 [main] INFO  impl.RaftServerProxy (RaftServerProxy.java:lambda$close$4(314)) - 50b26e9d-6920-4041-a912-937090afad9d: close
2019-09-06 01:32:45,570 [main] INFO  impl.RaftServerImpl (RaftServerImpl.java:lambda$shutdown$3(245)) - 50b26e9d-6920-4041-a912-937090afad9d: shutdown group-40AB1FEC5EB0
2019-09-06 01:32:45,570 [ForkJoinPool.commonPool-worker-1] INFO  impl.RaftServerImpl (RaftServerImpl.java:lambda$shutdown$3(245)) - 464708cc-33c6-436e-95d3-9de97c0c1ce1: shutdown group-DAB9625F52F8
2019-09-06 01:32:45,571 [main] INFO  util.JmxRegister (JmxRegister.java:unregister(73)) - Successfully un-registered JMX Bean with object name Ratis:service=RaftServer,group=group-40AB1FEC5EB0,id=50b26e9d-6920-4041-a912-937090afad9d
2019-09-06 01:32:45,571 [ForkJoinPool.commonPool-worker-1] INFO  util.JmxRegister (JmxRegister.java:unregister(73)) - Successfully un-registered JMX Bean with object name Ratis:service=RaftServer,group=group-DAB9625F52F8,id=464708cc-33c6-436e-95d3-9de97c0c1ce1
2019-09-06 01:32:45,571 [main] INFO  impl.RoleInfo (RoleInfo.java:shutdownLeaderState(104)) - 50b26e9d-6920-4041-a912-937090afad9d: shutdown LeaderState
2019-09-06 01:32:45,572 [ForkJoinPool.commonPool-worker-1] INFO  impl.RoleInfo (RoleInfo.java:shutdownLeaderState(104)) - 464708cc-33c6-436e-95d3-9de97c0c1ce1: shutdown LeaderState
2019-09-06 01:32:45,573 [main] INFO  impl.PendingRequests (PendingRequests.java:sendNotLeaderResponses(202)) - 50b26e9d-6920-4041-a912-937090afad9d-PendingRequests: sendNotLeaderResponses
2019-09-06 01:32:45,573 [ForkJoinPool.commonPool-worker-1] INFO  impl.PendingRequests (PendingRequests.java:sendNotLeaderResponses(202)) - 464708cc-33c6-436e-95d3-9de97c0c1ce1-PendingRequests: sendNotLeaderResponses
2019-09-06 01:32:45,577 [main] INFO  impl.StateMachineUpdater (StateMachineUpdater.java:stopAndJoin(115)) - StateMachineUpdater:50b26e9d-6920-4041-a912-937090afad9d:group-40AB1FEC5EB0: set stopIndex = 0
2019-09-06 01:32:45,577 [ForkJoinPool.commonPool-worker-1] INFO  impl.StateMachineUpdater (StateMachineUpdater.java:stopAndJoin(115)) - StateMachineUpdater:464708cc-33c6-436e-95d3-9de97c0c1ce1:group-DAB9625F52F8: set stopIndex = 0
2019-09-06 01:32:45,586 [main] INFO  impl.RaftServerImpl (ServerState.java:close(394)) - 50b26e9d-6920-4041-a912-937090afad9d:group-40AB1FEC5EB0 closes. The last applied log index is 0
2019-09-06 01:32:45,587 [ForkJoinPool.commonPool-worker-1] INFO  impl.RaftServerImpl (ServerState.java:close(394)) - 464708cc-33c6-436e-95d3-9de97c0c1ce1:group-DAB9625F52F8 closes. The last applied log index is 0
2019-09-06 01:32:45,589 [464708cc-33c6-436e-95d3-9de97c0c1ce1-SegmentedRaftLogWorker:Storage Directory /workdir/hadoop-ozone/integration-test/target/test-dir/MiniOzoneClusterImpl-b0be7eb2-cfe3-45ae-8723-bdb0b594c12d/datanode-1/data/ratis/1fec731f-8be9-4b98-a73e-dab9625f52f8] INFO  segmented.SegmentedRaftLogWorker (SegmentedRaftLogWorker.java:run(313)) - 464708cc-33c6-436e-95d3-9de97c0c1ce1-SegmentedRaftLogWorker:Storage Directory /workdir/hadoop-ozone/integration-test/target/test-dir/MiniOzoneClusterImpl-b0be7eb2-cfe3-45ae-8723-bdb0b594c12d/datanode-1/data/ratis/1fec731f-8be9-4b98-a73e-dab9625f52f8 was interrupted, exiting. There are 0 tasks remaining in the queue.
2019-09-06 01:32:45,589 [50b26e9d-6920-4041-a912-937090afad9d-SegmentedRaftLogWorker:Storage Directory /workdir/hadoop-ozone/integration-test/target/test-dir/MiniOzoneClusterImpl-b0be7eb2-cfe3-45ae-8723-bdb0b594c12d/datanode-4/data/ratis/f0801c35-7b84-442d-8f19-40ab1fec5eb0] INFO  segmented.SegmentedRaftLogWorker (SegmentedRaftLogWorker.java:run(313)) - 50b26e9d-6920-4041-a912-937090afad9d-SegmentedRaftLogWorker:Storage Directory /workdir/hadoop-ozone/integration-test/target/test-dir/MiniOzoneClusterImpl-b0be7eb2-cfe3-45ae-8723-bdb0b594c12d/datanode-4/data/ratis/f0801c35-7b84-442d-8f19-40ab1fec5eb0 was interrupted, exiting. There are 0 tasks remaining in the queue.
2019-09-06 01:32:45,596 [main] INFO  segmented.SegmentedRaftLogWorker (SegmentedRaftLogWorker.java:close(228)) - 50b26e9d-6920-4041-a912-937090afad9d-SegmentedRaftLogWorker:Storage Directory /workdir/hadoop-ozone/integration-test/target/test-dir/MiniOzoneClusterImpl-b0be7eb2-cfe3-45ae-8723-bdb0b594c12d/datanode-4/data/ratis/f0801c35-7b84-442d-8f19-40ab1fec5eb0 close()
2019-09-06 01:32:45,596 [ForkJoinPool.commonPool-worker-1] INFO  segmented.SegmentedRaftLogWorker (SegmentedRaftLogWorker.java:close(228)) - 464708cc-33c6-436e-95d3-9de97c0c1ce1-SegmentedRaftLogWorker:Storage Directory /workdir/hadoop-ozone/integration-test/target/test-dir/MiniOzoneClusterImpl-b0be7eb2-cfe3-45ae-8723-bdb0b594c12d/datanode-1/data/ratis/1fec731f-8be9-4b98-a73e-dab9625f52f8 close()
2019-09-06 01:32:45,603 [main] INFO  impl.RaftServerImpl (RaftServerImpl.java:lambda$shutdown$3(245)) - 50b26e9d-6920-4041-a912-937090afad9d: shutdown group-42DAD19A9C73
2019-09-06 01:32:45,607 [ForkJoinPool.commonPool-worker-1] INFO  impl.RaftServerImpl (RaftServerImpl.java:lambda$shutdown$3(245)) - 464708cc-33c6-436e-95d3-9de97c0c1ce1: shutdown group-B3F33337B0CD
2019-09-06 01:32:45,607 [main] INFO  util.JmxRegister (JmxRegister.java:unregister(73)) - Successfully un-registered JMX Bean with object name Ratis:service=RaftServer,group=group-42DAD19A9C73,id=50b26e9d-6920-4041-a912-937090afad9d
2019-09-06 01:32:45,608 [ForkJoinPool.commonPool-worker-1] INFO  util.JmxRegister (JmxRegister.java:unregister(73)) - Successfully un-registered JMX Bean with object name Ratis:service=RaftServer,group=group-B3F33337B0CD,id=464708cc-33c6-436e-95d3-9de97c0c1ce1
2019-09-06 01:32:45,608 [main] INFO  impl.RoleInfo (RoleInfo.java:shutdownLeaderState(104)) - 50b26e9d-6920-4041-a912-937090afad9d: shutdown LeaderState
2019-09-06 01:32:45,608 [ForkJoinPool.commonPool-worker-1] INFO  impl.RoleInfo (RoleInfo.java:shutdownFollowerState(121)) - 464708cc-33c6-436e-95d3-9de97c0c1ce1: shutdown FollowerState
2019-09-06 01:32:45,612 [org.apache.ratis.server.impl.LogAppender$AppenderDaemon$$Lambda$479/441325125@3f232f90] WARN  server.GrpcLogAppender (GrpcLogAppender.java:mayWait(143)) - GrpcLogAppender(50b26e9d-6920-4041-a912-937090afad9d->e75310ea-4816-4f3e-a8c1-6cfd6a55ab33): Wait interrupted by java.lang.InterruptedException
2019-09-06 01:32:45,611 [main] INFO  impl.PendingRequests (PendingRequests.java:sendNotLeaderResponses(202)) - 50b26e9d-6920-4041-a912-937090afad9d-PendingRequests: sendNotLeaderResponses
2019-09-06 01:32:45,614 [StateMachineUpdater:464708cc-33c6-436e-95d3-9de97c0c1ce1:group-B3F33337B0CD] INFO  ratis.ContainerStateMachine (ContainerStateMachine.java:takeSnapshot(284)) - group-B3F33337B0CD: Taking a snapshot at:(t:1, i:3) file /workdir/hadoop-ozone/integration-test/target/test-dir/MiniOzoneClusterImpl-b0be7eb2-cfe3-45ae-8723-bdb0b594c12d/datanode-1/data/ratis/5ae06e72-ea97-4d9d-b5ea-b3f33337b0cd/sm/snapshot.1_3
2019-09-06 01:32:45,613 [Thread-325] INFO  impl.FollowerState (FollowerState.java:run(114)) - 464708cc-33c6-436e-95d3-9de97c0c1ce1: FollowerState was interrupted: java.lang.InterruptedException: sleep interrupted
2019-09-06 01:32:45,612 [ForkJoinPool.commonPool-worker-1] INFO  impl.StateMachineUpdater (StateMachineUpdater.java:stopAndJoin(115)) - StateMachineUpdater:464708cc-33c6-436e-95d3-9de97c0c1ce1:group-B3F33337B0CD: set stopIndex = 4
2019-09-06 01:32:45,612 [org.apache.ratis.server.impl.LogAppender$AppenderDaemon$$Lambda$479/441325125@7a21aeb0] WARN  server.GrpcLogAppender (GrpcLogAppender.java:mayWait(143)) - GrpcLogAppender(50b26e9d-6920-4041-a912-937090afad9d->3617b605-ab9b-496e-bebe-b0470df29912): Wait interrupted by java.lang.InterruptedException
2019-09-06 01:32:45,617 [grpc-default-executor-0] INFO  server.GrpcServerProtocolService (GrpcServerProtocolService.java:onCompleted(104)) - e75310ea-4816-4f3e-a8c1-6cfd6a55ab33: appendEntries completed
2019-09-06 01:32:45,617 [grpc-default-executor-2] INFO  server.GrpcServerProtocolService (GrpcServerProtocolService.java:onCompleted(104)) - 3617b605-ab9b-496e-bebe-b0470df29912: appendEntries completed
2019-09-06 01:32:45,621 [grpc-default-executor-0] INFO  server.GrpcLogAppender (GrpcLogAppender.java:onCompleted(292)) - 50b26e9d-6920-4041-a912-937090afad9d->e75310ea-4816-4f3e-a8c1-6cfd6a55ab33: follower responses appendEntries COMPLETED
2019-09-06 01:32:45,621 [grpc-default-executor-2] INFO  server.GrpcLogAppender (GrpcLogAppender.java:onCompleted(292)) - 50b26e9d-6920-4041-a912-937090afad9d->3617b605-ab9b-496e-bebe-b0470df29912: follower responses appendEntries COMPLETED
2019-09-06 01:32:45,625 [main] INFO  impl.StateMachineUpdater (StateMachineUpdater.java:stopAndJoin(115)) - StateMachineUpdater:50b26e9d-6920-4041-a912-937090afad9d:group-42DAD19A9C73: set stopIndex = 16
2019-09-06 01:32:45,626 [StateMachineUpdater:50b26e9d-6920-4041-a912-937090afad9d:group-42DAD19A9C73] INFO  ratis.ContainerStateMachine (ContainerStateMachine.java:takeSnapshot(284)) - group-42DAD19A9C73: Taking a snapshot at:(t:1, i:14) file /workdir/hadoop-ozone/integration-test/target/test-dir/MiniOzoneClusterImpl-b0be7eb2-cfe3-45ae-8723-bdb0b594c12d/datanode-4/data/ratis/6fa605e2-8642-4c9c-bc7b-42dad19a9c73/sm/snapshot.1_14
2019-09-06 01:32:45,630 [grpc-default-executor-2] INFO  impl.FollowerInfo (FollowerInfo.java:lambda$new$0(50)) - 50b26e9d-6920-4041-a912-937090afad9d->3617b605-ab9b-496e-bebe-b0470df29912: nextIndex: updateUnconditionally 17 -> 16
2019-09-06 01:32:45,630 [grpc-default-executor-0] INFO  impl.FollowerInfo (FollowerInfo.java:lambda$new$0(50)) - 50b26e9d-6920-4041-a912-937090afad9d->e75310ea-4816-4f3e-a8c1-6cfd6a55ab33: nextIndex: updateUnconditionally 17 -> 16
2019-09-06 01:32:45,736 [StateMachineUpdater:464708cc-33c6-436e-95d3-9de97c0c1ce1:group-B3F33337B0CD] INFO  ratis.ContainerStateMachine (ContainerStateMachine.java:takeSnapshot(295)) - group-B3F33337B0CD: Finished taking a snapshot at:(t:1, i:3) file:/workdir/hadoop-ozone/integration-test/target/test-dir/MiniOzoneClusterImpl-b0be7eb2-cfe3-45ae-8723-bdb0b594c12d/datanode-1/data/ratis/5ae06e72-ea97-4d9d-b5ea-b3f33337b0cd/sm/snapshot.1_3 time:123
2019-09-06 01:32:45,736 [StateMachineUpdater:50b26e9d-6920-4041-a912-937090afad9d:group-42DAD19A9C73] INFO  ratis.ContainerStateMachine (ContainerStateMachine.java:takeSnapshot(295)) - group-42DAD19A9C73: Finished taking a snapshot at:(t:1, i:14) file:/workdir/hadoop-ozone/integration-test/target/test-dir/MiniOzoneClusterImpl-b0be7eb2-cfe3-45ae-8723-bdb0b594c12d/datanode-4/data/ratis/6fa605e2-8642-4c9c-bc7b-42dad19a9c73/sm/snapshot.1_14 time:111
2019-09-06 01:32:45,737 [StateMachineUpdater:464708cc-33c6-436e-95d3-9de97c0c1ce1:group-B3F33337B0CD] INFO  impl.StateMachineUpdater (StateMachineUpdater.java:takeSnapshot(242)) - StateMachineUpdater:464708cc-33c6-436e-95d3-9de97c0c1ce1:group-B3F33337B0CD: Took a snapshot at index 3
2019-09-06 01:32:45,737 [StateMachineUpdater:50b26e9d-6920-4041-a912-937090afad9d:group-42DAD19A9C73] INFO  impl.StateMachineUpdater (StateMachineUpdater.java:takeSnapshot(242)) - StateMachineUpdater:50b26e9d-6920-4041-a912-937090afad9d:group-42DAD19A9C73: Took a snapshot at index 14
2019-09-06 01:32:45,737 [StateMachineUpdater:464708cc-33c6-436e-95d3-9de97c0c1ce1:group-B3F33337B0CD] INFO  impl.StateMachineUpdater (StateMachineUpdater.java:lambda$new$0(80)) - StateMachineUpdater:464708cc-33c6-436e-95d3-9de97c0c1ce1:group-B3F33337B0CD: snapshotIndex: updateIncreasingly -1 -> 3
2019-09-06 01:32:45,737 [StateMachineUpdater:50b26e9d-6920-4041-a912-937090afad9d:group-42DAD19A9C73] INFO  impl.StateMachineUpdater (StateMachineUpdater.java:lambda$new$0(80)) - StateMachineUpdater:50b26e9d-6920-4041-a912-937090afad9d:group-42DAD19A9C73: snapshotIndex: updateIncreasingly -1 -> 14
2019-09-06 01:32:45,745 [main] INFO  impl.RaftServerImpl (ServerState.java:close(394)) - 50b26e9d-6920-4041-a912-937090afad9d:group-42DAD19A9C73 closes. The last applied log index is 16
2019-09-06 01:32:45,745 [ForkJoinPool.commonPool-worker-1] INFO  impl.RaftServerImpl (ServerState.java:close(394)) - 464708cc-33c6-436e-95d3-9de97c0c1ce1:group-B3F33337B0CD closes. The last applied log index is 4
2019-09-06 01:32:45,746 [50b26e9d-6920-4041-a912-937090afad9d-SegmentedRaftLogWorker:Storage Directory /workdir/hadoop-ozone/integration-test/target/test-dir/MiniOzoneClusterImpl-b0be7eb2-cfe3-45ae-8723-bdb0b594c12d/datanode-4/data/ratis/6fa605e2-8642-4c9c-bc7b-42dad19a9c73] INFO  segmented.SegmentedRaftLogWorker (SegmentedRaftLogWorker.java:run(313)) - 50b26e9d-6920-4041-a912-937090afad9d-SegmentedRaftLogWorker:Storage Directory /workdir/hadoop-ozone/integration-test/target/test-dir/MiniOzoneClusterImpl-b0be7eb2-cfe3-45ae-8723-bdb0b594c12d/datanode-4/data/ratis/6fa605e2-8642-4c9c-bc7b-42dad19a9c73 was interrupted, exiting. There are 0 tasks remaining in the queue.
2019-09-06 01:32:45,746 [464708cc-33c6-436e-95d3-9de97c0c1ce1-SegmentedRaftLogWorker:Storage Directory /workdir/hadoop-ozone/integration-test/target/test-dir/MiniOzoneClusterImpl-b0be7eb2-cfe3-45ae-8723-bdb0b594c12d/datanode-1/data/ratis/5ae06e72-ea97-4d9d-b5ea-b3f33337b0cd] INFO  segmented.SegmentedRaftLogWorker (SegmentedRaftLogWorker.java:run(313)) - 464708cc-33c6-436e-95d3-9de97c0c1ce1-SegmentedRaftLogWorker:Storage Directory /workdir/hadoop-ozone/integration-test/target/test-dir/MiniOzoneClusterImpl-b0be7eb2-cfe3-45ae-8723-bdb0b594c12d/datanode-1/data/ratis/5ae06e72-ea97-4d9d-b5ea-b3f33337b0cd was interrupted, exiting. There are 0 tasks remaining in the queue.
2019-09-06 01:32:45,750 [main] INFO  segmented.SegmentedRaftLogWorker (SegmentedRaftLogWorker.java:close(228)) - 50b26e9d-6920-4041-a912-937090afad9d-SegmentedRaftLogWorker:Storage Directory /workdir/hadoop-ozone/integration-test/target/test-dir/MiniOzoneClusterImpl-b0be7eb2-cfe3-45ae-8723-bdb0b594c12d/datanode-4/data/ratis/6fa605e2-8642-4c9c-bc7b-42dad19a9c73 close()
2019-09-06 01:32:45,757 [ForkJoinPool.commonPool-worker-1] INFO  segmented.SegmentedRaftLogWorker (SegmentedRaftLogWorker.java:close(228)) - 464708cc-33c6-436e-95d3-9de97c0c1ce1-SegmentedRaftLogWorker:Storage Directory /workdir/hadoop-ozone/integration-test/target/test-dir/MiniOzoneClusterImpl-b0be7eb2-cfe3-45ae-8723-bdb0b594c12d/datanode-1/data/ratis/5ae06e72-ea97-4d9d-b5ea-b3f33337b0cd close()
2019-09-06 01:32:45,766 [ForkJoinPool.commonPool-worker-1] INFO  server.GrpcService (GrpcService.java:closeImpl(155)) - 464708cc-33c6-436e-95d3-9de97c0c1ce1: shutdown server with port 35472 now
2019-09-06 01:32:45,766 [main] INFO  server.GrpcService (GrpcService.java:closeImpl(155)) - 50b26e9d-6920-4041-a912-937090afad9d: shutdown server with port 36666 now
2019-09-06 01:32:45,788 [ForkJoinPool.commonPool-worker-1] INFO  server.GrpcService (GrpcService.java:closeImpl(163)) - 464708cc-33c6-436e-95d3-9de97c0c1ce1: shutdown server with port 35472 successfully
2019-09-06 01:32:45,789 [main] INFO  server.GrpcService (GrpcService.java:closeImpl(163)) - 50b26e9d-6920-4041-a912-937090afad9d: shutdown server with port 36666 successfully
2019-09-06 01:32:45,790 [grpc-default-executor-1] WARN  client.GrpcClientProtocolService (LogUtils.java:warn(134)) - 2-UnorderedRequestStreamObserver2: onError: org.apache.ratis.thirdparty.io.grpc.StatusRuntimeException: CANCELLED: cancelled before receiving half close
2019-09-06 01:32:45,790 [grpc-default-executor-3] WARN  server.GrpcServerProtocolService (LogUtils.java:warn(134)) - 464708cc-33c6-436e-95d3-9de97c0c1ce1: appendEntries onError: org.apache.ratis.thirdparty.io.grpc.StatusRuntimeException: CANCELLED: cancelled before receiving half close
2019-09-06 01:32:45,800 [refreshUsed-/workdir/hadoop-ozone/integration-test/target/test-dir/MiniOzoneClusterImpl-b0be7eb2-cfe3-45ae-8723-bdb0b594c12d/datanode-4/data/containers] WARN  fs.CachingGetSpaceUsed (CachingGetSpaceUsed.java:run(183)) - Thread Interrupted waiting to refresh disk information: sleep interrupted
2019-09-06 01:32:45,800 [refreshUsed-/workdir/hadoop-ozone/integration-test/target/test-dir/MiniOzoneClusterImpl-b0be7eb2-cfe3-45ae-8723-bdb0b594c12d/datanode-1/data/containers] WARN  fs.CachingGetSpaceUsed (CachingGetSpaceUsed.java:run(183)) - Thread Interrupted waiting to refresh disk information: sleep interrupted
2019-09-06 01:32:45,803 [grpc-default-executor-3] WARN  server.GrpcLogAppender (LogUtils.java:warn(134)) - 6c86c079-35fe-41a5-81ad-74bc67566282->464708cc-33c6-436e-95d3-9de97c0c1ce1: Failed appendEntries: org.apache.ratis.thirdparty.io.grpc.StatusRuntimeException: CANCELLED: HTTP/2 error code: CANCEL
Received Rst Stream
2019-09-06 01:32:45,807 [grpc-default-executor-3] INFO  impl.FollowerInfo (FollowerInfo.java:lambda$new$0(50)) - 6c86c079-35fe-41a5-81ad-74bc67566282->464708cc-33c6-436e-95d3-9de97c0c1ce1: nextIndex: updateUnconditionally 5 -> 4
2019-09-06 01:32:45,829 [main] INFO  utils.BackgroundService (BackgroundService.java:shutdown(148)) - Shutting down service BlockDeletingService
2019-09-06 01:32:45,834 [main] INFO  statemachine.DatanodeStateMachine (DatanodeStateMachine.java:stopDaemon(395)) - Ozone container server stopped.
2019-09-06 01:32:45,835 [main] INFO  handler.ContextHandler (ContextHandler.java:doStop(910)) - Stopped o.e.j.w.WebAppContext@411c6d44{/,null,UNAVAILABLE}{/hddsDatanode}
2019-09-06 01:32:45,837 [ForkJoinPool.commonPool-worker-1] INFO  utils.BackgroundService (BackgroundService.java:shutdown(148)) - Shutting down service BlockDeletingService
2019-09-06 01:32:45,837 [main] INFO  server.AbstractConnector (AbstractConnector.java:doStop(318)) - Stopped ServerConnector@1687eb01{HTTP/1.1,[http/1.1]}{0.0.0.0:0}
2019-09-06 01:32:45,841 [ForkJoinPool.commonPool-worker-1] INFO  statemachine.DatanodeStateMachine (DatanodeStateMachine.java:stopDaemon(395)) - Ozone container server stopped.
2019-09-06 01:32:45,841 [main] INFO  handler.ContextHandler (ContextHandler.java:doStop(910)) - Stopped o.e.j.s.ServletContextHandler@70972170{/static,jar:file:/home/user/.m2/repository/org/apache/hadoop/hadoop-hdds-container-service/0.5.0-SNAPSHOT/hadoop-hdds-container-service-0.5.0-SNAPSHOT.jar!/webapps/static,UNAVAILABLE}
2019-09-06 01:32:45,844 [main] INFO  handler.ContextHandler (ContextHandler.java:doStop(910)) - Stopped o.e.j.s.ServletContextHandler@3d4e405e{/logs,file:///workdir/hadoop-ozone/integration-test/target/log,UNAVAILABLE}
2019-09-06 01:32:45,845 [ForkJoinPool.commonPool-worker-1] INFO  handler.ContextHandler (ContextHandler.java:doStop(910)) - Stopped o.e.j.w.WebAppContext@117525fe{/,null,UNAVAILABLE}{/hddsDatanode}
2019-09-06 01:32:45,846 [ForkJoinPool.commonPool-worker-1] INFO  server.AbstractConnector (AbstractConnector.java:doStop(318)) - Stopped ServerConnector@5f7989fa{HTTP/1.1,[http/1.1]}{0.0.0.0:0}
2019-09-06 01:32:45,848 [ForkJoinPool.commonPool-worker-1] INFO  handler.ContextHandler (ContextHandler.java:doStop(910)) - Stopped o.e.j.s.ServletContextHandler@2849434b{/static,jar:file:/home/user/.m2/repository/org/apache/hadoop/hadoop-hdds-container-service/0.5.0-SNAPSHOT/hadoop-hdds-container-service-0.5.0-SNAPSHOT.jar!/webapps/static,UNAVAILABLE}
2019-09-06 01:32:45,849 [ForkJoinPool.commonPool-worker-1] INFO  handler.ContextHandler (ContextHandler.java:doStop(910)) - Stopped o.e.j.s.ServletContextHandler@26c47874{/logs,file:///workdir/hadoop-ozone/integration-test/target/log,UNAVAILABLE}
2019-09-06 01:32:46,172 [Datanode State Machine Thread - 0] INFO  statemachine.DatanodeStateMachine (DatanodeStateMachine.java:lambda$startDaemon$0(350)) - Ozone container server started.
2019-09-06 01:32:46,454 [Datanode State Machine Thread - 0] INFO  statemachine.DatanodeStateMachine (DatanodeStateMachine.java:lambda$startDaemon$0(350)) - Ozone container server started.
2019-09-06 01:32:47,208 [grpc-default-executor-0] WARN  server.GrpcLogAppender (LogUtils.java:warn(134)) - 6c86c079-35fe-41a5-81ad-74bc67566282->464708cc-33c6-436e-95d3-9de97c0c1ce1: Failed appendEntries: org.apache.ratis.thirdparty.io.grpc.StatusRuntimeException: UNAVAILABLE: io exception
2019-09-06 01:32:47,211 [grpc-default-executor-0] INFO  impl.FollowerInfo (FollowerInfo.java:lambda$new$0(50)) - 6c86c079-35fe-41a5-81ad-74bc67566282->464708cc-33c6-436e-95d3-9de97c0c1ce1: nextIndex: updateUnconditionally 5 -> 4
2019-09-06 01:32:47,222 [RatisApplyTransactionExecutor 2] INFO  interfaces.Container (KeyValueContainer.java:flushAndSyncDB(382)) - Container 2 is synced with bcsId 3.
2019-09-06 01:32:47,223 [RatisApplyTransactionExecutor 2] INFO  interfaces.Container (KeyValueContainer.java:flushAndSyncDB(382)) - Container 2 is synced with bcsId 3.
2019-09-06 01:32:47,231 [grpc-default-executor-3] WARN  server.GrpcLogAppender (LogUtils.java:warn(134)) - 6c86c079-35fe-41a5-81ad-74bc67566282->464708cc-33c6-436e-95d3-9de97c0c1ce1: Failed appendEntries: org.apache.ratis.thirdparty.io.grpc.StatusRuntimeException: UNAVAILABLE: io exception
2019-09-06 01:32:47,232 [grpc-default-executor-3] INFO  impl.FollowerInfo (FollowerInfo.java:lambda$new$0(50)) - 6c86c079-35fe-41a5-81ad-74bc67566282->464708cc-33c6-436e-95d3-9de97c0c1ce1: nextIndex: updateUnconditionally 5 -> 4
2019-09-06 01:32:47,242 [EventQueue-IncrementalContainerReportForIncrementalContainerReportHandler] INFO  container.IncrementalContainerReportHandler (AbstractContainerReportHandler.java:updateContainerState(176)) - Moving container #2 to CLOSED state, datanode 6c86c079-35fe-41a5-81ad-74bc67566282{ip: 192.168.5.177, host: pr-hdds-2015-4zh84-2711163145, networkLocation: /default-rack, certSerialId: null} reported CLOSED replica.
2019-09-06 01:32:47,253 [RatisApplyTransactionExecutor 2] INFO  interfaces.Container (KeyValueContainer.java:flushAndSyncDB(382)) - Container 2 is synced with bcsId 3.
2019-09-06 01:32:47,255 [RatisApplyTransactionExecutor 2] INFO  interfaces.Container (KeyValueContainer.java:flushAndSyncDB(382)) - Container 2 is synced with bcsId 3.
2019-09-06 01:32:49,738 [grpc-default-executor-2] WARN  server.GrpcLogAppender (LogUtils.java:warn(134)) - 6c86c079-35fe-41a5-81ad-74bc67566282->464708cc-33c6-436e-95d3-9de97c0c1ce1: Failed appendEntries: org.apache.ratis.thirdparty.io.grpc.StatusRuntimeException: UNAVAILABLE: io exception
2019-09-06 01:32:49,740 [grpc-default-executor-2] INFO  impl.FollowerInfo (FollowerInfo.java:lambda$new$0(50)) - 6c86c079-35fe-41a5-81ad-74bc67566282->464708cc-33c6-436e-95d3-9de97c0c1ce1: nextIndex: updateUnconditionally 4 -> 3
2019-09-06 01:32:50,195 [EventQueue-StaleNodeForStaleNodeHandler] INFO  node.StaleNodeHandler (StaleNodeHandler.java:onMessage(58)) - Datanode 870289ed-592e-405d-bfb3-05317591cb8f{ip: 192.168.5.177, host: pr-hdds-2015-4zh84-2711163145, networkLocation: /default-rack, certSerialId: null} moved to stale state. Finalizing its pipelines [PipelineID=4ae5116d-d6cf-46a9-b7e0-e94525843afb, PipelineID=5ae06e72-ea97-4d9d-b5ea-b3f33337b0cd]
2019-09-06 01:32:50,196 [EventQueue-StaleNodeForStaleNodeHandler] INFO  pipeline.SCMPipelineManager (SCMPipelineManager.java:finalizeAndDestroyPipeline(309)) - destroying pipeline:Pipeline[ Id: 4ae5116d-d6cf-46a9-b7e0-e94525843afb, Nodes: 870289ed-592e-405d-bfb3-05317591cb8f{ip: 192.168.5.177, host: pr-hdds-2015-4zh84-2711163145, networkLocation: /default-rack, certSerialId: null}, Type:RATIS, Factor:ONE, State:OPEN]
2019-09-06 01:32:50,196 [EventQueue-StaleNodeForStaleNodeHandler] INFO  pipeline.PipelineStateManager (PipelineStateManager.java:finalizePipeline(123)) - Pipeline Pipeline[ Id: 4ae5116d-d6cf-46a9-b7e0-e94525843afb, Nodes: 870289ed-592e-405d-bfb3-05317591cb8f{ip: 192.168.5.177, host: pr-hdds-2015-4zh84-2711163145, networkLocation: /default-rack, certSerialId: null}, Type:RATIS, Factor:ONE, State:CLOSED] moved to CLOSED state
2019-09-06 01:32:50,196 [EventQueue-StaleNodeForStaleNodeHandler] INFO  pipeline.SCMPipelineManager (SCMPipelineManager.java:finalizeAndDestroyPipeline(309)) - destroying pipeline:Pipeline[ Id: 5ae06e72-ea97-4d9d-b5ea-b3f33337b0cd, Nodes: 870289ed-592e-405d-bfb3-05317591cb8f{ip: 192.168.5.177, host: pr-hdds-2015-4zh84-2711163145, networkLocation: /default-rack, certSerialId: null}6c86c079-35fe-41a5-81ad-74bc67566282{ip: 192.168.5.177, host: pr-hdds-2015-4zh84-2711163145, networkLocation: /default-rack, certSerialId: null}464708cc-33c6-436e-95d3-9de97c0c1ce1{ip: 192.168.5.177, host: pr-hdds-2015-4zh84-2711163145, networkLocation: /default-rack, certSerialId: null}, Type:RATIS, Factor:THREE, State:CLOSED]
2019-09-06 01:32:50,496 [EventQueue-StaleNodeForStaleNodeHandler] INFO  node.StaleNodeHandler (StaleNodeHandler.java:onMessage(58)) - Datanode 3617b605-ab9b-496e-bebe-b0470df29912{ip: 192.168.5.177, host: pr-hdds-2015-4zh84-2711163145, networkLocation: /default-rack, certSerialId: null} moved to stale state. Finalizing its pipelines [PipelineID=6fa605e2-8642-4c9c-bc7b-42dad19a9c73, PipelineID=8b0cac8e-3ab4-4e17-9c78-0a5ffe72eb0c]
2019-09-06 01:32:50,496 [EventQueue-StaleNodeForStaleNodeHandler] INFO  pipeline.SCMPipelineManager (SCMPipelineManager.java:finalizeAndDestroyPipeline(309)) - destroying pipeline:Pipeline[ Id: 6fa605e2-8642-4c9c-bc7b-42dad19a9c73, Nodes: e75310ea-4816-4f3e-a8c1-6cfd6a55ab33{ip: 192.168.5.177, host: pr-hdds-2015-4zh84-2711163145, networkLocation: /default-rack, certSerialId: null}3617b605-ab9b-496e-bebe-b0470df29912{ip: 192.168.5.177, host: pr-hdds-2015-4zh84-2711163145, networkLocation: /default-rack, certSerialId: null}50b26e9d-6920-4041-a912-937090afad9d{ip: 192.168.5.177, host: pr-hdds-2015-4zh84-2711163145, networkLocation: /default-rack, certSerialId: null}, Type:RATIS, Factor:THREE, State:CLOSED]
2019-09-06 01:32:50,497 [EventQueue-StaleNodeForStaleNodeHandler] INFO  pipeline.SCMPipelineManager (SCMPipelineManager.java:finalizeAndDestroyPipeline(309)) - destroying pipeline:Pipeline[ Id: 8b0cac8e-3ab4-4e17-9c78-0a5ffe72eb0c, Nodes: 3617b605-ab9b-496e-bebe-b0470df29912{ip: 192.168.5.177, host: pr-hdds-2015-4zh84-2711163145, networkLocation: /default-rack, certSerialId: null}, Type:RATIS, Factor:ONE, State:OPEN]
2019-09-06 01:32:50,497 [EventQueue-StaleNodeForStaleNodeHandler] INFO  pipeline.PipelineStateManager (PipelineStateManager.java:finalizePipeline(123)) - Pipeline Pipeline[ Id: 8b0cac8e-3ab4-4e17-9c78-0a5ffe72eb0c, Nodes: 3617b605-ab9b-496e-bebe-b0470df29912{ip: 192.168.5.177, host: pr-hdds-2015-4zh84-2711163145, networkLocation: /default-rack, certSerialId: null}, Type:RATIS, Factor:ONE, State:CLOSED] moved to CLOSED state
2019-09-06 01:32:50,847 [main] INFO  ozoneimpl.OzoneContainer (OzoneContainer.java:stop(215)) - Attempting to stop container services.
2019-09-06 01:32:50,848 [main] INFO  impl.RaftServerProxy (RaftServerProxy.java:lambda$close$4(314)) - 870289ed-592e-405d-bfb3-05317591cb8f: close
2019-09-06 01:32:50,848 [main] INFO  impl.RaftServerImpl (RaftServerImpl.java:lambda$shutdown$3(245)) - 870289ed-592e-405d-bfb3-05317591cb8f: shutdown group-E94525843AFB
2019-09-06 01:32:50,848 [main] INFO  util.JmxRegister (JmxRegister.java:unregister(73)) - Successfully un-registered JMX Bean with object name Ratis:service=RaftServer,group=group-E94525843AFB,id=870289ed-592e-405d-bfb3-05317591cb8f
2019-09-06 01:32:50,849 [main] INFO  impl.RoleInfo (RoleInfo.java:shutdownLeaderState(104)) - 870289ed-592e-405d-bfb3-05317591cb8f: shutdown LeaderState
2019-09-06 01:32:50,849 [main] INFO  impl.PendingRequests (PendingRequests.java:sendNotLeaderResponses(202)) - 870289ed-592e-405d-bfb3-05317591cb8f-PendingRequests: sendNotLeaderResponses
2019-09-06 01:32:50,850 [main] INFO  impl.StateMachineUpdater (StateMachineUpdater.java:stopAndJoin(115)) - StateMachineUpdater:870289ed-592e-405d-bfb3-05317591cb8f:group-E94525843AFB: set stopIndex = 0
2019-09-06 01:32:50,850 [main] INFO  impl.RaftServerImpl (ServerState.java:close(394)) - 870289ed-592e-405d-bfb3-05317591cb8f:group-E94525843AFB closes. The last applied log index is 0
2019-09-06 01:32:50,851 [870289ed-592e-405d-bfb3-05317591cb8f-SegmentedRaftLogWorker:Storage Directory /workdir/hadoop-ozone/integration-test/target/test-dir/MiniOzoneClusterImpl-b0be7eb2-cfe3-45ae-8723-bdb0b594c12d/datanode-3/data/ratis/4ae5116d-d6cf-46a9-b7e0-e94525843afb] INFO  segmented.SegmentedRaftLogWorker (SegmentedRaftLogWorker.java:run(313)) - 870289ed-592e-405d-bfb3-05317591cb8f-SegmentedRaftLogWorker:Storage Directory /workdir/hadoop-ozone/integration-test/target/test-dir/MiniOzoneClusterImpl-b0be7eb2-cfe3-45ae-8723-bdb0b594c12d/datanode-3/data/ratis/4ae5116d-d6cf-46a9-b7e0-e94525843afb was interrupted, exiting. There are 0 tasks remaining in the queue.
2019-09-06 01:32:50,851 [ForkJoinPool.commonPool-worker-1] INFO  ozoneimpl.OzoneContainer (OzoneContainer.java:stop(215)) - Attempting to stop container services.
2019-09-06 01:32:50,853 [main] INFO  segmented.SegmentedRaftLogWorker (SegmentedRaftLogWorker.java:close(228)) - 870289ed-592e-405d-bfb3-05317591cb8f-SegmentedRaftLogWorker:Storage Directory /workdir/hadoop-ozone/integration-test/target/test-dir/MiniOzoneClusterImpl-b0be7eb2-cfe3-45ae-8723-bdb0b594c12d/datanode-3/data/ratis/4ae5116d-d6cf-46a9-b7e0-e94525843afb close()
2019-09-06 01:32:50,854 [ForkJoinPool.commonPool-worker-1] INFO  impl.RaftServerProxy (RaftServerProxy.java:lambda$close$4(314)) - 3617b605-ab9b-496e-bebe-b0470df29912: close
2019-09-06 01:32:50,859 [main] INFO  impl.RaftServerImpl (RaftServerImpl.java:lambda$shutdown$3(245)) - 870289ed-592e-405d-bfb3-05317591cb8f: shutdown group-B3F33337B0CD
2019-09-06 01:32:50,859 [ForkJoinPool.commonPool-worker-1] INFO  impl.RaftServerImpl (RaftServerImpl.java:lambda$shutdown$3(245)) - 3617b605-ab9b-496e-bebe-b0470df29912: shutdown group-42DAD19A9C73
2019-09-06 01:32:50,860 [main] INFO  util.JmxRegister (JmxRegister.java:unregister(73)) - Successfully un-registered JMX Bean with object name Ratis:service=RaftServer,group=group-B3F33337B0CD,id=870289ed-592e-405d-bfb3-05317591cb8f
2019-09-06 01:32:50,860 [ForkJoinPool.commonPool-worker-1] INFO  util.JmxRegister (JmxRegister.java:unregister(73)) - Successfully un-registered JMX Bean with object name Ratis:service=RaftServer,group=group-42DAD19A9C73,id=3617b605-ab9b-496e-bebe-b0470df29912
2019-09-06 01:32:50,860 [main] INFO  impl.RoleInfo (RoleInfo.java:shutdownFollowerState(121)) - 870289ed-592e-405d-bfb3-05317591cb8f: shutdown FollowerState
2019-09-06 01:32:50,861 [ForkJoinPool.commonPool-worker-1] INFO  impl.RoleInfo (RoleInfo.java:shutdownFollowerState(121)) - 3617b605-ab9b-496e-bebe-b0470df29912: shutdown FollowerState
2019-09-06 01:32:50,861 [Thread-317] INFO  impl.FollowerState (FollowerState.java:run(114)) - 870289ed-592e-405d-bfb3-05317591cb8f: FollowerState was interrupted: java.lang.InterruptedException: sleep interrupted
2019-09-06 01:32:50,864 [ForkJoinPool.commonPool-worker-1] INFO  impl.StateMachineUpdater (StateMachineUpdater.java:stopAndJoin(115)) - StateMachineUpdater:3617b605-ab9b-496e-bebe-b0470df29912:group-42DAD19A9C73: set stopIndex = 16
2019-09-06 01:32:50,864 [StateMachineUpdater:870289ed-592e-405d-bfb3-05317591cb8f:group-B3F33337B0CD] INFO  ratis.ContainerStateMachine (ContainerStateMachine.java:takeSnapshot(284)) - group-B3F33337B0CD: Taking a snapshot at:(t:1, i:5) file /workdir/hadoop-ozone/integration-test/target/test-dir/MiniOzoneClusterImpl-b0be7eb2-cfe3-45ae-8723-bdb0b594c12d/datanode-3/data/ratis/5ae06e72-ea97-4d9d-b5ea-b3f33337b0cd/sm/snapshot.1_5
2019-09-06 01:32:50,864 [StateMachineUpdater:3617b605-ab9b-496e-bebe-b0470df29912:group-42DAD19A9C73] INFO  ratis.ContainerStateMachine (ContainerStateMachine.java:takeSnapshot(284)) - group-42DAD19A9C73: Taking a snapshot at:(t:1, i:16) file /workdir/hadoop-ozone/integration-test/target/test-dir/MiniOzoneClusterImpl-b0be7eb2-cfe3-45ae-8723-bdb0b594c12d/datanode-2/data/ratis/6fa605e2-8642-4c9c-bc7b-42dad19a9c73/sm/snapshot.1_16
2019-09-06 01:32:50,864 [Thread-327] INFO  impl.FollowerState (FollowerState.java:run(114)) - 3617b605-ab9b-496e-bebe-b0470df29912: FollowerState was interrupted: java.lang.InterruptedException: sleep interrupted
2019-09-06 01:32:50,864 [main] INFO  impl.StateMachineUpdater (StateMachineUpdater.java:stopAndJoin(115)) - StateMachineUpdater:870289ed-592e-405d-bfb3-05317591cb8f:group-B3F33337B0CD: set stopIndex = 6
2019-09-06 01:32:50,893 [StateMachineUpdater:870289ed-592e-405d-bfb3-05317591cb8f:group-B3F33337B0CD] INFO  ratis.ContainerStateMachine (ContainerStateMachine.java:takeSnapshot(295)) - group-B3F33337B0CD: Finished taking a snapshot at:(t:1, i:5) file:/workdir/hadoop-ozone/integration-test/target/test-dir/MiniOzoneClusterImpl-b0be7eb2-cfe3-45ae-8723-bdb0b594c12d/datanode-3/data/ratis/5ae06e72-ea97-4d9d-b5ea-b3f33337b0cd/sm/snapshot.1_5 time:29
2019-09-06 01:32:50,893 [StateMachineUpdater:3617b605-ab9b-496e-bebe-b0470df29912:group-42DAD19A9C73] INFO  ratis.ContainerStateMachine (ContainerStateMachine.java:takeSnapshot(295)) - group-42DAD19A9C73: Finished taking a snapshot at:(t:1, i:16) file:/workdir/hadoop-ozone/integration-test/target/test-dir/MiniOzoneClusterImpl-b0be7eb2-cfe3-45ae-8723-bdb0b594c12d/datanode-2/data/ratis/6fa605e2-8642-4c9c-bc7b-42dad19a9c73/sm/snapshot.1_16 time:29
2019-09-06 01:32:50,894 [StateMachineUpdater:870289ed-592e-405d-bfb3-05317591cb8f:group-B3F33337B0CD] INFO  impl.StateMachineUpdater (StateMachineUpdater.java:takeSnapshot(242)) - StateMachineUpdater:870289ed-592e-405d-bfb3-05317591cb8f:group-B3F33337B0CD: Took a snapshot at index 5
2019-09-06 01:32:50,894 [StateMachineUpdater:3617b605-ab9b-496e-bebe-b0470df29912:group-42DAD19A9C73] INFO  impl.StateMachineUpdater (StateMachineUpdater.java:takeSnapshot(242)) - StateMachineUpdater:3617b605-ab9b-496e-bebe-b0470df29912:group-42DAD19A9C73: Took a snapshot at index 16
2019-09-06 01:32:50,894 [StateMachineUpdater:870289ed-592e-405d-bfb3-05317591cb8f:group-B3F33337B0CD] INFO  impl.StateMachineUpdater (StateMachineUpdater.java:lambda$new$0(80)) - StateMachineUpdater:870289ed-592e-405d-bfb3-05317591cb8f:group-B3F33337B0CD: snapshotIndex: updateIncreasingly -1 -> 5
2019-09-06 01:32:50,894 [StateMachineUpdater:3617b605-ab9b-496e-bebe-b0470df29912:group-42DAD19A9C73] INFO  impl.StateMachineUpdater (StateMachineUpdater.java:lambda$new$0(80)) - StateMachineUpdater:3617b605-ab9b-496e-bebe-b0470df29912:group-42DAD19A9C73: snapshotIndex: updateIncreasingly -1 -> 16
2019-09-06 01:32:50,895 [main] INFO  impl.RaftServerImpl (ServerState.java:close(394)) - 870289ed-592e-405d-bfb3-05317591cb8f:group-B3F33337B0CD closes. The last applied log index is 6
2019-09-06 01:32:50,895 [ForkJoinPool.commonPool-worker-1] INFO  impl.RaftServerImpl (ServerState.java:close(394)) - 3617b605-ab9b-496e-bebe-b0470df29912:group-42DAD19A9C73 closes. The last applied log index is 16
2019-09-06 01:32:50,896 [870289ed-592e-405d-bfb3-05317591cb8f-SegmentedRaftLogWorker:Storage Directory /workdir/hadoop-ozone/integration-test/target/test-dir/MiniOzoneClusterImpl-b0be7eb2-cfe3-45ae-8723-bdb0b594c12d/datanode-3/data/ratis/5ae06e72-ea97-4d9d-b5ea-b3f33337b0cd] INFO  segmented.SegmentedRaftLogWorker (SegmentedRaftLogWorker.java:run(313)) - 870289ed-592e-405d-bfb3-05317591cb8f-SegmentedRaftLogWorker:Storage Directory /workdir/hadoop-ozone/integration-test/target/test-dir/MiniOzoneClusterImpl-b0be7eb2-cfe3-45ae-8723-bdb0b594c12d/datanode-3/data/ratis/5ae06e72-ea97-4d9d-b5ea-b3f33337b0cd was interrupted, exiting. There are 0 tasks remaining in the queue.
2019-09-06 01:32:50,896 [3617b605-ab9b-496e-bebe-b0470df29912-SegmentedRaftLogWorker:Storage Directory /workdir/hadoop-ozone/integration-test/target/test-dir/MiniOzoneClusterImpl-b0be7eb2-cfe3-45ae-8723-bdb0b594c12d/datanode-2/data/ratis/6fa605e2-8642-4c9c-bc7b-42dad19a9c73] INFO  segmented.SegmentedRaftLogWorker (SegmentedRaftLogWorker.java:run(313)) - 3617b605-ab9b-496e-bebe-b0470df29912-SegmentedRaftLogWorker:Storage Directory /workdir/hadoop-ozone/integration-test/target/test-dir/MiniOzoneClusterImpl-b0be7eb2-cfe3-45ae-8723-bdb0b594c12d/datanode-2/data/ratis/6fa605e2-8642-4c9c-bc7b-42dad19a9c73 was interrupted, exiting. There are 0 tasks remaining in the queue.
2019-09-06 01:32:50,898 [main] INFO  segmented.SegmentedRaftLogWorker (SegmentedRaftLogWorker.java:close(228)) - 870289ed-592e-405d-bfb3-05317591cb8f-SegmentedRaftLogWorker:Storage Directory /workdir/hadoop-ozone/integration-test/target/test-dir/MiniOzoneClusterImpl-b0be7eb2-cfe3-45ae-8723-bdb0b594c12d/datanode-3/data/ratis/5ae06e72-ea97-4d9d-b5ea-b3f33337b0cd close()
2019-09-06 01:32:50,900 [ForkJoinPool.commonPool-worker-1] INFO  segmented.SegmentedRaftLogWorker (SegmentedRaftLogWorker.java:close(228)) - 3617b605-ab9b-496e-bebe-b0470df29912-SegmentedRaftLogWorker:Storage Directory /workdir/hadoop-ozone/integration-test/target/test-dir/MiniOzoneClusterImpl-b0be7eb2-cfe3-45ae-8723-bdb0b594c12d/datanode-2/data/ratis/6fa605e2-8642-4c9c-bc7b-42dad19a9c73 close()
2019-09-06 01:32:50,902 [main] INFO  server.GrpcService (GrpcService.java:closeImpl(155)) - 870289ed-592e-405d-bfb3-05317591cb8f: shutdown server with port 44996 now
2019-09-06 01:32:50,904 [ForkJoinPool.commonPool-worker-1] INFO  impl.RaftServerImpl (RaftServerImpl.java:lambda$shutdown$3(245)) - 3617b605-ab9b-496e-bebe-b0470df29912: shutdown group-0A5FFE72EB0C
2019-09-06 01:32:50,905 [ForkJoinPool.commonPool-worker-1] INFO  util.JmxRegister (JmxRegister.java:unregister(73)) - Successfully un-registered JMX Bean with object name Ratis:service=RaftServer,group=group-0A5FFE72EB0C,id=3617b605-ab9b-496e-bebe-b0470df29912
2019-09-06 01:32:50,905 [ForkJoinPool.commonPool-worker-1] INFO  impl.RoleInfo (RoleInfo.java:shutdownLeaderState(104)) - 3617b605-ab9b-496e-bebe-b0470df29912: shutdown LeaderState
2019-09-06 01:32:50,907 [main] INFO  server.GrpcService (GrpcService.java:closeImpl(163)) - 870289ed-592e-405d-bfb3-05317591cb8f: shutdown server with port 44996 successfully
2019-09-06 01:32:50,907 [grpc-default-executor-3] WARN  server.GrpcServerProtocolService (LogUtils.java:warn(134)) - 870289ed-592e-405d-bfb3-05317591cb8f: appendEntries onError: org.apache.ratis.thirdparty.io.grpc.StatusRuntimeException: CANCELLED: cancelled before receiving half close
2019-09-06 01:32:50,907 [ForkJoinPool.commonPool-worker-1] INFO  impl.PendingRequests (PendingRequests.java:sendNotLeaderResponses(202)) - 3617b605-ab9b-496e-bebe-b0470df29912-PendingRequests: sendNotLeaderResponses
2019-09-06 01:32:50,907 [grpc-default-executor-0] WARN  server.GrpcLogAppender (LogUtils.java:warn(134)) - 6c86c079-35fe-41a5-81ad-74bc67566282->870289ed-592e-405d-bfb3-05317591cb8f: Failed appendEntries: org.apache.ratis.thirdparty.io.grpc.StatusRuntimeException: CANCELLED: HTTP/2 error code: CANCEL
Received Rst Stream
2019-09-06 01:32:50,908 [ForkJoinPool.commonPool-worker-1] INFO  impl.StateMachineUpdater (StateMachineUpdater.java:stopAndJoin(115)) - StateMachineUpdater:3617b605-ab9b-496e-bebe-b0470df29912:group-0A5FFE72EB0C: set stopIndex = 0
2019-09-06 01:32:50,909 [refreshUsed-/workdir/hadoop-ozone/integration-test/target/test-dir/MiniOzoneClusterImpl-b0be7eb2-cfe3-45ae-8723-bdb0b594c12d/datanode-3/data/containers] WARN  fs.CachingGetSpaceUsed (CachingGetSpaceUsed.java:run(183)) - Thread Interrupted waiting to refresh disk information: sleep interrupted
2019-09-06 01:32:50,909 [grpc-default-executor-0] INFO  impl.FollowerInfo (FollowerInfo.java:lambda$new$0(50)) - 6c86c079-35fe-41a5-81ad-74bc67566282->870289ed-592e-405d-bfb3-05317591cb8f: nextIndex: updateUnconditionally 7 -> 6
2019-09-06 01:32:50,909 [ForkJoinPool.commonPool-worker-1] INFO  impl.RaftServerImpl (ServerState.java:close(394)) - 3617b605-ab9b-496e-bebe-b0470df29912:group-0A5FFE72EB0C closes. The last applied log index is 0
2019-09-06 01:32:50,910 [3617b605-ab9b-496e-bebe-b0470df29912-SegmentedRaftLogWorker:Storage Directory /workdir/hadoop-ozone/integration-test/target/test-dir/MiniOzoneClusterImpl-b0be7eb2-cfe3-45ae-8723-bdb0b594c12d/datanode-2/data/ratis/8b0cac8e-3ab4-4e17-9c78-0a5ffe72eb0c] INFO  segmented.SegmentedRaftLogWorker (SegmentedRaftLogWorker.java:run(313)) - 3617b605-ab9b-496e-bebe-b0470df29912-SegmentedRaftLogWorker:Storage Directory /workdir/hadoop-ozone/integration-test/target/test-dir/MiniOzoneClusterImpl-b0be7eb2-cfe3-45ae-8723-bdb0b594c12d/datanode-2/data/ratis/8b0cac8e-3ab4-4e17-9c78-0a5ffe72eb0c was interrupted, exiting. There are 0 tasks remaining in the queue.
2019-09-06 01:32:50,911 [ForkJoinPool.commonPool-worker-1] INFO  segmented.SegmentedRaftLogWorker (SegmentedRaftLogWorker.java:close(228)) - 3617b605-ab9b-496e-bebe-b0470df29912-SegmentedRaftLogWorker:Storage Directory /workdir/hadoop-ozone/integration-test/target/test-dir/MiniOzoneClusterImpl-b0be7eb2-cfe3-45ae-8723-bdb0b594c12d/datanode-2/data/ratis/8b0cac8e-3ab4-4e17-9c78-0a5ffe72eb0c close()
2019-09-06 01:32:50,913 [ForkJoinPool.commonPool-worker-1] INFO  server.GrpcService (GrpcService.java:closeImpl(155)) - 3617b605-ab9b-496e-bebe-b0470df29912: shutdown server with port 33995 now
2019-09-06 01:32:50,914 [ForkJoinPool.commonPool-worker-1] INFO  server.GrpcService (GrpcService.java:closeImpl(163)) - 3617b605-ab9b-496e-bebe-b0470df29912: shutdown server with port 33995 successfully
2019-09-06 01:32:50,924 [refreshUsed-/workdir/hadoop-ozone/integration-test/target/test-dir/MiniOzoneClusterImpl-b0be7eb2-cfe3-45ae-8723-bdb0b594c12d/datanode-2/data/containers] WARN  fs.CachingGetSpaceUsed (CachingGetSpaceUsed.java:run(183)) - Thread Interrupted waiting to refresh disk information: sleep interrupted
2019-09-06 01:32:50,932 [main] INFO  utils.BackgroundService (BackgroundService.java:shutdown(148)) - Shutting down service BlockDeletingService
2019-09-06 01:32:50,936 [main] INFO  statemachine.DatanodeStateMachine (DatanodeStateMachine.java:stopDaemon(395)) - Ozone container server stopped.
2019-09-06 01:32:50,937 [main] INFO  handler.ContextHandler (ContextHandler.java:doStop(910)) - Stopped o.e.j.w.WebAppContext@6b1dc20f{/,null,UNAVAILABLE}{/hddsDatanode}
2019-09-06 01:32:50,938 [main] INFO  server.AbstractConnector (AbstractConnector.java:doStop(318)) - Stopped ServerConnector@4613311f{HTTP/1.1,[http/1.1]}{0.0.0.0:0}
2019-09-06 01:32:50,938 [main] INFO  handler.ContextHandler (ContextHandler.java:doStop(910)) - Stopped o.e.j.s.ServletContextHandler@6dcc40f5{/static,jar:file:/home/user/.m2/repository/org/apache/hadoop/hadoop-hdds-container-service/0.5.0-SNAPSHOT/hadoop-hdds-container-service-0.5.0-SNAPSHOT.jar!/webapps/static,UNAVAILABLE}
2019-09-06 01:32:50,939 [main] INFO  handler.ContextHandler (ContextHandler.java:doStop(910)) - Stopped o.e.j.s.ServletContextHandler@40e37b06{/logs,file:///workdir/hadoop-ozone/integration-test/target/log,UNAVAILABLE}
2019-09-06 01:32:50,948 [ForkJoinPool.commonPool-worker-1] INFO  utils.BackgroundService (BackgroundService.java:shutdown(148)) - Shutting down service BlockDeletingService
2019-09-06 01:32:50,951 [ForkJoinPool.commonPool-worker-1] INFO  statemachine.DatanodeStateMachine (DatanodeStateMachine.java:stopDaemon(395)) - Ozone container server stopped.
2019-09-06 01:32:50,954 [ForkJoinPool.commonPool-worker-1] INFO  handler.ContextHandler (ContextHandler.java:doStop(910)) - Stopped o.e.j.w.WebAppContext@7baf1f5a{/,null,UNAVAILABLE}{/hddsDatanode}
2019-09-06 01:32:50,955 [ForkJoinPool.commonPool-worker-1] INFO  server.AbstractConnector (AbstractConnector.java:doStop(318)) - Stopped ServerConnector@6cc86152{HTTP/1.1,[http/1.1]}{0.0.0.0:0}
2019-09-06 01:32:50,956 [ForkJoinPool.commonPool-worker-1] INFO  handler.ContextHandler (ContextHandler.java:doStop(910)) - Stopped o.e.j.s.ServletContextHandler@4d41ba0f{/static,jar:file:/home/user/.m2/repository/org/apache/hadoop/hadoop-hdds-container-service/0.5.0-SNAPSHOT/hadoop-hdds-container-service-0.5.0-SNAPSHOT.jar!/webapps/static,UNAVAILABLE}
2019-09-06 01:32:50,957 [ForkJoinPool.commonPool-worker-1] INFO  handler.ContextHandler (ContextHandler.java:doStop(910)) - Stopped o.e.j.s.ServletContextHandler@3ee0b4f7{/logs,file:///workdir/hadoop-ozone/integration-test/target/log,UNAVAILABLE}
2019-09-06 01:32:51,241 [Datanode State Machine Thread - 0] INFO  statemachine.DatanodeStateMachine (DatanodeStateMachine.java:lambda$startDaemon$0(350)) - Ozone container server started.
2019-09-06 01:32:51,471 [Datanode State Machine Thread - 0] INFO  statemachine.DatanodeStateMachine (DatanodeStateMachine.java:lambda$startDaemon$0(350)) - Ozone container server started.
2019-09-06 01:32:52,086 [Thread-330] INFO  impl.FollowerState (FollowerState.java:run(106)) - e75310ea-4816-4f3e-a8c1-6cfd6a55ab33:group-42DAD19A9C73 changes to CANDIDATE, lastRpcTime:6668, electionTimeout:5179ms
2019-09-06 01:32:52,086 [Thread-330] INFO  impl.RoleInfo (RoleInfo.java:shutdownFollowerState(121)) - e75310ea-4816-4f3e-a8c1-6cfd6a55ab33: shutdown FollowerState
2019-09-06 01:32:52,087 [Thread-330] INFO  impl.RaftServerImpl (RaftServerImpl.java:setRole(171)) - e75310ea-4816-4f3e-a8c1-6cfd6a55ab33:group-42DAD19A9C73 changes role from FOLLOWER to CANDIDATE at term 1 for changeToCandidate
2019-09-06 01:32:52,087 [Thread-330] INFO  impl.RoleInfo (RoleInfo.java:updateAndGet(143)) - e75310ea-4816-4f3e-a8c1-6cfd6a55ab33: start LeaderElection
2019-09-06 01:32:52,089 [e75310ea-4816-4f3e-a8c1-6cfd6a55ab33:group-42DAD19A9C73:LeaderElection12] INFO  impl.RaftServerImpl (ServerState.java:setLeader(263)) - e75310ea-4816-4f3e-a8c1-6cfd6a55ab33:group-42DAD19A9C73 change Leader from 50b26e9d-6920-4041-a912-937090afad9d to null at term 1 for initElection
2019-09-06 01:32:52,170 [e75310ea-4816-4f3e-a8c1-6cfd6a55ab33:group-42DAD19A9C73:LeaderElection12] INFO  impl.LeaderElection (LeaderElection.java:askForVotes(181)) - e75310ea-4816-4f3e-a8c1-6cfd6a55ab33:group-42DAD19A9C73:LeaderElection12: begin an election at term 2 for 0: [50b26e9d-6920-4041-a912-937090afad9d:192.168.5.177:36666, 3617b605-ab9b-496e-bebe-b0470df29912:192.168.5.177:33995, e75310ea-4816-4f3e-a8c1-6cfd6a55ab33:192.168.5.177:42178], old=null
2019-09-06 01:32:52,177 [e75310ea-4816-4f3e-a8c1-6cfd6a55ab33:group-42DAD19A9C73:LeaderElection12] INFO  impl.LeaderElection (LogUtils.java:infoOrTrace(149)) - e75310ea-4816-4f3e-a8c1-6cfd6a55ab33:group-42DAD19A9C73:LeaderElection12 got exception when requesting votes: {}
java.util.concurrent.ExecutionException: org.apache.ratis.thirdparty.io.grpc.StatusRuntimeException: UNAVAILABLE: io exception
	at java.util.concurrent.FutureTask.report(FutureTask.java:122)
	at java.util.concurrent.FutureTask.get(FutureTask.java:192)
	at org.apache.ratis.server.impl.LeaderElection.waitForResults(LeaderElection.java:262)
	at org.apache.ratis.server.impl.LeaderElection.askForVotes(LeaderElection.java:200)
	at org.apache.ratis.server.impl.LeaderElection.run(LeaderElection.java:130)
	at java.lang.Thread.run(Thread.java:748)
Caused by: org.apache.ratis.thirdparty.io.grpc.StatusRuntimeException: UNAVAILABLE: io exception
	at org.apache.ratis.thirdparty.io.grpc.stub.ClientCalls.toStatusRuntimeException(ClientCalls.java:233)
	at org.apache.ratis.thirdparty.io.grpc.stub.ClientCalls.getUnchecked(ClientCalls.java:214)
	at org.apache.ratis.thirdparty.io.grpc.stub.ClientCalls.blockingUnaryCall(ClientCalls.java:139)
	at org.apache.ratis.proto.grpc.RaftServerProtocolServiceGrpc$RaftServerProtocolServiceBlockingStub.requestVote(RaftServerProtocolServiceGrpc.java:265)
	at org.apache.ratis.grpc.server.GrpcServerProtocolClient.requestVote(GrpcServerProtocolClient.java:83)
	at org.apache.ratis.grpc.server.GrpcService.requestVote(GrpcService.java:195)
	at org.apache.ratis.server.impl.LeaderElection.lambda$submitRequests$1(LeaderElection.java:237)
	at java.util.concurrent.FutureTask.run(FutureTask.java:266)
	at java.util.concurrent.Executors$RunnableAdapter.call(Executors.java:511)
	at java.util.concurrent.FutureTask.run(FutureTask.java:266)
	at java.util.concurrent.ThreadPoolExecutor.runWorker(ThreadPoolExecutor.java:1149)
	at java.util.concurrent.ThreadPoolExecutor$Worker.run(ThreadPoolExecutor.java:624)
	... 1 more
Caused by: org.apache.ratis.thirdparty.io.netty.channel.AbstractChannel$AnnotatedConnectException: Connection refused: /192.168.5.177:33995
	at sun.nio.ch.SocketChannelImpl.checkConnect(Native Method)
	at sun.nio.ch.SocketChannelImpl.finishConnect(SocketChannelImpl.java:717)
	at org.apache.ratis.thirdparty.io.netty.channel.socket.nio.NioSocketChannel.doFinishConnect(NioSocketChannel.java:327)
	at org.apache.ratis.thirdparty.io.netty.channel.nio.AbstractNioChannel$AbstractNioUnsafe.finishConnect(AbstractNioChannel.java:340)
	at org.apache.ratis.thirdparty.io.netty.channel.nio.NioEventLoop.processSelectedKey(NioEventLoop.java:632)
	at org.apache.ratis.thirdparty.io.netty.channel.nio.NioEventLoop.processSelectedKeysOptimized(NioEventLoop.java:579)
	at org.apache.ratis.thirdparty.io.netty.channel.nio.NioEventLoop.processSelectedKeys(NioEventLoop.java:496)
	at org.apache.ratis.thirdparty.io.netty.channel.nio.NioEventLoop.run(NioEventLoop.java:458)
	at org.apache.ratis.thirdparty.io.netty.util.concurrent.SingleThreadEventExecutor$5.run(SingleThreadEventExecutor.java:897)
	at org.apache.ratis.thirdparty.io.netty.util.concurrent.FastThreadLocalRunnable.run(FastThreadLocalRunnable.java:30)
	... 1 more
Caused by: java.net.ConnectException: Connection refused
	... 11 more
2019-09-06 01:32:52,180 [e75310ea-4816-4f3e-a8c1-6cfd6a55ab33:group-42DAD19A9C73:LeaderElection12] INFO  impl.LeaderElection (LogUtils.java:infoOrTrace(149)) - e75310ea-4816-4f3e-a8c1-6cfd6a55ab33:group-42DAD19A9C73:LeaderElection12 got exception when requesting votes: {}
java.util.concurrent.ExecutionException: org.apache.ratis.thirdparty.io.grpc.StatusRuntimeException: UNAVAILABLE: io exception
	at java.util.concurrent.FutureTask.report(FutureTask.java:122)
	at java.util.concurrent.FutureTask.get(FutureTask.java:192)
	at org.apache.ratis.server.impl.LeaderElection.waitForResults(LeaderElection.java:262)
	at org.apache.ratis.server.impl.LeaderElection.askForVotes(LeaderElection.java:200)
	at org.apache.ratis.server.impl.LeaderElection.run(LeaderElection.java:130)
	at java.lang.Thread.run(Thread.java:748)
Caused by: org.apache.ratis.thirdparty.io.grpc.StatusRuntimeException: UNAVAILABLE: io exception
	at org.apache.ratis.thirdparty.io.grpc.stub.ClientCalls.toStatusRuntimeException(ClientCalls.java:233)
	at org.apache.ratis.thirdparty.io.grpc.stub.ClientCalls.getUnchecked(ClientCalls.java:214)
	at org.apache.ratis.thirdparty.io.grpc.stub.ClientCalls.blockingUnaryCall(ClientCalls.java:139)
	at org.apache.ratis.proto.grpc.RaftServerProtocolServiceGrpc$RaftServerProtocolServiceBlockingStub.requestVote(RaftServerProtocolServiceGrpc.java:265)
	at org.apache.ratis.grpc.server.GrpcServerProtocolClient.requestVote(GrpcServerProtocolClient.java:83)
	at org.apache.ratis.grpc.server.GrpcService.requestVote(GrpcService.java:195)
	at org.apache.ratis.server.impl.LeaderElection.lambda$submitRequests$1(LeaderElection.java:237)
	at java.util.concurrent.FutureTask.run(FutureTask.java:266)
	at java.util.concurrent.Executors$RunnableAdapter.call(Executors.java:511)
	at java.util.concurrent.FutureTask.run(FutureTask.java:266)
	at java.util.concurrent.ThreadPoolExecutor.runWorker(ThreadPoolExecutor.java:1149)
	at java.util.concurrent.ThreadPoolExecutor$Worker.run(ThreadPoolExecutor.java:624)
	... 1 more
Caused by: org.apache.ratis.thirdparty.io.netty.channel.AbstractChannel$AnnotatedConnectException: Connection refused: /192.168.5.177:36666
	at sun.nio.ch.SocketChannelImpl.checkConnect(Native Method)
	at sun.nio.ch.SocketChannelImpl.finishConnect(SocketChannelImpl.java:717)
	at org.apache.ratis.thirdparty.io.netty.channel.socket.nio.NioSocketChannel.doFinishConnect(NioSocketChannel.java:327)
	at org.apache.ratis.thirdparty.io.netty.channel.nio.AbstractNioChannel$AbstractNioUnsafe.finishConnect(AbstractNioChannel.java:340)
	at org.apache.ratis.thirdparty.io.netty.channel.nio.NioEventLoop.processSelectedKey(NioEventLoop.java:632)
	at org.apache.ratis.thirdparty.io.netty.channel.nio.NioEventLoop.processSelectedKeysOptimized(NioEventLoop.java:579)
	at org.apache.ratis.thirdparty.io.netty.channel.nio.NioEventLoop.processSelectedKeys(NioEventLoop.java:496)
	at org.apache.ratis.thirdparty.io.netty.channel.nio.NioEventLoop.run(NioEventLoop.java:458)
	at org.apache.ratis.thirdparty.io.netty.util.concurrent.SingleThreadEventExecutor$5.run(SingleThreadEventExecutor.java:897)
	at org.apache.ratis.thirdparty.io.netty.util.concurrent.FastThreadLocalRunnable.run(FastThreadLocalRunnable.java:30)
	... 1 more
Caused by: java.net.ConnectException: Connection refused
	... 11 more
2019-09-06 01:32:52,182 [e75310ea-4816-4f3e-a8c1-6cfd6a55ab33:group-42DAD19A9C73:LeaderElection12] INFO  impl.LeaderElection (LeaderElection.java:logAndReturn(56)) - e75310ea-4816-4f3e-a8c1-6cfd6a55ab33:group-42DAD19A9C73:LeaderElection12: Election REJECTED; received 0 response(s) [] and 2 exception(s); e75310ea-4816-4f3e-a8c1-6cfd6a55ab33:t2, leader=null, voted=e75310ea-4816-4f3e-a8c1-6cfd6a55ab33, raftlog=e75310ea-4816-4f3e-a8c1-6cfd6a55ab33-SegmentedRaftLog:OPENED:c16,f16,i16, conf=0: [50b26e9d-6920-4041-a912-937090afad9d:192.168.5.177:36666, 3617b605-ab9b-496e-bebe-b0470df29912:192.168.5.177:33995, e75310ea-4816-4f3e-a8c1-6cfd6a55ab33:192.168.5.177:42178], old=null
2019-09-06 01:32:52,183 [e75310ea-4816-4f3e-a8c1-6cfd6a55ab33:group-42DAD19A9C73:LeaderElection12] INFO  impl.LeaderElection (LogUtils.java:infoOrTrace(149)) -   Exception 0: {}
java.util.concurrent.ExecutionException: org.apache.ratis.thirdparty.io.grpc.StatusRuntimeException: UNAVAILABLE: io exception
	at java.util.concurrent.FutureTask.report(FutureTask.java:122)
	at java.util.concurrent.FutureTask.get(FutureTask.java:192)
	at org.apache.ratis.server.impl.LeaderElection.waitForResults(LeaderElection.java:262)
	at org.apache.ratis.server.impl.LeaderElection.askForVotes(LeaderElection.java:200)
	at org.apache.ratis.server.impl.LeaderElection.run(LeaderElection.java:130)
	at java.lang.Thread.run(Thread.java:748)
Caused by: org.apache.ratis.thirdparty.io.grpc.StatusRuntimeException: UNAVAILABLE: io exception
	at org.apache.ratis.thirdparty.io.grpc.stub.ClientCalls.toStatusRuntimeException(ClientCalls.java:233)
	at org.apache.ratis.thirdparty.io.grpc.stub.ClientCalls.getUnchecked(ClientCalls.java:214)
	at org.apache.ratis.thirdparty.io.grpc.stub.ClientCalls.blockingUnaryCall(ClientCalls.java:139)
	at org.apache.ratis.proto.grpc.RaftServerProtocolServiceGrpc$RaftServerProtocolServiceBlockingStub.requestVote(RaftServerProtocolServiceGrpc.java:265)
	at org.apache.ratis.grpc.server.GrpcServerProtocolClient.requestVote(GrpcServerProtocolClient.java:83)
	at org.apache.ratis.grpc.server.GrpcService.requestVote(GrpcService.java:195)
	at org.apache.ratis.server.impl.LeaderElection.lambda$submitRequests$1(LeaderElection.java:237)
	at java.util.concurrent.FutureTask.run(FutureTask.java:266)
	at java.util.concurrent.Executors$RunnableAdapter.call(Executors.java:511)
	at java.util.concurrent.FutureTask.run(FutureTask.java:266)
	at java.util.concurrent.ThreadPoolExecutor.runWorker(ThreadPoolExecutor.java:1149)
	at java.util.concurrent.ThreadPoolExecutor$Worker.run(ThreadPoolExecutor.java:624)
	... 1 more
Caused by: org.apache.ratis.thirdparty.io.netty.channel.AbstractChannel$AnnotatedConnectException: Connection refused: /192.168.5.177:33995
	at sun.nio.ch.SocketChannelImpl.checkConnect(Native Method)
	at sun.nio.ch.SocketChannelImpl.finishConnect(SocketChannelImpl.java:717)
	at org.apache.ratis.thirdparty.io.netty.channel.socket.nio.NioSocketChannel.doFinishConnect(NioSocketChannel.java:327)
	at org.apache.ratis.thirdparty.io.netty.channel.nio.AbstractNioChannel$AbstractNioUnsafe.finishConnect(AbstractNioChannel.java:340)
	at org.apache.ratis.thirdparty.io.netty.channel.nio.NioEventLoop.processSelectedKey(NioEventLoop.java:632)
	at org.apache.ratis.thirdparty.io.netty.channel.nio.NioEventLoop.processSelectedKeysOptimized(NioEventLoop.java:579)
	at org.apache.ratis.thirdparty.io.netty.channel.nio.NioEventLoop.processSelectedKeys(NioEventLoop.java:496)
	at org.apache.ratis.thirdparty.io.netty.channel.nio.NioEventLoop.run(NioEventLoop.java:458)
	at org.apache.ratis.thirdparty.io.netty.util.concurrent.SingleThreadEventExecutor$5.run(SingleThreadEventExecutor.java:897)
	at org.apache.ratis.thirdparty.io.netty.util.concurrent.FastThreadLocalRunnable.run(FastThreadLocalRunnable.java:30)
	... 1 more
Caused by: java.net.ConnectException: Connection refused
	... 11 more
2019-09-06 01:32:52,183 [e75310ea-4816-4f3e-a8c1-6cfd6a55ab33:group-42DAD19A9C73:LeaderElection12] INFO  impl.LeaderElection (LogUtils.java:infoOrTrace(149)) -   Exception 1: {}
java.util.concurrent.ExecutionException: org.apache.ratis.thirdparty.io.grpc.StatusRuntimeException: UNAVAILABLE: io exception
	at java.util.concurrent.FutureTask.report(FutureTask.java:122)
	at java.util.concurrent.FutureTask.get(FutureTask.java:192)
	at org.apache.ratis.server.impl.LeaderElection.waitForResults(LeaderElection.java:262)
	at org.apache.ratis.server.impl.LeaderElection.askForVotes(LeaderElection.java:200)
	at org.apache.ratis.server.impl.LeaderElection.run(LeaderElection.java:130)
	at java.lang.Thread.run(Thread.java:748)
Caused by: org.apache.ratis.thirdparty.io.grpc.StatusRuntimeException: UNAVAILABLE: io exception
	at org.apache.ratis.thirdparty.io.grpc.stub.ClientCalls.toStatusRuntimeException(ClientCalls.java:233)
	at org.apache.ratis.thirdparty.io.grpc.stub.ClientCalls.getUnchecked(ClientCalls.java:214)
	at org.apache.ratis.thirdparty.io.grpc.stub.ClientCalls.blockingUnaryCall(ClientCalls.java:139)
	at org.apache.ratis.proto.grpc.RaftServerProtocolServiceGrpc$RaftServerProtocolServiceBlockingStub.requestVote(RaftServerProtocolServiceGrpc.java:265)
	at org.apache.ratis.grpc.server.GrpcServerProtocolClient.requestVote(GrpcServerProtocolClient.java:83)
	at org.apache.ratis.grpc.server.GrpcService.requestVote(GrpcService.java:195)
	at org.apache.ratis.server.impl.LeaderElection.lambda$submitRequests$1(LeaderElection.java:237)
	at java.util.concurrent.FutureTask.run(FutureTask.java:266)
	at java.util.concurrent.Executors$RunnableAdapter.call(Executors.java:511)
	at java.util.concurrent.FutureTask.run(FutureTask.java:266)
	at java.util.concurrent.ThreadPoolExecutor.runWorker(ThreadPoolExecutor.java:1149)
	at java.util.concurrent.ThreadPoolExecutor$Worker.run(ThreadPoolExecutor.java:624)
	... 1 more
Caused by: org.apache.ratis.thirdparty.io.netty.channel.AbstractChannel$AnnotatedConnectException: Connection refused: /192.168.5.177:36666
	at sun.nio.ch.SocketChannelImpl.checkConnect(Native Method)
	at sun.nio.ch.SocketChannelImpl.finishConnect(SocketChannelImpl.java:717)
	at org.apache.ratis.thirdparty.io.netty.channel.socket.nio.NioSocketChannel.doFinishConnect(NioSocketChannel.java:327)
	at org.apache.ratis.thirdparty.io.netty.channel.nio.AbstractNioChannel$AbstractNioUnsafe.finishConnect(AbstractNioChannel.java:340)
	at org.apache.ratis.thirdparty.io.netty.channel.nio.NioEventLoop.processSelectedKey(NioEventLoop.java:632)
	at org.apache.ratis.thirdparty.io.netty.channel.nio.NioEventLoop.processSelectedKeysOptimized(NioEventLoop.java:579)
	at org.apache.ratis.thirdparty.io.netty.channel.nio.NioEventLoop.processSelectedKeys(NioEventLoop.java:496)
	at org.apache.ratis.thirdparty.io.netty.channel.nio.NioEventLoop.run(NioEventLoop.java:458)
	at org.apache.ratis.thirdparty.io.netty.util.concurrent.SingleThreadEventExecutor$5.run(SingleThreadEventExecutor.java:897)
	at org.apache.ratis.thirdparty.io.netty.util.concurrent.FastThreadLocalRunnable.run(FastThreadLocalRunnable.java:30)
	... 1 more
Caused by: java.net.ConnectException: Connection refused
	... 11 more
2019-09-06 01:32:52,184 [e75310ea-4816-4f3e-a8c1-6cfd6a55ab33:group-42DAD19A9C73:LeaderElection12] INFO  impl.RaftServerImpl (RaftServerImpl.java:setRole(171)) - e75310ea-4816-4f3e-a8c1-6cfd6a55ab33:group-42DAD19A9C73 changes role from CANDIDATE to FOLLOWER at term 2 for DISCOVERED_A_NEW_TERM
2019-09-06 01:32:52,184 [e75310ea-4816-4f3e-a8c1-6cfd6a55ab33:group-42DAD19A9C73:LeaderElection12] INFO  impl.RoleInfo (RoleInfo.java:shutdownLeaderElection(134)) - e75310ea-4816-4f3e-a8c1-6cfd6a55ab33: shutdown LeaderElection
2019-09-06 01:32:52,186 [e75310ea-4816-4f3e-a8c1-6cfd6a55ab33:group-42DAD19A9C73:LeaderElection12] INFO  impl.RoleInfo (RoleInfo.java:updateAndGet(143)) - e75310ea-4816-4f3e-a8c1-6cfd6a55ab33: start FollowerState
2019-09-06 01:32:52,240 [grpc-default-executor-2] WARN  server.GrpcLogAppender (LogUtils.java:warn(134)) - 6c86c079-35fe-41a5-81ad-74bc67566282->464708cc-33c6-436e-95d3-9de97c0c1ce1: Failed appendEntries: org.apache.ratis.thirdparty.io.grpc.StatusRuntimeException: UNAVAILABLE: io exception
2019-09-06 01:32:52,242 [grpc-default-executor-1] WARN  server.GrpcLogAppender (LogUtils.java:warn(134)) - 6c86c079-35fe-41a5-81ad-74bc67566282->870289ed-592e-405d-bfb3-05317591cb8f: Failed appendEntries: org.apache.ratis.thirdparty.io.grpc.StatusRuntimeException: UNAVAILABLE: io exception
2019-09-06 01:32:52,242 [grpc-default-executor-2] INFO  impl.FollowerInfo (FollowerInfo.java:lambda$new$0(50)) - 6c86c079-35fe-41a5-81ad-74bc67566282->464708cc-33c6-436e-95d3-9de97c0c1ce1: nextIndex: updateUnconditionally 3 -> 2
2019-09-06 01:32:52,244 [grpc-default-executor-1] INFO  impl.FollowerInfo (FollowerInfo.java:lambda$new$0(50)) - 6c86c079-35fe-41a5-81ad-74bc67566282->870289ed-592e-405d-bfb3-05317591cb8f: nextIndex: updateUnconditionally 6 -> 5
2019-09-06 01:32:54,743 [grpc-default-executor-0] WARN  server.GrpcLogAppender (LogUtils.java:warn(134)) - 6c86c079-35fe-41a5-81ad-74bc67566282->464708cc-33c6-436e-95d3-9de97c0c1ce1: Failed appendEntries: org.apache.ratis.thirdparty.io.grpc.StatusRuntimeException: UNAVAILABLE: io exception
2019-09-06 01:32:54,743 [grpc-default-executor-3] WARN  server.GrpcLogAppender (LogUtils.java:warn(134)) - 6c86c079-35fe-41a5-81ad-74bc67566282->870289ed-592e-405d-bfb3-05317591cb8f: Failed appendEntries: org.apache.ratis.thirdparty.io.grpc.StatusRuntimeException: UNAVAILABLE: io exception
2019-09-06 01:32:54,751 [grpc-default-executor-0] INFO  impl.FollowerInfo (FollowerInfo.java:lambda$new$0(50)) - 6c86c079-35fe-41a5-81ad-74bc67566282->464708cc-33c6-436e-95d3-9de97c0c1ce1: nextIndex: updateUnconditionally 2 -> 1
2019-09-06 01:32:54,751 [grpc-default-executor-3] INFO  impl.FollowerInfo (FollowerInfo.java:lambda$new$0(50)) - 6c86c079-35fe-41a5-81ad-74bc67566282->870289ed-592e-405d-bfb3-05317591cb8f: nextIndex: updateUnconditionally 5 -> 4
2019-09-06 01:32:55,312 [EventQueue-StaleNodeForStaleNodeHandler] INFO  node.StaleNodeHandler (StaleNodeHandler.java:onMessage(58)) - Datanode 6c86c079-35fe-41a5-81ad-74bc67566282{ip: 192.168.5.177, host: pr-hdds-2015-4zh84-2711163145, networkLocation: /default-rack, certSerialId: null} moved to stale state. Finalizing its pipelines [PipelineID=9eae7f11-ee11-40d2-9ad1-3216ef3fdec7, PipelineID=5ae06e72-ea97-4d9d-b5ea-b3f33337b0cd]
2019-09-06 01:32:55,312 [EventQueue-StaleNodeForStaleNodeHandler] INFO  pipeline.SCMPipelineManager (SCMPipelineManager.java:finalizeAndDestroyPipeline(309)) - destroying pipeline:Pipeline[ Id: 9eae7f11-ee11-40d2-9ad1-3216ef3fdec7, Nodes: 6c86c079-35fe-41a5-81ad-74bc67566282{ip: 192.168.5.177, host: pr-hdds-2015-4zh84-2711163145, networkLocation: /default-rack, certSerialId: null}, Type:RATIS, Factor:ONE, State:OPEN]
2019-09-06 01:32:55,312 [EventQueue-StaleNodeForStaleNodeHandler] INFO  pipeline.PipelineStateManager (PipelineStateManager.java:finalizePipeline(123)) - Pipeline Pipeline[ Id: 9eae7f11-ee11-40d2-9ad1-3216ef3fdec7, Nodes: 6c86c079-35fe-41a5-81ad-74bc67566282{ip: 192.168.5.177, host: pr-hdds-2015-4zh84-2711163145, networkLocation: /default-rack, certSerialId: null}, Type:RATIS, Factor:ONE, State:CLOSED] moved to CLOSED state
2019-09-06 01:32:55,312 [EventQueue-StaleNodeForStaleNodeHandler] INFO  pipeline.SCMPipelineManager (SCMPipelineManager.java:finalizeAndDestroyPipeline(309)) - destroying pipeline:Pipeline[ Id: 5ae06e72-ea97-4d9d-b5ea-b3f33337b0cd, Nodes: 870289ed-592e-405d-bfb3-05317591cb8f{ip: 192.168.5.177, host: pr-hdds-2015-4zh84-2711163145, networkLocation: /default-rack, certSerialId: null}6c86c079-35fe-41a5-81ad-74bc67566282{ip: 192.168.5.177, host: pr-hdds-2015-4zh84-2711163145, networkLocation: /default-rack, certSerialId: null}464708cc-33c6-436e-95d3-9de97c0c1ce1{ip: 192.168.5.177, host: pr-hdds-2015-4zh84-2711163145, networkLocation: /default-rack, certSerialId: null}, Type:RATIS, Factor:THREE, State:CLOSED]
2019-09-06 01:32:55,512 [EventQueue-StaleNodeForStaleNodeHandler] INFO  node.StaleNodeHandler (StaleNodeHandler.java:onMessage(58)) - Datanode e75310ea-4816-4f3e-a8c1-6cfd6a55ab33{ip: 192.168.5.177, host: pr-hdds-2015-4zh84-2711163145, networkLocation: /default-rack, certSerialId: null} moved to stale state. Finalizing its pipelines [PipelineID=5ea2b0fa-44cf-4c31-9b5d-b25759f7bde9, PipelineID=6fa605e2-8642-4c9c-bc7b-42dad19a9c73]
2019-09-06 01:32:55,513 [EventQueue-StaleNodeForStaleNodeHandler] INFO  pipeline.SCMPipelineManager (SCMPipelineManager.java:finalizeAndDestroyPipeline(309)) - destroying pipeline:Pipeline[ Id: 5ea2b0fa-44cf-4c31-9b5d-b25759f7bde9, Nodes: e75310ea-4816-4f3e-a8c1-6cfd6a55ab33{ip: 192.168.5.177, host: pr-hdds-2015-4zh84-2711163145, networkLocation: /default-rack, certSerialId: null}, Type:RATIS, Factor:ONE, State:OPEN]
2019-09-06 01:32:55,513 [EventQueue-StaleNodeForStaleNodeHandler] INFO  pipeline.PipelineStateManager (PipelineStateManager.java:finalizePipeline(123)) - Pipeline Pipeline[ Id: 5ea2b0fa-44cf-4c31-9b5d-b25759f7bde9, Nodes: e75310ea-4816-4f3e-a8c1-6cfd6a55ab33{ip: 192.168.5.177, host: pr-hdds-2015-4zh84-2711163145, networkLocation: /default-rack, certSerialId: null}, Type:RATIS, Factor:ONE, State:CLOSED] moved to CLOSED state
2019-09-06 01:32:55,513 [EventQueue-StaleNodeForStaleNodeHandler] INFO  pipeline.SCMPipelineManager (SCMPipelineManager.java:finalizeAndDestroyPipeline(309)) - destroying pipeline:Pipeline[ Id: 6fa605e2-8642-4c9c-bc7b-42dad19a9c73, Nodes: e75310ea-4816-4f3e-a8c1-6cfd6a55ab33{ip: 192.168.5.177, host: pr-hdds-2015-4zh84-2711163145, networkLocation: /default-rack, certSerialId: null}3617b605-ab9b-496e-bebe-b0470df29912{ip: 192.168.5.177, host: pr-hdds-2015-4zh84-2711163145, networkLocation: /default-rack, certSerialId: null}50b26e9d-6920-4041-a912-937090afad9d{ip: 192.168.5.177, host: pr-hdds-2015-4zh84-2711163145, networkLocation: /default-rack, certSerialId: null}, Type:RATIS, Factor:THREE, State:CLOSED]
2019-09-06 01:32:55,940 [main] INFO  ozoneimpl.OzoneContainer (OzoneContainer.java:stop(215)) - Attempting to stop container services.
2019-09-06 01:32:55,941 [main] INFO  impl.RaftServerProxy (RaftServerProxy.java:lambda$close$4(314)) - e75310ea-4816-4f3e-a8c1-6cfd6a55ab33: close
2019-09-06 01:32:55,942 [main] INFO  impl.RaftServerImpl (RaftServerImpl.java:lambda$shutdown$3(245)) - e75310ea-4816-4f3e-a8c1-6cfd6a55ab33: shutdown group-B25759F7BDE9
2019-09-06 01:32:55,942 [main] INFO  util.JmxRegister (JmxRegister.java:unregister(73)) - Successfully un-registered JMX Bean with object name Ratis:service=RaftServer,group=group-B25759F7BDE9,id=e75310ea-4816-4f3e-a8c1-6cfd6a55ab33
2019-09-06 01:32:55,943 [main] INFO  impl.RoleInfo (RoleInfo.java:shutdownLeaderState(104)) - e75310ea-4816-4f3e-a8c1-6cfd6a55ab33: shutdown LeaderState
2019-09-06 01:32:55,943 [main] INFO  impl.PendingRequests (PendingRequests.java:sendNotLeaderResponses(202)) - e75310ea-4816-4f3e-a8c1-6cfd6a55ab33-PendingRequests: sendNotLeaderResponses
2019-09-06 01:32:55,944 [main] INFO  impl.StateMachineUpdater (StateMachineUpdater.java:stopAndJoin(115)) - StateMachineUpdater:e75310ea-4816-4f3e-a8c1-6cfd6a55ab33:group-B25759F7BDE9: set stopIndex = 0
2019-09-06 01:32:55,945 [main] INFO  impl.RaftServerImpl (ServerState.java:close(394)) - e75310ea-4816-4f3e-a8c1-6cfd6a55ab33:group-B25759F7BDE9 closes. The last applied log index is 0
2019-09-06 01:32:55,945 [e75310ea-4816-4f3e-a8c1-6cfd6a55ab33-SegmentedRaftLogWorker:Storage Directory /workdir/hadoop-ozone/integration-test/target/test-dir/MiniOzoneClusterImpl-b0be7eb2-cfe3-45ae-8723-bdb0b594c12d/datanode-6/data/ratis/5ea2b0fa-44cf-4c31-9b5d-b25759f7bde9] INFO  segmented.SegmentedRaftLogWorker (SegmentedRaftLogWorker.java:run(313)) - e75310ea-4816-4f3e-a8c1-6cfd6a55ab33-SegmentedRaftLogWorker:Storage Directory /workdir/hadoop-ozone/integration-test/target/test-dir/MiniOzoneClusterImpl-b0be7eb2-cfe3-45ae-8723-bdb0b594c12d/datanode-6/data/ratis/5ea2b0fa-44cf-4c31-9b5d-b25759f7bde9 was interrupted, exiting. There are 0 tasks remaining in the queue.
2019-09-06 01:32:55,948 [main] INFO  segmented.SegmentedRaftLogWorker (SegmentedRaftLogWorker.java:close(228)) - e75310ea-4816-4f3e-a8c1-6cfd6a55ab33-SegmentedRaftLogWorker:Storage Directory /workdir/hadoop-ozone/integration-test/target/test-dir/MiniOzoneClusterImpl-b0be7eb2-cfe3-45ae-8723-bdb0b594c12d/datanode-6/data/ratis/5ea2b0fa-44cf-4c31-9b5d-b25759f7bde9 close()
2019-09-06 01:32:55,951 [main] INFO  impl.RaftServerImpl (RaftServerImpl.java:lambda$shutdown$3(245)) - e75310ea-4816-4f3e-a8c1-6cfd6a55ab33: shutdown group-42DAD19A9C73
2019-09-06 01:32:55,951 [main] INFO  util.JmxRegister (JmxRegister.java:unregister(73)) - Successfully un-registered JMX Bean with object name Ratis:service=RaftServer,group=group-42DAD19A9C73,id=e75310ea-4816-4f3e-a8c1-6cfd6a55ab33
2019-09-06 01:32:55,952 [main] INFO  impl.RoleInfo (RoleInfo.java:shutdownFollowerState(121)) - e75310ea-4816-4f3e-a8c1-6cfd6a55ab33: shutdown FollowerState
2019-09-06 01:32:55,952 [main] INFO  impl.StateMachineUpdater (StateMachineUpdater.java:stopAndJoin(115)) - StateMachineUpdater:e75310ea-4816-4f3e-a8c1-6cfd6a55ab33:group-42DAD19A9C73: set stopIndex = 16
2019-09-06 01:32:55,952 [StateMachineUpdater:e75310ea-4816-4f3e-a8c1-6cfd6a55ab33:group-42DAD19A9C73] INFO  ratis.ContainerStateMachine (ContainerStateMachine.java:takeSnapshot(284)) - group-42DAD19A9C73: Taking a snapshot at:(t:1, i:16) file /workdir/hadoop-ozone/integration-test/target/test-dir/MiniOzoneClusterImpl-b0be7eb2-cfe3-45ae-8723-bdb0b594c12d/datanode-6/data/ratis/6fa605e2-8642-4c9c-bc7b-42dad19a9c73/sm/snapshot.1_16
2019-09-06 01:32:55,952 [Thread-447] INFO  impl.FollowerState (FollowerState.java:run(114)) - e75310ea-4816-4f3e-a8c1-6cfd6a55ab33: FollowerState was interrupted: java.lang.InterruptedException: sleep interrupted
2019-09-06 01:32:55,958 [ForkJoinPool.commonPool-worker-1] INFO  ozoneimpl.OzoneContainer (OzoneContainer.java:stop(215)) - Attempting to stop container services.
2019-09-06 01:32:55,959 [ForkJoinPool.commonPool-worker-1] INFO  impl.RaftServerProxy (RaftServerProxy.java:lambda$close$4(314)) - 6c86c079-35fe-41a5-81ad-74bc67566282: close
2019-09-06 01:32:55,959 [ForkJoinPool.commonPool-worker-1] INFO  impl.RaftServerImpl (RaftServerImpl.java:lambda$shutdown$3(245)) - 6c86c079-35fe-41a5-81ad-74bc67566282: shutdown group-3216EF3FDEC7
2019-09-06 01:32:55,959 [ForkJoinPool.commonPool-worker-1] INFO  util.JmxRegister (JmxRegister.java:unregister(73)) - Successfully un-registered JMX Bean with object name Ratis:service=RaftServer,group=group-3216EF3FDEC7,id=6c86c079-35fe-41a5-81ad-74bc67566282
2019-09-06 01:32:55,960 [ForkJoinPool.commonPool-worker-1] INFO  impl.RoleInfo (RoleInfo.java:shutdownLeaderState(104)) - 6c86c079-35fe-41a5-81ad-74bc67566282: shutdown LeaderState
2019-09-06 01:32:55,960 [ForkJoinPool.commonPool-worker-1] INFO  impl.PendingRequests (PendingRequests.java:sendNotLeaderResponses(202)) - 6c86c079-35fe-41a5-81ad-74bc67566282-PendingRequests: sendNotLeaderResponses
2019-09-06 01:32:55,960 [ForkJoinPool.commonPool-worker-1] INFO  impl.StateMachineUpdater (StateMachineUpdater.java:stopAndJoin(115)) - StateMachineUpdater:6c86c079-35fe-41a5-81ad-74bc67566282:group-3216EF3FDEC7: set stopIndex = 0
2019-09-06 01:32:55,961 [ForkJoinPool.commonPool-worker-1] INFO  impl.RaftServerImpl (ServerState.java:close(394)) - 6c86c079-35fe-41a5-81ad-74bc67566282:group-3216EF3FDEC7 closes. The last applied log index is 0
2019-09-06 01:32:55,961 [6c86c079-35fe-41a5-81ad-74bc67566282-SegmentedRaftLogWorker:Storage Directory /workdir/hadoop-ozone/integration-test/target/test-dir/MiniOzoneClusterImpl-b0be7eb2-cfe3-45ae-8723-bdb0b594c12d/datanode-0/data/ratis/9eae7f11-ee11-40d2-9ad1-3216ef3fdec7] INFO  segmented.SegmentedRaftLogWorker (SegmentedRaftLogWorker.java:run(313)) - 6c86c079-35fe-41a5-81ad-74bc67566282-SegmentedRaftLogWorker:Storage Directory /workdir/hadoop-ozone/integration-test/target/test-dir/MiniOzoneClusterImpl-b0be7eb2-cfe3-45ae-8723-bdb0b594c12d/datanode-0/data/ratis/9eae7f11-ee11-40d2-9ad1-3216ef3fdec7 was interrupted, exiting. There are 0 tasks remaining in the queue.
2019-09-06 01:32:55,963 [ForkJoinPool.commonPool-worker-1] INFO  segmented.SegmentedRaftLogWorker (SegmentedRaftLogWorker.java:close(228)) - 6c86c079-35fe-41a5-81ad-74bc67566282-SegmentedRaftLogWorker:Storage Directory /workdir/hadoop-ozone/integration-test/target/test-dir/MiniOzoneClusterImpl-b0be7eb2-cfe3-45ae-8723-bdb0b594c12d/datanode-0/data/ratis/9eae7f11-ee11-40d2-9ad1-3216ef3fdec7 close()
2019-09-06 01:32:55,969 [ForkJoinPool.commonPool-worker-1] INFO  impl.RaftServerImpl (RaftServerImpl.java:lambda$shutdown$3(245)) - 6c86c079-35fe-41a5-81ad-74bc67566282: shutdown group-B3F33337B0CD
2019-09-06 01:32:55,969 [ForkJoinPool.commonPool-worker-1] INFO  util.JmxRegister (JmxRegister.java:unregister(73)) - Successfully un-registered JMX Bean with object name Ratis:service=RaftServer,group=group-B3F33337B0CD,id=6c86c079-35fe-41a5-81ad-74bc67566282
2019-09-06 01:32:55,970 [ForkJoinPool.commonPool-worker-1] INFO  impl.RoleInfo (RoleInfo.java:shutdownLeaderState(104)) - 6c86c079-35fe-41a5-81ad-74bc67566282: shutdown LeaderState
2019-09-06 01:32:55,972 [ForkJoinPool.commonPool-worker-1] INFO  impl.PendingRequests (PendingRequests.java:sendNotLeaderResponses(202)) - 6c86c079-35fe-41a5-81ad-74bc67566282-PendingRequests: sendNotLeaderResponses
2019-09-06 01:32:55,972 [org.apache.ratis.server.impl.LogAppender$AppenderDaemon$$Lambda$479/441325125@2a1b41e7] WARN  server.GrpcLogAppender (GrpcLogAppender.java:mayWait(143)) - GrpcLogAppender(6c86c079-35fe-41a5-81ad-74bc67566282->870289ed-592e-405d-bfb3-05317591cb8f): Wait interrupted by java.lang.InterruptedException
2019-09-06 01:32:55,972 [org.apache.ratis.server.impl.LogAppender$AppenderDaemon$$Lambda$479/441325125@28957b7f] WARN  server.GrpcLogAppender (GrpcLogAppender.java:mayWait(143)) - GrpcLogAppender(6c86c079-35fe-41a5-81ad-74bc67566282->464708cc-33c6-436e-95d3-9de97c0c1ce1): Wait interrupted by java.lang.InterruptedException
2019-09-06 01:32:55,976 [ForkJoinPool.commonPool-worker-1] INFO  impl.StateMachineUpdater (StateMachineUpdater.java:stopAndJoin(115)) - StateMachineUpdater:6c86c079-35fe-41a5-81ad-74bc67566282:group-B3F33337B0CD: set stopIndex = 6
2019-09-06 01:32:55,976 [StateMachineUpdater:6c86c079-35fe-41a5-81ad-74bc67566282:group-B3F33337B0CD] INFO  ratis.ContainerStateMachine (ContainerStateMachine.java:takeSnapshot(284)) - group-B3F33337B0CD: Taking a snapshot at:(t:1, i:6) file /workdir/hadoop-ozone/integration-test/target/test-dir/MiniOzoneClusterImpl-b0be7eb2-cfe3-45ae-8723-bdb0b594c12d/datanode-0/data/ratis/5ae06e72-ea97-4d9d-b5ea-b3f33337b0cd/sm/snapshot.1_6
2019-09-06 01:32:56,096 [StateMachineUpdater:e75310ea-4816-4f3e-a8c1-6cfd6a55ab33:group-42DAD19A9C73] INFO  ratis.ContainerStateMachine (ContainerStateMachine.java:takeSnapshot(295)) - group-42DAD19A9C73: Finished taking a snapshot at:(t:1, i:16) file:/workdir/hadoop-ozone/integration-test/target/test-dir/MiniOzoneClusterImpl-b0be7eb2-cfe3-45ae-8723-bdb0b594c12d/datanode-6/data/ratis/6fa605e2-8642-4c9c-bc7b-42dad19a9c73/sm/snapshot.1_16 time:144
2019-09-06 01:32:56,096 [StateMachineUpdater:e75310ea-4816-4f3e-a8c1-6cfd6a55ab33:group-42DAD19A9C73] INFO  impl.StateMachineUpdater (StateMachineUpdater.java:takeSnapshot(242)) - StateMachineUpdater:e75310ea-4816-4f3e-a8c1-6cfd6a55ab33:group-42DAD19A9C73: Took a snapshot at index 16
2019-09-06 01:32:56,096 [StateMachineUpdater:e75310ea-4816-4f3e-a8c1-6cfd6a55ab33:group-42DAD19A9C73] INFO  impl.StateMachineUpdater (StateMachineUpdater.java:lambda$new$0(80)) - StateMachineUpdater:e75310ea-4816-4f3e-a8c1-6cfd6a55ab33:group-42DAD19A9C73: snapshotIndex: updateIncreasingly -1 -> 16
2019-09-06 01:32:56,097 [main] INFO  impl.RaftServerImpl (ServerState.java:close(394)) - e75310ea-4816-4f3e-a8c1-6cfd6a55ab33:group-42DAD19A9C73 closes. The last applied log index is 16
2019-09-06 01:32:56,098 [StateMachineUpdater:6c86c079-35fe-41a5-81ad-74bc67566282:group-B3F33337B0CD] INFO  ratis.ContainerStateMachine (ContainerStateMachine.java:takeSnapshot(295)) - group-B3F33337B0CD: Finished taking a snapshot at:(t:1, i:6) file:/workdir/hadoop-ozone/integration-test/target/test-dir/MiniOzoneClusterImpl-b0be7eb2-cfe3-45ae-8723-bdb0b594c12d/datanode-0/data/ratis/5ae06e72-ea97-4d9d-b5ea-b3f33337b0cd/sm/snapshot.1_6 time:121
2019-09-06 01:32:56,098 [e75310ea-4816-4f3e-a8c1-6cfd6a55ab33-SegmentedRaftLogWorker:Storage Directory /workdir/hadoop-ozone/integration-test/target/test-dir/MiniOzoneClusterImpl-b0be7eb2-cfe3-45ae-8723-bdb0b594c12d/datanode-6/data/ratis/6fa605e2-8642-4c9c-bc7b-42dad19a9c73] INFO  segmented.SegmentedRaftLogWorker (SegmentedRaftLogWorker.java:run(313)) - e75310ea-4816-4f3e-a8c1-6cfd6a55ab33-SegmentedRaftLogWorker:Storage Directory /workdir/hadoop-ozone/integration-test/target/test-dir/MiniOzoneClusterImpl-b0be7eb2-cfe3-45ae-8723-bdb0b594c12d/datanode-6/data/ratis/6fa605e2-8642-4c9c-bc7b-42dad19a9c73 was interrupted, exiting. There are 0 tasks remaining in the queue.
2019-09-06 01:32:56,098 [StateMachineUpdater:6c86c079-35fe-41a5-81ad-74bc67566282:group-B3F33337B0CD] INFO  impl.StateMachineUpdater (StateMachineUpdater.java:takeSnapshot(242)) - StateMachineUpdater:6c86c079-35fe-41a5-81ad-74bc67566282:group-B3F33337B0CD: Took a snapshot at index 6
2019-09-06 01:32:56,098 [StateMachineUpdater:6c86c079-35fe-41a5-81ad-74bc67566282:group-B3F33337B0CD] INFO  impl.StateMachineUpdater (StateMachineUpdater.java:lambda$new$0(80)) - StateMachineUpdater:6c86c079-35fe-41a5-81ad-74bc67566282:group-B3F33337B0CD: snapshotIndex: updateIncreasingly -1 -> 6
2019-09-06 01:32:56,098 [main] INFO  segmented.SegmentedRaftLogWorker (SegmentedRaftLogWorker.java:close(228)) - e75310ea-4816-4f3e-a8c1-6cfd6a55ab33-SegmentedRaftLogWorker:Storage Directory /workdir/hadoop-ozone/integration-test/target/test-dir/MiniOzoneClusterImpl-b0be7eb2-cfe3-45ae-8723-bdb0b594c12d/datanode-6/data/ratis/6fa605e2-8642-4c9c-bc7b-42dad19a9c73 close()
2019-09-06 01:32:56,099 [ForkJoinPool.commonPool-worker-1] INFO  impl.RaftServerImpl (ServerState.java:close(394)) - 6c86c079-35fe-41a5-81ad-74bc67566282:group-B3F33337B0CD closes. The last applied log index is 6
2019-09-06 01:32:56,100 [main] INFO  server.GrpcService (GrpcService.java:closeImpl(155)) - e75310ea-4816-4f3e-a8c1-6cfd6a55ab33: shutdown server with port 42178 now
2019-09-06 01:32:56,101 [6c86c079-35fe-41a5-81ad-74bc67566282-SegmentedRaftLogWorker:Storage Directory /workdir/hadoop-ozone/integration-test/target/test-dir/MiniOzoneClusterImpl-b0be7eb2-cfe3-45ae-8723-bdb0b594c12d/datanode-0/data/ratis/5ae06e72-ea97-4d9d-b5ea-b3f33337b0cd] INFO  segmented.SegmentedRaftLogWorker (SegmentedRaftLogWorker.java:run(313)) - 6c86c079-35fe-41a5-81ad-74bc67566282-SegmentedRaftLogWorker:Storage Directory /workdir/hadoop-ozone/integration-test/target/test-dir/MiniOzoneClusterImpl-b0be7eb2-cfe3-45ae-8723-bdb0b594c12d/datanode-0/data/ratis/5ae06e72-ea97-4d9d-b5ea-b3f33337b0cd was interrupted, exiting. There are 0 tasks remaining in the queue.
2019-09-06 01:32:56,101 [ForkJoinPool.commonPool-worker-1] INFO  segmented.SegmentedRaftLogWorker (SegmentedRaftLogWorker.java:close(228)) - 6c86c079-35fe-41a5-81ad-74bc67566282-SegmentedRaftLogWorker:Storage Directory /workdir/hadoop-ozone/integration-test/target/test-dir/MiniOzoneClusterImpl-b0be7eb2-cfe3-45ae-8723-bdb0b594c12d/datanode-0/data/ratis/5ae06e72-ea97-4d9d-b5ea-b3f33337b0cd close()
2019-09-06 01:32:56,102 [main] INFO  server.GrpcService (GrpcService.java:closeImpl(163)) - e75310ea-4816-4f3e-a8c1-6cfd6a55ab33: shutdown server with port 42178 successfully
2019-09-06 01:32:56,103 [ForkJoinPool.commonPool-worker-1] INFO  server.GrpcService (GrpcService.java:closeImpl(155)) - 6c86c079-35fe-41a5-81ad-74bc67566282: shutdown server with port 32957 now
2019-09-06 01:32:56,104 [ForkJoinPool.commonPool-worker-1] INFO  server.GrpcService (GrpcService.java:closeImpl(163)) - 6c86c079-35fe-41a5-81ad-74bc67566282: shutdown server with port 32957 successfully
2019-09-06 01:32:56,112 [refreshUsed-/workdir/hadoop-ozone/integration-test/target/test-dir/MiniOzoneClusterImpl-b0be7eb2-cfe3-45ae-8723-bdb0b594c12d/datanode-6/data/containers] WARN  fs.CachingGetSpaceUsed (CachingGetSpaceUsed.java:run(183)) - Thread Interrupted waiting to refresh disk information: sleep interrupted
2019-09-06 01:32:56,117 [refreshUsed-/workdir/hadoop-ozone/integration-test/target/test-dir/MiniOzoneClusterImpl-b0be7eb2-cfe3-45ae-8723-bdb0b594c12d/datanode-0/data/containers] WARN  fs.CachingGetSpaceUsed (CachingGetSpaceUsed.java:run(183)) - Thread Interrupted waiting to refresh disk information: sleep interrupted
2019-09-06 01:32:56,137 [main] INFO  utils.BackgroundService (BackgroundService.java:shutdown(148)) - Shutting down service BlockDeletingService
2019-09-06 01:32:56,140 [main] INFO  statemachine.DatanodeStateMachine (DatanodeStateMachine.java:stopDaemon(395)) - Ozone container server stopped.
2019-09-06 01:32:56,142 [ForkJoinPool.commonPool-worker-1] INFO  utils.BackgroundService (BackgroundService.java:shutdown(148)) - Shutting down service BlockDeletingService
2019-09-06 01:32:56,145 [ForkJoinPool.commonPool-worker-1] INFO  statemachine.DatanodeStateMachine (DatanodeStateMachine.java:stopDaemon(395)) - Ozone container server stopped.
2019-09-06 01:32:57,153 [main] INFO  handler.ContextHandler (ContextHandler.java:doStop(910)) - Stopped o.e.j.w.WebAppContext@1f346ad2{/,null,UNAVAILABLE}{/hddsDatanode}
2019-09-06 01:32:57,153 [ForkJoinPool.commonPool-worker-1] INFO  handler.ContextHandler (ContextHandler.java:doStop(910)) - Stopped o.e.j.w.WebAppContext@5d43409a{/,null,UNAVAILABLE}{/hddsDatanode}
2019-09-06 01:32:57,154 [main] INFO  server.AbstractConnector (AbstractConnector.java:doStop(318)) - Stopped ServerConnector@46a145ba{HTTP/1.1,[http/1.1]}{0.0.0.0:0}
2019-09-06 01:32:57,154 [ForkJoinPool.commonPool-worker-1] INFO  server.AbstractConnector (AbstractConnector.java:doStop(318)) - Stopped ServerConnector@38d17d80{HTTP/1.1,[http/1.1]}{0.0.0.0:0}
2019-09-06 01:32:57,155 [main] INFO  handler.ContextHandler (ContextHandler.java:doStop(910)) - Stopped o.e.j.s.ServletContextHandler@12d5c30e{/static,jar:file:/home/user/.m2/repository/org/apache/hadoop/hadoop-hdds-container-service/0.5.0-SNAPSHOT/hadoop-hdds-container-service-0.5.0-SNAPSHOT.jar!/webapps/static,UNAVAILABLE}
2019-09-06 01:32:57,155 [ForkJoinPool.commonPool-worker-1] INFO  handler.ContextHandler (ContextHandler.java:doStop(910)) - Stopped o.e.j.s.ServletContextHandler@3374b5bc{/static,jar:file:/home/user/.m2/repository/org/apache/hadoop/hadoop-hdds-container-service/0.5.0-SNAPSHOT/hadoop-hdds-container-service-0.5.0-SNAPSHOT.jar!/webapps/static,UNAVAILABLE}
2019-09-06 01:32:57,156 [main] INFO  handler.ContextHandler (ContextHandler.java:doStop(910)) - Stopped o.e.j.s.ServletContextHandler@77bb48d5{/logs,file:///workdir/hadoop-ozone/integration-test/target/log,UNAVAILABLE}
2019-09-06 01:32:57,157 [ForkJoinPool.commonPool-worker-1] INFO  handler.ContextHandler (ContextHandler.java:doStop(910)) - Stopped o.e.j.s.ServletContextHandler@60325987{/logs,file:///workdir/hadoop-ozone/integration-test/target/log,UNAVAILABLE}
2019-09-06 01:32:57,360 [Datanode State Machine Thread - 0] INFO  statemachine.DatanodeStateMachine (DatanodeStateMachine.java:lambda$startDaemon$0(350)) - Ozone container server started.
2019-09-06 01:33:01,424 [EventQueue-StaleNodeForStaleNodeHandler] INFO  node.StaleNodeHandler (StaleNodeHandler.java:onMessage(58)) - Datanode 7be35a96-8e2e-4c53-8e2e-7d6c240fb8db{ip: 192.168.5.177, host: pr-hdds-2015-4zh84-2711163145, networkLocation: /default-rack, certSerialId: null} moved to stale state. Finalizing its pipelines [PipelineID=14637594-ffce-49ca-a4ae-446e91d4a2eb]
2019-09-06 01:33:01,424 [EventQueue-StaleNodeForStaleNodeHandler] INFO  pipeline.SCMPipelineManager (SCMPipelineManager.java:finalizeAndDestroyPipeline(309)) - destroying pipeline:Pipeline[ Id: 14637594-ffce-49ca-a4ae-446e91d4a2eb, Nodes: 7be35a96-8e2e-4c53-8e2e-7d6c240fb8db{ip: 192.168.5.177, host: pr-hdds-2015-4zh84-2711163145, networkLocation: /default-rack, certSerialId: null}, Type:RATIS, Factor:ONE, State:OPEN]
2019-09-06 01:33:01,425 [EventQueue-StaleNodeForStaleNodeHandler] INFO  pipeline.PipelineStateManager (PipelineStateManager.java:finalizePipeline(123)) - Pipeline Pipeline[ Id: 14637594-ffce-49ca-a4ae-446e91d4a2eb, Nodes: 7be35a96-8e2e-4c53-8e2e-7d6c240fb8db{ip: 192.168.5.177, host: pr-hdds-2015-4zh84-2711163145, networkLocation: /default-rack, certSerialId: null}, Type:RATIS, Factor:ONE, State:CLOSED] moved to CLOSED state
2019-09-06 01:33:02,159 [main] INFO  ozoneimpl.OzoneContainer (OzoneContainer.java:stop(215)) - Attempting to stop container services.
2019-09-06 01:33:02,160 [main] INFO  impl.RaftServerProxy (RaftServerProxy.java:lambda$close$4(314)) - 7be35a96-8e2e-4c53-8e2e-7d6c240fb8db: close
2019-09-06 01:33:02,161 [main] INFO  impl.RaftServerImpl (RaftServerImpl.java:lambda$shutdown$3(245)) - 7be35a96-8e2e-4c53-8e2e-7d6c240fb8db: shutdown group-446E91D4A2EB
2019-09-06 01:33:02,161 [main] INFO  util.JmxRegister (JmxRegister.java:unregister(73)) - Successfully un-registered JMX Bean with object name Ratis:service=RaftServer,group=group-446E91D4A2EB,id=7be35a96-8e2e-4c53-8e2e-7d6c240fb8db
2019-09-06 01:33:02,162 [main] INFO  impl.RoleInfo (RoleInfo.java:shutdownLeaderState(104)) - 7be35a96-8e2e-4c53-8e2e-7d6c240fb8db: shutdown LeaderState
2019-09-06 01:33:02,162 [main] INFO  impl.PendingRequests (PendingRequests.java:sendNotLeaderResponses(202)) - 7be35a96-8e2e-4c53-8e2e-7d6c240fb8db-PendingRequests: sendNotLeaderResponses
2019-09-06 01:33:02,163 [main] INFO  impl.StateMachineUpdater (StateMachineUpdater.java:stopAndJoin(115)) - StateMachineUpdater:7be35a96-8e2e-4c53-8e2e-7d6c240fb8db:group-446E91D4A2EB: set stopIndex = 0
2019-09-06 01:33:02,163 [main] INFO  impl.RaftServerImpl (ServerState.java:close(394)) - 7be35a96-8e2e-4c53-8e2e-7d6c240fb8db:group-446E91D4A2EB closes. The last applied log index is 0
2019-09-06 01:33:02,164 [7be35a96-8e2e-4c53-8e2e-7d6c240fb8db-SegmentedRaftLogWorker:Storage Directory /workdir/hadoop-ozone/integration-test/target/test-dir/MiniOzoneClusterImpl-b0be7eb2-cfe3-45ae-8723-bdb0b594c12d/datanode-5/data/ratis/14637594-ffce-49ca-a4ae-446e91d4a2eb] INFO  segmented.SegmentedRaftLogWorker (SegmentedRaftLogWorker.java:run(313)) - 7be35a96-8e2e-4c53-8e2e-7d6c240fb8db-SegmentedRaftLogWorker:Storage Directory /workdir/hadoop-ozone/integration-test/target/test-dir/MiniOzoneClusterImpl-b0be7eb2-cfe3-45ae-8723-bdb0b594c12d/datanode-5/data/ratis/14637594-ffce-49ca-a4ae-446e91d4a2eb was interrupted, exiting. There are 0 tasks remaining in the queue.
2019-09-06 01:33:02,164 [main] INFO  segmented.SegmentedRaftLogWorker (SegmentedRaftLogWorker.java:close(228)) - 7be35a96-8e2e-4c53-8e2e-7d6c240fb8db-SegmentedRaftLogWorker:Storage Directory /workdir/hadoop-ozone/integration-test/target/test-dir/MiniOzoneClusterImpl-b0be7eb2-cfe3-45ae-8723-bdb0b594c12d/datanode-5/data/ratis/14637594-ffce-49ca-a4ae-446e91d4a2eb close()
2019-09-06 01:33:02,166 [main] INFO  server.GrpcService (GrpcService.java:closeImpl(155)) - 7be35a96-8e2e-4c53-8e2e-7d6c240fb8db: shutdown server with port 42031 now
2019-09-06 01:33:02,167 [main] INFO  server.GrpcService (GrpcService.java:closeImpl(163)) - 7be35a96-8e2e-4c53-8e2e-7d6c240fb8db: shutdown server with port 42031 successfully
2019-09-06 01:33:02,170 [refreshUsed-/workdir/hadoop-ozone/integration-test/target/test-dir/MiniOzoneClusterImpl-b0be7eb2-cfe3-45ae-8723-bdb0b594c12d/datanode-5/data/containers] WARN  fs.CachingGetSpaceUsed (CachingGetSpaceUsed.java:run(183)) - Thread Interrupted waiting to refresh disk information: sleep interrupted
2019-09-06 01:33:02,193 [main] INFO  utils.BackgroundService (BackgroundService.java:shutdown(148)) - Shutting down service BlockDeletingService
2019-09-06 01:33:02,197 [main] INFO  statemachine.DatanodeStateMachine (DatanodeStateMachine.java:stopDaemon(395)) - Ozone container server stopped.
2019-09-06 01:33:02,199 [main] INFO  handler.ContextHandler (ContextHandler.java:doStop(910)) - Stopped o.e.j.w.WebAppContext@6ad16c5d{/,null,UNAVAILABLE}{/hddsDatanode}
2019-09-06 01:33:02,200 [main] INFO  server.AbstractConnector (AbstractConnector.java:doStop(318)) - Stopped ServerConnector@74ea46e2{HTTP/1.1,[http/1.1]}{0.0.0.0:0}
2019-09-06 01:33:02,201 [main] INFO  handler.ContextHandler (ContextHandler.java:doStop(910)) - Stopped o.e.j.s.ServletContextHandler@250a500b{/static,jar:file:/home/user/.m2/repository/org/apache/hadoop/hadoop-hdds-container-service/0.5.0-SNAPSHOT/hadoop-hdds-container-service-0.5.0-SNAPSHOT.jar!/webapps/static,UNAVAILABLE}
2019-09-06 01:33:02,201 [main] INFO  handler.ContextHandler (ContextHandler.java:doStop(910)) - Stopped o.e.j.s.ServletContextHandler@c755b2{/logs,file:///workdir/hadoop-ozone/integration-test/target/log,UNAVAILABLE}
2019-09-06 01:33:02,202 [main] INFO  ozone.MiniOzoneClusterImpl (MiniOzoneClusterImpl.java:stop(339)) - Stopping the StorageContainerManager
2019-09-06 01:33:02,203 [main] INFO  server.StorageContainerManager (StorageContainerManager.java:stop(797)) - Stopping Replication Manager Service.
2019-09-06 01:33:02,203 [main] INFO  container.ReplicationManager (ReplicationManager.java:stop(203)) - Stopping Replication Monitor Thread.
2019-09-06 01:33:02,203 [main] INFO  server.StorageContainerManager (StorageContainerManager.java:stop(804)) - Stopping Lease Manager of the command watchers
2019-09-06 01:33:02,203 [main] INFO  server.StorageContainerManager (StorageContainerManager.java:stop(811)) - Stopping datanode service RPC server
2019-09-06 01:33:02,204 [main] INFO  server.SCMDatanodeProtocolServer (SCMDatanodeProtocolServer.java:stop(367)) - Stopping the RPC server for DataNodes
2019-09-06 01:33:02,204 [main] INFO  ipc.Server (Server.java:stop(3082)) - Stopping server on 35215
2019-09-06 01:33:02,206 [IPC Server listener on 35215] INFO  ipc.Server (Server.java:run(1185)) - Stopping IPC Server listener on 35215
2019-09-06 01:33:02,206 [IPC Server Responder] INFO  ipc.Server (Server.java:run(1319)) - Stopping IPC Server Responder
2019-09-06 01:33:02,225 [SCM Heartbeat Processing Thread - 0] WARN  node.NodeStateManager (NodeStateManager.java:scheduleNextHealthCheck(646)) - Current Thread is interrupted, shutting down HB processing thread for Node Manager.
2019-09-06 01:33:02,225 [main] INFO  server.StorageContainerManager (StorageContainerManager.java:stop(819)) - Stopping block service RPC server
2019-09-06 01:33:02,226 [main] INFO  server.SCMBlockProtocolServer (SCMBlockProtocolServer.java:stop(155)) - Stopping the RPC server for Block Protocol
2019-09-06 01:33:02,226 [main] INFO  ipc.Server (Server.java:stop(3082)) - Stopping server on 38026
2019-09-06 01:33:02,228 [IPC Server listener on 38026] INFO  ipc.Server (Server.java:run(1185)) - Stopping IPC Server listener on 38026
2019-09-06 01:33:02,228 [main] INFO  server.StorageContainerManager (StorageContainerManager.java:stop(826)) - Stopping the StorageContainerLocationProtocol RPC server
2019-09-06 01:33:02,228 [IPC Server Responder] INFO  ipc.Server (Server.java:run(1319)) - Stopping IPC Server Responder
2019-09-06 01:33:02,228 [main] INFO  server.SCMClientProtocolServer (SCMClientProtocolServer.java:stop(159)) - Stopping the RPC server for Client Protocol
2019-09-06 01:33:02,228 [main] INFO  ipc.Server (Server.java:stop(3082)) - Stopping server on 36379
2019-09-06 01:33:02,230 [IPC Server listener on 36379] INFO  ipc.Server (Server.java:run(1185)) - Stopping IPC Server listener on 36379
2019-09-06 01:33:02,230 [IPC Server Responder] INFO  ipc.Server (Server.java:run(1319)) - Stopping IPC Server Responder
2019-09-06 01:33:02,230 [main] INFO  server.StorageContainerManager (StorageContainerManager.java:stop(833)) - Stopping Storage Container Manager HTTP server.
2019-09-06 01:33:02,231 [main] INFO  handler.ContextHandler (ContextHandler.java:doStop(910)) - Stopped o.e.j.w.WebAppContext@7df587ef{/,null,UNAVAILABLE}{/scm}
2019-09-06 01:33:02,232 [main] INFO  server.AbstractConnector (AbstractConnector.java:doStop(318)) - Stopped ServerConnector@3591009c{HTTP/1.1,[http/1.1]}{0.0.0.0:0}
2019-09-06 01:33:02,232 [main] INFO  handler.ContextHandler (ContextHandler.java:doStop(910)) - Stopped o.e.j.s.ServletContextHandler@acdb094{/static,file:///workdir/hadoop-ozone/integration-test/target/test-classes/webapps/static,UNAVAILABLE}
2019-09-06 01:33:02,233 [main] INFO  handler.ContextHandler (ContextHandler.java:doStop(910)) - Stopped o.e.j.s.ServletContextHandler@4af0df05{/logs,file:///workdir/hadoop-ozone/integration-test/target/log,UNAVAILABLE}
2019-09-06 01:33:02,234 [main] INFO  server.StorageContainerManager (StorageContainerManager.java:stop(844)) - Stopping Block Manager Service.
2019-09-06 01:33:02,234 [main] INFO  utils.BackgroundService (BackgroundService.java:shutdown(148)) - Shutting down service SCMBlockDeletingService
2019-09-06 01:33:02,234 [main] INFO  utils.BackgroundService (BackgroundService.java:shutdown(148)) - Shutting down service SCMBlockDeletingService
2019-09-06 01:33:02,235 [main] INFO  server.StorageContainerManager (StorageContainerManager.java:stop(866)) - Stopping SCM Event Queue.
2019-09-06 01:33:02,292 [main] INFO  impl.MetricsSystemImpl (MetricsSystemImpl.java:stop(210)) - Stopping XceiverClientMetrics metrics system...
2019-09-06 01:33:02,297 [prometheus] INFO  impl.MetricsSinkAdapter (MetricsSinkAdapter.java:publishMetricsFromQueue(141)) - prometheus thread interrupted.
2019-09-06 01:33:02,297 [main] INFO  impl.MetricsSystemImpl (MetricsSystemImpl.java:stop(216)) - XceiverClientMetrics metrics system stopped.
]]></system-out>
    <system-err><![CDATA[ERROR StatusLogger No Log4j 2 configuration file found. Using default configuration (logging only errors to the console), or user programmatically provided configurations. Set system property 'log4j2.debug' to show Log4j 2 internal initialization logging. See https://logging.apache.org/log4j/2.x/manual/configuration.html for instructions on how to configure Log4j 2
]]></system-err>
  </testcase>
  <testcase name="testDatanodeFailureWithPreAllocation" classname="org.apache.hadoop.ozone.client.rpc.TestBlockOutputStreamWithFailures" time="224.955"/>
  <testcase name="testDatanodeFailureWithSingleNodeRatis" classname="org.apache.hadoop.ozone.client.rpc.TestBlockOutputStreamWithFailures" time="223.9"/>
  <testcase name="testWatchForCommitWithSingleNodeRatis" classname="org.apache.hadoop.ozone.client.rpc.TestBlockOutputStreamWithFailures" time="36.209"/>
  <testcase name="testWatchForCommitDatanodeFailure" classname="org.apache.hadoop.ozone.client.rpc.TestBlockOutputStreamWithFailures" time="45.378">
    <error message="Allocated 0 blocks. Requested 1 blocks" type="INTERNAL_ERROR org.apache.hadoop.ozone.om.exceptions.OMException">INTERNAL_ERROR org.apache.hadoop.ozone.om.exceptions.OMException: Allocated 0 blocks. Requested 1 blocks
	at org.apache.hadoop.ozone.om.protocolPB.OzoneManagerProtocolClientSideTranslatorPB.handleError(OzoneManagerProtocolClientSideTranslatorPB.java:725)
	at org.apache.hadoop.ozone.om.protocolPB.OzoneManagerProtocolClientSideTranslatorPB.allocateBlock(OzoneManagerProtocolClientSideTranslatorPB.java:757)
	at org.apache.hadoop.ozone.client.io.BlockOutputStreamEntryPool.allocateNewBlock(BlockOutputStreamEntryPool.java:248)
	at org.apache.hadoop.ozone.client.io.BlockOutputStreamEntryPool.allocateBlockIfNeeded(BlockOutputStreamEntryPool.java:296)
	at org.apache.hadoop.ozone.client.io.KeyOutputStream.handleWrite(KeyOutputStream.java:201)
	at org.apache.hadoop.ozone.client.io.KeyOutputStream.handleRetry(KeyOutputStream.java:376)
	at org.apache.hadoop.ozone.client.io.KeyOutputStream.handleException(KeyOutputStream.java:325)
	at org.apache.hadoop.ozone.client.io.KeyOutputStream.handleFlushOrClose(KeyOutputStream.java:448)
	at org.apache.hadoop.ozone.client.io.KeyOutputStream.flush(KeyOutputStream.java:396)
	at org.apache.hadoop.ozone.client.io.OzoneOutputStream.flush(OzoneOutputStream.java:54)
	at org.apache.hadoop.ozone.client.rpc.TestBlockOutputStreamWithFailures.testWatchForCommitDatanodeFailure(TestBlockOutputStreamWithFailures.java:365)
	at sun.reflect.NativeMethodAccessorImpl.invoke0(Native Method)
	at sun.reflect.NativeMethodAccessorImpl.invoke(NativeMethodAccessorImpl.java:62)
	at sun.reflect.DelegatingMethodAccessorImpl.invoke(DelegatingMethodAccessorImpl.java:43)
	at java.lang.reflect.Method.invoke(Method.java:498)
	at org.junit.runners.model.FrameworkMethod$1.runReflectiveCall(FrameworkMethod.java:47)
	at org.junit.internal.runners.model.ReflectiveCallable.run(ReflectiveCallable.java:12)
	at org.junit.runners.model.FrameworkMethod.invokeExplosively(FrameworkMethod.java:44)
	at org.junit.internal.runners.statements.InvokeMethod.evaluate(InvokeMethod.java:17)
	at org.junit.internal.runners.statements.RunBefores.evaluate(RunBefores.java:26)
	at org.junit.internal.runners.statements.RunAfters.evaluate(RunAfters.java:27)
	at org.junit.runners.ParentRunner.runLeaf(ParentRunner.java:271)
	at org.junit.runners.BlockJUnit4ClassRunner.runChild(BlockJUnit4ClassRunner.java:70)
	at org.junit.runners.BlockJUnit4ClassRunner.runChild(BlockJUnit4ClassRunner.java:50)
	at org.junit.runners.ParentRunner$3.run(ParentRunner.java:238)
	at org.junit.runners.ParentRunner$1.schedule(ParentRunner.java:63)
	at org.junit.runners.ParentRunner.runChildren(ParentRunner.java:236)
	at org.junit.runners.ParentRunner.access$000(ParentRunner.java:53)
	at org.junit.runners.ParentRunner$2.evaluate(ParentRunner.java:229)
	at org.junit.runners.ParentRunner.run(ParentRunner.java:309)
	at org.apache.maven.surefire.junit4.JUnit4Provider.execute(JUnit4Provider.java:365)
	at org.apache.maven.surefire.junit4.JUnit4Provider.executeWithRerun(JUnit4Provider.java:273)
	at org.apache.maven.surefire.junit4.JUnit4Provider.executeTestSet(JUnit4Provider.java:238)
	at org.apache.maven.surefire.junit4.JUnit4Provider.invoke(JUnit4Provider.java:159)
	at org.apache.maven.surefire.booter.ForkedBooter.invokeProviderInSameClassLoader(ForkedBooter.java:384)
	at org.apache.maven.surefire.booter.ForkedBooter.runSuitesInProcess(ForkedBooter.java:345)
	at org.apache.maven.surefire.booter.ForkedBooter.execute(ForkedBooter.java:126)
	at org.apache.maven.surefire.booter.ForkedBooter.main(ForkedBooter.java:418)
</error>
    <system-out><![CDATA[2019-09-06 01:41:07,595 [main] WARN  server.ServerUtils (ServerUtils.java:getScmDbDir(145)) - ozone.scm.db.dirs is not configured. We recommend adding this setting. Falling back to ozone.metadata.dirs instead.
2019-09-06 01:41:07,618 [main] WARN  server.ServerUtils (ServerUtils.java:getScmDbDir(145)) - ozone.scm.db.dirs is not configured. We recommend adding this setting. Falling back to ozone.metadata.dirs instead.
2019-09-06 01:41:07,619 [main] WARN  server.ServerUtils (ServerUtils.java:getScmDbDir(145)) - ozone.scm.db.dirs is not configured. We recommend adding this setting. Falling back to ozone.metadata.dirs instead.
2019-09-06 01:41:07,620 [main] INFO  db.DBStoreBuilder (DBStoreBuilder.java:addTable(110)) - using custom profile for table: deletedBlocks
2019-09-06 01:41:07,620 [main] INFO  db.DBStoreBuilder (DBStoreBuilder.java:processTables(161)) - Using default column profile:DBProfile.DISK for Table:deletedBlocks
2019-09-06 01:41:07,621 [main] INFO  db.DBStoreBuilder (DBStoreBuilder.java:addTable(110)) - using custom profile for table: validCerts
2019-09-06 01:41:07,621 [main] INFO  db.DBStoreBuilder (DBStoreBuilder.java:processTables(161)) - Using default column profile:DBProfile.DISK for Table:validCerts
2019-09-06 01:41:07,621 [main] INFO  db.DBStoreBuilder (DBStoreBuilder.java:addTable(110)) - using custom profile for table: revokedCerts
2019-09-06 01:41:07,621 [main] INFO  db.DBStoreBuilder (DBStoreBuilder.java:processTables(161)) - Using default column profile:DBProfile.DISK for Table:revokedCerts
2019-09-06 01:41:07,622 [main] INFO  db.DBStoreBuilder (DBStoreBuilder.java:addTable(110)) - using custom profile for table: default
2019-09-06 01:41:07,622 [main] INFO  db.DBStoreBuilder (DBStoreBuilder.java:processTables(167)) - Using default column profile:DBProfile.DISK for Table:default
2019-09-06 01:41:07,622 [main] INFO  db.DBStoreBuilder (DBStoreBuilder.java:getDbProfile(198)) - Using default options. DBProfile.DISK
2019-09-06 01:41:07,894 [main] INFO  net.NodeSchemaLoader (NodeSchemaLoader.java:loadSchemaFromFile(125)) - Loading file from sun.misc.CompoundEnumeration@582e9152
2019-09-06 01:41:07,894 [main] INFO  net.NodeSchemaLoader (NodeSchemaLoader.java:loadSchema(171)) - Loading network topology layer schema file
2019-09-06 01:41:07,901 [main] INFO  node.SCMNodeManager (SCMNodeManager.java:<init>(114)) - Entering startup safe mode.
2019-09-06 01:41:07,902 [main] INFO  algorithms.ContainerPlacementPolicyFactory (ContainerPlacementPolicyFactory.java:getPolicy(55)) - Create container placement policy of type org.apache.hadoop.hdds.scm.container.placement.algorithms.SCMContainerPlacementRandom
2019-09-06 01:41:07,902 [main] WARN  server.ServerUtils (ServerUtils.java:getScmDbDir(145)) - ozone.scm.db.dirs is not configured. We recommend adding this setting. Falling back to ozone.metadata.dirs instead.
2019-09-06 01:41:08,003 [main] INFO  pipeline.SCMPipelineManager (SCMPipelineManager.java:initializePipelineState(126)) - No pipeline exists in current db
2019-09-06 01:41:08,003 [main] WARN  server.ServerUtils (ServerUtils.java:getScmDbDir(145)) - ozone.scm.db.dirs is not configured. We recommend adding this setting. Falling back to ozone.metadata.dirs instead.
2019-09-06 01:41:08,116 [main] WARN  events.EventQueue (EventQueue.java:fireEvent(183)) - No event handler registered for event TypedEvent{payloadType=SafeModeStatus, name='SafeModeStatus'}
2019-09-06 01:41:08,117 [main] INFO  ipc.CallQueueManager (CallQueueManager.java:<init>(84)) - Using callQueue: class java.util.concurrent.LinkedBlockingQueue, queueCapacity: 2000, scheduler: class org.apache.hadoop.ipc.DefaultRpcScheduler, ipcBackoff: false.
2019-09-06 01:41:08,118 [Socket Reader #1 for port 34432] INFO  ipc.Server (Server.java:run(1074)) - Starting Socket Reader #1 for port 34432
2019-09-06 01:41:08,120 [main] INFO  ipc.CallQueueManager (CallQueueManager.java:<init>(84)) - Using callQueue: class java.util.concurrent.LinkedBlockingQueue, queueCapacity: 2000, scheduler: class org.apache.hadoop.ipc.DefaultRpcScheduler, ipcBackoff: false.
2019-09-06 01:41:08,120 [Socket Reader #1 for port 41161] INFO  ipc.Server (Server.java:run(1074)) - Starting Socket Reader #1 for port 41161
2019-09-06 01:41:08,122 [main] INFO  ipc.CallQueueManager (CallQueueManager.java:<init>(84)) - Using callQueue: class java.util.concurrent.LinkedBlockingQueue, queueCapacity: 2000, scheduler: class org.apache.hadoop.ipc.DefaultRpcScheduler, ipcBackoff: false.
2019-09-06 01:41:08,122 [Socket Reader #1 for port 40416] INFO  ipc.Server (Server.java:run(1074)) - Starting Socket Reader #1 for port 40416
2019-09-06 01:41:08,124 [main] INFO  hdfs.DFSUtil (DFSUtil.java:httpServerTemplateForNNAndJN(1641)) - Starting Web-server for scm at: http://0.0.0.0:0
2019-09-06 01:41:08,126 [main] INFO  server.AuthenticationFilter (AuthenticationFilter.java:constructSecretProvider(240)) - Unable to initialize FileSignerSecretProvider, falling back to use random secrets.
2019-09-06 01:41:08,126 [main] WARN  http.HttpRequestLog (HttpRequestLog.java:getRequestLog(97)) - Jetty request log can only be enabled using Log4j
2019-09-06 01:41:08,128 [main] INFO  http.HttpServer2 (HttpServer2.java:addGlobalFilter(975)) - Added global filter 'safety' (class=org.apache.hadoop.http.HttpServer2$QuotingInputFilter)
2019-09-06 01:41:08,128 [main] INFO  http.HttpServer2 (HttpServer2.java:addFilter(948)) - Added filter static_user_filter (class=org.apache.hadoop.http.lib.StaticUserWebFilter$StaticUserFilter) to context scm
2019-09-06 01:41:08,128 [main] INFO  http.HttpServer2 (HttpServer2.java:addFilter(958)) - Added filter static_user_filter (class=org.apache.hadoop.http.lib.StaticUserWebFilter$StaticUserFilter) to context static
2019-09-06 01:41:08,128 [main] INFO  http.HttpServer2 (HttpServer2.java:addFilter(958)) - Added filter static_user_filter (class=org.apache.hadoop.http.lib.StaticUserWebFilter$StaticUserFilter) to context logs
2019-09-06 01:41:08,130 [main] INFO  server.StorageContainerManager (StorageContainerManager.java:start(759)) - StorageContainerLocationProtocol RPC server is listening at /0.0.0.0:40416
2019-09-06 01:41:08,132 [main] WARN  impl.MetricsConfig (MetricsConfig.java:loadFirst(134)) - Cannot locate configuration: tried hadoop-metrics2-storagecontainermanager.properties,hadoop-metrics2.properties
2019-09-06 01:41:08,133 [main] INFO  impl.MetricsSystemImpl (MetricsSystemImpl.java:startTimer(374)) - Scheduled Metric snapshot period at 10 second(s).
2019-09-06 01:41:08,133 [main] INFO  impl.MetricsSystemImpl (MetricsSystemImpl.java:start(191)) - StorageContainerManager metrics system started
2019-09-06 01:41:08,154 [main] WARN  impl.MetricsSystemImpl (MetricsSystemImpl.java:register(276)) - Sink prometheus already exists!
2019-09-06 01:41:08,183 [main] INFO  server.SCMClientProtocolServer (SCMClientProtocolServer.java:start(151)) - RPC server for Client  is listening at /0.0.0.0:40416
2019-09-06 01:41:08,184 [IPC Server Responder] INFO  ipc.Server (Server.java:run(1314)) - IPC Server Responder: starting
2019-09-06 01:41:08,184 [IPC Server listener on 40416] INFO  ipc.Server (Server.java:run(1153)) - IPC Server listener on 40416: starting
2019-09-06 01:41:08,187 [main] INFO  server.StorageContainerManager (StorageContainerManager.java:start(769)) - ScmBlockLocationProtocol RPC server is listening at /0.0.0.0:41161
2019-09-06 01:41:08,187 [main] INFO  server.SCMBlockProtocolServer (SCMBlockProtocolServer.java:start(146)) - RPC server for Block Protocol is listening at /0.0.0.0:41161
2019-09-06 01:41:08,187 [IPC Server Responder] INFO  ipc.Server (Server.java:run(1314)) - IPC Server Responder: starting
2019-09-06 01:41:08,187 [IPC Server listener on 41161] INFO  ipc.Server (Server.java:run(1153)) - IPC Server listener on 41161: starting
2019-09-06 01:41:08,190 [main] INFO  server.StorageContainerManager (StorageContainerManager.java:start(773)) - ScmDatanodeProtocl RPC server is listening at /0.0.0.0:34432
2019-09-06 01:41:08,190 [main] INFO  server.SCMDatanodeProtocolServer (SCMDatanodeProtocolServer.java:start(191)) - RPC server for DataNodes is listening at /0.0.0.0:34432
2019-09-06 01:41:08,191 [IPC Server Responder] INFO  ipc.Server (Server.java:run(1314)) - IPC Server Responder: starting
2019-09-06 01:41:08,191 [IPC Server listener on 34432] INFO  ipc.Server (Server.java:run(1153)) - IPC Server listener on 34432: starting
2019-09-06 01:41:08,193 [main] INFO  http.HttpServer2 (HttpServer2.java:bindListener(1191)) - Jetty bound to port 39221
2019-09-06 01:41:08,193 [main] INFO  server.Server (Server.java:doStart(351)) - jetty-9.3.24.v20180605, build timestamp: 2018-06-05T17:11:56Z, git hash: 84205aa28f11a4f31f2a3b86d1bba2cc8ab69827
2019-09-06 01:41:08,195 [main] INFO  handler.ContextHandler (ContextHandler.java:doStart(781)) - Started o.e.j.s.ServletContextHandler@15d114ce{/logs,file:///workdir/hadoop-ozone/integration-test/target/log,AVAILABLE}
2019-09-06 01:41:08,195 [main] INFO  handler.ContextHandler (ContextHandler.java:doStart(781)) - Started o.e.j.s.ServletContextHandler@b5aa65b{/static,file:///workdir/hadoop-ozone/integration-test/target/test-classes/webapps/static,AVAILABLE}
2019-09-06 01:41:08,199 [main] INFO  handler.ContextHandler (ContextHandler.java:doStart(781)) - Started o.e.j.w.WebAppContext@e62319f{/,file:///workdir/hadoop-ozone/integration-test/target/test-classes/webapps/scm/,AVAILABLE}{/scm}
2019-09-06 01:41:08,200 [main] INFO  server.AbstractConnector (AbstractConnector.java:doStart(278)) - Started ServerConnector@4d354a3e{HTTP/1.1,[http/1.1]}{0.0.0.0:39221}
2019-09-06 01:41:08,200 [main] INFO  server.Server (Server.java:doStart(419)) - Started @530618ms
2019-09-06 01:41:08,200 [main] WARN  impl.MetricsSystemImpl (MetricsSystemImpl.java:register(276)) - Sink prometheus already exists!
2019-09-06 01:41:08,201 [main] INFO  server.BaseHttpServer (BaseHttpServer.java:updateConnectorAddress(215)) - HTTP server of SCM is listening at http://0.0.0.0:39221
2019-09-06 01:41:08,202 [main] WARN  server.ServerUtils (ServerUtils.java:getDBPath(222)) - ozone.om.db.dirs is not configured. We recommend adding this setting. Falling back to ozone.metadata.dirs instead.
2019-09-06 01:41:08,203 [org.apache.hadoop.util.JvmPauseMonitor$Monitor@604d28c6] INFO  util.JvmPauseMonitor (JvmPauseMonitor.java:run(188)) - Starting JVM pause monitor
2019-09-06 01:41:08,227 [main] WARN  server.ServerUtils (ServerUtils.java:getDBPath(222)) - ozone.om.db.dirs is not configured. We recommend adding this setting. Falling back to ozone.metadata.dirs instead.
2019-09-06 01:41:08,227 [main] WARN  server.ServerUtils (ServerUtils.java:getDBPath(222)) - ozone.om.db.dirs is not configured. We recommend adding this setting. Falling back to ozone.metadata.dirs instead.
2019-09-06 01:41:08,227 [main] INFO  om.OzoneManager (OzoneManager.java:setOMNodeDetails(649)) - OM Service ID is not set. Setting it to the default ID: omServiceIdDefault
2019-09-06 01:41:08,227 [main] INFO  om.OzoneManager (OzoneManager.java:setOMNodeDetails(655)) - OM Node ID is not set. Setting it to the OmStorage's OmID: c118a5fd-9bf3-47a7-b11f-3f9ca5efe7ad
2019-09-06 01:41:08,228 [main] INFO  om.OzoneManager (OzoneManager.java:loadOMHAConfigs(606)) - Found matching OM address with OMServiceId: null, OMNodeId: null, RPC Address: localhost:0 and Ratis port: 9872
2019-09-06 01:41:08,232 [main] WARN  server.ServerUtils (ServerUtils.java:getDBPath(222)) - ozone.om.db.dirs is not configured. We recommend adding this setting. Falling back to ozone.metadata.dirs instead.
2019-09-06 01:41:08,233 [main] INFO  db.DBStoreBuilder (DBStoreBuilder.java:addTable(110)) - using custom profile for table: userTable
2019-09-06 01:41:08,233 [main] INFO  db.DBStoreBuilder (DBStoreBuilder.java:processTables(161)) - Using default column profile:DBProfile.DISK for Table:userTable
2019-09-06 01:41:08,233 [main] INFO  db.DBStoreBuilder (DBStoreBuilder.java:addTable(110)) - using custom profile for table: volumeTable
2019-09-06 01:41:08,233 [main] INFO  db.DBStoreBuilder (DBStoreBuilder.java:processTables(161)) - Using default column profile:DBProfile.DISK for Table:volumeTable
2019-09-06 01:41:08,233 [main] INFO  db.DBStoreBuilder (DBStoreBuilder.java:addTable(110)) - using custom profile for table: bucketTable
2019-09-06 01:41:08,234 [main] INFO  db.DBStoreBuilder (DBStoreBuilder.java:processTables(161)) - Using default column profile:DBProfile.DISK for Table:bucketTable
2019-09-06 01:41:08,234 [main] INFO  db.DBStoreBuilder (DBStoreBuilder.java:addTable(110)) - using custom profile for table: keyTable
2019-09-06 01:41:08,234 [main] INFO  db.DBStoreBuilder (DBStoreBuilder.java:processTables(161)) - Using default column profile:DBProfile.DISK for Table:keyTable
2019-09-06 01:41:08,234 [main] INFO  db.DBStoreBuilder (DBStoreBuilder.java:addTable(110)) - using custom profile for table: deletedTable
2019-09-06 01:41:08,234 [main] INFO  db.DBStoreBuilder (DBStoreBuilder.java:processTables(161)) - Using default column profile:DBProfile.DISK for Table:deletedTable
2019-09-06 01:41:08,234 [main] INFO  db.DBStoreBuilder (DBStoreBuilder.java:addTable(110)) - using custom profile for table: openKeyTable
2019-09-06 01:41:08,234 [main] INFO  db.DBStoreBuilder (DBStoreBuilder.java:processTables(161)) - Using default column profile:DBProfile.DISK for Table:openKeyTable
2019-09-06 01:41:08,235 [main] INFO  db.DBStoreBuilder (DBStoreBuilder.java:addTable(110)) - using custom profile for table: s3Table
2019-09-06 01:41:08,235 [main] INFO  db.DBStoreBuilder (DBStoreBuilder.java:processTables(161)) - Using default column profile:DBProfile.DISK for Table:s3Table
2019-09-06 01:41:08,235 [main] INFO  db.DBStoreBuilder (DBStoreBuilder.java:addTable(110)) - using custom profile for table: multipartInfoTable
2019-09-06 01:41:08,235 [main] INFO  db.DBStoreBuilder (DBStoreBuilder.java:processTables(161)) - Using default column profile:DBProfile.DISK for Table:multipartInfoTable
2019-09-06 01:41:08,235 [main] INFO  db.DBStoreBuilder (DBStoreBuilder.java:addTable(110)) - using custom profile for table: dTokenTable
2019-09-06 01:41:08,235 [main] INFO  db.DBStoreBuilder (DBStoreBuilder.java:processTables(161)) - Using default column profile:DBProfile.DISK for Table:dTokenTable
2019-09-06 01:41:08,236 [main] INFO  db.DBStoreBuilder (DBStoreBuilder.java:addTable(110)) - using custom profile for table: s3SecretTable
2019-09-06 01:41:08,236 [main] INFO  db.DBStoreBuilder (DBStoreBuilder.java:processTables(161)) - Using default column profile:DBProfile.DISK for Table:s3SecretTable
2019-09-06 01:41:08,236 [main] INFO  db.DBStoreBuilder (DBStoreBuilder.java:addTable(110)) - using custom profile for table: prefixTable
2019-09-06 01:41:08,236 [main] INFO  db.DBStoreBuilder (DBStoreBuilder.java:processTables(161)) - Using default column profile:DBProfile.DISK for Table:prefixTable
2019-09-06 01:41:08,236 [main] INFO  db.DBStoreBuilder (DBStoreBuilder.java:addTable(110)) - using custom profile for table: default
2019-09-06 01:41:08,236 [main] INFO  db.DBStoreBuilder (DBStoreBuilder.java:processTables(167)) - Using default column profile:DBProfile.DISK for Table:default
2019-09-06 01:41:08,236 [main] INFO  db.DBStoreBuilder (DBStoreBuilder.java:getDbProfile(198)) - Using default options. DBProfile.DISK
2019-09-06 01:41:09,136 [main] INFO  ipc.CallQueueManager (CallQueueManager.java:<init>(84)) - Using callQueue: class java.util.concurrent.LinkedBlockingQueue, queueCapacity: 2000, scheduler: class org.apache.hadoop.ipc.DefaultRpcScheduler, ipcBackoff: false.
2019-09-06 01:41:09,137 [Socket Reader #1 for port 41773] INFO  ipc.Server (Server.java:run(1074)) - Starting Socket Reader #1 for port 41773
2019-09-06 01:41:09,150 [main] INFO  om.OzoneManager (OzoneManager.java:start(1240)) - OzoneManager RPC server is listening at localhost/127.0.0.1:41773
2019-09-06 01:41:09,151 [main] INFO  impl.MetricsSystemImpl (MetricsSystemImpl.java:init(158)) - OzoneManager metrics system started (again)
2019-09-06 01:41:09,151 [IPC Server Responder] INFO  ipc.Server (Server.java:run(1314)) - IPC Server Responder: starting
2019-09-06 01:41:09,152 [IPC Server listener on 41773] INFO  ipc.Server (Server.java:run(1153)) - IPC Server listener on 41773: starting
2019-09-06 01:41:09,156 [main] INFO  hdfs.DFSUtil (DFSUtil.java:httpServerTemplateForNNAndJN(1641)) - Starting Web-server for ozoneManager at: http://0.0.0.0:0
2019-09-06 01:41:09,157 [main] INFO  server.AuthenticationFilter (AuthenticationFilter.java:constructSecretProvider(240)) - Unable to initialize FileSignerSecretProvider, falling back to use random secrets.
2019-09-06 01:41:09,158 [main] WARN  http.HttpRequestLog (HttpRequestLog.java:getRequestLog(97)) - Jetty request log can only be enabled using Log4j
2019-09-06 01:41:09,159 [main] INFO  http.HttpServer2 (HttpServer2.java:addGlobalFilter(975)) - Added global filter 'safety' (class=org.apache.hadoop.http.HttpServer2$QuotingInputFilter)
2019-09-06 01:41:09,159 [main] INFO  http.HttpServer2 (HttpServer2.java:addFilter(948)) - Added filter static_user_filter (class=org.apache.hadoop.http.lib.StaticUserWebFilter$StaticUserFilter) to context ozoneManager
2019-09-06 01:41:09,159 [main] INFO  http.HttpServer2 (HttpServer2.java:addFilter(958)) - Added filter static_user_filter (class=org.apache.hadoop.http.lib.StaticUserWebFilter$StaticUserFilter) to context logs
2019-09-06 01:41:09,160 [main] INFO  http.HttpServer2 (HttpServer2.java:addFilter(958)) - Added filter static_user_filter (class=org.apache.hadoop.http.lib.StaticUserWebFilter$StaticUserFilter) to context static
2019-09-06 01:41:09,160 [main] INFO  http.HttpServer2 (HttpServer2.java:bindListener(1191)) - Jetty bound to port 46676
2019-09-06 01:41:09,160 [main] INFO  server.Server (Server.java:doStart(351)) - jetty-9.3.24.v20180605, build timestamp: 2018-06-05T17:11:56Z, git hash: 84205aa28f11a4f31f2a3b86d1bba2cc8ab69827
2019-09-06 01:41:09,162 [main] INFO  handler.ContextHandler (ContextHandler.java:doStart(781)) - Started o.e.j.s.ServletContextHandler@1118d539{/logs,file:///workdir/hadoop-ozone/integration-test/target/log,AVAILABLE}
2019-09-06 01:41:09,162 [main] INFO  handler.ContextHandler (ContextHandler.java:doStart(781)) - Started o.e.j.s.ServletContextHandler@76216830{/static,file:///workdir/hadoop-ozone/integration-test/target/test-classes/webapps/static,AVAILABLE}
2019-09-06 01:41:09,165 [main] INFO  handler.ContextHandler (ContextHandler.java:doStart(781)) - Started o.e.j.w.WebAppContext@7c588adc{/,file:///workdir/hadoop-ozone/integration-test/target/test-classes/webapps/ozoneManager/,AVAILABLE}{/ozoneManager}
2019-09-06 01:41:09,166 [main] INFO  server.AbstractConnector (AbstractConnector.java:doStart(278)) - Started ServerConnector@33ec2c0c{HTTP/1.1,[http/1.1]}{0.0.0.0:46676}
2019-09-06 01:41:09,166 [main] INFO  server.Server (Server.java:doStart(419)) - Started @531583ms
2019-09-06 01:41:09,167 [main] WARN  impl.MetricsSystemImpl (MetricsSystemImpl.java:register(276)) - Sink prometheus already exists!
2019-09-06 01:41:09,168 [main] INFO  server.BaseHttpServer (BaseHttpServer.java:updateConnectorAddress(215)) - HTTP server of OZONEMANAGER is listening at http://0.0.0.0:46676
2019-09-06 01:41:09,179 [main] INFO  impl.MetricsSystemImpl (MetricsSystemImpl.java:init(158)) - HddsDatanode metrics system started (again)
2019-09-06 01:41:09,181 [main] INFO  ozone.HddsDatanodeService (HddsDatanodeService.java:start(184)) - HddsDatanodeService host:pr-hdds-2015-4zh84-2711163145 ip:192.168.5.177
2019-09-06 01:41:09,187 [main] INFO  volume.HddsVolume (HddsVolume.java:<init>(176)) - Creating Volume: /workdir/hadoop-ozone/integration-test/target/test-dir/MiniOzoneClusterImpl-fa83d308-25e6-4772-bfe6-42db08352842/datanode-0/data/containers/hdds of  storage type : DISK and capacity : 1482555576320
2019-09-06 01:41:09,187 [main] INFO  volume.VolumeSet (VolumeSet.java:initializeVolumeSet(170)) - Added Volume : /workdir/hadoop-ozone/integration-test/target/test-dir/MiniOzoneClusterImpl-fa83d308-25e6-4772-bfe6-42db08352842/datanode-0/data/containers/hdds to VolumeSet
2019-09-06 01:41:09,187 [main] INFO  volume.ThrottledAsyncChecker (ThrottledAsyncChecker.java:schedule(140)) - Scheduling a check for org.apache.hadoop.ozone.container.common.volume.HddsVolume@7ccd611e
2019-09-06 01:41:09,188 [main] INFO  volume.HddsVolumeChecker (HddsVolumeChecker.java:checkAllVolumes(203)) - Scheduled health check for volume org.apache.hadoop.ozone.container.common.volume.HddsVolume@7ccd611e
2019-09-06 01:41:09,201 [main] INFO  impl.RaftServerProxy (ConfUtils.java:logGet(43)) - raft.rpc.type = GRPC (default)
2019-09-06 01:41:09,201 [main] INFO  grpc.GrpcFactory (GrpcFactory.java:checkPooledByteBufAllocatorUseCacheForAllThreads(45)) - PERFORMANCE WARNING: useCacheForAllThreads is true that may cause Netty to create a lot garbage objects and, as a result, trigger GC.
	It is recommended to disable useCacheForAllThreads by setting -Dorg.apache.ratis.thirdparty.io.netty.allocator.useCacheForAllThreads=false in command line.
2019-09-06 01:41:09,202 [main] INFO  grpc.GrpcConfigKeys$Server (ConfUtils.java:logGet(43)) - raft.grpc.server.port = 0 (default)
2019-09-06 01:41:09,202 [main] INFO  server.GrpcService (ConfUtils.java:logGet(43)) - raft.grpc.message.size.max = 33570816 (custom)
2019-09-06 01:41:09,202 [main] INFO  server.RaftServerConfigKeys (ConfUtils.java:logGet(43)) - raft.server.log.appender.buffer.byte-limit = 33554432 (custom)
2019-09-06 01:41:09,202 [main] INFO  server.GrpcService (ConfUtils.java:logGet(43)) - raft.grpc.flow.control.window = 1MB (=1048576) (default)
2019-09-06 01:41:09,202 [main] INFO  server.RaftServerConfigKeys (ConfUtils.java:logGet(43)) - raft.server.rpc.request.timeout = 3000ms (default)
2019-09-06 01:41:09,203 [main] INFO  server.RaftServerConfigKeys (ConfUtils.java:logGet(43)) - raft.server.storage.dir = [/workdir/hadoop-ozone/integration-test/target/test-dir/MiniOzoneClusterImpl-fa83d308-25e6-4772-bfe6-42db08352842/datanode-0/data/ratis] (custom)
2019-09-06 01:41:09,204 [main] INFO  hdfs.DFSUtil (DFSUtil.java:httpServerTemplateForNNAndJN(1641)) - Starting Web-server for hddsDatanode at: http://0.0.0.0:0
2019-09-06 01:41:09,205 [main] INFO  server.AuthenticationFilter (AuthenticationFilter.java:constructSecretProvider(240)) - Unable to initialize FileSignerSecretProvider, falling back to use random secrets.
2019-09-06 01:41:09,206 [main] WARN  http.HttpRequestLog (HttpRequestLog.java:getRequestLog(97)) - Jetty request log can only be enabled using Log4j
2019-09-06 01:41:09,207 [main] INFO  http.HttpServer2 (HttpServer2.java:addGlobalFilter(975)) - Added global filter 'safety' (class=org.apache.hadoop.http.HttpServer2$QuotingInputFilter)
2019-09-06 01:41:09,207 [main] INFO  http.HttpServer2 (HttpServer2.java:addFilter(948)) - Added filter static_user_filter (class=org.apache.hadoop.http.lib.StaticUserWebFilter$StaticUserFilter) to context hddsDatanode
2019-09-06 01:41:09,207 [main] INFO  http.HttpServer2 (HttpServer2.java:addFilter(958)) - Added filter static_user_filter (class=org.apache.hadoop.http.lib.StaticUserWebFilter$StaticUserFilter) to context static
2019-09-06 01:41:09,207 [main] INFO  http.HttpServer2 (HttpServer2.java:addFilter(958)) - Added filter static_user_filter (class=org.apache.hadoop.http.lib.StaticUserWebFilter$StaticUserFilter) to context logs
2019-09-06 01:41:09,208 [main] INFO  http.HttpServer2 (HttpServer2.java:bindListener(1191)) - Jetty bound to port 40056
2019-09-06 01:41:09,208 [main] INFO  server.Server (Server.java:doStart(351)) - jetty-9.3.24.v20180605, build timestamp: 2018-06-05T17:11:56Z, git hash: 84205aa28f11a4f31f2a3b86d1bba2cc8ab69827
2019-09-06 01:41:09,210 [main] INFO  handler.ContextHandler (ContextHandler.java:doStart(781)) - Started o.e.j.s.ServletContextHandler@382d71c7{/logs,file:///workdir/hadoop-ozone/integration-test/target/log,AVAILABLE}
2019-09-06 01:41:09,210 [main] INFO  handler.ContextHandler (ContextHandler.java:doStart(781)) - Started o.e.j.s.ServletContextHandler@34a20f16{/static,jar:file:/home/user/.m2/repository/org/apache/hadoop/hadoop-hdds-container-service/0.5.0-SNAPSHOT/hadoop-hdds-container-service-0.5.0-SNAPSHOT.jar!/webapps/static,AVAILABLE}
2019-09-06 01:41:09,238 [main] INFO  handler.ContextHandler (ContextHandler.java:doStart(781)) - Started o.e.j.w.WebAppContext@285a4fe3{/,file:///tmp/jetty-0.0.0.0-40056-hddsDatanode-_-any-6553896263675576892.dir/webapp/,AVAILABLE}{/hddsDatanode}
2019-09-06 01:41:09,239 [main] INFO  server.AbstractConnector (AbstractConnector.java:doStart(278)) - Started ServerConnector@2589d787{HTTP/1.1,[http/1.1]}{0.0.0.0:40056}
2019-09-06 01:41:09,239 [main] INFO  server.Server (Server.java:doStart(419)) - Started @531656ms
2019-09-06 01:41:09,240 [main] WARN  impl.MetricsSystemImpl (MetricsSystemImpl.java:register(276)) - Sink prometheus already exists!
2019-09-06 01:41:09,241 [main] INFO  server.BaseHttpServer (BaseHttpServer.java:updateConnectorAddress(215)) - HTTP server of HDDSDATANODE is listening at http://0.0.0.0:40056
2019-09-06 01:41:09,241 [main] INFO  impl.MetricsSystemImpl (MetricsSystemImpl.java:init(158)) - HddsDatanode metrics system started (again)
2019-09-06 01:41:09,243 [main] INFO  ozone.HddsDatanodeService (HddsDatanodeService.java:start(184)) - HddsDatanodeService host:pr-hdds-2015-4zh84-2711163145 ip:192.168.5.177
2019-09-06 01:41:09,244 [org.apache.hadoop.util.JvmPauseMonitor$Monitor@61279e57] INFO  util.JvmPauseMonitor (JvmPauseMonitor.java:run(188)) - Starting JVM pause monitor
2019-09-06 01:41:09,245 [Datanode State Machine Thread - 0] INFO  datanode.InitDatanodeState (InitDatanodeState.java:persistContainerDatanodeDetails(140)) - DatanodeDetails is persisted to /workdir/hadoop-ozone/integration-test/target/test-dir/MiniOzoneClusterImpl-fa83d308-25e6-4772-bfe6-42db08352842/datanode-0/meta/datanode.id
2019-09-06 01:41:09,249 [main] INFO  volume.HddsVolume (HddsVolume.java:<init>(176)) - Creating Volume: /workdir/hadoop-ozone/integration-test/target/test-dir/MiniOzoneClusterImpl-fa83d308-25e6-4772-bfe6-42db08352842/datanode-1/data/containers/hdds of  storage type : DISK and capacity : 1482555576320
2019-09-06 01:41:09,249 [main] INFO  volume.VolumeSet (VolumeSet.java:initializeVolumeSet(170)) - Added Volume : /workdir/hadoop-ozone/integration-test/target/test-dir/MiniOzoneClusterImpl-fa83d308-25e6-4772-bfe6-42db08352842/datanode-1/data/containers/hdds to VolumeSet
2019-09-06 01:41:09,250 [main] INFO  volume.ThrottledAsyncChecker (ThrottledAsyncChecker.java:schedule(140)) - Scheduling a check for org.apache.hadoop.ozone.container.common.volume.HddsVolume@71936a92
2019-09-06 01:41:09,250 [main] INFO  volume.HddsVolumeChecker (HddsVolumeChecker.java:checkAllVolumes(203)) - Scheduled health check for volume org.apache.hadoop.ozone.container.common.volume.HddsVolume@71936a92
2019-09-06 01:41:09,265 [main] INFO  impl.RaftServerProxy (ConfUtils.java:logGet(43)) - raft.rpc.type = GRPC (default)
2019-09-06 01:41:09,265 [main] INFO  grpc.GrpcFactory (GrpcFactory.java:checkPooledByteBufAllocatorUseCacheForAllThreads(45)) - PERFORMANCE WARNING: useCacheForAllThreads is true that may cause Netty to create a lot garbage objects and, as a result, trigger GC.
	It is recommended to disable useCacheForAllThreads by setting -Dorg.apache.ratis.thirdparty.io.netty.allocator.useCacheForAllThreads=false in command line.
2019-09-06 01:41:09,266 [main] INFO  grpc.GrpcConfigKeys$Server (ConfUtils.java:logGet(43)) - raft.grpc.server.port = 0 (default)
2019-09-06 01:41:09,266 [main] INFO  server.GrpcService (ConfUtils.java:logGet(43)) - raft.grpc.message.size.max = 33570816 (custom)
2019-09-06 01:41:09,266 [main] INFO  server.RaftServerConfigKeys (ConfUtils.java:logGet(43)) - raft.server.log.appender.buffer.byte-limit = 33554432 (custom)
2019-09-06 01:41:09,266 [main] INFO  server.GrpcService (ConfUtils.java:logGet(43)) - raft.grpc.flow.control.window = 1MB (=1048576) (default)
2019-09-06 01:41:09,266 [main] INFO  server.RaftServerConfigKeys (ConfUtils.java:logGet(43)) - raft.server.rpc.request.timeout = 3000ms (default)
2019-09-06 01:41:09,267 [main] INFO  server.RaftServerConfigKeys (ConfUtils.java:logGet(43)) - raft.server.storage.dir = [/workdir/hadoop-ozone/integration-test/target/test-dir/MiniOzoneClusterImpl-fa83d308-25e6-4772-bfe6-42db08352842/datanode-1/data/ratis] (custom)
2019-09-06 01:41:09,268 [main] INFO  hdfs.DFSUtil (DFSUtil.java:httpServerTemplateForNNAndJN(1641)) - Starting Web-server for hddsDatanode at: http://0.0.0.0:0
2019-09-06 01:41:09,270 [main] INFO  server.AuthenticationFilter (AuthenticationFilter.java:constructSecretProvider(240)) - Unable to initialize FileSignerSecretProvider, falling back to use random secrets.
2019-09-06 01:41:09,270 [main] WARN  http.HttpRequestLog (HttpRequestLog.java:getRequestLog(97)) - Jetty request log can only be enabled using Log4j
2019-09-06 01:41:09,272 [main] INFO  http.HttpServer2 (HttpServer2.java:addGlobalFilter(975)) - Added global filter 'safety' (class=org.apache.hadoop.http.HttpServer2$QuotingInputFilter)
2019-09-06 01:41:09,272 [main] INFO  http.HttpServer2 (HttpServer2.java:addFilter(948)) - Added filter static_user_filter (class=org.apache.hadoop.http.lib.StaticUserWebFilter$StaticUserFilter) to context hddsDatanode
2019-09-06 01:41:09,272 [main] INFO  http.HttpServer2 (HttpServer2.java:addFilter(958)) - Added filter static_user_filter (class=org.apache.hadoop.http.lib.StaticUserWebFilter$StaticUserFilter) to context logs
2019-09-06 01:41:09,272 [main] INFO  http.HttpServer2 (HttpServer2.java:addFilter(958)) - Added filter static_user_filter (class=org.apache.hadoop.http.lib.StaticUserWebFilter$StaticUserFilter) to context static
2019-09-06 01:41:09,273 [main] INFO  http.HttpServer2 (HttpServer2.java:bindListener(1191)) - Jetty bound to port 42845
2019-09-06 01:41:09,273 [main] INFO  server.Server (Server.java:doStart(351)) - jetty-9.3.24.v20180605, build timestamp: 2018-06-05T17:11:56Z, git hash: 84205aa28f11a4f31f2a3b86d1bba2cc8ab69827
2019-09-06 01:41:09,275 [main] INFO  handler.ContextHandler (ContextHandler.java:doStart(781)) - Started o.e.j.s.ServletContextHandler@48d739f{/logs,file:///workdir/hadoop-ozone/integration-test/target/log,AVAILABLE}
2019-09-06 01:41:09,276 [main] INFO  handler.ContextHandler (ContextHandler.java:doStart(781)) - Started o.e.j.s.ServletContextHandler@65cc5252{/static,jar:file:/home/user/.m2/repository/org/apache/hadoop/hadoop-hdds-container-service/0.5.0-SNAPSHOT/hadoop-hdds-container-service-0.5.0-SNAPSHOT.jar!/webapps/static,AVAILABLE}
2019-09-06 01:41:09,304 [main] INFO  handler.ContextHandler (ContextHandler.java:doStart(781)) - Started o.e.j.w.WebAppContext@3caee3a8{/,file:///tmp/jetty-0.0.0.0-42845-hddsDatanode-_-any-2424919413997058673.dir/webapp/,AVAILABLE}{/hddsDatanode}
2019-09-06 01:41:09,304 [main] INFO  server.AbstractConnector (AbstractConnector.java:doStart(278)) - Started ServerConnector@69a40b3c{HTTP/1.1,[http/1.1]}{0.0.0.0:42845}
2019-09-06 01:41:09,305 [main] INFO  server.Server (Server.java:doStart(419)) - Started @531723ms
2019-09-06 01:41:09,306 [main] WARN  impl.MetricsSystemImpl (MetricsSystemImpl.java:register(276)) - Sink prometheus already exists!
2019-09-06 01:41:09,308 [main] INFO  server.BaseHttpServer (BaseHttpServer.java:updateConnectorAddress(215)) - HTTP server of HDDSDATANODE is listening at http://0.0.0.0:42845
2019-09-06 01:41:09,308 [main] INFO  impl.MetricsSystemImpl (MetricsSystemImpl.java:init(158)) - HddsDatanode metrics system started (again)
2019-09-06 01:41:09,310 [main] INFO  ozone.HddsDatanodeService (HddsDatanodeService.java:start(184)) - HddsDatanodeService host:pr-hdds-2015-4zh84-2711163145 ip:192.168.5.177
2019-09-06 01:41:09,310 [org.apache.hadoop.util.JvmPauseMonitor$Monitor@b1e6205] INFO  util.JvmPauseMonitor (JvmPauseMonitor.java:run(188)) - Starting JVM pause monitor
2019-09-06 01:41:09,312 [Datanode State Machine Thread - 0] INFO  datanode.InitDatanodeState (InitDatanodeState.java:persistContainerDatanodeDetails(140)) - DatanodeDetails is persisted to /workdir/hadoop-ozone/integration-test/target/test-dir/MiniOzoneClusterImpl-fa83d308-25e6-4772-bfe6-42db08352842/datanode-1/meta/datanode.id
2019-09-06 01:41:09,316 [main] INFO  volume.HddsVolume (HddsVolume.java:<init>(176)) - Creating Volume: /workdir/hadoop-ozone/integration-test/target/test-dir/MiniOzoneClusterImpl-fa83d308-25e6-4772-bfe6-42db08352842/datanode-2/data/containers/hdds of  storage type : DISK and capacity : 1482555576320
2019-09-06 01:41:09,317 [main] INFO  volume.VolumeSet (VolumeSet.java:initializeVolumeSet(170)) - Added Volume : /workdir/hadoop-ozone/integration-test/target/test-dir/MiniOzoneClusterImpl-fa83d308-25e6-4772-bfe6-42db08352842/datanode-2/data/containers/hdds to VolumeSet
2019-09-06 01:41:09,317 [main] INFO  volume.ThrottledAsyncChecker (ThrottledAsyncChecker.java:schedule(140)) - Scheduling a check for org.apache.hadoop.ozone.container.common.volume.HddsVolume@599f1b7
2019-09-06 01:41:09,317 [main] INFO  volume.HddsVolumeChecker (HddsVolumeChecker.java:checkAllVolumes(203)) - Scheduled health check for volume org.apache.hadoop.ozone.container.common.volume.HddsVolume@599f1b7
2019-09-06 01:41:09,332 [main] INFO  impl.RaftServerProxy (ConfUtils.java:logGet(43)) - raft.rpc.type = GRPC (default)
2019-09-06 01:41:09,332 [main] INFO  grpc.GrpcFactory (GrpcFactory.java:checkPooledByteBufAllocatorUseCacheForAllThreads(45)) - PERFORMANCE WARNING: useCacheForAllThreads is true that may cause Netty to create a lot garbage objects and, as a result, trigger GC.
	It is recommended to disable useCacheForAllThreads by setting -Dorg.apache.ratis.thirdparty.io.netty.allocator.useCacheForAllThreads=false in command line.
2019-09-06 01:41:09,332 [main] INFO  grpc.GrpcConfigKeys$Server (ConfUtils.java:logGet(43)) - raft.grpc.server.port = 0 (default)
2019-09-06 01:41:09,332 [main] INFO  server.GrpcService (ConfUtils.java:logGet(43)) - raft.grpc.message.size.max = 33570816 (custom)
2019-09-06 01:41:09,333 [main] INFO  server.RaftServerConfigKeys (ConfUtils.java:logGet(43)) - raft.server.log.appender.buffer.byte-limit = 33554432 (custom)
2019-09-06 01:41:09,333 [main] INFO  server.GrpcService (ConfUtils.java:logGet(43)) - raft.grpc.flow.control.window = 1MB (=1048576) (default)
2019-09-06 01:41:09,333 [main] INFO  server.RaftServerConfigKeys (ConfUtils.java:logGet(43)) - raft.server.rpc.request.timeout = 3000ms (default)
2019-09-06 01:41:09,333 [main] INFO  server.RaftServerConfigKeys (ConfUtils.java:logGet(43)) - raft.server.storage.dir = [/workdir/hadoop-ozone/integration-test/target/test-dir/MiniOzoneClusterImpl-fa83d308-25e6-4772-bfe6-42db08352842/datanode-2/data/ratis] (custom)
2019-09-06 01:41:09,335 [main] INFO  hdfs.DFSUtil (DFSUtil.java:httpServerTemplateForNNAndJN(1641)) - Starting Web-server for hddsDatanode at: http://0.0.0.0:0
2019-09-06 01:41:09,337 [main] INFO  server.AuthenticationFilter (AuthenticationFilter.java:constructSecretProvider(240)) - Unable to initialize FileSignerSecretProvider, falling back to use random secrets.
2019-09-06 01:41:09,337 [main] WARN  http.HttpRequestLog (HttpRequestLog.java:getRequestLog(97)) - Jetty request log can only be enabled using Log4j
2019-09-06 01:41:09,339 [main] INFO  http.HttpServer2 (HttpServer2.java:addGlobalFilter(975)) - Added global filter 'safety' (class=org.apache.hadoop.http.HttpServer2$QuotingInputFilter)
2019-09-06 01:41:09,339 [main] INFO  http.HttpServer2 (HttpServer2.java:addFilter(948)) - Added filter static_user_filter (class=org.apache.hadoop.http.lib.StaticUserWebFilter$StaticUserFilter) to context hddsDatanode
2019-09-06 01:41:09,339 [main] INFO  http.HttpServer2 (HttpServer2.java:addFilter(958)) - Added filter static_user_filter (class=org.apache.hadoop.http.lib.StaticUserWebFilter$StaticUserFilter) to context logs
2019-09-06 01:41:09,339 [main] INFO  http.HttpServer2 (HttpServer2.java:addFilter(958)) - Added filter static_user_filter (class=org.apache.hadoop.http.lib.StaticUserWebFilter$StaticUserFilter) to context static
2019-09-06 01:41:09,340 [main] INFO  http.HttpServer2 (HttpServer2.java:bindListener(1191)) - Jetty bound to port 38469
2019-09-06 01:41:09,340 [main] INFO  server.Server (Server.java:doStart(351)) - jetty-9.3.24.v20180605, build timestamp: 2018-06-05T17:11:56Z, git hash: 84205aa28f11a4f31f2a3b86d1bba2cc8ab69827
2019-09-06 01:41:09,342 [main] INFO  handler.ContextHandler (ContextHandler.java:doStart(781)) - Started o.e.j.s.ServletContextHandler@350323a0{/logs,file:///workdir/hadoop-ozone/integration-test/target/log,AVAILABLE}
2019-09-06 01:41:09,342 [main] INFO  handler.ContextHandler (ContextHandler.java:doStart(781)) - Started o.e.j.s.ServletContextHandler@5d7dd549{/static,jar:file:/home/user/.m2/repository/org/apache/hadoop/hadoop-hdds-container-service/0.5.0-SNAPSHOT/hadoop-hdds-container-service-0.5.0-SNAPSHOT.jar!/webapps/static,AVAILABLE}
2019-09-06 01:41:09,369 [main] INFO  handler.ContextHandler (ContextHandler.java:doStart(781)) - Started o.e.j.w.WebAppContext@7d59e968{/,file:///tmp/jetty-0.0.0.0-38469-hddsDatanode-_-any-357604167400834933.dir/webapp/,AVAILABLE}{/hddsDatanode}
2019-09-06 01:41:09,370 [main] INFO  server.AbstractConnector (AbstractConnector.java:doStart(278)) - Started ServerConnector@55361f03{HTTP/1.1,[http/1.1]}{0.0.0.0:38469}
2019-09-06 01:41:09,370 [main] INFO  server.Server (Server.java:doStart(419)) - Started @531788ms
2019-09-06 01:41:09,371 [main] WARN  impl.MetricsSystemImpl (MetricsSystemImpl.java:register(276)) - Sink prometheus already exists!
2019-09-06 01:41:09,372 [main] INFO  server.BaseHttpServer (BaseHttpServer.java:updateConnectorAddress(215)) - HTTP server of HDDSDATANODE is listening at http://0.0.0.0:38469
2019-09-06 01:41:09,372 [main] INFO  impl.MetricsSystemImpl (MetricsSystemImpl.java:init(158)) - HddsDatanode metrics system started (again)
2019-09-06 01:41:09,375 [org.apache.hadoop.util.JvmPauseMonitor$Monitor@6ddd368d] INFO  util.JvmPauseMonitor (JvmPauseMonitor.java:run(188)) - Starting JVM pause monitor
2019-09-06 01:41:09,375 [main] INFO  ozone.HddsDatanodeService (HddsDatanodeService.java:start(184)) - HddsDatanodeService host:pr-hdds-2015-4zh84-2711163145 ip:192.168.5.177
2019-09-06 01:41:09,376 [Datanode State Machine Thread - 0] INFO  datanode.InitDatanodeState (InitDatanodeState.java:persistContainerDatanodeDetails(140)) - DatanodeDetails is persisted to /workdir/hadoop-ozone/integration-test/target/test-dir/MiniOzoneClusterImpl-fa83d308-25e6-4772-bfe6-42db08352842/datanode-2/meta/datanode.id
2019-09-06 01:41:09,381 [main] INFO  volume.HddsVolume (HddsVolume.java:<init>(176)) - Creating Volume: /workdir/hadoop-ozone/integration-test/target/test-dir/MiniOzoneClusterImpl-fa83d308-25e6-4772-bfe6-42db08352842/datanode-3/data/containers/hdds of  storage type : DISK and capacity : 1482555576320
2019-09-06 01:41:09,382 [main] INFO  volume.VolumeSet (VolumeSet.java:initializeVolumeSet(170)) - Added Volume : /workdir/hadoop-ozone/integration-test/target/test-dir/MiniOzoneClusterImpl-fa83d308-25e6-4772-bfe6-42db08352842/datanode-3/data/containers/hdds to VolumeSet
2019-09-06 01:41:09,382 [main] INFO  volume.ThrottledAsyncChecker (ThrottledAsyncChecker.java:schedule(140)) - Scheduling a check for org.apache.hadoop.ozone.container.common.volume.HddsVolume@4584304
2019-09-06 01:41:09,382 [main] INFO  volume.HddsVolumeChecker (HddsVolumeChecker.java:checkAllVolumes(203)) - Scheduled health check for volume org.apache.hadoop.ozone.container.common.volume.HddsVolume@4584304
2019-09-06 01:41:09,395 [main] INFO  impl.RaftServerProxy (ConfUtils.java:logGet(43)) - raft.rpc.type = GRPC (default)
2019-09-06 01:41:09,395 [main] INFO  grpc.GrpcFactory (GrpcFactory.java:checkPooledByteBufAllocatorUseCacheForAllThreads(45)) - PERFORMANCE WARNING: useCacheForAllThreads is true that may cause Netty to create a lot garbage objects and, as a result, trigger GC.
	It is recommended to disable useCacheForAllThreads by setting -Dorg.apache.ratis.thirdparty.io.netty.allocator.useCacheForAllThreads=false in command line.
2019-09-06 01:41:09,395 [main] INFO  grpc.GrpcConfigKeys$Server (ConfUtils.java:logGet(43)) - raft.grpc.server.port = 0 (default)
2019-09-06 01:41:09,396 [main] INFO  server.GrpcService (ConfUtils.java:logGet(43)) - raft.grpc.message.size.max = 33570816 (custom)
2019-09-06 01:41:09,396 [main] INFO  server.RaftServerConfigKeys (ConfUtils.java:logGet(43)) - raft.server.log.appender.buffer.byte-limit = 33554432 (custom)
2019-09-06 01:41:09,396 [main] INFO  server.GrpcService (ConfUtils.java:logGet(43)) - raft.grpc.flow.control.window = 1MB (=1048576) (default)
2019-09-06 01:41:09,396 [main] INFO  server.RaftServerConfigKeys (ConfUtils.java:logGet(43)) - raft.server.rpc.request.timeout = 3000ms (default)
2019-09-06 01:41:09,397 [main] INFO  server.RaftServerConfigKeys (ConfUtils.java:logGet(43)) - raft.server.storage.dir = [/workdir/hadoop-ozone/integration-test/target/test-dir/MiniOzoneClusterImpl-fa83d308-25e6-4772-bfe6-42db08352842/datanode-3/data/ratis] (custom)
2019-09-06 01:41:09,398 [main] INFO  hdfs.DFSUtil (DFSUtil.java:httpServerTemplateForNNAndJN(1641)) - Starting Web-server for hddsDatanode at: http://0.0.0.0:0
2019-09-06 01:41:09,399 [main] INFO  server.AuthenticationFilter (AuthenticationFilter.java:constructSecretProvider(240)) - Unable to initialize FileSignerSecretProvider, falling back to use random secrets.
2019-09-06 01:41:09,400 [main] WARN  http.HttpRequestLog (HttpRequestLog.java:getRequestLog(97)) - Jetty request log can only be enabled using Log4j
2019-09-06 01:41:09,401 [main] INFO  http.HttpServer2 (HttpServer2.java:addGlobalFilter(975)) - Added global filter 'safety' (class=org.apache.hadoop.http.HttpServer2$QuotingInputFilter)
2019-09-06 01:41:09,401 [main] INFO  http.HttpServer2 (HttpServer2.java:addFilter(948)) - Added filter static_user_filter (class=org.apache.hadoop.http.lib.StaticUserWebFilter$StaticUserFilter) to context hddsDatanode
2019-09-06 01:41:09,401 [main] INFO  http.HttpServer2 (HttpServer2.java:addFilter(958)) - Added filter static_user_filter (class=org.apache.hadoop.http.lib.StaticUserWebFilter$StaticUserFilter) to context logs
2019-09-06 01:41:09,401 [main] INFO  http.HttpServer2 (HttpServer2.java:addFilter(958)) - Added filter static_user_filter (class=org.apache.hadoop.http.lib.StaticUserWebFilter$StaticUserFilter) to context static
2019-09-06 01:41:09,402 [main] INFO  http.HttpServer2 (HttpServer2.java:bindListener(1191)) - Jetty bound to port 37720
2019-09-06 01:41:09,402 [main] INFO  server.Server (Server.java:doStart(351)) - jetty-9.3.24.v20180605, build timestamp: 2018-06-05T17:11:56Z, git hash: 84205aa28f11a4f31f2a3b86d1bba2cc8ab69827
2019-09-06 01:41:09,403 [main] INFO  handler.ContextHandler (ContextHandler.java:doStart(781)) - Started o.e.j.s.ServletContextHandler@10d18696{/logs,file:///workdir/hadoop-ozone/integration-test/target/log,AVAILABLE}
2019-09-06 01:41:09,404 [main] INFO  handler.ContextHandler (ContextHandler.java:doStart(781)) - Started o.e.j.s.ServletContextHandler@7d37ee0c{/static,jar:file:/home/user/.m2/repository/org/apache/hadoop/hadoop-hdds-container-service/0.5.0-SNAPSHOT/hadoop-hdds-container-service-0.5.0-SNAPSHOT.jar!/webapps/static,AVAILABLE}
2019-09-06 01:41:09,430 [main] INFO  handler.ContextHandler (ContextHandler.java:doStart(781)) - Started o.e.j.w.WebAppContext@5b8853{/,file:///tmp/jetty-0.0.0.0-37720-hddsDatanode-_-any-2145267818126626917.dir/webapp/,AVAILABLE}{/hddsDatanode}
2019-09-06 01:41:09,430 [main] INFO  server.AbstractConnector (AbstractConnector.java:doStart(278)) - Started ServerConnector@1b8aaeab{HTTP/1.1,[http/1.1]}{0.0.0.0:37720}
2019-09-06 01:41:09,431 [main] INFO  server.Server (Server.java:doStart(419)) - Started @531849ms
2019-09-06 01:41:09,432 [main] WARN  impl.MetricsSystemImpl (MetricsSystemImpl.java:register(276)) - Sink prometheus already exists!
2019-09-06 01:41:09,432 [main] INFO  server.BaseHttpServer (BaseHttpServer.java:updateConnectorAddress(215)) - HTTP server of HDDSDATANODE is listening at http://0.0.0.0:37720
2019-09-06 01:41:09,433 [main] INFO  impl.MetricsSystemImpl (MetricsSystemImpl.java:init(158)) - HddsDatanode metrics system started (again)
2019-09-06 01:41:09,435 [org.apache.hadoop.util.JvmPauseMonitor$Monitor@2c7a4546] INFO  util.JvmPauseMonitor (JvmPauseMonitor.java:run(188)) - Starting JVM pause monitor
2019-09-06 01:41:09,435 [main] INFO  ozone.HddsDatanodeService (HddsDatanodeService.java:start(184)) - HddsDatanodeService host:pr-hdds-2015-4zh84-2711163145 ip:192.168.5.177
2019-09-06 01:41:09,437 [Datanode State Machine Thread - 0] INFO  datanode.InitDatanodeState (InitDatanodeState.java:persistContainerDatanodeDetails(140)) - DatanodeDetails is persisted to /workdir/hadoop-ozone/integration-test/target/test-dir/MiniOzoneClusterImpl-fa83d308-25e6-4772-bfe6-42db08352842/datanode-3/meta/datanode.id
2019-09-06 01:41:09,442 [main] INFO  volume.HddsVolume (HddsVolume.java:<init>(176)) - Creating Volume: /workdir/hadoop-ozone/integration-test/target/test-dir/MiniOzoneClusterImpl-fa83d308-25e6-4772-bfe6-42db08352842/datanode-4/data/containers/hdds of  storage type : DISK and capacity : 1482555576320
2019-09-06 01:41:09,442 [main] INFO  volume.VolumeSet (VolumeSet.java:initializeVolumeSet(170)) - Added Volume : /workdir/hadoop-ozone/integration-test/target/test-dir/MiniOzoneClusterImpl-fa83d308-25e6-4772-bfe6-42db08352842/datanode-4/data/containers/hdds to VolumeSet
2019-09-06 01:41:09,442 [main] INFO  volume.ThrottledAsyncChecker (ThrottledAsyncChecker.java:schedule(140)) - Scheduling a check for org.apache.hadoop.ozone.container.common.volume.HddsVolume@66e341e9
2019-09-06 01:41:09,443 [main] INFO  volume.HddsVolumeChecker (HddsVolumeChecker.java:checkAllVolumes(203)) - Scheduled health check for volume org.apache.hadoop.ozone.container.common.volume.HddsVolume@66e341e9
2019-09-06 01:41:09,456 [main] INFO  impl.RaftServerProxy (ConfUtils.java:logGet(43)) - raft.rpc.type = GRPC (default)
2019-09-06 01:41:09,457 [main] INFO  grpc.GrpcFactory (GrpcFactory.java:checkPooledByteBufAllocatorUseCacheForAllThreads(45)) - PERFORMANCE WARNING: useCacheForAllThreads is true that may cause Netty to create a lot garbage objects and, as a result, trigger GC.
	It is recommended to disable useCacheForAllThreads by setting -Dorg.apache.ratis.thirdparty.io.netty.allocator.useCacheForAllThreads=false in command line.
2019-09-06 01:41:09,457 [main] INFO  grpc.GrpcConfigKeys$Server (ConfUtils.java:logGet(43)) - raft.grpc.server.port = 0 (default)
2019-09-06 01:41:09,457 [main] INFO  server.GrpcService (ConfUtils.java:logGet(43)) - raft.grpc.message.size.max = 33570816 (custom)
2019-09-06 01:41:09,458 [main] INFO  server.RaftServerConfigKeys (ConfUtils.java:logGet(43)) - raft.server.log.appender.buffer.byte-limit = 33554432 (custom)
2019-09-06 01:41:09,458 [main] INFO  server.GrpcService (ConfUtils.java:logGet(43)) - raft.grpc.flow.control.window = 1MB (=1048576) (default)
2019-09-06 01:41:09,458 [main] INFO  server.RaftServerConfigKeys (ConfUtils.java:logGet(43)) - raft.server.rpc.request.timeout = 3000ms (default)
2019-09-06 01:41:09,459 [main] INFO  server.RaftServerConfigKeys (ConfUtils.java:logGet(43)) - raft.server.storage.dir = [/workdir/hadoop-ozone/integration-test/target/test-dir/MiniOzoneClusterImpl-fa83d308-25e6-4772-bfe6-42db08352842/datanode-4/data/ratis] (custom)
2019-09-06 01:41:09,461 [main] INFO  hdfs.DFSUtil (DFSUtil.java:httpServerTemplateForNNAndJN(1641)) - Starting Web-server for hddsDatanode at: http://0.0.0.0:0
2019-09-06 01:41:09,462 [main] INFO  server.AuthenticationFilter (AuthenticationFilter.java:constructSecretProvider(240)) - Unable to initialize FileSignerSecretProvider, falling back to use random secrets.
2019-09-06 01:41:09,462 [main] WARN  http.HttpRequestLog (HttpRequestLog.java:getRequestLog(97)) - Jetty request log can only be enabled using Log4j
2019-09-06 01:41:09,463 [main] INFO  http.HttpServer2 (HttpServer2.java:addGlobalFilter(975)) - Added global filter 'safety' (class=org.apache.hadoop.http.HttpServer2$QuotingInputFilter)
2019-09-06 01:41:09,464 [main] INFO  http.HttpServer2 (HttpServer2.java:addFilter(948)) - Added filter static_user_filter (class=org.apache.hadoop.http.lib.StaticUserWebFilter$StaticUserFilter) to context hddsDatanode
2019-09-06 01:41:09,464 [main] INFO  http.HttpServer2 (HttpServer2.java:addFilter(958)) - Added filter static_user_filter (class=org.apache.hadoop.http.lib.StaticUserWebFilter$StaticUserFilter) to context static
2019-09-06 01:41:09,464 [main] INFO  http.HttpServer2 (HttpServer2.java:addFilter(958)) - Added filter static_user_filter (class=org.apache.hadoop.http.lib.StaticUserWebFilter$StaticUserFilter) to context logs
2019-09-06 01:41:09,464 [main] INFO  http.HttpServer2 (HttpServer2.java:bindListener(1191)) - Jetty bound to port 36078
2019-09-06 01:41:09,465 [main] INFO  server.Server (Server.java:doStart(351)) - jetty-9.3.24.v20180605, build timestamp: 2018-06-05T17:11:56Z, git hash: 84205aa28f11a4f31f2a3b86d1bba2cc8ab69827
2019-09-06 01:41:09,466 [main] INFO  handler.ContextHandler (ContextHandler.java:doStart(781)) - Started o.e.j.s.ServletContextHandler@28768e25{/logs,file:///workdir/hadoop-ozone/integration-test/target/log,AVAILABLE}
2019-09-06 01:41:09,467 [main] INFO  handler.ContextHandler (ContextHandler.java:doStart(781)) - Started o.e.j.s.ServletContextHandler@143fefaf{/static,jar:file:/home/user/.m2/repository/org/apache/hadoop/hadoop-hdds-container-service/0.5.0-SNAPSHOT/hadoop-hdds-container-service-0.5.0-SNAPSHOT.jar!/webapps/static,AVAILABLE}
2019-09-06 01:41:09,493 [main] INFO  handler.ContextHandler (ContextHandler.java:doStart(781)) - Started o.e.j.w.WebAppContext@36478bce{/,file:///tmp/jetty-0.0.0.0-36078-hddsDatanode-_-any-8004059652328875173.dir/webapp/,AVAILABLE}{/hddsDatanode}
2019-09-06 01:41:09,494 [main] INFO  server.AbstractConnector (AbstractConnector.java:doStart(278)) - Started ServerConnector@c48b543{HTTP/1.1,[http/1.1]}{0.0.0.0:36078}
2019-09-06 01:41:09,494 [main] INFO  server.Server (Server.java:doStart(419)) - Started @531911ms
2019-09-06 01:41:09,495 [main] WARN  impl.MetricsSystemImpl (MetricsSystemImpl.java:register(276)) - Sink prometheus already exists!
2019-09-06 01:41:09,496 [main] INFO  server.BaseHttpServer (BaseHttpServer.java:updateConnectorAddress(215)) - HTTP server of HDDSDATANODE is listening at http://0.0.0.0:36078
2019-09-06 01:41:09,496 [main] INFO  impl.MetricsSystemImpl (MetricsSystemImpl.java:init(158)) - HddsDatanode metrics system started (again)
2019-09-06 01:41:09,500 [main] INFO  ozone.HddsDatanodeService (HddsDatanodeService.java:start(184)) - HddsDatanodeService host:pr-hdds-2015-4zh84-2711163145 ip:192.168.5.177
2019-09-06 01:41:09,500 [org.apache.hadoop.util.JvmPauseMonitor$Monitor@3fa7f593] INFO  util.JvmPauseMonitor (JvmPauseMonitor.java:run(188)) - Starting JVM pause monitor
2019-09-06 01:41:09,502 [Datanode State Machine Thread - 0] INFO  datanode.InitDatanodeState (InitDatanodeState.java:persistContainerDatanodeDetails(140)) - DatanodeDetails is persisted to /workdir/hadoop-ozone/integration-test/target/test-dir/MiniOzoneClusterImpl-fa83d308-25e6-4772-bfe6-42db08352842/datanode-4/meta/datanode.id
2019-09-06 01:41:09,507 [main] INFO  volume.HddsVolume (HddsVolume.java:<init>(176)) - Creating Volume: /workdir/hadoop-ozone/integration-test/target/test-dir/MiniOzoneClusterImpl-fa83d308-25e6-4772-bfe6-42db08352842/datanode-5/data/containers/hdds of  storage type : DISK and capacity : 1482555576320
2019-09-06 01:41:09,507 [main] INFO  volume.VolumeSet (VolumeSet.java:initializeVolumeSet(170)) - Added Volume : /workdir/hadoop-ozone/integration-test/target/test-dir/MiniOzoneClusterImpl-fa83d308-25e6-4772-bfe6-42db08352842/datanode-5/data/containers/hdds to VolumeSet
2019-09-06 01:41:09,507 [main] INFO  volume.ThrottledAsyncChecker (ThrottledAsyncChecker.java:schedule(140)) - Scheduling a check for org.apache.hadoop.ozone.container.common.volume.HddsVolume@743c3520
2019-09-06 01:41:09,508 [main] INFO  volume.HddsVolumeChecker (HddsVolumeChecker.java:checkAllVolumes(203)) - Scheduled health check for volume org.apache.hadoop.ozone.container.common.volume.HddsVolume@743c3520
2019-09-06 01:41:09,525 [main] INFO  impl.RaftServerProxy (ConfUtils.java:logGet(43)) - raft.rpc.type = GRPC (default)
2019-09-06 01:41:09,525 [main] INFO  grpc.GrpcFactory (GrpcFactory.java:checkPooledByteBufAllocatorUseCacheForAllThreads(45)) - PERFORMANCE WARNING: useCacheForAllThreads is true that may cause Netty to create a lot garbage objects and, as a result, trigger GC.
	It is recommended to disable useCacheForAllThreads by setting -Dorg.apache.ratis.thirdparty.io.netty.allocator.useCacheForAllThreads=false in command line.
2019-09-06 01:41:09,525 [main] INFO  grpc.GrpcConfigKeys$Server (ConfUtils.java:logGet(43)) - raft.grpc.server.port = 0 (default)
2019-09-06 01:41:09,526 [main] INFO  server.GrpcService (ConfUtils.java:logGet(43)) - raft.grpc.message.size.max = 33570816 (custom)
2019-09-06 01:41:09,526 [main] INFO  server.RaftServerConfigKeys (ConfUtils.java:logGet(43)) - raft.server.log.appender.buffer.byte-limit = 33554432 (custom)
2019-09-06 01:41:09,526 [main] INFO  server.GrpcService (ConfUtils.java:logGet(43)) - raft.grpc.flow.control.window = 1MB (=1048576) (default)
2019-09-06 01:41:09,526 [main] INFO  server.RaftServerConfigKeys (ConfUtils.java:logGet(43)) - raft.server.rpc.request.timeout = 3000ms (default)
2019-09-06 01:41:09,527 [main] INFO  server.RaftServerConfigKeys (ConfUtils.java:logGet(43)) - raft.server.storage.dir = [/workdir/hadoop-ozone/integration-test/target/test-dir/MiniOzoneClusterImpl-fa83d308-25e6-4772-bfe6-42db08352842/datanode-5/data/ratis] (custom)
2019-09-06 01:41:09,528 [main] INFO  hdfs.DFSUtil (DFSUtil.java:httpServerTemplateForNNAndJN(1641)) - Starting Web-server for hddsDatanode at: http://0.0.0.0:0
2019-09-06 01:41:09,529 [main] INFO  server.AuthenticationFilter (AuthenticationFilter.java:constructSecretProvider(240)) - Unable to initialize FileSignerSecretProvider, falling back to use random secrets.
2019-09-06 01:41:09,530 [main] WARN  http.HttpRequestLog (HttpRequestLog.java:getRequestLog(97)) - Jetty request log can only be enabled using Log4j
2019-09-06 01:41:09,531 [main] INFO  http.HttpServer2 (HttpServer2.java:addGlobalFilter(975)) - Added global filter 'safety' (class=org.apache.hadoop.http.HttpServer2$QuotingInputFilter)
2019-09-06 01:41:09,531 [main] INFO  http.HttpServer2 (HttpServer2.java:addFilter(948)) - Added filter static_user_filter (class=org.apache.hadoop.http.lib.StaticUserWebFilter$StaticUserFilter) to context hddsDatanode
2019-09-06 01:41:09,532 [main] INFO  http.HttpServer2 (HttpServer2.java:addFilter(958)) - Added filter static_user_filter (class=org.apache.hadoop.http.lib.StaticUserWebFilter$StaticUserFilter) to context static
2019-09-06 01:41:09,532 [main] INFO  http.HttpServer2 (HttpServer2.java:addFilter(958)) - Added filter static_user_filter (class=org.apache.hadoop.http.lib.StaticUserWebFilter$StaticUserFilter) to context logs
2019-09-06 01:41:09,532 [main] INFO  http.HttpServer2 (HttpServer2.java:bindListener(1191)) - Jetty bound to port 36830
2019-09-06 01:41:09,532 [main] INFO  server.Server (Server.java:doStart(351)) - jetty-9.3.24.v20180605, build timestamp: 2018-06-05T17:11:56Z, git hash: 84205aa28f11a4f31f2a3b86d1bba2cc8ab69827
2019-09-06 01:41:09,534 [main] INFO  handler.ContextHandler (ContextHandler.java:doStart(781)) - Started o.e.j.s.ServletContextHandler@497ed877{/logs,file:///workdir/hadoop-ozone/integration-test/target/log,AVAILABLE}
2019-09-06 01:41:09,534 [main] INFO  handler.ContextHandler (ContextHandler.java:doStart(781)) - Started o.e.j.s.ServletContextHandler@7b6141f0{/static,jar:file:/home/user/.m2/repository/org/apache/hadoop/hadoop-hdds-container-service/0.5.0-SNAPSHOT/hadoop-hdds-container-service-0.5.0-SNAPSHOT.jar!/webapps/static,AVAILABLE}
2019-09-06 01:41:09,561 [main] INFO  handler.ContextHandler (ContextHandler.java:doStart(781)) - Started o.e.j.w.WebAppContext@7f4a1cac{/,file:///tmp/jetty-0.0.0.0-36830-hddsDatanode-_-any-7786163780983931561.dir/webapp/,AVAILABLE}{/hddsDatanode}
2019-09-06 01:41:09,561 [main] INFO  server.AbstractConnector (AbstractConnector.java:doStart(278)) - Started ServerConnector@4a1a412e{HTTP/1.1,[http/1.1]}{0.0.0.0:36830}
2019-09-06 01:41:09,563 [main] INFO  server.Server (Server.java:doStart(419)) - Started @531980ms
2019-09-06 01:41:09,563 [main] WARN  impl.MetricsSystemImpl (MetricsSystemImpl.java:register(276)) - Sink prometheus already exists!
2019-09-06 01:41:09,564 [main] INFO  server.BaseHttpServer (BaseHttpServer.java:updateConnectorAddress(215)) - HTTP server of HDDSDATANODE is listening at http://0.0.0.0:36830
2019-09-06 01:41:09,564 [main] INFO  impl.MetricsSystemImpl (MetricsSystemImpl.java:init(158)) - HddsDatanode metrics system started (again)
2019-09-06 01:41:09,567 [org.apache.hadoop.util.JvmPauseMonitor$Monitor@ba75c78] INFO  util.JvmPauseMonitor (JvmPauseMonitor.java:run(188)) - Starting JVM pause monitor
2019-09-06 01:41:09,567 [main] INFO  ozone.HddsDatanodeService (HddsDatanodeService.java:start(184)) - HddsDatanodeService host:pr-hdds-2015-4zh84-2711163145 ip:192.168.5.177
2019-09-06 01:41:09,568 [Datanode State Machine Thread - 0] INFO  datanode.InitDatanodeState (InitDatanodeState.java:persistContainerDatanodeDetails(140)) - DatanodeDetails is persisted to /workdir/hadoop-ozone/integration-test/target/test-dir/MiniOzoneClusterImpl-fa83d308-25e6-4772-bfe6-42db08352842/datanode-5/meta/datanode.id
2019-09-06 01:41:09,573 [main] INFO  volume.HddsVolume (HddsVolume.java:<init>(176)) - Creating Volume: /workdir/hadoop-ozone/integration-test/target/test-dir/MiniOzoneClusterImpl-fa83d308-25e6-4772-bfe6-42db08352842/datanode-6/data/containers/hdds of  storage type : DISK and capacity : 1482555576320
2019-09-06 01:41:09,573 [main] INFO  volume.VolumeSet (VolumeSet.java:initializeVolumeSet(170)) - Added Volume : /workdir/hadoop-ozone/integration-test/target/test-dir/MiniOzoneClusterImpl-fa83d308-25e6-4772-bfe6-42db08352842/datanode-6/data/containers/hdds to VolumeSet
2019-09-06 01:41:09,573 [main] INFO  volume.ThrottledAsyncChecker (ThrottledAsyncChecker.java:schedule(140)) - Scheduling a check for org.apache.hadoop.ozone.container.common.volume.HddsVolume@3ab595c8
2019-09-06 01:41:09,574 [main] INFO  volume.HddsVolumeChecker (HddsVolumeChecker.java:checkAllVolumes(203)) - Scheduled health check for volume org.apache.hadoop.ozone.container.common.volume.HddsVolume@3ab595c8
2019-09-06 01:41:09,587 [main] INFO  impl.RaftServerProxy (ConfUtils.java:logGet(43)) - raft.rpc.type = GRPC (default)
2019-09-06 01:41:09,587 [main] INFO  grpc.GrpcFactory (GrpcFactory.java:checkPooledByteBufAllocatorUseCacheForAllThreads(45)) - PERFORMANCE WARNING: useCacheForAllThreads is true that may cause Netty to create a lot garbage objects and, as a result, trigger GC.
	It is recommended to disable useCacheForAllThreads by setting -Dorg.apache.ratis.thirdparty.io.netty.allocator.useCacheForAllThreads=false in command line.
2019-09-06 01:41:09,587 [main] INFO  grpc.GrpcConfigKeys$Server (ConfUtils.java:logGet(43)) - raft.grpc.server.port = 0 (default)
2019-09-06 01:41:09,587 [main] INFO  server.GrpcService (ConfUtils.java:logGet(43)) - raft.grpc.message.size.max = 33570816 (custom)
2019-09-06 01:41:09,587 [main] INFO  server.RaftServerConfigKeys (ConfUtils.java:logGet(43)) - raft.server.log.appender.buffer.byte-limit = 33554432 (custom)
2019-09-06 01:41:09,588 [main] INFO  server.GrpcService (ConfUtils.java:logGet(43)) - raft.grpc.flow.control.window = 1MB (=1048576) (default)
2019-09-06 01:41:09,588 [main] INFO  server.RaftServerConfigKeys (ConfUtils.java:logGet(43)) - raft.server.rpc.request.timeout = 3000ms (default)
2019-09-06 01:41:09,588 [main] INFO  server.RaftServerConfigKeys (ConfUtils.java:logGet(43)) - raft.server.storage.dir = [/workdir/hadoop-ozone/integration-test/target/test-dir/MiniOzoneClusterImpl-fa83d308-25e6-4772-bfe6-42db08352842/datanode-6/data/ratis] (custom)
2019-09-06 01:41:09,590 [main] INFO  hdfs.DFSUtil (DFSUtil.java:httpServerTemplateForNNAndJN(1641)) - Starting Web-server for hddsDatanode at: http://0.0.0.0:0
2019-09-06 01:41:09,591 [main] INFO  server.AuthenticationFilter (AuthenticationFilter.java:constructSecretProvider(240)) - Unable to initialize FileSignerSecretProvider, falling back to use random secrets.
2019-09-06 01:41:09,591 [main] WARN  http.HttpRequestLog (HttpRequestLog.java:getRequestLog(97)) - Jetty request log can only be enabled using Log4j
2019-09-06 01:41:09,593 [main] INFO  http.HttpServer2 (HttpServer2.java:addGlobalFilter(975)) - Added global filter 'safety' (class=org.apache.hadoop.http.HttpServer2$QuotingInputFilter)
2019-09-06 01:41:09,593 [main] INFO  http.HttpServer2 (HttpServer2.java:addFilter(948)) - Added filter static_user_filter (class=org.apache.hadoop.http.lib.StaticUserWebFilter$StaticUserFilter) to context hddsDatanode
2019-09-06 01:41:09,593 [main] INFO  http.HttpServer2 (HttpServer2.java:addFilter(958)) - Added filter static_user_filter (class=org.apache.hadoop.http.lib.StaticUserWebFilter$StaticUserFilter) to context logs
2019-09-06 01:41:09,593 [main] INFO  http.HttpServer2 (HttpServer2.java:addFilter(958)) - Added filter static_user_filter (class=org.apache.hadoop.http.lib.StaticUserWebFilter$StaticUserFilter) to context static
2019-09-06 01:41:09,594 [main] INFO  http.HttpServer2 (HttpServer2.java:bindListener(1191)) - Jetty bound to port 33950
2019-09-06 01:41:09,594 [main] INFO  server.Server (Server.java:doStart(351)) - jetty-9.3.24.v20180605, build timestamp: 2018-06-05T17:11:56Z, git hash: 84205aa28f11a4f31f2a3b86d1bba2cc8ab69827
2019-09-06 01:41:09,596 [main] INFO  handler.ContextHandler (ContextHandler.java:doStart(781)) - Started o.e.j.s.ServletContextHandler@5ca4dce5{/logs,file:///workdir/hadoop-ozone/integration-test/target/log,AVAILABLE}
2019-09-06 01:41:09,596 [main] INFO  handler.ContextHandler (ContextHandler.java:doStart(781)) - Started o.e.j.s.ServletContextHandler@7d133fb7{/static,jar:file:/home/user/.m2/repository/org/apache/hadoop/hadoop-hdds-container-service/0.5.0-SNAPSHOT/hadoop-hdds-container-service-0.5.0-SNAPSHOT.jar!/webapps/static,AVAILABLE}
2019-09-06 01:41:09,624 [main] INFO  handler.ContextHandler (ContextHandler.java:doStart(781)) - Started o.e.j.w.WebAppContext@284990de{/,file:///tmp/jetty-0.0.0.0-33950-hddsDatanode-_-any-6074863937994062617.dir/webapp/,AVAILABLE}{/hddsDatanode}
2019-09-06 01:41:09,625 [main] INFO  server.AbstractConnector (AbstractConnector.java:doStart(278)) - Started ServerConnector@565d7d2f{HTTP/1.1,[http/1.1]}{0.0.0.0:33950}
2019-09-06 01:41:09,625 [main] INFO  server.Server (Server.java:doStart(419)) - Started @532042ms
2019-09-06 01:41:09,629 [main] WARN  impl.MetricsSystemImpl (MetricsSystemImpl.java:register(276)) - Sink prometheus already exists!
2019-09-06 01:41:09,631 [main] INFO  server.BaseHttpServer (BaseHttpServer.java:updateConnectorAddress(215)) - HTTP server of HDDSDATANODE is listening at http://0.0.0.0:33950
2019-09-06 01:41:09,631 [main] INFO  ozone.MiniOzoneClusterImpl (MiniOzoneClusterImpl.java:lambda$waitForClusterToBeReady$0(140)) - Waiting for cluster to be ready. Got 0 of 7 DN Heartbeats.
2019-09-06 01:41:09,632 [org.apache.hadoop.util.JvmPauseMonitor$Monitor@7e5c4424] INFO  util.JvmPauseMonitor (JvmPauseMonitor.java:run(188)) - Starting JVM pause monitor
2019-09-06 01:41:09,634 [Datanode State Machine Thread - 0] INFO  datanode.InitDatanodeState (InitDatanodeState.java:persistContainerDatanodeDetails(140)) - DatanodeDetails is persisted to /workdir/hadoop-ozone/integration-test/target/test-dir/MiniOzoneClusterImpl-fa83d308-25e6-4772-bfe6-42db08352842/datanode-6/meta/datanode.id
2019-09-06 01:41:10,631 [main] INFO  ozone.MiniOzoneClusterImpl (MiniOzoneClusterImpl.java:lambda$waitForClusterToBeReady$0(140)) - Waiting for cluster to be ready. Got 0 of 7 DN Heartbeats.
2019-09-06 01:41:11,275 [Datanode State Machine Thread - 0] INFO  ozoneimpl.OzoneContainer (OzoneContainer.java:start(201)) - Attempting to start container services.
2019-09-06 01:41:11,276 [Datanode State Machine Thread - 0] INFO  ozoneimpl.OzoneContainer (OzoneContainer.java:startContainerScrub(175)) - Background container scrubber has been disabled by hdds.containerscrub.enabled
2019-09-06 01:41:11,276 [Datanode State Machine Thread - 0] INFO  ratis.XceiverServerRatis (XceiverServerRatis.java:start(393)) - Starting XceiverServerRatis ee89e297-a801-48e6-912d-41102d8ca779 at port 0
2019-09-06 01:41:11,282 [Datanode State Machine Thread - 0] INFO  impl.RaftServerProxy (RaftServerProxy.java:lambda$start$3(299)) - ee89e297-a801-48e6-912d-41102d8ca779: start RPC server
2019-09-06 01:41:11,284 [Datanode State Machine Thread - 0] INFO  server.GrpcService (GrpcService.java:startImpl(149)) - ee89e297-a801-48e6-912d-41102d8ca779: GrpcService started, listening on 0.0.0.0/0.0.0.0:39328
2019-09-06 01:41:11,284 [Datanode State Machine Thread - 0] INFO  ratis.XceiverServerRatis (XceiverServerRatis.java:start(403)) - XceiverServerRatis ee89e297-a801-48e6-912d-41102d8ca779 is started using port 39328
2019-09-06 01:41:11,284 [Datanode State Machine Thread - 0] INFO  server.XceiverServerGrpc (XceiverServerGrpc.java:start(163)) - XceiverServerGrpc ee89e297-a801-48e6-912d-41102d8ca779 is started using port 43178
2019-09-06 01:41:11,349 [Datanode State Machine Thread - 0] INFO  ozoneimpl.OzoneContainer (OzoneContainer.java:start(201)) - Attempting to start container services.
2019-09-06 01:41:11,349 [Datanode State Machine Thread - 0] INFO  ozoneimpl.OzoneContainer (OzoneContainer.java:startContainerScrub(175)) - Background container scrubber has been disabled by hdds.containerscrub.enabled
2019-09-06 01:41:11,349 [Datanode State Machine Thread - 0] INFO  ratis.XceiverServerRatis (XceiverServerRatis.java:start(393)) - Starting XceiverServerRatis bbace8e8-e1a9-42ee-9889-2c1141283f48 at port 0
2019-09-06 01:41:11,357 [Datanode State Machine Thread - 0] INFO  impl.RaftServerProxy (RaftServerProxy.java:lambda$start$3(299)) - bbace8e8-e1a9-42ee-9889-2c1141283f48: start RPC server
2019-09-06 01:41:11,361 [Datanode State Machine Thread - 0] INFO  server.GrpcService (GrpcService.java:startImpl(149)) - bbace8e8-e1a9-42ee-9889-2c1141283f48: GrpcService started, listening on 0.0.0.0/0.0.0.0:39551
2019-09-06 01:41:11,361 [Datanode State Machine Thread - 0] INFO  ratis.XceiverServerRatis (XceiverServerRatis.java:start(403)) - XceiverServerRatis bbace8e8-e1a9-42ee-9889-2c1141283f48 is started using port 39551
2019-09-06 01:41:11,363 [Datanode State Machine Thread - 0] INFO  server.XceiverServerGrpc (XceiverServerGrpc.java:start(163)) - XceiverServerGrpc bbace8e8-e1a9-42ee-9889-2c1141283f48 is started using port 41957
2019-09-06 01:41:11,390 [Datanode State Machine Thread - 0] INFO  ozoneimpl.OzoneContainer (OzoneContainer.java:start(201)) - Attempting to start container services.
2019-09-06 01:41:11,390 [Datanode State Machine Thread - 0] INFO  ozoneimpl.OzoneContainer (OzoneContainer.java:startContainerScrub(175)) - Background container scrubber has been disabled by hdds.containerscrub.enabled
2019-09-06 01:41:11,390 [Datanode State Machine Thread - 0] INFO  ratis.XceiverServerRatis (XceiverServerRatis.java:start(393)) - Starting XceiverServerRatis edc09431-f278-40d3-af03-90e48e877b17 at port 0
2019-09-06 01:41:11,394 [Datanode State Machine Thread - 0] INFO  impl.RaftServerProxy (RaftServerProxy.java:lambda$start$3(299)) - edc09431-f278-40d3-af03-90e48e877b17: start RPC server
2019-09-06 01:41:11,395 [Datanode State Machine Thread - 0] INFO  server.GrpcService (GrpcService.java:startImpl(149)) - edc09431-f278-40d3-af03-90e48e877b17: GrpcService started, listening on 0.0.0.0/0.0.0.0:37126
2019-09-06 01:41:11,395 [Datanode State Machine Thread - 0] INFO  ratis.XceiverServerRatis (XceiverServerRatis.java:start(403)) - XceiverServerRatis edc09431-f278-40d3-af03-90e48e877b17 is started using port 37126
2019-09-06 01:41:11,395 [Datanode State Machine Thread - 0] INFO  server.XceiverServerGrpc (XceiverServerGrpc.java:start(163)) - XceiverServerGrpc edc09431-f278-40d3-af03-90e48e877b17 is started using port 38833
2019-09-06 01:41:11,454 [Datanode State Machine Thread - 0] INFO  ozoneimpl.OzoneContainer (OzoneContainer.java:start(201)) - Attempting to start container services.
2019-09-06 01:41:11,455 [Datanode State Machine Thread - 0] INFO  ozoneimpl.OzoneContainer (OzoneContainer.java:startContainerScrub(175)) - Background container scrubber has been disabled by hdds.containerscrub.enabled
2019-09-06 01:41:11,455 [Datanode State Machine Thread - 0] INFO  ratis.XceiverServerRatis (XceiverServerRatis.java:start(393)) - Starting XceiverServerRatis f6e8ff06-084b-46ba-beae-927f7c0622d9 at port 0
2019-09-06 01:41:11,461 [Datanode State Machine Thread - 0] INFO  impl.RaftServerProxy (RaftServerProxy.java:lambda$start$3(299)) - f6e8ff06-084b-46ba-beae-927f7c0622d9: start RPC server
2019-09-06 01:41:11,470 [Datanode State Machine Thread - 0] INFO  server.GrpcService (GrpcService.java:startImpl(149)) - f6e8ff06-084b-46ba-beae-927f7c0622d9: GrpcService started, listening on 0.0.0.0/0.0.0.0:39851
2019-09-06 01:41:11,470 [Datanode State Machine Thread - 0] INFO  ratis.XceiverServerRatis (XceiverServerRatis.java:start(403)) - XceiverServerRatis f6e8ff06-084b-46ba-beae-927f7c0622d9 is started using port 39851
2019-09-06 01:41:11,471 [Datanode State Machine Thread - 0] INFO  server.XceiverServerGrpc (XceiverServerGrpc.java:start(163)) - XceiverServerGrpc f6e8ff06-084b-46ba-beae-927f7c0622d9 is started using port 35552
2019-09-06 01:41:11,517 [Datanode State Machine Thread - 0] INFO  ozoneimpl.OzoneContainer (OzoneContainer.java:start(201)) - Attempting to start container services.
2019-09-06 01:41:11,517 [Datanode State Machine Thread - 0] INFO  ozoneimpl.OzoneContainer (OzoneContainer.java:startContainerScrub(175)) - Background container scrubber has been disabled by hdds.containerscrub.enabled
2019-09-06 01:41:11,517 [Datanode State Machine Thread - 0] INFO  ratis.XceiverServerRatis (XceiverServerRatis.java:start(393)) - Starting XceiverServerRatis af53648f-ad65-4ebd-a0ed-12c0c25e13ff at port 0
2019-09-06 01:41:11,522 [Datanode State Machine Thread - 0] INFO  impl.RaftServerProxy (RaftServerProxy.java:lambda$start$3(299)) - af53648f-ad65-4ebd-a0ed-12c0c25e13ff: start RPC server
2019-09-06 01:41:11,522 [Datanode State Machine Thread - 0] INFO  server.GrpcService (GrpcService.java:startImpl(149)) - af53648f-ad65-4ebd-a0ed-12c0c25e13ff: GrpcService started, listening on 0.0.0.0/0.0.0.0:37144
2019-09-06 01:41:11,523 [Datanode State Machine Thread - 0] INFO  ratis.XceiverServerRatis (XceiverServerRatis.java:start(403)) - XceiverServerRatis af53648f-ad65-4ebd-a0ed-12c0c25e13ff is started using port 37144
2019-09-06 01:41:11,523 [Datanode State Machine Thread - 0] INFO  server.XceiverServerGrpc (XceiverServerGrpc.java:start(163)) - XceiverServerGrpc af53648f-ad65-4ebd-a0ed-12c0c25e13ff is started using port 43015
2019-09-06 01:41:11,586 [Datanode State Machine Thread - 0] INFO  ozoneimpl.OzoneContainer (OzoneContainer.java:start(201)) - Attempting to start container services.
2019-09-06 01:41:11,586 [Datanode State Machine Thread - 0] INFO  ozoneimpl.OzoneContainer (OzoneContainer.java:startContainerScrub(175)) - Background container scrubber has been disabled by hdds.containerscrub.enabled
2019-09-06 01:41:11,586 [Datanode State Machine Thread - 0] INFO  ratis.XceiverServerRatis (XceiverServerRatis.java:start(393)) - Starting XceiverServerRatis 4ba7b802-14f5-42b9-8dc4-3b2118cdd21d at port 0
2019-09-06 01:41:11,593 [Datanode State Machine Thread - 0] INFO  impl.RaftServerProxy (RaftServerProxy.java:lambda$start$3(299)) - 4ba7b802-14f5-42b9-8dc4-3b2118cdd21d: start RPC server
2019-09-06 01:41:11,593 [Datanode State Machine Thread - 0] INFO  server.GrpcService (GrpcService.java:startImpl(149)) - 4ba7b802-14f5-42b9-8dc4-3b2118cdd21d: GrpcService started, listening on 0.0.0.0/0.0.0.0:42721
2019-09-06 01:41:11,593 [Datanode State Machine Thread - 0] INFO  ratis.XceiverServerRatis (XceiverServerRatis.java:start(403)) - XceiverServerRatis 4ba7b802-14f5-42b9-8dc4-3b2118cdd21d is started using port 42721
2019-09-06 01:41:11,596 [Datanode State Machine Thread - 0] INFO  server.XceiverServerGrpc (XceiverServerGrpc.java:start(163)) - XceiverServerGrpc 4ba7b802-14f5-42b9-8dc4-3b2118cdd21d is started using port 40928
2019-09-06 01:41:11,632 [main] INFO  ozone.MiniOzoneClusterImpl (MiniOzoneClusterImpl.java:lambda$waitForClusterToBeReady$0(140)) - Waiting for cluster to be ready. Got 0 of 7 DN Heartbeats.
2019-09-06 01:41:11,647 [Datanode State Machine Thread - 0] INFO  ozoneimpl.OzoneContainer (OzoneContainer.java:start(201)) - Attempting to start container services.
2019-09-06 01:41:11,647 [Datanode State Machine Thread - 0] INFO  ozoneimpl.OzoneContainer (OzoneContainer.java:startContainerScrub(175)) - Background container scrubber has been disabled by hdds.containerscrub.enabled
2019-09-06 01:41:11,647 [Datanode State Machine Thread - 0] INFO  ratis.XceiverServerRatis (XceiverServerRatis.java:start(393)) - Starting XceiverServerRatis 1f2e57d7-1cd2-4b96-9676-7904a5c1d338 at port 0
2019-09-06 01:41:11,652 [Datanode State Machine Thread - 0] INFO  impl.RaftServerProxy (RaftServerProxy.java:lambda$start$3(299)) - 1f2e57d7-1cd2-4b96-9676-7904a5c1d338: start RPC server
2019-09-06 01:41:11,653 [Datanode State Machine Thread - 0] INFO  server.GrpcService (GrpcService.java:startImpl(149)) - 1f2e57d7-1cd2-4b96-9676-7904a5c1d338: GrpcService started, listening on 0.0.0.0/0.0.0.0:42384
2019-09-06 01:41:11,653 [Datanode State Machine Thread - 0] INFO  ratis.XceiverServerRatis (XceiverServerRatis.java:start(403)) - XceiverServerRatis 1f2e57d7-1cd2-4b96-9676-7904a5c1d338 is started using port 42384
2019-09-06 01:41:11,660 [Datanode State Machine Thread - 0] INFO  server.XceiverServerGrpc (XceiverServerGrpc.java:start(163)) - XceiverServerGrpc 1f2e57d7-1cd2-4b96-9676-7904a5c1d338 is started using port 32830
2019-09-06 01:41:12,632 [main] INFO  ozone.MiniOzoneClusterImpl (MiniOzoneClusterImpl.java:lambda$waitForClusterToBeReady$0(140)) - Waiting for cluster to be ready. Got 0 of 7 DN Heartbeats.
2019-09-06 01:41:13,249 [IPC Server handler 0 on 34432] INFO  net.NetworkTopology (NetworkTopologyImpl.java:add(110)) - Added a new node: /default-rack/ee89e297-a801-48e6-912d-41102d8ca779
2019-09-06 01:41:13,251 [IPC Server handler 0 on 34432] INFO  node.SCMNodeManager (SCMNodeManager.java:register(266)) - Registered Data node : ee89e297-a801-48e6-912d-41102d8ca779{ip: 192.168.5.177, host: pr-hdds-2015-4zh84-2711163145, networkLocation: /default-rack, certSerialId: null}
2019-09-06 01:41:13,251 [EventQueue-NodeRegistrationContainerReportForDataNodeSafeModeRule] INFO  safemode.SCMSafeModeManager (DataNodeSafeModeRule.java:process(71)) - SCM in safe mode. 1 DataNodes registered, 1 required.
2019-09-06 01:41:13,253 [EventQueue-NodeRegistrationContainerReportForContainerSafeModeRule] INFO  safemode.SCMSafeModeManager (SCMSafeModeManager.java:validateSafeModeExitRules(177)) - ScmSafeModeManager, all rules are successfully validated
2019-09-06 01:41:13,253 [EventQueue-NodeRegistrationContainerReportForContainerSafeModeRule] INFO  safemode.SCMSafeModeManager (SCMSafeModeManager.java:exitSafeMode(193)) - SCM exiting safe mode.
2019-09-06 01:41:13,259 [grpc-default-executor-2] INFO  impl.RaftServerProxy (RaftServerProxy.java:addNew(89)) - ee89e297-a801-48e6-912d-41102d8ca779: addNew group-3CEA160324B6:[ee89e297-a801-48e6-912d-41102d8ca779:192.168.5.177:39328] returns group-3CEA160324B6:java.util.concurrent.CompletableFuture@75fa78d2[Not completed]
2019-09-06 01:41:13,260 [pool-409-thread-1] INFO  impl.RaftServerImpl (RaftServerImpl.java:<init>(93)) - ee89e297-a801-48e6-912d-41102d8ca779: new RaftServerImpl for group-3CEA160324B6:[ee89e297-a801-48e6-912d-41102d8ca779:192.168.5.177:39328] with ContainerStateMachine:uninitialized
2019-09-06 01:41:13,260 [pool-409-thread-1] INFO  server.RaftServerConfigKeys (ConfUtils.java:logGet(43)) - raft.server.rpc.timeout.min = 5s (custom)
2019-09-06 01:41:13,261 [pool-409-thread-1] INFO  server.RaftServerConfigKeys (ConfUtils.java:logGet(43)) - raft.server.rpc.timeout.max = 5200ms (custom)
2019-09-06 01:41:13,261 [pool-409-thread-1] INFO  server.RaftServerConfigKeys (ConfUtils.java:logGet(43)) - raft.server.rpcslowness.timeout = 120s (custom)
2019-09-06 01:41:13,261 [pool-409-thread-1] INFO  server.RaftServerConfigKeys (ConfUtils.java:logGet(43)) - raft.server.sleep.deviation.threshold = 300 (default)
2019-09-06 01:41:13,261 [pool-409-thread-1] INFO  server.RaftServerConfigKeys (ConfUtils.java:logGet(43)) - raft.server.log.appender.install.snapshot.enabled = false (custom)
2019-09-06 01:41:13,261 [pool-409-thread-1] INFO  impl.RaftServerImpl (ServerState.java:<init>(105)) - ee89e297-a801-48e6-912d-41102d8ca779:group-3CEA160324B6 ConfigurationManager, init=-1: [ee89e297-a801-48e6-912d-41102d8ca779:192.168.5.177:39328], old=null, confs=<EMPTY_MAP>
2019-09-06 01:41:13,261 [pool-409-thread-1] INFO  server.RaftServerConfigKeys (ConfUtils.java:logGet(43)) - raft.server.storage.dir = [/workdir/hadoop-ozone/integration-test/target/test-dir/MiniOzoneClusterImpl-fa83d308-25e6-4772-bfe6-42db08352842/datanode-0/data/ratis] (custom)
2019-09-06 01:41:13,261 [pool-409-thread-1] INFO  storage.RaftStorageDirectory (RaftStorageDirectory.java:analyzeStorage(246)) - The storage directory /workdir/hadoop-ozone/integration-test/target/test-dir/MiniOzoneClusterImpl-fa83d308-25e6-4772-bfe6-42db08352842/datanode-0/data/ratis/855f8705-9336-422a-a3e7-3cea160324b6 does not exist. Creating ...
2019-09-06 01:41:13,311 [IPC Server handler 1 on 34432] INFO  net.NetworkTopology (NetworkTopologyImpl.java:add(110)) - Added a new node: /default-rack/bbace8e8-e1a9-42ee-9889-2c1141283f48
2019-09-06 01:41:13,311 [IPC Server handler 1 on 34432] INFO  node.SCMNodeManager (SCMNodeManager.java:register(266)) - Registered Data node : bbace8e8-e1a9-42ee-9889-2c1141283f48{ip: 192.168.5.177, host: pr-hdds-2015-4zh84-2711163145, networkLocation: /default-rack, certSerialId: null}
2019-09-06 01:41:13,353 [pool-409-thread-1] INFO  storage.RaftStorageDirectory (RaftStorageDirectory.java:tryLock(328)) - Lock on /workdir/hadoop-ozone/integration-test/target/test-dir/MiniOzoneClusterImpl-fa83d308-25e6-4772-bfe6-42db08352842/datanode-0/data/ratis/855f8705-9336-422a-a3e7-3cea160324b6/in_use.lock acquired by nodename 29060@pr-hdds-2015-4zh84-2711163145
2019-09-06 01:41:13,366 [pool-409-thread-1] INFO  storage.RaftStorage (RaftStorage.java:format(72)) - Storage directory /workdir/hadoop-ozone/integration-test/target/test-dir/MiniOzoneClusterImpl-fa83d308-25e6-4772-bfe6-42db08352842/datanode-0/data/ratis/855f8705-9336-422a-a3e7-3cea160324b6 has been successfully formatted.
2019-09-06 01:41:13,366 [pool-409-thread-1] INFO  ratis.ContainerStateMachine (ContainerStateMachine.java:loadSnapshot(227)) - group-3CEA160324B6: The snapshot info is null. Setting the last applied indexto:(t:0, i:~)
2019-09-06 01:41:13,366 [pool-409-thread-1] INFO  server.RaftServerConfigKeys (ConfUtils.java:logGet(43)) - raft.server.leader.election.timeout = 120s (custom)
2019-09-06 01:41:13,366 [pool-409-thread-1] INFO  server.RaftServerConfigKeys (ConfUtils.java:logGet(43)) - raft.server.log.use.memory = false (default)
2019-09-06 01:41:13,367 [pool-409-thread-1] INFO  server.RaftServerConfigKeys (ConfUtils.java:logGet(43)) - raft.server.log.purge.gap = 1000000 (custom)
2019-09-06 01:41:13,367 [pool-409-thread-1] INFO  server.RaftServerConfigKeys (ConfUtils.java:logGet(43)) - raft.server.log.appender.buffer.byte-limit = 33554432 (custom)
2019-09-06 01:41:13,367 [pool-409-thread-1] INFO  server.RaftServerConfigKeys (ConfUtils.java:logGet(43)) - raft.server.log.segment.size.max = 1048576 (custom)
2019-09-06 01:41:13,367 [pool-409-thread-1] INFO  server.RaftServerConfigKeys (ConfUtils.java:logGet(43)) - raft.server.log.segment.cache.num.max = 2 (custom)
2019-09-06 01:41:13,367 [pool-409-thread-1] INFO  segmented.SegmentedRaftLogWorker (SegmentedRaftLogWorker.java:<init>(172)) - new ee89e297-a801-48e6-912d-41102d8ca779-SegmentedRaftLogWorker:Storage Directory /workdir/hadoop-ozone/integration-test/target/test-dir/MiniOzoneClusterImpl-fa83d308-25e6-4772-bfe6-42db08352842/datanode-0/data/ratis/855f8705-9336-422a-a3e7-3cea160324b6 for RaftStorage:Storage Directory /workdir/hadoop-ozone/integration-test/target/test-dir/MiniOzoneClusterImpl-fa83d308-25e6-4772-bfe6-42db08352842/datanode-0/data/ratis/855f8705-9336-422a-a3e7-3cea160324b6
2019-09-06 01:41:13,367 [pool-409-thread-1] INFO  server.RaftServerConfigKeys (ConfUtils.java:logGet(43)) - raft.server.log.queue.byte-limit = 2147483647 (custom)
2019-09-06 01:41:13,368 [pool-409-thread-1] INFO  server.RaftServerConfigKeys (ConfUtils.java:logGet(43)) - raft.server.log.queue.element-limit = 1024 (custom)
2019-09-06 01:41:13,368 [pool-409-thread-1] INFO  server.RaftServerConfigKeys (ConfUtils.java:logGet(43)) - raft.server.log.segment.size.max = 1048576 (custom)
2019-09-06 01:41:13,368 [pool-409-thread-1] INFO  server.RaftServerConfigKeys (ConfUtils.java:logGet(43)) - raft.server.log.preallocated.size = 16384 (custom)
2019-09-06 01:41:13,368 [pool-409-thread-1] INFO  server.RaftServerConfigKeys (ConfUtils.java:logGet(43)) - raft.server.log.write.buffer.size = 33554432 (custom)
2019-09-06 01:41:13,368 [pool-409-thread-1] INFO  server.RaftServerConfigKeys (ConfUtils.java:logGet(43)) - raft.server.log.force.sync.num = 128 (default)
2019-09-06 01:41:13,368 [pool-409-thread-1] INFO  server.RaftServerConfigKeys (ConfUtils.java:logGet(43)) - raft.server.log.statemachine.data.sync = true (default)
2019-09-06 01:41:13,369 [pool-409-thread-1] INFO  server.RaftServerConfigKeys (ConfUtils.java:logGet(43)) - raft.server.log.statemachine.data.sync.timeout = 10s (default)
2019-09-06 01:41:13,369 [pool-409-thread-1] INFO  server.RaftServerConfigKeys (ConfUtils.java:logGet(43)) - raft.server.log.statemachine.data.sync.timeout.retry = -1 (default)
2019-09-06 01:41:13,369 [pool-409-thread-1] INFO  server.RaftServerConfigKeys (ConfUtils.java:logGet(43)) - raft.server.log.statemachine.data.caching.enabled = true (custom)
2019-09-06 01:41:13,369 [pool-409-thread-1] INFO  segmented.SegmentedRaftLogWorker (SegmentedRaftLogWorker.java:lambda$new$0(132)) - ee89e297-a801-48e6-912d-41102d8ca779-SegmentedRaftLogWorker:Storage Directory /workdir/hadoop-ozone/integration-test/target/test-dir/MiniOzoneClusterImpl-fa83d308-25e6-4772-bfe6-42db08352842/datanode-0/data/ratis/855f8705-9336-422a-a3e7-3cea160324b6: flushIndex: setUnconditionally 0 -> -1
2019-09-06 01:41:13,370 [pool-409-thread-1] INFO  server.RaftServerConfigKeys (ConfUtils.java:logGet(43)) - raft.server.snapshot.auto.trigger.enabled = true (custom)
2019-09-06 01:41:13,370 [pool-409-thread-1] INFO  server.RaftServerConfigKeys (ConfUtils.java:logGet(43)) - raft.server.snapshot.auto.trigger.threshold = 10000 (custom)
2019-09-06 01:41:13,370 [pool-409-thread-1] INFO  server.RaftServerConfigKeys (ConfUtils.java:logGet(43)) - raft.server.retrycache.expirytime = 600000ms (custom)
2019-09-06 01:41:13,370 [pool-409-thread-1] INFO  impl.RaftServerImpl (RaftServerImpl.java:start(180)) - ee89e297-a801-48e6-912d-41102d8ca779: start group-3CEA160324B6
2019-09-06 01:41:13,370 [pool-409-thread-1] INFO  impl.RaftServerImpl (RaftServerImpl.java:setRole(171)) - ee89e297-a801-48e6-912d-41102d8ca779:group-3CEA160324B6 changes role from null to FOLLOWER at term 0 for startAsFollower
2019-09-06 01:41:13,370 [pool-409-thread-1] INFO  impl.RoleInfo (RoleInfo.java:updateAndGet(143)) - ee89e297-a801-48e6-912d-41102d8ca779: start FollowerState
2019-09-06 01:41:13,371 [pool-409-thread-1] INFO  util.JmxRegister (JmxRegister.java:tryRegister(44)) - Successfully registered JMX Bean with object name Ratis:service=RaftServer,group=group-3CEA160324B6,id=ee89e297-a801-48e6-912d-41102d8ca779
2019-09-06 01:41:13,373 [RatisPipelineUtilsThread] INFO  pipeline.PipelineStateManager (PipelineStateManager.java:addPipeline(56)) - Created pipeline Pipeline[ Id: 855f8705-9336-422a-a3e7-3cea160324b6, Nodes: ee89e297-a801-48e6-912d-41102d8ca779{ip: 192.168.5.177, host: pr-hdds-2015-4zh84-2711163145, networkLocation: /default-rack, certSerialId: null}, Type:RATIS, Factor:ONE, State:OPEN]
2019-09-06 01:41:13,375 [IPC Server handler 2 on 34432] INFO  net.NetworkTopology (NetworkTopologyImpl.java:add(110)) - Added a new node: /default-rack/edc09431-f278-40d3-af03-90e48e877b17
2019-09-06 01:41:13,375 [IPC Server handler 2 on 34432] INFO  node.SCMNodeManager (SCMNodeManager.java:register(266)) - Registered Data node : edc09431-f278-40d3-af03-90e48e877b17{ip: 192.168.5.177, host: pr-hdds-2015-4zh84-2711163145, networkLocation: /default-rack, certSerialId: null}
2019-09-06 01:41:13,381 [grpc-default-executor-2] INFO  impl.RaftServerProxy (RaftServerProxy.java:addNew(89)) - bbace8e8-e1a9-42ee-9889-2c1141283f48: addNew group-BAF6529E71F2:[bbace8e8-e1a9-42ee-9889-2c1141283f48:192.168.5.177:39551] returns group-BAF6529E71F2:java.util.concurrent.CompletableFuture@1ce6ed0d[Not completed]
2019-09-06 01:41:13,382 [pool-419-thread-1] INFO  impl.RaftServerImpl (RaftServerImpl.java:<init>(93)) - bbace8e8-e1a9-42ee-9889-2c1141283f48: new RaftServerImpl for group-BAF6529E71F2:[bbace8e8-e1a9-42ee-9889-2c1141283f48:192.168.5.177:39551] with ContainerStateMachine:uninitialized
2019-09-06 01:41:13,382 [pool-419-thread-1] INFO  server.RaftServerConfigKeys (ConfUtils.java:logGet(43)) - raft.server.rpc.timeout.min = 5s (custom)
2019-09-06 01:41:13,383 [pool-419-thread-1] INFO  server.RaftServerConfigKeys (ConfUtils.java:logGet(43)) - raft.server.rpc.timeout.max = 5200ms (custom)
2019-09-06 01:41:13,383 [pool-419-thread-1] INFO  server.RaftServerConfigKeys (ConfUtils.java:logGet(43)) - raft.server.rpcslowness.timeout = 120s (custom)
2019-09-06 01:41:13,383 [pool-419-thread-1] INFO  server.RaftServerConfigKeys (ConfUtils.java:logGet(43)) - raft.server.sleep.deviation.threshold = 300 (default)
2019-09-06 01:41:13,383 [pool-419-thread-1] INFO  server.RaftServerConfigKeys (ConfUtils.java:logGet(43)) - raft.server.log.appender.install.snapshot.enabled = false (custom)
2019-09-06 01:41:13,383 [pool-419-thread-1] INFO  impl.RaftServerImpl (ServerState.java:<init>(105)) - bbace8e8-e1a9-42ee-9889-2c1141283f48:group-BAF6529E71F2 ConfigurationManager, init=-1: [bbace8e8-e1a9-42ee-9889-2c1141283f48:192.168.5.177:39551], old=null, confs=<EMPTY_MAP>
2019-09-06 01:41:13,383 [pool-419-thread-1] INFO  server.RaftServerConfigKeys (ConfUtils.java:logGet(43)) - raft.server.storage.dir = [/workdir/hadoop-ozone/integration-test/target/test-dir/MiniOzoneClusterImpl-fa83d308-25e6-4772-bfe6-42db08352842/datanode-1/data/ratis] (custom)
2019-09-06 01:41:13,383 [pool-419-thread-1] INFO  storage.RaftStorageDirectory (RaftStorageDirectory.java:analyzeStorage(246)) - The storage directory /workdir/hadoop-ozone/integration-test/target/test-dir/MiniOzoneClusterImpl-fa83d308-25e6-4772-bfe6-42db08352842/datanode-1/data/ratis/0abf532b-6e57-407e-abec-baf6529e71f2 does not exist. Creating ...
2019-09-06 01:41:13,401 [pool-419-thread-1] INFO  storage.RaftStorageDirectory (RaftStorageDirectory.java:tryLock(328)) - Lock on /workdir/hadoop-ozone/integration-test/target/test-dir/MiniOzoneClusterImpl-fa83d308-25e6-4772-bfe6-42db08352842/datanode-1/data/ratis/0abf532b-6e57-407e-abec-baf6529e71f2/in_use.lock acquired by nodename 29060@pr-hdds-2015-4zh84-2711163145
2019-09-06 01:41:13,421 [pool-419-thread-1] INFO  storage.RaftStorage (RaftStorage.java:format(72)) - Storage directory /workdir/hadoop-ozone/integration-test/target/test-dir/MiniOzoneClusterImpl-fa83d308-25e6-4772-bfe6-42db08352842/datanode-1/data/ratis/0abf532b-6e57-407e-abec-baf6529e71f2 has been successfully formatted.
2019-09-06 01:41:13,422 [pool-419-thread-1] INFO  ratis.ContainerStateMachine (ContainerStateMachine.java:loadSnapshot(227)) - group-BAF6529E71F2: The snapshot info is null. Setting the last applied indexto:(t:0, i:~)
2019-09-06 01:41:13,422 [pool-419-thread-1] INFO  server.RaftServerConfigKeys (ConfUtils.java:logGet(43)) - raft.server.leader.election.timeout = 120s (custom)
2019-09-06 01:41:13,422 [pool-419-thread-1] INFO  server.RaftServerConfigKeys (ConfUtils.java:logGet(43)) - raft.server.log.use.memory = false (default)
2019-09-06 01:41:13,422 [pool-419-thread-1] INFO  server.RaftServerConfigKeys (ConfUtils.java:logGet(43)) - raft.server.log.purge.gap = 1000000 (custom)
2019-09-06 01:41:13,422 [pool-419-thread-1] INFO  server.RaftServerConfigKeys (ConfUtils.java:logGet(43)) - raft.server.log.appender.buffer.byte-limit = 33554432 (custom)
2019-09-06 01:41:13,423 [pool-419-thread-1] INFO  server.RaftServerConfigKeys (ConfUtils.java:logGet(43)) - raft.server.log.segment.size.max = 1048576 (custom)
2019-09-06 01:41:13,423 [pool-419-thread-1] INFO  server.RaftServerConfigKeys (ConfUtils.java:logGet(43)) - raft.server.log.segment.cache.num.max = 2 (custom)
2019-09-06 01:41:13,423 [pool-419-thread-1] INFO  segmented.SegmentedRaftLogWorker (SegmentedRaftLogWorker.java:<init>(172)) - new bbace8e8-e1a9-42ee-9889-2c1141283f48-SegmentedRaftLogWorker:Storage Directory /workdir/hadoop-ozone/integration-test/target/test-dir/MiniOzoneClusterImpl-fa83d308-25e6-4772-bfe6-42db08352842/datanode-1/data/ratis/0abf532b-6e57-407e-abec-baf6529e71f2 for RaftStorage:Storage Directory /workdir/hadoop-ozone/integration-test/target/test-dir/MiniOzoneClusterImpl-fa83d308-25e6-4772-bfe6-42db08352842/datanode-1/data/ratis/0abf532b-6e57-407e-abec-baf6529e71f2
2019-09-06 01:41:13,423 [pool-419-thread-1] INFO  server.RaftServerConfigKeys (ConfUtils.java:logGet(43)) - raft.server.log.queue.byte-limit = 2147483647 (custom)
2019-09-06 01:41:13,423 [pool-419-thread-1] INFO  server.RaftServerConfigKeys (ConfUtils.java:logGet(43)) - raft.server.log.queue.element-limit = 1024 (custom)
2019-09-06 01:41:13,423 [pool-419-thread-1] INFO  server.RaftServerConfigKeys (ConfUtils.java:logGet(43)) - raft.server.log.segment.size.max = 1048576 (custom)
2019-09-06 01:41:13,424 [pool-419-thread-1] INFO  server.RaftServerConfigKeys (ConfUtils.java:logGet(43)) - raft.server.log.preallocated.size = 16384 (custom)
2019-09-06 01:41:13,424 [pool-419-thread-1] INFO  server.RaftServerConfigKeys (ConfUtils.java:logGet(43)) - raft.server.log.write.buffer.size = 33554432 (custom)
2019-09-06 01:41:13,424 [pool-419-thread-1] INFO  server.RaftServerConfigKeys (ConfUtils.java:logGet(43)) - raft.server.log.force.sync.num = 128 (default)
2019-09-06 01:41:13,424 [pool-419-thread-1] INFO  server.RaftServerConfigKeys (ConfUtils.java:logGet(43)) - raft.server.log.statemachine.data.sync = true (default)
2019-09-06 01:41:13,424 [pool-419-thread-1] INFO  server.RaftServerConfigKeys (ConfUtils.java:logGet(43)) - raft.server.log.statemachine.data.sync.timeout = 10s (default)
2019-09-06 01:41:13,424 [pool-419-thread-1] INFO  server.RaftServerConfigKeys (ConfUtils.java:logGet(43)) - raft.server.log.statemachine.data.sync.timeout.retry = -1 (default)
2019-09-06 01:41:13,424 [pool-419-thread-1] INFO  server.RaftServerConfigKeys (ConfUtils.java:logGet(43)) - raft.server.log.statemachine.data.caching.enabled = true (custom)
2019-09-06 01:41:13,425 [pool-419-thread-1] INFO  segmented.SegmentedRaftLogWorker (SegmentedRaftLogWorker.java:lambda$new$0(132)) - bbace8e8-e1a9-42ee-9889-2c1141283f48-SegmentedRaftLogWorker:Storage Directory /workdir/hadoop-ozone/integration-test/target/test-dir/MiniOzoneClusterImpl-fa83d308-25e6-4772-bfe6-42db08352842/datanode-1/data/ratis/0abf532b-6e57-407e-abec-baf6529e71f2: flushIndex: setUnconditionally 0 -> -1
2019-09-06 01:41:13,425 [pool-419-thread-1] INFO  server.RaftServerConfigKeys (ConfUtils.java:logGet(43)) - raft.server.snapshot.auto.trigger.enabled = true (custom)
2019-09-06 01:41:13,425 [pool-419-thread-1] INFO  server.RaftServerConfigKeys (ConfUtils.java:logGet(43)) - raft.server.snapshot.auto.trigger.threshold = 10000 (custom)
2019-09-06 01:41:13,425 [pool-419-thread-1] INFO  server.RaftServerConfigKeys (ConfUtils.java:logGet(43)) - raft.server.retrycache.expirytime = 600000ms (custom)
2019-09-06 01:41:13,426 [pool-419-thread-1] INFO  impl.RaftServerImpl (RaftServerImpl.java:start(180)) - bbace8e8-e1a9-42ee-9889-2c1141283f48: start group-BAF6529E71F2
2019-09-06 01:41:13,426 [pool-419-thread-1] INFO  impl.RaftServerImpl (RaftServerImpl.java:setRole(171)) - bbace8e8-e1a9-42ee-9889-2c1141283f48:group-BAF6529E71F2 changes role from null to FOLLOWER at term 0 for startAsFollower
2019-09-06 01:41:13,426 [pool-419-thread-1] INFO  impl.RoleInfo (RoleInfo.java:updateAndGet(143)) - bbace8e8-e1a9-42ee-9889-2c1141283f48: start FollowerState
2019-09-06 01:41:13,426 [pool-419-thread-1] INFO  util.JmxRegister (JmxRegister.java:tryRegister(44)) - Successfully registered JMX Bean with object name Ratis:service=RaftServer,group=group-BAF6529E71F2,id=bbace8e8-e1a9-42ee-9889-2c1141283f48
2019-09-06 01:41:13,428 [RatisPipelineUtilsThread] INFO  pipeline.PipelineStateManager (PipelineStateManager.java:addPipeline(56)) - Created pipeline Pipeline[ Id: 0abf532b-6e57-407e-abec-baf6529e71f2, Nodes: bbace8e8-e1a9-42ee-9889-2c1141283f48{ip: 192.168.5.177, host: pr-hdds-2015-4zh84-2711163145, networkLocation: /default-rack, certSerialId: null}, Type:RATIS, Factor:ONE, State:OPEN]
2019-09-06 01:41:13,435 [grpc-default-executor-2] INFO  impl.RaftServerProxy (RaftServerProxy.java:addNew(89)) - edc09431-f278-40d3-af03-90e48e877b17: addNew group-17C3265A37EE:[edc09431-f278-40d3-af03-90e48e877b17:192.168.5.177:37126] returns group-17C3265A37EE:java.util.concurrent.CompletableFuture@3b3ad9a8[Not completed]
2019-09-06 01:41:13,436 [pool-429-thread-1] INFO  impl.RaftServerImpl (RaftServerImpl.java:<init>(93)) - edc09431-f278-40d3-af03-90e48e877b17: new RaftServerImpl for group-17C3265A37EE:[edc09431-f278-40d3-af03-90e48e877b17:192.168.5.177:37126] with ContainerStateMachine:uninitialized
2019-09-06 01:41:13,437 [pool-429-thread-1] INFO  server.RaftServerConfigKeys (ConfUtils.java:logGet(43)) - raft.server.rpc.timeout.min = 5s (custom)
2019-09-06 01:41:13,437 [IPC Server handler 3 on 34432] INFO  net.NetworkTopology (NetworkTopologyImpl.java:add(110)) - Added a new node: /default-rack/f6e8ff06-084b-46ba-beae-927f7c0622d9
2019-09-06 01:41:13,437 [pool-429-thread-1] INFO  server.RaftServerConfigKeys (ConfUtils.java:logGet(43)) - raft.server.rpc.timeout.max = 5200ms (custom)
2019-09-06 01:41:13,437 [IPC Server handler 3 on 34432] INFO  node.SCMNodeManager (SCMNodeManager.java:register(266)) - Registered Data node : f6e8ff06-084b-46ba-beae-927f7c0622d9{ip: 192.168.5.177, host: pr-hdds-2015-4zh84-2711163145, networkLocation: /default-rack, certSerialId: null}
2019-09-06 01:41:13,438 [pool-429-thread-1] INFO  server.RaftServerConfigKeys (ConfUtils.java:logGet(43)) - raft.server.rpcslowness.timeout = 120s (custom)
2019-09-06 01:41:13,438 [pool-429-thread-1] INFO  server.RaftServerConfigKeys (ConfUtils.java:logGet(43)) - raft.server.sleep.deviation.threshold = 300 (default)
2019-09-06 01:41:13,438 [pool-429-thread-1] INFO  server.RaftServerConfigKeys (ConfUtils.java:logGet(43)) - raft.server.log.appender.install.snapshot.enabled = false (custom)
2019-09-06 01:41:13,438 [pool-429-thread-1] INFO  impl.RaftServerImpl (ServerState.java:<init>(105)) - edc09431-f278-40d3-af03-90e48e877b17:group-17C3265A37EE ConfigurationManager, init=-1: [edc09431-f278-40d3-af03-90e48e877b17:192.168.5.177:37126], old=null, confs=<EMPTY_MAP>
2019-09-06 01:41:13,438 [pool-429-thread-1] INFO  server.RaftServerConfigKeys (ConfUtils.java:logGet(43)) - raft.server.storage.dir = [/workdir/hadoop-ozone/integration-test/target/test-dir/MiniOzoneClusterImpl-fa83d308-25e6-4772-bfe6-42db08352842/datanode-2/data/ratis] (custom)
2019-09-06 01:41:13,439 [pool-429-thread-1] INFO  storage.RaftStorageDirectory (RaftStorageDirectory.java:analyzeStorage(246)) - The storage directory /workdir/hadoop-ozone/integration-test/target/test-dir/MiniOzoneClusterImpl-fa83d308-25e6-4772-bfe6-42db08352842/datanode-2/data/ratis/2f98f1d7-e9a1-4f64-89fd-17c3265a37ee does not exist. Creating ...
2019-09-06 01:41:13,452 [pool-429-thread-1] INFO  storage.RaftStorageDirectory (RaftStorageDirectory.java:tryLock(328)) - Lock on /workdir/hadoop-ozone/integration-test/target/test-dir/MiniOzoneClusterImpl-fa83d308-25e6-4772-bfe6-42db08352842/datanode-2/data/ratis/2f98f1d7-e9a1-4f64-89fd-17c3265a37ee/in_use.lock acquired by nodename 29060@pr-hdds-2015-4zh84-2711163145
2019-09-06 01:41:13,470 [pool-429-thread-1] INFO  storage.RaftStorage (RaftStorage.java:format(72)) - Storage directory /workdir/hadoop-ozone/integration-test/target/test-dir/MiniOzoneClusterImpl-fa83d308-25e6-4772-bfe6-42db08352842/datanode-2/data/ratis/2f98f1d7-e9a1-4f64-89fd-17c3265a37ee has been successfully formatted.
2019-09-06 01:41:13,470 [pool-429-thread-1] INFO  ratis.ContainerStateMachine (ContainerStateMachine.java:loadSnapshot(227)) - group-17C3265A37EE: The snapshot info is null. Setting the last applied indexto:(t:0, i:~)
2019-09-06 01:41:13,470 [pool-429-thread-1] INFO  server.RaftServerConfigKeys (ConfUtils.java:logGet(43)) - raft.server.leader.election.timeout = 120s (custom)
2019-09-06 01:41:13,470 [pool-429-thread-1] INFO  server.RaftServerConfigKeys (ConfUtils.java:logGet(43)) - raft.server.log.use.memory = false (default)
2019-09-06 01:41:13,470 [pool-429-thread-1] INFO  server.RaftServerConfigKeys (ConfUtils.java:logGet(43)) - raft.server.log.purge.gap = 1000000 (custom)
2019-09-06 01:41:13,470 [pool-429-thread-1] INFO  server.RaftServerConfigKeys (ConfUtils.java:logGet(43)) - raft.server.log.appender.buffer.byte-limit = 33554432 (custom)
2019-09-06 01:41:13,471 [pool-429-thread-1] INFO  server.RaftServerConfigKeys (ConfUtils.java:logGet(43)) - raft.server.log.segment.size.max = 1048576 (custom)
2019-09-06 01:41:13,471 [pool-429-thread-1] INFO  server.RaftServerConfigKeys (ConfUtils.java:logGet(43)) - raft.server.log.segment.cache.num.max = 2 (custom)
2019-09-06 01:41:13,471 [pool-429-thread-1] INFO  segmented.SegmentedRaftLogWorker (SegmentedRaftLogWorker.java:<init>(172)) - new edc09431-f278-40d3-af03-90e48e877b17-SegmentedRaftLogWorker:Storage Directory /workdir/hadoop-ozone/integration-test/target/test-dir/MiniOzoneClusterImpl-fa83d308-25e6-4772-bfe6-42db08352842/datanode-2/data/ratis/2f98f1d7-e9a1-4f64-89fd-17c3265a37ee for RaftStorage:Storage Directory /workdir/hadoop-ozone/integration-test/target/test-dir/MiniOzoneClusterImpl-fa83d308-25e6-4772-bfe6-42db08352842/datanode-2/data/ratis/2f98f1d7-e9a1-4f64-89fd-17c3265a37ee
2019-09-06 01:41:13,471 [pool-429-thread-1] INFO  server.RaftServerConfigKeys (ConfUtils.java:logGet(43)) - raft.server.log.queue.byte-limit = 2147483647 (custom)
2019-09-06 01:41:13,471 [pool-429-thread-1] INFO  server.RaftServerConfigKeys (ConfUtils.java:logGet(43)) - raft.server.log.queue.element-limit = 1024 (custom)
2019-09-06 01:41:13,471 [pool-429-thread-1] INFO  server.RaftServerConfigKeys (ConfUtils.java:logGet(43)) - raft.server.log.segment.size.max = 1048576 (custom)
2019-09-06 01:41:13,472 [pool-429-thread-1] INFO  server.RaftServerConfigKeys (ConfUtils.java:logGet(43)) - raft.server.log.preallocated.size = 16384 (custom)
2019-09-06 01:41:13,472 [pool-429-thread-1] INFO  server.RaftServerConfigKeys (ConfUtils.java:logGet(43)) - raft.server.log.write.buffer.size = 33554432 (custom)
2019-09-06 01:41:13,472 [pool-429-thread-1] INFO  server.RaftServerConfigKeys (ConfUtils.java:logGet(43)) - raft.server.log.force.sync.num = 128 (default)
2019-09-06 01:41:13,472 [pool-429-thread-1] INFO  server.RaftServerConfigKeys (ConfUtils.java:logGet(43)) - raft.server.log.statemachine.data.sync = true (default)
2019-09-06 01:41:13,472 [pool-429-thread-1] INFO  server.RaftServerConfigKeys (ConfUtils.java:logGet(43)) - raft.server.log.statemachine.data.sync.timeout = 10s (default)
2019-09-06 01:41:13,472 [pool-429-thread-1] INFO  server.RaftServerConfigKeys (ConfUtils.java:logGet(43)) - raft.server.log.statemachine.data.sync.timeout.retry = -1 (default)
2019-09-06 01:41:13,472 [pool-429-thread-1] INFO  server.RaftServerConfigKeys (ConfUtils.java:logGet(43)) - raft.server.log.statemachine.data.caching.enabled = true (custom)
2019-09-06 01:41:13,473 [pool-429-thread-1] INFO  segmented.SegmentedRaftLogWorker (SegmentedRaftLogWorker.java:lambda$new$0(132)) - edc09431-f278-40d3-af03-90e48e877b17-SegmentedRaftLogWorker:Storage Directory /workdir/hadoop-ozone/integration-test/target/test-dir/MiniOzoneClusterImpl-fa83d308-25e6-4772-bfe6-42db08352842/datanode-2/data/ratis/2f98f1d7-e9a1-4f64-89fd-17c3265a37ee: flushIndex: setUnconditionally 0 -> -1
2019-09-06 01:41:13,473 [pool-429-thread-1] INFO  server.RaftServerConfigKeys (ConfUtils.java:logGet(43)) - raft.server.snapshot.auto.trigger.enabled = true (custom)
2019-09-06 01:41:13,473 [pool-429-thread-1] INFO  server.RaftServerConfigKeys (ConfUtils.java:logGet(43)) - raft.server.snapshot.auto.trigger.threshold = 10000 (custom)
2019-09-06 01:41:13,473 [pool-429-thread-1] INFO  server.RaftServerConfigKeys (ConfUtils.java:logGet(43)) - raft.server.retrycache.expirytime = 600000ms (custom)
2019-09-06 01:41:13,473 [pool-429-thread-1] INFO  impl.RaftServerImpl (RaftServerImpl.java:start(180)) - edc09431-f278-40d3-af03-90e48e877b17: start group-17C3265A37EE
2019-09-06 01:41:13,473 [pool-429-thread-1] INFO  impl.RaftServerImpl (RaftServerImpl.java:setRole(171)) - edc09431-f278-40d3-af03-90e48e877b17:group-17C3265A37EE changes role from null to FOLLOWER at term 0 for startAsFollower
2019-09-06 01:41:13,474 [pool-429-thread-1] INFO  impl.RoleInfo (RoleInfo.java:updateAndGet(143)) - edc09431-f278-40d3-af03-90e48e877b17: start FollowerState
2019-09-06 01:41:13,474 [pool-429-thread-1] INFO  util.JmxRegister (JmxRegister.java:tryRegister(44)) - Successfully registered JMX Bean with object name Ratis:service=RaftServer,group=group-17C3265A37EE,id=edc09431-f278-40d3-af03-90e48e877b17
2019-09-06 01:41:13,477 [RatisPipelineUtilsThread] INFO  pipeline.PipelineStateManager (PipelineStateManager.java:addPipeline(56)) - Created pipeline Pipeline[ Id: 2f98f1d7-e9a1-4f64-89fd-17c3265a37ee, Nodes: edc09431-f278-40d3-af03-90e48e877b17{ip: 192.168.5.177, host: pr-hdds-2015-4zh84-2711163145, networkLocation: /default-rack, certSerialId: null}, Type:RATIS, Factor:ONE, State:OPEN]
2019-09-06 01:41:13,488 [grpc-default-executor-2] INFO  impl.RaftServerProxy (RaftServerProxy.java:addNew(89)) - f6e8ff06-084b-46ba-beae-927f7c0622d9: addNew group-EC800FA9209C:[f6e8ff06-084b-46ba-beae-927f7c0622d9:192.168.5.177:39851] returns group-EC800FA9209C:java.util.concurrent.CompletableFuture@2971852b[Not completed]
2019-09-06 01:41:13,489 [pool-439-thread-1] INFO  impl.RaftServerImpl (RaftServerImpl.java:<init>(93)) - f6e8ff06-084b-46ba-beae-927f7c0622d9: new RaftServerImpl for group-EC800FA9209C:[f6e8ff06-084b-46ba-beae-927f7c0622d9:192.168.5.177:39851] with ContainerStateMachine:uninitialized
2019-09-06 01:41:13,489 [pool-439-thread-1] INFO  server.RaftServerConfigKeys (ConfUtils.java:logGet(43)) - raft.server.rpc.timeout.min = 5s (custom)
2019-09-06 01:41:13,489 [pool-439-thread-1] INFO  server.RaftServerConfigKeys (ConfUtils.java:logGet(43)) - raft.server.rpc.timeout.max = 5200ms (custom)
2019-09-06 01:41:13,489 [pool-439-thread-1] INFO  server.RaftServerConfigKeys (ConfUtils.java:logGet(43)) - raft.server.rpcslowness.timeout = 120s (custom)
2019-09-06 01:41:13,490 [pool-439-thread-1] INFO  server.RaftServerConfigKeys (ConfUtils.java:logGet(43)) - raft.server.sleep.deviation.threshold = 300 (default)
2019-09-06 01:41:13,490 [pool-439-thread-1] INFO  server.RaftServerConfigKeys (ConfUtils.java:logGet(43)) - raft.server.log.appender.install.snapshot.enabled = false (custom)
2019-09-06 01:41:13,490 [pool-439-thread-1] INFO  impl.RaftServerImpl (ServerState.java:<init>(105)) - f6e8ff06-084b-46ba-beae-927f7c0622d9:group-EC800FA9209C ConfigurationManager, init=-1: [f6e8ff06-084b-46ba-beae-927f7c0622d9:192.168.5.177:39851], old=null, confs=<EMPTY_MAP>
2019-09-06 01:41:13,490 [pool-439-thread-1] INFO  server.RaftServerConfigKeys (ConfUtils.java:logGet(43)) - raft.server.storage.dir = [/workdir/hadoop-ozone/integration-test/target/test-dir/MiniOzoneClusterImpl-fa83d308-25e6-4772-bfe6-42db08352842/datanode-3/data/ratis] (custom)
2019-09-06 01:41:13,490 [pool-439-thread-1] INFO  storage.RaftStorageDirectory (RaftStorageDirectory.java:analyzeStorage(246)) - The storage directory /workdir/hadoop-ozone/integration-test/target/test-dir/MiniOzoneClusterImpl-fa83d308-25e6-4772-bfe6-42db08352842/datanode-3/data/ratis/6c4d667b-3be0-4163-a80f-ec800fa9209c does not exist. Creating ...
2019-09-06 01:41:13,501 [IPC Server handler 5 on 34432] INFO  net.NetworkTopology (NetworkTopologyImpl.java:add(110)) - Added a new node: /default-rack/af53648f-ad65-4ebd-a0ed-12c0c25e13ff
2019-09-06 01:41:13,502 [IPC Server handler 5 on 34432] INFO  node.SCMNodeManager (SCMNodeManager.java:register(266)) - Registered Data node : af53648f-ad65-4ebd-a0ed-12c0c25e13ff{ip: 192.168.5.177, host: pr-hdds-2015-4zh84-2711163145, networkLocation: /default-rack, certSerialId: null}
2019-09-06 01:41:13,503 [pool-439-thread-1] INFO  storage.RaftStorageDirectory (RaftStorageDirectory.java:tryLock(328)) - Lock on /workdir/hadoop-ozone/integration-test/target/test-dir/MiniOzoneClusterImpl-fa83d308-25e6-4772-bfe6-42db08352842/datanode-3/data/ratis/6c4d667b-3be0-4163-a80f-ec800fa9209c/in_use.lock acquired by nodename 29060@pr-hdds-2015-4zh84-2711163145
2019-09-06 01:41:13,517 [pool-439-thread-1] INFO  storage.RaftStorage (RaftStorage.java:format(72)) - Storage directory /workdir/hadoop-ozone/integration-test/target/test-dir/MiniOzoneClusterImpl-fa83d308-25e6-4772-bfe6-42db08352842/datanode-3/data/ratis/6c4d667b-3be0-4163-a80f-ec800fa9209c has been successfully formatted.
2019-09-06 01:41:13,517 [pool-439-thread-1] INFO  ratis.ContainerStateMachine (ContainerStateMachine.java:loadSnapshot(227)) - group-EC800FA9209C: The snapshot info is null. Setting the last applied indexto:(t:0, i:~)
2019-09-06 01:41:13,517 [pool-439-thread-1] INFO  server.RaftServerConfigKeys (ConfUtils.java:logGet(43)) - raft.server.leader.election.timeout = 120s (custom)
2019-09-06 01:41:13,518 [pool-439-thread-1] INFO  server.RaftServerConfigKeys (ConfUtils.java:logGet(43)) - raft.server.log.use.memory = false (default)
2019-09-06 01:41:13,518 [pool-439-thread-1] INFO  server.RaftServerConfigKeys (ConfUtils.java:logGet(43)) - raft.server.log.purge.gap = 1000000 (custom)
2019-09-06 01:41:13,518 [pool-439-thread-1] INFO  server.RaftServerConfigKeys (ConfUtils.java:logGet(43)) - raft.server.log.appender.buffer.byte-limit = 33554432 (custom)
2019-09-06 01:41:13,518 [pool-439-thread-1] INFO  server.RaftServerConfigKeys (ConfUtils.java:logGet(43)) - raft.server.log.segment.size.max = 1048576 (custom)
2019-09-06 01:41:13,518 [pool-439-thread-1] INFO  server.RaftServerConfigKeys (ConfUtils.java:logGet(43)) - raft.server.log.segment.cache.num.max = 2 (custom)
2019-09-06 01:41:13,518 [pool-439-thread-1] INFO  segmented.SegmentedRaftLogWorker (SegmentedRaftLogWorker.java:<init>(172)) - new f6e8ff06-084b-46ba-beae-927f7c0622d9-SegmentedRaftLogWorker:Storage Directory /workdir/hadoop-ozone/integration-test/target/test-dir/MiniOzoneClusterImpl-fa83d308-25e6-4772-bfe6-42db08352842/datanode-3/data/ratis/6c4d667b-3be0-4163-a80f-ec800fa9209c for RaftStorage:Storage Directory /workdir/hadoop-ozone/integration-test/target/test-dir/MiniOzoneClusterImpl-fa83d308-25e6-4772-bfe6-42db08352842/datanode-3/data/ratis/6c4d667b-3be0-4163-a80f-ec800fa9209c
2019-09-06 01:41:13,518 [pool-439-thread-1] INFO  server.RaftServerConfigKeys (ConfUtils.java:logGet(43)) - raft.server.log.queue.byte-limit = 2147483647 (custom)
2019-09-06 01:41:13,518 [pool-439-thread-1] INFO  server.RaftServerConfigKeys (ConfUtils.java:logGet(43)) - raft.server.log.queue.element-limit = 1024 (custom)
2019-09-06 01:41:13,519 [pool-439-thread-1] INFO  server.RaftServerConfigKeys (ConfUtils.java:logGet(43)) - raft.server.log.segment.size.max = 1048576 (custom)
2019-09-06 01:41:13,519 [pool-439-thread-1] INFO  server.RaftServerConfigKeys (ConfUtils.java:logGet(43)) - raft.server.log.preallocated.size = 16384 (custom)
2019-09-06 01:41:13,519 [pool-439-thread-1] INFO  server.RaftServerConfigKeys (ConfUtils.java:logGet(43)) - raft.server.log.write.buffer.size = 33554432 (custom)
2019-09-06 01:41:13,519 [pool-439-thread-1] INFO  server.RaftServerConfigKeys (ConfUtils.java:logGet(43)) - raft.server.log.force.sync.num = 128 (default)
2019-09-06 01:41:13,519 [pool-439-thread-1] INFO  server.RaftServerConfigKeys (ConfUtils.java:logGet(43)) - raft.server.log.statemachine.data.sync = true (default)
2019-09-06 01:41:13,519 [pool-439-thread-1] INFO  server.RaftServerConfigKeys (ConfUtils.java:logGet(43)) - raft.server.log.statemachine.data.sync.timeout = 10s (default)
2019-09-06 01:41:13,519 [pool-439-thread-1] INFO  server.RaftServerConfigKeys (ConfUtils.java:logGet(43)) - raft.server.log.statemachine.data.sync.timeout.retry = -1 (default)
2019-09-06 01:41:13,520 [pool-439-thread-1] INFO  server.RaftServerConfigKeys (ConfUtils.java:logGet(43)) - raft.server.log.statemachine.data.caching.enabled = true (custom)
2019-09-06 01:41:13,520 [pool-439-thread-1] INFO  segmented.SegmentedRaftLogWorker (SegmentedRaftLogWorker.java:lambda$new$0(132)) - f6e8ff06-084b-46ba-beae-927f7c0622d9-SegmentedRaftLogWorker:Storage Directory /workdir/hadoop-ozone/integration-test/target/test-dir/MiniOzoneClusterImpl-fa83d308-25e6-4772-bfe6-42db08352842/datanode-3/data/ratis/6c4d667b-3be0-4163-a80f-ec800fa9209c: flushIndex: setUnconditionally 0 -> -1
2019-09-06 01:41:13,520 [pool-439-thread-1] INFO  server.RaftServerConfigKeys (ConfUtils.java:logGet(43)) - raft.server.snapshot.auto.trigger.enabled = true (custom)
2019-09-06 01:41:13,520 [pool-439-thread-1] INFO  server.RaftServerConfigKeys (ConfUtils.java:logGet(43)) - raft.server.snapshot.auto.trigger.threshold = 10000 (custom)
2019-09-06 01:41:13,520 [pool-439-thread-1] INFO  server.RaftServerConfigKeys (ConfUtils.java:logGet(43)) - raft.server.retrycache.expirytime = 600000ms (custom)
2019-09-06 01:41:13,521 [pool-439-thread-1] INFO  impl.RaftServerImpl (RaftServerImpl.java:start(180)) - f6e8ff06-084b-46ba-beae-927f7c0622d9: start group-EC800FA9209C
2019-09-06 01:41:13,521 [pool-439-thread-1] INFO  impl.RaftServerImpl (RaftServerImpl.java:setRole(171)) - f6e8ff06-084b-46ba-beae-927f7c0622d9:group-EC800FA9209C changes role from null to FOLLOWER at term 0 for startAsFollower
2019-09-06 01:41:13,521 [pool-439-thread-1] INFO  impl.RoleInfo (RoleInfo.java:updateAndGet(143)) - f6e8ff06-084b-46ba-beae-927f7c0622d9: start FollowerState
2019-09-06 01:41:13,533 [pool-439-thread-1] INFO  util.JmxRegister (JmxRegister.java:tryRegister(44)) - Successfully registered JMX Bean with object name Ratis:service=RaftServer,group=group-EC800FA9209C,id=f6e8ff06-084b-46ba-beae-927f7c0622d9
2019-09-06 01:41:13,541 [RatisPipelineUtilsThread] INFO  pipeline.PipelineStateManager (PipelineStateManager.java:addPipeline(56)) - Created pipeline Pipeline[ Id: 6c4d667b-3be0-4163-a80f-ec800fa9209c, Nodes: f6e8ff06-084b-46ba-beae-927f7c0622d9{ip: 192.168.5.177, host: pr-hdds-2015-4zh84-2711163145, networkLocation: /default-rack, certSerialId: null}, Type:RATIS, Factor:ONE, State:OPEN]
2019-09-06 01:41:13,547 [grpc-default-executor-2] INFO  impl.RaftServerProxy (RaftServerProxy.java:addNew(89)) - af53648f-ad65-4ebd-a0ed-12c0c25e13ff: addNew group-9E91A4D78B3B:[af53648f-ad65-4ebd-a0ed-12c0c25e13ff:192.168.5.177:37144] returns group-9E91A4D78B3B:java.util.concurrent.CompletableFuture@91a462c[Not completed]
2019-09-06 01:41:13,548 [pool-449-thread-1] INFO  impl.RaftServerImpl (RaftServerImpl.java:<init>(93)) - af53648f-ad65-4ebd-a0ed-12c0c25e13ff: new RaftServerImpl for group-9E91A4D78B3B:[af53648f-ad65-4ebd-a0ed-12c0c25e13ff:192.168.5.177:37144] with ContainerStateMachine:uninitialized
2019-09-06 01:41:13,548 [pool-449-thread-1] INFO  server.RaftServerConfigKeys (ConfUtils.java:logGet(43)) - raft.server.rpc.timeout.min = 5s (custom)
2019-09-06 01:41:13,549 [pool-449-thread-1] INFO  server.RaftServerConfigKeys (ConfUtils.java:logGet(43)) - raft.server.rpc.timeout.max = 5200ms (custom)
2019-09-06 01:41:13,549 [pool-449-thread-1] INFO  server.RaftServerConfigKeys (ConfUtils.java:logGet(43)) - raft.server.rpcslowness.timeout = 120s (custom)
2019-09-06 01:41:13,549 [pool-449-thread-1] INFO  server.RaftServerConfigKeys (ConfUtils.java:logGet(43)) - raft.server.sleep.deviation.threshold = 300 (default)
2019-09-06 01:41:13,549 [pool-449-thread-1] INFO  server.RaftServerConfigKeys (ConfUtils.java:logGet(43)) - raft.server.log.appender.install.snapshot.enabled = false (custom)
2019-09-06 01:41:13,549 [pool-449-thread-1] INFO  impl.RaftServerImpl (ServerState.java:<init>(105)) - af53648f-ad65-4ebd-a0ed-12c0c25e13ff:group-9E91A4D78B3B ConfigurationManager, init=-1: [af53648f-ad65-4ebd-a0ed-12c0c25e13ff:192.168.5.177:37144], old=null, confs=<EMPTY_MAP>
2019-09-06 01:41:13,549 [pool-449-thread-1] INFO  server.RaftServerConfigKeys (ConfUtils.java:logGet(43)) - raft.server.storage.dir = [/workdir/hadoop-ozone/integration-test/target/test-dir/MiniOzoneClusterImpl-fa83d308-25e6-4772-bfe6-42db08352842/datanode-4/data/ratis] (custom)
2019-09-06 01:41:13,549 [pool-449-thread-1] INFO  storage.RaftStorageDirectory (RaftStorageDirectory.java:analyzeStorage(246)) - The storage directory /workdir/hadoop-ozone/integration-test/target/test-dir/MiniOzoneClusterImpl-fa83d308-25e6-4772-bfe6-42db08352842/datanode-4/data/ratis/dedf49fe-8da3-4ff4-b058-9e91a4d78b3b does not exist. Creating ...
2019-09-06 01:41:13,562 [pool-449-thread-1] INFO  storage.RaftStorageDirectory (RaftStorageDirectory.java:tryLock(328)) - Lock on /workdir/hadoop-ozone/integration-test/target/test-dir/MiniOzoneClusterImpl-fa83d308-25e6-4772-bfe6-42db08352842/datanode-4/data/ratis/dedf49fe-8da3-4ff4-b058-9e91a4d78b3b/in_use.lock acquired by nodename 29060@pr-hdds-2015-4zh84-2711163145
2019-09-06 01:41:13,568 [IPC Server handler 4 on 34432] INFO  net.NetworkTopology (NetworkTopologyImpl.java:add(110)) - Added a new node: /default-rack/4ba7b802-14f5-42b9-8dc4-3b2118cdd21d
2019-09-06 01:41:13,568 [IPC Server handler 4 on 34432] INFO  node.SCMNodeManager (SCMNodeManager.java:register(266)) - Registered Data node : 4ba7b802-14f5-42b9-8dc4-3b2118cdd21d{ip: 192.168.5.177, host: pr-hdds-2015-4zh84-2711163145, networkLocation: /default-rack, certSerialId: null}
2019-09-06 01:41:13,576 [pool-449-thread-1] INFO  storage.RaftStorage (RaftStorage.java:format(72)) - Storage directory /workdir/hadoop-ozone/integration-test/target/test-dir/MiniOzoneClusterImpl-fa83d308-25e6-4772-bfe6-42db08352842/datanode-4/data/ratis/dedf49fe-8da3-4ff4-b058-9e91a4d78b3b has been successfully formatted.
2019-09-06 01:41:13,576 [pool-449-thread-1] INFO  ratis.ContainerStateMachine (ContainerStateMachine.java:loadSnapshot(227)) - group-9E91A4D78B3B: The snapshot info is null. Setting the last applied indexto:(t:0, i:~)
2019-09-06 01:41:13,576 [pool-449-thread-1] INFO  server.RaftServerConfigKeys (ConfUtils.java:logGet(43)) - raft.server.leader.election.timeout = 120s (custom)
2019-09-06 01:41:13,576 [pool-449-thread-1] INFO  server.RaftServerConfigKeys (ConfUtils.java:logGet(43)) - raft.server.log.use.memory = false (default)
2019-09-06 01:41:13,576 [pool-449-thread-1] INFO  server.RaftServerConfigKeys (ConfUtils.java:logGet(43)) - raft.server.log.purge.gap = 1000000 (custom)
2019-09-06 01:41:13,577 [pool-449-thread-1] INFO  server.RaftServerConfigKeys (ConfUtils.java:logGet(43)) - raft.server.log.appender.buffer.byte-limit = 33554432 (custom)
2019-09-06 01:41:13,577 [pool-449-thread-1] INFO  server.RaftServerConfigKeys (ConfUtils.java:logGet(43)) - raft.server.log.segment.size.max = 1048576 (custom)
2019-09-06 01:41:13,577 [pool-449-thread-1] INFO  server.RaftServerConfigKeys (ConfUtils.java:logGet(43)) - raft.server.log.segment.cache.num.max = 2 (custom)
2019-09-06 01:41:13,577 [pool-449-thread-1] INFO  segmented.SegmentedRaftLogWorker (SegmentedRaftLogWorker.java:<init>(172)) - new af53648f-ad65-4ebd-a0ed-12c0c25e13ff-SegmentedRaftLogWorker:Storage Directory /workdir/hadoop-ozone/integration-test/target/test-dir/MiniOzoneClusterImpl-fa83d308-25e6-4772-bfe6-42db08352842/datanode-4/data/ratis/dedf49fe-8da3-4ff4-b058-9e91a4d78b3b for RaftStorage:Storage Directory /workdir/hadoop-ozone/integration-test/target/test-dir/MiniOzoneClusterImpl-fa83d308-25e6-4772-bfe6-42db08352842/datanode-4/data/ratis/dedf49fe-8da3-4ff4-b058-9e91a4d78b3b
2019-09-06 01:41:13,577 [pool-449-thread-1] INFO  server.RaftServerConfigKeys (ConfUtils.java:logGet(43)) - raft.server.log.queue.byte-limit = 2147483647 (custom)
2019-09-06 01:41:13,577 [pool-449-thread-1] INFO  server.RaftServerConfigKeys (ConfUtils.java:logGet(43)) - raft.server.log.queue.element-limit = 1024 (custom)
2019-09-06 01:41:13,577 [pool-449-thread-1] INFO  server.RaftServerConfigKeys (ConfUtils.java:logGet(43)) - raft.server.log.segment.size.max = 1048576 (custom)
2019-09-06 01:41:13,577 [pool-449-thread-1] INFO  server.RaftServerConfigKeys (ConfUtils.java:logGet(43)) - raft.server.log.preallocated.size = 16384 (custom)
2019-09-06 01:41:13,578 [pool-449-thread-1] INFO  server.RaftServerConfigKeys (ConfUtils.java:logGet(43)) - raft.server.log.write.buffer.size = 33554432 (custom)
2019-09-06 01:41:13,578 [pool-449-thread-1] INFO  server.RaftServerConfigKeys (ConfUtils.java:logGet(43)) - raft.server.log.force.sync.num = 128 (default)
2019-09-06 01:41:13,578 [pool-449-thread-1] INFO  server.RaftServerConfigKeys (ConfUtils.java:logGet(43)) - raft.server.log.statemachine.data.sync = true (default)
2019-09-06 01:41:13,578 [pool-449-thread-1] INFO  server.RaftServerConfigKeys (ConfUtils.java:logGet(43)) - raft.server.log.statemachine.data.sync.timeout = 10s (default)
2019-09-06 01:41:13,578 [pool-449-thread-1] INFO  server.RaftServerConfigKeys (ConfUtils.java:logGet(43)) - raft.server.log.statemachine.data.sync.timeout.retry = -1 (default)
2019-09-06 01:41:13,578 [pool-449-thread-1] INFO  server.RaftServerConfigKeys (ConfUtils.java:logGet(43)) - raft.server.log.statemachine.data.caching.enabled = true (custom)
2019-09-06 01:41:13,579 [pool-449-thread-1] INFO  segmented.SegmentedRaftLogWorker (SegmentedRaftLogWorker.java:lambda$new$0(132)) - af53648f-ad65-4ebd-a0ed-12c0c25e13ff-SegmentedRaftLogWorker:Storage Directory /workdir/hadoop-ozone/integration-test/target/test-dir/MiniOzoneClusterImpl-fa83d308-25e6-4772-bfe6-42db08352842/datanode-4/data/ratis/dedf49fe-8da3-4ff4-b058-9e91a4d78b3b: flushIndex: setUnconditionally 0 -> -1
2019-09-06 01:41:13,579 [pool-449-thread-1] INFO  server.RaftServerConfigKeys (ConfUtils.java:logGet(43)) - raft.server.snapshot.auto.trigger.enabled = true (custom)
2019-09-06 01:41:13,579 [pool-449-thread-1] INFO  server.RaftServerConfigKeys (ConfUtils.java:logGet(43)) - raft.server.snapshot.auto.trigger.threshold = 10000 (custom)
2019-09-06 01:41:13,579 [pool-449-thread-1] INFO  server.RaftServerConfigKeys (ConfUtils.java:logGet(43)) - raft.server.retrycache.expirytime = 600000ms (custom)
2019-09-06 01:41:13,579 [pool-449-thread-1] INFO  impl.RaftServerImpl (RaftServerImpl.java:start(180)) - af53648f-ad65-4ebd-a0ed-12c0c25e13ff: start group-9E91A4D78B3B
2019-09-06 01:41:13,579 [pool-449-thread-1] INFO  impl.RaftServerImpl (RaftServerImpl.java:setRole(171)) - af53648f-ad65-4ebd-a0ed-12c0c25e13ff:group-9E91A4D78B3B changes role from null to FOLLOWER at term 0 for startAsFollower
2019-09-06 01:41:13,579 [pool-449-thread-1] INFO  impl.RoleInfo (RoleInfo.java:updateAndGet(143)) - af53648f-ad65-4ebd-a0ed-12c0c25e13ff: start FollowerState
2019-09-06 01:41:13,580 [pool-449-thread-1] INFO  util.JmxRegister (JmxRegister.java:tryRegister(44)) - Successfully registered JMX Bean with object name Ratis:service=RaftServer,group=group-9E91A4D78B3B,id=af53648f-ad65-4ebd-a0ed-12c0c25e13ff
2019-09-06 01:41:13,582 [RatisPipelineUtilsThread] INFO  pipeline.PipelineStateManager (PipelineStateManager.java:addPipeline(56)) - Created pipeline Pipeline[ Id: dedf49fe-8da3-4ff4-b058-9e91a4d78b3b, Nodes: af53648f-ad65-4ebd-a0ed-12c0c25e13ff{ip: 192.168.5.177, host: pr-hdds-2015-4zh84-2711163145, networkLocation: /default-rack, certSerialId: null}, Type:RATIS, Factor:ONE, State:OPEN]
2019-09-06 01:41:13,591 [grpc-default-executor-2] INFO  impl.RaftServerProxy (RaftServerProxy.java:addNew(89)) - 4ba7b802-14f5-42b9-8dc4-3b2118cdd21d: addNew group-CC3345261569:[4ba7b802-14f5-42b9-8dc4-3b2118cdd21d:192.168.5.177:42721] returns group-CC3345261569:java.util.concurrent.CompletableFuture@188973d6[Not completed]
2019-09-06 01:41:13,593 [pool-459-thread-1] INFO  impl.RaftServerImpl (RaftServerImpl.java:<init>(93)) - 4ba7b802-14f5-42b9-8dc4-3b2118cdd21d: new RaftServerImpl for group-CC3345261569:[4ba7b802-14f5-42b9-8dc4-3b2118cdd21d:192.168.5.177:42721] with ContainerStateMachine:uninitialized
2019-09-06 01:41:13,593 [pool-459-thread-1] INFO  server.RaftServerConfigKeys (ConfUtils.java:logGet(43)) - raft.server.rpc.timeout.min = 5s (custom)
2019-09-06 01:41:13,593 [pool-459-thread-1] INFO  server.RaftServerConfigKeys (ConfUtils.java:logGet(43)) - raft.server.rpc.timeout.max = 5200ms (custom)
2019-09-06 01:41:13,593 [pool-459-thread-1] INFO  server.RaftServerConfigKeys (ConfUtils.java:logGet(43)) - raft.server.rpcslowness.timeout = 120s (custom)
2019-09-06 01:41:13,593 [pool-459-thread-1] INFO  server.RaftServerConfigKeys (ConfUtils.java:logGet(43)) - raft.server.sleep.deviation.threshold = 300 (default)
2019-09-06 01:41:13,593 [pool-459-thread-1] INFO  server.RaftServerConfigKeys (ConfUtils.java:logGet(43)) - raft.server.log.appender.install.snapshot.enabled = false (custom)
2019-09-06 01:41:13,593 [pool-459-thread-1] INFO  impl.RaftServerImpl (ServerState.java:<init>(105)) - 4ba7b802-14f5-42b9-8dc4-3b2118cdd21d:group-CC3345261569 ConfigurationManager, init=-1: [4ba7b802-14f5-42b9-8dc4-3b2118cdd21d:192.168.5.177:42721], old=null, confs=<EMPTY_MAP>
2019-09-06 01:41:13,594 [pool-459-thread-1] INFO  server.RaftServerConfigKeys (ConfUtils.java:logGet(43)) - raft.server.storage.dir = [/workdir/hadoop-ozone/integration-test/target/test-dir/MiniOzoneClusterImpl-fa83d308-25e6-4772-bfe6-42db08352842/datanode-5/data/ratis] (custom)
2019-09-06 01:41:13,594 [pool-459-thread-1] INFO  storage.RaftStorageDirectory (RaftStorageDirectory.java:analyzeStorage(246)) - The storage directory /workdir/hadoop-ozone/integration-test/target/test-dir/MiniOzoneClusterImpl-fa83d308-25e6-4772-bfe6-42db08352842/datanode-5/data/ratis/5f3cc521-cedb-4166-9795-cc3345261569 does not exist. Creating ...
2019-09-06 01:41:13,608 [pool-459-thread-1] INFO  storage.RaftStorageDirectory (RaftStorageDirectory.java:tryLock(328)) - Lock on /workdir/hadoop-ozone/integration-test/target/test-dir/MiniOzoneClusterImpl-fa83d308-25e6-4772-bfe6-42db08352842/datanode-5/data/ratis/5f3cc521-cedb-4166-9795-cc3345261569/in_use.lock acquired by nodename 29060@pr-hdds-2015-4zh84-2711163145
2019-09-06 01:41:13,633 [pool-459-thread-1] INFO  storage.RaftStorage (RaftStorage.java:format(72)) - Storage directory /workdir/hadoop-ozone/integration-test/target/test-dir/MiniOzoneClusterImpl-fa83d308-25e6-4772-bfe6-42db08352842/datanode-5/data/ratis/5f3cc521-cedb-4166-9795-cc3345261569 has been successfully formatted.
2019-09-06 01:41:13,633 [main] INFO  ozone.MiniOzoneClusterImpl (MiniOzoneClusterImpl.java:lambda$waitForClusterToBeReady$0(140)) - Cluster is ready. Got 7 of 7 DN Heartbeats.
2019-09-06 01:41:13,633 [pool-459-thread-1] INFO  ratis.ContainerStateMachine (ContainerStateMachine.java:loadSnapshot(227)) - group-CC3345261569: The snapshot info is null. Setting the last applied indexto:(t:0, i:~)
2019-09-06 01:41:13,633 [IPC Server handler 6 on 34432] INFO  net.NetworkTopology (NetworkTopologyImpl.java:add(110)) - Added a new node: /default-rack/1f2e57d7-1cd2-4b96-9676-7904a5c1d338
2019-09-06 01:41:13,634 [pool-459-thread-1] INFO  server.RaftServerConfigKeys (ConfUtils.java:logGet(43)) - raft.server.leader.election.timeout = 120s (custom)
2019-09-06 01:41:13,634 [IPC Server handler 6 on 34432] INFO  node.SCMNodeManager (SCMNodeManager.java:register(266)) - Registered Data node : 1f2e57d7-1cd2-4b96-9676-7904a5c1d338{ip: 192.168.5.177, host: pr-hdds-2015-4zh84-2711163145, networkLocation: /default-rack, certSerialId: null}
2019-09-06 01:41:13,634 [pool-459-thread-1] INFO  server.RaftServerConfigKeys (ConfUtils.java:logGet(43)) - raft.server.log.use.memory = false (default)
2019-09-06 01:41:13,634 [pool-459-thread-1] INFO  server.RaftServerConfigKeys (ConfUtils.java:logGet(43)) - raft.server.log.purge.gap = 1000000 (custom)
2019-09-06 01:41:13,634 [pool-459-thread-1] INFO  server.RaftServerConfigKeys (ConfUtils.java:logGet(43)) - raft.server.log.appender.buffer.byte-limit = 33554432 (custom)
2019-09-06 01:41:13,634 [pool-459-thread-1] INFO  server.RaftServerConfigKeys (ConfUtils.java:logGet(43)) - raft.server.log.segment.size.max = 1048576 (custom)
2019-09-06 01:41:13,634 [pool-459-thread-1] INFO  server.RaftServerConfigKeys (ConfUtils.java:logGet(43)) - raft.server.log.segment.cache.num.max = 2 (custom)
2019-09-06 01:41:13,635 [pool-459-thread-1] INFO  segmented.SegmentedRaftLogWorker (SegmentedRaftLogWorker.java:<init>(172)) - new 4ba7b802-14f5-42b9-8dc4-3b2118cdd21d-SegmentedRaftLogWorker:Storage Directory /workdir/hadoop-ozone/integration-test/target/test-dir/MiniOzoneClusterImpl-fa83d308-25e6-4772-bfe6-42db08352842/datanode-5/data/ratis/5f3cc521-cedb-4166-9795-cc3345261569 for RaftStorage:Storage Directory /workdir/hadoop-ozone/integration-test/target/test-dir/MiniOzoneClusterImpl-fa83d308-25e6-4772-bfe6-42db08352842/datanode-5/data/ratis/5f3cc521-cedb-4166-9795-cc3345261569
2019-09-06 01:41:13,635 [pool-459-thread-1] INFO  server.RaftServerConfigKeys (ConfUtils.java:logGet(43)) - raft.server.log.queue.byte-limit = 2147483647 (custom)
2019-09-06 01:41:13,635 [pool-459-thread-1] INFO  server.RaftServerConfigKeys (ConfUtils.java:logGet(43)) - raft.server.log.queue.element-limit = 1024 (custom)
2019-09-06 01:41:13,635 [pool-459-thread-1] INFO  server.RaftServerConfigKeys (ConfUtils.java:logGet(43)) - raft.server.log.segment.size.max = 1048576 (custom)
2019-09-06 01:41:13,640 [pool-459-thread-1] INFO  server.RaftServerConfigKeys (ConfUtils.java:logGet(43)) - raft.server.log.preallocated.size = 16384 (custom)
2019-09-06 01:41:13,640 [pool-459-thread-1] INFO  server.RaftServerConfigKeys (ConfUtils.java:logGet(43)) - raft.server.log.write.buffer.size = 33554432 (custom)
2019-09-06 01:41:13,640 [pool-459-thread-1] INFO  server.RaftServerConfigKeys (ConfUtils.java:logGet(43)) - raft.server.log.force.sync.num = 128 (default)
2019-09-06 01:41:13,641 [pool-459-thread-1] INFO  server.RaftServerConfigKeys (ConfUtils.java:logGet(43)) - raft.server.log.statemachine.data.sync = true (default)
2019-09-06 01:41:13,641 [pool-459-thread-1] INFO  server.RaftServerConfigKeys (ConfUtils.java:logGet(43)) - raft.server.log.statemachine.data.sync.timeout = 10s (default)
2019-09-06 01:41:13,641 [pool-459-thread-1] INFO  server.RaftServerConfigKeys (ConfUtils.java:logGet(43)) - raft.server.log.statemachine.data.sync.timeout.retry = -1 (default)
2019-09-06 01:41:13,641 [pool-459-thread-1] INFO  server.RaftServerConfigKeys (ConfUtils.java:logGet(43)) - raft.server.log.statemachine.data.caching.enabled = true (custom)
2019-09-06 01:41:13,642 [pool-459-thread-1] INFO  segmented.SegmentedRaftLogWorker (SegmentedRaftLogWorker.java:lambda$new$0(132)) - 4ba7b802-14f5-42b9-8dc4-3b2118cdd21d-SegmentedRaftLogWorker:Storage Directory /workdir/hadoop-ozone/integration-test/target/test-dir/MiniOzoneClusterImpl-fa83d308-25e6-4772-bfe6-42db08352842/datanode-5/data/ratis/5f3cc521-cedb-4166-9795-cc3345261569: flushIndex: setUnconditionally 0 -> -1
2019-09-06 01:41:13,643 [pool-459-thread-1] INFO  server.RaftServerConfigKeys (ConfUtils.java:logGet(43)) - raft.server.snapshot.auto.trigger.enabled = true (custom)
2019-09-06 01:41:13,643 [pool-459-thread-1] INFO  server.RaftServerConfigKeys (ConfUtils.java:logGet(43)) - raft.server.snapshot.auto.trigger.threshold = 10000 (custom)
2019-09-06 01:41:13,643 [pool-459-thread-1] INFO  server.RaftServerConfigKeys (ConfUtils.java:logGet(43)) - raft.server.retrycache.expirytime = 600000ms (custom)
2019-09-06 01:41:13,644 [pool-459-thread-1] INFO  impl.RaftServerImpl (RaftServerImpl.java:start(180)) - 4ba7b802-14f5-42b9-8dc4-3b2118cdd21d: start group-CC3345261569
2019-09-06 01:41:13,644 [pool-459-thread-1] INFO  impl.RaftServerImpl (RaftServerImpl.java:setRole(171)) - 4ba7b802-14f5-42b9-8dc4-3b2118cdd21d:group-CC3345261569 changes role from null to FOLLOWER at term 0 for startAsFollower
2019-09-06 01:41:13,646 [pool-459-thread-1] INFO  impl.RoleInfo (RoleInfo.java:updateAndGet(143)) - 4ba7b802-14f5-42b9-8dc4-3b2118cdd21d: start FollowerState
2019-09-06 01:41:13,656 [pool-459-thread-1] INFO  util.JmxRegister (JmxRegister.java:tryRegister(44)) - Successfully registered JMX Bean with object name Ratis:service=RaftServer,group=group-CC3345261569,id=4ba7b802-14f5-42b9-8dc4-3b2118cdd21d
2019-09-06 01:41:13,658 [main] INFO  rpc.RpcClient (RpcClient.java:createVolume(298)) - Creating Volume: testblockoutputstream, with jenkins1000 as owner.
2019-09-06 01:41:13,658 [RatisPipelineUtilsThread] INFO  pipeline.PipelineStateManager (PipelineStateManager.java:addPipeline(56)) - Created pipeline Pipeline[ Id: 5f3cc521-cedb-4166-9795-cc3345261569, Nodes: 4ba7b802-14f5-42b9-8dc4-3b2118cdd21d{ip: 192.168.5.177, host: pr-hdds-2015-4zh84-2711163145, networkLocation: /default-rack, certSerialId: null}, Type:RATIS, Factor:ONE, State:OPEN]
2019-09-06 01:41:13,668 [main] INFO  rpc.RpcClient (RpcClient.java:createBucket(437)) - Creating Bucket: testblockoutputstream/testblockoutputstream, with Versioning false and Storage Type set to DISK and Encryption set to false 
2019-09-06 01:41:13,675 [grpc-default-executor-2] INFO  impl.RaftServerProxy (RaftServerProxy.java:addNew(89)) - 1f2e57d7-1cd2-4b96-9676-7904a5c1d338: addNew group-B63B35C6BC17:[1f2e57d7-1cd2-4b96-9676-7904a5c1d338:192.168.5.177:42384] returns group-B63B35C6BC17:java.util.concurrent.CompletableFuture@52669016[Not completed]
2019-09-06 01:41:13,677 [pool-469-thread-1] INFO  impl.RaftServerImpl (RaftServerImpl.java:<init>(93)) - 1f2e57d7-1cd2-4b96-9676-7904a5c1d338: new RaftServerImpl for group-B63B35C6BC17:[1f2e57d7-1cd2-4b96-9676-7904a5c1d338:192.168.5.177:42384] with ContainerStateMachine:uninitialized
2019-09-06 01:41:13,677 [pool-469-thread-1] INFO  server.RaftServerConfigKeys (ConfUtils.java:logGet(43)) - raft.server.rpc.timeout.min = 5s (custom)
2019-09-06 01:41:13,677 [pool-469-thread-1] INFO  server.RaftServerConfigKeys (ConfUtils.java:logGet(43)) - raft.server.rpc.timeout.max = 5200ms (custom)
2019-09-06 01:41:13,677 [pool-469-thread-1] INFO  server.RaftServerConfigKeys (ConfUtils.java:logGet(43)) - raft.server.rpcslowness.timeout = 120s (custom)
2019-09-06 01:41:13,677 [pool-469-thread-1] INFO  server.RaftServerConfigKeys (ConfUtils.java:logGet(43)) - raft.server.sleep.deviation.threshold = 300 (default)
2019-09-06 01:41:13,677 [pool-469-thread-1] INFO  server.RaftServerConfigKeys (ConfUtils.java:logGet(43)) - raft.server.log.appender.install.snapshot.enabled = false (custom)
2019-09-06 01:41:13,677 [pool-469-thread-1] INFO  impl.RaftServerImpl (ServerState.java:<init>(105)) - 1f2e57d7-1cd2-4b96-9676-7904a5c1d338:group-B63B35C6BC17 ConfigurationManager, init=-1: [1f2e57d7-1cd2-4b96-9676-7904a5c1d338:192.168.5.177:42384], old=null, confs=<EMPTY_MAP>
2019-09-06 01:41:13,678 [pool-469-thread-1] INFO  server.RaftServerConfigKeys (ConfUtils.java:logGet(43)) - raft.server.storage.dir = [/workdir/hadoop-ozone/integration-test/target/test-dir/MiniOzoneClusterImpl-fa83d308-25e6-4772-bfe6-42db08352842/datanode-6/data/ratis] (custom)
2019-09-06 01:41:13,678 [pool-469-thread-1] INFO  storage.RaftStorageDirectory (RaftStorageDirectory.java:analyzeStorage(246)) - The storage directory /workdir/hadoop-ozone/integration-test/target/test-dir/MiniOzoneClusterImpl-fa83d308-25e6-4772-bfe6-42db08352842/datanode-6/data/ratis/4e8df034-b827-466c-a134-b63b35c6bc17 does not exist. Creating ...
2019-09-06 01:41:13,692 [pool-469-thread-1] INFO  storage.RaftStorageDirectory (RaftStorageDirectory.java:tryLock(328)) - Lock on /workdir/hadoop-ozone/integration-test/target/test-dir/MiniOzoneClusterImpl-fa83d308-25e6-4772-bfe6-42db08352842/datanode-6/data/ratis/4e8df034-b827-466c-a134-b63b35c6bc17/in_use.lock acquired by nodename 29060@pr-hdds-2015-4zh84-2711163145
2019-09-06 01:41:13,706 [pool-469-thread-1] INFO  storage.RaftStorage (RaftStorage.java:format(72)) - Storage directory /workdir/hadoop-ozone/integration-test/target/test-dir/MiniOzoneClusterImpl-fa83d308-25e6-4772-bfe6-42db08352842/datanode-6/data/ratis/4e8df034-b827-466c-a134-b63b35c6bc17 has been successfully formatted.
2019-09-06 01:41:13,707 [pool-469-thread-1] INFO  ratis.ContainerStateMachine (ContainerStateMachine.java:loadSnapshot(227)) - group-B63B35C6BC17: The snapshot info is null. Setting the last applied indexto:(t:0, i:~)
2019-09-06 01:41:13,707 [pool-469-thread-1] INFO  server.RaftServerConfigKeys (ConfUtils.java:logGet(43)) - raft.server.leader.election.timeout = 120s (custom)
2019-09-06 01:41:13,707 [pool-469-thread-1] INFO  server.RaftServerConfigKeys (ConfUtils.java:logGet(43)) - raft.server.log.use.memory = false (default)
2019-09-06 01:41:13,707 [pool-469-thread-1] INFO  server.RaftServerConfigKeys (ConfUtils.java:logGet(43)) - raft.server.log.purge.gap = 1000000 (custom)
2019-09-06 01:41:13,707 [pool-469-thread-1] INFO  server.RaftServerConfigKeys (ConfUtils.java:logGet(43)) - raft.server.log.appender.buffer.byte-limit = 33554432 (custom)
2019-09-06 01:41:13,707 [pool-469-thread-1] INFO  server.RaftServerConfigKeys (ConfUtils.java:logGet(43)) - raft.server.log.segment.size.max = 1048576 (custom)
2019-09-06 01:41:13,708 [pool-469-thread-1] INFO  server.RaftServerConfigKeys (ConfUtils.java:logGet(43)) - raft.server.log.segment.cache.num.max = 2 (custom)
2019-09-06 01:41:13,708 [pool-469-thread-1] INFO  segmented.SegmentedRaftLogWorker (SegmentedRaftLogWorker.java:<init>(172)) - new 1f2e57d7-1cd2-4b96-9676-7904a5c1d338-SegmentedRaftLogWorker:Storage Directory /workdir/hadoop-ozone/integration-test/target/test-dir/MiniOzoneClusterImpl-fa83d308-25e6-4772-bfe6-42db08352842/datanode-6/data/ratis/4e8df034-b827-466c-a134-b63b35c6bc17 for RaftStorage:Storage Directory /workdir/hadoop-ozone/integration-test/target/test-dir/MiniOzoneClusterImpl-fa83d308-25e6-4772-bfe6-42db08352842/datanode-6/data/ratis/4e8df034-b827-466c-a134-b63b35c6bc17
2019-09-06 01:41:13,708 [pool-469-thread-1] INFO  server.RaftServerConfigKeys (ConfUtils.java:logGet(43)) - raft.server.log.queue.byte-limit = 2147483647 (custom)
2019-09-06 01:41:13,708 [pool-469-thread-1] INFO  server.RaftServerConfigKeys (ConfUtils.java:logGet(43)) - raft.server.log.queue.element-limit = 1024 (custom)
2019-09-06 01:41:13,708 [pool-469-thread-1] INFO  server.RaftServerConfigKeys (ConfUtils.java:logGet(43)) - raft.server.log.segment.size.max = 1048576 (custom)
2019-09-06 01:41:13,708 [pool-469-thread-1] INFO  server.RaftServerConfigKeys (ConfUtils.java:logGet(43)) - raft.server.log.preallocated.size = 16384 (custom)
2019-09-06 01:41:13,709 [pool-469-thread-1] INFO  server.RaftServerConfigKeys (ConfUtils.java:logGet(43)) - raft.server.log.write.buffer.size = 33554432 (custom)
2019-09-06 01:41:13,709 [pool-469-thread-1] INFO  server.RaftServerConfigKeys (ConfUtils.java:logGet(43)) - raft.server.log.force.sync.num = 128 (default)
2019-09-06 01:41:13,709 [pool-469-thread-1] INFO  server.RaftServerConfigKeys (ConfUtils.java:logGet(43)) - raft.server.log.statemachine.data.sync = true (default)
2019-09-06 01:41:13,709 [pool-469-thread-1] INFO  server.RaftServerConfigKeys (ConfUtils.java:logGet(43)) - raft.server.log.statemachine.data.sync.timeout = 10s (default)
2019-09-06 01:41:13,709 [pool-469-thread-1] INFO  server.RaftServerConfigKeys (ConfUtils.java:logGet(43)) - raft.server.log.statemachine.data.sync.timeout.retry = -1 (default)
2019-09-06 01:41:13,709 [pool-469-thread-1] INFO  server.RaftServerConfigKeys (ConfUtils.java:logGet(43)) - raft.server.log.statemachine.data.caching.enabled = true (custom)
2019-09-06 01:41:13,710 [pool-469-thread-1] INFO  segmented.SegmentedRaftLogWorker (SegmentedRaftLogWorker.java:lambda$new$0(132)) - 1f2e57d7-1cd2-4b96-9676-7904a5c1d338-SegmentedRaftLogWorker:Storage Directory /workdir/hadoop-ozone/integration-test/target/test-dir/MiniOzoneClusterImpl-fa83d308-25e6-4772-bfe6-42db08352842/datanode-6/data/ratis/4e8df034-b827-466c-a134-b63b35c6bc17: flushIndex: setUnconditionally 0 -> -1
2019-09-06 01:41:13,710 [pool-469-thread-1] INFO  server.RaftServerConfigKeys (ConfUtils.java:logGet(43)) - raft.server.snapshot.auto.trigger.enabled = true (custom)
2019-09-06 01:41:13,710 [pool-469-thread-1] INFO  server.RaftServerConfigKeys (ConfUtils.java:logGet(43)) - raft.server.snapshot.auto.trigger.threshold = 10000 (custom)
2019-09-06 01:41:13,710 [pool-469-thread-1] INFO  server.RaftServerConfigKeys (ConfUtils.java:logGet(43)) - raft.server.retrycache.expirytime = 600000ms (custom)
2019-09-06 01:41:13,710 [pool-469-thread-1] INFO  impl.RaftServerImpl (RaftServerImpl.java:start(180)) - 1f2e57d7-1cd2-4b96-9676-7904a5c1d338: start group-B63B35C6BC17
2019-09-06 01:41:13,711 [pool-469-thread-1] INFO  impl.RaftServerImpl (RaftServerImpl.java:setRole(171)) - 1f2e57d7-1cd2-4b96-9676-7904a5c1d338:group-B63B35C6BC17 changes role from null to FOLLOWER at term 0 for startAsFollower
2019-09-06 01:41:13,711 [pool-469-thread-1] INFO  impl.RoleInfo (RoleInfo.java:updateAndGet(143)) - 1f2e57d7-1cd2-4b96-9676-7904a5c1d338: start FollowerState
2019-09-06 01:41:13,711 [pool-469-thread-1] INFO  util.JmxRegister (JmxRegister.java:tryRegister(44)) - Successfully registered JMX Bean with object name Ratis:service=RaftServer,group=group-B63B35C6BC17,id=1f2e57d7-1cd2-4b96-9676-7904a5c1d338
2019-09-06 01:41:13,714 [RatisPipelineUtilsThread] INFO  pipeline.PipelineStateManager (PipelineStateManager.java:addPipeline(56)) - Created pipeline Pipeline[ Id: 4e8df034-b827-466c-a134-b63b35c6bc17, Nodes: 1f2e57d7-1cd2-4b96-9676-7904a5c1d338{ip: 192.168.5.177, host: pr-hdds-2015-4zh84-2711163145, networkLocation: /default-rack, certSerialId: null}, Type:RATIS, Factor:ONE, State:OPEN]
2019-09-06 01:41:13,725 [grpc-default-executor-2] INFO  impl.RaftServerProxy (RaftServerProxy.java:addNew(89)) - f6e8ff06-084b-46ba-beae-927f7c0622d9: addNew group-D615FF25B2D2:[f6e8ff06-084b-46ba-beae-927f7c0622d9:192.168.5.177:39851, ee89e297-a801-48e6-912d-41102d8ca779:192.168.5.177:39328, 1f2e57d7-1cd2-4b96-9676-7904a5c1d338:192.168.5.177:42384] returns group-D615FF25B2D2:java.util.concurrent.CompletableFuture@9bdccb3[Not completed]
2019-09-06 01:41:13,725 [grpc-default-executor-5] INFO  impl.RaftServerProxy (RaftServerProxy.java:addNew(89)) - ee89e297-a801-48e6-912d-41102d8ca779: addNew group-D615FF25B2D2:[f6e8ff06-084b-46ba-beae-927f7c0622d9:192.168.5.177:39851, ee89e297-a801-48e6-912d-41102d8ca779:192.168.5.177:39328, 1f2e57d7-1cd2-4b96-9676-7904a5c1d338:192.168.5.177:42384] returns group-D615FF25B2D2:java.util.concurrent.CompletableFuture@18413672[Not completed]
2019-09-06 01:41:13,726 [grpc-default-executor-5] INFO  impl.RaftServerProxy (RaftServerProxy.java:addNew(89)) - 1f2e57d7-1cd2-4b96-9676-7904a5c1d338: addNew group-D615FF25B2D2:[f6e8ff06-084b-46ba-beae-927f7c0622d9:192.168.5.177:39851, ee89e297-a801-48e6-912d-41102d8ca779:192.168.5.177:39328, 1f2e57d7-1cd2-4b96-9676-7904a5c1d338:192.168.5.177:42384] returns group-D615FF25B2D2:java.util.concurrent.CompletableFuture@9a71632[Not completed]
2019-09-06 01:41:13,726 [pool-439-thread-1] INFO  impl.RaftServerImpl (RaftServerImpl.java:<init>(93)) - f6e8ff06-084b-46ba-beae-927f7c0622d9: new RaftServerImpl for group-D615FF25B2D2:[f6e8ff06-084b-46ba-beae-927f7c0622d9:192.168.5.177:39851, ee89e297-a801-48e6-912d-41102d8ca779:192.168.5.177:39328, 1f2e57d7-1cd2-4b96-9676-7904a5c1d338:192.168.5.177:42384] with ContainerStateMachine:uninitialized
2019-09-06 01:41:13,727 [pool-439-thread-1] INFO  server.RaftServerConfigKeys (ConfUtils.java:logGet(43)) - raft.server.rpc.timeout.min = 5s (custom)
2019-09-06 01:41:13,727 [pool-439-thread-1] INFO  server.RaftServerConfigKeys (ConfUtils.java:logGet(43)) - raft.server.rpc.timeout.max = 5200ms (custom)
2019-09-06 01:41:13,727 [pool-439-thread-1] INFO  server.RaftServerConfigKeys (ConfUtils.java:logGet(43)) - raft.server.rpcslowness.timeout = 120s (custom)
2019-09-06 01:41:13,727 [pool-439-thread-1] INFO  server.RaftServerConfigKeys (ConfUtils.java:logGet(43)) - raft.server.sleep.deviation.threshold = 300 (default)
2019-09-06 01:41:13,727 [pool-439-thread-1] INFO  server.RaftServerConfigKeys (ConfUtils.java:logGet(43)) - raft.server.log.appender.install.snapshot.enabled = false (custom)
2019-09-06 01:41:13,727 [pool-439-thread-1] INFO  impl.RaftServerImpl (ServerState.java:<init>(105)) - f6e8ff06-084b-46ba-beae-927f7c0622d9:group-D615FF25B2D2 ConfigurationManager, init=-1: [f6e8ff06-084b-46ba-beae-927f7c0622d9:192.168.5.177:39851, ee89e297-a801-48e6-912d-41102d8ca779:192.168.5.177:39328, 1f2e57d7-1cd2-4b96-9676-7904a5c1d338:192.168.5.177:42384], old=null, confs=<EMPTY_MAP>
2019-09-06 01:41:13,727 [pool-439-thread-1] INFO  server.RaftServerConfigKeys (ConfUtils.java:logGet(43)) - raft.server.storage.dir = [/workdir/hadoop-ozone/integration-test/target/test-dir/MiniOzoneClusterImpl-fa83d308-25e6-4772-bfe6-42db08352842/datanode-3/data/ratis] (custom)
2019-09-06 01:41:13,727 [pool-469-thread-1] INFO  impl.RaftServerImpl (RaftServerImpl.java:<init>(93)) - 1f2e57d7-1cd2-4b96-9676-7904a5c1d338: new RaftServerImpl for group-D615FF25B2D2:[f6e8ff06-084b-46ba-beae-927f7c0622d9:192.168.5.177:39851, ee89e297-a801-48e6-912d-41102d8ca779:192.168.5.177:39328, 1f2e57d7-1cd2-4b96-9676-7904a5c1d338:192.168.5.177:42384] with ContainerStateMachine:uninitialized
2019-09-06 01:41:13,728 [pool-469-thread-1] INFO  server.RaftServerConfigKeys (ConfUtils.java:logGet(43)) - raft.server.rpc.timeout.min = 5s (custom)
2019-09-06 01:41:13,728 [pool-439-thread-1] INFO  storage.RaftStorageDirectory (RaftStorageDirectory.java:analyzeStorage(246)) - The storage directory /workdir/hadoop-ozone/integration-test/target/test-dir/MiniOzoneClusterImpl-fa83d308-25e6-4772-bfe6-42db08352842/datanode-3/data/ratis/c9cb5bd3-5052-4ddf-b85d-d615ff25b2d2 does not exist. Creating ...
2019-09-06 01:41:13,728 [pool-409-thread-1] INFO  impl.RaftServerImpl (RaftServerImpl.java:<init>(93)) - ee89e297-a801-48e6-912d-41102d8ca779: new RaftServerImpl for group-D615FF25B2D2:[f6e8ff06-084b-46ba-beae-927f7c0622d9:192.168.5.177:39851, ee89e297-a801-48e6-912d-41102d8ca779:192.168.5.177:39328, 1f2e57d7-1cd2-4b96-9676-7904a5c1d338:192.168.5.177:42384] with ContainerStateMachine:uninitialized
2019-09-06 01:41:13,728 [pool-469-thread-1] INFO  server.RaftServerConfigKeys (ConfUtils.java:logGet(43)) - raft.server.rpc.timeout.max = 5200ms (custom)
2019-09-06 01:41:13,728 [pool-409-thread-1] INFO  server.RaftServerConfigKeys (ConfUtils.java:logGet(43)) - raft.server.rpc.timeout.min = 5s (custom)
2019-09-06 01:41:13,728 [pool-469-thread-1] INFO  server.RaftServerConfigKeys (ConfUtils.java:logGet(43)) - raft.server.rpcslowness.timeout = 120s (custom)
2019-09-06 01:41:13,728 [pool-409-thread-1] INFO  server.RaftServerConfigKeys (ConfUtils.java:logGet(43)) - raft.server.rpc.timeout.max = 5200ms (custom)
2019-09-06 01:41:13,728 [pool-469-thread-1] INFO  server.RaftServerConfigKeys (ConfUtils.java:logGet(43)) - raft.server.sleep.deviation.threshold = 300 (default)
2019-09-06 01:41:13,728 [pool-409-thread-1] INFO  server.RaftServerConfigKeys (ConfUtils.java:logGet(43)) - raft.server.rpcslowness.timeout = 120s (custom)
2019-09-06 01:41:13,728 [pool-469-thread-1] INFO  server.RaftServerConfigKeys (ConfUtils.java:logGet(43)) - raft.server.log.appender.install.snapshot.enabled = false (custom)
2019-09-06 01:41:13,728 [pool-409-thread-1] INFO  server.RaftServerConfigKeys (ConfUtils.java:logGet(43)) - raft.server.sleep.deviation.threshold = 300 (default)
2019-09-06 01:41:13,729 [pool-469-thread-1] INFO  impl.RaftServerImpl (ServerState.java:<init>(105)) - 1f2e57d7-1cd2-4b96-9676-7904a5c1d338:group-D615FF25B2D2 ConfigurationManager, init=-1: [f6e8ff06-084b-46ba-beae-927f7c0622d9:192.168.5.177:39851, ee89e297-a801-48e6-912d-41102d8ca779:192.168.5.177:39328, 1f2e57d7-1cd2-4b96-9676-7904a5c1d338:192.168.5.177:42384], old=null, confs=<EMPTY_MAP>
2019-09-06 01:41:13,729 [pool-409-thread-1] INFO  server.RaftServerConfigKeys (ConfUtils.java:logGet(43)) - raft.server.log.appender.install.snapshot.enabled = false (custom)
2019-09-06 01:41:13,729 [pool-469-thread-1] INFO  server.RaftServerConfigKeys (ConfUtils.java:logGet(43)) - raft.server.storage.dir = [/workdir/hadoop-ozone/integration-test/target/test-dir/MiniOzoneClusterImpl-fa83d308-25e6-4772-bfe6-42db08352842/datanode-6/data/ratis] (custom)
2019-09-06 01:41:13,729 [pool-409-thread-1] INFO  impl.RaftServerImpl (ServerState.java:<init>(105)) - ee89e297-a801-48e6-912d-41102d8ca779:group-D615FF25B2D2 ConfigurationManager, init=-1: [f6e8ff06-084b-46ba-beae-927f7c0622d9:192.168.5.177:39851, ee89e297-a801-48e6-912d-41102d8ca779:192.168.5.177:39328, 1f2e57d7-1cd2-4b96-9676-7904a5c1d338:192.168.5.177:42384], old=null, confs=<EMPTY_MAP>
2019-09-06 01:41:13,729 [pool-409-thread-1] INFO  server.RaftServerConfigKeys (ConfUtils.java:logGet(43)) - raft.server.storage.dir = [/workdir/hadoop-ozone/integration-test/target/test-dir/MiniOzoneClusterImpl-fa83d308-25e6-4772-bfe6-42db08352842/datanode-0/data/ratis] (custom)
2019-09-06 01:41:13,729 [pool-469-thread-1] INFO  storage.RaftStorageDirectory (RaftStorageDirectory.java:analyzeStorage(246)) - The storage directory /workdir/hadoop-ozone/integration-test/target/test-dir/MiniOzoneClusterImpl-fa83d308-25e6-4772-bfe6-42db08352842/datanode-6/data/ratis/c9cb5bd3-5052-4ddf-b85d-d615ff25b2d2 does not exist. Creating ...
2019-09-06 01:41:13,729 [pool-409-thread-1] INFO  storage.RaftStorageDirectory (RaftStorageDirectory.java:analyzeStorage(246)) - The storage directory /workdir/hadoop-ozone/integration-test/target/test-dir/MiniOzoneClusterImpl-fa83d308-25e6-4772-bfe6-42db08352842/datanode-0/data/ratis/c9cb5bd3-5052-4ddf-b85d-d615ff25b2d2 does not exist. Creating ...
2019-09-06 01:41:13,765 [pool-469-thread-1] INFO  storage.RaftStorageDirectory (RaftStorageDirectory.java:tryLock(328)) - Lock on /workdir/hadoop-ozone/integration-test/target/test-dir/MiniOzoneClusterImpl-fa83d308-25e6-4772-bfe6-42db08352842/datanode-6/data/ratis/c9cb5bd3-5052-4ddf-b85d-d615ff25b2d2/in_use.lock acquired by nodename 29060@pr-hdds-2015-4zh84-2711163145
2019-09-06 01:41:13,765 [pool-439-thread-1] INFO  storage.RaftStorageDirectory (RaftStorageDirectory.java:tryLock(328)) - Lock on /workdir/hadoop-ozone/integration-test/target/test-dir/MiniOzoneClusterImpl-fa83d308-25e6-4772-bfe6-42db08352842/datanode-3/data/ratis/c9cb5bd3-5052-4ddf-b85d-d615ff25b2d2/in_use.lock acquired by nodename 29060@pr-hdds-2015-4zh84-2711163145
2019-09-06 01:41:13,765 [pool-409-thread-1] INFO  storage.RaftStorageDirectory (RaftStorageDirectory.java:tryLock(328)) - Lock on /workdir/hadoop-ozone/integration-test/target/test-dir/MiniOzoneClusterImpl-fa83d308-25e6-4772-bfe6-42db08352842/datanode-0/data/ratis/c9cb5bd3-5052-4ddf-b85d-d615ff25b2d2/in_use.lock acquired by nodename 29060@pr-hdds-2015-4zh84-2711163145
2019-09-06 01:41:13,783 [pool-469-thread-1] INFO  storage.RaftStorage (RaftStorage.java:format(72)) - Storage directory /workdir/hadoop-ozone/integration-test/target/test-dir/MiniOzoneClusterImpl-fa83d308-25e6-4772-bfe6-42db08352842/datanode-6/data/ratis/c9cb5bd3-5052-4ddf-b85d-d615ff25b2d2 has been successfully formatted.
2019-09-06 01:41:13,783 [pool-439-thread-1] INFO  storage.RaftStorage (RaftStorage.java:format(72)) - Storage directory /workdir/hadoop-ozone/integration-test/target/test-dir/MiniOzoneClusterImpl-fa83d308-25e6-4772-bfe6-42db08352842/datanode-3/data/ratis/c9cb5bd3-5052-4ddf-b85d-d615ff25b2d2 has been successfully formatted.
2019-09-06 01:41:13,783 [pool-409-thread-1] INFO  storage.RaftStorage (RaftStorage.java:format(72)) - Storage directory /workdir/hadoop-ozone/integration-test/target/test-dir/MiniOzoneClusterImpl-fa83d308-25e6-4772-bfe6-42db08352842/datanode-0/data/ratis/c9cb5bd3-5052-4ddf-b85d-d615ff25b2d2 has been successfully formatted.
2019-09-06 01:41:13,784 [pool-439-thread-1] INFO  ratis.ContainerStateMachine (ContainerStateMachine.java:loadSnapshot(227)) - group-D615FF25B2D2: The snapshot info is null. Setting the last applied indexto:(t:0, i:~)
2019-09-06 01:41:13,783 [pool-469-thread-1] INFO  ratis.ContainerStateMachine (ContainerStateMachine.java:loadSnapshot(227)) - group-D615FF25B2D2: The snapshot info is null. Setting the last applied indexto:(t:0, i:~)
2019-09-06 01:41:13,784 [pool-409-thread-1] INFO  ratis.ContainerStateMachine (ContainerStateMachine.java:loadSnapshot(227)) - group-D615FF25B2D2: The snapshot info is null. Setting the last applied indexto:(t:0, i:~)
2019-09-06 01:41:13,784 [pool-439-thread-1] INFO  server.RaftServerConfigKeys (ConfUtils.java:logGet(43)) - raft.server.leader.election.timeout = 120s (custom)
2019-09-06 01:41:13,784 [pool-409-thread-1] INFO  server.RaftServerConfigKeys (ConfUtils.java:logGet(43)) - raft.server.leader.election.timeout = 120s (custom)
2019-09-06 01:41:13,784 [pool-469-thread-1] INFO  server.RaftServerConfigKeys (ConfUtils.java:logGet(43)) - raft.server.leader.election.timeout = 120s (custom)
2019-09-06 01:41:13,784 [pool-409-thread-1] INFO  server.RaftServerConfigKeys (ConfUtils.java:logGet(43)) - raft.server.log.use.memory = false (default)
2019-09-06 01:41:13,784 [pool-439-thread-1] INFO  server.RaftServerConfigKeys (ConfUtils.java:logGet(43)) - raft.server.log.use.memory = false (default)
2019-09-06 01:41:13,784 [pool-409-thread-1] INFO  server.RaftServerConfigKeys (ConfUtils.java:logGet(43)) - raft.server.log.purge.gap = 1000000 (custom)
2019-09-06 01:41:13,784 [pool-469-thread-1] INFO  server.RaftServerConfigKeys (ConfUtils.java:logGet(43)) - raft.server.log.use.memory = false (default)
2019-09-06 01:41:13,785 [pool-409-thread-1] INFO  server.RaftServerConfigKeys (ConfUtils.java:logGet(43)) - raft.server.log.appender.buffer.byte-limit = 33554432 (custom)
2019-09-06 01:41:13,785 [pool-439-thread-1] INFO  server.RaftServerConfigKeys (ConfUtils.java:logGet(43)) - raft.server.log.purge.gap = 1000000 (custom)
2019-09-06 01:41:13,785 [pool-409-thread-1] INFO  server.RaftServerConfigKeys (ConfUtils.java:logGet(43)) - raft.server.log.segment.size.max = 1048576 (custom)
2019-09-06 01:41:13,785 [pool-469-thread-1] INFO  server.RaftServerConfigKeys (ConfUtils.java:logGet(43)) - raft.server.log.purge.gap = 1000000 (custom)
2019-09-06 01:41:13,785 [pool-409-thread-1] INFO  server.RaftServerConfigKeys (ConfUtils.java:logGet(43)) - raft.server.log.segment.cache.num.max = 2 (custom)
2019-09-06 01:41:13,785 [pool-439-thread-1] INFO  server.RaftServerConfigKeys (ConfUtils.java:logGet(43)) - raft.server.log.appender.buffer.byte-limit = 33554432 (custom)
2019-09-06 01:41:13,785 [pool-409-thread-1] INFO  segmented.SegmentedRaftLogWorker (SegmentedRaftLogWorker.java:<init>(172)) - new ee89e297-a801-48e6-912d-41102d8ca779-SegmentedRaftLogWorker:Storage Directory /workdir/hadoop-ozone/integration-test/target/test-dir/MiniOzoneClusterImpl-fa83d308-25e6-4772-bfe6-42db08352842/datanode-0/data/ratis/c9cb5bd3-5052-4ddf-b85d-d615ff25b2d2 for RaftStorage:Storage Directory /workdir/hadoop-ozone/integration-test/target/test-dir/MiniOzoneClusterImpl-fa83d308-25e6-4772-bfe6-42db08352842/datanode-0/data/ratis/c9cb5bd3-5052-4ddf-b85d-d615ff25b2d2
2019-09-06 01:41:13,785 [pool-469-thread-1] INFO  server.RaftServerConfigKeys (ConfUtils.java:logGet(43)) - raft.server.log.appender.buffer.byte-limit = 33554432 (custom)
2019-09-06 01:41:13,786 [pool-409-thread-1] INFO  server.RaftServerConfigKeys (ConfUtils.java:logGet(43)) - raft.server.log.queue.byte-limit = 2147483647 (custom)
2019-09-06 01:41:13,786 [pool-439-thread-1] INFO  server.RaftServerConfigKeys (ConfUtils.java:logGet(43)) - raft.server.log.segment.size.max = 1048576 (custom)
2019-09-06 01:41:13,786 [pool-409-thread-1] INFO  server.RaftServerConfigKeys (ConfUtils.java:logGet(43)) - raft.server.log.queue.element-limit = 1024 (custom)
2019-09-06 01:41:13,786 [pool-469-thread-1] INFO  server.RaftServerConfigKeys (ConfUtils.java:logGet(43)) - raft.server.log.segment.size.max = 1048576 (custom)
2019-09-06 01:41:13,786 [pool-409-thread-1] INFO  server.RaftServerConfigKeys (ConfUtils.java:logGet(43)) - raft.server.log.segment.size.max = 1048576 (custom)
2019-09-06 01:41:13,786 [pool-439-thread-1] INFO  server.RaftServerConfigKeys (ConfUtils.java:logGet(43)) - raft.server.log.segment.cache.num.max = 2 (custom)
2019-09-06 01:41:13,786 [pool-409-thread-1] INFO  server.RaftServerConfigKeys (ConfUtils.java:logGet(43)) - raft.server.log.preallocated.size = 16384 (custom)
2019-09-06 01:41:13,786 [pool-469-thread-1] INFO  server.RaftServerConfigKeys (ConfUtils.java:logGet(43)) - raft.server.log.segment.cache.num.max = 2 (custom)
2019-09-06 01:41:13,787 [pool-409-thread-1] INFO  server.RaftServerConfigKeys (ConfUtils.java:logGet(43)) - raft.server.log.write.buffer.size = 33554432 (custom)
2019-09-06 01:41:13,787 [pool-439-thread-1] INFO  segmented.SegmentedRaftLogWorker (SegmentedRaftLogWorker.java:<init>(172)) - new f6e8ff06-084b-46ba-beae-927f7c0622d9-SegmentedRaftLogWorker:Storage Directory /workdir/hadoop-ozone/integration-test/target/test-dir/MiniOzoneClusterImpl-fa83d308-25e6-4772-bfe6-42db08352842/datanode-3/data/ratis/c9cb5bd3-5052-4ddf-b85d-d615ff25b2d2 for RaftStorage:Storage Directory /workdir/hadoop-ozone/integration-test/target/test-dir/MiniOzoneClusterImpl-fa83d308-25e6-4772-bfe6-42db08352842/datanode-3/data/ratis/c9cb5bd3-5052-4ddf-b85d-d615ff25b2d2
2019-09-06 01:41:13,787 [pool-409-thread-1] INFO  server.RaftServerConfigKeys (ConfUtils.java:logGet(43)) - raft.server.log.force.sync.num = 128 (default)
2019-09-06 01:41:13,787 [pool-469-thread-1] INFO  segmented.SegmentedRaftLogWorker (SegmentedRaftLogWorker.java:<init>(172)) - new 1f2e57d7-1cd2-4b96-9676-7904a5c1d338-SegmentedRaftLogWorker:Storage Directory /workdir/hadoop-ozone/integration-test/target/test-dir/MiniOzoneClusterImpl-fa83d308-25e6-4772-bfe6-42db08352842/datanode-6/data/ratis/c9cb5bd3-5052-4ddf-b85d-d615ff25b2d2 for RaftStorage:Storage Directory /workdir/hadoop-ozone/integration-test/target/test-dir/MiniOzoneClusterImpl-fa83d308-25e6-4772-bfe6-42db08352842/datanode-6/data/ratis/c9cb5bd3-5052-4ddf-b85d-d615ff25b2d2
2019-09-06 01:41:13,787 [pool-409-thread-1] INFO  server.RaftServerConfigKeys (ConfUtils.java:logGet(43)) - raft.server.log.statemachine.data.sync = true (default)
2019-09-06 01:41:13,787 [pool-439-thread-1] INFO  server.RaftServerConfigKeys (ConfUtils.java:logGet(43)) - raft.server.log.queue.byte-limit = 2147483647 (custom)
2019-09-06 01:41:13,788 [pool-409-thread-1] INFO  server.RaftServerConfigKeys (ConfUtils.java:logGet(43)) - raft.server.log.statemachine.data.sync.timeout = 10s (default)
2019-09-06 01:41:13,787 [pool-469-thread-1] INFO  server.RaftServerConfigKeys (ConfUtils.java:logGet(43)) - raft.server.log.queue.byte-limit = 2147483647 (custom)
2019-09-06 01:41:13,788 [pool-409-thread-1] INFO  server.RaftServerConfigKeys (ConfUtils.java:logGet(43)) - raft.server.log.statemachine.data.sync.timeout.retry = -1 (default)
2019-09-06 01:41:13,788 [pool-439-thread-1] INFO  server.RaftServerConfigKeys (ConfUtils.java:logGet(43)) - raft.server.log.queue.element-limit = 1024 (custom)
2019-09-06 01:41:13,788 [pool-409-thread-1] INFO  server.RaftServerConfigKeys (ConfUtils.java:logGet(43)) - raft.server.log.statemachine.data.caching.enabled = true (custom)
2019-09-06 01:41:13,788 [pool-469-thread-1] INFO  server.RaftServerConfigKeys (ConfUtils.java:logGet(43)) - raft.server.log.queue.element-limit = 1024 (custom)
2019-09-06 01:41:13,788 [pool-439-thread-1] INFO  server.RaftServerConfigKeys (ConfUtils.java:logGet(43)) - raft.server.log.segment.size.max = 1048576 (custom)
2019-09-06 01:41:13,788 [pool-469-thread-1] INFO  server.RaftServerConfigKeys (ConfUtils.java:logGet(43)) - raft.server.log.segment.size.max = 1048576 (custom)
2019-09-06 01:41:13,789 [pool-439-thread-1] INFO  server.RaftServerConfigKeys (ConfUtils.java:logGet(43)) - raft.server.log.preallocated.size = 16384 (custom)
2019-09-06 01:41:13,789 [pool-409-thread-1] INFO  segmented.SegmentedRaftLogWorker (SegmentedRaftLogWorker.java:lambda$new$0(132)) - ee89e297-a801-48e6-912d-41102d8ca779-SegmentedRaftLogWorker:Storage Directory /workdir/hadoop-ozone/integration-test/target/test-dir/MiniOzoneClusterImpl-fa83d308-25e6-4772-bfe6-42db08352842/datanode-0/data/ratis/c9cb5bd3-5052-4ddf-b85d-d615ff25b2d2: flushIndex: setUnconditionally 0 -> -1
2019-09-06 01:41:13,789 [pool-439-thread-1] INFO  server.RaftServerConfigKeys (ConfUtils.java:logGet(43)) - raft.server.log.write.buffer.size = 33554432 (custom)
2019-09-06 01:41:13,789 [pool-469-thread-1] INFO  server.RaftServerConfigKeys (ConfUtils.java:logGet(43)) - raft.server.log.preallocated.size = 16384 (custom)
2019-09-06 01:41:13,789 [pool-439-thread-1] INFO  server.RaftServerConfigKeys (ConfUtils.java:logGet(43)) - raft.server.log.force.sync.num = 128 (default)
2019-09-06 01:41:13,789 [pool-409-thread-1] INFO  server.RaftServerConfigKeys (ConfUtils.java:logGet(43)) - raft.server.snapshot.auto.trigger.enabled = true (custom)
2019-09-06 01:41:13,789 [pool-469-thread-1] INFO  server.RaftServerConfigKeys (ConfUtils.java:logGet(43)) - raft.server.log.write.buffer.size = 33554432 (custom)
2019-09-06 01:41:13,789 [pool-409-thread-1] INFO  server.RaftServerConfigKeys (ConfUtils.java:logGet(43)) - raft.server.snapshot.auto.trigger.threshold = 10000 (custom)
2019-09-06 01:41:13,789 [pool-439-thread-1] INFO  server.RaftServerConfigKeys (ConfUtils.java:logGet(43)) - raft.server.log.statemachine.data.sync = true (default)
2019-09-06 01:41:13,790 [pool-409-thread-1] INFO  server.RaftServerConfigKeys (ConfUtils.java:logGet(43)) - raft.server.retrycache.expirytime = 600000ms (custom)
2019-09-06 01:41:13,790 [pool-469-thread-1] INFO  server.RaftServerConfigKeys (ConfUtils.java:logGet(43)) - raft.server.log.force.sync.num = 128 (default)
2019-09-06 01:41:13,790 [pool-409-thread-1] INFO  impl.RaftServerImpl (RaftServerImpl.java:start(180)) - ee89e297-a801-48e6-912d-41102d8ca779: start group-D615FF25B2D2
2019-09-06 01:41:13,790 [pool-439-thread-1] INFO  server.RaftServerConfigKeys (ConfUtils.java:logGet(43)) - raft.server.log.statemachine.data.sync.timeout = 10s (default)
2019-09-06 01:41:13,790 [pool-409-thread-1] INFO  impl.RaftServerImpl (RaftServerImpl.java:setRole(171)) - ee89e297-a801-48e6-912d-41102d8ca779:group-D615FF25B2D2 changes role from null to FOLLOWER at term 0 for startAsFollower
2019-09-06 01:41:13,790 [pool-469-thread-1] INFO  server.RaftServerConfigKeys (ConfUtils.java:logGet(43)) - raft.server.log.statemachine.data.sync = true (default)
2019-09-06 01:41:13,790 [pool-409-thread-1] INFO  impl.RoleInfo (RoleInfo.java:updateAndGet(143)) - ee89e297-a801-48e6-912d-41102d8ca779: start FollowerState
2019-09-06 01:41:13,790 [pool-439-thread-1] INFO  server.RaftServerConfigKeys (ConfUtils.java:logGet(43)) - raft.server.log.statemachine.data.sync.timeout.retry = -1 (default)
2019-09-06 01:41:13,791 [pool-469-thread-1] INFO  server.RaftServerConfigKeys (ConfUtils.java:logGet(43)) - raft.server.log.statemachine.data.sync.timeout = 10s (default)
2019-09-06 01:41:13,791 [pool-439-thread-1] INFO  server.RaftServerConfigKeys (ConfUtils.java:logGet(43)) - raft.server.log.statemachine.data.caching.enabled = true (custom)
2019-09-06 01:41:13,791 [pool-469-thread-1] INFO  server.RaftServerConfigKeys (ConfUtils.java:logGet(43)) - raft.server.log.statemachine.data.sync.timeout.retry = -1 (default)
2019-09-06 01:41:13,791 [pool-409-thread-1] INFO  util.JmxRegister (JmxRegister.java:tryRegister(44)) - Successfully registered JMX Bean with object name Ratis:service=RaftServer,group=group-D615FF25B2D2,id=ee89e297-a801-48e6-912d-41102d8ca779
2019-09-06 01:41:13,791 [pool-439-thread-1] INFO  segmented.SegmentedRaftLogWorker (SegmentedRaftLogWorker.java:lambda$new$0(132)) - f6e8ff06-084b-46ba-beae-927f7c0622d9-SegmentedRaftLogWorker:Storage Directory /workdir/hadoop-ozone/integration-test/target/test-dir/MiniOzoneClusterImpl-fa83d308-25e6-4772-bfe6-42db08352842/datanode-3/data/ratis/c9cb5bd3-5052-4ddf-b85d-d615ff25b2d2: flushIndex: setUnconditionally 0 -> -1
2019-09-06 01:41:13,791 [pool-469-thread-1] INFO  server.RaftServerConfigKeys (ConfUtils.java:logGet(43)) - raft.server.log.statemachine.data.caching.enabled = true (custom)
2019-09-06 01:41:13,791 [pool-439-thread-1] INFO  server.RaftServerConfigKeys (ConfUtils.java:logGet(43)) - raft.server.snapshot.auto.trigger.enabled = true (custom)
2019-09-06 01:41:13,792 [pool-439-thread-1] INFO  server.RaftServerConfigKeys (ConfUtils.java:logGet(43)) - raft.server.snapshot.auto.trigger.threshold = 10000 (custom)
2019-09-06 01:41:13,792 [pool-439-thread-1] INFO  server.RaftServerConfigKeys (ConfUtils.java:logGet(43)) - raft.server.retrycache.expirytime = 600000ms (custom)
2019-09-06 01:41:13,792 [pool-469-thread-1] INFO  segmented.SegmentedRaftLogWorker (SegmentedRaftLogWorker.java:lambda$new$0(132)) - 1f2e57d7-1cd2-4b96-9676-7904a5c1d338-SegmentedRaftLogWorker:Storage Directory /workdir/hadoop-ozone/integration-test/target/test-dir/MiniOzoneClusterImpl-fa83d308-25e6-4772-bfe6-42db08352842/datanode-6/data/ratis/c9cb5bd3-5052-4ddf-b85d-d615ff25b2d2: flushIndex: setUnconditionally 0 -> -1
2019-09-06 01:41:13,792 [pool-439-thread-1] INFO  impl.RaftServerImpl (RaftServerImpl.java:start(180)) - f6e8ff06-084b-46ba-beae-927f7c0622d9: start group-D615FF25B2D2
2019-09-06 01:41:13,792 [pool-439-thread-1] INFO  impl.RaftServerImpl (RaftServerImpl.java:setRole(171)) - f6e8ff06-084b-46ba-beae-927f7c0622d9:group-D615FF25B2D2 changes role from null to FOLLOWER at term 0 for startAsFollower
2019-09-06 01:41:13,792 [pool-439-thread-1] INFO  impl.RoleInfo (RoleInfo.java:updateAndGet(143)) - f6e8ff06-084b-46ba-beae-927f7c0622d9: start FollowerState
2019-09-06 01:41:13,792 [pool-469-thread-1] INFO  server.RaftServerConfigKeys (ConfUtils.java:logGet(43)) - raft.server.snapshot.auto.trigger.enabled = true (custom)
2019-09-06 01:41:13,793 [pool-469-thread-1] INFO  server.RaftServerConfigKeys (ConfUtils.java:logGet(43)) - raft.server.snapshot.auto.trigger.threshold = 10000 (custom)
2019-09-06 01:41:13,793 [pool-439-thread-1] INFO  util.JmxRegister (JmxRegister.java:tryRegister(44)) - Successfully registered JMX Bean with object name Ratis:service=RaftServer,group=group-D615FF25B2D2,id=f6e8ff06-084b-46ba-beae-927f7c0622d9
2019-09-06 01:41:13,793 [pool-469-thread-1] INFO  server.RaftServerConfigKeys (ConfUtils.java:logGet(43)) - raft.server.retrycache.expirytime = 600000ms (custom)
2019-09-06 01:41:13,793 [pool-469-thread-1] INFO  impl.RaftServerImpl (RaftServerImpl.java:start(180)) - 1f2e57d7-1cd2-4b96-9676-7904a5c1d338: start group-D615FF25B2D2
2019-09-06 01:41:13,793 [pool-469-thread-1] INFO  impl.RaftServerImpl (RaftServerImpl.java:setRole(171)) - 1f2e57d7-1cd2-4b96-9676-7904a5c1d338:group-D615FF25B2D2 changes role from null to FOLLOWER at term 0 for startAsFollower
2019-09-06 01:41:13,793 [pool-469-thread-1] INFO  impl.RoleInfo (RoleInfo.java:updateAndGet(143)) - 1f2e57d7-1cd2-4b96-9676-7904a5c1d338: start FollowerState
2019-09-06 01:41:13,794 [pool-469-thread-1] INFO  util.JmxRegister (JmxRegister.java:tryRegister(44)) - Successfully registered JMX Bean with object name Ratis:service=RaftServer,group=group-D615FF25B2D2,id=1f2e57d7-1cd2-4b96-9676-7904a5c1d338
2019-09-06 01:41:13,796 [RatisPipelineUtilsThread] INFO  pipeline.PipelineStateManager (PipelineStateManager.java:addPipeline(56)) - Created pipeline Pipeline[ Id: c9cb5bd3-5052-4ddf-b85d-d615ff25b2d2, Nodes: ee89e297-a801-48e6-912d-41102d8ca779{ip: 192.168.5.177, host: pr-hdds-2015-4zh84-2711163145, networkLocation: /default-rack, certSerialId: null}f6e8ff06-084b-46ba-beae-927f7c0622d9{ip: 192.168.5.177, host: pr-hdds-2015-4zh84-2711163145, networkLocation: /default-rack, certSerialId: null}1f2e57d7-1cd2-4b96-9676-7904a5c1d338{ip: 192.168.5.177, host: pr-hdds-2015-4zh84-2711163145, networkLocation: /default-rack, certSerialId: null}, Type:RATIS, Factor:THREE, State:OPEN]
2019-09-06 01:41:13,809 [grpc-default-executor-3] INFO  impl.RaftServerProxy (RaftServerProxy.java:addNew(89)) - 4ba7b802-14f5-42b9-8dc4-3b2118cdd21d: addNew group-8FCE33E96697:[4ba7b802-14f5-42b9-8dc4-3b2118cdd21d:192.168.5.177:42721, af53648f-ad65-4ebd-a0ed-12c0c25e13ff:192.168.5.177:37144, bbace8e8-e1a9-42ee-9889-2c1141283f48:192.168.5.177:39551] returns group-8FCE33E96697:java.util.concurrent.CompletableFuture@4fd7c223[Not completed]
2019-09-06 01:41:13,809 [grpc-default-executor-2] INFO  impl.RaftServerProxy (RaftServerProxy.java:addNew(89)) - bbace8e8-e1a9-42ee-9889-2c1141283f48: addNew group-8FCE33E96697:[4ba7b802-14f5-42b9-8dc4-3b2118cdd21d:192.168.5.177:42721, af53648f-ad65-4ebd-a0ed-12c0c25e13ff:192.168.5.177:37144, bbace8e8-e1a9-42ee-9889-2c1141283f48:192.168.5.177:39551] returns group-8FCE33E96697:java.util.concurrent.CompletableFuture@6251ed6e[Not completed]
2019-09-06 01:41:13,809 [grpc-default-executor-5] INFO  impl.RaftServerProxy (RaftServerProxy.java:addNew(89)) - af53648f-ad65-4ebd-a0ed-12c0c25e13ff: addNew group-8FCE33E96697:[4ba7b802-14f5-42b9-8dc4-3b2118cdd21d:192.168.5.177:42721, af53648f-ad65-4ebd-a0ed-12c0c25e13ff:192.168.5.177:37144, bbace8e8-e1a9-42ee-9889-2c1141283f48:192.168.5.177:39551] returns group-8FCE33E96697:java.util.concurrent.CompletableFuture@76906ade[Not completed]
2019-09-06 01:41:13,810 [pool-459-thread-1] INFO  impl.RaftServerImpl (RaftServerImpl.java:<init>(93)) - 4ba7b802-14f5-42b9-8dc4-3b2118cdd21d: new RaftServerImpl for group-8FCE33E96697:[4ba7b802-14f5-42b9-8dc4-3b2118cdd21d:192.168.5.177:42721, af53648f-ad65-4ebd-a0ed-12c0c25e13ff:192.168.5.177:37144, bbace8e8-e1a9-42ee-9889-2c1141283f48:192.168.5.177:39551] with ContainerStateMachine:uninitialized
2019-09-06 01:41:13,810 [pool-459-thread-1] INFO  server.RaftServerConfigKeys (ConfUtils.java:logGet(43)) - raft.server.rpc.timeout.min = 5s (custom)
2019-09-06 01:41:13,811 [pool-459-thread-1] INFO  server.RaftServerConfigKeys (ConfUtils.java:logGet(43)) - raft.server.rpc.timeout.max = 5200ms (custom)
2019-09-06 01:41:13,811 [pool-459-thread-1] INFO  server.RaftServerConfigKeys (ConfUtils.java:logGet(43)) - raft.server.rpcslowness.timeout = 120s (custom)
2019-09-06 01:41:13,811 [pool-459-thread-1] INFO  server.RaftServerConfigKeys (ConfUtils.java:logGet(43)) - raft.server.sleep.deviation.threshold = 300 (default)
2019-09-06 01:41:13,811 [pool-459-thread-1] INFO  server.RaftServerConfigKeys (ConfUtils.java:logGet(43)) - raft.server.log.appender.install.snapshot.enabled = false (custom)
2019-09-06 01:41:13,811 [pool-459-thread-1] INFO  impl.RaftServerImpl (ServerState.java:<init>(105)) - 4ba7b802-14f5-42b9-8dc4-3b2118cdd21d:group-8FCE33E96697 ConfigurationManager, init=-1: [4ba7b802-14f5-42b9-8dc4-3b2118cdd21d:192.168.5.177:42721, af53648f-ad65-4ebd-a0ed-12c0c25e13ff:192.168.5.177:37144, bbace8e8-e1a9-42ee-9889-2c1141283f48:192.168.5.177:39551], old=null, confs=<EMPTY_MAP>
2019-09-06 01:41:13,811 [pool-419-thread-1] INFO  impl.RaftServerImpl (RaftServerImpl.java:<init>(93)) - bbace8e8-e1a9-42ee-9889-2c1141283f48: new RaftServerImpl for group-8FCE33E96697:[4ba7b802-14f5-42b9-8dc4-3b2118cdd21d:192.168.5.177:42721, af53648f-ad65-4ebd-a0ed-12c0c25e13ff:192.168.5.177:37144, bbace8e8-e1a9-42ee-9889-2c1141283f48:192.168.5.177:39551] with ContainerStateMachine:uninitialized
2019-09-06 01:41:13,811 [pool-459-thread-1] INFO  server.RaftServerConfigKeys (ConfUtils.java:logGet(43)) - raft.server.storage.dir = [/workdir/hadoop-ozone/integration-test/target/test-dir/MiniOzoneClusterImpl-fa83d308-25e6-4772-bfe6-42db08352842/datanode-5/data/ratis] (custom)
2019-09-06 01:41:13,811 [pool-419-thread-1] INFO  server.RaftServerConfigKeys (ConfUtils.java:logGet(43)) - raft.server.rpc.timeout.min = 5s (custom)
2019-09-06 01:41:13,811 [pool-419-thread-1] INFO  server.RaftServerConfigKeys (ConfUtils.java:logGet(43)) - raft.server.rpc.timeout.max = 5200ms (custom)
2019-09-06 01:41:13,811 [pool-459-thread-1] INFO  storage.RaftStorageDirectory (RaftStorageDirectory.java:analyzeStorage(246)) - The storage directory /workdir/hadoop-ozone/integration-test/target/test-dir/MiniOzoneClusterImpl-fa83d308-25e6-4772-bfe6-42db08352842/datanode-5/data/ratis/19dbd636-73b9-4f00-80d5-8fce33e96697 does not exist. Creating ...
2019-09-06 01:41:13,811 [pool-419-thread-1] INFO  server.RaftServerConfigKeys (ConfUtils.java:logGet(43)) - raft.server.rpcslowness.timeout = 120s (custom)
2019-09-06 01:41:13,811 [pool-449-thread-1] INFO  impl.RaftServerImpl (RaftServerImpl.java:<init>(93)) - af53648f-ad65-4ebd-a0ed-12c0c25e13ff: new RaftServerImpl for group-8FCE33E96697:[4ba7b802-14f5-42b9-8dc4-3b2118cdd21d:192.168.5.177:42721, af53648f-ad65-4ebd-a0ed-12c0c25e13ff:192.168.5.177:37144, bbace8e8-e1a9-42ee-9889-2c1141283f48:192.168.5.177:39551] with ContainerStateMachine:uninitialized
2019-09-06 01:41:13,812 [pool-419-thread-1] INFO  server.RaftServerConfigKeys (ConfUtils.java:logGet(43)) - raft.server.sleep.deviation.threshold = 300 (default)
2019-09-06 01:41:13,812 [pool-449-thread-1] INFO  server.RaftServerConfigKeys (ConfUtils.java:logGet(43)) - raft.server.rpc.timeout.min = 5s (custom)
2019-09-06 01:41:13,812 [pool-419-thread-1] INFO  server.RaftServerConfigKeys (ConfUtils.java:logGet(43)) - raft.server.log.appender.install.snapshot.enabled = false (custom)
2019-09-06 01:41:13,812 [pool-449-thread-1] INFO  server.RaftServerConfigKeys (ConfUtils.java:logGet(43)) - raft.server.rpc.timeout.max = 5200ms (custom)
2019-09-06 01:41:13,812 [pool-419-thread-1] INFO  impl.RaftServerImpl (ServerState.java:<init>(105)) - bbace8e8-e1a9-42ee-9889-2c1141283f48:group-8FCE33E96697 ConfigurationManager, init=-1: [4ba7b802-14f5-42b9-8dc4-3b2118cdd21d:192.168.5.177:42721, af53648f-ad65-4ebd-a0ed-12c0c25e13ff:192.168.5.177:37144, bbace8e8-e1a9-42ee-9889-2c1141283f48:192.168.5.177:39551], old=null, confs=<EMPTY_MAP>
2019-09-06 01:41:13,812 [pool-449-thread-1] INFO  server.RaftServerConfigKeys (ConfUtils.java:logGet(43)) - raft.server.rpcslowness.timeout = 120s (custom)
2019-09-06 01:41:13,812 [pool-419-thread-1] INFO  server.RaftServerConfigKeys (ConfUtils.java:logGet(43)) - raft.server.storage.dir = [/workdir/hadoop-ozone/integration-test/target/test-dir/MiniOzoneClusterImpl-fa83d308-25e6-4772-bfe6-42db08352842/datanode-1/data/ratis] (custom)
2019-09-06 01:41:13,812 [pool-449-thread-1] INFO  server.RaftServerConfigKeys (ConfUtils.java:logGet(43)) - raft.server.sleep.deviation.threshold = 300 (default)
2019-09-06 01:41:13,813 [pool-449-thread-1] INFO  server.RaftServerConfigKeys (ConfUtils.java:logGet(43)) - raft.server.log.appender.install.snapshot.enabled = false (custom)
2019-09-06 01:41:13,813 [pool-419-thread-1] INFO  storage.RaftStorageDirectory (RaftStorageDirectory.java:analyzeStorage(246)) - The storage directory /workdir/hadoop-ozone/integration-test/target/test-dir/MiniOzoneClusterImpl-fa83d308-25e6-4772-bfe6-42db08352842/datanode-1/data/ratis/19dbd636-73b9-4f00-80d5-8fce33e96697 does not exist. Creating ...
2019-09-06 01:41:13,813 [pool-449-thread-1] INFO  impl.RaftServerImpl (ServerState.java:<init>(105)) - af53648f-ad65-4ebd-a0ed-12c0c25e13ff:group-8FCE33E96697 ConfigurationManager, init=-1: [4ba7b802-14f5-42b9-8dc4-3b2118cdd21d:192.168.5.177:42721, af53648f-ad65-4ebd-a0ed-12c0c25e13ff:192.168.5.177:37144, bbace8e8-e1a9-42ee-9889-2c1141283f48:192.168.5.177:39551], old=null, confs=<EMPTY_MAP>
2019-09-06 01:41:13,813 [pool-449-thread-1] INFO  server.RaftServerConfigKeys (ConfUtils.java:logGet(43)) - raft.server.storage.dir = [/workdir/hadoop-ozone/integration-test/target/test-dir/MiniOzoneClusterImpl-fa83d308-25e6-4772-bfe6-42db08352842/datanode-4/data/ratis] (custom)
2019-09-06 01:41:13,813 [pool-449-thread-1] INFO  storage.RaftStorageDirectory (RaftStorageDirectory.java:analyzeStorage(246)) - The storage directory /workdir/hadoop-ozone/integration-test/target/test-dir/MiniOzoneClusterImpl-fa83d308-25e6-4772-bfe6-42db08352842/datanode-4/data/ratis/19dbd636-73b9-4f00-80d5-8fce33e96697 does not exist. Creating ...
2019-09-06 01:41:13,824 [pool-459-thread-1] INFO  storage.RaftStorageDirectory (RaftStorageDirectory.java:tryLock(328)) - Lock on /workdir/hadoop-ozone/integration-test/target/test-dir/MiniOzoneClusterImpl-fa83d308-25e6-4772-bfe6-42db08352842/datanode-5/data/ratis/19dbd636-73b9-4f00-80d5-8fce33e96697/in_use.lock acquired by nodename 29060@pr-hdds-2015-4zh84-2711163145
2019-09-06 01:41:13,824 [pool-449-thread-1] INFO  storage.RaftStorageDirectory (RaftStorageDirectory.java:tryLock(328)) - Lock on /workdir/hadoop-ozone/integration-test/target/test-dir/MiniOzoneClusterImpl-fa83d308-25e6-4772-bfe6-42db08352842/datanode-4/data/ratis/19dbd636-73b9-4f00-80d5-8fce33e96697/in_use.lock acquired by nodename 29060@pr-hdds-2015-4zh84-2711163145
2019-09-06 01:41:13,824 [pool-419-thread-1] INFO  storage.RaftStorageDirectory (RaftStorageDirectory.java:tryLock(328)) - Lock on /workdir/hadoop-ozone/integration-test/target/test-dir/MiniOzoneClusterImpl-fa83d308-25e6-4772-bfe6-42db08352842/datanode-1/data/ratis/19dbd636-73b9-4f00-80d5-8fce33e96697/in_use.lock acquired by nodename 29060@pr-hdds-2015-4zh84-2711163145
2019-09-06 01:41:13,855 [pool-449-thread-1] INFO  storage.RaftStorage (RaftStorage.java:format(72)) - Storage directory /workdir/hadoop-ozone/integration-test/target/test-dir/MiniOzoneClusterImpl-fa83d308-25e6-4772-bfe6-42db08352842/datanode-4/data/ratis/19dbd636-73b9-4f00-80d5-8fce33e96697 has been successfully formatted.
2019-09-06 01:41:13,855 [pool-459-thread-1] INFO  storage.RaftStorage (RaftStorage.java:format(72)) - Storage directory /workdir/hadoop-ozone/integration-test/target/test-dir/MiniOzoneClusterImpl-fa83d308-25e6-4772-bfe6-42db08352842/datanode-5/data/ratis/19dbd636-73b9-4f00-80d5-8fce33e96697 has been successfully formatted.
2019-09-06 01:41:13,855 [pool-419-thread-1] INFO  storage.RaftStorage (RaftStorage.java:format(72)) - Storage directory /workdir/hadoop-ozone/integration-test/target/test-dir/MiniOzoneClusterImpl-fa83d308-25e6-4772-bfe6-42db08352842/datanode-1/data/ratis/19dbd636-73b9-4f00-80d5-8fce33e96697 has been successfully formatted.
2019-09-06 01:41:13,855 [pool-449-thread-1] INFO  ratis.ContainerStateMachine (ContainerStateMachine.java:loadSnapshot(227)) - group-8FCE33E96697: The snapshot info is null. Setting the last applied indexto:(t:0, i:~)
2019-09-06 01:41:13,856 [pool-419-thread-1] INFO  ratis.ContainerStateMachine (ContainerStateMachine.java:loadSnapshot(227)) - group-8FCE33E96697: The snapshot info is null. Setting the last applied indexto:(t:0, i:~)
2019-09-06 01:41:13,856 [pool-459-thread-1] INFO  ratis.ContainerStateMachine (ContainerStateMachine.java:loadSnapshot(227)) - group-8FCE33E96697: The snapshot info is null. Setting the last applied indexto:(t:0, i:~)
2019-09-06 01:41:13,856 [pool-419-thread-1] INFO  server.RaftServerConfigKeys (ConfUtils.java:logGet(43)) - raft.server.leader.election.timeout = 120s (custom)
2019-09-06 01:41:13,856 [pool-449-thread-1] INFO  server.RaftServerConfigKeys (ConfUtils.java:logGet(43)) - raft.server.leader.election.timeout = 120s (custom)
2019-09-06 01:41:13,856 [pool-419-thread-1] INFO  server.RaftServerConfigKeys (ConfUtils.java:logGet(43)) - raft.server.log.use.memory = false (default)
2019-09-06 01:41:13,856 [pool-459-thread-1] INFO  server.RaftServerConfigKeys (ConfUtils.java:logGet(43)) - raft.server.leader.election.timeout = 120s (custom)
2019-09-06 01:41:13,856 [pool-419-thread-1] INFO  server.RaftServerConfigKeys (ConfUtils.java:logGet(43)) - raft.server.log.purge.gap = 1000000 (custom)
2019-09-06 01:41:13,856 [pool-449-thread-1] INFO  server.RaftServerConfigKeys (ConfUtils.java:logGet(43)) - raft.server.log.use.memory = false (default)
2019-09-06 01:41:13,856 [pool-419-thread-1] INFO  server.RaftServerConfigKeys (ConfUtils.java:logGet(43)) - raft.server.log.appender.buffer.byte-limit = 33554432 (custom)
2019-09-06 01:41:13,856 [pool-459-thread-1] INFO  server.RaftServerConfigKeys (ConfUtils.java:logGet(43)) - raft.server.log.use.memory = false (default)
2019-09-06 01:41:13,857 [pool-419-thread-1] INFO  server.RaftServerConfigKeys (ConfUtils.java:logGet(43)) - raft.server.log.segment.size.max = 1048576 (custom)
2019-09-06 01:41:13,857 [pool-449-thread-1] INFO  server.RaftServerConfigKeys (ConfUtils.java:logGet(43)) - raft.server.log.purge.gap = 1000000 (custom)
2019-09-06 01:41:13,857 [pool-419-thread-1] INFO  server.RaftServerConfigKeys (ConfUtils.java:logGet(43)) - raft.server.log.segment.cache.num.max = 2 (custom)
2019-09-06 01:41:13,857 [pool-459-thread-1] INFO  server.RaftServerConfigKeys (ConfUtils.java:logGet(43)) - raft.server.log.purge.gap = 1000000 (custom)
2019-09-06 01:41:13,857 [pool-419-thread-1] INFO  segmented.SegmentedRaftLogWorker (SegmentedRaftLogWorker.java:<init>(172)) - new bbace8e8-e1a9-42ee-9889-2c1141283f48-SegmentedRaftLogWorker:Storage Directory /workdir/hadoop-ozone/integration-test/target/test-dir/MiniOzoneClusterImpl-fa83d308-25e6-4772-bfe6-42db08352842/datanode-1/data/ratis/19dbd636-73b9-4f00-80d5-8fce33e96697 for RaftStorage:Storage Directory /workdir/hadoop-ozone/integration-test/target/test-dir/MiniOzoneClusterImpl-fa83d308-25e6-4772-bfe6-42db08352842/datanode-1/data/ratis/19dbd636-73b9-4f00-80d5-8fce33e96697
2019-09-06 01:41:13,857 [pool-449-thread-1] INFO  server.RaftServerConfigKeys (ConfUtils.java:logGet(43)) - raft.server.log.appender.buffer.byte-limit = 33554432 (custom)
2019-09-06 01:41:13,857 [pool-419-thread-1] INFO  server.RaftServerConfigKeys (ConfUtils.java:logGet(43)) - raft.server.log.queue.byte-limit = 2147483647 (custom)
2019-09-06 01:41:13,857 [pool-459-thread-1] INFO  server.RaftServerConfigKeys (ConfUtils.java:logGet(43)) - raft.server.log.appender.buffer.byte-limit = 33554432 (custom)
2019-09-06 01:41:13,857 [pool-419-thread-1] INFO  server.RaftServerConfigKeys (ConfUtils.java:logGet(43)) - raft.server.log.queue.element-limit = 1024 (custom)
2019-09-06 01:41:13,857 [pool-449-thread-1] INFO  server.RaftServerConfigKeys (ConfUtils.java:logGet(43)) - raft.server.log.segment.size.max = 1048576 (custom)
2019-09-06 01:41:13,858 [pool-419-thread-1] INFO  server.RaftServerConfigKeys (ConfUtils.java:logGet(43)) - raft.server.log.segment.size.max = 1048576 (custom)
2019-09-06 01:41:13,857 [pool-459-thread-1] INFO  server.RaftServerConfigKeys (ConfUtils.java:logGet(43)) - raft.server.log.segment.size.max = 1048576 (custom)
2019-09-06 01:41:13,858 [pool-419-thread-1] INFO  server.RaftServerConfigKeys (ConfUtils.java:logGet(43)) - raft.server.log.preallocated.size = 16384 (custom)
2019-09-06 01:41:13,858 [pool-449-thread-1] INFO  server.RaftServerConfigKeys (ConfUtils.java:logGet(43)) - raft.server.log.segment.cache.num.max = 2 (custom)
2019-09-06 01:41:13,858 [pool-419-thread-1] INFO  server.RaftServerConfigKeys (ConfUtils.java:logGet(43)) - raft.server.log.write.buffer.size = 33554432 (custom)
2019-09-06 01:41:13,858 [pool-419-thread-1] INFO  server.RaftServerConfigKeys (ConfUtils.java:logGet(43)) - raft.server.log.force.sync.num = 128 (default)
2019-09-06 01:41:13,858 [pool-459-thread-1] INFO  server.RaftServerConfigKeys (ConfUtils.java:logGet(43)) - raft.server.log.segment.cache.num.max = 2 (custom)
2019-09-06 01:41:13,858 [pool-419-thread-1] INFO  server.RaftServerConfigKeys (ConfUtils.java:logGet(43)) - raft.server.log.statemachine.data.sync = true (default)
2019-09-06 01:41:13,858 [pool-449-thread-1] INFO  segmented.SegmentedRaftLogWorker (SegmentedRaftLogWorker.java:<init>(172)) - new af53648f-ad65-4ebd-a0ed-12c0c25e13ff-SegmentedRaftLogWorker:Storage Directory /workdir/hadoop-ozone/integration-test/target/test-dir/MiniOzoneClusterImpl-fa83d308-25e6-4772-bfe6-42db08352842/datanode-4/data/ratis/19dbd636-73b9-4f00-80d5-8fce33e96697 for RaftStorage:Storage Directory /workdir/hadoop-ozone/integration-test/target/test-dir/MiniOzoneClusterImpl-fa83d308-25e6-4772-bfe6-42db08352842/datanode-4/data/ratis/19dbd636-73b9-4f00-80d5-8fce33e96697
2019-09-06 01:41:13,858 [pool-419-thread-1] INFO  server.RaftServerConfigKeys (ConfUtils.java:logGet(43)) - raft.server.log.statemachine.data.sync.timeout = 10s (default)
2019-09-06 01:41:13,858 [pool-459-thread-1] INFO  segmented.SegmentedRaftLogWorker (SegmentedRaftLogWorker.java:<init>(172)) - new 4ba7b802-14f5-42b9-8dc4-3b2118cdd21d-SegmentedRaftLogWorker:Storage Directory /workdir/hadoop-ozone/integration-test/target/test-dir/MiniOzoneClusterImpl-fa83d308-25e6-4772-bfe6-42db08352842/datanode-5/data/ratis/19dbd636-73b9-4f00-80d5-8fce33e96697 for RaftStorage:Storage Directory /workdir/hadoop-ozone/integration-test/target/test-dir/MiniOzoneClusterImpl-fa83d308-25e6-4772-bfe6-42db08352842/datanode-5/data/ratis/19dbd636-73b9-4f00-80d5-8fce33e96697
2019-09-06 01:41:13,859 [pool-419-thread-1] INFO  server.RaftServerConfigKeys (ConfUtils.java:logGet(43)) - raft.server.log.statemachine.data.sync.timeout.retry = -1 (default)
2019-09-06 01:41:13,859 [pool-449-thread-1] INFO  server.RaftServerConfigKeys (ConfUtils.java:logGet(43)) - raft.server.log.queue.byte-limit = 2147483647 (custom)
2019-09-06 01:41:13,859 [pool-419-thread-1] INFO  server.RaftServerConfigKeys (ConfUtils.java:logGet(43)) - raft.server.log.statemachine.data.caching.enabled = true (custom)
2019-09-06 01:41:13,859 [pool-459-thread-1] INFO  server.RaftServerConfigKeys (ConfUtils.java:logGet(43)) - raft.server.log.queue.byte-limit = 2147483647 (custom)
2019-09-06 01:41:13,859 [pool-449-thread-1] INFO  server.RaftServerConfigKeys (ConfUtils.java:logGet(43)) - raft.server.log.queue.element-limit = 1024 (custom)
2019-09-06 01:41:13,859 [pool-419-thread-1] INFO  segmented.SegmentedRaftLogWorker (SegmentedRaftLogWorker.java:lambda$new$0(132)) - bbace8e8-e1a9-42ee-9889-2c1141283f48-SegmentedRaftLogWorker:Storage Directory /workdir/hadoop-ozone/integration-test/target/test-dir/MiniOzoneClusterImpl-fa83d308-25e6-4772-bfe6-42db08352842/datanode-1/data/ratis/19dbd636-73b9-4f00-80d5-8fce33e96697: flushIndex: setUnconditionally 0 -> -1
2019-09-06 01:41:13,859 [pool-459-thread-1] INFO  server.RaftServerConfigKeys (ConfUtils.java:logGet(43)) - raft.server.log.queue.element-limit = 1024 (custom)
2019-09-06 01:41:13,859 [pool-449-thread-1] INFO  server.RaftServerConfigKeys (ConfUtils.java:logGet(43)) - raft.server.log.segment.size.max = 1048576 (custom)
2019-09-06 01:41:13,860 [pool-419-thread-1] INFO  server.RaftServerConfigKeys (ConfUtils.java:logGet(43)) - raft.server.snapshot.auto.trigger.enabled = true (custom)
2019-09-06 01:41:13,859 [pool-459-thread-1] INFO  server.RaftServerConfigKeys (ConfUtils.java:logGet(43)) - raft.server.log.segment.size.max = 1048576 (custom)
2019-09-06 01:41:13,860 [pool-419-thread-1] INFO  server.RaftServerConfigKeys (ConfUtils.java:logGet(43)) - raft.server.snapshot.auto.trigger.threshold = 10000 (custom)
2019-09-06 01:41:13,860 [pool-449-thread-1] INFO  server.RaftServerConfigKeys (ConfUtils.java:logGet(43)) - raft.server.log.preallocated.size = 16384 (custom)
2019-09-06 01:41:13,860 [pool-419-thread-1] INFO  server.RaftServerConfigKeys (ConfUtils.java:logGet(43)) - raft.server.retrycache.expirytime = 600000ms (custom)
2019-09-06 01:41:13,860 [pool-459-thread-1] INFO  server.RaftServerConfigKeys (ConfUtils.java:logGet(43)) - raft.server.log.preallocated.size = 16384 (custom)
2019-09-06 01:41:13,860 [pool-419-thread-1] INFO  impl.RaftServerImpl (RaftServerImpl.java:start(180)) - bbace8e8-e1a9-42ee-9889-2c1141283f48: start group-8FCE33E96697
2019-09-06 01:41:13,860 [pool-449-thread-1] INFO  server.RaftServerConfigKeys (ConfUtils.java:logGet(43)) - raft.server.log.write.buffer.size = 33554432 (custom)
2019-09-06 01:41:13,860 [pool-419-thread-1] INFO  impl.RaftServerImpl (RaftServerImpl.java:setRole(171)) - bbace8e8-e1a9-42ee-9889-2c1141283f48:group-8FCE33E96697 changes role from null to FOLLOWER at term 0 for startAsFollower
2019-09-06 01:41:13,860 [pool-459-thread-1] INFO  server.RaftServerConfigKeys (ConfUtils.java:logGet(43)) - raft.server.log.write.buffer.size = 33554432 (custom)
2019-09-06 01:41:13,860 [pool-419-thread-1] INFO  impl.RoleInfo (RoleInfo.java:updateAndGet(143)) - bbace8e8-e1a9-42ee-9889-2c1141283f48: start FollowerState
2019-09-06 01:41:13,860 [pool-449-thread-1] INFO  server.RaftServerConfigKeys (ConfUtils.java:logGet(43)) - raft.server.log.force.sync.num = 128 (default)
2019-09-06 01:41:13,861 [pool-459-thread-1] INFO  server.RaftServerConfigKeys (ConfUtils.java:logGet(43)) - raft.server.log.force.sync.num = 128 (default)
2019-09-06 01:41:13,861 [pool-449-thread-1] INFO  server.RaftServerConfigKeys (ConfUtils.java:logGet(43)) - raft.server.log.statemachine.data.sync = true (default)
2019-09-06 01:41:13,861 [pool-419-thread-1] INFO  util.JmxRegister (JmxRegister.java:tryRegister(44)) - Successfully registered JMX Bean with object name Ratis:service=RaftServer,group=group-8FCE33E96697,id=bbace8e8-e1a9-42ee-9889-2c1141283f48
2019-09-06 01:41:13,861 [pool-459-thread-1] INFO  server.RaftServerConfigKeys (ConfUtils.java:logGet(43)) - raft.server.log.statemachine.data.sync = true (default)
2019-09-06 01:41:13,861 [pool-449-thread-1] INFO  server.RaftServerConfigKeys (ConfUtils.java:logGet(43)) - raft.server.log.statemachine.data.sync.timeout = 10s (default)
2019-09-06 01:41:13,861 [pool-459-thread-1] INFO  server.RaftServerConfigKeys (ConfUtils.java:logGet(43)) - raft.server.log.statemachine.data.sync.timeout = 10s (default)
2019-09-06 01:41:13,861 [pool-449-thread-1] INFO  server.RaftServerConfigKeys (ConfUtils.java:logGet(43)) - raft.server.log.statemachine.data.sync.timeout.retry = -1 (default)
2019-09-06 01:41:13,861 [pool-459-thread-1] INFO  server.RaftServerConfigKeys (ConfUtils.java:logGet(43)) - raft.server.log.statemachine.data.sync.timeout.retry = -1 (default)
2019-09-06 01:41:13,861 [pool-449-thread-1] INFO  server.RaftServerConfigKeys (ConfUtils.java:logGet(43)) - raft.server.log.statemachine.data.caching.enabled = true (custom)
2019-09-06 01:41:13,862 [pool-459-thread-1] INFO  server.RaftServerConfigKeys (ConfUtils.java:logGet(43)) - raft.server.log.statemachine.data.caching.enabled = true (custom)
2019-09-06 01:41:13,862 [pool-459-thread-1] INFO  segmented.SegmentedRaftLogWorker (SegmentedRaftLogWorker.java:lambda$new$0(132)) - 4ba7b802-14f5-42b9-8dc4-3b2118cdd21d-SegmentedRaftLogWorker:Storage Directory /workdir/hadoop-ozone/integration-test/target/test-dir/MiniOzoneClusterImpl-fa83d308-25e6-4772-bfe6-42db08352842/datanode-5/data/ratis/19dbd636-73b9-4f00-80d5-8fce33e96697: flushIndex: setUnconditionally 0 -> -1
2019-09-06 01:41:13,862 [pool-459-thread-1] INFO  server.RaftServerConfigKeys (ConfUtils.java:logGet(43)) - raft.server.snapshot.auto.trigger.enabled = true (custom)
2019-09-06 01:41:13,862 [pool-459-thread-1] INFO  server.RaftServerConfigKeys (ConfUtils.java:logGet(43)) - raft.server.snapshot.auto.trigger.threshold = 10000 (custom)
2019-09-06 01:41:13,862 [pool-459-thread-1] INFO  server.RaftServerConfigKeys (ConfUtils.java:logGet(43)) - raft.server.retrycache.expirytime = 600000ms (custom)
2019-09-06 01:41:13,862 [pool-449-thread-1] INFO  segmented.SegmentedRaftLogWorker (SegmentedRaftLogWorker.java:lambda$new$0(132)) - af53648f-ad65-4ebd-a0ed-12c0c25e13ff-SegmentedRaftLogWorker:Storage Directory /workdir/hadoop-ozone/integration-test/target/test-dir/MiniOzoneClusterImpl-fa83d308-25e6-4772-bfe6-42db08352842/datanode-4/data/ratis/19dbd636-73b9-4f00-80d5-8fce33e96697: flushIndex: setUnconditionally 0 -> -1
2019-09-06 01:41:13,863 [pool-459-thread-1] INFO  impl.RaftServerImpl (RaftServerImpl.java:start(180)) - 4ba7b802-14f5-42b9-8dc4-3b2118cdd21d: start group-8FCE33E96697
2019-09-06 01:41:13,863 [pool-459-thread-1] INFO  impl.RaftServerImpl (RaftServerImpl.java:setRole(171)) - 4ba7b802-14f5-42b9-8dc4-3b2118cdd21d:group-8FCE33E96697 changes role from null to FOLLOWER at term 0 for startAsFollower
2019-09-06 01:41:13,864 [pool-459-thread-1] INFO  impl.RoleInfo (RoleInfo.java:updateAndGet(143)) - 4ba7b802-14f5-42b9-8dc4-3b2118cdd21d: start FollowerState
2019-09-06 01:41:13,864 [pool-449-thread-1] INFO  server.RaftServerConfigKeys (ConfUtils.java:logGet(43)) - raft.server.snapshot.auto.trigger.enabled = true (custom)
2019-09-06 01:41:13,864 [pool-449-thread-1] INFO  server.RaftServerConfigKeys (ConfUtils.java:logGet(43)) - raft.server.snapshot.auto.trigger.threshold = 10000 (custom)
2019-09-06 01:41:13,864 [pool-459-thread-1] INFO  util.JmxRegister (JmxRegister.java:tryRegister(44)) - Successfully registered JMX Bean with object name Ratis:service=RaftServer,group=group-8FCE33E96697,id=4ba7b802-14f5-42b9-8dc4-3b2118cdd21d
2019-09-06 01:41:13,864 [pool-449-thread-1] INFO  server.RaftServerConfigKeys (ConfUtils.java:logGet(43)) - raft.server.retrycache.expirytime = 600000ms (custom)
2019-09-06 01:41:13,864 [pool-449-thread-1] INFO  impl.RaftServerImpl (RaftServerImpl.java:start(180)) - af53648f-ad65-4ebd-a0ed-12c0c25e13ff: start group-8FCE33E96697
2019-09-06 01:41:13,865 [pool-449-thread-1] INFO  impl.RaftServerImpl (RaftServerImpl.java:setRole(171)) - af53648f-ad65-4ebd-a0ed-12c0c25e13ff:group-8FCE33E96697 changes role from null to FOLLOWER at term 0 for startAsFollower
2019-09-06 01:41:13,865 [pool-449-thread-1] INFO  impl.RoleInfo (RoleInfo.java:updateAndGet(143)) - af53648f-ad65-4ebd-a0ed-12c0c25e13ff: start FollowerState
2019-09-06 01:41:13,865 [pool-449-thread-1] INFO  util.JmxRegister (JmxRegister.java:tryRegister(44)) - Successfully registered JMX Bean with object name Ratis:service=RaftServer,group=group-8FCE33E96697,id=af53648f-ad65-4ebd-a0ed-12c0c25e13ff
2019-09-06 01:41:13,867 [RatisPipelineUtilsThread] INFO  pipeline.PipelineStateManager (PipelineStateManager.java:addPipeline(56)) - Created pipeline Pipeline[ Id: 19dbd636-73b9-4f00-80d5-8fce33e96697, Nodes: af53648f-ad65-4ebd-a0ed-12c0c25e13ff{ip: 192.168.5.177, host: pr-hdds-2015-4zh84-2711163145, networkLocation: /default-rack, certSerialId: null}bbace8e8-e1a9-42ee-9889-2c1141283f48{ip: 192.168.5.177, host: pr-hdds-2015-4zh84-2711163145, networkLocation: /default-rack, certSerialId: null}4ba7b802-14f5-42b9-8dc4-3b2118cdd21d{ip: 192.168.5.177, host: pr-hdds-2015-4zh84-2711163145, networkLocation: /default-rack, certSerialId: null}, Type:RATIS, Factor:THREE, State:OPEN]
2019-09-06 01:41:13,888 [grpc-default-executor-5] INFO  client.GrpcClientProtocolClient (GrpcClientProtocolClient.java:onNext(255)) - client-F06A606426D6->af53648f-ad65-4ebd-a0ed-12c0c25e13ff: receive RaftClientReply:client-F06A606426D6->af53648f-ad65-4ebd-a0ed-12c0c25e13ff@group-8FCE33E96697, cid=163, FAILED org.apache.ratis.protocol.NotLeaderException: Server af53648f-ad65-4ebd-a0ed-12c0c25e13ff is not the leader (null). Request must be sent to leader., logIndex=0, commits[af53648f-ad65-4ebd-a0ed-12c0c25e13ff:c-1]
2019-09-06 01:41:14,904 [grpc-default-executor-5] INFO  client.GrpcClientProtocolClient (GrpcClientProtocolClient.java:onNext(255)) - client-F06A606426D6->bbace8e8-e1a9-42ee-9889-2c1141283f48: receive RaftClientReply:client-F06A606426D6->bbace8e8-e1a9-42ee-9889-2c1141283f48@group-8FCE33E96697, cid=163, FAILED org.apache.ratis.protocol.NotLeaderException: Server bbace8e8-e1a9-42ee-9889-2c1141283f48 is not the leader (null). Request must be sent to leader., logIndex=0, commits[bbace8e8-e1a9-42ee-9889-2c1141283f48:c-1]
2019-09-06 01:41:15,911 [grpc-default-executor-2] INFO  client.GrpcClientProtocolClient (GrpcClientProtocolClient.java:onNext(255)) - client-F06A606426D6->af53648f-ad65-4ebd-a0ed-12c0c25e13ff: receive RaftClientReply:client-F06A606426D6->af53648f-ad65-4ebd-a0ed-12c0c25e13ff@group-8FCE33E96697, cid=163, FAILED org.apache.ratis.protocol.NotLeaderException: Server af53648f-ad65-4ebd-a0ed-12c0c25e13ff is not the leader (null). Request must be sent to leader., logIndex=0, commits[af53648f-ad65-4ebd-a0ed-12c0c25e13ff:c-1]
2019-09-06 01:41:16,255 [Thread-3227] INFO  container.ReplicationManager (ReplicationManager.java:start(162)) - Starting Replication Monitor Thread.
2019-09-06 01:41:16,259 [ReplicationMonitor] INFO  container.ReplicationManager (ReplicationManager.java:run(225)) - Replication Monitor Thread took 0 milliseconds for processing 1 containers.
2019-09-06 01:41:16,918 [grpc-default-executor-5] INFO  client.GrpcClientProtocolClient (GrpcClientProtocolClient.java:onNext(255)) - client-F06A606426D6->bbace8e8-e1a9-42ee-9889-2c1141283f48: receive RaftClientReply:client-F06A606426D6->bbace8e8-e1a9-42ee-9889-2c1141283f48@group-8FCE33E96697, cid=163, FAILED org.apache.ratis.protocol.NotLeaderException: Server bbace8e8-e1a9-42ee-9889-2c1141283f48 is not the leader (null). Request must be sent to leader., logIndex=0, commits[bbace8e8-e1a9-42ee-9889-2c1141283f48:c-1]
2019-09-06 01:41:17,927 [grpc-default-executor-2] INFO  client.GrpcClientProtocolClient (GrpcClientProtocolClient.java:onNext(255)) - client-F06A606426D6->af53648f-ad65-4ebd-a0ed-12c0c25e13ff: receive RaftClientReply:client-F06A606426D6->af53648f-ad65-4ebd-a0ed-12c0c25e13ff@group-8FCE33E96697, cid=163, FAILED org.apache.ratis.protocol.NotLeaderException: Server af53648f-ad65-4ebd-a0ed-12c0c25e13ff is not the leader (null). Request must be sent to leader., logIndex=0, commits[af53648f-ad65-4ebd-a0ed-12c0c25e13ff:c-1]
2019-09-06 01:41:18,507 [Thread-3235] INFO  impl.FollowerState (FollowerState.java:run(106)) - edc09431-f278-40d3-af03-90e48e877b17:group-17C3265A37EE changes to CANDIDATE, lastRpcTime:5033, electionTimeout:5033ms
2019-09-06 01:41:18,507 [Thread-3235] INFO  impl.RoleInfo (RoleInfo.java:shutdownFollowerState(121)) - edc09431-f278-40d3-af03-90e48e877b17: shutdown FollowerState
2019-09-06 01:41:18,507 [Thread-3235] INFO  impl.RaftServerImpl (RaftServerImpl.java:setRole(171)) - edc09431-f278-40d3-af03-90e48e877b17:group-17C3265A37EE changes role from FOLLOWER to CANDIDATE at term 0 for changeToCandidate
2019-09-06 01:41:18,508 [Thread-3235] INFO  impl.RoleInfo (RoleInfo.java:updateAndGet(143)) - edc09431-f278-40d3-af03-90e48e877b17: start LeaderElection
2019-09-06 01:41:18,527 [Thread-3232] INFO  impl.FollowerState (FollowerState.java:run(106)) - bbace8e8-e1a9-42ee-9889-2c1141283f48:group-BAF6529E71F2 changes to CANDIDATE, lastRpcTime:5101, electionTimeout:5101ms
2019-09-06 01:41:18,527 [Thread-3232] INFO  impl.RoleInfo (RoleInfo.java:shutdownFollowerState(121)) - bbace8e8-e1a9-42ee-9889-2c1141283f48: shutdown FollowerState
2019-09-06 01:41:18,528 [Thread-3232] INFO  impl.RaftServerImpl (RaftServerImpl.java:setRole(171)) - bbace8e8-e1a9-42ee-9889-2c1141283f48:group-BAF6529E71F2 changes role from FOLLOWER to CANDIDATE at term 0 for changeToCandidate
2019-09-06 01:41:18,528 [Thread-3232] INFO  impl.RoleInfo (RoleInfo.java:updateAndGet(143)) - bbace8e8-e1a9-42ee-9889-2c1141283f48: start LeaderElection
2019-09-06 01:41:18,546 [edc09431-f278-40d3-af03-90e48e877b17:group-17C3265A37EE:LeaderElection53] INFO  impl.LeaderElection (LeaderElection.java:askForVotes(181)) - edc09431-f278-40d3-af03-90e48e877b17:group-17C3265A37EE:LeaderElection53: begin an election at term 1 for -1: [edc09431-f278-40d3-af03-90e48e877b17:192.168.5.177:37126], old=null
2019-09-06 01:41:18,546 [edc09431-f278-40d3-af03-90e48e877b17:group-17C3265A37EE:LeaderElection53] INFO  impl.RoleInfo (RoleInfo.java:shutdownLeaderElection(134)) - edc09431-f278-40d3-af03-90e48e877b17: shutdown LeaderElection
2019-09-06 01:41:18,547 [edc09431-f278-40d3-af03-90e48e877b17:group-17C3265A37EE:LeaderElection53] INFO  impl.RaftServerImpl (RaftServerImpl.java:setRole(171)) - edc09431-f278-40d3-af03-90e48e877b17:group-17C3265A37EE changes role from CANDIDATE to LEADER at term 1 for changeToLeader
2019-09-06 01:41:18,547 [edc09431-f278-40d3-af03-90e48e877b17:group-17C3265A37EE:LeaderElection53] INFO  impl.RaftServerImpl (ServerState.java:setLeader(263)) - edc09431-f278-40d3-af03-90e48e877b17:group-17C3265A37EE change Leader from null to edc09431-f278-40d3-af03-90e48e877b17 at term 1 for becomeLeader, leader elected after 5076ms
2019-09-06 01:41:18,547 [edc09431-f278-40d3-af03-90e48e877b17:group-17C3265A37EE:LeaderElection53] INFO  server.RaftServerConfigKeys (ConfUtils.java:logGet(43)) - raft.server.staging.catchup.gap = 1000 (default)
2019-09-06 01:41:18,547 [edc09431-f278-40d3-af03-90e48e877b17:group-17C3265A37EE:LeaderElection53] INFO  server.RaftServerConfigKeys (ConfUtils.java:logGet(43)) - raft.server.rpc.sleep.time = 25ms (default)
2019-09-06 01:41:18,547 [edc09431-f278-40d3-af03-90e48e877b17:group-17C3265A37EE:LeaderElection53] INFO  server.RaftServerConfigKeys (ConfUtils.java:logGet(43)) - raft.server.write.element-limit = 4096 (default)
2019-09-06 01:41:18,547 [edc09431-f278-40d3-af03-90e48e877b17:group-17C3265A37EE:LeaderElection53] INFO  server.RaftServerConfigKeys (ConfUtils.java:logGet(43)) - raft.server.watch.timeout = 10s (default)
2019-09-06 01:41:18,548 [edc09431-f278-40d3-af03-90e48e877b17:group-17C3265A37EE:LeaderElection53] INFO  server.RaftServerConfigKeys (ConfUtils.java:logGet(43)) - raft.server.watch.timeout.denomination = 1s (default)
2019-09-06 01:41:18,548 [edc09431-f278-40d3-af03-90e48e877b17:group-17C3265A37EE:LeaderElection53] INFO  server.RaftServerConfigKeys (ConfUtils.java:logGet(43)) - raft.server.watch.element-limit = 65536 (default)
2019-09-06 01:41:18,548 [edc09431-f278-40d3-af03-90e48e877b17:group-17C3265A37EE:LeaderElection53] INFO  impl.RoleInfo (RoleInfo.java:updateAndGet(143)) - edc09431-f278-40d3-af03-90e48e877b17: start LeaderState
2019-09-06 01:41:18,548 [edc09431-f278-40d3-af03-90e48e877b17:group-17C3265A37EE:LeaderElection53] INFO  segmented.SegmentedRaftLogWorker (SegmentedRaftLogWorker.java:startLogSegment(380)) - edc09431-f278-40d3-af03-90e48e877b17-SegmentedRaftLogWorker:Storage Directory /workdir/hadoop-ozone/integration-test/target/test-dir/MiniOzoneClusterImpl-fa83d308-25e6-4772-bfe6-42db08352842/datanode-2/data/ratis/2f98f1d7-e9a1-4f64-89fd-17c3265a37ee: Starting segment from index:0
2019-09-06 01:41:18,549 [Thread-3229] INFO  impl.FollowerState (FollowerState.java:run(106)) - ee89e297-a801-48e6-912d-41102d8ca779:group-3CEA160324B6 changes to CANDIDATE, lastRpcTime:5178, electionTimeout:5178ms
2019-09-06 01:41:18,549 [edc09431-f278-40d3-af03-90e48e877b17:group-17C3265A37EE:LeaderElection53] INFO  impl.RaftServerImpl (ServerState.java:setRaftConf(361)) - edc09431-f278-40d3-af03-90e48e877b17:group-17C3265A37EE set configuration 0: [edc09431-f278-40d3-af03-90e48e877b17:192.168.5.177:37126], old=null at 0
2019-09-06 01:41:18,549 [Thread-3229] INFO  impl.RoleInfo (RoleInfo.java:shutdownFollowerState(121)) - ee89e297-a801-48e6-912d-41102d8ca779: shutdown FollowerState
2019-09-06 01:41:18,549 [Thread-3229] INFO  impl.RaftServerImpl (RaftServerImpl.java:setRole(171)) - ee89e297-a801-48e6-912d-41102d8ca779:group-3CEA160324B6 changes role from FOLLOWER to CANDIDATE at term 0 for changeToCandidate
2019-09-06 01:41:18,550 [Thread-3229] INFO  impl.RoleInfo (RoleInfo.java:updateAndGet(143)) - ee89e297-a801-48e6-912d-41102d8ca779: start LeaderElection
2019-09-06 01:41:18,586 [bbace8e8-e1a9-42ee-9889-2c1141283f48:group-BAF6529E71F2:LeaderElection54] INFO  impl.LeaderElection (LeaderElection.java:askForVotes(181)) - bbace8e8-e1a9-42ee-9889-2c1141283f48:group-BAF6529E71F2:LeaderElection54: begin an election at term 1 for -1: [bbace8e8-e1a9-42ee-9889-2c1141283f48:192.168.5.177:39551], old=null
2019-09-06 01:41:18,588 [bbace8e8-e1a9-42ee-9889-2c1141283f48:group-BAF6529E71F2:LeaderElection54] INFO  impl.RoleInfo (RoleInfo.java:shutdownLeaderElection(134)) - bbace8e8-e1a9-42ee-9889-2c1141283f48: shutdown LeaderElection
2019-09-06 01:41:18,588 [bbace8e8-e1a9-42ee-9889-2c1141283f48:group-BAF6529E71F2:LeaderElection54] INFO  impl.RaftServerImpl (RaftServerImpl.java:setRole(171)) - bbace8e8-e1a9-42ee-9889-2c1141283f48:group-BAF6529E71F2 changes role from CANDIDATE to LEADER at term 1 for changeToLeader
2019-09-06 01:41:18,588 [bbace8e8-e1a9-42ee-9889-2c1141283f48:group-BAF6529E71F2:LeaderElection54] INFO  impl.RaftServerImpl (ServerState.java:setLeader(263)) - bbace8e8-e1a9-42ee-9889-2c1141283f48:group-BAF6529E71F2 change Leader from null to bbace8e8-e1a9-42ee-9889-2c1141283f48 at term 1 for becomeLeader, leader elected after 5166ms
2019-09-06 01:41:18,588 [bbace8e8-e1a9-42ee-9889-2c1141283f48:group-BAF6529E71F2:LeaderElection54] INFO  server.RaftServerConfigKeys (ConfUtils.java:logGet(43)) - raft.server.staging.catchup.gap = 1000 (default)
2019-09-06 01:41:18,588 [bbace8e8-e1a9-42ee-9889-2c1141283f48:group-BAF6529E71F2:LeaderElection54] INFO  server.RaftServerConfigKeys (ConfUtils.java:logGet(43)) - raft.server.rpc.sleep.time = 25ms (default)
2019-09-06 01:41:18,588 [bbace8e8-e1a9-42ee-9889-2c1141283f48:group-BAF6529E71F2:LeaderElection54] INFO  server.RaftServerConfigKeys (ConfUtils.java:logGet(43)) - raft.server.write.element-limit = 4096 (default)
2019-09-06 01:41:18,589 [bbace8e8-e1a9-42ee-9889-2c1141283f48:group-BAF6529E71F2:LeaderElection54] INFO  server.RaftServerConfigKeys (ConfUtils.java:logGet(43)) - raft.server.watch.timeout = 10s (default)
2019-09-06 01:41:18,589 [bbace8e8-e1a9-42ee-9889-2c1141283f48:group-BAF6529E71F2:LeaderElection54] INFO  server.RaftServerConfigKeys (ConfUtils.java:logGet(43)) - raft.server.watch.timeout.denomination = 1s (default)
2019-09-06 01:41:18,589 [bbace8e8-e1a9-42ee-9889-2c1141283f48:group-BAF6529E71F2:LeaderElection54] INFO  server.RaftServerConfigKeys (ConfUtils.java:logGet(43)) - raft.server.watch.element-limit = 65536 (default)
2019-09-06 01:41:18,589 [Thread-3241] INFO  impl.FollowerState (FollowerState.java:run(106)) - af53648f-ad65-4ebd-a0ed-12c0c25e13ff:group-9E91A4D78B3B changes to CANDIDATE, lastRpcTime:5009, electionTimeout:5009ms
2019-09-06 01:41:18,589 [bbace8e8-e1a9-42ee-9889-2c1141283f48:group-BAF6529E71F2:LeaderElection54] INFO  impl.RoleInfo (RoleInfo.java:updateAndGet(143)) - bbace8e8-e1a9-42ee-9889-2c1141283f48: start LeaderState
2019-09-06 01:41:18,589 [Thread-3241] INFO  impl.RoleInfo (RoleInfo.java:shutdownFollowerState(121)) - af53648f-ad65-4ebd-a0ed-12c0c25e13ff: shutdown FollowerState
2019-09-06 01:41:18,589 [bbace8e8-e1a9-42ee-9889-2c1141283f48:group-BAF6529E71F2:LeaderElection54] INFO  segmented.SegmentedRaftLogWorker (SegmentedRaftLogWorker.java:startLogSegment(380)) - bbace8e8-e1a9-42ee-9889-2c1141283f48-SegmentedRaftLogWorker:Storage Directory /workdir/hadoop-ozone/integration-test/target/test-dir/MiniOzoneClusterImpl-fa83d308-25e6-4772-bfe6-42db08352842/datanode-1/data/ratis/0abf532b-6e57-407e-abec-baf6529e71f2: Starting segment from index:0
2019-09-06 01:41:18,589 [Thread-3241] INFO  impl.RaftServerImpl (RaftServerImpl.java:setRole(171)) - af53648f-ad65-4ebd-a0ed-12c0c25e13ff:group-9E91A4D78B3B changes role from FOLLOWER to CANDIDATE at term 0 for changeToCandidate
2019-09-06 01:41:18,590 [bbace8e8-e1a9-42ee-9889-2c1141283f48:group-BAF6529E71F2:LeaderElection54] INFO  impl.RaftServerImpl (ServerState.java:setRaftConf(361)) - bbace8e8-e1a9-42ee-9889-2c1141283f48:group-BAF6529E71F2 set configuration 0: [bbace8e8-e1a9-42ee-9889-2c1141283f48:192.168.5.177:39551], old=null at 0
2019-09-06 01:41:18,590 [Thread-3241] INFO  impl.RoleInfo (RoleInfo.java:updateAndGet(143)) - af53648f-ad65-4ebd-a0ed-12c0c25e13ff: start LeaderElection
2019-09-06 01:41:18,621 [edc09431-f278-40d3-af03-90e48e877b17-SegmentedRaftLogWorker:Storage Directory /workdir/hadoop-ozone/integration-test/target/test-dir/MiniOzoneClusterImpl-fa83d308-25e6-4772-bfe6-42db08352842/datanode-2/data/ratis/2f98f1d7-e9a1-4f64-89fd-17c3265a37ee] INFO  segmented.SegmentedRaftLogWorker (SegmentedRaftLogWorker.java:execute(569)) - edc09431-f278-40d3-af03-90e48e877b17-SegmentedRaftLogWorker:Storage Directory /workdir/hadoop-ozone/integration-test/target/test-dir/MiniOzoneClusterImpl-fa83d308-25e6-4772-bfe6-42db08352842/datanode-2/data/ratis/2f98f1d7-e9a1-4f64-89fd-17c3265a37ee: created new log segment /workdir/hadoop-ozone/integration-test/target/test-dir/MiniOzoneClusterImpl-fa83d308-25e6-4772-bfe6-42db08352842/datanode-2/data/ratis/2f98f1d7-e9a1-4f64-89fd-17c3265a37ee/current/log_inprogress_0
2019-09-06 01:41:18,621 [ee89e297-a801-48e6-912d-41102d8ca779:group-3CEA160324B6:LeaderElection55] INFO  impl.LeaderElection (LeaderElection.java:askForVotes(181)) - ee89e297-a801-48e6-912d-41102d8ca779:group-3CEA160324B6:LeaderElection55: begin an election at term 1 for -1: [ee89e297-a801-48e6-912d-41102d8ca779:192.168.5.177:39328], old=null
2019-09-06 01:41:18,621 [Thread-3238] INFO  impl.FollowerState (FollowerState.java:run(106)) - f6e8ff06-084b-46ba-beae-927f7c0622d9:group-EC800FA9209C changes to CANDIDATE, lastRpcTime:5099, electionTimeout:5087ms
2019-09-06 01:41:18,624 [ee89e297-a801-48e6-912d-41102d8ca779:group-3CEA160324B6:LeaderElection55] INFO  impl.RoleInfo (RoleInfo.java:shutdownLeaderElection(134)) - ee89e297-a801-48e6-912d-41102d8ca779: shutdown LeaderElection
2019-09-06 01:41:18,624 [Thread-3238] INFO  impl.RoleInfo (RoleInfo.java:shutdownFollowerState(121)) - f6e8ff06-084b-46ba-beae-927f7c0622d9: shutdown FollowerState
2019-09-06 01:41:18,624 [ee89e297-a801-48e6-912d-41102d8ca779:group-3CEA160324B6:LeaderElection55] INFO  impl.RaftServerImpl (RaftServerImpl.java:setRole(171)) - ee89e297-a801-48e6-912d-41102d8ca779:group-3CEA160324B6 changes role from CANDIDATE to LEADER at term 1 for changeToLeader
2019-09-06 01:41:18,624 [Thread-3238] INFO  impl.RaftServerImpl (RaftServerImpl.java:setRole(171)) - f6e8ff06-084b-46ba-beae-927f7c0622d9:group-EC800FA9209C changes role from FOLLOWER to CANDIDATE at term 0 for changeToCandidate
2019-09-06 01:41:18,624 [ee89e297-a801-48e6-912d-41102d8ca779:group-3CEA160324B6:LeaderElection55] INFO  impl.RaftServerImpl (ServerState.java:setLeader(263)) - ee89e297-a801-48e6-912d-41102d8ca779:group-3CEA160324B6 change Leader from null to ee89e297-a801-48e6-912d-41102d8ca779 at term 1 for becomeLeader, leader elected after 5258ms
2019-09-06 01:41:18,624 [Thread-3238] INFO  impl.RoleInfo (RoleInfo.java:updateAndGet(143)) - f6e8ff06-084b-46ba-beae-927f7c0622d9: start LeaderElection
2019-09-06 01:41:18,625 [ee89e297-a801-48e6-912d-41102d8ca779:group-3CEA160324B6:LeaderElection55] INFO  server.RaftServerConfigKeys (ConfUtils.java:logGet(43)) - raft.server.staging.catchup.gap = 1000 (default)
2019-09-06 01:41:18,626 [ee89e297-a801-48e6-912d-41102d8ca779:group-3CEA160324B6:LeaderElection55] INFO  server.RaftServerConfigKeys (ConfUtils.java:logGet(43)) - raft.server.rpc.sleep.time = 25ms (default)
2019-09-06 01:41:18,628 [ee89e297-a801-48e6-912d-41102d8ca779:group-3CEA160324B6:LeaderElection55] INFO  server.RaftServerConfigKeys (ConfUtils.java:logGet(43)) - raft.server.write.element-limit = 4096 (default)
2019-09-06 01:41:18,628 [ee89e297-a801-48e6-912d-41102d8ca779:group-3CEA160324B6:LeaderElection55] INFO  server.RaftServerConfigKeys (ConfUtils.java:logGet(43)) - raft.server.watch.timeout = 10s (default)
2019-09-06 01:41:18,628 [ee89e297-a801-48e6-912d-41102d8ca779:group-3CEA160324B6:LeaderElection55] INFO  server.RaftServerConfigKeys (ConfUtils.java:logGet(43)) - raft.server.watch.timeout.denomination = 1s (default)
2019-09-06 01:41:18,628 [ee89e297-a801-48e6-912d-41102d8ca779:group-3CEA160324B6:LeaderElection55] INFO  server.RaftServerConfigKeys (ConfUtils.java:logGet(43)) - raft.server.watch.element-limit = 65536 (default)
2019-09-06 01:41:18,629 [ee89e297-a801-48e6-912d-41102d8ca779:group-3CEA160324B6:LeaderElection55] INFO  impl.RoleInfo (RoleInfo.java:updateAndGet(143)) - ee89e297-a801-48e6-912d-41102d8ca779: start LeaderState
2019-09-06 01:41:18,629 [ee89e297-a801-48e6-912d-41102d8ca779:group-3CEA160324B6:LeaderElection55] INFO  segmented.SegmentedRaftLogWorker (SegmentedRaftLogWorker.java:startLogSegment(380)) - ee89e297-a801-48e6-912d-41102d8ca779-SegmentedRaftLogWorker:Storage Directory /workdir/hadoop-ozone/integration-test/target/test-dir/MiniOzoneClusterImpl-fa83d308-25e6-4772-bfe6-42db08352842/datanode-0/data/ratis/855f8705-9336-422a-a3e7-3cea160324b6: Starting segment from index:0
2019-09-06 01:41:18,629 [ee89e297-a801-48e6-912d-41102d8ca779:group-3CEA160324B6:LeaderElection55] INFO  impl.RaftServerImpl (ServerState.java:setRaftConf(361)) - ee89e297-a801-48e6-912d-41102d8ca779:group-3CEA160324B6 set configuration 0: [ee89e297-a801-48e6-912d-41102d8ca779:192.168.5.177:39328], old=null at 0
2019-09-06 01:41:18,664 [bbace8e8-e1a9-42ee-9889-2c1141283f48-SegmentedRaftLogWorker:Storage Directory /workdir/hadoop-ozone/integration-test/target/test-dir/MiniOzoneClusterImpl-fa83d308-25e6-4772-bfe6-42db08352842/datanode-1/data/ratis/0abf532b-6e57-407e-abec-baf6529e71f2] INFO  segmented.SegmentedRaftLogWorker (SegmentedRaftLogWorker.java:execute(569)) - bbace8e8-e1a9-42ee-9889-2c1141283f48-SegmentedRaftLogWorker:Storage Directory /workdir/hadoop-ozone/integration-test/target/test-dir/MiniOzoneClusterImpl-fa83d308-25e6-4772-bfe6-42db08352842/datanode-1/data/ratis/0abf532b-6e57-407e-abec-baf6529e71f2: created new log segment /workdir/hadoop-ozone/integration-test/target/test-dir/MiniOzoneClusterImpl-fa83d308-25e6-4772-bfe6-42db08352842/datanode-1/data/ratis/0abf532b-6e57-407e-abec-baf6529e71f2/current/log_inprogress_0
2019-09-06 01:41:18,664 [af53648f-ad65-4ebd-a0ed-12c0c25e13ff:group-9E91A4D78B3B:LeaderElection56] INFO  impl.LeaderElection (LeaderElection.java:askForVotes(181)) - af53648f-ad65-4ebd-a0ed-12c0c25e13ff:group-9E91A4D78B3B:LeaderElection56: begin an election at term 1 for -1: [af53648f-ad65-4ebd-a0ed-12c0c25e13ff:192.168.5.177:37144], old=null
2019-09-06 01:41:18,664 [f6e8ff06-084b-46ba-beae-927f7c0622d9:group-EC800FA9209C:LeaderElection57] INFO  impl.LeaderElection (LeaderElection.java:askForVotes(181)) - f6e8ff06-084b-46ba-beae-927f7c0622d9:group-EC800FA9209C:LeaderElection57: begin an election at term 1 for -1: [f6e8ff06-084b-46ba-beae-927f7c0622d9:192.168.5.177:39851], old=null
2019-09-06 01:41:18,664 [af53648f-ad65-4ebd-a0ed-12c0c25e13ff:group-9E91A4D78B3B:LeaderElection56] INFO  impl.RoleInfo (RoleInfo.java:shutdownLeaderElection(134)) - af53648f-ad65-4ebd-a0ed-12c0c25e13ff: shutdown LeaderElection
2019-09-06 01:41:18,665 [f6e8ff06-084b-46ba-beae-927f7c0622d9:group-EC800FA9209C:LeaderElection57] INFO  impl.RoleInfo (RoleInfo.java:shutdownLeaderElection(134)) - f6e8ff06-084b-46ba-beae-927f7c0622d9: shutdown LeaderElection
2019-09-06 01:41:18,665 [af53648f-ad65-4ebd-a0ed-12c0c25e13ff:group-9E91A4D78B3B:LeaderElection56] INFO  impl.RaftServerImpl (RaftServerImpl.java:setRole(171)) - af53648f-ad65-4ebd-a0ed-12c0c25e13ff:group-9E91A4D78B3B changes role from CANDIDATE to LEADER at term 1 for changeToLeader
2019-09-06 01:41:18,665 [f6e8ff06-084b-46ba-beae-927f7c0622d9:group-EC800FA9209C:LeaderElection57] INFO  impl.RaftServerImpl (RaftServerImpl.java:setRole(171)) - f6e8ff06-084b-46ba-beae-927f7c0622d9:group-EC800FA9209C changes role from CANDIDATE to LEADER at term 1 for changeToLeader
2019-09-06 01:41:18,665 [af53648f-ad65-4ebd-a0ed-12c0c25e13ff:group-9E91A4D78B3B:LeaderElection56] INFO  impl.RaftServerImpl (ServerState.java:setLeader(263)) - af53648f-ad65-4ebd-a0ed-12c0c25e13ff:group-9E91A4D78B3B change Leader from null to af53648f-ad65-4ebd-a0ed-12c0c25e13ff at term 1 for becomeLeader, leader elected after 5088ms
2019-09-06 01:41:18,665 [f6e8ff06-084b-46ba-beae-927f7c0622d9:group-EC800FA9209C:LeaderElection57] INFO  impl.RaftServerImpl (ServerState.java:setLeader(263)) - f6e8ff06-084b-46ba-beae-927f7c0622d9:group-EC800FA9209C change Leader from null to f6e8ff06-084b-46ba-beae-927f7c0622d9 at term 1 for becomeLeader, leader elected after 5147ms
2019-09-06 01:41:18,665 [af53648f-ad65-4ebd-a0ed-12c0c25e13ff:group-9E91A4D78B3B:LeaderElection56] INFO  server.RaftServerConfigKeys (ConfUtils.java:logGet(43)) - raft.server.staging.catchup.gap = 1000 (default)
2019-09-06 01:41:18,665 [f6e8ff06-084b-46ba-beae-927f7c0622d9:group-EC800FA9209C:LeaderElection57] INFO  server.RaftServerConfigKeys (ConfUtils.java:logGet(43)) - raft.server.staging.catchup.gap = 1000 (default)
2019-09-06 01:41:18,666 [af53648f-ad65-4ebd-a0ed-12c0c25e13ff:group-9E91A4D78B3B:LeaderElection56] INFO  server.RaftServerConfigKeys (ConfUtils.java:logGet(43)) - raft.server.rpc.sleep.time = 25ms (default)
2019-09-06 01:41:18,666 [f6e8ff06-084b-46ba-beae-927f7c0622d9:group-EC800FA9209C:LeaderElection57] INFO  server.RaftServerConfigKeys (ConfUtils.java:logGet(43)) - raft.server.rpc.sleep.time = 25ms (default)
2019-09-06 01:41:18,666 [af53648f-ad65-4ebd-a0ed-12c0c25e13ff:group-9E91A4D78B3B:LeaderElection56] INFO  server.RaftServerConfigKeys (ConfUtils.java:logGet(43)) - raft.server.write.element-limit = 4096 (default)
2019-09-06 01:41:18,666 [f6e8ff06-084b-46ba-beae-927f7c0622d9:group-EC800FA9209C:LeaderElection57] INFO  server.RaftServerConfigKeys (ConfUtils.java:logGet(43)) - raft.server.write.element-limit = 4096 (default)
2019-09-06 01:41:18,666 [af53648f-ad65-4ebd-a0ed-12c0c25e13ff:group-9E91A4D78B3B:LeaderElection56] INFO  server.RaftServerConfigKeys (ConfUtils.java:logGet(43)) - raft.server.watch.timeout = 10s (default)
2019-09-06 01:41:18,666 [f6e8ff06-084b-46ba-beae-927f7c0622d9:group-EC800FA9209C:LeaderElection57] INFO  server.RaftServerConfigKeys (ConfUtils.java:logGet(43)) - raft.server.watch.timeout = 10s (default)
2019-09-06 01:41:18,666 [af53648f-ad65-4ebd-a0ed-12c0c25e13ff:group-9E91A4D78B3B:LeaderElection56] INFO  server.RaftServerConfigKeys (ConfUtils.java:logGet(43)) - raft.server.watch.timeout.denomination = 1s (default)
2019-09-06 01:41:18,666 [f6e8ff06-084b-46ba-beae-927f7c0622d9:group-EC800FA9209C:LeaderElection57] INFO  server.RaftServerConfigKeys (ConfUtils.java:logGet(43)) - raft.server.watch.timeout.denomination = 1s (default)
2019-09-06 01:41:18,667 [af53648f-ad65-4ebd-a0ed-12c0c25e13ff:group-9E91A4D78B3B:LeaderElection56] INFO  server.RaftServerConfigKeys (ConfUtils.java:logGet(43)) - raft.server.watch.element-limit = 65536 (default)
2019-09-06 01:41:18,667 [f6e8ff06-084b-46ba-beae-927f7c0622d9:group-EC800FA9209C:LeaderElection57] INFO  server.RaftServerConfigKeys (ConfUtils.java:logGet(43)) - raft.server.watch.element-limit = 65536 (default)
2019-09-06 01:41:18,667 [af53648f-ad65-4ebd-a0ed-12c0c25e13ff:group-9E91A4D78B3B:LeaderElection56] INFO  impl.RoleInfo (RoleInfo.java:updateAndGet(143)) - af53648f-ad65-4ebd-a0ed-12c0c25e13ff: start LeaderState
2019-09-06 01:41:18,667 [f6e8ff06-084b-46ba-beae-927f7c0622d9:group-EC800FA9209C:LeaderElection57] INFO  impl.RoleInfo (RoleInfo.java:updateAndGet(143)) - f6e8ff06-084b-46ba-beae-927f7c0622d9: start LeaderState
2019-09-06 01:41:18,667 [af53648f-ad65-4ebd-a0ed-12c0c25e13ff:group-9E91A4D78B3B:LeaderElection56] INFO  segmented.SegmentedRaftLogWorker (SegmentedRaftLogWorker.java:startLogSegment(380)) - af53648f-ad65-4ebd-a0ed-12c0c25e13ff-SegmentedRaftLogWorker:Storage Directory /workdir/hadoop-ozone/integration-test/target/test-dir/MiniOzoneClusterImpl-fa83d308-25e6-4772-bfe6-42db08352842/datanode-4/data/ratis/dedf49fe-8da3-4ff4-b058-9e91a4d78b3b: Starting segment from index:0
2019-09-06 01:41:18,667 [f6e8ff06-084b-46ba-beae-927f7c0622d9:group-EC800FA9209C:LeaderElection57] INFO  segmented.SegmentedRaftLogWorker (SegmentedRaftLogWorker.java:startLogSegment(380)) - f6e8ff06-084b-46ba-beae-927f7c0622d9-SegmentedRaftLogWorker:Storage Directory /workdir/hadoop-ozone/integration-test/target/test-dir/MiniOzoneClusterImpl-fa83d308-25e6-4772-bfe6-42db08352842/datanode-3/data/ratis/6c4d667b-3be0-4163-a80f-ec800fa9209c: Starting segment from index:0
2019-09-06 01:41:18,668 [af53648f-ad65-4ebd-a0ed-12c0c25e13ff:group-9E91A4D78B3B:LeaderElection56] INFO  impl.RaftServerImpl (ServerState.java:setRaftConf(361)) - af53648f-ad65-4ebd-a0ed-12c0c25e13ff:group-9E91A4D78B3B set configuration 0: [af53648f-ad65-4ebd-a0ed-12c0c25e13ff:192.168.5.177:37144], old=null at 0
2019-09-06 01:41:18,699 [ee89e297-a801-48e6-912d-41102d8ca779-SegmentedRaftLogWorker:Storage Directory /workdir/hadoop-ozone/integration-test/target/test-dir/MiniOzoneClusterImpl-fa83d308-25e6-4772-bfe6-42db08352842/datanode-0/data/ratis/855f8705-9336-422a-a3e7-3cea160324b6] INFO  segmented.SegmentedRaftLogWorker (SegmentedRaftLogWorker.java:execute(569)) - ee89e297-a801-48e6-912d-41102d8ca779-SegmentedRaftLogWorker:Storage Directory /workdir/hadoop-ozone/integration-test/target/test-dir/MiniOzoneClusterImpl-fa83d308-25e6-4772-bfe6-42db08352842/datanode-0/data/ratis/855f8705-9336-422a-a3e7-3cea160324b6: created new log segment /workdir/hadoop-ozone/integration-test/target/test-dir/MiniOzoneClusterImpl-fa83d308-25e6-4772-bfe6-42db08352842/datanode-0/data/ratis/855f8705-9336-422a-a3e7-3cea160324b6/current/log_inprogress_0
2019-09-06 01:41:18,700 [f6e8ff06-084b-46ba-beae-927f7c0622d9:group-EC800FA9209C:LeaderElection57] INFO  impl.RaftServerImpl (ServerState.java:setRaftConf(361)) - f6e8ff06-084b-46ba-beae-927f7c0622d9:group-EC800FA9209C set configuration 0: [f6e8ff06-084b-46ba-beae-927f7c0622d9:192.168.5.177:39851], old=null at 0
2019-09-06 01:41:18,726 [af53648f-ad65-4ebd-a0ed-12c0c25e13ff-SegmentedRaftLogWorker:Storage Directory /workdir/hadoop-ozone/integration-test/target/test-dir/MiniOzoneClusterImpl-fa83d308-25e6-4772-bfe6-42db08352842/datanode-4/data/ratis/dedf49fe-8da3-4ff4-b058-9e91a4d78b3b] INFO  segmented.SegmentedRaftLogWorker (SegmentedRaftLogWorker.java:execute(569)) - af53648f-ad65-4ebd-a0ed-12c0c25e13ff-SegmentedRaftLogWorker:Storage Directory /workdir/hadoop-ozone/integration-test/target/test-dir/MiniOzoneClusterImpl-fa83d308-25e6-4772-bfe6-42db08352842/datanode-4/data/ratis/dedf49fe-8da3-4ff4-b058-9e91a4d78b3b: created new log segment /workdir/hadoop-ozone/integration-test/target/test-dir/MiniOzoneClusterImpl-fa83d308-25e6-4772-bfe6-42db08352842/datanode-4/data/ratis/dedf49fe-8da3-4ff4-b058-9e91a4d78b3b/current/log_inprogress_0
2019-09-06 01:41:18,744 [f6e8ff06-084b-46ba-beae-927f7c0622d9-SegmentedRaftLogWorker:Storage Directory /workdir/hadoop-ozone/integration-test/target/test-dir/MiniOzoneClusterImpl-fa83d308-25e6-4772-bfe6-42db08352842/datanode-3/data/ratis/6c4d667b-3be0-4163-a80f-ec800fa9209c] INFO  segmented.SegmentedRaftLogWorker (SegmentedRaftLogWorker.java:execute(569)) - f6e8ff06-084b-46ba-beae-927f7c0622d9-SegmentedRaftLogWorker:Storage Directory /workdir/hadoop-ozone/integration-test/target/test-dir/MiniOzoneClusterImpl-fa83d308-25e6-4772-bfe6-42db08352842/datanode-3/data/ratis/6c4d667b-3be0-4163-a80f-ec800fa9209c: created new log segment /workdir/hadoop-ozone/integration-test/target/test-dir/MiniOzoneClusterImpl-fa83d308-25e6-4772-bfe6-42db08352842/datanode-3/data/ratis/6c4d667b-3be0-4163-a80f-ec800fa9209c/current/log_inprogress_0
2019-09-06 01:41:18,745 [Thread-3246] INFO  impl.FollowerState (FollowerState.java:run(106)) - 4ba7b802-14f5-42b9-8dc4-3b2118cdd21d:group-CC3345261569 changes to CANDIDATE, lastRpcTime:5098, electionTimeout:5089ms
2019-09-06 01:41:18,745 [Thread-3246] INFO  impl.RoleInfo (RoleInfo.java:shutdownFollowerState(121)) - 4ba7b802-14f5-42b9-8dc4-3b2118cdd21d: shutdown FollowerState
2019-09-06 01:41:18,745 [Thread-3246] INFO  impl.RaftServerImpl (RaftServerImpl.java:setRole(171)) - 4ba7b802-14f5-42b9-8dc4-3b2118cdd21d:group-CC3345261569 changes role from FOLLOWER to CANDIDATE at term 0 for changeToCandidate
2019-09-06 01:41:18,745 [Thread-3246] INFO  impl.RoleInfo (RoleInfo.java:updateAndGet(143)) - 4ba7b802-14f5-42b9-8dc4-3b2118cdd21d: start LeaderElection
2019-09-06 01:41:18,774 [4ba7b802-14f5-42b9-8dc4-3b2118cdd21d:group-CC3345261569:LeaderElection58] INFO  impl.LeaderElection (LeaderElection.java:askForVotes(181)) - 4ba7b802-14f5-42b9-8dc4-3b2118cdd21d:group-CC3345261569:LeaderElection58: begin an election at term 1 for -1: [4ba7b802-14f5-42b9-8dc4-3b2118cdd21d:192.168.5.177:42721], old=null
2019-09-06 01:41:18,774 [4ba7b802-14f5-42b9-8dc4-3b2118cdd21d:group-CC3345261569:LeaderElection58] INFO  impl.RoleInfo (RoleInfo.java:shutdownLeaderElection(134)) - 4ba7b802-14f5-42b9-8dc4-3b2118cdd21d: shutdown LeaderElection
2019-09-06 01:41:18,775 [4ba7b802-14f5-42b9-8dc4-3b2118cdd21d:group-CC3345261569:LeaderElection58] INFO  impl.RaftServerImpl (RaftServerImpl.java:setRole(171)) - 4ba7b802-14f5-42b9-8dc4-3b2118cdd21d:group-CC3345261569 changes role from CANDIDATE to LEADER at term 1 for changeToLeader
2019-09-06 01:41:18,775 [4ba7b802-14f5-42b9-8dc4-3b2118cdd21d:group-CC3345261569:LeaderElection58] INFO  impl.RaftServerImpl (ServerState.java:setLeader(263)) - 4ba7b802-14f5-42b9-8dc4-3b2118cdd21d:group-CC3345261569 change Leader from null to 4ba7b802-14f5-42b9-8dc4-3b2118cdd21d at term 1 for becomeLeader, leader elected after 5141ms
2019-09-06 01:41:18,775 [4ba7b802-14f5-42b9-8dc4-3b2118cdd21d:group-CC3345261569:LeaderElection58] INFO  server.RaftServerConfigKeys (ConfUtils.java:logGet(43)) - raft.server.staging.catchup.gap = 1000 (default)
2019-09-06 01:41:18,775 [4ba7b802-14f5-42b9-8dc4-3b2118cdd21d:group-CC3345261569:LeaderElection58] INFO  server.RaftServerConfigKeys (ConfUtils.java:logGet(43)) - raft.server.rpc.sleep.time = 25ms (default)
2019-09-06 01:41:18,775 [4ba7b802-14f5-42b9-8dc4-3b2118cdd21d:group-CC3345261569:LeaderElection58] INFO  server.RaftServerConfigKeys (ConfUtils.java:logGet(43)) - raft.server.write.element-limit = 4096 (default)
2019-09-06 01:41:18,775 [4ba7b802-14f5-42b9-8dc4-3b2118cdd21d:group-CC3345261569:LeaderElection58] INFO  server.RaftServerConfigKeys (ConfUtils.java:logGet(43)) - raft.server.watch.timeout = 10s (default)
2019-09-06 01:41:18,776 [4ba7b802-14f5-42b9-8dc4-3b2118cdd21d:group-CC3345261569:LeaderElection58] INFO  server.RaftServerConfigKeys (ConfUtils.java:logGet(43)) - raft.server.watch.timeout.denomination = 1s (default)
2019-09-06 01:41:18,776 [4ba7b802-14f5-42b9-8dc4-3b2118cdd21d:group-CC3345261569:LeaderElection58] INFO  server.RaftServerConfigKeys (ConfUtils.java:logGet(43)) - raft.server.watch.element-limit = 65536 (default)
2019-09-06 01:41:18,776 [4ba7b802-14f5-42b9-8dc4-3b2118cdd21d:group-CC3345261569:LeaderElection58] INFO  impl.RoleInfo (RoleInfo.java:updateAndGet(143)) - 4ba7b802-14f5-42b9-8dc4-3b2118cdd21d: start LeaderState
2019-09-06 01:41:18,776 [4ba7b802-14f5-42b9-8dc4-3b2118cdd21d:group-CC3345261569:LeaderElection58] INFO  segmented.SegmentedRaftLogWorker (SegmentedRaftLogWorker.java:startLogSegment(380)) - 4ba7b802-14f5-42b9-8dc4-3b2118cdd21d-SegmentedRaftLogWorker:Storage Directory /workdir/hadoop-ozone/integration-test/target/test-dir/MiniOzoneClusterImpl-fa83d308-25e6-4772-bfe6-42db08352842/datanode-5/data/ratis/5f3cc521-cedb-4166-9795-cc3345261569: Starting segment from index:0
2019-09-06 01:41:18,777 [4ba7b802-14f5-42b9-8dc4-3b2118cdd21d:group-CC3345261569:LeaderElection58] INFO  impl.RaftServerImpl (ServerState.java:setRaftConf(361)) - 4ba7b802-14f5-42b9-8dc4-3b2118cdd21d:group-CC3345261569 set configuration 0: [4ba7b802-14f5-42b9-8dc4-3b2118cdd21d:192.168.5.177:42721], old=null at 0
2019-09-06 01:41:18,816 [Thread-3258] INFO  impl.FollowerState (FollowerState.java:run(106)) - 1f2e57d7-1cd2-4b96-9676-7904a5c1d338:group-D615FF25B2D2 changes to CANDIDATE, lastRpcTime:5022, electionTimeout:5010ms
2019-09-06 01:41:18,816 [Thread-3258] INFO  impl.RoleInfo (RoleInfo.java:shutdownFollowerState(121)) - 1f2e57d7-1cd2-4b96-9676-7904a5c1d338: shutdown FollowerState
2019-09-06 01:41:18,816 [Thread-3258] INFO  impl.RaftServerImpl (RaftServerImpl.java:setRole(171)) - 1f2e57d7-1cd2-4b96-9676-7904a5c1d338:group-D615FF25B2D2 changes role from FOLLOWER to CANDIDATE at term 0 for changeToCandidate
2019-09-06 01:41:18,816 [Thread-3258] INFO  impl.RoleInfo (RoleInfo.java:updateAndGet(143)) - 1f2e57d7-1cd2-4b96-9676-7904a5c1d338: start LeaderElection
2019-09-06 01:41:18,858 [4ba7b802-14f5-42b9-8dc4-3b2118cdd21d-SegmentedRaftLogWorker:Storage Directory /workdir/hadoop-ozone/integration-test/target/test-dir/MiniOzoneClusterImpl-fa83d308-25e6-4772-bfe6-42db08352842/datanode-5/data/ratis/5f3cc521-cedb-4166-9795-cc3345261569] INFO  segmented.SegmentedRaftLogWorker (SegmentedRaftLogWorker.java:execute(569)) - 4ba7b802-14f5-42b9-8dc4-3b2118cdd21d-SegmentedRaftLogWorker:Storage Directory /workdir/hadoop-ozone/integration-test/target/test-dir/MiniOzoneClusterImpl-fa83d308-25e6-4772-bfe6-42db08352842/datanode-5/data/ratis/5f3cc521-cedb-4166-9795-cc3345261569: created new log segment /workdir/hadoop-ozone/integration-test/target/test-dir/MiniOzoneClusterImpl-fa83d308-25e6-4772-bfe6-42db08352842/datanode-5/data/ratis/5f3cc521-cedb-4166-9795-cc3345261569/current/log_inprogress_0
2019-09-06 01:41:18,858 [1f2e57d7-1cd2-4b96-9676-7904a5c1d338:group-D615FF25B2D2:LeaderElection59] INFO  impl.LeaderElection (LeaderElection.java:askForVotes(181)) - 1f2e57d7-1cd2-4b96-9676-7904a5c1d338:group-D615FF25B2D2:LeaderElection59: begin an election at term 1 for -1: [f6e8ff06-084b-46ba-beae-927f7c0622d9:192.168.5.177:39851, ee89e297-a801-48e6-912d-41102d8ca779:192.168.5.177:39328, 1f2e57d7-1cd2-4b96-9676-7904a5c1d338:192.168.5.177:42384], old=null
2019-09-06 01:41:18,863 [grpc-default-executor-2] INFO  impl.RaftServerImpl (RaftServerImpl.java:setRole(171)) - f6e8ff06-084b-46ba-beae-927f7c0622d9:group-D615FF25B2D2 changes role from FOLLOWER to FOLLOWER at term 1 for recognizeCandidate:1f2e57d7-1cd2-4b96-9676-7904a5c1d338
2019-09-06 01:41:18,863 [grpc-default-executor-5] INFO  impl.RaftServerImpl (RaftServerImpl.java:setRole(171)) - ee89e297-a801-48e6-912d-41102d8ca779:group-D615FF25B2D2 changes role from FOLLOWER to FOLLOWER at term 1 for recognizeCandidate:1f2e57d7-1cd2-4b96-9676-7904a5c1d338
2019-09-06 01:41:18,864 [grpc-default-executor-2] INFO  impl.RoleInfo (RoleInfo.java:shutdownFollowerState(121)) - f6e8ff06-084b-46ba-beae-927f7c0622d9: shutdown FollowerState
2019-09-06 01:41:18,864 [grpc-default-executor-5] INFO  impl.RoleInfo (RoleInfo.java:shutdownFollowerState(121)) - ee89e297-a801-48e6-912d-41102d8ca779: shutdown FollowerState
2019-09-06 01:41:18,864 [Thread-3255] INFO  impl.FollowerState (FollowerState.java:run(114)) - f6e8ff06-084b-46ba-beae-927f7c0622d9: FollowerState was interrupted: java.lang.InterruptedException: sleep interrupted
2019-09-06 01:41:18,865 [grpc-default-executor-5] INFO  impl.RoleInfo (RoleInfo.java:updateAndGet(143)) - ee89e297-a801-48e6-912d-41102d8ca779: start FollowerState
2019-09-06 01:41:18,864 [grpc-default-executor-2] INFO  impl.RoleInfo (RoleInfo.java:updateAndGet(143)) - f6e8ff06-084b-46ba-beae-927f7c0622d9: start FollowerState
2019-09-06 01:41:18,865 [Thread-3252] INFO  impl.FollowerState (FollowerState.java:run(114)) - ee89e297-a801-48e6-912d-41102d8ca779: FollowerState was interrupted: java.lang.InterruptedException: sleep interrupted
2019-09-06 01:41:18,869 [Thread-3261] INFO  impl.FollowerState (FollowerState.java:run(106)) - bbace8e8-e1a9-42ee-9889-2c1141283f48:group-8FCE33E96697 changes to CANDIDATE, lastRpcTime:5008, electionTimeout:5008ms
2019-09-06 01:41:18,870 [Thread-3261] INFO  impl.RoleInfo (RoleInfo.java:shutdownFollowerState(121)) - bbace8e8-e1a9-42ee-9889-2c1141283f48: shutdown FollowerState
2019-09-06 01:41:18,870 [Thread-3261] INFO  impl.RaftServerImpl (RaftServerImpl.java:setRole(171)) - bbace8e8-e1a9-42ee-9889-2c1141283f48:group-8FCE33E96697 changes role from FOLLOWER to CANDIDATE at term 0 for changeToCandidate
2019-09-06 01:41:18,870 [Thread-3261] INFO  impl.RoleInfo (RoleInfo.java:updateAndGet(143)) - bbace8e8-e1a9-42ee-9889-2c1141283f48: start LeaderElection
2019-09-06 01:41:18,881 [Thread-3249] INFO  impl.FollowerState (FollowerState.java:run(106)) - 1f2e57d7-1cd2-4b96-9676-7904a5c1d338:group-B63B35C6BC17 changes to CANDIDATE, lastRpcTime:5170, electionTimeout:5170ms
2019-09-06 01:41:18,881 [Thread-3249] INFO  impl.RoleInfo (RoleInfo.java:shutdownFollowerState(121)) - 1f2e57d7-1cd2-4b96-9676-7904a5c1d338: shutdown FollowerState
2019-09-06 01:41:18,882 [Thread-3249] INFO  impl.RaftServerImpl (RaftServerImpl.java:setRole(171)) - 1f2e57d7-1cd2-4b96-9676-7904a5c1d338:group-B63B35C6BC17 changes role from FOLLOWER to CANDIDATE at term 0 for changeToCandidate
2019-09-06 01:41:18,882 [Thread-3249] INFO  impl.RoleInfo (RoleInfo.java:updateAndGet(143)) - 1f2e57d7-1cd2-4b96-9676-7904a5c1d338: start LeaderElection
2019-09-06 01:41:18,892 [bbace8e8-e1a9-42ee-9889-2c1141283f48:group-8FCE33E96697:LeaderElection60] INFO  impl.LeaderElection (LeaderElection.java:askForVotes(181)) - bbace8e8-e1a9-42ee-9889-2c1141283f48:group-8FCE33E96697:LeaderElection60: begin an election at term 1 for -1: [4ba7b802-14f5-42b9-8dc4-3b2118cdd21d:192.168.5.177:42721, af53648f-ad65-4ebd-a0ed-12c0c25e13ff:192.168.5.177:37144, bbace8e8-e1a9-42ee-9889-2c1141283f48:192.168.5.177:39551], old=null
2019-09-06 01:41:18,893 [1f2e57d7-1cd2-4b96-9676-7904a5c1d338:group-D615FF25B2D2:LeaderElection59] INFO  impl.LeaderElection (LeaderElection.java:logAndReturn(56)) - 1f2e57d7-1cd2-4b96-9676-7904a5c1d338:group-D615FF25B2D2:LeaderElection59: Election PASSED; received 1 response(s) [1f2e57d7-1cd2-4b96-9676-7904a5c1d338<-f6e8ff06-084b-46ba-beae-927f7c0622d9#0:OK-t1] and 0 exception(s); 1f2e57d7-1cd2-4b96-9676-7904a5c1d338:t1, leader=null, voted=1f2e57d7-1cd2-4b96-9676-7904a5c1d338, raftlog=1f2e57d7-1cd2-4b96-9676-7904a5c1d338-SegmentedRaftLog:OPENED:c-1,f-1,i0, conf=-1: [f6e8ff06-084b-46ba-beae-927f7c0622d9:192.168.5.177:39851, ee89e297-a801-48e6-912d-41102d8ca779:192.168.5.177:39328, 1f2e57d7-1cd2-4b96-9676-7904a5c1d338:192.168.5.177:42384], old=null
2019-09-06 01:41:18,893 [1f2e57d7-1cd2-4b96-9676-7904a5c1d338:group-D615FF25B2D2:LeaderElection59] INFO  impl.RoleInfo (RoleInfo.java:shutdownLeaderElection(134)) - 1f2e57d7-1cd2-4b96-9676-7904a5c1d338: shutdown LeaderElection
2019-09-06 01:41:18,893 [1f2e57d7-1cd2-4b96-9676-7904a5c1d338:group-D615FF25B2D2:LeaderElection59] INFO  impl.RaftServerImpl (RaftServerImpl.java:setRole(171)) - 1f2e57d7-1cd2-4b96-9676-7904a5c1d338:group-D615FF25B2D2 changes role from CANDIDATE to LEADER at term 1 for changeToLeader
2019-09-06 01:41:18,894 [1f2e57d7-1cd2-4b96-9676-7904a5c1d338:group-D615FF25B2D2:LeaderElection59] INFO  impl.RaftServerImpl (ServerState.java:setLeader(263)) - 1f2e57d7-1cd2-4b96-9676-7904a5c1d338:group-D615FF25B2D2 change Leader from null to 1f2e57d7-1cd2-4b96-9676-7904a5c1d338 at term 1 for becomeLeader, leader elected after 5109ms
2019-09-06 01:41:18,894 [1f2e57d7-1cd2-4b96-9676-7904a5c1d338:group-D615FF25B2D2:LeaderElection59] INFO  server.RaftServerConfigKeys (ConfUtils.java:logGet(43)) - raft.server.staging.catchup.gap = 1000 (default)
2019-09-06 01:41:18,894 [1f2e57d7-1cd2-4b96-9676-7904a5c1d338:group-D615FF25B2D2:LeaderElection59] INFO  server.RaftServerConfigKeys (ConfUtils.java:logGet(43)) - raft.server.rpc.sleep.time = 25ms (default)
2019-09-06 01:41:18,894 [1f2e57d7-1cd2-4b96-9676-7904a5c1d338:group-D615FF25B2D2:LeaderElection59] INFO  server.RaftServerConfigKeys (ConfUtils.java:logGet(43)) - raft.server.write.element-limit = 4096 (default)
2019-09-06 01:41:18,894 [1f2e57d7-1cd2-4b96-9676-7904a5c1d338:group-D615FF25B2D2:LeaderElection59] INFO  server.RaftServerConfigKeys (ConfUtils.java:logGet(43)) - raft.server.watch.timeout = 10s (default)
2019-09-06 01:41:18,894 [1f2e57d7-1cd2-4b96-9676-7904a5c1d338:group-D615FF25B2D2:LeaderElection59] INFO  server.RaftServerConfigKeys (ConfUtils.java:logGet(43)) - raft.server.watch.timeout.denomination = 1s (default)
2019-09-06 01:41:18,894 [1f2e57d7-1cd2-4b96-9676-7904a5c1d338:group-D615FF25B2D2:LeaderElection59] INFO  server.RaftServerConfigKeys (ConfUtils.java:logGet(43)) - raft.server.watch.element-limit = 65536 (default)
2019-09-06 01:41:18,895 [1f2e57d7-1cd2-4b96-9676-7904a5c1d338:group-D615FF25B2D2:LeaderElection59] INFO  server.RaftServerConfigKeys (ConfUtils.java:logGet(43)) - raft.server.log.appender.snapshot.chunk.size.max = 16MB (=16777216) (default)
2019-09-06 01:41:18,895 [1f2e57d7-1cd2-4b96-9676-7904a5c1d338:group-D615FF25B2D2:LeaderElection59] INFO  server.RaftServerConfigKeys (ConfUtils.java:logGet(43)) - raft.server.log.appender.buffer.byte-limit = 33554432 (custom)
2019-09-06 01:41:18,895 [1f2e57d7-1cd2-4b96-9676-7904a5c1d338:group-D615FF25B2D2:LeaderElection59] INFO  server.RaftServerConfigKeys (ConfUtils.java:logGet(43)) - raft.server.log.appender.buffer.element-limit = 1 (custom)
2019-09-06 01:41:18,895 [Thread-3264] INFO  impl.FollowerState (FollowerState.java:run(106)) - 4ba7b802-14f5-42b9-8dc4-3b2118cdd21d:group-8FCE33E96697 changes to CANDIDATE, lastRpcTime:5031, electionTimeout:5031ms
2019-09-06 01:41:18,895 [1f2e57d7-1cd2-4b96-9676-7904a5c1d338:group-D615FF25B2D2:LeaderElection59] INFO  grpc.GrpcConfigKeys$Server (ConfUtils.java:logGet(43)) - raft.grpc.server.leader.outstanding.appends.max = 128 (default)
2019-09-06 01:41:18,895 [Thread-3264] INFO  impl.RoleInfo (RoleInfo.java:shutdownFollowerState(121)) - 4ba7b802-14f5-42b9-8dc4-3b2118cdd21d: shutdown FollowerState
2019-09-06 01:41:18,896 [1f2e57d7-1cd2-4b96-9676-7904a5c1d338:group-D615FF25B2D2:LeaderElection59] INFO  server.RaftServerConfigKeys (ConfUtils.java:logGet(43)) - raft.server.rpc.request.timeout = 3000ms (default)
2019-09-06 01:41:18,896 [Thread-3264] INFO  impl.RaftServerImpl (RaftServerImpl.java:setRole(171)) - 4ba7b802-14f5-42b9-8dc4-3b2118cdd21d:group-8FCE33E96697 changes role from FOLLOWER to CANDIDATE at term 0 for changeToCandidate
2019-09-06 01:41:18,896 [1f2e57d7-1cd2-4b96-9676-7904a5c1d338:group-D615FF25B2D2:LeaderElection59] INFO  server.RaftServerConfigKeys (ConfUtils.java:logGet(43)) - raft.server.log.appender.install.snapshot.enabled = false (custom)
2019-09-06 01:41:18,896 [Thread-3264] INFO  impl.RoleInfo (RoleInfo.java:updateAndGet(143)) - 4ba7b802-14f5-42b9-8dc4-3b2118cdd21d: start LeaderElection
2019-09-06 01:41:18,896 [1f2e57d7-1cd2-4b96-9676-7904a5c1d338:group-D615FF25B2D2:LeaderElection59] INFO  server.RaftServerConfigKeys (ConfUtils.java:logGet(43)) - raft.server.log.appender.snapshot.chunk.size.max = 16MB (=16777216) (default)
2019-09-06 01:41:18,896 [1f2e57d7-1cd2-4b96-9676-7904a5c1d338:group-D615FF25B2D2:LeaderElection59] INFO  server.RaftServerConfigKeys (ConfUtils.java:logGet(43)) - raft.server.log.appender.buffer.byte-limit = 33554432 (custom)
2019-09-06 01:41:18,896 [grpc-default-executor-2] INFO  impl.RaftServerImpl (RaftServerImpl.java:setRole(171)) - af53648f-ad65-4ebd-a0ed-12c0c25e13ff:group-8FCE33E96697 changes role from FOLLOWER to FOLLOWER at term 1 for recognizeCandidate:bbace8e8-e1a9-42ee-9889-2c1141283f48
2019-09-06 01:41:18,899 [1f2e57d7-1cd2-4b96-9676-7904a5c1d338:group-D615FF25B2D2:LeaderElection59] INFO  server.RaftServerConfigKeys (ConfUtils.java:logGet(43)) - raft.server.log.appender.buffer.element-limit = 1 (custom)
2019-09-06 01:41:18,900 [grpc-default-executor-2] INFO  impl.RoleInfo (RoleInfo.java:shutdownFollowerState(121)) - af53648f-ad65-4ebd-a0ed-12c0c25e13ff: shutdown FollowerState
2019-09-06 01:41:18,900 [1f2e57d7-1cd2-4b96-9676-7904a5c1d338:group-D615FF25B2D2:LeaderElection59] INFO  grpc.GrpcConfigKeys$Server (ConfUtils.java:logGet(43)) - raft.grpc.server.leader.outstanding.appends.max = 128 (default)
2019-09-06 01:41:18,900 [Thread-3267] INFO  impl.FollowerState (FollowerState.java:run(114)) - af53648f-ad65-4ebd-a0ed-12c0c25e13ff: FollowerState was interrupted: java.lang.InterruptedException: sleep interrupted
2019-09-06 01:41:18,900 [grpc-default-executor-2] INFO  impl.RoleInfo (RoleInfo.java:updateAndGet(143)) - af53648f-ad65-4ebd-a0ed-12c0c25e13ff: start FollowerState
2019-09-06 01:41:18,901 [1f2e57d7-1cd2-4b96-9676-7904a5c1d338:group-D615FF25B2D2:LeaderElection59] INFO  server.RaftServerConfigKeys (ConfUtils.java:logGet(43)) - raft.server.rpc.request.timeout = 3000ms (default)
2019-09-06 01:41:18,902 [1f2e57d7-1cd2-4b96-9676-7904a5c1d338:group-D615FF25B2D2:LeaderElection59] INFO  server.RaftServerConfigKeys (ConfUtils.java:logGet(43)) - raft.server.log.appender.install.snapshot.enabled = false (custom)
2019-09-06 01:41:18,902 [1f2e57d7-1cd2-4b96-9676-7904a5c1d338:group-D615FF25B2D2:LeaderElection59] INFO  impl.RoleInfo (RoleInfo.java:updateAndGet(143)) - 1f2e57d7-1cd2-4b96-9676-7904a5c1d338: start LeaderState
2019-09-06 01:41:18,903 [1f2e57d7-1cd2-4b96-9676-7904a5c1d338:group-D615FF25B2D2:LeaderElection59] INFO  segmented.SegmentedRaftLogWorker (SegmentedRaftLogWorker.java:startLogSegment(380)) - 1f2e57d7-1cd2-4b96-9676-7904a5c1d338-SegmentedRaftLogWorker:Storage Directory /workdir/hadoop-ozone/integration-test/target/test-dir/MiniOzoneClusterImpl-fa83d308-25e6-4772-bfe6-42db08352842/datanode-6/data/ratis/c9cb5bd3-5052-4ddf-b85d-d615ff25b2d2: Starting segment from index:0
2019-09-06 01:41:18,903 [1f2e57d7-1cd2-4b96-9676-7904a5c1d338:group-D615FF25B2D2:LeaderElection59] INFO  impl.RaftServerImpl (ServerState.java:setRaftConf(361)) - 1f2e57d7-1cd2-4b96-9676-7904a5c1d338:group-D615FF25B2D2 set configuration 0: [f6e8ff06-084b-46ba-beae-927f7c0622d9:192.168.5.177:39851, ee89e297-a801-48e6-912d-41102d8ca779:192.168.5.177:39328, 1f2e57d7-1cd2-4b96-9676-7904a5c1d338:192.168.5.177:42384], old=null at 0
2019-09-06 01:41:18,939 [grpc-default-executor-3] INFO  impl.RaftServerImpl (ServerState.java:setLeader(263)) - f6e8ff06-084b-46ba-beae-927f7c0622d9:group-D615FF25B2D2 change Leader from null to 1f2e57d7-1cd2-4b96-9676-7904a5c1d338 at term 1 for appendEntries, leader elected after 5154ms
2019-09-06 01:41:18,942 [grpc-default-executor-8] INFO  impl.RaftServerImpl (ServerState.java:setLeader(263)) - ee89e297-a801-48e6-912d-41102d8ca779:group-D615FF25B2D2 change Leader from null to 1f2e57d7-1cd2-4b96-9676-7904a5c1d338 at term 1 for appendEntries, leader elected after 5157ms
2019-09-06 01:41:18,948 [1f2e57d7-1cd2-4b96-9676-7904a5c1d338-SegmentedRaftLogWorker:Storage Directory /workdir/hadoop-ozone/integration-test/target/test-dir/MiniOzoneClusterImpl-fa83d308-25e6-4772-bfe6-42db08352842/datanode-6/data/ratis/c9cb5bd3-5052-4ddf-b85d-d615ff25b2d2] INFO  segmented.SegmentedRaftLogWorker (SegmentedRaftLogWorker.java:execute(569)) - 1f2e57d7-1cd2-4b96-9676-7904a5c1d338-SegmentedRaftLogWorker:Storage Directory /workdir/hadoop-ozone/integration-test/target/test-dir/MiniOzoneClusterImpl-fa83d308-25e6-4772-bfe6-42db08352842/datanode-6/data/ratis/c9cb5bd3-5052-4ddf-b85d-d615ff25b2d2: created new log segment /workdir/hadoop-ozone/integration-test/target/test-dir/MiniOzoneClusterImpl-fa83d308-25e6-4772-bfe6-42db08352842/datanode-6/data/ratis/c9cb5bd3-5052-4ddf-b85d-d615ff25b2d2/current/log_inprogress_0
2019-09-06 01:41:18,948 [1f2e57d7-1cd2-4b96-9676-7904a5c1d338:group-B63B35C6BC17:LeaderElection61] INFO  impl.LeaderElection (LeaderElection.java:askForVotes(181)) - 1f2e57d7-1cd2-4b96-9676-7904a5c1d338:group-B63B35C6BC17:LeaderElection61: begin an election at term 1 for -1: [1f2e57d7-1cd2-4b96-9676-7904a5c1d338:192.168.5.177:42384], old=null
2019-09-06 01:41:18,948 [1f2e57d7-1cd2-4b96-9676-7904a5c1d338:group-B63B35C6BC17:LeaderElection61] INFO  impl.RoleInfo (RoleInfo.java:shutdownLeaderElection(134)) - 1f2e57d7-1cd2-4b96-9676-7904a5c1d338: shutdown LeaderElection
2019-09-06 01:41:18,949 [1f2e57d7-1cd2-4b96-9676-7904a5c1d338:group-B63B35C6BC17:LeaderElection61] INFO  impl.RaftServerImpl (RaftServerImpl.java:setRole(171)) - 1f2e57d7-1cd2-4b96-9676-7904a5c1d338:group-B63B35C6BC17 changes role from CANDIDATE to LEADER at term 1 for changeToLeader
2019-09-06 01:41:18,949 [1f2e57d7-1cd2-4b96-9676-7904a5c1d338:group-B63B35C6BC17:LeaderElection61] INFO  impl.RaftServerImpl (ServerState.java:setLeader(263)) - 1f2e57d7-1cd2-4b96-9676-7904a5c1d338:group-B63B35C6BC17 change Leader from null to 1f2e57d7-1cd2-4b96-9676-7904a5c1d338 at term 1 for becomeLeader, leader elected after 5241ms
2019-09-06 01:41:18,949 [1f2e57d7-1cd2-4b96-9676-7904a5c1d338:group-B63B35C6BC17:LeaderElection61] INFO  server.RaftServerConfigKeys (ConfUtils.java:logGet(43)) - raft.server.staging.catchup.gap = 1000 (default)
2019-09-06 01:41:18,949 [1f2e57d7-1cd2-4b96-9676-7904a5c1d338:group-B63B35C6BC17:LeaderElection61] INFO  server.RaftServerConfigKeys (ConfUtils.java:logGet(43)) - raft.server.rpc.sleep.time = 25ms (default)
2019-09-06 01:41:18,949 [1f2e57d7-1cd2-4b96-9676-7904a5c1d338:group-B63B35C6BC17:LeaderElection61] INFO  server.RaftServerConfigKeys (ConfUtils.java:logGet(43)) - raft.server.write.element-limit = 4096 (default)
2019-09-06 01:41:18,949 [1f2e57d7-1cd2-4b96-9676-7904a5c1d338:group-B63B35C6BC17:LeaderElection61] INFO  server.RaftServerConfigKeys (ConfUtils.java:logGet(43)) - raft.server.watch.timeout = 10s (default)
2019-09-06 01:41:18,950 [1f2e57d7-1cd2-4b96-9676-7904a5c1d338:group-B63B35C6BC17:LeaderElection61] INFO  server.RaftServerConfigKeys (ConfUtils.java:logGet(43)) - raft.server.watch.timeout.denomination = 1s (default)
2019-09-06 01:41:18,950 [1f2e57d7-1cd2-4b96-9676-7904a5c1d338:group-B63B35C6BC17:LeaderElection61] INFO  server.RaftServerConfigKeys (ConfUtils.java:logGet(43)) - raft.server.watch.element-limit = 65536 (default)
2019-09-06 01:41:18,950 [1f2e57d7-1cd2-4b96-9676-7904a5c1d338:group-B63B35C6BC17:LeaderElection61] INFO  impl.RoleInfo (RoleInfo.java:updateAndGet(143)) - 1f2e57d7-1cd2-4b96-9676-7904a5c1d338: start LeaderState
2019-09-06 01:41:18,950 [1f2e57d7-1cd2-4b96-9676-7904a5c1d338:group-B63B35C6BC17:LeaderElection61] INFO  segmented.SegmentedRaftLogWorker (SegmentedRaftLogWorker.java:startLogSegment(380)) - 1f2e57d7-1cd2-4b96-9676-7904a5c1d338-SegmentedRaftLogWorker:Storage Directory /workdir/hadoop-ozone/integration-test/target/test-dir/MiniOzoneClusterImpl-fa83d308-25e6-4772-bfe6-42db08352842/datanode-6/data/ratis/4e8df034-b827-466c-a134-b63b35c6bc17: Starting segment from index:0
2019-09-06 01:41:18,951 [1f2e57d7-1cd2-4b96-9676-7904a5c1d338:group-B63B35C6BC17:LeaderElection61] INFO  impl.RaftServerImpl (ServerState.java:setRaftConf(361)) - 1f2e57d7-1cd2-4b96-9676-7904a5c1d338:group-B63B35C6BC17 set configuration 0: [1f2e57d7-1cd2-4b96-9676-7904a5c1d338:192.168.5.177:42384], old=null at 0
2019-09-06 01:41:18,954 [4ba7b802-14f5-42b9-8dc4-3b2118cdd21d:group-8FCE33E96697:LeaderElection62] INFO  impl.LeaderElection (LeaderElection.java:askForVotes(181)) - 4ba7b802-14f5-42b9-8dc4-3b2118cdd21d:group-8FCE33E96697:LeaderElection62: begin an election at term 1 for -1: [4ba7b802-14f5-42b9-8dc4-3b2118cdd21d:192.168.5.177:42721, af53648f-ad65-4ebd-a0ed-12c0c25e13ff:192.168.5.177:37144, bbace8e8-e1a9-42ee-9889-2c1141283f48:192.168.5.177:39551], old=null
2019-09-06 01:41:18,955 [grpc-default-executor-2] INFO  impl.RaftServerImpl (ServerState.java:setRaftConf(361)) - f6e8ff06-084b-46ba-beae-927f7c0622d9:group-D615FF25B2D2 set configuration 0: [f6e8ff06-084b-46ba-beae-927f7c0622d9:192.168.5.177:39851, ee89e297-a801-48e6-912d-41102d8ca779:192.168.5.177:39328, 1f2e57d7-1cd2-4b96-9676-7904a5c1d338:192.168.5.177:42384], old=null at 0
2019-09-06 01:41:18,956 [grpc-default-executor-2] INFO  segmented.SegmentedRaftLogWorker (SegmentedRaftLogWorker.java:startLogSegment(380)) - f6e8ff06-084b-46ba-beae-927f7c0622d9-SegmentedRaftLogWorker:Storage Directory /workdir/hadoop-ozone/integration-test/target/test-dir/MiniOzoneClusterImpl-fa83d308-25e6-4772-bfe6-42db08352842/datanode-3/data/ratis/c9cb5bd3-5052-4ddf-b85d-d615ff25b2d2: Starting segment from index:0
2019-09-06 01:41:18,957 [bbace8e8-e1a9-42ee-9889-2c1141283f48:group-8FCE33E96697:LeaderElection60] INFO  impl.LeaderElection (LeaderElection.java:logAndReturn(56)) - bbace8e8-e1a9-42ee-9889-2c1141283f48:group-8FCE33E96697:LeaderElection60: Election PASSED; received 2 response(s) [bbace8e8-e1a9-42ee-9889-2c1141283f48<-4ba7b802-14f5-42b9-8dc4-3b2118cdd21d#0:FAIL-t1, bbace8e8-e1a9-42ee-9889-2c1141283f48<-af53648f-ad65-4ebd-a0ed-12c0c25e13ff#0:OK-t1] and 0 exception(s); bbace8e8-e1a9-42ee-9889-2c1141283f48:t1, leader=null, voted=bbace8e8-e1a9-42ee-9889-2c1141283f48, raftlog=bbace8e8-e1a9-42ee-9889-2c1141283f48-SegmentedRaftLog:OPENED:c-1,f-1,i0, conf=-1: [4ba7b802-14f5-42b9-8dc4-3b2118cdd21d:192.168.5.177:42721, af53648f-ad65-4ebd-a0ed-12c0c25e13ff:192.168.5.177:37144, bbace8e8-e1a9-42ee-9889-2c1141283f48:192.168.5.177:39551], old=null
2019-09-06 01:41:18,958 [bbace8e8-e1a9-42ee-9889-2c1141283f48:group-8FCE33E96697:LeaderElection60] INFO  impl.RoleInfo (RoleInfo.java:shutdownLeaderElection(134)) - bbace8e8-e1a9-42ee-9889-2c1141283f48: shutdown LeaderElection
2019-09-06 01:41:18,958 [bbace8e8-e1a9-42ee-9889-2c1141283f48:group-8FCE33E96697:LeaderElection60] INFO  impl.RaftServerImpl (RaftServerImpl.java:setRole(171)) - bbace8e8-e1a9-42ee-9889-2c1141283f48:group-8FCE33E96697 changes role from CANDIDATE to LEADER at term 1 for changeToLeader
2019-09-06 01:41:18,995 [grpc-default-executor-2] INFO  impl.RaftServerImpl (ServerState.java:setRaftConf(361)) - ee89e297-a801-48e6-912d-41102d8ca779:group-D615FF25B2D2 set configuration 0: [f6e8ff06-084b-46ba-beae-927f7c0622d9:192.168.5.177:39851, ee89e297-a801-48e6-912d-41102d8ca779:192.168.5.177:39328, 1f2e57d7-1cd2-4b96-9676-7904a5c1d338:192.168.5.177:42384], old=null at 0
2019-09-06 01:41:18,995 [bbace8e8-e1a9-42ee-9889-2c1141283f48:group-8FCE33E96697:LeaderElection60] INFO  impl.RaftServerImpl (ServerState.java:setLeader(263)) - bbace8e8-e1a9-42ee-9889-2c1141283f48:group-8FCE33E96697 change Leader from null to bbace8e8-e1a9-42ee-9889-2c1141283f48 at term 1 for becomeLeader, leader elected after 5139ms
2019-09-06 01:41:18,995 [grpc-default-executor-2] INFO  segmented.SegmentedRaftLogWorker (SegmentedRaftLogWorker.java:startLogSegment(380)) - ee89e297-a801-48e6-912d-41102d8ca779-SegmentedRaftLogWorker:Storage Directory /workdir/hadoop-ozone/integration-test/target/test-dir/MiniOzoneClusterImpl-fa83d308-25e6-4772-bfe6-42db08352842/datanode-0/data/ratis/c9cb5bd3-5052-4ddf-b85d-d615ff25b2d2: Starting segment from index:0
2019-09-06 01:41:18,995 [bbace8e8-e1a9-42ee-9889-2c1141283f48:group-8FCE33E96697:LeaderElection60] INFO  server.RaftServerConfigKeys (ConfUtils.java:logGet(43)) - raft.server.staging.catchup.gap = 1000 (default)
2019-09-06 01:41:18,996 [bbace8e8-e1a9-42ee-9889-2c1141283f48:group-8FCE33E96697:LeaderElection60] INFO  server.RaftServerConfigKeys (ConfUtils.java:logGet(43)) - raft.server.rpc.sleep.time = 25ms (default)
2019-09-06 01:41:18,996 [grpc-default-executor-8] INFO  client.GrpcClientProtocolClient (GrpcClientProtocolClient.java:onNext(255)) - client-F06A606426D6->4ba7b802-14f5-42b9-8dc4-3b2118cdd21d: receive RaftClientReply:client-F06A606426D6->4ba7b802-14f5-42b9-8dc4-3b2118cdd21d@group-8FCE33E96697, cid=163, FAILED org.apache.ratis.protocol.NotLeaderException: Server 4ba7b802-14f5-42b9-8dc4-3b2118cdd21d is not the leader (null). Request must be sent to leader., logIndex=0, commits[4ba7b802-14f5-42b9-8dc4-3b2118cdd21d:c-1]
2019-09-06 01:41:18,996 [bbace8e8-e1a9-42ee-9889-2c1141283f48:group-8FCE33E96697:LeaderElection60] INFO  server.RaftServerConfigKeys (ConfUtils.java:logGet(43)) - raft.server.write.element-limit = 4096 (default)
2019-09-06 01:41:18,996 [bbace8e8-e1a9-42ee-9889-2c1141283f48:group-8FCE33E96697:LeaderElection60] INFO  server.RaftServerConfigKeys (ConfUtils.java:logGet(43)) - raft.server.watch.timeout = 10s (default)
2019-09-06 01:41:18,996 [bbace8e8-e1a9-42ee-9889-2c1141283f48:group-8FCE33E96697:LeaderElection60] INFO  server.RaftServerConfigKeys (ConfUtils.java:logGet(43)) - raft.server.watch.timeout.denomination = 1s (default)
2019-09-06 01:41:18,997 [bbace8e8-e1a9-42ee-9889-2c1141283f48:group-8FCE33E96697:LeaderElection60] INFO  server.RaftServerConfigKeys (ConfUtils.java:logGet(43)) - raft.server.watch.element-limit = 65536 (default)
2019-09-06 01:41:18,997 [bbace8e8-e1a9-42ee-9889-2c1141283f48:group-8FCE33E96697:LeaderElection60] INFO  server.RaftServerConfigKeys (ConfUtils.java:logGet(43)) - raft.server.log.appender.snapshot.chunk.size.max = 16MB (=16777216) (default)
2019-09-06 01:41:18,997 [bbace8e8-e1a9-42ee-9889-2c1141283f48:group-8FCE33E96697:LeaderElection60] INFO  server.RaftServerConfigKeys (ConfUtils.java:logGet(43)) - raft.server.log.appender.buffer.byte-limit = 33554432 (custom)
2019-09-06 01:41:19,029 [bbace8e8-e1a9-42ee-9889-2c1141283f48:group-8FCE33E96697:LeaderElection60] INFO  server.RaftServerConfigKeys (ConfUtils.java:logGet(43)) - raft.server.log.appender.buffer.element-limit = 1 (custom)
2019-09-06 01:41:19,030 [bbace8e8-e1a9-42ee-9889-2c1141283f48:group-8FCE33E96697:LeaderElection60] INFO  grpc.GrpcConfigKeys$Server (ConfUtils.java:logGet(43)) - raft.grpc.server.leader.outstanding.appends.max = 128 (default)
2019-09-06 01:41:19,030 [bbace8e8-e1a9-42ee-9889-2c1141283f48:group-8FCE33E96697:LeaderElection60] INFO  server.RaftServerConfigKeys (ConfUtils.java:logGet(43)) - raft.server.rpc.request.timeout = 3000ms (default)
2019-09-06 01:41:19,030 [f6e8ff06-084b-46ba-beae-927f7c0622d9-SegmentedRaftLogWorker:Storage Directory /workdir/hadoop-ozone/integration-test/target/test-dir/MiniOzoneClusterImpl-fa83d308-25e6-4772-bfe6-42db08352842/datanode-3/data/ratis/c9cb5bd3-5052-4ddf-b85d-d615ff25b2d2] INFO  segmented.SegmentedRaftLogWorker (SegmentedRaftLogWorker.java:execute(569)) - f6e8ff06-084b-46ba-beae-927f7c0622d9-SegmentedRaftLogWorker:Storage Directory /workdir/hadoop-ozone/integration-test/target/test-dir/MiniOzoneClusterImpl-fa83d308-25e6-4772-bfe6-42db08352842/datanode-3/data/ratis/c9cb5bd3-5052-4ddf-b85d-d615ff25b2d2: created new log segment /workdir/hadoop-ozone/integration-test/target/test-dir/MiniOzoneClusterImpl-fa83d308-25e6-4772-bfe6-42db08352842/datanode-3/data/ratis/c9cb5bd3-5052-4ddf-b85d-d615ff25b2d2/current/log_inprogress_0
2019-09-06 01:41:19,030 [1f2e57d7-1cd2-4b96-9676-7904a5c1d338-SegmentedRaftLogWorker:Storage Directory /workdir/hadoop-ozone/integration-test/target/test-dir/MiniOzoneClusterImpl-fa83d308-25e6-4772-bfe6-42db08352842/datanode-6/data/ratis/4e8df034-b827-466c-a134-b63b35c6bc17] INFO  segmented.SegmentedRaftLogWorker (SegmentedRaftLogWorker.java:execute(569)) - 1f2e57d7-1cd2-4b96-9676-7904a5c1d338-SegmentedRaftLogWorker:Storage Directory /workdir/hadoop-ozone/integration-test/target/test-dir/MiniOzoneClusterImpl-fa83d308-25e6-4772-bfe6-42db08352842/datanode-6/data/ratis/4e8df034-b827-466c-a134-b63b35c6bc17: created new log segment /workdir/hadoop-ozone/integration-test/target/test-dir/MiniOzoneClusterImpl-fa83d308-25e6-4772-bfe6-42db08352842/datanode-6/data/ratis/4e8df034-b827-466c-a134-b63b35c6bc17/current/log_inprogress_0
2019-09-06 01:41:19,030 [bbace8e8-e1a9-42ee-9889-2c1141283f48:group-8FCE33E96697:LeaderElection60] INFO  server.RaftServerConfigKeys (ConfUtils.java:logGet(43)) - raft.server.log.appender.install.snapshot.enabled = false (custom)
2019-09-06 01:41:19,031 [bbace8e8-e1a9-42ee-9889-2c1141283f48:group-8FCE33E96697:LeaderElection60] INFO  server.RaftServerConfigKeys (ConfUtils.java:logGet(43)) - raft.server.log.appender.snapshot.chunk.size.max = 16MB (=16777216) (default)
2019-09-06 01:41:19,031 [bbace8e8-e1a9-42ee-9889-2c1141283f48:group-8FCE33E96697:LeaderElection60] INFO  server.RaftServerConfigKeys (ConfUtils.java:logGet(43)) - raft.server.log.appender.buffer.byte-limit = 33554432 (custom)
2019-09-06 01:41:19,031 [bbace8e8-e1a9-42ee-9889-2c1141283f48:group-8FCE33E96697:LeaderElection60] INFO  server.RaftServerConfigKeys (ConfUtils.java:logGet(43)) - raft.server.log.appender.buffer.element-limit = 1 (custom)
2019-09-06 01:41:19,031 [bbace8e8-e1a9-42ee-9889-2c1141283f48:group-8FCE33E96697:LeaderElection60] INFO  grpc.GrpcConfigKeys$Server (ConfUtils.java:logGet(43)) - raft.grpc.server.leader.outstanding.appends.max = 128 (default)
2019-09-06 01:41:19,031 [bbace8e8-e1a9-42ee-9889-2c1141283f48:group-8FCE33E96697:LeaderElection60] INFO  server.RaftServerConfigKeys (ConfUtils.java:logGet(43)) - raft.server.rpc.request.timeout = 3000ms (default)
2019-09-06 01:41:19,031 [bbace8e8-e1a9-42ee-9889-2c1141283f48:group-8FCE33E96697:LeaderElection60] INFO  server.RaftServerConfigKeys (ConfUtils.java:logGet(43)) - raft.server.log.appender.install.snapshot.enabled = false (custom)
2019-09-06 01:41:19,032 [bbace8e8-e1a9-42ee-9889-2c1141283f48:group-8FCE33E96697:LeaderElection60] INFO  impl.RoleInfo (RoleInfo.java:updateAndGet(143)) - bbace8e8-e1a9-42ee-9889-2c1141283f48: start LeaderState
2019-09-06 01:41:19,032 [bbace8e8-e1a9-42ee-9889-2c1141283f48:group-8FCE33E96697:LeaderElection60] INFO  segmented.SegmentedRaftLogWorker (SegmentedRaftLogWorker.java:startLogSegment(380)) - bbace8e8-e1a9-42ee-9889-2c1141283f48-SegmentedRaftLogWorker:Storage Directory /workdir/hadoop-ozone/integration-test/target/test-dir/MiniOzoneClusterImpl-fa83d308-25e6-4772-bfe6-42db08352842/datanode-1/data/ratis/19dbd636-73b9-4f00-80d5-8fce33e96697: Starting segment from index:0
2019-09-06 01:41:19,033 [bbace8e8-e1a9-42ee-9889-2c1141283f48:group-8FCE33E96697:LeaderElection60] INFO  impl.RaftServerImpl (ServerState.java:setRaftConf(361)) - bbace8e8-e1a9-42ee-9889-2c1141283f48:group-8FCE33E96697 set configuration 0: [4ba7b802-14f5-42b9-8dc4-3b2118cdd21d:192.168.5.177:42721, af53648f-ad65-4ebd-a0ed-12c0c25e13ff:192.168.5.177:37144, bbace8e8-e1a9-42ee-9889-2c1141283f48:192.168.5.177:39551], old=null at 0
2019-09-06 01:41:19,062 [ee89e297-a801-48e6-912d-41102d8ca779-SegmentedRaftLogWorker:Storage Directory /workdir/hadoop-ozone/integration-test/target/test-dir/MiniOzoneClusterImpl-fa83d308-25e6-4772-bfe6-42db08352842/datanode-0/data/ratis/c9cb5bd3-5052-4ddf-b85d-d615ff25b2d2] INFO  segmented.SegmentedRaftLogWorker (SegmentedRaftLogWorker.java:execute(569)) - ee89e297-a801-48e6-912d-41102d8ca779-SegmentedRaftLogWorker:Storage Directory /workdir/hadoop-ozone/integration-test/target/test-dir/MiniOzoneClusterImpl-fa83d308-25e6-4772-bfe6-42db08352842/datanode-0/data/ratis/c9cb5bd3-5052-4ddf-b85d-d615ff25b2d2: created new log segment /workdir/hadoop-ozone/integration-test/target/test-dir/MiniOzoneClusterImpl-fa83d308-25e6-4772-bfe6-42db08352842/datanode-0/data/ratis/c9cb5bd3-5052-4ddf-b85d-d615ff25b2d2/current/log_inprogress_0
2019-09-06 01:41:19,062 [grpc-default-executor-2] INFO  impl.RaftServerImpl (RaftServerImpl.java:requestVote(754)) - bbace8e8-e1a9-42ee-9889-2c1141283f48-LEADER: Withhold vote from candidate 4ba7b802-14f5-42b9-8dc4-3b2118cdd21d with term 1. State: leader=bbace8e8-e1a9-42ee-9889-2c1141283f48, term=1, lastRpcElapsed=null
2019-09-06 01:41:19,064 [grpc-default-executor-2] INFO  impl.RaftServerImpl (ServerState.java:setLeader(263)) - af53648f-ad65-4ebd-a0ed-12c0c25e13ff:group-8FCE33E96697 change Leader from null to bbace8e8-e1a9-42ee-9889-2c1141283f48 at term 1 for appendEntries, leader elected after 5207ms
2019-09-06 01:41:19,064 [grpc-default-executor-8] INFO  impl.RaftServerImpl (RaftServerImpl.java:setRole(171)) - 4ba7b802-14f5-42b9-8dc4-3b2118cdd21d:group-8FCE33E96697 changes role from CANDIDATE to FOLLOWER at term 1 for appendEntries
2019-09-06 01:41:19,064 [4ba7b802-14f5-42b9-8dc4-3b2118cdd21d:group-8FCE33E96697:LeaderElection62] INFO  impl.LeaderElection (LeaderElection.java:logAndReturn(56)) - 4ba7b802-14f5-42b9-8dc4-3b2118cdd21d:group-8FCE33E96697:LeaderElection62: Election REJECTED; received 2 response(s) [4ba7b802-14f5-42b9-8dc4-3b2118cdd21d<-af53648f-ad65-4ebd-a0ed-12c0c25e13ff#0:FAIL-t1, 4ba7b802-14f5-42b9-8dc4-3b2118cdd21d<-bbace8e8-e1a9-42ee-9889-2c1141283f48#0:FAIL-t1] and 0 exception(s); 4ba7b802-14f5-42b9-8dc4-3b2118cdd21d:t1, leader=null, voted=4ba7b802-14f5-42b9-8dc4-3b2118cdd21d, raftlog=4ba7b802-14f5-42b9-8dc4-3b2118cdd21d-SegmentedRaftLog:OPENED:c-1,f-1,i0, conf=-1: [4ba7b802-14f5-42b9-8dc4-3b2118cdd21d:192.168.5.177:42721, af53648f-ad65-4ebd-a0ed-12c0c25e13ff:192.168.5.177:37144, bbace8e8-e1a9-42ee-9889-2c1141283f48:192.168.5.177:39551], old=null
2019-09-06 01:41:19,064 [grpc-default-executor-8] INFO  impl.RoleInfo (RoleInfo.java:shutdownLeaderElection(134)) - 4ba7b802-14f5-42b9-8dc4-3b2118cdd21d: shutdown LeaderElection
2019-09-06 01:41:19,064 [grpc-default-executor-8] INFO  impl.RoleInfo (RoleInfo.java:updateAndGet(143)) - 4ba7b802-14f5-42b9-8dc4-3b2118cdd21d: start FollowerState
2019-09-06 01:41:19,065 [grpc-default-executor-8] INFO  impl.RaftServerImpl (ServerState.java:setLeader(263)) - 4ba7b802-14f5-42b9-8dc4-3b2118cdd21d:group-8FCE33E96697 change Leader from null to bbace8e8-e1a9-42ee-9889-2c1141283f48 at term 1 for appendEntries, leader elected after 5208ms
2019-09-06 01:41:19,066 [grpc-default-executor-8] INFO  impl.RaftServerImpl (ServerState.java:setRaftConf(361)) - af53648f-ad65-4ebd-a0ed-12c0c25e13ff:group-8FCE33E96697 set configuration 0: [4ba7b802-14f5-42b9-8dc4-3b2118cdd21d:192.168.5.177:42721, af53648f-ad65-4ebd-a0ed-12c0c25e13ff:192.168.5.177:37144, bbace8e8-e1a9-42ee-9889-2c1141283f48:192.168.5.177:39551], old=null at 0
2019-09-06 01:41:19,066 [grpc-default-executor-8] INFO  segmented.SegmentedRaftLogWorker (SegmentedRaftLogWorker.java:startLogSegment(380)) - af53648f-ad65-4ebd-a0ed-12c0c25e13ff-SegmentedRaftLogWorker:Storage Directory /workdir/hadoop-ozone/integration-test/target/test-dir/MiniOzoneClusterImpl-fa83d308-25e6-4772-bfe6-42db08352842/datanode-4/data/ratis/19dbd636-73b9-4f00-80d5-8fce33e96697: Starting segment from index:0
2019-09-06 01:41:19,066 [grpc-default-executor-2] INFO  impl.RaftServerImpl (ServerState.java:setRaftConf(361)) - 4ba7b802-14f5-42b9-8dc4-3b2118cdd21d:group-8FCE33E96697 set configuration 0: [4ba7b802-14f5-42b9-8dc4-3b2118cdd21d:192.168.5.177:42721, af53648f-ad65-4ebd-a0ed-12c0c25e13ff:192.168.5.177:37144, bbace8e8-e1a9-42ee-9889-2c1141283f48:192.168.5.177:39551], old=null at 0
2019-09-06 01:41:19,067 [grpc-default-executor-2] INFO  segmented.SegmentedRaftLogWorker (SegmentedRaftLogWorker.java:startLogSegment(380)) - 4ba7b802-14f5-42b9-8dc4-3b2118cdd21d-SegmentedRaftLogWorker:Storage Directory /workdir/hadoop-ozone/integration-test/target/test-dir/MiniOzoneClusterImpl-fa83d308-25e6-4772-bfe6-42db08352842/datanode-5/data/ratis/19dbd636-73b9-4f00-80d5-8fce33e96697: Starting segment from index:0
2019-09-06 01:41:19,081 [bbace8e8-e1a9-42ee-9889-2c1141283f48-SegmentedRaftLogWorker:Storage Directory /workdir/hadoop-ozone/integration-test/target/test-dir/MiniOzoneClusterImpl-fa83d308-25e6-4772-bfe6-42db08352842/datanode-1/data/ratis/19dbd636-73b9-4f00-80d5-8fce33e96697] INFO  segmented.SegmentedRaftLogWorker (SegmentedRaftLogWorker.java:execute(569)) - bbace8e8-e1a9-42ee-9889-2c1141283f48-SegmentedRaftLogWorker:Storage Directory /workdir/hadoop-ozone/integration-test/target/test-dir/MiniOzoneClusterImpl-fa83d308-25e6-4772-bfe6-42db08352842/datanode-1/data/ratis/19dbd636-73b9-4f00-80d5-8fce33e96697: created new log segment /workdir/hadoop-ozone/integration-test/target/test-dir/MiniOzoneClusterImpl-fa83d308-25e6-4772-bfe6-42db08352842/datanode-1/data/ratis/19dbd636-73b9-4f00-80d5-8fce33e96697/current/log_inprogress_0
2019-09-06 01:41:19,116 [af53648f-ad65-4ebd-a0ed-12c0c25e13ff-SegmentedRaftLogWorker:Storage Directory /workdir/hadoop-ozone/integration-test/target/test-dir/MiniOzoneClusterImpl-fa83d308-25e6-4772-bfe6-42db08352842/datanode-4/data/ratis/19dbd636-73b9-4f00-80d5-8fce33e96697] INFO  segmented.SegmentedRaftLogWorker (SegmentedRaftLogWorker.java:execute(569)) - af53648f-ad65-4ebd-a0ed-12c0c25e13ff-SegmentedRaftLogWorker:Storage Directory /workdir/hadoop-ozone/integration-test/target/test-dir/MiniOzoneClusterImpl-fa83d308-25e6-4772-bfe6-42db08352842/datanode-4/data/ratis/19dbd636-73b9-4f00-80d5-8fce33e96697: created new log segment /workdir/hadoop-ozone/integration-test/target/test-dir/MiniOzoneClusterImpl-fa83d308-25e6-4772-bfe6-42db08352842/datanode-4/data/ratis/19dbd636-73b9-4f00-80d5-8fce33e96697/current/log_inprogress_0
2019-09-06 01:41:19,116 [4ba7b802-14f5-42b9-8dc4-3b2118cdd21d-SegmentedRaftLogWorker:Storage Directory /workdir/hadoop-ozone/integration-test/target/test-dir/MiniOzoneClusterImpl-fa83d308-25e6-4772-bfe6-42db08352842/datanode-5/data/ratis/19dbd636-73b9-4f00-80d5-8fce33e96697] INFO  segmented.SegmentedRaftLogWorker (SegmentedRaftLogWorker.java:execute(569)) - 4ba7b802-14f5-42b9-8dc4-3b2118cdd21d-SegmentedRaftLogWorker:Storage Directory /workdir/hadoop-ozone/integration-test/target/test-dir/MiniOzoneClusterImpl-fa83d308-25e6-4772-bfe6-42db08352842/datanode-5/data/ratis/19dbd636-73b9-4f00-80d5-8fce33e96697: created new log segment /workdir/hadoop-ozone/integration-test/target/test-dir/MiniOzoneClusterImpl-fa83d308-25e6-4772-bfe6-42db08352842/datanode-5/data/ratis/19dbd636-73b9-4f00-80d5-8fce33e96697/current/log_inprogress_0
2019-09-06 01:41:20,180 [grpc-default-executor-2] INFO  client.GrpcClientProtocolClient (GrpcClientProtocolClient.java:onNext(255)) - client-F06A606426D6->bbace8e8-e1a9-42ee-9889-2c1141283f48: receive RaftClientReply:client-F06A606426D6->bbace8e8-e1a9-42ee-9889-2c1141283f48@group-8FCE33E96697, cid=163, SUCCESS, logIndex=1, commits[bbace8e8-e1a9-42ee-9889-2c1141283f48:c1, 4ba7b802-14f5-42b9-8dc4-3b2118cdd21d:c0, af53648f-ad65-4ebd-a0ed-12c0c25e13ff:c0]
2019-09-06 01:41:20,207 [grpc-default-executor-2] INFO  client.GrpcClientProtocolClient (GrpcClientProtocolClient.java:onNext(255)) - client-F06A606426D6->bbace8e8-e1a9-42ee-9889-2c1141283f48: receive RaftClientReply:client-F06A606426D6->bbace8e8-e1a9-42ee-9889-2c1141283f48@group-8FCE33E96697, cid=164, SUCCESS, logIndex=3, commits[bbace8e8-e1a9-42ee-9889-2c1141283f48:c4, 4ba7b802-14f5-42b9-8dc4-3b2118cdd21d:c1, af53648f-ad65-4ebd-a0ed-12c0c25e13ff:c1]
2019-09-06 01:41:20,355 [grpc-default-executor-2] INFO  client.GrpcClientProtocolClient (GrpcClientProtocolClient.java:onNext(255)) - client-F06A606426D6->bbace8e8-e1a9-42ee-9889-2c1141283f48: receive RaftClientReply:client-F06A606426D6->bbace8e8-e1a9-42ee-9889-2c1141283f48@group-8FCE33E96697, cid=165, SUCCESS, logIndex=4, commits[bbace8e8-e1a9-42ee-9889-2c1141283f48:c11, 4ba7b802-14f5-42b9-8dc4-3b2118cdd21d:c7, af53648f-ad65-4ebd-a0ed-12c0c25e13ff:c7]
2019-09-06 01:41:20,356 [grpc-default-executor-2] INFO  client.GrpcClientProtocolClient (GrpcClientProtocolClient.java:onNext(255)) - client-F06A606426D6->bbace8e8-e1a9-42ee-9889-2c1141283f48: receive RaftClientReply:client-F06A606426D6->bbace8e8-e1a9-42ee-9889-2c1141283f48@group-8FCE33E96697, cid=166, SUCCESS, logIndex=5, commits[bbace8e8-e1a9-42ee-9889-2c1141283f48:c11, 4ba7b802-14f5-42b9-8dc4-3b2118cdd21d:c7, af53648f-ad65-4ebd-a0ed-12c0c25e13ff:c7]
2019-09-06 01:41:20,357 [grpc-default-executor-2] INFO  client.GrpcClientProtocolClient (GrpcClientProtocolClient.java:onNext(255)) - client-F06A606426D6->bbace8e8-e1a9-42ee-9889-2c1141283f48: receive RaftClientReply:client-F06A606426D6->bbace8e8-e1a9-42ee-9889-2c1141283f48@group-8FCE33E96697, cid=167, SUCCESS, logIndex=6, commits[bbace8e8-e1a9-42ee-9889-2c1141283f48:c11, 4ba7b802-14f5-42b9-8dc4-3b2118cdd21d:c7, af53648f-ad65-4ebd-a0ed-12c0c25e13ff:c7]
2019-09-06 01:41:20,546 [grpc-default-executor-2] INFO  client.GrpcClientProtocolClient (GrpcClientProtocolClient.java:onNext(255)) - client-F06A606426D6->bbace8e8-e1a9-42ee-9889-2c1141283f48: receive RaftClientReply:client-F06A606426D6->bbace8e8-e1a9-42ee-9889-2c1141283f48@group-8FCE33E96697, cid=168, SUCCESS, logIndex=7, commits[bbace8e8-e1a9-42ee-9889-2c1141283f48:c11, 4ba7b802-14f5-42b9-8dc4-3b2118cdd21d:c7, af53648f-ad65-4ebd-a0ed-12c0c25e13ff:c7]
2019-09-06 01:41:20,584 [grpc-default-executor-5] INFO  client.GrpcClientProtocolClient (GrpcClientProtocolClient.java:onNext(255)) - client-F06A606426D6->bbace8e8-e1a9-42ee-9889-2c1141283f48: receive RaftClientReply:client-F06A606426D6->bbace8e8-e1a9-42ee-9889-2c1141283f48@group-8FCE33E96697, cid=169, SUCCESS, logIndex=12, commits[bbace8e8-e1a9-42ee-9889-2c1141283f48:c13, 4ba7b802-14f5-42b9-8dc4-3b2118cdd21d:c11, af53648f-ad65-4ebd-a0ed-12c0c25e13ff:c11]
2019-09-06 01:41:20,585 [grpc-default-executor-5] INFO  client.GrpcClientProtocolClient (GrpcClientProtocolClient.java:onNext(255)) - client-F06A606426D6->bbace8e8-e1a9-42ee-9889-2c1141283f48: receive RaftClientReply:client-F06A606426D6->bbace8e8-e1a9-42ee-9889-2c1141283f48@group-8FCE33E96697, cid=170, SUCCESS, logIndex=13, commits[bbace8e8-e1a9-42ee-9889-2c1141283f48:c13, 4ba7b802-14f5-42b9-8dc4-3b2118cdd21d:c11, af53648f-ad65-4ebd-a0ed-12c0c25e13ff:c11]
2019-09-06 01:41:20,609 [grpc-default-executor-5] INFO  client.GrpcClientProtocolClient (GrpcClientProtocolClient.java:onNext(255)) - client-F06A606426D6->bbace8e8-e1a9-42ee-9889-2c1141283f48: receive RaftClientReply:client-F06A606426D6->bbace8e8-e1a9-42ee-9889-2c1141283f48@group-8FCE33E96697, cid=171, SUCCESS, logIndex=0, commits[bbace8e8-e1a9-42ee-9889-2c1141283f48:c15, 4ba7b802-14f5-42b9-8dc4-3b2118cdd21d:c13, af53648f-ad65-4ebd-a0ed-12c0c25e13ff:c13]
2019-09-06 01:41:21,167 [Datanode State Machine Thread - 0] INFO  statemachine.DatanodeStateMachine (DatanodeStateMachine.java:lambda$startDaemon$0(350)) - Ozone container server started.
2019-09-06 01:41:25,170 [EventQueue-StaleNodeForStaleNodeHandler] INFO  node.StaleNodeHandler (StaleNodeHandler.java:onMessage(58)) - Datanode af53648f-ad65-4ebd-a0ed-12c0c25e13ff{ip: 192.168.5.177, host: pr-hdds-2015-4zh84-2711163145, networkLocation: /default-rack, certSerialId: null} moved to stale state. Finalizing its pipelines [PipelineID=19dbd636-73b9-4f00-80d5-8fce33e96697, PipelineID=dedf49fe-8da3-4ff4-b058-9e91a4d78b3b]
2019-09-06 01:41:25,171 [EventQueue-StaleNodeForStaleNodeHandler] INFO  pipeline.SCMPipelineManager (SCMPipelineManager.java:finalizeAndDestroyPipeline(309)) - destroying pipeline:Pipeline[ Id: 19dbd636-73b9-4f00-80d5-8fce33e96697, Nodes: af53648f-ad65-4ebd-a0ed-12c0c25e13ff{ip: 192.168.5.177, host: pr-hdds-2015-4zh84-2711163145, networkLocation: /default-rack, certSerialId: null}bbace8e8-e1a9-42ee-9889-2c1141283f48{ip: 192.168.5.177, host: pr-hdds-2015-4zh84-2711163145, networkLocation: /default-rack, certSerialId: null}4ba7b802-14f5-42b9-8dc4-3b2118cdd21d{ip: 192.168.5.177, host: pr-hdds-2015-4zh84-2711163145, networkLocation: /default-rack, certSerialId: null}, Type:RATIS, Factor:THREE, State:OPEN]
2019-09-06 01:41:25,171 [EventQueue-StaleNodeForStaleNodeHandler] INFO  pipeline.PipelineStateManager (PipelineStateManager.java:finalizePipeline(123)) - Pipeline Pipeline[ Id: 19dbd636-73b9-4f00-80d5-8fce33e96697, Nodes: af53648f-ad65-4ebd-a0ed-12c0c25e13ff{ip: 192.168.5.177, host: pr-hdds-2015-4zh84-2711163145, networkLocation: /default-rack, certSerialId: null}bbace8e8-e1a9-42ee-9889-2c1141283f48{ip: 192.168.5.177, host: pr-hdds-2015-4zh84-2711163145, networkLocation: /default-rack, certSerialId: null}4ba7b802-14f5-42b9-8dc4-3b2118cdd21d{ip: 192.168.5.177, host: pr-hdds-2015-4zh84-2711163145, networkLocation: /default-rack, certSerialId: null}, Type:RATIS, Factor:THREE, State:CLOSED] moved to CLOSED state
2019-09-06 01:41:25,172 [EventQueue-StaleNodeForStaleNodeHandler] INFO  pipeline.SCMPipelineManager (SCMPipelineManager.java:finalizeAndDestroyPipeline(309)) - destroying pipeline:Pipeline[ Id: dedf49fe-8da3-4ff4-b058-9e91a4d78b3b, Nodes: af53648f-ad65-4ebd-a0ed-12c0c25e13ff{ip: 192.168.5.177, host: pr-hdds-2015-4zh84-2711163145, networkLocation: /default-rack, certSerialId: null}, Type:RATIS, Factor:ONE, State:OPEN]
2019-09-06 01:41:25,172 [EventQueue-CloseContainerForCloseContainerEventHandler] INFO  container.CloseContainerEventHandler (CloseContainerEventHandler.java:onMessage(61)) - Close container Event triggered for container : #1
2019-09-06 01:41:25,172 [EventQueue-StaleNodeForStaleNodeHandler] INFO  pipeline.PipelineStateManager (PipelineStateManager.java:finalizePipeline(123)) - Pipeline Pipeline[ Id: dedf49fe-8da3-4ff4-b058-9e91a4d78b3b, Nodes: af53648f-ad65-4ebd-a0ed-12c0c25e13ff{ip: 192.168.5.177, host: pr-hdds-2015-4zh84-2711163145, networkLocation: /default-rack, certSerialId: null}, Type:RATIS, Factor:ONE, State:CLOSED] moved to CLOSED state
2019-09-06 01:41:25,612 [main] INFO  ozoneimpl.OzoneContainer (OzoneContainer.java:stop(215)) - Attempting to stop container services.
2019-09-06 01:41:25,613 [main] INFO  impl.RaftServerProxy (RaftServerProxy.java:lambda$close$4(314)) - af53648f-ad65-4ebd-a0ed-12c0c25e13ff: close
2019-09-06 01:41:25,614 [main] INFO  impl.RaftServerImpl (RaftServerImpl.java:lambda$shutdown$3(245)) - af53648f-ad65-4ebd-a0ed-12c0c25e13ff: shutdown group-8FCE33E96697
2019-09-06 01:41:25,614 [main] INFO  util.JmxRegister (JmxRegister.java:unregister(73)) - Successfully un-registered JMX Bean with object name Ratis:service=RaftServer,group=group-8FCE33E96697,id=af53648f-ad65-4ebd-a0ed-12c0c25e13ff
2019-09-06 01:41:25,614 [main] INFO  impl.RoleInfo (RoleInfo.java:shutdownFollowerState(121)) - af53648f-ad65-4ebd-a0ed-12c0c25e13ff: shutdown FollowerState
2019-09-06 01:41:25,615 [main] INFO  impl.StateMachineUpdater (StateMachineUpdater.java:stopAndJoin(115)) - StateMachineUpdater:af53648f-ad65-4ebd-a0ed-12c0c25e13ff:group-8FCE33E96697: set stopIndex = 15
2019-09-06 01:41:25,615 [Thread-3310] INFO  impl.FollowerState (FollowerState.java:run(114)) - af53648f-ad65-4ebd-a0ed-12c0c25e13ff: FollowerState was interrupted: java.lang.InterruptedException: sleep interrupted
2019-09-06 01:41:25,615 [StateMachineUpdater:af53648f-ad65-4ebd-a0ed-12c0c25e13ff:group-8FCE33E96697] INFO  ratis.ContainerStateMachine (ContainerStateMachine.java:takeSnapshot(284)) - group-8FCE33E96697: Taking a snapshot at:(t:1, i:13) file /workdir/hadoop-ozone/integration-test/target/test-dir/MiniOzoneClusterImpl-fa83d308-25e6-4772-bfe6-42db08352842/datanode-4/data/ratis/19dbd636-73b9-4f00-80d5-8fce33e96697/sm/snapshot.1_13
2019-09-06 01:41:25,644 [StateMachineUpdater:af53648f-ad65-4ebd-a0ed-12c0c25e13ff:group-8FCE33E96697] INFO  ratis.ContainerStateMachine (ContainerStateMachine.java:takeSnapshot(295)) - group-8FCE33E96697: Finished taking a snapshot at:(t:1, i:13) file:/workdir/hadoop-ozone/integration-test/target/test-dir/MiniOzoneClusterImpl-fa83d308-25e6-4772-bfe6-42db08352842/datanode-4/data/ratis/19dbd636-73b9-4f00-80d5-8fce33e96697/sm/snapshot.1_13 time:28
2019-09-06 01:41:25,644 [StateMachineUpdater:af53648f-ad65-4ebd-a0ed-12c0c25e13ff:group-8FCE33E96697] INFO  impl.StateMachineUpdater (StateMachineUpdater.java:takeSnapshot(242)) - StateMachineUpdater:af53648f-ad65-4ebd-a0ed-12c0c25e13ff:group-8FCE33E96697: Took a snapshot at index 13
2019-09-06 01:41:25,644 [StateMachineUpdater:af53648f-ad65-4ebd-a0ed-12c0c25e13ff:group-8FCE33E96697] INFO  impl.StateMachineUpdater (StateMachineUpdater.java:lambda$new$0(80)) - StateMachineUpdater:af53648f-ad65-4ebd-a0ed-12c0c25e13ff:group-8FCE33E96697: snapshotIndex: updateIncreasingly -1 -> 13
2019-09-06 01:41:25,645 [main] INFO  impl.RaftServerImpl (ServerState.java:close(394)) - af53648f-ad65-4ebd-a0ed-12c0c25e13ff:group-8FCE33E96697 closes. The last applied log index is 15
2019-09-06 01:41:25,646 [af53648f-ad65-4ebd-a0ed-12c0c25e13ff-SegmentedRaftLogWorker:Storage Directory /workdir/hadoop-ozone/integration-test/target/test-dir/MiniOzoneClusterImpl-fa83d308-25e6-4772-bfe6-42db08352842/datanode-4/data/ratis/19dbd636-73b9-4f00-80d5-8fce33e96697] INFO  segmented.SegmentedRaftLogWorker (SegmentedRaftLogWorker.java:run(313)) - af53648f-ad65-4ebd-a0ed-12c0c25e13ff-SegmentedRaftLogWorker:Storage Directory /workdir/hadoop-ozone/integration-test/target/test-dir/MiniOzoneClusterImpl-fa83d308-25e6-4772-bfe6-42db08352842/datanode-4/data/ratis/19dbd636-73b9-4f00-80d5-8fce33e96697 was interrupted, exiting. There are 0 tasks remaining in the queue.
2019-09-06 01:41:25,649 [main] INFO  segmented.SegmentedRaftLogWorker (SegmentedRaftLogWorker.java:close(228)) - af53648f-ad65-4ebd-a0ed-12c0c25e13ff-SegmentedRaftLogWorker:Storage Directory /workdir/hadoop-ozone/integration-test/target/test-dir/MiniOzoneClusterImpl-fa83d308-25e6-4772-bfe6-42db08352842/datanode-4/data/ratis/19dbd636-73b9-4f00-80d5-8fce33e96697 close()
2019-09-06 01:41:25,654 [main] INFO  impl.RaftServerImpl (RaftServerImpl.java:lambda$shutdown$3(245)) - af53648f-ad65-4ebd-a0ed-12c0c25e13ff: shutdown group-9E91A4D78B3B
2019-09-06 01:41:25,654 [main] INFO  util.JmxRegister (JmxRegister.java:unregister(73)) - Successfully un-registered JMX Bean with object name Ratis:service=RaftServer,group=group-9E91A4D78B3B,id=af53648f-ad65-4ebd-a0ed-12c0c25e13ff
2019-09-06 01:41:25,654 [main] INFO  impl.RoleInfo (RoleInfo.java:shutdownLeaderState(104)) - af53648f-ad65-4ebd-a0ed-12c0c25e13ff: shutdown LeaderState
2019-09-06 01:41:25,655 [main] INFO  impl.PendingRequests (PendingRequests.java:sendNotLeaderResponses(202)) - af53648f-ad65-4ebd-a0ed-12c0c25e13ff-PendingRequests: sendNotLeaderResponses
2019-09-06 01:41:25,655 [main] INFO  impl.StateMachineUpdater (StateMachineUpdater.java:stopAndJoin(115)) - StateMachineUpdater:af53648f-ad65-4ebd-a0ed-12c0c25e13ff:group-9E91A4D78B3B: set stopIndex = 0
2019-09-06 01:41:25,656 [main] INFO  impl.RaftServerImpl (ServerState.java:close(394)) - af53648f-ad65-4ebd-a0ed-12c0c25e13ff:group-9E91A4D78B3B closes. The last applied log index is 0
2019-09-06 01:41:25,656 [af53648f-ad65-4ebd-a0ed-12c0c25e13ff-SegmentedRaftLogWorker:Storage Directory /workdir/hadoop-ozone/integration-test/target/test-dir/MiniOzoneClusterImpl-fa83d308-25e6-4772-bfe6-42db08352842/datanode-4/data/ratis/dedf49fe-8da3-4ff4-b058-9e91a4d78b3b] INFO  segmented.SegmentedRaftLogWorker (SegmentedRaftLogWorker.java:run(313)) - af53648f-ad65-4ebd-a0ed-12c0c25e13ff-SegmentedRaftLogWorker:Storage Directory /workdir/hadoop-ozone/integration-test/target/test-dir/MiniOzoneClusterImpl-fa83d308-25e6-4772-bfe6-42db08352842/datanode-4/data/ratis/dedf49fe-8da3-4ff4-b058-9e91a4d78b3b was interrupted, exiting. There are 0 tasks remaining in the queue.
2019-09-06 01:41:25,658 [main] INFO  segmented.SegmentedRaftLogWorker (SegmentedRaftLogWorker.java:close(228)) - af53648f-ad65-4ebd-a0ed-12c0c25e13ff-SegmentedRaftLogWorker:Storage Directory /workdir/hadoop-ozone/integration-test/target/test-dir/MiniOzoneClusterImpl-fa83d308-25e6-4772-bfe6-42db08352842/datanode-4/data/ratis/dedf49fe-8da3-4ff4-b058-9e91a4d78b3b close()
2019-09-06 01:41:25,662 [main] INFO  server.GrpcService (GrpcService.java:closeImpl(155)) - af53648f-ad65-4ebd-a0ed-12c0c25e13ff: shutdown server with port 37144 now
2019-09-06 01:41:25,663 [grpc-default-executor-8] WARN  server.GrpcServerProtocolService (LogUtils.java:warn(134)) - af53648f-ad65-4ebd-a0ed-12c0c25e13ff: appendEntries onError: org.apache.ratis.thirdparty.io.grpc.StatusRuntimeException: CANCELLED: cancelled before receiving half close
2019-09-06 01:41:25,663 [main] INFO  server.GrpcService (GrpcService.java:closeImpl(163)) - af53648f-ad65-4ebd-a0ed-12c0c25e13ff: shutdown server with port 37144 successfully
2019-09-06 01:41:25,664 [grpc-default-executor-2] WARN  server.GrpcLogAppender (LogUtils.java:warn(134)) - bbace8e8-e1a9-42ee-9889-2c1141283f48->af53648f-ad65-4ebd-a0ed-12c0c25e13ff: Failed appendEntries: org.apache.ratis.thirdparty.io.grpc.StatusRuntimeException: CANCELLED: HTTP/2 error code: CANCEL
Received Rst Stream
2019-09-06 01:41:25,665 [grpc-default-executor-2] INFO  impl.FollowerInfo (FollowerInfo.java:lambda$new$0(50)) - bbace8e8-e1a9-42ee-9889-2c1141283f48->af53648f-ad65-4ebd-a0ed-12c0c25e13ff: nextIndex: updateUnconditionally 16 -> 15
2019-09-06 01:41:25,666 [refreshUsed-/workdir/hadoop-ozone/integration-test/target/test-dir/MiniOzoneClusterImpl-fa83d308-25e6-4772-bfe6-42db08352842/datanode-4/data/containers] WARN  fs.CachingGetSpaceUsed (CachingGetSpaceUsed.java:run(183)) - Thread Interrupted waiting to refresh disk information: sleep interrupted
2019-09-06 01:41:25,686 [main] INFO  utils.BackgroundService (BackgroundService.java:shutdown(148)) - Shutting down service BlockDeletingService
2019-09-06 01:41:25,692 [main] INFO  statemachine.DatanodeStateMachine (DatanodeStateMachine.java:stopDaemon(395)) - Ozone container server stopped.
2019-09-06 01:41:25,694 [main] INFO  handler.ContextHandler (ContextHandler.java:doStop(910)) - Stopped o.e.j.w.WebAppContext@36478bce{/,null,UNAVAILABLE}{/hddsDatanode}
2019-09-06 01:41:25,695 [main] INFO  server.AbstractConnector (AbstractConnector.java:doStop(318)) - Stopped ServerConnector@c48b543{HTTP/1.1,[http/1.1]}{0.0.0.0:0}
2019-09-06 01:41:25,695 [main] INFO  handler.ContextHandler (ContextHandler.java:doStop(910)) - Stopped o.e.j.s.ServletContextHandler@143fefaf{/static,jar:file:/home/user/.m2/repository/org/apache/hadoop/hadoop-hdds-container-service/0.5.0-SNAPSHOT/hadoop-hdds-container-service-0.5.0-SNAPSHOT.jar!/webapps/static,UNAVAILABLE}
2019-09-06 01:41:25,696 [main] INFO  handler.ContextHandler (ContextHandler.java:doStop(910)) - Stopped o.e.j.s.ServletContextHandler@28768e25{/logs,file:///workdir/hadoop-ozone/integration-test/target/log,UNAVAILABLE}
2019-09-06 01:41:25,704 [grpc-default-executor-8] WARN  server.GrpcLogAppender (LogUtils.java:warn(134)) - bbace8e8-e1a9-42ee-9889-2c1141283f48->af53648f-ad65-4ebd-a0ed-12c0c25e13ff: Failed appendEntries: org.apache.ratis.thirdparty.io.grpc.StatusRuntimeException: UNAVAILABLE: io exception
2019-09-06 01:41:25,704 [grpc-default-executor-8] INFO  impl.FollowerInfo (FollowerInfo.java:lambda$new$0(50)) - bbace8e8-e1a9-42ee-9889-2c1141283f48->af53648f-ad65-4ebd-a0ed-12c0c25e13ff: nextIndex: updateUnconditionally 16 -> 15
2019-09-06 01:41:25,706 [grpc-default-executor-5] WARN  server.GrpcLogAppender (LogUtils.java:warn(134)) - bbace8e8-e1a9-42ee-9889-2c1141283f48->af53648f-ad65-4ebd-a0ed-12c0c25e13ff: Failed appendEntries: org.apache.ratis.thirdparty.io.grpc.StatusRuntimeException: UNAVAILABLE: io exception
2019-09-06 01:41:25,706 [grpc-default-executor-5] INFO  impl.FollowerInfo (FollowerInfo.java:lambda$new$0(50)) - bbace8e8-e1a9-42ee-9889-2c1141283f48->af53648f-ad65-4ebd-a0ed-12c0c25e13ff: nextIndex: updateUnconditionally 16 -> 15
2019-09-06 01:41:25,712 [grpc-default-executor-7] WARN  server.GrpcLogAppender (LogUtils.java:warn(134)) - bbace8e8-e1a9-42ee-9889-2c1141283f48->af53648f-ad65-4ebd-a0ed-12c0c25e13ff: Failed appendEntries: org.apache.ratis.thirdparty.io.grpc.StatusRuntimeException: UNAVAILABLE: io exception
2019-09-06 01:41:25,713 [grpc-default-executor-7] INFO  impl.FollowerInfo (FollowerInfo.java:lambda$new$0(50)) - bbace8e8-e1a9-42ee-9889-2c1141283f48->af53648f-ad65-4ebd-a0ed-12c0c25e13ff: nextIndex: updateUnconditionally 16 -> 15
2019-09-06 01:41:25,713 [grpc-default-executor-7] INFO  client.GrpcClientProtocolClient (GrpcClientProtocolClient.java:onNext(255)) - client-F06A606426D6->bbace8e8-e1a9-42ee-9889-2c1141283f48: receive RaftClientReply:client-F06A606426D6->bbace8e8-e1a9-42ee-9889-2c1141283f48@group-8FCE33E96697, cid=172, SUCCESS, logIndex=16, commits[bbace8e8-e1a9-42ee-9889-2c1141283f48:c18, 4ba7b802-14f5-42b9-8dc4-3b2118cdd21d:c15, af53648f-ad65-4ebd-a0ed-12c0c25e13ff:c15]
2019-09-06 01:41:25,716 [grpc-default-executor-7] INFO  client.GrpcClientProtocolClient (GrpcClientProtocolClient.java:onNext(255)) - client-F06A606426D6->bbace8e8-e1a9-42ee-9889-2c1141283f48: receive RaftClientReply:client-F06A606426D6->bbace8e8-e1a9-42ee-9889-2c1141283f48@group-8FCE33E96697, cid=173, SUCCESS, logIndex=17, commits[bbace8e8-e1a9-42ee-9889-2c1141283f48:c20, 4ba7b802-14f5-42b9-8dc4-3b2118cdd21d:c15, af53648f-ad65-4ebd-a0ed-12c0c25e13ff:c15]
2019-09-06 01:41:25,716 [grpc-default-executor-7] INFO  client.GrpcClientProtocolClient (GrpcClientProtocolClient.java:onNext(255)) - client-F06A606426D6->bbace8e8-e1a9-42ee-9889-2c1141283f48: receive RaftClientReply:client-F06A606426D6->bbace8e8-e1a9-42ee-9889-2c1141283f48@group-8FCE33E96697, cid=174, SUCCESS, logIndex=18, commits[bbace8e8-e1a9-42ee-9889-2c1141283f48:c21, 4ba7b802-14f5-42b9-8dc4-3b2118cdd21d:c15, af53648f-ad65-4ebd-a0ed-12c0c25e13ff:c15]
2019-09-06 01:41:25,717 [grpc-default-executor-7] INFO  client.GrpcClientProtocolClient (GrpcClientProtocolClient.java:onNext(255)) - client-F06A606426D6->bbace8e8-e1a9-42ee-9889-2c1141283f48: receive RaftClientReply:client-F06A606426D6->bbace8e8-e1a9-42ee-9889-2c1141283f48@group-8FCE33E96697, cid=175, SUCCESS, logIndex=19, commits[bbace8e8-e1a9-42ee-9889-2c1141283f48:c21, 4ba7b802-14f5-42b9-8dc4-3b2118cdd21d:c15, af53648f-ad65-4ebd-a0ed-12c0c25e13ff:c15]
2019-09-06 01:41:25,727 [grpc-default-executor-7] INFO  client.GrpcClientProtocolClient (GrpcClientProtocolClient.java:onNext(255)) - client-F06A606426D6->bbace8e8-e1a9-42ee-9889-2c1141283f48: receive RaftClientReply:client-F06A606426D6->bbace8e8-e1a9-42ee-9889-2c1141283f48@group-8FCE33E96697, cid=176, SUCCESS, logIndex=20, commits[bbace8e8-e1a9-42ee-9889-2c1141283f48:c21, 4ba7b802-14f5-42b9-8dc4-3b2118cdd21d:c15, af53648f-ad65-4ebd-a0ed-12c0c25e13ff:c15]
2019-09-06 01:41:25,728 [grpc-default-executor-7] INFO  client.GrpcClientProtocolClient (GrpcClientProtocolClient.java:onNext(255)) - client-F06A606426D6->bbace8e8-e1a9-42ee-9889-2c1141283f48: receive RaftClientReply:client-F06A606426D6->bbace8e8-e1a9-42ee-9889-2c1141283f48@group-8FCE33E96697, cid=177, SUCCESS, logIndex=21, commits[bbace8e8-e1a9-42ee-9889-2c1141283f48:c21, 4ba7b802-14f5-42b9-8dc4-3b2118cdd21d:c15, af53648f-ad65-4ebd-a0ed-12c0c25e13ff:c15]
2019-09-06 01:41:25,729 [grpc-default-executor-8] WARN  server.GrpcLogAppender (LogUtils.java:warn(134)) - bbace8e8-e1a9-42ee-9889-2c1141283f48->af53648f-ad65-4ebd-a0ed-12c0c25e13ff: Failed appendEntries: org.apache.ratis.thirdparty.io.grpc.StatusRuntimeException: UNAVAILABLE: io exception
2019-09-06 01:41:25,730 [grpc-default-executor-8] INFO  impl.FollowerInfo (FollowerInfo.java:lambda$new$0(50)) - bbace8e8-e1a9-42ee-9889-2c1141283f48->af53648f-ad65-4ebd-a0ed-12c0c25e13ff: nextIndex: updateUnconditionally 16 -> 15
2019-09-06 01:41:25,746 [grpc-default-executor-8] WARN  server.GrpcLogAppender (LogUtils.java:warn(134)) - bbace8e8-e1a9-42ee-9889-2c1141283f48->af53648f-ad65-4ebd-a0ed-12c0c25e13ff: Failed appendEntries: org.apache.ratis.thirdparty.io.grpc.StatusRuntimeException: UNAVAILABLE: io exception
2019-09-06 01:41:25,747 [grpc-default-executor-8] INFO  impl.FollowerInfo (FollowerInfo.java:lambda$new$0(50)) - bbace8e8-e1a9-42ee-9889-2c1141283f48->af53648f-ad65-4ebd-a0ed-12c0c25e13ff: nextIndex: updateUnconditionally 16 -> 15
2019-09-06 01:41:26,729 [main] WARN  scm.XceiverClientRatis (XceiverClientRatis.java:watchForCommit(262)) - 3 way commit failed on pipeline Pipeline[ Id: 19dbd636-73b9-4f00-80d5-8fce33e96697, Nodes: af53648f-ad65-4ebd-a0ed-12c0c25e13ff{ip: 192.168.5.177, host: pr-hdds-2015-4zh84-2711163145, networkLocation: /default-rack, certSerialId: null}bbace8e8-e1a9-42ee-9889-2c1141283f48{ip: 192.168.5.177, host: pr-hdds-2015-4zh84-2711163145, networkLocation: /default-rack, certSerialId: null}4ba7b802-14f5-42b9-8dc4-3b2118cdd21d{ip: 192.168.5.177, host: pr-hdds-2015-4zh84-2711163145, networkLocation: /default-rack, certSerialId: null}, Type:RATIS, Factor:THREE, State:OPEN]
java.util.concurrent.TimeoutException
	at java.util.concurrent.CompletableFuture.timedGet(CompletableFuture.java:1771)
	at java.util.concurrent.CompletableFuture.get(CompletableFuture.java:1915)
	at org.apache.hadoop.hdds.scm.XceiverClientRatis.watchForCommit(XceiverClientRatis.java:259)
	at org.apache.hadoop.hdds.scm.storage.CommitWatcher.watchForCommit(CommitWatcher.java:194)
	at org.apache.hadoop.hdds.scm.storage.CommitWatcher.watchOnLastIndex(CommitWatcher.java:157)
	at org.apache.hadoop.hdds.scm.storage.BlockOutputStream.watchForCommit(BlockOutputStream.java:347)
	at org.apache.hadoop.hdds.scm.storage.BlockOutputStream.handleFlush(BlockOutputStream.java:479)
	at org.apache.hadoop.hdds.scm.storage.BlockOutputStream.close(BlockOutputStream.java:493)
	at org.apache.hadoop.ozone.client.io.BlockOutputStreamEntry.close(BlockOutputStreamEntry.java:143)
	at org.apache.hadoop.ozone.client.io.KeyOutputStream.handleFlushOrClose(KeyOutputStream.java:438)
	at org.apache.hadoop.ozone.client.io.KeyOutputStream.handleWrite(KeyOutputStream.java:235)
	at org.apache.hadoop.ozone.client.io.KeyOutputStream.write(KeyOutputStream.java:193)
	at org.apache.hadoop.ozone.client.io.OzoneOutputStream.write(OzoneOutputStream.java:49)
	at java.io.OutputStream.write(OutputStream.java:75)
	at org.apache.hadoop.ozone.client.rpc.TestBlockOutputStreamWithFailures.testWatchForCommitDatanodeFailure(TestBlockOutputStreamWithFailures.java:363)
	at sun.reflect.NativeMethodAccessorImpl.invoke0(Native Method)
	at sun.reflect.NativeMethodAccessorImpl.invoke(NativeMethodAccessorImpl.java:62)
	at sun.reflect.DelegatingMethodAccessorImpl.invoke(DelegatingMethodAccessorImpl.java:43)
	at java.lang.reflect.Method.invoke(Method.java:498)
	at org.junit.runners.model.FrameworkMethod$1.runReflectiveCall(FrameworkMethod.java:47)
	at org.junit.internal.runners.model.ReflectiveCallable.run(ReflectiveCallable.java:12)
	at org.junit.runners.model.FrameworkMethod.invokeExplosively(FrameworkMethod.java:44)
	at org.junit.internal.runners.statements.InvokeMethod.evaluate(InvokeMethod.java:17)
	at org.junit.internal.runners.statements.RunBefores.evaluate(RunBefores.java:26)
	at org.junit.internal.runners.statements.RunAfters.evaluate(RunAfters.java:27)
	at org.junit.runners.ParentRunner.runLeaf(ParentRunner.java:271)
	at org.junit.runners.BlockJUnit4ClassRunner.runChild(BlockJUnit4ClassRunner.java:70)
	at org.junit.runners.BlockJUnit4ClassRunner.runChild(BlockJUnit4ClassRunner.java:50)
	at org.junit.runners.ParentRunner$3.run(ParentRunner.java:238)
	at org.junit.runners.ParentRunner$1.schedule(ParentRunner.java:63)
	at org.junit.runners.ParentRunner.runChildren(ParentRunner.java:236)
	at org.junit.runners.ParentRunner.access$000(ParentRunner.java:53)
	at org.junit.runners.ParentRunner$2.evaluate(ParentRunner.java:229)
	at org.junit.runners.ParentRunner.run(ParentRunner.java:309)
	at org.apache.maven.surefire.junit4.JUnit4Provider.execute(JUnit4Provider.java:365)
	at org.apache.maven.surefire.junit4.JUnit4Provider.executeWithRerun(JUnit4Provider.java:273)
	at org.apache.maven.surefire.junit4.JUnit4Provider.executeTestSet(JUnit4Provider.java:238)
	at org.apache.maven.surefire.junit4.JUnit4Provider.invoke(JUnit4Provider.java:159)
	at org.apache.maven.surefire.booter.ForkedBooter.invokeProviderInSameClassLoader(ForkedBooter.java:384)
	at org.apache.maven.surefire.booter.ForkedBooter.runSuitesInProcess(ForkedBooter.java:345)
	at org.apache.maven.surefire.booter.ForkedBooter.execute(ForkedBooter.java:126)
	at org.apache.maven.surefire.booter.ForkedBooter.main(ForkedBooter.java:418)
2019-09-06 01:41:26,732 [grpc-default-executor-8] INFO  client.GrpcClientProtocolClient (GrpcClientProtocolClient.java:onNext(255)) - client-F06A606426D6->bbace8e8-e1a9-42ee-9889-2c1141283f48: receive RaftClientReply:client-F06A606426D6->bbace8e8-e1a9-42ee-9889-2c1141283f48@group-8FCE33E96697, cid=179, SUCCESS, logIndex=0, commits[bbace8e8-e1a9-42ee-9889-2c1141283f48:c26, 4ba7b802-14f5-42b9-8dc4-3b2118cdd21d:c21, af53648f-ad65-4ebd-a0ed-12c0c25e13ff:c15]
2019-09-06 01:41:26,735 [main] INFO  scm.XceiverClientRatis (XceiverClientRatis.java:lambda$watchForCommit$7(280)) - Could not commit index 21 on pipeline Pipeline[ Id: 19dbd636-73b9-4f00-80d5-8fce33e96697, Nodes: af53648f-ad65-4ebd-a0ed-12c0c25e13ff{ip: 192.168.5.177, host: pr-hdds-2015-4zh84-2711163145, networkLocation: /default-rack, certSerialId: null}bbace8e8-e1a9-42ee-9889-2c1141283f48{ip: 192.168.5.177, host: pr-hdds-2015-4zh84-2711163145, networkLocation: /default-rack, certSerialId: null}4ba7b802-14f5-42b9-8dc4-3b2118cdd21d{ip: 192.168.5.177, host: pr-hdds-2015-4zh84-2711163145, networkLocation: /default-rack, certSerialId: null}, Type:RATIS, Factor:THREE, State:OPEN] to all the nodes. Server af53648f-ad65-4ebd-a0ed-12c0c25e13ff has failed. Committed by majority.
2019-09-06 01:41:26,736 [main] WARN  storage.BlockOutputStream (BlockOutputStream.java:watchForCommit(353)) - Failed to commit BlockId conID: 1 locID: 102743020265275406 bcsId: 21 on Pipeline[ Id: 19dbd636-73b9-4f00-80d5-8fce33e96697, Nodes: af53648f-ad65-4ebd-a0ed-12c0c25e13ff{ip: 192.168.5.177, host: pr-hdds-2015-4zh84-2711163145, networkLocation: /default-rack, certSerialId: null}bbace8e8-e1a9-42ee-9889-2c1141283f48{ip: 192.168.5.177, host: pr-hdds-2015-4zh84-2711163145, networkLocation: /default-rack, certSerialId: null}4ba7b802-14f5-42b9-8dc4-3b2118cdd21d{ip: 192.168.5.177, host: pr-hdds-2015-4zh84-2711163145, networkLocation: /default-rack, certSerialId: null}, Type:RATIS, Factor:THREE, State:OPEN]. Failed nodes: [af53648f-ad65-4ebd-a0ed-12c0c25e13ff{ip: null, host: null, networkLocation: /default-rack, certSerialId: null}]
2019-09-06 01:41:26,769 [grpc-default-executor-8] INFO  client.GrpcClientProtocolClient (GrpcClientProtocolClient.java:onNext(255)) - client-D233185A17F8->ee89e297-a801-48e6-912d-41102d8ca779: receive RaftClientReply:client-D233185A17F8->ee89e297-a801-48e6-912d-41102d8ca779@group-D615FF25B2D2, cid=180, FAILED org.apache.ratis.protocol.NotLeaderException: Server ee89e297-a801-48e6-912d-41102d8ca779 is not the leader (1f2e57d7-1cd2-4b96-9676-7904a5c1d338:192.168.5.177:42384). Request must be sent to leader., logIndex=0, commits[ee89e297-a801-48e6-912d-41102d8ca779:c0, f6e8ff06-084b-46ba-beae-927f7c0622d9:c0, 1f2e57d7-1cd2-4b96-9676-7904a5c1d338:c0]
2019-09-06 01:41:26,935 [grpc-default-executor-8] INFO  client.GrpcClientProtocolClient (GrpcClientProtocolClient.java:onNext(255)) - client-D233185A17F8->1f2e57d7-1cd2-4b96-9676-7904a5c1d338: receive RaftClientReply:client-D233185A17F8->1f2e57d7-1cd2-4b96-9676-7904a5c1d338@group-D615FF25B2D2, cid=180, SUCCESS, logIndex=1, commits[1f2e57d7-1cd2-4b96-9676-7904a5c1d338:c1, f6e8ff06-084b-46ba-beae-927f7c0622d9:c0, ee89e297-a801-48e6-912d-41102d8ca779:c0]
2019-09-06 01:41:27,074 [grpc-default-executor-2] INFO  client.GrpcClientProtocolClient (GrpcClientProtocolClient.java:onNext(255)) - client-D233185A17F8->1f2e57d7-1cd2-4b96-9676-7904a5c1d338: receive RaftClientReply:client-D233185A17F8->1f2e57d7-1cd2-4b96-9676-7904a5c1d338@group-D615FF25B2D2, cid=181, SUCCESS, logIndex=3, commits[1f2e57d7-1cd2-4b96-9676-7904a5c1d338:c4, f6e8ff06-084b-46ba-beae-927f7c0622d9:c2, ee89e297-a801-48e6-912d-41102d8ca779:c2]
2019-09-06 01:41:28,075 [main] WARN  scm.XceiverClientRatis (XceiverClientRatis.java:watchForCommit(262)) - 3 way commit failed on pipeline Pipeline[ Id: c9cb5bd3-5052-4ddf-b85d-d615ff25b2d2, Nodes: ee89e297-a801-48e6-912d-41102d8ca779{ip: 192.168.5.177, host: pr-hdds-2015-4zh84-2711163145, networkLocation: /default-rack, certSerialId: null}f6e8ff06-084b-46ba-beae-927f7c0622d9{ip: 192.168.5.177, host: pr-hdds-2015-4zh84-2711163145, networkLocation: /default-rack, certSerialId: null}1f2e57d7-1cd2-4b96-9676-7904a5c1d338{ip: 192.168.5.177, host: pr-hdds-2015-4zh84-2711163145, networkLocation: /default-rack, certSerialId: null}, Type:RATIS, Factor:THREE, State:OPEN]
java.util.concurrent.TimeoutException
	at java.util.concurrent.CompletableFuture.timedGet(CompletableFuture.java:1771)
	at java.util.concurrent.CompletableFuture.get(CompletableFuture.java:1915)
	at org.apache.hadoop.hdds.scm.XceiverClientRatis.watchForCommit(XceiverClientRatis.java:259)
	at org.apache.hadoop.hdds.scm.storage.CommitWatcher.watchForCommit(CommitWatcher.java:194)
	at org.apache.hadoop.hdds.scm.storage.CommitWatcher.watchOnLastIndex(CommitWatcher.java:157)
	at org.apache.hadoop.hdds.scm.storage.BlockOutputStream.watchForCommit(BlockOutputStream.java:347)
	at org.apache.hadoop.hdds.scm.storage.BlockOutputStream.handleFlush(BlockOutputStream.java:479)
	at org.apache.hadoop.hdds.scm.storage.BlockOutputStream.flush(BlockOutputStream.java:428)
	at org.apache.hadoop.ozone.client.io.BlockOutputStreamEntry.flush(BlockOutputStreamEntry.java:136)
	at org.apache.hadoop.ozone.client.io.KeyOutputStream.handleFlushOrClose(KeyOutputStream.java:442)
	at org.apache.hadoop.ozone.client.io.KeyOutputStream.flush(KeyOutputStream.java:396)
	at org.apache.hadoop.ozone.client.io.OzoneOutputStream.flush(OzoneOutputStream.java:54)
	at org.apache.hadoop.ozone.client.rpc.TestBlockOutputStreamWithFailures.testWatchForCommitDatanodeFailure(TestBlockOutputStreamWithFailures.java:365)
	at sun.reflect.NativeMethodAccessorImpl.invoke0(Native Method)
	at sun.reflect.NativeMethodAccessorImpl.invoke(NativeMethodAccessorImpl.java:62)
	at sun.reflect.DelegatingMethodAccessorImpl.invoke(DelegatingMethodAccessorImpl.java:43)
	at java.lang.reflect.Method.invoke(Method.java:498)
	at org.junit.runners.model.FrameworkMethod$1.runReflectiveCall(FrameworkMethod.java:47)
	at org.junit.internal.runners.model.ReflectiveCallable.run(ReflectiveCallable.java:12)
	at org.junit.runners.model.FrameworkMethod.invokeExplosively(FrameworkMethod.java:44)
	at org.junit.internal.runners.statements.InvokeMethod.evaluate(InvokeMethod.java:17)
	at org.junit.internal.runners.statements.RunBefores.evaluate(RunBefores.java:26)
	at org.junit.internal.runners.statements.RunAfters.evaluate(RunAfters.java:27)
	at org.junit.runners.ParentRunner.runLeaf(ParentRunner.java:271)
	at org.junit.runners.BlockJUnit4ClassRunner.runChild(BlockJUnit4ClassRunner.java:70)
	at org.junit.runners.BlockJUnit4ClassRunner.runChild(BlockJUnit4ClassRunner.java:50)
	at org.junit.runners.ParentRunner$3.run(ParentRunner.java:238)
	at org.junit.runners.ParentRunner$1.schedule(ParentRunner.java:63)
	at org.junit.runners.ParentRunner.runChildren(ParentRunner.java:236)
	at org.junit.runners.ParentRunner.access$000(ParentRunner.java:53)
	at org.junit.runners.ParentRunner$2.evaluate(ParentRunner.java:229)
	at org.junit.runners.ParentRunner.run(ParentRunner.java:309)
	at org.apache.maven.surefire.junit4.JUnit4Provider.execute(JUnit4Provider.java:365)
	at org.apache.maven.surefire.junit4.JUnit4Provider.executeWithRerun(JUnit4Provider.java:273)
	at org.apache.maven.surefire.junit4.JUnit4Provider.executeTestSet(JUnit4Provider.java:238)
	at org.apache.maven.surefire.junit4.JUnit4Provider.invoke(JUnit4Provider.java:159)
	at org.apache.maven.surefire.booter.ForkedBooter.invokeProviderInSameClassLoader(ForkedBooter.java:384)
	at org.apache.maven.surefire.booter.ForkedBooter.runSuitesInProcess(ForkedBooter.java:345)
	at org.apache.maven.surefire.booter.ForkedBooter.execute(ForkedBooter.java:126)
	at org.apache.maven.surefire.booter.ForkedBooter.main(ForkedBooter.java:418)
2019-09-06 01:41:28,247 [grpc-default-executor-2] WARN  server.GrpcLogAppender (LogUtils.java:warn(134)) - bbace8e8-e1a9-42ee-9889-2c1141283f48->af53648f-ad65-4ebd-a0ed-12c0c25e13ff: Failed appendEntries: org.apache.ratis.thirdparty.io.grpc.StatusRuntimeException: UNAVAILABLE: io exception
2019-09-06 01:41:28,247 [grpc-default-executor-2] INFO  impl.FollowerInfo (FollowerInfo.java:lambda$new$0(50)) - bbace8e8-e1a9-42ee-9889-2c1141283f48->af53648f-ad65-4ebd-a0ed-12c0c25e13ff: nextIndex: updateUnconditionally 15 -> 14
2019-09-06 01:41:28,284 [grpc-default-executor-7] WARN  server.GrpcLogAppender (LogUtils.java:warn(134)) - bbace8e8-e1a9-42ee-9889-2c1141283f48->af53648f-ad65-4ebd-a0ed-12c0c25e13ff: Failed appendEntries: org.apache.ratis.thirdparty.io.grpc.StatusRuntimeException: UNAVAILABLE: io exception
2019-09-06 01:41:28,285 [grpc-default-executor-7] INFO  impl.FollowerInfo (FollowerInfo.java:lambda$new$0(50)) - bbace8e8-e1a9-42ee-9889-2c1141283f48->af53648f-ad65-4ebd-a0ed-12c0c25e13ff: nextIndex: updateUnconditionally 15 -> 14
2019-09-06 01:41:28,362 [grpc-default-executor-2] WARN  server.GrpcLogAppender (LogUtils.java:warn(134)) - bbace8e8-e1a9-42ee-9889-2c1141283f48->af53648f-ad65-4ebd-a0ed-12c0c25e13ff: Failed appendEntries: org.apache.ratis.thirdparty.io.grpc.StatusRuntimeException: UNAVAILABLE: io exception
2019-09-06 01:41:28,362 [grpc-default-executor-2] INFO  impl.FollowerInfo (FollowerInfo.java:lambda$new$0(50)) - bbace8e8-e1a9-42ee-9889-2c1141283f48->af53648f-ad65-4ebd-a0ed-12c0c25e13ff: nextIndex: updateUnconditionally 15 -> 14
2019-09-06 01:41:28,517 [grpc-default-executor-2] WARN  server.GrpcLogAppender (LogUtils.java:warn(134)) - bbace8e8-e1a9-42ee-9889-2c1141283f48->af53648f-ad65-4ebd-a0ed-12c0c25e13ff: Failed appendEntries: org.apache.ratis.thirdparty.io.grpc.StatusRuntimeException: UNAVAILABLE: io exception
2019-09-06 01:41:28,518 [grpc-default-executor-2] INFO  impl.FollowerInfo (FollowerInfo.java:lambda$new$0(50)) - bbace8e8-e1a9-42ee-9889-2c1141283f48->af53648f-ad65-4ebd-a0ed-12c0c25e13ff: nextIndex: updateUnconditionally 15 -> 14
2019-09-06 01:41:28,530 [RatisApplyTransactionExecutor 1] INFO  interfaces.Container (KeyValueContainer.java:flushAndSyncDB(382)) - Container 1 is synced with bcsId 21.
2019-09-06 01:41:28,530 [RatisApplyTransactionExecutor 1] INFO  interfaces.Container (KeyValueContainer.java:flushAndSyncDB(382)) - Container 1 is synced with bcsId 21.
2019-09-06 01:41:28,530 [RatisApplyTransactionExecutor 1] INFO  interfaces.Container (KeyValueContainer.java:flushAndSyncDB(382)) - Container 1 is synced with bcsId 21.
2019-09-06 01:41:28,530 [RatisApplyTransactionExecutor 1] INFO  interfaces.Container (KeyValueContainer.java:flushAndSyncDB(382)) - Container 1 is synced with bcsId 21.
2019-09-06 01:41:28,570 [EventQueue-IncrementalContainerReportForIncrementalContainerReportHandler] INFO  container.IncrementalContainerReportHandler (AbstractContainerReportHandler.java:updateContainerState(176)) - Moving container #1 to CLOSED state, datanode bbace8e8-e1a9-42ee-9889-2c1141283f48{ip: 192.168.5.177, host: pr-hdds-2015-4zh84-2711163145, networkLocation: /default-rack, certSerialId: null} reported CLOSED replica.
2019-09-06 01:41:29,079 [main] WARN  storage.CommitWatcher (CommitWatcher.java:watchForCommit(203)) - watchForCommit failed for index 3
java.util.concurrent.TimeoutException
	at java.util.concurrent.CompletableFuture.timedGet(CompletableFuture.java:1771)
	at java.util.concurrent.CompletableFuture.get(CompletableFuture.java:1915)
	at org.apache.hadoop.hdds.scm.XceiverClientRatis.watchForCommit(XceiverClientRatis.java:268)
	at org.apache.hadoop.hdds.scm.storage.CommitWatcher.watchForCommit(CommitWatcher.java:194)
	at org.apache.hadoop.hdds.scm.storage.CommitWatcher.watchOnLastIndex(CommitWatcher.java:157)
	at org.apache.hadoop.hdds.scm.storage.BlockOutputStream.watchForCommit(BlockOutputStream.java:347)
	at org.apache.hadoop.hdds.scm.storage.BlockOutputStream.handleFlush(BlockOutputStream.java:479)
	at org.apache.hadoop.hdds.scm.storage.BlockOutputStream.flush(BlockOutputStream.java:428)
	at org.apache.hadoop.ozone.client.io.BlockOutputStreamEntry.flush(BlockOutputStreamEntry.java:136)
	at org.apache.hadoop.ozone.client.io.KeyOutputStream.handleFlushOrClose(KeyOutputStream.java:442)
	at org.apache.hadoop.ozone.client.io.KeyOutputStream.flush(KeyOutputStream.java:396)
	at org.apache.hadoop.ozone.client.io.OzoneOutputStream.flush(OzoneOutputStream.java:54)
	at org.apache.hadoop.ozone.client.rpc.TestBlockOutputStreamWithFailures.testWatchForCommitDatanodeFailure(TestBlockOutputStreamWithFailures.java:365)
	at sun.reflect.NativeMethodAccessorImpl.invoke0(Native Method)
	at sun.reflect.NativeMethodAccessorImpl.invoke(NativeMethodAccessorImpl.java:62)
	at sun.reflect.DelegatingMethodAccessorImpl.invoke(DelegatingMethodAccessorImpl.java:43)
	at java.lang.reflect.Method.invoke(Method.java:498)
	at org.junit.runners.model.FrameworkMethod$1.runReflectiveCall(FrameworkMethod.java:47)
	at org.junit.internal.runners.model.ReflectiveCallable.run(ReflectiveCallable.java:12)
	at org.junit.runners.model.FrameworkMethod.invokeExplosively(FrameworkMethod.java:44)
	at org.junit.internal.runners.statements.InvokeMethod.evaluate(InvokeMethod.java:17)
	at org.junit.internal.runners.statements.RunBefores.evaluate(RunBefores.java:26)
	at org.junit.internal.runners.statements.RunAfters.evaluate(RunAfters.java:27)
	at org.junit.runners.ParentRunner.runLeaf(ParentRunner.java:271)
	at org.junit.runners.BlockJUnit4ClassRunner.runChild(BlockJUnit4ClassRunner.java:70)
	at org.junit.runners.BlockJUnit4ClassRunner.runChild(BlockJUnit4ClassRunner.java:50)
	at org.junit.runners.ParentRunner$3.run(ParentRunner.java:238)
	at org.junit.runners.ParentRunner$1.schedule(ParentRunner.java:63)
	at org.junit.runners.ParentRunner.runChildren(ParentRunner.java:236)
	at org.junit.runners.ParentRunner.access$000(ParentRunner.java:53)
	at org.junit.runners.ParentRunner$2.evaluate(ParentRunner.java:229)
	at org.junit.runners.ParentRunner.run(ParentRunner.java:309)
	at org.apache.maven.surefire.junit4.JUnit4Provider.execute(JUnit4Provider.java:365)
	at org.apache.maven.surefire.junit4.JUnit4Provider.executeWithRerun(JUnit4Provider.java:273)
	at org.apache.maven.surefire.junit4.JUnit4Provider.executeTestSet(JUnit4Provider.java:238)
	at org.apache.maven.surefire.junit4.JUnit4Provider.invoke(JUnit4Provider.java:159)
	at org.apache.maven.surefire.booter.ForkedBooter.invokeProviderInSameClassLoader(ForkedBooter.java:384)
	at org.apache.maven.surefire.booter.ForkedBooter.runSuitesInProcess(ForkedBooter.java:345)
	at org.apache.maven.surefire.booter.ForkedBooter.execute(ForkedBooter.java:126)
	at org.apache.maven.surefire.booter.ForkedBooter.main(ForkedBooter.java:418)
2019-09-06 01:41:29,080 [main] WARN  io.KeyOutputStream (KeyOutputStream.java:handleException(276)) - Encountered exception java.io.IOException: Unexpected Storage Container Exception: java.io.IOException: Unexpected Storage Container Exception: java.util.concurrent.TimeoutException on the pipeline Pipeline[ Id: c9cb5bd3-5052-4ddf-b85d-d615ff25b2d2, Nodes: ee89e297-a801-48e6-912d-41102d8ca779{ip: 192.168.5.177, host: pr-hdds-2015-4zh84-2711163145, networkLocation: /default-rack, certSerialId: null}f6e8ff06-084b-46ba-beae-927f7c0622d9{ip: 192.168.5.177, host: pr-hdds-2015-4zh84-2711163145, networkLocation: /default-rack, certSerialId: null}1f2e57d7-1cd2-4b96-9676-7904a5c1d338{ip: 192.168.5.177, host: pr-hdds-2015-4zh84-2711163145, networkLocation: /default-rack, certSerialId: null}, Type:RATIS, Factor:THREE, State:OPEN]. The last committed block length is 0, uncommitted data length is 100 retry count 0
2019-09-06 01:41:29,094 [grpc-default-executor-2] INFO  impl.RaftServerProxy (RaftServerProxy.java:addNew(89)) - edc09431-f278-40d3-af03-90e48e877b17: addNew group-6332370B3E76:[4ba7b802-14f5-42b9-8dc4-3b2118cdd21d:192.168.5.177:42721, bbace8e8-e1a9-42ee-9889-2c1141283f48:192.168.5.177:39551, edc09431-f278-40d3-af03-90e48e877b17:192.168.5.177:37126] returns group-6332370B3E76:java.util.concurrent.CompletableFuture@53af2c77[Not completed]
2019-09-06 01:41:29,094 [grpc-default-executor-8] INFO  impl.RaftServerProxy (RaftServerProxy.java:addNew(89)) - 4ba7b802-14f5-42b9-8dc4-3b2118cdd21d: addNew group-6332370B3E76:[4ba7b802-14f5-42b9-8dc4-3b2118cdd21d:192.168.5.177:42721, bbace8e8-e1a9-42ee-9889-2c1141283f48:192.168.5.177:39551, edc09431-f278-40d3-af03-90e48e877b17:192.168.5.177:37126] returns group-6332370B3E76:java.util.concurrent.CompletableFuture@1dc7dd62[Not completed]
2019-09-06 01:41:29,094 [grpc-default-executor-7] INFO  impl.RaftServerProxy (RaftServerProxy.java:addNew(89)) - bbace8e8-e1a9-42ee-9889-2c1141283f48: addNew group-6332370B3E76:[4ba7b802-14f5-42b9-8dc4-3b2118cdd21d:192.168.5.177:42721, bbace8e8-e1a9-42ee-9889-2c1141283f48:192.168.5.177:39551, edc09431-f278-40d3-af03-90e48e877b17:192.168.5.177:37126] returns group-6332370B3E76:java.util.concurrent.CompletableFuture@50fc0d46[Not completed]
2019-09-06 01:41:29,095 [pool-419-thread-1] INFO  impl.RaftServerImpl (RaftServerImpl.java:<init>(93)) - bbace8e8-e1a9-42ee-9889-2c1141283f48: new RaftServerImpl for group-6332370B3E76:[4ba7b802-14f5-42b9-8dc4-3b2118cdd21d:192.168.5.177:42721, bbace8e8-e1a9-42ee-9889-2c1141283f48:192.168.5.177:39551, edc09431-f278-40d3-af03-90e48e877b17:192.168.5.177:37126] with ContainerStateMachine:uninitialized
2019-09-06 01:41:29,095 [pool-419-thread-1] INFO  server.RaftServerConfigKeys (ConfUtils.java:logGet(43)) - raft.server.rpc.timeout.min = 5s (custom)
2019-09-06 01:41:29,095 [pool-419-thread-1] INFO  server.RaftServerConfigKeys (ConfUtils.java:logGet(43)) - raft.server.rpc.timeout.max = 5200ms (custom)
2019-09-06 01:41:29,096 [pool-419-thread-1] INFO  server.RaftServerConfigKeys (ConfUtils.java:logGet(43)) - raft.server.rpcslowness.timeout = 120s (custom)
2019-09-06 01:41:29,096 [pool-429-thread-1] INFO  impl.RaftServerImpl (RaftServerImpl.java:<init>(93)) - edc09431-f278-40d3-af03-90e48e877b17: new RaftServerImpl for group-6332370B3E76:[4ba7b802-14f5-42b9-8dc4-3b2118cdd21d:192.168.5.177:42721, bbace8e8-e1a9-42ee-9889-2c1141283f48:192.168.5.177:39551, edc09431-f278-40d3-af03-90e48e877b17:192.168.5.177:37126] with ContainerStateMachine:uninitialized
2019-09-06 01:41:29,096 [pool-419-thread-1] INFO  server.RaftServerConfigKeys (ConfUtils.java:logGet(43)) - raft.server.sleep.deviation.threshold = 300 (default)
2019-09-06 01:41:29,096 [pool-429-thread-1] INFO  server.RaftServerConfigKeys (ConfUtils.java:logGet(43)) - raft.server.rpc.timeout.min = 5s (custom)
2019-09-06 01:41:29,096 [pool-419-thread-1] INFO  server.RaftServerConfigKeys (ConfUtils.java:logGet(43)) - raft.server.log.appender.install.snapshot.enabled = false (custom)
2019-09-06 01:41:29,096 [pool-429-thread-1] INFO  server.RaftServerConfigKeys (ConfUtils.java:logGet(43)) - raft.server.rpc.timeout.max = 5200ms (custom)
2019-09-06 01:41:29,096 [pool-419-thread-1] INFO  impl.RaftServerImpl (ServerState.java:<init>(105)) - bbace8e8-e1a9-42ee-9889-2c1141283f48:group-6332370B3E76 ConfigurationManager, init=-1: [4ba7b802-14f5-42b9-8dc4-3b2118cdd21d:192.168.5.177:42721, bbace8e8-e1a9-42ee-9889-2c1141283f48:192.168.5.177:39551, edc09431-f278-40d3-af03-90e48e877b17:192.168.5.177:37126], old=null, confs=<EMPTY_MAP>
2019-09-06 01:41:29,096 [pool-459-thread-1] INFO  impl.RaftServerImpl (RaftServerImpl.java:<init>(93)) - 4ba7b802-14f5-42b9-8dc4-3b2118cdd21d: new RaftServerImpl for group-6332370B3E76:[4ba7b802-14f5-42b9-8dc4-3b2118cdd21d:192.168.5.177:42721, bbace8e8-e1a9-42ee-9889-2c1141283f48:192.168.5.177:39551, edc09431-f278-40d3-af03-90e48e877b17:192.168.5.177:37126] with ContainerStateMachine:uninitialized
2019-09-06 01:41:29,096 [pool-419-thread-1] INFO  server.RaftServerConfigKeys (ConfUtils.java:logGet(43)) - raft.server.storage.dir = [/workdir/hadoop-ozone/integration-test/target/test-dir/MiniOzoneClusterImpl-fa83d308-25e6-4772-bfe6-42db08352842/datanode-1/data/ratis] (custom)
2019-09-06 01:41:29,096 [pool-429-thread-1] INFO  server.RaftServerConfigKeys (ConfUtils.java:logGet(43)) - raft.server.rpcslowness.timeout = 120s (custom)
2019-09-06 01:41:29,096 [pool-459-thread-1] INFO  server.RaftServerConfigKeys (ConfUtils.java:logGet(43)) - raft.server.rpc.timeout.min = 5s (custom)
2019-09-06 01:41:29,097 [pool-419-thread-1] INFO  storage.RaftStorageDirectory (RaftStorageDirectory.java:analyzeStorage(246)) - The storage directory /workdir/hadoop-ozone/integration-test/target/test-dir/MiniOzoneClusterImpl-fa83d308-25e6-4772-bfe6-42db08352842/datanode-1/data/ratis/b4edc1b9-93f6-446f-92a1-6332370b3e76 does not exist. Creating ...
2019-09-06 01:41:29,097 [pool-429-thread-1] INFO  server.RaftServerConfigKeys (ConfUtils.java:logGet(43)) - raft.server.sleep.deviation.threshold = 300 (default)
2019-09-06 01:41:29,097 [pool-459-thread-1] INFO  server.RaftServerConfigKeys (ConfUtils.java:logGet(43)) - raft.server.rpc.timeout.max = 5200ms (custom)
2019-09-06 01:41:29,097 [pool-429-thread-1] INFO  server.RaftServerConfigKeys (ConfUtils.java:logGet(43)) - raft.server.log.appender.install.snapshot.enabled = false (custom)
2019-09-06 01:41:29,097 [pool-459-thread-1] INFO  server.RaftServerConfigKeys (ConfUtils.java:logGet(43)) - raft.server.rpcslowness.timeout = 120s (custom)
2019-09-06 01:41:29,097 [pool-429-thread-1] INFO  impl.RaftServerImpl (ServerState.java:<init>(105)) - edc09431-f278-40d3-af03-90e48e877b17:group-6332370B3E76 ConfigurationManager, init=-1: [4ba7b802-14f5-42b9-8dc4-3b2118cdd21d:192.168.5.177:42721, bbace8e8-e1a9-42ee-9889-2c1141283f48:192.168.5.177:39551, edc09431-f278-40d3-af03-90e48e877b17:192.168.5.177:37126], old=null, confs=<EMPTY_MAP>
2019-09-06 01:41:29,097 [pool-459-thread-1] INFO  server.RaftServerConfigKeys (ConfUtils.java:logGet(43)) - raft.server.sleep.deviation.threshold = 300 (default)
2019-09-06 01:41:29,098 [pool-429-thread-1] INFO  server.RaftServerConfigKeys (ConfUtils.java:logGet(43)) - raft.server.storage.dir = [/workdir/hadoop-ozone/integration-test/target/test-dir/MiniOzoneClusterImpl-fa83d308-25e6-4772-bfe6-42db08352842/datanode-2/data/ratis] (custom)
2019-09-06 01:41:29,098 [pool-459-thread-1] INFO  server.RaftServerConfigKeys (ConfUtils.java:logGet(43)) - raft.server.log.appender.install.snapshot.enabled = false (custom)
2019-09-06 01:41:29,098 [pool-459-thread-1] INFO  impl.RaftServerImpl (ServerState.java:<init>(105)) - 4ba7b802-14f5-42b9-8dc4-3b2118cdd21d:group-6332370B3E76 ConfigurationManager, init=-1: [4ba7b802-14f5-42b9-8dc4-3b2118cdd21d:192.168.5.177:42721, bbace8e8-e1a9-42ee-9889-2c1141283f48:192.168.5.177:39551, edc09431-f278-40d3-af03-90e48e877b17:192.168.5.177:37126], old=null, confs=<EMPTY_MAP>
2019-09-06 01:41:29,098 [pool-429-thread-1] INFO  storage.RaftStorageDirectory (RaftStorageDirectory.java:analyzeStorage(246)) - The storage directory /workdir/hadoop-ozone/integration-test/target/test-dir/MiniOzoneClusterImpl-fa83d308-25e6-4772-bfe6-42db08352842/datanode-2/data/ratis/b4edc1b9-93f6-446f-92a1-6332370b3e76 does not exist. Creating ...
2019-09-06 01:41:29,098 [pool-459-thread-1] INFO  server.RaftServerConfigKeys (ConfUtils.java:logGet(43)) - raft.server.storage.dir = [/workdir/hadoop-ozone/integration-test/target/test-dir/MiniOzoneClusterImpl-fa83d308-25e6-4772-bfe6-42db08352842/datanode-5/data/ratis] (custom)
2019-09-06 01:41:29,099 [pool-459-thread-1] INFO  storage.RaftStorageDirectory (RaftStorageDirectory.java:analyzeStorage(246)) - The storage directory /workdir/hadoop-ozone/integration-test/target/test-dir/MiniOzoneClusterImpl-fa83d308-25e6-4772-bfe6-42db08352842/datanode-5/data/ratis/b4edc1b9-93f6-446f-92a1-6332370b3e76 does not exist. Creating ...
2019-09-06 01:41:29,128 [pool-429-thread-1] INFO  storage.RaftStorageDirectory (RaftStorageDirectory.java:tryLock(328)) - Lock on /workdir/hadoop-ozone/integration-test/target/test-dir/MiniOzoneClusterImpl-fa83d308-25e6-4772-bfe6-42db08352842/datanode-2/data/ratis/b4edc1b9-93f6-446f-92a1-6332370b3e76/in_use.lock acquired by nodename 29060@pr-hdds-2015-4zh84-2711163145
2019-09-06 01:41:29,128 [pool-419-thread-1] INFO  storage.RaftStorageDirectory (RaftStorageDirectory.java:tryLock(328)) - Lock on /workdir/hadoop-ozone/integration-test/target/test-dir/MiniOzoneClusterImpl-fa83d308-25e6-4772-bfe6-42db08352842/datanode-1/data/ratis/b4edc1b9-93f6-446f-92a1-6332370b3e76/in_use.lock acquired by nodename 29060@pr-hdds-2015-4zh84-2711163145
2019-09-06 01:41:29,128 [pool-459-thread-1] INFO  storage.RaftStorageDirectory (RaftStorageDirectory.java:tryLock(328)) - Lock on /workdir/hadoop-ozone/integration-test/target/test-dir/MiniOzoneClusterImpl-fa83d308-25e6-4772-bfe6-42db08352842/datanode-5/data/ratis/b4edc1b9-93f6-446f-92a1-6332370b3e76/in_use.lock acquired by nodename 29060@pr-hdds-2015-4zh84-2711163145
2019-09-06 01:41:29,142 [pool-419-thread-1] INFO  storage.RaftStorage (RaftStorage.java:format(72)) - Storage directory /workdir/hadoop-ozone/integration-test/target/test-dir/MiniOzoneClusterImpl-fa83d308-25e6-4772-bfe6-42db08352842/datanode-1/data/ratis/b4edc1b9-93f6-446f-92a1-6332370b3e76 has been successfully formatted.
2019-09-06 01:41:29,142 [pool-429-thread-1] INFO  storage.RaftStorage (RaftStorage.java:format(72)) - Storage directory /workdir/hadoop-ozone/integration-test/target/test-dir/MiniOzoneClusterImpl-fa83d308-25e6-4772-bfe6-42db08352842/datanode-2/data/ratis/b4edc1b9-93f6-446f-92a1-6332370b3e76 has been successfully formatted.
2019-09-06 01:41:29,142 [pool-459-thread-1] INFO  storage.RaftStorage (RaftStorage.java:format(72)) - Storage directory /workdir/hadoop-ozone/integration-test/target/test-dir/MiniOzoneClusterImpl-fa83d308-25e6-4772-bfe6-42db08352842/datanode-5/data/ratis/b4edc1b9-93f6-446f-92a1-6332370b3e76 has been successfully formatted.
2019-09-06 01:41:29,143 [pool-429-thread-1] INFO  ratis.ContainerStateMachine (ContainerStateMachine.java:loadSnapshot(227)) - group-6332370B3E76: The snapshot info is null. Setting the last applied indexto:(t:0, i:~)
2019-09-06 01:41:29,143 [pool-419-thread-1] INFO  ratis.ContainerStateMachine (ContainerStateMachine.java:loadSnapshot(227)) - group-6332370B3E76: The snapshot info is null. Setting the last applied indexto:(t:0, i:~)
2019-09-06 01:41:29,143 [pool-429-thread-1] INFO  server.RaftServerConfigKeys (ConfUtils.java:logGet(43)) - raft.server.leader.election.timeout = 120s (custom)
2019-09-06 01:41:29,143 [pool-459-thread-1] INFO  ratis.ContainerStateMachine (ContainerStateMachine.java:loadSnapshot(227)) - group-6332370B3E76: The snapshot info is null. Setting the last applied indexto:(t:0, i:~)
2019-09-06 01:41:29,143 [pool-429-thread-1] INFO  server.RaftServerConfigKeys (ConfUtils.java:logGet(43)) - raft.server.log.use.memory = false (default)
2019-09-06 01:41:29,143 [pool-419-thread-1] INFO  server.RaftServerConfigKeys (ConfUtils.java:logGet(43)) - raft.server.leader.election.timeout = 120s (custom)
2019-09-06 01:41:29,143 [pool-429-thread-1] INFO  server.RaftServerConfigKeys (ConfUtils.java:logGet(43)) - raft.server.log.purge.gap = 1000000 (custom)
2019-09-06 01:41:29,143 [pool-459-thread-1] INFO  server.RaftServerConfigKeys (ConfUtils.java:logGet(43)) - raft.server.leader.election.timeout = 120s (custom)
2019-09-06 01:41:29,144 [pool-429-thread-1] INFO  server.RaftServerConfigKeys (ConfUtils.java:logGet(43)) - raft.server.log.appender.buffer.byte-limit = 33554432 (custom)
2019-09-06 01:41:29,143 [pool-419-thread-1] INFO  server.RaftServerConfigKeys (ConfUtils.java:logGet(43)) - raft.server.log.use.memory = false (default)
2019-09-06 01:41:29,144 [pool-429-thread-1] INFO  server.RaftServerConfigKeys (ConfUtils.java:logGet(43)) - raft.server.log.segment.size.max = 1048576 (custom)
2019-09-06 01:41:29,144 [pool-459-thread-1] INFO  server.RaftServerConfigKeys (ConfUtils.java:logGet(43)) - raft.server.log.use.memory = false (default)
2019-09-06 01:41:29,144 [pool-429-thread-1] INFO  server.RaftServerConfigKeys (ConfUtils.java:logGet(43)) - raft.server.log.segment.cache.num.max = 2 (custom)
2019-09-06 01:41:29,144 [pool-419-thread-1] INFO  server.RaftServerConfigKeys (ConfUtils.java:logGet(43)) - raft.server.log.purge.gap = 1000000 (custom)
2019-09-06 01:41:29,144 [pool-429-thread-1] INFO  segmented.SegmentedRaftLogWorker (SegmentedRaftLogWorker.java:<init>(172)) - new edc09431-f278-40d3-af03-90e48e877b17-SegmentedRaftLogWorker:Storage Directory /workdir/hadoop-ozone/integration-test/target/test-dir/MiniOzoneClusterImpl-fa83d308-25e6-4772-bfe6-42db08352842/datanode-2/data/ratis/b4edc1b9-93f6-446f-92a1-6332370b3e76 for RaftStorage:Storage Directory /workdir/hadoop-ozone/integration-test/target/test-dir/MiniOzoneClusterImpl-fa83d308-25e6-4772-bfe6-42db08352842/datanode-2/data/ratis/b4edc1b9-93f6-446f-92a1-6332370b3e76
2019-09-06 01:41:29,144 [pool-459-thread-1] INFO  server.RaftServerConfigKeys (ConfUtils.java:logGet(43)) - raft.server.log.purge.gap = 1000000 (custom)
2019-09-06 01:41:29,145 [pool-429-thread-1] INFO  server.RaftServerConfigKeys (ConfUtils.java:logGet(43)) - raft.server.log.queue.byte-limit = 2147483647 (custom)
2019-09-06 01:41:29,144 [pool-419-thread-1] INFO  server.RaftServerConfigKeys (ConfUtils.java:logGet(43)) - raft.server.log.appender.buffer.byte-limit = 33554432 (custom)
2019-09-06 01:41:29,145 [pool-429-thread-1] INFO  server.RaftServerConfigKeys (ConfUtils.java:logGet(43)) - raft.server.log.queue.element-limit = 1024 (custom)
2019-09-06 01:41:29,145 [pool-459-thread-1] INFO  server.RaftServerConfigKeys (ConfUtils.java:logGet(43)) - raft.server.log.appender.buffer.byte-limit = 33554432 (custom)
2019-09-06 01:41:29,145 [pool-429-thread-1] INFO  server.RaftServerConfigKeys (ConfUtils.java:logGet(43)) - raft.server.log.segment.size.max = 1048576 (custom)
2019-09-06 01:41:29,145 [pool-419-thread-1] INFO  server.RaftServerConfigKeys (ConfUtils.java:logGet(43)) - raft.server.log.segment.size.max = 1048576 (custom)
2019-09-06 01:41:29,145 [pool-429-thread-1] INFO  server.RaftServerConfigKeys (ConfUtils.java:logGet(43)) - raft.server.log.preallocated.size = 16384 (custom)
2019-09-06 01:41:29,145 [pool-459-thread-1] INFO  server.RaftServerConfigKeys (ConfUtils.java:logGet(43)) - raft.server.log.segment.size.max = 1048576 (custom)
2019-09-06 01:41:29,146 [pool-429-thread-1] INFO  server.RaftServerConfigKeys (ConfUtils.java:logGet(43)) - raft.server.log.write.buffer.size = 33554432 (custom)
2019-09-06 01:41:29,145 [pool-419-thread-1] INFO  server.RaftServerConfigKeys (ConfUtils.java:logGet(43)) - raft.server.log.segment.cache.num.max = 2 (custom)
2019-09-06 01:41:29,146 [pool-429-thread-1] INFO  server.RaftServerConfigKeys (ConfUtils.java:logGet(43)) - raft.server.log.force.sync.num = 128 (default)
2019-09-06 01:41:29,146 [pool-459-thread-1] INFO  server.RaftServerConfigKeys (ConfUtils.java:logGet(43)) - raft.server.log.segment.cache.num.max = 2 (custom)
2019-09-06 01:41:29,146 [pool-429-thread-1] INFO  server.RaftServerConfigKeys (ConfUtils.java:logGet(43)) - raft.server.log.statemachine.data.sync = true (default)
2019-09-06 01:41:29,146 [pool-419-thread-1] INFO  segmented.SegmentedRaftLogWorker (SegmentedRaftLogWorker.java:<init>(172)) - new bbace8e8-e1a9-42ee-9889-2c1141283f48-SegmentedRaftLogWorker:Storage Directory /workdir/hadoop-ozone/integration-test/target/test-dir/MiniOzoneClusterImpl-fa83d308-25e6-4772-bfe6-42db08352842/datanode-1/data/ratis/b4edc1b9-93f6-446f-92a1-6332370b3e76 for RaftStorage:Storage Directory /workdir/hadoop-ozone/integration-test/target/test-dir/MiniOzoneClusterImpl-fa83d308-25e6-4772-bfe6-42db08352842/datanode-1/data/ratis/b4edc1b9-93f6-446f-92a1-6332370b3e76
2019-09-06 01:41:29,146 [pool-429-thread-1] INFO  server.RaftServerConfigKeys (ConfUtils.java:logGet(43)) - raft.server.log.statemachine.data.sync.timeout = 10s (default)
2019-09-06 01:41:29,146 [pool-459-thread-1] INFO  segmented.SegmentedRaftLogWorker (SegmentedRaftLogWorker.java:<init>(172)) - new 4ba7b802-14f5-42b9-8dc4-3b2118cdd21d-SegmentedRaftLogWorker:Storage Directory /workdir/hadoop-ozone/integration-test/target/test-dir/MiniOzoneClusterImpl-fa83d308-25e6-4772-bfe6-42db08352842/datanode-5/data/ratis/b4edc1b9-93f6-446f-92a1-6332370b3e76 for RaftStorage:Storage Directory /workdir/hadoop-ozone/integration-test/target/test-dir/MiniOzoneClusterImpl-fa83d308-25e6-4772-bfe6-42db08352842/datanode-5/data/ratis/b4edc1b9-93f6-446f-92a1-6332370b3e76
2019-09-06 01:41:29,147 [pool-429-thread-1] INFO  server.RaftServerConfigKeys (ConfUtils.java:logGet(43)) - raft.server.log.statemachine.data.sync.timeout.retry = -1 (default)
2019-09-06 01:41:29,146 [pool-419-thread-1] INFO  server.RaftServerConfigKeys (ConfUtils.java:logGet(43)) - raft.server.log.queue.byte-limit = 2147483647 (custom)
2019-09-06 01:41:29,147 [pool-429-thread-1] INFO  server.RaftServerConfigKeys (ConfUtils.java:logGet(43)) - raft.server.log.statemachine.data.caching.enabled = true (custom)
2019-09-06 01:41:29,147 [pool-459-thread-1] INFO  server.RaftServerConfigKeys (ConfUtils.java:logGet(43)) - raft.server.log.queue.byte-limit = 2147483647 (custom)
2019-09-06 01:41:29,147 [pool-419-thread-1] INFO  server.RaftServerConfigKeys (ConfUtils.java:logGet(43)) - raft.server.log.queue.element-limit = 1024 (custom)
2019-09-06 01:41:29,147 [pool-429-thread-1] INFO  segmented.SegmentedRaftLogWorker (SegmentedRaftLogWorker.java:lambda$new$0(132)) - edc09431-f278-40d3-af03-90e48e877b17-SegmentedRaftLogWorker:Storage Directory /workdir/hadoop-ozone/integration-test/target/test-dir/MiniOzoneClusterImpl-fa83d308-25e6-4772-bfe6-42db08352842/datanode-2/data/ratis/b4edc1b9-93f6-446f-92a1-6332370b3e76: flushIndex: setUnconditionally 0 -> -1
2019-09-06 01:41:29,147 [pool-459-thread-1] INFO  server.RaftServerConfigKeys (ConfUtils.java:logGet(43)) - raft.server.log.queue.element-limit = 1024 (custom)
2019-09-06 01:41:29,147 [pool-419-thread-1] INFO  server.RaftServerConfigKeys (ConfUtils.java:logGet(43)) - raft.server.log.segment.size.max = 1048576 (custom)
2019-09-06 01:41:29,148 [pool-459-thread-1] INFO  server.RaftServerConfigKeys (ConfUtils.java:logGet(43)) - raft.server.log.segment.size.max = 1048576 (custom)
2019-09-06 01:41:29,148 [pool-429-thread-1] INFO  server.RaftServerConfigKeys (ConfUtils.java:logGet(43)) - raft.server.snapshot.auto.trigger.enabled = true (custom)
2019-09-06 01:41:29,148 [pool-419-thread-1] INFO  server.RaftServerConfigKeys (ConfUtils.java:logGet(43)) - raft.server.log.preallocated.size = 16384 (custom)
2019-09-06 01:41:29,148 [pool-429-thread-1] INFO  server.RaftServerConfigKeys (ConfUtils.java:logGet(43)) - raft.server.snapshot.auto.trigger.threshold = 10000 (custom)
2019-09-06 01:41:29,148 [pool-459-thread-1] INFO  server.RaftServerConfigKeys (ConfUtils.java:logGet(43)) - raft.server.log.preallocated.size = 16384 (custom)
2019-09-06 01:41:29,148 [pool-429-thread-1] INFO  server.RaftServerConfigKeys (ConfUtils.java:logGet(43)) - raft.server.retrycache.expirytime = 600000ms (custom)
2019-09-06 01:41:29,148 [pool-419-thread-1] INFO  server.RaftServerConfigKeys (ConfUtils.java:logGet(43)) - raft.server.log.write.buffer.size = 33554432 (custom)
2019-09-06 01:41:29,148 [pool-429-thread-1] INFO  impl.RaftServerImpl (RaftServerImpl.java:start(180)) - edc09431-f278-40d3-af03-90e48e877b17: start group-6332370B3E76
2019-09-06 01:41:29,148 [pool-459-thread-1] INFO  server.RaftServerConfigKeys (ConfUtils.java:logGet(43)) - raft.server.log.write.buffer.size = 33554432 (custom)
2019-09-06 01:41:29,149 [pool-429-thread-1] INFO  impl.RaftServerImpl (RaftServerImpl.java:setRole(171)) - edc09431-f278-40d3-af03-90e48e877b17:group-6332370B3E76 changes role from null to FOLLOWER at term 0 for startAsFollower
2019-09-06 01:41:29,148 [pool-419-thread-1] INFO  server.RaftServerConfigKeys (ConfUtils.java:logGet(43)) - raft.server.log.force.sync.num = 128 (default)
2019-09-06 01:41:29,149 [pool-429-thread-1] INFO  impl.RoleInfo (RoleInfo.java:updateAndGet(143)) - edc09431-f278-40d3-af03-90e48e877b17: start FollowerState
2019-09-06 01:41:29,149 [pool-459-thread-1] INFO  server.RaftServerConfigKeys (ConfUtils.java:logGet(43)) - raft.server.log.force.sync.num = 128 (default)
2019-09-06 01:41:29,149 [pool-419-thread-1] INFO  server.RaftServerConfigKeys (ConfUtils.java:logGet(43)) - raft.server.log.statemachine.data.sync = true (default)
2019-09-06 01:41:29,149 [pool-459-thread-1] INFO  server.RaftServerConfigKeys (ConfUtils.java:logGet(43)) - raft.server.log.statemachine.data.sync = true (default)
2019-09-06 01:41:29,149 [pool-459-thread-1] INFO  server.RaftServerConfigKeys (ConfUtils.java:logGet(43)) - raft.server.log.statemachine.data.sync.timeout = 10s (default)
2019-09-06 01:41:29,149 [pool-419-thread-1] INFO  server.RaftServerConfigKeys (ConfUtils.java:logGet(43)) - raft.server.log.statemachine.data.sync.timeout = 10s (default)
2019-09-06 01:41:29,149 [pool-429-thread-1] INFO  util.JmxRegister (JmxRegister.java:tryRegister(44)) - Successfully registered JMX Bean with object name Ratis:service=RaftServer,group=group-6332370B3E76,id=edc09431-f278-40d3-af03-90e48e877b17
2019-09-06 01:41:29,149 [pool-459-thread-1] INFO  server.RaftServerConfigKeys (ConfUtils.java:logGet(43)) - raft.server.log.statemachine.data.sync.timeout.retry = -1 (default)
2019-09-06 01:41:29,149 [pool-419-thread-1] INFO  server.RaftServerConfigKeys (ConfUtils.java:logGet(43)) - raft.server.log.statemachine.data.sync.timeout.retry = -1 (default)
2019-09-06 01:41:29,150 [pool-459-thread-1] INFO  server.RaftServerConfigKeys (ConfUtils.java:logGet(43)) - raft.server.log.statemachine.data.caching.enabled = true (custom)
2019-09-06 01:41:29,150 [pool-419-thread-1] INFO  server.RaftServerConfigKeys (ConfUtils.java:logGet(43)) - raft.server.log.statemachine.data.caching.enabled = true (custom)
2019-09-06 01:41:29,150 [pool-459-thread-1] INFO  segmented.SegmentedRaftLogWorker (SegmentedRaftLogWorker.java:lambda$new$0(132)) - 4ba7b802-14f5-42b9-8dc4-3b2118cdd21d-SegmentedRaftLogWorker:Storage Directory /workdir/hadoop-ozone/integration-test/target/test-dir/MiniOzoneClusterImpl-fa83d308-25e6-4772-bfe6-42db08352842/datanode-5/data/ratis/b4edc1b9-93f6-446f-92a1-6332370b3e76: flushIndex: setUnconditionally 0 -> -1
2019-09-06 01:41:29,150 [pool-419-thread-1] INFO  segmented.SegmentedRaftLogWorker (SegmentedRaftLogWorker.java:lambda$new$0(132)) - bbace8e8-e1a9-42ee-9889-2c1141283f48-SegmentedRaftLogWorker:Storage Directory /workdir/hadoop-ozone/integration-test/target/test-dir/MiniOzoneClusterImpl-fa83d308-25e6-4772-bfe6-42db08352842/datanode-1/data/ratis/b4edc1b9-93f6-446f-92a1-6332370b3e76: flushIndex: setUnconditionally 0 -> -1
2019-09-06 01:41:29,151 [pool-459-thread-1] INFO  server.RaftServerConfigKeys (ConfUtils.java:logGet(43)) - raft.server.snapshot.auto.trigger.enabled = true (custom)
2019-09-06 01:41:29,151 [pool-419-thread-1] INFO  server.RaftServerConfigKeys (ConfUtils.java:logGet(43)) - raft.server.snapshot.auto.trigger.enabled = true (custom)
2019-09-06 01:41:29,151 [pool-459-thread-1] INFO  server.RaftServerConfigKeys (ConfUtils.java:logGet(43)) - raft.server.snapshot.auto.trigger.threshold = 10000 (custom)
2019-09-06 01:41:29,151 [pool-419-thread-1] INFO  server.RaftServerConfigKeys (ConfUtils.java:logGet(43)) - raft.server.snapshot.auto.trigger.threshold = 10000 (custom)
2019-09-06 01:41:29,151 [pool-459-thread-1] INFO  server.RaftServerConfigKeys (ConfUtils.java:logGet(43)) - raft.server.retrycache.expirytime = 600000ms (custom)
2019-09-06 01:41:29,151 [pool-419-thread-1] INFO  server.RaftServerConfigKeys (ConfUtils.java:logGet(43)) - raft.server.retrycache.expirytime = 600000ms (custom)
2019-09-06 01:41:29,151 [pool-459-thread-1] INFO  impl.RaftServerImpl (RaftServerImpl.java:start(180)) - 4ba7b802-14f5-42b9-8dc4-3b2118cdd21d: start group-6332370B3E76
2019-09-06 01:41:29,151 [pool-419-thread-1] INFO  impl.RaftServerImpl (RaftServerImpl.java:start(180)) - bbace8e8-e1a9-42ee-9889-2c1141283f48: start group-6332370B3E76
2019-09-06 01:41:29,151 [pool-459-thread-1] INFO  impl.RaftServerImpl (RaftServerImpl.java:setRole(171)) - 4ba7b802-14f5-42b9-8dc4-3b2118cdd21d:group-6332370B3E76 changes role from null to FOLLOWER at term 0 for startAsFollower
2019-09-06 01:41:29,151 [pool-419-thread-1] INFO  impl.RaftServerImpl (RaftServerImpl.java:setRole(171)) - bbace8e8-e1a9-42ee-9889-2c1141283f48:group-6332370B3E76 changes role from null to FOLLOWER at term 0 for startAsFollower
2019-09-06 01:41:29,151 [pool-459-thread-1] INFO  impl.RoleInfo (RoleInfo.java:updateAndGet(143)) - 4ba7b802-14f5-42b9-8dc4-3b2118cdd21d: start FollowerState
2019-09-06 01:41:29,152 [pool-419-thread-1] INFO  impl.RoleInfo (RoleInfo.java:updateAndGet(143)) - bbace8e8-e1a9-42ee-9889-2c1141283f48: start FollowerState
2019-09-06 01:41:29,152 [pool-459-thread-1] INFO  util.JmxRegister (JmxRegister.java:tryRegister(44)) - Successfully registered JMX Bean with object name Ratis:service=RaftServer,group=group-6332370B3E76,id=4ba7b802-14f5-42b9-8dc4-3b2118cdd21d
2019-09-06 01:41:29,152 [pool-419-thread-1] INFO  util.JmxRegister (JmxRegister.java:tryRegister(44)) - Successfully registered JMX Bean with object name Ratis:service=RaftServer,group=group-6332370B3E76,id=bbace8e8-e1a9-42ee-9889-2c1141283f48
2019-09-06 01:41:29,154 [IPC Server handler 17 on 41161] INFO  pipeline.PipelineStateManager (PipelineStateManager.java:addPipeline(56)) - Created pipeline Pipeline[ Id: b4edc1b9-93f6-446f-92a1-6332370b3e76, Nodes: bbace8e8-e1a9-42ee-9889-2c1141283f48{ip: 192.168.5.177, host: pr-hdds-2015-4zh84-2711163145, networkLocation: /default-rack, certSerialId: null}4ba7b802-14f5-42b9-8dc4-3b2118cdd21d{ip: 192.168.5.177, host: pr-hdds-2015-4zh84-2711163145, networkLocation: /default-rack, certSerialId: null}edc09431-f278-40d3-af03-90e48e877b17{ip: 192.168.5.177, host: pr-hdds-2015-4zh84-2711163145, networkLocation: /default-rack, certSerialId: null}, Type:RATIS, Factor:THREE, State:OPEN]
2019-09-06 01:41:29,171 [grpc-default-executor-7] INFO  client.GrpcClientProtocolClient (GrpcClientProtocolClient.java:onNext(255)) - client-D92D4DC72CBF->bbace8e8-e1a9-42ee-9889-2c1141283f48: receive RaftClientReply:client-D92D4DC72CBF->bbace8e8-e1a9-42ee-9889-2c1141283f48@group-6332370B3E76, cid=187, FAILED org.apache.ratis.protocol.NotLeaderException: Server bbace8e8-e1a9-42ee-9889-2c1141283f48 is not the leader (null). Request must be sent to leader., logIndex=0, commits[bbace8e8-e1a9-42ee-9889-2c1141283f48:c-1]
2019-09-06 01:41:29,463 [grpc-default-executor-2] INFO  client.GrpcClientProtocolClient (GrpcClientProtocolClient.java:onNext(255)) - client-D233185A17F8->1f2e57d7-1cd2-4b96-9676-7904a5c1d338: receive RaftClientReply:client-D233185A17F8->1f2e57d7-1cd2-4b96-9676-7904a5c1d338@group-D615FF25B2D2, cid=183, SUCCESS, logIndex=0, commits[1f2e57d7-1cd2-4b96-9676-7904a5c1d338:c4, f6e8ff06-084b-46ba-beae-927f7c0622d9:c2, ee89e297-a801-48e6-912d-41102d8ca779:c4]
2019-09-06 01:41:29,464 [grpc-default-executor-2] INFO  client.GrpcClientProtocolClient (GrpcClientProtocolClient.java:onNext(255)) - client-D233185A17F8->1f2e57d7-1cd2-4b96-9676-7904a5c1d338: receive RaftClientReply:client-D233185A17F8->1f2e57d7-1cd2-4b96-9676-7904a5c1d338@group-D615FF25B2D2, cid=182, SUCCESS, logIndex=0, commits[1f2e57d7-1cd2-4b96-9676-7904a5c1d338:c4, f6e8ff06-084b-46ba-beae-927f7c0622d9:c4, ee89e297-a801-48e6-912d-41102d8ca779:c4]
2019-09-06 01:41:30,182 [grpc-default-executor-2] INFO  client.GrpcClientProtocolClient (GrpcClientProtocolClient.java:onNext(255)) - client-D92D4DC72CBF->edc09431-f278-40d3-af03-90e48e877b17: receive RaftClientReply:client-D92D4DC72CBF->edc09431-f278-40d3-af03-90e48e877b17@group-6332370B3E76, cid=187, FAILED org.apache.ratis.protocol.NotLeaderException: Server edc09431-f278-40d3-af03-90e48e877b17 is not the leader (null). Request must be sent to leader., logIndex=0, commits[edc09431-f278-40d3-af03-90e48e877b17:c-1]
2019-09-06 01:41:31,016 [grpc-default-executor-2] WARN  server.GrpcLogAppender (LogUtils.java:warn(134)) - bbace8e8-e1a9-42ee-9889-2c1141283f48->af53648f-ad65-4ebd-a0ed-12c0c25e13ff: Failed appendEntries: org.apache.ratis.thirdparty.io.grpc.StatusRuntimeException: UNAVAILABLE: io exception
2019-09-06 01:41:31,016 [grpc-default-executor-2] INFO  impl.FollowerInfo (FollowerInfo.java:lambda$new$0(50)) - bbace8e8-e1a9-42ee-9889-2c1141283f48->af53648f-ad65-4ebd-a0ed-12c0c25e13ff: nextIndex: updateUnconditionally 14 -> 13
2019-09-06 01:41:31,194 [grpc-default-executor-2] INFO  client.GrpcClientProtocolClient (GrpcClientProtocolClient.java:onNext(255)) - client-D92D4DC72CBF->bbace8e8-e1a9-42ee-9889-2c1141283f48: receive RaftClientReply:client-D92D4DC72CBF->bbace8e8-e1a9-42ee-9889-2c1141283f48@group-6332370B3E76, cid=187, FAILED org.apache.ratis.protocol.NotLeaderException: Server bbace8e8-e1a9-42ee-9889-2c1141283f48 is not the leader (null). Request must be sent to leader., logIndex=0, commits[bbace8e8-e1a9-42ee-9889-2c1141283f48:c-1]
2019-09-06 01:41:32,203 [grpc-default-executor-2] INFO  client.GrpcClientProtocolClient (GrpcClientProtocolClient.java:onNext(255)) - client-D92D4DC72CBF->edc09431-f278-40d3-af03-90e48e877b17: receive RaftClientReply:client-D92D4DC72CBF->edc09431-f278-40d3-af03-90e48e877b17@group-6332370B3E76, cid=187, FAILED org.apache.ratis.protocol.NotLeaderException: Server edc09431-f278-40d3-af03-90e48e877b17 is not the leader (null). Request must be sent to leader., logIndex=0, commits[edc09431-f278-40d3-af03-90e48e877b17:c-1]
2019-09-06 01:41:33,218 [grpc-default-executor-7] INFO  client.GrpcClientProtocolClient (GrpcClientProtocolClient.java:onNext(255)) - client-D92D4DC72CBF->4ba7b802-14f5-42b9-8dc4-3b2118cdd21d: receive RaftClientReply:client-D92D4DC72CBF->4ba7b802-14f5-42b9-8dc4-3b2118cdd21d@group-6332370B3E76, cid=187, FAILED org.apache.ratis.protocol.NotLeaderException: Server 4ba7b802-14f5-42b9-8dc4-3b2118cdd21d is not the leader (null). Request must be sent to leader., logIndex=0, commits[4ba7b802-14f5-42b9-8dc4-3b2118cdd21d:c-1]
2019-09-06 01:41:33,516 [grpc-default-executor-2] WARN  server.GrpcLogAppender (LogUtils.java:warn(134)) - bbace8e8-e1a9-42ee-9889-2c1141283f48->af53648f-ad65-4ebd-a0ed-12c0c25e13ff: Failed appendEntries: org.apache.ratis.thirdparty.io.grpc.StatusRuntimeException: UNAVAILABLE: io exception
2019-09-06 01:41:33,517 [grpc-default-executor-2] INFO  impl.FollowerInfo (FollowerInfo.java:lambda$new$0(50)) - bbace8e8-e1a9-42ee-9889-2c1141283f48->af53648f-ad65-4ebd-a0ed-12c0c25e13ff: nextIndex: updateUnconditionally 13 -> 12
2019-09-06 01:41:34,187 [Thread-3451] INFO  impl.FollowerState (FollowerState.java:run(106)) - bbace8e8-e1a9-42ee-9889-2c1141283f48:group-6332370B3E76 changes to CANDIDATE, lastRpcTime:5035, electionTimeout:5035ms
2019-09-06 01:41:34,187 [Thread-3451] INFO  impl.RoleInfo (RoleInfo.java:shutdownFollowerState(121)) - bbace8e8-e1a9-42ee-9889-2c1141283f48: shutdown FollowerState
2019-09-06 01:41:34,187 [Thread-3451] INFO  impl.RaftServerImpl (RaftServerImpl.java:setRole(171)) - bbace8e8-e1a9-42ee-9889-2c1141283f48:group-6332370B3E76 changes role from FOLLOWER to CANDIDATE at term 0 for changeToCandidate
2019-09-06 01:41:34,187 [Thread-3451] INFO  impl.RoleInfo (RoleInfo.java:updateAndGet(143)) - bbace8e8-e1a9-42ee-9889-2c1141283f48: start LeaderElection
2019-09-06 01:41:34,209 [bbace8e8-e1a9-42ee-9889-2c1141283f48:group-6332370B3E76:LeaderElection63] INFO  impl.LeaderElection (LeaderElection.java:askForVotes(181)) - bbace8e8-e1a9-42ee-9889-2c1141283f48:group-6332370B3E76:LeaderElection63: begin an election at term 1 for -1: [4ba7b802-14f5-42b9-8dc4-3b2118cdd21d:192.168.5.177:42721, bbace8e8-e1a9-42ee-9889-2c1141283f48:192.168.5.177:39551, edc09431-f278-40d3-af03-90e48e877b17:192.168.5.177:37126], old=null
2019-09-06 01:41:34,211 [grpc-default-executor-7] INFO  impl.RaftServerImpl (RaftServerImpl.java:setRole(171)) - 4ba7b802-14f5-42b9-8dc4-3b2118cdd21d:group-6332370B3E76 changes role from FOLLOWER to FOLLOWER at term 1 for recognizeCandidate:bbace8e8-e1a9-42ee-9889-2c1141283f48
2019-09-06 01:41:34,212 [grpc-default-executor-7] INFO  impl.RoleInfo (RoleInfo.java:shutdownFollowerState(121)) - 4ba7b802-14f5-42b9-8dc4-3b2118cdd21d: shutdown FollowerState
2019-09-06 01:41:34,212 [grpc-default-executor-7] INFO  impl.RoleInfo (RoleInfo.java:updateAndGet(143)) - 4ba7b802-14f5-42b9-8dc4-3b2118cdd21d: start FollowerState
2019-09-06 01:41:34,212 [Thread-3450] INFO  impl.FollowerState (FollowerState.java:run(114)) - 4ba7b802-14f5-42b9-8dc4-3b2118cdd21d: FollowerState was interrupted: java.lang.InterruptedException: sleep interrupted
2019-09-06 01:41:34,215 [grpc-default-executor-2] INFO  impl.RaftServerImpl (RaftServerImpl.java:setRole(171)) - edc09431-f278-40d3-af03-90e48e877b17:group-6332370B3E76 changes role from FOLLOWER to FOLLOWER at term 1 for recognizeCandidate:bbace8e8-e1a9-42ee-9889-2c1141283f48
2019-09-06 01:41:34,215 [grpc-default-executor-2] INFO  impl.RoleInfo (RoleInfo.java:shutdownFollowerState(121)) - edc09431-f278-40d3-af03-90e48e877b17: shutdown FollowerState
2019-09-06 01:41:34,215 [grpc-default-executor-2] INFO  impl.RoleInfo (RoleInfo.java:updateAndGet(143)) - edc09431-f278-40d3-af03-90e48e877b17: start FollowerState
2019-09-06 01:41:34,215 [Thread-3446] INFO  impl.FollowerState (FollowerState.java:run(114)) - edc09431-f278-40d3-af03-90e48e877b17: FollowerState was interrupted: java.lang.InterruptedException: sleep interrupted
2019-09-06 01:41:34,229 [grpc-default-executor-8] INFO  client.GrpcClientProtocolClient (GrpcClientProtocolClient.java:onNext(255)) - client-D92D4DC72CBF->edc09431-f278-40d3-af03-90e48e877b17: receive RaftClientReply:client-D92D4DC72CBF->edc09431-f278-40d3-af03-90e48e877b17@group-6332370B3E76, cid=187, FAILED org.apache.ratis.protocol.NotLeaderException: Server edc09431-f278-40d3-af03-90e48e877b17 is not the leader (null). Request must be sent to leader., logIndex=0, commits[edc09431-f278-40d3-af03-90e48e877b17:c-1]
2019-09-06 01:41:34,242 [bbace8e8-e1a9-42ee-9889-2c1141283f48:group-6332370B3E76:LeaderElection63] INFO  impl.LeaderElection (LeaderElection.java:logAndReturn(56)) - bbace8e8-e1a9-42ee-9889-2c1141283f48:group-6332370B3E76:LeaderElection63: Election PASSED; received 1 response(s) [bbace8e8-e1a9-42ee-9889-2c1141283f48<-4ba7b802-14f5-42b9-8dc4-3b2118cdd21d#0:OK-t1] and 0 exception(s); bbace8e8-e1a9-42ee-9889-2c1141283f48:t1, leader=null, voted=bbace8e8-e1a9-42ee-9889-2c1141283f48, raftlog=bbace8e8-e1a9-42ee-9889-2c1141283f48-SegmentedRaftLog:OPENED:c-1,f-1,i0, conf=-1: [4ba7b802-14f5-42b9-8dc4-3b2118cdd21d:192.168.5.177:42721, bbace8e8-e1a9-42ee-9889-2c1141283f48:192.168.5.177:39551, edc09431-f278-40d3-af03-90e48e877b17:192.168.5.177:37126], old=null
2019-09-06 01:41:34,242 [bbace8e8-e1a9-42ee-9889-2c1141283f48:group-6332370B3E76:LeaderElection63] INFO  impl.RoleInfo (RoleInfo.java:shutdownLeaderElection(134)) - bbace8e8-e1a9-42ee-9889-2c1141283f48: shutdown LeaderElection
2019-09-06 01:41:34,242 [bbace8e8-e1a9-42ee-9889-2c1141283f48:group-6332370B3E76:LeaderElection63] INFO  impl.RaftServerImpl (RaftServerImpl.java:setRole(171)) - bbace8e8-e1a9-42ee-9889-2c1141283f48:group-6332370B3E76 changes role from CANDIDATE to LEADER at term 1 for changeToLeader
2019-09-06 01:41:34,242 [bbace8e8-e1a9-42ee-9889-2c1141283f48:group-6332370B3E76:LeaderElection63] INFO  impl.RaftServerImpl (ServerState.java:setLeader(263)) - bbace8e8-e1a9-42ee-9889-2c1141283f48:group-6332370B3E76 change Leader from null to bbace8e8-e1a9-42ee-9889-2c1141283f48 at term 1 for becomeLeader, leader elected after 5099ms
2019-09-06 01:41:34,242 [bbace8e8-e1a9-42ee-9889-2c1141283f48:group-6332370B3E76:LeaderElection63] INFO  server.RaftServerConfigKeys (ConfUtils.java:logGet(43)) - raft.server.staging.catchup.gap = 1000 (default)
2019-09-06 01:41:34,242 [bbace8e8-e1a9-42ee-9889-2c1141283f48:group-6332370B3E76:LeaderElection63] INFO  server.RaftServerConfigKeys (ConfUtils.java:logGet(43)) - raft.server.rpc.sleep.time = 25ms (default)
2019-09-06 01:41:34,242 [bbace8e8-e1a9-42ee-9889-2c1141283f48:group-6332370B3E76:LeaderElection63] INFO  server.RaftServerConfigKeys (ConfUtils.java:logGet(43)) - raft.server.write.element-limit = 4096 (default)
2019-09-06 01:41:34,242 [bbace8e8-e1a9-42ee-9889-2c1141283f48:group-6332370B3E76:LeaderElection63] INFO  server.RaftServerConfigKeys (ConfUtils.java:logGet(43)) - raft.server.watch.timeout = 10s (default)
2019-09-06 01:41:34,242 [bbace8e8-e1a9-42ee-9889-2c1141283f48:group-6332370B3E76:LeaderElection63] INFO  server.RaftServerConfigKeys (ConfUtils.java:logGet(43)) - raft.server.watch.timeout.denomination = 1s (default)
2019-09-06 01:41:34,243 [bbace8e8-e1a9-42ee-9889-2c1141283f48:group-6332370B3E76:LeaderElection63] INFO  server.RaftServerConfigKeys (ConfUtils.java:logGet(43)) - raft.server.watch.element-limit = 65536 (default)
2019-09-06 01:41:34,243 [bbace8e8-e1a9-42ee-9889-2c1141283f48:group-6332370B3E76:LeaderElection63] INFO  server.RaftServerConfigKeys (ConfUtils.java:logGet(43)) - raft.server.log.appender.snapshot.chunk.size.max = 16MB (=16777216) (default)
2019-09-06 01:41:34,243 [bbace8e8-e1a9-42ee-9889-2c1141283f48:group-6332370B3E76:LeaderElection63] INFO  server.RaftServerConfigKeys (ConfUtils.java:logGet(43)) - raft.server.log.appender.buffer.byte-limit = 33554432 (custom)
2019-09-06 01:41:34,243 [bbace8e8-e1a9-42ee-9889-2c1141283f48:group-6332370B3E76:LeaderElection63] INFO  server.RaftServerConfigKeys (ConfUtils.java:logGet(43)) - raft.server.log.appender.buffer.element-limit = 1 (custom)
2019-09-06 01:41:34,243 [bbace8e8-e1a9-42ee-9889-2c1141283f48:group-6332370B3E76:LeaderElection63] INFO  grpc.GrpcConfigKeys$Server (ConfUtils.java:logGet(43)) - raft.grpc.server.leader.outstanding.appends.max = 128 (default)
2019-09-06 01:41:34,243 [bbace8e8-e1a9-42ee-9889-2c1141283f48:group-6332370B3E76:LeaderElection63] INFO  server.RaftServerConfigKeys (ConfUtils.java:logGet(43)) - raft.server.rpc.request.timeout = 3000ms (default)
2019-09-06 01:41:34,243 [bbace8e8-e1a9-42ee-9889-2c1141283f48:group-6332370B3E76:LeaderElection63] INFO  server.RaftServerConfigKeys (ConfUtils.java:logGet(43)) - raft.server.log.appender.install.snapshot.enabled = false (custom)
2019-09-06 01:41:34,244 [bbace8e8-e1a9-42ee-9889-2c1141283f48:group-6332370B3E76:LeaderElection63] INFO  server.RaftServerConfigKeys (ConfUtils.java:logGet(43)) - raft.server.log.appender.snapshot.chunk.size.max = 16MB (=16777216) (default)
2019-09-06 01:41:34,244 [bbace8e8-e1a9-42ee-9889-2c1141283f48:group-6332370B3E76:LeaderElection63] INFO  server.RaftServerConfigKeys (ConfUtils.java:logGet(43)) - raft.server.log.appender.buffer.byte-limit = 33554432 (custom)
2019-09-06 01:41:34,244 [bbace8e8-e1a9-42ee-9889-2c1141283f48:group-6332370B3E76:LeaderElection63] INFO  server.RaftServerConfigKeys (ConfUtils.java:logGet(43)) - raft.server.log.appender.buffer.element-limit = 1 (custom)
2019-09-06 01:41:34,244 [bbace8e8-e1a9-42ee-9889-2c1141283f48:group-6332370B3E76:LeaderElection63] INFO  grpc.GrpcConfigKeys$Server (ConfUtils.java:logGet(43)) - raft.grpc.server.leader.outstanding.appends.max = 128 (default)
2019-09-06 01:41:34,244 [bbace8e8-e1a9-42ee-9889-2c1141283f48:group-6332370B3E76:LeaderElection63] INFO  server.RaftServerConfigKeys (ConfUtils.java:logGet(43)) - raft.server.rpc.request.timeout = 3000ms (default)
2019-09-06 01:41:34,244 [bbace8e8-e1a9-42ee-9889-2c1141283f48:group-6332370B3E76:LeaderElection63] INFO  server.RaftServerConfigKeys (ConfUtils.java:logGet(43)) - raft.server.log.appender.install.snapshot.enabled = false (custom)
2019-09-06 01:41:34,244 [bbace8e8-e1a9-42ee-9889-2c1141283f48:group-6332370B3E76:LeaderElection63] INFO  impl.RoleInfo (RoleInfo.java:updateAndGet(143)) - bbace8e8-e1a9-42ee-9889-2c1141283f48: start LeaderState
2019-09-06 01:41:34,244 [bbace8e8-e1a9-42ee-9889-2c1141283f48:group-6332370B3E76:LeaderElection63] INFO  segmented.SegmentedRaftLogWorker (SegmentedRaftLogWorker.java:startLogSegment(380)) - bbace8e8-e1a9-42ee-9889-2c1141283f48-SegmentedRaftLogWorker:Storage Directory /workdir/hadoop-ozone/integration-test/target/test-dir/MiniOzoneClusterImpl-fa83d308-25e6-4772-bfe6-42db08352842/datanode-1/data/ratis/b4edc1b9-93f6-446f-92a1-6332370b3e76: Starting segment from index:0
2019-09-06 01:41:34,245 [bbace8e8-e1a9-42ee-9889-2c1141283f48:group-6332370B3E76:LeaderElection63] INFO  impl.RaftServerImpl (ServerState.java:setRaftConf(361)) - bbace8e8-e1a9-42ee-9889-2c1141283f48:group-6332370B3E76 set configuration 0: [4ba7b802-14f5-42b9-8dc4-3b2118cdd21d:192.168.5.177:42721, bbace8e8-e1a9-42ee-9889-2c1141283f48:192.168.5.177:39551, edc09431-f278-40d3-af03-90e48e877b17:192.168.5.177:37126], old=null at 0
2019-09-06 01:41:34,272 [grpc-default-executor-7] INFO  impl.RaftServerImpl (ServerState.java:setLeader(263)) - 4ba7b802-14f5-42b9-8dc4-3b2118cdd21d:group-6332370B3E76 change Leader from null to bbace8e8-e1a9-42ee-9889-2c1141283f48 at term 1 for appendEntries, leader elected after 5128ms
2019-09-06 01:41:34,272 [grpc-default-executor-2] INFO  impl.RaftServerImpl (ServerState.java:setLeader(263)) - edc09431-f278-40d3-af03-90e48e877b17:group-6332370B3E76 change Leader from null to bbace8e8-e1a9-42ee-9889-2c1141283f48 at term 1 for appendEntries, leader elected after 5129ms
2019-09-06 01:41:34,277 [grpc-default-executor-2] INFO  impl.RaftServerImpl (ServerState.java:setRaftConf(361)) - 4ba7b802-14f5-42b9-8dc4-3b2118cdd21d:group-6332370B3E76 set configuration 0: [4ba7b802-14f5-42b9-8dc4-3b2118cdd21d:192.168.5.177:42721, bbace8e8-e1a9-42ee-9889-2c1141283f48:192.168.5.177:39551, edc09431-f278-40d3-af03-90e48e877b17:192.168.5.177:37126], old=null at 0
2019-09-06 01:41:34,277 [grpc-default-executor-2] INFO  segmented.SegmentedRaftLogWorker (SegmentedRaftLogWorker.java:startLogSegment(380)) - 4ba7b802-14f5-42b9-8dc4-3b2118cdd21d-SegmentedRaftLogWorker:Storage Directory /workdir/hadoop-ozone/integration-test/target/test-dir/MiniOzoneClusterImpl-fa83d308-25e6-4772-bfe6-42db08352842/datanode-5/data/ratis/b4edc1b9-93f6-446f-92a1-6332370b3e76: Starting segment from index:0
2019-09-06 01:41:34,277 [grpc-default-executor-7] INFO  impl.RaftServerImpl (ServerState.java:setRaftConf(361)) - edc09431-f278-40d3-af03-90e48e877b17:group-6332370B3E76 set configuration 0: [4ba7b802-14f5-42b9-8dc4-3b2118cdd21d:192.168.5.177:42721, bbace8e8-e1a9-42ee-9889-2c1141283f48:192.168.5.177:39551, edc09431-f278-40d3-af03-90e48e877b17:192.168.5.177:37126], old=null at 0
2019-09-06 01:41:34,277 [grpc-default-executor-7] INFO  segmented.SegmentedRaftLogWorker (SegmentedRaftLogWorker.java:startLogSegment(380)) - edc09431-f278-40d3-af03-90e48e877b17-SegmentedRaftLogWorker:Storage Directory /workdir/hadoop-ozone/integration-test/target/test-dir/MiniOzoneClusterImpl-fa83d308-25e6-4772-bfe6-42db08352842/datanode-2/data/ratis/b4edc1b9-93f6-446f-92a1-6332370b3e76: Starting segment from index:0
2019-09-06 01:41:34,297 [bbace8e8-e1a9-42ee-9889-2c1141283f48-SegmentedRaftLogWorker:Storage Directory /workdir/hadoop-ozone/integration-test/target/test-dir/MiniOzoneClusterImpl-fa83d308-25e6-4772-bfe6-42db08352842/datanode-1/data/ratis/b4edc1b9-93f6-446f-92a1-6332370b3e76] INFO  segmented.SegmentedRaftLogWorker (SegmentedRaftLogWorker.java:execute(569)) - bbace8e8-e1a9-42ee-9889-2c1141283f48-SegmentedRaftLogWorker:Storage Directory /workdir/hadoop-ozone/integration-test/target/test-dir/MiniOzoneClusterImpl-fa83d308-25e6-4772-bfe6-42db08352842/datanode-1/data/ratis/b4edc1b9-93f6-446f-92a1-6332370b3e76: created new log segment /workdir/hadoop-ozone/integration-test/target/test-dir/MiniOzoneClusterImpl-fa83d308-25e6-4772-bfe6-42db08352842/datanode-1/data/ratis/b4edc1b9-93f6-446f-92a1-6332370b3e76/current/log_inprogress_0
2019-09-06 01:41:34,314 [edc09431-f278-40d3-af03-90e48e877b17-SegmentedRaftLogWorker:Storage Directory /workdir/hadoop-ozone/integration-test/target/test-dir/MiniOzoneClusterImpl-fa83d308-25e6-4772-bfe6-42db08352842/datanode-2/data/ratis/b4edc1b9-93f6-446f-92a1-6332370b3e76] INFO  segmented.SegmentedRaftLogWorker (SegmentedRaftLogWorker.java:execute(569)) - edc09431-f278-40d3-af03-90e48e877b17-SegmentedRaftLogWorker:Storage Directory /workdir/hadoop-ozone/integration-test/target/test-dir/MiniOzoneClusterImpl-fa83d308-25e6-4772-bfe6-42db08352842/datanode-2/data/ratis/b4edc1b9-93f6-446f-92a1-6332370b3e76: created new log segment /workdir/hadoop-ozone/integration-test/target/test-dir/MiniOzoneClusterImpl-fa83d308-25e6-4772-bfe6-42db08352842/datanode-2/data/ratis/b4edc1b9-93f6-446f-92a1-6332370b3e76/current/log_inprogress_0
2019-09-06 01:41:34,314 [4ba7b802-14f5-42b9-8dc4-3b2118cdd21d-SegmentedRaftLogWorker:Storage Directory /workdir/hadoop-ozone/integration-test/target/test-dir/MiniOzoneClusterImpl-fa83d308-25e6-4772-bfe6-42db08352842/datanode-5/data/ratis/b4edc1b9-93f6-446f-92a1-6332370b3e76] INFO  segmented.SegmentedRaftLogWorker (SegmentedRaftLogWorker.java:execute(569)) - 4ba7b802-14f5-42b9-8dc4-3b2118cdd21d-SegmentedRaftLogWorker:Storage Directory /workdir/hadoop-ozone/integration-test/target/test-dir/MiniOzoneClusterImpl-fa83d308-25e6-4772-bfe6-42db08352842/datanode-5/data/ratis/b4edc1b9-93f6-446f-92a1-6332370b3e76: created new log segment /workdir/hadoop-ozone/integration-test/target/test-dir/MiniOzoneClusterImpl-fa83d308-25e6-4772-bfe6-42db08352842/datanode-5/data/ratis/b4edc1b9-93f6-446f-92a1-6332370b3e76/current/log_inprogress_0
2019-09-06 01:41:35,439 [grpc-default-executor-2] INFO  client.GrpcClientProtocolClient (GrpcClientProtocolClient.java:onNext(255)) - client-D92D4DC72CBF->bbace8e8-e1a9-42ee-9889-2c1141283f48: receive RaftClientReply:client-D92D4DC72CBF->bbace8e8-e1a9-42ee-9889-2c1141283f48@group-6332370B3E76, cid=187, SUCCESS, logIndex=1, commits[bbace8e8-e1a9-42ee-9889-2c1141283f48:c1, 4ba7b802-14f5-42b9-8dc4-3b2118cdd21d:c0, edc09431-f278-40d3-af03-90e48e877b17:c0]
2019-09-06 01:41:35,564 [grpc-default-executor-2] INFO  client.GrpcClientProtocolClient (GrpcClientProtocolClient.java:onNext(255)) - client-D92D4DC72CBF->bbace8e8-e1a9-42ee-9889-2c1141283f48: receive RaftClientReply:client-D92D4DC72CBF->bbace8e8-e1a9-42ee-9889-2c1141283f48@group-6332370B3E76, cid=188, SUCCESS, logIndex=3, commits[bbace8e8-e1a9-42ee-9889-2c1141283f48:c4, 4ba7b802-14f5-42b9-8dc4-3b2118cdd21d:c2, edc09431-f278-40d3-af03-90e48e877b17:c2]
2019-09-06 01:41:35,857 [Thread-3518] INFO  client.GrpcClientProtocolService (GrpcClientProtocolService.java:lambda$processClientRequest$0(278)) - Failed RaftClientRequest:client-F06A606426D6->bbace8e8-e1a9-42ee-9889-2c1141283f48@group-8FCE33E96697, cid=178, seq=0, Watch-ALL_COMMITTED(21), Message:<EMPTY>, reply=RaftClientReply:client-F06A606426D6->bbace8e8-e1a9-42ee-9889-2c1141283f48@group-8FCE33E96697, cid=178, FAILED org.apache.ratis.protocol.NotReplicatedException: Request with call Id 178 and log index 21 is not yet replicated to ALL_COMMITTED, logIndex=21, commits[bbace8e8-e1a9-42ee-9889-2c1141283f48:c28, 4ba7b802-14f5-42b9-8dc4-3b2118cdd21d:c28, af53648f-ad65-4ebd-a0ed-12c0c25e13ff:c15]
2019-09-06 01:41:35,864 [grpc-default-executor-2] INFO  client.GrpcClientProtocolClient (GrpcClientProtocolClient.java:onNext(255)) - client-F06A606426D6->bbace8e8-e1a9-42ee-9889-2c1141283f48: receive RaftClientReply:client-F06A606426D6->bbace8e8-e1a9-42ee-9889-2c1141283f48@group-8FCE33E96697, cid=178, FAILED org.apache.ratis.protocol.NotReplicatedException: Request with call Id 178 and log index 21 is not yet replicated to ALL_COMMITTED, logIndex=21, commits[bbace8e8-e1a9-42ee-9889-2c1141283f48:c28, 4ba7b802-14f5-42b9-8dc4-3b2118cdd21d:c28, af53648f-ad65-4ebd-a0ed-12c0c25e13ff:c15]
2019-09-06 01:41:36,017 [grpc-default-executor-2] WARN  server.GrpcLogAppender (LogUtils.java:warn(134)) - bbace8e8-e1a9-42ee-9889-2c1141283f48->af53648f-ad65-4ebd-a0ed-12c0c25e13ff: Failed appendEntries: org.apache.ratis.thirdparty.io.grpc.StatusRuntimeException: UNAVAILABLE: io exception
2019-09-06 01:41:36,017 [grpc-default-executor-2] INFO  impl.FollowerInfo (FollowerInfo.java:lambda$new$0(50)) - bbace8e8-e1a9-42ee-9889-2c1141283f48->af53648f-ad65-4ebd-a0ed-12c0c25e13ff: nextIndex: updateUnconditionally 12 -> 11
2019-09-06 01:41:36,566 [main] WARN  scm.XceiverClientRatis (XceiverClientRatis.java:watchForCommit(262)) - 3 way commit failed on pipeline Pipeline[ Id: b4edc1b9-93f6-446f-92a1-6332370b3e76, Nodes: bbace8e8-e1a9-42ee-9889-2c1141283f48{ip: 192.168.5.177, host: pr-hdds-2015-4zh84-2711163145, networkLocation: /default-rack, certSerialId: null}4ba7b802-14f5-42b9-8dc4-3b2118cdd21d{ip: 192.168.5.177, host: pr-hdds-2015-4zh84-2711163145, networkLocation: /default-rack, certSerialId: null}edc09431-f278-40d3-af03-90e48e877b17{ip: 192.168.5.177, host: pr-hdds-2015-4zh84-2711163145, networkLocation: /default-rack, certSerialId: null}, Type:RATIS, Factor:THREE, State:OPEN]
java.util.concurrent.TimeoutException
	at java.util.concurrent.CompletableFuture.timedGet(CompletableFuture.java:1771)
	at java.util.concurrent.CompletableFuture.get(CompletableFuture.java:1915)
	at org.apache.hadoop.hdds.scm.XceiverClientRatis.watchForCommit(XceiverClientRatis.java:259)
	at org.apache.hadoop.hdds.scm.storage.CommitWatcher.watchForCommit(CommitWatcher.java:194)
	at org.apache.hadoop.hdds.scm.storage.CommitWatcher.watchOnLastIndex(CommitWatcher.java:157)
	at org.apache.hadoop.hdds.scm.storage.BlockOutputStream.watchForCommit(BlockOutputStream.java:347)
	at org.apache.hadoop.hdds.scm.storage.BlockOutputStream.handleFlush(BlockOutputStream.java:479)
	at org.apache.hadoop.hdds.scm.storage.BlockOutputStream.flush(BlockOutputStream.java:428)
	at org.apache.hadoop.ozone.client.io.BlockOutputStreamEntry.flush(BlockOutputStreamEntry.java:136)
	at org.apache.hadoop.ozone.client.io.KeyOutputStream.handleFlushOrClose(KeyOutputStream.java:442)
	at org.apache.hadoop.ozone.client.io.KeyOutputStream.flush(KeyOutputStream.java:396)
	at org.apache.hadoop.ozone.client.io.OzoneOutputStream.flush(OzoneOutputStream.java:54)
	at org.apache.hadoop.ozone.client.rpc.TestBlockOutputStreamWithFailures.testWatchForCommitDatanodeFailure(TestBlockOutputStreamWithFailures.java:365)
	at sun.reflect.NativeMethodAccessorImpl.invoke0(Native Method)
	at sun.reflect.NativeMethodAccessorImpl.invoke(NativeMethodAccessorImpl.java:62)
	at sun.reflect.DelegatingMethodAccessorImpl.invoke(DelegatingMethodAccessorImpl.java:43)
	at java.lang.reflect.Method.invoke(Method.java:498)
	at org.junit.runners.model.FrameworkMethod$1.runReflectiveCall(FrameworkMethod.java:47)
	at org.junit.internal.runners.model.ReflectiveCallable.run(ReflectiveCallable.java:12)
	at org.junit.runners.model.FrameworkMethod.invokeExplosively(FrameworkMethod.java:44)
	at org.junit.internal.runners.statements.InvokeMethod.evaluate(InvokeMethod.java:17)
	at org.junit.internal.runners.statements.RunBefores.evaluate(RunBefores.java:26)
	at org.junit.internal.runners.statements.RunAfters.evaluate(RunAfters.java:27)
	at org.junit.runners.ParentRunner.runLeaf(ParentRunner.java:271)
	at org.junit.runners.BlockJUnit4ClassRunner.runChild(BlockJUnit4ClassRunner.java:70)
	at org.junit.runners.BlockJUnit4ClassRunner.runChild(BlockJUnit4ClassRunner.java:50)
	at org.junit.runners.ParentRunner$3.run(ParentRunner.java:238)
	at org.junit.runners.ParentRunner$1.schedule(ParentRunner.java:63)
	at org.junit.runners.ParentRunner.runChildren(ParentRunner.java:236)
	at org.junit.runners.ParentRunner.access$000(ParentRunner.java:53)
	at org.junit.runners.ParentRunner$2.evaluate(ParentRunner.java:229)
	at org.junit.runners.ParentRunner.run(ParentRunner.java:309)
	at org.apache.maven.surefire.junit4.JUnit4Provider.execute(JUnit4Provider.java:365)
	at org.apache.maven.surefire.junit4.JUnit4Provider.executeWithRerun(JUnit4Provider.java:273)
	at org.apache.maven.surefire.junit4.JUnit4Provider.executeTestSet(JUnit4Provider.java:238)
	at org.apache.maven.surefire.junit4.JUnit4Provider.invoke(JUnit4Provider.java:159)
	at org.apache.maven.surefire.booter.ForkedBooter.invokeProviderInSameClassLoader(ForkedBooter.java:384)
	at org.apache.maven.surefire.booter.ForkedBooter.runSuitesInProcess(ForkedBooter.java:345)
	at org.apache.maven.surefire.booter.ForkedBooter.execute(ForkedBooter.java:126)
	at org.apache.maven.surefire.booter.ForkedBooter.main(ForkedBooter.java:418)
2019-09-06 01:41:37,569 [main] WARN  storage.CommitWatcher (CommitWatcher.java:watchForCommit(203)) - watchForCommit failed for index 3
java.util.concurrent.TimeoutException
	at java.util.concurrent.CompletableFuture.timedGet(CompletableFuture.java:1771)
	at java.util.concurrent.CompletableFuture.get(CompletableFuture.java:1915)
	at org.apache.hadoop.hdds.scm.XceiverClientRatis.watchForCommit(XceiverClientRatis.java:268)
	at org.apache.hadoop.hdds.scm.storage.CommitWatcher.watchForCommit(CommitWatcher.java:194)
	at org.apache.hadoop.hdds.scm.storage.CommitWatcher.watchOnLastIndex(CommitWatcher.java:157)
	at org.apache.hadoop.hdds.scm.storage.BlockOutputStream.watchForCommit(BlockOutputStream.java:347)
	at org.apache.hadoop.hdds.scm.storage.BlockOutputStream.handleFlush(BlockOutputStream.java:479)
	at org.apache.hadoop.hdds.scm.storage.BlockOutputStream.flush(BlockOutputStream.java:428)
	at org.apache.hadoop.ozone.client.io.BlockOutputStreamEntry.flush(BlockOutputStreamEntry.java:136)
	at org.apache.hadoop.ozone.client.io.KeyOutputStream.handleFlushOrClose(KeyOutputStream.java:442)
	at org.apache.hadoop.ozone.client.io.KeyOutputStream.flush(KeyOutputStream.java:396)
	at org.apache.hadoop.ozone.client.io.OzoneOutputStream.flush(OzoneOutputStream.java:54)
	at org.apache.hadoop.ozone.client.rpc.TestBlockOutputStreamWithFailures.testWatchForCommitDatanodeFailure(TestBlockOutputStreamWithFailures.java:365)
	at sun.reflect.NativeMethodAccessorImpl.invoke0(Native Method)
	at sun.reflect.NativeMethodAccessorImpl.invoke(NativeMethodAccessorImpl.java:62)
	at sun.reflect.DelegatingMethodAccessorImpl.invoke(DelegatingMethodAccessorImpl.java:43)
	at java.lang.reflect.Method.invoke(Method.java:498)
	at org.junit.runners.model.FrameworkMethod$1.runReflectiveCall(FrameworkMethod.java:47)
	at org.junit.internal.runners.model.ReflectiveCallable.run(ReflectiveCallable.java:12)
	at org.junit.runners.model.FrameworkMethod.invokeExplosively(FrameworkMethod.java:44)
	at org.junit.internal.runners.statements.InvokeMethod.evaluate(InvokeMethod.java:17)
	at org.junit.internal.runners.statements.RunBefores.evaluate(RunBefores.java:26)
	at org.junit.internal.runners.statements.RunAfters.evaluate(RunAfters.java:27)
	at org.junit.runners.ParentRunner.runLeaf(ParentRunner.java:271)
	at org.junit.runners.BlockJUnit4ClassRunner.runChild(BlockJUnit4ClassRunner.java:70)
	at org.junit.runners.BlockJUnit4ClassRunner.runChild(BlockJUnit4ClassRunner.java:50)
	at org.junit.runners.ParentRunner$3.run(ParentRunner.java:238)
	at org.junit.runners.ParentRunner$1.schedule(ParentRunner.java:63)
	at org.junit.runners.ParentRunner.runChildren(ParentRunner.java:236)
	at org.junit.runners.ParentRunner.access$000(ParentRunner.java:53)
	at org.junit.runners.ParentRunner$2.evaluate(ParentRunner.java:229)
	at org.junit.runners.ParentRunner.run(ParentRunner.java:309)
	at org.apache.maven.surefire.junit4.JUnit4Provider.execute(JUnit4Provider.java:365)
	at org.apache.maven.surefire.junit4.JUnit4Provider.executeWithRerun(JUnit4Provider.java:273)
	at org.apache.maven.surefire.junit4.JUnit4Provider.executeTestSet(JUnit4Provider.java:238)
	at org.apache.maven.surefire.junit4.JUnit4Provider.invoke(JUnit4Provider.java:159)
	at org.apache.maven.surefire.booter.ForkedBooter.invokeProviderInSameClassLoader(ForkedBooter.java:384)
	at org.apache.maven.surefire.booter.ForkedBooter.runSuitesInProcess(ForkedBooter.java:345)
	at org.apache.maven.surefire.booter.ForkedBooter.execute(ForkedBooter.java:126)
	at org.apache.maven.surefire.booter.ForkedBooter.main(ForkedBooter.java:418)
2019-09-06 01:41:37,571 [main] WARN  io.KeyOutputStream (KeyOutputStream.java:handleException(276)) - Encountered exception java.io.IOException: Unexpected Storage Container Exception: java.io.IOException: Unexpected Storage Container Exception: java.util.concurrent.TimeoutException on the pipeline Pipeline[ Id: b4edc1b9-93f6-446f-92a1-6332370b3e76, Nodes: bbace8e8-e1a9-42ee-9889-2c1141283f48{ip: 192.168.5.177, host: pr-hdds-2015-4zh84-2711163145, networkLocation: /default-rack, certSerialId: null}4ba7b802-14f5-42b9-8dc4-3b2118cdd21d{ip: 192.168.5.177, host: pr-hdds-2015-4zh84-2711163145, networkLocation: /default-rack, certSerialId: null}edc09431-f278-40d3-af03-90e48e877b17{ip: 192.168.5.177, host: pr-hdds-2015-4zh84-2711163145, networkLocation: /default-rack, certSerialId: null}, Type:RATIS, Factor:THREE, State:OPEN]. The last committed block length is 0, uncommitted data length is 100 retry count 0
2019-09-06 01:41:37,578 [IPC Server handler 4 on 41161] WARN  block.BlockManagerImpl (BlockManagerImpl.java:allocateBlock(192)) - Pipeline creation failed for type:RATIS factor:THREE. Retrying get pipelines call once.
org.apache.hadoop.hdds.scm.pipeline.InsufficientDatanodesException: Cannot create pipeline of factor 3 using 0 nodes.
	at org.apache.hadoop.hdds.scm.pipeline.RatisPipelineProvider.create(RatisPipelineProvider.java:151)
	at org.apache.hadoop.hdds.scm.pipeline.PipelineFactory.create(PipelineFactory.java:57)
	at org.apache.hadoop.hdds.scm.pipeline.SCMPipelineManager.createPipeline(SCMPipelineManager.java:149)
	at org.apache.hadoop.hdds.scm.block.BlockManagerImpl.allocateBlock(BlockManagerImpl.java:190)
	at org.apache.hadoop.hdds.scm.server.SCMBlockProtocolServer.allocateBlock(SCMBlockProtocolServer.java:182)
	at org.apache.hadoop.ozone.protocolPB.ScmBlockLocationProtocolServerSideTranslatorPB.allocateScmBlock(ScmBlockLocationProtocolServerSideTranslatorPB.java:183)
	at org.apache.hadoop.ozone.protocolPB.ScmBlockLocationProtocolServerSideTranslatorPB.processMessage(ScmBlockLocationProtocolServerSideTranslatorPB.java:141)
	at org.apache.hadoop.ozone.protocolPB.ScmBlockLocationProtocolServerSideTranslatorPB.send(ScmBlockLocationProtocolServerSideTranslatorPB.java:116)
	at org.apache.hadoop.hdds.protocol.proto.ScmBlockLocationProtocolProtos$ScmBlockLocationProtocolService$2.callBlockingMethod(ScmBlockLocationProtocolProtos.java:13157)
	at org.apache.hadoop.ipc.ProtobufRpcEngine$Server$ProtoBufRpcInvoker.call(ProtobufRpcEngine.java:524)
	at org.apache.hadoop.ipc.RPC$Server.call(RPC.java:1025)
	at org.apache.hadoop.ipc.Server$RpcCall.run(Server.java:876)
	at org.apache.hadoop.ipc.Server$RpcCall.run(Server.java:822)
	at java.security.AccessController.doPrivileged(Native Method)
	at javax.security.auth.Subject.doAs(Subject.java:422)
	at org.apache.hadoop.security.UserGroupInformation.doAs(UserGroupInformation.java:1730)
	at org.apache.hadoop.ipc.Server$Handler.run(Server.java:2682)
2019-09-06 01:41:37,578 [IPC Server handler 4 on 41161] INFO  block.BlockManagerImpl (BlockManagerImpl.java:allocateBlock(198)) - Could not find available pipeline of type:RATIS and factor:THREE even after retrying
2019-09-06 01:41:37,578 [IPC Server handler 4 on 41161] ERROR block.BlockManagerImpl (BlockManagerImpl.java:allocateBlock(222)) - Unable to allocate a block for the size: 800, type: RATIS, factor: THREE
01:41:37.581 [IPC Server handler 0 on 41773] ERROR OMAudit - user=jenkins1000 | ip=127.0.0.1 | op=ALLOCATE_BLOCK {volume=testblockoutputstream, bucket=testblockoutputstream, key=617e002f-b973-4e73-bbdd-3ccad9c646c4, dataSize=0, replicationType=null, replicationFactor=null, keyLocationInfo=null, clientID=102743020252692493} | ret=FAILURE
org.apache.hadoop.hdds.scm.exceptions.SCMException: Allocated 0 blocks. Requested 1 blocks
	at org.apache.hadoop.hdds.scm.protocolPB.ScmBlockLocationProtocolClientSideTranslatorPB.handleError(ScmBlockLocationProtocolClientSideTranslatorPB.java:118) ~[hadoop-hdds-common-0.5.0-SNAPSHOT.jar:?]
	at org.apache.hadoop.hdds.scm.protocolPB.ScmBlockLocationProtocolClientSideTranslatorPB.allocateBlock(ScmBlockLocationProtocolClientSideTranslatorPB.java:156) ~[hadoop-hdds-common-0.5.0-SNAPSHOT.jar:?]
	at sun.reflect.NativeMethodAccessorImpl.invoke0(Native Method) ~[?:1.8.0_212]
	at sun.reflect.NativeMethodAccessorImpl.invoke(NativeMethodAccessorImpl.java:62) ~[?:1.8.0_212]
	at sun.reflect.DelegatingMethodAccessorImpl.invoke(DelegatingMethodAccessorImpl.java:43) ~[?:1.8.0_212]
	at java.lang.reflect.Method.invoke(Method.java:498) ~[?:1.8.0_212]
	at org.apache.hadoop.hdds.tracing.TraceAllMethod.invoke(TraceAllMethod.java:66) ~[hadoop-hdds-common-0.5.0-SNAPSHOT.jar:?]
	at com.sun.proxy.$Proxy27.allocateBlock(Unknown Source) ~[?:?]
	at org.apache.hadoop.ozone.om.KeyManagerImpl.allocateBlock(KeyManagerImpl.java:328) ~[hadoop-ozone-ozone-manager-0.5.0-SNAPSHOT.jar:?]
	at org.apache.hadoop.ozone.om.KeyManagerImpl.allocateBlock(KeyManagerImpl.java:299) ~[hadoop-ozone-ozone-manager-0.5.0-SNAPSHOT.jar:?]
	at org.apache.hadoop.ozone.om.OzoneManager.allocateBlock(OzoneManager.java:2274) [hadoop-ozone-ozone-manager-0.5.0-SNAPSHOT.jar:?]
	at org.apache.hadoop.ozone.protocolPB.OzoneManagerRequestHandler.allocateBlock(OzoneManagerRequestHandler.java:745) [hadoop-ozone-ozone-manager-0.5.0-SNAPSHOT.jar:?]
	at org.apache.hadoop.ozone.protocolPB.OzoneManagerRequestHandler.handle(OzoneManagerRequestHandler.java:244) [hadoop-ozone-ozone-manager-0.5.0-SNAPSHOT.jar:?]
	at org.apache.hadoop.ozone.protocolPB.OzoneManagerProtocolServerSideTranslatorPB.submitRequestDirectlyToOM(OzoneManagerProtocolServerSideTranslatorPB.java:233) [hadoop-ozone-ozone-manager-0.5.0-SNAPSHOT.jar:?]
	at org.apache.hadoop.ozone.protocolPB.OzoneManagerProtocolServerSideTranslatorPB.processRequest(OzoneManagerProtocolServerSideTranslatorPB.java:151) [hadoop-ozone-ozone-manager-0.5.0-SNAPSHOT.jar:?]
	at org.apache.hadoop.ozone.protocolPB.OzoneManagerProtocolServerSideTranslatorPB.submitRequest(OzoneManagerProtocolServerSideTranslatorPB.java:105) [hadoop-ozone-ozone-manager-0.5.0-SNAPSHOT.jar:?]
	at org.apache.hadoop.ozone.protocol.proto.OzoneManagerProtocolProtos$OzoneManagerService$2.callBlockingMethod(OzoneManagerProtocolProtos.java) [hadoop-ozone-common-0.5.0-SNAPSHOT.jar:?]
	at org.apache.hadoop.ipc.ProtobufRpcEngine$Server$ProtoBufRpcInvoker.call(ProtobufRpcEngine.java:524) [hadoop-common-3.2.0.jar:?]
	at org.apache.hadoop.ipc.RPC$Server.call(RPC.java:1025) [hadoop-common-3.2.0.jar:?]
	at org.apache.hadoop.ipc.Server$RpcCall.run(Server.java:876) [hadoop-common-3.2.0.jar:?]
	at org.apache.hadoop.ipc.Server$RpcCall.run(Server.java:822) [hadoop-common-3.2.0.jar:?]
	at java.security.AccessController.doPrivileged(Native Method) [?:1.8.0_212]
	at javax.security.auth.Subject.doAs(Subject.java:422) [?:1.8.0_212]
	at org.apache.hadoop.security.UserGroupInformation.doAs(UserGroupInformation.java:1730) [hadoop-common-3.2.0.jar:?]
	at org.apache.hadoop.ipc.Server$Handler.run(Server.java:2682) [hadoop-common-3.2.0.jar:?]
2019-09-06 01:41:37,584 [main] ERROR io.BlockOutputStreamEntryPool (BlockOutputStreamEntryPool.java:allocateBlockIfNeeded(299)) - Try to allocate more blocks for write failed, already allocated 0 blocks for this write.
INTERNAL_ERROR org.apache.hadoop.ozone.om.exceptions.OMException: Allocated 0 blocks. Requested 1 blocks
	at org.apache.hadoop.ozone.om.protocolPB.OzoneManagerProtocolClientSideTranslatorPB.handleError(OzoneManagerProtocolClientSideTranslatorPB.java:725)
	at org.apache.hadoop.ozone.om.protocolPB.OzoneManagerProtocolClientSideTranslatorPB.allocateBlock(OzoneManagerProtocolClientSideTranslatorPB.java:757)
	at org.apache.hadoop.ozone.client.io.BlockOutputStreamEntryPool.allocateNewBlock(BlockOutputStreamEntryPool.java:248)
	at org.apache.hadoop.ozone.client.io.BlockOutputStreamEntryPool.allocateBlockIfNeeded(BlockOutputStreamEntryPool.java:296)
	at org.apache.hadoop.ozone.client.io.KeyOutputStream.handleWrite(KeyOutputStream.java:201)
	at org.apache.hadoop.ozone.client.io.KeyOutputStream.handleRetry(KeyOutputStream.java:376)
	at org.apache.hadoop.ozone.client.io.KeyOutputStream.handleException(KeyOutputStream.java:325)
	at org.apache.hadoop.ozone.client.io.KeyOutputStream.handleFlushOrClose(KeyOutputStream.java:448)
	at org.apache.hadoop.ozone.client.io.KeyOutputStream.flush(KeyOutputStream.java:396)
	at org.apache.hadoop.ozone.client.io.OzoneOutputStream.flush(OzoneOutputStream.java:54)
	at org.apache.hadoop.ozone.client.rpc.TestBlockOutputStreamWithFailures.testWatchForCommitDatanodeFailure(TestBlockOutputStreamWithFailures.java:365)
	at sun.reflect.NativeMethodAccessorImpl.invoke0(Native Method)
	at sun.reflect.NativeMethodAccessorImpl.invoke(NativeMethodAccessorImpl.java:62)
	at sun.reflect.DelegatingMethodAccessorImpl.invoke(DelegatingMethodAccessorImpl.java:43)
	at java.lang.reflect.Method.invoke(Method.java:498)
	at org.junit.runners.model.FrameworkMethod$1.runReflectiveCall(FrameworkMethod.java:47)
	at org.junit.internal.runners.model.ReflectiveCallable.run(ReflectiveCallable.java:12)
	at org.junit.runners.model.FrameworkMethod.invokeExplosively(FrameworkMethod.java:44)
	at org.junit.internal.runners.statements.InvokeMethod.evaluate(InvokeMethod.java:17)
	at org.junit.internal.runners.statements.RunBefores.evaluate(RunBefores.java:26)
	at org.junit.internal.runners.statements.RunAfters.evaluate(RunAfters.java:27)
	at org.junit.runners.ParentRunner.runLeaf(ParentRunner.java:271)
	at org.junit.runners.BlockJUnit4ClassRunner.runChild(BlockJUnit4ClassRunner.java:70)
	at org.junit.runners.BlockJUnit4ClassRunner.runChild(BlockJUnit4ClassRunner.java:50)
	at org.junit.runners.ParentRunner$3.run(ParentRunner.java:238)
	at org.junit.runners.ParentRunner$1.schedule(ParentRunner.java:63)
	at org.junit.runners.ParentRunner.runChildren(ParentRunner.java:236)
	at org.junit.runners.ParentRunner.access$000(ParentRunner.java:53)
	at org.junit.runners.ParentRunner$2.evaluate(ParentRunner.java:229)
	at org.junit.runners.ParentRunner.run(ParentRunner.java:309)
	at org.apache.maven.surefire.junit4.JUnit4Provider.execute(JUnit4Provider.java:365)
	at org.apache.maven.surefire.junit4.JUnit4Provider.executeWithRerun(JUnit4Provider.java:273)
	at org.apache.maven.surefire.junit4.JUnit4Provider.executeTestSet(JUnit4Provider.java:238)
	at org.apache.maven.surefire.junit4.JUnit4Provider.invoke(JUnit4Provider.java:159)
	at org.apache.maven.surefire.booter.ForkedBooter.invokeProviderInSameClassLoader(ForkedBooter.java:384)
	at org.apache.maven.surefire.booter.ForkedBooter.runSuitesInProcess(ForkedBooter.java:345)
	at org.apache.maven.surefire.booter.ForkedBooter.execute(ForkedBooter.java:126)
	at org.apache.maven.surefire.booter.ForkedBooter.main(ForkedBooter.java:418)
2019-09-06 01:41:37,585 [main] INFO  ozone.MiniOzoneClusterImpl (MiniOzoneClusterImpl.java:shutdown(307)) - Shutting down the Mini Ozone Cluster
2019-09-06 01:41:37,585 [main] INFO  ozone.MiniOzoneClusterImpl (MiniOzoneClusterImpl.java:stop(322)) - Stopping the Mini Ozone Cluster
2019-09-06 01:41:37,585 [main] INFO  ozone.MiniOzoneClusterImpl (MiniOzoneClusterImpl.java:stop(324)) - Stopping the OzoneManager
2019-09-06 01:41:37,585 [main] INFO  ipc.Server (Server.java:stop(3082)) - Stopping server on 41773
2019-09-06 01:41:37,597 [IPC Server listener on 41773] INFO  ipc.Server (Server.java:run(1185)) - Stopping IPC Server listener on 41773
2019-09-06 01:41:37,600 [main] INFO  ratis.OzoneManagerDoubleBuffer (OzoneManagerDoubleBuffer.java:stop(248)) - Stopping OMDoubleBuffer flush thread
2019-09-06 01:41:37,602 [IPC Server Responder] INFO  ipc.Server (Server.java:run(1319)) - Stopping IPC Server Responder
2019-09-06 01:41:37,606 [OMDoubleBufferFlushThread] INFO  ratis.OzoneManagerDoubleBuffer (OzoneManagerDoubleBuffer.java:flushTransactions(191)) - OMDoubleBuffer flush thread OMDoubleBufferFlushThread is interrupted and will exit. OMDoubleBufferFlushThread
2019-09-06 01:41:37,617 [main] INFO  utils.BackgroundService (BackgroundService.java:shutdown(148)) - Shutting down service KeyDeletingService
2019-09-06 01:41:37,619 [main] INFO  handler.ContextHandler (ContextHandler.java:doStop(910)) - Stopped o.e.j.w.WebAppContext@7c588adc{/,null,UNAVAILABLE}{/ozoneManager}
2019-09-06 01:41:37,620 [main] INFO  server.AbstractConnector (AbstractConnector.java:doStop(318)) - Stopped ServerConnector@33ec2c0c{HTTP/1.1,[http/1.1]}{0.0.0.0:0}
2019-09-06 01:41:37,620 [main] INFO  handler.ContextHandler (ContextHandler.java:doStop(910)) - Stopped o.e.j.s.ServletContextHandler@76216830{/static,file:///workdir/hadoop-ozone/integration-test/target/test-classes/webapps/static,UNAVAILABLE}
2019-09-06 01:41:37,620 [main] INFO  handler.ContextHandler (ContextHandler.java:doStop(910)) - Stopped o.e.j.s.ServletContextHandler@1118d539{/logs,file:///workdir/hadoop-ozone/integration-test/target/log,UNAVAILABLE}
2019-09-06 01:41:37,623 [main] INFO  ozone.MiniOzoneClusterImpl (MiniOzoneClusterImpl.java:stop(330)) - Shutting the HddsDatanodes
2019-09-06 01:41:37,921 [Datanode State Machine Thread - 0] INFO  statemachine.DatanodeStateMachine (DatanodeStateMachine.java:lambda$startDaemon$0(350)) - Ozone container server started.
2019-09-06 01:41:37,964 [grpc-default-executor-2] INFO  client.GrpcClientProtocolClient (GrpcClientProtocolClient.java:onNext(255)) - client-D92D4DC72CBF->bbace8e8-e1a9-42ee-9889-2c1141283f48: receive RaftClientReply:client-D92D4DC72CBF->bbace8e8-e1a9-42ee-9889-2c1141283f48@group-6332370B3E76, cid=190, SUCCESS, logIndex=0, commits[bbace8e8-e1a9-42ee-9889-2c1141283f48:c4, 4ba7b802-14f5-42b9-8dc4-3b2118cdd21d:c2, edc09431-f278-40d3-af03-90e48e877b17:c4]
2019-09-06 01:41:37,968 [grpc-default-executor-2] INFO  client.GrpcClientProtocolClient (GrpcClientProtocolClient.java:onNext(255)) - client-D92D4DC72CBF->bbace8e8-e1a9-42ee-9889-2c1141283f48: receive RaftClientReply:client-D92D4DC72CBF->bbace8e8-e1a9-42ee-9889-2c1141283f48@group-6332370B3E76, cid=189, SUCCESS, logIndex=0, commits[bbace8e8-e1a9-42ee-9889-2c1141283f48:c4, 4ba7b802-14f5-42b9-8dc4-3b2118cdd21d:c4, edc09431-f278-40d3-af03-90e48e877b17:c4]
2019-09-06 01:41:38,422 [Datanode State Machine Thread - 0] INFO  statemachine.DatanodeStateMachine (DatanodeStateMachine.java:lambda$startDaemon$0(350)) - Ozone container server started.
2019-09-06 01:41:38,518 [grpc-default-executor-2] WARN  server.GrpcLogAppender (LogUtils.java:warn(134)) - bbace8e8-e1a9-42ee-9889-2c1141283f48->af53648f-ad65-4ebd-a0ed-12c0c25e13ff: Failed appendEntries: org.apache.ratis.thirdparty.io.grpc.StatusRuntimeException: UNAVAILABLE: io exception
2019-09-06 01:41:38,519 [grpc-default-executor-2] INFO  impl.FollowerInfo (FollowerInfo.java:lambda$new$0(50)) - bbace8e8-e1a9-42ee-9889-2c1141283f48->af53648f-ad65-4ebd-a0ed-12c0c25e13ff: nextIndex: updateUnconditionally 11 -> 10
2019-09-06 01:41:39,857 [Thread-3535] INFO  client.GrpcClientProtocolService (GrpcClientProtocolService.java:lambda$processClientRequest$0(278)) - Failed RaftClientRequest:client-F06A606426D6->bbace8e8-e1a9-42ee-9889-2c1141283f48@group-8FCE33E96697, cid=178, seq=0, Watch-ALL_COMMITTED(21), Message:<EMPTY>, reply=RaftClientReply:client-F06A606426D6->bbace8e8-e1a9-42ee-9889-2c1141283f48@group-8FCE33E96697, cid=178, FAILED org.apache.ratis.protocol.NotReplicatedException: Request with call Id 178 and log index 21 is not yet replicated to ALL_COMMITTED, logIndex=21, commits[bbace8e8-e1a9-42ee-9889-2c1141283f48:c28, 4ba7b802-14f5-42b9-8dc4-3b2118cdd21d:c28, af53648f-ad65-4ebd-a0ed-12c0c25e13ff:c15]
2019-09-06 01:41:39,858 [grpc-default-executor-2] INFO  client.GrpcClientProtocolClient (GrpcClientProtocolClient.java:onNext(255)) - client-F06A606426D6->bbace8e8-e1a9-42ee-9889-2c1141283f48: receive RaftClientReply:client-F06A606426D6->bbace8e8-e1a9-42ee-9889-2c1141283f48@group-8FCE33E96697, cid=178, FAILED org.apache.ratis.protocol.NotReplicatedException: Request with call Id 178 and log index 21 is not yet replicated to ALL_COMMITTED, logIndex=21, commits[bbace8e8-e1a9-42ee-9889-2c1141283f48:c28, 4ba7b802-14f5-42b9-8dc4-3b2118cdd21d:c28, af53648f-ad65-4ebd-a0ed-12c0c25e13ff:c15]
2019-09-06 01:41:41,019 [grpc-default-executor-5] WARN  server.GrpcLogAppender (LogUtils.java:warn(134)) - bbace8e8-e1a9-42ee-9889-2c1141283f48->af53648f-ad65-4ebd-a0ed-12c0c25e13ff: Failed appendEntries: org.apache.ratis.thirdparty.io.grpc.StatusRuntimeException: UNAVAILABLE: io exception
2019-09-06 01:41:41,019 [grpc-default-executor-5] INFO  impl.FollowerInfo (FollowerInfo.java:lambda$new$0(50)) - bbace8e8-e1a9-42ee-9889-2c1141283f48->af53648f-ad65-4ebd-a0ed-12c0c25e13ff: nextIndex: updateUnconditionally 10 -> 9
2019-09-06 01:41:41,997 [EventQueue-StaleNodeForStaleNodeHandler] INFO  node.StaleNodeHandler (StaleNodeHandler.java:onMessage(58)) - Datanode f6e8ff06-084b-46ba-beae-927f7c0622d9{ip: 192.168.5.177, host: pr-hdds-2015-4zh84-2711163145, networkLocation: /default-rack, certSerialId: null} moved to stale state. Finalizing its pipelines [PipelineID=c9cb5bd3-5052-4ddf-b85d-d615ff25b2d2, PipelineID=6c4d667b-3be0-4163-a80f-ec800fa9209c]
2019-09-06 01:41:41,997 [EventQueue-StaleNodeForStaleNodeHandler] INFO  pipeline.SCMPipelineManager (SCMPipelineManager.java:finalizeAndDestroyPipeline(309)) - destroying pipeline:Pipeline[ Id: c9cb5bd3-5052-4ddf-b85d-d615ff25b2d2, Nodes: ee89e297-a801-48e6-912d-41102d8ca779{ip: 192.168.5.177, host: pr-hdds-2015-4zh84-2711163145, networkLocation: /default-rack, certSerialId: null}f6e8ff06-084b-46ba-beae-927f7c0622d9{ip: 192.168.5.177, host: pr-hdds-2015-4zh84-2711163145, networkLocation: /default-rack, certSerialId: null}1f2e57d7-1cd2-4b96-9676-7904a5c1d338{ip: 192.168.5.177, host: pr-hdds-2015-4zh84-2711163145, networkLocation: /default-rack, certSerialId: null}, Type:RATIS, Factor:THREE, State:OPEN]
2019-09-06 01:41:41,997 [EventQueue-StaleNodeForStaleNodeHandler] INFO  pipeline.PipelineStateManager (PipelineStateManager.java:finalizePipeline(123)) - Pipeline Pipeline[ Id: c9cb5bd3-5052-4ddf-b85d-d615ff25b2d2, Nodes: ee89e297-a801-48e6-912d-41102d8ca779{ip: 192.168.5.177, host: pr-hdds-2015-4zh84-2711163145, networkLocation: /default-rack, certSerialId: null}f6e8ff06-084b-46ba-beae-927f7c0622d9{ip: 192.168.5.177, host: pr-hdds-2015-4zh84-2711163145, networkLocation: /default-rack, certSerialId: null}1f2e57d7-1cd2-4b96-9676-7904a5c1d338{ip: 192.168.5.177, host: pr-hdds-2015-4zh84-2711163145, networkLocation: /default-rack, certSerialId: null}, Type:RATIS, Factor:THREE, State:CLOSED] moved to CLOSED state
2019-09-06 01:41:41,997 [EventQueue-CloseContainerForCloseContainerEventHandler] INFO  container.CloseContainerEventHandler (CloseContainerEventHandler.java:onMessage(61)) - Close container Event triggered for container : #2
2019-09-06 01:41:41,997 [EventQueue-StaleNodeForStaleNodeHandler] INFO  pipeline.SCMPipelineManager (SCMPipelineManager.java:finalizeAndDestroyPipeline(309)) - destroying pipeline:Pipeline[ Id: 6c4d667b-3be0-4163-a80f-ec800fa9209c, Nodes: f6e8ff06-084b-46ba-beae-927f7c0622d9{ip: 192.168.5.177, host: pr-hdds-2015-4zh84-2711163145, networkLocation: /default-rack, certSerialId: null}, Type:RATIS, Factor:ONE, State:OPEN]
2019-09-06 01:41:41,998 [EventQueue-StaleNodeForStaleNodeHandler] INFO  pipeline.PipelineStateManager (PipelineStateManager.java:finalizePipeline(123)) - Pipeline Pipeline[ Id: 6c4d667b-3be0-4163-a80f-ec800fa9209c, Nodes: f6e8ff06-084b-46ba-beae-927f7c0622d9{ip: 192.168.5.177, host: pr-hdds-2015-4zh84-2711163145, networkLocation: /default-rack, certSerialId: null}, Type:RATIS, Factor:ONE, State:CLOSED] moved to CLOSED state
2019-09-06 01:41:42,497 [EventQueue-StaleNodeForStaleNodeHandler] INFO  node.StaleNodeHandler (StaleNodeHandler.java:onMessage(58)) - Datanode bbace8e8-e1a9-42ee-9889-2c1141283f48{ip: 192.168.5.177, host: pr-hdds-2015-4zh84-2711163145, networkLocation: /default-rack, certSerialId: null} moved to stale state. Finalizing its pipelines [PipelineID=19dbd636-73b9-4f00-80d5-8fce33e96697, PipelineID=b4edc1b9-93f6-446f-92a1-6332370b3e76, PipelineID=0abf532b-6e57-407e-abec-baf6529e71f2]
2019-09-06 01:41:42,498 [EventQueue-StaleNodeForStaleNodeHandler] INFO  pipeline.SCMPipelineManager (SCMPipelineManager.java:finalizeAndDestroyPipeline(309)) - destroying pipeline:Pipeline[ Id: 19dbd636-73b9-4f00-80d5-8fce33e96697, Nodes: af53648f-ad65-4ebd-a0ed-12c0c25e13ff{ip: 192.168.5.177, host: pr-hdds-2015-4zh84-2711163145, networkLocation: /default-rack, certSerialId: null}bbace8e8-e1a9-42ee-9889-2c1141283f48{ip: 192.168.5.177, host: pr-hdds-2015-4zh84-2711163145, networkLocation: /default-rack, certSerialId: null}4ba7b802-14f5-42b9-8dc4-3b2118cdd21d{ip: 192.168.5.177, host: pr-hdds-2015-4zh84-2711163145, networkLocation: /default-rack, certSerialId: null}, Type:RATIS, Factor:THREE, State:CLOSED]
2019-09-06 01:41:42,498 [EventQueue-StaleNodeForStaleNodeHandler] INFO  pipeline.SCMPipelineManager (SCMPipelineManager.java:finalizeAndDestroyPipeline(309)) - destroying pipeline:Pipeline[ Id: b4edc1b9-93f6-446f-92a1-6332370b3e76, Nodes: bbace8e8-e1a9-42ee-9889-2c1141283f48{ip: 192.168.5.177, host: pr-hdds-2015-4zh84-2711163145, networkLocation: /default-rack, certSerialId: null}4ba7b802-14f5-42b9-8dc4-3b2118cdd21d{ip: 192.168.5.177, host: pr-hdds-2015-4zh84-2711163145, networkLocation: /default-rack, certSerialId: null}edc09431-f278-40d3-af03-90e48e877b17{ip: 192.168.5.177, host: pr-hdds-2015-4zh84-2711163145, networkLocation: /default-rack, certSerialId: null}, Type:RATIS, Factor:THREE, State:OPEN]
2019-09-06 01:41:42,498 [EventQueue-StaleNodeForStaleNodeHandler] INFO  pipeline.PipelineStateManager (PipelineStateManager.java:finalizePipeline(123)) - Pipeline Pipeline[ Id: b4edc1b9-93f6-446f-92a1-6332370b3e76, Nodes: bbace8e8-e1a9-42ee-9889-2c1141283f48{ip: 192.168.5.177, host: pr-hdds-2015-4zh84-2711163145, networkLocation: /default-rack, certSerialId: null}4ba7b802-14f5-42b9-8dc4-3b2118cdd21d{ip: 192.168.5.177, host: pr-hdds-2015-4zh84-2711163145, networkLocation: /default-rack, certSerialId: null}edc09431-f278-40d3-af03-90e48e877b17{ip: 192.168.5.177, host: pr-hdds-2015-4zh84-2711163145, networkLocation: /default-rack, certSerialId: null}, Type:RATIS, Factor:THREE, State:CLOSED] moved to CLOSED state
2019-09-06 01:41:42,498 [EventQueue-CloseContainerForCloseContainerEventHandler] INFO  container.CloseContainerEventHandler (CloseContainerEventHandler.java:onMessage(61)) - Close container Event triggered for container : #3
2019-09-06 01:41:42,498 [EventQueue-StaleNodeForStaleNodeHandler] INFO  pipeline.SCMPipelineManager (SCMPipelineManager.java:finalizeAndDestroyPipeline(309)) - destroying pipeline:Pipeline[ Id: 0abf532b-6e57-407e-abec-baf6529e71f2, Nodes: bbace8e8-e1a9-42ee-9889-2c1141283f48{ip: 192.168.5.177, host: pr-hdds-2015-4zh84-2711163145, networkLocation: /default-rack, certSerialId: null}, Type:RATIS, Factor:ONE, State:OPEN]
2019-09-06 01:41:42,498 [EventQueue-StaleNodeForStaleNodeHandler] INFO  pipeline.PipelineStateManager (PipelineStateManager.java:finalizePipeline(123)) - Pipeline Pipeline[ Id: 0abf532b-6e57-407e-abec-baf6529e71f2, Nodes: bbace8e8-e1a9-42ee-9889-2c1141283f48{ip: 192.168.5.177, host: pr-hdds-2015-4zh84-2711163145, networkLocation: /default-rack, certSerialId: null}, Type:RATIS, Factor:ONE, State:CLOSED] moved to CLOSED state
2019-09-06 01:41:42,624 [main] INFO  ozoneimpl.OzoneContainer (OzoneContainer.java:stop(215)) - Attempting to stop container services.
2019-09-06 01:41:42,624 [ForkJoinPool.commonPool-worker-0] INFO  ozoneimpl.OzoneContainer (OzoneContainer.java:stop(215)) - Attempting to stop container services.
2019-09-06 01:41:42,625 [main] INFO  impl.RaftServerProxy (RaftServerProxy.java:lambda$close$4(314)) - f6e8ff06-084b-46ba-beae-927f7c0622d9: close
2019-09-06 01:41:42,625 [ForkJoinPool.commonPool-worker-0] INFO  impl.RaftServerProxy (RaftServerProxy.java:lambda$close$4(314)) - bbace8e8-e1a9-42ee-9889-2c1141283f48: close
2019-09-06 01:41:42,625 [main] INFO  impl.RaftServerImpl (RaftServerImpl.java:lambda$shutdown$3(245)) - f6e8ff06-084b-46ba-beae-927f7c0622d9: shutdown group-D615FF25B2D2
2019-09-06 01:41:42,625 [ForkJoinPool.commonPool-worker-0] INFO  impl.RaftServerImpl (RaftServerImpl.java:lambda$shutdown$3(245)) - bbace8e8-e1a9-42ee-9889-2c1141283f48: shutdown group-8FCE33E96697
2019-09-06 01:41:42,626 [main] INFO  util.JmxRegister (JmxRegister.java:unregister(73)) - Successfully un-registered JMX Bean with object name Ratis:service=RaftServer,group=group-D615FF25B2D2,id=f6e8ff06-084b-46ba-beae-927f7c0622d9
2019-09-06 01:41:42,626 [ForkJoinPool.commonPool-worker-0] INFO  util.JmxRegister (JmxRegister.java:unregister(73)) - Successfully un-registered JMX Bean with object name Ratis:service=RaftServer,group=group-8FCE33E96697,id=bbace8e8-e1a9-42ee-9889-2c1141283f48
2019-09-06 01:41:42,627 [main] INFO  impl.RoleInfo (RoleInfo.java:shutdownFollowerState(121)) - f6e8ff06-084b-46ba-beae-927f7c0622d9: shutdown FollowerState
2019-09-06 01:41:42,627 [ForkJoinPool.commonPool-worker-0] INFO  impl.RoleInfo (RoleInfo.java:shutdownLeaderState(104)) - bbace8e8-e1a9-42ee-9889-2c1141283f48: shutdown LeaderState
2019-09-06 01:41:42,627 [Thread-3300] INFO  impl.FollowerState (FollowerState.java:run(114)) - f6e8ff06-084b-46ba-beae-927f7c0622d9: FollowerState was interrupted: java.lang.InterruptedException: sleep interrupted
2019-09-06 01:41:42,634 [org.apache.ratis.server.impl.LogAppender$AppenderDaemon$$Lambda$479/441325125@34c50d18] WARN  server.GrpcLogAppender (GrpcLogAppender.java:mayWait(143)) - GrpcLogAppender(bbace8e8-e1a9-42ee-9889-2c1141283f48->af53648f-ad65-4ebd-a0ed-12c0c25e13ff): Wait interrupted by java.lang.InterruptedException
2019-09-06 01:41:42,627 [StateMachineUpdater:f6e8ff06-084b-46ba-beae-927f7c0622d9:group-D615FF25B2D2] INFO  ratis.ContainerStateMachine (ContainerStateMachine.java:takeSnapshot(284)) - group-D615FF25B2D2: Taking a snapshot at:(t:1, i:4) file /workdir/hadoop-ozone/integration-test/target/test-dir/MiniOzoneClusterImpl-fa83d308-25e6-4772-bfe6-42db08352842/datanode-3/data/ratis/c9cb5bd3-5052-4ddf-b85d-d615ff25b2d2/sm/snapshot.1_4
2019-09-06 01:41:42,627 [main] INFO  impl.StateMachineUpdater (StateMachineUpdater.java:stopAndJoin(115)) - StateMachineUpdater:f6e8ff06-084b-46ba-beae-927f7c0622d9:group-D615FF25B2D2: set stopIndex = 4
2019-09-06 01:41:42,634 [org.apache.ratis.server.impl.LogAppender$AppenderDaemon$$Lambda$479/441325125@71c79d44] WARN  server.GrpcLogAppender (GrpcLogAppender.java:mayWait(143)) - GrpcLogAppender(bbace8e8-e1a9-42ee-9889-2c1141283f48->4ba7b802-14f5-42b9-8dc4-3b2118cdd21d): Wait interrupted by java.lang.InterruptedException
2019-09-06 01:41:42,634 [ForkJoinPool.commonPool-worker-0] INFO  impl.PendingRequests (PendingRequests.java:sendNotLeaderResponses(202)) - bbace8e8-e1a9-42ee-9889-2c1141283f48-PendingRequests: sendNotLeaderResponses
2019-09-06 01:41:42,651 [grpc-default-executor-5] INFO  server.GrpcServerProtocolService (GrpcServerProtocolService.java:onCompleted(104)) - 4ba7b802-14f5-42b9-8dc4-3b2118cdd21d: appendEntries completed
2019-09-06 01:41:42,651 [ForkJoinPool.commonPool-worker-0] INFO  impl.StateMachineUpdater (StateMachineUpdater.java:stopAndJoin(115)) - StateMachineUpdater:bbace8e8-e1a9-42ee-9889-2c1141283f48:group-8FCE33E96697: set stopIndex = 28
2019-09-06 01:41:42,651 [Thread-3541] INFO  client.GrpcClientProtocolService (GrpcClientProtocolService.java:lambda$processClientRequest$0(278)) - Failed RaftClientRequest:client-F06A606426D6->bbace8e8-e1a9-42ee-9889-2c1141283f48@group-8FCE33E96697, cid=178, seq=0, Watch-ALL_COMMITTED(21), Message:<EMPTY>, reply=RaftClientReply:client-F06A606426D6->bbace8e8-e1a9-42ee-9889-2c1141283f48@group-8FCE33E96697, cid=178, FAILED org.apache.ratis.protocol.NotLeaderException: Server bbace8e8-e1a9-42ee-9889-2c1141283f48 is not the leader (null). Request must be sent to leader., logIndex=0, commits[bbace8e8-e1a9-42ee-9889-2c1141283f48:c28]
2019-09-06 01:41:42,651 [StateMachineUpdater:bbace8e8-e1a9-42ee-9889-2c1141283f48:group-8FCE33E96697] INFO  ratis.ContainerStateMachine (ContainerStateMachine.java:takeSnapshot(284)) - group-8FCE33E96697: Taking a snapshot at:(t:1, i:28) file /workdir/hadoop-ozone/integration-test/target/test-dir/MiniOzoneClusterImpl-fa83d308-25e6-4772-bfe6-42db08352842/datanode-1/data/ratis/19dbd636-73b9-4f00-80d5-8fce33e96697/sm/snapshot.1_28
2019-09-06 01:41:42,652 [grpc-default-executor-5] INFO  server.GrpcLogAppender (GrpcLogAppender.java:onCompleted(292)) - bbace8e8-e1a9-42ee-9889-2c1141283f48->4ba7b802-14f5-42b9-8dc4-3b2118cdd21d: follower responses appendEntries COMPLETED
2019-09-06 01:41:42,652 [grpc-default-executor-5] INFO  impl.FollowerInfo (FollowerInfo.java:lambda$new$0(50)) - bbace8e8-e1a9-42ee-9889-2c1141283f48->4ba7b802-14f5-42b9-8dc4-3b2118cdd21d: nextIndex: updateUnconditionally 29 -> 28
2019-09-06 01:41:42,652 [grpc-default-executor-2] WARN  server.GrpcLogAppender (LogUtils.java:warn(134)) - bbace8e8-e1a9-42ee-9889-2c1141283f48->4ba7b802-14f5-42b9-8dc4-3b2118cdd21d: Failed appendEntries: org.apache.ratis.thirdparty.io.grpc.StatusRuntimeException: UNAVAILABLE: Channel shutdownNow invoked
2019-09-06 01:41:42,653 [grpc-default-executor-8] WARN  server.GrpcServerProtocolService (LogUtils.java:warn(134)) - 4ba7b802-14f5-42b9-8dc4-3b2118cdd21d: appendEntries onError: org.apache.ratis.thirdparty.io.grpc.StatusRuntimeException: CANCELLED: cancelled before receiving half close
2019-09-06 01:41:42,653 [grpc-default-executor-2] INFO  impl.FollowerInfo (FollowerInfo.java:lambda$new$0(50)) - bbace8e8-e1a9-42ee-9889-2c1141283f48->4ba7b802-14f5-42b9-8dc4-3b2118cdd21d: nextIndex: updateUnconditionally 5 -> 4
2019-09-06 01:41:42,653 [grpc-default-executor-7] INFO  client.GrpcClientProtocolClient (GrpcClientProtocolClient.java:onNext(255)) - client-F06A606426D6->bbace8e8-e1a9-42ee-9889-2c1141283f48: receive RaftClientReply:client-F06A606426D6->bbace8e8-e1a9-42ee-9889-2c1141283f48@group-8FCE33E96697, cid=178, FAILED org.apache.ratis.protocol.NotLeaderException: Server bbace8e8-e1a9-42ee-9889-2c1141283f48 is not the leader (null). Request must be sent to leader., logIndex=0, commits[bbace8e8-e1a9-42ee-9889-2c1141283f48:c28]
2019-09-06 01:41:42,658 [StateMachineUpdater:f6e8ff06-084b-46ba-beae-927f7c0622d9:group-D615FF25B2D2] INFO  ratis.ContainerStateMachine (ContainerStateMachine.java:takeSnapshot(295)) - group-D615FF25B2D2: Finished taking a snapshot at:(t:1, i:4) file:/workdir/hadoop-ozone/integration-test/target/test-dir/MiniOzoneClusterImpl-fa83d308-25e6-4772-bfe6-42db08352842/datanode-3/data/ratis/c9cb5bd3-5052-4ddf-b85d-d615ff25b2d2/sm/snapshot.1_4 time:30
2019-09-06 01:41:42,658 [StateMachineUpdater:f6e8ff06-084b-46ba-beae-927f7c0622d9:group-D615FF25B2D2] INFO  impl.StateMachineUpdater (StateMachineUpdater.java:takeSnapshot(242)) - StateMachineUpdater:f6e8ff06-084b-46ba-beae-927f7c0622d9:group-D615FF25B2D2: Took a snapshot at index 4
2019-09-06 01:41:42,658 [StateMachineUpdater:f6e8ff06-084b-46ba-beae-927f7c0622d9:group-D615FF25B2D2] INFO  impl.StateMachineUpdater (StateMachineUpdater.java:lambda$new$0(80)) - StateMachineUpdater:f6e8ff06-084b-46ba-beae-927f7c0622d9:group-D615FF25B2D2: snapshotIndex: updateIncreasingly -1 -> 4
2019-09-06 01:41:42,658 [main] INFO  impl.RaftServerImpl (ServerState.java:close(394)) - f6e8ff06-084b-46ba-beae-927f7c0622d9:group-D615FF25B2D2 closes. The last applied log index is 4
2019-09-06 01:41:42,659 [f6e8ff06-084b-46ba-beae-927f7c0622d9-SegmentedRaftLogWorker:Storage Directory /workdir/hadoop-ozone/integration-test/target/test-dir/MiniOzoneClusterImpl-fa83d308-25e6-4772-bfe6-42db08352842/datanode-3/data/ratis/c9cb5bd3-5052-4ddf-b85d-d615ff25b2d2] INFO  segmented.SegmentedRaftLogWorker (SegmentedRaftLogWorker.java:run(313)) - f6e8ff06-084b-46ba-beae-927f7c0622d9-SegmentedRaftLogWorker:Storage Directory /workdir/hadoop-ozone/integration-test/target/test-dir/MiniOzoneClusterImpl-fa83d308-25e6-4772-bfe6-42db08352842/datanode-3/data/ratis/c9cb5bd3-5052-4ddf-b85d-d615ff25b2d2 was interrupted, exiting. There are 0 tasks remaining in the queue.
2019-09-06 01:41:42,661 [StateMachineUpdater:bbace8e8-e1a9-42ee-9889-2c1141283f48:group-8FCE33E96697] INFO  ratis.ContainerStateMachine (ContainerStateMachine.java:takeSnapshot(295)) - group-8FCE33E96697: Finished taking a snapshot at:(t:1, i:28) file:/workdir/hadoop-ozone/integration-test/target/test-dir/MiniOzoneClusterImpl-fa83d308-25e6-4772-bfe6-42db08352842/datanode-1/data/ratis/19dbd636-73b9-4f00-80d5-8fce33e96697/sm/snapshot.1_28 time:9
2019-09-06 01:41:42,661 [StateMachineUpdater:bbace8e8-e1a9-42ee-9889-2c1141283f48:group-8FCE33E96697] INFO  impl.StateMachineUpdater (StateMachineUpdater.java:takeSnapshot(242)) - StateMachineUpdater:bbace8e8-e1a9-42ee-9889-2c1141283f48:group-8FCE33E96697: Took a snapshot at index 28
2019-09-06 01:41:42,661 [main] INFO  segmented.SegmentedRaftLogWorker (SegmentedRaftLogWorker.java:close(228)) - f6e8ff06-084b-46ba-beae-927f7c0622d9-SegmentedRaftLogWorker:Storage Directory /workdir/hadoop-ozone/integration-test/target/test-dir/MiniOzoneClusterImpl-fa83d308-25e6-4772-bfe6-42db08352842/datanode-3/data/ratis/c9cb5bd3-5052-4ddf-b85d-d615ff25b2d2 close()
2019-09-06 01:41:42,661 [StateMachineUpdater:bbace8e8-e1a9-42ee-9889-2c1141283f48:group-8FCE33E96697] INFO  impl.StateMachineUpdater (StateMachineUpdater.java:lambda$new$0(80)) - StateMachineUpdater:bbace8e8-e1a9-42ee-9889-2c1141283f48:group-8FCE33E96697: snapshotIndex: updateIncreasingly -1 -> 28
2019-09-06 01:41:42,666 [main] INFO  impl.RaftServerImpl (RaftServerImpl.java:lambda$shutdown$3(245)) - f6e8ff06-084b-46ba-beae-927f7c0622d9: shutdown group-EC800FA9209C
2019-09-06 01:41:42,666 [ForkJoinPool.commonPool-worker-0] INFO  impl.RaftServerImpl (ServerState.java:close(394)) - bbace8e8-e1a9-42ee-9889-2c1141283f48:group-8FCE33E96697 closes. The last applied log index is 28
2019-09-06 01:41:42,666 [main] INFO  util.JmxRegister (JmxRegister.java:unregister(73)) - Successfully un-registered JMX Bean with object name Ratis:service=RaftServer,group=group-EC800FA9209C,id=f6e8ff06-084b-46ba-beae-927f7c0622d9
2019-09-06 01:41:42,667 [bbace8e8-e1a9-42ee-9889-2c1141283f48-SegmentedRaftLogWorker:Storage Directory /workdir/hadoop-ozone/integration-test/target/test-dir/MiniOzoneClusterImpl-fa83d308-25e6-4772-bfe6-42db08352842/datanode-1/data/ratis/19dbd636-73b9-4f00-80d5-8fce33e96697] INFO  segmented.SegmentedRaftLogWorker (SegmentedRaftLogWorker.java:run(313)) - bbace8e8-e1a9-42ee-9889-2c1141283f48-SegmentedRaftLogWorker:Storage Directory /workdir/hadoop-ozone/integration-test/target/test-dir/MiniOzoneClusterImpl-fa83d308-25e6-4772-bfe6-42db08352842/datanode-1/data/ratis/19dbd636-73b9-4f00-80d5-8fce33e96697 was interrupted, exiting. There are 0 tasks remaining in the queue.
2019-09-06 01:41:42,667 [main] INFO  impl.RoleInfo (RoleInfo.java:shutdownLeaderState(104)) - f6e8ff06-084b-46ba-beae-927f7c0622d9: shutdown LeaderState
2019-09-06 01:41:42,669 [ForkJoinPool.commonPool-worker-0] INFO  segmented.SegmentedRaftLogWorker (SegmentedRaftLogWorker.java:close(228)) - bbace8e8-e1a9-42ee-9889-2c1141283f48-SegmentedRaftLogWorker:Storage Directory /workdir/hadoop-ozone/integration-test/target/test-dir/MiniOzoneClusterImpl-fa83d308-25e6-4772-bfe6-42db08352842/datanode-1/data/ratis/19dbd636-73b9-4f00-80d5-8fce33e96697 close()
2019-09-06 01:41:42,669 [main] INFO  impl.PendingRequests (PendingRequests.java:sendNotLeaderResponses(202)) - f6e8ff06-084b-46ba-beae-927f7c0622d9-PendingRequests: sendNotLeaderResponses
2019-09-06 01:41:42,673 [ForkJoinPool.commonPool-worker-0] INFO  impl.RaftServerImpl (RaftServerImpl.java:lambda$shutdown$3(245)) - bbace8e8-e1a9-42ee-9889-2c1141283f48: shutdown group-6332370B3E76
2019-09-06 01:41:42,673 [main] INFO  impl.StateMachineUpdater (StateMachineUpdater.java:stopAndJoin(115)) - StateMachineUpdater:f6e8ff06-084b-46ba-beae-927f7c0622d9:group-EC800FA9209C: set stopIndex = 0
2019-09-06 01:41:42,674 [ForkJoinPool.commonPool-worker-0] INFO  util.JmxRegister (JmxRegister.java:unregister(73)) - Successfully un-registered JMX Bean with object name Ratis:service=RaftServer,group=group-6332370B3E76,id=bbace8e8-e1a9-42ee-9889-2c1141283f48
2019-09-06 01:41:42,674 [main] INFO  impl.RaftServerImpl (ServerState.java:close(394)) - f6e8ff06-084b-46ba-beae-927f7c0622d9:group-EC800FA9209C closes. The last applied log index is 0
2019-09-06 01:41:42,674 [ForkJoinPool.commonPool-worker-0] INFO  impl.RoleInfo (RoleInfo.java:shutdownLeaderState(104)) - bbace8e8-e1a9-42ee-9889-2c1141283f48: shutdown LeaderState
2019-09-06 01:41:42,675 [f6e8ff06-084b-46ba-beae-927f7c0622d9-SegmentedRaftLogWorker:Storage Directory /workdir/hadoop-ozone/integration-test/target/test-dir/MiniOzoneClusterImpl-fa83d308-25e6-4772-bfe6-42db08352842/datanode-3/data/ratis/6c4d667b-3be0-4163-a80f-ec800fa9209c] INFO  segmented.SegmentedRaftLogWorker (SegmentedRaftLogWorker.java:run(313)) - f6e8ff06-084b-46ba-beae-927f7c0622d9-SegmentedRaftLogWorker:Storage Directory /workdir/hadoop-ozone/integration-test/target/test-dir/MiniOzoneClusterImpl-fa83d308-25e6-4772-bfe6-42db08352842/datanode-3/data/ratis/6c4d667b-3be0-4163-a80f-ec800fa9209c was interrupted, exiting. There are 0 tasks remaining in the queue.
2019-09-06 01:41:42,678 [org.apache.ratis.server.impl.LogAppender$AppenderDaemon$$Lambda$479/441325125@6e0206ff] WARN  server.GrpcLogAppender (GrpcLogAppender.java:mayWait(143)) - GrpcLogAppender(bbace8e8-e1a9-42ee-9889-2c1141283f48->edc09431-f278-40d3-af03-90e48e877b17): Wait interrupted by java.lang.InterruptedException
2019-09-06 01:41:42,680 [main] INFO  segmented.SegmentedRaftLogWorker (SegmentedRaftLogWorker.java:close(228)) - f6e8ff06-084b-46ba-beae-927f7c0622d9-SegmentedRaftLogWorker:Storage Directory /workdir/hadoop-ozone/integration-test/target/test-dir/MiniOzoneClusterImpl-fa83d308-25e6-4772-bfe6-42db08352842/datanode-3/data/ratis/6c4d667b-3be0-4163-a80f-ec800fa9209c close()
2019-09-06 01:41:42,678 [ForkJoinPool.commonPool-worker-0] INFO  impl.PendingRequests (PendingRequests.java:sendNotLeaderResponses(202)) - bbace8e8-e1a9-42ee-9889-2c1141283f48-PendingRequests: sendNotLeaderResponses
2019-09-06 01:41:42,678 [org.apache.ratis.server.impl.LogAppender$AppenderDaemon$$Lambda$479/441325125@2b008dfb] WARN  server.GrpcLogAppender (GrpcLogAppender.java:mayWait(143)) - GrpcLogAppender(bbace8e8-e1a9-42ee-9889-2c1141283f48->4ba7b802-14f5-42b9-8dc4-3b2118cdd21d): Wait interrupted by java.lang.InterruptedException
2019-09-06 01:41:42,683 [main] INFO  server.GrpcService (GrpcService.java:closeImpl(155)) - f6e8ff06-084b-46ba-beae-927f7c0622d9: shutdown server with port 39851 now
2019-09-06 01:41:42,683 [grpc-default-executor-7] INFO  server.GrpcServerProtocolService (GrpcServerProtocolService.java:onCompleted(104)) - edc09431-f278-40d3-af03-90e48e877b17: appendEntries completed
2019-09-06 01:41:42,684 [StateMachineUpdater:bbace8e8-e1a9-42ee-9889-2c1141283f48:group-6332370B3E76] INFO  ratis.ContainerStateMachine (ContainerStateMachine.java:takeSnapshot(284)) - group-6332370B3E76: Taking a snapshot at:(t:1, i:4) file /workdir/hadoop-ozone/integration-test/target/test-dir/MiniOzoneClusterImpl-fa83d308-25e6-4772-bfe6-42db08352842/datanode-1/data/ratis/b4edc1b9-93f6-446f-92a1-6332370b3e76/sm/snapshot.1_4
2019-09-06 01:41:42,684 [ForkJoinPool.commonPool-worker-0] INFO  impl.StateMachineUpdater (StateMachineUpdater.java:stopAndJoin(115)) - StateMachineUpdater:bbace8e8-e1a9-42ee-9889-2c1141283f48:group-6332370B3E76: set stopIndex = 4
2019-09-06 01:41:42,685 [grpc-default-executor-8] WARN  server.GrpcServerProtocolService (LogUtils.java:warn(134)) - f6e8ff06-084b-46ba-beae-927f7c0622d9: appendEntries onError: org.apache.ratis.thirdparty.io.grpc.StatusRuntimeException: CANCELLED: cancelled before receiving half close
2019-09-06 01:41:42,685 [grpc-default-executor-7] INFO  server.GrpcLogAppender (GrpcLogAppender.java:onCompleted(292)) - bbace8e8-e1a9-42ee-9889-2c1141283f48->edc09431-f278-40d3-af03-90e48e877b17: follower responses appendEntries COMPLETED
2019-09-06 01:41:42,685 [grpc-default-executor-5] WARN  server.GrpcLogAppender (LogUtils.java:warn(134)) - 1f2e57d7-1cd2-4b96-9676-7904a5c1d338->f6e8ff06-084b-46ba-beae-927f7c0622d9: Failed appendEntries: org.apache.ratis.thirdparty.io.grpc.StatusRuntimeException: CANCELLED: HTTP/2 error code: CANCEL
Received Rst Stream
2019-09-06 01:41:42,685 [main] INFO  server.GrpcService (GrpcService.java:closeImpl(163)) - f6e8ff06-084b-46ba-beae-927f7c0622d9: shutdown server with port 39851 successfully
2019-09-06 01:41:42,685 [grpc-default-executor-5] INFO  impl.FollowerInfo (FollowerInfo.java:lambda$new$0(50)) - 1f2e57d7-1cd2-4b96-9676-7904a5c1d338->f6e8ff06-084b-46ba-beae-927f7c0622d9: nextIndex: updateUnconditionally 5 -> 4
2019-09-06 01:41:42,685 [grpc-default-executor-7] INFO  impl.FollowerInfo (FollowerInfo.java:lambda$new$0(50)) - bbace8e8-e1a9-42ee-9889-2c1141283f48->edc09431-f278-40d3-af03-90e48e877b17: nextIndex: updateUnconditionally 5 -> 4
2019-09-06 01:41:42,687 [refreshUsed-/workdir/hadoop-ozone/integration-test/target/test-dir/MiniOzoneClusterImpl-fa83d308-25e6-4772-bfe6-42db08352842/datanode-3/data/containers] WARN  fs.CachingGetSpaceUsed (CachingGetSpaceUsed.java:run(183)) - Thread Interrupted waiting to refresh disk information: sleep interrupted
2019-09-06 01:41:42,700 [main] INFO  utils.BackgroundService (BackgroundService.java:shutdown(148)) - Shutting down service BlockDeletingService
2019-09-06 01:41:42,702 [StateMachineUpdater:bbace8e8-e1a9-42ee-9889-2c1141283f48:group-6332370B3E76] INFO  ratis.ContainerStateMachine (ContainerStateMachine.java:takeSnapshot(295)) - group-6332370B3E76: Finished taking a snapshot at:(t:1, i:4) file:/workdir/hadoop-ozone/integration-test/target/test-dir/MiniOzoneClusterImpl-fa83d308-25e6-4772-bfe6-42db08352842/datanode-1/data/ratis/b4edc1b9-93f6-446f-92a1-6332370b3e76/sm/snapshot.1_4 time:17
2019-09-06 01:41:42,703 [StateMachineUpdater:bbace8e8-e1a9-42ee-9889-2c1141283f48:group-6332370B3E76] INFO  impl.StateMachineUpdater (StateMachineUpdater.java:takeSnapshot(242)) - StateMachineUpdater:bbace8e8-e1a9-42ee-9889-2c1141283f48:group-6332370B3E76: Took a snapshot at index 4
2019-09-06 01:41:42,704 [main] INFO  statemachine.DatanodeStateMachine (DatanodeStateMachine.java:stopDaemon(395)) - Ozone container server stopped.
2019-09-06 01:41:42,704 [StateMachineUpdater:bbace8e8-e1a9-42ee-9889-2c1141283f48:group-6332370B3E76] INFO  impl.StateMachineUpdater (StateMachineUpdater.java:lambda$new$0(80)) - StateMachineUpdater:bbace8e8-e1a9-42ee-9889-2c1141283f48:group-6332370B3E76: snapshotIndex: updateIncreasingly -1 -> 4
2019-09-06 01:41:42,705 [ForkJoinPool.commonPool-worker-0] INFO  impl.RaftServerImpl (ServerState.java:close(394)) - bbace8e8-e1a9-42ee-9889-2c1141283f48:group-6332370B3E76 closes. The last applied log index is 4
2019-09-06 01:41:42,705 [main] INFO  handler.ContextHandler (ContextHandler.java:doStop(910)) - Stopped o.e.j.w.WebAppContext@5b8853{/,null,UNAVAILABLE}{/hddsDatanode}
2019-09-06 01:41:42,706 [bbace8e8-e1a9-42ee-9889-2c1141283f48-SegmentedRaftLogWorker:Storage Directory /workdir/hadoop-ozone/integration-test/target/test-dir/MiniOzoneClusterImpl-fa83d308-25e6-4772-bfe6-42db08352842/datanode-1/data/ratis/b4edc1b9-93f6-446f-92a1-6332370b3e76] INFO  segmented.SegmentedRaftLogWorker (SegmentedRaftLogWorker.java:run(313)) - bbace8e8-e1a9-42ee-9889-2c1141283f48-SegmentedRaftLogWorker:Storage Directory /workdir/hadoop-ozone/integration-test/target/test-dir/MiniOzoneClusterImpl-fa83d308-25e6-4772-bfe6-42db08352842/datanode-1/data/ratis/b4edc1b9-93f6-446f-92a1-6332370b3e76 was interrupted, exiting. There are 0 tasks remaining in the queue.
2019-09-06 01:41:42,707 [ForkJoinPool.commonPool-worker-0] INFO  segmented.SegmentedRaftLogWorker (SegmentedRaftLogWorker.java:close(228)) - bbace8e8-e1a9-42ee-9889-2c1141283f48-SegmentedRaftLogWorker:Storage Directory /workdir/hadoop-ozone/integration-test/target/test-dir/MiniOzoneClusterImpl-fa83d308-25e6-4772-bfe6-42db08352842/datanode-1/data/ratis/b4edc1b9-93f6-446f-92a1-6332370b3e76 close()
2019-09-06 01:41:42,707 [main] INFO  server.AbstractConnector (AbstractConnector.java:doStop(318)) - Stopped ServerConnector@1b8aaeab{HTTP/1.1,[http/1.1]}{0.0.0.0:0}
2019-09-06 01:41:42,710 [ForkJoinPool.commonPool-worker-0] INFO  impl.RaftServerImpl (RaftServerImpl.java:lambda$shutdown$3(245)) - bbace8e8-e1a9-42ee-9889-2c1141283f48: shutdown group-BAF6529E71F2
2019-09-06 01:41:42,710 [main] INFO  handler.ContextHandler (ContextHandler.java:doStop(910)) - Stopped o.e.j.s.ServletContextHandler@7d37ee0c{/static,jar:file:/home/user/.m2/repository/org/apache/hadoop/hadoop-hdds-container-service/0.5.0-SNAPSHOT/hadoop-hdds-container-service-0.5.0-SNAPSHOT.jar!/webapps/static,UNAVAILABLE}
2019-09-06 01:41:42,711 [ForkJoinPool.commonPool-worker-0] INFO  util.JmxRegister (JmxRegister.java:unregister(73)) - Successfully un-registered JMX Bean with object name Ratis:service=RaftServer,group=group-BAF6529E71F2,id=bbace8e8-e1a9-42ee-9889-2c1141283f48
2019-09-06 01:41:42,711 [main] INFO  handler.ContextHandler (ContextHandler.java:doStop(910)) - Stopped o.e.j.s.ServletContextHandler@10d18696{/logs,file:///workdir/hadoop-ozone/integration-test/target/log,UNAVAILABLE}
2019-09-06 01:41:42,711 [ForkJoinPool.commonPool-worker-0] INFO  impl.RoleInfo (RoleInfo.java:shutdownLeaderState(104)) - bbace8e8-e1a9-42ee-9889-2c1141283f48: shutdown LeaderState
2019-09-06 01:41:42,712 [ForkJoinPool.commonPool-worker-0] INFO  impl.PendingRequests (PendingRequests.java:sendNotLeaderResponses(202)) - bbace8e8-e1a9-42ee-9889-2c1141283f48-PendingRequests: sendNotLeaderResponses
2019-09-06 01:41:42,712 [ForkJoinPool.commonPool-worker-0] INFO  impl.StateMachineUpdater (StateMachineUpdater.java:stopAndJoin(115)) - StateMachineUpdater:bbace8e8-e1a9-42ee-9889-2c1141283f48:group-BAF6529E71F2: set stopIndex = 0
2019-09-06 01:41:42,713 [ForkJoinPool.commonPool-worker-0] INFO  impl.RaftServerImpl (ServerState.java:close(394)) - bbace8e8-e1a9-42ee-9889-2c1141283f48:group-BAF6529E71F2 closes. The last applied log index is 0
2019-09-06 01:41:42,713 [bbace8e8-e1a9-42ee-9889-2c1141283f48-SegmentedRaftLogWorker:Storage Directory /workdir/hadoop-ozone/integration-test/target/test-dir/MiniOzoneClusterImpl-fa83d308-25e6-4772-bfe6-42db08352842/datanode-1/data/ratis/0abf532b-6e57-407e-abec-baf6529e71f2] INFO  segmented.SegmentedRaftLogWorker (SegmentedRaftLogWorker.java:run(313)) - bbace8e8-e1a9-42ee-9889-2c1141283f48-SegmentedRaftLogWorker:Storage Directory /workdir/hadoop-ozone/integration-test/target/test-dir/MiniOzoneClusterImpl-fa83d308-25e6-4772-bfe6-42db08352842/datanode-1/data/ratis/0abf532b-6e57-407e-abec-baf6529e71f2 was interrupted, exiting. There are 0 tasks remaining in the queue.
2019-09-06 01:41:42,715 [ForkJoinPool.commonPool-worker-0] INFO  segmented.SegmentedRaftLogWorker (SegmentedRaftLogWorker.java:close(228)) - bbace8e8-e1a9-42ee-9889-2c1141283f48-SegmentedRaftLogWorker:Storage Directory /workdir/hadoop-ozone/integration-test/target/test-dir/MiniOzoneClusterImpl-fa83d308-25e6-4772-bfe6-42db08352842/datanode-1/data/ratis/0abf532b-6e57-407e-abec-baf6529e71f2 close()
2019-09-06 01:41:42,718 [ForkJoinPool.commonPool-worker-0] INFO  server.GrpcService (GrpcService.java:closeImpl(155)) - bbace8e8-e1a9-42ee-9889-2c1141283f48: shutdown server with port 39551 now
2019-09-06 01:41:42,718 [grpc-default-executor-5] WARN  client.GrpcClientProtocolService (LogUtils.java:warn(134)) - 3-UnorderedRequestStreamObserver3: onError: org.apache.ratis.thirdparty.io.grpc.StatusRuntimeException: CANCELLED: cancelled before receiving half close
2019-09-06 01:41:42,718 [grpc-default-executor-7] WARN  client.GrpcClientProtocolService (LogUtils.java:warn(134)) - 7-UnorderedRequestStreamObserver7: onError: org.apache.ratis.thirdparty.io.grpc.StatusRuntimeException: CANCELLED: cancelled before receiving half close
2019-09-06 01:41:42,719 [ForkJoinPool.commonPool-worker-0] INFO  server.GrpcService (GrpcService.java:closeImpl(163)) - bbace8e8-e1a9-42ee-9889-2c1141283f48: shutdown server with port 39551 successfully
2019-09-06 01:41:42,720 [refreshUsed-/workdir/hadoop-ozone/integration-test/target/test-dir/MiniOzoneClusterImpl-fa83d308-25e6-4772-bfe6-42db08352842/datanode-1/data/containers] WARN  fs.CachingGetSpaceUsed (CachingGetSpaceUsed.java:run(183)) - Thread Interrupted waiting to refresh disk information: sleep interrupted
2019-09-06 01:41:42,735 [ForkJoinPool.commonPool-worker-0] INFO  utils.BackgroundService (BackgroundService.java:shutdown(148)) - Shutting down service BlockDeletingService
2019-09-06 01:41:42,739 [ForkJoinPool.commonPool-worker-0] INFO  statemachine.DatanodeStateMachine (DatanodeStateMachine.java:stopDaemon(395)) - Ozone container server stopped.
2019-09-06 01:41:42,743 [ForkJoinPool.commonPool-worker-0] INFO  handler.ContextHandler (ContextHandler.java:doStop(910)) - Stopped o.e.j.w.WebAppContext@3caee3a8{/,null,UNAVAILABLE}{/hddsDatanode}
2019-09-06 01:41:42,744 [ForkJoinPool.commonPool-worker-0] INFO  server.AbstractConnector (AbstractConnector.java:doStop(318)) - Stopped ServerConnector@69a40b3c{HTTP/1.1,[http/1.1]}{0.0.0.0:0}
2019-09-06 01:41:42,745 [ForkJoinPool.commonPool-worker-0] INFO  handler.ContextHandler (ContextHandler.java:doStop(910)) - Stopped o.e.j.s.ServletContextHandler@65cc5252{/static,jar:file:/home/user/.m2/repository/org/apache/hadoop/hadoop-hdds-container-service/0.5.0-SNAPSHOT/hadoop-hdds-container-service-0.5.0-SNAPSHOT.jar!/webapps/static,UNAVAILABLE}
2019-09-06 01:41:42,746 [ForkJoinPool.commonPool-worker-0] INFO  handler.ContextHandler (ContextHandler.java:doStop(910)) - Stopped o.e.j.s.ServletContextHandler@48d739f{/logs,file:///workdir/hadoop-ozone/integration-test/target/log,UNAVAILABLE}
2019-09-06 01:41:42,921 [Datanode State Machine Thread - 0] INFO  statemachine.DatanodeStateMachine (DatanodeStateMachine.java:lambda$startDaemon$0(350)) - Ozone container server started.
2019-09-06 01:41:43,417 [Datanode State Machine Thread - 0] INFO  statemachine.DatanodeStateMachine (DatanodeStateMachine.java:lambda$startDaemon$0(350)) - Ozone container server started.
2019-09-06 01:41:44,473 [grpc-default-executor-2] WARN  server.GrpcLogAppender (LogUtils.java:warn(134)) - 1f2e57d7-1cd2-4b96-9676-7904a5c1d338->f6e8ff06-084b-46ba-beae-927f7c0622d9: Failed appendEntries: org.apache.ratis.thirdparty.io.grpc.StatusRuntimeException: UNAVAILABLE: io exception
2019-09-06 01:41:44,473 [grpc-default-executor-2] INFO  impl.FollowerInfo (FollowerInfo.java:lambda$new$0(50)) - 1f2e57d7-1cd2-4b96-9676-7904a5c1d338->f6e8ff06-084b-46ba-beae-927f7c0622d9: nextIndex: updateUnconditionally 4 -> 3
2019-09-06 01:41:46,973 [grpc-default-executor-7] WARN  server.GrpcLogAppender (LogUtils.java:warn(134)) - 1f2e57d7-1cd2-4b96-9676-7904a5c1d338->f6e8ff06-084b-46ba-beae-927f7c0622d9: Failed appendEntries: org.apache.ratis.thirdparty.io.grpc.StatusRuntimeException: UNAVAILABLE: io exception
2019-09-06 01:41:46,973 [grpc-default-executor-7] INFO  impl.FollowerInfo (FollowerInfo.java:lambda$new$0(50)) - 1f2e57d7-1cd2-4b96-9676-7904a5c1d338->f6e8ff06-084b-46ba-beae-927f7c0622d9: nextIndex: updateUnconditionally 3 -> 2
2019-09-06 01:41:47,003 [EventQueue-StaleNodeForStaleNodeHandler] INFO  node.StaleNodeHandler (StaleNodeHandler.java:onMessage(58)) - Datanode 1f2e57d7-1cd2-4b96-9676-7904a5c1d338{ip: 192.168.5.177, host: pr-hdds-2015-4zh84-2711163145, networkLocation: /default-rack, certSerialId: null} moved to stale state. Finalizing its pipelines [PipelineID=c9cb5bd3-5052-4ddf-b85d-d615ff25b2d2, PipelineID=4e8df034-b827-466c-a134-b63b35c6bc17]
2019-09-06 01:41:47,003 [EventQueue-StaleNodeForStaleNodeHandler] INFO  pipeline.SCMPipelineManager (SCMPipelineManager.java:finalizeAndDestroyPipeline(309)) - destroying pipeline:Pipeline[ Id: c9cb5bd3-5052-4ddf-b85d-d615ff25b2d2, Nodes: ee89e297-a801-48e6-912d-41102d8ca779{ip: 192.168.5.177, host: pr-hdds-2015-4zh84-2711163145, networkLocation: /default-rack, certSerialId: null}f6e8ff06-084b-46ba-beae-927f7c0622d9{ip: 192.168.5.177, host: pr-hdds-2015-4zh84-2711163145, networkLocation: /default-rack, certSerialId: null}1f2e57d7-1cd2-4b96-9676-7904a5c1d338{ip: 192.168.5.177, host: pr-hdds-2015-4zh84-2711163145, networkLocation: /default-rack, certSerialId: null}, Type:RATIS, Factor:THREE, State:CLOSED]
2019-09-06 01:41:47,003 [EventQueue-StaleNodeForStaleNodeHandler] INFO  pipeline.SCMPipelineManager (SCMPipelineManager.java:finalizeAndDestroyPipeline(309)) - destroying pipeline:Pipeline[ Id: 4e8df034-b827-466c-a134-b63b35c6bc17, Nodes: 1f2e57d7-1cd2-4b96-9676-7904a5c1d338{ip: 192.168.5.177, host: pr-hdds-2015-4zh84-2711163145, networkLocation: /default-rack, certSerialId: null}, Type:RATIS, Factor:ONE, State:OPEN]
2019-09-06 01:41:47,004 [EventQueue-StaleNodeForStaleNodeHandler] INFO  pipeline.PipelineStateManager (PipelineStateManager.java:finalizePipeline(123)) - Pipeline Pipeline[ Id: 4e8df034-b827-466c-a134-b63b35c6bc17, Nodes: 1f2e57d7-1cd2-4b96-9676-7904a5c1d338{ip: 192.168.5.177, host: pr-hdds-2015-4zh84-2711163145, networkLocation: /default-rack, certSerialId: null}, Type:RATIS, Factor:ONE, State:CLOSED] moved to CLOSED state
2019-09-06 01:41:47,503 [EventQueue-StaleNodeForStaleNodeHandler] INFO  node.StaleNodeHandler (StaleNodeHandler.java:onMessage(58)) - Datanode edc09431-f278-40d3-af03-90e48e877b17{ip: 192.168.5.177, host: pr-hdds-2015-4zh84-2711163145, networkLocation: /default-rack, certSerialId: null} moved to stale state. Finalizing its pipelines [PipelineID=2f98f1d7-e9a1-4f64-89fd-17c3265a37ee, PipelineID=b4edc1b9-93f6-446f-92a1-6332370b3e76]
2019-09-06 01:41:47,504 [EventQueue-StaleNodeForStaleNodeHandler] INFO  pipeline.SCMPipelineManager (SCMPipelineManager.java:finalizeAndDestroyPipeline(309)) - destroying pipeline:Pipeline[ Id: 2f98f1d7-e9a1-4f64-89fd-17c3265a37ee, Nodes: edc09431-f278-40d3-af03-90e48e877b17{ip: 192.168.5.177, host: pr-hdds-2015-4zh84-2711163145, networkLocation: /default-rack, certSerialId: null}, Type:RATIS, Factor:ONE, State:OPEN]
2019-09-06 01:41:47,504 [EventQueue-StaleNodeForStaleNodeHandler] INFO  pipeline.PipelineStateManager (PipelineStateManager.java:finalizePipeline(123)) - Pipeline Pipeline[ Id: 2f98f1d7-e9a1-4f64-89fd-17c3265a37ee, Nodes: edc09431-f278-40d3-af03-90e48e877b17{ip: 192.168.5.177, host: pr-hdds-2015-4zh84-2711163145, networkLocation: /default-rack, certSerialId: null}, Type:RATIS, Factor:ONE, State:CLOSED] moved to CLOSED state
2019-09-06 01:41:47,504 [EventQueue-StaleNodeForStaleNodeHandler] INFO  pipeline.SCMPipelineManager (SCMPipelineManager.java:finalizeAndDestroyPipeline(309)) - destroying pipeline:Pipeline[ Id: b4edc1b9-93f6-446f-92a1-6332370b3e76, Nodes: bbace8e8-e1a9-42ee-9889-2c1141283f48{ip: 192.168.5.177, host: pr-hdds-2015-4zh84-2711163145, networkLocation: /default-rack, certSerialId: null}4ba7b802-14f5-42b9-8dc4-3b2118cdd21d{ip: 192.168.5.177, host: pr-hdds-2015-4zh84-2711163145, networkLocation: /default-rack, certSerialId: null}edc09431-f278-40d3-af03-90e48e877b17{ip: 192.168.5.177, host: pr-hdds-2015-4zh84-2711163145, networkLocation: /default-rack, certSerialId: null}, Type:RATIS, Factor:THREE, State:CLOSED]
2019-09-06 01:41:47,712 [main] INFO  ozoneimpl.OzoneContainer (OzoneContainer.java:stop(215)) - Attempting to stop container services.
2019-09-06 01:41:47,713 [main] INFO  impl.RaftServerProxy (RaftServerProxy.java:lambda$close$4(314)) - 1f2e57d7-1cd2-4b96-9676-7904a5c1d338: close
2019-09-06 01:41:47,714 [main] INFO  impl.RaftServerImpl (RaftServerImpl.java:lambda$shutdown$3(245)) - 1f2e57d7-1cd2-4b96-9676-7904a5c1d338: shutdown group-D615FF25B2D2
2019-09-06 01:41:47,714 [main] INFO  util.JmxRegister (JmxRegister.java:unregister(73)) - Successfully un-registered JMX Bean with object name Ratis:service=RaftServer,group=group-D615FF25B2D2,id=1f2e57d7-1cd2-4b96-9676-7904a5c1d338
2019-09-06 01:41:47,714 [main] INFO  impl.RoleInfo (RoleInfo.java:shutdownLeaderState(104)) - 1f2e57d7-1cd2-4b96-9676-7904a5c1d338: shutdown LeaderState
2019-09-06 01:41:47,719 [main] INFO  impl.PendingRequests (PendingRequests.java:sendNotLeaderResponses(202)) - 1f2e57d7-1cd2-4b96-9676-7904a5c1d338-PendingRequests: sendNotLeaderResponses
2019-09-06 01:41:47,719 [org.apache.ratis.server.impl.LogAppender$AppenderDaemon$$Lambda$479/441325125@3b49cef0] WARN  server.GrpcLogAppender (GrpcLogAppender.java:mayWait(143)) - GrpcLogAppender(1f2e57d7-1cd2-4b96-9676-7904a5c1d338->f6e8ff06-084b-46ba-beae-927f7c0622d9): Wait interrupted by java.lang.InterruptedException
2019-09-06 01:41:47,719 [org.apache.ratis.server.impl.LogAppender$AppenderDaemon$$Lambda$479/441325125@7e4b47fd] WARN  server.GrpcLogAppender (GrpcLogAppender.java:mayWait(143)) - GrpcLogAppender(1f2e57d7-1cd2-4b96-9676-7904a5c1d338->ee89e297-a801-48e6-912d-41102d8ca779): Wait interrupted by java.lang.InterruptedException
2019-09-06 01:41:47,719 [main] INFO  impl.StateMachineUpdater (StateMachineUpdater.java:stopAndJoin(115)) - StateMachineUpdater:1f2e57d7-1cd2-4b96-9676-7904a5c1d338:group-D615FF25B2D2: set stopIndex = 4
2019-09-06 01:41:47,720 [grpc-default-executor-2] INFO  server.GrpcServerProtocolService (GrpcServerProtocolService.java:onCompleted(104)) - ee89e297-a801-48e6-912d-41102d8ca779: appendEntries completed
2019-09-06 01:41:47,719 [StateMachineUpdater:1f2e57d7-1cd2-4b96-9676-7904a5c1d338:group-D615FF25B2D2] INFO  ratis.ContainerStateMachine (ContainerStateMachine.java:takeSnapshot(284)) - group-D615FF25B2D2: Taking a snapshot at:(t:1, i:4) file /workdir/hadoop-ozone/integration-test/target/test-dir/MiniOzoneClusterImpl-fa83d308-25e6-4772-bfe6-42db08352842/datanode-6/data/ratis/c9cb5bd3-5052-4ddf-b85d-d615ff25b2d2/sm/snapshot.1_4
2019-09-06 01:41:47,720 [grpc-default-executor-2] INFO  server.GrpcLogAppender (GrpcLogAppender.java:onCompleted(292)) - 1f2e57d7-1cd2-4b96-9676-7904a5c1d338->ee89e297-a801-48e6-912d-41102d8ca779: follower responses appendEntries COMPLETED
2019-09-06 01:41:47,721 [grpc-default-executor-2] INFO  impl.FollowerInfo (FollowerInfo.java:lambda$new$0(50)) - 1f2e57d7-1cd2-4b96-9676-7904a5c1d338->ee89e297-a801-48e6-912d-41102d8ca779: nextIndex: updateUnconditionally 5 -> 4
2019-09-06 01:41:47,730 [StateMachineUpdater:1f2e57d7-1cd2-4b96-9676-7904a5c1d338:group-D615FF25B2D2] INFO  ratis.ContainerStateMachine (ContainerStateMachine.java:takeSnapshot(295)) - group-D615FF25B2D2: Finished taking a snapshot at:(t:1, i:4) file:/workdir/hadoop-ozone/integration-test/target/test-dir/MiniOzoneClusterImpl-fa83d308-25e6-4772-bfe6-42db08352842/datanode-6/data/ratis/c9cb5bd3-5052-4ddf-b85d-d615ff25b2d2/sm/snapshot.1_4 time:10
2019-09-06 01:41:47,730 [StateMachineUpdater:1f2e57d7-1cd2-4b96-9676-7904a5c1d338:group-D615FF25B2D2] INFO  impl.StateMachineUpdater (StateMachineUpdater.java:takeSnapshot(242)) - StateMachineUpdater:1f2e57d7-1cd2-4b96-9676-7904a5c1d338:group-D615FF25B2D2: Took a snapshot at index 4
2019-09-06 01:41:47,730 [StateMachineUpdater:1f2e57d7-1cd2-4b96-9676-7904a5c1d338:group-D615FF25B2D2] INFO  impl.StateMachineUpdater (StateMachineUpdater.java:lambda$new$0(80)) - StateMachineUpdater:1f2e57d7-1cd2-4b96-9676-7904a5c1d338:group-D615FF25B2D2: snapshotIndex: updateIncreasingly -1 -> 4
2019-09-06 01:41:47,730 [main] INFO  impl.RaftServerImpl (ServerState.java:close(394)) - 1f2e57d7-1cd2-4b96-9676-7904a5c1d338:group-D615FF25B2D2 closes. The last applied log index is 4
2019-09-06 01:41:47,731 [1f2e57d7-1cd2-4b96-9676-7904a5c1d338-SegmentedRaftLogWorker:Storage Directory /workdir/hadoop-ozone/integration-test/target/test-dir/MiniOzoneClusterImpl-fa83d308-25e6-4772-bfe6-42db08352842/datanode-6/data/ratis/c9cb5bd3-5052-4ddf-b85d-d615ff25b2d2] INFO  segmented.SegmentedRaftLogWorker (SegmentedRaftLogWorker.java:run(313)) - 1f2e57d7-1cd2-4b96-9676-7904a5c1d338-SegmentedRaftLogWorker:Storage Directory /workdir/hadoop-ozone/integration-test/target/test-dir/MiniOzoneClusterImpl-fa83d308-25e6-4772-bfe6-42db08352842/datanode-6/data/ratis/c9cb5bd3-5052-4ddf-b85d-d615ff25b2d2 was interrupted, exiting. There are 0 tasks remaining in the queue.
2019-09-06 01:41:47,733 [main] INFO  segmented.SegmentedRaftLogWorker (SegmentedRaftLogWorker.java:close(228)) - 1f2e57d7-1cd2-4b96-9676-7904a5c1d338-SegmentedRaftLogWorker:Storage Directory /workdir/hadoop-ozone/integration-test/target/test-dir/MiniOzoneClusterImpl-fa83d308-25e6-4772-bfe6-42db08352842/datanode-6/data/ratis/c9cb5bd3-5052-4ddf-b85d-d615ff25b2d2 close()
2019-09-06 01:41:47,736 [main] INFO  impl.RaftServerImpl (RaftServerImpl.java:lambda$shutdown$3(245)) - 1f2e57d7-1cd2-4b96-9676-7904a5c1d338: shutdown group-B63B35C6BC17
2019-09-06 01:41:47,737 [main] INFO  util.JmxRegister (JmxRegister.java:unregister(73)) - Successfully un-registered JMX Bean with object name Ratis:service=RaftServer,group=group-B63B35C6BC17,id=1f2e57d7-1cd2-4b96-9676-7904a5c1d338
2019-09-06 01:41:47,737 [main] INFO  impl.RoleInfo (RoleInfo.java:shutdownLeaderState(104)) - 1f2e57d7-1cd2-4b96-9676-7904a5c1d338: shutdown LeaderState
2019-09-06 01:41:47,738 [main] INFO  impl.PendingRequests (PendingRequests.java:sendNotLeaderResponses(202)) - 1f2e57d7-1cd2-4b96-9676-7904a5c1d338-PendingRequests: sendNotLeaderResponses
2019-09-06 01:41:47,738 [main] INFO  impl.StateMachineUpdater (StateMachineUpdater.java:stopAndJoin(115)) - StateMachineUpdater:1f2e57d7-1cd2-4b96-9676-7904a5c1d338:group-B63B35C6BC17: set stopIndex = 0
2019-09-06 01:41:47,739 [main] INFO  impl.RaftServerImpl (ServerState.java:close(394)) - 1f2e57d7-1cd2-4b96-9676-7904a5c1d338:group-B63B35C6BC17 closes. The last applied log index is 0
2019-09-06 01:41:47,739 [1f2e57d7-1cd2-4b96-9676-7904a5c1d338-SegmentedRaftLogWorker:Storage Directory /workdir/hadoop-ozone/integration-test/target/test-dir/MiniOzoneClusterImpl-fa83d308-25e6-4772-bfe6-42db08352842/datanode-6/data/ratis/4e8df034-b827-466c-a134-b63b35c6bc17] INFO  segmented.SegmentedRaftLogWorker (SegmentedRaftLogWorker.java:run(313)) - 1f2e57d7-1cd2-4b96-9676-7904a5c1d338-SegmentedRaftLogWorker:Storage Directory /workdir/hadoop-ozone/integration-test/target/test-dir/MiniOzoneClusterImpl-fa83d308-25e6-4772-bfe6-42db08352842/datanode-6/data/ratis/4e8df034-b827-466c-a134-b63b35c6bc17 was interrupted, exiting. There are 0 tasks remaining in the queue.
2019-09-06 01:41:47,741 [main] INFO  segmented.SegmentedRaftLogWorker (SegmentedRaftLogWorker.java:close(228)) - 1f2e57d7-1cd2-4b96-9676-7904a5c1d338-SegmentedRaftLogWorker:Storage Directory /workdir/hadoop-ozone/integration-test/target/test-dir/MiniOzoneClusterImpl-fa83d308-25e6-4772-bfe6-42db08352842/datanode-6/data/ratis/4e8df034-b827-466c-a134-b63b35c6bc17 close()
2019-09-06 01:41:47,744 [main] INFO  server.GrpcService (GrpcService.java:closeImpl(155)) - 1f2e57d7-1cd2-4b96-9676-7904a5c1d338: shutdown server with port 42384 now
2019-09-06 01:41:47,747 [grpc-default-executor-7] WARN  client.GrpcClientProtocolService (LogUtils.java:warn(134)) - 1-UnorderedRequestStreamObserver1: onError: org.apache.ratis.thirdparty.io.grpc.StatusRuntimeException: CANCELLED: cancelled before receiving half close
2019-09-06 01:41:47,747 [main] INFO  server.GrpcService (GrpcService.java:closeImpl(163)) - 1f2e57d7-1cd2-4b96-9676-7904a5c1d338: shutdown server with port 42384 successfully
2019-09-06 01:41:47,748 [ForkJoinPool.commonPool-worker-0] INFO  ozoneimpl.OzoneContainer (OzoneContainer.java:stop(215)) - Attempting to stop container services.
2019-09-06 01:41:47,748 [ForkJoinPool.commonPool-worker-0] INFO  impl.RaftServerProxy (RaftServerProxy.java:lambda$close$4(314)) - edc09431-f278-40d3-af03-90e48e877b17: close
2019-09-06 01:41:47,749 [ForkJoinPool.commonPool-worker-0] INFO  impl.RaftServerImpl (RaftServerImpl.java:lambda$shutdown$3(245)) - edc09431-f278-40d3-af03-90e48e877b17: shutdown group-17C3265A37EE
2019-09-06 01:41:47,749 [ForkJoinPool.commonPool-worker-0] INFO  util.JmxRegister (JmxRegister.java:unregister(73)) - Successfully un-registered JMX Bean with object name Ratis:service=RaftServer,group=group-17C3265A37EE,id=edc09431-f278-40d3-af03-90e48e877b17
2019-09-06 01:41:47,750 [ForkJoinPool.commonPool-worker-0] INFO  impl.RoleInfo (RoleInfo.java:shutdownLeaderState(104)) - edc09431-f278-40d3-af03-90e48e877b17: shutdown LeaderState
2019-09-06 01:41:47,750 [ForkJoinPool.commonPool-worker-0] INFO  impl.PendingRequests (PendingRequests.java:sendNotLeaderResponses(202)) - edc09431-f278-40d3-af03-90e48e877b17-PendingRequests: sendNotLeaderResponses
2019-09-06 01:41:47,751 [refreshUsed-/workdir/hadoop-ozone/integration-test/target/test-dir/MiniOzoneClusterImpl-fa83d308-25e6-4772-bfe6-42db08352842/datanode-6/data/containers] WARN  fs.CachingGetSpaceUsed (CachingGetSpaceUsed.java:run(183)) - Thread Interrupted waiting to refresh disk information: sleep interrupted
2019-09-06 01:41:47,753 [ForkJoinPool.commonPool-worker-0] INFO  impl.StateMachineUpdater (StateMachineUpdater.java:stopAndJoin(115)) - StateMachineUpdater:edc09431-f278-40d3-af03-90e48e877b17:group-17C3265A37EE: set stopIndex = 0
2019-09-06 01:41:47,753 [ForkJoinPool.commonPool-worker-0] INFO  impl.RaftServerImpl (ServerState.java:close(394)) - edc09431-f278-40d3-af03-90e48e877b17:group-17C3265A37EE closes. The last applied log index is 0
2019-09-06 01:41:47,754 [edc09431-f278-40d3-af03-90e48e877b17-SegmentedRaftLogWorker:Storage Directory /workdir/hadoop-ozone/integration-test/target/test-dir/MiniOzoneClusterImpl-fa83d308-25e6-4772-bfe6-42db08352842/datanode-2/data/ratis/2f98f1d7-e9a1-4f64-89fd-17c3265a37ee] INFO  segmented.SegmentedRaftLogWorker (SegmentedRaftLogWorker.java:run(313)) - edc09431-f278-40d3-af03-90e48e877b17-SegmentedRaftLogWorker:Storage Directory /workdir/hadoop-ozone/integration-test/target/test-dir/MiniOzoneClusterImpl-fa83d308-25e6-4772-bfe6-42db08352842/datanode-2/data/ratis/2f98f1d7-e9a1-4f64-89fd-17c3265a37ee was interrupted, exiting. There are 0 tasks remaining in the queue.
2019-09-06 01:41:47,755 [ForkJoinPool.commonPool-worker-0] INFO  segmented.SegmentedRaftLogWorker (SegmentedRaftLogWorker.java:close(228)) - edc09431-f278-40d3-af03-90e48e877b17-SegmentedRaftLogWorker:Storage Directory /workdir/hadoop-ozone/integration-test/target/test-dir/MiniOzoneClusterImpl-fa83d308-25e6-4772-bfe6-42db08352842/datanode-2/data/ratis/2f98f1d7-e9a1-4f64-89fd-17c3265a37ee close()
2019-09-06 01:41:47,758 [ForkJoinPool.commonPool-worker-0] INFO  impl.RaftServerImpl (RaftServerImpl.java:lambda$shutdown$3(245)) - edc09431-f278-40d3-af03-90e48e877b17: shutdown group-6332370B3E76
2019-09-06 01:41:47,759 [ForkJoinPool.commonPool-worker-0] INFO  util.JmxRegister (JmxRegister.java:unregister(73)) - Successfully un-registered JMX Bean with object name Ratis:service=RaftServer,group=group-6332370B3E76,id=edc09431-f278-40d3-af03-90e48e877b17
2019-09-06 01:41:47,759 [ForkJoinPool.commonPool-worker-0] INFO  impl.RoleInfo (RoleInfo.java:shutdownFollowerState(121)) - edc09431-f278-40d3-af03-90e48e877b17: shutdown FollowerState
2019-09-06 01:41:47,759 [ForkJoinPool.commonPool-worker-0] INFO  impl.StateMachineUpdater (StateMachineUpdater.java:stopAndJoin(115)) - StateMachineUpdater:edc09431-f278-40d3-af03-90e48e877b17:group-6332370B3E76: set stopIndex = 4
2019-09-06 01:41:47,759 [Thread-3486] INFO  impl.FollowerState (FollowerState.java:run(114)) - edc09431-f278-40d3-af03-90e48e877b17: FollowerState was interrupted: java.lang.InterruptedException: sleep interrupted
2019-09-06 01:41:47,759 [StateMachineUpdater:edc09431-f278-40d3-af03-90e48e877b17:group-6332370B3E76] INFO  ratis.ContainerStateMachine (ContainerStateMachine.java:takeSnapshot(284)) - group-6332370B3E76: Taking a snapshot at:(t:1, i:4) file /workdir/hadoop-ozone/integration-test/target/test-dir/MiniOzoneClusterImpl-fa83d308-25e6-4772-bfe6-42db08352842/datanode-2/data/ratis/b4edc1b9-93f6-446f-92a1-6332370b3e76/sm/snapshot.1_4
2019-09-06 01:41:47,771 [main] INFO  utils.BackgroundService (BackgroundService.java:shutdown(148)) - Shutting down service BlockDeletingService
2019-09-06 01:41:47,775 [main] INFO  statemachine.DatanodeStateMachine (DatanodeStateMachine.java:stopDaemon(395)) - Ozone container server stopped.
2019-09-06 01:41:47,776 [main] INFO  handler.ContextHandler (ContextHandler.java:doStop(910)) - Stopped o.e.j.w.WebAppContext@284990de{/,null,UNAVAILABLE}{/hddsDatanode}
2019-09-06 01:41:47,778 [main] INFO  server.AbstractConnector (AbstractConnector.java:doStop(318)) - Stopped ServerConnector@565d7d2f{HTTP/1.1,[http/1.1]}{0.0.0.0:0}
2019-09-06 01:41:47,779 [StateMachineUpdater:edc09431-f278-40d3-af03-90e48e877b17:group-6332370B3E76] INFO  ratis.ContainerStateMachine (ContainerStateMachine.java:takeSnapshot(295)) - group-6332370B3E76: Finished taking a snapshot at:(t:1, i:4) file:/workdir/hadoop-ozone/integration-test/target/test-dir/MiniOzoneClusterImpl-fa83d308-25e6-4772-bfe6-42db08352842/datanode-2/data/ratis/b4edc1b9-93f6-446f-92a1-6332370b3e76/sm/snapshot.1_4 time:20
2019-09-06 01:41:47,779 [main] INFO  handler.ContextHandler (ContextHandler.java:doStop(910)) - Stopped o.e.j.s.ServletContextHandler@7d133fb7{/static,jar:file:/home/user/.m2/repository/org/apache/hadoop/hadoop-hdds-container-service/0.5.0-SNAPSHOT/hadoop-hdds-container-service-0.5.0-SNAPSHOT.jar!/webapps/static,UNAVAILABLE}
2019-09-06 01:41:47,779 [StateMachineUpdater:edc09431-f278-40d3-af03-90e48e877b17:group-6332370B3E76] INFO  impl.StateMachineUpdater (StateMachineUpdater.java:takeSnapshot(242)) - StateMachineUpdater:edc09431-f278-40d3-af03-90e48e877b17:group-6332370B3E76: Took a snapshot at index 4
2019-09-06 01:41:47,779 [main] INFO  handler.ContextHandler (ContextHandler.java:doStop(910)) - Stopped o.e.j.s.ServletContextHandler@5ca4dce5{/logs,file:///workdir/hadoop-ozone/integration-test/target/log,UNAVAILABLE}
2019-09-06 01:41:47,779 [StateMachineUpdater:edc09431-f278-40d3-af03-90e48e877b17:group-6332370B3E76] INFO  impl.StateMachineUpdater (StateMachineUpdater.java:lambda$new$0(80)) - StateMachineUpdater:edc09431-f278-40d3-af03-90e48e877b17:group-6332370B3E76: snapshotIndex: updateIncreasingly -1 -> 4
2019-09-06 01:41:47,780 [ForkJoinPool.commonPool-worker-0] INFO  impl.RaftServerImpl (ServerState.java:close(394)) - edc09431-f278-40d3-af03-90e48e877b17:group-6332370B3E76 closes. The last applied log index is 4
2019-09-06 01:41:47,780 [edc09431-f278-40d3-af03-90e48e877b17-SegmentedRaftLogWorker:Storage Directory /workdir/hadoop-ozone/integration-test/target/test-dir/MiniOzoneClusterImpl-fa83d308-25e6-4772-bfe6-42db08352842/datanode-2/data/ratis/b4edc1b9-93f6-446f-92a1-6332370b3e76] INFO  segmented.SegmentedRaftLogWorker (SegmentedRaftLogWorker.java:run(313)) - edc09431-f278-40d3-af03-90e48e877b17-SegmentedRaftLogWorker:Storage Directory /workdir/hadoop-ozone/integration-test/target/test-dir/MiniOzoneClusterImpl-fa83d308-25e6-4772-bfe6-42db08352842/datanode-2/data/ratis/b4edc1b9-93f6-446f-92a1-6332370b3e76 was interrupted, exiting. There are 0 tasks remaining in the queue.
2019-09-06 01:41:47,782 [ForkJoinPool.commonPool-worker-0] INFO  segmented.SegmentedRaftLogWorker (SegmentedRaftLogWorker.java:close(228)) - edc09431-f278-40d3-af03-90e48e877b17-SegmentedRaftLogWorker:Storage Directory /workdir/hadoop-ozone/integration-test/target/test-dir/MiniOzoneClusterImpl-fa83d308-25e6-4772-bfe6-42db08352842/datanode-2/data/ratis/b4edc1b9-93f6-446f-92a1-6332370b3e76 close()
2019-09-06 01:41:47,785 [ForkJoinPool.commonPool-worker-0] INFO  server.GrpcService (GrpcService.java:closeImpl(155)) - edc09431-f278-40d3-af03-90e48e877b17: shutdown server with port 37126 now
2019-09-06 01:41:47,785 [ForkJoinPool.commonPool-worker-0] INFO  server.GrpcService (GrpcService.java:closeImpl(163)) - edc09431-f278-40d3-af03-90e48e877b17: shutdown server with port 37126 successfully
2019-09-06 01:41:47,789 [refreshUsed-/workdir/hadoop-ozone/integration-test/target/test-dir/MiniOzoneClusterImpl-fa83d308-25e6-4772-bfe6-42db08352842/datanode-2/data/containers] WARN  fs.CachingGetSpaceUsed (CachingGetSpaceUsed.java:run(183)) - Thread Interrupted waiting to refresh disk information: sleep interrupted
2019-09-06 01:41:47,808 [ForkJoinPool.commonPool-worker-0] INFO  utils.BackgroundService (BackgroundService.java:shutdown(148)) - Shutting down service BlockDeletingService
2019-09-06 01:41:47,813 [ForkJoinPool.commonPool-worker-0] INFO  statemachine.DatanodeStateMachine (DatanodeStateMachine.java:stopDaemon(395)) - Ozone container server stopped.
2019-09-06 01:41:47,816 [ForkJoinPool.commonPool-worker-0] INFO  handler.ContextHandler (ContextHandler.java:doStop(910)) - Stopped o.e.j.w.WebAppContext@7d59e968{/,null,UNAVAILABLE}{/hddsDatanode}
2019-09-06 01:41:47,817 [ForkJoinPool.commonPool-worker-0] INFO  server.AbstractConnector (AbstractConnector.java:doStop(318)) - Stopped ServerConnector@55361f03{HTTP/1.1,[http/1.1]}{0.0.0.0:0}
2019-09-06 01:41:47,818 [ForkJoinPool.commonPool-worker-0] INFO  handler.ContextHandler (ContextHandler.java:doStop(910)) - Stopped o.e.j.s.ServletContextHandler@5d7dd549{/static,jar:file:/home/user/.m2/repository/org/apache/hadoop/hadoop-hdds-container-service/0.5.0-SNAPSHOT/hadoop-hdds-container-service-0.5.0-SNAPSHOT.jar!/webapps/static,UNAVAILABLE}
2019-09-06 01:41:47,819 [ForkJoinPool.commonPool-worker-0] INFO  handler.ContextHandler (ContextHandler.java:doStop(910)) - Stopped o.e.j.s.ServletContextHandler@350323a0{/logs,file:///workdir/hadoop-ozone/integration-test/target/log,UNAVAILABLE}
2019-09-06 01:41:47,946 [Datanode State Machine Thread - 0] INFO  statemachine.DatanodeStateMachine (DatanodeStateMachine.java:lambda$startDaemon$0(350)) - Ozone container server started.
2019-09-06 01:41:48,442 [Datanode State Machine Thread - 0] INFO  statemachine.DatanodeStateMachine (DatanodeStateMachine.java:lambda$startDaemon$0(350)) - Ozone container server started.
2019-09-06 01:41:49,555 [Thread-3485] INFO  impl.FollowerState (FollowerState.java:run(106)) - 4ba7b802-14f5-42b9-8dc4-3b2118cdd21d:group-6332370B3E76 changes to CANDIDATE, lastRpcTime:9088, electionTimeout:5123ms
2019-09-06 01:41:49,556 [Thread-3485] INFO  impl.RoleInfo (RoleInfo.java:shutdownFollowerState(121)) - 4ba7b802-14f5-42b9-8dc4-3b2118cdd21d: shutdown FollowerState
2019-09-06 01:41:49,556 [Thread-3485] INFO  impl.RaftServerImpl (RaftServerImpl.java:setRole(171)) - 4ba7b802-14f5-42b9-8dc4-3b2118cdd21d:group-6332370B3E76 changes role from FOLLOWER to CANDIDATE at term 1 for changeToCandidate
2019-09-06 01:41:49,556 [Thread-3485] INFO  impl.RoleInfo (RoleInfo.java:updateAndGet(143)) - 4ba7b802-14f5-42b9-8dc4-3b2118cdd21d: start LeaderElection
2019-09-06 01:41:49,562 [4ba7b802-14f5-42b9-8dc4-3b2118cdd21d:group-6332370B3E76:LeaderElection64] INFO  impl.RaftServerImpl (ServerState.java:setLeader(263)) - 4ba7b802-14f5-42b9-8dc4-3b2118cdd21d:group-6332370B3E76 change Leader from bbace8e8-e1a9-42ee-9889-2c1141283f48 to null at term 1 for initElection
2019-09-06 01:41:49,576 [4ba7b802-14f5-42b9-8dc4-3b2118cdd21d:group-6332370B3E76:LeaderElection64] INFO  impl.LeaderElection (LeaderElection.java:askForVotes(181)) - 4ba7b802-14f5-42b9-8dc4-3b2118cdd21d:group-6332370B3E76:LeaderElection64: begin an election at term 2 for 0: [4ba7b802-14f5-42b9-8dc4-3b2118cdd21d:192.168.5.177:42721, bbace8e8-e1a9-42ee-9889-2c1141283f48:192.168.5.177:39551, edc09431-f278-40d3-af03-90e48e877b17:192.168.5.177:37126], old=null
2019-09-06 01:41:49,579 [4ba7b802-14f5-42b9-8dc4-3b2118cdd21d:group-6332370B3E76:LeaderElection64] INFO  impl.LeaderElection (LogUtils.java:infoOrTrace(149)) - 4ba7b802-14f5-42b9-8dc4-3b2118cdd21d:group-6332370B3E76:LeaderElection64 got exception when requesting votes: {}
java.util.concurrent.ExecutionException: org.apache.ratis.thirdparty.io.grpc.StatusRuntimeException: UNAVAILABLE: io exception
	at java.util.concurrent.FutureTask.report(FutureTask.java:122)
	at java.util.concurrent.FutureTask.get(FutureTask.java:192)
	at org.apache.ratis.server.impl.LeaderElection.waitForResults(LeaderElection.java:262)
	at org.apache.ratis.server.impl.LeaderElection.askForVotes(LeaderElection.java:200)
	at org.apache.ratis.server.impl.LeaderElection.run(LeaderElection.java:130)
	at java.lang.Thread.run(Thread.java:748)
Caused by: org.apache.ratis.thirdparty.io.grpc.StatusRuntimeException: UNAVAILABLE: io exception
	at org.apache.ratis.thirdparty.io.grpc.stub.ClientCalls.toStatusRuntimeException(ClientCalls.java:233)
	at org.apache.ratis.thirdparty.io.grpc.stub.ClientCalls.getUnchecked(ClientCalls.java:214)
	at org.apache.ratis.thirdparty.io.grpc.stub.ClientCalls.blockingUnaryCall(ClientCalls.java:139)
	at org.apache.ratis.proto.grpc.RaftServerProtocolServiceGrpc$RaftServerProtocolServiceBlockingStub.requestVote(RaftServerProtocolServiceGrpc.java:265)
	at org.apache.ratis.grpc.server.GrpcServerProtocolClient.requestVote(GrpcServerProtocolClient.java:83)
	at org.apache.ratis.grpc.server.GrpcService.requestVote(GrpcService.java:195)
	at org.apache.ratis.server.impl.LeaderElection.lambda$submitRequests$1(LeaderElection.java:237)
	at java.util.concurrent.FutureTask.run(FutureTask.java:266)
	at java.util.concurrent.Executors$RunnableAdapter.call(Executors.java:511)
	at java.util.concurrent.FutureTask.run(FutureTask.java:266)
	at java.util.concurrent.ThreadPoolExecutor.runWorker(ThreadPoolExecutor.java:1149)
	at java.util.concurrent.ThreadPoolExecutor$Worker.run(ThreadPoolExecutor.java:624)
	... 1 more
Caused by: org.apache.ratis.thirdparty.io.netty.channel.AbstractChannel$AnnotatedConnectException: Connection refused: /192.168.5.177:39551
	at sun.nio.ch.SocketChannelImpl.checkConnect(Native Method)
	at sun.nio.ch.SocketChannelImpl.finishConnect(SocketChannelImpl.java:717)
	at org.apache.ratis.thirdparty.io.netty.channel.socket.nio.NioSocketChannel.doFinishConnect(NioSocketChannel.java:327)
	at org.apache.ratis.thirdparty.io.netty.channel.nio.AbstractNioChannel$AbstractNioUnsafe.finishConnect(AbstractNioChannel.java:340)
	at org.apache.ratis.thirdparty.io.netty.channel.nio.NioEventLoop.processSelectedKey(NioEventLoop.java:632)
	at org.apache.ratis.thirdparty.io.netty.channel.nio.NioEventLoop.processSelectedKeysOptimized(NioEventLoop.java:579)
	at org.apache.ratis.thirdparty.io.netty.channel.nio.NioEventLoop.processSelectedKeys(NioEventLoop.java:496)
	at org.apache.ratis.thirdparty.io.netty.channel.nio.NioEventLoop.run(NioEventLoop.java:458)
	at org.apache.ratis.thirdparty.io.netty.util.concurrent.SingleThreadEventExecutor$5.run(SingleThreadEventExecutor.java:897)
	at org.apache.ratis.thirdparty.io.netty.util.concurrent.FastThreadLocalRunnable.run(FastThreadLocalRunnable.java:30)
	... 1 more
Caused by: java.net.ConnectException: Connection refused
	... 11 more
2019-09-06 01:41:49,582 [4ba7b802-14f5-42b9-8dc4-3b2118cdd21d:group-6332370B3E76:LeaderElection64] INFO  impl.LeaderElection (LogUtils.java:infoOrTrace(149)) - 4ba7b802-14f5-42b9-8dc4-3b2118cdd21d:group-6332370B3E76:LeaderElection64 got exception when requesting votes: {}
java.util.concurrent.ExecutionException: org.apache.ratis.thirdparty.io.grpc.StatusRuntimeException: UNAVAILABLE: io exception
	at java.util.concurrent.FutureTask.report(FutureTask.java:122)
	at java.util.concurrent.FutureTask.get(FutureTask.java:192)
	at org.apache.ratis.server.impl.LeaderElection.waitForResults(LeaderElection.java:262)
	at org.apache.ratis.server.impl.LeaderElection.askForVotes(LeaderElection.java:200)
	at org.apache.ratis.server.impl.LeaderElection.run(LeaderElection.java:130)
	at java.lang.Thread.run(Thread.java:748)
Caused by: org.apache.ratis.thirdparty.io.grpc.StatusRuntimeException: UNAVAILABLE: io exception
	at org.apache.ratis.thirdparty.io.grpc.stub.ClientCalls.toStatusRuntimeException(ClientCalls.java:233)
	at org.apache.ratis.thirdparty.io.grpc.stub.ClientCalls.getUnchecked(ClientCalls.java:214)
	at org.apache.ratis.thirdparty.io.grpc.stub.ClientCalls.blockingUnaryCall(ClientCalls.java:139)
	at org.apache.ratis.proto.grpc.RaftServerProtocolServiceGrpc$RaftServerProtocolServiceBlockingStub.requestVote(RaftServerProtocolServiceGrpc.java:265)
	at org.apache.ratis.grpc.server.GrpcServerProtocolClient.requestVote(GrpcServerProtocolClient.java:83)
	at org.apache.ratis.grpc.server.GrpcService.requestVote(GrpcService.java:195)
	at org.apache.ratis.server.impl.LeaderElection.lambda$submitRequests$1(LeaderElection.java:237)
	at java.util.concurrent.FutureTask.run(FutureTask.java:266)
	at java.util.concurrent.Executors$RunnableAdapter.call(Executors.java:511)
	at java.util.concurrent.FutureTask.run(FutureTask.java:266)
	at java.util.concurrent.ThreadPoolExecutor.runWorker(ThreadPoolExecutor.java:1149)
	at java.util.concurrent.ThreadPoolExecutor$Worker.run(ThreadPoolExecutor.java:624)
	... 1 more
Caused by: org.apache.ratis.thirdparty.io.netty.channel.AbstractChannel$AnnotatedConnectException: Connection refused: /192.168.5.177:37126
	at sun.nio.ch.SocketChannelImpl.checkConnect(Native Method)
	at sun.nio.ch.SocketChannelImpl.finishConnect(SocketChannelImpl.java:717)
	at org.apache.ratis.thirdparty.io.netty.channel.socket.nio.NioSocketChannel.doFinishConnect(NioSocketChannel.java:327)
	at org.apache.ratis.thirdparty.io.netty.channel.nio.AbstractNioChannel$AbstractNioUnsafe.finishConnect(AbstractNioChannel.java:340)
	at org.apache.ratis.thirdparty.io.netty.channel.nio.NioEventLoop.processSelectedKey(NioEventLoop.java:632)
	at org.apache.ratis.thirdparty.io.netty.channel.nio.NioEventLoop.processSelectedKeysOptimized(NioEventLoop.java:579)
	at org.apache.ratis.thirdparty.io.netty.channel.nio.NioEventLoop.processSelectedKeys(NioEventLoop.java:496)
	at org.apache.ratis.thirdparty.io.netty.channel.nio.NioEventLoop.run(NioEventLoop.java:458)
	at org.apache.ratis.thirdparty.io.netty.util.concurrent.SingleThreadEventExecutor$5.run(SingleThreadEventExecutor.java:897)
	at org.apache.ratis.thirdparty.io.netty.util.concurrent.FastThreadLocalRunnable.run(FastThreadLocalRunnable.java:30)
	... 1 more
Caused by: java.net.ConnectException: Connection refused
	... 11 more
2019-09-06 01:41:49,587 [4ba7b802-14f5-42b9-8dc4-3b2118cdd21d:group-6332370B3E76:LeaderElection64] INFO  impl.LeaderElection (LeaderElection.java:logAndReturn(56)) - 4ba7b802-14f5-42b9-8dc4-3b2118cdd21d:group-6332370B3E76:LeaderElection64: Election REJECTED; received 0 response(s) [] and 2 exception(s); 4ba7b802-14f5-42b9-8dc4-3b2118cdd21d:t2, leader=null, voted=4ba7b802-14f5-42b9-8dc4-3b2118cdd21d, raftlog=4ba7b802-14f5-42b9-8dc4-3b2118cdd21d-SegmentedRaftLog:OPENED:c4,f4,i4, conf=0: [4ba7b802-14f5-42b9-8dc4-3b2118cdd21d:192.168.5.177:42721, bbace8e8-e1a9-42ee-9889-2c1141283f48:192.168.5.177:39551, edc09431-f278-40d3-af03-90e48e877b17:192.168.5.177:37126], old=null
2019-09-06 01:41:49,587 [4ba7b802-14f5-42b9-8dc4-3b2118cdd21d:group-6332370B3E76:LeaderElection64] INFO  impl.LeaderElection (LogUtils.java:infoOrTrace(149)) -   Exception 0: {}
java.util.concurrent.ExecutionException: org.apache.ratis.thirdparty.io.grpc.StatusRuntimeException: UNAVAILABLE: io exception
	at java.util.concurrent.FutureTask.report(FutureTask.java:122)
	at java.util.concurrent.FutureTask.get(FutureTask.java:192)
	at org.apache.ratis.server.impl.LeaderElection.waitForResults(LeaderElection.java:262)
	at org.apache.ratis.server.impl.LeaderElection.askForVotes(LeaderElection.java:200)
	at org.apache.ratis.server.impl.LeaderElection.run(LeaderElection.java:130)
	at java.lang.Thread.run(Thread.java:748)
Caused by: org.apache.ratis.thirdparty.io.grpc.StatusRuntimeException: UNAVAILABLE: io exception
	at org.apache.ratis.thirdparty.io.grpc.stub.ClientCalls.toStatusRuntimeException(ClientCalls.java:233)
	at org.apache.ratis.thirdparty.io.grpc.stub.ClientCalls.getUnchecked(ClientCalls.java:214)
	at org.apache.ratis.thirdparty.io.grpc.stub.ClientCalls.blockingUnaryCall(ClientCalls.java:139)
	at org.apache.ratis.proto.grpc.RaftServerProtocolServiceGrpc$RaftServerProtocolServiceBlockingStub.requestVote(RaftServerProtocolServiceGrpc.java:265)
	at org.apache.ratis.grpc.server.GrpcServerProtocolClient.requestVote(GrpcServerProtocolClient.java:83)
	at org.apache.ratis.grpc.server.GrpcService.requestVote(GrpcService.java:195)
	at org.apache.ratis.server.impl.LeaderElection.lambda$submitRequests$1(LeaderElection.java:237)
	at java.util.concurrent.FutureTask.run(FutureTask.java:266)
	at java.util.concurrent.Executors$RunnableAdapter.call(Executors.java:511)
	at java.util.concurrent.FutureTask.run(FutureTask.java:266)
	at java.util.concurrent.ThreadPoolExecutor.runWorker(ThreadPoolExecutor.java:1149)
	at java.util.concurrent.ThreadPoolExecutor$Worker.run(ThreadPoolExecutor.java:624)
	... 1 more
Caused by: org.apache.ratis.thirdparty.io.netty.channel.AbstractChannel$AnnotatedConnectException: Connection refused: /192.168.5.177:39551
	at sun.nio.ch.SocketChannelImpl.checkConnect(Native Method)
	at sun.nio.ch.SocketChannelImpl.finishConnect(SocketChannelImpl.java:717)
	at org.apache.ratis.thirdparty.io.netty.channel.socket.nio.NioSocketChannel.doFinishConnect(NioSocketChannel.java:327)
	at org.apache.ratis.thirdparty.io.netty.channel.nio.AbstractNioChannel$AbstractNioUnsafe.finishConnect(AbstractNioChannel.java:340)
	at org.apache.ratis.thirdparty.io.netty.channel.nio.NioEventLoop.processSelectedKey(NioEventLoop.java:632)
	at org.apache.ratis.thirdparty.io.netty.channel.nio.NioEventLoop.processSelectedKeysOptimized(NioEventLoop.java:579)
	at org.apache.ratis.thirdparty.io.netty.channel.nio.NioEventLoop.processSelectedKeys(NioEventLoop.java:496)
	at org.apache.ratis.thirdparty.io.netty.channel.nio.NioEventLoop.run(NioEventLoop.java:458)
	at org.apache.ratis.thirdparty.io.netty.util.concurrent.SingleThreadEventExecutor$5.run(SingleThreadEventExecutor.java:897)
	at org.apache.ratis.thirdparty.io.netty.util.concurrent.FastThreadLocalRunnable.run(FastThreadLocalRunnable.java:30)
	... 1 more
Caused by: java.net.ConnectException: Connection refused
	... 11 more
2019-09-06 01:41:49,587 [4ba7b802-14f5-42b9-8dc4-3b2118cdd21d:group-6332370B3E76:LeaderElection64] INFO  impl.LeaderElection (LogUtils.java:infoOrTrace(149)) -   Exception 1: {}
java.util.concurrent.ExecutionException: org.apache.ratis.thirdparty.io.grpc.StatusRuntimeException: UNAVAILABLE: io exception
	at java.util.concurrent.FutureTask.report(FutureTask.java:122)
	at java.util.concurrent.FutureTask.get(FutureTask.java:192)
	at org.apache.ratis.server.impl.LeaderElection.waitForResults(LeaderElection.java:262)
	at org.apache.ratis.server.impl.LeaderElection.askForVotes(LeaderElection.java:200)
	at org.apache.ratis.server.impl.LeaderElection.run(LeaderElection.java:130)
	at java.lang.Thread.run(Thread.java:748)
Caused by: org.apache.ratis.thirdparty.io.grpc.StatusRuntimeException: UNAVAILABLE: io exception
	at org.apache.ratis.thirdparty.io.grpc.stub.ClientCalls.toStatusRuntimeException(ClientCalls.java:233)
	at org.apache.ratis.thirdparty.io.grpc.stub.ClientCalls.getUnchecked(ClientCalls.java:214)
	at org.apache.ratis.thirdparty.io.grpc.stub.ClientCalls.blockingUnaryCall(ClientCalls.java:139)
	at org.apache.ratis.proto.grpc.RaftServerProtocolServiceGrpc$RaftServerProtocolServiceBlockingStub.requestVote(RaftServerProtocolServiceGrpc.java:265)
	at org.apache.ratis.grpc.server.GrpcServerProtocolClient.requestVote(GrpcServerProtocolClient.java:83)
	at org.apache.ratis.grpc.server.GrpcService.requestVote(GrpcService.java:195)
	at org.apache.ratis.server.impl.LeaderElection.lambda$submitRequests$1(LeaderElection.java:237)
	at java.util.concurrent.FutureTask.run(FutureTask.java:266)
	at java.util.concurrent.Executors$RunnableAdapter.call(Executors.java:511)
	at java.util.concurrent.FutureTask.run(FutureTask.java:266)
	at java.util.concurrent.ThreadPoolExecutor.runWorker(ThreadPoolExecutor.java:1149)
	at java.util.concurrent.ThreadPoolExecutor$Worker.run(ThreadPoolExecutor.java:624)
	... 1 more
Caused by: org.apache.ratis.thirdparty.io.netty.channel.AbstractChannel$AnnotatedConnectException: Connection refused: /192.168.5.177:37126
	at sun.nio.ch.SocketChannelImpl.checkConnect(Native Method)
	at sun.nio.ch.SocketChannelImpl.finishConnect(SocketChannelImpl.java:717)
	at org.apache.ratis.thirdparty.io.netty.channel.socket.nio.NioSocketChannel.doFinishConnect(NioSocketChannel.java:327)
	at org.apache.ratis.thirdparty.io.netty.channel.nio.AbstractNioChannel$AbstractNioUnsafe.finishConnect(AbstractNioChannel.java:340)
	at org.apache.ratis.thirdparty.io.netty.channel.nio.NioEventLoop.processSelectedKey(NioEventLoop.java:632)
	at org.apache.ratis.thirdparty.io.netty.channel.nio.NioEventLoop.processSelectedKeysOptimized(NioEventLoop.java:579)
	at org.apache.ratis.thirdparty.io.netty.channel.nio.NioEventLoop.processSelectedKeys(NioEventLoop.java:496)
	at org.apache.ratis.thirdparty.io.netty.channel.nio.NioEventLoop.run(NioEventLoop.java:458)
	at org.apache.ratis.thirdparty.io.netty.util.concurrent.SingleThreadEventExecutor$5.run(SingleThreadEventExecutor.java:897)
	at org.apache.ratis.thirdparty.io.netty.util.concurrent.FastThreadLocalRunnable.run(FastThreadLocalRunnable.java:30)
	... 1 more
Caused by: java.net.ConnectException: Connection refused
	... 11 more
2019-09-06 01:41:49,588 [4ba7b802-14f5-42b9-8dc4-3b2118cdd21d:group-6332370B3E76:LeaderElection64] INFO  impl.RaftServerImpl (RaftServerImpl.java:setRole(171)) - 4ba7b802-14f5-42b9-8dc4-3b2118cdd21d:group-6332370B3E76 changes role from CANDIDATE to FOLLOWER at term 2 for DISCOVERED_A_NEW_TERM
2019-09-06 01:41:49,590 [4ba7b802-14f5-42b9-8dc4-3b2118cdd21d:group-6332370B3E76:LeaderElection64] INFO  impl.RoleInfo (RoleInfo.java:shutdownLeaderElection(134)) - 4ba7b802-14f5-42b9-8dc4-3b2118cdd21d: shutdown LeaderElection
2019-09-06 01:41:49,590 [4ba7b802-14f5-42b9-8dc4-3b2118cdd21d:group-6332370B3E76:LeaderElection64] INFO  impl.RoleInfo (RoleInfo.java:updateAndGet(143)) - 4ba7b802-14f5-42b9-8dc4-3b2118cdd21d: start FollowerState
2019-09-06 01:41:50,103 [Thread-3328] INFO  impl.FollowerState (FollowerState.java:run(106)) - 4ba7b802-14f5-42b9-8dc4-3b2118cdd21d:group-8FCE33E96697 changes to CANDIDATE, lastRpcTime:9081, electionTimeout:5107ms
2019-09-06 01:41:50,104 [Thread-3328] INFO  impl.RoleInfo (RoleInfo.java:shutdownFollowerState(121)) - 4ba7b802-14f5-42b9-8dc4-3b2118cdd21d: shutdown FollowerState
2019-09-06 01:41:50,104 [Thread-3328] INFO  impl.RaftServerImpl (RaftServerImpl.java:setRole(171)) - 4ba7b802-14f5-42b9-8dc4-3b2118cdd21d:group-8FCE33E96697 changes role from FOLLOWER to CANDIDATE at term 1 for changeToCandidate
2019-09-06 01:41:50,104 [Thread-3328] INFO  impl.RoleInfo (RoleInfo.java:updateAndGet(143)) - 4ba7b802-14f5-42b9-8dc4-3b2118cdd21d: start LeaderElection
2019-09-06 01:41:50,105 [4ba7b802-14f5-42b9-8dc4-3b2118cdd21d:group-8FCE33E96697:LeaderElection65] INFO  impl.RaftServerImpl (ServerState.java:setLeader(263)) - 4ba7b802-14f5-42b9-8dc4-3b2118cdd21d:group-8FCE33E96697 change Leader from bbace8e8-e1a9-42ee-9889-2c1141283f48 to null at term 1 for initElection
2019-09-06 01:41:50,126 [4ba7b802-14f5-42b9-8dc4-3b2118cdd21d:group-8FCE33E96697:LeaderElection65] INFO  impl.LeaderElection (LeaderElection.java:askForVotes(181)) - 4ba7b802-14f5-42b9-8dc4-3b2118cdd21d:group-8FCE33E96697:LeaderElection65: begin an election at term 2 for 0: [4ba7b802-14f5-42b9-8dc4-3b2118cdd21d:192.168.5.177:42721, af53648f-ad65-4ebd-a0ed-12c0c25e13ff:192.168.5.177:37144, bbace8e8-e1a9-42ee-9889-2c1141283f48:192.168.5.177:39551], old=null
2019-09-06 01:41:50,127 [4ba7b802-14f5-42b9-8dc4-3b2118cdd21d:group-8FCE33E96697:LeaderElection65] INFO  impl.LeaderElection (LogUtils.java:infoOrTrace(149)) - 4ba7b802-14f5-42b9-8dc4-3b2118cdd21d:group-8FCE33E96697:LeaderElection65 got exception when requesting votes: {}
java.util.concurrent.ExecutionException: org.apache.ratis.thirdparty.io.grpc.StatusRuntimeException: UNAVAILABLE: io exception
	at java.util.concurrent.FutureTask.report(FutureTask.java:122)
	at java.util.concurrent.FutureTask.get(FutureTask.java:192)
	at org.apache.ratis.server.impl.LeaderElection.waitForResults(LeaderElection.java:262)
	at org.apache.ratis.server.impl.LeaderElection.askForVotes(LeaderElection.java:200)
	at org.apache.ratis.server.impl.LeaderElection.run(LeaderElection.java:130)
	at java.lang.Thread.run(Thread.java:748)
Caused by: org.apache.ratis.thirdparty.io.grpc.StatusRuntimeException: UNAVAILABLE: io exception
	at org.apache.ratis.thirdparty.io.grpc.stub.ClientCalls.toStatusRuntimeException(ClientCalls.java:233)
	at org.apache.ratis.thirdparty.io.grpc.stub.ClientCalls.getUnchecked(ClientCalls.java:214)
	at org.apache.ratis.thirdparty.io.grpc.stub.ClientCalls.blockingUnaryCall(ClientCalls.java:139)
	at org.apache.ratis.proto.grpc.RaftServerProtocolServiceGrpc$RaftServerProtocolServiceBlockingStub.requestVote(RaftServerProtocolServiceGrpc.java:265)
	at org.apache.ratis.grpc.server.GrpcServerProtocolClient.requestVote(GrpcServerProtocolClient.java:83)
	at org.apache.ratis.grpc.server.GrpcService.requestVote(GrpcService.java:195)
	at org.apache.ratis.server.impl.LeaderElection.lambda$submitRequests$1(LeaderElection.java:237)
	at java.util.concurrent.FutureTask.run(FutureTask.java:266)
	at java.util.concurrent.Executors$RunnableAdapter.call(Executors.java:511)
	at java.util.concurrent.FutureTask.run(FutureTask.java:266)
	at java.util.concurrent.ThreadPoolExecutor.runWorker(ThreadPoolExecutor.java:1149)
	at java.util.concurrent.ThreadPoolExecutor$Worker.run(ThreadPoolExecutor.java:624)
	... 1 more
Caused by: org.apache.ratis.thirdparty.io.netty.channel.AbstractChannel$AnnotatedConnectException: Connection refused: /192.168.5.177:39551
	at sun.nio.ch.SocketChannelImpl.checkConnect(Native Method)
	at sun.nio.ch.SocketChannelImpl.finishConnect(SocketChannelImpl.java:717)
	at org.apache.ratis.thirdparty.io.netty.channel.socket.nio.NioSocketChannel.doFinishConnect(NioSocketChannel.java:327)
	at org.apache.ratis.thirdparty.io.netty.channel.nio.AbstractNioChannel$AbstractNioUnsafe.finishConnect(AbstractNioChannel.java:340)
	at org.apache.ratis.thirdparty.io.netty.channel.nio.NioEventLoop.processSelectedKey(NioEventLoop.java:632)
	at org.apache.ratis.thirdparty.io.netty.channel.nio.NioEventLoop.processSelectedKeysOptimized(NioEventLoop.java:579)
	at org.apache.ratis.thirdparty.io.netty.channel.nio.NioEventLoop.processSelectedKeys(NioEventLoop.java:496)
	at org.apache.ratis.thirdparty.io.netty.channel.nio.NioEventLoop.run(NioEventLoop.java:458)
	at org.apache.ratis.thirdparty.io.netty.util.concurrent.SingleThreadEventExecutor$5.run(SingleThreadEventExecutor.java:897)
	at org.apache.ratis.thirdparty.io.netty.util.concurrent.FastThreadLocalRunnable.run(FastThreadLocalRunnable.java:30)
	... 1 more
Caused by: java.net.ConnectException: Connection refused
	... 11 more
2019-09-06 01:41:50,130 [4ba7b802-14f5-42b9-8dc4-3b2118cdd21d:group-8FCE33E96697:LeaderElection65] INFO  impl.LeaderElection (LogUtils.java:infoOrTrace(149)) - 4ba7b802-14f5-42b9-8dc4-3b2118cdd21d:group-8FCE33E96697:LeaderElection65 got exception when requesting votes: {}
java.util.concurrent.ExecutionException: org.apache.ratis.thirdparty.io.grpc.StatusRuntimeException: UNAVAILABLE: io exception
	at java.util.concurrent.FutureTask.report(FutureTask.java:122)
	at java.util.concurrent.FutureTask.get(FutureTask.java:192)
	at org.apache.ratis.server.impl.LeaderElection.waitForResults(LeaderElection.java:262)
	at org.apache.ratis.server.impl.LeaderElection.askForVotes(LeaderElection.java:200)
	at org.apache.ratis.server.impl.LeaderElection.run(LeaderElection.java:130)
	at java.lang.Thread.run(Thread.java:748)
Caused by: org.apache.ratis.thirdparty.io.grpc.StatusRuntimeException: UNAVAILABLE: io exception
	at org.apache.ratis.thirdparty.io.grpc.stub.ClientCalls.toStatusRuntimeException(ClientCalls.java:233)
	at org.apache.ratis.thirdparty.io.grpc.stub.ClientCalls.getUnchecked(ClientCalls.java:214)
	at org.apache.ratis.thirdparty.io.grpc.stub.ClientCalls.blockingUnaryCall(ClientCalls.java:139)
	at org.apache.ratis.proto.grpc.RaftServerProtocolServiceGrpc$RaftServerProtocolServiceBlockingStub.requestVote(RaftServerProtocolServiceGrpc.java:265)
	at org.apache.ratis.grpc.server.GrpcServerProtocolClient.requestVote(GrpcServerProtocolClient.java:83)
	at org.apache.ratis.grpc.server.GrpcService.requestVote(GrpcService.java:195)
	at org.apache.ratis.server.impl.LeaderElection.lambda$submitRequests$1(LeaderElection.java:237)
	at java.util.concurrent.FutureTask.run(FutureTask.java:266)
	at java.util.concurrent.Executors$RunnableAdapter.call(Executors.java:511)
	at java.util.concurrent.FutureTask.run(FutureTask.java:266)
	at java.util.concurrent.ThreadPoolExecutor.runWorker(ThreadPoolExecutor.java:1149)
	at java.util.concurrent.ThreadPoolExecutor$Worker.run(ThreadPoolExecutor.java:624)
	... 1 more
Caused by: org.apache.ratis.thirdparty.io.netty.channel.AbstractChannel$AnnotatedConnectException: Connection refused: /192.168.5.177:37144
	at sun.nio.ch.SocketChannelImpl.checkConnect(Native Method)
	at sun.nio.ch.SocketChannelImpl.finishConnect(SocketChannelImpl.java:717)
	at org.apache.ratis.thirdparty.io.netty.channel.socket.nio.NioSocketChannel.doFinishConnect(NioSocketChannel.java:327)
	at org.apache.ratis.thirdparty.io.netty.channel.nio.AbstractNioChannel$AbstractNioUnsafe.finishConnect(AbstractNioChannel.java:340)
	at org.apache.ratis.thirdparty.io.netty.channel.nio.NioEventLoop.processSelectedKey(NioEventLoop.java:632)
	at org.apache.ratis.thirdparty.io.netty.channel.nio.NioEventLoop.processSelectedKeysOptimized(NioEventLoop.java:579)
	at org.apache.ratis.thirdparty.io.netty.channel.nio.NioEventLoop.processSelectedKeys(NioEventLoop.java:496)
	at org.apache.ratis.thirdparty.io.netty.channel.nio.NioEventLoop.run(NioEventLoop.java:458)
	at org.apache.ratis.thirdparty.io.netty.util.concurrent.SingleThreadEventExecutor$5.run(SingleThreadEventExecutor.java:897)
	at org.apache.ratis.thirdparty.io.netty.util.concurrent.FastThreadLocalRunnable.run(FastThreadLocalRunnable.java:30)
	... 1 more
Caused by: java.net.ConnectException: Connection refused
	... 11 more
2019-09-06 01:41:50,131 [4ba7b802-14f5-42b9-8dc4-3b2118cdd21d:group-8FCE33E96697:LeaderElection65] INFO  impl.LeaderElection (LeaderElection.java:logAndReturn(56)) - 4ba7b802-14f5-42b9-8dc4-3b2118cdd21d:group-8FCE33E96697:LeaderElection65: Election REJECTED; received 0 response(s) [] and 2 exception(s); 4ba7b802-14f5-42b9-8dc4-3b2118cdd21d:t2, leader=null, voted=4ba7b802-14f5-42b9-8dc4-3b2118cdd21d, raftlog=4ba7b802-14f5-42b9-8dc4-3b2118cdd21d-SegmentedRaftLog:OPENED:c28,f28,i28, conf=0: [4ba7b802-14f5-42b9-8dc4-3b2118cdd21d:192.168.5.177:42721, af53648f-ad65-4ebd-a0ed-12c0c25e13ff:192.168.5.177:37144, bbace8e8-e1a9-42ee-9889-2c1141283f48:192.168.5.177:39551], old=null
2019-09-06 01:41:50,131 [4ba7b802-14f5-42b9-8dc4-3b2118cdd21d:group-8FCE33E96697:LeaderElection65] INFO  impl.LeaderElection (LogUtils.java:infoOrTrace(149)) -   Exception 0: {}
java.util.concurrent.ExecutionException: org.apache.ratis.thirdparty.io.grpc.StatusRuntimeException: UNAVAILABLE: io exception
	at java.util.concurrent.FutureTask.report(FutureTask.java:122)
	at java.util.concurrent.FutureTask.get(FutureTask.java:192)
	at org.apache.ratis.server.impl.LeaderElection.waitForResults(LeaderElection.java:262)
	at org.apache.ratis.server.impl.LeaderElection.askForVotes(LeaderElection.java:200)
	at org.apache.ratis.server.impl.LeaderElection.run(LeaderElection.java:130)
	at java.lang.Thread.run(Thread.java:748)
Caused by: org.apache.ratis.thirdparty.io.grpc.StatusRuntimeException: UNAVAILABLE: io exception
	at org.apache.ratis.thirdparty.io.grpc.stub.ClientCalls.toStatusRuntimeException(ClientCalls.java:233)
	at org.apache.ratis.thirdparty.io.grpc.stub.ClientCalls.getUnchecked(ClientCalls.java:214)
	at org.apache.ratis.thirdparty.io.grpc.stub.ClientCalls.blockingUnaryCall(ClientCalls.java:139)
	at org.apache.ratis.proto.grpc.RaftServerProtocolServiceGrpc$RaftServerProtocolServiceBlockingStub.requestVote(RaftServerProtocolServiceGrpc.java:265)
	at org.apache.ratis.grpc.server.GrpcServerProtocolClient.requestVote(GrpcServerProtocolClient.java:83)
	at org.apache.ratis.grpc.server.GrpcService.requestVote(GrpcService.java:195)
	at org.apache.ratis.server.impl.LeaderElection.lambda$submitRequests$1(LeaderElection.java:237)
	at java.util.concurrent.FutureTask.run(FutureTask.java:266)
	at java.util.concurrent.Executors$RunnableAdapter.call(Executors.java:511)
	at java.util.concurrent.FutureTask.run(FutureTask.java:266)
	at java.util.concurrent.ThreadPoolExecutor.runWorker(ThreadPoolExecutor.java:1149)
	at java.util.concurrent.ThreadPoolExecutor$Worker.run(ThreadPoolExecutor.java:624)
	... 1 more
Caused by: org.apache.ratis.thirdparty.io.netty.channel.AbstractChannel$AnnotatedConnectException: Connection refused: /192.168.5.177:39551
	at sun.nio.ch.SocketChannelImpl.checkConnect(Native Method)
	at sun.nio.ch.SocketChannelImpl.finishConnect(SocketChannelImpl.java:717)
	at org.apache.ratis.thirdparty.io.netty.channel.socket.nio.NioSocketChannel.doFinishConnect(NioSocketChannel.java:327)
	at org.apache.ratis.thirdparty.io.netty.channel.nio.AbstractNioChannel$AbstractNioUnsafe.finishConnect(AbstractNioChannel.java:340)
	at org.apache.ratis.thirdparty.io.netty.channel.nio.NioEventLoop.processSelectedKey(NioEventLoop.java:632)
	at org.apache.ratis.thirdparty.io.netty.channel.nio.NioEventLoop.processSelectedKeysOptimized(NioEventLoop.java:579)
	at org.apache.ratis.thirdparty.io.netty.channel.nio.NioEventLoop.processSelectedKeys(NioEventLoop.java:496)
	at org.apache.ratis.thirdparty.io.netty.channel.nio.NioEventLoop.run(NioEventLoop.java:458)
	at org.apache.ratis.thirdparty.io.netty.util.concurrent.SingleThreadEventExecutor$5.run(SingleThreadEventExecutor.java:897)
	at org.apache.ratis.thirdparty.io.netty.util.concurrent.FastThreadLocalRunnable.run(FastThreadLocalRunnable.java:30)
	... 1 more
Caused by: java.net.ConnectException: Connection refused
	... 11 more
2019-09-06 01:41:50,131 [4ba7b802-14f5-42b9-8dc4-3b2118cdd21d:group-8FCE33E96697:LeaderElection65] INFO  impl.LeaderElection (LogUtils.java:infoOrTrace(149)) -   Exception 1: {}
java.util.concurrent.ExecutionException: org.apache.ratis.thirdparty.io.grpc.StatusRuntimeException: UNAVAILABLE: io exception
	at java.util.concurrent.FutureTask.report(FutureTask.java:122)
	at java.util.concurrent.FutureTask.get(FutureTask.java:192)
	at org.apache.ratis.server.impl.LeaderElection.waitForResults(LeaderElection.java:262)
	at org.apache.ratis.server.impl.LeaderElection.askForVotes(LeaderElection.java:200)
	at org.apache.ratis.server.impl.LeaderElection.run(LeaderElection.java:130)
	at java.lang.Thread.run(Thread.java:748)
Caused by: org.apache.ratis.thirdparty.io.grpc.StatusRuntimeException: UNAVAILABLE: io exception
	at org.apache.ratis.thirdparty.io.grpc.stub.ClientCalls.toStatusRuntimeException(ClientCalls.java:233)
	at org.apache.ratis.thirdparty.io.grpc.stub.ClientCalls.getUnchecked(ClientCalls.java:214)
	at org.apache.ratis.thirdparty.io.grpc.stub.ClientCalls.blockingUnaryCall(ClientCalls.java:139)
	at org.apache.ratis.proto.grpc.RaftServerProtocolServiceGrpc$RaftServerProtocolServiceBlockingStub.requestVote(RaftServerProtocolServiceGrpc.java:265)
	at org.apache.ratis.grpc.server.GrpcServerProtocolClient.requestVote(GrpcServerProtocolClient.java:83)
	at org.apache.ratis.grpc.server.GrpcService.requestVote(GrpcService.java:195)
	at org.apache.ratis.server.impl.LeaderElection.lambda$submitRequests$1(LeaderElection.java:237)
	at java.util.concurrent.FutureTask.run(FutureTask.java:266)
	at java.util.concurrent.Executors$RunnableAdapter.call(Executors.java:511)
	at java.util.concurrent.FutureTask.run(FutureTask.java:266)
	at java.util.concurrent.ThreadPoolExecutor.runWorker(ThreadPoolExecutor.java:1149)
	at java.util.concurrent.ThreadPoolExecutor$Worker.run(ThreadPoolExecutor.java:624)
	... 1 more
Caused by: org.apache.ratis.thirdparty.io.netty.channel.AbstractChannel$AnnotatedConnectException: Connection refused: /192.168.5.177:37144
	at sun.nio.ch.SocketChannelImpl.checkConnect(Native Method)
	at sun.nio.ch.SocketChannelImpl.finishConnect(SocketChannelImpl.java:717)
	at org.apache.ratis.thirdparty.io.netty.channel.socket.nio.NioSocketChannel.doFinishConnect(NioSocketChannel.java:327)
	at org.apache.ratis.thirdparty.io.netty.channel.nio.AbstractNioChannel$AbstractNioUnsafe.finishConnect(AbstractNioChannel.java:340)
	at org.apache.ratis.thirdparty.io.netty.channel.nio.NioEventLoop.processSelectedKey(NioEventLoop.java:632)
	at org.apache.ratis.thirdparty.io.netty.channel.nio.NioEventLoop.processSelectedKeysOptimized(NioEventLoop.java:579)
	at org.apache.ratis.thirdparty.io.netty.channel.nio.NioEventLoop.processSelectedKeys(NioEventLoop.java:496)
	at org.apache.ratis.thirdparty.io.netty.channel.nio.NioEventLoop.run(NioEventLoop.java:458)
	at org.apache.ratis.thirdparty.io.netty.util.concurrent.SingleThreadEventExecutor$5.run(SingleThreadEventExecutor.java:897)
	at org.apache.ratis.thirdparty.io.netty.util.concurrent.FastThreadLocalRunnable.run(FastThreadLocalRunnable.java:30)
	... 1 more
Caused by: java.net.ConnectException: Connection refused
	... 11 more
2019-09-06 01:41:50,131 [4ba7b802-14f5-42b9-8dc4-3b2118cdd21d:group-8FCE33E96697:LeaderElection65] INFO  impl.RaftServerImpl (RaftServerImpl.java:setRole(171)) - 4ba7b802-14f5-42b9-8dc4-3b2118cdd21d:group-8FCE33E96697 changes role from CANDIDATE to FOLLOWER at term 2 for DISCOVERED_A_NEW_TERM
2019-09-06 01:41:50,131 [4ba7b802-14f5-42b9-8dc4-3b2118cdd21d:group-8FCE33E96697:LeaderElection65] INFO  impl.RoleInfo (RoleInfo.java:shutdownLeaderElection(134)) - 4ba7b802-14f5-42b9-8dc4-3b2118cdd21d: shutdown LeaderElection
2019-09-06 01:41:50,131 [4ba7b802-14f5-42b9-8dc4-3b2118cdd21d:group-8FCE33E96697:LeaderElection65] INFO  impl.RoleInfo (RoleInfo.java:updateAndGet(143)) - 4ba7b802-14f5-42b9-8dc4-3b2118cdd21d: start FollowerState
2019-09-06 01:41:52,010 [EventQueue-StaleNodeForStaleNodeHandler] INFO  node.StaleNodeHandler (StaleNodeHandler.java:onMessage(58)) - Datanode ee89e297-a801-48e6-912d-41102d8ca779{ip: 192.168.5.177, host: pr-hdds-2015-4zh84-2711163145, networkLocation: /default-rack, certSerialId: null} moved to stale state. Finalizing its pipelines [PipelineID=c9cb5bd3-5052-4ddf-b85d-d615ff25b2d2, PipelineID=855f8705-9336-422a-a3e7-3cea160324b6]
2019-09-06 01:41:52,010 [EventQueue-StaleNodeForStaleNodeHandler] INFO  pipeline.SCMPipelineManager (SCMPipelineManager.java:finalizeAndDestroyPipeline(309)) - destroying pipeline:Pipeline[ Id: c9cb5bd3-5052-4ddf-b85d-d615ff25b2d2, Nodes: ee89e297-a801-48e6-912d-41102d8ca779{ip: 192.168.5.177, host: pr-hdds-2015-4zh84-2711163145, networkLocation: /default-rack, certSerialId: null}f6e8ff06-084b-46ba-beae-927f7c0622d9{ip: 192.168.5.177, host: pr-hdds-2015-4zh84-2711163145, networkLocation: /default-rack, certSerialId: null}1f2e57d7-1cd2-4b96-9676-7904a5c1d338{ip: 192.168.5.177, host: pr-hdds-2015-4zh84-2711163145, networkLocation: /default-rack, certSerialId: null}, Type:RATIS, Factor:THREE, State:CLOSED]
2019-09-06 01:41:52,010 [EventQueue-StaleNodeForStaleNodeHandler] INFO  pipeline.SCMPipelineManager (SCMPipelineManager.java:finalizeAndDestroyPipeline(309)) - destroying pipeline:Pipeline[ Id: 855f8705-9336-422a-a3e7-3cea160324b6, Nodes: ee89e297-a801-48e6-912d-41102d8ca779{ip: 192.168.5.177, host: pr-hdds-2015-4zh84-2711163145, networkLocation: /default-rack, certSerialId: null}, Type:RATIS, Factor:ONE, State:OPEN]
2019-09-06 01:41:52,011 [EventQueue-StaleNodeForStaleNodeHandler] INFO  pipeline.PipelineStateManager (PipelineStateManager.java:finalizePipeline(123)) - Pipeline Pipeline[ Id: 855f8705-9336-422a-a3e7-3cea160324b6, Nodes: ee89e297-a801-48e6-912d-41102d8ca779{ip: 192.168.5.177, host: pr-hdds-2015-4zh84-2711163145, networkLocation: /default-rack, certSerialId: null}, Type:RATIS, Factor:ONE, State:CLOSED] moved to CLOSED state
2019-09-06 01:41:52,510 [EventQueue-StaleNodeForStaleNodeHandler] INFO  node.StaleNodeHandler (StaleNodeHandler.java:onMessage(58)) - Datanode 4ba7b802-14f5-42b9-8dc4-3b2118cdd21d{ip: 192.168.5.177, host: pr-hdds-2015-4zh84-2711163145, networkLocation: /default-rack, certSerialId: null} moved to stale state. Finalizing its pipelines [PipelineID=19dbd636-73b9-4f00-80d5-8fce33e96697, PipelineID=b4edc1b9-93f6-446f-92a1-6332370b3e76, PipelineID=5f3cc521-cedb-4166-9795-cc3345261569]
2019-09-06 01:41:52,511 [EventQueue-StaleNodeForStaleNodeHandler] INFO  pipeline.SCMPipelineManager (SCMPipelineManager.java:finalizeAndDestroyPipeline(309)) - destroying pipeline:Pipeline[ Id: 19dbd636-73b9-4f00-80d5-8fce33e96697, Nodes: af53648f-ad65-4ebd-a0ed-12c0c25e13ff{ip: 192.168.5.177, host: pr-hdds-2015-4zh84-2711163145, networkLocation: /default-rack, certSerialId: null}bbace8e8-e1a9-42ee-9889-2c1141283f48{ip: 192.168.5.177, host: pr-hdds-2015-4zh84-2711163145, networkLocation: /default-rack, certSerialId: null}4ba7b802-14f5-42b9-8dc4-3b2118cdd21d{ip: 192.168.5.177, host: pr-hdds-2015-4zh84-2711163145, networkLocation: /default-rack, certSerialId: null}, Type:RATIS, Factor:THREE, State:CLOSED]
2019-09-06 01:41:52,511 [EventQueue-StaleNodeForStaleNodeHandler] INFO  pipeline.SCMPipelineManager (SCMPipelineManager.java:finalizeAndDestroyPipeline(309)) - destroying pipeline:Pipeline[ Id: b4edc1b9-93f6-446f-92a1-6332370b3e76, Nodes: bbace8e8-e1a9-42ee-9889-2c1141283f48{ip: 192.168.5.177, host: pr-hdds-2015-4zh84-2711163145, networkLocation: /default-rack, certSerialId: null}4ba7b802-14f5-42b9-8dc4-3b2118cdd21d{ip: 192.168.5.177, host: pr-hdds-2015-4zh84-2711163145, networkLocation: /default-rack, certSerialId: null}edc09431-f278-40d3-af03-90e48e877b17{ip: 192.168.5.177, host: pr-hdds-2015-4zh84-2711163145, networkLocation: /default-rack, certSerialId: null}, Type:RATIS, Factor:THREE, State:CLOSED]
2019-09-06 01:41:52,511 [EventQueue-StaleNodeForStaleNodeHandler] INFO  pipeline.SCMPipelineManager (SCMPipelineManager.java:finalizeAndDestroyPipeline(309)) - destroying pipeline:Pipeline[ Id: 5f3cc521-cedb-4166-9795-cc3345261569, Nodes: 4ba7b802-14f5-42b9-8dc4-3b2118cdd21d{ip: 192.168.5.177, host: pr-hdds-2015-4zh84-2711163145, networkLocation: /default-rack, certSerialId: null}, Type:RATIS, Factor:ONE, State:OPEN]
2019-09-06 01:41:52,511 [EventQueue-StaleNodeForStaleNodeHandler] INFO  pipeline.PipelineStateManager (PipelineStateManager.java:finalizePipeline(123)) - Pipeline Pipeline[ Id: 5f3cc521-cedb-4166-9795-cc3345261569, Nodes: 4ba7b802-14f5-42b9-8dc4-3b2118cdd21d{ip: 192.168.5.177, host: pr-hdds-2015-4zh84-2711163145, networkLocation: /default-rack, certSerialId: null}, Type:RATIS, Factor:ONE, State:CLOSED] moved to CLOSED state
2019-09-06 01:41:52,781 [main] INFO  ozoneimpl.OzoneContainer (OzoneContainer.java:stop(215)) - Attempting to stop container services.
2019-09-06 01:41:52,781 [main] INFO  impl.RaftServerProxy (RaftServerProxy.java:lambda$close$4(314)) - 4ba7b802-14f5-42b9-8dc4-3b2118cdd21d: close
2019-09-06 01:41:52,782 [main] INFO  impl.RaftServerImpl (RaftServerImpl.java:lambda$shutdown$3(245)) - 4ba7b802-14f5-42b9-8dc4-3b2118cdd21d: shutdown group-8FCE33E96697
2019-09-06 01:41:52,782 [main] INFO  util.JmxRegister (JmxRegister.java:unregister(73)) - Successfully un-registered JMX Bean with object name Ratis:service=RaftServer,group=group-8FCE33E96697,id=4ba7b802-14f5-42b9-8dc4-3b2118cdd21d
2019-09-06 01:41:52,783 [main] INFO  impl.RoleInfo (RoleInfo.java:shutdownFollowerState(121)) - 4ba7b802-14f5-42b9-8dc4-3b2118cdd21d: shutdown FollowerState
2019-09-06 01:41:52,783 [main] INFO  impl.StateMachineUpdater (StateMachineUpdater.java:stopAndJoin(115)) - StateMachineUpdater:4ba7b802-14f5-42b9-8dc4-3b2118cdd21d:group-8FCE33E96697: set stopIndex = 28
2019-09-06 01:41:52,783 [StateMachineUpdater:4ba7b802-14f5-42b9-8dc4-3b2118cdd21d:group-8FCE33E96697] INFO  ratis.ContainerStateMachine (ContainerStateMachine.java:takeSnapshot(284)) - group-8FCE33E96697: Taking a snapshot at:(t:1, i:27) file /workdir/hadoop-ozone/integration-test/target/test-dir/MiniOzoneClusterImpl-fa83d308-25e6-4772-bfe6-42db08352842/datanode-5/data/ratis/19dbd636-73b9-4f00-80d5-8fce33e96697/sm/snapshot.1_27
2019-09-06 01:41:52,783 [Thread-3551] INFO  impl.FollowerState (FollowerState.java:run(114)) - 4ba7b802-14f5-42b9-8dc4-3b2118cdd21d: FollowerState was interrupted: java.lang.InterruptedException: sleep interrupted
2019-09-06 01:41:52,803 [StateMachineUpdater:4ba7b802-14f5-42b9-8dc4-3b2118cdd21d:group-8FCE33E96697] INFO  ratis.ContainerStateMachine (ContainerStateMachine.java:takeSnapshot(295)) - group-8FCE33E96697: Finished taking a snapshot at:(t:1, i:27) file:/workdir/hadoop-ozone/integration-test/target/test-dir/MiniOzoneClusterImpl-fa83d308-25e6-4772-bfe6-42db08352842/datanode-5/data/ratis/19dbd636-73b9-4f00-80d5-8fce33e96697/sm/snapshot.1_27 time:20
2019-09-06 01:41:52,803 [StateMachineUpdater:4ba7b802-14f5-42b9-8dc4-3b2118cdd21d:group-8FCE33E96697] INFO  impl.StateMachineUpdater (StateMachineUpdater.java:takeSnapshot(242)) - StateMachineUpdater:4ba7b802-14f5-42b9-8dc4-3b2118cdd21d:group-8FCE33E96697: Took a snapshot at index 27
2019-09-06 01:41:52,803 [StateMachineUpdater:4ba7b802-14f5-42b9-8dc4-3b2118cdd21d:group-8FCE33E96697] INFO  impl.StateMachineUpdater (StateMachineUpdater.java:lambda$new$0(80)) - StateMachineUpdater:4ba7b802-14f5-42b9-8dc4-3b2118cdd21d:group-8FCE33E96697: snapshotIndex: updateIncreasingly -1 -> 27
2019-09-06 01:41:52,804 [main] INFO  impl.RaftServerImpl (ServerState.java:close(394)) - 4ba7b802-14f5-42b9-8dc4-3b2118cdd21d:group-8FCE33E96697 closes. The last applied log index is 28
2019-09-06 01:41:52,804 [4ba7b802-14f5-42b9-8dc4-3b2118cdd21d-SegmentedRaftLogWorker:Storage Directory /workdir/hadoop-ozone/integration-test/target/test-dir/MiniOzoneClusterImpl-fa83d308-25e6-4772-bfe6-42db08352842/datanode-5/data/ratis/19dbd636-73b9-4f00-80d5-8fce33e96697] INFO  segmented.SegmentedRaftLogWorker (SegmentedRaftLogWorker.java:run(313)) - 4ba7b802-14f5-42b9-8dc4-3b2118cdd21d-SegmentedRaftLogWorker:Storage Directory /workdir/hadoop-ozone/integration-test/target/test-dir/MiniOzoneClusterImpl-fa83d308-25e6-4772-bfe6-42db08352842/datanode-5/data/ratis/19dbd636-73b9-4f00-80d5-8fce33e96697 was interrupted, exiting. There are 0 tasks remaining in the queue.
2019-09-06 01:41:52,806 [main] INFO  segmented.SegmentedRaftLogWorker (SegmentedRaftLogWorker.java:close(228)) - 4ba7b802-14f5-42b9-8dc4-3b2118cdd21d-SegmentedRaftLogWorker:Storage Directory /workdir/hadoop-ozone/integration-test/target/test-dir/MiniOzoneClusterImpl-fa83d308-25e6-4772-bfe6-42db08352842/datanode-5/data/ratis/19dbd636-73b9-4f00-80d5-8fce33e96697 close()
2019-09-06 01:41:52,812 [main] INFO  impl.RaftServerImpl (RaftServerImpl.java:lambda$shutdown$3(245)) - 4ba7b802-14f5-42b9-8dc4-3b2118cdd21d: shutdown group-6332370B3E76
2019-09-06 01:41:52,812 [main] INFO  util.JmxRegister (JmxRegister.java:unregister(73)) - Successfully un-registered JMX Bean with object name Ratis:service=RaftServer,group=group-6332370B3E76,id=4ba7b802-14f5-42b9-8dc4-3b2118cdd21d
2019-09-06 01:41:52,812 [main] INFO  impl.RoleInfo (RoleInfo.java:shutdownFollowerState(121)) - 4ba7b802-14f5-42b9-8dc4-3b2118cdd21d: shutdown FollowerState
2019-09-06 01:41:52,813 [main] INFO  impl.StateMachineUpdater (StateMachineUpdater.java:stopAndJoin(115)) - StateMachineUpdater:4ba7b802-14f5-42b9-8dc4-3b2118cdd21d:group-6332370B3E76: set stopIndex = 4
2019-09-06 01:41:52,813 [Thread-3547] INFO  impl.FollowerState (FollowerState.java:run(114)) - 4ba7b802-14f5-42b9-8dc4-3b2118cdd21d: FollowerState was interrupted: java.lang.InterruptedException: sleep interrupted
2019-09-06 01:41:52,813 [StateMachineUpdater:4ba7b802-14f5-42b9-8dc4-3b2118cdd21d:group-6332370B3E76] INFO  ratis.ContainerStateMachine (ContainerStateMachine.java:takeSnapshot(284)) - group-6332370B3E76: Taking a snapshot at:(t:1, i:4) file /workdir/hadoop-ozone/integration-test/target/test-dir/MiniOzoneClusterImpl-fa83d308-25e6-4772-bfe6-42db08352842/datanode-5/data/ratis/b4edc1b9-93f6-446f-92a1-6332370b3e76/sm/snapshot.1_4
2019-09-06 01:41:52,821 [ForkJoinPool.commonPool-worker-0] INFO  ozoneimpl.OzoneContainer (OzoneContainer.java:stop(215)) - Attempting to stop container services.
2019-09-06 01:41:52,821 [ForkJoinPool.commonPool-worker-0] INFO  impl.RaftServerProxy (RaftServerProxy.java:lambda$close$4(314)) - ee89e297-a801-48e6-912d-41102d8ca779: close
2019-09-06 01:41:52,822 [ForkJoinPool.commonPool-worker-0] INFO  impl.RaftServerImpl (RaftServerImpl.java:lambda$shutdown$3(245)) - ee89e297-a801-48e6-912d-41102d8ca779: shutdown group-D615FF25B2D2
2019-09-06 01:41:52,822 [ForkJoinPool.commonPool-worker-0] INFO  util.JmxRegister (JmxRegister.java:unregister(73)) - Successfully un-registered JMX Bean with object name Ratis:service=RaftServer,group=group-D615FF25B2D2,id=ee89e297-a801-48e6-912d-41102d8ca779
2019-09-06 01:41:52,822 [ForkJoinPool.commonPool-worker-0] INFO  impl.RoleInfo (RoleInfo.java:shutdownFollowerState(121)) - ee89e297-a801-48e6-912d-41102d8ca779: shutdown FollowerState
2019-09-06 01:41:52,822 [ForkJoinPool.commonPool-worker-0] INFO  impl.StateMachineUpdater (StateMachineUpdater.java:stopAndJoin(115)) - StateMachineUpdater:ee89e297-a801-48e6-912d-41102d8ca779:group-D615FF25B2D2: set stopIndex = 4
2019-09-06 01:41:52,823 [StateMachineUpdater:ee89e297-a801-48e6-912d-41102d8ca779:group-D615FF25B2D2] INFO  ratis.ContainerStateMachine (ContainerStateMachine.java:takeSnapshot(284)) - group-D615FF25B2D2: Taking a snapshot at:(t:1, i:4) file /workdir/hadoop-ozone/integration-test/target/test-dir/MiniOzoneClusterImpl-fa83d308-25e6-4772-bfe6-42db08352842/datanode-0/data/ratis/c9cb5bd3-5052-4ddf-b85d-d615ff25b2d2/sm/snapshot.1_4
2019-09-06 01:41:52,823 [Thread-3301] INFO  impl.FollowerState (FollowerState.java:run(114)) - ee89e297-a801-48e6-912d-41102d8ca779: FollowerState was interrupted: java.lang.InterruptedException: sleep interrupted
2019-09-06 01:41:52,843 [StateMachineUpdater:ee89e297-a801-48e6-912d-41102d8ca779:group-D615FF25B2D2] INFO  ratis.ContainerStateMachine (ContainerStateMachine.java:takeSnapshot(295)) - group-D615FF25B2D2: Finished taking a snapshot at:(t:1, i:4) file:/workdir/hadoop-ozone/integration-test/target/test-dir/MiniOzoneClusterImpl-fa83d308-25e6-4772-bfe6-42db08352842/datanode-0/data/ratis/c9cb5bd3-5052-4ddf-b85d-d615ff25b2d2/sm/snapshot.1_4 time:20
2019-09-06 01:41:52,843 [StateMachineUpdater:4ba7b802-14f5-42b9-8dc4-3b2118cdd21d:group-6332370B3E76] INFO  ratis.ContainerStateMachine (ContainerStateMachine.java:takeSnapshot(295)) - group-6332370B3E76: Finished taking a snapshot at:(t:1, i:4) file:/workdir/hadoop-ozone/integration-test/target/test-dir/MiniOzoneClusterImpl-fa83d308-25e6-4772-bfe6-42db08352842/datanode-5/data/ratis/b4edc1b9-93f6-446f-92a1-6332370b3e76/sm/snapshot.1_4 time:29
2019-09-06 01:41:52,843 [StateMachineUpdater:ee89e297-a801-48e6-912d-41102d8ca779:group-D615FF25B2D2] INFO  impl.StateMachineUpdater (StateMachineUpdater.java:takeSnapshot(242)) - StateMachineUpdater:ee89e297-a801-48e6-912d-41102d8ca779:group-D615FF25B2D2: Took a snapshot at index 4
2019-09-06 01:41:52,843 [StateMachineUpdater:4ba7b802-14f5-42b9-8dc4-3b2118cdd21d:group-6332370B3E76] INFO  impl.StateMachineUpdater (StateMachineUpdater.java:takeSnapshot(242)) - StateMachineUpdater:4ba7b802-14f5-42b9-8dc4-3b2118cdd21d:group-6332370B3E76: Took a snapshot at index 4
2019-09-06 01:41:52,843 [StateMachineUpdater:ee89e297-a801-48e6-912d-41102d8ca779:group-D615FF25B2D2] INFO  impl.StateMachineUpdater (StateMachineUpdater.java:lambda$new$0(80)) - StateMachineUpdater:ee89e297-a801-48e6-912d-41102d8ca779:group-D615FF25B2D2: snapshotIndex: updateIncreasingly -1 -> 4
2019-09-06 01:41:52,843 [StateMachineUpdater:4ba7b802-14f5-42b9-8dc4-3b2118cdd21d:group-6332370B3E76] INFO  impl.StateMachineUpdater (StateMachineUpdater.java:lambda$new$0(80)) - StateMachineUpdater:4ba7b802-14f5-42b9-8dc4-3b2118cdd21d:group-6332370B3E76: snapshotIndex: updateIncreasingly -1 -> 4
2019-09-06 01:41:52,844 [ForkJoinPool.commonPool-worker-0] INFO  impl.RaftServerImpl (ServerState.java:close(394)) - ee89e297-a801-48e6-912d-41102d8ca779:group-D615FF25B2D2 closes. The last applied log index is 4
2019-09-06 01:41:52,844 [main] INFO  impl.RaftServerImpl (ServerState.java:close(394)) - 4ba7b802-14f5-42b9-8dc4-3b2118cdd21d:group-6332370B3E76 closes. The last applied log index is 4
2019-09-06 01:41:52,844 [ee89e297-a801-48e6-912d-41102d8ca779-SegmentedRaftLogWorker:Storage Directory /workdir/hadoop-ozone/integration-test/target/test-dir/MiniOzoneClusterImpl-fa83d308-25e6-4772-bfe6-42db08352842/datanode-0/data/ratis/c9cb5bd3-5052-4ddf-b85d-d615ff25b2d2] INFO  segmented.SegmentedRaftLogWorker (SegmentedRaftLogWorker.java:run(313)) - ee89e297-a801-48e6-912d-41102d8ca779-SegmentedRaftLogWorker:Storage Directory /workdir/hadoop-ozone/integration-test/target/test-dir/MiniOzoneClusterImpl-fa83d308-25e6-4772-bfe6-42db08352842/datanode-0/data/ratis/c9cb5bd3-5052-4ddf-b85d-d615ff25b2d2 was interrupted, exiting. There are 0 tasks remaining in the queue.
2019-09-06 01:41:52,845 [4ba7b802-14f5-42b9-8dc4-3b2118cdd21d-SegmentedRaftLogWorker:Storage Directory /workdir/hadoop-ozone/integration-test/target/test-dir/MiniOzoneClusterImpl-fa83d308-25e6-4772-bfe6-42db08352842/datanode-5/data/ratis/b4edc1b9-93f6-446f-92a1-6332370b3e76] INFO  segmented.SegmentedRaftLogWorker (SegmentedRaftLogWorker.java:run(313)) - 4ba7b802-14f5-42b9-8dc4-3b2118cdd21d-SegmentedRaftLogWorker:Storage Directory /workdir/hadoop-ozone/integration-test/target/test-dir/MiniOzoneClusterImpl-fa83d308-25e6-4772-bfe6-42db08352842/datanode-5/data/ratis/b4edc1b9-93f6-446f-92a1-6332370b3e76 was interrupted, exiting. There are 0 tasks remaining in the queue.
2019-09-06 01:41:52,845 [ForkJoinPool.commonPool-worker-0] INFO  segmented.SegmentedRaftLogWorker (SegmentedRaftLogWorker.java:close(228)) - ee89e297-a801-48e6-912d-41102d8ca779-SegmentedRaftLogWorker:Storage Directory /workdir/hadoop-ozone/integration-test/target/test-dir/MiniOzoneClusterImpl-fa83d308-25e6-4772-bfe6-42db08352842/datanode-0/data/ratis/c9cb5bd3-5052-4ddf-b85d-d615ff25b2d2 close()
2019-09-06 01:41:52,845 [main] INFO  segmented.SegmentedRaftLogWorker (SegmentedRaftLogWorker.java:close(228)) - 4ba7b802-14f5-42b9-8dc4-3b2118cdd21d-SegmentedRaftLogWorker:Storage Directory /workdir/hadoop-ozone/integration-test/target/test-dir/MiniOzoneClusterImpl-fa83d308-25e6-4772-bfe6-42db08352842/datanode-5/data/ratis/b4edc1b9-93f6-446f-92a1-6332370b3e76 close()
2019-09-06 01:41:52,846 [ForkJoinPool.commonPool-worker-0] INFO  impl.RaftServerImpl (RaftServerImpl.java:lambda$shutdown$3(245)) - ee89e297-a801-48e6-912d-41102d8ca779: shutdown group-3CEA160324B6
2019-09-06 01:41:52,847 [main] INFO  impl.RaftServerImpl (RaftServerImpl.java:lambda$shutdown$3(245)) - 4ba7b802-14f5-42b9-8dc4-3b2118cdd21d: shutdown group-CC3345261569
2019-09-06 01:41:52,848 [ForkJoinPool.commonPool-worker-0] INFO  util.JmxRegister (JmxRegister.java:unregister(73)) - Successfully un-registered JMX Bean with object name Ratis:service=RaftServer,group=group-3CEA160324B6,id=ee89e297-a801-48e6-912d-41102d8ca779
2019-09-06 01:41:52,848 [main] INFO  util.JmxRegister (JmxRegister.java:unregister(73)) - Successfully un-registered JMX Bean with object name Ratis:service=RaftServer,group=group-CC3345261569,id=4ba7b802-14f5-42b9-8dc4-3b2118cdd21d
2019-09-06 01:41:52,848 [main] INFO  impl.RoleInfo (RoleInfo.java:shutdownLeaderState(104)) - 4ba7b802-14f5-42b9-8dc4-3b2118cdd21d: shutdown LeaderState
2019-09-06 01:41:52,848 [ForkJoinPool.commonPool-worker-0] INFO  impl.RoleInfo (RoleInfo.java:shutdownLeaderState(104)) - ee89e297-a801-48e6-912d-41102d8ca779: shutdown LeaderState
2019-09-06 01:41:52,849 [main] INFO  impl.PendingRequests (PendingRequests.java:sendNotLeaderResponses(202)) - 4ba7b802-14f5-42b9-8dc4-3b2118cdd21d-PendingRequests: sendNotLeaderResponses
2019-09-06 01:41:52,849 [ForkJoinPool.commonPool-worker-0] INFO  impl.PendingRequests (PendingRequests.java:sendNotLeaderResponses(202)) - ee89e297-a801-48e6-912d-41102d8ca779-PendingRequests: sendNotLeaderResponses
2019-09-06 01:41:52,849 [main] INFO  impl.StateMachineUpdater (StateMachineUpdater.java:stopAndJoin(115)) - StateMachineUpdater:4ba7b802-14f5-42b9-8dc4-3b2118cdd21d:group-CC3345261569: set stopIndex = 0
2019-09-06 01:41:52,850 [ForkJoinPool.commonPool-worker-0] INFO  impl.StateMachineUpdater (StateMachineUpdater.java:stopAndJoin(115)) - StateMachineUpdater:ee89e297-a801-48e6-912d-41102d8ca779:group-3CEA160324B6: set stopIndex = 0
2019-09-06 01:41:52,850 [main] INFO  impl.RaftServerImpl (ServerState.java:close(394)) - 4ba7b802-14f5-42b9-8dc4-3b2118cdd21d:group-CC3345261569 closes. The last applied log index is 0
2019-09-06 01:41:52,850 [ForkJoinPool.commonPool-worker-0] INFO  impl.RaftServerImpl (ServerState.java:close(394)) - ee89e297-a801-48e6-912d-41102d8ca779:group-3CEA160324B6 closes. The last applied log index is 0
2019-09-06 01:41:52,851 [4ba7b802-14f5-42b9-8dc4-3b2118cdd21d-SegmentedRaftLogWorker:Storage Directory /workdir/hadoop-ozone/integration-test/target/test-dir/MiniOzoneClusterImpl-fa83d308-25e6-4772-bfe6-42db08352842/datanode-5/data/ratis/5f3cc521-cedb-4166-9795-cc3345261569] INFO  segmented.SegmentedRaftLogWorker (SegmentedRaftLogWorker.java:run(313)) - 4ba7b802-14f5-42b9-8dc4-3b2118cdd21d-SegmentedRaftLogWorker:Storage Directory /workdir/hadoop-ozone/integration-test/target/test-dir/MiniOzoneClusterImpl-fa83d308-25e6-4772-bfe6-42db08352842/datanode-5/data/ratis/5f3cc521-cedb-4166-9795-cc3345261569 was interrupted, exiting. There are 0 tasks remaining in the queue.
2019-09-06 01:41:52,851 [ee89e297-a801-48e6-912d-41102d8ca779-SegmentedRaftLogWorker:Storage Directory /workdir/hadoop-ozone/integration-test/target/test-dir/MiniOzoneClusterImpl-fa83d308-25e6-4772-bfe6-42db08352842/datanode-0/data/ratis/855f8705-9336-422a-a3e7-3cea160324b6] INFO  segmented.SegmentedRaftLogWorker (SegmentedRaftLogWorker.java:run(313)) - ee89e297-a801-48e6-912d-41102d8ca779-SegmentedRaftLogWorker:Storage Directory /workdir/hadoop-ozone/integration-test/target/test-dir/MiniOzoneClusterImpl-fa83d308-25e6-4772-bfe6-42db08352842/datanode-0/data/ratis/855f8705-9336-422a-a3e7-3cea160324b6 was interrupted, exiting. There are 0 tasks remaining in the queue.
2019-09-06 01:41:52,851 [main] INFO  segmented.SegmentedRaftLogWorker (SegmentedRaftLogWorker.java:close(228)) - 4ba7b802-14f5-42b9-8dc4-3b2118cdd21d-SegmentedRaftLogWorker:Storage Directory /workdir/hadoop-ozone/integration-test/target/test-dir/MiniOzoneClusterImpl-fa83d308-25e6-4772-bfe6-42db08352842/datanode-5/data/ratis/5f3cc521-cedb-4166-9795-cc3345261569 close()
2019-09-06 01:41:52,851 [ForkJoinPool.commonPool-worker-0] INFO  segmented.SegmentedRaftLogWorker (SegmentedRaftLogWorker.java:close(228)) - ee89e297-a801-48e6-912d-41102d8ca779-SegmentedRaftLogWorker:Storage Directory /workdir/hadoop-ozone/integration-test/target/test-dir/MiniOzoneClusterImpl-fa83d308-25e6-4772-bfe6-42db08352842/datanode-0/data/ratis/855f8705-9336-422a-a3e7-3cea160324b6 close()
2019-09-06 01:41:52,853 [main] INFO  server.GrpcService (GrpcService.java:closeImpl(155)) - 4ba7b802-14f5-42b9-8dc4-3b2118cdd21d: shutdown server with port 42721 now
2019-09-06 01:41:52,854 [ForkJoinPool.commonPool-worker-0] INFO  server.GrpcService (GrpcService.java:closeImpl(155)) - ee89e297-a801-48e6-912d-41102d8ca779: shutdown server with port 39328 now
2019-09-06 01:41:52,855 [main] INFO  server.GrpcService (GrpcService.java:closeImpl(163)) - 4ba7b802-14f5-42b9-8dc4-3b2118cdd21d: shutdown server with port 42721 successfully
2019-09-06 01:41:52,855 [ForkJoinPool.commonPool-worker-0] INFO  server.GrpcService (GrpcService.java:closeImpl(163)) - ee89e297-a801-48e6-912d-41102d8ca779: shutdown server with port 39328 successfully
2019-09-06 01:41:52,862 [refreshUsed-/workdir/hadoop-ozone/integration-test/target/test-dir/MiniOzoneClusterImpl-fa83d308-25e6-4772-bfe6-42db08352842/datanode-0/data/containers] WARN  fs.CachingGetSpaceUsed (CachingGetSpaceUsed.java:run(183)) - Thread Interrupted waiting to refresh disk information: sleep interrupted
2019-09-06 01:41:52,862 [refreshUsed-/workdir/hadoop-ozone/integration-test/target/test-dir/MiniOzoneClusterImpl-fa83d308-25e6-4772-bfe6-42db08352842/datanode-5/data/containers] WARN  fs.CachingGetSpaceUsed (CachingGetSpaceUsed.java:run(183)) - Thread Interrupted waiting to refresh disk information: sleep interrupted
2019-09-06 01:41:52,875 [main] INFO  utils.BackgroundService (BackgroundService.java:shutdown(148)) - Shutting down service BlockDeletingService
2019-09-06 01:41:52,878 [main] INFO  statemachine.DatanodeStateMachine (DatanodeStateMachine.java:stopDaemon(395)) - Ozone container server stopped.
2019-09-06 01:41:52,879 [ForkJoinPool.commonPool-worker-0] INFO  utils.BackgroundService (BackgroundService.java:shutdown(148)) - Shutting down service BlockDeletingService
2019-09-06 01:41:52,879 [main] INFO  handler.ContextHandler (ContextHandler.java:doStop(910)) - Stopped o.e.j.w.WebAppContext@7f4a1cac{/,null,UNAVAILABLE}{/hddsDatanode}
2019-09-06 01:41:52,881 [ForkJoinPool.commonPool-worker-0] INFO  statemachine.DatanodeStateMachine (DatanodeStateMachine.java:stopDaemon(395)) - Ozone container server stopped.
2019-09-06 01:41:52,882 [main] INFO  server.AbstractConnector (AbstractConnector.java:doStop(318)) - Stopped ServerConnector@4a1a412e{HTTP/1.1,[http/1.1]}{0.0.0.0:0}
2019-09-06 01:41:52,883 [main] INFO  handler.ContextHandler (ContextHandler.java:doStop(910)) - Stopped o.e.j.s.ServletContextHandler@7b6141f0{/static,jar:file:/home/user/.m2/repository/org/apache/hadoop/hadoop-hdds-container-service/0.5.0-SNAPSHOT/hadoop-hdds-container-service-0.5.0-SNAPSHOT.jar!/webapps/static,UNAVAILABLE}
2019-09-06 01:41:52,884 [main] INFO  handler.ContextHandler (ContextHandler.java:doStop(910)) - Stopped o.e.j.s.ServletContextHandler@497ed877{/logs,file:///workdir/hadoop-ozone/integration-test/target/log,UNAVAILABLE}
2019-09-06 01:41:52,884 [ForkJoinPool.commonPool-worker-0] INFO  handler.ContextHandler (ContextHandler.java:doStop(910)) - Stopped o.e.j.w.WebAppContext@285a4fe3{/,null,UNAVAILABLE}{/hddsDatanode}
2019-09-06 01:41:52,885 [ForkJoinPool.commonPool-worker-0] INFO  server.AbstractConnector (AbstractConnector.java:doStop(318)) - Stopped ServerConnector@2589d787{HTTP/1.1,[http/1.1]}{0.0.0.0:0}
2019-09-06 01:41:52,888 [ForkJoinPool.commonPool-worker-0] INFO  handler.ContextHandler (ContextHandler.java:doStop(910)) - Stopped o.e.j.s.ServletContextHandler@34a20f16{/static,jar:file:/home/user/.m2/repository/org/apache/hadoop/hadoop-hdds-container-service/0.5.0-SNAPSHOT/hadoop-hdds-container-service-0.5.0-SNAPSHOT.jar!/webapps/static,UNAVAILABLE}
2019-09-06 01:41:52,888 [ForkJoinPool.commonPool-worker-0] INFO  handler.ContextHandler (ContextHandler.java:doStop(910)) - Stopped o.e.j.s.ServletContextHandler@382d71c7{/logs,file:///workdir/hadoop-ozone/integration-test/target/log,UNAVAILABLE}
2019-09-06 01:41:52,889 [main] INFO  ozone.MiniOzoneClusterImpl (MiniOzoneClusterImpl.java:stop(339)) - Stopping the StorageContainerManager
2019-09-06 01:41:52,889 [main] INFO  server.StorageContainerManager (StorageContainerManager.java:stop(797)) - Stopping Replication Manager Service.
2019-09-06 01:41:52,889 [main] INFO  container.ReplicationManager (ReplicationManager.java:stop(203)) - Stopping Replication Monitor Thread.
2019-09-06 01:41:52,889 [main] INFO  server.StorageContainerManager (StorageContainerManager.java:stop(804)) - Stopping Lease Manager of the command watchers
2019-09-06 01:41:52,889 [main] INFO  server.StorageContainerManager (StorageContainerManager.java:stop(811)) - Stopping datanode service RPC server
2019-09-06 01:41:52,890 [main] INFO  server.SCMDatanodeProtocolServer (SCMDatanodeProtocolServer.java:stop(367)) - Stopping the RPC server for DataNodes
2019-09-06 01:41:52,890 [main] INFO  ipc.Server (Server.java:stop(3082)) - Stopping server on 34432
2019-09-06 01:41:52,892 [IPC Server listener on 34432] INFO  ipc.Server (Server.java:run(1185)) - Stopping IPC Server listener on 34432
2019-09-06 01:41:52,892 [IPC Server Responder] INFO  ipc.Server (Server.java:run(1319)) - Stopping IPC Server Responder
2019-09-06 01:41:52,911 [SCM Heartbeat Processing Thread - 0] WARN  node.NodeStateManager (NodeStateManager.java:scheduleNextHealthCheck(646)) - Current Thread is interrupted, shutting down HB processing thread for Node Manager.
2019-09-06 01:41:52,911 [main] INFO  server.StorageContainerManager (StorageContainerManager.java:stop(819)) - Stopping block service RPC server
2019-09-06 01:41:52,911 [main] INFO  server.SCMBlockProtocolServer (SCMBlockProtocolServer.java:stop(155)) - Stopping the RPC server for Block Protocol
2019-09-06 01:41:52,911 [main] INFO  ipc.Server (Server.java:stop(3082)) - Stopping server on 41161
2019-09-06 01:41:52,913 [IPC Server listener on 41161] INFO  ipc.Server (Server.java:run(1185)) - Stopping IPC Server listener on 41161
2019-09-06 01:41:52,913 [main] INFO  server.StorageContainerManager (StorageContainerManager.java:stop(826)) - Stopping the StorageContainerLocationProtocol RPC server
2019-09-06 01:41:52,914 [main] INFO  server.SCMClientProtocolServer (SCMClientProtocolServer.java:stop(159)) - Stopping the RPC server for Client Protocol
2019-09-06 01:41:52,914 [main] INFO  ipc.Server (Server.java:stop(3082)) - Stopping server on 40416
2019-09-06 01:41:52,914 [IPC Server Responder] INFO  ipc.Server (Server.java:run(1319)) - Stopping IPC Server Responder
2019-09-06 01:41:52,916 [main] INFO  server.StorageContainerManager (StorageContainerManager.java:stop(833)) - Stopping Storage Container Manager HTTP server.
2019-09-06 01:41:52,916 [IPC Server listener on 40416] INFO  ipc.Server (Server.java:run(1185)) - Stopping IPC Server listener on 40416
2019-09-06 01:41:52,916 [IPC Server Responder] INFO  ipc.Server (Server.java:run(1319)) - Stopping IPC Server Responder
2019-09-06 01:41:52,917 [main] INFO  handler.ContextHandler (ContextHandler.java:doStop(910)) - Stopped o.e.j.w.WebAppContext@e62319f{/,null,UNAVAILABLE}{/scm}
2019-09-06 01:41:52,918 [main] INFO  server.AbstractConnector (AbstractConnector.java:doStop(318)) - Stopped ServerConnector@4d354a3e{HTTP/1.1,[http/1.1]}{0.0.0.0:0}
2019-09-06 01:41:52,918 [main] INFO  handler.ContextHandler (ContextHandler.java:doStop(910)) - Stopped o.e.j.s.ServletContextHandler@b5aa65b{/static,file:///workdir/hadoop-ozone/integration-test/target/test-classes/webapps/static,UNAVAILABLE}
2019-09-06 01:41:52,918 [main] INFO  handler.ContextHandler (ContextHandler.java:doStop(910)) - Stopped o.e.j.s.ServletContextHandler@15d114ce{/logs,file:///workdir/hadoop-ozone/integration-test/target/log,UNAVAILABLE}
2019-09-06 01:41:52,919 [main] INFO  server.StorageContainerManager (StorageContainerManager.java:stop(844)) - Stopping Block Manager Service.
2019-09-06 01:41:52,919 [main] INFO  utils.BackgroundService (BackgroundService.java:shutdown(148)) - Shutting down service SCMBlockDeletingService
2019-09-06 01:41:52,919 [main] INFO  utils.BackgroundService (BackgroundService.java:shutdown(148)) - Shutting down service SCMBlockDeletingService
2019-09-06 01:41:52,920 [main] INFO  server.StorageContainerManager (StorageContainerManager.java:stop(866)) - Stopping SCM Event Queue.
2019-09-06 01:41:52,923 [main] INFO  impl.MetricsSystemImpl (MetricsSystemImpl.java:stop(210)) - Stopping HddsDatanode metrics system...
2019-09-06 01:41:52,929 [main] INFO  impl.MetricsSystemImpl (MetricsSystemImpl.java:stop(216)) - HddsDatanode metrics system stopped.
]]></system-out>
  </testcase>
  <testcase name="testFailureWithPrimeSizedData" classname="org.apache.hadoop.ozone.client.rpc.TestBlockOutputStreamWithFailures" time="36.228"/>
  <testcase name="testWatchForCommitWithCloseContainerException" classname="org.apache.hadoop.ozone.client.rpc.TestBlockOutputStreamWithFailures" time="36.401"/>
  <testcase name="testExceptionDuringClose" classname="org.apache.hadoop.ozone.client.rpc.TestBlockOutputStreamWithFailures" time="38.153">
    <failure message="expected:&lt;85&gt; but was:&lt;87&gt;" type="java.lang.AssertionError"><![CDATA[java.lang.AssertionError: expected:<85> but was:<87>
	at org.junit.Assert.fail(Assert.java:88)
	at org.junit.Assert.failNotEquals(Assert.java:743)
	at org.junit.Assert.assertEquals(Assert.java:118)
	at org.junit.Assert.assertEquals(Assert.java:555)
	at org.junit.Assert.assertEquals(Assert.java:542)
	at org.apache.hadoop.ozone.client.rpc.TestBlockOutputStreamWithFailures.testExceptionDuringClose(TestBlockOutputStreamWithFailures.java:769)
	at sun.reflect.NativeMethodAccessorImpl.invoke0(Native Method)
	at sun.reflect.NativeMethodAccessorImpl.invoke(NativeMethodAccessorImpl.java:62)
	at sun.reflect.DelegatingMethodAccessorImpl.invoke(DelegatingMethodAccessorImpl.java:43)
	at java.lang.reflect.Method.invoke(Method.java:498)
	at org.junit.runners.model.FrameworkMethod$1.runReflectiveCall(FrameworkMethod.java:47)
	at org.junit.internal.runners.model.ReflectiveCallable.run(ReflectiveCallable.java:12)
	at org.junit.runners.model.FrameworkMethod.invokeExplosively(FrameworkMethod.java:44)
	at org.junit.internal.runners.statements.InvokeMethod.evaluate(InvokeMethod.java:17)
	at org.junit.internal.runners.statements.RunBefores.evaluate(RunBefores.java:26)
	at org.junit.internal.runners.statements.RunAfters.evaluate(RunAfters.java:27)
	at org.junit.runners.ParentRunner.runLeaf(ParentRunner.java:271)
	at org.junit.runners.BlockJUnit4ClassRunner.runChild(BlockJUnit4ClassRunner.java:70)
	at org.junit.runners.BlockJUnit4ClassRunner.runChild(BlockJUnit4ClassRunner.java:50)
	at org.junit.runners.ParentRunner$3.run(ParentRunner.java:238)
	at org.junit.runners.ParentRunner$1.schedule(ParentRunner.java:63)
	at org.junit.runners.ParentRunner.runChildren(ParentRunner.java:236)
	at org.junit.runners.ParentRunner.access$000(ParentRunner.java:53)
	at org.junit.runners.ParentRunner$2.evaluate(ParentRunner.java:229)
	at org.junit.runners.ParentRunner.run(ParentRunner.java:309)
	at org.apache.maven.surefire.junit4.JUnit4Provider.execute(JUnit4Provider.java:365)
	at org.apache.maven.surefire.junit4.JUnit4Provider.executeWithRerun(JUnit4Provider.java:273)
	at org.apache.maven.surefire.junit4.JUnit4Provider.executeTestSet(JUnit4Provider.java:238)
	at org.apache.maven.surefire.junit4.JUnit4Provider.invoke(JUnit4Provider.java:159)
	at org.apache.maven.surefire.booter.ForkedBooter.invokeProviderInSameClassLoader(ForkedBooter.java:384)
	at org.apache.maven.surefire.booter.ForkedBooter.runSuitesInProcess(ForkedBooter.java:345)
	at org.apache.maven.surefire.booter.ForkedBooter.execute(ForkedBooter.java:126)
	at org.apache.maven.surefire.booter.ForkedBooter.main(ForkedBooter.java:418)
]]></failure>
    <system-out><![CDATA[2019-09-06 01:43:05,608 [main] WARN  server.ServerUtils (ServerUtils.java:getScmDbDir(145)) - ozone.scm.db.dirs is not configured. We recommend adding this setting. Falling back to ozone.metadata.dirs instead.
2019-09-06 01:43:05,629 [main] WARN  server.ServerUtils (ServerUtils.java:getScmDbDir(145)) - ozone.scm.db.dirs is not configured. We recommend adding this setting. Falling back to ozone.metadata.dirs instead.
2019-09-06 01:43:05,630 [main] WARN  server.ServerUtils (ServerUtils.java:getScmDbDir(145)) - ozone.scm.db.dirs is not configured. We recommend adding this setting. Falling back to ozone.metadata.dirs instead.
2019-09-06 01:43:05,630 [main] INFO  db.DBStoreBuilder (DBStoreBuilder.java:addTable(110)) - using custom profile for table: deletedBlocks
2019-09-06 01:43:05,630 [main] INFO  db.DBStoreBuilder (DBStoreBuilder.java:processTables(161)) - Using default column profile:DBProfile.DISK for Table:deletedBlocks
2019-09-06 01:43:05,631 [main] INFO  db.DBStoreBuilder (DBStoreBuilder.java:addTable(110)) - using custom profile for table: validCerts
2019-09-06 01:43:05,631 [main] INFO  db.DBStoreBuilder (DBStoreBuilder.java:processTables(161)) - Using default column profile:DBProfile.DISK for Table:validCerts
2019-09-06 01:43:05,631 [main] INFO  db.DBStoreBuilder (DBStoreBuilder.java:addTable(110)) - using custom profile for table: revokedCerts
2019-09-06 01:43:05,631 [main] INFO  db.DBStoreBuilder (DBStoreBuilder.java:processTables(161)) - Using default column profile:DBProfile.DISK for Table:revokedCerts
2019-09-06 01:43:05,632 [main] INFO  db.DBStoreBuilder (DBStoreBuilder.java:addTable(110)) - using custom profile for table: default
2019-09-06 01:43:05,632 [main] INFO  db.DBStoreBuilder (DBStoreBuilder.java:processTables(167)) - Using default column profile:DBProfile.DISK for Table:default
2019-09-06 01:43:05,632 [main] INFO  db.DBStoreBuilder (DBStoreBuilder.java:getDbProfile(198)) - Using default options. DBProfile.DISK
2019-09-06 01:43:06,022 [main] INFO  net.NodeSchemaLoader (NodeSchemaLoader.java:loadSchemaFromFile(125)) - Loading file from sun.misc.CompoundEnumeration@5ab63a04
2019-09-06 01:43:06,022 [main] INFO  net.NodeSchemaLoader (NodeSchemaLoader.java:loadSchema(171)) - Loading network topology layer schema file
2019-09-06 01:43:06,028 [main] INFO  node.SCMNodeManager (SCMNodeManager.java:<init>(114)) - Entering startup safe mode.
2019-09-06 01:43:06,028 [main] INFO  algorithms.ContainerPlacementPolicyFactory (ContainerPlacementPolicyFactory.java:getPolicy(55)) - Create container placement policy of type org.apache.hadoop.hdds.scm.container.placement.algorithms.SCMContainerPlacementRandom
2019-09-06 01:43:06,029 [main] WARN  server.ServerUtils (ServerUtils.java:getScmDbDir(145)) - ozone.scm.db.dirs is not configured. We recommend adding this setting. Falling back to ozone.metadata.dirs instead.
2019-09-06 01:43:06,115 [main] INFO  pipeline.SCMPipelineManager (SCMPipelineManager.java:initializePipelineState(126)) - No pipeline exists in current db
2019-09-06 01:43:06,115 [main] WARN  server.ServerUtils (ServerUtils.java:getScmDbDir(145)) - ozone.scm.db.dirs is not configured. We recommend adding this setting. Falling back to ozone.metadata.dirs instead.
2019-09-06 01:43:06,219 [main] WARN  events.EventQueue (EventQueue.java:fireEvent(183)) - No event handler registered for event TypedEvent{payloadType=SafeModeStatus, name='SafeModeStatus'}
2019-09-06 01:43:06,221 [main] INFO  ipc.CallQueueManager (CallQueueManager.java:<init>(84)) - Using callQueue: class java.util.concurrent.LinkedBlockingQueue, queueCapacity: 2000, scheduler: class org.apache.hadoop.ipc.DefaultRpcScheduler, ipcBackoff: false.
2019-09-06 01:43:06,222 [Socket Reader #1 for port 32905] INFO  ipc.Server (Server.java:run(1074)) - Starting Socket Reader #1 for port 32905
2019-09-06 01:43:06,225 [main] INFO  ipc.CallQueueManager (CallQueueManager.java:<init>(84)) - Using callQueue: class java.util.concurrent.LinkedBlockingQueue, queueCapacity: 2000, scheduler: class org.apache.hadoop.ipc.DefaultRpcScheduler, ipcBackoff: false.
2019-09-06 01:43:06,226 [Socket Reader #1 for port 41413] INFO  ipc.Server (Server.java:run(1074)) - Starting Socket Reader #1 for port 41413
2019-09-06 01:43:06,227 [main] INFO  ipc.CallQueueManager (CallQueueManager.java:<init>(84)) - Using callQueue: class java.util.concurrent.LinkedBlockingQueue, queueCapacity: 2000, scheduler: class org.apache.hadoop.ipc.DefaultRpcScheduler, ipcBackoff: false.
2019-09-06 01:43:06,228 [Socket Reader #1 for port 41407] INFO  ipc.Server (Server.java:run(1074)) - Starting Socket Reader #1 for port 41407
2019-09-06 01:43:06,231 [main] INFO  hdfs.DFSUtil (DFSUtil.java:httpServerTemplateForNNAndJN(1641)) - Starting Web-server for scm at: http://0.0.0.0:0
2019-09-06 01:43:06,234 [main] INFO  server.AuthenticationFilter (AuthenticationFilter.java:constructSecretProvider(240)) - Unable to initialize FileSignerSecretProvider, falling back to use random secrets.
2019-09-06 01:43:06,234 [main] WARN  http.HttpRequestLog (HttpRequestLog.java:getRequestLog(97)) - Jetty request log can only be enabled using Log4j
2019-09-06 01:43:06,237 [main] INFO  http.HttpServer2 (HttpServer2.java:addGlobalFilter(975)) - Added global filter 'safety' (class=org.apache.hadoop.http.HttpServer2$QuotingInputFilter)
2019-09-06 01:43:06,237 [main] INFO  http.HttpServer2 (HttpServer2.java:addFilter(948)) - Added filter static_user_filter (class=org.apache.hadoop.http.lib.StaticUserWebFilter$StaticUserFilter) to context scm
2019-09-06 01:43:06,237 [main] INFO  http.HttpServer2 (HttpServer2.java:addFilter(958)) - Added filter static_user_filter (class=org.apache.hadoop.http.lib.StaticUserWebFilter$StaticUserFilter) to context logs
2019-09-06 01:43:06,238 [main] INFO  http.HttpServer2 (HttpServer2.java:addFilter(958)) - Added filter static_user_filter (class=org.apache.hadoop.http.lib.StaticUserWebFilter$StaticUserFilter) to context static
2019-09-06 01:43:06,240 [main] INFO  server.StorageContainerManager (StorageContainerManager.java:start(759)) - StorageContainerLocationProtocol RPC server is listening at /0.0.0.0:41407
2019-09-06 01:43:06,243 [main] WARN  impl.MetricsConfig (MetricsConfig.java:loadFirst(134)) - Cannot locate configuration: tried hadoop-metrics2-storagecontainermanager.properties,hadoop-metrics2.properties
2019-09-06 01:43:06,244 [main] INFO  impl.MetricsSystemImpl (MetricsSystemImpl.java:startTimer(374)) - Scheduled Metric snapshot period at 10 second(s).
2019-09-06 01:43:06,244 [main] INFO  impl.MetricsSystemImpl (MetricsSystemImpl.java:start(191)) - StorageContainerManager metrics system started
2019-09-06 01:43:06,717 [main] WARN  impl.MetricsSystemImpl (MetricsSystemImpl.java:register(276)) - Sink prometheus already exists!
2019-09-06 01:43:06,754 [main] INFO  server.SCMClientProtocolServer (SCMClientProtocolServer.java:start(151)) - RPC server for Client  is listening at /0.0.0.0:41407
2019-09-06 01:43:06,755 [IPC Server Responder] INFO  ipc.Server (Server.java:run(1314)) - IPC Server Responder: starting
2019-09-06 01:43:06,755 [IPC Server listener on 41407] INFO  ipc.Server (Server.java:run(1153)) - IPC Server listener on 41407: starting
2019-09-06 01:43:06,758 [main] INFO  server.StorageContainerManager (StorageContainerManager.java:start(769)) - ScmBlockLocationProtocol RPC server is listening at /0.0.0.0:41413
2019-09-06 01:43:06,758 [main] INFO  server.SCMBlockProtocolServer (SCMBlockProtocolServer.java:start(146)) - RPC server for Block Protocol is listening at /0.0.0.0:41413
2019-09-06 01:43:06,758 [IPC Server Responder] INFO  ipc.Server (Server.java:run(1314)) - IPC Server Responder: starting
2019-09-06 01:43:06,759 [IPC Server listener on 41413] INFO  ipc.Server (Server.java:run(1153)) - IPC Server listener on 41413: starting
2019-09-06 01:43:06,761 [main] INFO  server.StorageContainerManager (StorageContainerManager.java:start(773)) - ScmDatanodeProtocl RPC server is listening at /0.0.0.0:32905
2019-09-06 01:43:06,762 [main] INFO  server.SCMDatanodeProtocolServer (SCMDatanodeProtocolServer.java:start(191)) - RPC server for DataNodes is listening at /0.0.0.0:32905
2019-09-06 01:43:06,762 [IPC Server Responder] INFO  ipc.Server (Server.java:run(1314)) - IPC Server Responder: starting
2019-09-06 01:43:06,762 [IPC Server listener on 32905] INFO  ipc.Server (Server.java:run(1153)) - IPC Server listener on 32905: starting
2019-09-06 01:43:06,765 [main] INFO  http.HttpServer2 (HttpServer2.java:bindListener(1191)) - Jetty bound to port 33481
2019-09-06 01:43:06,765 [main] INFO  server.Server (Server.java:doStart(351)) - jetty-9.3.24.v20180605, build timestamp: 2018-06-05T17:11:56Z, git hash: 84205aa28f11a4f31f2a3b86d1bba2cc8ab69827
2019-09-06 01:43:06,767 [main] INFO  handler.ContextHandler (ContextHandler.java:doStart(781)) - Started o.e.j.s.ServletContextHandler@56c42964{/logs,file:///workdir/hadoop-ozone/integration-test/target/log,AVAILABLE}
2019-09-06 01:43:06,767 [main] INFO  handler.ContextHandler (ContextHandler.java:doStart(781)) - Started o.e.j.s.ServletContextHandler@340c5fb6{/static,file:///workdir/hadoop-ozone/integration-test/target/test-classes/webapps/static,AVAILABLE}
2019-09-06 01:43:06,770 [main] INFO  handler.ContextHandler (ContextHandler.java:doStart(781)) - Started o.e.j.w.WebAppContext@71f0806b{/,file:///workdir/hadoop-ozone/integration-test/target/test-classes/webapps/scm/,AVAILABLE}{/scm}
2019-09-06 01:43:06,771 [main] INFO  server.AbstractConnector (AbstractConnector.java:doStart(278)) - Started ServerConnector@49889154{HTTP/1.1,[http/1.1]}{0.0.0.0:33481}
2019-09-06 01:43:06,773 [main] INFO  server.Server (Server.java:doStart(419)) - Started @649190ms
2019-09-06 01:43:06,773 [main] WARN  impl.MetricsSystemImpl (MetricsSystemImpl.java:register(276)) - Sink prometheus already exists!
2019-09-06 01:43:06,775 [main] INFO  server.BaseHttpServer (BaseHttpServer.java:updateConnectorAddress(215)) - HTTP server of SCM is listening at http://0.0.0.0:33481
2019-09-06 01:43:06,775 [main] WARN  server.ServerUtils (ServerUtils.java:getDBPath(222)) - ozone.om.db.dirs is not configured. We recommend adding this setting. Falling back to ozone.metadata.dirs instead.
2019-09-06 01:43:06,776 [org.apache.hadoop.util.JvmPauseMonitor$Monitor@45d7495e] INFO  util.JvmPauseMonitor (JvmPauseMonitor.java:run(188)) - Starting JVM pause monitor
2019-09-06 01:43:06,795 [main] WARN  server.ServerUtils (ServerUtils.java:getDBPath(222)) - ozone.om.db.dirs is not configured. We recommend adding this setting. Falling back to ozone.metadata.dirs instead.
2019-09-06 01:43:06,795 [main] WARN  server.ServerUtils (ServerUtils.java:getDBPath(222)) - ozone.om.db.dirs is not configured. We recommend adding this setting. Falling back to ozone.metadata.dirs instead.
2019-09-06 01:43:06,796 [main] INFO  om.OzoneManager (OzoneManager.java:setOMNodeDetails(649)) - OM Service ID is not set. Setting it to the default ID: omServiceIdDefault
2019-09-06 01:43:06,796 [main] INFO  om.OzoneManager (OzoneManager.java:setOMNodeDetails(655)) - OM Node ID is not set. Setting it to the OmStorage's OmID: 6fb17eb9-9740-444c-8eac-a19a1362622e
2019-09-06 01:43:06,796 [main] INFO  om.OzoneManager (OzoneManager.java:loadOMHAConfigs(606)) - Found matching OM address with OMServiceId: null, OMNodeId: null, RPC Address: localhost:0 and Ratis port: 9872
2019-09-06 01:43:06,803 [main] WARN  server.ServerUtils (ServerUtils.java:getDBPath(222)) - ozone.om.db.dirs is not configured. We recommend adding this setting. Falling back to ozone.metadata.dirs instead.
2019-09-06 01:43:06,803 [main] INFO  db.DBStoreBuilder (DBStoreBuilder.java:addTable(110)) - using custom profile for table: userTable
2019-09-06 01:43:06,803 [main] INFO  db.DBStoreBuilder (DBStoreBuilder.java:processTables(161)) - Using default column profile:DBProfile.DISK for Table:userTable
2019-09-06 01:43:06,803 [main] INFO  db.DBStoreBuilder (DBStoreBuilder.java:addTable(110)) - using custom profile for table: volumeTable
2019-09-06 01:43:06,804 [main] INFO  db.DBStoreBuilder (DBStoreBuilder.java:processTables(161)) - Using default column profile:DBProfile.DISK for Table:volumeTable
2019-09-06 01:43:06,804 [main] INFO  db.DBStoreBuilder (DBStoreBuilder.java:addTable(110)) - using custom profile for table: bucketTable
2019-09-06 01:43:06,804 [main] INFO  db.DBStoreBuilder (DBStoreBuilder.java:processTables(161)) - Using default column profile:DBProfile.DISK for Table:bucketTable
2019-09-06 01:43:06,804 [main] INFO  db.DBStoreBuilder (DBStoreBuilder.java:addTable(110)) - using custom profile for table: keyTable
2019-09-06 01:43:06,804 [main] INFO  db.DBStoreBuilder (DBStoreBuilder.java:processTables(161)) - Using default column profile:DBProfile.DISK for Table:keyTable
2019-09-06 01:43:06,804 [main] INFO  db.DBStoreBuilder (DBStoreBuilder.java:addTable(110)) - using custom profile for table: deletedTable
2019-09-06 01:43:06,804 [main] INFO  db.DBStoreBuilder (DBStoreBuilder.java:processTables(161)) - Using default column profile:DBProfile.DISK for Table:deletedTable
2019-09-06 01:43:06,805 [main] INFO  db.DBStoreBuilder (DBStoreBuilder.java:addTable(110)) - using custom profile for table: openKeyTable
2019-09-06 01:43:06,805 [main] INFO  db.DBStoreBuilder (DBStoreBuilder.java:processTables(161)) - Using default column profile:DBProfile.DISK for Table:openKeyTable
2019-09-06 01:43:06,805 [main] INFO  db.DBStoreBuilder (DBStoreBuilder.java:addTable(110)) - using custom profile for table: s3Table
2019-09-06 01:43:06,805 [main] INFO  db.DBStoreBuilder (DBStoreBuilder.java:processTables(161)) - Using default column profile:DBProfile.DISK for Table:s3Table
2019-09-06 01:43:06,805 [main] INFO  db.DBStoreBuilder (DBStoreBuilder.java:addTable(110)) - using custom profile for table: multipartInfoTable
2019-09-06 01:43:06,805 [main] INFO  db.DBStoreBuilder (DBStoreBuilder.java:processTables(161)) - Using default column profile:DBProfile.DISK for Table:multipartInfoTable
2019-09-06 01:43:06,806 [main] INFO  db.DBStoreBuilder (DBStoreBuilder.java:addTable(110)) - using custom profile for table: dTokenTable
2019-09-06 01:43:06,806 [main] INFO  db.DBStoreBuilder (DBStoreBuilder.java:processTables(161)) - Using default column profile:DBProfile.DISK for Table:dTokenTable
2019-09-06 01:43:06,806 [main] INFO  db.DBStoreBuilder (DBStoreBuilder.java:addTable(110)) - using custom profile for table: s3SecretTable
2019-09-06 01:43:06,806 [main] INFO  db.DBStoreBuilder (DBStoreBuilder.java:processTables(161)) - Using default column profile:DBProfile.DISK for Table:s3SecretTable
2019-09-06 01:43:06,806 [main] INFO  db.DBStoreBuilder (DBStoreBuilder.java:addTable(110)) - using custom profile for table: prefixTable
2019-09-06 01:43:06,806 [main] INFO  db.DBStoreBuilder (DBStoreBuilder.java:processTables(161)) - Using default column profile:DBProfile.DISK for Table:prefixTable
2019-09-06 01:43:06,806 [main] INFO  db.DBStoreBuilder (DBStoreBuilder.java:addTable(110)) - using custom profile for table: default
2019-09-06 01:43:06,806 [main] INFO  db.DBStoreBuilder (DBStoreBuilder.java:processTables(167)) - Using default column profile:DBProfile.DISK for Table:default
2019-09-06 01:43:06,807 [main] INFO  db.DBStoreBuilder (DBStoreBuilder.java:getDbProfile(198)) - Using default options. DBProfile.DISK
2019-09-06 01:43:07,535 [main] INFO  ipc.CallQueueManager (CallQueueManager.java:<init>(84)) - Using callQueue: class java.util.concurrent.LinkedBlockingQueue, queueCapacity: 2000, scheduler: class org.apache.hadoop.ipc.DefaultRpcScheduler, ipcBackoff: false.
2019-09-06 01:43:07,536 [Socket Reader #1 for port 45902] INFO  ipc.Server (Server.java:run(1074)) - Starting Socket Reader #1 for port 45902
2019-09-06 01:43:07,554 [main] INFO  om.OzoneManager (OzoneManager.java:start(1240)) - OzoneManager RPC server is listening at localhost/127.0.0.1:45902
2019-09-06 01:43:07,554 [main] INFO  impl.MetricsSystemImpl (MetricsSystemImpl.java:init(158)) - OzoneManager metrics system started (again)
2019-09-06 01:43:07,555 [IPC Server Responder] INFO  ipc.Server (Server.java:run(1314)) - IPC Server Responder: starting
2019-09-06 01:43:07,556 [IPC Server listener on 45902] INFO  ipc.Server (Server.java:run(1153)) - IPC Server listener on 45902: starting
2019-09-06 01:43:07,562 [main] INFO  hdfs.DFSUtil (DFSUtil.java:httpServerTemplateForNNAndJN(1641)) - Starting Web-server for ozoneManager at: http://0.0.0.0:0
2019-09-06 01:43:07,564 [main] INFO  server.AuthenticationFilter (AuthenticationFilter.java:constructSecretProvider(240)) - Unable to initialize FileSignerSecretProvider, falling back to use random secrets.
2019-09-06 01:43:07,564 [main] WARN  http.HttpRequestLog (HttpRequestLog.java:getRequestLog(97)) - Jetty request log can only be enabled using Log4j
2019-09-06 01:43:07,566 [main] INFO  http.HttpServer2 (HttpServer2.java:addGlobalFilter(975)) - Added global filter 'safety' (class=org.apache.hadoop.http.HttpServer2$QuotingInputFilter)
2019-09-06 01:43:07,566 [main] INFO  http.HttpServer2 (HttpServer2.java:addFilter(948)) - Added filter static_user_filter (class=org.apache.hadoop.http.lib.StaticUserWebFilter$StaticUserFilter) to context ozoneManager
2019-09-06 01:43:07,566 [main] INFO  http.HttpServer2 (HttpServer2.java:addFilter(958)) - Added filter static_user_filter (class=org.apache.hadoop.http.lib.StaticUserWebFilter$StaticUserFilter) to context static
2019-09-06 01:43:07,566 [main] INFO  http.HttpServer2 (HttpServer2.java:addFilter(958)) - Added filter static_user_filter (class=org.apache.hadoop.http.lib.StaticUserWebFilter$StaticUserFilter) to context logs
2019-09-06 01:43:07,567 [main] INFO  http.HttpServer2 (HttpServer2.java:bindListener(1191)) - Jetty bound to port 42943
2019-09-06 01:43:07,567 [main] INFO  server.Server (Server.java:doStart(351)) - jetty-9.3.24.v20180605, build timestamp: 2018-06-05T17:11:56Z, git hash: 84205aa28f11a4f31f2a3b86d1bba2cc8ab69827
2019-09-06 01:43:07,569 [main] INFO  handler.ContextHandler (ContextHandler.java:doStart(781)) - Started o.e.j.s.ServletContextHandler@b94703b{/logs,file:///workdir/hadoop-ozone/integration-test/target/log,AVAILABLE}
2019-09-06 01:43:07,569 [main] INFO  handler.ContextHandler (ContextHandler.java:doStart(781)) - Started o.e.j.s.ServletContextHandler@4d290757{/static,file:///workdir/hadoop-ozone/integration-test/target/test-classes/webapps/static,AVAILABLE}
2019-09-06 01:43:07,572 [main] INFO  handler.ContextHandler (ContextHandler.java:doStart(781)) - Started o.e.j.w.WebAppContext@6736f40f{/,file:///workdir/hadoop-ozone/integration-test/target/test-classes/webapps/ozoneManager/,AVAILABLE}{/ozoneManager}
2019-09-06 01:43:07,573 [main] INFO  server.AbstractConnector (AbstractConnector.java:doStart(278)) - Started ServerConnector@12f9f896{HTTP/1.1,[http/1.1]}{0.0.0.0:42943}
2019-09-06 01:43:07,574 [main] INFO  server.Server (Server.java:doStart(419)) - Started @649991ms
2019-09-06 01:43:07,574 [main] WARN  impl.MetricsSystemImpl (MetricsSystemImpl.java:register(276)) - Sink prometheus already exists!
2019-09-06 01:43:07,575 [main] INFO  server.BaseHttpServer (BaseHttpServer.java:updateConnectorAddress(215)) - HTTP server of OZONEMANAGER is listening at http://0.0.0.0:42943
2019-09-06 01:43:07,587 [main] INFO  impl.MetricsSystemImpl (MetricsSystemImpl.java:init(158)) - HddsDatanode metrics system started (again)
2019-09-06 01:43:07,589 [main] INFO  ozone.HddsDatanodeService (HddsDatanodeService.java:start(184)) - HddsDatanodeService host:pr-hdds-2015-4zh84-2711163145 ip:192.168.5.177
2019-09-06 01:43:07,594 [main] INFO  volume.HddsVolume (HddsVolume.java:<init>(176)) - Creating Volume: /workdir/hadoop-ozone/integration-test/target/test-dir/MiniOzoneClusterImpl-f5177410-c437-49cc-94ad-c893ee7f2150/datanode-0/data/containers/hdds of  storage type : DISK and capacity : 1482555576320
2019-09-06 01:43:07,595 [main] INFO  volume.VolumeSet (VolumeSet.java:initializeVolumeSet(170)) - Added Volume : /workdir/hadoop-ozone/integration-test/target/test-dir/MiniOzoneClusterImpl-f5177410-c437-49cc-94ad-c893ee7f2150/datanode-0/data/containers/hdds to VolumeSet
2019-09-06 01:43:07,595 [main] INFO  volume.ThrottledAsyncChecker (ThrottledAsyncChecker.java:schedule(140)) - Scheduling a check for org.apache.hadoop.ozone.container.common.volume.HddsVolume@e162a35
2019-09-06 01:43:07,596 [main] INFO  volume.HddsVolumeChecker (HddsVolumeChecker.java:checkAllVolumes(203)) - Scheduled health check for volume org.apache.hadoop.ozone.container.common.volume.HddsVolume@e162a35
2019-09-06 01:43:07,608 [main] INFO  impl.RaftServerProxy (ConfUtils.java:logGet(43)) - raft.rpc.type = GRPC (default)
2019-09-06 01:43:07,609 [main] INFO  grpc.GrpcFactory (GrpcFactory.java:checkPooledByteBufAllocatorUseCacheForAllThreads(45)) - PERFORMANCE WARNING: useCacheForAllThreads is true that may cause Netty to create a lot garbage objects and, as a result, trigger GC.
	It is recommended to disable useCacheForAllThreads by setting -Dorg.apache.ratis.thirdparty.io.netty.allocator.useCacheForAllThreads=false in command line.
2019-09-06 01:43:07,609 [main] INFO  grpc.GrpcConfigKeys$Server (ConfUtils.java:logGet(43)) - raft.grpc.server.port = 0 (default)
2019-09-06 01:43:07,609 [main] INFO  server.GrpcService (ConfUtils.java:logGet(43)) - raft.grpc.message.size.max = 33570816 (custom)
2019-09-06 01:43:07,609 [main] INFO  server.RaftServerConfigKeys (ConfUtils.java:logGet(43)) - raft.server.log.appender.buffer.byte-limit = 33554432 (custom)
2019-09-06 01:43:07,609 [main] INFO  server.GrpcService (ConfUtils.java:logGet(43)) - raft.grpc.flow.control.window = 1MB (=1048576) (default)
2019-09-06 01:43:07,610 [main] INFO  server.RaftServerConfigKeys (ConfUtils.java:logGet(43)) - raft.server.rpc.request.timeout = 3000ms (default)
2019-09-06 01:43:07,610 [main] INFO  server.RaftServerConfigKeys (ConfUtils.java:logGet(43)) - raft.server.storage.dir = [/workdir/hadoop-ozone/integration-test/target/test-dir/MiniOzoneClusterImpl-f5177410-c437-49cc-94ad-c893ee7f2150/datanode-0/data/ratis] (custom)
2019-09-06 01:43:07,612 [main] INFO  hdfs.DFSUtil (DFSUtil.java:httpServerTemplateForNNAndJN(1641)) - Starting Web-server for hddsDatanode at: http://0.0.0.0:0
2019-09-06 01:43:07,613 [main] INFO  server.AuthenticationFilter (AuthenticationFilter.java:constructSecretProvider(240)) - Unable to initialize FileSignerSecretProvider, falling back to use random secrets.
2019-09-06 01:43:07,614 [main] WARN  http.HttpRequestLog (HttpRequestLog.java:getRequestLog(97)) - Jetty request log can only be enabled using Log4j
2019-09-06 01:43:07,615 [main] INFO  http.HttpServer2 (HttpServer2.java:addGlobalFilter(975)) - Added global filter 'safety' (class=org.apache.hadoop.http.HttpServer2$QuotingInputFilter)
2019-09-06 01:43:07,615 [main] INFO  http.HttpServer2 (HttpServer2.java:addFilter(948)) - Added filter static_user_filter (class=org.apache.hadoop.http.lib.StaticUserWebFilter$StaticUserFilter) to context hddsDatanode
2019-09-06 01:43:07,615 [main] INFO  http.HttpServer2 (HttpServer2.java:addFilter(958)) - Added filter static_user_filter (class=org.apache.hadoop.http.lib.StaticUserWebFilter$StaticUserFilter) to context static
2019-09-06 01:43:07,616 [main] INFO  http.HttpServer2 (HttpServer2.java:addFilter(958)) - Added filter static_user_filter (class=org.apache.hadoop.http.lib.StaticUserWebFilter$StaticUserFilter) to context logs
2019-09-06 01:43:07,616 [main] INFO  http.HttpServer2 (HttpServer2.java:bindListener(1191)) - Jetty bound to port 33047
2019-09-06 01:43:07,616 [main] INFO  server.Server (Server.java:doStart(351)) - jetty-9.3.24.v20180605, build timestamp: 2018-06-05T17:11:56Z, git hash: 84205aa28f11a4f31f2a3b86d1bba2cc8ab69827
2019-09-06 01:43:07,618 [main] INFO  handler.ContextHandler (ContextHandler.java:doStart(781)) - Started o.e.j.s.ServletContextHandler@690df641{/logs,file:///workdir/hadoop-ozone/integration-test/target/log,AVAILABLE}
2019-09-06 01:43:07,618 [main] INFO  handler.ContextHandler (ContextHandler.java:doStart(781)) - Started o.e.j.s.ServletContextHandler@1bfa5a13{/static,jar:file:/home/user/.m2/repository/org/apache/hadoop/hadoop-hdds-container-service/0.5.0-SNAPSHOT/hadoop-hdds-container-service-0.5.0-SNAPSHOT.jar!/webapps/static,AVAILABLE}
2019-09-06 01:43:07,645 [main] INFO  handler.ContextHandler (ContextHandler.java:doStart(781)) - Started o.e.j.w.WebAppContext@3a5b7d7e{/,file:///tmp/jetty-0.0.0.0-33047-hddsDatanode-_-any-3934585895192829285.dir/webapp/,AVAILABLE}{/hddsDatanode}
2019-09-06 01:43:07,646 [main] INFO  server.AbstractConnector (AbstractConnector.java:doStart(278)) - Started ServerConnector@13cc31ae{HTTP/1.1,[http/1.1]}{0.0.0.0:33047}
2019-09-06 01:43:07,646 [main] INFO  server.Server (Server.java:doStart(419)) - Started @650063ms
2019-09-06 01:43:07,647 [main] WARN  impl.MetricsSystemImpl (MetricsSystemImpl.java:register(276)) - Sink prometheus already exists!
2019-09-06 01:43:07,648 [main] INFO  server.BaseHttpServer (BaseHttpServer.java:updateConnectorAddress(215)) - HTTP server of HDDSDATANODE is listening at http://0.0.0.0:33047
2019-09-06 01:43:07,648 [main] INFO  impl.MetricsSystemImpl (MetricsSystemImpl.java:init(158)) - HddsDatanode metrics system started (again)
2019-09-06 01:43:07,651 [org.apache.hadoop.util.JvmPauseMonitor$Monitor@50f4cf63] INFO  util.JvmPauseMonitor (JvmPauseMonitor.java:run(188)) - Starting JVM pause monitor
2019-09-06 01:43:07,651 [main] INFO  ozone.HddsDatanodeService (HddsDatanodeService.java:start(184)) - HddsDatanodeService host:pr-hdds-2015-4zh84-2711163145 ip:192.168.5.177
2019-09-06 01:43:07,653 [Datanode State Machine Thread - 0] INFO  datanode.InitDatanodeState (InitDatanodeState.java:persistContainerDatanodeDetails(140)) - DatanodeDetails is persisted to /workdir/hadoop-ozone/integration-test/target/test-dir/MiniOzoneClusterImpl-f5177410-c437-49cc-94ad-c893ee7f2150/datanode-0/meta/datanode.id
2019-09-06 01:43:07,657 [main] INFO  volume.HddsVolume (HddsVolume.java:<init>(176)) - Creating Volume: /workdir/hadoop-ozone/integration-test/target/test-dir/MiniOzoneClusterImpl-f5177410-c437-49cc-94ad-c893ee7f2150/datanode-1/data/containers/hdds of  storage type : DISK and capacity : 1482555576320
2019-09-06 01:43:07,658 [main] INFO  volume.VolumeSet (VolumeSet.java:initializeVolumeSet(170)) - Added Volume : /workdir/hadoop-ozone/integration-test/target/test-dir/MiniOzoneClusterImpl-f5177410-c437-49cc-94ad-c893ee7f2150/datanode-1/data/containers/hdds to VolumeSet
2019-09-06 01:43:07,658 [main] INFO  volume.ThrottledAsyncChecker (ThrottledAsyncChecker.java:schedule(140)) - Scheduling a check for org.apache.hadoop.ozone.container.common.volume.HddsVolume@5885e231
2019-09-06 01:43:07,659 [main] INFO  volume.HddsVolumeChecker (HddsVolumeChecker.java:checkAllVolumes(203)) - Scheduled health check for volume org.apache.hadoop.ozone.container.common.volume.HddsVolume@5885e231
2019-09-06 01:43:07,680 [main] INFO  impl.RaftServerProxy (ConfUtils.java:logGet(43)) - raft.rpc.type = GRPC (default)
2019-09-06 01:43:07,681 [main] INFO  grpc.GrpcFactory (GrpcFactory.java:checkPooledByteBufAllocatorUseCacheForAllThreads(45)) - PERFORMANCE WARNING: useCacheForAllThreads is true that may cause Netty to create a lot garbage objects and, as a result, trigger GC.
	It is recommended to disable useCacheForAllThreads by setting -Dorg.apache.ratis.thirdparty.io.netty.allocator.useCacheForAllThreads=false in command line.
2019-09-06 01:43:07,681 [main] INFO  grpc.GrpcConfigKeys$Server (ConfUtils.java:logGet(43)) - raft.grpc.server.port = 0 (default)
2019-09-06 01:43:07,681 [main] INFO  server.GrpcService (ConfUtils.java:logGet(43)) - raft.grpc.message.size.max = 33570816 (custom)
2019-09-06 01:43:07,681 [main] INFO  server.RaftServerConfigKeys (ConfUtils.java:logGet(43)) - raft.server.log.appender.buffer.byte-limit = 33554432 (custom)
2019-09-06 01:43:07,682 [main] INFO  server.GrpcService (ConfUtils.java:logGet(43)) - raft.grpc.flow.control.window = 1MB (=1048576) (default)
2019-09-06 01:43:07,682 [main] INFO  server.RaftServerConfigKeys (ConfUtils.java:logGet(43)) - raft.server.rpc.request.timeout = 3000ms (default)
2019-09-06 01:43:07,683 [main] INFO  server.RaftServerConfigKeys (ConfUtils.java:logGet(43)) - raft.server.storage.dir = [/workdir/hadoop-ozone/integration-test/target/test-dir/MiniOzoneClusterImpl-f5177410-c437-49cc-94ad-c893ee7f2150/datanode-1/data/ratis] (custom)
2019-09-06 01:43:07,684 [main] INFO  hdfs.DFSUtil (DFSUtil.java:httpServerTemplateForNNAndJN(1641)) - Starting Web-server for hddsDatanode at: http://0.0.0.0:0
2019-09-06 01:43:07,686 [main] INFO  server.AuthenticationFilter (AuthenticationFilter.java:constructSecretProvider(240)) - Unable to initialize FileSignerSecretProvider, falling back to use random secrets.
2019-09-06 01:43:07,687 [main] WARN  http.HttpRequestLog (HttpRequestLog.java:getRequestLog(97)) - Jetty request log can only be enabled using Log4j
2019-09-06 01:43:07,688 [main] INFO  http.HttpServer2 (HttpServer2.java:addGlobalFilter(975)) - Added global filter 'safety' (class=org.apache.hadoop.http.HttpServer2$QuotingInputFilter)
2019-09-06 01:43:07,688 [main] INFO  http.HttpServer2 (HttpServer2.java:addFilter(948)) - Added filter static_user_filter (class=org.apache.hadoop.http.lib.StaticUserWebFilter$StaticUserFilter) to context hddsDatanode
2019-09-06 01:43:07,689 [main] INFO  http.HttpServer2 (HttpServer2.java:addFilter(958)) - Added filter static_user_filter (class=org.apache.hadoop.http.lib.StaticUserWebFilter$StaticUserFilter) to context static
2019-09-06 01:43:07,689 [main] INFO  http.HttpServer2 (HttpServer2.java:addFilter(958)) - Added filter static_user_filter (class=org.apache.hadoop.http.lib.StaticUserWebFilter$StaticUserFilter) to context logs
2019-09-06 01:43:07,689 [main] INFO  http.HttpServer2 (HttpServer2.java:bindListener(1191)) - Jetty bound to port 42282
2019-09-06 01:43:07,690 [main] INFO  server.Server (Server.java:doStart(351)) - jetty-9.3.24.v20180605, build timestamp: 2018-06-05T17:11:56Z, git hash: 84205aa28f11a4f31f2a3b86d1bba2cc8ab69827
2019-09-06 01:43:07,691 [main] INFO  handler.ContextHandler (ContextHandler.java:doStart(781)) - Started o.e.j.s.ServletContextHandler@4a2e1e52{/logs,file:///workdir/hadoop-ozone/integration-test/target/log,AVAILABLE}
2019-09-06 01:43:07,692 [main] INFO  handler.ContextHandler (ContextHandler.java:doStart(781)) - Started o.e.j.s.ServletContextHandler@2b9b17ce{/static,jar:file:/home/user/.m2/repository/org/apache/hadoop/hadoop-hdds-container-service/0.5.0-SNAPSHOT/hadoop-hdds-container-service-0.5.0-SNAPSHOT.jar!/webapps/static,AVAILABLE}
2019-09-06 01:43:07,720 [main] INFO  handler.ContextHandler (ContextHandler.java:doStart(781)) - Started o.e.j.w.WebAppContext@255ed8e4{/,file:///tmp/jetty-0.0.0.0-42282-hddsDatanode-_-any-1116011919426762932.dir/webapp/,AVAILABLE}{/hddsDatanode}
2019-09-06 01:43:07,721 [main] INFO  server.AbstractConnector (AbstractConnector.java:doStart(278)) - Started ServerConnector@406ad6d5{HTTP/1.1,[http/1.1]}{0.0.0.0:42282}
2019-09-06 01:43:07,721 [main] INFO  server.Server (Server.java:doStart(419)) - Started @650138ms
2019-09-06 01:43:07,722 [main] WARN  impl.MetricsSystemImpl (MetricsSystemImpl.java:register(276)) - Sink prometheus already exists!
2019-09-06 01:43:07,723 [main] INFO  server.BaseHttpServer (BaseHttpServer.java:updateConnectorAddress(215)) - HTTP server of HDDSDATANODE is listening at http://0.0.0.0:42282
2019-09-06 01:43:07,723 [main] INFO  impl.MetricsSystemImpl (MetricsSystemImpl.java:init(158)) - HddsDatanode metrics system started (again)
2019-09-06 01:43:07,726 [org.apache.hadoop.util.JvmPauseMonitor$Monitor@771d3aa0] INFO  util.JvmPauseMonitor (JvmPauseMonitor.java:run(188)) - Starting JVM pause monitor
2019-09-06 01:43:07,726 [main] INFO  ozone.HddsDatanodeService (HddsDatanodeService.java:start(184)) - HddsDatanodeService host:pr-hdds-2015-4zh84-2711163145 ip:192.168.5.177
2019-09-06 01:43:07,727 [Datanode State Machine Thread - 0] INFO  datanode.InitDatanodeState (InitDatanodeState.java:persistContainerDatanodeDetails(140)) - DatanodeDetails is persisted to /workdir/hadoop-ozone/integration-test/target/test-dir/MiniOzoneClusterImpl-f5177410-c437-49cc-94ad-c893ee7f2150/datanode-1/meta/datanode.id
2019-09-06 01:43:07,732 [main] INFO  volume.HddsVolume (HddsVolume.java:<init>(176)) - Creating Volume: /workdir/hadoop-ozone/integration-test/target/test-dir/MiniOzoneClusterImpl-f5177410-c437-49cc-94ad-c893ee7f2150/datanode-2/data/containers/hdds of  storage type : DISK and capacity : 1482555576320
2019-09-06 01:43:07,733 [main] INFO  volume.VolumeSet (VolumeSet.java:initializeVolumeSet(170)) - Added Volume : /workdir/hadoop-ozone/integration-test/target/test-dir/MiniOzoneClusterImpl-f5177410-c437-49cc-94ad-c893ee7f2150/datanode-2/data/containers/hdds to VolumeSet
2019-09-06 01:43:07,733 [main] INFO  volume.ThrottledAsyncChecker (ThrottledAsyncChecker.java:schedule(140)) - Scheduling a check for org.apache.hadoop.ozone.container.common.volume.HddsVolume@6eabe718
2019-09-06 01:43:07,733 [main] INFO  volume.HddsVolumeChecker (HddsVolumeChecker.java:checkAllVolumes(203)) - Scheduled health check for volume org.apache.hadoop.ozone.container.common.volume.HddsVolume@6eabe718
2019-09-06 01:43:07,748 [main] INFO  impl.RaftServerProxy (ConfUtils.java:logGet(43)) - raft.rpc.type = GRPC (default)
2019-09-06 01:43:07,748 [main] INFO  grpc.GrpcFactory (GrpcFactory.java:checkPooledByteBufAllocatorUseCacheForAllThreads(45)) - PERFORMANCE WARNING: useCacheForAllThreads is true that may cause Netty to create a lot garbage objects and, as a result, trigger GC.
	It is recommended to disable useCacheForAllThreads by setting -Dorg.apache.ratis.thirdparty.io.netty.allocator.useCacheForAllThreads=false in command line.
2019-09-06 01:43:07,748 [main] INFO  grpc.GrpcConfigKeys$Server (ConfUtils.java:logGet(43)) - raft.grpc.server.port = 0 (default)
2019-09-06 01:43:07,748 [main] INFO  server.GrpcService (ConfUtils.java:logGet(43)) - raft.grpc.message.size.max = 33570816 (custom)
2019-09-06 01:43:07,748 [main] INFO  server.RaftServerConfigKeys (ConfUtils.java:logGet(43)) - raft.server.log.appender.buffer.byte-limit = 33554432 (custom)
2019-09-06 01:43:07,749 [main] INFO  server.GrpcService (ConfUtils.java:logGet(43)) - raft.grpc.flow.control.window = 1MB (=1048576) (default)
2019-09-06 01:43:07,749 [main] INFO  server.RaftServerConfigKeys (ConfUtils.java:logGet(43)) - raft.server.rpc.request.timeout = 3000ms (default)
2019-09-06 01:43:07,749 [main] INFO  server.RaftServerConfigKeys (ConfUtils.java:logGet(43)) - raft.server.storage.dir = [/workdir/hadoop-ozone/integration-test/target/test-dir/MiniOzoneClusterImpl-f5177410-c437-49cc-94ad-c893ee7f2150/datanode-2/data/ratis] (custom)
2019-09-06 01:43:07,751 [main] INFO  hdfs.DFSUtil (DFSUtil.java:httpServerTemplateForNNAndJN(1641)) - Starting Web-server for hddsDatanode at: http://0.0.0.0:0
2019-09-06 01:43:07,752 [main] INFO  server.AuthenticationFilter (AuthenticationFilter.java:constructSecretProvider(240)) - Unable to initialize FileSignerSecretProvider, falling back to use random secrets.
2019-09-06 01:43:07,753 [main] WARN  http.HttpRequestLog (HttpRequestLog.java:getRequestLog(97)) - Jetty request log can only be enabled using Log4j
2019-09-06 01:43:07,754 [main] INFO  http.HttpServer2 (HttpServer2.java:addGlobalFilter(975)) - Added global filter 'safety' (class=org.apache.hadoop.http.HttpServer2$QuotingInputFilter)
2019-09-06 01:43:07,754 [main] INFO  http.HttpServer2 (HttpServer2.java:addFilter(948)) - Added filter static_user_filter (class=org.apache.hadoop.http.lib.StaticUserWebFilter$StaticUserFilter) to context hddsDatanode
2019-09-06 01:43:07,755 [main] INFO  http.HttpServer2 (HttpServer2.java:addFilter(958)) - Added filter static_user_filter (class=org.apache.hadoop.http.lib.StaticUserWebFilter$StaticUserFilter) to context static
2019-09-06 01:43:07,755 [main] INFO  http.HttpServer2 (HttpServer2.java:addFilter(958)) - Added filter static_user_filter (class=org.apache.hadoop.http.lib.StaticUserWebFilter$StaticUserFilter) to context logs
2019-09-06 01:43:07,755 [main] INFO  http.HttpServer2 (HttpServer2.java:bindListener(1191)) - Jetty bound to port 42982
2019-09-06 01:43:07,755 [main] INFO  server.Server (Server.java:doStart(351)) - jetty-9.3.24.v20180605, build timestamp: 2018-06-05T17:11:56Z, git hash: 84205aa28f11a4f31f2a3b86d1bba2cc8ab69827
2019-09-06 01:43:07,757 [main] INFO  handler.ContextHandler (ContextHandler.java:doStart(781)) - Started o.e.j.s.ServletContextHandler@379f9555{/logs,file:///workdir/hadoop-ozone/integration-test/target/log,AVAILABLE}
2019-09-06 01:43:07,757 [main] INFO  handler.ContextHandler (ContextHandler.java:doStart(781)) - Started o.e.j.s.ServletContextHandler@7d64a960{/static,jar:file:/home/user/.m2/repository/org/apache/hadoop/hadoop-hdds-container-service/0.5.0-SNAPSHOT/hadoop-hdds-container-service-0.5.0-SNAPSHOT.jar!/webapps/static,AVAILABLE}
2019-09-06 01:43:07,784 [main] INFO  handler.ContextHandler (ContextHandler.java:doStart(781)) - Started o.e.j.w.WebAppContext@ec5f944{/,file:///tmp/jetty-0.0.0.0-42982-hddsDatanode-_-any-5459178897496458598.dir/webapp/,AVAILABLE}{/hddsDatanode}
2019-09-06 01:43:07,785 [main] INFO  server.AbstractConnector (AbstractConnector.java:doStart(278)) - Started ServerConnector@5b4954b2{HTTP/1.1,[http/1.1]}{0.0.0.0:42982}
2019-09-06 01:43:07,787 [main] INFO  server.Server (Server.java:doStart(419)) - Started @650204ms
2019-09-06 01:43:07,787 [main] WARN  impl.MetricsSystemImpl (MetricsSystemImpl.java:register(276)) - Sink prometheus already exists!
2019-09-06 01:43:07,788 [main] INFO  server.BaseHttpServer (BaseHttpServer.java:updateConnectorAddress(215)) - HTTP server of HDDSDATANODE is listening at http://0.0.0.0:42982
2019-09-06 01:43:07,788 [main] INFO  impl.MetricsSystemImpl (MetricsSystemImpl.java:init(158)) - HddsDatanode metrics system started (again)
2019-09-06 01:43:07,791 [org.apache.hadoop.util.JvmPauseMonitor$Monitor@1f7964f] INFO  util.JvmPauseMonitor (JvmPauseMonitor.java:run(188)) - Starting JVM pause monitor
2019-09-06 01:43:07,791 [main] INFO  ozone.HddsDatanodeService (HddsDatanodeService.java:start(184)) - HddsDatanodeService host:pr-hdds-2015-4zh84-2711163145 ip:192.168.5.177
2019-09-06 01:43:07,792 [Datanode State Machine Thread - 0] INFO  datanode.InitDatanodeState (InitDatanodeState.java:persistContainerDatanodeDetails(140)) - DatanodeDetails is persisted to /workdir/hadoop-ozone/integration-test/target/test-dir/MiniOzoneClusterImpl-f5177410-c437-49cc-94ad-c893ee7f2150/datanode-2/meta/datanode.id
2019-09-06 01:43:07,798 [main] INFO  volume.HddsVolume (HddsVolume.java:<init>(176)) - Creating Volume: /workdir/hadoop-ozone/integration-test/target/test-dir/MiniOzoneClusterImpl-f5177410-c437-49cc-94ad-c893ee7f2150/datanode-3/data/containers/hdds of  storage type : DISK and capacity : 1482555576320
2019-09-06 01:43:07,798 [main] INFO  volume.VolumeSet (VolumeSet.java:initializeVolumeSet(170)) - Added Volume : /workdir/hadoop-ozone/integration-test/target/test-dir/MiniOzoneClusterImpl-f5177410-c437-49cc-94ad-c893ee7f2150/datanode-3/data/containers/hdds to VolumeSet
2019-09-06 01:43:07,799 [main] INFO  volume.ThrottledAsyncChecker (ThrottledAsyncChecker.java:schedule(140)) - Scheduling a check for org.apache.hadoop.ozone.container.common.volume.HddsVolume@7b451bf4
2019-09-06 01:43:07,799 [main] INFO  volume.HddsVolumeChecker (HddsVolumeChecker.java:checkAllVolumes(203)) - Scheduled health check for volume org.apache.hadoop.ozone.container.common.volume.HddsVolume@7b451bf4
2019-09-06 01:43:07,818 [main] INFO  impl.RaftServerProxy (ConfUtils.java:logGet(43)) - raft.rpc.type = GRPC (default)
2019-09-06 01:43:07,819 [main] INFO  grpc.GrpcFactory (GrpcFactory.java:checkPooledByteBufAllocatorUseCacheForAllThreads(45)) - PERFORMANCE WARNING: useCacheForAllThreads is true that may cause Netty to create a lot garbage objects and, as a result, trigger GC.
	It is recommended to disable useCacheForAllThreads by setting -Dorg.apache.ratis.thirdparty.io.netty.allocator.useCacheForAllThreads=false in command line.
2019-09-06 01:43:07,819 [main] INFO  grpc.GrpcConfigKeys$Server (ConfUtils.java:logGet(43)) - raft.grpc.server.port = 0 (default)
2019-09-06 01:43:07,819 [main] INFO  server.GrpcService (ConfUtils.java:logGet(43)) - raft.grpc.message.size.max = 33570816 (custom)
2019-09-06 01:43:07,820 [main] INFO  server.RaftServerConfigKeys (ConfUtils.java:logGet(43)) - raft.server.log.appender.buffer.byte-limit = 33554432 (custom)
2019-09-06 01:43:07,820 [main] INFO  server.GrpcService (ConfUtils.java:logGet(43)) - raft.grpc.flow.control.window = 1MB (=1048576) (default)
2019-09-06 01:43:07,820 [main] INFO  server.RaftServerConfigKeys (ConfUtils.java:logGet(43)) - raft.server.rpc.request.timeout = 3000ms (default)
2019-09-06 01:43:07,820 [main] INFO  server.RaftServerConfigKeys (ConfUtils.java:logGet(43)) - raft.server.storage.dir = [/workdir/hadoop-ozone/integration-test/target/test-dir/MiniOzoneClusterImpl-f5177410-c437-49cc-94ad-c893ee7f2150/datanode-3/data/ratis] (custom)
2019-09-06 01:43:07,822 [main] INFO  hdfs.DFSUtil (DFSUtil.java:httpServerTemplateForNNAndJN(1641)) - Starting Web-server for hddsDatanode at: http://0.0.0.0:0
2019-09-06 01:43:07,823 [main] INFO  server.AuthenticationFilter (AuthenticationFilter.java:constructSecretProvider(240)) - Unable to initialize FileSignerSecretProvider, falling back to use random secrets.
2019-09-06 01:43:07,824 [main] WARN  http.HttpRequestLog (HttpRequestLog.java:getRequestLog(97)) - Jetty request log can only be enabled using Log4j
2019-09-06 01:43:07,825 [main] INFO  http.HttpServer2 (HttpServer2.java:addGlobalFilter(975)) - Added global filter 'safety' (class=org.apache.hadoop.http.HttpServer2$QuotingInputFilter)
2019-09-06 01:43:07,826 [main] INFO  http.HttpServer2 (HttpServer2.java:addFilter(948)) - Added filter static_user_filter (class=org.apache.hadoop.http.lib.StaticUserWebFilter$StaticUserFilter) to context hddsDatanode
2019-09-06 01:43:07,826 [main] INFO  http.HttpServer2 (HttpServer2.java:addFilter(958)) - Added filter static_user_filter (class=org.apache.hadoop.http.lib.StaticUserWebFilter$StaticUserFilter) to context static
2019-09-06 01:43:07,826 [main] INFO  http.HttpServer2 (HttpServer2.java:addFilter(958)) - Added filter static_user_filter (class=org.apache.hadoop.http.lib.StaticUserWebFilter$StaticUserFilter) to context logs
2019-09-06 01:43:07,827 [main] INFO  http.HttpServer2 (HttpServer2.java:bindListener(1191)) - Jetty bound to port 35102
2019-09-06 01:43:07,827 [main] INFO  server.Server (Server.java:doStart(351)) - jetty-9.3.24.v20180605, build timestamp: 2018-06-05T17:11:56Z, git hash: 84205aa28f11a4f31f2a3b86d1bba2cc8ab69827
2019-09-06 01:43:07,829 [main] INFO  handler.ContextHandler (ContextHandler.java:doStart(781)) - Started o.e.j.s.ServletContextHandler@ce655b9{/logs,file:///workdir/hadoop-ozone/integration-test/target/log,AVAILABLE}
2019-09-06 01:43:07,829 [main] INFO  handler.ContextHandler (ContextHandler.java:doStart(781)) - Started o.e.j.s.ServletContextHandler@5731caaf{/static,jar:file:/home/user/.m2/repository/org/apache/hadoop/hadoop-hdds-container-service/0.5.0-SNAPSHOT/hadoop-hdds-container-service-0.5.0-SNAPSHOT.jar!/webapps/static,AVAILABLE}
2019-09-06 01:43:07,863 [main] INFO  handler.ContextHandler (ContextHandler.java:doStart(781)) - Started o.e.j.w.WebAppContext@77ab5214{/,file:///tmp/jetty-0.0.0.0-35102-hddsDatanode-_-any-5347809100979225984.dir/webapp/,AVAILABLE}{/hddsDatanode}
2019-09-06 01:43:07,863 [main] INFO  server.AbstractConnector (AbstractConnector.java:doStart(278)) - Started ServerConnector@6d420cdd{HTTP/1.1,[http/1.1]}{0.0.0.0:35102}
2019-09-06 01:43:07,865 [main] INFO  server.Server (Server.java:doStart(419)) - Started @650282ms
2019-09-06 01:43:07,865 [main] WARN  impl.MetricsSystemImpl (MetricsSystemImpl.java:register(276)) - Sink prometheus already exists!
2019-09-06 01:43:07,866 [main] INFO  server.BaseHttpServer (BaseHttpServer.java:updateConnectorAddress(215)) - HTTP server of HDDSDATANODE is listening at http://0.0.0.0:35102
2019-09-06 01:43:07,866 [main] INFO  impl.MetricsSystemImpl (MetricsSystemImpl.java:init(158)) - HddsDatanode metrics system started (again)
2019-09-06 01:43:07,869 [org.apache.hadoop.util.JvmPauseMonitor$Monitor@6bac7e00] INFO  util.JvmPauseMonitor (JvmPauseMonitor.java:run(188)) - Starting JVM pause monitor
2019-09-06 01:43:07,869 [main] INFO  ozone.HddsDatanodeService (HddsDatanodeService.java:start(184)) - HddsDatanodeService host:pr-hdds-2015-4zh84-2711163145 ip:192.168.5.177
2019-09-06 01:43:07,870 [Datanode State Machine Thread - 0] INFO  datanode.InitDatanodeState (InitDatanodeState.java:persistContainerDatanodeDetails(140)) - DatanodeDetails is persisted to /workdir/hadoop-ozone/integration-test/target/test-dir/MiniOzoneClusterImpl-f5177410-c437-49cc-94ad-c893ee7f2150/datanode-3/meta/datanode.id
2019-09-06 01:43:07,875 [main] INFO  volume.HddsVolume (HddsVolume.java:<init>(176)) - Creating Volume: /workdir/hadoop-ozone/integration-test/target/test-dir/MiniOzoneClusterImpl-f5177410-c437-49cc-94ad-c893ee7f2150/datanode-4/data/containers/hdds of  storage type : DISK and capacity : 1482555576320
2019-09-06 01:43:07,875 [main] INFO  volume.VolumeSet (VolumeSet.java:initializeVolumeSet(170)) - Added Volume : /workdir/hadoop-ozone/integration-test/target/test-dir/MiniOzoneClusterImpl-f5177410-c437-49cc-94ad-c893ee7f2150/datanode-4/data/containers/hdds to VolumeSet
2019-09-06 01:43:07,876 [main] INFO  volume.ThrottledAsyncChecker (ThrottledAsyncChecker.java:schedule(140)) - Scheduling a check for org.apache.hadoop.ozone.container.common.volume.HddsVolume@34549979
2019-09-06 01:43:07,876 [main] INFO  volume.HddsVolumeChecker (HddsVolumeChecker.java:checkAllVolumes(203)) - Scheduled health check for volume org.apache.hadoop.ozone.container.common.volume.HddsVolume@34549979
2019-09-06 01:43:07,888 [main] INFO  impl.RaftServerProxy (ConfUtils.java:logGet(43)) - raft.rpc.type = GRPC (default)
2019-09-06 01:43:07,888 [main] INFO  grpc.GrpcFactory (GrpcFactory.java:checkPooledByteBufAllocatorUseCacheForAllThreads(45)) - PERFORMANCE WARNING: useCacheForAllThreads is true that may cause Netty to create a lot garbage objects and, as a result, trigger GC.
	It is recommended to disable useCacheForAllThreads by setting -Dorg.apache.ratis.thirdparty.io.netty.allocator.useCacheForAllThreads=false in command line.
2019-09-06 01:43:07,889 [main] INFO  grpc.GrpcConfigKeys$Server (ConfUtils.java:logGet(43)) - raft.grpc.server.port = 0 (default)
2019-09-06 01:43:07,889 [main] INFO  server.GrpcService (ConfUtils.java:logGet(43)) - raft.grpc.message.size.max = 33570816 (custom)
2019-09-06 01:43:07,889 [main] INFO  server.RaftServerConfigKeys (ConfUtils.java:logGet(43)) - raft.server.log.appender.buffer.byte-limit = 33554432 (custom)
2019-09-06 01:43:07,889 [main] INFO  server.GrpcService (ConfUtils.java:logGet(43)) - raft.grpc.flow.control.window = 1MB (=1048576) (default)
2019-09-06 01:43:07,889 [main] INFO  server.RaftServerConfigKeys (ConfUtils.java:logGet(43)) - raft.server.rpc.request.timeout = 3000ms (default)
2019-09-06 01:43:07,890 [main] INFO  server.RaftServerConfigKeys (ConfUtils.java:logGet(43)) - raft.server.storage.dir = [/workdir/hadoop-ozone/integration-test/target/test-dir/MiniOzoneClusterImpl-f5177410-c437-49cc-94ad-c893ee7f2150/datanode-4/data/ratis] (custom)
2019-09-06 01:43:07,891 [main] INFO  hdfs.DFSUtil (DFSUtil.java:httpServerTemplateForNNAndJN(1641)) - Starting Web-server for hddsDatanode at: http://0.0.0.0:0
2019-09-06 01:43:07,892 [main] INFO  server.AuthenticationFilter (AuthenticationFilter.java:constructSecretProvider(240)) - Unable to initialize FileSignerSecretProvider, falling back to use random secrets.
2019-09-06 01:43:07,892 [main] WARN  http.HttpRequestLog (HttpRequestLog.java:getRequestLog(97)) - Jetty request log can only be enabled using Log4j
2019-09-06 01:43:07,893 [main] INFO  http.HttpServer2 (HttpServer2.java:addGlobalFilter(975)) - Added global filter 'safety' (class=org.apache.hadoop.http.HttpServer2$QuotingInputFilter)
2019-09-06 01:43:07,893 [main] INFO  http.HttpServer2 (HttpServer2.java:addFilter(948)) - Added filter static_user_filter (class=org.apache.hadoop.http.lib.StaticUserWebFilter$StaticUserFilter) to context hddsDatanode
2019-09-06 01:43:07,893 [main] INFO  http.HttpServer2 (HttpServer2.java:addFilter(958)) - Added filter static_user_filter (class=org.apache.hadoop.http.lib.StaticUserWebFilter$StaticUserFilter) to context logs
2019-09-06 01:43:07,893 [main] INFO  http.HttpServer2 (HttpServer2.java:addFilter(958)) - Added filter static_user_filter (class=org.apache.hadoop.http.lib.StaticUserWebFilter$StaticUserFilter) to context static
2019-09-06 01:43:07,894 [main] INFO  http.HttpServer2 (HttpServer2.java:bindListener(1191)) - Jetty bound to port 41783
2019-09-06 01:43:07,894 [main] INFO  server.Server (Server.java:doStart(351)) - jetty-9.3.24.v20180605, build timestamp: 2018-06-05T17:11:56Z, git hash: 84205aa28f11a4f31f2a3b86d1bba2cc8ab69827
2019-09-06 01:43:07,895 [main] INFO  handler.ContextHandler (ContextHandler.java:doStart(781)) - Started o.e.j.s.ServletContextHandler@696174d3{/logs,file:///workdir/hadoop-ozone/integration-test/target/log,AVAILABLE}
2019-09-06 01:43:07,896 [main] INFO  handler.ContextHandler (ContextHandler.java:doStart(781)) - Started o.e.j.s.ServletContextHandler@577f9dfd{/static,jar:file:/home/user/.m2/repository/org/apache/hadoop/hadoop-hdds-container-service/0.5.0-SNAPSHOT/hadoop-hdds-container-service-0.5.0-SNAPSHOT.jar!/webapps/static,AVAILABLE}
2019-09-06 01:43:07,925 [main] INFO  handler.ContextHandler (ContextHandler.java:doStart(781)) - Started o.e.j.w.WebAppContext@43786627{/,file:///tmp/jetty-0.0.0.0-41783-hddsDatanode-_-any-3780268573307449022.dir/webapp/,AVAILABLE}{/hddsDatanode}
2019-09-06 01:43:07,925 [main] INFO  server.AbstractConnector (AbstractConnector.java:doStart(278)) - Started ServerConnector@1d6f77d7{HTTP/1.1,[http/1.1]}{0.0.0.0:41783}
2019-09-06 01:43:07,927 [main] INFO  server.Server (Server.java:doStart(419)) - Started @650344ms
2019-09-06 01:43:07,927 [main] WARN  impl.MetricsSystemImpl (MetricsSystemImpl.java:register(276)) - Sink prometheus already exists!
2019-09-06 01:43:07,928 [main] INFO  server.BaseHttpServer (BaseHttpServer.java:updateConnectorAddress(215)) - HTTP server of HDDSDATANODE is listening at http://0.0.0.0:41783
2019-09-06 01:43:07,928 [main] INFO  impl.MetricsSystemImpl (MetricsSystemImpl.java:init(158)) - HddsDatanode metrics system started (again)
2019-09-06 01:43:07,931 [org.apache.hadoop.util.JvmPauseMonitor$Monitor@3c7f29ff] INFO  util.JvmPauseMonitor (JvmPauseMonitor.java:run(188)) - Starting JVM pause monitor
2019-09-06 01:43:07,932 [main] INFO  ozone.HddsDatanodeService (HddsDatanodeService.java:start(184)) - HddsDatanodeService host:pr-hdds-2015-4zh84-2711163145 ip:192.168.5.177
2019-09-06 01:43:07,933 [Datanode State Machine Thread - 0] INFO  datanode.InitDatanodeState (InitDatanodeState.java:persistContainerDatanodeDetails(140)) - DatanodeDetails is persisted to /workdir/hadoop-ozone/integration-test/target/test-dir/MiniOzoneClusterImpl-f5177410-c437-49cc-94ad-c893ee7f2150/datanode-4/meta/datanode.id
2019-09-06 01:43:07,938 [main] INFO  volume.HddsVolume (HddsVolume.java:<init>(176)) - Creating Volume: /workdir/hadoop-ozone/integration-test/target/test-dir/MiniOzoneClusterImpl-f5177410-c437-49cc-94ad-c893ee7f2150/datanode-5/data/containers/hdds of  storage type : DISK and capacity : 1482555576320
2019-09-06 01:43:07,938 [main] INFO  volume.VolumeSet (VolumeSet.java:initializeVolumeSet(170)) - Added Volume : /workdir/hadoop-ozone/integration-test/target/test-dir/MiniOzoneClusterImpl-f5177410-c437-49cc-94ad-c893ee7f2150/datanode-5/data/containers/hdds to VolumeSet
2019-09-06 01:43:07,938 [main] INFO  volume.ThrottledAsyncChecker (ThrottledAsyncChecker.java:schedule(140)) - Scheduling a check for org.apache.hadoop.ozone.container.common.volume.HddsVolume@16b76858
2019-09-06 01:43:07,938 [main] INFO  volume.HddsVolumeChecker (HddsVolumeChecker.java:checkAllVolumes(203)) - Scheduled health check for volume org.apache.hadoop.ozone.container.common.volume.HddsVolume@16b76858
2019-09-06 01:43:07,951 [main] INFO  impl.RaftServerProxy (ConfUtils.java:logGet(43)) - raft.rpc.type = GRPC (default)
2019-09-06 01:43:07,952 [main] INFO  grpc.GrpcFactory (GrpcFactory.java:checkPooledByteBufAllocatorUseCacheForAllThreads(45)) - PERFORMANCE WARNING: useCacheForAllThreads is true that may cause Netty to create a lot garbage objects and, as a result, trigger GC.
	It is recommended to disable useCacheForAllThreads by setting -Dorg.apache.ratis.thirdparty.io.netty.allocator.useCacheForAllThreads=false in command line.
2019-09-06 01:43:07,952 [main] INFO  grpc.GrpcConfigKeys$Server (ConfUtils.java:logGet(43)) - raft.grpc.server.port = 0 (default)
2019-09-06 01:43:07,952 [main] INFO  server.GrpcService (ConfUtils.java:logGet(43)) - raft.grpc.message.size.max = 33570816 (custom)
2019-09-06 01:43:07,952 [main] INFO  server.RaftServerConfigKeys (ConfUtils.java:logGet(43)) - raft.server.log.appender.buffer.byte-limit = 33554432 (custom)
2019-09-06 01:43:07,952 [main] INFO  server.GrpcService (ConfUtils.java:logGet(43)) - raft.grpc.flow.control.window = 1MB (=1048576) (default)
2019-09-06 01:43:07,952 [main] INFO  server.RaftServerConfigKeys (ConfUtils.java:logGet(43)) - raft.server.rpc.request.timeout = 3000ms (default)
2019-09-06 01:43:07,953 [main] INFO  server.RaftServerConfigKeys (ConfUtils.java:logGet(43)) - raft.server.storage.dir = [/workdir/hadoop-ozone/integration-test/target/test-dir/MiniOzoneClusterImpl-f5177410-c437-49cc-94ad-c893ee7f2150/datanode-5/data/ratis] (custom)
2019-09-06 01:43:07,954 [main] INFO  hdfs.DFSUtil (DFSUtil.java:httpServerTemplateForNNAndJN(1641)) - Starting Web-server for hddsDatanode at: http://0.0.0.0:0
2019-09-06 01:43:07,955 [main] INFO  server.AuthenticationFilter (AuthenticationFilter.java:constructSecretProvider(240)) - Unable to initialize FileSignerSecretProvider, falling back to use random secrets.
2019-09-06 01:43:07,955 [main] WARN  http.HttpRequestLog (HttpRequestLog.java:getRequestLog(97)) - Jetty request log can only be enabled using Log4j
2019-09-06 01:43:07,956 [main] INFO  http.HttpServer2 (HttpServer2.java:addGlobalFilter(975)) - Added global filter 'safety' (class=org.apache.hadoop.http.HttpServer2$QuotingInputFilter)
2019-09-06 01:43:07,957 [main] INFO  http.HttpServer2 (HttpServer2.java:addFilter(948)) - Added filter static_user_filter (class=org.apache.hadoop.http.lib.StaticUserWebFilter$StaticUserFilter) to context hddsDatanode
2019-09-06 01:43:07,957 [main] INFO  http.HttpServer2 (HttpServer2.java:addFilter(958)) - Added filter static_user_filter (class=org.apache.hadoop.http.lib.StaticUserWebFilter$StaticUserFilter) to context logs
2019-09-06 01:43:07,957 [main] INFO  http.HttpServer2 (HttpServer2.java:addFilter(958)) - Added filter static_user_filter (class=org.apache.hadoop.http.lib.StaticUserWebFilter$StaticUserFilter) to context static
2019-09-06 01:43:07,957 [main] INFO  http.HttpServer2 (HttpServer2.java:bindListener(1191)) - Jetty bound to port 39894
2019-09-06 01:43:07,958 [main] INFO  server.Server (Server.java:doStart(351)) - jetty-9.3.24.v20180605, build timestamp: 2018-06-05T17:11:56Z, git hash: 84205aa28f11a4f31f2a3b86d1bba2cc8ab69827
2019-09-06 01:43:07,959 [main] INFO  handler.ContextHandler (ContextHandler.java:doStart(781)) - Started o.e.j.s.ServletContextHandler@145e958f{/logs,file:///workdir/hadoop-ozone/integration-test/target/log,AVAILABLE}
2019-09-06 01:43:07,959 [main] INFO  handler.ContextHandler (ContextHandler.java:doStart(781)) - Started o.e.j.s.ServletContextHandler@7bbdb220{/static,jar:file:/home/user/.m2/repository/org/apache/hadoop/hadoop-hdds-container-service/0.5.0-SNAPSHOT/hadoop-hdds-container-service-0.5.0-SNAPSHOT.jar!/webapps/static,AVAILABLE}
2019-09-06 01:43:07,986 [main] INFO  handler.ContextHandler (ContextHandler.java:doStart(781)) - Started o.e.j.w.WebAppContext@1fee4278{/,file:///tmp/jetty-0.0.0.0-39894-hddsDatanode-_-any-3609814546977206243.dir/webapp/,AVAILABLE}{/hddsDatanode}
2019-09-06 01:43:07,987 [main] INFO  server.AbstractConnector (AbstractConnector.java:doStart(278)) - Started ServerConnector@51132514{HTTP/1.1,[http/1.1]}{0.0.0.0:39894}
2019-09-06 01:43:07,988 [main] INFO  server.Server (Server.java:doStart(419)) - Started @650406ms
2019-09-06 01:43:07,988 [main] WARN  impl.MetricsSystemImpl (MetricsSystemImpl.java:register(276)) - Sink prometheus already exists!
2019-09-06 01:43:07,989 [main] INFO  server.BaseHttpServer (BaseHttpServer.java:updateConnectorAddress(215)) - HTTP server of HDDSDATANODE is listening at http://0.0.0.0:39894
2019-09-06 01:43:07,989 [main] INFO  impl.MetricsSystemImpl (MetricsSystemImpl.java:init(158)) - HddsDatanode metrics system started (again)
2019-09-06 01:43:07,992 [org.apache.hadoop.util.JvmPauseMonitor$Monitor@231d5792] INFO  util.JvmPauseMonitor (JvmPauseMonitor.java:run(188)) - Starting JVM pause monitor
2019-09-06 01:43:07,993 [main] INFO  ozone.HddsDatanodeService (HddsDatanodeService.java:start(184)) - HddsDatanodeService host:pr-hdds-2015-4zh84-2711163145 ip:192.168.5.177
2019-09-06 01:43:07,993 [Datanode State Machine Thread - 0] INFO  datanode.InitDatanodeState (InitDatanodeState.java:persistContainerDatanodeDetails(140)) - DatanodeDetails is persisted to /workdir/hadoop-ozone/integration-test/target/test-dir/MiniOzoneClusterImpl-f5177410-c437-49cc-94ad-c893ee7f2150/datanode-5/meta/datanode.id
2019-09-06 01:43:07,998 [main] INFO  volume.HddsVolume (HddsVolume.java:<init>(176)) - Creating Volume: /workdir/hadoop-ozone/integration-test/target/test-dir/MiniOzoneClusterImpl-f5177410-c437-49cc-94ad-c893ee7f2150/datanode-6/data/containers/hdds of  storage type : DISK and capacity : 1482555576320
2019-09-06 01:43:07,998 [main] INFO  volume.VolumeSet (VolumeSet.java:initializeVolumeSet(170)) - Added Volume : /workdir/hadoop-ozone/integration-test/target/test-dir/MiniOzoneClusterImpl-f5177410-c437-49cc-94ad-c893ee7f2150/datanode-6/data/containers/hdds to VolumeSet
2019-09-06 01:43:07,998 [main] INFO  volume.ThrottledAsyncChecker (ThrottledAsyncChecker.java:schedule(140)) - Scheduling a check for org.apache.hadoop.ozone.container.common.volume.HddsVolume@7adae08e
2019-09-06 01:43:07,999 [main] INFO  volume.HddsVolumeChecker (HddsVolumeChecker.java:checkAllVolumes(203)) - Scheduled health check for volume org.apache.hadoop.ozone.container.common.volume.HddsVolume@7adae08e
2019-09-06 01:43:08,011 [main] INFO  impl.RaftServerProxy (ConfUtils.java:logGet(43)) - raft.rpc.type = GRPC (default)
2019-09-06 01:43:08,011 [main] INFO  grpc.GrpcFactory (GrpcFactory.java:checkPooledByteBufAllocatorUseCacheForAllThreads(45)) - PERFORMANCE WARNING: useCacheForAllThreads is true that may cause Netty to create a lot garbage objects and, as a result, trigger GC.
	It is recommended to disable useCacheForAllThreads by setting -Dorg.apache.ratis.thirdparty.io.netty.allocator.useCacheForAllThreads=false in command line.
2019-09-06 01:43:08,011 [main] INFO  grpc.GrpcConfigKeys$Server (ConfUtils.java:logGet(43)) - raft.grpc.server.port = 0 (default)
2019-09-06 01:43:08,012 [main] INFO  server.GrpcService (ConfUtils.java:logGet(43)) - raft.grpc.message.size.max = 33570816 (custom)
2019-09-06 01:43:08,012 [main] INFO  server.RaftServerConfigKeys (ConfUtils.java:logGet(43)) - raft.server.log.appender.buffer.byte-limit = 33554432 (custom)
2019-09-06 01:43:08,012 [main] INFO  server.GrpcService (ConfUtils.java:logGet(43)) - raft.grpc.flow.control.window = 1MB (=1048576) (default)
2019-09-06 01:43:08,012 [main] INFO  server.RaftServerConfigKeys (ConfUtils.java:logGet(43)) - raft.server.rpc.request.timeout = 3000ms (default)
2019-09-06 01:43:08,012 [main] INFO  server.RaftServerConfigKeys (ConfUtils.java:logGet(43)) - raft.server.storage.dir = [/workdir/hadoop-ozone/integration-test/target/test-dir/MiniOzoneClusterImpl-f5177410-c437-49cc-94ad-c893ee7f2150/datanode-6/data/ratis] (custom)
2019-09-06 01:43:08,013 [main] INFO  hdfs.DFSUtil (DFSUtil.java:httpServerTemplateForNNAndJN(1641)) - Starting Web-server for hddsDatanode at: http://0.0.0.0:0
2019-09-06 01:43:08,014 [main] INFO  server.AuthenticationFilter (AuthenticationFilter.java:constructSecretProvider(240)) - Unable to initialize FileSignerSecretProvider, falling back to use random secrets.
2019-09-06 01:43:08,015 [main] WARN  http.HttpRequestLog (HttpRequestLog.java:getRequestLog(97)) - Jetty request log can only be enabled using Log4j
2019-09-06 01:43:08,016 [main] INFO  http.HttpServer2 (HttpServer2.java:addGlobalFilter(975)) - Added global filter 'safety' (class=org.apache.hadoop.http.HttpServer2$QuotingInputFilter)
2019-09-06 01:43:08,016 [main] INFO  http.HttpServer2 (HttpServer2.java:addFilter(948)) - Added filter static_user_filter (class=org.apache.hadoop.http.lib.StaticUserWebFilter$StaticUserFilter) to context hddsDatanode
2019-09-06 01:43:08,016 [main] INFO  http.HttpServer2 (HttpServer2.java:addFilter(958)) - Added filter static_user_filter (class=org.apache.hadoop.http.lib.StaticUserWebFilter$StaticUserFilter) to context logs
2019-09-06 01:43:08,016 [main] INFO  http.HttpServer2 (HttpServer2.java:addFilter(958)) - Added filter static_user_filter (class=org.apache.hadoop.http.lib.StaticUserWebFilter$StaticUserFilter) to context static
2019-09-06 01:43:08,017 [main] INFO  http.HttpServer2 (HttpServer2.java:bindListener(1191)) - Jetty bound to port 38686
2019-09-06 01:43:08,017 [main] INFO  server.Server (Server.java:doStart(351)) - jetty-9.3.24.v20180605, build timestamp: 2018-06-05T17:11:56Z, git hash: 84205aa28f11a4f31f2a3b86d1bba2cc8ab69827
2019-09-06 01:43:08,018 [main] INFO  handler.ContextHandler (ContextHandler.java:doStart(781)) - Started o.e.j.s.ServletContextHandler@1573e8a5{/logs,file:///workdir/hadoop-ozone/integration-test/target/log,AVAILABLE}
2019-09-06 01:43:08,018 [main] INFO  handler.ContextHandler (ContextHandler.java:doStart(781)) - Started o.e.j.s.ServletContextHandler@69f9b561{/static,jar:file:/home/user/.m2/repository/org/apache/hadoop/hadoop-hdds-container-service/0.5.0-SNAPSHOT/hadoop-hdds-container-service-0.5.0-SNAPSHOT.jar!/webapps/static,AVAILABLE}
2019-09-06 01:43:08,044 [main] INFO  handler.ContextHandler (ContextHandler.java:doStart(781)) - Started o.e.j.w.WebAppContext@7df4709e{/,file:///tmp/jetty-0.0.0.0-38686-hddsDatanode-_-any-5638856756284521499.dir/webapp/,AVAILABLE}{/hddsDatanode}
2019-09-06 01:43:08,045 [main] INFO  server.AbstractConnector (AbstractConnector.java:doStart(278)) - Started ServerConnector@2bfa17b0{HTTP/1.1,[http/1.1]}{0.0.0.0:38686}
2019-09-06 01:43:08,046 [main] INFO  server.Server (Server.java:doStart(419)) - Started @650464ms
2019-09-06 01:43:08,046 [main] WARN  impl.MetricsSystemImpl (MetricsSystemImpl.java:register(276)) - Sink prometheus already exists!
2019-09-06 01:43:08,047 [main] INFO  server.BaseHttpServer (BaseHttpServer.java:updateConnectorAddress(215)) - HTTP server of HDDSDATANODE is listening at http://0.0.0.0:38686
2019-09-06 01:43:08,047 [main] INFO  ozone.MiniOzoneClusterImpl (MiniOzoneClusterImpl.java:lambda$waitForClusterToBeReady$0(140)) - Waiting for cluster to be ready. Got 0 of 7 DN Heartbeats.
2019-09-06 01:43:08,048 [org.apache.hadoop.util.JvmPauseMonitor$Monitor@f97a1] INFO  util.JvmPauseMonitor (JvmPauseMonitor.java:run(188)) - Starting JVM pause monitor
2019-09-06 01:43:08,049 [Datanode State Machine Thread - 0] INFO  datanode.InitDatanodeState (InitDatanodeState.java:persistContainerDatanodeDetails(140)) - DatanodeDetails is persisted to /workdir/hadoop-ozone/integration-test/target/test-dir/MiniOzoneClusterImpl-f5177410-c437-49cc-94ad-c893ee7f2150/datanode-6/meta/datanode.id
2019-09-06 01:43:09,047 [main] INFO  ozone.MiniOzoneClusterImpl (MiniOzoneClusterImpl.java:lambda$waitForClusterToBeReady$0(140)) - Waiting for cluster to be ready. Got 0 of 7 DN Heartbeats.
2019-09-06 01:43:09,693 [Datanode State Machine Thread - 0] INFO  ozoneimpl.OzoneContainer (OzoneContainer.java:start(201)) - Attempting to start container services.
2019-09-06 01:43:09,693 [Datanode State Machine Thread - 0] INFO  ozoneimpl.OzoneContainer (OzoneContainer.java:startContainerScrub(175)) - Background container scrubber has been disabled by hdds.containerscrub.enabled
2019-09-06 01:43:09,693 [Datanode State Machine Thread - 0] INFO  ratis.XceiverServerRatis (XceiverServerRatis.java:start(393)) - Starting XceiverServerRatis bf2a8532-1220-4200-b318-fb6b90eae166 at port 0
2019-09-06 01:43:09,699 [Datanode State Machine Thread - 0] INFO  impl.RaftServerProxy (RaftServerProxy.java:lambda$start$3(299)) - bf2a8532-1220-4200-b318-fb6b90eae166: start RPC server
2019-09-06 01:43:09,701 [Datanode State Machine Thread - 0] INFO  server.GrpcService (GrpcService.java:startImpl(149)) - bf2a8532-1220-4200-b318-fb6b90eae166: GrpcService started, listening on 0.0.0.0/0.0.0.0:38152
2019-09-06 01:43:09,701 [Datanode State Machine Thread - 0] INFO  ratis.XceiverServerRatis (XceiverServerRatis.java:start(403)) - XceiverServerRatis bf2a8532-1220-4200-b318-fb6b90eae166 is started using port 38152
2019-09-06 01:43:09,702 [Datanode State Machine Thread - 0] INFO  server.XceiverServerGrpc (XceiverServerGrpc.java:start(163)) - XceiverServerGrpc bf2a8532-1220-4200-b318-fb6b90eae166 is started using port 35318
2019-09-06 01:43:09,744 [Datanode State Machine Thread - 0] INFO  ozoneimpl.OzoneContainer (OzoneContainer.java:start(201)) - Attempting to start container services.
2019-09-06 01:43:09,744 [Datanode State Machine Thread - 0] INFO  ozoneimpl.OzoneContainer (OzoneContainer.java:startContainerScrub(175)) - Background container scrubber has been disabled by hdds.containerscrub.enabled
2019-09-06 01:43:09,744 [Datanode State Machine Thread - 0] INFO  ratis.XceiverServerRatis (XceiverServerRatis.java:start(393)) - Starting XceiverServerRatis c64458b9-89a2-4fbd-af34-0ccef2a3bd5d at port 0
2019-09-06 01:43:09,750 [Datanode State Machine Thread - 0] INFO  impl.RaftServerProxy (RaftServerProxy.java:lambda$start$3(299)) - c64458b9-89a2-4fbd-af34-0ccef2a3bd5d: start RPC server
2019-09-06 01:43:09,752 [Datanode State Machine Thread - 0] INFO  server.GrpcService (GrpcService.java:startImpl(149)) - c64458b9-89a2-4fbd-af34-0ccef2a3bd5d: GrpcService started, listening on 0.0.0.0/0.0.0.0:38162
2019-09-06 01:43:09,752 [Datanode State Machine Thread - 0] INFO  ratis.XceiverServerRatis (XceiverServerRatis.java:start(403)) - XceiverServerRatis c64458b9-89a2-4fbd-af34-0ccef2a3bd5d is started using port 38162
2019-09-06 01:43:09,753 [Datanode State Machine Thread - 0] INFO  server.XceiverServerGrpc (XceiverServerGrpc.java:start(163)) - XceiverServerGrpc c64458b9-89a2-4fbd-af34-0ccef2a3bd5d is started using port 39904
2019-09-06 01:43:09,811 [Datanode State Machine Thread - 0] INFO  ozoneimpl.OzoneContainer (OzoneContainer.java:start(201)) - Attempting to start container services.
2019-09-06 01:43:09,811 [Datanode State Machine Thread - 0] INFO  ozoneimpl.OzoneContainer (OzoneContainer.java:startContainerScrub(175)) - Background container scrubber has been disabled by hdds.containerscrub.enabled
2019-09-06 01:43:09,812 [Datanode State Machine Thread - 0] INFO  ratis.XceiverServerRatis (XceiverServerRatis.java:start(393)) - Starting XceiverServerRatis 8cc74702-0d34-49ac-87f2-6e0857dea810 at port 0
2019-09-06 01:43:09,820 [Datanode State Machine Thread - 0] INFO  impl.RaftServerProxy (RaftServerProxy.java:lambda$start$3(299)) - 8cc74702-0d34-49ac-87f2-6e0857dea810: start RPC server
2019-09-06 01:43:09,827 [Datanode State Machine Thread - 0] INFO  server.GrpcService (GrpcService.java:startImpl(149)) - 8cc74702-0d34-49ac-87f2-6e0857dea810: GrpcService started, listening on 0.0.0.0/0.0.0.0:40365
2019-09-06 01:43:09,827 [Datanode State Machine Thread - 0] INFO  ratis.XceiverServerRatis (XceiverServerRatis.java:start(403)) - XceiverServerRatis 8cc74702-0d34-49ac-87f2-6e0857dea810 is started using port 40365
2019-09-06 01:43:09,828 [Datanode State Machine Thread - 0] INFO  server.XceiverServerGrpc (XceiverServerGrpc.java:start(163)) - XceiverServerGrpc 8cc74702-0d34-49ac-87f2-6e0857dea810 is started using port 34808
2019-09-06 01:43:09,895 [Datanode State Machine Thread - 0] INFO  ozoneimpl.OzoneContainer (OzoneContainer.java:start(201)) - Attempting to start container services.
2019-09-06 01:43:09,895 [Datanode State Machine Thread - 0] INFO  ozoneimpl.OzoneContainer (OzoneContainer.java:startContainerScrub(175)) - Background container scrubber has been disabled by hdds.containerscrub.enabled
2019-09-06 01:43:09,895 [Datanode State Machine Thread - 0] INFO  ratis.XceiverServerRatis (XceiverServerRatis.java:start(393)) - Starting XceiverServerRatis aa424548-ca22-474d-89f9-384a5c0f40e5 at port 0
2019-09-06 01:43:09,902 [Datanode State Machine Thread - 0] INFO  impl.RaftServerProxy (RaftServerProxy.java:lambda$start$3(299)) - aa424548-ca22-474d-89f9-384a5c0f40e5: start RPC server
2019-09-06 01:43:09,902 [Datanode State Machine Thread - 0] INFO  server.GrpcService (GrpcService.java:startImpl(149)) - aa424548-ca22-474d-89f9-384a5c0f40e5: GrpcService started, listening on 0.0.0.0/0.0.0.0:41858
2019-09-06 01:43:09,903 [Datanode State Machine Thread - 0] INFO  ratis.XceiverServerRatis (XceiverServerRatis.java:start(403)) - XceiverServerRatis aa424548-ca22-474d-89f9-384a5c0f40e5 is started using port 41858
2019-09-06 01:43:09,903 [Datanode State Machine Thread - 0] INFO  server.XceiverServerGrpc (XceiverServerGrpc.java:start(163)) - XceiverServerGrpc aa424548-ca22-474d-89f9-384a5c0f40e5 is started using port 41399
2019-09-06 01:43:09,954 [Datanode State Machine Thread - 0] INFO  ozoneimpl.OzoneContainer (OzoneContainer.java:start(201)) - Attempting to start container services.
2019-09-06 01:43:09,954 [Datanode State Machine Thread - 0] INFO  ozoneimpl.OzoneContainer (OzoneContainer.java:startContainerScrub(175)) - Background container scrubber has been disabled by hdds.containerscrub.enabled
2019-09-06 01:43:09,954 [Datanode State Machine Thread - 0] INFO  ratis.XceiverServerRatis (XceiverServerRatis.java:start(393)) - Starting XceiverServerRatis f24ac80a-b898-4d83-9695-dde1061d4e3d at port 0
2019-09-06 01:43:09,958 [Datanode State Machine Thread - 0] INFO  impl.RaftServerProxy (RaftServerProxy.java:lambda$start$3(299)) - f24ac80a-b898-4d83-9695-dde1061d4e3d: start RPC server
2019-09-06 01:43:09,959 [Datanode State Machine Thread - 0] INFO  server.GrpcService (GrpcService.java:startImpl(149)) - f24ac80a-b898-4d83-9695-dde1061d4e3d: GrpcService started, listening on 0.0.0.0/0.0.0.0:41653
2019-09-06 01:43:09,959 [Datanode State Machine Thread - 0] INFO  ratis.XceiverServerRatis (XceiverServerRatis.java:start(403)) - XceiverServerRatis f24ac80a-b898-4d83-9695-dde1061d4e3d is started using port 41653
2019-09-06 01:43:09,959 [Datanode State Machine Thread - 0] INFO  server.XceiverServerGrpc (XceiverServerGrpc.java:start(163)) - XceiverServerGrpc f24ac80a-b898-4d83-9695-dde1061d4e3d is started using port 45300
2019-09-06 01:43:10,012 [Datanode State Machine Thread - 0] INFO  ozoneimpl.OzoneContainer (OzoneContainer.java:start(201)) - Attempting to start container services.
2019-09-06 01:43:10,012 [Datanode State Machine Thread - 0] INFO  ozoneimpl.OzoneContainer (OzoneContainer.java:startContainerScrub(175)) - Background container scrubber has been disabled by hdds.containerscrub.enabled
2019-09-06 01:43:10,013 [Datanode State Machine Thread - 0] INFO  ratis.XceiverServerRatis (XceiverServerRatis.java:start(393)) - Starting XceiverServerRatis a535f1e5-8f96-4de4-9301-2678fc073a36 at port 0
2019-09-06 01:43:10,018 [Datanode State Machine Thread - 0] INFO  impl.RaftServerProxy (RaftServerProxy.java:lambda$start$3(299)) - a535f1e5-8f96-4de4-9301-2678fc073a36: start RPC server
2019-09-06 01:43:10,018 [Datanode State Machine Thread - 0] INFO  server.GrpcService (GrpcService.java:startImpl(149)) - a535f1e5-8f96-4de4-9301-2678fc073a36: GrpcService started, listening on 0.0.0.0/0.0.0.0:33796
2019-09-06 01:43:10,019 [Datanode State Machine Thread - 0] INFO  ratis.XceiverServerRatis (XceiverServerRatis.java:start(403)) - XceiverServerRatis a535f1e5-8f96-4de4-9301-2678fc073a36 is started using port 33796
2019-09-06 01:43:10,019 [Datanode State Machine Thread - 0] INFO  server.XceiverServerGrpc (XceiverServerGrpc.java:start(163)) - XceiverServerGrpc a535f1e5-8f96-4de4-9301-2678fc073a36 is started using port 44645
2019-09-06 01:43:10,048 [main] INFO  ozone.MiniOzoneClusterImpl (MiniOzoneClusterImpl.java:lambda$waitForClusterToBeReady$0(140)) - Waiting for cluster to be ready. Got 0 of 7 DN Heartbeats.
2019-09-06 01:43:10,071 [Datanode State Machine Thread - 0] INFO  ozoneimpl.OzoneContainer (OzoneContainer.java:start(201)) - Attempting to start container services.
2019-09-06 01:43:10,071 [Datanode State Machine Thread - 0] INFO  ozoneimpl.OzoneContainer (OzoneContainer.java:startContainerScrub(175)) - Background container scrubber has been disabled by hdds.containerscrub.enabled
2019-09-06 01:43:10,071 [Datanode State Machine Thread - 0] INFO  ratis.XceiverServerRatis (XceiverServerRatis.java:start(393)) - Starting XceiverServerRatis adee5101-b96d-47d7-a476-4abea9874438 at port 0
2019-09-06 01:43:10,076 [Datanode State Machine Thread - 0] INFO  impl.RaftServerProxy (RaftServerProxy.java:lambda$start$3(299)) - adee5101-b96d-47d7-a476-4abea9874438: start RPC server
2019-09-06 01:43:10,079 [Datanode State Machine Thread - 0] INFO  server.GrpcService (GrpcService.java:startImpl(149)) - adee5101-b96d-47d7-a476-4abea9874438: GrpcService started, listening on 0.0.0.0/0.0.0.0:46866
2019-09-06 01:43:10,079 [Datanode State Machine Thread - 0] INFO  ratis.XceiverServerRatis (XceiverServerRatis.java:start(403)) - XceiverServerRatis adee5101-b96d-47d7-a476-4abea9874438 is started using port 46866
2019-09-06 01:43:10,079 [Datanode State Machine Thread - 0] INFO  server.XceiverServerGrpc (XceiverServerGrpc.java:start(163)) - XceiverServerGrpc adee5101-b96d-47d7-a476-4abea9874438 is started using port 39352
2019-09-06 01:43:11,048 [main] INFO  ozone.MiniOzoneClusterImpl (MiniOzoneClusterImpl.java:lambda$waitForClusterToBeReady$0(140)) - Waiting for cluster to be ready. Got 0 of 7 DN Heartbeats.
2019-09-06 01:43:11,660 [IPC Server handler 5 on 32905] INFO  net.NetworkTopology (NetworkTopologyImpl.java:add(110)) - Added a new node: /default-rack/bf2a8532-1220-4200-b318-fb6b90eae166
2019-09-06 01:43:11,663 [IPC Server handler 5 on 32905] INFO  node.SCMNodeManager (SCMNodeManager.java:register(266)) - Registered Data node : bf2a8532-1220-4200-b318-fb6b90eae166{ip: 192.168.5.177, host: pr-hdds-2015-4zh84-2711163145, networkLocation: /default-rack, certSerialId: null}
2019-09-06 01:43:11,664 [EventQueue-NodeRegistrationContainerReportForDataNodeSafeModeRule] INFO  safemode.SCMSafeModeManager (DataNodeSafeModeRule.java:process(71)) - SCM in safe mode. 1 DataNodes registered, 1 required.
2019-09-06 01:43:11,666 [EventQueue-NodeRegistrationContainerReportForDataNodeSafeModeRule] INFO  safemode.SCMSafeModeManager (SCMSafeModeManager.java:validateSafeModeExitRules(177)) - ScmSafeModeManager, all rules are successfully validated
2019-09-06 01:43:11,666 [EventQueue-NodeRegistrationContainerReportForDataNodeSafeModeRule] INFO  safemode.SCMSafeModeManager (SCMSafeModeManager.java:exitSafeMode(193)) - SCM exiting safe mode.
2019-09-06 01:43:11,708 [grpc-default-executor-2] INFO  impl.RaftServerProxy (RaftServerProxy.java:addNew(89)) - bf2a8532-1220-4200-b318-fb6b90eae166: addNew group-AD32DCA59E30:[bf2a8532-1220-4200-b318-fb6b90eae166:192.168.5.177:38152] returns group-AD32DCA59E30:java.util.concurrent.CompletableFuture@f4ea53c[Not completed]
2019-09-06 01:43:11,709 [pool-680-thread-1] INFO  impl.RaftServerImpl (RaftServerImpl.java:<init>(93)) - bf2a8532-1220-4200-b318-fb6b90eae166: new RaftServerImpl for group-AD32DCA59E30:[bf2a8532-1220-4200-b318-fb6b90eae166:192.168.5.177:38152] with ContainerStateMachine:uninitialized
2019-09-06 01:43:11,709 [pool-680-thread-1] INFO  server.RaftServerConfigKeys (ConfUtils.java:logGet(43)) - raft.server.rpc.timeout.min = 5s (custom)
2019-09-06 01:43:11,709 [pool-680-thread-1] INFO  server.RaftServerConfigKeys (ConfUtils.java:logGet(43)) - raft.server.rpc.timeout.max = 5200ms (custom)
2019-09-06 01:43:11,709 [pool-680-thread-1] INFO  server.RaftServerConfigKeys (ConfUtils.java:logGet(43)) - raft.server.rpcslowness.timeout = 120s (custom)
2019-09-06 01:43:11,709 [pool-680-thread-1] INFO  server.RaftServerConfigKeys (ConfUtils.java:logGet(43)) - raft.server.sleep.deviation.threshold = 300 (default)
2019-09-06 01:43:11,709 [pool-680-thread-1] INFO  server.RaftServerConfigKeys (ConfUtils.java:logGet(43)) - raft.server.log.appender.install.snapshot.enabled = false (custom)
2019-09-06 01:43:11,710 [pool-680-thread-1] INFO  impl.RaftServerImpl (ServerState.java:<init>(105)) - bf2a8532-1220-4200-b318-fb6b90eae166:group-AD32DCA59E30 ConfigurationManager, init=-1: [bf2a8532-1220-4200-b318-fb6b90eae166:192.168.5.177:38152], old=null, confs=<EMPTY_MAP>
2019-09-06 01:43:11,710 [pool-680-thread-1] INFO  server.RaftServerConfigKeys (ConfUtils.java:logGet(43)) - raft.server.storage.dir = [/workdir/hadoop-ozone/integration-test/target/test-dir/MiniOzoneClusterImpl-f5177410-c437-49cc-94ad-c893ee7f2150/datanode-0/data/ratis] (custom)
2019-09-06 01:43:11,710 [pool-680-thread-1] INFO  storage.RaftStorageDirectory (RaftStorageDirectory.java:analyzeStorage(246)) - The storage directory /workdir/hadoop-ozone/integration-test/target/test-dir/MiniOzoneClusterImpl-f5177410-c437-49cc-94ad-c893ee7f2150/datanode-0/data/ratis/9cf40b2d-ae7f-4947-b6b2-ad32dca59e30 does not exist. Creating ...
2019-09-06 01:43:11,727 [pool-680-thread-1] INFO  storage.RaftStorageDirectory (RaftStorageDirectory.java:tryLock(328)) - Lock on /workdir/hadoop-ozone/integration-test/target/test-dir/MiniOzoneClusterImpl-f5177410-c437-49cc-94ad-c893ee7f2150/datanode-0/data/ratis/9cf40b2d-ae7f-4947-b6b2-ad32dca59e30/in_use.lock acquired by nodename 29060@pr-hdds-2015-4zh84-2711163145
2019-09-06 01:43:11,727 [IPC Server handler 6 on 32905] INFO  net.NetworkTopology (NetworkTopologyImpl.java:add(110)) - Added a new node: /default-rack/c64458b9-89a2-4fbd-af34-0ccef2a3bd5d
2019-09-06 01:43:11,728 [IPC Server handler 6 on 32905] INFO  node.SCMNodeManager (SCMNodeManager.java:register(266)) - Registered Data node : c64458b9-89a2-4fbd-af34-0ccef2a3bd5d{ip: 192.168.5.177, host: pr-hdds-2015-4zh84-2711163145, networkLocation: /default-rack, certSerialId: null}
2019-09-06 01:43:11,741 [pool-680-thread-1] INFO  storage.RaftStorage (RaftStorage.java:format(72)) - Storage directory /workdir/hadoop-ozone/integration-test/target/test-dir/MiniOzoneClusterImpl-f5177410-c437-49cc-94ad-c893ee7f2150/datanode-0/data/ratis/9cf40b2d-ae7f-4947-b6b2-ad32dca59e30 has been successfully formatted.
2019-09-06 01:43:11,741 [pool-680-thread-1] INFO  ratis.ContainerStateMachine (ContainerStateMachine.java:loadSnapshot(227)) - group-AD32DCA59E30: The snapshot info is null. Setting the last applied indexto:(t:0, i:~)
2019-09-06 01:43:11,741 [pool-680-thread-1] INFO  server.RaftServerConfigKeys (ConfUtils.java:logGet(43)) - raft.server.leader.election.timeout = 120s (custom)
2019-09-06 01:43:11,741 [pool-680-thread-1] INFO  server.RaftServerConfigKeys (ConfUtils.java:logGet(43)) - raft.server.log.use.memory = false (default)
2019-09-06 01:43:11,741 [pool-680-thread-1] INFO  server.RaftServerConfigKeys (ConfUtils.java:logGet(43)) - raft.server.log.purge.gap = 1000000 (custom)
2019-09-06 01:43:11,741 [pool-680-thread-1] INFO  server.RaftServerConfigKeys (ConfUtils.java:logGet(43)) - raft.server.log.appender.buffer.byte-limit = 33554432 (custom)
2019-09-06 01:43:11,742 [pool-680-thread-1] INFO  server.RaftServerConfigKeys (ConfUtils.java:logGet(43)) - raft.server.log.segment.size.max = 1048576 (custom)
2019-09-06 01:43:11,742 [pool-680-thread-1] INFO  server.RaftServerConfigKeys (ConfUtils.java:logGet(43)) - raft.server.log.segment.cache.num.max = 2 (custom)
2019-09-06 01:43:11,742 [pool-680-thread-1] INFO  segmented.SegmentedRaftLogWorker (SegmentedRaftLogWorker.java:<init>(172)) - new bf2a8532-1220-4200-b318-fb6b90eae166-SegmentedRaftLogWorker:Storage Directory /workdir/hadoop-ozone/integration-test/target/test-dir/MiniOzoneClusterImpl-f5177410-c437-49cc-94ad-c893ee7f2150/datanode-0/data/ratis/9cf40b2d-ae7f-4947-b6b2-ad32dca59e30 for RaftStorage:Storage Directory /workdir/hadoop-ozone/integration-test/target/test-dir/MiniOzoneClusterImpl-f5177410-c437-49cc-94ad-c893ee7f2150/datanode-0/data/ratis/9cf40b2d-ae7f-4947-b6b2-ad32dca59e30
2019-09-06 01:43:11,742 [pool-680-thread-1] INFO  server.RaftServerConfigKeys (ConfUtils.java:logGet(43)) - raft.server.log.queue.byte-limit = 2147483647 (custom)
2019-09-06 01:43:11,742 [pool-680-thread-1] INFO  server.RaftServerConfigKeys (ConfUtils.java:logGet(43)) - raft.server.log.queue.element-limit = 1024 (custom)
2019-09-06 01:43:11,742 [pool-680-thread-1] INFO  server.RaftServerConfigKeys (ConfUtils.java:logGet(43)) - raft.server.log.segment.size.max = 1048576 (custom)
2019-09-06 01:43:11,742 [pool-680-thread-1] INFO  server.RaftServerConfigKeys (ConfUtils.java:logGet(43)) - raft.server.log.preallocated.size = 16384 (custom)
2019-09-06 01:43:11,742 [pool-680-thread-1] INFO  server.RaftServerConfigKeys (ConfUtils.java:logGet(43)) - raft.server.log.write.buffer.size = 33554432 (custom)
2019-09-06 01:43:11,743 [pool-680-thread-1] INFO  server.RaftServerConfigKeys (ConfUtils.java:logGet(43)) - raft.server.log.force.sync.num = 128 (default)
2019-09-06 01:43:11,743 [pool-680-thread-1] INFO  server.RaftServerConfigKeys (ConfUtils.java:logGet(43)) - raft.server.log.statemachine.data.sync = true (default)
2019-09-06 01:43:11,743 [pool-680-thread-1] INFO  server.RaftServerConfigKeys (ConfUtils.java:logGet(43)) - raft.server.log.statemachine.data.sync.timeout = 10s (default)
2019-09-06 01:43:11,743 [pool-680-thread-1] INFO  server.RaftServerConfigKeys (ConfUtils.java:logGet(43)) - raft.server.log.statemachine.data.sync.timeout.retry = -1 (default)
2019-09-06 01:43:11,743 [pool-680-thread-1] INFO  server.RaftServerConfigKeys (ConfUtils.java:logGet(43)) - raft.server.log.statemachine.data.caching.enabled = true (custom)
2019-09-06 01:43:11,743 [pool-680-thread-1] INFO  segmented.SegmentedRaftLogWorker (SegmentedRaftLogWorker.java:lambda$new$0(132)) - bf2a8532-1220-4200-b318-fb6b90eae166-SegmentedRaftLogWorker:Storage Directory /workdir/hadoop-ozone/integration-test/target/test-dir/MiniOzoneClusterImpl-f5177410-c437-49cc-94ad-c893ee7f2150/datanode-0/data/ratis/9cf40b2d-ae7f-4947-b6b2-ad32dca59e30: flushIndex: setUnconditionally 0 -> -1
2019-09-06 01:43:11,744 [pool-680-thread-1] INFO  server.RaftServerConfigKeys (ConfUtils.java:logGet(43)) - raft.server.snapshot.auto.trigger.enabled = true (custom)
2019-09-06 01:43:11,744 [pool-680-thread-1] INFO  server.RaftServerConfigKeys (ConfUtils.java:logGet(43)) - raft.server.snapshot.auto.trigger.threshold = 10000 (custom)
2019-09-06 01:43:11,744 [pool-680-thread-1] INFO  server.RaftServerConfigKeys (ConfUtils.java:logGet(43)) - raft.server.retrycache.expirytime = 600000ms (custom)
2019-09-06 01:43:11,744 [pool-680-thread-1] INFO  impl.RaftServerImpl (RaftServerImpl.java:start(180)) - bf2a8532-1220-4200-b318-fb6b90eae166: start group-AD32DCA59E30
2019-09-06 01:43:11,744 [pool-680-thread-1] INFO  impl.RaftServerImpl (RaftServerImpl.java:setRole(171)) - bf2a8532-1220-4200-b318-fb6b90eae166:group-AD32DCA59E30 changes role from null to FOLLOWER at term 0 for startAsFollower
2019-09-06 01:43:11,744 [pool-680-thread-1] INFO  impl.RoleInfo (RoleInfo.java:updateAndGet(143)) - bf2a8532-1220-4200-b318-fb6b90eae166: start FollowerState
2019-09-06 01:43:11,744 [pool-680-thread-1] INFO  util.JmxRegister (JmxRegister.java:tryRegister(44)) - Successfully registered JMX Bean with object name Ratis:service=RaftServer,group=group-AD32DCA59E30,id=bf2a8532-1220-4200-b318-fb6b90eae166
2019-09-06 01:43:11,768 [RatisPipelineUtilsThread] INFO  pipeline.PipelineStateManager (PipelineStateManager.java:addPipeline(56)) - Created pipeline Pipeline[ Id: 9cf40b2d-ae7f-4947-b6b2-ad32dca59e30, Nodes: bf2a8532-1220-4200-b318-fb6b90eae166{ip: 192.168.5.177, host: pr-hdds-2015-4zh84-2711163145, networkLocation: /default-rack, certSerialId: null}, Type:RATIS, Factor:ONE, State:OPEN]
2019-09-06 01:43:11,775 [grpc-default-executor-2] INFO  impl.RaftServerProxy (RaftServerProxy.java:addNew(89)) - c64458b9-89a2-4fbd-af34-0ccef2a3bd5d: addNew group-E7D69C18308F:[c64458b9-89a2-4fbd-af34-0ccef2a3bd5d:192.168.5.177:38162] returns group-E7D69C18308F:java.util.concurrent.CompletableFuture@54a686c0[Not completed]
2019-09-06 01:43:11,776 [pool-690-thread-1] INFO  impl.RaftServerImpl (RaftServerImpl.java:<init>(93)) - c64458b9-89a2-4fbd-af34-0ccef2a3bd5d: new RaftServerImpl for group-E7D69C18308F:[c64458b9-89a2-4fbd-af34-0ccef2a3bd5d:192.168.5.177:38162] with ContainerStateMachine:uninitialized
2019-09-06 01:43:11,776 [pool-690-thread-1] INFO  server.RaftServerConfigKeys (ConfUtils.java:logGet(43)) - raft.server.rpc.timeout.min = 5s (custom)
2019-09-06 01:43:11,776 [pool-690-thread-1] INFO  server.RaftServerConfigKeys (ConfUtils.java:logGet(43)) - raft.server.rpc.timeout.max = 5200ms (custom)
2019-09-06 01:43:11,776 [pool-690-thread-1] INFO  server.RaftServerConfigKeys (ConfUtils.java:logGet(43)) - raft.server.rpcslowness.timeout = 120s (custom)
2019-09-06 01:43:11,776 [pool-690-thread-1] INFO  server.RaftServerConfigKeys (ConfUtils.java:logGet(43)) - raft.server.sleep.deviation.threshold = 300 (default)
2019-09-06 01:43:11,776 [pool-690-thread-1] INFO  server.RaftServerConfigKeys (ConfUtils.java:logGet(43)) - raft.server.log.appender.install.snapshot.enabled = false (custom)
2019-09-06 01:43:11,776 [pool-690-thread-1] INFO  impl.RaftServerImpl (ServerState.java:<init>(105)) - c64458b9-89a2-4fbd-af34-0ccef2a3bd5d:group-E7D69C18308F ConfigurationManager, init=-1: [c64458b9-89a2-4fbd-af34-0ccef2a3bd5d:192.168.5.177:38162], old=null, confs=<EMPTY_MAP>
2019-09-06 01:43:11,776 [pool-690-thread-1] INFO  server.RaftServerConfigKeys (ConfUtils.java:logGet(43)) - raft.server.storage.dir = [/workdir/hadoop-ozone/integration-test/target/test-dir/MiniOzoneClusterImpl-f5177410-c437-49cc-94ad-c893ee7f2150/datanode-1/data/ratis] (custom)
2019-09-06 01:43:11,776 [pool-690-thread-1] INFO  storage.RaftStorageDirectory (RaftStorageDirectory.java:analyzeStorage(246)) - The storage directory /workdir/hadoop-ozone/integration-test/target/test-dir/MiniOzoneClusterImpl-f5177410-c437-49cc-94ad-c893ee7f2150/datanode-1/data/ratis/db64cbf1-cbf8-46b7-a782-e7d69c18308f does not exist. Creating ...
2019-09-06 01:43:11,789 [pool-690-thread-1] INFO  storage.RaftStorageDirectory (RaftStorageDirectory.java:tryLock(328)) - Lock on /workdir/hadoop-ozone/integration-test/target/test-dir/MiniOzoneClusterImpl-f5177410-c437-49cc-94ad-c893ee7f2150/datanode-1/data/ratis/db64cbf1-cbf8-46b7-a782-e7d69c18308f/in_use.lock acquired by nodename 29060@pr-hdds-2015-4zh84-2711163145
2019-09-06 01:43:11,791 [IPC Server handler 0 on 32905] INFO  net.NetworkTopology (NetworkTopologyImpl.java:add(110)) - Added a new node: /default-rack/8cc74702-0d34-49ac-87f2-6e0857dea810
2019-09-06 01:43:11,791 [IPC Server handler 0 on 32905] INFO  node.SCMNodeManager (SCMNodeManager.java:register(266)) - Registered Data node : 8cc74702-0d34-49ac-87f2-6e0857dea810{ip: 192.168.5.177, host: pr-hdds-2015-4zh84-2711163145, networkLocation: /default-rack, certSerialId: null}
2019-09-06 01:43:11,803 [pool-690-thread-1] INFO  storage.RaftStorage (RaftStorage.java:format(72)) - Storage directory /workdir/hadoop-ozone/integration-test/target/test-dir/MiniOzoneClusterImpl-f5177410-c437-49cc-94ad-c893ee7f2150/datanode-1/data/ratis/db64cbf1-cbf8-46b7-a782-e7d69c18308f has been successfully formatted.
2019-09-06 01:43:11,803 [pool-690-thread-1] INFO  ratis.ContainerStateMachine (ContainerStateMachine.java:loadSnapshot(227)) - group-E7D69C18308F: The snapshot info is null. Setting the last applied indexto:(t:0, i:~)
2019-09-06 01:43:11,803 [pool-690-thread-1] INFO  server.RaftServerConfigKeys (ConfUtils.java:logGet(43)) - raft.server.leader.election.timeout = 120s (custom)
2019-09-06 01:43:11,803 [pool-690-thread-1] INFO  server.RaftServerConfigKeys (ConfUtils.java:logGet(43)) - raft.server.log.use.memory = false (default)
2019-09-06 01:43:11,803 [pool-690-thread-1] INFO  server.RaftServerConfigKeys (ConfUtils.java:logGet(43)) - raft.server.log.purge.gap = 1000000 (custom)
2019-09-06 01:43:11,803 [pool-690-thread-1] INFO  server.RaftServerConfigKeys (ConfUtils.java:logGet(43)) - raft.server.log.appender.buffer.byte-limit = 33554432 (custom)
2019-09-06 01:43:11,803 [pool-690-thread-1] INFO  server.RaftServerConfigKeys (ConfUtils.java:logGet(43)) - raft.server.log.segment.size.max = 1048576 (custom)
2019-09-06 01:43:11,803 [pool-690-thread-1] INFO  server.RaftServerConfigKeys (ConfUtils.java:logGet(43)) - raft.server.log.segment.cache.num.max = 2 (custom)
2019-09-06 01:43:11,803 [pool-690-thread-1] INFO  segmented.SegmentedRaftLogWorker (SegmentedRaftLogWorker.java:<init>(172)) - new c64458b9-89a2-4fbd-af34-0ccef2a3bd5d-SegmentedRaftLogWorker:Storage Directory /workdir/hadoop-ozone/integration-test/target/test-dir/MiniOzoneClusterImpl-f5177410-c437-49cc-94ad-c893ee7f2150/datanode-1/data/ratis/db64cbf1-cbf8-46b7-a782-e7d69c18308f for RaftStorage:Storage Directory /workdir/hadoop-ozone/integration-test/target/test-dir/MiniOzoneClusterImpl-f5177410-c437-49cc-94ad-c893ee7f2150/datanode-1/data/ratis/db64cbf1-cbf8-46b7-a782-e7d69c18308f
2019-09-06 01:43:11,804 [pool-690-thread-1] INFO  server.RaftServerConfigKeys (ConfUtils.java:logGet(43)) - raft.server.log.queue.byte-limit = 2147483647 (custom)
2019-09-06 01:43:11,804 [pool-690-thread-1] INFO  server.RaftServerConfigKeys (ConfUtils.java:logGet(43)) - raft.server.log.queue.element-limit = 1024 (custom)
2019-09-06 01:43:11,804 [pool-690-thread-1] INFO  server.RaftServerConfigKeys (ConfUtils.java:logGet(43)) - raft.server.log.segment.size.max = 1048576 (custom)
2019-09-06 01:43:11,804 [pool-690-thread-1] INFO  server.RaftServerConfigKeys (ConfUtils.java:logGet(43)) - raft.server.log.preallocated.size = 16384 (custom)
2019-09-06 01:43:11,804 [pool-690-thread-1] INFO  server.RaftServerConfigKeys (ConfUtils.java:logGet(43)) - raft.server.log.write.buffer.size = 33554432 (custom)
2019-09-06 01:43:11,804 [pool-690-thread-1] INFO  server.RaftServerConfigKeys (ConfUtils.java:logGet(43)) - raft.server.log.force.sync.num = 128 (default)
2019-09-06 01:43:11,804 [pool-690-thread-1] INFO  server.RaftServerConfigKeys (ConfUtils.java:logGet(43)) - raft.server.log.statemachine.data.sync = true (default)
2019-09-06 01:43:11,804 [pool-690-thread-1] INFO  server.RaftServerConfigKeys (ConfUtils.java:logGet(43)) - raft.server.log.statemachine.data.sync.timeout = 10s (default)
2019-09-06 01:43:11,804 [pool-690-thread-1] INFO  server.RaftServerConfigKeys (ConfUtils.java:logGet(43)) - raft.server.log.statemachine.data.sync.timeout.retry = -1 (default)
2019-09-06 01:43:11,805 [pool-690-thread-1] INFO  server.RaftServerConfigKeys (ConfUtils.java:logGet(43)) - raft.server.log.statemachine.data.caching.enabled = true (custom)
2019-09-06 01:43:11,805 [pool-690-thread-1] INFO  segmented.SegmentedRaftLogWorker (SegmentedRaftLogWorker.java:lambda$new$0(132)) - c64458b9-89a2-4fbd-af34-0ccef2a3bd5d-SegmentedRaftLogWorker:Storage Directory /workdir/hadoop-ozone/integration-test/target/test-dir/MiniOzoneClusterImpl-f5177410-c437-49cc-94ad-c893ee7f2150/datanode-1/data/ratis/db64cbf1-cbf8-46b7-a782-e7d69c18308f: flushIndex: setUnconditionally 0 -> -1
2019-09-06 01:43:11,805 [pool-690-thread-1] INFO  server.RaftServerConfigKeys (ConfUtils.java:logGet(43)) - raft.server.snapshot.auto.trigger.enabled = true (custom)
2019-09-06 01:43:11,805 [pool-690-thread-1] INFO  server.RaftServerConfigKeys (ConfUtils.java:logGet(43)) - raft.server.snapshot.auto.trigger.threshold = 10000 (custom)
2019-09-06 01:43:11,805 [pool-690-thread-1] INFO  server.RaftServerConfigKeys (ConfUtils.java:logGet(43)) - raft.server.retrycache.expirytime = 600000ms (custom)
2019-09-06 01:43:11,805 [pool-690-thread-1] INFO  impl.RaftServerImpl (RaftServerImpl.java:start(180)) - c64458b9-89a2-4fbd-af34-0ccef2a3bd5d: start group-E7D69C18308F
2019-09-06 01:43:11,805 [pool-690-thread-1] INFO  impl.RaftServerImpl (RaftServerImpl.java:setRole(171)) - c64458b9-89a2-4fbd-af34-0ccef2a3bd5d:group-E7D69C18308F changes role from null to FOLLOWER at term 0 for startAsFollower
2019-09-06 01:43:11,805 [pool-690-thread-1] INFO  impl.RoleInfo (RoleInfo.java:updateAndGet(143)) - c64458b9-89a2-4fbd-af34-0ccef2a3bd5d: start FollowerState
2019-09-06 01:43:11,806 [pool-690-thread-1] INFO  util.JmxRegister (JmxRegister.java:tryRegister(44)) - Successfully registered JMX Bean with object name Ratis:service=RaftServer,group=group-E7D69C18308F,id=c64458b9-89a2-4fbd-af34-0ccef2a3bd5d
2019-09-06 01:43:11,808 [RatisPipelineUtilsThread] INFO  pipeline.PipelineStateManager (PipelineStateManager.java:addPipeline(56)) - Created pipeline Pipeline[ Id: db64cbf1-cbf8-46b7-a782-e7d69c18308f, Nodes: c64458b9-89a2-4fbd-af34-0ccef2a3bd5d{ip: 192.168.5.177, host: pr-hdds-2015-4zh84-2711163145, networkLocation: /default-rack, certSerialId: null}, Type:RATIS, Factor:ONE, State:OPEN]
2019-09-06 01:43:11,815 [grpc-default-executor-2] INFO  impl.RaftServerProxy (RaftServerProxy.java:addNew(89)) - 8cc74702-0d34-49ac-87f2-6e0857dea810: addNew group-FB8CEFD504D4:[8cc74702-0d34-49ac-87f2-6e0857dea810:192.168.5.177:40365] returns group-FB8CEFD504D4:java.util.concurrent.CompletableFuture@4ecf5022[Not completed]
2019-09-06 01:43:11,816 [pool-700-thread-1] INFO  impl.RaftServerImpl (RaftServerImpl.java:<init>(93)) - 8cc74702-0d34-49ac-87f2-6e0857dea810: new RaftServerImpl for group-FB8CEFD504D4:[8cc74702-0d34-49ac-87f2-6e0857dea810:192.168.5.177:40365] with ContainerStateMachine:uninitialized
2019-09-06 01:43:11,816 [pool-700-thread-1] INFO  server.RaftServerConfigKeys (ConfUtils.java:logGet(43)) - raft.server.rpc.timeout.min = 5s (custom)
2019-09-06 01:43:11,816 [pool-700-thread-1] INFO  server.RaftServerConfigKeys (ConfUtils.java:logGet(43)) - raft.server.rpc.timeout.max = 5200ms (custom)
2019-09-06 01:43:11,816 [pool-700-thread-1] INFO  server.RaftServerConfigKeys (ConfUtils.java:logGet(43)) - raft.server.rpcslowness.timeout = 120s (custom)
2019-09-06 01:43:11,816 [pool-700-thread-1] INFO  server.RaftServerConfigKeys (ConfUtils.java:logGet(43)) - raft.server.sleep.deviation.threshold = 300 (default)
2019-09-06 01:43:11,816 [pool-700-thread-1] INFO  server.RaftServerConfigKeys (ConfUtils.java:logGet(43)) - raft.server.log.appender.install.snapshot.enabled = false (custom)
2019-09-06 01:43:11,816 [pool-700-thread-1] INFO  impl.RaftServerImpl (ServerState.java:<init>(105)) - 8cc74702-0d34-49ac-87f2-6e0857dea810:group-FB8CEFD504D4 ConfigurationManager, init=-1: [8cc74702-0d34-49ac-87f2-6e0857dea810:192.168.5.177:40365], old=null, confs=<EMPTY_MAP>
2019-09-06 01:43:11,816 [pool-700-thread-1] INFO  server.RaftServerConfigKeys (ConfUtils.java:logGet(43)) - raft.server.storage.dir = [/workdir/hadoop-ozone/integration-test/target/test-dir/MiniOzoneClusterImpl-f5177410-c437-49cc-94ad-c893ee7f2150/datanode-2/data/ratis] (custom)
2019-09-06 01:43:11,817 [pool-700-thread-1] INFO  storage.RaftStorageDirectory (RaftStorageDirectory.java:analyzeStorage(246)) - The storage directory /workdir/hadoop-ozone/integration-test/target/test-dir/MiniOzoneClusterImpl-f5177410-c437-49cc-94ad-c893ee7f2150/datanode-2/data/ratis/a8839890-49b4-4952-994f-fb8cefd504d4 does not exist. Creating ...
2019-09-06 01:43:11,830 [pool-700-thread-1] INFO  storage.RaftStorageDirectory (RaftStorageDirectory.java:tryLock(328)) - Lock on /workdir/hadoop-ozone/integration-test/target/test-dir/MiniOzoneClusterImpl-f5177410-c437-49cc-94ad-c893ee7f2150/datanode-2/data/ratis/a8839890-49b4-4952-994f-fb8cefd504d4/in_use.lock acquired by nodename 29060@pr-hdds-2015-4zh84-2711163145
2019-09-06 01:43:11,843 [pool-700-thread-1] INFO  storage.RaftStorage (RaftStorage.java:format(72)) - Storage directory /workdir/hadoop-ozone/integration-test/target/test-dir/MiniOzoneClusterImpl-f5177410-c437-49cc-94ad-c893ee7f2150/datanode-2/data/ratis/a8839890-49b4-4952-994f-fb8cefd504d4 has been successfully formatted.
2019-09-06 01:43:11,843 [pool-700-thread-1] INFO  ratis.ContainerStateMachine (ContainerStateMachine.java:loadSnapshot(227)) - group-FB8CEFD504D4: The snapshot info is null. Setting the last applied indexto:(t:0, i:~)
2019-09-06 01:43:11,843 [pool-700-thread-1] INFO  server.RaftServerConfigKeys (ConfUtils.java:logGet(43)) - raft.server.leader.election.timeout = 120s (custom)
2019-09-06 01:43:11,843 [pool-700-thread-1] INFO  server.RaftServerConfigKeys (ConfUtils.java:logGet(43)) - raft.server.log.use.memory = false (default)
2019-09-06 01:43:11,843 [pool-700-thread-1] INFO  server.RaftServerConfigKeys (ConfUtils.java:logGet(43)) - raft.server.log.purge.gap = 1000000 (custom)
2019-09-06 01:43:11,843 [pool-700-thread-1] INFO  server.RaftServerConfigKeys (ConfUtils.java:logGet(43)) - raft.server.log.appender.buffer.byte-limit = 33554432 (custom)
2019-09-06 01:43:11,843 [pool-700-thread-1] INFO  server.RaftServerConfigKeys (ConfUtils.java:logGet(43)) - raft.server.log.segment.size.max = 1048576 (custom)
2019-09-06 01:43:11,844 [pool-700-thread-1] INFO  server.RaftServerConfigKeys (ConfUtils.java:logGet(43)) - raft.server.log.segment.cache.num.max = 2 (custom)
2019-09-06 01:43:11,844 [pool-700-thread-1] INFO  segmented.SegmentedRaftLogWorker (SegmentedRaftLogWorker.java:<init>(172)) - new 8cc74702-0d34-49ac-87f2-6e0857dea810-SegmentedRaftLogWorker:Storage Directory /workdir/hadoop-ozone/integration-test/target/test-dir/MiniOzoneClusterImpl-f5177410-c437-49cc-94ad-c893ee7f2150/datanode-2/data/ratis/a8839890-49b4-4952-994f-fb8cefd504d4 for RaftStorage:Storage Directory /workdir/hadoop-ozone/integration-test/target/test-dir/MiniOzoneClusterImpl-f5177410-c437-49cc-94ad-c893ee7f2150/datanode-2/data/ratis/a8839890-49b4-4952-994f-fb8cefd504d4
2019-09-06 01:43:11,844 [pool-700-thread-1] INFO  server.RaftServerConfigKeys (ConfUtils.java:logGet(43)) - raft.server.log.queue.byte-limit = 2147483647 (custom)
2019-09-06 01:43:11,844 [pool-700-thread-1] INFO  server.RaftServerConfigKeys (ConfUtils.java:logGet(43)) - raft.server.log.queue.element-limit = 1024 (custom)
2019-09-06 01:43:11,844 [pool-700-thread-1] INFO  server.RaftServerConfigKeys (ConfUtils.java:logGet(43)) - raft.server.log.segment.size.max = 1048576 (custom)
2019-09-06 01:43:11,844 [pool-700-thread-1] INFO  server.RaftServerConfigKeys (ConfUtils.java:logGet(43)) - raft.server.log.preallocated.size = 16384 (custom)
2019-09-06 01:43:11,844 [pool-700-thread-1] INFO  server.RaftServerConfigKeys (ConfUtils.java:logGet(43)) - raft.server.log.write.buffer.size = 33554432 (custom)
2019-09-06 01:43:11,844 [pool-700-thread-1] INFO  server.RaftServerConfigKeys (ConfUtils.java:logGet(43)) - raft.server.log.force.sync.num = 128 (default)
2019-09-06 01:43:11,844 [pool-700-thread-1] INFO  server.RaftServerConfigKeys (ConfUtils.java:logGet(43)) - raft.server.log.statemachine.data.sync = true (default)
2019-09-06 01:43:11,844 [pool-700-thread-1] INFO  server.RaftServerConfigKeys (ConfUtils.java:logGet(43)) - raft.server.log.statemachine.data.sync.timeout = 10s (default)
2019-09-06 01:43:11,845 [pool-700-thread-1] INFO  server.RaftServerConfigKeys (ConfUtils.java:logGet(43)) - raft.server.log.statemachine.data.sync.timeout.retry = -1 (default)
2019-09-06 01:43:11,845 [pool-700-thread-1] INFO  server.RaftServerConfigKeys (ConfUtils.java:logGet(43)) - raft.server.log.statemachine.data.caching.enabled = true (custom)
2019-09-06 01:43:11,845 [pool-700-thread-1] INFO  segmented.SegmentedRaftLogWorker (SegmentedRaftLogWorker.java:lambda$new$0(132)) - 8cc74702-0d34-49ac-87f2-6e0857dea810-SegmentedRaftLogWorker:Storage Directory /workdir/hadoop-ozone/integration-test/target/test-dir/MiniOzoneClusterImpl-f5177410-c437-49cc-94ad-c893ee7f2150/datanode-2/data/ratis/a8839890-49b4-4952-994f-fb8cefd504d4: flushIndex: setUnconditionally 0 -> -1
2019-09-06 01:43:11,845 [pool-700-thread-1] INFO  server.RaftServerConfigKeys (ConfUtils.java:logGet(43)) - raft.server.snapshot.auto.trigger.enabled = true (custom)
2019-09-06 01:43:11,845 [pool-700-thread-1] INFO  server.RaftServerConfigKeys (ConfUtils.java:logGet(43)) - raft.server.snapshot.auto.trigger.threshold = 10000 (custom)
2019-09-06 01:43:11,845 [pool-700-thread-1] INFO  server.RaftServerConfigKeys (ConfUtils.java:logGet(43)) - raft.server.retrycache.expirytime = 600000ms (custom)
2019-09-06 01:43:11,846 [pool-700-thread-1] INFO  impl.RaftServerImpl (RaftServerImpl.java:start(180)) - 8cc74702-0d34-49ac-87f2-6e0857dea810: start group-FB8CEFD504D4
2019-09-06 01:43:11,846 [pool-700-thread-1] INFO  impl.RaftServerImpl (RaftServerImpl.java:setRole(171)) - 8cc74702-0d34-49ac-87f2-6e0857dea810:group-FB8CEFD504D4 changes role from null to FOLLOWER at term 0 for startAsFollower
2019-09-06 01:43:11,846 [pool-700-thread-1] INFO  impl.RoleInfo (RoleInfo.java:updateAndGet(143)) - 8cc74702-0d34-49ac-87f2-6e0857dea810: start FollowerState
2019-09-06 01:43:11,846 [pool-700-thread-1] INFO  util.JmxRegister (JmxRegister.java:tryRegister(44)) - Successfully registered JMX Bean with object name Ratis:service=RaftServer,group=group-FB8CEFD504D4,id=8cc74702-0d34-49ac-87f2-6e0857dea810
2019-09-06 01:43:11,848 [RatisPipelineUtilsThread] INFO  pipeline.PipelineStateManager (PipelineStateManager.java:addPipeline(56)) - Created pipeline Pipeline[ Id: a8839890-49b4-4952-994f-fb8cefd504d4, Nodes: 8cc74702-0d34-49ac-87f2-6e0857dea810{ip: 192.168.5.177, host: pr-hdds-2015-4zh84-2711163145, networkLocation: /default-rack, certSerialId: null}, Type:RATIS, Factor:ONE, State:OPEN]
2019-09-06 01:43:11,865 [grpc-default-executor-5] INFO  impl.RaftServerProxy (RaftServerProxy.java:addNew(89)) - bf2a8532-1220-4200-b318-fb6b90eae166: addNew group-96D265E7D882:[bf2a8532-1220-4200-b318-fb6b90eae166:192.168.5.177:38152, 8cc74702-0d34-49ac-87f2-6e0857dea810:192.168.5.177:40365, c64458b9-89a2-4fbd-af34-0ccef2a3bd5d:192.168.5.177:38162] returns group-96D265E7D882:java.util.concurrent.CompletableFuture@104a611c[Not completed]
2019-09-06 01:43:11,865 [grpc-default-executor-2] INFO  impl.RaftServerProxy (RaftServerProxy.java:addNew(89)) - 8cc74702-0d34-49ac-87f2-6e0857dea810: addNew group-96D265E7D882:[bf2a8532-1220-4200-b318-fb6b90eae166:192.168.5.177:38152, 8cc74702-0d34-49ac-87f2-6e0857dea810:192.168.5.177:40365, c64458b9-89a2-4fbd-af34-0ccef2a3bd5d:192.168.5.177:38162] returns group-96D265E7D882:java.util.concurrent.CompletableFuture@5d06c691[Not completed]
2019-09-06 01:43:11,865 [grpc-default-executor-8] INFO  impl.RaftServerProxy (RaftServerProxy.java:addNew(89)) - c64458b9-89a2-4fbd-af34-0ccef2a3bd5d: addNew group-96D265E7D882:[bf2a8532-1220-4200-b318-fb6b90eae166:192.168.5.177:38152, 8cc74702-0d34-49ac-87f2-6e0857dea810:192.168.5.177:40365, c64458b9-89a2-4fbd-af34-0ccef2a3bd5d:192.168.5.177:38162] returns group-96D265E7D882:java.util.concurrent.CompletableFuture@78f6bccf[Not completed]
2019-09-06 01:43:11,866 [pool-680-thread-1] INFO  impl.RaftServerImpl (RaftServerImpl.java:<init>(93)) - bf2a8532-1220-4200-b318-fb6b90eae166: new RaftServerImpl for group-96D265E7D882:[bf2a8532-1220-4200-b318-fb6b90eae166:192.168.5.177:38152, 8cc74702-0d34-49ac-87f2-6e0857dea810:192.168.5.177:40365, c64458b9-89a2-4fbd-af34-0ccef2a3bd5d:192.168.5.177:38162] with ContainerStateMachine:uninitialized
2019-09-06 01:43:11,866 [pool-680-thread-1] INFO  server.RaftServerConfigKeys (ConfUtils.java:logGet(43)) - raft.server.rpc.timeout.min = 5s (custom)
2019-09-06 01:43:11,866 [pool-680-thread-1] INFO  server.RaftServerConfigKeys (ConfUtils.java:logGet(43)) - raft.server.rpc.timeout.max = 5200ms (custom)
2019-09-06 01:43:11,866 [pool-680-thread-1] INFO  server.RaftServerConfigKeys (ConfUtils.java:logGet(43)) - raft.server.rpcslowness.timeout = 120s (custom)
2019-09-06 01:43:11,866 [pool-680-thread-1] INFO  server.RaftServerConfigKeys (ConfUtils.java:logGet(43)) - raft.server.sleep.deviation.threshold = 300 (default)
2019-09-06 01:43:11,866 [pool-680-thread-1] INFO  server.RaftServerConfigKeys (ConfUtils.java:logGet(43)) - raft.server.log.appender.install.snapshot.enabled = false (custom)
2019-09-06 01:43:11,866 [pool-680-thread-1] INFO  impl.RaftServerImpl (ServerState.java:<init>(105)) - bf2a8532-1220-4200-b318-fb6b90eae166:group-96D265E7D882 ConfigurationManager, init=-1: [bf2a8532-1220-4200-b318-fb6b90eae166:192.168.5.177:38152, 8cc74702-0d34-49ac-87f2-6e0857dea810:192.168.5.177:40365, c64458b9-89a2-4fbd-af34-0ccef2a3bd5d:192.168.5.177:38162], old=null, confs=<EMPTY_MAP>
2019-09-06 01:43:11,866 [pool-700-thread-1] INFO  impl.RaftServerImpl (RaftServerImpl.java:<init>(93)) - 8cc74702-0d34-49ac-87f2-6e0857dea810: new RaftServerImpl for group-96D265E7D882:[bf2a8532-1220-4200-b318-fb6b90eae166:192.168.5.177:38152, 8cc74702-0d34-49ac-87f2-6e0857dea810:192.168.5.177:40365, c64458b9-89a2-4fbd-af34-0ccef2a3bd5d:192.168.5.177:38162] with ContainerStateMachine:uninitialized
2019-09-06 01:43:11,866 [pool-680-thread-1] INFO  server.RaftServerConfigKeys (ConfUtils.java:logGet(43)) - raft.server.storage.dir = [/workdir/hadoop-ozone/integration-test/target/test-dir/MiniOzoneClusterImpl-f5177410-c437-49cc-94ad-c893ee7f2150/datanode-0/data/ratis] (custom)
2019-09-06 01:43:11,866 [pool-700-thread-1] INFO  server.RaftServerConfigKeys (ConfUtils.java:logGet(43)) - raft.server.rpc.timeout.min = 5s (custom)
2019-09-06 01:43:11,867 [pool-700-thread-1] INFO  server.RaftServerConfigKeys (ConfUtils.java:logGet(43)) - raft.server.rpc.timeout.max = 5200ms (custom)
2019-09-06 01:43:11,867 [pool-690-thread-1] INFO  impl.RaftServerImpl (RaftServerImpl.java:<init>(93)) - c64458b9-89a2-4fbd-af34-0ccef2a3bd5d: new RaftServerImpl for group-96D265E7D882:[bf2a8532-1220-4200-b318-fb6b90eae166:192.168.5.177:38152, 8cc74702-0d34-49ac-87f2-6e0857dea810:192.168.5.177:40365, c64458b9-89a2-4fbd-af34-0ccef2a3bd5d:192.168.5.177:38162] with ContainerStateMachine:uninitialized
2019-09-06 01:43:11,867 [pool-680-thread-1] INFO  storage.RaftStorageDirectory (RaftStorageDirectory.java:analyzeStorage(246)) - The storage directory /workdir/hadoop-ozone/integration-test/target/test-dir/MiniOzoneClusterImpl-f5177410-c437-49cc-94ad-c893ee7f2150/datanode-0/data/ratis/518ffdf9-a401-447b-aefc-96d265e7d882 does not exist. Creating ...
2019-09-06 01:43:11,867 [pool-690-thread-1] INFO  server.RaftServerConfigKeys (ConfUtils.java:logGet(43)) - raft.server.rpc.timeout.min = 5s (custom)
2019-09-06 01:43:11,867 [pool-700-thread-1] INFO  server.RaftServerConfigKeys (ConfUtils.java:logGet(43)) - raft.server.rpcslowness.timeout = 120s (custom)
2019-09-06 01:43:11,867 [pool-690-thread-1] INFO  server.RaftServerConfigKeys (ConfUtils.java:logGet(43)) - raft.server.rpc.timeout.max = 5200ms (custom)
2019-09-06 01:43:11,867 [pool-700-thread-1] INFO  server.RaftServerConfigKeys (ConfUtils.java:logGet(43)) - raft.server.sleep.deviation.threshold = 300 (default)
2019-09-06 01:43:11,867 [pool-690-thread-1] INFO  server.RaftServerConfigKeys (ConfUtils.java:logGet(43)) - raft.server.rpcslowness.timeout = 120s (custom)
2019-09-06 01:43:11,867 [pool-700-thread-1] INFO  server.RaftServerConfigKeys (ConfUtils.java:logGet(43)) - raft.server.log.appender.install.snapshot.enabled = false (custom)
2019-09-06 01:43:11,867 [pool-690-thread-1] INFO  server.RaftServerConfigKeys (ConfUtils.java:logGet(43)) - raft.server.sleep.deviation.threshold = 300 (default)
2019-09-06 01:43:11,867 [pool-700-thread-1] INFO  impl.RaftServerImpl (ServerState.java:<init>(105)) - 8cc74702-0d34-49ac-87f2-6e0857dea810:group-96D265E7D882 ConfigurationManager, init=-1: [bf2a8532-1220-4200-b318-fb6b90eae166:192.168.5.177:38152, 8cc74702-0d34-49ac-87f2-6e0857dea810:192.168.5.177:40365, c64458b9-89a2-4fbd-af34-0ccef2a3bd5d:192.168.5.177:38162], old=null, confs=<EMPTY_MAP>
2019-09-06 01:43:11,868 [pool-690-thread-1] INFO  server.RaftServerConfigKeys (ConfUtils.java:logGet(43)) - raft.server.log.appender.install.snapshot.enabled = false (custom)
2019-09-06 01:43:11,868 [pool-700-thread-1] INFO  server.RaftServerConfigKeys (ConfUtils.java:logGet(43)) - raft.server.storage.dir = [/workdir/hadoop-ozone/integration-test/target/test-dir/MiniOzoneClusterImpl-f5177410-c437-49cc-94ad-c893ee7f2150/datanode-2/data/ratis] (custom)
2019-09-06 01:43:11,868 [pool-690-thread-1] INFO  impl.RaftServerImpl (ServerState.java:<init>(105)) - c64458b9-89a2-4fbd-af34-0ccef2a3bd5d:group-96D265E7D882 ConfigurationManager, init=-1: [bf2a8532-1220-4200-b318-fb6b90eae166:192.168.5.177:38152, 8cc74702-0d34-49ac-87f2-6e0857dea810:192.168.5.177:40365, c64458b9-89a2-4fbd-af34-0ccef2a3bd5d:192.168.5.177:38162], old=null, confs=<EMPTY_MAP>
2019-09-06 01:43:11,868 [pool-700-thread-1] INFO  storage.RaftStorageDirectory (RaftStorageDirectory.java:analyzeStorage(246)) - The storage directory /workdir/hadoop-ozone/integration-test/target/test-dir/MiniOzoneClusterImpl-f5177410-c437-49cc-94ad-c893ee7f2150/datanode-2/data/ratis/518ffdf9-a401-447b-aefc-96d265e7d882 does not exist. Creating ...
2019-09-06 01:43:11,868 [pool-690-thread-1] INFO  server.RaftServerConfigKeys (ConfUtils.java:logGet(43)) - raft.server.storage.dir = [/workdir/hadoop-ozone/integration-test/target/test-dir/MiniOzoneClusterImpl-f5177410-c437-49cc-94ad-c893ee7f2150/datanode-1/data/ratis] (custom)
2019-09-06 01:43:11,868 [pool-690-thread-1] INFO  storage.RaftStorageDirectory (RaftStorageDirectory.java:analyzeStorage(246)) - The storage directory /workdir/hadoop-ozone/integration-test/target/test-dir/MiniOzoneClusterImpl-f5177410-c437-49cc-94ad-c893ee7f2150/datanode-1/data/ratis/518ffdf9-a401-447b-aefc-96d265e7d882 does not exist. Creating ...
2019-09-06 01:43:11,869 [IPC Server handler 2 on 32905] INFO  net.NetworkTopology (NetworkTopologyImpl.java:add(110)) - Added a new node: /default-rack/aa424548-ca22-474d-89f9-384a5c0f40e5
2019-09-06 01:43:11,869 [IPC Server handler 2 on 32905] INFO  node.SCMNodeManager (SCMNodeManager.java:register(266)) - Registered Data node : aa424548-ca22-474d-89f9-384a5c0f40e5{ip: 192.168.5.177, host: pr-hdds-2015-4zh84-2711163145, networkLocation: /default-rack, certSerialId: null}
2019-09-06 01:43:11,878 [pool-690-thread-1] INFO  storage.RaftStorageDirectory (RaftStorageDirectory.java:tryLock(328)) - Lock on /workdir/hadoop-ozone/integration-test/target/test-dir/MiniOzoneClusterImpl-f5177410-c437-49cc-94ad-c893ee7f2150/datanode-1/data/ratis/518ffdf9-a401-447b-aefc-96d265e7d882/in_use.lock acquired by nodename 29060@pr-hdds-2015-4zh84-2711163145
2019-09-06 01:43:11,878 [pool-700-thread-1] INFO  storage.RaftStorageDirectory (RaftStorageDirectory.java:tryLock(328)) - Lock on /workdir/hadoop-ozone/integration-test/target/test-dir/MiniOzoneClusterImpl-f5177410-c437-49cc-94ad-c893ee7f2150/datanode-2/data/ratis/518ffdf9-a401-447b-aefc-96d265e7d882/in_use.lock acquired by nodename 29060@pr-hdds-2015-4zh84-2711163145
2019-09-06 01:43:11,878 [pool-680-thread-1] INFO  storage.RaftStorageDirectory (RaftStorageDirectory.java:tryLock(328)) - Lock on /workdir/hadoop-ozone/integration-test/target/test-dir/MiniOzoneClusterImpl-f5177410-c437-49cc-94ad-c893ee7f2150/datanode-0/data/ratis/518ffdf9-a401-447b-aefc-96d265e7d882/in_use.lock acquired by nodename 29060@pr-hdds-2015-4zh84-2711163145
2019-09-06 01:43:11,895 [pool-700-thread-1] INFO  storage.RaftStorage (RaftStorage.java:format(72)) - Storage directory /workdir/hadoop-ozone/integration-test/target/test-dir/MiniOzoneClusterImpl-f5177410-c437-49cc-94ad-c893ee7f2150/datanode-2/data/ratis/518ffdf9-a401-447b-aefc-96d265e7d882 has been successfully formatted.
2019-09-06 01:43:11,895 [pool-680-thread-1] INFO  storage.RaftStorage (RaftStorage.java:format(72)) - Storage directory /workdir/hadoop-ozone/integration-test/target/test-dir/MiniOzoneClusterImpl-f5177410-c437-49cc-94ad-c893ee7f2150/datanode-0/data/ratis/518ffdf9-a401-447b-aefc-96d265e7d882 has been successfully formatted.
2019-09-06 01:43:11,896 [pool-700-thread-1] INFO  ratis.ContainerStateMachine (ContainerStateMachine.java:loadSnapshot(227)) - group-96D265E7D882: The snapshot info is null. Setting the last applied indexto:(t:0, i:~)
2019-09-06 01:43:11,895 [pool-690-thread-1] INFO  storage.RaftStorage (RaftStorage.java:format(72)) - Storage directory /workdir/hadoop-ozone/integration-test/target/test-dir/MiniOzoneClusterImpl-f5177410-c437-49cc-94ad-c893ee7f2150/datanode-1/data/ratis/518ffdf9-a401-447b-aefc-96d265e7d882 has been successfully formatted.
2019-09-06 01:43:11,896 [pool-700-thread-1] INFO  server.RaftServerConfigKeys (ConfUtils.java:logGet(43)) - raft.server.leader.election.timeout = 120s (custom)
2019-09-06 01:43:11,896 [pool-680-thread-1] INFO  ratis.ContainerStateMachine (ContainerStateMachine.java:loadSnapshot(227)) - group-96D265E7D882: The snapshot info is null. Setting the last applied indexto:(t:0, i:~)
2019-09-06 01:43:11,896 [pool-700-thread-1] INFO  server.RaftServerConfigKeys (ConfUtils.java:logGet(43)) - raft.server.log.use.memory = false (default)
2019-09-06 01:43:11,896 [pool-690-thread-1] INFO  ratis.ContainerStateMachine (ContainerStateMachine.java:loadSnapshot(227)) - group-96D265E7D882: The snapshot info is null. Setting the last applied indexto:(t:0, i:~)
2019-09-06 01:43:11,896 [pool-700-thread-1] INFO  server.RaftServerConfigKeys (ConfUtils.java:logGet(43)) - raft.server.log.purge.gap = 1000000 (custom)
2019-09-06 01:43:11,896 [pool-680-thread-1] INFO  server.RaftServerConfigKeys (ConfUtils.java:logGet(43)) - raft.server.leader.election.timeout = 120s (custom)
2019-09-06 01:43:11,897 [pool-700-thread-1] INFO  server.RaftServerConfigKeys (ConfUtils.java:logGet(43)) - raft.server.log.appender.buffer.byte-limit = 33554432 (custom)
2019-09-06 01:43:11,896 [pool-690-thread-1] INFO  server.RaftServerConfigKeys (ConfUtils.java:logGet(43)) - raft.server.leader.election.timeout = 120s (custom)
2019-09-06 01:43:11,897 [pool-700-thread-1] INFO  server.RaftServerConfigKeys (ConfUtils.java:logGet(43)) - raft.server.log.segment.size.max = 1048576 (custom)
2019-09-06 01:43:11,897 [pool-680-thread-1] INFO  server.RaftServerConfigKeys (ConfUtils.java:logGet(43)) - raft.server.log.use.memory = false (default)
2019-09-06 01:43:11,897 [pool-700-thread-1] INFO  server.RaftServerConfigKeys (ConfUtils.java:logGet(43)) - raft.server.log.segment.cache.num.max = 2 (custom)
2019-09-06 01:43:11,897 [pool-690-thread-1] INFO  server.RaftServerConfigKeys (ConfUtils.java:logGet(43)) - raft.server.log.use.memory = false (default)
2019-09-06 01:43:11,897 [pool-700-thread-1] INFO  segmented.SegmentedRaftLogWorker (SegmentedRaftLogWorker.java:<init>(172)) - new 8cc74702-0d34-49ac-87f2-6e0857dea810-SegmentedRaftLogWorker:Storage Directory /workdir/hadoop-ozone/integration-test/target/test-dir/MiniOzoneClusterImpl-f5177410-c437-49cc-94ad-c893ee7f2150/datanode-2/data/ratis/518ffdf9-a401-447b-aefc-96d265e7d882 for RaftStorage:Storage Directory /workdir/hadoop-ozone/integration-test/target/test-dir/MiniOzoneClusterImpl-f5177410-c437-49cc-94ad-c893ee7f2150/datanode-2/data/ratis/518ffdf9-a401-447b-aefc-96d265e7d882
2019-09-06 01:43:11,897 [pool-680-thread-1] INFO  server.RaftServerConfigKeys (ConfUtils.java:logGet(43)) - raft.server.log.purge.gap = 1000000 (custom)
2019-09-06 01:43:11,898 [pool-700-thread-1] INFO  server.RaftServerConfigKeys (ConfUtils.java:logGet(43)) - raft.server.log.queue.byte-limit = 2147483647 (custom)
2019-09-06 01:43:11,898 [pool-690-thread-1] INFO  server.RaftServerConfigKeys (ConfUtils.java:logGet(43)) - raft.server.log.purge.gap = 1000000 (custom)
2019-09-06 01:43:11,898 [pool-700-thread-1] INFO  server.RaftServerConfigKeys (ConfUtils.java:logGet(43)) - raft.server.log.queue.element-limit = 1024 (custom)
2019-09-06 01:43:11,898 [pool-680-thread-1] INFO  server.RaftServerConfigKeys (ConfUtils.java:logGet(43)) - raft.server.log.appender.buffer.byte-limit = 33554432 (custom)
2019-09-06 01:43:11,898 [pool-700-thread-1] INFO  server.RaftServerConfigKeys (ConfUtils.java:logGet(43)) - raft.server.log.segment.size.max = 1048576 (custom)
2019-09-06 01:43:11,898 [pool-690-thread-1] INFO  server.RaftServerConfigKeys (ConfUtils.java:logGet(43)) - raft.server.log.appender.buffer.byte-limit = 33554432 (custom)
2019-09-06 01:43:11,899 [pool-700-thread-1] INFO  server.RaftServerConfigKeys (ConfUtils.java:logGet(43)) - raft.server.log.preallocated.size = 16384 (custom)
2019-09-06 01:43:11,898 [pool-680-thread-1] INFO  server.RaftServerConfigKeys (ConfUtils.java:logGet(43)) - raft.server.log.segment.size.max = 1048576 (custom)
2019-09-06 01:43:11,899 [pool-700-thread-1] INFO  server.RaftServerConfigKeys (ConfUtils.java:logGet(43)) - raft.server.log.write.buffer.size = 33554432 (custom)
2019-09-06 01:43:11,899 [pool-690-thread-1] INFO  server.RaftServerConfigKeys (ConfUtils.java:logGet(43)) - raft.server.log.segment.size.max = 1048576 (custom)
2019-09-06 01:43:11,899 [pool-700-thread-1] INFO  server.RaftServerConfigKeys (ConfUtils.java:logGet(43)) - raft.server.log.force.sync.num = 128 (default)
2019-09-06 01:43:11,899 [pool-680-thread-1] INFO  server.RaftServerConfigKeys (ConfUtils.java:logGet(43)) - raft.server.log.segment.cache.num.max = 2 (custom)
2019-09-06 01:43:11,899 [pool-700-thread-1] INFO  server.RaftServerConfigKeys (ConfUtils.java:logGet(43)) - raft.server.log.statemachine.data.sync = true (default)
2019-09-06 01:43:11,899 [pool-690-thread-1] INFO  server.RaftServerConfigKeys (ConfUtils.java:logGet(43)) - raft.server.log.segment.cache.num.max = 2 (custom)
2019-09-06 01:43:11,900 [pool-700-thread-1] INFO  server.RaftServerConfigKeys (ConfUtils.java:logGet(43)) - raft.server.log.statemachine.data.sync.timeout = 10s (default)
2019-09-06 01:43:11,900 [pool-700-thread-1] INFO  server.RaftServerConfigKeys (ConfUtils.java:logGet(43)) - raft.server.log.statemachine.data.sync.timeout.retry = -1 (default)
2019-09-06 01:43:11,900 [pool-680-thread-1] INFO  segmented.SegmentedRaftLogWorker (SegmentedRaftLogWorker.java:<init>(172)) - new bf2a8532-1220-4200-b318-fb6b90eae166-SegmentedRaftLogWorker:Storage Directory /workdir/hadoop-ozone/integration-test/target/test-dir/MiniOzoneClusterImpl-f5177410-c437-49cc-94ad-c893ee7f2150/datanode-0/data/ratis/518ffdf9-a401-447b-aefc-96d265e7d882 for RaftStorage:Storage Directory /workdir/hadoop-ozone/integration-test/target/test-dir/MiniOzoneClusterImpl-f5177410-c437-49cc-94ad-c893ee7f2150/datanode-0/data/ratis/518ffdf9-a401-447b-aefc-96d265e7d882
2019-09-06 01:43:11,900 [pool-700-thread-1] INFO  server.RaftServerConfigKeys (ConfUtils.java:logGet(43)) - raft.server.log.statemachine.data.caching.enabled = true (custom)
2019-09-06 01:43:11,900 [pool-690-thread-1] INFO  segmented.SegmentedRaftLogWorker (SegmentedRaftLogWorker.java:<init>(172)) - new c64458b9-89a2-4fbd-af34-0ccef2a3bd5d-SegmentedRaftLogWorker:Storage Directory /workdir/hadoop-ozone/integration-test/target/test-dir/MiniOzoneClusterImpl-f5177410-c437-49cc-94ad-c893ee7f2150/datanode-1/data/ratis/518ffdf9-a401-447b-aefc-96d265e7d882 for RaftStorage:Storage Directory /workdir/hadoop-ozone/integration-test/target/test-dir/MiniOzoneClusterImpl-f5177410-c437-49cc-94ad-c893ee7f2150/datanode-1/data/ratis/518ffdf9-a401-447b-aefc-96d265e7d882
2019-09-06 01:43:11,900 [pool-680-thread-1] INFO  server.RaftServerConfigKeys (ConfUtils.java:logGet(43)) - raft.server.log.queue.byte-limit = 2147483647 (custom)
2019-09-06 01:43:11,901 [pool-700-thread-1] INFO  segmented.SegmentedRaftLogWorker (SegmentedRaftLogWorker.java:lambda$new$0(132)) - 8cc74702-0d34-49ac-87f2-6e0857dea810-SegmentedRaftLogWorker:Storage Directory /workdir/hadoop-ozone/integration-test/target/test-dir/MiniOzoneClusterImpl-f5177410-c437-49cc-94ad-c893ee7f2150/datanode-2/data/ratis/518ffdf9-a401-447b-aefc-96d265e7d882: flushIndex: setUnconditionally 0 -> -1
2019-09-06 01:43:11,901 [pool-690-thread-1] INFO  server.RaftServerConfigKeys (ConfUtils.java:logGet(43)) - raft.server.log.queue.byte-limit = 2147483647 (custom)
2019-09-06 01:43:11,901 [pool-680-thread-1] INFO  server.RaftServerConfigKeys (ConfUtils.java:logGet(43)) - raft.server.log.queue.element-limit = 1024 (custom)
2019-09-06 01:43:11,901 [pool-690-thread-1] INFO  server.RaftServerConfigKeys (ConfUtils.java:logGet(43)) - raft.server.log.queue.element-limit = 1024 (custom)
2019-09-06 01:43:11,901 [pool-700-thread-1] INFO  server.RaftServerConfigKeys (ConfUtils.java:logGet(43)) - raft.server.snapshot.auto.trigger.enabled = true (custom)
2019-09-06 01:43:11,901 [pool-690-thread-1] INFO  server.RaftServerConfigKeys (ConfUtils.java:logGet(43)) - raft.server.log.segment.size.max = 1048576 (custom)
2019-09-06 01:43:11,901 [pool-680-thread-1] INFO  server.RaftServerConfigKeys (ConfUtils.java:logGet(43)) - raft.server.log.segment.size.max = 1048576 (custom)
2019-09-06 01:43:11,902 [pool-690-thread-1] INFO  server.RaftServerConfigKeys (ConfUtils.java:logGet(43)) - raft.server.log.preallocated.size = 16384 (custom)
2019-09-06 01:43:11,901 [pool-700-thread-1] INFO  server.RaftServerConfigKeys (ConfUtils.java:logGet(43)) - raft.server.snapshot.auto.trigger.threshold = 10000 (custom)
2019-09-06 01:43:11,902 [pool-690-thread-1] INFO  server.RaftServerConfigKeys (ConfUtils.java:logGet(43)) - raft.server.log.write.buffer.size = 33554432 (custom)
2019-09-06 01:43:11,902 [pool-680-thread-1] INFO  server.RaftServerConfigKeys (ConfUtils.java:logGet(43)) - raft.server.log.preallocated.size = 16384 (custom)
2019-09-06 01:43:11,902 [pool-690-thread-1] INFO  server.RaftServerConfigKeys (ConfUtils.java:logGet(43)) - raft.server.log.force.sync.num = 128 (default)
2019-09-06 01:43:11,902 [pool-690-thread-1] INFO  server.RaftServerConfigKeys (ConfUtils.java:logGet(43)) - raft.server.log.statemachine.data.sync = true (default)
2019-09-06 01:43:11,902 [pool-700-thread-1] INFO  server.RaftServerConfigKeys (ConfUtils.java:logGet(43)) - raft.server.retrycache.expirytime = 600000ms (custom)
2019-09-06 01:43:11,903 [pool-690-thread-1] INFO  server.RaftServerConfigKeys (ConfUtils.java:logGet(43)) - raft.server.log.statemachine.data.sync.timeout = 10s (default)
2019-09-06 01:43:11,902 [pool-680-thread-1] INFO  server.RaftServerConfigKeys (ConfUtils.java:logGet(43)) - raft.server.log.write.buffer.size = 33554432 (custom)
2019-09-06 01:43:11,903 [pool-690-thread-1] INFO  server.RaftServerConfigKeys (ConfUtils.java:logGet(43)) - raft.server.log.statemachine.data.sync.timeout.retry = -1 (default)
2019-09-06 01:43:11,903 [pool-700-thread-1] INFO  impl.RaftServerImpl (RaftServerImpl.java:start(180)) - 8cc74702-0d34-49ac-87f2-6e0857dea810: start group-96D265E7D882
2019-09-06 01:43:11,903 [pool-690-thread-1] INFO  server.RaftServerConfigKeys (ConfUtils.java:logGet(43)) - raft.server.log.statemachine.data.caching.enabled = true (custom)
2019-09-06 01:43:11,903 [pool-680-thread-1] INFO  server.RaftServerConfigKeys (ConfUtils.java:logGet(43)) - raft.server.log.force.sync.num = 128 (default)
2019-09-06 01:43:11,903 [pool-690-thread-1] INFO  segmented.SegmentedRaftLogWorker (SegmentedRaftLogWorker.java:lambda$new$0(132)) - c64458b9-89a2-4fbd-af34-0ccef2a3bd5d-SegmentedRaftLogWorker:Storage Directory /workdir/hadoop-ozone/integration-test/target/test-dir/MiniOzoneClusterImpl-f5177410-c437-49cc-94ad-c893ee7f2150/datanode-1/data/ratis/518ffdf9-a401-447b-aefc-96d265e7d882: flushIndex: setUnconditionally 0 -> -1
2019-09-06 01:43:11,903 [pool-700-thread-1] INFO  impl.RaftServerImpl (RaftServerImpl.java:setRole(171)) - 8cc74702-0d34-49ac-87f2-6e0857dea810:group-96D265E7D882 changes role from null to FOLLOWER at term 0 for startAsFollower
2019-09-06 01:43:11,903 [pool-680-thread-1] INFO  server.RaftServerConfigKeys (ConfUtils.java:logGet(43)) - raft.server.log.statemachine.data.sync = true (default)
2019-09-06 01:43:11,904 [pool-690-thread-1] INFO  server.RaftServerConfigKeys (ConfUtils.java:logGet(43)) - raft.server.snapshot.auto.trigger.enabled = true (custom)
2019-09-06 01:43:11,904 [pool-700-thread-1] INFO  impl.RoleInfo (RoleInfo.java:updateAndGet(143)) - 8cc74702-0d34-49ac-87f2-6e0857dea810: start FollowerState
2019-09-06 01:43:11,904 [pool-690-thread-1] INFO  server.RaftServerConfigKeys (ConfUtils.java:logGet(43)) - raft.server.snapshot.auto.trigger.threshold = 10000 (custom)
2019-09-06 01:43:11,904 [pool-680-thread-1] INFO  server.RaftServerConfigKeys (ConfUtils.java:logGet(43)) - raft.server.log.statemachine.data.sync.timeout = 10s (default)
2019-09-06 01:43:11,904 [pool-700-thread-1] INFO  util.JmxRegister (JmxRegister.java:tryRegister(44)) - Successfully registered JMX Bean with object name Ratis:service=RaftServer,group=group-96D265E7D882,id=8cc74702-0d34-49ac-87f2-6e0857dea810
2019-09-06 01:43:11,904 [pool-690-thread-1] INFO  server.RaftServerConfigKeys (ConfUtils.java:logGet(43)) - raft.server.retrycache.expirytime = 600000ms (custom)
2019-09-06 01:43:11,904 [pool-680-thread-1] INFO  server.RaftServerConfigKeys (ConfUtils.java:logGet(43)) - raft.server.log.statemachine.data.sync.timeout.retry = -1 (default)
2019-09-06 01:43:11,905 [pool-690-thread-1] INFO  impl.RaftServerImpl (RaftServerImpl.java:start(180)) - c64458b9-89a2-4fbd-af34-0ccef2a3bd5d: start group-96D265E7D882
2019-09-06 01:43:11,905 [pool-680-thread-1] INFO  server.RaftServerConfigKeys (ConfUtils.java:logGet(43)) - raft.server.log.statemachine.data.caching.enabled = true (custom)
2019-09-06 01:43:11,905 [pool-690-thread-1] INFO  impl.RaftServerImpl (RaftServerImpl.java:setRole(171)) - c64458b9-89a2-4fbd-af34-0ccef2a3bd5d:group-96D265E7D882 changes role from null to FOLLOWER at term 0 for startAsFollower
2019-09-06 01:43:11,905 [pool-690-thread-1] INFO  impl.RoleInfo (RoleInfo.java:updateAndGet(143)) - c64458b9-89a2-4fbd-af34-0ccef2a3bd5d: start FollowerState
2019-09-06 01:43:11,905 [pool-680-thread-1] INFO  segmented.SegmentedRaftLogWorker (SegmentedRaftLogWorker.java:lambda$new$0(132)) - bf2a8532-1220-4200-b318-fb6b90eae166-SegmentedRaftLogWorker:Storage Directory /workdir/hadoop-ozone/integration-test/target/test-dir/MiniOzoneClusterImpl-f5177410-c437-49cc-94ad-c893ee7f2150/datanode-0/data/ratis/518ffdf9-a401-447b-aefc-96d265e7d882: flushIndex: setUnconditionally 0 -> -1
2019-09-06 01:43:11,906 [pool-680-thread-1] INFO  server.RaftServerConfigKeys (ConfUtils.java:logGet(43)) - raft.server.snapshot.auto.trigger.enabled = true (custom)
2019-09-06 01:43:11,906 [pool-690-thread-1] INFO  util.JmxRegister (JmxRegister.java:tryRegister(44)) - Successfully registered JMX Bean with object name Ratis:service=RaftServer,group=group-96D265E7D882,id=c64458b9-89a2-4fbd-af34-0ccef2a3bd5d
2019-09-06 01:43:11,906 [pool-680-thread-1] INFO  server.RaftServerConfigKeys (ConfUtils.java:logGet(43)) - raft.server.snapshot.auto.trigger.threshold = 10000 (custom)
2019-09-06 01:43:11,906 [pool-680-thread-1] INFO  server.RaftServerConfigKeys (ConfUtils.java:logGet(43)) - raft.server.retrycache.expirytime = 600000ms (custom)
2019-09-06 01:43:11,906 [pool-680-thread-1] INFO  impl.RaftServerImpl (RaftServerImpl.java:start(180)) - bf2a8532-1220-4200-b318-fb6b90eae166: start group-96D265E7D882
2019-09-06 01:43:11,906 [pool-680-thread-1] INFO  impl.RaftServerImpl (RaftServerImpl.java:setRole(171)) - bf2a8532-1220-4200-b318-fb6b90eae166:group-96D265E7D882 changes role from null to FOLLOWER at term 0 for startAsFollower
2019-09-06 01:43:11,907 [pool-680-thread-1] INFO  impl.RoleInfo (RoleInfo.java:updateAndGet(143)) - bf2a8532-1220-4200-b318-fb6b90eae166: start FollowerState
2019-09-06 01:43:11,907 [pool-680-thread-1] INFO  util.JmxRegister (JmxRegister.java:tryRegister(44)) - Successfully registered JMX Bean with object name Ratis:service=RaftServer,group=group-96D265E7D882,id=bf2a8532-1220-4200-b318-fb6b90eae166
2019-09-06 01:43:11,908 [RatisPipelineUtilsThread] INFO  pipeline.PipelineStateManager (PipelineStateManager.java:addPipeline(56)) - Created pipeline Pipeline[ Id: 518ffdf9-a401-447b-aefc-96d265e7d882, Nodes: c64458b9-89a2-4fbd-af34-0ccef2a3bd5d{ip: 192.168.5.177, host: pr-hdds-2015-4zh84-2711163145, networkLocation: /default-rack, certSerialId: null}bf2a8532-1220-4200-b318-fb6b90eae166{ip: 192.168.5.177, host: pr-hdds-2015-4zh84-2711163145, networkLocation: /default-rack, certSerialId: null}8cc74702-0d34-49ac-87f2-6e0857dea810{ip: 192.168.5.177, host: pr-hdds-2015-4zh84-2711163145, networkLocation: /default-rack, certSerialId: null}, Type:RATIS, Factor:THREE, State:OPEN]
2019-09-06 01:43:11,915 [grpc-default-executor-8] INFO  impl.RaftServerProxy (RaftServerProxy.java:addNew(89)) - aa424548-ca22-474d-89f9-384a5c0f40e5: addNew group-BF98B1BBE429:[aa424548-ca22-474d-89f9-384a5c0f40e5:192.168.5.177:41858] returns group-BF98B1BBE429:java.util.concurrent.CompletableFuture@4aa5ba3c[Not completed]
2019-09-06 01:43:11,915 [pool-710-thread-1] INFO  impl.RaftServerImpl (RaftServerImpl.java:<init>(93)) - aa424548-ca22-474d-89f9-384a5c0f40e5: new RaftServerImpl for group-BF98B1BBE429:[aa424548-ca22-474d-89f9-384a5c0f40e5:192.168.5.177:41858] with ContainerStateMachine:uninitialized
2019-09-06 01:43:11,916 [pool-710-thread-1] INFO  server.RaftServerConfigKeys (ConfUtils.java:logGet(43)) - raft.server.rpc.timeout.min = 5s (custom)
2019-09-06 01:43:11,916 [pool-710-thread-1] INFO  server.RaftServerConfigKeys (ConfUtils.java:logGet(43)) - raft.server.rpc.timeout.max = 5200ms (custom)
2019-09-06 01:43:11,916 [pool-710-thread-1] INFO  server.RaftServerConfigKeys (ConfUtils.java:logGet(43)) - raft.server.rpcslowness.timeout = 120s (custom)
2019-09-06 01:43:11,916 [pool-710-thread-1] INFO  server.RaftServerConfigKeys (ConfUtils.java:logGet(43)) - raft.server.sleep.deviation.threshold = 300 (default)
2019-09-06 01:43:11,916 [pool-710-thread-1] INFO  server.RaftServerConfigKeys (ConfUtils.java:logGet(43)) - raft.server.log.appender.install.snapshot.enabled = false (custom)
2019-09-06 01:43:11,916 [pool-710-thread-1] INFO  impl.RaftServerImpl (ServerState.java:<init>(105)) - aa424548-ca22-474d-89f9-384a5c0f40e5:group-BF98B1BBE429 ConfigurationManager, init=-1: [aa424548-ca22-474d-89f9-384a5c0f40e5:192.168.5.177:41858], old=null, confs=<EMPTY_MAP>
2019-09-06 01:43:11,916 [pool-710-thread-1] INFO  server.RaftServerConfigKeys (ConfUtils.java:logGet(43)) - raft.server.storage.dir = [/workdir/hadoop-ozone/integration-test/target/test-dir/MiniOzoneClusterImpl-f5177410-c437-49cc-94ad-c893ee7f2150/datanode-3/data/ratis] (custom)
2019-09-06 01:43:11,916 [pool-710-thread-1] INFO  storage.RaftStorageDirectory (RaftStorageDirectory.java:analyzeStorage(246)) - The storage directory /workdir/hadoop-ozone/integration-test/target/test-dir/MiniOzoneClusterImpl-f5177410-c437-49cc-94ad-c893ee7f2150/datanode-3/data/ratis/08f7423a-caf6-4604-b764-bf98b1bbe429 does not exist. Creating ...
2019-09-06 01:43:11,928 [pool-710-thread-1] INFO  storage.RaftStorageDirectory (RaftStorageDirectory.java:tryLock(328)) - Lock on /workdir/hadoop-ozone/integration-test/target/test-dir/MiniOzoneClusterImpl-f5177410-c437-49cc-94ad-c893ee7f2150/datanode-3/data/ratis/08f7423a-caf6-4604-b764-bf98b1bbe429/in_use.lock acquired by nodename 29060@pr-hdds-2015-4zh84-2711163145
2019-09-06 01:43:11,932 [IPC Server handler 3 on 32905] INFO  net.NetworkTopology (NetworkTopologyImpl.java:add(110)) - Added a new node: /default-rack/f24ac80a-b898-4d83-9695-dde1061d4e3d
2019-09-06 01:43:11,933 [IPC Server handler 3 on 32905] INFO  node.SCMNodeManager (SCMNodeManager.java:register(266)) - Registered Data node : f24ac80a-b898-4d83-9695-dde1061d4e3d{ip: 192.168.5.177, host: pr-hdds-2015-4zh84-2711163145, networkLocation: /default-rack, certSerialId: null}
2019-09-06 01:43:11,940 [pool-710-thread-1] INFO  storage.RaftStorage (RaftStorage.java:format(72)) - Storage directory /workdir/hadoop-ozone/integration-test/target/test-dir/MiniOzoneClusterImpl-f5177410-c437-49cc-94ad-c893ee7f2150/datanode-3/data/ratis/08f7423a-caf6-4604-b764-bf98b1bbe429 has been successfully formatted.
2019-09-06 01:43:11,940 [pool-710-thread-1] INFO  ratis.ContainerStateMachine (ContainerStateMachine.java:loadSnapshot(227)) - group-BF98B1BBE429: The snapshot info is null. Setting the last applied indexto:(t:0, i:~)
2019-09-06 01:43:11,940 [pool-710-thread-1] INFO  server.RaftServerConfigKeys (ConfUtils.java:logGet(43)) - raft.server.leader.election.timeout = 120s (custom)
2019-09-06 01:43:11,940 [pool-710-thread-1] INFO  server.RaftServerConfigKeys (ConfUtils.java:logGet(43)) - raft.server.log.use.memory = false (default)
2019-09-06 01:43:11,940 [pool-710-thread-1] INFO  server.RaftServerConfigKeys (ConfUtils.java:logGet(43)) - raft.server.log.purge.gap = 1000000 (custom)
2019-09-06 01:43:11,941 [pool-710-thread-1] INFO  server.RaftServerConfigKeys (ConfUtils.java:logGet(43)) - raft.server.log.appender.buffer.byte-limit = 33554432 (custom)
2019-09-06 01:43:11,941 [pool-710-thread-1] INFO  server.RaftServerConfigKeys (ConfUtils.java:logGet(43)) - raft.server.log.segment.size.max = 1048576 (custom)
2019-09-06 01:43:11,941 [pool-710-thread-1] INFO  server.RaftServerConfigKeys (ConfUtils.java:logGet(43)) - raft.server.log.segment.cache.num.max = 2 (custom)
2019-09-06 01:43:11,941 [pool-710-thread-1] INFO  segmented.SegmentedRaftLogWorker (SegmentedRaftLogWorker.java:<init>(172)) - new aa424548-ca22-474d-89f9-384a5c0f40e5-SegmentedRaftLogWorker:Storage Directory /workdir/hadoop-ozone/integration-test/target/test-dir/MiniOzoneClusterImpl-f5177410-c437-49cc-94ad-c893ee7f2150/datanode-3/data/ratis/08f7423a-caf6-4604-b764-bf98b1bbe429 for RaftStorage:Storage Directory /workdir/hadoop-ozone/integration-test/target/test-dir/MiniOzoneClusterImpl-f5177410-c437-49cc-94ad-c893ee7f2150/datanode-3/data/ratis/08f7423a-caf6-4604-b764-bf98b1bbe429
2019-09-06 01:43:11,941 [pool-710-thread-1] INFO  server.RaftServerConfigKeys (ConfUtils.java:logGet(43)) - raft.server.log.queue.byte-limit = 2147483647 (custom)
2019-09-06 01:43:11,941 [pool-710-thread-1] INFO  server.RaftServerConfigKeys (ConfUtils.java:logGet(43)) - raft.server.log.queue.element-limit = 1024 (custom)
2019-09-06 01:43:11,941 [pool-710-thread-1] INFO  server.RaftServerConfigKeys (ConfUtils.java:logGet(43)) - raft.server.log.segment.size.max = 1048576 (custom)
2019-09-06 01:43:11,941 [pool-710-thread-1] INFO  server.RaftServerConfigKeys (ConfUtils.java:logGet(43)) - raft.server.log.preallocated.size = 16384 (custom)
2019-09-06 01:43:11,941 [pool-710-thread-1] INFO  server.RaftServerConfigKeys (ConfUtils.java:logGet(43)) - raft.server.log.write.buffer.size = 33554432 (custom)
2019-09-06 01:43:11,941 [pool-710-thread-1] INFO  server.RaftServerConfigKeys (ConfUtils.java:logGet(43)) - raft.server.log.force.sync.num = 128 (default)
2019-09-06 01:43:11,942 [pool-710-thread-1] INFO  server.RaftServerConfigKeys (ConfUtils.java:logGet(43)) - raft.server.log.statemachine.data.sync = true (default)
2019-09-06 01:43:11,942 [pool-710-thread-1] INFO  server.RaftServerConfigKeys (ConfUtils.java:logGet(43)) - raft.server.log.statemachine.data.sync.timeout = 10s (default)
2019-09-06 01:43:11,942 [pool-710-thread-1] INFO  server.RaftServerConfigKeys (ConfUtils.java:logGet(43)) - raft.server.log.statemachine.data.sync.timeout.retry = -1 (default)
2019-09-06 01:43:11,942 [pool-710-thread-1] INFO  server.RaftServerConfigKeys (ConfUtils.java:logGet(43)) - raft.server.log.statemachine.data.caching.enabled = true (custom)
2019-09-06 01:43:11,942 [pool-710-thread-1] INFO  segmented.SegmentedRaftLogWorker (SegmentedRaftLogWorker.java:lambda$new$0(132)) - aa424548-ca22-474d-89f9-384a5c0f40e5-SegmentedRaftLogWorker:Storage Directory /workdir/hadoop-ozone/integration-test/target/test-dir/MiniOzoneClusterImpl-f5177410-c437-49cc-94ad-c893ee7f2150/datanode-3/data/ratis/08f7423a-caf6-4604-b764-bf98b1bbe429: flushIndex: setUnconditionally 0 -> -1
2019-09-06 01:43:11,942 [pool-710-thread-1] INFO  server.RaftServerConfigKeys (ConfUtils.java:logGet(43)) - raft.server.snapshot.auto.trigger.enabled = true (custom)
2019-09-06 01:43:11,942 [pool-710-thread-1] INFO  server.RaftServerConfigKeys (ConfUtils.java:logGet(43)) - raft.server.snapshot.auto.trigger.threshold = 10000 (custom)
2019-09-06 01:43:11,942 [pool-710-thread-1] INFO  server.RaftServerConfigKeys (ConfUtils.java:logGet(43)) - raft.server.retrycache.expirytime = 600000ms (custom)
2019-09-06 01:43:11,943 [pool-710-thread-1] INFO  impl.RaftServerImpl (RaftServerImpl.java:start(180)) - aa424548-ca22-474d-89f9-384a5c0f40e5: start group-BF98B1BBE429
2019-09-06 01:43:11,943 [pool-710-thread-1] INFO  impl.RaftServerImpl (RaftServerImpl.java:setRole(171)) - aa424548-ca22-474d-89f9-384a5c0f40e5:group-BF98B1BBE429 changes role from null to FOLLOWER at term 0 for startAsFollower
2019-09-06 01:43:11,943 [pool-710-thread-1] INFO  impl.RoleInfo (RoleInfo.java:updateAndGet(143)) - aa424548-ca22-474d-89f9-384a5c0f40e5: start FollowerState
2019-09-06 01:43:11,943 [pool-710-thread-1] INFO  util.JmxRegister (JmxRegister.java:tryRegister(44)) - Successfully registered JMX Bean with object name Ratis:service=RaftServer,group=group-BF98B1BBE429,id=aa424548-ca22-474d-89f9-384a5c0f40e5
2019-09-06 01:43:11,944 [RatisPipelineUtilsThread] INFO  pipeline.PipelineStateManager (PipelineStateManager.java:addPipeline(56)) - Created pipeline Pipeline[ Id: 08f7423a-caf6-4604-b764-bf98b1bbe429, Nodes: aa424548-ca22-474d-89f9-384a5c0f40e5{ip: 192.168.5.177, host: pr-hdds-2015-4zh84-2711163145, networkLocation: /default-rack, certSerialId: null}, Type:RATIS, Factor:ONE, State:OPEN]
2019-09-06 01:43:11,950 [grpc-default-executor-8] INFO  impl.RaftServerProxy (RaftServerProxy.java:addNew(89)) - f24ac80a-b898-4d83-9695-dde1061d4e3d: addNew group-3175C69E2139:[f24ac80a-b898-4d83-9695-dde1061d4e3d:192.168.5.177:41653] returns group-3175C69E2139:java.util.concurrent.CompletableFuture@138d0e76[Not completed]
2019-09-06 01:43:11,951 [pool-720-thread-1] INFO  impl.RaftServerImpl (RaftServerImpl.java:<init>(93)) - f24ac80a-b898-4d83-9695-dde1061d4e3d: new RaftServerImpl for group-3175C69E2139:[f24ac80a-b898-4d83-9695-dde1061d4e3d:192.168.5.177:41653] with ContainerStateMachine:uninitialized
2019-09-06 01:43:11,951 [pool-720-thread-1] INFO  server.RaftServerConfigKeys (ConfUtils.java:logGet(43)) - raft.server.rpc.timeout.min = 5s (custom)
2019-09-06 01:43:11,951 [pool-720-thread-1] INFO  server.RaftServerConfigKeys (ConfUtils.java:logGet(43)) - raft.server.rpc.timeout.max = 5200ms (custom)
2019-09-06 01:43:11,951 [pool-720-thread-1] INFO  server.RaftServerConfigKeys (ConfUtils.java:logGet(43)) - raft.server.rpcslowness.timeout = 120s (custom)
2019-09-06 01:43:11,952 [pool-720-thread-1] INFO  server.RaftServerConfigKeys (ConfUtils.java:logGet(43)) - raft.server.sleep.deviation.threshold = 300 (default)
2019-09-06 01:43:11,952 [pool-720-thread-1] INFO  server.RaftServerConfigKeys (ConfUtils.java:logGet(43)) - raft.server.log.appender.install.snapshot.enabled = false (custom)
2019-09-06 01:43:11,952 [pool-720-thread-1] INFO  impl.RaftServerImpl (ServerState.java:<init>(105)) - f24ac80a-b898-4d83-9695-dde1061d4e3d:group-3175C69E2139 ConfigurationManager, init=-1: [f24ac80a-b898-4d83-9695-dde1061d4e3d:192.168.5.177:41653], old=null, confs=<EMPTY_MAP>
2019-09-06 01:43:11,952 [pool-720-thread-1] INFO  server.RaftServerConfigKeys (ConfUtils.java:logGet(43)) - raft.server.storage.dir = [/workdir/hadoop-ozone/integration-test/target/test-dir/MiniOzoneClusterImpl-f5177410-c437-49cc-94ad-c893ee7f2150/datanode-4/data/ratis] (custom)
2019-09-06 01:43:11,952 [pool-720-thread-1] INFO  storage.RaftStorageDirectory (RaftStorageDirectory.java:analyzeStorage(246)) - The storage directory /workdir/hadoop-ozone/integration-test/target/test-dir/MiniOzoneClusterImpl-f5177410-c437-49cc-94ad-c893ee7f2150/datanode-4/data/ratis/6eda3f06-1ac1-4857-b596-3175c69e2139 does not exist. Creating ...
2019-09-06 01:43:11,974 [pool-720-thread-1] INFO  storage.RaftStorageDirectory (RaftStorageDirectory.java:tryLock(328)) - Lock on /workdir/hadoop-ozone/integration-test/target/test-dir/MiniOzoneClusterImpl-f5177410-c437-49cc-94ad-c893ee7f2150/datanode-4/data/ratis/6eda3f06-1ac1-4857-b596-3175c69e2139/in_use.lock acquired by nodename 29060@pr-hdds-2015-4zh84-2711163145
2019-09-06 01:43:11,984 [pool-720-thread-1] INFO  storage.RaftStorage (RaftStorage.java:format(72)) - Storage directory /workdir/hadoop-ozone/integration-test/target/test-dir/MiniOzoneClusterImpl-f5177410-c437-49cc-94ad-c893ee7f2150/datanode-4/data/ratis/6eda3f06-1ac1-4857-b596-3175c69e2139 has been successfully formatted.
2019-09-06 01:43:11,985 [pool-720-thread-1] INFO  ratis.ContainerStateMachine (ContainerStateMachine.java:loadSnapshot(227)) - group-3175C69E2139: The snapshot info is null. Setting the last applied indexto:(t:0, i:~)
2019-09-06 01:43:11,985 [pool-720-thread-1] INFO  server.RaftServerConfigKeys (ConfUtils.java:logGet(43)) - raft.server.leader.election.timeout = 120s (custom)
2019-09-06 01:43:11,985 [pool-720-thread-1] INFO  server.RaftServerConfigKeys (ConfUtils.java:logGet(43)) - raft.server.log.use.memory = false (default)
2019-09-06 01:43:11,985 [pool-720-thread-1] INFO  server.RaftServerConfigKeys (ConfUtils.java:logGet(43)) - raft.server.log.purge.gap = 1000000 (custom)
2019-09-06 01:43:11,985 [pool-720-thread-1] INFO  server.RaftServerConfigKeys (ConfUtils.java:logGet(43)) - raft.server.log.appender.buffer.byte-limit = 33554432 (custom)
2019-09-06 01:43:11,985 [pool-720-thread-1] INFO  server.RaftServerConfigKeys (ConfUtils.java:logGet(43)) - raft.server.log.segment.size.max = 1048576 (custom)
2019-09-06 01:43:11,985 [pool-720-thread-1] INFO  server.RaftServerConfigKeys (ConfUtils.java:logGet(43)) - raft.server.log.segment.cache.num.max = 2 (custom)
2019-09-06 01:43:11,986 [pool-720-thread-1] INFO  segmented.SegmentedRaftLogWorker (SegmentedRaftLogWorker.java:<init>(172)) - new f24ac80a-b898-4d83-9695-dde1061d4e3d-SegmentedRaftLogWorker:Storage Directory /workdir/hadoop-ozone/integration-test/target/test-dir/MiniOzoneClusterImpl-f5177410-c437-49cc-94ad-c893ee7f2150/datanode-4/data/ratis/6eda3f06-1ac1-4857-b596-3175c69e2139 for RaftStorage:Storage Directory /workdir/hadoop-ozone/integration-test/target/test-dir/MiniOzoneClusterImpl-f5177410-c437-49cc-94ad-c893ee7f2150/datanode-4/data/ratis/6eda3f06-1ac1-4857-b596-3175c69e2139
2019-09-06 01:43:11,986 [pool-720-thread-1] INFO  server.RaftServerConfigKeys (ConfUtils.java:logGet(43)) - raft.server.log.queue.byte-limit = 2147483647 (custom)
2019-09-06 01:43:11,986 [pool-720-thread-1] INFO  server.RaftServerConfigKeys (ConfUtils.java:logGet(43)) - raft.server.log.queue.element-limit = 1024 (custom)
2019-09-06 01:43:11,986 [pool-720-thread-1] INFO  server.RaftServerConfigKeys (ConfUtils.java:logGet(43)) - raft.server.log.segment.size.max = 1048576 (custom)
2019-09-06 01:43:11,986 [pool-720-thread-1] INFO  server.RaftServerConfigKeys (ConfUtils.java:logGet(43)) - raft.server.log.preallocated.size = 16384 (custom)
2019-09-06 01:43:11,986 [pool-720-thread-1] INFO  server.RaftServerConfigKeys (ConfUtils.java:logGet(43)) - raft.server.log.write.buffer.size = 33554432 (custom)
2019-09-06 01:43:11,987 [pool-720-thread-1] INFO  server.RaftServerConfigKeys (ConfUtils.java:logGet(43)) - raft.server.log.force.sync.num = 128 (default)
2019-09-06 01:43:11,987 [pool-720-thread-1] INFO  server.RaftServerConfigKeys (ConfUtils.java:logGet(43)) - raft.server.log.statemachine.data.sync = true (default)
2019-09-06 01:43:11,987 [pool-720-thread-1] INFO  server.RaftServerConfigKeys (ConfUtils.java:logGet(43)) - raft.server.log.statemachine.data.sync.timeout = 10s (default)
2019-09-06 01:43:11,987 [pool-720-thread-1] INFO  server.RaftServerConfigKeys (ConfUtils.java:logGet(43)) - raft.server.log.statemachine.data.sync.timeout.retry = -1 (default)
2019-09-06 01:43:11,987 [pool-720-thread-1] INFO  server.RaftServerConfigKeys (ConfUtils.java:logGet(43)) - raft.server.log.statemachine.data.caching.enabled = true (custom)
2019-09-06 01:43:11,988 [pool-720-thread-1] INFO  segmented.SegmentedRaftLogWorker (SegmentedRaftLogWorker.java:lambda$new$0(132)) - f24ac80a-b898-4d83-9695-dde1061d4e3d-SegmentedRaftLogWorker:Storage Directory /workdir/hadoop-ozone/integration-test/target/test-dir/MiniOzoneClusterImpl-f5177410-c437-49cc-94ad-c893ee7f2150/datanode-4/data/ratis/6eda3f06-1ac1-4857-b596-3175c69e2139: flushIndex: setUnconditionally 0 -> -1
2019-09-06 01:43:11,988 [pool-720-thread-1] INFO  server.RaftServerConfigKeys (ConfUtils.java:logGet(43)) - raft.server.snapshot.auto.trigger.enabled = true (custom)
2019-09-06 01:43:11,988 [pool-720-thread-1] INFO  server.RaftServerConfigKeys (ConfUtils.java:logGet(43)) - raft.server.snapshot.auto.trigger.threshold = 10000 (custom)
2019-09-06 01:43:11,988 [pool-720-thread-1] INFO  server.RaftServerConfigKeys (ConfUtils.java:logGet(43)) - raft.server.retrycache.expirytime = 600000ms (custom)
2019-09-06 01:43:11,988 [pool-720-thread-1] INFO  impl.RaftServerImpl (RaftServerImpl.java:start(180)) - f24ac80a-b898-4d83-9695-dde1061d4e3d: start group-3175C69E2139
2019-09-06 01:43:11,989 [pool-720-thread-1] INFO  impl.RaftServerImpl (RaftServerImpl.java:setRole(171)) - f24ac80a-b898-4d83-9695-dde1061d4e3d:group-3175C69E2139 changes role from null to FOLLOWER at term 0 for startAsFollower
2019-09-06 01:43:11,989 [pool-720-thread-1] INFO  impl.RoleInfo (RoleInfo.java:updateAndGet(143)) - f24ac80a-b898-4d83-9695-dde1061d4e3d: start FollowerState
2019-09-06 01:43:11,989 [pool-720-thread-1] INFO  util.JmxRegister (JmxRegister.java:tryRegister(44)) - Successfully registered JMX Bean with object name Ratis:service=RaftServer,group=group-3175C69E2139,id=f24ac80a-b898-4d83-9695-dde1061d4e3d
2019-09-06 01:43:11,991 [RatisPipelineUtilsThread] INFO  pipeline.PipelineStateManager (PipelineStateManager.java:addPipeline(56)) - Created pipeline Pipeline[ Id: 6eda3f06-1ac1-4857-b596-3175c69e2139, Nodes: f24ac80a-b898-4d83-9695-dde1061d4e3d{ip: 192.168.5.177, host: pr-hdds-2015-4zh84-2711163145, networkLocation: /default-rack, certSerialId: null}, Type:RATIS, Factor:ONE, State:OPEN]
2019-09-06 01:43:11,993 [IPC Server handler 4 on 32905] INFO  net.NetworkTopology (NetworkTopologyImpl.java:add(110)) - Added a new node: /default-rack/a535f1e5-8f96-4de4-9301-2678fc073a36
2019-09-06 01:43:11,993 [IPC Server handler 4 on 32905] INFO  node.SCMNodeManager (SCMNodeManager.java:register(266)) - Registered Data node : a535f1e5-8f96-4de4-9301-2678fc073a36{ip: 192.168.5.177, host: pr-hdds-2015-4zh84-2711163145, networkLocation: /default-rack, certSerialId: null}
2019-09-06 01:43:12,001 [grpc-default-executor-8] INFO  impl.RaftServerProxy (RaftServerProxy.java:addNew(89)) - a535f1e5-8f96-4de4-9301-2678fc073a36: addNew group-C5C79DC12FE2:[a535f1e5-8f96-4de4-9301-2678fc073a36:192.168.5.177:33796] returns group-C5C79DC12FE2:java.util.concurrent.CompletableFuture@2f06ec4a[Not completed]
2019-09-06 01:43:12,002 [pool-730-thread-1] INFO  impl.RaftServerImpl (RaftServerImpl.java:<init>(93)) - a535f1e5-8f96-4de4-9301-2678fc073a36: new RaftServerImpl for group-C5C79DC12FE2:[a535f1e5-8f96-4de4-9301-2678fc073a36:192.168.5.177:33796] with ContainerStateMachine:uninitialized
2019-09-06 01:43:12,002 [pool-730-thread-1] INFO  server.RaftServerConfigKeys (ConfUtils.java:logGet(43)) - raft.server.rpc.timeout.min = 5s (custom)
2019-09-06 01:43:12,002 [pool-730-thread-1] INFO  server.RaftServerConfigKeys (ConfUtils.java:logGet(43)) - raft.server.rpc.timeout.max = 5200ms (custom)
2019-09-06 01:43:12,002 [pool-730-thread-1] INFO  server.RaftServerConfigKeys (ConfUtils.java:logGet(43)) - raft.server.rpcslowness.timeout = 120s (custom)
2019-09-06 01:43:12,002 [pool-730-thread-1] INFO  server.RaftServerConfigKeys (ConfUtils.java:logGet(43)) - raft.server.sleep.deviation.threshold = 300 (default)
2019-09-06 01:43:12,002 [pool-730-thread-1] INFO  server.RaftServerConfigKeys (ConfUtils.java:logGet(43)) - raft.server.log.appender.install.snapshot.enabled = false (custom)
2019-09-06 01:43:12,003 [pool-730-thread-1] INFO  impl.RaftServerImpl (ServerState.java:<init>(105)) - a535f1e5-8f96-4de4-9301-2678fc073a36:group-C5C79DC12FE2 ConfigurationManager, init=-1: [a535f1e5-8f96-4de4-9301-2678fc073a36:192.168.5.177:33796], old=null, confs=<EMPTY_MAP>
2019-09-06 01:43:12,003 [pool-730-thread-1] INFO  server.RaftServerConfigKeys (ConfUtils.java:logGet(43)) - raft.server.storage.dir = [/workdir/hadoop-ozone/integration-test/target/test-dir/MiniOzoneClusterImpl-f5177410-c437-49cc-94ad-c893ee7f2150/datanode-5/data/ratis] (custom)
2019-09-06 01:43:12,003 [pool-730-thread-1] INFO  storage.RaftStorageDirectory (RaftStorageDirectory.java:analyzeStorage(246)) - The storage directory /workdir/hadoop-ozone/integration-test/target/test-dir/MiniOzoneClusterImpl-f5177410-c437-49cc-94ad-c893ee7f2150/datanode-5/data/ratis/74e094ac-f1b5-44a7-a6ef-c5c79dc12fe2 does not exist. Creating ...
2019-09-06 01:43:12,047 [pool-730-thread-1] INFO  storage.RaftStorageDirectory (RaftStorageDirectory.java:tryLock(328)) - Lock on /workdir/hadoop-ozone/integration-test/target/test-dir/MiniOzoneClusterImpl-f5177410-c437-49cc-94ad-c893ee7f2150/datanode-5/data/ratis/74e094ac-f1b5-44a7-a6ef-c5c79dc12fe2/in_use.lock acquired by nodename 29060@pr-hdds-2015-4zh84-2711163145
2019-09-06 01:43:12,048 [main] INFO  ozone.MiniOzoneClusterImpl (MiniOzoneClusterImpl.java:lambda$waitForClusterToBeReady$0(140)) - Waiting for cluster to be ready. Got 6 of 7 DN Heartbeats.
2019-09-06 01:43:12,049 [IPC Server handler 5 on 32905] INFO  net.NetworkTopology (NetworkTopologyImpl.java:add(110)) - Added a new node: /default-rack/adee5101-b96d-47d7-a476-4abea9874438
2019-09-06 01:43:12,050 [IPC Server handler 5 on 32905] INFO  node.SCMNodeManager (SCMNodeManager.java:register(266)) - Registered Data node : adee5101-b96d-47d7-a476-4abea9874438{ip: 192.168.5.177, host: pr-hdds-2015-4zh84-2711163145, networkLocation: /default-rack, certSerialId: null}
2019-09-06 01:43:12,065 [pool-730-thread-1] INFO  storage.RaftStorage (RaftStorage.java:format(72)) - Storage directory /workdir/hadoop-ozone/integration-test/target/test-dir/MiniOzoneClusterImpl-f5177410-c437-49cc-94ad-c893ee7f2150/datanode-5/data/ratis/74e094ac-f1b5-44a7-a6ef-c5c79dc12fe2 has been successfully formatted.
2019-09-06 01:43:12,065 [pool-730-thread-1] INFO  ratis.ContainerStateMachine (ContainerStateMachine.java:loadSnapshot(227)) - group-C5C79DC12FE2: The snapshot info is null. Setting the last applied indexto:(t:0, i:~)
2019-09-06 01:43:12,065 [pool-730-thread-1] INFO  server.RaftServerConfigKeys (ConfUtils.java:logGet(43)) - raft.server.leader.election.timeout = 120s (custom)
2019-09-06 01:43:12,065 [pool-730-thread-1] INFO  server.RaftServerConfigKeys (ConfUtils.java:logGet(43)) - raft.server.log.use.memory = false (default)
2019-09-06 01:43:12,066 [pool-730-thread-1] INFO  server.RaftServerConfigKeys (ConfUtils.java:logGet(43)) - raft.server.log.purge.gap = 1000000 (custom)
2019-09-06 01:43:12,066 [pool-730-thread-1] INFO  server.RaftServerConfigKeys (ConfUtils.java:logGet(43)) - raft.server.log.appender.buffer.byte-limit = 33554432 (custom)
2019-09-06 01:43:12,066 [pool-730-thread-1] INFO  server.RaftServerConfigKeys (ConfUtils.java:logGet(43)) - raft.server.log.segment.size.max = 1048576 (custom)
2019-09-06 01:43:12,066 [pool-730-thread-1] INFO  server.RaftServerConfigKeys (ConfUtils.java:logGet(43)) - raft.server.log.segment.cache.num.max = 2 (custom)
2019-09-06 01:43:12,066 [pool-730-thread-1] INFO  segmented.SegmentedRaftLogWorker (SegmentedRaftLogWorker.java:<init>(172)) - new a535f1e5-8f96-4de4-9301-2678fc073a36-SegmentedRaftLogWorker:Storage Directory /workdir/hadoop-ozone/integration-test/target/test-dir/MiniOzoneClusterImpl-f5177410-c437-49cc-94ad-c893ee7f2150/datanode-5/data/ratis/74e094ac-f1b5-44a7-a6ef-c5c79dc12fe2 for RaftStorage:Storage Directory /workdir/hadoop-ozone/integration-test/target/test-dir/MiniOzoneClusterImpl-f5177410-c437-49cc-94ad-c893ee7f2150/datanode-5/data/ratis/74e094ac-f1b5-44a7-a6ef-c5c79dc12fe2
2019-09-06 01:43:12,066 [pool-730-thread-1] INFO  server.RaftServerConfigKeys (ConfUtils.java:logGet(43)) - raft.server.log.queue.byte-limit = 2147483647 (custom)
2019-09-06 01:43:12,066 [pool-730-thread-1] INFO  server.RaftServerConfigKeys (ConfUtils.java:logGet(43)) - raft.server.log.queue.element-limit = 1024 (custom)
2019-09-06 01:43:12,066 [pool-730-thread-1] INFO  server.RaftServerConfigKeys (ConfUtils.java:logGet(43)) - raft.server.log.segment.size.max = 1048576 (custom)
2019-09-06 01:43:12,066 [pool-730-thread-1] INFO  server.RaftServerConfigKeys (ConfUtils.java:logGet(43)) - raft.server.log.preallocated.size = 16384 (custom)
2019-09-06 01:43:12,066 [pool-730-thread-1] INFO  server.RaftServerConfigKeys (ConfUtils.java:logGet(43)) - raft.server.log.write.buffer.size = 33554432 (custom)
2019-09-06 01:43:12,067 [pool-730-thread-1] INFO  server.RaftServerConfigKeys (ConfUtils.java:logGet(43)) - raft.server.log.force.sync.num = 128 (default)
2019-09-06 01:43:12,067 [pool-730-thread-1] INFO  server.RaftServerConfigKeys (ConfUtils.java:logGet(43)) - raft.server.log.statemachine.data.sync = true (default)
2019-09-06 01:43:12,067 [pool-730-thread-1] INFO  server.RaftServerConfigKeys (ConfUtils.java:logGet(43)) - raft.server.log.statemachine.data.sync.timeout = 10s (default)
2019-09-06 01:43:12,067 [pool-730-thread-1] INFO  server.RaftServerConfigKeys (ConfUtils.java:logGet(43)) - raft.server.log.statemachine.data.sync.timeout.retry = -1 (default)
2019-09-06 01:43:12,067 [pool-730-thread-1] INFO  server.RaftServerConfigKeys (ConfUtils.java:logGet(43)) - raft.server.log.statemachine.data.caching.enabled = true (custom)
2019-09-06 01:43:12,067 [pool-730-thread-1] INFO  segmented.SegmentedRaftLogWorker (SegmentedRaftLogWorker.java:lambda$new$0(132)) - a535f1e5-8f96-4de4-9301-2678fc073a36-SegmentedRaftLogWorker:Storage Directory /workdir/hadoop-ozone/integration-test/target/test-dir/MiniOzoneClusterImpl-f5177410-c437-49cc-94ad-c893ee7f2150/datanode-5/data/ratis/74e094ac-f1b5-44a7-a6ef-c5c79dc12fe2: flushIndex: setUnconditionally 0 -> -1
2019-09-06 01:43:12,067 [pool-730-thread-1] INFO  server.RaftServerConfigKeys (ConfUtils.java:logGet(43)) - raft.server.snapshot.auto.trigger.enabled = true (custom)
2019-09-06 01:43:12,068 [pool-730-thread-1] INFO  server.RaftServerConfigKeys (ConfUtils.java:logGet(43)) - raft.server.snapshot.auto.trigger.threshold = 10000 (custom)
2019-09-06 01:43:12,068 [pool-730-thread-1] INFO  server.RaftServerConfigKeys (ConfUtils.java:logGet(43)) - raft.server.retrycache.expirytime = 600000ms (custom)
2019-09-06 01:43:12,068 [pool-730-thread-1] INFO  impl.RaftServerImpl (RaftServerImpl.java:start(180)) - a535f1e5-8f96-4de4-9301-2678fc073a36: start group-C5C79DC12FE2
2019-09-06 01:43:12,068 [pool-730-thread-1] INFO  impl.RaftServerImpl (RaftServerImpl.java:setRole(171)) - a535f1e5-8f96-4de4-9301-2678fc073a36:group-C5C79DC12FE2 changes role from null to FOLLOWER at term 0 for startAsFollower
2019-09-06 01:43:12,068 [pool-730-thread-1] INFO  impl.RoleInfo (RoleInfo.java:updateAndGet(143)) - a535f1e5-8f96-4de4-9301-2678fc073a36: start FollowerState
2019-09-06 01:43:12,068 [pool-730-thread-1] INFO  util.JmxRegister (JmxRegister.java:tryRegister(44)) - Successfully registered JMX Bean with object name Ratis:service=RaftServer,group=group-C5C79DC12FE2,id=a535f1e5-8f96-4de4-9301-2678fc073a36
2019-09-06 01:43:12,070 [RatisPipelineUtilsThread] INFO  pipeline.PipelineStateManager (PipelineStateManager.java:addPipeline(56)) - Created pipeline Pipeline[ Id: 74e094ac-f1b5-44a7-a6ef-c5c79dc12fe2, Nodes: a535f1e5-8f96-4de4-9301-2678fc073a36{ip: 192.168.5.177, host: pr-hdds-2015-4zh84-2711163145, networkLocation: /default-rack, certSerialId: null}, Type:RATIS, Factor:ONE, State:OPEN]
2019-09-06 01:43:12,076 [grpc-default-executor-8] INFO  impl.RaftServerProxy (RaftServerProxy.java:addNew(89)) - adee5101-b96d-47d7-a476-4abea9874438: addNew group-3D081775FC66:[adee5101-b96d-47d7-a476-4abea9874438:192.168.5.177:46866] returns group-3D081775FC66:java.util.concurrent.CompletableFuture@296df016[Not completed]
2019-09-06 01:43:12,077 [pool-740-thread-1] INFO  impl.RaftServerImpl (RaftServerImpl.java:<init>(93)) - adee5101-b96d-47d7-a476-4abea9874438: new RaftServerImpl for group-3D081775FC66:[adee5101-b96d-47d7-a476-4abea9874438:192.168.5.177:46866] with ContainerStateMachine:uninitialized
2019-09-06 01:43:12,078 [pool-740-thread-1] INFO  server.RaftServerConfigKeys (ConfUtils.java:logGet(43)) - raft.server.rpc.timeout.min = 5s (custom)
2019-09-06 01:43:12,078 [pool-740-thread-1] INFO  server.RaftServerConfigKeys (ConfUtils.java:logGet(43)) - raft.server.rpc.timeout.max = 5200ms (custom)
2019-09-06 01:43:12,078 [pool-740-thread-1] INFO  server.RaftServerConfigKeys (ConfUtils.java:logGet(43)) - raft.server.rpcslowness.timeout = 120s (custom)
2019-09-06 01:43:12,078 [pool-740-thread-1] INFO  server.RaftServerConfigKeys (ConfUtils.java:logGet(43)) - raft.server.sleep.deviation.threshold = 300 (default)
2019-09-06 01:43:12,078 [pool-740-thread-1] INFO  server.RaftServerConfigKeys (ConfUtils.java:logGet(43)) - raft.server.log.appender.install.snapshot.enabled = false (custom)
2019-09-06 01:43:12,078 [pool-740-thread-1] INFO  impl.RaftServerImpl (ServerState.java:<init>(105)) - adee5101-b96d-47d7-a476-4abea9874438:group-3D081775FC66 ConfigurationManager, init=-1: [adee5101-b96d-47d7-a476-4abea9874438:192.168.5.177:46866], old=null, confs=<EMPTY_MAP>
2019-09-06 01:43:12,079 [pool-740-thread-1] INFO  server.RaftServerConfigKeys (ConfUtils.java:logGet(43)) - raft.server.storage.dir = [/workdir/hadoop-ozone/integration-test/target/test-dir/MiniOzoneClusterImpl-f5177410-c437-49cc-94ad-c893ee7f2150/datanode-6/data/ratis] (custom)
2019-09-06 01:43:12,079 [pool-740-thread-1] INFO  storage.RaftStorageDirectory (RaftStorageDirectory.java:analyzeStorage(246)) - The storage directory /workdir/hadoop-ozone/integration-test/target/test-dir/MiniOzoneClusterImpl-f5177410-c437-49cc-94ad-c893ee7f2150/datanode-6/data/ratis/818b80cb-d5cd-4623-a13c-3d081775fc66 does not exist. Creating ...
2019-09-06 01:43:12,092 [pool-740-thread-1] INFO  storage.RaftStorageDirectory (RaftStorageDirectory.java:tryLock(328)) - Lock on /workdir/hadoop-ozone/integration-test/target/test-dir/MiniOzoneClusterImpl-f5177410-c437-49cc-94ad-c893ee7f2150/datanode-6/data/ratis/818b80cb-d5cd-4623-a13c-3d081775fc66/in_use.lock acquired by nodename 29060@pr-hdds-2015-4zh84-2711163145
2019-09-06 01:43:12,105 [pool-740-thread-1] INFO  storage.RaftStorage (RaftStorage.java:format(72)) - Storage directory /workdir/hadoop-ozone/integration-test/target/test-dir/MiniOzoneClusterImpl-f5177410-c437-49cc-94ad-c893ee7f2150/datanode-6/data/ratis/818b80cb-d5cd-4623-a13c-3d081775fc66 has been successfully formatted.
2019-09-06 01:43:12,106 [pool-740-thread-1] INFO  ratis.ContainerStateMachine (ContainerStateMachine.java:loadSnapshot(227)) - group-3D081775FC66: The snapshot info is null. Setting the last applied indexto:(t:0, i:~)
2019-09-06 01:43:12,106 [pool-740-thread-1] INFO  server.RaftServerConfigKeys (ConfUtils.java:logGet(43)) - raft.server.leader.election.timeout = 120s (custom)
2019-09-06 01:43:12,106 [pool-740-thread-1] INFO  server.RaftServerConfigKeys (ConfUtils.java:logGet(43)) - raft.server.log.use.memory = false (default)
2019-09-06 01:43:12,106 [pool-740-thread-1] INFO  server.RaftServerConfigKeys (ConfUtils.java:logGet(43)) - raft.server.log.purge.gap = 1000000 (custom)
2019-09-06 01:43:12,106 [pool-740-thread-1] INFO  server.RaftServerConfigKeys (ConfUtils.java:logGet(43)) - raft.server.log.appender.buffer.byte-limit = 33554432 (custom)
2019-09-06 01:43:12,106 [pool-740-thread-1] INFO  server.RaftServerConfigKeys (ConfUtils.java:logGet(43)) - raft.server.log.segment.size.max = 1048576 (custom)
2019-09-06 01:43:12,107 [pool-740-thread-1] INFO  server.RaftServerConfigKeys (ConfUtils.java:logGet(43)) - raft.server.log.segment.cache.num.max = 2 (custom)
2019-09-06 01:43:12,107 [pool-740-thread-1] INFO  segmented.SegmentedRaftLogWorker (SegmentedRaftLogWorker.java:<init>(172)) - new adee5101-b96d-47d7-a476-4abea9874438-SegmentedRaftLogWorker:Storage Directory /workdir/hadoop-ozone/integration-test/target/test-dir/MiniOzoneClusterImpl-f5177410-c437-49cc-94ad-c893ee7f2150/datanode-6/data/ratis/818b80cb-d5cd-4623-a13c-3d081775fc66 for RaftStorage:Storage Directory /workdir/hadoop-ozone/integration-test/target/test-dir/MiniOzoneClusterImpl-f5177410-c437-49cc-94ad-c893ee7f2150/datanode-6/data/ratis/818b80cb-d5cd-4623-a13c-3d081775fc66
2019-09-06 01:43:12,107 [pool-740-thread-1] INFO  server.RaftServerConfigKeys (ConfUtils.java:logGet(43)) - raft.server.log.queue.byte-limit = 2147483647 (custom)
2019-09-06 01:43:12,107 [pool-740-thread-1] INFO  server.RaftServerConfigKeys (ConfUtils.java:logGet(43)) - raft.server.log.queue.element-limit = 1024 (custom)
2019-09-06 01:43:12,107 [pool-740-thread-1] INFO  server.RaftServerConfigKeys (ConfUtils.java:logGet(43)) - raft.server.log.segment.size.max = 1048576 (custom)
2019-09-06 01:43:12,107 [pool-740-thread-1] INFO  server.RaftServerConfigKeys (ConfUtils.java:logGet(43)) - raft.server.log.preallocated.size = 16384 (custom)
2019-09-06 01:43:12,108 [pool-740-thread-1] INFO  server.RaftServerConfigKeys (ConfUtils.java:logGet(43)) - raft.server.log.write.buffer.size = 33554432 (custom)
2019-09-06 01:43:12,108 [pool-740-thread-1] INFO  server.RaftServerConfigKeys (ConfUtils.java:logGet(43)) - raft.server.log.force.sync.num = 128 (default)
2019-09-06 01:43:12,108 [pool-740-thread-1] INFO  server.RaftServerConfigKeys (ConfUtils.java:logGet(43)) - raft.server.log.statemachine.data.sync = true (default)
2019-09-06 01:43:12,108 [pool-740-thread-1] INFO  server.RaftServerConfigKeys (ConfUtils.java:logGet(43)) - raft.server.log.statemachine.data.sync.timeout = 10s (default)
2019-09-06 01:43:12,108 [pool-740-thread-1] INFO  server.RaftServerConfigKeys (ConfUtils.java:logGet(43)) - raft.server.log.statemachine.data.sync.timeout.retry = -1 (default)
2019-09-06 01:43:12,108 [pool-740-thread-1] INFO  server.RaftServerConfigKeys (ConfUtils.java:logGet(43)) - raft.server.log.statemachine.data.caching.enabled = true (custom)
2019-09-06 01:43:12,109 [pool-740-thread-1] INFO  segmented.SegmentedRaftLogWorker (SegmentedRaftLogWorker.java:lambda$new$0(132)) - adee5101-b96d-47d7-a476-4abea9874438-SegmentedRaftLogWorker:Storage Directory /workdir/hadoop-ozone/integration-test/target/test-dir/MiniOzoneClusterImpl-f5177410-c437-49cc-94ad-c893ee7f2150/datanode-6/data/ratis/818b80cb-d5cd-4623-a13c-3d081775fc66: flushIndex: setUnconditionally 0 -> -1
2019-09-06 01:43:12,109 [pool-740-thread-1] INFO  server.RaftServerConfigKeys (ConfUtils.java:logGet(43)) - raft.server.snapshot.auto.trigger.enabled = true (custom)
2019-09-06 01:43:12,109 [pool-740-thread-1] INFO  server.RaftServerConfigKeys (ConfUtils.java:logGet(43)) - raft.server.snapshot.auto.trigger.threshold = 10000 (custom)
2019-09-06 01:43:12,109 [pool-740-thread-1] INFO  server.RaftServerConfigKeys (ConfUtils.java:logGet(43)) - raft.server.retrycache.expirytime = 600000ms (custom)
2019-09-06 01:43:12,110 [pool-740-thread-1] INFO  impl.RaftServerImpl (RaftServerImpl.java:start(180)) - adee5101-b96d-47d7-a476-4abea9874438: start group-3D081775FC66
2019-09-06 01:43:12,110 [pool-740-thread-1] INFO  impl.RaftServerImpl (RaftServerImpl.java:setRole(171)) - adee5101-b96d-47d7-a476-4abea9874438:group-3D081775FC66 changes role from null to FOLLOWER at term 0 for startAsFollower
2019-09-06 01:43:12,110 [pool-740-thread-1] INFO  impl.RoleInfo (RoleInfo.java:updateAndGet(143)) - adee5101-b96d-47d7-a476-4abea9874438: start FollowerState
2019-09-06 01:43:12,110 [pool-740-thread-1] INFO  util.JmxRegister (JmxRegister.java:tryRegister(44)) - Successfully registered JMX Bean with object name Ratis:service=RaftServer,group=group-3D081775FC66,id=adee5101-b96d-47d7-a476-4abea9874438
2019-09-06 01:43:12,112 [RatisPipelineUtilsThread] INFO  pipeline.PipelineStateManager (PipelineStateManager.java:addPipeline(56)) - Created pipeline Pipeline[ Id: 818b80cb-d5cd-4623-a13c-3d081775fc66, Nodes: adee5101-b96d-47d7-a476-4abea9874438{ip: 192.168.5.177, host: pr-hdds-2015-4zh84-2711163145, networkLocation: /default-rack, certSerialId: null}, Type:RATIS, Factor:ONE, State:OPEN]
2019-09-06 01:43:12,130 [grpc-default-executor-2] INFO  impl.RaftServerProxy (RaftServerProxy.java:addNew(89)) - adee5101-b96d-47d7-a476-4abea9874438: addNew group-813194B7863C:[adee5101-b96d-47d7-a476-4abea9874438:192.168.5.177:46866, a535f1e5-8f96-4de4-9301-2678fc073a36:192.168.5.177:33796, aa424548-ca22-474d-89f9-384a5c0f40e5:192.168.5.177:41858] returns group-813194B7863C:java.util.concurrent.CompletableFuture@72119c60[Not completed]
2019-09-06 01:43:12,131 [grpc-default-executor-8] INFO  impl.RaftServerProxy (RaftServerProxy.java:addNew(89)) - aa424548-ca22-474d-89f9-384a5c0f40e5: addNew group-813194B7863C:[adee5101-b96d-47d7-a476-4abea9874438:192.168.5.177:46866, a535f1e5-8f96-4de4-9301-2678fc073a36:192.168.5.177:33796, aa424548-ca22-474d-89f9-384a5c0f40e5:192.168.5.177:41858] returns group-813194B7863C:java.util.concurrent.CompletableFuture@78105a34[Not completed]
2019-09-06 01:43:12,130 [grpc-default-executor-5] INFO  impl.RaftServerProxy (RaftServerProxy.java:addNew(89)) - a535f1e5-8f96-4de4-9301-2678fc073a36: addNew group-813194B7863C:[adee5101-b96d-47d7-a476-4abea9874438:192.168.5.177:46866, a535f1e5-8f96-4de4-9301-2678fc073a36:192.168.5.177:33796, aa424548-ca22-474d-89f9-384a5c0f40e5:192.168.5.177:41858] returns group-813194B7863C:java.util.concurrent.CompletableFuture@e58bd92[Not completed]
2019-09-06 01:43:12,132 [pool-740-thread-1] INFO  impl.RaftServerImpl (RaftServerImpl.java:<init>(93)) - adee5101-b96d-47d7-a476-4abea9874438: new RaftServerImpl for group-813194B7863C:[adee5101-b96d-47d7-a476-4abea9874438:192.168.5.177:46866, a535f1e5-8f96-4de4-9301-2678fc073a36:192.168.5.177:33796, aa424548-ca22-474d-89f9-384a5c0f40e5:192.168.5.177:41858] with ContainerStateMachine:uninitialized
2019-09-06 01:43:12,132 [pool-740-thread-1] INFO  server.RaftServerConfigKeys (ConfUtils.java:logGet(43)) - raft.server.rpc.timeout.min = 5s (custom)
2019-09-06 01:43:12,132 [pool-740-thread-1] INFO  server.RaftServerConfigKeys (ConfUtils.java:logGet(43)) - raft.server.rpc.timeout.max = 5200ms (custom)
2019-09-06 01:43:12,132 [pool-740-thread-1] INFO  server.RaftServerConfigKeys (ConfUtils.java:logGet(43)) - raft.server.rpcslowness.timeout = 120s (custom)
2019-09-06 01:43:12,132 [pool-740-thread-1] INFO  server.RaftServerConfigKeys (ConfUtils.java:logGet(43)) - raft.server.sleep.deviation.threshold = 300 (default)
2019-09-06 01:43:12,133 [pool-730-thread-1] INFO  impl.RaftServerImpl (RaftServerImpl.java:<init>(93)) - a535f1e5-8f96-4de4-9301-2678fc073a36: new RaftServerImpl for group-813194B7863C:[adee5101-b96d-47d7-a476-4abea9874438:192.168.5.177:46866, a535f1e5-8f96-4de4-9301-2678fc073a36:192.168.5.177:33796, aa424548-ca22-474d-89f9-384a5c0f40e5:192.168.5.177:41858] with ContainerStateMachine:uninitialized
2019-09-06 01:43:12,133 [pool-740-thread-1] INFO  server.RaftServerConfigKeys (ConfUtils.java:logGet(43)) - raft.server.log.appender.install.snapshot.enabled = false (custom)
2019-09-06 01:43:12,133 [pool-730-thread-1] INFO  server.RaftServerConfigKeys (ConfUtils.java:logGet(43)) - raft.server.rpc.timeout.min = 5s (custom)
2019-09-06 01:43:12,133 [pool-740-thread-1] INFO  impl.RaftServerImpl (ServerState.java:<init>(105)) - adee5101-b96d-47d7-a476-4abea9874438:group-813194B7863C ConfigurationManager, init=-1: [adee5101-b96d-47d7-a476-4abea9874438:192.168.5.177:46866, a535f1e5-8f96-4de4-9301-2678fc073a36:192.168.5.177:33796, aa424548-ca22-474d-89f9-384a5c0f40e5:192.168.5.177:41858], old=null, confs=<EMPTY_MAP>
2019-09-06 01:43:12,133 [pool-710-thread-1] INFO  impl.RaftServerImpl (RaftServerImpl.java:<init>(93)) - aa424548-ca22-474d-89f9-384a5c0f40e5: new RaftServerImpl for group-813194B7863C:[adee5101-b96d-47d7-a476-4abea9874438:192.168.5.177:46866, a535f1e5-8f96-4de4-9301-2678fc073a36:192.168.5.177:33796, aa424548-ca22-474d-89f9-384a5c0f40e5:192.168.5.177:41858] with ContainerStateMachine:uninitialized
2019-09-06 01:43:12,133 [pool-730-thread-1] INFO  server.RaftServerConfigKeys (ConfUtils.java:logGet(43)) - raft.server.rpc.timeout.max = 5200ms (custom)
2019-09-06 01:43:12,133 [pool-710-thread-1] INFO  server.RaftServerConfigKeys (ConfUtils.java:logGet(43)) - raft.server.rpc.timeout.min = 5s (custom)
2019-09-06 01:43:12,133 [pool-740-thread-1] INFO  server.RaftServerConfigKeys (ConfUtils.java:logGet(43)) - raft.server.storage.dir = [/workdir/hadoop-ozone/integration-test/target/test-dir/MiniOzoneClusterImpl-f5177410-c437-49cc-94ad-c893ee7f2150/datanode-6/data/ratis] (custom)
2019-09-06 01:43:12,134 [pool-710-thread-1] INFO  server.RaftServerConfigKeys (ConfUtils.java:logGet(43)) - raft.server.rpc.timeout.max = 5200ms (custom)
2019-09-06 01:43:12,133 [pool-730-thread-1] INFO  server.RaftServerConfigKeys (ConfUtils.java:logGet(43)) - raft.server.rpcslowness.timeout = 120s (custom)
2019-09-06 01:43:12,134 [pool-740-thread-1] INFO  storage.RaftStorageDirectory (RaftStorageDirectory.java:analyzeStorage(246)) - The storage directory /workdir/hadoop-ozone/integration-test/target/test-dir/MiniOzoneClusterImpl-f5177410-c437-49cc-94ad-c893ee7f2150/datanode-6/data/ratis/754c92af-cd0f-42fb-9cb8-813194b7863c does not exist. Creating ...
2019-09-06 01:43:12,134 [pool-710-thread-1] INFO  server.RaftServerConfigKeys (ConfUtils.java:logGet(43)) - raft.server.rpcslowness.timeout = 120s (custom)
2019-09-06 01:43:12,134 [pool-710-thread-1] INFO  server.RaftServerConfigKeys (ConfUtils.java:logGet(43)) - raft.server.sleep.deviation.threshold = 300 (default)
2019-09-06 01:43:12,134 [pool-730-thread-1] INFO  server.RaftServerConfigKeys (ConfUtils.java:logGet(43)) - raft.server.sleep.deviation.threshold = 300 (default)
2019-09-06 01:43:12,134 [pool-710-thread-1] INFO  server.RaftServerConfigKeys (ConfUtils.java:logGet(43)) - raft.server.log.appender.install.snapshot.enabled = false (custom)
2019-09-06 01:43:12,134 [pool-730-thread-1] INFO  server.RaftServerConfigKeys (ConfUtils.java:logGet(43)) - raft.server.log.appender.install.snapshot.enabled = false (custom)
2019-09-06 01:43:12,135 [pool-710-thread-1] INFO  impl.RaftServerImpl (ServerState.java:<init>(105)) - aa424548-ca22-474d-89f9-384a5c0f40e5:group-813194B7863C ConfigurationManager, init=-1: [adee5101-b96d-47d7-a476-4abea9874438:192.168.5.177:46866, a535f1e5-8f96-4de4-9301-2678fc073a36:192.168.5.177:33796, aa424548-ca22-474d-89f9-384a5c0f40e5:192.168.5.177:41858], old=null, confs=<EMPTY_MAP>
2019-09-06 01:43:12,135 [pool-730-thread-1] INFO  impl.RaftServerImpl (ServerState.java:<init>(105)) - a535f1e5-8f96-4de4-9301-2678fc073a36:group-813194B7863C ConfigurationManager, init=-1: [adee5101-b96d-47d7-a476-4abea9874438:192.168.5.177:46866, a535f1e5-8f96-4de4-9301-2678fc073a36:192.168.5.177:33796, aa424548-ca22-474d-89f9-384a5c0f40e5:192.168.5.177:41858], old=null, confs=<EMPTY_MAP>
2019-09-06 01:43:12,135 [pool-710-thread-1] INFO  server.RaftServerConfigKeys (ConfUtils.java:logGet(43)) - raft.server.storage.dir = [/workdir/hadoop-ozone/integration-test/target/test-dir/MiniOzoneClusterImpl-f5177410-c437-49cc-94ad-c893ee7f2150/datanode-3/data/ratis] (custom)
2019-09-06 01:43:12,135 [pool-730-thread-1] INFO  server.RaftServerConfigKeys (ConfUtils.java:logGet(43)) - raft.server.storage.dir = [/workdir/hadoop-ozone/integration-test/target/test-dir/MiniOzoneClusterImpl-f5177410-c437-49cc-94ad-c893ee7f2150/datanode-5/data/ratis] (custom)
2019-09-06 01:43:12,135 [pool-710-thread-1] INFO  storage.RaftStorageDirectory (RaftStorageDirectory.java:analyzeStorage(246)) - The storage directory /workdir/hadoop-ozone/integration-test/target/test-dir/MiniOzoneClusterImpl-f5177410-c437-49cc-94ad-c893ee7f2150/datanode-3/data/ratis/754c92af-cd0f-42fb-9cb8-813194b7863c does not exist. Creating ...
2019-09-06 01:43:12,135 [pool-730-thread-1] INFO  storage.RaftStorageDirectory (RaftStorageDirectory.java:analyzeStorage(246)) - The storage directory /workdir/hadoop-ozone/integration-test/target/test-dir/MiniOzoneClusterImpl-f5177410-c437-49cc-94ad-c893ee7f2150/datanode-5/data/ratis/754c92af-cd0f-42fb-9cb8-813194b7863c does not exist. Creating ...
2019-09-06 01:43:12,146 [pool-710-thread-1] INFO  storage.RaftStorageDirectory (RaftStorageDirectory.java:tryLock(328)) - Lock on /workdir/hadoop-ozone/integration-test/target/test-dir/MiniOzoneClusterImpl-f5177410-c437-49cc-94ad-c893ee7f2150/datanode-3/data/ratis/754c92af-cd0f-42fb-9cb8-813194b7863c/in_use.lock acquired by nodename 29060@pr-hdds-2015-4zh84-2711163145
2019-09-06 01:43:12,146 [pool-740-thread-1] INFO  storage.RaftStorageDirectory (RaftStorageDirectory.java:tryLock(328)) - Lock on /workdir/hadoop-ozone/integration-test/target/test-dir/MiniOzoneClusterImpl-f5177410-c437-49cc-94ad-c893ee7f2150/datanode-6/data/ratis/754c92af-cd0f-42fb-9cb8-813194b7863c/in_use.lock acquired by nodename 29060@pr-hdds-2015-4zh84-2711163145
2019-09-06 01:43:12,146 [pool-730-thread-1] INFO  storage.RaftStorageDirectory (RaftStorageDirectory.java:tryLock(328)) - Lock on /workdir/hadoop-ozone/integration-test/target/test-dir/MiniOzoneClusterImpl-f5177410-c437-49cc-94ad-c893ee7f2150/datanode-5/data/ratis/754c92af-cd0f-42fb-9cb8-813194b7863c/in_use.lock acquired by nodename 29060@pr-hdds-2015-4zh84-2711163145
2019-09-06 01:43:12,160 [pool-730-thread-1] INFO  storage.RaftStorage (RaftStorage.java:format(72)) - Storage directory /workdir/hadoop-ozone/integration-test/target/test-dir/MiniOzoneClusterImpl-f5177410-c437-49cc-94ad-c893ee7f2150/datanode-5/data/ratis/754c92af-cd0f-42fb-9cb8-813194b7863c has been successfully formatted.
2019-09-06 01:43:12,160 [pool-740-thread-1] INFO  storage.RaftStorage (RaftStorage.java:format(72)) - Storage directory /workdir/hadoop-ozone/integration-test/target/test-dir/MiniOzoneClusterImpl-f5177410-c437-49cc-94ad-c893ee7f2150/datanode-6/data/ratis/754c92af-cd0f-42fb-9cb8-813194b7863c has been successfully formatted.
2019-09-06 01:43:12,160 [pool-710-thread-1] INFO  storage.RaftStorage (RaftStorage.java:format(72)) - Storage directory /workdir/hadoop-ozone/integration-test/target/test-dir/MiniOzoneClusterImpl-f5177410-c437-49cc-94ad-c893ee7f2150/datanode-3/data/ratis/754c92af-cd0f-42fb-9cb8-813194b7863c has been successfully formatted.
2019-09-06 01:43:12,160 [pool-740-thread-1] INFO  ratis.ContainerStateMachine (ContainerStateMachine.java:loadSnapshot(227)) - group-813194B7863C: The snapshot info is null. Setting the last applied indexto:(t:0, i:~)
2019-09-06 01:43:12,160 [pool-730-thread-1] INFO  ratis.ContainerStateMachine (ContainerStateMachine.java:loadSnapshot(227)) - group-813194B7863C: The snapshot info is null. Setting the last applied indexto:(t:0, i:~)
2019-09-06 01:43:12,160 [pool-740-thread-1] INFO  server.RaftServerConfigKeys (ConfUtils.java:logGet(43)) - raft.server.leader.election.timeout = 120s (custom)
2019-09-06 01:43:12,160 [pool-710-thread-1] INFO  ratis.ContainerStateMachine (ContainerStateMachine.java:loadSnapshot(227)) - group-813194B7863C: The snapshot info is null. Setting the last applied indexto:(t:0, i:~)
2019-09-06 01:43:12,160 [pool-740-thread-1] INFO  server.RaftServerConfigKeys (ConfUtils.java:logGet(43)) - raft.server.log.use.memory = false (default)
2019-09-06 01:43:12,160 [pool-730-thread-1] INFO  server.RaftServerConfigKeys (ConfUtils.java:logGet(43)) - raft.server.leader.election.timeout = 120s (custom)
2019-09-06 01:43:12,161 [pool-740-thread-1] INFO  server.RaftServerConfigKeys (ConfUtils.java:logGet(43)) - raft.server.log.purge.gap = 1000000 (custom)
2019-09-06 01:43:12,161 [pool-740-thread-1] INFO  server.RaftServerConfigKeys (ConfUtils.java:logGet(43)) - raft.server.log.appender.buffer.byte-limit = 33554432 (custom)
2019-09-06 01:43:12,161 [pool-710-thread-1] INFO  server.RaftServerConfigKeys (ConfUtils.java:logGet(43)) - raft.server.leader.election.timeout = 120s (custom)
2019-09-06 01:43:12,161 [pool-740-thread-1] INFO  server.RaftServerConfigKeys (ConfUtils.java:logGet(43)) - raft.server.log.segment.size.max = 1048576 (custom)
2019-09-06 01:43:12,161 [pool-740-thread-1] INFO  server.RaftServerConfigKeys (ConfUtils.java:logGet(43)) - raft.server.log.segment.cache.num.max = 2 (custom)
2019-09-06 01:43:12,161 [pool-730-thread-1] INFO  server.RaftServerConfigKeys (ConfUtils.java:logGet(43)) - raft.server.log.use.memory = false (default)
2019-09-06 01:43:12,162 [pool-740-thread-1] INFO  segmented.SegmentedRaftLogWorker (SegmentedRaftLogWorker.java:<init>(172)) - new adee5101-b96d-47d7-a476-4abea9874438-SegmentedRaftLogWorker:Storage Directory /workdir/hadoop-ozone/integration-test/target/test-dir/MiniOzoneClusterImpl-f5177410-c437-49cc-94ad-c893ee7f2150/datanode-6/data/ratis/754c92af-cd0f-42fb-9cb8-813194b7863c for RaftStorage:Storage Directory /workdir/hadoop-ozone/integration-test/target/test-dir/MiniOzoneClusterImpl-f5177410-c437-49cc-94ad-c893ee7f2150/datanode-6/data/ratis/754c92af-cd0f-42fb-9cb8-813194b7863c
2019-09-06 01:43:12,161 [pool-710-thread-1] INFO  server.RaftServerConfigKeys (ConfUtils.java:logGet(43)) - raft.server.log.use.memory = false (default)
2019-09-06 01:43:12,162 [pool-740-thread-1] INFO  server.RaftServerConfigKeys (ConfUtils.java:logGet(43)) - raft.server.log.queue.byte-limit = 2147483647 (custom)
2019-09-06 01:43:12,162 [pool-730-thread-1] INFO  server.RaftServerConfigKeys (ConfUtils.java:logGet(43)) - raft.server.log.purge.gap = 1000000 (custom)
2019-09-06 01:43:12,162 [pool-740-thread-1] INFO  server.RaftServerConfigKeys (ConfUtils.java:logGet(43)) - raft.server.log.queue.element-limit = 1024 (custom)
2019-09-06 01:43:12,162 [pool-710-thread-1] INFO  server.RaftServerConfigKeys (ConfUtils.java:logGet(43)) - raft.server.log.purge.gap = 1000000 (custom)
2019-09-06 01:43:12,162 [pool-740-thread-1] INFO  server.RaftServerConfigKeys (ConfUtils.java:logGet(43)) - raft.server.log.segment.size.max = 1048576 (custom)
2019-09-06 01:43:12,162 [pool-730-thread-1] INFO  server.RaftServerConfigKeys (ConfUtils.java:logGet(43)) - raft.server.log.appender.buffer.byte-limit = 33554432 (custom)
2019-09-06 01:43:12,162 [pool-740-thread-1] INFO  server.RaftServerConfigKeys (ConfUtils.java:logGet(43)) - raft.server.log.preallocated.size = 16384 (custom)
2019-09-06 01:43:12,162 [pool-710-thread-1] INFO  server.RaftServerConfigKeys (ConfUtils.java:logGet(43)) - raft.server.log.appender.buffer.byte-limit = 33554432 (custom)
2019-09-06 01:43:12,163 [pool-740-thread-1] INFO  server.RaftServerConfigKeys (ConfUtils.java:logGet(43)) - raft.server.log.write.buffer.size = 33554432 (custom)
2019-09-06 01:43:12,163 [pool-740-thread-1] INFO  server.RaftServerConfigKeys (ConfUtils.java:logGet(43)) - raft.server.log.force.sync.num = 128 (default)
2019-09-06 01:43:12,163 [pool-730-thread-1] INFO  server.RaftServerConfigKeys (ConfUtils.java:logGet(43)) - raft.server.log.segment.size.max = 1048576 (custom)
2019-09-06 01:43:12,163 [pool-740-thread-1] INFO  server.RaftServerConfigKeys (ConfUtils.java:logGet(43)) - raft.server.log.statemachine.data.sync = true (default)
2019-09-06 01:43:12,163 [pool-740-thread-1] INFO  server.RaftServerConfigKeys (ConfUtils.java:logGet(43)) - raft.server.log.statemachine.data.sync.timeout = 10s (default)
2019-09-06 01:43:12,163 [pool-710-thread-1] INFO  server.RaftServerConfigKeys (ConfUtils.java:logGet(43)) - raft.server.log.segment.size.max = 1048576 (custom)
2019-09-06 01:43:12,163 [pool-740-thread-1] INFO  server.RaftServerConfigKeys (ConfUtils.java:logGet(43)) - raft.server.log.statemachine.data.sync.timeout.retry = -1 (default)
2019-09-06 01:43:12,163 [pool-730-thread-1] INFO  server.RaftServerConfigKeys (ConfUtils.java:logGet(43)) - raft.server.log.segment.cache.num.max = 2 (custom)
2019-09-06 01:43:12,164 [pool-740-thread-1] INFO  server.RaftServerConfigKeys (ConfUtils.java:logGet(43)) - raft.server.log.statemachine.data.caching.enabled = true (custom)
2019-09-06 01:43:12,164 [pool-710-thread-1] INFO  server.RaftServerConfigKeys (ConfUtils.java:logGet(43)) - raft.server.log.segment.cache.num.max = 2 (custom)
2019-09-06 01:43:12,164 [pool-740-thread-1] INFO  segmented.SegmentedRaftLogWorker (SegmentedRaftLogWorker.java:lambda$new$0(132)) - adee5101-b96d-47d7-a476-4abea9874438-SegmentedRaftLogWorker:Storage Directory /workdir/hadoop-ozone/integration-test/target/test-dir/MiniOzoneClusterImpl-f5177410-c437-49cc-94ad-c893ee7f2150/datanode-6/data/ratis/754c92af-cd0f-42fb-9cb8-813194b7863c: flushIndex: setUnconditionally 0 -> -1
2019-09-06 01:43:12,164 [pool-730-thread-1] INFO  segmented.SegmentedRaftLogWorker (SegmentedRaftLogWorker.java:<init>(172)) - new a535f1e5-8f96-4de4-9301-2678fc073a36-SegmentedRaftLogWorker:Storage Directory /workdir/hadoop-ozone/integration-test/target/test-dir/MiniOzoneClusterImpl-f5177410-c437-49cc-94ad-c893ee7f2150/datanode-5/data/ratis/754c92af-cd0f-42fb-9cb8-813194b7863c for RaftStorage:Storage Directory /workdir/hadoop-ozone/integration-test/target/test-dir/MiniOzoneClusterImpl-f5177410-c437-49cc-94ad-c893ee7f2150/datanode-5/data/ratis/754c92af-cd0f-42fb-9cb8-813194b7863c
2019-09-06 01:43:12,164 [pool-710-thread-1] INFO  segmented.SegmentedRaftLogWorker (SegmentedRaftLogWorker.java:<init>(172)) - new aa424548-ca22-474d-89f9-384a5c0f40e5-SegmentedRaftLogWorker:Storage Directory /workdir/hadoop-ozone/integration-test/target/test-dir/MiniOzoneClusterImpl-f5177410-c437-49cc-94ad-c893ee7f2150/datanode-3/data/ratis/754c92af-cd0f-42fb-9cb8-813194b7863c for RaftStorage:Storage Directory /workdir/hadoop-ozone/integration-test/target/test-dir/MiniOzoneClusterImpl-f5177410-c437-49cc-94ad-c893ee7f2150/datanode-3/data/ratis/754c92af-cd0f-42fb-9cb8-813194b7863c
2019-09-06 01:43:12,164 [pool-740-thread-1] INFO  server.RaftServerConfigKeys (ConfUtils.java:logGet(43)) - raft.server.snapshot.auto.trigger.enabled = true (custom)
2019-09-06 01:43:12,164 [pool-730-thread-1] INFO  server.RaftServerConfigKeys (ConfUtils.java:logGet(43)) - raft.server.log.queue.byte-limit = 2147483647 (custom)
2019-09-06 01:43:12,165 [pool-740-thread-1] INFO  server.RaftServerConfigKeys (ConfUtils.java:logGet(43)) - raft.server.snapshot.auto.trigger.threshold = 10000 (custom)
2019-09-06 01:43:12,165 [pool-710-thread-1] INFO  server.RaftServerConfigKeys (ConfUtils.java:logGet(43)) - raft.server.log.queue.byte-limit = 2147483647 (custom)
2019-09-06 01:43:12,165 [pool-740-thread-1] INFO  server.RaftServerConfigKeys (ConfUtils.java:logGet(43)) - raft.server.retrycache.expirytime = 600000ms (custom)
2019-09-06 01:43:12,165 [pool-730-thread-1] INFO  server.RaftServerConfigKeys (ConfUtils.java:logGet(43)) - raft.server.log.queue.element-limit = 1024 (custom)
2019-09-06 01:43:12,165 [pool-740-thread-1] INFO  impl.RaftServerImpl (RaftServerImpl.java:start(180)) - adee5101-b96d-47d7-a476-4abea9874438: start group-813194B7863C
2019-09-06 01:43:12,165 [pool-740-thread-1] INFO  impl.RaftServerImpl (RaftServerImpl.java:setRole(171)) - adee5101-b96d-47d7-a476-4abea9874438:group-813194B7863C changes role from null to FOLLOWER at term 0 for startAsFollower
2019-09-06 01:43:12,165 [pool-710-thread-1] INFO  server.RaftServerConfigKeys (ConfUtils.java:logGet(43)) - raft.server.log.queue.element-limit = 1024 (custom)
2019-09-06 01:43:12,165 [pool-740-thread-1] INFO  impl.RoleInfo (RoleInfo.java:updateAndGet(143)) - adee5101-b96d-47d7-a476-4abea9874438: start FollowerState
2019-09-06 01:43:12,165 [pool-730-thread-1] INFO  server.RaftServerConfigKeys (ConfUtils.java:logGet(43)) - raft.server.log.segment.size.max = 1048576 (custom)
2019-09-06 01:43:12,166 [pool-710-thread-1] INFO  server.RaftServerConfigKeys (ConfUtils.java:logGet(43)) - raft.server.log.segment.size.max = 1048576 (custom)
2019-09-06 01:43:12,166 [pool-730-thread-1] INFO  server.RaftServerConfigKeys (ConfUtils.java:logGet(43)) - raft.server.log.preallocated.size = 16384 (custom)
2019-09-06 01:43:12,166 [pool-740-thread-1] INFO  util.JmxRegister (JmxRegister.java:tryRegister(44)) - Successfully registered JMX Bean with object name Ratis:service=RaftServer,group=group-813194B7863C,id=adee5101-b96d-47d7-a476-4abea9874438
2019-09-06 01:43:12,166 [pool-710-thread-1] INFO  server.RaftServerConfigKeys (ConfUtils.java:logGet(43)) - raft.server.log.preallocated.size = 16384 (custom)
2019-09-06 01:43:12,166 [pool-730-thread-1] INFO  server.RaftServerConfigKeys (ConfUtils.java:logGet(43)) - raft.server.log.write.buffer.size = 33554432 (custom)
2019-09-06 01:43:12,166 [pool-710-thread-1] INFO  server.RaftServerConfigKeys (ConfUtils.java:logGet(43)) - raft.server.log.write.buffer.size = 33554432 (custom)
2019-09-06 01:43:12,166 [pool-730-thread-1] INFO  server.RaftServerConfigKeys (ConfUtils.java:logGet(43)) - raft.server.log.force.sync.num = 128 (default)
2019-09-06 01:43:12,167 [pool-710-thread-1] INFO  server.RaftServerConfigKeys (ConfUtils.java:logGet(43)) - raft.server.log.force.sync.num = 128 (default)
2019-09-06 01:43:12,167 [pool-730-thread-1] INFO  server.RaftServerConfigKeys (ConfUtils.java:logGet(43)) - raft.server.log.statemachine.data.sync = true (default)
2019-09-06 01:43:12,167 [pool-710-thread-1] INFO  server.RaftServerConfigKeys (ConfUtils.java:logGet(43)) - raft.server.log.statemachine.data.sync = true (default)
2019-09-06 01:43:12,167 [pool-730-thread-1] INFO  server.RaftServerConfigKeys (ConfUtils.java:logGet(43)) - raft.server.log.statemachine.data.sync.timeout = 10s (default)
2019-09-06 01:43:12,167 [pool-710-thread-1] INFO  server.RaftServerConfigKeys (ConfUtils.java:logGet(43)) - raft.server.log.statemachine.data.sync.timeout = 10s (default)
2019-09-06 01:43:12,167 [pool-730-thread-1] INFO  server.RaftServerConfigKeys (ConfUtils.java:logGet(43)) - raft.server.log.statemachine.data.sync.timeout.retry = -1 (default)
2019-09-06 01:43:12,167 [pool-710-thread-1] INFO  server.RaftServerConfigKeys (ConfUtils.java:logGet(43)) - raft.server.log.statemachine.data.sync.timeout.retry = -1 (default)
2019-09-06 01:43:12,167 [pool-730-thread-1] INFO  server.RaftServerConfigKeys (ConfUtils.java:logGet(43)) - raft.server.log.statemachine.data.caching.enabled = true (custom)
2019-09-06 01:43:12,167 [pool-710-thread-1] INFO  server.RaftServerConfigKeys (ConfUtils.java:logGet(43)) - raft.server.log.statemachine.data.caching.enabled = true (custom)
2019-09-06 01:43:12,168 [pool-730-thread-1] INFO  segmented.SegmentedRaftLogWorker (SegmentedRaftLogWorker.java:lambda$new$0(132)) - a535f1e5-8f96-4de4-9301-2678fc073a36-SegmentedRaftLogWorker:Storage Directory /workdir/hadoop-ozone/integration-test/target/test-dir/MiniOzoneClusterImpl-f5177410-c437-49cc-94ad-c893ee7f2150/datanode-5/data/ratis/754c92af-cd0f-42fb-9cb8-813194b7863c: flushIndex: setUnconditionally 0 -> -1
2019-09-06 01:43:12,168 [pool-710-thread-1] INFO  segmented.SegmentedRaftLogWorker (SegmentedRaftLogWorker.java:lambda$new$0(132)) - aa424548-ca22-474d-89f9-384a5c0f40e5-SegmentedRaftLogWorker:Storage Directory /workdir/hadoop-ozone/integration-test/target/test-dir/MiniOzoneClusterImpl-f5177410-c437-49cc-94ad-c893ee7f2150/datanode-3/data/ratis/754c92af-cd0f-42fb-9cb8-813194b7863c: flushIndex: setUnconditionally 0 -> -1
2019-09-06 01:43:12,168 [pool-730-thread-1] INFO  server.RaftServerConfigKeys (ConfUtils.java:logGet(43)) - raft.server.snapshot.auto.trigger.enabled = true (custom)
2019-09-06 01:43:12,168 [pool-730-thread-1] INFO  server.RaftServerConfigKeys (ConfUtils.java:logGet(43)) - raft.server.snapshot.auto.trigger.threshold = 10000 (custom)
2019-09-06 01:43:12,168 [pool-710-thread-1] INFO  server.RaftServerConfigKeys (ConfUtils.java:logGet(43)) - raft.server.snapshot.auto.trigger.enabled = true (custom)
2019-09-06 01:43:12,168 [pool-730-thread-1] INFO  server.RaftServerConfigKeys (ConfUtils.java:logGet(43)) - raft.server.retrycache.expirytime = 600000ms (custom)
2019-09-06 01:43:12,168 [pool-710-thread-1] INFO  server.RaftServerConfigKeys (ConfUtils.java:logGet(43)) - raft.server.snapshot.auto.trigger.threshold = 10000 (custom)
2019-09-06 01:43:12,168 [pool-730-thread-1] INFO  impl.RaftServerImpl (RaftServerImpl.java:start(180)) - a535f1e5-8f96-4de4-9301-2678fc073a36: start group-813194B7863C
2019-09-06 01:43:12,168 [pool-710-thread-1] INFO  server.RaftServerConfigKeys (ConfUtils.java:logGet(43)) - raft.server.retrycache.expirytime = 600000ms (custom)
2019-09-06 01:43:12,168 [pool-730-thread-1] INFO  impl.RaftServerImpl (RaftServerImpl.java:setRole(171)) - a535f1e5-8f96-4de4-9301-2678fc073a36:group-813194B7863C changes role from null to FOLLOWER at term 0 for startAsFollower
2019-09-06 01:43:12,169 [pool-710-thread-1] INFO  impl.RaftServerImpl (RaftServerImpl.java:start(180)) - aa424548-ca22-474d-89f9-384a5c0f40e5: start group-813194B7863C
2019-09-06 01:43:12,169 [pool-730-thread-1] INFO  impl.RoleInfo (RoleInfo.java:updateAndGet(143)) - a535f1e5-8f96-4de4-9301-2678fc073a36: start FollowerState
2019-09-06 01:43:12,169 [pool-710-thread-1] INFO  impl.RaftServerImpl (RaftServerImpl.java:setRole(171)) - aa424548-ca22-474d-89f9-384a5c0f40e5:group-813194B7863C changes role from null to FOLLOWER at term 0 for startAsFollower
2019-09-06 01:43:12,169 [pool-710-thread-1] INFO  impl.RoleInfo (RoleInfo.java:updateAndGet(143)) - aa424548-ca22-474d-89f9-384a5c0f40e5: start FollowerState
2019-09-06 01:43:12,169 [pool-730-thread-1] INFO  util.JmxRegister (JmxRegister.java:tryRegister(44)) - Successfully registered JMX Bean with object name Ratis:service=RaftServer,group=group-813194B7863C,id=a535f1e5-8f96-4de4-9301-2678fc073a36
2019-09-06 01:43:12,169 [pool-710-thread-1] INFO  util.JmxRegister (JmxRegister.java:tryRegister(44)) - Successfully registered JMX Bean with object name Ratis:service=RaftServer,group=group-813194B7863C,id=aa424548-ca22-474d-89f9-384a5c0f40e5
2019-09-06 01:43:12,181 [RatisPipelineUtilsThread] INFO  pipeline.PipelineStateManager (PipelineStateManager.java:addPipeline(56)) - Created pipeline Pipeline[ Id: 754c92af-cd0f-42fb-9cb8-813194b7863c, Nodes: adee5101-b96d-47d7-a476-4abea9874438{ip: 192.168.5.177, host: pr-hdds-2015-4zh84-2711163145, networkLocation: /default-rack, certSerialId: null}a535f1e5-8f96-4de4-9301-2678fc073a36{ip: 192.168.5.177, host: pr-hdds-2015-4zh84-2711163145, networkLocation: /default-rack, certSerialId: null}aa424548-ca22-474d-89f9-384a5c0f40e5{ip: 192.168.5.177, host: pr-hdds-2015-4zh84-2711163145, networkLocation: /default-rack, certSerialId: null}, Type:RATIS, Factor:THREE, State:OPEN]
2019-09-06 01:43:13,049 [main] INFO  ozone.MiniOzoneClusterImpl (MiniOzoneClusterImpl.java:lambda$waitForClusterToBeReady$0(140)) - Cluster is ready. Got 7 of 7 DN Heartbeats.
2019-09-06 01:43:13,078 [main] INFO  rpc.RpcClient (RpcClient.java:createVolume(298)) - Creating Volume: testblockoutputstream, with jenkins1000 as owner.
2019-09-06 01:43:13,105 [main] INFO  rpc.RpcClient (RpcClient.java:createBucket(437)) - Creating Bucket: testblockoutputstream/testblockoutputstream, with Versioning false and Storage Type set to DISK and Encryption set to false 
2019-09-06 01:43:13,159 [grpc-default-executor-5] INFO  client.GrpcClientProtocolClient (GrpcClientProtocolClient.java:onNext(255)) - client-6AE885FD3BB7->adee5101-b96d-47d7-a476-4abea9874438: receive RaftClientReply:client-6AE885FD3BB7->adee5101-b96d-47d7-a476-4abea9874438@group-813194B7863C, cid=263, FAILED org.apache.ratis.protocol.NotLeaderException: Server adee5101-b96d-47d7-a476-4abea9874438 is not the leader (null). Request must be sent to leader., logIndex=0, commits[adee5101-b96d-47d7-a476-4abea9874438:c-1]
2019-09-06 01:43:14,172 [grpc-default-executor-5] INFO  client.GrpcClientProtocolClient (GrpcClientProtocolClient.java:onNext(255)) - client-6AE885FD3BB7->aa424548-ca22-474d-89f9-384a5c0f40e5: receive RaftClientReply:client-6AE885FD3BB7->aa424548-ca22-474d-89f9-384a5c0f40e5@group-813194B7863C, cid=263, FAILED org.apache.ratis.protocol.NotLeaderException: Server aa424548-ca22-474d-89f9-384a5c0f40e5 is not the leader (null). Request must be sent to leader., logIndex=0, commits[aa424548-ca22-474d-89f9-384a5c0f40e5:c-1]
2019-09-06 01:43:14,668 [Thread-4652] INFO  container.ReplicationManager (ReplicationManager.java:start(162)) - Starting Replication Monitor Thread.
2019-09-06 01:43:14,672 [ReplicationMonitor] INFO  container.ReplicationManager (ReplicationManager.java:run(225)) - Replication Monitor Thread took 1 milliseconds for processing 1 containers.
2019-09-06 01:43:15,180 [grpc-default-executor-5] INFO  client.GrpcClientProtocolClient (GrpcClientProtocolClient.java:onNext(255)) - client-6AE885FD3BB7->adee5101-b96d-47d7-a476-4abea9874438: receive RaftClientReply:client-6AE885FD3BB7->adee5101-b96d-47d7-a476-4abea9874438@group-813194B7863C, cid=263, FAILED org.apache.ratis.protocol.NotLeaderException: Server adee5101-b96d-47d7-a476-4abea9874438 is not the leader (null). Request must be sent to leader., logIndex=0, commits[adee5101-b96d-47d7-a476-4abea9874438:c-1]
2019-09-06 01:43:16,191 [grpc-default-executor-8] INFO  client.GrpcClientProtocolClient (GrpcClientProtocolClient.java:onNext(255)) - client-6AE885FD3BB7->a535f1e5-8f96-4de4-9301-2678fc073a36: receive RaftClientReply:client-6AE885FD3BB7->a535f1e5-8f96-4de4-9301-2678fc073a36@group-813194B7863C, cid=263, FAILED org.apache.ratis.protocol.NotLeaderException: Server a535f1e5-8f96-4de4-9301-2678fc073a36 is not the leader (null). Request must be sent to leader., logIndex=0, commits[a535f1e5-8f96-4de4-9301-2678fc073a36:c-1]
2019-09-06 01:43:16,869 [Thread-4654] INFO  impl.FollowerState (FollowerState.java:run(106)) - bf2a8532-1220-4200-b318-fb6b90eae166:group-AD32DCA59E30 changes to CANDIDATE, lastRpcTime:5124, electionTimeout:5124ms
2019-09-06 01:43:16,869 [Thread-4654] INFO  impl.RoleInfo (RoleInfo.java:shutdownFollowerState(121)) - bf2a8532-1220-4200-b318-fb6b90eae166: shutdown FollowerState
2019-09-06 01:43:16,869 [Thread-4654] INFO  impl.RaftServerImpl (RaftServerImpl.java:setRole(171)) - bf2a8532-1220-4200-b318-fb6b90eae166:group-AD32DCA59E30 changes role from FOLLOWER to CANDIDATE at term 0 for changeToCandidate
2019-09-06 01:43:16,869 [Thread-4654] INFO  impl.RoleInfo (RoleInfo.java:updateAndGet(143)) - bf2a8532-1220-4200-b318-fb6b90eae166: start LeaderElection
2019-09-06 01:43:16,897 [bf2a8532-1220-4200-b318-fb6b90eae166:group-AD32DCA59E30:LeaderElection92] INFO  impl.LeaderElection (LeaderElection.java:askForVotes(181)) - bf2a8532-1220-4200-b318-fb6b90eae166:group-AD32DCA59E30:LeaderElection92: begin an election at term 1 for -1: [bf2a8532-1220-4200-b318-fb6b90eae166:192.168.5.177:38152], old=null
2019-09-06 01:43:16,898 [bf2a8532-1220-4200-b318-fb6b90eae166:group-AD32DCA59E30:LeaderElection92] INFO  impl.RoleInfo (RoleInfo.java:shutdownLeaderElection(134)) - bf2a8532-1220-4200-b318-fb6b90eae166: shutdown LeaderElection
2019-09-06 01:43:16,898 [bf2a8532-1220-4200-b318-fb6b90eae166:group-AD32DCA59E30:LeaderElection92] INFO  impl.RaftServerImpl (RaftServerImpl.java:setRole(171)) - bf2a8532-1220-4200-b318-fb6b90eae166:group-AD32DCA59E30 changes role from CANDIDATE to LEADER at term 1 for changeToLeader
2019-09-06 01:43:16,898 [bf2a8532-1220-4200-b318-fb6b90eae166:group-AD32DCA59E30:LeaderElection92] INFO  impl.RaftServerImpl (ServerState.java:setLeader(263)) - bf2a8532-1220-4200-b318-fb6b90eae166:group-AD32DCA59E30 change Leader from null to bf2a8532-1220-4200-b318-fb6b90eae166 at term 1 for becomeLeader, leader elected after 5156ms
2019-09-06 01:43:16,898 [bf2a8532-1220-4200-b318-fb6b90eae166:group-AD32DCA59E30:LeaderElection92] INFO  server.RaftServerConfigKeys (ConfUtils.java:logGet(43)) - raft.server.staging.catchup.gap = 1000 (default)
2019-09-06 01:43:16,898 [bf2a8532-1220-4200-b318-fb6b90eae166:group-AD32DCA59E30:LeaderElection92] INFO  server.RaftServerConfigKeys (ConfUtils.java:logGet(43)) - raft.server.rpc.sleep.time = 25ms (default)
2019-09-06 01:43:16,899 [bf2a8532-1220-4200-b318-fb6b90eae166:group-AD32DCA59E30:LeaderElection92] INFO  server.RaftServerConfigKeys (ConfUtils.java:logGet(43)) - raft.server.write.element-limit = 4096 (default)
2019-09-06 01:43:16,899 [bf2a8532-1220-4200-b318-fb6b90eae166:group-AD32DCA59E30:LeaderElection92] INFO  server.RaftServerConfigKeys (ConfUtils.java:logGet(43)) - raft.server.watch.timeout = 10s (default)
2019-09-06 01:43:16,899 [bf2a8532-1220-4200-b318-fb6b90eae166:group-AD32DCA59E30:LeaderElection92] INFO  server.RaftServerConfigKeys (ConfUtils.java:logGet(43)) - raft.server.watch.timeout.denomination = 1s (default)
2019-09-06 01:43:16,899 [bf2a8532-1220-4200-b318-fb6b90eae166:group-AD32DCA59E30:LeaderElection92] INFO  server.RaftServerConfigKeys (ConfUtils.java:logGet(43)) - raft.server.watch.element-limit = 65536 (default)
2019-09-06 01:43:16,900 [bf2a8532-1220-4200-b318-fb6b90eae166:group-AD32DCA59E30:LeaderElection92] INFO  impl.RoleInfo (RoleInfo.java:updateAndGet(143)) - bf2a8532-1220-4200-b318-fb6b90eae166: start LeaderState
2019-09-06 01:43:16,900 [bf2a8532-1220-4200-b318-fb6b90eae166:group-AD32DCA59E30:LeaderElection92] INFO  segmented.SegmentedRaftLogWorker (SegmentedRaftLogWorker.java:startLogSegment(380)) - bf2a8532-1220-4200-b318-fb6b90eae166-SegmentedRaftLogWorker:Storage Directory /workdir/hadoop-ozone/integration-test/target/test-dir/MiniOzoneClusterImpl-f5177410-c437-49cc-94ad-c893ee7f2150/datanode-0/data/ratis/9cf40b2d-ae7f-4947-b6b2-ad32dca59e30: Starting segment from index:0
2019-09-06 01:43:16,901 [bf2a8532-1220-4200-b318-fb6b90eae166:group-AD32DCA59E30:LeaderElection92] INFO  impl.RaftServerImpl (ServerState.java:setRaftConf(361)) - bf2a8532-1220-4200-b318-fb6b90eae166:group-AD32DCA59E30 set configuration 0: [bf2a8532-1220-4200-b318-fb6b90eae166:192.168.5.177:38152], old=null at 0
2019-09-06 01:43:16,948 [Thread-4672] INFO  impl.FollowerState (FollowerState.java:run(106)) - aa424548-ca22-474d-89f9-384a5c0f40e5:group-BF98B1BBE429 changes to CANDIDATE, lastRpcTime:5005, electionTimeout:5005ms
2019-09-06 01:43:16,948 [Thread-4672] INFO  impl.RoleInfo (RoleInfo.java:shutdownFollowerState(121)) - aa424548-ca22-474d-89f9-384a5c0f40e5: shutdown FollowerState
2019-09-06 01:43:16,948 [Thread-4672] INFO  impl.RaftServerImpl (RaftServerImpl.java:setRole(171)) - aa424548-ca22-474d-89f9-384a5c0f40e5:group-BF98B1BBE429 changes role from FOLLOWER to CANDIDATE at term 0 for changeToCandidate
2019-09-06 01:43:16,949 [Thread-4672] INFO  impl.RoleInfo (RoleInfo.java:updateAndGet(143)) - aa424548-ca22-474d-89f9-384a5c0f40e5: start LeaderElection
2019-09-06 01:43:16,964 [Thread-4657] INFO  impl.FollowerState (FollowerState.java:run(106)) - c64458b9-89a2-4fbd-af34-0ccef2a3bd5d:group-E7D69C18308F changes to CANDIDATE, lastRpcTime:5158, electionTimeout:5158ms
2019-09-06 01:43:16,964 [Thread-4657] INFO  impl.RoleInfo (RoleInfo.java:shutdownFollowerState(121)) - c64458b9-89a2-4fbd-af34-0ccef2a3bd5d: shutdown FollowerState
2019-09-06 01:43:16,964 [Thread-4657] INFO  impl.RaftServerImpl (RaftServerImpl.java:setRole(171)) - c64458b9-89a2-4fbd-af34-0ccef2a3bd5d:group-E7D69C18308F changes role from FOLLOWER to CANDIDATE at term 0 for changeToCandidate
2019-09-06 01:43:16,964 [Thread-4657] INFO  impl.RoleInfo (RoleInfo.java:updateAndGet(143)) - c64458b9-89a2-4fbd-af34-0ccef2a3bd5d: start LeaderElection
2019-09-06 01:43:16,968 [bf2a8532-1220-4200-b318-fb6b90eae166-SegmentedRaftLogWorker:Storage Directory /workdir/hadoop-ozone/integration-test/target/test-dir/MiniOzoneClusterImpl-f5177410-c437-49cc-94ad-c893ee7f2150/datanode-0/data/ratis/9cf40b2d-ae7f-4947-b6b2-ad32dca59e30] INFO  segmented.SegmentedRaftLogWorker (SegmentedRaftLogWorker.java:execute(569)) - bf2a8532-1220-4200-b318-fb6b90eae166-SegmentedRaftLogWorker:Storage Directory /workdir/hadoop-ozone/integration-test/target/test-dir/MiniOzoneClusterImpl-f5177410-c437-49cc-94ad-c893ee7f2150/datanode-0/data/ratis/9cf40b2d-ae7f-4947-b6b2-ad32dca59e30: created new log segment /workdir/hadoop-ozone/integration-test/target/test-dir/MiniOzoneClusterImpl-f5177410-c437-49cc-94ad-c893ee7f2150/datanode-0/data/ratis/9cf40b2d-ae7f-4947-b6b2-ad32dca59e30/current/log_inprogress_0
2019-09-06 01:43:16,968 [Thread-4660] INFO  impl.FollowerState (FollowerState.java:run(106)) - 8cc74702-0d34-49ac-87f2-6e0857dea810:group-FB8CEFD504D4 changes to CANDIDATE, lastRpcTime:5122, electionTimeout:5122ms
2019-09-06 01:43:16,970 [aa424548-ca22-474d-89f9-384a5c0f40e5:group-BF98B1BBE429:LeaderElection93] INFO  impl.LeaderElection (LeaderElection.java:askForVotes(181)) - aa424548-ca22-474d-89f9-384a5c0f40e5:group-BF98B1BBE429:LeaderElection93: begin an election at term 1 for -1: [aa424548-ca22-474d-89f9-384a5c0f40e5:192.168.5.177:41858], old=null
2019-09-06 01:43:16,970 [Thread-4663] INFO  impl.FollowerState (FollowerState.java:run(106)) - 8cc74702-0d34-49ac-87f2-6e0857dea810:group-96D265E7D882 changes to CANDIDATE, lastRpcTime:5065, electionTimeout:5063ms
2019-09-06 01:43:16,970 [aa424548-ca22-474d-89f9-384a5c0f40e5:group-BF98B1BBE429:LeaderElection93] INFO  impl.RoleInfo (RoleInfo.java:shutdownLeaderElection(134)) - aa424548-ca22-474d-89f9-384a5c0f40e5: shutdown LeaderElection
2019-09-06 01:43:16,970 [aa424548-ca22-474d-89f9-384a5c0f40e5:group-BF98B1BBE429:LeaderElection93] INFO  impl.RaftServerImpl (RaftServerImpl.java:setRole(171)) - aa424548-ca22-474d-89f9-384a5c0f40e5:group-BF98B1BBE429 changes role from CANDIDATE to LEADER at term 1 for changeToLeader
2019-09-06 01:43:16,970 [Thread-4660] INFO  impl.RoleInfo (RoleInfo.java:shutdownFollowerState(121)) - 8cc74702-0d34-49ac-87f2-6e0857dea810: shutdown FollowerState
2019-09-06 01:43:16,970 [aa424548-ca22-474d-89f9-384a5c0f40e5:group-BF98B1BBE429:LeaderElection93] INFO  impl.RaftServerImpl (ServerState.java:setLeader(263)) - aa424548-ca22-474d-89f9-384a5c0f40e5:group-BF98B1BBE429 change Leader from null to aa424548-ca22-474d-89f9-384a5c0f40e5 at term 1 for becomeLeader, leader elected after 5030ms
2019-09-06 01:43:16,970 [Thread-4663] INFO  impl.RoleInfo (RoleInfo.java:shutdownFollowerState(121)) - 8cc74702-0d34-49ac-87f2-6e0857dea810: shutdown FollowerState
2019-09-06 01:43:16,971 [aa424548-ca22-474d-89f9-384a5c0f40e5:group-BF98B1BBE429:LeaderElection93] INFO  server.RaftServerConfigKeys (ConfUtils.java:logGet(43)) - raft.server.staging.catchup.gap = 1000 (default)
2019-09-06 01:43:16,971 [aa424548-ca22-474d-89f9-384a5c0f40e5:group-BF98B1BBE429:LeaderElection93] INFO  server.RaftServerConfigKeys (ConfUtils.java:logGet(43)) - raft.server.rpc.sleep.time = 25ms (default)
2019-09-06 01:43:16,970 [Thread-4660] INFO  impl.RaftServerImpl (RaftServerImpl.java:setRole(171)) - 8cc74702-0d34-49ac-87f2-6e0857dea810:group-FB8CEFD504D4 changes role from FOLLOWER to CANDIDATE at term 0 for changeToCandidate
2019-09-06 01:43:16,971 [aa424548-ca22-474d-89f9-384a5c0f40e5:group-BF98B1BBE429:LeaderElection93] INFO  server.RaftServerConfigKeys (ConfUtils.java:logGet(43)) - raft.server.write.element-limit = 4096 (default)
2019-09-06 01:43:16,971 [Thread-4663] INFO  impl.RaftServerImpl (RaftServerImpl.java:setRole(171)) - 8cc74702-0d34-49ac-87f2-6e0857dea810:group-96D265E7D882 changes role from FOLLOWER to CANDIDATE at term 0 for changeToCandidate
2019-09-06 01:43:16,971 [aa424548-ca22-474d-89f9-384a5c0f40e5:group-BF98B1BBE429:LeaderElection93] INFO  server.RaftServerConfigKeys (ConfUtils.java:logGet(43)) - raft.server.watch.timeout = 10s (default)
2019-09-06 01:43:16,971 [Thread-4660] INFO  impl.RoleInfo (RoleInfo.java:updateAndGet(143)) - 8cc74702-0d34-49ac-87f2-6e0857dea810: start LeaderElection
2019-09-06 01:43:16,971 [aa424548-ca22-474d-89f9-384a5c0f40e5:group-BF98B1BBE429:LeaderElection93] INFO  server.RaftServerConfigKeys (ConfUtils.java:logGet(43)) - raft.server.watch.timeout.denomination = 1s (default)
2019-09-06 01:43:16,971 [Thread-4663] INFO  impl.RoleInfo (RoleInfo.java:updateAndGet(143)) - 8cc74702-0d34-49ac-87f2-6e0857dea810: start LeaderElection
2019-09-06 01:43:16,972 [aa424548-ca22-474d-89f9-384a5c0f40e5:group-BF98B1BBE429:LeaderElection93] INFO  server.RaftServerConfigKeys (ConfUtils.java:logGet(43)) - raft.server.watch.element-limit = 65536 (default)
2019-09-06 01:43:16,983 [aa424548-ca22-474d-89f9-384a5c0f40e5:group-BF98B1BBE429:LeaderElection93] INFO  impl.RoleInfo (RoleInfo.java:updateAndGet(143)) - aa424548-ca22-474d-89f9-384a5c0f40e5: start LeaderState
2019-09-06 01:43:16,983 [aa424548-ca22-474d-89f9-384a5c0f40e5:group-BF98B1BBE429:LeaderElection93] INFO  segmented.SegmentedRaftLogWorker (SegmentedRaftLogWorker.java:startLogSegment(380)) - aa424548-ca22-474d-89f9-384a5c0f40e5-SegmentedRaftLogWorker:Storage Directory /workdir/hadoop-ozone/integration-test/target/test-dir/MiniOzoneClusterImpl-f5177410-c437-49cc-94ad-c893ee7f2150/datanode-3/data/ratis/08f7423a-caf6-4604-b764-bf98b1bbe429: Starting segment from index:0
2019-09-06 01:43:16,984 [aa424548-ca22-474d-89f9-384a5c0f40e5:group-BF98B1BBE429:LeaderElection93] INFO  impl.RaftServerImpl (ServerState.java:setRaftConf(361)) - aa424548-ca22-474d-89f9-384a5c0f40e5:group-BF98B1BBE429 set configuration 0: [aa424548-ca22-474d-89f9-384a5c0f40e5:192.168.5.177:41858], old=null at 0
2019-09-06 01:43:16,991 [Thread-4666] INFO  impl.FollowerState (FollowerState.java:run(106)) - c64458b9-89a2-4fbd-af34-0ccef2a3bd5d:group-96D265E7D882 changes to CANDIDATE, lastRpcTime:5085, electionTimeout:5085ms
2019-09-06 01:43:16,991 [Thread-4666] INFO  impl.RoleInfo (RoleInfo.java:shutdownFollowerState(121)) - c64458b9-89a2-4fbd-af34-0ccef2a3bd5d: shutdown FollowerState
2019-09-06 01:43:16,991 [Thread-4666] INFO  impl.RaftServerImpl (RaftServerImpl.java:setRole(171)) - c64458b9-89a2-4fbd-af34-0ccef2a3bd5d:group-96D265E7D882 changes role from FOLLOWER to CANDIDATE at term 0 for changeToCandidate
2019-09-06 01:43:16,991 [Thread-4666] INFO  impl.RoleInfo (RoleInfo.java:updateAndGet(143)) - c64458b9-89a2-4fbd-af34-0ccef2a3bd5d: start LeaderElection
2019-09-06 01:43:17,011 [c64458b9-89a2-4fbd-af34-0ccef2a3bd5d:group-E7D69C18308F:LeaderElection94] INFO  impl.LeaderElection (LeaderElection.java:askForVotes(181)) - c64458b9-89a2-4fbd-af34-0ccef2a3bd5d:group-E7D69C18308F:LeaderElection94: begin an election at term 1 for -1: [c64458b9-89a2-4fbd-af34-0ccef2a3bd5d:192.168.5.177:38162], old=null
2019-09-06 01:43:17,011 [8cc74702-0d34-49ac-87f2-6e0857dea810:group-96D265E7D882:LeaderElection96] INFO  impl.LeaderElection (LeaderElection.java:askForVotes(181)) - 8cc74702-0d34-49ac-87f2-6e0857dea810:group-96D265E7D882:LeaderElection96: begin an election at term 1 for -1: [bf2a8532-1220-4200-b318-fb6b90eae166:192.168.5.177:38152, 8cc74702-0d34-49ac-87f2-6e0857dea810:192.168.5.177:40365, c64458b9-89a2-4fbd-af34-0ccef2a3bd5d:192.168.5.177:38162], old=null
2019-09-06 01:43:17,011 [8cc74702-0d34-49ac-87f2-6e0857dea810:group-FB8CEFD504D4:LeaderElection95] INFO  impl.LeaderElection (LeaderElection.java:askForVotes(181)) - 8cc74702-0d34-49ac-87f2-6e0857dea810:group-FB8CEFD504D4:LeaderElection95: begin an election at term 1 for -1: [8cc74702-0d34-49ac-87f2-6e0857dea810:192.168.5.177:40365], old=null
2019-09-06 01:43:17,011 [c64458b9-89a2-4fbd-af34-0ccef2a3bd5d:group-E7D69C18308F:LeaderElection94] INFO  impl.RoleInfo (RoleInfo.java:shutdownLeaderElection(134)) - c64458b9-89a2-4fbd-af34-0ccef2a3bd5d: shutdown LeaderElection
2019-09-06 01:43:17,015 [8cc74702-0d34-49ac-87f2-6e0857dea810:group-FB8CEFD504D4:LeaderElection95] INFO  impl.RoleInfo (RoleInfo.java:shutdownLeaderElection(134)) - 8cc74702-0d34-49ac-87f2-6e0857dea810: shutdown LeaderElection
2019-09-06 01:43:17,015 [c64458b9-89a2-4fbd-af34-0ccef2a3bd5d:group-E7D69C18308F:LeaderElection94] INFO  impl.RaftServerImpl (RaftServerImpl.java:setRole(171)) - c64458b9-89a2-4fbd-af34-0ccef2a3bd5d:group-E7D69C18308F changes role from CANDIDATE to LEADER at term 1 for changeToLeader
2019-09-06 01:43:17,015 [8cc74702-0d34-49ac-87f2-6e0857dea810:group-FB8CEFD504D4:LeaderElection95] INFO  impl.RaftServerImpl (RaftServerImpl.java:setRole(171)) - 8cc74702-0d34-49ac-87f2-6e0857dea810:group-FB8CEFD504D4 changes role from CANDIDATE to LEADER at term 1 for changeToLeader
2019-09-06 01:43:17,015 [c64458b9-89a2-4fbd-af34-0ccef2a3bd5d:group-E7D69C18308F:LeaderElection94] INFO  impl.RaftServerImpl (ServerState.java:setLeader(263)) - c64458b9-89a2-4fbd-af34-0ccef2a3bd5d:group-E7D69C18308F change Leader from null to c64458b9-89a2-4fbd-af34-0ccef2a3bd5d at term 1 for becomeLeader, leader elected after 5212ms
2019-09-06 01:43:17,015 [8cc74702-0d34-49ac-87f2-6e0857dea810:group-FB8CEFD504D4:LeaderElection95] INFO  impl.RaftServerImpl (ServerState.java:setLeader(263)) - 8cc74702-0d34-49ac-87f2-6e0857dea810:group-FB8CEFD504D4 change Leader from null to 8cc74702-0d34-49ac-87f2-6e0857dea810 at term 1 for becomeLeader, leader elected after 5172ms
2019-09-06 01:43:17,015 [c64458b9-89a2-4fbd-af34-0ccef2a3bd5d:group-E7D69C18308F:LeaderElection94] INFO  server.RaftServerConfigKeys (ConfUtils.java:logGet(43)) - raft.server.staging.catchup.gap = 1000 (default)
2019-09-06 01:43:17,015 [8cc74702-0d34-49ac-87f2-6e0857dea810:group-FB8CEFD504D4:LeaderElection95] INFO  server.RaftServerConfigKeys (ConfUtils.java:logGet(43)) - raft.server.staging.catchup.gap = 1000 (default)
2019-09-06 01:43:17,016 [c64458b9-89a2-4fbd-af34-0ccef2a3bd5d:group-E7D69C18308F:LeaderElection94] INFO  server.RaftServerConfigKeys (ConfUtils.java:logGet(43)) - raft.server.rpc.sleep.time = 25ms (default)
2019-09-06 01:43:17,016 [8cc74702-0d34-49ac-87f2-6e0857dea810:group-FB8CEFD504D4:LeaderElection95] INFO  server.RaftServerConfigKeys (ConfUtils.java:logGet(43)) - raft.server.rpc.sleep.time = 25ms (default)
2019-09-06 01:43:17,016 [c64458b9-89a2-4fbd-af34-0ccef2a3bd5d:group-E7D69C18308F:LeaderElection94] INFO  server.RaftServerConfigKeys (ConfUtils.java:logGet(43)) - raft.server.write.element-limit = 4096 (default)
2019-09-06 01:43:17,016 [8cc74702-0d34-49ac-87f2-6e0857dea810:group-FB8CEFD504D4:LeaderElection95] INFO  server.RaftServerConfigKeys (ConfUtils.java:logGet(43)) - raft.server.write.element-limit = 4096 (default)
2019-09-06 01:43:17,016 [c64458b9-89a2-4fbd-af34-0ccef2a3bd5d:group-E7D69C18308F:LeaderElection94] INFO  server.RaftServerConfigKeys (ConfUtils.java:logGet(43)) - raft.server.watch.timeout = 10s (default)
2019-09-06 01:43:17,016 [8cc74702-0d34-49ac-87f2-6e0857dea810:group-FB8CEFD504D4:LeaderElection95] INFO  server.RaftServerConfigKeys (ConfUtils.java:logGet(43)) - raft.server.watch.timeout = 10s (default)
2019-09-06 01:43:17,016 [c64458b9-89a2-4fbd-af34-0ccef2a3bd5d:group-E7D69C18308F:LeaderElection94] INFO  server.RaftServerConfigKeys (ConfUtils.java:logGet(43)) - raft.server.watch.timeout.denomination = 1s (default)
2019-09-06 01:43:17,016 [8cc74702-0d34-49ac-87f2-6e0857dea810:group-FB8CEFD504D4:LeaderElection95] INFO  server.RaftServerConfigKeys (ConfUtils.java:logGet(43)) - raft.server.watch.timeout.denomination = 1s (default)
2019-09-06 01:43:17,016 [c64458b9-89a2-4fbd-af34-0ccef2a3bd5d:group-E7D69C18308F:LeaderElection94] INFO  server.RaftServerConfigKeys (ConfUtils.java:logGet(43)) - raft.server.watch.element-limit = 65536 (default)
2019-09-06 01:43:17,016 [8cc74702-0d34-49ac-87f2-6e0857dea810:group-FB8CEFD504D4:LeaderElection95] INFO  server.RaftServerConfigKeys (ConfUtils.java:logGet(43)) - raft.server.watch.element-limit = 65536 (default)
2019-09-06 01:43:17,017 [c64458b9-89a2-4fbd-af34-0ccef2a3bd5d:group-E7D69C18308F:LeaderElection94] INFO  impl.RoleInfo (RoleInfo.java:updateAndGet(143)) - c64458b9-89a2-4fbd-af34-0ccef2a3bd5d: start LeaderState
2019-09-06 01:43:17,017 [8cc74702-0d34-49ac-87f2-6e0857dea810:group-FB8CEFD504D4:LeaderElection95] INFO  impl.RoleInfo (RoleInfo.java:updateAndGet(143)) - 8cc74702-0d34-49ac-87f2-6e0857dea810: start LeaderState
2019-09-06 01:43:17,018 [c64458b9-89a2-4fbd-af34-0ccef2a3bd5d:group-E7D69C18308F:LeaderElection94] INFO  segmented.SegmentedRaftLogWorker (SegmentedRaftLogWorker.java:startLogSegment(380)) - c64458b9-89a2-4fbd-af34-0ccef2a3bd5d-SegmentedRaftLogWorker:Storage Directory /workdir/hadoop-ozone/integration-test/target/test-dir/MiniOzoneClusterImpl-f5177410-c437-49cc-94ad-c893ee7f2150/datanode-1/data/ratis/db64cbf1-cbf8-46b7-a782-e7d69c18308f: Starting segment from index:0
2019-09-06 01:43:17,018 [8cc74702-0d34-49ac-87f2-6e0857dea810:group-FB8CEFD504D4:LeaderElection95] INFO  segmented.SegmentedRaftLogWorker (SegmentedRaftLogWorker.java:startLogSegment(380)) - 8cc74702-0d34-49ac-87f2-6e0857dea810-SegmentedRaftLogWorker:Storage Directory /workdir/hadoop-ozone/integration-test/target/test-dir/MiniOzoneClusterImpl-f5177410-c437-49cc-94ad-c893ee7f2150/datanode-2/data/ratis/a8839890-49b4-4952-994f-fb8cefd504d4: Starting segment from index:0
2019-09-06 01:43:17,019 [c64458b9-89a2-4fbd-af34-0ccef2a3bd5d:group-E7D69C18308F:LeaderElection94] INFO  impl.RaftServerImpl (ServerState.java:setRaftConf(361)) - c64458b9-89a2-4fbd-af34-0ccef2a3bd5d:group-E7D69C18308F set configuration 0: [c64458b9-89a2-4fbd-af34-0ccef2a3bd5d:192.168.5.177:38162], old=null at 0
2019-09-06 01:43:17,019 [8cc74702-0d34-49ac-87f2-6e0857dea810:group-FB8CEFD504D4:LeaderElection95] INFO  impl.RaftServerImpl (ServerState.java:setRaftConf(361)) - 8cc74702-0d34-49ac-87f2-6e0857dea810:group-FB8CEFD504D4 set configuration 0: [8cc74702-0d34-49ac-87f2-6e0857dea810:192.168.5.177:40365], old=null at 0
2019-09-06 01:43:17,022 [grpc-default-executor-8] INFO  impl.RaftServerImpl (RaftServerImpl.java:setRole(171)) - bf2a8532-1220-4200-b318-fb6b90eae166:group-96D265E7D882 changes role from FOLLOWER to FOLLOWER at term 1 for recognizeCandidate:8cc74702-0d34-49ac-87f2-6e0857dea810
2019-09-06 01:43:17,022 [grpc-default-executor-8] INFO  impl.RoleInfo (RoleInfo.java:shutdownFollowerState(121)) - bf2a8532-1220-4200-b318-fb6b90eae166: shutdown FollowerState
2019-09-06 01:43:17,022 [grpc-default-executor-8] INFO  impl.RoleInfo (RoleInfo.java:updateAndGet(143)) - bf2a8532-1220-4200-b318-fb6b90eae166: start FollowerState
2019-09-06 01:43:17,022 [Thread-4669] INFO  impl.FollowerState (FollowerState.java:run(114)) - bf2a8532-1220-4200-b318-fb6b90eae166: FollowerState was interrupted: java.lang.InterruptedException: sleep interrupted
2019-09-06 01:43:17,026 [aa424548-ca22-474d-89f9-384a5c0f40e5-SegmentedRaftLogWorker:Storage Directory /workdir/hadoop-ozone/integration-test/target/test-dir/MiniOzoneClusterImpl-f5177410-c437-49cc-94ad-c893ee7f2150/datanode-3/data/ratis/08f7423a-caf6-4604-b764-bf98b1bbe429] INFO  segmented.SegmentedRaftLogWorker (SegmentedRaftLogWorker.java:execute(569)) - aa424548-ca22-474d-89f9-384a5c0f40e5-SegmentedRaftLogWorker:Storage Directory /workdir/hadoop-ozone/integration-test/target/test-dir/MiniOzoneClusterImpl-f5177410-c437-49cc-94ad-c893ee7f2150/datanode-3/data/ratis/08f7423a-caf6-4604-b764-bf98b1bbe429: created new log segment /workdir/hadoop-ozone/integration-test/target/test-dir/MiniOzoneClusterImpl-f5177410-c437-49cc-94ad-c893ee7f2150/datanode-3/data/ratis/08f7423a-caf6-4604-b764-bf98b1bbe429/current/log_inprogress_0
2019-09-06 01:43:17,043 [c64458b9-89a2-4fbd-af34-0ccef2a3bd5d:group-96D265E7D882:LeaderElection97] INFO  impl.LeaderElection (LeaderElection.java:askForVotes(181)) - c64458b9-89a2-4fbd-af34-0ccef2a3bd5d:group-96D265E7D882:LeaderElection97: begin an election at term 1 for -1: [bf2a8532-1220-4200-b318-fb6b90eae166:192.168.5.177:38152, 8cc74702-0d34-49ac-87f2-6e0857dea810:192.168.5.177:40365, c64458b9-89a2-4fbd-af34-0ccef2a3bd5d:192.168.5.177:38162], old=null
2019-09-06 01:43:17,044 [8cc74702-0d34-49ac-87f2-6e0857dea810:group-96D265E7D882:LeaderElection96] INFO  impl.LeaderElection (LeaderElection.java:logAndReturn(56)) - 8cc74702-0d34-49ac-87f2-6e0857dea810:group-96D265E7D882:LeaderElection96: Election PASSED; received 1 response(s) [8cc74702-0d34-49ac-87f2-6e0857dea810<-bf2a8532-1220-4200-b318-fb6b90eae166#0:OK-t1] and 0 exception(s); 8cc74702-0d34-49ac-87f2-6e0857dea810:t1, leader=null, voted=8cc74702-0d34-49ac-87f2-6e0857dea810, raftlog=8cc74702-0d34-49ac-87f2-6e0857dea810-SegmentedRaftLog:OPENED:c-1,f-1,i0, conf=-1: [bf2a8532-1220-4200-b318-fb6b90eae166:192.168.5.177:38152, 8cc74702-0d34-49ac-87f2-6e0857dea810:192.168.5.177:40365, c64458b9-89a2-4fbd-af34-0ccef2a3bd5d:192.168.5.177:38162], old=null
2019-09-06 01:43:17,044 [8cc74702-0d34-49ac-87f2-6e0857dea810:group-96D265E7D882:LeaderElection96] INFO  impl.RoleInfo (RoleInfo.java:shutdownLeaderElection(134)) - 8cc74702-0d34-49ac-87f2-6e0857dea810: shutdown LeaderElection
2019-09-06 01:43:17,044 [8cc74702-0d34-49ac-87f2-6e0857dea810:group-96D265E7D882:LeaderElection96] INFO  impl.RaftServerImpl (RaftServerImpl.java:setRole(171)) - 8cc74702-0d34-49ac-87f2-6e0857dea810:group-96D265E7D882 changes role from CANDIDATE to LEADER at term 1 for changeToLeader
2019-09-06 01:43:17,045 [8cc74702-0d34-49ac-87f2-6e0857dea810:group-96D265E7D882:LeaderElection96] INFO  impl.RaftServerImpl (ServerState.java:setLeader(263)) - 8cc74702-0d34-49ac-87f2-6e0857dea810:group-96D265E7D882 change Leader from null to 8cc74702-0d34-49ac-87f2-6e0857dea810 at term 1 for becomeLeader, leader elected after 5148ms
2019-09-06 01:43:17,045 [8cc74702-0d34-49ac-87f2-6e0857dea810:group-96D265E7D882:LeaderElection96] INFO  server.RaftServerConfigKeys (ConfUtils.java:logGet(43)) - raft.server.staging.catchup.gap = 1000 (default)
2019-09-06 01:43:17,045 [8cc74702-0d34-49ac-87f2-6e0857dea810:group-96D265E7D882:LeaderElection96] INFO  server.RaftServerConfigKeys (ConfUtils.java:logGet(43)) - raft.server.rpc.sleep.time = 25ms (default)
2019-09-06 01:43:17,045 [8cc74702-0d34-49ac-87f2-6e0857dea810:group-96D265E7D882:LeaderElection96] INFO  server.RaftServerConfigKeys (ConfUtils.java:logGet(43)) - raft.server.write.element-limit = 4096 (default)
2019-09-06 01:43:17,045 [8cc74702-0d34-49ac-87f2-6e0857dea810:group-96D265E7D882:LeaderElection96] INFO  server.RaftServerConfigKeys (ConfUtils.java:logGet(43)) - raft.server.watch.timeout = 10s (default)
2019-09-06 01:43:17,045 [8cc74702-0d34-49ac-87f2-6e0857dea810:group-96D265E7D882:LeaderElection96] INFO  server.RaftServerConfigKeys (ConfUtils.java:logGet(43)) - raft.server.watch.timeout.denomination = 1s (default)
2019-09-06 01:43:17,045 [8cc74702-0d34-49ac-87f2-6e0857dea810:group-96D265E7D882:LeaderElection96] INFO  server.RaftServerConfigKeys (ConfUtils.java:logGet(43)) - raft.server.watch.element-limit = 65536 (default)
2019-09-06 01:43:17,045 [8cc74702-0d34-49ac-87f2-6e0857dea810:group-96D265E7D882:LeaderElection96] INFO  server.RaftServerConfigKeys (ConfUtils.java:logGet(43)) - raft.server.log.appender.snapshot.chunk.size.max = 16MB (=16777216) (default)
2019-09-06 01:43:17,046 [8cc74702-0d34-49ac-87f2-6e0857dea810:group-96D265E7D882:LeaderElection96] INFO  server.RaftServerConfigKeys (ConfUtils.java:logGet(43)) - raft.server.log.appender.buffer.byte-limit = 33554432 (custom)
2019-09-06 01:43:17,046 [8cc74702-0d34-49ac-87f2-6e0857dea810:group-96D265E7D882:LeaderElection96] INFO  server.RaftServerConfigKeys (ConfUtils.java:logGet(43)) - raft.server.log.appender.buffer.element-limit = 1 (custom)
2019-09-06 01:43:17,046 [8cc74702-0d34-49ac-87f2-6e0857dea810:group-96D265E7D882:LeaderElection96] INFO  grpc.GrpcConfigKeys$Server (ConfUtils.java:logGet(43)) - raft.grpc.server.leader.outstanding.appends.max = 128 (default)
2019-09-06 01:43:17,046 [8cc74702-0d34-49ac-87f2-6e0857dea810:group-96D265E7D882:LeaderElection96] INFO  server.RaftServerConfigKeys (ConfUtils.java:logGet(43)) - raft.server.rpc.request.timeout = 3000ms (default)
2019-09-06 01:43:17,046 [8cc74702-0d34-49ac-87f2-6e0857dea810:group-96D265E7D882:LeaderElection96] INFO  server.RaftServerConfigKeys (ConfUtils.java:logGet(43)) - raft.server.log.appender.install.snapshot.enabled = false (custom)
2019-09-06 01:43:17,046 [8cc74702-0d34-49ac-87f2-6e0857dea810:group-96D265E7D882:LeaderElection96] INFO  server.RaftServerConfigKeys (ConfUtils.java:logGet(43)) - raft.server.log.appender.snapshot.chunk.size.max = 16MB (=16777216) (default)
2019-09-06 01:43:17,046 [8cc74702-0d34-49ac-87f2-6e0857dea810:group-96D265E7D882:LeaderElection96] INFO  server.RaftServerConfigKeys (ConfUtils.java:logGet(43)) - raft.server.log.appender.buffer.byte-limit = 33554432 (custom)
2019-09-06 01:43:17,046 [8cc74702-0d34-49ac-87f2-6e0857dea810:group-96D265E7D882:LeaderElection96] INFO  server.RaftServerConfigKeys (ConfUtils.java:logGet(43)) - raft.server.log.appender.buffer.element-limit = 1 (custom)
2019-09-06 01:43:17,047 [8cc74702-0d34-49ac-87f2-6e0857dea810:group-96D265E7D882:LeaderElection96] INFO  grpc.GrpcConfigKeys$Server (ConfUtils.java:logGet(43)) - raft.grpc.server.leader.outstanding.appends.max = 128 (default)
2019-09-06 01:43:17,047 [8cc74702-0d34-49ac-87f2-6e0857dea810:group-96D265E7D882:LeaderElection96] INFO  server.RaftServerConfigKeys (ConfUtils.java:logGet(43)) - raft.server.rpc.request.timeout = 3000ms (default)
2019-09-06 01:43:17,047 [8cc74702-0d34-49ac-87f2-6e0857dea810:group-96D265E7D882:LeaderElection96] INFO  server.RaftServerConfigKeys (ConfUtils.java:logGet(43)) - raft.server.log.appender.install.snapshot.enabled = false (custom)
2019-09-06 01:43:17,047 [8cc74702-0d34-49ac-87f2-6e0857dea810:group-96D265E7D882:LeaderElection96] INFO  impl.RoleInfo (RoleInfo.java:updateAndGet(143)) - 8cc74702-0d34-49ac-87f2-6e0857dea810: start LeaderState
2019-09-06 01:43:17,047 [8cc74702-0d34-49ac-87f2-6e0857dea810:group-96D265E7D882:LeaderElection96] INFO  segmented.SegmentedRaftLogWorker (SegmentedRaftLogWorker.java:startLogSegment(380)) - 8cc74702-0d34-49ac-87f2-6e0857dea810-SegmentedRaftLogWorker:Storage Directory /workdir/hadoop-ozone/integration-test/target/test-dir/MiniOzoneClusterImpl-f5177410-c437-49cc-94ad-c893ee7f2150/datanode-2/data/ratis/518ffdf9-a401-447b-aefc-96d265e7d882: Starting segment from index:0
2019-09-06 01:43:17,054 [8cc74702-0d34-49ac-87f2-6e0857dea810:group-96D265E7D882:LeaderElection96] INFO  impl.RaftServerImpl (ServerState.java:setRaftConf(361)) - 8cc74702-0d34-49ac-87f2-6e0857dea810:group-96D265E7D882 set configuration 0: [bf2a8532-1220-4200-b318-fb6b90eae166:192.168.5.177:38152, 8cc74702-0d34-49ac-87f2-6e0857dea810:192.168.5.177:40365, c64458b9-89a2-4fbd-af34-0ccef2a3bd5d:192.168.5.177:38162], old=null at 0
2019-09-06 01:43:17,054 [grpc-default-executor-8] INFO  impl.RaftServerImpl (RaftServerImpl.java:requestVote(754)) - 8cc74702-0d34-49ac-87f2-6e0857dea810-LEADER: Withhold vote from candidate c64458b9-89a2-4fbd-af34-0ccef2a3bd5d with term 1. State: leader=8cc74702-0d34-49ac-87f2-6e0857dea810, term=1, lastRpcElapsed=null
2019-09-06 01:43:17,055 [grpc-default-executor-8] INFO  impl.RaftServerImpl (ServerState.java:setLeader(263)) - bf2a8532-1220-4200-b318-fb6b90eae166:group-96D265E7D882 change Leader from null to 8cc74702-0d34-49ac-87f2-6e0857dea810 at term 1 for appendEntries, leader elected after 5158ms
2019-09-06 01:43:17,055 [c64458b9-89a2-4fbd-af34-0ccef2a3bd5d:group-96D265E7D882:LeaderElection97] INFO  impl.LeaderElection (LeaderElection.java:logAndReturn(56)) - c64458b9-89a2-4fbd-af34-0ccef2a3bd5d:group-96D265E7D882:LeaderElection97: Election REJECTED; received 2 response(s) [c64458b9-89a2-4fbd-af34-0ccef2a3bd5d<-bf2a8532-1220-4200-b318-fb6b90eae166#0:FAIL-t1, c64458b9-89a2-4fbd-af34-0ccef2a3bd5d<-8cc74702-0d34-49ac-87f2-6e0857dea810#0:FAIL-t1] and 0 exception(s); c64458b9-89a2-4fbd-af34-0ccef2a3bd5d:t1, leader=null, voted=c64458b9-89a2-4fbd-af34-0ccef2a3bd5d, raftlog=c64458b9-89a2-4fbd-af34-0ccef2a3bd5d-SegmentedRaftLog:OPENED:c-1,f-1,i0, conf=-1: [bf2a8532-1220-4200-b318-fb6b90eae166:192.168.5.177:38152, 8cc74702-0d34-49ac-87f2-6e0857dea810:192.168.5.177:40365, c64458b9-89a2-4fbd-af34-0ccef2a3bd5d:192.168.5.177:38162], old=null
2019-09-06 01:43:17,055 [grpc-default-executor-2] INFO  impl.RaftServerImpl (RaftServerImpl.java:setRole(171)) - c64458b9-89a2-4fbd-af34-0ccef2a3bd5d:group-96D265E7D882 changes role from CANDIDATE to FOLLOWER at term 1 for appendEntries
2019-09-06 01:43:17,056 [grpc-default-executor-2] INFO  impl.RoleInfo (RoleInfo.java:shutdownLeaderElection(134)) - c64458b9-89a2-4fbd-af34-0ccef2a3bd5d: shutdown LeaderElection
2019-09-06 01:43:17,056 [grpc-default-executor-2] INFO  impl.RoleInfo (RoleInfo.java:updateAndGet(143)) - c64458b9-89a2-4fbd-af34-0ccef2a3bd5d: start FollowerState
2019-09-06 01:43:17,056 [grpc-default-executor-2] INFO  impl.RaftServerImpl (ServerState.java:setLeader(263)) - c64458b9-89a2-4fbd-af34-0ccef2a3bd5d:group-96D265E7D882 change Leader from null to 8cc74702-0d34-49ac-87f2-6e0857dea810 at term 1 for appendEntries, leader elected after 5159ms
2019-09-06 01:43:17,057 [grpc-default-executor-2] INFO  impl.RaftServerImpl (ServerState.java:setRaftConf(361)) - bf2a8532-1220-4200-b318-fb6b90eae166:group-96D265E7D882 set configuration 0: [bf2a8532-1220-4200-b318-fb6b90eae166:192.168.5.177:38152, 8cc74702-0d34-49ac-87f2-6e0857dea810:192.168.5.177:40365, c64458b9-89a2-4fbd-af34-0ccef2a3bd5d:192.168.5.177:38162], old=null at 0
2019-09-06 01:43:17,057 [grpc-default-executor-2] INFO  segmented.SegmentedRaftLogWorker (SegmentedRaftLogWorker.java:startLogSegment(380)) - bf2a8532-1220-4200-b318-fb6b90eae166-SegmentedRaftLogWorker:Storage Directory /workdir/hadoop-ozone/integration-test/target/test-dir/MiniOzoneClusterImpl-f5177410-c437-49cc-94ad-c893ee7f2150/datanode-0/data/ratis/518ffdf9-a401-447b-aefc-96d265e7d882: Starting segment from index:0
2019-09-06 01:43:17,058 [grpc-default-executor-8] INFO  impl.RaftServerImpl (ServerState.java:setRaftConf(361)) - c64458b9-89a2-4fbd-af34-0ccef2a3bd5d:group-96D265E7D882 set configuration 0: [bf2a8532-1220-4200-b318-fb6b90eae166:192.168.5.177:38152, 8cc74702-0d34-49ac-87f2-6e0857dea810:192.168.5.177:40365, c64458b9-89a2-4fbd-af34-0ccef2a3bd5d:192.168.5.177:38162], old=null at 0
2019-09-06 01:43:17,058 [grpc-default-executor-8] INFO  segmented.SegmentedRaftLogWorker (SegmentedRaftLogWorker.java:startLogSegment(380)) - c64458b9-89a2-4fbd-af34-0ccef2a3bd5d-SegmentedRaftLogWorker:Storage Directory /workdir/hadoop-ozone/integration-test/target/test-dir/MiniOzoneClusterImpl-f5177410-c437-49cc-94ad-c893ee7f2150/datanode-1/data/ratis/518ffdf9-a401-447b-aefc-96d265e7d882: Starting segment from index:0
2019-09-06 01:43:17,075 [Thread-4675] INFO  impl.FollowerState (FollowerState.java:run(106)) - f24ac80a-b898-4d83-9695-dde1061d4e3d:group-3175C69E2139 changes to CANDIDATE, lastRpcTime:5086, electionTimeout:5086ms
2019-09-06 01:43:17,075 [Thread-4675] INFO  impl.RoleInfo (RoleInfo.java:shutdownFollowerState(121)) - f24ac80a-b898-4d83-9695-dde1061d4e3d: shutdown FollowerState
2019-09-06 01:43:17,075 [Thread-4675] INFO  impl.RaftServerImpl (RaftServerImpl.java:setRole(171)) - f24ac80a-b898-4d83-9695-dde1061d4e3d:group-3175C69E2139 changes role from FOLLOWER to CANDIDATE at term 0 for changeToCandidate
2019-09-06 01:43:17,075 [Thread-4675] INFO  impl.RoleInfo (RoleInfo.java:updateAndGet(143)) - f24ac80a-b898-4d83-9695-dde1061d4e3d: start LeaderElection
2019-09-06 01:43:17,094 [c64458b9-89a2-4fbd-af34-0ccef2a3bd5d-SegmentedRaftLogWorker:Storage Directory /workdir/hadoop-ozone/integration-test/target/test-dir/MiniOzoneClusterImpl-f5177410-c437-49cc-94ad-c893ee7f2150/datanode-1/data/ratis/db64cbf1-cbf8-46b7-a782-e7d69c18308f] INFO  segmented.SegmentedRaftLogWorker (SegmentedRaftLogWorker.java:execute(569)) - c64458b9-89a2-4fbd-af34-0ccef2a3bd5d-SegmentedRaftLogWorker:Storage Directory /workdir/hadoop-ozone/integration-test/target/test-dir/MiniOzoneClusterImpl-f5177410-c437-49cc-94ad-c893ee7f2150/datanode-1/data/ratis/db64cbf1-cbf8-46b7-a782-e7d69c18308f: created new log segment /workdir/hadoop-ozone/integration-test/target/test-dir/MiniOzoneClusterImpl-f5177410-c437-49cc-94ad-c893ee7f2150/datanode-1/data/ratis/db64cbf1-cbf8-46b7-a782-e7d69c18308f/current/log_inprogress_0
2019-09-06 01:43:17,094 [8cc74702-0d34-49ac-87f2-6e0857dea810-SegmentedRaftLogWorker:Storage Directory /workdir/hadoop-ozone/integration-test/target/test-dir/MiniOzoneClusterImpl-f5177410-c437-49cc-94ad-c893ee7f2150/datanode-2/data/ratis/a8839890-49b4-4952-994f-fb8cefd504d4] INFO  segmented.SegmentedRaftLogWorker (SegmentedRaftLogWorker.java:execute(569)) - 8cc74702-0d34-49ac-87f2-6e0857dea810-SegmentedRaftLogWorker:Storage Directory /workdir/hadoop-ozone/integration-test/target/test-dir/MiniOzoneClusterImpl-f5177410-c437-49cc-94ad-c893ee7f2150/datanode-2/data/ratis/a8839890-49b4-4952-994f-fb8cefd504d4: created new log segment /workdir/hadoop-ozone/integration-test/target/test-dir/MiniOzoneClusterImpl-f5177410-c437-49cc-94ad-c893ee7f2150/datanode-2/data/ratis/a8839890-49b4-4952-994f-fb8cefd504d4/current/log_inprogress_0
2019-09-06 01:43:17,105 [bf2a8532-1220-4200-b318-fb6b90eae166-SegmentedRaftLogWorker:Storage Directory /workdir/hadoop-ozone/integration-test/target/test-dir/MiniOzoneClusterImpl-f5177410-c437-49cc-94ad-c893ee7f2150/datanode-0/data/ratis/518ffdf9-a401-447b-aefc-96d265e7d882] INFO  segmented.SegmentedRaftLogWorker (SegmentedRaftLogWorker.java:execute(569)) - bf2a8532-1220-4200-b318-fb6b90eae166-SegmentedRaftLogWorker:Storage Directory /workdir/hadoop-ozone/integration-test/target/test-dir/MiniOzoneClusterImpl-f5177410-c437-49cc-94ad-c893ee7f2150/datanode-0/data/ratis/518ffdf9-a401-447b-aefc-96d265e7d882: created new log segment /workdir/hadoop-ozone/integration-test/target/test-dir/MiniOzoneClusterImpl-f5177410-c437-49cc-94ad-c893ee7f2150/datanode-0/data/ratis/518ffdf9-a401-447b-aefc-96d265e7d882/current/log_inprogress_0
2019-09-06 01:43:17,105 [8cc74702-0d34-49ac-87f2-6e0857dea810-SegmentedRaftLogWorker:Storage Directory /workdir/hadoop-ozone/integration-test/target/test-dir/MiniOzoneClusterImpl-f5177410-c437-49cc-94ad-c893ee7f2150/datanode-2/data/ratis/518ffdf9-a401-447b-aefc-96d265e7d882] INFO  segmented.SegmentedRaftLogWorker (SegmentedRaftLogWorker.java:execute(569)) - 8cc74702-0d34-49ac-87f2-6e0857dea810-SegmentedRaftLogWorker:Storage Directory /workdir/hadoop-ozone/integration-test/target/test-dir/MiniOzoneClusterImpl-f5177410-c437-49cc-94ad-c893ee7f2150/datanode-2/data/ratis/518ffdf9-a401-447b-aefc-96d265e7d882: created new log segment /workdir/hadoop-ozone/integration-test/target/test-dir/MiniOzoneClusterImpl-f5177410-c437-49cc-94ad-c893ee7f2150/datanode-2/data/ratis/518ffdf9-a401-447b-aefc-96d265e7d882/current/log_inprogress_0
2019-09-06 01:43:17,105 [f24ac80a-b898-4d83-9695-dde1061d4e3d:group-3175C69E2139:LeaderElection98] INFO  impl.LeaderElection (LeaderElection.java:askForVotes(181)) - f24ac80a-b898-4d83-9695-dde1061d4e3d:group-3175C69E2139:LeaderElection98: begin an election at term 1 for -1: [f24ac80a-b898-4d83-9695-dde1061d4e3d:192.168.5.177:41653], old=null
2019-09-06 01:43:17,105 [c64458b9-89a2-4fbd-af34-0ccef2a3bd5d-SegmentedRaftLogWorker:Storage Directory /workdir/hadoop-ozone/integration-test/target/test-dir/MiniOzoneClusterImpl-f5177410-c437-49cc-94ad-c893ee7f2150/datanode-1/data/ratis/518ffdf9-a401-447b-aefc-96d265e7d882] INFO  segmented.SegmentedRaftLogWorker (SegmentedRaftLogWorker.java:execute(569)) - c64458b9-89a2-4fbd-af34-0ccef2a3bd5d-SegmentedRaftLogWorker:Storage Directory /workdir/hadoop-ozone/integration-test/target/test-dir/MiniOzoneClusterImpl-f5177410-c437-49cc-94ad-c893ee7f2150/datanode-1/data/ratis/518ffdf9-a401-447b-aefc-96d265e7d882: created new log segment /workdir/hadoop-ozone/integration-test/target/test-dir/MiniOzoneClusterImpl-f5177410-c437-49cc-94ad-c893ee7f2150/datanode-1/data/ratis/518ffdf9-a401-447b-aefc-96d265e7d882/current/log_inprogress_0
2019-09-06 01:43:17,105 [f24ac80a-b898-4d83-9695-dde1061d4e3d:group-3175C69E2139:LeaderElection98] INFO  impl.RoleInfo (RoleInfo.java:shutdownLeaderElection(134)) - f24ac80a-b898-4d83-9695-dde1061d4e3d: shutdown LeaderElection
2019-09-06 01:43:17,105 [f24ac80a-b898-4d83-9695-dde1061d4e3d:group-3175C69E2139:LeaderElection98] INFO  impl.RaftServerImpl (RaftServerImpl.java:setRole(171)) - f24ac80a-b898-4d83-9695-dde1061d4e3d:group-3175C69E2139 changes role from CANDIDATE to LEADER at term 1 for changeToLeader
2019-09-06 01:43:17,105 [f24ac80a-b898-4d83-9695-dde1061d4e3d:group-3175C69E2139:LeaderElection98] INFO  impl.RaftServerImpl (ServerState.java:setLeader(263)) - f24ac80a-b898-4d83-9695-dde1061d4e3d:group-3175C69E2139 change Leader from null to f24ac80a-b898-4d83-9695-dde1061d4e3d at term 1 for becomeLeader, leader elected after 5120ms
2019-09-06 01:43:17,105 [f24ac80a-b898-4d83-9695-dde1061d4e3d:group-3175C69E2139:LeaderElection98] INFO  server.RaftServerConfigKeys (ConfUtils.java:logGet(43)) - raft.server.staging.catchup.gap = 1000 (default)
2019-09-06 01:43:17,105 [f24ac80a-b898-4d83-9695-dde1061d4e3d:group-3175C69E2139:LeaderElection98] INFO  server.RaftServerConfigKeys (ConfUtils.java:logGet(43)) - raft.server.rpc.sleep.time = 25ms (default)
2019-09-06 01:43:17,106 [f24ac80a-b898-4d83-9695-dde1061d4e3d:group-3175C69E2139:LeaderElection98] INFO  server.RaftServerConfigKeys (ConfUtils.java:logGet(43)) - raft.server.write.element-limit = 4096 (default)
2019-09-06 01:43:17,106 [f24ac80a-b898-4d83-9695-dde1061d4e3d:group-3175C69E2139:LeaderElection98] INFO  server.RaftServerConfigKeys (ConfUtils.java:logGet(43)) - raft.server.watch.timeout = 10s (default)
2019-09-06 01:43:17,106 [f24ac80a-b898-4d83-9695-dde1061d4e3d:group-3175C69E2139:LeaderElection98] INFO  server.RaftServerConfigKeys (ConfUtils.java:logGet(43)) - raft.server.watch.timeout.denomination = 1s (default)
2019-09-06 01:43:17,106 [f24ac80a-b898-4d83-9695-dde1061d4e3d:group-3175C69E2139:LeaderElection98] INFO  server.RaftServerConfigKeys (ConfUtils.java:logGet(43)) - raft.server.watch.element-limit = 65536 (default)
2019-09-06 01:43:17,106 [f24ac80a-b898-4d83-9695-dde1061d4e3d:group-3175C69E2139:LeaderElection98] INFO  impl.RoleInfo (RoleInfo.java:updateAndGet(143)) - f24ac80a-b898-4d83-9695-dde1061d4e3d: start LeaderState
2019-09-06 01:43:17,106 [f24ac80a-b898-4d83-9695-dde1061d4e3d:group-3175C69E2139:LeaderElection98] INFO  segmented.SegmentedRaftLogWorker (SegmentedRaftLogWorker.java:startLogSegment(380)) - f24ac80a-b898-4d83-9695-dde1061d4e3d-SegmentedRaftLogWorker:Storage Directory /workdir/hadoop-ozone/integration-test/target/test-dir/MiniOzoneClusterImpl-f5177410-c437-49cc-94ad-c893ee7f2150/datanode-4/data/ratis/6eda3f06-1ac1-4857-b596-3175c69e2139: Starting segment from index:0
2019-09-06 01:43:17,107 [f24ac80a-b898-4d83-9695-dde1061d4e3d:group-3175C69E2139:LeaderElection98] INFO  impl.RaftServerImpl (ServerState.java:setRaftConf(361)) - f24ac80a-b898-4d83-9695-dde1061d4e3d:group-3175C69E2139 set configuration 0: [f24ac80a-b898-4d83-9695-dde1061d4e3d:192.168.5.177:41653], old=null at 0
2019-09-06 01:43:17,119 [Thread-4681] INFO  impl.FollowerState (FollowerState.java:run(106)) - adee5101-b96d-47d7-a476-4abea9874438:group-3D081775FC66 changes to CANDIDATE, lastRpcTime:5009, electionTimeout:5009ms
2019-09-06 01:43:17,119 [Thread-4681] INFO  impl.RoleInfo (RoleInfo.java:shutdownFollowerState(121)) - adee5101-b96d-47d7-a476-4abea9874438: shutdown FollowerState
2019-09-06 01:43:17,120 [Thread-4681] INFO  impl.RaftServerImpl (RaftServerImpl.java:setRole(171)) - adee5101-b96d-47d7-a476-4abea9874438:group-3D081775FC66 changes role from FOLLOWER to CANDIDATE at term 0 for changeToCandidate
2019-09-06 01:43:17,120 [Thread-4681] INFO  impl.RoleInfo (RoleInfo.java:updateAndGet(143)) - adee5101-b96d-47d7-a476-4abea9874438: start LeaderElection
2019-09-06 01:43:17,145 [f24ac80a-b898-4d83-9695-dde1061d4e3d-SegmentedRaftLogWorker:Storage Directory /workdir/hadoop-ozone/integration-test/target/test-dir/MiniOzoneClusterImpl-f5177410-c437-49cc-94ad-c893ee7f2150/datanode-4/data/ratis/6eda3f06-1ac1-4857-b596-3175c69e2139] INFO  segmented.SegmentedRaftLogWorker (SegmentedRaftLogWorker.java:execute(569)) - f24ac80a-b898-4d83-9695-dde1061d4e3d-SegmentedRaftLogWorker:Storage Directory /workdir/hadoop-ozone/integration-test/target/test-dir/MiniOzoneClusterImpl-f5177410-c437-49cc-94ad-c893ee7f2150/datanode-4/data/ratis/6eda3f06-1ac1-4857-b596-3175c69e2139: created new log segment /workdir/hadoop-ozone/integration-test/target/test-dir/MiniOzoneClusterImpl-f5177410-c437-49cc-94ad-c893ee7f2150/datanode-4/data/ratis/6eda3f06-1ac1-4857-b596-3175c69e2139/current/log_inprogress_0
2019-09-06 01:43:17,158 [adee5101-b96d-47d7-a476-4abea9874438:group-3D081775FC66:LeaderElection99] INFO  impl.LeaderElection (LeaderElection.java:askForVotes(181)) - adee5101-b96d-47d7-a476-4abea9874438:group-3D081775FC66:LeaderElection99: begin an election at term 1 for -1: [adee5101-b96d-47d7-a476-4abea9874438:192.168.5.177:46866], old=null
2019-09-06 01:43:17,158 [adee5101-b96d-47d7-a476-4abea9874438:group-3D081775FC66:LeaderElection99] INFO  impl.RoleInfo (RoleInfo.java:shutdownLeaderElection(134)) - adee5101-b96d-47d7-a476-4abea9874438: shutdown LeaderElection
2019-09-06 01:43:17,158 [adee5101-b96d-47d7-a476-4abea9874438:group-3D081775FC66:LeaderElection99] INFO  impl.RaftServerImpl (RaftServerImpl.java:setRole(171)) - adee5101-b96d-47d7-a476-4abea9874438:group-3D081775FC66 changes role from CANDIDATE to LEADER at term 1 for changeToLeader
2019-09-06 01:43:17,159 [adee5101-b96d-47d7-a476-4abea9874438:group-3D081775FC66:LeaderElection99] INFO  impl.RaftServerImpl (ServerState.java:setLeader(263)) - adee5101-b96d-47d7-a476-4abea9874438:group-3D081775FC66 change Leader from null to adee5101-b96d-47d7-a476-4abea9874438 at term 1 for becomeLeader, leader elected after 5052ms
2019-09-06 01:43:17,159 [adee5101-b96d-47d7-a476-4abea9874438:group-3D081775FC66:LeaderElection99] INFO  server.RaftServerConfigKeys (ConfUtils.java:logGet(43)) - raft.server.staging.catchup.gap = 1000 (default)
2019-09-06 01:43:17,159 [adee5101-b96d-47d7-a476-4abea9874438:group-3D081775FC66:LeaderElection99] INFO  server.RaftServerConfigKeys (ConfUtils.java:logGet(43)) - raft.server.rpc.sleep.time = 25ms (default)
2019-09-06 01:43:17,159 [adee5101-b96d-47d7-a476-4abea9874438:group-3D081775FC66:LeaderElection99] INFO  server.RaftServerConfigKeys (ConfUtils.java:logGet(43)) - raft.server.write.element-limit = 4096 (default)
2019-09-06 01:43:17,159 [adee5101-b96d-47d7-a476-4abea9874438:group-3D081775FC66:LeaderElection99] INFO  server.RaftServerConfigKeys (ConfUtils.java:logGet(43)) - raft.server.watch.timeout = 10s (default)
2019-09-06 01:43:17,159 [adee5101-b96d-47d7-a476-4abea9874438:group-3D081775FC66:LeaderElection99] INFO  server.RaftServerConfigKeys (ConfUtils.java:logGet(43)) - raft.server.watch.timeout.denomination = 1s (default)
2019-09-06 01:43:17,159 [adee5101-b96d-47d7-a476-4abea9874438:group-3D081775FC66:LeaderElection99] INFO  server.RaftServerConfigKeys (ConfUtils.java:logGet(43)) - raft.server.watch.element-limit = 65536 (default)
2019-09-06 01:43:17,160 [adee5101-b96d-47d7-a476-4abea9874438:group-3D081775FC66:LeaderElection99] INFO  impl.RoleInfo (RoleInfo.java:updateAndGet(143)) - adee5101-b96d-47d7-a476-4abea9874438: start LeaderState
2019-09-06 01:43:17,160 [adee5101-b96d-47d7-a476-4abea9874438:group-3D081775FC66:LeaderElection99] INFO  segmented.SegmentedRaftLogWorker (SegmentedRaftLogWorker.java:startLogSegment(380)) - adee5101-b96d-47d7-a476-4abea9874438-SegmentedRaftLogWorker:Storage Directory /workdir/hadoop-ozone/integration-test/target/test-dir/MiniOzoneClusterImpl-f5177410-c437-49cc-94ad-c893ee7f2150/datanode-6/data/ratis/818b80cb-d5cd-4623-a13c-3d081775fc66: Starting segment from index:0
2019-09-06 01:43:17,161 [adee5101-b96d-47d7-a476-4abea9874438:group-3D081775FC66:LeaderElection99] INFO  impl.RaftServerImpl (ServerState.java:setRaftConf(361)) - adee5101-b96d-47d7-a476-4abea9874438:group-3D081775FC66 set configuration 0: [adee5101-b96d-47d7-a476-4abea9874438:192.168.5.177:46866], old=null at 0
2019-09-06 01:43:17,177 [Thread-4688] INFO  impl.FollowerState (FollowerState.java:run(106)) - a535f1e5-8f96-4de4-9301-2678fc073a36:group-813194B7863C changes to CANDIDATE, lastRpcTime:5008, electionTimeout:5008ms
2019-09-06 01:43:17,177 [Thread-4688] INFO  impl.RoleInfo (RoleInfo.java:shutdownFollowerState(121)) - a535f1e5-8f96-4de4-9301-2678fc073a36: shutdown FollowerState
2019-09-06 01:43:17,178 [Thread-4688] INFO  impl.RaftServerImpl (RaftServerImpl.java:setRole(171)) - a535f1e5-8f96-4de4-9301-2678fc073a36:group-813194B7863C changes role from FOLLOWER to CANDIDATE at term 0 for changeToCandidate
2019-09-06 01:43:17,178 [Thread-4688] INFO  impl.RoleInfo (RoleInfo.java:updateAndGet(143)) - a535f1e5-8f96-4de4-9301-2678fc073a36: start LeaderElection
2019-09-06 01:43:17,199 [Thread-4678] INFO  impl.FollowerState (FollowerState.java:run(106)) - a535f1e5-8f96-4de4-9301-2678fc073a36:group-C5C79DC12FE2 changes to CANDIDATE, lastRpcTime:5131, electionTimeout:5113ms
2019-09-06 01:43:17,201 [Thread-4678] INFO  impl.RoleInfo (RoleInfo.java:shutdownFollowerState(121)) - a535f1e5-8f96-4de4-9301-2678fc073a36: shutdown FollowerState
2019-09-06 01:43:17,201 [Thread-4678] INFO  impl.RaftServerImpl (RaftServerImpl.java:setRole(171)) - a535f1e5-8f96-4de4-9301-2678fc073a36:group-C5C79DC12FE2 changes role from FOLLOWER to CANDIDATE at term 0 for changeToCandidate
2019-09-06 01:43:17,202 [Thread-4678] INFO  impl.RoleInfo (RoleInfo.java:updateAndGet(143)) - a535f1e5-8f96-4de4-9301-2678fc073a36: start LeaderElection
2019-09-06 01:43:17,212 [adee5101-b96d-47d7-a476-4abea9874438-SegmentedRaftLogWorker:Storage Directory /workdir/hadoop-ozone/integration-test/target/test-dir/MiniOzoneClusterImpl-f5177410-c437-49cc-94ad-c893ee7f2150/datanode-6/data/ratis/818b80cb-d5cd-4623-a13c-3d081775fc66] INFO  segmented.SegmentedRaftLogWorker (SegmentedRaftLogWorker.java:execute(569)) - adee5101-b96d-47d7-a476-4abea9874438-SegmentedRaftLogWorker:Storage Directory /workdir/hadoop-ozone/integration-test/target/test-dir/MiniOzoneClusterImpl-f5177410-c437-49cc-94ad-c893ee7f2150/datanode-6/data/ratis/818b80cb-d5cd-4623-a13c-3d081775fc66: created new log segment /workdir/hadoop-ozone/integration-test/target/test-dir/MiniOzoneClusterImpl-f5177410-c437-49cc-94ad-c893ee7f2150/datanode-6/data/ratis/818b80cb-d5cd-4623-a13c-3d081775fc66/current/log_inprogress_0
2019-09-06 01:43:17,212 [a535f1e5-8f96-4de4-9301-2678fc073a36:group-C5C79DC12FE2:LeaderElection101] INFO  impl.LeaderElection (LeaderElection.java:askForVotes(181)) - a535f1e5-8f96-4de4-9301-2678fc073a36:group-C5C79DC12FE2:LeaderElection101: begin an election at term 1 for -1: [a535f1e5-8f96-4de4-9301-2678fc073a36:192.168.5.177:33796], old=null
2019-09-06 01:43:17,212 [a535f1e5-8f96-4de4-9301-2678fc073a36:group-813194B7863C:LeaderElection100] INFO  impl.LeaderElection (LeaderElection.java:askForVotes(181)) - a535f1e5-8f96-4de4-9301-2678fc073a36:group-813194B7863C:LeaderElection100: begin an election at term 1 for -1: [adee5101-b96d-47d7-a476-4abea9874438:192.168.5.177:46866, a535f1e5-8f96-4de4-9301-2678fc073a36:192.168.5.177:33796, aa424548-ca22-474d-89f9-384a5c0f40e5:192.168.5.177:41858], old=null
2019-09-06 01:43:17,213 [a535f1e5-8f96-4de4-9301-2678fc073a36:group-C5C79DC12FE2:LeaderElection101] INFO  impl.RoleInfo (RoleInfo.java:shutdownLeaderElection(134)) - a535f1e5-8f96-4de4-9301-2678fc073a36: shutdown LeaderElection
2019-09-06 01:43:17,213 [grpc-default-executor-8] INFO  client.GrpcClientProtocolClient (GrpcClientProtocolClient.java:onNext(255)) - client-6AE885FD3BB7->aa424548-ca22-474d-89f9-384a5c0f40e5: receive RaftClientReply:client-6AE885FD3BB7->aa424548-ca22-474d-89f9-384a5c0f40e5@group-813194B7863C, cid=263, FAILED org.apache.ratis.protocol.NotLeaderException: Server aa424548-ca22-474d-89f9-384a5c0f40e5 is not the leader (null). Request must be sent to leader., logIndex=0, commits[aa424548-ca22-474d-89f9-384a5c0f40e5:c-1]
2019-09-06 01:43:17,213 [a535f1e5-8f96-4de4-9301-2678fc073a36:group-C5C79DC12FE2:LeaderElection101] INFO  impl.RaftServerImpl (RaftServerImpl.java:setRole(171)) - a535f1e5-8f96-4de4-9301-2678fc073a36:group-C5C79DC12FE2 changes role from CANDIDATE to LEADER at term 1 for changeToLeader
2019-09-06 01:43:17,213 [a535f1e5-8f96-4de4-9301-2678fc073a36:group-C5C79DC12FE2:LeaderElection101] INFO  impl.RaftServerImpl (ServerState.java:setLeader(263)) - a535f1e5-8f96-4de4-9301-2678fc073a36:group-C5C79DC12FE2 change Leader from null to a535f1e5-8f96-4de4-9301-2678fc073a36 at term 1 for becomeLeader, leader elected after 5148ms
2019-09-06 01:43:17,213 [a535f1e5-8f96-4de4-9301-2678fc073a36:group-C5C79DC12FE2:LeaderElection101] INFO  server.RaftServerConfigKeys (ConfUtils.java:logGet(43)) - raft.server.staging.catchup.gap = 1000 (default)
2019-09-06 01:43:17,214 [a535f1e5-8f96-4de4-9301-2678fc073a36:group-C5C79DC12FE2:LeaderElection101] INFO  server.RaftServerConfigKeys (ConfUtils.java:logGet(43)) - raft.server.rpc.sleep.time = 25ms (default)
2019-09-06 01:43:17,214 [a535f1e5-8f96-4de4-9301-2678fc073a36:group-C5C79DC12FE2:LeaderElection101] INFO  server.RaftServerConfigKeys (ConfUtils.java:logGet(43)) - raft.server.write.element-limit = 4096 (default)
2019-09-06 01:43:17,216 [a535f1e5-8f96-4de4-9301-2678fc073a36:group-C5C79DC12FE2:LeaderElection101] INFO  server.RaftServerConfigKeys (ConfUtils.java:logGet(43)) - raft.server.watch.timeout = 10s (default)
2019-09-06 01:43:17,216 [a535f1e5-8f96-4de4-9301-2678fc073a36:group-C5C79DC12FE2:LeaderElection101] INFO  server.RaftServerConfigKeys (ConfUtils.java:logGet(43)) - raft.server.watch.timeout.denomination = 1s (default)
2019-09-06 01:43:17,217 [a535f1e5-8f96-4de4-9301-2678fc073a36:group-C5C79DC12FE2:LeaderElection101] INFO  server.RaftServerConfigKeys (ConfUtils.java:logGet(43)) - raft.server.watch.element-limit = 65536 (default)
2019-09-06 01:43:17,217 [a535f1e5-8f96-4de4-9301-2678fc073a36:group-C5C79DC12FE2:LeaderElection101] INFO  impl.RoleInfo (RoleInfo.java:updateAndGet(143)) - a535f1e5-8f96-4de4-9301-2678fc073a36: start LeaderState
2019-09-06 01:43:17,217 [a535f1e5-8f96-4de4-9301-2678fc073a36:group-C5C79DC12FE2:LeaderElection101] INFO  segmented.SegmentedRaftLogWorker (SegmentedRaftLogWorker.java:startLogSegment(380)) - a535f1e5-8f96-4de4-9301-2678fc073a36-SegmentedRaftLogWorker:Storage Directory /workdir/hadoop-ozone/integration-test/target/test-dir/MiniOzoneClusterImpl-f5177410-c437-49cc-94ad-c893ee7f2150/datanode-5/data/ratis/74e094ac-f1b5-44a7-a6ef-c5c79dc12fe2: Starting segment from index:0
2019-09-06 01:43:17,217 [a535f1e5-8f96-4de4-9301-2678fc073a36:group-C5C79DC12FE2:LeaderElection101] INFO  impl.RaftServerImpl (ServerState.java:setRaftConf(361)) - a535f1e5-8f96-4de4-9301-2678fc073a36:group-C5C79DC12FE2 set configuration 0: [a535f1e5-8f96-4de4-9301-2678fc073a36:192.168.5.177:33796], old=null at 0
2019-09-06 01:43:17,219 [grpc-default-executor-8] INFO  impl.RaftServerImpl (RaftServerImpl.java:setRole(171)) - aa424548-ca22-474d-89f9-384a5c0f40e5:group-813194B7863C changes role from FOLLOWER to FOLLOWER at term 1 for recognizeCandidate:a535f1e5-8f96-4de4-9301-2678fc073a36
2019-09-06 01:43:17,219 [grpc-default-executor-8] INFO  impl.RoleInfo (RoleInfo.java:shutdownFollowerState(121)) - aa424548-ca22-474d-89f9-384a5c0f40e5: shutdown FollowerState
2019-09-06 01:43:17,219 [grpc-default-executor-2] INFO  impl.RaftServerImpl (RaftServerImpl.java:setRole(171)) - adee5101-b96d-47d7-a476-4abea9874438:group-813194B7863C changes role from FOLLOWER to FOLLOWER at term 1 for recognizeCandidate:a535f1e5-8f96-4de4-9301-2678fc073a36
2019-09-06 01:43:17,219 [grpc-default-executor-8] INFO  impl.RoleInfo (RoleInfo.java:updateAndGet(143)) - aa424548-ca22-474d-89f9-384a5c0f40e5: start FollowerState
2019-09-06 01:43:17,219 [Thread-4689] INFO  impl.FollowerState (FollowerState.java:run(114)) - aa424548-ca22-474d-89f9-384a5c0f40e5: FollowerState was interrupted: java.lang.InterruptedException: sleep interrupted
2019-09-06 01:43:17,219 [grpc-default-executor-2] INFO  impl.RoleInfo (RoleInfo.java:shutdownFollowerState(121)) - adee5101-b96d-47d7-a476-4abea9874438: shutdown FollowerState
2019-09-06 01:43:17,256 [grpc-default-executor-2] INFO  impl.RoleInfo (RoleInfo.java:updateAndGet(143)) - adee5101-b96d-47d7-a476-4abea9874438: start FollowerState
2019-09-06 01:43:17,256 [Thread-4684] INFO  impl.FollowerState (FollowerState.java:run(114)) - adee5101-b96d-47d7-a476-4abea9874438: FollowerState was interrupted: java.lang.InterruptedException: sleep interrupted
2019-09-06 01:43:17,288 [a535f1e5-8f96-4de4-9301-2678fc073a36-SegmentedRaftLogWorker:Storage Directory /workdir/hadoop-ozone/integration-test/target/test-dir/MiniOzoneClusterImpl-f5177410-c437-49cc-94ad-c893ee7f2150/datanode-5/data/ratis/74e094ac-f1b5-44a7-a6ef-c5c79dc12fe2] INFO  segmented.SegmentedRaftLogWorker (SegmentedRaftLogWorker.java:execute(569)) - a535f1e5-8f96-4de4-9301-2678fc073a36-SegmentedRaftLogWorker:Storage Directory /workdir/hadoop-ozone/integration-test/target/test-dir/MiniOzoneClusterImpl-f5177410-c437-49cc-94ad-c893ee7f2150/datanode-5/data/ratis/74e094ac-f1b5-44a7-a6ef-c5c79dc12fe2: created new log segment /workdir/hadoop-ozone/integration-test/target/test-dir/MiniOzoneClusterImpl-f5177410-c437-49cc-94ad-c893ee7f2150/datanode-5/data/ratis/74e094ac-f1b5-44a7-a6ef-c5c79dc12fe2/current/log_inprogress_0
2019-09-06 01:43:17,289 [a535f1e5-8f96-4de4-9301-2678fc073a36:group-813194B7863C:LeaderElection100] INFO  impl.LeaderElection (LeaderElection.java:logAndReturn(56)) - a535f1e5-8f96-4de4-9301-2678fc073a36:group-813194B7863C:LeaderElection100: Election PASSED; received 1 response(s) [a535f1e5-8f96-4de4-9301-2678fc073a36<-aa424548-ca22-474d-89f9-384a5c0f40e5#0:OK-t1] and 0 exception(s); a535f1e5-8f96-4de4-9301-2678fc073a36:t1, leader=null, voted=a535f1e5-8f96-4de4-9301-2678fc073a36, raftlog=a535f1e5-8f96-4de4-9301-2678fc073a36-SegmentedRaftLog:OPENED:c-1,f-1,i0, conf=-1: [adee5101-b96d-47d7-a476-4abea9874438:192.168.5.177:46866, a535f1e5-8f96-4de4-9301-2678fc073a36:192.168.5.177:33796, aa424548-ca22-474d-89f9-384a5c0f40e5:192.168.5.177:41858], old=null
2019-09-06 01:43:17,289 [a535f1e5-8f96-4de4-9301-2678fc073a36:group-813194B7863C:LeaderElection100] INFO  impl.RoleInfo (RoleInfo.java:shutdownLeaderElection(134)) - a535f1e5-8f96-4de4-9301-2678fc073a36: shutdown LeaderElection
2019-09-06 01:43:17,290 [a535f1e5-8f96-4de4-9301-2678fc073a36:group-813194B7863C:LeaderElection100] INFO  impl.RaftServerImpl (RaftServerImpl.java:setRole(171)) - a535f1e5-8f96-4de4-9301-2678fc073a36:group-813194B7863C changes role from CANDIDATE to LEADER at term 1 for changeToLeader
2019-09-06 01:43:17,290 [a535f1e5-8f96-4de4-9301-2678fc073a36:group-813194B7863C:LeaderElection100] INFO  impl.RaftServerImpl (ServerState.java:setLeader(263)) - a535f1e5-8f96-4de4-9301-2678fc073a36:group-813194B7863C change Leader from null to a535f1e5-8f96-4de4-9301-2678fc073a36 at term 1 for becomeLeader, leader elected after 5129ms
2019-09-06 01:43:17,290 [a535f1e5-8f96-4de4-9301-2678fc073a36:group-813194B7863C:LeaderElection100] INFO  server.RaftServerConfigKeys (ConfUtils.java:logGet(43)) - raft.server.staging.catchup.gap = 1000 (default)
2019-09-06 01:43:17,290 [a535f1e5-8f96-4de4-9301-2678fc073a36:group-813194B7863C:LeaderElection100] INFO  server.RaftServerConfigKeys (ConfUtils.java:logGet(43)) - raft.server.rpc.sleep.time = 25ms (default)
2019-09-06 01:43:17,290 [a535f1e5-8f96-4de4-9301-2678fc073a36:group-813194B7863C:LeaderElection100] INFO  server.RaftServerConfigKeys (ConfUtils.java:logGet(43)) - raft.server.write.element-limit = 4096 (default)
2019-09-06 01:43:17,291 [a535f1e5-8f96-4de4-9301-2678fc073a36:group-813194B7863C:LeaderElection100] INFO  server.RaftServerConfigKeys (ConfUtils.java:logGet(43)) - raft.server.watch.timeout = 10s (default)
2019-09-06 01:43:17,291 [a535f1e5-8f96-4de4-9301-2678fc073a36:group-813194B7863C:LeaderElection100] INFO  server.RaftServerConfigKeys (ConfUtils.java:logGet(43)) - raft.server.watch.timeout.denomination = 1s (default)
2019-09-06 01:43:17,291 [a535f1e5-8f96-4de4-9301-2678fc073a36:group-813194B7863C:LeaderElection100] INFO  server.RaftServerConfigKeys (ConfUtils.java:logGet(43)) - raft.server.watch.element-limit = 65536 (default)
2019-09-06 01:43:17,291 [a535f1e5-8f96-4de4-9301-2678fc073a36:group-813194B7863C:LeaderElection100] INFO  server.RaftServerConfigKeys (ConfUtils.java:logGet(43)) - raft.server.log.appender.snapshot.chunk.size.max = 16MB (=16777216) (default)
2019-09-06 01:43:17,291 [a535f1e5-8f96-4de4-9301-2678fc073a36:group-813194B7863C:LeaderElection100] INFO  server.RaftServerConfigKeys (ConfUtils.java:logGet(43)) - raft.server.log.appender.buffer.byte-limit = 33554432 (custom)
2019-09-06 01:43:17,291 [a535f1e5-8f96-4de4-9301-2678fc073a36:group-813194B7863C:LeaderElection100] INFO  server.RaftServerConfigKeys (ConfUtils.java:logGet(43)) - raft.server.log.appender.buffer.element-limit = 1 (custom)
2019-09-06 01:43:17,292 [a535f1e5-8f96-4de4-9301-2678fc073a36:group-813194B7863C:LeaderElection100] INFO  grpc.GrpcConfigKeys$Server (ConfUtils.java:logGet(43)) - raft.grpc.server.leader.outstanding.appends.max = 128 (default)
2019-09-06 01:43:17,292 [a535f1e5-8f96-4de4-9301-2678fc073a36:group-813194B7863C:LeaderElection100] INFO  server.RaftServerConfigKeys (ConfUtils.java:logGet(43)) - raft.server.rpc.request.timeout = 3000ms (default)
2019-09-06 01:43:17,292 [a535f1e5-8f96-4de4-9301-2678fc073a36:group-813194B7863C:LeaderElection100] INFO  server.RaftServerConfigKeys (ConfUtils.java:logGet(43)) - raft.server.log.appender.install.snapshot.enabled = false (custom)
2019-09-06 01:43:17,292 [a535f1e5-8f96-4de4-9301-2678fc073a36:group-813194B7863C:LeaderElection100] INFO  server.RaftServerConfigKeys (ConfUtils.java:logGet(43)) - raft.server.log.appender.snapshot.chunk.size.max = 16MB (=16777216) (default)
2019-09-06 01:43:17,292 [a535f1e5-8f96-4de4-9301-2678fc073a36:group-813194B7863C:LeaderElection100] INFO  server.RaftServerConfigKeys (ConfUtils.java:logGet(43)) - raft.server.log.appender.buffer.byte-limit = 33554432 (custom)
2019-09-06 01:43:17,292 [a535f1e5-8f96-4de4-9301-2678fc073a36:group-813194B7863C:LeaderElection100] INFO  server.RaftServerConfigKeys (ConfUtils.java:logGet(43)) - raft.server.log.appender.buffer.element-limit = 1 (custom)
2019-09-06 01:43:17,292 [a535f1e5-8f96-4de4-9301-2678fc073a36:group-813194B7863C:LeaderElection100] INFO  grpc.GrpcConfigKeys$Server (ConfUtils.java:logGet(43)) - raft.grpc.server.leader.outstanding.appends.max = 128 (default)
2019-09-06 01:43:17,293 [a535f1e5-8f96-4de4-9301-2678fc073a36:group-813194B7863C:LeaderElection100] INFO  server.RaftServerConfigKeys (ConfUtils.java:logGet(43)) - raft.server.rpc.request.timeout = 3000ms (default)
2019-09-06 01:43:17,293 [a535f1e5-8f96-4de4-9301-2678fc073a36:group-813194B7863C:LeaderElection100] INFO  server.RaftServerConfigKeys (ConfUtils.java:logGet(43)) - raft.server.log.appender.install.snapshot.enabled = false (custom)
2019-09-06 01:43:17,293 [a535f1e5-8f96-4de4-9301-2678fc073a36:group-813194B7863C:LeaderElection100] INFO  impl.RoleInfo (RoleInfo.java:updateAndGet(143)) - a535f1e5-8f96-4de4-9301-2678fc073a36: start LeaderState
2019-09-06 01:43:17,293 [a535f1e5-8f96-4de4-9301-2678fc073a36:group-813194B7863C:LeaderElection100] INFO  segmented.SegmentedRaftLogWorker (SegmentedRaftLogWorker.java:startLogSegment(380)) - a535f1e5-8f96-4de4-9301-2678fc073a36-SegmentedRaftLogWorker:Storage Directory /workdir/hadoop-ozone/integration-test/target/test-dir/MiniOzoneClusterImpl-f5177410-c437-49cc-94ad-c893ee7f2150/datanode-5/data/ratis/754c92af-cd0f-42fb-9cb8-813194b7863c: Starting segment from index:0
2019-09-06 01:43:17,294 [a535f1e5-8f96-4de4-9301-2678fc073a36:group-813194B7863C:LeaderElection100] INFO  impl.RaftServerImpl (ServerState.java:setRaftConf(361)) - a535f1e5-8f96-4de4-9301-2678fc073a36:group-813194B7863C set configuration 0: [adee5101-b96d-47d7-a476-4abea9874438:192.168.5.177:46866, a535f1e5-8f96-4de4-9301-2678fc073a36:192.168.5.177:33796, aa424548-ca22-474d-89f9-384a5c0f40e5:192.168.5.177:41858], old=null at 0
2019-09-06 01:43:17,329 [grpc-default-executor-8] INFO  impl.RaftServerImpl (ServerState.java:setLeader(263)) - adee5101-b96d-47d7-a476-4abea9874438:group-813194B7863C change Leader from null to a535f1e5-8f96-4de4-9301-2678fc073a36 at term 1 for appendEntries, leader elected after 5168ms
2019-09-06 01:43:17,329 [grpc-default-executor-2] INFO  impl.RaftServerImpl (ServerState.java:setLeader(263)) - aa424548-ca22-474d-89f9-384a5c0f40e5:group-813194B7863C change Leader from null to a535f1e5-8f96-4de4-9301-2678fc073a36 at term 1 for appendEntries, leader elected after 5168ms
2019-09-06 01:43:17,331 [grpc-default-executor-2] INFO  impl.RaftServerImpl (ServerState.java:setRaftConf(361)) - adee5101-b96d-47d7-a476-4abea9874438:group-813194B7863C set configuration 0: [adee5101-b96d-47d7-a476-4abea9874438:192.168.5.177:46866, a535f1e5-8f96-4de4-9301-2678fc073a36:192.168.5.177:33796, aa424548-ca22-474d-89f9-384a5c0f40e5:192.168.5.177:41858], old=null at 0
2019-09-06 01:43:17,331 [grpc-default-executor-8] INFO  impl.RaftServerImpl (ServerState.java:setRaftConf(361)) - aa424548-ca22-474d-89f9-384a5c0f40e5:group-813194B7863C set configuration 0: [adee5101-b96d-47d7-a476-4abea9874438:192.168.5.177:46866, a535f1e5-8f96-4de4-9301-2678fc073a36:192.168.5.177:33796, aa424548-ca22-474d-89f9-384a5c0f40e5:192.168.5.177:41858], old=null at 0
2019-09-06 01:43:17,331 [grpc-default-executor-2] INFO  segmented.SegmentedRaftLogWorker (SegmentedRaftLogWorker.java:startLogSegment(380)) - adee5101-b96d-47d7-a476-4abea9874438-SegmentedRaftLogWorker:Storage Directory /workdir/hadoop-ozone/integration-test/target/test-dir/MiniOzoneClusterImpl-f5177410-c437-49cc-94ad-c893ee7f2150/datanode-6/data/ratis/754c92af-cd0f-42fb-9cb8-813194b7863c: Starting segment from index:0
2019-09-06 01:43:17,332 [grpc-default-executor-8] INFO  segmented.SegmentedRaftLogWorker (SegmentedRaftLogWorker.java:startLogSegment(380)) - aa424548-ca22-474d-89f9-384a5c0f40e5-SegmentedRaftLogWorker:Storage Directory /workdir/hadoop-ozone/integration-test/target/test-dir/MiniOzoneClusterImpl-f5177410-c437-49cc-94ad-c893ee7f2150/datanode-3/data/ratis/754c92af-cd0f-42fb-9cb8-813194b7863c: Starting segment from index:0
2019-09-06 01:43:17,342 [a535f1e5-8f96-4de4-9301-2678fc073a36-SegmentedRaftLogWorker:Storage Directory /workdir/hadoop-ozone/integration-test/target/test-dir/MiniOzoneClusterImpl-f5177410-c437-49cc-94ad-c893ee7f2150/datanode-5/data/ratis/754c92af-cd0f-42fb-9cb8-813194b7863c] INFO  segmented.SegmentedRaftLogWorker (SegmentedRaftLogWorker.java:execute(569)) - a535f1e5-8f96-4de4-9301-2678fc073a36-SegmentedRaftLogWorker:Storage Directory /workdir/hadoop-ozone/integration-test/target/test-dir/MiniOzoneClusterImpl-f5177410-c437-49cc-94ad-c893ee7f2150/datanode-5/data/ratis/754c92af-cd0f-42fb-9cb8-813194b7863c: created new log segment /workdir/hadoop-ozone/integration-test/target/test-dir/MiniOzoneClusterImpl-f5177410-c437-49cc-94ad-c893ee7f2150/datanode-5/data/ratis/754c92af-cd0f-42fb-9cb8-813194b7863c/current/log_inprogress_0
2019-09-06 01:43:17,377 [aa424548-ca22-474d-89f9-384a5c0f40e5-SegmentedRaftLogWorker:Storage Directory /workdir/hadoop-ozone/integration-test/target/test-dir/MiniOzoneClusterImpl-f5177410-c437-49cc-94ad-c893ee7f2150/datanode-3/data/ratis/754c92af-cd0f-42fb-9cb8-813194b7863c] INFO  segmented.SegmentedRaftLogWorker (SegmentedRaftLogWorker.java:execute(569)) - aa424548-ca22-474d-89f9-384a5c0f40e5-SegmentedRaftLogWorker:Storage Directory /workdir/hadoop-ozone/integration-test/target/test-dir/MiniOzoneClusterImpl-f5177410-c437-49cc-94ad-c893ee7f2150/datanode-3/data/ratis/754c92af-cd0f-42fb-9cb8-813194b7863c: created new log segment /workdir/hadoop-ozone/integration-test/target/test-dir/MiniOzoneClusterImpl-f5177410-c437-49cc-94ad-c893ee7f2150/datanode-3/data/ratis/754c92af-cd0f-42fb-9cb8-813194b7863c/current/log_inprogress_0
2019-09-06 01:43:17,396 [adee5101-b96d-47d7-a476-4abea9874438-SegmentedRaftLogWorker:Storage Directory /workdir/hadoop-ozone/integration-test/target/test-dir/MiniOzoneClusterImpl-f5177410-c437-49cc-94ad-c893ee7f2150/datanode-6/data/ratis/754c92af-cd0f-42fb-9cb8-813194b7863c] INFO  segmented.SegmentedRaftLogWorker (SegmentedRaftLogWorker.java:execute(569)) - adee5101-b96d-47d7-a476-4abea9874438-SegmentedRaftLogWorker:Storage Directory /workdir/hadoop-ozone/integration-test/target/test-dir/MiniOzoneClusterImpl-f5177410-c437-49cc-94ad-c893ee7f2150/datanode-6/data/ratis/754c92af-cd0f-42fb-9cb8-813194b7863c: created new log segment /workdir/hadoop-ozone/integration-test/target/test-dir/MiniOzoneClusterImpl-f5177410-c437-49cc-94ad-c893ee7f2150/datanode-6/data/ratis/754c92af-cd0f-42fb-9cb8-813194b7863c/current/log_inprogress_0
2019-09-06 01:43:18,221 [grpc-default-executor-8] INFO  client.GrpcClientProtocolClient (GrpcClientProtocolClient.java:onNext(255)) - client-6AE885FD3BB7->adee5101-b96d-47d7-a476-4abea9874438: receive RaftClientReply:client-6AE885FD3BB7->adee5101-b96d-47d7-a476-4abea9874438@group-813194B7863C, cid=263, FAILED org.apache.ratis.protocol.NotLeaderException: Server adee5101-b96d-47d7-a476-4abea9874438 is not the leader (a535f1e5-8f96-4de4-9301-2678fc073a36:192.168.5.177:33796). Request must be sent to leader., logIndex=0, commits[adee5101-b96d-47d7-a476-4abea9874438:c-1, a535f1e5-8f96-4de4-9301-2678fc073a36:c-1, aa424548-ca22-474d-89f9-384a5c0f40e5:c-1]
2019-09-06 01:43:18,522 [grpc-default-executor-2] INFO  client.GrpcClientProtocolClient (GrpcClientProtocolClient.java:onNext(255)) - client-6AE885FD3BB7->a535f1e5-8f96-4de4-9301-2678fc073a36: receive RaftClientReply:client-6AE885FD3BB7->a535f1e5-8f96-4de4-9301-2678fc073a36@group-813194B7863C, cid=263, SUCCESS, logIndex=1, commits[a535f1e5-8f96-4de4-9301-2678fc073a36:c1, adee5101-b96d-47d7-a476-4abea9874438:c0, aa424548-ca22-474d-89f9-384a5c0f40e5:c0]
2019-09-06 01:43:18,566 [grpc-default-executor-2] INFO  client.GrpcClientProtocolClient (GrpcClientProtocolClient.java:onNext(255)) - client-6AE885FD3BB7->a535f1e5-8f96-4de4-9301-2678fc073a36: receive RaftClientReply:client-6AE885FD3BB7->a535f1e5-8f96-4de4-9301-2678fc073a36@group-813194B7863C, cid=264, SUCCESS, logIndex=3, commits[a535f1e5-8f96-4de4-9301-2678fc073a36:c4, adee5101-b96d-47d7-a476-4abea9874438:c1, aa424548-ca22-474d-89f9-384a5c0f40e5:c1]
2019-09-06 01:43:18,636 [grpc-default-executor-2] INFO  client.GrpcClientProtocolClient (GrpcClientProtocolClient.java:onNext(255)) - client-6AE885FD3BB7->a535f1e5-8f96-4de4-9301-2678fc073a36: receive RaftClientReply:client-6AE885FD3BB7->a535f1e5-8f96-4de4-9301-2678fc073a36@group-813194B7863C, cid=265, SUCCESS, logIndex=4, commits[a535f1e5-8f96-4de4-9301-2678fc073a36:c6, adee5101-b96d-47d7-a476-4abea9874438:c4, aa424548-ca22-474d-89f9-384a5c0f40e5:c4]
2019-09-06 01:43:18,640 [EventQueue-CloseContainerForCloseContainerEventHandler] INFO  container.CloseContainerEventHandler (CloseContainerEventHandler.java:onMessage(61)) - Close container Event triggered for container : #1
2019-09-06 01:43:18,641 [EventQueue-CloseContainerForCloseContainerEventHandler] INFO  container.CloseContainerEventHandler (CloseContainerEventHandler.java:onMessage(61)) - Close container Event triggered for container : #1
2019-09-06 01:43:18,641 [EventQueue-CloseContainerForCloseContainerEventHandler] INFO  container.CloseContainerEventHandler (CloseContainerEventHandler.java:onMessage(61)) - Close container Event triggered for container : #1
2019-09-06 01:43:20,600 [RatisApplyTransactionExecutor 1] INFO  interfaces.Container (KeyValueContainer.java:flushAndSyncDB(382)) - Container 1 is synced with bcsId 4.
2019-09-06 01:43:20,600 [RatisApplyTransactionExecutor 1] INFO  interfaces.Container (KeyValueContainer.java:flushAndSyncDB(382)) - Container 1 is synced with bcsId 4.
2019-09-06 01:43:20,600 [RatisApplyTransactionExecutor 1] INFO  interfaces.Container (KeyValueContainer.java:flushAndSyncDB(382)) - Container 1 is synced with bcsId 4.
2019-09-06 01:43:20,600 [RatisApplyTransactionExecutor 1] INFO  interfaces.Container (KeyValueContainer.java:flushAndSyncDB(382)) - Container 1 is synced with bcsId 4.
2019-09-06 01:43:20,600 [RatisApplyTransactionExecutor 1] INFO  interfaces.Container (KeyValueContainer.java:flushAndSyncDB(382)) - Container 1 is synced with bcsId 4.
2019-09-06 01:43:20,600 [RatisApplyTransactionExecutor 1] INFO  interfaces.Container (KeyValueContainer.java:flushAndSyncDB(382)) - Container 1 is synced with bcsId 4.
2019-09-06 01:43:20,621 [EventQueue-IncrementalContainerReportForIncrementalContainerReportHandler] INFO  container.IncrementalContainerReportHandler (AbstractContainerReportHandler.java:updateContainerState(176)) - Moving container #1 to CLOSED state, datanode a535f1e5-8f96-4de4-9301-2678fc073a36{ip: 192.168.5.177, host: pr-hdds-2015-4zh84-2711163145, networkLocation: /default-rack, certSerialId: null} reported CLOSED replica.
01:43:20.645 [grpc-default-executor-2] ERROR DNAudit - user=null | ip=null | op=WRITE_CHUNK {blockData=conID: 1 locID: 102743028081819672 bcsId: 4} | ret=FAILURE
org.apache.hadoop.hdds.scm.container.common.helpers.ContainerNotOpenException: Container 1 in CLOSED state
	at org.apache.hadoop.ozone.container.common.impl.HddsDispatcher.validateContainerCommand(HddsDispatcher.java:408) ~[hadoop-hdds-container-service-0.5.0-SNAPSHOT.jar:?]
	at org.apache.hadoop.ozone.container.common.transport.server.ratis.ContainerStateMachine.startTransaction(ContainerStateMachine.java:310) ~[hadoop-hdds-container-service-0.5.0-SNAPSHOT.jar:?]
	at org.apache.ratis.server.impl.RaftServerImpl.submitClientRequestAsync(RaftServerImpl.java:566) ~[ratis-server-0.4.0-2337318-SNAPSHOT.jar:0.4.0-2337318-SNAPSHOT]
	at org.apache.ratis.server.impl.RaftServerProxy.lambda$submitClientRequestAsync$7(RaftServerProxy.java:333) ~[ratis-server-0.4.0-2337318-SNAPSHOT.jar:0.4.0-2337318-SNAPSHOT]
	at org.apache.ratis.server.impl.RaftServerProxy.lambda$null$5(RaftServerProxy.java:328) ~[ratis-server-0.4.0-2337318-SNAPSHOT.jar:0.4.0-2337318-SNAPSHOT]
	at org.apache.ratis.util.JavaUtils.callAsUnchecked(JavaUtils.java:109) ~[ratis-common-0.4.0-2337318-SNAPSHOT.jar:0.4.0-2337318-SNAPSHOT]
	at org.apache.ratis.server.impl.RaftServerProxy.lambda$submitRequest$6(RaftServerProxy.java:328) ~[ratis-server-0.4.0-2337318-SNAPSHOT.jar:0.4.0-2337318-SNAPSHOT]
	at java.util.concurrent.CompletableFuture.uniComposeStage(CompletableFuture.java:981) ~[?:1.8.0_212]
	at java.util.concurrent.CompletableFuture.thenCompose(CompletableFuture.java:2124) ~[?:1.8.0_212]
	at org.apache.ratis.server.impl.RaftServerProxy.submitRequest(RaftServerProxy.java:327) ~[ratis-server-0.4.0-2337318-SNAPSHOT.jar:0.4.0-2337318-SNAPSHOT]
	at org.apache.ratis.server.impl.RaftServerProxy.submitClientRequestAsync(RaftServerProxy.java:333) ~[ratis-server-0.4.0-2337318-SNAPSHOT.jar:0.4.0-2337318-SNAPSHOT]
	at org.apache.ratis.grpc.client.GrpcClientProtocolService$RequestStreamObserver.processClientRequest(GrpcClientProtocolService.java:220) ~[ratis-grpc-0.4.0-2337318-SNAPSHOT.jar:0.4.0-2337318-SNAPSHOT]
	at org.apache.ratis.grpc.client.GrpcClientProtocolService$OrderedRequestStreamObserver.processClientRequest(GrpcClientProtocolService.java:326) ~[ratis-grpc-0.4.0-2337318-SNAPSHOT.jar:0.4.0-2337318-SNAPSHOT]
	at org.apache.ratis.util.SlidingWindow$Server.processRequestsFromHead(SlidingWindow.java:429) [ratis-common-0.4.0-2337318-SNAPSHOT.jar:0.4.0-2337318-SNAPSHOT]
	at org.apache.ratis.util.SlidingWindow$Server.receivedRequest(SlidingWindow.java:421) [ratis-common-0.4.0-2337318-SNAPSHOT.jar:0.4.0-2337318-SNAPSHOT]
	at org.apache.ratis.grpc.client.GrpcClientProtocolService$OrderedRequestStreamObserver.processClientRequest(GrpcClientProtocolService.java:345) [ratis-grpc-0.4.0-2337318-SNAPSHOT.jar:0.4.0-2337318-SNAPSHOT]
	at org.apache.ratis.grpc.client.GrpcClientProtocolService$RequestStreamObserver.onNext(GrpcClientProtocolService.java:240) [ratis-grpc-0.4.0-2337318-SNAPSHOT.jar:0.4.0-2337318-SNAPSHOT]
	at org.apache.ratis.grpc.client.GrpcClientProtocolService$RequestStreamObserver.onNext(GrpcClientProtocolService.java:168) [ratis-grpc-0.4.0-2337318-SNAPSHOT.jar:0.4.0-2337318-SNAPSHOT]
	at org.apache.ratis.thirdparty.io.grpc.stub.ServerCalls$StreamingServerCallHandler$StreamingServerCallListener.onMessage(ServerCalls.java:248) [ratis-thirdparty-misc-0.2.0.jar:0.2.0]
	at org.apache.ratis.thirdparty.io.grpc.internal.ServerCallImpl$ServerStreamListenerImpl.messagesAvailable(ServerCallImpl.java:263) [ratis-thirdparty-misc-0.2.0.jar:0.2.0]
	at org.apache.ratis.thirdparty.io.grpc.internal.ServerImpl$JumpToApplicationThreadServerStreamListener$1MessagesAvailable.runInContext(ServerImpl.java:686) [ratis-thirdparty-misc-0.2.0.jar:0.2.0]
	at org.apache.ratis.thirdparty.io.grpc.internal.ContextRunnable.run(ContextRunnable.java:37) [ratis-thirdparty-misc-0.2.0.jar:0.2.0]
	at org.apache.ratis.thirdparty.io.grpc.internal.SerializingExecutor.run(SerializingExecutor.java:123) [ratis-thirdparty-misc-0.2.0.jar:0.2.0]
	at java.util.concurrent.ThreadPoolExecutor.runWorker(ThreadPoolExecutor.java:1149) [?:1.8.0_212]
	at java.util.concurrent.ThreadPoolExecutor$Worker.run(ThreadPoolExecutor.java:624) [?:1.8.0_212]
	at java.lang.Thread.run(Thread.java:748) [?:1.8.0_212]
01:43:20.654 [grpc-default-executor-2] ERROR DNAudit - user=null | ip=null | op=WRITE_CHUNK {blockData=conID: 1 locID: 102743028081819672 bcsId: 4} | ret=FAILURE
org.apache.hadoop.hdds.scm.container.common.helpers.ContainerNotOpenException: Container 1 in CLOSED state
	at org.apache.hadoop.ozone.container.common.impl.HddsDispatcher.validateContainerCommand(HddsDispatcher.java:408) ~[hadoop-hdds-container-service-0.5.0-SNAPSHOT.jar:?]
	at org.apache.hadoop.ozone.container.common.transport.server.ratis.ContainerStateMachine.startTransaction(ContainerStateMachine.java:310) ~[hadoop-hdds-container-service-0.5.0-SNAPSHOT.jar:?]
	at org.apache.ratis.server.impl.RaftServerImpl.submitClientRequestAsync(RaftServerImpl.java:566) ~[ratis-server-0.4.0-2337318-SNAPSHOT.jar:0.4.0-2337318-SNAPSHOT]
	at org.apache.ratis.server.impl.RaftServerProxy.lambda$submitClientRequestAsync$7(RaftServerProxy.java:333) ~[ratis-server-0.4.0-2337318-SNAPSHOT.jar:0.4.0-2337318-SNAPSHOT]
	at org.apache.ratis.server.impl.RaftServerProxy.lambda$null$5(RaftServerProxy.java:328) ~[ratis-server-0.4.0-2337318-SNAPSHOT.jar:0.4.0-2337318-SNAPSHOT]
	at org.apache.ratis.util.JavaUtils.callAsUnchecked(JavaUtils.java:109) ~[ratis-common-0.4.0-2337318-SNAPSHOT.jar:0.4.0-2337318-SNAPSHOT]
	at org.apache.ratis.server.impl.RaftServerProxy.lambda$submitRequest$6(RaftServerProxy.java:328) ~[ratis-server-0.4.0-2337318-SNAPSHOT.jar:0.4.0-2337318-SNAPSHOT]
	at java.util.concurrent.CompletableFuture.uniComposeStage(CompletableFuture.java:981) ~[?:1.8.0_212]
	at java.util.concurrent.CompletableFuture.thenCompose(CompletableFuture.java:2124) ~[?:1.8.0_212]
	at org.apache.ratis.server.impl.RaftServerProxy.submitRequest(RaftServerProxy.java:327) ~[ratis-server-0.4.0-2337318-SNAPSHOT.jar:0.4.0-2337318-SNAPSHOT]
	at org.apache.ratis.server.impl.RaftServerProxy.submitClientRequestAsync(RaftServerProxy.java:333) ~[ratis-server-0.4.0-2337318-SNAPSHOT.jar:0.4.0-2337318-SNAPSHOT]
	at org.apache.ratis.grpc.client.GrpcClientProtocolService$RequestStreamObserver.processClientRequest(GrpcClientProtocolService.java:220) ~[ratis-grpc-0.4.0-2337318-SNAPSHOT.jar:0.4.0-2337318-SNAPSHOT]
	at org.apache.ratis.grpc.client.GrpcClientProtocolService$OrderedRequestStreamObserver.processClientRequest(GrpcClientProtocolService.java:326) ~[ratis-grpc-0.4.0-2337318-SNAPSHOT.jar:0.4.0-2337318-SNAPSHOT]
	at org.apache.ratis.util.SlidingWindow$Server.processRequestsFromHead(SlidingWindow.java:429) [ratis-common-0.4.0-2337318-SNAPSHOT.jar:0.4.0-2337318-SNAPSHOT]
	at org.apache.ratis.util.SlidingWindow$Server.receivedRequest(SlidingWindow.java:421) [ratis-common-0.4.0-2337318-SNAPSHOT.jar:0.4.0-2337318-SNAPSHOT]
	at org.apache.ratis.grpc.client.GrpcClientProtocolService$OrderedRequestStreamObserver.processClientRequest(GrpcClientProtocolService.java:345) [ratis-grpc-0.4.0-2337318-SNAPSHOT.jar:0.4.0-2337318-SNAPSHOT]
	at org.apache.ratis.grpc.client.GrpcClientProtocolService$RequestStreamObserver.onNext(GrpcClientProtocolService.java:240) [ratis-grpc-0.4.0-2337318-SNAPSHOT.jar:0.4.0-2337318-SNAPSHOT]
	at org.apache.ratis.grpc.client.GrpcClientProtocolService$RequestStreamObserver.onNext(GrpcClientProtocolService.java:168) [ratis-grpc-0.4.0-2337318-SNAPSHOT.jar:0.4.0-2337318-SNAPSHOT]
	at org.apache.ratis.thirdparty.io.grpc.stub.ServerCalls$StreamingServerCallHandler$StreamingServerCallListener.onMessage(ServerCalls.java:248) [ratis-thirdparty-misc-0.2.0.jar:0.2.0]
	at org.apache.ratis.thirdparty.io.grpc.internal.ServerCallImpl$ServerStreamListenerImpl.messagesAvailable(ServerCallImpl.java:263) [ratis-thirdparty-misc-0.2.0.jar:0.2.0]
	at org.apache.ratis.thirdparty.io.grpc.internal.ServerImpl$JumpToApplicationThreadServerStreamListener$1MessagesAvailable.runInContext(ServerImpl.java:686) [ratis-thirdparty-misc-0.2.0.jar:0.2.0]
	at org.apache.ratis.thirdparty.io.grpc.internal.ContextRunnable.run(ContextRunnable.java:37) [ratis-thirdparty-misc-0.2.0.jar:0.2.0]
	at org.apache.ratis.thirdparty.io.grpc.internal.SerializingExecutor.run(SerializingExecutor.java:123) [ratis-thirdparty-misc-0.2.0.jar:0.2.0]
	at java.util.concurrent.ThreadPoolExecutor.runWorker(ThreadPoolExecutor.java:1149) [?:1.8.0_212]
	at java.util.concurrent.ThreadPoolExecutor$Worker.run(ThreadPoolExecutor.java:624) [?:1.8.0_212]
	at java.lang.Thread.run(Thread.java:748) [?:1.8.0_212]
2019-09-06 01:43:20,670 [grpc-default-executor-5] INFO  client.GrpcClientProtocolClient (GrpcClientProtocolClient.java:onNext(255)) - client-6AE885FD3BB7->a535f1e5-8f96-4de4-9301-2678fc073a36: receive RaftClientReply:client-6AE885FD3BB7->a535f1e5-8f96-4de4-9301-2678fc073a36@group-813194B7863C, cid=266, FAILED org.apache.ratis.protocol.StateMachineException: org.apache.hadoop.hdds.scm.container.common.helpers.ContainerNotOpenException from Server a535f1e5-8f96-4de4-9301-2678fc073a36: Container 1 in CLOSED state, logIndex=0, commits[a535f1e5-8f96-4de4-9301-2678fc073a36:c8, adee5101-b96d-47d7-a476-4abea9874438:c7, aa424548-ca22-474d-89f9-384a5c0f40e5:c7]
2019-09-06 01:43:20,672 [grpc-default-executor-5] INFO  client.GrpcClientProtocolClient (GrpcClientProtocolClient.java:onNext(255)) - client-6AE885FD3BB7->a535f1e5-8f96-4de4-9301-2678fc073a36: receive RaftClientReply:client-6AE885FD3BB7->a535f1e5-8f96-4de4-9301-2678fc073a36@group-813194B7863C, cid=267, FAILED org.apache.ratis.protocol.StateMachineException: org.apache.hadoop.hdds.scm.container.common.helpers.ContainerNotOpenException from Server a535f1e5-8f96-4de4-9301-2678fc073a36: Container 1 in CLOSED state, logIndex=0, commits[a535f1e5-8f96-4de4-9301-2678fc073a36:c8, adee5101-b96d-47d7-a476-4abea9874438:c7, aa424548-ca22-474d-89f9-384a5c0f40e5:c7]
01:43:20.672 [grpc-default-executor-2] ERROR DNAudit - user=null | ip=null | op=PUT_BLOCK {blockData=[blockId=conID: 1 locID: 102743028081819672 bcsId: 0,size=334]} | ret=FAILURE
org.apache.hadoop.hdds.scm.container.common.helpers.ContainerNotOpenException: Container 1 in CLOSED state
	at org.apache.hadoop.ozone.container.common.impl.HddsDispatcher.validateContainerCommand(HddsDispatcher.java:408) ~[hadoop-hdds-container-service-0.5.0-SNAPSHOT.jar:?]
	at org.apache.hadoop.ozone.container.common.transport.server.ratis.ContainerStateMachine.startTransaction(ContainerStateMachine.java:310) ~[hadoop-hdds-container-service-0.5.0-SNAPSHOT.jar:?]
	at org.apache.ratis.server.impl.RaftServerImpl.submitClientRequestAsync(RaftServerImpl.java:566) ~[ratis-server-0.4.0-2337318-SNAPSHOT.jar:0.4.0-2337318-SNAPSHOT]
	at org.apache.ratis.server.impl.RaftServerProxy.lambda$submitClientRequestAsync$7(RaftServerProxy.java:333) ~[ratis-server-0.4.0-2337318-SNAPSHOT.jar:0.4.0-2337318-SNAPSHOT]
	at org.apache.ratis.server.impl.RaftServerProxy.lambda$null$5(RaftServerProxy.java:328) ~[ratis-server-0.4.0-2337318-SNAPSHOT.jar:0.4.0-2337318-SNAPSHOT]
	at org.apache.ratis.util.JavaUtils.callAsUnchecked(JavaUtils.java:109) ~[ratis-common-0.4.0-2337318-SNAPSHOT.jar:0.4.0-2337318-SNAPSHOT]
	at org.apache.ratis.server.impl.RaftServerProxy.lambda$submitRequest$6(RaftServerProxy.java:328) ~[ratis-server-0.4.0-2337318-SNAPSHOT.jar:0.4.0-2337318-SNAPSHOT]
	at java.util.concurrent.CompletableFuture.uniComposeStage(CompletableFuture.java:981) ~[?:1.8.0_212]
	at java.util.concurrent.CompletableFuture.thenCompose(CompletableFuture.java:2124) ~[?:1.8.0_212]
	at org.apache.ratis.server.impl.RaftServerProxy.submitRequest(RaftServerProxy.java:327) ~[ratis-server-0.4.0-2337318-SNAPSHOT.jar:0.4.0-2337318-SNAPSHOT]
	at org.apache.ratis.server.impl.RaftServerProxy.submitClientRequestAsync(RaftServerProxy.java:333) ~[ratis-server-0.4.0-2337318-SNAPSHOT.jar:0.4.0-2337318-SNAPSHOT]
	at org.apache.ratis.grpc.client.GrpcClientProtocolService$RequestStreamObserver.processClientRequest(GrpcClientProtocolService.java:220) ~[ratis-grpc-0.4.0-2337318-SNAPSHOT.jar:0.4.0-2337318-SNAPSHOT]
	at org.apache.ratis.grpc.client.GrpcClientProtocolService$OrderedRequestStreamObserver.processClientRequest(GrpcClientProtocolService.java:326) ~[ratis-grpc-0.4.0-2337318-SNAPSHOT.jar:0.4.0-2337318-SNAPSHOT]
	at org.apache.ratis.util.SlidingWindow$Server.processRequestsFromHead(SlidingWindow.java:429) [ratis-common-0.4.0-2337318-SNAPSHOT.jar:0.4.0-2337318-SNAPSHOT]
	at org.apache.ratis.util.SlidingWindow$Server.receivedRequest(SlidingWindow.java:421) [ratis-common-0.4.0-2337318-SNAPSHOT.jar:0.4.0-2337318-SNAPSHOT]
	at org.apache.ratis.grpc.client.GrpcClientProtocolService$OrderedRequestStreamObserver.processClientRequest(GrpcClientProtocolService.java:345) [ratis-grpc-0.4.0-2337318-SNAPSHOT.jar:0.4.0-2337318-SNAPSHOT]
	at org.apache.ratis.grpc.client.GrpcClientProtocolService$RequestStreamObserver.onNext(GrpcClientProtocolService.java:240) [ratis-grpc-0.4.0-2337318-SNAPSHOT.jar:0.4.0-2337318-SNAPSHOT]
	at org.apache.ratis.grpc.client.GrpcClientProtocolService$RequestStreamObserver.onNext(GrpcClientProtocolService.java:168) [ratis-grpc-0.4.0-2337318-SNAPSHOT.jar:0.4.0-2337318-SNAPSHOT]
	at org.apache.ratis.thirdparty.io.grpc.stub.ServerCalls$StreamingServerCallHandler$StreamingServerCallListener.onMessage(ServerCalls.java:248) [ratis-thirdparty-misc-0.2.0.jar:0.2.0]
	at org.apache.ratis.thirdparty.io.grpc.internal.ServerCallImpl$ServerStreamListenerImpl.messagesAvailable(ServerCallImpl.java:263) [ratis-thirdparty-misc-0.2.0.jar:0.2.0]
	at org.apache.ratis.thirdparty.io.grpc.internal.ServerImpl$JumpToApplicationThreadServerStreamListener$1MessagesAvailable.runInContext(ServerImpl.java:686) [ratis-thirdparty-misc-0.2.0.jar:0.2.0]
	at org.apache.ratis.thirdparty.io.grpc.internal.ContextRunnable.run(ContextRunnable.java:37) [ratis-thirdparty-misc-0.2.0.jar:0.2.0]
	at org.apache.ratis.thirdparty.io.grpc.internal.SerializingExecutor.run(SerializingExecutor.java:123) [ratis-thirdparty-misc-0.2.0.jar:0.2.0]
	at java.util.concurrent.ThreadPoolExecutor.runWorker(ThreadPoolExecutor.java:1149) [?:1.8.0_212]
	at java.util.concurrent.ThreadPoolExecutor$Worker.run(ThreadPoolExecutor.java:624) [?:1.8.0_212]
	at java.lang.Thread.run(Thread.java:748) [?:1.8.0_212]
2019-09-06 01:43:20,681 [grpc-default-executor-2] INFO  client.GrpcClientProtocolClient (GrpcClientProtocolClient.java:onNext(255)) - client-6AE885FD3BB7->a535f1e5-8f96-4de4-9301-2678fc073a36: receive RaftClientReply:client-6AE885FD3BB7->a535f1e5-8f96-4de4-9301-2678fc073a36@group-813194B7863C, cid=268, FAILED org.apache.ratis.protocol.StateMachineException: org.apache.hadoop.hdds.scm.container.common.helpers.ContainerNotOpenException from Server a535f1e5-8f96-4de4-9301-2678fc073a36: Container 1 in CLOSED state, logIndex=0, commits[a535f1e5-8f96-4de4-9301-2678fc073a36:c8, adee5101-b96d-47d7-a476-4abea9874438:c7, aa424548-ca22-474d-89f9-384a5c0f40e5:c7]
2019-09-06 01:43:20,891 [grpc-default-executor-8] INFO  client.GrpcClientProtocolClient (GrpcClientProtocolClient.java:onNext(255)) - client-6AE885FD3BB7->a535f1e5-8f96-4de4-9301-2678fc073a36: receive RaftClientReply:client-6AE885FD3BB7->a535f1e5-8f96-4de4-9301-2678fc073a36@group-813194B7863C, cid=269, SUCCESS, logIndex=9, commits[a535f1e5-8f96-4de4-9301-2678fc073a36:c12, adee5101-b96d-47d7-a476-4abea9874438:c8, aa424548-ca22-474d-89f9-384a5c0f40e5:c8]
2019-09-06 01:43:20,892 [grpc-default-executor-8] INFO  client.GrpcClientProtocolClient (GrpcClientProtocolClient.java:onNext(255)) - client-6AE885FD3BB7->a535f1e5-8f96-4de4-9301-2678fc073a36: receive RaftClientReply:client-6AE885FD3BB7->a535f1e5-8f96-4de4-9301-2678fc073a36@group-813194B7863C, cid=270, SUCCESS, logIndex=10, commits[a535f1e5-8f96-4de4-9301-2678fc073a36:c12, adee5101-b96d-47d7-a476-4abea9874438:c8, aa424548-ca22-474d-89f9-384a5c0f40e5:c8]
2019-09-06 01:43:20,950 [grpc-default-executor-8] INFO  client.GrpcClientProtocolClient (GrpcClientProtocolClient.java:onNext(255)) - client-6AE885FD3BB7->a535f1e5-8f96-4de4-9301-2678fc073a36: receive RaftClientReply:client-6AE885FD3BB7->a535f1e5-8f96-4de4-9301-2678fc073a36@group-813194B7863C, cid=271, SUCCESS, logIndex=11, commits[a535f1e5-8f96-4de4-9301-2678fc073a36:c13, adee5101-b96d-47d7-a476-4abea9874438:c8, aa424548-ca22-474d-89f9-384a5c0f40e5:c8]
2019-09-06 01:43:21,952 [main] WARN  scm.XceiverClientRatis (XceiverClientRatis.java:watchForCommit(262)) - 3 way commit failed on pipeline Pipeline[ Id: 754c92af-cd0f-42fb-9cb8-813194b7863c, Nodes: adee5101-b96d-47d7-a476-4abea9874438{ip: 192.168.5.177, host: pr-hdds-2015-4zh84-2711163145, networkLocation: /default-rack, certSerialId: null}a535f1e5-8f96-4de4-9301-2678fc073a36{ip: 192.168.5.177, host: pr-hdds-2015-4zh84-2711163145, networkLocation: /default-rack, certSerialId: null}aa424548-ca22-474d-89f9-384a5c0f40e5{ip: 192.168.5.177, host: pr-hdds-2015-4zh84-2711163145, networkLocation: /default-rack, certSerialId: null}, Type:RATIS, Factor:THREE, State:OPEN]
java.util.concurrent.TimeoutException
	at java.util.concurrent.CompletableFuture.timedGet(CompletableFuture.java:1771)
	at java.util.concurrent.CompletableFuture.get(CompletableFuture.java:1915)
	at org.apache.hadoop.hdds.scm.XceiverClientRatis.watchForCommit(XceiverClientRatis.java:259)
	at org.apache.hadoop.hdds.scm.storage.CommitWatcher.watchForCommit(CommitWatcher.java:194)
	at org.apache.hadoop.hdds.scm.storage.CommitWatcher.watchOnLastIndex(CommitWatcher.java:157)
	at org.apache.hadoop.hdds.scm.storage.BlockOutputStream.watchForCommit(BlockOutputStream.java:347)
	at org.apache.hadoop.hdds.scm.storage.BlockOutputStream.handleFlush(BlockOutputStream.java:479)
	at org.apache.hadoop.hdds.scm.storage.BlockOutputStream.close(BlockOutputStream.java:493)
	at org.apache.hadoop.ozone.client.io.BlockOutputStreamEntry.close(BlockOutputStreamEntry.java:143)
	at org.apache.hadoop.ozone.client.io.KeyOutputStream.handleFlushOrClose(KeyOutputStream.java:434)
	at org.apache.hadoop.ozone.client.io.KeyOutputStream.close(KeyOutputStream.java:472)
	at org.apache.hadoop.ozone.client.io.OzoneOutputStream.close(OzoneOutputStream.java:60)
	at org.apache.hadoop.ozone.client.rpc.TestBlockOutputStreamWithFailures.testExceptionDuringClose(TestBlockOutputStreamWithFailures.java:754)
	at sun.reflect.NativeMethodAccessorImpl.invoke0(Native Method)
	at sun.reflect.NativeMethodAccessorImpl.invoke(NativeMethodAccessorImpl.java:62)
	at sun.reflect.DelegatingMethodAccessorImpl.invoke(DelegatingMethodAccessorImpl.java:43)
	at java.lang.reflect.Method.invoke(Method.java:498)
	at org.junit.runners.model.FrameworkMethod$1.runReflectiveCall(FrameworkMethod.java:47)
	at org.junit.internal.runners.model.ReflectiveCallable.run(ReflectiveCallable.java:12)
	at org.junit.runners.model.FrameworkMethod.invokeExplosively(FrameworkMethod.java:44)
	at org.junit.internal.runners.statements.InvokeMethod.evaluate(InvokeMethod.java:17)
	at org.junit.internal.runners.statements.RunBefores.evaluate(RunBefores.java:26)
	at org.junit.internal.runners.statements.RunAfters.evaluate(RunAfters.java:27)
	at org.junit.runners.ParentRunner.runLeaf(ParentRunner.java:271)
	at org.junit.runners.BlockJUnit4ClassRunner.runChild(BlockJUnit4ClassRunner.java:70)
	at org.junit.runners.BlockJUnit4ClassRunner.runChild(BlockJUnit4ClassRunner.java:50)
	at org.junit.runners.ParentRunner$3.run(ParentRunner.java:238)
	at org.junit.runners.ParentRunner$1.schedule(ParentRunner.java:63)
	at org.junit.runners.ParentRunner.runChildren(ParentRunner.java:236)
	at org.junit.runners.ParentRunner.access$000(ParentRunner.java:53)
	at org.junit.runners.ParentRunner$2.evaluate(ParentRunner.java:229)
	at org.junit.runners.ParentRunner.run(ParentRunner.java:309)
	at org.apache.maven.surefire.junit4.JUnit4Provider.execute(JUnit4Provider.java:365)
	at org.apache.maven.surefire.junit4.JUnit4Provider.executeWithRerun(JUnit4Provider.java:273)
	at org.apache.maven.surefire.junit4.JUnit4Provider.executeTestSet(JUnit4Provider.java:238)
	at org.apache.maven.surefire.junit4.JUnit4Provider.invoke(JUnit4Provider.java:159)
	at org.apache.maven.surefire.booter.ForkedBooter.invokeProviderInSameClassLoader(ForkedBooter.java:384)
	at org.apache.maven.surefire.booter.ForkedBooter.runSuitesInProcess(ForkedBooter.java:345)
	at org.apache.maven.surefire.booter.ForkedBooter.execute(ForkedBooter.java:126)
	at org.apache.maven.surefire.booter.ForkedBooter.main(ForkedBooter.java:418)
2019-09-06 01:43:22,954 [main] WARN  storage.CommitWatcher (CommitWatcher.java:watchForCommit(203)) - watchForCommit failed for index 11
java.util.concurrent.TimeoutException
	at java.util.concurrent.CompletableFuture.timedGet(CompletableFuture.java:1771)
	at java.util.concurrent.CompletableFuture.get(CompletableFuture.java:1915)
	at org.apache.hadoop.hdds.scm.XceiverClientRatis.watchForCommit(XceiverClientRatis.java:268)
	at org.apache.hadoop.hdds.scm.storage.CommitWatcher.watchForCommit(CommitWatcher.java:194)
	at org.apache.hadoop.hdds.scm.storage.CommitWatcher.watchOnLastIndex(CommitWatcher.java:157)
	at org.apache.hadoop.hdds.scm.storage.BlockOutputStream.watchForCommit(BlockOutputStream.java:347)
	at org.apache.hadoop.hdds.scm.storage.BlockOutputStream.handleFlush(BlockOutputStream.java:479)
	at org.apache.hadoop.hdds.scm.storage.BlockOutputStream.close(BlockOutputStream.java:493)
	at org.apache.hadoop.ozone.client.io.BlockOutputStreamEntry.close(BlockOutputStreamEntry.java:143)
	at org.apache.hadoop.ozone.client.io.KeyOutputStream.handleFlushOrClose(KeyOutputStream.java:434)
	at org.apache.hadoop.ozone.client.io.KeyOutputStream.close(KeyOutputStream.java:472)
	at org.apache.hadoop.ozone.client.io.OzoneOutputStream.close(OzoneOutputStream.java:60)
	at org.apache.hadoop.ozone.client.rpc.TestBlockOutputStreamWithFailures.testExceptionDuringClose(TestBlockOutputStreamWithFailures.java:754)
	at sun.reflect.NativeMethodAccessorImpl.invoke0(Native Method)
	at sun.reflect.NativeMethodAccessorImpl.invoke(NativeMethodAccessorImpl.java:62)
	at sun.reflect.DelegatingMethodAccessorImpl.invoke(DelegatingMethodAccessorImpl.java:43)
	at java.lang.reflect.Method.invoke(Method.java:498)
	at org.junit.runners.model.FrameworkMethod$1.runReflectiveCall(FrameworkMethod.java:47)
	at org.junit.internal.runners.model.ReflectiveCallable.run(ReflectiveCallable.java:12)
	at org.junit.runners.model.FrameworkMethod.invokeExplosively(FrameworkMethod.java:44)
	at org.junit.internal.runners.statements.InvokeMethod.evaluate(InvokeMethod.java:17)
	at org.junit.internal.runners.statements.RunBefores.evaluate(RunBefores.java:26)
	at org.junit.internal.runners.statements.RunAfters.evaluate(RunAfters.java:27)
	at org.junit.runners.ParentRunner.runLeaf(ParentRunner.java:271)
	at org.junit.runners.BlockJUnit4ClassRunner.runChild(BlockJUnit4ClassRunner.java:70)
	at org.junit.runners.BlockJUnit4ClassRunner.runChild(BlockJUnit4ClassRunner.java:50)
	at org.junit.runners.ParentRunner$3.run(ParentRunner.java:238)
	at org.junit.runners.ParentRunner$1.schedule(ParentRunner.java:63)
	at org.junit.runners.ParentRunner.runChildren(ParentRunner.java:236)
	at org.junit.runners.ParentRunner.access$000(ParentRunner.java:53)
	at org.junit.runners.ParentRunner$2.evaluate(ParentRunner.java:229)
	at org.junit.runners.ParentRunner.run(ParentRunner.java:309)
	at org.apache.maven.surefire.junit4.JUnit4Provider.execute(JUnit4Provider.java:365)
	at org.apache.maven.surefire.junit4.JUnit4Provider.executeWithRerun(JUnit4Provider.java:273)
	at org.apache.maven.surefire.junit4.JUnit4Provider.executeTestSet(JUnit4Provider.java:238)
	at org.apache.maven.surefire.junit4.JUnit4Provider.invoke(JUnit4Provider.java:159)
	at org.apache.maven.surefire.booter.ForkedBooter.invokeProviderInSameClassLoader(ForkedBooter.java:384)
	at org.apache.maven.surefire.booter.ForkedBooter.runSuitesInProcess(ForkedBooter.java:345)
	at org.apache.maven.surefire.booter.ForkedBooter.execute(ForkedBooter.java:126)
	at org.apache.maven.surefire.booter.ForkedBooter.main(ForkedBooter.java:418)
2019-09-06 01:43:22,955 [main] WARN  io.KeyOutputStream (KeyOutputStream.java:handleException(276)) - Encountered exception java.io.IOException: Unexpected Storage Container Exception: java.io.IOException: Unexpected Storage Container Exception: java.util.concurrent.TimeoutException on the pipeline Pipeline[ Id: 754c92af-cd0f-42fb-9cb8-813194b7863c, Nodes: adee5101-b96d-47d7-a476-4abea9874438{ip: 192.168.5.177, host: pr-hdds-2015-4zh84-2711163145, networkLocation: /default-rack, certSerialId: null}a535f1e5-8f96-4de4-9301-2678fc073a36{ip: 192.168.5.177, host: pr-hdds-2015-4zh84-2711163145, networkLocation: /default-rack, certSerialId: null}aa424548-ca22-474d-89f9-384a5c0f40e5{ip: 192.168.5.177, host: pr-hdds-2015-4zh84-2711163145, networkLocation: /default-rack, certSerialId: null}, Type:RATIS, Factor:THREE, State:OPEN]. The last committed block length is 0, uncommitted data length is 167 retry count 0
2019-09-06 01:43:22,967 [grpc-default-executor-8] INFO  client.GrpcClientProtocolClient (GrpcClientProtocolClient.java:onNext(255)) - client-8415A56FC18E->c64458b9-89a2-4fbd-af34-0ccef2a3bd5d: receive RaftClientReply:client-8415A56FC18E->c64458b9-89a2-4fbd-af34-0ccef2a3bd5d@group-96D265E7D882, cid=274, FAILED org.apache.ratis.protocol.NotLeaderException: Server c64458b9-89a2-4fbd-af34-0ccef2a3bd5d is not the leader (8cc74702-0d34-49ac-87f2-6e0857dea810:192.168.5.177:40365). Request must be sent to leader., logIndex=0, commits[c64458b9-89a2-4fbd-af34-0ccef2a3bd5d:c0, bf2a8532-1220-4200-b318-fb6b90eae166:c0, 8cc74702-0d34-49ac-87f2-6e0857dea810:c0]
2019-09-06 01:43:23,142 [grpc-default-executor-8] INFO  client.GrpcClientProtocolClient (GrpcClientProtocolClient.java:onNext(255)) - client-8415A56FC18E->8cc74702-0d34-49ac-87f2-6e0857dea810: receive RaftClientReply:client-8415A56FC18E->8cc74702-0d34-49ac-87f2-6e0857dea810@group-96D265E7D882, cid=274, SUCCESS, logIndex=1, commits[8cc74702-0d34-49ac-87f2-6e0857dea810:c1, bf2a8532-1220-4200-b318-fb6b90eae166:c0, c64458b9-89a2-4fbd-af34-0ccef2a3bd5d:c0]
2019-09-06 01:43:23,155 [grpc-default-executor-5] INFO  client.GrpcClientProtocolClient (GrpcClientProtocolClient.java:onNext(255)) - client-8415A56FC18E->8cc74702-0d34-49ac-87f2-6e0857dea810: receive RaftClientReply:client-8415A56FC18E->8cc74702-0d34-49ac-87f2-6e0857dea810@group-96D265E7D882, cid=275, SUCCESS, logIndex=3, commits[8cc74702-0d34-49ac-87f2-6e0857dea810:c4, bf2a8532-1220-4200-b318-fb6b90eae166:c1, c64458b9-89a2-4fbd-af34-0ccef2a3bd5d:c0]
2019-09-06 01:43:23,264 [grpc-default-executor-5] INFO  client.GrpcClientProtocolClient (GrpcClientProtocolClient.java:onNext(255)) - client-8415A56FC18E->8cc74702-0d34-49ac-87f2-6e0857dea810: receive RaftClientReply:client-8415A56FC18E->8cc74702-0d34-49ac-87f2-6e0857dea810@group-96D265E7D882, cid=276, SUCCESS, logIndex=4, commits[8cc74702-0d34-49ac-87f2-6e0857dea810:c6, bf2a8532-1220-4200-b318-fb6b90eae166:c4, c64458b9-89a2-4fbd-af34-0ccef2a3bd5d:c4]
2019-09-06 01:43:23,272 [main] INFO  ozone.MiniOzoneClusterImpl (MiniOzoneClusterImpl.java:shutdown(307)) - Shutting down the Mini Ozone Cluster
2019-09-06 01:43:23,272 [main] INFO  ozone.MiniOzoneClusterImpl (MiniOzoneClusterImpl.java:stop(322)) - Stopping the Mini Ozone Cluster
2019-09-06 01:43:23,272 [main] INFO  ozone.MiniOzoneClusterImpl (MiniOzoneClusterImpl.java:stop(324)) - Stopping the OzoneManager
2019-09-06 01:43:23,272 [main] INFO  ipc.Server (Server.java:stop(3082)) - Stopping server on 45902
2019-09-06 01:43:23,281 [IPC Server listener on 45902] INFO  ipc.Server (Server.java:run(1185)) - Stopping IPC Server listener on 45902
2019-09-06 01:43:23,289 [main] INFO  ratis.OzoneManagerDoubleBuffer (OzoneManagerDoubleBuffer.java:stop(248)) - Stopping OMDoubleBuffer flush thread
2019-09-06 01:43:23,289 [IPC Server Responder] INFO  ipc.Server (Server.java:run(1319)) - Stopping IPC Server Responder
2019-09-06 01:43:23,297 [OMDoubleBufferFlushThread] INFO  ratis.OzoneManagerDoubleBuffer (OzoneManagerDoubleBuffer.java:flushTransactions(191)) - OMDoubleBuffer flush thread OMDoubleBufferFlushThread is interrupted and will exit. OMDoubleBufferFlushThread
2019-09-06 01:43:23,298 [main] INFO  utils.BackgroundService (BackgroundService.java:shutdown(148)) - Shutting down service KeyDeletingService
2019-09-06 01:43:23,299 [main] INFO  handler.ContextHandler (ContextHandler.java:doStop(910)) - Stopped o.e.j.w.WebAppContext@6736f40f{/,null,UNAVAILABLE}{/ozoneManager}
2019-09-06 01:43:23,300 [main] INFO  server.AbstractConnector (AbstractConnector.java:doStop(318)) - Stopped ServerConnector@12f9f896{HTTP/1.1,[http/1.1]}{0.0.0.0:0}
2019-09-06 01:43:23,300 [main] INFO  handler.ContextHandler (ContextHandler.java:doStop(910)) - Stopped o.e.j.s.ServletContextHandler@4d290757{/static,file:///workdir/hadoop-ozone/integration-test/target/test-classes/webapps/static,UNAVAILABLE}
2019-09-06 01:43:23,301 [main] INFO  handler.ContextHandler (ContextHandler.java:doStop(910)) - Stopped o.e.j.s.ServletContextHandler@b94703b{/logs,file:///workdir/hadoop-ozone/integration-test/target/log,UNAVAILABLE}
2019-09-06 01:43:23,304 [main] INFO  ozone.MiniOzoneClusterImpl (MiniOzoneClusterImpl.java:stop(330)) - Shutting the HddsDatanodes
2019-09-06 01:43:23,400 [grpc-default-executor-5] INFO  client.GrpcClientProtocolClient (GrpcClientProtocolClient.java:onNext(255)) - client-6AE885FD3BB7->a535f1e5-8f96-4de4-9301-2678fc073a36: receive RaftClientReply:client-6AE885FD3BB7->a535f1e5-8f96-4de4-9301-2678fc073a36@group-813194B7863C, cid=273, SUCCESS, logIndex=0, commits[a535f1e5-8f96-4de4-9301-2678fc073a36:c13, adee5101-b96d-47d7-a476-4abea9874438:c8, aa424548-ca22-474d-89f9-384a5c0f40e5:c13]
2019-09-06 01:43:23,401 [grpc-default-executor-5] INFO  client.GrpcClientProtocolClient (GrpcClientProtocolClient.java:onNext(255)) - client-6AE885FD3BB7->a535f1e5-8f96-4de4-9301-2678fc073a36: receive RaftClientReply:client-6AE885FD3BB7->a535f1e5-8f96-4de4-9301-2678fc073a36@group-813194B7863C, cid=272, SUCCESS, logIndex=0, commits[a535f1e5-8f96-4de4-9301-2678fc073a36:c13, adee5101-b96d-47d7-a476-4abea9874438:c13, aa424548-ca22-474d-89f9-384a5c0f40e5:c13]
2019-09-06 01:43:23,932 [Datanode State Machine Thread - 0] INFO  statemachine.DatanodeStateMachine (DatanodeStateMachine.java:lambda$startDaemon$0(350)) - Ozone container server started.
2019-09-06 01:43:24,124 [Datanode State Machine Thread - 0] INFO  statemachine.DatanodeStateMachine (DatanodeStateMachine.java:lambda$startDaemon$0(350)) - Ozone container server started.
2019-09-06 01:43:27,943 [EventQueue-StaleNodeForStaleNodeHandler] INFO  node.StaleNodeHandler (StaleNodeHandler.java:onMessage(58)) - Datanode f24ac80a-b898-4d83-9695-dde1061d4e3d{ip: 192.168.5.177, host: pr-hdds-2015-4zh84-2711163145, networkLocation: /default-rack, certSerialId: null} moved to stale state. Finalizing its pipelines [PipelineID=6eda3f06-1ac1-4857-b596-3175c69e2139]
2019-09-06 01:43:27,943 [EventQueue-StaleNodeForStaleNodeHandler] INFO  pipeline.SCMPipelineManager (SCMPipelineManager.java:finalizeAndDestroyPipeline(309)) - destroying pipeline:Pipeline[ Id: 6eda3f06-1ac1-4857-b596-3175c69e2139, Nodes: f24ac80a-b898-4d83-9695-dde1061d4e3d{ip: 192.168.5.177, host: pr-hdds-2015-4zh84-2711163145, networkLocation: /default-rack, certSerialId: null}, Type:RATIS, Factor:ONE, State:OPEN]
2019-09-06 01:43:27,943 [EventQueue-StaleNodeForStaleNodeHandler] INFO  pipeline.PipelineStateManager (PipelineStateManager.java:finalizePipeline(123)) - Pipeline Pipeline[ Id: 6eda3f06-1ac1-4857-b596-3175c69e2139, Nodes: f24ac80a-b898-4d83-9695-dde1061d4e3d{ip: 192.168.5.177, host: pr-hdds-2015-4zh84-2711163145, networkLocation: /default-rack, certSerialId: null}, Type:RATIS, Factor:ONE, State:CLOSED] moved to CLOSED state
2019-09-06 01:43:28,143 [EventQueue-StaleNodeForStaleNodeHandler] INFO  node.StaleNodeHandler (StaleNodeHandler.java:onMessage(58)) - Datanode c64458b9-89a2-4fbd-af34-0ccef2a3bd5d{ip: 192.168.5.177, host: pr-hdds-2015-4zh84-2711163145, networkLocation: /default-rack, certSerialId: null} moved to stale state. Finalizing its pipelines [PipelineID=518ffdf9-a401-447b-aefc-96d265e7d882, PipelineID=db64cbf1-cbf8-46b7-a782-e7d69c18308f]
2019-09-06 01:43:28,143 [EventQueue-StaleNodeForStaleNodeHandler] INFO  pipeline.SCMPipelineManager (SCMPipelineManager.java:finalizeAndDestroyPipeline(309)) - destroying pipeline:Pipeline[ Id: 518ffdf9-a401-447b-aefc-96d265e7d882, Nodes: c64458b9-89a2-4fbd-af34-0ccef2a3bd5d{ip: 192.168.5.177, host: pr-hdds-2015-4zh84-2711163145, networkLocation: /default-rack, certSerialId: null}bf2a8532-1220-4200-b318-fb6b90eae166{ip: 192.168.5.177, host: pr-hdds-2015-4zh84-2711163145, networkLocation: /default-rack, certSerialId: null}8cc74702-0d34-49ac-87f2-6e0857dea810{ip: 192.168.5.177, host: pr-hdds-2015-4zh84-2711163145, networkLocation: /default-rack, certSerialId: null}, Type:RATIS, Factor:THREE, State:OPEN]
2019-09-06 01:43:28,143 [EventQueue-StaleNodeForStaleNodeHandler] INFO  pipeline.PipelineStateManager (PipelineStateManager.java:finalizePipeline(123)) - Pipeline Pipeline[ Id: 518ffdf9-a401-447b-aefc-96d265e7d882, Nodes: c64458b9-89a2-4fbd-af34-0ccef2a3bd5d{ip: 192.168.5.177, host: pr-hdds-2015-4zh84-2711163145, networkLocation: /default-rack, certSerialId: null}bf2a8532-1220-4200-b318-fb6b90eae166{ip: 192.168.5.177, host: pr-hdds-2015-4zh84-2711163145, networkLocation: /default-rack, certSerialId: null}8cc74702-0d34-49ac-87f2-6e0857dea810{ip: 192.168.5.177, host: pr-hdds-2015-4zh84-2711163145, networkLocation: /default-rack, certSerialId: null}, Type:RATIS, Factor:THREE, State:CLOSED] moved to CLOSED state
2019-09-06 01:43:28,144 [EventQueue-CloseContainerForCloseContainerEventHandler] INFO  container.CloseContainerEventHandler (CloseContainerEventHandler.java:onMessage(61)) - Close container Event triggered for container : #3
2019-09-06 01:43:28,144 [EventQueue-StaleNodeForStaleNodeHandler] INFO  pipeline.SCMPipelineManager (SCMPipelineManager.java:finalizeAndDestroyPipeline(309)) - destroying pipeline:Pipeline[ Id: db64cbf1-cbf8-46b7-a782-e7d69c18308f, Nodes: c64458b9-89a2-4fbd-af34-0ccef2a3bd5d{ip: 192.168.5.177, host: pr-hdds-2015-4zh84-2711163145, networkLocation: /default-rack, certSerialId: null}, Type:RATIS, Factor:ONE, State:OPEN]
2019-09-06 01:43:28,144 [EventQueue-StaleNodeForStaleNodeHandler] INFO  pipeline.PipelineStateManager (PipelineStateManager.java:finalizePipeline(123)) - Pipeline Pipeline[ Id: db64cbf1-cbf8-46b7-a782-e7d69c18308f, Nodes: c64458b9-89a2-4fbd-af34-0ccef2a3bd5d{ip: 192.168.5.177, host: pr-hdds-2015-4zh84-2711163145, networkLocation: /default-rack, certSerialId: null}, Type:RATIS, Factor:ONE, State:CLOSED] moved to CLOSED state
2019-09-06 01:43:28,305 [main] INFO  ozoneimpl.OzoneContainer (OzoneContainer.java:stop(215)) - Attempting to stop container services.
2019-09-06 01:43:28,305 [ForkJoinPool.commonPool-worker-1] INFO  ozoneimpl.OzoneContainer (OzoneContainer.java:stop(215)) - Attempting to stop container services.
2019-09-06 01:43:28,305 [main] INFO  impl.RaftServerProxy (RaftServerProxy.java:lambda$close$4(314)) - f24ac80a-b898-4d83-9695-dde1061d4e3d: close
2019-09-06 01:43:28,305 [ForkJoinPool.commonPool-worker-1] INFO  impl.RaftServerProxy (RaftServerProxy.java:lambda$close$4(314)) - c64458b9-89a2-4fbd-af34-0ccef2a3bd5d: close
2019-09-06 01:43:28,306 [main] INFO  impl.RaftServerImpl (RaftServerImpl.java:lambda$shutdown$3(245)) - f24ac80a-b898-4d83-9695-dde1061d4e3d: shutdown group-3175C69E2139
2019-09-06 01:43:28,306 [ForkJoinPool.commonPool-worker-1] INFO  impl.RaftServerImpl (RaftServerImpl.java:lambda$shutdown$3(245)) - c64458b9-89a2-4fbd-af34-0ccef2a3bd5d: shutdown group-96D265E7D882
2019-09-06 01:43:28,306 [main] INFO  util.JmxRegister (JmxRegister.java:unregister(73)) - Successfully un-registered JMX Bean with object name Ratis:service=RaftServer,group=group-3175C69E2139,id=f24ac80a-b898-4d83-9695-dde1061d4e3d
2019-09-06 01:43:28,306 [ForkJoinPool.commonPool-worker-1] INFO  util.JmxRegister (JmxRegister.java:unregister(73)) - Successfully un-registered JMX Bean with object name Ratis:service=RaftServer,group=group-96D265E7D882,id=c64458b9-89a2-4fbd-af34-0ccef2a3bd5d
2019-09-06 01:43:28,306 [main] INFO  impl.RoleInfo (RoleInfo.java:shutdownLeaderState(104)) - f24ac80a-b898-4d83-9695-dde1061d4e3d: shutdown LeaderState
2019-09-06 01:43:28,307 [ForkJoinPool.commonPool-worker-1] INFO  impl.RoleInfo (RoleInfo.java:shutdownFollowerState(121)) - c64458b9-89a2-4fbd-af34-0ccef2a3bd5d: shutdown FollowerState
2019-09-06 01:43:28,307 [main] INFO  impl.PendingRequests (PendingRequests.java:sendNotLeaderResponses(202)) - f24ac80a-b898-4d83-9695-dde1061d4e3d-PendingRequests: sendNotLeaderResponses
2019-09-06 01:43:28,307 [StateMachineUpdater:c64458b9-89a2-4fbd-af34-0ccef2a3bd5d:group-96D265E7D882] INFO  ratis.ContainerStateMachine (ContainerStateMachine.java:takeSnapshot(284)) - group-96D265E7D882: Taking a snapshot at:(t:1, i:4) file /workdir/hadoop-ozone/integration-test/target/test-dir/MiniOzoneClusterImpl-f5177410-c437-49cc-94ad-c893ee7f2150/datanode-1/data/ratis/518ffdf9-a401-447b-aefc-96d265e7d882/sm/snapshot.1_4
2019-09-06 01:43:28,307 [Thread-4728] INFO  impl.FollowerState (FollowerState.java:run(114)) - c64458b9-89a2-4fbd-af34-0ccef2a3bd5d: FollowerState was interrupted: java.lang.InterruptedException: sleep interrupted
2019-09-06 01:43:28,307 [ForkJoinPool.commonPool-worker-1] INFO  impl.StateMachineUpdater (StateMachineUpdater.java:stopAndJoin(115)) - StateMachineUpdater:c64458b9-89a2-4fbd-af34-0ccef2a3bd5d:group-96D265E7D882: set stopIndex = 6
2019-09-06 01:43:28,307 [main] INFO  impl.StateMachineUpdater (StateMachineUpdater.java:stopAndJoin(115)) - StateMachineUpdater:f24ac80a-b898-4d83-9695-dde1061d4e3d:group-3175C69E2139: set stopIndex = 0
2019-09-06 01:43:28,311 [main] INFO  impl.RaftServerImpl (ServerState.java:close(394)) - f24ac80a-b898-4d83-9695-dde1061d4e3d:group-3175C69E2139 closes. The last applied log index is 0
2019-09-06 01:43:28,311 [f24ac80a-b898-4d83-9695-dde1061d4e3d-SegmentedRaftLogWorker:Storage Directory /workdir/hadoop-ozone/integration-test/target/test-dir/MiniOzoneClusterImpl-f5177410-c437-49cc-94ad-c893ee7f2150/datanode-4/data/ratis/6eda3f06-1ac1-4857-b596-3175c69e2139] INFO  segmented.SegmentedRaftLogWorker (SegmentedRaftLogWorker.java:run(313)) - f24ac80a-b898-4d83-9695-dde1061d4e3d-SegmentedRaftLogWorker:Storage Directory /workdir/hadoop-ozone/integration-test/target/test-dir/MiniOzoneClusterImpl-f5177410-c437-49cc-94ad-c893ee7f2150/datanode-4/data/ratis/6eda3f06-1ac1-4857-b596-3175c69e2139 was interrupted, exiting. There are 0 tasks remaining in the queue.
2019-09-06 01:43:28,313 [main] INFO  segmented.SegmentedRaftLogWorker (SegmentedRaftLogWorker.java:close(228)) - f24ac80a-b898-4d83-9695-dde1061d4e3d-SegmentedRaftLogWorker:Storage Directory /workdir/hadoop-ozone/integration-test/target/test-dir/MiniOzoneClusterImpl-f5177410-c437-49cc-94ad-c893ee7f2150/datanode-4/data/ratis/6eda3f06-1ac1-4857-b596-3175c69e2139 close()
2019-09-06 01:43:28,318 [main] INFO  server.GrpcService (GrpcService.java:closeImpl(155)) - f24ac80a-b898-4d83-9695-dde1061d4e3d: shutdown server with port 41653 now
2019-09-06 01:43:28,320 [main] INFO  server.GrpcService (GrpcService.java:closeImpl(163)) - f24ac80a-b898-4d83-9695-dde1061d4e3d: shutdown server with port 41653 successfully
2019-09-06 01:43:28,323 [refreshUsed-/workdir/hadoop-ozone/integration-test/target/test-dir/MiniOzoneClusterImpl-f5177410-c437-49cc-94ad-c893ee7f2150/datanode-4/data/containers] WARN  fs.CachingGetSpaceUsed (CachingGetSpaceUsed.java:run(183)) - Thread Interrupted waiting to refresh disk information: sleep interrupted
2019-09-06 01:43:28,338 [main] INFO  utils.BackgroundService (BackgroundService.java:shutdown(148)) - Shutting down service BlockDeletingService
2019-09-06 01:43:28,338 [StateMachineUpdater:c64458b9-89a2-4fbd-af34-0ccef2a3bd5d:group-96D265E7D882] INFO  ratis.ContainerStateMachine (ContainerStateMachine.java:takeSnapshot(295)) - group-96D265E7D882: Finished taking a snapshot at:(t:1, i:4) file:/workdir/hadoop-ozone/integration-test/target/test-dir/MiniOzoneClusterImpl-f5177410-c437-49cc-94ad-c893ee7f2150/datanode-1/data/ratis/518ffdf9-a401-447b-aefc-96d265e7d882/sm/snapshot.1_4 time:31
2019-09-06 01:43:28,338 [StateMachineUpdater:c64458b9-89a2-4fbd-af34-0ccef2a3bd5d:group-96D265E7D882] INFO  impl.StateMachineUpdater (StateMachineUpdater.java:takeSnapshot(242)) - StateMachineUpdater:c64458b9-89a2-4fbd-af34-0ccef2a3bd5d:group-96D265E7D882: Took a snapshot at index 4
2019-09-06 01:43:28,342 [StateMachineUpdater:c64458b9-89a2-4fbd-af34-0ccef2a3bd5d:group-96D265E7D882] INFO  impl.StateMachineUpdater (StateMachineUpdater.java:lambda$new$0(80)) - StateMachineUpdater:c64458b9-89a2-4fbd-af34-0ccef2a3bd5d:group-96D265E7D882: snapshotIndex: updateIncreasingly -1 -> 4
2019-09-06 01:43:28,344 [main] INFO  statemachine.DatanodeStateMachine (DatanodeStateMachine.java:stopDaemon(395)) - Ozone container server stopped.
2019-09-06 01:43:28,344 [ForkJoinPool.commonPool-worker-1] INFO  impl.RaftServerImpl (ServerState.java:close(394)) - c64458b9-89a2-4fbd-af34-0ccef2a3bd5d:group-96D265E7D882 closes. The last applied log index is 6
2019-09-06 01:43:28,345 [c64458b9-89a2-4fbd-af34-0ccef2a3bd5d-SegmentedRaftLogWorker:Storage Directory /workdir/hadoop-ozone/integration-test/target/test-dir/MiniOzoneClusterImpl-f5177410-c437-49cc-94ad-c893ee7f2150/datanode-1/data/ratis/518ffdf9-a401-447b-aefc-96d265e7d882] INFO  segmented.SegmentedRaftLogWorker (SegmentedRaftLogWorker.java:run(313)) - c64458b9-89a2-4fbd-af34-0ccef2a3bd5d-SegmentedRaftLogWorker:Storage Directory /workdir/hadoop-ozone/integration-test/target/test-dir/MiniOzoneClusterImpl-f5177410-c437-49cc-94ad-c893ee7f2150/datanode-1/data/ratis/518ffdf9-a401-447b-aefc-96d265e7d882 was interrupted, exiting. There are 0 tasks remaining in the queue.
2019-09-06 01:43:28,345 [main] INFO  handler.ContextHandler (ContextHandler.java:doStop(910)) - Stopped o.e.j.w.WebAppContext@43786627{/,null,UNAVAILABLE}{/hddsDatanode}
2019-09-06 01:43:28,346 [ForkJoinPool.commonPool-worker-1] INFO  segmented.SegmentedRaftLogWorker (SegmentedRaftLogWorker.java:close(228)) - c64458b9-89a2-4fbd-af34-0ccef2a3bd5d-SegmentedRaftLogWorker:Storage Directory /workdir/hadoop-ozone/integration-test/target/test-dir/MiniOzoneClusterImpl-f5177410-c437-49cc-94ad-c893ee7f2150/datanode-1/data/ratis/518ffdf9-a401-447b-aefc-96d265e7d882 close()
2019-09-06 01:43:28,348 [main] INFO  server.AbstractConnector (AbstractConnector.java:doStop(318)) - Stopped ServerConnector@1d6f77d7{HTTP/1.1,[http/1.1]}{0.0.0.0:0}
2019-09-06 01:43:28,350 [ForkJoinPool.commonPool-worker-1] INFO  impl.RaftServerImpl (RaftServerImpl.java:lambda$shutdown$3(245)) - c64458b9-89a2-4fbd-af34-0ccef2a3bd5d: shutdown group-E7D69C18308F
2019-09-06 01:43:28,350 [main] INFO  handler.ContextHandler (ContextHandler.java:doStop(910)) - Stopped o.e.j.s.ServletContextHandler@577f9dfd{/static,jar:file:/home/user/.m2/repository/org/apache/hadoop/hadoop-hdds-container-service/0.5.0-SNAPSHOT/hadoop-hdds-container-service-0.5.0-SNAPSHOT.jar!/webapps/static,UNAVAILABLE}
2019-09-06 01:43:28,350 [ForkJoinPool.commonPool-worker-1] INFO  util.JmxRegister (JmxRegister.java:unregister(73)) - Successfully un-registered JMX Bean with object name Ratis:service=RaftServer,group=group-E7D69C18308F,id=c64458b9-89a2-4fbd-af34-0ccef2a3bd5d
2019-09-06 01:43:28,351 [main] INFO  handler.ContextHandler (ContextHandler.java:doStop(910)) - Stopped o.e.j.s.ServletContextHandler@696174d3{/logs,file:///workdir/hadoop-ozone/integration-test/target/log,UNAVAILABLE}
2019-09-06 01:43:28,351 [ForkJoinPool.commonPool-worker-1] INFO  impl.RoleInfo (RoleInfo.java:shutdownLeaderState(104)) - c64458b9-89a2-4fbd-af34-0ccef2a3bd5d: shutdown LeaderState
2019-09-06 01:43:28,351 [ForkJoinPool.commonPool-worker-1] INFO  impl.PendingRequests (PendingRequests.java:sendNotLeaderResponses(202)) - c64458b9-89a2-4fbd-af34-0ccef2a3bd5d-PendingRequests: sendNotLeaderResponses
2019-09-06 01:43:28,352 [ForkJoinPool.commonPool-worker-1] INFO  impl.StateMachineUpdater (StateMachineUpdater.java:stopAndJoin(115)) - StateMachineUpdater:c64458b9-89a2-4fbd-af34-0ccef2a3bd5d:group-E7D69C18308F: set stopIndex = 0
2019-09-06 01:43:28,352 [ForkJoinPool.commonPool-worker-1] INFO  impl.RaftServerImpl (ServerState.java:close(394)) - c64458b9-89a2-4fbd-af34-0ccef2a3bd5d:group-E7D69C18308F closes. The last applied log index is 0
2019-09-06 01:43:28,352 [c64458b9-89a2-4fbd-af34-0ccef2a3bd5d-SegmentedRaftLogWorker:Storage Directory /workdir/hadoop-ozone/integration-test/target/test-dir/MiniOzoneClusterImpl-f5177410-c437-49cc-94ad-c893ee7f2150/datanode-1/data/ratis/db64cbf1-cbf8-46b7-a782-e7d69c18308f] INFO  segmented.SegmentedRaftLogWorker (SegmentedRaftLogWorker.java:run(313)) - c64458b9-89a2-4fbd-af34-0ccef2a3bd5d-SegmentedRaftLogWorker:Storage Directory /workdir/hadoop-ozone/integration-test/target/test-dir/MiniOzoneClusterImpl-f5177410-c437-49cc-94ad-c893ee7f2150/datanode-1/data/ratis/db64cbf1-cbf8-46b7-a782-e7d69c18308f was interrupted, exiting. There are 0 tasks remaining in the queue.
2019-09-06 01:43:28,354 [ForkJoinPool.commonPool-worker-1] INFO  segmented.SegmentedRaftLogWorker (SegmentedRaftLogWorker.java:close(228)) - c64458b9-89a2-4fbd-af34-0ccef2a3bd5d-SegmentedRaftLogWorker:Storage Directory /workdir/hadoop-ozone/integration-test/target/test-dir/MiniOzoneClusterImpl-f5177410-c437-49cc-94ad-c893ee7f2150/datanode-1/data/ratis/db64cbf1-cbf8-46b7-a782-e7d69c18308f close()
2019-09-06 01:43:28,357 [ForkJoinPool.commonPool-worker-1] INFO  server.GrpcService (GrpcService.java:closeImpl(155)) - c64458b9-89a2-4fbd-af34-0ccef2a3bd5d: shutdown server with port 38162 now
2019-09-06 01:43:28,358 [grpc-default-executor-8] WARN  server.GrpcServerProtocolService (LogUtils.java:warn(134)) - c64458b9-89a2-4fbd-af34-0ccef2a3bd5d: appendEntries onError: org.apache.ratis.thirdparty.io.grpc.StatusRuntimeException: CANCELLED: cancelled before receiving half close
2019-09-06 01:43:28,358 [ForkJoinPool.commonPool-worker-1] INFO  server.GrpcService (GrpcService.java:closeImpl(163)) - c64458b9-89a2-4fbd-af34-0ccef2a3bd5d: shutdown server with port 38162 successfully
2019-09-06 01:43:28,358 [grpc-default-executor-8] WARN  server.GrpcLogAppender (LogUtils.java:warn(134)) - 8cc74702-0d34-49ac-87f2-6e0857dea810->c64458b9-89a2-4fbd-af34-0ccef2a3bd5d: Failed appendEntries: org.apache.ratis.thirdparty.io.grpc.StatusRuntimeException: CANCELLED: HTTP/2 error code: CANCEL
Received Rst Stream
2019-09-06 01:43:28,359 [grpc-default-executor-8] INFO  impl.FollowerInfo (FollowerInfo.java:lambda$new$0(50)) - 8cc74702-0d34-49ac-87f2-6e0857dea810->c64458b9-89a2-4fbd-af34-0ccef2a3bd5d: nextIndex: updateUnconditionally 7 -> 6
2019-09-06 01:43:28,359 [refreshUsed-/workdir/hadoop-ozone/integration-test/target/test-dir/MiniOzoneClusterImpl-f5177410-c437-49cc-94ad-c893ee7f2150/datanode-1/data/containers] WARN  fs.CachingGetSpaceUsed (CachingGetSpaceUsed.java:run(183)) - Thread Interrupted waiting to refresh disk information: sleep interrupted
2019-09-06 01:43:28,371 [ForkJoinPool.commonPool-worker-1] INFO  utils.BackgroundService (BackgroundService.java:shutdown(148)) - Shutting down service BlockDeletingService
2019-09-06 01:43:28,376 [ForkJoinPool.commonPool-worker-1] INFO  statemachine.DatanodeStateMachine (DatanodeStateMachine.java:stopDaemon(395)) - Ozone container server stopped.
2019-09-06 01:43:28,380 [ForkJoinPool.commonPool-worker-1] INFO  handler.ContextHandler (ContextHandler.java:doStop(910)) - Stopped o.e.j.w.WebAppContext@255ed8e4{/,null,UNAVAILABLE}{/hddsDatanode}
2019-09-06 01:43:28,381 [ForkJoinPool.commonPool-worker-1] INFO  server.AbstractConnector (AbstractConnector.java:doStop(318)) - Stopped ServerConnector@406ad6d5{HTTP/1.1,[http/1.1]}{0.0.0.0:0}
2019-09-06 01:43:28,383 [ForkJoinPool.commonPool-worker-1] INFO  handler.ContextHandler (ContextHandler.java:doStop(910)) - Stopped o.e.j.s.ServletContextHandler@2b9b17ce{/static,jar:file:/home/user/.m2/repository/org/apache/hadoop/hadoop-hdds-container-service/0.5.0-SNAPSHOT/hadoop-hdds-container-service-0.5.0-SNAPSHOT.jar!/webapps/static,UNAVAILABLE}
2019-09-06 01:43:28,385 [ForkJoinPool.commonPool-worker-1] INFO  handler.ContextHandler (ContextHandler.java:doStop(910)) - Stopped o.e.j.s.ServletContextHandler@4a2e1e52{/logs,file:///workdir/hadoop-ozone/integration-test/target/log,UNAVAILABLE}
2019-09-06 01:43:28,874 [Datanode State Machine Thread - 0] INFO  statemachine.DatanodeStateMachine (DatanodeStateMachine.java:lambda$startDaemon$0(350)) - Ozone container server started.
2019-09-06 01:43:29,126 [Datanode State Machine Thread - 0] INFO  statemachine.DatanodeStateMachine (DatanodeStateMachine.java:lambda$startDaemon$0(350)) - Ozone container server started.
2019-09-06 01:43:30,672 [grpc-default-executor-2] WARN  server.GrpcLogAppender (LogUtils.java:warn(134)) - 8cc74702-0d34-49ac-87f2-6e0857dea810->c64458b9-89a2-4fbd-af34-0ccef2a3bd5d: Failed appendEntries: org.apache.ratis.thirdparty.io.grpc.StatusRuntimeException: UNAVAILABLE: io exception
2019-09-06 01:43:30,673 [grpc-default-executor-2] INFO  impl.FollowerInfo (FollowerInfo.java:lambda$new$0(50)) - 8cc74702-0d34-49ac-87f2-6e0857dea810->c64458b9-89a2-4fbd-af34-0ccef2a3bd5d: nextIndex: updateUnconditionally 6 -> 5
2019-09-06 01:43:32,965 [EventQueue-StaleNodeForStaleNodeHandler] INFO  node.StaleNodeHandler (StaleNodeHandler.java:onMessage(58)) - Datanode aa424548-ca22-474d-89f9-384a5c0f40e5{ip: 192.168.5.177, host: pr-hdds-2015-4zh84-2711163145, networkLocation: /default-rack, certSerialId: null} moved to stale state. Finalizing its pipelines [PipelineID=08f7423a-caf6-4604-b764-bf98b1bbe429, PipelineID=754c92af-cd0f-42fb-9cb8-813194b7863c]
2019-09-06 01:43:32,965 [EventQueue-StaleNodeForStaleNodeHandler] INFO  pipeline.SCMPipelineManager (SCMPipelineManager.java:finalizeAndDestroyPipeline(309)) - destroying pipeline:Pipeline[ Id: 08f7423a-caf6-4604-b764-bf98b1bbe429, Nodes: aa424548-ca22-474d-89f9-384a5c0f40e5{ip: 192.168.5.177, host: pr-hdds-2015-4zh84-2711163145, networkLocation: /default-rack, certSerialId: null}, Type:RATIS, Factor:ONE, State:OPEN]
2019-09-06 01:43:32,965 [EventQueue-StaleNodeForStaleNodeHandler] INFO  pipeline.PipelineStateManager (PipelineStateManager.java:finalizePipeline(123)) - Pipeline Pipeline[ Id: 08f7423a-caf6-4604-b764-bf98b1bbe429, Nodes: aa424548-ca22-474d-89f9-384a5c0f40e5{ip: 192.168.5.177, host: pr-hdds-2015-4zh84-2711163145, networkLocation: /default-rack, certSerialId: null}, Type:RATIS, Factor:ONE, State:CLOSED] moved to CLOSED state
2019-09-06 01:43:32,966 [EventQueue-StaleNodeForStaleNodeHandler] INFO  pipeline.SCMPipelineManager (SCMPipelineManager.java:finalizeAndDestroyPipeline(309)) - destroying pipeline:Pipeline[ Id: 754c92af-cd0f-42fb-9cb8-813194b7863c, Nodes: adee5101-b96d-47d7-a476-4abea9874438{ip: 192.168.5.177, host: pr-hdds-2015-4zh84-2711163145, networkLocation: /default-rack, certSerialId: null}a535f1e5-8f96-4de4-9301-2678fc073a36{ip: 192.168.5.177, host: pr-hdds-2015-4zh84-2711163145, networkLocation: /default-rack, certSerialId: null}aa424548-ca22-474d-89f9-384a5c0f40e5{ip: 192.168.5.177, host: pr-hdds-2015-4zh84-2711163145, networkLocation: /default-rack, certSerialId: null}, Type:RATIS, Factor:THREE, State:OPEN]
2019-09-06 01:43:32,966 [EventQueue-StaleNodeForStaleNodeHandler] INFO  pipeline.PipelineStateManager (PipelineStateManager.java:finalizePipeline(123)) - Pipeline Pipeline[ Id: 754c92af-cd0f-42fb-9cb8-813194b7863c, Nodes: adee5101-b96d-47d7-a476-4abea9874438{ip: 192.168.5.177, host: pr-hdds-2015-4zh84-2711163145, networkLocation: /default-rack, certSerialId: null}a535f1e5-8f96-4de4-9301-2678fc073a36{ip: 192.168.5.177, host: pr-hdds-2015-4zh84-2711163145, networkLocation: /default-rack, certSerialId: null}aa424548-ca22-474d-89f9-384a5c0f40e5{ip: 192.168.5.177, host: pr-hdds-2015-4zh84-2711163145, networkLocation: /default-rack, certSerialId: null}, Type:RATIS, Factor:THREE, State:CLOSED] moved to CLOSED state
2019-09-06 01:43:32,966 [EventQueue-CloseContainerForCloseContainerEventHandler] INFO  container.CloseContainerEventHandler (CloseContainerEventHandler.java:onMessage(61)) - Close container Event triggered for container : #2
2019-09-06 01:43:33,165 [EventQueue-StaleNodeForStaleNodeHandler] INFO  node.StaleNodeHandler (StaleNodeHandler.java:onMessage(58)) - Datanode 8cc74702-0d34-49ac-87f2-6e0857dea810{ip: 192.168.5.177, host: pr-hdds-2015-4zh84-2711163145, networkLocation: /default-rack, certSerialId: null} moved to stale state. Finalizing its pipelines [PipelineID=a8839890-49b4-4952-994f-fb8cefd504d4, PipelineID=518ffdf9-a401-447b-aefc-96d265e7d882]
2019-09-06 01:43:33,165 [EventQueue-StaleNodeForStaleNodeHandler] INFO  pipeline.SCMPipelineManager (SCMPipelineManager.java:finalizeAndDestroyPipeline(309)) - destroying pipeline:Pipeline[ Id: a8839890-49b4-4952-994f-fb8cefd504d4, Nodes: 8cc74702-0d34-49ac-87f2-6e0857dea810{ip: 192.168.5.177, host: pr-hdds-2015-4zh84-2711163145, networkLocation: /default-rack, certSerialId: null}, Type:RATIS, Factor:ONE, State:OPEN]
2019-09-06 01:43:33,166 [EventQueue-StaleNodeForStaleNodeHandler] INFO  pipeline.PipelineStateManager (PipelineStateManager.java:finalizePipeline(123)) - Pipeline Pipeline[ Id: a8839890-49b4-4952-994f-fb8cefd504d4, Nodes: 8cc74702-0d34-49ac-87f2-6e0857dea810{ip: 192.168.5.177, host: pr-hdds-2015-4zh84-2711163145, networkLocation: /default-rack, certSerialId: null}, Type:RATIS, Factor:ONE, State:CLOSED] moved to CLOSED state
2019-09-06 01:43:33,166 [EventQueue-StaleNodeForStaleNodeHandler] INFO  pipeline.SCMPipelineManager (SCMPipelineManager.java:finalizeAndDestroyPipeline(309)) - destroying pipeline:Pipeline[ Id: 518ffdf9-a401-447b-aefc-96d265e7d882, Nodes: c64458b9-89a2-4fbd-af34-0ccef2a3bd5d{ip: 192.168.5.177, host: pr-hdds-2015-4zh84-2711163145, networkLocation: /default-rack, certSerialId: null}bf2a8532-1220-4200-b318-fb6b90eae166{ip: 192.168.5.177, host: pr-hdds-2015-4zh84-2711163145, networkLocation: /default-rack, certSerialId: null}8cc74702-0d34-49ac-87f2-6e0857dea810{ip: 192.168.5.177, host: pr-hdds-2015-4zh84-2711163145, networkLocation: /default-rack, certSerialId: null}, Type:RATIS, Factor:THREE, State:CLOSED]
2019-09-06 01:43:33,173 [grpc-default-executor-2] WARN  server.GrpcLogAppender (LogUtils.java:warn(134)) - 8cc74702-0d34-49ac-87f2-6e0857dea810->c64458b9-89a2-4fbd-af34-0ccef2a3bd5d: Failed appendEntries: org.apache.ratis.thirdparty.io.grpc.StatusRuntimeException: UNAVAILABLE: io exception
2019-09-06 01:43:33,173 [grpc-default-executor-2] INFO  impl.FollowerInfo (FollowerInfo.java:lambda$new$0(50)) - 8cc74702-0d34-49ac-87f2-6e0857dea810->c64458b9-89a2-4fbd-af34-0ccef2a3bd5d: nextIndex: updateUnconditionally 5 -> 4
2019-09-06 01:43:33,352 [main] INFO  ozoneimpl.OzoneContainer (OzoneContainer.java:stop(215)) - Attempting to stop container services.
2019-09-06 01:43:33,353 [main] INFO  impl.RaftServerProxy (RaftServerProxy.java:lambda$close$4(314)) - aa424548-ca22-474d-89f9-384a5c0f40e5: close
2019-09-06 01:43:33,353 [main] INFO  impl.RaftServerImpl (RaftServerImpl.java:lambda$shutdown$3(245)) - aa424548-ca22-474d-89f9-384a5c0f40e5: shutdown group-BF98B1BBE429
2019-09-06 01:43:33,354 [main] INFO  util.JmxRegister (JmxRegister.java:unregister(73)) - Successfully un-registered JMX Bean with object name Ratis:service=RaftServer,group=group-BF98B1BBE429,id=aa424548-ca22-474d-89f9-384a5c0f40e5
2019-09-06 01:43:33,354 [main] INFO  impl.RoleInfo (RoleInfo.java:shutdownLeaderState(104)) - aa424548-ca22-474d-89f9-384a5c0f40e5: shutdown LeaderState
2019-09-06 01:43:33,355 [main] INFO  impl.PendingRequests (PendingRequests.java:sendNotLeaderResponses(202)) - aa424548-ca22-474d-89f9-384a5c0f40e5-PendingRequests: sendNotLeaderResponses
2019-09-06 01:43:33,355 [main] INFO  impl.StateMachineUpdater (StateMachineUpdater.java:stopAndJoin(115)) - StateMachineUpdater:aa424548-ca22-474d-89f9-384a5c0f40e5:group-BF98B1BBE429: set stopIndex = 0
2019-09-06 01:43:33,355 [main] INFO  impl.RaftServerImpl (ServerState.java:close(394)) - aa424548-ca22-474d-89f9-384a5c0f40e5:group-BF98B1BBE429 closes. The last applied log index is 0
2019-09-06 01:43:33,356 [aa424548-ca22-474d-89f9-384a5c0f40e5-SegmentedRaftLogWorker:Storage Directory /workdir/hadoop-ozone/integration-test/target/test-dir/MiniOzoneClusterImpl-f5177410-c437-49cc-94ad-c893ee7f2150/datanode-3/data/ratis/08f7423a-caf6-4604-b764-bf98b1bbe429] INFO  segmented.SegmentedRaftLogWorker (SegmentedRaftLogWorker.java:run(313)) - aa424548-ca22-474d-89f9-384a5c0f40e5-SegmentedRaftLogWorker:Storage Directory /workdir/hadoop-ozone/integration-test/target/test-dir/MiniOzoneClusterImpl-f5177410-c437-49cc-94ad-c893ee7f2150/datanode-3/data/ratis/08f7423a-caf6-4604-b764-bf98b1bbe429 was interrupted, exiting. There are 0 tasks remaining in the queue.
2019-09-06 01:43:33,359 [main] INFO  segmented.SegmentedRaftLogWorker (SegmentedRaftLogWorker.java:close(228)) - aa424548-ca22-474d-89f9-384a5c0f40e5-SegmentedRaftLogWorker:Storage Directory /workdir/hadoop-ozone/integration-test/target/test-dir/MiniOzoneClusterImpl-f5177410-c437-49cc-94ad-c893ee7f2150/datanode-3/data/ratis/08f7423a-caf6-4604-b764-bf98b1bbe429 close()
2019-09-06 01:43:33,363 [main] INFO  impl.RaftServerImpl (RaftServerImpl.java:lambda$shutdown$3(245)) - aa424548-ca22-474d-89f9-384a5c0f40e5: shutdown group-813194B7863C
2019-09-06 01:43:33,363 [main] INFO  util.JmxRegister (JmxRegister.java:unregister(73)) - Successfully un-registered JMX Bean with object name Ratis:service=RaftServer,group=group-813194B7863C,id=aa424548-ca22-474d-89f9-384a5c0f40e5
2019-09-06 01:43:33,363 [main] INFO  impl.RoleInfo (RoleInfo.java:shutdownFollowerState(121)) - aa424548-ca22-474d-89f9-384a5c0f40e5: shutdown FollowerState
2019-09-06 01:43:33,364 [main] INFO  impl.StateMachineUpdater (StateMachineUpdater.java:stopAndJoin(115)) - StateMachineUpdater:aa424548-ca22-474d-89f9-384a5c0f40e5:group-813194B7863C: set stopIndex = 13
2019-09-06 01:43:33,364 [StateMachineUpdater:aa424548-ca22-474d-89f9-384a5c0f40e5:group-813194B7863C] INFO  ratis.ContainerStateMachine (ContainerStateMachine.java:takeSnapshot(284)) - group-813194B7863C: Taking a snapshot at:(t:1, i:13) file /workdir/hadoop-ozone/integration-test/target/test-dir/MiniOzoneClusterImpl-f5177410-c437-49cc-94ad-c893ee7f2150/datanode-3/data/ratis/754c92af-cd0f-42fb-9cb8-813194b7863c/sm/snapshot.1_13
2019-09-06 01:43:33,364 [Thread-4744] INFO  impl.FollowerState (FollowerState.java:run(114)) - aa424548-ca22-474d-89f9-384a5c0f40e5: FollowerState was interrupted: java.lang.InterruptedException: sleep interrupted
2019-09-06 01:43:33,386 [ForkJoinPool.commonPool-worker-1] INFO  ozoneimpl.OzoneContainer (OzoneContainer.java:stop(215)) - Attempting to stop container services.
2019-09-06 01:43:33,387 [ForkJoinPool.commonPool-worker-1] INFO  impl.RaftServerProxy (RaftServerProxy.java:lambda$close$4(314)) - 8cc74702-0d34-49ac-87f2-6e0857dea810: close
2019-09-06 01:43:33,387 [ForkJoinPool.commonPool-worker-1] INFO  impl.RaftServerImpl (RaftServerImpl.java:lambda$shutdown$3(245)) - 8cc74702-0d34-49ac-87f2-6e0857dea810: shutdown group-FB8CEFD504D4
2019-09-06 01:43:33,387 [ForkJoinPool.commonPool-worker-1] INFO  util.JmxRegister (JmxRegister.java:unregister(73)) - Successfully un-registered JMX Bean with object name Ratis:service=RaftServer,group=group-FB8CEFD504D4,id=8cc74702-0d34-49ac-87f2-6e0857dea810
2019-09-06 01:43:33,387 [ForkJoinPool.commonPool-worker-1] INFO  impl.RoleInfo (RoleInfo.java:shutdownLeaderState(104)) - 8cc74702-0d34-49ac-87f2-6e0857dea810: shutdown LeaderState
2019-09-06 01:43:33,388 [ForkJoinPool.commonPool-worker-1] INFO  impl.PendingRequests (PendingRequests.java:sendNotLeaderResponses(202)) - 8cc74702-0d34-49ac-87f2-6e0857dea810-PendingRequests: sendNotLeaderResponses
2019-09-06 01:43:33,388 [ForkJoinPool.commonPool-worker-1] INFO  impl.StateMachineUpdater (StateMachineUpdater.java:stopAndJoin(115)) - StateMachineUpdater:8cc74702-0d34-49ac-87f2-6e0857dea810:group-FB8CEFD504D4: set stopIndex = 0
2019-09-06 01:43:33,388 [ForkJoinPool.commonPool-worker-1] INFO  impl.RaftServerImpl (ServerState.java:close(394)) - 8cc74702-0d34-49ac-87f2-6e0857dea810:group-FB8CEFD504D4 closes. The last applied log index is 0
2019-09-06 01:43:33,389 [8cc74702-0d34-49ac-87f2-6e0857dea810-SegmentedRaftLogWorker:Storage Directory /workdir/hadoop-ozone/integration-test/target/test-dir/MiniOzoneClusterImpl-f5177410-c437-49cc-94ad-c893ee7f2150/datanode-2/data/ratis/a8839890-49b4-4952-994f-fb8cefd504d4] INFO  segmented.SegmentedRaftLogWorker (SegmentedRaftLogWorker.java:run(313)) - 8cc74702-0d34-49ac-87f2-6e0857dea810-SegmentedRaftLogWorker:Storage Directory /workdir/hadoop-ozone/integration-test/target/test-dir/MiniOzoneClusterImpl-f5177410-c437-49cc-94ad-c893ee7f2150/datanode-2/data/ratis/a8839890-49b4-4952-994f-fb8cefd504d4 was interrupted, exiting. There are 0 tasks remaining in the queue.
2019-09-06 01:43:33,391 [StateMachineUpdater:aa424548-ca22-474d-89f9-384a5c0f40e5:group-813194B7863C] INFO  ratis.ContainerStateMachine (ContainerStateMachine.java:takeSnapshot(295)) - group-813194B7863C: Finished taking a snapshot at:(t:1, i:13) file:/workdir/hadoop-ozone/integration-test/target/test-dir/MiniOzoneClusterImpl-f5177410-c437-49cc-94ad-c893ee7f2150/datanode-3/data/ratis/754c92af-cd0f-42fb-9cb8-813194b7863c/sm/snapshot.1_13 time:27
2019-09-06 01:43:33,391 [ForkJoinPool.commonPool-worker-1] INFO  segmented.SegmentedRaftLogWorker (SegmentedRaftLogWorker.java:close(228)) - 8cc74702-0d34-49ac-87f2-6e0857dea810-SegmentedRaftLogWorker:Storage Directory /workdir/hadoop-ozone/integration-test/target/test-dir/MiniOzoneClusterImpl-f5177410-c437-49cc-94ad-c893ee7f2150/datanode-2/data/ratis/a8839890-49b4-4952-994f-fb8cefd504d4 close()
2019-09-06 01:43:33,391 [StateMachineUpdater:aa424548-ca22-474d-89f9-384a5c0f40e5:group-813194B7863C] INFO  impl.StateMachineUpdater (StateMachineUpdater.java:takeSnapshot(242)) - StateMachineUpdater:aa424548-ca22-474d-89f9-384a5c0f40e5:group-813194B7863C: Took a snapshot at index 13
2019-09-06 01:43:33,395 [ForkJoinPool.commonPool-worker-1] INFO  impl.RaftServerImpl (RaftServerImpl.java:lambda$shutdown$3(245)) - 8cc74702-0d34-49ac-87f2-6e0857dea810: shutdown group-96D265E7D882
2019-09-06 01:43:33,395 [StateMachineUpdater:aa424548-ca22-474d-89f9-384a5c0f40e5:group-813194B7863C] INFO  impl.StateMachineUpdater (StateMachineUpdater.java:lambda$new$0(80)) - StateMachineUpdater:aa424548-ca22-474d-89f9-384a5c0f40e5:group-813194B7863C: snapshotIndex: updateIncreasingly -1 -> 13
2019-09-06 01:43:33,395 [ForkJoinPool.commonPool-worker-1] INFO  util.JmxRegister (JmxRegister.java:unregister(73)) - Successfully un-registered JMX Bean with object name Ratis:service=RaftServer,group=group-96D265E7D882,id=8cc74702-0d34-49ac-87f2-6e0857dea810
2019-09-06 01:43:33,396 [main] INFO  impl.RaftServerImpl (ServerState.java:close(394)) - aa424548-ca22-474d-89f9-384a5c0f40e5:group-813194B7863C closes. The last applied log index is 13
2019-09-06 01:43:33,396 [ForkJoinPool.commonPool-worker-1] INFO  impl.RoleInfo (RoleInfo.java:shutdownLeaderState(104)) - 8cc74702-0d34-49ac-87f2-6e0857dea810: shutdown LeaderState
2019-09-06 01:43:33,397 [aa424548-ca22-474d-89f9-384a5c0f40e5-SegmentedRaftLogWorker:Storage Directory /workdir/hadoop-ozone/integration-test/target/test-dir/MiniOzoneClusterImpl-f5177410-c437-49cc-94ad-c893ee7f2150/datanode-3/data/ratis/754c92af-cd0f-42fb-9cb8-813194b7863c] INFO  segmented.SegmentedRaftLogWorker (SegmentedRaftLogWorker.java:run(313)) - aa424548-ca22-474d-89f9-384a5c0f40e5-SegmentedRaftLogWorker:Storage Directory /workdir/hadoop-ozone/integration-test/target/test-dir/MiniOzoneClusterImpl-f5177410-c437-49cc-94ad-c893ee7f2150/datanode-3/data/ratis/754c92af-cd0f-42fb-9cb8-813194b7863c was interrupted, exiting. There are 0 tasks remaining in the queue.
2019-09-06 01:43:33,400 [ForkJoinPool.commonPool-worker-1] INFO  impl.PendingRequests (PendingRequests.java:sendNotLeaderResponses(202)) - 8cc74702-0d34-49ac-87f2-6e0857dea810-PendingRequests: sendNotLeaderResponses
2019-09-06 01:43:33,403 [main] INFO  segmented.SegmentedRaftLogWorker (SegmentedRaftLogWorker.java:close(228)) - aa424548-ca22-474d-89f9-384a5c0f40e5-SegmentedRaftLogWorker:Storage Directory /workdir/hadoop-ozone/integration-test/target/test-dir/MiniOzoneClusterImpl-f5177410-c437-49cc-94ad-c893ee7f2150/datanode-3/data/ratis/754c92af-cd0f-42fb-9cb8-813194b7863c close()
2019-09-06 01:43:33,408 [ForkJoinPool.commonPool-worker-1] INFO  impl.StateMachineUpdater (StateMachineUpdater.java:stopAndJoin(115)) - StateMachineUpdater:8cc74702-0d34-49ac-87f2-6e0857dea810:group-96D265E7D882: set stopIndex = 6
2019-09-06 01:43:33,402 [org.apache.ratis.server.impl.LogAppender$AppenderDaemon$$Lambda$479/441325125@428977f7] WARN  server.GrpcLogAppender (GrpcLogAppender.java:mayWait(143)) - GrpcLogAppender(8cc74702-0d34-49ac-87f2-6e0857dea810->bf2a8532-1220-4200-b318-fb6b90eae166): Wait interrupted by java.lang.InterruptedException
2019-09-06 01:43:33,400 [org.apache.ratis.server.impl.LogAppender$AppenderDaemon$$Lambda$479/441325125@78be1c2] WARN  server.GrpcLogAppender (GrpcLogAppender.java:mayWait(143)) - GrpcLogAppender(8cc74702-0d34-49ac-87f2-6e0857dea810->c64458b9-89a2-4fbd-af34-0ccef2a3bd5d): Wait interrupted by java.lang.InterruptedException
2019-09-06 01:43:33,412 [main] INFO  server.GrpcService (GrpcService.java:closeImpl(155)) - aa424548-ca22-474d-89f9-384a5c0f40e5: shutdown server with port 41858 now
2019-09-06 01:43:33,412 [StateMachineUpdater:8cc74702-0d34-49ac-87f2-6e0857dea810:group-96D265E7D882] INFO  ratis.ContainerStateMachine (ContainerStateMachine.java:takeSnapshot(284)) - group-96D265E7D882: Taking a snapshot at:(t:1, i:6) file /workdir/hadoop-ozone/integration-test/target/test-dir/MiniOzoneClusterImpl-f5177410-c437-49cc-94ad-c893ee7f2150/datanode-2/data/ratis/518ffdf9-a401-447b-aefc-96d265e7d882/sm/snapshot.1_6
2019-09-06 01:43:33,413 [grpc-default-executor-5] INFO  server.GrpcServerProtocolService (GrpcServerProtocolService.java:onCompleted(104)) - bf2a8532-1220-4200-b318-fb6b90eae166: appendEntries completed
2019-09-06 01:43:33,414 [grpc-default-executor-8] WARN  server.GrpcServerProtocolService (LogUtils.java:warn(134)) - aa424548-ca22-474d-89f9-384a5c0f40e5: appendEntries onError: org.apache.ratis.thirdparty.io.grpc.StatusRuntimeException: CANCELLED: cancelled before receiving half close
2019-09-06 01:43:33,414 [main] INFO  server.GrpcService (GrpcService.java:closeImpl(163)) - aa424548-ca22-474d-89f9-384a5c0f40e5: shutdown server with port 41858 successfully
2019-09-06 01:43:33,414 [grpc-default-executor-2] INFO  server.GrpcLogAppender (GrpcLogAppender.java:onCompleted(292)) - 8cc74702-0d34-49ac-87f2-6e0857dea810->bf2a8532-1220-4200-b318-fb6b90eae166: follower responses appendEntries COMPLETED
2019-09-06 01:43:33,414 [grpc-default-executor-8] WARN  server.GrpcLogAppender (LogUtils.java:warn(134)) - a535f1e5-8f96-4de4-9301-2678fc073a36->aa424548-ca22-474d-89f9-384a5c0f40e5: Failed appendEntries: org.apache.ratis.thirdparty.io.grpc.StatusRuntimeException: CANCELLED: HTTP/2 error code: CANCEL
Received Rst Stream
2019-09-06 01:43:33,415 [grpc-default-executor-2] INFO  impl.FollowerInfo (FollowerInfo.java:lambda$new$0(50)) - 8cc74702-0d34-49ac-87f2-6e0857dea810->bf2a8532-1220-4200-b318-fb6b90eae166: nextIndex: updateUnconditionally 7 -> 6
2019-09-06 01:43:33,415 [grpc-default-executor-8] INFO  impl.FollowerInfo (FollowerInfo.java:lambda$new$0(50)) - a535f1e5-8f96-4de4-9301-2678fc073a36->aa424548-ca22-474d-89f9-384a5c0f40e5: nextIndex: updateUnconditionally 14 -> 13
2019-09-06 01:43:33,415 [refreshUsed-/workdir/hadoop-ozone/integration-test/target/test-dir/MiniOzoneClusterImpl-f5177410-c437-49cc-94ad-c893ee7f2150/datanode-3/data/containers] WARN  fs.CachingGetSpaceUsed (CachingGetSpaceUsed.java:run(183)) - Thread Interrupted waiting to refresh disk information: sleep interrupted
2019-09-06 01:43:33,427 [main] INFO  utils.BackgroundService (BackgroundService.java:shutdown(148)) - Shutting down service BlockDeletingService
2019-09-06 01:43:33,430 [StateMachineUpdater:8cc74702-0d34-49ac-87f2-6e0857dea810:group-96D265E7D882] INFO  ratis.ContainerStateMachine (ContainerStateMachine.java:takeSnapshot(295)) - group-96D265E7D882: Finished taking a snapshot at:(t:1, i:6) file:/workdir/hadoop-ozone/integration-test/target/test-dir/MiniOzoneClusterImpl-f5177410-c437-49cc-94ad-c893ee7f2150/datanode-2/data/ratis/518ffdf9-a401-447b-aefc-96d265e7d882/sm/snapshot.1_6 time:22
2019-09-06 01:43:33,432 [StateMachineUpdater:8cc74702-0d34-49ac-87f2-6e0857dea810:group-96D265E7D882] INFO  impl.StateMachineUpdater (StateMachineUpdater.java:takeSnapshot(242)) - StateMachineUpdater:8cc74702-0d34-49ac-87f2-6e0857dea810:group-96D265E7D882: Took a snapshot at index 6
2019-09-06 01:43:33,434 [main] INFO  statemachine.DatanodeStateMachine (DatanodeStateMachine.java:stopDaemon(395)) - Ozone container server stopped.
2019-09-06 01:43:33,434 [StateMachineUpdater:8cc74702-0d34-49ac-87f2-6e0857dea810:group-96D265E7D882] INFO  impl.StateMachineUpdater (StateMachineUpdater.java:lambda$new$0(80)) - StateMachineUpdater:8cc74702-0d34-49ac-87f2-6e0857dea810:group-96D265E7D882: snapshotIndex: updateIncreasingly -1 -> 6
2019-09-06 01:43:33,435 [ForkJoinPool.commonPool-worker-1] INFO  impl.RaftServerImpl (ServerState.java:close(394)) - 8cc74702-0d34-49ac-87f2-6e0857dea810:group-96D265E7D882 closes. The last applied log index is 6
2019-09-06 01:43:33,435 [main] INFO  handler.ContextHandler (ContextHandler.java:doStop(910)) - Stopped o.e.j.w.WebAppContext@77ab5214{/,null,UNAVAILABLE}{/hddsDatanode}
2019-09-06 01:43:33,435 [8cc74702-0d34-49ac-87f2-6e0857dea810-SegmentedRaftLogWorker:Storage Directory /workdir/hadoop-ozone/integration-test/target/test-dir/MiniOzoneClusterImpl-f5177410-c437-49cc-94ad-c893ee7f2150/datanode-2/data/ratis/518ffdf9-a401-447b-aefc-96d265e7d882] INFO  segmented.SegmentedRaftLogWorker (SegmentedRaftLogWorker.java:run(313)) - 8cc74702-0d34-49ac-87f2-6e0857dea810-SegmentedRaftLogWorker:Storage Directory /workdir/hadoop-ozone/integration-test/target/test-dir/MiniOzoneClusterImpl-f5177410-c437-49cc-94ad-c893ee7f2150/datanode-2/data/ratis/518ffdf9-a401-447b-aefc-96d265e7d882 was interrupted, exiting. There are 0 tasks remaining in the queue.
2019-09-06 01:43:33,437 [ForkJoinPool.commonPool-worker-1] INFO  segmented.SegmentedRaftLogWorker (SegmentedRaftLogWorker.java:close(228)) - 8cc74702-0d34-49ac-87f2-6e0857dea810-SegmentedRaftLogWorker:Storage Directory /workdir/hadoop-ozone/integration-test/target/test-dir/MiniOzoneClusterImpl-f5177410-c437-49cc-94ad-c893ee7f2150/datanode-2/data/ratis/518ffdf9-a401-447b-aefc-96d265e7d882 close()
2019-09-06 01:43:33,437 [main] INFO  server.AbstractConnector (AbstractConnector.java:doStop(318)) - Stopped ServerConnector@6d420cdd{HTTP/1.1,[http/1.1]}{0.0.0.0:0}
2019-09-06 01:43:33,444 [ForkJoinPool.commonPool-worker-1] INFO  server.GrpcService (GrpcService.java:closeImpl(155)) - 8cc74702-0d34-49ac-87f2-6e0857dea810: shutdown server with port 40365 now
2019-09-06 01:43:33,444 [main] INFO  handler.ContextHandler (ContextHandler.java:doStop(910)) - Stopped o.e.j.s.ServletContextHandler@5731caaf{/static,jar:file:/home/user/.m2/repository/org/apache/hadoop/hadoop-hdds-container-service/0.5.0-SNAPSHOT/hadoop-hdds-container-service-0.5.0-SNAPSHOT.jar!/webapps/static,UNAVAILABLE}
2019-09-06 01:43:33,445 [main] INFO  handler.ContextHandler (ContextHandler.java:doStop(910)) - Stopped o.e.j.s.ServletContextHandler@ce655b9{/logs,file:///workdir/hadoop-ozone/integration-test/target/log,UNAVAILABLE}
2019-09-06 01:43:33,445 [ForkJoinPool.commonPool-worker-1] INFO  server.GrpcService (GrpcService.java:closeImpl(163)) - 8cc74702-0d34-49ac-87f2-6e0857dea810: shutdown server with port 40365 successfully
2019-09-06 01:43:33,447 [refreshUsed-/workdir/hadoop-ozone/integration-test/target/test-dir/MiniOzoneClusterImpl-f5177410-c437-49cc-94ad-c893ee7f2150/datanode-2/data/containers] WARN  fs.CachingGetSpaceUsed (CachingGetSpaceUsed.java:run(183)) - Thread Interrupted waiting to refresh disk information: sleep interrupted
2019-09-06 01:43:33,465 [ForkJoinPool.commonPool-worker-1] INFO  utils.BackgroundService (BackgroundService.java:shutdown(148)) - Shutting down service BlockDeletingService
2019-09-06 01:43:33,470 [ForkJoinPool.commonPool-worker-1] INFO  statemachine.DatanodeStateMachine (DatanodeStateMachine.java:stopDaemon(395)) - Ozone container server stopped.
2019-09-06 01:43:33,475 [ForkJoinPool.commonPool-worker-1] INFO  handler.ContextHandler (ContextHandler.java:doStop(910)) - Stopped o.e.j.w.WebAppContext@ec5f944{/,null,UNAVAILABLE}{/hddsDatanode}
2019-09-06 01:43:33,475 [ForkJoinPool.commonPool-worker-1] INFO  server.AbstractConnector (AbstractConnector.java:doStop(318)) - Stopped ServerConnector@5b4954b2{HTTP/1.1,[http/1.1]}{0.0.0.0:0}
2019-09-06 01:43:33,480 [ForkJoinPool.commonPool-worker-1] INFO  handler.ContextHandler (ContextHandler.java:doStop(910)) - Stopped o.e.j.s.ServletContextHandler@7d64a960{/static,jar:file:/home/user/.m2/repository/org/apache/hadoop/hadoop-hdds-container-service/0.5.0-SNAPSHOT/hadoop-hdds-container-service-0.5.0-SNAPSHOT.jar!/webapps/static,UNAVAILABLE}
2019-09-06 01:43:33,481 [ForkJoinPool.commonPool-worker-1] INFO  handler.ContextHandler (ContextHandler.java:doStop(910)) - Stopped o.e.j.s.ServletContextHandler@379f9555{/logs,file:///workdir/hadoop-ozone/integration-test/target/log,UNAVAILABLE}
2019-09-06 01:43:33,859 [Datanode State Machine Thread - 0] INFO  statemachine.DatanodeStateMachine (DatanodeStateMachine.java:lambda$startDaemon$0(350)) - Ozone container server started.
2019-09-06 01:43:34,143 [Datanode State Machine Thread - 0] INFO  statemachine.DatanodeStateMachine (DatanodeStateMachine.java:lambda$startDaemon$0(350)) - Ozone container server started.
2019-09-06 01:43:34,897 [grpc-default-executor-5] WARN  server.GrpcLogAppender (LogUtils.java:warn(134)) - a535f1e5-8f96-4de4-9301-2678fc073a36->aa424548-ca22-474d-89f9-384a5c0f40e5: Failed appendEntries: org.apache.ratis.thirdparty.io.grpc.StatusRuntimeException: UNAVAILABLE: io exception
2019-09-06 01:43:34,897 [grpc-default-executor-5] INFO  impl.FollowerInfo (FollowerInfo.java:lambda$new$0(50)) - a535f1e5-8f96-4de4-9301-2678fc073a36->aa424548-ca22-474d-89f9-384a5c0f40e5: nextIndex: updateUnconditionally 14 -> 13
2019-09-06 01:43:34,912 [grpc-default-executor-8] WARN  server.GrpcLogAppender (LogUtils.java:warn(134)) - a535f1e5-8f96-4de4-9301-2678fc073a36->aa424548-ca22-474d-89f9-384a5c0f40e5: Failed appendEntries: org.apache.ratis.thirdparty.io.grpc.StatusRuntimeException: UNAVAILABLE: io exception
2019-09-06 01:43:34,913 [grpc-default-executor-8] INFO  impl.FollowerInfo (FollowerInfo.java:lambda$new$0(50)) - a535f1e5-8f96-4de4-9301-2678fc073a36->aa424548-ca22-474d-89f9-384a5c0f40e5: nextIndex: updateUnconditionally 14 -> 13
2019-09-06 01:43:34,924 [grpc-default-executor-5] WARN  server.GrpcLogAppender (LogUtils.java:warn(134)) - a535f1e5-8f96-4de4-9301-2678fc073a36->aa424548-ca22-474d-89f9-384a5c0f40e5: Failed appendEntries: org.apache.ratis.thirdparty.io.grpc.StatusRuntimeException: UNAVAILABLE: io exception
2019-09-06 01:43:34,924 [grpc-default-executor-5] INFO  impl.FollowerInfo (FollowerInfo.java:lambda$new$0(50)) - a535f1e5-8f96-4de4-9301-2678fc073a36->aa424548-ca22-474d-89f9-384a5c0f40e5: nextIndex: updateUnconditionally 14 -> 13
2019-09-06 01:43:34,924 [RatisApplyTransactionExecutor 2] INFO  interfaces.Container (KeyValueContainer.java:flushAndSyncDB(382)) - Container 2 is synced with bcsId 11.
2019-09-06 01:43:34,925 [RatisApplyTransactionExecutor 2] INFO  interfaces.Container (KeyValueContainer.java:flushAndSyncDB(382)) - Container 2 is synced with bcsId 11.
2019-09-06 01:43:34,955 [EventQueue-IncrementalContainerReportForIncrementalContainerReportHandler] INFO  container.IncrementalContainerReportHandler (AbstractContainerReportHandler.java:updateContainerState(176)) - Moving container #2 to CLOSED state, datanode a535f1e5-8f96-4de4-9301-2678fc073a36{ip: 192.168.5.177, host: pr-hdds-2015-4zh84-2711163145, networkLocation: /default-rack, certSerialId: null} reported CLOSED replica.
2019-09-06 01:43:34,983 [RatisApplyTransactionExecutor 2] INFO  interfaces.Container (KeyValueContainer.java:flushAndSyncDB(382)) - Container 2 is synced with bcsId 11.
2019-09-06 01:43:34,984 [RatisApplyTransactionExecutor 2] INFO  interfaces.Container (KeyValueContainer.java:flushAndSyncDB(382)) - Container 2 is synced with bcsId 11.
2019-09-06 01:43:37,424 [grpc-default-executor-8] WARN  server.GrpcLogAppender (LogUtils.java:warn(134)) - a535f1e5-8f96-4de4-9301-2678fc073a36->aa424548-ca22-474d-89f9-384a5c0f40e5: Failed appendEntries: org.apache.ratis.thirdparty.io.grpc.StatusRuntimeException: UNAVAILABLE: io exception
2019-09-06 01:43:37,425 [grpc-default-executor-8] INFO  impl.FollowerInfo (FollowerInfo.java:lambda$new$0(50)) - a535f1e5-8f96-4de4-9301-2678fc073a36->aa424548-ca22-474d-89f9-384a5c0f40e5: nextIndex: updateUnconditionally 13 -> 12
2019-09-06 01:43:37,872 [EventQueue-StaleNodeForStaleNodeHandler] INFO  node.StaleNodeHandler (StaleNodeHandler.java:onMessage(58)) - Datanode adee5101-b96d-47d7-a476-4abea9874438{ip: 192.168.5.177, host: pr-hdds-2015-4zh84-2711163145, networkLocation: /default-rack, certSerialId: null} moved to stale state. Finalizing its pipelines [PipelineID=754c92af-cd0f-42fb-9cb8-813194b7863c, PipelineID=818b80cb-d5cd-4623-a13c-3d081775fc66]
2019-09-06 01:43:37,873 [EventQueue-StaleNodeForStaleNodeHandler] INFO  pipeline.SCMPipelineManager (SCMPipelineManager.java:finalizeAndDestroyPipeline(309)) - destroying pipeline:Pipeline[ Id: 754c92af-cd0f-42fb-9cb8-813194b7863c, Nodes: adee5101-b96d-47d7-a476-4abea9874438{ip: 192.168.5.177, host: pr-hdds-2015-4zh84-2711163145, networkLocation: /default-rack, certSerialId: null}a535f1e5-8f96-4de4-9301-2678fc073a36{ip: 192.168.5.177, host: pr-hdds-2015-4zh84-2711163145, networkLocation: /default-rack, certSerialId: null}aa424548-ca22-474d-89f9-384a5c0f40e5{ip: 192.168.5.177, host: pr-hdds-2015-4zh84-2711163145, networkLocation: /default-rack, certSerialId: null}, Type:RATIS, Factor:THREE, State:CLOSED]
2019-09-06 01:43:37,873 [EventQueue-StaleNodeForStaleNodeHandler] INFO  pipeline.SCMPipelineManager (SCMPipelineManager.java:finalizeAndDestroyPipeline(309)) - destroying pipeline:Pipeline[ Id: 818b80cb-d5cd-4623-a13c-3d081775fc66, Nodes: adee5101-b96d-47d7-a476-4abea9874438{ip: 192.168.5.177, host: pr-hdds-2015-4zh84-2711163145, networkLocation: /default-rack, certSerialId: null}, Type:RATIS, Factor:ONE, State:OPEN]
2019-09-06 01:43:37,873 [EventQueue-StaleNodeForStaleNodeHandler] INFO  pipeline.PipelineStateManager (PipelineStateManager.java:finalizePipeline(123)) - Pipeline Pipeline[ Id: 818b80cb-d5cd-4623-a13c-3d081775fc66, Nodes: adee5101-b96d-47d7-a476-4abea9874438{ip: 192.168.5.177, host: pr-hdds-2015-4zh84-2711163145, networkLocation: /default-rack, certSerialId: null}, Type:RATIS, Factor:ONE, State:CLOSED] moved to CLOSED state
2019-09-06 01:43:38,173 [EventQueue-StaleNodeForStaleNodeHandler] INFO  node.StaleNodeHandler (StaleNodeHandler.java:onMessage(58)) - Datanode bf2a8532-1220-4200-b318-fb6b90eae166{ip: 192.168.5.177, host: pr-hdds-2015-4zh84-2711163145, networkLocation: /default-rack, certSerialId: null} moved to stale state. Finalizing its pipelines [PipelineID=9cf40b2d-ae7f-4947-b6b2-ad32dca59e30, PipelineID=518ffdf9-a401-447b-aefc-96d265e7d882]
2019-09-06 01:43:38,173 [EventQueue-StaleNodeForStaleNodeHandler] INFO  pipeline.SCMPipelineManager (SCMPipelineManager.java:finalizeAndDestroyPipeline(309)) - destroying pipeline:Pipeline[ Id: 9cf40b2d-ae7f-4947-b6b2-ad32dca59e30, Nodes: bf2a8532-1220-4200-b318-fb6b90eae166{ip: 192.168.5.177, host: pr-hdds-2015-4zh84-2711163145, networkLocation: /default-rack, certSerialId: null}, Type:RATIS, Factor:ONE, State:OPEN]
2019-09-06 01:43:38,173 [EventQueue-StaleNodeForStaleNodeHandler] INFO  pipeline.PipelineStateManager (PipelineStateManager.java:finalizePipeline(123)) - Pipeline Pipeline[ Id: 9cf40b2d-ae7f-4947-b6b2-ad32dca59e30, Nodes: bf2a8532-1220-4200-b318-fb6b90eae166{ip: 192.168.5.177, host: pr-hdds-2015-4zh84-2711163145, networkLocation: /default-rack, certSerialId: null}, Type:RATIS, Factor:ONE, State:CLOSED] moved to CLOSED state
2019-09-06 01:43:38,174 [EventQueue-StaleNodeForStaleNodeHandler] INFO  pipeline.SCMPipelineManager (SCMPipelineManager.java:finalizeAndDestroyPipeline(309)) - destroying pipeline:Pipeline[ Id: 518ffdf9-a401-447b-aefc-96d265e7d882, Nodes: c64458b9-89a2-4fbd-af34-0ccef2a3bd5d{ip: 192.168.5.177, host: pr-hdds-2015-4zh84-2711163145, networkLocation: /default-rack, certSerialId: null}bf2a8532-1220-4200-b318-fb6b90eae166{ip: 192.168.5.177, host: pr-hdds-2015-4zh84-2711163145, networkLocation: /default-rack, certSerialId: null}8cc74702-0d34-49ac-87f2-6e0857dea810{ip: 192.168.5.177, host: pr-hdds-2015-4zh84-2711163145, networkLocation: /default-rack, certSerialId: null}, Type:RATIS, Factor:THREE, State:CLOSED]
2019-09-06 01:43:38,446 [main] INFO  ozoneimpl.OzoneContainer (OzoneContainer.java:stop(215)) - Attempting to stop container services.
2019-09-06 01:43:38,447 [main] INFO  impl.RaftServerProxy (RaftServerProxy.java:lambda$close$4(314)) - adee5101-b96d-47d7-a476-4abea9874438: close
2019-09-06 01:43:38,448 [main] INFO  impl.RaftServerImpl (RaftServerImpl.java:lambda$shutdown$3(245)) - adee5101-b96d-47d7-a476-4abea9874438: shutdown group-813194B7863C
2019-09-06 01:43:38,448 [main] INFO  util.JmxRegister (JmxRegister.java:unregister(73)) - Successfully un-registered JMX Bean with object name Ratis:service=RaftServer,group=group-813194B7863C,id=adee5101-b96d-47d7-a476-4abea9874438
2019-09-06 01:43:38,449 [main] INFO  impl.RoleInfo (RoleInfo.java:shutdownFollowerState(121)) - adee5101-b96d-47d7-a476-4abea9874438: shutdown FollowerState
2019-09-06 01:43:38,449 [main] INFO  impl.StateMachineUpdater (StateMachineUpdater.java:stopAndJoin(115)) - StateMachineUpdater:adee5101-b96d-47d7-a476-4abea9874438:group-813194B7863C: set stopIndex = 15
2019-09-06 01:43:38,449 [Thread-4745] INFO  impl.FollowerState (FollowerState.java:run(114)) - adee5101-b96d-47d7-a476-4abea9874438: FollowerState was interrupted: java.lang.InterruptedException: sleep interrupted
2019-09-06 01:43:38,449 [StateMachineUpdater:adee5101-b96d-47d7-a476-4abea9874438:group-813194B7863C] INFO  ratis.ContainerStateMachine (ContainerStateMachine.java:takeSnapshot(284)) - group-813194B7863C: Taking a snapshot at:(t:1, i:14) file /workdir/hadoop-ozone/integration-test/target/test-dir/MiniOzoneClusterImpl-f5177410-c437-49cc-94ad-c893ee7f2150/datanode-6/data/ratis/754c92af-cd0f-42fb-9cb8-813194b7863c/sm/snapshot.1_14
2019-09-06 01:43:38,482 [ForkJoinPool.commonPool-worker-1] INFO  ozoneimpl.OzoneContainer (OzoneContainer.java:stop(215)) - Attempting to stop container services.
2019-09-06 01:43:38,482 [ForkJoinPool.commonPool-worker-1] INFO  impl.RaftServerProxy (RaftServerProxy.java:lambda$close$4(314)) - bf2a8532-1220-4200-b318-fb6b90eae166: close
2019-09-06 01:43:38,483 [ForkJoinPool.commonPool-worker-1] INFO  impl.RaftServerImpl (RaftServerImpl.java:lambda$shutdown$3(245)) - bf2a8532-1220-4200-b318-fb6b90eae166: shutdown group-AD32DCA59E30
2019-09-06 01:43:38,483 [ForkJoinPool.commonPool-worker-1] INFO  util.JmxRegister (JmxRegister.java:unregister(73)) - Successfully un-registered JMX Bean with object name Ratis:service=RaftServer,group=group-AD32DCA59E30,id=bf2a8532-1220-4200-b318-fb6b90eae166
2019-09-06 01:43:38,483 [ForkJoinPool.commonPool-worker-1] INFO  impl.RoleInfo (RoleInfo.java:shutdownLeaderState(104)) - bf2a8532-1220-4200-b318-fb6b90eae166: shutdown LeaderState
2019-09-06 01:43:38,483 [ForkJoinPool.commonPool-worker-1] INFO  impl.PendingRequests (PendingRequests.java:sendNotLeaderResponses(202)) - bf2a8532-1220-4200-b318-fb6b90eae166-PendingRequests: sendNotLeaderResponses
2019-09-06 01:43:38,483 [ForkJoinPool.commonPool-worker-1] INFO  impl.StateMachineUpdater (StateMachineUpdater.java:stopAndJoin(115)) - StateMachineUpdater:bf2a8532-1220-4200-b318-fb6b90eae166:group-AD32DCA59E30: set stopIndex = 0
2019-09-06 01:43:38,484 [ForkJoinPool.commonPool-worker-1] INFO  impl.RaftServerImpl (ServerState.java:close(394)) - bf2a8532-1220-4200-b318-fb6b90eae166:group-AD32DCA59E30 closes. The last applied log index is 0
2019-09-06 01:43:38,484 [bf2a8532-1220-4200-b318-fb6b90eae166-SegmentedRaftLogWorker:Storage Directory /workdir/hadoop-ozone/integration-test/target/test-dir/MiniOzoneClusterImpl-f5177410-c437-49cc-94ad-c893ee7f2150/datanode-0/data/ratis/9cf40b2d-ae7f-4947-b6b2-ad32dca59e30] INFO  segmented.SegmentedRaftLogWorker (SegmentedRaftLogWorker.java:run(313)) - bf2a8532-1220-4200-b318-fb6b90eae166-SegmentedRaftLogWorker:Storage Directory /workdir/hadoop-ozone/integration-test/target/test-dir/MiniOzoneClusterImpl-f5177410-c437-49cc-94ad-c893ee7f2150/datanode-0/data/ratis/9cf40b2d-ae7f-4947-b6b2-ad32dca59e30 was interrupted, exiting. There are 0 tasks remaining in the queue.
2019-09-06 01:43:38,495 [ForkJoinPool.commonPool-worker-1] INFO  segmented.SegmentedRaftLogWorker (SegmentedRaftLogWorker.java:close(228)) - bf2a8532-1220-4200-b318-fb6b90eae166-SegmentedRaftLogWorker:Storage Directory /workdir/hadoop-ozone/integration-test/target/test-dir/MiniOzoneClusterImpl-f5177410-c437-49cc-94ad-c893ee7f2150/datanode-0/data/ratis/9cf40b2d-ae7f-4947-b6b2-ad32dca59e30 close()
2019-09-06 01:43:38,496 [StateMachineUpdater:adee5101-b96d-47d7-a476-4abea9874438:group-813194B7863C] INFO  ratis.ContainerStateMachine (ContainerStateMachine.java:takeSnapshot(295)) - group-813194B7863C: Finished taking a snapshot at:(t:1, i:14) file:/workdir/hadoop-ozone/integration-test/target/test-dir/MiniOzoneClusterImpl-f5177410-c437-49cc-94ad-c893ee7f2150/datanode-6/data/ratis/754c92af-cd0f-42fb-9cb8-813194b7863c/sm/snapshot.1_14 time:47
2019-09-06 01:43:38,496 [StateMachineUpdater:adee5101-b96d-47d7-a476-4abea9874438:group-813194B7863C] INFO  impl.StateMachineUpdater (StateMachineUpdater.java:takeSnapshot(242)) - StateMachineUpdater:adee5101-b96d-47d7-a476-4abea9874438:group-813194B7863C: Took a snapshot at index 14
2019-09-06 01:43:38,496 [ForkJoinPool.commonPool-worker-1] INFO  impl.RaftServerImpl (RaftServerImpl.java:lambda$shutdown$3(245)) - bf2a8532-1220-4200-b318-fb6b90eae166: shutdown group-96D265E7D882
2019-09-06 01:43:38,496 [StateMachineUpdater:adee5101-b96d-47d7-a476-4abea9874438:group-813194B7863C] INFO  impl.StateMachineUpdater (StateMachineUpdater.java:lambda$new$0(80)) - StateMachineUpdater:adee5101-b96d-47d7-a476-4abea9874438:group-813194B7863C: snapshotIndex: updateIncreasingly -1 -> 14
2019-09-06 01:43:38,496 [ForkJoinPool.commonPool-worker-1] INFO  util.JmxRegister (JmxRegister.java:unregister(73)) - Successfully un-registered JMX Bean with object name Ratis:service=RaftServer,group=group-96D265E7D882,id=bf2a8532-1220-4200-b318-fb6b90eae166
2019-09-06 01:43:38,497 [ForkJoinPool.commonPool-worker-1] INFO  impl.RoleInfo (RoleInfo.java:shutdownFollowerState(121)) - bf2a8532-1220-4200-b318-fb6b90eae166: shutdown FollowerState
2019-09-06 01:43:38,497 [main] INFO  impl.RaftServerImpl (ServerState.java:close(394)) - adee5101-b96d-47d7-a476-4abea9874438:group-813194B7863C closes. The last applied log index is 15
2019-09-06 01:43:38,497 [Thread-4719] INFO  impl.FollowerState (FollowerState.java:run(114)) - bf2a8532-1220-4200-b318-fb6b90eae166: FollowerState was interrupted: java.lang.InterruptedException: sleep interrupted
2019-09-06 01:43:38,497 [adee5101-b96d-47d7-a476-4abea9874438-SegmentedRaftLogWorker:Storage Directory /workdir/hadoop-ozone/integration-test/target/test-dir/MiniOzoneClusterImpl-f5177410-c437-49cc-94ad-c893ee7f2150/datanode-6/data/ratis/754c92af-cd0f-42fb-9cb8-813194b7863c] INFO  segmented.SegmentedRaftLogWorker (SegmentedRaftLogWorker.java:run(313)) - adee5101-b96d-47d7-a476-4abea9874438-SegmentedRaftLogWorker:Storage Directory /workdir/hadoop-ozone/integration-test/target/test-dir/MiniOzoneClusterImpl-f5177410-c437-49cc-94ad-c893ee7f2150/datanode-6/data/ratis/754c92af-cd0f-42fb-9cb8-813194b7863c was interrupted, exiting. There are 0 tasks remaining in the queue.
2019-09-06 01:43:38,497 [StateMachineUpdater:bf2a8532-1220-4200-b318-fb6b90eae166:group-96D265E7D882] INFO  ratis.ContainerStateMachine (ContainerStateMachine.java:takeSnapshot(284)) - group-96D265E7D882: Taking a snapshot at:(t:1, i:4) file /workdir/hadoop-ozone/integration-test/target/test-dir/MiniOzoneClusterImpl-f5177410-c437-49cc-94ad-c893ee7f2150/datanode-0/data/ratis/518ffdf9-a401-447b-aefc-96d265e7d882/sm/snapshot.1_4
2019-09-06 01:43:38,497 [ForkJoinPool.commonPool-worker-1] INFO  impl.StateMachineUpdater (StateMachineUpdater.java:stopAndJoin(115)) - StateMachineUpdater:bf2a8532-1220-4200-b318-fb6b90eae166:group-96D265E7D882: set stopIndex = 6
2019-09-06 01:43:38,500 [main] INFO  segmented.SegmentedRaftLogWorker (SegmentedRaftLogWorker.java:close(228)) - adee5101-b96d-47d7-a476-4abea9874438-SegmentedRaftLogWorker:Storage Directory /workdir/hadoop-ozone/integration-test/target/test-dir/MiniOzoneClusterImpl-f5177410-c437-49cc-94ad-c893ee7f2150/datanode-6/data/ratis/754c92af-cd0f-42fb-9cb8-813194b7863c close()
2019-09-06 01:43:38,501 [main] INFO  impl.RaftServerImpl (RaftServerImpl.java:lambda$shutdown$3(245)) - adee5101-b96d-47d7-a476-4abea9874438: shutdown group-3D081775FC66
2019-09-06 01:43:38,502 [main] INFO  util.JmxRegister (JmxRegister.java:unregister(73)) - Successfully un-registered JMX Bean with object name Ratis:service=RaftServer,group=group-3D081775FC66,id=adee5101-b96d-47d7-a476-4abea9874438
2019-09-06 01:43:38,502 [main] INFO  impl.RoleInfo (RoleInfo.java:shutdownLeaderState(104)) - adee5101-b96d-47d7-a476-4abea9874438: shutdown LeaderState
2019-09-06 01:43:38,503 [main] INFO  impl.PendingRequests (PendingRequests.java:sendNotLeaderResponses(202)) - adee5101-b96d-47d7-a476-4abea9874438-PendingRequests: sendNotLeaderResponses
2019-09-06 01:43:38,503 [main] INFO  impl.StateMachineUpdater (StateMachineUpdater.java:stopAndJoin(115)) - StateMachineUpdater:adee5101-b96d-47d7-a476-4abea9874438:group-3D081775FC66: set stopIndex = 0
2019-09-06 01:43:38,503 [main] INFO  impl.RaftServerImpl (ServerState.java:close(394)) - adee5101-b96d-47d7-a476-4abea9874438:group-3D081775FC66 closes. The last applied log index is 0
2019-09-06 01:43:38,504 [adee5101-b96d-47d7-a476-4abea9874438-SegmentedRaftLogWorker:Storage Directory /workdir/hadoop-ozone/integration-test/target/test-dir/MiniOzoneClusterImpl-f5177410-c437-49cc-94ad-c893ee7f2150/datanode-6/data/ratis/818b80cb-d5cd-4623-a13c-3d081775fc66] INFO  segmented.SegmentedRaftLogWorker (SegmentedRaftLogWorker.java:run(313)) - adee5101-b96d-47d7-a476-4abea9874438-SegmentedRaftLogWorker:Storage Directory /workdir/hadoop-ozone/integration-test/target/test-dir/MiniOzoneClusterImpl-f5177410-c437-49cc-94ad-c893ee7f2150/datanode-6/data/ratis/818b80cb-d5cd-4623-a13c-3d081775fc66 was interrupted, exiting. There are 0 tasks remaining in the queue.
2019-09-06 01:43:38,505 [main] INFO  segmented.SegmentedRaftLogWorker (SegmentedRaftLogWorker.java:close(228)) - adee5101-b96d-47d7-a476-4abea9874438-SegmentedRaftLogWorker:Storage Directory /workdir/hadoop-ozone/integration-test/target/test-dir/MiniOzoneClusterImpl-f5177410-c437-49cc-94ad-c893ee7f2150/datanode-6/data/ratis/818b80cb-d5cd-4623-a13c-3d081775fc66 close()
2019-09-06 01:43:38,512 [main] INFO  server.GrpcService (GrpcService.java:closeImpl(155)) - adee5101-b96d-47d7-a476-4abea9874438: shutdown server with port 46866 now
2019-09-06 01:43:38,513 [grpc-default-executor-2] WARN  server.GrpcServerProtocolService (LogUtils.java:warn(134)) - adee5101-b96d-47d7-a476-4abea9874438: appendEntries onError: org.apache.ratis.thirdparty.io.grpc.StatusRuntimeException: CANCELLED: cancelled before receiving half close
2019-09-06 01:43:38,513 [main] INFO  server.GrpcService (GrpcService.java:closeImpl(163)) - adee5101-b96d-47d7-a476-4abea9874438: shutdown server with port 46866 successfully
2019-09-06 01:43:38,513 [grpc-default-executor-8] WARN  server.GrpcLogAppender (LogUtils.java:warn(134)) - a535f1e5-8f96-4de4-9301-2678fc073a36->adee5101-b96d-47d7-a476-4abea9874438: Failed appendEntries: org.apache.ratis.thirdparty.io.grpc.StatusRuntimeException: CANCELLED: HTTP/2 error code: CANCEL
Received Rst Stream
2019-09-06 01:43:38,514 [grpc-default-executor-8] INFO  impl.FollowerInfo (FollowerInfo.java:lambda$new$0(50)) - a535f1e5-8f96-4de4-9301-2678fc073a36->adee5101-b96d-47d7-a476-4abea9874438: nextIndex: updateUnconditionally 16 -> 15
2019-09-06 01:43:38,525 [refreshUsed-/workdir/hadoop-ozone/integration-test/target/test-dir/MiniOzoneClusterImpl-f5177410-c437-49cc-94ad-c893ee7f2150/datanode-6/data/containers] WARN  fs.CachingGetSpaceUsed (CachingGetSpaceUsed.java:run(183)) - Thread Interrupted waiting to refresh disk information: sleep interrupted
2019-09-06 01:43:38,526 [StateMachineUpdater:bf2a8532-1220-4200-b318-fb6b90eae166:group-96D265E7D882] INFO  ratis.ContainerStateMachine (ContainerStateMachine.java:takeSnapshot(295)) - group-96D265E7D882: Finished taking a snapshot at:(t:1, i:4) file:/workdir/hadoop-ozone/integration-test/target/test-dir/MiniOzoneClusterImpl-f5177410-c437-49cc-94ad-c893ee7f2150/datanode-0/data/ratis/518ffdf9-a401-447b-aefc-96d265e7d882/sm/snapshot.1_4 time:28
2019-09-06 01:43:38,526 [StateMachineUpdater:bf2a8532-1220-4200-b318-fb6b90eae166:group-96D265E7D882] INFO  impl.StateMachineUpdater (StateMachineUpdater.java:takeSnapshot(242)) - StateMachineUpdater:bf2a8532-1220-4200-b318-fb6b90eae166:group-96D265E7D882: Took a snapshot at index 4
2019-09-06 01:43:38,526 [StateMachineUpdater:bf2a8532-1220-4200-b318-fb6b90eae166:group-96D265E7D882] INFO  impl.StateMachineUpdater (StateMachineUpdater.java:lambda$new$0(80)) - StateMachineUpdater:bf2a8532-1220-4200-b318-fb6b90eae166:group-96D265E7D882: snapshotIndex: updateIncreasingly -1 -> 4
2019-09-06 01:43:38,526 [ForkJoinPool.commonPool-worker-1] INFO  impl.RaftServerImpl (ServerState.java:close(394)) - bf2a8532-1220-4200-b318-fb6b90eae166:group-96D265E7D882 closes. The last applied log index is 6
2019-09-06 01:43:38,527 [bf2a8532-1220-4200-b318-fb6b90eae166-SegmentedRaftLogWorker:Storage Directory /workdir/hadoop-ozone/integration-test/target/test-dir/MiniOzoneClusterImpl-f5177410-c437-49cc-94ad-c893ee7f2150/datanode-0/data/ratis/518ffdf9-a401-447b-aefc-96d265e7d882] INFO  segmented.SegmentedRaftLogWorker (SegmentedRaftLogWorker.java:run(313)) - bf2a8532-1220-4200-b318-fb6b90eae166-SegmentedRaftLogWorker:Storage Directory /workdir/hadoop-ozone/integration-test/target/test-dir/MiniOzoneClusterImpl-f5177410-c437-49cc-94ad-c893ee7f2150/datanode-0/data/ratis/518ffdf9-a401-447b-aefc-96d265e7d882 was interrupted, exiting. There are 0 tasks remaining in the queue.
2019-09-06 01:43:38,527 [ForkJoinPool.commonPool-worker-1] INFO  segmented.SegmentedRaftLogWorker (SegmentedRaftLogWorker.java:close(228)) - bf2a8532-1220-4200-b318-fb6b90eae166-SegmentedRaftLogWorker:Storage Directory /workdir/hadoop-ozone/integration-test/target/test-dir/MiniOzoneClusterImpl-f5177410-c437-49cc-94ad-c893ee7f2150/datanode-0/data/ratis/518ffdf9-a401-447b-aefc-96d265e7d882 close()
2019-09-06 01:43:38,527 [ForkJoinPool.commonPool-worker-1] INFO  server.GrpcService (GrpcService.java:closeImpl(155)) - bf2a8532-1220-4200-b318-fb6b90eae166: shutdown server with port 38152 now
2019-09-06 01:43:38,528 [ForkJoinPool.commonPool-worker-1] INFO  server.GrpcService (GrpcService.java:closeImpl(163)) - bf2a8532-1220-4200-b318-fb6b90eae166: shutdown server with port 38152 successfully
2019-09-06 01:43:38,531 [refreshUsed-/workdir/hadoop-ozone/integration-test/target/test-dir/MiniOzoneClusterImpl-f5177410-c437-49cc-94ad-c893ee7f2150/datanode-0/data/containers] WARN  fs.CachingGetSpaceUsed (CachingGetSpaceUsed.java:run(183)) - Thread Interrupted waiting to refresh disk information: sleep interrupted
2019-09-06 01:43:38,542 [main] INFO  utils.BackgroundService (BackgroundService.java:shutdown(148)) - Shutting down service BlockDeletingService
2019-09-06 01:43:38,546 [main] INFO  statemachine.DatanodeStateMachine (DatanodeStateMachine.java:stopDaemon(395)) - Ozone container server stopped.
2019-09-06 01:43:38,547 [main] INFO  handler.ContextHandler (ContextHandler.java:doStop(910)) - Stopped o.e.j.w.WebAppContext@7df4709e{/,null,UNAVAILABLE}{/hddsDatanode}
2019-09-06 01:43:38,548 [main] INFO  server.AbstractConnector (AbstractConnector.java:doStop(318)) - Stopped ServerConnector@2bfa17b0{HTTP/1.1,[http/1.1]}{0.0.0.0:0}
2019-09-06 01:43:38,548 [main] INFO  handler.ContextHandler (ContextHandler.java:doStop(910)) - Stopped o.e.j.s.ServletContextHandler@69f9b561{/static,jar:file:/home/user/.m2/repository/org/apache/hadoop/hadoop-hdds-container-service/0.5.0-SNAPSHOT/hadoop-hdds-container-service-0.5.0-SNAPSHOT.jar!/webapps/static,UNAVAILABLE}
2019-09-06 01:43:38,548 [main] INFO  handler.ContextHandler (ContextHandler.java:doStop(910)) - Stopped o.e.j.s.ServletContextHandler@1573e8a5{/logs,file:///workdir/hadoop-ozone/integration-test/target/log,UNAVAILABLE}
2019-09-06 01:43:38,550 [ForkJoinPool.commonPool-worker-1] INFO  utils.BackgroundService (BackgroundService.java:shutdown(148)) - Shutting down service BlockDeletingService
2019-09-06 01:43:38,552 [ForkJoinPool.commonPool-worker-1] INFO  statemachine.DatanodeStateMachine (DatanodeStateMachine.java:stopDaemon(395)) - Ozone container server stopped.
2019-09-06 01:43:38,556 [ForkJoinPool.commonPool-worker-1] INFO  handler.ContextHandler (ContextHandler.java:doStop(910)) - Stopped o.e.j.w.WebAppContext@3a5b7d7e{/,null,UNAVAILABLE}{/hddsDatanode}
2019-09-06 01:43:38,556 [ForkJoinPool.commonPool-worker-1] INFO  server.AbstractConnector (AbstractConnector.java:doStop(318)) - Stopped ServerConnector@13cc31ae{HTTP/1.1,[http/1.1]}{0.0.0.0:0}
2019-09-06 01:43:38,557 [ForkJoinPool.commonPool-worker-1] INFO  handler.ContextHandler (ContextHandler.java:doStop(910)) - Stopped o.e.j.s.ServletContextHandler@1bfa5a13{/static,jar:file:/home/user/.m2/repository/org/apache/hadoop/hadoop-hdds-container-service/0.5.0-SNAPSHOT/hadoop-hdds-container-service-0.5.0-SNAPSHOT.jar!/webapps/static,UNAVAILABLE}
2019-09-06 01:43:38,557 [ForkJoinPool.commonPool-worker-1] INFO  handler.ContextHandler (ContextHandler.java:doStop(910)) - Stopped o.e.j.s.ServletContextHandler@690df641{/logs,file:///workdir/hadoop-ozone/integration-test/target/log,UNAVAILABLE}
2019-09-06 01:43:38,954 [Datanode State Machine Thread - 0] INFO  statemachine.DatanodeStateMachine (DatanodeStateMachine.java:lambda$startDaemon$0(350)) - Ozone container server started.
2019-09-06 01:43:39,922 [grpc-default-executor-5] WARN  server.GrpcLogAppender (LogUtils.java:warn(134)) - a535f1e5-8f96-4de4-9301-2678fc073a36->adee5101-b96d-47d7-a476-4abea9874438: Failed appendEntries: org.apache.ratis.thirdparty.io.grpc.StatusRuntimeException: UNAVAILABLE: io exception
2019-09-06 01:43:39,922 [grpc-default-executor-5] INFO  impl.FollowerInfo (FollowerInfo.java:lambda$new$0(50)) - a535f1e5-8f96-4de4-9301-2678fc073a36->adee5101-b96d-47d7-a476-4abea9874438: nextIndex: updateUnconditionally 15 -> 14
2019-09-06 01:43:39,924 [grpc-default-executor-2] WARN  server.GrpcLogAppender (LogUtils.java:warn(134)) - a535f1e5-8f96-4de4-9301-2678fc073a36->aa424548-ca22-474d-89f9-384a5c0f40e5: Failed appendEntries: org.apache.ratis.thirdparty.io.grpc.StatusRuntimeException: UNAVAILABLE: io exception
2019-09-06 01:43:39,924 [grpc-default-executor-2] INFO  impl.FollowerInfo (FollowerInfo.java:lambda$new$0(50)) - a535f1e5-8f96-4de4-9301-2678fc073a36->aa424548-ca22-474d-89f9-384a5c0f40e5: nextIndex: updateUnconditionally 12 -> 11
2019-09-06 01:43:42,426 [grpc-default-executor-8] WARN  server.GrpcLogAppender (LogUtils.java:warn(134)) - a535f1e5-8f96-4de4-9301-2678fc073a36->aa424548-ca22-474d-89f9-384a5c0f40e5: Failed appendEntries: org.apache.ratis.thirdparty.io.grpc.StatusRuntimeException: UNAVAILABLE: io exception
2019-09-06 01:43:42,426 [grpc-default-executor-9] WARN  server.GrpcLogAppender (LogUtils.java:warn(134)) - a535f1e5-8f96-4de4-9301-2678fc073a36->adee5101-b96d-47d7-a476-4abea9874438: Failed appendEntries: org.apache.ratis.thirdparty.io.grpc.StatusRuntimeException: UNAVAILABLE: io exception
2019-09-06 01:43:42,427 [grpc-default-executor-8] INFO  impl.FollowerInfo (FollowerInfo.java:lambda$new$0(50)) - a535f1e5-8f96-4de4-9301-2678fc073a36->aa424548-ca22-474d-89f9-384a5c0f40e5: nextIndex: updateUnconditionally 11 -> 10
2019-09-06 01:43:42,427 [grpc-default-executor-9] INFO  impl.FollowerInfo (FollowerInfo.java:lambda$new$0(50)) - a535f1e5-8f96-4de4-9301-2678fc073a36->adee5101-b96d-47d7-a476-4abea9874438: nextIndex: updateUnconditionally 14 -> 13
2019-09-06 01:43:42,980 [EventQueue-StaleNodeForStaleNodeHandler] INFO  node.StaleNodeHandler (StaleNodeHandler.java:onMessage(58)) - Datanode a535f1e5-8f96-4de4-9301-2678fc073a36{ip: 192.168.5.177, host: pr-hdds-2015-4zh84-2711163145, networkLocation: /default-rack, certSerialId: null} moved to stale state. Finalizing its pipelines [PipelineID=74e094ac-f1b5-44a7-a6ef-c5c79dc12fe2, PipelineID=754c92af-cd0f-42fb-9cb8-813194b7863c]
2019-09-06 01:43:42,980 [EventQueue-StaleNodeForStaleNodeHandler] INFO  pipeline.SCMPipelineManager (SCMPipelineManager.java:finalizeAndDestroyPipeline(309)) - destroying pipeline:Pipeline[ Id: 74e094ac-f1b5-44a7-a6ef-c5c79dc12fe2, Nodes: a535f1e5-8f96-4de4-9301-2678fc073a36{ip: 192.168.5.177, host: pr-hdds-2015-4zh84-2711163145, networkLocation: /default-rack, certSerialId: null}, Type:RATIS, Factor:ONE, State:OPEN]
2019-09-06 01:43:42,980 [EventQueue-StaleNodeForStaleNodeHandler] INFO  pipeline.PipelineStateManager (PipelineStateManager.java:finalizePipeline(123)) - Pipeline Pipeline[ Id: 74e094ac-f1b5-44a7-a6ef-c5c79dc12fe2, Nodes: a535f1e5-8f96-4de4-9301-2678fc073a36{ip: 192.168.5.177, host: pr-hdds-2015-4zh84-2711163145, networkLocation: /default-rack, certSerialId: null}, Type:RATIS, Factor:ONE, State:CLOSED] moved to CLOSED state
2019-09-06 01:43:42,981 [EventQueue-StaleNodeForStaleNodeHandler] INFO  pipeline.SCMPipelineManager (SCMPipelineManager.java:finalizeAndDestroyPipeline(309)) - destroying pipeline:Pipeline[ Id: 754c92af-cd0f-42fb-9cb8-813194b7863c, Nodes: adee5101-b96d-47d7-a476-4abea9874438{ip: 192.168.5.177, host: pr-hdds-2015-4zh84-2711163145, networkLocation: /default-rack, certSerialId: null}a535f1e5-8f96-4de4-9301-2678fc073a36{ip: 192.168.5.177, host: pr-hdds-2015-4zh84-2711163145, networkLocation: /default-rack, certSerialId: null}aa424548-ca22-474d-89f9-384a5c0f40e5{ip: 192.168.5.177, host: pr-hdds-2015-4zh84-2711163145, networkLocation: /default-rack, certSerialId: null}, Type:RATIS, Factor:THREE, State:CLOSED]
2019-09-06 01:43:43,550 [main] INFO  ozoneimpl.OzoneContainer (OzoneContainer.java:stop(215)) - Attempting to stop container services.
2019-09-06 01:43:43,551 [main] INFO  impl.RaftServerProxy (RaftServerProxy.java:lambda$close$4(314)) - a535f1e5-8f96-4de4-9301-2678fc073a36: close
2019-09-06 01:43:43,551 [main] INFO  impl.RaftServerImpl (RaftServerImpl.java:lambda$shutdown$3(245)) - a535f1e5-8f96-4de4-9301-2678fc073a36: shutdown group-C5C79DC12FE2
2019-09-06 01:43:43,552 [main] INFO  util.JmxRegister (JmxRegister.java:unregister(73)) - Successfully un-registered JMX Bean with object name Ratis:service=RaftServer,group=group-C5C79DC12FE2,id=a535f1e5-8f96-4de4-9301-2678fc073a36
2019-09-06 01:43:43,553 [main] INFO  impl.RoleInfo (RoleInfo.java:shutdownLeaderState(104)) - a535f1e5-8f96-4de4-9301-2678fc073a36: shutdown LeaderState
2019-09-06 01:43:43,553 [main] INFO  impl.PendingRequests (PendingRequests.java:sendNotLeaderResponses(202)) - a535f1e5-8f96-4de4-9301-2678fc073a36-PendingRequests: sendNotLeaderResponses
2019-09-06 01:43:43,554 [main] INFO  impl.StateMachineUpdater (StateMachineUpdater.java:stopAndJoin(115)) - StateMachineUpdater:a535f1e5-8f96-4de4-9301-2678fc073a36:group-C5C79DC12FE2: set stopIndex = 0
2019-09-06 01:43:43,554 [main] INFO  impl.RaftServerImpl (ServerState.java:close(394)) - a535f1e5-8f96-4de4-9301-2678fc073a36:group-C5C79DC12FE2 closes. The last applied log index is 0
2019-09-06 01:43:43,554 [a535f1e5-8f96-4de4-9301-2678fc073a36-SegmentedRaftLogWorker:Storage Directory /workdir/hadoop-ozone/integration-test/target/test-dir/MiniOzoneClusterImpl-f5177410-c437-49cc-94ad-c893ee7f2150/datanode-5/data/ratis/74e094ac-f1b5-44a7-a6ef-c5c79dc12fe2] INFO  segmented.SegmentedRaftLogWorker (SegmentedRaftLogWorker.java:run(313)) - a535f1e5-8f96-4de4-9301-2678fc073a36-SegmentedRaftLogWorker:Storage Directory /workdir/hadoop-ozone/integration-test/target/test-dir/MiniOzoneClusterImpl-f5177410-c437-49cc-94ad-c893ee7f2150/datanode-5/data/ratis/74e094ac-f1b5-44a7-a6ef-c5c79dc12fe2 was interrupted, exiting. There are 0 tasks remaining in the queue.
2019-09-06 01:43:43,555 [main] INFO  segmented.SegmentedRaftLogWorker (SegmentedRaftLogWorker.java:close(228)) - a535f1e5-8f96-4de4-9301-2678fc073a36-SegmentedRaftLogWorker:Storage Directory /workdir/hadoop-ozone/integration-test/target/test-dir/MiniOzoneClusterImpl-f5177410-c437-49cc-94ad-c893ee7f2150/datanode-5/data/ratis/74e094ac-f1b5-44a7-a6ef-c5c79dc12fe2 close()
2019-09-06 01:43:43,555 [main] INFO  impl.RaftServerImpl (RaftServerImpl.java:lambda$shutdown$3(245)) - a535f1e5-8f96-4de4-9301-2678fc073a36: shutdown group-813194B7863C
2019-09-06 01:43:43,555 [main] INFO  util.JmxRegister (JmxRegister.java:unregister(73)) - Successfully un-registered JMX Bean with object name Ratis:service=RaftServer,group=group-813194B7863C,id=a535f1e5-8f96-4de4-9301-2678fc073a36
2019-09-06 01:43:43,556 [main] INFO  impl.RoleInfo (RoleInfo.java:shutdownLeaderState(104)) - a535f1e5-8f96-4de4-9301-2678fc073a36: shutdown LeaderState
2019-09-06 01:43:43,558 [org.apache.ratis.server.impl.LogAppender$AppenderDaemon$$Lambda$479/441325125@200baaa2] WARN  server.GrpcLogAppender (GrpcLogAppender.java:mayWait(143)) - GrpcLogAppender(a535f1e5-8f96-4de4-9301-2678fc073a36->adee5101-b96d-47d7-a476-4abea9874438): Wait interrupted by java.lang.InterruptedException
2019-09-06 01:43:43,558 [org.apache.ratis.server.impl.LogAppender$AppenderDaemon$$Lambda$479/441325125@650930c7] WARN  server.GrpcLogAppender (GrpcLogAppender.java:mayWait(143)) - GrpcLogAppender(a535f1e5-8f96-4de4-9301-2678fc073a36->aa424548-ca22-474d-89f9-384a5c0f40e5): Wait interrupted by java.lang.InterruptedException
2019-09-06 01:43:43,558 [main] INFO  impl.PendingRequests (PendingRequests.java:sendNotLeaderResponses(202)) - a535f1e5-8f96-4de4-9301-2678fc073a36-PendingRequests: sendNotLeaderResponses
2019-09-06 01:43:43,560 [main] INFO  impl.StateMachineUpdater (StateMachineUpdater.java:stopAndJoin(115)) - StateMachineUpdater:a535f1e5-8f96-4de4-9301-2678fc073a36:group-813194B7863C: set stopIndex = 15
2019-09-06 01:43:43,560 [StateMachineUpdater:a535f1e5-8f96-4de4-9301-2678fc073a36:group-813194B7863C] INFO  ratis.ContainerStateMachine (ContainerStateMachine.java:takeSnapshot(284)) - group-813194B7863C: Taking a snapshot at:(t:1, i:15) file /workdir/hadoop-ozone/integration-test/target/test-dir/MiniOzoneClusterImpl-f5177410-c437-49cc-94ad-c893ee7f2150/datanode-5/data/ratis/754c92af-cd0f-42fb-9cb8-813194b7863c/sm/snapshot.1_15
2019-09-06 01:43:43,599 [StateMachineUpdater:a535f1e5-8f96-4de4-9301-2678fc073a36:group-813194B7863C] INFO  ratis.ContainerStateMachine (ContainerStateMachine.java:takeSnapshot(295)) - group-813194B7863C: Finished taking a snapshot at:(t:1, i:15) file:/workdir/hadoop-ozone/integration-test/target/test-dir/MiniOzoneClusterImpl-f5177410-c437-49cc-94ad-c893ee7f2150/datanode-5/data/ratis/754c92af-cd0f-42fb-9cb8-813194b7863c/sm/snapshot.1_15 time:39
2019-09-06 01:43:43,599 [StateMachineUpdater:a535f1e5-8f96-4de4-9301-2678fc073a36:group-813194B7863C] INFO  impl.StateMachineUpdater (StateMachineUpdater.java:takeSnapshot(242)) - StateMachineUpdater:a535f1e5-8f96-4de4-9301-2678fc073a36:group-813194B7863C: Took a snapshot at index 15
2019-09-06 01:43:43,600 [StateMachineUpdater:a535f1e5-8f96-4de4-9301-2678fc073a36:group-813194B7863C] INFO  impl.StateMachineUpdater (StateMachineUpdater.java:lambda$new$0(80)) - StateMachineUpdater:a535f1e5-8f96-4de4-9301-2678fc073a36:group-813194B7863C: snapshotIndex: updateIncreasingly -1 -> 15
2019-09-06 01:43:43,600 [main] INFO  impl.RaftServerImpl (ServerState.java:close(394)) - a535f1e5-8f96-4de4-9301-2678fc073a36:group-813194B7863C closes. The last applied log index is 15
2019-09-06 01:43:43,601 [a535f1e5-8f96-4de4-9301-2678fc073a36-SegmentedRaftLogWorker:Storage Directory /workdir/hadoop-ozone/integration-test/target/test-dir/MiniOzoneClusterImpl-f5177410-c437-49cc-94ad-c893ee7f2150/datanode-5/data/ratis/754c92af-cd0f-42fb-9cb8-813194b7863c] INFO  segmented.SegmentedRaftLogWorker (SegmentedRaftLogWorker.java:run(313)) - a535f1e5-8f96-4de4-9301-2678fc073a36-SegmentedRaftLogWorker:Storage Directory /workdir/hadoop-ozone/integration-test/target/test-dir/MiniOzoneClusterImpl-f5177410-c437-49cc-94ad-c893ee7f2150/datanode-5/data/ratis/754c92af-cd0f-42fb-9cb8-813194b7863c was interrupted, exiting. There are 0 tasks remaining in the queue.
2019-09-06 01:43:43,601 [main] INFO  segmented.SegmentedRaftLogWorker (SegmentedRaftLogWorker.java:close(228)) - a535f1e5-8f96-4de4-9301-2678fc073a36-SegmentedRaftLogWorker:Storage Directory /workdir/hadoop-ozone/integration-test/target/test-dir/MiniOzoneClusterImpl-f5177410-c437-49cc-94ad-c893ee7f2150/datanode-5/data/ratis/754c92af-cd0f-42fb-9cb8-813194b7863c close()
2019-09-06 01:43:43,602 [main] INFO  server.GrpcService (GrpcService.java:closeImpl(155)) - a535f1e5-8f96-4de4-9301-2678fc073a36: shutdown server with port 33796 now
2019-09-06 01:43:43,603 [grpc-default-executor-8] WARN  client.GrpcClientProtocolService (LogUtils.java:warn(134)) - 2-UnorderedRequestStreamObserver2: onError: org.apache.ratis.thirdparty.io.grpc.StatusRuntimeException: CANCELLED: cancelled before receiving half close
2019-09-06 01:43:43,603 [main] INFO  server.GrpcService (GrpcService.java:closeImpl(163)) - a535f1e5-8f96-4de4-9301-2678fc073a36: shutdown server with port 33796 successfully
2019-09-06 01:43:43,606 [refreshUsed-/workdir/hadoop-ozone/integration-test/target/test-dir/MiniOzoneClusterImpl-f5177410-c437-49cc-94ad-c893ee7f2150/datanode-5/data/containers] WARN  fs.CachingGetSpaceUsed (CachingGetSpaceUsed.java:run(183)) - Thread Interrupted waiting to refresh disk information: sleep interrupted
2019-09-06 01:43:43,619 [main] INFO  utils.BackgroundService (BackgroundService.java:shutdown(148)) - Shutting down service BlockDeletingService
2019-09-06 01:43:43,622 [main] INFO  statemachine.DatanodeStateMachine (DatanodeStateMachine.java:stopDaemon(395)) - Ozone container server stopped.
2019-09-06 01:43:43,623 [main] INFO  handler.ContextHandler (ContextHandler.java:doStop(910)) - Stopped o.e.j.w.WebAppContext@1fee4278{/,null,UNAVAILABLE}{/hddsDatanode}
2019-09-06 01:43:43,624 [main] INFO  server.AbstractConnector (AbstractConnector.java:doStop(318)) - Stopped ServerConnector@51132514{HTTP/1.1,[http/1.1]}{0.0.0.0:0}
2019-09-06 01:43:43,624 [main] INFO  handler.ContextHandler (ContextHandler.java:doStop(910)) - Stopped o.e.j.s.ServletContextHandler@7bbdb220{/static,jar:file:/home/user/.m2/repository/org/apache/hadoop/hadoop-hdds-container-service/0.5.0-SNAPSHOT/hadoop-hdds-container-service-0.5.0-SNAPSHOT.jar!/webapps/static,UNAVAILABLE}
2019-09-06 01:43:43,624 [main] INFO  handler.ContextHandler (ContextHandler.java:doStop(910)) - Stopped o.e.j.s.ServletContextHandler@145e958f{/logs,file:///workdir/hadoop-ozone/integration-test/target/log,UNAVAILABLE}
2019-09-06 01:43:43,625 [main] INFO  ozone.MiniOzoneClusterImpl (MiniOzoneClusterImpl.java:stop(339)) - Stopping the StorageContainerManager
2019-09-06 01:43:43,625 [main] INFO  server.StorageContainerManager (StorageContainerManager.java:stop(797)) - Stopping Replication Manager Service.
2019-09-06 01:43:43,625 [main] INFO  container.ReplicationManager (ReplicationManager.java:stop(203)) - Stopping Replication Monitor Thread.
2019-09-06 01:43:43,625 [main] INFO  server.StorageContainerManager (StorageContainerManager.java:stop(804)) - Stopping Lease Manager of the command watchers
2019-09-06 01:43:43,626 [main] INFO  server.StorageContainerManager (StorageContainerManager.java:stop(811)) - Stopping datanode service RPC server
2019-09-06 01:43:43,626 [main] INFO  server.SCMDatanodeProtocolServer (SCMDatanodeProtocolServer.java:stop(367)) - Stopping the RPC server for DataNodes
2019-09-06 01:43:43,626 [main] INFO  ipc.Server (Server.java:stop(3082)) - Stopping server on 32905
2019-09-06 01:43:43,628 [IPC Server listener on 32905] INFO  ipc.Server (Server.java:run(1185)) - Stopping IPC Server listener on 32905
2019-09-06 01:43:43,628 [IPC Server Responder] INFO  ipc.Server (Server.java:run(1319)) - Stopping IPC Server Responder
2019-09-06 01:43:43,681 [SCM Heartbeat Processing Thread - 0] WARN  node.NodeStateManager (NodeStateManager.java:scheduleNextHealthCheck(646)) - Current Thread is interrupted, shutting down HB processing thread for Node Manager.
2019-09-06 01:43:43,681 [main] INFO  server.StorageContainerManager (StorageContainerManager.java:stop(819)) - Stopping block service RPC server
2019-09-06 01:43:43,681 [main] INFO  server.SCMBlockProtocolServer (SCMBlockProtocolServer.java:stop(155)) - Stopping the RPC server for Block Protocol
2019-09-06 01:43:43,681 [main] INFO  ipc.Server (Server.java:stop(3082)) - Stopping server on 41413
2019-09-06 01:43:43,684 [IPC Server listener on 41413] INFO  ipc.Server (Server.java:run(1185)) - Stopping IPC Server listener on 41413
2019-09-06 01:43:43,684 [IPC Server Responder] INFO  ipc.Server (Server.java:run(1319)) - Stopping IPC Server Responder
2019-09-06 01:43:43,684 [main] INFO  server.StorageContainerManager (StorageContainerManager.java:stop(826)) - Stopping the StorageContainerLocationProtocol RPC server
2019-09-06 01:43:43,684 [main] INFO  server.SCMClientProtocolServer (SCMClientProtocolServer.java:stop(159)) - Stopping the RPC server for Client Protocol
2019-09-06 01:43:43,684 [main] INFO  ipc.Server (Server.java:stop(3082)) - Stopping server on 41407
2019-09-06 01:43:43,686 [IPC Server listener on 41407] INFO  ipc.Server (Server.java:run(1185)) - Stopping IPC Server listener on 41407
2019-09-06 01:43:43,686 [IPC Server Responder] INFO  ipc.Server (Server.java:run(1319)) - Stopping IPC Server Responder
2019-09-06 01:43:43,686 [main] INFO  server.StorageContainerManager (StorageContainerManager.java:stop(833)) - Stopping Storage Container Manager HTTP server.
2019-09-06 01:43:43,688 [main] INFO  handler.ContextHandler (ContextHandler.java:doStop(910)) - Stopped o.e.j.w.WebAppContext@71f0806b{/,null,UNAVAILABLE}{/scm}
2019-09-06 01:43:43,689 [main] INFO  server.AbstractConnector (AbstractConnector.java:doStop(318)) - Stopped ServerConnector@49889154{HTTP/1.1,[http/1.1]}{0.0.0.0:0}
2019-09-06 01:43:43,689 [main] INFO  handler.ContextHandler (ContextHandler.java:doStop(910)) - Stopped o.e.j.s.ServletContextHandler@340c5fb6{/static,file:///workdir/hadoop-ozone/integration-test/target/test-classes/webapps/static,UNAVAILABLE}
2019-09-06 01:43:43,689 [main] INFO  handler.ContextHandler (ContextHandler.java:doStop(910)) - Stopped o.e.j.s.ServletContextHandler@56c42964{/logs,file:///workdir/hadoop-ozone/integration-test/target/log,UNAVAILABLE}
2019-09-06 01:43:43,690 [main] INFO  server.StorageContainerManager (StorageContainerManager.java:stop(844)) - Stopping Block Manager Service.
2019-09-06 01:43:43,691 [main] INFO  utils.BackgroundService (BackgroundService.java:shutdown(148)) - Shutting down service SCMBlockDeletingService
2019-09-06 01:43:43,691 [main] INFO  utils.BackgroundService (BackgroundService.java:shutdown(148)) - Shutting down service SCMBlockDeletingService
2019-09-06 01:43:43,691 [main] INFO  server.StorageContainerManager (StorageContainerManager.java:stop(866)) - Stopping SCM Event Queue.
2019-09-06 01:43:43,696 [main] INFO  impl.MetricsSystemImpl (MetricsSystemImpl.java:stop(210)) - Stopping HddsDatanode metrics system...
2019-09-06 01:43:43,710 [main] INFO  impl.MetricsSystemImpl (MetricsSystemImpl.java:stop(216)) - HddsDatanode metrics system stopped.
]]></system-out>
    <system-err><![CDATA[Sep 06, 2019 1:43:11 AM org.apache.ratis.thirdparty.io.grpc.internal.ManagedChannelOrphanWrapper$ManagedChannelReference cleanQueue
SEVERE: *~*~*~ Channel ManagedChannelImpl{logId=3351, target=192.168.5.177:37708} was not shutdown properly!!! ~*~*~*
    Make sure to call shutdown()/shutdownNow() and wait until awaitTermination() returns true.
java.lang.RuntimeException: ManagedChannel allocation site
	at org.apache.ratis.thirdparty.io.grpc.internal.ManagedChannelOrphanWrapper$ManagedChannelReference.<init>(ManagedChannelOrphanWrapper.java:103)
	at org.apache.ratis.thirdparty.io.grpc.internal.ManagedChannelOrphanWrapper.<init>(ManagedChannelOrphanWrapper.java:53)
	at org.apache.ratis.thirdparty.io.grpc.internal.ManagedChannelOrphanWrapper.<init>(ManagedChannelOrphanWrapper.java:44)
	at org.apache.ratis.thirdparty.io.grpc.internal.AbstractManagedChannelImplBuilder.build(AbstractManagedChannelImplBuilder.java:411)
	at org.apache.hadoop.hdds.scm.XceiverClientGrpc.connectToDatanode(XceiverClientGrpc.java:175)
	at org.apache.hadoop.hdds.scm.XceiverClientGrpc.reconnect(XceiverClientGrpc.java:423)
	at org.apache.hadoop.hdds.scm.XceiverClientGrpc.sendCommandAsync(XceiverClientGrpc.java:372)
	at org.apache.hadoop.hdds.scm.XceiverClientGrpc.sendCommandWithRetry(XceiverClientGrpc.java:285)
	at org.apache.hadoop.hdds.scm.XceiverClientGrpc.sendCommandWithTraceIDAndRetry(XceiverClientGrpc.java:251)
	at org.apache.hadoop.hdds.scm.XceiverClientGrpc.sendCommand(XceiverClientGrpc.java:234)
	at org.apache.hadoop.hdds.scm.storage.ContainerProtocolCalls.readChunk(ContainerProtocolCalls.java:245)
	at org.apache.hadoop.hdds.scm.storage.ChunkInputStream.readChunk(ChunkInputStream.java:335)
	at org.apache.hadoop.hdds.scm.storage.ChunkInputStream.readChunkFromContainer(ChunkInputStream.java:307)
	at org.apache.hadoop.hdds.scm.storage.ChunkInputStream.prepareRead(ChunkInputStream.java:259)
	at org.apache.hadoop.hdds.scm.storage.ChunkInputStream.read(ChunkInputStream.java:144)
	at org.apache.hadoop.hdds.scm.storage.BlockInputStream.read(BlockInputStream.java:239)
	at org.apache.hadoop.ozone.client.io.KeyInputStream.read(KeyInputStream.java:171)
	at org.apache.hadoop.ozone.client.io.OzoneInputStream.read(OzoneInputStream.java:47)
	at java.io.InputStream.read(InputStream.java:101)
	at org.apache.hadoop.ozone.container.ContainerTestHelper.validateData(ContainerTestHelper.java:714)
	at org.apache.hadoop.ozone.client.rpc.TestBlockOutputStreamWithFailures.validateData(TestBlockOutputStreamWithFailures.java:1216)
	at org.apache.hadoop.ozone.client.rpc.TestBlockOutputStreamWithFailures.testWatchForCommitWithCloseContainerException(TestBlockOutputStreamWithFailures.java:260)
	at sun.reflect.NativeMethodAccessorImpl.invoke0(Native Method)
	at sun.reflect.NativeMethodAccessorImpl.invoke(NativeMethodAccessorImpl.java:62)
	at sun.reflect.DelegatingMethodAccessorImpl.invoke(DelegatingMethodAccessorImpl.java:43)
	at java.lang.reflect.Method.invoke(Method.java:498)
	at org.junit.runners.model.FrameworkMethod$1.runReflectiveCall(FrameworkMethod.java:47)
	at org.junit.internal.runners.model.ReflectiveCallable.run(ReflectiveCallable.java:12)
	at org.junit.runners.model.FrameworkMethod.invokeExplosively(FrameworkMethod.java:44)
	at org.junit.internal.runners.statements.InvokeMethod.evaluate(InvokeMethod.java:17)
	at org.junit.internal.runners.statements.RunBefores.evaluate(RunBefores.java:26)
	at org.junit.internal.runners.statements.RunAfters.evaluate(RunAfters.java:27)
	at org.junit.runners.ParentRunner.runLeaf(ParentRunner.java:271)
	at org.junit.runners.BlockJUnit4ClassRunner.runChild(BlockJUnit4ClassRunner.java:70)
	at org.junit.runners.BlockJUnit4ClassRunner.runChild(BlockJUnit4ClassRunner.java:50)
	at org.junit.runners.ParentRunner$3.run(ParentRunner.java:238)
	at org.junit.runners.ParentRunner$1.schedule(ParentRunner.java:63)
	at org.junit.runners.ParentRunner.runChildren(ParentRunner.java:236)
	at org.junit.runners.ParentRunner.access$000(ParentRunner.java:53)
	at org.junit.runners.ParentRunner$2.evaluate(ParentRunner.java:229)
	at org.junit.runners.ParentRunner.run(ParentRunner.java:309)
	at org.apache.maven.surefire.junit4.JUnit4Provider.execute(JUnit4Provider.java:365)
	at org.apache.maven.surefire.junit4.JUnit4Provider.executeWithRerun(JUnit4Provider.java:273)
	at org.apache.maven.surefire.junit4.JUnit4Provider.executeTestSet(JUnit4Provider.java:238)
	at org.apache.maven.surefire.junit4.JUnit4Provider.invoke(JUnit4Provider.java:159)
	at org.apache.maven.surefire.booter.ForkedBooter.invokeProviderInSameClassLoader(ForkedBooter.java:384)
	at org.apache.maven.surefire.booter.ForkedBooter.runSuitesInProcess(ForkedBooter.java:345)
	at org.apache.maven.surefire.booter.ForkedBooter.execute(ForkedBooter.java:126)
	at org.apache.maven.surefire.booter.ForkedBooter.main(ForkedBooter.java:418)

Sep 06, 2019 1:43:11 AM org.apache.ratis.thirdparty.io.grpc.internal.ManagedChannelOrphanWrapper$ManagedChannelReference cleanQueue
SEVERE: *~*~*~ Channel ManagedChannelImpl{logId=2587, target=192.168.5.177:33610} was not shutdown properly!!! ~*~*~*
    Make sure to call shutdown()/shutdownNow() and wait until awaitTermination() returns true.
java.lang.RuntimeException: ManagedChannel allocation site
	at org.apache.ratis.thirdparty.io.grpc.internal.ManagedChannelOrphanWrapper$ManagedChannelReference.<init>(ManagedChannelOrphanWrapper.java:103)
	at org.apache.ratis.thirdparty.io.grpc.internal.ManagedChannelOrphanWrapper.<init>(ManagedChannelOrphanWrapper.java:53)
	at org.apache.ratis.thirdparty.io.grpc.internal.ManagedChannelOrphanWrapper.<init>(ManagedChannelOrphanWrapper.java:44)
	at org.apache.ratis.thirdparty.io.grpc.internal.AbstractManagedChannelImplBuilder.build(AbstractManagedChannelImplBuilder.java:411)
	at org.apache.ratis.grpc.client.GrpcClientProtocolClient.<init>(GrpcClientProtocolClient.java:119)
	at org.apache.ratis.grpc.client.GrpcClientRpc.lambda$new$0(GrpcClientRpc.java:55)
	at org.apache.ratis.util.PeerProxyMap$PeerAndProxy.lambda$getProxy$0(PeerProxyMap.java:61)
	at org.apache.ratis.util.LifeCycle.startAndTransition(LifeCycle.java:202)
	at org.apache.ratis.util.PeerProxyMap$PeerAndProxy.getProxy(PeerProxyMap.java:60)
	at org.apache.ratis.util.PeerProxyMap.getProxy(PeerProxyMap.java:107)
	at org.apache.ratis.grpc.client.GrpcClientRpc.sendRequestAsync(GrpcClientRpc.java:66)
	at org.apache.ratis.client.impl.OrderedAsync.sendRequest(OrderedAsync.java:208)
	at org.apache.ratis.client.impl.OrderedAsync.sendRequestWithRetry(OrderedAsync.java:169)
	at org.apache.ratis.util.SlidingWindow$Client.sendOrDelayRequest(SlidingWindow.java:278)
	at org.apache.ratis.util.SlidingWindow$Client.submitNewRequest(SlidingWindow.java:257)
	at org.apache.ratis.client.impl.OrderedAsync.send(OrderedAsync.java:155)
	at org.apache.ratis.client.impl.RaftClientImpl.sendAsync(RaftClientImpl.java:145)
	at org.apache.ratis.client.impl.RaftClientImpl.sendAsync(RaftClientImpl.java:125)
	at org.apache.hadoop.hdds.scm.XceiverClientRatis.sendRequestAsync(XceiverClientRatis.java:224)
	at org.apache.hadoop.hdds.scm.XceiverClientRatis.sendCommandAsync(XceiverClientRatis.java:302)
	at org.apache.hadoop.hdds.scm.storage.ContainerProtocolCalls.writeChunkAsync(ContainerProtocolCalls.java:310)
	at org.apache.hadoop.hdds.scm.storage.BlockOutputStream.writeChunkToContainer(BlockOutputStream.java:601)
	at org.apache.hadoop.hdds.scm.storage.BlockOutputStream.writeChunk(BlockOutputStream.java:459)
	at org.apache.hadoop.hdds.scm.storage.BlockOutputStream.writeOnRetry(BlockOutputStream.java:285)
	at org.apache.hadoop.ozone.client.io.BlockOutputStreamEntry.writeOnRetry(BlockOutputStreamEntry.java:200)
	at org.apache.hadoop.ozone.client.io.KeyOutputStream.handleWrite(KeyOutputStream.java:209)
	at org.apache.hadoop.ozone.client.io.KeyOutputStream.handleRetry(KeyOutputStream.java:376)
	at org.apache.hadoop.ozone.client.io.KeyOutputStream.handleException(KeyOutputStream.java:325)
	at org.apache.hadoop.ozone.client.io.KeyOutputStream.handleFlushOrClose(KeyOutputStream.java:448)
	at org.apache.hadoop.ozone.client.io.KeyOutputStream.handleWrite(KeyOutputStream.java:235)
	at org.apache.hadoop.ozone.client.io.KeyOutputStream.write(KeyOutputStream.java:193)
	at org.apache.hadoop.ozone.client.io.OzoneOutputStream.write(OzoneOutputStream.java:49)
	at java.io.OutputStream.write(OutputStream.java:75)
	at org.apache.hadoop.ozone.client.rpc.TestBlockOutputStreamWithFailures.testWatchForCommitWithSingleNodeRatis(TestBlockOutputStreamWithFailures.java:885)
	at sun.reflect.NativeMethodAccessorImpl.invoke0(Native Method)
	at sun.reflect.NativeMethodAccessorImpl.invoke(NativeMethodAccessorImpl.java:62)
	at sun.reflect.DelegatingMethodAccessorImpl.invoke(DelegatingMethodAccessorImpl.java:43)
	at java.lang.reflect.Method.invoke(Method.java:498)
	at org.junit.runners.model.FrameworkMethod$1.runReflectiveCall(FrameworkMethod.java:47)
	at org.junit.internal.runners.model.ReflectiveCallable.run(ReflectiveCallable.java:12)
	at org.junit.runners.model.FrameworkMethod.invokeExplosively(FrameworkMethod.java:44)
	at org.junit.internal.runners.statements.InvokeMethod.evaluate(InvokeMethod.java:17)
	at org.junit.internal.runners.statements.RunBefores.evaluate(RunBefores.java:26)
	at org.junit.internal.runners.statements.RunAfters.evaluate(RunAfters.java:27)
	at org.junit.runners.ParentRunner.runLeaf(ParentRunner.java:271)
	at org.junit.runners.BlockJUnit4ClassRunner.runChild(BlockJUnit4ClassRunner.java:70)
	at org.junit.runners.BlockJUnit4ClassRunner.runChild(BlockJUnit4ClassRunner.java:50)
	at org.junit.runners.ParentRunner$3.run(ParentRunner.java:238)
	at org.junit.runners.ParentRunner$1.schedule(ParentRunner.java:63)
	at org.junit.runners.ParentRunner.runChildren(ParentRunner.java:236)
	at org.junit.runners.ParentRunner.access$000(ParentRunner.java:53)
	at org.junit.runners.ParentRunner$2.evaluate(ParentRunner.java:229)
	at org.junit.runners.ParentRunner.run(ParentRunner.java:309)
	at org.apache.maven.surefire.junit4.JUnit4Provider.execute(JUnit4Provider.java:365)
	at org.apache.maven.surefire.junit4.JUnit4Provider.executeWithRerun(JUnit4Provider.java:273)
	at org.apache.maven.surefire.junit4.JUnit4Provider.executeTestSet(JUnit4Provider.java:238)
	at org.apache.maven.surefire.junit4.JUnit4Provider.invoke(JUnit4Provider.java:159)
	at org.apache.maven.surefire.booter.ForkedBooter.invokeProviderInSameClassLoader(ForkedBooter.java:384)
	at org.apache.maven.surefire.booter.ForkedBooter.runSuitesInProcess(ForkedBooter.java:345)
	at org.apache.maven.surefire.booter.ForkedBooter.execute(ForkedBooter.java:126)
	at org.apache.maven.surefire.booter.ForkedBooter.main(ForkedBooter.java:418)

Sep 06, 2019 1:43:11 AM org.apache.ratis.thirdparty.io.grpc.internal.ManagedChannelOrphanWrapper$ManagedChannelReference cleanQueue
SEVERE: *~*~*~ Channel ManagedChannelImpl{logId=3142, target=192.168.5.177:41033} was not shutdown properly!!! ~*~*~*
    Make sure to call shutdown()/shutdownNow() and wait until awaitTermination() returns true.
java.lang.RuntimeException: ManagedChannel allocation site
	at org.apache.ratis.thirdparty.io.grpc.internal.ManagedChannelOrphanWrapper$ManagedChannelReference.<init>(ManagedChannelOrphanWrapper.java:103)
	at org.apache.ratis.thirdparty.io.grpc.internal.ManagedChannelOrphanWrapper.<init>(ManagedChannelOrphanWrapper.java:53)
	at org.apache.ratis.thirdparty.io.grpc.internal.ManagedChannelOrphanWrapper.<init>(ManagedChannelOrphanWrapper.java:44)
	at org.apache.ratis.thirdparty.io.grpc.internal.AbstractManagedChannelImplBuilder.build(AbstractManagedChannelImplBuilder.java:411)
	at org.apache.ratis.grpc.client.GrpcClientProtocolClient.<init>(GrpcClientProtocolClient.java:119)
	at org.apache.ratis.grpc.client.GrpcClientRpc.lambda$new$0(GrpcClientRpc.java:55)
	at org.apache.ratis.util.PeerProxyMap$PeerAndProxy.lambda$getProxy$0(PeerProxyMap.java:61)
	at org.apache.ratis.util.LifeCycle.startAndTransition(LifeCycle.java:202)
	at org.apache.ratis.util.PeerProxyMap$PeerAndProxy.getProxy(PeerProxyMap.java:60)
	at org.apache.ratis.util.PeerProxyMap.getProxy(PeerProxyMap.java:107)
	at org.apache.ratis.grpc.client.GrpcClientRpc.sendRequestAsync(GrpcClientRpc.java:66)
	at org.apache.ratis.client.impl.OrderedAsync.sendRequest(OrderedAsync.java:208)
	at org.apache.ratis.client.impl.OrderedAsync.sendRequestWithRetry(OrderedAsync.java:169)
	at org.apache.ratis.util.SlidingWindow$Client.sendOrDelayRequest(SlidingWindow.java:278)
	at org.apache.ratis.util.SlidingWindow$Client.retry(SlidingWindow.java:294)
	at org.apache.ratis.client.impl.OrderedAsync.lambda$scheduleWithTimeout$7(OrderedAsync.java:195)
	at org.apache.ratis.util.TimeoutScheduler.lambda$onTimeout$0(TimeoutScheduler.java:85)
	at org.apache.ratis.util.TimeoutScheduler.lambda$onTimeout$1(TimeoutScheduler.java:104)
	at org.apache.ratis.util.LogUtils.runAndLog(LogUtils.java:50)
	at org.apache.ratis.util.LogUtils$1.run(LogUtils.java:91)
	at java.util.concurrent.Executors$RunnableAdapter.call(Executors.java:511)
	at java.util.concurrent.FutureTask.run(FutureTask.java:266)
	at java.util.concurrent.ScheduledThreadPoolExecutor$ScheduledFutureTask.access$201(ScheduledThreadPoolExecutor.java:180)
	at java.util.concurrent.ScheduledThreadPoolExecutor$ScheduledFutureTask.run(ScheduledThreadPoolExecutor.java:293)
	at java.util.concurrent.ThreadPoolExecutor.runWorker(ThreadPoolExecutor.java:1149)
	at java.util.concurrent.ThreadPoolExecutor$Worker.run(ThreadPoolExecutor.java:624)
	at java.lang.Thread.run(Thread.java:748)

Sep 06, 2019 1:43:11 AM org.apache.ratis.thirdparty.io.grpc.internal.ManagedChannelOrphanWrapper$ManagedChannelReference cleanQueue
SEVERE: *~*~*~ Channel ManagedChannelImpl{logId=3346, target=192.168.5.177:42597} was not shutdown properly!!! ~*~*~*
    Make sure to call shutdown()/shutdownNow() and wait until awaitTermination() returns true.
java.lang.RuntimeException: ManagedChannel allocation site
	at org.apache.ratis.thirdparty.io.grpc.internal.ManagedChannelOrphanWrapper$ManagedChannelReference.<init>(ManagedChannelOrphanWrapper.java:103)
	at org.apache.ratis.thirdparty.io.grpc.internal.ManagedChannelOrphanWrapper.<init>(ManagedChannelOrphanWrapper.java:53)
	at org.apache.ratis.thirdparty.io.grpc.internal.ManagedChannelOrphanWrapper.<init>(ManagedChannelOrphanWrapper.java:44)
	at org.apache.ratis.thirdparty.io.grpc.internal.AbstractManagedChannelImplBuilder.build(AbstractManagedChannelImplBuilder.java:411)
	at org.apache.hadoop.hdds.scm.XceiverClientGrpc.connectToDatanode(XceiverClientGrpc.java:175)
	at org.apache.hadoop.hdds.scm.XceiverClientGrpc.reconnect(XceiverClientGrpc.java:423)
	at org.apache.hadoop.hdds.scm.XceiverClientGrpc.sendCommandAsync(XceiverClientGrpc.java:372)
	at org.apache.hadoop.hdds.scm.XceiverClientGrpc.sendCommandWithRetry(XceiverClientGrpc.java:285)
	at org.apache.hadoop.hdds.scm.XceiverClientGrpc.sendCommandWithTraceIDAndRetry(XceiverClientGrpc.java:251)
	at org.apache.hadoop.hdds.scm.XceiverClientGrpc.sendCommand(XceiverClientGrpc.java:234)
	at org.apache.hadoop.hdds.scm.storage.ContainerProtocolCalls.getBlock(ContainerProtocolCalls.java:118)
	at org.apache.hadoop.hdds.scm.storage.BlockInputStream.getChunkInfos(BlockInputStream.java:167)
	at org.apache.hadoop.hdds.scm.storage.BlockInputStream.initialize(BlockInputStream.java:118)
	at org.apache.hadoop.hdds.scm.storage.BlockInputStream.read(BlockInputStream.java:222)
	at org.apache.hadoop.ozone.client.io.KeyInputStream.read(KeyInputStream.java:171)
	at org.apache.hadoop.ozone.client.io.OzoneInputStream.read(OzoneInputStream.java:47)
	at java.io.InputStream.read(InputStream.java:101)
	at org.apache.hadoop.ozone.container.ContainerTestHelper.validateData(ContainerTestHelper.java:714)
	at org.apache.hadoop.ozone.client.rpc.TestBlockOutputStreamWithFailures.validateData(TestBlockOutputStreamWithFailures.java:1216)
	at org.apache.hadoop.ozone.client.rpc.TestBlockOutputStreamWithFailures.testWatchForCommitWithCloseContainerException(TestBlockOutputStreamWithFailures.java:260)
	at sun.reflect.NativeMethodAccessorImpl.invoke0(Native Method)
	at sun.reflect.NativeMethodAccessorImpl.invoke(NativeMethodAccessorImpl.java:62)
	at sun.reflect.DelegatingMethodAccessorImpl.invoke(DelegatingMethodAccessorImpl.java:43)
	at java.lang.reflect.Method.invoke(Method.java:498)
	at org.junit.runners.model.FrameworkMethod$1.runReflectiveCall(FrameworkMethod.java:47)
	at org.junit.internal.runners.model.ReflectiveCallable.run(ReflectiveCallable.java:12)
	at org.junit.runners.model.FrameworkMethod.invokeExplosively(FrameworkMethod.java:44)
	at org.junit.internal.runners.statements.InvokeMethod.evaluate(InvokeMethod.java:17)
	at org.junit.internal.runners.statements.RunBefores.evaluate(RunBefores.java:26)
	at org.junit.internal.runners.statements.RunAfters.evaluate(RunAfters.java:27)
	at org.junit.runners.ParentRunner.runLeaf(ParentRunner.java:271)
	at org.junit.runners.BlockJUnit4ClassRunner.runChild(BlockJUnit4ClassRunner.java:70)
	at org.junit.runners.BlockJUnit4ClassRunner.runChild(BlockJUnit4ClassRunner.java:50)
	at org.junit.runners.ParentRunner$3.run(ParentRunner.java:238)
	at org.junit.runners.ParentRunner$1.schedule(ParentRunner.java:63)
	at org.junit.runners.ParentRunner.runChildren(ParentRunner.java:236)
	at org.junit.runners.ParentRunner.access$000(ParentRunner.java:53)
	at org.junit.runners.ParentRunner$2.evaluate(ParentRunner.java:229)
	at org.junit.runners.ParentRunner.run(ParentRunner.java:309)
	at org.apache.maven.surefire.junit4.JUnit4Provider.execute(JUnit4Provider.java:365)
	at org.apache.maven.surefire.junit4.JUnit4Provider.executeWithRerun(JUnit4Provider.java:273)
	at org.apache.maven.surefire.junit4.JUnit4Provider.executeTestSet(JUnit4Provider.java:238)
	at org.apache.maven.surefire.junit4.JUnit4Provider.invoke(JUnit4Provider.java:159)
	at org.apache.maven.surefire.booter.ForkedBooter.invokeProviderInSameClassLoader(ForkedBooter.java:384)
	at org.apache.maven.surefire.booter.ForkedBooter.runSuitesInProcess(ForkedBooter.java:345)
	at org.apache.maven.surefire.booter.ForkedBooter.execute(ForkedBooter.java:126)
	at org.apache.maven.surefire.booter.ForkedBooter.main(ForkedBooter.java:418)

Sep 06, 2019 1:43:11 AM org.apache.ratis.thirdparty.io.grpc.internal.ManagedChannelOrphanWrapper$ManagedChannelReference cleanQueue
SEVERE: *~*~*~ Channel ManagedChannelImpl{logId=2597, target=192.168.5.177:45500} was not shutdown properly!!! ~*~*~*
    Make sure to call shutdown()/shutdownNow() and wait until awaitTermination() returns true.
java.lang.RuntimeException: ManagedChannel allocation site
	at org.apache.ratis.thirdparty.io.grpc.internal.ManagedChannelOrphanWrapper$ManagedChannelReference.<init>(ManagedChannelOrphanWrapper.java:103)
	at org.apache.ratis.thirdparty.io.grpc.internal.ManagedChannelOrphanWrapper.<init>(ManagedChannelOrphanWrapper.java:53)
	at org.apache.ratis.thirdparty.io.grpc.internal.ManagedChannelOrphanWrapper.<init>(ManagedChannelOrphanWrapper.java:44)
	at org.apache.ratis.thirdparty.io.grpc.internal.AbstractManagedChannelImplBuilder.build(AbstractManagedChannelImplBuilder.java:411)
	at org.apache.hadoop.hdds.scm.XceiverClientGrpc.connectToDatanode(XceiverClientGrpc.java:175)
	at org.apache.hadoop.hdds.scm.XceiverClientGrpc.reconnect(XceiverClientGrpc.java:423)
	at org.apache.hadoop.hdds.scm.XceiverClientGrpc.sendCommandAsync(XceiverClientGrpc.java:372)
	at org.apache.hadoop.hdds.scm.XceiverClientGrpc.sendCommandWithRetry(XceiverClientGrpc.java:285)
	at org.apache.hadoop.hdds.scm.XceiverClientGrpc.sendCommandWithTraceIDAndRetry(XceiverClientGrpc.java:251)
	at org.apache.hadoop.hdds.scm.XceiverClientGrpc.sendCommand(XceiverClientGrpc.java:234)
	at org.apache.hadoop.hdds.scm.storage.ContainerProtocolCalls.getBlock(ContainerProtocolCalls.java:118)
	at org.apache.hadoop.hdds.scm.storage.BlockInputStream.getChunkInfos(BlockInputStream.java:167)
	at org.apache.hadoop.hdds.scm.storage.BlockInputStream.initialize(BlockInputStream.java:118)
	at org.apache.hadoop.hdds.scm.storage.BlockInputStream.read(BlockInputStream.java:222)
	at org.apache.hadoop.ozone.client.io.KeyInputStream.read(KeyInputStream.java:171)
	at org.apache.hadoop.ozone.client.io.OzoneInputStream.read(OzoneInputStream.java:47)
	at java.io.InputStream.read(InputStream.java:101)
	at org.apache.hadoop.ozone.container.ContainerTestHelper.validateData(ContainerTestHelper.java:714)
	at org.apache.hadoop.ozone.client.rpc.TestBlockOutputStreamWithFailures.validateData(TestBlockOutputStreamWithFailures.java:1216)
	at org.apache.hadoop.ozone.client.rpc.TestBlockOutputStreamWithFailures.testWatchForCommitWithSingleNodeRatis(TestBlockOutputStreamWithFailures.java:918)
	at sun.reflect.NativeMethodAccessorImpl.invoke0(Native Method)
	at sun.reflect.NativeMethodAccessorImpl.invoke(NativeMethodAccessorImpl.java:62)
	at sun.reflect.DelegatingMethodAccessorImpl.invoke(DelegatingMethodAccessorImpl.java:43)
	at java.lang.reflect.Method.invoke(Method.java:498)
	at org.junit.runners.model.FrameworkMethod$1.runReflectiveCall(FrameworkMethod.java:47)
	at org.junit.internal.runners.model.ReflectiveCallable.run(ReflectiveCallable.java:12)
	at org.junit.runners.model.FrameworkMethod.invokeExplosively(FrameworkMethod.java:44)
	at org.junit.internal.runners.statements.InvokeMethod.evaluate(InvokeMethod.java:17)
	at org.junit.internal.runners.statements.RunBefores.evaluate(RunBefores.java:26)
	at org.junit.internal.runners.statements.RunAfters.evaluate(RunAfters.java:27)
	at org.junit.runners.ParentRunner.runLeaf(ParentRunner.java:271)
	at org.junit.runners.BlockJUnit4ClassRunner.runChild(BlockJUnit4ClassRunner.java:70)
	at org.junit.runners.BlockJUnit4ClassRunner.runChild(BlockJUnit4ClassRunner.java:50)
	at org.junit.runners.ParentRunner$3.run(ParentRunner.java:238)
	at org.junit.runners.ParentRunner$1.schedule(ParentRunner.java:63)
	at org.junit.runners.ParentRunner.runChildren(ParentRunner.java:236)
	at org.junit.runners.ParentRunner.access$000(ParentRunner.java:53)
	at org.junit.runners.ParentRunner$2.evaluate(ParentRunner.java:229)
	at org.junit.runners.ParentRunner.run(ParentRunner.java:309)
	at org.apache.maven.surefire.junit4.JUnit4Provider.execute(JUnit4Provider.java:365)
	at org.apache.maven.surefire.junit4.JUnit4Provider.executeWithRerun(JUnit4Provider.java:273)
	at org.apache.maven.surefire.junit4.JUnit4Provider.executeTestSet(JUnit4Provider.java:238)
	at org.apache.maven.surefire.junit4.JUnit4Provider.invoke(JUnit4Provider.java:159)
	at org.apache.maven.surefire.booter.ForkedBooter.invokeProviderInSameClassLoader(ForkedBooter.java:384)
	at org.apache.maven.surefire.booter.ForkedBooter.runSuitesInProcess(ForkedBooter.java:345)
	at org.apache.maven.surefire.booter.ForkedBooter.execute(ForkedBooter.java:126)
	at org.apache.maven.surefire.booter.ForkedBooter.main(ForkedBooter.java:418)

Sep 06, 2019 1:43:11 AM org.apache.ratis.thirdparty.io.grpc.internal.ManagedChannelOrphanWrapper$ManagedChannelReference cleanQueue
SEVERE: *~*~*~ Channel ManagedChannelImpl{logId=3366, target=192.168.5.177:42597} was not shutdown properly!!! ~*~*~*
    Make sure to call shutdown()/shutdownNow() and wait until awaitTermination() returns true.
java.lang.RuntimeException: ManagedChannel allocation site
	at org.apache.ratis.thirdparty.io.grpc.internal.ManagedChannelOrphanWrapper$ManagedChannelReference.<init>(ManagedChannelOrphanWrapper.java:103)
	at org.apache.ratis.thirdparty.io.grpc.internal.ManagedChannelOrphanWrapper.<init>(ManagedChannelOrphanWrapper.java:53)
	at org.apache.ratis.thirdparty.io.grpc.internal.ManagedChannelOrphanWrapper.<init>(ManagedChannelOrphanWrapper.java:44)
	at org.apache.ratis.thirdparty.io.grpc.internal.AbstractManagedChannelImplBuilder.build(AbstractManagedChannelImplBuilder.java:411)
	at org.apache.hadoop.hdds.scm.XceiverClientGrpc.connectToDatanode(XceiverClientGrpc.java:175)
	at org.apache.hadoop.hdds.scm.XceiverClientGrpc.reconnect(XceiverClientGrpc.java:423)
	at org.apache.hadoop.hdds.scm.XceiverClientGrpc.sendCommandAsync(XceiverClientGrpc.java:372)
	at org.apache.hadoop.hdds.scm.XceiverClientGrpc.sendCommandWithRetry(XceiverClientGrpc.java:285)
	at org.apache.hadoop.hdds.scm.XceiverClientGrpc.sendCommandWithTraceIDAndRetry(XceiverClientGrpc.java:251)
	at org.apache.hadoop.hdds.scm.XceiverClientGrpc.sendCommand(XceiverClientGrpc.java:234)
	at org.apache.hadoop.hdds.scm.storage.ContainerProtocolCalls.readChunk(ContainerProtocolCalls.java:245)
	at org.apache.hadoop.hdds.scm.storage.ChunkInputStream.readChunk(ChunkInputStream.java:335)
	at org.apache.hadoop.hdds.scm.storage.ChunkInputStream.readChunkFromContainer(ChunkInputStream.java:307)
	at org.apache.hadoop.hdds.scm.storage.ChunkInputStream.prepareRead(ChunkInputStream.java:259)
	at org.apache.hadoop.hdds.scm.storage.ChunkInputStream.read(ChunkInputStream.java:144)
	at org.apache.hadoop.hdds.scm.storage.BlockInputStream.read(BlockInputStream.java:239)
	at org.apache.hadoop.ozone.client.io.KeyInputStream.read(KeyInputStream.java:171)
	at org.apache.hadoop.ozone.client.io.OzoneInputStream.read(OzoneInputStream.java:47)
	at java.io.InputStream.read(InputStream.java:101)
	at org.apache.hadoop.ozone.container.ContainerTestHelper.validateData(ContainerTestHelper.java:714)
	at org.apache.hadoop.ozone.client.rpc.TestBlockOutputStreamWithFailures.validateData(TestBlockOutputStreamWithFailures.java:1216)
	at org.apache.hadoop.ozone.client.rpc.TestBlockOutputStreamWithFailures.testWatchForCommitWithCloseContainerException(TestBlockOutputStreamWithFailures.java:260)
	at sun.reflect.NativeMethodAccessorImpl.invoke0(Native Method)
	at sun.reflect.NativeMethodAccessorImpl.invoke(NativeMethodAccessorImpl.java:62)
	at sun.reflect.DelegatingMethodAccessorImpl.invoke(DelegatingMethodAccessorImpl.java:43)
	at java.lang.reflect.Method.invoke(Method.java:498)
	at org.junit.runners.model.FrameworkMethod$1.runReflectiveCall(FrameworkMethod.java:47)
	at org.junit.internal.runners.model.ReflectiveCallable.run(ReflectiveCallable.java:12)
	at org.junit.runners.model.FrameworkMethod.invokeExplosively(FrameworkMethod.java:44)
	at org.junit.internal.runners.statements.InvokeMethod.evaluate(InvokeMethod.java:17)
	at org.junit.internal.runners.statements.RunBefores.evaluate(RunBefores.java:26)
	at org.junit.internal.runners.statements.RunAfters.evaluate(RunAfters.java:27)
	at org.junit.runners.ParentRunner.runLeaf(ParentRunner.java:271)
	at org.junit.runners.BlockJUnit4ClassRunner.runChild(BlockJUnit4ClassRunner.java:70)
	at org.junit.runners.BlockJUnit4ClassRunner.runChild(BlockJUnit4ClassRunner.java:50)
	at org.junit.runners.ParentRunner$3.run(ParentRunner.java:238)
	at org.junit.runners.ParentRunner$1.schedule(ParentRunner.java:63)
	at org.junit.runners.ParentRunner.runChildren(ParentRunner.java:236)
	at org.junit.runners.ParentRunner.access$000(ParentRunner.java:53)
	at org.junit.runners.ParentRunner$2.evaluate(ParentRunner.java:229)
	at org.junit.runners.ParentRunner.run(ParentRunner.java:309)
	at org.apache.maven.surefire.junit4.JUnit4Provider.execute(JUnit4Provider.java:365)
	at org.apache.maven.surefire.junit4.JUnit4Provider.executeWithRerun(JUnit4Provider.java:273)
	at org.apache.maven.surefire.junit4.JUnit4Provider.executeTestSet(JUnit4Provider.java:238)
	at org.apache.maven.surefire.junit4.JUnit4Provider.invoke(JUnit4Provider.java:159)
	at org.apache.maven.surefire.booter.ForkedBooter.invokeProviderInSameClassLoader(ForkedBooter.java:384)
	at org.apache.maven.surefire.booter.ForkedBooter.runSuitesInProcess(ForkedBooter.java:345)
	at org.apache.maven.surefire.booter.ForkedBooter.execute(ForkedBooter.java:126)
	at org.apache.maven.surefire.booter.ForkedBooter.main(ForkedBooter.java:418)

Sep 06, 2019 1:43:11 AM org.apache.ratis.thirdparty.io.grpc.internal.ManagedChannelOrphanWrapper$ManagedChannelReference cleanQueue
SEVERE: *~*~*~ Channel ManagedChannelImpl{logId=2918, target=192.168.5.177:39551} was not shutdown properly!!! ~*~*~*
    Make sure to call shutdown()/shutdownNow() and wait until awaitTermination() returns true.
java.lang.RuntimeException: ManagedChannel allocation site
	at org.apache.ratis.thirdparty.io.grpc.internal.ManagedChannelOrphanWrapper$ManagedChannelReference.<init>(ManagedChannelOrphanWrapper.java:103)
	at org.apache.ratis.thirdparty.io.grpc.internal.ManagedChannelOrphanWrapper.<init>(ManagedChannelOrphanWrapper.java:53)
	at org.apache.ratis.thirdparty.io.grpc.internal.ManagedChannelOrphanWrapper.<init>(ManagedChannelOrphanWrapper.java:44)
	at org.apache.ratis.thirdparty.io.grpc.internal.AbstractManagedChannelImplBuilder.build(AbstractManagedChannelImplBuilder.java:411)
	at org.apache.ratis.grpc.client.GrpcClientProtocolClient.<init>(GrpcClientProtocolClient.java:119)
	at org.apache.ratis.grpc.client.GrpcClientRpc.lambda$new$0(GrpcClientRpc.java:55)
	at org.apache.ratis.util.PeerProxyMap$PeerAndProxy.lambda$getProxy$0(PeerProxyMap.java:61)
	at org.apache.ratis.util.LifeCycle.startAndTransition(LifeCycle.java:202)
	at org.apache.ratis.util.PeerProxyMap$PeerAndProxy.getProxy(PeerProxyMap.java:60)
	at org.apache.ratis.util.PeerProxyMap.getProxy(PeerProxyMap.java:107)
	at org.apache.ratis.grpc.client.GrpcClientRpc.sendRequestAsync(GrpcClientRpc.java:66)
	at org.apache.ratis.client.impl.OrderedAsync.sendRequest(OrderedAsync.java:208)
	at org.apache.ratis.client.impl.OrderedAsync.sendRequestWithRetry(OrderedAsync.java:169)
	at org.apache.ratis.util.SlidingWindow$Client.sendOrDelayRequest(SlidingWindow.java:278)
	at org.apache.ratis.util.SlidingWindow$Client.retry(SlidingWindow.java:294)
	at org.apache.ratis.client.impl.OrderedAsync.lambda$scheduleWithTimeout$7(OrderedAsync.java:195)
	at org.apache.ratis.util.TimeoutScheduler.lambda$onTimeout$0(TimeoutScheduler.java:85)
	at org.apache.ratis.util.TimeoutScheduler.lambda$onTimeout$1(TimeoutScheduler.java:104)
	at org.apache.ratis.util.LogUtils.runAndLog(LogUtils.java:50)
	at org.apache.ratis.util.LogUtils$1.run(LogUtils.java:91)
	at java.util.concurrent.Executors$RunnableAdapter.call(Executors.java:511)
	at java.util.concurrent.FutureTask.run(FutureTask.java:266)
	at java.util.concurrent.ScheduledThreadPoolExecutor$ScheduledFutureTask.access$201(ScheduledThreadPoolExecutor.java:180)
	at java.util.concurrent.ScheduledThreadPoolExecutor$ScheduledFutureTask.run(ScheduledThreadPoolExecutor.java:293)
	at java.util.concurrent.ThreadPoolExecutor.runWorker(ThreadPoolExecutor.java:1149)
	at java.util.concurrent.ThreadPoolExecutor$Worker.run(ThreadPoolExecutor.java:624)
	at java.lang.Thread.run(Thread.java:748)

Sep 06, 2019 1:43:11 AM org.apache.ratis.thirdparty.io.grpc.internal.ManagedChannelOrphanWrapper$ManagedChannelReference cleanQueue
SEVERE: *~*~*~ Channel ManagedChannelImpl{logId=2582, target=192.168.5.177:46784} was not shutdown properly!!! ~*~*~*
    Make sure to call shutdown()/shutdownNow() and wait until awaitTermination() returns true.
java.lang.RuntimeException: ManagedChannel allocation site
	at org.apache.ratis.thirdparty.io.grpc.internal.ManagedChannelOrphanWrapper$ManagedChannelReference.<init>(ManagedChannelOrphanWrapper.java:103)
	at org.apache.ratis.thirdparty.io.grpc.internal.ManagedChannelOrphanWrapper.<init>(ManagedChannelOrphanWrapper.java:53)
	at org.apache.ratis.thirdparty.io.grpc.internal.ManagedChannelOrphanWrapper.<init>(ManagedChannelOrphanWrapper.java:44)
	at org.apache.ratis.thirdparty.io.grpc.internal.AbstractManagedChannelImplBuilder.build(AbstractManagedChannelImplBuilder.java:411)
	at org.apache.ratis.grpc.client.GrpcClientProtocolClient.<init>(GrpcClientProtocolClient.java:119)
	at org.apache.ratis.grpc.client.GrpcClientRpc.lambda$new$0(GrpcClientRpc.java:55)
	at org.apache.ratis.util.PeerProxyMap$PeerAndProxy.lambda$getProxy$0(PeerProxyMap.java:61)
	at org.apache.ratis.util.LifeCycle.startAndTransition(LifeCycle.java:202)
	at org.apache.ratis.util.PeerProxyMap$PeerAndProxy.getProxy(PeerProxyMap.java:60)
	at org.apache.ratis.util.PeerProxyMap.getProxy(PeerProxyMap.java:107)
	at org.apache.ratis.grpc.client.GrpcClientRpc.sendRequestAsync(GrpcClientRpc.java:66)
	at org.apache.ratis.client.impl.OrderedAsync.sendRequest(OrderedAsync.java:208)
	at org.apache.ratis.client.impl.OrderedAsync.sendRequestWithRetry(OrderedAsync.java:169)
	at org.apache.ratis.util.SlidingWindow$Client.sendOrDelayRequest(SlidingWindow.java:278)
	at org.apache.ratis.util.SlidingWindow$Client.retry(SlidingWindow.java:294)
	at org.apache.ratis.client.impl.OrderedAsync.lambda$scheduleWithTimeout$7(OrderedAsync.java:195)
	at org.apache.ratis.util.TimeoutScheduler.lambda$onTimeout$0(TimeoutScheduler.java:85)
	at org.apache.ratis.util.TimeoutScheduler.lambda$onTimeout$1(TimeoutScheduler.java:104)
	at org.apache.ratis.util.LogUtils.runAndLog(LogUtils.java:50)
	at org.apache.ratis.util.LogUtils$1.run(LogUtils.java:91)
	at java.util.concurrent.Executors$RunnableAdapter.call(Executors.java:511)
	at java.util.concurrent.FutureTask.run(FutureTask.java:266)
	at java.util.concurrent.ScheduledThreadPoolExecutor$ScheduledFutureTask.access$201(ScheduledThreadPoolExecutor.java:180)
	at java.util.concurrent.ScheduledThreadPoolExecutor$ScheduledFutureTask.run(ScheduledThreadPoolExecutor.java:293)
	at java.util.concurrent.ThreadPoolExecutor.runWorker(ThreadPoolExecutor.java:1149)
	at java.util.concurrent.ThreadPoolExecutor$Worker.run(ThreadPoolExecutor.java:624)
	at java.lang.Thread.run(Thread.java:748)

Sep 06, 2019 1:43:11 AM org.apache.ratis.thirdparty.io.grpc.internal.ManagedChannelOrphanWrapper$ManagedChannelReference cleanQueue
SEVERE: *~*~*~ Channel ManagedChannelImpl{logId=2809, target=192.168.5.177:39551} was not shutdown properly!!! ~*~*~*
    Make sure to call shutdown()/shutdownNow() and wait until awaitTermination() returns true.
java.lang.RuntimeException: ManagedChannel allocation site
	at org.apache.ratis.thirdparty.io.grpc.internal.ManagedChannelOrphanWrapper$ManagedChannelReference.<init>(ManagedChannelOrphanWrapper.java:103)
	at org.apache.ratis.thirdparty.io.grpc.internal.ManagedChannelOrphanWrapper.<init>(ManagedChannelOrphanWrapper.java:53)
	at org.apache.ratis.thirdparty.io.grpc.internal.ManagedChannelOrphanWrapper.<init>(ManagedChannelOrphanWrapper.java:44)
	at org.apache.ratis.thirdparty.io.grpc.internal.AbstractManagedChannelImplBuilder.build(AbstractManagedChannelImplBuilder.java:411)
	at org.apache.ratis.grpc.client.GrpcClientProtocolClient.<init>(GrpcClientProtocolClient.java:119)
	at org.apache.ratis.grpc.client.GrpcClientRpc.lambda$new$0(GrpcClientRpc.java:55)
	at org.apache.ratis.util.PeerProxyMap$PeerAndProxy.lambda$getProxy$0(PeerProxyMap.java:61)
	at org.apache.ratis.util.LifeCycle.startAndTransition(LifeCycle.java:202)
	at org.apache.ratis.util.PeerProxyMap$PeerAndProxy.getProxy(PeerProxyMap.java:60)
	at org.apache.ratis.util.PeerProxyMap.getProxy(PeerProxyMap.java:107)
	at org.apache.ratis.grpc.client.GrpcClientRpc.sendRequestAsync(GrpcClientRpc.java:66)
	at org.apache.ratis.client.impl.OrderedAsync.sendRequest(OrderedAsync.java:208)
	at org.apache.ratis.client.impl.OrderedAsync.sendRequestWithRetry(OrderedAsync.java:169)
	at org.apache.ratis.util.SlidingWindow$Client.sendOrDelayRequest(SlidingWindow.java:278)
	at org.apache.ratis.util.SlidingWindow$Client.retry(SlidingWindow.java:294)
	at org.apache.ratis.client.impl.OrderedAsync.lambda$scheduleWithTimeout$7(OrderedAsync.java:195)
	at org.apache.ratis.util.TimeoutScheduler.lambda$onTimeout$0(TimeoutScheduler.java:85)
	at org.apache.ratis.util.TimeoutScheduler.lambda$onTimeout$1(TimeoutScheduler.java:104)
	at org.apache.ratis.util.LogUtils.runAndLog(LogUtils.java:50)
	at org.apache.ratis.util.LogUtils$1.run(LogUtils.java:91)
	at java.util.concurrent.Executors$RunnableAdapter.call(Executors.java:511)
	at java.util.concurrent.FutureTask.run(FutureTask.java:266)
	at java.util.concurrent.ScheduledThreadPoolExecutor$ScheduledFutureTask.access$201(ScheduledThreadPoolExecutor.java:180)
	at java.util.concurrent.ScheduledThreadPoolExecutor$ScheduledFutureTask.run(ScheduledThreadPoolExecutor.java:293)
	at java.util.concurrent.ThreadPoolExecutor.runWorker(ThreadPoolExecutor.java:1149)
	at java.util.concurrent.ThreadPoolExecutor$Worker.run(ThreadPoolExecutor.java:624)
	at java.lang.Thread.run(Thread.java:748)

Sep 06, 2019 1:43:11 AM org.apache.ratis.thirdparty.io.grpc.internal.ManagedChannelOrphanWrapper$ManagedChannelReference cleanQueue
SEVERE: *~*~*~ Channel ManagedChannelImpl{logId=3341, target=192.168.5.177:34861} was not shutdown properly!!! ~*~*~*
    Make sure to call shutdown()/shutdownNow() and wait until awaitTermination() returns true.
java.lang.RuntimeException: ManagedChannel allocation site
	at org.apache.ratis.thirdparty.io.grpc.internal.ManagedChannelOrphanWrapper$ManagedChannelReference.<init>(ManagedChannelOrphanWrapper.java:103)
	at org.apache.ratis.thirdparty.io.grpc.internal.ManagedChannelOrphanWrapper.<init>(ManagedChannelOrphanWrapper.java:53)
	at org.apache.ratis.thirdparty.io.grpc.internal.ManagedChannelOrphanWrapper.<init>(ManagedChannelOrphanWrapper.java:44)
	at org.apache.ratis.thirdparty.io.grpc.internal.AbstractManagedChannelImplBuilder.build(AbstractManagedChannelImplBuilder.java:411)
	at org.apache.ratis.grpc.client.GrpcClientProtocolClient.<init>(GrpcClientProtocolClient.java:119)
	at org.apache.ratis.grpc.client.GrpcClientRpc.lambda$new$0(GrpcClientRpc.java:55)
	at org.apache.ratis.util.PeerProxyMap$PeerAndProxy.lambda$getProxy$0(PeerProxyMap.java:61)
	at org.apache.ratis.util.LifeCycle.startAndTransition(LifeCycle.java:202)
	at org.apache.ratis.util.PeerProxyMap$PeerAndProxy.getProxy(PeerProxyMap.java:60)
	at org.apache.ratis.util.PeerProxyMap.getProxy(PeerProxyMap.java:107)
	at org.apache.ratis.grpc.client.GrpcClientRpc.sendRequestAsync(GrpcClientRpc.java:66)
	at org.apache.ratis.client.impl.OrderedAsync.sendRequest(OrderedAsync.java:208)
	at org.apache.ratis.client.impl.OrderedAsync.sendRequestWithRetry(OrderedAsync.java:169)
	at org.apache.ratis.util.SlidingWindow$Client.sendOrDelayRequest(SlidingWindow.java:278)
	at org.apache.ratis.util.SlidingWindow$Client.retry(SlidingWindow.java:294)
	at org.apache.ratis.client.impl.OrderedAsync.lambda$scheduleWithTimeout$7(OrderedAsync.java:195)
	at org.apache.ratis.util.TimeoutScheduler.lambda$onTimeout$0(TimeoutScheduler.java:85)
	at org.apache.ratis.util.TimeoutScheduler.lambda$onTimeout$1(TimeoutScheduler.java:104)
	at org.apache.ratis.util.LogUtils.runAndLog(LogUtils.java:50)
	at org.apache.ratis.util.LogUtils$1.run(LogUtils.java:91)
	at java.util.concurrent.Executors$RunnableAdapter.call(Executors.java:511)
	at java.util.concurrent.FutureTask.run(FutureTask.java:266)
	at java.util.concurrent.ScheduledThreadPoolExecutor$ScheduledFutureTask.access$201(ScheduledThreadPoolExecutor.java:180)
	at java.util.concurrent.ScheduledThreadPoolExecutor$ScheduledFutureTask.run(ScheduledThreadPoolExecutor.java:293)
	at java.util.concurrent.ThreadPoolExecutor.runWorker(ThreadPoolExecutor.java:1149)
	at java.util.concurrent.ThreadPoolExecutor$Worker.run(ThreadPoolExecutor.java:624)
	at java.lang.Thread.run(Thread.java:748)

Sep 06, 2019 1:43:11 AM org.apache.ratis.thirdparty.io.grpc.internal.ManagedChannelOrphanWrapper$ManagedChannelReference cleanQueue
SEVERE: *~*~*~ Channel ManagedChannelImpl{logId=3371, target=192.168.5.177:37708} was not shutdown properly!!! ~*~*~*
    Make sure to call shutdown()/shutdownNow() and wait until awaitTermination() returns true.
java.lang.RuntimeException: ManagedChannel allocation site
	at org.apache.ratis.thirdparty.io.grpc.internal.ManagedChannelOrphanWrapper$ManagedChannelReference.<init>(ManagedChannelOrphanWrapper.java:103)
	at org.apache.ratis.thirdparty.io.grpc.internal.ManagedChannelOrphanWrapper.<init>(ManagedChannelOrphanWrapper.java:53)
	at org.apache.ratis.thirdparty.io.grpc.internal.ManagedChannelOrphanWrapper.<init>(ManagedChannelOrphanWrapper.java:44)
	at org.apache.ratis.thirdparty.io.grpc.internal.AbstractManagedChannelImplBuilder.build(AbstractManagedChannelImplBuilder.java:411)
	at org.apache.hadoop.hdds.scm.XceiverClientGrpc.connectToDatanode(XceiverClientGrpc.java:175)
	at org.apache.hadoop.hdds.scm.XceiverClientGrpc.reconnect(XceiverClientGrpc.java:423)
	at org.apache.hadoop.hdds.scm.XceiverClientGrpc.sendCommandAsync(XceiverClientGrpc.java:372)
	at org.apache.hadoop.hdds.scm.XceiverClientGrpc.sendCommandWithRetry(XceiverClientGrpc.java:285)
	at org.apache.hadoop.hdds.scm.XceiverClientGrpc.sendCommandWithTraceIDAndRetry(XceiverClientGrpc.java:251)
	at org.apache.hadoop.hdds.scm.XceiverClientGrpc.sendCommand(XceiverClientGrpc.java:234)
	at org.apache.hadoop.hdds.scm.storage.ContainerProtocolCalls.readChunk(ContainerProtocolCalls.java:245)
	at org.apache.hadoop.hdds.scm.storage.ChunkInputStream.readChunk(ChunkInputStream.java:335)
	at org.apache.hadoop.hdds.scm.storage.ChunkInputStream.readChunkFromContainer(ChunkInputStream.java:307)
	at org.apache.hadoop.hdds.scm.storage.ChunkInputStream.prepareRead(ChunkInputStream.java:259)
	at org.apache.hadoop.hdds.scm.storage.ChunkInputStream.read(ChunkInputStream.java:144)
	at org.apache.hadoop.hdds.scm.storage.BlockInputStream.read(BlockInputStream.java:239)
	at org.apache.hadoop.ozone.client.io.KeyInputStream.read(KeyInputStream.java:171)
	at org.apache.hadoop.ozone.client.io.OzoneInputStream.read(OzoneInputStream.java:47)
	at java.io.InputStream.read(InputStream.java:101)
	at org.apache.hadoop.ozone.container.ContainerTestHelper.validateData(ContainerTestHelper.java:714)
	at org.apache.hadoop.ozone.client.rpc.TestBlockOutputStreamWithFailures.validateData(TestBlockOutputStreamWithFailures.java:1216)
	at org.apache.hadoop.ozone.client.rpc.TestBlockOutputStreamWithFailures.testWatchForCommitWithCloseContainerException(TestBlockOutputStreamWithFailures.java:260)
	at sun.reflect.NativeMethodAccessorImpl.invoke0(Native Method)
	at sun.reflect.NativeMethodAccessorImpl.invoke(NativeMethodAccessorImpl.java:62)
	at sun.reflect.DelegatingMethodAccessorImpl.invoke(DelegatingMethodAccessorImpl.java:43)
	at java.lang.reflect.Method.invoke(Method.java:498)
	at org.junit.runners.model.FrameworkMethod$1.runReflectiveCall(FrameworkMethod.java:47)
	at org.junit.internal.runners.model.ReflectiveCallable.run(ReflectiveCallable.java:12)
	at org.junit.runners.model.FrameworkMethod.invokeExplosively(FrameworkMethod.java:44)
	at org.junit.internal.runners.statements.InvokeMethod.evaluate(InvokeMethod.java:17)
	at org.junit.internal.runners.statements.RunBefores.evaluate(RunBefores.java:26)
	at org.junit.internal.runners.statements.RunAfters.evaluate(RunAfters.java:27)
	at org.junit.runners.ParentRunner.runLeaf(ParentRunner.java:271)
	at org.junit.runners.BlockJUnit4ClassRunner.runChild(BlockJUnit4ClassRunner.java:70)
	at org.junit.runners.BlockJUnit4ClassRunner.runChild(BlockJUnit4ClassRunner.java:50)
	at org.junit.runners.ParentRunner$3.run(ParentRunner.java:238)
	at org.junit.runners.ParentRunner$1.schedule(ParentRunner.java:63)
	at org.junit.runners.ParentRunner.runChildren(ParentRunner.java:236)
	at org.junit.runners.ParentRunner.access$000(ParentRunner.java:53)
	at org.junit.runners.ParentRunner$2.evaluate(ParentRunner.java:229)
	at org.junit.runners.ParentRunner.run(ParentRunner.java:309)
	at org.apache.maven.surefire.junit4.JUnit4Provider.execute(JUnit4Provider.java:365)
	at org.apache.maven.surefire.junit4.JUnit4Provider.executeWithRerun(JUnit4Provider.java:273)
	at org.apache.maven.surefire.junit4.JUnit4Provider.executeTestSet(JUnit4Provider.java:238)
	at org.apache.maven.surefire.junit4.JUnit4Provider.invoke(JUnit4Provider.java:159)
	at org.apache.maven.surefire.booter.ForkedBooter.invokeProviderInSameClassLoader(ForkedBooter.java:384)
	at org.apache.maven.surefire.booter.ForkedBooter.runSuitesInProcess(ForkedBooter.java:345)
	at org.apache.maven.surefire.booter.ForkedBooter.execute(ForkedBooter.java:126)
	at org.apache.maven.surefire.booter.ForkedBooter.main(ForkedBooter.java:418)

Sep 06, 2019 1:43:11 AM org.apache.ratis.thirdparty.io.grpc.internal.ManagedChannelOrphanWrapper$ManagedChannelReference cleanQueue
SEVERE: *~*~*~ Channel ManagedChannelImpl{logId=3147, target=192.168.5.177:39529} was not shutdown properly!!! ~*~*~*
    Make sure to call shutdown()/shutdownNow() and wait until awaitTermination() returns true.
java.lang.RuntimeException: ManagedChannel allocation site
	at org.apache.ratis.thirdparty.io.grpc.internal.ManagedChannelOrphanWrapper$ManagedChannelReference.<init>(ManagedChannelOrphanWrapper.java:103)
	at org.apache.ratis.thirdparty.io.grpc.internal.ManagedChannelOrphanWrapper.<init>(ManagedChannelOrphanWrapper.java:53)
	at org.apache.ratis.thirdparty.io.grpc.internal.ManagedChannelOrphanWrapper.<init>(ManagedChannelOrphanWrapper.java:44)
	at org.apache.ratis.thirdparty.io.grpc.internal.AbstractManagedChannelImplBuilder.build(AbstractManagedChannelImplBuilder.java:411)
	at org.apache.hadoop.hdds.scm.XceiverClientGrpc.connectToDatanode(XceiverClientGrpc.java:175)
	at org.apache.hadoop.hdds.scm.XceiverClientGrpc.reconnect(XceiverClientGrpc.java:423)
	at org.apache.hadoop.hdds.scm.XceiverClientGrpc.sendCommandAsync(XceiverClientGrpc.java:372)
	at org.apache.hadoop.hdds.scm.XceiverClientGrpc.sendCommandWithRetry(XceiverClientGrpc.java:285)
	at org.apache.hadoop.hdds.scm.XceiverClientGrpc.sendCommandWithTraceIDAndRetry(XceiverClientGrpc.java:251)
	at org.apache.hadoop.hdds.scm.XceiverClientGrpc.sendCommand(XceiverClientGrpc.java:234)
	at org.apache.hadoop.hdds.scm.storage.ContainerProtocolCalls.getBlock(ContainerProtocolCalls.java:118)
	at org.apache.hadoop.hdds.scm.storage.BlockInputStream.getChunkInfos(BlockInputStream.java:167)
	at org.apache.hadoop.hdds.scm.storage.BlockInputStream.initialize(BlockInputStream.java:118)
	at org.apache.hadoop.hdds.scm.storage.BlockInputStream.read(BlockInputStream.java:222)
	at org.apache.hadoop.ozone.client.io.KeyInputStream.read(KeyInputStream.java:171)
	at org.apache.hadoop.ozone.client.io.OzoneInputStream.read(OzoneInputStream.java:47)
	at java.io.InputStream.read(InputStream.java:101)
	at org.apache.hadoop.ozone.container.ContainerTestHelper.validateData(ContainerTestHelper.java:714)
	at org.apache.hadoop.ozone.client.rpc.TestBlockOutputStreamWithFailures.validateData(TestBlockOutputStreamWithFailures.java:1216)
	at org.apache.hadoop.ozone.client.rpc.TestBlockOutputStreamWithFailures.testFailureWithPrimeSizedData(TestBlockOutputStreamWithFailures.java:662)
	at sun.reflect.NativeMethodAccessorImpl.invoke0(Native Method)
	at sun.reflect.NativeMethodAccessorImpl.invoke(NativeMethodAccessorImpl.java:62)
	at sun.reflect.DelegatingMethodAccessorImpl.invoke(DelegatingMethodAccessorImpl.java:43)
	at java.lang.reflect.Method.invoke(Method.java:498)
	at org.junit.runners.model.FrameworkMethod$1.runReflectiveCall(FrameworkMethod.java:47)
	at org.junit.internal.runners.model.ReflectiveCallable.run(ReflectiveCallable.java:12)
	at org.junit.runners.model.FrameworkMethod.invokeExplosively(FrameworkMethod.java:44)
	at org.junit.internal.runners.statements.InvokeMethod.evaluate(InvokeMethod.java:17)
	at org.junit.internal.runners.statements.RunBefores.evaluate(RunBefores.java:26)
	at org.junit.internal.runners.statements.RunAfters.evaluate(RunAfters.java:27)
	at org.junit.runners.ParentRunner.runLeaf(ParentRunner.java:271)
	at org.junit.runners.BlockJUnit4ClassRunner.runChild(BlockJUnit4ClassRunner.java:70)
	at org.junit.runners.BlockJUnit4ClassRunner.runChild(BlockJUnit4ClassRunner.java:50)
	at org.junit.runners.ParentRunner$3.run(ParentRunner.java:238)
	at org.junit.runners.ParentRunner$1.schedule(ParentRunner.java:63)
	at org.junit.runners.ParentRunner.runChildren(ParentRunner.java:236)
	at org.junit.runners.ParentRunner.access$000(ParentRunner.java:53)
	at org.junit.runners.ParentRunner$2.evaluate(ParentRunner.java:229)
	at org.junit.runners.ParentRunner.run(ParentRunner.java:309)
	at org.apache.maven.surefire.junit4.JUnit4Provider.execute(JUnit4Provider.java:365)
	at org.apache.maven.surefire.junit4.JUnit4Provider.executeWithRerun(JUnit4Provider.java:273)
	at org.apache.maven.surefire.junit4.JUnit4Provider.executeTestSet(JUnit4Provider.java:238)
	at org.apache.maven.surefire.junit4.JUnit4Provider.invoke(JUnit4Provider.java:159)
	at org.apache.maven.surefire.booter.ForkedBooter.invokeProviderInSameClassLoader(ForkedBooter.java:384)
	at org.apache.maven.surefire.booter.ForkedBooter.runSuitesInProcess(ForkedBooter.java:345)
	at org.apache.maven.surefire.booter.ForkedBooter.execute(ForkedBooter.java:126)
	at org.apache.maven.surefire.booter.ForkedBooter.main(ForkedBooter.java:418)

Sep 06, 2019 1:43:11 AM org.apache.ratis.thirdparty.io.grpc.internal.ManagedChannelOrphanWrapper$ManagedChannelReference cleanQueue
SEVERE: *~*~*~ Channel ManagedChannelImpl{logId=3361, target=192.168.5.177:46872} was not shutdown properly!!! ~*~*~*
    Make sure to call shutdown()/shutdownNow() and wait until awaitTermination() returns true.
java.lang.RuntimeException: ManagedChannel allocation site
	at org.apache.ratis.thirdparty.io.grpc.internal.ManagedChannelOrphanWrapper$ManagedChannelReference.<init>(ManagedChannelOrphanWrapper.java:103)
	at org.apache.ratis.thirdparty.io.grpc.internal.ManagedChannelOrphanWrapper.<init>(ManagedChannelOrphanWrapper.java:53)
	at org.apache.ratis.thirdparty.io.grpc.internal.ManagedChannelOrphanWrapper.<init>(ManagedChannelOrphanWrapper.java:44)
	at org.apache.ratis.thirdparty.io.grpc.internal.AbstractManagedChannelImplBuilder.build(AbstractManagedChannelImplBuilder.java:411)
	at org.apache.hadoop.hdds.scm.XceiverClientGrpc.connectToDatanode(XceiverClientGrpc.java:175)
	at org.apache.hadoop.hdds.scm.XceiverClientGrpc.reconnect(XceiverClientGrpc.java:423)
	at org.apache.hadoop.hdds.scm.XceiverClientGrpc.sendCommandAsync(XceiverClientGrpc.java:372)
	at org.apache.hadoop.hdds.scm.XceiverClientGrpc.sendCommandWithRetry(XceiverClientGrpc.java:285)
	at org.apache.hadoop.hdds.scm.XceiverClientGrpc.sendCommandWithTraceIDAndRetry(XceiverClientGrpc.java:251)
	at org.apache.hadoop.hdds.scm.XceiverClientGrpc.sendCommand(XceiverClientGrpc.java:234)
	at org.apache.hadoop.hdds.scm.storage.ContainerProtocolCalls.getBlock(ContainerProtocolCalls.java:118)
	at org.apache.hadoop.hdds.scm.storage.BlockInputStream.getChunkInfos(BlockInputStream.java:167)
	at org.apache.hadoop.hdds.scm.storage.BlockInputStream.initialize(BlockInputStream.java:118)
	at org.apache.hadoop.hdds.scm.storage.BlockInputStream.read(BlockInputStream.java:222)
	at org.apache.hadoop.ozone.client.io.KeyInputStream.read(KeyInputStream.java:171)
	at org.apache.hadoop.ozone.client.io.OzoneInputStream.read(OzoneInputStream.java:47)
	at java.io.InputStream.read(InputStream.java:101)
	at org.apache.hadoop.ozone.container.ContainerTestHelper.validateData(ContainerTestHelper.java:714)
	at org.apache.hadoop.ozone.client.rpc.TestBlockOutputStreamWithFailures.validateData(TestBlockOutputStreamWithFailures.java:1216)
	at org.apache.hadoop.ozone.client.rpc.TestBlockOutputStreamWithFailures.testWatchForCommitWithCloseContainerException(TestBlockOutputStreamWithFailures.java:260)
	at sun.reflect.NativeMethodAccessorImpl.invoke0(Native Method)
	at sun.reflect.NativeMethodAccessorImpl.invoke(NativeMethodAccessorImpl.java:62)
	at sun.reflect.DelegatingMethodAccessorImpl.invoke(DelegatingMethodAccessorImpl.java:43)
	at java.lang.reflect.Method.invoke(Method.java:498)
	at org.junit.runners.model.FrameworkMethod$1.runReflectiveCall(FrameworkMethod.java:47)
	at org.junit.internal.runners.model.ReflectiveCallable.run(ReflectiveCallable.java:12)
	at org.junit.runners.model.FrameworkMethod.invokeExplosively(FrameworkMethod.java:44)
	at org.junit.internal.runners.statements.InvokeMethod.evaluate(InvokeMethod.java:17)
	at org.junit.internal.runners.statements.RunBefores.evaluate(RunBefores.java:26)
	at org.junit.internal.runners.statements.RunAfters.evaluate(RunAfters.java:27)
	at org.junit.runners.ParentRunner.runLeaf(ParentRunner.java:271)
	at org.junit.runners.BlockJUnit4ClassRunner.runChild(BlockJUnit4ClassRunner.java:70)
	at org.junit.runners.BlockJUnit4ClassRunner.runChild(BlockJUnit4ClassRunner.java:50)
	at org.junit.runners.ParentRunner$3.run(ParentRunner.java:238)
	at org.junit.runners.ParentRunner$1.schedule(ParentRunner.java:63)
	at org.junit.runners.ParentRunner.runChildren(ParentRunner.java:236)
	at org.junit.runners.ParentRunner.access$000(ParentRunner.java:53)
	at org.junit.runners.ParentRunner$2.evaluate(ParentRunner.java:229)
	at org.junit.runners.ParentRunner.run(ParentRunner.java:309)
	at org.apache.maven.surefire.junit4.JUnit4Provider.execute(JUnit4Provider.java:365)
	at org.apache.maven.surefire.junit4.JUnit4Provider.executeWithRerun(JUnit4Provider.java:273)
	at org.apache.maven.surefire.junit4.JUnit4Provider.executeTestSet(JUnit4Provider.java:238)
	at org.apache.maven.surefire.junit4.JUnit4Provider.invoke(JUnit4Provider.java:159)
	at org.apache.maven.surefire.booter.ForkedBooter.invokeProviderInSameClassLoader(ForkedBooter.java:384)
	at org.apache.maven.surefire.booter.ForkedBooter.runSuitesInProcess(ForkedBooter.java:345)
	at org.apache.maven.surefire.booter.ForkedBooter.execute(ForkedBooter.java:126)
	at org.apache.maven.surefire.booter.ForkedBooter.main(ForkedBooter.java:418)

Sep 06, 2019 1:43:11 AM org.apache.ratis.thirdparty.io.grpc.internal.ManagedChannelOrphanWrapper$ManagedChannelReference cleanQueue
SEVERE: *~*~*~ Channel ManagedChannelImpl{logId=3356, target=192.168.5.177:46872} was not shutdown properly!!! ~*~*~*
    Make sure to call shutdown()/shutdownNow() and wait until awaitTermination() returns true.
java.lang.RuntimeException: ManagedChannel allocation site
	at org.apache.ratis.thirdparty.io.grpc.internal.ManagedChannelOrphanWrapper$ManagedChannelReference.<init>(ManagedChannelOrphanWrapper.java:103)
	at org.apache.ratis.thirdparty.io.grpc.internal.ManagedChannelOrphanWrapper.<init>(ManagedChannelOrphanWrapper.java:53)
	at org.apache.ratis.thirdparty.io.grpc.internal.ManagedChannelOrphanWrapper.<init>(ManagedChannelOrphanWrapper.java:44)
	at org.apache.ratis.thirdparty.io.grpc.internal.AbstractManagedChannelImplBuilder.build(AbstractManagedChannelImplBuilder.java:411)
	at org.apache.hadoop.hdds.scm.XceiverClientGrpc.connectToDatanode(XceiverClientGrpc.java:175)
	at org.apache.hadoop.hdds.scm.XceiverClientGrpc.reconnect(XceiverClientGrpc.java:423)
	at org.apache.hadoop.hdds.scm.XceiverClientGrpc.sendCommandAsync(XceiverClientGrpc.java:372)
	at org.apache.hadoop.hdds.scm.XceiverClientGrpc.sendCommandWithRetry(XceiverClientGrpc.java:285)
	at org.apache.hadoop.hdds.scm.XceiverClientGrpc.sendCommandWithTraceIDAndRetry(XceiverClientGrpc.java:251)
	at org.apache.hadoop.hdds.scm.XceiverClientGrpc.sendCommand(XceiverClientGrpc.java:234)
	at org.apache.hadoop.hdds.scm.storage.ContainerProtocolCalls.readChunk(ContainerProtocolCalls.java:245)
	at org.apache.hadoop.hdds.scm.storage.ChunkInputStream.readChunk(ChunkInputStream.java:335)
	at org.apache.hadoop.hdds.scm.storage.ChunkInputStream.readChunkFromContainer(ChunkInputStream.java:307)
	at org.apache.hadoop.hdds.scm.storage.ChunkInputStream.prepareRead(ChunkInputStream.java:259)
	at org.apache.hadoop.hdds.scm.storage.ChunkInputStream.read(ChunkInputStream.java:144)
	at org.apache.hadoop.hdds.scm.storage.BlockInputStream.read(BlockInputStream.java:239)
	at org.apache.hadoop.ozone.client.io.KeyInputStream.read(KeyInputStream.java:171)
	at org.apache.hadoop.ozone.client.io.OzoneInputStream.read(OzoneInputStream.java:47)
	at java.io.InputStream.read(InputStream.java:101)
	at org.apache.hadoop.ozone.container.ContainerTestHelper.validateData(ContainerTestHelper.java:714)
	at org.apache.hadoop.ozone.client.rpc.TestBlockOutputStreamWithFailures.validateData(TestBlockOutputStreamWithFailures.java:1216)
	at org.apache.hadoop.ozone.client.rpc.TestBlockOutputStreamWithFailures.testWatchForCommitWithCloseContainerException(TestBlockOutputStreamWithFailures.java:260)
	at sun.reflect.NativeMethodAccessorImpl.invoke0(Native Method)
	at sun.reflect.NativeMethodAccessorImpl.invoke(NativeMethodAccessorImpl.java:62)
	at sun.reflect.DelegatingMethodAccessorImpl.invoke(DelegatingMethodAccessorImpl.java:43)
	at java.lang.reflect.Method.invoke(Method.java:498)
	at org.junit.runners.model.FrameworkMethod$1.runReflectiveCall(FrameworkMethod.java:47)
	at org.junit.internal.runners.model.ReflectiveCallable.run(ReflectiveCallable.java:12)
	at org.junit.runners.model.FrameworkMethod.invokeExplosively(FrameworkMethod.java:44)
	at org.junit.internal.runners.statements.InvokeMethod.evaluate(InvokeMethod.java:17)
	at org.junit.internal.runners.statements.RunBefores.evaluate(RunBefores.java:26)
	at org.junit.internal.runners.statements.RunAfters.evaluate(RunAfters.java:27)
	at org.junit.runners.ParentRunner.runLeaf(ParentRunner.java:271)
	at org.junit.runners.BlockJUnit4ClassRunner.runChild(BlockJUnit4ClassRunner.java:70)
	at org.junit.runners.BlockJUnit4ClassRunner.runChild(BlockJUnit4ClassRunner.java:50)
	at org.junit.runners.ParentRunner$3.run(ParentRunner.java:238)
	at org.junit.runners.ParentRunner$1.schedule(ParentRunner.java:63)
	at org.junit.runners.ParentRunner.runChildren(ParentRunner.java:236)
	at org.junit.runners.ParentRunner.access$000(ParentRunner.java:53)
	at org.junit.runners.ParentRunner$2.evaluate(ParentRunner.java:229)
	at org.junit.runners.ParentRunner.run(ParentRunner.java:309)
	at org.apache.maven.surefire.junit4.JUnit4Provider.execute(JUnit4Provider.java:365)
	at org.apache.maven.surefire.junit4.JUnit4Provider.executeWithRerun(JUnit4Provider.java:273)
	at org.apache.maven.surefire.junit4.JUnit4Provider.executeTestSet(JUnit4Provider.java:238)
	at org.apache.maven.surefire.junit4.JUnit4Provider.invoke(JUnit4Provider.java:159)
	at org.apache.maven.surefire.booter.ForkedBooter.invokeProviderInSameClassLoader(ForkedBooter.java:384)
	at org.apache.maven.surefire.booter.ForkedBooter.runSuitesInProcess(ForkedBooter.java:345)
	at org.apache.maven.surefire.booter.ForkedBooter.execute(ForkedBooter.java:126)
	at org.apache.maven.surefire.booter.ForkedBooter.main(ForkedBooter.java:418)

Sep 06, 2019 1:43:11 AM org.apache.ratis.thirdparty.io.grpc.internal.ManagedChannelOrphanWrapper$ManagedChannelReference cleanQueue
SEVERE: *~*~*~ Channel ManagedChannelImpl{logId=2592, target=192.168.5.177:36401} was not shutdown properly!!! ~*~*~*
    Make sure to call shutdown()/shutdownNow() and wait until awaitTermination() returns true.
java.lang.RuntimeException: ManagedChannel allocation site
	at org.apache.ratis.thirdparty.io.grpc.internal.ManagedChannelOrphanWrapper$ManagedChannelReference.<init>(ManagedChannelOrphanWrapper.java:103)
	at org.apache.ratis.thirdparty.io.grpc.internal.ManagedChannelOrphanWrapper.<init>(ManagedChannelOrphanWrapper.java:53)
	at org.apache.ratis.thirdparty.io.grpc.internal.ManagedChannelOrphanWrapper.<init>(ManagedChannelOrphanWrapper.java:44)
	at org.apache.ratis.thirdparty.io.grpc.internal.AbstractManagedChannelImplBuilder.build(AbstractManagedChannelImplBuilder.java:411)
	at org.apache.hadoop.hdds.scm.XceiverClientGrpc.connectToDatanode(XceiverClientGrpc.java:175)
	at org.apache.hadoop.hdds.scm.XceiverClientGrpc.reconnect(XceiverClientGrpc.java:423)
	at org.apache.hadoop.hdds.scm.XceiverClientGrpc.sendCommandAsync(XceiverClientGrpc.java:372)
	at org.apache.hadoop.hdds.scm.XceiverClientGrpc.sendCommandWithRetry(XceiverClientGrpc.java:285)
	at org.apache.hadoop.hdds.scm.XceiverClientGrpc.sendCommandWithTraceIDAndRetry(XceiverClientGrpc.java:251)
	at org.apache.hadoop.hdds.scm.XceiverClientGrpc.sendCommand(XceiverClientGrpc.java:234)
	at org.apache.hadoop.hdds.scm.storage.ContainerProtocolCalls.getBlock(ContainerProtocolCalls.java:118)
	at org.apache.hadoop.hdds.scm.storage.BlockInputStream.getChunkInfos(BlockInputStream.java:167)
	at org.apache.hadoop.hdds.scm.storage.BlockInputStream.initialize(BlockInputStream.java:118)
	at org.apache.hadoop.hdds.scm.storage.BlockInputStream.read(BlockInputStream.java:222)
	at org.apache.hadoop.ozone.client.io.KeyInputStream.read(KeyInputStream.java:171)
	at org.apache.hadoop.ozone.client.io.OzoneInputStream.read(OzoneInputStream.java:47)
	at java.io.InputStream.read(InputStream.java:101)
	at org.apache.hadoop.ozone.container.ContainerTestHelper.validateData(ContainerTestHelper.java:714)
	at org.apache.hadoop.ozone.client.rpc.TestBlockOutputStreamWithFailures.validateData(TestBlockOutputStreamWithFailures.java:1216)
	at org.apache.hadoop.ozone.client.rpc.TestBlockOutputStreamWithFailures.testWatchForCommitWithSingleNodeRatis(TestBlockOutputStreamWithFailures.java:918)
	at sun.reflect.NativeMethodAccessorImpl.invoke0(Native Method)
	at sun.reflect.NativeMethodAccessorImpl.invoke(NativeMethodAccessorImpl.java:62)
	at sun.reflect.DelegatingMethodAccessorImpl.invoke(DelegatingMethodAccessorImpl.java:43)
	at java.lang.reflect.Method.invoke(Method.java:498)
	at org.junit.runners.model.FrameworkMethod$1.runReflectiveCall(FrameworkMethod.java:47)
	at org.junit.internal.runners.model.ReflectiveCallable.run(ReflectiveCallable.java:12)
	at org.junit.runners.model.FrameworkMethod.invokeExplosively(FrameworkMethod.java:44)
	at org.junit.internal.runners.statements.InvokeMethod.evaluate(InvokeMethod.java:17)
	at org.junit.internal.runners.statements.RunBefores.evaluate(RunBefores.java:26)
	at org.junit.internal.runners.statements.RunAfters.evaluate(RunAfters.java:27)
	at org.junit.runners.ParentRunner.runLeaf(ParentRunner.java:271)
	at org.junit.runners.BlockJUnit4ClassRunner.runChild(BlockJUnit4ClassRunner.java:70)
	at org.junit.runners.BlockJUnit4ClassRunner.runChild(BlockJUnit4ClassRunner.java:50)
	at org.junit.runners.ParentRunner$3.run(ParentRunner.java:238)
	at org.junit.runners.ParentRunner$1.schedule(ParentRunner.java:63)
	at org.junit.runners.ParentRunner.runChildren(ParentRunner.java:236)
	at org.junit.runners.ParentRunner.access$000(ParentRunner.java:53)
	at org.junit.runners.ParentRunner$2.evaluate(ParentRunner.java:229)
	at org.junit.runners.ParentRunner.run(ParentRunner.java:309)
	at org.apache.maven.surefire.junit4.JUnit4Provider.execute(JUnit4Provider.java:365)
	at org.apache.maven.surefire.junit4.JUnit4Provider.executeWithRerun(JUnit4Provider.java:273)
	at org.apache.maven.surefire.junit4.JUnit4Provider.executeTestSet(JUnit4Provider.java:238)
	at org.apache.maven.surefire.junit4.JUnit4Provider.invoke(JUnit4Provider.java:159)
	at org.apache.maven.surefire.booter.ForkedBooter.invokeProviderInSameClassLoader(ForkedBooter.java:384)
	at org.apache.maven.surefire.booter.ForkedBooter.runSuitesInProcess(ForkedBooter.java:345)
	at org.apache.maven.surefire.booter.ForkedBooter.execute(ForkedBooter.java:126)
	at org.apache.maven.surefire.booter.ForkedBooter.main(ForkedBooter.java:418)

Sep 06, 2019 1:43:11 AM org.apache.ratis.thirdparty.io.grpc.internal.ManagedChannelOrphanWrapper$ManagedChannelReference cleanQueue
SEVERE: *~*~*~ Channel ManagedChannelImpl{logId=3152, target=192.168.5.177:39529} was not shutdown properly!!! ~*~*~*
    Make sure to call shutdown()/shutdownNow() and wait until awaitTermination() returns true.
java.lang.RuntimeException: ManagedChannel allocation site
	at org.apache.ratis.thirdparty.io.grpc.internal.ManagedChannelOrphanWrapper$ManagedChannelReference.<init>(ManagedChannelOrphanWrapper.java:103)
	at org.apache.ratis.thirdparty.io.grpc.internal.ManagedChannelOrphanWrapper.<init>(ManagedChannelOrphanWrapper.java:53)
	at org.apache.ratis.thirdparty.io.grpc.internal.ManagedChannelOrphanWrapper.<init>(ManagedChannelOrphanWrapper.java:44)
	at org.apache.ratis.thirdparty.io.grpc.internal.AbstractManagedChannelImplBuilder.build(AbstractManagedChannelImplBuilder.java:411)
	at org.apache.hadoop.hdds.scm.XceiverClientGrpc.connectToDatanode(XceiverClientGrpc.java:175)
	at org.apache.hadoop.hdds.scm.XceiverClientGrpc.reconnect(XceiverClientGrpc.java:423)
	at org.apache.hadoop.hdds.scm.XceiverClientGrpc.sendCommandAsync(XceiverClientGrpc.java:372)
	at org.apache.hadoop.hdds.scm.XceiverClientGrpc.sendCommandWithRetry(XceiverClientGrpc.java:285)
	at org.apache.hadoop.hdds.scm.XceiverClientGrpc.sendCommandWithTraceIDAndRetry(XceiverClientGrpc.java:251)
	at org.apache.hadoop.hdds.scm.XceiverClientGrpc.sendCommand(XceiverClientGrpc.java:234)
	at org.apache.hadoop.hdds.scm.storage.ContainerProtocolCalls.getBlock(ContainerProtocolCalls.java:118)
	at org.apache.hadoop.hdds.scm.storage.BlockInputStream.getChunkInfos(BlockInputStream.java:167)
	at org.apache.hadoop.hdds.scm.storage.BlockInputStream.initialize(BlockInputStream.java:118)
	at org.apache.hadoop.hdds.scm.storage.BlockInputStream.read(BlockInputStream.java:222)
	at org.apache.hadoop.ozone.client.io.KeyInputStream.read(KeyInputStream.java:171)
	at org.apache.hadoop.ozone.client.io.OzoneInputStream.read(OzoneInputStream.java:47)
	at java.io.InputStream.read(InputStream.java:101)
	at org.apache.hadoop.ozone.container.ContainerTestHelper.validateData(ContainerTestHelper.java:714)
	at org.apache.hadoop.ozone.client.rpc.TestBlockOutputStreamWithFailures.validateData(TestBlockOutputStreamWithFailures.java:1216)
	at org.apache.hadoop.ozone.client.rpc.TestBlockOutputStreamWithFailures.testFailureWithPrimeSizedData(TestBlockOutputStreamWithFailures.java:662)
	at sun.reflect.NativeMethodAccessorImpl.invoke0(Native Method)
	at sun.reflect.NativeMethodAccessorImpl.invoke(NativeMethodAccessorImpl.java:62)
	at sun.reflect.DelegatingMethodAccessorImpl.invoke(DelegatingMethodAccessorImpl.java:43)
	at java.lang.reflect.Method.invoke(Method.java:498)
	at org.junit.runners.model.FrameworkMethod$1.runReflectiveCall(FrameworkMethod.java:47)
	at org.junit.internal.runners.model.ReflectiveCallable.run(ReflectiveCallable.java:12)
	at org.junit.runners.model.FrameworkMethod.invokeExplosively(FrameworkMethod.java:44)
	at org.junit.internal.runners.statements.InvokeMethod.evaluate(InvokeMethod.java:17)
	at org.junit.internal.runners.statements.RunBefores.evaluate(RunBefores.java:26)
	at org.junit.internal.runners.statements.RunAfters.evaluate(RunAfters.java:27)
	at org.junit.runners.ParentRunner.runLeaf(ParentRunner.java:271)
	at org.junit.runners.BlockJUnit4ClassRunner.runChild(BlockJUnit4ClassRunner.java:70)
	at org.junit.runners.BlockJUnit4ClassRunner.runChild(BlockJUnit4ClassRunner.java:50)
	at org.junit.runners.ParentRunner$3.run(ParentRunner.java:238)
	at org.junit.runners.ParentRunner$1.schedule(ParentRunner.java:63)
	at org.junit.runners.ParentRunner.runChildren(ParentRunner.java:236)
	at org.junit.runners.ParentRunner.access$000(ParentRunner.java:53)
	at org.junit.runners.ParentRunner$2.evaluate(ParentRunner.java:229)
	at org.junit.runners.ParentRunner.run(ParentRunner.java:309)
	at org.apache.maven.surefire.junit4.JUnit4Provider.execute(JUnit4Provider.java:365)
	at org.apache.maven.surefire.junit4.JUnit4Provider.executeWithRerun(JUnit4Provider.java:273)
	at org.apache.maven.surefire.junit4.JUnit4Provider.executeTestSet(JUnit4Provider.java:238)
	at org.apache.maven.surefire.junit4.JUnit4Provider.invoke(JUnit4Provider.java:159)
	at org.apache.maven.surefire.booter.ForkedBooter.invokeProviderInSameClassLoader(ForkedBooter.java:384)
	at org.apache.maven.surefire.booter.ForkedBooter.runSuitesInProcess(ForkedBooter.java:345)
	at org.apache.maven.surefire.booter.ForkedBooter.execute(ForkedBooter.java:126)
	at org.apache.maven.surefire.booter.ForkedBooter.main(ForkedBooter.java:418)

Sep 06, 2019 1:43:11 AM org.apache.ratis.thirdparty.io.grpc.internal.ManagedChannelOrphanWrapper$ManagedChannelReference cleanQueue
SEVERE: *~*~*~ Channel ManagedChannelImpl{logId=2839, target=192.168.5.177:42384} was not shutdown properly!!! ~*~*~*
    Make sure to call shutdown()/shutdownNow() and wait until awaitTermination() returns true.
java.lang.RuntimeException: ManagedChannel allocation site
	at org.apache.ratis.thirdparty.io.grpc.internal.ManagedChannelOrphanWrapper$ManagedChannelReference.<init>(ManagedChannelOrphanWrapper.java:103)
	at org.apache.ratis.thirdparty.io.grpc.internal.ManagedChannelOrphanWrapper.<init>(ManagedChannelOrphanWrapper.java:53)
	at org.apache.ratis.thirdparty.io.grpc.internal.ManagedChannelOrphanWrapper.<init>(ManagedChannelOrphanWrapper.java:44)
	at org.apache.ratis.thirdparty.io.grpc.internal.AbstractManagedChannelImplBuilder.build(AbstractManagedChannelImplBuilder.java:411)
	at org.apache.ratis.grpc.client.GrpcClientProtocolClient.<init>(GrpcClientProtocolClient.java:119)
	at org.apache.ratis.grpc.client.GrpcClientRpc.lambda$new$0(GrpcClientRpc.java:55)
	at org.apache.ratis.util.PeerProxyMap$PeerAndProxy.lambda$getProxy$0(PeerProxyMap.java:61)
	at org.apache.ratis.util.LifeCycle.startAndTransition(LifeCycle.java:202)
	at org.apache.ratis.util.PeerProxyMap$PeerAndProxy.getProxy(PeerProxyMap.java:60)
	at org.apache.ratis.util.PeerProxyMap.getProxy(PeerProxyMap.java:107)
	at org.apache.ratis.grpc.client.GrpcClientRpc.sendRequestAsync(GrpcClientRpc.java:66)
	at org.apache.ratis.client.impl.OrderedAsync.sendRequest(OrderedAsync.java:208)
	at org.apache.ratis.client.impl.OrderedAsync.sendRequestWithRetry(OrderedAsync.java:169)
	at org.apache.ratis.util.SlidingWindow$Client.sendOrDelayRequest(SlidingWindow.java:278)
	at org.apache.ratis.util.SlidingWindow$Client.retry(SlidingWindow.java:294)
	at org.apache.ratis.client.impl.OrderedAsync.lambda$scheduleWithTimeout$7(OrderedAsync.java:195)
	at org.apache.ratis.util.TimeoutScheduler.lambda$onTimeout$0(TimeoutScheduler.java:85)
	at org.apache.ratis.util.TimeoutScheduler.lambda$onTimeout$1(TimeoutScheduler.java:104)
	at org.apache.ratis.util.LogUtils.runAndLog(LogUtils.java:50)
	at org.apache.ratis.util.LogUtils$1.run(LogUtils.java:91)
	at java.util.concurrent.Executors$RunnableAdapter.call(Executors.java:511)
	at java.util.concurrent.FutureTask.run(FutureTask.java:266)
	at java.util.concurrent.ScheduledThreadPoolExecutor$ScheduledFutureTask.access$201(ScheduledThreadPoolExecutor.java:180)
	at java.util.concurrent.ScheduledThreadPoolExecutor$ScheduledFutureTask.run(ScheduledThreadPoolExecutor.java:293)
	at java.util.concurrent.ThreadPoolExecutor.runWorker(ThreadPoolExecutor.java:1149)
	at java.util.concurrent.ThreadPoolExecutor$Worker.run(ThreadPoolExecutor.java:624)
	at java.lang.Thread.run(Thread.java:748)

]]></system-err>
  </testcase>
</testsuite>