<?xml version="1.0" encoding="UTF-8"?>
<testsuite xmlns:xsi="http://www.w3.org/2001/XMLSchema-instance" xsi:noNamespaceSchemaLocation="https://maven.apache.org/surefire/maven-surefire-plugin/xsd/surefire-test-report.xsd" name="org.apache.hadoop.ozone.client.rpc.TestBlockOutputStreamWithFailures" time="772.929" tests="8" errors="0" skipped="0" failures="1">
  <properties>
    <property name="awt.toolkit" value="sun.awt.X11.XToolkit"/>
    <property name="file.encoding.pkg" value="sun.io"/>
    <property name="java.specification.version" value="1.8"/>
    <property name="sun.cpu.isalist" value=""/>
    <property name="sun.jnu.encoding" value="UTF-8"/>
    <property name="java.class.path" value="/workdir/hadoop-ozone/integration-test/target/test-classes:/workdir/hadoop-ozone/integration-test/target/classes:/home/user/.m2/repository/org/apache/hadoop/hadoop-ozone-common/0.5.0-SNAPSHOT/hadoop-ozone-common-0.5.0-SNAPSHOT.jar:/home/user/.m2/repository/org/apache/commons/commons-compress/1.4.1/commons-compress-1.4.1.jar:/home/user/.m2/repository/org/tukaani/xz/1.0/xz-1.0.jar:/home/user/.m2/repository/org/apache/hadoop/hadoop-common/3.2.0/hadoop-common-3.2.0.jar:/home/user/.m2/repository/org/apache/hadoop/hadoop-hdfs/3.2.0/hadoop-hdfs-3.2.0.jar:/home/user/.m2/repository/org/apache/hadoop/hadoop-hdfs-client/3.2.0/hadoop-hdfs-client-3.2.0.jar:/home/user/.m2/repository/com/fasterxml/jackson/core/jackson-annotations/2.9.5/jackson-annotations-2.9.5.jar:/home/user/.m2/repository/org/apache/hadoop/hadoop-hdds-common/0.5.0-SNAPSHOT/hadoop-hdds-common-0.5.0-SNAPSHOT.jar:/home/user/.m2/repository/javax/annotation/javax.annotation-api/1.2/javax.annotation-api-1.2.jar:/home/user/.m2/repository/org/apache/ratis/ratis-server/0.4.0-2337318-SNAPSHOT/ratis-server-0.4.0-2337318-SNAPSHOT.jar:/home/user/.m2/repository/org/apache/ratis/ratis-thirdparty-misc/0.2.0/ratis-thirdparty-misc-0.2.0.jar:/home/user/.m2/repository/org/apache/ratis/ratis-proto/0.4.0-2337318-SNAPSHOT/ratis-proto-0.4.0-2337318-SNAPSHOT.jar:/home/user/.m2/repository/org/apache/ratis/ratis-common/0.4.0-2337318-SNAPSHOT/ratis-common-0.4.0-2337318-SNAPSHOT.jar:/home/user/.m2/repository/org/apache/ratis/ratis-client/0.4.0-2337318-SNAPSHOT/ratis-client-0.4.0-2337318-SNAPSHOT.jar:/home/user/.m2/repository/org/apache/ratis/ratis-metrics/0.4.0-2337318-SNAPSHOT/ratis-metrics-0.4.0-2337318-SNAPSHOT.jar:/home/user/.m2/repository/org/apache/ratis/ratis-netty/0.4.0-2337318-SNAPSHOT/ratis-netty-0.4.0-2337318-SNAPSHOT.jar:/home/user/.m2/repository/org/apache/ratis/ratis-grpc/0.4.0-2337318-SNAPSHOT/ratis-grpc-0.4.0-2337318-SNAPSHOT.jar:/home/user/.m2/repository/org/rocksdb/rocksdbjni/6.0.1/rocksdbjni-6.0.1.jar:/home/user/.m2/repository/org/apache/logging/log4j/log4j-api/2.11.0/log4j-api-2.11.0.jar:/home/user/.m2/repository/org/apache/logging/log4j/log4j-core/2.11.0/log4j-core-2.11.0.jar:/home/user/.m2/repository/com/lmax/disruptor/3.4.2/disruptor-3.4.2.jar:/home/user/.m2/repository/org/apache/commons/commons-pool2/2.6.0/commons-pool2-2.6.0.jar:/home/user/.m2/repository/org/bouncycastle/bcpkix-jdk15on/1.60/bcpkix-jdk15on-1.60.jar:/home/user/.m2/repository/commons-validator/commons-validator/1.6/commons-validator-1.6.jar:/home/user/.m2/repository/commons-digester/commons-digester/1.8.1/commons-digester-1.8.1.jar:/home/user/.m2/repository/io/jaegertracing/jaeger-client/0.33.1/jaeger-client-0.33.1.jar:/home/user/.m2/repository/io/jaegertracing/jaeger-thrift/0.33.1/jaeger-thrift-0.33.1.jar:/home/user/.m2/repository/org/apache/thrift/libthrift/0.11.0/libthrift-0.11.0.jar:/home/user/.m2/repository/com/squareup/okhttp3/okhttp/3.9.0/okhttp-3.9.0.jar:/home/user/.m2/repository/com/squareup/okio/okio/1.13.0/okio-1.13.0.jar:/home/user/.m2/repository/io/jaegertracing/jaeger-core/0.33.1/jaeger-core-0.33.1.jar:/home/user/.m2/repository/io/jaegertracing/jaeger-tracerresolver/0.33.1/jaeger-tracerresolver-0.33.1.jar:/home/user/.m2/repository/io/opentracing/contrib/opentracing-tracerresolver/0.1.5/opentracing-tracerresolver-0.1.5.jar:/home/user/.m2/repository/io/opentracing/opentracing-util/0.31.0/opentracing-util-0.31.0.jar:/home/user/.m2/repository/io/opentracing/opentracing-api/0.31.0/opentracing-api-0.31.0.jar:/home/user/.m2/repository/io/opentracing/opentracing-noop/0.31.0/opentracing-noop-0.31.0.jar:/home/user/.m2/repository/org/apache/hadoop/hadoop-hdds-server-framework/0.5.0-SNAPSHOT/hadoop-hdds-server-framework-0.5.0-SNAPSHOT.jar:/home/user/.m2/repository/org/apache/hadoop/hadoop-hdds-container-service/0.5.0-SNAPSHOT/hadoop-hdds-container-service-0.5.0-SNAPSHOT.jar:/home/user/.m2/repository/org/apache/hadoop/hadoop-hdds-client/0.5.0-SNAPSHOT/hadoop-hdds-client-0.5.0-SNAPSHOT.jar:/home/user/.m2/repository/org/apache/hadoop/hadoop-hdds-tools/0.5.0-SNAPSHOT/hadoop-hdds-tools-0.5.0-SNAPSHOT.jar:/home/user/.m2/repository/org/apache/hadoop/hadoop-hdds-server-scm/0.5.0-SNAPSHOT/hadoop-hdds-server-scm-0.5.0-SNAPSHOT.jar:/home/user/.m2/repository/org/apache/hadoop/hadoop-hdds-docs/0.5.0-SNAPSHOT/hadoop-hdds-docs-0.5.0-SNAPSHOT.jar:/home/user/.m2/repository/io/dropwizard/metrics/metrics-core/3.2.4/metrics-core-3.2.4.jar:/home/user/.m2/repository/org/hamcrest/hamcrest-all/1.3/hamcrest-all-1.3.jar:/home/user/.m2/repository/org/bouncycastle/bcprov-jdk15on/1.60/bcprov-jdk15on-1.60.jar:/home/user/.m2/repository/info/picocli/picocli/3.9.6/picocli-3.9.6.jar:/home/user/.m2/repository/com/google/protobuf/protobuf-java/2.5.0/protobuf-java-2.5.0.jar:/home/user/.m2/repository/com/google/guava/guava/11.0.2/guava-11.0.2.jar:/home/user/.m2/repository/org/apache/hadoop/hadoop-ozone-ozone-manager/0.5.0-SNAPSHOT/hadoop-ozone-ozone-manager-0.5.0-SNAPSHOT.jar:/home/user/.m2/repository/org/apache/hadoop/hadoop-minikdc/3.2.0/hadoop-minikdc-3.2.0.jar:/home/user/.m2/repository/commons-io/commons-io/2.5/commons-io-2.5.jar:/home/user/.m2/repository/org/apache/kerby/kerb-simplekdc/1.0.1/kerb-simplekdc-1.0.1.jar:/home/user/.m2/repository/org/apache/kerby/kerb-client/1.0.1/kerb-client-1.0.1.jar:/home/user/.m2/repository/org/apache/kerby/kerby-config/1.0.1/kerby-config-1.0.1.jar:/home/user/.m2/repository/org/apache/kerby/kerb-core/1.0.1/kerb-core-1.0.1.jar:/home/user/.m2/repository/org/apache/kerby/kerby-pkix/1.0.1/kerby-pkix-1.0.1.jar:/home/user/.m2/repository/org/apache/kerby/kerby-asn1/1.0.1/kerby-asn1-1.0.1.jar:/home/user/.m2/repository/org/apache/kerby/kerby-util/1.0.1/kerby-util-1.0.1.jar:/home/user/.m2/repository/org/apache/kerby/kerb-common/1.0.1/kerb-common-1.0.1.jar:/home/user/.m2/repository/org/apache/kerby/kerb-crypto/1.0.1/kerb-crypto-1.0.1.jar:/home/user/.m2/repository/org/apache/kerby/kerb-util/1.0.1/kerb-util-1.0.1.jar:/home/user/.m2/repository/org/apache/kerby/token-provider/1.0.1/token-provider-1.0.1.jar:/home/user/.m2/repository/org/apache/kerby/kerb-admin/1.0.1/kerb-admin-1.0.1.jar:/home/user/.m2/repository/org/apache/kerby/kerb-server/1.0.1/kerb-server-1.0.1.jar:/home/user/.m2/repository/org/apache/kerby/kerb-identity/1.0.1/kerb-identity-1.0.1.jar:/home/user/.m2/repository/org/apache/kerby/kerby-xdr/1.0.1/kerby-xdr-1.0.1.jar:/home/user/.m2/repository/org/slf4j/slf4j-log4j12/1.7.25/slf4j-log4j12-1.7.25.jar:/home/user/.m2/repository/org/apache/hadoop/hadoop-ozone-objectstore-service/0.5.0-SNAPSHOT/hadoop-ozone-objectstore-service-0.5.0-SNAPSHOT.jar:/home/user/.m2/repository/org/apache/hadoop/hadoop-ozone-s3gateway/0.5.0-SNAPSHOT/hadoop-ozone-s3gateway-0.5.0-SNAPSHOT.jar:/home/user/.m2/repository/org/jboss/weld/servlet/weld-servlet/2.4.7.Final/weld-servlet-2.4.7.Final.jar:/home/user/.m2/repository/org/glassfish/jersey/containers/jersey-container-servlet-core/2.27/jersey-container-servlet-core-2.27.jar:/home/user/.m2/repository/org/glassfish/hk2/external/javax.inject/2.5.0-b42/javax.inject-2.5.0-b42.jar:/home/user/.m2/repository/org/glassfish/jersey/core/jersey-common/2.27/jersey-common-2.27.jar:/home/user/.m2/repository/org/glassfish/hk2/osgi-resource-locator/1.0.1/osgi-resource-locator-1.0.1.jar:/home/user/.m2/repository/javax/ws/rs/javax.ws.rs-api/2.1/javax.ws.rs-api-2.1.jar:/home/user/.m2/repository/org/glassfish/jersey/ext/cdi/jersey-cdi1x/2.27/jersey-cdi1x-2.27.jar:/home/user/.m2/repository/org/glassfish/jersey/inject/jersey-hk2/2.27/jersey-hk2-2.27.jar:/home/user/.m2/repository/org/glassfish/hk2/hk2-locator/2.5.0-b42/hk2-locator-2.5.0-b42.jar:/home/user/.m2/repository/org/javassist/javassist/3.22.0-CR2/javassist-3.22.0-CR2.jar:/home/user/.m2/repository/org/glassfish/hk2/hk2-api/2.5.0/hk2-api-2.5.0.jar:/home/user/.m2/repository/org/glassfish/hk2/external/jakarta.inject/2.5.0/jakarta.inject-2.5.0.jar:/home/user/.m2/repository/org/glassfish/hk2/hk2-utils/2.5.0/hk2-utils-2.5.0.jar:/home/user/.m2/repository/jakarta/annotation/jakarta.annotation-api/1.3.4/jakarta.annotation-api-1.3.4.jar:/home/user/.m2/repository/org/glassfish/hk2/external/aopalliance-repackaged/2.5.0/aopalliance-repackaged-2.5.0.jar:/home/user/.m2/repository/com/fasterxml/jackson/dataformat/jackson-dataformat-xml/2.9.0/jackson-dataformat-xml-2.9.0.jar:/home/user/.m2/repository/com/fasterxml/jackson/core/jackson-core/2.9.5/jackson-core-2.9.5.jar:/home/user/.m2/repository/com/fasterxml/jackson/module/jackson-module-jaxb-annotations/2.9.5/jackson-module-jaxb-annotations-2.9.5.jar:/home/user/.m2/repository/javax/enterprise/cdi-api/1.2/cdi-api-1.2.jar:/home/user/.m2/repository/javax/el/javax.el-api/3.0.0/javax.el-api-3.0.0.jar:/home/user/.m2/repository/javax/interceptor/javax.interceptor-api/1.2/javax.interceptor-api-1.2.jar:/home/user/.m2/repository/javax/inject/javax.inject/1/javax.inject-1.jar:/home/user/.m2/repository/com/sun/xml/bind/jaxb-impl/2.3.0.1/jaxb-impl-2.3.0.1.jar:/home/user/.m2/repository/com/sun/xml/bind/jaxb-core/2.3.0.1/jaxb-core-2.3.0.1.jar:/home/user/.m2/repository/javax/xml/bind/jaxb-api/2.3.0/jaxb-api-2.3.0.jar:/home/user/.m2/repository/javax/activation/activation/1.1.1/activation-1.1.1.jar:/home/user/.m2/repository/org/apache/hadoop/hadoop-ozone-csi/0.5.0-SNAPSHOT/hadoop-ozone-csi-0.5.0-SNAPSHOT.jar:/home/user/.m2/repository/com/google/protobuf/protobuf-java-util/3.5.1/protobuf-java-util-3.5.1.jar:/home/user/.m2/repository/org/apache/hadoop/hadoop-hdds-config/0.5.0-SNAPSHOT/hadoop-hdds-config-0.5.0-SNAPSHOT.jar:/home/user/.m2/repository/io/grpc/grpc-netty/1.17.1/grpc-netty-1.17.1.jar:/home/user/.m2/repository/io/grpc/grpc-core/1.17.1/grpc-core-1.17.1.jar:/home/user/.m2/repository/io/grpc/grpc-context/1.17.1/grpc-context-1.17.1.jar:/home/user/.m2/repository/com/google/errorprone/error_prone_annotations/2.2.0/error_prone_annotations-2.2.0.jar:/home/user/.m2/repository/org/codehaus/mojo/animal-sniffer-annotations/1.17/animal-sniffer-annotations-1.17.jar:/home/user/.m2/repository/io/opencensus/opencensus-api/0.17.0/opencensus-api-0.17.0.jar:/home/user/.m2/repository/io/opencensus/opencensus-contrib-grpc-metrics/0.17.0/opencensus-contrib-grpc-metrics-0.17.0.jar:/home/user/.m2/repository/io/netty/netty-codec-http2/4.1.30.Final/netty-codec-http2-4.1.30.Final.jar:/home/user/.m2/repository/io/netty/netty-codec-http/4.1.30.Final/netty-codec-http-4.1.30.Final.jar:/home/user/.m2/repository/io/netty/netty-codec/4.1.30.Final/netty-codec-4.1.30.Final.jar:/home/user/.m2/repository/io/netty/netty-handler/4.1.30.Final/netty-handler-4.1.30.Final.jar:/home/user/.m2/repository/io/netty/netty-handler-proxy/4.1.30.Final/netty-handler-proxy-4.1.30.Final.jar:/home/user/.m2/repository/io/netty/netty-codec-socks/4.1.30.Final/netty-codec-socks-4.1.30.Final.jar:/home/user/.m2/repository/io/netty/netty-transport-native-epoll/4.1.30.Final/netty-transport-native-epoll-4.1.30.Final.jar:/home/user/.m2/repository/io/netty/netty-common/4.1.30.Final/netty-common-4.1.30.Final.jar:/home/user/.m2/repository/io/netty/netty-buffer/4.1.30.Final/netty-buffer-4.1.30.Final.jar:/home/user/.m2/repository/io/netty/netty-transport/4.1.30.Final/netty-transport-4.1.30.Final.jar:/home/user/.m2/repository/io/netty/netty-resolver/4.1.30.Final/netty-resolver-4.1.30.Final.jar:/home/user/.m2/repository/io/netty/netty-transport-native-unix-common/4.1.30.Final/netty-transport-native-unix-common-4.1.30.Final.jar:/home/user/.m2/repository/io/grpc/grpc-protobuf/1.17.1/grpc-protobuf-1.17.1.jar:/home/user/.m2/repository/com/google/api/grpc/proto-google-common-protos/1.0.0/proto-google-common-protos-1.0.0.jar:/home/user/.m2/repository/io/grpc/grpc-protobuf-lite/1.17.1/grpc-protobuf-lite-1.17.1.jar:/home/user/.m2/repository/io/grpc/grpc-stub/1.17.1/grpc-stub-1.17.1.jar:/home/user/.m2/repository/org/apache/hadoop/hadoop-ozone-recon/0.5.0-SNAPSHOT/hadoop-ozone-recon-0.5.0-SNAPSHOT.jar:/home/user/.m2/repository/org/apache/hadoop/hadoop-ozone-reconcodegen/0.5.0-SNAPSHOT/hadoop-ozone-reconcodegen-0.5.0-SNAPSHOT.jar:/home/user/.m2/repository/com/google/inject/extensions/guice-multibindings/4.0/guice-multibindings-4.0.jar:/home/user/.m2/repository/com/google/inject/guice/4.0/guice-4.0.jar:/home/user/.m2/repository/aopalliance/aopalliance/1.0/aopalliance-1.0.jar:/home/user/.m2/repository/com/google/inject/extensions/guice-servlet/4.0/guice-servlet-4.0.jar:/home/user/.m2/repository/org/glassfish/jersey/containers/jersey-container-servlet/2.27/jersey-container-servlet-2.27.jar:/home/user/.m2/repository/org/glassfish/hk2/guice-bridge/2.5.0/guice-bridge-2.5.0.jar:/home/user/.m2/repository/org/glassfish/jersey/core/jersey-server/2.27/jersey-server-2.27.jar:/home/user/.m2/repository/org/glassfish/jersey/core/jersey-client/2.27/jersey-client-2.27.jar:/home/user/.m2/repository/org/glassfish/jersey/media/jersey-media-jaxb/2.27/jersey-media-jaxb-2.27.jar:/home/user/.m2/repository/javax/validation/validation-api/1.1.0.Final/validation-api-1.1.0.Final.jar:/home/user/.m2/repository/org/glassfish/jersey/media/jersey-media-json-jackson/2.27/jersey-media-json-jackson-2.27.jar:/home/user/.m2/repository/org/glassfish/jersey/ext/jersey-entity-filtering/2.27/jersey-entity-filtering-2.27.jar:/home/user/.m2/repository/com/google/inject/extensions/guice-assistedinject/4.0/guice-assistedinject-4.0.jar:/home/user/.m2/repository/org/jooq/jooq/3.11.10/jooq-3.11.10.jar:/home/user/.m2/repository/org/jooq/jooq-meta/3.11.10/jooq-meta-3.11.10.jar:/home/user/.m2/repository/org/jooq/jooq-codegen/3.11.10/jooq-codegen-3.11.10.jar:/home/user/.m2/repository/com/jolbox/bonecp/0.8.0.RELEASE/bonecp-0.8.0.RELEASE.jar:/home/user/.m2/repository/org/xerial/sqlite-jdbc/3.25.2/sqlite-jdbc-3.25.2.jar:/home/user/.m2/repository/org/springframework/spring-jdbc/5.1.3.RELEASE/spring-jdbc-5.1.3.RELEASE.jar:/home/user/.m2/repository/org/springframework/spring-beans/5.1.3.RELEASE/spring-beans-5.1.3.RELEASE.jar:/home/user/.m2/repository/org/springframework/spring-core/5.1.3.RELEASE/spring-core-5.1.3.RELEASE.jar:/home/user/.m2/repository/org/springframework/spring-jcl/5.1.3.RELEASE/spring-jcl-5.1.3.RELEASE.jar:/home/user/.m2/repository/org/springframework/spring-tx/5.1.3.RELEASE/spring-tx-5.1.3.RELEASE.jar:/home/user/.m2/repository/org/apache/hadoop/hadoop-ozone-client/0.5.0-SNAPSHOT/hadoop-ozone-client-0.5.0-SNAPSHOT.jar:/home/user/.m2/repository/commons-lang/commons-lang/2.6/commons-lang-2.6.jar:/home/user/.m2/repository/org/apache/hadoop/hadoop-ozone-ozone-manager/0.5.0-SNAPSHOT/hadoop-ozone-ozone-manager-0.5.0-SNAPSHOT-tests.jar:/home/user/.m2/repository/junit/junit/4.11/junit-4.11.jar:/home/user/.m2/repository/org/hamcrest/hamcrest-core/1.3/hamcrest-core-1.3.jar:/home/user/.m2/repository/org/openjdk/jmh/jmh-core/1.19/jmh-core-1.19.jar:/home/user/.m2/repository/net/sf/jopt-simple/jopt-simple/4.6/jopt-simple-4.6.jar:/home/user/.m2/repository/org/apache/commons/commons-math3/3.1.1/commons-math3-3.1.1.jar:/home/user/.m2/repository/org/openjdk/jmh/jmh-generator-annprocess/1.19/jmh-generator-annprocess-1.19.jar:/home/user/.m2/repository/org/mockito/mockito-all/1.8.5/mockito-all-1.8.5.jar:/home/user/.m2/repository/org/apache/hadoop/hadoop-kms/3.2.0/hadoop-kms-3.2.0.jar:/home/user/.m2/repository/org/apache/hadoop/hadoop-auth/3.2.0/hadoop-auth-3.2.0.jar:/home/user/.m2/repository/com/nimbusds/nimbus-jose-jwt/4.41.1/nimbus-jose-jwt-4.41.1.jar:/home/user/.m2/repository/com/github/stephenc/jcip/jcip-annotations/1.0-1/jcip-annotations-1.0-1.jar:/home/user/.m2/repository/net/minidev/json-smart/2.3/json-smart-2.3.jar:/home/user/.m2/repository/net/minidev/accessors-smart/1.2/accessors-smart-1.2.jar:/home/user/.m2/repository/org/ow2/asm/asm/5.0.4/asm-5.0.4.jar:/home/user/.m2/repository/org/apache/curator/curator-framework/2.12.0/curator-framework-2.12.0.jar:/home/user/.m2/repository/com/sun/jersey/jersey-core/1.19/jersey-core-1.19.jar:/home/user/.m2/repository/javax/ws/rs/jsr311-api/1.1.1/jsr311-api-1.1.1.jar:/home/user/.m2/repository/com/sun/jersey/jersey-server/1.19/jersey-server-1.19.jar:/home/user/.m2/repository/javax/servlet/javax.servlet-api/3.1.0/javax.servlet-api-3.1.0.jar:/home/user/.m2/repository/org/eclipse/jetty/jetty-server/9.3.24.v20180605/jetty-server-9.3.24.v20180605.jar:/home/user/.m2/repository/org/eclipse/jetty/jetty-http/9.3.24.v20180605/jetty-http-9.3.24.v20180605.jar:/home/user/.m2/repository/org/eclipse/jetty/jetty-io/9.3.24.v20180605/jetty-io-9.3.24.v20180605.jar:/home/user/.m2/repository/org/eclipse/jetty/jetty-webapp/9.3.24.v20180605/jetty-webapp-9.3.24.v20180605.jar:/home/user/.m2/repository/org/eclipse/jetty/jetty-xml/9.3.24.v20180605/jetty-xml-9.3.24.v20180605.jar:/home/user/.m2/repository/log4j/log4j/1.2.17/log4j-1.2.17.jar:/home/user/.m2/repository/org/slf4j/slf4j-api/1.7.25/slf4j-api-1.7.25.jar:/home/user/.m2/repository/org/slf4j/jul-to-slf4j/1.7.25/jul-to-slf4j-1.7.25.jar:/home/user/.m2/repository/org/eclipse/jetty/jetty-util/9.3.24.v20180605/jetty-util-9.3.24.v20180605.jar:/home/user/.m2/repository/com/fasterxml/jackson/core/jackson-databind/2.9.5/jackson-databind-2.9.5.jar:/home/user/.m2/repository/org/apache/hadoop/hadoop-kms/3.2.0/hadoop-kms-3.2.0-tests.jar:/home/user/.m2/repository/org/apache/hadoop/hadoop-hdds-server-scm/0.5.0-SNAPSHOT/hadoop-hdds-server-scm-0.5.0-SNAPSHOT-tests.jar:/home/user/.m2/repository/org/apache/hadoop/hadoop-hdds-container-service/0.5.0-SNAPSHOT/hadoop-hdds-container-service-0.5.0-SNAPSHOT-tests.jar:/home/user/.m2/repository/org/yaml/snakeyaml/1.16/snakeyaml-1.16.jar:/home/user/.m2/repository/org/apache/hadoop/hadoop-common/3.2.0/hadoop-common-3.2.0-tests.jar:/home/user/.m2/repository/org/apache/hadoop/hadoop-annotations/3.2.0/hadoop-annotations-3.2.0.jar:/usr/lib/jvm/java-1.8-openjdk/jre/../lib/tools.jar:/home/user/.m2/repository/commons-cli/commons-cli/1.2/commons-cli-1.2.jar:/home/user/.m2/repository/org/apache/httpcomponents/httpclient/4.5.2/httpclient-4.5.2.jar:/home/user/.m2/repository/org/apache/httpcomponents/httpcore/4.4.4/httpcore-4.4.4.jar:/home/user/.m2/repository/commons-codec/commons-codec/1.11/commons-codec-1.11.jar:/home/user/.m2/repository/commons-net/commons-net/3.6/commons-net-3.6.jar:/home/user/.m2/repository/commons-collections/commons-collections/3.2.2/commons-collections-3.2.2.jar:/home/user/.m2/repository/org/eclipse/jetty/jetty-servlet/9.3.24.v20180605/jetty-servlet-9.3.24.v20180605.jar:/home/user/.m2/repository/org/eclipse/jetty/jetty-security/9.3.24.v20180605/jetty-security-9.3.24.v20180605.jar:/home/user/.m2/repository/javax/servlet/jsp/jsp-api/2.1/jsp-api-2.1.jar:/home/user/.m2/repository/com/sun/jersey/jersey-servlet/1.19/jersey-servlet-1.19.jar:/home/user/.m2/repository/com/sun/jersey/jersey-json/1.19/jersey-json-1.19.jar:/home/user/.m2/repository/org/codehaus/jettison/jettison/1.1/jettison-1.1.jar:/home/user/.m2/repository/org/codehaus/jackson/jackson-core-asl/1.9.13/jackson-core-asl-1.9.13.jar:/home/user/.m2/repository/org/codehaus/jackson/jackson-mapper-asl/1.9.13/jackson-mapper-asl-1.9.13.jar:/home/user/.m2/repository/org/codehaus/jackson/jackson-jaxrs/1.9.13/jackson-jaxrs-1.9.13.jar:/home/user/.m2/repository/org/codehaus/jackson/jackson-xc/1.9.13/jackson-xc-1.9.13.jar:/home/user/.m2/repository/commons-logging/commons-logging/1.1.3/commons-logging-1.1.3.jar:/home/user/.m2/repository/commons-beanutils/commons-beanutils/1.9.3/commons-beanutils-1.9.3.jar:/home/user/.m2/repository/org/apache/commons/commons-configuration2/2.1.1/commons-configuration2-2.1.1.jar:/home/user/.m2/repository/org/apache/commons/commons-lang3/3.7/commons-lang3-3.7.jar:/home/user/.m2/repository/org/apache/commons/commons-text/1.4/commons-text-1.4.jar:/home/user/.m2/repository/org/apache/avro/avro/1.7.7/avro-1.7.7.jar:/home/user/.m2/repository/com/thoughtworks/paranamer/paranamer/2.3/paranamer-2.3.jar:/home/user/.m2/repository/org/xerial/snappy/snappy-java/1.0.5/snappy-java-1.0.5.jar:/home/user/.m2/repository/com/google/re2j/re2j/1.1/re2j-1.1.jar:/home/user/.m2/repository/com/google/code/gson/gson/2.2.4/gson-2.2.4.jar:/home/user/.m2/repository/com/jcraft/jsch/0.1.54/jsch-0.1.54.jar:/home/user/.m2/repository/org/apache/curator/curator-client/2.12.0/curator-client-2.12.0.jar:/home/user/.m2/repository/org/apache/curator/curator-recipes/2.12.0/curator-recipes-2.12.0.jar:/home/user/.m2/repository/com/google/code/findbugs/jsr305/3.0.0/jsr305-3.0.0.jar:/home/user/.m2/repository/org/apache/htrace/htrace-core4/4.1.0-incubating/htrace-core4-4.1.0-incubating.jar:/home/user/.m2/repository/org/apache/zookeeper/zookeeper/3.4.13/zookeeper-3.4.13.jar:/home/user/.m2/repository/org/apache/yetus/audience-annotations/0.5.0/audience-annotations-0.5.0.jar:/home/user/.m2/repository/org/codehaus/woodstox/stax2-api/3.1.4/stax2-api-3.1.4.jar:/home/user/.m2/repository/com/fasterxml/woodstox/woodstox-core/5.0.3/woodstox-core-5.0.3.jar:/home/user/.m2/repository/dnsjava/dnsjava/2.1.7/dnsjava-2.1.7.jar:/home/user/.m2/repository/org/apache/hadoop/hadoop-hdfs/3.2.0/hadoop-hdfs-3.2.0-tests.jar:/home/user/.m2/repository/org/eclipse/jetty/jetty-util-ajax/9.3.24.v20180605/jetty-util-ajax-9.3.24.v20180605.jar:/home/user/.m2/repository/commons-daemon/commons-daemon/1.0.13/commons-daemon-1.0.13.jar:/home/user/.m2/repository/io/netty/netty/3.10.5.Final/netty-3.10.5.Final.jar:/home/user/.m2/repository/io/netty/netty-all/4.0.52.Final/netty-all-4.0.52.Final.jar:/home/user/.m2/repository/org/fusesource/leveldbjni/leveldbjni-all/1.8/leveldbjni-all-1.8.jar:"/>
    <property name="java.vm.vendor" value="IcedTea"/>
    <property name="sun.arch.data.model" value="64"/>
    <property name="test.build.dir" value="/workdir/hadoop-ozone/integration-test/target/test-dir"/>
    <property name="test.cache.data" value=""/>
    <property name="java.vendor.url" value="https://icedtea.classpath.org"/>
    <property name="user.timezone" value=""/>
    <property name="java.vm.specification.version" value="1.8"/>
    <property name="os.name" value="Linux"/>
    <property name="test.build.data" value="/workdir/hadoop-ozone/integration-test/target/test-dir"/>
    <property name="user.country" value="US"/>
    <property name="sun.java.launcher" value="SUN_STANDARD"/>
    <property name="sun.boot.library.path" value="/usr/lib/jvm/java-1.8-openjdk/jre/lib/amd64"/>
    <property name="sun.java.command" value="/workdir/hadoop-ozone/integration-test/target/surefire/surefirebooter1294123674943966399.jar /workdir/hadoop-ozone/integration-test/target/surefire 2019-08-28T15-05-59_287-jvmRun1 surefire3091830528667591435tmp surefire_30777901452564685674tmp"/>
    <property name="test" value="!TestMiniChaosOzoneCluster"/>
    <property name="surefire.test.class.path" value="/workdir/hadoop-ozone/integration-test/target/test-classes:/workdir/hadoop-ozone/integration-test/target/classes:/home/user/.m2/repository/org/apache/hadoop/hadoop-ozone-common/0.5.0-SNAPSHOT/hadoop-ozone-common-0.5.0-SNAPSHOT.jar:/home/user/.m2/repository/org/apache/commons/commons-compress/1.4.1/commons-compress-1.4.1.jar:/home/user/.m2/repository/org/tukaani/xz/1.0/xz-1.0.jar:/home/user/.m2/repository/org/apache/hadoop/hadoop-common/3.2.0/hadoop-common-3.2.0.jar:/home/user/.m2/repository/org/apache/hadoop/hadoop-hdfs/3.2.0/hadoop-hdfs-3.2.0.jar:/home/user/.m2/repository/org/apache/hadoop/hadoop-hdfs-client/3.2.0/hadoop-hdfs-client-3.2.0.jar:/home/user/.m2/repository/com/fasterxml/jackson/core/jackson-annotations/2.9.5/jackson-annotations-2.9.5.jar:/home/user/.m2/repository/org/apache/hadoop/hadoop-hdds-common/0.5.0-SNAPSHOT/hadoop-hdds-common-0.5.0-SNAPSHOT.jar:/home/user/.m2/repository/javax/annotation/javax.annotation-api/1.2/javax.annotation-api-1.2.jar:/home/user/.m2/repository/org/apache/ratis/ratis-server/0.4.0-2337318-SNAPSHOT/ratis-server-0.4.0-2337318-SNAPSHOT.jar:/home/user/.m2/repository/org/apache/ratis/ratis-thirdparty-misc/0.2.0/ratis-thirdparty-misc-0.2.0.jar:/home/user/.m2/repository/org/apache/ratis/ratis-proto/0.4.0-2337318-SNAPSHOT/ratis-proto-0.4.0-2337318-SNAPSHOT.jar:/home/user/.m2/repository/org/apache/ratis/ratis-common/0.4.0-2337318-SNAPSHOT/ratis-common-0.4.0-2337318-SNAPSHOT.jar:/home/user/.m2/repository/org/apache/ratis/ratis-client/0.4.0-2337318-SNAPSHOT/ratis-client-0.4.0-2337318-SNAPSHOT.jar:/home/user/.m2/repository/org/apache/ratis/ratis-metrics/0.4.0-2337318-SNAPSHOT/ratis-metrics-0.4.0-2337318-SNAPSHOT.jar:/home/user/.m2/repository/org/apache/ratis/ratis-netty/0.4.0-2337318-SNAPSHOT/ratis-netty-0.4.0-2337318-SNAPSHOT.jar:/home/user/.m2/repository/org/apache/ratis/ratis-grpc/0.4.0-2337318-SNAPSHOT/ratis-grpc-0.4.0-2337318-SNAPSHOT.jar:/home/user/.m2/repository/org/rocksdb/rocksdbjni/6.0.1/rocksdbjni-6.0.1.jar:/home/user/.m2/repository/org/apache/logging/log4j/log4j-api/2.11.0/log4j-api-2.11.0.jar:/home/user/.m2/repository/org/apache/logging/log4j/log4j-core/2.11.0/log4j-core-2.11.0.jar:/home/user/.m2/repository/com/lmax/disruptor/3.4.2/disruptor-3.4.2.jar:/home/user/.m2/repository/org/apache/commons/commons-pool2/2.6.0/commons-pool2-2.6.0.jar:/home/user/.m2/repository/org/bouncycastle/bcpkix-jdk15on/1.60/bcpkix-jdk15on-1.60.jar:/home/user/.m2/repository/commons-validator/commons-validator/1.6/commons-validator-1.6.jar:/home/user/.m2/repository/commons-digester/commons-digester/1.8.1/commons-digester-1.8.1.jar:/home/user/.m2/repository/io/jaegertracing/jaeger-client/0.33.1/jaeger-client-0.33.1.jar:/home/user/.m2/repository/io/jaegertracing/jaeger-thrift/0.33.1/jaeger-thrift-0.33.1.jar:/home/user/.m2/repository/org/apache/thrift/libthrift/0.11.0/libthrift-0.11.0.jar:/home/user/.m2/repository/com/squareup/okhttp3/okhttp/3.9.0/okhttp-3.9.0.jar:/home/user/.m2/repository/com/squareup/okio/okio/1.13.0/okio-1.13.0.jar:/home/user/.m2/repository/io/jaegertracing/jaeger-core/0.33.1/jaeger-core-0.33.1.jar:/home/user/.m2/repository/io/jaegertracing/jaeger-tracerresolver/0.33.1/jaeger-tracerresolver-0.33.1.jar:/home/user/.m2/repository/io/opentracing/contrib/opentracing-tracerresolver/0.1.5/opentracing-tracerresolver-0.1.5.jar:/home/user/.m2/repository/io/opentracing/opentracing-util/0.31.0/opentracing-util-0.31.0.jar:/home/user/.m2/repository/io/opentracing/opentracing-api/0.31.0/opentracing-api-0.31.0.jar:/home/user/.m2/repository/io/opentracing/opentracing-noop/0.31.0/opentracing-noop-0.31.0.jar:/home/user/.m2/repository/org/apache/hadoop/hadoop-hdds-server-framework/0.5.0-SNAPSHOT/hadoop-hdds-server-framework-0.5.0-SNAPSHOT.jar:/home/user/.m2/repository/org/apache/hadoop/hadoop-hdds-container-service/0.5.0-SNAPSHOT/hadoop-hdds-container-service-0.5.0-SNAPSHOT.jar:/home/user/.m2/repository/org/apache/hadoop/hadoop-hdds-client/0.5.0-SNAPSHOT/hadoop-hdds-client-0.5.0-SNAPSHOT.jar:/home/user/.m2/repository/org/apache/hadoop/hadoop-hdds-tools/0.5.0-SNAPSHOT/hadoop-hdds-tools-0.5.0-SNAPSHOT.jar:/home/user/.m2/repository/org/apache/hadoop/hadoop-hdds-server-scm/0.5.0-SNAPSHOT/hadoop-hdds-server-scm-0.5.0-SNAPSHOT.jar:/home/user/.m2/repository/org/apache/hadoop/hadoop-hdds-docs/0.5.0-SNAPSHOT/hadoop-hdds-docs-0.5.0-SNAPSHOT.jar:/home/user/.m2/repository/io/dropwizard/metrics/metrics-core/3.2.4/metrics-core-3.2.4.jar:/home/user/.m2/repository/org/hamcrest/hamcrest-all/1.3/hamcrest-all-1.3.jar:/home/user/.m2/repository/org/bouncycastle/bcprov-jdk15on/1.60/bcprov-jdk15on-1.60.jar:/home/user/.m2/repository/info/picocli/picocli/3.9.6/picocli-3.9.6.jar:/home/user/.m2/repository/com/google/protobuf/protobuf-java/2.5.0/protobuf-java-2.5.0.jar:/home/user/.m2/repository/com/google/guava/guava/11.0.2/guava-11.0.2.jar:/home/user/.m2/repository/org/apache/hadoop/hadoop-ozone-ozone-manager/0.5.0-SNAPSHOT/hadoop-ozone-ozone-manager-0.5.0-SNAPSHOT.jar:/home/user/.m2/repository/org/apache/hadoop/hadoop-minikdc/3.2.0/hadoop-minikdc-3.2.0.jar:/home/user/.m2/repository/commons-io/commons-io/2.5/commons-io-2.5.jar:/home/user/.m2/repository/org/apache/kerby/kerb-simplekdc/1.0.1/kerb-simplekdc-1.0.1.jar:/home/user/.m2/repository/org/apache/kerby/kerb-client/1.0.1/kerb-client-1.0.1.jar:/home/user/.m2/repository/org/apache/kerby/kerby-config/1.0.1/kerby-config-1.0.1.jar:/home/user/.m2/repository/org/apache/kerby/kerb-core/1.0.1/kerb-core-1.0.1.jar:/home/user/.m2/repository/org/apache/kerby/kerby-pkix/1.0.1/kerby-pkix-1.0.1.jar:/home/user/.m2/repository/org/apache/kerby/kerby-asn1/1.0.1/kerby-asn1-1.0.1.jar:/home/user/.m2/repository/org/apache/kerby/kerby-util/1.0.1/kerby-util-1.0.1.jar:/home/user/.m2/repository/org/apache/kerby/kerb-common/1.0.1/kerb-common-1.0.1.jar:/home/user/.m2/repository/org/apache/kerby/kerb-crypto/1.0.1/kerb-crypto-1.0.1.jar:/home/user/.m2/repository/org/apache/kerby/kerb-util/1.0.1/kerb-util-1.0.1.jar:/home/user/.m2/repository/org/apache/kerby/token-provider/1.0.1/token-provider-1.0.1.jar:/home/user/.m2/repository/org/apache/kerby/kerb-admin/1.0.1/kerb-admin-1.0.1.jar:/home/user/.m2/repository/org/apache/kerby/kerb-server/1.0.1/kerb-server-1.0.1.jar:/home/user/.m2/repository/org/apache/kerby/kerb-identity/1.0.1/kerb-identity-1.0.1.jar:/home/user/.m2/repository/org/apache/kerby/kerby-xdr/1.0.1/kerby-xdr-1.0.1.jar:/home/user/.m2/repository/org/slf4j/slf4j-log4j12/1.7.25/slf4j-log4j12-1.7.25.jar:/home/user/.m2/repository/org/apache/hadoop/hadoop-ozone-objectstore-service/0.5.0-SNAPSHOT/hadoop-ozone-objectstore-service-0.5.0-SNAPSHOT.jar:/home/user/.m2/repository/org/apache/hadoop/hadoop-ozone-s3gateway/0.5.0-SNAPSHOT/hadoop-ozone-s3gateway-0.5.0-SNAPSHOT.jar:/home/user/.m2/repository/org/jboss/weld/servlet/weld-servlet/2.4.7.Final/weld-servlet-2.4.7.Final.jar:/home/user/.m2/repository/org/glassfish/jersey/containers/jersey-container-servlet-core/2.27/jersey-container-servlet-core-2.27.jar:/home/user/.m2/repository/org/glassfish/hk2/external/javax.inject/2.5.0-b42/javax.inject-2.5.0-b42.jar:/home/user/.m2/repository/org/glassfish/jersey/core/jersey-common/2.27/jersey-common-2.27.jar:/home/user/.m2/repository/org/glassfish/hk2/osgi-resource-locator/1.0.1/osgi-resource-locator-1.0.1.jar:/home/user/.m2/repository/javax/ws/rs/javax.ws.rs-api/2.1/javax.ws.rs-api-2.1.jar:/home/user/.m2/repository/org/glassfish/jersey/ext/cdi/jersey-cdi1x/2.27/jersey-cdi1x-2.27.jar:/home/user/.m2/repository/org/glassfish/jersey/inject/jersey-hk2/2.27/jersey-hk2-2.27.jar:/home/user/.m2/repository/org/glassfish/hk2/hk2-locator/2.5.0-b42/hk2-locator-2.5.0-b42.jar:/home/user/.m2/repository/org/javassist/javassist/3.22.0-CR2/javassist-3.22.0-CR2.jar:/home/user/.m2/repository/org/glassfish/hk2/hk2-api/2.5.0/hk2-api-2.5.0.jar:/home/user/.m2/repository/org/glassfish/hk2/external/jakarta.inject/2.5.0/jakarta.inject-2.5.0.jar:/home/user/.m2/repository/org/glassfish/hk2/hk2-utils/2.5.0/hk2-utils-2.5.0.jar:/home/user/.m2/repository/jakarta/annotation/jakarta.annotation-api/1.3.4/jakarta.annotation-api-1.3.4.jar:/home/user/.m2/repository/org/glassfish/hk2/external/aopalliance-repackaged/2.5.0/aopalliance-repackaged-2.5.0.jar:/home/user/.m2/repository/com/fasterxml/jackson/dataformat/jackson-dataformat-xml/2.9.0/jackson-dataformat-xml-2.9.0.jar:/home/user/.m2/repository/com/fasterxml/jackson/core/jackson-core/2.9.5/jackson-core-2.9.5.jar:/home/user/.m2/repository/com/fasterxml/jackson/module/jackson-module-jaxb-annotations/2.9.5/jackson-module-jaxb-annotations-2.9.5.jar:/home/user/.m2/repository/javax/enterprise/cdi-api/1.2/cdi-api-1.2.jar:/home/user/.m2/repository/javax/el/javax.el-api/3.0.0/javax.el-api-3.0.0.jar:/home/user/.m2/repository/javax/interceptor/javax.interceptor-api/1.2/javax.interceptor-api-1.2.jar:/home/user/.m2/repository/javax/inject/javax.inject/1/javax.inject-1.jar:/home/user/.m2/repository/com/sun/xml/bind/jaxb-impl/2.3.0.1/jaxb-impl-2.3.0.1.jar:/home/user/.m2/repository/com/sun/xml/bind/jaxb-core/2.3.0.1/jaxb-core-2.3.0.1.jar:/home/user/.m2/repository/javax/xml/bind/jaxb-api/2.3.0/jaxb-api-2.3.0.jar:/home/user/.m2/repository/javax/activation/activation/1.1.1/activation-1.1.1.jar:/home/user/.m2/repository/org/apache/hadoop/hadoop-ozone-csi/0.5.0-SNAPSHOT/hadoop-ozone-csi-0.5.0-SNAPSHOT.jar:/home/user/.m2/repository/com/google/protobuf/protobuf-java-util/3.5.1/protobuf-java-util-3.5.1.jar:/home/user/.m2/repository/org/apache/hadoop/hadoop-hdds-config/0.5.0-SNAPSHOT/hadoop-hdds-config-0.5.0-SNAPSHOT.jar:/home/user/.m2/repository/io/grpc/grpc-netty/1.17.1/grpc-netty-1.17.1.jar:/home/user/.m2/repository/io/grpc/grpc-core/1.17.1/grpc-core-1.17.1.jar:/home/user/.m2/repository/io/grpc/grpc-context/1.17.1/grpc-context-1.17.1.jar:/home/user/.m2/repository/com/google/errorprone/error_prone_annotations/2.2.0/error_prone_annotations-2.2.0.jar:/home/user/.m2/repository/org/codehaus/mojo/animal-sniffer-annotations/1.17/animal-sniffer-annotations-1.17.jar:/home/user/.m2/repository/io/opencensus/opencensus-api/0.17.0/opencensus-api-0.17.0.jar:/home/user/.m2/repository/io/opencensus/opencensus-contrib-grpc-metrics/0.17.0/opencensus-contrib-grpc-metrics-0.17.0.jar:/home/user/.m2/repository/io/netty/netty-codec-http2/4.1.30.Final/netty-codec-http2-4.1.30.Final.jar:/home/user/.m2/repository/io/netty/netty-codec-http/4.1.30.Final/netty-codec-http-4.1.30.Final.jar:/home/user/.m2/repository/io/netty/netty-codec/4.1.30.Final/netty-codec-4.1.30.Final.jar:/home/user/.m2/repository/io/netty/netty-handler/4.1.30.Final/netty-handler-4.1.30.Final.jar:/home/user/.m2/repository/io/netty/netty-handler-proxy/4.1.30.Final/netty-handler-proxy-4.1.30.Final.jar:/home/user/.m2/repository/io/netty/netty-codec-socks/4.1.30.Final/netty-codec-socks-4.1.30.Final.jar:/home/user/.m2/repository/io/netty/netty-transport-native-epoll/4.1.30.Final/netty-transport-native-epoll-4.1.30.Final.jar:/home/user/.m2/repository/io/netty/netty-common/4.1.30.Final/netty-common-4.1.30.Final.jar:/home/user/.m2/repository/io/netty/netty-buffer/4.1.30.Final/netty-buffer-4.1.30.Final.jar:/home/user/.m2/repository/io/netty/netty-transport/4.1.30.Final/netty-transport-4.1.30.Final.jar:/home/user/.m2/repository/io/netty/netty-resolver/4.1.30.Final/netty-resolver-4.1.30.Final.jar:/home/user/.m2/repository/io/netty/netty-transport-native-unix-common/4.1.30.Final/netty-transport-native-unix-common-4.1.30.Final.jar:/home/user/.m2/repository/io/grpc/grpc-protobuf/1.17.1/grpc-protobuf-1.17.1.jar:/home/user/.m2/repository/com/google/api/grpc/proto-google-common-protos/1.0.0/proto-google-common-protos-1.0.0.jar:/home/user/.m2/repository/io/grpc/grpc-protobuf-lite/1.17.1/grpc-protobuf-lite-1.17.1.jar:/home/user/.m2/repository/io/grpc/grpc-stub/1.17.1/grpc-stub-1.17.1.jar:/home/user/.m2/repository/org/apache/hadoop/hadoop-ozone-recon/0.5.0-SNAPSHOT/hadoop-ozone-recon-0.5.0-SNAPSHOT.jar:/home/user/.m2/repository/org/apache/hadoop/hadoop-ozone-reconcodegen/0.5.0-SNAPSHOT/hadoop-ozone-reconcodegen-0.5.0-SNAPSHOT.jar:/home/user/.m2/repository/com/google/inject/extensions/guice-multibindings/4.0/guice-multibindings-4.0.jar:/home/user/.m2/repository/com/google/inject/guice/4.0/guice-4.0.jar:/home/user/.m2/repository/aopalliance/aopalliance/1.0/aopalliance-1.0.jar:/home/user/.m2/repository/com/google/inject/extensions/guice-servlet/4.0/guice-servlet-4.0.jar:/home/user/.m2/repository/org/glassfish/jersey/containers/jersey-container-servlet/2.27/jersey-container-servlet-2.27.jar:/home/user/.m2/repository/org/glassfish/hk2/guice-bridge/2.5.0/guice-bridge-2.5.0.jar:/home/user/.m2/repository/org/glassfish/jersey/core/jersey-server/2.27/jersey-server-2.27.jar:/home/user/.m2/repository/org/glassfish/jersey/core/jersey-client/2.27/jersey-client-2.27.jar:/home/user/.m2/repository/org/glassfish/jersey/media/jersey-media-jaxb/2.27/jersey-media-jaxb-2.27.jar:/home/user/.m2/repository/javax/validation/validation-api/1.1.0.Final/validation-api-1.1.0.Final.jar:/home/user/.m2/repository/org/glassfish/jersey/media/jersey-media-json-jackson/2.27/jersey-media-json-jackson-2.27.jar:/home/user/.m2/repository/org/glassfish/jersey/ext/jersey-entity-filtering/2.27/jersey-entity-filtering-2.27.jar:/home/user/.m2/repository/com/google/inject/extensions/guice-assistedinject/4.0/guice-assistedinject-4.0.jar:/home/user/.m2/repository/org/jooq/jooq/3.11.10/jooq-3.11.10.jar:/home/user/.m2/repository/org/jooq/jooq-meta/3.11.10/jooq-meta-3.11.10.jar:/home/user/.m2/repository/org/jooq/jooq-codegen/3.11.10/jooq-codegen-3.11.10.jar:/home/user/.m2/repository/com/jolbox/bonecp/0.8.0.RELEASE/bonecp-0.8.0.RELEASE.jar:/home/user/.m2/repository/org/xerial/sqlite-jdbc/3.25.2/sqlite-jdbc-3.25.2.jar:/home/user/.m2/repository/org/springframework/spring-jdbc/5.1.3.RELEASE/spring-jdbc-5.1.3.RELEASE.jar:/home/user/.m2/repository/org/springframework/spring-beans/5.1.3.RELEASE/spring-beans-5.1.3.RELEASE.jar:/home/user/.m2/repository/org/springframework/spring-core/5.1.3.RELEASE/spring-core-5.1.3.RELEASE.jar:/home/user/.m2/repository/org/springframework/spring-jcl/5.1.3.RELEASE/spring-jcl-5.1.3.RELEASE.jar:/home/user/.m2/repository/org/springframework/spring-tx/5.1.3.RELEASE/spring-tx-5.1.3.RELEASE.jar:/home/user/.m2/repository/org/apache/hadoop/hadoop-ozone-client/0.5.0-SNAPSHOT/hadoop-ozone-client-0.5.0-SNAPSHOT.jar:/home/user/.m2/repository/commons-lang/commons-lang/2.6/commons-lang-2.6.jar:/home/user/.m2/repository/org/apache/hadoop/hadoop-ozone-ozone-manager/0.5.0-SNAPSHOT/hadoop-ozone-ozone-manager-0.5.0-SNAPSHOT-tests.jar:/home/user/.m2/repository/junit/junit/4.11/junit-4.11.jar:/home/user/.m2/repository/org/hamcrest/hamcrest-core/1.3/hamcrest-core-1.3.jar:/home/user/.m2/repository/org/openjdk/jmh/jmh-core/1.19/jmh-core-1.19.jar:/home/user/.m2/repository/net/sf/jopt-simple/jopt-simple/4.6/jopt-simple-4.6.jar:/home/user/.m2/repository/org/apache/commons/commons-math3/3.1.1/commons-math3-3.1.1.jar:/home/user/.m2/repository/org/openjdk/jmh/jmh-generator-annprocess/1.19/jmh-generator-annprocess-1.19.jar:/home/user/.m2/repository/org/mockito/mockito-all/1.8.5/mockito-all-1.8.5.jar:/home/user/.m2/repository/org/apache/hadoop/hadoop-kms/3.2.0/hadoop-kms-3.2.0.jar:/home/user/.m2/repository/org/apache/hadoop/hadoop-auth/3.2.0/hadoop-auth-3.2.0.jar:/home/user/.m2/repository/com/nimbusds/nimbus-jose-jwt/4.41.1/nimbus-jose-jwt-4.41.1.jar:/home/user/.m2/repository/com/github/stephenc/jcip/jcip-annotations/1.0-1/jcip-annotations-1.0-1.jar:/home/user/.m2/repository/net/minidev/json-smart/2.3/json-smart-2.3.jar:/home/user/.m2/repository/net/minidev/accessors-smart/1.2/accessors-smart-1.2.jar:/home/user/.m2/repository/org/ow2/asm/asm/5.0.4/asm-5.0.4.jar:/home/user/.m2/repository/org/apache/curator/curator-framework/2.12.0/curator-framework-2.12.0.jar:/home/user/.m2/repository/com/sun/jersey/jersey-core/1.19/jersey-core-1.19.jar:/home/user/.m2/repository/javax/ws/rs/jsr311-api/1.1.1/jsr311-api-1.1.1.jar:/home/user/.m2/repository/com/sun/jersey/jersey-server/1.19/jersey-server-1.19.jar:/home/user/.m2/repository/javax/servlet/javax.servlet-api/3.1.0/javax.servlet-api-3.1.0.jar:/home/user/.m2/repository/org/eclipse/jetty/jetty-server/9.3.24.v20180605/jetty-server-9.3.24.v20180605.jar:/home/user/.m2/repository/org/eclipse/jetty/jetty-http/9.3.24.v20180605/jetty-http-9.3.24.v20180605.jar:/home/user/.m2/repository/org/eclipse/jetty/jetty-io/9.3.24.v20180605/jetty-io-9.3.24.v20180605.jar:/home/user/.m2/repository/org/eclipse/jetty/jetty-webapp/9.3.24.v20180605/jetty-webapp-9.3.24.v20180605.jar:/home/user/.m2/repository/org/eclipse/jetty/jetty-xml/9.3.24.v20180605/jetty-xml-9.3.24.v20180605.jar:/home/user/.m2/repository/log4j/log4j/1.2.17/log4j-1.2.17.jar:/home/user/.m2/repository/org/slf4j/slf4j-api/1.7.25/slf4j-api-1.7.25.jar:/home/user/.m2/repository/org/slf4j/jul-to-slf4j/1.7.25/jul-to-slf4j-1.7.25.jar:/home/user/.m2/repository/org/eclipse/jetty/jetty-util/9.3.24.v20180605/jetty-util-9.3.24.v20180605.jar:/home/user/.m2/repository/com/fasterxml/jackson/core/jackson-databind/2.9.5/jackson-databind-2.9.5.jar:/home/user/.m2/repository/org/apache/hadoop/hadoop-kms/3.2.0/hadoop-kms-3.2.0-tests.jar:/home/user/.m2/repository/org/apache/hadoop/hadoop-hdds-server-scm/0.5.0-SNAPSHOT/hadoop-hdds-server-scm-0.5.0-SNAPSHOT-tests.jar:/home/user/.m2/repository/org/apache/hadoop/hadoop-hdds-container-service/0.5.0-SNAPSHOT/hadoop-hdds-container-service-0.5.0-SNAPSHOT-tests.jar:/home/user/.m2/repository/org/yaml/snakeyaml/1.16/snakeyaml-1.16.jar:/home/user/.m2/repository/org/apache/hadoop/hadoop-common/3.2.0/hadoop-common-3.2.0-tests.jar:/home/user/.m2/repository/org/apache/hadoop/hadoop-annotations/3.2.0/hadoop-annotations-3.2.0.jar:/usr/lib/jvm/java-1.8-openjdk/jre/../lib/tools.jar:/home/user/.m2/repository/commons-cli/commons-cli/1.2/commons-cli-1.2.jar:/home/user/.m2/repository/org/apache/httpcomponents/httpclient/4.5.2/httpclient-4.5.2.jar:/home/user/.m2/repository/org/apache/httpcomponents/httpcore/4.4.4/httpcore-4.4.4.jar:/home/user/.m2/repository/commons-codec/commons-codec/1.11/commons-codec-1.11.jar:/home/user/.m2/repository/commons-net/commons-net/3.6/commons-net-3.6.jar:/home/user/.m2/repository/commons-collections/commons-collections/3.2.2/commons-collections-3.2.2.jar:/home/user/.m2/repository/org/eclipse/jetty/jetty-servlet/9.3.24.v20180605/jetty-servlet-9.3.24.v20180605.jar:/home/user/.m2/repository/org/eclipse/jetty/jetty-security/9.3.24.v20180605/jetty-security-9.3.24.v20180605.jar:/home/user/.m2/repository/javax/servlet/jsp/jsp-api/2.1/jsp-api-2.1.jar:/home/user/.m2/repository/com/sun/jersey/jersey-servlet/1.19/jersey-servlet-1.19.jar:/home/user/.m2/repository/com/sun/jersey/jersey-json/1.19/jersey-json-1.19.jar:/home/user/.m2/repository/org/codehaus/jettison/jettison/1.1/jettison-1.1.jar:/home/user/.m2/repository/org/codehaus/jackson/jackson-core-asl/1.9.13/jackson-core-asl-1.9.13.jar:/home/user/.m2/repository/org/codehaus/jackson/jackson-mapper-asl/1.9.13/jackson-mapper-asl-1.9.13.jar:/home/user/.m2/repository/org/codehaus/jackson/jackson-jaxrs/1.9.13/jackson-jaxrs-1.9.13.jar:/home/user/.m2/repository/org/codehaus/jackson/jackson-xc/1.9.13/jackson-xc-1.9.13.jar:/home/user/.m2/repository/commons-logging/commons-logging/1.1.3/commons-logging-1.1.3.jar:/home/user/.m2/repository/commons-beanutils/commons-beanutils/1.9.3/commons-beanutils-1.9.3.jar:/home/user/.m2/repository/org/apache/commons/commons-configuration2/2.1.1/commons-configuration2-2.1.1.jar:/home/user/.m2/repository/org/apache/commons/commons-lang3/3.7/commons-lang3-3.7.jar:/home/user/.m2/repository/org/apache/commons/commons-text/1.4/commons-text-1.4.jar:/home/user/.m2/repository/org/apache/avro/avro/1.7.7/avro-1.7.7.jar:/home/user/.m2/repository/com/thoughtworks/paranamer/paranamer/2.3/paranamer-2.3.jar:/home/user/.m2/repository/org/xerial/snappy/snappy-java/1.0.5/snappy-java-1.0.5.jar:/home/user/.m2/repository/com/google/re2j/re2j/1.1/re2j-1.1.jar:/home/user/.m2/repository/com/google/code/gson/gson/2.2.4/gson-2.2.4.jar:/home/user/.m2/repository/com/jcraft/jsch/0.1.54/jsch-0.1.54.jar:/home/user/.m2/repository/org/apache/curator/curator-client/2.12.0/curator-client-2.12.0.jar:/home/user/.m2/repository/org/apache/curator/curator-recipes/2.12.0/curator-recipes-2.12.0.jar:/home/user/.m2/repository/com/google/code/findbugs/jsr305/3.0.0/jsr305-3.0.0.jar:/home/user/.m2/repository/org/apache/htrace/htrace-core4/4.1.0-incubating/htrace-core4-4.1.0-incubating.jar:/home/user/.m2/repository/org/apache/zookeeper/zookeeper/3.4.13/zookeeper-3.4.13.jar:/home/user/.m2/repository/org/apache/yetus/audience-annotations/0.5.0/audience-annotations-0.5.0.jar:/home/user/.m2/repository/org/codehaus/woodstox/stax2-api/3.1.4/stax2-api-3.1.4.jar:/home/user/.m2/repository/com/fasterxml/woodstox/woodstox-core/5.0.3/woodstox-core-5.0.3.jar:/home/user/.m2/repository/dnsjava/dnsjava/2.1.7/dnsjava-2.1.7.jar:/home/user/.m2/repository/org/apache/hadoop/hadoop-hdfs/3.2.0/hadoop-hdfs-3.2.0-tests.jar:/home/user/.m2/repository/org/eclipse/jetty/jetty-util-ajax/9.3.24.v20180605/jetty-util-ajax-9.3.24.v20180605.jar:/home/user/.m2/repository/commons-daemon/commons-daemon/1.0.13/commons-daemon-1.0.13.jar:/home/user/.m2/repository/io/netty/netty/3.10.5.Final/netty-3.10.5.Final.jar:/home/user/.m2/repository/io/netty/netty-all/4.0.52.Final/netty-all-4.0.52.Final.jar:/home/user/.m2/repository/org/fusesource/leveldbjni/leveldbjni-all/1.8/leveldbjni-all-1.8.jar:"/>
    <property name="sun.cpu.endian" value="little"/>
    <property name="user.home" value="/home/user"/>
    <property name="user.language" value="en"/>
    <property name="java.specification.vendor" value="Oracle Corporation"/>
    <property name="java.home" value="/usr/lib/jvm/java-1.8-openjdk/jre"/>
    <property name="java.security.krb5.conf" value="/workdir/hadoop-ozone/integration-test/target/test-classes/krb5.conf"/>
    <property name="basedir" value="/workdir/hadoop-ozone/integration-test"/>
    <property name="file.separator" value="/"/>
    <property name="line.separator" value="&#10;"/>
    <property name="java.vm.specification.vendor" value="Oracle Corporation"/>
    <property name="java.specification.name" value="Java Platform API Specification"/>
    <property name="java.awt.graphicsenv" value="sun.awt.X11GraphicsEnvironment"/>
    <property name="surefire.real.class.path" value="/workdir/hadoop-ozone/integration-test/target/surefire/surefirebooter1294123674943966399.jar"/>
    <property name="hadoop.log.dir" value="/workdir/hadoop-ozone/integration-test/target/log"/>
    <property name="sun.boot.class.path" value="/usr/lib/jvm/java-1.8-openjdk/jre/lib/resources.jar:/usr/lib/jvm/java-1.8-openjdk/jre/lib/rt.jar:/usr/lib/jvm/java-1.8-openjdk/jre/lib/sunrsasign.jar:/usr/lib/jvm/java-1.8-openjdk/jre/lib/jsse.jar:/usr/lib/jvm/java-1.8-openjdk/jre/lib/jce.jar:/usr/lib/jvm/java-1.8-openjdk/jre/lib/charsets.jar:/usr/lib/jvm/java-1.8-openjdk/jre/lib/jfr.jar:/usr/lib/jvm/java-1.8-openjdk/jre/classes"/>
    <property name="sun.management.compiler" value="HotSpot 64-Bit Tiered Compilers"/>
    <property name="java.runtime.version" value="1.8.0_212-b04"/>
    <property name="java.net.preferIPv4Stack" value="true"/>
    <property name="user.name" value="jenkins1000"/>
    <property name="path.separator" value=":"/>
    <property name="java.security.egd" value="file:///dev/urandom"/>
    <property name="os.version" value="3.10.0-957.12.2.el7.x86_64"/>
    <property name="java.endorsed.dirs" value="/usr/lib/jvm/java-1.8-openjdk/jre/lib/endorsed"/>
    <property name="java.runtime.name" value="OpenJDK Runtime Environment"/>
    <property name="file.encoding" value="UTF-8"/>
    <property name="java.vm.name" value="OpenJDK 64-Bit Server VM"/>
    <property name="test.build.webapps" value=""/>
    <property name="localRepository" value="/home/user/.m2/repository"/>
    <property name="java.vendor.url.bug" value="https://icedtea.classpath.org/bugzilla"/>
    <property name="java.io.tmpdir" value="/tmp"/>
    <property name="require.test.libhadoop" value=""/>
    <property name="java.version" value="1.8.0_212"/>
    <property name="user.dir" value="/workdir/hadoop-ozone/integration-test"/>
    <property name="os.arch" value="amd64"/>
    <property name="java.vm.specification.name" value="Java Virtual Machine Specification"/>
    <property name="test.build.classes" value="/workdir/hadoop-ozone/integration-test/target/test-classes"/>
    <property name="java.awt.printerjob" value="sun.print.PSPrinterJob"/>
    <property name="sun.os.patch.level" value="unknown"/>
    <property name="hadoop.tmp.dir" value="/workdir/hadoop-ozone/integration-test/target/tmp"/>
    <property name="java.library.path" value="/usr/lib/jvm/java-1.8-openjdk/jre/lib/amd64/server:/usr/lib/jvm/java-1.8-openjdk/jre/lib/amd64:/usr/lib/jvm/java-1.8-openjdk/jre/../lib/amd64:/workdir/hadoop-ozone/integration-test/target/native/target/usr/local/lib:/workdir/hadoop-ozone/integration-test/../../hadoop-common-project/hadoop-common/target/native/target/usr/local/lib:/usr/java/packages/lib/amd64:/usr/lib64:/lib64:/lib:/usr/lib"/>
    <property name="java.vm.info" value="mixed mode"/>
    <property name="java.vendor" value="IcedTea"/>
    <property name="java.vm.version" value="25.212-b04"/>
    <property name="java.ext.dirs" value="/usr/lib/jvm/java-1.8-openjdk/jre/lib/ext:/usr/java/packages/lib/ext"/>
    <property name="sun.io.unicode.encoding" value="UnicodeLittle"/>
    <property name="java.class.version" value="52.0"/>
  </properties>
  <testcase name="test2DatanodesFailure" classname="org.apache.hadoop.ozone.client.rpc.TestBlockOutputStreamWithFailures" time="111.706"/>
  <testcase name="testDatanodeFailureWithPreAllocation" classname="org.apache.hadoop.ozone.client.rpc.TestBlockOutputStreamWithFailures" time="230.679"/>
  <testcase name="testDatanodeFailureWithSingleNodeRatis" classname="org.apache.hadoop.ozone.client.rpc.TestBlockOutputStreamWithFailures" time="225.879"/>
  <testcase name="testWatchForCommitWithSingleNodeRatis" classname="org.apache.hadoop.ozone.client.rpc.TestBlockOutputStreamWithFailures" time="35.908"/>
  <testcase name="testWatchForCommitDatanodeFailure" classname="org.apache.hadoop.ozone.client.rpc.TestBlockOutputStreamWithFailures" time="43.512">
    <failure message="expected:&lt;2&gt; but was:&lt;3&gt;" type="java.lang.AssertionError"><![CDATA[java.lang.AssertionError: expected:<2> but was:<3>
	at org.junit.Assert.fail(Assert.java:88)
	at org.junit.Assert.failNotEquals(Assert.java:743)
	at org.junit.Assert.assertEquals(Assert.java:118)
	at org.junit.Assert.assertEquals(Assert.java:555)
	at org.junit.Assert.assertEquals(Assert.java:542)
	at org.apache.hadoop.ozone.client.rpc.TestBlockOutputStreamWithFailures.testWatchForCommitDatanodeFailure(TestBlockOutputStreamWithFailures.java:366)
	at sun.reflect.NativeMethodAccessorImpl.invoke0(Native Method)
	at sun.reflect.NativeMethodAccessorImpl.invoke(NativeMethodAccessorImpl.java:62)
	at sun.reflect.DelegatingMethodAccessorImpl.invoke(DelegatingMethodAccessorImpl.java:43)
	at java.lang.reflect.Method.invoke(Method.java:498)
	at org.junit.runners.model.FrameworkMethod$1.runReflectiveCall(FrameworkMethod.java:47)
	at org.junit.internal.runners.model.ReflectiveCallable.run(ReflectiveCallable.java:12)
	at org.junit.runners.model.FrameworkMethod.invokeExplosively(FrameworkMethod.java:44)
	at org.junit.internal.runners.statements.InvokeMethod.evaluate(InvokeMethod.java:17)
	at org.junit.internal.runners.statements.RunBefores.evaluate(RunBefores.java:26)
	at org.junit.internal.runners.statements.RunAfters.evaluate(RunAfters.java:27)
	at org.junit.runners.ParentRunner.runLeaf(ParentRunner.java:271)
	at org.junit.runners.BlockJUnit4ClassRunner.runChild(BlockJUnit4ClassRunner.java:70)
	at org.junit.runners.BlockJUnit4ClassRunner.runChild(BlockJUnit4ClassRunner.java:50)
	at org.junit.runners.ParentRunner$3.run(ParentRunner.java:238)
	at org.junit.runners.ParentRunner$1.schedule(ParentRunner.java:63)
	at org.junit.runners.ParentRunner.runChildren(ParentRunner.java:236)
	at org.junit.runners.ParentRunner.access$000(ParentRunner.java:53)
	at org.junit.runners.ParentRunner$2.evaluate(ParentRunner.java:229)
	at org.junit.runners.ParentRunner.run(ParentRunner.java:309)
	at org.apache.maven.surefire.junit4.JUnit4Provider.execute(JUnit4Provider.java:365)
	at org.apache.maven.surefire.junit4.JUnit4Provider.executeWithRerun(JUnit4Provider.java:273)
	at org.apache.maven.surefire.junit4.JUnit4Provider.executeTestSet(JUnit4Provider.java:238)
	at org.apache.maven.surefire.junit4.JUnit4Provider.invoke(JUnit4Provider.java:159)
	at org.apache.maven.surefire.booter.ForkedBooter.invokeProviderInSameClassLoader(ForkedBooter.java:384)
	at org.apache.maven.surefire.booter.ForkedBooter.runSuitesInProcess(ForkedBooter.java:345)
	at org.apache.maven.surefire.booter.ForkedBooter.execute(ForkedBooter.java:126)
	at org.apache.maven.surefire.booter.ForkedBooter.main(ForkedBooter.java:418)
]]></failure>
    <system-out><![CDATA[2019-08-28 15:36:30,442 [main] WARN  server.ServerUtils (ServerUtils.java:getScmDbDir(145)) - ozone.scm.db.dirs is not configured. We recommend adding this setting. Falling back to ozone.metadata.dirs instead.
2019-08-28 15:36:30,458 [main] WARN  server.ServerUtils (ServerUtils.java:getScmDbDir(145)) - ozone.scm.db.dirs is not configured. We recommend adding this setting. Falling back to ozone.metadata.dirs instead.
2019-08-28 15:36:30,458 [main] WARN  server.ServerUtils (ServerUtils.java:getScmDbDir(145)) - ozone.scm.db.dirs is not configured. We recommend adding this setting. Falling back to ozone.metadata.dirs instead.
2019-08-28 15:36:30,458 [main] INFO  db.DBStoreBuilder (DBStoreBuilder.java:addTable(110)) - using custom profile for table: deletedBlocks
2019-08-28 15:36:30,459 [main] INFO  db.DBStoreBuilder (DBStoreBuilder.java:processTables(161)) - Using default column profile:DBProfile.DISK for Table:deletedBlocks
2019-08-28 15:36:30,459 [main] INFO  db.DBStoreBuilder (DBStoreBuilder.java:addTable(110)) - using custom profile for table: validCerts
2019-08-28 15:36:30,459 [main] INFO  db.DBStoreBuilder (DBStoreBuilder.java:processTables(161)) - Using default column profile:DBProfile.DISK for Table:validCerts
2019-08-28 15:36:30,459 [main] INFO  db.DBStoreBuilder (DBStoreBuilder.java:addTable(110)) - using custom profile for table: revokedCerts
2019-08-28 15:36:30,459 [main] INFO  db.DBStoreBuilder (DBStoreBuilder.java:processTables(161)) - Using default column profile:DBProfile.DISK for Table:revokedCerts
2019-08-28 15:36:30,459 [main] INFO  db.DBStoreBuilder (DBStoreBuilder.java:addTable(110)) - using custom profile for table: default
2019-08-28 15:36:30,460 [main] INFO  db.DBStoreBuilder (DBStoreBuilder.java:processTables(167)) - Using default column profile:DBProfile.DISK for Table:default
2019-08-28 15:36:30,460 [main] INFO  db.DBStoreBuilder (DBStoreBuilder.java:getDbProfile(198)) - Using default options. DBProfile.DISK
2019-08-28 15:36:30,604 [main] INFO  net.NodeSchemaLoader (NodeSchemaLoader.java:loadSchemaFromFile(125)) - Loading file from sun.misc.CompoundEnumeration@5fe19d0e
2019-08-28 15:36:30,604 [main] INFO  net.NodeSchemaLoader (NodeSchemaLoader.java:loadSchema(171)) - Loading network topology layer schema file
2019-08-28 15:36:30,608 [main] INFO  node.SCMNodeManager (SCMNodeManager.java:<init>(121)) - Entering startup safe mode.
2019-08-28 15:36:30,608 [main] INFO  algorithms.ContainerPlacementPolicyFactory (ContainerPlacementPolicyFactory.java:getPolicy(55)) - Create container placement policy of type org.apache.hadoop.hdds.scm.container.placement.algorithms.SCMContainerPlacementRandom
2019-08-28 15:36:30,609 [main] WARN  server.ServerUtils (ServerUtils.java:getScmDbDir(145)) - ozone.scm.db.dirs is not configured. We recommend adding this setting. Falling back to ozone.metadata.dirs instead.
2019-08-28 15:36:30,657 [main] INFO  pipeline.SCMPipelineManager (SCMPipelineManager.java:initializePipelineState(126)) - No pipeline exists in current db
2019-08-28 15:36:30,658 [main] WARN  server.ServerUtils (ServerUtils.java:getScmDbDir(145)) - ozone.scm.db.dirs is not configured. We recommend adding this setting. Falling back to ozone.metadata.dirs instead.
2019-08-28 15:36:30,708 [main] WARN  events.EventQueue (EventQueue.java:fireEvent(175)) - No event handler registered for event TypedEvent{payloadType=SafeModeStatus, name='SafeModeStatus'}
2019-08-28 15:36:30,709 [main] INFO  ipc.CallQueueManager (CallQueueManager.java:<init>(84)) - Using callQueue: class java.util.concurrent.LinkedBlockingQueue, queueCapacity: 2000, scheduler: class org.apache.hadoop.ipc.DefaultRpcScheduler, ipcBackoff: false.
2019-08-28 15:36:30,710 [Socket Reader #1 for port 43555] INFO  ipc.Server (Server.java:run(1074)) - Starting Socket Reader #1 for port 43555
2019-08-28 15:36:30,711 [main] INFO  ipc.CallQueueManager (CallQueueManager.java:<init>(84)) - Using callQueue: class java.util.concurrent.LinkedBlockingQueue, queueCapacity: 2000, scheduler: class org.apache.hadoop.ipc.DefaultRpcScheduler, ipcBackoff: false.
2019-08-28 15:36:30,712 [Socket Reader #1 for port 40591] INFO  ipc.Server (Server.java:run(1074)) - Starting Socket Reader #1 for port 40591
2019-08-28 15:36:30,713 [main] INFO  ipc.CallQueueManager (CallQueueManager.java:<init>(84)) - Using callQueue: class java.util.concurrent.LinkedBlockingQueue, queueCapacity: 2000, scheduler: class org.apache.hadoop.ipc.DefaultRpcScheduler, ipcBackoff: false.
2019-08-28 15:36:30,714 [Socket Reader #1 for port 43485] INFO  ipc.Server (Server.java:run(1074)) - Starting Socket Reader #1 for port 43485
2019-08-28 15:36:30,718 [main] INFO  hdfs.DFSUtil (DFSUtil.java:httpServerTemplateForNNAndJN(1641)) - Starting Web-server for scm at: http://0.0.0.0:0
2019-08-28 15:36:30,720 [main] INFO  server.AuthenticationFilter (AuthenticationFilter.java:constructSecretProvider(240)) - Unable to initialize FileSignerSecretProvider, falling back to use random secrets.
2019-08-28 15:36:30,720 [main] WARN  http.HttpRequestLog (HttpRequestLog.java:getRequestLog(97)) - Jetty request log can only be enabled using Log4j
2019-08-28 15:36:30,722 [main] INFO  http.HttpServer2 (HttpServer2.java:addGlobalFilter(975)) - Added global filter 'safety' (class=org.apache.hadoop.http.HttpServer2$QuotingInputFilter)
2019-08-28 15:36:30,722 [main] INFO  http.HttpServer2 (HttpServer2.java:addFilter(948)) - Added filter static_user_filter (class=org.apache.hadoop.http.lib.StaticUserWebFilter$StaticUserFilter) to context scm
2019-08-28 15:36:30,722 [main] INFO  http.HttpServer2 (HttpServer2.java:addFilter(958)) - Added filter static_user_filter (class=org.apache.hadoop.http.lib.StaticUserWebFilter$StaticUserFilter) to context logs
2019-08-28 15:36:30,723 [main] INFO  http.HttpServer2 (HttpServer2.java:addFilter(958)) - Added filter static_user_filter (class=org.apache.hadoop.http.lib.StaticUserWebFilter$StaticUserFilter) to context static
2019-08-28 15:36:30,724 [main] INFO  server.StorageContainerManager (StorageContainerManager.java:start(759)) - StorageContainerLocationProtocol RPC server is listening at /0.0.0.0:43485
2019-08-28 15:36:30,725 [main] WARN  impl.MetricsConfig (MetricsConfig.java:loadFirst(134)) - Cannot locate configuration: tried hadoop-metrics2-storagecontainermanager.properties,hadoop-metrics2.properties
2019-08-28 15:36:30,726 [main] INFO  impl.MetricsSystemImpl (MetricsSystemImpl.java:startTimer(374)) - Scheduled Metric snapshot period at 10 second(s).
2019-08-28 15:36:30,726 [main] INFO  impl.MetricsSystemImpl (MetricsSystemImpl.java:start(191)) - StorageContainerManager metrics system started
2019-08-28 15:36:30,789 [main] INFO  server.SCMClientProtocolServer (SCMClientProtocolServer.java:start(151)) - RPC server for Client  is listening at /0.0.0.0:43485
2019-08-28 15:36:30,789 [IPC Server Responder] INFO  ipc.Server (Server.java:run(1314)) - IPC Server Responder: starting
2019-08-28 15:36:30,790 [IPC Server listener on 43485] INFO  ipc.Server (Server.java:run(1153)) - IPC Server listener on 43485: starting
2019-08-28 15:36:30,792 [main] INFO  server.StorageContainerManager (StorageContainerManager.java:start(769)) - ScmBlockLocationProtocol RPC server is listening at /0.0.0.0:40591
2019-08-28 15:36:30,792 [main] INFO  server.SCMBlockProtocolServer (SCMBlockProtocolServer.java:start(140)) - RPC server for Block Protocol is listening at /0.0.0.0:40591
2019-08-28 15:36:30,792 [IPC Server Responder] INFO  ipc.Server (Server.java:run(1314)) - IPC Server Responder: starting
2019-08-28 15:36:30,792 [IPC Server listener on 40591] INFO  ipc.Server (Server.java:run(1153)) - IPC Server listener on 40591: starting
2019-08-28 15:36:30,794 [main] INFO  server.StorageContainerManager (StorageContainerManager.java:start(773)) - ScmDatanodeProtocl RPC server is listening at /0.0.0.0:43555
2019-08-28 15:36:30,795 [main] INFO  server.SCMDatanodeProtocolServer (SCMDatanodeProtocolServer.java:start(191)) - RPC server for DataNodes is listening at /0.0.0.0:43555
2019-08-28 15:36:30,795 [IPC Server Responder] INFO  ipc.Server (Server.java:run(1314)) - IPC Server Responder: starting
2019-08-28 15:36:30,795 [IPC Server listener on 43555] INFO  ipc.Server (Server.java:run(1153)) - IPC Server listener on 43555: starting
2019-08-28 15:36:30,797 [main] INFO  http.HttpServer2 (HttpServer2.java:bindListener(1191)) - Jetty bound to port 45136
2019-08-28 15:36:30,797 [main] INFO  server.Server (Server.java:doStart(351)) - jetty-9.3.24.v20180605, build timestamp: 2018-06-05T17:11:56Z, git hash: 84205aa28f11a4f31f2a3b86d1bba2cc8ab69827
2019-08-28 15:36:30,799 [main] INFO  handler.ContextHandler (ContextHandler.java:doStart(781)) - Started o.e.j.s.ServletContextHandler@53f18591{/logs,file:///workdir/hadoop-ozone/integration-test/target/log,AVAILABLE}
2019-08-28 15:36:30,799 [main] INFO  handler.ContextHandler (ContextHandler.java:doStart(781)) - Started o.e.j.s.ServletContextHandler@2bb03136{/static,file:///workdir/hadoop-ozone/integration-test/target/test-classes/webapps/static,AVAILABLE}
2019-08-28 15:36:30,802 [main] INFO  handler.ContextHandler (ContextHandler.java:doStart(781)) - Started o.e.j.w.WebAppContext@6e5106fc{/,file:///workdir/hadoop-ozone/integration-test/target/test-classes/webapps/scm/,AVAILABLE}{/scm}
2019-08-28 15:36:30,803 [main] INFO  server.AbstractConnector (AbstractConnector.java:doStart(278)) - Started ServerConnector@70199db0{HTTP/1.1,[http/1.1]}{0.0.0.0:45136}
2019-08-28 15:36:30,803 [main] INFO  server.Server (Server.java:doStart(419)) - Started @605116ms
2019-08-28 15:36:30,804 [main] INFO  server.BaseHttpServer (BaseHttpServer.java:updateConnectorAddress(213)) - HTTP server of SCM is listening at http://0.0.0.0:45136
2019-08-28 15:36:30,805 [main] WARN  server.ServerUtils (ServerUtils.java:getDBPath(222)) - ozone.om.db.dirs is not configured. We recommend adding this setting. Falling back to ozone.metadata.dirs instead.
2019-08-28 15:36:30,805 [org.apache.hadoop.util.JvmPauseMonitor$Monitor@721f3526] INFO  util.JvmPauseMonitor (JvmPauseMonitor.java:run(188)) - Starting JVM pause monitor
2019-08-28 15:36:30,818 [main] WARN  server.ServerUtils (ServerUtils.java:getDBPath(222)) - ozone.om.db.dirs is not configured. We recommend adding this setting. Falling back to ozone.metadata.dirs instead.
2019-08-28 15:36:30,818 [main] WARN  server.ServerUtils (ServerUtils.java:getDBPath(222)) - ozone.om.db.dirs is not configured. We recommend adding this setting. Falling back to ozone.metadata.dirs instead.
2019-08-28 15:36:30,819 [main] INFO  om.OzoneManager (OzoneManager.java:setOMNodeDetails(645)) - OM Service ID is not set. Setting it to the default ID: omServiceIdDefault
2019-08-28 15:36:30,819 [main] INFO  om.OzoneManager (OzoneManager.java:setOMNodeDetails(651)) - OM Node ID is not set. Setting it to the OmStorage's OmID: 850d3153-d2f3-41fa-b494-eab0dc4ba616
2019-08-28 15:36:30,819 [main] INFO  om.OzoneManager (OzoneManager.java:loadOMHAConfigs(602)) - Found matching OM address with OMServiceId: null, OMNodeId: null, RPC Address: localhost:0 and Ratis port: 9872
2019-08-28 15:36:30,822 | INFO  | SCMAudit | user=jenkins1000 | ip=192.168.157.202 | op=GET_SCM_INFO null | ret=SUCCESS |  
2019-08-28 15:36:30,823 [main] WARN  server.ServerUtils (ServerUtils.java:getDBPath(222)) - ozone.om.db.dirs is not configured. We recommend adding this setting. Falling back to ozone.metadata.dirs instead.
2019-08-28 15:36:30,823 [main] INFO  db.DBStoreBuilder (DBStoreBuilder.java:addTable(110)) - using custom profile for table: userTable
2019-08-28 15:36:30,823 [main] INFO  db.DBStoreBuilder (DBStoreBuilder.java:processTables(161)) - Using default column profile:DBProfile.DISK for Table:userTable
2019-08-28 15:36:30,824 [main] INFO  db.DBStoreBuilder (DBStoreBuilder.java:addTable(110)) - using custom profile for table: volumeTable
2019-08-28 15:36:30,824 [main] INFO  db.DBStoreBuilder (DBStoreBuilder.java:processTables(161)) - Using default column profile:DBProfile.DISK for Table:volumeTable
2019-08-28 15:36:30,824 [main] INFO  db.DBStoreBuilder (DBStoreBuilder.java:addTable(110)) - using custom profile for table: bucketTable
2019-08-28 15:36:30,824 [main] INFO  db.DBStoreBuilder (DBStoreBuilder.java:processTables(161)) - Using default column profile:DBProfile.DISK for Table:bucketTable
2019-08-28 15:36:30,824 [main] INFO  db.DBStoreBuilder (DBStoreBuilder.java:addTable(110)) - using custom profile for table: keyTable
2019-08-28 15:36:30,824 [main] INFO  db.DBStoreBuilder (DBStoreBuilder.java:processTables(161)) - Using default column profile:DBProfile.DISK for Table:keyTable
2019-08-28 15:36:30,825 [main] INFO  db.DBStoreBuilder (DBStoreBuilder.java:addTable(110)) - using custom profile for table: deletedTable
2019-08-28 15:36:30,825 [main] INFO  db.DBStoreBuilder (DBStoreBuilder.java:processTables(161)) - Using default column profile:DBProfile.DISK for Table:deletedTable
2019-08-28 15:36:30,825 [main] INFO  db.DBStoreBuilder (DBStoreBuilder.java:addTable(110)) - using custom profile for table: openKeyTable
2019-08-28 15:36:30,825 [main] INFO  db.DBStoreBuilder (DBStoreBuilder.java:processTables(161)) - Using default column profile:DBProfile.DISK for Table:openKeyTable
2019-08-28 15:36:30,825 [main] INFO  db.DBStoreBuilder (DBStoreBuilder.java:addTable(110)) - using custom profile for table: s3Table
2019-08-28 15:36:30,825 [main] INFO  db.DBStoreBuilder (DBStoreBuilder.java:processTables(161)) - Using default column profile:DBProfile.DISK for Table:s3Table
2019-08-28 15:36:30,826 [main] INFO  db.DBStoreBuilder (DBStoreBuilder.java:addTable(110)) - using custom profile for table: multipartInfoTable
2019-08-28 15:36:30,826 [main] INFO  db.DBStoreBuilder (DBStoreBuilder.java:processTables(161)) - Using default column profile:DBProfile.DISK for Table:multipartInfoTable
2019-08-28 15:36:30,826 [main] INFO  db.DBStoreBuilder (DBStoreBuilder.java:addTable(110)) - using custom profile for table: dTokenTable
2019-08-28 15:36:30,826 [main] INFO  db.DBStoreBuilder (DBStoreBuilder.java:processTables(161)) - Using default column profile:DBProfile.DISK for Table:dTokenTable
2019-08-28 15:36:30,826 [main] INFO  db.DBStoreBuilder (DBStoreBuilder.java:addTable(110)) - using custom profile for table: s3SecretTable
2019-08-28 15:36:30,826 [main] INFO  db.DBStoreBuilder (DBStoreBuilder.java:processTables(161)) - Using default column profile:DBProfile.DISK for Table:s3SecretTable
2019-08-28 15:36:30,826 [main] INFO  db.DBStoreBuilder (DBStoreBuilder.java:addTable(110)) - using custom profile for table: prefixTable
2019-08-28 15:36:30,827 [main] INFO  db.DBStoreBuilder (DBStoreBuilder.java:processTables(161)) - Using default column profile:DBProfile.DISK for Table:prefixTable
2019-08-28 15:36:30,827 [main] INFO  db.DBStoreBuilder (DBStoreBuilder.java:addTable(110)) - using custom profile for table: default
2019-08-28 15:36:30,827 [main] INFO  db.DBStoreBuilder (DBStoreBuilder.java:processTables(167)) - Using default column profile:DBProfile.DISK for Table:default
2019-08-28 15:36:30,827 [main] INFO  db.DBStoreBuilder (DBStoreBuilder.java:getDbProfile(198)) - Using default options. DBProfile.DISK
2019-08-28 15:36:31,269 [main] INFO  ipc.CallQueueManager (CallQueueManager.java:<init>(84)) - Using callQueue: class java.util.concurrent.LinkedBlockingQueue, queueCapacity: 2000, scheduler: class org.apache.hadoop.ipc.DefaultRpcScheduler, ipcBackoff: false.
2019-08-28 15:36:31,270 [Socket Reader #1 for port 39328] INFO  ipc.Server (Server.java:run(1074)) - Starting Socket Reader #1 for port 39328
2019-08-28 15:36:31,287 [main] INFO  om.OzoneManager (OzoneManager.java:start(1256)) - OzoneManager RPC server is listening at localhost/127.0.0.1:39328
2019-08-28 15:36:31,287 [main] INFO  impl.MetricsSystemImpl (MetricsSystemImpl.java:init(158)) - OzoneManager metrics system started (again)
2019-08-28 15:36:31,288 [IPC Server listener on 39328] INFO  ipc.Server (Server.java:run(1153)) - IPC Server listener on 39328: starting
2019-08-28 15:36:31,288 [IPC Server Responder] INFO  ipc.Server (Server.java:run(1314)) - IPC Server Responder: starting
2019-08-28 15:36:31,292 [main] INFO  hdfs.DFSUtil (DFSUtil.java:httpServerTemplateForNNAndJN(1641)) - Starting Web-server for ozoneManager at: http://0.0.0.0:0
2019-08-28 15:36:31,294 [main] INFO  server.AuthenticationFilter (AuthenticationFilter.java:constructSecretProvider(240)) - Unable to initialize FileSignerSecretProvider, falling back to use random secrets.
2019-08-28 15:36:31,294 [main] WARN  http.HttpRequestLog (HttpRequestLog.java:getRequestLog(97)) - Jetty request log can only be enabled using Log4j
2019-08-28 15:36:31,296 [main] INFO  http.HttpServer2 (HttpServer2.java:addGlobalFilter(975)) - Added global filter 'safety' (class=org.apache.hadoop.http.HttpServer2$QuotingInputFilter)
2019-08-28 15:36:31,297 [main] INFO  http.HttpServer2 (HttpServer2.java:addFilter(948)) - Added filter static_user_filter (class=org.apache.hadoop.http.lib.StaticUserWebFilter$StaticUserFilter) to context ozoneManager
2019-08-28 15:36:31,297 [main] INFO  http.HttpServer2 (HttpServer2.java:addFilter(958)) - Added filter static_user_filter (class=org.apache.hadoop.http.lib.StaticUserWebFilter$StaticUserFilter) to context logs
2019-08-28 15:36:31,297 [main] INFO  http.HttpServer2 (HttpServer2.java:addFilter(958)) - Added filter static_user_filter (class=org.apache.hadoop.http.lib.StaticUserWebFilter$StaticUserFilter) to context static
2019-08-28 15:36:31,298 [main] INFO  http.HttpServer2 (HttpServer2.java:bindListener(1191)) - Jetty bound to port 41450
2019-08-28 15:36:31,298 [main] INFO  server.Server (Server.java:doStart(351)) - jetty-9.3.24.v20180605, build timestamp: 2018-06-05T17:11:56Z, git hash: 84205aa28f11a4f31f2a3b86d1bba2cc8ab69827
2019-08-28 15:36:31,299 [main] INFO  handler.ContextHandler (ContextHandler.java:doStart(781)) - Started o.e.j.s.ServletContextHandler@6e95c023{/logs,file:///workdir/hadoop-ozone/integration-test/target/log,AVAILABLE}
2019-08-28 15:36:31,300 [main] INFO  handler.ContextHandler (ContextHandler.java:doStart(781)) - Started o.e.j.s.ServletContextHandler@5d00241b{/static,file:///workdir/hadoop-ozone/integration-test/target/test-classes/webapps/static,AVAILABLE}
2019-08-28 15:36:31,305 [main] INFO  handler.ContextHandler (ContextHandler.java:doStart(781)) - Started o.e.j.w.WebAppContext@628d6320{/,file:///workdir/hadoop-ozone/integration-test/target/test-classes/webapps/ozoneManager/,AVAILABLE}{/ozoneManager}
2019-08-28 15:36:31,305 [main] INFO  server.AbstractConnector (AbstractConnector.java:doStart(278)) - Started ServerConnector@22025464{HTTP/1.1,[http/1.1]}{0.0.0.0:41450}
2019-08-28 15:36:31,306 [main] INFO  server.Server (Server.java:doStart(419)) - Started @605619ms
2019-08-28 15:36:31,307 [main] INFO  server.BaseHttpServer (BaseHttpServer.java:updateConnectorAddress(213)) - HTTP server of OZONEMANAGER is listening at http://0.0.0.0:41450
2019-08-28 15:36:31,322 [main] INFO  impl.MetricsSystemImpl (MetricsSystemImpl.java:init(158)) - HddsDatanode metrics system started (again)
2019-08-28 15:36:31,324 [main] INFO  ozone.HddsDatanodeService (HddsDatanodeService.java:start(184)) - HddsDatanodeService host:pr-hdds-1942-2xrcm-801159095 ip:192.168.157.202
2019-08-28 15:36:31,332 [main] INFO  volume.HddsVolume (HddsVolume.java:<init>(176)) - Creating Volume: /workdir/hadoop-ozone/integration-test/target/test-dir/MiniOzoneClusterImpl-c88bbe07-05a9-423a-b0e1-c9ede35d500a/datanode-0/data/containers/hdds of  storage type : DISK and capacity : 1482555576320
2019-08-28 15:36:31,332 [main] INFO  volume.VolumeSet (VolumeSet.java:initializeVolumeSet(170)) - Added Volume : /workdir/hadoop-ozone/integration-test/target/test-dir/MiniOzoneClusterImpl-c88bbe07-05a9-423a-b0e1-c9ede35d500a/datanode-0/data/containers/hdds to VolumeSet
2019-08-28 15:36:31,333 [main] INFO  volume.ThrottledAsyncChecker (ThrottledAsyncChecker.java:schedule(140)) - Scheduling a check for org.apache.hadoop.ozone.container.common.volume.HddsVolume@6c1d25fa
2019-08-28 15:36:31,333 [main] INFO  volume.HddsVolumeChecker (HddsVolumeChecker.java:checkAllVolumes(203)) - Scheduled health check for volume org.apache.hadoop.ozone.container.common.volume.HddsVolume@6c1d25fa
2019-08-28 15:36:31,350 [main] INFO  impl.RaftServerProxy (ConfUtils.java:logGet(43)) - raft.rpc.type = GRPC (default)
2019-08-28 15:36:31,350 [main] INFO  grpc.GrpcFactory (GrpcFactory.java:checkPooledByteBufAllocatorUseCacheForAllThreads(45)) - PERFORMANCE WARNING: useCacheForAllThreads is true that may cause Netty to create a lot garbage objects and, as a result, trigger GC.
	It is recommended to disable useCacheForAllThreads by setting -Dorg.apache.ratis.thirdparty.io.netty.allocator.useCacheForAllThreads=false in command line.
2019-08-28 15:36:31,350 [main] INFO  grpc.GrpcConfigKeys$Server (ConfUtils.java:logGet(43)) - raft.grpc.server.port = 0 (default)
2019-08-28 15:36:31,351 [main] INFO  server.GrpcService (ConfUtils.java:logGet(43)) - raft.grpc.message.size.max = 33570816 (custom)
2019-08-28 15:36:31,351 [main] INFO  server.RaftServerConfigKeys (ConfUtils.java:logGet(43)) - raft.server.log.appender.buffer.byte-limit = 33554432 (custom)
2019-08-28 15:36:31,351 [main] INFO  server.GrpcService (ConfUtils.java:logGet(43)) - raft.grpc.flow.control.window = 1MB (=1048576) (default)
2019-08-28 15:36:31,351 [main] INFO  server.RaftServerConfigKeys (ConfUtils.java:logGet(43)) - raft.server.rpc.request.timeout = 3000ms (default)
2019-08-28 15:36:31,352 [main] INFO  server.RaftServerConfigKeys (ConfUtils.java:logGet(43)) - raft.server.storage.dir = [/workdir/hadoop-ozone/integration-test/target/test-dir/MiniOzoneClusterImpl-c88bbe07-05a9-423a-b0e1-c9ede35d500a/datanode-0/data/ratis] (custom)
2019-08-28 15:36:31,352 [main] INFO  replication.SimpleContainerDownloader (SimpleContainerDownloader.java:<init>(72)) - Starting container downloader service to copy containers to replicate.
2019-08-28 15:36:31,353 [main] INFO  hdfs.DFSUtil (DFSUtil.java:httpServerTemplateForNNAndJN(1641)) - Starting Web-server for hddsDatanode at: http://0.0.0.0:0
2019-08-28 15:36:31,354 [main] INFO  server.AuthenticationFilter (AuthenticationFilter.java:constructSecretProvider(240)) - Unable to initialize FileSignerSecretProvider, falling back to use random secrets.
2019-08-28 15:36:31,354 [main] WARN  http.HttpRequestLog (HttpRequestLog.java:getRequestLog(97)) - Jetty request log can only be enabled using Log4j
2019-08-28 15:36:31,356 [main] INFO  http.HttpServer2 (HttpServer2.java:addGlobalFilter(975)) - Added global filter 'safety' (class=org.apache.hadoop.http.HttpServer2$QuotingInputFilter)
2019-08-28 15:36:31,356 [main] INFO  http.HttpServer2 (HttpServer2.java:addFilter(948)) - Added filter static_user_filter (class=org.apache.hadoop.http.lib.StaticUserWebFilter$StaticUserFilter) to context hddsDatanode
2019-08-28 15:36:31,356 [main] INFO  http.HttpServer2 (HttpServer2.java:addFilter(958)) - Added filter static_user_filter (class=org.apache.hadoop.http.lib.StaticUserWebFilter$StaticUserFilter) to context static
2019-08-28 15:36:31,356 [main] INFO  http.HttpServer2 (HttpServer2.java:addFilter(958)) - Added filter static_user_filter (class=org.apache.hadoop.http.lib.StaticUserWebFilter$StaticUserFilter) to context logs
2019-08-28 15:36:31,357 [main] INFO  http.HttpServer2 (HttpServer2.java:bindListener(1191)) - Jetty bound to port 39385
2019-08-28 15:36:31,357 [main] INFO  server.Server (Server.java:doStart(351)) - jetty-9.3.24.v20180605, build timestamp: 2018-06-05T17:11:56Z, git hash: 84205aa28f11a4f31f2a3b86d1bba2cc8ab69827
2019-08-28 15:36:31,359 [main] INFO  handler.ContextHandler (ContextHandler.java:doStart(781)) - Started o.e.j.s.ServletContextHandler@4a234e1f{/logs,file:///workdir/hadoop-ozone/integration-test/target/log,AVAILABLE}
2019-08-28 15:36:31,359 [main] INFO  handler.ContextHandler (ContextHandler.java:doStart(781)) - Started o.e.j.s.ServletContextHandler@64ef9b9a{/static,jar:file:/home/user/.m2/repository/org/apache/hadoop/hadoop-hdds-container-service/0.5.0-SNAPSHOT/hadoop-hdds-container-service-0.5.0-SNAPSHOT.jar!/webapps/static,AVAILABLE}
2019-08-28 15:36:31,386 [main] INFO  handler.ContextHandler (ContextHandler.java:doStart(781)) - Started o.e.j.w.WebAppContext@54418834{/,file:///tmp/jetty-0.0.0.0-39385-hddsDatanode-_-any-7062636359821437379.dir/webapp/,AVAILABLE}{/hddsDatanode}
2019-08-28 15:36:31,387 [main] INFO  server.AbstractConnector (AbstractConnector.java:doStart(278)) - Started ServerConnector@54d6f172{HTTP/1.1,[http/1.1]}{0.0.0.0:39385}
2019-08-28 15:36:31,389 [main] INFO  server.Server (Server.java:doStart(419)) - Started @605701ms
2019-08-28 15:36:31,390 [main] INFO  server.BaseHttpServer (BaseHttpServer.java:updateConnectorAddress(213)) - HTTP server of HDDSDATANODE is listening at http://0.0.0.0:39385
2019-08-28 15:36:31,509 | INFO  | ObjectStoreRestHttpServer | Listening HDDS REST traffic on /0.0.0.0:34097 |  
2019-08-28 15:36:31,509 [main] INFO  ozone.HddsDatanodeService (HddsDatanodeService.java:startPlugins(395)) - Started plug-in org.apache.hadoop.ozone.web.OzoneHddsDatanodeService@66f88fd3
2019-08-28 15:36:31,509 [main] INFO  impl.MetricsSystemImpl (MetricsSystemImpl.java:init(158)) - HddsDatanode metrics system started (again)
2019-08-28 15:36:31,511 [org.apache.hadoop.util.JvmPauseMonitor$Monitor@12f80f5d] INFO  util.JvmPauseMonitor (JvmPauseMonitor.java:run(188)) - Starting JVM pause monitor
2019-08-28 15:36:31,511 [main] INFO  ozone.HddsDatanodeService (HddsDatanodeService.java:start(184)) - HddsDatanodeService host:pr-hdds-1942-2xrcm-801159095 ip:192.168.157.202
2019-08-28 15:36:31,513 [Datanode State Machine Thread - 0] INFO  datanode.InitDatanodeState (InitDatanodeState.java:persistContainerDatanodeDetails(140)) - DatanodeDetails is persisted to /workdir/hadoop-ozone/integration-test/target/test-dir/MiniOzoneClusterImpl-c88bbe07-05a9-423a-b0e1-c9ede35d500a/datanode-0/meta/datanode.id
2019-08-28 15:36:31,519 [main] INFO  volume.HddsVolume (HddsVolume.java:<init>(176)) - Creating Volume: /workdir/hadoop-ozone/integration-test/target/test-dir/MiniOzoneClusterImpl-c88bbe07-05a9-423a-b0e1-c9ede35d500a/datanode-1/data/containers/hdds of  storage type : DISK and capacity : 1482555576320
2019-08-28 15:36:31,520 [main] INFO  volume.VolumeSet (VolumeSet.java:initializeVolumeSet(170)) - Added Volume : /workdir/hadoop-ozone/integration-test/target/test-dir/MiniOzoneClusterImpl-c88bbe07-05a9-423a-b0e1-c9ede35d500a/datanode-1/data/containers/hdds to VolumeSet
2019-08-28 15:36:31,520 [main] INFO  volume.ThrottledAsyncChecker (ThrottledAsyncChecker.java:schedule(140)) - Scheduling a check for org.apache.hadoop.ozone.container.common.volume.HddsVolume@7a8dbbf1
2019-08-28 15:36:31,520 [main] INFO  volume.HddsVolumeChecker (HddsVolumeChecker.java:checkAllVolumes(203)) - Scheduled health check for volume org.apache.hadoop.ozone.container.common.volume.HddsVolume@7a8dbbf1
2019-08-28 15:36:31,533 [main] INFO  impl.RaftServerProxy (ConfUtils.java:logGet(43)) - raft.rpc.type = GRPC (default)
2019-08-28 15:36:31,533 [main] INFO  grpc.GrpcFactory (GrpcFactory.java:checkPooledByteBufAllocatorUseCacheForAllThreads(45)) - PERFORMANCE WARNING: useCacheForAllThreads is true that may cause Netty to create a lot garbage objects and, as a result, trigger GC.
	It is recommended to disable useCacheForAllThreads by setting -Dorg.apache.ratis.thirdparty.io.netty.allocator.useCacheForAllThreads=false in command line.
2019-08-28 15:36:31,533 [main] INFO  grpc.GrpcConfigKeys$Server (ConfUtils.java:logGet(43)) - raft.grpc.server.port = 0 (default)
2019-08-28 15:36:31,533 [main] INFO  server.GrpcService (ConfUtils.java:logGet(43)) - raft.grpc.message.size.max = 33570816 (custom)
2019-08-28 15:36:31,534 [main] INFO  server.RaftServerConfigKeys (ConfUtils.java:logGet(43)) - raft.server.log.appender.buffer.byte-limit = 33554432 (custom)
2019-08-28 15:36:31,534 [main] INFO  server.GrpcService (ConfUtils.java:logGet(43)) - raft.grpc.flow.control.window = 1MB (=1048576) (default)
2019-08-28 15:36:31,534 [main] INFO  server.RaftServerConfigKeys (ConfUtils.java:logGet(43)) - raft.server.rpc.request.timeout = 3000ms (default)
2019-08-28 15:36:31,534 [main] INFO  server.RaftServerConfigKeys (ConfUtils.java:logGet(43)) - raft.server.storage.dir = [/workdir/hadoop-ozone/integration-test/target/test-dir/MiniOzoneClusterImpl-c88bbe07-05a9-423a-b0e1-c9ede35d500a/datanode-1/data/ratis] (custom)
2019-08-28 15:36:31,535 [main] INFO  replication.SimpleContainerDownloader (SimpleContainerDownloader.java:<init>(72)) - Starting container downloader service to copy containers to replicate.
2019-08-28 15:36:31,536 [main] INFO  hdfs.DFSUtil (DFSUtil.java:httpServerTemplateForNNAndJN(1641)) - Starting Web-server for hddsDatanode at: http://0.0.0.0:0
2019-08-28 15:36:31,537 [main] INFO  server.AuthenticationFilter (AuthenticationFilter.java:constructSecretProvider(240)) - Unable to initialize FileSignerSecretProvider, falling back to use random secrets.
2019-08-28 15:36:31,537 [main] WARN  http.HttpRequestLog (HttpRequestLog.java:getRequestLog(97)) - Jetty request log can only be enabled using Log4j
2019-08-28 15:36:31,538 [main] INFO  http.HttpServer2 (HttpServer2.java:addGlobalFilter(975)) - Added global filter 'safety' (class=org.apache.hadoop.http.HttpServer2$QuotingInputFilter)
2019-08-28 15:36:31,539 [main] INFO  http.HttpServer2 (HttpServer2.java:addFilter(948)) - Added filter static_user_filter (class=org.apache.hadoop.http.lib.StaticUserWebFilter$StaticUserFilter) to context hddsDatanode
2019-08-28 15:36:31,539 [main] INFO  http.HttpServer2 (HttpServer2.java:addFilter(958)) - Added filter static_user_filter (class=org.apache.hadoop.http.lib.StaticUserWebFilter$StaticUserFilter) to context logs
2019-08-28 15:36:31,539 [main] INFO  http.HttpServer2 (HttpServer2.java:addFilter(958)) - Added filter static_user_filter (class=org.apache.hadoop.http.lib.StaticUserWebFilter$StaticUserFilter) to context static
2019-08-28 15:36:31,540 [main] INFO  http.HttpServer2 (HttpServer2.java:bindListener(1191)) - Jetty bound to port 37371
2019-08-28 15:36:31,540 [main] INFO  server.Server (Server.java:doStart(351)) - jetty-9.3.24.v20180605, build timestamp: 2018-06-05T17:11:56Z, git hash: 84205aa28f11a4f31f2a3b86d1bba2cc8ab69827
2019-08-28 15:36:31,541 [main] INFO  handler.ContextHandler (ContextHandler.java:doStart(781)) - Started o.e.j.s.ServletContextHandler@2d6abfc7{/logs,file:///workdir/hadoop-ozone/integration-test/target/log,AVAILABLE}
2019-08-28 15:36:31,541 [main] INFO  handler.ContextHandler (ContextHandler.java:doStart(781)) - Started o.e.j.s.ServletContextHandler@138a51d5{/static,jar:file:/home/user/.m2/repository/org/apache/hadoop/hadoop-hdds-container-service/0.5.0-SNAPSHOT/hadoop-hdds-container-service-0.5.0-SNAPSHOT.jar!/webapps/static,AVAILABLE}
2019-08-28 15:36:31,568 [main] INFO  handler.ContextHandler (ContextHandler.java:doStart(781)) - Started o.e.j.w.WebAppContext@cc4a0dd{/,file:///tmp/jetty-0.0.0.0-37371-hddsDatanode-_-any-2418404051333045657.dir/webapp/,AVAILABLE}{/hddsDatanode}
2019-08-28 15:36:31,568 [main] INFO  server.AbstractConnector (AbstractConnector.java:doStart(278)) - Started ServerConnector@159e9629{HTTP/1.1,[http/1.1]}{0.0.0.0:37371}
2019-08-28 15:36:31,568 [main] INFO  server.Server (Server.java:doStart(419)) - Started @605881ms
2019-08-28 15:36:31,570 [main] INFO  server.BaseHttpServer (BaseHttpServer.java:updateConnectorAddress(213)) - HTTP server of HDDSDATANODE is listening at http://0.0.0.0:37371
2019-08-28 15:36:31,673 | INFO  | ObjectStoreRestHttpServer | Listening HDDS REST traffic on /0.0.0.0:33852 |  
2019-08-28 15:36:31,673 [main] INFO  ozone.HddsDatanodeService (HddsDatanodeService.java:startPlugins(395)) - Started plug-in org.apache.hadoop.ozone.web.OzoneHddsDatanodeService@6921ce3f
2019-08-28 15:36:31,673 [main] INFO  impl.MetricsSystemImpl (MetricsSystemImpl.java:init(158)) - HddsDatanode metrics system started (again)
2019-08-28 15:36:31,675 [main] INFO  ozone.HddsDatanodeService (HddsDatanodeService.java:start(184)) - HddsDatanodeService host:pr-hdds-1942-2xrcm-801159095 ip:192.168.157.202
2019-08-28 15:36:31,676 [org.apache.hadoop.util.JvmPauseMonitor$Monitor@470bd3f8] INFO  util.JvmPauseMonitor (JvmPauseMonitor.java:run(188)) - Starting JVM pause monitor
2019-08-28 15:36:31,677 [Datanode State Machine Thread - 0] INFO  datanode.InitDatanodeState (InitDatanodeState.java:persistContainerDatanodeDetails(140)) - DatanodeDetails is persisted to /workdir/hadoop-ozone/integration-test/target/test-dir/MiniOzoneClusterImpl-c88bbe07-05a9-423a-b0e1-c9ede35d500a/datanode-1/meta/datanode.id
2019-08-28 15:36:31,686 [main] INFO  volume.HddsVolume (HddsVolume.java:<init>(176)) - Creating Volume: /workdir/hadoop-ozone/integration-test/target/test-dir/MiniOzoneClusterImpl-c88bbe07-05a9-423a-b0e1-c9ede35d500a/datanode-2/data/containers/hdds of  storage type : DISK and capacity : 1482555576320
2019-08-28 15:36:31,687 [main] INFO  volume.VolumeSet (VolumeSet.java:initializeVolumeSet(170)) - Added Volume : /workdir/hadoop-ozone/integration-test/target/test-dir/MiniOzoneClusterImpl-c88bbe07-05a9-423a-b0e1-c9ede35d500a/datanode-2/data/containers/hdds to VolumeSet
2019-08-28 15:36:31,687 [main] INFO  volume.ThrottledAsyncChecker (ThrottledAsyncChecker.java:schedule(140)) - Scheduling a check for org.apache.hadoop.ozone.container.common.volume.HddsVolume@7048d039
2019-08-28 15:36:31,687 [main] INFO  volume.HddsVolumeChecker (HddsVolumeChecker.java:checkAllVolumes(203)) - Scheduled health check for volume org.apache.hadoop.ozone.container.common.volume.HddsVolume@7048d039
2019-08-28 15:36:31,700 [main] INFO  impl.RaftServerProxy (ConfUtils.java:logGet(43)) - raft.rpc.type = GRPC (default)
2019-08-28 15:36:31,700 [main] INFO  grpc.GrpcFactory (GrpcFactory.java:checkPooledByteBufAllocatorUseCacheForAllThreads(45)) - PERFORMANCE WARNING: useCacheForAllThreads is true that may cause Netty to create a lot garbage objects and, as a result, trigger GC.
	It is recommended to disable useCacheForAllThreads by setting -Dorg.apache.ratis.thirdparty.io.netty.allocator.useCacheForAllThreads=false in command line.
2019-08-28 15:36:31,700 [main] INFO  grpc.GrpcConfigKeys$Server (ConfUtils.java:logGet(43)) - raft.grpc.server.port = 0 (default)
2019-08-28 15:36:31,701 [main] INFO  server.GrpcService (ConfUtils.java:logGet(43)) - raft.grpc.message.size.max = 33570816 (custom)
2019-08-28 15:36:31,701 [main] INFO  server.RaftServerConfigKeys (ConfUtils.java:logGet(43)) - raft.server.log.appender.buffer.byte-limit = 33554432 (custom)
2019-08-28 15:36:31,701 [main] INFO  server.GrpcService (ConfUtils.java:logGet(43)) - raft.grpc.flow.control.window = 1MB (=1048576) (default)
2019-08-28 15:36:31,701 [main] INFO  server.RaftServerConfigKeys (ConfUtils.java:logGet(43)) - raft.server.rpc.request.timeout = 3000ms (default)
2019-08-28 15:36:31,701 [main] INFO  server.RaftServerConfigKeys (ConfUtils.java:logGet(43)) - raft.server.storage.dir = [/workdir/hadoop-ozone/integration-test/target/test-dir/MiniOzoneClusterImpl-c88bbe07-05a9-423a-b0e1-c9ede35d500a/datanode-2/data/ratis] (custom)
2019-08-28 15:36:31,702 [main] INFO  replication.SimpleContainerDownloader (SimpleContainerDownloader.java:<init>(72)) - Starting container downloader service to copy containers to replicate.
2019-08-28 15:36:31,703 [main] INFO  hdfs.DFSUtil (DFSUtil.java:httpServerTemplateForNNAndJN(1641)) - Starting Web-server for hddsDatanode at: http://0.0.0.0:0
2019-08-28 15:36:31,704 [main] INFO  server.AuthenticationFilter (AuthenticationFilter.java:constructSecretProvider(240)) - Unable to initialize FileSignerSecretProvider, falling back to use random secrets.
2019-08-28 15:36:31,704 [main] WARN  http.HttpRequestLog (HttpRequestLog.java:getRequestLog(97)) - Jetty request log can only be enabled using Log4j
2019-08-28 15:36:31,705 [main] INFO  http.HttpServer2 (HttpServer2.java:addGlobalFilter(975)) - Added global filter 'safety' (class=org.apache.hadoop.http.HttpServer2$QuotingInputFilter)
2019-08-28 15:36:31,706 [main] INFO  http.HttpServer2 (HttpServer2.java:addFilter(948)) - Added filter static_user_filter (class=org.apache.hadoop.http.lib.StaticUserWebFilter$StaticUserFilter) to context hddsDatanode
2019-08-28 15:36:31,706 [main] INFO  http.HttpServer2 (HttpServer2.java:addFilter(958)) - Added filter static_user_filter (class=org.apache.hadoop.http.lib.StaticUserWebFilter$StaticUserFilter) to context logs
2019-08-28 15:36:31,706 [main] INFO  http.HttpServer2 (HttpServer2.java:addFilter(958)) - Added filter static_user_filter (class=org.apache.hadoop.http.lib.StaticUserWebFilter$StaticUserFilter) to context static
2019-08-28 15:36:31,707 [main] INFO  http.HttpServer2 (HttpServer2.java:bindListener(1191)) - Jetty bound to port 37251
2019-08-28 15:36:31,707 [main] INFO  server.Server (Server.java:doStart(351)) - jetty-9.3.24.v20180605, build timestamp: 2018-06-05T17:11:56Z, git hash: 84205aa28f11a4f31f2a3b86d1bba2cc8ab69827
2019-08-28 15:36:31,708 [main] INFO  handler.ContextHandler (ContextHandler.java:doStart(781)) - Started o.e.j.s.ServletContextHandler@71739267{/logs,file:///workdir/hadoop-ozone/integration-test/target/log,AVAILABLE}
2019-08-28 15:36:31,709 [main] INFO  handler.ContextHandler (ContextHandler.java:doStart(781)) - Started o.e.j.s.ServletContextHandler@6b9ce7a3{/static,jar:file:/home/user/.m2/repository/org/apache/hadoop/hadoop-hdds-container-service/0.5.0-SNAPSHOT/hadoop-hdds-container-service-0.5.0-SNAPSHOT.jar!/webapps/static,AVAILABLE}
2019-08-28 15:36:31,735 [main] INFO  handler.ContextHandler (ContextHandler.java:doStart(781)) - Started o.e.j.w.WebAppContext@6ae1d5f1{/,file:///tmp/jetty-0.0.0.0-37251-hddsDatanode-_-any-2733785886386082375.dir/webapp/,AVAILABLE}{/hddsDatanode}
2019-08-28 15:36:31,735 [main] INFO  server.AbstractConnector (AbstractConnector.java:doStart(278)) - Started ServerConnector@5d5a77de{HTTP/1.1,[http/1.1]}{0.0.0.0:37251}
2019-08-28 15:36:31,735 [main] INFO  server.Server (Server.java:doStart(419)) - Started @606048ms
2019-08-28 15:36:31,737 [main] INFO  server.BaseHttpServer (BaseHttpServer.java:updateConnectorAddress(213)) - HTTP server of HDDSDATANODE is listening at http://0.0.0.0:37251
2019-08-28 15:36:32,155 | INFO  | ObjectStoreRestHttpServer | Listening HDDS REST traffic on /0.0.0.0:40280 |  
2019-08-28 15:36:32,155 [main] INFO  ozone.HddsDatanodeService (HddsDatanodeService.java:startPlugins(395)) - Started plug-in org.apache.hadoop.ozone.web.OzoneHddsDatanodeService@6c7f3af6
2019-08-28 15:36:32,155 [main] INFO  impl.MetricsSystemImpl (MetricsSystemImpl.java:init(158)) - HddsDatanode metrics system started (again)
2019-08-28 15:36:32,158 [org.apache.hadoop.util.JvmPauseMonitor$Monitor@116f823f] INFO  util.JvmPauseMonitor (JvmPauseMonitor.java:run(188)) - Starting JVM pause monitor
2019-08-28 15:36:32,158 [main] INFO  ozone.HddsDatanodeService (HddsDatanodeService.java:start(184)) - HddsDatanodeService host:pr-hdds-1942-2xrcm-801159095 ip:192.168.157.202
2019-08-28 15:36:32,159 [Datanode State Machine Thread - 0] INFO  datanode.InitDatanodeState (InitDatanodeState.java:persistContainerDatanodeDetails(140)) - DatanodeDetails is persisted to /workdir/hadoop-ozone/integration-test/target/test-dir/MiniOzoneClusterImpl-c88bbe07-05a9-423a-b0e1-c9ede35d500a/datanode-2/meta/datanode.id
2019-08-28 15:36:32,166 [main] INFO  volume.HddsVolume (HddsVolume.java:<init>(176)) - Creating Volume: /workdir/hadoop-ozone/integration-test/target/test-dir/MiniOzoneClusterImpl-c88bbe07-05a9-423a-b0e1-c9ede35d500a/datanode-3/data/containers/hdds of  storage type : DISK and capacity : 1482555576320
2019-08-28 15:36:32,166 [main] INFO  volume.VolumeSet (VolumeSet.java:initializeVolumeSet(170)) - Added Volume : /workdir/hadoop-ozone/integration-test/target/test-dir/MiniOzoneClusterImpl-c88bbe07-05a9-423a-b0e1-c9ede35d500a/datanode-3/data/containers/hdds to VolumeSet
2019-08-28 15:36:32,167 [main] INFO  volume.ThrottledAsyncChecker (ThrottledAsyncChecker.java:schedule(140)) - Scheduling a check for org.apache.hadoop.ozone.container.common.volume.HddsVolume@446dc997
2019-08-28 15:36:32,167 [main] INFO  volume.HddsVolumeChecker (HddsVolumeChecker.java:checkAllVolumes(203)) - Scheduled health check for volume org.apache.hadoop.ozone.container.common.volume.HddsVolume@446dc997
2019-08-28 15:36:32,181 [main] INFO  impl.RaftServerProxy (ConfUtils.java:logGet(43)) - raft.rpc.type = GRPC (default)
2019-08-28 15:36:32,181 [main] INFO  grpc.GrpcFactory (GrpcFactory.java:checkPooledByteBufAllocatorUseCacheForAllThreads(45)) - PERFORMANCE WARNING: useCacheForAllThreads is true that may cause Netty to create a lot garbage objects and, as a result, trigger GC.
	It is recommended to disable useCacheForAllThreads by setting -Dorg.apache.ratis.thirdparty.io.netty.allocator.useCacheForAllThreads=false in command line.
2019-08-28 15:36:32,182 [main] INFO  grpc.GrpcConfigKeys$Server (ConfUtils.java:logGet(43)) - raft.grpc.server.port = 0 (default)
2019-08-28 15:36:32,182 [main] INFO  server.GrpcService (ConfUtils.java:logGet(43)) - raft.grpc.message.size.max = 33570816 (custom)
2019-08-28 15:36:32,182 [main] INFO  server.RaftServerConfigKeys (ConfUtils.java:logGet(43)) - raft.server.log.appender.buffer.byte-limit = 33554432 (custom)
2019-08-28 15:36:32,182 [main] INFO  server.GrpcService (ConfUtils.java:logGet(43)) - raft.grpc.flow.control.window = 1MB (=1048576) (default)
2019-08-28 15:36:32,182 [main] INFO  server.RaftServerConfigKeys (ConfUtils.java:logGet(43)) - raft.server.rpc.request.timeout = 3000ms (default)
2019-08-28 15:36:32,183 [main] INFO  server.RaftServerConfigKeys (ConfUtils.java:logGet(43)) - raft.server.storage.dir = [/workdir/hadoop-ozone/integration-test/target/test-dir/MiniOzoneClusterImpl-c88bbe07-05a9-423a-b0e1-c9ede35d500a/datanode-3/data/ratis] (custom)
2019-08-28 15:36:32,183 [main] INFO  replication.SimpleContainerDownloader (SimpleContainerDownloader.java:<init>(72)) - Starting container downloader service to copy containers to replicate.
2019-08-28 15:36:32,184 [main] INFO  hdfs.DFSUtil (DFSUtil.java:httpServerTemplateForNNAndJN(1641)) - Starting Web-server for hddsDatanode at: http://0.0.0.0:0
2019-08-28 15:36:32,185 [main] INFO  server.AuthenticationFilter (AuthenticationFilter.java:constructSecretProvider(240)) - Unable to initialize FileSignerSecretProvider, falling back to use random secrets.
2019-08-28 15:36:32,186 [main] WARN  http.HttpRequestLog (HttpRequestLog.java:getRequestLog(97)) - Jetty request log can only be enabled using Log4j
2019-08-28 15:36:32,187 [main] INFO  http.HttpServer2 (HttpServer2.java:addGlobalFilter(975)) - Added global filter 'safety' (class=org.apache.hadoop.http.HttpServer2$QuotingInputFilter)
2019-08-28 15:36:32,187 [main] INFO  http.HttpServer2 (HttpServer2.java:addFilter(948)) - Added filter static_user_filter (class=org.apache.hadoop.http.lib.StaticUserWebFilter$StaticUserFilter) to context hddsDatanode
2019-08-28 15:36:32,187 [main] INFO  http.HttpServer2 (HttpServer2.java:addFilter(958)) - Added filter static_user_filter (class=org.apache.hadoop.http.lib.StaticUserWebFilter$StaticUserFilter) to context logs
2019-08-28 15:36:32,187 [main] INFO  http.HttpServer2 (HttpServer2.java:addFilter(958)) - Added filter static_user_filter (class=org.apache.hadoop.http.lib.StaticUserWebFilter$StaticUserFilter) to context static
2019-08-28 15:36:32,188 [main] INFO  http.HttpServer2 (HttpServer2.java:bindListener(1191)) - Jetty bound to port 33870
2019-08-28 15:36:32,188 [main] INFO  server.Server (Server.java:doStart(351)) - jetty-9.3.24.v20180605, build timestamp: 2018-06-05T17:11:56Z, git hash: 84205aa28f11a4f31f2a3b86d1bba2cc8ab69827
2019-08-28 15:36:32,189 [main] INFO  handler.ContextHandler (ContextHandler.java:doStart(781)) - Started o.e.j.s.ServletContextHandler@66464f27{/logs,file:///workdir/hadoop-ozone/integration-test/target/log,AVAILABLE}
2019-08-28 15:36:32,190 [main] INFO  handler.ContextHandler (ContextHandler.java:doStart(781)) - Started o.e.j.s.ServletContextHandler@13198b8e{/static,jar:file:/home/user/.m2/repository/org/apache/hadoop/hadoop-hdds-container-service/0.5.0-SNAPSHOT/hadoop-hdds-container-service-0.5.0-SNAPSHOT.jar!/webapps/static,AVAILABLE}
2019-08-28 15:36:32,216 [main] INFO  handler.ContextHandler (ContextHandler.java:doStart(781)) - Started o.e.j.w.WebAppContext@47897093{/,file:///tmp/jetty-0.0.0.0-33870-hddsDatanode-_-any-4585279109859503988.dir/webapp/,AVAILABLE}{/hddsDatanode}
2019-08-28 15:36:32,217 [main] INFO  server.AbstractConnector (AbstractConnector.java:doStart(278)) - Started ServerConnector@33e19be9{HTTP/1.1,[http/1.1]}{0.0.0.0:33870}
2019-08-28 15:36:32,218 [main] INFO  server.Server (Server.java:doStart(419)) - Started @606530ms
2019-08-28 15:36:32,219 [main] INFO  server.BaseHttpServer (BaseHttpServer.java:updateConnectorAddress(213)) - HTTP server of HDDSDATANODE is listening at http://0.0.0.0:33870
2019-08-28 15:36:32,339 | INFO  | ObjectStoreRestHttpServer | Listening HDDS REST traffic on /0.0.0.0:33755 |  
2019-08-28 15:36:32,339 [main] INFO  ozone.HddsDatanodeService (HddsDatanodeService.java:startPlugins(395)) - Started plug-in org.apache.hadoop.ozone.web.OzoneHddsDatanodeService@18ac2dfe
2019-08-28 15:36:32,339 [main] INFO  impl.MetricsSystemImpl (MetricsSystemImpl.java:init(158)) - HddsDatanode metrics system started (again)
2019-08-28 15:36:32,342 [org.apache.hadoop.util.JvmPauseMonitor$Monitor@244813fc] INFO  util.JvmPauseMonitor (JvmPauseMonitor.java:run(188)) - Starting JVM pause monitor
2019-08-28 15:36:32,342 [main] INFO  ozone.HddsDatanodeService (HddsDatanodeService.java:start(184)) - HddsDatanodeService host:pr-hdds-1942-2xrcm-801159095 ip:192.168.157.202
2019-08-28 15:36:32,343 [Datanode State Machine Thread - 0] INFO  datanode.InitDatanodeState (InitDatanodeState.java:persistContainerDatanodeDetails(140)) - DatanodeDetails is persisted to /workdir/hadoop-ozone/integration-test/target/test-dir/MiniOzoneClusterImpl-c88bbe07-05a9-423a-b0e1-c9ede35d500a/datanode-3/meta/datanode.id
2019-08-28 15:36:32,350 [main] INFO  volume.HddsVolume (HddsVolume.java:<init>(176)) - Creating Volume: /workdir/hadoop-ozone/integration-test/target/test-dir/MiniOzoneClusterImpl-c88bbe07-05a9-423a-b0e1-c9ede35d500a/datanode-4/data/containers/hdds of  storage type : DISK and capacity : 1482555576320
2019-08-28 15:36:32,350 [main] INFO  volume.VolumeSet (VolumeSet.java:initializeVolumeSet(170)) - Added Volume : /workdir/hadoop-ozone/integration-test/target/test-dir/MiniOzoneClusterImpl-c88bbe07-05a9-423a-b0e1-c9ede35d500a/datanode-4/data/containers/hdds to VolumeSet
2019-08-28 15:36:32,351 [main] INFO  volume.ThrottledAsyncChecker (ThrottledAsyncChecker.java:schedule(140)) - Scheduling a check for org.apache.hadoop.ozone.container.common.volume.HddsVolume@7d14efc
2019-08-28 15:36:32,351 [main] INFO  volume.HddsVolumeChecker (HddsVolumeChecker.java:checkAllVolumes(203)) - Scheduled health check for volume org.apache.hadoop.ozone.container.common.volume.HddsVolume@7d14efc
2019-08-28 15:36:32,364 [main] INFO  impl.RaftServerProxy (ConfUtils.java:logGet(43)) - raft.rpc.type = GRPC (default)
2019-08-28 15:36:32,365 [main] INFO  grpc.GrpcFactory (GrpcFactory.java:checkPooledByteBufAllocatorUseCacheForAllThreads(45)) - PERFORMANCE WARNING: useCacheForAllThreads is true that may cause Netty to create a lot garbage objects and, as a result, trigger GC.
	It is recommended to disable useCacheForAllThreads by setting -Dorg.apache.ratis.thirdparty.io.netty.allocator.useCacheForAllThreads=false in command line.
2019-08-28 15:36:32,365 [main] INFO  grpc.GrpcConfigKeys$Server (ConfUtils.java:logGet(43)) - raft.grpc.server.port = 0 (default)
2019-08-28 15:36:32,365 [main] INFO  server.GrpcService (ConfUtils.java:logGet(43)) - raft.grpc.message.size.max = 33570816 (custom)
2019-08-28 15:36:32,365 [main] INFO  server.RaftServerConfigKeys (ConfUtils.java:logGet(43)) - raft.server.log.appender.buffer.byte-limit = 33554432 (custom)
2019-08-28 15:36:32,365 [main] INFO  server.GrpcService (ConfUtils.java:logGet(43)) - raft.grpc.flow.control.window = 1MB (=1048576) (default)
2019-08-28 15:36:32,365 [main] INFO  server.RaftServerConfigKeys (ConfUtils.java:logGet(43)) - raft.server.rpc.request.timeout = 3000ms (default)
2019-08-28 15:36:32,366 [main] INFO  server.RaftServerConfigKeys (ConfUtils.java:logGet(43)) - raft.server.storage.dir = [/workdir/hadoop-ozone/integration-test/target/test-dir/MiniOzoneClusterImpl-c88bbe07-05a9-423a-b0e1-c9ede35d500a/datanode-4/data/ratis] (custom)
2019-08-28 15:36:32,366 [main] INFO  replication.SimpleContainerDownloader (SimpleContainerDownloader.java:<init>(72)) - Starting container downloader service to copy containers to replicate.
2019-08-28 15:36:32,367 [main] INFO  hdfs.DFSUtil (DFSUtil.java:httpServerTemplateForNNAndJN(1641)) - Starting Web-server for hddsDatanode at: http://0.0.0.0:0
2019-08-28 15:36:32,368 [main] INFO  server.AuthenticationFilter (AuthenticationFilter.java:constructSecretProvider(240)) - Unable to initialize FileSignerSecretProvider, falling back to use random secrets.
2019-08-28 15:36:32,368 [main] WARN  http.HttpRequestLog (HttpRequestLog.java:getRequestLog(97)) - Jetty request log can only be enabled using Log4j
2019-08-28 15:36:32,370 [main] INFO  http.HttpServer2 (HttpServer2.java:addGlobalFilter(975)) - Added global filter 'safety' (class=org.apache.hadoop.http.HttpServer2$QuotingInputFilter)
2019-08-28 15:36:32,370 [main] INFO  http.HttpServer2 (HttpServer2.java:addFilter(948)) - Added filter static_user_filter (class=org.apache.hadoop.http.lib.StaticUserWebFilter$StaticUserFilter) to context hddsDatanode
2019-08-28 15:36:32,370 [main] INFO  http.HttpServer2 (HttpServer2.java:addFilter(958)) - Added filter static_user_filter (class=org.apache.hadoop.http.lib.StaticUserWebFilter$StaticUserFilter) to context static
2019-08-28 15:36:32,370 [main] INFO  http.HttpServer2 (HttpServer2.java:addFilter(958)) - Added filter static_user_filter (class=org.apache.hadoop.http.lib.StaticUserWebFilter$StaticUserFilter) to context logs
2019-08-28 15:36:32,371 [main] INFO  http.HttpServer2 (HttpServer2.java:bindListener(1191)) - Jetty bound to port 39148
2019-08-28 15:36:32,371 [main] INFO  server.Server (Server.java:doStart(351)) - jetty-9.3.24.v20180605, build timestamp: 2018-06-05T17:11:56Z, git hash: 84205aa28f11a4f31f2a3b86d1bba2cc8ab69827
2019-08-28 15:36:32,372 [main] INFO  handler.ContextHandler (ContextHandler.java:doStart(781)) - Started o.e.j.s.ServletContextHandler@56a34c0e{/logs,file:///workdir/hadoop-ozone/integration-test/target/log,AVAILABLE}
2019-08-28 15:36:32,372 [main] INFO  handler.ContextHandler (ContextHandler.java:doStart(781)) - Started o.e.j.s.ServletContextHandler@436867c3{/static,jar:file:/home/user/.m2/repository/org/apache/hadoop/hadoop-hdds-container-service/0.5.0-SNAPSHOT/hadoop-hdds-container-service-0.5.0-SNAPSHOT.jar!/webapps/static,AVAILABLE}
2019-08-28 15:36:32,399 [main] INFO  handler.ContextHandler (ContextHandler.java:doStart(781)) - Started o.e.j.w.WebAppContext@106e816c{/,file:///tmp/jetty-0.0.0.0-39148-hddsDatanode-_-any-1412717012254538874.dir/webapp/,AVAILABLE}{/hddsDatanode}
2019-08-28 15:36:32,399 [main] INFO  server.AbstractConnector (AbstractConnector.java:doStart(278)) - Started ServerConnector@53d3ae89{HTTP/1.1,[http/1.1]}{0.0.0.0:39148}
2019-08-28 15:36:32,399 [main] INFO  server.Server (Server.java:doStart(419)) - Started @606711ms
2019-08-28 15:36:32,400 [main] INFO  server.BaseHttpServer (BaseHttpServer.java:updateConnectorAddress(213)) - HTTP server of HDDSDATANODE is listening at http://0.0.0.0:39148
2019-08-28 15:36:32,514 | INFO  | ObjectStoreRestHttpServer | Listening HDDS REST traffic on /0.0.0.0:42756 |  
2019-08-28 15:36:32,514 [main] INFO  ozone.HddsDatanodeService (HddsDatanodeService.java:startPlugins(395)) - Started plug-in org.apache.hadoop.ozone.web.OzoneHddsDatanodeService@4fd2b418
2019-08-28 15:36:32,515 [main] INFO  impl.MetricsSystemImpl (MetricsSystemImpl.java:init(158)) - HddsDatanode metrics system started (again)
2019-08-28 15:36:32,516 [org.apache.hadoop.util.JvmPauseMonitor$Monitor@5b7877fb] INFO  util.JvmPauseMonitor (JvmPauseMonitor.java:run(188)) - Starting JVM pause monitor
2019-08-28 15:36:32,520 [main] INFO  ozone.HddsDatanodeService (HddsDatanodeService.java:start(184)) - HddsDatanodeService host:pr-hdds-1942-2xrcm-801159095 ip:192.168.157.202
2019-08-28 15:36:32,520 [Datanode State Machine Thread - 0] INFO  datanode.InitDatanodeState (InitDatanodeState.java:persistContainerDatanodeDetails(140)) - DatanodeDetails is persisted to /workdir/hadoop-ozone/integration-test/target/test-dir/MiniOzoneClusterImpl-c88bbe07-05a9-423a-b0e1-c9ede35d500a/datanode-4/meta/datanode.id
2019-08-28 15:36:32,529 [main] INFO  volume.HddsVolume (HddsVolume.java:<init>(176)) - Creating Volume: /workdir/hadoop-ozone/integration-test/target/test-dir/MiniOzoneClusterImpl-c88bbe07-05a9-423a-b0e1-c9ede35d500a/datanode-5/data/containers/hdds of  storage type : DISK and capacity : 1482555576320
2019-08-28 15:36:32,529 [main] INFO  volume.VolumeSet (VolumeSet.java:initializeVolumeSet(170)) - Added Volume : /workdir/hadoop-ozone/integration-test/target/test-dir/MiniOzoneClusterImpl-c88bbe07-05a9-423a-b0e1-c9ede35d500a/datanode-5/data/containers/hdds to VolumeSet
2019-08-28 15:36:32,530 [main] INFO  volume.ThrottledAsyncChecker (ThrottledAsyncChecker.java:schedule(140)) - Scheduling a check for org.apache.hadoop.ozone.container.common.volume.HddsVolume@4870d2e1
2019-08-28 15:36:32,530 [main] INFO  volume.HddsVolumeChecker (HddsVolumeChecker.java:checkAllVolumes(203)) - Scheduled health check for volume org.apache.hadoop.ozone.container.common.volume.HddsVolume@4870d2e1
2019-08-28 15:36:32,547 [main] INFO  impl.RaftServerProxy (ConfUtils.java:logGet(43)) - raft.rpc.type = GRPC (default)
2019-08-28 15:36:32,548 [main] INFO  grpc.GrpcFactory (GrpcFactory.java:checkPooledByteBufAllocatorUseCacheForAllThreads(45)) - PERFORMANCE WARNING: useCacheForAllThreads is true that may cause Netty to create a lot garbage objects and, as a result, trigger GC.
	It is recommended to disable useCacheForAllThreads by setting -Dorg.apache.ratis.thirdparty.io.netty.allocator.useCacheForAllThreads=false in command line.
2019-08-28 15:36:32,548 [main] INFO  grpc.GrpcConfigKeys$Server (ConfUtils.java:logGet(43)) - raft.grpc.server.port = 0 (default)
2019-08-28 15:36:32,548 [main] INFO  server.GrpcService (ConfUtils.java:logGet(43)) - raft.grpc.message.size.max = 33570816 (custom)
2019-08-28 15:36:32,548 [main] INFO  server.RaftServerConfigKeys (ConfUtils.java:logGet(43)) - raft.server.log.appender.buffer.byte-limit = 33554432 (custom)
2019-08-28 15:36:32,548 [main] INFO  server.GrpcService (ConfUtils.java:logGet(43)) - raft.grpc.flow.control.window = 1MB (=1048576) (default)
2019-08-28 15:36:32,549 [main] INFO  server.RaftServerConfigKeys (ConfUtils.java:logGet(43)) - raft.server.rpc.request.timeout = 3000ms (default)
2019-08-28 15:36:32,549 [main] INFO  server.RaftServerConfigKeys (ConfUtils.java:logGet(43)) - raft.server.storage.dir = [/workdir/hadoop-ozone/integration-test/target/test-dir/MiniOzoneClusterImpl-c88bbe07-05a9-423a-b0e1-c9ede35d500a/datanode-5/data/ratis] (custom)
2019-08-28 15:36:32,549 [main] INFO  replication.SimpleContainerDownloader (SimpleContainerDownloader.java:<init>(72)) - Starting container downloader service to copy containers to replicate.
2019-08-28 15:36:32,551 [main] INFO  hdfs.DFSUtil (DFSUtil.java:httpServerTemplateForNNAndJN(1641)) - Starting Web-server for hddsDatanode at: http://0.0.0.0:0
2019-08-28 15:36:32,552 [main] INFO  server.AuthenticationFilter (AuthenticationFilter.java:constructSecretProvider(240)) - Unable to initialize FileSignerSecretProvider, falling back to use random secrets.
2019-08-28 15:36:32,552 [main] WARN  http.HttpRequestLog (HttpRequestLog.java:getRequestLog(97)) - Jetty request log can only be enabled using Log4j
2019-08-28 15:36:32,554 [main] INFO  http.HttpServer2 (HttpServer2.java:addGlobalFilter(975)) - Added global filter 'safety' (class=org.apache.hadoop.http.HttpServer2$QuotingInputFilter)
2019-08-28 15:36:32,554 [main] INFO  http.HttpServer2 (HttpServer2.java:addFilter(948)) - Added filter static_user_filter (class=org.apache.hadoop.http.lib.StaticUserWebFilter$StaticUserFilter) to context hddsDatanode
2019-08-28 15:36:32,554 [main] INFO  http.HttpServer2 (HttpServer2.java:addFilter(958)) - Added filter static_user_filter (class=org.apache.hadoop.http.lib.StaticUserWebFilter$StaticUserFilter) to context logs
2019-08-28 15:36:32,554 [main] INFO  http.HttpServer2 (HttpServer2.java:addFilter(958)) - Added filter static_user_filter (class=org.apache.hadoop.http.lib.StaticUserWebFilter$StaticUserFilter) to context static
2019-08-28 15:36:32,555 [main] INFO  http.HttpServer2 (HttpServer2.java:bindListener(1191)) - Jetty bound to port 35273
2019-08-28 15:36:32,555 [main] INFO  server.Server (Server.java:doStart(351)) - jetty-9.3.24.v20180605, build timestamp: 2018-06-05T17:11:56Z, git hash: 84205aa28f11a4f31f2a3b86d1bba2cc8ab69827
2019-08-28 15:36:32,556 [main] INFO  handler.ContextHandler (ContextHandler.java:doStart(781)) - Started o.e.j.s.ServletContextHandler@2d094add{/logs,file:///workdir/hadoop-ozone/integration-test/target/log,AVAILABLE}
2019-08-28 15:36:32,557 [main] INFO  handler.ContextHandler (ContextHandler.java:doStart(781)) - Started o.e.j.s.ServletContextHandler@1c1ee02b{/static,jar:file:/home/user/.m2/repository/org/apache/hadoop/hadoop-hdds-container-service/0.5.0-SNAPSHOT/hadoop-hdds-container-service-0.5.0-SNAPSHOT.jar!/webapps/static,AVAILABLE}
2019-08-28 15:36:32,584 [main] INFO  handler.ContextHandler (ContextHandler.java:doStart(781)) - Started o.e.j.w.WebAppContext@2048255a{/,file:///tmp/jetty-0.0.0.0-35273-hddsDatanode-_-any-1943660533698807308.dir/webapp/,AVAILABLE}{/hddsDatanode}
2019-08-28 15:36:32,584 [main] INFO  server.AbstractConnector (AbstractConnector.java:doStart(278)) - Started ServerConnector@7e00a43e{HTTP/1.1,[http/1.1]}{0.0.0.0:35273}
2019-08-28 15:36:32,586 [main] INFO  server.Server (Server.java:doStart(419)) - Started @606898ms
2019-08-28 15:36:32,587 [main] INFO  server.BaseHttpServer (BaseHttpServer.java:updateConnectorAddress(213)) - HTTP server of HDDSDATANODE is listening at http://0.0.0.0:35273
2019-08-28 15:36:32,710 | INFO  | ObjectStoreRestHttpServer | Listening HDDS REST traffic on /0.0.0.0:34064 |  
2019-08-28 15:36:32,711 [main] INFO  ozone.HddsDatanodeService (HddsDatanodeService.java:startPlugins(395)) - Started plug-in org.apache.hadoop.ozone.web.OzoneHddsDatanodeService@10ef09e3
2019-08-28 15:36:32,711 [main] INFO  impl.MetricsSystemImpl (MetricsSystemImpl.java:init(158)) - HddsDatanode metrics system started (again)
2019-08-28 15:36:32,716 [org.apache.hadoop.util.JvmPauseMonitor$Monitor@45714a43] INFO  util.JvmPauseMonitor (JvmPauseMonitor.java:run(188)) - Starting JVM pause monitor
2019-08-28 15:36:32,716 [main] INFO  ozone.HddsDatanodeService (HddsDatanodeService.java:start(184)) - HddsDatanodeService host:pr-hdds-1942-2xrcm-801159095 ip:192.168.157.202
2019-08-28 15:36:32,718 [Datanode State Machine Thread - 0] INFO  datanode.InitDatanodeState (InitDatanodeState.java:persistContainerDatanodeDetails(140)) - DatanodeDetails is persisted to /workdir/hadoop-ozone/integration-test/target/test-dir/MiniOzoneClusterImpl-c88bbe07-05a9-423a-b0e1-c9ede35d500a/datanode-5/meta/datanode.id
2019-08-28 15:36:32,728 [main] INFO  volume.HddsVolume (HddsVolume.java:<init>(176)) - Creating Volume: /workdir/hadoop-ozone/integration-test/target/test-dir/MiniOzoneClusterImpl-c88bbe07-05a9-423a-b0e1-c9ede35d500a/datanode-6/data/containers/hdds of  storage type : DISK and capacity : 1482555576320
2019-08-28 15:36:32,728 [main] INFO  volume.VolumeSet (VolumeSet.java:initializeVolumeSet(170)) - Added Volume : /workdir/hadoop-ozone/integration-test/target/test-dir/MiniOzoneClusterImpl-c88bbe07-05a9-423a-b0e1-c9ede35d500a/datanode-6/data/containers/hdds to VolumeSet
2019-08-28 15:36:32,728 [main] INFO  volume.ThrottledAsyncChecker (ThrottledAsyncChecker.java:schedule(140)) - Scheduling a check for org.apache.hadoop.ozone.container.common.volume.HddsVolume@6d952747
2019-08-28 15:36:32,729 [main] INFO  volume.HddsVolumeChecker (HddsVolumeChecker.java:checkAllVolumes(203)) - Scheduled health check for volume org.apache.hadoop.ozone.container.common.volume.HddsVolume@6d952747
2019-08-28 15:36:32,742 [main] INFO  impl.RaftServerProxy (ConfUtils.java:logGet(43)) - raft.rpc.type = GRPC (default)
2019-08-28 15:36:32,743 [main] INFO  grpc.GrpcFactory (GrpcFactory.java:checkPooledByteBufAllocatorUseCacheForAllThreads(45)) - PERFORMANCE WARNING: useCacheForAllThreads is true that may cause Netty to create a lot garbage objects and, as a result, trigger GC.
	It is recommended to disable useCacheForAllThreads by setting -Dorg.apache.ratis.thirdparty.io.netty.allocator.useCacheForAllThreads=false in command line.
2019-08-28 15:36:32,743 [main] INFO  grpc.GrpcConfigKeys$Server (ConfUtils.java:logGet(43)) - raft.grpc.server.port = 0 (default)
2019-08-28 15:36:32,743 [main] INFO  server.GrpcService (ConfUtils.java:logGet(43)) - raft.grpc.message.size.max = 33570816 (custom)
2019-08-28 15:36:32,743 [main] INFO  server.RaftServerConfigKeys (ConfUtils.java:logGet(43)) - raft.server.log.appender.buffer.byte-limit = 33554432 (custom)
2019-08-28 15:36:32,743 [main] INFO  server.GrpcService (ConfUtils.java:logGet(43)) - raft.grpc.flow.control.window = 1MB (=1048576) (default)
2019-08-28 15:36:32,744 [main] INFO  server.RaftServerConfigKeys (ConfUtils.java:logGet(43)) - raft.server.rpc.request.timeout = 3000ms (default)
2019-08-28 15:36:32,744 [main] INFO  server.RaftServerConfigKeys (ConfUtils.java:logGet(43)) - raft.server.storage.dir = [/workdir/hadoop-ozone/integration-test/target/test-dir/MiniOzoneClusterImpl-c88bbe07-05a9-423a-b0e1-c9ede35d500a/datanode-6/data/ratis] (custom)
2019-08-28 15:36:32,745 [main] INFO  replication.SimpleContainerDownloader (SimpleContainerDownloader.java:<init>(72)) - Starting container downloader service to copy containers to replicate.
2019-08-28 15:36:32,746 [main] INFO  hdfs.DFSUtil (DFSUtil.java:httpServerTemplateForNNAndJN(1641)) - Starting Web-server for hddsDatanode at: http://0.0.0.0:0
2019-08-28 15:36:32,747 [main] INFO  server.AuthenticationFilter (AuthenticationFilter.java:constructSecretProvider(240)) - Unable to initialize FileSignerSecretProvider, falling back to use random secrets.
2019-08-28 15:36:32,747 [main] WARN  http.HttpRequestLog (HttpRequestLog.java:getRequestLog(97)) - Jetty request log can only be enabled using Log4j
2019-08-28 15:36:32,749 [main] INFO  http.HttpServer2 (HttpServer2.java:addGlobalFilter(975)) - Added global filter 'safety' (class=org.apache.hadoop.http.HttpServer2$QuotingInputFilter)
2019-08-28 15:36:32,750 [main] INFO  http.HttpServer2 (HttpServer2.java:addFilter(948)) - Added filter static_user_filter (class=org.apache.hadoop.http.lib.StaticUserWebFilter$StaticUserFilter) to context hddsDatanode
2019-08-28 15:36:32,750 [main] INFO  http.HttpServer2 (HttpServer2.java:addFilter(958)) - Added filter static_user_filter (class=org.apache.hadoop.http.lib.StaticUserWebFilter$StaticUserFilter) to context logs
2019-08-28 15:36:32,750 [main] INFO  http.HttpServer2 (HttpServer2.java:addFilter(958)) - Added filter static_user_filter (class=org.apache.hadoop.http.lib.StaticUserWebFilter$StaticUserFilter) to context static
2019-08-28 15:36:32,750 [main] INFO  http.HttpServer2 (HttpServer2.java:bindListener(1191)) - Jetty bound to port 46816
2019-08-28 15:36:32,751 [main] INFO  server.Server (Server.java:doStart(351)) - jetty-9.3.24.v20180605, build timestamp: 2018-06-05T17:11:56Z, git hash: 84205aa28f11a4f31f2a3b86d1bba2cc8ab69827
2019-08-28 15:36:32,752 [main] INFO  handler.ContextHandler (ContextHandler.java:doStart(781)) - Started o.e.j.s.ServletContextHandler@5ded2dfc{/logs,file:///workdir/hadoop-ozone/integration-test/target/log,AVAILABLE}
2019-08-28 15:36:32,753 [main] INFO  handler.ContextHandler (ContextHandler.java:doStart(781)) - Started o.e.j.s.ServletContextHandler@1895f7fe{/static,jar:file:/home/user/.m2/repository/org/apache/hadoop/hadoop-hdds-container-service/0.5.0-SNAPSHOT/hadoop-hdds-container-service-0.5.0-SNAPSHOT.jar!/webapps/static,AVAILABLE}
2019-08-28 15:36:32,780 [main] INFO  handler.ContextHandler (ContextHandler.java:doStart(781)) - Started o.e.j.w.WebAppContext@109db924{/,file:///tmp/jetty-0.0.0.0-46816-hddsDatanode-_-any-5441615021403450967.dir/webapp/,AVAILABLE}{/hddsDatanode}
2019-08-28 15:36:32,780 [main] INFO  server.AbstractConnector (AbstractConnector.java:doStart(278)) - Started ServerConnector@1ec8afc4{HTTP/1.1,[http/1.1]}{0.0.0.0:46816}
2019-08-28 15:36:32,787 [main] INFO  server.Server (Server.java:doStart(419)) - Started @607100ms
2019-08-28 15:36:32,788 [main] INFO  server.BaseHttpServer (BaseHttpServer.java:updateConnectorAddress(213)) - HTTP server of HDDSDATANODE is listening at http://0.0.0.0:46816
2019-08-28 15:36:32,909 | INFO  | ObjectStoreRestHttpServer | Listening HDDS REST traffic on /0.0.0.0:44423 |  
2019-08-28 15:36:32,909 [main] INFO  ozone.HddsDatanodeService (HddsDatanodeService.java:startPlugins(395)) - Started plug-in org.apache.hadoop.ozone.web.OzoneHddsDatanodeService@5a85f41b
2019-08-28 15:36:32,910 [main] INFO  ozone.MiniOzoneClusterImpl (MiniOzoneClusterImpl.java:lambda$waitForClusterToBeReady$0(142)) - Waiting for cluster to be ready. Got 0 of 7 DN Heartbeats.
2019-08-28 15:36:32,911 [org.apache.hadoop.util.JvmPauseMonitor$Monitor@74bd0006] INFO  util.JvmPauseMonitor (JvmPauseMonitor.java:run(188)) - Starting JVM pause monitor
2019-08-28 15:36:32,913 [Datanode State Machine Thread - 0] INFO  datanode.InitDatanodeState (InitDatanodeState.java:persistContainerDatanodeDetails(140)) - DatanodeDetails is persisted to /workdir/hadoop-ozone/integration-test/target/test-dir/MiniOzoneClusterImpl-c88bbe07-05a9-423a-b0e1-c9ede35d500a/datanode-6/meta/datanode.id
2019-08-28 15:36:33,517 | INFO  | SCMAudit | user=jenkins1000 | ip=192.168.157.202 | op=GET_VERSION null | ret=SUCCESS |  
2019-08-28 15:36:33,533 [Datanode State Machine Thread - 0] INFO  ozoneimpl.OzoneContainer (OzoneContainer.java:start(186)) - Attempting to start container services.
2019-08-28 15:36:33,533 [Datanode State Machine Thread - 0] INFO  ozoneimpl.OzoneContainer (OzoneContainer.java:startContainerScrub(160)) - Background container scrubber has been disabled by hdds.containerscrub.enabled
2019-08-28 15:36:33,534 [Datanode State Machine Thread - 0] INFO  ratis.XceiverServerRatis (XceiverServerRatis.java:start(404)) - Starting XceiverServerRatis 8ce85811-8d59-4bde-a42a-d73a8f8a1f6b at port 0
2019-08-28 15:36:33,540 [Datanode State Machine Thread - 0] INFO  impl.RaftServerProxy (RaftServerProxy.java:lambda$start$3(299)) - 8ce85811-8d59-4bde-a42a-d73a8f8a1f6b: start RPC server
2019-08-28 15:36:33,543 [Datanode State Machine Thread - 0] INFO  server.GrpcService (GrpcService.java:startImpl(149)) - 8ce85811-8d59-4bde-a42a-d73a8f8a1f6b: GrpcService started, listening on 0.0.0.0/0.0.0.0:43412
2019-08-28 15:36:33,543 [Datanode State Machine Thread - 0] INFO  ratis.XceiverServerRatis (XceiverServerRatis.java:start(414)) - XceiverServerRatis 8ce85811-8d59-4bde-a42a-d73a8f8a1f6b is started using port 43412
2019-08-28 15:36:33,544 [Datanode State Machine Thread - 0] INFO  server.XceiverServerGrpc (XceiverServerGrpc.java:start(161)) - XceiverServerGrpc 8ce85811-8d59-4bde-a42a-d73a8f8a1f6b is started using port 44850
2019-08-28 15:36:33,676 | INFO  | SCMAudit | user=jenkins1000 | ip=192.168.157.202 | op=GET_VERSION null | ret=SUCCESS |  
2019-08-28 15:36:33,692 [Datanode State Machine Thread - 0] INFO  ozoneimpl.OzoneContainer (OzoneContainer.java:start(186)) - Attempting to start container services.
2019-08-28 15:36:33,692 [Datanode State Machine Thread - 0] INFO  ozoneimpl.OzoneContainer (OzoneContainer.java:startContainerScrub(160)) - Background container scrubber has been disabled by hdds.containerscrub.enabled
2019-08-28 15:36:33,692 [Datanode State Machine Thread - 0] INFO  ratis.XceiverServerRatis (XceiverServerRatis.java:start(404)) - Starting XceiverServerRatis 89ea525c-b884-4c8a-a58d-0993f9152014 at port 0
2019-08-28 15:36:33,699 [Datanode State Machine Thread - 0] INFO  impl.RaftServerProxy (RaftServerProxy.java:lambda$start$3(299)) - 89ea525c-b884-4c8a-a58d-0993f9152014: start RPC server
2019-08-28 15:36:33,701 [Datanode State Machine Thread - 0] INFO  server.GrpcService (GrpcService.java:startImpl(149)) - 89ea525c-b884-4c8a-a58d-0993f9152014: GrpcService started, listening on 0.0.0.0/0.0.0.0:38790
2019-08-28 15:36:33,701 [Datanode State Machine Thread - 0] INFO  ratis.XceiverServerRatis (XceiverServerRatis.java:start(414)) - XceiverServerRatis 89ea525c-b884-4c8a-a58d-0993f9152014 is started using port 38790
2019-08-28 15:36:33,702 [Datanode State Machine Thread - 0] INFO  server.XceiverServerGrpc (XceiverServerGrpc.java:start(161)) - XceiverServerGrpc 89ea525c-b884-4c8a-a58d-0993f9152014 is started using port 36479
2019-08-28 15:36:33,910 [main] INFO  ozone.MiniOzoneClusterImpl (MiniOzoneClusterImpl.java:lambda$waitForClusterToBeReady$0(142)) - Waiting for cluster to be ready. Got 0 of 7 DN Heartbeats.
2019-08-28 15:36:34,158 | INFO  | SCMAudit | user=jenkins1000 | ip=192.168.157.202 | op=GET_VERSION null | ret=SUCCESS |  
2019-08-28 15:36:34,175 [Datanode State Machine Thread - 0] INFO  ozoneimpl.OzoneContainer (OzoneContainer.java:start(186)) - Attempting to start container services.
2019-08-28 15:36:34,175 [Datanode State Machine Thread - 0] INFO  ozoneimpl.OzoneContainer (OzoneContainer.java:startContainerScrub(160)) - Background container scrubber has been disabled by hdds.containerscrub.enabled
2019-08-28 15:36:34,175 [Datanode State Machine Thread - 0] INFO  ratis.XceiverServerRatis (XceiverServerRatis.java:start(404)) - Starting XceiverServerRatis 77615d81-8c11-45ee-8068-94d065800645 at port 0
2019-08-28 15:36:34,180 [Datanode State Machine Thread - 0] INFO  impl.RaftServerProxy (RaftServerProxy.java:lambda$start$3(299)) - 77615d81-8c11-45ee-8068-94d065800645: start RPC server
2019-08-28 15:36:34,202 [Datanode State Machine Thread - 0] INFO  server.GrpcService (GrpcService.java:startImpl(149)) - 77615d81-8c11-45ee-8068-94d065800645: GrpcService started, listening on 0.0.0.0/0.0.0.0:43294
2019-08-28 15:36:34,202 [Datanode State Machine Thread - 0] INFO  ratis.XceiverServerRatis (XceiverServerRatis.java:start(414)) - XceiverServerRatis 77615d81-8c11-45ee-8068-94d065800645 is started using port 43294
2019-08-28 15:36:34,202 [Datanode State Machine Thread - 0] INFO  server.XceiverServerGrpc (XceiverServerGrpc.java:start(161)) - XceiverServerGrpc 77615d81-8c11-45ee-8068-94d065800645 is started using port 45586
2019-08-28 15:36:34,342 | INFO  | SCMAudit | user=jenkins1000 | ip=192.168.157.202 | op=GET_VERSION null | ret=SUCCESS |  
2019-08-28 15:36:34,355 [Datanode State Machine Thread - 0] INFO  ozoneimpl.OzoneContainer (OzoneContainer.java:start(186)) - Attempting to start container services.
2019-08-28 15:36:34,355 [Datanode State Machine Thread - 0] INFO  ozoneimpl.OzoneContainer (OzoneContainer.java:startContainerScrub(160)) - Background container scrubber has been disabled by hdds.containerscrub.enabled
2019-08-28 15:36:34,355 [Datanode State Machine Thread - 0] INFO  ratis.XceiverServerRatis (XceiverServerRatis.java:start(404)) - Starting XceiverServerRatis 8ac6e4a2-e0c1-4238-9a47-28cd0ac1a81a at port 0
2019-08-28 15:36:34,360 [Datanode State Machine Thread - 0] INFO  impl.RaftServerProxy (RaftServerProxy.java:lambda$start$3(299)) - 8ac6e4a2-e0c1-4238-9a47-28cd0ac1a81a: start RPC server
2019-08-28 15:36:34,361 [Datanode State Machine Thread - 0] INFO  server.GrpcService (GrpcService.java:startImpl(149)) - 8ac6e4a2-e0c1-4238-9a47-28cd0ac1a81a: GrpcService started, listening on 0.0.0.0/0.0.0.0:41886
2019-08-28 15:36:34,361 [Datanode State Machine Thread - 0] INFO  ratis.XceiverServerRatis (XceiverServerRatis.java:start(414)) - XceiverServerRatis 8ac6e4a2-e0c1-4238-9a47-28cd0ac1a81a is started using port 41886
2019-08-28 15:36:34,361 [Datanode State Machine Thread - 0] INFO  server.XceiverServerGrpc (XceiverServerGrpc.java:start(161)) - XceiverServerGrpc 8ac6e4a2-e0c1-4238-9a47-28cd0ac1a81a is started using port 35357
2019-08-28 15:36:34,518 | INFO  | SCMAudit | user=jenkins1000 | ip=192.168.157.202 | op=GET_VERSION null | ret=SUCCESS |  
2019-08-28 15:36:34,533 [Datanode State Machine Thread - 0] INFO  ozoneimpl.OzoneContainer (OzoneContainer.java:start(186)) - Attempting to start container services.
2019-08-28 15:36:34,533 [Datanode State Machine Thread - 0] INFO  ozoneimpl.OzoneContainer (OzoneContainer.java:startContainerScrub(160)) - Background container scrubber has been disabled by hdds.containerscrub.enabled
2019-08-28 15:36:34,533 [Datanode State Machine Thread - 0] INFO  ratis.XceiverServerRatis (XceiverServerRatis.java:start(404)) - Starting XceiverServerRatis 2e3ab009-6d3b-4f9c-9baf-460c800051cc at port 0
2019-08-28 15:36:34,540 [Datanode State Machine Thread - 0] INFO  impl.RaftServerProxy (RaftServerProxy.java:lambda$start$3(299)) - 2e3ab009-6d3b-4f9c-9baf-460c800051cc: start RPC server
2019-08-28 15:36:34,541 [Datanode State Machine Thread - 0] INFO  server.GrpcService (GrpcService.java:startImpl(149)) - 2e3ab009-6d3b-4f9c-9baf-460c800051cc: GrpcService started, listening on 0.0.0.0/0.0.0.0:32848
2019-08-28 15:36:34,541 [Datanode State Machine Thread - 0] INFO  ratis.XceiverServerRatis (XceiverServerRatis.java:start(414)) - XceiverServerRatis 2e3ab009-6d3b-4f9c-9baf-460c800051cc is started using port 32848
2019-08-28 15:36:34,541 [Datanode State Machine Thread - 0] INFO  server.XceiverServerGrpc (XceiverServerGrpc.java:start(161)) - XceiverServerGrpc 2e3ab009-6d3b-4f9c-9baf-460c800051cc is started using port 43879
2019-08-28 15:36:34,716 | INFO  | SCMAudit | user=jenkins1000 | ip=192.168.157.202 | op=GET_VERSION null | ret=SUCCESS |  
2019-08-28 15:36:34,730 [Datanode State Machine Thread - 0] INFO  ozoneimpl.OzoneContainer (OzoneContainer.java:start(186)) - Attempting to start container services.
2019-08-28 15:36:34,731 [Datanode State Machine Thread - 0] INFO  ozoneimpl.OzoneContainer (OzoneContainer.java:startContainerScrub(160)) - Background container scrubber has been disabled by hdds.containerscrub.enabled
2019-08-28 15:36:34,731 [Datanode State Machine Thread - 0] INFO  ratis.XceiverServerRatis (XceiverServerRatis.java:start(404)) - Starting XceiverServerRatis ad22b398-6137-4426-bbd7-ba2dd03ed0e3 at port 0
2019-08-28 15:36:34,738 [Datanode State Machine Thread - 0] INFO  impl.RaftServerProxy (RaftServerProxy.java:lambda$start$3(299)) - ad22b398-6137-4426-bbd7-ba2dd03ed0e3: start RPC server
2019-08-28 15:36:34,739 [Datanode State Machine Thread - 0] INFO  server.GrpcService (GrpcService.java:startImpl(149)) - ad22b398-6137-4426-bbd7-ba2dd03ed0e3: GrpcService started, listening on 0.0.0.0/0.0.0.0:33086
2019-08-28 15:36:34,739 [Datanode State Machine Thread - 0] INFO  ratis.XceiverServerRatis (XceiverServerRatis.java:start(414)) - XceiverServerRatis ad22b398-6137-4426-bbd7-ba2dd03ed0e3 is started using port 33086
2019-08-28 15:36:34,740 [Datanode State Machine Thread - 0] INFO  server.XceiverServerGrpc (XceiverServerGrpc.java:start(161)) - XceiverServerGrpc ad22b398-6137-4426-bbd7-ba2dd03ed0e3 is started using port 39047
2019-08-28 15:36:34,910 [main] INFO  ozone.MiniOzoneClusterImpl (MiniOzoneClusterImpl.java:lambda$waitForClusterToBeReady$0(142)) - Waiting for cluster to be ready. Got 0 of 7 DN Heartbeats.
2019-08-28 15:36:34,911 | INFO  | SCMAudit | user=jenkins1000 | ip=192.168.157.202 | op=GET_VERSION null | ret=SUCCESS |  
2019-08-28 15:36:34,925 [Datanode State Machine Thread - 0] INFO  ozoneimpl.OzoneContainer (OzoneContainer.java:start(186)) - Attempting to start container services.
2019-08-28 15:36:34,925 [Datanode State Machine Thread - 0] INFO  ozoneimpl.OzoneContainer (OzoneContainer.java:startContainerScrub(160)) - Background container scrubber has been disabled by hdds.containerscrub.enabled
2019-08-28 15:36:34,925 [Datanode State Machine Thread - 0] INFO  ratis.XceiverServerRatis (XceiverServerRatis.java:start(404)) - Starting XceiverServerRatis bf0ddda3-9c1a-46b4-880b-b69c4520600a at port 0
2019-08-28 15:36:34,933 [Datanode State Machine Thread - 0] INFO  impl.RaftServerProxy (RaftServerProxy.java:lambda$start$3(299)) - bf0ddda3-9c1a-46b4-880b-b69c4520600a: start RPC server
2019-08-28 15:36:34,933 [Datanode State Machine Thread - 0] INFO  server.GrpcService (GrpcService.java:startImpl(149)) - bf0ddda3-9c1a-46b4-880b-b69c4520600a: GrpcService started, listening on 0.0.0.0/0.0.0.0:34903
2019-08-28 15:36:34,933 [Datanode State Machine Thread - 0] INFO  ratis.XceiverServerRatis (XceiverServerRatis.java:start(414)) - XceiverServerRatis bf0ddda3-9c1a-46b4-880b-b69c4520600a is started using port 34903
2019-08-28 15:36:34,934 [Datanode State Machine Thread - 0] INFO  server.XceiverServerGrpc (XceiverServerGrpc.java:start(161)) - XceiverServerGrpc bf0ddda3-9c1a-46b4-880b-b69c4520600a is started using port 41100
2019-08-28 15:36:35,517 [IPC Server handler 17 on 43555] INFO  net.NetworkTopology (NetworkTopologyImpl.java:add(110)) - Added a new node: /default-rack/8ce85811-8d59-4bde-a42a-d73a8f8a1f6b
2019-08-28 15:36:35,520 [IPC Server handler 17 on 43555] INFO  node.SCMNodeManager (SCMNodeManager.java:register(273)) - Registered Data node : 8ce85811-8d59-4bde-a42a-d73a8f8a1f6b{ip: 192.168.157.202, host: pr-hdds-1942-2xrcm-801159095, networkLocation: /default-rack, certSerialId: null}
2019-08-28 15:36:35,521 | INFO  | SCMAudit | user=jenkins1000 | ip=192.168.157.202 | op=REGISTER {datanodeDetails=8ce85811-8d59-4bde-a42a-d73a8f8a1f6b{ip: 192.168.157.202, host: pr-hdds-1942-2xrcm-801159095, networkLocation: /default-rack, certSerialId: null}} | ret=SUCCESS |  
2019-08-28 15:36:35,521 [EventQueue-NodeRegistrationContainerReportForDataNodeSafeModeRule] INFO  safemode.SCMSafeModeManager (DataNodeSafeModeRule.java:process(71)) - SCM in safe mode. 1 DataNodes registered, 1 required.
2019-08-28 15:36:35,523 [EventQueue-NodeRegistrationContainerReportForDataNodeSafeModeRule] INFO  safemode.SCMSafeModeManager (SCMSafeModeManager.java:validateSafeModeExitRules(177)) - ScmSafeModeManager, all rules are successfully validated
2019-08-28 15:36:35,523 [EventQueue-NodeRegistrationContainerReportForDataNodeSafeModeRule] INFO  safemode.SCMSafeModeManager (SCMSafeModeManager.java:exitSafeMode(193)) - SCM exiting safe mode.
2019-08-28 15:36:35,548 [grpc-default-executor-10] INFO  impl.RaftServerProxy (RaftServerProxy.java:addNew(89)) - 8ce85811-8d59-4bde-a42a-d73a8f8a1f6b: addNew group-F06B4CE3E0F8:[8ce85811-8d59-4bde-a42a-d73a8f8a1f6b:192.168.157.202:43412] returns group-F06B4CE3E0F8:java.util.concurrent.CompletableFuture@4e81d28[Not completed]
2019-08-28 15:36:35,550 [pool-439-thread-1] INFO  impl.RaftServerImpl (RaftServerImpl.java:<init>(93)) - 8ce85811-8d59-4bde-a42a-d73a8f8a1f6b: new RaftServerImpl for group-F06B4CE3E0F8:[8ce85811-8d59-4bde-a42a-d73a8f8a1f6b:192.168.157.202:43412] with ContainerStateMachine:uninitialized
2019-08-28 15:36:35,550 [pool-439-thread-1] INFO  server.RaftServerConfigKeys (ConfUtils.java:logGet(43)) - raft.server.rpc.timeout.min = 5s (custom)
2019-08-28 15:36:35,550 [pool-439-thread-1] INFO  server.RaftServerConfigKeys (ConfUtils.java:logGet(43)) - raft.server.rpc.timeout.max = 5200ms (custom)
2019-08-28 15:36:35,550 [pool-439-thread-1] INFO  server.RaftServerConfigKeys (ConfUtils.java:logGet(43)) - raft.server.rpcslowness.timeout = 120s (custom)
2019-08-28 15:36:35,551 [pool-439-thread-1] INFO  server.RaftServerConfigKeys (ConfUtils.java:logGet(43)) - raft.server.sleep.deviation.threshold = 300 (default)
2019-08-28 15:36:35,551 [pool-439-thread-1] INFO  server.RaftServerConfigKeys (ConfUtils.java:logGet(43)) - raft.server.log.appender.install.snapshot.enabled = false (custom)
2019-08-28 15:36:35,551 [pool-439-thread-1] INFO  impl.RaftServerImpl (ServerState.java:<init>(105)) - 8ce85811-8d59-4bde-a42a-d73a8f8a1f6b:group-F06B4CE3E0F8 ConfigurationManager, init=-1: [8ce85811-8d59-4bde-a42a-d73a8f8a1f6b:192.168.157.202:43412], old=null, confs=<EMPTY_MAP>
2019-08-28 15:36:35,551 [pool-439-thread-1] INFO  server.RaftServerConfigKeys (ConfUtils.java:logGet(43)) - raft.server.storage.dir = [/workdir/hadoop-ozone/integration-test/target/test-dir/MiniOzoneClusterImpl-c88bbe07-05a9-423a-b0e1-c9ede35d500a/datanode-0/data/ratis] (custom)
2019-08-28 15:36:35,552 [pool-439-thread-1] INFO  storage.RaftStorageDirectory (RaftStorageDirectory.java:analyzeStorage(246)) - The storage directory /workdir/hadoop-ozone/integration-test/target/test-dir/MiniOzoneClusterImpl-c88bbe07-05a9-423a-b0e1-c9ede35d500a/datanode-0/data/ratis/9ddcfc4f-2af7-4d67-a4ac-f06b4ce3e0f8 does not exist. Creating ...
2019-08-28 15:36:35,566 [pool-439-thread-1] INFO  storage.RaftStorageDirectory (RaftStorageDirectory.java:tryLock(328)) - Lock on /workdir/hadoop-ozone/integration-test/target/test-dir/MiniOzoneClusterImpl-c88bbe07-05a9-423a-b0e1-c9ede35d500a/datanode-0/data/ratis/9ddcfc4f-2af7-4d67-a4ac-f06b4ce3e0f8/in_use.lock acquired by nodename 4857@pr-hdds-1942-2xrcm-801159095
2019-08-28 15:36:35,581 [pool-439-thread-1] INFO  storage.RaftStorage (RaftStorage.java:format(72)) - Storage directory /workdir/hadoop-ozone/integration-test/target/test-dir/MiniOzoneClusterImpl-c88bbe07-05a9-423a-b0e1-c9ede35d500a/datanode-0/data/ratis/9ddcfc4f-2af7-4d67-a4ac-f06b4ce3e0f8 has been successfully formatted.
2019-08-28 15:36:35,582 [pool-439-thread-1] INFO  ratis.ContainerStateMachine (ContainerStateMachine.java:loadSnapshot(226)) - group-F06B4CE3E0F8: The snapshot info is null. Setting the last applied indexto:(t:0, i:~)
2019-08-28 15:36:35,582 [pool-439-thread-1] INFO  server.RaftServerConfigKeys (ConfUtils.java:logGet(43)) - raft.server.leader.election.timeout = 120s (custom)
2019-08-28 15:36:35,582 [pool-439-thread-1] INFO  server.RaftServerConfigKeys (ConfUtils.java:logGet(43)) - raft.server.log.use.memory = false (default)
2019-08-28 15:36:35,582 [pool-439-thread-1] INFO  server.RaftServerConfigKeys (ConfUtils.java:logGet(43)) - raft.server.log.purge.gap = 1000000 (custom)
2019-08-28 15:36:35,582 [pool-439-thread-1] INFO  server.RaftServerConfigKeys (ConfUtils.java:logGet(43)) - raft.server.log.appender.buffer.byte-limit = 33554432 (custom)
2019-08-28 15:36:35,583 [pool-439-thread-1] INFO  server.RaftServerConfigKeys (ConfUtils.java:logGet(43)) - raft.server.log.segment.size.max = 1048576 (custom)
2019-08-28 15:36:35,583 [pool-439-thread-1] INFO  server.RaftServerConfigKeys (ConfUtils.java:logGet(43)) - raft.server.log.segment.cache.num.max = 2 (custom)
2019-08-28 15:36:35,583 [pool-439-thread-1] INFO  segmented.SegmentedRaftLogWorker (SegmentedRaftLogWorker.java:<init>(172)) - new 8ce85811-8d59-4bde-a42a-d73a8f8a1f6b-SegmentedRaftLogWorker:Storage Directory /workdir/hadoop-ozone/integration-test/target/test-dir/MiniOzoneClusterImpl-c88bbe07-05a9-423a-b0e1-c9ede35d500a/datanode-0/data/ratis/9ddcfc4f-2af7-4d67-a4ac-f06b4ce3e0f8 for RaftStorage:Storage Directory /workdir/hadoop-ozone/integration-test/target/test-dir/MiniOzoneClusterImpl-c88bbe07-05a9-423a-b0e1-c9ede35d500a/datanode-0/data/ratis/9ddcfc4f-2af7-4d67-a4ac-f06b4ce3e0f8
2019-08-28 15:36:35,583 [pool-439-thread-1] INFO  server.RaftServerConfigKeys (ConfUtils.java:logGet(43)) - raft.server.log.queue.byte-limit = 2147483647 (custom)
2019-08-28 15:36:35,583 [pool-439-thread-1] INFO  server.RaftServerConfigKeys (ConfUtils.java:logGet(43)) - raft.server.log.queue.element-limit = 1024 (custom)
2019-08-28 15:36:35,584 [pool-439-thread-1] INFO  server.RaftServerConfigKeys (ConfUtils.java:logGet(43)) - raft.server.log.segment.size.max = 1048576 (custom)
2019-08-28 15:36:35,584 [pool-439-thread-1] INFO  server.RaftServerConfigKeys (ConfUtils.java:logGet(43)) - raft.server.log.preallocated.size = 16384 (custom)
2019-08-28 15:36:35,584 [pool-439-thread-1] INFO  server.RaftServerConfigKeys (ConfUtils.java:logGet(43)) - raft.server.log.write.buffer.size = 33554432 (custom)
2019-08-28 15:36:35,584 [pool-439-thread-1] INFO  server.RaftServerConfigKeys (ConfUtils.java:logGet(43)) - raft.server.log.force.sync.num = 128 (default)
2019-08-28 15:36:35,584 [pool-439-thread-1] INFO  server.RaftServerConfigKeys (ConfUtils.java:logGet(43)) - raft.server.log.statemachine.data.sync = true (default)
2019-08-28 15:36:35,584 [pool-439-thread-1] INFO  server.RaftServerConfigKeys (ConfUtils.java:logGet(43)) - raft.server.log.statemachine.data.sync.timeout = 10s (default)
2019-08-28 15:36:35,585 [pool-439-thread-1] INFO  server.RaftServerConfigKeys (ConfUtils.java:logGet(43)) - raft.server.log.statemachine.data.sync.timeout.retry = -1 (default)
2019-08-28 15:36:35,585 [pool-439-thread-1] INFO  server.RaftServerConfigKeys (ConfUtils.java:logGet(43)) - raft.server.log.statemachine.data.caching.enabled = true (custom)
2019-08-28 15:36:35,585 [pool-439-thread-1] INFO  segmented.SegmentedRaftLogWorker (SegmentedRaftLogWorker.java:lambda$new$0(132)) - 8ce85811-8d59-4bde-a42a-d73a8f8a1f6b-SegmentedRaftLogWorker:Storage Directory /workdir/hadoop-ozone/integration-test/target/test-dir/MiniOzoneClusterImpl-c88bbe07-05a9-423a-b0e1-c9ede35d500a/datanode-0/data/ratis/9ddcfc4f-2af7-4d67-a4ac-f06b4ce3e0f8: flushIndex: setUnconditionally 0 -> -1
2019-08-28 15:36:35,586 [pool-439-thread-1] INFO  server.RaftServerConfigKeys (ConfUtils.java:logGet(43)) - raft.server.snapshot.auto.trigger.enabled = true (custom)
2019-08-28 15:36:35,586 [pool-439-thread-1] INFO  server.RaftServerConfigKeys (ConfUtils.java:logGet(43)) - raft.server.snapshot.auto.trigger.threshold = 10000 (custom)
2019-08-28 15:36:35,586 [pool-439-thread-1] INFO  server.RaftServerConfigKeys (ConfUtils.java:logGet(43)) - raft.server.retrycache.expirytime = 600000ms (custom)
2019-08-28 15:36:35,586 [pool-439-thread-1] INFO  impl.RaftServerImpl (RaftServerImpl.java:start(180)) - 8ce85811-8d59-4bde-a42a-d73a8f8a1f6b: start group-F06B4CE3E0F8
2019-08-28 15:36:35,587 [pool-439-thread-1] INFO  impl.RaftServerImpl (RaftServerImpl.java:setRole(171)) - 8ce85811-8d59-4bde-a42a-d73a8f8a1f6b:group-F06B4CE3E0F8 changes role from null to FOLLOWER at term 0 for startAsFollower
2019-08-28 15:36:35,587 [pool-439-thread-1] INFO  impl.RoleInfo (RoleInfo.java:updateAndGet(143)) - 8ce85811-8d59-4bde-a42a-d73a8f8a1f6b: start FollowerState
2019-08-28 15:36:35,588 [pool-439-thread-1] INFO  util.JmxRegister (JmxRegister.java:tryRegister(44)) - Successfully registered JMX Bean with object name Ratis:service=RaftServer,group=group-F06B4CE3E0F8,id=8ce85811-8d59-4bde-a42a-d73a8f8a1f6b
2019-08-28 15:36:35,599 [RatisPipelineUtilsThread] INFO  pipeline.PipelineStateManager (PipelineStateManager.java:addPipeline(56)) - Created pipeline Pipeline[ Id: 9ddcfc4f-2af7-4d67-a4ac-f06b4ce3e0f8, Nodes: 8ce85811-8d59-4bde-a42a-d73a8f8a1f6b{ip: 192.168.157.202, host: pr-hdds-1942-2xrcm-801159095, networkLocation: /default-rack, certSerialId: null}, Type:RATIS, Factor:ONE, State:OPEN]
2019-08-28 15:36:35,677 [IPC Server handler 16 on 43555] INFO  net.NetworkTopology (NetworkTopologyImpl.java:add(110)) - Added a new node: /default-rack/89ea525c-b884-4c8a-a58d-0993f9152014
2019-08-28 15:36:35,677 [IPC Server handler 16 on 43555] INFO  node.SCMNodeManager (SCMNodeManager.java:register(273)) - Registered Data node : 89ea525c-b884-4c8a-a58d-0993f9152014{ip: 192.168.157.202, host: pr-hdds-1942-2xrcm-801159095, networkLocation: /default-rack, certSerialId: null}
2019-08-28 15:36:35,678 | INFO  | SCMAudit | user=jenkins1000 | ip=192.168.157.202 | op=REGISTER {datanodeDetails=89ea525c-b884-4c8a-a58d-0993f9152014{ip: 192.168.157.202, host: pr-hdds-1942-2xrcm-801159095, networkLocation: /default-rack, certSerialId: null}} | ret=SUCCESS |  
2019-08-28 15:36:35,684 [grpc-default-executor-10] INFO  impl.RaftServerProxy (RaftServerProxy.java:addNew(89)) - 89ea525c-b884-4c8a-a58d-0993f9152014: addNew group-4DDE1A6433CC:[89ea525c-b884-4c8a-a58d-0993f9152014:192.168.157.202:38790] returns group-4DDE1A6433CC:java.util.concurrent.CompletableFuture@3114f366[Not completed]
2019-08-28 15:36:35,686 [pool-450-thread-1] INFO  impl.RaftServerImpl (RaftServerImpl.java:<init>(93)) - 89ea525c-b884-4c8a-a58d-0993f9152014: new RaftServerImpl for group-4DDE1A6433CC:[89ea525c-b884-4c8a-a58d-0993f9152014:192.168.157.202:38790] with ContainerStateMachine:uninitialized
2019-08-28 15:36:35,686 [pool-450-thread-1] INFO  server.RaftServerConfigKeys (ConfUtils.java:logGet(43)) - raft.server.rpc.timeout.min = 5s (custom)
2019-08-28 15:36:35,686 [pool-450-thread-1] INFO  server.RaftServerConfigKeys (ConfUtils.java:logGet(43)) - raft.server.rpc.timeout.max = 5200ms (custom)
2019-08-28 15:36:35,686 [pool-450-thread-1] INFO  server.RaftServerConfigKeys (ConfUtils.java:logGet(43)) - raft.server.rpcslowness.timeout = 120s (custom)
2019-08-28 15:36:35,686 [pool-450-thread-1] INFO  server.RaftServerConfigKeys (ConfUtils.java:logGet(43)) - raft.server.sleep.deviation.threshold = 300 (default)
2019-08-28 15:36:35,687 [pool-450-thread-1] INFO  server.RaftServerConfigKeys (ConfUtils.java:logGet(43)) - raft.server.log.appender.install.snapshot.enabled = false (custom)
2019-08-28 15:36:35,687 [pool-450-thread-1] INFO  impl.RaftServerImpl (ServerState.java:<init>(105)) - 89ea525c-b884-4c8a-a58d-0993f9152014:group-4DDE1A6433CC ConfigurationManager, init=-1: [89ea525c-b884-4c8a-a58d-0993f9152014:192.168.157.202:38790], old=null, confs=<EMPTY_MAP>
2019-08-28 15:36:35,687 [pool-450-thread-1] INFO  server.RaftServerConfigKeys (ConfUtils.java:logGet(43)) - raft.server.storage.dir = [/workdir/hadoop-ozone/integration-test/target/test-dir/MiniOzoneClusterImpl-c88bbe07-05a9-423a-b0e1-c9ede35d500a/datanode-1/data/ratis] (custom)
2019-08-28 15:36:35,687 [pool-450-thread-1] INFO  storage.RaftStorageDirectory (RaftStorageDirectory.java:analyzeStorage(246)) - The storage directory /workdir/hadoop-ozone/integration-test/target/test-dir/MiniOzoneClusterImpl-c88bbe07-05a9-423a-b0e1-c9ede35d500a/datanode-1/data/ratis/37227414-50bf-4bac-a88f-4dde1a6433cc does not exist. Creating ...
2019-08-28 15:36:35,700 [pool-450-thread-1] INFO  storage.RaftStorageDirectory (RaftStorageDirectory.java:tryLock(328)) - Lock on /workdir/hadoop-ozone/integration-test/target/test-dir/MiniOzoneClusterImpl-c88bbe07-05a9-423a-b0e1-c9ede35d500a/datanode-1/data/ratis/37227414-50bf-4bac-a88f-4dde1a6433cc/in_use.lock acquired by nodename 4857@pr-hdds-1942-2xrcm-801159095
2019-08-28 15:36:35,727 [pool-450-thread-1] INFO  storage.RaftStorage (RaftStorage.java:format(72)) - Storage directory /workdir/hadoop-ozone/integration-test/target/test-dir/MiniOzoneClusterImpl-c88bbe07-05a9-423a-b0e1-c9ede35d500a/datanode-1/data/ratis/37227414-50bf-4bac-a88f-4dde1a6433cc has been successfully formatted.
2019-08-28 15:36:35,727 [pool-450-thread-1] INFO  ratis.ContainerStateMachine (ContainerStateMachine.java:loadSnapshot(226)) - group-4DDE1A6433CC: The snapshot info is null. Setting the last applied indexto:(t:0, i:~)
2019-08-28 15:36:35,728 [pool-450-thread-1] INFO  server.RaftServerConfigKeys (ConfUtils.java:logGet(43)) - raft.server.leader.election.timeout = 120s (custom)
2019-08-28 15:36:35,728 [pool-450-thread-1] INFO  server.RaftServerConfigKeys (ConfUtils.java:logGet(43)) - raft.server.log.use.memory = false (default)
2019-08-28 15:36:35,728 [pool-450-thread-1] INFO  server.RaftServerConfigKeys (ConfUtils.java:logGet(43)) - raft.server.log.purge.gap = 1000000 (custom)
2019-08-28 15:36:35,728 [pool-450-thread-1] INFO  server.RaftServerConfigKeys (ConfUtils.java:logGet(43)) - raft.server.log.appender.buffer.byte-limit = 33554432 (custom)
2019-08-28 15:36:35,728 [pool-450-thread-1] INFO  server.RaftServerConfigKeys (ConfUtils.java:logGet(43)) - raft.server.log.segment.size.max = 1048576 (custom)
2019-08-28 15:36:35,729 [pool-450-thread-1] INFO  server.RaftServerConfigKeys (ConfUtils.java:logGet(43)) - raft.server.log.segment.cache.num.max = 2 (custom)
2019-08-28 15:36:35,729 [pool-450-thread-1] INFO  segmented.SegmentedRaftLogWorker (SegmentedRaftLogWorker.java:<init>(172)) - new 89ea525c-b884-4c8a-a58d-0993f9152014-SegmentedRaftLogWorker:Storage Directory /workdir/hadoop-ozone/integration-test/target/test-dir/MiniOzoneClusterImpl-c88bbe07-05a9-423a-b0e1-c9ede35d500a/datanode-1/data/ratis/37227414-50bf-4bac-a88f-4dde1a6433cc for RaftStorage:Storage Directory /workdir/hadoop-ozone/integration-test/target/test-dir/MiniOzoneClusterImpl-c88bbe07-05a9-423a-b0e1-c9ede35d500a/datanode-1/data/ratis/37227414-50bf-4bac-a88f-4dde1a6433cc
2019-08-28 15:36:35,729 [pool-450-thread-1] INFO  server.RaftServerConfigKeys (ConfUtils.java:logGet(43)) - raft.server.log.queue.byte-limit = 2147483647 (custom)
2019-08-28 15:36:35,729 [pool-450-thread-1] INFO  server.RaftServerConfigKeys (ConfUtils.java:logGet(43)) - raft.server.log.queue.element-limit = 1024 (custom)
2019-08-28 15:36:35,729 [pool-450-thread-1] INFO  server.RaftServerConfigKeys (ConfUtils.java:logGet(43)) - raft.server.log.segment.size.max = 1048576 (custom)
2019-08-28 15:36:35,730 [pool-450-thread-1] INFO  server.RaftServerConfigKeys (ConfUtils.java:logGet(43)) - raft.server.log.preallocated.size = 16384 (custom)
2019-08-28 15:36:35,730 [pool-450-thread-1] INFO  server.RaftServerConfigKeys (ConfUtils.java:logGet(43)) - raft.server.log.write.buffer.size = 33554432 (custom)
2019-08-28 15:36:35,730 [pool-450-thread-1] INFO  server.RaftServerConfigKeys (ConfUtils.java:logGet(43)) - raft.server.log.force.sync.num = 128 (default)
2019-08-28 15:36:35,730 [pool-450-thread-1] INFO  server.RaftServerConfigKeys (ConfUtils.java:logGet(43)) - raft.server.log.statemachine.data.sync = true (default)
2019-08-28 15:36:35,730 [pool-450-thread-1] INFO  server.RaftServerConfigKeys (ConfUtils.java:logGet(43)) - raft.server.log.statemachine.data.sync.timeout = 10s (default)
2019-08-28 15:36:35,730 [pool-450-thread-1] INFO  server.RaftServerConfigKeys (ConfUtils.java:logGet(43)) - raft.server.log.statemachine.data.sync.timeout.retry = -1 (default)
2019-08-28 15:36:35,731 [pool-450-thread-1] INFO  server.RaftServerConfigKeys (ConfUtils.java:logGet(43)) - raft.server.log.statemachine.data.caching.enabled = true (custom)
2019-08-28 15:36:35,732 [pool-450-thread-1] INFO  segmented.SegmentedRaftLogWorker (SegmentedRaftLogWorker.java:lambda$new$0(132)) - 89ea525c-b884-4c8a-a58d-0993f9152014-SegmentedRaftLogWorker:Storage Directory /workdir/hadoop-ozone/integration-test/target/test-dir/MiniOzoneClusterImpl-c88bbe07-05a9-423a-b0e1-c9ede35d500a/datanode-1/data/ratis/37227414-50bf-4bac-a88f-4dde1a6433cc: flushIndex: setUnconditionally 0 -> -1
2019-08-28 15:36:35,732 [pool-450-thread-1] INFO  server.RaftServerConfigKeys (ConfUtils.java:logGet(43)) - raft.server.snapshot.auto.trigger.enabled = true (custom)
2019-08-28 15:36:35,732 [pool-450-thread-1] INFO  server.RaftServerConfigKeys (ConfUtils.java:logGet(43)) - raft.server.snapshot.auto.trigger.threshold = 10000 (custom)
2019-08-28 15:36:35,733 [pool-450-thread-1] INFO  server.RaftServerConfigKeys (ConfUtils.java:logGet(43)) - raft.server.retrycache.expirytime = 600000ms (custom)
2019-08-28 15:36:35,733 [pool-450-thread-1] INFO  impl.RaftServerImpl (RaftServerImpl.java:start(180)) - 89ea525c-b884-4c8a-a58d-0993f9152014: start group-4DDE1A6433CC
2019-08-28 15:36:35,733 [pool-450-thread-1] INFO  impl.RaftServerImpl (RaftServerImpl.java:setRole(171)) - 89ea525c-b884-4c8a-a58d-0993f9152014:group-4DDE1A6433CC changes role from null to FOLLOWER at term 0 for startAsFollower
2019-08-28 15:36:35,733 [pool-450-thread-1] INFO  impl.RoleInfo (RoleInfo.java:updateAndGet(143)) - 89ea525c-b884-4c8a-a58d-0993f9152014: start FollowerState
2019-08-28 15:36:35,734 [pool-450-thread-1] INFO  util.JmxRegister (JmxRegister.java:tryRegister(44)) - Successfully registered JMX Bean with object name Ratis:service=RaftServer,group=group-4DDE1A6433CC,id=89ea525c-b884-4c8a-a58d-0993f9152014
2019-08-28 15:36:35,736 [RatisPipelineUtilsThread] INFO  pipeline.PipelineStateManager (PipelineStateManager.java:addPipeline(56)) - Created pipeline Pipeline[ Id: 37227414-50bf-4bac-a88f-4dde1a6433cc, Nodes: 89ea525c-b884-4c8a-a58d-0993f9152014{ip: 192.168.157.202, host: pr-hdds-1942-2xrcm-801159095, networkLocation: /default-rack, certSerialId: null}, Type:RATIS, Factor:ONE, State:OPEN]
2019-08-28 15:36:35,911 [main] INFO  ozone.MiniOzoneClusterImpl (MiniOzoneClusterImpl.java:lambda$waitForClusterToBeReady$0(142)) - Waiting for cluster to be ready. Got 2 of 7 DN Heartbeats.
2019-08-28 15:36:36,159 [IPC Server handler 18 on 43555] INFO  net.NetworkTopology (NetworkTopologyImpl.java:add(110)) - Added a new node: /default-rack/77615d81-8c11-45ee-8068-94d065800645
2019-08-28 15:36:36,159 [IPC Server handler 18 on 43555] INFO  node.SCMNodeManager (SCMNodeManager.java:register(273)) - Registered Data node : 77615d81-8c11-45ee-8068-94d065800645{ip: 192.168.157.202, host: pr-hdds-1942-2xrcm-801159095, networkLocation: /default-rack, certSerialId: null}
2019-08-28 15:36:36,159 | INFO  | SCMAudit | user=jenkins1000 | ip=192.168.157.202 | op=REGISTER {datanodeDetails=77615d81-8c11-45ee-8068-94d065800645{ip: 192.168.157.202, host: pr-hdds-1942-2xrcm-801159095, networkLocation: /default-rack, certSerialId: null}} | ret=SUCCESS |  
2019-08-28 15:36:36,166 [grpc-default-executor-10] INFO  impl.RaftServerProxy (RaftServerProxy.java:addNew(89)) - 77615d81-8c11-45ee-8068-94d065800645: addNew group-D1ED9AC512AA:[77615d81-8c11-45ee-8068-94d065800645:192.168.157.202:43294] returns group-D1ED9AC512AA:java.util.concurrent.CompletableFuture@4207f694[Not completed]
2019-08-28 15:36:36,168 [pool-461-thread-1] INFO  impl.RaftServerImpl (RaftServerImpl.java:<init>(93)) - 77615d81-8c11-45ee-8068-94d065800645: new RaftServerImpl for group-D1ED9AC512AA:[77615d81-8c11-45ee-8068-94d065800645:192.168.157.202:43294] with ContainerStateMachine:uninitialized
2019-08-28 15:36:36,168 [pool-461-thread-1] INFO  server.RaftServerConfigKeys (ConfUtils.java:logGet(43)) - raft.server.rpc.timeout.min = 5s (custom)
2019-08-28 15:36:36,168 [pool-461-thread-1] INFO  server.RaftServerConfigKeys (ConfUtils.java:logGet(43)) - raft.server.rpc.timeout.max = 5200ms (custom)
2019-08-28 15:36:36,169 [pool-461-thread-1] INFO  server.RaftServerConfigKeys (ConfUtils.java:logGet(43)) - raft.server.rpcslowness.timeout = 120s (custom)
2019-08-28 15:36:36,169 [pool-461-thread-1] INFO  server.RaftServerConfigKeys (ConfUtils.java:logGet(43)) - raft.server.sleep.deviation.threshold = 300 (default)
2019-08-28 15:36:36,169 [pool-461-thread-1] INFO  server.RaftServerConfigKeys (ConfUtils.java:logGet(43)) - raft.server.log.appender.install.snapshot.enabled = false (custom)
2019-08-28 15:36:36,169 [pool-461-thread-1] INFO  impl.RaftServerImpl (ServerState.java:<init>(105)) - 77615d81-8c11-45ee-8068-94d065800645:group-D1ED9AC512AA ConfigurationManager, init=-1: [77615d81-8c11-45ee-8068-94d065800645:192.168.157.202:43294], old=null, confs=<EMPTY_MAP>
2019-08-28 15:36:36,169 [pool-461-thread-1] INFO  server.RaftServerConfigKeys (ConfUtils.java:logGet(43)) - raft.server.storage.dir = [/workdir/hadoop-ozone/integration-test/target/test-dir/MiniOzoneClusterImpl-c88bbe07-05a9-423a-b0e1-c9ede35d500a/datanode-2/data/ratis] (custom)
2019-08-28 15:36:36,170 [pool-461-thread-1] INFO  storage.RaftStorageDirectory (RaftStorageDirectory.java:analyzeStorage(246)) - The storage directory /workdir/hadoop-ozone/integration-test/target/test-dir/MiniOzoneClusterImpl-c88bbe07-05a9-423a-b0e1-c9ede35d500a/datanode-2/data/ratis/2c9bf231-72a7-4374-b412-d1ed9ac512aa does not exist. Creating ...
2019-08-28 15:36:36,183 [pool-461-thread-1] INFO  storage.RaftStorageDirectory (RaftStorageDirectory.java:tryLock(328)) - Lock on /workdir/hadoop-ozone/integration-test/target/test-dir/MiniOzoneClusterImpl-c88bbe07-05a9-423a-b0e1-c9ede35d500a/datanode-2/data/ratis/2c9bf231-72a7-4374-b412-d1ed9ac512aa/in_use.lock acquired by nodename 4857@pr-hdds-1942-2xrcm-801159095
2019-08-28 15:36:36,197 [pool-461-thread-1] INFO  storage.RaftStorage (RaftStorage.java:format(72)) - Storage directory /workdir/hadoop-ozone/integration-test/target/test-dir/MiniOzoneClusterImpl-c88bbe07-05a9-423a-b0e1-c9ede35d500a/datanode-2/data/ratis/2c9bf231-72a7-4374-b412-d1ed9ac512aa has been successfully formatted.
2019-08-28 15:36:36,197 [pool-461-thread-1] INFO  ratis.ContainerStateMachine (ContainerStateMachine.java:loadSnapshot(226)) - group-D1ED9AC512AA: The snapshot info is null. Setting the last applied indexto:(t:0, i:~)
2019-08-28 15:36:36,198 [pool-461-thread-1] INFO  server.RaftServerConfigKeys (ConfUtils.java:logGet(43)) - raft.server.leader.election.timeout = 120s (custom)
2019-08-28 15:36:36,198 [pool-461-thread-1] INFO  server.RaftServerConfigKeys (ConfUtils.java:logGet(43)) - raft.server.log.use.memory = false (default)
2019-08-28 15:36:36,198 [pool-461-thread-1] INFO  server.RaftServerConfigKeys (ConfUtils.java:logGet(43)) - raft.server.log.purge.gap = 1000000 (custom)
2019-08-28 15:36:36,198 [pool-461-thread-1] INFO  server.RaftServerConfigKeys (ConfUtils.java:logGet(43)) - raft.server.log.appender.buffer.byte-limit = 33554432 (custom)
2019-08-28 15:36:36,198 [pool-461-thread-1] INFO  server.RaftServerConfigKeys (ConfUtils.java:logGet(43)) - raft.server.log.segment.size.max = 1048576 (custom)
2019-08-28 15:36:36,198 [pool-461-thread-1] INFO  server.RaftServerConfigKeys (ConfUtils.java:logGet(43)) - raft.server.log.segment.cache.num.max = 2 (custom)
2019-08-28 15:36:36,199 [pool-461-thread-1] INFO  segmented.SegmentedRaftLogWorker (SegmentedRaftLogWorker.java:<init>(172)) - new 77615d81-8c11-45ee-8068-94d065800645-SegmentedRaftLogWorker:Storage Directory /workdir/hadoop-ozone/integration-test/target/test-dir/MiniOzoneClusterImpl-c88bbe07-05a9-423a-b0e1-c9ede35d500a/datanode-2/data/ratis/2c9bf231-72a7-4374-b412-d1ed9ac512aa for RaftStorage:Storage Directory /workdir/hadoop-ozone/integration-test/target/test-dir/MiniOzoneClusterImpl-c88bbe07-05a9-423a-b0e1-c9ede35d500a/datanode-2/data/ratis/2c9bf231-72a7-4374-b412-d1ed9ac512aa
2019-08-28 15:36:36,199 [pool-461-thread-1] INFO  server.RaftServerConfigKeys (ConfUtils.java:logGet(43)) - raft.server.log.queue.byte-limit = 2147483647 (custom)
2019-08-28 15:36:36,199 [pool-461-thread-1] INFO  server.RaftServerConfigKeys (ConfUtils.java:logGet(43)) - raft.server.log.queue.element-limit = 1024 (custom)
2019-08-28 15:36:36,199 [pool-461-thread-1] INFO  server.RaftServerConfigKeys (ConfUtils.java:logGet(43)) - raft.server.log.segment.size.max = 1048576 (custom)
2019-08-28 15:36:36,199 [pool-461-thread-1] INFO  server.RaftServerConfigKeys (ConfUtils.java:logGet(43)) - raft.server.log.preallocated.size = 16384 (custom)
2019-08-28 15:36:36,199 [pool-461-thread-1] INFO  server.RaftServerConfigKeys (ConfUtils.java:logGet(43)) - raft.server.log.write.buffer.size = 33554432 (custom)
2019-08-28 15:36:36,200 [pool-461-thread-1] INFO  server.RaftServerConfigKeys (ConfUtils.java:logGet(43)) - raft.server.log.force.sync.num = 128 (default)
2019-08-28 15:36:36,200 [pool-461-thread-1] INFO  server.RaftServerConfigKeys (ConfUtils.java:logGet(43)) - raft.server.log.statemachine.data.sync = true (default)
2019-08-28 15:36:36,200 [pool-461-thread-1] INFO  server.RaftServerConfigKeys (ConfUtils.java:logGet(43)) - raft.server.log.statemachine.data.sync.timeout = 10s (default)
2019-08-28 15:36:36,200 [pool-461-thread-1] INFO  server.RaftServerConfigKeys (ConfUtils.java:logGet(43)) - raft.server.log.statemachine.data.sync.timeout.retry = -1 (default)
2019-08-28 15:36:36,200 [pool-461-thread-1] INFO  server.RaftServerConfigKeys (ConfUtils.java:logGet(43)) - raft.server.log.statemachine.data.caching.enabled = true (custom)
2019-08-28 15:36:36,201 [pool-461-thread-1] INFO  segmented.SegmentedRaftLogWorker (SegmentedRaftLogWorker.java:lambda$new$0(132)) - 77615d81-8c11-45ee-8068-94d065800645-SegmentedRaftLogWorker:Storage Directory /workdir/hadoop-ozone/integration-test/target/test-dir/MiniOzoneClusterImpl-c88bbe07-05a9-423a-b0e1-c9ede35d500a/datanode-2/data/ratis/2c9bf231-72a7-4374-b412-d1ed9ac512aa: flushIndex: setUnconditionally 0 -> -1
2019-08-28 15:36:36,201 [pool-461-thread-1] INFO  server.RaftServerConfigKeys (ConfUtils.java:logGet(43)) - raft.server.snapshot.auto.trigger.enabled = true (custom)
2019-08-28 15:36:36,201 [pool-461-thread-1] INFO  server.RaftServerConfigKeys (ConfUtils.java:logGet(43)) - raft.server.snapshot.auto.trigger.threshold = 10000 (custom)
2019-08-28 15:36:36,201 [pool-461-thread-1] INFO  server.RaftServerConfigKeys (ConfUtils.java:logGet(43)) - raft.server.retrycache.expirytime = 600000ms (custom)
2019-08-28 15:36:36,202 [pool-461-thread-1] INFO  impl.RaftServerImpl (RaftServerImpl.java:start(180)) - 77615d81-8c11-45ee-8068-94d065800645: start group-D1ED9AC512AA
2019-08-28 15:36:36,202 [pool-461-thread-1] INFO  impl.RaftServerImpl (RaftServerImpl.java:setRole(171)) - 77615d81-8c11-45ee-8068-94d065800645:group-D1ED9AC512AA changes role from null to FOLLOWER at term 0 for startAsFollower
2019-08-28 15:36:36,202 [pool-461-thread-1] INFO  impl.RoleInfo (RoleInfo.java:updateAndGet(143)) - 77615d81-8c11-45ee-8068-94d065800645: start FollowerState
2019-08-28 15:36:36,202 [pool-461-thread-1] INFO  util.JmxRegister (JmxRegister.java:tryRegister(44)) - Successfully registered JMX Bean with object name Ratis:service=RaftServer,group=group-D1ED9AC512AA,id=77615d81-8c11-45ee-8068-94d065800645
2019-08-28 15:36:36,204 [RatisPipelineUtilsThread] INFO  pipeline.PipelineStateManager (PipelineStateManager.java:addPipeline(56)) - Created pipeline Pipeline[ Id: 2c9bf231-72a7-4374-b412-d1ed9ac512aa, Nodes: 77615d81-8c11-45ee-8068-94d065800645{ip: 192.168.157.202, host: pr-hdds-1942-2xrcm-801159095, networkLocation: /default-rack, certSerialId: null}, Type:RATIS, Factor:ONE, State:OPEN]
2019-08-28 15:36:36,224 [grpc-default-executor-8] INFO  impl.RaftServerProxy (RaftServerProxy.java:addNew(89)) - 89ea525c-b884-4c8a-a58d-0993f9152014: addNew group-4A287A029878:[89ea525c-b884-4c8a-a58d-0993f9152014:192.168.157.202:38790, 77615d81-8c11-45ee-8068-94d065800645:192.168.157.202:43294, 8ce85811-8d59-4bde-a42a-d73a8f8a1f6b:192.168.157.202:43412] returns group-4A287A029878:java.util.concurrent.CompletableFuture@46be43c6[Not completed]
2019-08-28 15:36:36,224 [grpc-default-executor-10] INFO  impl.RaftServerProxy (RaftServerProxy.java:addNew(89)) - 77615d81-8c11-45ee-8068-94d065800645: addNew group-4A287A029878:[89ea525c-b884-4c8a-a58d-0993f9152014:192.168.157.202:38790, 77615d81-8c11-45ee-8068-94d065800645:192.168.157.202:43294, 8ce85811-8d59-4bde-a42a-d73a8f8a1f6b:192.168.157.202:43412] returns group-4A287A029878:java.util.concurrent.CompletableFuture@2cfe11e2[Not completed]
2019-08-28 15:36:36,224 [grpc-default-executor-11] INFO  impl.RaftServerProxy (RaftServerProxy.java:addNew(89)) - 8ce85811-8d59-4bde-a42a-d73a8f8a1f6b: addNew group-4A287A029878:[89ea525c-b884-4c8a-a58d-0993f9152014:192.168.157.202:38790, 77615d81-8c11-45ee-8068-94d065800645:192.168.157.202:43294, 8ce85811-8d59-4bde-a42a-d73a8f8a1f6b:192.168.157.202:43412] returns group-4A287A029878:java.util.concurrent.CompletableFuture@76b4005e[Not completed]
2019-08-28 15:36:36,226 [pool-439-thread-1] INFO  impl.RaftServerImpl (RaftServerImpl.java:<init>(93)) - 8ce85811-8d59-4bde-a42a-d73a8f8a1f6b: new RaftServerImpl for group-4A287A029878:[89ea525c-b884-4c8a-a58d-0993f9152014:192.168.157.202:38790, 77615d81-8c11-45ee-8068-94d065800645:192.168.157.202:43294, 8ce85811-8d59-4bde-a42a-d73a8f8a1f6b:192.168.157.202:43412] with ContainerStateMachine:uninitialized
2019-08-28 15:36:36,226 [pool-439-thread-1] INFO  server.RaftServerConfigKeys (ConfUtils.java:logGet(43)) - raft.server.rpc.timeout.min = 5s (custom)
2019-08-28 15:36:36,226 [pool-439-thread-1] INFO  server.RaftServerConfigKeys (ConfUtils.java:logGet(43)) - raft.server.rpc.timeout.max = 5200ms (custom)
2019-08-28 15:36:36,226 [pool-439-thread-1] INFO  server.RaftServerConfigKeys (ConfUtils.java:logGet(43)) - raft.server.rpcslowness.timeout = 120s (custom)
2019-08-28 15:36:36,226 [pool-439-thread-1] INFO  server.RaftServerConfigKeys (ConfUtils.java:logGet(43)) - raft.server.sleep.deviation.threshold = 300 (default)
2019-08-28 15:36:36,227 [pool-450-thread-1] INFO  impl.RaftServerImpl (RaftServerImpl.java:<init>(93)) - 89ea525c-b884-4c8a-a58d-0993f9152014: new RaftServerImpl for group-4A287A029878:[89ea525c-b884-4c8a-a58d-0993f9152014:192.168.157.202:38790, 77615d81-8c11-45ee-8068-94d065800645:192.168.157.202:43294, 8ce85811-8d59-4bde-a42a-d73a8f8a1f6b:192.168.157.202:43412] with ContainerStateMachine:uninitialized
2019-08-28 15:36:36,227 [pool-439-thread-1] INFO  server.RaftServerConfigKeys (ConfUtils.java:logGet(43)) - raft.server.log.appender.install.snapshot.enabled = false (custom)
2019-08-28 15:36:36,227 [pool-450-thread-1] INFO  server.RaftServerConfigKeys (ConfUtils.java:logGet(43)) - raft.server.rpc.timeout.min = 5s (custom)
2019-08-28 15:36:36,227 [pool-439-thread-1] INFO  impl.RaftServerImpl (ServerState.java:<init>(105)) - 8ce85811-8d59-4bde-a42a-d73a8f8a1f6b:group-4A287A029878 ConfigurationManager, init=-1: [89ea525c-b884-4c8a-a58d-0993f9152014:192.168.157.202:38790, 77615d81-8c11-45ee-8068-94d065800645:192.168.157.202:43294, 8ce85811-8d59-4bde-a42a-d73a8f8a1f6b:192.168.157.202:43412], old=null, confs=<EMPTY_MAP>
2019-08-28 15:36:36,227 [pool-461-thread-1] INFO  impl.RaftServerImpl (RaftServerImpl.java:<init>(93)) - 77615d81-8c11-45ee-8068-94d065800645: new RaftServerImpl for group-4A287A029878:[89ea525c-b884-4c8a-a58d-0993f9152014:192.168.157.202:38790, 77615d81-8c11-45ee-8068-94d065800645:192.168.157.202:43294, 8ce85811-8d59-4bde-a42a-d73a8f8a1f6b:192.168.157.202:43412] with ContainerStateMachine:uninitialized
2019-08-28 15:36:36,227 [pool-450-thread-1] INFO  server.RaftServerConfigKeys (ConfUtils.java:logGet(43)) - raft.server.rpc.timeout.max = 5200ms (custom)
2019-08-28 15:36:36,227 [pool-439-thread-1] INFO  server.RaftServerConfigKeys (ConfUtils.java:logGet(43)) - raft.server.storage.dir = [/workdir/hadoop-ozone/integration-test/target/test-dir/MiniOzoneClusterImpl-c88bbe07-05a9-423a-b0e1-c9ede35d500a/datanode-0/data/ratis] (custom)
2019-08-28 15:36:36,227 [pool-461-thread-1] INFO  server.RaftServerConfigKeys (ConfUtils.java:logGet(43)) - raft.server.rpc.timeout.min = 5s (custom)
2019-08-28 15:36:36,227 [pool-450-thread-1] INFO  server.RaftServerConfigKeys (ConfUtils.java:logGet(43)) - raft.server.rpcslowness.timeout = 120s (custom)
2019-08-28 15:36:36,228 [pool-461-thread-1] INFO  server.RaftServerConfigKeys (ConfUtils.java:logGet(43)) - raft.server.rpc.timeout.max = 5200ms (custom)
2019-08-28 15:36:36,228 [pool-439-thread-1] INFO  storage.RaftStorageDirectory (RaftStorageDirectory.java:analyzeStorage(246)) - The storage directory /workdir/hadoop-ozone/integration-test/target/test-dir/MiniOzoneClusterImpl-c88bbe07-05a9-423a-b0e1-c9ede35d500a/datanode-0/data/ratis/a8ea9b9d-4261-4fe2-a759-4a287a029878 does not exist. Creating ...
2019-08-28 15:36:36,228 [pool-450-thread-1] INFO  server.RaftServerConfigKeys (ConfUtils.java:logGet(43)) - raft.server.sleep.deviation.threshold = 300 (default)
2019-08-28 15:36:36,228 [pool-461-thread-1] INFO  server.RaftServerConfigKeys (ConfUtils.java:logGet(43)) - raft.server.rpcslowness.timeout = 120s (custom)
2019-08-28 15:36:36,228 [pool-450-thread-1] INFO  server.RaftServerConfigKeys (ConfUtils.java:logGet(43)) - raft.server.log.appender.install.snapshot.enabled = false (custom)
2019-08-28 15:36:36,228 [pool-461-thread-1] INFO  server.RaftServerConfigKeys (ConfUtils.java:logGet(43)) - raft.server.sleep.deviation.threshold = 300 (default)
2019-08-28 15:36:36,228 [pool-450-thread-1] INFO  impl.RaftServerImpl (ServerState.java:<init>(105)) - 89ea525c-b884-4c8a-a58d-0993f9152014:group-4A287A029878 ConfigurationManager, init=-1: [89ea525c-b884-4c8a-a58d-0993f9152014:192.168.157.202:38790, 77615d81-8c11-45ee-8068-94d065800645:192.168.157.202:43294, 8ce85811-8d59-4bde-a42a-d73a8f8a1f6b:192.168.157.202:43412], old=null, confs=<EMPTY_MAP>
2019-08-28 15:36:36,228 [pool-461-thread-1] INFO  server.RaftServerConfigKeys (ConfUtils.java:logGet(43)) - raft.server.log.appender.install.snapshot.enabled = false (custom)
2019-08-28 15:36:36,229 [pool-450-thread-1] INFO  server.RaftServerConfigKeys (ConfUtils.java:logGet(43)) - raft.server.storage.dir = [/workdir/hadoop-ozone/integration-test/target/test-dir/MiniOzoneClusterImpl-c88bbe07-05a9-423a-b0e1-c9ede35d500a/datanode-1/data/ratis] (custom)
2019-08-28 15:36:36,229 [pool-461-thread-1] INFO  impl.RaftServerImpl (ServerState.java:<init>(105)) - 77615d81-8c11-45ee-8068-94d065800645:group-4A287A029878 ConfigurationManager, init=-1: [89ea525c-b884-4c8a-a58d-0993f9152014:192.168.157.202:38790, 77615d81-8c11-45ee-8068-94d065800645:192.168.157.202:43294, 8ce85811-8d59-4bde-a42a-d73a8f8a1f6b:192.168.157.202:43412], old=null, confs=<EMPTY_MAP>
2019-08-28 15:36:36,229 [pool-461-thread-1] INFO  server.RaftServerConfigKeys (ConfUtils.java:logGet(43)) - raft.server.storage.dir = [/workdir/hadoop-ozone/integration-test/target/test-dir/MiniOzoneClusterImpl-c88bbe07-05a9-423a-b0e1-c9ede35d500a/datanode-2/data/ratis] (custom)
2019-08-28 15:36:36,229 [pool-450-thread-1] INFO  storage.RaftStorageDirectory (RaftStorageDirectory.java:analyzeStorage(246)) - The storage directory /workdir/hadoop-ozone/integration-test/target/test-dir/MiniOzoneClusterImpl-c88bbe07-05a9-423a-b0e1-c9ede35d500a/datanode-1/data/ratis/a8ea9b9d-4261-4fe2-a759-4a287a029878 does not exist. Creating ...
2019-08-28 15:36:36,229 [pool-461-thread-1] INFO  storage.RaftStorageDirectory (RaftStorageDirectory.java:analyzeStorage(246)) - The storage directory /workdir/hadoop-ozone/integration-test/target/test-dir/MiniOzoneClusterImpl-c88bbe07-05a9-423a-b0e1-c9ede35d500a/datanode-2/data/ratis/a8ea9b9d-4261-4fe2-a759-4a287a029878 does not exist. Creating ...
2019-08-28 15:36:36,242 [pool-461-thread-1] INFO  storage.RaftStorageDirectory (RaftStorageDirectory.java:tryLock(328)) - Lock on /workdir/hadoop-ozone/integration-test/target/test-dir/MiniOzoneClusterImpl-c88bbe07-05a9-423a-b0e1-c9ede35d500a/datanode-2/data/ratis/a8ea9b9d-4261-4fe2-a759-4a287a029878/in_use.lock acquired by nodename 4857@pr-hdds-1942-2xrcm-801159095
2019-08-28 15:36:36,242 [pool-450-thread-1] INFO  storage.RaftStorageDirectory (RaftStorageDirectory.java:tryLock(328)) - Lock on /workdir/hadoop-ozone/integration-test/target/test-dir/MiniOzoneClusterImpl-c88bbe07-05a9-423a-b0e1-c9ede35d500a/datanode-1/data/ratis/a8ea9b9d-4261-4fe2-a759-4a287a029878/in_use.lock acquired by nodename 4857@pr-hdds-1942-2xrcm-801159095
2019-08-28 15:36:36,242 [pool-439-thread-1] INFO  storage.RaftStorageDirectory (RaftStorageDirectory.java:tryLock(328)) - Lock on /workdir/hadoop-ozone/integration-test/target/test-dir/MiniOzoneClusterImpl-c88bbe07-05a9-423a-b0e1-c9ede35d500a/datanode-0/data/ratis/a8ea9b9d-4261-4fe2-a759-4a287a029878/in_use.lock acquired by nodename 4857@pr-hdds-1942-2xrcm-801159095
2019-08-28 15:36:36,255 [pool-450-thread-1] INFO  storage.RaftStorage (RaftStorage.java:format(72)) - Storage directory /workdir/hadoop-ozone/integration-test/target/test-dir/MiniOzoneClusterImpl-c88bbe07-05a9-423a-b0e1-c9ede35d500a/datanode-1/data/ratis/a8ea9b9d-4261-4fe2-a759-4a287a029878 has been successfully formatted.
2019-08-28 15:36:36,255 [pool-461-thread-1] INFO  storage.RaftStorage (RaftStorage.java:format(72)) - Storage directory /workdir/hadoop-ozone/integration-test/target/test-dir/MiniOzoneClusterImpl-c88bbe07-05a9-423a-b0e1-c9ede35d500a/datanode-2/data/ratis/a8ea9b9d-4261-4fe2-a759-4a287a029878 has been successfully formatted.
2019-08-28 15:36:36,255 [pool-439-thread-1] INFO  storage.RaftStorage (RaftStorage.java:format(72)) - Storage directory /workdir/hadoop-ozone/integration-test/target/test-dir/MiniOzoneClusterImpl-c88bbe07-05a9-423a-b0e1-c9ede35d500a/datanode-0/data/ratis/a8ea9b9d-4261-4fe2-a759-4a287a029878 has been successfully formatted.
2019-08-28 15:36:36,255 [pool-450-thread-1] INFO  ratis.ContainerStateMachine (ContainerStateMachine.java:loadSnapshot(226)) - group-4A287A029878: The snapshot info is null. Setting the last applied indexto:(t:0, i:~)
2019-08-28 15:36:36,256 [pool-439-thread-1] INFO  ratis.ContainerStateMachine (ContainerStateMachine.java:loadSnapshot(226)) - group-4A287A029878: The snapshot info is null. Setting the last applied indexto:(t:0, i:~)
2019-08-28 15:36:36,255 [pool-461-thread-1] INFO  ratis.ContainerStateMachine (ContainerStateMachine.java:loadSnapshot(226)) - group-4A287A029878: The snapshot info is null. Setting the last applied indexto:(t:0, i:~)
2019-08-28 15:36:36,256 [pool-439-thread-1] INFO  server.RaftServerConfigKeys (ConfUtils.java:logGet(43)) - raft.server.leader.election.timeout = 120s (custom)
2019-08-28 15:36:36,256 [pool-450-thread-1] INFO  server.RaftServerConfigKeys (ConfUtils.java:logGet(43)) - raft.server.leader.election.timeout = 120s (custom)
2019-08-28 15:36:36,256 [pool-439-thread-1] INFO  server.RaftServerConfigKeys (ConfUtils.java:logGet(43)) - raft.server.log.use.memory = false (default)
2019-08-28 15:36:36,256 [pool-461-thread-1] INFO  server.RaftServerConfigKeys (ConfUtils.java:logGet(43)) - raft.server.leader.election.timeout = 120s (custom)
2019-08-28 15:36:36,256 [pool-439-thread-1] INFO  server.RaftServerConfigKeys (ConfUtils.java:logGet(43)) - raft.server.log.purge.gap = 1000000 (custom)
2019-08-28 15:36:36,256 [pool-450-thread-1] INFO  server.RaftServerConfigKeys (ConfUtils.java:logGet(43)) - raft.server.log.use.memory = false (default)
2019-08-28 15:36:36,256 [pool-439-thread-1] INFO  server.RaftServerConfigKeys (ConfUtils.java:logGet(43)) - raft.server.log.appender.buffer.byte-limit = 33554432 (custom)
2019-08-28 15:36:36,256 [pool-461-thread-1] INFO  server.RaftServerConfigKeys (ConfUtils.java:logGet(43)) - raft.server.log.use.memory = false (default)
2019-08-28 15:36:36,257 [pool-439-thread-1] INFO  server.RaftServerConfigKeys (ConfUtils.java:logGet(43)) - raft.server.log.segment.size.max = 1048576 (custom)
2019-08-28 15:36:36,257 [pool-450-thread-1] INFO  server.RaftServerConfigKeys (ConfUtils.java:logGet(43)) - raft.server.log.purge.gap = 1000000 (custom)
2019-08-28 15:36:36,257 [pool-439-thread-1] INFO  server.RaftServerConfigKeys (ConfUtils.java:logGet(43)) - raft.server.log.segment.cache.num.max = 2 (custom)
2019-08-28 15:36:36,257 [pool-461-thread-1] INFO  server.RaftServerConfigKeys (ConfUtils.java:logGet(43)) - raft.server.log.purge.gap = 1000000 (custom)
2019-08-28 15:36:36,257 [pool-439-thread-1] INFO  segmented.SegmentedRaftLogWorker (SegmentedRaftLogWorker.java:<init>(172)) - new 8ce85811-8d59-4bde-a42a-d73a8f8a1f6b-SegmentedRaftLogWorker:Storage Directory /workdir/hadoop-ozone/integration-test/target/test-dir/MiniOzoneClusterImpl-c88bbe07-05a9-423a-b0e1-c9ede35d500a/datanode-0/data/ratis/a8ea9b9d-4261-4fe2-a759-4a287a029878 for RaftStorage:Storage Directory /workdir/hadoop-ozone/integration-test/target/test-dir/MiniOzoneClusterImpl-c88bbe07-05a9-423a-b0e1-c9ede35d500a/datanode-0/data/ratis/a8ea9b9d-4261-4fe2-a759-4a287a029878
2019-08-28 15:36:36,257 [pool-450-thread-1] INFO  server.RaftServerConfigKeys (ConfUtils.java:logGet(43)) - raft.server.log.appender.buffer.byte-limit = 33554432 (custom)
2019-08-28 15:36:36,257 [pool-439-thread-1] INFO  server.RaftServerConfigKeys (ConfUtils.java:logGet(43)) - raft.server.log.queue.byte-limit = 2147483647 (custom)
2019-08-28 15:36:36,257 [pool-461-thread-1] INFO  server.RaftServerConfigKeys (ConfUtils.java:logGet(43)) - raft.server.log.appender.buffer.byte-limit = 33554432 (custom)
2019-08-28 15:36:36,258 [pool-439-thread-1] INFO  server.RaftServerConfigKeys (ConfUtils.java:logGet(43)) - raft.server.log.queue.element-limit = 1024 (custom)
2019-08-28 15:36:36,258 [pool-450-thread-1] INFO  server.RaftServerConfigKeys (ConfUtils.java:logGet(43)) - raft.server.log.segment.size.max = 1048576 (custom)
2019-08-28 15:36:36,258 [pool-439-thread-1] INFO  server.RaftServerConfigKeys (ConfUtils.java:logGet(43)) - raft.server.log.segment.size.max = 1048576 (custom)
2019-08-28 15:36:36,258 [pool-461-thread-1] INFO  server.RaftServerConfigKeys (ConfUtils.java:logGet(43)) - raft.server.log.segment.size.max = 1048576 (custom)
2019-08-28 15:36:36,258 [pool-439-thread-1] INFO  server.RaftServerConfigKeys (ConfUtils.java:logGet(43)) - raft.server.log.preallocated.size = 16384 (custom)
2019-08-28 15:36:36,258 [pool-439-thread-1] INFO  server.RaftServerConfigKeys (ConfUtils.java:logGet(43)) - raft.server.log.write.buffer.size = 33554432 (custom)
2019-08-28 15:36:36,258 [pool-450-thread-1] INFO  server.RaftServerConfigKeys (ConfUtils.java:logGet(43)) - raft.server.log.segment.cache.num.max = 2 (custom)
2019-08-28 15:36:36,258 [pool-439-thread-1] INFO  server.RaftServerConfigKeys (ConfUtils.java:logGet(43)) - raft.server.log.force.sync.num = 128 (default)
2019-08-28 15:36:36,258 [pool-461-thread-1] INFO  server.RaftServerConfigKeys (ConfUtils.java:logGet(43)) - raft.server.log.segment.cache.num.max = 2 (custom)
2019-08-28 15:36:36,259 [pool-439-thread-1] INFO  server.RaftServerConfigKeys (ConfUtils.java:logGet(43)) - raft.server.log.statemachine.data.sync = true (default)
2019-08-28 15:36:36,259 [pool-450-thread-1] INFO  segmented.SegmentedRaftLogWorker (SegmentedRaftLogWorker.java:<init>(172)) - new 89ea525c-b884-4c8a-a58d-0993f9152014-SegmentedRaftLogWorker:Storage Directory /workdir/hadoop-ozone/integration-test/target/test-dir/MiniOzoneClusterImpl-c88bbe07-05a9-423a-b0e1-c9ede35d500a/datanode-1/data/ratis/a8ea9b9d-4261-4fe2-a759-4a287a029878 for RaftStorage:Storage Directory /workdir/hadoop-ozone/integration-test/target/test-dir/MiniOzoneClusterImpl-c88bbe07-05a9-423a-b0e1-c9ede35d500a/datanode-1/data/ratis/a8ea9b9d-4261-4fe2-a759-4a287a029878
2019-08-28 15:36:36,259 [pool-439-thread-1] INFO  server.RaftServerConfigKeys (ConfUtils.java:logGet(43)) - raft.server.log.statemachine.data.sync.timeout = 10s (default)
2019-08-28 15:36:36,259 [pool-461-thread-1] INFO  segmented.SegmentedRaftLogWorker (SegmentedRaftLogWorker.java:<init>(172)) - new 77615d81-8c11-45ee-8068-94d065800645-SegmentedRaftLogWorker:Storage Directory /workdir/hadoop-ozone/integration-test/target/test-dir/MiniOzoneClusterImpl-c88bbe07-05a9-423a-b0e1-c9ede35d500a/datanode-2/data/ratis/a8ea9b9d-4261-4fe2-a759-4a287a029878 for RaftStorage:Storage Directory /workdir/hadoop-ozone/integration-test/target/test-dir/MiniOzoneClusterImpl-c88bbe07-05a9-423a-b0e1-c9ede35d500a/datanode-2/data/ratis/a8ea9b9d-4261-4fe2-a759-4a287a029878
2019-08-28 15:36:36,259 [pool-439-thread-1] INFO  server.RaftServerConfigKeys (ConfUtils.java:logGet(43)) - raft.server.log.statemachine.data.sync.timeout.retry = -1 (default)
2019-08-28 15:36:36,259 [pool-450-thread-1] INFO  server.RaftServerConfigKeys (ConfUtils.java:logGet(43)) - raft.server.log.queue.byte-limit = 2147483647 (custom)
2019-08-28 15:36:36,260 [pool-439-thread-1] INFO  server.RaftServerConfigKeys (ConfUtils.java:logGet(43)) - raft.server.log.statemachine.data.caching.enabled = true (custom)
2019-08-28 15:36:36,259 [pool-461-thread-1] INFO  server.RaftServerConfigKeys (ConfUtils.java:logGet(43)) - raft.server.log.queue.byte-limit = 2147483647 (custom)
2019-08-28 15:36:36,260 [pool-450-thread-1] INFO  server.RaftServerConfigKeys (ConfUtils.java:logGet(43)) - raft.server.log.queue.element-limit = 1024 (custom)
2019-08-28 15:36:36,260 [pool-439-thread-1] INFO  segmented.SegmentedRaftLogWorker (SegmentedRaftLogWorker.java:lambda$new$0(132)) - 8ce85811-8d59-4bde-a42a-d73a8f8a1f6b-SegmentedRaftLogWorker:Storage Directory /workdir/hadoop-ozone/integration-test/target/test-dir/MiniOzoneClusterImpl-c88bbe07-05a9-423a-b0e1-c9ede35d500a/datanode-0/data/ratis/a8ea9b9d-4261-4fe2-a759-4a287a029878: flushIndex: setUnconditionally 0 -> -1
2019-08-28 15:36:36,260 [pool-461-thread-1] INFO  server.RaftServerConfigKeys (ConfUtils.java:logGet(43)) - raft.server.log.queue.element-limit = 1024 (custom)
2019-08-28 15:36:36,260 [pool-450-thread-1] INFO  server.RaftServerConfigKeys (ConfUtils.java:logGet(43)) - raft.server.log.segment.size.max = 1048576 (custom)
2019-08-28 15:36:36,260 [pool-461-thread-1] INFO  server.RaftServerConfigKeys (ConfUtils.java:logGet(43)) - raft.server.log.segment.size.max = 1048576 (custom)
2019-08-28 15:36:36,260 [pool-439-thread-1] INFO  server.RaftServerConfigKeys (ConfUtils.java:logGet(43)) - raft.server.snapshot.auto.trigger.enabled = true (custom)
2019-08-28 15:36:36,261 [pool-461-thread-1] INFO  server.RaftServerConfigKeys (ConfUtils.java:logGet(43)) - raft.server.log.preallocated.size = 16384 (custom)
2019-08-28 15:36:36,261 [pool-461-thread-1] INFO  server.RaftServerConfigKeys (ConfUtils.java:logGet(43)) - raft.server.log.write.buffer.size = 33554432 (custom)
2019-08-28 15:36:36,260 [pool-450-thread-1] INFO  server.RaftServerConfigKeys (ConfUtils.java:logGet(43)) - raft.server.log.preallocated.size = 16384 (custom)
2019-08-28 15:36:36,261 [pool-461-thread-1] INFO  server.RaftServerConfigKeys (ConfUtils.java:logGet(43)) - raft.server.log.force.sync.num = 128 (default)
2019-08-28 15:36:36,261 [pool-439-thread-1] INFO  server.RaftServerConfigKeys (ConfUtils.java:logGet(43)) - raft.server.snapshot.auto.trigger.threshold = 10000 (custom)
2019-08-28 15:36:36,261 [pool-461-thread-1] INFO  server.RaftServerConfigKeys (ConfUtils.java:logGet(43)) - raft.server.log.statemachine.data.sync = true (default)
2019-08-28 15:36:36,261 [pool-461-thread-1] INFO  server.RaftServerConfigKeys (ConfUtils.java:logGet(43)) - raft.server.log.statemachine.data.sync.timeout = 10s (default)
2019-08-28 15:36:36,261 [pool-450-thread-1] INFO  server.RaftServerConfigKeys (ConfUtils.java:logGet(43)) - raft.server.log.write.buffer.size = 33554432 (custom)
2019-08-28 15:36:36,261 [pool-461-thread-1] INFO  server.RaftServerConfigKeys (ConfUtils.java:logGet(43)) - raft.server.log.statemachine.data.sync.timeout.retry = -1 (default)
2019-08-28 15:36:36,261 [pool-439-thread-1] INFO  server.RaftServerConfigKeys (ConfUtils.java:logGet(43)) - raft.server.retrycache.expirytime = 600000ms (custom)
2019-08-28 15:36:36,262 [pool-461-thread-1] INFO  server.RaftServerConfigKeys (ConfUtils.java:logGet(43)) - raft.server.log.statemachine.data.caching.enabled = true (custom)
2019-08-28 15:36:36,262 [pool-450-thread-1] INFO  server.RaftServerConfigKeys (ConfUtils.java:logGet(43)) - raft.server.log.force.sync.num = 128 (default)
2019-08-28 15:36:36,262 [pool-461-thread-1] INFO  segmented.SegmentedRaftLogWorker (SegmentedRaftLogWorker.java:lambda$new$0(132)) - 77615d81-8c11-45ee-8068-94d065800645-SegmentedRaftLogWorker:Storage Directory /workdir/hadoop-ozone/integration-test/target/test-dir/MiniOzoneClusterImpl-c88bbe07-05a9-423a-b0e1-c9ede35d500a/datanode-2/data/ratis/a8ea9b9d-4261-4fe2-a759-4a287a029878: flushIndex: setUnconditionally 0 -> -1
2019-08-28 15:36:36,262 [pool-439-thread-1] INFO  impl.RaftServerImpl (RaftServerImpl.java:start(180)) - 8ce85811-8d59-4bde-a42a-d73a8f8a1f6b: start group-4A287A029878
2019-08-28 15:36:36,262 [pool-461-thread-1] INFO  server.RaftServerConfigKeys (ConfUtils.java:logGet(43)) - raft.server.snapshot.auto.trigger.enabled = true (custom)
2019-08-28 15:36:36,262 [pool-450-thread-1] INFO  server.RaftServerConfigKeys (ConfUtils.java:logGet(43)) - raft.server.log.statemachine.data.sync = true (default)
2019-08-28 15:36:36,263 [pool-461-thread-1] INFO  server.RaftServerConfigKeys (ConfUtils.java:logGet(43)) - raft.server.snapshot.auto.trigger.threshold = 10000 (custom)
2019-08-28 15:36:36,262 [pool-439-thread-1] INFO  impl.RaftServerImpl (RaftServerImpl.java:setRole(171)) - 8ce85811-8d59-4bde-a42a-d73a8f8a1f6b:group-4A287A029878 changes role from null to FOLLOWER at term 0 for startAsFollower
2019-08-28 15:36:36,263 [pool-461-thread-1] INFO  server.RaftServerConfigKeys (ConfUtils.java:logGet(43)) - raft.server.retrycache.expirytime = 600000ms (custom)
2019-08-28 15:36:36,263 [pool-450-thread-1] INFO  server.RaftServerConfigKeys (ConfUtils.java:logGet(43)) - raft.server.log.statemachine.data.sync.timeout = 10s (default)
2019-08-28 15:36:36,263 [pool-461-thread-1] INFO  impl.RaftServerImpl (RaftServerImpl.java:start(180)) - 77615d81-8c11-45ee-8068-94d065800645: start group-4A287A029878
2019-08-28 15:36:36,263 [pool-439-thread-1] INFO  impl.RoleInfo (RoleInfo.java:updateAndGet(143)) - 8ce85811-8d59-4bde-a42a-d73a8f8a1f6b: start FollowerState
2019-08-28 15:36:36,263 [pool-461-thread-1] INFO  impl.RaftServerImpl (RaftServerImpl.java:setRole(171)) - 77615d81-8c11-45ee-8068-94d065800645:group-4A287A029878 changes role from null to FOLLOWER at term 0 for startAsFollower
2019-08-28 15:36:36,263 [pool-450-thread-1] INFO  server.RaftServerConfigKeys (ConfUtils.java:logGet(43)) - raft.server.log.statemachine.data.sync.timeout.retry = -1 (default)
2019-08-28 15:36:36,263 [pool-461-thread-1] INFO  impl.RoleInfo (RoleInfo.java:updateAndGet(143)) - 77615d81-8c11-45ee-8068-94d065800645: start FollowerState
2019-08-28 15:36:36,264 [pool-450-thread-1] INFO  server.RaftServerConfigKeys (ConfUtils.java:logGet(43)) - raft.server.log.statemachine.data.caching.enabled = true (custom)
2019-08-28 15:36:36,274 [pool-439-thread-1] INFO  util.JmxRegister (JmxRegister.java:tryRegister(44)) - Successfully registered JMX Bean with object name Ratis:service=RaftServer,group=group-4A287A029878,id=8ce85811-8d59-4bde-a42a-d73a8f8a1f6b
2019-08-28 15:36:36,274 [pool-461-thread-1] INFO  util.JmxRegister (JmxRegister.java:tryRegister(44)) - Successfully registered JMX Bean with object name Ratis:service=RaftServer,group=group-4A287A029878,id=77615d81-8c11-45ee-8068-94d065800645
2019-08-28 15:36:36,274 [pool-450-thread-1] INFO  segmented.SegmentedRaftLogWorker (SegmentedRaftLogWorker.java:lambda$new$0(132)) - 89ea525c-b884-4c8a-a58d-0993f9152014-SegmentedRaftLogWorker:Storage Directory /workdir/hadoop-ozone/integration-test/target/test-dir/MiniOzoneClusterImpl-c88bbe07-05a9-423a-b0e1-c9ede35d500a/datanode-1/data/ratis/a8ea9b9d-4261-4fe2-a759-4a287a029878: flushIndex: setUnconditionally 0 -> -1
2019-08-28 15:36:36,275 [pool-450-thread-1] INFO  server.RaftServerConfigKeys (ConfUtils.java:logGet(43)) - raft.server.snapshot.auto.trigger.enabled = true (custom)
2019-08-28 15:36:36,282 [pool-450-thread-1] INFO  server.RaftServerConfigKeys (ConfUtils.java:logGet(43)) - raft.server.snapshot.auto.trigger.threshold = 10000 (custom)
2019-08-28 15:36:36,283 [pool-450-thread-1] INFO  server.RaftServerConfigKeys (ConfUtils.java:logGet(43)) - raft.server.retrycache.expirytime = 600000ms (custom)
2019-08-28 15:36:36,283 [pool-450-thread-1] INFO  impl.RaftServerImpl (RaftServerImpl.java:start(180)) - 89ea525c-b884-4c8a-a58d-0993f9152014: start group-4A287A029878
2019-08-28 15:36:36,283 [pool-450-thread-1] INFO  impl.RaftServerImpl (RaftServerImpl.java:setRole(171)) - 89ea525c-b884-4c8a-a58d-0993f9152014:group-4A287A029878 changes role from null to FOLLOWER at term 0 for startAsFollower
2019-08-28 15:36:36,283 [pool-450-thread-1] INFO  impl.RoleInfo (RoleInfo.java:updateAndGet(143)) - 89ea525c-b884-4c8a-a58d-0993f9152014: start FollowerState
2019-08-28 15:36:36,284 [pool-450-thread-1] INFO  util.JmxRegister (JmxRegister.java:tryRegister(44)) - Successfully registered JMX Bean with object name Ratis:service=RaftServer,group=group-4A287A029878,id=89ea525c-b884-4c8a-a58d-0993f9152014
2019-08-28 15:36:36,286 [RatisPipelineUtilsThread] INFO  pipeline.PipelineStateManager (PipelineStateManager.java:addPipeline(56)) - Created pipeline Pipeline[ Id: a8ea9b9d-4261-4fe2-a759-4a287a029878, Nodes: 77615d81-8c11-45ee-8068-94d065800645{ip: 192.168.157.202, host: pr-hdds-1942-2xrcm-801159095, networkLocation: /default-rack, certSerialId: null}89ea525c-b884-4c8a-a58d-0993f9152014{ip: 192.168.157.202, host: pr-hdds-1942-2xrcm-801159095, networkLocation: /default-rack, certSerialId: null}8ce85811-8d59-4bde-a42a-d73a8f8a1f6b{ip: 192.168.157.202, host: pr-hdds-1942-2xrcm-801159095, networkLocation: /default-rack, certSerialId: null}, Type:RATIS, Factor:THREE, State:OPEN]
2019-08-28 15:36:36,343 [IPC Server handler 17 on 43555] INFO  net.NetworkTopology (NetworkTopologyImpl.java:add(110)) - Added a new node: /default-rack/8ac6e4a2-e0c1-4238-9a47-28cd0ac1a81a
2019-08-28 15:36:36,343 [IPC Server handler 17 on 43555] INFO  node.SCMNodeManager (SCMNodeManager.java:register(273)) - Registered Data node : 8ac6e4a2-e0c1-4238-9a47-28cd0ac1a81a{ip: 192.168.157.202, host: pr-hdds-1942-2xrcm-801159095, networkLocation: /default-rack, certSerialId: null}
2019-08-28 15:36:36,344 | INFO  | SCMAudit | user=jenkins1000 | ip=192.168.157.202 | op=REGISTER {datanodeDetails=8ac6e4a2-e0c1-4238-9a47-28cd0ac1a81a{ip: 192.168.157.202, host: pr-hdds-1942-2xrcm-801159095, networkLocation: /default-rack, certSerialId: null}} | ret=SUCCESS |  
2019-08-28 15:36:36,351 [grpc-default-executor-11] INFO  impl.RaftServerProxy (RaftServerProxy.java:addNew(89)) - 8ac6e4a2-e0c1-4238-9a47-28cd0ac1a81a: addNew group-26CC69C6C5B0:[8ac6e4a2-e0c1-4238-9a47-28cd0ac1a81a:192.168.157.202:41886] returns group-26CC69C6C5B0:java.util.concurrent.CompletableFuture@3bd07ab6[Not completed]
2019-08-28 15:36:36,352 [pool-472-thread-1] INFO  impl.RaftServerImpl (RaftServerImpl.java:<init>(93)) - 8ac6e4a2-e0c1-4238-9a47-28cd0ac1a81a: new RaftServerImpl for group-26CC69C6C5B0:[8ac6e4a2-e0c1-4238-9a47-28cd0ac1a81a:192.168.157.202:41886] with ContainerStateMachine:uninitialized
2019-08-28 15:36:36,353 [pool-472-thread-1] INFO  server.RaftServerConfigKeys (ConfUtils.java:logGet(43)) - raft.server.rpc.timeout.min = 5s (custom)
2019-08-28 15:36:36,353 [pool-472-thread-1] INFO  server.RaftServerConfigKeys (ConfUtils.java:logGet(43)) - raft.server.rpc.timeout.max = 5200ms (custom)
2019-08-28 15:36:36,353 [pool-472-thread-1] INFO  server.RaftServerConfigKeys (ConfUtils.java:logGet(43)) - raft.server.rpcslowness.timeout = 120s (custom)
2019-08-28 15:36:36,353 [pool-472-thread-1] INFO  server.RaftServerConfigKeys (ConfUtils.java:logGet(43)) - raft.server.sleep.deviation.threshold = 300 (default)
2019-08-28 15:36:36,353 [pool-472-thread-1] INFO  server.RaftServerConfigKeys (ConfUtils.java:logGet(43)) - raft.server.log.appender.install.snapshot.enabled = false (custom)
2019-08-28 15:36:36,353 [pool-472-thread-1] INFO  impl.RaftServerImpl (ServerState.java:<init>(105)) - 8ac6e4a2-e0c1-4238-9a47-28cd0ac1a81a:group-26CC69C6C5B0 ConfigurationManager, init=-1: [8ac6e4a2-e0c1-4238-9a47-28cd0ac1a81a:192.168.157.202:41886], old=null, confs=<EMPTY_MAP>
2019-08-28 15:36:36,353 [pool-472-thread-1] INFO  server.RaftServerConfigKeys (ConfUtils.java:logGet(43)) - raft.server.storage.dir = [/workdir/hadoop-ozone/integration-test/target/test-dir/MiniOzoneClusterImpl-c88bbe07-05a9-423a-b0e1-c9ede35d500a/datanode-3/data/ratis] (custom)
2019-08-28 15:36:36,354 [pool-472-thread-1] INFO  storage.RaftStorageDirectory (RaftStorageDirectory.java:analyzeStorage(246)) - The storage directory /workdir/hadoop-ozone/integration-test/target/test-dir/MiniOzoneClusterImpl-c88bbe07-05a9-423a-b0e1-c9ede35d500a/datanode-3/data/ratis/e4197fe8-e5e5-4776-8ef6-26cc69c6c5b0 does not exist. Creating ...
2019-08-28 15:36:36,367 [pool-472-thread-1] INFO  storage.RaftStorageDirectory (RaftStorageDirectory.java:tryLock(328)) - Lock on /workdir/hadoop-ozone/integration-test/target/test-dir/MiniOzoneClusterImpl-c88bbe07-05a9-423a-b0e1-c9ede35d500a/datanode-3/data/ratis/e4197fe8-e5e5-4776-8ef6-26cc69c6c5b0/in_use.lock acquired by nodename 4857@pr-hdds-1942-2xrcm-801159095
2019-08-28 15:36:36,381 [pool-472-thread-1] INFO  storage.RaftStorage (RaftStorage.java:format(72)) - Storage directory /workdir/hadoop-ozone/integration-test/target/test-dir/MiniOzoneClusterImpl-c88bbe07-05a9-423a-b0e1-c9ede35d500a/datanode-3/data/ratis/e4197fe8-e5e5-4776-8ef6-26cc69c6c5b0 has been successfully formatted.
2019-08-28 15:36:36,381 [pool-472-thread-1] INFO  ratis.ContainerStateMachine (ContainerStateMachine.java:loadSnapshot(226)) - group-26CC69C6C5B0: The snapshot info is null. Setting the last applied indexto:(t:0, i:~)
2019-08-28 15:36:36,381 [pool-472-thread-1] INFO  server.RaftServerConfigKeys (ConfUtils.java:logGet(43)) - raft.server.leader.election.timeout = 120s (custom)
2019-08-28 15:36:36,381 [pool-472-thread-1] INFO  server.RaftServerConfigKeys (ConfUtils.java:logGet(43)) - raft.server.log.use.memory = false (default)
2019-08-28 15:36:36,382 [pool-472-thread-1] INFO  server.RaftServerConfigKeys (ConfUtils.java:logGet(43)) - raft.server.log.purge.gap = 1000000 (custom)
2019-08-28 15:36:36,382 [pool-472-thread-1] INFO  server.RaftServerConfigKeys (ConfUtils.java:logGet(43)) - raft.server.log.appender.buffer.byte-limit = 33554432 (custom)
2019-08-28 15:36:36,382 [pool-472-thread-1] INFO  server.RaftServerConfigKeys (ConfUtils.java:logGet(43)) - raft.server.log.segment.size.max = 1048576 (custom)
2019-08-28 15:36:36,382 [pool-472-thread-1] INFO  server.RaftServerConfigKeys (ConfUtils.java:logGet(43)) - raft.server.log.segment.cache.num.max = 2 (custom)
2019-08-28 15:36:36,382 [pool-472-thread-1] INFO  segmented.SegmentedRaftLogWorker (SegmentedRaftLogWorker.java:<init>(172)) - new 8ac6e4a2-e0c1-4238-9a47-28cd0ac1a81a-SegmentedRaftLogWorker:Storage Directory /workdir/hadoop-ozone/integration-test/target/test-dir/MiniOzoneClusterImpl-c88bbe07-05a9-423a-b0e1-c9ede35d500a/datanode-3/data/ratis/e4197fe8-e5e5-4776-8ef6-26cc69c6c5b0 for RaftStorage:Storage Directory /workdir/hadoop-ozone/integration-test/target/test-dir/MiniOzoneClusterImpl-c88bbe07-05a9-423a-b0e1-c9ede35d500a/datanode-3/data/ratis/e4197fe8-e5e5-4776-8ef6-26cc69c6c5b0
2019-08-28 15:36:36,383 [pool-472-thread-1] INFO  server.RaftServerConfigKeys (ConfUtils.java:logGet(43)) - raft.server.log.queue.byte-limit = 2147483647 (custom)
2019-08-28 15:36:36,383 [pool-472-thread-1] INFO  server.RaftServerConfigKeys (ConfUtils.java:logGet(43)) - raft.server.log.queue.element-limit = 1024 (custom)
2019-08-28 15:36:36,383 [pool-472-thread-1] INFO  server.RaftServerConfigKeys (ConfUtils.java:logGet(43)) - raft.server.log.segment.size.max = 1048576 (custom)
2019-08-28 15:36:36,383 [pool-472-thread-1] INFO  server.RaftServerConfigKeys (ConfUtils.java:logGet(43)) - raft.server.log.preallocated.size = 16384 (custom)
2019-08-28 15:36:36,383 [pool-472-thread-1] INFO  server.RaftServerConfigKeys (ConfUtils.java:logGet(43)) - raft.server.log.write.buffer.size = 33554432 (custom)
2019-08-28 15:36:36,383 [pool-472-thread-1] INFO  server.RaftServerConfigKeys (ConfUtils.java:logGet(43)) - raft.server.log.force.sync.num = 128 (default)
2019-08-28 15:36:36,384 [pool-472-thread-1] INFO  server.RaftServerConfigKeys (ConfUtils.java:logGet(43)) - raft.server.log.statemachine.data.sync = true (default)
2019-08-28 15:36:36,384 [pool-472-thread-1] INFO  server.RaftServerConfigKeys (ConfUtils.java:logGet(43)) - raft.server.log.statemachine.data.sync.timeout = 10s (default)
2019-08-28 15:36:36,384 [pool-472-thread-1] INFO  server.RaftServerConfigKeys (ConfUtils.java:logGet(43)) - raft.server.log.statemachine.data.sync.timeout.retry = -1 (default)
2019-08-28 15:36:36,384 [pool-472-thread-1] INFO  server.RaftServerConfigKeys (ConfUtils.java:logGet(43)) - raft.server.log.statemachine.data.caching.enabled = true (custom)
2019-08-28 15:36:36,385 [pool-472-thread-1] INFO  segmented.SegmentedRaftLogWorker (SegmentedRaftLogWorker.java:lambda$new$0(132)) - 8ac6e4a2-e0c1-4238-9a47-28cd0ac1a81a-SegmentedRaftLogWorker:Storage Directory /workdir/hadoop-ozone/integration-test/target/test-dir/MiniOzoneClusterImpl-c88bbe07-05a9-423a-b0e1-c9ede35d500a/datanode-3/data/ratis/e4197fe8-e5e5-4776-8ef6-26cc69c6c5b0: flushIndex: setUnconditionally 0 -> -1
2019-08-28 15:36:36,385 [pool-472-thread-1] INFO  server.RaftServerConfigKeys (ConfUtils.java:logGet(43)) - raft.server.snapshot.auto.trigger.enabled = true (custom)
2019-08-28 15:36:36,385 [pool-472-thread-1] INFO  server.RaftServerConfigKeys (ConfUtils.java:logGet(43)) - raft.server.snapshot.auto.trigger.threshold = 10000 (custom)
2019-08-28 15:36:36,385 [pool-472-thread-1] INFO  server.RaftServerConfigKeys (ConfUtils.java:logGet(43)) - raft.server.retrycache.expirytime = 600000ms (custom)
2019-08-28 15:36:36,385 [pool-472-thread-1] INFO  impl.RaftServerImpl (RaftServerImpl.java:start(180)) - 8ac6e4a2-e0c1-4238-9a47-28cd0ac1a81a: start group-26CC69C6C5B0
2019-08-28 15:36:36,386 [pool-472-thread-1] INFO  impl.RaftServerImpl (RaftServerImpl.java:setRole(171)) - 8ac6e4a2-e0c1-4238-9a47-28cd0ac1a81a:group-26CC69C6C5B0 changes role from null to FOLLOWER at term 0 for startAsFollower
2019-08-28 15:36:36,386 [pool-472-thread-1] INFO  impl.RoleInfo (RoleInfo.java:updateAndGet(143)) - 8ac6e4a2-e0c1-4238-9a47-28cd0ac1a81a: start FollowerState
2019-08-28 15:36:36,386 [pool-472-thread-1] INFO  util.JmxRegister (JmxRegister.java:tryRegister(44)) - Successfully registered JMX Bean with object name Ratis:service=RaftServer,group=group-26CC69C6C5B0,id=8ac6e4a2-e0c1-4238-9a47-28cd0ac1a81a
2019-08-28 15:36:36,388 [RatisPipelineUtilsThread] INFO  pipeline.PipelineStateManager (PipelineStateManager.java:addPipeline(56)) - Created pipeline Pipeline[ Id: e4197fe8-e5e5-4776-8ef6-26cc69c6c5b0, Nodes: 8ac6e4a2-e0c1-4238-9a47-28cd0ac1a81a{ip: 192.168.157.202, host: pr-hdds-1942-2xrcm-801159095, networkLocation: /default-rack, certSerialId: null}, Type:RATIS, Factor:ONE, State:OPEN]
2019-08-28 15:36:36,518 [IPC Server handler 16 on 43555] INFO  net.NetworkTopology (NetworkTopologyImpl.java:add(110)) - Added a new node: /default-rack/2e3ab009-6d3b-4f9c-9baf-460c800051cc
2019-08-28 15:36:36,518 [IPC Server handler 16 on 43555] INFO  node.SCMNodeManager (SCMNodeManager.java:register(273)) - Registered Data node : 2e3ab009-6d3b-4f9c-9baf-460c800051cc{ip: 192.168.157.202, host: pr-hdds-1942-2xrcm-801159095, networkLocation: /default-rack, certSerialId: null}
2019-08-28 15:36:36,521 | INFO  | SCMAudit | user=jenkins1000 | ip=192.168.157.202 | op=REGISTER {datanodeDetails=2e3ab009-6d3b-4f9c-9baf-460c800051cc{ip: 192.168.157.202, host: pr-hdds-1942-2xrcm-801159095, networkLocation: /default-rack, certSerialId: null}} | ret=SUCCESS |  
2019-08-28 15:36:36,529 [grpc-default-executor-11] INFO  impl.RaftServerProxy (RaftServerProxy.java:addNew(89)) - 2e3ab009-6d3b-4f9c-9baf-460c800051cc: addNew group-042B870DCD5A:[2e3ab009-6d3b-4f9c-9baf-460c800051cc:192.168.157.202:32848] returns group-042B870DCD5A:java.util.concurrent.CompletableFuture@6b801634[Not completed]
2019-08-28 15:36:36,530 [pool-483-thread-1] INFO  impl.RaftServerImpl (RaftServerImpl.java:<init>(93)) - 2e3ab009-6d3b-4f9c-9baf-460c800051cc: new RaftServerImpl for group-042B870DCD5A:[2e3ab009-6d3b-4f9c-9baf-460c800051cc:192.168.157.202:32848] with ContainerStateMachine:uninitialized
2019-08-28 15:36:36,531 [pool-483-thread-1] INFO  server.RaftServerConfigKeys (ConfUtils.java:logGet(43)) - raft.server.rpc.timeout.min = 5s (custom)
2019-08-28 15:36:36,531 [pool-483-thread-1] INFO  server.RaftServerConfigKeys (ConfUtils.java:logGet(43)) - raft.server.rpc.timeout.max = 5200ms (custom)
2019-08-28 15:36:36,531 [pool-483-thread-1] INFO  server.RaftServerConfigKeys (ConfUtils.java:logGet(43)) - raft.server.rpcslowness.timeout = 120s (custom)
2019-08-28 15:36:36,531 [pool-483-thread-1] INFO  server.RaftServerConfigKeys (ConfUtils.java:logGet(43)) - raft.server.sleep.deviation.threshold = 300 (default)
2019-08-28 15:36:36,531 [pool-483-thread-1] INFO  server.RaftServerConfigKeys (ConfUtils.java:logGet(43)) - raft.server.log.appender.install.snapshot.enabled = false (custom)
2019-08-28 15:36:36,531 [pool-483-thread-1] INFO  impl.RaftServerImpl (ServerState.java:<init>(105)) - 2e3ab009-6d3b-4f9c-9baf-460c800051cc:group-042B870DCD5A ConfigurationManager, init=-1: [2e3ab009-6d3b-4f9c-9baf-460c800051cc:192.168.157.202:32848], old=null, confs=<EMPTY_MAP>
2019-08-28 15:36:36,532 [pool-483-thread-1] INFO  server.RaftServerConfigKeys (ConfUtils.java:logGet(43)) - raft.server.storage.dir = [/workdir/hadoop-ozone/integration-test/target/test-dir/MiniOzoneClusterImpl-c88bbe07-05a9-423a-b0e1-c9ede35d500a/datanode-4/data/ratis] (custom)
2019-08-28 15:36:36,532 [pool-483-thread-1] INFO  storage.RaftStorageDirectory (RaftStorageDirectory.java:analyzeStorage(246)) - The storage directory /workdir/hadoop-ozone/integration-test/target/test-dir/MiniOzoneClusterImpl-c88bbe07-05a9-423a-b0e1-c9ede35d500a/datanode-4/data/ratis/1013fc3b-f712-413e-a972-042b870dcd5a does not exist. Creating ...
2019-08-28 15:36:36,545 [pool-483-thread-1] INFO  storage.RaftStorageDirectory (RaftStorageDirectory.java:tryLock(328)) - Lock on /workdir/hadoop-ozone/integration-test/target/test-dir/MiniOzoneClusterImpl-c88bbe07-05a9-423a-b0e1-c9ede35d500a/datanode-4/data/ratis/1013fc3b-f712-413e-a972-042b870dcd5a/in_use.lock acquired by nodename 4857@pr-hdds-1942-2xrcm-801159095
2019-08-28 15:36:36,559 [pool-483-thread-1] INFO  storage.RaftStorage (RaftStorage.java:format(72)) - Storage directory /workdir/hadoop-ozone/integration-test/target/test-dir/MiniOzoneClusterImpl-c88bbe07-05a9-423a-b0e1-c9ede35d500a/datanode-4/data/ratis/1013fc3b-f712-413e-a972-042b870dcd5a has been successfully formatted.
2019-08-28 15:36:36,559 [pool-483-thread-1] INFO  ratis.ContainerStateMachine (ContainerStateMachine.java:loadSnapshot(226)) - group-042B870DCD5A: The snapshot info is null. Setting the last applied indexto:(t:0, i:~)
2019-08-28 15:36:36,559 [pool-483-thread-1] INFO  server.RaftServerConfigKeys (ConfUtils.java:logGet(43)) - raft.server.leader.election.timeout = 120s (custom)
2019-08-28 15:36:36,560 [pool-483-thread-1] INFO  server.RaftServerConfigKeys (ConfUtils.java:logGet(43)) - raft.server.log.use.memory = false (default)
2019-08-28 15:36:36,560 [pool-483-thread-1] INFO  server.RaftServerConfigKeys (ConfUtils.java:logGet(43)) - raft.server.log.purge.gap = 1000000 (custom)
2019-08-28 15:36:36,560 [pool-483-thread-1] INFO  server.RaftServerConfigKeys (ConfUtils.java:logGet(43)) - raft.server.log.appender.buffer.byte-limit = 33554432 (custom)
2019-08-28 15:36:36,560 [pool-483-thread-1] INFO  server.RaftServerConfigKeys (ConfUtils.java:logGet(43)) - raft.server.log.segment.size.max = 1048576 (custom)
2019-08-28 15:36:36,560 [pool-483-thread-1] INFO  server.RaftServerConfigKeys (ConfUtils.java:logGet(43)) - raft.server.log.segment.cache.num.max = 2 (custom)
2019-08-28 15:36:36,560 [pool-483-thread-1] INFO  segmented.SegmentedRaftLogWorker (SegmentedRaftLogWorker.java:<init>(172)) - new 2e3ab009-6d3b-4f9c-9baf-460c800051cc-SegmentedRaftLogWorker:Storage Directory /workdir/hadoop-ozone/integration-test/target/test-dir/MiniOzoneClusterImpl-c88bbe07-05a9-423a-b0e1-c9ede35d500a/datanode-4/data/ratis/1013fc3b-f712-413e-a972-042b870dcd5a for RaftStorage:Storage Directory /workdir/hadoop-ozone/integration-test/target/test-dir/MiniOzoneClusterImpl-c88bbe07-05a9-423a-b0e1-c9ede35d500a/datanode-4/data/ratis/1013fc3b-f712-413e-a972-042b870dcd5a
2019-08-28 15:36:36,561 [pool-483-thread-1] INFO  server.RaftServerConfigKeys (ConfUtils.java:logGet(43)) - raft.server.log.queue.byte-limit = 2147483647 (custom)
2019-08-28 15:36:36,561 [pool-483-thread-1] INFO  server.RaftServerConfigKeys (ConfUtils.java:logGet(43)) - raft.server.log.queue.element-limit = 1024 (custom)
2019-08-28 15:36:36,561 [pool-483-thread-1] INFO  server.RaftServerConfigKeys (ConfUtils.java:logGet(43)) - raft.server.log.segment.size.max = 1048576 (custom)
2019-08-28 15:36:36,561 [pool-483-thread-1] INFO  server.RaftServerConfigKeys (ConfUtils.java:logGet(43)) - raft.server.log.preallocated.size = 16384 (custom)
2019-08-28 15:36:36,561 [pool-483-thread-1] INFO  server.RaftServerConfigKeys (ConfUtils.java:logGet(43)) - raft.server.log.write.buffer.size = 33554432 (custom)
2019-08-28 15:36:36,561 [pool-483-thread-1] INFO  server.RaftServerConfigKeys (ConfUtils.java:logGet(43)) - raft.server.log.force.sync.num = 128 (default)
2019-08-28 15:36:36,561 [pool-483-thread-1] INFO  server.RaftServerConfigKeys (ConfUtils.java:logGet(43)) - raft.server.log.statemachine.data.sync = true (default)
2019-08-28 15:36:36,562 [pool-483-thread-1] INFO  server.RaftServerConfigKeys (ConfUtils.java:logGet(43)) - raft.server.log.statemachine.data.sync.timeout = 10s (default)
2019-08-28 15:36:36,562 [pool-483-thread-1] INFO  server.RaftServerConfigKeys (ConfUtils.java:logGet(43)) - raft.server.log.statemachine.data.sync.timeout.retry = -1 (default)
2019-08-28 15:36:36,562 [pool-483-thread-1] INFO  server.RaftServerConfigKeys (ConfUtils.java:logGet(43)) - raft.server.log.statemachine.data.caching.enabled = true (custom)
2019-08-28 15:36:36,562 [pool-483-thread-1] INFO  segmented.SegmentedRaftLogWorker (SegmentedRaftLogWorker.java:lambda$new$0(132)) - 2e3ab009-6d3b-4f9c-9baf-460c800051cc-SegmentedRaftLogWorker:Storage Directory /workdir/hadoop-ozone/integration-test/target/test-dir/MiniOzoneClusterImpl-c88bbe07-05a9-423a-b0e1-c9ede35d500a/datanode-4/data/ratis/1013fc3b-f712-413e-a972-042b870dcd5a: flushIndex: setUnconditionally 0 -> -1
2019-08-28 15:36:36,563 [pool-483-thread-1] INFO  server.RaftServerConfigKeys (ConfUtils.java:logGet(43)) - raft.server.snapshot.auto.trigger.enabled = true (custom)
2019-08-28 15:36:36,563 [pool-483-thread-1] INFO  server.RaftServerConfigKeys (ConfUtils.java:logGet(43)) - raft.server.snapshot.auto.trigger.threshold = 10000 (custom)
2019-08-28 15:36:36,563 [pool-483-thread-1] INFO  server.RaftServerConfigKeys (ConfUtils.java:logGet(43)) - raft.server.retrycache.expirytime = 600000ms (custom)
2019-08-28 15:36:36,563 [pool-483-thread-1] INFO  impl.RaftServerImpl (RaftServerImpl.java:start(180)) - 2e3ab009-6d3b-4f9c-9baf-460c800051cc: start group-042B870DCD5A
2019-08-28 15:36:36,563 [pool-483-thread-1] INFO  impl.RaftServerImpl (RaftServerImpl.java:setRole(171)) - 2e3ab009-6d3b-4f9c-9baf-460c800051cc:group-042B870DCD5A changes role from null to FOLLOWER at term 0 for startAsFollower
2019-08-28 15:36:36,564 [pool-483-thread-1] INFO  impl.RoleInfo (RoleInfo.java:updateAndGet(143)) - 2e3ab009-6d3b-4f9c-9baf-460c800051cc: start FollowerState
2019-08-28 15:36:36,564 [pool-483-thread-1] INFO  util.JmxRegister (JmxRegister.java:tryRegister(44)) - Successfully registered JMX Bean with object name Ratis:service=RaftServer,group=group-042B870DCD5A,id=2e3ab009-6d3b-4f9c-9baf-460c800051cc
2019-08-28 15:36:36,566 [RatisPipelineUtilsThread] INFO  pipeline.PipelineStateManager (PipelineStateManager.java:addPipeline(56)) - Created pipeline Pipeline[ Id: 1013fc3b-f712-413e-a972-042b870dcd5a, Nodes: 2e3ab009-6d3b-4f9c-9baf-460c800051cc{ip: 192.168.157.202, host: pr-hdds-1942-2xrcm-801159095, networkLocation: /default-rack, certSerialId: null}, Type:RATIS, Factor:ONE, State:OPEN]
2019-08-28 15:36:36,717 [IPC Server handler 15 on 43555] INFO  net.NetworkTopology (NetworkTopologyImpl.java:add(110)) - Added a new node: /default-rack/ad22b398-6137-4426-bbd7-ba2dd03ed0e3
2019-08-28 15:36:36,717 [IPC Server handler 15 on 43555] INFO  node.SCMNodeManager (SCMNodeManager.java:register(273)) - Registered Data node : ad22b398-6137-4426-bbd7-ba2dd03ed0e3{ip: 192.168.157.202, host: pr-hdds-1942-2xrcm-801159095, networkLocation: /default-rack, certSerialId: null}
2019-08-28 15:36:36,721 | INFO  | SCMAudit | user=jenkins1000 | ip=192.168.157.202 | op=REGISTER {datanodeDetails=ad22b398-6137-4426-bbd7-ba2dd03ed0e3{ip: 192.168.157.202, host: pr-hdds-1942-2xrcm-801159095, networkLocation: /default-rack, certSerialId: null}} | ret=SUCCESS |  
2019-08-28 15:36:36,728 [grpc-default-executor-11] INFO  impl.RaftServerProxy (RaftServerProxy.java:addNew(89)) - ad22b398-6137-4426-bbd7-ba2dd03ed0e3: addNew group-3608AA01CBEA:[ad22b398-6137-4426-bbd7-ba2dd03ed0e3:192.168.157.202:33086] returns group-3608AA01CBEA:java.util.concurrent.CompletableFuture@371425c3[Not completed]
2019-08-28 15:36:36,729 [pool-494-thread-1] INFO  impl.RaftServerImpl (RaftServerImpl.java:<init>(93)) - ad22b398-6137-4426-bbd7-ba2dd03ed0e3: new RaftServerImpl for group-3608AA01CBEA:[ad22b398-6137-4426-bbd7-ba2dd03ed0e3:192.168.157.202:33086] with ContainerStateMachine:uninitialized
2019-08-28 15:36:36,729 [pool-494-thread-1] INFO  server.RaftServerConfigKeys (ConfUtils.java:logGet(43)) - raft.server.rpc.timeout.min = 5s (custom)
2019-08-28 15:36:36,729 [pool-494-thread-1] INFO  server.RaftServerConfigKeys (ConfUtils.java:logGet(43)) - raft.server.rpc.timeout.max = 5200ms (custom)
2019-08-28 15:36:36,729 [pool-494-thread-1] INFO  server.RaftServerConfigKeys (ConfUtils.java:logGet(43)) - raft.server.rpcslowness.timeout = 120s (custom)
2019-08-28 15:36:36,729 [pool-494-thread-1] INFO  server.RaftServerConfigKeys (ConfUtils.java:logGet(43)) - raft.server.sleep.deviation.threshold = 300 (default)
2019-08-28 15:36:36,730 [pool-494-thread-1] INFO  server.RaftServerConfigKeys (ConfUtils.java:logGet(43)) - raft.server.log.appender.install.snapshot.enabled = false (custom)
2019-08-28 15:36:36,730 [pool-494-thread-1] INFO  impl.RaftServerImpl (ServerState.java:<init>(105)) - ad22b398-6137-4426-bbd7-ba2dd03ed0e3:group-3608AA01CBEA ConfigurationManager, init=-1: [ad22b398-6137-4426-bbd7-ba2dd03ed0e3:192.168.157.202:33086], old=null, confs=<EMPTY_MAP>
2019-08-28 15:36:36,730 [pool-494-thread-1] INFO  server.RaftServerConfigKeys (ConfUtils.java:logGet(43)) - raft.server.storage.dir = [/workdir/hadoop-ozone/integration-test/target/test-dir/MiniOzoneClusterImpl-c88bbe07-05a9-423a-b0e1-c9ede35d500a/datanode-5/data/ratis] (custom)
2019-08-28 15:36:36,730 [pool-494-thread-1] INFO  storage.RaftStorageDirectory (RaftStorageDirectory.java:analyzeStorage(246)) - The storage directory /workdir/hadoop-ozone/integration-test/target/test-dir/MiniOzoneClusterImpl-c88bbe07-05a9-423a-b0e1-c9ede35d500a/datanode-5/data/ratis/ecc1d381-f5f0-420f-99c9-3608aa01cbea does not exist. Creating ...
2019-08-28 15:36:36,744 [pool-494-thread-1] INFO  storage.RaftStorageDirectory (RaftStorageDirectory.java:tryLock(328)) - Lock on /workdir/hadoop-ozone/integration-test/target/test-dir/MiniOzoneClusterImpl-c88bbe07-05a9-423a-b0e1-c9ede35d500a/datanode-5/data/ratis/ecc1d381-f5f0-420f-99c9-3608aa01cbea/in_use.lock acquired by nodename 4857@pr-hdds-1942-2xrcm-801159095
2019-08-28 15:36:36,757 [pool-494-thread-1] INFO  storage.RaftStorage (RaftStorage.java:format(72)) - Storage directory /workdir/hadoop-ozone/integration-test/target/test-dir/MiniOzoneClusterImpl-c88bbe07-05a9-423a-b0e1-c9ede35d500a/datanode-5/data/ratis/ecc1d381-f5f0-420f-99c9-3608aa01cbea has been successfully formatted.
2019-08-28 15:36:36,757 [pool-494-thread-1] INFO  ratis.ContainerStateMachine (ContainerStateMachine.java:loadSnapshot(226)) - group-3608AA01CBEA: The snapshot info is null. Setting the last applied indexto:(t:0, i:~)
2019-08-28 15:36:36,757 [pool-494-thread-1] INFO  server.RaftServerConfigKeys (ConfUtils.java:logGet(43)) - raft.server.leader.election.timeout = 120s (custom)
2019-08-28 15:36:36,757 [pool-494-thread-1] INFO  server.RaftServerConfigKeys (ConfUtils.java:logGet(43)) - raft.server.log.use.memory = false (default)
2019-08-28 15:36:36,758 [pool-494-thread-1] INFO  server.RaftServerConfigKeys (ConfUtils.java:logGet(43)) - raft.server.log.purge.gap = 1000000 (custom)
2019-08-28 15:36:36,758 [pool-494-thread-1] INFO  server.RaftServerConfigKeys (ConfUtils.java:logGet(43)) - raft.server.log.appender.buffer.byte-limit = 33554432 (custom)
2019-08-28 15:36:36,758 [pool-494-thread-1] INFO  server.RaftServerConfigKeys (ConfUtils.java:logGet(43)) - raft.server.log.segment.size.max = 1048576 (custom)
2019-08-28 15:36:36,758 [pool-494-thread-1] INFO  server.RaftServerConfigKeys (ConfUtils.java:logGet(43)) - raft.server.log.segment.cache.num.max = 2 (custom)
2019-08-28 15:36:36,758 [pool-494-thread-1] INFO  segmented.SegmentedRaftLogWorker (SegmentedRaftLogWorker.java:<init>(172)) - new ad22b398-6137-4426-bbd7-ba2dd03ed0e3-SegmentedRaftLogWorker:Storage Directory /workdir/hadoop-ozone/integration-test/target/test-dir/MiniOzoneClusterImpl-c88bbe07-05a9-423a-b0e1-c9ede35d500a/datanode-5/data/ratis/ecc1d381-f5f0-420f-99c9-3608aa01cbea for RaftStorage:Storage Directory /workdir/hadoop-ozone/integration-test/target/test-dir/MiniOzoneClusterImpl-c88bbe07-05a9-423a-b0e1-c9ede35d500a/datanode-5/data/ratis/ecc1d381-f5f0-420f-99c9-3608aa01cbea
2019-08-28 15:36:36,758 [pool-494-thread-1] INFO  server.RaftServerConfigKeys (ConfUtils.java:logGet(43)) - raft.server.log.queue.byte-limit = 2147483647 (custom)
2019-08-28 15:36:36,758 [pool-494-thread-1] INFO  server.RaftServerConfigKeys (ConfUtils.java:logGet(43)) - raft.server.log.queue.element-limit = 1024 (custom)
2019-08-28 15:36:36,758 [pool-494-thread-1] INFO  server.RaftServerConfigKeys (ConfUtils.java:logGet(43)) - raft.server.log.segment.size.max = 1048576 (custom)
2019-08-28 15:36:36,758 [pool-494-thread-1] INFO  server.RaftServerConfigKeys (ConfUtils.java:logGet(43)) - raft.server.log.preallocated.size = 16384 (custom)
2019-08-28 15:36:36,759 [pool-494-thread-1] INFO  server.RaftServerConfigKeys (ConfUtils.java:logGet(43)) - raft.server.log.write.buffer.size = 33554432 (custom)
2019-08-28 15:36:36,759 [pool-494-thread-1] INFO  server.RaftServerConfigKeys (ConfUtils.java:logGet(43)) - raft.server.log.force.sync.num = 128 (default)
2019-08-28 15:36:36,759 [pool-494-thread-1] INFO  server.RaftServerConfigKeys (ConfUtils.java:logGet(43)) - raft.server.log.statemachine.data.sync = true (default)
2019-08-28 15:36:36,759 [pool-494-thread-1] INFO  server.RaftServerConfigKeys (ConfUtils.java:logGet(43)) - raft.server.log.statemachine.data.sync.timeout = 10s (default)
2019-08-28 15:36:36,759 [pool-494-thread-1] INFO  server.RaftServerConfigKeys (ConfUtils.java:logGet(43)) - raft.server.log.statemachine.data.sync.timeout.retry = -1 (default)
2019-08-28 15:36:36,759 [pool-494-thread-1] INFO  server.RaftServerConfigKeys (ConfUtils.java:logGet(43)) - raft.server.log.statemachine.data.caching.enabled = true (custom)
2019-08-28 15:36:36,759 [pool-494-thread-1] INFO  segmented.SegmentedRaftLogWorker (SegmentedRaftLogWorker.java:lambda$new$0(132)) - ad22b398-6137-4426-bbd7-ba2dd03ed0e3-SegmentedRaftLogWorker:Storage Directory /workdir/hadoop-ozone/integration-test/target/test-dir/MiniOzoneClusterImpl-c88bbe07-05a9-423a-b0e1-c9ede35d500a/datanode-5/data/ratis/ecc1d381-f5f0-420f-99c9-3608aa01cbea: flushIndex: setUnconditionally 0 -> -1
2019-08-28 15:36:36,760 [pool-494-thread-1] INFO  server.RaftServerConfigKeys (ConfUtils.java:logGet(43)) - raft.server.snapshot.auto.trigger.enabled = true (custom)
2019-08-28 15:36:36,760 [pool-494-thread-1] INFO  server.RaftServerConfigKeys (ConfUtils.java:logGet(43)) - raft.server.snapshot.auto.trigger.threshold = 10000 (custom)
2019-08-28 15:36:36,760 [pool-494-thread-1] INFO  server.RaftServerConfigKeys (ConfUtils.java:logGet(43)) - raft.server.retrycache.expirytime = 600000ms (custom)
2019-08-28 15:36:36,760 [pool-494-thread-1] INFO  impl.RaftServerImpl (RaftServerImpl.java:start(180)) - ad22b398-6137-4426-bbd7-ba2dd03ed0e3: start group-3608AA01CBEA
2019-08-28 15:36:36,760 [pool-494-thread-1] INFO  impl.RaftServerImpl (RaftServerImpl.java:setRole(171)) - ad22b398-6137-4426-bbd7-ba2dd03ed0e3:group-3608AA01CBEA changes role from null to FOLLOWER at term 0 for startAsFollower
2019-08-28 15:36:36,760 [pool-494-thread-1] INFO  impl.RoleInfo (RoleInfo.java:updateAndGet(143)) - ad22b398-6137-4426-bbd7-ba2dd03ed0e3: start FollowerState
2019-08-28 15:36:36,760 [pool-494-thread-1] INFO  util.JmxRegister (JmxRegister.java:tryRegister(44)) - Successfully registered JMX Bean with object name Ratis:service=RaftServer,group=group-3608AA01CBEA,id=ad22b398-6137-4426-bbd7-ba2dd03ed0e3
2019-08-28 15:36:36,762 [RatisPipelineUtilsThread] INFO  pipeline.PipelineStateManager (PipelineStateManager.java:addPipeline(56)) - Created pipeline Pipeline[ Id: ecc1d381-f5f0-420f-99c9-3608aa01cbea, Nodes: ad22b398-6137-4426-bbd7-ba2dd03ed0e3{ip: 192.168.157.202, host: pr-hdds-1942-2xrcm-801159095, networkLocation: /default-rack, certSerialId: null}, Type:RATIS, Factor:ONE, State:OPEN]
2019-08-28 15:36:36,776 [grpc-default-executor-10] INFO  impl.RaftServerProxy (RaftServerProxy.java:addNew(89)) - 2e3ab009-6d3b-4f9c-9baf-460c800051cc: addNew group-3831347F2B07:[8ac6e4a2-e0c1-4238-9a47-28cd0ac1a81a:192.168.157.202:41886, 2e3ab009-6d3b-4f9c-9baf-460c800051cc:192.168.157.202:32848, ad22b398-6137-4426-bbd7-ba2dd03ed0e3:192.168.157.202:33086] returns group-3831347F2B07:java.util.concurrent.CompletableFuture@3d1f5634[Not completed]
2019-08-28 15:36:36,776 [grpc-default-executor-8] INFO  impl.RaftServerProxy (RaftServerProxy.java:addNew(89)) - 8ac6e4a2-e0c1-4238-9a47-28cd0ac1a81a: addNew group-3831347F2B07:[8ac6e4a2-e0c1-4238-9a47-28cd0ac1a81a:192.168.157.202:41886, 2e3ab009-6d3b-4f9c-9baf-460c800051cc:192.168.157.202:32848, ad22b398-6137-4426-bbd7-ba2dd03ed0e3:192.168.157.202:33086] returns group-3831347F2B07:java.util.concurrent.CompletableFuture@26c2c128[Not completed]
2019-08-28 15:36:36,776 [grpc-default-executor-11] INFO  impl.RaftServerProxy (RaftServerProxy.java:addNew(89)) - ad22b398-6137-4426-bbd7-ba2dd03ed0e3: addNew group-3831347F2B07:[8ac6e4a2-e0c1-4238-9a47-28cd0ac1a81a:192.168.157.202:41886, 2e3ab009-6d3b-4f9c-9baf-460c800051cc:192.168.157.202:32848, ad22b398-6137-4426-bbd7-ba2dd03ed0e3:192.168.157.202:33086] returns group-3831347F2B07:java.util.concurrent.CompletableFuture@61efa706[Not completed]
2019-08-28 15:36:36,777 [pool-483-thread-1] INFO  impl.RaftServerImpl (RaftServerImpl.java:<init>(93)) - 2e3ab009-6d3b-4f9c-9baf-460c800051cc: new RaftServerImpl for group-3831347F2B07:[8ac6e4a2-e0c1-4238-9a47-28cd0ac1a81a:192.168.157.202:41886, 2e3ab009-6d3b-4f9c-9baf-460c800051cc:192.168.157.202:32848, ad22b398-6137-4426-bbd7-ba2dd03ed0e3:192.168.157.202:33086] with ContainerStateMachine:uninitialized
2019-08-28 15:36:36,777 [pool-483-thread-1] INFO  server.RaftServerConfigKeys (ConfUtils.java:logGet(43)) - raft.server.rpc.timeout.min = 5s (custom)
2019-08-28 15:36:36,777 [pool-483-thread-1] INFO  server.RaftServerConfigKeys (ConfUtils.java:logGet(43)) - raft.server.rpc.timeout.max = 5200ms (custom)
2019-08-28 15:36:36,778 [pool-483-thread-1] INFO  server.RaftServerConfigKeys (ConfUtils.java:logGet(43)) - raft.server.rpcslowness.timeout = 120s (custom)
2019-08-28 15:36:36,778 [pool-483-thread-1] INFO  server.RaftServerConfigKeys (ConfUtils.java:logGet(43)) - raft.server.sleep.deviation.threshold = 300 (default)
2019-08-28 15:36:36,778 [pool-472-thread-1] INFO  impl.RaftServerImpl (RaftServerImpl.java:<init>(93)) - 8ac6e4a2-e0c1-4238-9a47-28cd0ac1a81a: new RaftServerImpl for group-3831347F2B07:[8ac6e4a2-e0c1-4238-9a47-28cd0ac1a81a:192.168.157.202:41886, 2e3ab009-6d3b-4f9c-9baf-460c800051cc:192.168.157.202:32848, ad22b398-6137-4426-bbd7-ba2dd03ed0e3:192.168.157.202:33086] with ContainerStateMachine:uninitialized
2019-08-28 15:36:36,778 [pool-483-thread-1] INFO  server.RaftServerConfigKeys (ConfUtils.java:logGet(43)) - raft.server.log.appender.install.snapshot.enabled = false (custom)
2019-08-28 15:36:36,778 [pool-494-thread-1] INFO  impl.RaftServerImpl (RaftServerImpl.java:<init>(93)) - ad22b398-6137-4426-bbd7-ba2dd03ed0e3: new RaftServerImpl for group-3831347F2B07:[8ac6e4a2-e0c1-4238-9a47-28cd0ac1a81a:192.168.157.202:41886, 2e3ab009-6d3b-4f9c-9baf-460c800051cc:192.168.157.202:32848, ad22b398-6137-4426-bbd7-ba2dd03ed0e3:192.168.157.202:33086] with ContainerStateMachine:uninitialized
2019-08-28 15:36:36,778 [pool-472-thread-1] INFO  server.RaftServerConfigKeys (ConfUtils.java:logGet(43)) - raft.server.rpc.timeout.min = 5s (custom)
2019-08-28 15:36:36,778 [pool-494-thread-1] INFO  server.RaftServerConfigKeys (ConfUtils.java:logGet(43)) - raft.server.rpc.timeout.min = 5s (custom)
2019-08-28 15:36:36,778 [pool-483-thread-1] INFO  impl.RaftServerImpl (ServerState.java:<init>(105)) - 2e3ab009-6d3b-4f9c-9baf-460c800051cc:group-3831347F2B07 ConfigurationManager, init=-1: [8ac6e4a2-e0c1-4238-9a47-28cd0ac1a81a:192.168.157.202:41886, 2e3ab009-6d3b-4f9c-9baf-460c800051cc:192.168.157.202:32848, ad22b398-6137-4426-bbd7-ba2dd03ed0e3:192.168.157.202:33086], old=null, confs=<EMPTY_MAP>
2019-08-28 15:36:36,778 [pool-494-thread-1] INFO  server.RaftServerConfigKeys (ConfUtils.java:logGet(43)) - raft.server.rpc.timeout.max = 5200ms (custom)
2019-08-28 15:36:36,778 [pool-472-thread-1] INFO  server.RaftServerConfigKeys (ConfUtils.java:logGet(43)) - raft.server.rpc.timeout.max = 5200ms (custom)
2019-08-28 15:36:36,778 [pool-483-thread-1] INFO  server.RaftServerConfigKeys (ConfUtils.java:logGet(43)) - raft.server.storage.dir = [/workdir/hadoop-ozone/integration-test/target/test-dir/MiniOzoneClusterImpl-c88bbe07-05a9-423a-b0e1-c9ede35d500a/datanode-4/data/ratis] (custom)
2019-08-28 15:36:36,778 [pool-494-thread-1] INFO  server.RaftServerConfigKeys (ConfUtils.java:logGet(43)) - raft.server.rpcslowness.timeout = 120s (custom)
2019-08-28 15:36:36,779 [pool-472-thread-1] INFO  server.RaftServerConfigKeys (ConfUtils.java:logGet(43)) - raft.server.rpcslowness.timeout = 120s (custom)
2019-08-28 15:36:36,779 [pool-494-thread-1] INFO  server.RaftServerConfigKeys (ConfUtils.java:logGet(43)) - raft.server.sleep.deviation.threshold = 300 (default)
2019-08-28 15:36:36,779 [pool-472-thread-1] INFO  server.RaftServerConfigKeys (ConfUtils.java:logGet(43)) - raft.server.sleep.deviation.threshold = 300 (default)
2019-08-28 15:36:36,779 [pool-483-thread-1] INFO  storage.RaftStorageDirectory (RaftStorageDirectory.java:analyzeStorage(246)) - The storage directory /workdir/hadoop-ozone/integration-test/target/test-dir/MiniOzoneClusterImpl-c88bbe07-05a9-423a-b0e1-c9ede35d500a/datanode-4/data/ratis/c753a03f-b84d-4b6e-a65c-3831347f2b07 does not exist. Creating ...
2019-08-28 15:36:36,779 [pool-472-thread-1] INFO  server.RaftServerConfigKeys (ConfUtils.java:logGet(43)) - raft.server.log.appender.install.snapshot.enabled = false (custom)
2019-08-28 15:36:36,779 [pool-494-thread-1] INFO  server.RaftServerConfigKeys (ConfUtils.java:logGet(43)) - raft.server.log.appender.install.snapshot.enabled = false (custom)
2019-08-28 15:36:36,779 [pool-472-thread-1] INFO  impl.RaftServerImpl (ServerState.java:<init>(105)) - 8ac6e4a2-e0c1-4238-9a47-28cd0ac1a81a:group-3831347F2B07 ConfigurationManager, init=-1: [8ac6e4a2-e0c1-4238-9a47-28cd0ac1a81a:192.168.157.202:41886, 2e3ab009-6d3b-4f9c-9baf-460c800051cc:192.168.157.202:32848, ad22b398-6137-4426-bbd7-ba2dd03ed0e3:192.168.157.202:33086], old=null, confs=<EMPTY_MAP>
2019-08-28 15:36:36,779 [pool-494-thread-1] INFO  impl.RaftServerImpl (ServerState.java:<init>(105)) - ad22b398-6137-4426-bbd7-ba2dd03ed0e3:group-3831347F2B07 ConfigurationManager, init=-1: [8ac6e4a2-e0c1-4238-9a47-28cd0ac1a81a:192.168.157.202:41886, 2e3ab009-6d3b-4f9c-9baf-460c800051cc:192.168.157.202:32848, ad22b398-6137-4426-bbd7-ba2dd03ed0e3:192.168.157.202:33086], old=null, confs=<EMPTY_MAP>
2019-08-28 15:36:36,780 [pool-494-thread-1] INFO  server.RaftServerConfigKeys (ConfUtils.java:logGet(43)) - raft.server.storage.dir = [/workdir/hadoop-ozone/integration-test/target/test-dir/MiniOzoneClusterImpl-c88bbe07-05a9-423a-b0e1-c9ede35d500a/datanode-5/data/ratis] (custom)
2019-08-28 15:36:36,780 [pool-472-thread-1] INFO  server.RaftServerConfigKeys (ConfUtils.java:logGet(43)) - raft.server.storage.dir = [/workdir/hadoop-ozone/integration-test/target/test-dir/MiniOzoneClusterImpl-c88bbe07-05a9-423a-b0e1-c9ede35d500a/datanode-3/data/ratis] (custom)
2019-08-28 15:36:36,780 [pool-494-thread-1] INFO  storage.RaftStorageDirectory (RaftStorageDirectory.java:analyzeStorage(246)) - The storage directory /workdir/hadoop-ozone/integration-test/target/test-dir/MiniOzoneClusterImpl-c88bbe07-05a9-423a-b0e1-c9ede35d500a/datanode-5/data/ratis/c753a03f-b84d-4b6e-a65c-3831347f2b07 does not exist. Creating ...
2019-08-28 15:36:36,780 [pool-472-thread-1] INFO  storage.RaftStorageDirectory (RaftStorageDirectory.java:analyzeStorage(246)) - The storage directory /workdir/hadoop-ozone/integration-test/target/test-dir/MiniOzoneClusterImpl-c88bbe07-05a9-423a-b0e1-c9ede35d500a/datanode-3/data/ratis/c753a03f-b84d-4b6e-a65c-3831347f2b07 does not exist. Creating ...
2019-08-28 15:36:36,793 [pool-494-thread-1] INFO  storage.RaftStorageDirectory (RaftStorageDirectory.java:tryLock(328)) - Lock on /workdir/hadoop-ozone/integration-test/target/test-dir/MiniOzoneClusterImpl-c88bbe07-05a9-423a-b0e1-c9ede35d500a/datanode-5/data/ratis/c753a03f-b84d-4b6e-a65c-3831347f2b07/in_use.lock acquired by nodename 4857@pr-hdds-1942-2xrcm-801159095
2019-08-28 15:36:36,793 [pool-472-thread-1] INFO  storage.RaftStorageDirectory (RaftStorageDirectory.java:tryLock(328)) - Lock on /workdir/hadoop-ozone/integration-test/target/test-dir/MiniOzoneClusterImpl-c88bbe07-05a9-423a-b0e1-c9ede35d500a/datanode-3/data/ratis/c753a03f-b84d-4b6e-a65c-3831347f2b07/in_use.lock acquired by nodename 4857@pr-hdds-1942-2xrcm-801159095
2019-08-28 15:36:36,793 [pool-483-thread-1] INFO  storage.RaftStorageDirectory (RaftStorageDirectory.java:tryLock(328)) - Lock on /workdir/hadoop-ozone/integration-test/target/test-dir/MiniOzoneClusterImpl-c88bbe07-05a9-423a-b0e1-c9ede35d500a/datanode-4/data/ratis/c753a03f-b84d-4b6e-a65c-3831347f2b07/in_use.lock acquired by nodename 4857@pr-hdds-1942-2xrcm-801159095
2019-08-28 15:36:36,807 [pool-494-thread-1] INFO  storage.RaftStorage (RaftStorage.java:format(72)) - Storage directory /workdir/hadoop-ozone/integration-test/target/test-dir/MiniOzoneClusterImpl-c88bbe07-05a9-423a-b0e1-c9ede35d500a/datanode-5/data/ratis/c753a03f-b84d-4b6e-a65c-3831347f2b07 has been successfully formatted.
2019-08-28 15:36:36,807 [pool-483-thread-1] INFO  storage.RaftStorage (RaftStorage.java:format(72)) - Storage directory /workdir/hadoop-ozone/integration-test/target/test-dir/MiniOzoneClusterImpl-c88bbe07-05a9-423a-b0e1-c9ede35d500a/datanode-4/data/ratis/c753a03f-b84d-4b6e-a65c-3831347f2b07 has been successfully formatted.
2019-08-28 15:36:36,807 [pool-472-thread-1] INFO  storage.RaftStorage (RaftStorage.java:format(72)) - Storage directory /workdir/hadoop-ozone/integration-test/target/test-dir/MiniOzoneClusterImpl-c88bbe07-05a9-423a-b0e1-c9ede35d500a/datanode-3/data/ratis/c753a03f-b84d-4b6e-a65c-3831347f2b07 has been successfully formatted.
2019-08-28 15:36:36,807 [pool-494-thread-1] INFO  ratis.ContainerStateMachine (ContainerStateMachine.java:loadSnapshot(226)) - group-3831347F2B07: The snapshot info is null. Setting the last applied indexto:(t:0, i:~)
2019-08-28 15:36:36,808 [pool-472-thread-1] INFO  ratis.ContainerStateMachine (ContainerStateMachine.java:loadSnapshot(226)) - group-3831347F2B07: The snapshot info is null. Setting the last applied indexto:(t:0, i:~)
2019-08-28 15:36:36,807 [pool-483-thread-1] INFO  ratis.ContainerStateMachine (ContainerStateMachine.java:loadSnapshot(226)) - group-3831347F2B07: The snapshot info is null. Setting the last applied indexto:(t:0, i:~)
2019-08-28 15:36:36,808 [pool-472-thread-1] INFO  server.RaftServerConfigKeys (ConfUtils.java:logGet(43)) - raft.server.leader.election.timeout = 120s (custom)
2019-08-28 15:36:36,808 [pool-494-thread-1] INFO  server.RaftServerConfigKeys (ConfUtils.java:logGet(43)) - raft.server.leader.election.timeout = 120s (custom)
2019-08-28 15:36:36,808 [pool-472-thread-1] INFO  server.RaftServerConfigKeys (ConfUtils.java:logGet(43)) - raft.server.log.use.memory = false (default)
2019-08-28 15:36:36,808 [pool-483-thread-1] INFO  server.RaftServerConfigKeys (ConfUtils.java:logGet(43)) - raft.server.leader.election.timeout = 120s (custom)
2019-08-28 15:36:36,808 [pool-472-thread-1] INFO  server.RaftServerConfigKeys (ConfUtils.java:logGet(43)) - raft.server.log.purge.gap = 1000000 (custom)
2019-08-28 15:36:36,808 [pool-494-thread-1] INFO  server.RaftServerConfigKeys (ConfUtils.java:logGet(43)) - raft.server.log.use.memory = false (default)
2019-08-28 15:36:36,809 [pool-472-thread-1] INFO  server.RaftServerConfigKeys (ConfUtils.java:logGet(43)) - raft.server.log.appender.buffer.byte-limit = 33554432 (custom)
2019-08-28 15:36:36,808 [pool-483-thread-1] INFO  server.RaftServerConfigKeys (ConfUtils.java:logGet(43)) - raft.server.log.use.memory = false (default)
2019-08-28 15:36:36,809 [pool-472-thread-1] INFO  server.RaftServerConfigKeys (ConfUtils.java:logGet(43)) - raft.server.log.segment.size.max = 1048576 (custom)
2019-08-28 15:36:36,809 [pool-494-thread-1] INFO  server.RaftServerConfigKeys (ConfUtils.java:logGet(43)) - raft.server.log.purge.gap = 1000000 (custom)
2019-08-28 15:36:36,809 [pool-472-thread-1] INFO  server.RaftServerConfigKeys (ConfUtils.java:logGet(43)) - raft.server.log.segment.cache.num.max = 2 (custom)
2019-08-28 15:36:36,809 [pool-483-thread-1] INFO  server.RaftServerConfigKeys (ConfUtils.java:logGet(43)) - raft.server.log.purge.gap = 1000000 (custom)
2019-08-28 15:36:36,810 [pool-472-thread-1] INFO  segmented.SegmentedRaftLogWorker (SegmentedRaftLogWorker.java:<init>(172)) - new 8ac6e4a2-e0c1-4238-9a47-28cd0ac1a81a-SegmentedRaftLogWorker:Storage Directory /workdir/hadoop-ozone/integration-test/target/test-dir/MiniOzoneClusterImpl-c88bbe07-05a9-423a-b0e1-c9ede35d500a/datanode-3/data/ratis/c753a03f-b84d-4b6e-a65c-3831347f2b07 for RaftStorage:Storage Directory /workdir/hadoop-ozone/integration-test/target/test-dir/MiniOzoneClusterImpl-c88bbe07-05a9-423a-b0e1-c9ede35d500a/datanode-3/data/ratis/c753a03f-b84d-4b6e-a65c-3831347f2b07
2019-08-28 15:36:36,809 [pool-494-thread-1] INFO  server.RaftServerConfigKeys (ConfUtils.java:logGet(43)) - raft.server.log.appender.buffer.byte-limit = 33554432 (custom)
2019-08-28 15:36:36,810 [pool-472-thread-1] INFO  server.RaftServerConfigKeys (ConfUtils.java:logGet(43)) - raft.server.log.queue.byte-limit = 2147483647 (custom)
2019-08-28 15:36:36,810 [pool-472-thread-1] INFO  server.RaftServerConfigKeys (ConfUtils.java:logGet(43)) - raft.server.log.queue.element-limit = 1024 (custom)
2019-08-28 15:36:36,810 [pool-483-thread-1] INFO  server.RaftServerConfigKeys (ConfUtils.java:logGet(43)) - raft.server.log.appender.buffer.byte-limit = 33554432 (custom)
2019-08-28 15:36:36,810 [pool-472-thread-1] INFO  server.RaftServerConfigKeys (ConfUtils.java:logGet(43)) - raft.server.log.segment.size.max = 1048576 (custom)
2019-08-28 15:36:36,811 [pool-472-thread-1] INFO  server.RaftServerConfigKeys (ConfUtils.java:logGet(43)) - raft.server.log.preallocated.size = 16384 (custom)
2019-08-28 15:36:36,810 [pool-494-thread-1] INFO  server.RaftServerConfigKeys (ConfUtils.java:logGet(43)) - raft.server.log.segment.size.max = 1048576 (custom)
2019-08-28 15:36:36,811 [pool-472-thread-1] INFO  server.RaftServerConfigKeys (ConfUtils.java:logGet(43)) - raft.server.log.write.buffer.size = 33554432 (custom)
2019-08-28 15:36:36,811 [pool-483-thread-1] INFO  server.RaftServerConfigKeys (ConfUtils.java:logGet(43)) - raft.server.log.segment.size.max = 1048576 (custom)
2019-08-28 15:36:36,811 [pool-472-thread-1] INFO  server.RaftServerConfigKeys (ConfUtils.java:logGet(43)) - raft.server.log.force.sync.num = 128 (default)
2019-08-28 15:36:36,811 [pool-494-thread-1] INFO  server.RaftServerConfigKeys (ConfUtils.java:logGet(43)) - raft.server.log.segment.cache.num.max = 2 (custom)
2019-08-28 15:36:36,811 [pool-472-thread-1] INFO  server.RaftServerConfigKeys (ConfUtils.java:logGet(43)) - raft.server.log.statemachine.data.sync = true (default)
2019-08-28 15:36:36,811 [pool-483-thread-1] INFO  server.RaftServerConfigKeys (ConfUtils.java:logGet(43)) - raft.server.log.segment.cache.num.max = 2 (custom)
2019-08-28 15:36:36,812 [pool-472-thread-1] INFO  server.RaftServerConfigKeys (ConfUtils.java:logGet(43)) - raft.server.log.statemachine.data.sync.timeout = 10s (default)
2019-08-28 15:36:36,812 [pool-494-thread-1] INFO  segmented.SegmentedRaftLogWorker (SegmentedRaftLogWorker.java:<init>(172)) - new ad22b398-6137-4426-bbd7-ba2dd03ed0e3-SegmentedRaftLogWorker:Storage Directory /workdir/hadoop-ozone/integration-test/target/test-dir/MiniOzoneClusterImpl-c88bbe07-05a9-423a-b0e1-c9ede35d500a/datanode-5/data/ratis/c753a03f-b84d-4b6e-a65c-3831347f2b07 for RaftStorage:Storage Directory /workdir/hadoop-ozone/integration-test/target/test-dir/MiniOzoneClusterImpl-c88bbe07-05a9-423a-b0e1-c9ede35d500a/datanode-5/data/ratis/c753a03f-b84d-4b6e-a65c-3831347f2b07
2019-08-28 15:36:36,812 [pool-472-thread-1] INFO  server.RaftServerConfigKeys (ConfUtils.java:logGet(43)) - raft.server.log.statemachine.data.sync.timeout.retry = -1 (default)
2019-08-28 15:36:36,812 [pool-483-thread-1] INFO  segmented.SegmentedRaftLogWorker (SegmentedRaftLogWorker.java:<init>(172)) - new 2e3ab009-6d3b-4f9c-9baf-460c800051cc-SegmentedRaftLogWorker:Storage Directory /workdir/hadoop-ozone/integration-test/target/test-dir/MiniOzoneClusterImpl-c88bbe07-05a9-423a-b0e1-c9ede35d500a/datanode-4/data/ratis/c753a03f-b84d-4b6e-a65c-3831347f2b07 for RaftStorage:Storage Directory /workdir/hadoop-ozone/integration-test/target/test-dir/MiniOzoneClusterImpl-c88bbe07-05a9-423a-b0e1-c9ede35d500a/datanode-4/data/ratis/c753a03f-b84d-4b6e-a65c-3831347f2b07
2019-08-28 15:36:36,812 [pool-472-thread-1] INFO  server.RaftServerConfigKeys (ConfUtils.java:logGet(43)) - raft.server.log.statemachine.data.caching.enabled = true (custom)
2019-08-28 15:36:36,812 [pool-494-thread-1] INFO  server.RaftServerConfigKeys (ConfUtils.java:logGet(43)) - raft.server.log.queue.byte-limit = 2147483647 (custom)
2019-08-28 15:36:36,813 [pool-483-thread-1] INFO  server.RaftServerConfigKeys (ConfUtils.java:logGet(43)) - raft.server.log.queue.byte-limit = 2147483647 (custom)
2019-08-28 15:36:36,813 [pool-472-thread-1] INFO  segmented.SegmentedRaftLogWorker (SegmentedRaftLogWorker.java:lambda$new$0(132)) - 8ac6e4a2-e0c1-4238-9a47-28cd0ac1a81a-SegmentedRaftLogWorker:Storage Directory /workdir/hadoop-ozone/integration-test/target/test-dir/MiniOzoneClusterImpl-c88bbe07-05a9-423a-b0e1-c9ede35d500a/datanode-3/data/ratis/c753a03f-b84d-4b6e-a65c-3831347f2b07: flushIndex: setUnconditionally 0 -> -1
2019-08-28 15:36:36,813 [pool-494-thread-1] INFO  server.RaftServerConfigKeys (ConfUtils.java:logGet(43)) - raft.server.log.queue.element-limit = 1024 (custom)
2019-08-28 15:36:36,813 [pool-483-thread-1] INFO  server.RaftServerConfigKeys (ConfUtils.java:logGet(43)) - raft.server.log.queue.element-limit = 1024 (custom)
2019-08-28 15:36:36,813 [pool-494-thread-1] INFO  server.RaftServerConfigKeys (ConfUtils.java:logGet(43)) - raft.server.log.segment.size.max = 1048576 (custom)
2019-08-28 15:36:36,813 [pool-472-thread-1] INFO  server.RaftServerConfigKeys (ConfUtils.java:logGet(43)) - raft.server.snapshot.auto.trigger.enabled = true (custom)
2019-08-28 15:36:36,814 [pool-494-thread-1] INFO  server.RaftServerConfigKeys (ConfUtils.java:logGet(43)) - raft.server.log.preallocated.size = 16384 (custom)
2019-08-28 15:36:36,813 [pool-483-thread-1] INFO  server.RaftServerConfigKeys (ConfUtils.java:logGet(43)) - raft.server.log.segment.size.max = 1048576 (custom)
2019-08-28 15:36:36,814 [pool-494-thread-1] INFO  server.RaftServerConfigKeys (ConfUtils.java:logGet(43)) - raft.server.log.write.buffer.size = 33554432 (custom)
2019-08-28 15:36:36,814 [pool-472-thread-1] INFO  server.RaftServerConfigKeys (ConfUtils.java:logGet(43)) - raft.server.snapshot.auto.trigger.threshold = 10000 (custom)
2019-08-28 15:36:36,814 [pool-494-thread-1] INFO  server.RaftServerConfigKeys (ConfUtils.java:logGet(43)) - raft.server.log.force.sync.num = 128 (default)
2019-08-28 15:36:36,814 [pool-483-thread-1] INFO  server.RaftServerConfigKeys (ConfUtils.java:logGet(43)) - raft.server.log.preallocated.size = 16384 (custom)
2019-08-28 15:36:36,814 [pool-494-thread-1] INFO  server.RaftServerConfigKeys (ConfUtils.java:logGet(43)) - raft.server.log.statemachine.data.sync = true (default)
2019-08-28 15:36:36,814 [pool-472-thread-1] INFO  server.RaftServerConfigKeys (ConfUtils.java:logGet(43)) - raft.server.retrycache.expirytime = 600000ms (custom)
2019-08-28 15:36:36,815 [pool-494-thread-1] INFO  server.RaftServerConfigKeys (ConfUtils.java:logGet(43)) - raft.server.log.statemachine.data.sync.timeout = 10s (default)
2019-08-28 15:36:36,815 [pool-483-thread-1] INFO  server.RaftServerConfigKeys (ConfUtils.java:logGet(43)) - raft.server.log.write.buffer.size = 33554432 (custom)
2019-08-28 15:36:36,815 [pool-494-thread-1] INFO  server.RaftServerConfigKeys (ConfUtils.java:logGet(43)) - raft.server.log.statemachine.data.sync.timeout.retry = -1 (default)
2019-08-28 15:36:36,815 [pool-472-thread-1] INFO  impl.RaftServerImpl (RaftServerImpl.java:start(180)) - 8ac6e4a2-e0c1-4238-9a47-28cd0ac1a81a: start group-3831347F2B07
2019-08-28 15:36:36,815 [pool-494-thread-1] INFO  server.RaftServerConfigKeys (ConfUtils.java:logGet(43)) - raft.server.log.statemachine.data.caching.enabled = true (custom)
2019-08-28 15:36:36,815 [pool-483-thread-1] INFO  server.RaftServerConfigKeys (ConfUtils.java:logGet(43)) - raft.server.log.force.sync.num = 128 (default)
2019-08-28 15:36:36,815 [pool-472-thread-1] INFO  impl.RaftServerImpl (RaftServerImpl.java:setRole(171)) - 8ac6e4a2-e0c1-4238-9a47-28cd0ac1a81a:group-3831347F2B07 changes role from null to FOLLOWER at term 0 for startAsFollower
2019-08-28 15:36:36,816 [pool-483-thread-1] INFO  server.RaftServerConfigKeys (ConfUtils.java:logGet(43)) - raft.server.log.statemachine.data.sync = true (default)
2019-08-28 15:36:36,816 [pool-494-thread-1] INFO  segmented.SegmentedRaftLogWorker (SegmentedRaftLogWorker.java:lambda$new$0(132)) - ad22b398-6137-4426-bbd7-ba2dd03ed0e3-SegmentedRaftLogWorker:Storage Directory /workdir/hadoop-ozone/integration-test/target/test-dir/MiniOzoneClusterImpl-c88bbe07-05a9-423a-b0e1-c9ede35d500a/datanode-5/data/ratis/c753a03f-b84d-4b6e-a65c-3831347f2b07: flushIndex: setUnconditionally 0 -> -1
2019-08-28 15:36:36,816 [pool-483-thread-1] INFO  server.RaftServerConfigKeys (ConfUtils.java:logGet(43)) - raft.server.log.statemachine.data.sync.timeout = 10s (default)
2019-08-28 15:36:36,816 [pool-494-thread-1] INFO  server.RaftServerConfigKeys (ConfUtils.java:logGet(43)) - raft.server.snapshot.auto.trigger.enabled = true (custom)
2019-08-28 15:36:36,816 [pool-472-thread-1] INFO  impl.RoleInfo (RoleInfo.java:updateAndGet(143)) - 8ac6e4a2-e0c1-4238-9a47-28cd0ac1a81a: start FollowerState
2019-08-28 15:36:36,816 [pool-494-thread-1] INFO  server.RaftServerConfigKeys (ConfUtils.java:logGet(43)) - raft.server.snapshot.auto.trigger.threshold = 10000 (custom)
2019-08-28 15:36:36,816 [pool-483-thread-1] INFO  server.RaftServerConfigKeys (ConfUtils.java:logGet(43)) - raft.server.log.statemachine.data.sync.timeout.retry = -1 (default)
2019-08-28 15:36:36,817 [pool-494-thread-1] INFO  server.RaftServerConfigKeys (ConfUtils.java:logGet(43)) - raft.server.retrycache.expirytime = 600000ms (custom)
2019-08-28 15:36:36,817 [pool-483-thread-1] INFO  server.RaftServerConfigKeys (ConfUtils.java:logGet(43)) - raft.server.log.statemachine.data.caching.enabled = true (custom)
2019-08-28 15:36:36,817 [pool-494-thread-1] INFO  impl.RaftServerImpl (RaftServerImpl.java:start(180)) - ad22b398-6137-4426-bbd7-ba2dd03ed0e3: start group-3831347F2B07
2019-08-28 15:36:36,817 [pool-472-thread-1] INFO  util.JmxRegister (JmxRegister.java:tryRegister(44)) - Successfully registered JMX Bean with object name Ratis:service=RaftServer,group=group-3831347F2B07,id=8ac6e4a2-e0c1-4238-9a47-28cd0ac1a81a
2019-08-28 15:36:36,817 [pool-483-thread-1] INFO  segmented.SegmentedRaftLogWorker (SegmentedRaftLogWorker.java:lambda$new$0(132)) - 2e3ab009-6d3b-4f9c-9baf-460c800051cc-SegmentedRaftLogWorker:Storage Directory /workdir/hadoop-ozone/integration-test/target/test-dir/MiniOzoneClusterImpl-c88bbe07-05a9-423a-b0e1-c9ede35d500a/datanode-4/data/ratis/c753a03f-b84d-4b6e-a65c-3831347f2b07: flushIndex: setUnconditionally 0 -> -1
2019-08-28 15:36:36,817 [pool-494-thread-1] INFO  impl.RaftServerImpl (RaftServerImpl.java:setRole(171)) - ad22b398-6137-4426-bbd7-ba2dd03ed0e3:group-3831347F2B07 changes role from null to FOLLOWER at term 0 for startAsFollower
2019-08-28 15:36:36,818 [pool-483-thread-1] INFO  server.RaftServerConfigKeys (ConfUtils.java:logGet(43)) - raft.server.snapshot.auto.trigger.enabled = true (custom)
2019-08-28 15:36:36,818 [pool-494-thread-1] INFO  impl.RoleInfo (RoleInfo.java:updateAndGet(143)) - ad22b398-6137-4426-bbd7-ba2dd03ed0e3: start FollowerState
2019-08-28 15:36:36,818 [pool-483-thread-1] INFO  server.RaftServerConfigKeys (ConfUtils.java:logGet(43)) - raft.server.snapshot.auto.trigger.threshold = 10000 (custom)
2019-08-28 15:36:36,818 [pool-483-thread-1] INFO  server.RaftServerConfigKeys (ConfUtils.java:logGet(43)) - raft.server.retrycache.expirytime = 600000ms (custom)
2019-08-28 15:36:36,818 [pool-494-thread-1] INFO  util.JmxRegister (JmxRegister.java:tryRegister(44)) - Successfully registered JMX Bean with object name Ratis:service=RaftServer,group=group-3831347F2B07,id=ad22b398-6137-4426-bbd7-ba2dd03ed0e3
2019-08-28 15:36:36,818 [pool-483-thread-1] INFO  impl.RaftServerImpl (RaftServerImpl.java:start(180)) - 2e3ab009-6d3b-4f9c-9baf-460c800051cc: start group-3831347F2B07
2019-08-28 15:36:36,818 [pool-483-thread-1] INFO  impl.RaftServerImpl (RaftServerImpl.java:setRole(171)) - 2e3ab009-6d3b-4f9c-9baf-460c800051cc:group-3831347F2B07 changes role from null to FOLLOWER at term 0 for startAsFollower
2019-08-28 15:36:36,819 [pool-483-thread-1] INFO  impl.RoleInfo (RoleInfo.java:updateAndGet(143)) - 2e3ab009-6d3b-4f9c-9baf-460c800051cc: start FollowerState
2019-08-28 15:36:36,819 [pool-483-thread-1] INFO  util.JmxRegister (JmxRegister.java:tryRegister(44)) - Successfully registered JMX Bean with object name Ratis:service=RaftServer,group=group-3831347F2B07,id=2e3ab009-6d3b-4f9c-9baf-460c800051cc
2019-08-28 15:36:36,821 [RatisPipelineUtilsThread] INFO  pipeline.PipelineStateManager (PipelineStateManager.java:addPipeline(56)) - Created pipeline Pipeline[ Id: c753a03f-b84d-4b6e-a65c-3831347f2b07, Nodes: 2e3ab009-6d3b-4f9c-9baf-460c800051cc{ip: 192.168.157.202, host: pr-hdds-1942-2xrcm-801159095, networkLocation: /default-rack, certSerialId: null}8ac6e4a2-e0c1-4238-9a47-28cd0ac1a81a{ip: 192.168.157.202, host: pr-hdds-1942-2xrcm-801159095, networkLocation: /default-rack, certSerialId: null}ad22b398-6137-4426-bbd7-ba2dd03ed0e3{ip: 192.168.157.202, host: pr-hdds-1942-2xrcm-801159095, networkLocation: /default-rack, certSerialId: null}, Type:RATIS, Factor:THREE, State:OPEN]
2019-08-28 15:36:36,911 [main] INFO  ozone.MiniOzoneClusterImpl (MiniOzoneClusterImpl.java:lambda$waitForClusterToBeReady$0(142)) - Waiting for cluster to be ready. Got 6 of 7 DN Heartbeats.
2019-08-28 15:36:36,912 [IPC Server handler 14 on 43555] INFO  net.NetworkTopology (NetworkTopologyImpl.java:add(110)) - Added a new node: /default-rack/bf0ddda3-9c1a-46b4-880b-b69c4520600a
2019-08-28 15:36:36,912 [IPC Server handler 14 on 43555] INFO  node.SCMNodeManager (SCMNodeManager.java:register(273)) - Registered Data node : bf0ddda3-9c1a-46b4-880b-b69c4520600a{ip: 192.168.157.202, host: pr-hdds-1942-2xrcm-801159095, networkLocation: /default-rack, certSerialId: null}
2019-08-28 15:36:36,913 | INFO  | SCMAudit | user=jenkins1000 | ip=192.168.157.202 | op=REGISTER {datanodeDetails=bf0ddda3-9c1a-46b4-880b-b69c4520600a{ip: 192.168.157.202, host: pr-hdds-1942-2xrcm-801159095, networkLocation: /default-rack, certSerialId: null}} | ret=SUCCESS |  
2019-08-28 15:36:36,919 [grpc-default-executor-11] INFO  impl.RaftServerProxy (RaftServerProxy.java:addNew(89)) - bf0ddda3-9c1a-46b4-880b-b69c4520600a: addNew group-2783DE4682E8:[bf0ddda3-9c1a-46b4-880b-b69c4520600a:192.168.157.202:34903] returns group-2783DE4682E8:java.util.concurrent.CompletableFuture@31249da7[Not completed]
2019-08-28 15:36:36,920 [pool-505-thread-1] INFO  impl.RaftServerImpl (RaftServerImpl.java:<init>(93)) - bf0ddda3-9c1a-46b4-880b-b69c4520600a: new RaftServerImpl for group-2783DE4682E8:[bf0ddda3-9c1a-46b4-880b-b69c4520600a:192.168.157.202:34903] with ContainerStateMachine:uninitialized
2019-08-28 15:36:36,920 [pool-505-thread-1] INFO  server.RaftServerConfigKeys (ConfUtils.java:logGet(43)) - raft.server.rpc.timeout.min = 5s (custom)
2019-08-28 15:36:36,920 [pool-505-thread-1] INFO  server.RaftServerConfigKeys (ConfUtils.java:logGet(43)) - raft.server.rpc.timeout.max = 5200ms (custom)
2019-08-28 15:36:36,920 [pool-505-thread-1] INFO  server.RaftServerConfigKeys (ConfUtils.java:logGet(43)) - raft.server.rpcslowness.timeout = 120s (custom)
2019-08-28 15:36:36,920 [pool-505-thread-1] INFO  server.RaftServerConfigKeys (ConfUtils.java:logGet(43)) - raft.server.sleep.deviation.threshold = 300 (default)
2019-08-28 15:36:36,920 [pool-505-thread-1] INFO  server.RaftServerConfigKeys (ConfUtils.java:logGet(43)) - raft.server.log.appender.install.snapshot.enabled = false (custom)
2019-08-28 15:36:36,920 [pool-505-thread-1] INFO  impl.RaftServerImpl (ServerState.java:<init>(105)) - bf0ddda3-9c1a-46b4-880b-b69c4520600a:group-2783DE4682E8 ConfigurationManager, init=-1: [bf0ddda3-9c1a-46b4-880b-b69c4520600a:192.168.157.202:34903], old=null, confs=<EMPTY_MAP>
2019-08-28 15:36:36,921 [pool-505-thread-1] INFO  server.RaftServerConfigKeys (ConfUtils.java:logGet(43)) - raft.server.storage.dir = [/workdir/hadoop-ozone/integration-test/target/test-dir/MiniOzoneClusterImpl-c88bbe07-05a9-423a-b0e1-c9ede35d500a/datanode-6/data/ratis] (custom)
2019-08-28 15:36:36,921 [pool-505-thread-1] INFO  storage.RaftStorageDirectory (RaftStorageDirectory.java:analyzeStorage(246)) - The storage directory /workdir/hadoop-ozone/integration-test/target/test-dir/MiniOzoneClusterImpl-c88bbe07-05a9-423a-b0e1-c9ede35d500a/datanode-6/data/ratis/6c8dabe0-ae83-4da7-8528-2783de4682e8 does not exist. Creating ...
2019-08-28 15:36:36,934 [pool-505-thread-1] INFO  storage.RaftStorageDirectory (RaftStorageDirectory.java:tryLock(328)) - Lock on /workdir/hadoop-ozone/integration-test/target/test-dir/MiniOzoneClusterImpl-c88bbe07-05a9-423a-b0e1-c9ede35d500a/datanode-6/data/ratis/6c8dabe0-ae83-4da7-8528-2783de4682e8/in_use.lock acquired by nodename 4857@pr-hdds-1942-2xrcm-801159095
2019-08-28 15:36:36,948 [pool-505-thread-1] INFO  storage.RaftStorage (RaftStorage.java:format(72)) - Storage directory /workdir/hadoop-ozone/integration-test/target/test-dir/MiniOzoneClusterImpl-c88bbe07-05a9-423a-b0e1-c9ede35d500a/datanode-6/data/ratis/6c8dabe0-ae83-4da7-8528-2783de4682e8 has been successfully formatted.
2019-08-28 15:36:36,948 [pool-505-thread-1] INFO  ratis.ContainerStateMachine (ContainerStateMachine.java:loadSnapshot(226)) - group-2783DE4682E8: The snapshot info is null. Setting the last applied indexto:(t:0, i:~)
2019-08-28 15:36:36,948 [pool-505-thread-1] INFO  server.RaftServerConfigKeys (ConfUtils.java:logGet(43)) - raft.server.leader.election.timeout = 120s (custom)
2019-08-28 15:36:36,948 [pool-505-thread-1] INFO  server.RaftServerConfigKeys (ConfUtils.java:logGet(43)) - raft.server.log.use.memory = false (default)
2019-08-28 15:36:36,949 [pool-505-thread-1] INFO  server.RaftServerConfigKeys (ConfUtils.java:logGet(43)) - raft.server.log.purge.gap = 1000000 (custom)
2019-08-28 15:36:36,949 [pool-505-thread-1] INFO  server.RaftServerConfigKeys (ConfUtils.java:logGet(43)) - raft.server.log.appender.buffer.byte-limit = 33554432 (custom)
2019-08-28 15:36:36,949 [pool-505-thread-1] INFO  server.RaftServerConfigKeys (ConfUtils.java:logGet(43)) - raft.server.log.segment.size.max = 1048576 (custom)
2019-08-28 15:36:36,949 [pool-505-thread-1] INFO  server.RaftServerConfigKeys (ConfUtils.java:logGet(43)) - raft.server.log.segment.cache.num.max = 2 (custom)
2019-08-28 15:36:36,949 [pool-505-thread-1] INFO  segmented.SegmentedRaftLogWorker (SegmentedRaftLogWorker.java:<init>(172)) - new bf0ddda3-9c1a-46b4-880b-b69c4520600a-SegmentedRaftLogWorker:Storage Directory /workdir/hadoop-ozone/integration-test/target/test-dir/MiniOzoneClusterImpl-c88bbe07-05a9-423a-b0e1-c9ede35d500a/datanode-6/data/ratis/6c8dabe0-ae83-4da7-8528-2783de4682e8 for RaftStorage:Storage Directory /workdir/hadoop-ozone/integration-test/target/test-dir/MiniOzoneClusterImpl-c88bbe07-05a9-423a-b0e1-c9ede35d500a/datanode-6/data/ratis/6c8dabe0-ae83-4da7-8528-2783de4682e8
2019-08-28 15:36:36,949 [pool-505-thread-1] INFO  server.RaftServerConfigKeys (ConfUtils.java:logGet(43)) - raft.server.log.queue.byte-limit = 2147483647 (custom)
2019-08-28 15:36:36,949 [pool-505-thread-1] INFO  server.RaftServerConfigKeys (ConfUtils.java:logGet(43)) - raft.server.log.queue.element-limit = 1024 (custom)
2019-08-28 15:36:36,949 [pool-505-thread-1] INFO  server.RaftServerConfigKeys (ConfUtils.java:logGet(43)) - raft.server.log.segment.size.max = 1048576 (custom)
2019-08-28 15:36:36,949 [pool-505-thread-1] INFO  server.RaftServerConfigKeys (ConfUtils.java:logGet(43)) - raft.server.log.preallocated.size = 16384 (custom)
2019-08-28 15:36:36,950 [pool-505-thread-1] INFO  server.RaftServerConfigKeys (ConfUtils.java:logGet(43)) - raft.server.log.write.buffer.size = 33554432 (custom)
2019-08-28 15:36:36,950 [pool-505-thread-1] INFO  server.RaftServerConfigKeys (ConfUtils.java:logGet(43)) - raft.server.log.force.sync.num = 128 (default)
2019-08-28 15:36:36,950 [pool-505-thread-1] INFO  server.RaftServerConfigKeys (ConfUtils.java:logGet(43)) - raft.server.log.statemachine.data.sync = true (default)
2019-08-28 15:36:36,950 [pool-505-thread-1] INFO  server.RaftServerConfigKeys (ConfUtils.java:logGet(43)) - raft.server.log.statemachine.data.sync.timeout = 10s (default)
2019-08-28 15:36:36,950 [pool-505-thread-1] INFO  server.RaftServerConfigKeys (ConfUtils.java:logGet(43)) - raft.server.log.statemachine.data.sync.timeout.retry = -1 (default)
2019-08-28 15:36:36,950 [pool-505-thread-1] INFO  server.RaftServerConfigKeys (ConfUtils.java:logGet(43)) - raft.server.log.statemachine.data.caching.enabled = true (custom)
2019-08-28 15:36:36,950 [pool-505-thread-1] INFO  segmented.SegmentedRaftLogWorker (SegmentedRaftLogWorker.java:lambda$new$0(132)) - bf0ddda3-9c1a-46b4-880b-b69c4520600a-SegmentedRaftLogWorker:Storage Directory /workdir/hadoop-ozone/integration-test/target/test-dir/MiniOzoneClusterImpl-c88bbe07-05a9-423a-b0e1-c9ede35d500a/datanode-6/data/ratis/6c8dabe0-ae83-4da7-8528-2783de4682e8: flushIndex: setUnconditionally 0 -> -1
2019-08-28 15:36:36,951 [pool-505-thread-1] INFO  server.RaftServerConfigKeys (ConfUtils.java:logGet(43)) - raft.server.snapshot.auto.trigger.enabled = true (custom)
2019-08-28 15:36:36,951 [pool-505-thread-1] INFO  server.RaftServerConfigKeys (ConfUtils.java:logGet(43)) - raft.server.snapshot.auto.trigger.threshold = 10000 (custom)
2019-08-28 15:36:36,951 [pool-505-thread-1] INFO  server.RaftServerConfigKeys (ConfUtils.java:logGet(43)) - raft.server.retrycache.expirytime = 600000ms (custom)
2019-08-28 15:36:36,951 [pool-505-thread-1] INFO  impl.RaftServerImpl (RaftServerImpl.java:start(180)) - bf0ddda3-9c1a-46b4-880b-b69c4520600a: start group-2783DE4682E8
2019-08-28 15:36:36,951 [pool-505-thread-1] INFO  impl.RaftServerImpl (RaftServerImpl.java:setRole(171)) - bf0ddda3-9c1a-46b4-880b-b69c4520600a:group-2783DE4682E8 changes role from null to FOLLOWER at term 0 for startAsFollower
2019-08-28 15:36:36,951 [pool-505-thread-1] INFO  impl.RoleInfo (RoleInfo.java:updateAndGet(143)) - bf0ddda3-9c1a-46b4-880b-b69c4520600a: start FollowerState
2019-08-28 15:36:36,951 [pool-505-thread-1] INFO  util.JmxRegister (JmxRegister.java:tryRegister(44)) - Successfully registered JMX Bean with object name Ratis:service=RaftServer,group=group-2783DE4682E8,id=bf0ddda3-9c1a-46b4-880b-b69c4520600a
2019-08-28 15:36:36,953 [RatisPipelineUtilsThread] INFO  pipeline.PipelineStateManager (PipelineStateManager.java:addPipeline(56)) - Created pipeline Pipeline[ Id: 6c8dabe0-ae83-4da7-8528-2783de4682e8, Nodes: bf0ddda3-9c1a-46b4-880b-b69c4520600a{ip: 192.168.157.202, host: pr-hdds-1942-2xrcm-801159095, networkLocation: /default-rack, certSerialId: null}, Type:RATIS, Factor:ONE, State:OPEN]
2019-08-28 15:36:37,513 | INFO  | SCMAudit | user=jenkins1000 | ip=192.168.157.202 | op=SEND_HEARTBEAT {datanodeUUID=8ce85811-8d59-4bde-a42a-d73a8f8a1f6b, command=[]} | ret=SUCCESS |  
2019-08-28 15:36:37,676 | INFO  | SCMAudit | user=jenkins1000 | ip=192.168.157.202 | op=SEND_HEARTBEAT {datanodeUUID=89ea525c-b884-4c8a-a58d-0993f9152014, command=[]} | ret=SUCCESS |  
2019-08-28 15:36:37,912 [main] INFO  ozone.MiniOzoneClusterImpl (MiniOzoneClusterImpl.java:lambda$waitForClusterToBeReady$0(142)) - Cluster is ready. Got 7 of 7 DN Heartbeats.
2019-08-28 15:36:37,942 [main] INFO  rpc.RpcClient (RpcClient.java:createVolume(293)) - Creating Volume: testblockoutputstream, with jenkins1000 as owner.
2019-08-28 15:36:37,945 | INFO  | OMAudit | user=jenkins1000 | ip=127.0.0.1 | op=CREATE_VOLUME {admin=jenkins1000, owner=jenkins1000, volume=testblockoutputstream, creationTime=1567006597944, quotaInBytes=1152921504606846976} | ret=SUCCESS |  
2019-08-28 15:36:37,954 | INFO  | OMAudit | user=jenkins1000 | ip=127.0.0.1 | op=READ_VOLUME {volume=testblockoutputstream} | ret=SUCCESS |  
2019-08-28 15:36:37,955 [main] INFO  rpc.RpcClient (RpcClient.java:createBucket(432)) - Creating Bucket: testblockoutputstream/testblockoutputstream, with Versioning false and Storage Type set to DISK and Encryption set to false 
2019-08-28 15:36:37,958 | INFO  | OMAudit | user=jenkins1000 | ip=127.0.0.1 | op=CREATE_BUCKET {volume=testblockoutputstream, bucket=testblockoutputstream, acls=[user:jenkins1000:a[ACCESS], group:default:a[ACCESS]], isVersionEnabled=false, storageType=DISK, creationTime=0} | ret=SUCCESS |  
2019-08-28 15:36:37,960 | INFO  | OMAudit | user=jenkins1000 | ip=127.0.0.1 | op=READ_VOLUME {volume=testblockoutputstream} | ret=SUCCESS |  
2019-08-28 15:36:37,961 | INFO  | OMAudit | user=jenkins1000 | ip=127.0.0.1 | op=READ_BUCKET {volume=testblockoutputstream, bucket=testblockoutputstream} | ret=SUCCESS |  
2019-08-28 15:36:37,965 | INFO  | SCMAudit | user=jenkins1000 | ip=192.168.157.202 | op=ALLOCATE_BLOCK {owner=850d3153-d2f3-41fa-b494-eab0dc4ba616, size=800, type=RATIS, factor=THREE} | ret=SUCCESS |  
2019-08-28 15:36:37,968 | INFO  | OMAudit | user=jenkins1000 | ip=127.0.0.1 | op=ALLOCATE_KEY {volume=testblockoutputstream, bucket=testblockoutputstream, key=586259f6-09b1-4732-a512-80bc72a64370, dataSize=0, replicationType=RATIS, replicationFactor=THREE, keyLocationInfo=null} | ret=SUCCESS |  
2019-08-28 15:36:37,980 [grpc-default-executor-8] INFO  client.GrpcClientProtocolClient (GrpcClientProtocolClient.java:onNext(255)) - client-377DB18A3F99->77615d81-8c11-45ee-8068-94d065800645: receive RaftClientReply:client-377DB18A3F99->77615d81-8c11-45ee-8068-94d065800645@group-4A287A029878, cid=183, FAILED org.apache.ratis.protocol.NotLeaderException: Server 77615d81-8c11-45ee-8068-94d065800645 is not the leader (null). Request must be sent to leader., logIndex=0, commits[77615d81-8c11-45ee-8068-94d065800645:c-1]
2019-08-28 15:36:38,159 | INFO  | SCMAudit | user=jenkins1000 | ip=192.168.157.202 | op=SEND_HEARTBEAT {datanodeUUID=77615d81-8c11-45ee-8068-94d065800645, command=[]} | ret=SUCCESS |  
2019-08-28 15:36:38,342 | INFO  | SCMAudit | user=jenkins1000 | ip=192.168.157.202 | op=SEND_HEARTBEAT {datanodeUUID=8ac6e4a2-e0c1-4238-9a47-28cd0ac1a81a, command=[]} | ret=SUCCESS |  
2019-08-28 15:36:38,514 | INFO  | SCMAudit | user=jenkins1000 | ip=192.168.157.202 | op=SEND_HEARTBEAT {datanodeUUID=8ce85811-8d59-4bde-a42a-d73a8f8a1f6b, command=[]} | ret=SUCCESS |  
2019-08-28 15:36:38,517 | INFO  | SCMAudit | user=jenkins1000 | ip=192.168.157.202 | op=SEND_HEARTBEAT {datanodeUUID=2e3ab009-6d3b-4f9c-9baf-460c800051cc, command=[]} | ret=SUCCESS |  
2019-08-28 15:36:38,524 [Thread-3620] INFO  container.ReplicationManager (ReplicationManager.java:start(152)) - Starting Replication Monitor Thread.
2019-08-28 15:36:38,528 [ReplicationMonitor] INFO  container.ReplicationManager (ReplicationManager.java:run(215)) - Replication Monitor Thread took 1 milliseconds for processing 1 containers.
2019-08-28 15:36:38,676 | INFO  | SCMAudit | user=jenkins1000 | ip=192.168.157.202 | op=SEND_HEARTBEAT {datanodeUUID=89ea525c-b884-4c8a-a58d-0993f9152014, command=[]} | ret=SUCCESS |  
2019-08-28 15:36:38,717 | INFO  | SCMAudit | user=jenkins1000 | ip=192.168.157.202 | op=SEND_HEARTBEAT {datanodeUUID=ad22b398-6137-4426-bbd7-ba2dd03ed0e3, command=[]} | ret=SUCCESS |  
2019-08-28 15:36:38,912 | INFO  | SCMAudit | user=jenkins1000 | ip=192.168.157.202 | op=SEND_HEARTBEAT {datanodeUUID=bf0ddda3-9c1a-46b4-880b-b69c4520600a, command=[]} | ret=SUCCESS |  
2019-08-28 15:36:38,992 [grpc-default-executor-11] INFO  client.GrpcClientProtocolClient (GrpcClientProtocolClient.java:onNext(255)) - client-377DB18A3F99->89ea525c-b884-4c8a-a58d-0993f9152014: receive RaftClientReply:client-377DB18A3F99->89ea525c-b884-4c8a-a58d-0993f9152014@group-4A287A029878, cid=183, FAILED org.apache.ratis.protocol.NotLeaderException: Server 89ea525c-b884-4c8a-a58d-0993f9152014 is not the leader (null). Request must be sent to leader., logIndex=0, commits[89ea525c-b884-4c8a-a58d-0993f9152014:c-1]
2019-08-28 15:36:39,160 | INFO  | SCMAudit | user=jenkins1000 | ip=192.168.157.202 | op=SEND_HEARTBEAT {datanodeUUID=77615d81-8c11-45ee-8068-94d065800645, command=[]} | ret=SUCCESS |  
2019-08-28 15:36:39,342 | INFO  | SCMAudit | user=jenkins1000 | ip=192.168.157.202 | op=SEND_HEARTBEAT {datanodeUUID=8ac6e4a2-e0c1-4238-9a47-28cd0ac1a81a, command=[]} | ret=SUCCESS |  
2019-08-28 15:36:39,514 | INFO  | SCMAudit | user=jenkins1000 | ip=192.168.157.202 | op=SEND_HEARTBEAT {datanodeUUID=8ce85811-8d59-4bde-a42a-d73a8f8a1f6b, command=[]} | ret=SUCCESS |  
2019-08-28 15:36:39,518 | INFO  | SCMAudit | user=jenkins1000 | ip=192.168.157.202 | op=SEND_HEARTBEAT {datanodeUUID=2e3ab009-6d3b-4f9c-9baf-460c800051cc, command=[]} | ret=SUCCESS |  
2019-08-28 15:36:39,676 | INFO  | SCMAudit | user=jenkins1000 | ip=192.168.157.202 | op=SEND_HEARTBEAT {datanodeUUID=89ea525c-b884-4c8a-a58d-0993f9152014, command=[]} | ret=SUCCESS |  
2019-08-28 15:36:39,717 | INFO  | SCMAudit | user=jenkins1000 | ip=192.168.157.202 | op=SEND_HEARTBEAT {datanodeUUID=ad22b398-6137-4426-bbd7-ba2dd03ed0e3, command=[]} | ret=SUCCESS |  
2019-08-28 15:36:39,912 | INFO  | SCMAudit | user=jenkins1000 | ip=192.168.157.202 | op=SEND_HEARTBEAT {datanodeUUID=bf0ddda3-9c1a-46b4-880b-b69c4520600a, command=[]} | ret=SUCCESS |  
2019-08-28 15:36:39,998 [grpc-default-executor-8] INFO  client.GrpcClientProtocolClient (GrpcClientProtocolClient.java:onNext(255)) - client-377DB18A3F99->77615d81-8c11-45ee-8068-94d065800645: receive RaftClientReply:client-377DB18A3F99->77615d81-8c11-45ee-8068-94d065800645@group-4A287A029878, cid=183, FAILED org.apache.ratis.protocol.NotLeaderException: Server 77615d81-8c11-45ee-8068-94d065800645 is not the leader (null). Request must be sent to leader., logIndex=0, commits[77615d81-8c11-45ee-8068-94d065800645:c-1]
2019-08-28 15:36:40,160 | INFO  | SCMAudit | user=jenkins1000 | ip=192.168.157.202 | op=SEND_HEARTBEAT {datanodeUUID=77615d81-8c11-45ee-8068-94d065800645, command=[]} | ret=SUCCESS |  
2019-08-28 15:36:40,342 | INFO  | SCMAudit | user=jenkins1000 | ip=192.168.157.202 | op=SEND_HEARTBEAT {datanodeUUID=8ac6e4a2-e0c1-4238-9a47-28cd0ac1a81a, command=[]} | ret=SUCCESS |  
2019-08-28 15:36:40,514 | INFO  | SCMAudit | user=jenkins1000 | ip=192.168.157.202 | op=SEND_HEARTBEAT {datanodeUUID=8ce85811-8d59-4bde-a42a-d73a8f8a1f6b, command=[]} | ret=SUCCESS |  
2019-08-28 15:36:40,518 | INFO  | SCMAudit | user=jenkins1000 | ip=192.168.157.202 | op=SEND_HEARTBEAT {datanodeUUID=2e3ab009-6d3b-4f9c-9baf-460c800051cc, command=[]} | ret=SUCCESS |  
2019-08-28 15:36:40,666 [Thread-3622] INFO  impl.FollowerState (FollowerState.java:run(106)) - 8ce85811-8d59-4bde-a42a-d73a8f8a1f6b:group-F06B4CE3E0F8 changes to CANDIDATE, lastRpcTime:5079, electionTimeout:5079ms
2019-08-28 15:36:40,667 [Thread-3622] INFO  impl.RoleInfo (RoleInfo.java:shutdownFollowerState(121)) - 8ce85811-8d59-4bde-a42a-d73a8f8a1f6b: shutdown FollowerState
2019-08-28 15:36:40,667 [Thread-3622] INFO  impl.RaftServerImpl (RaftServerImpl.java:setRole(171)) - 8ce85811-8d59-4bde-a42a-d73a8f8a1f6b:group-F06B4CE3E0F8 changes role from FOLLOWER to CANDIDATE at term 0 for changeToCandidate
2019-08-28 15:36:40,667 [Thread-3622] INFO  impl.RoleInfo (RoleInfo.java:updateAndGet(143)) - 8ce85811-8d59-4bde-a42a-d73a8f8a1f6b: start LeaderElection
2019-08-28 15:36:40,680 | INFO  | SCMAudit | user=jenkins1000 | ip=192.168.157.202 | op=SEND_HEARTBEAT {datanodeUUID=89ea525c-b884-4c8a-a58d-0993f9152014, command=[]} | ret=SUCCESS |  
2019-08-28 15:36:40,691 [8ce85811-8d59-4bde-a42a-d73a8f8a1f6b:group-F06B4CE3E0F8:LeaderElection88] INFO  impl.LeaderElection (LeaderElection.java:askForVotes(181)) - 8ce85811-8d59-4bde-a42a-d73a8f8a1f6b:group-F06B4CE3E0F8:LeaderElection88: begin an election at term 1 for -1: [8ce85811-8d59-4bde-a42a-d73a8f8a1f6b:192.168.157.202:43412], old=null
2019-08-28 15:36:40,692 [8ce85811-8d59-4bde-a42a-d73a8f8a1f6b:group-F06B4CE3E0F8:LeaderElection88] INFO  impl.RoleInfo (RoleInfo.java:shutdownLeaderElection(134)) - 8ce85811-8d59-4bde-a42a-d73a8f8a1f6b: shutdown LeaderElection
2019-08-28 15:36:40,692 [8ce85811-8d59-4bde-a42a-d73a8f8a1f6b:group-F06B4CE3E0F8:LeaderElection88] INFO  impl.RaftServerImpl (RaftServerImpl.java:setRole(171)) - 8ce85811-8d59-4bde-a42a-d73a8f8a1f6b:group-F06B4CE3E0F8 changes role from CANDIDATE to LEADER at term 1 for changeToLeader
2019-08-28 15:36:40,692 [8ce85811-8d59-4bde-a42a-d73a8f8a1f6b:group-F06B4CE3E0F8:LeaderElection88] INFO  impl.RaftServerImpl (ServerState.java:setLeader(263)) - 8ce85811-8d59-4bde-a42a-d73a8f8a1f6b:group-F06B4CE3E0F8 change Leader from null to 8ce85811-8d59-4bde-a42a-d73a8f8a1f6b at term 1 for becomeLeader, leader elected after 5110ms
2019-08-28 15:36:40,692 [8ce85811-8d59-4bde-a42a-d73a8f8a1f6b:group-F06B4CE3E0F8:LeaderElection88] INFO  server.RaftServerConfigKeys (ConfUtils.java:logGet(43)) - raft.server.staging.catchup.gap = 1000 (default)
2019-08-28 15:36:40,692 [8ce85811-8d59-4bde-a42a-d73a8f8a1f6b:group-F06B4CE3E0F8:LeaderElection88] INFO  server.RaftServerConfigKeys (ConfUtils.java:logGet(43)) - raft.server.rpc.sleep.time = 25ms (default)
2019-08-28 15:36:40,693 [8ce85811-8d59-4bde-a42a-d73a8f8a1f6b:group-F06B4CE3E0F8:LeaderElection88] INFO  server.RaftServerConfigKeys (ConfUtils.java:logGet(43)) - raft.server.write.element-limit = 4096 (default)
2019-08-28 15:36:40,693 [8ce85811-8d59-4bde-a42a-d73a8f8a1f6b:group-F06B4CE3E0F8:LeaderElection88] INFO  server.RaftServerConfigKeys (ConfUtils.java:logGet(43)) - raft.server.watch.timeout = 10s (default)
2019-08-28 15:36:40,693 [8ce85811-8d59-4bde-a42a-d73a8f8a1f6b:group-F06B4CE3E0F8:LeaderElection88] INFO  server.RaftServerConfigKeys (ConfUtils.java:logGet(43)) - raft.server.watch.timeout.denomination = 1s (default)
2019-08-28 15:36:40,693 [8ce85811-8d59-4bde-a42a-d73a8f8a1f6b:group-F06B4CE3E0F8:LeaderElection88] INFO  server.RaftServerConfigKeys (ConfUtils.java:logGet(43)) - raft.server.watch.element-limit = 65536 (default)
2019-08-28 15:36:40,694 [8ce85811-8d59-4bde-a42a-d73a8f8a1f6b:group-F06B4CE3E0F8:LeaderElection88] INFO  impl.RoleInfo (RoleInfo.java:updateAndGet(143)) - 8ce85811-8d59-4bde-a42a-d73a8f8a1f6b: start LeaderState
2019-08-28 15:36:40,694 [8ce85811-8d59-4bde-a42a-d73a8f8a1f6b:group-F06B4CE3E0F8:LeaderElection88] INFO  segmented.SegmentedRaftLogWorker (SegmentedRaftLogWorker.java:startLogSegment(380)) - 8ce85811-8d59-4bde-a42a-d73a8f8a1f6b-SegmentedRaftLogWorker:Storage Directory /workdir/hadoop-ozone/integration-test/target/test-dir/MiniOzoneClusterImpl-c88bbe07-05a9-423a-b0e1-c9ede35d500a/datanode-0/data/ratis/9ddcfc4f-2af7-4d67-a4ac-f06b4ce3e0f8: Starting segment from index:0
2019-08-28 15:36:40,695 [8ce85811-8d59-4bde-a42a-d73a8f8a1f6b:group-F06B4CE3E0F8:LeaderElection88] INFO  impl.RaftServerImpl (ServerState.java:setRaftConf(361)) - 8ce85811-8d59-4bde-a42a-d73a8f8a1f6b:group-F06B4CE3E0F8 set configuration 0: [8ce85811-8d59-4bde-a42a-d73a8f8a1f6b:192.168.157.202:43412], old=null at 0
2019-08-28 15:36:40,717 | INFO  | SCMAudit | user=jenkins1000 | ip=192.168.157.202 | op=SEND_HEARTBEAT {datanodeUUID=ad22b398-6137-4426-bbd7-ba2dd03ed0e3, command=[]} | ret=SUCCESS |  
2019-08-28 15:36:40,741 [8ce85811-8d59-4bde-a42a-d73a8f8a1f6b-SegmentedRaftLogWorker:Storage Directory /workdir/hadoop-ozone/integration-test/target/test-dir/MiniOzoneClusterImpl-c88bbe07-05a9-423a-b0e1-c9ede35d500a/datanode-0/data/ratis/9ddcfc4f-2af7-4d67-a4ac-f06b4ce3e0f8] INFO  segmented.SegmentedRaftLogWorker (SegmentedRaftLogWorker.java:execute(569)) - 8ce85811-8d59-4bde-a42a-d73a8f8a1f6b-SegmentedRaftLogWorker:Storage Directory /workdir/hadoop-ozone/integration-test/target/test-dir/MiniOzoneClusterImpl-c88bbe07-05a9-423a-b0e1-c9ede35d500a/datanode-0/data/ratis/9ddcfc4f-2af7-4d67-a4ac-f06b4ce3e0f8: created new log segment /workdir/hadoop-ozone/integration-test/target/test-dir/MiniOzoneClusterImpl-c88bbe07-05a9-423a-b0e1-c9ede35d500a/datanode-0/data/ratis/9ddcfc4f-2af7-4d67-a4ac-f06b4ce3e0f8/current/log_inprogress_0
2019-08-28 15:36:40,751 [Thread-3625] INFO  impl.FollowerState (FollowerState.java:run(106)) - 89ea525c-b884-4c8a-a58d-0993f9152014:group-4DDE1A6433CC changes to CANDIDATE, lastRpcTime:5017, electionTimeout:5017ms
2019-08-28 15:36:40,751 [Thread-3625] INFO  impl.RoleInfo (RoleInfo.java:shutdownFollowerState(121)) - 89ea525c-b884-4c8a-a58d-0993f9152014: shutdown FollowerState
2019-08-28 15:36:40,751 [Thread-3625] INFO  impl.RaftServerImpl (RaftServerImpl.java:setRole(171)) - 89ea525c-b884-4c8a-a58d-0993f9152014:group-4DDE1A6433CC changes role from FOLLOWER to CANDIDATE at term 0 for changeToCandidate
2019-08-28 15:36:40,751 [Thread-3625] INFO  impl.RoleInfo (RoleInfo.java:updateAndGet(143)) - 89ea525c-b884-4c8a-a58d-0993f9152014: start LeaderElection
2019-08-28 15:36:40,783 [89ea525c-b884-4c8a-a58d-0993f9152014:group-4DDE1A6433CC:LeaderElection89] INFO  impl.LeaderElection (LeaderElection.java:askForVotes(181)) - 89ea525c-b884-4c8a-a58d-0993f9152014:group-4DDE1A6433CC:LeaderElection89: begin an election at term 1 for -1: [89ea525c-b884-4c8a-a58d-0993f9152014:192.168.157.202:38790], old=null
2019-08-28 15:36:40,783 [89ea525c-b884-4c8a-a58d-0993f9152014:group-4DDE1A6433CC:LeaderElection89] INFO  impl.RoleInfo (RoleInfo.java:shutdownLeaderElection(134)) - 89ea525c-b884-4c8a-a58d-0993f9152014: shutdown LeaderElection
2019-08-28 15:36:40,784 [89ea525c-b884-4c8a-a58d-0993f9152014:group-4DDE1A6433CC:LeaderElection89] INFO  impl.RaftServerImpl (RaftServerImpl.java:setRole(171)) - 89ea525c-b884-4c8a-a58d-0993f9152014:group-4DDE1A6433CC changes role from CANDIDATE to LEADER at term 1 for changeToLeader
2019-08-28 15:36:40,784 [89ea525c-b884-4c8a-a58d-0993f9152014:group-4DDE1A6433CC:LeaderElection89] INFO  impl.RaftServerImpl (ServerState.java:setLeader(263)) - 89ea525c-b884-4c8a-a58d-0993f9152014:group-4DDE1A6433CC change Leader from null to 89ea525c-b884-4c8a-a58d-0993f9152014 at term 1 for becomeLeader, leader elected after 5056ms
2019-08-28 15:36:40,784 [89ea525c-b884-4c8a-a58d-0993f9152014:group-4DDE1A6433CC:LeaderElection89] INFO  server.RaftServerConfigKeys (ConfUtils.java:logGet(43)) - raft.server.staging.catchup.gap = 1000 (default)
2019-08-28 15:36:40,784 [89ea525c-b884-4c8a-a58d-0993f9152014:group-4DDE1A6433CC:LeaderElection89] INFO  server.RaftServerConfigKeys (ConfUtils.java:logGet(43)) - raft.server.rpc.sleep.time = 25ms (default)
2019-08-28 15:36:40,784 [89ea525c-b884-4c8a-a58d-0993f9152014:group-4DDE1A6433CC:LeaderElection89] INFO  server.RaftServerConfigKeys (ConfUtils.java:logGet(43)) - raft.server.write.element-limit = 4096 (default)
2019-08-28 15:36:40,784 [89ea525c-b884-4c8a-a58d-0993f9152014:group-4DDE1A6433CC:LeaderElection89] INFO  server.RaftServerConfigKeys (ConfUtils.java:logGet(43)) - raft.server.watch.timeout = 10s (default)
2019-08-28 15:36:40,784 [89ea525c-b884-4c8a-a58d-0993f9152014:group-4DDE1A6433CC:LeaderElection89] INFO  server.RaftServerConfigKeys (ConfUtils.java:logGet(43)) - raft.server.watch.timeout.denomination = 1s (default)
2019-08-28 15:36:40,785 [89ea525c-b884-4c8a-a58d-0993f9152014:group-4DDE1A6433CC:LeaderElection89] INFO  server.RaftServerConfigKeys (ConfUtils.java:logGet(43)) - raft.server.watch.element-limit = 65536 (default)
2019-08-28 15:36:40,785 [89ea525c-b884-4c8a-a58d-0993f9152014:group-4DDE1A6433CC:LeaderElection89] INFO  impl.RoleInfo (RoleInfo.java:updateAndGet(143)) - 89ea525c-b884-4c8a-a58d-0993f9152014: start LeaderState
2019-08-28 15:36:40,785 [89ea525c-b884-4c8a-a58d-0993f9152014:group-4DDE1A6433CC:LeaderElection89] INFO  segmented.SegmentedRaftLogWorker (SegmentedRaftLogWorker.java:startLogSegment(380)) - 89ea525c-b884-4c8a-a58d-0993f9152014-SegmentedRaftLogWorker:Storage Directory /workdir/hadoop-ozone/integration-test/target/test-dir/MiniOzoneClusterImpl-c88bbe07-05a9-423a-b0e1-c9ede35d500a/datanode-1/data/ratis/37227414-50bf-4bac-a88f-4dde1a6433cc: Starting segment from index:0
2019-08-28 15:36:40,786 [89ea525c-b884-4c8a-a58d-0993f9152014:group-4DDE1A6433CC:LeaderElection89] INFO  impl.RaftServerImpl (ServerState.java:setRaftConf(361)) - 89ea525c-b884-4c8a-a58d-0993f9152014:group-4DDE1A6433CC set configuration 0: [89ea525c-b884-4c8a-a58d-0993f9152014:192.168.157.202:38790], old=null at 0
2019-08-28 15:36:40,831 [89ea525c-b884-4c8a-a58d-0993f9152014-SegmentedRaftLogWorker:Storage Directory /workdir/hadoop-ozone/integration-test/target/test-dir/MiniOzoneClusterImpl-c88bbe07-05a9-423a-b0e1-c9ede35d500a/datanode-1/data/ratis/37227414-50bf-4bac-a88f-4dde1a6433cc] INFO  segmented.SegmentedRaftLogWorker (SegmentedRaftLogWorker.java:execute(569)) - 89ea525c-b884-4c8a-a58d-0993f9152014-SegmentedRaftLogWorker:Storage Directory /workdir/hadoop-ozone/integration-test/target/test-dir/MiniOzoneClusterImpl-c88bbe07-05a9-423a-b0e1-c9ede35d500a/datanode-1/data/ratis/37227414-50bf-4bac-a88f-4dde1a6433cc: created new log segment /workdir/hadoop-ozone/integration-test/target/test-dir/MiniOzoneClusterImpl-c88bbe07-05a9-423a-b0e1-c9ede35d500a/datanode-1/data/ratis/37227414-50bf-4bac-a88f-4dde1a6433cc/current/log_inprogress_0
2019-08-28 15:36:40,912 | INFO  | SCMAudit | user=jenkins1000 | ip=192.168.157.202 | op=SEND_HEARTBEAT {datanodeUUID=bf0ddda3-9c1a-46b4-880b-b69c4520600a, command=[]} | ret=SUCCESS |  
2019-08-28 15:36:41,009 [grpc-default-executor-11] INFO  client.GrpcClientProtocolClient (GrpcClientProtocolClient.java:onNext(255)) - client-377DB18A3F99->8ce85811-8d59-4bde-a42a-d73a8f8a1f6b: receive RaftClientReply:client-377DB18A3F99->8ce85811-8d59-4bde-a42a-d73a8f8a1f6b@group-4A287A029878, cid=183, FAILED org.apache.ratis.protocol.NotLeaderException: Server 8ce85811-8d59-4bde-a42a-d73a8f8a1f6b is not the leader (null). Request must be sent to leader., logIndex=0, commits[8ce85811-8d59-4bde-a42a-d73a8f8a1f6b:c-1]
2019-08-28 15:36:41,160 | INFO  | SCMAudit | user=jenkins1000 | ip=192.168.157.202 | op=SEND_HEARTBEAT {datanodeUUID=77615d81-8c11-45ee-8068-94d065800645, command=[]} | ret=SUCCESS |  
2019-08-28 15:36:41,290 [Thread-3628] INFO  impl.FollowerState (FollowerState.java:run(106)) - 77615d81-8c11-45ee-8068-94d065800645:group-D1ED9AC512AA changes to CANDIDATE, lastRpcTime:5088, electionTimeout:5088ms
2019-08-28 15:36:41,290 [Thread-3628] INFO  impl.RoleInfo (RoleInfo.java:shutdownFollowerState(121)) - 77615d81-8c11-45ee-8068-94d065800645: shutdown FollowerState
2019-08-28 15:36:41,291 [Thread-3628] INFO  impl.RaftServerImpl (RaftServerImpl.java:setRole(171)) - 77615d81-8c11-45ee-8068-94d065800645:group-D1ED9AC512AA changes role from FOLLOWER to CANDIDATE at term 0 for changeToCandidate
2019-08-28 15:36:41,291 [Thread-3628] INFO  impl.RoleInfo (RoleInfo.java:updateAndGet(143)) - 77615d81-8c11-45ee-8068-94d065800645: start LeaderElection
2019-08-28 15:36:41,306 [77615d81-8c11-45ee-8068-94d065800645:group-D1ED9AC512AA:LeaderElection90] INFO  impl.LeaderElection (LeaderElection.java:askForVotes(181)) - 77615d81-8c11-45ee-8068-94d065800645:group-D1ED9AC512AA:LeaderElection90: begin an election at term 1 for -1: [77615d81-8c11-45ee-8068-94d065800645:192.168.157.202:43294], old=null
2019-08-28 15:36:41,306 [77615d81-8c11-45ee-8068-94d065800645:group-D1ED9AC512AA:LeaderElection90] INFO  impl.RoleInfo (RoleInfo.java:shutdownLeaderElection(134)) - 77615d81-8c11-45ee-8068-94d065800645: shutdown LeaderElection
2019-08-28 15:36:41,306 [77615d81-8c11-45ee-8068-94d065800645:group-D1ED9AC512AA:LeaderElection90] INFO  impl.RaftServerImpl (RaftServerImpl.java:setRole(171)) - 77615d81-8c11-45ee-8068-94d065800645:group-D1ED9AC512AA changes role from CANDIDATE to LEADER at term 1 for changeToLeader
2019-08-28 15:36:41,306 [77615d81-8c11-45ee-8068-94d065800645:group-D1ED9AC512AA:LeaderElection90] INFO  impl.RaftServerImpl (ServerState.java:setLeader(263)) - 77615d81-8c11-45ee-8068-94d065800645:group-D1ED9AC512AA change Leader from null to 77615d81-8c11-45ee-8068-94d065800645 at term 1 for becomeLeader, leader elected after 5108ms
2019-08-28 15:36:41,306 [77615d81-8c11-45ee-8068-94d065800645:group-D1ED9AC512AA:LeaderElection90] INFO  server.RaftServerConfigKeys (ConfUtils.java:logGet(43)) - raft.server.staging.catchup.gap = 1000 (default)
2019-08-28 15:36:41,306 [77615d81-8c11-45ee-8068-94d065800645:group-D1ED9AC512AA:LeaderElection90] INFO  server.RaftServerConfigKeys (ConfUtils.java:logGet(43)) - raft.server.rpc.sleep.time = 25ms (default)
2019-08-28 15:36:41,306 [77615d81-8c11-45ee-8068-94d065800645:group-D1ED9AC512AA:LeaderElection90] INFO  server.RaftServerConfigKeys (ConfUtils.java:logGet(43)) - raft.server.write.element-limit = 4096 (default)
2019-08-28 15:36:41,306 [77615d81-8c11-45ee-8068-94d065800645:group-D1ED9AC512AA:LeaderElection90] INFO  server.RaftServerConfigKeys (ConfUtils.java:logGet(43)) - raft.server.watch.timeout = 10s (default)
2019-08-28 15:36:41,306 [77615d81-8c11-45ee-8068-94d065800645:group-D1ED9AC512AA:LeaderElection90] INFO  server.RaftServerConfigKeys (ConfUtils.java:logGet(43)) - raft.server.watch.timeout.denomination = 1s (default)
2019-08-28 15:36:41,307 [77615d81-8c11-45ee-8068-94d065800645:group-D1ED9AC512AA:LeaderElection90] INFO  server.RaftServerConfigKeys (ConfUtils.java:logGet(43)) - raft.server.watch.element-limit = 65536 (default)
2019-08-28 15:36:41,307 [77615d81-8c11-45ee-8068-94d065800645:group-D1ED9AC512AA:LeaderElection90] INFO  impl.RoleInfo (RoleInfo.java:updateAndGet(143)) - 77615d81-8c11-45ee-8068-94d065800645: start LeaderState
2019-08-28 15:36:41,307 [77615d81-8c11-45ee-8068-94d065800645:group-D1ED9AC512AA:LeaderElection90] INFO  segmented.SegmentedRaftLogWorker (SegmentedRaftLogWorker.java:startLogSegment(380)) - 77615d81-8c11-45ee-8068-94d065800645-SegmentedRaftLogWorker:Storage Directory /workdir/hadoop-ozone/integration-test/target/test-dir/MiniOzoneClusterImpl-c88bbe07-05a9-423a-b0e1-c9ede35d500a/datanode-2/data/ratis/2c9bf231-72a7-4374-b412-d1ed9ac512aa: Starting segment from index:0
2019-08-28 15:36:41,307 [77615d81-8c11-45ee-8068-94d065800645:group-D1ED9AC512AA:LeaderElection90] INFO  impl.RaftServerImpl (ServerState.java:setRaftConf(361)) - 77615d81-8c11-45ee-8068-94d065800645:group-D1ED9AC512AA set configuration 0: [77615d81-8c11-45ee-8068-94d065800645:192.168.157.202:43294], old=null at 0
2019-08-28 15:36:41,345 | INFO  | SCMAudit | user=jenkins1000 | ip=192.168.157.202 | op=SEND_HEARTBEAT {datanodeUUID=8ac6e4a2-e0c1-4238-9a47-28cd0ac1a81a, command=[]} | ret=SUCCESS |  
2019-08-28 15:36:41,357 [77615d81-8c11-45ee-8068-94d065800645-SegmentedRaftLogWorker:Storage Directory /workdir/hadoop-ozone/integration-test/target/test-dir/MiniOzoneClusterImpl-c88bbe07-05a9-423a-b0e1-c9ede35d500a/datanode-2/data/ratis/2c9bf231-72a7-4374-b412-d1ed9ac512aa] INFO  segmented.SegmentedRaftLogWorker (SegmentedRaftLogWorker.java:execute(569)) - 77615d81-8c11-45ee-8068-94d065800645-SegmentedRaftLogWorker:Storage Directory /workdir/hadoop-ozone/integration-test/target/test-dir/MiniOzoneClusterImpl-c88bbe07-05a9-423a-b0e1-c9ede35d500a/datanode-2/data/ratis/2c9bf231-72a7-4374-b412-d1ed9ac512aa: created new log segment /workdir/hadoop-ozone/integration-test/target/test-dir/MiniOzoneClusterImpl-c88bbe07-05a9-423a-b0e1-c9ede35d500a/datanode-2/data/ratis/2c9bf231-72a7-4374-b412-d1ed9ac512aa/current/log_inprogress_0
2019-08-28 15:36:41,381 [Thread-3633] INFO  impl.FollowerState (FollowerState.java:run(106)) - 77615d81-8c11-45ee-8068-94d065800645:group-4A287A029878 changes to CANDIDATE, lastRpcTime:5117, electionTimeout:5107ms
2019-08-28 15:36:41,381 [Thread-3633] INFO  impl.RoleInfo (RoleInfo.java:shutdownFollowerState(121)) - 77615d81-8c11-45ee-8068-94d065800645: shutdown FollowerState
2019-08-28 15:36:41,382 [Thread-3633] INFO  impl.RaftServerImpl (RaftServerImpl.java:setRole(171)) - 77615d81-8c11-45ee-8068-94d065800645:group-4A287A029878 changes role from FOLLOWER to CANDIDATE at term 0 for changeToCandidate
2019-08-28 15:36:41,382 [Thread-3633] INFO  impl.RoleInfo (RoleInfo.java:updateAndGet(143)) - 77615d81-8c11-45ee-8068-94d065800645: start LeaderElection
2019-08-28 15:36:41,388 [Thread-3632] INFO  impl.FollowerState (FollowerState.java:run(106)) - 8ce85811-8d59-4bde-a42a-d73a8f8a1f6b:group-4A287A029878 changes to CANDIDATE, lastRpcTime:5124, electionTimeout:5124ms
2019-08-28 15:36:41,389 [Thread-3632] INFO  impl.RoleInfo (RoleInfo.java:shutdownFollowerState(121)) - 8ce85811-8d59-4bde-a42a-d73a8f8a1f6b: shutdown FollowerState
2019-08-28 15:36:41,389 [Thread-3632] INFO  impl.RaftServerImpl (RaftServerImpl.java:setRole(171)) - 8ce85811-8d59-4bde-a42a-d73a8f8a1f6b:group-4A287A029878 changes role from FOLLOWER to CANDIDATE at term 0 for changeToCandidate
2019-08-28 15:36:41,389 [Thread-3632] INFO  impl.RoleInfo (RoleInfo.java:updateAndGet(143)) - 8ce85811-8d59-4bde-a42a-d73a8f8a1f6b: start LeaderElection
2019-08-28 15:36:41,400 [8ce85811-8d59-4bde-a42a-d73a8f8a1f6b:group-4A287A029878:LeaderElection92] INFO  impl.LeaderElection (LeaderElection.java:askForVotes(181)) - 8ce85811-8d59-4bde-a42a-d73a8f8a1f6b:group-4A287A029878:LeaderElection92: begin an election at term 1 for -1: [89ea525c-b884-4c8a-a58d-0993f9152014:192.168.157.202:38790, 77615d81-8c11-45ee-8068-94d065800645:192.168.157.202:43294, 8ce85811-8d59-4bde-a42a-d73a8f8a1f6b:192.168.157.202:43412], old=null
2019-08-28 15:36:41,400 [77615d81-8c11-45ee-8068-94d065800645:group-4A287A029878:LeaderElection91] INFO  impl.LeaderElection (LeaderElection.java:askForVotes(181)) - 77615d81-8c11-45ee-8068-94d065800645:group-4A287A029878:LeaderElection91: begin an election at term 1 for -1: [89ea525c-b884-4c8a-a58d-0993f9152014:192.168.157.202:38790, 77615d81-8c11-45ee-8068-94d065800645:192.168.157.202:43294, 8ce85811-8d59-4bde-a42a-d73a8f8a1f6b:192.168.157.202:43412], old=null
2019-08-28 15:36:41,404 [grpc-default-executor-10] INFO  impl.RaftServerImpl (RaftServerImpl.java:setRole(171)) - 89ea525c-b884-4c8a-a58d-0993f9152014:group-4A287A029878 changes role from FOLLOWER to FOLLOWER at term 1 for recognizeCandidate:77615d81-8c11-45ee-8068-94d065800645
2019-08-28 15:36:41,405 [grpc-default-executor-10] INFO  impl.RoleInfo (RoleInfo.java:shutdownFollowerState(121)) - 89ea525c-b884-4c8a-a58d-0993f9152014: shutdown FollowerState
2019-08-28 15:36:41,405 [grpc-default-executor-10] INFO  impl.RoleInfo (RoleInfo.java:updateAndGet(143)) - 89ea525c-b884-4c8a-a58d-0993f9152014: start FollowerState
2019-08-28 15:36:41,405 [Thread-3637] INFO  impl.FollowerState (FollowerState.java:run(114)) - 89ea525c-b884-4c8a-a58d-0993f9152014: FollowerState was interrupted: java.lang.InterruptedException: sleep interrupted
2019-08-28 15:36:41,430 [Thread-3640] INFO  impl.FollowerState (FollowerState.java:run(106)) - 8ac6e4a2-e0c1-4238-9a47-28cd0ac1a81a:group-26CC69C6C5B0 changes to CANDIDATE, lastRpcTime:5044, electionTimeout:5044ms
2019-08-28 15:36:41,430 [Thread-3640] INFO  impl.RoleInfo (RoleInfo.java:shutdownFollowerState(121)) - 8ac6e4a2-e0c1-4238-9a47-28cd0ac1a81a: shutdown FollowerState
2019-08-28 15:36:41,430 [Thread-3640] INFO  impl.RaftServerImpl (RaftServerImpl.java:setRole(171)) - 8ac6e4a2-e0c1-4238-9a47-28cd0ac1a81a:group-26CC69C6C5B0 changes role from FOLLOWER to CANDIDATE at term 0 for changeToCandidate
2019-08-28 15:36:41,431 [Thread-3640] INFO  impl.RoleInfo (RoleInfo.java:updateAndGet(143)) - 8ac6e4a2-e0c1-4238-9a47-28cd0ac1a81a: start LeaderElection
2019-08-28 15:36:41,435 [8ce85811-8d59-4bde-a42a-d73a8f8a1f6b:group-4A287A029878:LeaderElection92] INFO  impl.LeaderElection (LeaderElection.java:logAndReturn(56)) - 8ce85811-8d59-4bde-a42a-d73a8f8a1f6b:group-4A287A029878:LeaderElection92: Election REJECTED; received 2 response(s) [8ce85811-8d59-4bde-a42a-d73a8f8a1f6b<-89ea525c-b884-4c8a-a58d-0993f9152014#0:FAIL-t1, 8ce85811-8d59-4bde-a42a-d73a8f8a1f6b<-77615d81-8c11-45ee-8068-94d065800645#0:FAIL-t1] and 0 exception(s); 8ce85811-8d59-4bde-a42a-d73a8f8a1f6b:t1, leader=null, voted=8ce85811-8d59-4bde-a42a-d73a8f8a1f6b, raftlog=8ce85811-8d59-4bde-a42a-d73a8f8a1f6b-SegmentedRaftLog:OPENED:c-1,f-1,i0, conf=-1: [89ea525c-b884-4c8a-a58d-0993f9152014:192.168.157.202:38790, 77615d81-8c11-45ee-8068-94d065800645:192.168.157.202:43294, 8ce85811-8d59-4bde-a42a-d73a8f8a1f6b:192.168.157.202:43412], old=null
2019-08-28 15:36:41,435 [77615d81-8c11-45ee-8068-94d065800645:group-4A287A029878:LeaderElection91] INFO  impl.LeaderElection (LeaderElection.java:logAndReturn(56)) - 77615d81-8c11-45ee-8068-94d065800645:group-4A287A029878:LeaderElection91: Election PASSED; received 2 response(s) [77615d81-8c11-45ee-8068-94d065800645<-89ea525c-b884-4c8a-a58d-0993f9152014#0:OK-t1, 77615d81-8c11-45ee-8068-94d065800645<-8ce85811-8d59-4bde-a42a-d73a8f8a1f6b#0:FAIL-t1] and 0 exception(s); 77615d81-8c11-45ee-8068-94d065800645:t1, leader=null, voted=77615d81-8c11-45ee-8068-94d065800645, raftlog=77615d81-8c11-45ee-8068-94d065800645-SegmentedRaftLog:OPENED:c-1,f-1,i0, conf=-1: [89ea525c-b884-4c8a-a58d-0993f9152014:192.168.157.202:38790, 77615d81-8c11-45ee-8068-94d065800645:192.168.157.202:43294, 8ce85811-8d59-4bde-a42a-d73a8f8a1f6b:192.168.157.202:43412], old=null
2019-08-28 15:36:41,435 [8ce85811-8d59-4bde-a42a-d73a8f8a1f6b:group-4A287A029878:LeaderElection92] INFO  impl.RaftServerImpl (RaftServerImpl.java:setRole(171)) - 8ce85811-8d59-4bde-a42a-d73a8f8a1f6b:group-4A287A029878 changes role from CANDIDATE to FOLLOWER at term 1 for DISCOVERED_A_NEW_TERM
2019-08-28 15:36:41,436 [77615d81-8c11-45ee-8068-94d065800645:group-4A287A029878:LeaderElection91] INFO  impl.RoleInfo (RoleInfo.java:shutdownLeaderElection(134)) - 77615d81-8c11-45ee-8068-94d065800645: shutdown LeaderElection
2019-08-28 15:36:41,436 [8ce85811-8d59-4bde-a42a-d73a8f8a1f6b:group-4A287A029878:LeaderElection92] INFO  impl.RoleInfo (RoleInfo.java:shutdownLeaderElection(134)) - 8ce85811-8d59-4bde-a42a-d73a8f8a1f6b: shutdown LeaderElection
2019-08-28 15:36:41,436 [77615d81-8c11-45ee-8068-94d065800645:group-4A287A029878:LeaderElection91] INFO  impl.RaftServerImpl (RaftServerImpl.java:setRole(171)) - 77615d81-8c11-45ee-8068-94d065800645:group-4A287A029878 changes role from CANDIDATE to LEADER at term 1 for changeToLeader
2019-08-28 15:36:41,436 [8ce85811-8d59-4bde-a42a-d73a8f8a1f6b:group-4A287A029878:LeaderElection92] INFO  impl.RoleInfo (RoleInfo.java:updateAndGet(143)) - 8ce85811-8d59-4bde-a42a-d73a8f8a1f6b: start FollowerState
2019-08-28 15:36:41,436 [77615d81-8c11-45ee-8068-94d065800645:group-4A287A029878:LeaderElection91] INFO  impl.RaftServerImpl (ServerState.java:setLeader(263)) - 77615d81-8c11-45ee-8068-94d065800645:group-4A287A029878 change Leader from null to 77615d81-8c11-45ee-8068-94d065800645 at term 1 for becomeLeader, leader elected after 5180ms
2019-08-28 15:36:41,436 [77615d81-8c11-45ee-8068-94d065800645:group-4A287A029878:LeaderElection91] INFO  server.RaftServerConfigKeys (ConfUtils.java:logGet(43)) - raft.server.staging.catchup.gap = 1000 (default)
2019-08-28 15:36:41,436 [77615d81-8c11-45ee-8068-94d065800645:group-4A287A029878:LeaderElection91] INFO  server.RaftServerConfigKeys (ConfUtils.java:logGet(43)) - raft.server.rpc.sleep.time = 25ms (default)
2019-08-28 15:36:41,436 [77615d81-8c11-45ee-8068-94d065800645:group-4A287A029878:LeaderElection91] INFO  server.RaftServerConfigKeys (ConfUtils.java:logGet(43)) - raft.server.write.element-limit = 4096 (default)
2019-08-28 15:36:41,437 [77615d81-8c11-45ee-8068-94d065800645:group-4A287A029878:LeaderElection91] INFO  server.RaftServerConfigKeys (ConfUtils.java:logGet(43)) - raft.server.watch.timeout = 10s (default)
2019-08-28 15:36:41,437 [77615d81-8c11-45ee-8068-94d065800645:group-4A287A029878:LeaderElection91] INFO  server.RaftServerConfigKeys (ConfUtils.java:logGet(43)) - raft.server.watch.timeout.denomination = 1s (default)
2019-08-28 15:36:41,437 [77615d81-8c11-45ee-8068-94d065800645:group-4A287A029878:LeaderElection91] INFO  server.RaftServerConfigKeys (ConfUtils.java:logGet(43)) - raft.server.watch.element-limit = 65536 (default)
2019-08-28 15:36:41,437 [77615d81-8c11-45ee-8068-94d065800645:group-4A287A029878:LeaderElection91] INFO  server.RaftServerConfigKeys (ConfUtils.java:logGet(43)) - raft.server.log.appender.snapshot.chunk.size.max = 16MB (=16777216) (default)
2019-08-28 15:36:41,437 [77615d81-8c11-45ee-8068-94d065800645:group-4A287A029878:LeaderElection91] INFO  server.RaftServerConfigKeys (ConfUtils.java:logGet(43)) - raft.server.log.appender.buffer.byte-limit = 33554432 (custom)
2019-08-28 15:36:41,438 [77615d81-8c11-45ee-8068-94d065800645:group-4A287A029878:LeaderElection91] INFO  server.RaftServerConfigKeys (ConfUtils.java:logGet(43)) - raft.server.log.appender.buffer.element-limit = 1 (custom)
2019-08-28 15:36:41,438 [77615d81-8c11-45ee-8068-94d065800645:group-4A287A029878:LeaderElection91] INFO  grpc.GrpcConfigKeys$Server (ConfUtils.java:logGet(43)) - raft.grpc.server.leader.outstanding.appends.max = 128 (default)
2019-08-28 15:36:41,438 [77615d81-8c11-45ee-8068-94d065800645:group-4A287A029878:LeaderElection91] INFO  server.RaftServerConfigKeys (ConfUtils.java:logGet(43)) - raft.server.rpc.request.timeout = 3000ms (default)
2019-08-28 15:36:41,438 [77615d81-8c11-45ee-8068-94d065800645:group-4A287A029878:LeaderElection91] INFO  server.RaftServerConfigKeys (ConfUtils.java:logGet(43)) - raft.server.log.appender.install.snapshot.enabled = false (custom)
2019-08-28 15:36:41,438 [77615d81-8c11-45ee-8068-94d065800645:group-4A287A029878:LeaderElection91] INFO  server.RaftServerConfigKeys (ConfUtils.java:logGet(43)) - raft.server.log.appender.snapshot.chunk.size.max = 16MB (=16777216) (default)
2019-08-28 15:36:41,439 [77615d81-8c11-45ee-8068-94d065800645:group-4A287A029878:LeaderElection91] INFO  server.RaftServerConfigKeys (ConfUtils.java:logGet(43)) - raft.server.log.appender.buffer.byte-limit = 33554432 (custom)
2019-08-28 15:36:41,439 [77615d81-8c11-45ee-8068-94d065800645:group-4A287A029878:LeaderElection91] INFO  server.RaftServerConfigKeys (ConfUtils.java:logGet(43)) - raft.server.log.appender.buffer.element-limit = 1 (custom)
2019-08-28 15:36:41,439 [77615d81-8c11-45ee-8068-94d065800645:group-4A287A029878:LeaderElection91] INFO  grpc.GrpcConfigKeys$Server (ConfUtils.java:logGet(43)) - raft.grpc.server.leader.outstanding.appends.max = 128 (default)
2019-08-28 15:36:41,439 [77615d81-8c11-45ee-8068-94d065800645:group-4A287A029878:LeaderElection91] INFO  server.RaftServerConfigKeys (ConfUtils.java:logGet(43)) - raft.server.rpc.request.timeout = 3000ms (default)
2019-08-28 15:36:41,439 [77615d81-8c11-45ee-8068-94d065800645:group-4A287A029878:LeaderElection91] INFO  server.RaftServerConfigKeys (ConfUtils.java:logGet(43)) - raft.server.log.appender.install.snapshot.enabled = false (custom)
2019-08-28 15:36:41,440 [77615d81-8c11-45ee-8068-94d065800645:group-4A287A029878:LeaderElection91] INFO  impl.RoleInfo (RoleInfo.java:updateAndGet(143)) - 77615d81-8c11-45ee-8068-94d065800645: start LeaderState
2019-08-28 15:36:41,440 [77615d81-8c11-45ee-8068-94d065800645:group-4A287A029878:LeaderElection91] INFO  segmented.SegmentedRaftLogWorker (SegmentedRaftLogWorker.java:startLogSegment(380)) - 77615d81-8c11-45ee-8068-94d065800645-SegmentedRaftLogWorker:Storage Directory /workdir/hadoop-ozone/integration-test/target/test-dir/MiniOzoneClusterImpl-c88bbe07-05a9-423a-b0e1-c9ede35d500a/datanode-2/data/ratis/a8ea9b9d-4261-4fe2-a759-4a287a029878: Starting segment from index:0
2019-08-28 15:36:41,440 [77615d81-8c11-45ee-8068-94d065800645:group-4A287A029878:LeaderElection91] INFO  impl.RaftServerImpl (ServerState.java:setRaftConf(361)) - 77615d81-8c11-45ee-8068-94d065800645:group-4A287A029878 set configuration 0: [89ea525c-b884-4c8a-a58d-0993f9152014:192.168.157.202:38790, 77615d81-8c11-45ee-8068-94d065800645:192.168.157.202:43294, 8ce85811-8d59-4bde-a42a-d73a8f8a1f6b:192.168.157.202:43412], old=null at 0
2019-08-28 15:36:41,467 [8ac6e4a2-e0c1-4238-9a47-28cd0ac1a81a:group-26CC69C6C5B0:LeaderElection93] INFO  impl.LeaderElection (LeaderElection.java:askForVotes(181)) - 8ac6e4a2-e0c1-4238-9a47-28cd0ac1a81a:group-26CC69C6C5B0:LeaderElection93: begin an election at term 1 for -1: [8ac6e4a2-e0c1-4238-9a47-28cd0ac1a81a:192.168.157.202:41886], old=null
2019-08-28 15:36:41,467 [8ac6e4a2-e0c1-4238-9a47-28cd0ac1a81a:group-26CC69C6C5B0:LeaderElection93] INFO  impl.RoleInfo (RoleInfo.java:shutdownLeaderElection(134)) - 8ac6e4a2-e0c1-4238-9a47-28cd0ac1a81a: shutdown LeaderElection
2019-08-28 15:36:41,467 [8ac6e4a2-e0c1-4238-9a47-28cd0ac1a81a:group-26CC69C6C5B0:LeaderElection93] INFO  impl.RaftServerImpl (RaftServerImpl.java:setRole(171)) - 8ac6e4a2-e0c1-4238-9a47-28cd0ac1a81a:group-26CC69C6C5B0 changes role from CANDIDATE to LEADER at term 1 for changeToLeader
2019-08-28 15:36:41,468 [8ac6e4a2-e0c1-4238-9a47-28cd0ac1a81a:group-26CC69C6C5B0:LeaderElection93] INFO  impl.RaftServerImpl (ServerState.java:setLeader(263)) - 8ac6e4a2-e0c1-4238-9a47-28cd0ac1a81a:group-26CC69C6C5B0 change Leader from null to 8ac6e4a2-e0c1-4238-9a47-28cd0ac1a81a at term 1 for becomeLeader, leader elected after 5086ms
2019-08-28 15:36:41,468 [8ac6e4a2-e0c1-4238-9a47-28cd0ac1a81a:group-26CC69C6C5B0:LeaderElection93] INFO  server.RaftServerConfigKeys (ConfUtils.java:logGet(43)) - raft.server.staging.catchup.gap = 1000 (default)
2019-08-28 15:36:41,468 [8ac6e4a2-e0c1-4238-9a47-28cd0ac1a81a:group-26CC69C6C5B0:LeaderElection93] INFO  server.RaftServerConfigKeys (ConfUtils.java:logGet(43)) - raft.server.rpc.sleep.time = 25ms (default)
2019-08-28 15:36:41,468 [8ac6e4a2-e0c1-4238-9a47-28cd0ac1a81a:group-26CC69C6C5B0:LeaderElection93] INFO  server.RaftServerConfigKeys (ConfUtils.java:logGet(43)) - raft.server.write.element-limit = 4096 (default)
2019-08-28 15:36:41,468 [grpc-default-executor-11] INFO  impl.RaftServerImpl (ServerState.java:setLeader(263)) - 8ce85811-8d59-4bde-a42a-d73a8f8a1f6b:group-4A287A029878 change Leader from null to 77615d81-8c11-45ee-8068-94d065800645 at term 1 for appendEntries, leader elected after 5212ms
2019-08-28 15:36:41,468 [grpc-default-executor-10] INFO  impl.RaftServerImpl (ServerState.java:setLeader(263)) - 89ea525c-b884-4c8a-a58d-0993f9152014:group-4A287A029878 change Leader from null to 77615d81-8c11-45ee-8068-94d065800645 at term 1 for appendEntries, leader elected after 5212ms
2019-08-28 15:36:41,468 [8ac6e4a2-e0c1-4238-9a47-28cd0ac1a81a:group-26CC69C6C5B0:LeaderElection93] INFO  server.RaftServerConfigKeys (ConfUtils.java:logGet(43)) - raft.server.watch.timeout = 10s (default)
2019-08-28 15:36:41,469 [8ac6e4a2-e0c1-4238-9a47-28cd0ac1a81a:group-26CC69C6C5B0:LeaderElection93] INFO  server.RaftServerConfigKeys (ConfUtils.java:logGet(43)) - raft.server.watch.timeout.denomination = 1s (default)
2019-08-28 15:36:41,469 [8ac6e4a2-e0c1-4238-9a47-28cd0ac1a81a:group-26CC69C6C5B0:LeaderElection93] INFO  server.RaftServerConfigKeys (ConfUtils.java:logGet(43)) - raft.server.watch.element-limit = 65536 (default)
2019-08-28 15:36:41,469 [8ac6e4a2-e0c1-4238-9a47-28cd0ac1a81a:group-26CC69C6C5B0:LeaderElection93] INFO  impl.RoleInfo (RoleInfo.java:updateAndGet(143)) - 8ac6e4a2-e0c1-4238-9a47-28cd0ac1a81a: start LeaderState
2019-08-28 15:36:41,470 [8ac6e4a2-e0c1-4238-9a47-28cd0ac1a81a:group-26CC69C6C5B0:LeaderElection93] INFO  segmented.SegmentedRaftLogWorker (SegmentedRaftLogWorker.java:startLogSegment(380)) - 8ac6e4a2-e0c1-4238-9a47-28cd0ac1a81a-SegmentedRaftLogWorker:Storage Directory /workdir/hadoop-ozone/integration-test/target/test-dir/MiniOzoneClusterImpl-c88bbe07-05a9-423a-b0e1-c9ede35d500a/datanode-3/data/ratis/e4197fe8-e5e5-4776-8ef6-26cc69c6c5b0: Starting segment from index:0
2019-08-28 15:36:41,470 [8ac6e4a2-e0c1-4238-9a47-28cd0ac1a81a:group-26CC69C6C5B0:LeaderElection93] INFO  impl.RaftServerImpl (ServerState.java:setRaftConf(361)) - 8ac6e4a2-e0c1-4238-9a47-28cd0ac1a81a:group-26CC69C6C5B0 set configuration 0: [8ac6e4a2-e0c1-4238-9a47-28cd0ac1a81a:192.168.157.202:41886], old=null at 0
2019-08-28 15:36:41,501 [77615d81-8c11-45ee-8068-94d065800645-SegmentedRaftLogWorker:Storage Directory /workdir/hadoop-ozone/integration-test/target/test-dir/MiniOzoneClusterImpl-c88bbe07-05a9-423a-b0e1-c9ede35d500a/datanode-2/data/ratis/a8ea9b9d-4261-4fe2-a759-4a287a029878] INFO  segmented.SegmentedRaftLogWorker (SegmentedRaftLogWorker.java:execute(569)) - 77615d81-8c11-45ee-8068-94d065800645-SegmentedRaftLogWorker:Storage Directory /workdir/hadoop-ozone/integration-test/target/test-dir/MiniOzoneClusterImpl-c88bbe07-05a9-423a-b0e1-c9ede35d500a/datanode-2/data/ratis/a8ea9b9d-4261-4fe2-a759-4a287a029878: created new log segment /workdir/hadoop-ozone/integration-test/target/test-dir/MiniOzoneClusterImpl-c88bbe07-05a9-423a-b0e1-c9ede35d500a/datanode-2/data/ratis/a8ea9b9d-4261-4fe2-a759-4a287a029878/current/log_inprogress_0
2019-08-28 15:36:41,501 [grpc-default-executor-11] INFO  impl.RaftServerImpl (ServerState.java:setRaftConf(361)) - 89ea525c-b884-4c8a-a58d-0993f9152014:group-4A287A029878 set configuration 0: [89ea525c-b884-4c8a-a58d-0993f9152014:192.168.157.202:38790, 77615d81-8c11-45ee-8068-94d065800645:192.168.157.202:43294, 8ce85811-8d59-4bde-a42a-d73a8f8a1f6b:192.168.157.202:43412], old=null at 0
2019-08-28 15:36:41,502 [grpc-default-executor-10] INFO  impl.RaftServerImpl (ServerState.java:setRaftConf(361)) - 8ce85811-8d59-4bde-a42a-d73a8f8a1f6b:group-4A287A029878 set configuration 0: [89ea525c-b884-4c8a-a58d-0993f9152014:192.168.157.202:38790, 77615d81-8c11-45ee-8068-94d065800645:192.168.157.202:43294, 8ce85811-8d59-4bde-a42a-d73a8f8a1f6b:192.168.157.202:43412], old=null at 0
2019-08-28 15:36:41,502 [grpc-default-executor-11] INFO  segmented.SegmentedRaftLogWorker (SegmentedRaftLogWorker.java:startLogSegment(380)) - 89ea525c-b884-4c8a-a58d-0993f9152014-SegmentedRaftLogWorker:Storage Directory /workdir/hadoop-ozone/integration-test/target/test-dir/MiniOzoneClusterImpl-c88bbe07-05a9-423a-b0e1-c9ede35d500a/datanode-1/data/ratis/a8ea9b9d-4261-4fe2-a759-4a287a029878: Starting segment from index:0
2019-08-28 15:36:41,502 [grpc-default-executor-10] INFO  segmented.SegmentedRaftLogWorker (SegmentedRaftLogWorker.java:startLogSegment(380)) - 8ce85811-8d59-4bde-a42a-d73a8f8a1f6b-SegmentedRaftLogWorker:Storage Directory /workdir/hadoop-ozone/integration-test/target/test-dir/MiniOzoneClusterImpl-c88bbe07-05a9-423a-b0e1-c9ede35d500a/datanode-0/data/ratis/a8ea9b9d-4261-4fe2-a759-4a287a029878: Starting segment from index:0
2019-08-28 15:36:41,513 [8ac6e4a2-e0c1-4238-9a47-28cd0ac1a81a-SegmentedRaftLogWorker:Storage Directory /workdir/hadoop-ozone/integration-test/target/test-dir/MiniOzoneClusterImpl-c88bbe07-05a9-423a-b0e1-c9ede35d500a/datanode-3/data/ratis/e4197fe8-e5e5-4776-8ef6-26cc69c6c5b0] INFO  segmented.SegmentedRaftLogWorker (SegmentedRaftLogWorker.java:execute(569)) - 8ac6e4a2-e0c1-4238-9a47-28cd0ac1a81a-SegmentedRaftLogWorker:Storage Directory /workdir/hadoop-ozone/integration-test/target/test-dir/MiniOzoneClusterImpl-c88bbe07-05a9-423a-b0e1-c9ede35d500a/datanode-3/data/ratis/e4197fe8-e5e5-4776-8ef6-26cc69c6c5b0: created new log segment /workdir/hadoop-ozone/integration-test/target/test-dir/MiniOzoneClusterImpl-c88bbe07-05a9-423a-b0e1-c9ede35d500a/datanode-3/data/ratis/e4197fe8-e5e5-4776-8ef6-26cc69c6c5b0/current/log_inprogress_0
2019-08-28 15:36:41,514 | INFO  | SCMAudit | user=jenkins1000 | ip=192.168.157.202 | op=SEND_HEARTBEAT {datanodeUUID=8ce85811-8d59-4bde-a42a-d73a8f8a1f6b, command=[]} | ret=SUCCESS |  
2019-08-28 15:36:41,518 | INFO  | SCMAudit | user=jenkins1000 | ip=192.168.157.202 | op=SEND_HEARTBEAT {datanodeUUID=2e3ab009-6d3b-4f9c-9baf-460c800051cc, command=[]} | ret=SUCCESS |  
2019-08-28 15:36:41,540 [89ea525c-b884-4c8a-a58d-0993f9152014-SegmentedRaftLogWorker:Storage Directory /workdir/hadoop-ozone/integration-test/target/test-dir/MiniOzoneClusterImpl-c88bbe07-05a9-423a-b0e1-c9ede35d500a/datanode-1/data/ratis/a8ea9b9d-4261-4fe2-a759-4a287a029878] INFO  segmented.SegmentedRaftLogWorker (SegmentedRaftLogWorker.java:execute(569)) - 89ea525c-b884-4c8a-a58d-0993f9152014-SegmentedRaftLogWorker:Storage Directory /workdir/hadoop-ozone/integration-test/target/test-dir/MiniOzoneClusterImpl-c88bbe07-05a9-423a-b0e1-c9ede35d500a/datanode-1/data/ratis/a8ea9b9d-4261-4fe2-a759-4a287a029878: created new log segment /workdir/hadoop-ozone/integration-test/target/test-dir/MiniOzoneClusterImpl-c88bbe07-05a9-423a-b0e1-c9ede35d500a/datanode-1/data/ratis/a8ea9b9d-4261-4fe2-a759-4a287a029878/current/log_inprogress_0
2019-08-28 15:36:41,540 [8ce85811-8d59-4bde-a42a-d73a8f8a1f6b-SegmentedRaftLogWorker:Storage Directory /workdir/hadoop-ozone/integration-test/target/test-dir/MiniOzoneClusterImpl-c88bbe07-05a9-423a-b0e1-c9ede35d500a/datanode-0/data/ratis/a8ea9b9d-4261-4fe2-a759-4a287a029878] INFO  segmented.SegmentedRaftLogWorker (SegmentedRaftLogWorker.java:execute(569)) - 8ce85811-8d59-4bde-a42a-d73a8f8a1f6b-SegmentedRaftLogWorker:Storage Directory /workdir/hadoop-ozone/integration-test/target/test-dir/MiniOzoneClusterImpl-c88bbe07-05a9-423a-b0e1-c9ede35d500a/datanode-0/data/ratis/a8ea9b9d-4261-4fe2-a759-4a287a029878: created new log segment /workdir/hadoop-ozone/integration-test/target/test-dir/MiniOzoneClusterImpl-c88bbe07-05a9-423a-b0e1-c9ede35d500a/datanode-0/data/ratis/a8ea9b9d-4261-4fe2-a759-4a287a029878/current/log_inprogress_0
2019-08-28 15:36:41,670 [Thread-3643] INFO  impl.FollowerState (FollowerState.java:run(106)) - 2e3ab009-6d3b-4f9c-9baf-460c800051cc:group-042B870DCD5A changes to CANDIDATE, lastRpcTime:5106, electionTimeout:5106ms
2019-08-28 15:36:41,670 [Thread-3643] INFO  impl.RoleInfo (RoleInfo.java:shutdownFollowerState(121)) - 2e3ab009-6d3b-4f9c-9baf-460c800051cc: shutdown FollowerState
2019-08-28 15:36:41,670 [Thread-3643] INFO  impl.RaftServerImpl (RaftServerImpl.java:setRole(171)) - 2e3ab009-6d3b-4f9c-9baf-460c800051cc:group-042B870DCD5A changes role from FOLLOWER to CANDIDATE at term 0 for changeToCandidate
2019-08-28 15:36:41,670 [Thread-3643] INFO  impl.RoleInfo (RoleInfo.java:updateAndGet(143)) - 2e3ab009-6d3b-4f9c-9baf-460c800051cc: start LeaderElection
2019-08-28 15:36:41,678 | INFO  | SCMAudit | user=jenkins1000 | ip=192.168.157.202 | op=SEND_HEARTBEAT {datanodeUUID=89ea525c-b884-4c8a-a58d-0993f9152014, command=[]} | ret=SUCCESS |  
2019-08-28 15:36:41,690 [2e3ab009-6d3b-4f9c-9baf-460c800051cc:group-042B870DCD5A:LeaderElection94] INFO  impl.LeaderElection (LeaderElection.java:askForVotes(181)) - 2e3ab009-6d3b-4f9c-9baf-460c800051cc:group-042B870DCD5A:LeaderElection94: begin an election at term 1 for -1: [2e3ab009-6d3b-4f9c-9baf-460c800051cc:192.168.157.202:32848], old=null
2019-08-28 15:36:41,690 [2e3ab009-6d3b-4f9c-9baf-460c800051cc:group-042B870DCD5A:LeaderElection94] INFO  impl.RoleInfo (RoleInfo.java:shutdownLeaderElection(134)) - 2e3ab009-6d3b-4f9c-9baf-460c800051cc: shutdown LeaderElection
2019-08-28 15:36:41,690 [2e3ab009-6d3b-4f9c-9baf-460c800051cc:group-042B870DCD5A:LeaderElection94] INFO  impl.RaftServerImpl (RaftServerImpl.java:setRole(171)) - 2e3ab009-6d3b-4f9c-9baf-460c800051cc:group-042B870DCD5A changes role from CANDIDATE to LEADER at term 1 for changeToLeader
2019-08-28 15:36:41,690 [2e3ab009-6d3b-4f9c-9baf-460c800051cc:group-042B870DCD5A:LeaderElection94] INFO  impl.RaftServerImpl (ServerState.java:setLeader(263)) - 2e3ab009-6d3b-4f9c-9baf-460c800051cc:group-042B870DCD5A change Leader from null to 2e3ab009-6d3b-4f9c-9baf-460c800051cc at term 1 for becomeLeader, leader elected after 5130ms
2019-08-28 15:36:41,690 [2e3ab009-6d3b-4f9c-9baf-460c800051cc:group-042B870DCD5A:LeaderElection94] INFO  server.RaftServerConfigKeys (ConfUtils.java:logGet(43)) - raft.server.staging.catchup.gap = 1000 (default)
2019-08-28 15:36:41,690 [2e3ab009-6d3b-4f9c-9baf-460c800051cc:group-042B870DCD5A:LeaderElection94] INFO  server.RaftServerConfigKeys (ConfUtils.java:logGet(43)) - raft.server.rpc.sleep.time = 25ms (default)
2019-08-28 15:36:41,690 [2e3ab009-6d3b-4f9c-9baf-460c800051cc:group-042B870DCD5A:LeaderElection94] INFO  server.RaftServerConfigKeys (ConfUtils.java:logGet(43)) - raft.server.write.element-limit = 4096 (default)
2019-08-28 15:36:41,691 [2e3ab009-6d3b-4f9c-9baf-460c800051cc:group-042B870DCD5A:LeaderElection94] INFO  server.RaftServerConfigKeys (ConfUtils.java:logGet(43)) - raft.server.watch.timeout = 10s (default)
2019-08-28 15:36:41,691 [2e3ab009-6d3b-4f9c-9baf-460c800051cc:group-042B870DCD5A:LeaderElection94] INFO  server.RaftServerConfigKeys (ConfUtils.java:logGet(43)) - raft.server.watch.timeout.denomination = 1s (default)
2019-08-28 15:36:41,691 [2e3ab009-6d3b-4f9c-9baf-460c800051cc:group-042B870DCD5A:LeaderElection94] INFO  server.RaftServerConfigKeys (ConfUtils.java:logGet(43)) - raft.server.watch.element-limit = 65536 (default)
2019-08-28 15:36:41,691 [2e3ab009-6d3b-4f9c-9baf-460c800051cc:group-042B870DCD5A:LeaderElection94] INFO  impl.RoleInfo (RoleInfo.java:updateAndGet(143)) - 2e3ab009-6d3b-4f9c-9baf-460c800051cc: start LeaderState
2019-08-28 15:36:41,691 [2e3ab009-6d3b-4f9c-9baf-460c800051cc:group-042B870DCD5A:LeaderElection94] INFO  segmented.SegmentedRaftLogWorker (SegmentedRaftLogWorker.java:startLogSegment(380)) - 2e3ab009-6d3b-4f9c-9baf-460c800051cc-SegmentedRaftLogWorker:Storage Directory /workdir/hadoop-ozone/integration-test/target/test-dir/MiniOzoneClusterImpl-c88bbe07-05a9-423a-b0e1-c9ede35d500a/datanode-4/data/ratis/1013fc3b-f712-413e-a972-042b870dcd5a: Starting segment from index:0
2019-08-28 15:36:41,692 [2e3ab009-6d3b-4f9c-9baf-460c800051cc:group-042B870DCD5A:LeaderElection94] INFO  impl.RaftServerImpl (ServerState.java:setRaftConf(361)) - 2e3ab009-6d3b-4f9c-9baf-460c800051cc:group-042B870DCD5A set configuration 0: [2e3ab009-6d3b-4f9c-9baf-460c800051cc:192.168.157.202:32848], old=null at 0
2019-08-28 15:36:41,727 | INFO  | SCMAudit | user=jenkins1000 | ip=192.168.157.202 | op=SEND_HEARTBEAT {datanodeUUID=ad22b398-6137-4426-bbd7-ba2dd03ed0e3, command=[]} | ret=SUCCESS |  
2019-08-28 15:36:41,739 [2e3ab009-6d3b-4f9c-9baf-460c800051cc-SegmentedRaftLogWorker:Storage Directory /workdir/hadoop-ozone/integration-test/target/test-dir/MiniOzoneClusterImpl-c88bbe07-05a9-423a-b0e1-c9ede35d500a/datanode-4/data/ratis/1013fc3b-f712-413e-a972-042b870dcd5a] INFO  segmented.SegmentedRaftLogWorker (SegmentedRaftLogWorker.java:execute(569)) - 2e3ab009-6d3b-4f9c-9baf-460c800051cc-SegmentedRaftLogWorker:Storage Directory /workdir/hadoop-ozone/integration-test/target/test-dir/MiniOzoneClusterImpl-c88bbe07-05a9-423a-b0e1-c9ede35d500a/datanode-4/data/ratis/1013fc3b-f712-413e-a972-042b870dcd5a: created new log segment /workdir/hadoop-ozone/integration-test/target/test-dir/MiniOzoneClusterImpl-c88bbe07-05a9-423a-b0e1-c9ede35d500a/datanode-4/data/ratis/1013fc3b-f712-413e-a972-042b870dcd5a/current/log_inprogress_0
2019-08-28 15:36:41,849 [Thread-3652] INFO  impl.FollowerState (FollowerState.java:run(106)) - ad22b398-6137-4426-bbd7-ba2dd03ed0e3:group-3831347F2B07 changes to CANDIDATE, lastRpcTime:5031, electionTimeout:5031ms
2019-08-28 15:36:41,849 [Thread-3652] INFO  impl.RoleInfo (RoleInfo.java:shutdownFollowerState(121)) - ad22b398-6137-4426-bbd7-ba2dd03ed0e3: shutdown FollowerState
2019-08-28 15:36:41,849 [Thread-3652] INFO  impl.RaftServerImpl (RaftServerImpl.java:setRole(171)) - ad22b398-6137-4426-bbd7-ba2dd03ed0e3:group-3831347F2B07 changes role from FOLLOWER to CANDIDATE at term 0 for changeToCandidate
2019-08-28 15:36:41,850 [Thread-3652] INFO  impl.RoleInfo (RoleInfo.java:updateAndGet(143)) - ad22b398-6137-4426-bbd7-ba2dd03ed0e3: start LeaderElection
2019-08-28 15:36:41,860 [Thread-3646] INFO  impl.FollowerState (FollowerState.java:run(106)) - ad22b398-6137-4426-bbd7-ba2dd03ed0e3:group-3608AA01CBEA changes to CANDIDATE, lastRpcTime:5099, electionTimeout:5099ms
2019-08-28 15:36:41,860 [Thread-3646] INFO  impl.RoleInfo (RoleInfo.java:shutdownFollowerState(121)) - ad22b398-6137-4426-bbd7-ba2dd03ed0e3: shutdown FollowerState
2019-08-28 15:36:41,860 [Thread-3646] INFO  impl.RaftServerImpl (RaftServerImpl.java:setRole(171)) - ad22b398-6137-4426-bbd7-ba2dd03ed0e3:group-3608AA01CBEA changes role from FOLLOWER to CANDIDATE at term 0 for changeToCandidate
2019-08-28 15:36:41,860 [Thread-3646] INFO  impl.RoleInfo (RoleInfo.java:updateAndGet(143)) - ad22b398-6137-4426-bbd7-ba2dd03ed0e3: start LeaderElection
2019-08-28 15:36:41,869 [ad22b398-6137-4426-bbd7-ba2dd03ed0e3:group-3608AA01CBEA:LeaderElection96] INFO  impl.LeaderElection (LeaderElection.java:askForVotes(181)) - ad22b398-6137-4426-bbd7-ba2dd03ed0e3:group-3608AA01CBEA:LeaderElection96: begin an election at term 1 for -1: [ad22b398-6137-4426-bbd7-ba2dd03ed0e3:192.168.157.202:33086], old=null
2019-08-28 15:36:41,869 [ad22b398-6137-4426-bbd7-ba2dd03ed0e3:group-3831347F2B07:LeaderElection95] INFO  impl.LeaderElection (LeaderElection.java:askForVotes(181)) - ad22b398-6137-4426-bbd7-ba2dd03ed0e3:group-3831347F2B07:LeaderElection95: begin an election at term 1 for -1: [8ac6e4a2-e0c1-4238-9a47-28cd0ac1a81a:192.168.157.202:41886, 2e3ab009-6d3b-4f9c-9baf-460c800051cc:192.168.157.202:32848, ad22b398-6137-4426-bbd7-ba2dd03ed0e3:192.168.157.202:33086], old=null
2019-08-28 15:36:41,869 [ad22b398-6137-4426-bbd7-ba2dd03ed0e3:group-3608AA01CBEA:LeaderElection96] INFO  impl.RoleInfo (RoleInfo.java:shutdownLeaderElection(134)) - ad22b398-6137-4426-bbd7-ba2dd03ed0e3: shutdown LeaderElection
2019-08-28 15:36:41,870 [ad22b398-6137-4426-bbd7-ba2dd03ed0e3:group-3608AA01CBEA:LeaderElection96] INFO  impl.RaftServerImpl (RaftServerImpl.java:setRole(171)) - ad22b398-6137-4426-bbd7-ba2dd03ed0e3:group-3608AA01CBEA changes role from CANDIDATE to LEADER at term 1 for changeToLeader
2019-08-28 15:36:41,870 [ad22b398-6137-4426-bbd7-ba2dd03ed0e3:group-3608AA01CBEA:LeaderElection96] INFO  impl.RaftServerImpl (ServerState.java:setLeader(263)) - ad22b398-6137-4426-bbd7-ba2dd03ed0e3:group-3608AA01CBEA change Leader from null to ad22b398-6137-4426-bbd7-ba2dd03ed0e3 at term 1 for becomeLeader, leader elected after 5112ms
2019-08-28 15:36:41,870 [ad22b398-6137-4426-bbd7-ba2dd03ed0e3:group-3608AA01CBEA:LeaderElection96] INFO  server.RaftServerConfigKeys (ConfUtils.java:logGet(43)) - raft.server.staging.catchup.gap = 1000 (default)
2019-08-28 15:36:41,870 [ad22b398-6137-4426-bbd7-ba2dd03ed0e3:group-3608AA01CBEA:LeaderElection96] INFO  server.RaftServerConfigKeys (ConfUtils.java:logGet(43)) - raft.server.rpc.sleep.time = 25ms (default)
2019-08-28 15:36:41,870 [ad22b398-6137-4426-bbd7-ba2dd03ed0e3:group-3608AA01CBEA:LeaderElection96] INFO  server.RaftServerConfigKeys (ConfUtils.java:logGet(43)) - raft.server.write.element-limit = 4096 (default)
2019-08-28 15:36:41,870 [ad22b398-6137-4426-bbd7-ba2dd03ed0e3:group-3608AA01CBEA:LeaderElection96] INFO  server.RaftServerConfigKeys (ConfUtils.java:logGet(43)) - raft.server.watch.timeout = 10s (default)
2019-08-28 15:36:41,871 [ad22b398-6137-4426-bbd7-ba2dd03ed0e3:group-3608AA01CBEA:LeaderElection96] INFO  server.RaftServerConfigKeys (ConfUtils.java:logGet(43)) - raft.server.watch.timeout.denomination = 1s (default)
2019-08-28 15:36:41,871 [ad22b398-6137-4426-bbd7-ba2dd03ed0e3:group-3608AA01CBEA:LeaderElection96] INFO  server.RaftServerConfigKeys (ConfUtils.java:logGet(43)) - raft.server.watch.element-limit = 65536 (default)
2019-08-28 15:36:41,871 [ad22b398-6137-4426-bbd7-ba2dd03ed0e3:group-3608AA01CBEA:LeaderElection96] INFO  impl.RoleInfo (RoleInfo.java:updateAndGet(143)) - ad22b398-6137-4426-bbd7-ba2dd03ed0e3: start LeaderState
2019-08-28 15:36:41,874 [ad22b398-6137-4426-bbd7-ba2dd03ed0e3:group-3608AA01CBEA:LeaderElection96] INFO  segmented.SegmentedRaftLogWorker (SegmentedRaftLogWorker.java:startLogSegment(380)) - ad22b398-6137-4426-bbd7-ba2dd03ed0e3-SegmentedRaftLogWorker:Storage Directory /workdir/hadoop-ozone/integration-test/target/test-dir/MiniOzoneClusterImpl-c88bbe07-05a9-423a-b0e1-c9ede35d500a/datanode-5/data/ratis/ecc1d381-f5f0-420f-99c9-3608aa01cbea: Starting segment from index:0
2019-08-28 15:36:41,875 [ad22b398-6137-4426-bbd7-ba2dd03ed0e3:group-3608AA01CBEA:LeaderElection96] INFO  impl.RaftServerImpl (ServerState.java:setRaftConf(361)) - ad22b398-6137-4426-bbd7-ba2dd03ed0e3:group-3608AA01CBEA set configuration 0: [ad22b398-6137-4426-bbd7-ba2dd03ed0e3:192.168.157.202:33086], old=null at 0
2019-08-28 15:36:41,912 | INFO  | SCMAudit | user=jenkins1000 | ip=192.168.157.202 | op=SEND_HEARTBEAT {datanodeUUID=bf0ddda3-9c1a-46b4-880b-b69c4520600a, command=[]} | ret=SUCCESS |  
2019-08-28 15:36:41,913 [grpc-default-executor-10] INFO  impl.RaftServerImpl (RaftServerImpl.java:setRole(171)) - 2e3ab009-6d3b-4f9c-9baf-460c800051cc:group-3831347F2B07 changes role from FOLLOWER to FOLLOWER at term 1 for recognizeCandidate:ad22b398-6137-4426-bbd7-ba2dd03ed0e3
2019-08-28 15:36:41,913 [grpc-default-executor-11] INFO  impl.RaftServerImpl (RaftServerImpl.java:setRole(171)) - 8ac6e4a2-e0c1-4238-9a47-28cd0ac1a81a:group-3831347F2B07 changes role from FOLLOWER to FOLLOWER at term 1 for recognizeCandidate:ad22b398-6137-4426-bbd7-ba2dd03ed0e3
2019-08-28 15:36:41,913 [grpc-default-executor-10] INFO  impl.RoleInfo (RoleInfo.java:shutdownFollowerState(121)) - 2e3ab009-6d3b-4f9c-9baf-460c800051cc: shutdown FollowerState
2019-08-28 15:36:41,913 [grpc-default-executor-11] INFO  impl.RoleInfo (RoleInfo.java:shutdownFollowerState(121)) - 8ac6e4a2-e0c1-4238-9a47-28cd0ac1a81a: shutdown FollowerState
2019-08-28 15:36:41,914 [Thread-3655] INFO  impl.FollowerState (FollowerState.java:run(114)) - 2e3ab009-6d3b-4f9c-9baf-460c800051cc: FollowerState was interrupted: java.lang.InterruptedException: sleep interrupted
2019-08-28 15:36:41,914 [grpc-default-executor-10] INFO  impl.RoleInfo (RoleInfo.java:updateAndGet(143)) - 2e3ab009-6d3b-4f9c-9baf-460c800051cc: start FollowerState
2019-08-28 15:36:41,914 [Thread-3649] INFO  impl.FollowerState (FollowerState.java:run(114)) - 8ac6e4a2-e0c1-4238-9a47-28cd0ac1a81a: FollowerState was interrupted: java.lang.InterruptedException: sleep interrupted
2019-08-28 15:36:41,914 [grpc-default-executor-11] INFO  impl.RoleInfo (RoleInfo.java:updateAndGet(143)) - 8ac6e4a2-e0c1-4238-9a47-28cd0ac1a81a: start FollowerState
2019-08-28 15:36:41,925 [ad22b398-6137-4426-bbd7-ba2dd03ed0e3-SegmentedRaftLogWorker:Storage Directory /workdir/hadoop-ozone/integration-test/target/test-dir/MiniOzoneClusterImpl-c88bbe07-05a9-423a-b0e1-c9ede35d500a/datanode-5/data/ratis/ecc1d381-f5f0-420f-99c9-3608aa01cbea] INFO  segmented.SegmentedRaftLogWorker (SegmentedRaftLogWorker.java:execute(569)) - ad22b398-6137-4426-bbd7-ba2dd03ed0e3-SegmentedRaftLogWorker:Storage Directory /workdir/hadoop-ozone/integration-test/target/test-dir/MiniOzoneClusterImpl-c88bbe07-05a9-423a-b0e1-c9ede35d500a/datanode-5/data/ratis/ecc1d381-f5f0-420f-99c9-3608aa01cbea: created new log segment /workdir/hadoop-ozone/integration-test/target/test-dir/MiniOzoneClusterImpl-c88bbe07-05a9-423a-b0e1-c9ede35d500a/datanode-5/data/ratis/ecc1d381-f5f0-420f-99c9-3608aa01cbea/current/log_inprogress_0
2019-08-28 15:36:41,926 [ad22b398-6137-4426-bbd7-ba2dd03ed0e3:group-3831347F2B07:LeaderElection95] INFO  impl.LeaderElection (LeaderElection.java:logAndReturn(56)) - ad22b398-6137-4426-bbd7-ba2dd03ed0e3:group-3831347F2B07:LeaderElection95: Election PASSED; received 1 response(s) [ad22b398-6137-4426-bbd7-ba2dd03ed0e3<-2e3ab009-6d3b-4f9c-9baf-460c800051cc#0:OK-t1] and 0 exception(s); ad22b398-6137-4426-bbd7-ba2dd03ed0e3:t1, leader=null, voted=ad22b398-6137-4426-bbd7-ba2dd03ed0e3, raftlog=ad22b398-6137-4426-bbd7-ba2dd03ed0e3-SegmentedRaftLog:OPENED:c-1,f-1,i0, conf=-1: [8ac6e4a2-e0c1-4238-9a47-28cd0ac1a81a:192.168.157.202:41886, 2e3ab009-6d3b-4f9c-9baf-460c800051cc:192.168.157.202:32848, ad22b398-6137-4426-bbd7-ba2dd03ed0e3:192.168.157.202:33086], old=null
2019-08-28 15:36:41,926 [ad22b398-6137-4426-bbd7-ba2dd03ed0e3:group-3831347F2B07:LeaderElection95] INFO  impl.RoleInfo (RoleInfo.java:shutdownLeaderElection(134)) - ad22b398-6137-4426-bbd7-ba2dd03ed0e3: shutdown LeaderElection
2019-08-28 15:36:41,926 [ad22b398-6137-4426-bbd7-ba2dd03ed0e3:group-3831347F2B07:LeaderElection95] INFO  impl.RaftServerImpl (RaftServerImpl.java:setRole(171)) - ad22b398-6137-4426-bbd7-ba2dd03ed0e3:group-3831347F2B07 changes role from CANDIDATE to LEADER at term 1 for changeToLeader
2019-08-28 15:36:41,926 [ad22b398-6137-4426-bbd7-ba2dd03ed0e3:group-3831347F2B07:LeaderElection95] INFO  impl.RaftServerImpl (ServerState.java:setLeader(263)) - ad22b398-6137-4426-bbd7-ba2dd03ed0e3:group-3831347F2B07 change Leader from null to ad22b398-6137-4426-bbd7-ba2dd03ed0e3 at term 1 for becomeLeader, leader elected after 5118ms
2019-08-28 15:36:41,926 [ad22b398-6137-4426-bbd7-ba2dd03ed0e3:group-3831347F2B07:LeaderElection95] INFO  server.RaftServerConfigKeys (ConfUtils.java:logGet(43)) - raft.server.staging.catchup.gap = 1000 (default)
2019-08-28 15:36:41,926 [ad22b398-6137-4426-bbd7-ba2dd03ed0e3:group-3831347F2B07:LeaderElection95] INFO  server.RaftServerConfigKeys (ConfUtils.java:logGet(43)) - raft.server.rpc.sleep.time = 25ms (default)
2019-08-28 15:36:41,926 [ad22b398-6137-4426-bbd7-ba2dd03ed0e3:group-3831347F2B07:LeaderElection95] INFO  server.RaftServerConfigKeys (ConfUtils.java:logGet(43)) - raft.server.write.element-limit = 4096 (default)
2019-08-28 15:36:41,926 [ad22b398-6137-4426-bbd7-ba2dd03ed0e3:group-3831347F2B07:LeaderElection95] INFO  server.RaftServerConfigKeys (ConfUtils.java:logGet(43)) - raft.server.watch.timeout = 10s (default)
2019-08-28 15:36:41,926 [ad22b398-6137-4426-bbd7-ba2dd03ed0e3:group-3831347F2B07:LeaderElection95] INFO  server.RaftServerConfigKeys (ConfUtils.java:logGet(43)) - raft.server.watch.timeout.denomination = 1s (default)
2019-08-28 15:36:41,927 [ad22b398-6137-4426-bbd7-ba2dd03ed0e3:group-3831347F2B07:LeaderElection95] INFO  server.RaftServerConfigKeys (ConfUtils.java:logGet(43)) - raft.server.watch.element-limit = 65536 (default)
2019-08-28 15:36:41,927 [ad22b398-6137-4426-bbd7-ba2dd03ed0e3:group-3831347F2B07:LeaderElection95] INFO  server.RaftServerConfigKeys (ConfUtils.java:logGet(43)) - raft.server.log.appender.snapshot.chunk.size.max = 16MB (=16777216) (default)
2019-08-28 15:36:41,927 [ad22b398-6137-4426-bbd7-ba2dd03ed0e3:group-3831347F2B07:LeaderElection95] INFO  server.RaftServerConfigKeys (ConfUtils.java:logGet(43)) - raft.server.log.appender.buffer.byte-limit = 33554432 (custom)
2019-08-28 15:36:41,927 [ad22b398-6137-4426-bbd7-ba2dd03ed0e3:group-3831347F2B07:LeaderElection95] INFO  server.RaftServerConfigKeys (ConfUtils.java:logGet(43)) - raft.server.log.appender.buffer.element-limit = 1 (custom)
2019-08-28 15:36:41,927 [ad22b398-6137-4426-bbd7-ba2dd03ed0e3:group-3831347F2B07:LeaderElection95] INFO  grpc.GrpcConfigKeys$Server (ConfUtils.java:logGet(43)) - raft.grpc.server.leader.outstanding.appends.max = 128 (default)
2019-08-28 15:36:41,927 [ad22b398-6137-4426-bbd7-ba2dd03ed0e3:group-3831347F2B07:LeaderElection95] INFO  server.RaftServerConfigKeys (ConfUtils.java:logGet(43)) - raft.server.rpc.request.timeout = 3000ms (default)
2019-08-28 15:36:41,927 [ad22b398-6137-4426-bbd7-ba2dd03ed0e3:group-3831347F2B07:LeaderElection95] INFO  server.RaftServerConfigKeys (ConfUtils.java:logGet(43)) - raft.server.log.appender.install.snapshot.enabled = false (custom)
2019-08-28 15:36:41,928 [ad22b398-6137-4426-bbd7-ba2dd03ed0e3:group-3831347F2B07:LeaderElection95] INFO  server.RaftServerConfigKeys (ConfUtils.java:logGet(43)) - raft.server.log.appender.snapshot.chunk.size.max = 16MB (=16777216) (default)
2019-08-28 15:36:41,928 [ad22b398-6137-4426-bbd7-ba2dd03ed0e3:group-3831347F2B07:LeaderElection95] INFO  server.RaftServerConfigKeys (ConfUtils.java:logGet(43)) - raft.server.log.appender.buffer.byte-limit = 33554432 (custom)
2019-08-28 15:36:41,928 [ad22b398-6137-4426-bbd7-ba2dd03ed0e3:group-3831347F2B07:LeaderElection95] INFO  server.RaftServerConfigKeys (ConfUtils.java:logGet(43)) - raft.server.log.appender.buffer.element-limit = 1 (custom)
2019-08-28 15:36:41,928 [ad22b398-6137-4426-bbd7-ba2dd03ed0e3:group-3831347F2B07:LeaderElection95] INFO  grpc.GrpcConfigKeys$Server (ConfUtils.java:logGet(43)) - raft.grpc.server.leader.outstanding.appends.max = 128 (default)
2019-08-28 15:36:41,928 [ad22b398-6137-4426-bbd7-ba2dd03ed0e3:group-3831347F2B07:LeaderElection95] INFO  server.RaftServerConfigKeys (ConfUtils.java:logGet(43)) - raft.server.rpc.request.timeout = 3000ms (default)
2019-08-28 15:36:41,928 [ad22b398-6137-4426-bbd7-ba2dd03ed0e3:group-3831347F2B07:LeaderElection95] INFO  server.RaftServerConfigKeys (ConfUtils.java:logGet(43)) - raft.server.log.appender.install.snapshot.enabled = false (custom)
2019-08-28 15:36:41,928 [ad22b398-6137-4426-bbd7-ba2dd03ed0e3:group-3831347F2B07:LeaderElection95] INFO  impl.RoleInfo (RoleInfo.java:updateAndGet(143)) - ad22b398-6137-4426-bbd7-ba2dd03ed0e3: start LeaderState
2019-08-28 15:36:41,928 [ad22b398-6137-4426-bbd7-ba2dd03ed0e3:group-3831347F2B07:LeaderElection95] INFO  segmented.SegmentedRaftLogWorker (SegmentedRaftLogWorker.java:startLogSegment(380)) - ad22b398-6137-4426-bbd7-ba2dd03ed0e3-SegmentedRaftLogWorker:Storage Directory /workdir/hadoop-ozone/integration-test/target/test-dir/MiniOzoneClusterImpl-c88bbe07-05a9-423a-b0e1-c9ede35d500a/datanode-5/data/ratis/c753a03f-b84d-4b6e-a65c-3831347f2b07: Starting segment from index:0
2019-08-28 15:36:41,929 [ad22b398-6137-4426-bbd7-ba2dd03ed0e3:group-3831347F2B07:LeaderElection95] INFO  impl.RaftServerImpl (ServerState.java:setRaftConf(361)) - ad22b398-6137-4426-bbd7-ba2dd03ed0e3:group-3831347F2B07 set configuration 0: [8ac6e4a2-e0c1-4238-9a47-28cd0ac1a81a:192.168.157.202:41886, 2e3ab009-6d3b-4f9c-9baf-460c800051cc:192.168.157.202:32848, ad22b398-6137-4426-bbd7-ba2dd03ed0e3:192.168.157.202:33086], old=null at 0
2019-08-28 15:36:41,971 [grpc-default-executor-10] INFO  impl.RaftServerImpl (ServerState.java:setLeader(263)) - 2e3ab009-6d3b-4f9c-9baf-460c800051cc:group-3831347F2B07 change Leader from null to ad22b398-6137-4426-bbd7-ba2dd03ed0e3 at term 1 for appendEntries, leader elected after 5163ms
2019-08-28 15:36:41,971 [grpc-default-executor-11] INFO  impl.RaftServerImpl (ServerState.java:setLeader(263)) - 8ac6e4a2-e0c1-4238-9a47-28cd0ac1a81a:group-3831347F2B07 change Leader from null to ad22b398-6137-4426-bbd7-ba2dd03ed0e3 at term 1 for appendEntries, leader elected after 5163ms
2019-08-28 15:36:41,977 [grpc-default-executor-11] INFO  impl.RaftServerImpl (ServerState.java:setRaftConf(361)) - 2e3ab009-6d3b-4f9c-9baf-460c800051cc:group-3831347F2B07 set configuration 0: [8ac6e4a2-e0c1-4238-9a47-28cd0ac1a81a:192.168.157.202:41886, 2e3ab009-6d3b-4f9c-9baf-460c800051cc:192.168.157.202:32848, ad22b398-6137-4426-bbd7-ba2dd03ed0e3:192.168.157.202:33086], old=null at 0
2019-08-28 15:36:41,980 [grpc-default-executor-10] INFO  impl.RaftServerImpl (ServerState.java:setRaftConf(361)) - 8ac6e4a2-e0c1-4238-9a47-28cd0ac1a81a:group-3831347F2B07 set configuration 0: [8ac6e4a2-e0c1-4238-9a47-28cd0ac1a81a:192.168.157.202:41886, 2e3ab009-6d3b-4f9c-9baf-460c800051cc:192.168.157.202:32848, ad22b398-6137-4426-bbd7-ba2dd03ed0e3:192.168.157.202:33086], old=null at 0
2019-08-28 15:36:41,980 [grpc-default-executor-11] INFO  segmented.SegmentedRaftLogWorker (SegmentedRaftLogWorker.java:startLogSegment(380)) - 2e3ab009-6d3b-4f9c-9baf-460c800051cc-SegmentedRaftLogWorker:Storage Directory /workdir/hadoop-ozone/integration-test/target/test-dir/MiniOzoneClusterImpl-c88bbe07-05a9-423a-b0e1-c9ede35d500a/datanode-4/data/ratis/c753a03f-b84d-4b6e-a65c-3831347f2b07: Starting segment from index:0
2019-08-28 15:36:41,980 [grpc-default-executor-10] INFO  segmented.SegmentedRaftLogWorker (SegmentedRaftLogWorker.java:startLogSegment(380)) - 8ac6e4a2-e0c1-4238-9a47-28cd0ac1a81a-SegmentedRaftLogWorker:Storage Directory /workdir/hadoop-ozone/integration-test/target/test-dir/MiniOzoneClusterImpl-c88bbe07-05a9-423a-b0e1-c9ede35d500a/datanode-3/data/ratis/c753a03f-b84d-4b6e-a65c-3831347f2b07: Starting segment from index:0
2019-08-28 15:36:41,983 [ad22b398-6137-4426-bbd7-ba2dd03ed0e3-SegmentedRaftLogWorker:Storage Directory /workdir/hadoop-ozone/integration-test/target/test-dir/MiniOzoneClusterImpl-c88bbe07-05a9-423a-b0e1-c9ede35d500a/datanode-5/data/ratis/c753a03f-b84d-4b6e-a65c-3831347f2b07] INFO  segmented.SegmentedRaftLogWorker (SegmentedRaftLogWorker.java:execute(569)) - ad22b398-6137-4426-bbd7-ba2dd03ed0e3-SegmentedRaftLogWorker:Storage Directory /workdir/hadoop-ozone/integration-test/target/test-dir/MiniOzoneClusterImpl-c88bbe07-05a9-423a-b0e1-c9ede35d500a/datanode-5/data/ratis/c753a03f-b84d-4b6e-a65c-3831347f2b07: created new log segment /workdir/hadoop-ozone/integration-test/target/test-dir/MiniOzoneClusterImpl-c88bbe07-05a9-423a-b0e1-c9ede35d500a/datanode-5/data/ratis/c753a03f-b84d-4b6e-a65c-3831347f2b07/current/log_inprogress_0
2019-08-28 15:36:42,024 [8ac6e4a2-e0c1-4238-9a47-28cd0ac1a81a-SegmentedRaftLogWorker:Storage Directory /workdir/hadoop-ozone/integration-test/target/test-dir/MiniOzoneClusterImpl-c88bbe07-05a9-423a-b0e1-c9ede35d500a/datanode-3/data/ratis/c753a03f-b84d-4b6e-a65c-3831347f2b07] INFO  segmented.SegmentedRaftLogWorker (SegmentedRaftLogWorker.java:execute(569)) - 8ac6e4a2-e0c1-4238-9a47-28cd0ac1a81a-SegmentedRaftLogWorker:Storage Directory /workdir/hadoop-ozone/integration-test/target/test-dir/MiniOzoneClusterImpl-c88bbe07-05a9-423a-b0e1-c9ede35d500a/datanode-3/data/ratis/c753a03f-b84d-4b6e-a65c-3831347f2b07: created new log segment /workdir/hadoop-ozone/integration-test/target/test-dir/MiniOzoneClusterImpl-c88bbe07-05a9-423a-b0e1-c9ede35d500a/datanode-3/data/ratis/c753a03f-b84d-4b6e-a65c-3831347f2b07/current/log_inprogress_0
2019-08-28 15:36:42,025 [2e3ab009-6d3b-4f9c-9baf-460c800051cc-SegmentedRaftLogWorker:Storage Directory /workdir/hadoop-ozone/integration-test/target/test-dir/MiniOzoneClusterImpl-c88bbe07-05a9-423a-b0e1-c9ede35d500a/datanode-4/data/ratis/c753a03f-b84d-4b6e-a65c-3831347f2b07] INFO  segmented.SegmentedRaftLogWorker (SegmentedRaftLogWorker.java:execute(569)) - 2e3ab009-6d3b-4f9c-9baf-460c800051cc-SegmentedRaftLogWorker:Storage Directory /workdir/hadoop-ozone/integration-test/target/test-dir/MiniOzoneClusterImpl-c88bbe07-05a9-423a-b0e1-c9ede35d500a/datanode-4/data/ratis/c753a03f-b84d-4b6e-a65c-3831347f2b07: created new log segment /workdir/hadoop-ozone/integration-test/target/test-dir/MiniOzoneClusterImpl-c88bbe07-05a9-423a-b0e1-c9ede35d500a/datanode-4/data/ratis/c753a03f-b84d-4b6e-a65c-3831347f2b07/current/log_inprogress_0
2019-08-28 15:36:42,038 [Thread-3658] INFO  impl.FollowerState (FollowerState.java:run(106)) - bf0ddda3-9c1a-46b4-880b-b69c4520600a:group-2783DE4682E8 changes to CANDIDATE, lastRpcTime:5087, electionTimeout:5087ms
2019-08-28 15:36:42,039 [Thread-3658] INFO  impl.RoleInfo (RoleInfo.java:shutdownFollowerState(121)) - bf0ddda3-9c1a-46b4-880b-b69c4520600a: shutdown FollowerState
2019-08-28 15:36:42,039 [Thread-3658] INFO  impl.RaftServerImpl (RaftServerImpl.java:setRole(171)) - bf0ddda3-9c1a-46b4-880b-b69c4520600a:group-2783DE4682E8 changes role from FOLLOWER to CANDIDATE at term 0 for changeToCandidate
2019-08-28 15:36:42,039 [Thread-3658] INFO  impl.RoleInfo (RoleInfo.java:updateAndGet(143)) - bf0ddda3-9c1a-46b4-880b-b69c4520600a: start LeaderElection
2019-08-28 15:36:42,058 [bf0ddda3-9c1a-46b4-880b-b69c4520600a:group-2783DE4682E8:LeaderElection97] INFO  impl.LeaderElection (LeaderElection.java:askForVotes(181)) - bf0ddda3-9c1a-46b4-880b-b69c4520600a:group-2783DE4682E8:LeaderElection97: begin an election at term 1 for -1: [bf0ddda3-9c1a-46b4-880b-b69c4520600a:192.168.157.202:34903], old=null
2019-08-28 15:36:42,058 [bf0ddda3-9c1a-46b4-880b-b69c4520600a:group-2783DE4682E8:LeaderElection97] INFO  impl.RoleInfo (RoleInfo.java:shutdownLeaderElection(134)) - bf0ddda3-9c1a-46b4-880b-b69c4520600a: shutdown LeaderElection
2019-08-28 15:36:42,058 [bf0ddda3-9c1a-46b4-880b-b69c4520600a:group-2783DE4682E8:LeaderElection97] INFO  impl.RaftServerImpl (RaftServerImpl.java:setRole(171)) - bf0ddda3-9c1a-46b4-880b-b69c4520600a:group-2783DE4682E8 changes role from CANDIDATE to LEADER at term 1 for changeToLeader
2019-08-28 15:36:42,058 [bf0ddda3-9c1a-46b4-880b-b69c4520600a:group-2783DE4682E8:LeaderElection97] INFO  impl.RaftServerImpl (ServerState.java:setLeader(263)) - bf0ddda3-9c1a-46b4-880b-b69c4520600a:group-2783DE4682E8 change Leader from null to bf0ddda3-9c1a-46b4-880b-b69c4520600a at term 1 for becomeLeader, leader elected after 5109ms
2019-08-28 15:36:42,058 [bf0ddda3-9c1a-46b4-880b-b69c4520600a:group-2783DE4682E8:LeaderElection97] INFO  server.RaftServerConfigKeys (ConfUtils.java:logGet(43)) - raft.server.staging.catchup.gap = 1000 (default)
2019-08-28 15:36:42,058 [bf0ddda3-9c1a-46b4-880b-b69c4520600a:group-2783DE4682E8:LeaderElection97] INFO  server.RaftServerConfigKeys (ConfUtils.java:logGet(43)) - raft.server.rpc.sleep.time = 25ms (default)
2019-08-28 15:36:42,058 [bf0ddda3-9c1a-46b4-880b-b69c4520600a:group-2783DE4682E8:LeaderElection97] INFO  server.RaftServerConfigKeys (ConfUtils.java:logGet(43)) - raft.server.write.element-limit = 4096 (default)
2019-08-28 15:36:42,058 [bf0ddda3-9c1a-46b4-880b-b69c4520600a:group-2783DE4682E8:LeaderElection97] INFO  server.RaftServerConfigKeys (ConfUtils.java:logGet(43)) - raft.server.watch.timeout = 10s (default)
2019-08-28 15:36:42,058 [bf0ddda3-9c1a-46b4-880b-b69c4520600a:group-2783DE4682E8:LeaderElection97] INFO  server.RaftServerConfigKeys (ConfUtils.java:logGet(43)) - raft.server.watch.timeout.denomination = 1s (default)
2019-08-28 15:36:42,059 [bf0ddda3-9c1a-46b4-880b-b69c4520600a:group-2783DE4682E8:LeaderElection97] INFO  server.RaftServerConfigKeys (ConfUtils.java:logGet(43)) - raft.server.watch.element-limit = 65536 (default)
2019-08-28 15:36:42,059 [bf0ddda3-9c1a-46b4-880b-b69c4520600a:group-2783DE4682E8:LeaderElection97] INFO  impl.RoleInfo (RoleInfo.java:updateAndGet(143)) - bf0ddda3-9c1a-46b4-880b-b69c4520600a: start LeaderState
2019-08-28 15:36:42,059 [bf0ddda3-9c1a-46b4-880b-b69c4520600a:group-2783DE4682E8:LeaderElection97] INFO  segmented.SegmentedRaftLogWorker (SegmentedRaftLogWorker.java:startLogSegment(380)) - bf0ddda3-9c1a-46b4-880b-b69c4520600a-SegmentedRaftLogWorker:Storage Directory /workdir/hadoop-ozone/integration-test/target/test-dir/MiniOzoneClusterImpl-c88bbe07-05a9-423a-b0e1-c9ede35d500a/datanode-6/data/ratis/6c8dabe0-ae83-4da7-8528-2783de4682e8: Starting segment from index:0
2019-08-28 15:36:42,059 [bf0ddda3-9c1a-46b4-880b-b69c4520600a:group-2783DE4682E8:LeaderElection97] INFO  impl.RaftServerImpl (ServerState.java:setRaftConf(361)) - bf0ddda3-9c1a-46b4-880b-b69c4520600a:group-2783DE4682E8 set configuration 0: [bf0ddda3-9c1a-46b4-880b-b69c4520600a:192.168.157.202:34903], old=null at 0
2019-08-28 15:36:42,100 [bf0ddda3-9c1a-46b4-880b-b69c4520600a-SegmentedRaftLogWorker:Storage Directory /workdir/hadoop-ozone/integration-test/target/test-dir/MiniOzoneClusterImpl-c88bbe07-05a9-423a-b0e1-c9ede35d500a/datanode-6/data/ratis/6c8dabe0-ae83-4da7-8528-2783de4682e8] INFO  segmented.SegmentedRaftLogWorker (SegmentedRaftLogWorker.java:execute(569)) - bf0ddda3-9c1a-46b4-880b-b69c4520600a-SegmentedRaftLogWorker:Storage Directory /workdir/hadoop-ozone/integration-test/target/test-dir/MiniOzoneClusterImpl-c88bbe07-05a9-423a-b0e1-c9ede35d500a/datanode-6/data/ratis/6c8dabe0-ae83-4da7-8528-2783de4682e8: created new log segment /workdir/hadoop-ozone/integration-test/target/test-dir/MiniOzoneClusterImpl-c88bbe07-05a9-423a-b0e1-c9ede35d500a/datanode-6/data/ratis/6c8dabe0-ae83-4da7-8528-2783de4682e8/current/log_inprogress_0
2019-08-28 15:36:42,124 | INFO  | DNAudit | user=null | ip=null | op=WRITE_CHUNK {blockData=conID: 1 locID: 102695344404234254 bcsId: 0} | ret=SUCCESS |  
2019-08-28 15:36:42,124 | INFO  | DNAudit | user=null | ip=null | op=WRITE_CHUNK {blockData=conID: 1 locID: 102695344404234254 bcsId: 0} | ret=SUCCESS |  
2019-08-28 15:36:42,124 | INFO  | DNAudit | user=null | ip=null | op=WRITE_CHUNK {blockData=conID: 1 locID: 102695344404234254 bcsId: 0} | ret=SUCCESS |  
2019-08-28 15:36:42,124 | INFO  | SCMAudit | user=jenkins1000 | ip=192.168.157.202 | op=SEND_HEARTBEAT {datanodeUUID=77615d81-8c11-45ee-8068-94d065800645, command=[]} | ret=SUCCESS |  
2019-08-28 15:36:42,124 | INFO  | SCMAudit | user=jenkins1000 | ip=192.168.157.202 | op=SEND_HEARTBEAT {datanodeUUID=89ea525c-b884-4c8a-a58d-0993f9152014, command=[]} | ret=SUCCESS |  
2019-08-28 15:36:42,124 | INFO  | SCMAudit | user=jenkins1000 | ip=192.168.157.202 | op=SEND_HEARTBEAT {datanodeUUID=8ce85811-8d59-4bde-a42a-d73a8f8a1f6b, command=[]} | ret=SUCCESS |  
2019-08-28 15:36:42,132 | INFO  | DNAudit | user=null | ip=null | op=WRITE_CHUNK {blockData=conID: 1 locID: 102695344404234254 bcsId: 0} | ret=SUCCESS |  
2019-08-28 15:36:42,137 [grpc-default-executor-11] INFO  client.GrpcClientProtocolClient (GrpcClientProtocolClient.java:onNext(255)) - client-377DB18A3F99->77615d81-8c11-45ee-8068-94d065800645: receive RaftClientReply:client-377DB18A3F99->77615d81-8c11-45ee-8068-94d065800645@group-4A287A029878, cid=183, SUCCESS, logIndex=1, commits[77615d81-8c11-45ee-8068-94d065800645:c1, 89ea525c-b884-4c8a-a58d-0993f9152014:c0, 8ce85811-8d59-4bde-a42a-d73a8f8a1f6b:c0]
2019-08-28 15:36:42,143 | INFO  | DNAudit | user=null | ip=null | op=WRITE_CHUNK {blockData=conID: 1 locID: 102695344404234254 bcsId: 0} | ret=SUCCESS |  
2019-08-28 15:36:42,144 | INFO  | DNAudit | user=null | ip=null | op=WRITE_CHUNK {blockData=conID: 1 locID: 102695344404234254 bcsId: 0} | ret=SUCCESS |  
2019-08-28 15:36:42,144 | INFO  | DNAudit | user=null | ip=null | op=WRITE_CHUNK {blockData=conID: 1 locID: 102695344404234254 bcsId: 0} | ret=SUCCESS |  
2019-08-28 15:36:42,144 | INFO  | DNAudit | user=null | ip=null | op=WRITE_CHUNK {blockData=conID: 1 locID: 102695344404234254 bcsId: 0} | ret=SUCCESS |  
2019-08-28 15:36:42,145 | INFO  | DNAudit | user=null | ip=null | op=WRITE_CHUNK {blockData=conID: 1 locID: 102695344404234254 bcsId: 0} | ret=SUCCESS |  
2019-08-28 15:36:42,145 | INFO  | DNAudit | user=null | ip=null | op=WRITE_CHUNK {blockData=conID: 1 locID: 102695344404234254 bcsId: 0} | ret=SUCCESS |  
2019-08-28 15:36:42,145 | INFO  | DNAudit | user=null | ip=null | op=WRITE_CHUNK {blockData=conID: 1 locID: 102695344404234254 bcsId: 0} | ret=SUCCESS |  
2019-08-28 15:36:42,145 | INFO  | DNAudit | user=null | ip=null | op=WRITE_CHUNK {blockData=conID: 1 locID: 102695344404234254 bcsId: 0} | ret=SUCCESS |  
2019-08-28 15:36:42,146 | INFO  | DNAudit | user=null | ip=null | op=WRITE_CHUNK {blockData=conID: 1 locID: 102695344404234254 bcsId: 0} | ret=SUCCESS |  
2019-08-28 15:36:42,150 | INFO  | DNAudit | user=null | ip=null | op=WRITE_CHUNK {blockData=conID: 1 locID: 102695344404234254 bcsId: 0} | ret=SUCCESS |  
2019-08-28 15:36:42,150 | INFO  | DNAudit | user=null | ip=null | op=WRITE_CHUNK {blockData=conID: 1 locID: 102695344404234254 bcsId: 0} | ret=SUCCESS |  
2019-08-28 15:36:42,150 | INFO  | DNAudit | user=null | ip=null | op=WRITE_CHUNK {blockData=conID: 1 locID: 102695344404234254 bcsId: 0} | ret=SUCCESS |  
2019-08-28 15:36:42,153 [grpc-default-executor-11] INFO  client.GrpcClientProtocolClient (GrpcClientProtocolClient.java:onNext(255)) - client-377DB18A3F99->77615d81-8c11-45ee-8068-94d065800645: receive RaftClientReply:client-377DB18A3F99->77615d81-8c11-45ee-8068-94d065800645@group-4A287A029878, cid=184, SUCCESS, logIndex=3, commits[77615d81-8c11-45ee-8068-94d065800645:c5, 89ea525c-b884-4c8a-a58d-0993f9152014:c1, 8ce85811-8d59-4bde-a42a-d73a8f8a1f6b:c1]
2019-08-28 15:36:42,167 | INFO  | DNAudit | user=null | ip=null | op=WRITE_CHUNK {blockData=conID: 1 locID: 102695344404234254 bcsId: 0} | ret=SUCCESS |  
2019-08-28 15:36:42,169 | INFO  | DNAudit | user=null | ip=null | op=WRITE_CHUNK {blockData=conID: 1 locID: 102695344404234254 bcsId: 0} | ret=SUCCESS |  
2019-08-28 15:36:42,196 | INFO  | DNAudit | user=null | ip=null | op=PUT_BLOCK {blockData=[blockId=conID: 1 locID: 102695344404234254 bcsId: 0,size=200]} | ret=SUCCESS |  
2019-08-28 15:36:42,197 | INFO  | DNAudit | user=null | ip=null | op=WRITE_CHUNK {blockData=conID: 1 locID: 102695344404234254 bcsId: 0} | ret=SUCCESS |  
2019-08-28 15:36:42,198 | INFO  | DNAudit | user=null | ip=null | op=WRITE_CHUNK {blockData=conID: 1 locID: 102695344404234254 bcsId: 0} | ret=SUCCESS |  
2019-08-28 15:36:42,198 [grpc-default-executor-8] INFO  client.GrpcClientProtocolClient (GrpcClientProtocolClient.java:onNext(255)) - client-377DB18A3F99->77615d81-8c11-45ee-8068-94d065800645: receive RaftClientReply:client-377DB18A3F99->77615d81-8c11-45ee-8068-94d065800645@group-4A287A029878, cid=185, SUCCESS, logIndex=4, commits[77615d81-8c11-45ee-8068-94d065800645:c12, 89ea525c-b884-4c8a-a58d-0993f9152014:c7, 8ce85811-8d59-4bde-a42a-d73a8f8a1f6b:c7]
2019-08-28 15:36:42,199 [grpc-default-executor-8] INFO  client.GrpcClientProtocolClient (GrpcClientProtocolClient.java:onNext(255)) - client-377DB18A3F99->77615d81-8c11-45ee-8068-94d065800645: receive RaftClientReply:client-377DB18A3F99->77615d81-8c11-45ee-8068-94d065800645@group-4A287A029878, cid=186, SUCCESS, logIndex=5, commits[77615d81-8c11-45ee-8068-94d065800645:c12, 89ea525c-b884-4c8a-a58d-0993f9152014:c7, 8ce85811-8d59-4bde-a42a-d73a8f8a1f6b:c7]
2019-08-28 15:36:42,199 [grpc-default-executor-8] INFO  client.GrpcClientProtocolClient (GrpcClientProtocolClient.java:onNext(255)) - client-377DB18A3F99->77615d81-8c11-45ee-8068-94d065800645: receive RaftClientReply:client-377DB18A3F99->77615d81-8c11-45ee-8068-94d065800645@group-4A287A029878, cid=187, SUCCESS, logIndex=6, commits[77615d81-8c11-45ee-8068-94d065800645:c12, 89ea525c-b884-4c8a-a58d-0993f9152014:c7, 8ce85811-8d59-4bde-a42a-d73a8f8a1f6b:c7]
2019-08-28 15:36:42,233 | INFO  | DNAudit | user=null | ip=null | op=PUT_BLOCK {blockData=[blockId=conID: 1 locID: 102695344404234254 bcsId: 0,size=200]} | ret=SUCCESS |  
2019-08-28 15:36:42,233 | INFO  | DNAudit | user=null | ip=null | op=WRITE_CHUNK {blockData=conID: 1 locID: 102695344404234254 bcsId: 0} | ret=SUCCESS |  
2019-08-28 15:36:42,234 | INFO  | DNAudit | user=null | ip=null | op=WRITE_CHUNK {blockData=conID: 1 locID: 102695344404234254 bcsId: 0} | ret=SUCCESS |  
2019-08-28 15:36:42,286 | INFO  | DNAudit | user=null | ip=null | op=PUT_BLOCK {blockData=[blockId=conID: 1 locID: 102695344404234254 bcsId: 0,size=400]} | ret=SUCCESS |  
2019-08-28 15:36:42,286 | INFO  | DNAudit | user=null | ip=null | op=PUT_BLOCK {blockData=[blockId=conID: 1 locID: 102695344404234254 bcsId: 0,size=400]} | ret=SUCCESS |  
2019-08-28 15:36:42,286 | INFO  | DNAudit | user=null | ip=null | op=PUT_BLOCK {blockData=[blockId=conID: 1 locID: 102695344404234254 bcsId: 0,size=200]} | ret=SUCCESS |  
2019-08-28 15:36:42,287 | INFO  | DNAudit | user=null | ip=null | op=WRITE_CHUNK {blockData=conID: 1 locID: 102695344404234254 bcsId: 0} | ret=SUCCESS |  
2019-08-28 15:36:42,287 | INFO  | DNAudit | user=null | ip=null | op=WRITE_CHUNK {blockData=conID: 1 locID: 102695344404234254 bcsId: 0} | ret=SUCCESS |  
2019-08-28 15:36:42,292 [grpc-default-executor-8] INFO  client.GrpcClientProtocolClient (GrpcClientProtocolClient.java:onNext(255)) - client-377DB18A3F99->77615d81-8c11-45ee-8068-94d065800645: receive RaftClientReply:client-377DB18A3F99->77615d81-8c11-45ee-8068-94d065800645@group-4A287A029878, cid=188, SUCCESS, logIndex=7, commits[77615d81-8c11-45ee-8068-94d065800645:c12, 89ea525c-b884-4c8a-a58d-0993f9152014:c7, 8ce85811-8d59-4bde-a42a-d73a8f8a1f6b:c7]
2019-08-28 15:36:42,295 | INFO  | DNAudit | user=null | ip=null | op=PUT_BLOCK {blockData=[blockId=conID: 1 locID: 102695344404234254 bcsId: 0,size=400]} | ret=SUCCESS |  
2019-08-28 15:36:42,301 | INFO  | DNAudit | user=null | ip=null | op=WRITE_CHUNK {blockData=conID: 1 locID: 102695344404234254 bcsId: 7} | ret=SUCCESS |  
2019-08-28 15:36:42,302 | INFO  | DNAudit | user=null | ip=null | op=WRITE_CHUNK {blockData=conID: 1 locID: 102695344404234254 bcsId: 7} | ret=SUCCESS |  
2019-08-28 15:36:42,302 | INFO  | DNAudit | user=null | ip=null | op=WRITE_CHUNK {blockData=conID: 1 locID: 102695344404234254 bcsId: 7} | ret=SUCCESS |  
2019-08-28 15:36:42,315 | INFO  | DNAudit | user=null | ip=null | op=WRITE_CHUNK {blockData=conID: 1 locID: 102695344404234254 bcsId: 7} | ret=SUCCESS |  
2019-08-28 15:36:42,316 | INFO  | DNAudit | user=null | ip=null | op=PUT_BLOCK {blockData=[blockId=conID: 1 locID: 102695344404234254 bcsId: 0,size=450]} | ret=SUCCESS |  
2019-08-28 15:36:42,316 [grpc-default-executor-11] INFO  client.GrpcClientProtocolClient (GrpcClientProtocolClient.java:onNext(255)) - client-377DB18A3F99->77615d81-8c11-45ee-8068-94d065800645: receive RaftClientReply:client-377DB18A3F99->77615d81-8c11-45ee-8068-94d065800645@group-4A287A029878, cid=189, SUCCESS, logIndex=13, commits[77615d81-8c11-45ee-8068-94d065800645:c14, 89ea525c-b884-4c8a-a58d-0993f9152014:c12, 8ce85811-8d59-4bde-a42a-d73a8f8a1f6b:c12]
2019-08-28 15:36:42,317 [grpc-default-executor-11] INFO  client.GrpcClientProtocolClient (GrpcClientProtocolClient.java:onNext(255)) - client-377DB18A3F99->77615d81-8c11-45ee-8068-94d065800645: receive RaftClientReply:client-377DB18A3F99->77615d81-8c11-45ee-8068-94d065800645@group-4A287A029878, cid=190, SUCCESS, logIndex=14, commits[77615d81-8c11-45ee-8068-94d065800645:c14, 89ea525c-b884-4c8a-a58d-0993f9152014:c12, 8ce85811-8d59-4bde-a42a-d73a8f8a1f6b:c12]
2019-08-28 15:36:42,327 | INFO  | DNAudit | user=null | ip=null | op=WRITE_CHUNK {blockData=conID: 1 locID: 102695344404234254 bcsId: 7} | ret=SUCCESS |  
2019-08-28 15:36:42,327 | INFO  | DNAudit | user=null | ip=null | op=WRITE_CHUNK {blockData=conID: 1 locID: 102695344404234254 bcsId: 7} | ret=SUCCESS |  
2019-08-28 15:36:42,333 | INFO  | DNAudit | user=null | ip=null | op=PUT_BLOCK {blockData=[blockId=conID: 1 locID: 102695344404234254 bcsId: 0,size=450]} | ret=SUCCESS |  
2019-08-28 15:36:42,333 | INFO  | DNAudit | user=null | ip=null | op=PUT_BLOCK {blockData=[blockId=conID: 1 locID: 102695344404234254 bcsId: 0,size=450]} | ret=SUCCESS |  
2019-08-28 15:36:42,333 [grpc-default-executor-11] INFO  client.GrpcClientProtocolClient (GrpcClientProtocolClient.java:onNext(255)) - client-377DB18A3F99->77615d81-8c11-45ee-8068-94d065800645: receive RaftClientReply:client-377DB18A3F99->77615d81-8c11-45ee-8068-94d065800645@group-4A287A029878, cid=191, SUCCESS, logIndex=0, commits[77615d81-8c11-45ee-8068-94d065800645:c15, 89ea525c-b884-4c8a-a58d-0993f9152014:c14, 8ce85811-8d59-4bde-a42a-d73a8f8a1f6b:c14]
2019-08-28 15:36:42,334 [main] INFO  datanode.ObjectStoreHandler (ObjectStoreHandler.java:close(155)) - Closing ObjectStoreHandler.
2019-08-28 15:36:42,334 [main] INFO  ozone.HddsDatanodeService (HddsDatanodeService.java:stop(451)) - Stopped plug-in org.apache.hadoop.ozone.web.OzoneHddsDatanodeService@6c7f3af6
2019-08-28 15:36:42,345 | INFO  | SCMAudit | user=jenkins1000 | ip=192.168.157.202 | op=SEND_HEARTBEAT {datanodeUUID=8ac6e4a2-e0c1-4238-9a47-28cd0ac1a81a, command=[]} | ret=SUCCESS |  
2019-08-28 15:36:42,518 | INFO  | SCMAudit | user=jenkins1000 | ip=192.168.157.202 | op=SEND_HEARTBEAT {datanodeUUID=2e3ab009-6d3b-4f9c-9baf-460c800051cc, command=[]} | ret=SUCCESS |  
2019-08-28 15:36:42,727 | INFO  | SCMAudit | user=jenkins1000 | ip=192.168.157.202 | op=SEND_HEARTBEAT {datanodeUUID=ad22b398-6137-4426-bbd7-ba2dd03ed0e3, command=[]} | ret=SUCCESS |  
2019-08-28 15:36:42,913 | INFO  | SCMAudit | user=jenkins1000 | ip=192.168.157.202 | op=SEND_HEARTBEAT {datanodeUUID=bf0ddda3-9c1a-46b4-880b-b69c4520600a, command=[]} | ret=SUCCESS |  
2019-08-28 15:36:43,123 [Datanode State Machine Thread - 0] INFO  statemachine.DatanodeStateMachine (DatanodeStateMachine.java:lambda$startDaemon$0(350)) - Ozone container server started.
2019-08-28 15:36:43,124 | INFO  | SCMAudit | user=jenkins1000 | ip=192.168.157.202 | op=SEND_HEARTBEAT {datanodeUUID=89ea525c-b884-4c8a-a58d-0993f9152014, command=[]} | ret=SUCCESS |  
2019-08-28 15:36:43,124 | INFO  | SCMAudit | user=jenkins1000 | ip=192.168.157.202 | op=SEND_HEARTBEAT {datanodeUUID=8ce85811-8d59-4bde-a42a-d73a8f8a1f6b, command=[]} | ret=SUCCESS |  
2019-08-28 15:36:43,345 | INFO  | SCMAudit | user=jenkins1000 | ip=192.168.157.202 | op=SEND_HEARTBEAT {datanodeUUID=8ac6e4a2-e0c1-4238-9a47-28cd0ac1a81a, command=[]} | ret=SUCCESS |  
2019-08-28 15:36:43,518 | INFO  | SCMAudit | user=jenkins1000 | ip=192.168.157.202 | op=SEND_HEARTBEAT {datanodeUUID=2e3ab009-6d3b-4f9c-9baf-460c800051cc, command=[]} | ret=SUCCESS |  
2019-08-28 15:36:43,727 | INFO  | SCMAudit | user=jenkins1000 | ip=192.168.157.202 | op=SEND_HEARTBEAT {datanodeUUID=ad22b398-6137-4426-bbd7-ba2dd03ed0e3, command=[]} | ret=SUCCESS |  
2019-08-28 15:36:43,913 | INFO  | SCMAudit | user=jenkins1000 | ip=192.168.157.202 | op=SEND_HEARTBEAT {datanodeUUID=bf0ddda3-9c1a-46b4-880b-b69c4520600a, command=[]} | ret=SUCCESS |  
2019-08-28 15:36:44,124 | INFO  | SCMAudit | user=jenkins1000 | ip=192.168.157.202 | op=SEND_HEARTBEAT {datanodeUUID=8ce85811-8d59-4bde-a42a-d73a8f8a1f6b, command=[]} | ret=SUCCESS |  
2019-08-28 15:36:44,124 | INFO  | SCMAudit | user=jenkins1000 | ip=192.168.157.202 | op=SEND_HEARTBEAT {datanodeUUID=89ea525c-b884-4c8a-a58d-0993f9152014, command=[]} | ret=SUCCESS |  
2019-08-28 15:36:44,345 | INFO  | SCMAudit | user=jenkins1000 | ip=192.168.157.202 | op=SEND_HEARTBEAT {datanodeUUID=8ac6e4a2-e0c1-4238-9a47-28cd0ac1a81a, command=[]} | ret=SUCCESS |  
2019-08-28 15:36:44,519 | INFO  | SCMAudit | user=jenkins1000 | ip=192.168.157.202 | op=SEND_HEARTBEAT {datanodeUUID=2e3ab009-6d3b-4f9c-9baf-460c800051cc, command=[]} | ret=SUCCESS |  
2019-08-28 15:36:44,727 | INFO  | SCMAudit | user=jenkins1000 | ip=192.168.157.202 | op=SEND_HEARTBEAT {datanodeUUID=ad22b398-6137-4426-bbd7-ba2dd03ed0e3, command=[]} | ret=SUCCESS |  
2019-08-28 15:36:44,913 | INFO  | SCMAudit | user=jenkins1000 | ip=192.168.157.202 | op=SEND_HEARTBEAT {datanodeUUID=bf0ddda3-9c1a-46b4-880b-b69c4520600a, command=[]} | ret=SUCCESS |  
2019-08-28 15:36:45,124 | INFO  | SCMAudit | user=jenkins1000 | ip=192.168.157.202 | op=SEND_HEARTBEAT {datanodeUUID=8ce85811-8d59-4bde-a42a-d73a8f8a1f6b, command=[]} | ret=SUCCESS |  
2019-08-28 15:36:45,124 | INFO  | SCMAudit | user=jenkins1000 | ip=192.168.157.202 | op=SEND_HEARTBEAT {datanodeUUID=89ea525c-b884-4c8a-a58d-0993f9152014, command=[]} | ret=SUCCESS |  
2019-08-28 15:36:45,345 | INFO  | SCMAudit | user=jenkins1000 | ip=192.168.157.202 | op=SEND_HEARTBEAT {datanodeUUID=8ac6e4a2-e0c1-4238-9a47-28cd0ac1a81a, command=[]} | ret=SUCCESS |  
2019-08-28 15:36:45,520 | INFO  | SCMAudit | user=jenkins1000 | ip=192.168.157.202 | op=SEND_HEARTBEAT {datanodeUUID=2e3ab009-6d3b-4f9c-9baf-460c800051cc, command=[]} | ret=SUCCESS |  
2019-08-28 15:36:45,727 | INFO  | SCMAudit | user=jenkins1000 | ip=192.168.157.202 | op=SEND_HEARTBEAT {datanodeUUID=ad22b398-6137-4426-bbd7-ba2dd03ed0e3, command=[]} | ret=SUCCESS |  
2019-08-28 15:36:45,913 | INFO  | SCMAudit | user=jenkins1000 | ip=192.168.157.202 | op=SEND_HEARTBEAT {datanodeUUID=bf0ddda3-9c1a-46b4-880b-b69c4520600a, command=[]} | ret=SUCCESS |  
2019-08-28 15:36:46,124 | INFO  | SCMAudit | user=jenkins1000 | ip=192.168.157.202 | op=SEND_HEARTBEAT {datanodeUUID=8ce85811-8d59-4bde-a42a-d73a8f8a1f6b, command=[]} | ret=SUCCESS |  
2019-08-28 15:36:46,124 | INFO  | SCMAudit | user=jenkins1000 | ip=192.168.157.202 | op=SEND_HEARTBEAT {datanodeUUID=89ea525c-b884-4c8a-a58d-0993f9152014, command=[]} | ret=SUCCESS |  
2019-08-28 15:36:46,346 | INFO  | SCMAudit | user=jenkins1000 | ip=192.168.157.202 | op=SEND_HEARTBEAT {datanodeUUID=8ac6e4a2-e0c1-4238-9a47-28cd0ac1a81a, command=[]} | ret=SUCCESS |  
2019-08-28 15:36:46,520 | INFO  | SCMAudit | user=jenkins1000 | ip=192.168.157.202 | op=SEND_HEARTBEAT {datanodeUUID=2e3ab009-6d3b-4f9c-9baf-460c800051cc, command=[]} | ret=SUCCESS |  
2019-08-28 15:36:46,727 | INFO  | SCMAudit | user=jenkins1000 | ip=192.168.157.202 | op=SEND_HEARTBEAT {datanodeUUID=ad22b398-6137-4426-bbd7-ba2dd03ed0e3, command=[]} | ret=SUCCESS |  
2019-08-28 15:36:46,913 | INFO  | SCMAudit | user=jenkins1000 | ip=192.168.157.202 | op=SEND_HEARTBEAT {datanodeUUID=bf0ddda3-9c1a-46b4-880b-b69c4520600a, command=[]} | ret=SUCCESS |  
2019-08-28 15:36:47,124 | INFO  | SCMAudit | user=jenkins1000 | ip=192.168.157.202 | op=SEND_HEARTBEAT {datanodeUUID=89ea525c-b884-4c8a-a58d-0993f9152014, command=[]} | ret=SUCCESS |  
2019-08-28 15:36:47,124 | INFO  | SCMAudit | user=jenkins1000 | ip=192.168.157.202 | op=SEND_HEARTBEAT {datanodeUUID=8ce85811-8d59-4bde-a42a-d73a8f8a1f6b, command=[]} | ret=SUCCESS |  
2019-08-28 15:36:47,133 [EventQueue-StaleNodeForStaleNodeHandler] INFO  node.StaleNodeHandler (StaleNodeHandler.java:onMessage(58)) - Datanode 77615d81-8c11-45ee-8068-94d065800645{ip: 192.168.157.202, host: pr-hdds-1942-2xrcm-801159095, networkLocation: /default-rack, certSerialId: null} moved to stale state. Finalizing its pipelines [PipelineID=2c9bf231-72a7-4374-b412-d1ed9ac512aa, PipelineID=a8ea9b9d-4261-4fe2-a759-4a287a029878]
2019-08-28 15:36:47,133 [EventQueue-StaleNodeForStaleNodeHandler] INFO  pipeline.SCMPipelineManager (SCMPipelineManager.java:finalizeAndDestroyPipeline(309)) - destroying pipeline:Pipeline[ Id: 2c9bf231-72a7-4374-b412-d1ed9ac512aa, Nodes: 77615d81-8c11-45ee-8068-94d065800645{ip: 192.168.157.202, host: pr-hdds-1942-2xrcm-801159095, networkLocation: /default-rack, certSerialId: null}, Type:RATIS, Factor:ONE, State:OPEN]
2019-08-28 15:36:47,133 [EventQueue-StaleNodeForStaleNodeHandler] INFO  pipeline.PipelineStateManager (PipelineStateManager.java:finalizePipeline(123)) - Pipeline Pipeline[ Id: 2c9bf231-72a7-4374-b412-d1ed9ac512aa, Nodes: 77615d81-8c11-45ee-8068-94d065800645{ip: 192.168.157.202, host: pr-hdds-1942-2xrcm-801159095, networkLocation: /default-rack, certSerialId: null}, Type:RATIS, Factor:ONE, State:CLOSED] moved to CLOSED state
2019-08-28 15:36:47,133 [EventQueue-StaleNodeForStaleNodeHandler] INFO  pipeline.SCMPipelineManager (SCMPipelineManager.java:finalizeAndDestroyPipeline(309)) - destroying pipeline:Pipeline[ Id: a8ea9b9d-4261-4fe2-a759-4a287a029878, Nodes: 77615d81-8c11-45ee-8068-94d065800645{ip: 192.168.157.202, host: pr-hdds-1942-2xrcm-801159095, networkLocation: /default-rack, certSerialId: null}89ea525c-b884-4c8a-a58d-0993f9152014{ip: 192.168.157.202, host: pr-hdds-1942-2xrcm-801159095, networkLocation: /default-rack, certSerialId: null}8ce85811-8d59-4bde-a42a-d73a8f8a1f6b{ip: 192.168.157.202, host: pr-hdds-1942-2xrcm-801159095, networkLocation: /default-rack, certSerialId: null}, Type:RATIS, Factor:THREE, State:OPEN]
2019-08-28 15:36:47,133 [EventQueue-StaleNodeForStaleNodeHandler] INFO  pipeline.PipelineStateManager (PipelineStateManager.java:finalizePipeline(123)) - Pipeline Pipeline[ Id: a8ea9b9d-4261-4fe2-a759-4a287a029878, Nodes: 77615d81-8c11-45ee-8068-94d065800645{ip: 192.168.157.202, host: pr-hdds-1942-2xrcm-801159095, networkLocation: /default-rack, certSerialId: null}89ea525c-b884-4c8a-a58d-0993f9152014{ip: 192.168.157.202, host: pr-hdds-1942-2xrcm-801159095, networkLocation: /default-rack, certSerialId: null}8ce85811-8d59-4bde-a42a-d73a8f8a1f6b{ip: 192.168.157.202, host: pr-hdds-1942-2xrcm-801159095, networkLocation: /default-rack, certSerialId: null}, Type:RATIS, Factor:THREE, State:CLOSED] moved to CLOSED state
2019-08-28 15:36:47,134 [EventQueue-CloseContainerForCloseContainerEventHandler] INFO  container.CloseContainerEventHandler (CloseContainerEventHandler.java:onMessage(61)) - Close container Event triggered for container : #1
2019-08-28 15:36:47,335 [main] INFO  ozoneimpl.OzoneContainer (OzoneContainer.java:stop(199)) - Attempting to stop container services.
2019-08-28 15:36:47,336 [main] INFO  impl.RaftServerProxy (RaftServerProxy.java:lambda$close$4(314)) - 77615d81-8c11-45ee-8068-94d065800645: close
2019-08-28 15:36:47,336 [main] INFO  impl.RaftServerImpl (RaftServerImpl.java:lambda$shutdown$3(245)) - 77615d81-8c11-45ee-8068-94d065800645: shutdown group-D1ED9AC512AA
2019-08-28 15:36:47,337 [main] INFO  util.JmxRegister (JmxRegister.java:unregister(73)) - Successfully un-registered JMX Bean with object name Ratis:service=RaftServer,group=group-D1ED9AC512AA,id=77615d81-8c11-45ee-8068-94d065800645
2019-08-28 15:36:47,337 [main] INFO  impl.RoleInfo (RoleInfo.java:shutdownLeaderState(104)) - 77615d81-8c11-45ee-8068-94d065800645: shutdown LeaderState
2019-08-28 15:36:47,338 [main] INFO  impl.PendingRequests (PendingRequests.java:sendNotLeaderResponses(202)) - 77615d81-8c11-45ee-8068-94d065800645-PendingRequests: sendNotLeaderResponses
2019-08-28 15:36:47,338 [main] INFO  impl.StateMachineUpdater (StateMachineUpdater.java:stopAndJoin(115)) - StateMachineUpdater:77615d81-8c11-45ee-8068-94d065800645:group-D1ED9AC512AA: set stopIndex = 0
2019-08-28 15:36:47,339 [main] INFO  impl.RaftServerImpl (ServerState.java:close(394)) - 77615d81-8c11-45ee-8068-94d065800645:group-D1ED9AC512AA closes. The last applied log index is 0
2019-08-28 15:36:47,343 [77615d81-8c11-45ee-8068-94d065800645-SegmentedRaftLogWorker:Storage Directory /workdir/hadoop-ozone/integration-test/target/test-dir/MiniOzoneClusterImpl-c88bbe07-05a9-423a-b0e1-c9ede35d500a/datanode-2/data/ratis/2c9bf231-72a7-4374-b412-d1ed9ac512aa] INFO  segmented.SegmentedRaftLogWorker (SegmentedRaftLogWorker.java:run(313)) - 77615d81-8c11-45ee-8068-94d065800645-SegmentedRaftLogWorker:Storage Directory /workdir/hadoop-ozone/integration-test/target/test-dir/MiniOzoneClusterImpl-c88bbe07-05a9-423a-b0e1-c9ede35d500a/datanode-2/data/ratis/2c9bf231-72a7-4374-b412-d1ed9ac512aa was interrupted, exiting. There are 0 tasks remaining in the queue.
2019-08-28 15:36:47,345 [main] INFO  segmented.SegmentedRaftLogWorker (SegmentedRaftLogWorker.java:close(228)) - 77615d81-8c11-45ee-8068-94d065800645-SegmentedRaftLogWorker:Storage Directory /workdir/hadoop-ozone/integration-test/target/test-dir/MiniOzoneClusterImpl-c88bbe07-05a9-423a-b0e1-c9ede35d500a/datanode-2/data/ratis/2c9bf231-72a7-4374-b412-d1ed9ac512aa close()
2019-08-28 15:36:47,346 | INFO  | SCMAudit | user=jenkins1000 | ip=192.168.157.202 | op=SEND_HEARTBEAT {datanodeUUID=8ac6e4a2-e0c1-4238-9a47-28cd0ac1a81a, command=[]} | ret=SUCCESS |  
2019-08-28 15:36:47,350 [main] INFO  impl.RaftServerImpl (RaftServerImpl.java:lambda$shutdown$3(245)) - 77615d81-8c11-45ee-8068-94d065800645: shutdown group-4A287A029878
2019-08-28 15:36:47,350 [main] INFO  util.JmxRegister (JmxRegister.java:unregister(73)) - Successfully un-registered JMX Bean with object name Ratis:service=RaftServer,group=group-4A287A029878,id=77615d81-8c11-45ee-8068-94d065800645
2019-08-28 15:36:47,351 [main] INFO  impl.RoleInfo (RoleInfo.java:shutdownLeaderState(104)) - 77615d81-8c11-45ee-8068-94d065800645: shutdown LeaderState
2019-08-28 15:36:47,355 [org.apache.ratis.server.impl.LogAppender$AppenderDaemon$$Lambda$522/598906950@423ed3b5] WARN  server.GrpcLogAppender (GrpcLogAppender.java:mayWait(143)) - GrpcLogAppender(77615d81-8c11-45ee-8068-94d065800645->89ea525c-b884-4c8a-a58d-0993f9152014): Wait interrupted by java.lang.InterruptedException
2019-08-28 15:36:47,355 [org.apache.ratis.server.impl.LogAppender$AppenderDaemon$$Lambda$522/598906950@73c4596] WARN  server.GrpcLogAppender (GrpcLogAppender.java:mayWait(143)) - GrpcLogAppender(77615d81-8c11-45ee-8068-94d065800645->8ce85811-8d59-4bde-a42a-d73a8f8a1f6b): Wait interrupted by java.lang.InterruptedException
2019-08-28 15:36:47,355 [main] INFO  impl.PendingRequests (PendingRequests.java:sendNotLeaderResponses(202)) - 77615d81-8c11-45ee-8068-94d065800645-PendingRequests: sendNotLeaderResponses
2019-08-28 15:36:47,356 [grpc-default-executor-11] INFO  server.GrpcServerProtocolService (GrpcServerProtocolService.java:onCompleted(104)) - 89ea525c-b884-4c8a-a58d-0993f9152014: appendEntries completed
2019-08-28 15:36:47,356 [grpc-default-executor-8] INFO  server.GrpcServerProtocolService (GrpcServerProtocolService.java:onCompleted(104)) - 8ce85811-8d59-4bde-a42a-d73a8f8a1f6b: appendEntries completed
2019-08-28 15:36:47,361 [main] INFO  impl.StateMachineUpdater (StateMachineUpdater.java:stopAndJoin(115)) - StateMachineUpdater:77615d81-8c11-45ee-8068-94d065800645:group-4A287A029878: set stopIndex = 16
2019-08-28 15:36:47,361 [grpc-default-executor-11] INFO  server.GrpcLogAppender (GrpcLogAppender.java:onCompleted(292)) - 77615d81-8c11-45ee-8068-94d065800645->8ce85811-8d59-4bde-a42a-d73a8f8a1f6b: follower responses appendEntries COMPLETED
2019-08-28 15:36:47,361 [grpc-default-executor-8] INFO  server.GrpcLogAppender (GrpcLogAppender.java:onCompleted(292)) - 77615d81-8c11-45ee-8068-94d065800645->89ea525c-b884-4c8a-a58d-0993f9152014: follower responses appendEntries COMPLETED
2019-08-28 15:36:47,361 [StateMachineUpdater:77615d81-8c11-45ee-8068-94d065800645:group-4A287A029878] INFO  ratis.ContainerStateMachine (ContainerStateMachine.java:takeSnapshot(283)) - group-4A287A029878: Taking a snapshot at:(t:1, i:14) file /workdir/hadoop-ozone/integration-test/target/test-dir/MiniOzoneClusterImpl-c88bbe07-05a9-423a-b0e1-c9ede35d500a/datanode-2/data/ratis/a8ea9b9d-4261-4fe2-a759-4a287a029878/sm/snapshot.1_14
2019-08-28 15:36:47,362 [grpc-default-executor-8] INFO  impl.FollowerInfo (FollowerInfo.java:lambda$new$0(50)) - 77615d81-8c11-45ee-8068-94d065800645->89ea525c-b884-4c8a-a58d-0993f9152014: nextIndex: updateUnconditionally 17 -> 16
2019-08-28 15:36:47,362 [grpc-default-executor-11] INFO  impl.FollowerInfo (FollowerInfo.java:lambda$new$0(50)) - 77615d81-8c11-45ee-8068-94d065800645->8ce85811-8d59-4bde-a42a-d73a8f8a1f6b: nextIndex: updateUnconditionally 17 -> 16
2019-08-28 15:36:47,374 [StateMachineUpdater:77615d81-8c11-45ee-8068-94d065800645:group-4A287A029878] INFO  ratis.ContainerStateMachine (ContainerStateMachine.java:takeSnapshot(294)) - group-4A287A029878: Finished taking a snapshot at:(t:1, i:14) file:/workdir/hadoop-ozone/integration-test/target/test-dir/MiniOzoneClusterImpl-c88bbe07-05a9-423a-b0e1-c9ede35d500a/datanode-2/data/ratis/a8ea9b9d-4261-4fe2-a759-4a287a029878/sm/snapshot.1_14 time:14
2019-08-28 15:36:47,374 [StateMachineUpdater:77615d81-8c11-45ee-8068-94d065800645:group-4A287A029878] INFO  impl.StateMachineUpdater (StateMachineUpdater.java:takeSnapshot(242)) - StateMachineUpdater:77615d81-8c11-45ee-8068-94d065800645:group-4A287A029878: Took a snapshot at index 14
2019-08-28 15:36:47,375 [StateMachineUpdater:77615d81-8c11-45ee-8068-94d065800645:group-4A287A029878] INFO  impl.StateMachineUpdater (StateMachineUpdater.java:lambda$new$0(80)) - StateMachineUpdater:77615d81-8c11-45ee-8068-94d065800645:group-4A287A029878: snapshotIndex: updateIncreasingly -1 -> 14
2019-08-28 15:36:47,375 [main] INFO  impl.RaftServerImpl (ServerState.java:close(394)) - 77615d81-8c11-45ee-8068-94d065800645:group-4A287A029878 closes. The last applied log index is 16
2019-08-28 15:36:47,375 [77615d81-8c11-45ee-8068-94d065800645-SegmentedRaftLogWorker:Storage Directory /workdir/hadoop-ozone/integration-test/target/test-dir/MiniOzoneClusterImpl-c88bbe07-05a9-423a-b0e1-c9ede35d500a/datanode-2/data/ratis/a8ea9b9d-4261-4fe2-a759-4a287a029878] INFO  segmented.SegmentedRaftLogWorker (SegmentedRaftLogWorker.java:run(313)) - 77615d81-8c11-45ee-8068-94d065800645-SegmentedRaftLogWorker:Storage Directory /workdir/hadoop-ozone/integration-test/target/test-dir/MiniOzoneClusterImpl-c88bbe07-05a9-423a-b0e1-c9ede35d500a/datanode-2/data/ratis/a8ea9b9d-4261-4fe2-a759-4a287a029878 was interrupted, exiting. There are 0 tasks remaining in the queue.
2019-08-28 15:36:47,378 [main] INFO  segmented.SegmentedRaftLogWorker (SegmentedRaftLogWorker.java:close(228)) - 77615d81-8c11-45ee-8068-94d065800645-SegmentedRaftLogWorker:Storage Directory /workdir/hadoop-ozone/integration-test/target/test-dir/MiniOzoneClusterImpl-c88bbe07-05a9-423a-b0e1-c9ede35d500a/datanode-2/data/ratis/a8ea9b9d-4261-4fe2-a759-4a287a029878 close()
2019-08-28 15:36:47,383 [main] INFO  server.GrpcService (GrpcService.java:closeImpl(155)) - 77615d81-8c11-45ee-8068-94d065800645: shutdown server with port 43294 now
2019-08-28 15:36:47,384 [grpc-default-executor-8] WARN  client.GrpcClientProtocolService (LogUtils.java:warn(134)) - 3-UnorderedRequestStreamObserver3: onError: org.apache.ratis.thirdparty.io.grpc.StatusRuntimeException: CANCELLED: cancelled before receiving half close
2019-08-28 15:36:47,384 [main] INFO  server.GrpcService (GrpcService.java:closeImpl(163)) - 77615d81-8c11-45ee-8068-94d065800645: shutdown server with port 43294 successfully
2019-08-28 15:36:47,385 [main] INFO  utils.BackgroundService (BackgroundService.java:shutdown(148)) - Shutting down service BlockDeletingService
2019-08-28 15:36:47,386 [refreshUsed-/workdir/hadoop-ozone/integration-test/target/test-dir/MiniOzoneClusterImpl-c88bbe07-05a9-423a-b0e1-c9ede35d500a/datanode-2/data/containers] WARN  fs.CachingGetSpaceUsed (CachingGetSpaceUsed.java:run(183)) - Thread Interrupted waiting to refresh disk information: sleep interrupted
2019-08-28 15:36:47,409 [main] INFO  statemachine.DatanodeStateMachine (DatanodeStateMachine.java:stopDaemon(395)) - Ozone container server stopped.
2019-08-28 15:36:47,410 [main] INFO  handler.ContextHandler (ContextHandler.java:doStop(910)) - Stopped o.e.j.w.WebAppContext@6ae1d5f1{/,null,UNAVAILABLE}{/hddsDatanode}
2019-08-28 15:36:47,411 [main] INFO  server.AbstractConnector (AbstractConnector.java:doStop(318)) - Stopped ServerConnector@5d5a77de{HTTP/1.1,[http/1.1]}{0.0.0.0:0}
2019-08-28 15:36:47,411 [main] INFO  handler.ContextHandler (ContextHandler.java:doStop(910)) - Stopped o.e.j.s.ServletContextHandler@6b9ce7a3{/static,jar:file:/home/user/.m2/repository/org/apache/hadoop/hadoop-hdds-container-service/0.5.0-SNAPSHOT/hadoop-hdds-container-service-0.5.0-SNAPSHOT.jar!/webapps/static,UNAVAILABLE}
2019-08-28 15:36:47,412 [main] INFO  handler.ContextHandler (ContextHandler.java:doStop(910)) - Stopped o.e.j.s.ServletContextHandler@71739267{/logs,file:///workdir/hadoop-ozone/integration-test/target/log,UNAVAILABLE}
2019-08-28 15:36:47,520 | INFO  | SCMAudit | user=jenkins1000 | ip=192.168.157.202 | op=SEND_HEARTBEAT {datanodeUUID=2e3ab009-6d3b-4f9c-9baf-460c800051cc, command=[]} | ret=SUCCESS |  
2019-08-28 15:36:47,728 | INFO  | SCMAudit | user=jenkins1000 | ip=192.168.157.202 | op=SEND_HEARTBEAT {datanodeUUID=ad22b398-6137-4426-bbd7-ba2dd03ed0e3, command=[]} | ret=SUCCESS |  
2019-08-28 15:36:47,915 | INFO  | SCMAudit | user=jenkins1000 | ip=192.168.157.202 | op=SEND_HEARTBEAT {datanodeUUID=bf0ddda3-9c1a-46b4-880b-b69c4520600a, command=[]} | ret=SUCCESS |  
2019-08-28 15:36:48,125 | INFO  | SCMAudit | user=jenkins1000 | ip=192.168.157.202 | op=SEND_HEARTBEAT {datanodeUUID=8ce85811-8d59-4bde-a42a-d73a8f8a1f6b, command=[commandType: closeContainerCommand closeContainerCommandProto { containerID: 1 pipelineID { id: "a8ea9b9d-4261-4fe2-a759-4a287a029878" } cmdId: 1 force: false } ]} | ret=SUCCESS |  
2019-08-28 15:36:48,125 | INFO  | SCMAudit | user=jenkins1000 | ip=192.168.157.202 | op=SEND_HEARTBEAT {datanodeUUID=89ea525c-b884-4c8a-a58d-0993f9152014, command=[commandType: closeContainerCommand closeContainerCommandProto { containerID: 1 pipelineID { id: "a8ea9b9d-4261-4fe2-a759-4a287a029878" } cmdId: 1 force: false } ]} | ret=SUCCESS |  
2019-08-28 15:36:48,346 | INFO  | SCMAudit | user=jenkins1000 | ip=192.168.157.202 | op=SEND_HEARTBEAT {datanodeUUID=8ac6e4a2-e0c1-4238-9a47-28cd0ac1a81a, command=[]} | ret=SUCCESS |  
2019-08-28 15:36:48,520 | INFO  | SCMAudit | user=jenkins1000 | ip=192.168.157.202 | op=SEND_HEARTBEAT {datanodeUUID=2e3ab009-6d3b-4f9c-9baf-460c800051cc, command=[]} | ret=SUCCESS |  
2019-08-28 15:36:48,728 | INFO  | SCMAudit | user=jenkins1000 | ip=192.168.157.202 | op=SEND_HEARTBEAT {datanodeUUID=ad22b398-6137-4426-bbd7-ba2dd03ed0e3, command=[]} | ret=SUCCESS |  
2019-08-28 15:36:48,914 | INFO  | SCMAudit | user=jenkins1000 | ip=192.168.157.202 | op=SEND_HEARTBEAT {datanodeUUID=bf0ddda3-9c1a-46b4-880b-b69c4520600a, command=[]} | ret=SUCCESS |  
2019-08-28 15:36:49,125 | INFO  | SCMAudit | user=jenkins1000 | ip=192.168.157.202 | op=SEND_HEARTBEAT {datanodeUUID=89ea525c-b884-4c8a-a58d-0993f9152014, command=[]} | ret=SUCCESS |  
2019-08-28 15:36:49,125 | INFO  | SCMAudit | user=jenkins1000 | ip=192.168.157.202 | op=SEND_HEARTBEAT {datanodeUUID=8ce85811-8d59-4bde-a42a-d73a8f8a1f6b, command=[]} | ret=SUCCESS |  
2019-08-28 15:36:49,346 | INFO  | SCMAudit | user=jenkins1000 | ip=192.168.157.202 | op=SEND_HEARTBEAT {datanodeUUID=8ac6e4a2-e0c1-4238-9a47-28cd0ac1a81a, command=[]} | ret=SUCCESS |  
2019-08-28 15:36:49,423 [grpc-default-executor-8] INFO  client.GrpcClientProtocolClient (GrpcClientProtocolClient.java:onNext(255)) - client-377DB18A3F99->89ea525c-b884-4c8a-a58d-0993f9152014: receive RaftClientReply:client-377DB18A3F99->89ea525c-b884-4c8a-a58d-0993f9152014@group-4A287A029878, cid=192, FAILED org.apache.ratis.protocol.NotLeaderException: Server 89ea525c-b884-4c8a-a58d-0993f9152014 is not the leader (77615d81-8c11-45ee-8068-94d065800645:192.168.157.202:43294). Request must be sent to leader., logIndex=0, commits[89ea525c-b884-4c8a-a58d-0993f9152014:c16, 77615d81-8c11-45ee-8068-94d065800645:c16, 8ce85811-8d59-4bde-a42a-d73a8f8a1f6b:c16]
2019-08-28 15:36:49,520 | INFO  | SCMAudit | user=jenkins1000 | ip=192.168.157.202 | op=SEND_HEARTBEAT {datanodeUUID=2e3ab009-6d3b-4f9c-9baf-460c800051cc, command=[]} | ret=SUCCESS |  
2019-08-28 15:36:49,727 | INFO  | SCMAudit | user=jenkins1000 | ip=192.168.157.202 | op=SEND_HEARTBEAT {datanodeUUID=ad22b398-6137-4426-bbd7-ba2dd03ed0e3, command=[]} | ret=SUCCESS |  
2019-08-28 15:36:49,914 | INFO  | SCMAudit | user=jenkins1000 | ip=192.168.157.202 | op=SEND_HEARTBEAT {datanodeUUID=bf0ddda3-9c1a-46b4-880b-b69c4520600a, command=[]} | ret=SUCCESS |  
2019-08-28 15:36:50,125 | INFO  | SCMAudit | user=jenkins1000 | ip=192.168.157.202 | op=SEND_HEARTBEAT {datanodeUUID=8ce85811-8d59-4bde-a42a-d73a8f8a1f6b, command=[]} | ret=SUCCESS |  
2019-08-28 15:36:50,125 | INFO  | SCMAudit | user=jenkins1000 | ip=192.168.157.202 | op=SEND_HEARTBEAT {datanodeUUID=89ea525c-b884-4c8a-a58d-0993f9152014, command=[]} | ret=SUCCESS |  
2019-08-28 15:36:50,141 | INFO  | SCMAudit | user=jenkins1000 | ip=192.168.157.202 | op=SEND_HEARTBEAT {datanodeUUID=89ea525c-b884-4c8a-a58d-0993f9152014, command=[]} | ret=SUCCESS |  
2019-08-28 15:36:50,141 | INFO  | SCMAudit | user=jenkins1000 | ip=192.168.157.202 | op=SEND_HEARTBEAT {datanodeUUID=8ce85811-8d59-4bde-a42a-d73a8f8a1f6b, command=[]} | ret=SUCCESS |  
2019-08-28 15:36:50,346 | INFO  | SCMAudit | user=jenkins1000 | ip=192.168.157.202 | op=SEND_HEARTBEAT {datanodeUUID=8ac6e4a2-e0c1-4238-9a47-28cd0ac1a81a, command=[]} | ret=SUCCESS |  
2019-08-28 15:36:50,435 [grpc-default-executor-8] INFO  client.GrpcClientProtocolClient (GrpcClientProtocolClient.java:onNext(255)) - client-377DB18A3F99->8ce85811-8d59-4bde-a42a-d73a8f8a1f6b: receive RaftClientReply:client-377DB18A3F99->8ce85811-8d59-4bde-a42a-d73a8f8a1f6b@group-4A287A029878, cid=192, FAILED org.apache.ratis.protocol.NotLeaderException: Server 8ce85811-8d59-4bde-a42a-d73a8f8a1f6b is not the leader (77615d81-8c11-45ee-8068-94d065800645:192.168.157.202:43294). Request must be sent to leader., logIndex=0, commits[8ce85811-8d59-4bde-a42a-d73a8f8a1f6b:c16, 89ea525c-b884-4c8a-a58d-0993f9152014:c16, 77615d81-8c11-45ee-8068-94d065800645:c16]
2019-08-28 15:36:50,520 | INFO  | SCMAudit | user=jenkins1000 | ip=192.168.157.202 | op=SEND_HEARTBEAT {datanodeUUID=2e3ab009-6d3b-4f9c-9baf-460c800051cc, command=[]} | ret=SUCCESS |  
2019-08-28 15:36:50,727 | INFO  | SCMAudit | user=jenkins1000 | ip=192.168.157.202 | op=SEND_HEARTBEAT {datanodeUUID=ad22b398-6137-4426-bbd7-ba2dd03ed0e3, command=[]} | ret=SUCCESS |  
2019-08-28 15:36:50,914 | INFO  | SCMAudit | user=jenkins1000 | ip=192.168.157.202 | op=SEND_HEARTBEAT {datanodeUUID=bf0ddda3-9c1a-46b4-880b-b69c4520600a, command=[]} | ret=SUCCESS |  
2019-08-28 15:36:51,141 | INFO  | SCMAudit | user=jenkins1000 | ip=192.168.157.202 | op=SEND_HEARTBEAT {datanodeUUID=8ce85811-8d59-4bde-a42a-d73a8f8a1f6b, command=[]} | ret=SUCCESS |  
2019-08-28 15:36:51,141 | INFO  | SCMAudit | user=jenkins1000 | ip=192.168.157.202 | op=SEND_HEARTBEAT {datanodeUUID=89ea525c-b884-4c8a-a58d-0993f9152014, command=[]} | ret=SUCCESS |  
2019-08-28 15:36:51,346 | INFO  | SCMAudit | user=jenkins1000 | ip=192.168.157.202 | op=SEND_HEARTBEAT {datanodeUUID=8ac6e4a2-e0c1-4238-9a47-28cd0ac1a81a, command=[]} | ret=SUCCESS |  
2019-08-28 15:36:51,446 [grpc-default-executor-11] INFO  client.GrpcClientProtocolClient (GrpcClientProtocolClient.java:onNext(255)) - client-377DB18A3F99->89ea525c-b884-4c8a-a58d-0993f9152014: receive RaftClientReply:client-377DB18A3F99->89ea525c-b884-4c8a-a58d-0993f9152014@group-4A287A029878, cid=192, FAILED org.apache.ratis.protocol.NotLeaderException: Server 89ea525c-b884-4c8a-a58d-0993f9152014 is not the leader (77615d81-8c11-45ee-8068-94d065800645:192.168.157.202:43294). Request must be sent to leader., logIndex=0, commits[89ea525c-b884-4c8a-a58d-0993f9152014:c16, 77615d81-8c11-45ee-8068-94d065800645:c16, 8ce85811-8d59-4bde-a42a-d73a8f8a1f6b:c16]
2019-08-28 15:36:51,520 | INFO  | SCMAudit | user=jenkins1000 | ip=192.168.157.202 | op=SEND_HEARTBEAT {datanodeUUID=2e3ab009-6d3b-4f9c-9baf-460c800051cc, command=[]} | ret=SUCCESS |  
2019-08-28 15:36:51,727 | INFO  | SCMAudit | user=jenkins1000 | ip=192.168.157.202 | op=SEND_HEARTBEAT {datanodeUUID=ad22b398-6137-4426-bbd7-ba2dd03ed0e3, command=[]} | ret=SUCCESS |  
2019-08-28 15:36:51,914 | INFO  | SCMAudit | user=jenkins1000 | ip=192.168.157.202 | op=SEND_HEARTBEAT {datanodeUUID=bf0ddda3-9c1a-46b4-880b-b69c4520600a, command=[]} | ret=SUCCESS |  
2019-08-28 15:36:52,141 | INFO  | SCMAudit | user=jenkins1000 | ip=192.168.157.202 | op=SEND_HEARTBEAT {datanodeUUID=8ce85811-8d59-4bde-a42a-d73a8f8a1f6b, command=[]} | ret=SUCCESS |  
2019-08-28 15:36:52,141 | INFO  | SCMAudit | user=jenkins1000 | ip=192.168.157.202 | op=SEND_HEARTBEAT {datanodeUUID=89ea525c-b884-4c8a-a58d-0993f9152014, command=[]} | ret=SUCCESS |  
2019-08-28 15:36:52,346 | INFO  | SCMAudit | user=jenkins1000 | ip=192.168.157.202 | op=SEND_HEARTBEAT {datanodeUUID=8ac6e4a2-e0c1-4238-9a47-28cd0ac1a81a, command=[]} | ret=SUCCESS |  
2019-08-28 15:36:52,458 [grpc-default-executor-11] INFO  client.GrpcClientProtocolClient (GrpcClientProtocolClient.java:onNext(255)) - client-377DB18A3F99->89ea525c-b884-4c8a-a58d-0993f9152014: receive RaftClientReply:client-377DB18A3F99->89ea525c-b884-4c8a-a58d-0993f9152014@group-4A287A029878, cid=192, FAILED org.apache.ratis.protocol.NotLeaderException: Server 89ea525c-b884-4c8a-a58d-0993f9152014 is not the leader (77615d81-8c11-45ee-8068-94d065800645:192.168.157.202:43294). Request must be sent to leader., logIndex=0, commits[89ea525c-b884-4c8a-a58d-0993f9152014:c16, 77615d81-8c11-45ee-8068-94d065800645:c16, 8ce85811-8d59-4bde-a42a-d73a8f8a1f6b:c16]
2019-08-28 15:36:52,520 | INFO  | SCMAudit | user=jenkins1000 | ip=192.168.157.202 | op=SEND_HEARTBEAT {datanodeUUID=2e3ab009-6d3b-4f9c-9baf-460c800051cc, command=[]} | ret=SUCCESS |  
2019-08-28 15:36:52,727 | INFO  | SCMAudit | user=jenkins1000 | ip=192.168.157.202 | op=SEND_HEARTBEAT {datanodeUUID=ad22b398-6137-4426-bbd7-ba2dd03ed0e3, command=[]} | ret=SUCCESS |  
2019-08-28 15:36:52,914 | INFO  | SCMAudit | user=jenkins1000 | ip=192.168.157.202 | op=SEND_HEARTBEAT {datanodeUUID=bf0ddda3-9c1a-46b4-880b-b69c4520600a, command=[]} | ret=SUCCESS |  
2019-08-28 15:36:53,141 | INFO  | SCMAudit | user=jenkins1000 | ip=192.168.157.202 | op=SEND_HEARTBEAT {datanodeUUID=89ea525c-b884-4c8a-a58d-0993f9152014, command=[]} | ret=SUCCESS |  
2019-08-28 15:36:53,141 | INFO  | SCMAudit | user=jenkins1000 | ip=192.168.157.202 | op=SEND_HEARTBEAT {datanodeUUID=8ce85811-8d59-4bde-a42a-d73a8f8a1f6b, command=[]} | ret=SUCCESS |  
2019-08-28 15:36:53,346 | INFO  | SCMAudit | user=jenkins1000 | ip=192.168.157.202 | op=SEND_HEARTBEAT {datanodeUUID=8ac6e4a2-e0c1-4238-9a47-28cd0ac1a81a, command=[]} | ret=SUCCESS |  
2019-08-28 15:36:53,469 [grpc-default-executor-10] INFO  client.GrpcClientProtocolClient (GrpcClientProtocolClient.java:onNext(255)) - client-377DB18A3F99->8ce85811-8d59-4bde-a42a-d73a8f8a1f6b: receive RaftClientReply:client-377DB18A3F99->8ce85811-8d59-4bde-a42a-d73a8f8a1f6b@group-4A287A029878, cid=192, FAILED org.apache.ratis.protocol.NotLeaderException: Server 8ce85811-8d59-4bde-a42a-d73a8f8a1f6b is not the leader (77615d81-8c11-45ee-8068-94d065800645:192.168.157.202:43294). Request must be sent to leader., logIndex=0, commits[8ce85811-8d59-4bde-a42a-d73a8f8a1f6b:c16, 89ea525c-b884-4c8a-a58d-0993f9152014:c16, 77615d81-8c11-45ee-8068-94d065800645:c16]
2019-08-28 15:36:53,520 | INFO  | SCMAudit | user=jenkins1000 | ip=192.168.157.202 | op=SEND_HEARTBEAT {datanodeUUID=2e3ab009-6d3b-4f9c-9baf-460c800051cc, command=[]} | ret=SUCCESS |  
2019-08-28 15:36:53,727 | INFO  | SCMAudit | user=jenkins1000 | ip=192.168.157.202 | op=SEND_HEARTBEAT {datanodeUUID=ad22b398-6137-4426-bbd7-ba2dd03ed0e3, command=[]} | ret=SUCCESS |  
2019-08-28 15:36:53,914 | INFO  | SCMAudit | user=jenkins1000 | ip=192.168.157.202 | op=SEND_HEARTBEAT {datanodeUUID=bf0ddda3-9c1a-46b4-880b-b69c4520600a, command=[]} | ret=SUCCESS |  
2019-08-28 15:36:54,141 | INFO  | SCMAudit | user=jenkins1000 | ip=192.168.157.202 | op=SEND_HEARTBEAT {datanodeUUID=89ea525c-b884-4c8a-a58d-0993f9152014, command=[]} | ret=SUCCESS |  
2019-08-28 15:36:54,141 | INFO  | SCMAudit | user=jenkins1000 | ip=192.168.157.202 | op=SEND_HEARTBEAT {datanodeUUID=8ce85811-8d59-4bde-a42a-d73a8f8a1f6b, command=[]} | ret=SUCCESS |  
2019-08-28 15:36:54,346 | INFO  | SCMAudit | user=jenkins1000 | ip=192.168.157.202 | op=SEND_HEARTBEAT {datanodeUUID=8ac6e4a2-e0c1-4238-9a47-28cd0ac1a81a, command=[]} | ret=SUCCESS |  
2019-08-28 15:36:54,481 [grpc-default-executor-8] INFO  client.GrpcClientProtocolClient (GrpcClientProtocolClient.java:onNext(255)) - client-377DB18A3F99->89ea525c-b884-4c8a-a58d-0993f9152014: receive RaftClientReply:client-377DB18A3F99->89ea525c-b884-4c8a-a58d-0993f9152014@group-4A287A029878, cid=192, FAILED org.apache.ratis.protocol.NotLeaderException: Server 89ea525c-b884-4c8a-a58d-0993f9152014 is not the leader (77615d81-8c11-45ee-8068-94d065800645:192.168.157.202:43294). Request must be sent to leader., logIndex=0, commits[89ea525c-b884-4c8a-a58d-0993f9152014:c16, 77615d81-8c11-45ee-8068-94d065800645:c16, 8ce85811-8d59-4bde-a42a-d73a8f8a1f6b:c16]
2019-08-28 15:36:54,520 | INFO  | SCMAudit | user=jenkins1000 | ip=192.168.157.202 | op=SEND_HEARTBEAT {datanodeUUID=2e3ab009-6d3b-4f9c-9baf-460c800051cc, command=[]} | ret=SUCCESS |  
2019-08-28 15:36:54,727 | INFO  | SCMAudit | user=jenkins1000 | ip=192.168.157.202 | op=SEND_HEARTBEAT {datanodeUUID=ad22b398-6137-4426-bbd7-ba2dd03ed0e3, command=[]} | ret=SUCCESS |  
2019-08-28 15:36:54,914 | INFO  | SCMAudit | user=jenkins1000 | ip=192.168.157.202 | op=SEND_HEARTBEAT {datanodeUUID=bf0ddda3-9c1a-46b4-880b-b69c4520600a, command=[]} | ret=SUCCESS |  
2019-08-28 15:36:55,141 | INFO  | SCMAudit | user=jenkins1000 | ip=192.168.157.202 | op=SEND_HEARTBEAT {datanodeUUID=8ce85811-8d59-4bde-a42a-d73a8f8a1f6b, command=[]} | ret=SUCCESS |  
2019-08-28 15:36:55,141 | INFO  | SCMAudit | user=jenkins1000 | ip=192.168.157.202 | op=SEND_HEARTBEAT {datanodeUUID=89ea525c-b884-4c8a-a58d-0993f9152014, command=[]} | ret=SUCCESS |  
2019-08-28 15:36:55,346 | INFO  | SCMAudit | user=jenkins1000 | ip=192.168.157.202 | op=SEND_HEARTBEAT {datanodeUUID=8ac6e4a2-e0c1-4238-9a47-28cd0ac1a81a, command=[]} | ret=SUCCESS |  
2019-08-28 15:36:55,495 [grpc-default-executor-8] INFO  client.GrpcClientProtocolClient (GrpcClientProtocolClient.java:onNext(255)) - client-377DB18A3F99->8ce85811-8d59-4bde-a42a-d73a8f8a1f6b: receive RaftClientReply:client-377DB18A3F99->8ce85811-8d59-4bde-a42a-d73a8f8a1f6b@group-4A287A029878, cid=192, FAILED org.apache.ratis.protocol.NotLeaderException: Server 8ce85811-8d59-4bde-a42a-d73a8f8a1f6b is not the leader (77615d81-8c11-45ee-8068-94d065800645:192.168.157.202:43294). Request must be sent to leader., logIndex=0, commits[8ce85811-8d59-4bde-a42a-d73a8f8a1f6b:c16, 89ea525c-b884-4c8a-a58d-0993f9152014:c16, 77615d81-8c11-45ee-8068-94d065800645:c16]
2019-08-28 15:36:55,521 | INFO  | SCMAudit | user=jenkins1000 | ip=192.168.157.202 | op=SEND_HEARTBEAT {datanodeUUID=2e3ab009-6d3b-4f9c-9baf-460c800051cc, command=[]} | ret=SUCCESS |  
2019-08-28 15:36:55,727 | INFO  | SCMAudit | user=jenkins1000 | ip=192.168.157.202 | op=SEND_HEARTBEAT {datanodeUUID=ad22b398-6137-4426-bbd7-ba2dd03ed0e3, command=[]} | ret=SUCCESS |  
2019-08-28 15:36:55,914 | INFO  | SCMAudit | user=jenkins1000 | ip=192.168.157.202 | op=SEND_HEARTBEAT {datanodeUUID=bf0ddda3-9c1a-46b4-880b-b69c4520600a, command=[]} | ret=SUCCESS |  
2019-08-28 15:36:56,141 | INFO  | SCMAudit | user=jenkins1000 | ip=192.168.157.202 | op=SEND_HEARTBEAT {datanodeUUID=89ea525c-b884-4c8a-a58d-0993f9152014, command=[]} | ret=SUCCESS |  
2019-08-28 15:36:56,141 | INFO  | SCMAudit | user=jenkins1000 | ip=192.168.157.202 | op=SEND_HEARTBEAT {datanodeUUID=8ce85811-8d59-4bde-a42a-d73a8f8a1f6b, command=[]} | ret=SUCCESS |  
2019-08-28 15:36:56,346 | INFO  | SCMAudit | user=jenkins1000 | ip=192.168.157.202 | op=SEND_HEARTBEAT {datanodeUUID=8ac6e4a2-e0c1-4238-9a47-28cd0ac1a81a, command=[]} | ret=SUCCESS |  
2019-08-28 15:36:56,507 [grpc-default-executor-11] INFO  client.GrpcClientProtocolClient (GrpcClientProtocolClient.java:onNext(255)) - client-377DB18A3F99->8ce85811-8d59-4bde-a42a-d73a8f8a1f6b: receive RaftClientReply:client-377DB18A3F99->8ce85811-8d59-4bde-a42a-d73a8f8a1f6b@group-4A287A029878, cid=192, FAILED org.apache.ratis.protocol.NotLeaderException: Server 8ce85811-8d59-4bde-a42a-d73a8f8a1f6b is not the leader (77615d81-8c11-45ee-8068-94d065800645:192.168.157.202:43294). Request must be sent to leader., logIndex=0, commits[8ce85811-8d59-4bde-a42a-d73a8f8a1f6b:c16, 89ea525c-b884-4c8a-a58d-0993f9152014:c16, 77615d81-8c11-45ee-8068-94d065800645:c16]
2019-08-28 15:36:56,520 | INFO  | SCMAudit | user=jenkins1000 | ip=192.168.157.202 | op=SEND_HEARTBEAT {datanodeUUID=2e3ab009-6d3b-4f9c-9baf-460c800051cc, command=[]} | ret=SUCCESS |  
2019-08-28 15:36:56,621 [Thread-3689] INFO  impl.FollowerState (FollowerState.java:run(106)) - 8ce85811-8d59-4bde-a42a-d73a8f8a1f6b:group-4A287A029878 changes to CANDIDATE, lastRpcTime:9283, electionTimeout:5033ms
2019-08-28 15:36:56,621 [Thread-3689] INFO  impl.RoleInfo (RoleInfo.java:shutdownFollowerState(121)) - 8ce85811-8d59-4bde-a42a-d73a8f8a1f6b: shutdown FollowerState
2019-08-28 15:36:56,621 [Thread-3689] INFO  impl.RaftServerImpl (RaftServerImpl.java:setRole(171)) - 8ce85811-8d59-4bde-a42a-d73a8f8a1f6b:group-4A287A029878 changes role from FOLLOWER to CANDIDATE at term 1 for changeToCandidate
2019-08-28 15:36:56,621 [Thread-3689] INFO  impl.RoleInfo (RoleInfo.java:updateAndGet(143)) - 8ce85811-8d59-4bde-a42a-d73a8f8a1f6b: start LeaderElection
2019-08-28 15:36:56,625 [8ce85811-8d59-4bde-a42a-d73a8f8a1f6b:group-4A287A029878:LeaderElection98] INFO  impl.RaftServerImpl (ServerState.java:setLeader(263)) - 8ce85811-8d59-4bde-a42a-d73a8f8a1f6b:group-4A287A029878 change Leader from 77615d81-8c11-45ee-8068-94d065800645 to null at term 1 for initElection
2019-08-28 15:36:56,639 [8ce85811-8d59-4bde-a42a-d73a8f8a1f6b:group-4A287A029878:LeaderElection98] INFO  impl.LeaderElection (LeaderElection.java:askForVotes(181)) - 8ce85811-8d59-4bde-a42a-d73a8f8a1f6b:group-4A287A029878:LeaderElection98: begin an election at term 2 for 0: [89ea525c-b884-4c8a-a58d-0993f9152014:192.168.157.202:38790, 77615d81-8c11-45ee-8068-94d065800645:192.168.157.202:43294, 8ce85811-8d59-4bde-a42a-d73a8f8a1f6b:192.168.157.202:43412], old=null
2019-08-28 15:36:56,641 [8ce85811-8d59-4bde-a42a-d73a8f8a1f6b:group-4A287A029878:LeaderElection98] INFO  impl.LeaderElection (LogUtils.java:infoOrTrace(149)) - 8ce85811-8d59-4bde-a42a-d73a8f8a1f6b:group-4A287A029878:LeaderElection98 got exception when requesting votes: {}
java.util.concurrent.ExecutionException: org.apache.ratis.thirdparty.io.grpc.StatusRuntimeException: UNAVAILABLE: io exception
	at java.util.concurrent.FutureTask.report(FutureTask.java:122)
	at java.util.concurrent.FutureTask.get(FutureTask.java:192)
	at org.apache.ratis.server.impl.LeaderElection.waitForResults(LeaderElection.java:262)
	at org.apache.ratis.server.impl.LeaderElection.askForVotes(LeaderElection.java:200)
	at org.apache.ratis.server.impl.LeaderElection.run(LeaderElection.java:130)
	at java.lang.Thread.run(Thread.java:748)
Caused by: org.apache.ratis.thirdparty.io.grpc.StatusRuntimeException: UNAVAILABLE: io exception
	at org.apache.ratis.thirdparty.io.grpc.stub.ClientCalls.toStatusRuntimeException(ClientCalls.java:233)
	at org.apache.ratis.thirdparty.io.grpc.stub.ClientCalls.getUnchecked(ClientCalls.java:214)
	at org.apache.ratis.thirdparty.io.grpc.stub.ClientCalls.blockingUnaryCall(ClientCalls.java:139)
	at org.apache.ratis.proto.grpc.RaftServerProtocolServiceGrpc$RaftServerProtocolServiceBlockingStub.requestVote(RaftServerProtocolServiceGrpc.java:265)
	at org.apache.ratis.grpc.server.GrpcServerProtocolClient.requestVote(GrpcServerProtocolClient.java:83)
	at org.apache.ratis.grpc.server.GrpcService.requestVote(GrpcService.java:195)
	at org.apache.ratis.server.impl.LeaderElection.lambda$submitRequests$1(LeaderElection.java:237)
	at java.util.concurrent.FutureTask.run(FutureTask.java:266)
	at java.util.concurrent.Executors$RunnableAdapter.call(Executors.java:511)
	at java.util.concurrent.FutureTask.run(FutureTask.java:266)
	at java.util.concurrent.ThreadPoolExecutor.runWorker(ThreadPoolExecutor.java:1149)
	at java.util.concurrent.ThreadPoolExecutor$Worker.run(ThreadPoolExecutor.java:624)
	... 1 more
Caused by: org.apache.ratis.thirdparty.io.netty.channel.AbstractChannel$AnnotatedConnectException: Connection refused: /192.168.157.202:43294
	at sun.nio.ch.SocketChannelImpl.checkConnect(Native Method)
	at sun.nio.ch.SocketChannelImpl.finishConnect(SocketChannelImpl.java:717)
	at org.apache.ratis.thirdparty.io.netty.channel.socket.nio.NioSocketChannel.doFinishConnect(NioSocketChannel.java:327)
	at org.apache.ratis.thirdparty.io.netty.channel.nio.AbstractNioChannel$AbstractNioUnsafe.finishConnect(AbstractNioChannel.java:340)
	at org.apache.ratis.thirdparty.io.netty.channel.nio.NioEventLoop.processSelectedKey(NioEventLoop.java:632)
	at org.apache.ratis.thirdparty.io.netty.channel.nio.NioEventLoop.processSelectedKeysOptimized(NioEventLoop.java:579)
	at org.apache.ratis.thirdparty.io.netty.channel.nio.NioEventLoop.processSelectedKeys(NioEventLoop.java:496)
	at org.apache.ratis.thirdparty.io.netty.channel.nio.NioEventLoop.run(NioEventLoop.java:458)
	at org.apache.ratis.thirdparty.io.netty.util.concurrent.SingleThreadEventExecutor$5.run(SingleThreadEventExecutor.java:897)
	at org.apache.ratis.thirdparty.io.netty.util.concurrent.FastThreadLocalRunnable.run(FastThreadLocalRunnable.java:30)
	... 1 more
Caused by: java.net.ConnectException: Connection refused
	... 11 more
2019-08-28 15:36:56,641 [grpc-default-executor-10] INFO  impl.RaftServerImpl (ServerState.java:setLeader(263)) - 89ea525c-b884-4c8a-a58d-0993f9152014:group-4A287A029878 change Leader from 77615d81-8c11-45ee-8068-94d065800645 to null at term 2 for updateCurrentTerm
2019-08-28 15:36:56,644 [grpc-default-executor-10] INFO  impl.RaftServerImpl (RaftServerImpl.java:setRole(171)) - 89ea525c-b884-4c8a-a58d-0993f9152014:group-4A287A029878 changes role from FOLLOWER to FOLLOWER at term 2 for recognizeCandidate:8ce85811-8d59-4bde-a42a-d73a8f8a1f6b
2019-08-28 15:36:56,645 [grpc-default-executor-10] INFO  impl.RoleInfo (RoleInfo.java:shutdownFollowerState(121)) - 89ea525c-b884-4c8a-a58d-0993f9152014: shutdown FollowerState
2019-08-28 15:36:56,645 [grpc-default-executor-10] INFO  impl.RoleInfo (RoleInfo.java:updateAndGet(143)) - 89ea525c-b884-4c8a-a58d-0993f9152014: start FollowerState
2019-08-28 15:36:56,645 [Thread-3687] INFO  impl.FollowerState (FollowerState.java:run(114)) - 89ea525c-b884-4c8a-a58d-0993f9152014: FollowerState was interrupted: java.lang.InterruptedException: sleep interrupted
2019-08-28 15:36:56,655 [8ce85811-8d59-4bde-a42a-d73a8f8a1f6b:group-4A287A029878:LeaderElection98] INFO  impl.LeaderElection (LeaderElection.java:logAndReturn(56)) - 8ce85811-8d59-4bde-a42a-d73a8f8a1f6b:group-4A287A029878:LeaderElection98: Election PASSED; received 1 response(s) [8ce85811-8d59-4bde-a42a-d73a8f8a1f6b<-89ea525c-b884-4c8a-a58d-0993f9152014#0:OK-t2] and 1 exception(s); 8ce85811-8d59-4bde-a42a-d73a8f8a1f6b:t2, leader=null, voted=8ce85811-8d59-4bde-a42a-d73a8f8a1f6b, raftlog=8ce85811-8d59-4bde-a42a-d73a8f8a1f6b-SegmentedRaftLog:OPENED:c16,f16,i16, conf=0: [89ea525c-b884-4c8a-a58d-0993f9152014:192.168.157.202:38790, 77615d81-8c11-45ee-8068-94d065800645:192.168.157.202:43294, 8ce85811-8d59-4bde-a42a-d73a8f8a1f6b:192.168.157.202:43412], old=null
2019-08-28 15:36:56,655 [8ce85811-8d59-4bde-a42a-d73a8f8a1f6b:group-4A287A029878:LeaderElection98] INFO  impl.LeaderElection (LogUtils.java:infoOrTrace(149)) -   Exception 0: {}
java.util.concurrent.ExecutionException: org.apache.ratis.thirdparty.io.grpc.StatusRuntimeException: UNAVAILABLE: io exception
	at java.util.concurrent.FutureTask.report(FutureTask.java:122)
	at java.util.concurrent.FutureTask.get(FutureTask.java:192)
	at org.apache.ratis.server.impl.LeaderElection.waitForResults(LeaderElection.java:262)
	at org.apache.ratis.server.impl.LeaderElection.askForVotes(LeaderElection.java:200)
	at org.apache.ratis.server.impl.LeaderElection.run(LeaderElection.java:130)
	at java.lang.Thread.run(Thread.java:748)
Caused by: org.apache.ratis.thirdparty.io.grpc.StatusRuntimeException: UNAVAILABLE: io exception
	at org.apache.ratis.thirdparty.io.grpc.stub.ClientCalls.toStatusRuntimeException(ClientCalls.java:233)
	at org.apache.ratis.thirdparty.io.grpc.stub.ClientCalls.getUnchecked(ClientCalls.java:214)
	at org.apache.ratis.thirdparty.io.grpc.stub.ClientCalls.blockingUnaryCall(ClientCalls.java:139)
	at org.apache.ratis.proto.grpc.RaftServerProtocolServiceGrpc$RaftServerProtocolServiceBlockingStub.requestVote(RaftServerProtocolServiceGrpc.java:265)
	at org.apache.ratis.grpc.server.GrpcServerProtocolClient.requestVote(GrpcServerProtocolClient.java:83)
	at org.apache.ratis.grpc.server.GrpcService.requestVote(GrpcService.java:195)
	at org.apache.ratis.server.impl.LeaderElection.lambda$submitRequests$1(LeaderElection.java:237)
	at java.util.concurrent.FutureTask.run(FutureTask.java:266)
	at java.util.concurrent.Executors$RunnableAdapter.call(Executors.java:511)
	at java.util.concurrent.FutureTask.run(FutureTask.java:266)
	at java.util.concurrent.ThreadPoolExecutor.runWorker(ThreadPoolExecutor.java:1149)
	at java.util.concurrent.ThreadPoolExecutor$Worker.run(ThreadPoolExecutor.java:624)
	... 1 more
Caused by: org.apache.ratis.thirdparty.io.netty.channel.AbstractChannel$AnnotatedConnectException: Connection refused: /192.168.157.202:43294
	at sun.nio.ch.SocketChannelImpl.checkConnect(Native Method)
	at sun.nio.ch.SocketChannelImpl.finishConnect(SocketChannelImpl.java:717)
	at org.apache.ratis.thirdparty.io.netty.channel.socket.nio.NioSocketChannel.doFinishConnect(NioSocketChannel.java:327)
	at org.apache.ratis.thirdparty.io.netty.channel.nio.AbstractNioChannel$AbstractNioUnsafe.finishConnect(AbstractNioChannel.java:340)
	at org.apache.ratis.thirdparty.io.netty.channel.nio.NioEventLoop.processSelectedKey(NioEventLoop.java:632)
	at org.apache.ratis.thirdparty.io.netty.channel.nio.NioEventLoop.processSelectedKeysOptimized(NioEventLoop.java:579)
	at org.apache.ratis.thirdparty.io.netty.channel.nio.NioEventLoop.processSelectedKeys(NioEventLoop.java:496)
	at org.apache.ratis.thirdparty.io.netty.channel.nio.NioEventLoop.run(NioEventLoop.java:458)
	at org.apache.ratis.thirdparty.io.netty.util.concurrent.SingleThreadEventExecutor$5.run(SingleThreadEventExecutor.java:897)
	at org.apache.ratis.thirdparty.io.netty.util.concurrent.FastThreadLocalRunnable.run(FastThreadLocalRunnable.java:30)
	... 1 more
Caused by: java.net.ConnectException: Connection refused
	... 11 more
2019-08-28 15:36:56,656 [8ce85811-8d59-4bde-a42a-d73a8f8a1f6b:group-4A287A029878:LeaderElection98] INFO  impl.RoleInfo (RoleInfo.java:shutdownLeaderElection(134)) - 8ce85811-8d59-4bde-a42a-d73a8f8a1f6b: shutdown LeaderElection
2019-08-28 15:36:56,656 [8ce85811-8d59-4bde-a42a-d73a8f8a1f6b:group-4A287A029878:LeaderElection98] INFO  impl.RaftServerImpl (RaftServerImpl.java:setRole(171)) - 8ce85811-8d59-4bde-a42a-d73a8f8a1f6b:group-4A287A029878 changes role from CANDIDATE to LEADER at term 2 for changeToLeader
2019-08-28 15:36:56,656 [8ce85811-8d59-4bde-a42a-d73a8f8a1f6b:group-4A287A029878:LeaderElection98] INFO  impl.RaftServerImpl (ServerState.java:setLeader(263)) - 8ce85811-8d59-4bde-a42a-d73a8f8a1f6b:group-4A287A029878 change Leader from null to 8ce85811-8d59-4bde-a42a-d73a8f8a1f6b at term 2 for becomeLeader, leader elected after 31ms
2019-08-28 15:36:56,656 [8ce85811-8d59-4bde-a42a-d73a8f8a1f6b:group-4A287A029878:LeaderElection98] INFO  server.RaftServerConfigKeys (ConfUtils.java:logGet(43)) - raft.server.staging.catchup.gap = 1000 (default)
2019-08-28 15:36:56,656 [8ce85811-8d59-4bde-a42a-d73a8f8a1f6b:group-4A287A029878:LeaderElection98] INFO  server.RaftServerConfigKeys (ConfUtils.java:logGet(43)) - raft.server.rpc.sleep.time = 25ms (default)
2019-08-28 15:36:56,656 [8ce85811-8d59-4bde-a42a-d73a8f8a1f6b:group-4A287A029878:LeaderElection98] INFO  server.RaftServerConfigKeys (ConfUtils.java:logGet(43)) - raft.server.write.element-limit = 4096 (default)
2019-08-28 15:36:56,657 [8ce85811-8d59-4bde-a42a-d73a8f8a1f6b:group-4A287A029878:LeaderElection98] INFO  server.RaftServerConfigKeys (ConfUtils.java:logGet(43)) - raft.server.watch.timeout = 10s (default)
2019-08-28 15:36:56,657 [8ce85811-8d59-4bde-a42a-d73a8f8a1f6b:group-4A287A029878:LeaderElection98] INFO  server.RaftServerConfigKeys (ConfUtils.java:logGet(43)) - raft.server.watch.timeout.denomination = 1s (default)
2019-08-28 15:36:56,657 [8ce85811-8d59-4bde-a42a-d73a8f8a1f6b:group-4A287A029878:LeaderElection98] INFO  server.RaftServerConfigKeys (ConfUtils.java:logGet(43)) - raft.server.watch.element-limit = 65536 (default)
2019-08-28 15:36:56,657 [8ce85811-8d59-4bde-a42a-d73a8f8a1f6b:group-4A287A029878:LeaderElection98] INFO  server.RaftServerConfigKeys (ConfUtils.java:logGet(43)) - raft.server.log.appender.snapshot.chunk.size.max = 16MB (=16777216) (default)
2019-08-28 15:36:56,657 [8ce85811-8d59-4bde-a42a-d73a8f8a1f6b:group-4A287A029878:LeaderElection98] INFO  server.RaftServerConfigKeys (ConfUtils.java:logGet(43)) - raft.server.log.appender.buffer.byte-limit = 33554432 (custom)
2019-08-28 15:36:56,657 [8ce85811-8d59-4bde-a42a-d73a8f8a1f6b:group-4A287A029878:LeaderElection98] INFO  server.RaftServerConfigKeys (ConfUtils.java:logGet(43)) - raft.server.log.appender.buffer.element-limit = 1 (custom)
2019-08-28 15:36:56,658 [8ce85811-8d59-4bde-a42a-d73a8f8a1f6b:group-4A287A029878:LeaderElection98] INFO  grpc.GrpcConfigKeys$Server (ConfUtils.java:logGet(43)) - raft.grpc.server.leader.outstanding.appends.max = 128 (default)
2019-08-28 15:36:56,658 [8ce85811-8d59-4bde-a42a-d73a8f8a1f6b:group-4A287A029878:LeaderElection98] INFO  server.RaftServerConfigKeys (ConfUtils.java:logGet(43)) - raft.server.rpc.request.timeout = 3000ms (default)
2019-08-28 15:36:56,658 [8ce85811-8d59-4bde-a42a-d73a8f8a1f6b:group-4A287A029878:LeaderElection98] INFO  server.RaftServerConfigKeys (ConfUtils.java:logGet(43)) - raft.server.log.appender.install.snapshot.enabled = false (custom)
2019-08-28 15:36:56,658 [8ce85811-8d59-4bde-a42a-d73a8f8a1f6b:group-4A287A029878:LeaderElection98] INFO  server.RaftServerConfigKeys (ConfUtils.java:logGet(43)) - raft.server.log.appender.snapshot.chunk.size.max = 16MB (=16777216) (default)
2019-08-28 15:36:56,658 [8ce85811-8d59-4bde-a42a-d73a8f8a1f6b:group-4A287A029878:LeaderElection98] INFO  server.RaftServerConfigKeys (ConfUtils.java:logGet(43)) - raft.server.log.appender.buffer.byte-limit = 33554432 (custom)
2019-08-28 15:36:56,658 [8ce85811-8d59-4bde-a42a-d73a8f8a1f6b:group-4A287A029878:LeaderElection98] INFO  server.RaftServerConfigKeys (ConfUtils.java:logGet(43)) - raft.server.log.appender.buffer.element-limit = 1 (custom)
2019-08-28 15:36:56,658 [8ce85811-8d59-4bde-a42a-d73a8f8a1f6b:group-4A287A029878:LeaderElection98] INFO  grpc.GrpcConfigKeys$Server (ConfUtils.java:logGet(43)) - raft.grpc.server.leader.outstanding.appends.max = 128 (default)
2019-08-28 15:36:56,659 [8ce85811-8d59-4bde-a42a-d73a8f8a1f6b:group-4A287A029878:LeaderElection98] INFO  server.RaftServerConfigKeys (ConfUtils.java:logGet(43)) - raft.server.rpc.request.timeout = 3000ms (default)
2019-08-28 15:36:56,659 [8ce85811-8d59-4bde-a42a-d73a8f8a1f6b:group-4A287A029878:LeaderElection98] INFO  server.RaftServerConfigKeys (ConfUtils.java:logGet(43)) - raft.server.log.appender.install.snapshot.enabled = false (custom)
2019-08-28 15:36:56,659 [8ce85811-8d59-4bde-a42a-d73a8f8a1f6b:group-4A287A029878:LeaderElection98] INFO  impl.RoleInfo (RoleInfo.java:updateAndGet(143)) - 8ce85811-8d59-4bde-a42a-d73a8f8a1f6b: start LeaderState
2019-08-28 15:36:56,659 [8ce85811-8d59-4bde-a42a-d73a8f8a1f6b:group-4A287A029878:LeaderElection98] INFO  segmented.SegmentedRaftLogWorker (SegmentedRaftLogWorker.java:rollLogSegment(385)) - 8ce85811-8d59-4bde-a42a-d73a8f8a1f6b-SegmentedRaftLogWorker:Storage Directory /workdir/hadoop-ozone/integration-test/target/test-dir/MiniOzoneClusterImpl-c88bbe07-05a9-423a-b0e1-c9ede35d500a/datanode-0/data/ratis/a8ea9b9d-4261-4fe2-a759-4a287a029878: Rolling segment log-0_16 to index:16
2019-08-28 15:36:56,660 [8ce85811-8d59-4bde-a42a-d73a8f8a1f6b:group-4A287A029878:LeaderElection98] INFO  impl.RaftServerImpl (ServerState.java:setRaftConf(361)) - 8ce85811-8d59-4bde-a42a-d73a8f8a1f6b:group-4A287A029878 set configuration 17: [89ea525c-b884-4c8a-a58d-0993f9152014:192.168.157.202:38790, 77615d81-8c11-45ee-8068-94d065800645:192.168.157.202:43294, 8ce85811-8d59-4bde-a42a-d73a8f8a1f6b:192.168.157.202:43412], old=null at 17
2019-08-28 15:36:56,660 [8ce85811-8d59-4bde-a42a-d73a8f8a1f6b-SegmentedRaftLogWorker:Storage Directory /workdir/hadoop-ozone/integration-test/target/test-dir/MiniOzoneClusterImpl-c88bbe07-05a9-423a-b0e1-c9ede35d500a/datanode-0/data/ratis/a8ea9b9d-4261-4fe2-a759-4a287a029878] INFO  segmented.SegmentedRaftLogWorker (SegmentedRaftLogWorker.java:execute(526)) - 8ce85811-8d59-4bde-a42a-d73a8f8a1f6b-SegmentedRaftLogWorker:Storage Directory /workdir/hadoop-ozone/integration-test/target/test-dir/MiniOzoneClusterImpl-c88bbe07-05a9-423a-b0e1-c9ede35d500a/datanode-0/data/ratis/a8ea9b9d-4261-4fe2-a759-4a287a029878: Rolled log segment from /workdir/hadoop-ozone/integration-test/target/test-dir/MiniOzoneClusterImpl-c88bbe07-05a9-423a-b0e1-c9ede35d500a/datanode-0/data/ratis/a8ea9b9d-4261-4fe2-a759-4a287a029878/current/log_inprogress_0 to /workdir/hadoop-ozone/integration-test/target/test-dir/MiniOzoneClusterImpl-c88bbe07-05a9-423a-b0e1-c9ede35d500a/datanode-0/data/ratis/a8ea9b9d-4261-4fe2-a759-4a287a029878/current/log_0-16
2019-08-28 15:36:56,660 [grpc-default-executor-10] WARN  server.GrpcLogAppender (LogUtils.java:warn(134)) - 8ce85811-8d59-4bde-a42a-d73a8f8a1f6b->77615d81-8c11-45ee-8068-94d065800645: Failed appendEntries: org.apache.ratis.thirdparty.io.grpc.StatusRuntimeException: UNAVAILABLE: io exception
2019-08-28 15:36:56,661 [grpc-default-executor-10] INFO  impl.FollowerInfo (FollowerInfo.java:lambda$new$0(50)) - 8ce85811-8d59-4bde-a42a-d73a8f8a1f6b->77615d81-8c11-45ee-8068-94d065800645: nextIndex: updateUnconditionally 17 -> 1
2019-08-28 15:36:56,661 [grpc-default-executor-10] INFO  impl.RaftServerImpl (ServerState.java:setLeader(263)) - 89ea525c-b884-4c8a-a58d-0993f9152014:group-4A287A029878 change Leader from null to 8ce85811-8d59-4bde-a42a-d73a8f8a1f6b at term 2 for appendEntries, leader elected after 20ms
2019-08-28 15:36:56,663 [grpc-default-executor-10] INFO  impl.RaftServerImpl (ServerState.java:setRaftConf(361)) - 89ea525c-b884-4c8a-a58d-0993f9152014:group-4A287A029878 set configuration 17: [89ea525c-b884-4c8a-a58d-0993f9152014:192.168.157.202:38790, 77615d81-8c11-45ee-8068-94d065800645:192.168.157.202:43294, 8ce85811-8d59-4bde-a42a-d73a8f8a1f6b:192.168.157.202:43412], old=null at 17
2019-08-28 15:36:56,663 [grpc-default-executor-10] INFO  segmented.SegmentedRaftLogWorker (SegmentedRaftLogWorker.java:rollLogSegment(385)) - 89ea525c-b884-4c8a-a58d-0993f9152014-SegmentedRaftLogWorker:Storage Directory /workdir/hadoop-ozone/integration-test/target/test-dir/MiniOzoneClusterImpl-c88bbe07-05a9-423a-b0e1-c9ede35d500a/datanode-1/data/ratis/a8ea9b9d-4261-4fe2-a759-4a287a029878: Rolling segment log-0_16 to index:16
2019-08-28 15:36:56,664 [89ea525c-b884-4c8a-a58d-0993f9152014-SegmentedRaftLogWorker:Storage Directory /workdir/hadoop-ozone/integration-test/target/test-dir/MiniOzoneClusterImpl-c88bbe07-05a9-423a-b0e1-c9ede35d500a/datanode-1/data/ratis/a8ea9b9d-4261-4fe2-a759-4a287a029878] INFO  segmented.SegmentedRaftLogWorker (SegmentedRaftLogWorker.java:execute(526)) - 89ea525c-b884-4c8a-a58d-0993f9152014-SegmentedRaftLogWorker:Storage Directory /workdir/hadoop-ozone/integration-test/target/test-dir/MiniOzoneClusterImpl-c88bbe07-05a9-423a-b0e1-c9ede35d500a/datanode-1/data/ratis/a8ea9b9d-4261-4fe2-a759-4a287a029878: Rolled log segment from /workdir/hadoop-ozone/integration-test/target/test-dir/MiniOzoneClusterImpl-c88bbe07-05a9-423a-b0e1-c9ede35d500a/datanode-1/data/ratis/a8ea9b9d-4261-4fe2-a759-4a287a029878/current/log_inprogress_0 to /workdir/hadoop-ozone/integration-test/target/test-dir/MiniOzoneClusterImpl-c88bbe07-05a9-423a-b0e1-c9ede35d500a/datanode-1/data/ratis/a8ea9b9d-4261-4fe2-a759-4a287a029878/current/log_0-16
2019-08-28 15:36:56,711 [8ce85811-8d59-4bde-a42a-d73a8f8a1f6b-SegmentedRaftLogWorker:Storage Directory /workdir/hadoop-ozone/integration-test/target/test-dir/MiniOzoneClusterImpl-c88bbe07-05a9-423a-b0e1-c9ede35d500a/datanode-0/data/ratis/a8ea9b9d-4261-4fe2-a759-4a287a029878] INFO  segmented.SegmentedRaftLogWorker (SegmentedRaftLogWorker.java:execute(569)) - 8ce85811-8d59-4bde-a42a-d73a8f8a1f6b-SegmentedRaftLogWorker:Storage Directory /workdir/hadoop-ozone/integration-test/target/test-dir/MiniOzoneClusterImpl-c88bbe07-05a9-423a-b0e1-c9ede35d500a/datanode-0/data/ratis/a8ea9b9d-4261-4fe2-a759-4a287a029878: created new log segment /workdir/hadoop-ozone/integration-test/target/test-dir/MiniOzoneClusterImpl-c88bbe07-05a9-423a-b0e1-c9ede35d500a/datanode-0/data/ratis/a8ea9b9d-4261-4fe2-a759-4a287a029878/current/log_inprogress_17
2019-08-28 15:36:56,711 [89ea525c-b884-4c8a-a58d-0993f9152014-SegmentedRaftLogWorker:Storage Directory /workdir/hadoop-ozone/integration-test/target/test-dir/MiniOzoneClusterImpl-c88bbe07-05a9-423a-b0e1-c9ede35d500a/datanode-1/data/ratis/a8ea9b9d-4261-4fe2-a759-4a287a029878] INFO  segmented.SegmentedRaftLogWorker (SegmentedRaftLogWorker.java:execute(569)) - 89ea525c-b884-4c8a-a58d-0993f9152014-SegmentedRaftLogWorker:Storage Directory /workdir/hadoop-ozone/integration-test/target/test-dir/MiniOzoneClusterImpl-c88bbe07-05a9-423a-b0e1-c9ede35d500a/datanode-1/data/ratis/a8ea9b9d-4261-4fe2-a759-4a287a029878: created new log segment /workdir/hadoop-ozone/integration-test/target/test-dir/MiniOzoneClusterImpl-c88bbe07-05a9-423a-b0e1-c9ede35d500a/datanode-1/data/ratis/a8ea9b9d-4261-4fe2-a759-4a287a029878/current/log_inprogress_17
2019-08-28 15:36:56,727 | INFO  | SCMAudit | user=jenkins1000 | ip=192.168.157.202 | op=SEND_HEARTBEAT {datanodeUUID=ad22b398-6137-4426-bbd7-ba2dd03ed0e3, command=[]} | ret=SUCCESS |  
2019-08-28 15:36:56,731 | INFO  | DNAudit | user=null | ip=null | op=READ_CHUNK {blockData=conID: 1 locID: 102695344404234254 bcsId: 0} | ret=SUCCESS |  
2019-08-28 15:36:56,734 [grpc-default-executor-10] WARN  server.GrpcLogAppender (LogUtils.java:warn(134)) - 8ce85811-8d59-4bde-a42a-d73a8f8a1f6b->77615d81-8c11-45ee-8068-94d065800645: Failed appendEntries: org.apache.ratis.thirdparty.io.grpc.StatusRuntimeException: UNAVAILABLE: io exception
2019-08-28 15:36:56,734 [grpc-default-executor-10] INFO  impl.FollowerInfo (FollowerInfo.java:lambda$new$0(50)) - 8ce85811-8d59-4bde-a42a-d73a8f8a1f6b->77615d81-8c11-45ee-8068-94d065800645: nextIndex: updateUnconditionally 2 -> 1
2019-08-28 15:36:56,740 [grpc-default-executor-10] WARN  server.GrpcLogAppender (LogUtils.java:warn(134)) - 8ce85811-8d59-4bde-a42a-d73a8f8a1f6b->77615d81-8c11-45ee-8068-94d065800645: Failed appendEntries: org.apache.ratis.thirdparty.io.grpc.StatusRuntimeException: UNAVAILABLE: io exception
2019-08-28 15:36:56,740 [grpc-default-executor-10] INFO  impl.FollowerInfo (FollowerInfo.java:lambda$new$0(50)) - 8ce85811-8d59-4bde-a42a-d73a8f8a1f6b->77615d81-8c11-45ee-8068-94d065800645: nextIndex: updateUnconditionally 2 -> 1
2019-08-28 15:36:56,914 | INFO  | SCMAudit | user=jenkins1000 | ip=192.168.157.202 | op=SEND_HEARTBEAT {datanodeUUID=bf0ddda3-9c1a-46b4-880b-b69c4520600a, command=[]} | ret=SUCCESS |  
2019-08-28 15:36:57,141 | INFO  | SCMAudit | user=jenkins1000 | ip=192.168.157.202 | op=SEND_HEARTBEAT {datanodeUUID=89ea525c-b884-4c8a-a58d-0993f9152014, command=[]} | ret=SUCCESS |  
2019-08-28 15:36:57,141 | INFO  | SCMAudit | user=jenkins1000 | ip=192.168.157.202 | op=SEND_HEARTBEAT {datanodeUUID=8ce85811-8d59-4bde-a42a-d73a8f8a1f6b, command=[]} | ret=SUCCESS |  
2019-08-28 15:36:57,346 | INFO  | SCMAudit | user=jenkins1000 | ip=192.168.157.202 | op=SEND_HEARTBEAT {datanodeUUID=8ac6e4a2-e0c1-4238-9a47-28cd0ac1a81a, command=[]} | ret=SUCCESS |  
2019-08-28 15:36:57,515 | ERROR | DNAudit | user=null | ip=null | op=WRITE_CHUNK {blockData=conID: 1 locID: 102695344404234254 bcsId: 14} | ret=FAILURE | org.apache.hadoop.hdds.scm.container.common.helpers.ContainerNotOpenException: Container 1 in CLOSING state
	at org.apache.hadoop.ozone.container.common.impl.HddsDispatcher.validateContainerCommand(HddsDispatcher.java:408)
	at org.apache.hadoop.ozone.container.common.transport.server.ratis.ContainerStateMachine.startTransaction(ContainerStateMachine.java:309) 
2019-08-28 15:36:57,521 | INFO  | SCMAudit | user=jenkins1000 | ip=192.168.157.202 | op=SEND_HEARTBEAT {datanodeUUID=2e3ab009-6d3b-4f9c-9baf-460c800051cc, command=[]} | ret=SUCCESS |  
2019-08-28 15:36:57,523 [grpc-default-executor-10] INFO  client.GrpcClientProtocolClient (GrpcClientProtocolClient.java:onNext(255)) - client-377DB18A3F99->8ce85811-8d59-4bde-a42a-d73a8f8a1f6b: receive RaftClientReply:client-377DB18A3F99->8ce85811-8d59-4bde-a42a-d73a8f8a1f6b@group-4A287A029878, cid=192, FAILED org.apache.ratis.protocol.StateMachineException: org.apache.hadoop.hdds.scm.container.common.helpers.ContainerNotOpenException from Server 8ce85811-8d59-4bde-a42a-d73a8f8a1f6b: Container 1 in CLOSING state, logIndex=0, commits[8ce85811-8d59-4bde-a42a-d73a8f8a1f6b:c18, 89ea525c-b884-4c8a-a58d-0993f9152014:c17, 77615d81-8c11-45ee-8068-94d065800645:c16]
2019-08-28 15:36:57,525 | ERROR | DNAudit | user=null | ip=null | op=WRITE_CHUNK {blockData=conID: 1 locID: 102695344404234254 bcsId: 14} | ret=FAILURE | org.apache.hadoop.hdds.scm.container.common.helpers.ContainerNotOpenException: Container 1 in CLOSING state
	at org.apache.hadoop.ozone.container.common.impl.HddsDispatcher.validateContainerCommand(HddsDispatcher.java:408)
	at org.apache.hadoop.ozone.container.common.transport.server.ratis.ContainerStateMachine.startTransaction(ContainerStateMachine.java:309) 
2019-08-28 15:36:57,530 | ERROR | DNAudit | user=null | ip=null | op=PUT_BLOCK {blockData=[blockId=conID: 1 locID: 102695344404234254 bcsId: 0,size=650]} | ret=FAILURE | org.apache.hadoop.hdds.scm.container.common.helpers.ContainerNotOpenException: Container 1 in CLOSING state
	at org.apache.hadoop.ozone.container.common.impl.HddsDispatcher.validateContainerCommand(HddsDispatcher.java:408)
	at org.apache.hadoop.ozone.container.common.transport.server.ratis.ContainerStateMachine.startTransaction(ContainerStateMachine.java:309) 
2019-08-28 15:36:57,533 [grpc-default-executor-10] INFO  client.GrpcClientProtocolClient (GrpcClientProtocolClient.java:onNext(255)) - client-377DB18A3F99->8ce85811-8d59-4bde-a42a-d73a8f8a1f6b: receive RaftClientReply:client-377DB18A3F99->8ce85811-8d59-4bde-a42a-d73a8f8a1f6b@group-4A287A029878, cid=193, FAILED org.apache.ratis.protocol.StateMachineException: org.apache.hadoop.hdds.scm.container.common.helpers.ContainerNotOpenException from Server 8ce85811-8d59-4bde-a42a-d73a8f8a1f6b: Container 1 in CLOSING state, logIndex=0, commits[8ce85811-8d59-4bde-a42a-d73a8f8a1f6b:c18, 89ea525c-b884-4c8a-a58d-0993f9152014:c17, 77615d81-8c11-45ee-8068-94d065800645:c16]
2019-08-28 15:36:57,533 | ERROR | DNAudit | user=null | ip=null | op=WRITE_CHUNK {blockData=conID: 1 locID: 102695344404234254 bcsId: 14} | ret=FAILURE | org.apache.hadoop.hdds.scm.container.common.helpers.ContainerNotOpenException: Container 1 in CLOSING state
	at org.apache.hadoop.ozone.container.common.impl.HddsDispatcher.validateContainerCommand(HddsDispatcher.java:408)
	at org.apache.hadoop.ozone.container.common.transport.server.ratis.ContainerStateMachine.startTransaction(ContainerStateMachine.java:309) 
2019-08-28 15:36:57,534 [grpc-default-executor-10] INFO  client.GrpcClientProtocolClient (GrpcClientProtocolClient.java:onNext(255)) - client-377DB18A3F99->8ce85811-8d59-4bde-a42a-d73a8f8a1f6b: receive RaftClientReply:client-377DB18A3F99->8ce85811-8d59-4bde-a42a-d73a8f8a1f6b@group-4A287A029878, cid=194, FAILED org.apache.ratis.protocol.StateMachineException: org.apache.hadoop.hdds.scm.container.common.helpers.ContainerNotOpenException from Server 8ce85811-8d59-4bde-a42a-d73a8f8a1f6b: Container 1 in CLOSING state, logIndex=0, commits[8ce85811-8d59-4bde-a42a-d73a8f8a1f6b:c18, 89ea525c-b884-4c8a-a58d-0993f9152014:c17, 77615d81-8c11-45ee-8068-94d065800645:c16]
2019-08-28 15:36:57,534 | ERROR | DNAudit | user=null | ip=null | op=WRITE_CHUNK {blockData=conID: 1 locID: 102695344404234254 bcsId: 14} | ret=FAILURE | org.apache.hadoop.hdds.scm.container.common.helpers.ContainerNotOpenException: Container 1 in CLOSING state
	at org.apache.hadoop.ozone.container.common.impl.HddsDispatcher.validateContainerCommand(HddsDispatcher.java:408)
	at org.apache.hadoop.ozone.container.common.transport.server.ratis.ContainerStateMachine.startTransaction(ContainerStateMachine.java:309) 
2019-08-28 15:36:57,538 | ERROR | DNAudit | user=null | ip=null | op=PUT_BLOCK {blockData=[blockId=conID: 1 locID: 102695344404234254 bcsId: 0,size=800]} | ret=FAILURE | org.apache.hadoop.hdds.scm.container.common.helpers.ContainerNotOpenException: Container 1 in CLOSING state
	at org.apache.hadoop.ozone.container.common.impl.HddsDispatcher.validateContainerCommand(HddsDispatcher.java:408)
	at org.apache.hadoop.ozone.container.common.transport.server.ratis.ContainerStateMachine.startTransaction(ContainerStateMachine.java:309) 
2019-08-28 15:36:57,538 [grpc-default-executor-10] INFO  client.GrpcClientProtocolClient (GrpcClientProtocolClient.java:onNext(255)) - client-377DB18A3F99->8ce85811-8d59-4bde-a42a-d73a8f8a1f6b: receive RaftClientReply:client-377DB18A3F99->8ce85811-8d59-4bde-a42a-d73a8f8a1f6b@group-4A287A029878, cid=195, FAILED org.apache.ratis.protocol.StateMachineException: org.apache.hadoop.hdds.scm.container.common.helpers.ContainerNotOpenException from Server 8ce85811-8d59-4bde-a42a-d73a8f8a1f6b: Container 1 in CLOSING state, logIndex=0, commits[8ce85811-8d59-4bde-a42a-d73a8f8a1f6b:c18, 89ea525c-b884-4c8a-a58d-0993f9152014:c17, 77615d81-8c11-45ee-8068-94d065800645:c16]
2019-08-28 15:36:57,544 [grpc-default-executor-10] INFO  client.GrpcClientProtocolClient (GrpcClientProtocolClient.java:onNext(255)) - client-377DB18A3F99->8ce85811-8d59-4bde-a42a-d73a8f8a1f6b: receive RaftClientReply:client-377DB18A3F99->8ce85811-8d59-4bde-a42a-d73a8f8a1f6b@group-4A287A029878, cid=196, FAILED org.apache.ratis.protocol.StateMachineException: org.apache.hadoop.hdds.scm.container.common.helpers.ContainerNotOpenException from Server 8ce85811-8d59-4bde-a42a-d73a8f8a1f6b: Container 1 in CLOSING state, logIndex=0, commits[8ce85811-8d59-4bde-a42a-d73a8f8a1f6b:c18, 89ea525c-b884-4c8a-a58d-0993f9152014:c17, 77615d81-8c11-45ee-8068-94d065800645:c16]
2019-08-28 15:36:57,545 [grpc-default-executor-10] INFO  client.GrpcClientProtocolClient (GrpcClientProtocolClient.java:onNext(255)) - client-377DB18A3F99->8ce85811-8d59-4bde-a42a-d73a8f8a1f6b: receive RaftClientReply:client-377DB18A3F99->8ce85811-8d59-4bde-a42a-d73a8f8a1f6b@group-4A287A029878, cid=197, FAILED org.apache.ratis.protocol.StateMachineException: org.apache.hadoop.hdds.scm.container.common.helpers.ContainerNotOpenException from Server 8ce85811-8d59-4bde-a42a-d73a8f8a1f6b: Container 1 in CLOSING state, logIndex=0, commits[8ce85811-8d59-4bde-a42a-d73a8f8a1f6b:c18, 89ea525c-b884-4c8a-a58d-0993f9152014:c17, 77615d81-8c11-45ee-8068-94d065800645:c16]
2019-08-28 15:36:57,576 | INFO  | SCMAudit | user=jenkins1000 | ip=192.168.157.202 | op=ALLOCATE_BLOCK {owner=850d3153-d2f3-41fa-b494-eab0dc4ba616, size=800, type=RATIS, factor=THREE} | ret=SUCCESS |  
2019-08-28 15:36:57,577 | INFO  | OMAudit | user=jenkins1000 | ip=127.0.0.1 | op=ALLOCATE_BLOCK {volume=testblockoutputstream, bucket=testblockoutputstream, key=586259f6-09b1-4732-a512-80bc72a64370, dataSize=0, replicationType=null, replicationFactor=null, keyLocationInfo=null, clientID=102695344404103181} | ret=SUCCESS |  
2019-08-28 15:36:57,585 [grpc-default-executor-10] INFO  client.GrpcClientProtocolClient (GrpcClientProtocolClient.java:onNext(255)) - client-55A92BE0CBFB->2e3ab009-6d3b-4f9c-9baf-460c800051cc: receive RaftClientReply:client-55A92BE0CBFB->2e3ab009-6d3b-4f9c-9baf-460c800051cc@group-3831347F2B07, cid=198, FAILED org.apache.ratis.protocol.NotLeaderException: Server 2e3ab009-6d3b-4f9c-9baf-460c800051cc is not the leader (ad22b398-6137-4426-bbd7-ba2dd03ed0e3:192.168.157.202:33086). Request must be sent to leader., logIndex=0, commits[2e3ab009-6d3b-4f9c-9baf-460c800051cc:c0, 8ac6e4a2-e0c1-4238-9a47-28cd0ac1a81a:c0, ad22b398-6137-4426-bbd7-ba2dd03ed0e3:c0]
2019-08-28 15:36:57,727 | INFO  | SCMAudit | user=jenkins1000 | ip=192.168.157.202 | op=SEND_HEARTBEAT {datanodeUUID=ad22b398-6137-4426-bbd7-ba2dd03ed0e3, command=[]} | ret=SUCCESS |  
2019-08-28 15:36:57,914 | INFO  | SCMAudit | user=jenkins1000 | ip=192.168.157.202 | op=SEND_HEARTBEAT {datanodeUUID=bf0ddda3-9c1a-46b4-880b-b69c4520600a, command=[]} | ret=SUCCESS |  
2019-08-28 15:36:58,141 | INFO  | SCMAudit | user=jenkins1000 | ip=192.168.157.202 | op=SEND_HEARTBEAT {datanodeUUID=8ce85811-8d59-4bde-a42a-d73a8f8a1f6b, command=[]} | ret=SUCCESS |  
2019-08-28 15:36:58,141 | INFO  | SCMAudit | user=jenkins1000 | ip=192.168.157.202 | op=SEND_HEARTBEAT {datanodeUUID=89ea525c-b884-4c8a-a58d-0993f9152014, command=[]} | ret=SUCCESS |  
2019-08-28 15:36:58,346 | INFO  | SCMAudit | user=jenkins1000 | ip=192.168.157.202 | op=SEND_HEARTBEAT {datanodeUUID=8ac6e4a2-e0c1-4238-9a47-28cd0ac1a81a, command=[]} | ret=SUCCESS |  
2019-08-28 15:36:58,364 | INFO  | DNAudit | user=null | ip=null | op=WRITE_CHUNK {blockData=conID: 2 locID: 102695345689460751 bcsId: 0} | ret=SUCCESS |  
2019-08-28 15:36:58,364 | INFO  | DNAudit | user=null | ip=null | op=WRITE_CHUNK {blockData=conID: 2 locID: 102695345689460751 bcsId: 0} | ret=SUCCESS |  
2019-08-28 15:36:58,364 | INFO  | DNAudit | user=null | ip=null | op=WRITE_CHUNK {blockData=conID: 2 locID: 102695345689460751 bcsId: 0} | ret=SUCCESS |  
2019-08-28 15:36:58,364 | INFO  | SCMAudit | user=jenkins1000 | ip=192.168.157.202 | op=SEND_HEARTBEAT {datanodeUUID=8ac6e4a2-e0c1-4238-9a47-28cd0ac1a81a, command=[]} | ret=SUCCESS |  
2019-08-28 15:36:58,364 | INFO  | SCMAudit | user=jenkins1000 | ip=192.168.157.202 | op=SEND_HEARTBEAT {datanodeUUID=2e3ab009-6d3b-4f9c-9baf-460c800051cc, command=[]} | ret=SUCCESS |  
2019-08-28 15:36:58,364 | INFO  | SCMAudit | user=jenkins1000 | ip=192.168.157.202 | op=SEND_HEARTBEAT {datanodeUUID=ad22b398-6137-4426-bbd7-ba2dd03ed0e3, command=[]} | ret=SUCCESS |  
2019-08-28 15:36:58,368 | INFO  | DNAudit | user=null | ip=null | op=WRITE_CHUNK {blockData=conID: 2 locID: 102695345689460751 bcsId: 0} | ret=SUCCESS |  
2019-08-28 15:36:58,371 | INFO  | DNAudit | user=null | ip=null | op=WRITE_CHUNK {blockData=conID: 2 locID: 102695345689460751 bcsId: 0} | ret=SUCCESS |  
2019-08-28 15:36:58,371 [grpc-default-executor-11] INFO  client.GrpcClientProtocolClient (GrpcClientProtocolClient.java:onNext(255)) - client-55A92BE0CBFB->ad22b398-6137-4426-bbd7-ba2dd03ed0e3: receive RaftClientReply:client-55A92BE0CBFB->ad22b398-6137-4426-bbd7-ba2dd03ed0e3@group-3831347F2B07, cid=198, SUCCESS, logIndex=1, commits[ad22b398-6137-4426-bbd7-ba2dd03ed0e3:c1, 8ac6e4a2-e0c1-4238-9a47-28cd0ac1a81a:c0, 2e3ab009-6d3b-4f9c-9baf-460c800051cc:c0]
2019-08-28 15:36:58,372 | INFO  | DNAudit | user=null | ip=null | op=WRITE_CHUNK {blockData=conID: 2 locID: 102695345689460751 bcsId: 0} | ret=SUCCESS |  
2019-08-28 15:36:58,373 | INFO  | DNAudit | user=null | ip=null | op=WRITE_CHUNK {blockData=conID: 2 locID: 102695345689460751 bcsId: 0} | ret=SUCCESS |  
2019-08-28 15:36:58,375 | INFO  | DNAudit | user=null | ip=null | op=WRITE_CHUNK {blockData=conID: 2 locID: 102695345689460751 bcsId: 0} | ret=SUCCESS |  
2019-08-28 15:36:58,375 | INFO  | DNAudit | user=null | ip=null | op=WRITE_CHUNK {blockData=conID: 2 locID: 102695345689460751 bcsId: 0} | ret=SUCCESS |  
2019-08-28 15:36:58,376 | INFO  | DNAudit | user=null | ip=null | op=WRITE_CHUNK {blockData=conID: 2 locID: 102695345689460751 bcsId: 0} | ret=SUCCESS |  
2019-08-28 15:36:58,376 | INFO  | DNAudit | user=null | ip=null | op=WRITE_CHUNK {blockData=conID: 2 locID: 102695345689460751 bcsId: 0} | ret=SUCCESS |  
2019-08-28 15:36:58,376 | INFO  | DNAudit | user=null | ip=null | op=WRITE_CHUNK {blockData=conID: 2 locID: 102695345689460751 bcsId: 0} | ret=SUCCESS |  
2019-08-28 15:36:58,377 | INFO  | DNAudit | user=null | ip=null | op=WRITE_CHUNK {blockData=conID: 2 locID: 102695345689460751 bcsId: 0} | ret=SUCCESS |  
2019-08-28 15:36:58,377 | INFO  | DNAudit | user=null | ip=null | op=WRITE_CHUNK {blockData=conID: 2 locID: 102695345689460751 bcsId: 0} | ret=SUCCESS |  
2019-08-28 15:36:58,377 | INFO  | DNAudit | user=null | ip=null | op=WRITE_CHUNK {blockData=conID: 2 locID: 102695345689460751 bcsId: 0} | ret=SUCCESS |  
2019-08-28 15:36:58,378 | INFO  | DNAudit | user=null | ip=null | op=WRITE_CHUNK {blockData=conID: 2 locID: 102695345689460751 bcsId: 0} | ret=SUCCESS |  
2019-08-28 15:36:58,384 [grpc-default-executor-10] INFO  client.GrpcClientProtocolClient (GrpcClientProtocolClient.java:onNext(255)) - client-55A92BE0CBFB->ad22b398-6137-4426-bbd7-ba2dd03ed0e3: receive RaftClientReply:client-55A92BE0CBFB->ad22b398-6137-4426-bbd7-ba2dd03ed0e3@group-3831347F2B07, cid=199, SUCCESS, logIndex=3, commits[ad22b398-6137-4426-bbd7-ba2dd03ed0e3:c4, 8ac6e4a2-e0c1-4238-9a47-28cd0ac1a81a:c1, 2e3ab009-6d3b-4f9c-9baf-460c800051cc:c2]
2019-08-28 15:36:58,385 | INFO  | DNAudit | user=null | ip=null | op=WRITE_CHUNK {blockData=conID: 2 locID: 102695345689460751 bcsId: 0} | ret=SUCCESS |  
2019-08-28 15:36:58,386 | INFO  | DNAudit | user=null | ip=null | op=WRITE_CHUNK {blockData=conID: 2 locID: 102695345689460751 bcsId: 0} | ret=SUCCESS |  
2019-08-28 15:36:58,401 | INFO  | DNAudit | user=null | ip=null | op=PUT_BLOCK {blockData=[blockId=conID: 2 locID: 102695345689460751 bcsId: 0,size=200]} | ret=SUCCESS |  
2019-08-28 15:36:58,402 | INFO  | DNAudit | user=null | ip=null | op=WRITE_CHUNK {blockData=conID: 2 locID: 102695345689460751 bcsId: 0} | ret=SUCCESS |  
2019-08-28 15:36:58,403 | INFO  | DNAudit | user=null | ip=null | op=WRITE_CHUNK {blockData=conID: 2 locID: 102695345689460751 bcsId: 0} | ret=SUCCESS |  
2019-08-28 15:36:58,403 [grpc-default-executor-10] INFO  client.GrpcClientProtocolClient (GrpcClientProtocolClient.java:onNext(255)) - client-55A92BE0CBFB->ad22b398-6137-4426-bbd7-ba2dd03ed0e3: receive RaftClientReply:client-55A92BE0CBFB->ad22b398-6137-4426-bbd7-ba2dd03ed0e3@group-3831347F2B07, cid=200, SUCCESS, logIndex=4, commits[ad22b398-6137-4426-bbd7-ba2dd03ed0e3:c12, 8ac6e4a2-e0c1-4238-9a47-28cd0ac1a81a:c7, 2e3ab009-6d3b-4f9c-9baf-460c800051cc:c7]
2019-08-28 15:36:58,413 [grpc-default-executor-10] INFO  client.GrpcClientProtocolClient (GrpcClientProtocolClient.java:onNext(255)) - client-55A92BE0CBFB->ad22b398-6137-4426-bbd7-ba2dd03ed0e3: receive RaftClientReply:client-55A92BE0CBFB->ad22b398-6137-4426-bbd7-ba2dd03ed0e3@group-3831347F2B07, cid=201, SUCCESS, logIndex=5, commits[ad22b398-6137-4426-bbd7-ba2dd03ed0e3:c12, 8ac6e4a2-e0c1-4238-9a47-28cd0ac1a81a:c7, 2e3ab009-6d3b-4f9c-9baf-460c800051cc:c7]
2019-08-28 15:36:58,413 [grpc-default-executor-10] INFO  client.GrpcClientProtocolClient (GrpcClientProtocolClient.java:onNext(255)) - client-55A92BE0CBFB->ad22b398-6137-4426-bbd7-ba2dd03ed0e3: receive RaftClientReply:client-55A92BE0CBFB->ad22b398-6137-4426-bbd7-ba2dd03ed0e3@group-3831347F2B07, cid=202, SUCCESS, logIndex=6, commits[ad22b398-6137-4426-bbd7-ba2dd03ed0e3:c12, 8ac6e4a2-e0c1-4238-9a47-28cd0ac1a81a:c7, 2e3ab009-6d3b-4f9c-9baf-460c800051cc:c7]
2019-08-28 15:36:58,422 | INFO  | DNAudit | user=null | ip=null | op=PUT_BLOCK {blockData=[blockId=conID: 2 locID: 102695345689460751 bcsId: 0,size=200]} | ret=SUCCESS |  
2019-08-28 15:36:58,422 | INFO  | DNAudit | user=null | ip=null | op=WRITE_CHUNK {blockData=conID: 2 locID: 102695345689460751 bcsId: 0} | ret=SUCCESS |  
2019-08-28 15:36:58,423 | INFO  | DNAudit | user=null | ip=null | op=WRITE_CHUNK {blockData=conID: 2 locID: 102695345689460751 bcsId: 0} | ret=SUCCESS |  
2019-08-28 15:36:58,441 | INFO  | DNAudit | user=null | ip=null | op=PUT_BLOCK {blockData=[blockId=conID: 2 locID: 102695345689460751 bcsId: 0,size=400]} | ret=SUCCESS |  
2019-08-28 15:36:58,441 | INFO  | DNAudit | user=null | ip=null | op=PUT_BLOCK {blockData=[blockId=conID: 2 locID: 102695345689460751 bcsId: 0,size=400]} | ret=SUCCESS |  
2019-08-28 15:36:58,441 | INFO  | DNAudit | user=null | ip=null | op=PUT_BLOCK {blockData=[blockId=conID: 2 locID: 102695345689460751 bcsId: 0,size=200]} | ret=SUCCESS |  
2019-08-28 15:36:58,442 | INFO  | DNAudit | user=null | ip=null | op=WRITE_CHUNK {blockData=conID: 2 locID: 102695345689460751 bcsId: 0} | ret=SUCCESS |  
2019-08-28 15:36:58,442 | INFO  | DNAudit | user=null | ip=null | op=WRITE_CHUNK {blockData=conID: 2 locID: 102695345689460751 bcsId: 0} | ret=SUCCESS |  
2019-08-28 15:36:58,445 | INFO  | DNAudit | user=null | ip=null | op=PUT_BLOCK {blockData=[blockId=conID: 2 locID: 102695345689460751 bcsId: 0,size=400]} | ret=SUCCESS |  
2019-08-28 15:36:58,445 [grpc-default-executor-10] INFO  client.GrpcClientProtocolClient (GrpcClientProtocolClient.java:onNext(255)) - client-55A92BE0CBFB->ad22b398-6137-4426-bbd7-ba2dd03ed0e3: receive RaftClientReply:client-55A92BE0CBFB->ad22b398-6137-4426-bbd7-ba2dd03ed0e3@group-3831347F2B07, cid=203, SUCCESS, logIndex=7, commits[ad22b398-6137-4426-bbd7-ba2dd03ed0e3:c12, 8ac6e4a2-e0c1-4238-9a47-28cd0ac1a81a:c7, 2e3ab009-6d3b-4f9c-9baf-460c800051cc:c7]
2019-08-28 15:36:58,450 | INFO  | DNAudit | user=null | ip=null | op=WRITE_CHUNK {blockData=conID: 2 locID: 102695345689460751 bcsId: 7} | ret=SUCCESS |  
2019-08-28 15:36:58,451 | INFO  | DNAudit | user=null | ip=null | op=WRITE_CHUNK {blockData=conID: 2 locID: 102695345689460751 bcsId: 7} | ret=SUCCESS |  
2019-08-28 15:36:58,451 | INFO  | DNAudit | user=null | ip=null | op=WRITE_CHUNK {blockData=conID: 2 locID: 102695345689460751 bcsId: 7} | ret=SUCCESS |  
2019-08-28 15:36:58,457 | INFO  | DNAudit | user=null | ip=null | op=WRITE_CHUNK {blockData=conID: 2 locID: 102695345689460751 bcsId: 7} | ret=SUCCESS |  
2019-08-28 15:36:58,458 | INFO  | DNAudit | user=null | ip=null | op=PUT_BLOCK {blockData=[blockId=conID: 2 locID: 102695345689460751 bcsId: 0,size=450]} | ret=SUCCESS |  
2019-08-28 15:36:58,459 [grpc-default-executor-8] INFO  client.GrpcClientProtocolClient (GrpcClientProtocolClient.java:onNext(255)) - client-55A92BE0CBFB->ad22b398-6137-4426-bbd7-ba2dd03ed0e3: receive RaftClientReply:client-55A92BE0CBFB->ad22b398-6137-4426-bbd7-ba2dd03ed0e3@group-3831347F2B07, cid=204, SUCCESS, logIndex=13, commits[ad22b398-6137-4426-bbd7-ba2dd03ed0e3:c14, 8ac6e4a2-e0c1-4238-9a47-28cd0ac1a81a:c12, 2e3ab009-6d3b-4f9c-9baf-460c800051cc:c12]
2019-08-28 15:36:58,459 [grpc-default-executor-8] INFO  client.GrpcClientProtocolClient (GrpcClientProtocolClient.java:onNext(255)) - client-55A92BE0CBFB->ad22b398-6137-4426-bbd7-ba2dd03ed0e3: receive RaftClientReply:client-55A92BE0CBFB->ad22b398-6137-4426-bbd7-ba2dd03ed0e3@group-3831347F2B07, cid=205, SUCCESS, logIndex=14, commits[ad22b398-6137-4426-bbd7-ba2dd03ed0e3:c14, 8ac6e4a2-e0c1-4238-9a47-28cd0ac1a81a:c12, 2e3ab009-6d3b-4f9c-9baf-460c800051cc:c12]
2019-08-28 15:36:58,460 | INFO  | DNAudit | user=null | ip=null | op=WRITE_CHUNK {blockData=conID: 2 locID: 102695345689460751 bcsId: 7} | ret=SUCCESS |  
2019-08-28 15:36:58,460 | INFO  | DNAudit | user=null | ip=null | op=WRITE_CHUNK {blockData=conID: 2 locID: 102695345689460751 bcsId: 7} | ret=SUCCESS |  
2019-08-28 15:36:58,461 | INFO  | DNAudit | user=null | ip=null | op=PUT_BLOCK {blockData=[blockId=conID: 2 locID: 102695345689460751 bcsId: 0,size=450]} | ret=SUCCESS |  
2019-08-28 15:36:58,461 | INFO  | DNAudit | user=null | ip=null | op=PUT_BLOCK {blockData=[blockId=conID: 2 locID: 102695345689460751 bcsId: 0,size=450]} | ret=SUCCESS |  
2019-08-28 15:36:58,474 [grpc-default-executor-8] INFO  client.GrpcClientProtocolClient (GrpcClientProtocolClient.java:onNext(255)) - client-55A92BE0CBFB->ad22b398-6137-4426-bbd7-ba2dd03ed0e3: receive RaftClientReply:client-55A92BE0CBFB->ad22b398-6137-4426-bbd7-ba2dd03ed0e3@group-3831347F2B07, cid=206, SUCCESS, logIndex=0, commits[ad22b398-6137-4426-bbd7-ba2dd03ed0e3:c15, 8ac6e4a2-e0c1-4238-9a47-28cd0ac1a81a:c14, 2e3ab009-6d3b-4f9c-9baf-460c800051cc:c14]
2019-08-28 15:36:58,475 [main] INFO  ozone.MiniOzoneClusterImpl (MiniOzoneClusterImpl.java:shutdown(321)) - Shutting down the Mini Ozone Cluster
2019-08-28 15:36:58,476 | INFO  | SCMAudit | user=null | ip=null | op=GET_SCM_INFO null | ret=SUCCESS |  
2019-08-28 15:36:58,476 [main] INFO  ozone.MiniOzoneClusterImpl (MiniOzoneClusterImpl.java:stop(336)) - Stopping the Mini Ozone Cluster
2019-08-28 15:36:58,476 [main] INFO  ozone.MiniOzoneClusterImpl (MiniOzoneClusterImpl.java:stop(338)) - Stopping the OzoneManager
2019-08-28 15:36:58,476 [main] INFO  ipc.Server (Server.java:stop(3082)) - Stopping server on 39328
2019-08-28 15:36:58,489 [IPC Server listener on 39328] INFO  ipc.Server (Server.java:run(1185)) - Stopping IPC Server listener on 39328
2019-08-28 15:36:58,490 [main] INFO  ratis.OzoneManagerDoubleBuffer (OzoneManagerDoubleBuffer.java:stop(248)) - Stopping OMDoubleBuffer flush thread
2019-08-28 15:36:58,491 [IPC Server Responder] INFO  ipc.Server (Server.java:run(1319)) - Stopping IPC Server Responder
2019-08-28 15:36:58,491 [OMDoubleBufferFlushThread] INFO  ratis.OzoneManagerDoubleBuffer (OzoneManagerDoubleBuffer.java:flushTransactions(191)) - OMDoubleBuffer flush thread OMDoubleBufferFlushThread is interrupted and will exit. OMDoubleBufferFlushThread
2019-08-28 15:36:58,491 [main] INFO  utils.BackgroundService (BackgroundService.java:shutdown(148)) - Shutting down service KeyDeletingService
2019-08-28 15:36:58,493 [main] INFO  handler.ContextHandler (ContextHandler.java:doStop(910)) - Stopped o.e.j.w.WebAppContext@628d6320{/,null,UNAVAILABLE}{/ozoneManager}
2019-08-28 15:36:58,493 [main] INFO  server.AbstractConnector (AbstractConnector.java:doStop(318)) - Stopped ServerConnector@22025464{HTTP/1.1,[http/1.1]}{0.0.0.0:0}
2019-08-28 15:36:58,494 [main] INFO  handler.ContextHandler (ContextHandler.java:doStop(910)) - Stopped o.e.j.s.ServletContextHandler@5d00241b{/static,file:///workdir/hadoop-ozone/integration-test/target/test-classes/webapps/static,UNAVAILABLE}
2019-08-28 15:36:58,494 [main] INFO  handler.ContextHandler (ContextHandler.java:doStop(910)) - Stopped o.e.j.s.ServletContextHandler@6e95c023{/logs,file:///workdir/hadoop-ozone/integration-test/target/log,UNAVAILABLE}
2019-08-28 15:36:58,496 [main] INFO  ozone.MiniOzoneClusterImpl (MiniOzoneClusterImpl.java:stop(344)) - Shutting the HddsDatanodes
2019-08-28 15:36:58,496 [main] INFO  datanode.ObjectStoreHandler (ObjectStoreHandler.java:close(155)) - Closing ObjectStoreHandler.
2019-08-28 15:36:58,496 [ForkJoinPool.commonPool-worker-0] INFO  datanode.ObjectStoreHandler (ObjectStoreHandler.java:close(155)) - Closing ObjectStoreHandler.
2019-08-28 15:36:58,496 [main] INFO  ozone.HddsDatanodeService (HddsDatanodeService.java:stop(451)) - Stopped plug-in org.apache.hadoop.ozone.web.OzoneHddsDatanodeService@4fd2b418
2019-08-28 15:36:58,497 [ForkJoinPool.commonPool-worker-0] INFO  ozone.HddsDatanodeService (HddsDatanodeService.java:stop(451)) - Stopped plug-in org.apache.hadoop.ozone.web.OzoneHddsDatanodeService@6921ce3f
2019-08-28 15:36:58,914 | INFO  | SCMAudit | user=jenkins1000 | ip=192.168.157.202 | op=SEND_HEARTBEAT {datanodeUUID=bf0ddda3-9c1a-46b4-880b-b69c4520600a, command=[]} | ret=SUCCESS |  
2019-08-28 15:36:59,140 [Datanode State Machine Thread - 0] INFO  statemachine.DatanodeStateMachine (DatanodeStateMachine.java:lambda$startDaemon$0(350)) - Ozone container server started.
2019-08-28 15:36:59,141 | INFO  | SCMAudit | user=jenkins1000 | ip=192.168.157.202 | op=SEND_HEARTBEAT {datanodeUUID=8ce85811-8d59-4bde-a42a-d73a8f8a1f6b, command=[]} | ret=SUCCESS |  
2019-08-28 15:36:59,241 [grpc-default-executor-10] WARN  server.GrpcLogAppender (LogUtils.java:warn(134)) - 8ce85811-8d59-4bde-a42a-d73a8f8a1f6b->77615d81-8c11-45ee-8068-94d065800645: Failed appendEntries: org.apache.ratis.thirdparty.io.grpc.StatusRuntimeException: UNAVAILABLE: io exception
2019-08-28 15:36:59,242 [grpc-default-executor-10] INFO  impl.FollowerInfo (FollowerInfo.java:lambda$new$0(50)) - 8ce85811-8d59-4bde-a42a-d73a8f8a1f6b->77615d81-8c11-45ee-8068-94d065800645: nextIndex: updateUnconditionally 1 -> 0
2019-08-28 15:36:59,361 [Datanode State Machine Thread - 0] INFO  statemachine.DatanodeStateMachine (DatanodeStateMachine.java:lambda$startDaemon$0(350)) - Ozone container server started.
2019-08-28 15:36:59,362 | INFO  | SCMAudit | user=jenkins1000 | ip=192.168.157.202 | op=SEND_HEARTBEAT {datanodeUUID=8ac6e4a2-e0c1-4238-9a47-28cd0ac1a81a, command=[]} | ret=SUCCESS |  
2019-08-28 15:36:59,362 | INFO  | SCMAudit | user=jenkins1000 | ip=192.168.157.202 | op=SEND_HEARTBEAT {datanodeUUID=ad22b398-6137-4426-bbd7-ba2dd03ed0e3, command=[]} | ret=SUCCESS |  
2019-08-28 15:36:59,915 | INFO  | SCMAudit | user=jenkins1000 | ip=192.168.157.202 | op=SEND_HEARTBEAT {datanodeUUID=bf0ddda3-9c1a-46b4-880b-b69c4520600a, command=[]} | ret=SUCCESS |  
2019-08-28 15:37:00,141 | INFO  | SCMAudit | user=jenkins1000 | ip=192.168.157.202 | op=SEND_HEARTBEAT {datanodeUUID=8ce85811-8d59-4bde-a42a-d73a8f8a1f6b, command=[]} | ret=SUCCESS |  
2019-08-28 15:37:00,362 | INFO  | SCMAudit | user=jenkins1000 | ip=192.168.157.202 | op=SEND_HEARTBEAT {datanodeUUID=ad22b398-6137-4426-bbd7-ba2dd03ed0e3, command=[]} | ret=SUCCESS |  
2019-08-28 15:37:00,362 | INFO  | SCMAudit | user=jenkins1000 | ip=192.168.157.202 | op=SEND_HEARTBEAT {datanodeUUID=8ac6e4a2-e0c1-4238-9a47-28cd0ac1a81a, command=[]} | ret=SUCCESS |  
2019-08-28 15:37:00,915 | INFO  | SCMAudit | user=jenkins1000 | ip=192.168.157.202 | op=SEND_HEARTBEAT {datanodeUUID=bf0ddda3-9c1a-46b4-880b-b69c4520600a, command=[]} | ret=SUCCESS |  
2019-08-28 15:37:01,141 | INFO  | SCMAudit | user=jenkins1000 | ip=192.168.157.202 | op=SEND_HEARTBEAT {datanodeUUID=8ce85811-8d59-4bde-a42a-d73a8f8a1f6b, command=[]} | ret=SUCCESS |  
2019-08-28 15:37:01,362 | INFO  | SCMAudit | user=jenkins1000 | ip=192.168.157.202 | op=SEND_HEARTBEAT {datanodeUUID=8ac6e4a2-e0c1-4238-9a47-28cd0ac1a81a, command=[]} | ret=SUCCESS |  
2019-08-28 15:37:01,362 | INFO  | SCMAudit | user=jenkins1000 | ip=192.168.157.202 | op=SEND_HEARTBEAT {datanodeUUID=ad22b398-6137-4426-bbd7-ba2dd03ed0e3, command=[]} | ret=SUCCESS |  
2019-08-28 15:37:01,742 [grpc-default-executor-10] WARN  server.GrpcLogAppender (LogUtils.java:warn(134)) - 8ce85811-8d59-4bde-a42a-d73a8f8a1f6b->77615d81-8c11-45ee-8068-94d065800645: Failed appendEntries: org.apache.ratis.thirdparty.io.grpc.StatusRuntimeException: UNAVAILABLE: io exception
2019-08-28 15:37:01,743 [grpc-default-executor-10] INFO  impl.FollowerInfo (FollowerInfo.java:lambda$new$0(50)) - 8ce85811-8d59-4bde-a42a-d73a8f8a1f6b->77615d81-8c11-45ee-8068-94d065800645: nextIndex: updateUnconditionally 0 -> 0
2019-08-28 15:37:01,917 | INFO  | SCMAudit | user=jenkins1000 | ip=192.168.157.202 | op=SEND_HEARTBEAT {datanodeUUID=bf0ddda3-9c1a-46b4-880b-b69c4520600a, command=[]} | ret=SUCCESS |  
2019-08-28 15:37:02,141 | INFO  | SCMAudit | user=jenkins1000 | ip=192.168.157.202 | op=SEND_HEARTBEAT {datanodeUUID=8ce85811-8d59-4bde-a42a-d73a8f8a1f6b, command=[]} | ret=SUCCESS |  
2019-08-28 15:37:02,362 | INFO  | SCMAudit | user=jenkins1000 | ip=192.168.157.202 | op=SEND_HEARTBEAT {datanodeUUID=ad22b398-6137-4426-bbd7-ba2dd03ed0e3, command=[]} | ret=SUCCESS |  
2019-08-28 15:37:02,362 | INFO  | SCMAudit | user=jenkins1000 | ip=192.168.157.202 | op=SEND_HEARTBEAT {datanodeUUID=8ac6e4a2-e0c1-4238-9a47-28cd0ac1a81a, command=[]} | ret=SUCCESS |  
2019-08-28 15:37:02,916 | INFO  | SCMAudit | user=jenkins1000 | ip=192.168.157.202 | op=SEND_HEARTBEAT {datanodeUUID=bf0ddda3-9c1a-46b4-880b-b69c4520600a, command=[]} | ret=SUCCESS |  
2019-08-28 15:37:03,141 | INFO  | SCMAudit | user=jenkins1000 | ip=192.168.157.202 | op=SEND_HEARTBEAT {datanodeUUID=8ce85811-8d59-4bde-a42a-d73a8f8a1f6b, command=[]} | ret=SUCCESS |  
2019-08-28 15:37:03,157 [EventQueue-StaleNodeForStaleNodeHandler] INFO  node.StaleNodeHandler (StaleNodeHandler.java:onMessage(58)) - Datanode 89ea525c-b884-4c8a-a58d-0993f9152014{ip: 192.168.157.202, host: pr-hdds-1942-2xrcm-801159095, networkLocation: /default-rack, certSerialId: null} moved to stale state. Finalizing its pipelines [PipelineID=37227414-50bf-4bac-a88f-4dde1a6433cc, PipelineID=a8ea9b9d-4261-4fe2-a759-4a287a029878]
2019-08-28 15:37:03,158 [EventQueue-StaleNodeForStaleNodeHandler] INFO  pipeline.SCMPipelineManager (SCMPipelineManager.java:finalizeAndDestroyPipeline(309)) - destroying pipeline:Pipeline[ Id: 37227414-50bf-4bac-a88f-4dde1a6433cc, Nodes: 89ea525c-b884-4c8a-a58d-0993f9152014{ip: 192.168.157.202, host: pr-hdds-1942-2xrcm-801159095, networkLocation: /default-rack, certSerialId: null}, Type:RATIS, Factor:ONE, State:OPEN]
2019-08-28 15:37:03,158 [EventQueue-StaleNodeForStaleNodeHandler] INFO  pipeline.PipelineStateManager (PipelineStateManager.java:finalizePipeline(123)) - Pipeline Pipeline[ Id: 37227414-50bf-4bac-a88f-4dde1a6433cc, Nodes: 89ea525c-b884-4c8a-a58d-0993f9152014{ip: 192.168.157.202, host: pr-hdds-1942-2xrcm-801159095, networkLocation: /default-rack, certSerialId: null}, Type:RATIS, Factor:ONE, State:CLOSED] moved to CLOSED state
2019-08-28 15:37:03,158 [EventQueue-StaleNodeForStaleNodeHandler] INFO  pipeline.SCMPipelineManager (SCMPipelineManager.java:finalizeAndDestroyPipeline(309)) - destroying pipeline:Pipeline[ Id: a8ea9b9d-4261-4fe2-a759-4a287a029878, Nodes: 77615d81-8c11-45ee-8068-94d065800645{ip: 192.168.157.202, host: pr-hdds-1942-2xrcm-801159095, networkLocation: /default-rack, certSerialId: null}89ea525c-b884-4c8a-a58d-0993f9152014{ip: 192.168.157.202, host: pr-hdds-1942-2xrcm-801159095, networkLocation: /default-rack, certSerialId: null}8ce85811-8d59-4bde-a42a-d73a8f8a1f6b{ip: 192.168.157.202, host: pr-hdds-1942-2xrcm-801159095, networkLocation: /default-rack, certSerialId: null}, Type:RATIS, Factor:THREE, State:CLOSED]
2019-08-28 15:37:03,362 | INFO  | SCMAudit | user=jenkins1000 | ip=192.168.157.202 | op=SEND_HEARTBEAT {datanodeUUID=8ac6e4a2-e0c1-4238-9a47-28cd0ac1a81a, command=[]} | ret=SUCCESS |  
2019-08-28 15:37:03,362 | INFO  | SCMAudit | user=jenkins1000 | ip=192.168.157.202 | op=SEND_HEARTBEAT {datanodeUUID=ad22b398-6137-4426-bbd7-ba2dd03ed0e3, command=[]} | ret=SUCCESS |  
2019-08-28 15:37:03,458 [EventQueue-StaleNodeForStaleNodeHandler] INFO  node.StaleNodeHandler (StaleNodeHandler.java:onMessage(58)) - Datanode 2e3ab009-6d3b-4f9c-9baf-460c800051cc{ip: 192.168.157.202, host: pr-hdds-1942-2xrcm-801159095, networkLocation: /default-rack, certSerialId: null} moved to stale state. Finalizing its pipelines [PipelineID=1013fc3b-f712-413e-a972-042b870dcd5a, PipelineID=c753a03f-b84d-4b6e-a65c-3831347f2b07]
2019-08-28 15:37:03,458 [EventQueue-StaleNodeForStaleNodeHandler] INFO  pipeline.SCMPipelineManager (SCMPipelineManager.java:finalizeAndDestroyPipeline(309)) - destroying pipeline:Pipeline[ Id: 1013fc3b-f712-413e-a972-042b870dcd5a, Nodes: 2e3ab009-6d3b-4f9c-9baf-460c800051cc{ip: 192.168.157.202, host: pr-hdds-1942-2xrcm-801159095, networkLocation: /default-rack, certSerialId: null}, Type:RATIS, Factor:ONE, State:OPEN]
2019-08-28 15:37:03,458 [EventQueue-StaleNodeForStaleNodeHandler] INFO  pipeline.PipelineStateManager (PipelineStateManager.java:finalizePipeline(123)) - Pipeline Pipeline[ Id: 1013fc3b-f712-413e-a972-042b870dcd5a, Nodes: 2e3ab009-6d3b-4f9c-9baf-460c800051cc{ip: 192.168.157.202, host: pr-hdds-1942-2xrcm-801159095, networkLocation: /default-rack, certSerialId: null}, Type:RATIS, Factor:ONE, State:CLOSED] moved to CLOSED state
2019-08-28 15:37:03,459 [EventQueue-StaleNodeForStaleNodeHandler] INFO  pipeline.SCMPipelineManager (SCMPipelineManager.java:finalizeAndDestroyPipeline(309)) - destroying pipeline:Pipeline[ Id: c753a03f-b84d-4b6e-a65c-3831347f2b07, Nodes: 2e3ab009-6d3b-4f9c-9baf-460c800051cc{ip: 192.168.157.202, host: pr-hdds-1942-2xrcm-801159095, networkLocation: /default-rack, certSerialId: null}8ac6e4a2-e0c1-4238-9a47-28cd0ac1a81a{ip: 192.168.157.202, host: pr-hdds-1942-2xrcm-801159095, networkLocation: /default-rack, certSerialId: null}ad22b398-6137-4426-bbd7-ba2dd03ed0e3{ip: 192.168.157.202, host: pr-hdds-1942-2xrcm-801159095, networkLocation: /default-rack, certSerialId: null}, Type:RATIS, Factor:THREE, State:OPEN]
2019-08-28 15:37:03,459 [EventQueue-StaleNodeForStaleNodeHandler] INFO  pipeline.PipelineStateManager (PipelineStateManager.java:finalizePipeline(123)) - Pipeline Pipeline[ Id: c753a03f-b84d-4b6e-a65c-3831347f2b07, Nodes: 2e3ab009-6d3b-4f9c-9baf-460c800051cc{ip: 192.168.157.202, host: pr-hdds-1942-2xrcm-801159095, networkLocation: /default-rack, certSerialId: null}8ac6e4a2-e0c1-4238-9a47-28cd0ac1a81a{ip: 192.168.157.202, host: pr-hdds-1942-2xrcm-801159095, networkLocation: /default-rack, certSerialId: null}ad22b398-6137-4426-bbd7-ba2dd03ed0e3{ip: 192.168.157.202, host: pr-hdds-1942-2xrcm-801159095, networkLocation: /default-rack, certSerialId: null}, Type:RATIS, Factor:THREE, State:CLOSED] moved to CLOSED state
2019-08-28 15:37:03,459 [EventQueue-CloseContainerForCloseContainerEventHandler] INFO  container.CloseContainerEventHandler (CloseContainerEventHandler.java:onMessage(61)) - Close container Event triggered for container : #2
2019-08-28 15:37:03,497 [main] INFO  ozoneimpl.OzoneContainer (OzoneContainer.java:stop(199)) - Attempting to stop container services.
2019-08-28 15:37:03,501 [ForkJoinPool.commonPool-worker-0] INFO  ozoneimpl.OzoneContainer (OzoneContainer.java:stop(199)) - Attempting to stop container services.
2019-08-28 15:37:03,501 [main] INFO  impl.RaftServerProxy (RaftServerProxy.java:lambda$close$4(314)) - 2e3ab009-6d3b-4f9c-9baf-460c800051cc: close
2019-08-28 15:37:03,501 [ForkJoinPool.commonPool-worker-0] INFO  impl.RaftServerProxy (RaftServerProxy.java:lambda$close$4(314)) - 89ea525c-b884-4c8a-a58d-0993f9152014: close
2019-08-28 15:37:03,502 [main] INFO  impl.RaftServerImpl (RaftServerImpl.java:lambda$shutdown$3(245)) - 2e3ab009-6d3b-4f9c-9baf-460c800051cc: shutdown group-042B870DCD5A
2019-08-28 15:37:03,502 [ForkJoinPool.commonPool-worker-0] INFO  impl.RaftServerImpl (RaftServerImpl.java:lambda$shutdown$3(245)) - 89ea525c-b884-4c8a-a58d-0993f9152014: shutdown group-4DDE1A6433CC
2019-08-28 15:37:03,502 [main] INFO  util.JmxRegister (JmxRegister.java:unregister(73)) - Successfully un-registered JMX Bean with object name Ratis:service=RaftServer,group=group-042B870DCD5A,id=2e3ab009-6d3b-4f9c-9baf-460c800051cc
2019-08-28 15:37:03,503 [ForkJoinPool.commonPool-worker-0] INFO  util.JmxRegister (JmxRegister.java:unregister(73)) - Successfully un-registered JMX Bean with object name Ratis:service=RaftServer,group=group-4DDE1A6433CC,id=89ea525c-b884-4c8a-a58d-0993f9152014
2019-08-28 15:37:03,503 [main] INFO  impl.RoleInfo (RoleInfo.java:shutdownLeaderState(104)) - 2e3ab009-6d3b-4f9c-9baf-460c800051cc: shutdown LeaderState
2019-08-28 15:37:03,503 [ForkJoinPool.commonPool-worker-0] INFO  impl.RoleInfo (RoleInfo.java:shutdownLeaderState(104)) - 89ea525c-b884-4c8a-a58d-0993f9152014: shutdown LeaderState
2019-08-28 15:37:03,504 [main] INFO  impl.PendingRequests (PendingRequests.java:sendNotLeaderResponses(202)) - 2e3ab009-6d3b-4f9c-9baf-460c800051cc-PendingRequests: sendNotLeaderResponses
2019-08-28 15:37:03,504 [ForkJoinPool.commonPool-worker-0] INFO  impl.PendingRequests (PendingRequests.java:sendNotLeaderResponses(202)) - 89ea525c-b884-4c8a-a58d-0993f9152014-PendingRequests: sendNotLeaderResponses
2019-08-28 15:37:03,505 [main] INFO  impl.StateMachineUpdater (StateMachineUpdater.java:stopAndJoin(115)) - StateMachineUpdater:2e3ab009-6d3b-4f9c-9baf-460c800051cc:group-042B870DCD5A: set stopIndex = 0
2019-08-28 15:37:03,505 [ForkJoinPool.commonPool-worker-0] INFO  impl.StateMachineUpdater (StateMachineUpdater.java:stopAndJoin(115)) - StateMachineUpdater:89ea525c-b884-4c8a-a58d-0993f9152014:group-4DDE1A6433CC: set stopIndex = 0
2019-08-28 15:37:03,505 [main] INFO  impl.RaftServerImpl (ServerState.java:close(394)) - 2e3ab009-6d3b-4f9c-9baf-460c800051cc:group-042B870DCD5A closes. The last applied log index is 0
2019-08-28 15:37:03,506 [ForkJoinPool.commonPool-worker-0] INFO  impl.RaftServerImpl (ServerState.java:close(394)) - 89ea525c-b884-4c8a-a58d-0993f9152014:group-4DDE1A6433CC closes. The last applied log index is 0
2019-08-28 15:37:03,506 [2e3ab009-6d3b-4f9c-9baf-460c800051cc-SegmentedRaftLogWorker:Storage Directory /workdir/hadoop-ozone/integration-test/target/test-dir/MiniOzoneClusterImpl-c88bbe07-05a9-423a-b0e1-c9ede35d500a/datanode-4/data/ratis/1013fc3b-f712-413e-a972-042b870dcd5a] INFO  segmented.SegmentedRaftLogWorker (SegmentedRaftLogWorker.java:run(313)) - 2e3ab009-6d3b-4f9c-9baf-460c800051cc-SegmentedRaftLogWorker:Storage Directory /workdir/hadoop-ozone/integration-test/target/test-dir/MiniOzoneClusterImpl-c88bbe07-05a9-423a-b0e1-c9ede35d500a/datanode-4/data/ratis/1013fc3b-f712-413e-a972-042b870dcd5a was interrupted, exiting. There are 0 tasks remaining in the queue.
2019-08-28 15:37:03,507 [89ea525c-b884-4c8a-a58d-0993f9152014-SegmentedRaftLogWorker:Storage Directory /workdir/hadoop-ozone/integration-test/target/test-dir/MiniOzoneClusterImpl-c88bbe07-05a9-423a-b0e1-c9ede35d500a/datanode-1/data/ratis/37227414-50bf-4bac-a88f-4dde1a6433cc] INFO  segmented.SegmentedRaftLogWorker (SegmentedRaftLogWorker.java:run(313)) - 89ea525c-b884-4c8a-a58d-0993f9152014-SegmentedRaftLogWorker:Storage Directory /workdir/hadoop-ozone/integration-test/target/test-dir/MiniOzoneClusterImpl-c88bbe07-05a9-423a-b0e1-c9ede35d500a/datanode-1/data/ratis/37227414-50bf-4bac-a88f-4dde1a6433cc was interrupted, exiting. There are 0 tasks remaining in the queue.
2019-08-28 15:37:03,511 [main] INFO  segmented.SegmentedRaftLogWorker (SegmentedRaftLogWorker.java:close(228)) - 2e3ab009-6d3b-4f9c-9baf-460c800051cc-SegmentedRaftLogWorker:Storage Directory /workdir/hadoop-ozone/integration-test/target/test-dir/MiniOzoneClusterImpl-c88bbe07-05a9-423a-b0e1-c9ede35d500a/datanode-4/data/ratis/1013fc3b-f712-413e-a972-042b870dcd5a close()
2019-08-28 15:37:03,511 [ForkJoinPool.commonPool-worker-0] INFO  segmented.SegmentedRaftLogWorker (SegmentedRaftLogWorker.java:close(228)) - 89ea525c-b884-4c8a-a58d-0993f9152014-SegmentedRaftLogWorker:Storage Directory /workdir/hadoop-ozone/integration-test/target/test-dir/MiniOzoneClusterImpl-c88bbe07-05a9-423a-b0e1-c9ede35d500a/datanode-1/data/ratis/37227414-50bf-4bac-a88f-4dde1a6433cc close()
2019-08-28 15:37:03,515 [main] INFO  impl.RaftServerImpl (RaftServerImpl.java:lambda$shutdown$3(245)) - 2e3ab009-6d3b-4f9c-9baf-460c800051cc: shutdown group-3831347F2B07
2019-08-28 15:37:03,520 [main] INFO  util.JmxRegister (JmxRegister.java:unregister(73)) - Successfully un-registered JMX Bean with object name Ratis:service=RaftServer,group=group-3831347F2B07,id=2e3ab009-6d3b-4f9c-9baf-460c800051cc
2019-08-28 15:37:03,519 [ForkJoinPool.commonPool-worker-0] INFO  impl.RaftServerImpl (RaftServerImpl.java:lambda$shutdown$3(245)) - 89ea525c-b884-4c8a-a58d-0993f9152014: shutdown group-4A287A029878
2019-08-28 15:37:03,520 [main] INFO  impl.RoleInfo (RoleInfo.java:shutdownFollowerState(121)) - 2e3ab009-6d3b-4f9c-9baf-460c800051cc: shutdown FollowerState
2019-08-28 15:37:03,520 [ForkJoinPool.commonPool-worker-0] INFO  util.JmxRegister (JmxRegister.java:unregister(73)) - Successfully un-registered JMX Bean with object name Ratis:service=RaftServer,group=group-4A287A029878,id=89ea525c-b884-4c8a-a58d-0993f9152014
2019-08-28 15:37:03,521 [StateMachineUpdater:2e3ab009-6d3b-4f9c-9baf-460c800051cc:group-3831347F2B07] INFO  ratis.ContainerStateMachine (ContainerStateMachine.java:takeSnapshot(283)) - group-3831347F2B07: Taking a snapshot at:(t:1, i:14) file /workdir/hadoop-ozone/integration-test/target/test-dir/MiniOzoneClusterImpl-c88bbe07-05a9-423a-b0e1-c9ede35d500a/datanode-4/data/ratis/c753a03f-b84d-4b6e-a65c-3831347f2b07/sm/snapshot.1_14
2019-08-28 15:37:03,521 [Thread-3707] INFO  impl.FollowerState (FollowerState.java:run(114)) - 2e3ab009-6d3b-4f9c-9baf-460c800051cc: FollowerState was interrupted: java.lang.InterruptedException: sleep interrupted
2019-08-28 15:37:03,521 [main] INFO  impl.StateMachineUpdater (StateMachineUpdater.java:stopAndJoin(115)) - StateMachineUpdater:2e3ab009-6d3b-4f9c-9baf-460c800051cc:group-3831347F2B07: set stopIndex = 16
2019-08-28 15:37:03,521 [ForkJoinPool.commonPool-worker-0] INFO  impl.RoleInfo (RoleInfo.java:shutdownFollowerState(121)) - 89ea525c-b884-4c8a-a58d-0993f9152014: shutdown FollowerState
2019-08-28 15:37:03,524 [ForkJoinPool.commonPool-worker-0] INFO  impl.StateMachineUpdater (StateMachineUpdater.java:stopAndJoin(115)) - StateMachineUpdater:89ea525c-b884-4c8a-a58d-0993f9152014:group-4A287A029878: set stopIndex = 18
2019-08-28 15:37:03,524 [Thread-3830] INFO  impl.FollowerState (FollowerState.java:run(114)) - 89ea525c-b884-4c8a-a58d-0993f9152014: FollowerState was interrupted: java.lang.InterruptedException: sleep interrupted
2019-08-28 15:37:03,524 [StateMachineUpdater:89ea525c-b884-4c8a-a58d-0993f9152014:group-4A287A029878] INFO  ratis.ContainerStateMachine (ContainerStateMachine.java:takeSnapshot(283)) - group-4A287A029878: Taking a snapshot at:(t:1, i:14) file /workdir/hadoop-ozone/integration-test/target/test-dir/MiniOzoneClusterImpl-c88bbe07-05a9-423a-b0e1-c9ede35d500a/datanode-1/data/ratis/a8ea9b9d-4261-4fe2-a759-4a287a029878/sm/snapshot.1_14
2019-08-28 15:37:03,537 [StateMachineUpdater:2e3ab009-6d3b-4f9c-9baf-460c800051cc:group-3831347F2B07] INFO  ratis.ContainerStateMachine (ContainerStateMachine.java:takeSnapshot(294)) - group-3831347F2B07: Finished taking a snapshot at:(t:1, i:14) file:/workdir/hadoop-ozone/integration-test/target/test-dir/MiniOzoneClusterImpl-c88bbe07-05a9-423a-b0e1-c9ede35d500a/datanode-4/data/ratis/c753a03f-b84d-4b6e-a65c-3831347f2b07/sm/snapshot.1_14 time:16
2019-08-28 15:37:03,537 [StateMachineUpdater:2e3ab009-6d3b-4f9c-9baf-460c800051cc:group-3831347F2B07] INFO  impl.StateMachineUpdater (StateMachineUpdater.java:takeSnapshot(242)) - StateMachineUpdater:2e3ab009-6d3b-4f9c-9baf-460c800051cc:group-3831347F2B07: Took a snapshot at index 14
2019-08-28 15:37:03,537 [StateMachineUpdater:89ea525c-b884-4c8a-a58d-0993f9152014:group-4A287A029878] INFO  ratis.ContainerStateMachine (ContainerStateMachine.java:takeSnapshot(294)) - group-4A287A029878: Finished taking a snapshot at:(t:1, i:14) file:/workdir/hadoop-ozone/integration-test/target/test-dir/MiniOzoneClusterImpl-c88bbe07-05a9-423a-b0e1-c9ede35d500a/datanode-1/data/ratis/a8ea9b9d-4261-4fe2-a759-4a287a029878/sm/snapshot.1_14 time:12
2019-08-28 15:37:03,537 [StateMachineUpdater:2e3ab009-6d3b-4f9c-9baf-460c800051cc:group-3831347F2B07] INFO  impl.StateMachineUpdater (StateMachineUpdater.java:lambda$new$0(80)) - StateMachineUpdater:2e3ab009-6d3b-4f9c-9baf-460c800051cc:group-3831347F2B07: snapshotIndex: updateIncreasingly -1 -> 14
2019-08-28 15:37:03,537 [StateMachineUpdater:89ea525c-b884-4c8a-a58d-0993f9152014:group-4A287A029878] INFO  impl.StateMachineUpdater (StateMachineUpdater.java:takeSnapshot(242)) - StateMachineUpdater:89ea525c-b884-4c8a-a58d-0993f9152014:group-4A287A029878: Took a snapshot at index 14
2019-08-28 15:37:03,537 [StateMachineUpdater:89ea525c-b884-4c8a-a58d-0993f9152014:group-4A287A029878] INFO  impl.StateMachineUpdater (StateMachineUpdater.java:lambda$new$0(80)) - StateMachineUpdater:89ea525c-b884-4c8a-a58d-0993f9152014:group-4A287A029878: snapshotIndex: updateIncreasingly -1 -> 14
2019-08-28 15:37:03,537 [main] INFO  impl.RaftServerImpl (ServerState.java:close(394)) - 2e3ab009-6d3b-4f9c-9baf-460c800051cc:group-3831347F2B07 closes. The last applied log index is 16
2019-08-28 15:37:03,538 [ForkJoinPool.commonPool-worker-0] INFO  impl.RaftServerImpl (ServerState.java:close(394)) - 89ea525c-b884-4c8a-a58d-0993f9152014:group-4A287A029878 closes. The last applied log index is 18
2019-08-28 15:37:03,538 [2e3ab009-6d3b-4f9c-9baf-460c800051cc-SegmentedRaftLogWorker:Storage Directory /workdir/hadoop-ozone/integration-test/target/test-dir/MiniOzoneClusterImpl-c88bbe07-05a9-423a-b0e1-c9ede35d500a/datanode-4/data/ratis/c753a03f-b84d-4b6e-a65c-3831347f2b07] INFO  segmented.SegmentedRaftLogWorker (SegmentedRaftLogWorker.java:run(313)) - 2e3ab009-6d3b-4f9c-9baf-460c800051cc-SegmentedRaftLogWorker:Storage Directory /workdir/hadoop-ozone/integration-test/target/test-dir/MiniOzoneClusterImpl-c88bbe07-05a9-423a-b0e1-c9ede35d500a/datanode-4/data/ratis/c753a03f-b84d-4b6e-a65c-3831347f2b07 was interrupted, exiting. There are 0 tasks remaining in the queue.
2019-08-28 15:37:03,538 [89ea525c-b884-4c8a-a58d-0993f9152014-SegmentedRaftLogWorker:Storage Directory /workdir/hadoop-ozone/integration-test/target/test-dir/MiniOzoneClusterImpl-c88bbe07-05a9-423a-b0e1-c9ede35d500a/datanode-1/data/ratis/a8ea9b9d-4261-4fe2-a759-4a287a029878] INFO  segmented.SegmentedRaftLogWorker (SegmentedRaftLogWorker.java:run(313)) - 89ea525c-b884-4c8a-a58d-0993f9152014-SegmentedRaftLogWorker:Storage Directory /workdir/hadoop-ozone/integration-test/target/test-dir/MiniOzoneClusterImpl-c88bbe07-05a9-423a-b0e1-c9ede35d500a/datanode-1/data/ratis/a8ea9b9d-4261-4fe2-a759-4a287a029878 was interrupted, exiting. There are 0 tasks remaining in the queue.
2019-08-28 15:37:03,541 [main] INFO  segmented.SegmentedRaftLogWorker (SegmentedRaftLogWorker.java:close(228)) - 2e3ab009-6d3b-4f9c-9baf-460c800051cc-SegmentedRaftLogWorker:Storage Directory /workdir/hadoop-ozone/integration-test/target/test-dir/MiniOzoneClusterImpl-c88bbe07-05a9-423a-b0e1-c9ede35d500a/datanode-4/data/ratis/c753a03f-b84d-4b6e-a65c-3831347f2b07 close()
2019-08-28 15:37:03,543 [ForkJoinPool.commonPool-worker-0] INFO  segmented.SegmentedRaftLogWorker (SegmentedRaftLogWorker.java:close(228)) - 89ea525c-b884-4c8a-a58d-0993f9152014-SegmentedRaftLogWorker:Storage Directory /workdir/hadoop-ozone/integration-test/target/test-dir/MiniOzoneClusterImpl-c88bbe07-05a9-423a-b0e1-c9ede35d500a/datanode-1/data/ratis/a8ea9b9d-4261-4fe2-a759-4a287a029878 close()
2019-08-28 15:37:03,548 [main] INFO  server.GrpcService (GrpcService.java:closeImpl(155)) - 2e3ab009-6d3b-4f9c-9baf-460c800051cc: shutdown server with port 32848 now
2019-08-28 15:37:03,552 [ForkJoinPool.commonPool-worker-0] INFO  server.GrpcService (GrpcService.java:closeImpl(155)) - 89ea525c-b884-4c8a-a58d-0993f9152014: shutdown server with port 38790 now
2019-08-28 15:37:03,553 [grpc-default-executor-10] WARN  server.GrpcServerProtocolService (LogUtils.java:warn(134)) - 2e3ab009-6d3b-4f9c-9baf-460c800051cc: appendEntries onError: org.apache.ratis.thirdparty.io.grpc.StatusRuntimeException: CANCELLED: cancelled before receiving half close
2019-08-28 15:37:03,553 [grpc-default-executor-11] WARN  server.GrpcLogAppender (LogUtils.java:warn(134)) - ad22b398-6137-4426-bbd7-ba2dd03ed0e3->2e3ab009-6d3b-4f9c-9baf-460c800051cc: Failed appendEntries: org.apache.ratis.thirdparty.io.grpc.StatusRuntimeException: CANCELLED: HTTP/2 error code: CANCEL
Received Rst Stream
2019-08-28 15:37:03,553 [main] INFO  server.GrpcService (GrpcService.java:closeImpl(163)) - 2e3ab009-6d3b-4f9c-9baf-460c800051cc: shutdown server with port 32848 successfully
2019-08-28 15:37:03,554 [grpc-default-executor-9] WARN  server.GrpcLogAppender (LogUtils.java:warn(134)) - 8ce85811-8d59-4bde-a42a-d73a8f8a1f6b->89ea525c-b884-4c8a-a58d-0993f9152014: Failed appendEntries: org.apache.ratis.thirdparty.io.grpc.StatusRuntimeException: CANCELLED: HTTP/2 error code: CANCEL
Received Rst Stream
2019-08-28 15:37:03,554 [ForkJoinPool.commonPool-worker-0] INFO  server.GrpcService (GrpcService.java:closeImpl(163)) - 89ea525c-b884-4c8a-a58d-0993f9152014: shutdown server with port 38790 successfully
2019-08-28 15:37:03,554 [grpc-default-executor-11] INFO  impl.FollowerInfo (FollowerInfo.java:lambda$new$0(50)) - ad22b398-6137-4426-bbd7-ba2dd03ed0e3->2e3ab009-6d3b-4f9c-9baf-460c800051cc: nextIndex: updateUnconditionally 17 -> 16
2019-08-28 15:37:03,554 [grpc-default-executor-8] WARN  server.GrpcServerProtocolService (LogUtils.java:warn(134)) - 89ea525c-b884-4c8a-a58d-0993f9152014: appendEntries onError: org.apache.ratis.thirdparty.io.grpc.StatusRuntimeException: CANCELLED: cancelled before receiving half close
2019-08-28 15:37:03,555 [main] INFO  utils.BackgroundService (BackgroundService.java:shutdown(148)) - Shutting down service BlockDeletingService
2019-08-28 15:37:03,554 [grpc-default-executor-9] INFO  impl.FollowerInfo (FollowerInfo.java:lambda$new$0(50)) - 8ce85811-8d59-4bde-a42a-d73a8f8a1f6b->89ea525c-b884-4c8a-a58d-0993f9152014: nextIndex: updateUnconditionally 19 -> 18
2019-08-28 15:37:03,556 [ForkJoinPool.commonPool-worker-0] INFO  utils.BackgroundService (BackgroundService.java:shutdown(148)) - Shutting down service BlockDeletingService
2019-08-28 15:37:03,558 [refreshUsed-/workdir/hadoop-ozone/integration-test/target/test-dir/MiniOzoneClusterImpl-c88bbe07-05a9-423a-b0e1-c9ede35d500a/datanode-4/data/containers] WARN  fs.CachingGetSpaceUsed (CachingGetSpaceUsed.java:run(183)) - Thread Interrupted waiting to refresh disk information: sleep interrupted
2019-08-28 15:37:03,558 [refreshUsed-/workdir/hadoop-ozone/integration-test/target/test-dir/MiniOzoneClusterImpl-c88bbe07-05a9-423a-b0e1-c9ede35d500a/datanode-1/data/containers] WARN  fs.CachingGetSpaceUsed (CachingGetSpaceUsed.java:run(183)) - Thread Interrupted waiting to refresh disk information: sleep interrupted
2019-08-28 15:37:03,586 [ForkJoinPool.commonPool-worker-0] INFO  statemachine.DatanodeStateMachine (DatanodeStateMachine.java:stopDaemon(395)) - Ozone container server stopped.
2019-08-28 15:37:03,592 [ForkJoinPool.commonPool-worker-0] INFO  handler.ContextHandler (ContextHandler.java:doStop(910)) - Stopped o.e.j.w.WebAppContext@cc4a0dd{/,null,UNAVAILABLE}{/hddsDatanode}
2019-08-28 15:37:03,592 [ForkJoinPool.commonPool-worker-0] INFO  server.AbstractConnector (AbstractConnector.java:doStop(318)) - Stopped ServerConnector@159e9629{HTTP/1.1,[http/1.1]}{0.0.0.0:0}
2019-08-28 15:37:03,594 [ForkJoinPool.commonPool-worker-0] INFO  handler.ContextHandler (ContextHandler.java:doStop(910)) - Stopped o.e.j.s.ServletContextHandler@138a51d5{/static,jar:file:/home/user/.m2/repository/org/apache/hadoop/hadoop-hdds-container-service/0.5.0-SNAPSHOT/hadoop-hdds-container-service-0.5.0-SNAPSHOT.jar!/webapps/static,UNAVAILABLE}
2019-08-28 15:37:03,598 [ForkJoinPool.commonPool-worker-0] INFO  handler.ContextHandler (ContextHandler.java:doStop(910)) - Stopped o.e.j.s.ServletContextHandler@2d6abfc7{/logs,file:///workdir/hadoop-ozone/integration-test/target/log,UNAVAILABLE}
2019-08-28 15:37:03,599 [main] INFO  statemachine.DatanodeStateMachine (DatanodeStateMachine.java:stopDaemon(395)) - Ozone container server stopped.
2019-08-28 15:37:03,600 [ForkJoinPool.commonPool-worker-0] INFO  datanode.ObjectStoreHandler (ObjectStoreHandler.java:close(155)) - Closing ObjectStoreHandler.
2019-08-28 15:37:03,600 [ForkJoinPool.commonPool-worker-0] INFO  ozone.HddsDatanodeService (HddsDatanodeService.java:stop(451)) - Stopped plug-in org.apache.hadoop.ozone.web.OzoneHddsDatanodeService@66f88fd3
2019-08-28 15:37:03,601 [main] INFO  handler.ContextHandler (ContextHandler.java:doStop(910)) - Stopped o.e.j.w.WebAppContext@106e816c{/,null,UNAVAILABLE}{/hddsDatanode}
2019-08-28 15:37:03,601 [main] INFO  server.AbstractConnector (AbstractConnector.java:doStop(318)) - Stopped ServerConnector@53d3ae89{HTTP/1.1,[http/1.1]}{0.0.0.0:0}
2019-08-28 15:37:03,602 [main] INFO  handler.ContextHandler (ContextHandler.java:doStop(910)) - Stopped o.e.j.s.ServletContextHandler@436867c3{/static,jar:file:/home/user/.m2/repository/org/apache/hadoop/hadoop-hdds-container-service/0.5.0-SNAPSHOT/hadoop-hdds-container-service-0.5.0-SNAPSHOT.jar!/webapps/static,UNAVAILABLE}
2019-08-28 15:37:03,602 [main] INFO  handler.ContextHandler (ContextHandler.java:doStop(910)) - Stopped o.e.j.s.ServletContextHandler@56a34c0e{/logs,file:///workdir/hadoop-ozone/integration-test/target/log,UNAVAILABLE}
2019-08-28 15:37:03,603 [main] INFO  datanode.ObjectStoreHandler (ObjectStoreHandler.java:close(155)) - Closing ObjectStoreHandler.
2019-08-28 15:37:03,604 [main] INFO  ozone.HddsDatanodeService (HddsDatanodeService.java:stop(451)) - Stopped plug-in org.apache.hadoop.ozone.web.OzoneHddsDatanodeService@18ac2dfe
2019-08-28 15:37:03,916 | INFO  | SCMAudit | user=jenkins1000 | ip=192.168.157.202 | op=SEND_HEARTBEAT {datanodeUUID=bf0ddda3-9c1a-46b4-880b-b69c4520600a, command=[]} | ret=SUCCESS |  
2019-08-28 15:37:04,140 [Datanode State Machine Thread - 0] INFO  statemachine.DatanodeStateMachine (DatanodeStateMachine.java:lambda$startDaemon$0(350)) - Ozone container server started.
2019-08-28 15:37:04,242 [grpc-default-executor-11] WARN  server.GrpcLogAppender (LogUtils.java:warn(134)) - 8ce85811-8d59-4bde-a42a-d73a8f8a1f6b->77615d81-8c11-45ee-8068-94d065800645: Failed appendEntries: org.apache.ratis.thirdparty.io.grpc.StatusRuntimeException: UNAVAILABLE: io exception
2019-08-28 15:37:04,242 [grpc-default-executor-11] INFO  impl.FollowerInfo (FollowerInfo.java:lambda$new$0(50)) - 8ce85811-8d59-4bde-a42a-d73a8f8a1f6b->77615d81-8c11-45ee-8068-94d065800645: nextIndex: updateUnconditionally 0 -> 0
2019-08-28 15:37:04,244 [grpc-default-executor-8] WARN  server.GrpcLogAppender (LogUtils.java:warn(134)) - 8ce85811-8d59-4bde-a42a-d73a8f8a1f6b->89ea525c-b884-4c8a-a58d-0993f9152014: Failed appendEntries: org.apache.ratis.thirdparty.io.grpc.StatusRuntimeException: UNAVAILABLE: io exception
2019-08-28 15:37:04,244 [grpc-default-executor-8] INFO  impl.FollowerInfo (FollowerInfo.java:lambda$new$0(50)) - 8ce85811-8d59-4bde-a42a-d73a8f8a1f6b->89ea525c-b884-4c8a-a58d-0993f9152014: nextIndex: updateUnconditionally 18 -> 17
2019-08-28 15:37:04,361 [Datanode State Machine Thread - 0] INFO  statemachine.DatanodeStateMachine (DatanodeStateMachine.java:lambda$startDaemon$0(350)) - Ozone container server started.
2019-08-28 15:37:04,362 | INFO  | SCMAudit | user=jenkins1000 | ip=192.168.157.202 | op=SEND_HEARTBEAT {datanodeUUID=ad22b398-6137-4426-bbd7-ba2dd03ed0e3, command=[commandType: closeContainerCommand closeContainerCommandProto { containerID: 2 pipelineID { id: "c753a03f-b84d-4b6e-a65c-3831347f2b07" } cmdId: 2 force: false } ]} | ret=SUCCESS |  
2019-08-28 15:37:04,916 | INFO  | SCMAudit | user=jenkins1000 | ip=192.168.157.202 | op=SEND_HEARTBEAT {datanodeUUID=bf0ddda3-9c1a-46b4-880b-b69c4520600a, command=[]} | ret=SUCCESS |  
2019-08-28 15:37:05,362 | INFO  | SCMAudit | user=jenkins1000 | ip=192.168.157.202 | op=SEND_HEARTBEAT {datanodeUUID=ad22b398-6137-4426-bbd7-ba2dd03ed0e3, command=[]} | ret=SUCCESS |  
2019-08-28 15:37:05,378 | INFO  | SCMAudit | user=jenkins1000 | ip=192.168.157.202 | op=SEND_HEARTBEAT {datanodeUUID=ad22b398-6137-4426-bbd7-ba2dd03ed0e3, command=[]} | ret=SUCCESS |  
2019-08-28 15:37:05,380 [grpc-default-executor-8] WARN  server.GrpcLogAppender (LogUtils.java:warn(134)) - ad22b398-6137-4426-bbd7-ba2dd03ed0e3->2e3ab009-6d3b-4f9c-9baf-460c800051cc: Failed appendEntries: org.apache.ratis.thirdparty.io.grpc.StatusRuntimeException: UNAVAILABLE: io exception
2019-08-28 15:37:05,380 [grpc-default-executor-8] INFO  impl.FollowerInfo (FollowerInfo.java:lambda$new$0(50)) - ad22b398-6137-4426-bbd7-ba2dd03ed0e3->2e3ab009-6d3b-4f9c-9baf-460c800051cc: nextIndex: updateUnconditionally 17 -> 16
2019-08-28 15:37:05,391 [grpc-default-executor-11] WARN  server.GrpcLogAppender (LogUtils.java:warn(134)) - ad22b398-6137-4426-bbd7-ba2dd03ed0e3->2e3ab009-6d3b-4f9c-9baf-460c800051cc: Failed appendEntries: org.apache.ratis.thirdparty.io.grpc.StatusRuntimeException: UNAVAILABLE: io exception
2019-08-28 15:37:05,392 [grpc-default-executor-11] INFO  impl.FollowerInfo (FollowerInfo.java:lambda$new$0(50)) - ad22b398-6137-4426-bbd7-ba2dd03ed0e3->2e3ab009-6d3b-4f9c-9baf-460c800051cc: nextIndex: updateUnconditionally 17 -> 16
2019-08-28 15:37:05,403 [grpc-default-executor-8] WARN  server.GrpcLogAppender (LogUtils.java:warn(134)) - ad22b398-6137-4426-bbd7-ba2dd03ed0e3->2e3ab009-6d3b-4f9c-9baf-460c800051cc: Failed appendEntries: org.apache.ratis.thirdparty.io.grpc.StatusRuntimeException: UNAVAILABLE: io exception
2019-08-28 15:37:05,403 [grpc-default-executor-8] INFO  impl.FollowerInfo (FollowerInfo.java:lambda$new$0(50)) - ad22b398-6137-4426-bbd7-ba2dd03ed0e3->2e3ab009-6d3b-4f9c-9baf-460c800051cc: nextIndex: updateUnconditionally 17 -> 16
2019-08-28 15:37:05,404 [RatisApplyTransactionExecutor 2] INFO  interfaces.Container (KeyValueContainer.java:flushAndSyncDB(382)) - Container 2 is synced with bcsId 14.
2019-08-28 15:37:05,405 [RatisApplyTransactionExecutor 2] INFO  interfaces.Container (KeyValueContainer.java:flushAndSyncDB(382)) - Container 2 is synced with bcsId 14.
2019-08-28 15:37:05,427 | INFO  | DNAudit | user=null | ip=null | op=CLOSE_CONTAINER {containerID=2} | ret=SUCCESS |  
2019-08-28 15:37:05,428 | INFO  | SCMAudit | user=jenkins1000 | ip=192.168.157.202 | op=SEND_HEARTBEAT {datanodeUUID=ad22b398-6137-4426-bbd7-ba2dd03ed0e3, command=[]} | ret=SUCCESS |  
2019-08-28 15:37:05,428 [EventQueue-IncrementalContainerReportForIncrementalContainerReportHandler] INFO  container.IncrementalContainerReportHandler (AbstractContainerReportHandler.java:updateContainerState(176)) - Moving container #2 to CLOSED state, datanode ad22b398-6137-4426-bbd7-ba2dd03ed0e3{ip: 192.168.157.202, host: pr-hdds-1942-2xrcm-801159095, networkLocation: /default-rack, certSerialId: null} reported CLOSED replica.
2019-08-28 15:37:05,428 [RatisApplyTransactionExecutor 2] INFO  interfaces.Container (KeyValueContainer.java:flushAndSyncDB(382)) - Container 2 is synced with bcsId 14.
2019-08-28 15:37:05,429 [RatisApplyTransactionExecutor 2] INFO  interfaces.Container (KeyValueContainer.java:flushAndSyncDB(382)) - Container 2 is synced with bcsId 14.
2019-08-28 15:37:05,444 | INFO  | DNAudit | user=null | ip=null | op=CLOSE_CONTAINER {containerID=2} | ret=SUCCESS |  
2019-08-28 15:37:05,917 | INFO  | SCMAudit | user=jenkins1000 | ip=192.168.157.202 | op=SEND_HEARTBEAT {datanodeUUID=bf0ddda3-9c1a-46b4-880b-b69c4520600a, command=[]} | ret=SUCCESS |  
2019-08-28 15:37:06,428 | INFO  | SCMAudit | user=jenkins1000 | ip=192.168.157.202 | op=SEND_HEARTBEAT {datanodeUUID=ad22b398-6137-4426-bbd7-ba2dd03ed0e3, command=[]} | ret=SUCCESS |  
2019-08-28 15:37:06,743 [grpc-default-executor-9] WARN  server.GrpcLogAppender (LogUtils.java:warn(134)) - 8ce85811-8d59-4bde-a42a-d73a8f8a1f6b->77615d81-8c11-45ee-8068-94d065800645: Failed appendEntries: org.apache.ratis.thirdparty.io.grpc.StatusRuntimeException: UNAVAILABLE: io exception
2019-08-28 15:37:06,743 [grpc-default-executor-9] INFO  impl.FollowerInfo (FollowerInfo.java:lambda$new$0(50)) - 8ce85811-8d59-4bde-a42a-d73a8f8a1f6b->77615d81-8c11-45ee-8068-94d065800645: nextIndex: updateUnconditionally 0 -> 0
2019-08-28 15:37:06,745 [grpc-default-executor-8] WARN  server.GrpcLogAppender (LogUtils.java:warn(134)) - 8ce85811-8d59-4bde-a42a-d73a8f8a1f6b->89ea525c-b884-4c8a-a58d-0993f9152014: Failed appendEntries: org.apache.ratis.thirdparty.io.grpc.StatusRuntimeException: UNAVAILABLE: io exception
2019-08-28 15:37:06,745 [grpc-default-executor-8] INFO  impl.FollowerInfo (FollowerInfo.java:lambda$new$0(50)) - 8ce85811-8d59-4bde-a42a-d73a8f8a1f6b->89ea525c-b884-4c8a-a58d-0993f9152014: nextIndex: updateUnconditionally 17 -> 16
2019-08-28 15:37:06,917 | INFO  | SCMAudit | user=jenkins1000 | ip=192.168.157.202 | op=SEND_HEARTBEAT {datanodeUUID=bf0ddda3-9c1a-46b4-880b-b69c4520600a, command=[]} | ret=SUCCESS |  
2019-08-28 15:37:07,429 | INFO  | SCMAudit | user=jenkins1000 | ip=192.168.157.202 | op=SEND_HEARTBEAT {datanodeUUID=ad22b398-6137-4426-bbd7-ba2dd03ed0e3, command=[]} | ret=SUCCESS |  
2019-08-28 15:37:07,905 [grpc-default-executor-11] WARN  server.GrpcLogAppender (LogUtils.java:warn(134)) - ad22b398-6137-4426-bbd7-ba2dd03ed0e3->2e3ab009-6d3b-4f9c-9baf-460c800051cc: Failed appendEntries: org.apache.ratis.thirdparty.io.grpc.StatusRuntimeException: UNAVAILABLE: io exception
2019-08-28 15:37:07,905 [grpc-default-executor-11] INFO  impl.FollowerInfo (FollowerInfo.java:lambda$new$0(50)) - ad22b398-6137-4426-bbd7-ba2dd03ed0e3->2e3ab009-6d3b-4f9c-9baf-460c800051cc: nextIndex: updateUnconditionally 16 -> 15
2019-08-28 15:37:07,917 | INFO  | SCMAudit | user=jenkins1000 | ip=192.168.157.202 | op=SEND_HEARTBEAT {datanodeUUID=bf0ddda3-9c1a-46b4-880b-b69c4520600a, command=[]} | ret=SUCCESS |  
2019-08-28 15:37:08,164 [EventQueue-StaleNodeForStaleNodeHandler] INFO  node.StaleNodeHandler (StaleNodeHandler.java:onMessage(58)) - Datanode 8ce85811-8d59-4bde-a42a-d73a8f8a1f6b{ip: 192.168.157.202, host: pr-hdds-1942-2xrcm-801159095, networkLocation: /default-rack, certSerialId: null} moved to stale state. Finalizing its pipelines [PipelineID=9ddcfc4f-2af7-4d67-a4ac-f06b4ce3e0f8, PipelineID=a8ea9b9d-4261-4fe2-a759-4a287a029878]
2019-08-28 15:37:08,164 [EventQueue-StaleNodeForStaleNodeHandler] INFO  pipeline.SCMPipelineManager (SCMPipelineManager.java:finalizeAndDestroyPipeline(309)) - destroying pipeline:Pipeline[ Id: 9ddcfc4f-2af7-4d67-a4ac-f06b4ce3e0f8, Nodes: 8ce85811-8d59-4bde-a42a-d73a8f8a1f6b{ip: 192.168.157.202, host: pr-hdds-1942-2xrcm-801159095, networkLocation: /default-rack, certSerialId: null}, Type:RATIS, Factor:ONE, State:OPEN]
2019-08-28 15:37:08,164 [EventQueue-StaleNodeForStaleNodeHandler] INFO  pipeline.PipelineStateManager (PipelineStateManager.java:finalizePipeline(123)) - Pipeline Pipeline[ Id: 9ddcfc4f-2af7-4d67-a4ac-f06b4ce3e0f8, Nodes: 8ce85811-8d59-4bde-a42a-d73a8f8a1f6b{ip: 192.168.157.202, host: pr-hdds-1942-2xrcm-801159095, networkLocation: /default-rack, certSerialId: null}, Type:RATIS, Factor:ONE, State:CLOSED] moved to CLOSED state
2019-08-28 15:37:08,165 [EventQueue-StaleNodeForStaleNodeHandler] INFO  pipeline.SCMPipelineManager (SCMPipelineManager.java:finalizeAndDestroyPipeline(309)) - destroying pipeline:Pipeline[ Id: a8ea9b9d-4261-4fe2-a759-4a287a029878, Nodes: 77615d81-8c11-45ee-8068-94d065800645{ip: 192.168.157.202, host: pr-hdds-1942-2xrcm-801159095, networkLocation: /default-rack, certSerialId: null}89ea525c-b884-4c8a-a58d-0993f9152014{ip: 192.168.157.202, host: pr-hdds-1942-2xrcm-801159095, networkLocation: /default-rack, certSerialId: null}8ce85811-8d59-4bde-a42a-d73a8f8a1f6b{ip: 192.168.157.202, host: pr-hdds-1942-2xrcm-801159095, networkLocation: /default-rack, certSerialId: null}, Type:RATIS, Factor:THREE, State:CLOSED]
2019-08-28 15:37:08,364 [EventQueue-StaleNodeForStaleNodeHandler] INFO  node.StaleNodeHandler (StaleNodeHandler.java:onMessage(58)) - Datanode 8ac6e4a2-e0c1-4238-9a47-28cd0ac1a81a{ip: 192.168.157.202, host: pr-hdds-1942-2xrcm-801159095, networkLocation: /default-rack, certSerialId: null} moved to stale state. Finalizing its pipelines [PipelineID=c753a03f-b84d-4b6e-a65c-3831347f2b07, PipelineID=e4197fe8-e5e5-4776-8ef6-26cc69c6c5b0]
2019-08-28 15:37:08,364 [EventQueue-StaleNodeForStaleNodeHandler] INFO  pipeline.SCMPipelineManager (SCMPipelineManager.java:finalizeAndDestroyPipeline(309)) - destroying pipeline:Pipeline[ Id: c753a03f-b84d-4b6e-a65c-3831347f2b07, Nodes: 2e3ab009-6d3b-4f9c-9baf-460c800051cc{ip: 192.168.157.202, host: pr-hdds-1942-2xrcm-801159095, networkLocation: /default-rack, certSerialId: null}8ac6e4a2-e0c1-4238-9a47-28cd0ac1a81a{ip: 192.168.157.202, host: pr-hdds-1942-2xrcm-801159095, networkLocation: /default-rack, certSerialId: null}ad22b398-6137-4426-bbd7-ba2dd03ed0e3{ip: 192.168.157.202, host: pr-hdds-1942-2xrcm-801159095, networkLocation: /default-rack, certSerialId: null}, Type:RATIS, Factor:THREE, State:CLOSED]
2019-08-28 15:37:08,365 [EventQueue-StaleNodeForStaleNodeHandler] INFO  pipeline.SCMPipelineManager (SCMPipelineManager.java:finalizeAndDestroyPipeline(309)) - destroying pipeline:Pipeline[ Id: e4197fe8-e5e5-4776-8ef6-26cc69c6c5b0, Nodes: 8ac6e4a2-e0c1-4238-9a47-28cd0ac1a81a{ip: 192.168.157.202, host: pr-hdds-1942-2xrcm-801159095, networkLocation: /default-rack, certSerialId: null}, Type:RATIS, Factor:ONE, State:OPEN]
2019-08-28 15:37:08,365 [EventQueue-StaleNodeForStaleNodeHandler] INFO  pipeline.PipelineStateManager (PipelineStateManager.java:finalizePipeline(123)) - Pipeline Pipeline[ Id: e4197fe8-e5e5-4776-8ef6-26cc69c6c5b0, Nodes: 8ac6e4a2-e0c1-4238-9a47-28cd0ac1a81a{ip: 192.168.157.202, host: pr-hdds-1942-2xrcm-801159095, networkLocation: /default-rack, certSerialId: null}, Type:RATIS, Factor:ONE, State:CLOSED] moved to CLOSED state
2019-08-28 15:37:08,428 | INFO  | SCMAudit | user=jenkins1000 | ip=192.168.157.202 | op=SEND_HEARTBEAT {datanodeUUID=ad22b398-6137-4426-bbd7-ba2dd03ed0e3, command=[]} | ret=SUCCESS |  
2019-08-28 15:37:08,601 [ForkJoinPool.commonPool-worker-0] INFO  ozoneimpl.OzoneContainer (OzoneContainer.java:stop(199)) - Attempting to stop container services.
2019-08-28 15:37:08,602 [ForkJoinPool.commonPool-worker-0] INFO  impl.RaftServerProxy (RaftServerProxy.java:lambda$close$4(314)) - 8ce85811-8d59-4bde-a42a-d73a8f8a1f6b: close
2019-08-28 15:37:08,603 [ForkJoinPool.commonPool-worker-0] INFO  impl.RaftServerImpl (RaftServerImpl.java:lambda$shutdown$3(245)) - 8ce85811-8d59-4bde-a42a-d73a8f8a1f6b: shutdown group-F06B4CE3E0F8
2019-08-28 15:37:08,603 [ForkJoinPool.commonPool-worker-0] INFO  util.JmxRegister (JmxRegister.java:unregister(73)) - Successfully un-registered JMX Bean with object name Ratis:service=RaftServer,group=group-F06B4CE3E0F8,id=8ce85811-8d59-4bde-a42a-d73a8f8a1f6b
2019-08-28 15:37:08,603 [ForkJoinPool.commonPool-worker-0] INFO  impl.RoleInfo (RoleInfo.java:shutdownLeaderState(104)) - 8ce85811-8d59-4bde-a42a-d73a8f8a1f6b: shutdown LeaderState
2019-08-28 15:37:08,603 [ForkJoinPool.commonPool-worker-0] INFO  impl.PendingRequests (PendingRequests.java:sendNotLeaderResponses(202)) - 8ce85811-8d59-4bde-a42a-d73a8f8a1f6b-PendingRequests: sendNotLeaderResponses
2019-08-28 15:37:08,604 [ForkJoinPool.commonPool-worker-0] INFO  impl.StateMachineUpdater (StateMachineUpdater.java:stopAndJoin(115)) - StateMachineUpdater:8ce85811-8d59-4bde-a42a-d73a8f8a1f6b:group-F06B4CE3E0F8: set stopIndex = 0
2019-08-28 15:37:08,604 [ForkJoinPool.commonPool-worker-0] INFO  impl.RaftServerImpl (ServerState.java:close(394)) - 8ce85811-8d59-4bde-a42a-d73a8f8a1f6b:group-F06B4CE3E0F8 closes. The last applied log index is 0
2019-08-28 15:37:08,604 [main] INFO  ozoneimpl.OzoneContainer (OzoneContainer.java:stop(199)) - Attempting to stop container services.
2019-08-28 15:37:08,604 [8ce85811-8d59-4bde-a42a-d73a8f8a1f6b-SegmentedRaftLogWorker:Storage Directory /workdir/hadoop-ozone/integration-test/target/test-dir/MiniOzoneClusterImpl-c88bbe07-05a9-423a-b0e1-c9ede35d500a/datanode-0/data/ratis/9ddcfc4f-2af7-4d67-a4ac-f06b4ce3e0f8] INFO  segmented.SegmentedRaftLogWorker (SegmentedRaftLogWorker.java:run(313)) - 8ce85811-8d59-4bde-a42a-d73a8f8a1f6b-SegmentedRaftLogWorker:Storage Directory /workdir/hadoop-ozone/integration-test/target/test-dir/MiniOzoneClusterImpl-c88bbe07-05a9-423a-b0e1-c9ede35d500a/datanode-0/data/ratis/9ddcfc4f-2af7-4d67-a4ac-f06b4ce3e0f8 was interrupted, exiting. There are 0 tasks remaining in the queue.
2019-08-28 15:37:08,605 [main] INFO  impl.RaftServerProxy (RaftServerProxy.java:lambda$close$4(314)) - 8ac6e4a2-e0c1-4238-9a47-28cd0ac1a81a: close
2019-08-28 15:37:08,608 [ForkJoinPool.commonPool-worker-0] INFO  segmented.SegmentedRaftLogWorker (SegmentedRaftLogWorker.java:close(228)) - 8ce85811-8d59-4bde-a42a-d73a8f8a1f6b-SegmentedRaftLogWorker:Storage Directory /workdir/hadoop-ozone/integration-test/target/test-dir/MiniOzoneClusterImpl-c88bbe07-05a9-423a-b0e1-c9ede35d500a/datanode-0/data/ratis/9ddcfc4f-2af7-4d67-a4ac-f06b4ce3e0f8 close()
2019-08-28 15:37:08,608 [main] INFO  impl.RaftServerImpl (RaftServerImpl.java:lambda$shutdown$3(245)) - 8ac6e4a2-e0c1-4238-9a47-28cd0ac1a81a: shutdown group-3831347F2B07
2019-08-28 15:37:08,612 [ForkJoinPool.commonPool-worker-0] INFO  impl.RaftServerImpl (RaftServerImpl.java:lambda$shutdown$3(245)) - 8ce85811-8d59-4bde-a42a-d73a8f8a1f6b: shutdown group-4A287A029878
2019-08-28 15:37:08,612 [main] INFO  util.JmxRegister (JmxRegister.java:unregister(73)) - Successfully un-registered JMX Bean with object name Ratis:service=RaftServer,group=group-3831347F2B07,id=8ac6e4a2-e0c1-4238-9a47-28cd0ac1a81a
2019-08-28 15:37:08,612 [ForkJoinPool.commonPool-worker-0] INFO  util.JmxRegister (JmxRegister.java:unregister(73)) - Successfully un-registered JMX Bean with object name Ratis:service=RaftServer,group=group-4A287A029878,id=8ce85811-8d59-4bde-a42a-d73a8f8a1f6b
2019-08-28 15:37:08,613 [main] INFO  impl.RoleInfo (RoleInfo.java:shutdownFollowerState(121)) - 8ac6e4a2-e0c1-4238-9a47-28cd0ac1a81a: shutdown FollowerState
2019-08-28 15:37:08,613 [ForkJoinPool.commonPool-worker-0] INFO  impl.RoleInfo (RoleInfo.java:shutdownLeaderState(104)) - 8ce85811-8d59-4bde-a42a-d73a8f8a1f6b: shutdown LeaderState
2019-08-28 15:37:08,614 [Thread-3708] INFO  impl.FollowerState (FollowerState.java:run(114)) - 8ac6e4a2-e0c1-4238-9a47-28cd0ac1a81a: FollowerState was interrupted: java.lang.InterruptedException: sleep interrupted
2019-08-28 15:37:08,614 [StateMachineUpdater:8ac6e4a2-e0c1-4238-9a47-28cd0ac1a81a:group-3831347F2B07] INFO  ratis.ContainerStateMachine (ContainerStateMachine.java:takeSnapshot(283)) - group-3831347F2B07: Taking a snapshot at:(t:1, i:17) file /workdir/hadoop-ozone/integration-test/target/test-dir/MiniOzoneClusterImpl-c88bbe07-05a9-423a-b0e1-c9ede35d500a/datanode-3/data/ratis/c753a03f-b84d-4b6e-a65c-3831347f2b07/sm/snapshot.1_17
2019-08-28 15:37:08,617 [org.apache.ratis.server.impl.LogAppender$AppenderDaemon$$Lambda$522/598906950@117a4cc0] WARN  server.GrpcLogAppender (GrpcLogAppender.java:mayWait(143)) - GrpcLogAppender(8ce85811-8d59-4bde-a42a-d73a8f8a1f6b->89ea525c-b884-4c8a-a58d-0993f9152014): Wait interrupted by java.lang.InterruptedException
2019-08-28 15:37:08,614 [main] INFO  impl.StateMachineUpdater (StateMachineUpdater.java:stopAndJoin(115)) - StateMachineUpdater:8ac6e4a2-e0c1-4238-9a47-28cd0ac1a81a:group-3831347F2B07: set stopIndex = 18
2019-08-28 15:37:08,617 [org.apache.ratis.server.impl.LogAppender$AppenderDaemon$$Lambda$522/598906950@42382a32] WARN  server.GrpcLogAppender (GrpcLogAppender.java:mayWait(143)) - GrpcLogAppender(8ce85811-8d59-4bde-a42a-d73a8f8a1f6b->77615d81-8c11-45ee-8068-94d065800645): Wait interrupted by java.lang.InterruptedException
2019-08-28 15:37:08,617 [ForkJoinPool.commonPool-worker-0] INFO  impl.PendingRequests (PendingRequests.java:sendNotLeaderResponses(202)) - 8ce85811-8d59-4bde-a42a-d73a8f8a1f6b-PendingRequests: sendNotLeaderResponses
2019-08-28 15:37:08,620 [ForkJoinPool.commonPool-worker-0] INFO  impl.StateMachineUpdater (StateMachineUpdater.java:stopAndJoin(115)) - StateMachineUpdater:8ce85811-8d59-4bde-a42a-d73a8f8a1f6b:group-4A287A029878: set stopIndex = 18
2019-08-28 15:37:08,621 [StateMachineUpdater:8ce85811-8d59-4bde-a42a-d73a8f8a1f6b:group-4A287A029878] INFO  ratis.ContainerStateMachine (ContainerStateMachine.java:takeSnapshot(283)) - group-4A287A029878: Taking a snapshot at:(t:1, i:14) file /workdir/hadoop-ozone/integration-test/target/test-dir/MiniOzoneClusterImpl-c88bbe07-05a9-423a-b0e1-c9ede35d500a/datanode-0/data/ratis/a8ea9b9d-4261-4fe2-a759-4a287a029878/sm/snapshot.1_14
2019-08-28 15:37:08,631 [StateMachineUpdater:8ac6e4a2-e0c1-4238-9a47-28cd0ac1a81a:group-3831347F2B07] INFO  ratis.ContainerStateMachine (ContainerStateMachine.java:takeSnapshot(294)) - group-3831347F2B07: Finished taking a snapshot at:(t:1, i:17) file:/workdir/hadoop-ozone/integration-test/target/test-dir/MiniOzoneClusterImpl-c88bbe07-05a9-423a-b0e1-c9ede35d500a/datanode-3/data/ratis/c753a03f-b84d-4b6e-a65c-3831347f2b07/sm/snapshot.1_17 time:18
2019-08-28 15:37:08,631 [StateMachineUpdater:8ce85811-8d59-4bde-a42a-d73a8f8a1f6b:group-4A287A029878] INFO  ratis.ContainerStateMachine (ContainerStateMachine.java:takeSnapshot(294)) - group-4A287A029878: Finished taking a snapshot at:(t:1, i:14) file:/workdir/hadoop-ozone/integration-test/target/test-dir/MiniOzoneClusterImpl-c88bbe07-05a9-423a-b0e1-c9ede35d500a/datanode-0/data/ratis/a8ea9b9d-4261-4fe2-a759-4a287a029878/sm/snapshot.1_14 time:11
2019-08-28 15:37:08,631 [StateMachineUpdater:8ac6e4a2-e0c1-4238-9a47-28cd0ac1a81a:group-3831347F2B07] INFO  impl.StateMachineUpdater (StateMachineUpdater.java:takeSnapshot(242)) - StateMachineUpdater:8ac6e4a2-e0c1-4238-9a47-28cd0ac1a81a:group-3831347F2B07: Took a snapshot at index 17
2019-08-28 15:37:08,631 [StateMachineUpdater:8ce85811-8d59-4bde-a42a-d73a8f8a1f6b:group-4A287A029878] INFO  impl.StateMachineUpdater (StateMachineUpdater.java:takeSnapshot(242)) - StateMachineUpdater:8ce85811-8d59-4bde-a42a-d73a8f8a1f6b:group-4A287A029878: Took a snapshot at index 14
2019-08-28 15:37:08,632 [StateMachineUpdater:8ac6e4a2-e0c1-4238-9a47-28cd0ac1a81a:group-3831347F2B07] INFO  impl.StateMachineUpdater (StateMachineUpdater.java:lambda$new$0(80)) - StateMachineUpdater:8ac6e4a2-e0c1-4238-9a47-28cd0ac1a81a:group-3831347F2B07: snapshotIndex: updateIncreasingly -1 -> 17
2019-08-28 15:37:08,632 [StateMachineUpdater:8ce85811-8d59-4bde-a42a-d73a8f8a1f6b:group-4A287A029878] INFO  impl.StateMachineUpdater (StateMachineUpdater.java:lambda$new$0(80)) - StateMachineUpdater:8ce85811-8d59-4bde-a42a-d73a8f8a1f6b:group-4A287A029878: snapshotIndex: updateIncreasingly -1 -> 14
2019-08-28 15:37:08,632 [main] INFO  impl.RaftServerImpl (ServerState.java:close(394)) - 8ac6e4a2-e0c1-4238-9a47-28cd0ac1a81a:group-3831347F2B07 closes. The last applied log index is 18
2019-08-28 15:37:08,632 [ForkJoinPool.commonPool-worker-0] INFO  impl.RaftServerImpl (ServerState.java:close(394)) - 8ce85811-8d59-4bde-a42a-d73a8f8a1f6b:group-4A287A029878 closes. The last applied log index is 18
2019-08-28 15:37:08,633 [8ac6e4a2-e0c1-4238-9a47-28cd0ac1a81a-SegmentedRaftLogWorker:Storage Directory /workdir/hadoop-ozone/integration-test/target/test-dir/MiniOzoneClusterImpl-c88bbe07-05a9-423a-b0e1-c9ede35d500a/datanode-3/data/ratis/c753a03f-b84d-4b6e-a65c-3831347f2b07] INFO  segmented.SegmentedRaftLogWorker (SegmentedRaftLogWorker.java:run(313)) - 8ac6e4a2-e0c1-4238-9a47-28cd0ac1a81a-SegmentedRaftLogWorker:Storage Directory /workdir/hadoop-ozone/integration-test/target/test-dir/MiniOzoneClusterImpl-c88bbe07-05a9-423a-b0e1-c9ede35d500a/datanode-3/data/ratis/c753a03f-b84d-4b6e-a65c-3831347f2b07 was interrupted, exiting. There are 0 tasks remaining in the queue.
2019-08-28 15:37:08,633 [8ce85811-8d59-4bde-a42a-d73a8f8a1f6b-SegmentedRaftLogWorker:Storage Directory /workdir/hadoop-ozone/integration-test/target/test-dir/MiniOzoneClusterImpl-c88bbe07-05a9-423a-b0e1-c9ede35d500a/datanode-0/data/ratis/a8ea9b9d-4261-4fe2-a759-4a287a029878] INFO  segmented.SegmentedRaftLogWorker (SegmentedRaftLogWorker.java:run(313)) - 8ce85811-8d59-4bde-a42a-d73a8f8a1f6b-SegmentedRaftLogWorker:Storage Directory /workdir/hadoop-ozone/integration-test/target/test-dir/MiniOzoneClusterImpl-c88bbe07-05a9-423a-b0e1-c9ede35d500a/datanode-0/data/ratis/a8ea9b9d-4261-4fe2-a759-4a287a029878 was interrupted, exiting. There are 0 tasks remaining in the queue.
2019-08-28 15:37:08,636 [main] INFO  segmented.SegmentedRaftLogWorker (SegmentedRaftLogWorker.java:close(228)) - 8ac6e4a2-e0c1-4238-9a47-28cd0ac1a81a-SegmentedRaftLogWorker:Storage Directory /workdir/hadoop-ozone/integration-test/target/test-dir/MiniOzoneClusterImpl-c88bbe07-05a9-423a-b0e1-c9ede35d500a/datanode-3/data/ratis/c753a03f-b84d-4b6e-a65c-3831347f2b07 close()
2019-08-28 15:37:08,636 [ForkJoinPool.commonPool-worker-0] INFO  segmented.SegmentedRaftLogWorker (SegmentedRaftLogWorker.java:close(228)) - 8ce85811-8d59-4bde-a42a-d73a8f8a1f6b-SegmentedRaftLogWorker:Storage Directory /workdir/hadoop-ozone/integration-test/target/test-dir/MiniOzoneClusterImpl-c88bbe07-05a9-423a-b0e1-c9ede35d500a/datanode-0/data/ratis/a8ea9b9d-4261-4fe2-a759-4a287a029878 close()
2019-08-28 15:37:08,641 [main] INFO  impl.RaftServerImpl (RaftServerImpl.java:lambda$shutdown$3(245)) - 8ac6e4a2-e0c1-4238-9a47-28cd0ac1a81a: shutdown group-26CC69C6C5B0
2019-08-28 15:37:08,644 [ForkJoinPool.commonPool-worker-0] INFO  server.GrpcService (GrpcService.java:closeImpl(155)) - 8ce85811-8d59-4bde-a42a-d73a8f8a1f6b: shutdown server with port 43412 now
2019-08-28 15:37:08,644 [main] INFO  util.JmxRegister (JmxRegister.java:unregister(73)) - Successfully un-registered JMX Bean with object name Ratis:service=RaftServer,group=group-26CC69C6C5B0,id=8ac6e4a2-e0c1-4238-9a47-28cd0ac1a81a
2019-08-28 15:37:08,645 [main] INFO  impl.RoleInfo (RoleInfo.java:shutdownLeaderState(104)) - 8ac6e4a2-e0c1-4238-9a47-28cd0ac1a81a: shutdown LeaderState
2019-08-28 15:37:08,645 [ForkJoinPool.commonPool-worker-0] INFO  server.GrpcService (GrpcService.java:closeImpl(163)) - 8ce85811-8d59-4bde-a42a-d73a8f8a1f6b: shutdown server with port 43412 successfully
2019-08-28 15:37:08,646 [main] INFO  impl.PendingRequests (PendingRequests.java:sendNotLeaderResponses(202)) - 8ac6e4a2-e0c1-4238-9a47-28cd0ac1a81a-PendingRequests: sendNotLeaderResponses
2019-08-28 15:37:08,646 [main] INFO  impl.StateMachineUpdater (StateMachineUpdater.java:stopAndJoin(115)) - StateMachineUpdater:8ac6e4a2-e0c1-4238-9a47-28cd0ac1a81a:group-26CC69C6C5B0: set stopIndex = 0
2019-08-28 15:37:08,647 [main] INFO  impl.RaftServerImpl (ServerState.java:close(394)) - 8ac6e4a2-e0c1-4238-9a47-28cd0ac1a81a:group-26CC69C6C5B0 closes. The last applied log index is 0
2019-08-28 15:37:08,647 [ForkJoinPool.commonPool-worker-0] INFO  utils.BackgroundService (BackgroundService.java:shutdown(148)) - Shutting down service BlockDeletingService
2019-08-28 15:37:08,647 [8ac6e4a2-e0c1-4238-9a47-28cd0ac1a81a-SegmentedRaftLogWorker:Storage Directory /workdir/hadoop-ozone/integration-test/target/test-dir/MiniOzoneClusterImpl-c88bbe07-05a9-423a-b0e1-c9ede35d500a/datanode-3/data/ratis/e4197fe8-e5e5-4776-8ef6-26cc69c6c5b0] INFO  segmented.SegmentedRaftLogWorker (SegmentedRaftLogWorker.java:run(313)) - 8ac6e4a2-e0c1-4238-9a47-28cd0ac1a81a-SegmentedRaftLogWorker:Storage Directory /workdir/hadoop-ozone/integration-test/target/test-dir/MiniOzoneClusterImpl-c88bbe07-05a9-423a-b0e1-c9ede35d500a/datanode-3/data/ratis/e4197fe8-e5e5-4776-8ef6-26cc69c6c5b0 was interrupted, exiting. There are 0 tasks remaining in the queue.
2019-08-28 15:37:08,655 [main] INFO  segmented.SegmentedRaftLogWorker (SegmentedRaftLogWorker.java:close(228)) - 8ac6e4a2-e0c1-4238-9a47-28cd0ac1a81a-SegmentedRaftLogWorker:Storage Directory /workdir/hadoop-ozone/integration-test/target/test-dir/MiniOzoneClusterImpl-c88bbe07-05a9-423a-b0e1-c9ede35d500a/datanode-3/data/ratis/e4197fe8-e5e5-4776-8ef6-26cc69c6c5b0 close()
2019-08-28 15:37:08,657 [main] INFO  server.GrpcService (GrpcService.java:closeImpl(155)) - 8ac6e4a2-e0c1-4238-9a47-28cd0ac1a81a: shutdown server with port 41886 now
2019-08-28 15:37:08,658 [refreshUsed-/workdir/hadoop-ozone/integration-test/target/test-dir/MiniOzoneClusterImpl-c88bbe07-05a9-423a-b0e1-c9ede35d500a/datanode-0/data/containers] WARN  fs.CachingGetSpaceUsed (CachingGetSpaceUsed.java:run(183)) - Thread Interrupted waiting to refresh disk information: sleep interrupted
2019-08-28 15:37:08,658 [grpc-default-executor-8] WARN  server.GrpcServerProtocolService (LogUtils.java:warn(134)) - 8ac6e4a2-e0c1-4238-9a47-28cd0ac1a81a: appendEntries onError: org.apache.ratis.thirdparty.io.grpc.StatusRuntimeException: CANCELLED: cancelled before receiving half close
2019-08-28 15:37:08,658 [main] INFO  server.GrpcService (GrpcService.java:closeImpl(163)) - 8ac6e4a2-e0c1-4238-9a47-28cd0ac1a81a: shutdown server with port 41886 successfully
2019-08-28 15:37:08,660 [grpc-default-executor-11] WARN  server.GrpcLogAppender (LogUtils.java:warn(134)) - ad22b398-6137-4426-bbd7-ba2dd03ed0e3->8ac6e4a2-e0c1-4238-9a47-28cd0ac1a81a: Failed appendEntries: org.apache.ratis.thirdparty.io.grpc.StatusRuntimeException: CANCELLED: HTTP/2 error code: CANCEL
Received Rst Stream
2019-08-28 15:37:08,660 [grpc-default-executor-11] INFO  impl.FollowerInfo (FollowerInfo.java:lambda$new$0(50)) - ad22b398-6137-4426-bbd7-ba2dd03ed0e3->8ac6e4a2-e0c1-4238-9a47-28cd0ac1a81a: nextIndex: updateUnconditionally 19 -> 18
2019-08-28 15:37:08,661 [main] INFO  utils.BackgroundService (BackgroundService.java:shutdown(148)) - Shutting down service BlockDeletingService
2019-08-28 15:37:08,662 [refreshUsed-/workdir/hadoop-ozone/integration-test/target/test-dir/MiniOzoneClusterImpl-c88bbe07-05a9-423a-b0e1-c9ede35d500a/datanode-3/data/containers] WARN  fs.CachingGetSpaceUsed (CachingGetSpaceUsed.java:run(183)) - Thread Interrupted waiting to refresh disk information: sleep interrupted
2019-08-28 15:37:08,683 [ForkJoinPool.commonPool-worker-0] INFO  statemachine.DatanodeStateMachine (DatanodeStateMachine.java:stopDaemon(395)) - Ozone container server stopped.
2019-08-28 15:37:08,690 [ForkJoinPool.commonPool-worker-0] INFO  handler.ContextHandler (ContextHandler.java:doStop(910)) - Stopped o.e.j.w.WebAppContext@54418834{/,null,UNAVAILABLE}{/hddsDatanode}
2019-08-28 15:37:08,691 [main] INFO  statemachine.DatanodeStateMachine (DatanodeStateMachine.java:stopDaemon(395)) - Ozone container server stopped.
2019-08-28 15:37:08,692 [ForkJoinPool.commonPool-worker-0] INFO  server.AbstractConnector (AbstractConnector.java:doStop(318)) - Stopped ServerConnector@54d6f172{HTTP/1.1,[http/1.1]}{0.0.0.0:0}
2019-08-28 15:37:08,693 [ForkJoinPool.commonPool-worker-0] INFO  handler.ContextHandler (ContextHandler.java:doStop(910)) - Stopped o.e.j.s.ServletContextHandler@64ef9b9a{/static,jar:file:/home/user/.m2/repository/org/apache/hadoop/hadoop-hdds-container-service/0.5.0-SNAPSHOT/hadoop-hdds-container-service-0.5.0-SNAPSHOT.jar!/webapps/static,UNAVAILABLE}
2019-08-28 15:37:08,693 [main] INFO  handler.ContextHandler (ContextHandler.java:doStop(910)) - Stopped o.e.j.w.WebAppContext@47897093{/,null,UNAVAILABLE}{/hddsDatanode}
2019-08-28 15:37:08,695 [ForkJoinPool.commonPool-worker-0] INFO  handler.ContextHandler (ContextHandler.java:doStop(910)) - Stopped o.e.j.s.ServletContextHandler@4a234e1f{/logs,file:///workdir/hadoop-ozone/integration-test/target/log,UNAVAILABLE}
2019-08-28 15:37:08,695 [main] INFO  server.AbstractConnector (AbstractConnector.java:doStop(318)) - Stopped ServerConnector@33e19be9{HTTP/1.1,[http/1.1]}{0.0.0.0:0}
2019-08-28 15:37:08,696 [main] INFO  handler.ContextHandler (ContextHandler.java:doStop(910)) - Stopped o.e.j.s.ServletContextHandler@13198b8e{/static,jar:file:/home/user/.m2/repository/org/apache/hadoop/hadoop-hdds-container-service/0.5.0-SNAPSHOT/hadoop-hdds-container-service-0.5.0-SNAPSHOT.jar!/webapps/static,UNAVAILABLE}
2019-08-28 15:37:08,696 [ForkJoinPool.commonPool-worker-0] INFO  datanode.ObjectStoreHandler (ObjectStoreHandler.java:close(155)) - Closing ObjectStoreHandler.
2019-08-28 15:37:08,697 [main] INFO  handler.ContextHandler (ContextHandler.java:doStop(910)) - Stopped o.e.j.s.ServletContextHandler@66464f27{/logs,file:///workdir/hadoop-ozone/integration-test/target/log,UNAVAILABLE}
2019-08-28 15:37:08,697 [ForkJoinPool.commonPool-worker-0] INFO  ozone.HddsDatanodeService (HddsDatanodeService.java:stop(451)) - Stopped plug-in org.apache.hadoop.ozone.web.OzoneHddsDatanodeService@5a85f41b
2019-08-28 15:37:08,698 [main] INFO  datanode.ObjectStoreHandler (ObjectStoreHandler.java:close(155)) - Closing ObjectStoreHandler.
2019-08-28 15:37:08,699 [main] INFO  ozone.HddsDatanodeService (HddsDatanodeService.java:stop(451)) - Stopped plug-in org.apache.hadoop.ozone.web.OzoneHddsDatanodeService@10ef09e3
2019-08-28 15:37:08,917 [Datanode State Machine Thread - 0] INFO  statemachine.DatanodeStateMachine (DatanodeStateMachine.java:lambda$startDaemon$0(350)) - Ozone container server started.
2019-08-28 15:37:09,427 [Datanode State Machine Thread - 0] INFO  statemachine.DatanodeStateMachine (DatanodeStateMachine.java:lambda$startDaemon$0(350)) - Ozone container server started.
2019-08-28 15:37:10,405 [grpc-default-executor-9] WARN  server.GrpcLogAppender (LogUtils.java:warn(134)) - ad22b398-6137-4426-bbd7-ba2dd03ed0e3->2e3ab009-6d3b-4f9c-9baf-460c800051cc: Failed appendEntries: org.apache.ratis.thirdparty.io.grpc.StatusRuntimeException: UNAVAILABLE: io exception
2019-08-28 15:37:10,405 [grpc-default-executor-9] INFO  impl.FollowerInfo (FollowerInfo.java:lambda$new$0(50)) - ad22b398-6137-4426-bbd7-ba2dd03ed0e3->2e3ab009-6d3b-4f9c-9baf-460c800051cc: nextIndex: updateUnconditionally 15 -> 14
2019-08-28 15:37:10,406 [grpc-default-executor-11] WARN  server.GrpcLogAppender (LogUtils.java:warn(134)) - ad22b398-6137-4426-bbd7-ba2dd03ed0e3->8ac6e4a2-e0c1-4238-9a47-28cd0ac1a81a: Failed appendEntries: org.apache.ratis.thirdparty.io.grpc.StatusRuntimeException: UNAVAILABLE: io exception
2019-08-28 15:37:10,406 [grpc-default-executor-11] INFO  impl.FollowerInfo (FollowerInfo.java:lambda$new$0(50)) - ad22b398-6137-4426-bbd7-ba2dd03ed0e3->8ac6e4a2-e0c1-4238-9a47-28cd0ac1a81a: nextIndex: updateUnconditionally 18 -> 17
2019-08-28 15:37:12,906 [grpc-default-executor-9] WARN  server.GrpcLogAppender (LogUtils.java:warn(134)) - ad22b398-6137-4426-bbd7-ba2dd03ed0e3->2e3ab009-6d3b-4f9c-9baf-460c800051cc: Failed appendEntries: org.apache.ratis.thirdparty.io.grpc.StatusRuntimeException: UNAVAILABLE: io exception
2019-08-28 15:37:12,906 [grpc-default-executor-9] INFO  impl.FollowerInfo (FollowerInfo.java:lambda$new$0(50)) - ad22b398-6137-4426-bbd7-ba2dd03ed0e3->2e3ab009-6d3b-4f9c-9baf-460c800051cc: nextIndex: updateUnconditionally 14 -> 13
2019-08-28 15:37:12,906 [grpc-default-executor-10] WARN  server.GrpcLogAppender (LogUtils.java:warn(134)) - ad22b398-6137-4426-bbd7-ba2dd03ed0e3->8ac6e4a2-e0c1-4238-9a47-28cd0ac1a81a: Failed appendEntries: org.apache.ratis.thirdparty.io.grpc.StatusRuntimeException: UNAVAILABLE: io exception
2019-08-28 15:37:12,907 [grpc-default-executor-10] INFO  impl.FollowerInfo (FollowerInfo.java:lambda$new$0(50)) - ad22b398-6137-4426-bbd7-ba2dd03ed0e3->8ac6e4a2-e0c1-4238-9a47-28cd0ac1a81a: nextIndex: updateUnconditionally 17 -> 16
2019-08-28 15:37:12,970 [EventQueue-StaleNodeForStaleNodeHandler] INFO  node.StaleNodeHandler (StaleNodeHandler.java:onMessage(58)) - Datanode bf0ddda3-9c1a-46b4-880b-b69c4520600a{ip: 192.168.157.202, host: pr-hdds-1942-2xrcm-801159095, networkLocation: /default-rack, certSerialId: null} moved to stale state. Finalizing its pipelines [PipelineID=6c8dabe0-ae83-4da7-8528-2783de4682e8]
2019-08-28 15:37:12,970 [EventQueue-StaleNodeForStaleNodeHandler] INFO  pipeline.SCMPipelineManager (SCMPipelineManager.java:finalizeAndDestroyPipeline(309)) - destroying pipeline:Pipeline[ Id: 6c8dabe0-ae83-4da7-8528-2783de4682e8, Nodes: bf0ddda3-9c1a-46b4-880b-b69c4520600a{ip: 192.168.157.202, host: pr-hdds-1942-2xrcm-801159095, networkLocation: /default-rack, certSerialId: null}, Type:RATIS, Factor:ONE, State:OPEN]
2019-08-28 15:37:12,970 [EventQueue-StaleNodeForStaleNodeHandler] INFO  pipeline.PipelineStateManager (PipelineStateManager.java:finalizePipeline(123)) - Pipeline Pipeline[ Id: 6c8dabe0-ae83-4da7-8528-2783de4682e8, Nodes: bf0ddda3-9c1a-46b4-880b-b69c4520600a{ip: 192.168.157.202, host: pr-hdds-1942-2xrcm-801159095, networkLocation: /default-rack, certSerialId: null}, Type:RATIS, Factor:ONE, State:CLOSED] moved to CLOSED state
2019-08-28 15:37:13,471 [EventQueue-StaleNodeForStaleNodeHandler] INFO  node.StaleNodeHandler (StaleNodeHandler.java:onMessage(58)) - Datanode ad22b398-6137-4426-bbd7-ba2dd03ed0e3{ip: 192.168.157.202, host: pr-hdds-1942-2xrcm-801159095, networkLocation: /default-rack, certSerialId: null} moved to stale state. Finalizing its pipelines [PipelineID=ecc1d381-f5f0-420f-99c9-3608aa01cbea, PipelineID=c753a03f-b84d-4b6e-a65c-3831347f2b07]
2019-08-28 15:37:13,471 [EventQueue-StaleNodeForStaleNodeHandler] INFO  pipeline.SCMPipelineManager (SCMPipelineManager.java:finalizeAndDestroyPipeline(309)) - destroying pipeline:Pipeline[ Id: ecc1d381-f5f0-420f-99c9-3608aa01cbea, Nodes: ad22b398-6137-4426-bbd7-ba2dd03ed0e3{ip: 192.168.157.202, host: pr-hdds-1942-2xrcm-801159095, networkLocation: /default-rack, certSerialId: null}, Type:RATIS, Factor:ONE, State:OPEN]
2019-08-28 15:37:13,471 [EventQueue-StaleNodeForStaleNodeHandler] INFO  pipeline.PipelineStateManager (PipelineStateManager.java:finalizePipeline(123)) - Pipeline Pipeline[ Id: ecc1d381-f5f0-420f-99c9-3608aa01cbea, Nodes: ad22b398-6137-4426-bbd7-ba2dd03ed0e3{ip: 192.168.157.202, host: pr-hdds-1942-2xrcm-801159095, networkLocation: /default-rack, certSerialId: null}, Type:RATIS, Factor:ONE, State:CLOSED] moved to CLOSED state
2019-08-28 15:37:13,471 [EventQueue-StaleNodeForStaleNodeHandler] INFO  pipeline.SCMPipelineManager (SCMPipelineManager.java:finalizeAndDestroyPipeline(309)) - destroying pipeline:Pipeline[ Id: c753a03f-b84d-4b6e-a65c-3831347f2b07, Nodes: 2e3ab009-6d3b-4f9c-9baf-460c800051cc{ip: 192.168.157.202, host: pr-hdds-1942-2xrcm-801159095, networkLocation: /default-rack, certSerialId: null}8ac6e4a2-e0c1-4238-9a47-28cd0ac1a81a{ip: 192.168.157.202, host: pr-hdds-1942-2xrcm-801159095, networkLocation: /default-rack, certSerialId: null}ad22b398-6137-4426-bbd7-ba2dd03ed0e3{ip: 192.168.157.202, host: pr-hdds-1942-2xrcm-801159095, networkLocation: /default-rack, certSerialId: null}, Type:RATIS, Factor:THREE, State:CLOSED]
2019-08-28 15:37:13,698 [ForkJoinPool.commonPool-worker-0] INFO  ozoneimpl.OzoneContainer (OzoneContainer.java:stop(199)) - Attempting to stop container services.
2019-08-28 15:37:13,699 [ForkJoinPool.commonPool-worker-0] INFO  impl.RaftServerProxy (RaftServerProxy.java:lambda$close$4(314)) - bf0ddda3-9c1a-46b4-880b-b69c4520600a: close
2019-08-28 15:37:13,699 [ForkJoinPool.commonPool-worker-0] INFO  impl.RaftServerImpl (RaftServerImpl.java:lambda$shutdown$3(245)) - bf0ddda3-9c1a-46b4-880b-b69c4520600a: shutdown group-2783DE4682E8
2019-08-28 15:37:13,699 [ForkJoinPool.commonPool-worker-0] INFO  util.JmxRegister (JmxRegister.java:unregister(73)) - Successfully un-registered JMX Bean with object name Ratis:service=RaftServer,group=group-2783DE4682E8,id=bf0ddda3-9c1a-46b4-880b-b69c4520600a
2019-08-28 15:37:13,699 [main] INFO  ozoneimpl.OzoneContainer (OzoneContainer.java:stop(199)) - Attempting to stop container services.
2019-08-28 15:37:13,699 [ForkJoinPool.commonPool-worker-0] INFO  impl.RoleInfo (RoleInfo.java:shutdownLeaderState(104)) - bf0ddda3-9c1a-46b4-880b-b69c4520600a: shutdown LeaderState
2019-08-28 15:37:13,700 [main] INFO  impl.RaftServerProxy (RaftServerProxy.java:lambda$close$4(314)) - ad22b398-6137-4426-bbd7-ba2dd03ed0e3: close
2019-08-28 15:37:13,700 [ForkJoinPool.commonPool-worker-0] INFO  impl.PendingRequests (PendingRequests.java:sendNotLeaderResponses(202)) - bf0ddda3-9c1a-46b4-880b-b69c4520600a-PendingRequests: sendNotLeaderResponses
2019-08-28 15:37:13,701 [main] INFO  impl.RaftServerImpl (RaftServerImpl.java:lambda$shutdown$3(245)) - ad22b398-6137-4426-bbd7-ba2dd03ed0e3: shutdown group-3608AA01CBEA
2019-08-28 15:37:13,701 [ForkJoinPool.commonPool-worker-0] INFO  impl.StateMachineUpdater (StateMachineUpdater.java:stopAndJoin(115)) - StateMachineUpdater:bf0ddda3-9c1a-46b4-880b-b69c4520600a:group-2783DE4682E8: set stopIndex = 0
2019-08-28 15:37:13,701 [main] INFO  util.JmxRegister (JmxRegister.java:unregister(73)) - Successfully un-registered JMX Bean with object name Ratis:service=RaftServer,group=group-3608AA01CBEA,id=ad22b398-6137-4426-bbd7-ba2dd03ed0e3
2019-08-28 15:37:13,702 [ForkJoinPool.commonPool-worker-0] INFO  impl.RaftServerImpl (ServerState.java:close(394)) - bf0ddda3-9c1a-46b4-880b-b69c4520600a:group-2783DE4682E8 closes. The last applied log index is 0
2019-08-28 15:37:13,702 [main] INFO  impl.RoleInfo (RoleInfo.java:shutdownLeaderState(104)) - ad22b398-6137-4426-bbd7-ba2dd03ed0e3: shutdown LeaderState
2019-08-28 15:37:13,703 [bf0ddda3-9c1a-46b4-880b-b69c4520600a-SegmentedRaftLogWorker:Storage Directory /workdir/hadoop-ozone/integration-test/target/test-dir/MiniOzoneClusterImpl-c88bbe07-05a9-423a-b0e1-c9ede35d500a/datanode-6/data/ratis/6c8dabe0-ae83-4da7-8528-2783de4682e8] INFO  segmented.SegmentedRaftLogWorker (SegmentedRaftLogWorker.java:run(313)) - bf0ddda3-9c1a-46b4-880b-b69c4520600a-SegmentedRaftLogWorker:Storage Directory /workdir/hadoop-ozone/integration-test/target/test-dir/MiniOzoneClusterImpl-c88bbe07-05a9-423a-b0e1-c9ede35d500a/datanode-6/data/ratis/6c8dabe0-ae83-4da7-8528-2783de4682e8 was interrupted, exiting. There are 0 tasks remaining in the queue.
2019-08-28 15:37:13,703 [main] INFO  impl.PendingRequests (PendingRequests.java:sendNotLeaderResponses(202)) - ad22b398-6137-4426-bbd7-ba2dd03ed0e3-PendingRequests: sendNotLeaderResponses
2019-08-28 15:37:13,703 [ForkJoinPool.commonPool-worker-0] INFO  segmented.SegmentedRaftLogWorker (SegmentedRaftLogWorker.java:close(228)) - bf0ddda3-9c1a-46b4-880b-b69c4520600a-SegmentedRaftLogWorker:Storage Directory /workdir/hadoop-ozone/integration-test/target/test-dir/MiniOzoneClusterImpl-c88bbe07-05a9-423a-b0e1-c9ede35d500a/datanode-6/data/ratis/6c8dabe0-ae83-4da7-8528-2783de4682e8 close()
2019-08-28 15:37:13,703 [main] INFO  impl.StateMachineUpdater (StateMachineUpdater.java:stopAndJoin(115)) - StateMachineUpdater:ad22b398-6137-4426-bbd7-ba2dd03ed0e3:group-3608AA01CBEA: set stopIndex = 0
2019-08-28 15:37:13,706 [ForkJoinPool.commonPool-worker-0] INFO  server.GrpcService (GrpcService.java:closeImpl(155)) - bf0ddda3-9c1a-46b4-880b-b69c4520600a: shutdown server with port 34903 now
2019-08-28 15:37:13,706 [main] INFO  impl.RaftServerImpl (ServerState.java:close(394)) - ad22b398-6137-4426-bbd7-ba2dd03ed0e3:group-3608AA01CBEA closes. The last applied log index is 0
2019-08-28 15:37:13,712 [ForkJoinPool.commonPool-worker-0] INFO  server.GrpcService (GrpcService.java:closeImpl(163)) - bf0ddda3-9c1a-46b4-880b-b69c4520600a: shutdown server with port 34903 successfully
2019-08-28 15:37:13,712 [ad22b398-6137-4426-bbd7-ba2dd03ed0e3-SegmentedRaftLogWorker:Storage Directory /workdir/hadoop-ozone/integration-test/target/test-dir/MiniOzoneClusterImpl-c88bbe07-05a9-423a-b0e1-c9ede35d500a/datanode-5/data/ratis/ecc1d381-f5f0-420f-99c9-3608aa01cbea] INFO  segmented.SegmentedRaftLogWorker (SegmentedRaftLogWorker.java:run(313)) - ad22b398-6137-4426-bbd7-ba2dd03ed0e3-SegmentedRaftLogWorker:Storage Directory /workdir/hadoop-ozone/integration-test/target/test-dir/MiniOzoneClusterImpl-c88bbe07-05a9-423a-b0e1-c9ede35d500a/datanode-5/data/ratis/ecc1d381-f5f0-420f-99c9-3608aa01cbea was interrupted, exiting. There are 0 tasks remaining in the queue.
2019-08-28 15:37:13,713 [main] INFO  segmented.SegmentedRaftLogWorker (SegmentedRaftLogWorker.java:close(228)) - ad22b398-6137-4426-bbd7-ba2dd03ed0e3-SegmentedRaftLogWorker:Storage Directory /workdir/hadoop-ozone/integration-test/target/test-dir/MiniOzoneClusterImpl-c88bbe07-05a9-423a-b0e1-c9ede35d500a/datanode-5/data/ratis/ecc1d381-f5f0-420f-99c9-3608aa01cbea close()
2019-08-28 15:37:13,715 [main] INFO  impl.RaftServerImpl (RaftServerImpl.java:lambda$shutdown$3(245)) - ad22b398-6137-4426-bbd7-ba2dd03ed0e3: shutdown group-3831347F2B07
2019-08-28 15:37:13,715 [main] INFO  util.JmxRegister (JmxRegister.java:unregister(73)) - Successfully un-registered JMX Bean with object name Ratis:service=RaftServer,group=group-3831347F2B07,id=ad22b398-6137-4426-bbd7-ba2dd03ed0e3
2019-08-28 15:37:13,716 [main] INFO  impl.RoleInfo (RoleInfo.java:shutdownLeaderState(104)) - ad22b398-6137-4426-bbd7-ba2dd03ed0e3: shutdown LeaderState
2019-08-28 15:37:13,719 [main] INFO  impl.PendingRequests (PendingRequests.java:sendNotLeaderResponses(202)) - ad22b398-6137-4426-bbd7-ba2dd03ed0e3-PendingRequests: sendNotLeaderResponses
2019-08-28 15:37:13,719 [org.apache.ratis.server.impl.LogAppender$AppenderDaemon$$Lambda$522/598906950@7d9745bd] WARN  server.GrpcLogAppender (GrpcLogAppender.java:mayWait(143)) - GrpcLogAppender(ad22b398-6137-4426-bbd7-ba2dd03ed0e3->2e3ab009-6d3b-4f9c-9baf-460c800051cc): Wait interrupted by java.lang.InterruptedException
2019-08-28 15:37:13,719 [org.apache.ratis.server.impl.LogAppender$AppenderDaemon$$Lambda$522/598906950@3895dccb] WARN  server.GrpcLogAppender (GrpcLogAppender.java:mayWait(143)) - GrpcLogAppender(ad22b398-6137-4426-bbd7-ba2dd03ed0e3->8ac6e4a2-e0c1-4238-9a47-28cd0ac1a81a): Wait interrupted by java.lang.InterruptedException
2019-08-28 15:37:13,722 [ForkJoinPool.commonPool-worker-0] INFO  utils.BackgroundService (BackgroundService.java:shutdown(148)) - Shutting down service BlockDeletingService
2019-08-28 15:37:13,723 [main] INFO  impl.StateMachineUpdater (StateMachineUpdater.java:stopAndJoin(115)) - StateMachineUpdater:ad22b398-6137-4426-bbd7-ba2dd03ed0e3:group-3831347F2B07: set stopIndex = 18
2019-08-28 15:37:13,723 [StateMachineUpdater:ad22b398-6137-4426-bbd7-ba2dd03ed0e3:group-3831347F2B07] INFO  ratis.ContainerStateMachine (ContainerStateMachine.java:takeSnapshot(283)) - group-3831347F2B07: Taking a snapshot at:(t:1, i:18) file /workdir/hadoop-ozone/integration-test/target/test-dir/MiniOzoneClusterImpl-c88bbe07-05a9-423a-b0e1-c9ede35d500a/datanode-5/data/ratis/c753a03f-b84d-4b6e-a65c-3831347f2b07/sm/snapshot.1_18
2019-08-28 15:37:13,724 [refreshUsed-/workdir/hadoop-ozone/integration-test/target/test-dir/MiniOzoneClusterImpl-c88bbe07-05a9-423a-b0e1-c9ede35d500a/datanode-6/data/containers] WARN  fs.CachingGetSpaceUsed (CachingGetSpaceUsed.java:run(183)) - Thread Interrupted waiting to refresh disk information: sleep interrupted
2019-08-28 15:37:13,737 [StateMachineUpdater:ad22b398-6137-4426-bbd7-ba2dd03ed0e3:group-3831347F2B07] INFO  ratis.ContainerStateMachine (ContainerStateMachine.java:takeSnapshot(294)) - group-3831347F2B07: Finished taking a snapshot at:(t:1, i:18) file:/workdir/hadoop-ozone/integration-test/target/test-dir/MiniOzoneClusterImpl-c88bbe07-05a9-423a-b0e1-c9ede35d500a/datanode-5/data/ratis/c753a03f-b84d-4b6e-a65c-3831347f2b07/sm/snapshot.1_18 time:14
2019-08-28 15:37:13,737 [StateMachineUpdater:ad22b398-6137-4426-bbd7-ba2dd03ed0e3:group-3831347F2B07] INFO  impl.StateMachineUpdater (StateMachineUpdater.java:takeSnapshot(242)) - StateMachineUpdater:ad22b398-6137-4426-bbd7-ba2dd03ed0e3:group-3831347F2B07: Took a snapshot at index 18
2019-08-28 15:37:13,737 [StateMachineUpdater:ad22b398-6137-4426-bbd7-ba2dd03ed0e3:group-3831347F2B07] INFO  impl.StateMachineUpdater (StateMachineUpdater.java:lambda$new$0(80)) - StateMachineUpdater:ad22b398-6137-4426-bbd7-ba2dd03ed0e3:group-3831347F2B07: snapshotIndex: updateIncreasingly -1 -> 18
2019-08-28 15:37:13,737 [main] INFO  impl.RaftServerImpl (ServerState.java:close(394)) - ad22b398-6137-4426-bbd7-ba2dd03ed0e3:group-3831347F2B07 closes. The last applied log index is 18
2019-08-28 15:37:13,738 [ad22b398-6137-4426-bbd7-ba2dd03ed0e3-SegmentedRaftLogWorker:Storage Directory /workdir/hadoop-ozone/integration-test/target/test-dir/MiniOzoneClusterImpl-c88bbe07-05a9-423a-b0e1-c9ede35d500a/datanode-5/data/ratis/c753a03f-b84d-4b6e-a65c-3831347f2b07] INFO  segmented.SegmentedRaftLogWorker (SegmentedRaftLogWorker.java:run(313)) - ad22b398-6137-4426-bbd7-ba2dd03ed0e3-SegmentedRaftLogWorker:Storage Directory /workdir/hadoop-ozone/integration-test/target/test-dir/MiniOzoneClusterImpl-c88bbe07-05a9-423a-b0e1-c9ede35d500a/datanode-5/data/ratis/c753a03f-b84d-4b6e-a65c-3831347f2b07 was interrupted, exiting. There are 0 tasks remaining in the queue.
2019-08-28 15:37:13,738 [main] INFO  segmented.SegmentedRaftLogWorker (SegmentedRaftLogWorker.java:close(228)) - ad22b398-6137-4426-bbd7-ba2dd03ed0e3-SegmentedRaftLogWorker:Storage Directory /workdir/hadoop-ozone/integration-test/target/test-dir/MiniOzoneClusterImpl-c88bbe07-05a9-423a-b0e1-c9ede35d500a/datanode-5/data/ratis/c753a03f-b84d-4b6e-a65c-3831347f2b07 close()
2019-08-28 15:37:13,740 [main] INFO  server.GrpcService (GrpcService.java:closeImpl(155)) - ad22b398-6137-4426-bbd7-ba2dd03ed0e3: shutdown server with port 33086 now
2019-08-28 15:37:13,741 [grpc-default-executor-9] WARN  client.GrpcClientProtocolService (LogUtils.java:warn(134)) - 1-UnorderedRequestStreamObserver1: onError: org.apache.ratis.thirdparty.io.grpc.StatusRuntimeException: CANCELLED: cancelled before receiving half close
2019-08-28 15:37:13,741 [main] INFO  server.GrpcService (GrpcService.java:closeImpl(163)) - ad22b398-6137-4426-bbd7-ba2dd03ed0e3: shutdown server with port 33086 successfully
2019-08-28 15:37:13,745 [ForkJoinPool.commonPool-worker-0] INFO  statemachine.DatanodeStateMachine (DatanodeStateMachine.java:stopDaemon(395)) - Ozone container server stopped.
2019-08-28 15:37:13,745 [main] INFO  utils.BackgroundService (BackgroundService.java:shutdown(148)) - Shutting down service BlockDeletingService
2019-08-28 15:37:13,751 [ForkJoinPool.commonPool-worker-0] INFO  handler.ContextHandler (ContextHandler.java:doStop(910)) - Stopped o.e.j.w.WebAppContext@109db924{/,null,UNAVAILABLE}{/hddsDatanode}
2019-08-28 15:37:13,751 [refreshUsed-/workdir/hadoop-ozone/integration-test/target/test-dir/MiniOzoneClusterImpl-c88bbe07-05a9-423a-b0e1-c9ede35d500a/datanode-5/data/containers] WARN  fs.CachingGetSpaceUsed (CachingGetSpaceUsed.java:run(183)) - Thread Interrupted waiting to refresh disk information: sleep interrupted
2019-08-28 15:37:13,753 [ForkJoinPool.commonPool-worker-0] INFO  server.AbstractConnector (AbstractConnector.java:doStop(318)) - Stopped ServerConnector@1ec8afc4{HTTP/1.1,[http/1.1]}{0.0.0.0:0}
2019-08-28 15:37:13,756 [ForkJoinPool.commonPool-worker-0] INFO  handler.ContextHandler (ContextHandler.java:doStop(910)) - Stopped o.e.j.s.ServletContextHandler@1895f7fe{/static,jar:file:/home/user/.m2/repository/org/apache/hadoop/hadoop-hdds-container-service/0.5.0-SNAPSHOT/hadoop-hdds-container-service-0.5.0-SNAPSHOT.jar!/webapps/static,UNAVAILABLE}
2019-08-28 15:37:13,757 [ForkJoinPool.commonPool-worker-0] INFO  handler.ContextHandler (ContextHandler.java:doStop(910)) - Stopped o.e.j.s.ServletContextHandler@5ded2dfc{/logs,file:///workdir/hadoop-ozone/integration-test/target/log,UNAVAILABLE}
2019-08-28 15:37:13,773 [main] INFO  statemachine.DatanodeStateMachine (DatanodeStateMachine.java:stopDaemon(395)) - Ozone container server stopped.
2019-08-28 15:37:13,774 [main] INFO  handler.ContextHandler (ContextHandler.java:doStop(910)) - Stopped o.e.j.w.WebAppContext@2048255a{/,null,UNAVAILABLE}{/hddsDatanode}
2019-08-28 15:37:13,775 [main] INFO  server.AbstractConnector (AbstractConnector.java:doStop(318)) - Stopped ServerConnector@7e00a43e{HTTP/1.1,[http/1.1]}{0.0.0.0:0}
2019-08-28 15:37:13,775 [main] INFO  handler.ContextHandler (ContextHandler.java:doStop(910)) - Stopped o.e.j.s.ServletContextHandler@1c1ee02b{/static,jar:file:/home/user/.m2/repository/org/apache/hadoop/hadoop-hdds-container-service/0.5.0-SNAPSHOT/hadoop-hdds-container-service-0.5.0-SNAPSHOT.jar!/webapps/static,UNAVAILABLE}
2019-08-28 15:37:13,776 [main] INFO  handler.ContextHandler (ContextHandler.java:doStop(910)) - Stopped o.e.j.s.ServletContextHandler@2d094add{/logs,file:///workdir/hadoop-ozone/integration-test/target/log,UNAVAILABLE}
2019-08-28 15:37:13,777 [main] INFO  ozone.MiniOzoneClusterImpl (MiniOzoneClusterImpl.java:stop(353)) - Stopping the StorageContainerManager
2019-08-28 15:37:13,777 [main] INFO  server.StorageContainerManager (StorageContainerManager.java:stop(797)) - Stopping Replication Manager Service.
2019-08-28 15:37:13,777 [main] INFO  container.ReplicationManager (ReplicationManager.java:stop(193)) - Stopping Replication Monitor Thread.
2019-08-28 15:37:13,777 [main] INFO  server.StorageContainerManager (StorageContainerManager.java:stop(804)) - Stopping Lease Manager of the command watchers
2019-08-28 15:37:13,777 [main] INFO  server.StorageContainerManager (StorageContainerManager.java:stop(811)) - Stopping datanode service RPC server
2019-08-28 15:37:13,778 [main] INFO  server.SCMDatanodeProtocolServer (SCMDatanodeProtocolServer.java:stop(367)) - Stopping the RPC server for DataNodes
2019-08-28 15:37:13,778 [main] INFO  ipc.Server (Server.java:stop(3082)) - Stopping server on 43555
2019-08-28 15:37:13,780 [IPC Server listener on 43555] INFO  ipc.Server (Server.java:run(1185)) - Stopping IPC Server listener on 43555
2019-08-28 15:37:13,780 [IPC Server Responder] INFO  ipc.Server (Server.java:run(1319)) - Stopping IPC Server Responder
2019-08-28 15:37:13,872 [SCM Heartbeat Processing Thread - 0] WARN  node.NodeStateManager (NodeStateManager.java:scheduleNextHealthCheck(646)) - Current Thread is interrupted, shutting down HB processing thread for Node Manager.
2019-08-28 15:37:13,872 [main] INFO  server.StorageContainerManager (StorageContainerManager.java:stop(819)) - Stopping block service RPC server
2019-08-28 15:37:13,872 [main] INFO  server.SCMBlockProtocolServer (SCMBlockProtocolServer.java:stop(148)) - Stopping the RPC server for Block Protocol
2019-08-28 15:37:13,873 [main] INFO  ipc.Server (Server.java:stop(3082)) - Stopping server on 40591
2019-08-28 15:37:13,875 [IPC Server listener on 40591] INFO  ipc.Server (Server.java:run(1185)) - Stopping IPC Server listener on 40591
2019-08-28 15:37:13,875 [main] INFO  server.StorageContainerManager (StorageContainerManager.java:stop(826)) - Stopping the StorageContainerLocationProtocol RPC server
2019-08-28 15:37:13,876 [IPC Server Responder] INFO  ipc.Server (Server.java:run(1319)) - Stopping IPC Server Responder
2019-08-28 15:37:13,876 [main] INFO  server.SCMClientProtocolServer (SCMClientProtocolServer.java:stop(159)) - Stopping the RPC server for Client Protocol
2019-08-28 15:37:13,877 [main] INFO  ipc.Server (Server.java:stop(3082)) - Stopping server on 43485
2019-08-28 15:37:13,879 [main] INFO  server.StorageContainerManager (StorageContainerManager.java:stop(833)) - Stopping Storage Container Manager HTTP server.
2019-08-28 15:37:13,879 [IPC Server Responder] INFO  ipc.Server (Server.java:run(1319)) - Stopping IPC Server Responder
2019-08-28 15:37:13,879 [IPC Server listener on 43485] INFO  ipc.Server (Server.java:run(1185)) - Stopping IPC Server listener on 43485
2019-08-28 15:37:13,881 [main] INFO  handler.ContextHandler (ContextHandler.java:doStop(910)) - Stopped o.e.j.w.WebAppContext@6e5106fc{/,null,UNAVAILABLE}{/scm}
2019-08-28 15:37:13,882 [main] INFO  server.AbstractConnector (AbstractConnector.java:doStop(318)) - Stopped ServerConnector@70199db0{HTTP/1.1,[http/1.1]}{0.0.0.0:0}
2019-08-28 15:37:13,882 [main] INFO  handler.ContextHandler (ContextHandler.java:doStop(910)) - Stopped o.e.j.s.ServletContextHandler@2bb03136{/static,file:///workdir/hadoop-ozone/integration-test/target/test-classes/webapps/static,UNAVAILABLE}
2019-08-28 15:37:13,883 [main] INFO  handler.ContextHandler (ContextHandler.java:doStop(910)) - Stopped o.e.j.s.ServletContextHandler@53f18591{/logs,file:///workdir/hadoop-ozone/integration-test/target/log,UNAVAILABLE}
2019-08-28 15:37:13,884 [main] INFO  server.StorageContainerManager (StorageContainerManager.java:stop(844)) - Stopping Block Manager Service.
2019-08-28 15:37:13,884 [main] INFO  utils.BackgroundService (BackgroundService.java:shutdown(148)) - Shutting down service SCMBlockDeletingService
2019-08-28 15:37:13,884 [main] INFO  utils.BackgroundService (BackgroundService.java:shutdown(148)) - Shutting down service SCMBlockDeletingService
2019-08-28 15:37:13,885 [main] INFO  server.StorageContainerManager (StorageContainerManager.java:stop(866)) - Stopping SCM Event Queue.
2019-08-28 15:37:13,889 [main] INFO  impl.MetricsSystemImpl (MetricsSystemImpl.java:stop(210)) - Stopping HddsDatanode metrics system...
2019-08-28 15:37:13,903 [main] INFO  impl.MetricsSystemImpl (MetricsSystemImpl.java:stop(216)) - HddsDatanode metrics system stopped.
]]></system-out>
    <system-err><![CDATA[Aug 28, 2019 3:36:31 PM com.sun.jersey.server.impl.application.WebApplicationImpl _initiate
INFO: Initiating Jersey application, version 'Jersey: 1.19 02/11/2015 03:25 AM'
Aug 28, 2019 3:36:31 PM com.sun.jersey.server.impl.application.WebApplicationImpl _initiate
INFO: Initiating Jersey application, version 'Jersey: 1.19 02/11/2015 03:25 AM'
Aug 28, 2019 3:36:31 PM com.sun.jersey.server.impl.application.WebApplicationImpl _initiate
INFO: Initiating Jersey application, version 'Jersey: 1.19 02/11/2015 03:25 AM'
Aug 28, 2019 3:36:32 PM com.sun.jersey.server.impl.application.WebApplicationImpl _initiate
INFO: Initiating Jersey application, version 'Jersey: 1.19 02/11/2015 03:25 AM'
Aug 28, 2019 3:36:32 PM com.sun.jersey.server.impl.application.WebApplicationImpl _initiate
INFO: Initiating Jersey application, version 'Jersey: 1.19 02/11/2015 03:25 AM'
Aug 28, 2019 3:36:32 PM com.sun.jersey.server.impl.application.WebApplicationImpl _initiate
INFO: Initiating Jersey application, version 'Jersey: 1.19 02/11/2015 03:25 AM'
Aug 28, 2019 3:36:32 PM com.sun.jersey.server.impl.application.WebApplicationImpl _initiate
INFO: Initiating Jersey application, version 'Jersey: 1.19 02/11/2015 03:25 AM'
Aug 28, 2019 3:36:35 PM org.apache.ratis.thirdparty.io.grpc.internal.ManagedChannelOrphanWrapper$ManagedChannelReference cleanQueue
SEVERE: *~*~*~ Channel ManagedChannelImpl{logId=3013, target=192.168.157.202:35311} was not shutdown properly!!! ~*~*~*
    Make sure to call shutdown()/shutdownNow() and wait until awaitTermination() returns true.
java.lang.RuntimeException: ManagedChannel allocation site
	at org.apache.ratis.thirdparty.io.grpc.internal.ManagedChannelOrphanWrapper$ManagedChannelReference.<init>(ManagedChannelOrphanWrapper.java:103)
	at org.apache.ratis.thirdparty.io.grpc.internal.ManagedChannelOrphanWrapper.<init>(ManagedChannelOrphanWrapper.java:53)
	at org.apache.ratis.thirdparty.io.grpc.internal.ManagedChannelOrphanWrapper.<init>(ManagedChannelOrphanWrapper.java:44)
	at org.apache.ratis.thirdparty.io.grpc.internal.AbstractManagedChannelImplBuilder.build(AbstractManagedChannelImplBuilder.java:411)
	at org.apache.ratis.grpc.client.GrpcClientProtocolClient.<init>(GrpcClientProtocolClient.java:119)
	at org.apache.ratis.grpc.client.GrpcClientRpc.lambda$new$0(GrpcClientRpc.java:55)
	at org.apache.ratis.util.PeerProxyMap$PeerAndProxy.lambda$getProxy$0(PeerProxyMap.java:61)
	at org.apache.ratis.util.LifeCycle.startAndTransition(LifeCycle.java:202)
	at org.apache.ratis.util.PeerProxyMap$PeerAndProxy.getProxy(PeerProxyMap.java:60)
	at org.apache.ratis.util.PeerProxyMap.getProxy(PeerProxyMap.java:107)
	at org.apache.ratis.grpc.client.GrpcClientRpc.sendRequestAsync(GrpcClientRpc.java:66)
	at org.apache.ratis.client.impl.OrderedAsync.sendRequest(OrderedAsync.java:208)
	at org.apache.ratis.client.impl.OrderedAsync.sendRequestWithRetry(OrderedAsync.java:169)
	at org.apache.ratis.util.SlidingWindow$Client.sendOrDelayRequest(SlidingWindow.java:278)
	at org.apache.ratis.util.SlidingWindow$Client.retry(SlidingWindow.java:294)
	at org.apache.ratis.client.impl.OrderedAsync.lambda$scheduleWithTimeout$7(OrderedAsync.java:195)
	at org.apache.ratis.util.TimeoutScheduler.lambda$onTimeout$0(TimeoutScheduler.java:85)
	at org.apache.ratis.util.TimeoutScheduler.lambda$onTimeout$1(TimeoutScheduler.java:104)
	at org.apache.ratis.util.LogUtils.runAndLog(LogUtils.java:50)
	at org.apache.ratis.util.LogUtils$1.run(LogUtils.java:91)
	at java.util.concurrent.Executors$RunnableAdapter.call(Executors.java:511)
	at java.util.concurrent.FutureTask.run(FutureTask.java:266)
	at java.util.concurrent.ScheduledThreadPoolExecutor$ScheduledFutureTask.access$201(ScheduledThreadPoolExecutor.java:180)
	at java.util.concurrent.ScheduledThreadPoolExecutor$ScheduledFutureTask.run(ScheduledThreadPoolExecutor.java:293)
	at java.util.concurrent.ThreadPoolExecutor.runWorker(ThreadPoolExecutor.java:1149)
	at java.util.concurrent.ThreadPoolExecutor$Worker.run(ThreadPoolExecutor.java:624)
	at java.lang.Thread.run(Thread.java:748)

Aug 28, 2019 3:36:35 PM org.apache.ratis.thirdparty.io.grpc.internal.ManagedChannelOrphanWrapper$ManagedChannelReference cleanQueue
SEVERE: *~*~*~ Channel ManagedChannelImpl{logId=3023, target=192.168.157.202:35640} was not shutdown properly!!! ~*~*~*
    Make sure to call shutdown()/shutdownNow() and wait until awaitTermination() returns true.
java.lang.RuntimeException: ManagedChannel allocation site
	at org.apache.ratis.thirdparty.io.grpc.internal.ManagedChannelOrphanWrapper$ManagedChannelReference.<init>(ManagedChannelOrphanWrapper.java:103)
	at org.apache.ratis.thirdparty.io.grpc.internal.ManagedChannelOrphanWrapper.<init>(ManagedChannelOrphanWrapper.java:53)
	at org.apache.ratis.thirdparty.io.grpc.internal.ManagedChannelOrphanWrapper.<init>(ManagedChannelOrphanWrapper.java:44)
	at org.apache.ratis.thirdparty.io.grpc.internal.AbstractManagedChannelImplBuilder.build(AbstractManagedChannelImplBuilder.java:411)
	at org.apache.hadoop.hdds.scm.XceiverClientGrpc.connectToDatanode(XceiverClientGrpc.java:174)
	at org.apache.hadoop.hdds.scm.XceiverClientGrpc.reconnect(XceiverClientGrpc.java:422)
	at org.apache.hadoop.hdds.scm.XceiverClientGrpc.sendCommandAsync(XceiverClientGrpc.java:371)
	at org.apache.hadoop.hdds.scm.XceiverClientGrpc.sendCommandWithRetry(XceiverClientGrpc.java:284)
	at org.apache.hadoop.hdds.scm.XceiverClientGrpc.sendCommandWithTraceIDAndRetry(XceiverClientGrpc.java:250)
	at org.apache.hadoop.hdds.scm.XceiverClientGrpc.sendCommand(XceiverClientGrpc.java:233)
	at org.apache.hadoop.hdds.scm.storage.ContainerProtocolCalls.getBlock(ContainerProtocolCalls.java:118)
	at org.apache.hadoop.hdds.scm.storage.BlockInputStream.getChunkInfos(BlockInputStream.java:167)
	at org.apache.hadoop.hdds.scm.storage.BlockInputStream.initialize(BlockInputStream.java:118)
	at org.apache.hadoop.hdds.scm.storage.BlockInputStream.read(BlockInputStream.java:222)
	at org.apache.hadoop.ozone.client.io.KeyInputStream.read(KeyInputStream.java:171)
	at org.apache.hadoop.ozone.client.io.OzoneInputStream.read(OzoneInputStream.java:47)
	at java.io.InputStream.read(InputStream.java:101)
	at org.apache.hadoop.ozone.container.ContainerTestHelper.validateData(ContainerTestHelper.java:713)
	at org.apache.hadoop.ozone.client.rpc.TestBlockOutputStreamWithFailures.validateData(TestBlockOutputStreamWithFailures.java:1216)
	at org.apache.hadoop.ozone.client.rpc.TestBlockOutputStreamWithFailures.testWatchForCommitWithSingleNodeRatis(TestBlockOutputStreamWithFailures.java:918)
	at sun.reflect.NativeMethodAccessorImpl.invoke0(Native Method)
	at sun.reflect.NativeMethodAccessorImpl.invoke(NativeMethodAccessorImpl.java:62)
	at sun.reflect.DelegatingMethodAccessorImpl.invoke(DelegatingMethodAccessorImpl.java:43)
	at java.lang.reflect.Method.invoke(Method.java:498)
	at org.junit.runners.model.FrameworkMethod$1.runReflectiveCall(FrameworkMethod.java:47)
	at org.junit.internal.runners.model.ReflectiveCallable.run(ReflectiveCallable.java:12)
	at org.junit.runners.model.FrameworkMethod.invokeExplosively(FrameworkMethod.java:44)
	at org.junit.internal.runners.statements.InvokeMethod.evaluate(InvokeMethod.java:17)
	at org.junit.internal.runners.statements.RunBefores.evaluate(RunBefores.java:26)
	at org.junit.internal.runners.statements.RunAfters.evaluate(RunAfters.java:27)
	at org.junit.runners.ParentRunner.runLeaf(ParentRunner.java:271)
	at org.junit.runners.BlockJUnit4ClassRunner.runChild(BlockJUnit4ClassRunner.java:70)
	at org.junit.runners.BlockJUnit4ClassRunner.runChild(BlockJUnit4ClassRunner.java:50)
	at org.junit.runners.ParentRunner$3.run(ParentRunner.java:238)
	at org.junit.runners.ParentRunner$1.schedule(ParentRunner.java:63)
	at org.junit.runners.ParentRunner.runChildren(ParentRunner.java:236)
	at org.junit.runners.ParentRunner.access$000(ParentRunner.java:53)
	at org.junit.runners.ParentRunner$2.evaluate(ParentRunner.java:229)
	at org.junit.runners.ParentRunner.run(ParentRunner.java:309)
	at org.apache.maven.surefire.junit4.JUnit4Provider.execute(JUnit4Provider.java:365)
	at org.apache.maven.surefire.junit4.JUnit4Provider.executeWithRerun(JUnit4Provider.java:273)
	at org.apache.maven.surefire.junit4.JUnit4Provider.executeTestSet(JUnit4Provider.java:238)
	at org.apache.maven.surefire.junit4.JUnit4Provider.invoke(JUnit4Provider.java:159)
	at org.apache.maven.surefire.booter.ForkedBooter.invokeProviderInSameClassLoader(ForkedBooter.java:384)
	at org.apache.maven.surefire.booter.ForkedBooter.runSuitesInProcess(ForkedBooter.java:345)
	at org.apache.maven.surefire.booter.ForkedBooter.execute(ForkedBooter.java:126)
	at org.apache.maven.surefire.booter.ForkedBooter.main(ForkedBooter.java:418)

Aug 28, 2019 3:36:35 PM org.apache.ratis.thirdparty.io.grpc.internal.ManagedChannelOrphanWrapper$ManagedChannelReference cleanQueue
SEVERE: *~*~*~ Channel ManagedChannelImpl{logId=3018, target=192.168.157.202:43882} was not shutdown properly!!! ~*~*~*
    Make sure to call shutdown()/shutdownNow() and wait until awaitTermination() returns true.
java.lang.RuntimeException: ManagedChannel allocation site
	at org.apache.ratis.thirdparty.io.grpc.internal.ManagedChannelOrphanWrapper$ManagedChannelReference.<init>(ManagedChannelOrphanWrapper.java:103)
	at org.apache.ratis.thirdparty.io.grpc.internal.ManagedChannelOrphanWrapper.<init>(ManagedChannelOrphanWrapper.java:53)
	at org.apache.ratis.thirdparty.io.grpc.internal.ManagedChannelOrphanWrapper.<init>(ManagedChannelOrphanWrapper.java:44)
	at org.apache.ratis.thirdparty.io.grpc.internal.AbstractManagedChannelImplBuilder.build(AbstractManagedChannelImplBuilder.java:411)
	at org.apache.ratis.grpc.client.GrpcClientProtocolClient.<init>(GrpcClientProtocolClient.java:119)
	at org.apache.ratis.grpc.client.GrpcClientRpc.lambda$new$0(GrpcClientRpc.java:55)
	at org.apache.ratis.util.PeerProxyMap$PeerAndProxy.lambda$getProxy$0(PeerProxyMap.java:61)
	at org.apache.ratis.util.LifeCycle.startAndTransition(LifeCycle.java:202)
	at org.apache.ratis.util.PeerProxyMap$PeerAndProxy.getProxy(PeerProxyMap.java:60)
	at org.apache.ratis.util.PeerProxyMap.getProxy(PeerProxyMap.java:107)
	at org.apache.ratis.grpc.client.GrpcClientRpc.sendRequestAsync(GrpcClientRpc.java:66)
	at org.apache.ratis.client.impl.OrderedAsync.sendRequest(OrderedAsync.java:208)
	at org.apache.ratis.client.impl.OrderedAsync.sendRequestWithRetry(OrderedAsync.java:169)
	at org.apache.ratis.util.SlidingWindow$Client.sendOrDelayRequest(SlidingWindow.java:278)
	at org.apache.ratis.util.SlidingWindow$Client.submitNewRequest(SlidingWindow.java:257)
	at org.apache.ratis.client.impl.OrderedAsync.send(OrderedAsync.java:155)
	at org.apache.ratis.client.impl.RaftClientImpl.sendAsync(RaftClientImpl.java:145)
	at org.apache.ratis.client.impl.RaftClientImpl.sendAsync(RaftClientImpl.java:125)
	at org.apache.hadoop.hdds.scm.XceiverClientRatis.sendRequestAsync(XceiverClientRatis.java:224)
	at org.apache.hadoop.hdds.scm.XceiverClientRatis.sendCommandAsync(XceiverClientRatis.java:302)
	at org.apache.hadoop.hdds.scm.storage.ContainerProtocolCalls.writeChunkAsync(ContainerProtocolCalls.java:310)
	at org.apache.hadoop.hdds.scm.storage.BlockOutputStream.writeChunkToContainer(BlockOutputStream.java:601)
	at org.apache.hadoop.hdds.scm.storage.BlockOutputStream.writeChunk(BlockOutputStream.java:459)
	at org.apache.hadoop.hdds.scm.storage.BlockOutputStream.writeOnRetry(BlockOutputStream.java:285)
	at org.apache.hadoop.ozone.client.io.BlockOutputStreamEntry.writeOnRetry(BlockOutputStreamEntry.java:200)
	at org.apache.hadoop.ozone.client.io.KeyOutputStream.handleWrite(KeyOutputStream.java:209)
	at org.apache.hadoop.ozone.client.io.KeyOutputStream.handleRetry(KeyOutputStream.java:376)
	at org.apache.hadoop.ozone.client.io.KeyOutputStream.handleException(KeyOutputStream.java:325)
	at org.apache.hadoop.ozone.client.io.KeyOutputStream.handleFlushOrClose(KeyOutputStream.java:448)
	at org.apache.hadoop.ozone.client.io.KeyOutputStream.handleWrite(KeyOutputStream.java:235)
	at org.apache.hadoop.ozone.client.io.KeyOutputStream.write(KeyOutputStream.java:193)
	at org.apache.hadoop.ozone.client.io.OzoneOutputStream.write(OzoneOutputStream.java:49)
	at java.io.OutputStream.write(OutputStream.java:75)
	at org.apache.hadoop.ozone.client.rpc.TestBlockOutputStreamWithFailures.testWatchForCommitWithSingleNodeRatis(TestBlockOutputStreamWithFailures.java:885)
	at sun.reflect.NativeMethodAccessorImpl.invoke0(Native Method)
	at sun.reflect.NativeMethodAccessorImpl.invoke(NativeMethodAccessorImpl.java:62)
	at sun.reflect.DelegatingMethodAccessorImpl.invoke(DelegatingMethodAccessorImpl.java:43)
	at java.lang.reflect.Method.invoke(Method.java:498)
	at org.junit.runners.model.FrameworkMethod$1.runReflectiveCall(FrameworkMethod.java:47)
	at org.junit.internal.runners.model.ReflectiveCallable.run(ReflectiveCallable.java:12)
	at org.junit.runners.model.FrameworkMethod.invokeExplosively(FrameworkMethod.java:44)
	at org.junit.internal.runners.statements.InvokeMethod.evaluate(InvokeMethod.java:17)
	at org.junit.internal.runners.statements.RunBefores.evaluate(RunBefores.java:26)
	at org.junit.internal.runners.statements.RunAfters.evaluate(RunAfters.java:27)
	at org.junit.runners.ParentRunner.runLeaf(ParentRunner.java:271)
	at org.junit.runners.BlockJUnit4ClassRunner.runChild(BlockJUnit4ClassRunner.java:70)
	at org.junit.runners.BlockJUnit4ClassRunner.runChild(BlockJUnit4ClassRunner.java:50)
	at org.junit.runners.ParentRunner$3.run(ParentRunner.java:238)
	at org.junit.runners.ParentRunner$1.schedule(ParentRunner.java:63)
	at org.junit.runners.ParentRunner.runChildren(ParentRunner.java:236)
	at org.junit.runners.ParentRunner.access$000(ParentRunner.java:53)
	at org.junit.runners.ParentRunner$2.evaluate(ParentRunner.java:229)
	at org.junit.runners.ParentRunner.run(ParentRunner.java:309)
	at org.apache.maven.surefire.junit4.JUnit4Provider.execute(JUnit4Provider.java:365)
	at org.apache.maven.surefire.junit4.JUnit4Provider.executeWithRerun(JUnit4Provider.java:273)
	at org.apache.maven.surefire.junit4.JUnit4Provider.executeTestSet(JUnit4Provider.java:238)
	at org.apache.maven.surefire.junit4.JUnit4Provider.invoke(JUnit4Provider.java:159)
	at org.apache.maven.surefire.booter.ForkedBooter.invokeProviderInSameClassLoader(ForkedBooter.java:384)
	at org.apache.maven.surefire.booter.ForkedBooter.runSuitesInProcess(ForkedBooter.java:345)
	at org.apache.maven.surefire.booter.ForkedBooter.execute(ForkedBooter.java:126)
	at org.apache.maven.surefire.booter.ForkedBooter.main(ForkedBooter.java:418)

Aug 28, 2019 3:36:35 PM org.apache.ratis.thirdparty.io.grpc.internal.ManagedChannelOrphanWrapper$ManagedChannelReference cleanQueue
SEVERE: *~*~*~ Channel ManagedChannelImpl{logId=3028, target=192.168.157.202:46819} was not shutdown properly!!! ~*~*~*
    Make sure to call shutdown()/shutdownNow() and wait until awaitTermination() returns true.
java.lang.RuntimeException: ManagedChannel allocation site
	at org.apache.ratis.thirdparty.io.grpc.internal.ManagedChannelOrphanWrapper$ManagedChannelReference.<init>(ManagedChannelOrphanWrapper.java:103)
	at org.apache.ratis.thirdparty.io.grpc.internal.ManagedChannelOrphanWrapper.<init>(ManagedChannelOrphanWrapper.java:53)
	at org.apache.ratis.thirdparty.io.grpc.internal.ManagedChannelOrphanWrapper.<init>(ManagedChannelOrphanWrapper.java:44)
	at org.apache.ratis.thirdparty.io.grpc.internal.AbstractManagedChannelImplBuilder.build(AbstractManagedChannelImplBuilder.java:411)
	at org.apache.hadoop.hdds.scm.XceiverClientGrpc.connectToDatanode(XceiverClientGrpc.java:174)
	at org.apache.hadoop.hdds.scm.XceiverClientGrpc.reconnect(XceiverClientGrpc.java:422)
	at org.apache.hadoop.hdds.scm.XceiverClientGrpc.sendCommandAsync(XceiverClientGrpc.java:371)
	at org.apache.hadoop.hdds.scm.XceiverClientGrpc.sendCommandWithRetry(XceiverClientGrpc.java:284)
	at org.apache.hadoop.hdds.scm.XceiverClientGrpc.sendCommandWithTraceIDAndRetry(XceiverClientGrpc.java:250)
	at org.apache.hadoop.hdds.scm.XceiverClientGrpc.sendCommand(XceiverClientGrpc.java:233)
	at org.apache.hadoop.hdds.scm.storage.ContainerProtocolCalls.getBlock(ContainerProtocolCalls.java:118)
	at org.apache.hadoop.hdds.scm.storage.BlockInputStream.getChunkInfos(BlockInputStream.java:167)
	at org.apache.hadoop.hdds.scm.storage.BlockInputStream.initialize(BlockInputStream.java:118)
	at org.apache.hadoop.hdds.scm.storage.BlockInputStream.read(BlockInputStream.java:222)
	at org.apache.hadoop.ozone.client.io.KeyInputStream.read(KeyInputStream.java:171)
	at org.apache.hadoop.ozone.client.io.OzoneInputStream.read(OzoneInputStream.java:47)
	at java.io.InputStream.read(InputStream.java:101)
	at org.apache.hadoop.ozone.container.ContainerTestHelper.validateData(ContainerTestHelper.java:713)
	at org.apache.hadoop.ozone.client.rpc.TestBlockOutputStreamWithFailures.validateData(TestBlockOutputStreamWithFailures.java:1216)
	at org.apache.hadoop.ozone.client.rpc.TestBlockOutputStreamWithFailures.testWatchForCommitWithSingleNodeRatis(TestBlockOutputStreamWithFailures.java:918)
	at sun.reflect.NativeMethodAccessorImpl.invoke0(Native Method)
	at sun.reflect.NativeMethodAccessorImpl.invoke(NativeMethodAccessorImpl.java:62)
	at sun.reflect.DelegatingMethodAccessorImpl.invoke(DelegatingMethodAccessorImpl.java:43)
	at java.lang.reflect.Method.invoke(Method.java:498)
	at org.junit.runners.model.FrameworkMethod$1.runReflectiveCall(FrameworkMethod.java:47)
	at org.junit.internal.runners.model.ReflectiveCallable.run(ReflectiveCallable.java:12)
	at org.junit.runners.model.FrameworkMethod.invokeExplosively(FrameworkMethod.java:44)
	at org.junit.internal.runners.statements.InvokeMethod.evaluate(InvokeMethod.java:17)
	at org.junit.internal.runners.statements.RunBefores.evaluate(RunBefores.java:26)
	at org.junit.internal.runners.statements.RunAfters.evaluate(RunAfters.java:27)
	at org.junit.runners.ParentRunner.runLeaf(ParentRunner.java:271)
	at org.junit.runners.BlockJUnit4ClassRunner.runChild(BlockJUnit4ClassRunner.java:70)
	at org.junit.runners.BlockJUnit4ClassRunner.runChild(BlockJUnit4ClassRunner.java:50)
	at org.junit.runners.ParentRunner$3.run(ParentRunner.java:238)
	at org.junit.runners.ParentRunner$1.schedule(ParentRunner.java:63)
	at org.junit.runners.ParentRunner.runChildren(ParentRunner.java:236)
	at org.junit.runners.ParentRunner.access$000(ParentRunner.java:53)
	at org.junit.runners.ParentRunner$2.evaluate(ParentRunner.java:229)
	at org.junit.runners.ParentRunner.run(ParentRunner.java:309)
	at org.apache.maven.surefire.junit4.JUnit4Provider.execute(JUnit4Provider.java:365)
	at org.apache.maven.surefire.junit4.JUnit4Provider.executeWithRerun(JUnit4Provider.java:273)
	at org.apache.maven.surefire.junit4.JUnit4Provider.executeTestSet(JUnit4Provider.java:238)
	at org.apache.maven.surefire.junit4.JUnit4Provider.invoke(JUnit4Provider.java:159)
	at org.apache.maven.surefire.booter.ForkedBooter.invokeProviderInSameClassLoader(ForkedBooter.java:384)
	at org.apache.maven.surefire.booter.ForkedBooter.runSuitesInProcess(ForkedBooter.java:345)
	at org.apache.maven.surefire.booter.ForkedBooter.execute(ForkedBooter.java:126)
	at org.apache.maven.surefire.booter.ForkedBooter.main(ForkedBooter.java:418)

]]></system-err>
  </testcase>
  <testcase name="testFailureWithPrimeSizedData" classname="org.apache.hadoop.ozone.client.rpc.TestBlockOutputStreamWithFailures" time="49.206"/>
  <testcase name="testWatchForCommitWithCloseContainerException" classname="org.apache.hadoop.ozone.client.rpc.TestBlockOutputStreamWithFailures" time="35.941"/>
  <testcase name="testExceptionDuringClose" classname="org.apache.hadoop.ozone.client.rpc.TestBlockOutputStreamWithFailures" time="39.868"/>
</testsuite>