<?xml version="1.0" encoding="UTF-8"?>
<testsuite xmlns:xsi="http://www.w3.org/2001/XMLSchema-instance" xsi:noNamespaceSchemaLocation="https://maven.apache.org/surefire/maven-surefire-plugin/xsd/surefire-test-report.xsd" name="org.apache.hadoop.ozone.client.rpc.TestCommitWatcher" time="49.161" tests="2" errors="0" skipped="0" failures="1">
  <properties>
    <property name="awt.toolkit" value="sun.awt.X11.XToolkit"/>
    <property name="file.encoding.pkg" value="sun.io"/>
    <property name="java.specification.version" value="1.8"/>
    <property name="sun.cpu.isalist" value=""/>
    <property name="sun.jnu.encoding" value="UTF-8"/>
    <property name="java.class.path" value="/workdir/hadoop-ozone/integration-test/target/test-classes:/workdir/hadoop-ozone/integration-test/target/classes:/home/user/.m2/repository/org/apache/hadoop/hadoop-ozone-common/0.5.0-SNAPSHOT/hadoop-ozone-common-0.5.0-SNAPSHOT.jar:/home/user/.m2/repository/org/apache/commons/commons-compress/1.4.1/commons-compress-1.4.1.jar:/home/user/.m2/repository/org/tukaani/xz/1.0/xz-1.0.jar:/home/user/.m2/repository/org/apache/hadoop/hadoop-common/3.2.0/hadoop-common-3.2.0.jar:/home/user/.m2/repository/org/apache/hadoop/hadoop-hdfs/3.2.0/hadoop-hdfs-3.2.0.jar:/home/user/.m2/repository/org/apache/hadoop/hadoop-hdfs-client/3.2.0/hadoop-hdfs-client-3.2.0.jar:/home/user/.m2/repository/com/fasterxml/jackson/core/jackson-annotations/2.9.5/jackson-annotations-2.9.5.jar:/home/user/.m2/repository/org/apache/hadoop/hadoop-hdds-common/0.5.0-SNAPSHOT/hadoop-hdds-common-0.5.0-SNAPSHOT.jar:/home/user/.m2/repository/javax/annotation/javax.annotation-api/1.2/javax.annotation-api-1.2.jar:/home/user/.m2/repository/org/apache/ratis/ratis-server/0.4.0-2337318-SNAPSHOT/ratis-server-0.4.0-2337318-SNAPSHOT.jar:/home/user/.m2/repository/org/apache/ratis/ratis-thirdparty-misc/0.2.0/ratis-thirdparty-misc-0.2.0.jar:/home/user/.m2/repository/org/apache/ratis/ratis-proto/0.4.0-2337318-SNAPSHOT/ratis-proto-0.4.0-2337318-SNAPSHOT.jar:/home/user/.m2/repository/org/apache/ratis/ratis-common/0.4.0-2337318-SNAPSHOT/ratis-common-0.4.0-2337318-SNAPSHOT.jar:/home/user/.m2/repository/org/apache/ratis/ratis-client/0.4.0-2337318-SNAPSHOT/ratis-client-0.4.0-2337318-SNAPSHOT.jar:/home/user/.m2/repository/org/apache/ratis/ratis-metrics/0.4.0-2337318-SNAPSHOT/ratis-metrics-0.4.0-2337318-SNAPSHOT.jar:/home/user/.m2/repository/org/apache/ratis/ratis-netty/0.4.0-2337318-SNAPSHOT/ratis-netty-0.4.0-2337318-SNAPSHOT.jar:/home/user/.m2/repository/org/apache/ratis/ratis-grpc/0.4.0-2337318-SNAPSHOT/ratis-grpc-0.4.0-2337318-SNAPSHOT.jar:/home/user/.m2/repository/org/rocksdb/rocksdbjni/6.0.1/rocksdbjni-6.0.1.jar:/home/user/.m2/repository/org/apache/logging/log4j/log4j-api/2.11.0/log4j-api-2.11.0.jar:/home/user/.m2/repository/org/apache/logging/log4j/log4j-core/2.11.0/log4j-core-2.11.0.jar:/home/user/.m2/repository/com/lmax/disruptor/3.4.2/disruptor-3.4.2.jar:/home/user/.m2/repository/org/apache/commons/commons-pool2/2.6.0/commons-pool2-2.6.0.jar:/home/user/.m2/repository/org/bouncycastle/bcpkix-jdk15on/1.60/bcpkix-jdk15on-1.60.jar:/home/user/.m2/repository/commons-validator/commons-validator/1.6/commons-validator-1.6.jar:/home/user/.m2/repository/commons-digester/commons-digester/1.8.1/commons-digester-1.8.1.jar:/home/user/.m2/repository/io/jaegertracing/jaeger-client/0.33.1/jaeger-client-0.33.1.jar:/home/user/.m2/repository/io/jaegertracing/jaeger-thrift/0.33.1/jaeger-thrift-0.33.1.jar:/home/user/.m2/repository/org/apache/thrift/libthrift/0.11.0/libthrift-0.11.0.jar:/home/user/.m2/repository/com/squareup/okhttp3/okhttp/3.9.0/okhttp-3.9.0.jar:/home/user/.m2/repository/com/squareup/okio/okio/1.13.0/okio-1.13.0.jar:/home/user/.m2/repository/io/jaegertracing/jaeger-core/0.33.1/jaeger-core-0.33.1.jar:/home/user/.m2/repository/io/jaegertracing/jaeger-tracerresolver/0.33.1/jaeger-tracerresolver-0.33.1.jar:/home/user/.m2/repository/io/opentracing/contrib/opentracing-tracerresolver/0.1.5/opentracing-tracerresolver-0.1.5.jar:/home/user/.m2/repository/io/opentracing/opentracing-util/0.31.0/opentracing-util-0.31.0.jar:/home/user/.m2/repository/io/opentracing/opentracing-api/0.31.0/opentracing-api-0.31.0.jar:/home/user/.m2/repository/io/opentracing/opentracing-noop/0.31.0/opentracing-noop-0.31.0.jar:/home/user/.m2/repository/org/apache/hadoop/hadoop-hdds-server-framework/0.5.0-SNAPSHOT/hadoop-hdds-server-framework-0.5.0-SNAPSHOT.jar:/home/user/.m2/repository/org/apache/hadoop/hadoop-hdds-container-service/0.5.0-SNAPSHOT/hadoop-hdds-container-service-0.5.0-SNAPSHOT.jar:/home/user/.m2/repository/org/apache/hadoop/hadoop-hdds-client/0.5.0-SNAPSHOT/hadoop-hdds-client-0.5.0-SNAPSHOT.jar:/home/user/.m2/repository/org/apache/hadoop/hadoop-hdds-tools/0.5.0-SNAPSHOT/hadoop-hdds-tools-0.5.0-SNAPSHOT.jar:/home/user/.m2/repository/org/apache/hadoop/hadoop-hdds-server-scm/0.5.0-SNAPSHOT/hadoop-hdds-server-scm-0.5.0-SNAPSHOT.jar:/home/user/.m2/repository/org/apache/hadoop/hadoop-hdds-docs/0.5.0-SNAPSHOT/hadoop-hdds-docs-0.5.0-SNAPSHOT.jar:/home/user/.m2/repository/io/dropwizard/metrics/metrics-core/3.2.4/metrics-core-3.2.4.jar:/home/user/.m2/repository/org/hamcrest/hamcrest-all/1.3/hamcrest-all-1.3.jar:/home/user/.m2/repository/org/bouncycastle/bcprov-jdk15on/1.60/bcprov-jdk15on-1.60.jar:/home/user/.m2/repository/info/picocli/picocli/3.9.6/picocli-3.9.6.jar:/home/user/.m2/repository/com/google/protobuf/protobuf-java/2.5.0/protobuf-java-2.5.0.jar:/home/user/.m2/repository/com/google/guava/guava/11.0.2/guava-11.0.2.jar:/home/user/.m2/repository/org/apache/hadoop/hadoop-ozone-ozone-manager/0.5.0-SNAPSHOT/hadoop-ozone-ozone-manager-0.5.0-SNAPSHOT.jar:/home/user/.m2/repository/org/apache/hadoop/hadoop-minikdc/3.2.0/hadoop-minikdc-3.2.0.jar:/home/user/.m2/repository/commons-io/commons-io/2.5/commons-io-2.5.jar:/home/user/.m2/repository/org/apache/kerby/kerb-simplekdc/1.0.1/kerb-simplekdc-1.0.1.jar:/home/user/.m2/repository/org/apache/kerby/kerb-client/1.0.1/kerb-client-1.0.1.jar:/home/user/.m2/repository/org/apache/kerby/kerby-config/1.0.1/kerby-config-1.0.1.jar:/home/user/.m2/repository/org/apache/kerby/kerb-core/1.0.1/kerb-core-1.0.1.jar:/home/user/.m2/repository/org/apache/kerby/kerby-pkix/1.0.1/kerby-pkix-1.0.1.jar:/home/user/.m2/repository/org/apache/kerby/kerby-asn1/1.0.1/kerby-asn1-1.0.1.jar:/home/user/.m2/repository/org/apache/kerby/kerby-util/1.0.1/kerby-util-1.0.1.jar:/home/user/.m2/repository/org/apache/kerby/kerb-common/1.0.1/kerb-common-1.0.1.jar:/home/user/.m2/repository/org/apache/kerby/kerb-crypto/1.0.1/kerb-crypto-1.0.1.jar:/home/user/.m2/repository/org/apache/kerby/kerb-util/1.0.1/kerb-util-1.0.1.jar:/home/user/.m2/repository/org/apache/kerby/token-provider/1.0.1/token-provider-1.0.1.jar:/home/user/.m2/repository/org/apache/kerby/kerb-admin/1.0.1/kerb-admin-1.0.1.jar:/home/user/.m2/repository/org/apache/kerby/kerb-server/1.0.1/kerb-server-1.0.1.jar:/home/user/.m2/repository/org/apache/kerby/kerb-identity/1.0.1/kerb-identity-1.0.1.jar:/home/user/.m2/repository/org/apache/kerby/kerby-xdr/1.0.1/kerby-xdr-1.0.1.jar:/home/user/.m2/repository/org/slf4j/slf4j-log4j12/1.7.25/slf4j-log4j12-1.7.25.jar:/home/user/.m2/repository/org/apache/hadoop/hadoop-ozone-objectstore-service/0.5.0-SNAPSHOT/hadoop-ozone-objectstore-service-0.5.0-SNAPSHOT.jar:/home/user/.m2/repository/org/apache/hadoop/hadoop-ozone-s3gateway/0.5.0-SNAPSHOT/hadoop-ozone-s3gateway-0.5.0-SNAPSHOT.jar:/home/user/.m2/repository/org/jboss/weld/servlet/weld-servlet/2.4.7.Final/weld-servlet-2.4.7.Final.jar:/home/user/.m2/repository/org/glassfish/jersey/containers/jersey-container-servlet-core/2.27/jersey-container-servlet-core-2.27.jar:/home/user/.m2/repository/org/glassfish/hk2/external/javax.inject/2.5.0-b42/javax.inject-2.5.0-b42.jar:/home/user/.m2/repository/org/glassfish/jersey/core/jersey-common/2.27/jersey-common-2.27.jar:/home/user/.m2/repository/org/glassfish/hk2/osgi-resource-locator/1.0.1/osgi-resource-locator-1.0.1.jar:/home/user/.m2/repository/javax/ws/rs/javax.ws.rs-api/2.1/javax.ws.rs-api-2.1.jar:/home/user/.m2/repository/org/glassfish/jersey/ext/cdi/jersey-cdi1x/2.27/jersey-cdi1x-2.27.jar:/home/user/.m2/repository/org/glassfish/jersey/inject/jersey-hk2/2.27/jersey-hk2-2.27.jar:/home/user/.m2/repository/org/glassfish/hk2/hk2-locator/2.5.0-b42/hk2-locator-2.5.0-b42.jar:/home/user/.m2/repository/org/javassist/javassist/3.22.0-CR2/javassist-3.22.0-CR2.jar:/home/user/.m2/repository/org/glassfish/hk2/hk2-api/2.5.0/hk2-api-2.5.0.jar:/home/user/.m2/repository/org/glassfish/hk2/external/jakarta.inject/2.5.0/jakarta.inject-2.5.0.jar:/home/user/.m2/repository/org/glassfish/hk2/hk2-utils/2.5.0/hk2-utils-2.5.0.jar:/home/user/.m2/repository/jakarta/annotation/jakarta.annotation-api/1.3.4/jakarta.annotation-api-1.3.4.jar:/home/user/.m2/repository/org/glassfish/hk2/external/aopalliance-repackaged/2.5.0/aopalliance-repackaged-2.5.0.jar:/home/user/.m2/repository/com/fasterxml/jackson/dataformat/jackson-dataformat-xml/2.9.0/jackson-dataformat-xml-2.9.0.jar:/home/user/.m2/repository/com/fasterxml/jackson/core/jackson-core/2.9.5/jackson-core-2.9.5.jar:/home/user/.m2/repository/com/fasterxml/jackson/module/jackson-module-jaxb-annotations/2.9.5/jackson-module-jaxb-annotations-2.9.5.jar:/home/user/.m2/repository/javax/enterprise/cdi-api/1.2/cdi-api-1.2.jar:/home/user/.m2/repository/javax/el/javax.el-api/3.0.0/javax.el-api-3.0.0.jar:/home/user/.m2/repository/javax/interceptor/javax.interceptor-api/1.2/javax.interceptor-api-1.2.jar:/home/user/.m2/repository/javax/inject/javax.inject/1/javax.inject-1.jar:/home/user/.m2/repository/com/sun/xml/bind/jaxb-impl/2.3.0.1/jaxb-impl-2.3.0.1.jar:/home/user/.m2/repository/com/sun/xml/bind/jaxb-core/2.3.0.1/jaxb-core-2.3.0.1.jar:/home/user/.m2/repository/javax/xml/bind/jaxb-api/2.3.0/jaxb-api-2.3.0.jar:/home/user/.m2/repository/javax/activation/activation/1.1.1/activation-1.1.1.jar:/home/user/.m2/repository/org/apache/hadoop/hadoop-ozone-csi/0.5.0-SNAPSHOT/hadoop-ozone-csi-0.5.0-SNAPSHOT.jar:/home/user/.m2/repository/com/google/protobuf/protobuf-java-util/3.5.1/protobuf-java-util-3.5.1.jar:/home/user/.m2/repository/org/apache/hadoop/hadoop-hdds-config/0.5.0-SNAPSHOT/hadoop-hdds-config-0.5.0-SNAPSHOT.jar:/home/user/.m2/repository/io/grpc/grpc-netty/1.17.1/grpc-netty-1.17.1.jar:/home/user/.m2/repository/io/grpc/grpc-core/1.17.1/grpc-core-1.17.1.jar:/home/user/.m2/repository/io/grpc/grpc-context/1.17.1/grpc-context-1.17.1.jar:/home/user/.m2/repository/com/google/errorprone/error_prone_annotations/2.2.0/error_prone_annotations-2.2.0.jar:/home/user/.m2/repository/org/codehaus/mojo/animal-sniffer-annotations/1.17/animal-sniffer-annotations-1.17.jar:/home/user/.m2/repository/io/opencensus/opencensus-api/0.17.0/opencensus-api-0.17.0.jar:/home/user/.m2/repository/io/opencensus/opencensus-contrib-grpc-metrics/0.17.0/opencensus-contrib-grpc-metrics-0.17.0.jar:/home/user/.m2/repository/io/netty/netty-codec-http2/4.1.30.Final/netty-codec-http2-4.1.30.Final.jar:/home/user/.m2/repository/io/netty/netty-codec-http/4.1.30.Final/netty-codec-http-4.1.30.Final.jar:/home/user/.m2/repository/io/netty/netty-codec/4.1.30.Final/netty-codec-4.1.30.Final.jar:/home/user/.m2/repository/io/netty/netty-handler/4.1.30.Final/netty-handler-4.1.30.Final.jar:/home/user/.m2/repository/io/netty/netty-handler-proxy/4.1.30.Final/netty-handler-proxy-4.1.30.Final.jar:/home/user/.m2/repository/io/netty/netty-codec-socks/4.1.30.Final/netty-codec-socks-4.1.30.Final.jar:/home/user/.m2/repository/io/netty/netty-transport-native-epoll/4.1.30.Final/netty-transport-native-epoll-4.1.30.Final.jar:/home/user/.m2/repository/io/netty/netty-common/4.1.30.Final/netty-common-4.1.30.Final.jar:/home/user/.m2/repository/io/netty/netty-buffer/4.1.30.Final/netty-buffer-4.1.30.Final.jar:/home/user/.m2/repository/io/netty/netty-transport/4.1.30.Final/netty-transport-4.1.30.Final.jar:/home/user/.m2/repository/io/netty/netty-resolver/4.1.30.Final/netty-resolver-4.1.30.Final.jar:/home/user/.m2/repository/io/netty/netty-transport-native-unix-common/4.1.30.Final/netty-transport-native-unix-common-4.1.30.Final.jar:/home/user/.m2/repository/io/grpc/grpc-protobuf/1.17.1/grpc-protobuf-1.17.1.jar:/home/user/.m2/repository/com/google/api/grpc/proto-google-common-protos/1.0.0/proto-google-common-protos-1.0.0.jar:/home/user/.m2/repository/io/grpc/grpc-protobuf-lite/1.17.1/grpc-protobuf-lite-1.17.1.jar:/home/user/.m2/repository/io/grpc/grpc-stub/1.17.1/grpc-stub-1.17.1.jar:/home/user/.m2/repository/org/apache/hadoop/hadoop-ozone-recon/0.5.0-SNAPSHOT/hadoop-ozone-recon-0.5.0-SNAPSHOT.jar:/home/user/.m2/repository/org/apache/hadoop/hadoop-ozone-reconcodegen/0.5.0-SNAPSHOT/hadoop-ozone-reconcodegen-0.5.0-SNAPSHOT.jar:/home/user/.m2/repository/com/google/inject/extensions/guice-multibindings/4.0/guice-multibindings-4.0.jar:/home/user/.m2/repository/com/google/inject/guice/4.0/guice-4.0.jar:/home/user/.m2/repository/aopalliance/aopalliance/1.0/aopalliance-1.0.jar:/home/user/.m2/repository/com/google/inject/extensions/guice-servlet/4.0/guice-servlet-4.0.jar:/home/user/.m2/repository/org/glassfish/jersey/containers/jersey-container-servlet/2.27/jersey-container-servlet-2.27.jar:/home/user/.m2/repository/org/glassfish/hk2/guice-bridge/2.5.0/guice-bridge-2.5.0.jar:/home/user/.m2/repository/org/glassfish/jersey/core/jersey-server/2.27/jersey-server-2.27.jar:/home/user/.m2/repository/org/glassfish/jersey/core/jersey-client/2.27/jersey-client-2.27.jar:/home/user/.m2/repository/org/glassfish/jersey/media/jersey-media-jaxb/2.27/jersey-media-jaxb-2.27.jar:/home/user/.m2/repository/javax/validation/validation-api/1.1.0.Final/validation-api-1.1.0.Final.jar:/home/user/.m2/repository/org/glassfish/jersey/media/jersey-media-json-jackson/2.27/jersey-media-json-jackson-2.27.jar:/home/user/.m2/repository/org/glassfish/jersey/ext/jersey-entity-filtering/2.27/jersey-entity-filtering-2.27.jar:/home/user/.m2/repository/com/google/inject/extensions/guice-assistedinject/4.0/guice-assistedinject-4.0.jar:/home/user/.m2/repository/org/jooq/jooq/3.11.10/jooq-3.11.10.jar:/home/user/.m2/repository/org/jooq/jooq-meta/3.11.10/jooq-meta-3.11.10.jar:/home/user/.m2/repository/org/jooq/jooq-codegen/3.11.10/jooq-codegen-3.11.10.jar:/home/user/.m2/repository/com/jolbox/bonecp/0.8.0.RELEASE/bonecp-0.8.0.RELEASE.jar:/home/user/.m2/repository/org/xerial/sqlite-jdbc/3.25.2/sqlite-jdbc-3.25.2.jar:/home/user/.m2/repository/org/springframework/spring-jdbc/5.1.3.RELEASE/spring-jdbc-5.1.3.RELEASE.jar:/home/user/.m2/repository/org/springframework/spring-beans/5.1.3.RELEASE/spring-beans-5.1.3.RELEASE.jar:/home/user/.m2/repository/org/springframework/spring-core/5.1.3.RELEASE/spring-core-5.1.3.RELEASE.jar:/home/user/.m2/repository/org/springframework/spring-jcl/5.1.3.RELEASE/spring-jcl-5.1.3.RELEASE.jar:/home/user/.m2/repository/org/springframework/spring-tx/5.1.3.RELEASE/spring-tx-5.1.3.RELEASE.jar:/home/user/.m2/repository/org/apache/hadoop/hadoop-ozone-client/0.5.0-SNAPSHOT/hadoop-ozone-client-0.5.0-SNAPSHOT.jar:/home/user/.m2/repository/commons-lang/commons-lang/2.6/commons-lang-2.6.jar:/home/user/.m2/repository/org/apache/hadoop/hadoop-ozone-ozone-manager/0.5.0-SNAPSHOT/hadoop-ozone-ozone-manager-0.5.0-SNAPSHOT-tests.jar:/home/user/.m2/repository/junit/junit/4.11/junit-4.11.jar:/home/user/.m2/repository/org/hamcrest/hamcrest-core/1.3/hamcrest-core-1.3.jar:/home/user/.m2/repository/org/openjdk/jmh/jmh-core/1.19/jmh-core-1.19.jar:/home/user/.m2/repository/net/sf/jopt-simple/jopt-simple/4.6/jopt-simple-4.6.jar:/home/user/.m2/repository/org/apache/commons/commons-math3/3.1.1/commons-math3-3.1.1.jar:/home/user/.m2/repository/org/openjdk/jmh/jmh-generator-annprocess/1.19/jmh-generator-annprocess-1.19.jar:/home/user/.m2/repository/org/mockito/mockito-all/1.8.5/mockito-all-1.8.5.jar:/home/user/.m2/repository/org/apache/hadoop/hadoop-kms/3.2.0/hadoop-kms-3.2.0.jar:/home/user/.m2/repository/org/apache/hadoop/hadoop-auth/3.2.0/hadoop-auth-3.2.0.jar:/home/user/.m2/repository/com/nimbusds/nimbus-jose-jwt/4.41.1/nimbus-jose-jwt-4.41.1.jar:/home/user/.m2/repository/com/github/stephenc/jcip/jcip-annotations/1.0-1/jcip-annotations-1.0-1.jar:/home/user/.m2/repository/net/minidev/json-smart/2.3/json-smart-2.3.jar:/home/user/.m2/repository/net/minidev/accessors-smart/1.2/accessors-smart-1.2.jar:/home/user/.m2/repository/org/ow2/asm/asm/5.0.4/asm-5.0.4.jar:/home/user/.m2/repository/org/apache/curator/curator-framework/2.12.0/curator-framework-2.12.0.jar:/home/user/.m2/repository/com/sun/jersey/jersey-core/1.19/jersey-core-1.19.jar:/home/user/.m2/repository/javax/ws/rs/jsr311-api/1.1.1/jsr311-api-1.1.1.jar:/home/user/.m2/repository/com/sun/jersey/jersey-server/1.19/jersey-server-1.19.jar:/home/user/.m2/repository/javax/servlet/javax.servlet-api/3.1.0/javax.servlet-api-3.1.0.jar:/home/user/.m2/repository/org/eclipse/jetty/jetty-server/9.3.24.v20180605/jetty-server-9.3.24.v20180605.jar:/home/user/.m2/repository/org/eclipse/jetty/jetty-http/9.3.24.v20180605/jetty-http-9.3.24.v20180605.jar:/home/user/.m2/repository/org/eclipse/jetty/jetty-io/9.3.24.v20180605/jetty-io-9.3.24.v20180605.jar:/home/user/.m2/repository/org/eclipse/jetty/jetty-webapp/9.3.24.v20180605/jetty-webapp-9.3.24.v20180605.jar:/home/user/.m2/repository/org/eclipse/jetty/jetty-xml/9.3.24.v20180605/jetty-xml-9.3.24.v20180605.jar:/home/user/.m2/repository/log4j/log4j/1.2.17/log4j-1.2.17.jar:/home/user/.m2/repository/org/slf4j/slf4j-api/1.7.25/slf4j-api-1.7.25.jar:/home/user/.m2/repository/org/slf4j/jul-to-slf4j/1.7.25/jul-to-slf4j-1.7.25.jar:/home/user/.m2/repository/org/eclipse/jetty/jetty-util/9.3.24.v20180605/jetty-util-9.3.24.v20180605.jar:/home/user/.m2/repository/com/fasterxml/jackson/core/jackson-databind/2.9.5/jackson-databind-2.9.5.jar:/home/user/.m2/repository/org/apache/hadoop/hadoop-kms/3.2.0/hadoop-kms-3.2.0-tests.jar:/home/user/.m2/repository/org/apache/hadoop/hadoop-hdds-server-scm/0.5.0-SNAPSHOT/hadoop-hdds-server-scm-0.5.0-SNAPSHOT-tests.jar:/home/user/.m2/repository/org/apache/hadoop/hadoop-hdds-container-service/0.5.0-SNAPSHOT/hadoop-hdds-container-service-0.5.0-SNAPSHOT-tests.jar:/home/user/.m2/repository/org/yaml/snakeyaml/1.16/snakeyaml-1.16.jar:/home/user/.m2/repository/org/apache/hadoop/hadoop-common/3.2.0/hadoop-common-3.2.0-tests.jar:/home/user/.m2/repository/org/apache/hadoop/hadoop-annotations/3.2.0/hadoop-annotations-3.2.0.jar:/usr/lib/jvm/java-1.8-openjdk/jre/../lib/tools.jar:/home/user/.m2/repository/commons-cli/commons-cli/1.2/commons-cli-1.2.jar:/home/user/.m2/repository/org/apache/httpcomponents/httpclient/4.5.2/httpclient-4.5.2.jar:/home/user/.m2/repository/org/apache/httpcomponents/httpcore/4.4.4/httpcore-4.4.4.jar:/home/user/.m2/repository/commons-codec/commons-codec/1.11/commons-codec-1.11.jar:/home/user/.m2/repository/commons-net/commons-net/3.6/commons-net-3.6.jar:/home/user/.m2/repository/commons-collections/commons-collections/3.2.2/commons-collections-3.2.2.jar:/home/user/.m2/repository/org/eclipse/jetty/jetty-servlet/9.3.24.v20180605/jetty-servlet-9.3.24.v20180605.jar:/home/user/.m2/repository/org/eclipse/jetty/jetty-security/9.3.24.v20180605/jetty-security-9.3.24.v20180605.jar:/home/user/.m2/repository/javax/servlet/jsp/jsp-api/2.1/jsp-api-2.1.jar:/home/user/.m2/repository/com/sun/jersey/jersey-servlet/1.19/jersey-servlet-1.19.jar:/home/user/.m2/repository/com/sun/jersey/jersey-json/1.19/jersey-json-1.19.jar:/home/user/.m2/repository/org/codehaus/jettison/jettison/1.1/jettison-1.1.jar:/home/user/.m2/repository/org/codehaus/jackson/jackson-core-asl/1.9.13/jackson-core-asl-1.9.13.jar:/home/user/.m2/repository/org/codehaus/jackson/jackson-mapper-asl/1.9.13/jackson-mapper-asl-1.9.13.jar:/home/user/.m2/repository/org/codehaus/jackson/jackson-jaxrs/1.9.13/jackson-jaxrs-1.9.13.jar:/home/user/.m2/repository/org/codehaus/jackson/jackson-xc/1.9.13/jackson-xc-1.9.13.jar:/home/user/.m2/repository/commons-logging/commons-logging/1.1.3/commons-logging-1.1.3.jar:/home/user/.m2/repository/commons-beanutils/commons-beanutils/1.9.3/commons-beanutils-1.9.3.jar:/home/user/.m2/repository/org/apache/commons/commons-configuration2/2.1.1/commons-configuration2-2.1.1.jar:/home/user/.m2/repository/org/apache/commons/commons-lang3/3.7/commons-lang3-3.7.jar:/home/user/.m2/repository/org/apache/commons/commons-text/1.4/commons-text-1.4.jar:/home/user/.m2/repository/org/apache/avro/avro/1.7.7/avro-1.7.7.jar:/home/user/.m2/repository/com/thoughtworks/paranamer/paranamer/2.3/paranamer-2.3.jar:/home/user/.m2/repository/org/xerial/snappy/snappy-java/1.0.5/snappy-java-1.0.5.jar:/home/user/.m2/repository/com/google/re2j/re2j/1.1/re2j-1.1.jar:/home/user/.m2/repository/com/google/code/gson/gson/2.2.4/gson-2.2.4.jar:/home/user/.m2/repository/com/jcraft/jsch/0.1.54/jsch-0.1.54.jar:/home/user/.m2/repository/org/apache/curator/curator-client/2.12.0/curator-client-2.12.0.jar:/home/user/.m2/repository/org/apache/curator/curator-recipes/2.12.0/curator-recipes-2.12.0.jar:/home/user/.m2/repository/com/google/code/findbugs/jsr305/3.0.0/jsr305-3.0.0.jar:/home/user/.m2/repository/org/apache/htrace/htrace-core4/4.1.0-incubating/htrace-core4-4.1.0-incubating.jar:/home/user/.m2/repository/org/apache/zookeeper/zookeeper/3.4.13/zookeeper-3.4.13.jar:/home/user/.m2/repository/org/apache/yetus/audience-annotations/0.5.0/audience-annotations-0.5.0.jar:/home/user/.m2/repository/org/codehaus/woodstox/stax2-api/3.1.4/stax2-api-3.1.4.jar:/home/user/.m2/repository/com/fasterxml/woodstox/woodstox-core/5.0.3/woodstox-core-5.0.3.jar:/home/user/.m2/repository/dnsjava/dnsjava/2.1.7/dnsjava-2.1.7.jar:/home/user/.m2/repository/org/apache/hadoop/hadoop-hdfs/3.2.0/hadoop-hdfs-3.2.0-tests.jar:/home/user/.m2/repository/org/eclipse/jetty/jetty-util-ajax/9.3.24.v20180605/jetty-util-ajax-9.3.24.v20180605.jar:/home/user/.m2/repository/commons-daemon/commons-daemon/1.0.13/commons-daemon-1.0.13.jar:/home/user/.m2/repository/io/netty/netty/3.10.5.Final/netty-3.10.5.Final.jar:/home/user/.m2/repository/io/netty/netty-all/4.0.52.Final/netty-all-4.0.52.Final.jar:/home/user/.m2/repository/org/fusesource/leveldbjni/leveldbjni-all/1.8/leveldbjni-all-1.8.jar:"/>
    <property name="java.vm.vendor" value="IcedTea"/>
    <property name="sun.arch.data.model" value="64"/>
    <property name="test.build.dir" value="/workdir/hadoop-ozone/integration-test/target/test-dir"/>
    <property name="test.cache.data" value=""/>
    <property name="java.vendor.url" value="https://icedtea.classpath.org"/>
    <property name="user.timezone" value=""/>
    <property name="java.vm.specification.version" value="1.8"/>
    <property name="os.name" value="Linux"/>
    <property name="test.build.data" value="/workdir/hadoop-ozone/integration-test/target/test-dir"/>
    <property name="user.country" value="US"/>
    <property name="sun.java.launcher" value="SUN_STANDARD"/>
    <property name="sun.boot.library.path" value="/usr/lib/jvm/java-1.8-openjdk/jre/lib/amd64"/>
    <property name="sun.java.command" value="/workdir/hadoop-ozone/integration-test/target/surefire/surefirebooter695691656414192434.jar /workdir/hadoop-ozone/integration-test/target/surefire 2019-08-27T07-50-14_946-jvmRun1 surefire5559790177387189521tmp surefire_561293368982008350405tmp"/>
    <property name="test" value="!TestMiniChaosOzoneCluster"/>
    <property name="surefire.test.class.path" value="/workdir/hadoop-ozone/integration-test/target/test-classes:/workdir/hadoop-ozone/integration-test/target/classes:/home/user/.m2/repository/org/apache/hadoop/hadoop-ozone-common/0.5.0-SNAPSHOT/hadoop-ozone-common-0.5.0-SNAPSHOT.jar:/home/user/.m2/repository/org/apache/commons/commons-compress/1.4.1/commons-compress-1.4.1.jar:/home/user/.m2/repository/org/tukaani/xz/1.0/xz-1.0.jar:/home/user/.m2/repository/org/apache/hadoop/hadoop-common/3.2.0/hadoop-common-3.2.0.jar:/home/user/.m2/repository/org/apache/hadoop/hadoop-hdfs/3.2.0/hadoop-hdfs-3.2.0.jar:/home/user/.m2/repository/org/apache/hadoop/hadoop-hdfs-client/3.2.0/hadoop-hdfs-client-3.2.0.jar:/home/user/.m2/repository/com/fasterxml/jackson/core/jackson-annotations/2.9.5/jackson-annotations-2.9.5.jar:/home/user/.m2/repository/org/apache/hadoop/hadoop-hdds-common/0.5.0-SNAPSHOT/hadoop-hdds-common-0.5.0-SNAPSHOT.jar:/home/user/.m2/repository/javax/annotation/javax.annotation-api/1.2/javax.annotation-api-1.2.jar:/home/user/.m2/repository/org/apache/ratis/ratis-server/0.4.0-2337318-SNAPSHOT/ratis-server-0.4.0-2337318-SNAPSHOT.jar:/home/user/.m2/repository/org/apache/ratis/ratis-thirdparty-misc/0.2.0/ratis-thirdparty-misc-0.2.0.jar:/home/user/.m2/repository/org/apache/ratis/ratis-proto/0.4.0-2337318-SNAPSHOT/ratis-proto-0.4.0-2337318-SNAPSHOT.jar:/home/user/.m2/repository/org/apache/ratis/ratis-common/0.4.0-2337318-SNAPSHOT/ratis-common-0.4.0-2337318-SNAPSHOT.jar:/home/user/.m2/repository/org/apache/ratis/ratis-client/0.4.0-2337318-SNAPSHOT/ratis-client-0.4.0-2337318-SNAPSHOT.jar:/home/user/.m2/repository/org/apache/ratis/ratis-metrics/0.4.0-2337318-SNAPSHOT/ratis-metrics-0.4.0-2337318-SNAPSHOT.jar:/home/user/.m2/repository/org/apache/ratis/ratis-netty/0.4.0-2337318-SNAPSHOT/ratis-netty-0.4.0-2337318-SNAPSHOT.jar:/home/user/.m2/repository/org/apache/ratis/ratis-grpc/0.4.0-2337318-SNAPSHOT/ratis-grpc-0.4.0-2337318-SNAPSHOT.jar:/home/user/.m2/repository/org/rocksdb/rocksdbjni/6.0.1/rocksdbjni-6.0.1.jar:/home/user/.m2/repository/org/apache/logging/log4j/log4j-api/2.11.0/log4j-api-2.11.0.jar:/home/user/.m2/repository/org/apache/logging/log4j/log4j-core/2.11.0/log4j-core-2.11.0.jar:/home/user/.m2/repository/com/lmax/disruptor/3.4.2/disruptor-3.4.2.jar:/home/user/.m2/repository/org/apache/commons/commons-pool2/2.6.0/commons-pool2-2.6.0.jar:/home/user/.m2/repository/org/bouncycastle/bcpkix-jdk15on/1.60/bcpkix-jdk15on-1.60.jar:/home/user/.m2/repository/commons-validator/commons-validator/1.6/commons-validator-1.6.jar:/home/user/.m2/repository/commons-digester/commons-digester/1.8.1/commons-digester-1.8.1.jar:/home/user/.m2/repository/io/jaegertracing/jaeger-client/0.33.1/jaeger-client-0.33.1.jar:/home/user/.m2/repository/io/jaegertracing/jaeger-thrift/0.33.1/jaeger-thrift-0.33.1.jar:/home/user/.m2/repository/org/apache/thrift/libthrift/0.11.0/libthrift-0.11.0.jar:/home/user/.m2/repository/com/squareup/okhttp3/okhttp/3.9.0/okhttp-3.9.0.jar:/home/user/.m2/repository/com/squareup/okio/okio/1.13.0/okio-1.13.0.jar:/home/user/.m2/repository/io/jaegertracing/jaeger-core/0.33.1/jaeger-core-0.33.1.jar:/home/user/.m2/repository/io/jaegertracing/jaeger-tracerresolver/0.33.1/jaeger-tracerresolver-0.33.1.jar:/home/user/.m2/repository/io/opentracing/contrib/opentracing-tracerresolver/0.1.5/opentracing-tracerresolver-0.1.5.jar:/home/user/.m2/repository/io/opentracing/opentracing-util/0.31.0/opentracing-util-0.31.0.jar:/home/user/.m2/repository/io/opentracing/opentracing-api/0.31.0/opentracing-api-0.31.0.jar:/home/user/.m2/repository/io/opentracing/opentracing-noop/0.31.0/opentracing-noop-0.31.0.jar:/home/user/.m2/repository/org/apache/hadoop/hadoop-hdds-server-framework/0.5.0-SNAPSHOT/hadoop-hdds-server-framework-0.5.0-SNAPSHOT.jar:/home/user/.m2/repository/org/apache/hadoop/hadoop-hdds-container-service/0.5.0-SNAPSHOT/hadoop-hdds-container-service-0.5.0-SNAPSHOT.jar:/home/user/.m2/repository/org/apache/hadoop/hadoop-hdds-client/0.5.0-SNAPSHOT/hadoop-hdds-client-0.5.0-SNAPSHOT.jar:/home/user/.m2/repository/org/apache/hadoop/hadoop-hdds-tools/0.5.0-SNAPSHOT/hadoop-hdds-tools-0.5.0-SNAPSHOT.jar:/home/user/.m2/repository/org/apache/hadoop/hadoop-hdds-server-scm/0.5.0-SNAPSHOT/hadoop-hdds-server-scm-0.5.0-SNAPSHOT.jar:/home/user/.m2/repository/org/apache/hadoop/hadoop-hdds-docs/0.5.0-SNAPSHOT/hadoop-hdds-docs-0.5.0-SNAPSHOT.jar:/home/user/.m2/repository/io/dropwizard/metrics/metrics-core/3.2.4/metrics-core-3.2.4.jar:/home/user/.m2/repository/org/hamcrest/hamcrest-all/1.3/hamcrest-all-1.3.jar:/home/user/.m2/repository/org/bouncycastle/bcprov-jdk15on/1.60/bcprov-jdk15on-1.60.jar:/home/user/.m2/repository/info/picocli/picocli/3.9.6/picocli-3.9.6.jar:/home/user/.m2/repository/com/google/protobuf/protobuf-java/2.5.0/protobuf-java-2.5.0.jar:/home/user/.m2/repository/com/google/guava/guava/11.0.2/guava-11.0.2.jar:/home/user/.m2/repository/org/apache/hadoop/hadoop-ozone-ozone-manager/0.5.0-SNAPSHOT/hadoop-ozone-ozone-manager-0.5.0-SNAPSHOT.jar:/home/user/.m2/repository/org/apache/hadoop/hadoop-minikdc/3.2.0/hadoop-minikdc-3.2.0.jar:/home/user/.m2/repository/commons-io/commons-io/2.5/commons-io-2.5.jar:/home/user/.m2/repository/org/apache/kerby/kerb-simplekdc/1.0.1/kerb-simplekdc-1.0.1.jar:/home/user/.m2/repository/org/apache/kerby/kerb-client/1.0.1/kerb-client-1.0.1.jar:/home/user/.m2/repository/org/apache/kerby/kerby-config/1.0.1/kerby-config-1.0.1.jar:/home/user/.m2/repository/org/apache/kerby/kerb-core/1.0.1/kerb-core-1.0.1.jar:/home/user/.m2/repository/org/apache/kerby/kerby-pkix/1.0.1/kerby-pkix-1.0.1.jar:/home/user/.m2/repository/org/apache/kerby/kerby-asn1/1.0.1/kerby-asn1-1.0.1.jar:/home/user/.m2/repository/org/apache/kerby/kerby-util/1.0.1/kerby-util-1.0.1.jar:/home/user/.m2/repository/org/apache/kerby/kerb-common/1.0.1/kerb-common-1.0.1.jar:/home/user/.m2/repository/org/apache/kerby/kerb-crypto/1.0.1/kerb-crypto-1.0.1.jar:/home/user/.m2/repository/org/apache/kerby/kerb-util/1.0.1/kerb-util-1.0.1.jar:/home/user/.m2/repository/org/apache/kerby/token-provider/1.0.1/token-provider-1.0.1.jar:/home/user/.m2/repository/org/apache/kerby/kerb-admin/1.0.1/kerb-admin-1.0.1.jar:/home/user/.m2/repository/org/apache/kerby/kerb-server/1.0.1/kerb-server-1.0.1.jar:/home/user/.m2/repository/org/apache/kerby/kerb-identity/1.0.1/kerb-identity-1.0.1.jar:/home/user/.m2/repository/org/apache/kerby/kerby-xdr/1.0.1/kerby-xdr-1.0.1.jar:/home/user/.m2/repository/org/slf4j/slf4j-log4j12/1.7.25/slf4j-log4j12-1.7.25.jar:/home/user/.m2/repository/org/apache/hadoop/hadoop-ozone-objectstore-service/0.5.0-SNAPSHOT/hadoop-ozone-objectstore-service-0.5.0-SNAPSHOT.jar:/home/user/.m2/repository/org/apache/hadoop/hadoop-ozone-s3gateway/0.5.0-SNAPSHOT/hadoop-ozone-s3gateway-0.5.0-SNAPSHOT.jar:/home/user/.m2/repository/org/jboss/weld/servlet/weld-servlet/2.4.7.Final/weld-servlet-2.4.7.Final.jar:/home/user/.m2/repository/org/glassfish/jersey/containers/jersey-container-servlet-core/2.27/jersey-container-servlet-core-2.27.jar:/home/user/.m2/repository/org/glassfish/hk2/external/javax.inject/2.5.0-b42/javax.inject-2.5.0-b42.jar:/home/user/.m2/repository/org/glassfish/jersey/core/jersey-common/2.27/jersey-common-2.27.jar:/home/user/.m2/repository/org/glassfish/hk2/osgi-resource-locator/1.0.1/osgi-resource-locator-1.0.1.jar:/home/user/.m2/repository/javax/ws/rs/javax.ws.rs-api/2.1/javax.ws.rs-api-2.1.jar:/home/user/.m2/repository/org/glassfish/jersey/ext/cdi/jersey-cdi1x/2.27/jersey-cdi1x-2.27.jar:/home/user/.m2/repository/org/glassfish/jersey/inject/jersey-hk2/2.27/jersey-hk2-2.27.jar:/home/user/.m2/repository/org/glassfish/hk2/hk2-locator/2.5.0-b42/hk2-locator-2.5.0-b42.jar:/home/user/.m2/repository/org/javassist/javassist/3.22.0-CR2/javassist-3.22.0-CR2.jar:/home/user/.m2/repository/org/glassfish/hk2/hk2-api/2.5.0/hk2-api-2.5.0.jar:/home/user/.m2/repository/org/glassfish/hk2/external/jakarta.inject/2.5.0/jakarta.inject-2.5.0.jar:/home/user/.m2/repository/org/glassfish/hk2/hk2-utils/2.5.0/hk2-utils-2.5.0.jar:/home/user/.m2/repository/jakarta/annotation/jakarta.annotation-api/1.3.4/jakarta.annotation-api-1.3.4.jar:/home/user/.m2/repository/org/glassfish/hk2/external/aopalliance-repackaged/2.5.0/aopalliance-repackaged-2.5.0.jar:/home/user/.m2/repository/com/fasterxml/jackson/dataformat/jackson-dataformat-xml/2.9.0/jackson-dataformat-xml-2.9.0.jar:/home/user/.m2/repository/com/fasterxml/jackson/core/jackson-core/2.9.5/jackson-core-2.9.5.jar:/home/user/.m2/repository/com/fasterxml/jackson/module/jackson-module-jaxb-annotations/2.9.5/jackson-module-jaxb-annotations-2.9.5.jar:/home/user/.m2/repository/javax/enterprise/cdi-api/1.2/cdi-api-1.2.jar:/home/user/.m2/repository/javax/el/javax.el-api/3.0.0/javax.el-api-3.0.0.jar:/home/user/.m2/repository/javax/interceptor/javax.interceptor-api/1.2/javax.interceptor-api-1.2.jar:/home/user/.m2/repository/javax/inject/javax.inject/1/javax.inject-1.jar:/home/user/.m2/repository/com/sun/xml/bind/jaxb-impl/2.3.0.1/jaxb-impl-2.3.0.1.jar:/home/user/.m2/repository/com/sun/xml/bind/jaxb-core/2.3.0.1/jaxb-core-2.3.0.1.jar:/home/user/.m2/repository/javax/xml/bind/jaxb-api/2.3.0/jaxb-api-2.3.0.jar:/home/user/.m2/repository/javax/activation/activation/1.1.1/activation-1.1.1.jar:/home/user/.m2/repository/org/apache/hadoop/hadoop-ozone-csi/0.5.0-SNAPSHOT/hadoop-ozone-csi-0.5.0-SNAPSHOT.jar:/home/user/.m2/repository/com/google/protobuf/protobuf-java-util/3.5.1/protobuf-java-util-3.5.1.jar:/home/user/.m2/repository/org/apache/hadoop/hadoop-hdds-config/0.5.0-SNAPSHOT/hadoop-hdds-config-0.5.0-SNAPSHOT.jar:/home/user/.m2/repository/io/grpc/grpc-netty/1.17.1/grpc-netty-1.17.1.jar:/home/user/.m2/repository/io/grpc/grpc-core/1.17.1/grpc-core-1.17.1.jar:/home/user/.m2/repository/io/grpc/grpc-context/1.17.1/grpc-context-1.17.1.jar:/home/user/.m2/repository/com/google/errorprone/error_prone_annotations/2.2.0/error_prone_annotations-2.2.0.jar:/home/user/.m2/repository/org/codehaus/mojo/animal-sniffer-annotations/1.17/animal-sniffer-annotations-1.17.jar:/home/user/.m2/repository/io/opencensus/opencensus-api/0.17.0/opencensus-api-0.17.0.jar:/home/user/.m2/repository/io/opencensus/opencensus-contrib-grpc-metrics/0.17.0/opencensus-contrib-grpc-metrics-0.17.0.jar:/home/user/.m2/repository/io/netty/netty-codec-http2/4.1.30.Final/netty-codec-http2-4.1.30.Final.jar:/home/user/.m2/repository/io/netty/netty-codec-http/4.1.30.Final/netty-codec-http-4.1.30.Final.jar:/home/user/.m2/repository/io/netty/netty-codec/4.1.30.Final/netty-codec-4.1.30.Final.jar:/home/user/.m2/repository/io/netty/netty-handler/4.1.30.Final/netty-handler-4.1.30.Final.jar:/home/user/.m2/repository/io/netty/netty-handler-proxy/4.1.30.Final/netty-handler-proxy-4.1.30.Final.jar:/home/user/.m2/repository/io/netty/netty-codec-socks/4.1.30.Final/netty-codec-socks-4.1.30.Final.jar:/home/user/.m2/repository/io/netty/netty-transport-native-epoll/4.1.30.Final/netty-transport-native-epoll-4.1.30.Final.jar:/home/user/.m2/repository/io/netty/netty-common/4.1.30.Final/netty-common-4.1.30.Final.jar:/home/user/.m2/repository/io/netty/netty-buffer/4.1.30.Final/netty-buffer-4.1.30.Final.jar:/home/user/.m2/repository/io/netty/netty-transport/4.1.30.Final/netty-transport-4.1.30.Final.jar:/home/user/.m2/repository/io/netty/netty-resolver/4.1.30.Final/netty-resolver-4.1.30.Final.jar:/home/user/.m2/repository/io/netty/netty-transport-native-unix-common/4.1.30.Final/netty-transport-native-unix-common-4.1.30.Final.jar:/home/user/.m2/repository/io/grpc/grpc-protobuf/1.17.1/grpc-protobuf-1.17.1.jar:/home/user/.m2/repository/com/google/api/grpc/proto-google-common-protos/1.0.0/proto-google-common-protos-1.0.0.jar:/home/user/.m2/repository/io/grpc/grpc-protobuf-lite/1.17.1/grpc-protobuf-lite-1.17.1.jar:/home/user/.m2/repository/io/grpc/grpc-stub/1.17.1/grpc-stub-1.17.1.jar:/home/user/.m2/repository/org/apache/hadoop/hadoop-ozone-recon/0.5.0-SNAPSHOT/hadoop-ozone-recon-0.5.0-SNAPSHOT.jar:/home/user/.m2/repository/org/apache/hadoop/hadoop-ozone-reconcodegen/0.5.0-SNAPSHOT/hadoop-ozone-reconcodegen-0.5.0-SNAPSHOT.jar:/home/user/.m2/repository/com/google/inject/extensions/guice-multibindings/4.0/guice-multibindings-4.0.jar:/home/user/.m2/repository/com/google/inject/guice/4.0/guice-4.0.jar:/home/user/.m2/repository/aopalliance/aopalliance/1.0/aopalliance-1.0.jar:/home/user/.m2/repository/com/google/inject/extensions/guice-servlet/4.0/guice-servlet-4.0.jar:/home/user/.m2/repository/org/glassfish/jersey/containers/jersey-container-servlet/2.27/jersey-container-servlet-2.27.jar:/home/user/.m2/repository/org/glassfish/hk2/guice-bridge/2.5.0/guice-bridge-2.5.0.jar:/home/user/.m2/repository/org/glassfish/jersey/core/jersey-server/2.27/jersey-server-2.27.jar:/home/user/.m2/repository/org/glassfish/jersey/core/jersey-client/2.27/jersey-client-2.27.jar:/home/user/.m2/repository/org/glassfish/jersey/media/jersey-media-jaxb/2.27/jersey-media-jaxb-2.27.jar:/home/user/.m2/repository/javax/validation/validation-api/1.1.0.Final/validation-api-1.1.0.Final.jar:/home/user/.m2/repository/org/glassfish/jersey/media/jersey-media-json-jackson/2.27/jersey-media-json-jackson-2.27.jar:/home/user/.m2/repository/org/glassfish/jersey/ext/jersey-entity-filtering/2.27/jersey-entity-filtering-2.27.jar:/home/user/.m2/repository/com/google/inject/extensions/guice-assistedinject/4.0/guice-assistedinject-4.0.jar:/home/user/.m2/repository/org/jooq/jooq/3.11.10/jooq-3.11.10.jar:/home/user/.m2/repository/org/jooq/jooq-meta/3.11.10/jooq-meta-3.11.10.jar:/home/user/.m2/repository/org/jooq/jooq-codegen/3.11.10/jooq-codegen-3.11.10.jar:/home/user/.m2/repository/com/jolbox/bonecp/0.8.0.RELEASE/bonecp-0.8.0.RELEASE.jar:/home/user/.m2/repository/org/xerial/sqlite-jdbc/3.25.2/sqlite-jdbc-3.25.2.jar:/home/user/.m2/repository/org/springframework/spring-jdbc/5.1.3.RELEASE/spring-jdbc-5.1.3.RELEASE.jar:/home/user/.m2/repository/org/springframework/spring-beans/5.1.3.RELEASE/spring-beans-5.1.3.RELEASE.jar:/home/user/.m2/repository/org/springframework/spring-core/5.1.3.RELEASE/spring-core-5.1.3.RELEASE.jar:/home/user/.m2/repository/org/springframework/spring-jcl/5.1.3.RELEASE/spring-jcl-5.1.3.RELEASE.jar:/home/user/.m2/repository/org/springframework/spring-tx/5.1.3.RELEASE/spring-tx-5.1.3.RELEASE.jar:/home/user/.m2/repository/org/apache/hadoop/hadoop-ozone-client/0.5.0-SNAPSHOT/hadoop-ozone-client-0.5.0-SNAPSHOT.jar:/home/user/.m2/repository/commons-lang/commons-lang/2.6/commons-lang-2.6.jar:/home/user/.m2/repository/org/apache/hadoop/hadoop-ozone-ozone-manager/0.5.0-SNAPSHOT/hadoop-ozone-ozone-manager-0.5.0-SNAPSHOT-tests.jar:/home/user/.m2/repository/junit/junit/4.11/junit-4.11.jar:/home/user/.m2/repository/org/hamcrest/hamcrest-core/1.3/hamcrest-core-1.3.jar:/home/user/.m2/repository/org/openjdk/jmh/jmh-core/1.19/jmh-core-1.19.jar:/home/user/.m2/repository/net/sf/jopt-simple/jopt-simple/4.6/jopt-simple-4.6.jar:/home/user/.m2/repository/org/apache/commons/commons-math3/3.1.1/commons-math3-3.1.1.jar:/home/user/.m2/repository/org/openjdk/jmh/jmh-generator-annprocess/1.19/jmh-generator-annprocess-1.19.jar:/home/user/.m2/repository/org/mockito/mockito-all/1.8.5/mockito-all-1.8.5.jar:/home/user/.m2/repository/org/apache/hadoop/hadoop-kms/3.2.0/hadoop-kms-3.2.0.jar:/home/user/.m2/repository/org/apache/hadoop/hadoop-auth/3.2.0/hadoop-auth-3.2.0.jar:/home/user/.m2/repository/com/nimbusds/nimbus-jose-jwt/4.41.1/nimbus-jose-jwt-4.41.1.jar:/home/user/.m2/repository/com/github/stephenc/jcip/jcip-annotations/1.0-1/jcip-annotations-1.0-1.jar:/home/user/.m2/repository/net/minidev/json-smart/2.3/json-smart-2.3.jar:/home/user/.m2/repository/net/minidev/accessors-smart/1.2/accessors-smart-1.2.jar:/home/user/.m2/repository/org/ow2/asm/asm/5.0.4/asm-5.0.4.jar:/home/user/.m2/repository/org/apache/curator/curator-framework/2.12.0/curator-framework-2.12.0.jar:/home/user/.m2/repository/com/sun/jersey/jersey-core/1.19/jersey-core-1.19.jar:/home/user/.m2/repository/javax/ws/rs/jsr311-api/1.1.1/jsr311-api-1.1.1.jar:/home/user/.m2/repository/com/sun/jersey/jersey-server/1.19/jersey-server-1.19.jar:/home/user/.m2/repository/javax/servlet/javax.servlet-api/3.1.0/javax.servlet-api-3.1.0.jar:/home/user/.m2/repository/org/eclipse/jetty/jetty-server/9.3.24.v20180605/jetty-server-9.3.24.v20180605.jar:/home/user/.m2/repository/org/eclipse/jetty/jetty-http/9.3.24.v20180605/jetty-http-9.3.24.v20180605.jar:/home/user/.m2/repository/org/eclipse/jetty/jetty-io/9.3.24.v20180605/jetty-io-9.3.24.v20180605.jar:/home/user/.m2/repository/org/eclipse/jetty/jetty-webapp/9.3.24.v20180605/jetty-webapp-9.3.24.v20180605.jar:/home/user/.m2/repository/org/eclipse/jetty/jetty-xml/9.3.24.v20180605/jetty-xml-9.3.24.v20180605.jar:/home/user/.m2/repository/log4j/log4j/1.2.17/log4j-1.2.17.jar:/home/user/.m2/repository/org/slf4j/slf4j-api/1.7.25/slf4j-api-1.7.25.jar:/home/user/.m2/repository/org/slf4j/jul-to-slf4j/1.7.25/jul-to-slf4j-1.7.25.jar:/home/user/.m2/repository/org/eclipse/jetty/jetty-util/9.3.24.v20180605/jetty-util-9.3.24.v20180605.jar:/home/user/.m2/repository/com/fasterxml/jackson/core/jackson-databind/2.9.5/jackson-databind-2.9.5.jar:/home/user/.m2/repository/org/apache/hadoop/hadoop-kms/3.2.0/hadoop-kms-3.2.0-tests.jar:/home/user/.m2/repository/org/apache/hadoop/hadoop-hdds-server-scm/0.5.0-SNAPSHOT/hadoop-hdds-server-scm-0.5.0-SNAPSHOT-tests.jar:/home/user/.m2/repository/org/apache/hadoop/hadoop-hdds-container-service/0.5.0-SNAPSHOT/hadoop-hdds-container-service-0.5.0-SNAPSHOT-tests.jar:/home/user/.m2/repository/org/yaml/snakeyaml/1.16/snakeyaml-1.16.jar:/home/user/.m2/repository/org/apache/hadoop/hadoop-common/3.2.0/hadoop-common-3.2.0-tests.jar:/home/user/.m2/repository/org/apache/hadoop/hadoop-annotations/3.2.0/hadoop-annotations-3.2.0.jar:/usr/lib/jvm/java-1.8-openjdk/jre/../lib/tools.jar:/home/user/.m2/repository/commons-cli/commons-cli/1.2/commons-cli-1.2.jar:/home/user/.m2/repository/org/apache/httpcomponents/httpclient/4.5.2/httpclient-4.5.2.jar:/home/user/.m2/repository/org/apache/httpcomponents/httpcore/4.4.4/httpcore-4.4.4.jar:/home/user/.m2/repository/commons-codec/commons-codec/1.11/commons-codec-1.11.jar:/home/user/.m2/repository/commons-net/commons-net/3.6/commons-net-3.6.jar:/home/user/.m2/repository/commons-collections/commons-collections/3.2.2/commons-collections-3.2.2.jar:/home/user/.m2/repository/org/eclipse/jetty/jetty-servlet/9.3.24.v20180605/jetty-servlet-9.3.24.v20180605.jar:/home/user/.m2/repository/org/eclipse/jetty/jetty-security/9.3.24.v20180605/jetty-security-9.3.24.v20180605.jar:/home/user/.m2/repository/javax/servlet/jsp/jsp-api/2.1/jsp-api-2.1.jar:/home/user/.m2/repository/com/sun/jersey/jersey-servlet/1.19/jersey-servlet-1.19.jar:/home/user/.m2/repository/com/sun/jersey/jersey-json/1.19/jersey-json-1.19.jar:/home/user/.m2/repository/org/codehaus/jettison/jettison/1.1/jettison-1.1.jar:/home/user/.m2/repository/org/codehaus/jackson/jackson-core-asl/1.9.13/jackson-core-asl-1.9.13.jar:/home/user/.m2/repository/org/codehaus/jackson/jackson-mapper-asl/1.9.13/jackson-mapper-asl-1.9.13.jar:/home/user/.m2/repository/org/codehaus/jackson/jackson-jaxrs/1.9.13/jackson-jaxrs-1.9.13.jar:/home/user/.m2/repository/org/codehaus/jackson/jackson-xc/1.9.13/jackson-xc-1.9.13.jar:/home/user/.m2/repository/commons-logging/commons-logging/1.1.3/commons-logging-1.1.3.jar:/home/user/.m2/repository/commons-beanutils/commons-beanutils/1.9.3/commons-beanutils-1.9.3.jar:/home/user/.m2/repository/org/apache/commons/commons-configuration2/2.1.1/commons-configuration2-2.1.1.jar:/home/user/.m2/repository/org/apache/commons/commons-lang3/3.7/commons-lang3-3.7.jar:/home/user/.m2/repository/org/apache/commons/commons-text/1.4/commons-text-1.4.jar:/home/user/.m2/repository/org/apache/avro/avro/1.7.7/avro-1.7.7.jar:/home/user/.m2/repository/com/thoughtworks/paranamer/paranamer/2.3/paranamer-2.3.jar:/home/user/.m2/repository/org/xerial/snappy/snappy-java/1.0.5/snappy-java-1.0.5.jar:/home/user/.m2/repository/com/google/re2j/re2j/1.1/re2j-1.1.jar:/home/user/.m2/repository/com/google/code/gson/gson/2.2.4/gson-2.2.4.jar:/home/user/.m2/repository/com/jcraft/jsch/0.1.54/jsch-0.1.54.jar:/home/user/.m2/repository/org/apache/curator/curator-client/2.12.0/curator-client-2.12.0.jar:/home/user/.m2/repository/org/apache/curator/curator-recipes/2.12.0/curator-recipes-2.12.0.jar:/home/user/.m2/repository/com/google/code/findbugs/jsr305/3.0.0/jsr305-3.0.0.jar:/home/user/.m2/repository/org/apache/htrace/htrace-core4/4.1.0-incubating/htrace-core4-4.1.0-incubating.jar:/home/user/.m2/repository/org/apache/zookeeper/zookeeper/3.4.13/zookeeper-3.4.13.jar:/home/user/.m2/repository/org/apache/yetus/audience-annotations/0.5.0/audience-annotations-0.5.0.jar:/home/user/.m2/repository/org/codehaus/woodstox/stax2-api/3.1.4/stax2-api-3.1.4.jar:/home/user/.m2/repository/com/fasterxml/woodstox/woodstox-core/5.0.3/woodstox-core-5.0.3.jar:/home/user/.m2/repository/dnsjava/dnsjava/2.1.7/dnsjava-2.1.7.jar:/home/user/.m2/repository/org/apache/hadoop/hadoop-hdfs/3.2.0/hadoop-hdfs-3.2.0-tests.jar:/home/user/.m2/repository/org/eclipse/jetty/jetty-util-ajax/9.3.24.v20180605/jetty-util-ajax-9.3.24.v20180605.jar:/home/user/.m2/repository/commons-daemon/commons-daemon/1.0.13/commons-daemon-1.0.13.jar:/home/user/.m2/repository/io/netty/netty/3.10.5.Final/netty-3.10.5.Final.jar:/home/user/.m2/repository/io/netty/netty-all/4.0.52.Final/netty-all-4.0.52.Final.jar:/home/user/.m2/repository/org/fusesource/leveldbjni/leveldbjni-all/1.8/leveldbjni-all-1.8.jar:"/>
    <property name="sun.cpu.endian" value="little"/>
    <property name="user.home" value="/home/user"/>
    <property name="user.language" value="en"/>
    <property name="java.specification.vendor" value="Oracle Corporation"/>
    <property name="java.home" value="/usr/lib/jvm/java-1.8-openjdk/jre"/>
    <property name="java.security.krb5.conf" value="/workdir/hadoop-ozone/integration-test/target/test-classes/krb5.conf"/>
    <property name="basedir" value="/workdir/hadoop-ozone/integration-test"/>
    <property name="file.separator" value="/"/>
    <property name="line.separator" value="&#10;"/>
    <property name="java.vm.specification.vendor" value="Oracle Corporation"/>
    <property name="java.specification.name" value="Java Platform API Specification"/>
    <property name="java.awt.graphicsenv" value="sun.awt.X11GraphicsEnvironment"/>
    <property name="surefire.real.class.path" value="/workdir/hadoop-ozone/integration-test/target/surefire/surefirebooter695691656414192434.jar"/>
    <property name="hadoop.log.dir" value="/workdir/hadoop-ozone/integration-test/target/log"/>
    <property name="sun.boot.class.path" value="/usr/lib/jvm/java-1.8-openjdk/jre/lib/resources.jar:/usr/lib/jvm/java-1.8-openjdk/jre/lib/rt.jar:/usr/lib/jvm/java-1.8-openjdk/jre/lib/sunrsasign.jar:/usr/lib/jvm/java-1.8-openjdk/jre/lib/jsse.jar:/usr/lib/jvm/java-1.8-openjdk/jre/lib/jce.jar:/usr/lib/jvm/java-1.8-openjdk/jre/lib/charsets.jar:/usr/lib/jvm/java-1.8-openjdk/jre/lib/jfr.jar:/usr/lib/jvm/java-1.8-openjdk/jre/classes"/>
    <property name="sun.management.compiler" value="HotSpot 64-Bit Tiered Compilers"/>
    <property name="java.runtime.version" value="1.8.0_212-b04"/>
    <property name="java.net.preferIPv4Stack" value="true"/>
    <property name="user.name" value="jenkins1000"/>
    <property name="path.separator" value=":"/>
    <property name="java.security.egd" value="file:///dev/urandom"/>
    <property name="os.version" value="3.10.0-957.12.2.el7.x86_64"/>
    <property name="java.endorsed.dirs" value="/usr/lib/jvm/java-1.8-openjdk/jre/lib/endorsed"/>
    <property name="java.runtime.name" value="OpenJDK Runtime Environment"/>
    <property name="file.encoding" value="UTF-8"/>
    <property name="java.vm.name" value="OpenJDK 64-Bit Server VM"/>
    <property name="test.build.webapps" value=""/>
    <property name="localRepository" value="/home/user/.m2/repository"/>
    <property name="java.vendor.url.bug" value="https://icedtea.classpath.org/bugzilla"/>
    <property name="java.io.tmpdir" value="/tmp"/>
    <property name="require.test.libhadoop" value=""/>
    <property name="java.version" value="1.8.0_212"/>
    <property name="user.dir" value="/workdir/hadoop-ozone/integration-test"/>
    <property name="os.arch" value="amd64"/>
    <property name="java.vm.specification.name" value="Java Virtual Machine Specification"/>
    <property name="test.build.classes" value="/workdir/hadoop-ozone/integration-test/target/test-classes"/>
    <property name="java.awt.printerjob" value="sun.print.PSPrinterJob"/>
    <property name="sun.os.patch.level" value="unknown"/>
    <property name="hadoop.tmp.dir" value="/workdir/hadoop-ozone/integration-test/target/tmp"/>
    <property name="java.library.path" value="/usr/lib/jvm/java-1.8-openjdk/jre/lib/amd64/server:/usr/lib/jvm/java-1.8-openjdk/jre/lib/amd64:/usr/lib/jvm/java-1.8-openjdk/jre/../lib/amd64:/workdir/hadoop-ozone/integration-test/target/native/target/usr/local/lib:/workdir/hadoop-ozone/integration-test/../../hadoop-common-project/hadoop-common/target/native/target/usr/local/lib:/usr/java/packages/lib/amd64:/usr/lib64:/lib64:/lib:/usr/lib"/>
    <property name="java.vm.info" value="mixed mode"/>
    <property name="java.vendor" value="IcedTea"/>
    <property name="java.vm.version" value="25.212-b04"/>
    <property name="java.ext.dirs" value="/usr/lib/jvm/java-1.8-openjdk/jre/lib/ext:/usr/java/packages/lib/ext"/>
    <property name="sun.io.unicode.encoding" value="UnicodeLittle"/>
    <property name="java.class.version" value="52.0"/>
  </properties>
  <testcase name="testReleaseBuffers" classname="org.apache.hadoop.ozone.client.rpc.TestCommitWatcher" time="5.979"/>
  <testcase name="testReleaseBuffersOnException" classname="org.apache.hadoop.ozone.client.rpc.TestCommitWatcher" time="14.781">
    <failure type="java.lang.AssertionError">java.lang.AssertionError
	at org.junit.Assert.fail(Assert.java:86)
	at org.junit.Assert.assertTrue(Assert.java:41)
	at org.junit.Assert.assertTrue(Assert.java:52)
	at org.apache.hadoop.ozone.client.rpc.TestCommitWatcher.testReleaseBuffersOnException(TestCommitWatcher.java:284)
	at sun.reflect.NativeMethodAccessorImpl.invoke0(Native Method)
	at sun.reflect.NativeMethodAccessorImpl.invoke(NativeMethodAccessorImpl.java:62)
	at sun.reflect.DelegatingMethodAccessorImpl.invoke(DelegatingMethodAccessorImpl.java:43)
	at java.lang.reflect.Method.invoke(Method.java:498)
	at org.junit.runners.model.FrameworkMethod$1.runReflectiveCall(FrameworkMethod.java:47)
	at org.junit.internal.runners.model.ReflectiveCallable.run(ReflectiveCallable.java:12)
	at org.junit.runners.model.FrameworkMethod.invokeExplosively(FrameworkMethod.java:44)
	at org.junit.internal.runners.statements.InvokeMethod.evaluate(InvokeMethod.java:17)
	at org.junit.runners.ParentRunner.runLeaf(ParentRunner.java:271)
	at org.junit.runners.BlockJUnit4ClassRunner.runChild(BlockJUnit4ClassRunner.java:70)
	at org.junit.runners.BlockJUnit4ClassRunner.runChild(BlockJUnit4ClassRunner.java:50)
	at org.junit.runners.ParentRunner$3.run(ParentRunner.java:238)
	at org.junit.runners.ParentRunner$1.schedule(ParentRunner.java:63)
	at org.junit.runners.ParentRunner.runChildren(ParentRunner.java:236)
	at org.junit.runners.ParentRunner.access$000(ParentRunner.java:53)
	at org.junit.runners.ParentRunner$2.evaluate(ParentRunner.java:229)
	at org.junit.internal.runners.statements.RunBefores.evaluate(RunBefores.java:26)
	at org.junit.internal.runners.statements.RunAfters.evaluate(RunAfters.java:27)
	at org.junit.runners.ParentRunner.run(ParentRunner.java:309)
	at org.apache.maven.surefire.junit4.JUnit4Provider.execute(JUnit4Provider.java:365)
	at org.apache.maven.surefire.junit4.JUnit4Provider.executeWithRerun(JUnit4Provider.java:273)
	at org.apache.maven.surefire.junit4.JUnit4Provider.executeTestSet(JUnit4Provider.java:238)
	at org.apache.maven.surefire.junit4.JUnit4Provider.invoke(JUnit4Provider.java:159)
	at org.apache.maven.surefire.booter.ForkedBooter.invokeProviderInSameClassLoader(ForkedBooter.java:384)
	at org.apache.maven.surefire.booter.ForkedBooter.runSuitesInProcess(ForkedBooter.java:345)
	at org.apache.maven.surefire.booter.ForkedBooter.execute(ForkedBooter.java:126)
	at org.apache.maven.surefire.booter.ForkedBooter.main(ForkedBooter.java:418)
</failure>
    <system-out><![CDATA[2019-08-27 08:45:36,507 [grpc-default-executor-0] INFO  client.GrpcClientProtocolClient (GrpcClientProtocolClient.java:onNext(255)) - client-FC79D66DED4A->ddde5c7c-e9c5-4769-85d9-f016532a1403: receive RaftClientReply:client-FC79D66DED4A->ddde5c7c-e9c5-4769-85d9-f016532a1403@group-2BB13F3625B3, cid=17, FAILED org.apache.ratis.protocol.NotLeaderException: Server ddde5c7c-e9c5-4769-85d9-f016532a1403 is not the leader (null). Request must be sent to leader., logIndex=0, commits[ddde5c7c-e9c5-4769-85d9-f016532a1403:c-1]
2019-08-27 08:45:36,515 | INFO  | SCMAudit | user=jenkins1000 | ip=192.168.34.51 | op=SEND_HEARTBEAT {datanodeUUID=8dfd4e42-382c-4bf3-839c-009a43aa0523, command=[]} | ret=SUCCESS |  
2019-08-27 08:45:36,964 | INFO  | SCMAudit | user=jenkins1000 | ip=192.168.34.51 | op=SEND_HEARTBEAT {datanodeUUID=ddde5c7c-e9c5-4769-85d9-f016532a1403, command=[]} | ret=SUCCESS |  
2019-08-27 08:45:37,143 | INFO  | SCMAudit | user=jenkins1000 | ip=192.168.34.51 | op=SEND_HEARTBEAT {datanodeUUID=8289b84a-5ffc-464f-8cf9-509d8f4e99e8, command=[]} | ret=SUCCESS |  
2019-08-27 08:45:37,181 | INFO  | SCMAudit | user=jenkins1000 | ip=192.168.34.51 | op=SEND_HEARTBEAT {datanodeUUID=3d19b766-1eb7-4ca3-9243-1b4985e8cbd4, command=[]} | ret=SUCCESS |  
2019-08-27 08:45:37,225 | INFO  | SCMAudit | user=jenkins1000 | ip=192.168.34.51 | op=SEND_HEARTBEAT {datanodeUUID=7bba8b5e-5403-47cd-8c50-4a907bf09a8b, command=[]} | ret=SUCCESS |  
2019-08-27 08:45:37,225 | INFO  | SCMAudit | user=jenkins1000 | ip=192.168.34.51 | op=SEND_HEARTBEAT {datanodeUUID=e60890e4-14e0-47c0-8a01-d761be2b8c30, command=[]} | ret=SUCCESS |  
2019-08-27 08:45:37,237 | INFO  | SCMAudit | user=jenkins1000 | ip=192.168.34.51 | op=SEND_HEARTBEAT {datanodeUUID=3433d849-91ef-4a88-8360-a1556fb80019, command=[]} | ret=SUCCESS |  
2019-08-27 08:45:37,517 | INFO  | SCMAudit | user=jenkins1000 | ip=192.168.34.51 | op=SEND_HEARTBEAT {datanodeUUID=8dfd4e42-382c-4bf3-839c-009a43aa0523, command=[]} | ret=SUCCESS |  
2019-08-27 08:45:37,549 [grpc-default-executor-0] INFO  client.GrpcClientProtocolClient (GrpcClientProtocolClient.java:onNext(255)) - client-FC79D66DED4A->3433d849-91ef-4a88-8360-a1556fb80019: receive RaftClientReply:client-FC79D66DED4A->3433d849-91ef-4a88-8360-a1556fb80019@group-2BB13F3625B3, cid=17, FAILED org.apache.ratis.protocol.NotLeaderException: Server 3433d849-91ef-4a88-8360-a1556fb80019 is not the leader (null). Request must be sent to leader., logIndex=0, commits[3433d849-91ef-4a88-8360-a1556fb80019:c-1]
2019-08-27 08:45:37,965 | INFO  | SCMAudit | user=jenkins1000 | ip=192.168.34.51 | op=SEND_HEARTBEAT {datanodeUUID=ddde5c7c-e9c5-4769-85d9-f016532a1403, command=[]} | ret=SUCCESS |  
2019-08-27 08:45:38,143 | INFO  | SCMAudit | user=jenkins1000 | ip=192.168.34.51 | op=SEND_HEARTBEAT {datanodeUUID=8289b84a-5ffc-464f-8cf9-509d8f4e99e8, command=[]} | ret=SUCCESS |  
2019-08-27 08:45:38,181 | INFO  | SCMAudit | user=jenkins1000 | ip=192.168.34.51 | op=SEND_HEARTBEAT {datanodeUUID=3d19b766-1eb7-4ca3-9243-1b4985e8cbd4, command=[]} | ret=SUCCESS |  
2019-08-27 08:45:38,226 | INFO  | SCMAudit | user=jenkins1000 | ip=192.168.34.51 | op=SEND_HEARTBEAT {datanodeUUID=7bba8b5e-5403-47cd-8c50-4a907bf09a8b, command=[]} | ret=SUCCESS |  
2019-08-27 08:45:38,226 | INFO  | SCMAudit | user=jenkins1000 | ip=192.168.34.51 | op=SEND_HEARTBEAT {datanodeUUID=e60890e4-14e0-47c0-8a01-d761be2b8c30, command=[]} | ret=SUCCESS |  
2019-08-27 08:45:38,237 | INFO  | SCMAudit | user=jenkins1000 | ip=192.168.34.51 | op=SEND_HEARTBEAT {datanodeUUID=3433d849-91ef-4a88-8360-a1556fb80019, command=[]} | ret=SUCCESS |  
2019-08-27 08:45:38,514 | INFO  | SCMAudit | user=jenkins1000 | ip=192.168.34.51 | op=SEND_HEARTBEAT {datanodeUUID=8dfd4e42-382c-4bf3-839c-009a43aa0523, command=[]} | ret=SUCCESS |  
2019-08-27 08:45:38,583 [grpc-default-executor-3] INFO  client.GrpcClientProtocolClient (GrpcClientProtocolClient.java:onNext(255)) - client-FC79D66DED4A->3d19b766-1eb7-4ca3-9243-1b4985e8cbd4: receive RaftClientReply:client-FC79D66DED4A->3d19b766-1eb7-4ca3-9243-1b4985e8cbd4@group-2BB13F3625B3, cid=17, FAILED org.apache.ratis.protocol.NotLeaderException: Server 3d19b766-1eb7-4ca3-9243-1b4985e8cbd4 is not the leader (null). Request must be sent to leader., logIndex=0, commits[3d19b766-1eb7-4ca3-9243-1b4985e8cbd4:c-1]
2019-08-27 08:45:38,965 | INFO  | SCMAudit | user=jenkins1000 | ip=192.168.34.51 | op=SEND_HEARTBEAT {datanodeUUID=ddde5c7c-e9c5-4769-85d9-f016532a1403, command=[]} | ret=SUCCESS |  
2019-08-27 08:45:39,143 | INFO  | SCMAudit | user=jenkins1000 | ip=192.168.34.51 | op=SEND_HEARTBEAT {datanodeUUID=8289b84a-5ffc-464f-8cf9-509d8f4e99e8, command=[]} | ret=SUCCESS |  
2019-08-27 08:45:39,181 | INFO  | SCMAudit | user=jenkins1000 | ip=192.168.34.51 | op=SEND_HEARTBEAT {datanodeUUID=3d19b766-1eb7-4ca3-9243-1b4985e8cbd4, command=[]} | ret=SUCCESS |  
2019-08-27 08:45:39,225 | INFO  | SCMAudit | user=jenkins1000 | ip=192.168.34.51 | op=SEND_HEARTBEAT {datanodeUUID=7bba8b5e-5403-47cd-8c50-4a907bf09a8b, command=[]} | ret=SUCCESS |  
2019-08-27 08:45:39,225 | INFO  | SCMAudit | user=jenkins1000 | ip=192.168.34.51 | op=SEND_HEARTBEAT {datanodeUUID=e60890e4-14e0-47c0-8a01-d761be2b8c30, command=[]} | ret=SUCCESS |  
2019-08-27 08:45:39,237 | INFO  | SCMAudit | user=jenkins1000 | ip=192.168.34.51 | op=SEND_HEARTBEAT {datanodeUUID=3433d849-91ef-4a88-8360-a1556fb80019, command=[]} | ret=SUCCESS |  
2019-08-27 08:45:39,514 | INFO  | SCMAudit | user=jenkins1000 | ip=192.168.34.51 | op=SEND_HEARTBEAT {datanodeUUID=8dfd4e42-382c-4bf3-839c-009a43aa0523, command=[]} | ret=SUCCESS |  
2019-08-27 08:45:39,621 [grpc-default-executor-3] INFO  client.GrpcClientProtocolClient (GrpcClientProtocolClient.java:onNext(255)) - client-FC79D66DED4A->3433d849-91ef-4a88-8360-a1556fb80019: receive RaftClientReply:client-FC79D66DED4A->3433d849-91ef-4a88-8360-a1556fb80019@group-2BB13F3625B3, cid=17, FAILED org.apache.ratis.protocol.NotLeaderException: Server 3433d849-91ef-4a88-8360-a1556fb80019 is not the leader (null). Request must be sent to leader., logIndex=0, commits[3433d849-91ef-4a88-8360-a1556fb80019:c-1]
2019-08-27 08:45:39,964 | INFO  | SCMAudit | user=jenkins1000 | ip=192.168.34.51 | op=SEND_HEARTBEAT {datanodeUUID=ddde5c7c-e9c5-4769-85d9-f016532a1403, command=[]} | ret=SUCCESS |  
2019-08-27 08:45:40,144 | INFO  | SCMAudit | user=jenkins1000 | ip=192.168.34.51 | op=SEND_HEARTBEAT {datanodeUUID=8289b84a-5ffc-464f-8cf9-509d8f4e99e8, command=[]} | ret=SUCCESS |  
2019-08-27 08:45:40,181 | INFO  | SCMAudit | user=jenkins1000 | ip=192.168.34.51 | op=SEND_HEARTBEAT {datanodeUUID=3d19b766-1eb7-4ca3-9243-1b4985e8cbd4, command=[]} | ret=SUCCESS |  
2019-08-27 08:45:40,225 | INFO  | SCMAudit | user=jenkins1000 | ip=192.168.34.51 | op=SEND_HEARTBEAT {datanodeUUID=7bba8b5e-5403-47cd-8c50-4a907bf09a8b, command=[]} | ret=SUCCESS |  
2019-08-27 08:45:40,225 | INFO  | SCMAudit | user=jenkins1000 | ip=192.168.34.51 | op=SEND_HEARTBEAT {datanodeUUID=e60890e4-14e0-47c0-8a01-d761be2b8c30, command=[]} | ret=SUCCESS |  
2019-08-27 08:45:40,237 | INFO  | SCMAudit | user=jenkins1000 | ip=192.168.34.51 | op=SEND_HEARTBEAT {datanodeUUID=3433d849-91ef-4a88-8360-a1556fb80019, command=[]} | ret=SUCCESS |  
2019-08-27 08:45:40,513 | INFO  | SCMAudit | user=jenkins1000 | ip=192.168.34.51 | op=SEND_HEARTBEAT {datanodeUUID=8dfd4e42-382c-4bf3-839c-009a43aa0523, command=[]} | ret=SUCCESS |  
2019-08-27 08:45:40,562 [Thread-336] INFO  impl.FollowerState (FollowerState.java:run(106)) - 3433d849-91ef-4a88-8360-a1556fb80019:group-2BB13F3625B3 changes to CANDIDATE, lastRpcTime:5103, electionTimeout:5102ms
2019-08-27 08:45:40,565 [Thread-336] INFO  impl.RoleInfo (RoleInfo.java:shutdownFollowerState(121)) - 3433d849-91ef-4a88-8360-a1556fb80019: shutdown FollowerState
2019-08-27 08:45:40,565 [Thread-336] INFO  impl.RaftServerImpl (RaftServerImpl.java:setRole(171)) - 3433d849-91ef-4a88-8360-a1556fb80019:group-2BB13F3625B3 changes role from FOLLOWER to CANDIDATE at term 1 for changeToCandidate
2019-08-27 08:45:40,566 [Thread-336] INFO  impl.RoleInfo (RoleInfo.java:updateAndGet(143)) - 3433d849-91ef-4a88-8360-a1556fb80019: start LeaderElection
2019-08-27 08:45:40,584 [3433d849-91ef-4a88-8360-a1556fb80019:group-2BB13F3625B3:LeaderElection13] INFO  impl.LeaderElection (LeaderElection.java:askForVotes(181)) - 3433d849-91ef-4a88-8360-a1556fb80019:group-2BB13F3625B3:LeaderElection13: begin an election at term 2 for -1: [3433d849-91ef-4a88-8360-a1556fb80019:192.168.34.51:41807, ddde5c7c-e9c5-4769-85d9-f016532a1403:192.168.34.51:42640, 3d19b766-1eb7-4ca3-9243-1b4985e8cbd4:192.168.34.51:34534], old=null
2019-08-27 08:45:40,593 [grpc-default-executor-0] INFO  impl.RaftServerImpl (RaftServerImpl.java:setRole(171)) - 3d19b766-1eb7-4ca3-9243-1b4985e8cbd4:group-2BB13F3625B3 changes role from FOLLOWER to FOLLOWER at term 2 for recognizeCandidate:3433d849-91ef-4a88-8360-a1556fb80019
2019-08-27 08:45:40,593 [grpc-default-executor-3] INFO  impl.RaftServerImpl (RaftServerImpl.java:setRole(171)) - ddde5c7c-e9c5-4769-85d9-f016532a1403:group-2BB13F3625B3 changes role from FOLLOWER to FOLLOWER at term 2 for recognizeCandidate:3433d849-91ef-4a88-8360-a1556fb80019
2019-08-27 08:45:40,593 [grpc-default-executor-0] INFO  impl.RoleInfo (RoleInfo.java:shutdownFollowerState(121)) - 3d19b766-1eb7-4ca3-9243-1b4985e8cbd4: shutdown FollowerState
2019-08-27 08:45:40,593 [grpc-default-executor-3] INFO  impl.RoleInfo (RoleInfo.java:shutdownFollowerState(121)) - ddde5c7c-e9c5-4769-85d9-f016532a1403: shutdown FollowerState
2019-08-27 08:45:40,593 [grpc-default-executor-0] INFO  impl.RoleInfo (RoleInfo.java:updateAndGet(143)) - 3d19b766-1eb7-4ca3-9243-1b4985e8cbd4: start FollowerState
2019-08-27 08:45:40,594 [Thread-334] INFO  impl.FollowerState (FollowerState.java:run(114)) - ddde5c7c-e9c5-4769-85d9-f016532a1403: FollowerState was interrupted: java.lang.InterruptedException: sleep interrupted
2019-08-27 08:45:40,594 [grpc-default-executor-3] INFO  impl.RoleInfo (RoleInfo.java:updateAndGet(143)) - ddde5c7c-e9c5-4769-85d9-f016532a1403: start FollowerState
2019-08-27 08:45:40,594 [Thread-338] INFO  impl.FollowerState (FollowerState.java:run(114)) - 3d19b766-1eb7-4ca3-9243-1b4985e8cbd4: FollowerState was interrupted: java.lang.InterruptedException: sleep interrupted
2019-08-27 08:45:40,609 [3433d849-91ef-4a88-8360-a1556fb80019:group-2BB13F3625B3:LeaderElection13] INFO  impl.LeaderElection (LeaderElection.java:logAndReturn(56)) - 3433d849-91ef-4a88-8360-a1556fb80019:group-2BB13F3625B3:LeaderElection13: Election PASSED; received 1 response(s) [3433d849-91ef-4a88-8360-a1556fb80019<-3d19b766-1eb7-4ca3-9243-1b4985e8cbd4#0:OK-t2] and 0 exception(s); 3433d849-91ef-4a88-8360-a1556fb80019:t2, leader=null, voted=3433d849-91ef-4a88-8360-a1556fb80019, raftlog=3433d849-91ef-4a88-8360-a1556fb80019-SegmentedRaftLog:OPENED:c-1,f-1,i0, conf=-1: [3433d849-91ef-4a88-8360-a1556fb80019:192.168.34.51:41807, ddde5c7c-e9c5-4769-85d9-f016532a1403:192.168.34.51:42640, 3d19b766-1eb7-4ca3-9243-1b4985e8cbd4:192.168.34.51:34534], old=null
2019-08-27 08:45:40,609 [3433d849-91ef-4a88-8360-a1556fb80019:group-2BB13F3625B3:LeaderElection13] INFO  impl.RoleInfo (RoleInfo.java:shutdownLeaderElection(134)) - 3433d849-91ef-4a88-8360-a1556fb80019: shutdown LeaderElection
2019-08-27 08:45:40,609 [3433d849-91ef-4a88-8360-a1556fb80019:group-2BB13F3625B3:LeaderElection13] INFO  impl.RaftServerImpl (RaftServerImpl.java:setRole(171)) - 3433d849-91ef-4a88-8360-a1556fb80019:group-2BB13F3625B3 changes role from CANDIDATE to LEADER at term 2 for changeToLeader
2019-08-27 08:45:40,612 [3433d849-91ef-4a88-8360-a1556fb80019:group-2BB13F3625B3:LeaderElection13] INFO  impl.RaftServerImpl (ServerState.java:setLeader(263)) - 3433d849-91ef-4a88-8360-a1556fb80019:group-2BB13F3625B3 change Leader from null to 3433d849-91ef-4a88-8360-a1556fb80019 at term 2 for becomeLeader, leader elected after 10441ms
2019-08-27 08:45:40,613 [3433d849-91ef-4a88-8360-a1556fb80019:group-2BB13F3625B3:LeaderElection13] INFO  server.RaftServerConfigKeys (ConfUtils.java:logGet(43)) - raft.server.staging.catchup.gap = 1000 (default)
2019-08-27 08:45:40,613 [3433d849-91ef-4a88-8360-a1556fb80019:group-2BB13F3625B3:LeaderElection13] INFO  server.RaftServerConfigKeys (ConfUtils.java:logGet(43)) - raft.server.rpc.sleep.time = 25ms (default)
2019-08-27 08:45:40,613 [3433d849-91ef-4a88-8360-a1556fb80019:group-2BB13F3625B3:LeaderElection13] INFO  server.RaftServerConfigKeys (ConfUtils.java:logGet(43)) - raft.server.write.element-limit = 4096 (default)
2019-08-27 08:45:40,613 [3433d849-91ef-4a88-8360-a1556fb80019:group-2BB13F3625B3:LeaderElection13] INFO  server.RaftServerConfigKeys (ConfUtils.java:logGet(43)) - raft.server.watch.timeout = 10s (default)
2019-08-27 08:45:40,613 [3433d849-91ef-4a88-8360-a1556fb80019:group-2BB13F3625B3:LeaderElection13] INFO  server.RaftServerConfigKeys (ConfUtils.java:logGet(43)) - raft.server.watch.timeout.denomination = 1s (default)
2019-08-27 08:45:40,614 [3433d849-91ef-4a88-8360-a1556fb80019:group-2BB13F3625B3:LeaderElection13] INFO  server.RaftServerConfigKeys (ConfUtils.java:logGet(43)) - raft.server.watch.element-limit = 65536 (default)
2019-08-27 08:45:40,614 [3433d849-91ef-4a88-8360-a1556fb80019:group-2BB13F3625B3:LeaderElection13] INFO  server.RaftServerConfigKeys (ConfUtils.java:logGet(43)) - raft.server.log.appender.snapshot.chunk.size.max = 16MB (=16777216) (default)
2019-08-27 08:45:40,614 [3433d849-91ef-4a88-8360-a1556fb80019:group-2BB13F3625B3:LeaderElection13] INFO  server.RaftServerConfigKeys (ConfUtils.java:logGet(43)) - raft.server.log.appender.buffer.byte-limit = 33554432 (custom)
2019-08-27 08:45:40,614 [3433d849-91ef-4a88-8360-a1556fb80019:group-2BB13F3625B3:LeaderElection13] INFO  server.RaftServerConfigKeys (ConfUtils.java:logGet(43)) - raft.server.log.appender.buffer.element-limit = 1 (custom)
2019-08-27 08:45:40,615 [3433d849-91ef-4a88-8360-a1556fb80019:group-2BB13F3625B3:LeaderElection13] INFO  grpc.GrpcConfigKeys$Server (ConfUtils.java:logGet(43)) - raft.grpc.server.leader.outstanding.appends.max = 128 (default)
2019-08-27 08:45:40,615 [3433d849-91ef-4a88-8360-a1556fb80019:group-2BB13F3625B3:LeaderElection13] INFO  server.RaftServerConfigKeys (ConfUtils.java:logGet(43)) - raft.server.rpc.request.timeout = 3000ms (default)
2019-08-27 08:45:40,615 [3433d849-91ef-4a88-8360-a1556fb80019:group-2BB13F3625B3:LeaderElection13] INFO  server.RaftServerConfigKeys (ConfUtils.java:logGet(43)) - raft.server.log.appender.install.snapshot.enabled = false (custom)
2019-08-27 08:45:40,616 [3433d849-91ef-4a88-8360-a1556fb80019:group-2BB13F3625B3:LeaderElection13] INFO  server.RaftServerConfigKeys (ConfUtils.java:logGet(43)) - raft.server.log.appender.snapshot.chunk.size.max = 16MB (=16777216) (default)
2019-08-27 08:45:40,616 [3433d849-91ef-4a88-8360-a1556fb80019:group-2BB13F3625B3:LeaderElection13] INFO  server.RaftServerConfigKeys (ConfUtils.java:logGet(43)) - raft.server.log.appender.buffer.byte-limit = 33554432 (custom)
2019-08-27 08:45:40,616 [3433d849-91ef-4a88-8360-a1556fb80019:group-2BB13F3625B3:LeaderElection13] INFO  server.RaftServerConfigKeys (ConfUtils.java:logGet(43)) - raft.server.log.appender.buffer.element-limit = 1 (custom)
2019-08-27 08:45:40,616 [3433d849-91ef-4a88-8360-a1556fb80019:group-2BB13F3625B3:LeaderElection13] INFO  grpc.GrpcConfigKeys$Server (ConfUtils.java:logGet(43)) - raft.grpc.server.leader.outstanding.appends.max = 128 (default)
2019-08-27 08:45:40,616 [3433d849-91ef-4a88-8360-a1556fb80019:group-2BB13F3625B3:LeaderElection13] INFO  server.RaftServerConfigKeys (ConfUtils.java:logGet(43)) - raft.server.rpc.request.timeout = 3000ms (default)
2019-08-27 08:45:40,617 [3433d849-91ef-4a88-8360-a1556fb80019:group-2BB13F3625B3:LeaderElection13] INFO  server.RaftServerConfigKeys (ConfUtils.java:logGet(43)) - raft.server.log.appender.install.snapshot.enabled = false (custom)
2019-08-27 08:45:40,617 [3433d849-91ef-4a88-8360-a1556fb80019:group-2BB13F3625B3:LeaderElection13] INFO  impl.RoleInfo (RoleInfo.java:updateAndGet(143)) - 3433d849-91ef-4a88-8360-a1556fb80019: start LeaderState
2019-08-27 08:45:40,617 [3433d849-91ef-4a88-8360-a1556fb80019:group-2BB13F3625B3:LeaderElection13] INFO  segmented.SegmentedRaftLogWorker (SegmentedRaftLogWorker.java:startLogSegment(380)) - 3433d849-91ef-4a88-8360-a1556fb80019-SegmentedRaftLogWorker:Storage Directory /workdir/hadoop-ozone/integration-test/target/test-dir/MiniOzoneClusterImpl-ccbc06d8-8352-47f7-a9f0-6d04cc918ea8/datanode-0/data/ratis/06e6b793-ffc2-45cc-84a7-2bb13f3625b3: Starting segment from index:0
2019-08-27 08:45:40,618 [3433d849-91ef-4a88-8360-a1556fb80019:group-2BB13F3625B3:LeaderElection13] INFO  impl.RaftServerImpl (ServerState.java:setRaftConf(361)) - 3433d849-91ef-4a88-8360-a1556fb80019:group-2BB13F3625B3 set configuration 0: [3433d849-91ef-4a88-8360-a1556fb80019:192.168.34.51:41807, ddde5c7c-e9c5-4769-85d9-f016532a1403:192.168.34.51:42640, 3d19b766-1eb7-4ca3-9243-1b4985e8cbd4:192.168.34.51:34534], old=null at 0
2019-08-27 08:45:40,661 [grpc-default-executor-3] INFO  impl.RaftServerImpl (ServerState.java:setLeader(263)) - ddde5c7c-e9c5-4769-85d9-f016532a1403:group-2BB13F3625B3 change Leader from null to 3433d849-91ef-4a88-8360-a1556fb80019 at term 2 for appendEntries, leader elected after 10489ms
2019-08-27 08:45:40,675 [3433d849-91ef-4a88-8360-a1556fb80019-SegmentedRaftLogWorker:Storage Directory /workdir/hadoop-ozone/integration-test/target/test-dir/MiniOzoneClusterImpl-ccbc06d8-8352-47f7-a9f0-6d04cc918ea8/datanode-0/data/ratis/06e6b793-ffc2-45cc-84a7-2bb13f3625b3] INFO  segmented.SegmentedRaftLogWorker (SegmentedRaftLogWorker.java:execute(569)) - 3433d849-91ef-4a88-8360-a1556fb80019-SegmentedRaftLogWorker:Storage Directory /workdir/hadoop-ozone/integration-test/target/test-dir/MiniOzoneClusterImpl-ccbc06d8-8352-47f7-a9f0-6d04cc918ea8/datanode-0/data/ratis/06e6b793-ffc2-45cc-84a7-2bb13f3625b3: created new log segment /workdir/hadoop-ozone/integration-test/target/test-dir/MiniOzoneClusterImpl-ccbc06d8-8352-47f7-a9f0-6d04cc918ea8/datanode-0/data/ratis/06e6b793-ffc2-45cc-84a7-2bb13f3625b3/current/log_inprogress_0
2019-08-27 08:45:40,675 [grpc-default-executor-4] INFO  impl.RaftServerImpl (ServerState.java:setLeader(263)) - 3d19b766-1eb7-4ca3-9243-1b4985e8cbd4:group-2BB13F3625B3 change Leader from null to 3433d849-91ef-4a88-8360-a1556fb80019 at term 2 for appendEntries, leader elected after 10504ms
2019-08-27 08:45:40,680 [grpc-default-executor-4] INFO  impl.RaftServerImpl (ServerState.java:setRaftConf(361)) - ddde5c7c-e9c5-4769-85d9-f016532a1403:group-2BB13F3625B3 set configuration 0: [3433d849-91ef-4a88-8360-a1556fb80019:192.168.34.51:41807, ddde5c7c-e9c5-4769-85d9-f016532a1403:192.168.34.51:42640, 3d19b766-1eb7-4ca3-9243-1b4985e8cbd4:192.168.34.51:34534], old=null at 0
2019-08-27 08:45:40,680 [grpc-default-executor-4] INFO  segmented.SegmentedRaftLogWorker (SegmentedRaftLogWorker.java:startLogSegment(380)) - ddde5c7c-e9c5-4769-85d9-f016532a1403-SegmentedRaftLogWorker:Storage Directory /workdir/hadoop-ozone/integration-test/target/test-dir/MiniOzoneClusterImpl-ccbc06d8-8352-47f7-a9f0-6d04cc918ea8/datanode-3/data/ratis/06e6b793-ffc2-45cc-84a7-2bb13f3625b3: Starting segment from index:0
2019-08-27 08:45:40,684 [grpc-default-executor-0] INFO  impl.RaftServerImpl (ServerState.java:setRaftConf(361)) - 3d19b766-1eb7-4ca3-9243-1b4985e8cbd4:group-2BB13F3625B3 set configuration 0: [3433d849-91ef-4a88-8360-a1556fb80019:192.168.34.51:41807, ddde5c7c-e9c5-4769-85d9-f016532a1403:192.168.34.51:42640, 3d19b766-1eb7-4ca3-9243-1b4985e8cbd4:192.168.34.51:34534], old=null at 0
2019-08-27 08:45:40,684 [grpc-default-executor-0] INFO  segmented.SegmentedRaftLogWorker (SegmentedRaftLogWorker.java:startLogSegment(380)) - 3d19b766-1eb7-4ca3-9243-1b4985e8cbd4-SegmentedRaftLogWorker:Storage Directory /workdir/hadoop-ozone/integration-test/target/test-dir/MiniOzoneClusterImpl-ccbc06d8-8352-47f7-a9f0-6d04cc918ea8/datanode-4/data/ratis/06e6b793-ffc2-45cc-84a7-2bb13f3625b3: Starting segment from index:0
2019-08-27 08:45:40,732 [grpc-default-executor-4] INFO  client.GrpcClientProtocolClient (GrpcClientProtocolClient.java:onNext(255)) - client-FC79D66DED4A->ddde5c7c-e9c5-4769-85d9-f016532a1403: receive RaftClientReply:client-FC79D66DED4A->ddde5c7c-e9c5-4769-85d9-f016532a1403@group-2BB13F3625B3, cid=17, FAILED org.apache.ratis.protocol.NotLeaderException: Server ddde5c7c-e9c5-4769-85d9-f016532a1403 is not the leader (3433d849-91ef-4a88-8360-a1556fb80019:192.168.34.51:41807). Request must be sent to leader., logIndex=0, commits[ddde5c7c-e9c5-4769-85d9-f016532a1403:c-1, 3433d849-91ef-4a88-8360-a1556fb80019:c-1, 3d19b766-1eb7-4ca3-9243-1b4985e8cbd4:c-1]
2019-08-27 08:45:40,744 [3d19b766-1eb7-4ca3-9243-1b4985e8cbd4-SegmentedRaftLogWorker:Storage Directory /workdir/hadoop-ozone/integration-test/target/test-dir/MiniOzoneClusterImpl-ccbc06d8-8352-47f7-a9f0-6d04cc918ea8/datanode-4/data/ratis/06e6b793-ffc2-45cc-84a7-2bb13f3625b3] INFO  segmented.SegmentedRaftLogWorker (SegmentedRaftLogWorker.java:execute(569)) - 3d19b766-1eb7-4ca3-9243-1b4985e8cbd4-SegmentedRaftLogWorker:Storage Directory /workdir/hadoop-ozone/integration-test/target/test-dir/MiniOzoneClusterImpl-ccbc06d8-8352-47f7-a9f0-6d04cc918ea8/datanode-4/data/ratis/06e6b793-ffc2-45cc-84a7-2bb13f3625b3: created new log segment /workdir/hadoop-ozone/integration-test/target/test-dir/MiniOzoneClusterImpl-ccbc06d8-8352-47f7-a9f0-6d04cc918ea8/datanode-4/data/ratis/06e6b793-ffc2-45cc-84a7-2bb13f3625b3/current/log_inprogress_0
2019-08-27 08:45:40,744 [ddde5c7c-e9c5-4769-85d9-f016532a1403-SegmentedRaftLogWorker:Storage Directory /workdir/hadoop-ozone/integration-test/target/test-dir/MiniOzoneClusterImpl-ccbc06d8-8352-47f7-a9f0-6d04cc918ea8/datanode-3/data/ratis/06e6b793-ffc2-45cc-84a7-2bb13f3625b3] INFO  segmented.SegmentedRaftLogWorker (SegmentedRaftLogWorker.java:execute(569)) - ddde5c7c-e9c5-4769-85d9-f016532a1403-SegmentedRaftLogWorker:Storage Directory /workdir/hadoop-ozone/integration-test/target/test-dir/MiniOzoneClusterImpl-ccbc06d8-8352-47f7-a9f0-6d04cc918ea8/datanode-3/data/ratis/06e6b793-ffc2-45cc-84a7-2bb13f3625b3: created new log segment /workdir/hadoop-ozone/integration-test/target/test-dir/MiniOzoneClusterImpl-ccbc06d8-8352-47f7-a9f0-6d04cc918ea8/datanode-3/data/ratis/06e6b793-ffc2-45cc-84a7-2bb13f3625b3/current/log_inprogress_0
2019-08-27 08:45:40,820 | INFO  | SCMAudit | user=jenkins1000 | ip=192.168.34.51 | op=SEND_HEARTBEAT {datanodeUUID=3433d849-91ef-4a88-8360-a1556fb80019, command=[]} | ret=SUCCESS |  
2019-08-27 08:45:40,823 | INFO  | DNAudit | user=null | ip=null | op=WRITE_CHUNK {blockData=conID: 2 locID: 1566895536474 bcsId: 0} | ret=SUCCESS |  
2019-08-27 08:45:40,842 | INFO  | SCMAudit | user=jenkins1000 | ip=192.168.34.51 | op=SEND_HEARTBEAT {datanodeUUID=ddde5c7c-e9c5-4769-85d9-f016532a1403, command=[]} | ret=SUCCESS |  
2019-08-27 08:45:40,842 | INFO  | SCMAudit | user=jenkins1000 | ip=192.168.34.51 | op=SEND_HEARTBEAT {datanodeUUID=3d19b766-1eb7-4ca3-9243-1b4985e8cbd4, command=[]} | ret=SUCCESS |  
2019-08-27 08:45:40,845 | INFO  | DNAudit | user=null | ip=null | op=WRITE_CHUNK {blockData=conID: 2 locID: 1566895536474 bcsId: 0} | ret=SUCCESS |  
2019-08-27 08:45:40,845 | INFO  | DNAudit | user=null | ip=null | op=WRITE_CHUNK {blockData=conID: 2 locID: 1566895536474 bcsId: 0} | ret=SUCCESS |  
2019-08-27 08:45:40,867 | INFO  | DNAudit | user=null | ip=null | op=WRITE_CHUNK {blockData=conID: 2 locID: 1566895536474 bcsId: 0} | ret=SUCCESS |  
2019-08-27 08:45:40,876 | INFO  | DNAudit | user=null | ip=null | op=WRITE_CHUNK {blockData=conID: 2 locID: 1566895536474 bcsId: 0} | ret=SUCCESS |  
2019-08-27 08:45:40,876 | INFO  | DNAudit | user=null | ip=null | op=WRITE_CHUNK {blockData=conID: 2 locID: 1566895536474 bcsId: 0} | ret=SUCCESS |  
2019-08-27 08:45:40,877 [grpc-default-executor-0] INFO  client.GrpcClientProtocolClient (GrpcClientProtocolClient.java:onNext(255)) - client-FC79D66DED4A->3433d849-91ef-4a88-8360-a1556fb80019: receive RaftClientReply:client-FC79D66DED4A->3433d849-91ef-4a88-8360-a1556fb80019@group-2BB13F3625B3, cid=17, SUCCESS, logIndex=1, commits[3433d849-91ef-4a88-8360-a1556fb80019:c1, ddde5c7c-e9c5-4769-85d9-f016532a1403:c0, 3d19b766-1eb7-4ca3-9243-1b4985e8cbd4:c0]
2019-08-27 08:45:40,892 [pool-26-thread-4] WARN  impl.ChunkManagerImpl (ChunkUtils.java:validateChunkForOverwrite(218)) - Duplicate write chunk request. Chunk overwrite without explicit request. ChunkInfo{chunkName='1566895536474.data.0, offset=0, len=1048576}
2019-08-27 08:45:40,892 [pool-26-thread-4] WARN  impl.ChunkManagerImpl (ChunkManagerImpl.java:writeChunk(111)) - ChunkFile already exists/workdir/hadoop-ozone/integration-test/target/test-dir/MiniOzoneClusterImpl-ccbc06d8-8352-47f7-a9f0-6d04cc918ea8/datanode-0/data/containers/hdds/96b2023a-7dcc-4407-84c3-fa1cc831754b/current/containerDir0/2/chunks/1566895536474.data.0.Deleting it.
2019-08-27 08:45:40,895 | INFO  | DNAudit | user=null | ip=null | op=WRITE_CHUNK {blockData=conID: 2 locID: 1566895536474 bcsId: 0} | ret=SUCCESS |  
2019-08-27 08:45:40,904 [pool-59-thread-2] WARN  impl.ChunkManagerImpl (ChunkUtils.java:validateChunkForOverwrite(218)) - Duplicate write chunk request. Chunk overwrite without explicit request. ChunkInfo{chunkName='1566895536474.data.0, offset=0, len=1048576}
2019-08-27 08:45:40,904 [pool-59-thread-2] WARN  impl.ChunkManagerImpl (ChunkManagerImpl.java:writeChunk(111)) - ChunkFile already exists/workdir/hadoop-ozone/integration-test/target/test-dir/MiniOzoneClusterImpl-ccbc06d8-8352-47f7-a9f0-6d04cc918ea8/datanode-3/data/containers/hdds/96b2023a-7dcc-4407-84c3-fa1cc831754b/current/containerDir0/2/chunks/1566895536474.data.0.Deleting it.
2019-08-27 08:45:40,905 [pool-70-thread-2] WARN  impl.ChunkManagerImpl (ChunkUtils.java:validateChunkForOverwrite(218)) - Duplicate write chunk request. Chunk overwrite without explicit request. ChunkInfo{chunkName='1566895536474.data.0, offset=0, len=1048576}
2019-08-27 08:45:40,905 [pool-70-thread-2] WARN  impl.ChunkManagerImpl (ChunkManagerImpl.java:writeChunk(111)) - ChunkFile already exists/workdir/hadoop-ozone/integration-test/target/test-dir/MiniOzoneClusterImpl-ccbc06d8-8352-47f7-a9f0-6d04cc918ea8/datanode-4/data/containers/hdds/96b2023a-7dcc-4407-84c3-fa1cc831754b/current/containerDir0/2/chunks/1566895536474.data.0.Deleting it.
2019-08-27 08:45:40,908 | INFO  | DNAudit | user=null | ip=null | op=WRITE_CHUNK {blockData=conID: 2 locID: 1566895536474 bcsId: 0} | ret=SUCCESS |  
2019-08-27 08:45:40,909 | INFO  | DNAudit | user=null | ip=null | op=WRITE_CHUNK {blockData=conID: 2 locID: 1566895536474 bcsId: 0} | ret=SUCCESS |  
2019-08-27 08:45:40,932 | INFO  | DNAudit | user=null | ip=null | op=PUT_BLOCK {blockData=[blockId=conID: 2 locID: 1566895536474 bcsId: 0,size=1048576]} | ret=SUCCESS |  
2019-08-27 08:45:40,943 | INFO  | DNAudit | user=null | ip=null | op=WRITE_CHUNK {blockData=conID: 2 locID: 1566895536474 bcsId: 0} | ret=SUCCESS |  
2019-08-27 08:45:40,944 [grpc-default-executor-4] INFO  client.GrpcClientProtocolClient (GrpcClientProtocolClient.java:onNext(255)) - client-FC79D66DED4A->3433d849-91ef-4a88-8360-a1556fb80019: receive RaftClientReply:client-FC79D66DED4A->3433d849-91ef-4a88-8360-a1556fb80019@group-2BB13F3625B3, cid=18, SUCCESS, logIndex=3, commits[3433d849-91ef-4a88-8360-a1556fb80019:c8, ddde5c7c-e9c5-4769-85d9-f016532a1403:c6, 3d19b766-1eb7-4ca3-9243-1b4985e8cbd4:c6]
2019-08-27 08:45:40,945 [grpc-default-executor-4] INFO  client.GrpcClientProtocolClient (GrpcClientProtocolClient.java:onNext(255)) - client-FC79D66DED4A->3433d849-91ef-4a88-8360-a1556fb80019: receive RaftClientReply:client-FC79D66DED4A->3433d849-91ef-4a88-8360-a1556fb80019@group-2BB13F3625B3, cid=19, SUCCESS, logIndex=4, commits[3433d849-91ef-4a88-8360-a1556fb80019:c8, ddde5c7c-e9c5-4769-85d9-f016532a1403:c6, 3d19b766-1eb7-4ca3-9243-1b4985e8cbd4:c6]
2019-08-27 08:45:40,972 | INFO  | DNAudit | user=null | ip=null | op=PUT_BLOCK {blockData=[blockId=conID: 2 locID: 1566895536474 bcsId: 0,size=1048576]} | ret=SUCCESS |  
2019-08-27 08:45:40,973 | INFO  | DNAudit | user=null | ip=null | op=WRITE_CHUNK {blockData=conID: 2 locID: 1566895536474 bcsId: 0} | ret=SUCCESS |  
2019-08-27 08:45:41,015 | INFO  | DNAudit | user=null | ip=null | op=PUT_BLOCK {blockData=[blockId=conID: 2 locID: 1566895536474 bcsId: 0,size=1048576]} | ret=SUCCESS |  
2019-08-27 08:45:41,015 | INFO  | DNAudit | user=null | ip=null | op=PUT_BLOCK {blockData=[blockId=conID: 2 locID: 1566895536474 bcsId: 0,size=1048576]} | ret=SUCCESS |  
2019-08-27 08:45:41,015 | INFO  | DNAudit | user=null | ip=null | op=PUT_BLOCK {blockData=[blockId=conID: 2 locID: 1566895536474 bcsId: 0,size=1048576]} | ret=SUCCESS |  
2019-08-27 08:45:41,016 | INFO  | DNAudit | user=null | ip=null | op=WRITE_CHUNK {blockData=conID: 2 locID: 1566895536474 bcsId: 0} | ret=SUCCESS |  
2019-08-27 08:45:41,017 | INFO  | DNAudit | user=null | ip=null | op=PUT_BLOCK {blockData=[blockId=conID: 2 locID: 1566895536474 bcsId: 0,size=1048576]} | ret=SUCCESS |  
2019-08-27 08:45:41,018 [grpc-default-executor-4] INFO  client.GrpcClientProtocolClient (GrpcClientProtocolClient.java:onNext(255)) - client-FC79D66DED4A->3433d849-91ef-4a88-8360-a1556fb80019: receive RaftClientReply:client-FC79D66DED4A->3433d849-91ef-4a88-8360-a1556fb80019@group-2BB13F3625B3, cid=20, SUCCESS, logIndex=5, commits[3433d849-91ef-4a88-8360-a1556fb80019:c8, ddde5c7c-e9c5-4769-85d9-f016532a1403:c6, 3d19b766-1eb7-4ca3-9243-1b4985e8cbd4:c6]
2019-08-27 08:45:41,019 [main] INFO  datanode.ObjectStoreHandler (ObjectStoreHandler.java:close(155)) - Closing ObjectStoreHandler.
2019-08-27 08:45:41,020 [main] INFO  ozone.HddsDatanodeService (HddsDatanodeService.java:stop(451)) - Stopped plug-in org.apache.hadoop.ozone.web.OzoneHddsDatanodeService@463045fb
2019-08-27 08:45:41,143 | INFO  | SCMAudit | user=jenkins1000 | ip=192.168.34.51 | op=SEND_HEARTBEAT {datanodeUUID=8289b84a-5ffc-464f-8cf9-509d8f4e99e8, command=[]} | ret=SUCCESS |  
2019-08-27 08:45:41,225 | INFO  | SCMAudit | user=jenkins1000 | ip=192.168.34.51 | op=SEND_HEARTBEAT {datanodeUUID=7bba8b5e-5403-47cd-8c50-4a907bf09a8b, command=[]} | ret=SUCCESS |  
2019-08-27 08:45:41,225 | INFO  | SCMAudit | user=jenkins1000 | ip=192.168.34.51 | op=SEND_HEARTBEAT {datanodeUUID=e60890e4-14e0-47c0-8a01-d761be2b8c30, command=[]} | ret=SUCCESS |  
2019-08-27 08:45:41,514 | INFO  | SCMAudit | user=jenkins1000 | ip=192.168.34.51 | op=SEND_HEARTBEAT {datanodeUUID=8dfd4e42-382c-4bf3-839c-009a43aa0523, command=[]} | ret=SUCCESS |  
2019-08-27 08:45:41,819 | INFO  | SCMAudit | user=jenkins1000 | ip=192.168.34.51 | op=SEND_HEARTBEAT {datanodeUUID=3433d849-91ef-4a88-8360-a1556fb80019, command=[]} | ret=SUCCESS |  
2019-08-27 08:45:41,842 [Datanode State Machine Thread - 0] INFO  statemachine.DatanodeStateMachine (DatanodeStateMachine.java:lambda$startDaemon$0(350)) - Ozone container server started.
2019-08-27 08:45:41,843 | INFO  | SCMAudit | user=jenkins1000 | ip=192.168.34.51 | op=SEND_HEARTBEAT {datanodeUUID=3d19b766-1eb7-4ca3-9243-1b4985e8cbd4, command=[]} | ret=SUCCESS |  
2019-08-27 08:45:42,143 | INFO  | SCMAudit | user=jenkins1000 | ip=192.168.34.51 | op=SEND_HEARTBEAT {datanodeUUID=8289b84a-5ffc-464f-8cf9-509d8f4e99e8, command=[]} | ret=SUCCESS |  
2019-08-27 08:45:42,225 | INFO  | SCMAudit | user=jenkins1000 | ip=192.168.34.51 | op=SEND_HEARTBEAT {datanodeUUID=e60890e4-14e0-47c0-8a01-d761be2b8c30, command=[]} | ret=SUCCESS |  
2019-08-27 08:45:42,225 | INFO  | SCMAudit | user=jenkins1000 | ip=192.168.34.51 | op=SEND_HEARTBEAT {datanodeUUID=7bba8b5e-5403-47cd-8c50-4a907bf09a8b, command=[]} | ret=SUCCESS |  
2019-08-27 08:45:42,514 | INFO  | SCMAudit | user=jenkins1000 | ip=192.168.34.51 | op=SEND_HEARTBEAT {datanodeUUID=8dfd4e42-382c-4bf3-839c-009a43aa0523, command=[]} | ret=SUCCESS |  
2019-08-27 08:45:42,819 | INFO  | SCMAudit | user=jenkins1000 | ip=192.168.34.51 | op=SEND_HEARTBEAT {datanodeUUID=3433d849-91ef-4a88-8360-a1556fb80019, command=[]} | ret=SUCCESS |  
2019-08-27 08:45:42,844 | INFO  | SCMAudit | user=jenkins1000 | ip=192.168.34.51 | op=SEND_HEARTBEAT {datanodeUUID=3d19b766-1eb7-4ca3-9243-1b4985e8cbd4, command=[]} | ret=SUCCESS |  
2019-08-27 08:45:43,143 | INFO  | SCMAudit | user=jenkins1000 | ip=192.168.34.51 | op=SEND_HEARTBEAT {datanodeUUID=8289b84a-5ffc-464f-8cf9-509d8f4e99e8, command=[]} | ret=SUCCESS |  
2019-08-27 08:45:43,225 | INFO  | SCMAudit | user=jenkins1000 | ip=192.168.34.51 | op=SEND_HEARTBEAT {datanodeUUID=e60890e4-14e0-47c0-8a01-d761be2b8c30, command=[]} | ret=SUCCESS |  
2019-08-27 08:45:43,225 | INFO  | SCMAudit | user=jenkins1000 | ip=192.168.34.51 | op=SEND_HEARTBEAT {datanodeUUID=7bba8b5e-5403-47cd-8c50-4a907bf09a8b, command=[]} | ret=SUCCESS |  
2019-08-27 08:45:43,514 | INFO  | SCMAudit | user=jenkins1000 | ip=192.168.34.51 | op=SEND_HEARTBEAT {datanodeUUID=8dfd4e42-382c-4bf3-839c-009a43aa0523, command=[]} | ret=SUCCESS |  
2019-08-27 08:45:43,819 | INFO  | SCMAudit | user=jenkins1000 | ip=192.168.34.51 | op=SEND_HEARTBEAT {datanodeUUID=3433d849-91ef-4a88-8360-a1556fb80019, command=[]} | ret=SUCCESS |  
2019-08-27 08:45:43,844 | INFO  | SCMAudit | user=jenkins1000 | ip=192.168.34.51 | op=SEND_HEARTBEAT {datanodeUUID=3d19b766-1eb7-4ca3-9243-1b4985e8cbd4, command=[]} | ret=SUCCESS |  
2019-08-27 08:45:43,864 [EventQueue-StaleNodeForStaleNodeHandler] INFO  node.StaleNodeHandler (StaleNodeHandler.java:onMessage(58)) - Datanode ddde5c7c-e9c5-4769-85d9-f016532a1403{ip: 192.168.34.51, host: pr-hdds-2030-4ksg7-2479105578, networkLocation: /default-rack, certSerialId: null} moved to stale state. Finalizing its pipelines [PipelineID=5a4655df-b020-4c48-b320-ac064da61ef4, PipelineID=06e6b793-ffc2-45cc-84a7-2bb13f3625b3]
2019-08-27 08:45:43,865 [EventQueue-StaleNodeForStaleNodeHandler] INFO  pipeline.SCMPipelineManager (SCMPipelineManager.java:finalizeAndDestroyPipeline(309)) - destroying pipeline:Pipeline[ Id: 5a4655df-b020-4c48-b320-ac064da61ef4, Nodes: ddde5c7c-e9c5-4769-85d9-f016532a1403{ip: 192.168.34.51, host: pr-hdds-2030-4ksg7-2479105578, networkLocation: /default-rack, certSerialId: null}, Type:RATIS, Factor:ONE, State:OPEN]
2019-08-27 08:45:43,866 [EventQueue-StaleNodeForStaleNodeHandler] INFO  pipeline.PipelineStateManager (PipelineStateManager.java:finalizePipeline(123)) - Pipeline Pipeline[ Id: 5a4655df-b020-4c48-b320-ac064da61ef4, Nodes: ddde5c7c-e9c5-4769-85d9-f016532a1403{ip: 192.168.34.51, host: pr-hdds-2030-4ksg7-2479105578, networkLocation: /default-rack, certSerialId: null}, Type:RATIS, Factor:ONE, State:CLOSED] moved to CLOSED state
2019-08-27 08:45:43,867 [EventQueue-StaleNodeForStaleNodeHandler] INFO  pipeline.SCMPipelineManager (SCMPipelineManager.java:finalizeAndDestroyPipeline(309)) - destroying pipeline:Pipeline[ Id: 06e6b793-ffc2-45cc-84a7-2bb13f3625b3, Nodes: ddde5c7c-e9c5-4769-85d9-f016532a1403{ip: 192.168.34.51, host: pr-hdds-2030-4ksg7-2479105578, networkLocation: /default-rack, certSerialId: null}3433d849-91ef-4a88-8360-a1556fb80019{ip: 192.168.34.51, host: pr-hdds-2030-4ksg7-2479105578, networkLocation: /default-rack, certSerialId: null}3d19b766-1eb7-4ca3-9243-1b4985e8cbd4{ip: 192.168.34.51, host: pr-hdds-2030-4ksg7-2479105578, networkLocation: /default-rack, certSerialId: null}, Type:RATIS, Factor:THREE, State:OPEN]
2019-08-27 08:45:43,867 [EventQueue-StaleNodeForStaleNodeHandler] INFO  pipeline.PipelineStateManager (PipelineStateManager.java:finalizePipeline(123)) - Pipeline Pipeline[ Id: 06e6b793-ffc2-45cc-84a7-2bb13f3625b3, Nodes: ddde5c7c-e9c5-4769-85d9-f016532a1403{ip: 192.168.34.51, host: pr-hdds-2030-4ksg7-2479105578, networkLocation: /default-rack, certSerialId: null}3433d849-91ef-4a88-8360-a1556fb80019{ip: 192.168.34.51, host: pr-hdds-2030-4ksg7-2479105578, networkLocation: /default-rack, certSerialId: null}3d19b766-1eb7-4ca3-9243-1b4985e8cbd4{ip: 192.168.34.51, host: pr-hdds-2030-4ksg7-2479105578, networkLocation: /default-rack, certSerialId: null}, Type:RATIS, Factor:THREE, State:CLOSED] moved to CLOSED state
2019-08-27 08:45:43,868 [EventQueue-CloseContainerForCloseContainerEventHandler] INFO  container.CloseContainerEventHandler (CloseContainerEventHandler.java:onMessage(61)) - Close container Event triggered for container : #2
2019-08-27 08:45:44,143 | INFO  | SCMAudit | user=jenkins1000 | ip=192.168.34.51 | op=SEND_HEARTBEAT {datanodeUUID=8289b84a-5ffc-464f-8cf9-509d8f4e99e8, command=[]} | ret=SUCCESS |  
2019-08-27 08:45:44,225 | INFO  | SCMAudit | user=jenkins1000 | ip=192.168.34.51 | op=SEND_HEARTBEAT {datanodeUUID=7bba8b5e-5403-47cd-8c50-4a907bf09a8b, command=[]} | ret=SUCCESS |  
2019-08-27 08:45:44,225 | INFO  | SCMAudit | user=jenkins1000 | ip=192.168.34.51 | op=SEND_HEARTBEAT {datanodeUUID=e60890e4-14e0-47c0-8a01-d761be2b8c30, command=[]} | ret=SUCCESS |  
2019-08-27 08:45:44,515 | INFO  | SCMAudit | user=jenkins1000 | ip=192.168.34.51 | op=SEND_HEARTBEAT {datanodeUUID=8dfd4e42-382c-4bf3-839c-009a43aa0523, command=[]} | ret=SUCCESS |  
2019-08-27 08:45:44,841 | INFO  | SCMAudit | user=jenkins1000 | ip=192.168.34.51 | op=SEND_HEARTBEAT {datanodeUUID=3433d849-91ef-4a88-8360-a1556fb80019, command=[commandType: closeContainerCommand closeContainerCommandProto { containerID: 2 pipelineID { id: "06e6b793-ffc2-45cc-84a7-2bb13f3625b3" } cmdId: 2 force: false } ]} | ret=SUCCESS |  
2019-08-27 08:45:44,844 | INFO  | SCMAudit | user=jenkins1000 | ip=192.168.34.51 | op=SEND_HEARTBEAT {datanodeUUID=3d19b766-1eb7-4ca3-9243-1b4985e8cbd4, command=[commandType: closeContainerCommand closeContainerCommandProto { containerID: 2 pipelineID { id: "06e6b793-ffc2-45cc-84a7-2bb13f3625b3" } cmdId: 2 force: false } ]} | ret=SUCCESS |  
2019-08-27 08:45:45,143 | INFO  | SCMAudit | user=jenkins1000 | ip=192.168.34.51 | op=SEND_HEARTBEAT {datanodeUUID=8289b84a-5ffc-464f-8cf9-509d8f4e99e8, command=[]} | ret=SUCCESS |  
2019-08-27 08:45:45,225 | INFO  | SCMAudit | user=jenkins1000 | ip=192.168.34.51 | op=SEND_HEARTBEAT {datanodeUUID=7bba8b5e-5403-47cd-8c50-4a907bf09a8b, command=[]} | ret=SUCCESS |  
2019-08-27 08:45:45,225 | INFO  | SCMAudit | user=jenkins1000 | ip=192.168.34.51 | op=SEND_HEARTBEAT {datanodeUUID=e60890e4-14e0-47c0-8a01-d761be2b8c30, command=[]} | ret=SUCCESS |  
2019-08-27 08:45:45,515 | INFO  | SCMAudit | user=jenkins1000 | ip=192.168.34.51 | op=SEND_HEARTBEAT {datanodeUUID=8dfd4e42-382c-4bf3-839c-009a43aa0523, command=[]} | ret=SUCCESS |  
2019-08-27 08:45:45,819 | INFO  | SCMAudit | user=jenkins1000 | ip=192.168.34.51 | op=SEND_HEARTBEAT {datanodeUUID=3433d849-91ef-4a88-8360-a1556fb80019, command=[]} | ret=SUCCESS |  
2019-08-27 08:45:45,844 | INFO  | SCMAudit | user=jenkins1000 | ip=192.168.34.51 | op=SEND_HEARTBEAT {datanodeUUID=3d19b766-1eb7-4ca3-9243-1b4985e8cbd4, command=[]} | ret=SUCCESS |  
2019-08-27 08:45:46,022 [main] INFO  ozoneimpl.OzoneContainer (OzoneContainer.java:stop(199)) - Attempting to stop container services.
2019-08-27 08:45:46,023 [main] INFO  impl.RaftServerProxy (RaftServerProxy.java:lambda$close$4(314)) - ddde5c7c-e9c5-4769-85d9-f016532a1403: close
2019-08-27 08:45:46,025 [main] INFO  impl.RaftServerImpl (RaftServerImpl.java:lambda$shutdown$3(245)) - ddde5c7c-e9c5-4769-85d9-f016532a1403: shutdown group-AC064DA61EF4
2019-08-27 08:45:46,025 [main] INFO  util.JmxRegister (JmxRegister.java:unregister(73)) - Successfully un-registered JMX Bean with object name Ratis:service=RaftServer,group=group-AC064DA61EF4,id=ddde5c7c-e9c5-4769-85d9-f016532a1403
2019-08-27 08:45:46,025 [ForkJoinPool.commonPool-worker-0] INFO  impl.RaftServerImpl (RaftServerImpl.java:lambda$shutdown$3(245)) - ddde5c7c-e9c5-4769-85d9-f016532a1403: shutdown group-2BB13F3625B3
2019-08-27 08:45:46,025 [main] INFO  impl.RoleInfo (RoleInfo.java:shutdownLeaderState(104)) - ddde5c7c-e9c5-4769-85d9-f016532a1403: shutdown LeaderState
2019-08-27 08:45:46,026 [ForkJoinPool.commonPool-worker-0] INFO  util.JmxRegister (JmxRegister.java:unregister(73)) - Successfully un-registered JMX Bean with object name Ratis:service=RaftServer,group=group-2BB13F3625B3,id=ddde5c7c-e9c5-4769-85d9-f016532a1403
2019-08-27 08:45:46,026 [ForkJoinPool.commonPool-worker-0] INFO  impl.RoleInfo (RoleInfo.java:shutdownFollowerState(121)) - ddde5c7c-e9c5-4769-85d9-f016532a1403: shutdown FollowerState
2019-08-27 08:45:46,026 [main] INFO  impl.PendingRequests (PendingRequests.java:sendNotLeaderResponses(202)) - ddde5c7c-e9c5-4769-85d9-f016532a1403-PendingRequests: sendNotLeaderResponses
2019-08-27 08:45:46,026 [ForkJoinPool.commonPool-worker-0] INFO  impl.StateMachineUpdater (StateMachineUpdater.java:stopAndJoin(115)) - StateMachineUpdater:ddde5c7c-e9c5-4769-85d9-f016532a1403:group-2BB13F3625B3: set stopIndex = 8
2019-08-27 08:45:46,026 [Thread-391] INFO  impl.FollowerState (FollowerState.java:run(114)) - ddde5c7c-e9c5-4769-85d9-f016532a1403: FollowerState was interrupted: java.lang.InterruptedException: sleep interrupted
2019-08-27 08:45:46,027 [StateMachineUpdater:ddde5c7c-e9c5-4769-85d9-f016532a1403:group-2BB13F3625B3] INFO  ratis.ContainerStateMachine (ContainerStateMachine.java:takeSnapshot(283)) - group-2BB13F3625B3: Taking a snapshot at:(t:2, i:6) file /workdir/hadoop-ozone/integration-test/target/test-dir/MiniOzoneClusterImpl-ccbc06d8-8352-47f7-a9f0-6d04cc918ea8/datanode-3/data/ratis/06e6b793-ffc2-45cc-84a7-2bb13f3625b3/sm/snapshot.2_6
2019-08-27 08:45:46,031 [main] INFO  impl.StateMachineUpdater (StateMachineUpdater.java:stopAndJoin(115)) - StateMachineUpdater:ddde5c7c-e9c5-4769-85d9-f016532a1403:group-AC064DA61EF4: set stopIndex = 0
2019-08-27 08:45:46,040 [main] INFO  impl.RaftServerImpl (ServerState.java:close(394)) - ddde5c7c-e9c5-4769-85d9-f016532a1403:group-AC064DA61EF4 closes. The last applied log index is 0
2019-08-27 08:45:46,042 [ddde5c7c-e9c5-4769-85d9-f016532a1403-SegmentedRaftLogWorker:Storage Directory /workdir/hadoop-ozone/integration-test/target/test-dir/MiniOzoneClusterImpl-ccbc06d8-8352-47f7-a9f0-6d04cc918ea8/datanode-3/data/ratis/5a4655df-b020-4c48-b320-ac064da61ef4] INFO  segmented.SegmentedRaftLogWorker (SegmentedRaftLogWorker.java:run(313)) - ddde5c7c-e9c5-4769-85d9-f016532a1403-SegmentedRaftLogWorker:Storage Directory /workdir/hadoop-ozone/integration-test/target/test-dir/MiniOzoneClusterImpl-ccbc06d8-8352-47f7-a9f0-6d04cc918ea8/datanode-3/data/ratis/5a4655df-b020-4c48-b320-ac064da61ef4 was interrupted, exiting. There are 0 tasks remaining in the queue.
2019-08-27 08:45:46,045 [main] INFO  segmented.SegmentedRaftLogWorker (SegmentedRaftLogWorker.java:close(228)) - ddde5c7c-e9c5-4769-85d9-f016532a1403-SegmentedRaftLogWorker:Storage Directory /workdir/hadoop-ozone/integration-test/target/test-dir/MiniOzoneClusterImpl-ccbc06d8-8352-47f7-a9f0-6d04cc918ea8/datanode-3/data/ratis/5a4655df-b020-4c48-b320-ac064da61ef4 close()
2019-08-27 08:45:46,091 [StateMachineUpdater:ddde5c7c-e9c5-4769-85d9-f016532a1403:group-2BB13F3625B3] INFO  ratis.ContainerStateMachine (ContainerStateMachine.java:takeSnapshot(294)) - group-2BB13F3625B3: Finished taking a snapshot at:(t:2, i:6) file:/workdir/hadoop-ozone/integration-test/target/test-dir/MiniOzoneClusterImpl-ccbc06d8-8352-47f7-a9f0-6d04cc918ea8/datanode-3/data/ratis/06e6b793-ffc2-45cc-84a7-2bb13f3625b3/sm/snapshot.2_6 time:64
2019-08-27 08:45:46,091 [StateMachineUpdater:ddde5c7c-e9c5-4769-85d9-f016532a1403:group-2BB13F3625B3] INFO  impl.StateMachineUpdater (StateMachineUpdater.java:takeSnapshot(242)) - StateMachineUpdater:ddde5c7c-e9c5-4769-85d9-f016532a1403:group-2BB13F3625B3: Took a snapshot at index 6
2019-08-27 08:45:46,094 [StateMachineUpdater:ddde5c7c-e9c5-4769-85d9-f016532a1403:group-2BB13F3625B3] INFO  impl.StateMachineUpdater (StateMachineUpdater.java:lambda$new$0(80)) - StateMachineUpdater:ddde5c7c-e9c5-4769-85d9-f016532a1403:group-2BB13F3625B3: snapshotIndex: updateIncreasingly -1 -> 6
2019-08-27 08:45:46,099 [ForkJoinPool.commonPool-worker-0] INFO  impl.RaftServerImpl (ServerState.java:close(394)) - ddde5c7c-e9c5-4769-85d9-f016532a1403:group-2BB13F3625B3 closes. The last applied log index is 8
2019-08-27 08:45:46,100 [ddde5c7c-e9c5-4769-85d9-f016532a1403-SegmentedRaftLogWorker:Storage Directory /workdir/hadoop-ozone/integration-test/target/test-dir/MiniOzoneClusterImpl-ccbc06d8-8352-47f7-a9f0-6d04cc918ea8/datanode-3/data/ratis/06e6b793-ffc2-45cc-84a7-2bb13f3625b3] INFO  segmented.SegmentedRaftLogWorker (SegmentedRaftLogWorker.java:run(313)) - ddde5c7c-e9c5-4769-85d9-f016532a1403-SegmentedRaftLogWorker:Storage Directory /workdir/hadoop-ozone/integration-test/target/test-dir/MiniOzoneClusterImpl-ccbc06d8-8352-47f7-a9f0-6d04cc918ea8/datanode-3/data/ratis/06e6b793-ffc2-45cc-84a7-2bb13f3625b3 was interrupted, exiting. There are 0 tasks remaining in the queue.
2019-08-27 08:45:46,102 [ForkJoinPool.commonPool-worker-0] INFO  segmented.SegmentedRaftLogWorker (SegmentedRaftLogWorker.java:close(228)) - ddde5c7c-e9c5-4769-85d9-f016532a1403-SegmentedRaftLogWorker:Storage Directory /workdir/hadoop-ozone/integration-test/target/test-dir/MiniOzoneClusterImpl-ccbc06d8-8352-47f7-a9f0-6d04cc918ea8/datanode-3/data/ratis/06e6b793-ffc2-45cc-84a7-2bb13f3625b3 close()
2019-08-27 08:45:46,106 [main] INFO  server.GrpcService (GrpcService.java:closeImpl(155)) - ddde5c7c-e9c5-4769-85d9-f016532a1403: shutdown server with port 42640 now
2019-08-27 08:45:46,116 [main] INFO  server.GrpcService (GrpcService.java:closeImpl(163)) - ddde5c7c-e9c5-4769-85d9-f016532a1403: shutdown server with port 42640 successfully
2019-08-27 08:45:46,117 [grpc-default-executor-3] WARN  server.GrpcServerProtocolService (LogUtils.java:warn(134)) - ddde5c7c-e9c5-4769-85d9-f016532a1403: appendEntries onError: org.apache.ratis.thirdparty.io.grpc.StatusRuntimeException: CANCELLED: cancelled before receiving half close
2019-08-27 08:45:46,121 [main] INFO  utils.BackgroundService (BackgroundService.java:shutdown(148)) - Shutting down service BlockDeletingService
2019-08-27 08:45:46,123 [grpc-default-executor-4] WARN  server.GrpcLogAppender (LogUtils.java:warn(134)) - 3433d849-91ef-4a88-8360-a1556fb80019->ddde5c7c-e9c5-4769-85d9-f016532a1403: Failed appendEntries: org.apache.ratis.thirdparty.io.grpc.StatusRuntimeException: CANCELLED: HTTP/2 error code: CANCEL
Received Rst Stream
2019-08-27 08:45:46,123 [refreshUsed-/workdir/hadoop-ozone/integration-test/target/test-dir/MiniOzoneClusterImpl-ccbc06d8-8352-47f7-a9f0-6d04cc918ea8/datanode-3/data/containers] WARN  fs.CachingGetSpaceUsed (CachingGetSpaceUsed.java:run(183)) - Thread Interrupted waiting to refresh disk information: sleep interrupted
2019-08-27 08:45:46,127 [grpc-default-executor-4] INFO  impl.FollowerInfo (FollowerInfo.java:lambda$new$0(50)) - 3433d849-91ef-4a88-8360-a1556fb80019->ddde5c7c-e9c5-4769-85d9-f016532a1403: nextIndex: updateUnconditionally 9 -> 8
2019-08-27 08:45:46,145 [main] INFO  statemachine.DatanodeStateMachine (DatanodeStateMachine.java:stopDaemon(395)) - Ozone container server stopped.
2019-08-27 08:45:46,147 | INFO  | SCMAudit | user=jenkins1000 | ip=192.168.34.51 | op=SEND_HEARTBEAT {datanodeUUID=8289b84a-5ffc-464f-8cf9-509d8f4e99e8, command=[]} | ret=SUCCESS |  
2019-08-27 08:45:46,149 [main] INFO  handler.ContextHandler (ContextHandler.java:doStop(910)) - Stopped o.e.j.w.WebAppContext@6f50d55c{/,null,UNAVAILABLE}{/hddsDatanode}
2019-08-27 08:45:46,154 [main] INFO  server.AbstractConnector (AbstractConnector.java:doStop(318)) - Stopped ServerConnector@19b5214b{HTTP/1.1,[http/1.1]}{0.0.0.0:0}
2019-08-27 08:45:46,154 [main] INFO  handler.ContextHandler (ContextHandler.java:doStop(910)) - Stopped o.e.j.s.ServletContextHandler@14f060b8{/static,jar:file:/home/user/.m2/repository/org/apache/hadoop/hadoop-hdds-container-service/0.5.0-SNAPSHOT/hadoop-hdds-container-service-0.5.0-SNAPSHOT.jar!/webapps/static,UNAVAILABLE}
2019-08-27 08:45:46,154 [main] INFO  handler.ContextHandler (ContextHandler.java:doStop(910)) - Stopped o.e.j.s.ServletContextHandler@723e2d08{/logs,file:///workdir/hadoop-ozone/integration-test/target/log,UNAVAILABLE}
2019-08-27 08:45:46,156 [main] INFO  datanode.ObjectStoreHandler (ObjectStoreHandler.java:close(155)) - Closing ObjectStoreHandler.
2019-08-27 08:45:46,156 [main] INFO  ozone.HddsDatanodeService (HddsDatanodeService.java:stop(451)) - Stopped plug-in org.apache.hadoop.ozone.web.OzoneHddsDatanodeService@6e8fdd19
2019-08-27 08:45:46,225 | INFO  | SCMAudit | user=jenkins1000 | ip=192.168.34.51 | op=SEND_HEARTBEAT {datanodeUUID=7bba8b5e-5403-47cd-8c50-4a907bf09a8b, command=[]} | ret=SUCCESS |  
2019-08-27 08:45:46,225 | INFO  | SCMAudit | user=jenkins1000 | ip=192.168.34.51 | op=SEND_HEARTBEAT {datanodeUUID=e60890e4-14e0-47c0-8a01-d761be2b8c30, command=[]} | ret=SUCCESS |  
2019-08-27 08:45:46,515 | INFO  | SCMAudit | user=jenkins1000 | ip=192.168.34.51 | op=SEND_HEARTBEAT {datanodeUUID=8dfd4e42-382c-4bf3-839c-009a43aa0523, command=[]} | ret=SUCCESS |  
2019-08-27 08:45:46,818 [Datanode State Machine Thread - 0] INFO  statemachine.DatanodeStateMachine (DatanodeStateMachine.java:lambda$startDaemon$0(350)) - Ozone container server started.
2019-08-27 08:45:46,844 | INFO  | SCMAudit | user=jenkins1000 | ip=192.168.34.51 | op=SEND_HEARTBEAT {datanodeUUID=3d19b766-1eb7-4ca3-9243-1b4985e8cbd4, command=[]} | ret=SUCCESS |  
2019-08-27 08:45:46,862 | INFO  | SCMAudit | user=jenkins1000 | ip=192.168.34.51 | op=SEND_HEARTBEAT {datanodeUUID=3d19b766-1eb7-4ca3-9243-1b4985e8cbd4, command=[]} | ret=SUCCESS |  
2019-08-27 08:45:47,144 | INFO  | SCMAudit | user=jenkins1000 | ip=192.168.34.51 | op=SEND_HEARTBEAT {datanodeUUID=8289b84a-5ffc-464f-8cf9-509d8f4e99e8, command=[]} | ret=SUCCESS |  
2019-08-27 08:45:47,225 | INFO  | SCMAudit | user=jenkins1000 | ip=192.168.34.51 | op=SEND_HEARTBEAT {datanodeUUID=e60890e4-14e0-47c0-8a01-d761be2b8c30, command=[]} | ret=SUCCESS |  
2019-08-27 08:45:47,225 | INFO  | SCMAudit | user=jenkins1000 | ip=192.168.34.51 | op=SEND_HEARTBEAT {datanodeUUID=7bba8b5e-5403-47cd-8c50-4a907bf09a8b, command=[]} | ret=SUCCESS |  
2019-08-27 08:45:47,515 | INFO  | SCMAudit | user=jenkins1000 | ip=192.168.34.51 | op=SEND_HEARTBEAT {datanodeUUID=8dfd4e42-382c-4bf3-839c-009a43aa0523, command=[]} | ret=SUCCESS |  
2019-08-27 08:45:47,861 | INFO  | SCMAudit | user=jenkins1000 | ip=192.168.34.51 | op=SEND_HEARTBEAT {datanodeUUID=3d19b766-1eb7-4ca3-9243-1b4985e8cbd4, command=[]} | ret=SUCCESS |  
2019-08-27 08:45:48,144 | INFO  | SCMAudit | user=jenkins1000 | ip=192.168.34.51 | op=SEND_HEARTBEAT {datanodeUUID=8289b84a-5ffc-464f-8cf9-509d8f4e99e8, command=[]} | ret=SUCCESS |  
2019-08-27 08:45:48,225 | INFO  | SCMAudit | user=jenkins1000 | ip=192.168.34.51 | op=SEND_HEARTBEAT {datanodeUUID=e60890e4-14e0-47c0-8a01-d761be2b8c30, command=[]} | ret=SUCCESS |  
2019-08-27 08:45:48,225 | INFO  | SCMAudit | user=jenkins1000 | ip=192.168.34.51 | op=SEND_HEARTBEAT {datanodeUUID=7bba8b5e-5403-47cd-8c50-4a907bf09a8b, command=[]} | ret=SUCCESS |  
2019-08-27 08:45:48,453 [grpc-default-executor-3] WARN  server.GrpcLogAppender (LogUtils.java:warn(134)) - 3433d849-91ef-4a88-8360-a1556fb80019->ddde5c7c-e9c5-4769-85d9-f016532a1403: Failed appendEntries: org.apache.ratis.thirdparty.io.grpc.StatusRuntimeException: UNAVAILABLE: io exception
2019-08-27 08:45:48,457 [grpc-default-executor-3] INFO  impl.FollowerInfo (FollowerInfo.java:lambda$new$0(50)) - 3433d849-91ef-4a88-8360-a1556fb80019->ddde5c7c-e9c5-4769-85d9-f016532a1403: nextIndex: updateUnconditionally 8 -> 7
2019-08-27 08:45:48,515 | INFO  | SCMAudit | user=jenkins1000 | ip=192.168.34.51 | op=SEND_HEARTBEAT {datanodeUUID=8dfd4e42-382c-4bf3-839c-009a43aa0523, command=[]} | ret=SUCCESS |  
2019-08-27 08:45:48,861 | INFO  | SCMAudit | user=jenkins1000 | ip=192.168.34.51 | op=SEND_HEARTBEAT {datanodeUUID=3d19b766-1eb7-4ca3-9243-1b4985e8cbd4, command=[]} | ret=SUCCESS |  
2019-08-27 08:45:48,873 [EventQueue-StaleNodeForStaleNodeHandler] INFO  node.StaleNodeHandler (StaleNodeHandler.java:onMessage(58)) - Datanode 3433d849-91ef-4a88-8360-a1556fb80019{ip: 192.168.34.51, host: pr-hdds-2030-4ksg7-2479105578, networkLocation: /default-rack, certSerialId: null} moved to stale state. Finalizing its pipelines [PipelineID=06e6b793-ffc2-45cc-84a7-2bb13f3625b3, PipelineID=33d84a30-357a-4225-978e-592035762a14]
2019-08-27 08:45:48,873 [EventQueue-StaleNodeForStaleNodeHandler] INFO  pipeline.SCMPipelineManager (SCMPipelineManager.java:finalizeAndDestroyPipeline(309)) - destroying pipeline:Pipeline[ Id: 06e6b793-ffc2-45cc-84a7-2bb13f3625b3, Nodes: ddde5c7c-e9c5-4769-85d9-f016532a1403{ip: 192.168.34.51, host: pr-hdds-2030-4ksg7-2479105578, networkLocation: /default-rack, certSerialId: null}3433d849-91ef-4a88-8360-a1556fb80019{ip: 192.168.34.51, host: pr-hdds-2030-4ksg7-2479105578, networkLocation: /default-rack, certSerialId: null}3d19b766-1eb7-4ca3-9243-1b4985e8cbd4{ip: 192.168.34.51, host: pr-hdds-2030-4ksg7-2479105578, networkLocation: /default-rack, certSerialId: null}, Type:RATIS, Factor:THREE, State:CLOSED]
2019-08-27 08:45:48,874 [EventQueue-StaleNodeForStaleNodeHandler] INFO  pipeline.SCMPipelineManager (SCMPipelineManager.java:finalizeAndDestroyPipeline(309)) - destroying pipeline:Pipeline[ Id: 33d84a30-357a-4225-978e-592035762a14, Nodes: 3433d849-91ef-4a88-8360-a1556fb80019{ip: 192.168.34.51, host: pr-hdds-2030-4ksg7-2479105578, networkLocation: /default-rack, certSerialId: null}, Type:RATIS, Factor:ONE, State:OPEN]
2019-08-27 08:45:48,874 [EventQueue-StaleNodeForStaleNodeHandler] INFO  pipeline.PipelineStateManager (PipelineStateManager.java:finalizePipeline(123)) - Pipeline Pipeline[ Id: 33d84a30-357a-4225-978e-592035762a14, Nodes: 3433d849-91ef-4a88-8360-a1556fb80019{ip: 192.168.34.51, host: pr-hdds-2030-4ksg7-2479105578, networkLocation: /default-rack, certSerialId: null}, Type:RATIS, Factor:ONE, State:CLOSED] moved to CLOSED state
2019-08-27 08:45:49,144 | INFO  | SCMAudit | user=jenkins1000 | ip=192.168.34.51 | op=SEND_HEARTBEAT {datanodeUUID=8289b84a-5ffc-464f-8cf9-509d8f4e99e8, command=[]} | ret=SUCCESS |  
2019-08-27 08:45:49,225 | INFO  | SCMAudit | user=jenkins1000 | ip=192.168.34.51 | op=SEND_HEARTBEAT {datanodeUUID=e60890e4-14e0-47c0-8a01-d761be2b8c30, command=[]} | ret=SUCCESS |  
2019-08-27 08:45:49,225 | INFO  | SCMAudit | user=jenkins1000 | ip=192.168.34.51 | op=SEND_HEARTBEAT {datanodeUUID=7bba8b5e-5403-47cd-8c50-4a907bf09a8b, command=[]} | ret=SUCCESS |  
2019-08-27 08:45:49,515 | INFO  | SCMAudit | user=jenkins1000 | ip=192.168.34.51 | op=SEND_HEARTBEAT {datanodeUUID=8dfd4e42-382c-4bf3-839c-009a43aa0523, command=[]} | ret=SUCCESS |  
2019-08-27 08:45:49,861 | INFO  | SCMAudit | user=jenkins1000 | ip=192.168.34.51 | op=SEND_HEARTBEAT {datanodeUUID=3d19b766-1eb7-4ca3-9243-1b4985e8cbd4, command=[]} | ret=SUCCESS |  
2019-08-27 08:45:50,144 | INFO  | SCMAudit | user=jenkins1000 | ip=192.168.34.51 | op=SEND_HEARTBEAT {datanodeUUID=8289b84a-5ffc-464f-8cf9-509d8f4e99e8, command=[]} | ret=SUCCESS |  
2019-08-27 08:45:50,225 | INFO  | SCMAudit | user=jenkins1000 | ip=192.168.34.51 | op=SEND_HEARTBEAT {datanodeUUID=7bba8b5e-5403-47cd-8c50-4a907bf09a8b, command=[]} | ret=SUCCESS |  
2019-08-27 08:45:50,225 | INFO  | SCMAudit | user=jenkins1000 | ip=192.168.34.51 | op=SEND_HEARTBEAT {datanodeUUID=e60890e4-14e0-47c0-8a01-d761be2b8c30, command=[]} | ret=SUCCESS |  
2019-08-27 08:45:50,516 | INFO  | SCMAudit | user=jenkins1000 | ip=192.168.34.51 | op=SEND_HEARTBEAT {datanodeUUID=8dfd4e42-382c-4bf3-839c-009a43aa0523, command=[]} | ret=SUCCESS |  
2019-08-27 08:45:50,861 | INFO  | SCMAudit | user=jenkins1000 | ip=192.168.34.51 | op=SEND_HEARTBEAT {datanodeUUID=3d19b766-1eb7-4ca3-9243-1b4985e8cbd4, command=[]} | ret=SUCCESS |  
2019-08-27 08:45:50,950 [grpc-default-executor-0] WARN  server.GrpcLogAppender (LogUtils.java:warn(134)) - 3433d849-91ef-4a88-8360-a1556fb80019->ddde5c7c-e9c5-4769-85d9-f016532a1403: Failed appendEntries: org.apache.ratis.thirdparty.io.grpc.StatusRuntimeException: UNAVAILABLE: io exception
2019-08-27 08:45:50,953 [grpc-default-executor-0] INFO  impl.FollowerInfo (FollowerInfo.java:lambda$new$0(50)) - 3433d849-91ef-4a88-8360-a1556fb80019->ddde5c7c-e9c5-4769-85d9-f016532a1403: nextIndex: updateUnconditionally 7 -> 6
2019-08-27 08:45:51,145 | INFO  | SCMAudit | user=jenkins1000 | ip=192.168.34.51 | op=SEND_HEARTBEAT {datanodeUUID=8289b84a-5ffc-464f-8cf9-509d8f4e99e8, command=[]} | ret=SUCCESS |  
2019-08-27 08:45:51,157 [main] INFO  ozoneimpl.OzoneContainer (OzoneContainer.java:stop(199)) - Attempting to stop container services.
2019-08-27 08:45:51,158 [main] INFO  impl.RaftServerProxy (RaftServerProxy.java:lambda$close$4(314)) - 3433d849-91ef-4a88-8360-a1556fb80019: close
2019-08-27 08:45:51,159 [main] INFO  impl.RaftServerImpl (RaftServerImpl.java:lambda$shutdown$3(245)) - 3433d849-91ef-4a88-8360-a1556fb80019: shutdown group-2BB13F3625B3
2019-08-27 08:45:51,159 [main] INFO  util.JmxRegister (JmxRegister.java:unregister(73)) - Successfully un-registered JMX Bean with object name Ratis:service=RaftServer,group=group-2BB13F3625B3,id=3433d849-91ef-4a88-8360-a1556fb80019
2019-08-27 08:45:51,160 [main] INFO  impl.RoleInfo (RoleInfo.java:shutdownLeaderState(104)) - 3433d849-91ef-4a88-8360-a1556fb80019: shutdown LeaderState
2019-08-27 08:45:51,165 [main] INFO  impl.PendingRequests (PendingRequests.java:sendNotLeaderResponses(202)) - 3433d849-91ef-4a88-8360-a1556fb80019-PendingRequests: sendNotLeaderResponses
2019-08-27 08:45:51,165 [org.apache.ratis.server.impl.LogAppender$AppenderDaemon$$Lambda$454/159228238@66823c85] WARN  server.GrpcLogAppender (GrpcLogAppender.java:mayWait(143)) - GrpcLogAppender(3433d849-91ef-4a88-8360-a1556fb80019->3d19b766-1eb7-4ca3-9243-1b4985e8cbd4): Wait interrupted by java.lang.InterruptedException
2019-08-27 08:45:51,168 [org.apache.ratis.server.impl.LogAppender$AppenderDaemon$$Lambda$454/159228238@2380a691] WARN  server.GrpcLogAppender (GrpcLogAppender.java:mayWait(143)) - GrpcLogAppender(3433d849-91ef-4a88-8360-a1556fb80019->ddde5c7c-e9c5-4769-85d9-f016532a1403): Wait interrupted by java.lang.InterruptedException
2019-08-27 08:45:51,170 [grpc-default-executor-0] INFO  server.GrpcServerProtocolService (GrpcServerProtocolService.java:onCompleted(104)) - 3d19b766-1eb7-4ca3-9243-1b4985e8cbd4: appendEntries completed
2019-08-27 08:45:51,173 [grpc-default-executor-0] INFO  server.GrpcLogAppender (GrpcLogAppender.java:onCompleted(292)) - 3433d849-91ef-4a88-8360-a1556fb80019->3d19b766-1eb7-4ca3-9243-1b4985e8cbd4: follower responses appendEntries COMPLETED
2019-08-27 08:45:51,175 [grpc-default-executor-0] INFO  impl.FollowerInfo (FollowerInfo.java:lambda$new$0(50)) - 3433d849-91ef-4a88-8360-a1556fb80019->3d19b766-1eb7-4ca3-9243-1b4985e8cbd4: nextIndex: updateUnconditionally 9 -> 8
2019-08-27 08:45:51,177 [main] INFO  impl.StateMachineUpdater (StateMachineUpdater.java:stopAndJoin(115)) - StateMachineUpdater:3433d849-91ef-4a88-8360-a1556fb80019:group-2BB13F3625B3: set stopIndex = 8
2019-08-27 08:45:51,178 [StateMachineUpdater:3433d849-91ef-4a88-8360-a1556fb80019:group-2BB13F3625B3] INFO  ratis.ContainerStateMachine (ContainerStateMachine.java:takeSnapshot(283)) - group-2BB13F3625B3: Taking a snapshot at:(t:2, i:8) file /workdir/hadoop-ozone/integration-test/target/test-dir/MiniOzoneClusterImpl-ccbc06d8-8352-47f7-a9f0-6d04cc918ea8/datanode-0/data/ratis/06e6b793-ffc2-45cc-84a7-2bb13f3625b3/sm/snapshot.2_8
2019-08-27 08:45:51,191 [StateMachineUpdater:3433d849-91ef-4a88-8360-a1556fb80019:group-2BB13F3625B3] INFO  ratis.ContainerStateMachine (ContainerStateMachine.java:takeSnapshot(294)) - group-2BB13F3625B3: Finished taking a snapshot at:(t:2, i:8) file:/workdir/hadoop-ozone/integration-test/target/test-dir/MiniOzoneClusterImpl-ccbc06d8-8352-47f7-a9f0-6d04cc918ea8/datanode-0/data/ratis/06e6b793-ffc2-45cc-84a7-2bb13f3625b3/sm/snapshot.2_8 time:14
2019-08-27 08:45:51,191 [StateMachineUpdater:3433d849-91ef-4a88-8360-a1556fb80019:group-2BB13F3625B3] INFO  impl.StateMachineUpdater (StateMachineUpdater.java:takeSnapshot(242)) - StateMachineUpdater:3433d849-91ef-4a88-8360-a1556fb80019:group-2BB13F3625B3: Took a snapshot at index 8
2019-08-27 08:45:51,191 [StateMachineUpdater:3433d849-91ef-4a88-8360-a1556fb80019:group-2BB13F3625B3] INFO  impl.StateMachineUpdater (StateMachineUpdater.java:lambda$new$0(80)) - StateMachineUpdater:3433d849-91ef-4a88-8360-a1556fb80019:group-2BB13F3625B3: snapshotIndex: updateIncreasingly -1 -> 8
2019-08-27 08:45:51,192 [main] INFO  impl.RaftServerImpl (ServerState.java:close(394)) - 3433d849-91ef-4a88-8360-a1556fb80019:group-2BB13F3625B3 closes. The last applied log index is 8
2019-08-27 08:45:51,192 [3433d849-91ef-4a88-8360-a1556fb80019-SegmentedRaftLogWorker:Storage Directory /workdir/hadoop-ozone/integration-test/target/test-dir/MiniOzoneClusterImpl-ccbc06d8-8352-47f7-a9f0-6d04cc918ea8/datanode-0/data/ratis/06e6b793-ffc2-45cc-84a7-2bb13f3625b3] INFO  segmented.SegmentedRaftLogWorker (SegmentedRaftLogWorker.java:run(313)) - 3433d849-91ef-4a88-8360-a1556fb80019-SegmentedRaftLogWorker:Storage Directory /workdir/hadoop-ozone/integration-test/target/test-dir/MiniOzoneClusterImpl-ccbc06d8-8352-47f7-a9f0-6d04cc918ea8/datanode-0/data/ratis/06e6b793-ffc2-45cc-84a7-2bb13f3625b3 was interrupted, exiting. There are 0 tasks remaining in the queue.
2019-08-27 08:45:51,194 [main] INFO  segmented.SegmentedRaftLogWorker (SegmentedRaftLogWorker.java:close(228)) - 3433d849-91ef-4a88-8360-a1556fb80019-SegmentedRaftLogWorker:Storage Directory /workdir/hadoop-ozone/integration-test/target/test-dir/MiniOzoneClusterImpl-ccbc06d8-8352-47f7-a9f0-6d04cc918ea8/datanode-0/data/ratis/06e6b793-ffc2-45cc-84a7-2bb13f3625b3 close()
2019-08-27 08:45:51,197 [main] INFO  impl.RaftServerImpl (RaftServerImpl.java:lambda$shutdown$3(245)) - 3433d849-91ef-4a88-8360-a1556fb80019: shutdown group-592035762A14
2019-08-27 08:45:51,197 [main] INFO  util.JmxRegister (JmxRegister.java:unregister(73)) - Successfully un-registered JMX Bean with object name Ratis:service=RaftServer,group=group-592035762A14,id=3433d849-91ef-4a88-8360-a1556fb80019
2019-08-27 08:45:51,198 [main] INFO  impl.RoleInfo (RoleInfo.java:shutdownLeaderState(104)) - 3433d849-91ef-4a88-8360-a1556fb80019: shutdown LeaderState
2019-08-27 08:45:51,198 [main] INFO  impl.PendingRequests (PendingRequests.java:sendNotLeaderResponses(202)) - 3433d849-91ef-4a88-8360-a1556fb80019-PendingRequests: sendNotLeaderResponses
2019-08-27 08:45:51,199 [main] INFO  impl.StateMachineUpdater (StateMachineUpdater.java:stopAndJoin(115)) - StateMachineUpdater:3433d849-91ef-4a88-8360-a1556fb80019:group-592035762A14: set stopIndex = 0
2019-08-27 08:45:51,199 [main] INFO  impl.RaftServerImpl (ServerState.java:close(394)) - 3433d849-91ef-4a88-8360-a1556fb80019:group-592035762A14 closes. The last applied log index is 0
2019-08-27 08:45:51,199 [3433d849-91ef-4a88-8360-a1556fb80019-SegmentedRaftLogWorker:Storage Directory /workdir/hadoop-ozone/integration-test/target/test-dir/MiniOzoneClusterImpl-ccbc06d8-8352-47f7-a9f0-6d04cc918ea8/datanode-0/data/ratis/33d84a30-357a-4225-978e-592035762a14] INFO  segmented.SegmentedRaftLogWorker (SegmentedRaftLogWorker.java:run(313)) - 3433d849-91ef-4a88-8360-a1556fb80019-SegmentedRaftLogWorker:Storage Directory /workdir/hadoop-ozone/integration-test/target/test-dir/MiniOzoneClusterImpl-ccbc06d8-8352-47f7-a9f0-6d04cc918ea8/datanode-0/data/ratis/33d84a30-357a-4225-978e-592035762a14 was interrupted, exiting. There are 0 tasks remaining in the queue.
2019-08-27 08:45:51,201 [main] INFO  segmented.SegmentedRaftLogWorker (SegmentedRaftLogWorker.java:close(228)) - 3433d849-91ef-4a88-8360-a1556fb80019-SegmentedRaftLogWorker:Storage Directory /workdir/hadoop-ozone/integration-test/target/test-dir/MiniOzoneClusterImpl-ccbc06d8-8352-47f7-a9f0-6d04cc918ea8/datanode-0/data/ratis/33d84a30-357a-4225-978e-592035762a14 close()
2019-08-27 08:45:51,203 [main] INFO  server.GrpcService (GrpcService.java:closeImpl(155)) - 3433d849-91ef-4a88-8360-a1556fb80019: shutdown server with port 41807 now
2019-08-27 08:45:51,204 [main] INFO  server.GrpcService (GrpcService.java:closeImpl(163)) - 3433d849-91ef-4a88-8360-a1556fb80019: shutdown server with port 41807 successfully
2019-08-27 08:45:51,212 [main] INFO  utils.BackgroundService (BackgroundService.java:shutdown(148)) - Shutting down service BlockDeletingService
2019-08-27 08:45:51,213 [refreshUsed-/workdir/hadoop-ozone/integration-test/target/test-dir/MiniOzoneClusterImpl-ccbc06d8-8352-47f7-a9f0-6d04cc918ea8/datanode-0/data/containers] WARN  fs.CachingGetSpaceUsed (CachingGetSpaceUsed.java:run(183)) - Thread Interrupted waiting to refresh disk information: sleep interrupted
2019-08-27 08:45:51,225 | INFO  | SCMAudit | user=jenkins1000 | ip=192.168.34.51 | op=SEND_HEARTBEAT {datanodeUUID=7bba8b5e-5403-47cd-8c50-4a907bf09a8b, command=[]} | ret=SUCCESS |  
2019-08-27 08:45:51,225 | INFO  | SCMAudit | user=jenkins1000 | ip=192.168.34.51 | op=SEND_HEARTBEAT {datanodeUUID=e60890e4-14e0-47c0-8a01-d761be2b8c30, command=[]} | ret=SUCCESS |  
2019-08-27 08:45:51,232 [main] INFO  statemachine.DatanodeStateMachine (DatanodeStateMachine.java:stopDaemon(395)) - Ozone container server stopped.
2019-08-27 08:45:51,233 [main] INFO  handler.ContextHandler (ContextHandler.java:doStop(910)) - Stopped o.e.j.w.WebAppContext@4dba773d{/,null,UNAVAILABLE}{/hddsDatanode}
2019-08-27 08:45:51,233 [main] INFO  server.AbstractConnector (AbstractConnector.java:doStop(318)) - Stopped ServerConnector@1d9bd4da{HTTP/1.1,[http/1.1]}{0.0.0.0:0}
2019-08-27 08:45:51,234 [main] INFO  handler.ContextHandler (ContextHandler.java:doStop(910)) - Stopped o.e.j.s.ServletContextHandler@6a1d3225{/static,jar:file:/home/user/.m2/repository/org/apache/hadoop/hadoop-hdds-container-service/0.5.0-SNAPSHOT/hadoop-hdds-container-service-0.5.0-SNAPSHOT.jar!/webapps/static,UNAVAILABLE}
2019-08-27 08:45:51,234 [main] INFO  handler.ContextHandler (ContextHandler.java:doStop(910)) - Stopped o.e.j.s.ServletContextHandler@1cc680e{/logs,file:///workdir/hadoop-ozone/integration-test/target/log,UNAVAILABLE}
]]></system-out>
  </testcase>
</testsuite>