<?xml version="1.0" encoding="UTF-8"?>
<testsuite xmlns:xsi="http://www.w3.org/2001/XMLSchema-instance" xsi:noNamespaceSchemaLocation="https://maven.apache.org/surefire/maven-surefire-plugin/xsd/surefire-test-report.xsd" name="org.apache.hadoop.ozone.client.rpc.TestWatchForCommit" time="261.595" tests="5" errors="1" skipped="0" failures="0">
  <properties>
    <property name="awt.toolkit" value="sun.awt.X11.XToolkit"/>
    <property name="file.encoding.pkg" value="sun.io"/>
    <property name="java.specification.version" value="1.8"/>
    <property name="sun.cpu.isalist" value=""/>
    <property name="sun.jnu.encoding" value="UTF-8"/>
    <property name="java.class.path" value="/workdir/hadoop-ozone/integration-test/target/test-classes:/workdir/hadoop-ozone/integration-test/target/classes:/home/user/.m2/repository/org/apache/hadoop/hadoop-ozone-common/0.5.0-SNAPSHOT/hadoop-ozone-common-0.5.0-SNAPSHOT.jar:/home/user/.m2/repository/org/apache/commons/commons-compress/1.4.1/commons-compress-1.4.1.jar:/home/user/.m2/repository/org/tukaani/xz/1.0/xz-1.0.jar:/home/user/.m2/repository/org/apache/hadoop/hadoop-common/3.2.0/hadoop-common-3.2.0.jar:/home/user/.m2/repository/org/apache/hadoop/hadoop-hdfs/3.2.0/hadoop-hdfs-3.2.0.jar:/home/user/.m2/repository/org/apache/hadoop/hadoop-hdfs-client/3.2.0/hadoop-hdfs-client-3.2.0.jar:/home/user/.m2/repository/com/fasterxml/jackson/core/jackson-annotations/2.9.5/jackson-annotations-2.9.5.jar:/home/user/.m2/repository/org/apache/hadoop/hadoop-hdds-common/0.5.0-SNAPSHOT/hadoop-hdds-common-0.5.0-SNAPSHOT.jar:/home/user/.m2/repository/javax/annotation/javax.annotation-api/1.2/javax.annotation-api-1.2.jar:/home/user/.m2/repository/org/apache/ratis/ratis-server/0.4.0-2337318-SNAPSHOT/ratis-server-0.4.0-2337318-SNAPSHOT.jar:/home/user/.m2/repository/org/apache/ratis/ratis-thirdparty-misc/0.2.0/ratis-thirdparty-misc-0.2.0.jar:/home/user/.m2/repository/org/apache/ratis/ratis-proto/0.4.0-2337318-SNAPSHOT/ratis-proto-0.4.0-2337318-SNAPSHOT.jar:/home/user/.m2/repository/org/apache/ratis/ratis-common/0.4.0-2337318-SNAPSHOT/ratis-common-0.4.0-2337318-SNAPSHOT.jar:/home/user/.m2/repository/org/apache/ratis/ratis-client/0.4.0-2337318-SNAPSHOT/ratis-client-0.4.0-2337318-SNAPSHOT.jar:/home/user/.m2/repository/org/apache/ratis/ratis-metrics/0.4.0-2337318-SNAPSHOT/ratis-metrics-0.4.0-2337318-SNAPSHOT.jar:/home/user/.m2/repository/org/apache/ratis/ratis-netty/0.4.0-2337318-SNAPSHOT/ratis-netty-0.4.0-2337318-SNAPSHOT.jar:/home/user/.m2/repository/org/apache/ratis/ratis-grpc/0.4.0-2337318-SNAPSHOT/ratis-grpc-0.4.0-2337318-SNAPSHOT.jar:/home/user/.m2/repository/org/rocksdb/rocksdbjni/6.0.1/rocksdbjni-6.0.1.jar:/home/user/.m2/repository/org/apache/logging/log4j/log4j-api/2.11.0/log4j-api-2.11.0.jar:/home/user/.m2/repository/org/apache/logging/log4j/log4j-core/2.11.0/log4j-core-2.11.0.jar:/home/user/.m2/repository/com/lmax/disruptor/3.4.2/disruptor-3.4.2.jar:/home/user/.m2/repository/org/apache/commons/commons-pool2/2.6.0/commons-pool2-2.6.0.jar:/home/user/.m2/repository/org/bouncycastle/bcpkix-jdk15on/1.60/bcpkix-jdk15on-1.60.jar:/home/user/.m2/repository/commons-validator/commons-validator/1.6/commons-validator-1.6.jar:/home/user/.m2/repository/commons-digester/commons-digester/1.8.1/commons-digester-1.8.1.jar:/home/user/.m2/repository/io/jaegertracing/jaeger-client/0.33.1/jaeger-client-0.33.1.jar:/home/user/.m2/repository/io/jaegertracing/jaeger-thrift/0.33.1/jaeger-thrift-0.33.1.jar:/home/user/.m2/repository/org/apache/thrift/libthrift/0.11.0/libthrift-0.11.0.jar:/home/user/.m2/repository/com/squareup/okhttp3/okhttp/3.9.0/okhttp-3.9.0.jar:/home/user/.m2/repository/com/squareup/okio/okio/1.13.0/okio-1.13.0.jar:/home/user/.m2/repository/io/jaegertracing/jaeger-core/0.33.1/jaeger-core-0.33.1.jar:/home/user/.m2/repository/io/jaegertracing/jaeger-tracerresolver/0.33.1/jaeger-tracerresolver-0.33.1.jar:/home/user/.m2/repository/io/opentracing/contrib/opentracing-tracerresolver/0.1.5/opentracing-tracerresolver-0.1.5.jar:/home/user/.m2/repository/io/opentracing/opentracing-util/0.31.0/opentracing-util-0.31.0.jar:/home/user/.m2/repository/io/opentracing/opentracing-api/0.31.0/opentracing-api-0.31.0.jar:/home/user/.m2/repository/io/opentracing/opentracing-noop/0.31.0/opentracing-noop-0.31.0.jar:/home/user/.m2/repository/org/apache/hadoop/hadoop-hdds-server-framework/0.5.0-SNAPSHOT/hadoop-hdds-server-framework-0.5.0-SNAPSHOT.jar:/home/user/.m2/repository/org/apache/hadoop/hadoop-hdds-container-service/0.5.0-SNAPSHOT/hadoop-hdds-container-service-0.5.0-SNAPSHOT.jar:/home/user/.m2/repository/org/apache/hadoop/hadoop-hdds-client/0.5.0-SNAPSHOT/hadoop-hdds-client-0.5.0-SNAPSHOT.jar:/home/user/.m2/repository/org/apache/hadoop/hadoop-hdds-tools/0.5.0-SNAPSHOT/hadoop-hdds-tools-0.5.0-SNAPSHOT.jar:/home/user/.m2/repository/org/apache/hadoop/hadoop-hdds-server-scm/0.5.0-SNAPSHOT/hadoop-hdds-server-scm-0.5.0-SNAPSHOT.jar:/home/user/.m2/repository/org/apache/hadoop/hadoop-hdds-docs/0.5.0-SNAPSHOT/hadoop-hdds-docs-0.5.0-SNAPSHOT.jar:/home/user/.m2/repository/io/dropwizard/metrics/metrics-core/3.2.4/metrics-core-3.2.4.jar:/home/user/.m2/repository/org/hamcrest/hamcrest-all/1.3/hamcrest-all-1.3.jar:/home/user/.m2/repository/org/bouncycastle/bcprov-jdk15on/1.60/bcprov-jdk15on-1.60.jar:/home/user/.m2/repository/info/picocli/picocli/3.9.6/picocli-3.9.6.jar:/home/user/.m2/repository/com/google/protobuf/protobuf-java/2.5.0/protobuf-java-2.5.0.jar:/home/user/.m2/repository/com/google/guava/guava/11.0.2/guava-11.0.2.jar:/home/user/.m2/repository/org/apache/hadoop/hadoop-ozone-ozone-manager/0.5.0-SNAPSHOT/hadoop-ozone-ozone-manager-0.5.0-SNAPSHOT.jar:/home/user/.m2/repository/org/apache/hadoop/hadoop-minikdc/3.2.0/hadoop-minikdc-3.2.0.jar:/home/user/.m2/repository/commons-io/commons-io/2.5/commons-io-2.5.jar:/home/user/.m2/repository/org/apache/kerby/kerb-simplekdc/1.0.1/kerb-simplekdc-1.0.1.jar:/home/user/.m2/repository/org/apache/kerby/kerb-client/1.0.1/kerb-client-1.0.1.jar:/home/user/.m2/repository/org/apache/kerby/kerby-config/1.0.1/kerby-config-1.0.1.jar:/home/user/.m2/repository/org/apache/kerby/kerb-core/1.0.1/kerb-core-1.0.1.jar:/home/user/.m2/repository/org/apache/kerby/kerby-pkix/1.0.1/kerby-pkix-1.0.1.jar:/home/user/.m2/repository/org/apache/kerby/kerby-asn1/1.0.1/kerby-asn1-1.0.1.jar:/home/user/.m2/repository/org/apache/kerby/kerby-util/1.0.1/kerby-util-1.0.1.jar:/home/user/.m2/repository/org/apache/kerby/kerb-common/1.0.1/kerb-common-1.0.1.jar:/home/user/.m2/repository/org/apache/kerby/kerb-crypto/1.0.1/kerb-crypto-1.0.1.jar:/home/user/.m2/repository/org/apache/kerby/kerb-util/1.0.1/kerb-util-1.0.1.jar:/home/user/.m2/repository/org/apache/kerby/token-provider/1.0.1/token-provider-1.0.1.jar:/home/user/.m2/repository/org/apache/kerby/kerb-admin/1.0.1/kerb-admin-1.0.1.jar:/home/user/.m2/repository/org/apache/kerby/kerb-server/1.0.1/kerb-server-1.0.1.jar:/home/user/.m2/repository/org/apache/kerby/kerb-identity/1.0.1/kerb-identity-1.0.1.jar:/home/user/.m2/repository/org/apache/kerby/kerby-xdr/1.0.1/kerby-xdr-1.0.1.jar:/home/user/.m2/repository/org/slf4j/slf4j-log4j12/1.7.25/slf4j-log4j12-1.7.25.jar:/home/user/.m2/repository/org/apache/hadoop/hadoop-ozone-s3gateway/0.5.0-SNAPSHOT/hadoop-ozone-s3gateway-0.5.0-SNAPSHOT.jar:/home/user/.m2/repository/org/jboss/weld/servlet/weld-servlet/2.4.7.Final/weld-servlet-2.4.7.Final.jar:/home/user/.m2/repository/org/glassfish/jersey/containers/jersey-container-servlet-core/2.27/jersey-container-servlet-core-2.27.jar:/home/user/.m2/repository/org/glassfish/hk2/external/javax.inject/2.5.0-b42/javax.inject-2.5.0-b42.jar:/home/user/.m2/repository/org/glassfish/jersey/core/jersey-common/2.27/jersey-common-2.27.jar:/home/user/.m2/repository/org/glassfish/hk2/osgi-resource-locator/1.0.1/osgi-resource-locator-1.0.1.jar:/home/user/.m2/repository/javax/ws/rs/javax.ws.rs-api/2.1/javax.ws.rs-api-2.1.jar:/home/user/.m2/repository/org/glassfish/jersey/ext/cdi/jersey-cdi1x/2.27/jersey-cdi1x-2.27.jar:/home/user/.m2/repository/org/glassfish/jersey/inject/jersey-hk2/2.27/jersey-hk2-2.27.jar:/home/user/.m2/repository/org/glassfish/hk2/hk2-locator/2.5.0-b42/hk2-locator-2.5.0-b42.jar:/home/user/.m2/repository/org/javassist/javassist/3.22.0-CR2/javassist-3.22.0-CR2.jar:/home/user/.m2/repository/org/glassfish/hk2/hk2-api/2.5.0/hk2-api-2.5.0.jar:/home/user/.m2/repository/org/glassfish/hk2/external/jakarta.inject/2.5.0/jakarta.inject-2.5.0.jar:/home/user/.m2/repository/org/glassfish/hk2/hk2-utils/2.5.0/hk2-utils-2.5.0.jar:/home/user/.m2/repository/jakarta/annotation/jakarta.annotation-api/1.3.4/jakarta.annotation-api-1.3.4.jar:/home/user/.m2/repository/org/glassfish/hk2/external/aopalliance-repackaged/2.5.0/aopalliance-repackaged-2.5.0.jar:/home/user/.m2/repository/com/fasterxml/jackson/dataformat/jackson-dataformat-xml/2.9.0/jackson-dataformat-xml-2.9.0.jar:/home/user/.m2/repository/com/fasterxml/jackson/core/jackson-core/2.9.5/jackson-core-2.9.5.jar:/home/user/.m2/repository/com/fasterxml/jackson/module/jackson-module-jaxb-annotations/2.9.5/jackson-module-jaxb-annotations-2.9.5.jar:/home/user/.m2/repository/javax/enterprise/cdi-api/1.2/cdi-api-1.2.jar:/home/user/.m2/repository/javax/el/javax.el-api/3.0.0/javax.el-api-3.0.0.jar:/home/user/.m2/repository/javax/interceptor/javax.interceptor-api/1.2/javax.interceptor-api-1.2.jar:/home/user/.m2/repository/javax/inject/javax.inject/1/javax.inject-1.jar:/home/user/.m2/repository/com/sun/xml/bind/jaxb-impl/2.3.0.1/jaxb-impl-2.3.0.1.jar:/home/user/.m2/repository/com/sun/xml/bind/jaxb-core/2.3.0.1/jaxb-core-2.3.0.1.jar:/home/user/.m2/repository/javax/xml/bind/jaxb-api/2.3.0/jaxb-api-2.3.0.jar:/home/user/.m2/repository/javax/activation/activation/1.1.1/activation-1.1.1.jar:/home/user/.m2/repository/org/apache/hadoop/hadoop-ozone-csi/0.5.0-SNAPSHOT/hadoop-ozone-csi-0.5.0-SNAPSHOT.jar:/home/user/.m2/repository/com/google/protobuf/protobuf-java-util/3.5.1/protobuf-java-util-3.5.1.jar:/home/user/.m2/repository/org/apache/hadoop/hadoop-hdds-config/0.5.0-SNAPSHOT/hadoop-hdds-config-0.5.0-SNAPSHOT.jar:/home/user/.m2/repository/io/grpc/grpc-netty/1.17.1/grpc-netty-1.17.1.jar:/home/user/.m2/repository/io/grpc/grpc-core/1.17.1/grpc-core-1.17.1.jar:/home/user/.m2/repository/io/grpc/grpc-context/1.17.1/grpc-context-1.17.1.jar:/home/user/.m2/repository/com/google/errorprone/error_prone_annotations/2.2.0/error_prone_annotations-2.2.0.jar:/home/user/.m2/repository/org/codehaus/mojo/animal-sniffer-annotations/1.17/animal-sniffer-annotations-1.17.jar:/home/user/.m2/repository/io/opencensus/opencensus-api/0.17.0/opencensus-api-0.17.0.jar:/home/user/.m2/repository/io/opencensus/opencensus-contrib-grpc-metrics/0.17.0/opencensus-contrib-grpc-metrics-0.17.0.jar:/home/user/.m2/repository/io/netty/netty-codec-http2/4.1.30.Final/netty-codec-http2-4.1.30.Final.jar:/home/user/.m2/repository/io/netty/netty-codec-http/4.1.30.Final/netty-codec-http-4.1.30.Final.jar:/home/user/.m2/repository/io/netty/netty-codec/4.1.30.Final/netty-codec-4.1.30.Final.jar:/home/user/.m2/repository/io/netty/netty-handler/4.1.30.Final/netty-handler-4.1.30.Final.jar:/home/user/.m2/repository/io/netty/netty-handler-proxy/4.1.30.Final/netty-handler-proxy-4.1.30.Final.jar:/home/user/.m2/repository/io/netty/netty-codec-socks/4.1.30.Final/netty-codec-socks-4.1.30.Final.jar:/home/user/.m2/repository/io/netty/netty-transport-native-epoll/4.1.30.Final/netty-transport-native-epoll-4.1.30.Final.jar:/home/user/.m2/repository/io/netty/netty-common/4.1.30.Final/netty-common-4.1.30.Final.jar:/home/user/.m2/repository/io/netty/netty-buffer/4.1.30.Final/netty-buffer-4.1.30.Final.jar:/home/user/.m2/repository/io/netty/netty-transport/4.1.30.Final/netty-transport-4.1.30.Final.jar:/home/user/.m2/repository/io/netty/netty-resolver/4.1.30.Final/netty-resolver-4.1.30.Final.jar:/home/user/.m2/repository/io/netty/netty-transport-native-unix-common/4.1.30.Final/netty-transport-native-unix-common-4.1.30.Final.jar:/home/user/.m2/repository/io/grpc/grpc-protobuf/1.17.1/grpc-protobuf-1.17.1.jar:/home/user/.m2/repository/com/google/api/grpc/proto-google-common-protos/1.0.0/proto-google-common-protos-1.0.0.jar:/home/user/.m2/repository/io/grpc/grpc-protobuf-lite/1.17.1/grpc-protobuf-lite-1.17.1.jar:/home/user/.m2/repository/io/grpc/grpc-stub/1.17.1/grpc-stub-1.17.1.jar:/home/user/.m2/repository/org/apache/hadoop/hadoop-ozone-recon/0.5.0-SNAPSHOT/hadoop-ozone-recon-0.5.0-SNAPSHOT.jar:/home/user/.m2/repository/org/apache/hadoop/hadoop-ozone-reconcodegen/0.5.0-SNAPSHOT/hadoop-ozone-reconcodegen-0.5.0-SNAPSHOT.jar:/home/user/.m2/repository/com/google/inject/extensions/guice-multibindings/4.0/guice-multibindings-4.0.jar:/home/user/.m2/repository/com/google/inject/guice/4.0/guice-4.0.jar:/home/user/.m2/repository/aopalliance/aopalliance/1.0/aopalliance-1.0.jar:/home/user/.m2/repository/com/google/inject/extensions/guice-servlet/4.0/guice-servlet-4.0.jar:/home/user/.m2/repository/org/glassfish/jersey/containers/jersey-container-servlet/2.27/jersey-container-servlet-2.27.jar:/home/user/.m2/repository/org/glassfish/hk2/guice-bridge/2.5.0/guice-bridge-2.5.0.jar:/home/user/.m2/repository/org/glassfish/jersey/core/jersey-server/2.27/jersey-server-2.27.jar:/home/user/.m2/repository/org/glassfish/jersey/core/jersey-client/2.27/jersey-client-2.27.jar:/home/user/.m2/repository/org/glassfish/jersey/media/jersey-media-jaxb/2.27/jersey-media-jaxb-2.27.jar:/home/user/.m2/repository/javax/validation/validation-api/1.1.0.Final/validation-api-1.1.0.Final.jar:/home/user/.m2/repository/org/glassfish/jersey/media/jersey-media-json-jackson/2.27/jersey-media-json-jackson-2.27.jar:/home/user/.m2/repository/org/glassfish/jersey/ext/jersey-entity-filtering/2.27/jersey-entity-filtering-2.27.jar:/home/user/.m2/repository/com/google/inject/extensions/guice-assistedinject/4.0/guice-assistedinject-4.0.jar:/home/user/.m2/repository/org/jooq/jooq/3.11.10/jooq-3.11.10.jar:/home/user/.m2/repository/org/jooq/jooq-meta/3.11.10/jooq-meta-3.11.10.jar:/home/user/.m2/repository/org/jooq/jooq-codegen/3.11.10/jooq-codegen-3.11.10.jar:/home/user/.m2/repository/com/jolbox/bonecp/0.8.0.RELEASE/bonecp-0.8.0.RELEASE.jar:/home/user/.m2/repository/org/xerial/sqlite-jdbc/3.25.2/sqlite-jdbc-3.25.2.jar:/home/user/.m2/repository/org/springframework/spring-jdbc/5.1.3.RELEASE/spring-jdbc-5.1.3.RELEASE.jar:/home/user/.m2/repository/org/springframework/spring-beans/5.1.3.RELEASE/spring-beans-5.1.3.RELEASE.jar:/home/user/.m2/repository/org/springframework/spring-core/5.1.3.RELEASE/spring-core-5.1.3.RELEASE.jar:/home/user/.m2/repository/org/springframework/spring-jcl/5.1.3.RELEASE/spring-jcl-5.1.3.RELEASE.jar:/home/user/.m2/repository/org/springframework/spring-tx/5.1.3.RELEASE/spring-tx-5.1.3.RELEASE.jar:/home/user/.m2/repository/org/apache/hadoop/hadoop-ozone-client/0.5.0-SNAPSHOT/hadoop-ozone-client-0.5.0-SNAPSHOT.jar:/home/user/.m2/repository/commons-lang/commons-lang/2.6/commons-lang-2.6.jar:/home/user/.m2/repository/org/apache/hadoop/hadoop-ozone-ozone-manager/0.5.0-SNAPSHOT/hadoop-ozone-ozone-manager-0.5.0-SNAPSHOT-tests.jar:/home/user/.m2/repository/junit/junit/4.11/junit-4.11.jar:/home/user/.m2/repository/org/hamcrest/hamcrest-core/1.3/hamcrest-core-1.3.jar:/home/user/.m2/repository/org/openjdk/jmh/jmh-core/1.19/jmh-core-1.19.jar:/home/user/.m2/repository/net/sf/jopt-simple/jopt-simple/4.6/jopt-simple-4.6.jar:/home/user/.m2/repository/org/apache/commons/commons-math3/3.1.1/commons-math3-3.1.1.jar:/home/user/.m2/repository/org/openjdk/jmh/jmh-generator-annprocess/1.19/jmh-generator-annprocess-1.19.jar:/home/user/.m2/repository/org/mockito/mockito-all/1.8.5/mockito-all-1.8.5.jar:/home/user/.m2/repository/org/apache/hadoop/hadoop-kms/3.2.0/hadoop-kms-3.2.0.jar:/home/user/.m2/repository/org/apache/hadoop/hadoop-auth/3.2.0/hadoop-auth-3.2.0.jar:/home/user/.m2/repository/com/nimbusds/nimbus-jose-jwt/4.41.1/nimbus-jose-jwt-4.41.1.jar:/home/user/.m2/repository/com/github/stephenc/jcip/jcip-annotations/1.0-1/jcip-annotations-1.0-1.jar:/home/user/.m2/repository/net/minidev/json-smart/2.3/json-smart-2.3.jar:/home/user/.m2/repository/net/minidev/accessors-smart/1.2/accessors-smart-1.2.jar:/home/user/.m2/repository/org/ow2/asm/asm/5.0.4/asm-5.0.4.jar:/home/user/.m2/repository/org/apache/curator/curator-framework/2.12.0/curator-framework-2.12.0.jar:/home/user/.m2/repository/com/sun/jersey/jersey-core/1.19/jersey-core-1.19.jar:/home/user/.m2/repository/javax/ws/rs/jsr311-api/1.1.1/jsr311-api-1.1.1.jar:/home/user/.m2/repository/com/sun/jersey/jersey-server/1.19/jersey-server-1.19.jar:/home/user/.m2/repository/javax/servlet/javax.servlet-api/3.1.0/javax.servlet-api-3.1.0.jar:/home/user/.m2/repository/org/eclipse/jetty/jetty-server/9.3.24.v20180605/jetty-server-9.3.24.v20180605.jar:/home/user/.m2/repository/org/eclipse/jetty/jetty-http/9.3.24.v20180605/jetty-http-9.3.24.v20180605.jar:/home/user/.m2/repository/org/eclipse/jetty/jetty-io/9.3.24.v20180605/jetty-io-9.3.24.v20180605.jar:/home/user/.m2/repository/org/eclipse/jetty/jetty-webapp/9.3.24.v20180605/jetty-webapp-9.3.24.v20180605.jar:/home/user/.m2/repository/org/eclipse/jetty/jetty-xml/9.3.24.v20180605/jetty-xml-9.3.24.v20180605.jar:/home/user/.m2/repository/log4j/log4j/1.2.17/log4j-1.2.17.jar:/home/user/.m2/repository/org/slf4j/slf4j-api/1.7.25/slf4j-api-1.7.25.jar:/home/user/.m2/repository/org/slf4j/jul-to-slf4j/1.7.25/jul-to-slf4j-1.7.25.jar:/home/user/.m2/repository/org/eclipse/jetty/jetty-util/9.3.24.v20180605/jetty-util-9.3.24.v20180605.jar:/home/user/.m2/repository/com/fasterxml/jackson/core/jackson-databind/2.9.5/jackson-databind-2.9.5.jar:/home/user/.m2/repository/org/apache/hadoop/hadoop-kms/3.2.0/hadoop-kms-3.2.0-tests.jar:/home/user/.m2/repository/org/apache/hadoop/hadoop-hdds-server-scm/0.5.0-SNAPSHOT/hadoop-hdds-server-scm-0.5.0-SNAPSHOT-tests.jar:/home/user/.m2/repository/org/apache/hadoop/hadoop-hdds-container-service/0.5.0-SNAPSHOT/hadoop-hdds-container-service-0.5.0-SNAPSHOT-tests.jar:/home/user/.m2/repository/org/yaml/snakeyaml/1.16/snakeyaml-1.16.jar:/home/user/.m2/repository/org/apache/hadoop/hadoop-common/3.2.0/hadoop-common-3.2.0-tests.jar:/home/user/.m2/repository/org/apache/hadoop/hadoop-annotations/3.2.0/hadoop-annotations-3.2.0.jar:/usr/lib/jvm/java-1.8-openjdk/jre/../lib/tools.jar:/home/user/.m2/repository/commons-cli/commons-cli/1.2/commons-cli-1.2.jar:/home/user/.m2/repository/org/apache/httpcomponents/httpclient/4.5.2/httpclient-4.5.2.jar:/home/user/.m2/repository/org/apache/httpcomponents/httpcore/4.4.4/httpcore-4.4.4.jar:/home/user/.m2/repository/commons-codec/commons-codec/1.11/commons-codec-1.11.jar:/home/user/.m2/repository/commons-net/commons-net/3.6/commons-net-3.6.jar:/home/user/.m2/repository/commons-collections/commons-collections/3.2.2/commons-collections-3.2.2.jar:/home/user/.m2/repository/org/eclipse/jetty/jetty-servlet/9.3.24.v20180605/jetty-servlet-9.3.24.v20180605.jar:/home/user/.m2/repository/org/eclipse/jetty/jetty-security/9.3.24.v20180605/jetty-security-9.3.24.v20180605.jar:/home/user/.m2/repository/javax/servlet/jsp/jsp-api/2.1/jsp-api-2.1.jar:/home/user/.m2/repository/com/sun/jersey/jersey-servlet/1.19/jersey-servlet-1.19.jar:/home/user/.m2/repository/com/sun/jersey/jersey-json/1.19/jersey-json-1.19.jar:/home/user/.m2/repository/org/codehaus/jettison/jettison/1.1/jettison-1.1.jar:/home/user/.m2/repository/org/codehaus/jackson/jackson-core-asl/1.9.13/jackson-core-asl-1.9.13.jar:/home/user/.m2/repository/org/codehaus/jackson/jackson-mapper-asl/1.9.13/jackson-mapper-asl-1.9.13.jar:/home/user/.m2/repository/org/codehaus/jackson/jackson-jaxrs/1.9.13/jackson-jaxrs-1.9.13.jar:/home/user/.m2/repository/org/codehaus/jackson/jackson-xc/1.9.13/jackson-xc-1.9.13.jar:/home/user/.m2/repository/commons-logging/commons-logging/1.1.3/commons-logging-1.1.3.jar:/home/user/.m2/repository/commons-beanutils/commons-beanutils/1.9.3/commons-beanutils-1.9.3.jar:/home/user/.m2/repository/org/apache/commons/commons-configuration2/2.1.1/commons-configuration2-2.1.1.jar:/home/user/.m2/repository/org/apache/commons/commons-lang3/3.7/commons-lang3-3.7.jar:/home/user/.m2/repository/org/apache/commons/commons-text/1.4/commons-text-1.4.jar:/home/user/.m2/repository/org/apache/avro/avro/1.7.7/avro-1.7.7.jar:/home/user/.m2/repository/com/thoughtworks/paranamer/paranamer/2.3/paranamer-2.3.jar:/home/user/.m2/repository/org/xerial/snappy/snappy-java/1.0.5/snappy-java-1.0.5.jar:/home/user/.m2/repository/com/google/re2j/re2j/1.1/re2j-1.1.jar:/home/user/.m2/repository/com/google/code/gson/gson/2.2.4/gson-2.2.4.jar:/home/user/.m2/repository/com/jcraft/jsch/0.1.54/jsch-0.1.54.jar:/home/user/.m2/repository/org/apache/curator/curator-client/2.12.0/curator-client-2.12.0.jar:/home/user/.m2/repository/org/apache/curator/curator-recipes/2.12.0/curator-recipes-2.12.0.jar:/home/user/.m2/repository/com/google/code/findbugs/jsr305/3.0.0/jsr305-3.0.0.jar:/home/user/.m2/repository/org/apache/htrace/htrace-core4/4.1.0-incubating/htrace-core4-4.1.0-incubating.jar:/home/user/.m2/repository/org/apache/zookeeper/zookeeper/3.4.13/zookeeper-3.4.13.jar:/home/user/.m2/repository/org/apache/yetus/audience-annotations/0.5.0/audience-annotations-0.5.0.jar:/home/user/.m2/repository/org/codehaus/woodstox/stax2-api/3.1.4/stax2-api-3.1.4.jar:/home/user/.m2/repository/com/fasterxml/woodstox/woodstox-core/5.0.3/woodstox-core-5.0.3.jar:/home/user/.m2/repository/dnsjava/dnsjava/2.1.7/dnsjava-2.1.7.jar:/home/user/.m2/repository/org/apache/hadoop/hadoop-hdfs/3.2.0/hadoop-hdfs-3.2.0-tests.jar:/home/user/.m2/repository/org/eclipse/jetty/jetty-util-ajax/9.3.24.v20180605/jetty-util-ajax-9.3.24.v20180605.jar:/home/user/.m2/repository/commons-daemon/commons-daemon/1.0.13/commons-daemon-1.0.13.jar:/home/user/.m2/repository/io/netty/netty/3.10.5.Final/netty-3.10.5.Final.jar:/home/user/.m2/repository/io/netty/netty-all/4.0.52.Final/netty-all-4.0.52.Final.jar:/home/user/.m2/repository/org/fusesource/leveldbjni/leveldbjni-all/1.8/leveldbjni-all-1.8.jar:"/>
    <property name="java.vm.vendor" value="IcedTea"/>
    <property name="sun.arch.data.model" value="64"/>
    <property name="test.build.dir" value="/workdir/hadoop-ozone/integration-test/target/test-dir"/>
    <property name="test.cache.data" value=""/>
    <property name="java.vendor.url" value="https://icedtea.classpath.org"/>
    <property name="user.timezone" value=""/>
    <property name="java.vm.specification.version" value="1.8"/>
    <property name="os.name" value="Linux"/>
    <property name="test.build.data" value="/workdir/hadoop-ozone/integration-test/target/test-dir"/>
    <property name="user.country" value="US"/>
    <property name="sun.java.launcher" value="SUN_STANDARD"/>
    <property name="sun.boot.library.path" value="/usr/lib/jvm/java-1.8-openjdk/jre/lib/amd64"/>
    <property name="sun.java.command" value="/workdir/hadoop-ozone/integration-test/target/surefire/surefirebooter7786705386549721248.jar /workdir/hadoop-ozone/integration-test/target/surefire 2019-08-29T08-41-47_799-jvmRun1 surefire7171094773902404531tmp surefire_501095268091145582066tmp"/>
    <property name="test" value="!TestMiniChaosOzoneCluster"/>
    <property name="surefire.test.class.path" value="/workdir/hadoop-ozone/integration-test/target/test-classes:/workdir/hadoop-ozone/integration-test/target/classes:/home/user/.m2/repository/org/apache/hadoop/hadoop-ozone-common/0.5.0-SNAPSHOT/hadoop-ozone-common-0.5.0-SNAPSHOT.jar:/home/user/.m2/repository/org/apache/commons/commons-compress/1.4.1/commons-compress-1.4.1.jar:/home/user/.m2/repository/org/tukaani/xz/1.0/xz-1.0.jar:/home/user/.m2/repository/org/apache/hadoop/hadoop-common/3.2.0/hadoop-common-3.2.0.jar:/home/user/.m2/repository/org/apache/hadoop/hadoop-hdfs/3.2.0/hadoop-hdfs-3.2.0.jar:/home/user/.m2/repository/org/apache/hadoop/hadoop-hdfs-client/3.2.0/hadoop-hdfs-client-3.2.0.jar:/home/user/.m2/repository/com/fasterxml/jackson/core/jackson-annotations/2.9.5/jackson-annotations-2.9.5.jar:/home/user/.m2/repository/org/apache/hadoop/hadoop-hdds-common/0.5.0-SNAPSHOT/hadoop-hdds-common-0.5.0-SNAPSHOT.jar:/home/user/.m2/repository/javax/annotation/javax.annotation-api/1.2/javax.annotation-api-1.2.jar:/home/user/.m2/repository/org/apache/ratis/ratis-server/0.4.0-2337318-SNAPSHOT/ratis-server-0.4.0-2337318-SNAPSHOT.jar:/home/user/.m2/repository/org/apache/ratis/ratis-thirdparty-misc/0.2.0/ratis-thirdparty-misc-0.2.0.jar:/home/user/.m2/repository/org/apache/ratis/ratis-proto/0.4.0-2337318-SNAPSHOT/ratis-proto-0.4.0-2337318-SNAPSHOT.jar:/home/user/.m2/repository/org/apache/ratis/ratis-common/0.4.0-2337318-SNAPSHOT/ratis-common-0.4.0-2337318-SNAPSHOT.jar:/home/user/.m2/repository/org/apache/ratis/ratis-client/0.4.0-2337318-SNAPSHOT/ratis-client-0.4.0-2337318-SNAPSHOT.jar:/home/user/.m2/repository/org/apache/ratis/ratis-metrics/0.4.0-2337318-SNAPSHOT/ratis-metrics-0.4.0-2337318-SNAPSHOT.jar:/home/user/.m2/repository/org/apache/ratis/ratis-netty/0.4.0-2337318-SNAPSHOT/ratis-netty-0.4.0-2337318-SNAPSHOT.jar:/home/user/.m2/repository/org/apache/ratis/ratis-grpc/0.4.0-2337318-SNAPSHOT/ratis-grpc-0.4.0-2337318-SNAPSHOT.jar:/home/user/.m2/repository/org/rocksdb/rocksdbjni/6.0.1/rocksdbjni-6.0.1.jar:/home/user/.m2/repository/org/apache/logging/log4j/log4j-api/2.11.0/log4j-api-2.11.0.jar:/home/user/.m2/repository/org/apache/logging/log4j/log4j-core/2.11.0/log4j-core-2.11.0.jar:/home/user/.m2/repository/com/lmax/disruptor/3.4.2/disruptor-3.4.2.jar:/home/user/.m2/repository/org/apache/commons/commons-pool2/2.6.0/commons-pool2-2.6.0.jar:/home/user/.m2/repository/org/bouncycastle/bcpkix-jdk15on/1.60/bcpkix-jdk15on-1.60.jar:/home/user/.m2/repository/commons-validator/commons-validator/1.6/commons-validator-1.6.jar:/home/user/.m2/repository/commons-digester/commons-digester/1.8.1/commons-digester-1.8.1.jar:/home/user/.m2/repository/io/jaegertracing/jaeger-client/0.33.1/jaeger-client-0.33.1.jar:/home/user/.m2/repository/io/jaegertracing/jaeger-thrift/0.33.1/jaeger-thrift-0.33.1.jar:/home/user/.m2/repository/org/apache/thrift/libthrift/0.11.0/libthrift-0.11.0.jar:/home/user/.m2/repository/com/squareup/okhttp3/okhttp/3.9.0/okhttp-3.9.0.jar:/home/user/.m2/repository/com/squareup/okio/okio/1.13.0/okio-1.13.0.jar:/home/user/.m2/repository/io/jaegertracing/jaeger-core/0.33.1/jaeger-core-0.33.1.jar:/home/user/.m2/repository/io/jaegertracing/jaeger-tracerresolver/0.33.1/jaeger-tracerresolver-0.33.1.jar:/home/user/.m2/repository/io/opentracing/contrib/opentracing-tracerresolver/0.1.5/opentracing-tracerresolver-0.1.5.jar:/home/user/.m2/repository/io/opentracing/opentracing-util/0.31.0/opentracing-util-0.31.0.jar:/home/user/.m2/repository/io/opentracing/opentracing-api/0.31.0/opentracing-api-0.31.0.jar:/home/user/.m2/repository/io/opentracing/opentracing-noop/0.31.0/opentracing-noop-0.31.0.jar:/home/user/.m2/repository/org/apache/hadoop/hadoop-hdds-server-framework/0.5.0-SNAPSHOT/hadoop-hdds-server-framework-0.5.0-SNAPSHOT.jar:/home/user/.m2/repository/org/apache/hadoop/hadoop-hdds-container-service/0.5.0-SNAPSHOT/hadoop-hdds-container-service-0.5.0-SNAPSHOT.jar:/home/user/.m2/repository/org/apache/hadoop/hadoop-hdds-client/0.5.0-SNAPSHOT/hadoop-hdds-client-0.5.0-SNAPSHOT.jar:/home/user/.m2/repository/org/apache/hadoop/hadoop-hdds-tools/0.5.0-SNAPSHOT/hadoop-hdds-tools-0.5.0-SNAPSHOT.jar:/home/user/.m2/repository/org/apache/hadoop/hadoop-hdds-server-scm/0.5.0-SNAPSHOT/hadoop-hdds-server-scm-0.5.0-SNAPSHOT.jar:/home/user/.m2/repository/org/apache/hadoop/hadoop-hdds-docs/0.5.0-SNAPSHOT/hadoop-hdds-docs-0.5.0-SNAPSHOT.jar:/home/user/.m2/repository/io/dropwizard/metrics/metrics-core/3.2.4/metrics-core-3.2.4.jar:/home/user/.m2/repository/org/hamcrest/hamcrest-all/1.3/hamcrest-all-1.3.jar:/home/user/.m2/repository/org/bouncycastle/bcprov-jdk15on/1.60/bcprov-jdk15on-1.60.jar:/home/user/.m2/repository/info/picocli/picocli/3.9.6/picocli-3.9.6.jar:/home/user/.m2/repository/com/google/protobuf/protobuf-java/2.5.0/protobuf-java-2.5.0.jar:/home/user/.m2/repository/com/google/guava/guava/11.0.2/guava-11.0.2.jar:/home/user/.m2/repository/org/apache/hadoop/hadoop-ozone-ozone-manager/0.5.0-SNAPSHOT/hadoop-ozone-ozone-manager-0.5.0-SNAPSHOT.jar:/home/user/.m2/repository/org/apache/hadoop/hadoop-minikdc/3.2.0/hadoop-minikdc-3.2.0.jar:/home/user/.m2/repository/commons-io/commons-io/2.5/commons-io-2.5.jar:/home/user/.m2/repository/org/apache/kerby/kerb-simplekdc/1.0.1/kerb-simplekdc-1.0.1.jar:/home/user/.m2/repository/org/apache/kerby/kerb-client/1.0.1/kerb-client-1.0.1.jar:/home/user/.m2/repository/org/apache/kerby/kerby-config/1.0.1/kerby-config-1.0.1.jar:/home/user/.m2/repository/org/apache/kerby/kerb-core/1.0.1/kerb-core-1.0.1.jar:/home/user/.m2/repository/org/apache/kerby/kerby-pkix/1.0.1/kerby-pkix-1.0.1.jar:/home/user/.m2/repository/org/apache/kerby/kerby-asn1/1.0.1/kerby-asn1-1.0.1.jar:/home/user/.m2/repository/org/apache/kerby/kerby-util/1.0.1/kerby-util-1.0.1.jar:/home/user/.m2/repository/org/apache/kerby/kerb-common/1.0.1/kerb-common-1.0.1.jar:/home/user/.m2/repository/org/apache/kerby/kerb-crypto/1.0.1/kerb-crypto-1.0.1.jar:/home/user/.m2/repository/org/apache/kerby/kerb-util/1.0.1/kerb-util-1.0.1.jar:/home/user/.m2/repository/org/apache/kerby/token-provider/1.0.1/token-provider-1.0.1.jar:/home/user/.m2/repository/org/apache/kerby/kerb-admin/1.0.1/kerb-admin-1.0.1.jar:/home/user/.m2/repository/org/apache/kerby/kerb-server/1.0.1/kerb-server-1.0.1.jar:/home/user/.m2/repository/org/apache/kerby/kerb-identity/1.0.1/kerb-identity-1.0.1.jar:/home/user/.m2/repository/org/apache/kerby/kerby-xdr/1.0.1/kerby-xdr-1.0.1.jar:/home/user/.m2/repository/org/slf4j/slf4j-log4j12/1.7.25/slf4j-log4j12-1.7.25.jar:/home/user/.m2/repository/org/apache/hadoop/hadoop-ozone-s3gateway/0.5.0-SNAPSHOT/hadoop-ozone-s3gateway-0.5.0-SNAPSHOT.jar:/home/user/.m2/repository/org/jboss/weld/servlet/weld-servlet/2.4.7.Final/weld-servlet-2.4.7.Final.jar:/home/user/.m2/repository/org/glassfish/jersey/containers/jersey-container-servlet-core/2.27/jersey-container-servlet-core-2.27.jar:/home/user/.m2/repository/org/glassfish/hk2/external/javax.inject/2.5.0-b42/javax.inject-2.5.0-b42.jar:/home/user/.m2/repository/org/glassfish/jersey/core/jersey-common/2.27/jersey-common-2.27.jar:/home/user/.m2/repository/org/glassfish/hk2/osgi-resource-locator/1.0.1/osgi-resource-locator-1.0.1.jar:/home/user/.m2/repository/javax/ws/rs/javax.ws.rs-api/2.1/javax.ws.rs-api-2.1.jar:/home/user/.m2/repository/org/glassfish/jersey/ext/cdi/jersey-cdi1x/2.27/jersey-cdi1x-2.27.jar:/home/user/.m2/repository/org/glassfish/jersey/inject/jersey-hk2/2.27/jersey-hk2-2.27.jar:/home/user/.m2/repository/org/glassfish/hk2/hk2-locator/2.5.0-b42/hk2-locator-2.5.0-b42.jar:/home/user/.m2/repository/org/javassist/javassist/3.22.0-CR2/javassist-3.22.0-CR2.jar:/home/user/.m2/repository/org/glassfish/hk2/hk2-api/2.5.0/hk2-api-2.5.0.jar:/home/user/.m2/repository/org/glassfish/hk2/external/jakarta.inject/2.5.0/jakarta.inject-2.5.0.jar:/home/user/.m2/repository/org/glassfish/hk2/hk2-utils/2.5.0/hk2-utils-2.5.0.jar:/home/user/.m2/repository/jakarta/annotation/jakarta.annotation-api/1.3.4/jakarta.annotation-api-1.3.4.jar:/home/user/.m2/repository/org/glassfish/hk2/external/aopalliance-repackaged/2.5.0/aopalliance-repackaged-2.5.0.jar:/home/user/.m2/repository/com/fasterxml/jackson/dataformat/jackson-dataformat-xml/2.9.0/jackson-dataformat-xml-2.9.0.jar:/home/user/.m2/repository/com/fasterxml/jackson/core/jackson-core/2.9.5/jackson-core-2.9.5.jar:/home/user/.m2/repository/com/fasterxml/jackson/module/jackson-module-jaxb-annotations/2.9.5/jackson-module-jaxb-annotations-2.9.5.jar:/home/user/.m2/repository/javax/enterprise/cdi-api/1.2/cdi-api-1.2.jar:/home/user/.m2/repository/javax/el/javax.el-api/3.0.0/javax.el-api-3.0.0.jar:/home/user/.m2/repository/javax/interceptor/javax.interceptor-api/1.2/javax.interceptor-api-1.2.jar:/home/user/.m2/repository/javax/inject/javax.inject/1/javax.inject-1.jar:/home/user/.m2/repository/com/sun/xml/bind/jaxb-impl/2.3.0.1/jaxb-impl-2.3.0.1.jar:/home/user/.m2/repository/com/sun/xml/bind/jaxb-core/2.3.0.1/jaxb-core-2.3.0.1.jar:/home/user/.m2/repository/javax/xml/bind/jaxb-api/2.3.0/jaxb-api-2.3.0.jar:/home/user/.m2/repository/javax/activation/activation/1.1.1/activation-1.1.1.jar:/home/user/.m2/repository/org/apache/hadoop/hadoop-ozone-csi/0.5.0-SNAPSHOT/hadoop-ozone-csi-0.5.0-SNAPSHOT.jar:/home/user/.m2/repository/com/google/protobuf/protobuf-java-util/3.5.1/protobuf-java-util-3.5.1.jar:/home/user/.m2/repository/org/apache/hadoop/hadoop-hdds-config/0.5.0-SNAPSHOT/hadoop-hdds-config-0.5.0-SNAPSHOT.jar:/home/user/.m2/repository/io/grpc/grpc-netty/1.17.1/grpc-netty-1.17.1.jar:/home/user/.m2/repository/io/grpc/grpc-core/1.17.1/grpc-core-1.17.1.jar:/home/user/.m2/repository/io/grpc/grpc-context/1.17.1/grpc-context-1.17.1.jar:/home/user/.m2/repository/com/google/errorprone/error_prone_annotations/2.2.0/error_prone_annotations-2.2.0.jar:/home/user/.m2/repository/org/codehaus/mojo/animal-sniffer-annotations/1.17/animal-sniffer-annotations-1.17.jar:/home/user/.m2/repository/io/opencensus/opencensus-api/0.17.0/opencensus-api-0.17.0.jar:/home/user/.m2/repository/io/opencensus/opencensus-contrib-grpc-metrics/0.17.0/opencensus-contrib-grpc-metrics-0.17.0.jar:/home/user/.m2/repository/io/netty/netty-codec-http2/4.1.30.Final/netty-codec-http2-4.1.30.Final.jar:/home/user/.m2/repository/io/netty/netty-codec-http/4.1.30.Final/netty-codec-http-4.1.30.Final.jar:/home/user/.m2/repository/io/netty/netty-codec/4.1.30.Final/netty-codec-4.1.30.Final.jar:/home/user/.m2/repository/io/netty/netty-handler/4.1.30.Final/netty-handler-4.1.30.Final.jar:/home/user/.m2/repository/io/netty/netty-handler-proxy/4.1.30.Final/netty-handler-proxy-4.1.30.Final.jar:/home/user/.m2/repository/io/netty/netty-codec-socks/4.1.30.Final/netty-codec-socks-4.1.30.Final.jar:/home/user/.m2/repository/io/netty/netty-transport-native-epoll/4.1.30.Final/netty-transport-native-epoll-4.1.30.Final.jar:/home/user/.m2/repository/io/netty/netty-common/4.1.30.Final/netty-common-4.1.30.Final.jar:/home/user/.m2/repository/io/netty/netty-buffer/4.1.30.Final/netty-buffer-4.1.30.Final.jar:/home/user/.m2/repository/io/netty/netty-transport/4.1.30.Final/netty-transport-4.1.30.Final.jar:/home/user/.m2/repository/io/netty/netty-resolver/4.1.30.Final/netty-resolver-4.1.30.Final.jar:/home/user/.m2/repository/io/netty/netty-transport-native-unix-common/4.1.30.Final/netty-transport-native-unix-common-4.1.30.Final.jar:/home/user/.m2/repository/io/grpc/grpc-protobuf/1.17.1/grpc-protobuf-1.17.1.jar:/home/user/.m2/repository/com/google/api/grpc/proto-google-common-protos/1.0.0/proto-google-common-protos-1.0.0.jar:/home/user/.m2/repository/io/grpc/grpc-protobuf-lite/1.17.1/grpc-protobuf-lite-1.17.1.jar:/home/user/.m2/repository/io/grpc/grpc-stub/1.17.1/grpc-stub-1.17.1.jar:/home/user/.m2/repository/org/apache/hadoop/hadoop-ozone-recon/0.5.0-SNAPSHOT/hadoop-ozone-recon-0.5.0-SNAPSHOT.jar:/home/user/.m2/repository/org/apache/hadoop/hadoop-ozone-reconcodegen/0.5.0-SNAPSHOT/hadoop-ozone-reconcodegen-0.5.0-SNAPSHOT.jar:/home/user/.m2/repository/com/google/inject/extensions/guice-multibindings/4.0/guice-multibindings-4.0.jar:/home/user/.m2/repository/com/google/inject/guice/4.0/guice-4.0.jar:/home/user/.m2/repository/aopalliance/aopalliance/1.0/aopalliance-1.0.jar:/home/user/.m2/repository/com/google/inject/extensions/guice-servlet/4.0/guice-servlet-4.0.jar:/home/user/.m2/repository/org/glassfish/jersey/containers/jersey-container-servlet/2.27/jersey-container-servlet-2.27.jar:/home/user/.m2/repository/org/glassfish/hk2/guice-bridge/2.5.0/guice-bridge-2.5.0.jar:/home/user/.m2/repository/org/glassfish/jersey/core/jersey-server/2.27/jersey-server-2.27.jar:/home/user/.m2/repository/org/glassfish/jersey/core/jersey-client/2.27/jersey-client-2.27.jar:/home/user/.m2/repository/org/glassfish/jersey/media/jersey-media-jaxb/2.27/jersey-media-jaxb-2.27.jar:/home/user/.m2/repository/javax/validation/validation-api/1.1.0.Final/validation-api-1.1.0.Final.jar:/home/user/.m2/repository/org/glassfish/jersey/media/jersey-media-json-jackson/2.27/jersey-media-json-jackson-2.27.jar:/home/user/.m2/repository/org/glassfish/jersey/ext/jersey-entity-filtering/2.27/jersey-entity-filtering-2.27.jar:/home/user/.m2/repository/com/google/inject/extensions/guice-assistedinject/4.0/guice-assistedinject-4.0.jar:/home/user/.m2/repository/org/jooq/jooq/3.11.10/jooq-3.11.10.jar:/home/user/.m2/repository/org/jooq/jooq-meta/3.11.10/jooq-meta-3.11.10.jar:/home/user/.m2/repository/org/jooq/jooq-codegen/3.11.10/jooq-codegen-3.11.10.jar:/home/user/.m2/repository/com/jolbox/bonecp/0.8.0.RELEASE/bonecp-0.8.0.RELEASE.jar:/home/user/.m2/repository/org/xerial/sqlite-jdbc/3.25.2/sqlite-jdbc-3.25.2.jar:/home/user/.m2/repository/org/springframework/spring-jdbc/5.1.3.RELEASE/spring-jdbc-5.1.3.RELEASE.jar:/home/user/.m2/repository/org/springframework/spring-beans/5.1.3.RELEASE/spring-beans-5.1.3.RELEASE.jar:/home/user/.m2/repository/org/springframework/spring-core/5.1.3.RELEASE/spring-core-5.1.3.RELEASE.jar:/home/user/.m2/repository/org/springframework/spring-jcl/5.1.3.RELEASE/spring-jcl-5.1.3.RELEASE.jar:/home/user/.m2/repository/org/springframework/spring-tx/5.1.3.RELEASE/spring-tx-5.1.3.RELEASE.jar:/home/user/.m2/repository/org/apache/hadoop/hadoop-ozone-client/0.5.0-SNAPSHOT/hadoop-ozone-client-0.5.0-SNAPSHOT.jar:/home/user/.m2/repository/commons-lang/commons-lang/2.6/commons-lang-2.6.jar:/home/user/.m2/repository/org/apache/hadoop/hadoop-ozone-ozone-manager/0.5.0-SNAPSHOT/hadoop-ozone-ozone-manager-0.5.0-SNAPSHOT-tests.jar:/home/user/.m2/repository/junit/junit/4.11/junit-4.11.jar:/home/user/.m2/repository/org/hamcrest/hamcrest-core/1.3/hamcrest-core-1.3.jar:/home/user/.m2/repository/org/openjdk/jmh/jmh-core/1.19/jmh-core-1.19.jar:/home/user/.m2/repository/net/sf/jopt-simple/jopt-simple/4.6/jopt-simple-4.6.jar:/home/user/.m2/repository/org/apache/commons/commons-math3/3.1.1/commons-math3-3.1.1.jar:/home/user/.m2/repository/org/openjdk/jmh/jmh-generator-annprocess/1.19/jmh-generator-annprocess-1.19.jar:/home/user/.m2/repository/org/mockito/mockito-all/1.8.5/mockito-all-1.8.5.jar:/home/user/.m2/repository/org/apache/hadoop/hadoop-kms/3.2.0/hadoop-kms-3.2.0.jar:/home/user/.m2/repository/org/apache/hadoop/hadoop-auth/3.2.0/hadoop-auth-3.2.0.jar:/home/user/.m2/repository/com/nimbusds/nimbus-jose-jwt/4.41.1/nimbus-jose-jwt-4.41.1.jar:/home/user/.m2/repository/com/github/stephenc/jcip/jcip-annotations/1.0-1/jcip-annotations-1.0-1.jar:/home/user/.m2/repository/net/minidev/json-smart/2.3/json-smart-2.3.jar:/home/user/.m2/repository/net/minidev/accessors-smart/1.2/accessors-smart-1.2.jar:/home/user/.m2/repository/org/ow2/asm/asm/5.0.4/asm-5.0.4.jar:/home/user/.m2/repository/org/apache/curator/curator-framework/2.12.0/curator-framework-2.12.0.jar:/home/user/.m2/repository/com/sun/jersey/jersey-core/1.19/jersey-core-1.19.jar:/home/user/.m2/repository/javax/ws/rs/jsr311-api/1.1.1/jsr311-api-1.1.1.jar:/home/user/.m2/repository/com/sun/jersey/jersey-server/1.19/jersey-server-1.19.jar:/home/user/.m2/repository/javax/servlet/javax.servlet-api/3.1.0/javax.servlet-api-3.1.0.jar:/home/user/.m2/repository/org/eclipse/jetty/jetty-server/9.3.24.v20180605/jetty-server-9.3.24.v20180605.jar:/home/user/.m2/repository/org/eclipse/jetty/jetty-http/9.3.24.v20180605/jetty-http-9.3.24.v20180605.jar:/home/user/.m2/repository/org/eclipse/jetty/jetty-io/9.3.24.v20180605/jetty-io-9.3.24.v20180605.jar:/home/user/.m2/repository/org/eclipse/jetty/jetty-webapp/9.3.24.v20180605/jetty-webapp-9.3.24.v20180605.jar:/home/user/.m2/repository/org/eclipse/jetty/jetty-xml/9.3.24.v20180605/jetty-xml-9.3.24.v20180605.jar:/home/user/.m2/repository/log4j/log4j/1.2.17/log4j-1.2.17.jar:/home/user/.m2/repository/org/slf4j/slf4j-api/1.7.25/slf4j-api-1.7.25.jar:/home/user/.m2/repository/org/slf4j/jul-to-slf4j/1.7.25/jul-to-slf4j-1.7.25.jar:/home/user/.m2/repository/org/eclipse/jetty/jetty-util/9.3.24.v20180605/jetty-util-9.3.24.v20180605.jar:/home/user/.m2/repository/com/fasterxml/jackson/core/jackson-databind/2.9.5/jackson-databind-2.9.5.jar:/home/user/.m2/repository/org/apache/hadoop/hadoop-kms/3.2.0/hadoop-kms-3.2.0-tests.jar:/home/user/.m2/repository/org/apache/hadoop/hadoop-hdds-server-scm/0.5.0-SNAPSHOT/hadoop-hdds-server-scm-0.5.0-SNAPSHOT-tests.jar:/home/user/.m2/repository/org/apache/hadoop/hadoop-hdds-container-service/0.5.0-SNAPSHOT/hadoop-hdds-container-service-0.5.0-SNAPSHOT-tests.jar:/home/user/.m2/repository/org/yaml/snakeyaml/1.16/snakeyaml-1.16.jar:/home/user/.m2/repository/org/apache/hadoop/hadoop-common/3.2.0/hadoop-common-3.2.0-tests.jar:/home/user/.m2/repository/org/apache/hadoop/hadoop-annotations/3.2.0/hadoop-annotations-3.2.0.jar:/usr/lib/jvm/java-1.8-openjdk/jre/../lib/tools.jar:/home/user/.m2/repository/commons-cli/commons-cli/1.2/commons-cli-1.2.jar:/home/user/.m2/repository/org/apache/httpcomponents/httpclient/4.5.2/httpclient-4.5.2.jar:/home/user/.m2/repository/org/apache/httpcomponents/httpcore/4.4.4/httpcore-4.4.4.jar:/home/user/.m2/repository/commons-codec/commons-codec/1.11/commons-codec-1.11.jar:/home/user/.m2/repository/commons-net/commons-net/3.6/commons-net-3.6.jar:/home/user/.m2/repository/commons-collections/commons-collections/3.2.2/commons-collections-3.2.2.jar:/home/user/.m2/repository/org/eclipse/jetty/jetty-servlet/9.3.24.v20180605/jetty-servlet-9.3.24.v20180605.jar:/home/user/.m2/repository/org/eclipse/jetty/jetty-security/9.3.24.v20180605/jetty-security-9.3.24.v20180605.jar:/home/user/.m2/repository/javax/servlet/jsp/jsp-api/2.1/jsp-api-2.1.jar:/home/user/.m2/repository/com/sun/jersey/jersey-servlet/1.19/jersey-servlet-1.19.jar:/home/user/.m2/repository/com/sun/jersey/jersey-json/1.19/jersey-json-1.19.jar:/home/user/.m2/repository/org/codehaus/jettison/jettison/1.1/jettison-1.1.jar:/home/user/.m2/repository/org/codehaus/jackson/jackson-core-asl/1.9.13/jackson-core-asl-1.9.13.jar:/home/user/.m2/repository/org/codehaus/jackson/jackson-mapper-asl/1.9.13/jackson-mapper-asl-1.9.13.jar:/home/user/.m2/repository/org/codehaus/jackson/jackson-jaxrs/1.9.13/jackson-jaxrs-1.9.13.jar:/home/user/.m2/repository/org/codehaus/jackson/jackson-xc/1.9.13/jackson-xc-1.9.13.jar:/home/user/.m2/repository/commons-logging/commons-logging/1.1.3/commons-logging-1.1.3.jar:/home/user/.m2/repository/commons-beanutils/commons-beanutils/1.9.3/commons-beanutils-1.9.3.jar:/home/user/.m2/repository/org/apache/commons/commons-configuration2/2.1.1/commons-configuration2-2.1.1.jar:/home/user/.m2/repository/org/apache/commons/commons-lang3/3.7/commons-lang3-3.7.jar:/home/user/.m2/repository/org/apache/commons/commons-text/1.4/commons-text-1.4.jar:/home/user/.m2/repository/org/apache/avro/avro/1.7.7/avro-1.7.7.jar:/home/user/.m2/repository/com/thoughtworks/paranamer/paranamer/2.3/paranamer-2.3.jar:/home/user/.m2/repository/org/xerial/snappy/snappy-java/1.0.5/snappy-java-1.0.5.jar:/home/user/.m2/repository/com/google/re2j/re2j/1.1/re2j-1.1.jar:/home/user/.m2/repository/com/google/code/gson/gson/2.2.4/gson-2.2.4.jar:/home/user/.m2/repository/com/jcraft/jsch/0.1.54/jsch-0.1.54.jar:/home/user/.m2/repository/org/apache/curator/curator-client/2.12.0/curator-client-2.12.0.jar:/home/user/.m2/repository/org/apache/curator/curator-recipes/2.12.0/curator-recipes-2.12.0.jar:/home/user/.m2/repository/com/google/code/findbugs/jsr305/3.0.0/jsr305-3.0.0.jar:/home/user/.m2/repository/org/apache/htrace/htrace-core4/4.1.0-incubating/htrace-core4-4.1.0-incubating.jar:/home/user/.m2/repository/org/apache/zookeeper/zookeeper/3.4.13/zookeeper-3.4.13.jar:/home/user/.m2/repository/org/apache/yetus/audience-annotations/0.5.0/audience-annotations-0.5.0.jar:/home/user/.m2/repository/org/codehaus/woodstox/stax2-api/3.1.4/stax2-api-3.1.4.jar:/home/user/.m2/repository/com/fasterxml/woodstox/woodstox-core/5.0.3/woodstox-core-5.0.3.jar:/home/user/.m2/repository/dnsjava/dnsjava/2.1.7/dnsjava-2.1.7.jar:/home/user/.m2/repository/org/apache/hadoop/hadoop-hdfs/3.2.0/hadoop-hdfs-3.2.0-tests.jar:/home/user/.m2/repository/org/eclipse/jetty/jetty-util-ajax/9.3.24.v20180605/jetty-util-ajax-9.3.24.v20180605.jar:/home/user/.m2/repository/commons-daemon/commons-daemon/1.0.13/commons-daemon-1.0.13.jar:/home/user/.m2/repository/io/netty/netty/3.10.5.Final/netty-3.10.5.Final.jar:/home/user/.m2/repository/io/netty/netty-all/4.0.52.Final/netty-all-4.0.52.Final.jar:/home/user/.m2/repository/org/fusesource/leveldbjni/leveldbjni-all/1.8/leveldbjni-all-1.8.jar:"/>
    <property name="sun.cpu.endian" value="little"/>
    <property name="user.home" value="/home/user"/>
    <property name="user.language" value="en"/>
    <property name="java.specification.vendor" value="Oracle Corporation"/>
    <property name="java.home" value="/usr/lib/jvm/java-1.8-openjdk/jre"/>
    <property name="java.security.krb5.conf" value="/workdir/hadoop-ozone/integration-test/target/test-classes/krb5.conf"/>
    <property name="basedir" value="/workdir/hadoop-ozone/integration-test"/>
    <property name="file.separator" value="/"/>
    <property name="line.separator" value="&#10;"/>
    <property name="java.vm.specification.vendor" value="Oracle Corporation"/>
    <property name="java.specification.name" value="Java Platform API Specification"/>
    <property name="java.awt.graphicsenv" value="sun.awt.X11GraphicsEnvironment"/>
    <property name="surefire.real.class.path" value="/workdir/hadoop-ozone/integration-test/target/surefire/surefirebooter7786705386549721248.jar"/>
    <property name="hadoop.log.dir" value="/workdir/hadoop-ozone/integration-test/target/log"/>
    <property name="sun.boot.class.path" value="/usr/lib/jvm/java-1.8-openjdk/jre/lib/resources.jar:/usr/lib/jvm/java-1.8-openjdk/jre/lib/rt.jar:/usr/lib/jvm/java-1.8-openjdk/jre/lib/sunrsasign.jar:/usr/lib/jvm/java-1.8-openjdk/jre/lib/jsse.jar:/usr/lib/jvm/java-1.8-openjdk/jre/lib/jce.jar:/usr/lib/jvm/java-1.8-openjdk/jre/lib/charsets.jar:/usr/lib/jvm/java-1.8-openjdk/jre/lib/jfr.jar:/usr/lib/jvm/java-1.8-openjdk/jre/classes"/>
    <property name="sun.management.compiler" value="HotSpot 64-Bit Tiered Compilers"/>
    <property name="java.runtime.version" value="1.8.0_212-b04"/>
    <property name="java.net.preferIPv4Stack" value="true"/>
    <property name="user.name" value="jenkins1000"/>
    <property name="path.separator" value=":"/>
    <property name="java.security.egd" value="file:///dev/urandom"/>
    <property name="os.version" value="3.10.0-957.12.2.el7.x86_64"/>
    <property name="java.endorsed.dirs" value="/usr/lib/jvm/java-1.8-openjdk/jre/lib/endorsed"/>
    <property name="java.runtime.name" value="OpenJDK Runtime Environment"/>
    <property name="file.encoding" value="UTF-8"/>
    <property name="java.vm.name" value="OpenJDK 64-Bit Server VM"/>
    <property name="test.build.webapps" value=""/>
    <property name="localRepository" value="/home/user/.m2/repository"/>
    <property name="java.vendor.url.bug" value="https://icedtea.classpath.org/bugzilla"/>
    <property name="java.io.tmpdir" value="/tmp"/>
    <property name="require.test.libhadoop" value=""/>
    <property name="java.version" value="1.8.0_212"/>
    <property name="user.dir" value="/workdir/hadoop-ozone/integration-test"/>
    <property name="os.arch" value="amd64"/>
    <property name="java.vm.specification.name" value="Java Virtual Machine Specification"/>
    <property name="test.build.classes" value="/workdir/hadoop-ozone/integration-test/target/test-classes"/>
    <property name="java.awt.printerjob" value="sun.print.PSPrinterJob"/>
    <property name="sun.os.patch.level" value="unknown"/>
    <property name="hadoop.tmp.dir" value="/workdir/hadoop-ozone/integration-test/target/tmp"/>
    <property name="java.library.path" value="/usr/lib/jvm/java-1.8-openjdk/jre/lib/amd64/server:/usr/lib/jvm/java-1.8-openjdk/jre/lib/amd64:/usr/lib/jvm/java-1.8-openjdk/jre/../lib/amd64:/workdir/hadoop-ozone/integration-test/target/native/target/usr/local/lib:/workdir/hadoop-ozone/integration-test/../../hadoop-common-project/hadoop-common/target/native/target/usr/local/lib:/usr/java/packages/lib/amd64:/usr/lib64:/lib64:/lib:/usr/lib"/>
    <property name="java.vm.info" value="mixed mode"/>
    <property name="java.vendor" value="IcedTea"/>
    <property name="java.vm.version" value="25.212-b04"/>
    <property name="java.ext.dirs" value="/usr/lib/jvm/java-1.8-openjdk/jre/lib/ext:/usr/java/packages/lib/ext"/>
    <property name="sun.io.unicode.encoding" value="UnicodeLittle"/>
    <property name="java.class.version" value="52.0"/>
  </properties>
  <testcase name="testWatchForCommitWithKeyWrite" classname="org.apache.hadoop.ozone.client.rpc.TestWatchForCommit" time="78.064"/>
  <testcase name="testWatchForCommitWithSmallerTimeoutValue" classname="org.apache.hadoop.ozone.client.rpc.TestWatchForCommit" time="26.095">
    <error message="org.apache.ratis.protocol.RaftRetryFailureException: Failed RaftClientRequest:client-BF85F76BBB17-&gt;34149fcb-7fd9-43b7-9e6c-7ef931619a7b@group-798370A2A1FE, cid=50, seq=1*, RW, org.apache.hadoop.hdds.scm.XceiverClientRatis$$Lambda$386/1076039353@42338d9 for 20 attempts with RetryLimited(maxAttempts=20, sleepTime=1000ms)" type="java.util.concurrent.ExecutionException">java.util.concurrent.ExecutionException: org.apache.ratis.protocol.RaftRetryFailureException: Failed RaftClientRequest:client-BF85F76BBB17->34149fcb-7fd9-43b7-9e6c-7ef931619a7b@group-798370A2A1FE, cid=50, seq=1*, RW, org.apache.hadoop.hdds.scm.XceiverClientRatis$$Lambda$386/1076039353@42338d9 for 20 attempts with RetryLimited(maxAttempts=20, sleepTime=1000ms)
	at java.util.concurrent.CompletableFuture.reportGet(CompletableFuture.java:357)
	at java.util.concurrent.CompletableFuture.get(CompletableFuture.java:1895)
	at org.apache.hadoop.ozone.client.rpc.TestWatchForCommit.testWatchForCommitWithSmallerTimeoutValue(TestWatchForCommit.java:293)
	at sun.reflect.NativeMethodAccessorImpl.invoke0(Native Method)
	at sun.reflect.NativeMethodAccessorImpl.invoke(NativeMethodAccessorImpl.java:62)
	at sun.reflect.DelegatingMethodAccessorImpl.invoke(DelegatingMethodAccessorImpl.java:43)
	at java.lang.reflect.Method.invoke(Method.java:498)
	at org.junit.runners.model.FrameworkMethod$1.runReflectiveCall(FrameworkMethod.java:47)
	at org.junit.internal.runners.model.ReflectiveCallable.run(ReflectiveCallable.java:12)
	at org.junit.runners.model.FrameworkMethod.invokeExplosively(FrameworkMethod.java:44)
	at org.junit.internal.runners.statements.InvokeMethod.evaluate(InvokeMethod.java:17)
	at org.junit.runners.ParentRunner.runLeaf(ParentRunner.java:271)
	at org.junit.runners.BlockJUnit4ClassRunner.runChild(BlockJUnit4ClassRunner.java:70)
	at org.junit.runners.BlockJUnit4ClassRunner.runChild(BlockJUnit4ClassRunner.java:50)
	at org.junit.runners.ParentRunner$3.run(ParentRunner.java:238)
	at org.junit.runners.ParentRunner$1.schedule(ParentRunner.java:63)
	at org.junit.runners.ParentRunner.runChildren(ParentRunner.java:236)
	at org.junit.runners.ParentRunner.access$000(ParentRunner.java:53)
	at org.junit.runners.ParentRunner$2.evaluate(ParentRunner.java:229)
	at org.junit.runners.ParentRunner.run(ParentRunner.java:309)
	at org.apache.maven.surefire.junit4.JUnit4Provider.execute(JUnit4Provider.java:365)
	at org.apache.maven.surefire.junit4.JUnit4Provider.executeWithRerun(JUnit4Provider.java:273)
	at org.apache.maven.surefire.junit4.JUnit4Provider.executeTestSet(JUnit4Provider.java:238)
	at org.apache.maven.surefire.junit4.JUnit4Provider.invoke(JUnit4Provider.java:159)
	at org.apache.maven.surefire.booter.ForkedBooter.invokeProviderInSameClassLoader(ForkedBooter.java:384)
	at org.apache.maven.surefire.booter.ForkedBooter.runSuitesInProcess(ForkedBooter.java:345)
	at org.apache.maven.surefire.booter.ForkedBooter.execute(ForkedBooter.java:126)
	at org.apache.maven.surefire.booter.ForkedBooter.main(ForkedBooter.java:418)
Caused by: org.apache.ratis.protocol.RaftRetryFailureException: Failed RaftClientRequest:client-BF85F76BBB17->34149fcb-7fd9-43b7-9e6c-7ef931619a7b@group-798370A2A1FE, cid=50, seq=1*, RW, org.apache.hadoop.hdds.scm.XceiverClientRatis$$Lambda$386/1076039353@42338d9 for 20 attempts with RetryLimited(maxAttempts=20, sleepTime=1000ms)
	at org.apache.ratis.client.impl.RaftClientImpl.noMoreRetries(RaftClientImpl.java:272)
	at org.apache.ratis.client.impl.OrderedAsync.handleAsyncRetryFailure(OrderedAsync.java:138)
	at org.apache.ratis.client.impl.OrderedAsync.lambda$sendRequest$10(OrderedAsync.java:230)
	at java.util.concurrent.CompletableFuture.uniExceptionally(CompletableFuture.java:870)
	at java.util.concurrent.CompletableFuture$UniExceptionally.tryFire(CompletableFuture.java:852)
	at java.util.concurrent.CompletableFuture.postComplete(CompletableFuture.java:474)
	at java.util.concurrent.CompletableFuture.completeExceptionally(CompletableFuture.java:1977)
	at org.apache.ratis.grpc.client.GrpcClientProtocolClient$AsyncStreamObservers.completeReplyExceptionally(GrpcClientProtocolClient.java:330)
	at org.apache.ratis.grpc.client.GrpcClientProtocolClient$AsyncStreamObservers.access$000(GrpcClientProtocolClient.java:246)
	at org.apache.ratis.grpc.client.GrpcClientProtocolClient$AsyncStreamObservers$1.onNext(GrpcClientProtocolClient.java:258)
	at org.apache.ratis.grpc.client.GrpcClientProtocolClient$AsyncStreamObservers$1.onNext(GrpcClientProtocolClient.java:249)
	at org.apache.ratis.thirdparty.io.grpc.stub.ClientCalls$StreamObserverToCallListenerAdapter.onMessage(ClientCalls.java:421)
	at org.apache.ratis.thirdparty.io.grpc.ForwardingClientCallListener.onMessage(ForwardingClientCallListener.java:33)
	at org.apache.ratis.thirdparty.io.grpc.ForwardingClientCallListener.onMessage(ForwardingClientCallListener.java:33)
	at org.apache.ratis.thirdparty.io.grpc.internal.ClientCallImpl$ClientStreamListenerImpl$1MessagesAvailable.runInContext(ClientCallImpl.java:519)
	at org.apache.ratis.thirdparty.io.grpc.internal.ContextRunnable.run(ContextRunnable.java:37)
	at org.apache.ratis.thirdparty.io.grpc.internal.SerializingExecutor.run(SerializingExecutor.java:123)
	at java.util.concurrent.ThreadPoolExecutor.runWorker(ThreadPoolExecutor.java:1149)
	at java.util.concurrent.ThreadPoolExecutor$Worker.run(ThreadPoolExecutor.java:624)
	at java.lang.Thread.run(Thread.java:748)
Caused by: org.apache.ratis.protocol.NotLeaderException: Server 34149fcb-7fd9-43b7-9e6c-7ef931619a7b is not the leader (70943ca8-2057-43d2-a47c-49bd499a68c6:192.168.34.42:41945). Request must be sent to leader.
	at org.apache.ratis.client.impl.ClientProtoUtils.toRaftClientReply(ClientProtoUtils.java:242)
	at org.apache.ratis.grpc.client.GrpcClientProtocolClient$AsyncStreamObservers$1.onNext(GrpcClientProtocolClient.java:254)
	... 10 more
</error>
    <system-out><![CDATA[2019-08-29 09:25:50,593 [main] WARN  server.ServerUtils (ServerUtils.java:getScmDbDir(145)) - ozone.scm.db.dirs is not configured. We recommend adding this setting. Falling back to ozone.metadata.dirs instead.
2019-08-29 09:25:50,629 [main] WARN  server.ServerUtils (ServerUtils.java:getScmDbDir(145)) - ozone.scm.db.dirs is not configured. We recommend adding this setting. Falling back to ozone.metadata.dirs instead.
2019-08-29 09:25:50,630 [main] WARN  server.ServerUtils (ServerUtils.java:getScmDbDir(145)) - ozone.scm.db.dirs is not configured. We recommend adding this setting. Falling back to ozone.metadata.dirs instead.
2019-08-29 09:25:50,630 [main] INFO  db.DBStoreBuilder (DBStoreBuilder.java:addTable(110)) - using custom profile for table: deletedBlocks
2019-08-29 09:25:50,630 [main] INFO  db.DBStoreBuilder (DBStoreBuilder.java:processTables(161)) - Using default column profile:DBProfile.DISK for Table:deletedBlocks
2019-08-29 09:25:50,631 [main] INFO  db.DBStoreBuilder (DBStoreBuilder.java:addTable(110)) - using custom profile for table: validCerts
2019-08-29 09:25:50,631 [main] INFO  db.DBStoreBuilder (DBStoreBuilder.java:processTables(161)) - Using default column profile:DBProfile.DISK for Table:validCerts
2019-08-29 09:25:50,631 [main] INFO  db.DBStoreBuilder (DBStoreBuilder.java:addTable(110)) - using custom profile for table: revokedCerts
2019-08-29 09:25:50,631 [main] INFO  db.DBStoreBuilder (DBStoreBuilder.java:processTables(161)) - Using default column profile:DBProfile.DISK for Table:revokedCerts
2019-08-29 09:25:50,631 [main] INFO  db.DBStoreBuilder (DBStoreBuilder.java:addTable(110)) - using custom profile for table: default
2019-08-29 09:25:50,631 [main] INFO  db.DBStoreBuilder (DBStoreBuilder.java:processTables(167)) - Using default column profile:DBProfile.DISK for Table:default
2019-08-29 09:25:50,632 [main] INFO  db.DBStoreBuilder (DBStoreBuilder.java:getDbProfile(198)) - Using default options. DBProfile.DISK
2019-08-29 09:25:50,771 [main] INFO  net.NodeSchemaLoader (NodeSchemaLoader.java:loadSchemaFromFile(125)) - Loading file from sun.misc.CompoundEnumeration@3d20e575
2019-08-29 09:25:50,772 [main] INFO  net.NodeSchemaLoader (NodeSchemaLoader.java:loadSchema(171)) - Loading network topology layer schema file
2019-08-29 09:25:50,776 [main] WARN  server.ServerUtils (ServerUtils.java:sanitizeUserArgs(70)) - ozone.scm.stale.node.interval value = 300000 is larger than max = 100000 based on the key value of ozone.scm.heartbeat.thread.interval, reset to the max value 100000.
2019-08-29 09:25:50,776 [main] WARN  server.ServerUtils (ServerUtils.java:sanitizeUserArgs(70)) - ozone.scm.stale.node.interval value = 300000 is larger than max = 100000 based on the key value of ozone.scm.heartbeat.thread.interval, reset to the max value 100000.
2019-08-29 09:25:50,777 [main] INFO  node.SCMNodeManager (SCMNodeManager.java:<init>(121)) - Entering startup safe mode.
2019-08-29 09:25:50,778 [main] INFO  algorithms.ContainerPlacementPolicyFactory (ContainerPlacementPolicyFactory.java:getPolicy(55)) - Create container placement policy of type org.apache.hadoop.hdds.scm.container.placement.algorithms.SCMContainerPlacementRandom
2019-08-29 09:25:50,778 [main] WARN  server.ServerUtils (ServerUtils.java:getScmDbDir(145)) - ozone.scm.db.dirs is not configured. We recommend adding this setting. Falling back to ozone.metadata.dirs instead.
2019-08-29 09:25:50,828 [main] INFO  pipeline.SCMPipelineManager (SCMPipelineManager.java:initializePipelineState(126)) - No pipeline exists in current db
2019-08-29 09:25:50,829 [main] WARN  server.ServerUtils (ServerUtils.java:getScmDbDir(145)) - ozone.scm.db.dirs is not configured. We recommend adding this setting. Falling back to ozone.metadata.dirs instead.
2019-08-29 09:25:50,878 [main] WARN  events.EventQueue (EventQueue.java:fireEvent(175)) - No event handler registered for event TypedEvent{payloadType=SafeModeStatus, name='SafeModeStatus'}
2019-08-29 09:25:50,878 [main] INFO  ipc.CallQueueManager (CallQueueManager.java:<init>(84)) - Using callQueue: class java.util.concurrent.LinkedBlockingQueue, queueCapacity: 2000, scheduler: class org.apache.hadoop.ipc.DefaultRpcScheduler, ipcBackoff: false.
2019-08-29 09:25:50,879 [Socket Reader #1 for port 39766] INFO  ipc.Server (Server.java:run(1074)) - Starting Socket Reader #1 for port 39766
2019-08-29 09:25:50,881 [main] INFO  ipc.CallQueueManager (CallQueueManager.java:<init>(84)) - Using callQueue: class java.util.concurrent.LinkedBlockingQueue, queueCapacity: 2000, scheduler: class org.apache.hadoop.ipc.DefaultRpcScheduler, ipcBackoff: false.
2019-08-29 09:25:50,882 [Socket Reader #1 for port 34917] INFO  ipc.Server (Server.java:run(1074)) - Starting Socket Reader #1 for port 34917
2019-08-29 09:25:50,883 [main] INFO  ipc.CallQueueManager (CallQueueManager.java:<init>(84)) - Using callQueue: class java.util.concurrent.LinkedBlockingQueue, queueCapacity: 2000, scheduler: class org.apache.hadoop.ipc.DefaultRpcScheduler, ipcBackoff: false.
2019-08-29 09:25:50,884 [Socket Reader #1 for port 46426] INFO  ipc.Server (Server.java:run(1074)) - Starting Socket Reader #1 for port 46426
2019-08-29 09:25:50,886 [main] INFO  hdfs.DFSUtil (DFSUtil.java:httpServerTemplateForNNAndJN(1641)) - Starting Web-server for scm at: http://0.0.0.0:0
2019-08-29 09:25:50,889 [main] INFO  server.AuthenticationFilter (AuthenticationFilter.java:constructSecretProvider(240)) - Unable to initialize FileSignerSecretProvider, falling back to use random secrets.
2019-08-29 09:25:50,890 [main] WARN  http.HttpRequestLog (HttpRequestLog.java:getRequestLog(97)) - Jetty request log can only be enabled using Log4j
2019-08-29 09:25:50,893 [main] INFO  http.HttpServer2 (HttpServer2.java:addGlobalFilter(975)) - Added global filter 'safety' (class=org.apache.hadoop.http.HttpServer2$QuotingInputFilter)
2019-08-29 09:25:50,894 [main] INFO  http.HttpServer2 (HttpServer2.java:addFilter(948)) - Added filter static_user_filter (class=org.apache.hadoop.http.lib.StaticUserWebFilter$StaticUserFilter) to context scm
2019-08-29 09:25:50,894 [main] INFO  http.HttpServer2 (HttpServer2.java:addFilter(958)) - Added filter static_user_filter (class=org.apache.hadoop.http.lib.StaticUserWebFilter$StaticUserFilter) to context static
2019-08-29 09:25:50,895 [main] INFO  http.HttpServer2 (HttpServer2.java:addFilter(958)) - Added filter static_user_filter (class=org.apache.hadoop.http.lib.StaticUserWebFilter$StaticUserFilter) to context logs
2019-08-29 09:25:50,898 [main] INFO  server.StorageContainerManager (StorageContainerManager.java:start(759)) - StorageContainerLocationProtocol RPC server is listening at /0.0.0.0:46426
2019-08-29 09:25:50,901 [main] WARN  impl.MetricsConfig (MetricsConfig.java:loadFirst(134)) - Cannot locate configuration: tried hadoop-metrics2-storagecontainermanager.properties,hadoop-metrics2.properties
2019-08-29 09:25:50,903 [main] INFO  impl.MetricsSystemImpl (MetricsSystemImpl.java:startTimer(374)) - Scheduled Metric snapshot period at 10 second(s).
2019-08-29 09:25:50,903 [main] INFO  impl.MetricsSystemImpl (MetricsSystemImpl.java:start(191)) - StorageContainerManager metrics system started
2019-08-29 09:25:50,979 [main] INFO  server.SCMClientProtocolServer (SCMClientProtocolServer.java:start(151)) - RPC server for Client  is listening at /0.0.0.0:46426
2019-08-29 09:25:50,979 [IPC Server Responder] INFO  ipc.Server (Server.java:run(1314)) - IPC Server Responder: starting
2019-08-29 09:25:50,980 [IPC Server listener on 46426] INFO  ipc.Server (Server.java:run(1153)) - IPC Server listener on 46426: starting
2019-08-29 09:25:50,985 [main] INFO  server.StorageContainerManager (StorageContainerManager.java:start(769)) - ScmBlockLocationProtocol RPC server is listening at /0.0.0.0:34917
2019-08-29 09:25:50,985 [main] INFO  server.SCMBlockProtocolServer (SCMBlockProtocolServer.java:start(140)) - RPC server for Block Protocol is listening at /0.0.0.0:34917
2019-08-29 09:25:50,986 [IPC Server Responder] INFO  ipc.Server (Server.java:run(1314)) - IPC Server Responder: starting
2019-08-29 09:25:50,986 [IPC Server listener on 34917] INFO  ipc.Server (Server.java:run(1153)) - IPC Server listener on 34917: starting
2019-08-29 09:25:50,990 [main] INFO  server.StorageContainerManager (StorageContainerManager.java:start(773)) - ScmDatanodeProtocl RPC server is listening at /0.0.0.0:39766
2019-08-29 09:25:50,990 [main] INFO  server.SCMDatanodeProtocolServer (SCMDatanodeProtocolServer.java:start(191)) - RPC server for DataNodes is listening at /0.0.0.0:39766
2019-08-29 09:25:50,991 [IPC Server Responder] INFO  ipc.Server (Server.java:run(1314)) - IPC Server Responder: starting
2019-08-29 09:25:50,991 [IPC Server listener on 39766] INFO  ipc.Server (Server.java:run(1153)) - IPC Server listener on 39766: starting
2019-08-29 09:25:50,995 [main] INFO  http.HttpServer2 (HttpServer2.java:bindListener(1191)) - Jetty bound to port 41620
2019-08-29 09:25:50,995 [main] INFO  server.Server (Server.java:doStart(351)) - jetty-9.3.24.v20180605, build timestamp: 2018-06-05T17:11:56Z, git hash: 84205aa28f11a4f31f2a3b86d1bba2cc8ab69827
2019-08-29 09:25:50,998 [main] INFO  handler.ContextHandler (ContextHandler.java:doStart(781)) - Started o.e.j.s.ServletContextHandler@45c9b3{/logs,file:///workdir/hadoop-ozone/integration-test/target/log,AVAILABLE}
2019-08-29 09:25:50,999 [main] INFO  handler.ContextHandler (ContextHandler.java:doStart(781)) - Started o.e.j.s.ServletContextHandler@6680f714{/static,file:///workdir/hadoop-ozone/integration-test/target/test-classes/webapps/static,AVAILABLE}
2019-08-29 09:25:51,006 [main] INFO  handler.ContextHandler (ContextHandler.java:doStart(781)) - Started o.e.j.w.WebAppContext@14c93774{/,file:///workdir/hadoop-ozone/integration-test/target/test-classes/webapps/scm/,AVAILABLE}{/scm}
2019-08-29 09:25:51,007 [main] INFO  server.AbstractConnector (AbstractConnector.java:doStart(278)) - Started ServerConnector@62a68bcb{HTTP/1.1,[http/1.1]}{0.0.0.0:41620}
2019-08-29 09:25:51,008 [main] INFO  server.Server (Server.java:doStart(419)) - Started @78926ms
2019-08-29 09:25:51,009 [main] INFO  server.BaseHttpServer (BaseHttpServer.java:updateConnectorAddress(213)) - HTTP server of SCM is listening at http://0.0.0.0:41620
2019-08-29 09:25:51,010 [org.apache.hadoop.util.JvmPauseMonitor$Monitor@14924f41] INFO  util.JvmPauseMonitor (JvmPauseMonitor.java:run(188)) - Starting JVM pause monitor
2019-08-29 09:25:51,010 [main] WARN  server.ServerUtils (ServerUtils.java:getDBPath(222)) - ozone.om.db.dirs is not configured. We recommend adding this setting. Falling back to ozone.metadata.dirs instead.
2019-08-29 09:25:51,025 [main] WARN  server.ServerUtils (ServerUtils.java:getDBPath(222)) - ozone.om.db.dirs is not configured. We recommend adding this setting. Falling back to ozone.metadata.dirs instead.
2019-08-29 09:25:51,025 [main] WARN  server.ServerUtils (ServerUtils.java:getDBPath(222)) - ozone.om.db.dirs is not configured. We recommend adding this setting. Falling back to ozone.metadata.dirs instead.
2019-08-29 09:25:51,026 [main] INFO  om.OzoneManager (OzoneManager.java:setOMNodeDetails(646)) - OM Service ID is not set. Setting it to the default ID: omServiceIdDefault
2019-08-29 09:25:51,026 [main] INFO  om.OzoneManager (OzoneManager.java:setOMNodeDetails(652)) - OM Node ID is not set. Setting it to the OmStorage's OmID: a46554e3-1815-469b-aade-e9d1e074613c
2019-08-29 09:25:51,026 [main] INFO  om.OzoneManager (OzoneManager.java:loadOMHAConfigs(603)) - Found matching OM address with OMServiceId: null, OMNodeId: null, RPC Address: localhost:0 and Ratis port: 9872
2019-08-29 09:25:51,032 | INFO  | SCMAudit | user=jenkins1000 | ip=192.168.34.42 | op=GET_SCM_INFO null | ret=SUCCESS |  
2019-08-29 09:25:51,035 [main] WARN  server.ServerUtils (ServerUtils.java:getDBPath(222)) - ozone.om.db.dirs is not configured. We recommend adding this setting. Falling back to ozone.metadata.dirs instead.
2019-08-29 09:25:51,035 [main] INFO  db.DBStoreBuilder (DBStoreBuilder.java:addTable(110)) - using custom profile for table: userTable
2019-08-29 09:25:51,035 [main] INFO  db.DBStoreBuilder (DBStoreBuilder.java:processTables(161)) - Using default column profile:DBProfile.DISK for Table:userTable
2019-08-29 09:25:51,036 [main] INFO  db.DBStoreBuilder (DBStoreBuilder.java:addTable(110)) - using custom profile for table: volumeTable
2019-08-29 09:25:51,036 [main] INFO  db.DBStoreBuilder (DBStoreBuilder.java:processTables(161)) - Using default column profile:DBProfile.DISK for Table:volumeTable
2019-08-29 09:25:51,036 [main] INFO  db.DBStoreBuilder (DBStoreBuilder.java:addTable(110)) - using custom profile for table: bucketTable
2019-08-29 09:25:51,036 [main] INFO  db.DBStoreBuilder (DBStoreBuilder.java:processTables(161)) - Using default column profile:DBProfile.DISK for Table:bucketTable
2019-08-29 09:25:51,037 [main] INFO  db.DBStoreBuilder (DBStoreBuilder.java:addTable(110)) - using custom profile for table: keyTable
2019-08-29 09:25:51,037 [main] INFO  db.DBStoreBuilder (DBStoreBuilder.java:processTables(161)) - Using default column profile:DBProfile.DISK for Table:keyTable
2019-08-29 09:25:51,037 [main] INFO  db.DBStoreBuilder (DBStoreBuilder.java:addTable(110)) - using custom profile for table: deletedTable
2019-08-29 09:25:51,037 [main] INFO  db.DBStoreBuilder (DBStoreBuilder.java:processTables(161)) - Using default column profile:DBProfile.DISK for Table:deletedTable
2019-08-29 09:25:51,038 [main] INFO  db.DBStoreBuilder (DBStoreBuilder.java:addTable(110)) - using custom profile for table: openKeyTable
2019-08-29 09:25:51,038 [main] INFO  db.DBStoreBuilder (DBStoreBuilder.java:processTables(161)) - Using default column profile:DBProfile.DISK for Table:openKeyTable
2019-08-29 09:25:51,038 [main] INFO  db.DBStoreBuilder (DBStoreBuilder.java:addTable(110)) - using custom profile for table: s3Table
2019-08-29 09:25:51,038 [main] INFO  db.DBStoreBuilder (DBStoreBuilder.java:processTables(161)) - Using default column profile:DBProfile.DISK for Table:s3Table
2019-08-29 09:25:51,039 [main] INFO  db.DBStoreBuilder (DBStoreBuilder.java:addTable(110)) - using custom profile for table: multipartInfoTable
2019-08-29 09:25:51,039 [main] INFO  db.DBStoreBuilder (DBStoreBuilder.java:processTables(161)) - Using default column profile:DBProfile.DISK for Table:multipartInfoTable
2019-08-29 09:25:51,039 [main] INFO  db.DBStoreBuilder (DBStoreBuilder.java:addTable(110)) - using custom profile for table: dTokenTable
2019-08-29 09:25:51,039 [main] INFO  db.DBStoreBuilder (DBStoreBuilder.java:processTables(161)) - Using default column profile:DBProfile.DISK for Table:dTokenTable
2019-08-29 09:25:51,040 [main] INFO  db.DBStoreBuilder (DBStoreBuilder.java:addTable(110)) - using custom profile for table: s3SecretTable
2019-08-29 09:25:51,040 [main] INFO  db.DBStoreBuilder (DBStoreBuilder.java:processTables(161)) - Using default column profile:DBProfile.DISK for Table:s3SecretTable
2019-08-29 09:25:51,040 [main] INFO  db.DBStoreBuilder (DBStoreBuilder.java:addTable(110)) - using custom profile for table: prefixTable
2019-08-29 09:25:51,040 [main] INFO  db.DBStoreBuilder (DBStoreBuilder.java:processTables(161)) - Using default column profile:DBProfile.DISK for Table:prefixTable
2019-08-29 09:25:51,041 [main] INFO  db.DBStoreBuilder (DBStoreBuilder.java:addTable(110)) - using custom profile for table: default
2019-08-29 09:25:51,041 [main] INFO  db.DBStoreBuilder (DBStoreBuilder.java:processTables(167)) - Using default column profile:DBProfile.DISK for Table:default
2019-08-29 09:25:51,041 [main] INFO  db.DBStoreBuilder (DBStoreBuilder.java:getDbProfile(198)) - Using default options. DBProfile.DISK
2019-08-29 09:25:51,518 [main] INFO  ipc.CallQueueManager (CallQueueManager.java:<init>(84)) - Using callQueue: class java.util.concurrent.LinkedBlockingQueue, queueCapacity: 2000, scheduler: class org.apache.hadoop.ipc.DefaultRpcScheduler, ipcBackoff: false.
2019-08-29 09:25:51,519 [Socket Reader #1 for port 36397] INFO  ipc.Server (Server.java:run(1074)) - Starting Socket Reader #1 for port 36397
2019-08-29 09:25:51,534 [main] INFO  om.OzoneManager (OzoneManager.java:start(1257)) - OzoneManager RPC server is listening at localhost/127.0.0.1:36397
2019-08-29 09:25:51,534 [main] INFO  impl.MetricsSystemImpl (MetricsSystemImpl.java:init(158)) - OzoneManager metrics system started (again)
2019-08-29 09:25:51,535 [IPC Server listener on 36397] INFO  ipc.Server (Server.java:run(1153)) - IPC Server listener on 36397: starting
2019-08-29 09:25:51,535 [IPC Server Responder] INFO  ipc.Server (Server.java:run(1314)) - IPC Server Responder: starting
2019-08-29 09:25:51,540 [main] INFO  hdfs.DFSUtil (DFSUtil.java:httpServerTemplateForNNAndJN(1641)) - Starting Web-server for ozoneManager at: http://0.0.0.0:0
2019-08-29 09:25:51,542 [main] INFO  server.AuthenticationFilter (AuthenticationFilter.java:constructSecretProvider(240)) - Unable to initialize FileSignerSecretProvider, falling back to use random secrets.
2019-08-29 09:25:51,543 [main] WARN  http.HttpRequestLog (HttpRequestLog.java:getRequestLog(97)) - Jetty request log can only be enabled using Log4j
2019-08-29 09:25:51,546 [main] INFO  http.HttpServer2 (HttpServer2.java:addGlobalFilter(975)) - Added global filter 'safety' (class=org.apache.hadoop.http.HttpServer2$QuotingInputFilter)
2019-08-29 09:25:51,547 [main] INFO  http.HttpServer2 (HttpServer2.java:addFilter(948)) - Added filter static_user_filter (class=org.apache.hadoop.http.lib.StaticUserWebFilter$StaticUserFilter) to context ozoneManager
2019-08-29 09:25:51,547 [main] INFO  http.HttpServer2 (HttpServer2.java:addFilter(958)) - Added filter static_user_filter (class=org.apache.hadoop.http.lib.StaticUserWebFilter$StaticUserFilter) to context static
2019-08-29 09:25:51,547 [main] INFO  http.HttpServer2 (HttpServer2.java:addFilter(958)) - Added filter static_user_filter (class=org.apache.hadoop.http.lib.StaticUserWebFilter$StaticUserFilter) to context logs
2019-08-29 09:25:51,548 [main] INFO  http.HttpServer2 (HttpServer2.java:bindListener(1191)) - Jetty bound to port 46707
2019-08-29 09:25:51,548 [main] INFO  server.Server (Server.java:doStart(351)) - jetty-9.3.24.v20180605, build timestamp: 2018-06-05T17:11:56Z, git hash: 84205aa28f11a4f31f2a3b86d1bba2cc8ab69827
2019-08-29 09:25:51,551 [main] INFO  handler.ContextHandler (ContextHandler.java:doStart(781)) - Started o.e.j.s.ServletContextHandler@13c8ac77{/logs,file:///workdir/hadoop-ozone/integration-test/target/log,AVAILABLE}
2019-08-29 09:25:51,551 [main] INFO  handler.ContextHandler (ContextHandler.java:doStart(781)) - Started o.e.j.s.ServletContextHandler@4cad79bc{/static,file:///workdir/hadoop-ozone/integration-test/target/test-classes/webapps/static,AVAILABLE}
2019-08-29 09:25:51,557 [main] INFO  handler.ContextHandler (ContextHandler.java:doStart(781)) - Started o.e.j.w.WebAppContext@36e43829{/,file:///workdir/hadoop-ozone/integration-test/target/test-classes/webapps/ozoneManager/,AVAILABLE}{/ozoneManager}
2019-08-29 09:25:51,558 [main] INFO  server.AbstractConnector (AbstractConnector.java:doStart(278)) - Started ServerConnector@152c4495{HTTP/1.1,[http/1.1]}{0.0.0.0:46707}
2019-08-29 09:25:51,559 [main] INFO  server.Server (Server.java:doStart(419)) - Started @79477ms
2019-08-29 09:25:51,560 [main] INFO  server.BaseHttpServer (BaseHttpServer.java:updateConnectorAddress(213)) - HTTP server of OZONEMANAGER is listening at http://0.0.0.0:46707
2019-08-29 09:25:51,583 [main] INFO  impl.MetricsSystemImpl (MetricsSystemImpl.java:init(158)) - HddsDatanode metrics system started (again)
2019-08-29 09:25:51,586 [main] INFO  ozone.HddsDatanodeService (HddsDatanodeService.java:start(184)) - HddsDatanodeService host:pr-hdds-1054-cqztt-1934904501 ip:192.168.34.42
2019-08-29 09:25:51,593 [main] INFO  volume.HddsVolume (HddsVolume.java:<init>(176)) - Creating Volume: /workdir/hadoop-ozone/integration-test/target/test-dir/MiniOzoneClusterImpl-9bf9cf36-d6cd-47fd-9c9b-dd857e6ac4dc/datanode-0/data/containers/hdds of  storage type : DISK and capacity : 1482555576320
2019-08-29 09:25:51,593 [main] INFO  volume.VolumeSet (VolumeSet.java:initializeVolumeSet(170)) - Added Volume : /workdir/hadoop-ozone/integration-test/target/test-dir/MiniOzoneClusterImpl-9bf9cf36-d6cd-47fd-9c9b-dd857e6ac4dc/datanode-0/data/containers/hdds to VolumeSet
2019-08-29 09:25:51,594 [main] INFO  volume.ThrottledAsyncChecker (ThrottledAsyncChecker.java:schedule(140)) - Scheduling a check for org.apache.hadoop.ozone.container.common.volume.HddsVolume@6a5e167a
2019-08-29 09:25:51,594 [main] INFO  volume.HddsVolumeChecker (HddsVolumeChecker.java:checkAllVolumes(203)) - Scheduled health check for volume org.apache.hadoop.ozone.container.common.volume.HddsVolume@6a5e167a
2019-08-29 09:25:51,610 [main] INFO  impl.RaftServerProxy (ConfUtils.java:logGet(43)) - raft.rpc.type = GRPC (default)
2019-08-29 09:25:51,611 [main] INFO  grpc.GrpcFactory (GrpcFactory.java:checkPooledByteBufAllocatorUseCacheForAllThreads(45)) - PERFORMANCE WARNING: useCacheForAllThreads is true that may cause Netty to create a lot garbage objects and, as a result, trigger GC.
	It is recommended to disable useCacheForAllThreads by setting -Dorg.apache.ratis.thirdparty.io.netty.allocator.useCacheForAllThreads=false in command line.
2019-08-29 09:25:51,611 [main] INFO  grpc.GrpcConfigKeys$Server (ConfUtils.java:logGet(43)) - raft.grpc.server.port = 0 (default)
2019-08-29 09:25:51,611 [main] INFO  server.GrpcService (ConfUtils.java:logGet(43)) - raft.grpc.message.size.max = 33570816 (custom)
2019-08-29 09:25:51,611 [main] INFO  server.RaftServerConfigKeys (ConfUtils.java:logGet(43)) - raft.server.log.appender.buffer.byte-limit = 33554432 (custom)
2019-08-29 09:25:51,612 [main] INFO  server.GrpcService (ConfUtils.java:logGet(43)) - raft.grpc.flow.control.window = 1MB (=1048576) (default)
2019-08-29 09:25:51,612 [main] INFO  server.RaftServerConfigKeys (ConfUtils.java:logGet(43)) - raft.server.rpc.request.timeout = 3000ms (default)
2019-08-29 09:25:51,613 [main] INFO  server.RaftServerConfigKeys (ConfUtils.java:logGet(43)) - raft.server.storage.dir = [/workdir/hadoop-ozone/integration-test/target/test-dir/MiniOzoneClusterImpl-9bf9cf36-d6cd-47fd-9c9b-dd857e6ac4dc/datanode-0/data/ratis] (custom)
2019-08-29 09:25:51,614 [main] INFO  hdfs.DFSUtil (DFSUtil.java:httpServerTemplateForNNAndJN(1641)) - Starting Web-server for hddsDatanode at: http://0.0.0.0:0
2019-08-29 09:25:51,615 [main] INFO  server.AuthenticationFilter (AuthenticationFilter.java:constructSecretProvider(240)) - Unable to initialize FileSignerSecretProvider, falling back to use random secrets.
2019-08-29 09:25:51,616 [main] WARN  http.HttpRequestLog (HttpRequestLog.java:getRequestLog(97)) - Jetty request log can only be enabled using Log4j
2019-08-29 09:25:51,617 [main] INFO  http.HttpServer2 (HttpServer2.java:addGlobalFilter(975)) - Added global filter 'safety' (class=org.apache.hadoop.http.HttpServer2$QuotingInputFilter)
2019-08-29 09:25:51,618 [main] INFO  http.HttpServer2 (HttpServer2.java:addFilter(948)) - Added filter static_user_filter (class=org.apache.hadoop.http.lib.StaticUserWebFilter$StaticUserFilter) to context hddsDatanode
2019-08-29 09:25:51,618 [main] INFO  http.HttpServer2 (HttpServer2.java:addFilter(958)) - Added filter static_user_filter (class=org.apache.hadoop.http.lib.StaticUserWebFilter$StaticUserFilter) to context static
2019-08-29 09:25:51,618 [main] INFO  http.HttpServer2 (HttpServer2.java:addFilter(958)) - Added filter static_user_filter (class=org.apache.hadoop.http.lib.StaticUserWebFilter$StaticUserFilter) to context logs
2019-08-29 09:25:51,619 [main] INFO  http.HttpServer2 (HttpServer2.java:bindListener(1191)) - Jetty bound to port 38024
2019-08-29 09:25:51,619 [main] INFO  server.Server (Server.java:doStart(351)) - jetty-9.3.24.v20180605, build timestamp: 2018-06-05T17:11:56Z, git hash: 84205aa28f11a4f31f2a3b86d1bba2cc8ab69827
2019-08-29 09:25:51,621 [main] INFO  handler.ContextHandler (ContextHandler.java:doStart(781)) - Started o.e.j.s.ServletContextHandler@6274670b{/logs,file:///workdir/hadoop-ozone/integration-test/target/log,AVAILABLE}
2019-08-29 09:25:51,621 [main] INFO  handler.ContextHandler (ContextHandler.java:doStart(781)) - Started o.e.j.s.ServletContextHandler@32d5279{/static,jar:file:/home/user/.m2/repository/org/apache/hadoop/hadoop-hdds-container-service/0.5.0-SNAPSHOT/hadoop-hdds-container-service-0.5.0-SNAPSHOT.jar!/webapps/static,AVAILABLE}
2019-08-29 09:25:51,649 [main] INFO  handler.ContextHandler (ContextHandler.java:doStart(781)) - Started o.e.j.w.WebAppContext@405b6d75{/,file:///tmp/jetty-0.0.0.0-38024-hddsDatanode-_-any-6703164981894447402.dir/webapp/,AVAILABLE}{/hddsDatanode}
2019-08-29 09:25:51,650 [main] INFO  server.AbstractConnector (AbstractConnector.java:doStart(278)) - Started ServerConnector@682abca7{HTTP/1.1,[http/1.1]}{0.0.0.0:38024}
2019-08-29 09:25:51,651 [main] INFO  server.Server (Server.java:doStart(419)) - Started @79569ms
2019-08-29 09:25:51,652 [main] INFO  server.BaseHttpServer (BaseHttpServer.java:updateConnectorAddress(213)) - HTTP server of HDDSDATANODE is listening at http://0.0.0.0:38024
2019-08-29 09:25:51,652 [main] INFO  impl.MetricsSystemImpl (MetricsSystemImpl.java:init(158)) - HddsDatanode metrics system started (again)
2019-08-29 09:25:51,656 [org.apache.hadoop.util.JvmPauseMonitor$Monitor@164b11cc] INFO  util.JvmPauseMonitor (JvmPauseMonitor.java:run(188)) - Starting JVM pause monitor
2019-08-29 09:25:51,656 [main] INFO  ozone.HddsDatanodeService (HddsDatanodeService.java:start(184)) - HddsDatanodeService host:pr-hdds-1054-cqztt-1934904501 ip:192.168.34.42
2019-08-29 09:25:51,658 [Datanode State Machine Thread - 0] INFO  datanode.InitDatanodeState (InitDatanodeState.java:persistContainerDatanodeDetails(140)) - DatanodeDetails is persisted to /workdir/hadoop-ozone/integration-test/target/test-dir/MiniOzoneClusterImpl-9bf9cf36-d6cd-47fd-9c9b-dd857e6ac4dc/datanode-0/meta/datanode.id
2019-08-29 09:25:51,662 [main] INFO  volume.HddsVolume (HddsVolume.java:<init>(176)) - Creating Volume: /workdir/hadoop-ozone/integration-test/target/test-dir/MiniOzoneClusterImpl-9bf9cf36-d6cd-47fd-9c9b-dd857e6ac4dc/datanode-1/data/containers/hdds of  storage type : DISK and capacity : 1482555576320
2019-08-29 09:25:51,663 [main] INFO  volume.VolumeSet (VolumeSet.java:initializeVolumeSet(170)) - Added Volume : /workdir/hadoop-ozone/integration-test/target/test-dir/MiniOzoneClusterImpl-9bf9cf36-d6cd-47fd-9c9b-dd857e6ac4dc/datanode-1/data/containers/hdds to VolumeSet
2019-08-29 09:25:51,663 [main] INFO  volume.ThrottledAsyncChecker (ThrottledAsyncChecker.java:schedule(140)) - Scheduling a check for org.apache.hadoop.ozone.container.common.volume.HddsVolume@35ef439e
2019-08-29 09:25:51,664 [main] INFO  volume.HddsVolumeChecker (HddsVolumeChecker.java:checkAllVolumes(203)) - Scheduled health check for volume org.apache.hadoop.ozone.container.common.volume.HddsVolume@35ef439e
2019-08-29 09:25:51,684 [main] INFO  impl.RaftServerProxy (ConfUtils.java:logGet(43)) - raft.rpc.type = GRPC (default)
2019-08-29 09:25:51,684 [main] INFO  grpc.GrpcFactory (GrpcFactory.java:checkPooledByteBufAllocatorUseCacheForAllThreads(45)) - PERFORMANCE WARNING: useCacheForAllThreads is true that may cause Netty to create a lot garbage objects and, as a result, trigger GC.
	It is recommended to disable useCacheForAllThreads by setting -Dorg.apache.ratis.thirdparty.io.netty.allocator.useCacheForAllThreads=false in command line.
2019-08-29 09:25:51,684 [main] INFO  grpc.GrpcConfigKeys$Server (ConfUtils.java:logGet(43)) - raft.grpc.server.port = 0 (default)
2019-08-29 09:25:51,685 [main] INFO  server.GrpcService (ConfUtils.java:logGet(43)) - raft.grpc.message.size.max = 33570816 (custom)
2019-08-29 09:25:51,685 [main] INFO  server.RaftServerConfigKeys (ConfUtils.java:logGet(43)) - raft.server.log.appender.buffer.byte-limit = 33554432 (custom)
2019-08-29 09:25:51,685 [main] INFO  server.GrpcService (ConfUtils.java:logGet(43)) - raft.grpc.flow.control.window = 1MB (=1048576) (default)
2019-08-29 09:25:51,685 [main] INFO  server.RaftServerConfigKeys (ConfUtils.java:logGet(43)) - raft.server.rpc.request.timeout = 3000ms (default)
2019-08-29 09:25:51,686 [main] INFO  server.RaftServerConfigKeys (ConfUtils.java:logGet(43)) - raft.server.storage.dir = [/workdir/hadoop-ozone/integration-test/target/test-dir/MiniOzoneClusterImpl-9bf9cf36-d6cd-47fd-9c9b-dd857e6ac4dc/datanode-1/data/ratis] (custom)
2019-08-29 09:25:51,688 [main] INFO  hdfs.DFSUtil (DFSUtil.java:httpServerTemplateForNNAndJN(1641)) - Starting Web-server for hddsDatanode at: http://0.0.0.0:0
2019-08-29 09:25:51,690 [main] INFO  server.AuthenticationFilter (AuthenticationFilter.java:constructSecretProvider(240)) - Unable to initialize FileSignerSecretProvider, falling back to use random secrets.
2019-08-29 09:25:51,690 [main] WARN  http.HttpRequestLog (HttpRequestLog.java:getRequestLog(97)) - Jetty request log can only be enabled using Log4j
2019-08-29 09:25:51,693 [main] INFO  http.HttpServer2 (HttpServer2.java:addGlobalFilter(975)) - Added global filter 'safety' (class=org.apache.hadoop.http.HttpServer2$QuotingInputFilter)
2019-08-29 09:25:51,694 [main] INFO  http.HttpServer2 (HttpServer2.java:addFilter(948)) - Added filter static_user_filter (class=org.apache.hadoop.http.lib.StaticUserWebFilter$StaticUserFilter) to context hddsDatanode
2019-08-29 09:25:51,694 [main] INFO  http.HttpServer2 (HttpServer2.java:addFilter(958)) - Added filter static_user_filter (class=org.apache.hadoop.http.lib.StaticUserWebFilter$StaticUserFilter) to context static
2019-08-29 09:25:51,695 [main] INFO  http.HttpServer2 (HttpServer2.java:addFilter(958)) - Added filter static_user_filter (class=org.apache.hadoop.http.lib.StaticUserWebFilter$StaticUserFilter) to context logs
2019-08-29 09:25:51,696 [main] INFO  http.HttpServer2 (HttpServer2.java:bindListener(1191)) - Jetty bound to port 35250
2019-08-29 09:25:51,696 [main] INFO  server.Server (Server.java:doStart(351)) - jetty-9.3.24.v20180605, build timestamp: 2018-06-05T17:11:56Z, git hash: 84205aa28f11a4f31f2a3b86d1bba2cc8ab69827
2019-08-29 09:25:51,699 [main] INFO  handler.ContextHandler (ContextHandler.java:doStart(781)) - Started o.e.j.s.ServletContextHandler@427a12b6{/logs,file:///workdir/hadoop-ozone/integration-test/target/log,AVAILABLE}
2019-08-29 09:25:51,700 [main] INFO  handler.ContextHandler (ContextHandler.java:doStart(781)) - Started o.e.j.s.ServletContextHandler@af7e376{/static,jar:file:/home/user/.m2/repository/org/apache/hadoop/hadoop-hdds-container-service/0.5.0-SNAPSHOT/hadoop-hdds-container-service-0.5.0-SNAPSHOT.jar!/webapps/static,AVAILABLE}
2019-08-29 09:25:51,744 [main] INFO  handler.ContextHandler (ContextHandler.java:doStart(781)) - Started o.e.j.w.WebAppContext@4a8ffd75{/,file:///tmp/jetty-0.0.0.0-35250-hddsDatanode-_-any-3091127035375114225.dir/webapp/,AVAILABLE}{/hddsDatanode}
2019-08-29 09:25:51,745 [main] INFO  server.AbstractConnector (AbstractConnector.java:doStart(278)) - Started ServerConnector@1727e03a{HTTP/1.1,[http/1.1]}{0.0.0.0:35250}
2019-08-29 09:25:51,746 [main] INFO  server.Server (Server.java:doStart(419)) - Started @79665ms
2019-08-29 09:25:51,747 [main] INFO  server.BaseHttpServer (BaseHttpServer.java:updateConnectorAddress(213)) - HTTP server of HDDSDATANODE is listening at http://0.0.0.0:35250
2019-08-29 09:25:51,748 [main] INFO  impl.MetricsSystemImpl (MetricsSystemImpl.java:init(158)) - HddsDatanode metrics system started (again)
2019-08-29 09:25:51,752 [org.apache.hadoop.util.JvmPauseMonitor$Monitor@627fc4fc] INFO  util.JvmPauseMonitor (JvmPauseMonitor.java:run(188)) - Starting JVM pause monitor
2019-08-29 09:25:51,753 [main] INFO  ozone.HddsDatanodeService (HddsDatanodeService.java:start(184)) - HddsDatanodeService host:pr-hdds-1054-cqztt-1934904501 ip:192.168.34.42
2019-08-29 09:25:51,755 [Datanode State Machine Thread - 0] INFO  datanode.InitDatanodeState (InitDatanodeState.java:persistContainerDatanodeDetails(140)) - DatanodeDetails is persisted to /workdir/hadoop-ozone/integration-test/target/test-dir/MiniOzoneClusterImpl-9bf9cf36-d6cd-47fd-9c9b-dd857e6ac4dc/datanode-1/meta/datanode.id
2019-08-29 09:25:51,760 [main] INFO  volume.HddsVolume (HddsVolume.java:<init>(176)) - Creating Volume: /workdir/hadoop-ozone/integration-test/target/test-dir/MiniOzoneClusterImpl-9bf9cf36-d6cd-47fd-9c9b-dd857e6ac4dc/datanode-2/data/containers/hdds of  storage type : DISK and capacity : 1482555576320
2019-08-29 09:25:51,760 [main] INFO  volume.VolumeSet (VolumeSet.java:initializeVolumeSet(170)) - Added Volume : /workdir/hadoop-ozone/integration-test/target/test-dir/MiniOzoneClusterImpl-9bf9cf36-d6cd-47fd-9c9b-dd857e6ac4dc/datanode-2/data/containers/hdds to VolumeSet
2019-08-29 09:25:51,760 [main] INFO  volume.ThrottledAsyncChecker (ThrottledAsyncChecker.java:schedule(140)) - Scheduling a check for org.apache.hadoop.ozone.container.common.volume.HddsVolume@2703d91
2019-08-29 09:25:51,761 [main] INFO  volume.HddsVolumeChecker (HddsVolumeChecker.java:checkAllVolumes(203)) - Scheduled health check for volume org.apache.hadoop.ozone.container.common.volume.HddsVolume@2703d91
2019-08-29 09:25:51,776 [main] INFO  impl.RaftServerProxy (ConfUtils.java:logGet(43)) - raft.rpc.type = GRPC (default)
2019-08-29 09:25:51,776 [main] INFO  grpc.GrpcFactory (GrpcFactory.java:checkPooledByteBufAllocatorUseCacheForAllThreads(45)) - PERFORMANCE WARNING: useCacheForAllThreads is true that may cause Netty to create a lot garbage objects and, as a result, trigger GC.
	It is recommended to disable useCacheForAllThreads by setting -Dorg.apache.ratis.thirdparty.io.netty.allocator.useCacheForAllThreads=false in command line.
2019-08-29 09:25:51,777 [main] INFO  grpc.GrpcConfigKeys$Server (ConfUtils.java:logGet(43)) - raft.grpc.server.port = 0 (default)
2019-08-29 09:25:51,777 [main] INFO  server.GrpcService (ConfUtils.java:logGet(43)) - raft.grpc.message.size.max = 33570816 (custom)
2019-08-29 09:25:51,777 [main] INFO  server.RaftServerConfigKeys (ConfUtils.java:logGet(43)) - raft.server.log.appender.buffer.byte-limit = 33554432 (custom)
2019-08-29 09:25:51,777 [main] INFO  server.GrpcService (ConfUtils.java:logGet(43)) - raft.grpc.flow.control.window = 1MB (=1048576) (default)
2019-08-29 09:25:51,777 [main] INFO  server.RaftServerConfigKeys (ConfUtils.java:logGet(43)) - raft.server.rpc.request.timeout = 3000ms (default)
2019-08-29 09:25:51,778 [main] INFO  server.RaftServerConfigKeys (ConfUtils.java:logGet(43)) - raft.server.storage.dir = [/workdir/hadoop-ozone/integration-test/target/test-dir/MiniOzoneClusterImpl-9bf9cf36-d6cd-47fd-9c9b-dd857e6ac4dc/datanode-2/data/ratis] (custom)
2019-08-29 09:25:51,779 [main] INFO  hdfs.DFSUtil (DFSUtil.java:httpServerTemplateForNNAndJN(1641)) - Starting Web-server for hddsDatanode at: http://0.0.0.0:0
2019-08-29 09:25:51,781 [main] INFO  server.AuthenticationFilter (AuthenticationFilter.java:constructSecretProvider(240)) - Unable to initialize FileSignerSecretProvider, falling back to use random secrets.
2019-08-29 09:25:51,781 [main] WARN  http.HttpRequestLog (HttpRequestLog.java:getRequestLog(97)) - Jetty request log can only be enabled using Log4j
2019-08-29 09:25:51,783 [main] INFO  http.HttpServer2 (HttpServer2.java:addGlobalFilter(975)) - Added global filter 'safety' (class=org.apache.hadoop.http.HttpServer2$QuotingInputFilter)
2019-08-29 09:25:51,784 [main] INFO  http.HttpServer2 (HttpServer2.java:addFilter(948)) - Added filter static_user_filter (class=org.apache.hadoop.http.lib.StaticUserWebFilter$StaticUserFilter) to context hddsDatanode
2019-08-29 09:25:51,785 [main] INFO  http.HttpServer2 (HttpServer2.java:addFilter(958)) - Added filter static_user_filter (class=org.apache.hadoop.http.lib.StaticUserWebFilter$StaticUserFilter) to context logs
2019-08-29 09:25:51,785 [main] INFO  http.HttpServer2 (HttpServer2.java:addFilter(958)) - Added filter static_user_filter (class=org.apache.hadoop.http.lib.StaticUserWebFilter$StaticUserFilter) to context static
2019-08-29 09:25:51,786 [main] INFO  http.HttpServer2 (HttpServer2.java:bindListener(1191)) - Jetty bound to port 46241
2019-08-29 09:25:51,786 [main] INFO  server.Server (Server.java:doStart(351)) - jetty-9.3.24.v20180605, build timestamp: 2018-06-05T17:11:56Z, git hash: 84205aa28f11a4f31f2a3b86d1bba2cc8ab69827
2019-08-29 09:25:51,788 [main] INFO  handler.ContextHandler (ContextHandler.java:doStart(781)) - Started o.e.j.s.ServletContextHandler@65afeb6d{/logs,file:///workdir/hadoop-ozone/integration-test/target/log,AVAILABLE}
2019-08-29 09:25:51,788 [main] INFO  handler.ContextHandler (ContextHandler.java:doStart(781)) - Started o.e.j.s.ServletContextHandler@5ba03c82{/static,jar:file:/home/user/.m2/repository/org/apache/hadoop/hadoop-hdds-container-service/0.5.0-SNAPSHOT/hadoop-hdds-container-service-0.5.0-SNAPSHOT.jar!/webapps/static,AVAILABLE}
2019-08-29 09:25:51,818 [main] INFO  handler.ContextHandler (ContextHandler.java:doStart(781)) - Started o.e.j.w.WebAppContext@2fb25f4c{/,file:///tmp/jetty-0.0.0.0-46241-hddsDatanode-_-any-7112872785687057909.dir/webapp/,AVAILABLE}{/hddsDatanode}
2019-08-29 09:25:51,818 [main] INFO  server.AbstractConnector (AbstractConnector.java:doStart(278)) - Started ServerConnector@de81be1{HTTP/1.1,[http/1.1]}{0.0.0.0:46241}
2019-08-29 09:25:51,820 [main] INFO  server.Server (Server.java:doStart(419)) - Started @79738ms
2019-08-29 09:25:51,821 [main] INFO  server.BaseHttpServer (BaseHttpServer.java:updateConnectorAddress(213)) - HTTP server of HDDSDATANODE is listening at http://0.0.0.0:46241
2019-08-29 09:25:51,821 [main] INFO  impl.MetricsSystemImpl (MetricsSystemImpl.java:init(158)) - HddsDatanode metrics system started (again)
2019-08-29 09:25:51,825 [org.apache.hadoop.util.JvmPauseMonitor$Monitor@52666aa7] INFO  util.JvmPauseMonitor (JvmPauseMonitor.java:run(188)) - Starting JVM pause monitor
2019-08-29 09:25:51,825 [main] INFO  ozone.HddsDatanodeService (HddsDatanodeService.java:start(184)) - HddsDatanodeService host:pr-hdds-1054-cqztt-1934904501 ip:192.168.34.42
2019-08-29 09:25:51,826 [Datanode State Machine Thread - 0] INFO  datanode.InitDatanodeState (InitDatanodeState.java:persistContainerDatanodeDetails(140)) - DatanodeDetails is persisted to /workdir/hadoop-ozone/integration-test/target/test-dir/MiniOzoneClusterImpl-9bf9cf36-d6cd-47fd-9c9b-dd857e6ac4dc/datanode-2/meta/datanode.id
2019-08-29 09:25:51,832 [main] INFO  volume.HddsVolume (HddsVolume.java:<init>(176)) - Creating Volume: /workdir/hadoop-ozone/integration-test/target/test-dir/MiniOzoneClusterImpl-9bf9cf36-d6cd-47fd-9c9b-dd857e6ac4dc/datanode-3/data/containers/hdds of  storage type : DISK and capacity : 1482555576320
2019-08-29 09:25:51,832 [main] INFO  volume.VolumeSet (VolumeSet.java:initializeVolumeSet(170)) - Added Volume : /workdir/hadoop-ozone/integration-test/target/test-dir/MiniOzoneClusterImpl-9bf9cf36-d6cd-47fd-9c9b-dd857e6ac4dc/datanode-3/data/containers/hdds to VolumeSet
2019-08-29 09:25:51,832 [main] INFO  volume.ThrottledAsyncChecker (ThrottledAsyncChecker.java:schedule(140)) - Scheduling a check for org.apache.hadoop.ozone.container.common.volume.HddsVolume@4337afd
2019-08-29 09:25:51,833 [main] INFO  volume.HddsVolumeChecker (HddsVolumeChecker.java:checkAllVolumes(203)) - Scheduled health check for volume org.apache.hadoop.ozone.container.common.volume.HddsVolume@4337afd
2019-08-29 09:25:51,847 [main] INFO  impl.RaftServerProxy (ConfUtils.java:logGet(43)) - raft.rpc.type = GRPC (default)
2019-08-29 09:25:51,848 [main] INFO  grpc.GrpcFactory (GrpcFactory.java:checkPooledByteBufAllocatorUseCacheForAllThreads(45)) - PERFORMANCE WARNING: useCacheForAllThreads is true that may cause Netty to create a lot garbage objects and, as a result, trigger GC.
	It is recommended to disable useCacheForAllThreads by setting -Dorg.apache.ratis.thirdparty.io.netty.allocator.useCacheForAllThreads=false in command line.
2019-08-29 09:25:51,848 [main] INFO  grpc.GrpcConfigKeys$Server (ConfUtils.java:logGet(43)) - raft.grpc.server.port = 0 (default)
2019-08-29 09:25:51,848 [main] INFO  server.GrpcService (ConfUtils.java:logGet(43)) - raft.grpc.message.size.max = 33570816 (custom)
2019-08-29 09:25:51,848 [main] INFO  server.RaftServerConfigKeys (ConfUtils.java:logGet(43)) - raft.server.log.appender.buffer.byte-limit = 33554432 (custom)
2019-08-29 09:25:51,848 [main] INFO  server.GrpcService (ConfUtils.java:logGet(43)) - raft.grpc.flow.control.window = 1MB (=1048576) (default)
2019-08-29 09:25:51,849 [main] INFO  server.RaftServerConfigKeys (ConfUtils.java:logGet(43)) - raft.server.rpc.request.timeout = 3000ms (default)
2019-08-29 09:25:51,849 [main] INFO  server.RaftServerConfigKeys (ConfUtils.java:logGet(43)) - raft.server.storage.dir = [/workdir/hadoop-ozone/integration-test/target/test-dir/MiniOzoneClusterImpl-9bf9cf36-d6cd-47fd-9c9b-dd857e6ac4dc/datanode-3/data/ratis] (custom)
2019-08-29 09:25:51,850 [main] INFO  hdfs.DFSUtil (DFSUtil.java:httpServerTemplateForNNAndJN(1641)) - Starting Web-server for hddsDatanode at: http://0.0.0.0:0
2019-08-29 09:25:51,852 [main] INFO  server.AuthenticationFilter (AuthenticationFilter.java:constructSecretProvider(240)) - Unable to initialize FileSignerSecretProvider, falling back to use random secrets.
2019-08-29 09:25:51,852 [main] WARN  http.HttpRequestLog (HttpRequestLog.java:getRequestLog(97)) - Jetty request log can only be enabled using Log4j
2019-08-29 09:25:51,854 [main] INFO  http.HttpServer2 (HttpServer2.java:addGlobalFilter(975)) - Added global filter 'safety' (class=org.apache.hadoop.http.HttpServer2$QuotingInputFilter)
2019-08-29 09:25:51,854 [main] INFO  http.HttpServer2 (HttpServer2.java:addFilter(948)) - Added filter static_user_filter (class=org.apache.hadoop.http.lib.StaticUserWebFilter$StaticUserFilter) to context hddsDatanode
2019-08-29 09:25:51,854 [main] INFO  http.HttpServer2 (HttpServer2.java:addFilter(958)) - Added filter static_user_filter (class=org.apache.hadoop.http.lib.StaticUserWebFilter$StaticUserFilter) to context logs
2019-08-29 09:25:51,854 [main] INFO  http.HttpServer2 (HttpServer2.java:addFilter(958)) - Added filter static_user_filter (class=org.apache.hadoop.http.lib.StaticUserWebFilter$StaticUserFilter) to context static
2019-08-29 09:25:51,855 [main] INFO  http.HttpServer2 (HttpServer2.java:bindListener(1191)) - Jetty bound to port 39036
2019-08-29 09:25:51,855 [main] INFO  server.Server (Server.java:doStart(351)) - jetty-9.3.24.v20180605, build timestamp: 2018-06-05T17:11:56Z, git hash: 84205aa28f11a4f31f2a3b86d1bba2cc8ab69827
2019-08-29 09:25:51,857 [main] INFO  handler.ContextHandler (ContextHandler.java:doStart(781)) - Started o.e.j.s.ServletContextHandler@91f565d{/logs,file:///workdir/hadoop-ozone/integration-test/target/log,AVAILABLE}
2019-08-29 09:25:51,858 [main] INFO  handler.ContextHandler (ContextHandler.java:doStart(781)) - Started o.e.j.s.ServletContextHandler@3b83459e{/static,jar:file:/home/user/.m2/repository/org/apache/hadoop/hadoop-hdds-container-service/0.5.0-SNAPSHOT/hadoop-hdds-container-service-0.5.0-SNAPSHOT.jar!/webapps/static,AVAILABLE}
2019-08-29 09:25:51,886 [main] INFO  handler.ContextHandler (ContextHandler.java:doStart(781)) - Started o.e.j.w.WebAppContext@78fe204a{/,file:///tmp/jetty-0.0.0.0-39036-hddsDatanode-_-any-3358402806470286612.dir/webapp/,AVAILABLE}{/hddsDatanode}
2019-08-29 09:25:51,887 [main] INFO  server.AbstractConnector (AbstractConnector.java:doStart(278)) - Started ServerConnector@1290ed28{HTTP/1.1,[http/1.1]}{0.0.0.0:39036}
2019-08-29 09:25:51,888 [main] INFO  server.Server (Server.java:doStart(419)) - Started @79806ms
2019-08-29 09:25:51,889 [main] INFO  server.BaseHttpServer (BaseHttpServer.java:updateConnectorAddress(213)) - HTTP server of HDDSDATANODE is listening at http://0.0.0.0:39036
2019-08-29 09:25:51,889 [main] INFO  impl.MetricsSystemImpl (MetricsSystemImpl.java:init(158)) - HddsDatanode metrics system started (again)
2019-08-29 09:25:51,895 [org.apache.hadoop.util.JvmPauseMonitor$Monitor@7a40f374] INFO  util.JvmPauseMonitor (JvmPauseMonitor.java:run(188)) - Starting JVM pause monitor
2019-08-29 09:25:51,895 [main] INFO  ozone.HddsDatanodeService (HddsDatanodeService.java:start(184)) - HddsDatanodeService host:pr-hdds-1054-cqztt-1934904501 ip:192.168.34.42
2019-08-29 09:25:51,896 [Datanode State Machine Thread - 0] INFO  datanode.InitDatanodeState (InitDatanodeState.java:persistContainerDatanodeDetails(140)) - DatanodeDetails is persisted to /workdir/hadoop-ozone/integration-test/target/test-dir/MiniOzoneClusterImpl-9bf9cf36-d6cd-47fd-9c9b-dd857e6ac4dc/datanode-3/meta/datanode.id
2019-08-29 09:25:51,902 [main] INFO  volume.HddsVolume (HddsVolume.java:<init>(176)) - Creating Volume: /workdir/hadoop-ozone/integration-test/target/test-dir/MiniOzoneClusterImpl-9bf9cf36-d6cd-47fd-9c9b-dd857e6ac4dc/datanode-4/data/containers/hdds of  storage type : DISK and capacity : 1482555576320
2019-08-29 09:25:51,903 [main] INFO  volume.VolumeSet (VolumeSet.java:initializeVolumeSet(170)) - Added Volume : /workdir/hadoop-ozone/integration-test/target/test-dir/MiniOzoneClusterImpl-9bf9cf36-d6cd-47fd-9c9b-dd857e6ac4dc/datanode-4/data/containers/hdds to VolumeSet
2019-08-29 09:25:51,903 [main] INFO  volume.ThrottledAsyncChecker (ThrottledAsyncChecker.java:schedule(140)) - Scheduling a check for org.apache.hadoop.ozone.container.common.volume.HddsVolume@23ed382c
2019-08-29 09:25:51,903 [main] INFO  volume.HddsVolumeChecker (HddsVolumeChecker.java:checkAllVolumes(203)) - Scheduled health check for volume org.apache.hadoop.ozone.container.common.volume.HddsVolume@23ed382c
2019-08-29 09:25:51,918 [main] INFO  impl.RaftServerProxy (ConfUtils.java:logGet(43)) - raft.rpc.type = GRPC (default)
2019-08-29 09:25:51,919 [main] INFO  grpc.GrpcFactory (GrpcFactory.java:checkPooledByteBufAllocatorUseCacheForAllThreads(45)) - PERFORMANCE WARNING: useCacheForAllThreads is true that may cause Netty to create a lot garbage objects and, as a result, trigger GC.
	It is recommended to disable useCacheForAllThreads by setting -Dorg.apache.ratis.thirdparty.io.netty.allocator.useCacheForAllThreads=false in command line.
2019-08-29 09:25:51,919 [main] INFO  grpc.GrpcConfigKeys$Server (ConfUtils.java:logGet(43)) - raft.grpc.server.port = 0 (default)
2019-08-29 09:25:51,919 [main] INFO  server.GrpcService (ConfUtils.java:logGet(43)) - raft.grpc.message.size.max = 33570816 (custom)
2019-08-29 09:25:51,919 [main] INFO  server.RaftServerConfigKeys (ConfUtils.java:logGet(43)) - raft.server.log.appender.buffer.byte-limit = 33554432 (custom)
2019-08-29 09:25:51,919 [main] INFO  server.GrpcService (ConfUtils.java:logGet(43)) - raft.grpc.flow.control.window = 1MB (=1048576) (default)
2019-08-29 09:25:51,920 [main] INFO  server.RaftServerConfigKeys (ConfUtils.java:logGet(43)) - raft.server.rpc.request.timeout = 3000ms (default)
2019-08-29 09:25:51,920 [main] INFO  server.RaftServerConfigKeys (ConfUtils.java:logGet(43)) - raft.server.storage.dir = [/workdir/hadoop-ozone/integration-test/target/test-dir/MiniOzoneClusterImpl-9bf9cf36-d6cd-47fd-9c9b-dd857e6ac4dc/datanode-4/data/ratis] (custom)
2019-08-29 09:25:51,922 [main] INFO  hdfs.DFSUtil (DFSUtil.java:httpServerTemplateForNNAndJN(1641)) - Starting Web-server for hddsDatanode at: http://0.0.0.0:0
2019-08-29 09:25:51,923 [main] INFO  server.AuthenticationFilter (AuthenticationFilter.java:constructSecretProvider(240)) - Unable to initialize FileSignerSecretProvider, falling back to use random secrets.
2019-08-29 09:25:51,924 [main] WARN  http.HttpRequestLog (HttpRequestLog.java:getRequestLog(97)) - Jetty request log can only be enabled using Log4j
2019-08-29 09:25:51,925 [main] INFO  http.HttpServer2 (HttpServer2.java:addGlobalFilter(975)) - Added global filter 'safety' (class=org.apache.hadoop.http.HttpServer2$QuotingInputFilter)
2019-08-29 09:25:51,926 [main] INFO  http.HttpServer2 (HttpServer2.java:addFilter(948)) - Added filter static_user_filter (class=org.apache.hadoop.http.lib.StaticUserWebFilter$StaticUserFilter) to context hddsDatanode
2019-08-29 09:25:51,926 [main] INFO  http.HttpServer2 (HttpServer2.java:addFilter(958)) - Added filter static_user_filter (class=org.apache.hadoop.http.lib.StaticUserWebFilter$StaticUserFilter) to context static
2019-08-29 09:25:51,926 [main] INFO  http.HttpServer2 (HttpServer2.java:addFilter(958)) - Added filter static_user_filter (class=org.apache.hadoop.http.lib.StaticUserWebFilter$StaticUserFilter) to context logs
2019-08-29 09:25:51,927 [main] INFO  http.HttpServer2 (HttpServer2.java:bindListener(1191)) - Jetty bound to port 44955
2019-08-29 09:25:51,927 [main] INFO  server.Server (Server.java:doStart(351)) - jetty-9.3.24.v20180605, build timestamp: 2018-06-05T17:11:56Z, git hash: 84205aa28f11a4f31f2a3b86d1bba2cc8ab69827
2019-08-29 09:25:51,929 [main] INFO  handler.ContextHandler (ContextHandler.java:doStart(781)) - Started o.e.j.s.ServletContextHandler@76bf1bb8{/logs,file:///workdir/hadoop-ozone/integration-test/target/log,AVAILABLE}
2019-08-29 09:25:51,930 [main] INFO  handler.ContextHandler (ContextHandler.java:doStart(781)) - Started o.e.j.s.ServletContextHandler@76536c53{/static,jar:file:/home/user/.m2/repository/org/apache/hadoop/hadoop-hdds-container-service/0.5.0-SNAPSHOT/hadoop-hdds-container-service-0.5.0-SNAPSHOT.jar!/webapps/static,AVAILABLE}
2019-08-29 09:25:51,984 [main] INFO  handler.ContextHandler (ContextHandler.java:doStart(781)) - Started o.e.j.w.WebAppContext@6ccac6f4{/,file:///tmp/jetty-0.0.0.0-44955-hddsDatanode-_-any-5680656911465375668.dir/webapp/,AVAILABLE}{/hddsDatanode}
2019-08-29 09:25:51,985 [main] INFO  server.AbstractConnector (AbstractConnector.java:doStart(278)) - Started ServerConnector@438c9aa7{HTTP/1.1,[http/1.1]}{0.0.0.0:44955}
2019-08-29 09:25:51,987 [main] INFO  server.Server (Server.java:doStart(419)) - Started @79905ms
2019-08-29 09:25:51,989 [main] INFO  server.BaseHttpServer (BaseHttpServer.java:updateConnectorAddress(213)) - HTTP server of HDDSDATANODE is listening at http://0.0.0.0:44955
2019-08-29 09:25:51,989 [main] INFO  impl.MetricsSystemImpl (MetricsSystemImpl.java:init(158)) - HddsDatanode metrics system started (again)
2019-08-29 09:25:51,993 [org.apache.hadoop.util.JvmPauseMonitor$Monitor@4f725109] INFO  util.JvmPauseMonitor (JvmPauseMonitor.java:run(188)) - Starting JVM pause monitor
2019-08-29 09:25:51,997 [main] INFO  ozone.HddsDatanodeService (HddsDatanodeService.java:start(184)) - HddsDatanodeService host:pr-hdds-1054-cqztt-1934904501 ip:192.168.34.42
2019-08-29 09:25:51,997 [Datanode State Machine Thread - 0] INFO  datanode.InitDatanodeState (InitDatanodeState.java:persistContainerDatanodeDetails(140)) - DatanodeDetails is persisted to /workdir/hadoop-ozone/integration-test/target/test-dir/MiniOzoneClusterImpl-9bf9cf36-d6cd-47fd-9c9b-dd857e6ac4dc/datanode-4/meta/datanode.id
2019-08-29 09:25:52,005 [main] INFO  volume.HddsVolume (HddsVolume.java:<init>(176)) - Creating Volume: /workdir/hadoop-ozone/integration-test/target/test-dir/MiniOzoneClusterImpl-9bf9cf36-d6cd-47fd-9c9b-dd857e6ac4dc/datanode-5/data/containers/hdds of  storage type : DISK and capacity : 1482555576320
2019-08-29 09:25:52,005 [main] INFO  volume.VolumeSet (VolumeSet.java:initializeVolumeSet(170)) - Added Volume : /workdir/hadoop-ozone/integration-test/target/test-dir/MiniOzoneClusterImpl-9bf9cf36-d6cd-47fd-9c9b-dd857e6ac4dc/datanode-5/data/containers/hdds to VolumeSet
2019-08-29 09:25:52,006 [main] INFO  volume.ThrottledAsyncChecker (ThrottledAsyncChecker.java:schedule(140)) - Scheduling a check for org.apache.hadoop.ozone.container.common.volume.HddsVolume@54a2d96e
2019-08-29 09:25:52,006 [main] INFO  volume.HddsVolumeChecker (HddsVolumeChecker.java:checkAllVolumes(203)) - Scheduled health check for volume org.apache.hadoop.ozone.container.common.volume.HddsVolume@54a2d96e
2019-08-29 09:25:52,030 [main] INFO  impl.RaftServerProxy (ConfUtils.java:logGet(43)) - raft.rpc.type = GRPC (default)
2019-08-29 09:25:52,031 [main] INFO  grpc.GrpcFactory (GrpcFactory.java:checkPooledByteBufAllocatorUseCacheForAllThreads(45)) - PERFORMANCE WARNING: useCacheForAllThreads is true that may cause Netty to create a lot garbage objects and, as a result, trigger GC.
	It is recommended to disable useCacheForAllThreads by setting -Dorg.apache.ratis.thirdparty.io.netty.allocator.useCacheForAllThreads=false in command line.
2019-08-29 09:25:52,031 [main] INFO  grpc.GrpcConfigKeys$Server (ConfUtils.java:logGet(43)) - raft.grpc.server.port = 0 (default)
2019-08-29 09:25:52,031 [main] INFO  server.GrpcService (ConfUtils.java:logGet(43)) - raft.grpc.message.size.max = 33570816 (custom)
2019-08-29 09:25:52,032 [main] INFO  server.RaftServerConfigKeys (ConfUtils.java:logGet(43)) - raft.server.log.appender.buffer.byte-limit = 33554432 (custom)
2019-08-29 09:25:52,032 [main] INFO  server.GrpcService (ConfUtils.java:logGet(43)) - raft.grpc.flow.control.window = 1MB (=1048576) (default)
2019-08-29 09:25:52,032 [main] INFO  server.RaftServerConfigKeys (ConfUtils.java:logGet(43)) - raft.server.rpc.request.timeout = 3000ms (default)
2019-08-29 09:25:52,033 [main] INFO  server.RaftServerConfigKeys (ConfUtils.java:logGet(43)) - raft.server.storage.dir = [/workdir/hadoop-ozone/integration-test/target/test-dir/MiniOzoneClusterImpl-9bf9cf36-d6cd-47fd-9c9b-dd857e6ac4dc/datanode-5/data/ratis] (custom)
2019-08-29 09:25:52,034 [main] INFO  hdfs.DFSUtil (DFSUtil.java:httpServerTemplateForNNAndJN(1641)) - Starting Web-server for hddsDatanode at: http://0.0.0.0:0
2019-08-29 09:25:52,036 [main] INFO  server.AuthenticationFilter (AuthenticationFilter.java:constructSecretProvider(240)) - Unable to initialize FileSignerSecretProvider, falling back to use random secrets.
2019-08-29 09:25:52,037 [main] WARN  http.HttpRequestLog (HttpRequestLog.java:getRequestLog(97)) - Jetty request log can only be enabled using Log4j
2019-08-29 09:25:52,039 [main] INFO  http.HttpServer2 (HttpServer2.java:addGlobalFilter(975)) - Added global filter 'safety' (class=org.apache.hadoop.http.HttpServer2$QuotingInputFilter)
2019-08-29 09:25:52,040 [main] INFO  http.HttpServer2 (HttpServer2.java:addFilter(948)) - Added filter static_user_filter (class=org.apache.hadoop.http.lib.StaticUserWebFilter$StaticUserFilter) to context hddsDatanode
2019-08-29 09:25:52,040 [main] INFO  http.HttpServer2 (HttpServer2.java:addFilter(958)) - Added filter static_user_filter (class=org.apache.hadoop.http.lib.StaticUserWebFilter$StaticUserFilter) to context static
2019-08-29 09:25:52,040 [main] INFO  http.HttpServer2 (HttpServer2.java:addFilter(958)) - Added filter static_user_filter (class=org.apache.hadoop.http.lib.StaticUserWebFilter$StaticUserFilter) to context logs
2019-08-29 09:25:52,041 [main] INFO  http.HttpServer2 (HttpServer2.java:bindListener(1191)) - Jetty bound to port 34530
2019-08-29 09:25:52,041 [main] INFO  server.Server (Server.java:doStart(351)) - jetty-9.3.24.v20180605, build timestamp: 2018-06-05T17:11:56Z, git hash: 84205aa28f11a4f31f2a3b86d1bba2cc8ab69827
2019-08-29 09:25:52,043 [main] INFO  handler.ContextHandler (ContextHandler.java:doStart(781)) - Started o.e.j.s.ServletContextHandler@220c9a63{/logs,file:///workdir/hadoop-ozone/integration-test/target/log,AVAILABLE}
2019-08-29 09:25:52,044 [main] INFO  handler.ContextHandler (ContextHandler.java:doStart(781)) - Started o.e.j.s.ServletContextHandler@40bb4f87{/static,jar:file:/home/user/.m2/repository/org/apache/hadoop/hadoop-hdds-container-service/0.5.0-SNAPSHOT/hadoop-hdds-container-service-0.5.0-SNAPSHOT.jar!/webapps/static,AVAILABLE}
2019-08-29 09:25:52,082 [main] INFO  handler.ContextHandler (ContextHandler.java:doStart(781)) - Started o.e.j.w.WebAppContext@2e1b374c{/,file:///tmp/jetty-0.0.0.0-34530-hddsDatanode-_-any-8234561482054588791.dir/webapp/,AVAILABLE}{/hddsDatanode}
2019-08-29 09:25:52,083 [main] INFO  server.AbstractConnector (AbstractConnector.java:doStart(278)) - Started ServerConnector@3fcee3d9{HTTP/1.1,[http/1.1]}{0.0.0.0:34530}
2019-08-29 09:25:52,084 [main] INFO  server.Server (Server.java:doStart(419)) - Started @80003ms
2019-08-29 09:25:52,085 [main] INFO  server.BaseHttpServer (BaseHttpServer.java:updateConnectorAddress(213)) - HTTP server of HDDSDATANODE is listening at http://0.0.0.0:34530
2019-08-29 09:25:52,086 [main] INFO  impl.MetricsSystemImpl (MetricsSystemImpl.java:init(158)) - HddsDatanode metrics system started (again)
2019-08-29 09:25:52,092 [org.apache.hadoop.util.JvmPauseMonitor$Monitor@58bda674] INFO  util.JvmPauseMonitor (JvmPauseMonitor.java:run(188)) - Starting JVM pause monitor
2019-08-29 09:25:52,093 [main] INFO  ozone.HddsDatanodeService (HddsDatanodeService.java:start(184)) - HddsDatanodeService host:pr-hdds-1054-cqztt-1934904501 ip:192.168.34.42
2019-08-29 09:25:52,093 [Datanode State Machine Thread - 0] INFO  datanode.InitDatanodeState (InitDatanodeState.java:persistContainerDatanodeDetails(140)) - DatanodeDetails is persisted to /workdir/hadoop-ozone/integration-test/target/test-dir/MiniOzoneClusterImpl-9bf9cf36-d6cd-47fd-9c9b-dd857e6ac4dc/datanode-5/meta/datanode.id
2019-08-29 09:25:52,099 [main] INFO  volume.HddsVolume (HddsVolume.java:<init>(176)) - Creating Volume: /workdir/hadoop-ozone/integration-test/target/test-dir/MiniOzoneClusterImpl-9bf9cf36-d6cd-47fd-9c9b-dd857e6ac4dc/datanode-6/data/containers/hdds of  storage type : DISK and capacity : 1482555576320
2019-08-29 09:25:52,100 [main] INFO  volume.VolumeSet (VolumeSet.java:initializeVolumeSet(170)) - Added Volume : /workdir/hadoop-ozone/integration-test/target/test-dir/MiniOzoneClusterImpl-9bf9cf36-d6cd-47fd-9c9b-dd857e6ac4dc/datanode-6/data/containers/hdds to VolumeSet
2019-08-29 09:25:52,100 [main] INFO  volume.ThrottledAsyncChecker (ThrottledAsyncChecker.java:schedule(140)) - Scheduling a check for org.apache.hadoop.ozone.container.common.volume.HddsVolume@161dd92a
2019-08-29 09:25:52,101 [main] INFO  volume.HddsVolumeChecker (HddsVolumeChecker.java:checkAllVolumes(203)) - Scheduled health check for volume org.apache.hadoop.ozone.container.common.volume.HddsVolume@161dd92a
2019-08-29 09:25:52,118 [main] INFO  impl.RaftServerProxy (ConfUtils.java:logGet(43)) - raft.rpc.type = GRPC (default)
2019-08-29 09:25:52,119 [main] INFO  grpc.GrpcFactory (GrpcFactory.java:checkPooledByteBufAllocatorUseCacheForAllThreads(45)) - PERFORMANCE WARNING: useCacheForAllThreads is true that may cause Netty to create a lot garbage objects and, as a result, trigger GC.
	It is recommended to disable useCacheForAllThreads by setting -Dorg.apache.ratis.thirdparty.io.netty.allocator.useCacheForAllThreads=false in command line.
2019-08-29 09:25:52,119 [main] INFO  grpc.GrpcConfigKeys$Server (ConfUtils.java:logGet(43)) - raft.grpc.server.port = 0 (default)
2019-08-29 09:25:52,119 [main] INFO  server.GrpcService (ConfUtils.java:logGet(43)) - raft.grpc.message.size.max = 33570816 (custom)
2019-08-29 09:25:52,119 [main] INFO  server.RaftServerConfigKeys (ConfUtils.java:logGet(43)) - raft.server.log.appender.buffer.byte-limit = 33554432 (custom)
2019-08-29 09:25:52,119 [main] INFO  server.GrpcService (ConfUtils.java:logGet(43)) - raft.grpc.flow.control.window = 1MB (=1048576) (default)
2019-08-29 09:25:52,120 [main] INFO  server.RaftServerConfigKeys (ConfUtils.java:logGet(43)) - raft.server.rpc.request.timeout = 3000ms (default)
2019-08-29 09:25:52,120 [main] INFO  server.RaftServerConfigKeys (ConfUtils.java:logGet(43)) - raft.server.storage.dir = [/workdir/hadoop-ozone/integration-test/target/test-dir/MiniOzoneClusterImpl-9bf9cf36-d6cd-47fd-9c9b-dd857e6ac4dc/datanode-6/data/ratis] (custom)
2019-08-29 09:25:52,122 [main] INFO  hdfs.DFSUtil (DFSUtil.java:httpServerTemplateForNNAndJN(1641)) - Starting Web-server for hddsDatanode at: http://0.0.0.0:0
2019-08-29 09:25:52,124 [main] INFO  server.AuthenticationFilter (AuthenticationFilter.java:constructSecretProvider(240)) - Unable to initialize FileSignerSecretProvider, falling back to use random secrets.
2019-08-29 09:25:52,125 [main] WARN  http.HttpRequestLog (HttpRequestLog.java:getRequestLog(97)) - Jetty request log can only be enabled using Log4j
2019-08-29 09:25:52,127 [main] INFO  http.HttpServer2 (HttpServer2.java:addGlobalFilter(975)) - Added global filter 'safety' (class=org.apache.hadoop.http.HttpServer2$QuotingInputFilter)
2019-08-29 09:25:52,128 [main] INFO  http.HttpServer2 (HttpServer2.java:addFilter(948)) - Added filter static_user_filter (class=org.apache.hadoop.http.lib.StaticUserWebFilter$StaticUserFilter) to context hddsDatanode
2019-08-29 09:25:52,128 [main] INFO  http.HttpServer2 (HttpServer2.java:addFilter(958)) - Added filter static_user_filter (class=org.apache.hadoop.http.lib.StaticUserWebFilter$StaticUserFilter) to context static
2019-08-29 09:25:52,128 [main] INFO  http.HttpServer2 (HttpServer2.java:addFilter(958)) - Added filter static_user_filter (class=org.apache.hadoop.http.lib.StaticUserWebFilter$StaticUserFilter) to context logs
2019-08-29 09:25:52,129 [main] INFO  http.HttpServer2 (HttpServer2.java:bindListener(1191)) - Jetty bound to port 37385
2019-08-29 09:25:52,129 [main] INFO  server.Server (Server.java:doStart(351)) - jetty-9.3.24.v20180605, build timestamp: 2018-06-05T17:11:56Z, git hash: 84205aa28f11a4f31f2a3b86d1bba2cc8ab69827
2019-08-29 09:25:52,131 [main] INFO  handler.ContextHandler (ContextHandler.java:doStart(781)) - Started o.e.j.s.ServletContextHandler@9f86dc3{/logs,file:///workdir/hadoop-ozone/integration-test/target/log,AVAILABLE}
2019-08-29 09:25:52,132 [main] INFO  handler.ContextHandler (ContextHandler.java:doStart(781)) - Started o.e.j.s.ServletContextHandler@662e682a{/static,jar:file:/home/user/.m2/repository/org/apache/hadoop/hadoop-hdds-container-service/0.5.0-SNAPSHOT/hadoop-hdds-container-service-0.5.0-SNAPSHOT.jar!/webapps/static,AVAILABLE}
2019-08-29 09:25:52,172 [main] INFO  handler.ContextHandler (ContextHandler.java:doStart(781)) - Started o.e.j.w.WebAppContext@557b6a37{/,file:///tmp/jetty-0.0.0.0-37385-hddsDatanode-_-any-1691868495953654189.dir/webapp/,AVAILABLE}{/hddsDatanode}
2019-08-29 09:25:52,173 [main] INFO  server.AbstractConnector (AbstractConnector.java:doStart(278)) - Started ServerConnector@11b32a14{HTTP/1.1,[http/1.1]}{0.0.0.0:37385}
2019-08-29 09:25:52,174 [main] INFO  server.Server (Server.java:doStart(419)) - Started @80092ms
2019-08-29 09:25:52,175 [main] INFO  server.BaseHttpServer (BaseHttpServer.java:updateConnectorAddress(213)) - HTTP server of HDDSDATANODE is listening at http://0.0.0.0:37385
2019-08-29 09:25:52,176 [main] INFO  ozone.MiniOzoneClusterImpl (MiniOzoneClusterImpl.java:lambda$waitForClusterToBeReady$0(140)) - Waiting for cluster to be ready. Got 0 of 7 DN Heartbeats.
2019-08-29 09:25:52,179 [org.apache.hadoop.util.JvmPauseMonitor$Monitor@611c16a2] INFO  util.JvmPauseMonitor (JvmPauseMonitor.java:run(188)) - Starting JVM pause monitor
2019-08-29 09:25:52,180 [Datanode State Machine Thread - 0] INFO  datanode.InitDatanodeState (InitDatanodeState.java:persistContainerDatanodeDetails(140)) - DatanodeDetails is persisted to /workdir/hadoop-ozone/integration-test/target/test-dir/MiniOzoneClusterImpl-9bf9cf36-d6cd-47fd-9c9b-dd857e6ac4dc/datanode-6/meta/datanode.id
2019-08-29 09:25:53,177 [main] INFO  ozone.MiniOzoneClusterImpl (MiniOzoneClusterImpl.java:lambda$waitForClusterToBeReady$0(140)) - Waiting for cluster to be ready. Got 0 of 7 DN Heartbeats.
2019-08-29 09:25:53,661 | INFO  | SCMAudit | user=jenkins1000 | ip=192.168.34.42 | op=GET_VERSION null | ret=SUCCESS |  
2019-08-29 09:25:53,678 [Datanode State Machine Thread - 0] INFO  ozoneimpl.OzoneContainer (OzoneContainer.java:start(201)) - Attempting to start container services.
2019-08-29 09:25:53,681 [Datanode State Machine Thread - 0] INFO  ozoneimpl.OzoneContainer (OzoneContainer.java:startContainerScrub(175)) - Background container scrubber has been disabled by hdds.containerscrub.enabled
2019-08-29 09:25:53,681 [Datanode State Machine Thread - 0] INFO  ratis.XceiverServerRatis (XceiverServerRatis.java:start(393)) - Starting XceiverServerRatis 70943ca8-2057-43d2-a47c-49bd499a68c6 at port 0
2019-08-29 09:25:53,686 [Datanode State Machine Thread - 0] INFO  impl.RaftServerProxy (RaftServerProxy.java:lambda$start$3(299)) - 70943ca8-2057-43d2-a47c-49bd499a68c6: start RPC server
2019-08-29 09:25:53,688 [Datanode State Machine Thread - 0] INFO  server.GrpcService (GrpcService.java:startImpl(149)) - 70943ca8-2057-43d2-a47c-49bd499a68c6: GrpcService started, listening on 0.0.0.0/0.0.0.0:41945
2019-08-29 09:25:53,688 [Datanode State Machine Thread - 0] INFO  ratis.XceiverServerRatis (XceiverServerRatis.java:start(403)) - XceiverServerRatis 70943ca8-2057-43d2-a47c-49bd499a68c6 is started using port 41945
2019-08-29 09:25:53,688 [Datanode State Machine Thread - 0] INFO  server.XceiverServerGrpc (XceiverServerGrpc.java:start(163)) - XceiverServerGrpc 70943ca8-2057-43d2-a47c-49bd499a68c6 is started using port 39505
2019-08-29 09:25:53,753 | INFO  | SCMAudit | user=jenkins1000 | ip=192.168.34.42 | op=GET_VERSION null | ret=SUCCESS |  
2019-08-29 09:25:53,770 [Datanode State Machine Thread - 0] INFO  ozoneimpl.OzoneContainer (OzoneContainer.java:start(201)) - Attempting to start container services.
2019-08-29 09:25:53,779 [Datanode State Machine Thread - 0] INFO  ozoneimpl.OzoneContainer (OzoneContainer.java:startContainerScrub(175)) - Background container scrubber has been disabled by hdds.containerscrub.enabled
2019-08-29 09:25:53,780 [Datanode State Machine Thread - 0] INFO  ratis.XceiverServerRatis (XceiverServerRatis.java:start(393)) - Starting XceiverServerRatis 37345188-c291-4188-a3e3-b30ff541eb85 at port 0
2019-08-29 09:25:53,786 [Datanode State Machine Thread - 0] INFO  impl.RaftServerProxy (RaftServerProxy.java:lambda$start$3(299)) - 37345188-c291-4188-a3e3-b30ff541eb85: start RPC server
2019-08-29 09:25:53,786 [Datanode State Machine Thread - 0] INFO  server.GrpcService (GrpcService.java:startImpl(149)) - 37345188-c291-4188-a3e3-b30ff541eb85: GrpcService started, listening on 0.0.0.0/0.0.0.0:35363
2019-08-29 09:25:53,787 [Datanode State Machine Thread - 0] INFO  ratis.XceiverServerRatis (XceiverServerRatis.java:start(403)) - XceiverServerRatis 37345188-c291-4188-a3e3-b30ff541eb85 is started using port 35363
2019-08-29 09:25:53,793 [Datanode State Machine Thread - 0] INFO  server.XceiverServerGrpc (XceiverServerGrpc.java:start(163)) - XceiverServerGrpc 37345188-c291-4188-a3e3-b30ff541eb85 is started using port 36564
2019-08-29 09:25:53,826 | INFO  | SCMAudit | user=jenkins1000 | ip=192.168.34.42 | op=GET_VERSION null | ret=SUCCESS |  
2019-08-29 09:25:53,840 [Datanode State Machine Thread - 0] INFO  ozoneimpl.OzoneContainer (OzoneContainer.java:start(201)) - Attempting to start container services.
2019-08-29 09:25:53,840 [Datanode State Machine Thread - 0] INFO  ozoneimpl.OzoneContainer (OzoneContainer.java:startContainerScrub(175)) - Background container scrubber has been disabled by hdds.containerscrub.enabled
2019-08-29 09:25:53,840 [Datanode State Machine Thread - 0] INFO  ratis.XceiverServerRatis (XceiverServerRatis.java:start(393)) - Starting XceiverServerRatis 34149fcb-7fd9-43b7-9e6c-7ef931619a7b at port 0
2019-08-29 09:25:53,845 [Datanode State Machine Thread - 0] INFO  impl.RaftServerProxy (RaftServerProxy.java:lambda$start$3(299)) - 34149fcb-7fd9-43b7-9e6c-7ef931619a7b: start RPC server
2019-08-29 09:25:53,846 [Datanode State Machine Thread - 0] INFO  server.GrpcService (GrpcService.java:startImpl(149)) - 34149fcb-7fd9-43b7-9e6c-7ef931619a7b: GrpcService started, listening on 0.0.0.0/0.0.0.0:35023
2019-08-29 09:25:53,846 [Datanode State Machine Thread - 0] INFO  ratis.XceiverServerRatis (XceiverServerRatis.java:start(403)) - XceiverServerRatis 34149fcb-7fd9-43b7-9e6c-7ef931619a7b is started using port 35023
2019-08-29 09:25:53,853 [Datanode State Machine Thread - 0] INFO  server.XceiverServerGrpc (XceiverServerGrpc.java:start(163)) - XceiverServerGrpc 34149fcb-7fd9-43b7-9e6c-7ef931619a7b is started using port 44337
2019-08-29 09:25:53,896 | INFO  | SCMAudit | user=jenkins1000 | ip=192.168.34.42 | op=GET_VERSION null | ret=SUCCESS |  
2019-08-29 09:25:53,910 [Datanode State Machine Thread - 0] INFO  ozoneimpl.OzoneContainer (OzoneContainer.java:start(201)) - Attempting to start container services.
2019-08-29 09:25:53,910 [Datanode State Machine Thread - 0] INFO  ozoneimpl.OzoneContainer (OzoneContainer.java:startContainerScrub(175)) - Background container scrubber has been disabled by hdds.containerscrub.enabled
2019-08-29 09:25:53,911 [Datanode State Machine Thread - 0] INFO  ratis.XceiverServerRatis (XceiverServerRatis.java:start(393)) - Starting XceiverServerRatis acfe46ce-d7f7-44ce-ad8e-18450e3ff75e at port 0
2019-08-29 09:25:53,916 [Datanode State Machine Thread - 0] INFO  impl.RaftServerProxy (RaftServerProxy.java:lambda$start$3(299)) - acfe46ce-d7f7-44ce-ad8e-18450e3ff75e: start RPC server
2019-08-29 09:25:53,920 [Datanode State Machine Thread - 0] INFO  server.GrpcService (GrpcService.java:startImpl(149)) - acfe46ce-d7f7-44ce-ad8e-18450e3ff75e: GrpcService started, listening on 0.0.0.0/0.0.0.0:44704
2019-08-29 09:25:53,920 [Datanode State Machine Thread - 0] INFO  ratis.XceiverServerRatis (XceiverServerRatis.java:start(403)) - XceiverServerRatis acfe46ce-d7f7-44ce-ad8e-18450e3ff75e is started using port 44704
2019-08-29 09:25:53,920 [Datanode State Machine Thread - 0] INFO  server.XceiverServerGrpc (XceiverServerGrpc.java:start(163)) - XceiverServerGrpc acfe46ce-d7f7-44ce-ad8e-18450e3ff75e is started using port 41661
2019-08-29 09:25:53,993 | INFO  | SCMAudit | user=jenkins1000 | ip=192.168.34.42 | op=GET_VERSION null | ret=SUCCESS |  
2019-08-29 09:25:54,008 [Datanode State Machine Thread - 0] INFO  ozoneimpl.OzoneContainer (OzoneContainer.java:start(201)) - Attempting to start container services.
2019-08-29 09:25:54,008 [Datanode State Machine Thread - 0] INFO  ozoneimpl.OzoneContainer (OzoneContainer.java:startContainerScrub(175)) - Background container scrubber has been disabled by hdds.containerscrub.enabled
2019-08-29 09:25:54,008 [Datanode State Machine Thread - 0] INFO  ratis.XceiverServerRatis (XceiverServerRatis.java:start(393)) - Starting XceiverServerRatis 9de17530-92d1-4d1a-8119-ac335a28c903 at port 0
2019-08-29 09:25:54,015 [Datanode State Machine Thread - 0] INFO  impl.RaftServerProxy (RaftServerProxy.java:lambda$start$3(299)) - 9de17530-92d1-4d1a-8119-ac335a28c903: start RPC server
2019-08-29 09:25:54,015 [Datanode State Machine Thread - 0] INFO  server.GrpcService (GrpcService.java:startImpl(149)) - 9de17530-92d1-4d1a-8119-ac335a28c903: GrpcService started, listening on 0.0.0.0/0.0.0.0:45153
2019-08-29 09:25:54,016 [Datanode State Machine Thread - 0] INFO  ratis.XceiverServerRatis (XceiverServerRatis.java:start(403)) - XceiverServerRatis 9de17530-92d1-4d1a-8119-ac335a28c903 is started using port 45153
2019-08-29 09:25:54,019 [Datanode State Machine Thread - 0] INFO  server.XceiverServerGrpc (XceiverServerGrpc.java:start(163)) - XceiverServerGrpc 9de17530-92d1-4d1a-8119-ac335a28c903 is started using port 41861
2019-08-29 09:25:54,093 | INFO  | SCMAudit | user=jenkins1000 | ip=192.168.34.42 | op=GET_VERSION null | ret=SUCCESS |  
2019-08-29 09:25:54,111 [Datanode State Machine Thread - 0] INFO  ozoneimpl.OzoneContainer (OzoneContainer.java:start(201)) - Attempting to start container services.
2019-08-29 09:25:54,111 [Datanode State Machine Thread - 0] INFO  ozoneimpl.OzoneContainer (OzoneContainer.java:startContainerScrub(175)) - Background container scrubber has been disabled by hdds.containerscrub.enabled
2019-08-29 09:25:54,111 [Datanode State Machine Thread - 0] INFO  ratis.XceiverServerRatis (XceiverServerRatis.java:start(393)) - Starting XceiverServerRatis 3f79815e-7f99-4beb-9a2e-82e095091155 at port 0
2019-08-29 09:25:54,118 [Datanode State Machine Thread - 0] INFO  impl.RaftServerProxy (RaftServerProxy.java:lambda$start$3(299)) - 3f79815e-7f99-4beb-9a2e-82e095091155: start RPC server
2019-08-29 09:25:54,119 [Datanode State Machine Thread - 0] INFO  server.GrpcService (GrpcService.java:startImpl(149)) - 3f79815e-7f99-4beb-9a2e-82e095091155: GrpcService started, listening on 0.0.0.0/0.0.0.0:41901
2019-08-29 09:25:54,119 [Datanode State Machine Thread - 0] INFO  ratis.XceiverServerRatis (XceiverServerRatis.java:start(403)) - XceiverServerRatis 3f79815e-7f99-4beb-9a2e-82e095091155 is started using port 41901
2019-08-29 09:25:54,119 [Datanode State Machine Thread - 0] INFO  server.XceiverServerGrpc (XceiverServerGrpc.java:start(163)) - XceiverServerGrpc 3f79815e-7f99-4beb-9a2e-82e095091155 is started using port 37856
2019-08-29 09:25:54,178 [main] INFO  ozone.MiniOzoneClusterImpl (MiniOzoneClusterImpl.java:lambda$waitForClusterToBeReady$0(140)) - Waiting for cluster to be ready. Got 0 of 7 DN Heartbeats.
2019-08-29 09:25:54,179 | INFO  | SCMAudit | user=jenkins1000 | ip=192.168.34.42 | op=GET_VERSION null | ret=SUCCESS |  
2019-08-29 09:25:54,194 [Datanode State Machine Thread - 0] INFO  ozoneimpl.OzoneContainer (OzoneContainer.java:start(201)) - Attempting to start container services.
2019-08-29 09:25:54,194 [Datanode State Machine Thread - 0] INFO  ozoneimpl.OzoneContainer (OzoneContainer.java:startContainerScrub(175)) - Background container scrubber has been disabled by hdds.containerscrub.enabled
2019-08-29 09:25:54,194 [Datanode State Machine Thread - 0] INFO  ratis.XceiverServerRatis (XceiverServerRatis.java:start(393)) - Starting XceiverServerRatis 6a7e6612-29e0-44a1-aac0-71b0e452239a at port 0
2019-08-29 09:25:54,200 [Datanode State Machine Thread - 0] INFO  impl.RaftServerProxy (RaftServerProxy.java:lambda$start$3(299)) - 6a7e6612-29e0-44a1-aac0-71b0e452239a: start RPC server
2019-08-29 09:25:54,201 [Datanode State Machine Thread - 0] INFO  server.GrpcService (GrpcService.java:startImpl(149)) - 6a7e6612-29e0-44a1-aac0-71b0e452239a: GrpcService started, listening on 0.0.0.0/0.0.0.0:32993
2019-08-29 09:25:54,202 [Datanode State Machine Thread - 0] INFO  ratis.XceiverServerRatis (XceiverServerRatis.java:start(403)) - XceiverServerRatis 6a7e6612-29e0-44a1-aac0-71b0e452239a is started using port 32993
2019-08-29 09:25:54,205 [Datanode State Machine Thread - 0] INFO  server.XceiverServerGrpc (XceiverServerGrpc.java:start(163)) - XceiverServerGrpc 6a7e6612-29e0-44a1-aac0-71b0e452239a is started using port 37534
2019-08-29 09:25:55,178 [main] INFO  ozone.MiniOzoneClusterImpl (MiniOzoneClusterImpl.java:lambda$waitForClusterToBeReady$0(140)) - Waiting for cluster to be ready. Got 0 of 7 DN Heartbeats.
2019-08-29 09:25:55,661 [IPC Server handler 2 on 39766] INFO  net.NetworkTopology (NetworkTopologyImpl.java:add(110)) - Added a new node: /default-rack/70943ca8-2057-43d2-a47c-49bd499a68c6
2019-08-29 09:25:55,664 [IPC Server handler 2 on 39766] INFO  node.SCMNodeManager (SCMNodeManager.java:register(273)) - Registered Data node : 70943ca8-2057-43d2-a47c-49bd499a68c6{ip: 192.168.34.42, host: pr-hdds-1054-cqztt-1934904501, networkLocation: /default-rack, certSerialId: null}
2019-08-29 09:25:55,665 [EventQueue-NodeRegistrationContainerReportForDataNodeSafeModeRule] INFO  safemode.SCMSafeModeManager (DataNodeSafeModeRule.java:process(71)) - SCM in safe mode. 1 DataNodes registered, 1 required.
2019-08-29 09:25:55,665 | INFO  | SCMAudit | user=jenkins1000 | ip=192.168.34.42 | op=REGISTER {datanodeDetails=70943ca8-2057-43d2-a47c-49bd499a68c6{ip: 192.168.34.42, host: pr-hdds-1054-cqztt-1934904501, networkLocation: /default-rack, certSerialId: null}} | ret=SUCCESS |  
2019-08-29 09:25:55,667 [EventQueue-NodeRegistrationContainerReportForDataNodeSafeModeRule] INFO  safemode.SCMSafeModeManager (SCMSafeModeManager.java:validateSafeModeExitRules(177)) - ScmSafeModeManager, all rules are successfully validated
2019-08-29 09:25:55,667 [EventQueue-NodeRegistrationContainerReportForDataNodeSafeModeRule] INFO  safemode.SCMSafeModeManager (SCMSafeModeManager.java:exitSafeMode(193)) - SCM exiting safe mode.
2019-08-29 09:25:55,680 [grpc-default-executor-0] INFO  impl.RaftServerProxy (RaftServerProxy.java:addNew(89)) - 70943ca8-2057-43d2-a47c-49bd499a68c6: addNew group-4DBC262A7512:[70943ca8-2057-43d2-a47c-49bd499a68c6:192.168.34.42:41945] returns group-4DBC262A7512:java.util.concurrent.CompletableFuture@74f7ca28[Not completed]
2019-08-29 09:25:55,682 [pool-119-thread-1] INFO  impl.RaftServerImpl (RaftServerImpl.java:<init>(93)) - 70943ca8-2057-43d2-a47c-49bd499a68c6: new RaftServerImpl for group-4DBC262A7512:[70943ca8-2057-43d2-a47c-49bd499a68c6:192.168.34.42:41945] with ContainerStateMachine:uninitialized
2019-08-29 09:25:55,682 [pool-119-thread-1] INFO  server.RaftServerConfigKeys (ConfUtils.java:logGet(43)) - raft.server.rpc.timeout.min = 5s (custom)
2019-08-29 09:25:55,682 [pool-119-thread-1] INFO  server.RaftServerConfigKeys (ConfUtils.java:logGet(43)) - raft.server.rpc.timeout.max = 5200ms (custom)
2019-08-29 09:25:55,682 [pool-119-thread-1] INFO  server.RaftServerConfigKeys (ConfUtils.java:logGet(43)) - raft.server.rpcslowness.timeout = 120s (custom)
2019-08-29 09:25:55,682 [pool-119-thread-1] INFO  server.RaftServerConfigKeys (ConfUtils.java:logGet(43)) - raft.server.sleep.deviation.threshold = 300 (default)
2019-08-29 09:25:55,682 [pool-119-thread-1] INFO  server.RaftServerConfigKeys (ConfUtils.java:logGet(43)) - raft.server.log.appender.install.snapshot.enabled = false (custom)
2019-08-29 09:25:55,683 [pool-119-thread-1] INFO  impl.RaftServerImpl (ServerState.java:<init>(105)) - 70943ca8-2057-43d2-a47c-49bd499a68c6:group-4DBC262A7512 ConfigurationManager, init=-1: [70943ca8-2057-43d2-a47c-49bd499a68c6:192.168.34.42:41945], old=null, confs=<EMPTY_MAP>
2019-08-29 09:25:55,683 [pool-119-thread-1] INFO  server.RaftServerConfigKeys (ConfUtils.java:logGet(43)) - raft.server.storage.dir = [/workdir/hadoop-ozone/integration-test/target/test-dir/MiniOzoneClusterImpl-9bf9cf36-d6cd-47fd-9c9b-dd857e6ac4dc/datanode-0/data/ratis] (custom)
2019-08-29 09:25:55,683 [pool-119-thread-1] INFO  storage.RaftStorageDirectory (RaftStorageDirectory.java:analyzeStorage(246)) - The storage directory /workdir/hadoop-ozone/integration-test/target/test-dir/MiniOzoneClusterImpl-9bf9cf36-d6cd-47fd-9c9b-dd857e6ac4dc/datanode-0/data/ratis/e4cadca5-0b0b-467b-a64c-4dbc262a7512 does not exist. Creating ...
2019-08-29 09:25:55,696 [pool-119-thread-1] INFO  storage.RaftStorageDirectory (RaftStorageDirectory.java:tryLock(328)) - Lock on /workdir/hadoop-ozone/integration-test/target/test-dir/MiniOzoneClusterImpl-9bf9cf36-d6cd-47fd-9c9b-dd857e6ac4dc/datanode-0/data/ratis/e4cadca5-0b0b-467b-a64c-4dbc262a7512/in_use.lock acquired by nodename 1112@pr-hdds-1054-cqztt-1934904501
2019-08-29 09:25:55,708 [pool-119-thread-1] INFO  storage.RaftStorage (RaftStorage.java:format(72)) - Storage directory /workdir/hadoop-ozone/integration-test/target/test-dir/MiniOzoneClusterImpl-9bf9cf36-d6cd-47fd-9c9b-dd857e6ac4dc/datanode-0/data/ratis/e4cadca5-0b0b-467b-a64c-4dbc262a7512 has been successfully formatted.
2019-08-29 09:25:55,709 [pool-119-thread-1] INFO  ratis.ContainerStateMachine (ContainerStateMachine.java:loadSnapshot(227)) - group-4DBC262A7512: The snapshot info is null. Setting the last applied indexto:(t:0, i:~)
2019-08-29 09:25:55,709 [pool-119-thread-1] INFO  server.RaftServerConfigKeys (ConfUtils.java:logGet(43)) - raft.server.leader.election.timeout = 120s (custom)
2019-08-29 09:25:55,709 [pool-119-thread-1] INFO  server.RaftServerConfigKeys (ConfUtils.java:logGet(43)) - raft.server.log.use.memory = false (default)
2019-08-29 09:25:55,709 [pool-119-thread-1] INFO  server.RaftServerConfigKeys (ConfUtils.java:logGet(43)) - raft.server.log.purge.gap = 1000000 (custom)
2019-08-29 09:25:55,709 [pool-119-thread-1] INFO  server.RaftServerConfigKeys (ConfUtils.java:logGet(43)) - raft.server.log.appender.buffer.byte-limit = 33554432 (custom)
2019-08-29 09:25:55,710 [pool-119-thread-1] INFO  server.RaftServerConfigKeys (ConfUtils.java:logGet(43)) - raft.server.log.segment.size.max = 1048576 (custom)
2019-08-29 09:25:55,710 [pool-119-thread-1] INFO  server.RaftServerConfigKeys (ConfUtils.java:logGet(43)) - raft.server.log.segment.cache.num.max = 2 (custom)
2019-08-29 09:25:55,710 [pool-119-thread-1] INFO  segmented.SegmentedRaftLogWorker (SegmentedRaftLogWorker.java:<init>(172)) - new 70943ca8-2057-43d2-a47c-49bd499a68c6-SegmentedRaftLogWorker:Storage Directory /workdir/hadoop-ozone/integration-test/target/test-dir/MiniOzoneClusterImpl-9bf9cf36-d6cd-47fd-9c9b-dd857e6ac4dc/datanode-0/data/ratis/e4cadca5-0b0b-467b-a64c-4dbc262a7512 for RaftStorage:Storage Directory /workdir/hadoop-ozone/integration-test/target/test-dir/MiniOzoneClusterImpl-9bf9cf36-d6cd-47fd-9c9b-dd857e6ac4dc/datanode-0/data/ratis/e4cadca5-0b0b-467b-a64c-4dbc262a7512
2019-08-29 09:25:55,710 [pool-119-thread-1] INFO  server.RaftServerConfigKeys (ConfUtils.java:logGet(43)) - raft.server.log.queue.byte-limit = 2147483647 (custom)
2019-08-29 09:25:55,710 [pool-119-thread-1] INFO  server.RaftServerConfigKeys (ConfUtils.java:logGet(43)) - raft.server.log.queue.element-limit = 1024 (custom)
2019-08-29 09:25:55,710 [pool-119-thread-1] INFO  server.RaftServerConfigKeys (ConfUtils.java:logGet(43)) - raft.server.log.segment.size.max = 1048576 (custom)
2019-08-29 09:25:55,711 [pool-119-thread-1] INFO  server.RaftServerConfigKeys (ConfUtils.java:logGet(43)) - raft.server.log.preallocated.size = 16384 (custom)
2019-08-29 09:25:55,711 [pool-119-thread-1] INFO  server.RaftServerConfigKeys (ConfUtils.java:logGet(43)) - raft.server.log.write.buffer.size = 33554432 (custom)
2019-08-29 09:25:55,711 [pool-119-thread-1] INFO  server.RaftServerConfigKeys (ConfUtils.java:logGet(43)) - raft.server.log.force.sync.num = 128 (default)
2019-08-29 09:25:55,711 [pool-119-thread-1] INFO  server.RaftServerConfigKeys (ConfUtils.java:logGet(43)) - raft.server.log.statemachine.data.sync = true (default)
2019-08-29 09:25:55,711 [pool-119-thread-1] INFO  server.RaftServerConfigKeys (ConfUtils.java:logGet(43)) - raft.server.log.statemachine.data.sync.timeout = 10s (default)
2019-08-29 09:25:55,711 [pool-119-thread-1] INFO  server.RaftServerConfigKeys (ConfUtils.java:logGet(43)) - raft.server.log.statemachine.data.sync.timeout.retry = -1 (default)
2019-08-29 09:25:55,711 [pool-119-thread-1] INFO  server.RaftServerConfigKeys (ConfUtils.java:logGet(43)) - raft.server.log.statemachine.data.caching.enabled = true (custom)
2019-08-29 09:25:55,712 [pool-119-thread-1] INFO  segmented.SegmentedRaftLogWorker (SegmentedRaftLogWorker.java:lambda$new$0(132)) - 70943ca8-2057-43d2-a47c-49bd499a68c6-SegmentedRaftLogWorker:Storage Directory /workdir/hadoop-ozone/integration-test/target/test-dir/MiniOzoneClusterImpl-9bf9cf36-d6cd-47fd-9c9b-dd857e6ac4dc/datanode-0/data/ratis/e4cadca5-0b0b-467b-a64c-4dbc262a7512: flushIndex: setUnconditionally 0 -> -1
2019-08-29 09:25:55,712 [pool-119-thread-1] INFO  server.RaftServerConfigKeys (ConfUtils.java:logGet(43)) - raft.server.snapshot.auto.trigger.enabled = true (custom)
2019-08-29 09:25:55,712 [pool-119-thread-1] INFO  server.RaftServerConfigKeys (ConfUtils.java:logGet(43)) - raft.server.snapshot.auto.trigger.threshold = 10000 (custom)
2019-08-29 09:25:55,712 [pool-119-thread-1] INFO  server.RaftServerConfigKeys (ConfUtils.java:logGet(43)) - raft.server.retrycache.expirytime = 600000ms (custom)
2019-08-29 09:25:55,713 [pool-119-thread-1] INFO  impl.RaftServerImpl (RaftServerImpl.java:start(180)) - 70943ca8-2057-43d2-a47c-49bd499a68c6: start group-4DBC262A7512
2019-08-29 09:25:55,713 [pool-119-thread-1] INFO  impl.RaftServerImpl (RaftServerImpl.java:setRole(171)) - 70943ca8-2057-43d2-a47c-49bd499a68c6:group-4DBC262A7512 changes role from null to FOLLOWER at term 0 for startAsFollower
2019-08-29 09:25:55,713 [pool-119-thread-1] INFO  impl.RoleInfo (RoleInfo.java:updateAndGet(143)) - 70943ca8-2057-43d2-a47c-49bd499a68c6: start FollowerState
2019-08-29 09:25:55,713 [pool-119-thread-1] INFO  util.JmxRegister (JmxRegister.java:tryRegister(44)) - Successfully registered JMX Bean with object name Ratis:service=RaftServer,group=group-4DBC262A7512,id=70943ca8-2057-43d2-a47c-49bd499a68c6
2019-08-29 09:25:55,719 [RatisPipelineUtilsThread] INFO  pipeline.PipelineStateManager (PipelineStateManager.java:addPipeline(56)) - Created pipeline Pipeline[ Id: e4cadca5-0b0b-467b-a64c-4dbc262a7512, Nodes: 70943ca8-2057-43d2-a47c-49bd499a68c6{ip: 192.168.34.42, host: pr-hdds-1054-cqztt-1934904501, networkLocation: /default-rack, certSerialId: null}, Type:RATIS, Factor:ONE, State:OPEN]
2019-08-29 09:25:55,753 [IPC Server handler 4 on 39766] INFO  net.NetworkTopology (NetworkTopologyImpl.java:add(110)) - Added a new node: /default-rack/37345188-c291-4188-a3e3-b30ff541eb85
2019-08-29 09:25:55,753 [IPC Server handler 4 on 39766] INFO  node.SCMNodeManager (SCMNodeManager.java:register(273)) - Registered Data node : 37345188-c291-4188-a3e3-b30ff541eb85{ip: 192.168.34.42, host: pr-hdds-1054-cqztt-1934904501, networkLocation: /default-rack, certSerialId: null}
2019-08-29 09:25:55,753 | INFO  | SCMAudit | user=jenkins1000 | ip=192.168.34.42 | op=REGISTER {datanodeDetails=37345188-c291-4188-a3e3-b30ff541eb85{ip: 192.168.34.42, host: pr-hdds-1054-cqztt-1934904501, networkLocation: /default-rack, certSerialId: null}} | ret=SUCCESS |  
2019-08-29 09:25:55,762 [grpc-default-executor-0] INFO  impl.RaftServerProxy (RaftServerProxy.java:addNew(89)) - 37345188-c291-4188-a3e3-b30ff541eb85: addNew group-1C64AB9D07F1:[37345188-c291-4188-a3e3-b30ff541eb85:192.168.34.42:35363] returns group-1C64AB9D07F1:java.util.concurrent.CompletableFuture@4e2f74cb[Not completed]
2019-08-29 09:25:55,768 [pool-129-thread-1] INFO  impl.RaftServerImpl (RaftServerImpl.java:<init>(93)) - 37345188-c291-4188-a3e3-b30ff541eb85: new RaftServerImpl for group-1C64AB9D07F1:[37345188-c291-4188-a3e3-b30ff541eb85:192.168.34.42:35363] with ContainerStateMachine:uninitialized
2019-08-29 09:25:55,769 [pool-129-thread-1] INFO  server.RaftServerConfigKeys (ConfUtils.java:logGet(43)) - raft.server.rpc.timeout.min = 5s (custom)
2019-08-29 09:25:55,769 [pool-129-thread-1] INFO  server.RaftServerConfigKeys (ConfUtils.java:logGet(43)) - raft.server.rpc.timeout.max = 5200ms (custom)
2019-08-29 09:25:55,769 [pool-129-thread-1] INFO  server.RaftServerConfigKeys (ConfUtils.java:logGet(43)) - raft.server.rpcslowness.timeout = 120s (custom)
2019-08-29 09:25:55,769 [pool-129-thread-1] INFO  server.RaftServerConfigKeys (ConfUtils.java:logGet(43)) - raft.server.sleep.deviation.threshold = 300 (default)
2019-08-29 09:25:55,769 [pool-129-thread-1] INFO  server.RaftServerConfigKeys (ConfUtils.java:logGet(43)) - raft.server.log.appender.install.snapshot.enabled = false (custom)
2019-08-29 09:25:55,770 [pool-129-thread-1] INFO  impl.RaftServerImpl (ServerState.java:<init>(105)) - 37345188-c291-4188-a3e3-b30ff541eb85:group-1C64AB9D07F1 ConfigurationManager, init=-1: [37345188-c291-4188-a3e3-b30ff541eb85:192.168.34.42:35363], old=null, confs=<EMPTY_MAP>
2019-08-29 09:25:55,770 [pool-129-thread-1] INFO  server.RaftServerConfigKeys (ConfUtils.java:logGet(43)) - raft.server.storage.dir = [/workdir/hadoop-ozone/integration-test/target/test-dir/MiniOzoneClusterImpl-9bf9cf36-d6cd-47fd-9c9b-dd857e6ac4dc/datanode-1/data/ratis] (custom)
2019-08-29 09:25:55,770 [pool-129-thread-1] INFO  storage.RaftStorageDirectory (RaftStorageDirectory.java:analyzeStorage(246)) - The storage directory /workdir/hadoop-ozone/integration-test/target/test-dir/MiniOzoneClusterImpl-9bf9cf36-d6cd-47fd-9c9b-dd857e6ac4dc/datanode-1/data/ratis/5b3b92f6-2231-4ec9-9788-1c64ab9d07f1 does not exist. Creating ...
2019-08-29 09:25:55,784 [pool-129-thread-1] INFO  storage.RaftStorageDirectory (RaftStorageDirectory.java:tryLock(328)) - Lock on /workdir/hadoop-ozone/integration-test/target/test-dir/MiniOzoneClusterImpl-9bf9cf36-d6cd-47fd-9c9b-dd857e6ac4dc/datanode-1/data/ratis/5b3b92f6-2231-4ec9-9788-1c64ab9d07f1/in_use.lock acquired by nodename 1112@pr-hdds-1054-cqztt-1934904501
2019-08-29 09:25:55,797 [pool-129-thread-1] INFO  storage.RaftStorage (RaftStorage.java:format(72)) - Storage directory /workdir/hadoop-ozone/integration-test/target/test-dir/MiniOzoneClusterImpl-9bf9cf36-d6cd-47fd-9c9b-dd857e6ac4dc/datanode-1/data/ratis/5b3b92f6-2231-4ec9-9788-1c64ab9d07f1 has been successfully formatted.
2019-08-29 09:25:55,798 [pool-129-thread-1] INFO  ratis.ContainerStateMachine (ContainerStateMachine.java:loadSnapshot(227)) - group-1C64AB9D07F1: The snapshot info is null. Setting the last applied indexto:(t:0, i:~)
2019-08-29 09:25:55,798 [pool-129-thread-1] INFO  server.RaftServerConfigKeys (ConfUtils.java:logGet(43)) - raft.server.leader.election.timeout = 120s (custom)
2019-08-29 09:25:55,798 [pool-129-thread-1] INFO  server.RaftServerConfigKeys (ConfUtils.java:logGet(43)) - raft.server.log.use.memory = false (default)
2019-08-29 09:25:55,799 [pool-129-thread-1] INFO  server.RaftServerConfigKeys (ConfUtils.java:logGet(43)) - raft.server.log.purge.gap = 1000000 (custom)
2019-08-29 09:25:55,799 [pool-129-thread-1] INFO  server.RaftServerConfigKeys (ConfUtils.java:logGet(43)) - raft.server.log.appender.buffer.byte-limit = 33554432 (custom)
2019-08-29 09:25:55,799 [pool-129-thread-1] INFO  server.RaftServerConfigKeys (ConfUtils.java:logGet(43)) - raft.server.log.segment.size.max = 1048576 (custom)
2019-08-29 09:25:55,799 [pool-129-thread-1] INFO  server.RaftServerConfigKeys (ConfUtils.java:logGet(43)) - raft.server.log.segment.cache.num.max = 2 (custom)
2019-08-29 09:25:55,799 [pool-129-thread-1] INFO  segmented.SegmentedRaftLogWorker (SegmentedRaftLogWorker.java:<init>(172)) - new 37345188-c291-4188-a3e3-b30ff541eb85-SegmentedRaftLogWorker:Storage Directory /workdir/hadoop-ozone/integration-test/target/test-dir/MiniOzoneClusterImpl-9bf9cf36-d6cd-47fd-9c9b-dd857e6ac4dc/datanode-1/data/ratis/5b3b92f6-2231-4ec9-9788-1c64ab9d07f1 for RaftStorage:Storage Directory /workdir/hadoop-ozone/integration-test/target/test-dir/MiniOzoneClusterImpl-9bf9cf36-d6cd-47fd-9c9b-dd857e6ac4dc/datanode-1/data/ratis/5b3b92f6-2231-4ec9-9788-1c64ab9d07f1
2019-08-29 09:25:55,800 [pool-129-thread-1] INFO  server.RaftServerConfigKeys (ConfUtils.java:logGet(43)) - raft.server.log.queue.byte-limit = 2147483647 (custom)
2019-08-29 09:25:55,800 [pool-129-thread-1] INFO  server.RaftServerConfigKeys (ConfUtils.java:logGet(43)) - raft.server.log.queue.element-limit = 1024 (custom)
2019-08-29 09:25:55,800 [pool-129-thread-1] INFO  server.RaftServerConfigKeys (ConfUtils.java:logGet(43)) - raft.server.log.segment.size.max = 1048576 (custom)
2019-08-29 09:25:55,800 [pool-129-thread-1] INFO  server.RaftServerConfigKeys (ConfUtils.java:logGet(43)) - raft.server.log.preallocated.size = 16384 (custom)
2019-08-29 09:25:55,800 [pool-129-thread-1] INFO  server.RaftServerConfigKeys (ConfUtils.java:logGet(43)) - raft.server.log.write.buffer.size = 33554432 (custom)
2019-08-29 09:25:55,801 [pool-129-thread-1] INFO  server.RaftServerConfigKeys (ConfUtils.java:logGet(43)) - raft.server.log.force.sync.num = 128 (default)
2019-08-29 09:25:55,801 [pool-129-thread-1] INFO  server.RaftServerConfigKeys (ConfUtils.java:logGet(43)) - raft.server.log.statemachine.data.sync = true (default)
2019-08-29 09:25:55,801 [pool-129-thread-1] INFO  server.RaftServerConfigKeys (ConfUtils.java:logGet(43)) - raft.server.log.statemachine.data.sync.timeout = 10s (default)
2019-08-29 09:25:55,801 [pool-129-thread-1] INFO  server.RaftServerConfigKeys (ConfUtils.java:logGet(43)) - raft.server.log.statemachine.data.sync.timeout.retry = -1 (default)
2019-08-29 09:25:55,802 [pool-129-thread-1] INFO  server.RaftServerConfigKeys (ConfUtils.java:logGet(43)) - raft.server.log.statemachine.data.caching.enabled = true (custom)
2019-08-29 09:25:55,802 [pool-129-thread-1] INFO  segmented.SegmentedRaftLogWorker (SegmentedRaftLogWorker.java:lambda$new$0(132)) - 37345188-c291-4188-a3e3-b30ff541eb85-SegmentedRaftLogWorker:Storage Directory /workdir/hadoop-ozone/integration-test/target/test-dir/MiniOzoneClusterImpl-9bf9cf36-d6cd-47fd-9c9b-dd857e6ac4dc/datanode-1/data/ratis/5b3b92f6-2231-4ec9-9788-1c64ab9d07f1: flushIndex: setUnconditionally 0 -> -1
2019-08-29 09:25:55,803 [pool-129-thread-1] INFO  server.RaftServerConfigKeys (ConfUtils.java:logGet(43)) - raft.server.snapshot.auto.trigger.enabled = true (custom)
2019-08-29 09:25:55,803 [pool-129-thread-1] INFO  server.RaftServerConfigKeys (ConfUtils.java:logGet(43)) - raft.server.snapshot.auto.trigger.threshold = 10000 (custom)
2019-08-29 09:25:55,803 [pool-129-thread-1] INFO  server.RaftServerConfigKeys (ConfUtils.java:logGet(43)) - raft.server.retrycache.expirytime = 600000ms (custom)
2019-08-29 09:25:55,803 [pool-129-thread-1] INFO  impl.RaftServerImpl (RaftServerImpl.java:start(180)) - 37345188-c291-4188-a3e3-b30ff541eb85: start group-1C64AB9D07F1
2019-08-29 09:25:55,803 [pool-129-thread-1] INFO  impl.RaftServerImpl (RaftServerImpl.java:setRole(171)) - 37345188-c291-4188-a3e3-b30ff541eb85:group-1C64AB9D07F1 changes role from null to FOLLOWER at term 0 for startAsFollower
2019-08-29 09:25:55,804 [pool-129-thread-1] INFO  impl.RoleInfo (RoleInfo.java:updateAndGet(143)) - 37345188-c291-4188-a3e3-b30ff541eb85: start FollowerState
2019-08-29 09:25:55,804 [pool-129-thread-1] INFO  util.JmxRegister (JmxRegister.java:tryRegister(44)) - Successfully registered JMX Bean with object name Ratis:service=RaftServer,group=group-1C64AB9D07F1,id=37345188-c291-4188-a3e3-b30ff541eb85
2019-08-29 09:25:55,811 [RatisPipelineUtilsThread] INFO  pipeline.PipelineStateManager (PipelineStateManager.java:addPipeline(56)) - Created pipeline Pipeline[ Id: 5b3b92f6-2231-4ec9-9788-1c64ab9d07f1, Nodes: 37345188-c291-4188-a3e3-b30ff541eb85{ip: 192.168.34.42, host: pr-hdds-1054-cqztt-1934904501, networkLocation: /default-rack, certSerialId: null}, Type:RATIS, Factor:ONE, State:OPEN]
2019-08-29 09:25:55,826 [IPC Server handler 5 on 39766] INFO  net.NetworkTopology (NetworkTopologyImpl.java:add(110)) - Added a new node: /default-rack/34149fcb-7fd9-43b7-9e6c-7ef931619a7b
2019-08-29 09:25:55,826 [IPC Server handler 5 on 39766] INFO  node.SCMNodeManager (SCMNodeManager.java:register(273)) - Registered Data node : 34149fcb-7fd9-43b7-9e6c-7ef931619a7b{ip: 192.168.34.42, host: pr-hdds-1054-cqztt-1934904501, networkLocation: /default-rack, certSerialId: null}
2019-08-29 09:25:55,826 | INFO  | SCMAudit | user=jenkins1000 | ip=192.168.34.42 | op=REGISTER {datanodeDetails=34149fcb-7fd9-43b7-9e6c-7ef931619a7b{ip: 192.168.34.42, host: pr-hdds-1054-cqztt-1934904501, networkLocation: /default-rack, certSerialId: null}} | ret=SUCCESS |  
2019-08-29 09:25:55,834 [grpc-default-executor-0] INFO  impl.RaftServerProxy (RaftServerProxy.java:addNew(89)) - 34149fcb-7fd9-43b7-9e6c-7ef931619a7b: addNew group-BB9350314F7F:[34149fcb-7fd9-43b7-9e6c-7ef931619a7b:192.168.34.42:35023] returns group-BB9350314F7F:java.util.concurrent.CompletableFuture@4a4443f1[Not completed]
2019-08-29 09:25:55,840 [pool-139-thread-1] INFO  impl.RaftServerImpl (RaftServerImpl.java:<init>(93)) - 34149fcb-7fd9-43b7-9e6c-7ef931619a7b: new RaftServerImpl for group-BB9350314F7F:[34149fcb-7fd9-43b7-9e6c-7ef931619a7b:192.168.34.42:35023] with ContainerStateMachine:uninitialized
2019-08-29 09:25:55,840 [pool-139-thread-1] INFO  server.RaftServerConfigKeys (ConfUtils.java:logGet(43)) - raft.server.rpc.timeout.min = 5s (custom)
2019-08-29 09:25:55,841 [pool-139-thread-1] INFO  server.RaftServerConfigKeys (ConfUtils.java:logGet(43)) - raft.server.rpc.timeout.max = 5200ms (custom)
2019-08-29 09:25:55,841 [pool-139-thread-1] INFO  server.RaftServerConfigKeys (ConfUtils.java:logGet(43)) - raft.server.rpcslowness.timeout = 120s (custom)
2019-08-29 09:25:55,841 [pool-139-thread-1] INFO  server.RaftServerConfigKeys (ConfUtils.java:logGet(43)) - raft.server.sleep.deviation.threshold = 300 (default)
2019-08-29 09:25:55,841 [pool-139-thread-1] INFO  server.RaftServerConfigKeys (ConfUtils.java:logGet(43)) - raft.server.log.appender.install.snapshot.enabled = false (custom)
2019-08-29 09:25:55,841 [pool-139-thread-1] INFO  impl.RaftServerImpl (ServerState.java:<init>(105)) - 34149fcb-7fd9-43b7-9e6c-7ef931619a7b:group-BB9350314F7F ConfigurationManager, init=-1: [34149fcb-7fd9-43b7-9e6c-7ef931619a7b:192.168.34.42:35023], old=null, confs=<EMPTY_MAP>
2019-08-29 09:25:55,841 [pool-139-thread-1] INFO  server.RaftServerConfigKeys (ConfUtils.java:logGet(43)) - raft.server.storage.dir = [/workdir/hadoop-ozone/integration-test/target/test-dir/MiniOzoneClusterImpl-9bf9cf36-d6cd-47fd-9c9b-dd857e6ac4dc/datanode-2/data/ratis] (custom)
2019-08-29 09:25:55,842 [pool-139-thread-1] INFO  storage.RaftStorageDirectory (RaftStorageDirectory.java:analyzeStorage(246)) - The storage directory /workdir/hadoop-ozone/integration-test/target/test-dir/MiniOzoneClusterImpl-9bf9cf36-d6cd-47fd-9c9b-dd857e6ac4dc/datanode-2/data/ratis/ae011b9c-b0d8-4f6b-8d62-bb9350314f7f does not exist. Creating ...
2019-08-29 09:25:55,855 [pool-139-thread-1] INFO  storage.RaftStorageDirectory (RaftStorageDirectory.java:tryLock(328)) - Lock on /workdir/hadoop-ozone/integration-test/target/test-dir/MiniOzoneClusterImpl-9bf9cf36-d6cd-47fd-9c9b-dd857e6ac4dc/datanode-2/data/ratis/ae011b9c-b0d8-4f6b-8d62-bb9350314f7f/in_use.lock acquired by nodename 1112@pr-hdds-1054-cqztt-1934904501
2019-08-29 09:25:55,872 [pool-139-thread-1] INFO  storage.RaftStorage (RaftStorage.java:format(72)) - Storage directory /workdir/hadoop-ozone/integration-test/target/test-dir/MiniOzoneClusterImpl-9bf9cf36-d6cd-47fd-9c9b-dd857e6ac4dc/datanode-2/data/ratis/ae011b9c-b0d8-4f6b-8d62-bb9350314f7f has been successfully formatted.
2019-08-29 09:25:55,872 [pool-139-thread-1] INFO  ratis.ContainerStateMachine (ContainerStateMachine.java:loadSnapshot(227)) - group-BB9350314F7F: The snapshot info is null. Setting the last applied indexto:(t:0, i:~)
2019-08-29 09:25:55,873 [pool-139-thread-1] INFO  server.RaftServerConfigKeys (ConfUtils.java:logGet(43)) - raft.server.leader.election.timeout = 120s (custom)
2019-08-29 09:25:55,873 [pool-139-thread-1] INFO  server.RaftServerConfigKeys (ConfUtils.java:logGet(43)) - raft.server.log.use.memory = false (default)
2019-08-29 09:25:55,873 [pool-139-thread-1] INFO  server.RaftServerConfigKeys (ConfUtils.java:logGet(43)) - raft.server.log.purge.gap = 1000000 (custom)
2019-08-29 09:25:55,873 [pool-139-thread-1] INFO  server.RaftServerConfigKeys (ConfUtils.java:logGet(43)) - raft.server.log.appender.buffer.byte-limit = 33554432 (custom)
2019-08-29 09:25:55,873 [pool-139-thread-1] INFO  server.RaftServerConfigKeys (ConfUtils.java:logGet(43)) - raft.server.log.segment.size.max = 1048576 (custom)
2019-08-29 09:25:55,873 [pool-139-thread-1] INFO  server.RaftServerConfigKeys (ConfUtils.java:logGet(43)) - raft.server.log.segment.cache.num.max = 2 (custom)
2019-08-29 09:25:55,874 [pool-139-thread-1] INFO  segmented.SegmentedRaftLogWorker (SegmentedRaftLogWorker.java:<init>(172)) - new 34149fcb-7fd9-43b7-9e6c-7ef931619a7b-SegmentedRaftLogWorker:Storage Directory /workdir/hadoop-ozone/integration-test/target/test-dir/MiniOzoneClusterImpl-9bf9cf36-d6cd-47fd-9c9b-dd857e6ac4dc/datanode-2/data/ratis/ae011b9c-b0d8-4f6b-8d62-bb9350314f7f for RaftStorage:Storage Directory /workdir/hadoop-ozone/integration-test/target/test-dir/MiniOzoneClusterImpl-9bf9cf36-d6cd-47fd-9c9b-dd857e6ac4dc/datanode-2/data/ratis/ae011b9c-b0d8-4f6b-8d62-bb9350314f7f
2019-08-29 09:25:55,874 [pool-139-thread-1] INFO  server.RaftServerConfigKeys (ConfUtils.java:logGet(43)) - raft.server.log.queue.byte-limit = 2147483647 (custom)
2019-08-29 09:25:55,874 [pool-139-thread-1] INFO  server.RaftServerConfigKeys (ConfUtils.java:logGet(43)) - raft.server.log.queue.element-limit = 1024 (custom)
2019-08-29 09:25:55,874 [pool-139-thread-1] INFO  server.RaftServerConfigKeys (ConfUtils.java:logGet(43)) - raft.server.log.segment.size.max = 1048576 (custom)
2019-08-29 09:25:55,874 [pool-139-thread-1] INFO  server.RaftServerConfigKeys (ConfUtils.java:logGet(43)) - raft.server.log.preallocated.size = 16384 (custom)
2019-08-29 09:25:55,875 [pool-139-thread-1] INFO  server.RaftServerConfigKeys (ConfUtils.java:logGet(43)) - raft.server.log.write.buffer.size = 33554432 (custom)
2019-08-29 09:25:55,875 [pool-139-thread-1] INFO  server.RaftServerConfigKeys (ConfUtils.java:logGet(43)) - raft.server.log.force.sync.num = 128 (default)
2019-08-29 09:25:55,875 [pool-139-thread-1] INFO  server.RaftServerConfigKeys (ConfUtils.java:logGet(43)) - raft.server.log.statemachine.data.sync = true (default)
2019-08-29 09:25:55,875 [pool-139-thread-1] INFO  server.RaftServerConfigKeys (ConfUtils.java:logGet(43)) - raft.server.log.statemachine.data.sync.timeout = 10s (default)
2019-08-29 09:25:55,875 [pool-139-thread-1] INFO  server.RaftServerConfigKeys (ConfUtils.java:logGet(43)) - raft.server.log.statemachine.data.sync.timeout.retry = -1 (default)
2019-08-29 09:25:55,876 [pool-139-thread-1] INFO  server.RaftServerConfigKeys (ConfUtils.java:logGet(43)) - raft.server.log.statemachine.data.caching.enabled = true (custom)
2019-08-29 09:25:55,876 [pool-139-thread-1] INFO  segmented.SegmentedRaftLogWorker (SegmentedRaftLogWorker.java:lambda$new$0(132)) - 34149fcb-7fd9-43b7-9e6c-7ef931619a7b-SegmentedRaftLogWorker:Storage Directory /workdir/hadoop-ozone/integration-test/target/test-dir/MiniOzoneClusterImpl-9bf9cf36-d6cd-47fd-9c9b-dd857e6ac4dc/datanode-2/data/ratis/ae011b9c-b0d8-4f6b-8d62-bb9350314f7f: flushIndex: setUnconditionally 0 -> -1
2019-08-29 09:25:55,876 [pool-139-thread-1] INFO  server.RaftServerConfigKeys (ConfUtils.java:logGet(43)) - raft.server.snapshot.auto.trigger.enabled = true (custom)
2019-08-29 09:25:55,876 [pool-139-thread-1] INFO  server.RaftServerConfigKeys (ConfUtils.java:logGet(43)) - raft.server.snapshot.auto.trigger.threshold = 10000 (custom)
2019-08-29 09:25:55,877 [pool-139-thread-1] INFO  server.RaftServerConfigKeys (ConfUtils.java:logGet(43)) - raft.server.retrycache.expirytime = 600000ms (custom)
2019-08-29 09:25:55,877 [pool-139-thread-1] INFO  impl.RaftServerImpl (RaftServerImpl.java:start(180)) - 34149fcb-7fd9-43b7-9e6c-7ef931619a7b: start group-BB9350314F7F
2019-08-29 09:25:55,877 [pool-139-thread-1] INFO  impl.RaftServerImpl (RaftServerImpl.java:setRole(171)) - 34149fcb-7fd9-43b7-9e6c-7ef931619a7b:group-BB9350314F7F changes role from null to FOLLOWER at term 0 for startAsFollower
2019-08-29 09:25:55,877 [pool-139-thread-1] INFO  impl.RoleInfo (RoleInfo.java:updateAndGet(143)) - 34149fcb-7fd9-43b7-9e6c-7ef931619a7b: start FollowerState
2019-08-29 09:25:55,878 [pool-139-thread-1] INFO  util.JmxRegister (JmxRegister.java:tryRegister(44)) - Successfully registered JMX Bean with object name Ratis:service=RaftServer,group=group-BB9350314F7F,id=34149fcb-7fd9-43b7-9e6c-7ef931619a7b
2019-08-29 09:25:55,882 [RatisPipelineUtilsThread] INFO  pipeline.PipelineStateManager (PipelineStateManager.java:addPipeline(56)) - Created pipeline Pipeline[ Id: ae011b9c-b0d8-4f6b-8d62-bb9350314f7f, Nodes: 34149fcb-7fd9-43b7-9e6c-7ef931619a7b{ip: 192.168.34.42, host: pr-hdds-1054-cqztt-1934904501, networkLocation: /default-rack, certSerialId: null}, Type:RATIS, Factor:ONE, State:OPEN]
2019-08-29 09:25:55,900 [IPC Server handler 6 on 39766] INFO  net.NetworkTopology (NetworkTopologyImpl.java:add(110)) - Added a new node: /default-rack/acfe46ce-d7f7-44ce-ad8e-18450e3ff75e
2019-08-29 09:25:55,900 [IPC Server handler 6 on 39766] INFO  node.SCMNodeManager (SCMNodeManager.java:register(273)) - Registered Data node : acfe46ce-d7f7-44ce-ad8e-18450e3ff75e{ip: 192.168.34.42, host: pr-hdds-1054-cqztt-1934904501, networkLocation: /default-rack, certSerialId: null}
2019-08-29 09:25:55,900 | INFO  | SCMAudit | user=jenkins1000 | ip=192.168.34.42 | op=REGISTER {datanodeDetails=acfe46ce-d7f7-44ce-ad8e-18450e3ff75e{ip: 192.168.34.42, host: pr-hdds-1054-cqztt-1934904501, networkLocation: /default-rack, certSerialId: null}} | ret=SUCCESS |  
2019-08-29 09:25:55,901 [grpc-default-executor-3] INFO  impl.RaftServerProxy (RaftServerProxy.java:addNew(89)) - 34149fcb-7fd9-43b7-9e6c-7ef931619a7b: addNew group-798370A2A1FE:[34149fcb-7fd9-43b7-9e6c-7ef931619a7b:192.168.34.42:35023, 70943ca8-2057-43d2-a47c-49bd499a68c6:192.168.34.42:41945, 37345188-c291-4188-a3e3-b30ff541eb85:192.168.34.42:35363] returns group-798370A2A1FE:java.util.concurrent.CompletableFuture@6e4b56d3[Not completed]
2019-08-29 09:25:55,901 [grpc-default-executor-1] INFO  impl.RaftServerProxy (RaftServerProxy.java:addNew(89)) - 37345188-c291-4188-a3e3-b30ff541eb85: addNew group-798370A2A1FE:[34149fcb-7fd9-43b7-9e6c-7ef931619a7b:192.168.34.42:35023, 70943ca8-2057-43d2-a47c-49bd499a68c6:192.168.34.42:41945, 37345188-c291-4188-a3e3-b30ff541eb85:192.168.34.42:35363] returns group-798370A2A1FE:java.util.concurrent.CompletableFuture@660ed224[Not completed]
2019-08-29 09:25:55,901 [grpc-default-executor-0] INFO  impl.RaftServerProxy (RaftServerProxy.java:addNew(89)) - 70943ca8-2057-43d2-a47c-49bd499a68c6: addNew group-798370A2A1FE:[34149fcb-7fd9-43b7-9e6c-7ef931619a7b:192.168.34.42:35023, 70943ca8-2057-43d2-a47c-49bd499a68c6:192.168.34.42:41945, 37345188-c291-4188-a3e3-b30ff541eb85:192.168.34.42:35363] returns group-798370A2A1FE:java.util.concurrent.CompletableFuture@61289f3c[Not completed]
2019-08-29 09:25:55,903 [pool-139-thread-1] INFO  impl.RaftServerImpl (RaftServerImpl.java:<init>(93)) - 34149fcb-7fd9-43b7-9e6c-7ef931619a7b: new RaftServerImpl for group-798370A2A1FE:[34149fcb-7fd9-43b7-9e6c-7ef931619a7b:192.168.34.42:35023, 70943ca8-2057-43d2-a47c-49bd499a68c6:192.168.34.42:41945, 37345188-c291-4188-a3e3-b30ff541eb85:192.168.34.42:35363] with ContainerStateMachine:uninitialized
2019-08-29 09:25:55,903 [pool-139-thread-1] INFO  server.RaftServerConfigKeys (ConfUtils.java:logGet(43)) - raft.server.rpc.timeout.min = 5s (custom)
2019-08-29 09:25:55,904 [pool-139-thread-1] INFO  server.RaftServerConfigKeys (ConfUtils.java:logGet(43)) - raft.server.rpc.timeout.max = 5200ms (custom)
2019-08-29 09:25:55,904 [pool-139-thread-1] INFO  server.RaftServerConfigKeys (ConfUtils.java:logGet(43)) - raft.server.rpcslowness.timeout = 120s (custom)
2019-08-29 09:25:55,904 [pool-139-thread-1] INFO  server.RaftServerConfigKeys (ConfUtils.java:logGet(43)) - raft.server.sleep.deviation.threshold = 300 (default)
2019-08-29 09:25:55,904 [pool-139-thread-1] INFO  server.RaftServerConfigKeys (ConfUtils.java:logGet(43)) - raft.server.log.appender.install.snapshot.enabled = false (custom)
2019-08-29 09:25:55,904 [pool-139-thread-1] INFO  impl.RaftServerImpl (ServerState.java:<init>(105)) - 34149fcb-7fd9-43b7-9e6c-7ef931619a7b:group-798370A2A1FE ConfigurationManager, init=-1: [34149fcb-7fd9-43b7-9e6c-7ef931619a7b:192.168.34.42:35023, 70943ca8-2057-43d2-a47c-49bd499a68c6:192.168.34.42:41945, 37345188-c291-4188-a3e3-b30ff541eb85:192.168.34.42:35363], old=null, confs=<EMPTY_MAP>
2019-08-29 09:25:55,905 [pool-139-thread-1] INFO  server.RaftServerConfigKeys (ConfUtils.java:logGet(43)) - raft.server.storage.dir = [/workdir/hadoop-ozone/integration-test/target/test-dir/MiniOzoneClusterImpl-9bf9cf36-d6cd-47fd-9c9b-dd857e6ac4dc/datanode-2/data/ratis] (custom)
2019-08-29 09:25:55,905 [pool-119-thread-1] INFO  impl.RaftServerImpl (RaftServerImpl.java:<init>(93)) - 70943ca8-2057-43d2-a47c-49bd499a68c6: new RaftServerImpl for group-798370A2A1FE:[34149fcb-7fd9-43b7-9e6c-7ef931619a7b:192.168.34.42:35023, 70943ca8-2057-43d2-a47c-49bd499a68c6:192.168.34.42:41945, 37345188-c291-4188-a3e3-b30ff541eb85:192.168.34.42:35363] with ContainerStateMachine:uninitialized
2019-08-29 09:25:55,905 [pool-119-thread-1] INFO  server.RaftServerConfigKeys (ConfUtils.java:logGet(43)) - raft.server.rpc.timeout.min = 5s (custom)
2019-08-29 09:25:55,905 [pool-139-thread-1] INFO  storage.RaftStorageDirectory (RaftStorageDirectory.java:analyzeStorage(246)) - The storage directory /workdir/hadoop-ozone/integration-test/target/test-dir/MiniOzoneClusterImpl-9bf9cf36-d6cd-47fd-9c9b-dd857e6ac4dc/datanode-2/data/ratis/cd8521cc-7979-48a6-a7b1-798370a2a1fe does not exist. Creating ...
2019-08-29 09:25:55,905 [pool-119-thread-1] INFO  server.RaftServerConfigKeys (ConfUtils.java:logGet(43)) - raft.server.rpc.timeout.max = 5200ms (custom)
2019-08-29 09:25:55,905 [pool-129-thread-1] INFO  impl.RaftServerImpl (RaftServerImpl.java:<init>(93)) - 37345188-c291-4188-a3e3-b30ff541eb85: new RaftServerImpl for group-798370A2A1FE:[34149fcb-7fd9-43b7-9e6c-7ef931619a7b:192.168.34.42:35023, 70943ca8-2057-43d2-a47c-49bd499a68c6:192.168.34.42:41945, 37345188-c291-4188-a3e3-b30ff541eb85:192.168.34.42:35363] with ContainerStateMachine:uninitialized
2019-08-29 09:25:55,906 [pool-119-thread-1] INFO  server.RaftServerConfigKeys (ConfUtils.java:logGet(43)) - raft.server.rpcslowness.timeout = 120s (custom)
2019-08-29 09:25:55,906 [pool-129-thread-1] INFO  server.RaftServerConfigKeys (ConfUtils.java:logGet(43)) - raft.server.rpc.timeout.min = 5s (custom)
2019-08-29 09:25:55,906 [pool-119-thread-1] INFO  server.RaftServerConfigKeys (ConfUtils.java:logGet(43)) - raft.server.sleep.deviation.threshold = 300 (default)
2019-08-29 09:25:55,906 [pool-129-thread-1] INFO  server.RaftServerConfigKeys (ConfUtils.java:logGet(43)) - raft.server.rpc.timeout.max = 5200ms (custom)
2019-08-29 09:25:55,906 [pool-119-thread-1] INFO  server.RaftServerConfigKeys (ConfUtils.java:logGet(43)) - raft.server.log.appender.install.snapshot.enabled = false (custom)
2019-08-29 09:25:55,906 [pool-129-thread-1] INFO  server.RaftServerConfigKeys (ConfUtils.java:logGet(43)) - raft.server.rpcslowness.timeout = 120s (custom)
2019-08-29 09:25:55,906 [pool-119-thread-1] INFO  impl.RaftServerImpl (ServerState.java:<init>(105)) - 70943ca8-2057-43d2-a47c-49bd499a68c6:group-798370A2A1FE ConfigurationManager, init=-1: [34149fcb-7fd9-43b7-9e6c-7ef931619a7b:192.168.34.42:35023, 70943ca8-2057-43d2-a47c-49bd499a68c6:192.168.34.42:41945, 37345188-c291-4188-a3e3-b30ff541eb85:192.168.34.42:35363], old=null, confs=<EMPTY_MAP>
2019-08-29 09:25:55,906 [pool-129-thread-1] INFO  server.RaftServerConfigKeys (ConfUtils.java:logGet(43)) - raft.server.sleep.deviation.threshold = 300 (default)
2019-08-29 09:25:55,907 [pool-129-thread-1] INFO  server.RaftServerConfigKeys (ConfUtils.java:logGet(43)) - raft.server.log.appender.install.snapshot.enabled = false (custom)
2019-08-29 09:25:55,907 [pool-119-thread-1] INFO  server.RaftServerConfigKeys (ConfUtils.java:logGet(43)) - raft.server.storage.dir = [/workdir/hadoop-ozone/integration-test/target/test-dir/MiniOzoneClusterImpl-9bf9cf36-d6cd-47fd-9c9b-dd857e6ac4dc/datanode-0/data/ratis] (custom)
2019-08-29 09:25:55,907 [pool-129-thread-1] INFO  impl.RaftServerImpl (ServerState.java:<init>(105)) - 37345188-c291-4188-a3e3-b30ff541eb85:group-798370A2A1FE ConfigurationManager, init=-1: [34149fcb-7fd9-43b7-9e6c-7ef931619a7b:192.168.34.42:35023, 70943ca8-2057-43d2-a47c-49bd499a68c6:192.168.34.42:41945, 37345188-c291-4188-a3e3-b30ff541eb85:192.168.34.42:35363], old=null, confs=<EMPTY_MAP>
2019-08-29 09:25:55,907 [pool-129-thread-1] INFO  server.RaftServerConfigKeys (ConfUtils.java:logGet(43)) - raft.server.storage.dir = [/workdir/hadoop-ozone/integration-test/target/test-dir/MiniOzoneClusterImpl-9bf9cf36-d6cd-47fd-9c9b-dd857e6ac4dc/datanode-1/data/ratis] (custom)
2019-08-29 09:25:55,907 [pool-119-thread-1] INFO  storage.RaftStorageDirectory (RaftStorageDirectory.java:analyzeStorage(246)) - The storage directory /workdir/hadoop-ozone/integration-test/target/test-dir/MiniOzoneClusterImpl-9bf9cf36-d6cd-47fd-9c9b-dd857e6ac4dc/datanode-0/data/ratis/cd8521cc-7979-48a6-a7b1-798370a2a1fe does not exist. Creating ...
2019-08-29 09:25:55,907 [pool-129-thread-1] INFO  storage.RaftStorageDirectory (RaftStorageDirectory.java:analyzeStorage(246)) - The storage directory /workdir/hadoop-ozone/integration-test/target/test-dir/MiniOzoneClusterImpl-9bf9cf36-d6cd-47fd-9c9b-dd857e6ac4dc/datanode-1/data/ratis/cd8521cc-7979-48a6-a7b1-798370a2a1fe does not exist. Creating ...
2019-08-29 09:25:55,919 [pool-119-thread-1] INFO  storage.RaftStorageDirectory (RaftStorageDirectory.java:tryLock(328)) - Lock on /workdir/hadoop-ozone/integration-test/target/test-dir/MiniOzoneClusterImpl-9bf9cf36-d6cd-47fd-9c9b-dd857e6ac4dc/datanode-0/data/ratis/cd8521cc-7979-48a6-a7b1-798370a2a1fe/in_use.lock acquired by nodename 1112@pr-hdds-1054-cqztt-1934904501
2019-08-29 09:25:55,919 [pool-129-thread-1] INFO  storage.RaftStorageDirectory (RaftStorageDirectory.java:tryLock(328)) - Lock on /workdir/hadoop-ozone/integration-test/target/test-dir/MiniOzoneClusterImpl-9bf9cf36-d6cd-47fd-9c9b-dd857e6ac4dc/datanode-1/data/ratis/cd8521cc-7979-48a6-a7b1-798370a2a1fe/in_use.lock acquired by nodename 1112@pr-hdds-1054-cqztt-1934904501
2019-08-29 09:25:55,919 [pool-139-thread-1] INFO  storage.RaftStorageDirectory (RaftStorageDirectory.java:tryLock(328)) - Lock on /workdir/hadoop-ozone/integration-test/target/test-dir/MiniOzoneClusterImpl-9bf9cf36-d6cd-47fd-9c9b-dd857e6ac4dc/datanode-2/data/ratis/cd8521cc-7979-48a6-a7b1-798370a2a1fe/in_use.lock acquired by nodename 1112@pr-hdds-1054-cqztt-1934904501
2019-08-29 09:25:55,933 [pool-119-thread-1] INFO  storage.RaftStorage (RaftStorage.java:format(72)) - Storage directory /workdir/hadoop-ozone/integration-test/target/test-dir/MiniOzoneClusterImpl-9bf9cf36-d6cd-47fd-9c9b-dd857e6ac4dc/datanode-0/data/ratis/cd8521cc-7979-48a6-a7b1-798370a2a1fe has been successfully formatted.
2019-08-29 09:25:55,933 [pool-129-thread-1] INFO  storage.RaftStorage (RaftStorage.java:format(72)) - Storage directory /workdir/hadoop-ozone/integration-test/target/test-dir/MiniOzoneClusterImpl-9bf9cf36-d6cd-47fd-9c9b-dd857e6ac4dc/datanode-1/data/ratis/cd8521cc-7979-48a6-a7b1-798370a2a1fe has been successfully formatted.
2019-08-29 09:25:55,933 [pool-119-thread-1] INFO  ratis.ContainerStateMachine (ContainerStateMachine.java:loadSnapshot(227)) - group-798370A2A1FE: The snapshot info is null. Setting the last applied indexto:(t:0, i:~)
2019-08-29 09:25:55,934 [pool-139-thread-1] INFO  storage.RaftStorage (RaftStorage.java:format(72)) - Storage directory /workdir/hadoop-ozone/integration-test/target/test-dir/MiniOzoneClusterImpl-9bf9cf36-d6cd-47fd-9c9b-dd857e6ac4dc/datanode-2/data/ratis/cd8521cc-7979-48a6-a7b1-798370a2a1fe has been successfully formatted.
2019-08-29 09:25:55,933 [pool-129-thread-1] INFO  ratis.ContainerStateMachine (ContainerStateMachine.java:loadSnapshot(227)) - group-798370A2A1FE: The snapshot info is null. Setting the last applied indexto:(t:0, i:~)
2019-08-29 09:25:55,934 [pool-119-thread-1] INFO  server.RaftServerConfigKeys (ConfUtils.java:logGet(43)) - raft.server.leader.election.timeout = 120s (custom)
2019-08-29 09:25:55,934 [pool-139-thread-1] INFO  ratis.ContainerStateMachine (ContainerStateMachine.java:loadSnapshot(227)) - group-798370A2A1FE: The snapshot info is null. Setting the last applied indexto:(t:0, i:~)
2019-08-29 09:25:55,934 [pool-129-thread-1] INFO  server.RaftServerConfigKeys (ConfUtils.java:logGet(43)) - raft.server.leader.election.timeout = 120s (custom)
2019-08-29 09:25:55,934 [pool-139-thread-1] INFO  server.RaftServerConfigKeys (ConfUtils.java:logGet(43)) - raft.server.leader.election.timeout = 120s (custom)
2019-08-29 09:25:55,934 [pool-119-thread-1] INFO  server.RaftServerConfigKeys (ConfUtils.java:logGet(43)) - raft.server.log.use.memory = false (default)
2019-08-29 09:25:55,934 [pool-139-thread-1] INFO  server.RaftServerConfigKeys (ConfUtils.java:logGet(43)) - raft.server.log.use.memory = false (default)
2019-08-29 09:25:55,934 [pool-129-thread-1] INFO  server.RaftServerConfigKeys (ConfUtils.java:logGet(43)) - raft.server.log.use.memory = false (default)
2019-08-29 09:25:55,935 [pool-139-thread-1] INFO  server.RaftServerConfigKeys (ConfUtils.java:logGet(43)) - raft.server.log.purge.gap = 1000000 (custom)
2019-08-29 09:25:55,934 [pool-119-thread-1] INFO  server.RaftServerConfigKeys (ConfUtils.java:logGet(43)) - raft.server.log.purge.gap = 1000000 (custom)
2019-08-29 09:25:55,935 [pool-139-thread-1] INFO  server.RaftServerConfigKeys (ConfUtils.java:logGet(43)) - raft.server.log.appender.buffer.byte-limit = 33554432 (custom)
2019-08-29 09:25:55,935 [pool-129-thread-1] INFO  server.RaftServerConfigKeys (ConfUtils.java:logGet(43)) - raft.server.log.purge.gap = 1000000 (custom)
2019-08-29 09:25:55,935 [pool-139-thread-1] INFO  server.RaftServerConfigKeys (ConfUtils.java:logGet(43)) - raft.server.log.segment.size.max = 1048576 (custom)
2019-08-29 09:25:55,935 [pool-119-thread-1] INFO  server.RaftServerConfigKeys (ConfUtils.java:logGet(43)) - raft.server.log.appender.buffer.byte-limit = 33554432 (custom)
2019-08-29 09:25:55,935 [pool-139-thread-1] INFO  server.RaftServerConfigKeys (ConfUtils.java:logGet(43)) - raft.server.log.segment.cache.num.max = 2 (custom)
2019-08-29 09:25:55,935 [pool-129-thread-1] INFO  server.RaftServerConfigKeys (ConfUtils.java:logGet(43)) - raft.server.log.appender.buffer.byte-limit = 33554432 (custom)
2019-08-29 09:25:55,935 [pool-139-thread-1] INFO  segmented.SegmentedRaftLogWorker (SegmentedRaftLogWorker.java:<init>(172)) - new 34149fcb-7fd9-43b7-9e6c-7ef931619a7b-SegmentedRaftLogWorker:Storage Directory /workdir/hadoop-ozone/integration-test/target/test-dir/MiniOzoneClusterImpl-9bf9cf36-d6cd-47fd-9c9b-dd857e6ac4dc/datanode-2/data/ratis/cd8521cc-7979-48a6-a7b1-798370a2a1fe for RaftStorage:Storage Directory /workdir/hadoop-ozone/integration-test/target/test-dir/MiniOzoneClusterImpl-9bf9cf36-d6cd-47fd-9c9b-dd857e6ac4dc/datanode-2/data/ratis/cd8521cc-7979-48a6-a7b1-798370a2a1fe
2019-08-29 09:25:55,935 [pool-119-thread-1] INFO  server.RaftServerConfigKeys (ConfUtils.java:logGet(43)) - raft.server.log.segment.size.max = 1048576 (custom)
2019-08-29 09:25:55,936 [pool-139-thread-1] INFO  server.RaftServerConfigKeys (ConfUtils.java:logGet(43)) - raft.server.log.queue.byte-limit = 2147483647 (custom)
2019-08-29 09:25:55,936 [pool-139-thread-1] INFO  server.RaftServerConfigKeys (ConfUtils.java:logGet(43)) - raft.server.log.queue.element-limit = 1024 (custom)
2019-08-29 09:25:55,936 [pool-129-thread-1] INFO  server.RaftServerConfigKeys (ConfUtils.java:logGet(43)) - raft.server.log.segment.size.max = 1048576 (custom)
2019-08-29 09:25:55,936 [pool-139-thread-1] INFO  server.RaftServerConfigKeys (ConfUtils.java:logGet(43)) - raft.server.log.segment.size.max = 1048576 (custom)
2019-08-29 09:25:55,936 [pool-119-thread-1] INFO  server.RaftServerConfigKeys (ConfUtils.java:logGet(43)) - raft.server.log.segment.cache.num.max = 2 (custom)
2019-08-29 09:25:55,936 [pool-139-thread-1] INFO  server.RaftServerConfigKeys (ConfUtils.java:logGet(43)) - raft.server.log.preallocated.size = 16384 (custom)
2019-08-29 09:25:55,936 [pool-129-thread-1] INFO  server.RaftServerConfigKeys (ConfUtils.java:logGet(43)) - raft.server.log.segment.cache.num.max = 2 (custom)
2019-08-29 09:25:55,936 [pool-139-thread-1] INFO  server.RaftServerConfigKeys (ConfUtils.java:logGet(43)) - raft.server.log.write.buffer.size = 33554432 (custom)
2019-08-29 09:25:55,937 [pool-139-thread-1] INFO  server.RaftServerConfigKeys (ConfUtils.java:logGet(43)) - raft.server.log.force.sync.num = 128 (default)
2019-08-29 09:25:55,936 [pool-119-thread-1] INFO  segmented.SegmentedRaftLogWorker (SegmentedRaftLogWorker.java:<init>(172)) - new 70943ca8-2057-43d2-a47c-49bd499a68c6-SegmentedRaftLogWorker:Storage Directory /workdir/hadoop-ozone/integration-test/target/test-dir/MiniOzoneClusterImpl-9bf9cf36-d6cd-47fd-9c9b-dd857e6ac4dc/datanode-0/data/ratis/cd8521cc-7979-48a6-a7b1-798370a2a1fe for RaftStorage:Storage Directory /workdir/hadoop-ozone/integration-test/target/test-dir/MiniOzoneClusterImpl-9bf9cf36-d6cd-47fd-9c9b-dd857e6ac4dc/datanode-0/data/ratis/cd8521cc-7979-48a6-a7b1-798370a2a1fe
2019-08-29 09:25:55,937 [pool-139-thread-1] INFO  server.RaftServerConfigKeys (ConfUtils.java:logGet(43)) - raft.server.log.statemachine.data.sync = true (default)
2019-08-29 09:25:55,937 [pool-139-thread-1] INFO  server.RaftServerConfigKeys (ConfUtils.java:logGet(43)) - raft.server.log.statemachine.data.sync.timeout = 10s (default)
2019-08-29 09:25:55,937 [pool-129-thread-1] INFO  segmented.SegmentedRaftLogWorker (SegmentedRaftLogWorker.java:<init>(172)) - new 37345188-c291-4188-a3e3-b30ff541eb85-SegmentedRaftLogWorker:Storage Directory /workdir/hadoop-ozone/integration-test/target/test-dir/MiniOzoneClusterImpl-9bf9cf36-d6cd-47fd-9c9b-dd857e6ac4dc/datanode-1/data/ratis/cd8521cc-7979-48a6-a7b1-798370a2a1fe for RaftStorage:Storage Directory /workdir/hadoop-ozone/integration-test/target/test-dir/MiniOzoneClusterImpl-9bf9cf36-d6cd-47fd-9c9b-dd857e6ac4dc/datanode-1/data/ratis/cd8521cc-7979-48a6-a7b1-798370a2a1fe
2019-08-29 09:25:55,937 [pool-139-thread-1] INFO  server.RaftServerConfigKeys (ConfUtils.java:logGet(43)) - raft.server.log.statemachine.data.sync.timeout.retry = -1 (default)
2019-08-29 09:25:55,937 [pool-119-thread-1] INFO  server.RaftServerConfigKeys (ConfUtils.java:logGet(43)) - raft.server.log.queue.byte-limit = 2147483647 (custom)
2019-08-29 09:25:55,937 [pool-139-thread-1] INFO  server.RaftServerConfigKeys (ConfUtils.java:logGet(43)) - raft.server.log.statemachine.data.caching.enabled = true (custom)
2019-08-29 09:25:55,937 [pool-129-thread-1] INFO  server.RaftServerConfigKeys (ConfUtils.java:logGet(43)) - raft.server.log.queue.byte-limit = 2147483647 (custom)
2019-08-29 09:25:55,937 [pool-119-thread-1] INFO  server.RaftServerConfigKeys (ConfUtils.java:logGet(43)) - raft.server.log.queue.element-limit = 1024 (custom)
2019-08-29 09:25:55,938 [pool-139-thread-1] INFO  segmented.SegmentedRaftLogWorker (SegmentedRaftLogWorker.java:lambda$new$0(132)) - 34149fcb-7fd9-43b7-9e6c-7ef931619a7b-SegmentedRaftLogWorker:Storage Directory /workdir/hadoop-ozone/integration-test/target/test-dir/MiniOzoneClusterImpl-9bf9cf36-d6cd-47fd-9c9b-dd857e6ac4dc/datanode-2/data/ratis/cd8521cc-7979-48a6-a7b1-798370a2a1fe: flushIndex: setUnconditionally 0 -> -1
2019-08-29 09:25:55,938 [pool-129-thread-1] INFO  server.RaftServerConfigKeys (ConfUtils.java:logGet(43)) - raft.server.log.queue.element-limit = 1024 (custom)
2019-08-29 09:25:55,938 [pool-119-thread-1] INFO  server.RaftServerConfigKeys (ConfUtils.java:logGet(43)) - raft.server.log.segment.size.max = 1048576 (custom)
2019-08-29 09:25:55,938 [pool-139-thread-1] INFO  server.RaftServerConfigKeys (ConfUtils.java:logGet(43)) - raft.server.snapshot.auto.trigger.enabled = true (custom)
2019-08-29 09:25:55,938 [pool-139-thread-1] INFO  server.RaftServerConfigKeys (ConfUtils.java:logGet(43)) - raft.server.snapshot.auto.trigger.threshold = 10000 (custom)
2019-08-29 09:25:55,938 [pool-119-thread-1] INFO  server.RaftServerConfigKeys (ConfUtils.java:logGet(43)) - raft.server.log.preallocated.size = 16384 (custom)
2019-08-29 09:25:55,938 [pool-129-thread-1] INFO  server.RaftServerConfigKeys (ConfUtils.java:logGet(43)) - raft.server.log.segment.size.max = 1048576 (custom)
2019-08-29 09:25:55,939 [pool-119-thread-1] INFO  server.RaftServerConfigKeys (ConfUtils.java:logGet(43)) - raft.server.log.write.buffer.size = 33554432 (custom)
2019-08-29 09:25:55,938 [pool-139-thread-1] INFO  server.RaftServerConfigKeys (ConfUtils.java:logGet(43)) - raft.server.retrycache.expirytime = 600000ms (custom)
2019-08-29 09:25:55,939 [pool-119-thread-1] INFO  server.RaftServerConfigKeys (ConfUtils.java:logGet(43)) - raft.server.log.force.sync.num = 128 (default)
2019-08-29 09:25:55,939 [pool-139-thread-1] INFO  impl.RaftServerImpl (RaftServerImpl.java:start(180)) - 34149fcb-7fd9-43b7-9e6c-7ef931619a7b: start group-798370A2A1FE
2019-08-29 09:25:55,939 [pool-129-thread-1] INFO  server.RaftServerConfigKeys (ConfUtils.java:logGet(43)) - raft.server.log.preallocated.size = 16384 (custom)
2019-08-29 09:25:55,939 [pool-139-thread-1] INFO  impl.RaftServerImpl (RaftServerImpl.java:setRole(171)) - 34149fcb-7fd9-43b7-9e6c-7ef931619a7b:group-798370A2A1FE changes role from null to FOLLOWER at term 0 for startAsFollower
2019-08-29 09:25:55,939 [pool-119-thread-1] INFO  server.RaftServerConfigKeys (ConfUtils.java:logGet(43)) - raft.server.log.statemachine.data.sync = true (default)
2019-08-29 09:25:55,939 [pool-139-thread-1] INFO  impl.RoleInfo (RoleInfo.java:updateAndGet(143)) - 34149fcb-7fd9-43b7-9e6c-7ef931619a7b: start FollowerState
2019-08-29 09:25:55,939 [pool-129-thread-1] INFO  server.RaftServerConfigKeys (ConfUtils.java:logGet(43)) - raft.server.log.write.buffer.size = 33554432 (custom)
2019-08-29 09:25:55,939 [pool-119-thread-1] INFO  server.RaftServerConfigKeys (ConfUtils.java:logGet(43)) - raft.server.log.statemachine.data.sync.timeout = 10s (default)
2019-08-29 09:25:55,940 [pool-129-thread-1] INFO  server.RaftServerConfigKeys (ConfUtils.java:logGet(43)) - raft.server.log.force.sync.num = 128 (default)
2019-08-29 09:25:55,940 [pool-139-thread-1] INFO  util.JmxRegister (JmxRegister.java:tryRegister(44)) - Successfully registered JMX Bean with object name Ratis:service=RaftServer,group=group-798370A2A1FE,id=34149fcb-7fd9-43b7-9e6c-7ef931619a7b
2019-08-29 09:25:55,940 [pool-119-thread-1] INFO  server.RaftServerConfigKeys (ConfUtils.java:logGet(43)) - raft.server.log.statemachine.data.sync.timeout.retry = -1 (default)
2019-08-29 09:25:55,940 [pool-129-thread-1] INFO  server.RaftServerConfigKeys (ConfUtils.java:logGet(43)) - raft.server.log.statemachine.data.sync = true (default)
2019-08-29 09:25:55,940 [pool-119-thread-1] INFO  server.RaftServerConfigKeys (ConfUtils.java:logGet(43)) - raft.server.log.statemachine.data.caching.enabled = true (custom)
2019-08-29 09:25:55,940 [pool-129-thread-1] INFO  server.RaftServerConfigKeys (ConfUtils.java:logGet(43)) - raft.server.log.statemachine.data.sync.timeout = 10s (default)
2019-08-29 09:25:55,940 [pool-129-thread-1] INFO  server.RaftServerConfigKeys (ConfUtils.java:logGet(43)) - raft.server.log.statemachine.data.sync.timeout.retry = -1 (default)
2019-08-29 09:25:55,941 [pool-119-thread-1] INFO  segmented.SegmentedRaftLogWorker (SegmentedRaftLogWorker.java:lambda$new$0(132)) - 70943ca8-2057-43d2-a47c-49bd499a68c6-SegmentedRaftLogWorker:Storage Directory /workdir/hadoop-ozone/integration-test/target/test-dir/MiniOzoneClusterImpl-9bf9cf36-d6cd-47fd-9c9b-dd857e6ac4dc/datanode-0/data/ratis/cd8521cc-7979-48a6-a7b1-798370a2a1fe: flushIndex: setUnconditionally 0 -> -1
2019-08-29 09:25:55,941 [pool-129-thread-1] INFO  server.RaftServerConfigKeys (ConfUtils.java:logGet(43)) - raft.server.log.statemachine.data.caching.enabled = true (custom)
2019-08-29 09:25:55,941 [pool-119-thread-1] INFO  server.RaftServerConfigKeys (ConfUtils.java:logGet(43)) - raft.server.snapshot.auto.trigger.enabled = true (custom)
2019-08-29 09:25:55,944 [pool-129-thread-1] INFO  segmented.SegmentedRaftLogWorker (SegmentedRaftLogWorker.java:lambda$new$0(132)) - 37345188-c291-4188-a3e3-b30ff541eb85-SegmentedRaftLogWorker:Storage Directory /workdir/hadoop-ozone/integration-test/target/test-dir/MiniOzoneClusterImpl-9bf9cf36-d6cd-47fd-9c9b-dd857e6ac4dc/datanode-1/data/ratis/cd8521cc-7979-48a6-a7b1-798370a2a1fe: flushIndex: setUnconditionally 0 -> -1
2019-08-29 09:25:55,944 [pool-119-thread-1] INFO  server.RaftServerConfigKeys (ConfUtils.java:logGet(43)) - raft.server.snapshot.auto.trigger.threshold = 10000 (custom)
2019-08-29 09:25:55,944 [pool-129-thread-1] INFO  server.RaftServerConfigKeys (ConfUtils.java:logGet(43)) - raft.server.snapshot.auto.trigger.enabled = true (custom)
2019-08-29 09:25:55,944 [pool-119-thread-1] INFO  server.RaftServerConfigKeys (ConfUtils.java:logGet(43)) - raft.server.retrycache.expirytime = 600000ms (custom)
2019-08-29 09:25:55,944 [pool-129-thread-1] INFO  server.RaftServerConfigKeys (ConfUtils.java:logGet(43)) - raft.server.snapshot.auto.trigger.threshold = 10000 (custom)
2019-08-29 09:25:55,944 [pool-119-thread-1] INFO  impl.RaftServerImpl (RaftServerImpl.java:start(180)) - 70943ca8-2057-43d2-a47c-49bd499a68c6: start group-798370A2A1FE
2019-08-29 09:25:55,945 [pool-129-thread-1] INFO  server.RaftServerConfigKeys (ConfUtils.java:logGet(43)) - raft.server.retrycache.expirytime = 600000ms (custom)
2019-08-29 09:25:55,945 [pool-119-thread-1] INFO  impl.RaftServerImpl (RaftServerImpl.java:setRole(171)) - 70943ca8-2057-43d2-a47c-49bd499a68c6:group-798370A2A1FE changes role from null to FOLLOWER at term 0 for startAsFollower
2019-08-29 09:25:55,945 [pool-129-thread-1] INFO  impl.RaftServerImpl (RaftServerImpl.java:start(180)) - 37345188-c291-4188-a3e3-b30ff541eb85: start group-798370A2A1FE
2019-08-29 09:25:55,945 [pool-119-thread-1] INFO  impl.RoleInfo (RoleInfo.java:updateAndGet(143)) - 70943ca8-2057-43d2-a47c-49bd499a68c6: start FollowerState
2019-08-29 09:25:55,945 [pool-129-thread-1] INFO  impl.RaftServerImpl (RaftServerImpl.java:setRole(171)) - 37345188-c291-4188-a3e3-b30ff541eb85:group-798370A2A1FE changes role from null to FOLLOWER at term 0 for startAsFollower
2019-08-29 09:25:55,945 [pool-129-thread-1] INFO  impl.RoleInfo (RoleInfo.java:updateAndGet(143)) - 37345188-c291-4188-a3e3-b30ff541eb85: start FollowerState
2019-08-29 09:25:55,945 [pool-119-thread-1] INFO  util.JmxRegister (JmxRegister.java:tryRegister(44)) - Successfully registered JMX Bean with object name Ratis:service=RaftServer,group=group-798370A2A1FE,id=70943ca8-2057-43d2-a47c-49bd499a68c6
2019-08-29 09:25:55,945 [pool-129-thread-1] INFO  util.JmxRegister (JmxRegister.java:tryRegister(44)) - Successfully registered JMX Bean with object name Ratis:service=RaftServer,group=group-798370A2A1FE,id=37345188-c291-4188-a3e3-b30ff541eb85
2019-08-29 09:25:55,951 [RatisPipelineUtilsThread] INFO  pipeline.PipelineStateManager (PipelineStateManager.java:addPipeline(56)) - Created pipeline Pipeline[ Id: cd8521cc-7979-48a6-a7b1-798370a2a1fe, Nodes: 70943ca8-2057-43d2-a47c-49bd499a68c6{ip: 192.168.34.42, host: pr-hdds-1054-cqztt-1934904501, networkLocation: /default-rack, certSerialId: null}37345188-c291-4188-a3e3-b30ff541eb85{ip: 192.168.34.42, host: pr-hdds-1054-cqztt-1934904501, networkLocation: /default-rack, certSerialId: null}34149fcb-7fd9-43b7-9e6c-7ef931619a7b{ip: 192.168.34.42, host: pr-hdds-1054-cqztt-1934904501, networkLocation: /default-rack, certSerialId: null}, Type:RATIS, Factor:THREE, State:OPEN]
2019-08-29 09:25:55,994 [IPC Server handler 8 on 39766] INFO  net.NetworkTopology (NetworkTopologyImpl.java:add(110)) - Added a new node: /default-rack/9de17530-92d1-4d1a-8119-ac335a28c903
2019-08-29 09:25:55,994 [IPC Server handler 8 on 39766] INFO  node.SCMNodeManager (SCMNodeManager.java:register(273)) - Registered Data node : 9de17530-92d1-4d1a-8119-ac335a28c903{ip: 192.168.34.42, host: pr-hdds-1054-cqztt-1934904501, networkLocation: /default-rack, certSerialId: null}
2019-08-29 09:25:55,994 | INFO  | SCMAudit | user=jenkins1000 | ip=192.168.34.42 | op=REGISTER {datanodeDetails=9de17530-92d1-4d1a-8119-ac335a28c903{ip: 192.168.34.42, host: pr-hdds-1054-cqztt-1934904501, networkLocation: /default-rack, certSerialId: null}} | ret=SUCCESS |  
2019-08-29 09:25:56,003 [grpc-default-executor-0] INFO  impl.RaftServerProxy (RaftServerProxy.java:addNew(89)) - acfe46ce-d7f7-44ce-ad8e-18450e3ff75e: addNew group-983753308DB9:[acfe46ce-d7f7-44ce-ad8e-18450e3ff75e:192.168.34.42:44704] returns group-983753308DB9:java.util.concurrent.CompletableFuture@55aca086[Not completed]
2019-08-29 09:25:56,009 [pool-149-thread-1] INFO  impl.RaftServerImpl (RaftServerImpl.java:<init>(93)) - acfe46ce-d7f7-44ce-ad8e-18450e3ff75e: new RaftServerImpl for group-983753308DB9:[acfe46ce-d7f7-44ce-ad8e-18450e3ff75e:192.168.34.42:44704] with ContainerStateMachine:uninitialized
2019-08-29 09:25:56,009 [pool-149-thread-1] INFO  server.RaftServerConfigKeys (ConfUtils.java:logGet(43)) - raft.server.rpc.timeout.min = 5s (custom)
2019-08-29 09:25:56,009 [pool-149-thread-1] INFO  server.RaftServerConfigKeys (ConfUtils.java:logGet(43)) - raft.server.rpc.timeout.max = 5200ms (custom)
2019-08-29 09:25:56,009 [pool-149-thread-1] INFO  server.RaftServerConfigKeys (ConfUtils.java:logGet(43)) - raft.server.rpcslowness.timeout = 120s (custom)
2019-08-29 09:25:56,009 [pool-149-thread-1] INFO  server.RaftServerConfigKeys (ConfUtils.java:logGet(43)) - raft.server.sleep.deviation.threshold = 300 (default)
2019-08-29 09:25:56,009 [pool-149-thread-1] INFO  server.RaftServerConfigKeys (ConfUtils.java:logGet(43)) - raft.server.log.appender.install.snapshot.enabled = false (custom)
2019-08-29 09:25:56,010 [pool-149-thread-1] INFO  impl.RaftServerImpl (ServerState.java:<init>(105)) - acfe46ce-d7f7-44ce-ad8e-18450e3ff75e:group-983753308DB9 ConfigurationManager, init=-1: [acfe46ce-d7f7-44ce-ad8e-18450e3ff75e:192.168.34.42:44704], old=null, confs=<EMPTY_MAP>
2019-08-29 09:25:56,010 [pool-149-thread-1] INFO  server.RaftServerConfigKeys (ConfUtils.java:logGet(43)) - raft.server.storage.dir = [/workdir/hadoop-ozone/integration-test/target/test-dir/MiniOzoneClusterImpl-9bf9cf36-d6cd-47fd-9c9b-dd857e6ac4dc/datanode-3/data/ratis] (custom)
2019-08-29 09:25:56,010 [pool-149-thread-1] INFO  storage.RaftStorageDirectory (RaftStorageDirectory.java:analyzeStorage(246)) - The storage directory /workdir/hadoop-ozone/integration-test/target/test-dir/MiniOzoneClusterImpl-9bf9cf36-d6cd-47fd-9c9b-dd857e6ac4dc/datanode-3/data/ratis/ebd0d551-e24c-4732-b21e-983753308db9 does not exist. Creating ...
2019-08-29 09:25:56,023 [pool-149-thread-1] INFO  storage.RaftStorageDirectory (RaftStorageDirectory.java:tryLock(328)) - Lock on /workdir/hadoop-ozone/integration-test/target/test-dir/MiniOzoneClusterImpl-9bf9cf36-d6cd-47fd-9c9b-dd857e6ac4dc/datanode-3/data/ratis/ebd0d551-e24c-4732-b21e-983753308db9/in_use.lock acquired by nodename 1112@pr-hdds-1054-cqztt-1934904501
2019-08-29 09:25:56,044 [pool-149-thread-1] INFO  storage.RaftStorage (RaftStorage.java:format(72)) - Storage directory /workdir/hadoop-ozone/integration-test/target/test-dir/MiniOzoneClusterImpl-9bf9cf36-d6cd-47fd-9c9b-dd857e6ac4dc/datanode-3/data/ratis/ebd0d551-e24c-4732-b21e-983753308db9 has been successfully formatted.
2019-08-29 09:25:56,045 [pool-149-thread-1] INFO  ratis.ContainerStateMachine (ContainerStateMachine.java:loadSnapshot(227)) - group-983753308DB9: The snapshot info is null. Setting the last applied indexto:(t:0, i:~)
2019-08-29 09:25:56,045 [pool-149-thread-1] INFO  server.RaftServerConfigKeys (ConfUtils.java:logGet(43)) - raft.server.leader.election.timeout = 120s (custom)
2019-08-29 09:25:56,045 [pool-149-thread-1] INFO  server.RaftServerConfigKeys (ConfUtils.java:logGet(43)) - raft.server.log.use.memory = false (default)
2019-08-29 09:25:56,045 [pool-149-thread-1] INFO  server.RaftServerConfigKeys (ConfUtils.java:logGet(43)) - raft.server.log.purge.gap = 1000000 (custom)
2019-08-29 09:25:56,045 [pool-149-thread-1] INFO  server.RaftServerConfigKeys (ConfUtils.java:logGet(43)) - raft.server.log.appender.buffer.byte-limit = 33554432 (custom)
2019-08-29 09:25:56,046 [pool-149-thread-1] INFO  server.RaftServerConfigKeys (ConfUtils.java:logGet(43)) - raft.server.log.segment.size.max = 1048576 (custom)
2019-08-29 09:25:56,046 [pool-149-thread-1] INFO  server.RaftServerConfigKeys (ConfUtils.java:logGet(43)) - raft.server.log.segment.cache.num.max = 2 (custom)
2019-08-29 09:25:56,046 [pool-149-thread-1] INFO  segmented.SegmentedRaftLogWorker (SegmentedRaftLogWorker.java:<init>(172)) - new acfe46ce-d7f7-44ce-ad8e-18450e3ff75e-SegmentedRaftLogWorker:Storage Directory /workdir/hadoop-ozone/integration-test/target/test-dir/MiniOzoneClusterImpl-9bf9cf36-d6cd-47fd-9c9b-dd857e6ac4dc/datanode-3/data/ratis/ebd0d551-e24c-4732-b21e-983753308db9 for RaftStorage:Storage Directory /workdir/hadoop-ozone/integration-test/target/test-dir/MiniOzoneClusterImpl-9bf9cf36-d6cd-47fd-9c9b-dd857e6ac4dc/datanode-3/data/ratis/ebd0d551-e24c-4732-b21e-983753308db9
2019-08-29 09:25:56,046 [pool-149-thread-1] INFO  server.RaftServerConfigKeys (ConfUtils.java:logGet(43)) - raft.server.log.queue.byte-limit = 2147483647 (custom)
2019-08-29 09:25:56,046 [pool-149-thread-1] INFO  server.RaftServerConfigKeys (ConfUtils.java:logGet(43)) - raft.server.log.queue.element-limit = 1024 (custom)
2019-08-29 09:25:56,047 [pool-149-thread-1] INFO  server.RaftServerConfigKeys (ConfUtils.java:logGet(43)) - raft.server.log.segment.size.max = 1048576 (custom)
2019-08-29 09:25:56,047 [pool-149-thread-1] INFO  server.RaftServerConfigKeys (ConfUtils.java:logGet(43)) - raft.server.log.preallocated.size = 16384 (custom)
2019-08-29 09:25:56,047 [pool-149-thread-1] INFO  server.RaftServerConfigKeys (ConfUtils.java:logGet(43)) - raft.server.log.write.buffer.size = 33554432 (custom)
2019-08-29 09:25:56,047 [pool-149-thread-1] INFO  server.RaftServerConfigKeys (ConfUtils.java:logGet(43)) - raft.server.log.force.sync.num = 128 (default)
2019-08-29 09:25:56,047 [pool-149-thread-1] INFO  server.RaftServerConfigKeys (ConfUtils.java:logGet(43)) - raft.server.log.statemachine.data.sync = true (default)
2019-08-29 09:25:56,048 [pool-149-thread-1] INFO  server.RaftServerConfigKeys (ConfUtils.java:logGet(43)) - raft.server.log.statemachine.data.sync.timeout = 10s (default)
2019-08-29 09:25:56,048 [pool-149-thread-1] INFO  server.RaftServerConfigKeys (ConfUtils.java:logGet(43)) - raft.server.log.statemachine.data.sync.timeout.retry = -1 (default)
2019-08-29 09:25:56,048 [pool-149-thread-1] INFO  server.RaftServerConfigKeys (ConfUtils.java:logGet(43)) - raft.server.log.statemachine.data.caching.enabled = true (custom)
2019-08-29 09:25:56,049 [pool-149-thread-1] INFO  segmented.SegmentedRaftLogWorker (SegmentedRaftLogWorker.java:lambda$new$0(132)) - acfe46ce-d7f7-44ce-ad8e-18450e3ff75e-SegmentedRaftLogWorker:Storage Directory /workdir/hadoop-ozone/integration-test/target/test-dir/MiniOzoneClusterImpl-9bf9cf36-d6cd-47fd-9c9b-dd857e6ac4dc/datanode-3/data/ratis/ebd0d551-e24c-4732-b21e-983753308db9: flushIndex: setUnconditionally 0 -> -1
2019-08-29 09:25:56,049 [pool-149-thread-1] INFO  server.RaftServerConfigKeys (ConfUtils.java:logGet(43)) - raft.server.snapshot.auto.trigger.enabled = true (custom)
2019-08-29 09:25:56,050 [pool-149-thread-1] INFO  server.RaftServerConfigKeys (ConfUtils.java:logGet(43)) - raft.server.snapshot.auto.trigger.threshold = 10000 (custom)
2019-08-29 09:25:56,050 [pool-149-thread-1] INFO  server.RaftServerConfigKeys (ConfUtils.java:logGet(43)) - raft.server.retrycache.expirytime = 600000ms (custom)
2019-08-29 09:25:56,050 [pool-149-thread-1] INFO  impl.RaftServerImpl (RaftServerImpl.java:start(180)) - acfe46ce-d7f7-44ce-ad8e-18450e3ff75e: start group-983753308DB9
2019-08-29 09:25:56,050 [pool-149-thread-1] INFO  impl.RaftServerImpl (RaftServerImpl.java:setRole(171)) - acfe46ce-d7f7-44ce-ad8e-18450e3ff75e:group-983753308DB9 changes role from null to FOLLOWER at term 0 for startAsFollower
2019-08-29 09:25:56,050 [pool-149-thread-1] INFO  impl.RoleInfo (RoleInfo.java:updateAndGet(143)) - acfe46ce-d7f7-44ce-ad8e-18450e3ff75e: start FollowerState
2019-08-29 09:25:56,064 [pool-149-thread-1] INFO  util.JmxRegister (JmxRegister.java:tryRegister(44)) - Successfully registered JMX Bean with object name Ratis:service=RaftServer,group=group-983753308DB9,id=acfe46ce-d7f7-44ce-ad8e-18450e3ff75e
2019-08-29 09:25:56,077 [RatisPipelineUtilsThread] INFO  pipeline.PipelineStateManager (PipelineStateManager.java:addPipeline(56)) - Created pipeline Pipeline[ Id: ebd0d551-e24c-4732-b21e-983753308db9, Nodes: acfe46ce-d7f7-44ce-ad8e-18450e3ff75e{ip: 192.168.34.42, host: pr-hdds-1054-cqztt-1934904501, networkLocation: /default-rack, certSerialId: null}, Type:RATIS, Factor:ONE, State:OPEN]
2019-08-29 09:25:56,090 [grpc-default-executor-0] INFO  impl.RaftServerProxy (RaftServerProxy.java:addNew(89)) - 9de17530-92d1-4d1a-8119-ac335a28c903: addNew group-0B35A49FCC94:[9de17530-92d1-4d1a-8119-ac335a28c903:192.168.34.42:45153] returns group-0B35A49FCC94:java.util.concurrent.CompletableFuture@41bc68f[Not completed]
2019-08-29 09:25:56,096 [pool-159-thread-1] INFO  impl.RaftServerImpl (RaftServerImpl.java:<init>(93)) - 9de17530-92d1-4d1a-8119-ac335a28c903: new RaftServerImpl for group-0B35A49FCC94:[9de17530-92d1-4d1a-8119-ac335a28c903:192.168.34.42:45153] with ContainerStateMachine:uninitialized
2019-08-29 09:25:56,096 [pool-159-thread-1] INFO  server.RaftServerConfigKeys (ConfUtils.java:logGet(43)) - raft.server.rpc.timeout.min = 5s (custom)
2019-08-29 09:25:56,097 [pool-159-thread-1] INFO  server.RaftServerConfigKeys (ConfUtils.java:logGet(43)) - raft.server.rpc.timeout.max = 5200ms (custom)
2019-08-29 09:25:56,097 [pool-159-thread-1] INFO  server.RaftServerConfigKeys (ConfUtils.java:logGet(43)) - raft.server.rpcslowness.timeout = 120s (custom)
2019-08-29 09:25:56,097 [pool-159-thread-1] INFO  server.RaftServerConfigKeys (ConfUtils.java:logGet(43)) - raft.server.sleep.deviation.threshold = 300 (default)
2019-08-29 09:25:56,097 [pool-159-thread-1] INFO  server.RaftServerConfigKeys (ConfUtils.java:logGet(43)) - raft.server.log.appender.install.snapshot.enabled = false (custom)
2019-08-29 09:25:56,097 [pool-159-thread-1] INFO  impl.RaftServerImpl (ServerState.java:<init>(105)) - 9de17530-92d1-4d1a-8119-ac335a28c903:group-0B35A49FCC94 ConfigurationManager, init=-1: [9de17530-92d1-4d1a-8119-ac335a28c903:192.168.34.42:45153], old=null, confs=<EMPTY_MAP>
2019-08-29 09:25:56,097 [pool-159-thread-1] INFO  server.RaftServerConfigKeys (ConfUtils.java:logGet(43)) - raft.server.storage.dir = [/workdir/hadoop-ozone/integration-test/target/test-dir/MiniOzoneClusterImpl-9bf9cf36-d6cd-47fd-9c9b-dd857e6ac4dc/datanode-4/data/ratis] (custom)
2019-08-29 09:25:56,097 [IPC Server handler 1 on 39766] INFO  net.NetworkTopology (NetworkTopologyImpl.java:add(110)) - Added a new node: /default-rack/3f79815e-7f99-4beb-9a2e-82e095091155
2019-08-29 09:25:56,098 [IPC Server handler 1 on 39766] INFO  node.SCMNodeManager (SCMNodeManager.java:register(273)) - Registered Data node : 3f79815e-7f99-4beb-9a2e-82e095091155{ip: 192.168.34.42, host: pr-hdds-1054-cqztt-1934904501, networkLocation: /default-rack, certSerialId: null}
2019-08-29 09:25:56,098 [pool-159-thread-1] INFO  storage.RaftStorageDirectory (RaftStorageDirectory.java:analyzeStorage(246)) - The storage directory /workdir/hadoop-ozone/integration-test/target/test-dir/MiniOzoneClusterImpl-9bf9cf36-d6cd-47fd-9c9b-dd857e6ac4dc/datanode-4/data/ratis/33197d23-6a74-4b54-8703-0b35a49fcc94 does not exist. Creating ...
2019-08-29 09:25:56,098 | INFO  | SCMAudit | user=jenkins1000 | ip=192.168.34.42 | op=REGISTER {datanodeDetails=3f79815e-7f99-4beb-9a2e-82e095091155{ip: 192.168.34.42, host: pr-hdds-1054-cqztt-1934904501, networkLocation: /default-rack, certSerialId: null}} | ret=SUCCESS |  
2019-08-29 09:25:56,111 [pool-159-thread-1] INFO  storage.RaftStorageDirectory (RaftStorageDirectory.java:tryLock(328)) - Lock on /workdir/hadoop-ozone/integration-test/target/test-dir/MiniOzoneClusterImpl-9bf9cf36-d6cd-47fd-9c9b-dd857e6ac4dc/datanode-4/data/ratis/33197d23-6a74-4b54-8703-0b35a49fcc94/in_use.lock acquired by nodename 1112@pr-hdds-1054-cqztt-1934904501
2019-08-29 09:25:56,127 [pool-159-thread-1] INFO  storage.RaftStorage (RaftStorage.java:format(72)) - Storage directory /workdir/hadoop-ozone/integration-test/target/test-dir/MiniOzoneClusterImpl-9bf9cf36-d6cd-47fd-9c9b-dd857e6ac4dc/datanode-4/data/ratis/33197d23-6a74-4b54-8703-0b35a49fcc94 has been successfully formatted.
2019-08-29 09:25:56,128 [pool-159-thread-1] INFO  ratis.ContainerStateMachine (ContainerStateMachine.java:loadSnapshot(227)) - group-0B35A49FCC94: The snapshot info is null. Setting the last applied indexto:(t:0, i:~)
2019-08-29 09:25:56,128 [pool-159-thread-1] INFO  server.RaftServerConfigKeys (ConfUtils.java:logGet(43)) - raft.server.leader.election.timeout = 120s (custom)
2019-08-29 09:25:56,128 [pool-159-thread-1] INFO  server.RaftServerConfigKeys (ConfUtils.java:logGet(43)) - raft.server.log.use.memory = false (default)
2019-08-29 09:25:56,129 [pool-159-thread-1] INFO  server.RaftServerConfigKeys (ConfUtils.java:logGet(43)) - raft.server.log.purge.gap = 1000000 (custom)
2019-08-29 09:25:56,129 [pool-159-thread-1] INFO  server.RaftServerConfigKeys (ConfUtils.java:logGet(43)) - raft.server.log.appender.buffer.byte-limit = 33554432 (custom)
2019-08-29 09:25:56,129 [pool-159-thread-1] INFO  server.RaftServerConfigKeys (ConfUtils.java:logGet(43)) - raft.server.log.segment.size.max = 1048576 (custom)
2019-08-29 09:25:56,129 [pool-159-thread-1] INFO  server.RaftServerConfigKeys (ConfUtils.java:logGet(43)) - raft.server.log.segment.cache.num.max = 2 (custom)
2019-08-29 09:25:56,130 [pool-159-thread-1] INFO  segmented.SegmentedRaftLogWorker (SegmentedRaftLogWorker.java:<init>(172)) - new 9de17530-92d1-4d1a-8119-ac335a28c903-SegmentedRaftLogWorker:Storage Directory /workdir/hadoop-ozone/integration-test/target/test-dir/MiniOzoneClusterImpl-9bf9cf36-d6cd-47fd-9c9b-dd857e6ac4dc/datanode-4/data/ratis/33197d23-6a74-4b54-8703-0b35a49fcc94 for RaftStorage:Storage Directory /workdir/hadoop-ozone/integration-test/target/test-dir/MiniOzoneClusterImpl-9bf9cf36-d6cd-47fd-9c9b-dd857e6ac4dc/datanode-4/data/ratis/33197d23-6a74-4b54-8703-0b35a49fcc94
2019-08-29 09:25:56,130 [pool-159-thread-1] INFO  server.RaftServerConfigKeys (ConfUtils.java:logGet(43)) - raft.server.log.queue.byte-limit = 2147483647 (custom)
2019-08-29 09:25:56,130 [pool-159-thread-1] INFO  server.RaftServerConfigKeys (ConfUtils.java:logGet(43)) - raft.server.log.queue.element-limit = 1024 (custom)
2019-08-29 09:25:56,130 [pool-159-thread-1] INFO  server.RaftServerConfigKeys (ConfUtils.java:logGet(43)) - raft.server.log.segment.size.max = 1048576 (custom)
2019-08-29 09:25:56,131 [pool-159-thread-1] INFO  server.RaftServerConfigKeys (ConfUtils.java:logGet(43)) - raft.server.log.preallocated.size = 16384 (custom)
2019-08-29 09:25:56,131 [pool-159-thread-1] INFO  server.RaftServerConfigKeys (ConfUtils.java:logGet(43)) - raft.server.log.write.buffer.size = 33554432 (custom)
2019-08-29 09:25:56,131 [pool-159-thread-1] INFO  server.RaftServerConfigKeys (ConfUtils.java:logGet(43)) - raft.server.log.force.sync.num = 128 (default)
2019-08-29 09:25:56,131 [pool-159-thread-1] INFO  server.RaftServerConfigKeys (ConfUtils.java:logGet(43)) - raft.server.log.statemachine.data.sync = true (default)
2019-08-29 09:25:56,131 [pool-159-thread-1] INFO  server.RaftServerConfigKeys (ConfUtils.java:logGet(43)) - raft.server.log.statemachine.data.sync.timeout = 10s (default)
2019-08-29 09:25:56,132 [pool-159-thread-1] INFO  server.RaftServerConfigKeys (ConfUtils.java:logGet(43)) - raft.server.log.statemachine.data.sync.timeout.retry = -1 (default)
2019-08-29 09:25:56,132 [pool-159-thread-1] INFO  server.RaftServerConfigKeys (ConfUtils.java:logGet(43)) - raft.server.log.statemachine.data.caching.enabled = true (custom)
2019-08-29 09:25:56,132 [pool-159-thread-1] INFO  segmented.SegmentedRaftLogWorker (SegmentedRaftLogWorker.java:lambda$new$0(132)) - 9de17530-92d1-4d1a-8119-ac335a28c903-SegmentedRaftLogWorker:Storage Directory /workdir/hadoop-ozone/integration-test/target/test-dir/MiniOzoneClusterImpl-9bf9cf36-d6cd-47fd-9c9b-dd857e6ac4dc/datanode-4/data/ratis/33197d23-6a74-4b54-8703-0b35a49fcc94: flushIndex: setUnconditionally 0 -> -1
2019-08-29 09:25:56,133 [pool-159-thread-1] INFO  server.RaftServerConfigKeys (ConfUtils.java:logGet(43)) - raft.server.snapshot.auto.trigger.enabled = true (custom)
2019-08-29 09:25:56,133 [pool-159-thread-1] INFO  server.RaftServerConfigKeys (ConfUtils.java:logGet(43)) - raft.server.snapshot.auto.trigger.threshold = 10000 (custom)
2019-08-29 09:25:56,133 [pool-159-thread-1] INFO  server.RaftServerConfigKeys (ConfUtils.java:logGet(43)) - raft.server.retrycache.expirytime = 600000ms (custom)
2019-08-29 09:25:56,134 [pool-159-thread-1] INFO  impl.RaftServerImpl (RaftServerImpl.java:start(180)) - 9de17530-92d1-4d1a-8119-ac335a28c903: start group-0B35A49FCC94
2019-08-29 09:25:56,134 [pool-159-thread-1] INFO  impl.RaftServerImpl (RaftServerImpl.java:setRole(171)) - 9de17530-92d1-4d1a-8119-ac335a28c903:group-0B35A49FCC94 changes role from null to FOLLOWER at term 0 for startAsFollower
2019-08-29 09:25:56,134 [pool-159-thread-1] INFO  impl.RoleInfo (RoleInfo.java:updateAndGet(143)) - 9de17530-92d1-4d1a-8119-ac335a28c903: start FollowerState
2019-08-29 09:25:56,135 [pool-159-thread-1] INFO  util.JmxRegister (JmxRegister.java:tryRegister(44)) - Successfully registered JMX Bean with object name Ratis:service=RaftServer,group=group-0B35A49FCC94,id=9de17530-92d1-4d1a-8119-ac335a28c903
2019-08-29 09:25:56,141 [RatisPipelineUtilsThread] INFO  pipeline.PipelineStateManager (PipelineStateManager.java:addPipeline(56)) - Created pipeline Pipeline[ Id: 33197d23-6a74-4b54-8703-0b35a49fcc94, Nodes: 9de17530-92d1-4d1a-8119-ac335a28c903{ip: 192.168.34.42, host: pr-hdds-1054-cqztt-1934904501, networkLocation: /default-rack, certSerialId: null}, Type:RATIS, Factor:ONE, State:OPEN]
2019-08-29 09:25:56,149 [grpc-default-executor-0] INFO  impl.RaftServerProxy (RaftServerProxy.java:addNew(89)) - 3f79815e-7f99-4beb-9a2e-82e095091155: addNew group-E298C8967908:[3f79815e-7f99-4beb-9a2e-82e095091155:192.168.34.42:41901] returns group-E298C8967908:java.util.concurrent.CompletableFuture@6a73c28f[Not completed]
2019-08-29 09:25:56,155 [pool-169-thread-1] INFO  impl.RaftServerImpl (RaftServerImpl.java:<init>(93)) - 3f79815e-7f99-4beb-9a2e-82e095091155: new RaftServerImpl for group-E298C8967908:[3f79815e-7f99-4beb-9a2e-82e095091155:192.168.34.42:41901] with ContainerStateMachine:uninitialized
2019-08-29 09:25:56,155 [pool-169-thread-1] INFO  server.RaftServerConfigKeys (ConfUtils.java:logGet(43)) - raft.server.rpc.timeout.min = 5s (custom)
2019-08-29 09:25:56,155 [pool-169-thread-1] INFO  server.RaftServerConfigKeys (ConfUtils.java:logGet(43)) - raft.server.rpc.timeout.max = 5200ms (custom)
2019-08-29 09:25:56,156 [pool-169-thread-1] INFO  server.RaftServerConfigKeys (ConfUtils.java:logGet(43)) - raft.server.rpcslowness.timeout = 120s (custom)
2019-08-29 09:25:56,156 [pool-169-thread-1] INFO  server.RaftServerConfigKeys (ConfUtils.java:logGet(43)) - raft.server.sleep.deviation.threshold = 300 (default)
2019-08-29 09:25:56,156 [pool-169-thread-1] INFO  server.RaftServerConfigKeys (ConfUtils.java:logGet(43)) - raft.server.log.appender.install.snapshot.enabled = false (custom)
2019-08-29 09:25:56,156 [pool-169-thread-1] INFO  impl.RaftServerImpl (ServerState.java:<init>(105)) - 3f79815e-7f99-4beb-9a2e-82e095091155:group-E298C8967908 ConfigurationManager, init=-1: [3f79815e-7f99-4beb-9a2e-82e095091155:192.168.34.42:41901], old=null, confs=<EMPTY_MAP>
2019-08-29 09:25:56,156 [pool-169-thread-1] INFO  server.RaftServerConfigKeys (ConfUtils.java:logGet(43)) - raft.server.storage.dir = [/workdir/hadoop-ozone/integration-test/target/test-dir/MiniOzoneClusterImpl-9bf9cf36-d6cd-47fd-9c9b-dd857e6ac4dc/datanode-5/data/ratis] (custom)
2019-08-29 09:25:56,157 [pool-169-thread-1] INFO  storage.RaftStorageDirectory (RaftStorageDirectory.java:analyzeStorage(246)) - The storage directory /workdir/hadoop-ozone/integration-test/target/test-dir/MiniOzoneClusterImpl-9bf9cf36-d6cd-47fd-9c9b-dd857e6ac4dc/datanode-5/data/ratis/08a6db95-f077-44ed-b9b1-e298c8967908 does not exist. Creating ...
2019-08-29 09:25:56,170 [pool-169-thread-1] INFO  storage.RaftStorageDirectory (RaftStorageDirectory.java:tryLock(328)) - Lock on /workdir/hadoop-ozone/integration-test/target/test-dir/MiniOzoneClusterImpl-9bf9cf36-d6cd-47fd-9c9b-dd857e6ac4dc/datanode-5/data/ratis/08a6db95-f077-44ed-b9b1-e298c8967908/in_use.lock acquired by nodename 1112@pr-hdds-1054-cqztt-1934904501
2019-08-29 09:25:56,179 [main] INFO  ozone.MiniOzoneClusterImpl (MiniOzoneClusterImpl.java:lambda$waitForClusterToBeReady$0(140)) - Waiting for cluster to be ready. Got 6 of 7 DN Heartbeats.
2019-08-29 09:25:56,180 [IPC Server handler 2 on 39766] INFO  net.NetworkTopology (NetworkTopologyImpl.java:add(110)) - Added a new node: /default-rack/6a7e6612-29e0-44a1-aac0-71b0e452239a
2019-08-29 09:25:56,180 [IPC Server handler 2 on 39766] INFO  node.SCMNodeManager (SCMNodeManager.java:register(273)) - Registered Data node : 6a7e6612-29e0-44a1-aac0-71b0e452239a{ip: 192.168.34.42, host: pr-hdds-1054-cqztt-1934904501, networkLocation: /default-rack, certSerialId: null}
2019-08-29 09:25:56,181 | INFO  | SCMAudit | user=jenkins1000 | ip=192.168.34.42 | op=REGISTER {datanodeDetails=6a7e6612-29e0-44a1-aac0-71b0e452239a{ip: 192.168.34.42, host: pr-hdds-1054-cqztt-1934904501, networkLocation: /default-rack, certSerialId: null}} | ret=SUCCESS |  
2019-08-29 09:25:56,184 [pool-169-thread-1] INFO  storage.RaftStorage (RaftStorage.java:format(72)) - Storage directory /workdir/hadoop-ozone/integration-test/target/test-dir/MiniOzoneClusterImpl-9bf9cf36-d6cd-47fd-9c9b-dd857e6ac4dc/datanode-5/data/ratis/08a6db95-f077-44ed-b9b1-e298c8967908 has been successfully formatted.
2019-08-29 09:25:56,184 [pool-169-thread-1] INFO  ratis.ContainerStateMachine (ContainerStateMachine.java:loadSnapshot(227)) - group-E298C8967908: The snapshot info is null. Setting the last applied indexto:(t:0, i:~)
2019-08-29 09:25:56,184 [pool-169-thread-1] INFO  server.RaftServerConfigKeys (ConfUtils.java:logGet(43)) - raft.server.leader.election.timeout = 120s (custom)
2019-08-29 09:25:56,184 [pool-169-thread-1] INFO  server.RaftServerConfigKeys (ConfUtils.java:logGet(43)) - raft.server.log.use.memory = false (default)
2019-08-29 09:25:56,185 [pool-169-thread-1] INFO  server.RaftServerConfigKeys (ConfUtils.java:logGet(43)) - raft.server.log.purge.gap = 1000000 (custom)
2019-08-29 09:25:56,185 [pool-169-thread-1] INFO  server.RaftServerConfigKeys (ConfUtils.java:logGet(43)) - raft.server.log.appender.buffer.byte-limit = 33554432 (custom)
2019-08-29 09:25:56,185 [pool-169-thread-1] INFO  server.RaftServerConfigKeys (ConfUtils.java:logGet(43)) - raft.server.log.segment.size.max = 1048576 (custom)
2019-08-29 09:25:56,185 [pool-169-thread-1] INFO  server.RaftServerConfigKeys (ConfUtils.java:logGet(43)) - raft.server.log.segment.cache.num.max = 2 (custom)
2019-08-29 09:25:56,185 [pool-169-thread-1] INFO  segmented.SegmentedRaftLogWorker (SegmentedRaftLogWorker.java:<init>(172)) - new 3f79815e-7f99-4beb-9a2e-82e095091155-SegmentedRaftLogWorker:Storage Directory /workdir/hadoop-ozone/integration-test/target/test-dir/MiniOzoneClusterImpl-9bf9cf36-d6cd-47fd-9c9b-dd857e6ac4dc/datanode-5/data/ratis/08a6db95-f077-44ed-b9b1-e298c8967908 for RaftStorage:Storage Directory /workdir/hadoop-ozone/integration-test/target/test-dir/MiniOzoneClusterImpl-9bf9cf36-d6cd-47fd-9c9b-dd857e6ac4dc/datanode-5/data/ratis/08a6db95-f077-44ed-b9b1-e298c8967908
2019-08-29 09:25:56,185 [pool-169-thread-1] INFO  server.RaftServerConfigKeys (ConfUtils.java:logGet(43)) - raft.server.log.queue.byte-limit = 2147483647 (custom)
2019-08-29 09:25:56,185 [pool-169-thread-1] INFO  server.RaftServerConfigKeys (ConfUtils.java:logGet(43)) - raft.server.log.queue.element-limit = 1024 (custom)
2019-08-29 09:25:56,186 [pool-169-thread-1] INFO  server.RaftServerConfigKeys (ConfUtils.java:logGet(43)) - raft.server.log.segment.size.max = 1048576 (custom)
2019-08-29 09:25:56,186 [pool-169-thread-1] INFO  server.RaftServerConfigKeys (ConfUtils.java:logGet(43)) - raft.server.log.preallocated.size = 16384 (custom)
2019-08-29 09:25:56,186 [pool-169-thread-1] INFO  server.RaftServerConfigKeys (ConfUtils.java:logGet(43)) - raft.server.log.write.buffer.size = 33554432 (custom)
2019-08-29 09:25:56,186 [pool-169-thread-1] INFO  server.RaftServerConfigKeys (ConfUtils.java:logGet(43)) - raft.server.log.force.sync.num = 128 (default)
2019-08-29 09:25:56,186 [pool-169-thread-1] INFO  server.RaftServerConfigKeys (ConfUtils.java:logGet(43)) - raft.server.log.statemachine.data.sync = true (default)
2019-08-29 09:25:56,186 [pool-169-thread-1] INFO  server.RaftServerConfigKeys (ConfUtils.java:logGet(43)) - raft.server.log.statemachine.data.sync.timeout = 10s (default)
2019-08-29 09:25:56,187 [pool-169-thread-1] INFO  server.RaftServerConfigKeys (ConfUtils.java:logGet(43)) - raft.server.log.statemachine.data.sync.timeout.retry = -1 (default)
2019-08-29 09:25:56,187 [pool-169-thread-1] INFO  server.RaftServerConfigKeys (ConfUtils.java:logGet(43)) - raft.server.log.statemachine.data.caching.enabled = true (custom)
2019-08-29 09:25:56,187 [pool-169-thread-1] INFO  segmented.SegmentedRaftLogWorker (SegmentedRaftLogWorker.java:lambda$new$0(132)) - 3f79815e-7f99-4beb-9a2e-82e095091155-SegmentedRaftLogWorker:Storage Directory /workdir/hadoop-ozone/integration-test/target/test-dir/MiniOzoneClusterImpl-9bf9cf36-d6cd-47fd-9c9b-dd857e6ac4dc/datanode-5/data/ratis/08a6db95-f077-44ed-b9b1-e298c8967908: flushIndex: setUnconditionally 0 -> -1
2019-08-29 09:25:56,188 [pool-169-thread-1] INFO  server.RaftServerConfigKeys (ConfUtils.java:logGet(43)) - raft.server.snapshot.auto.trigger.enabled = true (custom)
2019-08-29 09:25:56,188 [pool-169-thread-1] INFO  server.RaftServerConfigKeys (ConfUtils.java:logGet(43)) - raft.server.snapshot.auto.trigger.threshold = 10000 (custom)
2019-08-29 09:25:56,188 [pool-169-thread-1] INFO  server.RaftServerConfigKeys (ConfUtils.java:logGet(43)) - raft.server.retrycache.expirytime = 600000ms (custom)
2019-08-29 09:25:56,188 [pool-169-thread-1] INFO  impl.RaftServerImpl (RaftServerImpl.java:start(180)) - 3f79815e-7f99-4beb-9a2e-82e095091155: start group-E298C8967908
2019-08-29 09:25:56,188 [pool-169-thread-1] INFO  impl.RaftServerImpl (RaftServerImpl.java:setRole(171)) - 3f79815e-7f99-4beb-9a2e-82e095091155:group-E298C8967908 changes role from null to FOLLOWER at term 0 for startAsFollower
2019-08-29 09:25:56,189 [pool-169-thread-1] INFO  impl.RoleInfo (RoleInfo.java:updateAndGet(143)) - 3f79815e-7f99-4beb-9a2e-82e095091155: start FollowerState
2019-08-29 09:25:56,189 [pool-169-thread-1] INFO  util.JmxRegister (JmxRegister.java:tryRegister(44)) - Successfully registered JMX Bean with object name Ratis:service=RaftServer,group=group-E298C8967908,id=3f79815e-7f99-4beb-9a2e-82e095091155
2019-08-29 09:25:56,194 [RatisPipelineUtilsThread] INFO  pipeline.PipelineStateManager (PipelineStateManager.java:addPipeline(56)) - Created pipeline Pipeline[ Id: 08a6db95-f077-44ed-b9b1-e298c8967908, Nodes: 3f79815e-7f99-4beb-9a2e-82e095091155{ip: 192.168.34.42, host: pr-hdds-1054-cqztt-1934904501, networkLocation: /default-rack, certSerialId: null}, Type:RATIS, Factor:ONE, State:OPEN]
2019-08-29 09:25:56,204 [grpc-default-executor-0] INFO  impl.RaftServerProxy (RaftServerProxy.java:addNew(89)) - 6a7e6612-29e0-44a1-aac0-71b0e452239a: addNew group-AD04BC0FCB7F:[6a7e6612-29e0-44a1-aac0-71b0e452239a:192.168.34.42:32993] returns group-AD04BC0FCB7F:java.util.concurrent.CompletableFuture@5f690236[Not completed]
2019-08-29 09:25:56,209 [pool-179-thread-1] INFO  impl.RaftServerImpl (RaftServerImpl.java:<init>(93)) - 6a7e6612-29e0-44a1-aac0-71b0e452239a: new RaftServerImpl for group-AD04BC0FCB7F:[6a7e6612-29e0-44a1-aac0-71b0e452239a:192.168.34.42:32993] with ContainerStateMachine:uninitialized
2019-08-29 09:25:56,209 [pool-179-thread-1] INFO  server.RaftServerConfigKeys (ConfUtils.java:logGet(43)) - raft.server.rpc.timeout.min = 5s (custom)
2019-08-29 09:25:56,210 [pool-179-thread-1] INFO  server.RaftServerConfigKeys (ConfUtils.java:logGet(43)) - raft.server.rpc.timeout.max = 5200ms (custom)
2019-08-29 09:25:56,210 [pool-179-thread-1] INFO  server.RaftServerConfigKeys (ConfUtils.java:logGet(43)) - raft.server.rpcslowness.timeout = 120s (custom)
2019-08-29 09:25:56,210 [pool-179-thread-1] INFO  server.RaftServerConfigKeys (ConfUtils.java:logGet(43)) - raft.server.sleep.deviation.threshold = 300 (default)
2019-08-29 09:25:56,210 [pool-179-thread-1] INFO  server.RaftServerConfigKeys (ConfUtils.java:logGet(43)) - raft.server.log.appender.install.snapshot.enabled = false (custom)
2019-08-29 09:25:56,210 [pool-179-thread-1] INFO  impl.RaftServerImpl (ServerState.java:<init>(105)) - 6a7e6612-29e0-44a1-aac0-71b0e452239a:group-AD04BC0FCB7F ConfigurationManager, init=-1: [6a7e6612-29e0-44a1-aac0-71b0e452239a:192.168.34.42:32993], old=null, confs=<EMPTY_MAP>
2019-08-29 09:25:56,210 [pool-179-thread-1] INFO  server.RaftServerConfigKeys (ConfUtils.java:logGet(43)) - raft.server.storage.dir = [/workdir/hadoop-ozone/integration-test/target/test-dir/MiniOzoneClusterImpl-9bf9cf36-d6cd-47fd-9c9b-dd857e6ac4dc/datanode-6/data/ratis] (custom)
2019-08-29 09:25:56,211 [pool-179-thread-1] INFO  storage.RaftStorageDirectory (RaftStorageDirectory.java:analyzeStorage(246)) - The storage directory /workdir/hadoop-ozone/integration-test/target/test-dir/MiniOzoneClusterImpl-9bf9cf36-d6cd-47fd-9c9b-dd857e6ac4dc/datanode-6/data/ratis/90880b2b-9d08-46a8-9977-ad04bc0fcb7f does not exist. Creating ...
2019-08-29 09:25:56,224 [pool-179-thread-1] INFO  storage.RaftStorageDirectory (RaftStorageDirectory.java:tryLock(328)) - Lock on /workdir/hadoop-ozone/integration-test/target/test-dir/MiniOzoneClusterImpl-9bf9cf36-d6cd-47fd-9c9b-dd857e6ac4dc/datanode-6/data/ratis/90880b2b-9d08-46a8-9977-ad04bc0fcb7f/in_use.lock acquired by nodename 1112@pr-hdds-1054-cqztt-1934904501
2019-08-29 09:25:56,236 [pool-179-thread-1] INFO  storage.RaftStorage (RaftStorage.java:format(72)) - Storage directory /workdir/hadoop-ozone/integration-test/target/test-dir/MiniOzoneClusterImpl-9bf9cf36-d6cd-47fd-9c9b-dd857e6ac4dc/datanode-6/data/ratis/90880b2b-9d08-46a8-9977-ad04bc0fcb7f has been successfully formatted.
2019-08-29 09:25:56,237 [pool-179-thread-1] INFO  ratis.ContainerStateMachine (ContainerStateMachine.java:loadSnapshot(227)) - group-AD04BC0FCB7F: The snapshot info is null. Setting the last applied indexto:(t:0, i:~)
2019-08-29 09:25:56,237 [pool-179-thread-1] INFO  server.RaftServerConfigKeys (ConfUtils.java:logGet(43)) - raft.server.leader.election.timeout = 120s (custom)
2019-08-29 09:25:56,237 [pool-179-thread-1] INFO  server.RaftServerConfigKeys (ConfUtils.java:logGet(43)) - raft.server.log.use.memory = false (default)
2019-08-29 09:25:56,237 [pool-179-thread-1] INFO  server.RaftServerConfigKeys (ConfUtils.java:logGet(43)) - raft.server.log.purge.gap = 1000000 (custom)
2019-08-29 09:25:56,237 [pool-179-thread-1] INFO  server.RaftServerConfigKeys (ConfUtils.java:logGet(43)) - raft.server.log.appender.buffer.byte-limit = 33554432 (custom)
2019-08-29 09:25:56,237 [pool-179-thread-1] INFO  server.RaftServerConfigKeys (ConfUtils.java:logGet(43)) - raft.server.log.segment.size.max = 1048576 (custom)
2019-08-29 09:25:56,237 [pool-179-thread-1] INFO  server.RaftServerConfigKeys (ConfUtils.java:logGet(43)) - raft.server.log.segment.cache.num.max = 2 (custom)
2019-08-29 09:25:56,237 [pool-179-thread-1] INFO  segmented.SegmentedRaftLogWorker (SegmentedRaftLogWorker.java:<init>(172)) - new 6a7e6612-29e0-44a1-aac0-71b0e452239a-SegmentedRaftLogWorker:Storage Directory /workdir/hadoop-ozone/integration-test/target/test-dir/MiniOzoneClusterImpl-9bf9cf36-d6cd-47fd-9c9b-dd857e6ac4dc/datanode-6/data/ratis/90880b2b-9d08-46a8-9977-ad04bc0fcb7f for RaftStorage:Storage Directory /workdir/hadoop-ozone/integration-test/target/test-dir/MiniOzoneClusterImpl-9bf9cf36-d6cd-47fd-9c9b-dd857e6ac4dc/datanode-6/data/ratis/90880b2b-9d08-46a8-9977-ad04bc0fcb7f
2019-08-29 09:25:56,238 [pool-179-thread-1] INFO  server.RaftServerConfigKeys (ConfUtils.java:logGet(43)) - raft.server.log.queue.byte-limit = 2147483647 (custom)
2019-08-29 09:25:56,238 [pool-179-thread-1] INFO  server.RaftServerConfigKeys (ConfUtils.java:logGet(43)) - raft.server.log.queue.element-limit = 1024 (custom)
2019-08-29 09:25:56,238 [pool-179-thread-1] INFO  server.RaftServerConfigKeys (ConfUtils.java:logGet(43)) - raft.server.log.segment.size.max = 1048576 (custom)
2019-08-29 09:25:56,238 [pool-179-thread-1] INFO  server.RaftServerConfigKeys (ConfUtils.java:logGet(43)) - raft.server.log.preallocated.size = 16384 (custom)
2019-08-29 09:25:56,238 [pool-179-thread-1] INFO  server.RaftServerConfigKeys (ConfUtils.java:logGet(43)) - raft.server.log.write.buffer.size = 33554432 (custom)
2019-08-29 09:25:56,238 [pool-179-thread-1] INFO  server.RaftServerConfigKeys (ConfUtils.java:logGet(43)) - raft.server.log.force.sync.num = 128 (default)
2019-08-29 09:25:56,238 [pool-179-thread-1] INFO  server.RaftServerConfigKeys (ConfUtils.java:logGet(43)) - raft.server.log.statemachine.data.sync = true (default)
2019-08-29 09:25:56,239 [pool-179-thread-1] INFO  server.RaftServerConfigKeys (ConfUtils.java:logGet(43)) - raft.server.log.statemachine.data.sync.timeout = 10s (default)
2019-08-29 09:25:56,239 [pool-179-thread-1] INFO  server.RaftServerConfigKeys (ConfUtils.java:logGet(43)) - raft.server.log.statemachine.data.sync.timeout.retry = -1 (default)
2019-08-29 09:25:56,239 [pool-179-thread-1] INFO  server.RaftServerConfigKeys (ConfUtils.java:logGet(43)) - raft.server.log.statemachine.data.caching.enabled = true (custom)
2019-08-29 09:25:56,239 [pool-179-thread-1] INFO  segmented.SegmentedRaftLogWorker (SegmentedRaftLogWorker.java:lambda$new$0(132)) - 6a7e6612-29e0-44a1-aac0-71b0e452239a-SegmentedRaftLogWorker:Storage Directory /workdir/hadoop-ozone/integration-test/target/test-dir/MiniOzoneClusterImpl-9bf9cf36-d6cd-47fd-9c9b-dd857e6ac4dc/datanode-6/data/ratis/90880b2b-9d08-46a8-9977-ad04bc0fcb7f: flushIndex: setUnconditionally 0 -> -1
2019-08-29 09:25:56,239 [pool-179-thread-1] INFO  server.RaftServerConfigKeys (ConfUtils.java:logGet(43)) - raft.server.snapshot.auto.trigger.enabled = true (custom)
2019-08-29 09:25:56,239 [pool-179-thread-1] INFO  server.RaftServerConfigKeys (ConfUtils.java:logGet(43)) - raft.server.snapshot.auto.trigger.threshold = 10000 (custom)
2019-08-29 09:25:56,240 [pool-179-thread-1] INFO  server.RaftServerConfigKeys (ConfUtils.java:logGet(43)) - raft.server.retrycache.expirytime = 600000ms (custom)
2019-08-29 09:25:56,240 [pool-179-thread-1] INFO  impl.RaftServerImpl (RaftServerImpl.java:start(180)) - 6a7e6612-29e0-44a1-aac0-71b0e452239a: start group-AD04BC0FCB7F
2019-08-29 09:25:56,240 [pool-179-thread-1] INFO  impl.RaftServerImpl (RaftServerImpl.java:setRole(171)) - 6a7e6612-29e0-44a1-aac0-71b0e452239a:group-AD04BC0FCB7F changes role from null to FOLLOWER at term 0 for startAsFollower
2019-08-29 09:25:56,240 [pool-179-thread-1] INFO  impl.RoleInfo (RoleInfo.java:updateAndGet(143)) - 6a7e6612-29e0-44a1-aac0-71b0e452239a: start FollowerState
2019-08-29 09:25:56,240 [pool-179-thread-1] INFO  util.JmxRegister (JmxRegister.java:tryRegister(44)) - Successfully registered JMX Bean with object name Ratis:service=RaftServer,group=group-AD04BC0FCB7F,id=6a7e6612-29e0-44a1-aac0-71b0e452239a
2019-08-29 09:25:56,246 [RatisPipelineUtilsThread] INFO  pipeline.PipelineStateManager (PipelineStateManager.java:addPipeline(56)) - Created pipeline Pipeline[ Id: 90880b2b-9d08-46a8-9977-ad04bc0fcb7f, Nodes: 6a7e6612-29e0-44a1-aac0-71b0e452239a{ip: 192.168.34.42, host: pr-hdds-1054-cqztt-1934904501, networkLocation: /default-rack, certSerialId: null}, Type:RATIS, Factor:ONE, State:OPEN]
2019-08-29 09:25:56,262 [grpc-default-executor-1] INFO  impl.RaftServerProxy (RaftServerProxy.java:addNew(89)) - 3f79815e-7f99-4beb-9a2e-82e095091155: addNew group-9004D472383C:[acfe46ce-d7f7-44ce-ad8e-18450e3ff75e:192.168.34.42:44704, 6a7e6612-29e0-44a1-aac0-71b0e452239a:192.168.34.42:32993, 3f79815e-7f99-4beb-9a2e-82e095091155:192.168.34.42:41901] returns group-9004D472383C:java.util.concurrent.CompletableFuture@7d2fb421[Not completed]
2019-08-29 09:25:56,262 [grpc-default-executor-3] INFO  impl.RaftServerProxy (RaftServerProxy.java:addNew(89)) - acfe46ce-d7f7-44ce-ad8e-18450e3ff75e: addNew group-9004D472383C:[acfe46ce-d7f7-44ce-ad8e-18450e3ff75e:192.168.34.42:44704, 6a7e6612-29e0-44a1-aac0-71b0e452239a:192.168.34.42:32993, 3f79815e-7f99-4beb-9a2e-82e095091155:192.168.34.42:41901] returns group-9004D472383C:java.util.concurrent.CompletableFuture@3f9e905f[Not completed]
2019-08-29 09:25:56,262 [grpc-default-executor-0] INFO  impl.RaftServerProxy (RaftServerProxy.java:addNew(89)) - 6a7e6612-29e0-44a1-aac0-71b0e452239a: addNew group-9004D472383C:[acfe46ce-d7f7-44ce-ad8e-18450e3ff75e:192.168.34.42:44704, 6a7e6612-29e0-44a1-aac0-71b0e452239a:192.168.34.42:32993, 3f79815e-7f99-4beb-9a2e-82e095091155:192.168.34.42:41901] returns group-9004D472383C:java.util.concurrent.CompletableFuture@29896ebf[Not completed]
2019-08-29 09:25:56,263 [pool-169-thread-1] INFO  impl.RaftServerImpl (RaftServerImpl.java:<init>(93)) - 3f79815e-7f99-4beb-9a2e-82e095091155: new RaftServerImpl for group-9004D472383C:[acfe46ce-d7f7-44ce-ad8e-18450e3ff75e:192.168.34.42:44704, 6a7e6612-29e0-44a1-aac0-71b0e452239a:192.168.34.42:32993, 3f79815e-7f99-4beb-9a2e-82e095091155:192.168.34.42:41901] with ContainerStateMachine:uninitialized
2019-08-29 09:25:56,263 [pool-169-thread-1] INFO  server.RaftServerConfigKeys (ConfUtils.java:logGet(43)) - raft.server.rpc.timeout.min = 5s (custom)
2019-08-29 09:25:56,263 [pool-169-thread-1] INFO  server.RaftServerConfigKeys (ConfUtils.java:logGet(43)) - raft.server.rpc.timeout.max = 5200ms (custom)
2019-08-29 09:25:56,264 [pool-169-thread-1] INFO  server.RaftServerConfigKeys (ConfUtils.java:logGet(43)) - raft.server.rpcslowness.timeout = 120s (custom)
2019-08-29 09:25:56,264 [pool-169-thread-1] INFO  server.RaftServerConfigKeys (ConfUtils.java:logGet(43)) - raft.server.sleep.deviation.threshold = 300 (default)
2019-08-29 09:25:56,264 [pool-169-thread-1] INFO  server.RaftServerConfigKeys (ConfUtils.java:logGet(43)) - raft.server.log.appender.install.snapshot.enabled = false (custom)
2019-08-29 09:25:56,264 [pool-169-thread-1] INFO  impl.RaftServerImpl (ServerState.java:<init>(105)) - 3f79815e-7f99-4beb-9a2e-82e095091155:group-9004D472383C ConfigurationManager, init=-1: [acfe46ce-d7f7-44ce-ad8e-18450e3ff75e:192.168.34.42:44704, 6a7e6612-29e0-44a1-aac0-71b0e452239a:192.168.34.42:32993, 3f79815e-7f99-4beb-9a2e-82e095091155:192.168.34.42:41901], old=null, confs=<EMPTY_MAP>
2019-08-29 09:25:56,264 [pool-169-thread-1] INFO  server.RaftServerConfigKeys (ConfUtils.java:logGet(43)) - raft.server.storage.dir = [/workdir/hadoop-ozone/integration-test/target/test-dir/MiniOzoneClusterImpl-9bf9cf36-d6cd-47fd-9c9b-dd857e6ac4dc/datanode-5/data/ratis] (custom)
2019-08-29 09:25:56,264 [pool-179-thread-1] INFO  impl.RaftServerImpl (RaftServerImpl.java:<init>(93)) - 6a7e6612-29e0-44a1-aac0-71b0e452239a: new RaftServerImpl for group-9004D472383C:[acfe46ce-d7f7-44ce-ad8e-18450e3ff75e:192.168.34.42:44704, 6a7e6612-29e0-44a1-aac0-71b0e452239a:192.168.34.42:32993, 3f79815e-7f99-4beb-9a2e-82e095091155:192.168.34.42:41901] with ContainerStateMachine:uninitialized
2019-08-29 09:25:56,264 [pool-179-thread-1] INFO  server.RaftServerConfigKeys (ConfUtils.java:logGet(43)) - raft.server.rpc.timeout.min = 5s (custom)
2019-08-29 09:25:56,264 [pool-169-thread-1] INFO  storage.RaftStorageDirectory (RaftStorageDirectory.java:analyzeStorage(246)) - The storage directory /workdir/hadoop-ozone/integration-test/target/test-dir/MiniOzoneClusterImpl-9bf9cf36-d6cd-47fd-9c9b-dd857e6ac4dc/datanode-5/data/ratis/6921d809-4014-4c32-a878-9004d472383c does not exist. Creating ...
2019-08-29 09:25:56,264 [pool-179-thread-1] INFO  server.RaftServerConfigKeys (ConfUtils.java:logGet(43)) - raft.server.rpc.timeout.max = 5200ms (custom)
2019-08-29 09:25:56,265 [pool-149-thread-1] INFO  impl.RaftServerImpl (RaftServerImpl.java:<init>(93)) - acfe46ce-d7f7-44ce-ad8e-18450e3ff75e: new RaftServerImpl for group-9004D472383C:[acfe46ce-d7f7-44ce-ad8e-18450e3ff75e:192.168.34.42:44704, 6a7e6612-29e0-44a1-aac0-71b0e452239a:192.168.34.42:32993, 3f79815e-7f99-4beb-9a2e-82e095091155:192.168.34.42:41901] with ContainerStateMachine:uninitialized
2019-08-29 09:25:56,265 [pool-179-thread-1] INFO  server.RaftServerConfigKeys (ConfUtils.java:logGet(43)) - raft.server.rpcslowness.timeout = 120s (custom)
2019-08-29 09:25:56,265 [pool-149-thread-1] INFO  server.RaftServerConfigKeys (ConfUtils.java:logGet(43)) - raft.server.rpc.timeout.min = 5s (custom)
2019-08-29 09:25:56,265 [pool-179-thread-1] INFO  server.RaftServerConfigKeys (ConfUtils.java:logGet(43)) - raft.server.sleep.deviation.threshold = 300 (default)
2019-08-29 09:25:56,265 [pool-149-thread-1] INFO  server.RaftServerConfigKeys (ConfUtils.java:logGet(43)) - raft.server.rpc.timeout.max = 5200ms (custom)
2019-08-29 09:25:56,265 [pool-179-thread-1] INFO  server.RaftServerConfigKeys (ConfUtils.java:logGet(43)) - raft.server.log.appender.install.snapshot.enabled = false (custom)
2019-08-29 09:25:56,265 [pool-149-thread-1] INFO  server.RaftServerConfigKeys (ConfUtils.java:logGet(43)) - raft.server.rpcslowness.timeout = 120s (custom)
2019-08-29 09:25:56,265 [pool-179-thread-1] INFO  impl.RaftServerImpl (ServerState.java:<init>(105)) - 6a7e6612-29e0-44a1-aac0-71b0e452239a:group-9004D472383C ConfigurationManager, init=-1: [acfe46ce-d7f7-44ce-ad8e-18450e3ff75e:192.168.34.42:44704, 6a7e6612-29e0-44a1-aac0-71b0e452239a:192.168.34.42:32993, 3f79815e-7f99-4beb-9a2e-82e095091155:192.168.34.42:41901], old=null, confs=<EMPTY_MAP>
2019-08-29 09:25:56,265 [pool-149-thread-1] INFO  server.RaftServerConfigKeys (ConfUtils.java:logGet(43)) - raft.server.sleep.deviation.threshold = 300 (default)
2019-08-29 09:25:56,265 [pool-179-thread-1] INFO  server.RaftServerConfigKeys (ConfUtils.java:logGet(43)) - raft.server.storage.dir = [/workdir/hadoop-ozone/integration-test/target/test-dir/MiniOzoneClusterImpl-9bf9cf36-d6cd-47fd-9c9b-dd857e6ac4dc/datanode-6/data/ratis] (custom)
2019-08-29 09:25:56,265 [pool-149-thread-1] INFO  server.RaftServerConfigKeys (ConfUtils.java:logGet(43)) - raft.server.log.appender.install.snapshot.enabled = false (custom)
2019-08-29 09:25:56,266 [pool-149-thread-1] INFO  impl.RaftServerImpl (ServerState.java:<init>(105)) - acfe46ce-d7f7-44ce-ad8e-18450e3ff75e:group-9004D472383C ConfigurationManager, init=-1: [acfe46ce-d7f7-44ce-ad8e-18450e3ff75e:192.168.34.42:44704, 6a7e6612-29e0-44a1-aac0-71b0e452239a:192.168.34.42:32993, 3f79815e-7f99-4beb-9a2e-82e095091155:192.168.34.42:41901], old=null, confs=<EMPTY_MAP>
2019-08-29 09:25:56,266 [pool-179-thread-1] INFO  storage.RaftStorageDirectory (RaftStorageDirectory.java:analyzeStorage(246)) - The storage directory /workdir/hadoop-ozone/integration-test/target/test-dir/MiniOzoneClusterImpl-9bf9cf36-d6cd-47fd-9c9b-dd857e6ac4dc/datanode-6/data/ratis/6921d809-4014-4c32-a878-9004d472383c does not exist. Creating ...
2019-08-29 09:25:56,266 [pool-149-thread-1] INFO  server.RaftServerConfigKeys (ConfUtils.java:logGet(43)) - raft.server.storage.dir = [/workdir/hadoop-ozone/integration-test/target/test-dir/MiniOzoneClusterImpl-9bf9cf36-d6cd-47fd-9c9b-dd857e6ac4dc/datanode-3/data/ratis] (custom)
2019-08-29 09:25:56,266 [pool-149-thread-1] INFO  storage.RaftStorageDirectory (RaftStorageDirectory.java:analyzeStorage(246)) - The storage directory /workdir/hadoop-ozone/integration-test/target/test-dir/MiniOzoneClusterImpl-9bf9cf36-d6cd-47fd-9c9b-dd857e6ac4dc/datanode-3/data/ratis/6921d809-4014-4c32-a878-9004d472383c does not exist. Creating ...
2019-08-29 09:25:56,278 [pool-149-thread-1] INFO  storage.RaftStorageDirectory (RaftStorageDirectory.java:tryLock(328)) - Lock on /workdir/hadoop-ozone/integration-test/target/test-dir/MiniOzoneClusterImpl-9bf9cf36-d6cd-47fd-9c9b-dd857e6ac4dc/datanode-3/data/ratis/6921d809-4014-4c32-a878-9004d472383c/in_use.lock acquired by nodename 1112@pr-hdds-1054-cqztt-1934904501
2019-08-29 09:25:56,278 [pool-169-thread-1] INFO  storage.RaftStorageDirectory (RaftStorageDirectory.java:tryLock(328)) - Lock on /workdir/hadoop-ozone/integration-test/target/test-dir/MiniOzoneClusterImpl-9bf9cf36-d6cd-47fd-9c9b-dd857e6ac4dc/datanode-5/data/ratis/6921d809-4014-4c32-a878-9004d472383c/in_use.lock acquired by nodename 1112@pr-hdds-1054-cqztt-1934904501
2019-08-29 09:25:56,278 [pool-179-thread-1] INFO  storage.RaftStorageDirectory (RaftStorageDirectory.java:tryLock(328)) - Lock on /workdir/hadoop-ozone/integration-test/target/test-dir/MiniOzoneClusterImpl-9bf9cf36-d6cd-47fd-9c9b-dd857e6ac4dc/datanode-6/data/ratis/6921d809-4014-4c32-a878-9004d472383c/in_use.lock acquired by nodename 1112@pr-hdds-1054-cqztt-1934904501
2019-08-29 09:25:56,291 [pool-169-thread-1] INFO  storage.RaftStorage (RaftStorage.java:format(72)) - Storage directory /workdir/hadoop-ozone/integration-test/target/test-dir/MiniOzoneClusterImpl-9bf9cf36-d6cd-47fd-9c9b-dd857e6ac4dc/datanode-5/data/ratis/6921d809-4014-4c32-a878-9004d472383c has been successfully formatted.
2019-08-29 09:25:56,291 [pool-179-thread-1] INFO  storage.RaftStorage (RaftStorage.java:format(72)) - Storage directory /workdir/hadoop-ozone/integration-test/target/test-dir/MiniOzoneClusterImpl-9bf9cf36-d6cd-47fd-9c9b-dd857e6ac4dc/datanode-6/data/ratis/6921d809-4014-4c32-a878-9004d472383c has been successfully formatted.
2019-08-29 09:25:56,291 [pool-149-thread-1] INFO  storage.RaftStorage (RaftStorage.java:format(72)) - Storage directory /workdir/hadoop-ozone/integration-test/target/test-dir/MiniOzoneClusterImpl-9bf9cf36-d6cd-47fd-9c9b-dd857e6ac4dc/datanode-3/data/ratis/6921d809-4014-4c32-a878-9004d472383c has been successfully formatted.
2019-08-29 09:25:56,292 [pool-179-thread-1] INFO  ratis.ContainerStateMachine (ContainerStateMachine.java:loadSnapshot(227)) - group-9004D472383C: The snapshot info is null. Setting the last applied indexto:(t:0, i:~)
2019-08-29 09:25:56,292 [pool-169-thread-1] INFO  ratis.ContainerStateMachine (ContainerStateMachine.java:loadSnapshot(227)) - group-9004D472383C: The snapshot info is null. Setting the last applied indexto:(t:0, i:~)
2019-08-29 09:25:56,292 [pool-179-thread-1] INFO  server.RaftServerConfigKeys (ConfUtils.java:logGet(43)) - raft.server.leader.election.timeout = 120s (custom)
2019-08-29 09:25:56,292 [pool-149-thread-1] INFO  ratis.ContainerStateMachine (ContainerStateMachine.java:loadSnapshot(227)) - group-9004D472383C: The snapshot info is null. Setting the last applied indexto:(t:0, i:~)
2019-08-29 09:25:56,292 [pool-179-thread-1] INFO  server.RaftServerConfigKeys (ConfUtils.java:logGet(43)) - raft.server.log.use.memory = false (default)
2019-08-29 09:25:56,292 [pool-169-thread-1] INFO  server.RaftServerConfigKeys (ConfUtils.java:logGet(43)) - raft.server.leader.election.timeout = 120s (custom)
2019-08-29 09:25:56,292 [pool-179-thread-1] INFO  server.RaftServerConfigKeys (ConfUtils.java:logGet(43)) - raft.server.log.purge.gap = 1000000 (custom)
2019-08-29 09:25:56,292 [pool-149-thread-1] INFO  server.RaftServerConfigKeys (ConfUtils.java:logGet(43)) - raft.server.leader.election.timeout = 120s (custom)
2019-08-29 09:25:56,292 [pool-179-thread-1] INFO  server.RaftServerConfigKeys (ConfUtils.java:logGet(43)) - raft.server.log.appender.buffer.byte-limit = 33554432 (custom)
2019-08-29 09:25:56,292 [pool-169-thread-1] INFO  server.RaftServerConfigKeys (ConfUtils.java:logGet(43)) - raft.server.log.use.memory = false (default)
2019-08-29 09:25:56,293 [pool-179-thread-1] INFO  server.RaftServerConfigKeys (ConfUtils.java:logGet(43)) - raft.server.log.segment.size.max = 1048576 (custom)
2019-08-29 09:25:56,292 [pool-149-thread-1] INFO  server.RaftServerConfigKeys (ConfUtils.java:logGet(43)) - raft.server.log.use.memory = false (default)
2019-08-29 09:25:56,293 [pool-179-thread-1] INFO  server.RaftServerConfigKeys (ConfUtils.java:logGet(43)) - raft.server.log.segment.cache.num.max = 2 (custom)
2019-08-29 09:25:56,293 [pool-169-thread-1] INFO  server.RaftServerConfigKeys (ConfUtils.java:logGet(43)) - raft.server.log.purge.gap = 1000000 (custom)
2019-08-29 09:25:56,293 [pool-179-thread-1] INFO  segmented.SegmentedRaftLogWorker (SegmentedRaftLogWorker.java:<init>(172)) - new 6a7e6612-29e0-44a1-aac0-71b0e452239a-SegmentedRaftLogWorker:Storage Directory /workdir/hadoop-ozone/integration-test/target/test-dir/MiniOzoneClusterImpl-9bf9cf36-d6cd-47fd-9c9b-dd857e6ac4dc/datanode-6/data/ratis/6921d809-4014-4c32-a878-9004d472383c for RaftStorage:Storage Directory /workdir/hadoop-ozone/integration-test/target/test-dir/MiniOzoneClusterImpl-9bf9cf36-d6cd-47fd-9c9b-dd857e6ac4dc/datanode-6/data/ratis/6921d809-4014-4c32-a878-9004d472383c
2019-08-29 09:25:56,293 [pool-149-thread-1] INFO  server.RaftServerConfigKeys (ConfUtils.java:logGet(43)) - raft.server.log.purge.gap = 1000000 (custom)
2019-08-29 09:25:56,293 [pool-179-thread-1] INFO  server.RaftServerConfigKeys (ConfUtils.java:logGet(43)) - raft.server.log.queue.byte-limit = 2147483647 (custom)
2019-08-29 09:25:56,293 [pool-169-thread-1] INFO  server.RaftServerConfigKeys (ConfUtils.java:logGet(43)) - raft.server.log.appender.buffer.byte-limit = 33554432 (custom)
2019-08-29 09:25:56,293 [pool-179-thread-1] INFO  server.RaftServerConfigKeys (ConfUtils.java:logGet(43)) - raft.server.log.queue.element-limit = 1024 (custom)
2019-08-29 09:25:56,293 [pool-149-thread-1] INFO  server.RaftServerConfigKeys (ConfUtils.java:logGet(43)) - raft.server.log.appender.buffer.byte-limit = 33554432 (custom)
2019-08-29 09:25:56,294 [pool-179-thread-1] INFO  server.RaftServerConfigKeys (ConfUtils.java:logGet(43)) - raft.server.log.segment.size.max = 1048576 (custom)
2019-08-29 09:25:56,294 [pool-169-thread-1] INFO  server.RaftServerConfigKeys (ConfUtils.java:logGet(43)) - raft.server.log.segment.size.max = 1048576 (custom)
2019-08-29 09:25:56,294 [pool-179-thread-1] INFO  server.RaftServerConfigKeys (ConfUtils.java:logGet(43)) - raft.server.log.preallocated.size = 16384 (custom)
2019-08-29 09:25:56,294 [pool-149-thread-1] INFO  server.RaftServerConfigKeys (ConfUtils.java:logGet(43)) - raft.server.log.segment.size.max = 1048576 (custom)
2019-08-29 09:25:56,294 [pool-179-thread-1] INFO  server.RaftServerConfigKeys (ConfUtils.java:logGet(43)) - raft.server.log.write.buffer.size = 33554432 (custom)
2019-08-29 09:25:56,294 [pool-169-thread-1] INFO  server.RaftServerConfigKeys (ConfUtils.java:logGet(43)) - raft.server.log.segment.cache.num.max = 2 (custom)
2019-08-29 09:25:56,294 [pool-179-thread-1] INFO  server.RaftServerConfigKeys (ConfUtils.java:logGet(43)) - raft.server.log.force.sync.num = 128 (default)
2019-08-29 09:25:56,294 [pool-149-thread-1] INFO  server.RaftServerConfigKeys (ConfUtils.java:logGet(43)) - raft.server.log.segment.cache.num.max = 2 (custom)
2019-08-29 09:25:56,294 [pool-179-thread-1] INFO  server.RaftServerConfigKeys (ConfUtils.java:logGet(43)) - raft.server.log.statemachine.data.sync = true (default)
2019-08-29 09:25:56,294 [pool-169-thread-1] INFO  segmented.SegmentedRaftLogWorker (SegmentedRaftLogWorker.java:<init>(172)) - new 3f79815e-7f99-4beb-9a2e-82e095091155-SegmentedRaftLogWorker:Storage Directory /workdir/hadoop-ozone/integration-test/target/test-dir/MiniOzoneClusterImpl-9bf9cf36-d6cd-47fd-9c9b-dd857e6ac4dc/datanode-5/data/ratis/6921d809-4014-4c32-a878-9004d472383c for RaftStorage:Storage Directory /workdir/hadoop-ozone/integration-test/target/test-dir/MiniOzoneClusterImpl-9bf9cf36-d6cd-47fd-9c9b-dd857e6ac4dc/datanode-5/data/ratis/6921d809-4014-4c32-a878-9004d472383c
2019-08-29 09:25:56,295 [pool-149-thread-1] INFO  segmented.SegmentedRaftLogWorker (SegmentedRaftLogWorker.java:<init>(172)) - new acfe46ce-d7f7-44ce-ad8e-18450e3ff75e-SegmentedRaftLogWorker:Storage Directory /workdir/hadoop-ozone/integration-test/target/test-dir/MiniOzoneClusterImpl-9bf9cf36-d6cd-47fd-9c9b-dd857e6ac4dc/datanode-3/data/ratis/6921d809-4014-4c32-a878-9004d472383c for RaftStorage:Storage Directory /workdir/hadoop-ozone/integration-test/target/test-dir/MiniOzoneClusterImpl-9bf9cf36-d6cd-47fd-9c9b-dd857e6ac4dc/datanode-3/data/ratis/6921d809-4014-4c32-a878-9004d472383c
2019-08-29 09:25:56,295 [pool-179-thread-1] INFO  server.RaftServerConfigKeys (ConfUtils.java:logGet(43)) - raft.server.log.statemachine.data.sync.timeout = 10s (default)
2019-08-29 09:25:56,295 [pool-169-thread-1] INFO  server.RaftServerConfigKeys (ConfUtils.java:logGet(43)) - raft.server.log.queue.byte-limit = 2147483647 (custom)
2019-08-29 09:25:56,295 [pool-179-thread-1] INFO  server.RaftServerConfigKeys (ConfUtils.java:logGet(43)) - raft.server.log.statemachine.data.sync.timeout.retry = -1 (default)
2019-08-29 09:25:56,295 [pool-149-thread-1] INFO  server.RaftServerConfigKeys (ConfUtils.java:logGet(43)) - raft.server.log.queue.byte-limit = 2147483647 (custom)
2019-08-29 09:25:56,295 [pool-179-thread-1] INFO  server.RaftServerConfigKeys (ConfUtils.java:logGet(43)) - raft.server.log.statemachine.data.caching.enabled = true (custom)
2019-08-29 09:25:56,295 [pool-169-thread-1] INFO  server.RaftServerConfigKeys (ConfUtils.java:logGet(43)) - raft.server.log.queue.element-limit = 1024 (custom)
2019-08-29 09:25:56,295 [pool-149-thread-1] INFO  server.RaftServerConfigKeys (ConfUtils.java:logGet(43)) - raft.server.log.queue.element-limit = 1024 (custom)
2019-08-29 09:25:56,296 [pool-179-thread-1] INFO  segmented.SegmentedRaftLogWorker (SegmentedRaftLogWorker.java:lambda$new$0(132)) - 6a7e6612-29e0-44a1-aac0-71b0e452239a-SegmentedRaftLogWorker:Storage Directory /workdir/hadoop-ozone/integration-test/target/test-dir/MiniOzoneClusterImpl-9bf9cf36-d6cd-47fd-9c9b-dd857e6ac4dc/datanode-6/data/ratis/6921d809-4014-4c32-a878-9004d472383c: flushIndex: setUnconditionally 0 -> -1
2019-08-29 09:25:56,296 [pool-169-thread-1] INFO  server.RaftServerConfigKeys (ConfUtils.java:logGet(43)) - raft.server.log.segment.size.max = 1048576 (custom)
2019-08-29 09:25:56,296 [pool-149-thread-1] INFO  server.RaftServerConfigKeys (ConfUtils.java:logGet(43)) - raft.server.log.segment.size.max = 1048576 (custom)
2019-08-29 09:25:56,296 [pool-179-thread-1] INFO  server.RaftServerConfigKeys (ConfUtils.java:logGet(43)) - raft.server.snapshot.auto.trigger.enabled = true (custom)
2019-08-29 09:25:56,296 [pool-169-thread-1] INFO  server.RaftServerConfigKeys (ConfUtils.java:logGet(43)) - raft.server.log.preallocated.size = 16384 (custom)
2019-08-29 09:25:56,296 [pool-149-thread-1] INFO  server.RaftServerConfigKeys (ConfUtils.java:logGet(43)) - raft.server.log.preallocated.size = 16384 (custom)
2019-08-29 09:25:56,296 [pool-179-thread-1] INFO  server.RaftServerConfigKeys (ConfUtils.java:logGet(43)) - raft.server.snapshot.auto.trigger.threshold = 10000 (custom)
2019-08-29 09:25:56,296 [pool-169-thread-1] INFO  server.RaftServerConfigKeys (ConfUtils.java:logGet(43)) - raft.server.log.write.buffer.size = 33554432 (custom)
2019-08-29 09:25:56,296 [pool-149-thread-1] INFO  server.RaftServerConfigKeys (ConfUtils.java:logGet(43)) - raft.server.log.write.buffer.size = 33554432 (custom)
2019-08-29 09:25:56,296 [pool-179-thread-1] INFO  server.RaftServerConfigKeys (ConfUtils.java:logGet(43)) - raft.server.retrycache.expirytime = 600000ms (custom)
2019-08-29 09:25:56,296 [pool-169-thread-1] INFO  server.RaftServerConfigKeys (ConfUtils.java:logGet(43)) - raft.server.log.force.sync.num = 128 (default)
2019-08-29 09:25:56,297 [pool-149-thread-1] INFO  server.RaftServerConfigKeys (ConfUtils.java:logGet(43)) - raft.server.log.force.sync.num = 128 (default)
2019-08-29 09:25:56,297 [pool-179-thread-1] INFO  impl.RaftServerImpl (RaftServerImpl.java:start(180)) - 6a7e6612-29e0-44a1-aac0-71b0e452239a: start group-9004D472383C
2019-08-29 09:25:56,297 [pool-169-thread-1] INFO  server.RaftServerConfigKeys (ConfUtils.java:logGet(43)) - raft.server.log.statemachine.data.sync = true (default)
2019-08-29 09:25:56,297 [pool-179-thread-1] INFO  impl.RaftServerImpl (RaftServerImpl.java:setRole(171)) - 6a7e6612-29e0-44a1-aac0-71b0e452239a:group-9004D472383C changes role from null to FOLLOWER at term 0 for startAsFollower
2019-08-29 09:25:56,297 [pool-149-thread-1] INFO  server.RaftServerConfigKeys (ConfUtils.java:logGet(43)) - raft.server.log.statemachine.data.sync = true (default)
2019-08-29 09:25:56,297 [pool-179-thread-1] INFO  impl.RoleInfo (RoleInfo.java:updateAndGet(143)) - 6a7e6612-29e0-44a1-aac0-71b0e452239a: start FollowerState
2019-08-29 09:25:56,297 [pool-169-thread-1] INFO  server.RaftServerConfigKeys (ConfUtils.java:logGet(43)) - raft.server.log.statemachine.data.sync.timeout = 10s (default)
2019-08-29 09:25:56,297 [pool-149-thread-1] INFO  server.RaftServerConfigKeys (ConfUtils.java:logGet(43)) - raft.server.log.statemachine.data.sync.timeout = 10s (default)
2019-08-29 09:25:56,297 [pool-169-thread-1] INFO  server.RaftServerConfigKeys (ConfUtils.java:logGet(43)) - raft.server.log.statemachine.data.sync.timeout.retry = -1 (default)
2019-08-29 09:25:56,298 [pool-149-thread-1] INFO  server.RaftServerConfigKeys (ConfUtils.java:logGet(43)) - raft.server.log.statemachine.data.sync.timeout.retry = -1 (default)
2019-08-29 09:25:56,298 [pool-169-thread-1] INFO  server.RaftServerConfigKeys (ConfUtils.java:logGet(43)) - raft.server.log.statemachine.data.caching.enabled = true (custom)
2019-08-29 09:25:56,298 [pool-179-thread-1] INFO  util.JmxRegister (JmxRegister.java:tryRegister(44)) - Successfully registered JMX Bean with object name Ratis:service=RaftServer,group=group-9004D472383C,id=6a7e6612-29e0-44a1-aac0-71b0e452239a
2019-08-29 09:25:56,298 [pool-149-thread-1] INFO  server.RaftServerConfigKeys (ConfUtils.java:logGet(43)) - raft.server.log.statemachine.data.caching.enabled = true (custom)
2019-08-29 09:25:56,298 [pool-169-thread-1] INFO  segmented.SegmentedRaftLogWorker (SegmentedRaftLogWorker.java:lambda$new$0(132)) - 3f79815e-7f99-4beb-9a2e-82e095091155-SegmentedRaftLogWorker:Storage Directory /workdir/hadoop-ozone/integration-test/target/test-dir/MiniOzoneClusterImpl-9bf9cf36-d6cd-47fd-9c9b-dd857e6ac4dc/datanode-5/data/ratis/6921d809-4014-4c32-a878-9004d472383c: flushIndex: setUnconditionally 0 -> -1
2019-08-29 09:25:56,298 [pool-149-thread-1] INFO  segmented.SegmentedRaftLogWorker (SegmentedRaftLogWorker.java:lambda$new$0(132)) - acfe46ce-d7f7-44ce-ad8e-18450e3ff75e-SegmentedRaftLogWorker:Storage Directory /workdir/hadoop-ozone/integration-test/target/test-dir/MiniOzoneClusterImpl-9bf9cf36-d6cd-47fd-9c9b-dd857e6ac4dc/datanode-3/data/ratis/6921d809-4014-4c32-a878-9004d472383c: flushIndex: setUnconditionally 0 -> -1
2019-08-29 09:25:56,298 [pool-169-thread-1] INFO  server.RaftServerConfigKeys (ConfUtils.java:logGet(43)) - raft.server.snapshot.auto.trigger.enabled = true (custom)
2019-08-29 09:25:56,298 [pool-169-thread-1] INFO  server.RaftServerConfigKeys (ConfUtils.java:logGet(43)) - raft.server.snapshot.auto.trigger.threshold = 10000 (custom)
2019-08-29 09:25:56,299 [pool-149-thread-1] INFO  server.RaftServerConfigKeys (ConfUtils.java:logGet(43)) - raft.server.snapshot.auto.trigger.enabled = true (custom)
2019-08-29 09:25:56,299 [pool-169-thread-1] INFO  server.RaftServerConfigKeys (ConfUtils.java:logGet(43)) - raft.server.retrycache.expirytime = 600000ms (custom)
2019-08-29 09:25:56,299 [pool-149-thread-1] INFO  server.RaftServerConfigKeys (ConfUtils.java:logGet(43)) - raft.server.snapshot.auto.trigger.threshold = 10000 (custom)
2019-08-29 09:25:56,299 [pool-169-thread-1] INFO  impl.RaftServerImpl (RaftServerImpl.java:start(180)) - 3f79815e-7f99-4beb-9a2e-82e095091155: start group-9004D472383C
2019-08-29 09:25:56,299 [pool-149-thread-1] INFO  server.RaftServerConfigKeys (ConfUtils.java:logGet(43)) - raft.server.retrycache.expirytime = 600000ms (custom)
2019-08-29 09:25:56,299 [pool-169-thread-1] INFO  impl.RaftServerImpl (RaftServerImpl.java:setRole(171)) - 3f79815e-7f99-4beb-9a2e-82e095091155:group-9004D472383C changes role from null to FOLLOWER at term 0 for startAsFollower
2019-08-29 09:25:56,299 [pool-149-thread-1] INFO  impl.RaftServerImpl (RaftServerImpl.java:start(180)) - acfe46ce-d7f7-44ce-ad8e-18450e3ff75e: start group-9004D472383C
2019-08-29 09:25:56,299 [pool-169-thread-1] INFO  impl.RoleInfo (RoleInfo.java:updateAndGet(143)) - 3f79815e-7f99-4beb-9a2e-82e095091155: start FollowerState
2019-08-29 09:25:56,302 [pool-149-thread-1] INFO  impl.RaftServerImpl (RaftServerImpl.java:setRole(171)) - acfe46ce-d7f7-44ce-ad8e-18450e3ff75e:group-9004D472383C changes role from null to FOLLOWER at term 0 for startAsFollower
2019-08-29 09:25:56,302 [pool-149-thread-1] INFO  impl.RoleInfo (RoleInfo.java:updateAndGet(143)) - acfe46ce-d7f7-44ce-ad8e-18450e3ff75e: start FollowerState
2019-08-29 09:25:56,302 [pool-169-thread-1] INFO  util.JmxRegister (JmxRegister.java:tryRegister(44)) - Successfully registered JMX Bean with object name Ratis:service=RaftServer,group=group-9004D472383C,id=3f79815e-7f99-4beb-9a2e-82e095091155
2019-08-29 09:25:56,302 [pool-149-thread-1] INFO  util.JmxRegister (JmxRegister.java:tryRegister(44)) - Successfully registered JMX Bean with object name Ratis:service=RaftServer,group=group-9004D472383C,id=acfe46ce-d7f7-44ce-ad8e-18450e3ff75e
2019-08-29 09:25:56,312 [RatisPipelineUtilsThread] INFO  pipeline.PipelineStateManager (PipelineStateManager.java:addPipeline(56)) - Created pipeline Pipeline[ Id: 6921d809-4014-4c32-a878-9004d472383c, Nodes: acfe46ce-d7f7-44ce-ad8e-18450e3ff75e{ip: 192.168.34.42, host: pr-hdds-1054-cqztt-1934904501, networkLocation: /default-rack, certSerialId: null}6a7e6612-29e0-44a1-aac0-71b0e452239a{ip: 192.168.34.42, host: pr-hdds-1054-cqztt-1934904501, networkLocation: /default-rack, certSerialId: null}3f79815e-7f99-4beb-9a2e-82e095091155{ip: 192.168.34.42, host: pr-hdds-1054-cqztt-1934904501, networkLocation: /default-rack, certSerialId: null}, Type:RATIS, Factor:THREE, State:OPEN]
2019-08-29 09:25:57,179 [main] INFO  ozone.MiniOzoneClusterImpl (MiniOzoneClusterImpl.java:lambda$waitForClusterToBeReady$0(140)) - Cluster is ready. Got 7 of 7 DN Heartbeats.
2019-08-29 09:25:57,220 [main] INFO  rpc.RpcClient (RpcClient.java:createVolume(294)) - Creating Volume: watchforcommithandlingtest, with jenkins1000 as owner.
2019-08-29 09:25:57,223 | INFO  | OMAudit | user=jenkins1000 | ip=127.0.0.1 | op=CREATE_VOLUME {admin=jenkins1000, owner=jenkins1000, volume=watchforcommithandlingtest, creationTime=1567070757222, quotaInBytes=1152921504606846976} | ret=SUCCESS |  
2019-08-29 09:25:57,232 | INFO  | OMAudit | user=jenkins1000 | ip=127.0.0.1 | op=READ_VOLUME {volume=watchforcommithandlingtest} | ret=SUCCESS |  
2019-08-29 09:25:57,233 [main] INFO  rpc.RpcClient (RpcClient.java:createBucket(433)) - Creating Bucket: watchforcommithandlingtest/watchforcommithandlingtest, with Versioning false and Storage Type set to DISK and Encryption set to false 
2019-08-29 09:25:57,237 | INFO  | OMAudit | user=jenkins1000 | ip=127.0.0.1 | op=CREATE_BUCKET {volume=watchforcommithandlingtest, bucket=watchforcommithandlingtest, acls=[user:jenkins1000:a[ACCESS], group:default:a[ACCESS]], isVersionEnabled=false, storageType=DISK, creationTime=0} | ret=SUCCESS |  
2019-08-29 09:25:57,237 [main] INFO  ozone.MiniOzoneClusterImpl (MiniOzoneClusterImpl.java:getStorageContainerLocationClient(227)) - Creating StorageContainerLocationProtocol RPC client with address /0.0.0.0:46426
2019-08-29 09:25:57,257 [grpc-default-executor-0] INFO  client.GrpcClientProtocolClient (GrpcClientProtocolClient.java:onNext(255)) - client-BF85F76BBB17->70943ca8-2057-43d2-a47c-49bd499a68c6: receive RaftClientReply:client-BF85F76BBB17->70943ca8-2057-43d2-a47c-49bd499a68c6@group-798370A2A1FE, cid=50, FAILED org.apache.ratis.protocol.NotLeaderException: Server 70943ca8-2057-43d2-a47c-49bd499a68c6 is not the leader (null). Request must be sent to leader., logIndex=0, commits[70943ca8-2057-43d2-a47c-49bd499a68c6:c-1]
2019-08-29 09:25:57,657 | INFO  | SCMAudit | user=jenkins1000 | ip=192.168.34.42 | op=SEND_HEARTBEAT {datanodeUUID=70943ca8-2057-43d2-a47c-49bd499a68c6, command=[]} | ret=SUCCESS |  
2019-08-29 09:25:57,753 | INFO  | SCMAudit | user=jenkins1000 | ip=192.168.34.42 | op=SEND_HEARTBEAT {datanodeUUID=37345188-c291-4188-a3e3-b30ff541eb85, command=[]} | ret=SUCCESS |  
2019-08-29 09:25:57,826 | INFO  | SCMAudit | user=jenkins1000 | ip=192.168.34.42 | op=SEND_HEARTBEAT {datanodeUUID=34149fcb-7fd9-43b7-9e6c-7ef931619a7b, command=[]} | ret=SUCCESS |  
2019-08-29 09:25:57,896 | INFO  | SCMAudit | user=jenkins1000 | ip=192.168.34.42 | op=SEND_HEARTBEAT {datanodeUUID=acfe46ce-d7f7-44ce-ad8e-18450e3ff75e, command=[]} | ret=SUCCESS |  
2019-08-29 09:25:57,994 | INFO  | SCMAudit | user=jenkins1000 | ip=192.168.34.42 | op=SEND_HEARTBEAT {datanodeUUID=9de17530-92d1-4d1a-8119-ac335a28c903, command=[]} | ret=SUCCESS |  
2019-08-29 09:25:58,093 | INFO  | SCMAudit | user=jenkins1000 | ip=192.168.34.42 | op=SEND_HEARTBEAT {datanodeUUID=3f79815e-7f99-4beb-9a2e-82e095091155, command=[]} | ret=SUCCESS |  
2019-08-29 09:25:58,179 | INFO  | SCMAudit | user=jenkins1000 | ip=192.168.34.42 | op=SEND_HEARTBEAT {datanodeUUID=6a7e6612-29e0-44a1-aac0-71b0e452239a, command=[]} | ret=SUCCESS |  
2019-08-29 09:25:58,287 [grpc-default-executor-0] INFO  client.GrpcClientProtocolClient (GrpcClientProtocolClient.java:onNext(255)) - client-BF85F76BBB17->34149fcb-7fd9-43b7-9e6c-7ef931619a7b: receive RaftClientReply:client-BF85F76BBB17->34149fcb-7fd9-43b7-9e6c-7ef931619a7b@group-798370A2A1FE, cid=50, FAILED org.apache.ratis.protocol.NotLeaderException: Server 34149fcb-7fd9-43b7-9e6c-7ef931619a7b is not the leader (null). Request must be sent to leader., logIndex=0, commits[34149fcb-7fd9-43b7-9e6c-7ef931619a7b:c-1]
2019-08-29 09:25:58,657 | INFO  | SCMAudit | user=jenkins1000 | ip=192.168.34.42 | op=SEND_HEARTBEAT {datanodeUUID=70943ca8-2057-43d2-a47c-49bd499a68c6, command=[]} | ret=SUCCESS |  
2019-08-29 09:25:58,673 [Thread-1006] INFO  container.ReplicationManager (ReplicationManager.java:start(152)) - Starting Replication Monitor Thread.
2019-08-29 09:25:58,677 [ReplicationMonitor] INFO  container.ReplicationManager (ReplicationManager.java:run(215)) - Replication Monitor Thread took 0 milliseconds for processing 1 containers.
2019-08-29 09:25:58,753 | INFO  | SCMAudit | user=jenkins1000 | ip=192.168.34.42 | op=SEND_HEARTBEAT {datanodeUUID=37345188-c291-4188-a3e3-b30ff541eb85, command=[]} | ret=SUCCESS |  
2019-08-29 09:25:58,826 | INFO  | SCMAudit | user=jenkins1000 | ip=192.168.34.42 | op=SEND_HEARTBEAT {datanodeUUID=34149fcb-7fd9-43b7-9e6c-7ef931619a7b, command=[]} | ret=SUCCESS |  
2019-08-29 09:25:58,897 | INFO  | SCMAudit | user=jenkins1000 | ip=192.168.34.42 | op=SEND_HEARTBEAT {datanodeUUID=acfe46ce-d7f7-44ce-ad8e-18450e3ff75e, command=[]} | ret=SUCCESS |  
2019-08-29 09:25:58,994 | INFO  | SCMAudit | user=jenkins1000 | ip=192.168.34.42 | op=SEND_HEARTBEAT {datanodeUUID=9de17530-92d1-4d1a-8119-ac335a28c903, command=[]} | ret=SUCCESS |  
2019-08-29 09:25:59,093 | INFO  | SCMAudit | user=jenkins1000 | ip=192.168.34.42 | op=SEND_HEARTBEAT {datanodeUUID=3f79815e-7f99-4beb-9a2e-82e095091155, command=[]} | ret=SUCCESS |  
2019-08-29 09:25:59,182 | INFO  | SCMAudit | user=jenkins1000 | ip=192.168.34.42 | op=SEND_HEARTBEAT {datanodeUUID=6a7e6612-29e0-44a1-aac0-71b0e452239a, command=[]} | ret=SUCCESS |  
2019-08-29 09:25:59,309 [grpc-default-executor-3] INFO  client.GrpcClientProtocolClient (GrpcClientProtocolClient.java:onNext(255)) - client-BF85F76BBB17->37345188-c291-4188-a3e3-b30ff541eb85: receive RaftClientReply:client-BF85F76BBB17->37345188-c291-4188-a3e3-b30ff541eb85@group-798370A2A1FE, cid=50, FAILED org.apache.ratis.protocol.NotLeaderException: Server 37345188-c291-4188-a3e3-b30ff541eb85 is not the leader (null). Request must be sent to leader., logIndex=0, commits[37345188-c291-4188-a3e3-b30ff541eb85:c-1]
2019-08-29 09:25:59,657 | INFO  | SCMAudit | user=jenkins1000 | ip=192.168.34.42 | op=SEND_HEARTBEAT {datanodeUUID=70943ca8-2057-43d2-a47c-49bd499a68c6, command=[]} | ret=SUCCESS |  
2019-08-29 09:25:59,752 | INFO  | SCMAudit | user=jenkins1000 | ip=192.168.34.42 | op=SEND_HEARTBEAT {datanodeUUID=37345188-c291-4188-a3e3-b30ff541eb85, command=[]} | ret=SUCCESS |  
2019-08-29 09:25:59,826 | INFO  | SCMAudit | user=jenkins1000 | ip=192.168.34.42 | op=SEND_HEARTBEAT {datanodeUUID=34149fcb-7fd9-43b7-9e6c-7ef931619a7b, command=[]} | ret=SUCCESS |  
2019-08-29 09:25:59,897 | INFO  | SCMAudit | user=jenkins1000 | ip=192.168.34.42 | op=SEND_HEARTBEAT {datanodeUUID=acfe46ce-d7f7-44ce-ad8e-18450e3ff75e, command=[]} | ret=SUCCESS |  
2019-08-29 09:25:59,994 | INFO  | SCMAudit | user=jenkins1000 | ip=192.168.34.42 | op=SEND_HEARTBEAT {datanodeUUID=9de17530-92d1-4d1a-8119-ac335a28c903, command=[]} | ret=SUCCESS |  
2019-08-29 09:26:00,094 | INFO  | SCMAudit | user=jenkins1000 | ip=192.168.34.42 | op=SEND_HEARTBEAT {datanodeUUID=3f79815e-7f99-4beb-9a2e-82e095091155, command=[]} | ret=SUCCESS |  
2019-08-29 09:26:00,180 | INFO  | SCMAudit | user=jenkins1000 | ip=192.168.34.42 | op=SEND_HEARTBEAT {datanodeUUID=6a7e6612-29e0-44a1-aac0-71b0e452239a, command=[]} | ret=SUCCESS |  
2019-08-29 09:26:00,325 [grpc-default-executor-0] INFO  client.GrpcClientProtocolClient (GrpcClientProtocolClient.java:onNext(255)) - client-BF85F76BBB17->70943ca8-2057-43d2-a47c-49bd499a68c6: receive RaftClientReply:client-BF85F76BBB17->70943ca8-2057-43d2-a47c-49bd499a68c6@group-798370A2A1FE, cid=50, FAILED org.apache.ratis.protocol.NotLeaderException: Server 70943ca8-2057-43d2-a47c-49bd499a68c6 is not the leader (null). Request must be sent to leader., logIndex=0, commits[70943ca8-2057-43d2-a47c-49bd499a68c6:c-1]
2019-08-29 09:26:00,657 | INFO  | SCMAudit | user=jenkins1000 | ip=192.168.34.42 | op=SEND_HEARTBEAT {datanodeUUID=70943ca8-2057-43d2-a47c-49bd499a68c6, command=[]} | ret=SUCCESS |  
2019-08-29 09:26:00,753 | INFO  | SCMAudit | user=jenkins1000 | ip=192.168.34.42 | op=SEND_HEARTBEAT {datanodeUUID=37345188-c291-4188-a3e3-b30ff541eb85, command=[]} | ret=SUCCESS |  
2019-08-29 09:26:00,825 | INFO  | SCMAudit | user=jenkins1000 | ip=192.168.34.42 | op=SEND_HEARTBEAT {datanodeUUID=34149fcb-7fd9-43b7-9e6c-7ef931619a7b, command=[]} | ret=SUCCESS |  
2019-08-29 09:26:00,847 [Thread-1008] INFO  impl.FollowerState (FollowerState.java:run(106)) - 70943ca8-2057-43d2-a47c-49bd499a68c6:group-4DBC262A7512 changes to CANDIDATE, lastRpcTime:5134, electionTimeout:5134ms
2019-08-29 09:26:00,847 [Thread-1008] INFO  impl.RoleInfo (RoleInfo.java:shutdownFollowerState(121)) - 70943ca8-2057-43d2-a47c-49bd499a68c6: shutdown FollowerState
2019-08-29 09:26:00,848 [Thread-1008] INFO  impl.RaftServerImpl (RaftServerImpl.java:setRole(171)) - 70943ca8-2057-43d2-a47c-49bd499a68c6:group-4DBC262A7512 changes role from FOLLOWER to CANDIDATE at term 0 for changeToCandidate
2019-08-29 09:26:00,848 [Thread-1008] INFO  impl.RoleInfo (RoleInfo.java:updateAndGet(143)) - 70943ca8-2057-43d2-a47c-49bd499a68c6: start LeaderElection
2019-08-29 09:26:00,866 [Thread-1011] INFO  impl.FollowerState (FollowerState.java:run(106)) - 37345188-c291-4188-a3e3-b30ff541eb85:group-1C64AB9D07F1 changes to CANDIDATE, lastRpcTime:5062, electionTimeout:5062ms
2019-08-29 09:26:00,866 [Thread-1011] INFO  impl.RoleInfo (RoleInfo.java:shutdownFollowerState(121)) - 37345188-c291-4188-a3e3-b30ff541eb85: shutdown FollowerState
2019-08-29 09:26:00,866 [Thread-1011] INFO  impl.RaftServerImpl (RaftServerImpl.java:setRole(171)) - 37345188-c291-4188-a3e3-b30ff541eb85:group-1C64AB9D07F1 changes role from FOLLOWER to CANDIDATE at term 0 for changeToCandidate
2019-08-29 09:26:00,867 [Thread-1011] INFO  impl.RoleInfo (RoleInfo.java:updateAndGet(143)) - 37345188-c291-4188-a3e3-b30ff541eb85: start LeaderElection
2019-08-29 09:26:00,874 [70943ca8-2057-43d2-a47c-49bd499a68c6:group-4DBC262A7512:LeaderElection20] INFO  impl.LeaderElection (LeaderElection.java:askForVotes(181)) - 70943ca8-2057-43d2-a47c-49bd499a68c6:group-4DBC262A7512:LeaderElection20: begin an election at term 1 for -1: [70943ca8-2057-43d2-a47c-49bd499a68c6:192.168.34.42:41945], old=null
2019-08-29 09:26:00,874 [70943ca8-2057-43d2-a47c-49bd499a68c6:group-4DBC262A7512:LeaderElection20] INFO  impl.RoleInfo (RoleInfo.java:shutdownLeaderElection(134)) - 70943ca8-2057-43d2-a47c-49bd499a68c6: shutdown LeaderElection
2019-08-29 09:26:00,874 [70943ca8-2057-43d2-a47c-49bd499a68c6:group-4DBC262A7512:LeaderElection20] INFO  impl.RaftServerImpl (RaftServerImpl.java:setRole(171)) - 70943ca8-2057-43d2-a47c-49bd499a68c6:group-4DBC262A7512 changes role from CANDIDATE to LEADER at term 1 for changeToLeader
2019-08-29 09:26:00,874 [70943ca8-2057-43d2-a47c-49bd499a68c6:group-4DBC262A7512:LeaderElection20] INFO  impl.RaftServerImpl (ServerState.java:setLeader(263)) - 70943ca8-2057-43d2-a47c-49bd499a68c6:group-4DBC262A7512 change Leader from null to 70943ca8-2057-43d2-a47c-49bd499a68c6 at term 1 for becomeLeader, leader elected after 5165ms
2019-08-29 09:26:00,877 [70943ca8-2057-43d2-a47c-49bd499a68c6:group-4DBC262A7512:LeaderElection20] INFO  server.RaftServerConfigKeys (ConfUtils.java:logGet(43)) - raft.server.staging.catchup.gap = 1000 (default)
2019-08-29 09:26:00,877 [70943ca8-2057-43d2-a47c-49bd499a68c6:group-4DBC262A7512:LeaderElection20] INFO  server.RaftServerConfigKeys (ConfUtils.java:logGet(43)) - raft.server.rpc.sleep.time = 25ms (default)
2019-08-29 09:26:00,877 [70943ca8-2057-43d2-a47c-49bd499a68c6:group-4DBC262A7512:LeaderElection20] INFO  server.RaftServerConfigKeys (ConfUtils.java:logGet(43)) - raft.server.write.element-limit = 4096 (default)
2019-08-29 09:26:00,877 [70943ca8-2057-43d2-a47c-49bd499a68c6:group-4DBC262A7512:LeaderElection20] INFO  server.RaftServerConfigKeys (ConfUtils.java:logGet(43)) - raft.server.watch.timeout = 10s (default)
2019-08-29 09:26:00,877 [70943ca8-2057-43d2-a47c-49bd499a68c6:group-4DBC262A7512:LeaderElection20] INFO  server.RaftServerConfigKeys (ConfUtils.java:logGet(43)) - raft.server.watch.timeout.denomination = 1s (default)
2019-08-29 09:26:00,878 [70943ca8-2057-43d2-a47c-49bd499a68c6:group-4DBC262A7512:LeaderElection20] INFO  server.RaftServerConfigKeys (ConfUtils.java:logGet(43)) - raft.server.watch.element-limit = 65536 (default)
2019-08-29 09:26:00,878 [70943ca8-2057-43d2-a47c-49bd499a68c6:group-4DBC262A7512:LeaderElection20] INFO  impl.RoleInfo (RoleInfo.java:updateAndGet(143)) - 70943ca8-2057-43d2-a47c-49bd499a68c6: start LeaderState
2019-08-29 09:26:00,878 [70943ca8-2057-43d2-a47c-49bd499a68c6:group-4DBC262A7512:LeaderElection20] INFO  segmented.SegmentedRaftLogWorker (SegmentedRaftLogWorker.java:startLogSegment(380)) - 70943ca8-2057-43d2-a47c-49bd499a68c6-SegmentedRaftLogWorker:Storage Directory /workdir/hadoop-ozone/integration-test/target/test-dir/MiniOzoneClusterImpl-9bf9cf36-d6cd-47fd-9c9b-dd857e6ac4dc/datanode-0/data/ratis/e4cadca5-0b0b-467b-a64c-4dbc262a7512: Starting segment from index:0
2019-08-29 09:26:00,879 [70943ca8-2057-43d2-a47c-49bd499a68c6:group-4DBC262A7512:LeaderElection20] INFO  impl.RaftServerImpl (ServerState.java:setRaftConf(361)) - 70943ca8-2057-43d2-a47c-49bd499a68c6:group-4DBC262A7512 set configuration 0: [70943ca8-2057-43d2-a47c-49bd499a68c6:192.168.34.42:41945], old=null at 0
2019-08-29 09:26:00,887 [37345188-c291-4188-a3e3-b30ff541eb85:group-1C64AB9D07F1:LeaderElection21] INFO  impl.LeaderElection (LeaderElection.java:askForVotes(181)) - 37345188-c291-4188-a3e3-b30ff541eb85:group-1C64AB9D07F1:LeaderElection21: begin an election at term 1 for -1: [37345188-c291-4188-a3e3-b30ff541eb85:192.168.34.42:35363], old=null
2019-08-29 09:26:00,887 [37345188-c291-4188-a3e3-b30ff541eb85:group-1C64AB9D07F1:LeaderElection21] INFO  impl.RoleInfo (RoleInfo.java:shutdownLeaderElection(134)) - 37345188-c291-4188-a3e3-b30ff541eb85: shutdown LeaderElection
2019-08-29 09:26:00,887 [37345188-c291-4188-a3e3-b30ff541eb85:group-1C64AB9D07F1:LeaderElection21] INFO  impl.RaftServerImpl (RaftServerImpl.java:setRole(171)) - 37345188-c291-4188-a3e3-b30ff541eb85:group-1C64AB9D07F1 changes role from CANDIDATE to LEADER at term 1 for changeToLeader
2019-08-29 09:26:00,887 [37345188-c291-4188-a3e3-b30ff541eb85:group-1C64AB9D07F1:LeaderElection21] INFO  impl.RaftServerImpl (ServerState.java:setLeader(263)) - 37345188-c291-4188-a3e3-b30ff541eb85:group-1C64AB9D07F1 change Leader from null to 37345188-c291-4188-a3e3-b30ff541eb85 at term 1 for becomeLeader, leader elected after 5088ms
2019-08-29 09:26:00,916 [37345188-c291-4188-a3e3-b30ff541eb85:group-1C64AB9D07F1:LeaderElection21] INFO  server.RaftServerConfigKeys (ConfUtils.java:logGet(43)) - raft.server.staging.catchup.gap = 1000 (default)
2019-08-29 09:26:00,916 [37345188-c291-4188-a3e3-b30ff541eb85:group-1C64AB9D07F1:LeaderElection21] INFO  server.RaftServerConfigKeys (ConfUtils.java:logGet(43)) - raft.server.rpc.sleep.time = 25ms (default)
2019-08-29 09:26:00,916 [37345188-c291-4188-a3e3-b30ff541eb85:group-1C64AB9D07F1:LeaderElection21] INFO  server.RaftServerConfigKeys (ConfUtils.java:logGet(43)) - raft.server.write.element-limit = 4096 (default)
2019-08-29 09:26:00,917 [37345188-c291-4188-a3e3-b30ff541eb85:group-1C64AB9D07F1:LeaderElection21] INFO  server.RaftServerConfigKeys (ConfUtils.java:logGet(43)) - raft.server.watch.timeout = 10s (default)
2019-08-29 09:26:00,917 [37345188-c291-4188-a3e3-b30ff541eb85:group-1C64AB9D07F1:LeaderElection21] INFO  server.RaftServerConfigKeys (ConfUtils.java:logGet(43)) - raft.server.watch.timeout.denomination = 1s (default)
2019-08-29 09:26:00,917 [37345188-c291-4188-a3e3-b30ff541eb85:group-1C64AB9D07F1:LeaderElection21] INFO  server.RaftServerConfigKeys (ConfUtils.java:logGet(43)) - raft.server.watch.element-limit = 65536 (default)
2019-08-29 09:26:00,917 | INFO  | SCMAudit | user=jenkins1000 | ip=192.168.34.42 | op=SEND_HEARTBEAT {datanodeUUID=acfe46ce-d7f7-44ce-ad8e-18450e3ff75e, command=[]} | ret=SUCCESS |  
2019-08-29 09:26:00,917 [37345188-c291-4188-a3e3-b30ff541eb85:group-1C64AB9D07F1:LeaderElection21] INFO  impl.RoleInfo (RoleInfo.java:updateAndGet(143)) - 37345188-c291-4188-a3e3-b30ff541eb85: start LeaderState
2019-08-29 09:26:00,917 [37345188-c291-4188-a3e3-b30ff541eb85:group-1C64AB9D07F1:LeaderElection21] INFO  segmented.SegmentedRaftLogWorker (SegmentedRaftLogWorker.java:startLogSegment(380)) - 37345188-c291-4188-a3e3-b30ff541eb85-SegmentedRaftLogWorker:Storage Directory /workdir/hadoop-ozone/integration-test/target/test-dir/MiniOzoneClusterImpl-9bf9cf36-d6cd-47fd-9c9b-dd857e6ac4dc/datanode-1/data/ratis/5b3b92f6-2231-4ec9-9788-1c64ab9d07f1: Starting segment from index:0
2019-08-29 09:26:00,918 [37345188-c291-4188-a3e3-b30ff541eb85:group-1C64AB9D07F1:LeaderElection21] INFO  impl.RaftServerImpl (ServerState.java:setRaftConf(361)) - 37345188-c291-4188-a3e3-b30ff541eb85:group-1C64AB9D07F1 set configuration 0: [37345188-c291-4188-a3e3-b30ff541eb85:192.168.34.42:35363], old=null at 0
2019-08-29 09:26:00,928 [70943ca8-2057-43d2-a47c-49bd499a68c6-SegmentedRaftLogWorker:Storage Directory /workdir/hadoop-ozone/integration-test/target/test-dir/MiniOzoneClusterImpl-9bf9cf36-d6cd-47fd-9c9b-dd857e6ac4dc/datanode-0/data/ratis/e4cadca5-0b0b-467b-a64c-4dbc262a7512] INFO  segmented.SegmentedRaftLogWorker (SegmentedRaftLogWorker.java:execute(569)) - 70943ca8-2057-43d2-a47c-49bd499a68c6-SegmentedRaftLogWorker:Storage Directory /workdir/hadoop-ozone/integration-test/target/test-dir/MiniOzoneClusterImpl-9bf9cf36-d6cd-47fd-9c9b-dd857e6ac4dc/datanode-0/data/ratis/e4cadca5-0b0b-467b-a64c-4dbc262a7512: created new log segment /workdir/hadoop-ozone/integration-test/target/test-dir/MiniOzoneClusterImpl-9bf9cf36-d6cd-47fd-9c9b-dd857e6ac4dc/datanode-0/data/ratis/e4cadca5-0b0b-467b-a64c-4dbc262a7512/current/log_inprogress_0
2019-08-29 09:26:00,958 [37345188-c291-4188-a3e3-b30ff541eb85-SegmentedRaftLogWorker:Storage Directory /workdir/hadoop-ozone/integration-test/target/test-dir/MiniOzoneClusterImpl-9bf9cf36-d6cd-47fd-9c9b-dd857e6ac4dc/datanode-1/data/ratis/5b3b92f6-2231-4ec9-9788-1c64ab9d07f1] INFO  segmented.SegmentedRaftLogWorker (SegmentedRaftLogWorker.java:execute(569)) - 37345188-c291-4188-a3e3-b30ff541eb85-SegmentedRaftLogWorker:Storage Directory /workdir/hadoop-ozone/integration-test/target/test-dir/MiniOzoneClusterImpl-9bf9cf36-d6cd-47fd-9c9b-dd857e6ac4dc/datanode-1/data/ratis/5b3b92f6-2231-4ec9-9788-1c64ab9d07f1: created new log segment /workdir/hadoop-ozone/integration-test/target/test-dir/MiniOzoneClusterImpl-9bf9cf36-d6cd-47fd-9c9b-dd857e6ac4dc/datanode-1/data/ratis/5b3b92f6-2231-4ec9-9788-1c64ab9d07f1/current/log_inprogress_0
2019-08-29 09:26:00,986 [Thread-1014] INFO  impl.FollowerState (FollowerState.java:run(106)) - 34149fcb-7fd9-43b7-9e6c-7ef931619a7b:group-BB9350314F7F changes to CANDIDATE, lastRpcTime:5108, electionTimeout:5108ms
2019-08-29 09:26:00,986 [Thread-1014] INFO  impl.RoleInfo (RoleInfo.java:shutdownFollowerState(121)) - 34149fcb-7fd9-43b7-9e6c-7ef931619a7b: shutdown FollowerState
2019-08-29 09:26:00,986 [Thread-1014] INFO  impl.RaftServerImpl (RaftServerImpl.java:setRole(171)) - 34149fcb-7fd9-43b7-9e6c-7ef931619a7b:group-BB9350314F7F changes role from FOLLOWER to CANDIDATE at term 0 for changeToCandidate
2019-08-29 09:26:00,986 [Thread-1014] INFO  impl.RoleInfo (RoleInfo.java:updateAndGet(143)) - 34149fcb-7fd9-43b7-9e6c-7ef931619a7b: start LeaderElection
2019-08-29 09:26:00,996 | INFO  | SCMAudit | user=jenkins1000 | ip=192.168.34.42 | op=SEND_HEARTBEAT {datanodeUUID=9de17530-92d1-4d1a-8119-ac335a28c903, command=[]} | ret=SUCCESS |  
2019-08-29 09:26:01,009 [34149fcb-7fd9-43b7-9e6c-7ef931619a7b:group-BB9350314F7F:LeaderElection22] INFO  impl.LeaderElection (LeaderElection.java:askForVotes(181)) - 34149fcb-7fd9-43b7-9e6c-7ef931619a7b:group-BB9350314F7F:LeaderElection22: begin an election at term 1 for -1: [34149fcb-7fd9-43b7-9e6c-7ef931619a7b:192.168.34.42:35023], old=null
2019-08-29 09:26:01,009 [34149fcb-7fd9-43b7-9e6c-7ef931619a7b:group-BB9350314F7F:LeaderElection22] INFO  impl.RoleInfo (RoleInfo.java:shutdownLeaderElection(134)) - 34149fcb-7fd9-43b7-9e6c-7ef931619a7b: shutdown LeaderElection
2019-08-29 09:26:01,009 [34149fcb-7fd9-43b7-9e6c-7ef931619a7b:group-BB9350314F7F:LeaderElection22] INFO  impl.RaftServerImpl (RaftServerImpl.java:setRole(171)) - 34149fcb-7fd9-43b7-9e6c-7ef931619a7b:group-BB9350314F7F changes role from CANDIDATE to LEADER at term 1 for changeToLeader
2019-08-29 09:26:01,009 [34149fcb-7fd9-43b7-9e6c-7ef931619a7b:group-BB9350314F7F:LeaderElection22] INFO  impl.RaftServerImpl (ServerState.java:setLeader(263)) - 34149fcb-7fd9-43b7-9e6c-7ef931619a7b:group-BB9350314F7F change Leader from null to 34149fcb-7fd9-43b7-9e6c-7ef931619a7b at term 1 for becomeLeader, leader elected after 5136ms
2019-08-29 09:26:01,013 [34149fcb-7fd9-43b7-9e6c-7ef931619a7b:group-BB9350314F7F:LeaderElection22] INFO  server.RaftServerConfigKeys (ConfUtils.java:logGet(43)) - raft.server.staging.catchup.gap = 1000 (default)
2019-08-29 09:26:01,013 [34149fcb-7fd9-43b7-9e6c-7ef931619a7b:group-BB9350314F7F:LeaderElection22] INFO  server.RaftServerConfigKeys (ConfUtils.java:logGet(43)) - raft.server.rpc.sleep.time = 25ms (default)
2019-08-29 09:26:01,013 [34149fcb-7fd9-43b7-9e6c-7ef931619a7b:group-BB9350314F7F:LeaderElection22] INFO  server.RaftServerConfigKeys (ConfUtils.java:logGet(43)) - raft.server.write.element-limit = 4096 (default)
2019-08-29 09:26:01,013 [34149fcb-7fd9-43b7-9e6c-7ef931619a7b:group-BB9350314F7F:LeaderElection22] INFO  server.RaftServerConfigKeys (ConfUtils.java:logGet(43)) - raft.server.watch.timeout = 10s (default)
2019-08-29 09:26:01,013 [34149fcb-7fd9-43b7-9e6c-7ef931619a7b:group-BB9350314F7F:LeaderElection22] INFO  server.RaftServerConfigKeys (ConfUtils.java:logGet(43)) - raft.server.watch.timeout.denomination = 1s (default)
2019-08-29 09:26:01,014 [34149fcb-7fd9-43b7-9e6c-7ef931619a7b:group-BB9350314F7F:LeaderElection22] INFO  server.RaftServerConfigKeys (ConfUtils.java:logGet(43)) - raft.server.watch.element-limit = 65536 (default)
2019-08-29 09:26:01,014 [34149fcb-7fd9-43b7-9e6c-7ef931619a7b:group-BB9350314F7F:LeaderElection22] INFO  impl.RoleInfo (RoleInfo.java:updateAndGet(143)) - 34149fcb-7fd9-43b7-9e6c-7ef931619a7b: start LeaderState
2019-08-29 09:26:01,014 [34149fcb-7fd9-43b7-9e6c-7ef931619a7b:group-BB9350314F7F:LeaderElection22] INFO  segmented.SegmentedRaftLogWorker (SegmentedRaftLogWorker.java:startLogSegment(380)) - 34149fcb-7fd9-43b7-9e6c-7ef931619a7b-SegmentedRaftLogWorker:Storage Directory /workdir/hadoop-ozone/integration-test/target/test-dir/MiniOzoneClusterImpl-9bf9cf36-d6cd-47fd-9c9b-dd857e6ac4dc/datanode-2/data/ratis/ae011b9c-b0d8-4f6b-8d62-bb9350314f7f: Starting segment from index:0
2019-08-29 09:26:01,015 [34149fcb-7fd9-43b7-9e6c-7ef931619a7b:group-BB9350314F7F:LeaderElection22] INFO  impl.RaftServerImpl (ServerState.java:setRaftConf(361)) - 34149fcb-7fd9-43b7-9e6c-7ef931619a7b:group-BB9350314F7F set configuration 0: [34149fcb-7fd9-43b7-9e6c-7ef931619a7b:192.168.34.42:35023], old=null at 0
2019-08-29 09:26:01,065 [34149fcb-7fd9-43b7-9e6c-7ef931619a7b-SegmentedRaftLogWorker:Storage Directory /workdir/hadoop-ozone/integration-test/target/test-dir/MiniOzoneClusterImpl-9bf9cf36-d6cd-47fd-9c9b-dd857e6ac4dc/datanode-2/data/ratis/ae011b9c-b0d8-4f6b-8d62-bb9350314f7f] INFO  segmented.SegmentedRaftLogWorker (SegmentedRaftLogWorker.java:execute(569)) - 34149fcb-7fd9-43b7-9e6c-7ef931619a7b-SegmentedRaftLogWorker:Storage Directory /workdir/hadoop-ozone/integration-test/target/test-dir/MiniOzoneClusterImpl-9bf9cf36-d6cd-47fd-9c9b-dd857e6ac4dc/datanode-2/data/ratis/ae011b9c-b0d8-4f6b-8d62-bb9350314f7f: created new log segment /workdir/hadoop-ozone/integration-test/target/test-dir/MiniOzoneClusterImpl-9bf9cf36-d6cd-47fd-9c9b-dd857e6ac4dc/datanode-2/data/ratis/ae011b9c-b0d8-4f6b-8d62-bb9350314f7f/current/log_inprogress_0
2019-08-29 09:26:01,065 [Thread-1017] INFO  impl.FollowerState (FollowerState.java:run(106)) - 34149fcb-7fd9-43b7-9e6c-7ef931619a7b:group-798370A2A1FE changes to CANDIDATE, lastRpcTime:5125, electionTimeout:5125ms
2019-08-29 09:26:01,065 [Thread-1017] INFO  impl.RoleInfo (RoleInfo.java:shutdownFollowerState(121)) - 34149fcb-7fd9-43b7-9e6c-7ef931619a7b: shutdown FollowerState
2019-08-29 09:26:01,065 [Thread-1017] INFO  impl.RaftServerImpl (RaftServerImpl.java:setRole(171)) - 34149fcb-7fd9-43b7-9e6c-7ef931619a7b:group-798370A2A1FE changes role from FOLLOWER to CANDIDATE at term 0 for changeToCandidate
2019-08-29 09:26:01,065 [Thread-1017] INFO  impl.RoleInfo (RoleInfo.java:updateAndGet(143)) - 34149fcb-7fd9-43b7-9e6c-7ef931619a7b: start LeaderElection
2019-08-29 09:26:01,069 [Thread-1022] INFO  impl.FollowerState (FollowerState.java:run(106)) - 37345188-c291-4188-a3e3-b30ff541eb85:group-798370A2A1FE changes to CANDIDATE, lastRpcTime:5123, electionTimeout:5121ms
2019-08-29 09:26:01,071 [Thread-1021] INFO  impl.FollowerState (FollowerState.java:run(106)) - 70943ca8-2057-43d2-a47c-49bd499a68c6:group-798370A2A1FE changes to CANDIDATE, lastRpcTime:5126, electionTimeout:5124ms
2019-08-29 09:26:01,071 [Thread-1022] INFO  impl.RoleInfo (RoleInfo.java:shutdownFollowerState(121)) - 37345188-c291-4188-a3e3-b30ff541eb85: shutdown FollowerState
2019-08-29 09:26:01,072 [Thread-1021] INFO  impl.RoleInfo (RoleInfo.java:shutdownFollowerState(121)) - 70943ca8-2057-43d2-a47c-49bd499a68c6: shutdown FollowerState
2019-08-29 09:26:01,072 [Thread-1022] INFO  impl.RaftServerImpl (RaftServerImpl.java:setRole(171)) - 37345188-c291-4188-a3e3-b30ff541eb85:group-798370A2A1FE changes role from FOLLOWER to CANDIDATE at term 0 for changeToCandidate
2019-08-29 09:26:01,072 [Thread-1021] INFO  impl.RaftServerImpl (RaftServerImpl.java:setRole(171)) - 70943ca8-2057-43d2-a47c-49bd499a68c6:group-798370A2A1FE changes role from FOLLOWER to CANDIDATE at term 0 for changeToCandidate
2019-08-29 09:26:01,072 [Thread-1022] INFO  impl.RoleInfo (RoleInfo.java:updateAndGet(143)) - 37345188-c291-4188-a3e3-b30ff541eb85: start LeaderElection
2019-08-29 09:26:01,072 [Thread-1021] INFO  impl.RoleInfo (RoleInfo.java:updateAndGet(143)) - 70943ca8-2057-43d2-a47c-49bd499a68c6: start LeaderElection
2019-08-29 09:26:01,082 [34149fcb-7fd9-43b7-9e6c-7ef931619a7b:group-798370A2A1FE:LeaderElection23] INFO  impl.LeaderElection (LeaderElection.java:askForVotes(181)) - 34149fcb-7fd9-43b7-9e6c-7ef931619a7b:group-798370A2A1FE:LeaderElection23: begin an election at term 1 for -1: [34149fcb-7fd9-43b7-9e6c-7ef931619a7b:192.168.34.42:35023, 70943ca8-2057-43d2-a47c-49bd499a68c6:192.168.34.42:41945, 37345188-c291-4188-a3e3-b30ff541eb85:192.168.34.42:35363], old=null
2019-08-29 09:26:01,094 | INFO  | SCMAudit | user=jenkins1000 | ip=192.168.34.42 | op=SEND_HEARTBEAT {datanodeUUID=3f79815e-7f99-4beb-9a2e-82e095091155, command=[]} | ret=SUCCESS |  
2019-08-29 09:26:01,095 [70943ca8-2057-43d2-a47c-49bd499a68c6:group-798370A2A1FE:LeaderElection25] INFO  impl.LeaderElection (LeaderElection.java:askForVotes(181)) - 70943ca8-2057-43d2-a47c-49bd499a68c6:group-798370A2A1FE:LeaderElection25: begin an election at term 1 for -1: [34149fcb-7fd9-43b7-9e6c-7ef931619a7b:192.168.34.42:35023, 70943ca8-2057-43d2-a47c-49bd499a68c6:192.168.34.42:41945, 37345188-c291-4188-a3e3-b30ff541eb85:192.168.34.42:35363], old=null
2019-08-29 09:26:01,095 [37345188-c291-4188-a3e3-b30ff541eb85:group-798370A2A1FE:LeaderElection24] INFO  impl.LeaderElection (LeaderElection.java:askForVotes(181)) - 37345188-c291-4188-a3e3-b30ff541eb85:group-798370A2A1FE:LeaderElection24: begin an election at term 1 for -1: [34149fcb-7fd9-43b7-9e6c-7ef931619a7b:192.168.34.42:35023, 70943ca8-2057-43d2-a47c-49bd499a68c6:192.168.34.42:41945, 37345188-c291-4188-a3e3-b30ff541eb85:192.168.34.42:35363], old=null
2019-08-29 09:26:01,099 [34149fcb-7fd9-43b7-9e6c-7ef931619a7b:group-798370A2A1FE:LeaderElection23] INFO  impl.LeaderElection (LeaderElection.java:logAndReturn(56)) - 34149fcb-7fd9-43b7-9e6c-7ef931619a7b:group-798370A2A1FE:LeaderElection23: Election REJECTED; received 2 response(s) [34149fcb-7fd9-43b7-9e6c-7ef931619a7b<-70943ca8-2057-43d2-a47c-49bd499a68c6#0:FAIL-t1, 34149fcb-7fd9-43b7-9e6c-7ef931619a7b<-37345188-c291-4188-a3e3-b30ff541eb85#0:FAIL-t1] and 0 exception(s); 34149fcb-7fd9-43b7-9e6c-7ef931619a7b:t1, leader=null, voted=34149fcb-7fd9-43b7-9e6c-7ef931619a7b, raftlog=34149fcb-7fd9-43b7-9e6c-7ef931619a7b-SegmentedRaftLog:OPENED:c-1,f-1,i0, conf=-1: [34149fcb-7fd9-43b7-9e6c-7ef931619a7b:192.168.34.42:35023, 70943ca8-2057-43d2-a47c-49bd499a68c6:192.168.34.42:41945, 37345188-c291-4188-a3e3-b30ff541eb85:192.168.34.42:35363], old=null
2019-08-29 09:26:01,099 [34149fcb-7fd9-43b7-9e6c-7ef931619a7b:group-798370A2A1FE:LeaderElection23] INFO  impl.RaftServerImpl (RaftServerImpl.java:setRole(171)) - 34149fcb-7fd9-43b7-9e6c-7ef931619a7b:group-798370A2A1FE changes role from CANDIDATE to FOLLOWER at term 1 for DISCOVERED_A_NEW_TERM
2019-08-29 09:26:01,099 [34149fcb-7fd9-43b7-9e6c-7ef931619a7b:group-798370A2A1FE:LeaderElection23] INFO  impl.RoleInfo (RoleInfo.java:shutdownLeaderElection(134)) - 34149fcb-7fd9-43b7-9e6c-7ef931619a7b: shutdown LeaderElection
2019-08-29 09:26:01,099 [34149fcb-7fd9-43b7-9e6c-7ef931619a7b:group-798370A2A1FE:LeaderElection23] INFO  impl.RoleInfo (RoleInfo.java:updateAndGet(143)) - 34149fcb-7fd9-43b7-9e6c-7ef931619a7b: start FollowerState
2019-08-29 09:26:01,105 [70943ca8-2057-43d2-a47c-49bd499a68c6:group-798370A2A1FE:LeaderElection25] INFO  impl.LeaderElection (LeaderElection.java:logAndReturn(56)) - 70943ca8-2057-43d2-a47c-49bd499a68c6:group-798370A2A1FE:LeaderElection25: Election REJECTED; received 2 response(s) [70943ca8-2057-43d2-a47c-49bd499a68c6<-34149fcb-7fd9-43b7-9e6c-7ef931619a7b#0:FAIL-t1, 70943ca8-2057-43d2-a47c-49bd499a68c6<-37345188-c291-4188-a3e3-b30ff541eb85#0:FAIL-t1] and 0 exception(s); 70943ca8-2057-43d2-a47c-49bd499a68c6:t1, leader=null, voted=70943ca8-2057-43d2-a47c-49bd499a68c6, raftlog=70943ca8-2057-43d2-a47c-49bd499a68c6-SegmentedRaftLog:OPENED:c-1,f-1,i0, conf=-1: [34149fcb-7fd9-43b7-9e6c-7ef931619a7b:192.168.34.42:35023, 70943ca8-2057-43d2-a47c-49bd499a68c6:192.168.34.42:41945, 37345188-c291-4188-a3e3-b30ff541eb85:192.168.34.42:35363], old=null
2019-08-29 09:26:01,105 [70943ca8-2057-43d2-a47c-49bd499a68c6:group-798370A2A1FE:LeaderElection25] INFO  impl.RaftServerImpl (RaftServerImpl.java:setRole(171)) - 70943ca8-2057-43d2-a47c-49bd499a68c6:group-798370A2A1FE changes role from CANDIDATE to FOLLOWER at term 1 for DISCOVERED_A_NEW_TERM
2019-08-29 09:26:01,106 [70943ca8-2057-43d2-a47c-49bd499a68c6:group-798370A2A1FE:LeaderElection25] INFO  impl.RoleInfo (RoleInfo.java:shutdownLeaderElection(134)) - 70943ca8-2057-43d2-a47c-49bd499a68c6: shutdown LeaderElection
2019-08-29 09:26:01,106 [70943ca8-2057-43d2-a47c-49bd499a68c6:group-798370A2A1FE:LeaderElection25] INFO  impl.RoleInfo (RoleInfo.java:updateAndGet(143)) - 70943ca8-2057-43d2-a47c-49bd499a68c6: start FollowerState
2019-08-29 09:26:01,108 [37345188-c291-4188-a3e3-b30ff541eb85:group-798370A2A1FE:LeaderElection24] INFO  impl.LeaderElection (LeaderElection.java:logAndReturn(56)) - 37345188-c291-4188-a3e3-b30ff541eb85:group-798370A2A1FE:LeaderElection24: Election REJECTED; received 2 response(s) [37345188-c291-4188-a3e3-b30ff541eb85<-34149fcb-7fd9-43b7-9e6c-7ef931619a7b#0:FAIL-t1, 37345188-c291-4188-a3e3-b30ff541eb85<-70943ca8-2057-43d2-a47c-49bd499a68c6#0:FAIL-t1] and 0 exception(s); 37345188-c291-4188-a3e3-b30ff541eb85:t1, leader=null, voted=37345188-c291-4188-a3e3-b30ff541eb85, raftlog=37345188-c291-4188-a3e3-b30ff541eb85-SegmentedRaftLog:OPENED:c-1,f-1,i0, conf=-1: [34149fcb-7fd9-43b7-9e6c-7ef931619a7b:192.168.34.42:35023, 70943ca8-2057-43d2-a47c-49bd499a68c6:192.168.34.42:41945, 37345188-c291-4188-a3e3-b30ff541eb85:192.168.34.42:35363], old=null
2019-08-29 09:26:01,109 [37345188-c291-4188-a3e3-b30ff541eb85:group-798370A2A1FE:LeaderElection24] INFO  impl.RaftServerImpl (RaftServerImpl.java:setRole(171)) - 37345188-c291-4188-a3e3-b30ff541eb85:group-798370A2A1FE changes role from CANDIDATE to FOLLOWER at term 1 for DISCOVERED_A_NEW_TERM
2019-08-29 09:26:01,109 [37345188-c291-4188-a3e3-b30ff541eb85:group-798370A2A1FE:LeaderElection24] INFO  impl.RoleInfo (RoleInfo.java:shutdownLeaderElection(134)) - 37345188-c291-4188-a3e3-b30ff541eb85: shutdown LeaderElection
2019-08-29 09:26:01,109 [37345188-c291-4188-a3e3-b30ff541eb85:group-798370A2A1FE:LeaderElection24] INFO  impl.RoleInfo (RoleInfo.java:updateAndGet(143)) - 37345188-c291-4188-a3e3-b30ff541eb85: start FollowerState
2019-08-29 09:26:01,151 [Thread-1029] INFO  impl.FollowerState (FollowerState.java:run(106)) - 9de17530-92d1-4d1a-8119-ac335a28c903:group-0B35A49FCC94 changes to CANDIDATE, lastRpcTime:5016, electionTimeout:5016ms
2019-08-29 09:26:01,151 [Thread-1029] INFO  impl.RoleInfo (RoleInfo.java:shutdownFollowerState(121)) - 9de17530-92d1-4d1a-8119-ac335a28c903: shutdown FollowerState
2019-08-29 09:26:01,151 [Thread-1029] INFO  impl.RaftServerImpl (RaftServerImpl.java:setRole(171)) - 9de17530-92d1-4d1a-8119-ac335a28c903:group-0B35A49FCC94 changes role from FOLLOWER to CANDIDATE at term 0 for changeToCandidate
2019-08-29 09:26:01,151 [Thread-1029] INFO  impl.RoleInfo (RoleInfo.java:updateAndGet(143)) - 9de17530-92d1-4d1a-8119-ac335a28c903: start LeaderElection
2019-08-29 09:26:01,180 | INFO  | SCMAudit | user=jenkins1000 | ip=192.168.34.42 | op=SEND_HEARTBEAT {datanodeUUID=6a7e6612-29e0-44a1-aac0-71b0e452239a, command=[]} | ret=SUCCESS |  
2019-08-29 09:26:01,190 [9de17530-92d1-4d1a-8119-ac335a28c903:group-0B35A49FCC94:LeaderElection26] INFO  impl.LeaderElection (LeaderElection.java:askForVotes(181)) - 9de17530-92d1-4d1a-8119-ac335a28c903:group-0B35A49FCC94:LeaderElection26: begin an election at term 1 for -1: [9de17530-92d1-4d1a-8119-ac335a28c903:192.168.34.42:45153], old=null
2019-08-29 09:26:01,190 [9de17530-92d1-4d1a-8119-ac335a28c903:group-0B35A49FCC94:LeaderElection26] INFO  impl.RoleInfo (RoleInfo.java:shutdownLeaderElection(134)) - 9de17530-92d1-4d1a-8119-ac335a28c903: shutdown LeaderElection
2019-08-29 09:26:01,190 [9de17530-92d1-4d1a-8119-ac335a28c903:group-0B35A49FCC94:LeaderElection26] INFO  impl.RaftServerImpl (RaftServerImpl.java:setRole(171)) - 9de17530-92d1-4d1a-8119-ac335a28c903:group-0B35A49FCC94 changes role from CANDIDATE to LEADER at term 1 for changeToLeader
2019-08-29 09:26:01,190 [9de17530-92d1-4d1a-8119-ac335a28c903:group-0B35A49FCC94:LeaderElection26] INFO  impl.RaftServerImpl (ServerState.java:setLeader(263)) - 9de17530-92d1-4d1a-8119-ac335a28c903:group-0B35A49FCC94 change Leader from null to 9de17530-92d1-4d1a-8119-ac335a28c903 at term 1 for becomeLeader, leader elected after 5062ms
2019-08-29 09:26:01,193 [9de17530-92d1-4d1a-8119-ac335a28c903:group-0B35A49FCC94:LeaderElection26] INFO  server.RaftServerConfigKeys (ConfUtils.java:logGet(43)) - raft.server.staging.catchup.gap = 1000 (default)
2019-08-29 09:26:01,193 [9de17530-92d1-4d1a-8119-ac335a28c903:group-0B35A49FCC94:LeaderElection26] INFO  server.RaftServerConfigKeys (ConfUtils.java:logGet(43)) - raft.server.rpc.sleep.time = 25ms (default)
2019-08-29 09:26:01,193 [9de17530-92d1-4d1a-8119-ac335a28c903:group-0B35A49FCC94:LeaderElection26] INFO  server.RaftServerConfigKeys (ConfUtils.java:logGet(43)) - raft.server.write.element-limit = 4096 (default)
2019-08-29 09:26:01,193 [9de17530-92d1-4d1a-8119-ac335a28c903:group-0B35A49FCC94:LeaderElection26] INFO  server.RaftServerConfigKeys (ConfUtils.java:logGet(43)) - raft.server.watch.timeout = 10s (default)
2019-08-29 09:26:01,193 [9de17530-92d1-4d1a-8119-ac335a28c903:group-0B35A49FCC94:LeaderElection26] INFO  server.RaftServerConfigKeys (ConfUtils.java:logGet(43)) - raft.server.watch.timeout.denomination = 1s (default)
2019-08-29 09:26:01,193 [9de17530-92d1-4d1a-8119-ac335a28c903:group-0B35A49FCC94:LeaderElection26] INFO  server.RaftServerConfigKeys (ConfUtils.java:logGet(43)) - raft.server.watch.element-limit = 65536 (default)
2019-08-29 09:26:01,194 [9de17530-92d1-4d1a-8119-ac335a28c903:group-0B35A49FCC94:LeaderElection26] INFO  impl.RoleInfo (RoleInfo.java:updateAndGet(143)) - 9de17530-92d1-4d1a-8119-ac335a28c903: start LeaderState
2019-08-29 09:26:01,194 [9de17530-92d1-4d1a-8119-ac335a28c903:group-0B35A49FCC94:LeaderElection26] INFO  segmented.SegmentedRaftLogWorker (SegmentedRaftLogWorker.java:startLogSegment(380)) - 9de17530-92d1-4d1a-8119-ac335a28c903-SegmentedRaftLogWorker:Storage Directory /workdir/hadoop-ozone/integration-test/target/test-dir/MiniOzoneClusterImpl-9bf9cf36-d6cd-47fd-9c9b-dd857e6ac4dc/datanode-4/data/ratis/33197d23-6a74-4b54-8703-0b35a49fcc94: Starting segment from index:0
2019-08-29 09:26:01,195 [9de17530-92d1-4d1a-8119-ac335a28c903:group-0B35A49FCC94:LeaderElection26] INFO  impl.RaftServerImpl (ServerState.java:setRaftConf(361)) - 9de17530-92d1-4d1a-8119-ac335a28c903:group-0B35A49FCC94 set configuration 0: [9de17530-92d1-4d1a-8119-ac335a28c903:192.168.34.42:45153], old=null at 0
2019-08-29 09:26:01,232 [Thread-1026] INFO  impl.FollowerState (FollowerState.java:run(106)) - acfe46ce-d7f7-44ce-ad8e-18450e3ff75e:group-983753308DB9 changes to CANDIDATE, lastRpcTime:5182, electionTimeout:5170ms
2019-08-29 09:26:01,233 [Thread-1026] INFO  impl.RoleInfo (RoleInfo.java:shutdownFollowerState(121)) - acfe46ce-d7f7-44ce-ad8e-18450e3ff75e: shutdown FollowerState
2019-08-29 09:26:01,233 [Thread-1026] INFO  impl.RaftServerImpl (RaftServerImpl.java:setRole(171)) - acfe46ce-d7f7-44ce-ad8e-18450e3ff75e:group-983753308DB9 changes role from FOLLOWER to CANDIDATE at term 0 for changeToCandidate
2019-08-29 09:26:01,233 [Thread-1026] INFO  impl.RoleInfo (RoleInfo.java:updateAndGet(143)) - acfe46ce-d7f7-44ce-ad8e-18450e3ff75e: start LeaderElection
2019-08-29 09:26:01,246 [9de17530-92d1-4d1a-8119-ac335a28c903-SegmentedRaftLogWorker:Storage Directory /workdir/hadoop-ozone/integration-test/target/test-dir/MiniOzoneClusterImpl-9bf9cf36-d6cd-47fd-9c9b-dd857e6ac4dc/datanode-4/data/ratis/33197d23-6a74-4b54-8703-0b35a49fcc94] INFO  segmented.SegmentedRaftLogWorker (SegmentedRaftLogWorker.java:execute(569)) - 9de17530-92d1-4d1a-8119-ac335a28c903-SegmentedRaftLogWorker:Storage Directory /workdir/hadoop-ozone/integration-test/target/test-dir/MiniOzoneClusterImpl-9bf9cf36-d6cd-47fd-9c9b-dd857e6ac4dc/datanode-4/data/ratis/33197d23-6a74-4b54-8703-0b35a49fcc94: created new log segment /workdir/hadoop-ozone/integration-test/target/test-dir/MiniOzoneClusterImpl-9bf9cf36-d6cd-47fd-9c9b-dd857e6ac4dc/datanode-4/data/ratis/33197d23-6a74-4b54-8703-0b35a49fcc94/current/log_inprogress_0
2019-08-29 09:26:01,246 [acfe46ce-d7f7-44ce-ad8e-18450e3ff75e:group-983753308DB9:LeaderElection27] INFO  impl.LeaderElection (LeaderElection.java:askForVotes(181)) - acfe46ce-d7f7-44ce-ad8e-18450e3ff75e:group-983753308DB9:LeaderElection27: begin an election at term 1 for -1: [acfe46ce-d7f7-44ce-ad8e-18450e3ff75e:192.168.34.42:44704], old=null
2019-08-29 09:26:01,246 [acfe46ce-d7f7-44ce-ad8e-18450e3ff75e:group-983753308DB9:LeaderElection27] INFO  impl.RoleInfo (RoleInfo.java:shutdownLeaderElection(134)) - acfe46ce-d7f7-44ce-ad8e-18450e3ff75e: shutdown LeaderElection
2019-08-29 09:26:01,246 [acfe46ce-d7f7-44ce-ad8e-18450e3ff75e:group-983753308DB9:LeaderElection27] INFO  impl.RaftServerImpl (RaftServerImpl.java:setRole(171)) - acfe46ce-d7f7-44ce-ad8e-18450e3ff75e:group-983753308DB9 changes role from CANDIDATE to LEADER at term 1 for changeToLeader
2019-08-29 09:26:01,246 [acfe46ce-d7f7-44ce-ad8e-18450e3ff75e:group-983753308DB9:LeaderElection27] INFO  impl.RaftServerImpl (ServerState.java:setLeader(263)) - acfe46ce-d7f7-44ce-ad8e-18450e3ff75e:group-983753308DB9 change Leader from null to acfe46ce-d7f7-44ce-ad8e-18450e3ff75e at term 1 for becomeLeader, leader elected after 5201ms
2019-08-29 09:26:01,249 [acfe46ce-d7f7-44ce-ad8e-18450e3ff75e:group-983753308DB9:LeaderElection27] INFO  server.RaftServerConfigKeys (ConfUtils.java:logGet(43)) - raft.server.staging.catchup.gap = 1000 (default)
2019-08-29 09:26:01,249 [acfe46ce-d7f7-44ce-ad8e-18450e3ff75e:group-983753308DB9:LeaderElection27] INFO  server.RaftServerConfigKeys (ConfUtils.java:logGet(43)) - raft.server.rpc.sleep.time = 25ms (default)
2019-08-29 09:26:01,250 [acfe46ce-d7f7-44ce-ad8e-18450e3ff75e:group-983753308DB9:LeaderElection27] INFO  server.RaftServerConfigKeys (ConfUtils.java:logGet(43)) - raft.server.write.element-limit = 4096 (default)
2019-08-29 09:26:01,250 [acfe46ce-d7f7-44ce-ad8e-18450e3ff75e:group-983753308DB9:LeaderElection27] INFO  server.RaftServerConfigKeys (ConfUtils.java:logGet(43)) - raft.server.watch.timeout = 10s (default)
2019-08-29 09:26:01,250 [acfe46ce-d7f7-44ce-ad8e-18450e3ff75e:group-983753308DB9:LeaderElection27] INFO  server.RaftServerConfigKeys (ConfUtils.java:logGet(43)) - raft.server.watch.timeout.denomination = 1s (default)
2019-08-29 09:26:01,250 [acfe46ce-d7f7-44ce-ad8e-18450e3ff75e:group-983753308DB9:LeaderElection27] INFO  server.RaftServerConfigKeys (ConfUtils.java:logGet(43)) - raft.server.watch.element-limit = 65536 (default)
2019-08-29 09:26:01,250 [acfe46ce-d7f7-44ce-ad8e-18450e3ff75e:group-983753308DB9:LeaderElection27] INFO  impl.RoleInfo (RoleInfo.java:updateAndGet(143)) - acfe46ce-d7f7-44ce-ad8e-18450e3ff75e: start LeaderState
2019-08-29 09:26:01,251 [acfe46ce-d7f7-44ce-ad8e-18450e3ff75e:group-983753308DB9:LeaderElection27] INFO  segmented.SegmentedRaftLogWorker (SegmentedRaftLogWorker.java:startLogSegment(380)) - acfe46ce-d7f7-44ce-ad8e-18450e3ff75e-SegmentedRaftLogWorker:Storage Directory /workdir/hadoop-ozone/integration-test/target/test-dir/MiniOzoneClusterImpl-9bf9cf36-d6cd-47fd-9c9b-dd857e6ac4dc/datanode-3/data/ratis/ebd0d551-e24c-4732-b21e-983753308db9: Starting segment from index:0
2019-08-29 09:26:01,251 [acfe46ce-d7f7-44ce-ad8e-18450e3ff75e:group-983753308DB9:LeaderElection27] INFO  impl.RaftServerImpl (ServerState.java:setRaftConf(361)) - acfe46ce-d7f7-44ce-ad8e-18450e3ff75e:group-983753308DB9 set configuration 0: [acfe46ce-d7f7-44ce-ad8e-18450e3ff75e:192.168.34.42:44704], old=null at 0
2019-08-29 09:26:01,304 [acfe46ce-d7f7-44ce-ad8e-18450e3ff75e-SegmentedRaftLogWorker:Storage Directory /workdir/hadoop-ozone/integration-test/target/test-dir/MiniOzoneClusterImpl-9bf9cf36-d6cd-47fd-9c9b-dd857e6ac4dc/datanode-3/data/ratis/ebd0d551-e24c-4732-b21e-983753308db9] INFO  segmented.SegmentedRaftLogWorker (SegmentedRaftLogWorker.java:execute(569)) - acfe46ce-d7f7-44ce-ad8e-18450e3ff75e-SegmentedRaftLogWorker:Storage Directory /workdir/hadoop-ozone/integration-test/target/test-dir/MiniOzoneClusterImpl-9bf9cf36-d6cd-47fd-9c9b-dd857e6ac4dc/datanode-3/data/ratis/ebd0d551-e24c-4732-b21e-983753308db9: created new log segment /workdir/hadoop-ozone/integration-test/target/test-dir/MiniOzoneClusterImpl-9bf9cf36-d6cd-47fd-9c9b-dd857e6ac4dc/datanode-3/data/ratis/ebd0d551-e24c-4732-b21e-983753308db9/current/log_inprogress_0
2019-08-29 09:26:01,311 [Thread-1035] INFO  impl.FollowerState (FollowerState.java:run(106)) - 6a7e6612-29e0-44a1-aac0-71b0e452239a:group-AD04BC0FCB7F changes to CANDIDATE, lastRpcTime:5071, electionTimeout:5071ms
2019-08-29 09:26:01,312 [Thread-1035] INFO  impl.RoleInfo (RoleInfo.java:shutdownFollowerState(121)) - 6a7e6612-29e0-44a1-aac0-71b0e452239a: shutdown FollowerState
2019-08-29 09:26:01,312 [Thread-1035] INFO  impl.RaftServerImpl (RaftServerImpl.java:setRole(171)) - 6a7e6612-29e0-44a1-aac0-71b0e452239a:group-AD04BC0FCB7F changes role from FOLLOWER to CANDIDATE at term 0 for changeToCandidate
2019-08-29 09:26:01,312 [Thread-1035] INFO  impl.RoleInfo (RoleInfo.java:updateAndGet(143)) - 6a7e6612-29e0-44a1-aac0-71b0e452239a: start LeaderElection
2019-08-29 09:26:01,332 [6a7e6612-29e0-44a1-aac0-71b0e452239a:group-AD04BC0FCB7F:LeaderElection28] INFO  impl.LeaderElection (LeaderElection.java:askForVotes(181)) - 6a7e6612-29e0-44a1-aac0-71b0e452239a:group-AD04BC0FCB7F:LeaderElection28: begin an election at term 1 for -1: [6a7e6612-29e0-44a1-aac0-71b0e452239a:192.168.34.42:32993], old=null
2019-08-29 09:26:01,332 [6a7e6612-29e0-44a1-aac0-71b0e452239a:group-AD04BC0FCB7F:LeaderElection28] INFO  impl.RoleInfo (RoleInfo.java:shutdownLeaderElection(134)) - 6a7e6612-29e0-44a1-aac0-71b0e452239a: shutdown LeaderElection
2019-08-29 09:26:01,332 [6a7e6612-29e0-44a1-aac0-71b0e452239a:group-AD04BC0FCB7F:LeaderElection28] INFO  impl.RaftServerImpl (RaftServerImpl.java:setRole(171)) - 6a7e6612-29e0-44a1-aac0-71b0e452239a:group-AD04BC0FCB7F changes role from CANDIDATE to LEADER at term 1 for changeToLeader
2019-08-29 09:26:01,332 [6a7e6612-29e0-44a1-aac0-71b0e452239a:group-AD04BC0FCB7F:LeaderElection28] INFO  impl.RaftServerImpl (ServerState.java:setLeader(263)) - 6a7e6612-29e0-44a1-aac0-71b0e452239a:group-AD04BC0FCB7F change Leader from null to 6a7e6612-29e0-44a1-aac0-71b0e452239a at term 1 for becomeLeader, leader elected after 5095ms
2019-08-29 09:26:01,342 [6a7e6612-29e0-44a1-aac0-71b0e452239a:group-AD04BC0FCB7F:LeaderElection28] INFO  server.RaftServerConfigKeys (ConfUtils.java:logGet(43)) - raft.server.staging.catchup.gap = 1000 (default)
2019-08-29 09:26:01,342 [6a7e6612-29e0-44a1-aac0-71b0e452239a:group-AD04BC0FCB7F:LeaderElection28] INFO  server.RaftServerConfigKeys (ConfUtils.java:logGet(43)) - raft.server.rpc.sleep.time = 25ms (default)
2019-08-29 09:26:01,342 [6a7e6612-29e0-44a1-aac0-71b0e452239a:group-AD04BC0FCB7F:LeaderElection28] INFO  server.RaftServerConfigKeys (ConfUtils.java:logGet(43)) - raft.server.write.element-limit = 4096 (default)
2019-08-29 09:26:01,342 [6a7e6612-29e0-44a1-aac0-71b0e452239a:group-AD04BC0FCB7F:LeaderElection28] INFO  server.RaftServerConfigKeys (ConfUtils.java:logGet(43)) - raft.server.watch.timeout = 10s (default)
2019-08-29 09:26:01,342 [6a7e6612-29e0-44a1-aac0-71b0e452239a:group-AD04BC0FCB7F:LeaderElection28] INFO  server.RaftServerConfigKeys (ConfUtils.java:logGet(43)) - raft.server.watch.timeout.denomination = 1s (default)
2019-08-29 09:26:01,343 [6a7e6612-29e0-44a1-aac0-71b0e452239a:group-AD04BC0FCB7F:LeaderElection28] INFO  server.RaftServerConfigKeys (ConfUtils.java:logGet(43)) - raft.server.watch.element-limit = 65536 (default)
2019-08-29 09:26:01,343 [6a7e6612-29e0-44a1-aac0-71b0e452239a:group-AD04BC0FCB7F:LeaderElection28] INFO  impl.RoleInfo (RoleInfo.java:updateAndGet(143)) - 6a7e6612-29e0-44a1-aac0-71b0e452239a: start LeaderState
2019-08-29 09:26:01,343 [6a7e6612-29e0-44a1-aac0-71b0e452239a:group-AD04BC0FCB7F:LeaderElection28] INFO  segmented.SegmentedRaftLogWorker (SegmentedRaftLogWorker.java:startLogSegment(380)) - 6a7e6612-29e0-44a1-aac0-71b0e452239a-SegmentedRaftLogWorker:Storage Directory /workdir/hadoop-ozone/integration-test/target/test-dir/MiniOzoneClusterImpl-9bf9cf36-d6cd-47fd-9c9b-dd857e6ac4dc/datanode-6/data/ratis/90880b2b-9d08-46a8-9977-ad04bc0fcb7f: Starting segment from index:0
2019-08-29 09:26:01,344 [6a7e6612-29e0-44a1-aac0-71b0e452239a:group-AD04BC0FCB7F:LeaderElection28] INFO  impl.RaftServerImpl (ServerState.java:setRaftConf(361)) - 6a7e6612-29e0-44a1-aac0-71b0e452239a:group-AD04BC0FCB7F set configuration 0: [6a7e6612-29e0-44a1-aac0-71b0e452239a:192.168.34.42:32993], old=null at 0
2019-08-29 09:26:01,385 [Thread-1032] INFO  impl.FollowerState (FollowerState.java:run(106)) - 3f79815e-7f99-4beb-9a2e-82e095091155:group-E298C8967908 changes to CANDIDATE, lastRpcTime:5196, electionTimeout:5169ms
2019-08-29 09:26:01,386 [Thread-1032] INFO  impl.RoleInfo (RoleInfo.java:shutdownFollowerState(121)) - 3f79815e-7f99-4beb-9a2e-82e095091155: shutdown FollowerState
2019-08-29 09:26:01,386 [Thread-1032] INFO  impl.RaftServerImpl (RaftServerImpl.java:setRole(171)) - 3f79815e-7f99-4beb-9a2e-82e095091155:group-E298C8967908 changes role from FOLLOWER to CANDIDATE at term 0 for changeToCandidate
2019-08-29 09:26:01,386 [Thread-1032] INFO  impl.RoleInfo (RoleInfo.java:updateAndGet(143)) - 3f79815e-7f99-4beb-9a2e-82e095091155: start LeaderElection
2019-08-29 09:26:01,396 [grpc-default-executor-1] INFO  client.GrpcClientProtocolClient (GrpcClientProtocolClient.java:onNext(255)) - client-BF85F76BBB17->37345188-c291-4188-a3e3-b30ff541eb85: receive RaftClientReply:client-BF85F76BBB17->37345188-c291-4188-a3e3-b30ff541eb85@group-798370A2A1FE, cid=50, FAILED org.apache.ratis.protocol.NotLeaderException: Server 37345188-c291-4188-a3e3-b30ff541eb85 is not the leader (null). Request must be sent to leader., logIndex=0, commits[37345188-c291-4188-a3e3-b30ff541eb85:c-1]
2019-08-29 09:26:01,413 [Thread-1038] INFO  impl.FollowerState (FollowerState.java:run(106)) - 6a7e6612-29e0-44a1-aac0-71b0e452239a:group-9004D472383C changes to CANDIDATE, lastRpcTime:5115, electionTimeout:5115ms
2019-08-29 09:26:01,413 [Thread-1038] INFO  impl.RoleInfo (RoleInfo.java:shutdownFollowerState(121)) - 6a7e6612-29e0-44a1-aac0-71b0e452239a: shutdown FollowerState
2019-08-29 09:26:01,413 [Thread-1038] INFO  impl.RaftServerImpl (RaftServerImpl.java:setRole(171)) - 6a7e6612-29e0-44a1-aac0-71b0e452239a:group-9004D472383C changes role from FOLLOWER to CANDIDATE at term 0 for changeToCandidate
2019-08-29 09:26:01,413 [Thread-1038] INFO  impl.RoleInfo (RoleInfo.java:updateAndGet(143)) - 6a7e6612-29e0-44a1-aac0-71b0e452239a: start LeaderElection
2019-08-29 09:26:01,417 [6a7e6612-29e0-44a1-aac0-71b0e452239a-SegmentedRaftLogWorker:Storage Directory /workdir/hadoop-ozone/integration-test/target/test-dir/MiniOzoneClusterImpl-9bf9cf36-d6cd-47fd-9c9b-dd857e6ac4dc/datanode-6/data/ratis/90880b2b-9d08-46a8-9977-ad04bc0fcb7f] INFO  segmented.SegmentedRaftLogWorker (SegmentedRaftLogWorker.java:execute(569)) - 6a7e6612-29e0-44a1-aac0-71b0e452239a-SegmentedRaftLogWorker:Storage Directory /workdir/hadoop-ozone/integration-test/target/test-dir/MiniOzoneClusterImpl-9bf9cf36-d6cd-47fd-9c9b-dd857e6ac4dc/datanode-6/data/ratis/90880b2b-9d08-46a8-9977-ad04bc0fcb7f: created new log segment /workdir/hadoop-ozone/integration-test/target/test-dir/MiniOzoneClusterImpl-9bf9cf36-d6cd-47fd-9c9b-dd857e6ac4dc/datanode-6/data/ratis/90880b2b-9d08-46a8-9977-ad04bc0fcb7f/current/log_inprogress_0
2019-08-29 09:26:01,417 [3f79815e-7f99-4beb-9a2e-82e095091155:group-E298C8967908:LeaderElection29] INFO  impl.LeaderElection (LeaderElection.java:askForVotes(181)) - 3f79815e-7f99-4beb-9a2e-82e095091155:group-E298C8967908:LeaderElection29: begin an election at term 1 for -1: [3f79815e-7f99-4beb-9a2e-82e095091155:192.168.34.42:41901], old=null
2019-08-29 09:26:01,417 [3f79815e-7f99-4beb-9a2e-82e095091155:group-E298C8967908:LeaderElection29] INFO  impl.RoleInfo (RoleInfo.java:shutdownLeaderElection(134)) - 3f79815e-7f99-4beb-9a2e-82e095091155: shutdown LeaderElection
2019-08-29 09:26:01,417 [3f79815e-7f99-4beb-9a2e-82e095091155:group-E298C8967908:LeaderElection29] INFO  impl.RaftServerImpl (RaftServerImpl.java:setRole(171)) - 3f79815e-7f99-4beb-9a2e-82e095091155:group-E298C8967908 changes role from CANDIDATE to LEADER at term 1 for changeToLeader
2019-08-29 09:26:01,417 [3f79815e-7f99-4beb-9a2e-82e095091155:group-E298C8967908:LeaderElection29] INFO  impl.RaftServerImpl (ServerState.java:setLeader(263)) - 3f79815e-7f99-4beb-9a2e-82e095091155:group-E298C8967908 change Leader from null to 3f79815e-7f99-4beb-9a2e-82e095091155 at term 1 for becomeLeader, leader elected after 5233ms
2019-08-29 09:26:01,418 [3f79815e-7f99-4beb-9a2e-82e095091155:group-E298C8967908:LeaderElection29] INFO  server.RaftServerConfigKeys (ConfUtils.java:logGet(43)) - raft.server.staging.catchup.gap = 1000 (default)
2019-08-29 09:26:01,418 [3f79815e-7f99-4beb-9a2e-82e095091155:group-E298C8967908:LeaderElection29] INFO  server.RaftServerConfigKeys (ConfUtils.java:logGet(43)) - raft.server.rpc.sleep.time = 25ms (default)
2019-08-29 09:26:01,418 [3f79815e-7f99-4beb-9a2e-82e095091155:group-E298C8967908:LeaderElection29] INFO  server.RaftServerConfigKeys (ConfUtils.java:logGet(43)) - raft.server.write.element-limit = 4096 (default)
2019-08-29 09:26:01,418 [3f79815e-7f99-4beb-9a2e-82e095091155:group-E298C8967908:LeaderElection29] INFO  server.RaftServerConfigKeys (ConfUtils.java:logGet(43)) - raft.server.watch.timeout = 10s (default)
2019-08-29 09:26:01,418 [3f79815e-7f99-4beb-9a2e-82e095091155:group-E298C8967908:LeaderElection29] INFO  server.RaftServerConfigKeys (ConfUtils.java:logGet(43)) - raft.server.watch.timeout.denomination = 1s (default)
2019-08-29 09:26:01,418 [3f79815e-7f99-4beb-9a2e-82e095091155:group-E298C8967908:LeaderElection29] INFO  server.RaftServerConfigKeys (ConfUtils.java:logGet(43)) - raft.server.watch.element-limit = 65536 (default)
2019-08-29 09:26:01,419 [3f79815e-7f99-4beb-9a2e-82e095091155:group-E298C8967908:LeaderElection29] INFO  impl.RoleInfo (RoleInfo.java:updateAndGet(143)) - 3f79815e-7f99-4beb-9a2e-82e095091155: start LeaderState
2019-08-29 09:26:01,419 [3f79815e-7f99-4beb-9a2e-82e095091155:group-E298C8967908:LeaderElection29] INFO  segmented.SegmentedRaftLogWorker (SegmentedRaftLogWorker.java:startLogSegment(380)) - 3f79815e-7f99-4beb-9a2e-82e095091155-SegmentedRaftLogWorker:Storage Directory /workdir/hadoop-ozone/integration-test/target/test-dir/MiniOzoneClusterImpl-9bf9cf36-d6cd-47fd-9c9b-dd857e6ac4dc/datanode-5/data/ratis/08a6db95-f077-44ed-b9b1-e298c8967908: Starting segment from index:0
2019-08-29 09:26:01,419 [3f79815e-7f99-4beb-9a2e-82e095091155:group-E298C8967908:LeaderElection29] INFO  impl.RaftServerImpl (ServerState.java:setRaftConf(361)) - 3f79815e-7f99-4beb-9a2e-82e095091155:group-E298C8967908 set configuration 0: [3f79815e-7f99-4beb-9a2e-82e095091155:192.168.34.42:41901], old=null at 0
2019-08-29 09:26:01,463 [Thread-1043] INFO  impl.FollowerState (FollowerState.java:run(106)) - acfe46ce-d7f7-44ce-ad8e-18450e3ff75e:group-9004D472383C changes to CANDIDATE, lastRpcTime:5161, electionTimeout:5156ms
2019-08-29 09:26:01,463 [Thread-1042] INFO  impl.FollowerState (FollowerState.java:run(106)) - 3f79815e-7f99-4beb-9a2e-82e095091155:group-9004D472383C changes to CANDIDATE, lastRpcTime:5164, electionTimeout:5146ms
2019-08-29 09:26:01,464 [6a7e6612-29e0-44a1-aac0-71b0e452239a:group-9004D472383C:LeaderElection30] INFO  impl.LeaderElection (LeaderElection.java:askForVotes(181)) - 6a7e6612-29e0-44a1-aac0-71b0e452239a:group-9004D472383C:LeaderElection30: begin an election at term 1 for -1: [acfe46ce-d7f7-44ce-ad8e-18450e3ff75e:192.168.34.42:44704, 6a7e6612-29e0-44a1-aac0-71b0e452239a:192.168.34.42:32993, 3f79815e-7f99-4beb-9a2e-82e095091155:192.168.34.42:41901], old=null
2019-08-29 09:26:01,464 [Thread-1043] INFO  impl.RoleInfo (RoleInfo.java:shutdownFollowerState(121)) - acfe46ce-d7f7-44ce-ad8e-18450e3ff75e: shutdown FollowerState
2019-08-29 09:26:01,464 [Thread-1042] INFO  impl.RoleInfo (RoleInfo.java:shutdownFollowerState(121)) - 3f79815e-7f99-4beb-9a2e-82e095091155: shutdown FollowerState
2019-08-29 09:26:01,464 [Thread-1043] INFO  impl.RaftServerImpl (RaftServerImpl.java:setRole(171)) - acfe46ce-d7f7-44ce-ad8e-18450e3ff75e:group-9004D472383C changes role from FOLLOWER to CANDIDATE at term 0 for changeToCandidate
2019-08-29 09:26:01,464 [Thread-1042] INFO  impl.RaftServerImpl (RaftServerImpl.java:setRole(171)) - 3f79815e-7f99-4beb-9a2e-82e095091155:group-9004D472383C changes role from FOLLOWER to CANDIDATE at term 0 for changeToCandidate
2019-08-29 09:26:01,465 [Thread-1043] INFO  impl.RoleInfo (RoleInfo.java:updateAndGet(143)) - acfe46ce-d7f7-44ce-ad8e-18450e3ff75e: start LeaderElection
2019-08-29 09:26:01,465 [Thread-1042] INFO  impl.RoleInfo (RoleInfo.java:updateAndGet(143)) - 3f79815e-7f99-4beb-9a2e-82e095091155: start LeaderElection
2019-08-29 09:26:01,478 [3f79815e-7f99-4beb-9a2e-82e095091155-SegmentedRaftLogWorker:Storage Directory /workdir/hadoop-ozone/integration-test/target/test-dir/MiniOzoneClusterImpl-9bf9cf36-d6cd-47fd-9c9b-dd857e6ac4dc/datanode-5/data/ratis/08a6db95-f077-44ed-b9b1-e298c8967908] INFO  segmented.SegmentedRaftLogWorker (SegmentedRaftLogWorker.java:execute(569)) - 3f79815e-7f99-4beb-9a2e-82e095091155-SegmentedRaftLogWorker:Storage Directory /workdir/hadoop-ozone/integration-test/target/test-dir/MiniOzoneClusterImpl-9bf9cf36-d6cd-47fd-9c9b-dd857e6ac4dc/datanode-5/data/ratis/08a6db95-f077-44ed-b9b1-e298c8967908: created new log segment /workdir/hadoop-ozone/integration-test/target/test-dir/MiniOzoneClusterImpl-9bf9cf36-d6cd-47fd-9c9b-dd857e6ac4dc/datanode-5/data/ratis/08a6db95-f077-44ed-b9b1-e298c8967908/current/log_inprogress_0
2019-08-29 09:26:01,500 [acfe46ce-d7f7-44ce-ad8e-18450e3ff75e:group-9004D472383C:LeaderElection31] INFO  impl.LeaderElection (LeaderElection.java:askForVotes(181)) - acfe46ce-d7f7-44ce-ad8e-18450e3ff75e:group-9004D472383C:LeaderElection31: begin an election at term 1 for -1: [acfe46ce-d7f7-44ce-ad8e-18450e3ff75e:192.168.34.42:44704, 6a7e6612-29e0-44a1-aac0-71b0e452239a:192.168.34.42:32993, 3f79815e-7f99-4beb-9a2e-82e095091155:192.168.34.42:41901], old=null
2019-08-29 09:26:01,500 [3f79815e-7f99-4beb-9a2e-82e095091155:group-9004D472383C:LeaderElection32] INFO  impl.LeaderElection (LeaderElection.java:askForVotes(181)) - 3f79815e-7f99-4beb-9a2e-82e095091155:group-9004D472383C:LeaderElection32: begin an election at term 1 for -1: [acfe46ce-d7f7-44ce-ad8e-18450e3ff75e:192.168.34.42:44704, 6a7e6612-29e0-44a1-aac0-71b0e452239a:192.168.34.42:32993, 3f79815e-7f99-4beb-9a2e-82e095091155:192.168.34.42:41901], old=null
2019-08-29 09:26:01,508 [6a7e6612-29e0-44a1-aac0-71b0e452239a:group-9004D472383C:LeaderElection30] INFO  impl.LeaderElection (LeaderElection.java:logAndReturn(56)) - 6a7e6612-29e0-44a1-aac0-71b0e452239a:group-9004D472383C:LeaderElection30: Election REJECTED; received 2 response(s) [6a7e6612-29e0-44a1-aac0-71b0e452239a<-acfe46ce-d7f7-44ce-ad8e-18450e3ff75e#0:FAIL-t1, 6a7e6612-29e0-44a1-aac0-71b0e452239a<-3f79815e-7f99-4beb-9a2e-82e095091155#0:FAIL-t1] and 0 exception(s); 6a7e6612-29e0-44a1-aac0-71b0e452239a:t1, leader=null, voted=6a7e6612-29e0-44a1-aac0-71b0e452239a, raftlog=6a7e6612-29e0-44a1-aac0-71b0e452239a-SegmentedRaftLog:OPENED:c-1,f-1,i0, conf=-1: [acfe46ce-d7f7-44ce-ad8e-18450e3ff75e:192.168.34.42:44704, 6a7e6612-29e0-44a1-aac0-71b0e452239a:192.168.34.42:32993, 3f79815e-7f99-4beb-9a2e-82e095091155:192.168.34.42:41901], old=null
2019-08-29 09:26:01,508 [6a7e6612-29e0-44a1-aac0-71b0e452239a:group-9004D472383C:LeaderElection30] INFO  impl.RaftServerImpl (RaftServerImpl.java:setRole(171)) - 6a7e6612-29e0-44a1-aac0-71b0e452239a:group-9004D472383C changes role from CANDIDATE to FOLLOWER at term 1 for DISCOVERED_A_NEW_TERM
2019-08-29 09:26:01,508 [6a7e6612-29e0-44a1-aac0-71b0e452239a:group-9004D472383C:LeaderElection30] INFO  impl.RoleInfo (RoleInfo.java:shutdownLeaderElection(134)) - 6a7e6612-29e0-44a1-aac0-71b0e452239a: shutdown LeaderElection
2019-08-29 09:26:01,509 [6a7e6612-29e0-44a1-aac0-71b0e452239a:group-9004D472383C:LeaderElection30] INFO  impl.RoleInfo (RoleInfo.java:updateAndGet(143)) - 6a7e6612-29e0-44a1-aac0-71b0e452239a: start FollowerState
2019-08-29 09:26:01,529 [acfe46ce-d7f7-44ce-ad8e-18450e3ff75e:group-9004D472383C:LeaderElection31] INFO  impl.LeaderElection (LeaderElection.java:logAndReturn(56)) - acfe46ce-d7f7-44ce-ad8e-18450e3ff75e:group-9004D472383C:LeaderElection31: Election REJECTED; received 2 response(s) [acfe46ce-d7f7-44ce-ad8e-18450e3ff75e<-6a7e6612-29e0-44a1-aac0-71b0e452239a#0:FAIL-t1, acfe46ce-d7f7-44ce-ad8e-18450e3ff75e<-3f79815e-7f99-4beb-9a2e-82e095091155#0:FAIL-t1] and 0 exception(s); acfe46ce-d7f7-44ce-ad8e-18450e3ff75e:t1, leader=null, voted=acfe46ce-d7f7-44ce-ad8e-18450e3ff75e, raftlog=acfe46ce-d7f7-44ce-ad8e-18450e3ff75e-SegmentedRaftLog:OPENED:c-1,f-1,i0, conf=-1: [acfe46ce-d7f7-44ce-ad8e-18450e3ff75e:192.168.34.42:44704, 6a7e6612-29e0-44a1-aac0-71b0e452239a:192.168.34.42:32993, 3f79815e-7f99-4beb-9a2e-82e095091155:192.168.34.42:41901], old=null
2019-08-29 09:26:01,532 [acfe46ce-d7f7-44ce-ad8e-18450e3ff75e:group-9004D472383C:LeaderElection31] INFO  impl.RaftServerImpl (RaftServerImpl.java:setRole(171)) - acfe46ce-d7f7-44ce-ad8e-18450e3ff75e:group-9004D472383C changes role from CANDIDATE to FOLLOWER at term 1 for DISCOVERED_A_NEW_TERM
2019-08-29 09:26:01,532 [acfe46ce-d7f7-44ce-ad8e-18450e3ff75e:group-9004D472383C:LeaderElection31] INFO  impl.RoleInfo (RoleInfo.java:shutdownLeaderElection(134)) - acfe46ce-d7f7-44ce-ad8e-18450e3ff75e: shutdown LeaderElection
2019-08-29 09:26:01,532 [3f79815e-7f99-4beb-9a2e-82e095091155:group-9004D472383C:LeaderElection32] INFO  impl.LeaderElection (LeaderElection.java:logAndReturn(56)) - 3f79815e-7f99-4beb-9a2e-82e095091155:group-9004D472383C:LeaderElection32: Election REJECTED; received 2 response(s) [3f79815e-7f99-4beb-9a2e-82e095091155<-acfe46ce-d7f7-44ce-ad8e-18450e3ff75e#0:FAIL-t1, 3f79815e-7f99-4beb-9a2e-82e095091155<-6a7e6612-29e0-44a1-aac0-71b0e452239a#0:FAIL-t1] and 0 exception(s); 3f79815e-7f99-4beb-9a2e-82e095091155:t1, leader=null, voted=3f79815e-7f99-4beb-9a2e-82e095091155, raftlog=3f79815e-7f99-4beb-9a2e-82e095091155-SegmentedRaftLog:OPENED:c-1,f-1,i0, conf=-1: [acfe46ce-d7f7-44ce-ad8e-18450e3ff75e:192.168.34.42:44704, 6a7e6612-29e0-44a1-aac0-71b0e452239a:192.168.34.42:32993, 3f79815e-7f99-4beb-9a2e-82e095091155:192.168.34.42:41901], old=null
2019-08-29 09:26:01,532 [acfe46ce-d7f7-44ce-ad8e-18450e3ff75e:group-9004D472383C:LeaderElection31] INFO  impl.RoleInfo (RoleInfo.java:updateAndGet(143)) - acfe46ce-d7f7-44ce-ad8e-18450e3ff75e: start FollowerState
2019-08-29 09:26:01,532 [3f79815e-7f99-4beb-9a2e-82e095091155:group-9004D472383C:LeaderElection32] INFO  impl.RaftServerImpl (RaftServerImpl.java:setRole(171)) - 3f79815e-7f99-4beb-9a2e-82e095091155:group-9004D472383C changes role from CANDIDATE to FOLLOWER at term 1 for DISCOVERED_A_NEW_TERM
2019-08-29 09:26:01,533 [3f79815e-7f99-4beb-9a2e-82e095091155:group-9004D472383C:LeaderElection32] INFO  impl.RoleInfo (RoleInfo.java:shutdownLeaderElection(134)) - 3f79815e-7f99-4beb-9a2e-82e095091155: shutdown LeaderElection
2019-08-29 09:26:01,533 [3f79815e-7f99-4beb-9a2e-82e095091155:group-9004D472383C:LeaderElection32] INFO  impl.RoleInfo (RoleInfo.java:updateAndGet(143)) - 3f79815e-7f99-4beb-9a2e-82e095091155: start FollowerState
2019-08-29 09:26:01,657 | INFO  | SCMAudit | user=jenkins1000 | ip=192.168.34.42 | op=SEND_HEARTBEAT {datanodeUUID=70943ca8-2057-43d2-a47c-49bd499a68c6, command=[]} | ret=SUCCESS |  
2019-08-29 09:26:01,753 | INFO  | SCMAudit | user=jenkins1000 | ip=192.168.34.42 | op=SEND_HEARTBEAT {datanodeUUID=37345188-c291-4188-a3e3-b30ff541eb85, command=[]} | ret=SUCCESS |  
2019-08-29 09:26:01,826 | INFO  | SCMAudit | user=jenkins1000 | ip=192.168.34.42 | op=SEND_HEARTBEAT {datanodeUUID=34149fcb-7fd9-43b7-9e6c-7ef931619a7b, command=[]} | ret=SUCCESS |  
2019-08-29 09:26:01,917 | INFO  | SCMAudit | user=jenkins1000 | ip=192.168.34.42 | op=SEND_HEARTBEAT {datanodeUUID=acfe46ce-d7f7-44ce-ad8e-18450e3ff75e, command=[]} | ret=SUCCESS |  
2019-08-29 09:26:01,994 | INFO  | SCMAudit | user=jenkins1000 | ip=192.168.34.42 | op=SEND_HEARTBEAT {datanodeUUID=9de17530-92d1-4d1a-8119-ac335a28c903, command=[]} | ret=SUCCESS |  
2019-08-29 09:26:02,094 | INFO  | SCMAudit | user=jenkins1000 | ip=192.168.34.42 | op=SEND_HEARTBEAT {datanodeUUID=3f79815e-7f99-4beb-9a2e-82e095091155, command=[]} | ret=SUCCESS |  
2019-08-29 09:26:02,180 | INFO  | SCMAudit | user=jenkins1000 | ip=192.168.34.42 | op=SEND_HEARTBEAT {datanodeUUID=6a7e6612-29e0-44a1-aac0-71b0e452239a, command=[]} | ret=SUCCESS |  
2019-08-29 09:26:02,412 [grpc-default-executor-1] INFO  client.GrpcClientProtocolClient (GrpcClientProtocolClient.java:onNext(255)) - client-BF85F76BBB17->34149fcb-7fd9-43b7-9e6c-7ef931619a7b: receive RaftClientReply:client-BF85F76BBB17->34149fcb-7fd9-43b7-9e6c-7ef931619a7b@group-798370A2A1FE, cid=50, FAILED org.apache.ratis.protocol.NotLeaderException: Server 34149fcb-7fd9-43b7-9e6c-7ef931619a7b is not the leader (null). Request must be sent to leader., logIndex=0, commits[34149fcb-7fd9-43b7-9e6c-7ef931619a7b:c-1]
2019-08-29 09:26:02,657 | INFO  | SCMAudit | user=jenkins1000 | ip=192.168.34.42 | op=SEND_HEARTBEAT {datanodeUUID=70943ca8-2057-43d2-a47c-49bd499a68c6, command=[]} | ret=SUCCESS |  
2019-08-29 09:26:02,752 | INFO  | SCMAudit | user=jenkins1000 | ip=192.168.34.42 | op=SEND_HEARTBEAT {datanodeUUID=37345188-c291-4188-a3e3-b30ff541eb85, command=[]} | ret=SUCCESS |  
2019-08-29 09:26:02,826 | INFO  | SCMAudit | user=jenkins1000 | ip=192.168.34.42 | op=SEND_HEARTBEAT {datanodeUUID=34149fcb-7fd9-43b7-9e6c-7ef931619a7b, command=[]} | ret=SUCCESS |  
2019-08-29 09:26:02,916 | INFO  | SCMAudit | user=jenkins1000 | ip=192.168.34.42 | op=SEND_HEARTBEAT {datanodeUUID=acfe46ce-d7f7-44ce-ad8e-18450e3ff75e, command=[]} | ret=SUCCESS |  
2019-08-29 09:26:02,993 | INFO  | SCMAudit | user=jenkins1000 | ip=192.168.34.42 | op=SEND_HEARTBEAT {datanodeUUID=9de17530-92d1-4d1a-8119-ac335a28c903, command=[]} | ret=SUCCESS |  
2019-08-29 09:26:03,094 | INFO  | SCMAudit | user=jenkins1000 | ip=192.168.34.42 | op=SEND_HEARTBEAT {datanodeUUID=3f79815e-7f99-4beb-9a2e-82e095091155, command=[]} | ret=SUCCESS |  
2019-08-29 09:26:03,180 | INFO  | SCMAudit | user=jenkins1000 | ip=192.168.34.42 | op=SEND_HEARTBEAT {datanodeUUID=6a7e6612-29e0-44a1-aac0-71b0e452239a, command=[]} | ret=SUCCESS |  
2019-08-29 09:26:03,428 [grpc-default-executor-3] INFO  client.GrpcClientProtocolClient (GrpcClientProtocolClient.java:onNext(255)) - client-BF85F76BBB17->37345188-c291-4188-a3e3-b30ff541eb85: receive RaftClientReply:client-BF85F76BBB17->37345188-c291-4188-a3e3-b30ff541eb85@group-798370A2A1FE, cid=50, FAILED org.apache.ratis.protocol.NotLeaderException: Server 37345188-c291-4188-a3e3-b30ff541eb85 is not the leader (null). Request must be sent to leader., logIndex=0, commits[37345188-c291-4188-a3e3-b30ff541eb85:c-1]
2019-08-29 09:26:03,657 | INFO  | SCMAudit | user=jenkins1000 | ip=192.168.34.42 | op=SEND_HEARTBEAT {datanodeUUID=70943ca8-2057-43d2-a47c-49bd499a68c6, command=[]} | ret=SUCCESS |  
2019-08-29 09:26:03,753 | INFO  | SCMAudit | user=jenkins1000 | ip=192.168.34.42 | op=SEND_HEARTBEAT {datanodeUUID=37345188-c291-4188-a3e3-b30ff541eb85, command=[]} | ret=SUCCESS |  
2019-08-29 09:26:03,826 | INFO  | SCMAudit | user=jenkins1000 | ip=192.168.34.42 | op=SEND_HEARTBEAT {datanodeUUID=34149fcb-7fd9-43b7-9e6c-7ef931619a7b, command=[]} | ret=SUCCESS |  
2019-08-29 09:26:03,917 | INFO  | SCMAudit | user=jenkins1000 | ip=192.168.34.42 | op=SEND_HEARTBEAT {datanodeUUID=acfe46ce-d7f7-44ce-ad8e-18450e3ff75e, command=[]} | ret=SUCCESS |  
2019-08-29 09:26:03,994 | INFO  | SCMAudit | user=jenkins1000 | ip=192.168.34.42 | op=SEND_HEARTBEAT {datanodeUUID=9de17530-92d1-4d1a-8119-ac335a28c903, command=[]} | ret=SUCCESS |  
2019-08-29 09:26:04,094 | INFO  | SCMAudit | user=jenkins1000 | ip=192.168.34.42 | op=SEND_HEARTBEAT {datanodeUUID=3f79815e-7f99-4beb-9a2e-82e095091155, command=[]} | ret=SUCCESS |  
2019-08-29 09:26:04,180 | INFO  | SCMAudit | user=jenkins1000 | ip=192.168.34.42 | op=SEND_HEARTBEAT {datanodeUUID=6a7e6612-29e0-44a1-aac0-71b0e452239a, command=[]} | ret=SUCCESS |  
2019-08-29 09:26:04,458 [grpc-default-executor-1] INFO  client.GrpcClientProtocolClient (GrpcClientProtocolClient.java:onNext(255)) - client-BF85F76BBB17->70943ca8-2057-43d2-a47c-49bd499a68c6: receive RaftClientReply:client-BF85F76BBB17->70943ca8-2057-43d2-a47c-49bd499a68c6@group-798370A2A1FE, cid=50, FAILED org.apache.ratis.protocol.NotLeaderException: Server 70943ca8-2057-43d2-a47c-49bd499a68c6 is not the leader (null). Request must be sent to leader., logIndex=0, commits[70943ca8-2057-43d2-a47c-49bd499a68c6:c-1]
2019-08-29 09:26:04,657 | INFO  | SCMAudit | user=jenkins1000 | ip=192.168.34.42 | op=SEND_HEARTBEAT {datanodeUUID=70943ca8-2057-43d2-a47c-49bd499a68c6, command=[]} | ret=SUCCESS |  
2019-08-29 09:26:04,753 | INFO  | SCMAudit | user=jenkins1000 | ip=192.168.34.42 | op=SEND_HEARTBEAT {datanodeUUID=37345188-c291-4188-a3e3-b30ff541eb85, command=[]} | ret=SUCCESS |  
2019-08-29 09:26:04,827 | INFO  | SCMAudit | user=jenkins1000 | ip=192.168.34.42 | op=SEND_HEARTBEAT {datanodeUUID=34149fcb-7fd9-43b7-9e6c-7ef931619a7b, command=[]} | ret=SUCCESS |  
2019-08-29 09:26:04,917 | INFO  | SCMAudit | user=jenkins1000 | ip=192.168.34.42 | op=SEND_HEARTBEAT {datanodeUUID=acfe46ce-d7f7-44ce-ad8e-18450e3ff75e, command=[]} | ret=SUCCESS |  
2019-08-29 09:26:04,993 | INFO  | SCMAudit | user=jenkins1000 | ip=192.168.34.42 | op=SEND_HEARTBEAT {datanodeUUID=9de17530-92d1-4d1a-8119-ac335a28c903, command=[]} | ret=SUCCESS |  
2019-08-29 09:26:05,094 | INFO  | SCMAudit | user=jenkins1000 | ip=192.168.34.42 | op=SEND_HEARTBEAT {datanodeUUID=3f79815e-7f99-4beb-9a2e-82e095091155, command=[]} | ret=SUCCESS |  
2019-08-29 09:26:05,181 | INFO  | SCMAudit | user=jenkins1000 | ip=192.168.34.42 | op=SEND_HEARTBEAT {datanodeUUID=6a7e6612-29e0-44a1-aac0-71b0e452239a, command=[]} | ret=SUCCESS |  
2019-08-29 09:26:05,473 [grpc-default-executor-3] INFO  client.GrpcClientProtocolClient (GrpcClientProtocolClient.java:onNext(255)) - client-BF85F76BBB17->34149fcb-7fd9-43b7-9e6c-7ef931619a7b: receive RaftClientReply:client-BF85F76BBB17->34149fcb-7fd9-43b7-9e6c-7ef931619a7b@group-798370A2A1FE, cid=50, FAILED org.apache.ratis.protocol.NotLeaderException: Server 34149fcb-7fd9-43b7-9e6c-7ef931619a7b is not the leader (null). Request must be sent to leader., logIndex=0, commits[34149fcb-7fd9-43b7-9e6c-7ef931619a7b:c-1]
2019-08-29 09:26:05,658 | INFO  | SCMAudit | user=jenkins1000 | ip=192.168.34.42 | op=SEND_HEARTBEAT {datanodeUUID=70943ca8-2057-43d2-a47c-49bd499a68c6, command=[]} | ret=SUCCESS |  
2019-08-29 09:26:05,753 | INFO  | SCMAudit | user=jenkins1000 | ip=192.168.34.42 | op=SEND_HEARTBEAT {datanodeUUID=37345188-c291-4188-a3e3-b30ff541eb85, command=[]} | ret=SUCCESS |  
2019-08-29 09:26:05,826 | INFO  | SCMAudit | user=jenkins1000 | ip=192.168.34.42 | op=SEND_HEARTBEAT {datanodeUUID=34149fcb-7fd9-43b7-9e6c-7ef931619a7b, command=[]} | ret=SUCCESS |  
2019-08-29 09:26:05,916 | INFO  | SCMAudit | user=jenkins1000 | ip=192.168.34.42 | op=SEND_HEARTBEAT {datanodeUUID=acfe46ce-d7f7-44ce-ad8e-18450e3ff75e, command=[]} | ret=SUCCESS |  
2019-08-29 09:26:05,994 | INFO  | SCMAudit | user=jenkins1000 | ip=192.168.34.42 | op=SEND_HEARTBEAT {datanodeUUID=9de17530-92d1-4d1a-8119-ac335a28c903, command=[]} | ret=SUCCESS |  
2019-08-29 09:26:06,095 | INFO  | SCMAudit | user=jenkins1000 | ip=192.168.34.42 | op=SEND_HEARTBEAT {datanodeUUID=3f79815e-7f99-4beb-9a2e-82e095091155, command=[]} | ret=SUCCESS |  
2019-08-29 09:26:06,181 | INFO  | SCMAudit | user=jenkins1000 | ip=192.168.34.42 | op=SEND_HEARTBEAT {datanodeUUID=6a7e6612-29e0-44a1-aac0-71b0e452239a, command=[]} | ret=SUCCESS |  
2019-08-29 09:26:06,190 [Thread-1077] INFO  impl.FollowerState (FollowerState.java:run(106)) - 70943ca8-2057-43d2-a47c-49bd499a68c6:group-798370A2A1FE changes to CANDIDATE, lastRpcTime:5083, electionTimeout:5083ms
2019-08-29 09:26:06,190 [Thread-1077] INFO  impl.RoleInfo (RoleInfo.java:shutdownFollowerState(121)) - 70943ca8-2057-43d2-a47c-49bd499a68c6: shutdown FollowerState
2019-08-29 09:26:06,190 [Thread-1077] INFO  impl.RaftServerImpl (RaftServerImpl.java:setRole(171)) - 70943ca8-2057-43d2-a47c-49bd499a68c6:group-798370A2A1FE changes role from FOLLOWER to CANDIDATE at term 1 for changeToCandidate
2019-08-29 09:26:06,191 [Thread-1077] INFO  impl.RoleInfo (RoleInfo.java:updateAndGet(143)) - 70943ca8-2057-43d2-a47c-49bd499a68c6: start LeaderElection
2019-08-29 09:26:06,209 [70943ca8-2057-43d2-a47c-49bd499a68c6:group-798370A2A1FE:LeaderElection33] INFO  impl.LeaderElection (LeaderElection.java:askForVotes(181)) - 70943ca8-2057-43d2-a47c-49bd499a68c6:group-798370A2A1FE:LeaderElection33: begin an election at term 2 for -1: [34149fcb-7fd9-43b7-9e6c-7ef931619a7b:192.168.34.42:35023, 70943ca8-2057-43d2-a47c-49bd499a68c6:192.168.34.42:41945, 37345188-c291-4188-a3e3-b30ff541eb85:192.168.34.42:35363], old=null
2019-08-29 09:26:06,212 [Thread-1078] INFO  impl.FollowerState (FollowerState.java:run(106)) - 37345188-c291-4188-a3e3-b30ff541eb85:group-798370A2A1FE changes to CANDIDATE, lastRpcTime:5103, electionTimeout:5103ms
2019-08-29 09:26:06,213 [Thread-1078] INFO  impl.RoleInfo (RoleInfo.java:shutdownFollowerState(121)) - 37345188-c291-4188-a3e3-b30ff541eb85: shutdown FollowerState
2019-08-29 09:26:06,213 [Thread-1078] INFO  impl.RaftServerImpl (RaftServerImpl.java:setRole(171)) - 37345188-c291-4188-a3e3-b30ff541eb85:group-798370A2A1FE changes role from FOLLOWER to CANDIDATE at term 1 for changeToCandidate
2019-08-29 09:26:06,213 [grpc-default-executor-3] INFO  impl.RaftServerImpl (RaftServerImpl.java:setRole(171)) - 34149fcb-7fd9-43b7-9e6c-7ef931619a7b:group-798370A2A1FE changes role from FOLLOWER to FOLLOWER at term 2 for recognizeCandidate:70943ca8-2057-43d2-a47c-49bd499a68c6
2019-08-29 09:26:06,213 [Thread-1078] INFO  impl.RoleInfo (RoleInfo.java:updateAndGet(143)) - 37345188-c291-4188-a3e3-b30ff541eb85: start LeaderElection
2019-08-29 09:26:06,213 [grpc-default-executor-3] INFO  impl.RoleInfo (RoleInfo.java:shutdownFollowerState(121)) - 34149fcb-7fd9-43b7-9e6c-7ef931619a7b: shutdown FollowerState
2019-08-29 09:26:06,220 [grpc-default-executor-1] INFO  impl.RaftServerImpl (RaftServerImpl.java:setRole(171)) - 37345188-c291-4188-a3e3-b30ff541eb85:group-798370A2A1FE changes role from CANDIDATE to FOLLOWER at term 2 for recognizeCandidate:70943ca8-2057-43d2-a47c-49bd499a68c6
2019-08-29 09:26:06,221 [grpc-default-executor-1] INFO  impl.RoleInfo (RoleInfo.java:shutdownLeaderElection(134)) - 37345188-c291-4188-a3e3-b30ff541eb85: shutdown LeaderElection
2019-08-29 09:26:06,221 [grpc-default-executor-3] INFO  impl.RoleInfo (RoleInfo.java:updateAndGet(143)) - 34149fcb-7fd9-43b7-9e6c-7ef931619a7b: start FollowerState
2019-08-29 09:26:06,221 [Thread-1076] INFO  impl.FollowerState (FollowerState.java:run(114)) - 34149fcb-7fd9-43b7-9e6c-7ef931619a7b: FollowerState was interrupted: java.lang.InterruptedException: sleep interrupted
2019-08-29 09:26:06,221 [grpc-default-executor-1] INFO  impl.RoleInfo (RoleInfo.java:updateAndGet(143)) - 37345188-c291-4188-a3e3-b30ff541eb85: start FollowerState
2019-08-29 09:26:06,266 [70943ca8-2057-43d2-a47c-49bd499a68c6:group-798370A2A1FE:LeaderElection33] INFO  impl.LeaderElection (LeaderElection.java:logAndReturn(56)) - 70943ca8-2057-43d2-a47c-49bd499a68c6:group-798370A2A1FE:LeaderElection33: Election PASSED; received 1 response(s) [70943ca8-2057-43d2-a47c-49bd499a68c6<-34149fcb-7fd9-43b7-9e6c-7ef931619a7b#0:OK-t2] and 0 exception(s); 70943ca8-2057-43d2-a47c-49bd499a68c6:t2, leader=null, voted=70943ca8-2057-43d2-a47c-49bd499a68c6, raftlog=70943ca8-2057-43d2-a47c-49bd499a68c6-SegmentedRaftLog:OPENED:c-1,f-1,i0, conf=-1: [34149fcb-7fd9-43b7-9e6c-7ef931619a7b:192.168.34.42:35023, 70943ca8-2057-43d2-a47c-49bd499a68c6:192.168.34.42:41945, 37345188-c291-4188-a3e3-b30ff541eb85:192.168.34.42:35363], old=null
2019-08-29 09:26:06,267 [70943ca8-2057-43d2-a47c-49bd499a68c6:group-798370A2A1FE:LeaderElection33] INFO  impl.RoleInfo (RoleInfo.java:shutdownLeaderElection(134)) - 70943ca8-2057-43d2-a47c-49bd499a68c6: shutdown LeaderElection
2019-08-29 09:26:06,267 [70943ca8-2057-43d2-a47c-49bd499a68c6:group-798370A2A1FE:LeaderElection33] INFO  impl.RaftServerImpl (RaftServerImpl.java:setRole(171)) - 70943ca8-2057-43d2-a47c-49bd499a68c6:group-798370A2A1FE changes role from CANDIDATE to LEADER at term 2 for changeToLeader
2019-08-29 09:26:06,267 [70943ca8-2057-43d2-a47c-49bd499a68c6:group-798370A2A1FE:LeaderElection33] INFO  impl.RaftServerImpl (ServerState.java:setLeader(263)) - 70943ca8-2057-43d2-a47c-49bd499a68c6:group-798370A2A1FE change Leader from null to 70943ca8-2057-43d2-a47c-49bd499a68c6 at term 2 for becomeLeader, leader elected after 10333ms
2019-08-29 09:26:06,267 [70943ca8-2057-43d2-a47c-49bd499a68c6:group-798370A2A1FE:LeaderElection33] INFO  server.RaftServerConfigKeys (ConfUtils.java:logGet(43)) - raft.server.staging.catchup.gap = 1000 (default)
2019-08-29 09:26:06,268 [70943ca8-2057-43d2-a47c-49bd499a68c6:group-798370A2A1FE:LeaderElection33] INFO  server.RaftServerConfigKeys (ConfUtils.java:logGet(43)) - raft.server.rpc.sleep.time = 25ms (default)
2019-08-29 09:26:06,268 [70943ca8-2057-43d2-a47c-49bd499a68c6:group-798370A2A1FE:LeaderElection33] INFO  server.RaftServerConfigKeys (ConfUtils.java:logGet(43)) - raft.server.write.element-limit = 4096 (default)
2019-08-29 09:26:06,268 [70943ca8-2057-43d2-a47c-49bd499a68c6:group-798370A2A1FE:LeaderElection33] INFO  server.RaftServerConfigKeys (ConfUtils.java:logGet(43)) - raft.server.watch.timeout = 10s (default)
2019-08-29 09:26:06,268 [70943ca8-2057-43d2-a47c-49bd499a68c6:group-798370A2A1FE:LeaderElection33] INFO  server.RaftServerConfigKeys (ConfUtils.java:logGet(43)) - raft.server.watch.timeout.denomination = 1s (default)
2019-08-29 09:26:06,268 [70943ca8-2057-43d2-a47c-49bd499a68c6:group-798370A2A1FE:LeaderElection33] INFO  server.RaftServerConfigKeys (ConfUtils.java:logGet(43)) - raft.server.watch.element-limit = 65536 (default)
2019-08-29 09:26:06,269 [70943ca8-2057-43d2-a47c-49bd499a68c6:group-798370A2A1FE:LeaderElection33] INFO  server.RaftServerConfigKeys (ConfUtils.java:logGet(43)) - raft.server.log.appender.snapshot.chunk.size.max = 16MB (=16777216) (default)
2019-08-29 09:26:06,269 [70943ca8-2057-43d2-a47c-49bd499a68c6:group-798370A2A1FE:LeaderElection33] INFO  server.RaftServerConfigKeys (ConfUtils.java:logGet(43)) - raft.server.log.appender.buffer.byte-limit = 33554432 (custom)
2019-08-29 09:26:06,269 [70943ca8-2057-43d2-a47c-49bd499a68c6:group-798370A2A1FE:LeaderElection33] INFO  server.RaftServerConfigKeys (ConfUtils.java:logGet(43)) - raft.server.log.appender.buffer.element-limit = 1 (custom)
2019-08-29 09:26:06,270 [70943ca8-2057-43d2-a47c-49bd499a68c6:group-798370A2A1FE:LeaderElection33] INFO  grpc.GrpcConfigKeys$Server (ConfUtils.java:logGet(43)) - raft.grpc.server.leader.outstanding.appends.max = 128 (default)
2019-08-29 09:26:06,270 [70943ca8-2057-43d2-a47c-49bd499a68c6:group-798370A2A1FE:LeaderElection33] INFO  server.RaftServerConfigKeys (ConfUtils.java:logGet(43)) - raft.server.rpc.request.timeout = 3000ms (default)
2019-08-29 09:26:06,270 [70943ca8-2057-43d2-a47c-49bd499a68c6:group-798370A2A1FE:LeaderElection33] INFO  server.RaftServerConfigKeys (ConfUtils.java:logGet(43)) - raft.server.log.appender.install.snapshot.enabled = false (custom)
2019-08-29 09:26:06,270 [70943ca8-2057-43d2-a47c-49bd499a68c6:group-798370A2A1FE:LeaderElection33] INFO  server.RaftServerConfigKeys (ConfUtils.java:logGet(43)) - raft.server.log.appender.snapshot.chunk.size.max = 16MB (=16777216) (default)
2019-08-29 09:26:06,270 [70943ca8-2057-43d2-a47c-49bd499a68c6:group-798370A2A1FE:LeaderElection33] INFO  server.RaftServerConfigKeys (ConfUtils.java:logGet(43)) - raft.server.log.appender.buffer.byte-limit = 33554432 (custom)
2019-08-29 09:26:06,270 [70943ca8-2057-43d2-a47c-49bd499a68c6:group-798370A2A1FE:LeaderElection33] INFO  server.RaftServerConfigKeys (ConfUtils.java:logGet(43)) - raft.server.log.appender.buffer.element-limit = 1 (custom)
2019-08-29 09:26:06,271 [70943ca8-2057-43d2-a47c-49bd499a68c6:group-798370A2A1FE:LeaderElection33] INFO  grpc.GrpcConfigKeys$Server (ConfUtils.java:logGet(43)) - raft.grpc.server.leader.outstanding.appends.max = 128 (default)
2019-08-29 09:26:06,271 [70943ca8-2057-43d2-a47c-49bd499a68c6:group-798370A2A1FE:LeaderElection33] INFO  server.RaftServerConfigKeys (ConfUtils.java:logGet(43)) - raft.server.rpc.request.timeout = 3000ms (default)
2019-08-29 09:26:06,271 [70943ca8-2057-43d2-a47c-49bd499a68c6:group-798370A2A1FE:LeaderElection33] INFO  server.RaftServerConfigKeys (ConfUtils.java:logGet(43)) - raft.server.log.appender.install.snapshot.enabled = false (custom)
2019-08-29 09:26:06,272 [70943ca8-2057-43d2-a47c-49bd499a68c6:group-798370A2A1FE:LeaderElection33] INFO  impl.RoleInfo (RoleInfo.java:updateAndGet(143)) - 70943ca8-2057-43d2-a47c-49bd499a68c6: start LeaderState
2019-08-29 09:26:06,272 [70943ca8-2057-43d2-a47c-49bd499a68c6:group-798370A2A1FE:LeaderElection33] INFO  segmented.SegmentedRaftLogWorker (SegmentedRaftLogWorker.java:startLogSegment(380)) - 70943ca8-2057-43d2-a47c-49bd499a68c6-SegmentedRaftLogWorker:Storage Directory /workdir/hadoop-ozone/integration-test/target/test-dir/MiniOzoneClusterImpl-9bf9cf36-d6cd-47fd-9c9b-dd857e6ac4dc/datanode-0/data/ratis/cd8521cc-7979-48a6-a7b1-798370a2a1fe: Starting segment from index:0
2019-08-29 09:26:06,273 [70943ca8-2057-43d2-a47c-49bd499a68c6:group-798370A2A1FE:LeaderElection33] INFO  impl.RaftServerImpl (ServerState.java:setRaftConf(361)) - 70943ca8-2057-43d2-a47c-49bd499a68c6:group-798370A2A1FE set configuration 0: [34149fcb-7fd9-43b7-9e6c-7ef931619a7b:192.168.34.42:35023, 70943ca8-2057-43d2-a47c-49bd499a68c6:192.168.34.42:41945, 37345188-c291-4188-a3e3-b30ff541eb85:192.168.34.42:35363], old=null at 0
2019-08-29 09:26:06,275 [grpc-default-executor-1] INFO  impl.RaftServerImpl (ServerState.java:setLeader(263)) - 34149fcb-7fd9-43b7-9e6c-7ef931619a7b:group-798370A2A1FE change Leader from null to 70943ca8-2057-43d2-a47c-49bd499a68c6 at term 2 for appendEntries, leader elected after 10341ms
2019-08-29 09:26:06,278 [grpc-default-executor-1] INFO  impl.RaftServerImpl (ServerState.java:setRaftConf(361)) - 34149fcb-7fd9-43b7-9e6c-7ef931619a7b:group-798370A2A1FE set configuration 0: [34149fcb-7fd9-43b7-9e6c-7ef931619a7b:192.168.34.42:35023, 70943ca8-2057-43d2-a47c-49bd499a68c6:192.168.34.42:41945, 37345188-c291-4188-a3e3-b30ff541eb85:192.168.34.42:35363], old=null at 0
2019-08-29 09:26:06,278 [37345188-c291-4188-a3e3-b30ff541eb85:group-798370A2A1FE:LeaderElection34] INFO  impl.LeaderElection (LeaderElection.java:askForVotes(181)) - 37345188-c291-4188-a3e3-b30ff541eb85:group-798370A2A1FE:LeaderElection34: begin an election at term 3 for -1: [34149fcb-7fd9-43b7-9e6c-7ef931619a7b:192.168.34.42:35023, 70943ca8-2057-43d2-a47c-49bd499a68c6:192.168.34.42:41945, 37345188-c291-4188-a3e3-b30ff541eb85:192.168.34.42:35363], old=null
2019-08-29 09:26:06,278 [grpc-default-executor-1] INFO  segmented.SegmentedRaftLogWorker (SegmentedRaftLogWorker.java:startLogSegment(380)) - 34149fcb-7fd9-43b7-9e6c-7ef931619a7b-SegmentedRaftLogWorker:Storage Directory /workdir/hadoop-ozone/integration-test/target/test-dir/MiniOzoneClusterImpl-9bf9cf36-d6cd-47fd-9c9b-dd857e6ac4dc/datanode-2/data/ratis/cd8521cc-7979-48a6-a7b1-798370a2a1fe: Starting segment from index:0
2019-08-29 09:26:06,279 [37345188-c291-4188-a3e3-b30ff541eb85:group-798370A2A1FE:LeaderElection34] INFO  impl.LeaderElection (LeaderElection.java:logAndReturn(56)) - 37345188-c291-4188-a3e3-b30ff541eb85:group-798370A2A1FE:LeaderElection34: Election REJECTED; received 0 response(s) [] and 0 exception(s); 37345188-c291-4188-a3e3-b30ff541eb85:t3, leader=null, voted=37345188-c291-4188-a3e3-b30ff541eb85, raftlog=37345188-c291-4188-a3e3-b30ff541eb85-SegmentedRaftLog:OPENED:c-1,f-1,i0, conf=-1: [34149fcb-7fd9-43b7-9e6c-7ef931619a7b:192.168.34.42:35023, 70943ca8-2057-43d2-a47c-49bd499a68c6:192.168.34.42:41945, 37345188-c291-4188-a3e3-b30ff541eb85:192.168.34.42:35363], old=null
2019-08-29 09:26:06,319 [grpc-default-executor-1] INFO  impl.RaftServerImpl (ServerState.java:setLeader(263)) - 34149fcb-7fd9-43b7-9e6c-7ef931619a7b:group-798370A2A1FE change Leader from 70943ca8-2057-43d2-a47c-49bd499a68c6 to null at term 3 for updateCurrentTerm
2019-08-29 09:26:06,320 [grpc-default-executor-1] INFO  impl.RaftServerImpl (RaftServerImpl.java:setRole(171)) - 34149fcb-7fd9-43b7-9e6c-7ef931619a7b:group-798370A2A1FE changes role from FOLLOWER to FOLLOWER at term 3 for recognizeCandidate:37345188-c291-4188-a3e3-b30ff541eb85
2019-08-29 09:26:06,320 [grpc-default-executor-1] INFO  impl.RoleInfo (RoleInfo.java:shutdownFollowerState(121)) - 34149fcb-7fd9-43b7-9e6c-7ef931619a7b: shutdown FollowerState
2019-08-29 09:26:06,320 [Thread-1120] INFO  impl.RaftServerImpl (ServerState.java:setLeader(263)) - 70943ca8-2057-43d2-a47c-49bd499a68c6:group-798370A2A1FE change Leader from 70943ca8-2057-43d2-a47c-49bd499a68c6 to null at term 3 for updateCurrentTerm
2019-08-29 09:26:06,320 [Thread-1118] INFO  impl.FollowerState (FollowerState.java:run(114)) - 34149fcb-7fd9-43b7-9e6c-7ef931619a7b: FollowerState was interrupted: java.lang.InterruptedException: sleep interrupted
2019-08-29 09:26:06,320 [grpc-default-executor-1] INFO  impl.RoleInfo (RoleInfo.java:updateAndGet(143)) - 34149fcb-7fd9-43b7-9e6c-7ef931619a7b: start FollowerState
2019-08-29 09:26:06,320 [Thread-1120] INFO  impl.RaftServerImpl (RaftServerImpl.java:setRole(171)) - 70943ca8-2057-43d2-a47c-49bd499a68c6:group-798370A2A1FE changes role from LEADER to FOLLOWER at term 3 for stepDown
2019-08-29 09:26:06,323 [Thread-1120] INFO  impl.RoleInfo (RoleInfo.java:shutdownLeaderState(104)) - 70943ca8-2057-43d2-a47c-49bd499a68c6: shutdown LeaderState
2019-08-29 09:26:06,328 [org.apache.ratis.server.impl.LogAppender$AppenderDaemon$$Lambda$545/507883926@233a825a] WARN  server.GrpcLogAppender (GrpcLogAppender.java:mayWait(143)) - GrpcLogAppender(70943ca8-2057-43d2-a47c-49bd499a68c6->37345188-c291-4188-a3e3-b30ff541eb85): Wait interrupted by java.lang.InterruptedException
2019-08-29 09:26:06,328 [org.apache.ratis.server.impl.LogAppender$AppenderDaemon$$Lambda$545/507883926@663810f9] WARN  server.GrpcLogAppender (GrpcLogAppender.java:mayWait(143)) - GrpcLogAppender(70943ca8-2057-43d2-a47c-49bd499a68c6->34149fcb-7fd9-43b7-9e6c-7ef931619a7b): Wait interrupted by java.lang.InterruptedException
2019-08-29 09:26:06,328 [Thread-1120] INFO  impl.PendingRequests (PendingRequests.java:sendNotLeaderResponses(202)) - 70943ca8-2057-43d2-a47c-49bd499a68c6-PendingRequests: sendNotLeaderResponses
2019-08-29 09:26:06,329 [grpc-default-executor-2] INFO  server.GrpcServerProtocolService (GrpcServerProtocolService.java:onCompleted(104)) - 37345188-c291-4188-a3e3-b30ff541eb85: appendEntries completed
2019-08-29 09:26:06,329 [grpc-default-executor-3] INFO  server.GrpcServerProtocolService (GrpcServerProtocolService.java:onCompleted(104)) - 34149fcb-7fd9-43b7-9e6c-7ef931619a7b: appendEntries completed
2019-08-29 09:26:06,329 [Thread-1120] INFO  impl.RoleInfo (RoleInfo.java:updateAndGet(143)) - 70943ca8-2057-43d2-a47c-49bd499a68c6: start FollowerState
2019-08-29 09:26:06,330 [grpc-default-executor-3] INFO  server.GrpcLogAppender (GrpcLogAppender.java:onCompleted(292)) - 70943ca8-2057-43d2-a47c-49bd499a68c6->37345188-c291-4188-a3e3-b30ff541eb85: follower responses appendEntries COMPLETED
2019-08-29 09:26:06,330 [grpc-default-executor-2] INFO  server.GrpcLogAppender (GrpcLogAppender.java:onCompleted(292)) - 70943ca8-2057-43d2-a47c-49bd499a68c6->34149fcb-7fd9-43b7-9e6c-7ef931619a7b: follower responses appendEntries COMPLETED
2019-08-29 09:26:06,330 [grpc-default-executor-3] INFO  impl.FollowerInfo (FollowerInfo.java:lambda$new$0(50)) - 70943ca8-2057-43d2-a47c-49bd499a68c6->37345188-c291-4188-a3e3-b30ff541eb85: nextIndex: updateUnconditionally 0 -> 0
2019-08-29 09:26:06,330 [grpc-default-executor-2] INFO  impl.FollowerInfo (FollowerInfo.java:lambda$new$0(50)) - 70943ca8-2057-43d2-a47c-49bd499a68c6->34149fcb-7fd9-43b7-9e6c-7ef931619a7b: nextIndex: updateUnconditionally 1 -> 0
2019-08-29 09:26:06,332 [70943ca8-2057-43d2-a47c-49bd499a68c6-SegmentedRaftLogWorker:Storage Directory /workdir/hadoop-ozone/integration-test/target/test-dir/MiniOzoneClusterImpl-9bf9cf36-d6cd-47fd-9c9b-dd857e6ac4dc/datanode-0/data/ratis/cd8521cc-7979-48a6-a7b1-798370a2a1fe] INFO  segmented.SegmentedRaftLogWorker (SegmentedRaftLogWorker.java:execute(569)) - 70943ca8-2057-43d2-a47c-49bd499a68c6-SegmentedRaftLogWorker:Storage Directory /workdir/hadoop-ozone/integration-test/target/test-dir/MiniOzoneClusterImpl-9bf9cf36-d6cd-47fd-9c9b-dd857e6ac4dc/datanode-0/data/ratis/cd8521cc-7979-48a6-a7b1-798370a2a1fe: created new log segment /workdir/hadoop-ozone/integration-test/target/test-dir/MiniOzoneClusterImpl-9bf9cf36-d6cd-47fd-9c9b-dd857e6ac4dc/datanode-0/data/ratis/cd8521cc-7979-48a6-a7b1-798370a2a1fe/current/log_inprogress_0
2019-08-29 09:26:06,332 [34149fcb-7fd9-43b7-9e6c-7ef931619a7b-SegmentedRaftLogWorker:Storage Directory /workdir/hadoop-ozone/integration-test/target/test-dir/MiniOzoneClusterImpl-9bf9cf36-d6cd-47fd-9c9b-dd857e6ac4dc/datanode-2/data/ratis/cd8521cc-7979-48a6-a7b1-798370a2a1fe] INFO  segmented.SegmentedRaftLogWorker (SegmentedRaftLogWorker.java:execute(569)) - 34149fcb-7fd9-43b7-9e6c-7ef931619a7b-SegmentedRaftLogWorker:Storage Directory /workdir/hadoop-ozone/integration-test/target/test-dir/MiniOzoneClusterImpl-9bf9cf36-d6cd-47fd-9c9b-dd857e6ac4dc/datanode-2/data/ratis/cd8521cc-7979-48a6-a7b1-798370a2a1fe: created new log segment /workdir/hadoop-ozone/integration-test/target/test-dir/MiniOzoneClusterImpl-9bf9cf36-d6cd-47fd-9c9b-dd857e6ac4dc/datanode-2/data/ratis/cd8521cc-7979-48a6-a7b1-798370a2a1fe/current/log_inprogress_0
2019-08-29 09:26:06,334 [grpc-default-executor-0] INFO  impl.RaftServerImpl (RaftServerImpl.java:setRole(171)) - 70943ca8-2057-43d2-a47c-49bd499a68c6:group-798370A2A1FE changes role from FOLLOWER to FOLLOWER at term 3 for recognizeCandidate:37345188-c291-4188-a3e3-b30ff541eb85
2019-08-29 09:26:06,337 [grpc-default-executor-0] INFO  impl.RoleInfo (RoleInfo.java:shutdownFollowerState(121)) - 70943ca8-2057-43d2-a47c-49bd499a68c6: shutdown FollowerState
2019-08-29 09:26:06,337 [grpc-default-executor-0] INFO  impl.RoleInfo (RoleInfo.java:updateAndGet(143)) - 70943ca8-2057-43d2-a47c-49bd499a68c6: start FollowerState
2019-08-29 09:26:06,337 [Thread-1129] INFO  impl.FollowerState (FollowerState.java:run(114)) - 70943ca8-2057-43d2-a47c-49bd499a68c6: FollowerState was interrupted: java.lang.InterruptedException: sleep interrupted
2019-08-29 09:26:06,487 [grpc-default-executor-0] INFO  client.GrpcClientProtocolClient (GrpcClientProtocolClient.java:onNext(255)) - client-BF85F76BBB17->37345188-c291-4188-a3e3-b30ff541eb85: receive RaftClientReply:client-BF85F76BBB17->37345188-c291-4188-a3e3-b30ff541eb85@group-798370A2A1FE, cid=50, FAILED org.apache.ratis.protocol.NotLeaderException: Server 37345188-c291-4188-a3e3-b30ff541eb85 is not the leader (null). Request must be sent to leader., logIndex=0, commits[37345188-c291-4188-a3e3-b30ff541eb85:c-1]
2019-08-29 09:26:06,516 [Thread-1099] INFO  impl.FollowerState (FollowerState.java:run(106)) - 6a7e6612-29e0-44a1-aac0-71b0e452239a:group-9004D472383C changes to CANDIDATE, lastRpcTime:5006, electionTimeout:5003ms
2019-08-29 09:26:06,516 [Thread-1099] INFO  impl.RoleInfo (RoleInfo.java:shutdownFollowerState(121)) - 6a7e6612-29e0-44a1-aac0-71b0e452239a: shutdown FollowerState
2019-08-29 09:26:06,516 [Thread-1099] INFO  impl.RaftServerImpl (RaftServerImpl.java:setRole(171)) - 6a7e6612-29e0-44a1-aac0-71b0e452239a:group-9004D472383C changes role from FOLLOWER to CANDIDATE at term 1 for changeToCandidate
2019-08-29 09:26:06,516 [Thread-1099] INFO  impl.RoleInfo (RoleInfo.java:updateAndGet(143)) - 6a7e6612-29e0-44a1-aac0-71b0e452239a: start LeaderElection
2019-08-29 09:26:06,539 [6a7e6612-29e0-44a1-aac0-71b0e452239a:group-9004D472383C:LeaderElection35] INFO  impl.LeaderElection (LeaderElection.java:askForVotes(181)) - 6a7e6612-29e0-44a1-aac0-71b0e452239a:group-9004D472383C:LeaderElection35: begin an election at term 2 for -1: [acfe46ce-d7f7-44ce-ad8e-18450e3ff75e:192.168.34.42:44704, 6a7e6612-29e0-44a1-aac0-71b0e452239a:192.168.34.42:32993, 3f79815e-7f99-4beb-9a2e-82e095091155:192.168.34.42:41901], old=null
2019-08-29 09:26:06,542 [grpc-default-executor-1] INFO  impl.RaftServerImpl (RaftServerImpl.java:setRole(171)) - acfe46ce-d7f7-44ce-ad8e-18450e3ff75e:group-9004D472383C changes role from FOLLOWER to FOLLOWER at term 2 for recognizeCandidate:6a7e6612-29e0-44a1-aac0-71b0e452239a
2019-08-29 09:26:06,542 [grpc-default-executor-0] INFO  impl.RaftServerImpl (RaftServerImpl.java:setRole(171)) - 3f79815e-7f99-4beb-9a2e-82e095091155:group-9004D472383C changes role from FOLLOWER to FOLLOWER at term 2 for recognizeCandidate:6a7e6612-29e0-44a1-aac0-71b0e452239a
2019-08-29 09:26:06,542 [grpc-default-executor-1] INFO  impl.RoleInfo (RoleInfo.java:shutdownFollowerState(121)) - acfe46ce-d7f7-44ce-ad8e-18450e3ff75e: shutdown FollowerState
2019-08-29 09:26:06,542 [grpc-default-executor-0] INFO  impl.RoleInfo (RoleInfo.java:shutdownFollowerState(121)) - 3f79815e-7f99-4beb-9a2e-82e095091155: shutdown FollowerState
2019-08-29 09:26:06,542 [grpc-default-executor-1] INFO  impl.RoleInfo (RoleInfo.java:updateAndGet(143)) - acfe46ce-d7f7-44ce-ad8e-18450e3ff75e: start FollowerState
2019-08-29 09:26:06,542 [Thread-1100] INFO  impl.FollowerState (FollowerState.java:run(114)) - acfe46ce-d7f7-44ce-ad8e-18450e3ff75e: FollowerState was interrupted: java.lang.InterruptedException: sleep interrupted
2019-08-29 09:26:06,543 [grpc-default-executor-0] INFO  impl.RoleInfo (RoleInfo.java:updateAndGet(143)) - 3f79815e-7f99-4beb-9a2e-82e095091155: start FollowerState
2019-08-29 09:26:06,543 [Thread-1101] INFO  impl.FollowerState (FollowerState.java:run(114)) - 3f79815e-7f99-4beb-9a2e-82e095091155: FollowerState was interrupted: java.lang.InterruptedException: sleep interrupted
2019-08-29 09:26:06,558 [6a7e6612-29e0-44a1-aac0-71b0e452239a:group-9004D472383C:LeaderElection35] INFO  impl.LeaderElection (LeaderElection.java:logAndReturn(56)) - 6a7e6612-29e0-44a1-aac0-71b0e452239a:group-9004D472383C:LeaderElection35: Election PASSED; received 1 response(s) [6a7e6612-29e0-44a1-aac0-71b0e452239a<-3f79815e-7f99-4beb-9a2e-82e095091155#0:OK-t2] and 0 exception(s); 6a7e6612-29e0-44a1-aac0-71b0e452239a:t2, leader=null, voted=6a7e6612-29e0-44a1-aac0-71b0e452239a, raftlog=6a7e6612-29e0-44a1-aac0-71b0e452239a-SegmentedRaftLog:OPENED:c-1,f-1,i0, conf=-1: [acfe46ce-d7f7-44ce-ad8e-18450e3ff75e:192.168.34.42:44704, 6a7e6612-29e0-44a1-aac0-71b0e452239a:192.168.34.42:32993, 3f79815e-7f99-4beb-9a2e-82e095091155:192.168.34.42:41901], old=null
2019-08-29 09:26:06,558 [6a7e6612-29e0-44a1-aac0-71b0e452239a:group-9004D472383C:LeaderElection35] INFO  impl.RoleInfo (RoleInfo.java:shutdownLeaderElection(134)) - 6a7e6612-29e0-44a1-aac0-71b0e452239a: shutdown LeaderElection
2019-08-29 09:26:06,558 [6a7e6612-29e0-44a1-aac0-71b0e452239a:group-9004D472383C:LeaderElection35] INFO  impl.RaftServerImpl (RaftServerImpl.java:setRole(171)) - 6a7e6612-29e0-44a1-aac0-71b0e452239a:group-9004D472383C changes role from CANDIDATE to LEADER at term 2 for changeToLeader
2019-08-29 09:26:06,559 [6a7e6612-29e0-44a1-aac0-71b0e452239a:group-9004D472383C:LeaderElection35] INFO  impl.RaftServerImpl (ServerState.java:setLeader(263)) - 6a7e6612-29e0-44a1-aac0-71b0e452239a:group-9004D472383C change Leader from null to 6a7e6612-29e0-44a1-aac0-71b0e452239a at term 2 for becomeLeader, leader elected after 10266ms
2019-08-29 09:26:06,559 [6a7e6612-29e0-44a1-aac0-71b0e452239a:group-9004D472383C:LeaderElection35] INFO  server.RaftServerConfigKeys (ConfUtils.java:logGet(43)) - raft.server.staging.catchup.gap = 1000 (default)
2019-08-29 09:26:06,559 [6a7e6612-29e0-44a1-aac0-71b0e452239a:group-9004D472383C:LeaderElection35] INFO  server.RaftServerConfigKeys (ConfUtils.java:logGet(43)) - raft.server.rpc.sleep.time = 25ms (default)
2019-08-29 09:26:06,559 [6a7e6612-29e0-44a1-aac0-71b0e452239a:group-9004D472383C:LeaderElection35] INFO  server.RaftServerConfigKeys (ConfUtils.java:logGet(43)) - raft.server.write.element-limit = 4096 (default)
2019-08-29 09:26:06,559 [6a7e6612-29e0-44a1-aac0-71b0e452239a:group-9004D472383C:LeaderElection35] INFO  server.RaftServerConfigKeys (ConfUtils.java:logGet(43)) - raft.server.watch.timeout = 10s (default)
2019-08-29 09:26:06,559 [6a7e6612-29e0-44a1-aac0-71b0e452239a:group-9004D472383C:LeaderElection35] INFO  server.RaftServerConfigKeys (ConfUtils.java:logGet(43)) - raft.server.watch.timeout.denomination = 1s (default)
2019-08-29 09:26:06,559 [6a7e6612-29e0-44a1-aac0-71b0e452239a:group-9004D472383C:LeaderElection35] INFO  server.RaftServerConfigKeys (ConfUtils.java:logGet(43)) - raft.server.watch.element-limit = 65536 (default)
2019-08-29 09:26:06,560 [6a7e6612-29e0-44a1-aac0-71b0e452239a:group-9004D472383C:LeaderElection35] INFO  server.RaftServerConfigKeys (ConfUtils.java:logGet(43)) - raft.server.log.appender.snapshot.chunk.size.max = 16MB (=16777216) (default)
2019-08-29 09:26:06,560 [6a7e6612-29e0-44a1-aac0-71b0e452239a:group-9004D472383C:LeaderElection35] INFO  server.RaftServerConfigKeys (ConfUtils.java:logGet(43)) - raft.server.log.appender.buffer.byte-limit = 33554432 (custom)
2019-08-29 09:26:06,560 [6a7e6612-29e0-44a1-aac0-71b0e452239a:group-9004D472383C:LeaderElection35] INFO  server.RaftServerConfigKeys (ConfUtils.java:logGet(43)) - raft.server.log.appender.buffer.element-limit = 1 (custom)
2019-08-29 09:26:06,560 [6a7e6612-29e0-44a1-aac0-71b0e452239a:group-9004D472383C:LeaderElection35] INFO  grpc.GrpcConfigKeys$Server (ConfUtils.java:logGet(43)) - raft.grpc.server.leader.outstanding.appends.max = 128 (default)
2019-08-29 09:26:06,560 [6a7e6612-29e0-44a1-aac0-71b0e452239a:group-9004D472383C:LeaderElection35] INFO  server.RaftServerConfigKeys (ConfUtils.java:logGet(43)) - raft.server.rpc.request.timeout = 3000ms (default)
2019-08-29 09:26:06,561 [6a7e6612-29e0-44a1-aac0-71b0e452239a:group-9004D472383C:LeaderElection35] INFO  server.RaftServerConfigKeys (ConfUtils.java:logGet(43)) - raft.server.log.appender.install.snapshot.enabled = false (custom)
2019-08-29 09:26:06,561 [6a7e6612-29e0-44a1-aac0-71b0e452239a:group-9004D472383C:LeaderElection35] INFO  server.RaftServerConfigKeys (ConfUtils.java:logGet(43)) - raft.server.log.appender.snapshot.chunk.size.max = 16MB (=16777216) (default)
2019-08-29 09:26:06,561 [6a7e6612-29e0-44a1-aac0-71b0e452239a:group-9004D472383C:LeaderElection35] INFO  server.RaftServerConfigKeys (ConfUtils.java:logGet(43)) - raft.server.log.appender.buffer.byte-limit = 33554432 (custom)
2019-08-29 09:26:06,561 [6a7e6612-29e0-44a1-aac0-71b0e452239a:group-9004D472383C:LeaderElection35] INFO  server.RaftServerConfigKeys (ConfUtils.java:logGet(43)) - raft.server.log.appender.buffer.element-limit = 1 (custom)
2019-08-29 09:26:06,561 [6a7e6612-29e0-44a1-aac0-71b0e452239a:group-9004D472383C:LeaderElection35] INFO  grpc.GrpcConfigKeys$Server (ConfUtils.java:logGet(43)) - raft.grpc.server.leader.outstanding.appends.max = 128 (default)
2019-08-29 09:26:06,561 [6a7e6612-29e0-44a1-aac0-71b0e452239a:group-9004D472383C:LeaderElection35] INFO  server.RaftServerConfigKeys (ConfUtils.java:logGet(43)) - raft.server.rpc.request.timeout = 3000ms (default)
2019-08-29 09:26:06,562 [6a7e6612-29e0-44a1-aac0-71b0e452239a:group-9004D472383C:LeaderElection35] INFO  server.RaftServerConfigKeys (ConfUtils.java:logGet(43)) - raft.server.log.appender.install.snapshot.enabled = false (custom)
2019-08-29 09:26:06,562 [6a7e6612-29e0-44a1-aac0-71b0e452239a:group-9004D472383C:LeaderElection35] INFO  impl.RoleInfo (RoleInfo.java:updateAndGet(143)) - 6a7e6612-29e0-44a1-aac0-71b0e452239a: start LeaderState
2019-08-29 09:26:06,562 [6a7e6612-29e0-44a1-aac0-71b0e452239a:group-9004D472383C:LeaderElection35] INFO  segmented.SegmentedRaftLogWorker (SegmentedRaftLogWorker.java:startLogSegment(380)) - 6a7e6612-29e0-44a1-aac0-71b0e452239a-SegmentedRaftLogWorker:Storage Directory /workdir/hadoop-ozone/integration-test/target/test-dir/MiniOzoneClusterImpl-9bf9cf36-d6cd-47fd-9c9b-dd857e6ac4dc/datanode-6/data/ratis/6921d809-4014-4c32-a878-9004d472383c: Starting segment from index:0
2019-08-29 09:26:06,563 [6a7e6612-29e0-44a1-aac0-71b0e452239a:group-9004D472383C:LeaderElection35] INFO  impl.RaftServerImpl (ServerState.java:setRaftConf(361)) - 6a7e6612-29e0-44a1-aac0-71b0e452239a:group-9004D472383C set configuration 0: [acfe46ce-d7f7-44ce-ad8e-18450e3ff75e:192.168.34.42:44704, 6a7e6612-29e0-44a1-aac0-71b0e452239a:192.168.34.42:32993, 3f79815e-7f99-4beb-9a2e-82e095091155:192.168.34.42:41901], old=null at 0
2019-08-29 09:26:06,564 [grpc-default-executor-0] INFO  impl.RaftServerImpl (ServerState.java:setLeader(263)) - acfe46ce-d7f7-44ce-ad8e-18450e3ff75e:group-9004D472383C change Leader from null to 6a7e6612-29e0-44a1-aac0-71b0e452239a at term 2 for appendEntries, leader elected after 10272ms
2019-08-29 09:26:06,564 [grpc-default-executor-1] INFO  impl.RaftServerImpl (ServerState.java:setLeader(263)) - 3f79815e-7f99-4beb-9a2e-82e095091155:group-9004D472383C change Leader from null to 6a7e6612-29e0-44a1-aac0-71b0e452239a at term 2 for appendEntries, leader elected after 10272ms
2019-08-29 09:26:06,566 [grpc-default-executor-1] INFO  impl.RaftServerImpl (ServerState.java:setRaftConf(361)) - acfe46ce-d7f7-44ce-ad8e-18450e3ff75e:group-9004D472383C set configuration 0: [acfe46ce-d7f7-44ce-ad8e-18450e3ff75e:192.168.34.42:44704, 6a7e6612-29e0-44a1-aac0-71b0e452239a:192.168.34.42:32993, 3f79815e-7f99-4beb-9a2e-82e095091155:192.168.34.42:41901], old=null at 0
2019-08-29 09:26:06,567 [grpc-default-executor-1] INFO  segmented.SegmentedRaftLogWorker (SegmentedRaftLogWorker.java:startLogSegment(380)) - acfe46ce-d7f7-44ce-ad8e-18450e3ff75e-SegmentedRaftLogWorker:Storage Directory /workdir/hadoop-ozone/integration-test/target/test-dir/MiniOzoneClusterImpl-9bf9cf36-d6cd-47fd-9c9b-dd857e6ac4dc/datanode-3/data/ratis/6921d809-4014-4c32-a878-9004d472383c: Starting segment from index:0
2019-08-29 09:26:06,567 [grpc-default-executor-0] INFO  impl.RaftServerImpl (ServerState.java:setRaftConf(361)) - 3f79815e-7f99-4beb-9a2e-82e095091155:group-9004D472383C set configuration 0: [acfe46ce-d7f7-44ce-ad8e-18450e3ff75e:192.168.34.42:44704, 6a7e6612-29e0-44a1-aac0-71b0e452239a:192.168.34.42:32993, 3f79815e-7f99-4beb-9a2e-82e095091155:192.168.34.42:41901], old=null at 0
2019-08-29 09:26:06,567 [grpc-default-executor-0] INFO  segmented.SegmentedRaftLogWorker (SegmentedRaftLogWorker.java:startLogSegment(380)) - 3f79815e-7f99-4beb-9a2e-82e095091155-SegmentedRaftLogWorker:Storage Directory /workdir/hadoop-ozone/integration-test/target/test-dir/MiniOzoneClusterImpl-9bf9cf36-d6cd-47fd-9c9b-dd857e6ac4dc/datanode-5/data/ratis/6921d809-4014-4c32-a878-9004d472383c: Starting segment from index:0
2019-08-29 09:26:06,607 [3f79815e-7f99-4beb-9a2e-82e095091155-SegmentedRaftLogWorker:Storage Directory /workdir/hadoop-ozone/integration-test/target/test-dir/MiniOzoneClusterImpl-9bf9cf36-d6cd-47fd-9c9b-dd857e6ac4dc/datanode-5/data/ratis/6921d809-4014-4c32-a878-9004d472383c] INFO  segmented.SegmentedRaftLogWorker (SegmentedRaftLogWorker.java:execute(569)) - 3f79815e-7f99-4beb-9a2e-82e095091155-SegmentedRaftLogWorker:Storage Directory /workdir/hadoop-ozone/integration-test/target/test-dir/MiniOzoneClusterImpl-9bf9cf36-d6cd-47fd-9c9b-dd857e6ac4dc/datanode-5/data/ratis/6921d809-4014-4c32-a878-9004d472383c: created new log segment /workdir/hadoop-ozone/integration-test/target/test-dir/MiniOzoneClusterImpl-9bf9cf36-d6cd-47fd-9c9b-dd857e6ac4dc/datanode-5/data/ratis/6921d809-4014-4c32-a878-9004d472383c/current/log_inprogress_0
2019-08-29 09:26:06,607 [6a7e6612-29e0-44a1-aac0-71b0e452239a-SegmentedRaftLogWorker:Storage Directory /workdir/hadoop-ozone/integration-test/target/test-dir/MiniOzoneClusterImpl-9bf9cf36-d6cd-47fd-9c9b-dd857e6ac4dc/datanode-6/data/ratis/6921d809-4014-4c32-a878-9004d472383c] INFO  segmented.SegmentedRaftLogWorker (SegmentedRaftLogWorker.java:execute(569)) - 6a7e6612-29e0-44a1-aac0-71b0e452239a-SegmentedRaftLogWorker:Storage Directory /workdir/hadoop-ozone/integration-test/target/test-dir/MiniOzoneClusterImpl-9bf9cf36-d6cd-47fd-9c9b-dd857e6ac4dc/datanode-6/data/ratis/6921d809-4014-4c32-a878-9004d472383c: created new log segment /workdir/hadoop-ozone/integration-test/target/test-dir/MiniOzoneClusterImpl-9bf9cf36-d6cd-47fd-9c9b-dd857e6ac4dc/datanode-6/data/ratis/6921d809-4014-4c32-a878-9004d472383c/current/log_inprogress_0
2019-08-29 09:26:06,607 [acfe46ce-d7f7-44ce-ad8e-18450e3ff75e-SegmentedRaftLogWorker:Storage Directory /workdir/hadoop-ozone/integration-test/target/test-dir/MiniOzoneClusterImpl-9bf9cf36-d6cd-47fd-9c9b-dd857e6ac4dc/datanode-3/data/ratis/6921d809-4014-4c32-a878-9004d472383c] INFO  segmented.SegmentedRaftLogWorker (SegmentedRaftLogWorker.java:execute(569)) - acfe46ce-d7f7-44ce-ad8e-18450e3ff75e-SegmentedRaftLogWorker:Storage Directory /workdir/hadoop-ozone/integration-test/target/test-dir/MiniOzoneClusterImpl-9bf9cf36-d6cd-47fd-9c9b-dd857e6ac4dc/datanode-3/data/ratis/6921d809-4014-4c32-a878-9004d472383c: created new log segment /workdir/hadoop-ozone/integration-test/target/test-dir/MiniOzoneClusterImpl-9bf9cf36-d6cd-47fd-9c9b-dd857e6ac4dc/datanode-3/data/ratis/6921d809-4014-4c32-a878-9004d472383c/current/log_inprogress_0
2019-08-29 09:26:06,659 | INFO  | SCMAudit | user=jenkins1000 | ip=192.168.34.42 | op=SEND_HEARTBEAT {datanodeUUID=70943ca8-2057-43d2-a47c-49bd499a68c6, command=[]} | ret=SUCCESS |  
2019-08-29 09:26:06,753 | INFO  | SCMAudit | user=jenkins1000 | ip=192.168.34.42 | op=SEND_HEARTBEAT {datanodeUUID=37345188-c291-4188-a3e3-b30ff541eb85, command=[]} | ret=SUCCESS |  
2019-08-29 09:26:06,827 | INFO  | SCMAudit | user=jenkins1000 | ip=192.168.34.42 | op=SEND_HEARTBEAT {datanodeUUID=34149fcb-7fd9-43b7-9e6c-7ef931619a7b, command=[]} | ret=SUCCESS |  
2019-08-29 09:26:06,917 | INFO  | SCMAudit | user=jenkins1000 | ip=192.168.34.42 | op=SEND_HEARTBEAT {datanodeUUID=acfe46ce-d7f7-44ce-ad8e-18450e3ff75e, command=[]} | ret=SUCCESS |  
2019-08-29 09:26:06,995 | INFO  | SCMAudit | user=jenkins1000 | ip=192.168.34.42 | op=SEND_HEARTBEAT {datanodeUUID=9de17530-92d1-4d1a-8119-ac335a28c903, command=[]} | ret=SUCCESS |  
2019-08-29 09:26:07,095 | INFO  | SCMAudit | user=jenkins1000 | ip=192.168.34.42 | op=SEND_HEARTBEAT {datanodeUUID=3f79815e-7f99-4beb-9a2e-82e095091155, command=[]} | ret=SUCCESS |  
2019-08-29 09:26:07,181 | INFO  | SCMAudit | user=jenkins1000 | ip=192.168.34.42 | op=SEND_HEARTBEAT {datanodeUUID=6a7e6612-29e0-44a1-aac0-71b0e452239a, command=[]} | ret=SUCCESS |  
2019-08-29 09:26:07,515 [grpc-default-executor-0] INFO  client.GrpcClientProtocolClient (GrpcClientProtocolClient.java:onNext(255)) - client-BF85F76BBB17->34149fcb-7fd9-43b7-9e6c-7ef931619a7b: receive RaftClientReply:client-BF85F76BBB17->34149fcb-7fd9-43b7-9e6c-7ef931619a7b@group-798370A2A1FE, cid=50, FAILED org.apache.ratis.protocol.NotLeaderException: Server 34149fcb-7fd9-43b7-9e6c-7ef931619a7b is not the leader (null). Request must be sent to leader., logIndex=0, commits[34149fcb-7fd9-43b7-9e6c-7ef931619a7b:c-1, 70943ca8-2057-43d2-a47c-49bd499a68c6:c-1, 37345188-c291-4188-a3e3-b30ff541eb85:c-1]
2019-08-29 09:26:07,658 | INFO  | SCMAudit | user=jenkins1000 | ip=192.168.34.42 | op=SEND_HEARTBEAT {datanodeUUID=70943ca8-2057-43d2-a47c-49bd499a68c6, command=[]} | ret=SUCCESS |  
2019-08-29 09:26:07,753 | INFO  | SCMAudit | user=jenkins1000 | ip=192.168.34.42 | op=SEND_HEARTBEAT {datanodeUUID=37345188-c291-4188-a3e3-b30ff541eb85, command=[]} | ret=SUCCESS |  
2019-08-29 09:26:07,826 | INFO  | SCMAudit | user=jenkins1000 | ip=192.168.34.42 | op=SEND_HEARTBEAT {datanodeUUID=34149fcb-7fd9-43b7-9e6c-7ef931619a7b, command=[]} | ret=SUCCESS |  
2019-08-29 09:26:07,917 | INFO  | SCMAudit | user=jenkins1000 | ip=192.168.34.42 | op=SEND_HEARTBEAT {datanodeUUID=acfe46ce-d7f7-44ce-ad8e-18450e3ff75e, command=[]} | ret=SUCCESS |  
2019-08-29 09:26:07,995 | INFO  | SCMAudit | user=jenkins1000 | ip=192.168.34.42 | op=SEND_HEARTBEAT {datanodeUUID=9de17530-92d1-4d1a-8119-ac335a28c903, command=[]} | ret=SUCCESS |  
2019-08-29 09:26:08,095 | INFO  | SCMAudit | user=jenkins1000 | ip=192.168.34.42 | op=SEND_HEARTBEAT {datanodeUUID=3f79815e-7f99-4beb-9a2e-82e095091155, command=[]} | ret=SUCCESS |  
2019-08-29 09:26:08,181 | INFO  | SCMAudit | user=jenkins1000 | ip=192.168.34.42 | op=SEND_HEARTBEAT {datanodeUUID=6a7e6612-29e0-44a1-aac0-71b0e452239a, command=[]} | ret=SUCCESS |  
2019-08-29 09:26:08,530 [grpc-default-executor-1] INFO  client.GrpcClientProtocolClient (GrpcClientProtocolClient.java:onNext(255)) - client-BF85F76BBB17->37345188-c291-4188-a3e3-b30ff541eb85: receive RaftClientReply:client-BF85F76BBB17->37345188-c291-4188-a3e3-b30ff541eb85@group-798370A2A1FE, cid=50, FAILED org.apache.ratis.protocol.NotLeaderException: Server 37345188-c291-4188-a3e3-b30ff541eb85 is not the leader (null). Request must be sent to leader., logIndex=0, commits[37345188-c291-4188-a3e3-b30ff541eb85:c-1]
2019-08-29 09:26:08,658 | INFO  | SCMAudit | user=jenkins1000 | ip=192.168.34.42 | op=SEND_HEARTBEAT {datanodeUUID=70943ca8-2057-43d2-a47c-49bd499a68c6, command=[]} | ret=SUCCESS |  
2019-08-29 09:26:08,753 | INFO  | SCMAudit | user=jenkins1000 | ip=192.168.34.42 | op=SEND_HEARTBEAT {datanodeUUID=37345188-c291-4188-a3e3-b30ff541eb85, command=[]} | ret=SUCCESS |  
2019-08-29 09:26:08,827 | INFO  | SCMAudit | user=jenkins1000 | ip=192.168.34.42 | op=SEND_HEARTBEAT {datanodeUUID=34149fcb-7fd9-43b7-9e6c-7ef931619a7b, command=[]} | ret=SUCCESS |  
2019-08-29 09:26:08,918 | INFO  | SCMAudit | user=jenkins1000 | ip=192.168.34.42 | op=SEND_HEARTBEAT {datanodeUUID=acfe46ce-d7f7-44ce-ad8e-18450e3ff75e, command=[]} | ret=SUCCESS |  
2019-08-29 09:26:08,996 | INFO  | SCMAudit | user=jenkins1000 | ip=192.168.34.42 | op=SEND_HEARTBEAT {datanodeUUID=9de17530-92d1-4d1a-8119-ac335a28c903, command=[]} | ret=SUCCESS |  
2019-08-29 09:26:09,095 | INFO  | SCMAudit | user=jenkins1000 | ip=192.168.34.42 | op=SEND_HEARTBEAT {datanodeUUID=3f79815e-7f99-4beb-9a2e-82e095091155, command=[]} | ret=SUCCESS |  
2019-08-29 09:26:09,181 | INFO  | SCMAudit | user=jenkins1000 | ip=192.168.34.42 | op=SEND_HEARTBEAT {datanodeUUID=6a7e6612-29e0-44a1-aac0-71b0e452239a, command=[]} | ret=SUCCESS |  
2019-08-29 09:26:09,544 [grpc-default-executor-0] INFO  client.GrpcClientProtocolClient (GrpcClientProtocolClient.java:onNext(255)) - client-BF85F76BBB17->70943ca8-2057-43d2-a47c-49bd499a68c6: receive RaftClientReply:client-BF85F76BBB17->70943ca8-2057-43d2-a47c-49bd499a68c6@group-798370A2A1FE, cid=50, FAILED org.apache.ratis.protocol.NotLeaderException: Server 70943ca8-2057-43d2-a47c-49bd499a68c6 is not the leader (null). Request must be sent to leader., logIndex=0, commits[70943ca8-2057-43d2-a47c-49bd499a68c6:c-1, 34149fcb-7fd9-43b7-9e6c-7ef931619a7b:c-1, 37345188-c291-4188-a3e3-b30ff541eb85:c-1]
2019-08-29 09:26:09,658 | INFO  | SCMAudit | user=jenkins1000 | ip=192.168.34.42 | op=SEND_HEARTBEAT {datanodeUUID=70943ca8-2057-43d2-a47c-49bd499a68c6, command=[]} | ret=SUCCESS |  
2019-08-29 09:26:09,754 | INFO  | SCMAudit | user=jenkins1000 | ip=192.168.34.42 | op=SEND_HEARTBEAT {datanodeUUID=37345188-c291-4188-a3e3-b30ff541eb85, command=[]} | ret=SUCCESS |  
2019-08-29 09:26:09,827 | INFO  | SCMAudit | user=jenkins1000 | ip=192.168.34.42 | op=SEND_HEARTBEAT {datanodeUUID=34149fcb-7fd9-43b7-9e6c-7ef931619a7b, command=[]} | ret=SUCCESS |  
2019-08-29 09:26:09,919 | INFO  | SCMAudit | user=jenkins1000 | ip=192.168.34.42 | op=SEND_HEARTBEAT {datanodeUUID=acfe46ce-d7f7-44ce-ad8e-18450e3ff75e, command=[]} | ret=SUCCESS |  
2019-08-29 09:26:09,995 | INFO  | SCMAudit | user=jenkins1000 | ip=192.168.34.42 | op=SEND_HEARTBEAT {datanodeUUID=9de17530-92d1-4d1a-8119-ac335a28c903, command=[]} | ret=SUCCESS |  
2019-08-29 09:26:10,095 | INFO  | SCMAudit | user=jenkins1000 | ip=192.168.34.42 | op=SEND_HEARTBEAT {datanodeUUID=3f79815e-7f99-4beb-9a2e-82e095091155, command=[]} | ret=SUCCESS |  
2019-08-29 09:26:10,181 | INFO  | SCMAudit | user=jenkins1000 | ip=192.168.34.42 | op=SEND_HEARTBEAT {datanodeUUID=6a7e6612-29e0-44a1-aac0-71b0e452239a, command=[]} | ret=SUCCESS |  
2019-08-29 09:26:10,558 [grpc-default-executor-1] INFO  client.GrpcClientProtocolClient (GrpcClientProtocolClient.java:onNext(255)) - client-BF85F76BBB17->34149fcb-7fd9-43b7-9e6c-7ef931619a7b: receive RaftClientReply:client-BF85F76BBB17->34149fcb-7fd9-43b7-9e6c-7ef931619a7b@group-798370A2A1FE, cid=50, FAILED org.apache.ratis.protocol.NotLeaderException: Server 34149fcb-7fd9-43b7-9e6c-7ef931619a7b is not the leader (null). Request must be sent to leader., logIndex=0, commits[34149fcb-7fd9-43b7-9e6c-7ef931619a7b:c-1, 70943ca8-2057-43d2-a47c-49bd499a68c6:c-1, 37345188-c291-4188-a3e3-b30ff541eb85:c-1]
2019-08-29 09:26:10,658 | INFO  | SCMAudit | user=jenkins1000 | ip=192.168.34.42 | op=SEND_HEARTBEAT {datanodeUUID=70943ca8-2057-43d2-a47c-49bd499a68c6, command=[]} | ret=SUCCESS |  
2019-08-29 09:26:10,754 | INFO  | SCMAudit | user=jenkins1000 | ip=192.168.34.42 | op=SEND_HEARTBEAT {datanodeUUID=37345188-c291-4188-a3e3-b30ff541eb85, command=[]} | ret=SUCCESS |  
2019-08-29 09:26:10,827 | INFO  | SCMAudit | user=jenkins1000 | ip=192.168.34.42 | op=SEND_HEARTBEAT {datanodeUUID=34149fcb-7fd9-43b7-9e6c-7ef931619a7b, command=[]} | ret=SUCCESS |  
2019-08-29 09:26:10,919 | INFO  | SCMAudit | user=jenkins1000 | ip=192.168.34.42 | op=SEND_HEARTBEAT {datanodeUUID=acfe46ce-d7f7-44ce-ad8e-18450e3ff75e, command=[]} | ret=SUCCESS |  
2019-08-29 09:26:10,995 | INFO  | SCMAudit | user=jenkins1000 | ip=192.168.34.42 | op=SEND_HEARTBEAT {datanodeUUID=9de17530-92d1-4d1a-8119-ac335a28c903, command=[]} | ret=SUCCESS |  
2019-08-29 09:26:11,098 | INFO  | SCMAudit | user=jenkins1000 | ip=192.168.34.42 | op=SEND_HEARTBEAT {datanodeUUID=3f79815e-7f99-4beb-9a2e-82e095091155, command=[]} | ret=SUCCESS |  
2019-08-29 09:26:11,181 | INFO  | SCMAudit | user=jenkins1000 | ip=192.168.34.42 | op=SEND_HEARTBEAT {datanodeUUID=6a7e6612-29e0-44a1-aac0-71b0e452239a, command=[]} | ret=SUCCESS |  
2019-08-29 09:26:11,323 [Thread-1119] INFO  impl.FollowerState (FollowerState.java:run(106)) - 37345188-c291-4188-a3e3-b30ff541eb85:group-798370A2A1FE changes to CANDIDATE, lastRpcTime:5101, electionTimeout:5098ms
2019-08-29 09:26:11,323 [Thread-1119] INFO  impl.RoleInfo (RoleInfo.java:shutdownFollowerState(121)) - 37345188-c291-4188-a3e3-b30ff541eb85: shutdown FollowerState
2019-08-29 09:26:11,323 [Thread-1119] INFO  impl.RaftServerImpl (RaftServerImpl.java:setRole(171)) - 37345188-c291-4188-a3e3-b30ff541eb85:group-798370A2A1FE changes role from FOLLOWER to CANDIDATE at term 3 for changeToCandidate
2019-08-29 09:26:11,324 [Thread-1119] INFO  impl.RoleInfo (RoleInfo.java:updateAndGet(143)) - 37345188-c291-4188-a3e3-b30ff541eb85: start LeaderElection
2019-08-29 09:26:11,339 [37345188-c291-4188-a3e3-b30ff541eb85:group-798370A2A1FE:LeaderElection36] INFO  impl.LeaderElection (LeaderElection.java:askForVotes(181)) - 37345188-c291-4188-a3e3-b30ff541eb85:group-798370A2A1FE:LeaderElection36: begin an election at term 4 for -1: [34149fcb-7fd9-43b7-9e6c-7ef931619a7b:192.168.34.42:35023, 70943ca8-2057-43d2-a47c-49bd499a68c6:192.168.34.42:41945, 37345188-c291-4188-a3e3-b30ff541eb85:192.168.34.42:35363], old=null
2019-08-29 09:26:11,342 [grpc-default-executor-1] INFO  impl.RaftServerImpl (RaftServerImpl.java:setRole(171)) - 34149fcb-7fd9-43b7-9e6c-7ef931619a7b:group-798370A2A1FE changes role from FOLLOWER to FOLLOWER at term 4 for recognizeCandidate:37345188-c291-4188-a3e3-b30ff541eb85
2019-08-29 09:26:11,342 [grpc-default-executor-1] INFO  impl.RoleInfo (RoleInfo.java:shutdownFollowerState(121)) - 34149fcb-7fd9-43b7-9e6c-7ef931619a7b: shutdown FollowerState
2019-08-29 09:26:11,342 [grpc-default-executor-0] INFO  impl.RaftServerImpl (RaftServerImpl.java:setRole(171)) - 70943ca8-2057-43d2-a47c-49bd499a68c6:group-798370A2A1FE changes role from FOLLOWER to FOLLOWER at term 4 for recognizeCandidate:37345188-c291-4188-a3e3-b30ff541eb85
2019-08-29 09:26:11,342 [Thread-1128] INFO  impl.FollowerState (FollowerState.java:run(114)) - 34149fcb-7fd9-43b7-9e6c-7ef931619a7b: FollowerState was interrupted: java.lang.InterruptedException: sleep interrupted
2019-08-29 09:26:11,342 [grpc-default-executor-1] INFO  impl.RoleInfo (RoleInfo.java:updateAndGet(143)) - 34149fcb-7fd9-43b7-9e6c-7ef931619a7b: start FollowerState
2019-08-29 09:26:11,342 [grpc-default-executor-0] INFO  impl.RoleInfo (RoleInfo.java:shutdownFollowerState(121)) - 70943ca8-2057-43d2-a47c-49bd499a68c6: shutdown FollowerState
2019-08-29 09:26:11,343 [grpc-default-executor-0] INFO  impl.RoleInfo (RoleInfo.java:updateAndGet(143)) - 70943ca8-2057-43d2-a47c-49bd499a68c6: start FollowerState
2019-08-29 09:26:11,343 [Thread-1131] INFO  impl.FollowerState (FollowerState.java:run(114)) - 70943ca8-2057-43d2-a47c-49bd499a68c6: FollowerState was interrupted: java.lang.InterruptedException: sleep interrupted
2019-08-29 09:26:11,355 [37345188-c291-4188-a3e3-b30ff541eb85:group-798370A2A1FE:LeaderElection36] INFO  impl.LeaderElection (LeaderElection.java:logAndReturn(56)) - 37345188-c291-4188-a3e3-b30ff541eb85:group-798370A2A1FE:LeaderElection36: Election REJECTED; received 2 response(s) [37345188-c291-4188-a3e3-b30ff541eb85<-34149fcb-7fd9-43b7-9e6c-7ef931619a7b#0:FAIL-t4, 37345188-c291-4188-a3e3-b30ff541eb85<-70943ca8-2057-43d2-a47c-49bd499a68c6#0:FAIL-t4] and 0 exception(s); 37345188-c291-4188-a3e3-b30ff541eb85:t4, leader=null, voted=37345188-c291-4188-a3e3-b30ff541eb85, raftlog=37345188-c291-4188-a3e3-b30ff541eb85-SegmentedRaftLog:OPENED:c-1,f-1,i0, conf=-1: [34149fcb-7fd9-43b7-9e6c-7ef931619a7b:192.168.34.42:35023, 70943ca8-2057-43d2-a47c-49bd499a68c6:192.168.34.42:41945, 37345188-c291-4188-a3e3-b30ff541eb85:192.168.34.42:35363], old=null
2019-08-29 09:26:11,355 [37345188-c291-4188-a3e3-b30ff541eb85:group-798370A2A1FE:LeaderElection36] INFO  impl.RaftServerImpl (RaftServerImpl.java:setRole(171)) - 37345188-c291-4188-a3e3-b30ff541eb85:group-798370A2A1FE changes role from CANDIDATE to FOLLOWER at term 4 for DISCOVERED_A_NEW_TERM
2019-08-29 09:26:11,356 [37345188-c291-4188-a3e3-b30ff541eb85:group-798370A2A1FE:LeaderElection36] INFO  impl.RoleInfo (RoleInfo.java:shutdownLeaderElection(134)) - 37345188-c291-4188-a3e3-b30ff541eb85: shutdown LeaderElection
2019-08-29 09:26:11,356 [37345188-c291-4188-a3e3-b30ff541eb85:group-798370A2A1FE:LeaderElection36] INFO  impl.RoleInfo (RoleInfo.java:updateAndGet(143)) - 37345188-c291-4188-a3e3-b30ff541eb85: start FollowerState
2019-08-29 09:26:11,576 [grpc-default-executor-0] INFO  client.GrpcClientProtocolClient (GrpcClientProtocolClient.java:onNext(255)) - client-BF85F76BBB17->37345188-c291-4188-a3e3-b30ff541eb85: receive RaftClientReply:client-BF85F76BBB17->37345188-c291-4188-a3e3-b30ff541eb85@group-798370A2A1FE, cid=50, FAILED org.apache.ratis.protocol.NotLeaderException: Server 37345188-c291-4188-a3e3-b30ff541eb85 is not the leader (null). Request must be sent to leader., logIndex=0, commits[37345188-c291-4188-a3e3-b30ff541eb85:c-1]
2019-08-29 09:26:11,659 | INFO  | SCMAudit | user=jenkins1000 | ip=192.168.34.42 | op=SEND_HEARTBEAT {datanodeUUID=70943ca8-2057-43d2-a47c-49bd499a68c6, command=[]} | ret=SUCCESS |  
2019-08-29 09:26:11,754 | INFO  | SCMAudit | user=jenkins1000 | ip=192.168.34.42 | op=SEND_HEARTBEAT {datanodeUUID=37345188-c291-4188-a3e3-b30ff541eb85, command=[]} | ret=SUCCESS |  
2019-08-29 09:26:11,828 | INFO  | SCMAudit | user=jenkins1000 | ip=192.168.34.42 | op=SEND_HEARTBEAT {datanodeUUID=34149fcb-7fd9-43b7-9e6c-7ef931619a7b, command=[]} | ret=SUCCESS |  
2019-08-29 09:26:11,919 | INFO  | SCMAudit | user=jenkins1000 | ip=192.168.34.42 | op=SEND_HEARTBEAT {datanodeUUID=acfe46ce-d7f7-44ce-ad8e-18450e3ff75e, command=[]} | ret=SUCCESS |  
2019-08-29 09:26:11,995 | INFO  | SCMAudit | user=jenkins1000 | ip=192.168.34.42 | op=SEND_HEARTBEAT {datanodeUUID=9de17530-92d1-4d1a-8119-ac335a28c903, command=[]} | ret=SUCCESS |  
2019-08-29 09:26:12,096 | INFO  | SCMAudit | user=jenkins1000 | ip=192.168.34.42 | op=SEND_HEARTBEAT {datanodeUUID=3f79815e-7f99-4beb-9a2e-82e095091155, command=[]} | ret=SUCCESS |  
2019-08-29 09:26:12,181 | INFO  | SCMAudit | user=jenkins1000 | ip=192.168.34.42 | op=SEND_HEARTBEAT {datanodeUUID=6a7e6612-29e0-44a1-aac0-71b0e452239a, command=[]} | ret=SUCCESS |  
2019-08-29 09:26:12,594 [grpc-default-executor-0] INFO  client.GrpcClientProtocolClient (GrpcClientProtocolClient.java:onNext(255)) - client-BF85F76BBB17->34149fcb-7fd9-43b7-9e6c-7ef931619a7b: receive RaftClientReply:client-BF85F76BBB17->34149fcb-7fd9-43b7-9e6c-7ef931619a7b@group-798370A2A1FE, cid=50, FAILED org.apache.ratis.protocol.NotLeaderException: Server 34149fcb-7fd9-43b7-9e6c-7ef931619a7b is not the leader (null). Request must be sent to leader., logIndex=0, commits[34149fcb-7fd9-43b7-9e6c-7ef931619a7b:c-1, 70943ca8-2057-43d2-a47c-49bd499a68c6:c-1, 37345188-c291-4188-a3e3-b30ff541eb85:c-1]
2019-08-29 09:26:12,658 | INFO  | SCMAudit | user=jenkins1000 | ip=192.168.34.42 | op=SEND_HEARTBEAT {datanodeUUID=70943ca8-2057-43d2-a47c-49bd499a68c6, command=[]} | ret=SUCCESS |  
2019-08-29 09:26:12,754 | INFO  | SCMAudit | user=jenkins1000 | ip=192.168.34.42 | op=SEND_HEARTBEAT {datanodeUUID=37345188-c291-4188-a3e3-b30ff541eb85, command=[]} | ret=SUCCESS |  
2019-08-29 09:26:12,828 | INFO  | SCMAudit | user=jenkins1000 | ip=192.168.34.42 | op=SEND_HEARTBEAT {datanodeUUID=34149fcb-7fd9-43b7-9e6c-7ef931619a7b, command=[]} | ret=SUCCESS |  
2019-08-29 09:26:12,918 | INFO  | SCMAudit | user=jenkins1000 | ip=192.168.34.42 | op=SEND_HEARTBEAT {datanodeUUID=acfe46ce-d7f7-44ce-ad8e-18450e3ff75e, command=[]} | ret=SUCCESS |  
2019-08-29 09:26:12,994 | INFO  | SCMAudit | user=jenkins1000 | ip=192.168.34.42 | op=SEND_HEARTBEAT {datanodeUUID=9de17530-92d1-4d1a-8119-ac335a28c903, command=[]} | ret=SUCCESS |  
2019-08-29 09:26:13,096 | INFO  | SCMAudit | user=jenkins1000 | ip=192.168.34.42 | op=SEND_HEARTBEAT {datanodeUUID=3f79815e-7f99-4beb-9a2e-82e095091155, command=[]} | ret=SUCCESS |  
2019-08-29 09:26:13,180 | INFO  | SCMAudit | user=jenkins1000 | ip=192.168.34.42 | op=SEND_HEARTBEAT {datanodeUUID=6a7e6612-29e0-44a1-aac0-71b0e452239a, command=[]} | ret=SUCCESS |  
2019-08-29 09:26:13,610 [grpc-default-executor-0] INFO  client.GrpcClientProtocolClient (GrpcClientProtocolClient.java:onNext(255)) - client-BF85F76BBB17->37345188-c291-4188-a3e3-b30ff541eb85: receive RaftClientReply:client-BF85F76BBB17->37345188-c291-4188-a3e3-b30ff541eb85@group-798370A2A1FE, cid=50, FAILED org.apache.ratis.protocol.NotLeaderException: Server 37345188-c291-4188-a3e3-b30ff541eb85 is not the leader (null). Request must be sent to leader., logIndex=0, commits[37345188-c291-4188-a3e3-b30ff541eb85:c-1]
2019-08-29 09:26:13,657 | INFO  | SCMAudit | user=jenkins1000 | ip=192.168.34.42 | op=SEND_HEARTBEAT {datanodeUUID=70943ca8-2057-43d2-a47c-49bd499a68c6, command=[]} | ret=SUCCESS |  
2019-08-29 09:26:13,755 | INFO  | SCMAudit | user=jenkins1000 | ip=192.168.34.42 | op=SEND_HEARTBEAT {datanodeUUID=37345188-c291-4188-a3e3-b30ff541eb85, command=[]} | ret=SUCCESS |  
2019-08-29 09:26:13,829 | INFO  | SCMAudit | user=jenkins1000 | ip=192.168.34.42 | op=SEND_HEARTBEAT {datanodeUUID=34149fcb-7fd9-43b7-9e6c-7ef931619a7b, command=[]} | ret=SUCCESS |  
2019-08-29 09:26:13,919 | INFO  | SCMAudit | user=jenkins1000 | ip=192.168.34.42 | op=SEND_HEARTBEAT {datanodeUUID=acfe46ce-d7f7-44ce-ad8e-18450e3ff75e, command=[]} | ret=SUCCESS |  
2019-08-29 09:26:13,995 | INFO  | SCMAudit | user=jenkins1000 | ip=192.168.34.42 | op=SEND_HEARTBEAT {datanodeUUID=9de17530-92d1-4d1a-8119-ac335a28c903, command=[]} | ret=SUCCESS |  
2019-08-29 09:26:14,096 | INFO  | SCMAudit | user=jenkins1000 | ip=192.168.34.42 | op=SEND_HEARTBEAT {datanodeUUID=3f79815e-7f99-4beb-9a2e-82e095091155, command=[]} | ret=SUCCESS |  
2019-08-29 09:26:14,181 | INFO  | SCMAudit | user=jenkins1000 | ip=192.168.34.42 | op=SEND_HEARTBEAT {datanodeUUID=6a7e6612-29e0-44a1-aac0-71b0e452239a, command=[]} | ret=SUCCESS |  
2019-08-29 09:26:14,624 [grpc-default-executor-0] INFO  client.GrpcClientProtocolClient (GrpcClientProtocolClient.java:onNext(255)) - client-BF85F76BBB17->34149fcb-7fd9-43b7-9e6c-7ef931619a7b: receive RaftClientReply:client-BF85F76BBB17->34149fcb-7fd9-43b7-9e6c-7ef931619a7b@group-798370A2A1FE, cid=50, FAILED org.apache.ratis.protocol.NotLeaderException: Server 34149fcb-7fd9-43b7-9e6c-7ef931619a7b is not the leader (null). Request must be sent to leader., logIndex=0, commits[34149fcb-7fd9-43b7-9e6c-7ef931619a7b:c-1, 70943ca8-2057-43d2-a47c-49bd499a68c6:c-1, 37345188-c291-4188-a3e3-b30ff541eb85:c-1]
2019-08-29 09:26:14,658 | INFO  | SCMAudit | user=jenkins1000 | ip=192.168.34.42 | op=SEND_HEARTBEAT {datanodeUUID=70943ca8-2057-43d2-a47c-49bd499a68c6, command=[]} | ret=SUCCESS |  
2019-08-29 09:26:14,755 | INFO  | SCMAudit | user=jenkins1000 | ip=192.168.34.42 | op=SEND_HEARTBEAT {datanodeUUID=37345188-c291-4188-a3e3-b30ff541eb85, command=[]} | ret=SUCCESS |  
2019-08-29 09:26:14,829 | INFO  | SCMAudit | user=jenkins1000 | ip=192.168.34.42 | op=SEND_HEARTBEAT {datanodeUUID=34149fcb-7fd9-43b7-9e6c-7ef931619a7b, command=[]} | ret=SUCCESS |  
2019-08-29 09:26:14,918 | INFO  | SCMAudit | user=jenkins1000 | ip=192.168.34.42 | op=SEND_HEARTBEAT {datanodeUUID=acfe46ce-d7f7-44ce-ad8e-18450e3ff75e, command=[]} | ret=SUCCESS |  
2019-08-29 09:26:14,995 | INFO  | SCMAudit | user=jenkins1000 | ip=192.168.34.42 | op=SEND_HEARTBEAT {datanodeUUID=9de17530-92d1-4d1a-8119-ac335a28c903, command=[]} | ret=SUCCESS |  
2019-08-29 09:26:15,095 | INFO  | SCMAudit | user=jenkins1000 | ip=192.168.34.42 | op=SEND_HEARTBEAT {datanodeUUID=3f79815e-7f99-4beb-9a2e-82e095091155, command=[]} | ret=SUCCESS |  
2019-08-29 09:26:15,180 | INFO  | SCMAudit | user=jenkins1000 | ip=192.168.34.42 | op=SEND_HEARTBEAT {datanodeUUID=6a7e6612-29e0-44a1-aac0-71b0e452239a, command=[]} | ret=SUCCESS |  
2019-08-29 09:26:15,637 [grpc-default-executor-1] INFO  client.GrpcClientProtocolClient (GrpcClientProtocolClient.java:onNext(255)) - client-BF85F76BBB17->70943ca8-2057-43d2-a47c-49bd499a68c6: receive RaftClientReply:client-BF85F76BBB17->70943ca8-2057-43d2-a47c-49bd499a68c6@group-798370A2A1FE, cid=50, FAILED org.apache.ratis.protocol.NotLeaderException: Server 70943ca8-2057-43d2-a47c-49bd499a68c6 is not the leader (null). Request must be sent to leader., logIndex=0, commits[70943ca8-2057-43d2-a47c-49bd499a68c6:c-1, 34149fcb-7fd9-43b7-9e6c-7ef931619a7b:c-1, 37345188-c291-4188-a3e3-b30ff541eb85:c-1]
2019-08-29 09:26:15,657 | INFO  | SCMAudit | user=jenkins1000 | ip=192.168.34.42 | op=SEND_HEARTBEAT {datanodeUUID=70943ca8-2057-43d2-a47c-49bd499a68c6, command=[]} | ret=SUCCESS |  
2019-08-29 09:26:15,756 | INFO  | SCMAudit | user=jenkins1000 | ip=192.168.34.42 | op=SEND_HEARTBEAT {datanodeUUID=37345188-c291-4188-a3e3-b30ff541eb85, command=[]} | ret=SUCCESS |  
2019-08-29 09:26:15,830 | INFO  | SCMAudit | user=jenkins1000 | ip=192.168.34.42 | op=SEND_HEARTBEAT {datanodeUUID=34149fcb-7fd9-43b7-9e6c-7ef931619a7b, command=[]} | ret=SUCCESS |  
2019-08-29 09:26:15,919 | INFO  | SCMAudit | user=jenkins1000 | ip=192.168.34.42 | op=SEND_HEARTBEAT {datanodeUUID=acfe46ce-d7f7-44ce-ad8e-18450e3ff75e, command=[]} | ret=SUCCESS |  
2019-08-29 09:26:15,994 | INFO  | SCMAudit | user=jenkins1000 | ip=192.168.34.42 | op=SEND_HEARTBEAT {datanodeUUID=9de17530-92d1-4d1a-8119-ac335a28c903, command=[]} | ret=SUCCESS |  
2019-08-29 09:26:16,096 | INFO  | SCMAudit | user=jenkins1000 | ip=192.168.34.42 | op=SEND_HEARTBEAT {datanodeUUID=3f79815e-7f99-4beb-9a2e-82e095091155, command=[]} | ret=SUCCESS |  
2019-08-29 09:26:16,180 | INFO  | SCMAudit | user=jenkins1000 | ip=192.168.34.42 | op=SEND_HEARTBEAT {datanodeUUID=6a7e6612-29e0-44a1-aac0-71b0e452239a, command=[]} | ret=SUCCESS |  
2019-08-29 09:26:16,415 [Thread-1167] INFO  impl.FollowerState (FollowerState.java:run(106)) - 70943ca8-2057-43d2-a47c-49bd499a68c6:group-798370A2A1FE changes to CANDIDATE, lastRpcTime:5071, electionTimeout:5071ms
2019-08-29 09:26:16,415 [Thread-1167] INFO  impl.RoleInfo (RoleInfo.java:shutdownFollowerState(121)) - 70943ca8-2057-43d2-a47c-49bd499a68c6: shutdown FollowerState
2019-08-29 09:26:16,415 [Thread-1167] INFO  impl.RaftServerImpl (RaftServerImpl.java:setRole(171)) - 70943ca8-2057-43d2-a47c-49bd499a68c6:group-798370A2A1FE changes role from FOLLOWER to CANDIDATE at term 4 for changeToCandidate
2019-08-29 09:26:16,415 [Thread-1167] INFO  impl.RoleInfo (RoleInfo.java:updateAndGet(143)) - 70943ca8-2057-43d2-a47c-49bd499a68c6: start LeaderElection
2019-08-29 09:26:16,435 [70943ca8-2057-43d2-a47c-49bd499a68c6:group-798370A2A1FE:LeaderElection37] INFO  impl.LeaderElection (LeaderElection.java:askForVotes(181)) - 70943ca8-2057-43d2-a47c-49bd499a68c6:group-798370A2A1FE:LeaderElection37: begin an election at term 5 for 0: [34149fcb-7fd9-43b7-9e6c-7ef931619a7b:192.168.34.42:35023, 70943ca8-2057-43d2-a47c-49bd499a68c6:192.168.34.42:41945, 37345188-c291-4188-a3e3-b30ff541eb85:192.168.34.42:35363], old=null
2019-08-29 09:26:16,441 [grpc-default-executor-0] INFO  impl.RaftServerImpl (RaftServerImpl.java:setRole(171)) - 34149fcb-7fd9-43b7-9e6c-7ef931619a7b:group-798370A2A1FE changes role from FOLLOWER to FOLLOWER at term 5 for recognizeCandidate:70943ca8-2057-43d2-a47c-49bd499a68c6
2019-08-29 09:26:16,441 [grpc-default-executor-1] INFO  impl.RaftServerImpl (RaftServerImpl.java:setRole(171)) - 37345188-c291-4188-a3e3-b30ff541eb85:group-798370A2A1FE changes role from FOLLOWER to FOLLOWER at term 5 for recognizeCandidate:70943ca8-2057-43d2-a47c-49bd499a68c6
2019-08-29 09:26:16,441 [grpc-default-executor-0] INFO  impl.RoleInfo (RoleInfo.java:shutdownFollowerState(121)) - 34149fcb-7fd9-43b7-9e6c-7ef931619a7b: shutdown FollowerState
2019-08-29 09:26:16,442 [grpc-default-executor-1] INFO  impl.RoleInfo (RoleInfo.java:shutdownFollowerState(121)) - 37345188-c291-4188-a3e3-b30ff541eb85: shutdown FollowerState
2019-08-29 09:26:16,442 [Thread-1166] INFO  impl.FollowerState (FollowerState.java:run(114)) - 34149fcb-7fd9-43b7-9e6c-7ef931619a7b: FollowerState was interrupted: java.lang.InterruptedException: sleep interrupted
2019-08-29 09:26:16,442 [grpc-default-executor-0] INFO  impl.RoleInfo (RoleInfo.java:updateAndGet(143)) - 34149fcb-7fd9-43b7-9e6c-7ef931619a7b: start FollowerState
2019-08-29 09:26:16,442 [Thread-1168] INFO  impl.FollowerState (FollowerState.java:run(114)) - 37345188-c291-4188-a3e3-b30ff541eb85: FollowerState was interrupted: java.lang.InterruptedException: sleep interrupted
2019-08-29 09:26:16,442 [grpc-default-executor-1] INFO  impl.RoleInfo (RoleInfo.java:updateAndGet(143)) - 37345188-c291-4188-a3e3-b30ff541eb85: start FollowerState
2019-08-29 09:26:16,464 [70943ca8-2057-43d2-a47c-49bd499a68c6:group-798370A2A1FE:LeaderElection37] INFO  impl.LeaderElection (LeaderElection.java:logAndReturn(56)) - 70943ca8-2057-43d2-a47c-49bd499a68c6:group-798370A2A1FE:LeaderElection37: Election PASSED; received 1 response(s) [70943ca8-2057-43d2-a47c-49bd499a68c6<-34149fcb-7fd9-43b7-9e6c-7ef931619a7b#0:OK-t5] and 0 exception(s); 70943ca8-2057-43d2-a47c-49bd499a68c6:t5, leader=null, voted=70943ca8-2057-43d2-a47c-49bd499a68c6, raftlog=70943ca8-2057-43d2-a47c-49bd499a68c6-SegmentedRaftLog:OPENED:c-1,f0,i0, conf=0: [34149fcb-7fd9-43b7-9e6c-7ef931619a7b:192.168.34.42:35023, 70943ca8-2057-43d2-a47c-49bd499a68c6:192.168.34.42:41945, 37345188-c291-4188-a3e3-b30ff541eb85:192.168.34.42:35363], old=null
2019-08-29 09:26:16,464 [70943ca8-2057-43d2-a47c-49bd499a68c6:group-798370A2A1FE:LeaderElection37] INFO  impl.RoleInfo (RoleInfo.java:shutdownLeaderElection(134)) - 70943ca8-2057-43d2-a47c-49bd499a68c6: shutdown LeaderElection
2019-08-29 09:26:16,464 [70943ca8-2057-43d2-a47c-49bd499a68c6:group-798370A2A1FE:LeaderElection37] INFO  impl.RaftServerImpl (RaftServerImpl.java:setRole(171)) - 70943ca8-2057-43d2-a47c-49bd499a68c6:group-798370A2A1FE changes role from CANDIDATE to LEADER at term 5 for changeToLeader
2019-08-29 09:26:16,464 [70943ca8-2057-43d2-a47c-49bd499a68c6:group-798370A2A1FE:LeaderElection37] INFO  impl.RaftServerImpl (ServerState.java:setLeader(263)) - 70943ca8-2057-43d2-a47c-49bd499a68c6:group-798370A2A1FE change Leader from null to 70943ca8-2057-43d2-a47c-49bd499a68c6 at term 5 for becomeLeader, leader elected after 10144ms
2019-08-29 09:26:16,464 [70943ca8-2057-43d2-a47c-49bd499a68c6:group-798370A2A1FE:LeaderElection37] INFO  server.RaftServerConfigKeys (ConfUtils.java:logGet(43)) - raft.server.staging.catchup.gap = 1000 (default)
2019-08-29 09:26:16,465 [70943ca8-2057-43d2-a47c-49bd499a68c6:group-798370A2A1FE:LeaderElection37] INFO  server.RaftServerConfigKeys (ConfUtils.java:logGet(43)) - raft.server.rpc.sleep.time = 25ms (default)
2019-08-29 09:26:16,465 [70943ca8-2057-43d2-a47c-49bd499a68c6:group-798370A2A1FE:LeaderElection37] INFO  server.RaftServerConfigKeys (ConfUtils.java:logGet(43)) - raft.server.write.element-limit = 4096 (default)
2019-08-29 09:26:16,465 [70943ca8-2057-43d2-a47c-49bd499a68c6:group-798370A2A1FE:LeaderElection37] INFO  server.RaftServerConfigKeys (ConfUtils.java:logGet(43)) - raft.server.watch.timeout = 10s (default)
2019-08-29 09:26:16,465 [70943ca8-2057-43d2-a47c-49bd499a68c6:group-798370A2A1FE:LeaderElection37] INFO  server.RaftServerConfigKeys (ConfUtils.java:logGet(43)) - raft.server.watch.timeout.denomination = 1s (default)
2019-08-29 09:26:16,465 [70943ca8-2057-43d2-a47c-49bd499a68c6:group-798370A2A1FE:LeaderElection37] INFO  server.RaftServerConfigKeys (ConfUtils.java:logGet(43)) - raft.server.watch.element-limit = 65536 (default)
2019-08-29 09:26:16,466 [70943ca8-2057-43d2-a47c-49bd499a68c6:group-798370A2A1FE:LeaderElection37] INFO  server.RaftServerConfigKeys (ConfUtils.java:logGet(43)) - raft.server.log.appender.snapshot.chunk.size.max = 16MB (=16777216) (default)
2019-08-29 09:26:16,466 [70943ca8-2057-43d2-a47c-49bd499a68c6:group-798370A2A1FE:LeaderElection37] INFO  server.RaftServerConfigKeys (ConfUtils.java:logGet(43)) - raft.server.log.appender.buffer.byte-limit = 33554432 (custom)
2019-08-29 09:26:16,466 [70943ca8-2057-43d2-a47c-49bd499a68c6:group-798370A2A1FE:LeaderElection37] INFO  server.RaftServerConfigKeys (ConfUtils.java:logGet(43)) - raft.server.log.appender.buffer.element-limit = 1 (custom)
2019-08-29 09:26:16,467 [70943ca8-2057-43d2-a47c-49bd499a68c6:group-798370A2A1FE:LeaderElection37] INFO  grpc.GrpcConfigKeys$Server (ConfUtils.java:logGet(43)) - raft.grpc.server.leader.outstanding.appends.max = 128 (default)
2019-08-29 09:26:16,467 [70943ca8-2057-43d2-a47c-49bd499a68c6:group-798370A2A1FE:LeaderElection37] INFO  server.RaftServerConfigKeys (ConfUtils.java:logGet(43)) - raft.server.rpc.request.timeout = 3000ms (default)
2019-08-29 09:26:16,467 [70943ca8-2057-43d2-a47c-49bd499a68c6:group-798370A2A1FE:LeaderElection37] INFO  server.RaftServerConfigKeys (ConfUtils.java:logGet(43)) - raft.server.log.appender.install.snapshot.enabled = false (custom)
2019-08-29 09:26:16,467 [70943ca8-2057-43d2-a47c-49bd499a68c6:group-798370A2A1FE:LeaderElection37] INFO  server.RaftServerConfigKeys (ConfUtils.java:logGet(43)) - raft.server.log.appender.snapshot.chunk.size.max = 16MB (=16777216) (default)
2019-08-29 09:26:16,467 [70943ca8-2057-43d2-a47c-49bd499a68c6:group-798370A2A1FE:LeaderElection37] INFO  server.RaftServerConfigKeys (ConfUtils.java:logGet(43)) - raft.server.log.appender.buffer.byte-limit = 33554432 (custom)
2019-08-29 09:26:16,468 [70943ca8-2057-43d2-a47c-49bd499a68c6:group-798370A2A1FE:LeaderElection37] INFO  server.RaftServerConfigKeys (ConfUtils.java:logGet(43)) - raft.server.log.appender.buffer.element-limit = 1 (custom)
2019-08-29 09:26:16,468 [70943ca8-2057-43d2-a47c-49bd499a68c6:group-798370A2A1FE:LeaderElection37] INFO  grpc.GrpcConfigKeys$Server (ConfUtils.java:logGet(43)) - raft.grpc.server.leader.outstanding.appends.max = 128 (default)
2019-08-29 09:26:16,468 [70943ca8-2057-43d2-a47c-49bd499a68c6:group-798370A2A1FE:LeaderElection37] INFO  server.RaftServerConfigKeys (ConfUtils.java:logGet(43)) - raft.server.rpc.request.timeout = 3000ms (default)
2019-08-29 09:26:16,468 [70943ca8-2057-43d2-a47c-49bd499a68c6:group-798370A2A1FE:LeaderElection37] INFO  server.RaftServerConfigKeys (ConfUtils.java:logGet(43)) - raft.server.log.appender.install.snapshot.enabled = false (custom)
2019-08-29 09:26:16,469 [70943ca8-2057-43d2-a47c-49bd499a68c6:group-798370A2A1FE:LeaderElection37] INFO  impl.RoleInfo (RoleInfo.java:updateAndGet(143)) - 70943ca8-2057-43d2-a47c-49bd499a68c6: start LeaderState
2019-08-29 09:26:16,469 [70943ca8-2057-43d2-a47c-49bd499a68c6:group-798370A2A1FE:LeaderElection37] INFO  segmented.SegmentedRaftLogWorker (SegmentedRaftLogWorker.java:rollLogSegment(385)) - 70943ca8-2057-43d2-a47c-49bd499a68c6-SegmentedRaftLogWorker:Storage Directory /workdir/hadoop-ozone/integration-test/target/test-dir/MiniOzoneClusterImpl-9bf9cf36-d6cd-47fd-9c9b-dd857e6ac4dc/datanode-0/data/ratis/cd8521cc-7979-48a6-a7b1-798370a2a1fe: Rolling segment log-0_0 to index:0
2019-08-29 09:26:16,470 [70943ca8-2057-43d2-a47c-49bd499a68c6-SegmentedRaftLogWorker:Storage Directory /workdir/hadoop-ozone/integration-test/target/test-dir/MiniOzoneClusterImpl-9bf9cf36-d6cd-47fd-9c9b-dd857e6ac4dc/datanode-0/data/ratis/cd8521cc-7979-48a6-a7b1-798370a2a1fe] INFO  segmented.SegmentedRaftLogWorker (SegmentedRaftLogWorker.java:execute(526)) - 70943ca8-2057-43d2-a47c-49bd499a68c6-SegmentedRaftLogWorker:Storage Directory /workdir/hadoop-ozone/integration-test/target/test-dir/MiniOzoneClusterImpl-9bf9cf36-d6cd-47fd-9c9b-dd857e6ac4dc/datanode-0/data/ratis/cd8521cc-7979-48a6-a7b1-798370a2a1fe: Rolled log segment from /workdir/hadoop-ozone/integration-test/target/test-dir/MiniOzoneClusterImpl-9bf9cf36-d6cd-47fd-9c9b-dd857e6ac4dc/datanode-0/data/ratis/cd8521cc-7979-48a6-a7b1-798370a2a1fe/current/log_inprogress_0 to /workdir/hadoop-ozone/integration-test/target/test-dir/MiniOzoneClusterImpl-9bf9cf36-d6cd-47fd-9c9b-dd857e6ac4dc/datanode-0/data/ratis/cd8521cc-7979-48a6-a7b1-798370a2a1fe/current/log_0-0
2019-08-29 09:26:16,470 [70943ca8-2057-43d2-a47c-49bd499a68c6:group-798370A2A1FE:LeaderElection37] INFO  impl.RaftServerImpl (ServerState.java:setRaftConf(361)) - 70943ca8-2057-43d2-a47c-49bd499a68c6:group-798370A2A1FE set configuration 1: [34149fcb-7fd9-43b7-9e6c-7ef931619a7b:192.168.34.42:35023, 70943ca8-2057-43d2-a47c-49bd499a68c6:192.168.34.42:41945, 37345188-c291-4188-a3e3-b30ff541eb85:192.168.34.42:35363], old=null at 1
2019-08-29 09:26:16,472 [grpc-default-executor-0] INFO  impl.RaftServerImpl (ServerState.java:setLeader(263)) - 34149fcb-7fd9-43b7-9e6c-7ef931619a7b:group-798370A2A1FE change Leader from null to 70943ca8-2057-43d2-a47c-49bd499a68c6 at term 5 for appendEntries, leader elected after 10152ms
2019-08-29 09:26:16,472 [grpc-default-executor-1] INFO  impl.RaftServerImpl (ServerState.java:setLeader(263)) - 37345188-c291-4188-a3e3-b30ff541eb85:group-798370A2A1FE change Leader from null to 70943ca8-2057-43d2-a47c-49bd499a68c6 at term 5 for appendEntries, leader elected after 20537ms
2019-08-29 09:26:16,472 [grpc-default-executor-1] INFO  impl.RaftServerImpl (RaftServerImpl.java:checkInconsistentAppendEntries(999)) - 37345188-c291-4188-a3e3-b30ff541eb85: Failed appendEntries as previous log entry ((t:2, i:0)) is not found
2019-08-29 09:26:16,473 [grpc-default-executor-1] INFO  impl.RaftServerImpl (RaftServerImpl.java:checkInconsistentAppendEntries(972)) - 37345188-c291-4188-a3e3-b30ff541eb85: inconsistency entries. Reply:70943ca8-2057-43d2-a47c-49bd499a68c6<-37345188-c291-4188-a3e3-b30ff541eb85#0:FAIL,INCONSISTENCY,nextIndex:0,term:5,followerCommit:-1
2019-08-29 09:26:16,474 [grpc-default-executor-1] INFO  impl.RaftServerImpl (ServerState.java:setRaftConf(361)) - 34149fcb-7fd9-43b7-9e6c-7ef931619a7b:group-798370A2A1FE set configuration 1: [34149fcb-7fd9-43b7-9e6c-7ef931619a7b:192.168.34.42:35023, 70943ca8-2057-43d2-a47c-49bd499a68c6:192.168.34.42:41945, 37345188-c291-4188-a3e3-b30ff541eb85:192.168.34.42:35363], old=null at 1
2019-08-29 09:26:16,475 [grpc-default-executor-1] INFO  segmented.SegmentedRaftLogWorker (SegmentedRaftLogWorker.java:rollLogSegment(385)) - 34149fcb-7fd9-43b7-9e6c-7ef931619a7b-SegmentedRaftLogWorker:Storage Directory /workdir/hadoop-ozone/integration-test/target/test-dir/MiniOzoneClusterImpl-9bf9cf36-d6cd-47fd-9c9b-dd857e6ac4dc/datanode-2/data/ratis/cd8521cc-7979-48a6-a7b1-798370a2a1fe: Rolling segment log-0_0 to index:0
2019-08-29 09:26:16,475 [grpc-default-executor-0] INFO  impl.FollowerInfo (FollowerInfo.java:lambda$new$0(50)) - 70943ca8-2057-43d2-a47c-49bd499a68c6->37345188-c291-4188-a3e3-b30ff541eb85: nextIndex: updateUnconditionally 1 -> 0
2019-08-29 09:26:16,475 [34149fcb-7fd9-43b7-9e6c-7ef931619a7b-SegmentedRaftLogWorker:Storage Directory /workdir/hadoop-ozone/integration-test/target/test-dir/MiniOzoneClusterImpl-9bf9cf36-d6cd-47fd-9c9b-dd857e6ac4dc/datanode-2/data/ratis/cd8521cc-7979-48a6-a7b1-798370a2a1fe] INFO  segmented.SegmentedRaftLogWorker (SegmentedRaftLogWorker.java:execute(526)) - 34149fcb-7fd9-43b7-9e6c-7ef931619a7b-SegmentedRaftLogWorker:Storage Directory /workdir/hadoop-ozone/integration-test/target/test-dir/MiniOzoneClusterImpl-9bf9cf36-d6cd-47fd-9c9b-dd857e6ac4dc/datanode-2/data/ratis/cd8521cc-7979-48a6-a7b1-798370a2a1fe: Rolled log segment from /workdir/hadoop-ozone/integration-test/target/test-dir/MiniOzoneClusterImpl-9bf9cf36-d6cd-47fd-9c9b-dd857e6ac4dc/datanode-2/data/ratis/cd8521cc-7979-48a6-a7b1-798370a2a1fe/current/log_inprogress_0 to /workdir/hadoop-ozone/integration-test/target/test-dir/MiniOzoneClusterImpl-9bf9cf36-d6cd-47fd-9c9b-dd857e6ac4dc/datanode-2/data/ratis/cd8521cc-7979-48a6-a7b1-798370a2a1fe/current/log_0-0
2019-08-29 09:26:16,476 [grpc-default-executor-0] INFO  impl.RaftServerImpl (ServerState.java:setRaftConf(361)) - 37345188-c291-4188-a3e3-b30ff541eb85:group-798370A2A1FE set configuration 0: [34149fcb-7fd9-43b7-9e6c-7ef931619a7b:192.168.34.42:35023, 70943ca8-2057-43d2-a47c-49bd499a68c6:192.168.34.42:41945, 37345188-c291-4188-a3e3-b30ff541eb85:192.168.34.42:35363], old=null at 0
2019-08-29 09:26:16,477 [grpc-default-executor-0] INFO  segmented.SegmentedRaftLogWorker (SegmentedRaftLogWorker.java:startLogSegment(380)) - 37345188-c291-4188-a3e3-b30ff541eb85-SegmentedRaftLogWorker:Storage Directory /workdir/hadoop-ozone/integration-test/target/test-dir/MiniOzoneClusterImpl-9bf9cf36-d6cd-47fd-9c9b-dd857e6ac4dc/datanode-1/data/ratis/cd8521cc-7979-48a6-a7b1-798370a2a1fe: Starting segment from index:0
2019-08-29 09:26:16,477 [grpc-default-executor-0] INFO  impl.RaftServerImpl (ServerState.java:setRaftConf(361)) - 37345188-c291-4188-a3e3-b30ff541eb85:group-798370A2A1FE set configuration 1: [34149fcb-7fd9-43b7-9e6c-7ef931619a7b:192.168.34.42:35023, 70943ca8-2057-43d2-a47c-49bd499a68c6:192.168.34.42:41945, 37345188-c291-4188-a3e3-b30ff541eb85:192.168.34.42:35363], old=null at 1
2019-08-29 09:26:16,478 [grpc-default-executor-0] INFO  segmented.SegmentedRaftLogWorker (SegmentedRaftLogWorker.java:rollLogSegment(385)) - 37345188-c291-4188-a3e3-b30ff541eb85-SegmentedRaftLogWorker:Storage Directory /workdir/hadoop-ozone/integration-test/target/test-dir/MiniOzoneClusterImpl-9bf9cf36-d6cd-47fd-9c9b-dd857e6ac4dc/datanode-1/data/ratis/cd8521cc-7979-48a6-a7b1-798370a2a1fe: Rolling segment log-0_0 to index:0
2019-08-29 09:26:16,534 [34149fcb-7fd9-43b7-9e6c-7ef931619a7b-SegmentedRaftLogWorker:Storage Directory /workdir/hadoop-ozone/integration-test/target/test-dir/MiniOzoneClusterImpl-9bf9cf36-d6cd-47fd-9c9b-dd857e6ac4dc/datanode-2/data/ratis/cd8521cc-7979-48a6-a7b1-798370a2a1fe] INFO  segmented.SegmentedRaftLogWorker (SegmentedRaftLogWorker.java:execute(569)) - 34149fcb-7fd9-43b7-9e6c-7ef931619a7b-SegmentedRaftLogWorker:Storage Directory /workdir/hadoop-ozone/integration-test/target/test-dir/MiniOzoneClusterImpl-9bf9cf36-d6cd-47fd-9c9b-dd857e6ac4dc/datanode-2/data/ratis/cd8521cc-7979-48a6-a7b1-798370a2a1fe: created new log segment /workdir/hadoop-ozone/integration-test/target/test-dir/MiniOzoneClusterImpl-9bf9cf36-d6cd-47fd-9c9b-dd857e6ac4dc/datanode-2/data/ratis/cd8521cc-7979-48a6-a7b1-798370a2a1fe/current/log_inprogress_1
2019-08-29 09:26:16,534 [70943ca8-2057-43d2-a47c-49bd499a68c6-SegmentedRaftLogWorker:Storage Directory /workdir/hadoop-ozone/integration-test/target/test-dir/MiniOzoneClusterImpl-9bf9cf36-d6cd-47fd-9c9b-dd857e6ac4dc/datanode-0/data/ratis/cd8521cc-7979-48a6-a7b1-798370a2a1fe] INFO  segmented.SegmentedRaftLogWorker (SegmentedRaftLogWorker.java:execute(569)) - 70943ca8-2057-43d2-a47c-49bd499a68c6-SegmentedRaftLogWorker:Storage Directory /workdir/hadoop-ozone/integration-test/target/test-dir/MiniOzoneClusterImpl-9bf9cf36-d6cd-47fd-9c9b-dd857e6ac4dc/datanode-0/data/ratis/cd8521cc-7979-48a6-a7b1-798370a2a1fe: created new log segment /workdir/hadoop-ozone/integration-test/target/test-dir/MiniOzoneClusterImpl-9bf9cf36-d6cd-47fd-9c9b-dd857e6ac4dc/datanode-0/data/ratis/cd8521cc-7979-48a6-a7b1-798370a2a1fe/current/log_inprogress_1
2019-08-29 09:26:16,534 [37345188-c291-4188-a3e3-b30ff541eb85-SegmentedRaftLogWorker:Storage Directory /workdir/hadoop-ozone/integration-test/target/test-dir/MiniOzoneClusterImpl-9bf9cf36-d6cd-47fd-9c9b-dd857e6ac4dc/datanode-1/data/ratis/cd8521cc-7979-48a6-a7b1-798370a2a1fe] INFO  segmented.SegmentedRaftLogWorker (SegmentedRaftLogWorker.java:execute(569)) - 37345188-c291-4188-a3e3-b30ff541eb85-SegmentedRaftLogWorker:Storage Directory /workdir/hadoop-ozone/integration-test/target/test-dir/MiniOzoneClusterImpl-9bf9cf36-d6cd-47fd-9c9b-dd857e6ac4dc/datanode-1/data/ratis/cd8521cc-7979-48a6-a7b1-798370a2a1fe: created new log segment /workdir/hadoop-ozone/integration-test/target/test-dir/MiniOzoneClusterImpl-9bf9cf36-d6cd-47fd-9c9b-dd857e6ac4dc/datanode-1/data/ratis/cd8521cc-7979-48a6-a7b1-798370a2a1fe/current/log_inprogress_0
2019-08-29 09:26:16,546 [37345188-c291-4188-a3e3-b30ff541eb85-SegmentedRaftLogWorker:Storage Directory /workdir/hadoop-ozone/integration-test/target/test-dir/MiniOzoneClusterImpl-9bf9cf36-d6cd-47fd-9c9b-dd857e6ac4dc/datanode-1/data/ratis/cd8521cc-7979-48a6-a7b1-798370a2a1fe] INFO  segmented.SegmentedRaftLogWorker (SegmentedRaftLogWorker.java:execute(526)) - 37345188-c291-4188-a3e3-b30ff541eb85-SegmentedRaftLogWorker:Storage Directory /workdir/hadoop-ozone/integration-test/target/test-dir/MiniOzoneClusterImpl-9bf9cf36-d6cd-47fd-9c9b-dd857e6ac4dc/datanode-1/data/ratis/cd8521cc-7979-48a6-a7b1-798370a2a1fe: Rolled log segment from /workdir/hadoop-ozone/integration-test/target/test-dir/MiniOzoneClusterImpl-9bf9cf36-d6cd-47fd-9c9b-dd857e6ac4dc/datanode-1/data/ratis/cd8521cc-7979-48a6-a7b1-798370a2a1fe/current/log_inprogress_0 to /workdir/hadoop-ozone/integration-test/target/test-dir/MiniOzoneClusterImpl-9bf9cf36-d6cd-47fd-9c9b-dd857e6ac4dc/datanode-1/data/ratis/cd8521cc-7979-48a6-a7b1-798370a2a1fe/current/log_0-0
2019-08-29 09:26:16,586 [37345188-c291-4188-a3e3-b30ff541eb85-SegmentedRaftLogWorker:Storage Directory /workdir/hadoop-ozone/integration-test/target/test-dir/MiniOzoneClusterImpl-9bf9cf36-d6cd-47fd-9c9b-dd857e6ac4dc/datanode-1/data/ratis/cd8521cc-7979-48a6-a7b1-798370a2a1fe] INFO  segmented.SegmentedRaftLogWorker (SegmentedRaftLogWorker.java:execute(569)) - 37345188-c291-4188-a3e3-b30ff541eb85-SegmentedRaftLogWorker:Storage Directory /workdir/hadoop-ozone/integration-test/target/test-dir/MiniOzoneClusterImpl-9bf9cf36-d6cd-47fd-9c9b-dd857e6ac4dc/datanode-1/data/ratis/cd8521cc-7979-48a6-a7b1-798370a2a1fe: created new log segment /workdir/hadoop-ozone/integration-test/target/test-dir/MiniOzoneClusterImpl-9bf9cf36-d6cd-47fd-9c9b-dd857e6ac4dc/datanode-1/data/ratis/cd8521cc-7979-48a6-a7b1-798370a2a1fe/current/log_inprogress_1
2019-08-29 09:26:16,651 [grpc-default-executor-0] INFO  client.GrpcClientProtocolClient (GrpcClientProtocolClient.java:onNext(255)) - client-BF85F76BBB17->34149fcb-7fd9-43b7-9e6c-7ef931619a7b: receive RaftClientReply:client-BF85F76BBB17->34149fcb-7fd9-43b7-9e6c-7ef931619a7b@group-798370A2A1FE, cid=50, FAILED org.apache.ratis.protocol.NotLeaderException: Server 34149fcb-7fd9-43b7-9e6c-7ef931619a7b is not the leader (70943ca8-2057-43d2-a47c-49bd499a68c6:192.168.34.42:41945). Request must be sent to leader., logIndex=0, commits[34149fcb-7fd9-43b7-9e6c-7ef931619a7b:c1, 70943ca8-2057-43d2-a47c-49bd499a68c6:c1, 37345188-c291-4188-a3e3-b30ff541eb85:c-1]
2019-08-29 09:26:16,658 | INFO  | SCMAudit | user=jenkins1000 | ip=192.168.34.42 | op=SEND_HEARTBEAT {datanodeUUID=70943ca8-2057-43d2-a47c-49bd499a68c6, command=[]} | ret=SUCCESS |  
]]></system-out>
  </testcase>
  <testcase name="testWatchForCommitForRetryfailure" classname="org.apache.hadoop.ozone.client.rpc.TestWatchForCommit" time="73.912"/>
  <testcase name="testWatchForCommitForGroupMismatchException" classname="org.apache.hadoop.ozone.client.rpc.TestWatchForCommit" time="32.407"/>
  <testcase name="test2WayCommitForTimeoutException" classname="org.apache.hadoop.ozone.client.rpc.TestWatchForCommit" time="51.051"/>
</testsuite>