<?xml version="1.0" encoding="UTF-8"?>
<testsuite xmlns:xsi="http://www.w3.org/2001/XMLSchema-instance" xsi:noNamespaceSchemaLocation="https://maven.apache.org/surefire/maven-surefire-plugin/xsd/surefire-test-report.xsd" name="org.apache.hadoop.ozone.client.rpc.TestOzoneClientRetriesOnException" time="407.341" tests="2" errors="1" skipped="0" failures="0">
  <properties>
    <property name="awt.toolkit" value="sun.awt.X11.XToolkit"/>
    <property name="file.encoding.pkg" value="sun.io"/>
    <property name="java.specification.version" value="1.8"/>
    <property name="sun.cpu.isalist" value=""/>
    <property name="sun.jnu.encoding" value="UTF-8"/>
    <property name="java.class.path" value="/workdir/hadoop-ozone/integration-test/target/test-classes:/workdir/hadoop-ozone/integration-test/target/classes:/home/user/.m2/repository/org/apache/hadoop/hadoop-ozone-common/0.5.0-SNAPSHOT/hadoop-ozone-common-0.5.0-SNAPSHOT.jar:/home/user/.m2/repository/org/apache/commons/commons-compress/1.4.1/commons-compress-1.4.1.jar:/home/user/.m2/repository/org/tukaani/xz/1.0/xz-1.0.jar:/home/user/.m2/repository/org/apache/hadoop/hadoop-common/3.2.0/hadoop-common-3.2.0.jar:/home/user/.m2/repository/org/apache/hadoop/hadoop-hdfs/3.2.0/hadoop-hdfs-3.2.0.jar:/home/user/.m2/repository/org/apache/hadoop/hadoop-hdfs-client/3.2.0/hadoop-hdfs-client-3.2.0.jar:/home/user/.m2/repository/com/fasterxml/jackson/core/jackson-annotations/2.9.5/jackson-annotations-2.9.5.jar:/home/user/.m2/repository/org/apache/hadoop/hadoop-hdds-common/0.5.0-SNAPSHOT/hadoop-hdds-common-0.5.0-SNAPSHOT.jar:/home/user/.m2/repository/javax/annotation/javax.annotation-api/1.2/javax.annotation-api-1.2.jar:/home/user/.m2/repository/org/apache/ratis/ratis-server/0.4.0-2337318-SNAPSHOT/ratis-server-0.4.0-2337318-SNAPSHOT.jar:/home/user/.m2/repository/org/apache/ratis/ratis-thirdparty-misc/0.2.0/ratis-thirdparty-misc-0.2.0.jar:/home/user/.m2/repository/org/apache/ratis/ratis-proto/0.4.0-2337318-SNAPSHOT/ratis-proto-0.4.0-2337318-SNAPSHOT.jar:/home/user/.m2/repository/org/apache/ratis/ratis-common/0.4.0-2337318-SNAPSHOT/ratis-common-0.4.0-2337318-SNAPSHOT.jar:/home/user/.m2/repository/org/apache/ratis/ratis-client/0.4.0-2337318-SNAPSHOT/ratis-client-0.4.0-2337318-SNAPSHOT.jar:/home/user/.m2/repository/org/apache/ratis/ratis-metrics/0.4.0-2337318-SNAPSHOT/ratis-metrics-0.4.0-2337318-SNAPSHOT.jar:/home/user/.m2/repository/org/apache/ratis/ratis-netty/0.4.0-2337318-SNAPSHOT/ratis-netty-0.4.0-2337318-SNAPSHOT.jar:/home/user/.m2/repository/org/apache/ratis/ratis-grpc/0.4.0-2337318-SNAPSHOT/ratis-grpc-0.4.0-2337318-SNAPSHOT.jar:/home/user/.m2/repository/org/rocksdb/rocksdbjni/6.0.1/rocksdbjni-6.0.1.jar:/home/user/.m2/repository/org/apache/logging/log4j/log4j-api/2.11.0/log4j-api-2.11.0.jar:/home/user/.m2/repository/org/apache/logging/log4j/log4j-core/2.11.0/log4j-core-2.11.0.jar:/home/user/.m2/repository/com/lmax/disruptor/3.4.2/disruptor-3.4.2.jar:/home/user/.m2/repository/org/apache/commons/commons-pool2/2.6.0/commons-pool2-2.6.0.jar:/home/user/.m2/repository/org/bouncycastle/bcpkix-jdk15on/1.60/bcpkix-jdk15on-1.60.jar:/home/user/.m2/repository/commons-validator/commons-validator/1.6/commons-validator-1.6.jar:/home/user/.m2/repository/commons-digester/commons-digester/1.8.1/commons-digester-1.8.1.jar:/home/user/.m2/repository/io/jaegertracing/jaeger-client/0.33.1/jaeger-client-0.33.1.jar:/home/user/.m2/repository/io/jaegertracing/jaeger-thrift/0.33.1/jaeger-thrift-0.33.1.jar:/home/user/.m2/repository/org/apache/thrift/libthrift/0.11.0/libthrift-0.11.0.jar:/home/user/.m2/repository/com/squareup/okhttp3/okhttp/3.9.0/okhttp-3.9.0.jar:/home/user/.m2/repository/com/squareup/okio/okio/1.13.0/okio-1.13.0.jar:/home/user/.m2/repository/io/jaegertracing/jaeger-core/0.33.1/jaeger-core-0.33.1.jar:/home/user/.m2/repository/io/jaegertracing/jaeger-tracerresolver/0.33.1/jaeger-tracerresolver-0.33.1.jar:/home/user/.m2/repository/io/opentracing/contrib/opentracing-tracerresolver/0.1.5/opentracing-tracerresolver-0.1.5.jar:/home/user/.m2/repository/io/opentracing/opentracing-util/0.31.0/opentracing-util-0.31.0.jar:/home/user/.m2/repository/io/opentracing/opentracing-api/0.31.0/opentracing-api-0.31.0.jar:/home/user/.m2/repository/io/opentracing/opentracing-noop/0.31.0/opentracing-noop-0.31.0.jar:/home/user/.m2/repository/org/apache/hadoop/hadoop-hdds-server-framework/0.5.0-SNAPSHOT/hadoop-hdds-server-framework-0.5.0-SNAPSHOT.jar:/home/user/.m2/repository/org/apache/hadoop/hadoop-hdds-container-service/0.5.0-SNAPSHOT/hadoop-hdds-container-service-0.5.0-SNAPSHOT.jar:/home/user/.m2/repository/org/apache/hadoop/hadoop-hdds-client/0.5.0-SNAPSHOT/hadoop-hdds-client-0.5.0-SNAPSHOT.jar:/home/user/.m2/repository/org/apache/hadoop/hadoop-hdds-tools/0.5.0-SNAPSHOT/hadoop-hdds-tools-0.5.0-SNAPSHOT.jar:/home/user/.m2/repository/org/apache/hadoop/hadoop-hdds-server-scm/0.5.0-SNAPSHOT/hadoop-hdds-server-scm-0.5.0-SNAPSHOT.jar:/home/user/.m2/repository/org/apache/hadoop/hadoop-hdds-docs/0.5.0-SNAPSHOT/hadoop-hdds-docs-0.5.0-SNAPSHOT.jar:/home/user/.m2/repository/io/dropwizard/metrics/metrics-core/3.2.4/metrics-core-3.2.4.jar:/home/user/.m2/repository/org/hamcrest/hamcrest-all/1.3/hamcrest-all-1.3.jar:/home/user/.m2/repository/org/bouncycastle/bcprov-jdk15on/1.60/bcprov-jdk15on-1.60.jar:/home/user/.m2/repository/info/picocli/picocli/3.9.6/picocli-3.9.6.jar:/home/user/.m2/repository/com/google/protobuf/protobuf-java/2.5.0/protobuf-java-2.5.0.jar:/home/user/.m2/repository/com/google/guava/guava/11.0.2/guava-11.0.2.jar:/home/user/.m2/repository/org/apache/hadoop/hadoop-ozone-ozone-manager/0.5.0-SNAPSHOT/hadoop-ozone-ozone-manager-0.5.0-SNAPSHOT.jar:/home/user/.m2/repository/org/apache/hadoop/hadoop-minikdc/3.2.0/hadoop-minikdc-3.2.0.jar:/home/user/.m2/repository/commons-io/commons-io/2.5/commons-io-2.5.jar:/home/user/.m2/repository/org/apache/kerby/kerb-simplekdc/1.0.1/kerb-simplekdc-1.0.1.jar:/home/user/.m2/repository/org/apache/kerby/kerb-client/1.0.1/kerb-client-1.0.1.jar:/home/user/.m2/repository/org/apache/kerby/kerby-config/1.0.1/kerby-config-1.0.1.jar:/home/user/.m2/repository/org/apache/kerby/kerb-core/1.0.1/kerb-core-1.0.1.jar:/home/user/.m2/repository/org/apache/kerby/kerby-pkix/1.0.1/kerby-pkix-1.0.1.jar:/home/user/.m2/repository/org/apache/kerby/kerby-asn1/1.0.1/kerby-asn1-1.0.1.jar:/home/user/.m2/repository/org/apache/kerby/kerby-util/1.0.1/kerby-util-1.0.1.jar:/home/user/.m2/repository/org/apache/kerby/kerb-common/1.0.1/kerb-common-1.0.1.jar:/home/user/.m2/repository/org/apache/kerby/kerb-crypto/1.0.1/kerb-crypto-1.0.1.jar:/home/user/.m2/repository/org/apache/kerby/kerb-util/1.0.1/kerb-util-1.0.1.jar:/home/user/.m2/repository/org/apache/kerby/token-provider/1.0.1/token-provider-1.0.1.jar:/home/user/.m2/repository/org/apache/kerby/kerb-admin/1.0.1/kerb-admin-1.0.1.jar:/home/user/.m2/repository/org/apache/kerby/kerb-server/1.0.1/kerb-server-1.0.1.jar:/home/user/.m2/repository/org/apache/kerby/kerb-identity/1.0.1/kerb-identity-1.0.1.jar:/home/user/.m2/repository/org/apache/kerby/kerby-xdr/1.0.1/kerby-xdr-1.0.1.jar:/home/user/.m2/repository/org/slf4j/slf4j-log4j12/1.7.25/slf4j-log4j12-1.7.25.jar:/home/user/.m2/repository/org/apache/hadoop/hadoop-ozone-s3gateway/0.5.0-SNAPSHOT/hadoop-ozone-s3gateway-0.5.0-SNAPSHOT.jar:/home/user/.m2/repository/org/jboss/weld/servlet/weld-servlet/2.4.7.Final/weld-servlet-2.4.7.Final.jar:/home/user/.m2/repository/org/glassfish/jersey/containers/jersey-container-servlet-core/2.27/jersey-container-servlet-core-2.27.jar:/home/user/.m2/repository/org/glassfish/hk2/external/javax.inject/2.5.0-b42/javax.inject-2.5.0-b42.jar:/home/user/.m2/repository/org/glassfish/jersey/core/jersey-common/2.27/jersey-common-2.27.jar:/home/user/.m2/repository/org/glassfish/hk2/osgi-resource-locator/1.0.1/osgi-resource-locator-1.0.1.jar:/home/user/.m2/repository/javax/ws/rs/javax.ws.rs-api/2.1/javax.ws.rs-api-2.1.jar:/home/user/.m2/repository/org/glassfish/jersey/ext/cdi/jersey-cdi1x/2.27/jersey-cdi1x-2.27.jar:/home/user/.m2/repository/org/glassfish/jersey/inject/jersey-hk2/2.27/jersey-hk2-2.27.jar:/home/user/.m2/repository/org/glassfish/hk2/hk2-locator/2.5.0-b42/hk2-locator-2.5.0-b42.jar:/home/user/.m2/repository/org/javassist/javassist/3.22.0-CR2/javassist-3.22.0-CR2.jar:/home/user/.m2/repository/org/glassfish/hk2/hk2-api/2.5.0/hk2-api-2.5.0.jar:/home/user/.m2/repository/org/glassfish/hk2/external/jakarta.inject/2.5.0/jakarta.inject-2.5.0.jar:/home/user/.m2/repository/org/glassfish/hk2/hk2-utils/2.5.0/hk2-utils-2.5.0.jar:/home/user/.m2/repository/jakarta/annotation/jakarta.annotation-api/1.3.4/jakarta.annotation-api-1.3.4.jar:/home/user/.m2/repository/org/glassfish/hk2/external/aopalliance-repackaged/2.5.0/aopalliance-repackaged-2.5.0.jar:/home/user/.m2/repository/com/fasterxml/jackson/dataformat/jackson-dataformat-xml/2.9.0/jackson-dataformat-xml-2.9.0.jar:/home/user/.m2/repository/com/fasterxml/jackson/core/jackson-core/2.9.5/jackson-core-2.9.5.jar:/home/user/.m2/repository/com/fasterxml/jackson/module/jackson-module-jaxb-annotations/2.9.5/jackson-module-jaxb-annotations-2.9.5.jar:/home/user/.m2/repository/javax/enterprise/cdi-api/1.2/cdi-api-1.2.jar:/home/user/.m2/repository/javax/el/javax.el-api/3.0.0/javax.el-api-3.0.0.jar:/home/user/.m2/repository/javax/interceptor/javax.interceptor-api/1.2/javax.interceptor-api-1.2.jar:/home/user/.m2/repository/javax/inject/javax.inject/1/javax.inject-1.jar:/home/user/.m2/repository/com/sun/xml/bind/jaxb-impl/2.3.0.1/jaxb-impl-2.3.0.1.jar:/home/user/.m2/repository/com/sun/xml/bind/jaxb-core/2.3.0.1/jaxb-core-2.3.0.1.jar:/home/user/.m2/repository/javax/xml/bind/jaxb-api/2.3.0/jaxb-api-2.3.0.jar:/home/user/.m2/repository/javax/activation/activation/1.1.1/activation-1.1.1.jar:/home/user/.m2/repository/org/apache/hadoop/hadoop-ozone-csi/0.5.0-SNAPSHOT/hadoop-ozone-csi-0.5.0-SNAPSHOT.jar:/home/user/.m2/repository/com/google/protobuf/protobuf-java-util/3.5.1/protobuf-java-util-3.5.1.jar:/home/user/.m2/repository/org/apache/hadoop/hadoop-hdds-config/0.5.0-SNAPSHOT/hadoop-hdds-config-0.5.0-SNAPSHOT.jar:/home/user/.m2/repository/io/grpc/grpc-netty/1.17.1/grpc-netty-1.17.1.jar:/home/user/.m2/repository/io/grpc/grpc-core/1.17.1/grpc-core-1.17.1.jar:/home/user/.m2/repository/io/grpc/grpc-context/1.17.1/grpc-context-1.17.1.jar:/home/user/.m2/repository/com/google/errorprone/error_prone_annotations/2.2.0/error_prone_annotations-2.2.0.jar:/home/user/.m2/repository/org/codehaus/mojo/animal-sniffer-annotations/1.17/animal-sniffer-annotations-1.17.jar:/home/user/.m2/repository/io/opencensus/opencensus-api/0.17.0/opencensus-api-0.17.0.jar:/home/user/.m2/repository/io/opencensus/opencensus-contrib-grpc-metrics/0.17.0/opencensus-contrib-grpc-metrics-0.17.0.jar:/home/user/.m2/repository/io/netty/netty-codec-http2/4.1.30.Final/netty-codec-http2-4.1.30.Final.jar:/home/user/.m2/repository/io/netty/netty-codec-http/4.1.30.Final/netty-codec-http-4.1.30.Final.jar:/home/user/.m2/repository/io/netty/netty-codec/4.1.30.Final/netty-codec-4.1.30.Final.jar:/home/user/.m2/repository/io/netty/netty-handler/4.1.30.Final/netty-handler-4.1.30.Final.jar:/home/user/.m2/repository/io/netty/netty-handler-proxy/4.1.30.Final/netty-handler-proxy-4.1.30.Final.jar:/home/user/.m2/repository/io/netty/netty-codec-socks/4.1.30.Final/netty-codec-socks-4.1.30.Final.jar:/home/user/.m2/repository/io/netty/netty-transport-native-epoll/4.1.30.Final/netty-transport-native-epoll-4.1.30.Final.jar:/home/user/.m2/repository/io/netty/netty-common/4.1.30.Final/netty-common-4.1.30.Final.jar:/home/user/.m2/repository/io/netty/netty-buffer/4.1.30.Final/netty-buffer-4.1.30.Final.jar:/home/user/.m2/repository/io/netty/netty-transport/4.1.30.Final/netty-transport-4.1.30.Final.jar:/home/user/.m2/repository/io/netty/netty-resolver/4.1.30.Final/netty-resolver-4.1.30.Final.jar:/home/user/.m2/repository/io/netty/netty-transport-native-unix-common/4.1.30.Final/netty-transport-native-unix-common-4.1.30.Final.jar:/home/user/.m2/repository/io/grpc/grpc-protobuf/1.17.1/grpc-protobuf-1.17.1.jar:/home/user/.m2/repository/com/google/api/grpc/proto-google-common-protos/1.0.0/proto-google-common-protos-1.0.0.jar:/home/user/.m2/repository/io/grpc/grpc-protobuf-lite/1.17.1/grpc-protobuf-lite-1.17.1.jar:/home/user/.m2/repository/io/grpc/grpc-stub/1.17.1/grpc-stub-1.17.1.jar:/home/user/.m2/repository/org/apache/hadoop/hadoop-ozone-recon/0.5.0-SNAPSHOT/hadoop-ozone-recon-0.5.0-SNAPSHOT.jar:/home/user/.m2/repository/org/apache/hadoop/hadoop-ozone-reconcodegen/0.5.0-SNAPSHOT/hadoop-ozone-reconcodegen-0.5.0-SNAPSHOT.jar:/home/user/.m2/repository/com/google/inject/extensions/guice-multibindings/4.0/guice-multibindings-4.0.jar:/home/user/.m2/repository/com/google/inject/guice/4.0/guice-4.0.jar:/home/user/.m2/repository/aopalliance/aopalliance/1.0/aopalliance-1.0.jar:/home/user/.m2/repository/com/google/inject/extensions/guice-servlet/4.0/guice-servlet-4.0.jar:/home/user/.m2/repository/org/glassfish/jersey/containers/jersey-container-servlet/2.27/jersey-container-servlet-2.27.jar:/home/user/.m2/repository/org/glassfish/hk2/guice-bridge/2.5.0/guice-bridge-2.5.0.jar:/home/user/.m2/repository/org/glassfish/jersey/core/jersey-server/2.27/jersey-server-2.27.jar:/home/user/.m2/repository/org/glassfish/jersey/core/jersey-client/2.27/jersey-client-2.27.jar:/home/user/.m2/repository/org/glassfish/jersey/media/jersey-media-jaxb/2.27/jersey-media-jaxb-2.27.jar:/home/user/.m2/repository/javax/validation/validation-api/1.1.0.Final/validation-api-1.1.0.Final.jar:/home/user/.m2/repository/org/glassfish/jersey/media/jersey-media-json-jackson/2.27/jersey-media-json-jackson-2.27.jar:/home/user/.m2/repository/org/glassfish/jersey/ext/jersey-entity-filtering/2.27/jersey-entity-filtering-2.27.jar:/home/user/.m2/repository/com/google/inject/extensions/guice-assistedinject/4.0/guice-assistedinject-4.0.jar:/home/user/.m2/repository/org/jooq/jooq/3.11.10/jooq-3.11.10.jar:/home/user/.m2/repository/org/jooq/jooq-meta/3.11.10/jooq-meta-3.11.10.jar:/home/user/.m2/repository/org/jooq/jooq-codegen/3.11.10/jooq-codegen-3.11.10.jar:/home/user/.m2/repository/com/jolbox/bonecp/0.8.0.RELEASE/bonecp-0.8.0.RELEASE.jar:/home/user/.m2/repository/org/xerial/sqlite-jdbc/3.25.2/sqlite-jdbc-3.25.2.jar:/home/user/.m2/repository/org/springframework/spring-jdbc/5.1.3.RELEASE/spring-jdbc-5.1.3.RELEASE.jar:/home/user/.m2/repository/org/springframework/spring-beans/5.1.3.RELEASE/spring-beans-5.1.3.RELEASE.jar:/home/user/.m2/repository/org/springframework/spring-core/5.1.3.RELEASE/spring-core-5.1.3.RELEASE.jar:/home/user/.m2/repository/org/springframework/spring-jcl/5.1.3.RELEASE/spring-jcl-5.1.3.RELEASE.jar:/home/user/.m2/repository/org/springframework/spring-tx/5.1.3.RELEASE/spring-tx-5.1.3.RELEASE.jar:/home/user/.m2/repository/org/apache/hadoop/hadoop-ozone-client/0.5.0-SNAPSHOT/hadoop-ozone-client-0.5.0-SNAPSHOT.jar:/home/user/.m2/repository/commons-lang/commons-lang/2.6/commons-lang-2.6.jar:/home/user/.m2/repository/org/apache/hadoop/hadoop-ozone-ozone-manager/0.5.0-SNAPSHOT/hadoop-ozone-ozone-manager-0.5.0-SNAPSHOT-tests.jar:/home/user/.m2/repository/junit/junit/4.11/junit-4.11.jar:/home/user/.m2/repository/org/hamcrest/hamcrest-core/1.3/hamcrest-core-1.3.jar:/home/user/.m2/repository/org/openjdk/jmh/jmh-core/1.19/jmh-core-1.19.jar:/home/user/.m2/repository/net/sf/jopt-simple/jopt-simple/4.6/jopt-simple-4.6.jar:/home/user/.m2/repository/org/apache/commons/commons-math3/3.1.1/commons-math3-3.1.1.jar:/home/user/.m2/repository/org/openjdk/jmh/jmh-generator-annprocess/1.19/jmh-generator-annprocess-1.19.jar:/home/user/.m2/repository/org/mockito/mockito-all/1.8.5/mockito-all-1.8.5.jar:/home/user/.m2/repository/org/apache/hadoop/hadoop-kms/3.2.0/hadoop-kms-3.2.0.jar:/home/user/.m2/repository/org/apache/hadoop/hadoop-auth/3.2.0/hadoop-auth-3.2.0.jar:/home/user/.m2/repository/com/nimbusds/nimbus-jose-jwt/4.41.1/nimbus-jose-jwt-4.41.1.jar:/home/user/.m2/repository/com/github/stephenc/jcip/jcip-annotations/1.0-1/jcip-annotations-1.0-1.jar:/home/user/.m2/repository/net/minidev/json-smart/2.3/json-smart-2.3.jar:/home/user/.m2/repository/net/minidev/accessors-smart/1.2/accessors-smart-1.2.jar:/home/user/.m2/repository/org/ow2/asm/asm/5.0.4/asm-5.0.4.jar:/home/user/.m2/repository/org/apache/curator/curator-framework/2.12.0/curator-framework-2.12.0.jar:/home/user/.m2/repository/com/sun/jersey/jersey-core/1.19/jersey-core-1.19.jar:/home/user/.m2/repository/javax/ws/rs/jsr311-api/1.1.1/jsr311-api-1.1.1.jar:/home/user/.m2/repository/com/sun/jersey/jersey-server/1.19/jersey-server-1.19.jar:/home/user/.m2/repository/javax/servlet/javax.servlet-api/3.1.0/javax.servlet-api-3.1.0.jar:/home/user/.m2/repository/org/eclipse/jetty/jetty-server/9.3.24.v20180605/jetty-server-9.3.24.v20180605.jar:/home/user/.m2/repository/org/eclipse/jetty/jetty-http/9.3.24.v20180605/jetty-http-9.3.24.v20180605.jar:/home/user/.m2/repository/org/eclipse/jetty/jetty-io/9.3.24.v20180605/jetty-io-9.3.24.v20180605.jar:/home/user/.m2/repository/org/eclipse/jetty/jetty-webapp/9.3.24.v20180605/jetty-webapp-9.3.24.v20180605.jar:/home/user/.m2/repository/org/eclipse/jetty/jetty-xml/9.3.24.v20180605/jetty-xml-9.3.24.v20180605.jar:/home/user/.m2/repository/log4j/log4j/1.2.17/log4j-1.2.17.jar:/home/user/.m2/repository/org/slf4j/slf4j-api/1.7.25/slf4j-api-1.7.25.jar:/home/user/.m2/repository/org/slf4j/jul-to-slf4j/1.7.25/jul-to-slf4j-1.7.25.jar:/home/user/.m2/repository/org/eclipse/jetty/jetty-util/9.3.24.v20180605/jetty-util-9.3.24.v20180605.jar:/home/user/.m2/repository/com/fasterxml/jackson/core/jackson-databind/2.9.5/jackson-databind-2.9.5.jar:/home/user/.m2/repository/org/apache/hadoop/hadoop-kms/3.2.0/hadoop-kms-3.2.0-tests.jar:/home/user/.m2/repository/org/apache/hadoop/hadoop-hdds-server-scm/0.5.0-SNAPSHOT/hadoop-hdds-server-scm-0.5.0-SNAPSHOT-tests.jar:/home/user/.m2/repository/org/apache/hadoop/hadoop-hdds-container-service/0.5.0-SNAPSHOT/hadoop-hdds-container-service-0.5.0-SNAPSHOT-tests.jar:/home/user/.m2/repository/org/yaml/snakeyaml/1.16/snakeyaml-1.16.jar:/home/user/.m2/repository/org/apache/hadoop/hadoop-common/3.2.0/hadoop-common-3.2.0-tests.jar:/home/user/.m2/repository/org/apache/hadoop/hadoop-annotations/3.2.0/hadoop-annotations-3.2.0.jar:/usr/lib/jvm/java-1.8-openjdk/jre/../lib/tools.jar:/home/user/.m2/repository/commons-cli/commons-cli/1.2/commons-cli-1.2.jar:/home/user/.m2/repository/org/apache/httpcomponents/httpclient/4.5.2/httpclient-4.5.2.jar:/home/user/.m2/repository/org/apache/httpcomponents/httpcore/4.4.4/httpcore-4.4.4.jar:/home/user/.m2/repository/commons-codec/commons-codec/1.11/commons-codec-1.11.jar:/home/user/.m2/repository/commons-net/commons-net/3.6/commons-net-3.6.jar:/home/user/.m2/repository/commons-collections/commons-collections/3.2.2/commons-collections-3.2.2.jar:/home/user/.m2/repository/org/eclipse/jetty/jetty-servlet/9.3.24.v20180605/jetty-servlet-9.3.24.v20180605.jar:/home/user/.m2/repository/org/eclipse/jetty/jetty-security/9.3.24.v20180605/jetty-security-9.3.24.v20180605.jar:/home/user/.m2/repository/javax/servlet/jsp/jsp-api/2.1/jsp-api-2.1.jar:/home/user/.m2/repository/com/sun/jersey/jersey-servlet/1.19/jersey-servlet-1.19.jar:/home/user/.m2/repository/com/sun/jersey/jersey-json/1.19/jersey-json-1.19.jar:/home/user/.m2/repository/org/codehaus/jettison/jettison/1.1/jettison-1.1.jar:/home/user/.m2/repository/org/codehaus/jackson/jackson-core-asl/1.9.13/jackson-core-asl-1.9.13.jar:/home/user/.m2/repository/org/codehaus/jackson/jackson-mapper-asl/1.9.13/jackson-mapper-asl-1.9.13.jar:/home/user/.m2/repository/org/codehaus/jackson/jackson-jaxrs/1.9.13/jackson-jaxrs-1.9.13.jar:/home/user/.m2/repository/org/codehaus/jackson/jackson-xc/1.9.13/jackson-xc-1.9.13.jar:/home/user/.m2/repository/commons-logging/commons-logging/1.1.3/commons-logging-1.1.3.jar:/home/user/.m2/repository/commons-beanutils/commons-beanutils/1.9.3/commons-beanutils-1.9.3.jar:/home/user/.m2/repository/org/apache/commons/commons-configuration2/2.1.1/commons-configuration2-2.1.1.jar:/home/user/.m2/repository/org/apache/commons/commons-lang3/3.7/commons-lang3-3.7.jar:/home/user/.m2/repository/org/apache/commons/commons-text/1.4/commons-text-1.4.jar:/home/user/.m2/repository/org/apache/avro/avro/1.7.7/avro-1.7.7.jar:/home/user/.m2/repository/com/thoughtworks/paranamer/paranamer/2.3/paranamer-2.3.jar:/home/user/.m2/repository/org/xerial/snappy/snappy-java/1.0.5/snappy-java-1.0.5.jar:/home/user/.m2/repository/com/google/re2j/re2j/1.1/re2j-1.1.jar:/home/user/.m2/repository/com/google/code/gson/gson/2.2.4/gson-2.2.4.jar:/home/user/.m2/repository/com/jcraft/jsch/0.1.54/jsch-0.1.54.jar:/home/user/.m2/repository/org/apache/curator/curator-client/2.12.0/curator-client-2.12.0.jar:/home/user/.m2/repository/org/apache/curator/curator-recipes/2.12.0/curator-recipes-2.12.0.jar:/home/user/.m2/repository/com/google/code/findbugs/jsr305/3.0.0/jsr305-3.0.0.jar:/home/user/.m2/repository/org/apache/htrace/htrace-core4/4.1.0-incubating/htrace-core4-4.1.0-incubating.jar:/home/user/.m2/repository/org/apache/zookeeper/zookeeper/3.4.13/zookeeper-3.4.13.jar:/home/user/.m2/repository/org/apache/yetus/audience-annotations/0.5.0/audience-annotations-0.5.0.jar:/home/user/.m2/repository/org/codehaus/woodstox/stax2-api/3.1.4/stax2-api-3.1.4.jar:/home/user/.m2/repository/com/fasterxml/woodstox/woodstox-core/5.0.3/woodstox-core-5.0.3.jar:/home/user/.m2/repository/dnsjava/dnsjava/2.1.7/dnsjava-2.1.7.jar:/home/user/.m2/repository/org/apache/hadoop/hadoop-hdfs/3.2.0/hadoop-hdfs-3.2.0-tests.jar:/home/user/.m2/repository/org/eclipse/jetty/jetty-util-ajax/9.3.24.v20180605/jetty-util-ajax-9.3.24.v20180605.jar:/home/user/.m2/repository/commons-daemon/commons-daemon/1.0.13/commons-daemon-1.0.13.jar:/home/user/.m2/repository/io/netty/netty/3.10.5.Final/netty-3.10.5.Final.jar:/home/user/.m2/repository/io/netty/netty-all/4.0.52.Final/netty-all-4.0.52.Final.jar:/home/user/.m2/repository/org/fusesource/leveldbjni/leveldbjni-all/1.8/leveldbjni-all-1.8.jar:"/>
    <property name="java.vm.vendor" value="IcedTea"/>
    <property name="sun.arch.data.model" value="64"/>
    <property name="test.build.dir" value="/workdir/hadoop-ozone/integration-test/target/test-dir"/>
    <property name="test.cache.data" value=""/>
    <property name="java.vendor.url" value="https://icedtea.classpath.org"/>
    <property name="user.timezone" value=""/>
    <property name="java.vm.specification.version" value="1.8"/>
    <property name="os.name" value="Linux"/>
    <property name="test.build.data" value="/workdir/hadoop-ozone/integration-test/target/test-dir"/>
    <property name="user.country" value="US"/>
    <property name="sun.java.launcher" value="SUN_STANDARD"/>
    <property name="sun.boot.library.path" value="/usr/lib/jvm/java-1.8-openjdk/jre/lib/amd64"/>
    <property name="sun.java.command" value="/workdir/hadoop-ozone/integration-test/target/surefire/surefirebooter680202666807659661.jar /workdir/hadoop-ozone/integration-test/target/surefire 2019-08-29T08-41-47_799-jvmRun1 surefire7288675122104429844tmp surefire_534863218370317294563tmp"/>
    <property name="test" value="!TestMiniChaosOzoneCluster"/>
    <property name="surefire.test.class.path" value="/workdir/hadoop-ozone/integration-test/target/test-classes:/workdir/hadoop-ozone/integration-test/target/classes:/home/user/.m2/repository/org/apache/hadoop/hadoop-ozone-common/0.5.0-SNAPSHOT/hadoop-ozone-common-0.5.0-SNAPSHOT.jar:/home/user/.m2/repository/org/apache/commons/commons-compress/1.4.1/commons-compress-1.4.1.jar:/home/user/.m2/repository/org/tukaani/xz/1.0/xz-1.0.jar:/home/user/.m2/repository/org/apache/hadoop/hadoop-common/3.2.0/hadoop-common-3.2.0.jar:/home/user/.m2/repository/org/apache/hadoop/hadoop-hdfs/3.2.0/hadoop-hdfs-3.2.0.jar:/home/user/.m2/repository/org/apache/hadoop/hadoop-hdfs-client/3.2.0/hadoop-hdfs-client-3.2.0.jar:/home/user/.m2/repository/com/fasterxml/jackson/core/jackson-annotations/2.9.5/jackson-annotations-2.9.5.jar:/home/user/.m2/repository/org/apache/hadoop/hadoop-hdds-common/0.5.0-SNAPSHOT/hadoop-hdds-common-0.5.0-SNAPSHOT.jar:/home/user/.m2/repository/javax/annotation/javax.annotation-api/1.2/javax.annotation-api-1.2.jar:/home/user/.m2/repository/org/apache/ratis/ratis-server/0.4.0-2337318-SNAPSHOT/ratis-server-0.4.0-2337318-SNAPSHOT.jar:/home/user/.m2/repository/org/apache/ratis/ratis-thirdparty-misc/0.2.0/ratis-thirdparty-misc-0.2.0.jar:/home/user/.m2/repository/org/apache/ratis/ratis-proto/0.4.0-2337318-SNAPSHOT/ratis-proto-0.4.0-2337318-SNAPSHOT.jar:/home/user/.m2/repository/org/apache/ratis/ratis-common/0.4.0-2337318-SNAPSHOT/ratis-common-0.4.0-2337318-SNAPSHOT.jar:/home/user/.m2/repository/org/apache/ratis/ratis-client/0.4.0-2337318-SNAPSHOT/ratis-client-0.4.0-2337318-SNAPSHOT.jar:/home/user/.m2/repository/org/apache/ratis/ratis-metrics/0.4.0-2337318-SNAPSHOT/ratis-metrics-0.4.0-2337318-SNAPSHOT.jar:/home/user/.m2/repository/org/apache/ratis/ratis-netty/0.4.0-2337318-SNAPSHOT/ratis-netty-0.4.0-2337318-SNAPSHOT.jar:/home/user/.m2/repository/org/apache/ratis/ratis-grpc/0.4.0-2337318-SNAPSHOT/ratis-grpc-0.4.0-2337318-SNAPSHOT.jar:/home/user/.m2/repository/org/rocksdb/rocksdbjni/6.0.1/rocksdbjni-6.0.1.jar:/home/user/.m2/repository/org/apache/logging/log4j/log4j-api/2.11.0/log4j-api-2.11.0.jar:/home/user/.m2/repository/org/apache/logging/log4j/log4j-core/2.11.0/log4j-core-2.11.0.jar:/home/user/.m2/repository/com/lmax/disruptor/3.4.2/disruptor-3.4.2.jar:/home/user/.m2/repository/org/apache/commons/commons-pool2/2.6.0/commons-pool2-2.6.0.jar:/home/user/.m2/repository/org/bouncycastle/bcpkix-jdk15on/1.60/bcpkix-jdk15on-1.60.jar:/home/user/.m2/repository/commons-validator/commons-validator/1.6/commons-validator-1.6.jar:/home/user/.m2/repository/commons-digester/commons-digester/1.8.1/commons-digester-1.8.1.jar:/home/user/.m2/repository/io/jaegertracing/jaeger-client/0.33.1/jaeger-client-0.33.1.jar:/home/user/.m2/repository/io/jaegertracing/jaeger-thrift/0.33.1/jaeger-thrift-0.33.1.jar:/home/user/.m2/repository/org/apache/thrift/libthrift/0.11.0/libthrift-0.11.0.jar:/home/user/.m2/repository/com/squareup/okhttp3/okhttp/3.9.0/okhttp-3.9.0.jar:/home/user/.m2/repository/com/squareup/okio/okio/1.13.0/okio-1.13.0.jar:/home/user/.m2/repository/io/jaegertracing/jaeger-core/0.33.1/jaeger-core-0.33.1.jar:/home/user/.m2/repository/io/jaegertracing/jaeger-tracerresolver/0.33.1/jaeger-tracerresolver-0.33.1.jar:/home/user/.m2/repository/io/opentracing/contrib/opentracing-tracerresolver/0.1.5/opentracing-tracerresolver-0.1.5.jar:/home/user/.m2/repository/io/opentracing/opentracing-util/0.31.0/opentracing-util-0.31.0.jar:/home/user/.m2/repository/io/opentracing/opentracing-api/0.31.0/opentracing-api-0.31.0.jar:/home/user/.m2/repository/io/opentracing/opentracing-noop/0.31.0/opentracing-noop-0.31.0.jar:/home/user/.m2/repository/org/apache/hadoop/hadoop-hdds-server-framework/0.5.0-SNAPSHOT/hadoop-hdds-server-framework-0.5.0-SNAPSHOT.jar:/home/user/.m2/repository/org/apache/hadoop/hadoop-hdds-container-service/0.5.0-SNAPSHOT/hadoop-hdds-container-service-0.5.0-SNAPSHOT.jar:/home/user/.m2/repository/org/apache/hadoop/hadoop-hdds-client/0.5.0-SNAPSHOT/hadoop-hdds-client-0.5.0-SNAPSHOT.jar:/home/user/.m2/repository/org/apache/hadoop/hadoop-hdds-tools/0.5.0-SNAPSHOT/hadoop-hdds-tools-0.5.0-SNAPSHOT.jar:/home/user/.m2/repository/org/apache/hadoop/hadoop-hdds-server-scm/0.5.0-SNAPSHOT/hadoop-hdds-server-scm-0.5.0-SNAPSHOT.jar:/home/user/.m2/repository/org/apache/hadoop/hadoop-hdds-docs/0.5.0-SNAPSHOT/hadoop-hdds-docs-0.5.0-SNAPSHOT.jar:/home/user/.m2/repository/io/dropwizard/metrics/metrics-core/3.2.4/metrics-core-3.2.4.jar:/home/user/.m2/repository/org/hamcrest/hamcrest-all/1.3/hamcrest-all-1.3.jar:/home/user/.m2/repository/org/bouncycastle/bcprov-jdk15on/1.60/bcprov-jdk15on-1.60.jar:/home/user/.m2/repository/info/picocli/picocli/3.9.6/picocli-3.9.6.jar:/home/user/.m2/repository/com/google/protobuf/protobuf-java/2.5.0/protobuf-java-2.5.0.jar:/home/user/.m2/repository/com/google/guava/guava/11.0.2/guava-11.0.2.jar:/home/user/.m2/repository/org/apache/hadoop/hadoop-ozone-ozone-manager/0.5.0-SNAPSHOT/hadoop-ozone-ozone-manager-0.5.0-SNAPSHOT.jar:/home/user/.m2/repository/org/apache/hadoop/hadoop-minikdc/3.2.0/hadoop-minikdc-3.2.0.jar:/home/user/.m2/repository/commons-io/commons-io/2.5/commons-io-2.5.jar:/home/user/.m2/repository/org/apache/kerby/kerb-simplekdc/1.0.1/kerb-simplekdc-1.0.1.jar:/home/user/.m2/repository/org/apache/kerby/kerb-client/1.0.1/kerb-client-1.0.1.jar:/home/user/.m2/repository/org/apache/kerby/kerby-config/1.0.1/kerby-config-1.0.1.jar:/home/user/.m2/repository/org/apache/kerby/kerb-core/1.0.1/kerb-core-1.0.1.jar:/home/user/.m2/repository/org/apache/kerby/kerby-pkix/1.0.1/kerby-pkix-1.0.1.jar:/home/user/.m2/repository/org/apache/kerby/kerby-asn1/1.0.1/kerby-asn1-1.0.1.jar:/home/user/.m2/repository/org/apache/kerby/kerby-util/1.0.1/kerby-util-1.0.1.jar:/home/user/.m2/repository/org/apache/kerby/kerb-common/1.0.1/kerb-common-1.0.1.jar:/home/user/.m2/repository/org/apache/kerby/kerb-crypto/1.0.1/kerb-crypto-1.0.1.jar:/home/user/.m2/repository/org/apache/kerby/kerb-util/1.0.1/kerb-util-1.0.1.jar:/home/user/.m2/repository/org/apache/kerby/token-provider/1.0.1/token-provider-1.0.1.jar:/home/user/.m2/repository/org/apache/kerby/kerb-admin/1.0.1/kerb-admin-1.0.1.jar:/home/user/.m2/repository/org/apache/kerby/kerb-server/1.0.1/kerb-server-1.0.1.jar:/home/user/.m2/repository/org/apache/kerby/kerb-identity/1.0.1/kerb-identity-1.0.1.jar:/home/user/.m2/repository/org/apache/kerby/kerby-xdr/1.0.1/kerby-xdr-1.0.1.jar:/home/user/.m2/repository/org/slf4j/slf4j-log4j12/1.7.25/slf4j-log4j12-1.7.25.jar:/home/user/.m2/repository/org/apache/hadoop/hadoop-ozone-s3gateway/0.5.0-SNAPSHOT/hadoop-ozone-s3gateway-0.5.0-SNAPSHOT.jar:/home/user/.m2/repository/org/jboss/weld/servlet/weld-servlet/2.4.7.Final/weld-servlet-2.4.7.Final.jar:/home/user/.m2/repository/org/glassfish/jersey/containers/jersey-container-servlet-core/2.27/jersey-container-servlet-core-2.27.jar:/home/user/.m2/repository/org/glassfish/hk2/external/javax.inject/2.5.0-b42/javax.inject-2.5.0-b42.jar:/home/user/.m2/repository/org/glassfish/jersey/core/jersey-common/2.27/jersey-common-2.27.jar:/home/user/.m2/repository/org/glassfish/hk2/osgi-resource-locator/1.0.1/osgi-resource-locator-1.0.1.jar:/home/user/.m2/repository/javax/ws/rs/javax.ws.rs-api/2.1/javax.ws.rs-api-2.1.jar:/home/user/.m2/repository/org/glassfish/jersey/ext/cdi/jersey-cdi1x/2.27/jersey-cdi1x-2.27.jar:/home/user/.m2/repository/org/glassfish/jersey/inject/jersey-hk2/2.27/jersey-hk2-2.27.jar:/home/user/.m2/repository/org/glassfish/hk2/hk2-locator/2.5.0-b42/hk2-locator-2.5.0-b42.jar:/home/user/.m2/repository/org/javassist/javassist/3.22.0-CR2/javassist-3.22.0-CR2.jar:/home/user/.m2/repository/org/glassfish/hk2/hk2-api/2.5.0/hk2-api-2.5.0.jar:/home/user/.m2/repository/org/glassfish/hk2/external/jakarta.inject/2.5.0/jakarta.inject-2.5.0.jar:/home/user/.m2/repository/org/glassfish/hk2/hk2-utils/2.5.0/hk2-utils-2.5.0.jar:/home/user/.m2/repository/jakarta/annotation/jakarta.annotation-api/1.3.4/jakarta.annotation-api-1.3.4.jar:/home/user/.m2/repository/org/glassfish/hk2/external/aopalliance-repackaged/2.5.0/aopalliance-repackaged-2.5.0.jar:/home/user/.m2/repository/com/fasterxml/jackson/dataformat/jackson-dataformat-xml/2.9.0/jackson-dataformat-xml-2.9.0.jar:/home/user/.m2/repository/com/fasterxml/jackson/core/jackson-core/2.9.5/jackson-core-2.9.5.jar:/home/user/.m2/repository/com/fasterxml/jackson/module/jackson-module-jaxb-annotations/2.9.5/jackson-module-jaxb-annotations-2.9.5.jar:/home/user/.m2/repository/javax/enterprise/cdi-api/1.2/cdi-api-1.2.jar:/home/user/.m2/repository/javax/el/javax.el-api/3.0.0/javax.el-api-3.0.0.jar:/home/user/.m2/repository/javax/interceptor/javax.interceptor-api/1.2/javax.interceptor-api-1.2.jar:/home/user/.m2/repository/javax/inject/javax.inject/1/javax.inject-1.jar:/home/user/.m2/repository/com/sun/xml/bind/jaxb-impl/2.3.0.1/jaxb-impl-2.3.0.1.jar:/home/user/.m2/repository/com/sun/xml/bind/jaxb-core/2.3.0.1/jaxb-core-2.3.0.1.jar:/home/user/.m2/repository/javax/xml/bind/jaxb-api/2.3.0/jaxb-api-2.3.0.jar:/home/user/.m2/repository/javax/activation/activation/1.1.1/activation-1.1.1.jar:/home/user/.m2/repository/org/apache/hadoop/hadoop-ozone-csi/0.5.0-SNAPSHOT/hadoop-ozone-csi-0.5.0-SNAPSHOT.jar:/home/user/.m2/repository/com/google/protobuf/protobuf-java-util/3.5.1/protobuf-java-util-3.5.1.jar:/home/user/.m2/repository/org/apache/hadoop/hadoop-hdds-config/0.5.0-SNAPSHOT/hadoop-hdds-config-0.5.0-SNAPSHOT.jar:/home/user/.m2/repository/io/grpc/grpc-netty/1.17.1/grpc-netty-1.17.1.jar:/home/user/.m2/repository/io/grpc/grpc-core/1.17.1/grpc-core-1.17.1.jar:/home/user/.m2/repository/io/grpc/grpc-context/1.17.1/grpc-context-1.17.1.jar:/home/user/.m2/repository/com/google/errorprone/error_prone_annotations/2.2.0/error_prone_annotations-2.2.0.jar:/home/user/.m2/repository/org/codehaus/mojo/animal-sniffer-annotations/1.17/animal-sniffer-annotations-1.17.jar:/home/user/.m2/repository/io/opencensus/opencensus-api/0.17.0/opencensus-api-0.17.0.jar:/home/user/.m2/repository/io/opencensus/opencensus-contrib-grpc-metrics/0.17.0/opencensus-contrib-grpc-metrics-0.17.0.jar:/home/user/.m2/repository/io/netty/netty-codec-http2/4.1.30.Final/netty-codec-http2-4.1.30.Final.jar:/home/user/.m2/repository/io/netty/netty-codec-http/4.1.30.Final/netty-codec-http-4.1.30.Final.jar:/home/user/.m2/repository/io/netty/netty-codec/4.1.30.Final/netty-codec-4.1.30.Final.jar:/home/user/.m2/repository/io/netty/netty-handler/4.1.30.Final/netty-handler-4.1.30.Final.jar:/home/user/.m2/repository/io/netty/netty-handler-proxy/4.1.30.Final/netty-handler-proxy-4.1.30.Final.jar:/home/user/.m2/repository/io/netty/netty-codec-socks/4.1.30.Final/netty-codec-socks-4.1.30.Final.jar:/home/user/.m2/repository/io/netty/netty-transport-native-epoll/4.1.30.Final/netty-transport-native-epoll-4.1.30.Final.jar:/home/user/.m2/repository/io/netty/netty-common/4.1.30.Final/netty-common-4.1.30.Final.jar:/home/user/.m2/repository/io/netty/netty-buffer/4.1.30.Final/netty-buffer-4.1.30.Final.jar:/home/user/.m2/repository/io/netty/netty-transport/4.1.30.Final/netty-transport-4.1.30.Final.jar:/home/user/.m2/repository/io/netty/netty-resolver/4.1.30.Final/netty-resolver-4.1.30.Final.jar:/home/user/.m2/repository/io/netty/netty-transport-native-unix-common/4.1.30.Final/netty-transport-native-unix-common-4.1.30.Final.jar:/home/user/.m2/repository/io/grpc/grpc-protobuf/1.17.1/grpc-protobuf-1.17.1.jar:/home/user/.m2/repository/com/google/api/grpc/proto-google-common-protos/1.0.0/proto-google-common-protos-1.0.0.jar:/home/user/.m2/repository/io/grpc/grpc-protobuf-lite/1.17.1/grpc-protobuf-lite-1.17.1.jar:/home/user/.m2/repository/io/grpc/grpc-stub/1.17.1/grpc-stub-1.17.1.jar:/home/user/.m2/repository/org/apache/hadoop/hadoop-ozone-recon/0.5.0-SNAPSHOT/hadoop-ozone-recon-0.5.0-SNAPSHOT.jar:/home/user/.m2/repository/org/apache/hadoop/hadoop-ozone-reconcodegen/0.5.0-SNAPSHOT/hadoop-ozone-reconcodegen-0.5.0-SNAPSHOT.jar:/home/user/.m2/repository/com/google/inject/extensions/guice-multibindings/4.0/guice-multibindings-4.0.jar:/home/user/.m2/repository/com/google/inject/guice/4.0/guice-4.0.jar:/home/user/.m2/repository/aopalliance/aopalliance/1.0/aopalliance-1.0.jar:/home/user/.m2/repository/com/google/inject/extensions/guice-servlet/4.0/guice-servlet-4.0.jar:/home/user/.m2/repository/org/glassfish/jersey/containers/jersey-container-servlet/2.27/jersey-container-servlet-2.27.jar:/home/user/.m2/repository/org/glassfish/hk2/guice-bridge/2.5.0/guice-bridge-2.5.0.jar:/home/user/.m2/repository/org/glassfish/jersey/core/jersey-server/2.27/jersey-server-2.27.jar:/home/user/.m2/repository/org/glassfish/jersey/core/jersey-client/2.27/jersey-client-2.27.jar:/home/user/.m2/repository/org/glassfish/jersey/media/jersey-media-jaxb/2.27/jersey-media-jaxb-2.27.jar:/home/user/.m2/repository/javax/validation/validation-api/1.1.0.Final/validation-api-1.1.0.Final.jar:/home/user/.m2/repository/org/glassfish/jersey/media/jersey-media-json-jackson/2.27/jersey-media-json-jackson-2.27.jar:/home/user/.m2/repository/org/glassfish/jersey/ext/jersey-entity-filtering/2.27/jersey-entity-filtering-2.27.jar:/home/user/.m2/repository/com/google/inject/extensions/guice-assistedinject/4.0/guice-assistedinject-4.0.jar:/home/user/.m2/repository/org/jooq/jooq/3.11.10/jooq-3.11.10.jar:/home/user/.m2/repository/org/jooq/jooq-meta/3.11.10/jooq-meta-3.11.10.jar:/home/user/.m2/repository/org/jooq/jooq-codegen/3.11.10/jooq-codegen-3.11.10.jar:/home/user/.m2/repository/com/jolbox/bonecp/0.8.0.RELEASE/bonecp-0.8.0.RELEASE.jar:/home/user/.m2/repository/org/xerial/sqlite-jdbc/3.25.2/sqlite-jdbc-3.25.2.jar:/home/user/.m2/repository/org/springframework/spring-jdbc/5.1.3.RELEASE/spring-jdbc-5.1.3.RELEASE.jar:/home/user/.m2/repository/org/springframework/spring-beans/5.1.3.RELEASE/spring-beans-5.1.3.RELEASE.jar:/home/user/.m2/repository/org/springframework/spring-core/5.1.3.RELEASE/spring-core-5.1.3.RELEASE.jar:/home/user/.m2/repository/org/springframework/spring-jcl/5.1.3.RELEASE/spring-jcl-5.1.3.RELEASE.jar:/home/user/.m2/repository/org/springframework/spring-tx/5.1.3.RELEASE/spring-tx-5.1.3.RELEASE.jar:/home/user/.m2/repository/org/apache/hadoop/hadoop-ozone-client/0.5.0-SNAPSHOT/hadoop-ozone-client-0.5.0-SNAPSHOT.jar:/home/user/.m2/repository/commons-lang/commons-lang/2.6/commons-lang-2.6.jar:/home/user/.m2/repository/org/apache/hadoop/hadoop-ozone-ozone-manager/0.5.0-SNAPSHOT/hadoop-ozone-ozone-manager-0.5.0-SNAPSHOT-tests.jar:/home/user/.m2/repository/junit/junit/4.11/junit-4.11.jar:/home/user/.m2/repository/org/hamcrest/hamcrest-core/1.3/hamcrest-core-1.3.jar:/home/user/.m2/repository/org/openjdk/jmh/jmh-core/1.19/jmh-core-1.19.jar:/home/user/.m2/repository/net/sf/jopt-simple/jopt-simple/4.6/jopt-simple-4.6.jar:/home/user/.m2/repository/org/apache/commons/commons-math3/3.1.1/commons-math3-3.1.1.jar:/home/user/.m2/repository/org/openjdk/jmh/jmh-generator-annprocess/1.19/jmh-generator-annprocess-1.19.jar:/home/user/.m2/repository/org/mockito/mockito-all/1.8.5/mockito-all-1.8.5.jar:/home/user/.m2/repository/org/apache/hadoop/hadoop-kms/3.2.0/hadoop-kms-3.2.0.jar:/home/user/.m2/repository/org/apache/hadoop/hadoop-auth/3.2.0/hadoop-auth-3.2.0.jar:/home/user/.m2/repository/com/nimbusds/nimbus-jose-jwt/4.41.1/nimbus-jose-jwt-4.41.1.jar:/home/user/.m2/repository/com/github/stephenc/jcip/jcip-annotations/1.0-1/jcip-annotations-1.0-1.jar:/home/user/.m2/repository/net/minidev/json-smart/2.3/json-smart-2.3.jar:/home/user/.m2/repository/net/minidev/accessors-smart/1.2/accessors-smart-1.2.jar:/home/user/.m2/repository/org/ow2/asm/asm/5.0.4/asm-5.0.4.jar:/home/user/.m2/repository/org/apache/curator/curator-framework/2.12.0/curator-framework-2.12.0.jar:/home/user/.m2/repository/com/sun/jersey/jersey-core/1.19/jersey-core-1.19.jar:/home/user/.m2/repository/javax/ws/rs/jsr311-api/1.1.1/jsr311-api-1.1.1.jar:/home/user/.m2/repository/com/sun/jersey/jersey-server/1.19/jersey-server-1.19.jar:/home/user/.m2/repository/javax/servlet/javax.servlet-api/3.1.0/javax.servlet-api-3.1.0.jar:/home/user/.m2/repository/org/eclipse/jetty/jetty-server/9.3.24.v20180605/jetty-server-9.3.24.v20180605.jar:/home/user/.m2/repository/org/eclipse/jetty/jetty-http/9.3.24.v20180605/jetty-http-9.3.24.v20180605.jar:/home/user/.m2/repository/org/eclipse/jetty/jetty-io/9.3.24.v20180605/jetty-io-9.3.24.v20180605.jar:/home/user/.m2/repository/org/eclipse/jetty/jetty-webapp/9.3.24.v20180605/jetty-webapp-9.3.24.v20180605.jar:/home/user/.m2/repository/org/eclipse/jetty/jetty-xml/9.3.24.v20180605/jetty-xml-9.3.24.v20180605.jar:/home/user/.m2/repository/log4j/log4j/1.2.17/log4j-1.2.17.jar:/home/user/.m2/repository/org/slf4j/slf4j-api/1.7.25/slf4j-api-1.7.25.jar:/home/user/.m2/repository/org/slf4j/jul-to-slf4j/1.7.25/jul-to-slf4j-1.7.25.jar:/home/user/.m2/repository/org/eclipse/jetty/jetty-util/9.3.24.v20180605/jetty-util-9.3.24.v20180605.jar:/home/user/.m2/repository/com/fasterxml/jackson/core/jackson-databind/2.9.5/jackson-databind-2.9.5.jar:/home/user/.m2/repository/org/apache/hadoop/hadoop-kms/3.2.0/hadoop-kms-3.2.0-tests.jar:/home/user/.m2/repository/org/apache/hadoop/hadoop-hdds-server-scm/0.5.0-SNAPSHOT/hadoop-hdds-server-scm-0.5.0-SNAPSHOT-tests.jar:/home/user/.m2/repository/org/apache/hadoop/hadoop-hdds-container-service/0.5.0-SNAPSHOT/hadoop-hdds-container-service-0.5.0-SNAPSHOT-tests.jar:/home/user/.m2/repository/org/yaml/snakeyaml/1.16/snakeyaml-1.16.jar:/home/user/.m2/repository/org/apache/hadoop/hadoop-common/3.2.0/hadoop-common-3.2.0-tests.jar:/home/user/.m2/repository/org/apache/hadoop/hadoop-annotations/3.2.0/hadoop-annotations-3.2.0.jar:/usr/lib/jvm/java-1.8-openjdk/jre/../lib/tools.jar:/home/user/.m2/repository/commons-cli/commons-cli/1.2/commons-cli-1.2.jar:/home/user/.m2/repository/org/apache/httpcomponents/httpclient/4.5.2/httpclient-4.5.2.jar:/home/user/.m2/repository/org/apache/httpcomponents/httpcore/4.4.4/httpcore-4.4.4.jar:/home/user/.m2/repository/commons-codec/commons-codec/1.11/commons-codec-1.11.jar:/home/user/.m2/repository/commons-net/commons-net/3.6/commons-net-3.6.jar:/home/user/.m2/repository/commons-collections/commons-collections/3.2.2/commons-collections-3.2.2.jar:/home/user/.m2/repository/org/eclipse/jetty/jetty-servlet/9.3.24.v20180605/jetty-servlet-9.3.24.v20180605.jar:/home/user/.m2/repository/org/eclipse/jetty/jetty-security/9.3.24.v20180605/jetty-security-9.3.24.v20180605.jar:/home/user/.m2/repository/javax/servlet/jsp/jsp-api/2.1/jsp-api-2.1.jar:/home/user/.m2/repository/com/sun/jersey/jersey-servlet/1.19/jersey-servlet-1.19.jar:/home/user/.m2/repository/com/sun/jersey/jersey-json/1.19/jersey-json-1.19.jar:/home/user/.m2/repository/org/codehaus/jettison/jettison/1.1/jettison-1.1.jar:/home/user/.m2/repository/org/codehaus/jackson/jackson-core-asl/1.9.13/jackson-core-asl-1.9.13.jar:/home/user/.m2/repository/org/codehaus/jackson/jackson-mapper-asl/1.9.13/jackson-mapper-asl-1.9.13.jar:/home/user/.m2/repository/org/codehaus/jackson/jackson-jaxrs/1.9.13/jackson-jaxrs-1.9.13.jar:/home/user/.m2/repository/org/codehaus/jackson/jackson-xc/1.9.13/jackson-xc-1.9.13.jar:/home/user/.m2/repository/commons-logging/commons-logging/1.1.3/commons-logging-1.1.3.jar:/home/user/.m2/repository/commons-beanutils/commons-beanutils/1.9.3/commons-beanutils-1.9.3.jar:/home/user/.m2/repository/org/apache/commons/commons-configuration2/2.1.1/commons-configuration2-2.1.1.jar:/home/user/.m2/repository/org/apache/commons/commons-lang3/3.7/commons-lang3-3.7.jar:/home/user/.m2/repository/org/apache/commons/commons-text/1.4/commons-text-1.4.jar:/home/user/.m2/repository/org/apache/avro/avro/1.7.7/avro-1.7.7.jar:/home/user/.m2/repository/com/thoughtworks/paranamer/paranamer/2.3/paranamer-2.3.jar:/home/user/.m2/repository/org/xerial/snappy/snappy-java/1.0.5/snappy-java-1.0.5.jar:/home/user/.m2/repository/com/google/re2j/re2j/1.1/re2j-1.1.jar:/home/user/.m2/repository/com/google/code/gson/gson/2.2.4/gson-2.2.4.jar:/home/user/.m2/repository/com/jcraft/jsch/0.1.54/jsch-0.1.54.jar:/home/user/.m2/repository/org/apache/curator/curator-client/2.12.0/curator-client-2.12.0.jar:/home/user/.m2/repository/org/apache/curator/curator-recipes/2.12.0/curator-recipes-2.12.0.jar:/home/user/.m2/repository/com/google/code/findbugs/jsr305/3.0.0/jsr305-3.0.0.jar:/home/user/.m2/repository/org/apache/htrace/htrace-core4/4.1.0-incubating/htrace-core4-4.1.0-incubating.jar:/home/user/.m2/repository/org/apache/zookeeper/zookeeper/3.4.13/zookeeper-3.4.13.jar:/home/user/.m2/repository/org/apache/yetus/audience-annotations/0.5.0/audience-annotations-0.5.0.jar:/home/user/.m2/repository/org/codehaus/woodstox/stax2-api/3.1.4/stax2-api-3.1.4.jar:/home/user/.m2/repository/com/fasterxml/woodstox/woodstox-core/5.0.3/woodstox-core-5.0.3.jar:/home/user/.m2/repository/dnsjava/dnsjava/2.1.7/dnsjava-2.1.7.jar:/home/user/.m2/repository/org/apache/hadoop/hadoop-hdfs/3.2.0/hadoop-hdfs-3.2.0-tests.jar:/home/user/.m2/repository/org/eclipse/jetty/jetty-util-ajax/9.3.24.v20180605/jetty-util-ajax-9.3.24.v20180605.jar:/home/user/.m2/repository/commons-daemon/commons-daemon/1.0.13/commons-daemon-1.0.13.jar:/home/user/.m2/repository/io/netty/netty/3.10.5.Final/netty-3.10.5.Final.jar:/home/user/.m2/repository/io/netty/netty-all/4.0.52.Final/netty-all-4.0.52.Final.jar:/home/user/.m2/repository/org/fusesource/leveldbjni/leveldbjni-all/1.8/leveldbjni-all-1.8.jar:"/>
    <property name="sun.cpu.endian" value="little"/>
    <property name="user.home" value="/home/user"/>
    <property name="user.language" value="en"/>
    <property name="java.specification.vendor" value="Oracle Corporation"/>
    <property name="java.home" value="/usr/lib/jvm/java-1.8-openjdk/jre"/>
    <property name="java.security.krb5.conf" value="/workdir/hadoop-ozone/integration-test/target/test-classes/krb5.conf"/>
    <property name="basedir" value="/workdir/hadoop-ozone/integration-test"/>
    <property name="file.separator" value="/"/>
    <property name="line.separator" value="&#10;"/>
    <property name="java.vm.specification.vendor" value="Oracle Corporation"/>
    <property name="java.specification.name" value="Java Platform API Specification"/>
    <property name="java.awt.graphicsenv" value="sun.awt.X11GraphicsEnvironment"/>
    <property name="surefire.real.class.path" value="/workdir/hadoop-ozone/integration-test/target/surefire/surefirebooter680202666807659661.jar"/>
    <property name="hadoop.log.dir" value="/workdir/hadoop-ozone/integration-test/target/log"/>
    <property name="sun.boot.class.path" value="/usr/lib/jvm/java-1.8-openjdk/jre/lib/resources.jar:/usr/lib/jvm/java-1.8-openjdk/jre/lib/rt.jar:/usr/lib/jvm/java-1.8-openjdk/jre/lib/sunrsasign.jar:/usr/lib/jvm/java-1.8-openjdk/jre/lib/jsse.jar:/usr/lib/jvm/java-1.8-openjdk/jre/lib/jce.jar:/usr/lib/jvm/java-1.8-openjdk/jre/lib/charsets.jar:/usr/lib/jvm/java-1.8-openjdk/jre/lib/jfr.jar:/usr/lib/jvm/java-1.8-openjdk/jre/classes"/>
    <property name="sun.management.compiler" value="HotSpot 64-Bit Tiered Compilers"/>
    <property name="java.runtime.version" value="1.8.0_212-b04"/>
    <property name="java.net.preferIPv4Stack" value="true"/>
    <property name="user.name" value="jenkins1000"/>
    <property name="path.separator" value=":"/>
    <property name="java.security.egd" value="file:///dev/urandom"/>
    <property name="os.version" value="3.10.0-957.12.2.el7.x86_64"/>
    <property name="java.endorsed.dirs" value="/usr/lib/jvm/java-1.8-openjdk/jre/lib/endorsed"/>
    <property name="java.runtime.name" value="OpenJDK Runtime Environment"/>
    <property name="file.encoding" value="UTF-8"/>
    <property name="java.vm.name" value="OpenJDK 64-Bit Server VM"/>
    <property name="test.build.webapps" value=""/>
    <property name="localRepository" value="/home/user/.m2/repository"/>
    <property name="java.vendor.url.bug" value="https://icedtea.classpath.org/bugzilla"/>
    <property name="java.io.tmpdir" value="/tmp"/>
    <property name="require.test.libhadoop" value=""/>
    <property name="java.version" value="1.8.0_212"/>
    <property name="user.dir" value="/workdir/hadoop-ozone/integration-test"/>
    <property name="os.arch" value="amd64"/>
    <property name="java.vm.specification.name" value="Java Virtual Machine Specification"/>
    <property name="test.build.classes" value="/workdir/hadoop-ozone/integration-test/target/test-classes"/>
    <property name="java.awt.printerjob" value="sun.print.PSPrinterJob"/>
    <property name="sun.os.patch.level" value="unknown"/>
    <property name="hadoop.tmp.dir" value="/workdir/hadoop-ozone/integration-test/target/tmp"/>
    <property name="java.library.path" value="/usr/lib/jvm/java-1.8-openjdk/jre/lib/amd64/server:/usr/lib/jvm/java-1.8-openjdk/jre/lib/amd64:/usr/lib/jvm/java-1.8-openjdk/jre/../lib/amd64:/workdir/hadoop-ozone/integration-test/target/native/target/usr/local/lib:/workdir/hadoop-ozone/integration-test/../../hadoop-common-project/hadoop-common/target/native/target/usr/local/lib:/usr/java/packages/lib/amd64:/usr/lib64:/lib64:/lib:/usr/lib"/>
    <property name="java.vm.info" value="mixed mode"/>
    <property name="java.vendor" value="IcedTea"/>
    <property name="java.vm.version" value="25.212-b04"/>
    <property name="java.ext.dirs" value="/usr/lib/jvm/java-1.8-openjdk/jre/lib/ext:/usr/java/packages/lib/ext"/>
    <property name="sun.io.unicode.encoding" value="UnicodeLittle"/>
    <property name="java.class.version" value="52.0"/>
  </properties>
  <testcase name="testGroupMismatchExceptionHandling" classname="org.apache.hadoop.ozone.client.rpc.TestOzoneClientRetriesOnException" time="69.743"/>
  <testcase name="testMaxRetriesByOzoneClient" classname="org.apache.hadoop.ozone.client.rpc.TestOzoneClientRetriesOnException" time="337.37">
    <error message="Failed to command cmdType: CreateContainer&#10;containerID: 1&#10;datanodeUuid: &quot;cffcff0f-2752-46f1-bb20-4150682c084f&quot;&#10;createContainer {&#10;}&#10;" type="java.io.IOException">java.io.IOException: 
Failed to command cmdType: CreateContainer
containerID: 1
datanodeUuid: "cffcff0f-2752-46f1-bb20-4150682c084f"
createContainer {
}

	at org.apache.hadoop.hdds.scm.XceiverClientSpi.sendCommand(XceiverClientSpi.java:113)
	at org.apache.hadoop.ozone.client.rpc.TestOzoneClientRetriesOnException.testMaxRetriesByOzoneClient(TestOzoneClientRetriesOnException.java:190)
	at sun.reflect.NativeMethodAccessorImpl.invoke0(Native Method)
	at sun.reflect.NativeMethodAccessorImpl.invoke(NativeMethodAccessorImpl.java:62)
	at sun.reflect.DelegatingMethodAccessorImpl.invoke(DelegatingMethodAccessorImpl.java:43)
	at java.lang.reflect.Method.invoke(Method.java:498)
	at org.junit.runners.model.FrameworkMethod$1.runReflectiveCall(FrameworkMethod.java:47)
	at org.junit.internal.runners.model.ReflectiveCallable.run(ReflectiveCallable.java:12)
	at org.junit.runners.model.FrameworkMethod.invokeExplosively(FrameworkMethod.java:44)
	at org.junit.internal.runners.statements.InvokeMethod.evaluate(InvokeMethod.java:17)
	at org.junit.internal.runners.statements.RunBefores.evaluate(RunBefores.java:26)
	at org.junit.internal.runners.statements.RunAfters.evaluate(RunAfters.java:27)
	at org.junit.runners.ParentRunner.runLeaf(ParentRunner.java:271)
	at org.junit.runners.BlockJUnit4ClassRunner.runChild(BlockJUnit4ClassRunner.java:70)
	at org.junit.runners.BlockJUnit4ClassRunner.runChild(BlockJUnit4ClassRunner.java:50)
	at org.junit.runners.ParentRunner$3.run(ParentRunner.java:238)
	at org.junit.runners.ParentRunner$1.schedule(ParentRunner.java:63)
	at org.junit.runners.ParentRunner.runChildren(ParentRunner.java:236)
	at org.junit.runners.ParentRunner.access$000(ParentRunner.java:53)
	at org.junit.runners.ParentRunner$2.evaluate(ParentRunner.java:229)
	at org.junit.runners.ParentRunner.run(ParentRunner.java:309)
	at org.apache.maven.surefire.junit4.JUnit4Provider.execute(JUnit4Provider.java:365)
	at org.apache.maven.surefire.junit4.JUnit4Provider.executeWithRerun(JUnit4Provider.java:273)
	at org.apache.maven.surefire.junit4.JUnit4Provider.executeTestSet(JUnit4Provider.java:238)
	at org.apache.maven.surefire.junit4.JUnit4Provider.invoke(JUnit4Provider.java:159)
	at org.apache.maven.surefire.booter.ForkedBooter.invokeProviderInSameClassLoader(ForkedBooter.java:384)
	at org.apache.maven.surefire.booter.ForkedBooter.runSuitesInProcess(ForkedBooter.java:345)
	at org.apache.maven.surefire.booter.ForkedBooter.execute(ForkedBooter.java:126)
	at org.apache.maven.surefire.booter.ForkedBooter.main(ForkedBooter.java:418)
Caused by: java.util.concurrent.ExecutionException: org.apache.ratis.protocol.RaftRetryFailureException: Failed RaftClientRequest:client-E9E73D333C91->814b1e79-91cb-4747-afef-225b562b988f@group-38214EFEF1B1, cid=45, seq=4*, RW, org.apache.hadoop.hdds.scm.XceiverClientRatis$$Lambda$325/1102135101@2f760a0e for 180 attempts with RetryLimited(maxAttempts=180, sleepTime=1000ms)
	at java.util.concurrent.CompletableFuture.reportGet(CompletableFuture.java:357)
	at java.util.concurrent.CompletableFuture.get(CompletableFuture.java:1895)
	at org.apache.hadoop.hdds.scm.XceiverClientSpi.sendCommand(XceiverClientSpi.java:110)
	... 28 more
Caused by: org.apache.ratis.protocol.RaftRetryFailureException: Failed RaftClientRequest:client-E9E73D333C91->814b1e79-91cb-4747-afef-225b562b988f@group-38214EFEF1B1, cid=45, seq=4*, RW, org.apache.hadoop.hdds.scm.XceiverClientRatis$$Lambda$325/1102135101@2f760a0e for 180 attempts with RetryLimited(maxAttempts=180, sleepTime=1000ms)
	at org.apache.ratis.client.impl.RaftClientImpl.noMoreRetries(RaftClientImpl.java:272)
	at org.apache.ratis.client.impl.OrderedAsync.handleAsyncRetryFailure(OrderedAsync.java:138)
	at org.apache.ratis.client.impl.OrderedAsync.lambda$sendRequest$10(OrderedAsync.java:230)
	at java.util.concurrent.CompletableFuture.uniExceptionally(CompletableFuture.java:870)
	at java.util.concurrent.CompletableFuture$UniExceptionally.tryFire(CompletableFuture.java:852)
	at java.util.concurrent.CompletableFuture.postComplete(CompletableFuture.java:474)
	at java.util.concurrent.CompletableFuture.completeExceptionally(CompletableFuture.java:1977)
	at org.apache.ratis.grpc.client.GrpcClientProtocolClient$AsyncStreamObservers.completeReplyExceptionally(GrpcClientProtocolClient.java:330)
	at org.apache.ratis.grpc.client.GrpcClientProtocolClient$AsyncStreamObservers.access$000(GrpcClientProtocolClient.java:246)
	at org.apache.ratis.grpc.client.GrpcClientProtocolClient$AsyncStreamObservers$1.onNext(GrpcClientProtocolClient.java:258)
	at org.apache.ratis.grpc.client.GrpcClientProtocolClient$AsyncStreamObservers$1.onNext(GrpcClientProtocolClient.java:249)
	at org.apache.ratis.thirdparty.io.grpc.stub.ClientCalls$StreamObserverToCallListenerAdapter.onMessage(ClientCalls.java:421)
	at org.apache.ratis.thirdparty.io.grpc.ForwardingClientCallListener.onMessage(ForwardingClientCallListener.java:33)
	at org.apache.ratis.thirdparty.io.grpc.ForwardingClientCallListener.onMessage(ForwardingClientCallListener.java:33)
	at org.apache.ratis.thirdparty.io.grpc.internal.ClientCallImpl$ClientStreamListenerImpl$1MessagesAvailable.runInContext(ClientCallImpl.java:519)
	at org.apache.ratis.thirdparty.io.grpc.internal.ContextRunnable.run(ContextRunnable.java:37)
	at org.apache.ratis.thirdparty.io.grpc.internal.SerializingExecutor.run(SerializingExecutor.java:123)
	at java.util.concurrent.ThreadPoolExecutor.runWorker(ThreadPoolExecutor.java:1149)
	at java.util.concurrent.ThreadPoolExecutor$Worker.run(ThreadPoolExecutor.java:624)
	at java.lang.Thread.run(Thread.java:748)
Caused by: org.apache.ratis.protocol.NotLeaderException: Server 814b1e79-91cb-4747-afef-225b562b988f is not the leader (cffcff0f-2752-46f1-bb20-4150682c084f:192.168.34.42:36452). Request must be sent to leader.
	at org.apache.ratis.client.impl.ClientProtoUtils.toRaftClientReply(ClientProtoUtils.java:242)
	at org.apache.ratis.grpc.client.GrpcClientProtocolClient$AsyncStreamObservers$1.onNext(GrpcClientProtocolClient.java:254)
	... 10 more
</error>
    <system-out><![CDATA[2019-08-29 09:31:58,103 [main] WARN  server.ServerUtils (ServerUtils.java:getScmDbDir(145)) - ozone.scm.db.dirs is not configured. We recommend adding this setting. Falling back to ozone.metadata.dirs instead.
2019-08-29 09:31:58,129 [main] WARN  server.ServerUtils (ServerUtils.java:getScmDbDir(145)) - ozone.scm.db.dirs is not configured. We recommend adding this setting. Falling back to ozone.metadata.dirs instead.
2019-08-29 09:31:58,129 [main] WARN  server.ServerUtils (ServerUtils.java:getScmDbDir(145)) - ozone.scm.db.dirs is not configured. We recommend adding this setting. Falling back to ozone.metadata.dirs instead.
2019-08-29 09:31:58,130 [main] INFO  db.DBStoreBuilder (DBStoreBuilder.java:addTable(110)) - using custom profile for table: deletedBlocks
2019-08-29 09:31:58,130 [main] INFO  db.DBStoreBuilder (DBStoreBuilder.java:processTables(161)) - Using default column profile:DBProfile.DISK for Table:deletedBlocks
2019-08-29 09:31:58,130 [main] INFO  db.DBStoreBuilder (DBStoreBuilder.java:addTable(110)) - using custom profile for table: validCerts
2019-08-29 09:31:58,130 [main] INFO  db.DBStoreBuilder (DBStoreBuilder.java:processTables(161)) - Using default column profile:DBProfile.DISK for Table:validCerts
2019-08-29 09:31:58,131 [main] INFO  db.DBStoreBuilder (DBStoreBuilder.java:addTable(110)) - using custom profile for table: revokedCerts
2019-08-29 09:31:58,131 [main] INFO  db.DBStoreBuilder (DBStoreBuilder.java:processTables(161)) - Using default column profile:DBProfile.DISK for Table:revokedCerts
2019-08-29 09:31:58,131 [main] INFO  db.DBStoreBuilder (DBStoreBuilder.java:addTable(110)) - using custom profile for table: default
2019-08-29 09:31:58,131 [main] INFO  db.DBStoreBuilder (DBStoreBuilder.java:processTables(167)) - Using default column profile:DBProfile.DISK for Table:default
2019-08-29 09:31:58,131 [main] INFO  db.DBStoreBuilder (DBStoreBuilder.java:getDbProfile(198)) - Using default options. DBProfile.DISK
2019-08-29 09:31:58,267 [main] INFO  net.NodeSchemaLoader (NodeSchemaLoader.java:loadSchemaFromFile(125)) - Loading file from sun.misc.CompoundEnumeration@46039a21
2019-08-29 09:31:58,268 [main] INFO  net.NodeSchemaLoader (NodeSchemaLoader.java:loadSchema(171)) - Loading network topology layer schema file
2019-08-29 09:31:58,273 [main] WARN  server.ServerUtils (ServerUtils.java:sanitizeUserArgs(70)) - ozone.scm.stale.node.interval value = 300000 is larger than max = 100000 based on the key value of ozone.scm.heartbeat.thread.interval, reset to the max value 100000.
2019-08-29 09:31:58,273 [main] WARN  server.ServerUtils (ServerUtils.java:sanitizeUserArgs(70)) - ozone.scm.stale.node.interval value = 300000 is larger than max = 100000 based on the key value of ozone.scm.heartbeat.thread.interval, reset to the max value 100000.
2019-08-29 09:31:58,274 [main] INFO  node.SCMNodeManager (SCMNodeManager.java:<init>(121)) - Entering startup safe mode.
2019-08-29 09:31:58,275 [main] INFO  algorithms.ContainerPlacementPolicyFactory (ContainerPlacementPolicyFactory.java:getPolicy(55)) - Create container placement policy of type org.apache.hadoop.hdds.scm.container.placement.algorithms.SCMContainerPlacementRandom
2019-08-29 09:31:58,275 [main] WARN  server.ServerUtils (ServerUtils.java:getScmDbDir(145)) - ozone.scm.db.dirs is not configured. We recommend adding this setting. Falling back to ozone.metadata.dirs instead.
2019-08-29 09:31:58,323 [main] INFO  pipeline.SCMPipelineManager (SCMPipelineManager.java:initializePipelineState(126)) - No pipeline exists in current db
2019-08-29 09:31:58,323 [main] WARN  server.ServerUtils (ServerUtils.java:getScmDbDir(145)) - ozone.scm.db.dirs is not configured. We recommend adding this setting. Falling back to ozone.metadata.dirs instead.
2019-08-29 09:31:58,368 [main] WARN  events.EventQueue (EventQueue.java:fireEvent(175)) - No event handler registered for event TypedEvent{payloadType=SafeModeStatus, name='SafeModeStatus'}
2019-08-29 09:31:58,369 [main] INFO  ipc.CallQueueManager (CallQueueManager.java:<init>(84)) - Using callQueue: class java.util.concurrent.LinkedBlockingQueue, queueCapacity: 2000, scheduler: class org.apache.hadoop.ipc.DefaultRpcScheduler, ipcBackoff: false.
2019-08-29 09:31:58,370 [Socket Reader #1 for port 40359] INFO  ipc.Server (Server.java:run(1074)) - Starting Socket Reader #1 for port 40359
2019-08-29 09:31:58,373 [main] INFO  ipc.CallQueueManager (CallQueueManager.java:<init>(84)) - Using callQueue: class java.util.concurrent.LinkedBlockingQueue, queueCapacity: 2000, scheduler: class org.apache.hadoop.ipc.DefaultRpcScheduler, ipcBackoff: false.
2019-08-29 09:31:58,373 [Socket Reader #1 for port 39253] INFO  ipc.Server (Server.java:run(1074)) - Starting Socket Reader #1 for port 39253
2019-08-29 09:31:58,375 [main] INFO  ipc.CallQueueManager (CallQueueManager.java:<init>(84)) - Using callQueue: class java.util.concurrent.LinkedBlockingQueue, queueCapacity: 2000, scheduler: class org.apache.hadoop.ipc.DefaultRpcScheduler, ipcBackoff: false.
2019-08-29 09:31:58,376 [Socket Reader #1 for port 34112] INFO  ipc.Server (Server.java:run(1074)) - Starting Socket Reader #1 for port 34112
2019-08-29 09:31:58,379 [main] INFO  hdfs.DFSUtil (DFSUtil.java:httpServerTemplateForNNAndJN(1641)) - Starting Web-server for scm at: http://0.0.0.0:0
2019-08-29 09:31:58,381 [main] INFO  server.AuthenticationFilter (AuthenticationFilter.java:constructSecretProvider(240)) - Unable to initialize FileSignerSecretProvider, falling back to use random secrets.
2019-08-29 09:31:58,382 [main] WARN  http.HttpRequestLog (HttpRequestLog.java:getRequestLog(97)) - Jetty request log can only be enabled using Log4j
2019-08-29 09:31:58,385 [main] INFO  http.HttpServer2 (HttpServer2.java:addGlobalFilter(975)) - Added global filter 'safety' (class=org.apache.hadoop.http.HttpServer2$QuotingInputFilter)
2019-08-29 09:31:58,386 [main] INFO  http.HttpServer2 (HttpServer2.java:addFilter(948)) - Added filter static_user_filter (class=org.apache.hadoop.http.lib.StaticUserWebFilter$StaticUserFilter) to context scm
2019-08-29 09:31:58,387 [main] INFO  http.HttpServer2 (HttpServer2.java:addFilter(958)) - Added filter static_user_filter (class=org.apache.hadoop.http.lib.StaticUserWebFilter$StaticUserFilter) to context logs
2019-08-29 09:31:58,387 [main] INFO  http.HttpServer2 (HttpServer2.java:addFilter(958)) - Added filter static_user_filter (class=org.apache.hadoop.http.lib.StaticUserWebFilter$StaticUserFilter) to context static
2019-08-29 09:31:58,391 [main] INFO  server.StorageContainerManager (StorageContainerManager.java:start(759)) - StorageContainerLocationProtocol RPC server is listening at /0.0.0.0:34112
2019-08-29 09:31:58,394 [main] WARN  impl.MetricsConfig (MetricsConfig.java:loadFirst(134)) - Cannot locate configuration: tried hadoop-metrics2-storagecontainermanager.properties,hadoop-metrics2.properties
2019-08-29 09:31:58,395 [main] INFO  impl.MetricsSystemImpl (MetricsSystemImpl.java:startTimer(374)) - Scheduled Metric snapshot period at 10 second(s).
2019-08-29 09:31:58,395 [main] INFO  impl.MetricsSystemImpl (MetricsSystemImpl.java:start(191)) - StorageContainerManager metrics system started
2019-08-29 09:31:58,454 [main] INFO  server.SCMClientProtocolServer (SCMClientProtocolServer.java:start(151)) - RPC server for Client  is listening at /0.0.0.0:34112
2019-08-29 09:31:58,454 [IPC Server Responder] INFO  ipc.Server (Server.java:run(1314)) - IPC Server Responder: starting
2019-08-29 09:31:58,454 [IPC Server listener on 34112] INFO  ipc.Server (Server.java:run(1153)) - IPC Server listener on 34112: starting
2019-08-29 09:31:58,458 [main] INFO  server.StorageContainerManager (StorageContainerManager.java:start(769)) - ScmBlockLocationProtocol RPC server is listening at /0.0.0.0:39253
2019-08-29 09:31:58,458 [main] INFO  server.SCMBlockProtocolServer (SCMBlockProtocolServer.java:start(140)) - RPC server for Block Protocol is listening at /0.0.0.0:39253
2019-08-29 09:31:58,459 [IPC Server Responder] INFO  ipc.Server (Server.java:run(1314)) - IPC Server Responder: starting
2019-08-29 09:31:58,459 [IPC Server listener on 39253] INFO  ipc.Server (Server.java:run(1153)) - IPC Server listener on 39253: starting
2019-08-29 09:31:58,462 [main] INFO  server.StorageContainerManager (StorageContainerManager.java:start(773)) - ScmDatanodeProtocl RPC server is listening at /0.0.0.0:40359
2019-08-29 09:31:58,462 [main] INFO  server.SCMDatanodeProtocolServer (SCMDatanodeProtocolServer.java:start(191)) - RPC server for DataNodes is listening at /0.0.0.0:40359
2019-08-29 09:31:58,463 [IPC Server Responder] INFO  ipc.Server (Server.java:run(1314)) - IPC Server Responder: starting
2019-08-29 09:31:58,463 [IPC Server listener on 40359] INFO  ipc.Server (Server.java:run(1153)) - IPC Server listener on 40359: starting
2019-08-29 09:31:58,466 [main] INFO  http.HttpServer2 (HttpServer2.java:bindListener(1191)) - Jetty bound to port 38013
2019-08-29 09:31:58,466 [main] INFO  server.Server (Server.java:doStart(351)) - jetty-9.3.24.v20180605, build timestamp: 2018-06-05T17:11:56Z, git hash: 84205aa28f11a4f31f2a3b86d1bba2cc8ab69827
2019-08-29 09:31:58,468 [main] INFO  handler.ContextHandler (ContextHandler.java:doStart(781)) - Started o.e.j.s.ServletContextHandler@17e9bc9e{/logs,file:///workdir/hadoop-ozone/integration-test/target/log,AVAILABLE}
2019-08-29 09:31:58,469 [main] INFO  handler.ContextHandler (ContextHandler.java:doStart(781)) - Started o.e.j.s.ServletContextHandler@4130955c{/static,file:///workdir/hadoop-ozone/integration-test/target/test-classes/webapps/static,AVAILABLE}
2019-08-29 09:31:58,473 [main] INFO  handler.ContextHandler (ContextHandler.java:doStart(781)) - Started o.e.j.w.WebAppContext@383caf89{/,file:///workdir/hadoop-ozone/integration-test/target/test-classes/webapps/scm/,AVAILABLE}{/scm}
2019-08-29 09:31:58,474 [main] INFO  server.AbstractConnector (AbstractConnector.java:doStart(278)) - Started ServerConnector@64c781a9{HTTP/1.1,[http/1.1]}{0.0.0.0:38013}
2019-08-29 09:31:58,475 [main] INFO  server.Server (Server.java:doStart(419)) - Started @70689ms
2019-08-29 09:31:58,475 [main] INFO  server.BaseHttpServer (BaseHttpServer.java:updateConnectorAddress(213)) - HTTP server of SCM is listening at http://0.0.0.0:38013
2019-08-29 09:31:58,476 [main] WARN  server.ServerUtils (ServerUtils.java:getDBPath(222)) - ozone.om.db.dirs is not configured. We recommend adding this setting. Falling back to ozone.metadata.dirs instead.
2019-08-29 09:31:58,477 [org.apache.hadoop.util.JvmPauseMonitor$Monitor@5b88b8e] INFO  util.JvmPauseMonitor (JvmPauseMonitor.java:run(188)) - Starting JVM pause monitor
2019-08-29 09:31:58,490 [main] WARN  server.ServerUtils (ServerUtils.java:getDBPath(222)) - ozone.om.db.dirs is not configured. We recommend adding this setting. Falling back to ozone.metadata.dirs instead.
2019-08-29 09:31:58,490 [main] WARN  server.ServerUtils (ServerUtils.java:getDBPath(222)) - ozone.om.db.dirs is not configured. We recommend adding this setting. Falling back to ozone.metadata.dirs instead.
2019-08-29 09:31:58,491 [main] INFO  om.OzoneManager (OzoneManager.java:setOMNodeDetails(646)) - OM Service ID is not set. Setting it to the default ID: omServiceIdDefault
2019-08-29 09:31:58,491 [main] INFO  om.OzoneManager (OzoneManager.java:setOMNodeDetails(652)) - OM Node ID is not set. Setting it to the OmStorage's OmID: ff2b2146-98e9-48e5-9d4b-70973c96471a
2019-08-29 09:31:58,491 [main] INFO  om.OzoneManager (OzoneManager.java:loadOMHAConfigs(603)) - Found matching OM address with OMServiceId: null, OMNodeId: null, RPC Address: localhost:0 and Ratis port: 9872
2019-08-29 09:31:58,496 | INFO  | SCMAudit | user=jenkins1000 | ip=192.168.34.42 | op=GET_SCM_INFO null | ret=SUCCESS |  
2019-08-29 09:31:58,500 [main] WARN  server.ServerUtils (ServerUtils.java:getDBPath(222)) - ozone.om.db.dirs is not configured. We recommend adding this setting. Falling back to ozone.metadata.dirs instead.
2019-08-29 09:31:58,500 [main] INFO  db.DBStoreBuilder (DBStoreBuilder.java:addTable(110)) - using custom profile for table: userTable
2019-08-29 09:31:58,500 [main] INFO  db.DBStoreBuilder (DBStoreBuilder.java:processTables(161)) - Using default column profile:DBProfile.DISK for Table:userTable
2019-08-29 09:31:58,500 [main] INFO  db.DBStoreBuilder (DBStoreBuilder.java:addTable(110)) - using custom profile for table: volumeTable
2019-08-29 09:31:58,501 [main] INFO  db.DBStoreBuilder (DBStoreBuilder.java:processTables(161)) - Using default column profile:DBProfile.DISK for Table:volumeTable
2019-08-29 09:31:58,501 [main] INFO  db.DBStoreBuilder (DBStoreBuilder.java:addTable(110)) - using custom profile for table: bucketTable
2019-08-29 09:31:58,501 [main] INFO  db.DBStoreBuilder (DBStoreBuilder.java:processTables(161)) - Using default column profile:DBProfile.DISK for Table:bucketTable
2019-08-29 09:31:58,501 [main] INFO  db.DBStoreBuilder (DBStoreBuilder.java:addTable(110)) - using custom profile for table: keyTable
2019-08-29 09:31:58,501 [main] INFO  db.DBStoreBuilder (DBStoreBuilder.java:processTables(161)) - Using default column profile:DBProfile.DISK for Table:keyTable
2019-08-29 09:31:58,502 [main] INFO  db.DBStoreBuilder (DBStoreBuilder.java:addTable(110)) - using custom profile for table: deletedTable
2019-08-29 09:31:58,502 [main] INFO  db.DBStoreBuilder (DBStoreBuilder.java:processTables(161)) - Using default column profile:DBProfile.DISK for Table:deletedTable
2019-08-29 09:31:58,502 [main] INFO  db.DBStoreBuilder (DBStoreBuilder.java:addTable(110)) - using custom profile for table: openKeyTable
2019-08-29 09:31:58,502 [main] INFO  db.DBStoreBuilder (DBStoreBuilder.java:processTables(161)) - Using default column profile:DBProfile.DISK for Table:openKeyTable
2019-08-29 09:31:58,502 [main] INFO  db.DBStoreBuilder (DBStoreBuilder.java:addTable(110)) - using custom profile for table: s3Table
2019-08-29 09:31:58,503 [main] INFO  db.DBStoreBuilder (DBStoreBuilder.java:processTables(161)) - Using default column profile:DBProfile.DISK for Table:s3Table
2019-08-29 09:31:58,503 [main] INFO  db.DBStoreBuilder (DBStoreBuilder.java:addTable(110)) - using custom profile for table: multipartInfoTable
2019-08-29 09:31:58,503 [main] INFO  db.DBStoreBuilder (DBStoreBuilder.java:processTables(161)) - Using default column profile:DBProfile.DISK for Table:multipartInfoTable
2019-08-29 09:31:58,503 [main] INFO  db.DBStoreBuilder (DBStoreBuilder.java:addTable(110)) - using custom profile for table: dTokenTable
2019-08-29 09:31:58,503 [main] INFO  db.DBStoreBuilder (DBStoreBuilder.java:processTables(161)) - Using default column profile:DBProfile.DISK for Table:dTokenTable
2019-08-29 09:31:58,504 [main] INFO  db.DBStoreBuilder (DBStoreBuilder.java:addTable(110)) - using custom profile for table: s3SecretTable
2019-08-29 09:31:58,504 [main] INFO  db.DBStoreBuilder (DBStoreBuilder.java:processTables(161)) - Using default column profile:DBProfile.DISK for Table:s3SecretTable
2019-08-29 09:31:58,504 [main] INFO  db.DBStoreBuilder (DBStoreBuilder.java:addTable(110)) - using custom profile for table: prefixTable
2019-08-29 09:31:58,504 [main] INFO  db.DBStoreBuilder (DBStoreBuilder.java:processTables(161)) - Using default column profile:DBProfile.DISK for Table:prefixTable
2019-08-29 09:31:58,504 [main] INFO  db.DBStoreBuilder (DBStoreBuilder.java:addTable(110)) - using custom profile for table: default
2019-08-29 09:31:58,504 [main] INFO  db.DBStoreBuilder (DBStoreBuilder.java:processTables(167)) - Using default column profile:DBProfile.DISK for Table:default
2019-08-29 09:31:58,505 [main] INFO  db.DBStoreBuilder (DBStoreBuilder.java:getDbProfile(198)) - Using default options. DBProfile.DISK
2019-08-29 09:31:58,920 [main] INFO  ipc.CallQueueManager (CallQueueManager.java:<init>(84)) - Using callQueue: class java.util.concurrent.LinkedBlockingQueue, queueCapacity: 2000, scheduler: class org.apache.hadoop.ipc.DefaultRpcScheduler, ipcBackoff: false.
2019-08-29 09:31:58,921 [Socket Reader #1 for port 37341] INFO  ipc.Server (Server.java:run(1074)) - Starting Socket Reader #1 for port 37341
2019-08-29 09:31:58,932 [main] INFO  om.OzoneManager (OzoneManager.java:start(1257)) - OzoneManager RPC server is listening at localhost/127.0.0.1:37341
2019-08-29 09:31:58,933 [main] INFO  impl.MetricsSystemImpl (MetricsSystemImpl.java:init(158)) - OzoneManager metrics system started (again)
2019-08-29 09:31:58,933 [IPC Server Responder] INFO  ipc.Server (Server.java:run(1314)) - IPC Server Responder: starting
2019-08-29 09:31:58,939 [IPC Server listener on 37341] INFO  ipc.Server (Server.java:run(1153)) - IPC Server listener on 37341: starting
2019-08-29 09:31:58,946 [main] INFO  hdfs.DFSUtil (DFSUtil.java:httpServerTemplateForNNAndJN(1641)) - Starting Web-server for ozoneManager at: http://0.0.0.0:0
2019-08-29 09:31:58,949 [main] INFO  server.AuthenticationFilter (AuthenticationFilter.java:constructSecretProvider(240)) - Unable to initialize FileSignerSecretProvider, falling back to use random secrets.
2019-08-29 09:31:58,949 [main] WARN  http.HttpRequestLog (HttpRequestLog.java:getRequestLog(97)) - Jetty request log can only be enabled using Log4j
2019-08-29 09:31:58,951 [main] INFO  http.HttpServer2 (HttpServer2.java:addGlobalFilter(975)) - Added global filter 'safety' (class=org.apache.hadoop.http.HttpServer2$QuotingInputFilter)
2019-08-29 09:31:58,952 [main] INFO  http.HttpServer2 (HttpServer2.java:addFilter(948)) - Added filter static_user_filter (class=org.apache.hadoop.http.lib.StaticUserWebFilter$StaticUserFilter) to context ozoneManager
2019-08-29 09:31:58,952 [main] INFO  http.HttpServer2 (HttpServer2.java:addFilter(958)) - Added filter static_user_filter (class=org.apache.hadoop.http.lib.StaticUserWebFilter$StaticUserFilter) to context static
2019-08-29 09:31:58,952 [main] INFO  http.HttpServer2 (HttpServer2.java:addFilter(958)) - Added filter static_user_filter (class=org.apache.hadoop.http.lib.StaticUserWebFilter$StaticUserFilter) to context logs
2019-08-29 09:31:58,953 [main] INFO  http.HttpServer2 (HttpServer2.java:bindListener(1191)) - Jetty bound to port 37718
2019-08-29 09:31:58,953 [main] INFO  server.Server (Server.java:doStart(351)) - jetty-9.3.24.v20180605, build timestamp: 2018-06-05T17:11:56Z, git hash: 84205aa28f11a4f31f2a3b86d1bba2cc8ab69827
2019-08-29 09:31:58,954 [main] INFO  handler.ContextHandler (ContextHandler.java:doStart(781)) - Started o.e.j.s.ServletContextHandler@e280403{/logs,file:///workdir/hadoop-ozone/integration-test/target/log,AVAILABLE}
2019-08-29 09:31:58,955 [main] INFO  handler.ContextHandler (ContextHandler.java:doStart(781)) - Started o.e.j.s.ServletContextHandler@798dad3d{/static,file:///workdir/hadoop-ozone/integration-test/target/test-classes/webapps/static,AVAILABLE}
2019-08-29 09:31:58,959 [main] INFO  handler.ContextHandler (ContextHandler.java:doStart(781)) - Started o.e.j.w.WebAppContext@497d4c96{/,file:///workdir/hadoop-ozone/integration-test/target/test-classes/webapps/ozoneManager/,AVAILABLE}{/ozoneManager}
2019-08-29 09:31:58,959 [main] INFO  server.AbstractConnector (AbstractConnector.java:doStart(278)) - Started ServerConnector@3472947a{HTTP/1.1,[http/1.1]}{0.0.0.0:37718}
2019-08-29 09:31:58,960 [main] INFO  server.Server (Server.java:doStart(419)) - Started @71174ms
2019-08-29 09:31:58,961 [main] INFO  server.BaseHttpServer (BaseHttpServer.java:updateConnectorAddress(213)) - HTTP server of OZONEMANAGER is listening at http://0.0.0.0:37718
2019-08-29 09:31:58,976 [main] INFO  impl.MetricsSystemImpl (MetricsSystemImpl.java:init(158)) - HddsDatanode metrics system started (again)
2019-08-29 09:31:58,978 [main] INFO  ozone.HddsDatanodeService (HddsDatanodeService.java:start(184)) - HddsDatanodeService host:pr-hdds-1054-cqztt-1934904501 ip:192.168.34.42
2019-08-29 09:31:58,984 [main] INFO  volume.HddsVolume (HddsVolume.java:<init>(176)) - Creating Volume: /workdir/hadoop-ozone/integration-test/target/test-dir/MiniOzoneClusterImpl-758e1504-11ab-426e-b149-dc7346353a64/datanode-0/data/containers/hdds of  storage type : DISK and capacity : 1482555576320
2019-08-29 09:31:58,984 [main] INFO  volume.VolumeSet (VolumeSet.java:initializeVolumeSet(170)) - Added Volume : /workdir/hadoop-ozone/integration-test/target/test-dir/MiniOzoneClusterImpl-758e1504-11ab-426e-b149-dc7346353a64/datanode-0/data/containers/hdds to VolumeSet
2019-08-29 09:31:58,984 [main] INFO  volume.ThrottledAsyncChecker (ThrottledAsyncChecker.java:schedule(140)) - Scheduling a check for org.apache.hadoop.ozone.container.common.volume.HddsVolume@7c5d1d25
2019-08-29 09:31:58,985 [main] INFO  volume.HddsVolumeChecker (HddsVolumeChecker.java:checkAllVolumes(203)) - Scheduled health check for volume org.apache.hadoop.ozone.container.common.volume.HddsVolume@7c5d1d25
2019-08-29 09:31:58,997 [main] INFO  impl.RaftServerProxy (ConfUtils.java:logGet(43)) - raft.rpc.type = GRPC (default)
2019-08-29 09:31:58,998 [main] INFO  grpc.GrpcFactory (GrpcFactory.java:checkPooledByteBufAllocatorUseCacheForAllThreads(45)) - PERFORMANCE WARNING: useCacheForAllThreads is true that may cause Netty to create a lot garbage objects and, as a result, trigger GC.
	It is recommended to disable useCacheForAllThreads by setting -Dorg.apache.ratis.thirdparty.io.netty.allocator.useCacheForAllThreads=false in command line.
2019-08-29 09:31:58,998 [main] INFO  grpc.GrpcConfigKeys$Server (ConfUtils.java:logGet(43)) - raft.grpc.server.port = 0 (default)
2019-08-29 09:31:58,998 [main] INFO  server.GrpcService (ConfUtils.java:logGet(43)) - raft.grpc.message.size.max = 33570816 (custom)
2019-08-29 09:31:58,998 [main] INFO  server.RaftServerConfigKeys (ConfUtils.java:logGet(43)) - raft.server.log.appender.buffer.byte-limit = 33554432 (custom)
2019-08-29 09:31:58,998 [main] INFO  server.GrpcService (ConfUtils.java:logGet(43)) - raft.grpc.flow.control.window = 1MB (=1048576) (default)
2019-08-29 09:31:58,999 [main] INFO  server.RaftServerConfigKeys (ConfUtils.java:logGet(43)) - raft.server.rpc.request.timeout = 3000ms (default)
2019-08-29 09:31:58,999 [main] INFO  server.RaftServerConfigKeys (ConfUtils.java:logGet(43)) - raft.server.storage.dir = [/workdir/hadoop-ozone/integration-test/target/test-dir/MiniOzoneClusterImpl-758e1504-11ab-426e-b149-dc7346353a64/datanode-0/data/ratis] (custom)
2019-08-29 09:31:59,001 [main] INFO  hdfs.DFSUtil (DFSUtil.java:httpServerTemplateForNNAndJN(1641)) - Starting Web-server for hddsDatanode at: http://0.0.0.0:0
2019-08-29 09:31:59,003 [main] INFO  server.AuthenticationFilter (AuthenticationFilter.java:constructSecretProvider(240)) - Unable to initialize FileSignerSecretProvider, falling back to use random secrets.
2019-08-29 09:31:59,004 [main] WARN  http.HttpRequestLog (HttpRequestLog.java:getRequestLog(97)) - Jetty request log can only be enabled using Log4j
2019-08-29 09:31:59,006 [main] INFO  http.HttpServer2 (HttpServer2.java:addGlobalFilter(975)) - Added global filter 'safety' (class=org.apache.hadoop.http.HttpServer2$QuotingInputFilter)
2019-08-29 09:31:59,007 [main] INFO  http.HttpServer2 (HttpServer2.java:addFilter(948)) - Added filter static_user_filter (class=org.apache.hadoop.http.lib.StaticUserWebFilter$StaticUserFilter) to context hddsDatanode
2019-08-29 09:31:59,008 [main] INFO  http.HttpServer2 (HttpServer2.java:addFilter(958)) - Added filter static_user_filter (class=org.apache.hadoop.http.lib.StaticUserWebFilter$StaticUserFilter) to context static
2019-08-29 09:31:59,008 [main] INFO  http.HttpServer2 (HttpServer2.java:addFilter(958)) - Added filter static_user_filter (class=org.apache.hadoop.http.lib.StaticUserWebFilter$StaticUserFilter) to context logs
2019-08-29 09:31:59,009 [main] INFO  http.HttpServer2 (HttpServer2.java:bindListener(1191)) - Jetty bound to port 38730
2019-08-29 09:31:59,010 [main] INFO  server.Server (Server.java:doStart(351)) - jetty-9.3.24.v20180605, build timestamp: 2018-06-05T17:11:56Z, git hash: 84205aa28f11a4f31f2a3b86d1bba2cc8ab69827
2019-08-29 09:31:59,012 [main] INFO  handler.ContextHandler (ContextHandler.java:doStart(781)) - Started o.e.j.s.ServletContextHandler@e95595b{/logs,file:///workdir/hadoop-ozone/integration-test/target/log,AVAILABLE}
2019-08-29 09:31:59,012 [main] INFO  handler.ContextHandler (ContextHandler.java:doStart(781)) - Started o.e.j.s.ServletContextHandler@7e4579c7{/static,jar:file:/home/user/.m2/repository/org/apache/hadoop/hadoop-hdds-container-service/0.5.0-SNAPSHOT/hadoop-hdds-container-service-0.5.0-SNAPSHOT.jar!/webapps/static,AVAILABLE}
2019-08-29 09:31:59,056 [main] INFO  handler.ContextHandler (ContextHandler.java:doStart(781)) - Started o.e.j.w.WebAppContext@4887de2b{/,file:///tmp/jetty-0.0.0.0-38730-hddsDatanode-_-any-509044324832062335.dir/webapp/,AVAILABLE}{/hddsDatanode}
2019-08-29 09:31:59,057 [main] INFO  server.AbstractConnector (AbstractConnector.java:doStart(278)) - Started ServerConnector@3b4825f0{HTTP/1.1,[http/1.1]}{0.0.0.0:38730}
2019-08-29 09:31:59,060 [main] INFO  server.Server (Server.java:doStart(419)) - Started @71275ms
2019-08-29 09:31:59,062 [main] INFO  server.BaseHttpServer (BaseHttpServer.java:updateConnectorAddress(213)) - HTTP server of HDDSDATANODE is listening at http://0.0.0.0:38730
2019-08-29 09:31:59,062 [main] INFO  impl.MetricsSystemImpl (MetricsSystemImpl.java:init(158)) - HddsDatanode metrics system started (again)
2019-08-29 09:31:59,066 [org.apache.hadoop.util.JvmPauseMonitor$Monitor@61d4eef] INFO  util.JvmPauseMonitor (JvmPauseMonitor.java:run(188)) - Starting JVM pause monitor
2019-08-29 09:31:59,066 [main] INFO  ozone.HddsDatanodeService (HddsDatanodeService.java:start(184)) - HddsDatanodeService host:pr-hdds-1054-cqztt-1934904501 ip:192.168.34.42
2019-08-29 09:31:59,068 [Datanode State Machine Thread - 0] INFO  datanode.InitDatanodeState (InitDatanodeState.java:persistContainerDatanodeDetails(140)) - DatanodeDetails is persisted to /workdir/hadoop-ozone/integration-test/target/test-dir/MiniOzoneClusterImpl-758e1504-11ab-426e-b149-dc7346353a64/datanode-0/meta/datanode.id
2019-08-29 09:31:59,072 [main] INFO  volume.HddsVolume (HddsVolume.java:<init>(176)) - Creating Volume: /workdir/hadoop-ozone/integration-test/target/test-dir/MiniOzoneClusterImpl-758e1504-11ab-426e-b149-dc7346353a64/datanode-1/data/containers/hdds of  storage type : DISK and capacity : 1482555576320
2019-08-29 09:31:59,072 [main] INFO  volume.VolumeSet (VolumeSet.java:initializeVolumeSet(170)) - Added Volume : /workdir/hadoop-ozone/integration-test/target/test-dir/MiniOzoneClusterImpl-758e1504-11ab-426e-b149-dc7346353a64/datanode-1/data/containers/hdds to VolumeSet
2019-08-29 09:31:59,073 [main] INFO  volume.ThrottledAsyncChecker (ThrottledAsyncChecker.java:schedule(140)) - Scheduling a check for org.apache.hadoop.ozone.container.common.volume.HddsVolume@405b6d75
2019-08-29 09:31:59,073 [main] INFO  volume.HddsVolumeChecker (HddsVolumeChecker.java:checkAllVolumes(203)) - Scheduled health check for volume org.apache.hadoop.ozone.container.common.volume.HddsVolume@405b6d75
2019-08-29 09:31:59,087 [main] INFO  impl.RaftServerProxy (ConfUtils.java:logGet(43)) - raft.rpc.type = GRPC (default)
2019-08-29 09:31:59,087 [main] INFO  grpc.GrpcFactory (GrpcFactory.java:checkPooledByteBufAllocatorUseCacheForAllThreads(45)) - PERFORMANCE WARNING: useCacheForAllThreads is true that may cause Netty to create a lot garbage objects and, as a result, trigger GC.
	It is recommended to disable useCacheForAllThreads by setting -Dorg.apache.ratis.thirdparty.io.netty.allocator.useCacheForAllThreads=false in command line.
2019-08-29 09:31:59,087 [main] INFO  grpc.GrpcConfigKeys$Server (ConfUtils.java:logGet(43)) - raft.grpc.server.port = 0 (default)
2019-08-29 09:31:59,088 [main] INFO  server.GrpcService (ConfUtils.java:logGet(43)) - raft.grpc.message.size.max = 33570816 (custom)
2019-08-29 09:31:59,088 [main] INFO  server.RaftServerConfigKeys (ConfUtils.java:logGet(43)) - raft.server.log.appender.buffer.byte-limit = 33554432 (custom)
2019-08-29 09:31:59,088 [main] INFO  server.GrpcService (ConfUtils.java:logGet(43)) - raft.grpc.flow.control.window = 1MB (=1048576) (default)
2019-08-29 09:31:59,088 [main] INFO  server.RaftServerConfigKeys (ConfUtils.java:logGet(43)) - raft.server.rpc.request.timeout = 3000ms (default)
2019-08-29 09:31:59,089 [main] INFO  server.RaftServerConfigKeys (ConfUtils.java:logGet(43)) - raft.server.storage.dir = [/workdir/hadoop-ozone/integration-test/target/test-dir/MiniOzoneClusterImpl-758e1504-11ab-426e-b149-dc7346353a64/datanode-1/data/ratis] (custom)
2019-08-29 09:31:59,090 [main] INFO  hdfs.DFSUtil (DFSUtil.java:httpServerTemplateForNNAndJN(1641)) - Starting Web-server for hddsDatanode at: http://0.0.0.0:0
2019-08-29 09:31:59,092 [main] INFO  server.AuthenticationFilter (AuthenticationFilter.java:constructSecretProvider(240)) - Unable to initialize FileSignerSecretProvider, falling back to use random secrets.
2019-08-29 09:31:59,092 [main] WARN  http.HttpRequestLog (HttpRequestLog.java:getRequestLog(97)) - Jetty request log can only be enabled using Log4j
2019-08-29 09:31:59,093 [main] INFO  http.HttpServer2 (HttpServer2.java:addGlobalFilter(975)) - Added global filter 'safety' (class=org.apache.hadoop.http.HttpServer2$QuotingInputFilter)
2019-08-29 09:31:59,094 [main] INFO  http.HttpServer2 (HttpServer2.java:addFilter(948)) - Added filter static_user_filter (class=org.apache.hadoop.http.lib.StaticUserWebFilter$StaticUserFilter) to context hddsDatanode
2019-08-29 09:31:59,094 [main] INFO  http.HttpServer2 (HttpServer2.java:addFilter(958)) - Added filter static_user_filter (class=org.apache.hadoop.http.lib.StaticUserWebFilter$StaticUserFilter) to context static
2019-08-29 09:31:59,094 [main] INFO  http.HttpServer2 (HttpServer2.java:addFilter(958)) - Added filter static_user_filter (class=org.apache.hadoop.http.lib.StaticUserWebFilter$StaticUserFilter) to context logs
2019-08-29 09:31:59,095 [main] INFO  http.HttpServer2 (HttpServer2.java:bindListener(1191)) - Jetty bound to port 32912
2019-08-29 09:31:59,095 [main] INFO  server.Server (Server.java:doStart(351)) - jetty-9.3.24.v20180605, build timestamp: 2018-06-05T17:11:56Z, git hash: 84205aa28f11a4f31f2a3b86d1bba2cc8ab69827
2019-08-29 09:31:59,097 [main] INFO  handler.ContextHandler (ContextHandler.java:doStart(781)) - Started o.e.j.s.ServletContextHandler@93824eb{/logs,file:///workdir/hadoop-ozone/integration-test/target/log,AVAILABLE}
2019-08-29 09:31:59,097 [main] INFO  handler.ContextHandler (ContextHandler.java:doStart(781)) - Started o.e.j.s.ServletContextHandler@77c1e611{/static,jar:file:/home/user/.m2/repository/org/apache/hadoop/hadoop-hdds-container-service/0.5.0-SNAPSHOT/hadoop-hdds-container-service-0.5.0-SNAPSHOT.jar!/webapps/static,AVAILABLE}
2019-08-29 09:31:59,125 [main] INFO  handler.ContextHandler (ContextHandler.java:doStart(781)) - Started o.e.j.w.WebAppContext@36f7d7b{/,file:///tmp/jetty-0.0.0.0-32912-hddsDatanode-_-any-3622109955120736794.dir/webapp/,AVAILABLE}{/hddsDatanode}
2019-08-29 09:31:59,126 [main] INFO  server.AbstractConnector (AbstractConnector.java:doStart(278)) - Started ServerConnector@60aec68a{HTTP/1.1,[http/1.1]}{0.0.0.0:32912}
2019-08-29 09:31:59,127 [main] INFO  server.Server (Server.java:doStart(419)) - Started @71341ms
2019-08-29 09:31:59,129 [main] INFO  server.BaseHttpServer (BaseHttpServer.java:updateConnectorAddress(213)) - HTTP server of HDDSDATANODE is listening at http://0.0.0.0:32912
2019-08-29 09:31:59,129 [main] INFO  impl.MetricsSystemImpl (MetricsSystemImpl.java:init(158)) - HddsDatanode metrics system started (again)
2019-08-29 09:31:59,134 [main] INFO  ozone.HddsDatanodeService (HddsDatanodeService.java:start(184)) - HddsDatanodeService host:pr-hdds-1054-cqztt-1934904501 ip:192.168.34.42
2019-08-29 09:31:59,134 [org.apache.hadoop.util.JvmPauseMonitor$Monitor@174abbe0] INFO  util.JvmPauseMonitor (JvmPauseMonitor.java:run(188)) - Starting JVM pause monitor
2019-08-29 09:31:59,136 [Datanode State Machine Thread - 0] INFO  datanode.InitDatanodeState (InitDatanodeState.java:persistContainerDatanodeDetails(140)) - DatanodeDetails is persisted to /workdir/hadoop-ozone/integration-test/target/test-dir/MiniOzoneClusterImpl-758e1504-11ab-426e-b149-dc7346353a64/datanode-1/meta/datanode.id
2019-08-29 09:31:59,140 [main] INFO  volume.HddsVolume (HddsVolume.java:<init>(176)) - Creating Volume: /workdir/hadoop-ozone/integration-test/target/test-dir/MiniOzoneClusterImpl-758e1504-11ab-426e-b149-dc7346353a64/datanode-2/data/containers/hdds of  storage type : DISK and capacity : 1482555576320
2019-08-29 09:31:59,140 [main] INFO  volume.VolumeSet (VolumeSet.java:initializeVolumeSet(170)) - Added Volume : /workdir/hadoop-ozone/integration-test/target/test-dir/MiniOzoneClusterImpl-758e1504-11ab-426e-b149-dc7346353a64/datanode-2/data/containers/hdds to VolumeSet
2019-08-29 09:31:59,140 [main] INFO  volume.ThrottledAsyncChecker (ThrottledAsyncChecker.java:schedule(140)) - Scheduling a check for org.apache.hadoop.ozone.container.common.volume.HddsVolume@1727e03a
2019-08-29 09:31:59,141 [main] INFO  volume.HddsVolumeChecker (HddsVolumeChecker.java:checkAllVolumes(203)) - Scheduled health check for volume org.apache.hadoop.ozone.container.common.volume.HddsVolume@1727e03a
2019-08-29 09:31:59,155 [main] INFO  impl.RaftServerProxy (ConfUtils.java:logGet(43)) - raft.rpc.type = GRPC (default)
2019-08-29 09:31:59,155 [main] INFO  grpc.GrpcFactory (GrpcFactory.java:checkPooledByteBufAllocatorUseCacheForAllThreads(45)) - PERFORMANCE WARNING: useCacheForAllThreads is true that may cause Netty to create a lot garbage objects and, as a result, trigger GC.
	It is recommended to disable useCacheForAllThreads by setting -Dorg.apache.ratis.thirdparty.io.netty.allocator.useCacheForAllThreads=false in command line.
2019-08-29 09:31:59,155 [main] INFO  grpc.GrpcConfigKeys$Server (ConfUtils.java:logGet(43)) - raft.grpc.server.port = 0 (default)
2019-08-29 09:31:59,156 [main] INFO  server.GrpcService (ConfUtils.java:logGet(43)) - raft.grpc.message.size.max = 33570816 (custom)
2019-08-29 09:31:59,156 [main] INFO  server.RaftServerConfigKeys (ConfUtils.java:logGet(43)) - raft.server.log.appender.buffer.byte-limit = 33554432 (custom)
2019-08-29 09:31:59,156 [main] INFO  server.GrpcService (ConfUtils.java:logGet(43)) - raft.grpc.flow.control.window = 1MB (=1048576) (default)
2019-08-29 09:31:59,156 [main] INFO  server.RaftServerConfigKeys (ConfUtils.java:logGet(43)) - raft.server.rpc.request.timeout = 3000ms (default)
2019-08-29 09:31:59,157 [main] INFO  server.RaftServerConfigKeys (ConfUtils.java:logGet(43)) - raft.server.storage.dir = [/workdir/hadoop-ozone/integration-test/target/test-dir/MiniOzoneClusterImpl-758e1504-11ab-426e-b149-dc7346353a64/datanode-2/data/ratis] (custom)
2019-08-29 09:31:59,158 [main] INFO  hdfs.DFSUtil (DFSUtil.java:httpServerTemplateForNNAndJN(1641)) - Starting Web-server for hddsDatanode at: http://0.0.0.0:0
2019-08-29 09:31:59,159 [main] INFO  server.AuthenticationFilter (AuthenticationFilter.java:constructSecretProvider(240)) - Unable to initialize FileSignerSecretProvider, falling back to use random secrets.
2019-08-29 09:31:59,160 [main] WARN  http.HttpRequestLog (HttpRequestLog.java:getRequestLog(97)) - Jetty request log can only be enabled using Log4j
2019-08-29 09:31:59,161 [main] INFO  http.HttpServer2 (HttpServer2.java:addGlobalFilter(975)) - Added global filter 'safety' (class=org.apache.hadoop.http.HttpServer2$QuotingInputFilter)
2019-08-29 09:31:59,162 [main] INFO  http.HttpServer2 (HttpServer2.java:addFilter(948)) - Added filter static_user_filter (class=org.apache.hadoop.http.lib.StaticUserWebFilter$StaticUserFilter) to context hddsDatanode
2019-08-29 09:31:59,163 [main] INFO  http.HttpServer2 (HttpServer2.java:addFilter(958)) - Added filter static_user_filter (class=org.apache.hadoop.http.lib.StaticUserWebFilter$StaticUserFilter) to context static
2019-08-29 09:31:59,163 [main] INFO  http.HttpServer2 (HttpServer2.java:addFilter(958)) - Added filter static_user_filter (class=org.apache.hadoop.http.lib.StaticUserWebFilter$StaticUserFilter) to context logs
2019-08-29 09:31:59,163 [main] INFO  http.HttpServer2 (HttpServer2.java:bindListener(1191)) - Jetty bound to port 44055
2019-08-29 09:31:59,164 [main] INFO  server.Server (Server.java:doStart(351)) - jetty-9.3.24.v20180605, build timestamp: 2018-06-05T17:11:56Z, git hash: 84205aa28f11a4f31f2a3b86d1bba2cc8ab69827
2019-08-29 09:31:59,165 [main] INFO  handler.ContextHandler (ContextHandler.java:doStart(781)) - Started o.e.j.s.ServletContextHandler@ebda593{/logs,file:///workdir/hadoop-ozone/integration-test/target/log,AVAILABLE}
2019-08-29 09:31:59,166 [main] INFO  handler.ContextHandler (ContextHandler.java:doStart(781)) - Started o.e.j.s.ServletContextHandler@4d157493{/static,jar:file:/home/user/.m2/repository/org/apache/hadoop/hadoop-hdds-container-service/0.5.0-SNAPSHOT/hadoop-hdds-container-service-0.5.0-SNAPSHOT.jar!/webapps/static,AVAILABLE}
2019-08-29 09:31:59,193 [main] INFO  handler.ContextHandler (ContextHandler.java:doStart(781)) - Started o.e.j.w.WebAppContext@10b687f2{/,file:///tmp/jetty-0.0.0.0-44055-hddsDatanode-_-any-7262745565196526123.dir/webapp/,AVAILABLE}{/hddsDatanode}
2019-08-29 09:31:59,193 [main] INFO  server.AbstractConnector (AbstractConnector.java:doStart(278)) - Started ServerConnector@55f4887d{HTTP/1.1,[http/1.1]}{0.0.0.0:44055}
2019-08-29 09:31:59,195 [main] INFO  server.Server (Server.java:doStart(419)) - Started @71409ms
2019-08-29 09:31:59,196 [main] INFO  server.BaseHttpServer (BaseHttpServer.java:updateConnectorAddress(213)) - HTTP server of HDDSDATANODE is listening at http://0.0.0.0:44055
2019-08-29 09:31:59,196 [main] INFO  impl.MetricsSystemImpl (MetricsSystemImpl.java:init(158)) - HddsDatanode metrics system started (again)
2019-08-29 09:31:59,199 [org.apache.hadoop.util.JvmPauseMonitor$Monitor@4cd7b1bf] INFO  util.JvmPauseMonitor (JvmPauseMonitor.java:run(188)) - Starting JVM pause monitor
2019-08-29 09:31:59,200 [main] INFO  ozone.HddsDatanodeService (HddsDatanodeService.java:start(184)) - HddsDatanodeService host:pr-hdds-1054-cqztt-1934904501 ip:192.168.34.42
2019-08-29 09:31:59,201 [Datanode State Machine Thread - 0] INFO  datanode.InitDatanodeState (InitDatanodeState.java:persistContainerDatanodeDetails(140)) - DatanodeDetails is persisted to /workdir/hadoop-ozone/integration-test/target/test-dir/MiniOzoneClusterImpl-758e1504-11ab-426e-b149-dc7346353a64/datanode-2/meta/datanode.id
2019-08-29 09:31:59,206 [main] INFO  volume.HddsVolume (HddsVolume.java:<init>(176)) - Creating Volume: /workdir/hadoop-ozone/integration-test/target/test-dir/MiniOzoneClusterImpl-758e1504-11ab-426e-b149-dc7346353a64/datanode-3/data/containers/hdds of  storage type : DISK and capacity : 1482555576320
2019-08-29 09:31:59,206 [main] INFO  volume.VolumeSet (VolumeSet.java:initializeVolumeSet(170)) - Added Volume : /workdir/hadoop-ozone/integration-test/target/test-dir/MiniOzoneClusterImpl-758e1504-11ab-426e-b149-dc7346353a64/datanode-3/data/containers/hdds to VolumeSet
2019-08-29 09:31:59,207 [main] INFO  volume.ThrottledAsyncChecker (ThrottledAsyncChecker.java:schedule(140)) - Scheduling a check for org.apache.hadoop.ozone.container.common.volume.HddsVolume@342e690b
2019-08-29 09:31:59,207 [main] INFO  volume.HddsVolumeChecker (HddsVolumeChecker.java:checkAllVolumes(203)) - Scheduled health check for volume org.apache.hadoop.ozone.container.common.volume.HddsVolume@342e690b
2019-08-29 09:31:59,227 [main] INFO  impl.RaftServerProxy (ConfUtils.java:logGet(43)) - raft.rpc.type = GRPC (default)
2019-08-29 09:31:59,227 [main] INFO  grpc.GrpcFactory (GrpcFactory.java:checkPooledByteBufAllocatorUseCacheForAllThreads(45)) - PERFORMANCE WARNING: useCacheForAllThreads is true that may cause Netty to create a lot garbage objects and, as a result, trigger GC.
	It is recommended to disable useCacheForAllThreads by setting -Dorg.apache.ratis.thirdparty.io.netty.allocator.useCacheForAllThreads=false in command line.
2019-08-29 09:31:59,227 [main] INFO  grpc.GrpcConfigKeys$Server (ConfUtils.java:logGet(43)) - raft.grpc.server.port = 0 (default)
2019-08-29 09:31:59,227 [main] INFO  server.GrpcService (ConfUtils.java:logGet(43)) - raft.grpc.message.size.max = 33570816 (custom)
2019-08-29 09:31:59,227 [main] INFO  server.RaftServerConfigKeys (ConfUtils.java:logGet(43)) - raft.server.log.appender.buffer.byte-limit = 33554432 (custom)
2019-08-29 09:31:59,228 [main] INFO  server.GrpcService (ConfUtils.java:logGet(43)) - raft.grpc.flow.control.window = 1MB (=1048576) (default)
2019-08-29 09:31:59,228 [main] INFO  server.RaftServerConfigKeys (ConfUtils.java:logGet(43)) - raft.server.rpc.request.timeout = 3000ms (default)
2019-08-29 09:31:59,228 [main] INFO  server.RaftServerConfigKeys (ConfUtils.java:logGet(43)) - raft.server.storage.dir = [/workdir/hadoop-ozone/integration-test/target/test-dir/MiniOzoneClusterImpl-758e1504-11ab-426e-b149-dc7346353a64/datanode-3/data/ratis] (custom)
2019-08-29 09:31:59,230 [main] INFO  hdfs.DFSUtil (DFSUtil.java:httpServerTemplateForNNAndJN(1641)) - Starting Web-server for hddsDatanode at: http://0.0.0.0:0
2019-08-29 09:31:59,231 [main] INFO  server.AuthenticationFilter (AuthenticationFilter.java:constructSecretProvider(240)) - Unable to initialize FileSignerSecretProvider, falling back to use random secrets.
2019-08-29 09:31:59,231 [main] WARN  http.HttpRequestLog (HttpRequestLog.java:getRequestLog(97)) - Jetty request log can only be enabled using Log4j
2019-08-29 09:31:59,233 [main] INFO  http.HttpServer2 (HttpServer2.java:addGlobalFilter(975)) - Added global filter 'safety' (class=org.apache.hadoop.http.HttpServer2$QuotingInputFilter)
2019-08-29 09:31:59,233 [main] INFO  http.HttpServer2 (HttpServer2.java:addFilter(948)) - Added filter static_user_filter (class=org.apache.hadoop.http.lib.StaticUserWebFilter$StaticUserFilter) to context hddsDatanode
2019-08-29 09:31:59,233 [main] INFO  http.HttpServer2 (HttpServer2.java:addFilter(958)) - Added filter static_user_filter (class=org.apache.hadoop.http.lib.StaticUserWebFilter$StaticUserFilter) to context static
2019-08-29 09:31:59,233 [main] INFO  http.HttpServer2 (HttpServer2.java:addFilter(958)) - Added filter static_user_filter (class=org.apache.hadoop.http.lib.StaticUserWebFilter$StaticUserFilter) to context logs
2019-08-29 09:31:59,234 [main] INFO  http.HttpServer2 (HttpServer2.java:bindListener(1191)) - Jetty bound to port 34360
2019-08-29 09:31:59,234 [main] INFO  server.Server (Server.java:doStart(351)) - jetty-9.3.24.v20180605, build timestamp: 2018-06-05T17:11:56Z, git hash: 84205aa28f11a4f31f2a3b86d1bba2cc8ab69827
2019-08-29 09:31:59,236 [main] INFO  handler.ContextHandler (ContextHandler.java:doStart(781)) - Started o.e.j.s.ServletContextHandler@5ad1904f{/logs,file:///workdir/hadoop-ozone/integration-test/target/log,AVAILABLE}
2019-08-29 09:31:59,236 [main] INFO  handler.ContextHandler (ContextHandler.java:doStart(781)) - Started o.e.j.s.ServletContextHandler@f438904{/static,jar:file:/home/user/.m2/repository/org/apache/hadoop/hadoop-hdds-container-service/0.5.0-SNAPSHOT/hadoop-hdds-container-service-0.5.0-SNAPSHOT.jar!/webapps/static,AVAILABLE}
2019-08-29 09:31:59,263 [main] INFO  handler.ContextHandler (ContextHandler.java:doStart(781)) - Started o.e.j.w.WebAppContext@64da6cbd{/,file:///tmp/jetty-0.0.0.0-34360-hddsDatanode-_-any-1919709023727345358.dir/webapp/,AVAILABLE}{/hddsDatanode}
2019-08-29 09:31:59,264 [main] INFO  server.AbstractConnector (AbstractConnector.java:doStart(278)) - Started ServerConnector@72a2312e{HTTP/1.1,[http/1.1]}{0.0.0.0:34360}
2019-08-29 09:31:59,266 [main] INFO  server.Server (Server.java:doStart(419)) - Started @71480ms
2019-08-29 09:31:59,266 [main] INFO  server.BaseHttpServer (BaseHttpServer.java:updateConnectorAddress(213)) - HTTP server of HDDSDATANODE is listening at http://0.0.0.0:34360
2019-08-29 09:31:59,267 [main] INFO  impl.MetricsSystemImpl (MetricsSystemImpl.java:init(158)) - HddsDatanode metrics system started (again)
2019-08-29 09:31:59,271 [org.apache.hadoop.util.JvmPauseMonitor$Monitor@3af0aeb8] INFO  util.JvmPauseMonitor (JvmPauseMonitor.java:run(188)) - Starting JVM pause monitor
2019-08-29 09:31:59,271 [main] INFO  ozone.HddsDatanodeService (HddsDatanodeService.java:start(184)) - HddsDatanodeService host:pr-hdds-1054-cqztt-1934904501 ip:192.168.34.42
2019-08-29 09:31:59,273 [Datanode State Machine Thread - 0] INFO  datanode.InitDatanodeState (InitDatanodeState.java:persistContainerDatanodeDetails(140)) - DatanodeDetails is persisted to /workdir/hadoop-ozone/integration-test/target/test-dir/MiniOzoneClusterImpl-758e1504-11ab-426e-b149-dc7346353a64/datanode-3/meta/datanode.id
2019-08-29 09:31:59,277 [main] INFO  volume.HddsVolume (HddsVolume.java:<init>(176)) - Creating Volume: /workdir/hadoop-ozone/integration-test/target/test-dir/MiniOzoneClusterImpl-758e1504-11ab-426e-b149-dc7346353a64/datanode-4/data/containers/hdds of  storage type : DISK and capacity : 1482555576320
2019-08-29 09:31:59,278 [main] INFO  volume.VolumeSet (VolumeSet.java:initializeVolumeSet(170)) - Added Volume : /workdir/hadoop-ozone/integration-test/target/test-dir/MiniOzoneClusterImpl-758e1504-11ab-426e-b149-dc7346353a64/datanode-4/data/containers/hdds to VolumeSet
2019-08-29 09:31:59,278 [main] INFO  volume.ThrottledAsyncChecker (ThrottledAsyncChecker.java:schedule(140)) - Scheduling a check for org.apache.hadoop.ozone.container.common.volume.HddsVolume@5c887052
2019-08-29 09:31:59,278 [main] INFO  volume.HddsVolumeChecker (HddsVolumeChecker.java:checkAllVolumes(203)) - Scheduled health check for volume org.apache.hadoop.ozone.container.common.volume.HddsVolume@5c887052
2019-08-29 09:31:59,293 [main] INFO  impl.RaftServerProxy (ConfUtils.java:logGet(43)) - raft.rpc.type = GRPC (default)
2019-08-29 09:31:59,293 [main] INFO  grpc.GrpcFactory (GrpcFactory.java:checkPooledByteBufAllocatorUseCacheForAllThreads(45)) - PERFORMANCE WARNING: useCacheForAllThreads is true that may cause Netty to create a lot garbage objects and, as a result, trigger GC.
	It is recommended to disable useCacheForAllThreads by setting -Dorg.apache.ratis.thirdparty.io.netty.allocator.useCacheForAllThreads=false in command line.
2019-08-29 09:31:59,294 [main] INFO  grpc.GrpcConfigKeys$Server (ConfUtils.java:logGet(43)) - raft.grpc.server.port = 0 (default)
2019-08-29 09:31:59,294 [main] INFO  server.GrpcService (ConfUtils.java:logGet(43)) - raft.grpc.message.size.max = 33570816 (custom)
2019-08-29 09:31:59,294 [main] INFO  server.RaftServerConfigKeys (ConfUtils.java:logGet(43)) - raft.server.log.appender.buffer.byte-limit = 33554432 (custom)
2019-08-29 09:31:59,294 [main] INFO  server.GrpcService (ConfUtils.java:logGet(43)) - raft.grpc.flow.control.window = 1MB (=1048576) (default)
2019-08-29 09:31:59,294 [main] INFO  server.RaftServerConfigKeys (ConfUtils.java:logGet(43)) - raft.server.rpc.request.timeout = 3000ms (default)
2019-08-29 09:31:59,295 [main] INFO  server.RaftServerConfigKeys (ConfUtils.java:logGet(43)) - raft.server.storage.dir = [/workdir/hadoop-ozone/integration-test/target/test-dir/MiniOzoneClusterImpl-758e1504-11ab-426e-b149-dc7346353a64/datanode-4/data/ratis] (custom)
2019-08-29 09:31:59,296 [main] INFO  hdfs.DFSUtil (DFSUtil.java:httpServerTemplateForNNAndJN(1641)) - Starting Web-server for hddsDatanode at: http://0.0.0.0:0
2019-08-29 09:31:59,298 [main] INFO  server.AuthenticationFilter (AuthenticationFilter.java:constructSecretProvider(240)) - Unable to initialize FileSignerSecretProvider, falling back to use random secrets.
2019-08-29 09:31:59,298 [main] WARN  http.HttpRequestLog (HttpRequestLog.java:getRequestLog(97)) - Jetty request log can only be enabled using Log4j
2019-08-29 09:31:59,299 [main] INFO  http.HttpServer2 (HttpServer2.java:addGlobalFilter(975)) - Added global filter 'safety' (class=org.apache.hadoop.http.HttpServer2$QuotingInputFilter)
2019-08-29 09:31:59,300 [main] INFO  http.HttpServer2 (HttpServer2.java:addFilter(948)) - Added filter static_user_filter (class=org.apache.hadoop.http.lib.StaticUserWebFilter$StaticUserFilter) to context hddsDatanode
2019-08-29 09:31:59,300 [main] INFO  http.HttpServer2 (HttpServer2.java:addFilter(958)) - Added filter static_user_filter (class=org.apache.hadoop.http.lib.StaticUserWebFilter$StaticUserFilter) to context logs
2019-08-29 09:31:59,300 [main] INFO  http.HttpServer2 (HttpServer2.java:addFilter(958)) - Added filter static_user_filter (class=org.apache.hadoop.http.lib.StaticUserWebFilter$StaticUserFilter) to context static
2019-08-29 09:31:59,301 [main] INFO  http.HttpServer2 (HttpServer2.java:bindListener(1191)) - Jetty bound to port 33778
2019-08-29 09:31:59,301 [main] INFO  server.Server (Server.java:doStart(351)) - jetty-9.3.24.v20180605, build timestamp: 2018-06-05T17:11:56Z, git hash: 84205aa28f11a4f31f2a3b86d1bba2cc8ab69827
2019-08-29 09:31:59,303 [main] INFO  handler.ContextHandler (ContextHandler.java:doStart(781)) - Started o.e.j.s.ServletContextHandler@7e91ed74{/logs,file:///workdir/hadoop-ozone/integration-test/target/log,AVAILABLE}
2019-08-29 09:31:59,303 [main] INFO  handler.ContextHandler (ContextHandler.java:doStart(781)) - Started o.e.j.s.ServletContextHandler@7df28f1{/static,jar:file:/home/user/.m2/repository/org/apache/hadoop/hadoop-hdds-container-service/0.5.0-SNAPSHOT/hadoop-hdds-container-service-0.5.0-SNAPSHOT.jar!/webapps/static,AVAILABLE}
2019-08-29 09:31:59,332 [main] INFO  handler.ContextHandler (ContextHandler.java:doStart(781)) - Started o.e.j.w.WebAppContext@7b2ccba5{/,file:///tmp/jetty-0.0.0.0-33778-hddsDatanode-_-any-8267995142688097968.dir/webapp/,AVAILABLE}{/hddsDatanode}
2019-08-29 09:31:59,332 [main] INFO  server.AbstractConnector (AbstractConnector.java:doStart(278)) - Started ServerConnector@64f9f455{HTTP/1.1,[http/1.1]}{0.0.0.0:33778}
2019-08-29 09:31:59,334 [main] INFO  server.Server (Server.java:doStart(419)) - Started @71548ms
2019-08-29 09:31:59,335 [main] INFO  server.BaseHttpServer (BaseHttpServer.java:updateConnectorAddress(213)) - HTTP server of HDDSDATANODE is listening at http://0.0.0.0:33778
2019-08-29 09:31:59,335 [main] INFO  impl.MetricsSystemImpl (MetricsSystemImpl.java:init(158)) - HddsDatanode metrics system started (again)
2019-08-29 09:31:59,340 [org.apache.hadoop.util.JvmPauseMonitor$Monitor@33ae6825] INFO  util.JvmPauseMonitor (JvmPauseMonitor.java:run(188)) - Starting JVM pause monitor
2019-08-29 09:31:59,340 [main] INFO  ozone.HddsDatanodeService (HddsDatanodeService.java:start(184)) - HddsDatanodeService host:pr-hdds-1054-cqztt-1934904501 ip:192.168.34.42
2019-08-29 09:31:59,342 [Datanode State Machine Thread - 0] INFO  datanode.InitDatanodeState (InitDatanodeState.java:persistContainerDatanodeDetails(140)) - DatanodeDetails is persisted to /workdir/hadoop-ozone/integration-test/target/test-dir/MiniOzoneClusterImpl-758e1504-11ab-426e-b149-dc7346353a64/datanode-4/meta/datanode.id
2019-08-29 09:31:59,347 [main] INFO  volume.HddsVolume (HddsVolume.java:<init>(176)) - Creating Volume: /workdir/hadoop-ozone/integration-test/target/test-dir/MiniOzoneClusterImpl-758e1504-11ab-426e-b149-dc7346353a64/datanode-5/data/containers/hdds of  storage type : DISK and capacity : 1482555576320
2019-08-29 09:31:59,348 [main] INFO  volume.VolumeSet (VolumeSet.java:initializeVolumeSet(170)) - Added Volume : /workdir/hadoop-ozone/integration-test/target/test-dir/MiniOzoneClusterImpl-758e1504-11ab-426e-b149-dc7346353a64/datanode-5/data/containers/hdds to VolumeSet
2019-08-29 09:31:59,348 [main] INFO  volume.ThrottledAsyncChecker (ThrottledAsyncChecker.java:schedule(140)) - Scheduling a check for org.apache.hadoop.ozone.container.common.volume.HddsVolume@3453acd2
2019-08-29 09:31:59,348 [main] INFO  volume.HddsVolumeChecker (HddsVolumeChecker.java:checkAllVolumes(203)) - Scheduled health check for volume org.apache.hadoop.ozone.container.common.volume.HddsVolume@3453acd2
2019-08-29 09:31:59,363 [main] INFO  impl.RaftServerProxy (ConfUtils.java:logGet(43)) - raft.rpc.type = GRPC (default)
2019-08-29 09:31:59,363 [main] INFO  grpc.GrpcFactory (GrpcFactory.java:checkPooledByteBufAllocatorUseCacheForAllThreads(45)) - PERFORMANCE WARNING: useCacheForAllThreads is true that may cause Netty to create a lot garbage objects and, as a result, trigger GC.
	It is recommended to disable useCacheForAllThreads by setting -Dorg.apache.ratis.thirdparty.io.netty.allocator.useCacheForAllThreads=false in command line.
2019-08-29 09:31:59,363 [main] INFO  grpc.GrpcConfigKeys$Server (ConfUtils.java:logGet(43)) - raft.grpc.server.port = 0 (default)
2019-08-29 09:31:59,363 [main] INFO  server.GrpcService (ConfUtils.java:logGet(43)) - raft.grpc.message.size.max = 33570816 (custom)
2019-08-29 09:31:59,363 [main] INFO  server.RaftServerConfigKeys (ConfUtils.java:logGet(43)) - raft.server.log.appender.buffer.byte-limit = 33554432 (custom)
2019-08-29 09:31:59,363 [main] INFO  server.GrpcService (ConfUtils.java:logGet(43)) - raft.grpc.flow.control.window = 1MB (=1048576) (default)
2019-08-29 09:31:59,364 [main] INFO  server.RaftServerConfigKeys (ConfUtils.java:logGet(43)) - raft.server.rpc.request.timeout = 3000ms (default)
2019-08-29 09:31:59,364 [main] INFO  server.RaftServerConfigKeys (ConfUtils.java:logGet(43)) - raft.server.storage.dir = [/workdir/hadoop-ozone/integration-test/target/test-dir/MiniOzoneClusterImpl-758e1504-11ab-426e-b149-dc7346353a64/datanode-5/data/ratis] (custom)
2019-08-29 09:31:59,365 [main] INFO  hdfs.DFSUtil (DFSUtil.java:httpServerTemplateForNNAndJN(1641)) - Starting Web-server for hddsDatanode at: http://0.0.0.0:0
2019-08-29 09:31:59,367 [main] INFO  server.AuthenticationFilter (AuthenticationFilter.java:constructSecretProvider(240)) - Unable to initialize FileSignerSecretProvider, falling back to use random secrets.
2019-08-29 09:31:59,367 [main] WARN  http.HttpRequestLog (HttpRequestLog.java:getRequestLog(97)) - Jetty request log can only be enabled using Log4j
2019-08-29 09:31:59,368 [main] INFO  http.HttpServer2 (HttpServer2.java:addGlobalFilter(975)) - Added global filter 'safety' (class=org.apache.hadoop.http.HttpServer2$QuotingInputFilter)
2019-08-29 09:31:59,369 [main] INFO  http.HttpServer2 (HttpServer2.java:addFilter(948)) - Added filter static_user_filter (class=org.apache.hadoop.http.lib.StaticUserWebFilter$StaticUserFilter) to context hddsDatanode
2019-08-29 09:31:59,369 [main] INFO  http.HttpServer2 (HttpServer2.java:addFilter(958)) - Added filter static_user_filter (class=org.apache.hadoop.http.lib.StaticUserWebFilter$StaticUserFilter) to context logs
2019-08-29 09:31:59,369 [main] INFO  http.HttpServer2 (HttpServer2.java:addFilter(958)) - Added filter static_user_filter (class=org.apache.hadoop.http.lib.StaticUserWebFilter$StaticUserFilter) to context static
2019-08-29 09:31:59,370 [main] INFO  http.HttpServer2 (HttpServer2.java:bindListener(1191)) - Jetty bound to port 41805
2019-08-29 09:31:59,370 [main] INFO  server.Server (Server.java:doStart(351)) - jetty-9.3.24.v20180605, build timestamp: 2018-06-05T17:11:56Z, git hash: 84205aa28f11a4f31f2a3b86d1bba2cc8ab69827
2019-08-29 09:31:59,371 [main] INFO  handler.ContextHandler (ContextHandler.java:doStart(781)) - Started o.e.j.s.ServletContextHandler@62cba181{/logs,file:///workdir/hadoop-ozone/integration-test/target/log,AVAILABLE}
2019-08-29 09:31:59,372 [main] INFO  handler.ContextHandler (ContextHandler.java:doStart(781)) - Started o.e.j.s.ServletContextHandler@661fe025{/static,jar:file:/home/user/.m2/repository/org/apache/hadoop/hadoop-hdds-container-service/0.5.0-SNAPSHOT/hadoop-hdds-container-service-0.5.0-SNAPSHOT.jar!/webapps/static,AVAILABLE}
2019-08-29 09:31:59,399 [main] INFO  handler.ContextHandler (ContextHandler.java:doStart(781)) - Started o.e.j.w.WebAppContext@65e22def{/,file:///tmp/jetty-0.0.0.0-41805-hddsDatanode-_-any-2875487517142686122.dir/webapp/,AVAILABLE}{/hddsDatanode}
2019-08-29 09:31:59,400 [main] INFO  server.AbstractConnector (AbstractConnector.java:doStart(278)) - Started ServerConnector@4b1ec694{HTTP/1.1,[http/1.1]}{0.0.0.0:41805}
2019-08-29 09:31:59,401 [main] INFO  server.Server (Server.java:doStart(419)) - Started @71616ms
2019-08-29 09:31:59,402 [main] INFO  server.BaseHttpServer (BaseHttpServer.java:updateConnectorAddress(213)) - HTTP server of HDDSDATANODE is listening at http://0.0.0.0:41805
2019-08-29 09:31:59,403 [main] INFO  impl.MetricsSystemImpl (MetricsSystemImpl.java:init(158)) - HddsDatanode metrics system started (again)
2019-08-29 09:31:59,409 [org.apache.hadoop.util.JvmPauseMonitor$Monitor@1fc29291] INFO  util.JvmPauseMonitor (JvmPauseMonitor.java:run(188)) - Starting JVM pause monitor
2019-08-29 09:31:59,409 [main] INFO  ozone.HddsDatanodeService (HddsDatanodeService.java:start(184)) - HddsDatanodeService host:pr-hdds-1054-cqztt-1934904501 ip:192.168.34.42
2019-08-29 09:31:59,410 [Datanode State Machine Thread - 0] INFO  datanode.InitDatanodeState (InitDatanodeState.java:persistContainerDatanodeDetails(140)) - DatanodeDetails is persisted to /workdir/hadoop-ozone/integration-test/target/test-dir/MiniOzoneClusterImpl-758e1504-11ab-426e-b149-dc7346353a64/datanode-5/meta/datanode.id
2019-08-29 09:31:59,416 [main] INFO  volume.HddsVolume (HddsVolume.java:<init>(176)) - Creating Volume: /workdir/hadoop-ozone/integration-test/target/test-dir/MiniOzoneClusterImpl-758e1504-11ab-426e-b149-dc7346353a64/datanode-6/data/containers/hdds of  storage type : DISK and capacity : 1482555576320
2019-08-29 09:31:59,416 [main] INFO  volume.VolumeSet (VolumeSet.java:initializeVolumeSet(170)) - Added Volume : /workdir/hadoop-ozone/integration-test/target/test-dir/MiniOzoneClusterImpl-758e1504-11ab-426e-b149-dc7346353a64/datanode-6/data/containers/hdds to VolumeSet
2019-08-29 09:31:59,416 [main] INFO  volume.ThrottledAsyncChecker (ThrottledAsyncChecker.java:schedule(140)) - Scheduling a check for org.apache.hadoop.ozone.container.common.volume.HddsVolume@9c93d16
2019-08-29 09:31:59,417 [main] INFO  volume.HddsVolumeChecker (HddsVolumeChecker.java:checkAllVolumes(203)) - Scheduled health check for volume org.apache.hadoop.ozone.container.common.volume.HddsVolume@9c93d16
2019-08-29 09:31:59,433 [main] INFO  impl.RaftServerProxy (ConfUtils.java:logGet(43)) - raft.rpc.type = GRPC (default)
2019-08-29 09:31:59,434 [main] INFO  grpc.GrpcFactory (GrpcFactory.java:checkPooledByteBufAllocatorUseCacheForAllThreads(45)) - PERFORMANCE WARNING: useCacheForAllThreads is true that may cause Netty to create a lot garbage objects and, as a result, trigger GC.
	It is recommended to disable useCacheForAllThreads by setting -Dorg.apache.ratis.thirdparty.io.netty.allocator.useCacheForAllThreads=false in command line.
2019-08-29 09:31:59,434 [main] INFO  grpc.GrpcConfigKeys$Server (ConfUtils.java:logGet(43)) - raft.grpc.server.port = 0 (default)
2019-08-29 09:31:59,434 [main] INFO  server.GrpcService (ConfUtils.java:logGet(43)) - raft.grpc.message.size.max = 33570816 (custom)
2019-08-29 09:31:59,434 [main] INFO  server.RaftServerConfigKeys (ConfUtils.java:logGet(43)) - raft.server.log.appender.buffer.byte-limit = 33554432 (custom)
2019-08-29 09:31:59,435 [main] INFO  server.GrpcService (ConfUtils.java:logGet(43)) - raft.grpc.flow.control.window = 1MB (=1048576) (default)
2019-08-29 09:31:59,435 [main] INFO  server.RaftServerConfigKeys (ConfUtils.java:logGet(43)) - raft.server.rpc.request.timeout = 3000ms (default)
2019-08-29 09:31:59,435 [main] INFO  server.RaftServerConfigKeys (ConfUtils.java:logGet(43)) - raft.server.storage.dir = [/workdir/hadoop-ozone/integration-test/target/test-dir/MiniOzoneClusterImpl-758e1504-11ab-426e-b149-dc7346353a64/datanode-6/data/ratis] (custom)
2019-08-29 09:31:59,437 [main] INFO  hdfs.DFSUtil (DFSUtil.java:httpServerTemplateForNNAndJN(1641)) - Starting Web-server for hddsDatanode at: http://0.0.0.0:0
2019-08-29 09:31:59,439 [main] INFO  server.AuthenticationFilter (AuthenticationFilter.java:constructSecretProvider(240)) - Unable to initialize FileSignerSecretProvider, falling back to use random secrets.
2019-08-29 09:31:59,440 [main] WARN  http.HttpRequestLog (HttpRequestLog.java:getRequestLog(97)) - Jetty request log can only be enabled using Log4j
2019-08-29 09:31:59,441 [main] INFO  http.HttpServer2 (HttpServer2.java:addGlobalFilter(975)) - Added global filter 'safety' (class=org.apache.hadoop.http.HttpServer2$QuotingInputFilter)
2019-08-29 09:31:59,442 [main] INFO  http.HttpServer2 (HttpServer2.java:addFilter(948)) - Added filter static_user_filter (class=org.apache.hadoop.http.lib.StaticUserWebFilter$StaticUserFilter) to context hddsDatanode
2019-08-29 09:31:59,442 [main] INFO  http.HttpServer2 (HttpServer2.java:addFilter(958)) - Added filter static_user_filter (class=org.apache.hadoop.http.lib.StaticUserWebFilter$StaticUserFilter) to context static
2019-08-29 09:31:59,442 [main] INFO  http.HttpServer2 (HttpServer2.java:addFilter(958)) - Added filter static_user_filter (class=org.apache.hadoop.http.lib.StaticUserWebFilter$StaticUserFilter) to context logs
2019-08-29 09:31:59,443 [main] INFO  http.HttpServer2 (HttpServer2.java:bindListener(1191)) - Jetty bound to port 40501
2019-08-29 09:31:59,443 [main] INFO  server.Server (Server.java:doStart(351)) - jetty-9.3.24.v20180605, build timestamp: 2018-06-05T17:11:56Z, git hash: 84205aa28f11a4f31f2a3b86d1bba2cc8ab69827
2019-08-29 09:31:59,445 [main] INFO  handler.ContextHandler (ContextHandler.java:doStart(781)) - Started o.e.j.s.ServletContextHandler@1624775{/logs,file:///workdir/hadoop-ozone/integration-test/target/log,AVAILABLE}
2019-08-29 09:31:59,445 [main] INFO  handler.ContextHandler (ContextHandler.java:doStart(781)) - Started o.e.j.s.ServletContextHandler@235b4cb8{/static,jar:file:/home/user/.m2/repository/org/apache/hadoop/hadoop-hdds-container-service/0.5.0-SNAPSHOT/hadoop-hdds-container-service-0.5.0-SNAPSHOT.jar!/webapps/static,AVAILABLE}
2019-08-29 09:31:59,480 [main] INFO  handler.ContextHandler (ContextHandler.java:doStart(781)) - Started o.e.j.w.WebAppContext@67bf0480{/,file:///tmp/jetty-0.0.0.0-40501-hddsDatanode-_-any-1198425941707907387.dir/webapp/,AVAILABLE}{/hddsDatanode}
2019-08-29 09:31:59,481 [main] INFO  server.AbstractConnector (AbstractConnector.java:doStart(278)) - Started ServerConnector@5503de1{HTTP/1.1,[http/1.1]}{0.0.0.0:40501}
2019-08-29 09:31:59,482 [main] INFO  server.Server (Server.java:doStart(419)) - Started @71697ms
2019-08-29 09:31:59,483 [main] INFO  server.BaseHttpServer (BaseHttpServer.java:updateConnectorAddress(213)) - HTTP server of HDDSDATANODE is listening at http://0.0.0.0:40501
2019-08-29 09:31:59,483 [main] INFO  ozone.MiniOzoneClusterImpl (MiniOzoneClusterImpl.java:lambda$waitForClusterToBeReady$0(140)) - Waiting for cluster to be ready. Got 0 of 7 DN Heartbeats.
2019-08-29 09:31:59,486 [org.apache.hadoop.util.JvmPauseMonitor$Monitor@334604cb] INFO  util.JvmPauseMonitor (JvmPauseMonitor.java:run(188)) - Starting JVM pause monitor
2019-08-29 09:31:59,488 [Datanode State Machine Thread - 0] INFO  datanode.InitDatanodeState (InitDatanodeState.java:persistContainerDatanodeDetails(140)) - DatanodeDetails is persisted to /workdir/hadoop-ozone/integration-test/target/test-dir/MiniOzoneClusterImpl-758e1504-11ab-426e-b149-dc7346353a64/datanode-6/meta/datanode.id
2019-08-29 09:32:00,484 [main] INFO  ozone.MiniOzoneClusterImpl (MiniOzoneClusterImpl.java:lambda$waitForClusterToBeReady$0(140)) - Waiting for cluster to be ready. Got 0 of 7 DN Heartbeats.
2019-08-29 09:32:01,071 | INFO  | SCMAudit | user=jenkins1000 | ip=192.168.34.42 | op=GET_VERSION null | ret=SUCCESS |  
2019-08-29 09:32:01,090 [Datanode State Machine Thread - 0] INFO  ozoneimpl.OzoneContainer (OzoneContainer.java:start(201)) - Attempting to start container services.
2019-08-29 09:32:01,092 [Datanode State Machine Thread - 0] INFO  ozoneimpl.OzoneContainer (OzoneContainer.java:startContainerScrub(175)) - Background container scrubber has been disabled by hdds.containerscrub.enabled
2019-08-29 09:32:01,093 [Datanode State Machine Thread - 0] INFO  ratis.XceiverServerRatis (XceiverServerRatis.java:start(393)) - Starting XceiverServerRatis cffcff0f-2752-46f1-bb20-4150682c084f at port 0
2019-08-29 09:32:01,097 [Datanode State Machine Thread - 0] INFO  impl.RaftServerProxy (RaftServerProxy.java:lambda$start$3(299)) - cffcff0f-2752-46f1-bb20-4150682c084f: start RPC server
2019-08-29 09:32:01,099 [Datanode State Machine Thread - 0] INFO  server.GrpcService (GrpcService.java:startImpl(149)) - cffcff0f-2752-46f1-bb20-4150682c084f: GrpcService started, listening on 0.0.0.0/0.0.0.0:36452
2019-08-29 09:32:01,099 [Datanode State Machine Thread - 0] INFO  ratis.XceiverServerRatis (XceiverServerRatis.java:start(403)) - XceiverServerRatis cffcff0f-2752-46f1-bb20-4150682c084f is started using port 36452
2019-08-29 09:32:01,099 [Datanode State Machine Thread - 0] INFO  server.XceiverServerGrpc (XceiverServerGrpc.java:start(163)) - XceiverServerGrpc cffcff0f-2752-46f1-bb20-4150682c084f is started using port 40101
2019-08-29 09:32:01,135 | INFO  | SCMAudit | user=jenkins1000 | ip=192.168.34.42 | op=GET_VERSION null | ret=SUCCESS |  
2019-08-29 09:32:01,150 [Datanode State Machine Thread - 0] INFO  ozoneimpl.OzoneContainer (OzoneContainer.java:start(201)) - Attempting to start container services.
2019-08-29 09:32:01,153 [Datanode State Machine Thread - 0] INFO  ozoneimpl.OzoneContainer (OzoneContainer.java:startContainerScrub(175)) - Background container scrubber has been disabled by hdds.containerscrub.enabled
2019-08-29 09:32:01,153 [Datanode State Machine Thread - 0] INFO  ratis.XceiverServerRatis (XceiverServerRatis.java:start(393)) - Starting XceiverServerRatis 814b1e79-91cb-4747-afef-225b562b988f at port 0
2019-08-29 09:32:01,159 [Datanode State Machine Thread - 0] INFO  impl.RaftServerProxy (RaftServerProxy.java:lambda$start$3(299)) - 814b1e79-91cb-4747-afef-225b562b988f: start RPC server
2019-08-29 09:32:01,160 [Datanode State Machine Thread - 0] INFO  server.GrpcService (GrpcService.java:startImpl(149)) - 814b1e79-91cb-4747-afef-225b562b988f: GrpcService started, listening on 0.0.0.0/0.0.0.0:45137
2019-08-29 09:32:01,161 [Datanode State Machine Thread - 0] INFO  ratis.XceiverServerRatis (XceiverServerRatis.java:start(403)) - XceiverServerRatis 814b1e79-91cb-4747-afef-225b562b988f is started using port 45137
2019-08-29 09:32:01,162 [Datanode State Machine Thread - 0] INFO  server.XceiverServerGrpc (XceiverServerGrpc.java:start(163)) - XceiverServerGrpc 814b1e79-91cb-4747-afef-225b562b988f is started using port 45891
2019-08-29 09:32:01,200 | INFO  | SCMAudit | user=jenkins1000 | ip=192.168.34.42 | op=GET_VERSION null | ret=SUCCESS |  
2019-08-29 09:32:01,213 [Datanode State Machine Thread - 0] INFO  ozoneimpl.OzoneContainer (OzoneContainer.java:start(201)) - Attempting to start container services.
2019-08-29 09:32:01,220 [Datanode State Machine Thread - 0] INFO  ozoneimpl.OzoneContainer (OzoneContainer.java:startContainerScrub(175)) - Background container scrubber has been disabled by hdds.containerscrub.enabled
2019-08-29 09:32:01,220 [Datanode State Machine Thread - 0] INFO  ratis.XceiverServerRatis (XceiverServerRatis.java:start(393)) - Starting XceiverServerRatis 6a76bae0-5bcd-450f-b761-84a239d32397 at port 0
2019-08-29 09:32:01,225 [Datanode State Machine Thread - 0] INFO  impl.RaftServerProxy (RaftServerProxy.java:lambda$start$3(299)) - 6a76bae0-5bcd-450f-b761-84a239d32397: start RPC server
2019-08-29 09:32:01,226 [Datanode State Machine Thread - 0] INFO  server.GrpcService (GrpcService.java:startImpl(149)) - 6a76bae0-5bcd-450f-b761-84a239d32397: GrpcService started, listening on 0.0.0.0/0.0.0.0:33193
2019-08-29 09:32:01,226 [Datanode State Machine Thread - 0] INFO  ratis.XceiverServerRatis (XceiverServerRatis.java:start(403)) - XceiverServerRatis 6a76bae0-5bcd-450f-b761-84a239d32397 is started using port 33193
2019-08-29 09:32:01,237 [Datanode State Machine Thread - 0] INFO  server.XceiverServerGrpc (XceiverServerGrpc.java:start(163)) - XceiverServerGrpc 6a76bae0-5bcd-450f-b761-84a239d32397 is started using port 36792
2019-08-29 09:32:01,271 | INFO  | SCMAudit | user=jenkins1000 | ip=192.168.34.42 | op=GET_VERSION null | ret=SUCCESS |  
2019-08-29 09:32:01,285 [Datanode State Machine Thread - 0] INFO  ozoneimpl.OzoneContainer (OzoneContainer.java:start(201)) - Attempting to start container services.
2019-08-29 09:32:01,285 [Datanode State Machine Thread - 0] INFO  ozoneimpl.OzoneContainer (OzoneContainer.java:startContainerScrub(175)) - Background container scrubber has been disabled by hdds.containerscrub.enabled
2019-08-29 09:32:01,286 [Datanode State Machine Thread - 0] INFO  ratis.XceiverServerRatis (XceiverServerRatis.java:start(393)) - Starting XceiverServerRatis f5a90a23-db6d-4122-980c-2c6f67b12274 at port 0
2019-08-29 09:32:01,292 [Datanode State Machine Thread - 0] INFO  impl.RaftServerProxy (RaftServerProxy.java:lambda$start$3(299)) - f5a90a23-db6d-4122-980c-2c6f67b12274: start RPC server
2019-08-29 09:32:01,295 [Datanode State Machine Thread - 0] INFO  server.GrpcService (GrpcService.java:startImpl(149)) - f5a90a23-db6d-4122-980c-2c6f67b12274: GrpcService started, listening on 0.0.0.0/0.0.0.0:43304
2019-08-29 09:32:01,295 [Datanode State Machine Thread - 0] INFO  ratis.XceiverServerRatis (XceiverServerRatis.java:start(403)) - XceiverServerRatis f5a90a23-db6d-4122-980c-2c6f67b12274 is started using port 43304
2019-08-29 09:32:01,296 [Datanode State Machine Thread - 0] INFO  server.XceiverServerGrpc (XceiverServerGrpc.java:start(163)) - XceiverServerGrpc f5a90a23-db6d-4122-980c-2c6f67b12274 is started using port 32884
2019-08-29 09:32:01,341 | INFO  | SCMAudit | user=jenkins1000 | ip=192.168.34.42 | op=GET_VERSION null | ret=SUCCESS |  
2019-08-29 09:32:01,354 [Datanode State Machine Thread - 0] INFO  ozoneimpl.OzoneContainer (OzoneContainer.java:start(201)) - Attempting to start container services.
2019-08-29 09:32:01,355 [Datanode State Machine Thread - 0] INFO  ozoneimpl.OzoneContainer (OzoneContainer.java:startContainerScrub(175)) - Background container scrubber has been disabled by hdds.containerscrub.enabled
2019-08-29 09:32:01,355 [Datanode State Machine Thread - 0] INFO  ratis.XceiverServerRatis (XceiverServerRatis.java:start(393)) - Starting XceiverServerRatis 04dfc250-5117-40ee-9223-ddc31d2a7fac at port 0
2019-08-29 09:32:01,360 [Datanode State Machine Thread - 0] INFO  impl.RaftServerProxy (RaftServerProxy.java:lambda$start$3(299)) - 04dfc250-5117-40ee-9223-ddc31d2a7fac: start RPC server
2019-08-29 09:32:01,363 [Datanode State Machine Thread - 0] INFO  server.GrpcService (GrpcService.java:startImpl(149)) - 04dfc250-5117-40ee-9223-ddc31d2a7fac: GrpcService started, listening on 0.0.0.0/0.0.0.0:45149
2019-08-29 09:32:01,364 [Datanode State Machine Thread - 0] INFO  ratis.XceiverServerRatis (XceiverServerRatis.java:start(403)) - XceiverServerRatis 04dfc250-5117-40ee-9223-ddc31d2a7fac is started using port 45149
2019-08-29 09:32:01,364 [Datanode State Machine Thread - 0] INFO  server.XceiverServerGrpc (XceiverServerGrpc.java:start(163)) - XceiverServerGrpc 04dfc250-5117-40ee-9223-ddc31d2a7fac is started using port 44957
2019-08-29 09:32:01,409 | INFO  | SCMAudit | user=jenkins1000 | ip=192.168.34.42 | op=GET_VERSION null | ret=SUCCESS |  
2019-08-29 09:32:01,431 [Datanode State Machine Thread - 0] INFO  ozoneimpl.OzoneContainer (OzoneContainer.java:start(201)) - Attempting to start container services.
2019-08-29 09:32:01,431 [Datanode State Machine Thread - 0] INFO  ozoneimpl.OzoneContainer (OzoneContainer.java:startContainerScrub(175)) - Background container scrubber has been disabled by hdds.containerscrub.enabled
2019-08-29 09:32:01,431 [Datanode State Machine Thread - 0] INFO  ratis.XceiverServerRatis (XceiverServerRatis.java:start(393)) - Starting XceiverServerRatis f5689991-66b6-42db-ba36-9ef251e0e30a at port 0
2019-08-29 09:32:01,437 [Datanode State Machine Thread - 0] INFO  impl.RaftServerProxy (RaftServerProxy.java:lambda$start$3(299)) - f5689991-66b6-42db-ba36-9ef251e0e30a: start RPC server
2019-08-29 09:32:01,441 [Datanode State Machine Thread - 0] INFO  server.GrpcService (GrpcService.java:startImpl(149)) - f5689991-66b6-42db-ba36-9ef251e0e30a: GrpcService started, listening on 0.0.0.0/0.0.0.0:41632
2019-08-29 09:32:01,441 [Datanode State Machine Thread - 0] INFO  ratis.XceiverServerRatis (XceiverServerRatis.java:start(403)) - XceiverServerRatis f5689991-66b6-42db-ba36-9ef251e0e30a is started using port 41632
2019-08-29 09:32:01,442 [Datanode State Machine Thread - 0] INFO  server.XceiverServerGrpc (XceiverServerGrpc.java:start(163)) - XceiverServerGrpc f5689991-66b6-42db-ba36-9ef251e0e30a is started using port 46848
2019-08-29 09:32:01,484 [main] INFO  ozone.MiniOzoneClusterImpl (MiniOzoneClusterImpl.java:lambda$waitForClusterToBeReady$0(140)) - Waiting for cluster to be ready. Got 0 of 7 DN Heartbeats.
2019-08-29 09:32:01,488 | INFO  | SCMAudit | user=jenkins1000 | ip=192.168.34.42 | op=GET_VERSION null | ret=SUCCESS |  
2019-08-29 09:32:01,502 [Datanode State Machine Thread - 0] INFO  ozoneimpl.OzoneContainer (OzoneContainer.java:start(201)) - Attempting to start container services.
2019-08-29 09:32:01,502 [Datanode State Machine Thread - 0] INFO  ozoneimpl.OzoneContainer (OzoneContainer.java:startContainerScrub(175)) - Background container scrubber has been disabled by hdds.containerscrub.enabled
2019-08-29 09:32:01,503 [Datanode State Machine Thread - 0] INFO  ratis.XceiverServerRatis (XceiverServerRatis.java:start(393)) - Starting XceiverServerRatis 95e6fe0d-ba63-44f7-8a45-847da5452504 at port 0
2019-08-29 09:32:01,510 [Datanode State Machine Thread - 0] INFO  impl.RaftServerProxy (RaftServerProxy.java:lambda$start$3(299)) - 95e6fe0d-ba63-44f7-8a45-847da5452504: start RPC server
2019-08-29 09:32:01,511 [Datanode State Machine Thread - 0] INFO  server.GrpcService (GrpcService.java:startImpl(149)) - 95e6fe0d-ba63-44f7-8a45-847da5452504: GrpcService started, listening on 0.0.0.0/0.0.0.0:35967
2019-08-29 09:32:01,511 [Datanode State Machine Thread - 0] INFO  ratis.XceiverServerRatis (XceiverServerRatis.java:start(403)) - XceiverServerRatis 95e6fe0d-ba63-44f7-8a45-847da5452504 is started using port 35967
2019-08-29 09:32:01,512 [Datanode State Machine Thread - 0] INFO  server.XceiverServerGrpc (XceiverServerGrpc.java:start(163)) - XceiverServerGrpc 95e6fe0d-ba63-44f7-8a45-847da5452504 is started using port 38827
2019-08-29 09:32:02,485 [main] INFO  ozone.MiniOzoneClusterImpl (MiniOzoneClusterImpl.java:lambda$waitForClusterToBeReady$0(140)) - Waiting for cluster to be ready. Got 0 of 7 DN Heartbeats.
2019-08-29 09:32:03,071 [IPC Server handler 1 on 40359] INFO  net.NetworkTopology (NetworkTopologyImpl.java:add(110)) - Added a new node: /default-rack/cffcff0f-2752-46f1-bb20-4150682c084f
2019-08-29 09:32:03,073 [IPC Server handler 1 on 40359] INFO  node.SCMNodeManager (SCMNodeManager.java:register(273)) - Registered Data node : cffcff0f-2752-46f1-bb20-4150682c084f{ip: 192.168.34.42, host: pr-hdds-1054-cqztt-1934904501, networkLocation: /default-rack, certSerialId: null}
2019-08-29 09:32:03,074 [EventQueue-NodeRegistrationContainerReportForDataNodeSafeModeRule] INFO  safemode.SCMSafeModeManager (DataNodeSafeModeRule.java:process(71)) - SCM in safe mode. 1 DataNodes registered, 1 required.
2019-08-29 09:32:03,074 | INFO  | SCMAudit | user=jenkins1000 | ip=192.168.34.42 | op=REGISTER {datanodeDetails=cffcff0f-2752-46f1-bb20-4150682c084f{ip: 192.168.34.42, host: pr-hdds-1054-cqztt-1934904501, networkLocation: /default-rack, certSerialId: null}} | ret=SUCCESS |  
2019-08-29 09:32:03,077 [EventQueue-NodeRegistrationContainerReportForDataNodeSafeModeRule] INFO  safemode.SCMSafeModeManager (SCMSafeModeManager.java:validateSafeModeExitRules(177)) - ScmSafeModeManager, all rules are successfully validated
2019-08-29 09:32:03,077 [EventQueue-NodeRegistrationContainerReportForDataNodeSafeModeRule] INFO  safemode.SCMSafeModeManager (SCMSafeModeManager.java:exitSafeMode(193)) - SCM exiting safe mode.
2019-08-29 09:32:03,091 [grpc-default-executor-1] INFO  impl.RaftServerProxy (RaftServerProxy.java:addNew(89)) - cffcff0f-2752-46f1-bb20-4150682c084f: addNew group-4FE413DF0DA5:[cffcff0f-2752-46f1-bb20-4150682c084f:192.168.34.42:36452] returns group-4FE413DF0DA5:java.util.concurrent.CompletableFuture@50011d5d[Not completed]
2019-08-29 09:32:03,092 [pool-119-thread-1] INFO  impl.RaftServerImpl (RaftServerImpl.java:<init>(93)) - cffcff0f-2752-46f1-bb20-4150682c084f: new RaftServerImpl for group-4FE413DF0DA5:[cffcff0f-2752-46f1-bb20-4150682c084f:192.168.34.42:36452] with ContainerStateMachine:uninitialized
2019-08-29 09:32:03,093 [pool-119-thread-1] INFO  server.RaftServerConfigKeys (ConfUtils.java:logGet(43)) - raft.server.rpc.timeout.min = 5s (custom)
2019-08-29 09:32:03,093 [pool-119-thread-1] INFO  server.RaftServerConfigKeys (ConfUtils.java:logGet(43)) - raft.server.rpc.timeout.max = 5200ms (custom)
2019-08-29 09:32:03,093 [pool-119-thread-1] INFO  server.RaftServerConfigKeys (ConfUtils.java:logGet(43)) - raft.server.rpcslowness.timeout = 120s (custom)
2019-08-29 09:32:03,093 [pool-119-thread-1] INFO  server.RaftServerConfigKeys (ConfUtils.java:logGet(43)) - raft.server.sleep.deviation.threshold = 300 (default)
2019-08-29 09:32:03,093 [pool-119-thread-1] INFO  server.RaftServerConfigKeys (ConfUtils.java:logGet(43)) - raft.server.log.appender.install.snapshot.enabled = false (custom)
2019-08-29 09:32:03,093 [pool-119-thread-1] INFO  impl.RaftServerImpl (ServerState.java:<init>(105)) - cffcff0f-2752-46f1-bb20-4150682c084f:group-4FE413DF0DA5 ConfigurationManager, init=-1: [cffcff0f-2752-46f1-bb20-4150682c084f:192.168.34.42:36452], old=null, confs=<EMPTY_MAP>
2019-08-29 09:32:03,094 [pool-119-thread-1] INFO  server.RaftServerConfigKeys (ConfUtils.java:logGet(43)) - raft.server.storage.dir = [/workdir/hadoop-ozone/integration-test/target/test-dir/MiniOzoneClusterImpl-758e1504-11ab-426e-b149-dc7346353a64/datanode-0/data/ratis] (custom)
2019-08-29 09:32:03,094 [pool-119-thread-1] INFO  storage.RaftStorageDirectory (RaftStorageDirectory.java:analyzeStorage(246)) - The storage directory /workdir/hadoop-ozone/integration-test/target/test-dir/MiniOzoneClusterImpl-758e1504-11ab-426e-b149-dc7346353a64/datanode-0/data/ratis/25ad191c-8ac1-4a0a-8b21-4fe413df0da5 does not exist. Creating ...
2019-08-29 09:32:03,113 [pool-119-thread-1] INFO  storage.RaftStorageDirectory (RaftStorageDirectory.java:tryLock(328)) - Lock on /workdir/hadoop-ozone/integration-test/target/test-dir/MiniOzoneClusterImpl-758e1504-11ab-426e-b149-dc7346353a64/datanode-0/data/ratis/25ad191c-8ac1-4a0a-8b21-4fe413df0da5/in_use.lock acquired by nodename 11264@pr-hdds-1054-cqztt-1934904501
2019-08-29 09:32:03,127 [pool-119-thread-1] INFO  storage.RaftStorage (RaftStorage.java:format(72)) - Storage directory /workdir/hadoop-ozone/integration-test/target/test-dir/MiniOzoneClusterImpl-758e1504-11ab-426e-b149-dc7346353a64/datanode-0/data/ratis/25ad191c-8ac1-4a0a-8b21-4fe413df0da5 has been successfully formatted.
2019-08-29 09:32:03,128 [pool-119-thread-1] INFO  ratis.ContainerStateMachine (ContainerStateMachine.java:loadSnapshot(227)) - group-4FE413DF0DA5: The snapshot info is null. Setting the last applied indexto:(t:0, i:~)
2019-08-29 09:32:03,128 [pool-119-thread-1] INFO  server.RaftServerConfigKeys (ConfUtils.java:logGet(43)) - raft.server.leader.election.timeout = 120s (custom)
2019-08-29 09:32:03,128 [pool-119-thread-1] INFO  server.RaftServerConfigKeys (ConfUtils.java:logGet(43)) - raft.server.log.use.memory = false (default)
2019-08-29 09:32:03,129 [pool-119-thread-1] INFO  server.RaftServerConfigKeys (ConfUtils.java:logGet(43)) - raft.server.log.purge.gap = 1000000 (custom)
2019-08-29 09:32:03,129 [pool-119-thread-1] INFO  server.RaftServerConfigKeys (ConfUtils.java:logGet(43)) - raft.server.log.appender.buffer.byte-limit = 33554432 (custom)
2019-08-29 09:32:03,129 [pool-119-thread-1] INFO  server.RaftServerConfigKeys (ConfUtils.java:logGet(43)) - raft.server.log.segment.size.max = 1048576 (custom)
2019-08-29 09:32:03,129 [pool-119-thread-1] INFO  server.RaftServerConfigKeys (ConfUtils.java:logGet(43)) - raft.server.log.segment.cache.num.max = 2 (custom)
2019-08-29 09:32:03,129 [pool-119-thread-1] INFO  segmented.SegmentedRaftLogWorker (SegmentedRaftLogWorker.java:<init>(172)) - new cffcff0f-2752-46f1-bb20-4150682c084f-SegmentedRaftLogWorker:Storage Directory /workdir/hadoop-ozone/integration-test/target/test-dir/MiniOzoneClusterImpl-758e1504-11ab-426e-b149-dc7346353a64/datanode-0/data/ratis/25ad191c-8ac1-4a0a-8b21-4fe413df0da5 for RaftStorage:Storage Directory /workdir/hadoop-ozone/integration-test/target/test-dir/MiniOzoneClusterImpl-758e1504-11ab-426e-b149-dc7346353a64/datanode-0/data/ratis/25ad191c-8ac1-4a0a-8b21-4fe413df0da5
2019-08-29 09:32:03,130 [pool-119-thread-1] INFO  server.RaftServerConfigKeys (ConfUtils.java:logGet(43)) - raft.server.log.queue.byte-limit = 2147483647 (custom)
2019-08-29 09:32:03,130 [pool-119-thread-1] INFO  server.RaftServerConfigKeys (ConfUtils.java:logGet(43)) - raft.server.log.queue.element-limit = 1024 (custom)
2019-08-29 09:32:03,130 [pool-119-thread-1] INFO  server.RaftServerConfigKeys (ConfUtils.java:logGet(43)) - raft.server.log.segment.size.max = 1048576 (custom)
2019-08-29 09:32:03,131 [pool-119-thread-1] INFO  server.RaftServerConfigKeys (ConfUtils.java:logGet(43)) - raft.server.log.preallocated.size = 16384 (custom)
2019-08-29 09:32:03,131 [pool-119-thread-1] INFO  server.RaftServerConfigKeys (ConfUtils.java:logGet(43)) - raft.server.log.write.buffer.size = 33554432 (custom)
2019-08-29 09:32:03,131 [pool-119-thread-1] INFO  server.RaftServerConfigKeys (ConfUtils.java:logGet(43)) - raft.server.log.force.sync.num = 128 (default)
2019-08-29 09:32:03,131 [pool-119-thread-1] INFO  server.RaftServerConfigKeys (ConfUtils.java:logGet(43)) - raft.server.log.statemachine.data.sync = true (default)
2019-08-29 09:32:03,131 [pool-119-thread-1] INFO  server.RaftServerConfigKeys (ConfUtils.java:logGet(43)) - raft.server.log.statemachine.data.sync.timeout = 10s (default)
2019-08-29 09:32:03,131 [pool-119-thread-1] INFO  server.RaftServerConfigKeys (ConfUtils.java:logGet(43)) - raft.server.log.statemachine.data.sync.timeout.retry = -1 (default)
2019-08-29 09:32:03,132 [pool-119-thread-1] INFO  server.RaftServerConfigKeys (ConfUtils.java:logGet(43)) - raft.server.log.statemachine.data.caching.enabled = true (custom)
2019-08-29 09:32:03,132 [pool-119-thread-1] INFO  segmented.SegmentedRaftLogWorker (SegmentedRaftLogWorker.java:lambda$new$0(132)) - cffcff0f-2752-46f1-bb20-4150682c084f-SegmentedRaftLogWorker:Storage Directory /workdir/hadoop-ozone/integration-test/target/test-dir/MiniOzoneClusterImpl-758e1504-11ab-426e-b149-dc7346353a64/datanode-0/data/ratis/25ad191c-8ac1-4a0a-8b21-4fe413df0da5: flushIndex: setUnconditionally 0 -> -1
2019-08-29 09:32:03,132 [pool-119-thread-1] INFO  server.RaftServerConfigKeys (ConfUtils.java:logGet(43)) - raft.server.snapshot.auto.trigger.enabled = true (custom)
2019-08-29 09:32:03,132 [pool-119-thread-1] INFO  server.RaftServerConfigKeys (ConfUtils.java:logGet(43)) - raft.server.snapshot.auto.trigger.threshold = 10000 (custom)
2019-08-29 09:32:03,133 [pool-119-thread-1] INFO  server.RaftServerConfigKeys (ConfUtils.java:logGet(43)) - raft.server.retrycache.expirytime = 600000ms (custom)
2019-08-29 09:32:03,133 [pool-119-thread-1] INFO  impl.RaftServerImpl (RaftServerImpl.java:start(180)) - cffcff0f-2752-46f1-bb20-4150682c084f: start group-4FE413DF0DA5
2019-08-29 09:32:03,133 [pool-119-thread-1] INFO  impl.RaftServerImpl (RaftServerImpl.java:setRole(171)) - cffcff0f-2752-46f1-bb20-4150682c084f:group-4FE413DF0DA5 changes role from null to FOLLOWER at term 0 for startAsFollower
2019-08-29 09:32:03,133 [pool-119-thread-1] INFO  impl.RoleInfo (RoleInfo.java:updateAndGet(143)) - cffcff0f-2752-46f1-bb20-4150682c084f: start FollowerState
2019-08-29 09:32:03,134 [pool-119-thread-1] INFO  util.JmxRegister (JmxRegister.java:tryRegister(44)) - Successfully registered JMX Bean with object name Ratis:service=RaftServer,group=group-4FE413DF0DA5,id=cffcff0f-2752-46f1-bb20-4150682c084f
2019-08-29 09:32:03,135 [IPC Server handler 2 on 40359] INFO  net.NetworkTopology (NetworkTopologyImpl.java:add(110)) - Added a new node: /default-rack/814b1e79-91cb-4747-afef-225b562b988f
2019-08-29 09:32:03,135 [IPC Server handler 2 on 40359] INFO  node.SCMNodeManager (SCMNodeManager.java:register(273)) - Registered Data node : 814b1e79-91cb-4747-afef-225b562b988f{ip: 192.168.34.42, host: pr-hdds-1054-cqztt-1934904501, networkLocation: /default-rack, certSerialId: null}
2019-08-29 09:32:03,136 | INFO  | SCMAudit | user=jenkins1000 | ip=192.168.34.42 | op=REGISTER {datanodeDetails=814b1e79-91cb-4747-afef-225b562b988f{ip: 192.168.34.42, host: pr-hdds-1054-cqztt-1934904501, networkLocation: /default-rack, certSerialId: null}} | ret=SUCCESS |  
2019-08-29 09:32:03,136 [RatisPipelineUtilsThread] INFO  pipeline.PipelineStateManager (PipelineStateManager.java:addPipeline(56)) - Created pipeline Pipeline[ Id: 25ad191c-8ac1-4a0a-8b21-4fe413df0da5, Nodes: cffcff0f-2752-46f1-bb20-4150682c084f{ip: 192.168.34.42, host: pr-hdds-1054-cqztt-1934904501, networkLocation: /default-rack, certSerialId: null}, Type:RATIS, Factor:ONE, State:OPEN]
2019-08-29 09:32:03,144 [grpc-default-executor-1] INFO  impl.RaftServerProxy (RaftServerProxy.java:addNew(89)) - 814b1e79-91cb-4747-afef-225b562b988f: addNew group-E526EBFDC32F:[814b1e79-91cb-4747-afef-225b562b988f:192.168.34.42:45137] returns group-E526EBFDC32F:java.util.concurrent.CompletableFuture@651630c[Not completed]
2019-08-29 09:32:03,145 [pool-129-thread-1] INFO  impl.RaftServerImpl (RaftServerImpl.java:<init>(93)) - 814b1e79-91cb-4747-afef-225b562b988f: new RaftServerImpl for group-E526EBFDC32F:[814b1e79-91cb-4747-afef-225b562b988f:192.168.34.42:45137] with ContainerStateMachine:uninitialized
2019-08-29 09:32:03,145 [pool-129-thread-1] INFO  server.RaftServerConfigKeys (ConfUtils.java:logGet(43)) - raft.server.rpc.timeout.min = 5s (custom)
2019-08-29 09:32:03,145 [pool-129-thread-1] INFO  server.RaftServerConfigKeys (ConfUtils.java:logGet(43)) - raft.server.rpc.timeout.max = 5200ms (custom)
2019-08-29 09:32:03,146 [pool-129-thread-1] INFO  server.RaftServerConfigKeys (ConfUtils.java:logGet(43)) - raft.server.rpcslowness.timeout = 120s (custom)
2019-08-29 09:32:03,146 [pool-129-thread-1] INFO  server.RaftServerConfigKeys (ConfUtils.java:logGet(43)) - raft.server.sleep.deviation.threshold = 300 (default)
2019-08-29 09:32:03,146 [pool-129-thread-1] INFO  server.RaftServerConfigKeys (ConfUtils.java:logGet(43)) - raft.server.log.appender.install.snapshot.enabled = false (custom)
2019-08-29 09:32:03,146 [pool-129-thread-1] INFO  impl.RaftServerImpl (ServerState.java:<init>(105)) - 814b1e79-91cb-4747-afef-225b562b988f:group-E526EBFDC32F ConfigurationManager, init=-1: [814b1e79-91cb-4747-afef-225b562b988f:192.168.34.42:45137], old=null, confs=<EMPTY_MAP>
2019-08-29 09:32:03,146 [pool-129-thread-1] INFO  server.RaftServerConfigKeys (ConfUtils.java:logGet(43)) - raft.server.storage.dir = [/workdir/hadoop-ozone/integration-test/target/test-dir/MiniOzoneClusterImpl-758e1504-11ab-426e-b149-dc7346353a64/datanode-1/data/ratis] (custom)
2019-08-29 09:32:03,146 [pool-129-thread-1] INFO  storage.RaftStorageDirectory (RaftStorageDirectory.java:analyzeStorage(246)) - The storage directory /workdir/hadoop-ozone/integration-test/target/test-dir/MiniOzoneClusterImpl-758e1504-11ab-426e-b149-dc7346353a64/datanode-1/data/ratis/e91dfa7e-b221-4519-8835-e526ebfdc32f does not exist. Creating ...
2019-08-29 09:32:03,160 [pool-129-thread-1] INFO  storage.RaftStorageDirectory (RaftStorageDirectory.java:tryLock(328)) - Lock on /workdir/hadoop-ozone/integration-test/target/test-dir/MiniOzoneClusterImpl-758e1504-11ab-426e-b149-dc7346353a64/datanode-1/data/ratis/e91dfa7e-b221-4519-8835-e526ebfdc32f/in_use.lock acquired by nodename 11264@pr-hdds-1054-cqztt-1934904501
2019-08-29 09:32:03,173 [pool-129-thread-1] INFO  storage.RaftStorage (RaftStorage.java:format(72)) - Storage directory /workdir/hadoop-ozone/integration-test/target/test-dir/MiniOzoneClusterImpl-758e1504-11ab-426e-b149-dc7346353a64/datanode-1/data/ratis/e91dfa7e-b221-4519-8835-e526ebfdc32f has been successfully formatted.
2019-08-29 09:32:03,174 [pool-129-thread-1] INFO  ratis.ContainerStateMachine (ContainerStateMachine.java:loadSnapshot(227)) - group-E526EBFDC32F: The snapshot info is null. Setting the last applied indexto:(t:0, i:~)
2019-08-29 09:32:03,174 [pool-129-thread-1] INFO  server.RaftServerConfigKeys (ConfUtils.java:logGet(43)) - raft.server.leader.election.timeout = 120s (custom)
2019-08-29 09:32:03,174 [pool-129-thread-1] INFO  server.RaftServerConfigKeys (ConfUtils.java:logGet(43)) - raft.server.log.use.memory = false (default)
2019-08-29 09:32:03,174 [pool-129-thread-1] INFO  server.RaftServerConfigKeys (ConfUtils.java:logGet(43)) - raft.server.log.purge.gap = 1000000 (custom)
2019-08-29 09:32:03,175 [pool-129-thread-1] INFO  server.RaftServerConfigKeys (ConfUtils.java:logGet(43)) - raft.server.log.appender.buffer.byte-limit = 33554432 (custom)
2019-08-29 09:32:03,175 [pool-129-thread-1] INFO  server.RaftServerConfigKeys (ConfUtils.java:logGet(43)) - raft.server.log.segment.size.max = 1048576 (custom)
2019-08-29 09:32:03,175 [pool-129-thread-1] INFO  server.RaftServerConfigKeys (ConfUtils.java:logGet(43)) - raft.server.log.segment.cache.num.max = 2 (custom)
2019-08-29 09:32:03,175 [pool-129-thread-1] INFO  segmented.SegmentedRaftLogWorker (SegmentedRaftLogWorker.java:<init>(172)) - new 814b1e79-91cb-4747-afef-225b562b988f-SegmentedRaftLogWorker:Storage Directory /workdir/hadoop-ozone/integration-test/target/test-dir/MiniOzoneClusterImpl-758e1504-11ab-426e-b149-dc7346353a64/datanode-1/data/ratis/e91dfa7e-b221-4519-8835-e526ebfdc32f for RaftStorage:Storage Directory /workdir/hadoop-ozone/integration-test/target/test-dir/MiniOzoneClusterImpl-758e1504-11ab-426e-b149-dc7346353a64/datanode-1/data/ratis/e91dfa7e-b221-4519-8835-e526ebfdc32f
2019-08-29 09:32:03,175 [pool-129-thread-1] INFO  server.RaftServerConfigKeys (ConfUtils.java:logGet(43)) - raft.server.log.queue.byte-limit = 2147483647 (custom)
2019-08-29 09:32:03,175 [pool-129-thread-1] INFO  server.RaftServerConfigKeys (ConfUtils.java:logGet(43)) - raft.server.log.queue.element-limit = 1024 (custom)
2019-08-29 09:32:03,176 [pool-129-thread-1] INFO  server.RaftServerConfigKeys (ConfUtils.java:logGet(43)) - raft.server.log.segment.size.max = 1048576 (custom)
2019-08-29 09:32:03,176 [pool-129-thread-1] INFO  server.RaftServerConfigKeys (ConfUtils.java:logGet(43)) - raft.server.log.preallocated.size = 16384 (custom)
2019-08-29 09:32:03,176 [pool-129-thread-1] INFO  server.RaftServerConfigKeys (ConfUtils.java:logGet(43)) - raft.server.log.write.buffer.size = 33554432 (custom)
2019-08-29 09:32:03,176 [pool-129-thread-1] INFO  server.RaftServerConfigKeys (ConfUtils.java:logGet(43)) - raft.server.log.force.sync.num = 128 (default)
2019-08-29 09:32:03,176 [pool-129-thread-1] INFO  server.RaftServerConfigKeys (ConfUtils.java:logGet(43)) - raft.server.log.statemachine.data.sync = true (default)
2019-08-29 09:32:03,177 [pool-129-thread-1] INFO  server.RaftServerConfigKeys (ConfUtils.java:logGet(43)) - raft.server.log.statemachine.data.sync.timeout = 10s (default)
2019-08-29 09:32:03,177 [pool-129-thread-1] INFO  server.RaftServerConfigKeys (ConfUtils.java:logGet(43)) - raft.server.log.statemachine.data.sync.timeout.retry = -1 (default)
2019-08-29 09:32:03,177 [pool-129-thread-1] INFO  server.RaftServerConfigKeys (ConfUtils.java:logGet(43)) - raft.server.log.statemachine.data.caching.enabled = true (custom)
2019-08-29 09:32:03,177 [pool-129-thread-1] INFO  segmented.SegmentedRaftLogWorker (SegmentedRaftLogWorker.java:lambda$new$0(132)) - 814b1e79-91cb-4747-afef-225b562b988f-SegmentedRaftLogWorker:Storage Directory /workdir/hadoop-ozone/integration-test/target/test-dir/MiniOzoneClusterImpl-758e1504-11ab-426e-b149-dc7346353a64/datanode-1/data/ratis/e91dfa7e-b221-4519-8835-e526ebfdc32f: flushIndex: setUnconditionally 0 -> -1
2019-08-29 09:32:03,178 [pool-129-thread-1] INFO  server.RaftServerConfigKeys (ConfUtils.java:logGet(43)) - raft.server.snapshot.auto.trigger.enabled = true (custom)
2019-08-29 09:32:03,178 [pool-129-thread-1] INFO  server.RaftServerConfigKeys (ConfUtils.java:logGet(43)) - raft.server.snapshot.auto.trigger.threshold = 10000 (custom)
2019-08-29 09:32:03,178 [pool-129-thread-1] INFO  server.RaftServerConfigKeys (ConfUtils.java:logGet(43)) - raft.server.retrycache.expirytime = 600000ms (custom)
2019-08-29 09:32:03,178 [pool-129-thread-1] INFO  impl.RaftServerImpl (RaftServerImpl.java:start(180)) - 814b1e79-91cb-4747-afef-225b562b988f: start group-E526EBFDC32F
2019-08-29 09:32:03,179 [pool-129-thread-1] INFO  impl.RaftServerImpl (RaftServerImpl.java:setRole(171)) - 814b1e79-91cb-4747-afef-225b562b988f:group-E526EBFDC32F changes role from null to FOLLOWER at term 0 for startAsFollower
2019-08-29 09:32:03,179 [pool-129-thread-1] INFO  impl.RoleInfo (RoleInfo.java:updateAndGet(143)) - 814b1e79-91cb-4747-afef-225b562b988f: start FollowerState
2019-08-29 09:32:03,179 [pool-129-thread-1] INFO  util.JmxRegister (JmxRegister.java:tryRegister(44)) - Successfully registered JMX Bean with object name Ratis:service=RaftServer,group=group-E526EBFDC32F,id=814b1e79-91cb-4747-afef-225b562b988f
2019-08-29 09:32:03,182 [RatisPipelineUtilsThread] INFO  pipeline.PipelineStateManager (PipelineStateManager.java:addPipeline(56)) - Created pipeline Pipeline[ Id: e91dfa7e-b221-4519-8835-e526ebfdc32f, Nodes: 814b1e79-91cb-4747-afef-225b562b988f{ip: 192.168.34.42, host: pr-hdds-1054-cqztt-1934904501, networkLocation: /default-rack, certSerialId: null}, Type:RATIS, Factor:ONE, State:OPEN]
2019-08-29 09:32:03,203 [IPC Server handler 3 on 40359] INFO  net.NetworkTopology (NetworkTopologyImpl.java:add(110)) - Added a new node: /default-rack/6a76bae0-5bcd-450f-b761-84a239d32397
2019-08-29 09:32:03,203 [IPC Server handler 3 on 40359] INFO  node.SCMNodeManager (SCMNodeManager.java:register(273)) - Registered Data node : 6a76bae0-5bcd-450f-b761-84a239d32397{ip: 192.168.34.42, host: pr-hdds-1054-cqztt-1934904501, networkLocation: /default-rack, certSerialId: null}
2019-08-29 09:32:03,204 | INFO  | SCMAudit | user=jenkins1000 | ip=192.168.34.42 | op=REGISTER {datanodeDetails=6a76bae0-5bcd-450f-b761-84a239d32397{ip: 192.168.34.42, host: pr-hdds-1054-cqztt-1934904501, networkLocation: /default-rack, certSerialId: null}} | ret=SUCCESS |  
2019-08-29 09:32:03,212 [grpc-default-executor-1] INFO  impl.RaftServerProxy (RaftServerProxy.java:addNew(89)) - 6a76bae0-5bcd-450f-b761-84a239d32397: addNew group-F14169244A89:[6a76bae0-5bcd-450f-b761-84a239d32397:192.168.34.42:33193] returns group-F14169244A89:java.util.concurrent.CompletableFuture@3361607f[Not completed]
2019-08-29 09:32:03,217 [pool-139-thread-1] INFO  impl.RaftServerImpl (RaftServerImpl.java:<init>(93)) - 6a76bae0-5bcd-450f-b761-84a239d32397: new RaftServerImpl for group-F14169244A89:[6a76bae0-5bcd-450f-b761-84a239d32397:192.168.34.42:33193] with ContainerStateMachine:uninitialized
2019-08-29 09:32:03,217 [pool-139-thread-1] INFO  server.RaftServerConfigKeys (ConfUtils.java:logGet(43)) - raft.server.rpc.timeout.min = 5s (custom)
2019-08-29 09:32:03,217 [pool-139-thread-1] INFO  server.RaftServerConfigKeys (ConfUtils.java:logGet(43)) - raft.server.rpc.timeout.max = 5200ms (custom)
2019-08-29 09:32:03,217 [pool-139-thread-1] INFO  server.RaftServerConfigKeys (ConfUtils.java:logGet(43)) - raft.server.rpcslowness.timeout = 120s (custom)
2019-08-29 09:32:03,217 [pool-139-thread-1] INFO  server.RaftServerConfigKeys (ConfUtils.java:logGet(43)) - raft.server.sleep.deviation.threshold = 300 (default)
2019-08-29 09:32:03,217 [pool-139-thread-1] INFO  server.RaftServerConfigKeys (ConfUtils.java:logGet(43)) - raft.server.log.appender.install.snapshot.enabled = false (custom)
2019-08-29 09:32:03,218 [pool-139-thread-1] INFO  impl.RaftServerImpl (ServerState.java:<init>(105)) - 6a76bae0-5bcd-450f-b761-84a239d32397:group-F14169244A89 ConfigurationManager, init=-1: [6a76bae0-5bcd-450f-b761-84a239d32397:192.168.34.42:33193], old=null, confs=<EMPTY_MAP>
2019-08-29 09:32:03,218 [pool-139-thread-1] INFO  server.RaftServerConfigKeys (ConfUtils.java:logGet(43)) - raft.server.storage.dir = [/workdir/hadoop-ozone/integration-test/target/test-dir/MiniOzoneClusterImpl-758e1504-11ab-426e-b149-dc7346353a64/datanode-2/data/ratis] (custom)
2019-08-29 09:32:03,218 [pool-139-thread-1] INFO  storage.RaftStorageDirectory (RaftStorageDirectory.java:analyzeStorage(246)) - The storage directory /workdir/hadoop-ozone/integration-test/target/test-dir/MiniOzoneClusterImpl-758e1504-11ab-426e-b149-dc7346353a64/datanode-2/data/ratis/1e9599b3-775e-4f86-8a55-f14169244a89 does not exist. Creating ...
2019-08-29 09:32:03,223 [pool-139-thread-1] INFO  storage.RaftStorageDirectory (RaftStorageDirectory.java:tryLock(328)) - Lock on /workdir/hadoop-ozone/integration-test/target/test-dir/MiniOzoneClusterImpl-758e1504-11ab-426e-b149-dc7346353a64/datanode-2/data/ratis/1e9599b3-775e-4f86-8a55-f14169244a89/in_use.lock acquired by nodename 11264@pr-hdds-1054-cqztt-1934904501
2019-08-29 09:32:03,235 [pool-139-thread-1] INFO  storage.RaftStorage (RaftStorage.java:format(72)) - Storage directory /workdir/hadoop-ozone/integration-test/target/test-dir/MiniOzoneClusterImpl-758e1504-11ab-426e-b149-dc7346353a64/datanode-2/data/ratis/1e9599b3-775e-4f86-8a55-f14169244a89 has been successfully formatted.
2019-08-29 09:32:03,236 [pool-139-thread-1] INFO  ratis.ContainerStateMachine (ContainerStateMachine.java:loadSnapshot(227)) - group-F14169244A89: The snapshot info is null. Setting the last applied indexto:(t:0, i:~)
2019-08-29 09:32:03,236 [pool-139-thread-1] INFO  server.RaftServerConfigKeys (ConfUtils.java:logGet(43)) - raft.server.leader.election.timeout = 120s (custom)
2019-08-29 09:32:03,236 [pool-139-thread-1] INFO  server.RaftServerConfigKeys (ConfUtils.java:logGet(43)) - raft.server.log.use.memory = false (default)
2019-08-29 09:32:03,236 [pool-139-thread-1] INFO  server.RaftServerConfigKeys (ConfUtils.java:logGet(43)) - raft.server.log.purge.gap = 1000000 (custom)
2019-08-29 09:32:03,236 [pool-139-thread-1] INFO  server.RaftServerConfigKeys (ConfUtils.java:logGet(43)) - raft.server.log.appender.buffer.byte-limit = 33554432 (custom)
2019-08-29 09:32:03,236 [pool-139-thread-1] INFO  server.RaftServerConfigKeys (ConfUtils.java:logGet(43)) - raft.server.log.segment.size.max = 1048576 (custom)
2019-08-29 09:32:03,236 [pool-139-thread-1] INFO  server.RaftServerConfigKeys (ConfUtils.java:logGet(43)) - raft.server.log.segment.cache.num.max = 2 (custom)
2019-08-29 09:32:03,237 [pool-139-thread-1] INFO  segmented.SegmentedRaftLogWorker (SegmentedRaftLogWorker.java:<init>(172)) - new 6a76bae0-5bcd-450f-b761-84a239d32397-SegmentedRaftLogWorker:Storage Directory /workdir/hadoop-ozone/integration-test/target/test-dir/MiniOzoneClusterImpl-758e1504-11ab-426e-b149-dc7346353a64/datanode-2/data/ratis/1e9599b3-775e-4f86-8a55-f14169244a89 for RaftStorage:Storage Directory /workdir/hadoop-ozone/integration-test/target/test-dir/MiniOzoneClusterImpl-758e1504-11ab-426e-b149-dc7346353a64/datanode-2/data/ratis/1e9599b3-775e-4f86-8a55-f14169244a89
2019-08-29 09:32:03,237 [pool-139-thread-1] INFO  server.RaftServerConfigKeys (ConfUtils.java:logGet(43)) - raft.server.log.queue.byte-limit = 2147483647 (custom)
2019-08-29 09:32:03,237 [pool-139-thread-1] INFO  server.RaftServerConfigKeys (ConfUtils.java:logGet(43)) - raft.server.log.queue.element-limit = 1024 (custom)
2019-08-29 09:32:03,237 [pool-139-thread-1] INFO  server.RaftServerConfigKeys (ConfUtils.java:logGet(43)) - raft.server.log.segment.size.max = 1048576 (custom)
2019-08-29 09:32:03,237 [pool-139-thread-1] INFO  server.RaftServerConfigKeys (ConfUtils.java:logGet(43)) - raft.server.log.preallocated.size = 16384 (custom)
2019-08-29 09:32:03,237 [pool-139-thread-1] INFO  server.RaftServerConfigKeys (ConfUtils.java:logGet(43)) - raft.server.log.write.buffer.size = 33554432 (custom)
2019-08-29 09:32:03,237 [pool-139-thread-1] INFO  server.RaftServerConfigKeys (ConfUtils.java:logGet(43)) - raft.server.log.force.sync.num = 128 (default)
2019-08-29 09:32:03,238 [pool-139-thread-1] INFO  server.RaftServerConfigKeys (ConfUtils.java:logGet(43)) - raft.server.log.statemachine.data.sync = true (default)
2019-08-29 09:32:03,238 [pool-139-thread-1] INFO  server.RaftServerConfigKeys (ConfUtils.java:logGet(43)) - raft.server.log.statemachine.data.sync.timeout = 10s (default)
2019-08-29 09:32:03,238 [pool-139-thread-1] INFO  server.RaftServerConfigKeys (ConfUtils.java:logGet(43)) - raft.server.log.statemachine.data.sync.timeout.retry = -1 (default)
2019-08-29 09:32:03,238 [pool-139-thread-1] INFO  server.RaftServerConfigKeys (ConfUtils.java:logGet(43)) - raft.server.log.statemachine.data.caching.enabled = true (custom)
2019-08-29 09:32:03,238 [pool-139-thread-1] INFO  segmented.SegmentedRaftLogWorker (SegmentedRaftLogWorker.java:lambda$new$0(132)) - 6a76bae0-5bcd-450f-b761-84a239d32397-SegmentedRaftLogWorker:Storage Directory /workdir/hadoop-ozone/integration-test/target/test-dir/MiniOzoneClusterImpl-758e1504-11ab-426e-b149-dc7346353a64/datanode-2/data/ratis/1e9599b3-775e-4f86-8a55-f14169244a89: flushIndex: setUnconditionally 0 -> -1
2019-08-29 09:32:03,239 [pool-139-thread-1] INFO  server.RaftServerConfigKeys (ConfUtils.java:logGet(43)) - raft.server.snapshot.auto.trigger.enabled = true (custom)
2019-08-29 09:32:03,239 [pool-139-thread-1] INFO  server.RaftServerConfigKeys (ConfUtils.java:logGet(43)) - raft.server.snapshot.auto.trigger.threshold = 10000 (custom)
2019-08-29 09:32:03,239 [pool-139-thread-1] INFO  server.RaftServerConfigKeys (ConfUtils.java:logGet(43)) - raft.server.retrycache.expirytime = 600000ms (custom)
2019-08-29 09:32:03,239 [pool-139-thread-1] INFO  impl.RaftServerImpl (RaftServerImpl.java:start(180)) - 6a76bae0-5bcd-450f-b761-84a239d32397: start group-F14169244A89
2019-08-29 09:32:03,239 [pool-139-thread-1] INFO  impl.RaftServerImpl (RaftServerImpl.java:setRole(171)) - 6a76bae0-5bcd-450f-b761-84a239d32397:group-F14169244A89 changes role from null to FOLLOWER at term 0 for startAsFollower
2019-08-29 09:32:03,239 [pool-139-thread-1] INFO  impl.RoleInfo (RoleInfo.java:updateAndGet(143)) - 6a76bae0-5bcd-450f-b761-84a239d32397: start FollowerState
2019-08-29 09:32:03,240 [pool-139-thread-1] INFO  util.JmxRegister (JmxRegister.java:tryRegister(44)) - Successfully registered JMX Bean with object name Ratis:service=RaftServer,group=group-F14169244A89,id=6a76bae0-5bcd-450f-b761-84a239d32397
2019-08-29 09:32:03,242 [RatisPipelineUtilsThread] INFO  pipeline.PipelineStateManager (PipelineStateManager.java:addPipeline(56)) - Created pipeline Pipeline[ Id: 1e9599b3-775e-4f86-8a55-f14169244a89, Nodes: 6a76bae0-5bcd-450f-b761-84a239d32397{ip: 192.168.34.42, host: pr-hdds-1054-cqztt-1934904501, networkLocation: /default-rack, certSerialId: null}, Type:RATIS, Factor:ONE, State:OPEN]
2019-08-29 09:32:03,255 [grpc-default-executor-0] INFO  impl.RaftServerProxy (RaftServerProxy.java:addNew(89)) - 6a76bae0-5bcd-450f-b761-84a239d32397: addNew group-38214EFEF1B1:[6a76bae0-5bcd-450f-b761-84a239d32397:192.168.34.42:33193, 814b1e79-91cb-4747-afef-225b562b988f:192.168.34.42:45137, cffcff0f-2752-46f1-bb20-4150682c084f:192.168.34.42:36452] returns group-38214EFEF1B1:java.util.concurrent.CompletableFuture@5b3a5717[Not completed]
2019-08-29 09:32:03,256 [grpc-default-executor-1] INFO  impl.RaftServerProxy (RaftServerProxy.java:addNew(89)) - 814b1e79-91cb-4747-afef-225b562b988f: addNew group-38214EFEF1B1:[6a76bae0-5bcd-450f-b761-84a239d32397:192.168.34.42:33193, 814b1e79-91cb-4747-afef-225b562b988f:192.168.34.42:45137, cffcff0f-2752-46f1-bb20-4150682c084f:192.168.34.42:36452] returns group-38214EFEF1B1:java.util.concurrent.CompletableFuture@73613fab[Not completed]
2019-08-29 09:32:03,256 [grpc-default-executor-2] INFO  impl.RaftServerProxy (RaftServerProxy.java:addNew(89)) - cffcff0f-2752-46f1-bb20-4150682c084f: addNew group-38214EFEF1B1:[6a76bae0-5bcd-450f-b761-84a239d32397:192.168.34.42:33193, 814b1e79-91cb-4747-afef-225b562b988f:192.168.34.42:45137, cffcff0f-2752-46f1-bb20-4150682c084f:192.168.34.42:36452] returns group-38214EFEF1B1:java.util.concurrent.CompletableFuture@42b93b44[Not completed]
2019-08-29 09:32:03,258 [pool-139-thread-1] INFO  impl.RaftServerImpl (RaftServerImpl.java:<init>(93)) - 6a76bae0-5bcd-450f-b761-84a239d32397: new RaftServerImpl for group-38214EFEF1B1:[6a76bae0-5bcd-450f-b761-84a239d32397:192.168.34.42:33193, 814b1e79-91cb-4747-afef-225b562b988f:192.168.34.42:45137, cffcff0f-2752-46f1-bb20-4150682c084f:192.168.34.42:36452] with ContainerStateMachine:uninitialized
2019-08-29 09:32:03,259 [pool-139-thread-1] INFO  server.RaftServerConfigKeys (ConfUtils.java:logGet(43)) - raft.server.rpc.timeout.min = 5s (custom)
2019-08-29 09:32:03,259 [pool-139-thread-1] INFO  server.RaftServerConfigKeys (ConfUtils.java:logGet(43)) - raft.server.rpc.timeout.max = 5200ms (custom)
2019-08-29 09:32:03,259 [pool-139-thread-1] INFO  server.RaftServerConfigKeys (ConfUtils.java:logGet(43)) - raft.server.rpcslowness.timeout = 120s (custom)
2019-08-29 09:32:03,259 [pool-139-thread-1] INFO  server.RaftServerConfigKeys (ConfUtils.java:logGet(43)) - raft.server.sleep.deviation.threshold = 300 (default)
2019-08-29 09:32:03,259 [pool-139-thread-1] INFO  server.RaftServerConfigKeys (ConfUtils.java:logGet(43)) - raft.server.log.appender.install.snapshot.enabled = false (custom)
2019-08-29 09:32:03,260 [pool-139-thread-1] INFO  impl.RaftServerImpl (ServerState.java:<init>(105)) - 6a76bae0-5bcd-450f-b761-84a239d32397:group-38214EFEF1B1 ConfigurationManager, init=-1: [6a76bae0-5bcd-450f-b761-84a239d32397:192.168.34.42:33193, 814b1e79-91cb-4747-afef-225b562b988f:192.168.34.42:45137, cffcff0f-2752-46f1-bb20-4150682c084f:192.168.34.42:36452], old=null, confs=<EMPTY_MAP>
2019-08-29 09:32:03,260 [pool-139-thread-1] INFO  server.RaftServerConfigKeys (ConfUtils.java:logGet(43)) - raft.server.storage.dir = [/workdir/hadoop-ozone/integration-test/target/test-dir/MiniOzoneClusterImpl-758e1504-11ab-426e-b149-dc7346353a64/datanode-2/data/ratis] (custom)
2019-08-29 09:32:03,260 [pool-119-thread-1] INFO  impl.RaftServerImpl (RaftServerImpl.java:<init>(93)) - cffcff0f-2752-46f1-bb20-4150682c084f: new RaftServerImpl for group-38214EFEF1B1:[6a76bae0-5bcd-450f-b761-84a239d32397:192.168.34.42:33193, 814b1e79-91cb-4747-afef-225b562b988f:192.168.34.42:45137, cffcff0f-2752-46f1-bb20-4150682c084f:192.168.34.42:36452] with ContainerStateMachine:uninitialized
2019-08-29 09:32:03,260 [pool-119-thread-1] INFO  server.RaftServerConfigKeys (ConfUtils.java:logGet(43)) - raft.server.rpc.timeout.min = 5s (custom)
2019-08-29 09:32:03,260 [pool-139-thread-1] INFO  storage.RaftStorageDirectory (RaftStorageDirectory.java:analyzeStorage(246)) - The storage directory /workdir/hadoop-ozone/integration-test/target/test-dir/MiniOzoneClusterImpl-758e1504-11ab-426e-b149-dc7346353a64/datanode-2/data/ratis/c30f231f-ac51-4916-a9d0-38214efef1b1 does not exist. Creating ...
2019-08-29 09:32:03,261 [pool-119-thread-1] INFO  server.RaftServerConfigKeys (ConfUtils.java:logGet(43)) - raft.server.rpc.timeout.max = 5200ms (custom)
2019-08-29 09:32:03,261 [pool-129-thread-1] INFO  impl.RaftServerImpl (RaftServerImpl.java:<init>(93)) - 814b1e79-91cb-4747-afef-225b562b988f: new RaftServerImpl for group-38214EFEF1B1:[6a76bae0-5bcd-450f-b761-84a239d32397:192.168.34.42:33193, 814b1e79-91cb-4747-afef-225b562b988f:192.168.34.42:45137, cffcff0f-2752-46f1-bb20-4150682c084f:192.168.34.42:36452] with ContainerStateMachine:uninitialized
2019-08-29 09:32:03,261 [pool-119-thread-1] INFO  server.RaftServerConfigKeys (ConfUtils.java:logGet(43)) - raft.server.rpcslowness.timeout = 120s (custom)
2019-08-29 09:32:03,261 [pool-129-thread-1] INFO  server.RaftServerConfigKeys (ConfUtils.java:logGet(43)) - raft.server.rpc.timeout.min = 5s (custom)
2019-08-29 09:32:03,261 [pool-119-thread-1] INFO  server.RaftServerConfigKeys (ConfUtils.java:logGet(43)) - raft.server.sleep.deviation.threshold = 300 (default)
2019-08-29 09:32:03,261 [pool-129-thread-1] INFO  server.RaftServerConfigKeys (ConfUtils.java:logGet(43)) - raft.server.rpc.timeout.max = 5200ms (custom)
2019-08-29 09:32:03,262 [pool-119-thread-1] INFO  server.RaftServerConfigKeys (ConfUtils.java:logGet(43)) - raft.server.log.appender.install.snapshot.enabled = false (custom)
2019-08-29 09:32:03,262 [pool-129-thread-1] INFO  server.RaftServerConfigKeys (ConfUtils.java:logGet(43)) - raft.server.rpcslowness.timeout = 120s (custom)
2019-08-29 09:32:03,262 [pool-119-thread-1] INFO  impl.RaftServerImpl (ServerState.java:<init>(105)) - cffcff0f-2752-46f1-bb20-4150682c084f:group-38214EFEF1B1 ConfigurationManager, init=-1: [6a76bae0-5bcd-450f-b761-84a239d32397:192.168.34.42:33193, 814b1e79-91cb-4747-afef-225b562b988f:192.168.34.42:45137, cffcff0f-2752-46f1-bb20-4150682c084f:192.168.34.42:36452], old=null, confs=<EMPTY_MAP>
2019-08-29 09:32:03,262 [pool-129-thread-1] INFO  server.RaftServerConfigKeys (ConfUtils.java:logGet(43)) - raft.server.sleep.deviation.threshold = 300 (default)
2019-08-29 09:32:03,262 [pool-119-thread-1] INFO  server.RaftServerConfigKeys (ConfUtils.java:logGet(43)) - raft.server.storage.dir = [/workdir/hadoop-ozone/integration-test/target/test-dir/MiniOzoneClusterImpl-758e1504-11ab-426e-b149-dc7346353a64/datanode-0/data/ratis] (custom)
2019-08-29 09:32:03,262 [pool-129-thread-1] INFO  server.RaftServerConfigKeys (ConfUtils.java:logGet(43)) - raft.server.log.appender.install.snapshot.enabled = false (custom)
2019-08-29 09:32:03,262 [pool-129-thread-1] INFO  impl.RaftServerImpl (ServerState.java:<init>(105)) - 814b1e79-91cb-4747-afef-225b562b988f:group-38214EFEF1B1 ConfigurationManager, init=-1: [6a76bae0-5bcd-450f-b761-84a239d32397:192.168.34.42:33193, 814b1e79-91cb-4747-afef-225b562b988f:192.168.34.42:45137, cffcff0f-2752-46f1-bb20-4150682c084f:192.168.34.42:36452], old=null, confs=<EMPTY_MAP>
2019-08-29 09:32:03,263 [pool-129-thread-1] INFO  server.RaftServerConfigKeys (ConfUtils.java:logGet(43)) - raft.server.storage.dir = [/workdir/hadoop-ozone/integration-test/target/test-dir/MiniOzoneClusterImpl-758e1504-11ab-426e-b149-dc7346353a64/datanode-1/data/ratis] (custom)
2019-08-29 09:32:03,263 [pool-119-thread-1] INFO  storage.RaftStorageDirectory (RaftStorageDirectory.java:analyzeStorage(246)) - The storage directory /workdir/hadoop-ozone/integration-test/target/test-dir/MiniOzoneClusterImpl-758e1504-11ab-426e-b149-dc7346353a64/datanode-0/data/ratis/c30f231f-ac51-4916-a9d0-38214efef1b1 does not exist. Creating ...
2019-08-29 09:32:03,263 [pool-129-thread-1] INFO  storage.RaftStorageDirectory (RaftStorageDirectory.java:analyzeStorage(246)) - The storage directory /workdir/hadoop-ozone/integration-test/target/test-dir/MiniOzoneClusterImpl-758e1504-11ab-426e-b149-dc7346353a64/datanode-1/data/ratis/c30f231f-ac51-4916-a9d0-38214efef1b1 does not exist. Creating ...
2019-08-29 09:32:03,272 [IPC Server handler 4 on 40359] INFO  net.NetworkTopology (NetworkTopologyImpl.java:add(110)) - Added a new node: /default-rack/f5a90a23-db6d-4122-980c-2c6f67b12274
2019-08-29 09:32:03,272 [IPC Server handler 4 on 40359] INFO  node.SCMNodeManager (SCMNodeManager.java:register(273)) - Registered Data node : f5a90a23-db6d-4122-980c-2c6f67b12274{ip: 192.168.34.42, host: pr-hdds-1054-cqztt-1934904501, networkLocation: /default-rack, certSerialId: null}
2019-08-29 09:32:03,272 | INFO  | SCMAudit | user=jenkins1000 | ip=192.168.34.42 | op=REGISTER {datanodeDetails=f5a90a23-db6d-4122-980c-2c6f67b12274{ip: 192.168.34.42, host: pr-hdds-1054-cqztt-1934904501, networkLocation: /default-rack, certSerialId: null}} | ret=SUCCESS |  
2019-08-29 09:32:03,274 [pool-129-thread-1] INFO  storage.RaftStorageDirectory (RaftStorageDirectory.java:tryLock(328)) - Lock on /workdir/hadoop-ozone/integration-test/target/test-dir/MiniOzoneClusterImpl-758e1504-11ab-426e-b149-dc7346353a64/datanode-1/data/ratis/c30f231f-ac51-4916-a9d0-38214efef1b1/in_use.lock acquired by nodename 11264@pr-hdds-1054-cqztt-1934904501
2019-08-29 09:32:03,274 [pool-139-thread-1] INFO  storage.RaftStorageDirectory (RaftStorageDirectory.java:tryLock(328)) - Lock on /workdir/hadoop-ozone/integration-test/target/test-dir/MiniOzoneClusterImpl-758e1504-11ab-426e-b149-dc7346353a64/datanode-2/data/ratis/c30f231f-ac51-4916-a9d0-38214efef1b1/in_use.lock acquired by nodename 11264@pr-hdds-1054-cqztt-1934904501
2019-08-29 09:32:03,274 [pool-119-thread-1] INFO  storage.RaftStorageDirectory (RaftStorageDirectory.java:tryLock(328)) - Lock on /workdir/hadoop-ozone/integration-test/target/test-dir/MiniOzoneClusterImpl-758e1504-11ab-426e-b149-dc7346353a64/datanode-0/data/ratis/c30f231f-ac51-4916-a9d0-38214efef1b1/in_use.lock acquired by nodename 11264@pr-hdds-1054-cqztt-1934904501
2019-08-29 09:32:03,288 [pool-129-thread-1] INFO  storage.RaftStorage (RaftStorage.java:format(72)) - Storage directory /workdir/hadoop-ozone/integration-test/target/test-dir/MiniOzoneClusterImpl-758e1504-11ab-426e-b149-dc7346353a64/datanode-1/data/ratis/c30f231f-ac51-4916-a9d0-38214efef1b1 has been successfully formatted.
2019-08-29 09:32:03,288 [pool-119-thread-1] INFO  storage.RaftStorage (RaftStorage.java:format(72)) - Storage directory /workdir/hadoop-ozone/integration-test/target/test-dir/MiniOzoneClusterImpl-758e1504-11ab-426e-b149-dc7346353a64/datanode-0/data/ratis/c30f231f-ac51-4916-a9d0-38214efef1b1 has been successfully formatted.
2019-08-29 09:32:03,288 [pool-139-thread-1] INFO  storage.RaftStorage (RaftStorage.java:format(72)) - Storage directory /workdir/hadoop-ozone/integration-test/target/test-dir/MiniOzoneClusterImpl-758e1504-11ab-426e-b149-dc7346353a64/datanode-2/data/ratis/c30f231f-ac51-4916-a9d0-38214efef1b1 has been successfully formatted.
2019-08-29 09:32:03,288 [pool-129-thread-1] INFO  ratis.ContainerStateMachine (ContainerStateMachine.java:loadSnapshot(227)) - group-38214EFEF1B1: The snapshot info is null. Setting the last applied indexto:(t:0, i:~)
2019-08-29 09:32:03,289 [pool-119-thread-1] INFO  ratis.ContainerStateMachine (ContainerStateMachine.java:loadSnapshot(227)) - group-38214EFEF1B1: The snapshot info is null. Setting the last applied indexto:(t:0, i:~)
2019-08-29 09:32:03,289 [pool-139-thread-1] INFO  ratis.ContainerStateMachine (ContainerStateMachine.java:loadSnapshot(227)) - group-38214EFEF1B1: The snapshot info is null. Setting the last applied indexto:(t:0, i:~)
2019-08-29 09:32:03,289 [pool-129-thread-1] INFO  server.RaftServerConfigKeys (ConfUtils.java:logGet(43)) - raft.server.leader.election.timeout = 120s (custom)
2019-08-29 09:32:03,289 [pool-139-thread-1] INFO  server.RaftServerConfigKeys (ConfUtils.java:logGet(43)) - raft.server.leader.election.timeout = 120s (custom)
2019-08-29 09:32:03,289 [pool-119-thread-1] INFO  server.RaftServerConfigKeys (ConfUtils.java:logGet(43)) - raft.server.leader.election.timeout = 120s (custom)
2019-08-29 09:32:03,289 [pool-139-thread-1] INFO  server.RaftServerConfigKeys (ConfUtils.java:logGet(43)) - raft.server.log.use.memory = false (default)
2019-08-29 09:32:03,289 [pool-129-thread-1] INFO  server.RaftServerConfigKeys (ConfUtils.java:logGet(43)) - raft.server.log.use.memory = false (default)
2019-08-29 09:32:03,289 [pool-139-thread-1] INFO  server.RaftServerConfigKeys (ConfUtils.java:logGet(43)) - raft.server.log.purge.gap = 1000000 (custom)
2019-08-29 09:32:03,289 [pool-119-thread-1] INFO  server.RaftServerConfigKeys (ConfUtils.java:logGet(43)) - raft.server.log.use.memory = false (default)
2019-08-29 09:32:03,290 [pool-139-thread-1] INFO  server.RaftServerConfigKeys (ConfUtils.java:logGet(43)) - raft.server.log.appender.buffer.byte-limit = 33554432 (custom)
2019-08-29 09:32:03,289 [pool-129-thread-1] INFO  server.RaftServerConfigKeys (ConfUtils.java:logGet(43)) - raft.server.log.purge.gap = 1000000 (custom)
2019-08-29 09:32:03,290 [pool-139-thread-1] INFO  server.RaftServerConfigKeys (ConfUtils.java:logGet(43)) - raft.server.log.segment.size.max = 1048576 (custom)
2019-08-29 09:32:03,290 [pool-119-thread-1] INFO  server.RaftServerConfigKeys (ConfUtils.java:logGet(43)) - raft.server.log.purge.gap = 1000000 (custom)
2019-08-29 09:32:03,290 [pool-139-thread-1] INFO  server.RaftServerConfigKeys (ConfUtils.java:logGet(43)) - raft.server.log.segment.cache.num.max = 2 (custom)
2019-08-29 09:32:03,290 [pool-129-thread-1] INFO  server.RaftServerConfigKeys (ConfUtils.java:logGet(43)) - raft.server.log.appender.buffer.byte-limit = 33554432 (custom)
2019-08-29 09:32:03,290 [pool-139-thread-1] INFO  segmented.SegmentedRaftLogWorker (SegmentedRaftLogWorker.java:<init>(172)) - new 6a76bae0-5bcd-450f-b761-84a239d32397-SegmentedRaftLogWorker:Storage Directory /workdir/hadoop-ozone/integration-test/target/test-dir/MiniOzoneClusterImpl-758e1504-11ab-426e-b149-dc7346353a64/datanode-2/data/ratis/c30f231f-ac51-4916-a9d0-38214efef1b1 for RaftStorage:Storage Directory /workdir/hadoop-ozone/integration-test/target/test-dir/MiniOzoneClusterImpl-758e1504-11ab-426e-b149-dc7346353a64/datanode-2/data/ratis/c30f231f-ac51-4916-a9d0-38214efef1b1
2019-08-29 09:32:03,290 [pool-119-thread-1] INFO  server.RaftServerConfigKeys (ConfUtils.java:logGet(43)) - raft.server.log.appender.buffer.byte-limit = 33554432 (custom)
2019-08-29 09:32:03,290 [pool-139-thread-1] INFO  server.RaftServerConfigKeys (ConfUtils.java:logGet(43)) - raft.server.log.queue.byte-limit = 2147483647 (custom)
2019-08-29 09:32:03,290 [pool-129-thread-1] INFO  server.RaftServerConfigKeys (ConfUtils.java:logGet(43)) - raft.server.log.segment.size.max = 1048576 (custom)
2019-08-29 09:32:03,291 [pool-139-thread-1] INFO  server.RaftServerConfigKeys (ConfUtils.java:logGet(43)) - raft.server.log.queue.element-limit = 1024 (custom)
2019-08-29 09:32:03,291 [pool-119-thread-1] INFO  server.RaftServerConfigKeys (ConfUtils.java:logGet(43)) - raft.server.log.segment.size.max = 1048576 (custom)
2019-08-29 09:32:03,291 [pool-139-thread-1] INFO  server.RaftServerConfigKeys (ConfUtils.java:logGet(43)) - raft.server.log.segment.size.max = 1048576 (custom)
2019-08-29 09:32:03,291 [pool-129-thread-1] INFO  server.RaftServerConfigKeys (ConfUtils.java:logGet(43)) - raft.server.log.segment.cache.num.max = 2 (custom)
2019-08-29 09:32:03,291 [pool-139-thread-1] INFO  server.RaftServerConfigKeys (ConfUtils.java:logGet(43)) - raft.server.log.preallocated.size = 16384 (custom)
2019-08-29 09:32:03,291 [pool-119-thread-1] INFO  server.RaftServerConfigKeys (ConfUtils.java:logGet(43)) - raft.server.log.segment.cache.num.max = 2 (custom)
2019-08-29 09:32:03,291 [pool-139-thread-1] INFO  server.RaftServerConfigKeys (ConfUtils.java:logGet(43)) - raft.server.log.write.buffer.size = 33554432 (custom)
2019-08-29 09:32:03,291 [pool-129-thread-1] INFO  segmented.SegmentedRaftLogWorker (SegmentedRaftLogWorker.java:<init>(172)) - new 814b1e79-91cb-4747-afef-225b562b988f-SegmentedRaftLogWorker:Storage Directory /workdir/hadoop-ozone/integration-test/target/test-dir/MiniOzoneClusterImpl-758e1504-11ab-426e-b149-dc7346353a64/datanode-1/data/ratis/c30f231f-ac51-4916-a9d0-38214efef1b1 for RaftStorage:Storage Directory /workdir/hadoop-ozone/integration-test/target/test-dir/MiniOzoneClusterImpl-758e1504-11ab-426e-b149-dc7346353a64/datanode-1/data/ratis/c30f231f-ac51-4916-a9d0-38214efef1b1
2019-08-29 09:32:03,292 [pool-139-thread-1] INFO  server.RaftServerConfigKeys (ConfUtils.java:logGet(43)) - raft.server.log.force.sync.num = 128 (default)
2019-08-29 09:32:03,291 [pool-119-thread-1] INFO  segmented.SegmentedRaftLogWorker (SegmentedRaftLogWorker.java:<init>(172)) - new cffcff0f-2752-46f1-bb20-4150682c084f-SegmentedRaftLogWorker:Storage Directory /workdir/hadoop-ozone/integration-test/target/test-dir/MiniOzoneClusterImpl-758e1504-11ab-426e-b149-dc7346353a64/datanode-0/data/ratis/c30f231f-ac51-4916-a9d0-38214efef1b1 for RaftStorage:Storage Directory /workdir/hadoop-ozone/integration-test/target/test-dir/MiniOzoneClusterImpl-758e1504-11ab-426e-b149-dc7346353a64/datanode-0/data/ratis/c30f231f-ac51-4916-a9d0-38214efef1b1
2019-08-29 09:32:03,292 [pool-139-thread-1] INFO  server.RaftServerConfigKeys (ConfUtils.java:logGet(43)) - raft.server.log.statemachine.data.sync = true (default)
2019-08-29 09:32:03,292 [pool-129-thread-1] INFO  server.RaftServerConfigKeys (ConfUtils.java:logGet(43)) - raft.server.log.queue.byte-limit = 2147483647 (custom)
2019-08-29 09:32:03,292 [pool-139-thread-1] INFO  server.RaftServerConfigKeys (ConfUtils.java:logGet(43)) - raft.server.log.statemachine.data.sync.timeout = 10s (default)
2019-08-29 09:32:03,292 [pool-119-thread-1] INFO  server.RaftServerConfigKeys (ConfUtils.java:logGet(43)) - raft.server.log.queue.byte-limit = 2147483647 (custom)
2019-08-29 09:32:03,292 [pool-139-thread-1] INFO  server.RaftServerConfigKeys (ConfUtils.java:logGet(43)) - raft.server.log.statemachine.data.sync.timeout.retry = -1 (default)
2019-08-29 09:32:03,292 [pool-129-thread-1] INFO  server.RaftServerConfigKeys (ConfUtils.java:logGet(43)) - raft.server.log.queue.element-limit = 1024 (custom)
2019-08-29 09:32:03,293 [pool-139-thread-1] INFO  server.RaftServerConfigKeys (ConfUtils.java:logGet(43)) - raft.server.log.statemachine.data.caching.enabled = true (custom)
2019-08-29 09:32:03,292 [pool-119-thread-1] INFO  server.RaftServerConfigKeys (ConfUtils.java:logGet(43)) - raft.server.log.queue.element-limit = 1024 (custom)
2019-08-29 09:32:03,293 [pool-139-thread-1] INFO  segmented.SegmentedRaftLogWorker (SegmentedRaftLogWorker.java:lambda$new$0(132)) - 6a76bae0-5bcd-450f-b761-84a239d32397-SegmentedRaftLogWorker:Storage Directory /workdir/hadoop-ozone/integration-test/target/test-dir/MiniOzoneClusterImpl-758e1504-11ab-426e-b149-dc7346353a64/datanode-2/data/ratis/c30f231f-ac51-4916-a9d0-38214efef1b1: flushIndex: setUnconditionally 0 -> -1
2019-08-29 09:32:03,293 [pool-129-thread-1] INFO  server.RaftServerConfigKeys (ConfUtils.java:logGet(43)) - raft.server.log.segment.size.max = 1048576 (custom)
2019-08-29 09:32:03,293 [pool-119-thread-1] INFO  server.RaftServerConfigKeys (ConfUtils.java:logGet(43)) - raft.server.log.segment.size.max = 1048576 (custom)
2019-08-29 09:32:03,293 [pool-129-thread-1] INFO  server.RaftServerConfigKeys (ConfUtils.java:logGet(43)) - raft.server.log.preallocated.size = 16384 (custom)
2019-08-29 09:32:03,293 [pool-139-thread-1] INFO  server.RaftServerConfigKeys (ConfUtils.java:logGet(43)) - raft.server.snapshot.auto.trigger.enabled = true (custom)
2019-08-29 09:32:03,293 [pool-129-thread-1] INFO  server.RaftServerConfigKeys (ConfUtils.java:logGet(43)) - raft.server.log.write.buffer.size = 33554432 (custom)
2019-08-29 09:32:03,293 [pool-119-thread-1] INFO  server.RaftServerConfigKeys (ConfUtils.java:logGet(43)) - raft.server.log.preallocated.size = 16384 (custom)
2019-08-29 09:32:03,294 [pool-129-thread-1] INFO  server.RaftServerConfigKeys (ConfUtils.java:logGet(43)) - raft.server.log.force.sync.num = 128 (default)
2019-08-29 09:32:03,294 [pool-139-thread-1] INFO  server.RaftServerConfigKeys (ConfUtils.java:logGet(43)) - raft.server.snapshot.auto.trigger.threshold = 10000 (custom)
2019-08-29 09:32:03,294 [pool-129-thread-1] INFO  server.RaftServerConfigKeys (ConfUtils.java:logGet(43)) - raft.server.log.statemachine.data.sync = true (default)
2019-08-29 09:32:03,294 [pool-119-thread-1] INFO  server.RaftServerConfigKeys (ConfUtils.java:logGet(43)) - raft.server.log.write.buffer.size = 33554432 (custom)
2019-08-29 09:32:03,294 [pool-129-thread-1] INFO  server.RaftServerConfigKeys (ConfUtils.java:logGet(43)) - raft.server.log.statemachine.data.sync.timeout = 10s (default)
2019-08-29 09:32:03,294 [pool-139-thread-1] INFO  server.RaftServerConfigKeys (ConfUtils.java:logGet(43)) - raft.server.retrycache.expirytime = 600000ms (custom)
2019-08-29 09:32:03,295 [pool-129-thread-1] INFO  server.RaftServerConfigKeys (ConfUtils.java:logGet(43)) - raft.server.log.statemachine.data.sync.timeout.retry = -1 (default)
2019-08-29 09:32:03,294 [pool-119-thread-1] INFO  server.RaftServerConfigKeys (ConfUtils.java:logGet(43)) - raft.server.log.force.sync.num = 128 (default)
2019-08-29 09:32:03,295 [pool-129-thread-1] INFO  server.RaftServerConfigKeys (ConfUtils.java:logGet(43)) - raft.server.log.statemachine.data.caching.enabled = true (custom)
2019-08-29 09:32:03,295 [pool-139-thread-1] INFO  impl.RaftServerImpl (RaftServerImpl.java:start(180)) - 6a76bae0-5bcd-450f-b761-84a239d32397: start group-38214EFEF1B1
2019-08-29 09:32:03,295 [pool-119-thread-1] INFO  server.RaftServerConfigKeys (ConfUtils.java:logGet(43)) - raft.server.log.statemachine.data.sync = true (default)
2019-08-29 09:32:03,295 [pool-129-thread-1] INFO  segmented.SegmentedRaftLogWorker (SegmentedRaftLogWorker.java:lambda$new$0(132)) - 814b1e79-91cb-4747-afef-225b562b988f-SegmentedRaftLogWorker:Storage Directory /workdir/hadoop-ozone/integration-test/target/test-dir/MiniOzoneClusterImpl-758e1504-11ab-426e-b149-dc7346353a64/datanode-1/data/ratis/c30f231f-ac51-4916-a9d0-38214efef1b1: flushIndex: setUnconditionally 0 -> -1
2019-08-29 09:32:03,295 [pool-139-thread-1] INFO  impl.RaftServerImpl (RaftServerImpl.java:setRole(171)) - 6a76bae0-5bcd-450f-b761-84a239d32397:group-38214EFEF1B1 changes role from null to FOLLOWER at term 0 for startAsFollower
2019-08-29 09:32:03,295 [pool-119-thread-1] INFO  server.RaftServerConfigKeys (ConfUtils.java:logGet(43)) - raft.server.log.statemachine.data.sync.timeout = 10s (default)
2019-08-29 09:32:03,296 [pool-129-thread-1] INFO  server.RaftServerConfigKeys (ConfUtils.java:logGet(43)) - raft.server.snapshot.auto.trigger.enabled = true (custom)
2019-08-29 09:32:03,296 [pool-139-thread-1] INFO  impl.RoleInfo (RoleInfo.java:updateAndGet(143)) - 6a76bae0-5bcd-450f-b761-84a239d32397: start FollowerState
2019-08-29 09:32:03,296 [pool-129-thread-1] INFO  server.RaftServerConfigKeys (ConfUtils.java:logGet(43)) - raft.server.snapshot.auto.trigger.threshold = 10000 (custom)
2019-08-29 09:32:03,296 [pool-119-thread-1] INFO  server.RaftServerConfigKeys (ConfUtils.java:logGet(43)) - raft.server.log.statemachine.data.sync.timeout.retry = -1 (default)
2019-08-29 09:32:03,296 [pool-129-thread-1] INFO  server.RaftServerConfigKeys (ConfUtils.java:logGet(43)) - raft.server.retrycache.expirytime = 600000ms (custom)
2019-08-29 09:32:03,305 [pool-119-thread-1] INFO  server.RaftServerConfigKeys (ConfUtils.java:logGet(43)) - raft.server.log.statemachine.data.caching.enabled = true (custom)
2019-08-29 09:32:03,305 [pool-139-thread-1] INFO  util.JmxRegister (JmxRegister.java:tryRegister(44)) - Successfully registered JMX Bean with object name Ratis:service=RaftServer,group=group-38214EFEF1B1,id=6a76bae0-5bcd-450f-b761-84a239d32397
2019-08-29 09:32:03,305 [pool-129-thread-1] INFO  impl.RaftServerImpl (RaftServerImpl.java:start(180)) - 814b1e79-91cb-4747-afef-225b562b988f: start group-38214EFEF1B1
2019-08-29 09:32:03,306 [pool-119-thread-1] INFO  segmented.SegmentedRaftLogWorker (SegmentedRaftLogWorker.java:lambda$new$0(132)) - cffcff0f-2752-46f1-bb20-4150682c084f-SegmentedRaftLogWorker:Storage Directory /workdir/hadoop-ozone/integration-test/target/test-dir/MiniOzoneClusterImpl-758e1504-11ab-426e-b149-dc7346353a64/datanode-0/data/ratis/c30f231f-ac51-4916-a9d0-38214efef1b1: flushIndex: setUnconditionally 0 -> -1
2019-08-29 09:32:03,306 [pool-129-thread-1] INFO  impl.RaftServerImpl (RaftServerImpl.java:setRole(171)) - 814b1e79-91cb-4747-afef-225b562b988f:group-38214EFEF1B1 changes role from null to FOLLOWER at term 0 for startAsFollower
2019-08-29 09:32:03,313 [pool-119-thread-1] INFO  server.RaftServerConfigKeys (ConfUtils.java:logGet(43)) - raft.server.snapshot.auto.trigger.enabled = true (custom)
2019-08-29 09:32:03,313 [pool-129-thread-1] INFO  impl.RoleInfo (RoleInfo.java:updateAndGet(143)) - 814b1e79-91cb-4747-afef-225b562b988f: start FollowerState
2019-08-29 09:32:03,314 [pool-119-thread-1] INFO  server.RaftServerConfigKeys (ConfUtils.java:logGet(43)) - raft.server.snapshot.auto.trigger.threshold = 10000 (custom)
2019-08-29 09:32:03,314 [pool-119-thread-1] INFO  server.RaftServerConfigKeys (ConfUtils.java:logGet(43)) - raft.server.retrycache.expirytime = 600000ms (custom)
2019-08-29 09:32:03,314 [pool-129-thread-1] INFO  util.JmxRegister (JmxRegister.java:tryRegister(44)) - Successfully registered JMX Bean with object name Ratis:service=RaftServer,group=group-38214EFEF1B1,id=814b1e79-91cb-4747-afef-225b562b988f
2019-08-29 09:32:03,314 [pool-119-thread-1] INFO  impl.RaftServerImpl (RaftServerImpl.java:start(180)) - cffcff0f-2752-46f1-bb20-4150682c084f: start group-38214EFEF1B1
2019-08-29 09:32:03,315 [pool-119-thread-1] INFO  impl.RaftServerImpl (RaftServerImpl.java:setRole(171)) - cffcff0f-2752-46f1-bb20-4150682c084f:group-38214EFEF1B1 changes role from null to FOLLOWER at term 0 for startAsFollower
2019-08-29 09:32:03,315 [pool-119-thread-1] INFO  impl.RoleInfo (RoleInfo.java:updateAndGet(143)) - cffcff0f-2752-46f1-bb20-4150682c084f: start FollowerState
2019-08-29 09:32:03,316 [pool-119-thread-1] INFO  util.JmxRegister (JmxRegister.java:tryRegister(44)) - Successfully registered JMX Bean with object name Ratis:service=RaftServer,group=group-38214EFEF1B1,id=cffcff0f-2752-46f1-bb20-4150682c084f
2019-08-29 09:32:03,318 [RatisPipelineUtilsThread] INFO  pipeline.PipelineStateManager (PipelineStateManager.java:addPipeline(56)) - Created pipeline Pipeline[ Id: c30f231f-ac51-4916-a9d0-38214efef1b1, Nodes: cffcff0f-2752-46f1-bb20-4150682c084f{ip: 192.168.34.42, host: pr-hdds-1054-cqztt-1934904501, networkLocation: /default-rack, certSerialId: null}6a76bae0-5bcd-450f-b761-84a239d32397{ip: 192.168.34.42, host: pr-hdds-1054-cqztt-1934904501, networkLocation: /default-rack, certSerialId: null}814b1e79-91cb-4747-afef-225b562b988f{ip: 192.168.34.42, host: pr-hdds-1054-cqztt-1934904501, networkLocation: /default-rack, certSerialId: null}, Type:RATIS, Factor:THREE, State:OPEN]
2019-08-29 09:32:03,341 [IPC Server handler 5 on 40359] INFO  net.NetworkTopology (NetworkTopologyImpl.java:add(110)) - Added a new node: /default-rack/04dfc250-5117-40ee-9223-ddc31d2a7fac
2019-08-29 09:32:03,341 [IPC Server handler 5 on 40359] INFO  node.SCMNodeManager (SCMNodeManager.java:register(273)) - Registered Data node : 04dfc250-5117-40ee-9223-ddc31d2a7fac{ip: 192.168.34.42, host: pr-hdds-1054-cqztt-1934904501, networkLocation: /default-rack, certSerialId: null}
2019-08-29 09:32:03,342 | INFO  | SCMAudit | user=jenkins1000 | ip=192.168.34.42 | op=REGISTER {datanodeDetails=04dfc250-5117-40ee-9223-ddc31d2a7fac{ip: 192.168.34.42, host: pr-hdds-1054-cqztt-1934904501, networkLocation: /default-rack, certSerialId: null}} | ret=SUCCESS |  
2019-08-29 09:32:03,351 [grpc-default-executor-2] INFO  impl.RaftServerProxy (RaftServerProxy.java:addNew(89)) - 04dfc250-5117-40ee-9223-ddc31d2a7fac: addNew group-F5D9A5D25B06:[04dfc250-5117-40ee-9223-ddc31d2a7fac:192.168.34.42:45149] returns group-F5D9A5D25B06:java.util.concurrent.CompletableFuture@71c13313[Not completed]
2019-08-29 09:32:03,358 [pool-159-thread-1] INFO  impl.RaftServerImpl (RaftServerImpl.java:<init>(93)) - 04dfc250-5117-40ee-9223-ddc31d2a7fac: new RaftServerImpl for group-F5D9A5D25B06:[04dfc250-5117-40ee-9223-ddc31d2a7fac:192.168.34.42:45149] with ContainerStateMachine:uninitialized
2019-08-29 09:32:03,359 [pool-159-thread-1] INFO  server.RaftServerConfigKeys (ConfUtils.java:logGet(43)) - raft.server.rpc.timeout.min = 5s (custom)
2019-08-29 09:32:03,359 [pool-159-thread-1] INFO  server.RaftServerConfigKeys (ConfUtils.java:logGet(43)) - raft.server.rpc.timeout.max = 5200ms (custom)
2019-08-29 09:32:03,359 [pool-159-thread-1] INFO  server.RaftServerConfigKeys (ConfUtils.java:logGet(43)) - raft.server.rpcslowness.timeout = 120s (custom)
2019-08-29 09:32:03,359 [pool-159-thread-1] INFO  server.RaftServerConfigKeys (ConfUtils.java:logGet(43)) - raft.server.sleep.deviation.threshold = 300 (default)
2019-08-29 09:32:03,359 [pool-159-thread-1] INFO  server.RaftServerConfigKeys (ConfUtils.java:logGet(43)) - raft.server.log.appender.install.snapshot.enabled = false (custom)
2019-08-29 09:32:03,359 [pool-159-thread-1] INFO  impl.RaftServerImpl (ServerState.java:<init>(105)) - 04dfc250-5117-40ee-9223-ddc31d2a7fac:group-F5D9A5D25B06 ConfigurationManager, init=-1: [04dfc250-5117-40ee-9223-ddc31d2a7fac:192.168.34.42:45149], old=null, confs=<EMPTY_MAP>
2019-08-29 09:32:03,359 [pool-159-thread-1] INFO  server.RaftServerConfigKeys (ConfUtils.java:logGet(43)) - raft.server.storage.dir = [/workdir/hadoop-ozone/integration-test/target/test-dir/MiniOzoneClusterImpl-758e1504-11ab-426e-b149-dc7346353a64/datanode-4/data/ratis] (custom)
2019-08-29 09:32:03,360 [pool-159-thread-1] INFO  storage.RaftStorageDirectory (RaftStorageDirectory.java:analyzeStorage(246)) - The storage directory /workdir/hadoop-ozone/integration-test/target/test-dir/MiniOzoneClusterImpl-758e1504-11ab-426e-b149-dc7346353a64/datanode-4/data/ratis/bdf78665-8c5a-414e-bc38-f5d9a5d25b06 does not exist. Creating ...
2019-08-29 09:32:03,363 [pool-159-thread-1] INFO  storage.RaftStorageDirectory (RaftStorageDirectory.java:tryLock(328)) - Lock on /workdir/hadoop-ozone/integration-test/target/test-dir/MiniOzoneClusterImpl-758e1504-11ab-426e-b149-dc7346353a64/datanode-4/data/ratis/bdf78665-8c5a-414e-bc38-f5d9a5d25b06/in_use.lock acquired by nodename 11264@pr-hdds-1054-cqztt-1934904501
2019-08-29 09:32:03,384 [pool-159-thread-1] INFO  storage.RaftStorage (RaftStorage.java:format(72)) - Storage directory /workdir/hadoop-ozone/integration-test/target/test-dir/MiniOzoneClusterImpl-758e1504-11ab-426e-b149-dc7346353a64/datanode-4/data/ratis/bdf78665-8c5a-414e-bc38-f5d9a5d25b06 has been successfully formatted.
2019-08-29 09:32:03,385 [pool-159-thread-1] INFO  ratis.ContainerStateMachine (ContainerStateMachine.java:loadSnapshot(227)) - group-F5D9A5D25B06: The snapshot info is null. Setting the last applied indexto:(t:0, i:~)
2019-08-29 09:32:03,385 [pool-159-thread-1] INFO  server.RaftServerConfigKeys (ConfUtils.java:logGet(43)) - raft.server.leader.election.timeout = 120s (custom)
2019-08-29 09:32:03,385 [pool-159-thread-1] INFO  server.RaftServerConfigKeys (ConfUtils.java:logGet(43)) - raft.server.log.use.memory = false (default)
2019-08-29 09:32:03,385 [pool-159-thread-1] INFO  server.RaftServerConfigKeys (ConfUtils.java:logGet(43)) - raft.server.log.purge.gap = 1000000 (custom)
2019-08-29 09:32:03,386 [pool-159-thread-1] INFO  server.RaftServerConfigKeys (ConfUtils.java:logGet(43)) - raft.server.log.appender.buffer.byte-limit = 33554432 (custom)
2019-08-29 09:32:03,386 [pool-159-thread-1] INFO  server.RaftServerConfigKeys (ConfUtils.java:logGet(43)) - raft.server.log.segment.size.max = 1048576 (custom)
2019-08-29 09:32:03,386 [pool-159-thread-1] INFO  server.RaftServerConfigKeys (ConfUtils.java:logGet(43)) - raft.server.log.segment.cache.num.max = 2 (custom)
2019-08-29 09:32:03,386 [pool-159-thread-1] INFO  segmented.SegmentedRaftLogWorker (SegmentedRaftLogWorker.java:<init>(172)) - new 04dfc250-5117-40ee-9223-ddc31d2a7fac-SegmentedRaftLogWorker:Storage Directory /workdir/hadoop-ozone/integration-test/target/test-dir/MiniOzoneClusterImpl-758e1504-11ab-426e-b149-dc7346353a64/datanode-4/data/ratis/bdf78665-8c5a-414e-bc38-f5d9a5d25b06 for RaftStorage:Storage Directory /workdir/hadoop-ozone/integration-test/target/test-dir/MiniOzoneClusterImpl-758e1504-11ab-426e-b149-dc7346353a64/datanode-4/data/ratis/bdf78665-8c5a-414e-bc38-f5d9a5d25b06
2019-08-29 09:32:03,386 [pool-159-thread-1] INFO  server.RaftServerConfigKeys (ConfUtils.java:logGet(43)) - raft.server.log.queue.byte-limit = 2147483647 (custom)
2019-08-29 09:32:03,386 [pool-159-thread-1] INFO  server.RaftServerConfigKeys (ConfUtils.java:logGet(43)) - raft.server.log.queue.element-limit = 1024 (custom)
2019-08-29 09:32:03,387 [pool-159-thread-1] INFO  server.RaftServerConfigKeys (ConfUtils.java:logGet(43)) - raft.server.log.segment.size.max = 1048576 (custom)
2019-08-29 09:32:03,387 [pool-159-thread-1] INFO  server.RaftServerConfigKeys (ConfUtils.java:logGet(43)) - raft.server.log.preallocated.size = 16384 (custom)
2019-08-29 09:32:03,387 [pool-159-thread-1] INFO  server.RaftServerConfigKeys (ConfUtils.java:logGet(43)) - raft.server.log.write.buffer.size = 33554432 (custom)
2019-08-29 09:32:03,387 [pool-159-thread-1] INFO  server.RaftServerConfigKeys (ConfUtils.java:logGet(43)) - raft.server.log.force.sync.num = 128 (default)
2019-08-29 09:32:03,387 [pool-159-thread-1] INFO  server.RaftServerConfigKeys (ConfUtils.java:logGet(43)) - raft.server.log.statemachine.data.sync = true (default)
2019-08-29 09:32:03,388 [pool-159-thread-1] INFO  server.RaftServerConfigKeys (ConfUtils.java:logGet(43)) - raft.server.log.statemachine.data.sync.timeout = 10s (default)
2019-08-29 09:32:03,388 [pool-159-thread-1] INFO  server.RaftServerConfigKeys (ConfUtils.java:logGet(43)) - raft.server.log.statemachine.data.sync.timeout.retry = -1 (default)
2019-08-29 09:32:03,388 [pool-159-thread-1] INFO  server.RaftServerConfigKeys (ConfUtils.java:logGet(43)) - raft.server.log.statemachine.data.caching.enabled = true (custom)
2019-08-29 09:32:03,388 [pool-159-thread-1] INFO  segmented.SegmentedRaftLogWorker (SegmentedRaftLogWorker.java:lambda$new$0(132)) - 04dfc250-5117-40ee-9223-ddc31d2a7fac-SegmentedRaftLogWorker:Storage Directory /workdir/hadoop-ozone/integration-test/target/test-dir/MiniOzoneClusterImpl-758e1504-11ab-426e-b149-dc7346353a64/datanode-4/data/ratis/bdf78665-8c5a-414e-bc38-f5d9a5d25b06: flushIndex: setUnconditionally 0 -> -1
2019-08-29 09:32:03,389 [pool-159-thread-1] INFO  server.RaftServerConfigKeys (ConfUtils.java:logGet(43)) - raft.server.snapshot.auto.trigger.enabled = true (custom)
2019-08-29 09:32:03,389 [pool-159-thread-1] INFO  server.RaftServerConfigKeys (ConfUtils.java:logGet(43)) - raft.server.snapshot.auto.trigger.threshold = 10000 (custom)
2019-08-29 09:32:03,389 [pool-159-thread-1] INFO  server.RaftServerConfigKeys (ConfUtils.java:logGet(43)) - raft.server.retrycache.expirytime = 600000ms (custom)
2019-08-29 09:32:03,389 [pool-159-thread-1] INFO  impl.RaftServerImpl (RaftServerImpl.java:start(180)) - 04dfc250-5117-40ee-9223-ddc31d2a7fac: start group-F5D9A5D25B06
2019-08-29 09:32:03,389 [pool-159-thread-1] INFO  impl.RaftServerImpl (RaftServerImpl.java:setRole(171)) - 04dfc250-5117-40ee-9223-ddc31d2a7fac:group-F5D9A5D25B06 changes role from null to FOLLOWER at term 0 for startAsFollower
2019-08-29 09:32:03,389 [pool-159-thread-1] INFO  impl.RoleInfo (RoleInfo.java:updateAndGet(143)) - 04dfc250-5117-40ee-9223-ddc31d2a7fac: start FollowerState
2019-08-29 09:32:03,390 [pool-159-thread-1] INFO  util.JmxRegister (JmxRegister.java:tryRegister(44)) - Successfully registered JMX Bean with object name Ratis:service=RaftServer,group=group-F5D9A5D25B06,id=04dfc250-5117-40ee-9223-ddc31d2a7fac
2019-08-29 09:32:03,393 [RatisPipelineUtilsThread] INFO  pipeline.PipelineStateManager (PipelineStateManager.java:addPipeline(56)) - Created pipeline Pipeline[ Id: bdf78665-8c5a-414e-bc38-f5d9a5d25b06, Nodes: 04dfc250-5117-40ee-9223-ddc31d2a7fac{ip: 192.168.34.42, host: pr-hdds-1054-cqztt-1934904501, networkLocation: /default-rack, certSerialId: null}, Type:RATIS, Factor:ONE, State:OPEN]
2019-08-29 09:32:03,407 [grpc-default-executor-2] INFO  impl.RaftServerProxy (RaftServerProxy.java:addNew(89)) - f5a90a23-db6d-4122-980c-2c6f67b12274: addNew group-798094F83A1C:[f5a90a23-db6d-4122-980c-2c6f67b12274:192.168.34.42:43304] returns group-798094F83A1C:java.util.concurrent.CompletableFuture@5fd36a29[Not completed]
2019-08-29 09:32:03,410 [IPC Server handler 6 on 40359] INFO  net.NetworkTopology (NetworkTopologyImpl.java:add(110)) - Added a new node: /default-rack/f5689991-66b6-42db-ba36-9ef251e0e30a
2019-08-29 09:32:03,411 [IPC Server handler 6 on 40359] INFO  node.SCMNodeManager (SCMNodeManager.java:register(273)) - Registered Data node : f5689991-66b6-42db-ba36-9ef251e0e30a{ip: 192.168.34.42, host: pr-hdds-1054-cqztt-1934904501, networkLocation: /default-rack, certSerialId: null}
2019-08-29 09:32:03,423 [pool-149-thread-1] INFO  impl.RaftServerImpl (RaftServerImpl.java:<init>(93)) - f5a90a23-db6d-4122-980c-2c6f67b12274: new RaftServerImpl for group-798094F83A1C:[f5a90a23-db6d-4122-980c-2c6f67b12274:192.168.34.42:43304] with ContainerStateMachine:uninitialized
2019-08-29 09:32:03,423 | INFO  | SCMAudit | user=jenkins1000 | ip=192.168.34.42 | op=REGISTER {datanodeDetails=f5689991-66b6-42db-ba36-9ef251e0e30a{ip: 192.168.34.42, host: pr-hdds-1054-cqztt-1934904501, networkLocation: /default-rack, certSerialId: null}} | ret=SUCCESS |  
2019-08-29 09:32:03,424 [pool-149-thread-1] INFO  server.RaftServerConfigKeys (ConfUtils.java:logGet(43)) - raft.server.rpc.timeout.min = 5s (custom)
2019-08-29 09:32:03,424 [pool-149-thread-1] INFO  server.RaftServerConfigKeys (ConfUtils.java:logGet(43)) - raft.server.rpc.timeout.max = 5200ms (custom)
2019-08-29 09:32:03,424 [pool-149-thread-1] INFO  server.RaftServerConfigKeys (ConfUtils.java:logGet(43)) - raft.server.rpcslowness.timeout = 120s (custom)
2019-08-29 09:32:03,424 [pool-149-thread-1] INFO  server.RaftServerConfigKeys (ConfUtils.java:logGet(43)) - raft.server.sleep.deviation.threshold = 300 (default)
2019-08-29 09:32:03,424 [pool-149-thread-1] INFO  server.RaftServerConfigKeys (ConfUtils.java:logGet(43)) - raft.server.log.appender.install.snapshot.enabled = false (custom)
2019-08-29 09:32:03,425 [pool-149-thread-1] INFO  impl.RaftServerImpl (ServerState.java:<init>(105)) - f5a90a23-db6d-4122-980c-2c6f67b12274:group-798094F83A1C ConfigurationManager, init=-1: [f5a90a23-db6d-4122-980c-2c6f67b12274:192.168.34.42:43304], old=null, confs=<EMPTY_MAP>
2019-08-29 09:32:03,425 [pool-149-thread-1] INFO  server.RaftServerConfigKeys (ConfUtils.java:logGet(43)) - raft.server.storage.dir = [/workdir/hadoop-ozone/integration-test/target/test-dir/MiniOzoneClusterImpl-758e1504-11ab-426e-b149-dc7346353a64/datanode-3/data/ratis] (custom)
2019-08-29 09:32:03,426 [pool-149-thread-1] INFO  storage.RaftStorageDirectory (RaftStorageDirectory.java:analyzeStorage(246)) - The storage directory /workdir/hadoop-ozone/integration-test/target/test-dir/MiniOzoneClusterImpl-758e1504-11ab-426e-b149-dc7346353a64/datanode-3/data/ratis/589eb5df-ec9b-458c-a77d-798094f83a1c does not exist. Creating ...
2019-08-29 09:32:03,439 [pool-149-thread-1] INFO  storage.RaftStorageDirectory (RaftStorageDirectory.java:tryLock(328)) - Lock on /workdir/hadoop-ozone/integration-test/target/test-dir/MiniOzoneClusterImpl-758e1504-11ab-426e-b149-dc7346353a64/datanode-3/data/ratis/589eb5df-ec9b-458c-a77d-798094f83a1c/in_use.lock acquired by nodename 11264@pr-hdds-1054-cqztt-1934904501
2019-08-29 09:32:03,454 [pool-149-thread-1] INFO  storage.RaftStorage (RaftStorage.java:format(72)) - Storage directory /workdir/hadoop-ozone/integration-test/target/test-dir/MiniOzoneClusterImpl-758e1504-11ab-426e-b149-dc7346353a64/datanode-3/data/ratis/589eb5df-ec9b-458c-a77d-798094f83a1c has been successfully formatted.
2019-08-29 09:32:03,454 [pool-149-thread-1] INFO  ratis.ContainerStateMachine (ContainerStateMachine.java:loadSnapshot(227)) - group-798094F83A1C: The snapshot info is null. Setting the last applied indexto:(t:0, i:~)
2019-08-29 09:32:03,455 [pool-149-thread-1] INFO  server.RaftServerConfigKeys (ConfUtils.java:logGet(43)) - raft.server.leader.election.timeout = 120s (custom)
2019-08-29 09:32:03,455 [pool-149-thread-1] INFO  server.RaftServerConfigKeys (ConfUtils.java:logGet(43)) - raft.server.log.use.memory = false (default)
2019-08-29 09:32:03,455 [pool-149-thread-1] INFO  server.RaftServerConfigKeys (ConfUtils.java:logGet(43)) - raft.server.log.purge.gap = 1000000 (custom)
2019-08-29 09:32:03,455 [pool-149-thread-1] INFO  server.RaftServerConfigKeys (ConfUtils.java:logGet(43)) - raft.server.log.appender.buffer.byte-limit = 33554432 (custom)
2019-08-29 09:32:03,455 [pool-149-thread-1] INFO  server.RaftServerConfigKeys (ConfUtils.java:logGet(43)) - raft.server.log.segment.size.max = 1048576 (custom)
2019-08-29 09:32:03,456 [pool-149-thread-1] INFO  server.RaftServerConfigKeys (ConfUtils.java:logGet(43)) - raft.server.log.segment.cache.num.max = 2 (custom)
2019-08-29 09:32:03,456 [pool-149-thread-1] INFO  segmented.SegmentedRaftLogWorker (SegmentedRaftLogWorker.java:<init>(172)) - new f5a90a23-db6d-4122-980c-2c6f67b12274-SegmentedRaftLogWorker:Storage Directory /workdir/hadoop-ozone/integration-test/target/test-dir/MiniOzoneClusterImpl-758e1504-11ab-426e-b149-dc7346353a64/datanode-3/data/ratis/589eb5df-ec9b-458c-a77d-798094f83a1c for RaftStorage:Storage Directory /workdir/hadoop-ozone/integration-test/target/test-dir/MiniOzoneClusterImpl-758e1504-11ab-426e-b149-dc7346353a64/datanode-3/data/ratis/589eb5df-ec9b-458c-a77d-798094f83a1c
2019-08-29 09:32:03,456 [pool-149-thread-1] INFO  server.RaftServerConfigKeys (ConfUtils.java:logGet(43)) - raft.server.log.queue.byte-limit = 2147483647 (custom)
2019-08-29 09:32:03,456 [pool-149-thread-1] INFO  server.RaftServerConfigKeys (ConfUtils.java:logGet(43)) - raft.server.log.queue.element-limit = 1024 (custom)
2019-08-29 09:32:03,457 [pool-149-thread-1] INFO  server.RaftServerConfigKeys (ConfUtils.java:logGet(43)) - raft.server.log.segment.size.max = 1048576 (custom)
2019-08-29 09:32:03,457 [pool-149-thread-1] INFO  server.RaftServerConfigKeys (ConfUtils.java:logGet(43)) - raft.server.log.preallocated.size = 16384 (custom)
2019-08-29 09:32:03,457 [pool-149-thread-1] INFO  server.RaftServerConfigKeys (ConfUtils.java:logGet(43)) - raft.server.log.write.buffer.size = 33554432 (custom)
2019-08-29 09:32:03,457 [pool-149-thread-1] INFO  server.RaftServerConfigKeys (ConfUtils.java:logGet(43)) - raft.server.log.force.sync.num = 128 (default)
2019-08-29 09:32:03,458 [pool-149-thread-1] INFO  server.RaftServerConfigKeys (ConfUtils.java:logGet(43)) - raft.server.log.statemachine.data.sync = true (default)
2019-08-29 09:32:03,458 [pool-149-thread-1] INFO  server.RaftServerConfigKeys (ConfUtils.java:logGet(43)) - raft.server.log.statemachine.data.sync.timeout = 10s (default)
2019-08-29 09:32:03,458 [pool-149-thread-1] INFO  server.RaftServerConfigKeys (ConfUtils.java:logGet(43)) - raft.server.log.statemachine.data.sync.timeout.retry = -1 (default)
2019-08-29 09:32:03,459 [pool-149-thread-1] INFO  server.RaftServerConfigKeys (ConfUtils.java:logGet(43)) - raft.server.log.statemachine.data.caching.enabled = true (custom)
2019-08-29 09:32:03,459 [pool-149-thread-1] INFO  segmented.SegmentedRaftLogWorker (SegmentedRaftLogWorker.java:lambda$new$0(132)) - f5a90a23-db6d-4122-980c-2c6f67b12274-SegmentedRaftLogWorker:Storage Directory /workdir/hadoop-ozone/integration-test/target/test-dir/MiniOzoneClusterImpl-758e1504-11ab-426e-b149-dc7346353a64/datanode-3/data/ratis/589eb5df-ec9b-458c-a77d-798094f83a1c: flushIndex: setUnconditionally 0 -> -1
2019-08-29 09:32:03,459 [pool-149-thread-1] INFO  server.RaftServerConfigKeys (ConfUtils.java:logGet(43)) - raft.server.snapshot.auto.trigger.enabled = true (custom)
2019-08-29 09:32:03,460 [pool-149-thread-1] INFO  server.RaftServerConfigKeys (ConfUtils.java:logGet(43)) - raft.server.snapshot.auto.trigger.threshold = 10000 (custom)
2019-08-29 09:32:03,460 [pool-149-thread-1] INFO  server.RaftServerConfigKeys (ConfUtils.java:logGet(43)) - raft.server.retrycache.expirytime = 600000ms (custom)
2019-08-29 09:32:03,460 [pool-149-thread-1] INFO  impl.RaftServerImpl (RaftServerImpl.java:start(180)) - f5a90a23-db6d-4122-980c-2c6f67b12274: start group-798094F83A1C
2019-08-29 09:32:03,460 [pool-149-thread-1] INFO  impl.RaftServerImpl (RaftServerImpl.java:setRole(171)) - f5a90a23-db6d-4122-980c-2c6f67b12274:group-798094F83A1C changes role from null to FOLLOWER at term 0 for startAsFollower
2019-08-29 09:32:03,461 [pool-149-thread-1] INFO  impl.RoleInfo (RoleInfo.java:updateAndGet(143)) - f5a90a23-db6d-4122-980c-2c6f67b12274: start FollowerState
2019-08-29 09:32:03,461 [pool-149-thread-1] INFO  util.JmxRegister (JmxRegister.java:tryRegister(44)) - Successfully registered JMX Bean with object name Ratis:service=RaftServer,group=group-798094F83A1C,id=f5a90a23-db6d-4122-980c-2c6f67b12274
2019-08-29 09:32:03,466 [RatisPipelineUtilsThread] INFO  pipeline.PipelineStateManager (PipelineStateManager.java:addPipeline(56)) - Created pipeline Pipeline[ Id: 589eb5df-ec9b-458c-a77d-798094f83a1c, Nodes: f5a90a23-db6d-4122-980c-2c6f67b12274{ip: 192.168.34.42, host: pr-hdds-1054-cqztt-1934904501, networkLocation: /default-rack, certSerialId: null}, Type:RATIS, Factor:ONE, State:OPEN]
2019-08-29 09:32:03,478 [grpc-default-executor-2] INFO  impl.RaftServerProxy (RaftServerProxy.java:addNew(89)) - f5689991-66b6-42db-ba36-9ef251e0e30a: addNew group-010B3D68CF14:[f5689991-66b6-42db-ba36-9ef251e0e30a:192.168.34.42:41632] returns group-010B3D68CF14:java.util.concurrent.CompletableFuture@50ae5b29[Not completed]
2019-08-29 09:32:03,483 [pool-169-thread-1] INFO  impl.RaftServerImpl (RaftServerImpl.java:<init>(93)) - f5689991-66b6-42db-ba36-9ef251e0e30a: new RaftServerImpl for group-010B3D68CF14:[f5689991-66b6-42db-ba36-9ef251e0e30a:192.168.34.42:41632] with ContainerStateMachine:uninitialized
2019-08-29 09:32:03,484 [pool-169-thread-1] INFO  server.RaftServerConfigKeys (ConfUtils.java:logGet(43)) - raft.server.rpc.timeout.min = 5s (custom)
2019-08-29 09:32:03,484 [pool-169-thread-1] INFO  server.RaftServerConfigKeys (ConfUtils.java:logGet(43)) - raft.server.rpc.timeout.max = 5200ms (custom)
2019-08-29 09:32:03,484 [pool-169-thread-1] INFO  server.RaftServerConfigKeys (ConfUtils.java:logGet(43)) - raft.server.rpcslowness.timeout = 120s (custom)
2019-08-29 09:32:03,484 [pool-169-thread-1] INFO  server.RaftServerConfigKeys (ConfUtils.java:logGet(43)) - raft.server.sleep.deviation.threshold = 300 (default)
2019-08-29 09:32:03,484 [pool-169-thread-1] INFO  server.RaftServerConfigKeys (ConfUtils.java:logGet(43)) - raft.server.log.appender.install.snapshot.enabled = false (custom)
2019-08-29 09:32:03,484 [pool-169-thread-1] INFO  impl.RaftServerImpl (ServerState.java:<init>(105)) - f5689991-66b6-42db-ba36-9ef251e0e30a:group-010B3D68CF14 ConfigurationManager, init=-1: [f5689991-66b6-42db-ba36-9ef251e0e30a:192.168.34.42:41632], old=null, confs=<EMPTY_MAP>
2019-08-29 09:32:03,485 [pool-169-thread-1] INFO  server.RaftServerConfigKeys (ConfUtils.java:logGet(43)) - raft.server.storage.dir = [/workdir/hadoop-ozone/integration-test/target/test-dir/MiniOzoneClusterImpl-758e1504-11ab-426e-b149-dc7346353a64/datanode-5/data/ratis] (custom)
2019-08-29 09:32:03,485 [pool-169-thread-1] INFO  storage.RaftStorageDirectory (RaftStorageDirectory.java:analyzeStorage(246)) - The storage directory /workdir/hadoop-ozone/integration-test/target/test-dir/MiniOzoneClusterImpl-758e1504-11ab-426e-b149-dc7346353a64/datanode-5/data/ratis/9f35bd1d-4559-4adf-aa3a-010b3d68cf14 does not exist. Creating ...
2019-08-29 09:32:03,485 [main] INFO  ozone.MiniOzoneClusterImpl (MiniOzoneClusterImpl.java:lambda$waitForClusterToBeReady$0(140)) - Waiting for cluster to be ready. Got 6 of 7 DN Heartbeats.
2019-08-29 09:32:03,488 [IPC Server handler 0 on 40359] INFO  net.NetworkTopology (NetworkTopologyImpl.java:add(110)) - Added a new node: /default-rack/95e6fe0d-ba63-44f7-8a45-847da5452504
2019-08-29 09:32:03,489 [IPC Server handler 0 on 40359] INFO  node.SCMNodeManager (SCMNodeManager.java:register(273)) - Registered Data node : 95e6fe0d-ba63-44f7-8a45-847da5452504{ip: 192.168.34.42, host: pr-hdds-1054-cqztt-1934904501, networkLocation: /default-rack, certSerialId: null}
2019-08-29 09:32:03,489 | INFO  | SCMAudit | user=jenkins1000 | ip=192.168.34.42 | op=REGISTER {datanodeDetails=95e6fe0d-ba63-44f7-8a45-847da5452504{ip: 192.168.34.42, host: pr-hdds-1054-cqztt-1934904501, networkLocation: /default-rack, certSerialId: null}} | ret=SUCCESS |  
2019-08-29 09:32:03,491 [pool-169-thread-1] INFO  storage.RaftStorageDirectory (RaftStorageDirectory.java:tryLock(328)) - Lock on /workdir/hadoop-ozone/integration-test/target/test-dir/MiniOzoneClusterImpl-758e1504-11ab-426e-b149-dc7346353a64/datanode-5/data/ratis/9f35bd1d-4559-4adf-aa3a-010b3d68cf14/in_use.lock acquired by nodename 11264@pr-hdds-1054-cqztt-1934904501
2019-08-29 09:32:03,494 [pool-169-thread-1] INFO  storage.RaftStorage (RaftStorage.java:format(72)) - Storage directory /workdir/hadoop-ozone/integration-test/target/test-dir/MiniOzoneClusterImpl-758e1504-11ab-426e-b149-dc7346353a64/datanode-5/data/ratis/9f35bd1d-4559-4adf-aa3a-010b3d68cf14 has been successfully formatted.
2019-08-29 09:32:03,494 [pool-169-thread-1] INFO  ratis.ContainerStateMachine (ContainerStateMachine.java:loadSnapshot(227)) - group-010B3D68CF14: The snapshot info is null. Setting the last applied indexto:(t:0, i:~)
2019-08-29 09:32:03,494 [pool-169-thread-1] INFO  server.RaftServerConfigKeys (ConfUtils.java:logGet(43)) - raft.server.leader.election.timeout = 120s (custom)
2019-08-29 09:32:03,494 [pool-169-thread-1] INFO  server.RaftServerConfigKeys (ConfUtils.java:logGet(43)) - raft.server.log.use.memory = false (default)
2019-08-29 09:32:03,494 [pool-169-thread-1] INFO  server.RaftServerConfigKeys (ConfUtils.java:logGet(43)) - raft.server.log.purge.gap = 1000000 (custom)
2019-08-29 09:32:03,495 [pool-169-thread-1] INFO  server.RaftServerConfigKeys (ConfUtils.java:logGet(43)) - raft.server.log.appender.buffer.byte-limit = 33554432 (custom)
2019-08-29 09:32:03,495 [pool-169-thread-1] INFO  server.RaftServerConfigKeys (ConfUtils.java:logGet(43)) - raft.server.log.segment.size.max = 1048576 (custom)
2019-08-29 09:32:03,495 [pool-169-thread-1] INFO  server.RaftServerConfigKeys (ConfUtils.java:logGet(43)) - raft.server.log.segment.cache.num.max = 2 (custom)
2019-08-29 09:32:03,495 [pool-169-thread-1] INFO  segmented.SegmentedRaftLogWorker (SegmentedRaftLogWorker.java:<init>(172)) - new f5689991-66b6-42db-ba36-9ef251e0e30a-SegmentedRaftLogWorker:Storage Directory /workdir/hadoop-ozone/integration-test/target/test-dir/MiniOzoneClusterImpl-758e1504-11ab-426e-b149-dc7346353a64/datanode-5/data/ratis/9f35bd1d-4559-4adf-aa3a-010b3d68cf14 for RaftStorage:Storage Directory /workdir/hadoop-ozone/integration-test/target/test-dir/MiniOzoneClusterImpl-758e1504-11ab-426e-b149-dc7346353a64/datanode-5/data/ratis/9f35bd1d-4559-4adf-aa3a-010b3d68cf14
2019-08-29 09:32:03,495 [pool-169-thread-1] INFO  server.RaftServerConfigKeys (ConfUtils.java:logGet(43)) - raft.server.log.queue.byte-limit = 2147483647 (custom)
2019-08-29 09:32:03,495 [pool-169-thread-1] INFO  server.RaftServerConfigKeys (ConfUtils.java:logGet(43)) - raft.server.log.queue.element-limit = 1024 (custom)
2019-08-29 09:32:03,496 [pool-169-thread-1] INFO  server.RaftServerConfigKeys (ConfUtils.java:logGet(43)) - raft.server.log.segment.size.max = 1048576 (custom)
2019-08-29 09:32:03,496 [pool-169-thread-1] INFO  server.RaftServerConfigKeys (ConfUtils.java:logGet(43)) - raft.server.log.preallocated.size = 16384 (custom)
2019-08-29 09:32:03,496 [pool-169-thread-1] INFO  server.RaftServerConfigKeys (ConfUtils.java:logGet(43)) - raft.server.log.write.buffer.size = 33554432 (custom)
2019-08-29 09:32:03,496 [pool-169-thread-1] INFO  server.RaftServerConfigKeys (ConfUtils.java:logGet(43)) - raft.server.log.force.sync.num = 128 (default)
2019-08-29 09:32:03,496 [pool-169-thread-1] INFO  server.RaftServerConfigKeys (ConfUtils.java:logGet(43)) - raft.server.log.statemachine.data.sync = true (default)
2019-08-29 09:32:03,496 [pool-169-thread-1] INFO  server.RaftServerConfigKeys (ConfUtils.java:logGet(43)) - raft.server.log.statemachine.data.sync.timeout = 10s (default)
2019-08-29 09:32:03,496 [pool-169-thread-1] INFO  server.RaftServerConfigKeys (ConfUtils.java:logGet(43)) - raft.server.log.statemachine.data.sync.timeout.retry = -1 (default)
2019-08-29 09:32:03,497 [pool-169-thread-1] INFO  server.RaftServerConfigKeys (ConfUtils.java:logGet(43)) - raft.server.log.statemachine.data.caching.enabled = true (custom)
2019-08-29 09:32:03,497 [pool-169-thread-1] INFO  segmented.SegmentedRaftLogWorker (SegmentedRaftLogWorker.java:lambda$new$0(132)) - f5689991-66b6-42db-ba36-9ef251e0e30a-SegmentedRaftLogWorker:Storage Directory /workdir/hadoop-ozone/integration-test/target/test-dir/MiniOzoneClusterImpl-758e1504-11ab-426e-b149-dc7346353a64/datanode-5/data/ratis/9f35bd1d-4559-4adf-aa3a-010b3d68cf14: flushIndex: setUnconditionally 0 -> -1
2019-08-29 09:32:03,497 [pool-169-thread-1] INFO  server.RaftServerConfigKeys (ConfUtils.java:logGet(43)) - raft.server.snapshot.auto.trigger.enabled = true (custom)
2019-08-29 09:32:03,497 [pool-169-thread-1] INFO  server.RaftServerConfigKeys (ConfUtils.java:logGet(43)) - raft.server.snapshot.auto.trigger.threshold = 10000 (custom)
2019-08-29 09:32:03,497 [pool-169-thread-1] INFO  server.RaftServerConfigKeys (ConfUtils.java:logGet(43)) - raft.server.retrycache.expirytime = 600000ms (custom)
2019-08-29 09:32:03,498 [pool-169-thread-1] INFO  impl.RaftServerImpl (RaftServerImpl.java:start(180)) - f5689991-66b6-42db-ba36-9ef251e0e30a: start group-010B3D68CF14
2019-08-29 09:32:03,498 [pool-169-thread-1] INFO  impl.RaftServerImpl (RaftServerImpl.java:setRole(171)) - f5689991-66b6-42db-ba36-9ef251e0e30a:group-010B3D68CF14 changes role from null to FOLLOWER at term 0 for startAsFollower
2019-08-29 09:32:03,498 [pool-169-thread-1] INFO  impl.RoleInfo (RoleInfo.java:updateAndGet(143)) - f5689991-66b6-42db-ba36-9ef251e0e30a: start FollowerState
2019-08-29 09:32:03,498 [pool-169-thread-1] INFO  util.JmxRegister (JmxRegister.java:tryRegister(44)) - Successfully registered JMX Bean with object name Ratis:service=RaftServer,group=group-010B3D68CF14,id=f5689991-66b6-42db-ba36-9ef251e0e30a
2019-08-29 09:32:03,502 [RatisPipelineUtilsThread] INFO  pipeline.PipelineStateManager (PipelineStateManager.java:addPipeline(56)) - Created pipeline Pipeline[ Id: 9f35bd1d-4559-4adf-aa3a-010b3d68cf14, Nodes: f5689991-66b6-42db-ba36-9ef251e0e30a{ip: 192.168.34.42, host: pr-hdds-1054-cqztt-1934904501, networkLocation: /default-rack, certSerialId: null}, Type:RATIS, Factor:ONE, State:OPEN]
2019-08-29 09:32:03,511 [grpc-default-executor-2] INFO  impl.RaftServerProxy (RaftServerProxy.java:addNew(89)) - 95e6fe0d-ba63-44f7-8a45-847da5452504: addNew group-68DBA6FA18A1:[95e6fe0d-ba63-44f7-8a45-847da5452504:192.168.34.42:35967] returns group-68DBA6FA18A1:java.util.concurrent.CompletableFuture@37e2c528[Not completed]
2019-08-29 09:32:03,517 [pool-179-thread-1] INFO  impl.RaftServerImpl (RaftServerImpl.java:<init>(93)) - 95e6fe0d-ba63-44f7-8a45-847da5452504: new RaftServerImpl for group-68DBA6FA18A1:[95e6fe0d-ba63-44f7-8a45-847da5452504:192.168.34.42:35967] with ContainerStateMachine:uninitialized
2019-08-29 09:32:03,517 [pool-179-thread-1] INFO  server.RaftServerConfigKeys (ConfUtils.java:logGet(43)) - raft.server.rpc.timeout.min = 5s (custom)
2019-08-29 09:32:03,517 [pool-179-thread-1] INFO  server.RaftServerConfigKeys (ConfUtils.java:logGet(43)) - raft.server.rpc.timeout.max = 5200ms (custom)
2019-08-29 09:32:03,518 [pool-179-thread-1] INFO  server.RaftServerConfigKeys (ConfUtils.java:logGet(43)) - raft.server.rpcslowness.timeout = 120s (custom)
2019-08-29 09:32:03,518 [pool-179-thread-1] INFO  server.RaftServerConfigKeys (ConfUtils.java:logGet(43)) - raft.server.sleep.deviation.threshold = 300 (default)
2019-08-29 09:32:03,518 [pool-179-thread-1] INFO  server.RaftServerConfigKeys (ConfUtils.java:logGet(43)) - raft.server.log.appender.install.snapshot.enabled = false (custom)
2019-08-29 09:32:03,518 [pool-179-thread-1] INFO  impl.RaftServerImpl (ServerState.java:<init>(105)) - 95e6fe0d-ba63-44f7-8a45-847da5452504:group-68DBA6FA18A1 ConfigurationManager, init=-1: [95e6fe0d-ba63-44f7-8a45-847da5452504:192.168.34.42:35967], old=null, confs=<EMPTY_MAP>
2019-08-29 09:32:03,519 [pool-179-thread-1] INFO  server.RaftServerConfigKeys (ConfUtils.java:logGet(43)) - raft.server.storage.dir = [/workdir/hadoop-ozone/integration-test/target/test-dir/MiniOzoneClusterImpl-758e1504-11ab-426e-b149-dc7346353a64/datanode-6/data/ratis] (custom)
2019-08-29 09:32:03,519 [pool-179-thread-1] INFO  storage.RaftStorageDirectory (RaftStorageDirectory.java:analyzeStorage(246)) - The storage directory /workdir/hadoop-ozone/integration-test/target/test-dir/MiniOzoneClusterImpl-758e1504-11ab-426e-b149-dc7346353a64/datanode-6/data/ratis/a566a1ca-c78e-4f1a-b406-68dba6fa18a1 does not exist. Creating ...
2019-08-29 09:32:03,528 [pool-179-thread-1] INFO  storage.RaftStorageDirectory (RaftStorageDirectory.java:tryLock(328)) - Lock on /workdir/hadoop-ozone/integration-test/target/test-dir/MiniOzoneClusterImpl-758e1504-11ab-426e-b149-dc7346353a64/datanode-6/data/ratis/a566a1ca-c78e-4f1a-b406-68dba6fa18a1/in_use.lock acquired by nodename 11264@pr-hdds-1054-cqztt-1934904501
2019-08-29 09:32:03,542 [pool-179-thread-1] INFO  storage.RaftStorage (RaftStorage.java:format(72)) - Storage directory /workdir/hadoop-ozone/integration-test/target/test-dir/MiniOzoneClusterImpl-758e1504-11ab-426e-b149-dc7346353a64/datanode-6/data/ratis/a566a1ca-c78e-4f1a-b406-68dba6fa18a1 has been successfully formatted.
2019-08-29 09:32:03,543 [pool-179-thread-1] INFO  ratis.ContainerStateMachine (ContainerStateMachine.java:loadSnapshot(227)) - group-68DBA6FA18A1: The snapshot info is null. Setting the last applied indexto:(t:0, i:~)
2019-08-29 09:32:03,543 [pool-179-thread-1] INFO  server.RaftServerConfigKeys (ConfUtils.java:logGet(43)) - raft.server.leader.election.timeout = 120s (custom)
2019-08-29 09:32:03,543 [pool-179-thread-1] INFO  server.RaftServerConfigKeys (ConfUtils.java:logGet(43)) - raft.server.log.use.memory = false (default)
2019-08-29 09:32:03,543 [pool-179-thread-1] INFO  server.RaftServerConfigKeys (ConfUtils.java:logGet(43)) - raft.server.log.purge.gap = 1000000 (custom)
2019-08-29 09:32:03,543 [pool-179-thread-1] INFO  server.RaftServerConfigKeys (ConfUtils.java:logGet(43)) - raft.server.log.appender.buffer.byte-limit = 33554432 (custom)
2019-08-29 09:32:03,544 [pool-179-thread-1] INFO  server.RaftServerConfigKeys (ConfUtils.java:logGet(43)) - raft.server.log.segment.size.max = 1048576 (custom)
2019-08-29 09:32:03,544 [pool-179-thread-1] INFO  server.RaftServerConfigKeys (ConfUtils.java:logGet(43)) - raft.server.log.segment.cache.num.max = 2 (custom)
2019-08-29 09:32:03,544 [pool-179-thread-1] INFO  segmented.SegmentedRaftLogWorker (SegmentedRaftLogWorker.java:<init>(172)) - new 95e6fe0d-ba63-44f7-8a45-847da5452504-SegmentedRaftLogWorker:Storage Directory /workdir/hadoop-ozone/integration-test/target/test-dir/MiniOzoneClusterImpl-758e1504-11ab-426e-b149-dc7346353a64/datanode-6/data/ratis/a566a1ca-c78e-4f1a-b406-68dba6fa18a1 for RaftStorage:Storage Directory /workdir/hadoop-ozone/integration-test/target/test-dir/MiniOzoneClusterImpl-758e1504-11ab-426e-b149-dc7346353a64/datanode-6/data/ratis/a566a1ca-c78e-4f1a-b406-68dba6fa18a1
2019-08-29 09:32:03,544 [pool-179-thread-1] INFO  server.RaftServerConfigKeys (ConfUtils.java:logGet(43)) - raft.server.log.queue.byte-limit = 2147483647 (custom)
2019-08-29 09:32:03,545 [pool-179-thread-1] INFO  server.RaftServerConfigKeys (ConfUtils.java:logGet(43)) - raft.server.log.queue.element-limit = 1024 (custom)
2019-08-29 09:32:03,545 [pool-179-thread-1] INFO  server.RaftServerConfigKeys (ConfUtils.java:logGet(43)) - raft.server.log.segment.size.max = 1048576 (custom)
2019-08-29 09:32:03,545 [pool-179-thread-1] INFO  server.RaftServerConfigKeys (ConfUtils.java:logGet(43)) - raft.server.log.preallocated.size = 16384 (custom)
2019-08-29 09:32:03,545 [pool-179-thread-1] INFO  server.RaftServerConfigKeys (ConfUtils.java:logGet(43)) - raft.server.log.write.buffer.size = 33554432 (custom)
2019-08-29 09:32:03,546 [pool-179-thread-1] INFO  server.RaftServerConfigKeys (ConfUtils.java:logGet(43)) - raft.server.log.force.sync.num = 128 (default)
2019-08-29 09:32:03,546 [pool-179-thread-1] INFO  server.RaftServerConfigKeys (ConfUtils.java:logGet(43)) - raft.server.log.statemachine.data.sync = true (default)
2019-08-29 09:32:03,546 [pool-179-thread-1] INFO  server.RaftServerConfigKeys (ConfUtils.java:logGet(43)) - raft.server.log.statemachine.data.sync.timeout = 10s (default)
2019-08-29 09:32:03,546 [pool-179-thread-1] INFO  server.RaftServerConfigKeys (ConfUtils.java:logGet(43)) - raft.server.log.statemachine.data.sync.timeout.retry = -1 (default)
2019-08-29 09:32:03,547 [pool-179-thread-1] INFO  server.RaftServerConfigKeys (ConfUtils.java:logGet(43)) - raft.server.log.statemachine.data.caching.enabled = true (custom)
2019-08-29 09:32:03,547 [pool-179-thread-1] INFO  segmented.SegmentedRaftLogWorker (SegmentedRaftLogWorker.java:lambda$new$0(132)) - 95e6fe0d-ba63-44f7-8a45-847da5452504-SegmentedRaftLogWorker:Storage Directory /workdir/hadoop-ozone/integration-test/target/test-dir/MiniOzoneClusterImpl-758e1504-11ab-426e-b149-dc7346353a64/datanode-6/data/ratis/a566a1ca-c78e-4f1a-b406-68dba6fa18a1: flushIndex: setUnconditionally 0 -> -1
2019-08-29 09:32:03,547 [pool-179-thread-1] INFO  server.RaftServerConfigKeys (ConfUtils.java:logGet(43)) - raft.server.snapshot.auto.trigger.enabled = true (custom)
2019-08-29 09:32:03,548 [pool-179-thread-1] INFO  server.RaftServerConfigKeys (ConfUtils.java:logGet(43)) - raft.server.snapshot.auto.trigger.threshold = 10000 (custom)
2019-08-29 09:32:03,548 [pool-179-thread-1] INFO  server.RaftServerConfigKeys (ConfUtils.java:logGet(43)) - raft.server.retrycache.expirytime = 600000ms (custom)
2019-08-29 09:32:03,548 [pool-179-thread-1] INFO  impl.RaftServerImpl (RaftServerImpl.java:start(180)) - 95e6fe0d-ba63-44f7-8a45-847da5452504: start group-68DBA6FA18A1
2019-08-29 09:32:03,548 [pool-179-thread-1] INFO  impl.RaftServerImpl (RaftServerImpl.java:setRole(171)) - 95e6fe0d-ba63-44f7-8a45-847da5452504:group-68DBA6FA18A1 changes role from null to FOLLOWER at term 0 for startAsFollower
2019-08-29 09:32:03,549 [pool-179-thread-1] INFO  impl.RoleInfo (RoleInfo.java:updateAndGet(143)) - 95e6fe0d-ba63-44f7-8a45-847da5452504: start FollowerState
2019-08-29 09:32:03,549 [pool-179-thread-1] INFO  util.JmxRegister (JmxRegister.java:tryRegister(44)) - Successfully registered JMX Bean with object name Ratis:service=RaftServer,group=group-68DBA6FA18A1,id=95e6fe0d-ba63-44f7-8a45-847da5452504
2019-08-29 09:32:03,552 [RatisPipelineUtilsThread] INFO  pipeline.PipelineStateManager (PipelineStateManager.java:addPipeline(56)) - Created pipeline Pipeline[ Id: a566a1ca-c78e-4f1a-b406-68dba6fa18a1, Nodes: 95e6fe0d-ba63-44f7-8a45-847da5452504{ip: 192.168.34.42, host: pr-hdds-1054-cqztt-1934904501, networkLocation: /default-rack, certSerialId: null}, Type:RATIS, Factor:ONE, State:OPEN]
2019-08-29 09:32:03,564 [grpc-default-executor-0] INFO  impl.RaftServerProxy (RaftServerProxy.java:addNew(89)) - 95e6fe0d-ba63-44f7-8a45-847da5452504: addNew group-34D90A7AC755:[95e6fe0d-ba63-44f7-8a45-847da5452504:192.168.34.42:35967, 04dfc250-5117-40ee-9223-ddc31d2a7fac:192.168.34.42:45149, f5a90a23-db6d-4122-980c-2c6f67b12274:192.168.34.42:43304] returns group-34D90A7AC755:java.util.concurrent.CompletableFuture@1cc30ea8[Not completed]
2019-08-29 09:32:03,564 [grpc-default-executor-1] INFO  impl.RaftServerProxy (RaftServerProxy.java:addNew(89)) - f5a90a23-db6d-4122-980c-2c6f67b12274: addNew group-34D90A7AC755:[95e6fe0d-ba63-44f7-8a45-847da5452504:192.168.34.42:35967, 04dfc250-5117-40ee-9223-ddc31d2a7fac:192.168.34.42:45149, f5a90a23-db6d-4122-980c-2c6f67b12274:192.168.34.42:43304] returns group-34D90A7AC755:java.util.concurrent.CompletableFuture@30fef8de[Not completed]
2019-08-29 09:32:03,565 [grpc-default-executor-2] INFO  impl.RaftServerProxy (RaftServerProxy.java:addNew(89)) - 04dfc250-5117-40ee-9223-ddc31d2a7fac: addNew group-34D90A7AC755:[95e6fe0d-ba63-44f7-8a45-847da5452504:192.168.34.42:35967, 04dfc250-5117-40ee-9223-ddc31d2a7fac:192.168.34.42:45149, f5a90a23-db6d-4122-980c-2c6f67b12274:192.168.34.42:43304] returns group-34D90A7AC755:java.util.concurrent.CompletableFuture@46050d26[Not completed]
2019-08-29 09:32:03,566 [pool-179-thread-1] INFO  impl.RaftServerImpl (RaftServerImpl.java:<init>(93)) - 95e6fe0d-ba63-44f7-8a45-847da5452504: new RaftServerImpl for group-34D90A7AC755:[95e6fe0d-ba63-44f7-8a45-847da5452504:192.168.34.42:35967, 04dfc250-5117-40ee-9223-ddc31d2a7fac:192.168.34.42:45149, f5a90a23-db6d-4122-980c-2c6f67b12274:192.168.34.42:43304] with ContainerStateMachine:uninitialized
2019-08-29 09:32:03,566 [pool-179-thread-1] INFO  server.RaftServerConfigKeys (ConfUtils.java:logGet(43)) - raft.server.rpc.timeout.min = 5s (custom)
2019-08-29 09:32:03,566 [pool-179-thread-1] INFO  server.RaftServerConfigKeys (ConfUtils.java:logGet(43)) - raft.server.rpc.timeout.max = 5200ms (custom)
2019-08-29 09:32:03,566 [pool-179-thread-1] INFO  server.RaftServerConfigKeys (ConfUtils.java:logGet(43)) - raft.server.rpcslowness.timeout = 120s (custom)
2019-08-29 09:32:03,567 [pool-179-thread-1] INFO  server.RaftServerConfigKeys (ConfUtils.java:logGet(43)) - raft.server.sleep.deviation.threshold = 300 (default)
2019-08-29 09:32:03,567 [pool-179-thread-1] INFO  server.RaftServerConfigKeys (ConfUtils.java:logGet(43)) - raft.server.log.appender.install.snapshot.enabled = false (custom)
2019-08-29 09:32:03,567 [pool-159-thread-1] INFO  impl.RaftServerImpl (RaftServerImpl.java:<init>(93)) - 04dfc250-5117-40ee-9223-ddc31d2a7fac: new RaftServerImpl for group-34D90A7AC755:[95e6fe0d-ba63-44f7-8a45-847da5452504:192.168.34.42:35967, 04dfc250-5117-40ee-9223-ddc31d2a7fac:192.168.34.42:45149, f5a90a23-db6d-4122-980c-2c6f67b12274:192.168.34.42:43304] with ContainerStateMachine:uninitialized
2019-08-29 09:32:03,567 [pool-179-thread-1] INFO  impl.RaftServerImpl (ServerState.java:<init>(105)) - 95e6fe0d-ba63-44f7-8a45-847da5452504:group-34D90A7AC755 ConfigurationManager, init=-1: [95e6fe0d-ba63-44f7-8a45-847da5452504:192.168.34.42:35967, 04dfc250-5117-40ee-9223-ddc31d2a7fac:192.168.34.42:45149, f5a90a23-db6d-4122-980c-2c6f67b12274:192.168.34.42:43304], old=null, confs=<EMPTY_MAP>
2019-08-29 09:32:03,567 [pool-159-thread-1] INFO  server.RaftServerConfigKeys (ConfUtils.java:logGet(43)) - raft.server.rpc.timeout.min = 5s (custom)
2019-08-29 09:32:03,567 [pool-179-thread-1] INFO  server.RaftServerConfigKeys (ConfUtils.java:logGet(43)) - raft.server.storage.dir = [/workdir/hadoop-ozone/integration-test/target/test-dir/MiniOzoneClusterImpl-758e1504-11ab-426e-b149-dc7346353a64/datanode-6/data/ratis] (custom)
2019-08-29 09:32:03,567 [pool-159-thread-1] INFO  server.RaftServerConfigKeys (ConfUtils.java:logGet(43)) - raft.server.rpc.timeout.max = 5200ms (custom)
2019-08-29 09:32:03,567 [pool-159-thread-1] INFO  server.RaftServerConfigKeys (ConfUtils.java:logGet(43)) - raft.server.rpcslowness.timeout = 120s (custom)
2019-08-29 09:32:03,567 [pool-159-thread-1] INFO  server.RaftServerConfigKeys (ConfUtils.java:logGet(43)) - raft.server.sleep.deviation.threshold = 300 (default)
2019-08-29 09:32:03,568 [pool-179-thread-1] INFO  storage.RaftStorageDirectory (RaftStorageDirectory.java:analyzeStorage(246)) - The storage directory /workdir/hadoop-ozone/integration-test/target/test-dir/MiniOzoneClusterImpl-758e1504-11ab-426e-b149-dc7346353a64/datanode-6/data/ratis/734b81bd-9131-4087-901d-34d90a7ac755 does not exist. Creating ...
2019-08-29 09:32:03,568 [pool-159-thread-1] INFO  server.RaftServerConfigKeys (ConfUtils.java:logGet(43)) - raft.server.log.appender.install.snapshot.enabled = false (custom)
2019-08-29 09:32:03,568 [pool-149-thread-1] INFO  impl.RaftServerImpl (RaftServerImpl.java:<init>(93)) - f5a90a23-db6d-4122-980c-2c6f67b12274: new RaftServerImpl for group-34D90A7AC755:[95e6fe0d-ba63-44f7-8a45-847da5452504:192.168.34.42:35967, 04dfc250-5117-40ee-9223-ddc31d2a7fac:192.168.34.42:45149, f5a90a23-db6d-4122-980c-2c6f67b12274:192.168.34.42:43304] with ContainerStateMachine:uninitialized
2019-08-29 09:32:03,568 [pool-159-thread-1] INFO  impl.RaftServerImpl (ServerState.java:<init>(105)) - 04dfc250-5117-40ee-9223-ddc31d2a7fac:group-34D90A7AC755 ConfigurationManager, init=-1: [95e6fe0d-ba63-44f7-8a45-847da5452504:192.168.34.42:35967, 04dfc250-5117-40ee-9223-ddc31d2a7fac:192.168.34.42:45149, f5a90a23-db6d-4122-980c-2c6f67b12274:192.168.34.42:43304], old=null, confs=<EMPTY_MAP>
2019-08-29 09:32:03,568 [pool-149-thread-1] INFO  server.RaftServerConfigKeys (ConfUtils.java:logGet(43)) - raft.server.rpc.timeout.min = 5s (custom)
2019-08-29 09:32:03,568 [pool-159-thread-1] INFO  server.RaftServerConfigKeys (ConfUtils.java:logGet(43)) - raft.server.storage.dir = [/workdir/hadoop-ozone/integration-test/target/test-dir/MiniOzoneClusterImpl-758e1504-11ab-426e-b149-dc7346353a64/datanode-4/data/ratis] (custom)
2019-08-29 09:32:03,568 [pool-149-thread-1] INFO  server.RaftServerConfigKeys (ConfUtils.java:logGet(43)) - raft.server.rpc.timeout.max = 5200ms (custom)
2019-08-29 09:32:03,569 [pool-149-thread-1] INFO  server.RaftServerConfigKeys (ConfUtils.java:logGet(43)) - raft.server.rpcslowness.timeout = 120s (custom)
2019-08-29 09:32:03,569 [pool-159-thread-1] INFO  storage.RaftStorageDirectory (RaftStorageDirectory.java:analyzeStorage(246)) - The storage directory /workdir/hadoop-ozone/integration-test/target/test-dir/MiniOzoneClusterImpl-758e1504-11ab-426e-b149-dc7346353a64/datanode-4/data/ratis/734b81bd-9131-4087-901d-34d90a7ac755 does not exist. Creating ...
2019-08-29 09:32:03,569 [pool-149-thread-1] INFO  server.RaftServerConfigKeys (ConfUtils.java:logGet(43)) - raft.server.sleep.deviation.threshold = 300 (default)
2019-08-29 09:32:03,569 [pool-149-thread-1] INFO  server.RaftServerConfigKeys (ConfUtils.java:logGet(43)) - raft.server.log.appender.install.snapshot.enabled = false (custom)
2019-08-29 09:32:03,569 [pool-149-thread-1] INFO  impl.RaftServerImpl (ServerState.java:<init>(105)) - f5a90a23-db6d-4122-980c-2c6f67b12274:group-34D90A7AC755 ConfigurationManager, init=-1: [95e6fe0d-ba63-44f7-8a45-847da5452504:192.168.34.42:35967, 04dfc250-5117-40ee-9223-ddc31d2a7fac:192.168.34.42:45149, f5a90a23-db6d-4122-980c-2c6f67b12274:192.168.34.42:43304], old=null, confs=<EMPTY_MAP>
2019-08-29 09:32:03,569 [pool-149-thread-1] INFO  server.RaftServerConfigKeys (ConfUtils.java:logGet(43)) - raft.server.storage.dir = [/workdir/hadoop-ozone/integration-test/target/test-dir/MiniOzoneClusterImpl-758e1504-11ab-426e-b149-dc7346353a64/datanode-3/data/ratis] (custom)
2019-08-29 09:32:03,570 [pool-149-thread-1] INFO  storage.RaftStorageDirectory (RaftStorageDirectory.java:analyzeStorage(246)) - The storage directory /workdir/hadoop-ozone/integration-test/target/test-dir/MiniOzoneClusterImpl-758e1504-11ab-426e-b149-dc7346353a64/datanode-3/data/ratis/734b81bd-9131-4087-901d-34d90a7ac755 does not exist. Creating ...
2019-08-29 09:32:03,570 [pool-179-thread-1] INFO  storage.RaftStorageDirectory (RaftStorageDirectory.java:tryLock(328)) - Lock on /workdir/hadoop-ozone/integration-test/target/test-dir/MiniOzoneClusterImpl-758e1504-11ab-426e-b149-dc7346353a64/datanode-6/data/ratis/734b81bd-9131-4087-901d-34d90a7ac755/in_use.lock acquired by nodename 11264@pr-hdds-1054-cqztt-1934904501
2019-08-29 09:32:03,573 [pool-149-thread-1] INFO  storage.RaftStorageDirectory (RaftStorageDirectory.java:tryLock(328)) - Lock on /workdir/hadoop-ozone/integration-test/target/test-dir/MiniOzoneClusterImpl-758e1504-11ab-426e-b149-dc7346353a64/datanode-3/data/ratis/734b81bd-9131-4087-901d-34d90a7ac755/in_use.lock acquired by nodename 11264@pr-hdds-1054-cqztt-1934904501
2019-08-29 09:32:03,573 [pool-159-thread-1] INFO  storage.RaftStorageDirectory (RaftStorageDirectory.java:tryLock(328)) - Lock on /workdir/hadoop-ozone/integration-test/target/test-dir/MiniOzoneClusterImpl-758e1504-11ab-426e-b149-dc7346353a64/datanode-4/data/ratis/734b81bd-9131-4087-901d-34d90a7ac755/in_use.lock acquired by nodename 11264@pr-hdds-1054-cqztt-1934904501
2019-08-29 09:32:03,576 [pool-179-thread-1] INFO  storage.RaftStorage (RaftStorage.java:format(72)) - Storage directory /workdir/hadoop-ozone/integration-test/target/test-dir/MiniOzoneClusterImpl-758e1504-11ab-426e-b149-dc7346353a64/datanode-6/data/ratis/734b81bd-9131-4087-901d-34d90a7ac755 has been successfully formatted.
2019-08-29 09:32:03,576 [pool-179-thread-1] INFO  ratis.ContainerStateMachine (ContainerStateMachine.java:loadSnapshot(227)) - group-34D90A7AC755: The snapshot info is null. Setting the last applied indexto:(t:0, i:~)
2019-08-29 09:32:03,576 [pool-179-thread-1] INFO  server.RaftServerConfigKeys (ConfUtils.java:logGet(43)) - raft.server.leader.election.timeout = 120s (custom)
2019-08-29 09:32:03,577 [pool-179-thread-1] INFO  server.RaftServerConfigKeys (ConfUtils.java:logGet(43)) - raft.server.log.use.memory = false (default)
2019-08-29 09:32:03,577 [pool-179-thread-1] INFO  server.RaftServerConfigKeys (ConfUtils.java:logGet(43)) - raft.server.log.purge.gap = 1000000 (custom)
2019-08-29 09:32:03,577 [pool-179-thread-1] INFO  server.RaftServerConfigKeys (ConfUtils.java:logGet(43)) - raft.server.log.appender.buffer.byte-limit = 33554432 (custom)
2019-08-29 09:32:03,577 [pool-179-thread-1] INFO  server.RaftServerConfigKeys (ConfUtils.java:logGet(43)) - raft.server.log.segment.size.max = 1048576 (custom)
2019-08-29 09:32:03,577 [pool-179-thread-1] INFO  server.RaftServerConfigKeys (ConfUtils.java:logGet(43)) - raft.server.log.segment.cache.num.max = 2 (custom)
2019-08-29 09:32:03,577 [pool-179-thread-1] INFO  segmented.SegmentedRaftLogWorker (SegmentedRaftLogWorker.java:<init>(172)) - new 95e6fe0d-ba63-44f7-8a45-847da5452504-SegmentedRaftLogWorker:Storage Directory /workdir/hadoop-ozone/integration-test/target/test-dir/MiniOzoneClusterImpl-758e1504-11ab-426e-b149-dc7346353a64/datanode-6/data/ratis/734b81bd-9131-4087-901d-34d90a7ac755 for RaftStorage:Storage Directory /workdir/hadoop-ozone/integration-test/target/test-dir/MiniOzoneClusterImpl-758e1504-11ab-426e-b149-dc7346353a64/datanode-6/data/ratis/734b81bd-9131-4087-901d-34d90a7ac755
2019-08-29 09:32:03,577 [pool-179-thread-1] INFO  server.RaftServerConfigKeys (ConfUtils.java:logGet(43)) - raft.server.log.queue.byte-limit = 2147483647 (custom)
2019-08-29 09:32:03,577 [pool-179-thread-1] INFO  server.RaftServerConfigKeys (ConfUtils.java:logGet(43)) - raft.server.log.queue.element-limit = 1024 (custom)
2019-08-29 09:32:03,578 [pool-179-thread-1] INFO  server.RaftServerConfigKeys (ConfUtils.java:logGet(43)) - raft.server.log.segment.size.max = 1048576 (custom)
2019-08-29 09:32:03,578 [pool-179-thread-1] INFO  server.RaftServerConfigKeys (ConfUtils.java:logGet(43)) - raft.server.log.preallocated.size = 16384 (custom)
2019-08-29 09:32:03,578 [pool-179-thread-1] INFO  server.RaftServerConfigKeys (ConfUtils.java:logGet(43)) - raft.server.log.write.buffer.size = 33554432 (custom)
2019-08-29 09:32:03,578 [pool-179-thread-1] INFO  server.RaftServerConfigKeys (ConfUtils.java:logGet(43)) - raft.server.log.force.sync.num = 128 (default)
2019-08-29 09:32:03,578 [pool-179-thread-1] INFO  server.RaftServerConfigKeys (ConfUtils.java:logGet(43)) - raft.server.log.statemachine.data.sync = true (default)
2019-08-29 09:32:03,578 [pool-179-thread-1] INFO  server.RaftServerConfigKeys (ConfUtils.java:logGet(43)) - raft.server.log.statemachine.data.sync.timeout = 10s (default)
2019-08-29 09:32:03,578 [pool-179-thread-1] INFO  server.RaftServerConfigKeys (ConfUtils.java:logGet(43)) - raft.server.log.statemachine.data.sync.timeout.retry = -1 (default)
2019-08-29 09:32:03,578 [pool-179-thread-1] INFO  server.RaftServerConfigKeys (ConfUtils.java:logGet(43)) - raft.server.log.statemachine.data.caching.enabled = true (custom)
2019-08-29 09:32:03,579 [pool-179-thread-1] INFO  segmented.SegmentedRaftLogWorker (SegmentedRaftLogWorker.java:lambda$new$0(132)) - 95e6fe0d-ba63-44f7-8a45-847da5452504-SegmentedRaftLogWorker:Storage Directory /workdir/hadoop-ozone/integration-test/target/test-dir/MiniOzoneClusterImpl-758e1504-11ab-426e-b149-dc7346353a64/datanode-6/data/ratis/734b81bd-9131-4087-901d-34d90a7ac755: flushIndex: setUnconditionally 0 -> -1
2019-08-29 09:32:03,580 [pool-179-thread-1] INFO  server.RaftServerConfigKeys (ConfUtils.java:logGet(43)) - raft.server.snapshot.auto.trigger.enabled = true (custom)
2019-08-29 09:32:03,580 [pool-159-thread-1] INFO  storage.RaftStorage (RaftStorage.java:format(72)) - Storage directory /workdir/hadoop-ozone/integration-test/target/test-dir/MiniOzoneClusterImpl-758e1504-11ab-426e-b149-dc7346353a64/datanode-4/data/ratis/734b81bd-9131-4087-901d-34d90a7ac755 has been successfully formatted.
2019-08-29 09:32:03,580 [pool-149-thread-1] INFO  storage.RaftStorage (RaftStorage.java:format(72)) - Storage directory /workdir/hadoop-ozone/integration-test/target/test-dir/MiniOzoneClusterImpl-758e1504-11ab-426e-b149-dc7346353a64/datanode-3/data/ratis/734b81bd-9131-4087-901d-34d90a7ac755 has been successfully formatted.
2019-08-29 09:32:03,580 [pool-179-thread-1] INFO  server.RaftServerConfigKeys (ConfUtils.java:logGet(43)) - raft.server.snapshot.auto.trigger.threshold = 10000 (custom)
2019-08-29 09:32:03,580 [pool-159-thread-1] INFO  ratis.ContainerStateMachine (ContainerStateMachine.java:loadSnapshot(227)) - group-34D90A7AC755: The snapshot info is null. Setting the last applied indexto:(t:0, i:~)
2019-08-29 09:32:03,580 [pool-149-thread-1] INFO  ratis.ContainerStateMachine (ContainerStateMachine.java:loadSnapshot(227)) - group-34D90A7AC755: The snapshot info is null. Setting the last applied indexto:(t:0, i:~)
2019-08-29 09:32:03,580 [pool-159-thread-1] INFO  server.RaftServerConfigKeys (ConfUtils.java:logGet(43)) - raft.server.leader.election.timeout = 120s (custom)
2019-08-29 09:32:03,580 [pool-179-thread-1] INFO  server.RaftServerConfigKeys (ConfUtils.java:logGet(43)) - raft.server.retrycache.expirytime = 600000ms (custom)
2019-08-29 09:32:03,580 [pool-159-thread-1] INFO  server.RaftServerConfigKeys (ConfUtils.java:logGet(43)) - raft.server.log.use.memory = false (default)
2019-08-29 09:32:03,580 [pool-149-thread-1] INFO  server.RaftServerConfigKeys (ConfUtils.java:logGet(43)) - raft.server.leader.election.timeout = 120s (custom)
2019-08-29 09:32:03,581 [pool-159-thread-1] INFO  server.RaftServerConfigKeys (ConfUtils.java:logGet(43)) - raft.server.log.purge.gap = 1000000 (custom)
2019-08-29 09:32:03,581 [pool-179-thread-1] INFO  impl.RaftServerImpl (RaftServerImpl.java:start(180)) - 95e6fe0d-ba63-44f7-8a45-847da5452504: start group-34D90A7AC755
2019-08-29 09:32:03,581 [pool-159-thread-1] INFO  server.RaftServerConfigKeys (ConfUtils.java:logGet(43)) - raft.server.log.appender.buffer.byte-limit = 33554432 (custom)
2019-08-29 09:32:03,581 [pool-149-thread-1] INFO  server.RaftServerConfigKeys (ConfUtils.java:logGet(43)) - raft.server.log.use.memory = false (default)
2019-08-29 09:32:03,581 [pool-159-thread-1] INFO  server.RaftServerConfigKeys (ConfUtils.java:logGet(43)) - raft.server.log.segment.size.max = 1048576 (custom)
2019-08-29 09:32:03,581 [pool-179-thread-1] INFO  impl.RaftServerImpl (RaftServerImpl.java:setRole(171)) - 95e6fe0d-ba63-44f7-8a45-847da5452504:group-34D90A7AC755 changes role from null to FOLLOWER at term 0 for startAsFollower
2019-08-29 09:32:03,581 [pool-159-thread-1] INFO  server.RaftServerConfigKeys (ConfUtils.java:logGet(43)) - raft.server.log.segment.cache.num.max = 2 (custom)
2019-08-29 09:32:03,581 [pool-149-thread-1] INFO  server.RaftServerConfigKeys (ConfUtils.java:logGet(43)) - raft.server.log.purge.gap = 1000000 (custom)
2019-08-29 09:32:03,582 [pool-159-thread-1] INFO  segmented.SegmentedRaftLogWorker (SegmentedRaftLogWorker.java:<init>(172)) - new 04dfc250-5117-40ee-9223-ddc31d2a7fac-SegmentedRaftLogWorker:Storage Directory /workdir/hadoop-ozone/integration-test/target/test-dir/MiniOzoneClusterImpl-758e1504-11ab-426e-b149-dc7346353a64/datanode-4/data/ratis/734b81bd-9131-4087-901d-34d90a7ac755 for RaftStorage:Storage Directory /workdir/hadoop-ozone/integration-test/target/test-dir/MiniOzoneClusterImpl-758e1504-11ab-426e-b149-dc7346353a64/datanode-4/data/ratis/734b81bd-9131-4087-901d-34d90a7ac755
2019-08-29 09:32:03,582 [pool-179-thread-1] INFO  impl.RoleInfo (RoleInfo.java:updateAndGet(143)) - 95e6fe0d-ba63-44f7-8a45-847da5452504: start FollowerState
2019-08-29 09:32:03,582 [pool-159-thread-1] INFO  server.RaftServerConfigKeys (ConfUtils.java:logGet(43)) - raft.server.log.queue.byte-limit = 2147483647 (custom)
2019-08-29 09:32:03,582 [pool-149-thread-1] INFO  server.RaftServerConfigKeys (ConfUtils.java:logGet(43)) - raft.server.log.appender.buffer.byte-limit = 33554432 (custom)
2019-08-29 09:32:03,582 [pool-159-thread-1] INFO  server.RaftServerConfigKeys (ConfUtils.java:logGet(43)) - raft.server.log.queue.element-limit = 1024 (custom)
2019-08-29 09:32:03,582 [pool-179-thread-1] INFO  util.JmxRegister (JmxRegister.java:tryRegister(44)) - Successfully registered JMX Bean with object name Ratis:service=RaftServer,group=group-34D90A7AC755,id=95e6fe0d-ba63-44f7-8a45-847da5452504
2019-08-29 09:32:03,582 [pool-159-thread-1] INFO  server.RaftServerConfigKeys (ConfUtils.java:logGet(43)) - raft.server.log.segment.size.max = 1048576 (custom)
2019-08-29 09:32:03,582 [pool-149-thread-1] INFO  server.RaftServerConfigKeys (ConfUtils.java:logGet(43)) - raft.server.log.segment.size.max = 1048576 (custom)
2019-08-29 09:32:03,583 [pool-159-thread-1] INFO  server.RaftServerConfigKeys (ConfUtils.java:logGet(43)) - raft.server.log.preallocated.size = 16384 (custom)
2019-08-29 09:32:03,583 [pool-149-thread-1] INFO  server.RaftServerConfigKeys (ConfUtils.java:logGet(43)) - raft.server.log.segment.cache.num.max = 2 (custom)
2019-08-29 09:32:03,583 [pool-159-thread-1] INFO  server.RaftServerConfigKeys (ConfUtils.java:logGet(43)) - raft.server.log.write.buffer.size = 33554432 (custom)
2019-08-29 09:32:03,583 [pool-149-thread-1] INFO  segmented.SegmentedRaftLogWorker (SegmentedRaftLogWorker.java:<init>(172)) - new f5a90a23-db6d-4122-980c-2c6f67b12274-SegmentedRaftLogWorker:Storage Directory /workdir/hadoop-ozone/integration-test/target/test-dir/MiniOzoneClusterImpl-758e1504-11ab-426e-b149-dc7346353a64/datanode-3/data/ratis/734b81bd-9131-4087-901d-34d90a7ac755 for RaftStorage:Storage Directory /workdir/hadoop-ozone/integration-test/target/test-dir/MiniOzoneClusterImpl-758e1504-11ab-426e-b149-dc7346353a64/datanode-3/data/ratis/734b81bd-9131-4087-901d-34d90a7ac755
2019-08-29 09:32:03,583 [pool-159-thread-1] INFO  server.RaftServerConfigKeys (ConfUtils.java:logGet(43)) - raft.server.log.force.sync.num = 128 (default)
2019-08-29 09:32:03,583 [pool-149-thread-1] INFO  server.RaftServerConfigKeys (ConfUtils.java:logGet(43)) - raft.server.log.queue.byte-limit = 2147483647 (custom)
2019-08-29 09:32:03,583 [pool-159-thread-1] INFO  server.RaftServerConfigKeys (ConfUtils.java:logGet(43)) - raft.server.log.statemachine.data.sync = true (default)
2019-08-29 09:32:03,583 [pool-149-thread-1] INFO  server.RaftServerConfigKeys (ConfUtils.java:logGet(43)) - raft.server.log.queue.element-limit = 1024 (custom)
2019-08-29 09:32:03,584 [pool-159-thread-1] INFO  server.RaftServerConfigKeys (ConfUtils.java:logGet(43)) - raft.server.log.statemachine.data.sync.timeout = 10s (default)
2019-08-29 09:32:03,584 [pool-149-thread-1] INFO  server.RaftServerConfigKeys (ConfUtils.java:logGet(43)) - raft.server.log.segment.size.max = 1048576 (custom)
2019-08-29 09:32:03,584 [pool-159-thread-1] INFO  server.RaftServerConfigKeys (ConfUtils.java:logGet(43)) - raft.server.log.statemachine.data.sync.timeout.retry = -1 (default)
2019-08-29 09:32:03,584 [pool-149-thread-1] INFO  server.RaftServerConfigKeys (ConfUtils.java:logGet(43)) - raft.server.log.preallocated.size = 16384 (custom)
2019-08-29 09:32:03,584 [pool-159-thread-1] INFO  server.RaftServerConfigKeys (ConfUtils.java:logGet(43)) - raft.server.log.statemachine.data.caching.enabled = true (custom)
2019-08-29 09:32:03,584 [pool-149-thread-1] INFO  server.RaftServerConfigKeys (ConfUtils.java:logGet(43)) - raft.server.log.write.buffer.size = 33554432 (custom)
2019-08-29 09:32:03,585 [pool-149-thread-1] INFO  server.RaftServerConfigKeys (ConfUtils.java:logGet(43)) - raft.server.log.force.sync.num = 128 (default)
2019-08-29 09:32:03,585 [pool-159-thread-1] INFO  segmented.SegmentedRaftLogWorker (SegmentedRaftLogWorker.java:lambda$new$0(132)) - 04dfc250-5117-40ee-9223-ddc31d2a7fac-SegmentedRaftLogWorker:Storage Directory /workdir/hadoop-ozone/integration-test/target/test-dir/MiniOzoneClusterImpl-758e1504-11ab-426e-b149-dc7346353a64/datanode-4/data/ratis/734b81bd-9131-4087-901d-34d90a7ac755: flushIndex: setUnconditionally 0 -> -1
2019-08-29 09:32:03,585 [pool-149-thread-1] INFO  server.RaftServerConfigKeys (ConfUtils.java:logGet(43)) - raft.server.log.statemachine.data.sync = true (default)
2019-08-29 09:32:03,585 [pool-159-thread-1] INFO  server.RaftServerConfigKeys (ConfUtils.java:logGet(43)) - raft.server.snapshot.auto.trigger.enabled = true (custom)
2019-08-29 09:32:03,585 [pool-149-thread-1] INFO  server.RaftServerConfigKeys (ConfUtils.java:logGet(43)) - raft.server.log.statemachine.data.sync.timeout = 10s (default)
2019-08-29 09:32:03,585 [pool-159-thread-1] INFO  server.RaftServerConfigKeys (ConfUtils.java:logGet(43)) - raft.server.snapshot.auto.trigger.threshold = 10000 (custom)
2019-08-29 09:32:03,585 [pool-149-thread-1] INFO  server.RaftServerConfigKeys (ConfUtils.java:logGet(43)) - raft.server.log.statemachine.data.sync.timeout.retry = -1 (default)
2019-08-29 09:32:03,585 [pool-159-thread-1] INFO  server.RaftServerConfigKeys (ConfUtils.java:logGet(43)) - raft.server.retrycache.expirytime = 600000ms (custom)
2019-08-29 09:32:03,585 [pool-149-thread-1] INFO  server.RaftServerConfigKeys (ConfUtils.java:logGet(43)) - raft.server.log.statemachine.data.caching.enabled = true (custom)
2019-08-29 09:32:03,585 [pool-159-thread-1] INFO  impl.RaftServerImpl (RaftServerImpl.java:start(180)) - 04dfc250-5117-40ee-9223-ddc31d2a7fac: start group-34D90A7AC755
2019-08-29 09:32:03,586 [pool-159-thread-1] INFO  impl.RaftServerImpl (RaftServerImpl.java:setRole(171)) - 04dfc250-5117-40ee-9223-ddc31d2a7fac:group-34D90A7AC755 changes role from null to FOLLOWER at term 0 for startAsFollower
2019-08-29 09:32:03,586 [pool-159-thread-1] INFO  impl.RoleInfo (RoleInfo.java:updateAndGet(143)) - 04dfc250-5117-40ee-9223-ddc31d2a7fac: start FollowerState
2019-08-29 09:32:03,586 [pool-149-thread-1] INFO  segmented.SegmentedRaftLogWorker (SegmentedRaftLogWorker.java:lambda$new$0(132)) - f5a90a23-db6d-4122-980c-2c6f67b12274-SegmentedRaftLogWorker:Storage Directory /workdir/hadoop-ozone/integration-test/target/test-dir/MiniOzoneClusterImpl-758e1504-11ab-426e-b149-dc7346353a64/datanode-3/data/ratis/734b81bd-9131-4087-901d-34d90a7ac755: flushIndex: setUnconditionally 0 -> -1
2019-08-29 09:32:03,586 [pool-159-thread-1] INFO  util.JmxRegister (JmxRegister.java:tryRegister(44)) - Successfully registered JMX Bean with object name Ratis:service=RaftServer,group=group-34D90A7AC755,id=04dfc250-5117-40ee-9223-ddc31d2a7fac
2019-08-29 09:32:03,586 [pool-149-thread-1] INFO  server.RaftServerConfigKeys (ConfUtils.java:logGet(43)) - raft.server.snapshot.auto.trigger.enabled = true (custom)
2019-08-29 09:32:03,586 [pool-149-thread-1] INFO  server.RaftServerConfigKeys (ConfUtils.java:logGet(43)) - raft.server.snapshot.auto.trigger.threshold = 10000 (custom)
2019-08-29 09:32:03,587 [pool-149-thread-1] INFO  server.RaftServerConfigKeys (ConfUtils.java:logGet(43)) - raft.server.retrycache.expirytime = 600000ms (custom)
2019-08-29 09:32:03,587 [pool-149-thread-1] INFO  impl.RaftServerImpl (RaftServerImpl.java:start(180)) - f5a90a23-db6d-4122-980c-2c6f67b12274: start group-34D90A7AC755
2019-08-29 09:32:03,587 [pool-149-thread-1] INFO  impl.RaftServerImpl (RaftServerImpl.java:setRole(171)) - f5a90a23-db6d-4122-980c-2c6f67b12274:group-34D90A7AC755 changes role from null to FOLLOWER at term 0 for startAsFollower
2019-08-29 09:32:03,587 [pool-149-thread-1] INFO  impl.RoleInfo (RoleInfo.java:updateAndGet(143)) - f5a90a23-db6d-4122-980c-2c6f67b12274: start FollowerState
2019-08-29 09:32:03,588 [pool-149-thread-1] INFO  util.JmxRegister (JmxRegister.java:tryRegister(44)) - Successfully registered JMX Bean with object name Ratis:service=RaftServer,group=group-34D90A7AC755,id=f5a90a23-db6d-4122-980c-2c6f67b12274
2019-08-29 09:32:03,590 [RatisPipelineUtilsThread] INFO  pipeline.PipelineStateManager (PipelineStateManager.java:addPipeline(56)) - Created pipeline Pipeline[ Id: 734b81bd-9131-4087-901d-34d90a7ac755, Nodes: 04dfc250-5117-40ee-9223-ddc31d2a7fac{ip: 192.168.34.42, host: pr-hdds-1054-cqztt-1934904501, networkLocation: /default-rack, certSerialId: null}f5a90a23-db6d-4122-980c-2c6f67b12274{ip: 192.168.34.42, host: pr-hdds-1054-cqztt-1934904501, networkLocation: /default-rack, certSerialId: null}95e6fe0d-ba63-44f7-8a45-847da5452504{ip: 192.168.34.42, host: pr-hdds-1054-cqztt-1934904501, networkLocation: /default-rack, certSerialId: null}, Type:RATIS, Factor:THREE, State:OPEN]
2019-08-29 09:32:04,486 [main] INFO  ozone.MiniOzoneClusterImpl (MiniOzoneClusterImpl.java:lambda$waitForClusterToBeReady$0(140)) - Cluster is ready. Got 7 of 7 DN Heartbeats.
2019-08-29 09:32:04,527 [main] INFO  rpc.RpcClient (RpcClient.java:createVolume(294)) - Creating Volume: testblockoutputstreamwithretries, with jenkins1000 as owner.
2019-08-29 09:32:04,530 | INFO  | OMAudit | user=jenkins1000 | ip=127.0.0.1 | op=CREATE_VOLUME {admin=jenkins1000, owner=jenkins1000, volume=testblockoutputstreamwithretries, creationTime=1567071124529, quotaInBytes=1152921504606846976} | ret=SUCCESS |  
2019-08-29 09:32:04,541 | INFO  | OMAudit | user=jenkins1000 | ip=127.0.0.1 | op=READ_VOLUME {volume=testblockoutputstreamwithretries} | ret=SUCCESS |  
2019-08-29 09:32:04,542 [main] INFO  rpc.RpcClient (RpcClient.java:createBucket(433)) - Creating Bucket: testblockoutputstreamwithretries/testblockoutputstreamwithretries, with Versioning false and Storage Type set to DISK and Encryption set to false 
2019-08-29 09:32:04,547 | INFO  | OMAudit | user=jenkins1000 | ip=127.0.0.1 | op=CREATE_BUCKET {volume=testblockoutputstreamwithretries, bucket=testblockoutputstreamwithretries, acls=[user:jenkins1000:a[ACCESS], group:default:a[ACCESS]], isVersionEnabled=false, storageType=DISK, creationTime=0} | ret=SUCCESS |  
2019-08-29 09:32:04,549 | INFO  | OMAudit | user=jenkins1000 | ip=127.0.0.1 | op=READ_VOLUME {volume=testblockoutputstreamwithretries} | ret=SUCCESS |  
2019-08-29 09:32:04,550 | INFO  | OMAudit | user=jenkins1000 | ip=127.0.0.1 | op=READ_BUCKET {volume=testblockoutputstreamwithretries, bucket=testblockoutputstreamwithretries} | ret=SUCCESS |  
2019-08-29 09:32:04,556 | INFO  | SCMAudit | user=jenkins1000 | ip=192.168.34.42 | op=ALLOCATE_BLOCK {owner=ff2b2146-98e9-48e5-9d4b-70973c96471a, size=800, type=RATIS, factor=THREE} | ret=SUCCESS |  
2019-08-29 09:32:04,559 | INFO  | OMAudit | user=jenkins1000 | ip=127.0.0.1 | op=ALLOCATE_KEY {volume=testblockoutputstreamwithretries, bucket=testblockoutputstreamwithretries, key=4da66321-790d-41ed-b38a-e6a2bbd7a24a, dataSize=3200, replicationType=RATIS, replicationFactor=THREE, keyLocationInfo=null} | ret=SUCCESS |  
2019-08-29 09:32:04,575 [grpc-default-executor-2] INFO  client.GrpcClientProtocolClient (GrpcClientProtocolClient.java:onNext(255)) - client-E9E73D333C91->cffcff0f-2752-46f1-bb20-4150682c084f: receive RaftClientReply:client-E9E73D333C91->cffcff0f-2752-46f1-bb20-4150682c084f@group-38214EFEF1B1, cid=42, FAILED org.apache.ratis.protocol.NotLeaderException: Server cffcff0f-2752-46f1-bb20-4150682c084f is not the leader (null). Request must be sent to leader., logIndex=0, commits[cffcff0f-2752-46f1-bb20-4150682c084f:c-1]
2019-08-29 09:32:05,067 | INFO  | SCMAudit | user=jenkins1000 | ip=192.168.34.42 | op=SEND_HEARTBEAT {datanodeUUID=cffcff0f-2752-46f1-bb20-4150682c084f, command=[]} | ret=SUCCESS |  
2019-08-29 09:32:05,135 | INFO  | SCMAudit | user=jenkins1000 | ip=192.168.34.42 | op=SEND_HEARTBEAT {datanodeUUID=814b1e79-91cb-4747-afef-225b562b988f, command=[]} | ret=SUCCESS |  
2019-08-29 09:32:05,203 | INFO  | SCMAudit | user=jenkins1000 | ip=192.168.34.42 | op=SEND_HEARTBEAT {datanodeUUID=6a76bae0-5bcd-450f-b761-84a239d32397, command=[]} | ret=SUCCESS |  
2019-08-29 09:32:05,272 | INFO  | SCMAudit | user=jenkins1000 | ip=192.168.34.42 | op=SEND_HEARTBEAT {datanodeUUID=f5a90a23-db6d-4122-980c-2c6f67b12274, command=[]} | ret=SUCCESS |  
2019-08-29 09:32:05,341 | INFO  | SCMAudit | user=jenkins1000 | ip=192.168.34.42 | op=SEND_HEARTBEAT {datanodeUUID=04dfc250-5117-40ee-9223-ddc31d2a7fac, command=[]} | ret=SUCCESS |  
2019-08-29 09:32:05,410 | INFO  | SCMAudit | user=jenkins1000 | ip=192.168.34.42 | op=SEND_HEARTBEAT {datanodeUUID=f5689991-66b6-42db-ba36-9ef251e0e30a, command=[]} | ret=SUCCESS |  
2019-08-29 09:32:05,489 | INFO  | SCMAudit | user=jenkins1000 | ip=192.168.34.42 | op=SEND_HEARTBEAT {datanodeUUID=95e6fe0d-ba63-44f7-8a45-847da5452504, command=[]} | ret=SUCCESS |  
2019-08-29 09:32:05,615 [grpc-default-executor-1] INFO  client.GrpcClientProtocolClient (GrpcClientProtocolClient.java:onNext(255)) - client-E9E73D333C91->6a76bae0-5bcd-450f-b761-84a239d32397: receive RaftClientReply:client-E9E73D333C91->6a76bae0-5bcd-450f-b761-84a239d32397@group-38214EFEF1B1, cid=42, FAILED org.apache.ratis.protocol.NotLeaderException: Server 6a76bae0-5bcd-450f-b761-84a239d32397 is not the leader (null). Request must be sent to leader., logIndex=0, commits[6a76bae0-5bcd-450f-b761-84a239d32397:c-1]
2019-08-29 09:32:06,067 | INFO  | SCMAudit | user=jenkins1000 | ip=192.168.34.42 | op=SEND_HEARTBEAT {datanodeUUID=cffcff0f-2752-46f1-bb20-4150682c084f, command=[]} | ret=SUCCESS |  
2019-08-29 09:32:06,082 [Thread-735] INFO  container.ReplicationManager (ReplicationManager.java:start(152)) - Starting Replication Monitor Thread.
2019-08-29 09:32:06,087 [ReplicationMonitor] INFO  container.ReplicationManager (ReplicationManager.java:run(215)) - Replication Monitor Thread took 0 milliseconds for processing 3 containers.
2019-08-29 09:32:06,134 | INFO  | SCMAudit | user=jenkins1000 | ip=192.168.34.42 | op=SEND_HEARTBEAT {datanodeUUID=814b1e79-91cb-4747-afef-225b562b988f, command=[]} | ret=SUCCESS |  
2019-08-29 09:32:06,203 | INFO  | SCMAudit | user=jenkins1000 | ip=192.168.34.42 | op=SEND_HEARTBEAT {datanodeUUID=6a76bae0-5bcd-450f-b761-84a239d32397, command=[]} | ret=SUCCESS |  
2019-08-29 09:32:06,273 | INFO  | SCMAudit | user=jenkins1000 | ip=192.168.34.42 | op=SEND_HEARTBEAT {datanodeUUID=f5a90a23-db6d-4122-980c-2c6f67b12274, command=[]} | ret=SUCCESS |  
2019-08-29 09:32:06,341 | INFO  | SCMAudit | user=jenkins1000 | ip=192.168.34.42 | op=SEND_HEARTBEAT {datanodeUUID=04dfc250-5117-40ee-9223-ddc31d2a7fac, command=[]} | ret=SUCCESS |  
2019-08-29 09:32:06,410 | INFO  | SCMAudit | user=jenkins1000 | ip=192.168.34.42 | op=SEND_HEARTBEAT {datanodeUUID=f5689991-66b6-42db-ba36-9ef251e0e30a, command=[]} | ret=SUCCESS |  
2019-08-29 09:32:06,489 | INFO  | SCMAudit | user=jenkins1000 | ip=192.168.34.42 | op=SEND_HEARTBEAT {datanodeUUID=95e6fe0d-ba63-44f7-8a45-847da5452504, command=[]} | ret=SUCCESS |  
2019-08-29 09:32:06,630 [grpc-default-executor-2] INFO  client.GrpcClientProtocolClient (GrpcClientProtocolClient.java:onNext(255)) - client-E9E73D333C91->cffcff0f-2752-46f1-bb20-4150682c084f: receive RaftClientReply:client-E9E73D333C91->cffcff0f-2752-46f1-bb20-4150682c084f@group-38214EFEF1B1, cid=42, FAILED org.apache.ratis.protocol.NotLeaderException: Server cffcff0f-2752-46f1-bb20-4150682c084f is not the leader (null). Request must be sent to leader., logIndex=0, commits[cffcff0f-2752-46f1-bb20-4150682c084f:c-1]
2019-08-29 09:32:07,067 | INFO  | SCMAudit | user=jenkins1000 | ip=192.168.34.42 | op=SEND_HEARTBEAT {datanodeUUID=cffcff0f-2752-46f1-bb20-4150682c084f, command=[]} | ret=SUCCESS |  
2019-08-29 09:32:07,135 | INFO  | SCMAudit | user=jenkins1000 | ip=192.168.34.42 | op=SEND_HEARTBEAT {datanodeUUID=814b1e79-91cb-4747-afef-225b562b988f, command=[]} | ret=SUCCESS |  
2019-08-29 09:32:07,203 | INFO  | SCMAudit | user=jenkins1000 | ip=192.168.34.42 | op=SEND_HEARTBEAT {datanodeUUID=6a76bae0-5bcd-450f-b761-84a239d32397, command=[]} | ret=SUCCESS |  
2019-08-29 09:32:07,274 | INFO  | SCMAudit | user=jenkins1000 | ip=192.168.34.42 | op=SEND_HEARTBEAT {datanodeUUID=f5a90a23-db6d-4122-980c-2c6f67b12274, command=[]} | ret=SUCCESS |  
2019-08-29 09:32:07,341 | INFO  | SCMAudit | user=jenkins1000 | ip=192.168.34.42 | op=SEND_HEARTBEAT {datanodeUUID=04dfc250-5117-40ee-9223-ddc31d2a7fac, command=[]} | ret=SUCCESS |  
2019-08-29 09:32:07,410 | INFO  | SCMAudit | user=jenkins1000 | ip=192.168.34.42 | op=SEND_HEARTBEAT {datanodeUUID=f5689991-66b6-42db-ba36-9ef251e0e30a, command=[]} | ret=SUCCESS |  
2019-08-29 09:32:07,488 | INFO  | SCMAudit | user=jenkins1000 | ip=192.168.34.42 | op=SEND_HEARTBEAT {datanodeUUID=95e6fe0d-ba63-44f7-8a45-847da5452504, command=[]} | ret=SUCCESS |  
2019-08-29 09:32:07,650 [grpc-default-executor-1] INFO  client.GrpcClientProtocolClient (GrpcClientProtocolClient.java:onNext(255)) - client-E9E73D333C91->6a76bae0-5bcd-450f-b761-84a239d32397: receive RaftClientReply:client-E9E73D333C91->6a76bae0-5bcd-450f-b761-84a239d32397@group-38214EFEF1B1, cid=42, FAILED org.apache.ratis.protocol.NotLeaderException: Server 6a76bae0-5bcd-450f-b761-84a239d32397 is not the leader (null). Request must be sent to leader., logIndex=0, commits[6a76bae0-5bcd-450f-b761-84a239d32397:c-1]
2019-08-29 09:32:08,067 | INFO  | SCMAudit | user=jenkins1000 | ip=192.168.34.42 | op=SEND_HEARTBEAT {datanodeUUID=cffcff0f-2752-46f1-bb20-4150682c084f, command=[]} | ret=SUCCESS |  
2019-08-29 09:32:08,135 | INFO  | SCMAudit | user=jenkins1000 | ip=192.168.34.42 | op=SEND_HEARTBEAT {datanodeUUID=814b1e79-91cb-4747-afef-225b562b988f, command=[]} | ret=SUCCESS |  
2019-08-29 09:32:08,204 | INFO  | SCMAudit | user=jenkins1000 | ip=192.168.34.42 | op=SEND_HEARTBEAT {datanodeUUID=6a76bae0-5bcd-450f-b761-84a239d32397, command=[]} | ret=SUCCESS |  
2019-08-29 09:32:08,225 [Thread-737] INFO  impl.FollowerState (FollowerState.java:run(106)) - cffcff0f-2752-46f1-bb20-4150682c084f:group-4FE413DF0DA5 changes to CANDIDATE, lastRpcTime:5091, electionTimeout:5091ms
2019-08-29 09:32:08,225 [Thread-737] INFO  impl.RoleInfo (RoleInfo.java:shutdownFollowerState(121)) - cffcff0f-2752-46f1-bb20-4150682c084f: shutdown FollowerState
2019-08-29 09:32:08,225 [Thread-737] INFO  impl.RaftServerImpl (RaftServerImpl.java:setRole(171)) - cffcff0f-2752-46f1-bb20-4150682c084f:group-4FE413DF0DA5 changes role from FOLLOWER to CANDIDATE at term 0 for changeToCandidate
2019-08-29 09:32:08,225 [Thread-737] INFO  impl.RoleInfo (RoleInfo.java:updateAndGet(143)) - cffcff0f-2752-46f1-bb20-4150682c084f: start LeaderElection
2019-08-29 09:32:08,246 [cffcff0f-2752-46f1-bb20-4150682c084f:group-4FE413DF0DA5:LeaderElection15] INFO  impl.LeaderElection (LeaderElection.java:askForVotes(181)) - cffcff0f-2752-46f1-bb20-4150682c084f:group-4FE413DF0DA5:LeaderElection15: begin an election at term 1 for -1: [cffcff0f-2752-46f1-bb20-4150682c084f:192.168.34.42:36452], old=null
2019-08-29 09:32:08,246 [cffcff0f-2752-46f1-bb20-4150682c084f:group-4FE413DF0DA5:LeaderElection15] INFO  impl.RoleInfo (RoleInfo.java:shutdownLeaderElection(134)) - cffcff0f-2752-46f1-bb20-4150682c084f: shutdown LeaderElection
2019-08-29 09:32:08,247 [cffcff0f-2752-46f1-bb20-4150682c084f:group-4FE413DF0DA5:LeaderElection15] INFO  impl.RaftServerImpl (RaftServerImpl.java:setRole(171)) - cffcff0f-2752-46f1-bb20-4150682c084f:group-4FE413DF0DA5 changes role from CANDIDATE to LEADER at term 1 for changeToLeader
2019-08-29 09:32:08,247 [cffcff0f-2752-46f1-bb20-4150682c084f:group-4FE413DF0DA5:LeaderElection15] INFO  impl.RaftServerImpl (ServerState.java:setLeader(263)) - cffcff0f-2752-46f1-bb20-4150682c084f:group-4FE413DF0DA5 change Leader from null to cffcff0f-2752-46f1-bb20-4150682c084f at term 1 for becomeLeader, leader elected after 5118ms
2019-08-29 09:32:08,248 [cffcff0f-2752-46f1-bb20-4150682c084f:group-4FE413DF0DA5:LeaderElection15] INFO  server.RaftServerConfigKeys (ConfUtils.java:logGet(43)) - raft.server.staging.catchup.gap = 1000 (default)
2019-08-29 09:32:08,249 [cffcff0f-2752-46f1-bb20-4150682c084f:group-4FE413DF0DA5:LeaderElection15] INFO  server.RaftServerConfigKeys (ConfUtils.java:logGet(43)) - raft.server.rpc.sleep.time = 25ms (default)
2019-08-29 09:32:08,249 [cffcff0f-2752-46f1-bb20-4150682c084f:group-4FE413DF0DA5:LeaderElection15] INFO  server.RaftServerConfigKeys (ConfUtils.java:logGet(43)) - raft.server.write.element-limit = 4096 (default)
2019-08-29 09:32:08,249 [cffcff0f-2752-46f1-bb20-4150682c084f:group-4FE413DF0DA5:LeaderElection15] INFO  server.RaftServerConfigKeys (ConfUtils.java:logGet(43)) - raft.server.watch.timeout = 10s (default)
2019-08-29 09:32:08,249 [cffcff0f-2752-46f1-bb20-4150682c084f:group-4FE413DF0DA5:LeaderElection15] INFO  server.RaftServerConfigKeys (ConfUtils.java:logGet(43)) - raft.server.watch.timeout.denomination = 1s (default)
2019-08-29 09:32:08,249 [cffcff0f-2752-46f1-bb20-4150682c084f:group-4FE413DF0DA5:LeaderElection15] INFO  server.RaftServerConfigKeys (ConfUtils.java:logGet(43)) - raft.server.watch.element-limit = 65536 (default)
2019-08-29 09:32:08,249 [cffcff0f-2752-46f1-bb20-4150682c084f:group-4FE413DF0DA5:LeaderElection15] INFO  impl.RoleInfo (RoleInfo.java:updateAndGet(143)) - cffcff0f-2752-46f1-bb20-4150682c084f: start LeaderState
2019-08-29 09:32:08,250 [cffcff0f-2752-46f1-bb20-4150682c084f:group-4FE413DF0DA5:LeaderElection15] INFO  segmented.SegmentedRaftLogWorker (SegmentedRaftLogWorker.java:startLogSegment(380)) - cffcff0f-2752-46f1-bb20-4150682c084f-SegmentedRaftLogWorker:Storage Directory /workdir/hadoop-ozone/integration-test/target/test-dir/MiniOzoneClusterImpl-758e1504-11ab-426e-b149-dc7346353a64/datanode-0/data/ratis/25ad191c-8ac1-4a0a-8b21-4fe413df0da5: Starting segment from index:0
2019-08-29 09:32:08,250 [cffcff0f-2752-46f1-bb20-4150682c084f:group-4FE413DF0DA5:LeaderElection15] INFO  impl.RaftServerImpl (ServerState.java:setRaftConf(361)) - cffcff0f-2752-46f1-bb20-4150682c084f:group-4FE413DF0DA5 set configuration 0: [cffcff0f-2752-46f1-bb20-4150682c084f:192.168.34.42:36452], old=null at 0
2019-08-29 09:32:08,288 | INFO  | SCMAudit | user=jenkins1000 | ip=192.168.34.42 | op=SEND_HEARTBEAT {datanodeUUID=f5a90a23-db6d-4122-980c-2c6f67b12274, command=[]} | ret=SUCCESS |  
2019-08-29 09:32:08,296 [Thread-743] INFO  impl.FollowerState (FollowerState.java:run(106)) - 6a76bae0-5bcd-450f-b761-84a239d32397:group-F14169244A89 changes to CANDIDATE, lastRpcTime:5056, electionTimeout:5056ms
2019-08-29 09:32:08,296 [Thread-743] INFO  impl.RoleInfo (RoleInfo.java:shutdownFollowerState(121)) - 6a76bae0-5bcd-450f-b761-84a239d32397: shutdown FollowerState
2019-08-29 09:32:08,296 [Thread-743] INFO  impl.RaftServerImpl (RaftServerImpl.java:setRole(171)) - 6a76bae0-5bcd-450f-b761-84a239d32397:group-F14169244A89 changes role from FOLLOWER to CANDIDATE at term 0 for changeToCandidate
2019-08-29 09:32:08,297 [Thread-743] INFO  impl.RoleInfo (RoleInfo.java:updateAndGet(143)) - 6a76bae0-5bcd-450f-b761-84a239d32397: start LeaderElection
2019-08-29 09:32:08,306 [cffcff0f-2752-46f1-bb20-4150682c084f-SegmentedRaftLogWorker:Storage Directory /workdir/hadoop-ozone/integration-test/target/test-dir/MiniOzoneClusterImpl-758e1504-11ab-426e-b149-dc7346353a64/datanode-0/data/ratis/25ad191c-8ac1-4a0a-8b21-4fe413df0da5] INFO  segmented.SegmentedRaftLogWorker (SegmentedRaftLogWorker.java:execute(569)) - cffcff0f-2752-46f1-bb20-4150682c084f-SegmentedRaftLogWorker:Storage Directory /workdir/hadoop-ozone/integration-test/target/test-dir/MiniOzoneClusterImpl-758e1504-11ab-426e-b149-dc7346353a64/datanode-0/data/ratis/25ad191c-8ac1-4a0a-8b21-4fe413df0da5: created new log segment /workdir/hadoop-ozone/integration-test/target/test-dir/MiniOzoneClusterImpl-758e1504-11ab-426e-b149-dc7346353a64/datanode-0/data/ratis/25ad191c-8ac1-4a0a-8b21-4fe413df0da5/current/log_inprogress_0
2019-08-29 09:32:08,317 [Thread-740] INFO  impl.FollowerState (FollowerState.java:run(106)) - 814b1e79-91cb-4747-afef-225b562b988f:group-E526EBFDC32F changes to CANDIDATE, lastRpcTime:5138, electionTimeout:5138ms
2019-08-29 09:32:08,317 [Thread-740] INFO  impl.RoleInfo (RoleInfo.java:shutdownFollowerState(121)) - 814b1e79-91cb-4747-afef-225b562b988f: shutdown FollowerState
2019-08-29 09:32:08,317 [Thread-740] INFO  impl.RaftServerImpl (RaftServerImpl.java:setRole(171)) - 814b1e79-91cb-4747-afef-225b562b988f:group-E526EBFDC32F changes role from FOLLOWER to CANDIDATE at term 0 for changeToCandidate
2019-08-29 09:32:08,318 [Thread-740] INFO  impl.RoleInfo (RoleInfo.java:updateAndGet(143)) - 814b1e79-91cb-4747-afef-225b562b988f: start LeaderElection
2019-08-29 09:32:08,320 [6a76bae0-5bcd-450f-b761-84a239d32397:group-F14169244A89:LeaderElection16] INFO  impl.LeaderElection (LeaderElection.java:askForVotes(181)) - 6a76bae0-5bcd-450f-b761-84a239d32397:group-F14169244A89:LeaderElection16: begin an election at term 1 for -1: [6a76bae0-5bcd-450f-b761-84a239d32397:192.168.34.42:33193], old=null
2019-08-29 09:32:08,322 [6a76bae0-5bcd-450f-b761-84a239d32397:group-F14169244A89:LeaderElection16] INFO  impl.RoleInfo (RoleInfo.java:shutdownLeaderElection(134)) - 6a76bae0-5bcd-450f-b761-84a239d32397: shutdown LeaderElection
2019-08-29 09:32:08,322 [6a76bae0-5bcd-450f-b761-84a239d32397:group-F14169244A89:LeaderElection16] INFO  impl.RaftServerImpl (RaftServerImpl.java:setRole(171)) - 6a76bae0-5bcd-450f-b761-84a239d32397:group-F14169244A89 changes role from CANDIDATE to LEADER at term 1 for changeToLeader
2019-08-29 09:32:08,322 [6a76bae0-5bcd-450f-b761-84a239d32397:group-F14169244A89:LeaderElection16] INFO  impl.RaftServerImpl (ServerState.java:setLeader(263)) - 6a76bae0-5bcd-450f-b761-84a239d32397:group-F14169244A89 change Leader from null to 6a76bae0-5bcd-450f-b761-84a239d32397 at term 1 for becomeLeader, leader elected after 5086ms
2019-08-29 09:32:08,324 [6a76bae0-5bcd-450f-b761-84a239d32397:group-F14169244A89:LeaderElection16] INFO  server.RaftServerConfigKeys (ConfUtils.java:logGet(43)) - raft.server.staging.catchup.gap = 1000 (default)
2019-08-29 09:32:08,324 [6a76bae0-5bcd-450f-b761-84a239d32397:group-F14169244A89:LeaderElection16] INFO  server.RaftServerConfigKeys (ConfUtils.java:logGet(43)) - raft.server.rpc.sleep.time = 25ms (default)
2019-08-29 09:32:08,324 [6a76bae0-5bcd-450f-b761-84a239d32397:group-F14169244A89:LeaderElection16] INFO  server.RaftServerConfigKeys (ConfUtils.java:logGet(43)) - raft.server.write.element-limit = 4096 (default)
2019-08-29 09:32:08,324 [6a76bae0-5bcd-450f-b761-84a239d32397:group-F14169244A89:LeaderElection16] INFO  server.RaftServerConfigKeys (ConfUtils.java:logGet(43)) - raft.server.watch.timeout = 10s (default)
2019-08-29 09:32:08,325 [6a76bae0-5bcd-450f-b761-84a239d32397:group-F14169244A89:LeaderElection16] INFO  server.RaftServerConfigKeys (ConfUtils.java:logGet(43)) - raft.server.watch.timeout.denomination = 1s (default)
2019-08-29 09:32:08,325 [6a76bae0-5bcd-450f-b761-84a239d32397:group-F14169244A89:LeaderElection16] INFO  server.RaftServerConfigKeys (ConfUtils.java:logGet(43)) - raft.server.watch.element-limit = 65536 (default)
2019-08-29 09:32:08,325 [6a76bae0-5bcd-450f-b761-84a239d32397:group-F14169244A89:LeaderElection16] INFO  impl.RoleInfo (RoleInfo.java:updateAndGet(143)) - 6a76bae0-5bcd-450f-b761-84a239d32397: start LeaderState
2019-08-29 09:32:08,326 [6a76bae0-5bcd-450f-b761-84a239d32397:group-F14169244A89:LeaderElection16] INFO  segmented.SegmentedRaftLogWorker (SegmentedRaftLogWorker.java:startLogSegment(380)) - 6a76bae0-5bcd-450f-b761-84a239d32397-SegmentedRaftLogWorker:Storage Directory /workdir/hadoop-ozone/integration-test/target/test-dir/MiniOzoneClusterImpl-758e1504-11ab-426e-b149-dc7346353a64/datanode-2/data/ratis/1e9599b3-775e-4f86-8a55-f14169244a89: Starting segment from index:0
2019-08-29 09:32:08,326 [6a76bae0-5bcd-450f-b761-84a239d32397:group-F14169244A89:LeaderElection16] INFO  impl.RaftServerImpl (ServerState.java:setRaftConf(361)) - 6a76bae0-5bcd-450f-b761-84a239d32397:group-F14169244A89 set configuration 0: [6a76bae0-5bcd-450f-b761-84a239d32397:192.168.34.42:33193], old=null at 0
2019-08-29 09:32:08,362 [814b1e79-91cb-4747-afef-225b562b988f:group-E526EBFDC32F:LeaderElection17] INFO  impl.LeaderElection (LeaderElection.java:askForVotes(181)) - 814b1e79-91cb-4747-afef-225b562b988f:group-E526EBFDC32F:LeaderElection17: begin an election at term 1 for -1: [814b1e79-91cb-4747-afef-225b562b988f:192.168.34.42:45137], old=null
2019-08-29 09:32:08,362 [Thread-749] INFO  impl.FollowerState (FollowerState.java:run(106)) - 814b1e79-91cb-4747-afef-225b562b988f:group-38214EFEF1B1 changes to CANDIDATE, lastRpcTime:5048, electionTimeout:5023ms
2019-08-29 09:32:08,362 [814b1e79-91cb-4747-afef-225b562b988f:group-E526EBFDC32F:LeaderElection17] INFO  impl.RoleInfo (RoleInfo.java:shutdownLeaderElection(134)) - 814b1e79-91cb-4747-afef-225b562b988f: shutdown LeaderElection
2019-08-29 09:32:08,362 [Thread-749] INFO  impl.RoleInfo (RoleInfo.java:shutdownFollowerState(121)) - 814b1e79-91cb-4747-afef-225b562b988f: shutdown FollowerState
2019-08-29 09:32:08,363 [814b1e79-91cb-4747-afef-225b562b988f:group-E526EBFDC32F:LeaderElection17] INFO  impl.RaftServerImpl (RaftServerImpl.java:setRole(171)) - 814b1e79-91cb-4747-afef-225b562b988f:group-E526EBFDC32F changes role from CANDIDATE to LEADER at term 1 for changeToLeader
2019-08-29 09:32:08,363 [Thread-749] INFO  impl.RaftServerImpl (RaftServerImpl.java:setRole(171)) - 814b1e79-91cb-4747-afef-225b562b988f:group-38214EFEF1B1 changes role from FOLLOWER to CANDIDATE at term 0 for changeToCandidate
2019-08-29 09:32:08,363 | INFO  | SCMAudit | user=jenkins1000 | ip=192.168.34.42 | op=SEND_HEARTBEAT {datanodeUUID=04dfc250-5117-40ee-9223-ddc31d2a7fac, command=[]} | ret=SUCCESS |  
2019-08-29 09:32:08,363 [814b1e79-91cb-4747-afef-225b562b988f:group-E526EBFDC32F:LeaderElection17] INFO  impl.RaftServerImpl (ServerState.java:setLeader(263)) - 814b1e79-91cb-4747-afef-225b562b988f:group-E526EBFDC32F change Leader from null to 814b1e79-91cb-4747-afef-225b562b988f at term 1 for becomeLeader, leader elected after 5188ms
2019-08-29 09:32:08,363 [Thread-749] INFO  impl.RoleInfo (RoleInfo.java:updateAndGet(143)) - 814b1e79-91cb-4747-afef-225b562b988f: start LeaderElection
2019-08-29 09:32:08,366 [814b1e79-91cb-4747-afef-225b562b988f:group-E526EBFDC32F:LeaderElection17] INFO  server.RaftServerConfigKeys (ConfUtils.java:logGet(43)) - raft.server.staging.catchup.gap = 1000 (default)
2019-08-29 09:32:08,366 [814b1e79-91cb-4747-afef-225b562b988f:group-E526EBFDC32F:LeaderElection17] INFO  server.RaftServerConfigKeys (ConfUtils.java:logGet(43)) - raft.server.rpc.sleep.time = 25ms (default)
2019-08-29 09:32:08,384 [6a76bae0-5bcd-450f-b761-84a239d32397-SegmentedRaftLogWorker:Storage Directory /workdir/hadoop-ozone/integration-test/target/test-dir/MiniOzoneClusterImpl-758e1504-11ab-426e-b149-dc7346353a64/datanode-2/data/ratis/1e9599b3-775e-4f86-8a55-f14169244a89] INFO  segmented.SegmentedRaftLogWorker (SegmentedRaftLogWorker.java:execute(569)) - 6a76bae0-5bcd-450f-b761-84a239d32397-SegmentedRaftLogWorker:Storage Directory /workdir/hadoop-ozone/integration-test/target/test-dir/MiniOzoneClusterImpl-758e1504-11ab-426e-b149-dc7346353a64/datanode-2/data/ratis/1e9599b3-775e-4f86-8a55-f14169244a89: created new log segment /workdir/hadoop-ozone/integration-test/target/test-dir/MiniOzoneClusterImpl-758e1504-11ab-426e-b149-dc7346353a64/datanode-2/data/ratis/1e9599b3-775e-4f86-8a55-f14169244a89/current/log_inprogress_0
2019-08-29 09:32:08,384 [814b1e79-91cb-4747-afef-225b562b988f:group-E526EBFDC32F:LeaderElection17] INFO  server.RaftServerConfigKeys (ConfUtils.java:logGet(43)) - raft.server.write.element-limit = 4096 (default)
2019-08-29 09:32:08,384 [Thread-752] INFO  impl.FollowerState (FollowerState.java:run(106)) - cffcff0f-2752-46f1-bb20-4150682c084f:group-38214EFEF1B1 changes to CANDIDATE, lastRpcTime:5068, electionTimeout:5066ms
2019-08-29 09:32:08,384 [814b1e79-91cb-4747-afef-225b562b988f:group-E526EBFDC32F:LeaderElection17] INFO  server.RaftServerConfigKeys (ConfUtils.java:logGet(43)) - raft.server.watch.timeout = 10s (default)
2019-08-29 09:32:08,384 [Thread-752] INFO  impl.RoleInfo (RoleInfo.java:shutdownFollowerState(121)) - cffcff0f-2752-46f1-bb20-4150682c084f: shutdown FollowerState
2019-08-29 09:32:08,384 [814b1e79-91cb-4747-afef-225b562b988f:group-E526EBFDC32F:LeaderElection17] INFO  server.RaftServerConfigKeys (ConfUtils.java:logGet(43)) - raft.server.watch.timeout.denomination = 1s (default)
2019-08-29 09:32:08,385 [Thread-752] INFO  impl.RaftServerImpl (RaftServerImpl.java:setRole(171)) - cffcff0f-2752-46f1-bb20-4150682c084f:group-38214EFEF1B1 changes role from FOLLOWER to CANDIDATE at term 0 for changeToCandidate
2019-08-29 09:32:08,385 [814b1e79-91cb-4747-afef-225b562b988f:group-E526EBFDC32F:LeaderElection17] INFO  server.RaftServerConfigKeys (ConfUtils.java:logGet(43)) - raft.server.watch.element-limit = 65536 (default)
2019-08-29 09:32:08,385 [Thread-752] INFO  impl.RoleInfo (RoleInfo.java:updateAndGet(143)) - cffcff0f-2752-46f1-bb20-4150682c084f: start LeaderElection
2019-08-29 09:32:08,385 [814b1e79-91cb-4747-afef-225b562b988f:group-E526EBFDC32F:LeaderElection17] INFO  impl.RoleInfo (RoleInfo.java:updateAndGet(143)) - 814b1e79-91cb-4747-afef-225b562b988f: start LeaderState
2019-08-29 09:32:08,390 [814b1e79-91cb-4747-afef-225b562b988f:group-E526EBFDC32F:LeaderElection17] INFO  segmented.SegmentedRaftLogWorker (SegmentedRaftLogWorker.java:startLogSegment(380)) - 814b1e79-91cb-4747-afef-225b562b988f-SegmentedRaftLogWorker:Storage Directory /workdir/hadoop-ozone/integration-test/target/test-dir/MiniOzoneClusterImpl-758e1504-11ab-426e-b149-dc7346353a64/datanode-1/data/ratis/e91dfa7e-b221-4519-8835-e526ebfdc32f: Starting segment from index:0
2019-08-29 09:32:08,390 [814b1e79-91cb-4747-afef-225b562b988f:group-E526EBFDC32F:LeaderElection17] INFO  impl.RaftServerImpl (ServerState.java:setRaftConf(361)) - 814b1e79-91cb-4747-afef-225b562b988f:group-E526EBFDC32F set configuration 0: [814b1e79-91cb-4747-afef-225b562b988f:192.168.34.42:45137], old=null at 0
2019-08-29 09:32:08,426 [814b1e79-91cb-4747-afef-225b562b988f:group-38214EFEF1B1:LeaderElection18] INFO  impl.LeaderElection (LeaderElection.java:askForVotes(181)) - 814b1e79-91cb-4747-afef-225b562b988f:group-38214EFEF1B1:LeaderElection18: begin an election at term 1 for -1: [6a76bae0-5bcd-450f-b761-84a239d32397:192.168.34.42:33193, 814b1e79-91cb-4747-afef-225b562b988f:192.168.34.42:45137, cffcff0f-2752-46f1-bb20-4150682c084f:192.168.34.42:36452], old=null
2019-08-29 09:32:08,426 [cffcff0f-2752-46f1-bb20-4150682c084f:group-38214EFEF1B1:LeaderElection19] INFO  impl.LeaderElection (LeaderElection.java:askForVotes(181)) - cffcff0f-2752-46f1-bb20-4150682c084f:group-38214EFEF1B1:LeaderElection19: begin an election at term 1 for -1: [6a76bae0-5bcd-450f-b761-84a239d32397:192.168.34.42:33193, 814b1e79-91cb-4747-afef-225b562b988f:192.168.34.42:45137, cffcff0f-2752-46f1-bb20-4150682c084f:192.168.34.42:36452], old=null
2019-08-29 09:32:08,427 | INFO  | SCMAudit | user=jenkins1000 | ip=192.168.34.42 | op=SEND_HEARTBEAT {datanodeUUID=f5689991-66b6-42db-ba36-9ef251e0e30a, command=[]} | ret=SUCCESS |  
2019-08-29 09:32:08,436 [grpc-default-executor-3] INFO  impl.RaftServerImpl (RaftServerImpl.java:setRole(171)) - 6a76bae0-5bcd-450f-b761-84a239d32397:group-38214EFEF1B1 changes role from FOLLOWER to FOLLOWER at term 1 for recognizeCandidate:cffcff0f-2752-46f1-bb20-4150682c084f
2019-08-29 09:32:08,437 [grpc-default-executor-3] INFO  impl.RoleInfo (RoleInfo.java:shutdownFollowerState(121)) - 6a76bae0-5bcd-450f-b761-84a239d32397: shutdown FollowerState
2019-08-29 09:32:08,437 [grpc-default-executor-3] INFO  impl.RoleInfo (RoleInfo.java:updateAndGet(143)) - 6a76bae0-5bcd-450f-b761-84a239d32397: start FollowerState
2019-08-29 09:32:08,447 [814b1e79-91cb-4747-afef-225b562b988f-SegmentedRaftLogWorker:Storage Directory /workdir/hadoop-ozone/integration-test/target/test-dir/MiniOzoneClusterImpl-758e1504-11ab-426e-b149-dc7346353a64/datanode-1/data/ratis/e91dfa7e-b221-4519-8835-e526ebfdc32f] INFO  segmented.SegmentedRaftLogWorker (SegmentedRaftLogWorker.java:execute(569)) - 814b1e79-91cb-4747-afef-225b562b988f-SegmentedRaftLogWorker:Storage Directory /workdir/hadoop-ozone/integration-test/target/test-dir/MiniOzoneClusterImpl-758e1504-11ab-426e-b149-dc7346353a64/datanode-1/data/ratis/e91dfa7e-b221-4519-8835-e526ebfdc32f: created new log segment /workdir/hadoop-ozone/integration-test/target/test-dir/MiniOzoneClusterImpl-758e1504-11ab-426e-b149-dc7346353a64/datanode-1/data/ratis/e91dfa7e-b221-4519-8835-e526ebfdc32f/current/log_inprogress_0
2019-08-29 09:32:08,437 [Thread-746] INFO  impl.FollowerState (FollowerState.java:run(114)) - 6a76bae0-5bcd-450f-b761-84a239d32397: FollowerState was interrupted: java.lang.InterruptedException: sleep interrupted
2019-08-29 09:32:08,464 [814b1e79-91cb-4747-afef-225b562b988f:group-38214EFEF1B1:LeaderElection18] INFO  impl.LeaderElection (LeaderElection.java:logAndReturn(56)) - 814b1e79-91cb-4747-afef-225b562b988f:group-38214EFEF1B1:LeaderElection18: Election REJECTED; received 2 response(s) [814b1e79-91cb-4747-afef-225b562b988f<-6a76bae0-5bcd-450f-b761-84a239d32397#0:FAIL-t1, 814b1e79-91cb-4747-afef-225b562b988f<-cffcff0f-2752-46f1-bb20-4150682c084f#0:FAIL-t1] and 0 exception(s); 814b1e79-91cb-4747-afef-225b562b988f:t1, leader=null, voted=814b1e79-91cb-4747-afef-225b562b988f, raftlog=814b1e79-91cb-4747-afef-225b562b988f-SegmentedRaftLog:OPENED:c-1,f-1,i0, conf=-1: [6a76bae0-5bcd-450f-b761-84a239d32397:192.168.34.42:33193, 814b1e79-91cb-4747-afef-225b562b988f:192.168.34.42:45137, cffcff0f-2752-46f1-bb20-4150682c084f:192.168.34.42:36452], old=null
2019-08-29 09:32:08,464 [cffcff0f-2752-46f1-bb20-4150682c084f:group-38214EFEF1B1:LeaderElection19] INFO  impl.LeaderElection (LeaderElection.java:logAndReturn(56)) - cffcff0f-2752-46f1-bb20-4150682c084f:group-38214EFEF1B1:LeaderElection19: Election PASSED; received 2 response(s) [cffcff0f-2752-46f1-bb20-4150682c084f<-814b1e79-91cb-4747-afef-225b562b988f#0:FAIL-t1, cffcff0f-2752-46f1-bb20-4150682c084f<-6a76bae0-5bcd-450f-b761-84a239d32397#0:OK-t1] and 0 exception(s); cffcff0f-2752-46f1-bb20-4150682c084f:t1, leader=null, voted=cffcff0f-2752-46f1-bb20-4150682c084f, raftlog=cffcff0f-2752-46f1-bb20-4150682c084f-SegmentedRaftLog:OPENED:c-1,f-1,i0, conf=-1: [6a76bae0-5bcd-450f-b761-84a239d32397:192.168.34.42:33193, 814b1e79-91cb-4747-afef-225b562b988f:192.168.34.42:45137, cffcff0f-2752-46f1-bb20-4150682c084f:192.168.34.42:36452], old=null
2019-08-29 09:32:08,464 [814b1e79-91cb-4747-afef-225b562b988f:group-38214EFEF1B1:LeaderElection18] INFO  impl.RaftServerImpl (RaftServerImpl.java:setRole(171)) - 814b1e79-91cb-4747-afef-225b562b988f:group-38214EFEF1B1 changes role from CANDIDATE to FOLLOWER at term 1 for DISCOVERED_A_NEW_TERM
2019-08-29 09:32:08,469 [814b1e79-91cb-4747-afef-225b562b988f:group-38214EFEF1B1:LeaderElection18] INFO  impl.RoleInfo (RoleInfo.java:shutdownLeaderElection(134)) - 814b1e79-91cb-4747-afef-225b562b988f: shutdown LeaderElection
2019-08-29 09:32:08,464 [cffcff0f-2752-46f1-bb20-4150682c084f:group-38214EFEF1B1:LeaderElection19] INFO  impl.RoleInfo (RoleInfo.java:shutdownLeaderElection(134)) - cffcff0f-2752-46f1-bb20-4150682c084f: shutdown LeaderElection
2019-08-29 09:32:08,472 [814b1e79-91cb-4747-afef-225b562b988f:group-38214EFEF1B1:LeaderElection18] INFO  impl.RoleInfo (RoleInfo.java:updateAndGet(143)) - 814b1e79-91cb-4747-afef-225b562b988f: start FollowerState
2019-08-29 09:32:08,472 [cffcff0f-2752-46f1-bb20-4150682c084f:group-38214EFEF1B1:LeaderElection19] INFO  impl.RaftServerImpl (RaftServerImpl.java:setRole(171)) - cffcff0f-2752-46f1-bb20-4150682c084f:group-38214EFEF1B1 changes role from CANDIDATE to LEADER at term 1 for changeToLeader
2019-08-29 09:32:08,474 [cffcff0f-2752-46f1-bb20-4150682c084f:group-38214EFEF1B1:LeaderElection19] INFO  impl.RaftServerImpl (ServerState.java:setLeader(263)) - cffcff0f-2752-46f1-bb20-4150682c084f:group-38214EFEF1B1 change Leader from null to cffcff0f-2752-46f1-bb20-4150682c084f at term 1 for becomeLeader, leader elected after 5185ms
2019-08-29 09:32:08,474 [cffcff0f-2752-46f1-bb20-4150682c084f:group-38214EFEF1B1:LeaderElection19] INFO  server.RaftServerConfigKeys (ConfUtils.java:logGet(43)) - raft.server.staging.catchup.gap = 1000 (default)
2019-08-29 09:32:08,475 [cffcff0f-2752-46f1-bb20-4150682c084f:group-38214EFEF1B1:LeaderElection19] INFO  server.RaftServerConfigKeys (ConfUtils.java:logGet(43)) - raft.server.rpc.sleep.time = 25ms (default)
2019-08-29 09:32:08,475 [cffcff0f-2752-46f1-bb20-4150682c084f:group-38214EFEF1B1:LeaderElection19] INFO  server.RaftServerConfigKeys (ConfUtils.java:logGet(43)) - raft.server.write.element-limit = 4096 (default)
2019-08-29 09:32:08,475 [cffcff0f-2752-46f1-bb20-4150682c084f:group-38214EFEF1B1:LeaderElection19] INFO  server.RaftServerConfigKeys (ConfUtils.java:logGet(43)) - raft.server.watch.timeout = 10s (default)
2019-08-29 09:32:08,475 [cffcff0f-2752-46f1-bb20-4150682c084f:group-38214EFEF1B1:LeaderElection19] INFO  server.RaftServerConfigKeys (ConfUtils.java:logGet(43)) - raft.server.watch.timeout.denomination = 1s (default)
2019-08-29 09:32:08,475 [cffcff0f-2752-46f1-bb20-4150682c084f:group-38214EFEF1B1:LeaderElection19] INFO  server.RaftServerConfigKeys (ConfUtils.java:logGet(43)) - raft.server.watch.element-limit = 65536 (default)
2019-08-29 09:32:08,475 [cffcff0f-2752-46f1-bb20-4150682c084f:group-38214EFEF1B1:LeaderElection19] INFO  server.RaftServerConfigKeys (ConfUtils.java:logGet(43)) - raft.server.log.appender.snapshot.chunk.size.max = 16MB (=16777216) (default)
2019-08-29 09:32:08,476 [cffcff0f-2752-46f1-bb20-4150682c084f:group-38214EFEF1B1:LeaderElection19] INFO  server.RaftServerConfigKeys (ConfUtils.java:logGet(43)) - raft.server.log.appender.buffer.byte-limit = 33554432 (custom)
2019-08-29 09:32:08,476 [cffcff0f-2752-46f1-bb20-4150682c084f:group-38214EFEF1B1:LeaderElection19] INFO  server.RaftServerConfigKeys (ConfUtils.java:logGet(43)) - raft.server.log.appender.buffer.element-limit = 1 (custom)
2019-08-29 09:32:08,476 [cffcff0f-2752-46f1-bb20-4150682c084f:group-38214EFEF1B1:LeaderElection19] INFO  grpc.GrpcConfigKeys$Server (ConfUtils.java:logGet(43)) - raft.grpc.server.leader.outstanding.appends.max = 128 (default)
2019-08-29 09:32:08,476 [cffcff0f-2752-46f1-bb20-4150682c084f:group-38214EFEF1B1:LeaderElection19] INFO  server.RaftServerConfigKeys (ConfUtils.java:logGet(43)) - raft.server.rpc.request.timeout = 3000ms (default)
2019-08-29 09:32:08,476 [cffcff0f-2752-46f1-bb20-4150682c084f:group-38214EFEF1B1:LeaderElection19] INFO  server.RaftServerConfigKeys (ConfUtils.java:logGet(43)) - raft.server.log.appender.install.snapshot.enabled = false (custom)
2019-08-29 09:32:08,477 [cffcff0f-2752-46f1-bb20-4150682c084f:group-38214EFEF1B1:LeaderElection19] INFO  server.RaftServerConfigKeys (ConfUtils.java:logGet(43)) - raft.server.log.appender.snapshot.chunk.size.max = 16MB (=16777216) (default)
2019-08-29 09:32:08,477 [cffcff0f-2752-46f1-bb20-4150682c084f:group-38214EFEF1B1:LeaderElection19] INFO  server.RaftServerConfigKeys (ConfUtils.java:logGet(43)) - raft.server.log.appender.buffer.byte-limit = 33554432 (custom)
2019-08-29 09:32:08,477 [cffcff0f-2752-46f1-bb20-4150682c084f:group-38214EFEF1B1:LeaderElection19] INFO  server.RaftServerConfigKeys (ConfUtils.java:logGet(43)) - raft.server.log.appender.buffer.element-limit = 1 (custom)
2019-08-29 09:32:08,477 [cffcff0f-2752-46f1-bb20-4150682c084f:group-38214EFEF1B1:LeaderElection19] INFO  grpc.GrpcConfigKeys$Server (ConfUtils.java:logGet(43)) - raft.grpc.server.leader.outstanding.appends.max = 128 (default)
2019-08-29 09:32:08,477 [cffcff0f-2752-46f1-bb20-4150682c084f:group-38214EFEF1B1:LeaderElection19] INFO  server.RaftServerConfigKeys (ConfUtils.java:logGet(43)) - raft.server.rpc.request.timeout = 3000ms (default)
2019-08-29 09:32:08,477 [cffcff0f-2752-46f1-bb20-4150682c084f:group-38214EFEF1B1:LeaderElection19] INFO  server.RaftServerConfigKeys (ConfUtils.java:logGet(43)) - raft.server.log.appender.install.snapshot.enabled = false (custom)
2019-08-29 09:32:08,478 [cffcff0f-2752-46f1-bb20-4150682c084f:group-38214EFEF1B1:LeaderElection19] INFO  impl.RoleInfo (RoleInfo.java:updateAndGet(143)) - cffcff0f-2752-46f1-bb20-4150682c084f: start LeaderState
2019-08-29 09:32:08,478 [cffcff0f-2752-46f1-bb20-4150682c084f:group-38214EFEF1B1:LeaderElection19] INFO  segmented.SegmentedRaftLogWorker (SegmentedRaftLogWorker.java:startLogSegment(380)) - cffcff0f-2752-46f1-bb20-4150682c084f-SegmentedRaftLogWorker:Storage Directory /workdir/hadoop-ozone/integration-test/target/test-dir/MiniOzoneClusterImpl-758e1504-11ab-426e-b149-dc7346353a64/datanode-0/data/ratis/c30f231f-ac51-4916-a9d0-38214efef1b1: Starting segment from index:0
2019-08-29 09:32:08,479 [cffcff0f-2752-46f1-bb20-4150682c084f:group-38214EFEF1B1:LeaderElection19] INFO  impl.RaftServerImpl (ServerState.java:setRaftConf(361)) - cffcff0f-2752-46f1-bb20-4150682c084f:group-38214EFEF1B1 set configuration 0: [6a76bae0-5bcd-450f-b761-84a239d32397:192.168.34.42:33193, 814b1e79-91cb-4747-afef-225b562b988f:192.168.34.42:45137, cffcff0f-2752-46f1-bb20-4150682c084f:192.168.34.42:36452], old=null at 0
2019-08-29 09:32:08,511 | INFO  | SCMAudit | user=jenkins1000 | ip=192.168.34.42 | op=SEND_HEARTBEAT {datanodeUUID=95e6fe0d-ba63-44f7-8a45-847da5452504, command=[]} | ret=SUCCESS |  
2019-08-29 09:32:08,513 [grpc-default-executor-3] INFO  impl.RaftServerImpl (ServerState.java:setLeader(263)) - 6a76bae0-5bcd-450f-b761-84a239d32397:group-38214EFEF1B1 change Leader from null to cffcff0f-2752-46f1-bb20-4150682c084f at term 1 for appendEntries, leader elected after 5223ms
2019-08-29 09:32:08,513 [grpc-default-executor-2] INFO  impl.RaftServerImpl (ServerState.java:setLeader(263)) - 814b1e79-91cb-4747-afef-225b562b988f:group-38214EFEF1B1 change Leader from null to cffcff0f-2752-46f1-bb20-4150682c084f at term 1 for appendEntries, leader elected after 5224ms
2019-08-29 09:32:08,516 [grpc-default-executor-2] INFO  impl.RaftServerImpl (ServerState.java:setRaftConf(361)) - 6a76bae0-5bcd-450f-b761-84a239d32397:group-38214EFEF1B1 set configuration 0: [6a76bae0-5bcd-450f-b761-84a239d32397:192.168.34.42:33193, 814b1e79-91cb-4747-afef-225b562b988f:192.168.34.42:45137, cffcff0f-2752-46f1-bb20-4150682c084f:192.168.34.42:36452], old=null at 0
2019-08-29 09:32:08,516 [grpc-default-executor-2] INFO  segmented.SegmentedRaftLogWorker (SegmentedRaftLogWorker.java:startLogSegment(380)) - 6a76bae0-5bcd-450f-b761-84a239d32397-SegmentedRaftLogWorker:Storage Directory /workdir/hadoop-ozone/integration-test/target/test-dir/MiniOzoneClusterImpl-758e1504-11ab-426e-b149-dc7346353a64/datanode-2/data/ratis/c30f231f-ac51-4916-a9d0-38214efef1b1: Starting segment from index:0
2019-08-29 09:32:08,517 [grpc-default-executor-3] INFO  impl.RaftServerImpl (ServerState.java:setRaftConf(361)) - 814b1e79-91cb-4747-afef-225b562b988f:group-38214EFEF1B1 set configuration 0: [6a76bae0-5bcd-450f-b761-84a239d32397:192.168.34.42:33193, 814b1e79-91cb-4747-afef-225b562b988f:192.168.34.42:45137, cffcff0f-2752-46f1-bb20-4150682c084f:192.168.34.42:36452], old=null at 0
2019-08-29 09:32:08,517 [grpc-default-executor-3] INFO  segmented.SegmentedRaftLogWorker (SegmentedRaftLogWorker.java:startLogSegment(380)) - 814b1e79-91cb-4747-afef-225b562b988f-SegmentedRaftLogWorker:Storage Directory /workdir/hadoop-ozone/integration-test/target/test-dir/MiniOzoneClusterImpl-758e1504-11ab-426e-b149-dc7346353a64/datanode-1/data/ratis/c30f231f-ac51-4916-a9d0-38214efef1b1: Starting segment from index:0
2019-08-29 09:32:08,523 [cffcff0f-2752-46f1-bb20-4150682c084f-SegmentedRaftLogWorker:Storage Directory /workdir/hadoop-ozone/integration-test/target/test-dir/MiniOzoneClusterImpl-758e1504-11ab-426e-b149-dc7346353a64/datanode-0/data/ratis/c30f231f-ac51-4916-a9d0-38214efef1b1] INFO  segmented.SegmentedRaftLogWorker (SegmentedRaftLogWorker.java:execute(569)) - cffcff0f-2752-46f1-bb20-4150682c084f-SegmentedRaftLogWorker:Storage Directory /workdir/hadoop-ozone/integration-test/target/test-dir/MiniOzoneClusterImpl-758e1504-11ab-426e-b149-dc7346353a64/datanode-0/data/ratis/c30f231f-ac51-4916-a9d0-38214efef1b1: created new log segment /workdir/hadoop-ozone/integration-test/target/test-dir/MiniOzoneClusterImpl-758e1504-11ab-426e-b149-dc7346353a64/datanode-0/data/ratis/c30f231f-ac51-4916-a9d0-38214efef1b1/current/log_inprogress_0
2019-08-29 09:32:08,526 [Thread-761] INFO  impl.FollowerState (FollowerState.java:run(106)) - f5689991-66b6-42db-ba36-9ef251e0e30a:group-010B3D68CF14 changes to CANDIDATE, lastRpcTime:5028, electionTimeout:5028ms
2019-08-29 09:32:08,526 [Thread-761] INFO  impl.RoleInfo (RoleInfo.java:shutdownFollowerState(121)) - f5689991-66b6-42db-ba36-9ef251e0e30a: shutdown FollowerState
2019-08-29 09:32:08,527 [Thread-761] INFO  impl.RaftServerImpl (RaftServerImpl.java:setRole(171)) - f5689991-66b6-42db-ba36-9ef251e0e30a:group-010B3D68CF14 changes role from FOLLOWER to CANDIDATE at term 0 for changeToCandidate
2019-08-29 09:32:08,527 [Thread-761] INFO  impl.RoleInfo (RoleInfo.java:updateAndGet(143)) - f5689991-66b6-42db-ba36-9ef251e0e30a: start LeaderElection
2019-08-29 09:32:08,549 [Thread-755] INFO  impl.FollowerState (FollowerState.java:run(106)) - 04dfc250-5117-40ee-9223-ddc31d2a7fac:group-F5D9A5D25B06 changes to CANDIDATE, lastRpcTime:5159, electionTimeout:5151ms
2019-08-29 09:32:08,549 [Thread-758] INFO  impl.FollowerState (FollowerState.java:run(106)) - f5a90a23-db6d-4122-980c-2c6f67b12274:group-798094F83A1C changes to CANDIDATE, lastRpcTime:5088, electionTimeout:5072ms
2019-08-29 09:32:08,552 [Thread-758] INFO  impl.RoleInfo (RoleInfo.java:shutdownFollowerState(121)) - f5a90a23-db6d-4122-980c-2c6f67b12274: shutdown FollowerState
2019-08-29 09:32:08,549 [Thread-755] INFO  impl.RoleInfo (RoleInfo.java:shutdownFollowerState(121)) - 04dfc250-5117-40ee-9223-ddc31d2a7fac: shutdown FollowerState
2019-08-29 09:32:08,552 [Thread-758] INFO  impl.RaftServerImpl (RaftServerImpl.java:setRole(171)) - f5a90a23-db6d-4122-980c-2c6f67b12274:group-798094F83A1C changes role from FOLLOWER to CANDIDATE at term 0 for changeToCandidate
2019-08-29 09:32:08,552 [Thread-764] INFO  impl.FollowerState (FollowerState.java:run(106)) - 95e6fe0d-ba63-44f7-8a45-847da5452504:group-68DBA6FA18A1 changes to CANDIDATE, lastRpcTime:5003, electionTimeout:5003ms
2019-08-29 09:32:08,552 [Thread-758] INFO  impl.RoleInfo (RoleInfo.java:updateAndGet(143)) - f5a90a23-db6d-4122-980c-2c6f67b12274: start LeaderElection
2019-08-29 09:32:08,552 [Thread-755] INFO  impl.RaftServerImpl (RaftServerImpl.java:setRole(171)) - 04dfc250-5117-40ee-9223-ddc31d2a7fac:group-F5D9A5D25B06 changes role from FOLLOWER to CANDIDATE at term 0 for changeToCandidate
2019-08-29 09:32:08,553 [Thread-764] INFO  impl.RoleInfo (RoleInfo.java:shutdownFollowerState(121)) - 95e6fe0d-ba63-44f7-8a45-847da5452504: shutdown FollowerState
2019-08-29 09:32:08,555 [Thread-764] INFO  impl.RaftServerImpl (RaftServerImpl.java:setRole(171)) - 95e6fe0d-ba63-44f7-8a45-847da5452504:group-68DBA6FA18A1 changes role from FOLLOWER to CANDIDATE at term 0 for changeToCandidate
2019-08-29 09:32:08,557 [Thread-755] INFO  impl.RoleInfo (RoleInfo.java:updateAndGet(143)) - 04dfc250-5117-40ee-9223-ddc31d2a7fac: start LeaderElection
2019-08-29 09:32:08,558 [Thread-764] INFO  impl.RoleInfo (RoleInfo.java:updateAndGet(143)) - 95e6fe0d-ba63-44f7-8a45-847da5452504: start LeaderElection
2019-08-29 09:32:08,563 [814b1e79-91cb-4747-afef-225b562b988f-SegmentedRaftLogWorker:Storage Directory /workdir/hadoop-ozone/integration-test/target/test-dir/MiniOzoneClusterImpl-758e1504-11ab-426e-b149-dc7346353a64/datanode-1/data/ratis/c30f231f-ac51-4916-a9d0-38214efef1b1] INFO  segmented.SegmentedRaftLogWorker (SegmentedRaftLogWorker.java:execute(569)) - 814b1e79-91cb-4747-afef-225b562b988f-SegmentedRaftLogWorker:Storage Directory /workdir/hadoop-ozone/integration-test/target/test-dir/MiniOzoneClusterImpl-758e1504-11ab-426e-b149-dc7346353a64/datanode-1/data/ratis/c30f231f-ac51-4916-a9d0-38214efef1b1: created new log segment /workdir/hadoop-ozone/integration-test/target/test-dir/MiniOzoneClusterImpl-758e1504-11ab-426e-b149-dc7346353a64/datanode-1/data/ratis/c30f231f-ac51-4916-a9d0-38214efef1b1/current/log_inprogress_0
2019-08-29 09:32:08,563 [6a76bae0-5bcd-450f-b761-84a239d32397-SegmentedRaftLogWorker:Storage Directory /workdir/hadoop-ozone/integration-test/target/test-dir/MiniOzoneClusterImpl-758e1504-11ab-426e-b149-dc7346353a64/datanode-2/data/ratis/c30f231f-ac51-4916-a9d0-38214efef1b1] INFO  segmented.SegmentedRaftLogWorker (SegmentedRaftLogWorker.java:execute(569)) - 6a76bae0-5bcd-450f-b761-84a239d32397-SegmentedRaftLogWorker:Storage Directory /workdir/hadoop-ozone/integration-test/target/test-dir/MiniOzoneClusterImpl-758e1504-11ab-426e-b149-dc7346353a64/datanode-2/data/ratis/c30f231f-ac51-4916-a9d0-38214efef1b1: created new log segment /workdir/hadoop-ozone/integration-test/target/test-dir/MiniOzoneClusterImpl-758e1504-11ab-426e-b149-dc7346353a64/datanode-2/data/ratis/c30f231f-ac51-4916-a9d0-38214efef1b1/current/log_inprogress_0
2019-08-29 09:32:08,563 [f5689991-66b6-42db-ba36-9ef251e0e30a:group-010B3D68CF14:LeaderElection20] INFO  impl.LeaderElection (LeaderElection.java:askForVotes(181)) - f5689991-66b6-42db-ba36-9ef251e0e30a:group-010B3D68CF14:LeaderElection20: begin an election at term 1 for -1: [f5689991-66b6-42db-ba36-9ef251e0e30a:192.168.34.42:41632], old=null
2019-08-29 09:32:08,566 [f5689991-66b6-42db-ba36-9ef251e0e30a:group-010B3D68CF14:LeaderElection20] INFO  impl.RoleInfo (RoleInfo.java:shutdownLeaderElection(134)) - f5689991-66b6-42db-ba36-9ef251e0e30a: shutdown LeaderElection
2019-08-29 09:32:08,566 [f5689991-66b6-42db-ba36-9ef251e0e30a:group-010B3D68CF14:LeaderElection20] INFO  impl.RaftServerImpl (RaftServerImpl.java:setRole(171)) - f5689991-66b6-42db-ba36-9ef251e0e30a:group-010B3D68CF14 changes role from CANDIDATE to LEADER at term 1 for changeToLeader
2019-08-29 09:32:08,566 [f5689991-66b6-42db-ba36-9ef251e0e30a:group-010B3D68CF14:LeaderElection20] INFO  impl.RaftServerImpl (ServerState.java:setLeader(263)) - f5689991-66b6-42db-ba36-9ef251e0e30a:group-010B3D68CF14 change Leader from null to f5689991-66b6-42db-ba36-9ef251e0e30a at term 1 for becomeLeader, leader elected after 5071ms
2019-08-29 09:32:08,568 [f5689991-66b6-42db-ba36-9ef251e0e30a:group-010B3D68CF14:LeaderElection20] INFO  server.RaftServerConfigKeys (ConfUtils.java:logGet(43)) - raft.server.staging.catchup.gap = 1000 (default)
2019-08-29 09:32:08,568 [f5689991-66b6-42db-ba36-9ef251e0e30a:group-010B3D68CF14:LeaderElection20] INFO  server.RaftServerConfigKeys (ConfUtils.java:logGet(43)) - raft.server.rpc.sleep.time = 25ms (default)
2019-08-29 09:32:08,569 [f5689991-66b6-42db-ba36-9ef251e0e30a:group-010B3D68CF14:LeaderElection20] INFO  server.RaftServerConfigKeys (ConfUtils.java:logGet(43)) - raft.server.write.element-limit = 4096 (default)
2019-08-29 09:32:08,569 [f5689991-66b6-42db-ba36-9ef251e0e30a:group-010B3D68CF14:LeaderElection20] INFO  server.RaftServerConfigKeys (ConfUtils.java:logGet(43)) - raft.server.watch.timeout = 10s (default)
2019-08-29 09:32:08,569 [f5689991-66b6-42db-ba36-9ef251e0e30a:group-010B3D68CF14:LeaderElection20] INFO  server.RaftServerConfigKeys (ConfUtils.java:logGet(43)) - raft.server.watch.timeout.denomination = 1s (default)
2019-08-29 09:32:08,569 [f5689991-66b6-42db-ba36-9ef251e0e30a:group-010B3D68CF14:LeaderElection20] INFO  server.RaftServerConfigKeys (ConfUtils.java:logGet(43)) - raft.server.watch.element-limit = 65536 (default)
2019-08-29 09:32:08,570 [f5689991-66b6-42db-ba36-9ef251e0e30a:group-010B3D68CF14:LeaderElection20] INFO  impl.RoleInfo (RoleInfo.java:updateAndGet(143)) - f5689991-66b6-42db-ba36-9ef251e0e30a: start LeaderState
2019-08-29 09:32:08,570 [f5689991-66b6-42db-ba36-9ef251e0e30a:group-010B3D68CF14:LeaderElection20] INFO  segmented.SegmentedRaftLogWorker (SegmentedRaftLogWorker.java:startLogSegment(380)) - f5689991-66b6-42db-ba36-9ef251e0e30a-SegmentedRaftLogWorker:Storage Directory /workdir/hadoop-ozone/integration-test/target/test-dir/MiniOzoneClusterImpl-758e1504-11ab-426e-b149-dc7346353a64/datanode-5/data/ratis/9f35bd1d-4559-4adf-aa3a-010b3d68cf14: Starting segment from index:0
2019-08-29 09:32:08,570 [f5689991-66b6-42db-ba36-9ef251e0e30a:group-010B3D68CF14:LeaderElection20] INFO  impl.RaftServerImpl (ServerState.java:setRaftConf(361)) - f5689991-66b6-42db-ba36-9ef251e0e30a:group-010B3D68CF14 set configuration 0: [f5689991-66b6-42db-ba36-9ef251e0e30a:192.168.34.42:41632], old=null at 0
2019-08-29 09:32:08,607 [Thread-767] INFO  impl.FollowerState (FollowerState.java:run(106)) - 95e6fe0d-ba63-44f7-8a45-847da5452504:group-34D90A7AC755 changes to CANDIDATE, lastRpcTime:5024, electionTimeout:5022ms
2019-08-29 09:32:08,609 [Thread-767] INFO  impl.RoleInfo (RoleInfo.java:shutdownFollowerState(121)) - 95e6fe0d-ba63-44f7-8a45-847da5452504: shutdown FollowerState
2019-08-29 09:32:08,609 [04dfc250-5117-40ee-9223-ddc31d2a7fac:group-F5D9A5D25B06:LeaderElection22] INFO  impl.LeaderElection (LeaderElection.java:askForVotes(181)) - 04dfc250-5117-40ee-9223-ddc31d2a7fac:group-F5D9A5D25B06:LeaderElection22: begin an election at term 1 for -1: [04dfc250-5117-40ee-9223-ddc31d2a7fac:192.168.34.42:45149], old=null
2019-08-29 09:32:08,610 [Thread-767] INFO  impl.RaftServerImpl (RaftServerImpl.java:setRole(171)) - 95e6fe0d-ba63-44f7-8a45-847da5452504:group-34D90A7AC755 changes role from FOLLOWER to CANDIDATE at term 0 for changeToCandidate
2019-08-29 09:32:08,610 [04dfc250-5117-40ee-9223-ddc31d2a7fac:group-F5D9A5D25B06:LeaderElection22] INFO  impl.RoleInfo (RoleInfo.java:shutdownLeaderElection(134)) - 04dfc250-5117-40ee-9223-ddc31d2a7fac: shutdown LeaderElection
2019-08-29 09:32:08,609 [95e6fe0d-ba63-44f7-8a45-847da5452504:group-68DBA6FA18A1:LeaderElection23] INFO  impl.LeaderElection (LeaderElection.java:askForVotes(181)) - 95e6fe0d-ba63-44f7-8a45-847da5452504:group-68DBA6FA18A1:LeaderElection23: begin an election at term 1 for -1: [95e6fe0d-ba63-44f7-8a45-847da5452504:192.168.34.42:35967], old=null
2019-08-29 09:32:08,609 [f5a90a23-db6d-4122-980c-2c6f67b12274:group-798094F83A1C:LeaderElection21] INFO  impl.LeaderElection (LeaderElection.java:askForVotes(181)) - f5a90a23-db6d-4122-980c-2c6f67b12274:group-798094F83A1C:LeaderElection21: begin an election at term 1 for -1: [f5a90a23-db6d-4122-980c-2c6f67b12274:192.168.34.42:43304], old=null
2019-08-29 09:32:08,610 [95e6fe0d-ba63-44f7-8a45-847da5452504:group-68DBA6FA18A1:LeaderElection23] INFO  impl.RoleInfo (RoleInfo.java:shutdownLeaderElection(134)) - 95e6fe0d-ba63-44f7-8a45-847da5452504: shutdown LeaderElection
2019-08-29 09:32:08,610 [04dfc250-5117-40ee-9223-ddc31d2a7fac:group-F5D9A5D25B06:LeaderElection22] INFO  impl.RaftServerImpl (RaftServerImpl.java:setRole(171)) - 04dfc250-5117-40ee-9223-ddc31d2a7fac:group-F5D9A5D25B06 changes role from CANDIDATE to LEADER at term 1 for changeToLeader
2019-08-29 09:32:08,610 [Thread-767] INFO  impl.RoleInfo (RoleInfo.java:updateAndGet(143)) - 95e6fe0d-ba63-44f7-8a45-847da5452504: start LeaderElection
2019-08-29 09:32:08,611 [04dfc250-5117-40ee-9223-ddc31d2a7fac:group-F5D9A5D25B06:LeaderElection22] INFO  impl.RaftServerImpl (ServerState.java:setLeader(263)) - 04dfc250-5117-40ee-9223-ddc31d2a7fac:group-F5D9A5D25B06 change Leader from null to 04dfc250-5117-40ee-9223-ddc31d2a7fac at term 1 for becomeLeader, leader elected after 5225ms
2019-08-29 09:32:08,611 [95e6fe0d-ba63-44f7-8a45-847da5452504:group-68DBA6FA18A1:LeaderElection23] INFO  impl.RaftServerImpl (RaftServerImpl.java:setRole(171)) - 95e6fe0d-ba63-44f7-8a45-847da5452504:group-68DBA6FA18A1 changes role from CANDIDATE to LEADER at term 1 for changeToLeader
2019-08-29 09:32:08,611 [f5a90a23-db6d-4122-980c-2c6f67b12274:group-798094F83A1C:LeaderElection21] INFO  impl.RoleInfo (RoleInfo.java:shutdownLeaderElection(134)) - f5a90a23-db6d-4122-980c-2c6f67b12274: shutdown LeaderElection
2019-08-29 09:32:08,617 [04dfc250-5117-40ee-9223-ddc31d2a7fac:group-F5D9A5D25B06:LeaderElection22] INFO  server.RaftServerConfigKeys (ConfUtils.java:logGet(43)) - raft.server.staging.catchup.gap = 1000 (default)
2019-08-29 09:32:08,617 [95e6fe0d-ba63-44f7-8a45-847da5452504:group-68DBA6FA18A1:LeaderElection23] INFO  impl.RaftServerImpl (ServerState.java:setLeader(263)) - 95e6fe0d-ba63-44f7-8a45-847da5452504:group-68DBA6FA18A1 change Leader from null to 95e6fe0d-ba63-44f7-8a45-847da5452504 at term 1 for becomeLeader, leader elected after 5073ms
2019-08-29 09:32:08,617 [04dfc250-5117-40ee-9223-ddc31d2a7fac:group-F5D9A5D25B06:LeaderElection22] INFO  server.RaftServerConfigKeys (ConfUtils.java:logGet(43)) - raft.server.rpc.sleep.time = 25ms (default)
2019-08-29 09:32:08,617 [f5a90a23-db6d-4122-980c-2c6f67b12274:group-798094F83A1C:LeaderElection21] INFO  impl.RaftServerImpl (RaftServerImpl.java:setRole(171)) - f5a90a23-db6d-4122-980c-2c6f67b12274:group-798094F83A1C changes role from CANDIDATE to LEADER at term 1 for changeToLeader
2019-08-29 09:32:08,620 [04dfc250-5117-40ee-9223-ddc31d2a7fac:group-F5D9A5D25B06:LeaderElection22] INFO  server.RaftServerConfigKeys (ConfUtils.java:logGet(43)) - raft.server.write.element-limit = 4096 (default)
2019-08-29 09:32:08,620 [95e6fe0d-ba63-44f7-8a45-847da5452504:group-68DBA6FA18A1:LeaderElection23] INFO  server.RaftServerConfigKeys (ConfUtils.java:logGet(43)) - raft.server.staging.catchup.gap = 1000 (default)
2019-08-29 09:32:08,620 [04dfc250-5117-40ee-9223-ddc31d2a7fac:group-F5D9A5D25B06:LeaderElection22] INFO  server.RaftServerConfigKeys (ConfUtils.java:logGet(43)) - raft.server.watch.timeout = 10s (default)
2019-08-29 09:32:08,620 [f5689991-66b6-42db-ba36-9ef251e0e30a-SegmentedRaftLogWorker:Storage Directory /workdir/hadoop-ozone/integration-test/target/test-dir/MiniOzoneClusterImpl-758e1504-11ab-426e-b149-dc7346353a64/datanode-5/data/ratis/9f35bd1d-4559-4adf-aa3a-010b3d68cf14] INFO  segmented.SegmentedRaftLogWorker (SegmentedRaftLogWorker.java:execute(569)) - f5689991-66b6-42db-ba36-9ef251e0e30a-SegmentedRaftLogWorker:Storage Directory /workdir/hadoop-ozone/integration-test/target/test-dir/MiniOzoneClusterImpl-758e1504-11ab-426e-b149-dc7346353a64/datanode-5/data/ratis/9f35bd1d-4559-4adf-aa3a-010b3d68cf14: created new log segment /workdir/hadoop-ozone/integration-test/target/test-dir/MiniOzoneClusterImpl-758e1504-11ab-426e-b149-dc7346353a64/datanode-5/data/ratis/9f35bd1d-4559-4adf-aa3a-010b3d68cf14/current/log_inprogress_0
2019-08-29 09:32:08,620 [f5a90a23-db6d-4122-980c-2c6f67b12274:group-798094F83A1C:LeaderElection21] INFO  impl.RaftServerImpl (ServerState.java:setLeader(263)) - f5a90a23-db6d-4122-980c-2c6f67b12274:group-798094F83A1C change Leader from null to f5a90a23-db6d-4122-980c-2c6f67b12274 at term 1 for becomeLeader, leader elected after 5165ms
2019-08-29 09:32:08,621 [04dfc250-5117-40ee-9223-ddc31d2a7fac:group-F5D9A5D25B06:LeaderElection22] INFO  server.RaftServerConfigKeys (ConfUtils.java:logGet(43)) - raft.server.watch.timeout.denomination = 1s (default)
2019-08-29 09:32:08,621 [95e6fe0d-ba63-44f7-8a45-847da5452504:group-68DBA6FA18A1:LeaderElection23] INFO  server.RaftServerConfigKeys (ConfUtils.java:logGet(43)) - raft.server.rpc.sleep.time = 25ms (default)
2019-08-29 09:32:08,629 [95e6fe0d-ba63-44f7-8a45-847da5452504:group-34D90A7AC755:LeaderElection24] INFO  impl.LeaderElection (LeaderElection.java:askForVotes(181)) - 95e6fe0d-ba63-44f7-8a45-847da5452504:group-34D90A7AC755:LeaderElection24: begin an election at term 1 for -1: [95e6fe0d-ba63-44f7-8a45-847da5452504:192.168.34.42:35967, 04dfc250-5117-40ee-9223-ddc31d2a7fac:192.168.34.42:45149, f5a90a23-db6d-4122-980c-2c6f67b12274:192.168.34.42:43304], old=null
2019-08-29 09:32:08,629 [04dfc250-5117-40ee-9223-ddc31d2a7fac:group-F5D9A5D25B06:LeaderElection22] INFO  server.RaftServerConfigKeys (ConfUtils.java:logGet(43)) - raft.server.watch.element-limit = 65536 (default)
2019-08-29 09:32:08,630 [95e6fe0d-ba63-44f7-8a45-847da5452504:group-68DBA6FA18A1:LeaderElection23] INFO  server.RaftServerConfigKeys (ConfUtils.java:logGet(43)) - raft.server.write.element-limit = 4096 (default)
2019-08-29 09:32:08,629 [f5a90a23-db6d-4122-980c-2c6f67b12274:group-798094F83A1C:LeaderElection21] INFO  server.RaftServerConfigKeys (ConfUtils.java:logGet(43)) - raft.server.staging.catchup.gap = 1000 (default)
2019-08-29 09:32:08,630 [95e6fe0d-ba63-44f7-8a45-847da5452504:group-68DBA6FA18A1:LeaderElection23] INFO  server.RaftServerConfigKeys (ConfUtils.java:logGet(43)) - raft.server.watch.timeout = 10s (default)
2019-08-29 09:32:08,630 [04dfc250-5117-40ee-9223-ddc31d2a7fac:group-F5D9A5D25B06:LeaderElection22] INFO  impl.RoleInfo (RoleInfo.java:updateAndGet(143)) - 04dfc250-5117-40ee-9223-ddc31d2a7fac: start LeaderState
2019-08-29 09:32:08,630 [95e6fe0d-ba63-44f7-8a45-847da5452504:group-68DBA6FA18A1:LeaderElection23] INFO  server.RaftServerConfigKeys (ConfUtils.java:logGet(43)) - raft.server.watch.timeout.denomination = 1s (default)
2019-08-29 09:32:08,630 [f5a90a23-db6d-4122-980c-2c6f67b12274:group-798094F83A1C:LeaderElection21] INFO  server.RaftServerConfigKeys (ConfUtils.java:logGet(43)) - raft.server.rpc.sleep.time = 25ms (default)
2019-08-29 09:32:08,631 [95e6fe0d-ba63-44f7-8a45-847da5452504:group-68DBA6FA18A1:LeaderElection23] INFO  server.RaftServerConfigKeys (ConfUtils.java:logGet(43)) - raft.server.watch.element-limit = 65536 (default)
2019-08-29 09:32:08,630 [04dfc250-5117-40ee-9223-ddc31d2a7fac:group-F5D9A5D25B06:LeaderElection22] INFO  segmented.SegmentedRaftLogWorker (SegmentedRaftLogWorker.java:startLogSegment(380)) - 04dfc250-5117-40ee-9223-ddc31d2a7fac-SegmentedRaftLogWorker:Storage Directory /workdir/hadoop-ozone/integration-test/target/test-dir/MiniOzoneClusterImpl-758e1504-11ab-426e-b149-dc7346353a64/datanode-4/data/ratis/bdf78665-8c5a-414e-bc38-f5d9a5d25b06: Starting segment from index:0
2019-08-29 09:32:08,631 [95e6fe0d-ba63-44f7-8a45-847da5452504:group-68DBA6FA18A1:LeaderElection23] INFO  impl.RoleInfo (RoleInfo.java:updateAndGet(143)) - 95e6fe0d-ba63-44f7-8a45-847da5452504: start LeaderState
2019-08-29 09:32:08,631 [f5a90a23-db6d-4122-980c-2c6f67b12274:group-798094F83A1C:LeaderElection21] INFO  server.RaftServerConfigKeys (ConfUtils.java:logGet(43)) - raft.server.write.element-limit = 4096 (default)
2019-08-29 09:32:08,631 [95e6fe0d-ba63-44f7-8a45-847da5452504:group-68DBA6FA18A1:LeaderElection23] INFO  segmented.SegmentedRaftLogWorker (SegmentedRaftLogWorker.java:startLogSegment(380)) - 95e6fe0d-ba63-44f7-8a45-847da5452504-SegmentedRaftLogWorker:Storage Directory /workdir/hadoop-ozone/integration-test/target/test-dir/MiniOzoneClusterImpl-758e1504-11ab-426e-b149-dc7346353a64/datanode-6/data/ratis/a566a1ca-c78e-4f1a-b406-68dba6fa18a1: Starting segment from index:0
2019-08-29 09:32:08,632 [f5a90a23-db6d-4122-980c-2c6f67b12274:group-798094F83A1C:LeaderElection21] INFO  server.RaftServerConfigKeys (ConfUtils.java:logGet(43)) - raft.server.watch.timeout = 10s (default)
2019-08-29 09:32:08,632 [04dfc250-5117-40ee-9223-ddc31d2a7fac:group-F5D9A5D25B06:LeaderElection22] INFO  impl.RaftServerImpl (ServerState.java:setRaftConf(361)) - 04dfc250-5117-40ee-9223-ddc31d2a7fac:group-F5D9A5D25B06 set configuration 0: [04dfc250-5117-40ee-9223-ddc31d2a7fac:192.168.34.42:45149], old=null at 0
2019-08-29 09:32:08,632 [f5a90a23-db6d-4122-980c-2c6f67b12274:group-798094F83A1C:LeaderElection21] INFO  server.RaftServerConfigKeys (ConfUtils.java:logGet(43)) - raft.server.watch.timeout.denomination = 1s (default)
2019-08-29 09:32:08,668 [Thread-770] INFO  impl.FollowerState (FollowerState.java:run(106)) - 04dfc250-5117-40ee-9223-ddc31d2a7fac:group-34D90A7AC755 changes to CANDIDATE, lastRpcTime:5081, electionTimeout:5063ms
2019-08-29 09:32:08,632 [95e6fe0d-ba63-44f7-8a45-847da5452504:group-68DBA6FA18A1:LeaderElection23] INFO  impl.RaftServerImpl (ServerState.java:setRaftConf(361)) - 95e6fe0d-ba63-44f7-8a45-847da5452504:group-68DBA6FA18A1 set configuration 0: [95e6fe0d-ba63-44f7-8a45-847da5452504:192.168.34.42:35967], old=null at 0
2019-08-29 09:32:08,668 [Thread-770] INFO  impl.RoleInfo (RoleInfo.java:shutdownFollowerState(121)) - 04dfc250-5117-40ee-9223-ddc31d2a7fac: shutdown FollowerState
2019-08-29 09:32:08,668 [f5a90a23-db6d-4122-980c-2c6f67b12274:group-798094F83A1C:LeaderElection21] INFO  server.RaftServerConfigKeys (ConfUtils.java:logGet(43)) - raft.server.watch.element-limit = 65536 (default)
2019-08-29 09:32:08,670 [Thread-770] INFO  impl.RaftServerImpl (RaftServerImpl.java:setRole(171)) - 04dfc250-5117-40ee-9223-ddc31d2a7fac:group-34D90A7AC755 changes role from FOLLOWER to CANDIDATE at term 0 for changeToCandidate
2019-08-29 09:32:08,672 [Thread-770] INFO  impl.RoleInfo (RoleInfo.java:updateAndGet(143)) - 04dfc250-5117-40ee-9223-ddc31d2a7fac: start LeaderElection
2019-08-29 09:32:08,672 [f5a90a23-db6d-4122-980c-2c6f67b12274:group-798094F83A1C:LeaderElection21] INFO  impl.RoleInfo (RoleInfo.java:updateAndGet(143)) - f5a90a23-db6d-4122-980c-2c6f67b12274: start LeaderState
2019-08-29 09:32:08,675 [f5a90a23-db6d-4122-980c-2c6f67b12274:group-798094F83A1C:LeaderElection21] INFO  segmented.SegmentedRaftLogWorker (SegmentedRaftLogWorker.java:startLogSegment(380)) - f5a90a23-db6d-4122-980c-2c6f67b12274-SegmentedRaftLogWorker:Storage Directory /workdir/hadoop-ozone/integration-test/target/test-dir/MiniOzoneClusterImpl-758e1504-11ab-426e-b149-dc7346353a64/datanode-3/data/ratis/589eb5df-ec9b-458c-a77d-798094f83a1c: Starting segment from index:0
2019-08-29 09:32:08,680 [f5a90a23-db6d-4122-980c-2c6f67b12274:group-798094F83A1C:LeaderElection21] INFO  impl.RaftServerImpl (ServerState.java:setRaftConf(361)) - f5a90a23-db6d-4122-980c-2c6f67b12274:group-798094F83A1C set configuration 0: [f5a90a23-db6d-4122-980c-2c6f67b12274:192.168.34.42:43304], old=null at 0
2019-08-29 09:32:08,680 [04dfc250-5117-40ee-9223-ddc31d2a7fac-SegmentedRaftLogWorker:Storage Directory /workdir/hadoop-ozone/integration-test/target/test-dir/MiniOzoneClusterImpl-758e1504-11ab-426e-b149-dc7346353a64/datanode-4/data/ratis/bdf78665-8c5a-414e-bc38-f5d9a5d25b06] INFO  segmented.SegmentedRaftLogWorker (SegmentedRaftLogWorker.java:execute(569)) - 04dfc250-5117-40ee-9223-ddc31d2a7fac-SegmentedRaftLogWorker:Storage Directory /workdir/hadoop-ozone/integration-test/target/test-dir/MiniOzoneClusterImpl-758e1504-11ab-426e-b149-dc7346353a64/datanode-4/data/ratis/bdf78665-8c5a-414e-bc38-f5d9a5d25b06: created new log segment /workdir/hadoop-ozone/integration-test/target/test-dir/MiniOzoneClusterImpl-758e1504-11ab-426e-b149-dc7346353a64/datanode-4/data/ratis/bdf78665-8c5a-414e-bc38-f5d9a5d25b06/current/log_inprogress_0
2019-08-29 09:32:08,680 [95e6fe0d-ba63-44f7-8a45-847da5452504-SegmentedRaftLogWorker:Storage Directory /workdir/hadoop-ozone/integration-test/target/test-dir/MiniOzoneClusterImpl-758e1504-11ab-426e-b149-dc7346353a64/datanode-6/data/ratis/a566a1ca-c78e-4f1a-b406-68dba6fa18a1] INFO  segmented.SegmentedRaftLogWorker (SegmentedRaftLogWorker.java:execute(569)) - 95e6fe0d-ba63-44f7-8a45-847da5452504-SegmentedRaftLogWorker:Storage Directory /workdir/hadoop-ozone/integration-test/target/test-dir/MiniOzoneClusterImpl-758e1504-11ab-426e-b149-dc7346353a64/datanode-6/data/ratis/a566a1ca-c78e-4f1a-b406-68dba6fa18a1: created new log segment /workdir/hadoop-ozone/integration-test/target/test-dir/MiniOzoneClusterImpl-758e1504-11ab-426e-b149-dc7346353a64/datanode-6/data/ratis/a566a1ca-c78e-4f1a-b406-68dba6fa18a1/current/log_inprogress_0
2019-08-29 09:32:08,728 [grpc-default-executor-0] INFO  impl.RaftServerImpl (RaftServerImpl.java:setRole(171)) - f5a90a23-db6d-4122-980c-2c6f67b12274:group-34D90A7AC755 changes role from FOLLOWER to FOLLOWER at term 1 for recognizeCandidate:95e6fe0d-ba63-44f7-8a45-847da5452504
2019-08-29 09:32:08,729 [grpc-default-executor-0] INFO  impl.RoleInfo (RoleInfo.java:shutdownFollowerState(121)) - f5a90a23-db6d-4122-980c-2c6f67b12274: shutdown FollowerState
2019-08-29 09:32:08,729 [Thread-773] INFO  impl.FollowerState (FollowerState.java:run(114)) - f5a90a23-db6d-4122-980c-2c6f67b12274: FollowerState was interrupted: java.lang.InterruptedException: sleep interrupted
2019-08-29 09:32:08,729 [grpc-default-executor-0] INFO  impl.RoleInfo (RoleInfo.java:updateAndGet(143)) - f5a90a23-db6d-4122-980c-2c6f67b12274: start FollowerState
2019-08-29 09:32:08,734 [04dfc250-5117-40ee-9223-ddc31d2a7fac:group-34D90A7AC755:LeaderElection25] INFO  impl.LeaderElection (LeaderElection.java:askForVotes(181)) - 04dfc250-5117-40ee-9223-ddc31d2a7fac:group-34D90A7AC755:LeaderElection25: begin an election at term 1 for -1: [95e6fe0d-ba63-44f7-8a45-847da5452504:192.168.34.42:35967, 04dfc250-5117-40ee-9223-ddc31d2a7fac:192.168.34.42:45149, f5a90a23-db6d-4122-980c-2c6f67b12274:192.168.34.42:43304], old=null
2019-08-29 09:32:08,734 [f5a90a23-db6d-4122-980c-2c6f67b12274-SegmentedRaftLogWorker:Storage Directory /workdir/hadoop-ozone/integration-test/target/test-dir/MiniOzoneClusterImpl-758e1504-11ab-426e-b149-dc7346353a64/datanode-3/data/ratis/589eb5df-ec9b-458c-a77d-798094f83a1c] INFO  segmented.SegmentedRaftLogWorker (SegmentedRaftLogWorker.java:execute(569)) - f5a90a23-db6d-4122-980c-2c6f67b12274-SegmentedRaftLogWorker:Storage Directory /workdir/hadoop-ozone/integration-test/target/test-dir/MiniOzoneClusterImpl-758e1504-11ab-426e-b149-dc7346353a64/datanode-3/data/ratis/589eb5df-ec9b-458c-a77d-798094f83a1c: created new log segment /workdir/hadoop-ozone/integration-test/target/test-dir/MiniOzoneClusterImpl-758e1504-11ab-426e-b149-dc7346353a64/datanode-3/data/ratis/589eb5df-ec9b-458c-a77d-798094f83a1c/current/log_inprogress_0
2019-08-29 09:32:08,739 [grpc-default-executor-2] INFO  client.GrpcClientProtocolClient (GrpcClientProtocolClient.java:onNext(255)) - client-E9E73D333C91->814b1e79-91cb-4747-afef-225b562b988f: receive RaftClientReply:client-E9E73D333C91->814b1e79-91cb-4747-afef-225b562b988f@group-38214EFEF1B1, cid=42, FAILED org.apache.ratis.protocol.NotLeaderException: Server 814b1e79-91cb-4747-afef-225b562b988f is not the leader (cffcff0f-2752-46f1-bb20-4150682c084f:192.168.34.42:36452). Request must be sent to leader., logIndex=0, commits[814b1e79-91cb-4747-afef-225b562b988f:c-1, 6a76bae0-5bcd-450f-b761-84a239d32397:c-1, cffcff0f-2752-46f1-bb20-4150682c084f:c-1]
2019-08-29 09:32:08,756 [95e6fe0d-ba63-44f7-8a45-847da5452504:group-34D90A7AC755:LeaderElection24] INFO  impl.LeaderElection (LeaderElection.java:logAndReturn(56)) - 95e6fe0d-ba63-44f7-8a45-847da5452504:group-34D90A7AC755:LeaderElection24: Election PASSED; received 2 response(s) [95e6fe0d-ba63-44f7-8a45-847da5452504<-04dfc250-5117-40ee-9223-ddc31d2a7fac#0:FAIL-t1, 95e6fe0d-ba63-44f7-8a45-847da5452504<-f5a90a23-db6d-4122-980c-2c6f67b12274#0:OK-t1] and 0 exception(s); 95e6fe0d-ba63-44f7-8a45-847da5452504:t1, leader=null, voted=95e6fe0d-ba63-44f7-8a45-847da5452504, raftlog=95e6fe0d-ba63-44f7-8a45-847da5452504-SegmentedRaftLog:OPENED:c-1,f-1,i0, conf=-1: [95e6fe0d-ba63-44f7-8a45-847da5452504:192.168.34.42:35967, 04dfc250-5117-40ee-9223-ddc31d2a7fac:192.168.34.42:45149, f5a90a23-db6d-4122-980c-2c6f67b12274:192.168.34.42:43304], old=null
2019-08-29 09:32:08,757 [95e6fe0d-ba63-44f7-8a45-847da5452504:group-34D90A7AC755:LeaderElection24] INFO  impl.RoleInfo (RoleInfo.java:shutdownLeaderElection(134)) - 95e6fe0d-ba63-44f7-8a45-847da5452504: shutdown LeaderElection
2019-08-29 09:32:08,757 [95e6fe0d-ba63-44f7-8a45-847da5452504:group-34D90A7AC755:LeaderElection24] INFO  impl.RaftServerImpl (RaftServerImpl.java:setRole(171)) - 95e6fe0d-ba63-44f7-8a45-847da5452504:group-34D90A7AC755 changes role from CANDIDATE to LEADER at term 1 for changeToLeader
2019-08-29 09:32:08,757 [95e6fe0d-ba63-44f7-8a45-847da5452504:group-34D90A7AC755:LeaderElection24] INFO  impl.RaftServerImpl (ServerState.java:setLeader(263)) - 95e6fe0d-ba63-44f7-8a45-847da5452504:group-34D90A7AC755 change Leader from null to 95e6fe0d-ba63-44f7-8a45-847da5452504 at term 1 for becomeLeader, leader elected after 5180ms
2019-08-29 09:32:08,757 [95e6fe0d-ba63-44f7-8a45-847da5452504:group-34D90A7AC755:LeaderElection24] INFO  server.RaftServerConfigKeys (ConfUtils.java:logGet(43)) - raft.server.staging.catchup.gap = 1000 (default)
2019-08-29 09:32:08,758 [95e6fe0d-ba63-44f7-8a45-847da5452504:group-34D90A7AC755:LeaderElection24] INFO  server.RaftServerConfigKeys (ConfUtils.java:logGet(43)) - raft.server.rpc.sleep.time = 25ms (default)
2019-08-29 09:32:08,758 [95e6fe0d-ba63-44f7-8a45-847da5452504:group-34D90A7AC755:LeaderElection24] INFO  server.RaftServerConfigKeys (ConfUtils.java:logGet(43)) - raft.server.write.element-limit = 4096 (default)
2019-08-29 09:32:08,758 [95e6fe0d-ba63-44f7-8a45-847da5452504:group-34D90A7AC755:LeaderElection24] INFO  server.RaftServerConfigKeys (ConfUtils.java:logGet(43)) - raft.server.watch.timeout = 10s (default)
2019-08-29 09:32:08,758 [95e6fe0d-ba63-44f7-8a45-847da5452504:group-34D90A7AC755:LeaderElection24] INFO  server.RaftServerConfigKeys (ConfUtils.java:logGet(43)) - raft.server.watch.timeout.denomination = 1s (default)
2019-08-29 09:32:08,758 [95e6fe0d-ba63-44f7-8a45-847da5452504:group-34D90A7AC755:LeaderElection24] INFO  server.RaftServerConfigKeys (ConfUtils.java:logGet(43)) - raft.server.watch.element-limit = 65536 (default)
2019-08-29 09:32:08,759 [95e6fe0d-ba63-44f7-8a45-847da5452504:group-34D90A7AC755:LeaderElection24] INFO  server.RaftServerConfigKeys (ConfUtils.java:logGet(43)) - raft.server.log.appender.snapshot.chunk.size.max = 16MB (=16777216) (default)
2019-08-29 09:32:08,759 [95e6fe0d-ba63-44f7-8a45-847da5452504:group-34D90A7AC755:LeaderElection24] INFO  server.RaftServerConfigKeys (ConfUtils.java:logGet(43)) - raft.server.log.appender.buffer.byte-limit = 33554432 (custom)
2019-08-29 09:32:08,759 [95e6fe0d-ba63-44f7-8a45-847da5452504:group-34D90A7AC755:LeaderElection24] INFO  server.RaftServerConfigKeys (ConfUtils.java:logGet(43)) - raft.server.log.appender.buffer.element-limit = 1 (custom)
2019-08-29 09:32:08,759 [95e6fe0d-ba63-44f7-8a45-847da5452504:group-34D90A7AC755:LeaderElection24] INFO  grpc.GrpcConfigKeys$Server (ConfUtils.java:logGet(43)) - raft.grpc.server.leader.outstanding.appends.max = 128 (default)
2019-08-29 09:32:08,760 [95e6fe0d-ba63-44f7-8a45-847da5452504:group-34D90A7AC755:LeaderElection24] INFO  server.RaftServerConfigKeys (ConfUtils.java:logGet(43)) - raft.server.rpc.request.timeout = 3000ms (default)
2019-08-29 09:32:08,760 [95e6fe0d-ba63-44f7-8a45-847da5452504:group-34D90A7AC755:LeaderElection24] INFO  server.RaftServerConfigKeys (ConfUtils.java:logGet(43)) - raft.server.log.appender.install.snapshot.enabled = false (custom)
2019-08-29 09:32:08,760 [95e6fe0d-ba63-44f7-8a45-847da5452504:group-34D90A7AC755:LeaderElection24] INFO  server.RaftServerConfigKeys (ConfUtils.java:logGet(43)) - raft.server.log.appender.snapshot.chunk.size.max = 16MB (=16777216) (default)
2019-08-29 09:32:08,760 [95e6fe0d-ba63-44f7-8a45-847da5452504:group-34D90A7AC755:LeaderElection24] INFO  server.RaftServerConfigKeys (ConfUtils.java:logGet(43)) - raft.server.log.appender.buffer.byte-limit = 33554432 (custom)
2019-08-29 09:32:08,760 [95e6fe0d-ba63-44f7-8a45-847da5452504:group-34D90A7AC755:LeaderElection24] INFO  server.RaftServerConfigKeys (ConfUtils.java:logGet(43)) - raft.server.log.appender.buffer.element-limit = 1 (custom)
2019-08-29 09:32:08,761 [95e6fe0d-ba63-44f7-8a45-847da5452504:group-34D90A7AC755:LeaderElection24] INFO  grpc.GrpcConfigKeys$Server (ConfUtils.java:logGet(43)) - raft.grpc.server.leader.outstanding.appends.max = 128 (default)
2019-08-29 09:32:08,761 [95e6fe0d-ba63-44f7-8a45-847da5452504:group-34D90A7AC755:LeaderElection24] INFO  server.RaftServerConfigKeys (ConfUtils.java:logGet(43)) - raft.server.rpc.request.timeout = 3000ms (default)
2019-08-29 09:32:08,761 [95e6fe0d-ba63-44f7-8a45-847da5452504:group-34D90A7AC755:LeaderElection24] INFO  server.RaftServerConfigKeys (ConfUtils.java:logGet(43)) - raft.server.log.appender.install.snapshot.enabled = false (custom)
2019-08-29 09:32:08,761 [95e6fe0d-ba63-44f7-8a45-847da5452504:group-34D90A7AC755:LeaderElection24] INFO  impl.RoleInfo (RoleInfo.java:updateAndGet(143)) - 95e6fe0d-ba63-44f7-8a45-847da5452504: start LeaderState
2019-08-29 09:32:08,762 [95e6fe0d-ba63-44f7-8a45-847da5452504:group-34D90A7AC755:LeaderElection24] INFO  segmented.SegmentedRaftLogWorker (SegmentedRaftLogWorker.java:startLogSegment(380)) - 95e6fe0d-ba63-44f7-8a45-847da5452504-SegmentedRaftLogWorker:Storage Directory /workdir/hadoop-ozone/integration-test/target/test-dir/MiniOzoneClusterImpl-758e1504-11ab-426e-b149-dc7346353a64/datanode-6/data/ratis/734b81bd-9131-4087-901d-34d90a7ac755: Starting segment from index:0
2019-08-29 09:32:08,762 [95e6fe0d-ba63-44f7-8a45-847da5452504:group-34D90A7AC755:LeaderElection24] INFO  impl.RaftServerImpl (ServerState.java:setRaftConf(361)) - 95e6fe0d-ba63-44f7-8a45-847da5452504:group-34D90A7AC755 set configuration 0: [95e6fe0d-ba63-44f7-8a45-847da5452504:192.168.34.42:35967, 04dfc250-5117-40ee-9223-ddc31d2a7fac:192.168.34.42:45149, f5a90a23-db6d-4122-980c-2c6f67b12274:192.168.34.42:43304], old=null at 0
2019-08-29 09:32:08,795 [grpc-default-executor-4] INFO  impl.RaftServerImpl (RaftServerImpl.java:requestVote(754)) - 95e6fe0d-ba63-44f7-8a45-847da5452504-LEADER: Withhold vote from candidate 04dfc250-5117-40ee-9223-ddc31d2a7fac with term 1. State: leader=95e6fe0d-ba63-44f7-8a45-847da5452504, term=1, lastRpcElapsed=null
2019-08-29 09:32:08,797 [04dfc250-5117-40ee-9223-ddc31d2a7fac:group-34D90A7AC755:LeaderElection25] INFO  impl.LeaderElection (LeaderElection.java:logAndReturn(56)) - 04dfc250-5117-40ee-9223-ddc31d2a7fac:group-34D90A7AC755:LeaderElection25: Election REJECTED; received 2 response(s) [04dfc250-5117-40ee-9223-ddc31d2a7fac<-95e6fe0d-ba63-44f7-8a45-847da5452504#0:FAIL-t1, 04dfc250-5117-40ee-9223-ddc31d2a7fac<-f5a90a23-db6d-4122-980c-2c6f67b12274#0:FAIL-t1] and 0 exception(s); 04dfc250-5117-40ee-9223-ddc31d2a7fac:t1, leader=null, voted=04dfc250-5117-40ee-9223-ddc31d2a7fac, raftlog=04dfc250-5117-40ee-9223-ddc31d2a7fac-SegmentedRaftLog:OPENED:c-1,f-1,i0, conf=-1: [95e6fe0d-ba63-44f7-8a45-847da5452504:192.168.34.42:35967, 04dfc250-5117-40ee-9223-ddc31d2a7fac:192.168.34.42:45149, f5a90a23-db6d-4122-980c-2c6f67b12274:192.168.34.42:43304], old=null
2019-08-29 09:32:08,797 [grpc-default-executor-4] INFO  impl.RaftServerImpl (RaftServerImpl.java:setRole(171)) - 04dfc250-5117-40ee-9223-ddc31d2a7fac:group-34D90A7AC755 changes role from CANDIDATE to FOLLOWER at term 1 for appendEntries
2019-08-29 09:32:08,801 [grpc-default-executor-4] INFO  impl.RoleInfo (RoleInfo.java:shutdownLeaderElection(134)) - 04dfc250-5117-40ee-9223-ddc31d2a7fac: shutdown LeaderElection
2019-08-29 09:32:08,801 [grpc-default-executor-4] INFO  impl.RoleInfo (RoleInfo.java:updateAndGet(143)) - 04dfc250-5117-40ee-9223-ddc31d2a7fac: start FollowerState
2019-08-29 09:32:08,802 [grpc-default-executor-4] INFO  impl.RaftServerImpl (ServerState.java:setLeader(263)) - 04dfc250-5117-40ee-9223-ddc31d2a7fac:group-34D90A7AC755 change Leader from null to 95e6fe0d-ba63-44f7-8a45-847da5452504 at term 1 for appendEntries, leader elected after 5221ms
2019-08-29 09:32:08,803 [grpc-default-executor-0] INFO  impl.RaftServerImpl (ServerState.java:setLeader(263)) - f5a90a23-db6d-4122-980c-2c6f67b12274:group-34D90A7AC755 change Leader from null to 95e6fe0d-ba63-44f7-8a45-847da5452504 at term 1 for appendEntries, leader elected after 5222ms
2019-08-29 09:32:08,805 [grpc-default-executor-0] INFO  impl.RaftServerImpl (ServerState.java:setRaftConf(361)) - 04dfc250-5117-40ee-9223-ddc31d2a7fac:group-34D90A7AC755 set configuration 0: [95e6fe0d-ba63-44f7-8a45-847da5452504:192.168.34.42:35967, 04dfc250-5117-40ee-9223-ddc31d2a7fac:192.168.34.42:45149, f5a90a23-db6d-4122-980c-2c6f67b12274:192.168.34.42:43304], old=null at 0
2019-08-29 09:32:08,806 [grpc-default-executor-0] INFO  segmented.SegmentedRaftLogWorker (SegmentedRaftLogWorker.java:startLogSegment(380)) - 04dfc250-5117-40ee-9223-ddc31d2a7fac-SegmentedRaftLogWorker:Storage Directory /workdir/hadoop-ozone/integration-test/target/test-dir/MiniOzoneClusterImpl-758e1504-11ab-426e-b149-dc7346353a64/datanode-4/data/ratis/734b81bd-9131-4087-901d-34d90a7ac755: Starting segment from index:0
2019-08-29 09:32:08,806 [grpc-default-executor-0] INFO  impl.RaftServerImpl (ServerState.java:setRaftConf(361)) - f5a90a23-db6d-4122-980c-2c6f67b12274:group-34D90A7AC755 set configuration 0: [95e6fe0d-ba63-44f7-8a45-847da5452504:192.168.34.42:35967, 04dfc250-5117-40ee-9223-ddc31d2a7fac:192.168.34.42:45149, f5a90a23-db6d-4122-980c-2c6f67b12274:192.168.34.42:43304], old=null at 0
2019-08-29 09:32:08,806 [grpc-default-executor-0] INFO  segmented.SegmentedRaftLogWorker (SegmentedRaftLogWorker.java:startLogSegment(380)) - f5a90a23-db6d-4122-980c-2c6f67b12274-SegmentedRaftLogWorker:Storage Directory /workdir/hadoop-ozone/integration-test/target/test-dir/MiniOzoneClusterImpl-758e1504-11ab-426e-b149-dc7346353a64/datanode-3/data/ratis/734b81bd-9131-4087-901d-34d90a7ac755: Starting segment from index:0
2019-08-29 09:32:08,808 [95e6fe0d-ba63-44f7-8a45-847da5452504-SegmentedRaftLogWorker:Storage Directory /workdir/hadoop-ozone/integration-test/target/test-dir/MiniOzoneClusterImpl-758e1504-11ab-426e-b149-dc7346353a64/datanode-6/data/ratis/734b81bd-9131-4087-901d-34d90a7ac755] INFO  segmented.SegmentedRaftLogWorker (SegmentedRaftLogWorker.java:execute(569)) - 95e6fe0d-ba63-44f7-8a45-847da5452504-SegmentedRaftLogWorker:Storage Directory /workdir/hadoop-ozone/integration-test/target/test-dir/MiniOzoneClusterImpl-758e1504-11ab-426e-b149-dc7346353a64/datanode-6/data/ratis/734b81bd-9131-4087-901d-34d90a7ac755: created new log segment /workdir/hadoop-ozone/integration-test/target/test-dir/MiniOzoneClusterImpl-758e1504-11ab-426e-b149-dc7346353a64/datanode-6/data/ratis/734b81bd-9131-4087-901d-34d90a7ac755/current/log_inprogress_0
2019-08-29 09:32:08,845 [f5a90a23-db6d-4122-980c-2c6f67b12274-SegmentedRaftLogWorker:Storage Directory /workdir/hadoop-ozone/integration-test/target/test-dir/MiniOzoneClusterImpl-758e1504-11ab-426e-b149-dc7346353a64/datanode-3/data/ratis/734b81bd-9131-4087-901d-34d90a7ac755] INFO  segmented.SegmentedRaftLogWorker (SegmentedRaftLogWorker.java:execute(569)) - f5a90a23-db6d-4122-980c-2c6f67b12274-SegmentedRaftLogWorker:Storage Directory /workdir/hadoop-ozone/integration-test/target/test-dir/MiniOzoneClusterImpl-758e1504-11ab-426e-b149-dc7346353a64/datanode-3/data/ratis/734b81bd-9131-4087-901d-34d90a7ac755: created new log segment /workdir/hadoop-ozone/integration-test/target/test-dir/MiniOzoneClusterImpl-758e1504-11ab-426e-b149-dc7346353a64/datanode-3/data/ratis/734b81bd-9131-4087-901d-34d90a7ac755/current/log_inprogress_0
2019-08-29 09:32:08,845 [04dfc250-5117-40ee-9223-ddc31d2a7fac-SegmentedRaftLogWorker:Storage Directory /workdir/hadoop-ozone/integration-test/target/test-dir/MiniOzoneClusterImpl-758e1504-11ab-426e-b149-dc7346353a64/datanode-4/data/ratis/734b81bd-9131-4087-901d-34d90a7ac755] INFO  segmented.SegmentedRaftLogWorker (SegmentedRaftLogWorker.java:execute(569)) - 04dfc250-5117-40ee-9223-ddc31d2a7fac-SegmentedRaftLogWorker:Storage Directory /workdir/hadoop-ozone/integration-test/target/test-dir/MiniOzoneClusterImpl-758e1504-11ab-426e-b149-dc7346353a64/datanode-4/data/ratis/734b81bd-9131-4087-901d-34d90a7ac755: created new log segment /workdir/hadoop-ozone/integration-test/target/test-dir/MiniOzoneClusterImpl-758e1504-11ab-426e-b149-dc7346353a64/datanode-4/data/ratis/734b81bd-9131-4087-901d-34d90a7ac755/current/log_inprogress_0
2019-08-29 09:32:08,882 | INFO  | DNAudit | user=null | ip=null | op=CREATE_CONTAINER {containerID=1, containerType=KeyValueContainer} | ret=SUCCESS |  
2019-08-29 09:32:08,889 | INFO  | SCMAudit | user=jenkins1000 | ip=192.168.34.42 | op=SEND_HEARTBEAT {datanodeUUID=cffcff0f-2752-46f1-bb20-4150682c084f, command=[]} | ret=SUCCESS |  
2019-08-29 09:32:08,890 [grpc-default-executor-0] INFO  client.GrpcClientProtocolClient (GrpcClientProtocolClient.java:onNext(255)) - client-E9E73D333C91->cffcff0f-2752-46f1-bb20-4150682c084f: receive RaftClientReply:client-E9E73D333C91->cffcff0f-2752-46f1-bb20-4150682c084f@group-38214EFEF1B1, cid=42, SUCCESS, logIndex=1, commits[cffcff0f-2752-46f1-bb20-4150682c084f:c2, 6a76bae0-5bcd-450f-b761-84a239d32397:c1, 814b1e79-91cb-4747-afef-225b562b988f:c1]
2019-08-29 09:32:08,907 | INFO  | DNAudit | user=null | ip=null | op=CREATE_CONTAINER {containerID=1, containerType=KeyValueContainer} | ret=SUCCESS |  
2019-08-29 09:32:08,907 | INFO  | DNAudit | user=null | ip=null | op=CREATE_CONTAINER {containerID=1, containerType=KeyValueContainer} | ret=SUCCESS |  
2019-08-29 09:32:08,908 | INFO  | SCMAudit | user=jenkins1000 | ip=192.168.34.42 | op=SEND_HEARTBEAT {datanodeUUID=6a76bae0-5bcd-450f-b761-84a239d32397, command=[]} | ret=SUCCESS |  
2019-08-29 09:32:08,908 | INFO  | SCMAudit | user=jenkins1000 | ip=192.168.34.42 | op=SEND_HEARTBEAT {datanodeUUID=814b1e79-91cb-4747-afef-225b562b988f, command=[]} | ret=SUCCESS |  
2019-08-29 09:32:08,986 | INFO  | DNAudit | user=null | ip=null | op=CREATE_CONTAINER {containerID=2, containerType=KeyValueContainer} | ret=SUCCESS |  
2019-08-29 09:32:08,992 | INFO  | SCMAudit | user=jenkins1000 | ip=192.168.34.42 | op=SEND_HEARTBEAT {datanodeUUID=cffcff0f-2752-46f1-bb20-4150682c084f, command=[]} | ret=SUCCESS |  
2019-08-29 09:32:08,993 [grpc-default-executor-0] INFO  client.GrpcClientProtocolClient (GrpcClientProtocolClient.java:onNext(255)) - client-E9E73D333C91->cffcff0f-2752-46f1-bb20-4150682c084f: receive RaftClientReply:client-E9E73D333C91->cffcff0f-2752-46f1-bb20-4150682c084f@group-38214EFEF1B1, cid=43, SUCCESS, logIndex=3, commits[cffcff0f-2752-46f1-bb20-4150682c084f:c4, 6a76bae0-5bcd-450f-b761-84a239d32397:c3, 814b1e79-91cb-4747-afef-225b562b988f:c3]
2019-08-29 09:32:09,010 | INFO  | DNAudit | user=null | ip=null | op=CREATE_CONTAINER {containerID=2, containerType=KeyValueContainer} | ret=SUCCESS |  
2019-08-29 09:32:09,010 | INFO  | DNAudit | user=null | ip=null | op=CREATE_CONTAINER {containerID=2, containerType=KeyValueContainer} | ret=SUCCESS |  
2019-08-29 09:32:09,013 | INFO  | SCMAudit | user=jenkins1000 | ip=192.168.34.42 | op=SEND_HEARTBEAT {datanodeUUID=6a76bae0-5bcd-450f-b761-84a239d32397, command=[]} | ret=SUCCESS |  
2019-08-29 09:32:09,013 | INFO  | SCMAudit | user=jenkins1000 | ip=192.168.34.42 | op=SEND_HEARTBEAT {datanodeUUID=814b1e79-91cb-4747-afef-225b562b988f, command=[]} | ret=SUCCESS |  
2019-08-29 09:32:09,071 | INFO  | DNAudit | user=null | ip=null | op=CREATE_CONTAINER {containerID=3, containerType=KeyValueContainer} | ret=SUCCESS |  
2019-08-29 09:32:09,073 | INFO  | SCMAudit | user=jenkins1000 | ip=192.168.34.42 | op=SEND_HEARTBEAT {datanodeUUID=cffcff0f-2752-46f1-bb20-4150682c084f, command=[]} | ret=SUCCESS |  
2019-08-29 09:32:09,074 [grpc-default-executor-0] INFO  client.GrpcClientProtocolClient (GrpcClientProtocolClient.java:onNext(255)) - client-E9E73D333C91->cffcff0f-2752-46f1-bb20-4150682c084f: receive RaftClientReply:client-E9E73D333C91->cffcff0f-2752-46f1-bb20-4150682c084f@group-38214EFEF1B1, cid=44, SUCCESS, logIndex=5, commits[cffcff0f-2752-46f1-bb20-4150682c084f:c6, 6a76bae0-5bcd-450f-b761-84a239d32397:c5, 814b1e79-91cb-4747-afef-225b562b988f:c5]
2019-08-29 09:32:09,105 | INFO  | DNAudit | user=null | ip=null | op=CREATE_CONTAINER {containerID=3, containerType=KeyValueContainer} | ret=SUCCESS |  
2019-08-29 09:32:09,105 | INFO  | DNAudit | user=null | ip=null | op=CREATE_CONTAINER {containerID=3, containerType=KeyValueContainer} | ret=SUCCESS |  
2019-08-29 09:32:09,107 | INFO  | SCMAudit | user=jenkins1000 | ip=192.168.34.42 | op=SEND_HEARTBEAT {datanodeUUID=6a76bae0-5bcd-450f-b761-84a239d32397, command=[]} | ret=SUCCESS |  
2019-08-29 09:32:09,107 | INFO  | SCMAudit | user=jenkins1000 | ip=192.168.34.42 | op=SEND_HEARTBEAT {datanodeUUID=814b1e79-91cb-4747-afef-225b562b988f, command=[]} | ret=SUCCESS |  
2019-08-29 09:32:09,289 | INFO  | SCMAudit | user=jenkins1000 | ip=192.168.34.42 | op=SEND_HEARTBEAT {datanodeUUID=f5a90a23-db6d-4122-980c-2c6f67b12274, command=[]} | ret=SUCCESS |  
2019-08-29 09:32:09,364 | INFO  | SCMAudit | user=jenkins1000 | ip=192.168.34.42 | op=SEND_HEARTBEAT {datanodeUUID=04dfc250-5117-40ee-9223-ddc31d2a7fac, command=[]} | ret=SUCCESS |  
2019-08-29 09:32:09,427 | INFO  | SCMAudit | user=jenkins1000 | ip=192.168.34.42 | op=SEND_HEARTBEAT {datanodeUUID=f5689991-66b6-42db-ba36-9ef251e0e30a, command=[]} | ret=SUCCESS |  
2019-08-29 09:32:09,511 | INFO  | SCMAudit | user=jenkins1000 | ip=192.168.34.42 | op=SEND_HEARTBEAT {datanodeUUID=95e6fe0d-ba63-44f7-8a45-847da5452504, command=[]} | ret=SUCCESS |  
2019-08-29 09:32:10,072 | INFO  | SCMAudit | user=jenkins1000 | ip=192.168.34.42 | op=SEND_HEARTBEAT {datanodeUUID=cffcff0f-2752-46f1-bb20-4150682c084f, command=[]} | ret=SUCCESS |  
2019-08-29 09:32:10,106 | INFO  | SCMAudit | user=jenkins1000 | ip=192.168.34.42 | op=SEND_HEARTBEAT {datanodeUUID=814b1e79-91cb-4747-afef-225b562b988f, command=[]} | ret=SUCCESS |  
2019-08-29 09:32:10,106 | INFO  | SCMAudit | user=jenkins1000 | ip=192.168.34.42 | op=SEND_HEARTBEAT {datanodeUUID=6a76bae0-5bcd-450f-b761-84a239d32397, command=[]} | ret=SUCCESS |  
2019-08-29 09:32:10,289 | INFO  | SCMAudit | user=jenkins1000 | ip=192.168.34.42 | op=SEND_HEARTBEAT {datanodeUUID=f5a90a23-db6d-4122-980c-2c6f67b12274, command=[]} | ret=SUCCESS |  
2019-08-29 09:32:10,362 | INFO  | SCMAudit | user=jenkins1000 | ip=192.168.34.42 | op=SEND_HEARTBEAT {datanodeUUID=04dfc250-5117-40ee-9223-ddc31d2a7fac, command=[]} | ret=SUCCESS |  
2019-08-29 09:32:10,427 | INFO  | SCMAudit | user=jenkins1000 | ip=192.168.34.42 | op=SEND_HEARTBEAT {datanodeUUID=f5689991-66b6-42db-ba36-9ef251e0e30a, command=[]} | ret=SUCCESS |  
2019-08-29 09:32:10,510 | INFO  | SCMAudit | user=jenkins1000 | ip=192.168.34.42 | op=SEND_HEARTBEAT {datanodeUUID=95e6fe0d-ba63-44f7-8a45-847da5452504, command=[]} | ret=SUCCESS |  
2019-08-29 09:32:11,072 | INFO  | SCMAudit | user=jenkins1000 | ip=192.168.34.42 | op=SEND_HEARTBEAT {datanodeUUID=cffcff0f-2752-46f1-bb20-4150682c084f, command=[]} | ret=SUCCESS |  
2019-08-29 09:32:11,105 | INFO  | SCMAudit | user=jenkins1000 | ip=192.168.34.42 | op=SEND_HEARTBEAT {datanodeUUID=814b1e79-91cb-4747-afef-225b562b988f, command=[]} | ret=SUCCESS |  
2019-08-29 09:32:11,105 | INFO  | SCMAudit | user=jenkins1000 | ip=192.168.34.42 | op=SEND_HEARTBEAT {datanodeUUID=6a76bae0-5bcd-450f-b761-84a239d32397, command=[]} | ret=SUCCESS |  
2019-08-29 09:32:11,288 | INFO  | SCMAudit | user=jenkins1000 | ip=192.168.34.42 | op=SEND_HEARTBEAT {datanodeUUID=f5a90a23-db6d-4122-980c-2c6f67b12274, command=[]} | ret=SUCCESS |  
2019-08-29 09:32:11,363 | INFO  | SCMAudit | user=jenkins1000 | ip=192.168.34.42 | op=SEND_HEARTBEAT {datanodeUUID=04dfc250-5117-40ee-9223-ddc31d2a7fac, command=[]} | ret=SUCCESS |  
2019-08-29 09:32:11,428 | INFO  | SCMAudit | user=jenkins1000 | ip=192.168.34.42 | op=SEND_HEARTBEAT {datanodeUUID=f5689991-66b6-42db-ba36-9ef251e0e30a, command=[]} | ret=SUCCESS |  
2019-08-29 09:32:11,511 | INFO  | SCMAudit | user=jenkins1000 | ip=192.168.34.42 | op=SEND_HEARTBEAT {datanodeUUID=95e6fe0d-ba63-44f7-8a45-847da5452504, command=[]} | ret=SUCCESS |  
2019-08-29 09:32:12,073 | INFO  | SCMAudit | user=jenkins1000 | ip=192.168.34.42 | op=SEND_HEARTBEAT {datanodeUUID=cffcff0f-2752-46f1-bb20-4150682c084f, command=[]} | ret=SUCCESS |  
2019-08-29 09:32:12,106 | INFO  | SCMAudit | user=jenkins1000 | ip=192.168.34.42 | op=SEND_HEARTBEAT {datanodeUUID=814b1e79-91cb-4747-afef-225b562b988f, command=[]} | ret=SUCCESS |  
2019-08-29 09:32:12,106 | INFO  | SCMAudit | user=jenkins1000 | ip=192.168.34.42 | op=SEND_HEARTBEAT {datanodeUUID=6a76bae0-5bcd-450f-b761-84a239d32397, command=[]} | ret=SUCCESS |  
2019-08-29 09:32:12,289 | INFO  | SCMAudit | user=jenkins1000 | ip=192.168.34.42 | op=SEND_HEARTBEAT {datanodeUUID=f5a90a23-db6d-4122-980c-2c6f67b12274, command=[]} | ret=SUCCESS |  
2019-08-29 09:32:12,362 | INFO  | SCMAudit | user=jenkins1000 | ip=192.168.34.42 | op=SEND_HEARTBEAT {datanodeUUID=04dfc250-5117-40ee-9223-ddc31d2a7fac, command=[]} | ret=SUCCESS |  
2019-08-29 09:32:12,427 | INFO  | SCMAudit | user=jenkins1000 | ip=192.168.34.42 | op=SEND_HEARTBEAT {datanodeUUID=f5689991-66b6-42db-ba36-9ef251e0e30a, command=[]} | ret=SUCCESS |  
2019-08-29 09:32:12,511 | INFO  | SCMAudit | user=jenkins1000 | ip=192.168.34.42 | op=SEND_HEARTBEAT {datanodeUUID=95e6fe0d-ba63-44f7-8a45-847da5452504, command=[]} | ret=SUCCESS |  
2019-08-29 09:32:13,073 | INFO  | SCMAudit | user=jenkins1000 | ip=192.168.34.42 | op=SEND_HEARTBEAT {datanodeUUID=cffcff0f-2752-46f1-bb20-4150682c084f, command=[]} | ret=SUCCESS |  
2019-08-29 09:32:13,106 | INFO  | SCMAudit | user=jenkins1000 | ip=192.168.34.42 | op=SEND_HEARTBEAT {datanodeUUID=6a76bae0-5bcd-450f-b761-84a239d32397, command=[]} | ret=SUCCESS |  
2019-08-29 09:32:13,107 | INFO  | SCMAudit | user=jenkins1000 | ip=192.168.34.42 | op=SEND_HEARTBEAT {datanodeUUID=814b1e79-91cb-4747-afef-225b562b988f, command=[]} | ret=SUCCESS |  
2019-08-29 09:32:13,289 | INFO  | SCMAudit | user=jenkins1000 | ip=192.168.34.42 | op=SEND_HEARTBEAT {datanodeUUID=f5a90a23-db6d-4122-980c-2c6f67b12274, command=[]} | ret=SUCCESS |  
2019-08-29 09:32:13,363 | INFO  | SCMAudit | user=jenkins1000 | ip=192.168.34.42 | op=SEND_HEARTBEAT {datanodeUUID=04dfc250-5117-40ee-9223-ddc31d2a7fac, command=[]} | ret=SUCCESS |  
2019-08-29 09:32:13,427 | INFO  | SCMAudit | user=jenkins1000 | ip=192.168.34.42 | op=SEND_HEARTBEAT {datanodeUUID=f5689991-66b6-42db-ba36-9ef251e0e30a, command=[]} | ret=SUCCESS |  
2019-08-29 09:32:13,511 | INFO  | SCMAudit | user=jenkins1000 | ip=192.168.34.42 | op=SEND_HEARTBEAT {datanodeUUID=95e6fe0d-ba63-44f7-8a45-847da5452504, command=[]} | ret=SUCCESS |  
2019-08-29 09:32:14,072 | INFO  | SCMAudit | user=jenkins1000 | ip=192.168.34.42 | op=SEND_HEARTBEAT {datanodeUUID=cffcff0f-2752-46f1-bb20-4150682c084f, command=[]} | ret=SUCCESS |  
2019-08-29 09:32:14,106 | INFO  | SCMAudit | user=jenkins1000 | ip=192.168.34.42 | op=SEND_HEARTBEAT {datanodeUUID=814b1e79-91cb-4747-afef-225b562b988f, command=[]} | ret=SUCCESS |  
2019-08-29 09:32:14,107 | INFO  | SCMAudit | user=jenkins1000 | ip=192.168.34.42 | op=SEND_HEARTBEAT {datanodeUUID=6a76bae0-5bcd-450f-b761-84a239d32397, command=[]} | ret=SUCCESS |  
2019-08-29 09:32:14,126 [grpc-default-executor-4] INFO  client.GrpcClientProtocolClient (GrpcClientProtocolClient.java:onNext(255)) - client-E9E73D333C91->6a76bae0-5bcd-450f-b761-84a239d32397: receive RaftClientReply:client-E9E73D333C91->6a76bae0-5bcd-450f-b761-84a239d32397@group-38214EFEF1B1, cid=45, FAILED org.apache.ratis.protocol.NotLeaderException: Server 6a76bae0-5bcd-450f-b761-84a239d32397 is not the leader (cffcff0f-2752-46f1-bb20-4150682c084f:192.168.34.42:36452). Request must be sent to leader., logIndex=0, commits[6a76bae0-5bcd-450f-b761-84a239d32397:c8, 814b1e79-91cb-4747-afef-225b562b988f:c7, cffcff0f-2752-46f1-bb20-4150682c084f:c8]
2019-08-29 09:32:14,290 | INFO  | SCMAudit | user=jenkins1000 | ip=192.168.34.42 | op=SEND_HEARTBEAT {datanodeUUID=f5a90a23-db6d-4122-980c-2c6f67b12274, command=[]} | ret=SUCCESS |  
2019-08-29 09:32:14,363 | INFO  | SCMAudit | user=jenkins1000 | ip=192.168.34.42 | op=SEND_HEARTBEAT {datanodeUUID=04dfc250-5117-40ee-9223-ddc31d2a7fac, command=[]} | ret=SUCCESS |  
2019-08-29 09:32:14,427 | INFO  | SCMAudit | user=jenkins1000 | ip=192.168.34.42 | op=SEND_HEARTBEAT {datanodeUUID=f5689991-66b6-42db-ba36-9ef251e0e30a, command=[]} | ret=SUCCESS |  
2019-08-29 09:32:14,511 | INFO  | SCMAudit | user=jenkins1000 | ip=192.168.34.42 | op=SEND_HEARTBEAT {datanodeUUID=95e6fe0d-ba63-44f7-8a45-847da5452504, command=[]} | ret=SUCCESS |  
2019-08-29 09:32:15,072 | INFO  | SCMAudit | user=jenkins1000 | ip=192.168.34.42 | op=SEND_HEARTBEAT {datanodeUUID=cffcff0f-2752-46f1-bb20-4150682c084f, command=[]} | ret=SUCCESS |  
2019-08-29 09:32:15,107 | INFO  | SCMAudit | user=jenkins1000 | ip=192.168.34.42 | op=SEND_HEARTBEAT {datanodeUUID=6a76bae0-5bcd-450f-b761-84a239d32397, command=[]} | ret=SUCCESS |  
2019-08-29 09:32:15,107 | INFO  | SCMAudit | user=jenkins1000 | ip=192.168.34.42 | op=SEND_HEARTBEAT {datanodeUUID=814b1e79-91cb-4747-afef-225b562b988f, command=[]} | ret=SUCCESS |  
2019-08-29 09:32:15,290 | INFO  | SCMAudit | user=jenkins1000 | ip=192.168.34.42 | op=SEND_HEARTBEAT {datanodeUUID=f5a90a23-db6d-4122-980c-2c6f67b12274, command=[]} | ret=SUCCESS |  
2019-08-29 09:32:15,363 | INFO  | SCMAudit | user=jenkins1000 | ip=192.168.34.42 | op=SEND_HEARTBEAT {datanodeUUID=04dfc250-5117-40ee-9223-ddc31d2a7fac, command=[]} | ret=SUCCESS |  
2019-08-29 09:32:15,426 | INFO  | SCMAudit | user=jenkins1000 | ip=192.168.34.42 | op=SEND_HEARTBEAT {datanodeUUID=f5689991-66b6-42db-ba36-9ef251e0e30a, command=[]} | ret=SUCCESS |  
2019-08-29 09:32:15,511 | INFO  | SCMAudit | user=jenkins1000 | ip=192.168.34.42 | op=SEND_HEARTBEAT {datanodeUUID=95e6fe0d-ba63-44f7-8a45-847da5452504, command=[]} | ret=SUCCESS |  
2019-08-29 09:32:16,073 | INFO  | SCMAudit | user=jenkins1000 | ip=192.168.34.42 | op=SEND_HEARTBEAT {datanodeUUID=cffcff0f-2752-46f1-bb20-4150682c084f, command=[]} | ret=SUCCESS |  
2019-08-29 09:32:16,106 | INFO  | SCMAudit | user=jenkins1000 | ip=192.168.34.42 | op=SEND_HEARTBEAT {datanodeUUID=814b1e79-91cb-4747-afef-225b562b988f, command=[]} | ret=SUCCESS |  
2019-08-29 09:32:16,106 | INFO  | SCMAudit | user=jenkins1000 | ip=192.168.34.42 | op=SEND_HEARTBEAT {datanodeUUID=6a76bae0-5bcd-450f-b761-84a239d32397, command=[]} | ret=SUCCESS |  
2019-08-29 09:32:16,290 | INFO  | SCMAudit | user=jenkins1000 | ip=192.168.34.42 | op=SEND_HEARTBEAT {datanodeUUID=f5a90a23-db6d-4122-980c-2c6f67b12274, command=[]} | ret=SUCCESS |  
2019-08-29 09:32:16,363 | INFO  | SCMAudit | user=jenkins1000 | ip=192.168.34.42 | op=SEND_HEARTBEAT {datanodeUUID=04dfc250-5117-40ee-9223-ddc31d2a7fac, command=[]} | ret=SUCCESS |  
2019-08-29 09:32:16,427 | INFO  | SCMAudit | user=jenkins1000 | ip=192.168.34.42 | op=SEND_HEARTBEAT {datanodeUUID=f5689991-66b6-42db-ba36-9ef251e0e30a, command=[]} | ret=SUCCESS |  
2019-08-29 09:32:16,512 | INFO  | SCMAudit | user=jenkins1000 | ip=192.168.34.42 | op=SEND_HEARTBEAT {datanodeUUID=95e6fe0d-ba63-44f7-8a45-847da5452504, command=[]} | ret=SUCCESS |  
2019-08-29 09:32:17,072 | INFO  | SCMAudit | user=jenkins1000 | ip=192.168.34.42 | op=SEND_HEARTBEAT {datanodeUUID=cffcff0f-2752-46f1-bb20-4150682c084f, command=[]} | ret=SUCCESS |  
2019-08-29 09:32:17,107 | INFO  | SCMAudit | user=jenkins1000 | ip=192.168.34.42 | op=SEND_HEARTBEAT {datanodeUUID=814b1e79-91cb-4747-afef-225b562b988f, command=[]} | ret=SUCCESS |  
2019-08-29 09:32:17,107 | INFO  | SCMAudit | user=jenkins1000 | ip=192.168.34.42 | op=SEND_HEARTBEAT {datanodeUUID=6a76bae0-5bcd-450f-b761-84a239d32397, command=[]} | ret=SUCCESS |  
2019-08-29 09:32:17,291 | INFO  | SCMAudit | user=jenkins1000 | ip=192.168.34.42 | op=SEND_HEARTBEAT {datanodeUUID=f5a90a23-db6d-4122-980c-2c6f67b12274, command=[]} | ret=SUCCESS |  
2019-08-29 09:32:17,364 | INFO  | SCMAudit | user=jenkins1000 | ip=192.168.34.42 | op=SEND_HEARTBEAT {datanodeUUID=04dfc250-5117-40ee-9223-ddc31d2a7fac, command=[]} | ret=SUCCESS |  
2019-08-29 09:32:17,426 | INFO  | SCMAudit | user=jenkins1000 | ip=192.168.34.42 | op=SEND_HEARTBEAT {datanodeUUID=f5689991-66b6-42db-ba36-9ef251e0e30a, command=[]} | ret=SUCCESS |  
2019-08-29 09:32:17,512 | INFO  | SCMAudit | user=jenkins1000 | ip=192.168.34.42 | op=SEND_HEARTBEAT {datanodeUUID=95e6fe0d-ba63-44f7-8a45-847da5452504, command=[]} | ret=SUCCESS |  
2019-08-29 09:32:18,073 | INFO  | SCMAudit | user=jenkins1000 | ip=192.168.34.42 | op=SEND_HEARTBEAT {datanodeUUID=cffcff0f-2752-46f1-bb20-4150682c084f, command=[]} | ret=SUCCESS |  
2019-08-29 09:32:18,107 | INFO  | SCMAudit | user=jenkins1000 | ip=192.168.34.42 | op=SEND_HEARTBEAT {datanodeUUID=814b1e79-91cb-4747-afef-225b562b988f, command=[]} | ret=SUCCESS |  
2019-08-29 09:32:18,107 | INFO  | SCMAudit | user=jenkins1000 | ip=192.168.34.42 | op=SEND_HEARTBEAT {datanodeUUID=6a76bae0-5bcd-450f-b761-84a239d32397, command=[]} | ret=SUCCESS |  
2019-08-29 09:32:18,290 | INFO  | SCMAudit | user=jenkins1000 | ip=192.168.34.42 | op=SEND_HEARTBEAT {datanodeUUID=f5a90a23-db6d-4122-980c-2c6f67b12274, command=[]} | ret=SUCCESS |  
2019-08-29 09:32:18,363 | INFO  | SCMAudit | user=jenkins1000 | ip=192.168.34.42 | op=SEND_HEARTBEAT {datanodeUUID=04dfc250-5117-40ee-9223-ddc31d2a7fac, command=[]} | ret=SUCCESS |  
2019-08-29 09:32:18,427 | INFO  | SCMAudit | user=jenkins1000 | ip=192.168.34.42 | op=SEND_HEARTBEAT {datanodeUUID=f5689991-66b6-42db-ba36-9ef251e0e30a, command=[]} | ret=SUCCESS |  
2019-08-29 09:32:18,512 | INFO  | SCMAudit | user=jenkins1000 | ip=192.168.34.42 | op=SEND_HEARTBEAT {datanodeUUID=95e6fe0d-ba63-44f7-8a45-847da5452504, command=[]} | ret=SUCCESS |  
2019-08-29 09:32:19,072 | INFO  | SCMAudit | user=jenkins1000 | ip=192.168.34.42 | op=SEND_HEARTBEAT {datanodeUUID=cffcff0f-2752-46f1-bb20-4150682c084f, command=[]} | ret=SUCCESS |  
2019-08-29 09:32:19,106 | INFO  | SCMAudit | user=jenkins1000 | ip=192.168.34.42 | op=SEND_HEARTBEAT {datanodeUUID=814b1e79-91cb-4747-afef-225b562b988f, command=[]} | ret=SUCCESS |  
2019-08-29 09:32:19,106 | INFO  | SCMAudit | user=jenkins1000 | ip=192.168.34.42 | op=SEND_HEARTBEAT {datanodeUUID=6a76bae0-5bcd-450f-b761-84a239d32397, command=[]} | ret=SUCCESS |  
2019-08-29 09:32:19,161 [grpc-default-executor-0] INFO  client.GrpcClientProtocolClient (GrpcClientProtocolClient.java:onNext(255)) - client-E9E73D333C91->814b1e79-91cb-4747-afef-225b562b988f: receive RaftClientReply:client-E9E73D333C91->814b1e79-91cb-4747-afef-225b562b988f@group-38214EFEF1B1, cid=45, FAILED org.apache.ratis.protocol.NotLeaderException: Server 814b1e79-91cb-4747-afef-225b562b988f is not the leader (cffcff0f-2752-46f1-bb20-4150682c084f:192.168.34.42:36452). Request must be sent to leader., logIndex=0, commits[814b1e79-91cb-4747-afef-225b562b988f:c8, 6a76bae0-5bcd-450f-b761-84a239d32397:c8, cffcff0f-2752-46f1-bb20-4150682c084f:c8]
2019-08-29 09:32:19,291 | INFO  | SCMAudit | user=jenkins1000 | ip=192.168.34.42 | op=SEND_HEARTBEAT {datanodeUUID=f5a90a23-db6d-4122-980c-2c6f67b12274, command=[]} | ret=SUCCESS |  
2019-08-29 09:32:19,363 | INFO  | SCMAudit | user=jenkins1000 | ip=192.168.34.42 | op=SEND_HEARTBEAT {datanodeUUID=04dfc250-5117-40ee-9223-ddc31d2a7fac, command=[]} | ret=SUCCESS |  
2019-08-29 09:32:19,426 | INFO  | SCMAudit | user=jenkins1000 | ip=192.168.34.42 | op=SEND_HEARTBEAT {datanodeUUID=f5689991-66b6-42db-ba36-9ef251e0e30a, command=[]} | ret=SUCCESS |  
2019-08-29 09:32:19,512 | INFO  | SCMAudit | user=jenkins1000 | ip=192.168.34.42 | op=SEND_HEARTBEAT {datanodeUUID=95e6fe0d-ba63-44f7-8a45-847da5452504, command=[]} | ret=SUCCESS |  
2019-08-29 09:32:20,073 | INFO  | SCMAudit | user=jenkins1000 | ip=192.168.34.42 | op=SEND_HEARTBEAT {datanodeUUID=cffcff0f-2752-46f1-bb20-4150682c084f, command=[]} | ret=SUCCESS |  
2019-08-29 09:32:20,107 | INFO  | SCMAudit | user=jenkins1000 | ip=192.168.34.42 | op=SEND_HEARTBEAT {datanodeUUID=814b1e79-91cb-4747-afef-225b562b988f, command=[]} | ret=SUCCESS |  
2019-08-29 09:32:20,107 | INFO  | SCMAudit | user=jenkins1000 | ip=192.168.34.42 | op=SEND_HEARTBEAT {datanodeUUID=6a76bae0-5bcd-450f-b761-84a239d32397, command=[]} | ret=SUCCESS |  
2019-08-29 09:32:20,290 | INFO  | SCMAudit | user=jenkins1000 | ip=192.168.34.42 | op=SEND_HEARTBEAT {datanodeUUID=f5a90a23-db6d-4122-980c-2c6f67b12274, command=[]} | ret=SUCCESS |  
2019-08-29 09:32:20,364 | INFO  | SCMAudit | user=jenkins1000 | ip=192.168.34.42 | op=SEND_HEARTBEAT {datanodeUUID=04dfc250-5117-40ee-9223-ddc31d2a7fac, command=[]} | ret=SUCCESS |  
2019-08-29 09:32:20,427 | INFO  | SCMAudit | user=jenkins1000 | ip=192.168.34.42 | op=SEND_HEARTBEAT {datanodeUUID=f5689991-66b6-42db-ba36-9ef251e0e30a, command=[]} | ret=SUCCESS |  
2019-08-29 09:32:20,513 | INFO  | SCMAudit | user=jenkins1000 | ip=192.168.34.42 | op=SEND_HEARTBEAT {datanodeUUID=95e6fe0d-ba63-44f7-8a45-847da5452504, command=[]} | ret=SUCCESS |  
2019-08-29 09:32:21,072 | INFO  | SCMAudit | user=jenkins1000 | ip=192.168.34.42 | op=SEND_HEARTBEAT {datanodeUUID=cffcff0f-2752-46f1-bb20-4150682c084f, command=[]} | ret=SUCCESS |  
2019-08-29 09:32:21,106 | INFO  | SCMAudit | user=jenkins1000 | ip=192.168.34.42 | op=SEND_HEARTBEAT {datanodeUUID=814b1e79-91cb-4747-afef-225b562b988f, command=[]} | ret=SUCCESS |  
2019-08-29 09:32:21,106 | INFO  | SCMAudit | user=jenkins1000 | ip=192.168.34.42 | op=SEND_HEARTBEAT {datanodeUUID=6a76bae0-5bcd-450f-b761-84a239d32397, command=[]} | ret=SUCCESS |  
2019-08-29 09:32:21,291 | INFO  | SCMAudit | user=jenkins1000 | ip=192.168.34.42 | op=SEND_HEARTBEAT {datanodeUUID=f5a90a23-db6d-4122-980c-2c6f67b12274, command=[]} | ret=SUCCESS |  
2019-08-29 09:32:21,363 | INFO  | SCMAudit | user=jenkins1000 | ip=192.168.34.42 | op=SEND_HEARTBEAT {datanodeUUID=04dfc250-5117-40ee-9223-ddc31d2a7fac, command=[]} | ret=SUCCESS |  
2019-08-29 09:32:21,426 | INFO  | SCMAudit | user=jenkins1000 | ip=192.168.34.42 | op=SEND_HEARTBEAT {datanodeUUID=f5689991-66b6-42db-ba36-9ef251e0e30a, command=[]} | ret=SUCCESS |  
2019-08-29 09:32:21,513 | INFO  | SCMAudit | user=jenkins1000 | ip=192.168.34.42 | op=SEND_HEARTBEAT {datanodeUUID=95e6fe0d-ba63-44f7-8a45-847da5452504, command=[]} | ret=SUCCESS |  
2019-08-29 09:32:22,072 | INFO  | SCMAudit | user=jenkins1000 | ip=192.168.34.42 | op=SEND_HEARTBEAT {datanodeUUID=cffcff0f-2752-46f1-bb20-4150682c084f, command=[]} | ret=SUCCESS |  
2019-08-29 09:32:22,107 | INFO  | SCMAudit | user=jenkins1000 | ip=192.168.34.42 | op=SEND_HEARTBEAT {datanodeUUID=6a76bae0-5bcd-450f-b761-84a239d32397, command=[]} | ret=SUCCESS |  
2019-08-29 09:32:22,107 | INFO  | SCMAudit | user=jenkins1000 | ip=192.168.34.42 | op=SEND_HEARTBEAT {datanodeUUID=814b1e79-91cb-4747-afef-225b562b988f, command=[]} | ret=SUCCESS |  
2019-08-29 09:32:22,291 | INFO  | SCMAudit | user=jenkins1000 | ip=192.168.34.42 | op=SEND_HEARTBEAT {datanodeUUID=f5a90a23-db6d-4122-980c-2c6f67b12274, command=[]} | ret=SUCCESS |  
2019-08-29 09:32:22,364 | INFO  | SCMAudit | user=jenkins1000 | ip=192.168.34.42 | op=SEND_HEARTBEAT {datanodeUUID=04dfc250-5117-40ee-9223-ddc31d2a7fac, command=[]} | ret=SUCCESS |  
2019-08-29 09:32:22,426 | INFO  | SCMAudit | user=jenkins1000 | ip=192.168.34.42 | op=SEND_HEARTBEAT {datanodeUUID=f5689991-66b6-42db-ba36-9ef251e0e30a, command=[]} | ret=SUCCESS |  
2019-08-29 09:32:22,512 | INFO  | SCMAudit | user=jenkins1000 | ip=192.168.34.42 | op=SEND_HEARTBEAT {datanodeUUID=95e6fe0d-ba63-44f7-8a45-847da5452504, command=[]} | ret=SUCCESS |  
2019-08-29 09:32:23,073 | INFO  | SCMAudit | user=jenkins1000 | ip=192.168.34.42 | op=SEND_HEARTBEAT {datanodeUUID=cffcff0f-2752-46f1-bb20-4150682c084f, command=[]} | ret=SUCCESS |  
2019-08-29 09:32:23,106 | INFO  | SCMAudit | user=jenkins1000 | ip=192.168.34.42 | op=SEND_HEARTBEAT {datanodeUUID=6a76bae0-5bcd-450f-b761-84a239d32397, command=[]} | ret=SUCCESS |  
2019-08-29 09:32:23,106 | INFO  | SCMAudit | user=jenkins1000 | ip=192.168.34.42 | op=SEND_HEARTBEAT {datanodeUUID=814b1e79-91cb-4747-afef-225b562b988f, command=[]} | ret=SUCCESS |  
2019-08-29 09:32:23,291 | INFO  | SCMAudit | user=jenkins1000 | ip=192.168.34.42 | op=SEND_HEARTBEAT {datanodeUUID=f5a90a23-db6d-4122-980c-2c6f67b12274, command=[]} | ret=SUCCESS |  
2019-08-29 09:32:23,364 | INFO  | SCMAudit | user=jenkins1000 | ip=192.168.34.42 | op=SEND_HEARTBEAT {datanodeUUID=04dfc250-5117-40ee-9223-ddc31d2a7fac, command=[]} | ret=SUCCESS |  
2019-08-29 09:32:23,427 | INFO  | SCMAudit | user=jenkins1000 | ip=192.168.34.42 | op=SEND_HEARTBEAT {datanodeUUID=f5689991-66b6-42db-ba36-9ef251e0e30a, command=[]} | ret=SUCCESS |  
2019-08-29 09:32:23,513 | INFO  | SCMAudit | user=jenkins1000 | ip=192.168.34.42 | op=SEND_HEARTBEAT {datanodeUUID=95e6fe0d-ba63-44f7-8a45-847da5452504, command=[]} | ret=SUCCESS |  
2019-08-29 09:32:24,072 | INFO  | SCMAudit | user=jenkins1000 | ip=192.168.34.42 | op=SEND_HEARTBEAT {datanodeUUID=cffcff0f-2752-46f1-bb20-4150682c084f, command=[]} | ret=SUCCESS |  
2019-08-29 09:32:24,107 | INFO  | SCMAudit | user=jenkins1000 | ip=192.168.34.42 | op=SEND_HEARTBEAT {datanodeUUID=814b1e79-91cb-4747-afef-225b562b988f, command=[]} | ret=SUCCESS |  
2019-08-29 09:32:24,107 | INFO  | SCMAudit | user=jenkins1000 | ip=192.168.34.42 | op=SEND_HEARTBEAT {datanodeUUID=6a76bae0-5bcd-450f-b761-84a239d32397, command=[]} | ret=SUCCESS |  
2019-08-29 09:32:24,195 [grpc-default-executor-0] INFO  client.GrpcClientProtocolClient (GrpcClientProtocolClient.java:onNext(255)) - client-E9E73D333C91->6a76bae0-5bcd-450f-b761-84a239d32397: receive RaftClientReply:client-E9E73D333C91->6a76bae0-5bcd-450f-b761-84a239d32397@group-38214EFEF1B1, cid=45, FAILED org.apache.ratis.protocol.NotLeaderException: Server 6a76bae0-5bcd-450f-b761-84a239d32397 is not the leader (cffcff0f-2752-46f1-bb20-4150682c084f:192.168.34.42:36452). Request must be sent to leader., logIndex=0, commits[6a76bae0-5bcd-450f-b761-84a239d32397:c8, 814b1e79-91cb-4747-afef-225b562b988f:c8, cffcff0f-2752-46f1-bb20-4150682c084f:c8]
2019-08-29 09:32:24,291 | INFO  | SCMAudit | user=jenkins1000 | ip=192.168.34.42 | op=SEND_HEARTBEAT {datanodeUUID=f5a90a23-db6d-4122-980c-2c6f67b12274, command=[]} | ret=SUCCESS |  
2019-08-29 09:32:24,364 | INFO  | SCMAudit | user=jenkins1000 | ip=192.168.34.42 | op=SEND_HEARTBEAT {datanodeUUID=04dfc250-5117-40ee-9223-ddc31d2a7fac, command=[]} | ret=SUCCESS |  
2019-08-29 09:32:24,426 | INFO  | SCMAudit | user=jenkins1000 | ip=192.168.34.42 | op=SEND_HEARTBEAT {datanodeUUID=f5689991-66b6-42db-ba36-9ef251e0e30a, command=[]} | ret=SUCCESS |  
2019-08-29 09:32:24,513 | INFO  | SCMAudit | user=jenkins1000 | ip=192.168.34.42 | op=SEND_HEARTBEAT {datanodeUUID=95e6fe0d-ba63-44f7-8a45-847da5452504, command=[]} | ret=SUCCESS |  
2019-08-29 09:32:25,073 | INFO  | SCMAudit | user=jenkins1000 | ip=192.168.34.42 | op=SEND_HEARTBEAT {datanodeUUID=cffcff0f-2752-46f1-bb20-4150682c084f, command=[]} | ret=SUCCESS |  
2019-08-29 09:32:25,106 | INFO  | SCMAudit | user=jenkins1000 | ip=192.168.34.42 | op=SEND_HEARTBEAT {datanodeUUID=814b1e79-91cb-4747-afef-225b562b988f, command=[]} | ret=SUCCESS |  
2019-08-29 09:32:25,106 | INFO  | SCMAudit | user=jenkins1000 | ip=192.168.34.42 | op=SEND_HEARTBEAT {datanodeUUID=6a76bae0-5bcd-450f-b761-84a239d32397, command=[]} | ret=SUCCESS |  
2019-08-29 09:32:25,291 | INFO  | SCMAudit | user=jenkins1000 | ip=192.168.34.42 | op=SEND_HEARTBEAT {datanodeUUID=f5a90a23-db6d-4122-980c-2c6f67b12274, command=[]} | ret=SUCCESS |  
2019-08-29 09:32:25,364 | INFO  | SCMAudit | user=jenkins1000 | ip=192.168.34.42 | op=SEND_HEARTBEAT {datanodeUUID=04dfc250-5117-40ee-9223-ddc31d2a7fac, command=[]} | ret=SUCCESS |  
2019-08-29 09:32:25,427 | INFO  | SCMAudit | user=jenkins1000 | ip=192.168.34.42 | op=SEND_HEARTBEAT {datanodeUUID=f5689991-66b6-42db-ba36-9ef251e0e30a, command=[]} | ret=SUCCESS |  
2019-08-29 09:32:25,513 | INFO  | SCMAudit | user=jenkins1000 | ip=192.168.34.42 | op=SEND_HEARTBEAT {datanodeUUID=95e6fe0d-ba63-44f7-8a45-847da5452504, command=[]} | ret=SUCCESS |  
2019-08-29 09:32:26,072 | INFO  | SCMAudit | user=jenkins1000 | ip=192.168.34.42 | op=SEND_HEARTBEAT {datanodeUUID=cffcff0f-2752-46f1-bb20-4150682c084f, command=[]} | ret=SUCCESS |  
2019-08-29 09:32:26,107 | INFO  | SCMAudit | user=jenkins1000 | ip=192.168.34.42 | op=SEND_HEARTBEAT {datanodeUUID=814b1e79-91cb-4747-afef-225b562b988f, command=[]} | ret=SUCCESS |  
2019-08-29 09:32:26,107 | INFO  | SCMAudit | user=jenkins1000 | ip=192.168.34.42 | op=SEND_HEARTBEAT {datanodeUUID=6a76bae0-5bcd-450f-b761-84a239d32397, command=[]} | ret=SUCCESS |  
2019-08-29 09:32:26,291 | INFO  | SCMAudit | user=jenkins1000 | ip=192.168.34.42 | op=SEND_HEARTBEAT {datanodeUUID=f5a90a23-db6d-4122-980c-2c6f67b12274, command=[]} | ret=SUCCESS |  
2019-08-29 09:32:26,364 | INFO  | SCMAudit | user=jenkins1000 | ip=192.168.34.42 | op=SEND_HEARTBEAT {datanodeUUID=04dfc250-5117-40ee-9223-ddc31d2a7fac, command=[]} | ret=SUCCESS |  
2019-08-29 09:32:26,427 | INFO  | SCMAudit | user=jenkins1000 | ip=192.168.34.42 | op=SEND_HEARTBEAT {datanodeUUID=f5689991-66b6-42db-ba36-9ef251e0e30a, command=[]} | ret=SUCCESS |  
2019-08-29 09:32:26,513 | INFO  | SCMAudit | user=jenkins1000 | ip=192.168.34.42 | op=SEND_HEARTBEAT {datanodeUUID=95e6fe0d-ba63-44f7-8a45-847da5452504, command=[]} | ret=SUCCESS |  
2019-08-29 09:32:27,073 | INFO  | SCMAudit | user=jenkins1000 | ip=192.168.34.42 | op=SEND_HEARTBEAT {datanodeUUID=cffcff0f-2752-46f1-bb20-4150682c084f, command=[]} | ret=SUCCESS |  
2019-08-29 09:32:27,106 | INFO  | SCMAudit | user=jenkins1000 | ip=192.168.34.42 | op=SEND_HEARTBEAT {datanodeUUID=6a76bae0-5bcd-450f-b761-84a239d32397, command=[]} | ret=SUCCESS |  
2019-08-29 09:32:27,107 | INFO  | SCMAudit | user=jenkins1000 | ip=192.168.34.42 | op=SEND_HEARTBEAT {datanodeUUID=814b1e79-91cb-4747-afef-225b562b988f, command=[]} | ret=SUCCESS |  
2019-08-29 09:32:27,291 | INFO  | SCMAudit | user=jenkins1000 | ip=192.168.34.42 | op=SEND_HEARTBEAT {datanodeUUID=f5a90a23-db6d-4122-980c-2c6f67b12274, command=[]} | ret=SUCCESS |  
2019-08-29 09:32:27,365 | INFO  | SCMAudit | user=jenkins1000 | ip=192.168.34.42 | op=SEND_HEARTBEAT {datanodeUUID=04dfc250-5117-40ee-9223-ddc31d2a7fac, command=[]} | ret=SUCCESS |  
2019-08-29 09:32:27,426 | INFO  | SCMAudit | user=jenkins1000 | ip=192.168.34.42 | op=SEND_HEARTBEAT {datanodeUUID=f5689991-66b6-42db-ba36-9ef251e0e30a, command=[]} | ret=SUCCESS |  
2019-08-29 09:32:27,513 | INFO  | SCMAudit | user=jenkins1000 | ip=192.168.34.42 | op=SEND_HEARTBEAT {datanodeUUID=95e6fe0d-ba63-44f7-8a45-847da5452504, command=[]} | ret=SUCCESS |  
2019-08-29 09:32:28,073 | INFO  | SCMAudit | user=jenkins1000 | ip=192.168.34.42 | op=SEND_HEARTBEAT {datanodeUUID=cffcff0f-2752-46f1-bb20-4150682c084f, command=[]} | ret=SUCCESS |  
2019-08-29 09:32:28,107 | INFO  | SCMAudit | user=jenkins1000 | ip=192.168.34.42 | op=SEND_HEARTBEAT {datanodeUUID=6a76bae0-5bcd-450f-b761-84a239d32397, command=[]} | ret=SUCCESS |  
2019-08-29 09:32:28,107 | INFO  | SCMAudit | user=jenkins1000 | ip=192.168.34.42 | op=SEND_HEARTBEAT {datanodeUUID=814b1e79-91cb-4747-afef-225b562b988f, command=[]} | ret=SUCCESS |  
2019-08-29 09:32:28,291 | INFO  | SCMAudit | user=jenkins1000 | ip=192.168.34.42 | op=SEND_HEARTBEAT {datanodeUUID=f5a90a23-db6d-4122-980c-2c6f67b12274, command=[]} | ret=SUCCESS |  
2019-08-29 09:32:28,365 | INFO  | SCMAudit | user=jenkins1000 | ip=192.168.34.42 | op=SEND_HEARTBEAT {datanodeUUID=04dfc250-5117-40ee-9223-ddc31d2a7fac, command=[]} | ret=SUCCESS |  
2019-08-29 09:32:28,427 | INFO  | SCMAudit | user=jenkins1000 | ip=192.168.34.42 | op=SEND_HEARTBEAT {datanodeUUID=f5689991-66b6-42db-ba36-9ef251e0e30a, command=[]} | ret=SUCCESS |  
2019-08-29 09:32:28,513 | INFO  | SCMAudit | user=jenkins1000 | ip=192.168.34.42 | op=SEND_HEARTBEAT {datanodeUUID=95e6fe0d-ba63-44f7-8a45-847da5452504, command=[]} | ret=SUCCESS |  
2019-08-29 09:32:29,073 | INFO  | SCMAudit | user=jenkins1000 | ip=192.168.34.42 | op=SEND_HEARTBEAT {datanodeUUID=cffcff0f-2752-46f1-bb20-4150682c084f, command=[]} | ret=SUCCESS |  
2019-08-29 09:32:29,106 | INFO  | SCMAudit | user=jenkins1000 | ip=192.168.34.42 | op=SEND_HEARTBEAT {datanodeUUID=6a76bae0-5bcd-450f-b761-84a239d32397, command=[]} | ret=SUCCESS |  
2019-08-29 09:32:29,108 | INFO  | SCMAudit | user=jenkins1000 | ip=192.168.34.42 | op=SEND_HEARTBEAT {datanodeUUID=814b1e79-91cb-4747-afef-225b562b988f, command=[]} | ret=SUCCESS |  
2019-08-29 09:32:29,235 [grpc-default-executor-0] INFO  client.GrpcClientProtocolClient (GrpcClientProtocolClient.java:onNext(255)) - client-E9E73D333C91->6a76bae0-5bcd-450f-b761-84a239d32397: receive RaftClientReply:client-E9E73D333C91->6a76bae0-5bcd-450f-b761-84a239d32397@group-38214EFEF1B1, cid=45, FAILED org.apache.ratis.protocol.NotLeaderException: Server 6a76bae0-5bcd-450f-b761-84a239d32397 is not the leader (cffcff0f-2752-46f1-bb20-4150682c084f:192.168.34.42:36452). Request must be sent to leader., logIndex=0, commits[6a76bae0-5bcd-450f-b761-84a239d32397:c8, 814b1e79-91cb-4747-afef-225b562b988f:c8, cffcff0f-2752-46f1-bb20-4150682c084f:c8]
2019-08-29 09:32:29,290 | INFO  | SCMAudit | user=jenkins1000 | ip=192.168.34.42 | op=SEND_HEARTBEAT {datanodeUUID=f5a90a23-db6d-4122-980c-2c6f67b12274, command=[]} | ret=SUCCESS |  
2019-08-29 09:32:29,364 | INFO  | SCMAudit | user=jenkins1000 | ip=192.168.34.42 | op=SEND_HEARTBEAT {datanodeUUID=04dfc250-5117-40ee-9223-ddc31d2a7fac, command=[]} | ret=SUCCESS |  
2019-08-29 09:32:29,427 | INFO  | SCMAudit | user=jenkins1000 | ip=192.168.34.42 | op=SEND_HEARTBEAT {datanodeUUID=f5689991-66b6-42db-ba36-9ef251e0e30a, command=[]} | ret=SUCCESS |  
2019-08-29 09:32:29,514 | INFO  | SCMAudit | user=jenkins1000 | ip=192.168.34.42 | op=SEND_HEARTBEAT {datanodeUUID=95e6fe0d-ba63-44f7-8a45-847da5452504, command=[]} | ret=SUCCESS |  
2019-08-29 09:32:30,072 | INFO  | SCMAudit | user=jenkins1000 | ip=192.168.34.42 | op=SEND_HEARTBEAT {datanodeUUID=cffcff0f-2752-46f1-bb20-4150682c084f, command=[]} | ret=SUCCESS |  
2019-08-29 09:32:30,107 | INFO  | SCMAudit | user=jenkins1000 | ip=192.168.34.42 | op=SEND_HEARTBEAT {datanodeUUID=6a76bae0-5bcd-450f-b761-84a239d32397, command=[]} | ret=SUCCESS |  
2019-08-29 09:32:30,108 | INFO  | SCMAudit | user=jenkins1000 | ip=192.168.34.42 | op=SEND_HEARTBEAT {datanodeUUID=814b1e79-91cb-4747-afef-225b562b988f, command=[]} | ret=SUCCESS |  
2019-08-29 09:32:30,291 | INFO  | SCMAudit | user=jenkins1000 | ip=192.168.34.42 | op=SEND_HEARTBEAT {datanodeUUID=f5a90a23-db6d-4122-980c-2c6f67b12274, command=[]} | ret=SUCCESS |  
2019-08-29 09:32:30,365 | INFO  | SCMAudit | user=jenkins1000 | ip=192.168.34.42 | op=SEND_HEARTBEAT {datanodeUUID=04dfc250-5117-40ee-9223-ddc31d2a7fac, command=[]} | ret=SUCCESS |  
2019-08-29 09:32:30,427 | INFO  | SCMAudit | user=jenkins1000 | ip=192.168.34.42 | op=SEND_HEARTBEAT {datanodeUUID=f5689991-66b6-42db-ba36-9ef251e0e30a, command=[]} | ret=SUCCESS |  
2019-08-29 09:32:30,513 | INFO  | SCMAudit | user=jenkins1000 | ip=192.168.34.42 | op=SEND_HEARTBEAT {datanodeUUID=95e6fe0d-ba63-44f7-8a45-847da5452504, command=[]} | ret=SUCCESS |  
2019-08-29 09:32:31,073 | INFO  | SCMAudit | user=jenkins1000 | ip=192.168.34.42 | op=SEND_HEARTBEAT {datanodeUUID=cffcff0f-2752-46f1-bb20-4150682c084f, command=[]} | ret=SUCCESS |  
2019-08-29 09:32:31,107 | INFO  | SCMAudit | user=jenkins1000 | ip=192.168.34.42 | op=SEND_HEARTBEAT {datanodeUUID=814b1e79-91cb-4747-afef-225b562b988f, command=[]} | ret=SUCCESS |  
2019-08-29 09:32:31,107 | INFO  | SCMAudit | user=jenkins1000 | ip=192.168.34.42 | op=SEND_HEARTBEAT {datanodeUUID=6a76bae0-5bcd-450f-b761-84a239d32397, command=[]} | ret=SUCCESS |  
2019-08-29 09:32:31,291 | INFO  | SCMAudit | user=jenkins1000 | ip=192.168.34.42 | op=SEND_HEARTBEAT {datanodeUUID=f5a90a23-db6d-4122-980c-2c6f67b12274, command=[]} | ret=SUCCESS |  
2019-08-29 09:32:31,364 | INFO  | SCMAudit | user=jenkins1000 | ip=192.168.34.42 | op=SEND_HEARTBEAT {datanodeUUID=04dfc250-5117-40ee-9223-ddc31d2a7fac, command=[]} | ret=SUCCESS |  
2019-08-29 09:32:31,427 | INFO  | SCMAudit | user=jenkins1000 | ip=192.168.34.42 | op=SEND_HEARTBEAT {datanodeUUID=f5689991-66b6-42db-ba36-9ef251e0e30a, command=[]} | ret=SUCCESS |  
2019-08-29 09:32:31,514 | INFO  | SCMAudit | user=jenkins1000 | ip=192.168.34.42 | op=SEND_HEARTBEAT {datanodeUUID=95e6fe0d-ba63-44f7-8a45-847da5452504, command=[]} | ret=SUCCESS |  
2019-08-29 09:32:32,073 | INFO  | SCMAudit | user=jenkins1000 | ip=192.168.34.42 | op=SEND_HEARTBEAT {datanodeUUID=cffcff0f-2752-46f1-bb20-4150682c084f, command=[]} | ret=SUCCESS |  
2019-08-29 09:32:32,108 | INFO  | SCMAudit | user=jenkins1000 | ip=192.168.34.42 | op=SEND_HEARTBEAT {datanodeUUID=6a76bae0-5bcd-450f-b761-84a239d32397, command=[]} | ret=SUCCESS |  
2019-08-29 09:32:32,108 | INFO  | SCMAudit | user=jenkins1000 | ip=192.168.34.42 | op=SEND_HEARTBEAT {datanodeUUID=814b1e79-91cb-4747-afef-225b562b988f, command=[]} | ret=SUCCESS |  
2019-08-29 09:32:32,291 | INFO  | SCMAudit | user=jenkins1000 | ip=192.168.34.42 | op=SEND_HEARTBEAT {datanodeUUID=f5a90a23-db6d-4122-980c-2c6f67b12274, command=[]} | ret=SUCCESS |  
2019-08-29 09:32:32,365 | INFO  | SCMAudit | user=jenkins1000 | ip=192.168.34.42 | op=SEND_HEARTBEAT {datanodeUUID=04dfc250-5117-40ee-9223-ddc31d2a7fac, command=[]} | ret=SUCCESS |  
2019-08-29 09:32:32,428 | INFO  | SCMAudit | user=jenkins1000 | ip=192.168.34.42 | op=SEND_HEARTBEAT {datanodeUUID=f5689991-66b6-42db-ba36-9ef251e0e30a, command=[]} | ret=SUCCESS |  
2019-08-29 09:32:32,513 | INFO  | SCMAudit | user=jenkins1000 | ip=192.168.34.42 | op=SEND_HEARTBEAT {datanodeUUID=95e6fe0d-ba63-44f7-8a45-847da5452504, command=[]} | ret=SUCCESS |  
2019-08-29 09:32:33,072 | INFO  | SCMAudit | user=jenkins1000 | ip=192.168.34.42 | op=SEND_HEARTBEAT {datanodeUUID=cffcff0f-2752-46f1-bb20-4150682c084f, command=[]} | ret=SUCCESS |  
2019-08-29 09:32:33,107 | INFO  | SCMAudit | user=jenkins1000 | ip=192.168.34.42 | op=SEND_HEARTBEAT {datanodeUUID=6a76bae0-5bcd-450f-b761-84a239d32397, command=[]} | ret=SUCCESS |  
2019-08-29 09:32:33,107 | INFO  | SCMAudit | user=jenkins1000 | ip=192.168.34.42 | op=SEND_HEARTBEAT {datanodeUUID=814b1e79-91cb-4747-afef-225b562b988f, command=[]} | ret=SUCCESS |  
2019-08-29 09:32:33,290 | INFO  | SCMAudit | user=jenkins1000 | ip=192.168.34.42 | op=SEND_HEARTBEAT {datanodeUUID=f5a90a23-db6d-4122-980c-2c6f67b12274, command=[]} | ret=SUCCESS |  
2019-08-29 09:32:33,365 | INFO  | SCMAudit | user=jenkins1000 | ip=192.168.34.42 | op=SEND_HEARTBEAT {datanodeUUID=04dfc250-5117-40ee-9223-ddc31d2a7fac, command=[]} | ret=SUCCESS |  
2019-08-29 09:32:33,427 | INFO  | SCMAudit | user=jenkins1000 | ip=192.168.34.42 | op=SEND_HEARTBEAT {datanodeUUID=f5689991-66b6-42db-ba36-9ef251e0e30a, command=[]} | ret=SUCCESS |  
2019-08-29 09:32:33,514 | INFO  | SCMAudit | user=jenkins1000 | ip=192.168.34.42 | op=SEND_HEARTBEAT {datanodeUUID=95e6fe0d-ba63-44f7-8a45-847da5452504, command=[]} | ret=SUCCESS |  
2019-08-29 09:32:34,073 | INFO  | SCMAudit | user=jenkins1000 | ip=192.168.34.42 | op=SEND_HEARTBEAT {datanodeUUID=cffcff0f-2752-46f1-bb20-4150682c084f, command=[]} | ret=SUCCESS |  
2019-08-29 09:32:34,108 | INFO  | SCMAudit | user=jenkins1000 | ip=192.168.34.42 | op=SEND_HEARTBEAT {datanodeUUID=6a76bae0-5bcd-450f-b761-84a239d32397, command=[]} | ret=SUCCESS |  
2019-08-29 09:32:34,108 | INFO  | SCMAudit | user=jenkins1000 | ip=192.168.34.42 | op=SEND_HEARTBEAT {datanodeUUID=814b1e79-91cb-4747-afef-225b562b988f, command=[]} | ret=SUCCESS |  
2019-08-29 09:32:34,274 [grpc-default-executor-4] INFO  client.GrpcClientProtocolClient (GrpcClientProtocolClient.java:onNext(255)) - client-E9E73D333C91->6a76bae0-5bcd-450f-b761-84a239d32397: receive RaftClientReply:client-E9E73D333C91->6a76bae0-5bcd-450f-b761-84a239d32397@group-38214EFEF1B1, cid=45, FAILED org.apache.ratis.protocol.NotLeaderException: Server 6a76bae0-5bcd-450f-b761-84a239d32397 is not the leader (cffcff0f-2752-46f1-bb20-4150682c084f:192.168.34.42:36452). Request must be sent to leader., logIndex=0, commits[6a76bae0-5bcd-450f-b761-84a239d32397:c8, 814b1e79-91cb-4747-afef-225b562b988f:c8, cffcff0f-2752-46f1-bb20-4150682c084f:c8]
2019-08-29 09:32:34,290 | INFO  | SCMAudit | user=jenkins1000 | ip=192.168.34.42 | op=SEND_HEARTBEAT {datanodeUUID=f5a90a23-db6d-4122-980c-2c6f67b12274, command=[]} | ret=SUCCESS |  
2019-08-29 09:32:34,364 | INFO  | SCMAudit | user=jenkins1000 | ip=192.168.34.42 | op=SEND_HEARTBEAT {datanodeUUID=04dfc250-5117-40ee-9223-ddc31d2a7fac, command=[]} | ret=SUCCESS |  
2019-08-29 09:32:34,428 | INFO  | SCMAudit | user=jenkins1000 | ip=192.168.34.42 | op=SEND_HEARTBEAT {datanodeUUID=f5689991-66b6-42db-ba36-9ef251e0e30a, command=[]} | ret=SUCCESS |  
2019-08-29 09:32:34,513 | INFO  | SCMAudit | user=jenkins1000 | ip=192.168.34.42 | op=SEND_HEARTBEAT {datanodeUUID=95e6fe0d-ba63-44f7-8a45-847da5452504, command=[]} | ret=SUCCESS |  
2019-08-29 09:32:35,073 | INFO  | SCMAudit | user=jenkins1000 | ip=192.168.34.42 | op=SEND_HEARTBEAT {datanodeUUID=cffcff0f-2752-46f1-bb20-4150682c084f, command=[]} | ret=SUCCESS |  
2019-08-29 09:32:35,107 | INFO  | SCMAudit | user=jenkins1000 | ip=192.168.34.42 | op=SEND_HEARTBEAT {datanodeUUID=6a76bae0-5bcd-450f-b761-84a239d32397, command=[]} | ret=SUCCESS |  
2019-08-29 09:32:35,108 | INFO  | SCMAudit | user=jenkins1000 | ip=192.168.34.42 | op=SEND_HEARTBEAT {datanodeUUID=814b1e79-91cb-4747-afef-225b562b988f, command=[]} | ret=SUCCESS |  
2019-08-29 09:32:35,291 | INFO  | SCMAudit | user=jenkins1000 | ip=192.168.34.42 | op=SEND_HEARTBEAT {datanodeUUID=f5a90a23-db6d-4122-980c-2c6f67b12274, command=[]} | ret=SUCCESS |  
2019-08-29 09:32:35,365 | INFO  | SCMAudit | user=jenkins1000 | ip=192.168.34.42 | op=SEND_HEARTBEAT {datanodeUUID=04dfc250-5117-40ee-9223-ddc31d2a7fac, command=[]} | ret=SUCCESS |  
2019-08-29 09:32:35,427 | INFO  | SCMAudit | user=jenkins1000 | ip=192.168.34.42 | op=SEND_HEARTBEAT {datanodeUUID=f5689991-66b6-42db-ba36-9ef251e0e30a, command=[]} | ret=SUCCESS |  
2019-08-29 09:32:35,516 | INFO  | SCMAudit | user=jenkins1000 | ip=192.168.34.42 | op=SEND_HEARTBEAT {datanodeUUID=95e6fe0d-ba63-44f7-8a45-847da5452504, command=[]} | ret=SUCCESS |  
2019-08-29 09:32:36,073 | INFO  | SCMAudit | user=jenkins1000 | ip=192.168.34.42 | op=SEND_HEARTBEAT {datanodeUUID=cffcff0f-2752-46f1-bb20-4150682c084f, command=[]} | ret=SUCCESS |  
2019-08-29 09:32:36,107 | INFO  | SCMAudit | user=jenkins1000 | ip=192.168.34.42 | op=SEND_HEARTBEAT {datanodeUUID=6a76bae0-5bcd-450f-b761-84a239d32397, command=[]} | ret=SUCCESS |  
2019-08-29 09:32:36,108 | INFO  | SCMAudit | user=jenkins1000 | ip=192.168.34.42 | op=SEND_HEARTBEAT {datanodeUUID=814b1e79-91cb-4747-afef-225b562b988f, command=[]} | ret=SUCCESS |  
2019-08-29 09:32:36,290 | INFO  | SCMAudit | user=jenkins1000 | ip=192.168.34.42 | op=SEND_HEARTBEAT {datanodeUUID=f5a90a23-db6d-4122-980c-2c6f67b12274, command=[]} | ret=SUCCESS |  
2019-08-29 09:32:36,364 | INFO  | SCMAudit | user=jenkins1000 | ip=192.168.34.42 | op=SEND_HEARTBEAT {datanodeUUID=04dfc250-5117-40ee-9223-ddc31d2a7fac, command=[]} | ret=SUCCESS |  
2019-08-29 09:32:36,428 | INFO  | SCMAudit | user=jenkins1000 | ip=192.168.34.42 | op=SEND_HEARTBEAT {datanodeUUID=f5689991-66b6-42db-ba36-9ef251e0e30a, command=[]} | ret=SUCCESS |  
2019-08-29 09:32:36,513 | INFO  | SCMAudit | user=jenkins1000 | ip=192.168.34.42 | op=SEND_HEARTBEAT {datanodeUUID=95e6fe0d-ba63-44f7-8a45-847da5452504, command=[]} | ret=SUCCESS |  
2019-08-29 09:32:37,073 | INFO  | SCMAudit | user=jenkins1000 | ip=192.168.34.42 | op=SEND_HEARTBEAT {datanodeUUID=cffcff0f-2752-46f1-bb20-4150682c084f, command=[]} | ret=SUCCESS |  
2019-08-29 09:32:37,108 | INFO  | SCMAudit | user=jenkins1000 | ip=192.168.34.42 | op=SEND_HEARTBEAT {datanodeUUID=6a76bae0-5bcd-450f-b761-84a239d32397, command=[]} | ret=SUCCESS |  
2019-08-29 09:32:37,109 | INFO  | SCMAudit | user=jenkins1000 | ip=192.168.34.42 | op=SEND_HEARTBEAT {datanodeUUID=814b1e79-91cb-4747-afef-225b562b988f, command=[]} | ret=SUCCESS |  
2019-08-29 09:32:37,291 | INFO  | SCMAudit | user=jenkins1000 | ip=192.168.34.42 | op=SEND_HEARTBEAT {datanodeUUID=f5a90a23-db6d-4122-980c-2c6f67b12274, command=[]} | ret=SUCCESS |  
2019-08-29 09:32:37,365 | INFO  | SCMAudit | user=jenkins1000 | ip=192.168.34.42 | op=SEND_HEARTBEAT {datanodeUUID=04dfc250-5117-40ee-9223-ddc31d2a7fac, command=[]} | ret=SUCCESS |  
2019-08-29 09:32:37,428 | INFO  | SCMAudit | user=jenkins1000 | ip=192.168.34.42 | op=SEND_HEARTBEAT {datanodeUUID=f5689991-66b6-42db-ba36-9ef251e0e30a, command=[]} | ret=SUCCESS |  
2019-08-29 09:32:37,514 | INFO  | SCMAudit | user=jenkins1000 | ip=192.168.34.42 | op=SEND_HEARTBEAT {datanodeUUID=95e6fe0d-ba63-44f7-8a45-847da5452504, command=[]} | ret=SUCCESS |  
2019-08-29 09:32:38,074 | INFO  | SCMAudit | user=jenkins1000 | ip=192.168.34.42 | op=SEND_HEARTBEAT {datanodeUUID=cffcff0f-2752-46f1-bb20-4150682c084f, command=[]} | ret=SUCCESS |  
2019-08-29 09:32:38,108 | INFO  | SCMAudit | user=jenkins1000 | ip=192.168.34.42 | op=SEND_HEARTBEAT {datanodeUUID=6a76bae0-5bcd-450f-b761-84a239d32397, command=[]} | ret=SUCCESS |  
2019-08-29 09:32:38,109 | INFO  | SCMAudit | user=jenkins1000 | ip=192.168.34.42 | op=SEND_HEARTBEAT {datanodeUUID=814b1e79-91cb-4747-afef-225b562b988f, command=[]} | ret=SUCCESS |  
2019-08-29 09:32:38,293 | INFO  | SCMAudit | user=jenkins1000 | ip=192.168.34.42 | op=SEND_HEARTBEAT {datanodeUUID=f5a90a23-db6d-4122-980c-2c6f67b12274, command=[]} | ret=SUCCESS |  
2019-08-29 09:32:38,364 | INFO  | SCMAudit | user=jenkins1000 | ip=192.168.34.42 | op=SEND_HEARTBEAT {datanodeUUID=04dfc250-5117-40ee-9223-ddc31d2a7fac, command=[]} | ret=SUCCESS |  
2019-08-29 09:32:38,427 | INFO  | SCMAudit | user=jenkins1000 | ip=192.168.34.42 | op=SEND_HEARTBEAT {datanodeUUID=f5689991-66b6-42db-ba36-9ef251e0e30a, command=[]} | ret=SUCCESS |  
2019-08-29 09:32:38,513 | INFO  | SCMAudit | user=jenkins1000 | ip=192.168.34.42 | op=SEND_HEARTBEAT {datanodeUUID=95e6fe0d-ba63-44f7-8a45-847da5452504, command=[]} | ret=SUCCESS |  
2019-08-29 09:32:39,073 | INFO  | SCMAudit | user=jenkins1000 | ip=192.168.34.42 | op=SEND_HEARTBEAT {datanodeUUID=cffcff0f-2752-46f1-bb20-4150682c084f, command=[]} | ret=SUCCESS |  
2019-08-29 09:32:39,107 | INFO  | SCMAudit | user=jenkins1000 | ip=192.168.34.42 | op=SEND_HEARTBEAT {datanodeUUID=6a76bae0-5bcd-450f-b761-84a239d32397, command=[]} | ret=SUCCESS |  
2019-08-29 09:32:39,108 | INFO  | SCMAudit | user=jenkins1000 | ip=192.168.34.42 | op=SEND_HEARTBEAT {datanodeUUID=814b1e79-91cb-4747-afef-225b562b988f, command=[]} | ret=SUCCESS |  
2019-08-29 09:32:39,291 | INFO  | SCMAudit | user=jenkins1000 | ip=192.168.34.42 | op=SEND_HEARTBEAT {datanodeUUID=f5a90a23-db6d-4122-980c-2c6f67b12274, command=[]} | ret=SUCCESS |  
2019-08-29 09:32:39,317 [grpc-default-executor-4] INFO  client.GrpcClientProtocolClient (GrpcClientProtocolClient.java:onNext(255)) - client-E9E73D333C91->6a76bae0-5bcd-450f-b761-84a239d32397: receive RaftClientReply:client-E9E73D333C91->6a76bae0-5bcd-450f-b761-84a239d32397@group-38214EFEF1B1, cid=45, FAILED org.apache.ratis.protocol.NotLeaderException: Server 6a76bae0-5bcd-450f-b761-84a239d32397 is not the leader (cffcff0f-2752-46f1-bb20-4150682c084f:192.168.34.42:36452). Request must be sent to leader., logIndex=0, commits[6a76bae0-5bcd-450f-b761-84a239d32397:c8, 814b1e79-91cb-4747-afef-225b562b988f:c8, cffcff0f-2752-46f1-bb20-4150682c084f:c8]
2019-08-29 09:32:39,365 | INFO  | SCMAudit | user=jenkins1000 | ip=192.168.34.42 | op=SEND_HEARTBEAT {datanodeUUID=04dfc250-5117-40ee-9223-ddc31d2a7fac, command=[]} | ret=SUCCESS |  
2019-08-29 09:32:39,428 | INFO  | SCMAudit | user=jenkins1000 | ip=192.168.34.42 | op=SEND_HEARTBEAT {datanodeUUID=f5689991-66b6-42db-ba36-9ef251e0e30a, command=[]} | ret=SUCCESS |  
2019-08-29 09:32:39,513 | INFO  | SCMAudit | user=jenkins1000 | ip=192.168.34.42 | op=SEND_HEARTBEAT {datanodeUUID=95e6fe0d-ba63-44f7-8a45-847da5452504, command=[]} | ret=SUCCESS |  
2019-08-29 09:32:40,074 | INFO  | SCMAudit | user=jenkins1000 | ip=192.168.34.42 | op=SEND_HEARTBEAT {datanodeUUID=cffcff0f-2752-46f1-bb20-4150682c084f, command=[]} | ret=SUCCESS |  
2019-08-29 09:32:40,108 | INFO  | SCMAudit | user=jenkins1000 | ip=192.168.34.42 | op=SEND_HEARTBEAT {datanodeUUID=6a76bae0-5bcd-450f-b761-84a239d32397, command=[]} | ret=SUCCESS |  
2019-08-29 09:32:40,109 | INFO  | SCMAudit | user=jenkins1000 | ip=192.168.34.42 | op=SEND_HEARTBEAT {datanodeUUID=814b1e79-91cb-4747-afef-225b562b988f, command=[]} | ret=SUCCESS |  
2019-08-29 09:32:40,291 | INFO  | SCMAudit | user=jenkins1000 | ip=192.168.34.42 | op=SEND_HEARTBEAT {datanodeUUID=f5a90a23-db6d-4122-980c-2c6f67b12274, command=[]} | ret=SUCCESS |  
2019-08-29 09:32:40,366 | INFO  | SCMAudit | user=jenkins1000 | ip=192.168.34.42 | op=SEND_HEARTBEAT {datanodeUUID=04dfc250-5117-40ee-9223-ddc31d2a7fac, command=[]} | ret=SUCCESS |  
2019-08-29 09:32:40,427 | INFO  | SCMAudit | user=jenkins1000 | ip=192.168.34.42 | op=SEND_HEARTBEAT {datanodeUUID=f5689991-66b6-42db-ba36-9ef251e0e30a, command=[]} | ret=SUCCESS |  
2019-08-29 09:32:40,514 | INFO  | SCMAudit | user=jenkins1000 | ip=192.168.34.42 | op=SEND_HEARTBEAT {datanodeUUID=95e6fe0d-ba63-44f7-8a45-847da5452504, command=[]} | ret=SUCCESS |  
2019-08-29 09:32:41,074 | INFO  | SCMAudit | user=jenkins1000 | ip=192.168.34.42 | op=SEND_HEARTBEAT {datanodeUUID=cffcff0f-2752-46f1-bb20-4150682c084f, command=[]} | ret=SUCCESS |  
2019-08-29 09:32:41,107 | INFO  | SCMAudit | user=jenkins1000 | ip=192.168.34.42 | op=SEND_HEARTBEAT {datanodeUUID=6a76bae0-5bcd-450f-b761-84a239d32397, command=[]} | ret=SUCCESS |  
2019-08-29 09:32:41,109 | INFO  | SCMAudit | user=jenkins1000 | ip=192.168.34.42 | op=SEND_HEARTBEAT {datanodeUUID=814b1e79-91cb-4747-afef-225b562b988f, command=[]} | ret=SUCCESS |  
2019-08-29 09:32:41,291 | INFO  | SCMAudit | user=jenkins1000 | ip=192.168.34.42 | op=SEND_HEARTBEAT {datanodeUUID=f5a90a23-db6d-4122-980c-2c6f67b12274, command=[]} | ret=SUCCESS |  
2019-08-29 09:32:41,366 | INFO  | SCMAudit | user=jenkins1000 | ip=192.168.34.42 | op=SEND_HEARTBEAT {datanodeUUID=04dfc250-5117-40ee-9223-ddc31d2a7fac, command=[]} | ret=SUCCESS |  
2019-08-29 09:32:41,427 | INFO  | SCMAudit | user=jenkins1000 | ip=192.168.34.42 | op=SEND_HEARTBEAT {datanodeUUID=f5689991-66b6-42db-ba36-9ef251e0e30a, command=[]} | ret=SUCCESS |  
2019-08-29 09:32:41,513 | INFO  | SCMAudit | user=jenkins1000 | ip=192.168.34.42 | op=SEND_HEARTBEAT {datanodeUUID=95e6fe0d-ba63-44f7-8a45-847da5452504, command=[]} | ret=SUCCESS |  
2019-08-29 09:32:42,075 | INFO  | SCMAudit | user=jenkins1000 | ip=192.168.34.42 | op=SEND_HEARTBEAT {datanodeUUID=cffcff0f-2752-46f1-bb20-4150682c084f, command=[]} | ret=SUCCESS |  
2019-08-29 09:32:42,108 | INFO  | SCMAudit | user=jenkins1000 | ip=192.168.34.42 | op=SEND_HEARTBEAT {datanodeUUID=6a76bae0-5bcd-450f-b761-84a239d32397, command=[]} | ret=SUCCESS |  
2019-08-29 09:32:42,110 | INFO  | SCMAudit | user=jenkins1000 | ip=192.168.34.42 | op=SEND_HEARTBEAT {datanodeUUID=814b1e79-91cb-4747-afef-225b562b988f, command=[]} | ret=SUCCESS |  
2019-08-29 09:32:42,292 | INFO  | SCMAudit | user=jenkins1000 | ip=192.168.34.42 | op=SEND_HEARTBEAT {datanodeUUID=f5a90a23-db6d-4122-980c-2c6f67b12274, command=[]} | ret=SUCCESS |  
2019-08-29 09:32:42,367 | INFO  | SCMAudit | user=jenkins1000 | ip=192.168.34.42 | op=SEND_HEARTBEAT {datanodeUUID=04dfc250-5117-40ee-9223-ddc31d2a7fac, command=[]} | ret=SUCCESS |  
2019-08-29 09:32:42,428 | INFO  | SCMAudit | user=jenkins1000 | ip=192.168.34.42 | op=SEND_HEARTBEAT {datanodeUUID=f5689991-66b6-42db-ba36-9ef251e0e30a, command=[]} | ret=SUCCESS |  
2019-08-29 09:32:42,514 | INFO  | SCMAudit | user=jenkins1000 | ip=192.168.34.42 | op=SEND_HEARTBEAT {datanodeUUID=95e6fe0d-ba63-44f7-8a45-847da5452504, command=[]} | ret=SUCCESS |  
2019-08-29 09:32:43,075 | INFO  | SCMAudit | user=jenkins1000 | ip=192.168.34.42 | op=SEND_HEARTBEAT {datanodeUUID=cffcff0f-2752-46f1-bb20-4150682c084f, command=[]} | ret=SUCCESS |  
2019-08-29 09:32:43,108 | INFO  | SCMAudit | user=jenkins1000 | ip=192.168.34.42 | op=SEND_HEARTBEAT {datanodeUUID=814b1e79-91cb-4747-afef-225b562b988f, command=[]} | ret=SUCCESS |  
2019-08-29 09:32:43,109 | INFO  | SCMAudit | user=jenkins1000 | ip=192.168.34.42 | op=SEND_HEARTBEAT {datanodeUUID=6a76bae0-5bcd-450f-b761-84a239d32397, command=[]} | ret=SUCCESS |  
2019-08-29 09:32:43,291 | INFO  | SCMAudit | user=jenkins1000 | ip=192.168.34.42 | op=SEND_HEARTBEAT {datanodeUUID=f5a90a23-db6d-4122-980c-2c6f67b12274, command=[]} | ret=SUCCESS |  
2019-08-29 09:32:43,366 | INFO  | SCMAudit | user=jenkins1000 | ip=192.168.34.42 | op=SEND_HEARTBEAT {datanodeUUID=04dfc250-5117-40ee-9223-ddc31d2a7fac, command=[]} | ret=SUCCESS |  
2019-08-29 09:32:43,428 | INFO  | SCMAudit | user=jenkins1000 | ip=192.168.34.42 | op=SEND_HEARTBEAT {datanodeUUID=f5689991-66b6-42db-ba36-9ef251e0e30a, command=[]} | ret=SUCCESS |  
2019-08-29 09:32:43,514 | INFO  | SCMAudit | user=jenkins1000 | ip=192.168.34.42 | op=SEND_HEARTBEAT {datanodeUUID=95e6fe0d-ba63-44f7-8a45-847da5452504, command=[]} | ret=SUCCESS |  
2019-08-29 09:32:44,076 | INFO  | SCMAudit | user=jenkins1000 | ip=192.168.34.42 | op=SEND_HEARTBEAT {datanodeUUID=cffcff0f-2752-46f1-bb20-4150682c084f, command=[]} | ret=SUCCESS |  
2019-08-29 09:32:44,108 | INFO  | SCMAudit | user=jenkins1000 | ip=192.168.34.42 | op=SEND_HEARTBEAT {datanodeUUID=6a76bae0-5bcd-450f-b761-84a239d32397, command=[]} | ret=SUCCESS |  
2019-08-29 09:32:44,109 | INFO  | SCMAudit | user=jenkins1000 | ip=192.168.34.42 | op=SEND_HEARTBEAT {datanodeUUID=814b1e79-91cb-4747-afef-225b562b988f, command=[]} | ret=SUCCESS |  
2019-08-29 09:32:44,291 | INFO  | SCMAudit | user=jenkins1000 | ip=192.168.34.42 | op=SEND_HEARTBEAT {datanodeUUID=f5a90a23-db6d-4122-980c-2c6f67b12274, command=[]} | ret=SUCCESS |  
2019-08-29 09:32:44,355 [grpc-default-executor-0] INFO  client.GrpcClientProtocolClient (GrpcClientProtocolClient.java:onNext(255)) - client-E9E73D333C91->814b1e79-91cb-4747-afef-225b562b988f: receive RaftClientReply:client-E9E73D333C91->814b1e79-91cb-4747-afef-225b562b988f@group-38214EFEF1B1, cid=45, FAILED org.apache.ratis.protocol.NotLeaderException: Server 814b1e79-91cb-4747-afef-225b562b988f is not the leader (cffcff0f-2752-46f1-bb20-4150682c084f:192.168.34.42:36452). Request must be sent to leader., logIndex=0, commits[814b1e79-91cb-4747-afef-225b562b988f:c8, 6a76bae0-5bcd-450f-b761-84a239d32397:c8, cffcff0f-2752-46f1-bb20-4150682c084f:c8]
2019-08-29 09:32:44,366 | INFO  | SCMAudit | user=jenkins1000 | ip=192.168.34.42 | op=SEND_HEARTBEAT {datanodeUUID=04dfc250-5117-40ee-9223-ddc31d2a7fac, command=[]} | ret=SUCCESS |  
2019-08-29 09:32:44,428 | INFO  | SCMAudit | user=jenkins1000 | ip=192.168.34.42 | op=SEND_HEARTBEAT {datanodeUUID=f5689991-66b6-42db-ba36-9ef251e0e30a, command=[]} | ret=SUCCESS |  
2019-08-29 09:32:44,514 | INFO  | SCMAudit | user=jenkins1000 | ip=192.168.34.42 | op=SEND_HEARTBEAT {datanodeUUID=95e6fe0d-ba63-44f7-8a45-847da5452504, command=[]} | ret=SUCCESS |  
2019-08-29 09:32:45,076 | INFO  | SCMAudit | user=jenkins1000 | ip=192.168.34.42 | op=SEND_HEARTBEAT {datanodeUUID=cffcff0f-2752-46f1-bb20-4150682c084f, command=[]} | ret=SUCCESS |  
2019-08-29 09:32:45,108 | INFO  | SCMAudit | user=jenkins1000 | ip=192.168.34.42 | op=SEND_HEARTBEAT {datanodeUUID=6a76bae0-5bcd-450f-b761-84a239d32397, command=[]} | ret=SUCCESS |  
2019-08-29 09:32:45,109 | INFO  | SCMAudit | user=jenkins1000 | ip=192.168.34.42 | op=SEND_HEARTBEAT {datanodeUUID=814b1e79-91cb-4747-afef-225b562b988f, command=[]} | ret=SUCCESS |  
2019-08-29 09:32:45,292 | INFO  | SCMAudit | user=jenkins1000 | ip=192.168.34.42 | op=SEND_HEARTBEAT {datanodeUUID=f5a90a23-db6d-4122-980c-2c6f67b12274, command=[]} | ret=SUCCESS |  
2019-08-29 09:32:45,370 | INFO  | SCMAudit | user=jenkins1000 | ip=192.168.34.42 | op=SEND_HEARTBEAT {datanodeUUID=04dfc250-5117-40ee-9223-ddc31d2a7fac, command=[]} | ret=SUCCESS |  
2019-08-29 09:32:45,429 | INFO  | SCMAudit | user=jenkins1000 | ip=192.168.34.42 | op=SEND_HEARTBEAT {datanodeUUID=f5689991-66b6-42db-ba36-9ef251e0e30a, command=[]} | ret=SUCCESS |  
2019-08-29 09:32:45,515 | INFO  | SCMAudit | user=jenkins1000 | ip=192.168.34.42 | op=SEND_HEARTBEAT {datanodeUUID=95e6fe0d-ba63-44f7-8a45-847da5452504, command=[]} | ret=SUCCESS |  
2019-08-29 09:32:46,075 | INFO  | SCMAudit | user=jenkins1000 | ip=192.168.34.42 | op=SEND_HEARTBEAT {datanodeUUID=cffcff0f-2752-46f1-bb20-4150682c084f, command=[]} | ret=SUCCESS |  
2019-08-29 09:32:46,108 | INFO  | SCMAudit | user=jenkins1000 | ip=192.168.34.42 | op=SEND_HEARTBEAT {datanodeUUID=6a76bae0-5bcd-450f-b761-84a239d32397, command=[]} | ret=SUCCESS |  
2019-08-29 09:32:46,109 | INFO  | SCMAudit | user=jenkins1000 | ip=192.168.34.42 | op=SEND_HEARTBEAT {datanodeUUID=814b1e79-91cb-4747-afef-225b562b988f, command=[]} | ret=SUCCESS |  
2019-08-29 09:32:46,291 | INFO  | SCMAudit | user=jenkins1000 | ip=192.168.34.42 | op=SEND_HEARTBEAT {datanodeUUID=f5a90a23-db6d-4122-980c-2c6f67b12274, command=[]} | ret=SUCCESS |  
2019-08-29 09:32:46,372 | INFO  | SCMAudit | user=jenkins1000 | ip=192.168.34.42 | op=SEND_HEARTBEAT {datanodeUUID=04dfc250-5117-40ee-9223-ddc31d2a7fac, command=[]} | ret=SUCCESS |  
2019-08-29 09:32:46,429 | INFO  | SCMAudit | user=jenkins1000 | ip=192.168.34.42 | op=SEND_HEARTBEAT {datanodeUUID=f5689991-66b6-42db-ba36-9ef251e0e30a, command=[]} | ret=SUCCESS |  
2019-08-29 09:32:46,515 | INFO  | SCMAudit | user=jenkins1000 | ip=192.168.34.42 | op=SEND_HEARTBEAT {datanodeUUID=95e6fe0d-ba63-44f7-8a45-847da5452504, command=[]} | ret=SUCCESS |  
2019-08-29 09:32:47,076 | INFO  | SCMAudit | user=jenkins1000 | ip=192.168.34.42 | op=SEND_HEARTBEAT {datanodeUUID=cffcff0f-2752-46f1-bb20-4150682c084f, command=[]} | ret=SUCCESS |  
2019-08-29 09:32:47,108 | INFO  | SCMAudit | user=jenkins1000 | ip=192.168.34.42 | op=SEND_HEARTBEAT {datanodeUUID=814b1e79-91cb-4747-afef-225b562b988f, command=[]} | ret=SUCCESS |  
2019-08-29 09:32:47,109 | INFO  | SCMAudit | user=jenkins1000 | ip=192.168.34.42 | op=SEND_HEARTBEAT {datanodeUUID=6a76bae0-5bcd-450f-b761-84a239d32397, command=[]} | ret=SUCCESS |  
2019-08-29 09:32:47,291 | INFO  | SCMAudit | user=jenkins1000 | ip=192.168.34.42 | op=SEND_HEARTBEAT {datanodeUUID=f5a90a23-db6d-4122-980c-2c6f67b12274, command=[]} | ret=SUCCESS |  
2019-08-29 09:32:47,370 | INFO  | SCMAudit | user=jenkins1000 | ip=192.168.34.42 | op=SEND_HEARTBEAT {datanodeUUID=04dfc250-5117-40ee-9223-ddc31d2a7fac, command=[]} | ret=SUCCESS |  
2019-08-29 09:32:47,429 | INFO  | SCMAudit | user=jenkins1000 | ip=192.168.34.42 | op=SEND_HEARTBEAT {datanodeUUID=f5689991-66b6-42db-ba36-9ef251e0e30a, command=[]} | ret=SUCCESS |  
2019-08-29 09:32:47,515 | INFO  | SCMAudit | user=jenkins1000 | ip=192.168.34.42 | op=SEND_HEARTBEAT {datanodeUUID=95e6fe0d-ba63-44f7-8a45-847da5452504, command=[]} | ret=SUCCESS |  
2019-08-29 09:32:48,076 | INFO  | SCMAudit | user=jenkins1000 | ip=192.168.34.42 | op=SEND_HEARTBEAT {datanodeUUID=cffcff0f-2752-46f1-bb20-4150682c084f, command=[]} | ret=SUCCESS |  
2019-08-29 09:32:48,108 | INFO  | SCMAudit | user=jenkins1000 | ip=192.168.34.42 | op=SEND_HEARTBEAT {datanodeUUID=814b1e79-91cb-4747-afef-225b562b988f, command=[]} | ret=SUCCESS |  
2019-08-29 09:32:48,108 | INFO  | SCMAudit | user=jenkins1000 | ip=192.168.34.42 | op=SEND_HEARTBEAT {datanodeUUID=6a76bae0-5bcd-450f-b761-84a239d32397, command=[]} | ret=SUCCESS |  
2019-08-29 09:32:48,291 | INFO  | SCMAudit | user=jenkins1000 | ip=192.168.34.42 | op=SEND_HEARTBEAT {datanodeUUID=f5a90a23-db6d-4122-980c-2c6f67b12274, command=[]} | ret=SUCCESS |  
2019-08-29 09:32:48,378 | INFO  | SCMAudit | user=jenkins1000 | ip=192.168.34.42 | op=SEND_HEARTBEAT {datanodeUUID=04dfc250-5117-40ee-9223-ddc31d2a7fac, command=[]} | ret=SUCCESS |  
2019-08-29 09:32:48,430 | INFO  | SCMAudit | user=jenkins1000 | ip=192.168.34.42 | op=SEND_HEARTBEAT {datanodeUUID=f5689991-66b6-42db-ba36-9ef251e0e30a, command=[]} | ret=SUCCESS |  
2019-08-29 09:32:48,516 | INFO  | SCMAudit | user=jenkins1000 | ip=192.168.34.42 | op=SEND_HEARTBEAT {datanodeUUID=95e6fe0d-ba63-44f7-8a45-847da5452504, command=[]} | ret=SUCCESS |  
2019-08-29 09:32:49,076 | INFO  | SCMAudit | user=jenkins1000 | ip=192.168.34.42 | op=SEND_HEARTBEAT {datanodeUUID=cffcff0f-2752-46f1-bb20-4150682c084f, command=[]} | ret=SUCCESS |  
2019-08-29 09:32:49,109 | INFO  | SCMAudit | user=jenkins1000 | ip=192.168.34.42 | op=SEND_HEARTBEAT {datanodeUUID=6a76bae0-5bcd-450f-b761-84a239d32397, command=[]} | ret=SUCCESS |  
2019-08-29 09:32:49,109 | INFO  | SCMAudit | user=jenkins1000 | ip=192.168.34.42 | op=SEND_HEARTBEAT {datanodeUUID=814b1e79-91cb-4747-afef-225b562b988f, command=[]} | ret=SUCCESS |  
2019-08-29 09:32:49,292 | INFO  | SCMAudit | user=jenkins1000 | ip=192.168.34.42 | op=SEND_HEARTBEAT {datanodeUUID=f5a90a23-db6d-4122-980c-2c6f67b12274, command=[]} | ret=SUCCESS |  
2019-08-29 09:32:49,371 | INFO  | SCMAudit | user=jenkins1000 | ip=192.168.34.42 | op=SEND_HEARTBEAT {datanodeUUID=04dfc250-5117-40ee-9223-ddc31d2a7fac, command=[]} | ret=SUCCESS |  
2019-08-29 09:32:49,413 [grpc-default-executor-4] INFO  client.GrpcClientProtocolClient (GrpcClientProtocolClient.java:onNext(255)) - client-E9E73D333C91->6a76bae0-5bcd-450f-b761-84a239d32397: receive RaftClientReply:client-E9E73D333C91->6a76bae0-5bcd-450f-b761-84a239d32397@group-38214EFEF1B1, cid=45, FAILED org.apache.ratis.protocol.NotLeaderException: Server 6a76bae0-5bcd-450f-b761-84a239d32397 is not the leader (cffcff0f-2752-46f1-bb20-4150682c084f:192.168.34.42:36452). Request must be sent to leader., logIndex=0, commits[6a76bae0-5bcd-450f-b761-84a239d32397:c8, 814b1e79-91cb-4747-afef-225b562b988f:c8, cffcff0f-2752-46f1-bb20-4150682c084f:c8]
2019-08-29 09:32:49,430 | INFO  | SCMAudit | user=jenkins1000 | ip=192.168.34.42 | op=SEND_HEARTBEAT {datanodeUUID=f5689991-66b6-42db-ba36-9ef251e0e30a, command=[]} | ret=SUCCESS |  
2019-08-29 09:32:49,515 | INFO  | SCMAudit | user=jenkins1000 | ip=192.168.34.42 | op=SEND_HEARTBEAT {datanodeUUID=95e6fe0d-ba63-44f7-8a45-847da5452504, command=[]} | ret=SUCCESS |  
2019-08-29 09:32:50,075 | INFO  | SCMAudit | user=jenkins1000 | ip=192.168.34.42 | op=SEND_HEARTBEAT {datanodeUUID=cffcff0f-2752-46f1-bb20-4150682c084f, command=[]} | ret=SUCCESS |  
2019-08-29 09:32:50,108 | INFO  | SCMAudit | user=jenkins1000 | ip=192.168.34.42 | op=SEND_HEARTBEAT {datanodeUUID=6a76bae0-5bcd-450f-b761-84a239d32397, command=[]} | ret=SUCCESS |  
2019-08-29 09:32:50,108 | INFO  | SCMAudit | user=jenkins1000 | ip=192.168.34.42 | op=SEND_HEARTBEAT {datanodeUUID=814b1e79-91cb-4747-afef-225b562b988f, command=[]} | ret=SUCCESS |  
2019-08-29 09:32:50,291 | INFO  | SCMAudit | user=jenkins1000 | ip=192.168.34.42 | op=SEND_HEARTBEAT {datanodeUUID=f5a90a23-db6d-4122-980c-2c6f67b12274, command=[]} | ret=SUCCESS |  
2019-08-29 09:32:50,371 | INFO  | SCMAudit | user=jenkins1000 | ip=192.168.34.42 | op=SEND_HEARTBEAT {datanodeUUID=04dfc250-5117-40ee-9223-ddc31d2a7fac, command=[]} | ret=SUCCESS |  
2019-08-29 09:32:50,431 | INFO  | SCMAudit | user=jenkins1000 | ip=192.168.34.42 | op=SEND_HEARTBEAT {datanodeUUID=f5689991-66b6-42db-ba36-9ef251e0e30a, command=[]} | ret=SUCCESS |  
2019-08-29 09:32:50,516 | INFO  | SCMAudit | user=jenkins1000 | ip=192.168.34.42 | op=SEND_HEARTBEAT {datanodeUUID=95e6fe0d-ba63-44f7-8a45-847da5452504, command=[]} | ret=SUCCESS |  
2019-08-29 09:32:51,075 | INFO  | SCMAudit | user=jenkins1000 | ip=192.168.34.42 | op=SEND_HEARTBEAT {datanodeUUID=cffcff0f-2752-46f1-bb20-4150682c084f, command=[]} | ret=SUCCESS |  
2019-08-29 09:32:51,108 | INFO  | SCMAudit | user=jenkins1000 | ip=192.168.34.42 | op=SEND_HEARTBEAT {datanodeUUID=6a76bae0-5bcd-450f-b761-84a239d32397, command=[]} | ret=SUCCESS |  
2019-08-29 09:32:51,108 | INFO  | SCMAudit | user=jenkins1000 | ip=192.168.34.42 | op=SEND_HEARTBEAT {datanodeUUID=814b1e79-91cb-4747-afef-225b562b988f, command=[]} | ret=SUCCESS |  
2019-08-29 09:32:51,292 | INFO  | SCMAudit | user=jenkins1000 | ip=192.168.34.42 | op=SEND_HEARTBEAT {datanodeUUID=f5a90a23-db6d-4122-980c-2c6f67b12274, command=[]} | ret=SUCCESS |  
2019-08-29 09:32:51,370 | INFO  | SCMAudit | user=jenkins1000 | ip=192.168.34.42 | op=SEND_HEARTBEAT {datanodeUUID=04dfc250-5117-40ee-9223-ddc31d2a7fac, command=[]} | ret=SUCCESS |  
2019-08-29 09:32:51,430 | INFO  | SCMAudit | user=jenkins1000 | ip=192.168.34.42 | op=SEND_HEARTBEAT {datanodeUUID=f5689991-66b6-42db-ba36-9ef251e0e30a, command=[]} | ret=SUCCESS |  
2019-08-29 09:32:51,515 | INFO  | SCMAudit | user=jenkins1000 | ip=192.168.34.42 | op=SEND_HEARTBEAT {datanodeUUID=95e6fe0d-ba63-44f7-8a45-847da5452504, command=[]} | ret=SUCCESS |  
2019-08-29 09:32:52,076 | INFO  | SCMAudit | user=jenkins1000 | ip=192.168.34.42 | op=SEND_HEARTBEAT {datanodeUUID=cffcff0f-2752-46f1-bb20-4150682c084f, command=[]} | ret=SUCCESS |  
2019-08-29 09:32:52,109 | INFO  | SCMAudit | user=jenkins1000 | ip=192.168.34.42 | op=SEND_HEARTBEAT {datanodeUUID=6a76bae0-5bcd-450f-b761-84a239d32397, command=[]} | ret=SUCCESS |  
2019-08-29 09:32:52,109 | INFO  | SCMAudit | user=jenkins1000 | ip=192.168.34.42 | op=SEND_HEARTBEAT {datanodeUUID=814b1e79-91cb-4747-afef-225b562b988f, command=[]} | ret=SUCCESS |  
2019-08-29 09:32:52,292 | INFO  | SCMAudit | user=jenkins1000 | ip=192.168.34.42 | op=SEND_HEARTBEAT {datanodeUUID=f5a90a23-db6d-4122-980c-2c6f67b12274, command=[]} | ret=SUCCESS |  
2019-08-29 09:32:52,371 | INFO  | SCMAudit | user=jenkins1000 | ip=192.168.34.42 | op=SEND_HEARTBEAT {datanodeUUID=04dfc250-5117-40ee-9223-ddc31d2a7fac, command=[]} | ret=SUCCESS |  
2019-08-29 09:32:52,430 | INFO  | SCMAudit | user=jenkins1000 | ip=192.168.34.42 | op=SEND_HEARTBEAT {datanodeUUID=f5689991-66b6-42db-ba36-9ef251e0e30a, command=[]} | ret=SUCCESS |  
2019-08-29 09:32:52,516 | INFO  | SCMAudit | user=jenkins1000 | ip=192.168.34.42 | op=SEND_HEARTBEAT {datanodeUUID=95e6fe0d-ba63-44f7-8a45-847da5452504, command=[]} | ret=SUCCESS |  
2019-08-29 09:32:53,075 | INFO  | SCMAudit | user=jenkins1000 | ip=192.168.34.42 | op=SEND_HEARTBEAT {datanodeUUID=cffcff0f-2752-46f1-bb20-4150682c084f, command=[]} | ret=SUCCESS |  
2019-08-29 09:32:53,109 | INFO  | SCMAudit | user=jenkins1000 | ip=192.168.34.42 | op=SEND_HEARTBEAT {datanodeUUID=814b1e79-91cb-4747-afef-225b562b988f, command=[]} | ret=SUCCESS |  
2019-08-29 09:32:53,110 | INFO  | SCMAudit | user=jenkins1000 | ip=192.168.34.42 | op=SEND_HEARTBEAT {datanodeUUID=6a76bae0-5bcd-450f-b761-84a239d32397, command=[]} | ret=SUCCESS |  
2019-08-29 09:32:53,291 | INFO  | SCMAudit | user=jenkins1000 | ip=192.168.34.42 | op=SEND_HEARTBEAT {datanodeUUID=f5a90a23-db6d-4122-980c-2c6f67b12274, command=[]} | ret=SUCCESS |  
2019-08-29 09:32:53,370 | INFO  | SCMAudit | user=jenkins1000 | ip=192.168.34.42 | op=SEND_HEARTBEAT {datanodeUUID=04dfc250-5117-40ee-9223-ddc31d2a7fac, command=[]} | ret=SUCCESS |  
2019-08-29 09:32:53,430 | INFO  | SCMAudit | user=jenkins1000 | ip=192.168.34.42 | op=SEND_HEARTBEAT {datanodeUUID=f5689991-66b6-42db-ba36-9ef251e0e30a, command=[]} | ret=SUCCESS |  
2019-08-29 09:32:53,515 | INFO  | SCMAudit | user=jenkins1000 | ip=192.168.34.42 | op=SEND_HEARTBEAT {datanodeUUID=95e6fe0d-ba63-44f7-8a45-847da5452504, command=[]} | ret=SUCCESS |  
2019-08-29 09:32:54,076 | INFO  | SCMAudit | user=jenkins1000 | ip=192.168.34.42 | op=SEND_HEARTBEAT {datanodeUUID=cffcff0f-2752-46f1-bb20-4150682c084f, command=[]} | ret=SUCCESS |  
2019-08-29 09:32:54,109 | INFO  | SCMAudit | user=jenkins1000 | ip=192.168.34.42 | op=SEND_HEARTBEAT {datanodeUUID=814b1e79-91cb-4747-afef-225b562b988f, command=[]} | ret=SUCCESS |  
2019-08-29 09:32:54,110 | INFO  | SCMAudit | user=jenkins1000 | ip=192.168.34.42 | op=SEND_HEARTBEAT {datanodeUUID=6a76bae0-5bcd-450f-b761-84a239d32397, command=[]} | ret=SUCCESS |  
2019-08-29 09:32:54,292 | INFO  | SCMAudit | user=jenkins1000 | ip=192.168.34.42 | op=SEND_HEARTBEAT {datanodeUUID=f5a90a23-db6d-4122-980c-2c6f67b12274, command=[]} | ret=SUCCESS |  
2019-08-29 09:32:54,370 | INFO  | SCMAudit | user=jenkins1000 | ip=192.168.34.42 | op=SEND_HEARTBEAT {datanodeUUID=04dfc250-5117-40ee-9223-ddc31d2a7fac, command=[]} | ret=SUCCESS |  
2019-08-29 09:32:54,431 | INFO  | SCMAudit | user=jenkins1000 | ip=192.168.34.42 | op=SEND_HEARTBEAT {datanodeUUID=f5689991-66b6-42db-ba36-9ef251e0e30a, command=[]} | ret=SUCCESS |  
2019-08-29 09:32:54,449 [grpc-default-executor-0] INFO  client.GrpcClientProtocolClient (GrpcClientProtocolClient.java:onNext(255)) - client-E9E73D333C91->6a76bae0-5bcd-450f-b761-84a239d32397: receive RaftClientReply:client-E9E73D333C91->6a76bae0-5bcd-450f-b761-84a239d32397@group-38214EFEF1B1, cid=45, FAILED org.apache.ratis.protocol.NotLeaderException: Server 6a76bae0-5bcd-450f-b761-84a239d32397 is not the leader (cffcff0f-2752-46f1-bb20-4150682c084f:192.168.34.42:36452). Request must be sent to leader., logIndex=0, commits[6a76bae0-5bcd-450f-b761-84a239d32397:c8, 814b1e79-91cb-4747-afef-225b562b988f:c8, cffcff0f-2752-46f1-bb20-4150682c084f:c8]
2019-08-29 09:32:54,515 | INFO  | SCMAudit | user=jenkins1000 | ip=192.168.34.42 | op=SEND_HEARTBEAT {datanodeUUID=95e6fe0d-ba63-44f7-8a45-847da5452504, command=[]} | ret=SUCCESS |  
2019-08-29 09:32:55,076 | INFO  | SCMAudit | user=jenkins1000 | ip=192.168.34.42 | op=SEND_HEARTBEAT {datanodeUUID=cffcff0f-2752-46f1-bb20-4150682c084f, command=[]} | ret=SUCCESS |  
2019-08-29 09:32:55,110 | INFO  | SCMAudit | user=jenkins1000 | ip=192.168.34.42 | op=SEND_HEARTBEAT {datanodeUUID=814b1e79-91cb-4747-afef-225b562b988f, command=[]} | ret=SUCCESS |  
2019-08-29 09:32:55,111 | INFO  | SCMAudit | user=jenkins1000 | ip=192.168.34.42 | op=SEND_HEARTBEAT {datanodeUUID=6a76bae0-5bcd-450f-b761-84a239d32397, command=[]} | ret=SUCCESS |  
2019-08-29 09:32:55,292 | INFO  | SCMAudit | user=jenkins1000 | ip=192.168.34.42 | op=SEND_HEARTBEAT {datanodeUUID=f5a90a23-db6d-4122-980c-2c6f67b12274, command=[]} | ret=SUCCESS |  
2019-08-29 09:32:55,370 | INFO  | SCMAudit | user=jenkins1000 | ip=192.168.34.42 | op=SEND_HEARTBEAT {datanodeUUID=04dfc250-5117-40ee-9223-ddc31d2a7fac, command=[]} | ret=SUCCESS |  
2019-08-29 09:32:55,432 | INFO  | SCMAudit | user=jenkins1000 | ip=192.168.34.42 | op=SEND_HEARTBEAT {datanodeUUID=f5689991-66b6-42db-ba36-9ef251e0e30a, command=[]} | ret=SUCCESS |  
2019-08-29 09:32:55,516 | INFO  | SCMAudit | user=jenkins1000 | ip=192.168.34.42 | op=SEND_HEARTBEAT {datanodeUUID=95e6fe0d-ba63-44f7-8a45-847da5452504, command=[]} | ret=SUCCESS |  
2019-08-29 09:32:56,075 | INFO  | SCMAudit | user=jenkins1000 | ip=192.168.34.42 | op=SEND_HEARTBEAT {datanodeUUID=cffcff0f-2752-46f1-bb20-4150682c084f, command=[]} | ret=SUCCESS |  
2019-08-29 09:32:56,109 | INFO  | SCMAudit | user=jenkins1000 | ip=192.168.34.42 | op=SEND_HEARTBEAT {datanodeUUID=814b1e79-91cb-4747-afef-225b562b988f, command=[]} | ret=SUCCESS |  
2019-08-29 09:32:56,111 | INFO  | SCMAudit | user=jenkins1000 | ip=192.168.34.42 | op=SEND_HEARTBEAT {datanodeUUID=6a76bae0-5bcd-450f-b761-84a239d32397, command=[]} | ret=SUCCESS |  
2019-08-29 09:32:56,292 | INFO  | SCMAudit | user=jenkins1000 | ip=192.168.34.42 | op=SEND_HEARTBEAT {datanodeUUID=f5a90a23-db6d-4122-980c-2c6f67b12274, command=[]} | ret=SUCCESS |  
2019-08-29 09:32:56,370 | INFO  | SCMAudit | user=jenkins1000 | ip=192.168.34.42 | op=SEND_HEARTBEAT {datanodeUUID=04dfc250-5117-40ee-9223-ddc31d2a7fac, command=[]} | ret=SUCCESS |  
2019-08-29 09:32:56,432 | INFO  | SCMAudit | user=jenkins1000 | ip=192.168.34.42 | op=SEND_HEARTBEAT {datanodeUUID=f5689991-66b6-42db-ba36-9ef251e0e30a, command=[]} | ret=SUCCESS |  
2019-08-29 09:32:56,516 | INFO  | SCMAudit | user=jenkins1000 | ip=192.168.34.42 | op=SEND_HEARTBEAT {datanodeUUID=95e6fe0d-ba63-44f7-8a45-847da5452504, command=[]} | ret=SUCCESS |  
2019-08-29 09:32:57,076 | INFO  | SCMAudit | user=jenkins1000 | ip=192.168.34.42 | op=SEND_HEARTBEAT {datanodeUUID=cffcff0f-2752-46f1-bb20-4150682c084f, command=[]} | ret=SUCCESS |  
2019-08-29 09:32:57,109 | INFO  | SCMAudit | user=jenkins1000 | ip=192.168.34.42 | op=SEND_HEARTBEAT {datanodeUUID=814b1e79-91cb-4747-afef-225b562b988f, command=[]} | ret=SUCCESS |  
2019-08-29 09:32:57,111 | INFO  | SCMAudit | user=jenkins1000 | ip=192.168.34.42 | op=SEND_HEARTBEAT {datanodeUUID=6a76bae0-5bcd-450f-b761-84a239d32397, command=[]} | ret=SUCCESS |  
2019-08-29 09:32:57,293 | INFO  | SCMAudit | user=jenkins1000 | ip=192.168.34.42 | op=SEND_HEARTBEAT {datanodeUUID=f5a90a23-db6d-4122-980c-2c6f67b12274, command=[]} | ret=SUCCESS |  
2019-08-29 09:32:57,371 | INFO  | SCMAudit | user=jenkins1000 | ip=192.168.34.42 | op=SEND_HEARTBEAT {datanodeUUID=04dfc250-5117-40ee-9223-ddc31d2a7fac, command=[]} | ret=SUCCESS |  
2019-08-29 09:32:57,433 | INFO  | SCMAudit | user=jenkins1000 | ip=192.168.34.42 | op=SEND_HEARTBEAT {datanodeUUID=f5689991-66b6-42db-ba36-9ef251e0e30a, command=[]} | ret=SUCCESS |  
2019-08-29 09:32:57,516 | INFO  | SCMAudit | user=jenkins1000 | ip=192.168.34.42 | op=SEND_HEARTBEAT {datanodeUUID=95e6fe0d-ba63-44f7-8a45-847da5452504, command=[]} | ret=SUCCESS |  
2019-08-29 09:32:58,076 | INFO  | SCMAudit | user=jenkins1000 | ip=192.168.34.42 | op=SEND_HEARTBEAT {datanodeUUID=cffcff0f-2752-46f1-bb20-4150682c084f, command=[]} | ret=SUCCESS |  
2019-08-29 09:32:58,109 | INFO  | SCMAudit | user=jenkins1000 | ip=192.168.34.42 | op=SEND_HEARTBEAT {datanodeUUID=814b1e79-91cb-4747-afef-225b562b988f, command=[]} | ret=SUCCESS |  
2019-08-29 09:32:58,111 | INFO  | SCMAudit | user=jenkins1000 | ip=192.168.34.42 | op=SEND_HEARTBEAT {datanodeUUID=6a76bae0-5bcd-450f-b761-84a239d32397, command=[]} | ret=SUCCESS |  
2019-08-29 09:32:58,292 | INFO  | SCMAudit | user=jenkins1000 | ip=192.168.34.42 | op=SEND_HEARTBEAT {datanodeUUID=f5a90a23-db6d-4122-980c-2c6f67b12274, command=[]} | ret=SUCCESS |  
2019-08-29 09:32:58,370 | INFO  | SCMAudit | user=jenkins1000 | ip=192.168.34.42 | op=SEND_HEARTBEAT {datanodeUUID=04dfc250-5117-40ee-9223-ddc31d2a7fac, command=[]} | ret=SUCCESS |  
2019-08-29 09:32:58,433 | INFO  | SCMAudit | user=jenkins1000 | ip=192.168.34.42 | op=SEND_HEARTBEAT {datanodeUUID=f5689991-66b6-42db-ba36-9ef251e0e30a, command=[]} | ret=SUCCESS |  
2019-08-29 09:32:58,517 | INFO  | SCMAudit | user=jenkins1000 | ip=192.168.34.42 | op=SEND_HEARTBEAT {datanodeUUID=95e6fe0d-ba63-44f7-8a45-847da5452504, command=[]} | ret=SUCCESS |  
2019-08-29 09:32:59,077 | INFO  | SCMAudit | user=jenkins1000 | ip=192.168.34.42 | op=SEND_HEARTBEAT {datanodeUUID=cffcff0f-2752-46f1-bb20-4150682c084f, command=[]} | ret=SUCCESS |  
2019-08-29 09:32:59,110 | INFO  | SCMAudit | user=jenkins1000 | ip=192.168.34.42 | op=SEND_HEARTBEAT {datanodeUUID=814b1e79-91cb-4747-afef-225b562b988f, command=[]} | ret=SUCCESS |  
2019-08-29 09:32:59,111 | INFO  | SCMAudit | user=jenkins1000 | ip=192.168.34.42 | op=SEND_HEARTBEAT {datanodeUUID=6a76bae0-5bcd-450f-b761-84a239d32397, command=[]} | ret=SUCCESS |  
2019-08-29 09:32:59,293 | INFO  | SCMAudit | user=jenkins1000 | ip=192.168.34.42 | op=SEND_HEARTBEAT {datanodeUUID=f5a90a23-db6d-4122-980c-2c6f67b12274, command=[]} | ret=SUCCESS |  
2019-08-29 09:32:59,371 | INFO  | SCMAudit | user=jenkins1000 | ip=192.168.34.42 | op=SEND_HEARTBEAT {datanodeUUID=04dfc250-5117-40ee-9223-ddc31d2a7fac, command=[]} | ret=SUCCESS |  
2019-08-29 09:32:59,434 | INFO  | SCMAudit | user=jenkins1000 | ip=192.168.34.42 | op=SEND_HEARTBEAT {datanodeUUID=f5689991-66b6-42db-ba36-9ef251e0e30a, command=[]} | ret=SUCCESS |  
2019-08-29 09:32:59,480 [grpc-default-executor-4] INFO  client.GrpcClientProtocolClient (GrpcClientProtocolClient.java:onNext(255)) - client-E9E73D333C91->6a76bae0-5bcd-450f-b761-84a239d32397: receive RaftClientReply:client-E9E73D333C91->6a76bae0-5bcd-450f-b761-84a239d32397@group-38214EFEF1B1, cid=45, FAILED org.apache.ratis.protocol.NotLeaderException: Server 6a76bae0-5bcd-450f-b761-84a239d32397 is not the leader (cffcff0f-2752-46f1-bb20-4150682c084f:192.168.34.42:36452). Request must be sent to leader., logIndex=0, commits[6a76bae0-5bcd-450f-b761-84a239d32397:c8, 814b1e79-91cb-4747-afef-225b562b988f:c8, cffcff0f-2752-46f1-bb20-4150682c084f:c8]
2019-08-29 09:32:59,517 | INFO  | SCMAudit | user=jenkins1000 | ip=192.168.34.42 | op=SEND_HEARTBEAT {datanodeUUID=95e6fe0d-ba63-44f7-8a45-847da5452504, command=[]} | ret=SUCCESS |  
2019-08-29 09:33:00,075 | INFO  | SCMAudit | user=jenkins1000 | ip=192.168.34.42 | op=SEND_HEARTBEAT {datanodeUUID=cffcff0f-2752-46f1-bb20-4150682c084f, command=[]} | ret=SUCCESS |  
2019-08-29 09:33:00,110 | INFO  | SCMAudit | user=jenkins1000 | ip=192.168.34.42 | op=SEND_HEARTBEAT {datanodeUUID=814b1e79-91cb-4747-afef-225b562b988f, command=[]} | ret=SUCCESS |  
2019-08-29 09:33:00,111 | INFO  | SCMAudit | user=jenkins1000 | ip=192.168.34.42 | op=SEND_HEARTBEAT {datanodeUUID=6a76bae0-5bcd-450f-b761-84a239d32397, command=[]} | ret=SUCCESS |  
2019-08-29 09:33:00,292 | INFO  | SCMAudit | user=jenkins1000 | ip=192.168.34.42 | op=SEND_HEARTBEAT {datanodeUUID=f5a90a23-db6d-4122-980c-2c6f67b12274, command=[]} | ret=SUCCESS |  
2019-08-29 09:33:00,370 | INFO  | SCMAudit | user=jenkins1000 | ip=192.168.34.42 | op=SEND_HEARTBEAT {datanodeUUID=04dfc250-5117-40ee-9223-ddc31d2a7fac, command=[]} | ret=SUCCESS |  
2019-08-29 09:33:00,434 | INFO  | SCMAudit | user=jenkins1000 | ip=192.168.34.42 | op=SEND_HEARTBEAT {datanodeUUID=f5689991-66b6-42db-ba36-9ef251e0e30a, command=[]} | ret=SUCCESS |  
2019-08-29 09:33:00,516 | INFO  | SCMAudit | user=jenkins1000 | ip=192.168.34.42 | op=SEND_HEARTBEAT {datanodeUUID=95e6fe0d-ba63-44f7-8a45-847da5452504, command=[]} | ret=SUCCESS |  
2019-08-29 09:33:01,077 | INFO  | SCMAudit | user=jenkins1000 | ip=192.168.34.42 | op=SEND_HEARTBEAT {datanodeUUID=cffcff0f-2752-46f1-bb20-4150682c084f, command=[]} | ret=SUCCESS |  
2019-08-29 09:33:01,109 | INFO  | SCMAudit | user=jenkins1000 | ip=192.168.34.42 | op=SEND_HEARTBEAT {datanodeUUID=814b1e79-91cb-4747-afef-225b562b988f, command=[]} | ret=SUCCESS |  
2019-08-29 09:33:01,111 | INFO  | SCMAudit | user=jenkins1000 | ip=192.168.34.42 | op=SEND_HEARTBEAT {datanodeUUID=6a76bae0-5bcd-450f-b761-84a239d32397, command=[]} | ret=SUCCESS |  
2019-08-29 09:33:01,293 | INFO  | SCMAudit | user=jenkins1000 | ip=192.168.34.42 | op=SEND_HEARTBEAT {datanodeUUID=f5a90a23-db6d-4122-980c-2c6f67b12274, command=[]} | ret=SUCCESS |  
2019-08-29 09:33:01,370 | INFO  | SCMAudit | user=jenkins1000 | ip=192.168.34.42 | op=SEND_HEARTBEAT {datanodeUUID=04dfc250-5117-40ee-9223-ddc31d2a7fac, command=[]} | ret=SUCCESS |  
2019-08-29 09:33:01,434 | INFO  | SCMAudit | user=jenkins1000 | ip=192.168.34.42 | op=SEND_HEARTBEAT {datanodeUUID=f5689991-66b6-42db-ba36-9ef251e0e30a, command=[]} | ret=SUCCESS |  
2019-08-29 09:33:01,517 | INFO  | SCMAudit | user=jenkins1000 | ip=192.168.34.42 | op=SEND_HEARTBEAT {datanodeUUID=95e6fe0d-ba63-44f7-8a45-847da5452504, command=[]} | ret=SUCCESS |  
2019-08-29 09:33:02,076 | INFO  | SCMAudit | user=jenkins1000 | ip=192.168.34.42 | op=SEND_HEARTBEAT {datanodeUUID=cffcff0f-2752-46f1-bb20-4150682c084f, command=[]} | ret=SUCCESS |  
2019-08-29 09:33:02,109 | INFO  | SCMAudit | user=jenkins1000 | ip=192.168.34.42 | op=SEND_HEARTBEAT {datanodeUUID=814b1e79-91cb-4747-afef-225b562b988f, command=[]} | ret=SUCCESS |  
2019-08-29 09:33:02,111 | INFO  | SCMAudit | user=jenkins1000 | ip=192.168.34.42 | op=SEND_HEARTBEAT {datanodeUUID=6a76bae0-5bcd-450f-b761-84a239d32397, command=[]} | ret=SUCCESS |  
2019-08-29 09:33:02,293 | INFO  | SCMAudit | user=jenkins1000 | ip=192.168.34.42 | op=SEND_HEARTBEAT {datanodeUUID=f5a90a23-db6d-4122-980c-2c6f67b12274, command=[]} | ret=SUCCESS |  
2019-08-29 09:33:02,370 | INFO  | SCMAudit | user=jenkins1000 | ip=192.168.34.42 | op=SEND_HEARTBEAT {datanodeUUID=04dfc250-5117-40ee-9223-ddc31d2a7fac, command=[]} | ret=SUCCESS |  
2019-08-29 09:33:02,435 | INFO  | SCMAudit | user=jenkins1000 | ip=192.168.34.42 | op=SEND_HEARTBEAT {datanodeUUID=f5689991-66b6-42db-ba36-9ef251e0e30a, command=[]} | ret=SUCCESS |  
2019-08-29 09:33:02,516 | INFO  | SCMAudit | user=jenkins1000 | ip=192.168.34.42 | op=SEND_HEARTBEAT {datanodeUUID=95e6fe0d-ba63-44f7-8a45-847da5452504, command=[]} | ret=SUCCESS |  
2019-08-29 09:33:03,076 | INFO  | SCMAudit | user=jenkins1000 | ip=192.168.34.42 | op=SEND_HEARTBEAT {datanodeUUID=cffcff0f-2752-46f1-bb20-4150682c084f, command=[]} | ret=SUCCESS |  
2019-08-29 09:33:03,109 | INFO  | SCMAudit | user=jenkins1000 | ip=192.168.34.42 | op=SEND_HEARTBEAT {datanodeUUID=814b1e79-91cb-4747-afef-225b562b988f, command=[]} | ret=SUCCESS |  
2019-08-29 09:33:03,111 | INFO  | SCMAudit | user=jenkins1000 | ip=192.168.34.42 | op=SEND_HEARTBEAT {datanodeUUID=6a76bae0-5bcd-450f-b761-84a239d32397, command=[]} | ret=SUCCESS |  
2019-08-29 09:33:03,293 | INFO  | SCMAudit | user=jenkins1000 | ip=192.168.34.42 | op=SEND_HEARTBEAT {datanodeUUID=f5a90a23-db6d-4122-980c-2c6f67b12274, command=[]} | ret=SUCCESS |  
2019-08-29 09:33:03,371 | INFO  | SCMAudit | user=jenkins1000 | ip=192.168.34.42 | op=SEND_HEARTBEAT {datanodeUUID=04dfc250-5117-40ee-9223-ddc31d2a7fac, command=[]} | ret=SUCCESS |  
2019-08-29 09:33:03,436 | INFO  | SCMAudit | user=jenkins1000 | ip=192.168.34.42 | op=SEND_HEARTBEAT {datanodeUUID=f5689991-66b6-42db-ba36-9ef251e0e30a, command=[]} | ret=SUCCESS |  
2019-08-29 09:33:03,516 | INFO  | SCMAudit | user=jenkins1000 | ip=192.168.34.42 | op=SEND_HEARTBEAT {datanodeUUID=95e6fe0d-ba63-44f7-8a45-847da5452504, command=[]} | ret=SUCCESS |  
2019-08-29 09:33:04,077 | INFO  | SCMAudit | user=jenkins1000 | ip=192.168.34.42 | op=SEND_HEARTBEAT {datanodeUUID=cffcff0f-2752-46f1-bb20-4150682c084f, command=[]} | ret=SUCCESS |  
2019-08-29 09:33:04,109 | INFO  | SCMAudit | user=jenkins1000 | ip=192.168.34.42 | op=SEND_HEARTBEAT {datanodeUUID=814b1e79-91cb-4747-afef-225b562b988f, command=[]} | ret=SUCCESS |  
2019-08-29 09:33:04,111 | INFO  | SCMAudit | user=jenkins1000 | ip=192.168.34.42 | op=SEND_HEARTBEAT {datanodeUUID=6a76bae0-5bcd-450f-b761-84a239d32397, command=[]} | ret=SUCCESS |  
2019-08-29 09:33:04,293 | INFO  | SCMAudit | user=jenkins1000 | ip=192.168.34.42 | op=SEND_HEARTBEAT {datanodeUUID=f5a90a23-db6d-4122-980c-2c6f67b12274, command=[]} | ret=SUCCESS |  
2019-08-29 09:33:04,371 | INFO  | SCMAudit | user=jenkins1000 | ip=192.168.34.42 | op=SEND_HEARTBEAT {datanodeUUID=04dfc250-5117-40ee-9223-ddc31d2a7fac, command=[]} | ret=SUCCESS |  
2019-08-29 09:33:04,435 | INFO  | SCMAudit | user=jenkins1000 | ip=192.168.34.42 | op=SEND_HEARTBEAT {datanodeUUID=f5689991-66b6-42db-ba36-9ef251e0e30a, command=[]} | ret=SUCCESS |  
2019-08-29 09:33:04,519 | INFO  | SCMAudit | user=jenkins1000 | ip=192.168.34.42 | op=SEND_HEARTBEAT {datanodeUUID=95e6fe0d-ba63-44f7-8a45-847da5452504, command=[]} | ret=SUCCESS |  
2019-08-29 09:33:04,520 [grpc-default-executor-0] INFO  client.GrpcClientProtocolClient (GrpcClientProtocolClient.java:onNext(255)) - client-E9E73D333C91->814b1e79-91cb-4747-afef-225b562b988f: receive RaftClientReply:client-E9E73D333C91->814b1e79-91cb-4747-afef-225b562b988f@group-38214EFEF1B1, cid=45, FAILED org.apache.ratis.protocol.NotLeaderException: Server 814b1e79-91cb-4747-afef-225b562b988f is not the leader (cffcff0f-2752-46f1-bb20-4150682c084f:192.168.34.42:36452). Request must be sent to leader., logIndex=0, commits[814b1e79-91cb-4747-afef-225b562b988f:c8, 6a76bae0-5bcd-450f-b761-84a239d32397:c8, cffcff0f-2752-46f1-bb20-4150682c084f:c8]
2019-08-29 09:33:05,077 | INFO  | SCMAudit | user=jenkins1000 | ip=192.168.34.42 | op=SEND_HEARTBEAT {datanodeUUID=cffcff0f-2752-46f1-bb20-4150682c084f, command=[]} | ret=SUCCESS |  
2019-08-29 09:33:05,110 | INFO  | SCMAudit | user=jenkins1000 | ip=192.168.34.42 | op=SEND_HEARTBEAT {datanodeUUID=814b1e79-91cb-4747-afef-225b562b988f, command=[]} | ret=SUCCESS |  
2019-08-29 09:33:05,111 | INFO  | SCMAudit | user=jenkins1000 | ip=192.168.34.42 | op=SEND_HEARTBEAT {datanodeUUID=6a76bae0-5bcd-450f-b761-84a239d32397, command=[]} | ret=SUCCESS |  
2019-08-29 09:33:05,294 | INFO  | SCMAudit | user=jenkins1000 | ip=192.168.34.42 | op=SEND_HEARTBEAT {datanodeUUID=f5a90a23-db6d-4122-980c-2c6f67b12274, command=[]} | ret=SUCCESS |  
2019-08-29 09:33:05,372 | INFO  | SCMAudit | user=jenkins1000 | ip=192.168.34.42 | op=SEND_HEARTBEAT {datanodeUUID=04dfc250-5117-40ee-9223-ddc31d2a7fac, command=[]} | ret=SUCCESS |  
2019-08-29 09:33:05,435 | INFO  | SCMAudit | user=jenkins1000 | ip=192.168.34.42 | op=SEND_HEARTBEAT {datanodeUUID=f5689991-66b6-42db-ba36-9ef251e0e30a, command=[]} | ret=SUCCESS |  
2019-08-29 09:33:05,518 | INFO  | SCMAudit | user=jenkins1000 | ip=192.168.34.42 | op=SEND_HEARTBEAT {datanodeUUID=95e6fe0d-ba63-44f7-8a45-847da5452504, command=[]} | ret=SUCCESS |  
2019-08-29 09:33:06,077 | INFO  | SCMAudit | user=jenkins1000 | ip=192.168.34.42 | op=SEND_HEARTBEAT {datanodeUUID=cffcff0f-2752-46f1-bb20-4150682c084f, command=[]} | ret=SUCCESS |  
2019-08-29 09:33:06,110 | INFO  | SCMAudit | user=jenkins1000 | ip=192.168.34.42 | op=SEND_HEARTBEAT {datanodeUUID=814b1e79-91cb-4747-afef-225b562b988f, command=[]} | ret=SUCCESS |  
2019-08-29 09:33:06,111 | INFO  | SCMAudit | user=jenkins1000 | ip=192.168.34.42 | op=SEND_HEARTBEAT {datanodeUUID=6a76bae0-5bcd-450f-b761-84a239d32397, command=[]} | ret=SUCCESS |  
2019-08-29 09:33:06,293 | INFO  | SCMAudit | user=jenkins1000 | ip=192.168.34.42 | op=SEND_HEARTBEAT {datanodeUUID=f5a90a23-db6d-4122-980c-2c6f67b12274, command=[]} | ret=SUCCESS |  
2019-08-29 09:33:06,372 | INFO  | SCMAudit | user=jenkins1000 | ip=192.168.34.42 | op=SEND_HEARTBEAT {datanodeUUID=04dfc250-5117-40ee-9223-ddc31d2a7fac, command=[]} | ret=SUCCESS |  
2019-08-29 09:33:06,436 | INFO  | SCMAudit | user=jenkins1000 | ip=192.168.34.42 | op=SEND_HEARTBEAT {datanodeUUID=f5689991-66b6-42db-ba36-9ef251e0e30a, command=[]} | ret=SUCCESS |  
2019-08-29 09:33:06,518 | INFO  | SCMAudit | user=jenkins1000 | ip=192.168.34.42 | op=SEND_HEARTBEAT {datanodeUUID=95e6fe0d-ba63-44f7-8a45-847da5452504, command=[]} | ret=SUCCESS |  
2019-08-29 09:33:07,078 | INFO  | SCMAudit | user=jenkins1000 | ip=192.168.34.42 | op=SEND_HEARTBEAT {datanodeUUID=cffcff0f-2752-46f1-bb20-4150682c084f, command=[]} | ret=SUCCESS |  
2019-08-29 09:33:07,110 | INFO  | SCMAudit | user=jenkins1000 | ip=192.168.34.42 | op=SEND_HEARTBEAT {datanodeUUID=814b1e79-91cb-4747-afef-225b562b988f, command=[]} | ret=SUCCESS |  
2019-08-29 09:33:07,112 | INFO  | SCMAudit | user=jenkins1000 | ip=192.168.34.42 | op=SEND_HEARTBEAT {datanodeUUID=6a76bae0-5bcd-450f-b761-84a239d32397, command=[]} | ret=SUCCESS |  
2019-08-29 09:33:07,293 | INFO  | SCMAudit | user=jenkins1000 | ip=192.168.34.42 | op=SEND_HEARTBEAT {datanodeUUID=f5a90a23-db6d-4122-980c-2c6f67b12274, command=[]} | ret=SUCCESS |  
2019-08-29 09:33:07,372 | INFO  | SCMAudit | user=jenkins1000 | ip=192.168.34.42 | op=SEND_HEARTBEAT {datanodeUUID=04dfc250-5117-40ee-9223-ddc31d2a7fac, command=[]} | ret=SUCCESS |  
2019-08-29 09:33:07,436 | INFO  | SCMAudit | user=jenkins1000 | ip=192.168.34.42 | op=SEND_HEARTBEAT {datanodeUUID=f5689991-66b6-42db-ba36-9ef251e0e30a, command=[]} | ret=SUCCESS |  
2019-08-29 09:33:07,519 | INFO  | SCMAudit | user=jenkins1000 | ip=192.168.34.42 | op=SEND_HEARTBEAT {datanodeUUID=95e6fe0d-ba63-44f7-8a45-847da5452504, command=[]} | ret=SUCCESS |  
2019-08-29 09:33:08,077 | INFO  | SCMAudit | user=jenkins1000 | ip=192.168.34.42 | op=SEND_HEARTBEAT {datanodeUUID=cffcff0f-2752-46f1-bb20-4150682c084f, command=[]} | ret=SUCCESS |  
2019-08-29 09:33:08,110 | INFO  | SCMAudit | user=jenkins1000 | ip=192.168.34.42 | op=SEND_HEARTBEAT {datanodeUUID=814b1e79-91cb-4747-afef-225b562b988f, command=[]} | ret=SUCCESS |  
2019-08-29 09:33:08,111 | INFO  | SCMAudit | user=jenkins1000 | ip=192.168.34.42 | op=SEND_HEARTBEAT {datanodeUUID=6a76bae0-5bcd-450f-b761-84a239d32397, command=[]} | ret=SUCCESS |  
2019-08-29 09:33:08,294 | INFO  | SCMAudit | user=jenkins1000 | ip=192.168.34.42 | op=SEND_HEARTBEAT {datanodeUUID=f5a90a23-db6d-4122-980c-2c6f67b12274, command=[]} | ret=SUCCESS |  
2019-08-29 09:33:08,373 | INFO  | SCMAudit | user=jenkins1000 | ip=192.168.34.42 | op=SEND_HEARTBEAT {datanodeUUID=04dfc250-5117-40ee-9223-ddc31d2a7fac, command=[]} | ret=SUCCESS |  
2019-08-29 09:33:08,435 | INFO  | SCMAudit | user=jenkins1000 | ip=192.168.34.42 | op=SEND_HEARTBEAT {datanodeUUID=f5689991-66b6-42db-ba36-9ef251e0e30a, command=[]} | ret=SUCCESS |  
2019-08-29 09:33:08,518 | INFO  | SCMAudit | user=jenkins1000 | ip=192.168.34.42 | op=SEND_HEARTBEAT {datanodeUUID=95e6fe0d-ba63-44f7-8a45-847da5452504, command=[]} | ret=SUCCESS |  
2019-08-29 09:33:09,078 | INFO  | SCMAudit | user=jenkins1000 | ip=192.168.34.42 | op=SEND_HEARTBEAT {datanodeUUID=cffcff0f-2752-46f1-bb20-4150682c084f, command=[]} | ret=SUCCESS |  
2019-08-29 09:33:09,111 | INFO  | SCMAudit | user=jenkins1000 | ip=192.168.34.42 | op=SEND_HEARTBEAT {datanodeUUID=814b1e79-91cb-4747-afef-225b562b988f, command=[]} | ret=SUCCESS |  
2019-08-29 09:33:09,111 | INFO  | SCMAudit | user=jenkins1000 | ip=192.168.34.42 | op=SEND_HEARTBEAT {datanodeUUID=6a76bae0-5bcd-450f-b761-84a239d32397, command=[]} | ret=SUCCESS |  
2019-08-29 09:33:09,294 | INFO  | SCMAudit | user=jenkins1000 | ip=192.168.34.42 | op=SEND_HEARTBEAT {datanodeUUID=f5a90a23-db6d-4122-980c-2c6f67b12274, command=[]} | ret=SUCCESS |  
2019-08-29 09:33:09,372 | INFO  | SCMAudit | user=jenkins1000 | ip=192.168.34.42 | op=SEND_HEARTBEAT {datanodeUUID=04dfc250-5117-40ee-9223-ddc31d2a7fac, command=[]} | ret=SUCCESS |  
2019-08-29 09:33:09,435 | INFO  | SCMAudit | user=jenkins1000 | ip=192.168.34.42 | op=SEND_HEARTBEAT {datanodeUUID=f5689991-66b6-42db-ba36-9ef251e0e30a, command=[]} | ret=SUCCESS |  
2019-08-29 09:33:09,518 | INFO  | SCMAudit | user=jenkins1000 | ip=192.168.34.42 | op=SEND_HEARTBEAT {datanodeUUID=95e6fe0d-ba63-44f7-8a45-847da5452504, command=[]} | ret=SUCCESS |  
2019-08-29 09:33:09,569 [grpc-default-executor-4] INFO  client.GrpcClientProtocolClient (GrpcClientProtocolClient.java:onNext(255)) - client-E9E73D333C91->6a76bae0-5bcd-450f-b761-84a239d32397: receive RaftClientReply:client-E9E73D333C91->6a76bae0-5bcd-450f-b761-84a239d32397@group-38214EFEF1B1, cid=45, FAILED org.apache.ratis.protocol.NotLeaderException: Server 6a76bae0-5bcd-450f-b761-84a239d32397 is not the leader (cffcff0f-2752-46f1-bb20-4150682c084f:192.168.34.42:36452). Request must be sent to leader., logIndex=0, commits[6a76bae0-5bcd-450f-b761-84a239d32397:c8, 814b1e79-91cb-4747-afef-225b562b988f:c8, cffcff0f-2752-46f1-bb20-4150682c084f:c8]
2019-08-29 09:33:10,078 | INFO  | SCMAudit | user=jenkins1000 | ip=192.168.34.42 | op=SEND_HEARTBEAT {datanodeUUID=cffcff0f-2752-46f1-bb20-4150682c084f, command=[]} | ret=SUCCESS |  
2019-08-29 09:33:10,111 | INFO  | SCMAudit | user=jenkins1000 | ip=192.168.34.42 | op=SEND_HEARTBEAT {datanodeUUID=814b1e79-91cb-4747-afef-225b562b988f, command=[]} | ret=SUCCESS |  
2019-08-29 09:33:10,111 | INFO  | SCMAudit | user=jenkins1000 | ip=192.168.34.42 | op=SEND_HEARTBEAT {datanodeUUID=6a76bae0-5bcd-450f-b761-84a239d32397, command=[]} | ret=SUCCESS |  
2019-08-29 09:33:10,293 | INFO  | SCMAudit | user=jenkins1000 | ip=192.168.34.42 | op=SEND_HEARTBEAT {datanodeUUID=f5a90a23-db6d-4122-980c-2c6f67b12274, command=[]} | ret=SUCCESS |  
2019-08-29 09:33:10,373 | INFO  | SCMAudit | user=jenkins1000 | ip=192.168.34.42 | op=SEND_HEARTBEAT {datanodeUUID=04dfc250-5117-40ee-9223-ddc31d2a7fac, command=[]} | ret=SUCCESS |  
2019-08-29 09:33:10,435 | INFO  | SCMAudit | user=jenkins1000 | ip=192.168.34.42 | op=SEND_HEARTBEAT {datanodeUUID=f5689991-66b6-42db-ba36-9ef251e0e30a, command=[]} | ret=SUCCESS |  
2019-08-29 09:33:10,519 | INFO  | SCMAudit | user=jenkins1000 | ip=192.168.34.42 | op=SEND_HEARTBEAT {datanodeUUID=95e6fe0d-ba63-44f7-8a45-847da5452504, command=[]} | ret=SUCCESS |  
2019-08-29 09:33:11,078 | INFO  | SCMAudit | user=jenkins1000 | ip=192.168.34.42 | op=SEND_HEARTBEAT {datanodeUUID=cffcff0f-2752-46f1-bb20-4150682c084f, command=[]} | ret=SUCCESS |  
2019-08-29 09:33:11,111 | INFO  | SCMAudit | user=jenkins1000 | ip=192.168.34.42 | op=SEND_HEARTBEAT {datanodeUUID=814b1e79-91cb-4747-afef-225b562b988f, command=[]} | ret=SUCCESS |  
2019-08-29 09:33:11,111 | INFO  | SCMAudit | user=jenkins1000 | ip=192.168.34.42 | op=SEND_HEARTBEAT {datanodeUUID=6a76bae0-5bcd-450f-b761-84a239d32397, command=[]} | ret=SUCCESS |  
2019-08-29 09:33:11,294 | INFO  | SCMAudit | user=jenkins1000 | ip=192.168.34.42 | op=SEND_HEARTBEAT {datanodeUUID=f5a90a23-db6d-4122-980c-2c6f67b12274, command=[]} | ret=SUCCESS |  
2019-08-29 09:33:11,373 | INFO  | SCMAudit | user=jenkins1000 | ip=192.168.34.42 | op=SEND_HEARTBEAT {datanodeUUID=04dfc250-5117-40ee-9223-ddc31d2a7fac, command=[]} | ret=SUCCESS |  
2019-08-29 09:33:11,436 | INFO  | SCMAudit | user=jenkins1000 | ip=192.168.34.42 | op=SEND_HEARTBEAT {datanodeUUID=f5689991-66b6-42db-ba36-9ef251e0e30a, command=[]} | ret=SUCCESS |  
2019-08-29 09:33:11,519 | INFO  | SCMAudit | user=jenkins1000 | ip=192.168.34.42 | op=SEND_HEARTBEAT {datanodeUUID=95e6fe0d-ba63-44f7-8a45-847da5452504, command=[]} | ret=SUCCESS |  
2019-08-29 09:33:12,078 | INFO  | SCMAudit | user=jenkins1000 | ip=192.168.34.42 | op=SEND_HEARTBEAT {datanodeUUID=cffcff0f-2752-46f1-bb20-4150682c084f, command=[]} | ret=SUCCESS |  
2019-08-29 09:33:12,111 | INFO  | SCMAudit | user=jenkins1000 | ip=192.168.34.42 | op=SEND_HEARTBEAT {datanodeUUID=6a76bae0-5bcd-450f-b761-84a239d32397, command=[]} | ret=SUCCESS |  
2019-08-29 09:33:12,111 | INFO  | SCMAudit | user=jenkins1000 | ip=192.168.34.42 | op=SEND_HEARTBEAT {datanodeUUID=814b1e79-91cb-4747-afef-225b562b988f, command=[]} | ret=SUCCESS |  
2019-08-29 09:33:12,294 | INFO  | SCMAudit | user=jenkins1000 | ip=192.168.34.42 | op=SEND_HEARTBEAT {datanodeUUID=f5a90a23-db6d-4122-980c-2c6f67b12274, command=[]} | ret=SUCCESS |  
2019-08-29 09:33:12,372 | INFO  | SCMAudit | user=jenkins1000 | ip=192.168.34.42 | op=SEND_HEARTBEAT {datanodeUUID=04dfc250-5117-40ee-9223-ddc31d2a7fac, command=[]} | ret=SUCCESS |  
2019-08-29 09:33:12,436 | INFO  | SCMAudit | user=jenkins1000 | ip=192.168.34.42 | op=SEND_HEARTBEAT {datanodeUUID=f5689991-66b6-42db-ba36-9ef251e0e30a, command=[]} | ret=SUCCESS |  
2019-08-29 09:33:12,519 | INFO  | SCMAudit | user=jenkins1000 | ip=192.168.34.42 | op=SEND_HEARTBEAT {datanodeUUID=95e6fe0d-ba63-44f7-8a45-847da5452504, command=[]} | ret=SUCCESS |  
2019-08-29 09:33:13,079 | INFO  | SCMAudit | user=jenkins1000 | ip=192.168.34.42 | op=SEND_HEARTBEAT {datanodeUUID=cffcff0f-2752-46f1-bb20-4150682c084f, command=[]} | ret=SUCCESS |  
2019-08-29 09:33:13,112 | INFO  | SCMAudit | user=jenkins1000 | ip=192.168.34.42 | op=SEND_HEARTBEAT {datanodeUUID=814b1e79-91cb-4747-afef-225b562b988f, command=[]} | ret=SUCCESS |  
2019-08-29 09:33:13,112 | INFO  | SCMAudit | user=jenkins1000 | ip=192.168.34.42 | op=SEND_HEARTBEAT {datanodeUUID=6a76bae0-5bcd-450f-b761-84a239d32397, command=[]} | ret=SUCCESS |  
2019-08-29 09:33:13,295 | INFO  | SCMAudit | user=jenkins1000 | ip=192.168.34.42 | op=SEND_HEARTBEAT {datanodeUUID=f5a90a23-db6d-4122-980c-2c6f67b12274, command=[]} | ret=SUCCESS |  
2019-08-29 09:33:13,373 | INFO  | SCMAudit | user=jenkins1000 | ip=192.168.34.42 | op=SEND_HEARTBEAT {datanodeUUID=04dfc250-5117-40ee-9223-ddc31d2a7fac, command=[]} | ret=SUCCESS |  
2019-08-29 09:33:13,435 | INFO  | SCMAudit | user=jenkins1000 | ip=192.168.34.42 | op=SEND_HEARTBEAT {datanodeUUID=f5689991-66b6-42db-ba36-9ef251e0e30a, command=[]} | ret=SUCCESS |  
2019-08-29 09:33:13,520 | INFO  | SCMAudit | user=jenkins1000 | ip=192.168.34.42 | op=SEND_HEARTBEAT {datanodeUUID=95e6fe0d-ba63-44f7-8a45-847da5452504, command=[]} | ret=SUCCESS |  
2019-08-29 09:33:14,079 | INFO  | SCMAudit | user=jenkins1000 | ip=192.168.34.42 | op=SEND_HEARTBEAT {datanodeUUID=cffcff0f-2752-46f1-bb20-4150682c084f, command=[]} | ret=SUCCESS |  
2019-08-29 09:33:14,112 | INFO  | SCMAudit | user=jenkins1000 | ip=192.168.34.42 | op=SEND_HEARTBEAT {datanodeUUID=6a76bae0-5bcd-450f-b761-84a239d32397, command=[]} | ret=SUCCESS |  
2019-08-29 09:33:14,112 | INFO  | SCMAudit | user=jenkins1000 | ip=192.168.34.42 | op=SEND_HEARTBEAT {datanodeUUID=814b1e79-91cb-4747-afef-225b562b988f, command=[]} | ret=SUCCESS |  
2019-08-29 09:33:14,295 | INFO  | SCMAudit | user=jenkins1000 | ip=192.168.34.42 | op=SEND_HEARTBEAT {datanodeUUID=f5a90a23-db6d-4122-980c-2c6f67b12274, command=[]} | ret=SUCCESS |  
2019-08-29 09:33:14,373 | INFO  | SCMAudit | user=jenkins1000 | ip=192.168.34.42 | op=SEND_HEARTBEAT {datanodeUUID=04dfc250-5117-40ee-9223-ddc31d2a7fac, command=[]} | ret=SUCCESS |  
2019-08-29 09:33:14,435 | INFO  | SCMAudit | user=jenkins1000 | ip=192.168.34.42 | op=SEND_HEARTBEAT {datanodeUUID=f5689991-66b6-42db-ba36-9ef251e0e30a, command=[]} | ret=SUCCESS |  
2019-08-29 09:33:14,520 | INFO  | SCMAudit | user=jenkins1000 | ip=192.168.34.42 | op=SEND_HEARTBEAT {datanodeUUID=95e6fe0d-ba63-44f7-8a45-847da5452504, command=[]} | ret=SUCCESS |  
2019-08-29 09:33:14,619 [grpc-default-executor-0] INFO  client.GrpcClientProtocolClient (GrpcClientProtocolClient.java:onNext(255)) - client-E9E73D333C91->6a76bae0-5bcd-450f-b761-84a239d32397: receive RaftClientReply:client-E9E73D333C91->6a76bae0-5bcd-450f-b761-84a239d32397@group-38214EFEF1B1, cid=45, FAILED org.apache.ratis.protocol.NotLeaderException: Server 6a76bae0-5bcd-450f-b761-84a239d32397 is not the leader (cffcff0f-2752-46f1-bb20-4150682c084f:192.168.34.42:36452). Request must be sent to leader., logIndex=0, commits[6a76bae0-5bcd-450f-b761-84a239d32397:c8, 814b1e79-91cb-4747-afef-225b562b988f:c8, cffcff0f-2752-46f1-bb20-4150682c084f:c8]
2019-08-29 09:33:15,080 | INFO  | SCMAudit | user=jenkins1000 | ip=192.168.34.42 | op=SEND_HEARTBEAT {datanodeUUID=cffcff0f-2752-46f1-bb20-4150682c084f, command=[]} | ret=SUCCESS |  
2019-08-29 09:33:15,111 | INFO  | SCMAudit | user=jenkins1000 | ip=192.168.34.42 | op=SEND_HEARTBEAT {datanodeUUID=6a76bae0-5bcd-450f-b761-84a239d32397, command=[]} | ret=SUCCESS |  
2019-08-29 09:33:15,112 | INFO  | SCMAudit | user=jenkins1000 | ip=192.168.34.42 | op=SEND_HEARTBEAT {datanodeUUID=814b1e79-91cb-4747-afef-225b562b988f, command=[]} | ret=SUCCESS |  
2019-08-29 09:33:15,295 | INFO  | SCMAudit | user=jenkins1000 | ip=192.168.34.42 | op=SEND_HEARTBEAT {datanodeUUID=f5a90a23-db6d-4122-980c-2c6f67b12274, command=[]} | ret=SUCCESS |  
2019-08-29 09:33:15,373 | INFO  | SCMAudit | user=jenkins1000 | ip=192.168.34.42 | op=SEND_HEARTBEAT {datanodeUUID=04dfc250-5117-40ee-9223-ddc31d2a7fac, command=[]} | ret=SUCCESS |  
2019-08-29 09:33:15,436 | INFO  | SCMAudit | user=jenkins1000 | ip=192.168.34.42 | op=SEND_HEARTBEAT {datanodeUUID=f5689991-66b6-42db-ba36-9ef251e0e30a, command=[]} | ret=SUCCESS |  
2019-08-29 09:33:15,520 | INFO  | SCMAudit | user=jenkins1000 | ip=192.168.34.42 | op=SEND_HEARTBEAT {datanodeUUID=95e6fe0d-ba63-44f7-8a45-847da5452504, command=[]} | ret=SUCCESS |  
2019-08-29 09:33:16,080 | INFO  | SCMAudit | user=jenkins1000 | ip=192.168.34.42 | op=SEND_HEARTBEAT {datanodeUUID=cffcff0f-2752-46f1-bb20-4150682c084f, command=[]} | ret=SUCCESS |  
2019-08-29 09:33:16,112 | INFO  | SCMAudit | user=jenkins1000 | ip=192.168.34.42 | op=SEND_HEARTBEAT {datanodeUUID=6a76bae0-5bcd-450f-b761-84a239d32397, command=[]} | ret=SUCCESS |  
2019-08-29 09:33:16,112 | INFO  | SCMAudit | user=jenkins1000 | ip=192.168.34.42 | op=SEND_HEARTBEAT {datanodeUUID=814b1e79-91cb-4747-afef-225b562b988f, command=[]} | ret=SUCCESS |  
2019-08-29 09:33:16,296 | INFO  | SCMAudit | user=jenkins1000 | ip=192.168.34.42 | op=SEND_HEARTBEAT {datanodeUUID=f5a90a23-db6d-4122-980c-2c6f67b12274, command=[]} | ret=SUCCESS |  
2019-08-29 09:33:16,373 | INFO  | SCMAudit | user=jenkins1000 | ip=192.168.34.42 | op=SEND_HEARTBEAT {datanodeUUID=04dfc250-5117-40ee-9223-ddc31d2a7fac, command=[]} | ret=SUCCESS |  
2019-08-29 09:33:16,436 | INFO  | SCMAudit | user=jenkins1000 | ip=192.168.34.42 | op=SEND_HEARTBEAT {datanodeUUID=f5689991-66b6-42db-ba36-9ef251e0e30a, command=[]} | ret=SUCCESS |  
2019-08-29 09:33:16,521 | INFO  | SCMAudit | user=jenkins1000 | ip=192.168.34.42 | op=SEND_HEARTBEAT {datanodeUUID=95e6fe0d-ba63-44f7-8a45-847da5452504, command=[]} | ret=SUCCESS |  
2019-08-29 09:33:17,080 | INFO  | SCMAudit | user=jenkins1000 | ip=192.168.34.42 | op=SEND_HEARTBEAT {datanodeUUID=cffcff0f-2752-46f1-bb20-4150682c084f, command=[]} | ret=SUCCESS |  
2019-08-29 09:33:17,112 | INFO  | SCMAudit | user=jenkins1000 | ip=192.168.34.42 | op=SEND_HEARTBEAT {datanodeUUID=6a76bae0-5bcd-450f-b761-84a239d32397, command=[]} | ret=SUCCESS |  
2019-08-29 09:33:17,112 | INFO  | SCMAudit | user=jenkins1000 | ip=192.168.34.42 | op=SEND_HEARTBEAT {datanodeUUID=814b1e79-91cb-4747-afef-225b562b988f, command=[]} | ret=SUCCESS |  
2019-08-29 09:33:17,295 | INFO  | SCMAudit | user=jenkins1000 | ip=192.168.34.42 | op=SEND_HEARTBEAT {datanodeUUID=f5a90a23-db6d-4122-980c-2c6f67b12274, command=[]} | ret=SUCCESS |  
2019-08-29 09:33:17,373 | INFO  | SCMAudit | user=jenkins1000 | ip=192.168.34.42 | op=SEND_HEARTBEAT {datanodeUUID=04dfc250-5117-40ee-9223-ddc31d2a7fac, command=[]} | ret=SUCCESS |  
2019-08-29 09:33:17,436 | INFO  | SCMAudit | user=jenkins1000 | ip=192.168.34.42 | op=SEND_HEARTBEAT {datanodeUUID=f5689991-66b6-42db-ba36-9ef251e0e30a, command=[]} | ret=SUCCESS |  
2019-08-29 09:33:17,521 | INFO  | SCMAudit | user=jenkins1000 | ip=192.168.34.42 | op=SEND_HEARTBEAT {datanodeUUID=95e6fe0d-ba63-44f7-8a45-847da5452504, command=[]} | ret=SUCCESS |  
2019-08-29 09:33:18,080 | INFO  | SCMAudit | user=jenkins1000 | ip=192.168.34.42 | op=SEND_HEARTBEAT {datanodeUUID=cffcff0f-2752-46f1-bb20-4150682c084f, command=[]} | ret=SUCCESS |  
2019-08-29 09:33:18,112 | INFO  | SCMAudit | user=jenkins1000 | ip=192.168.34.42 | op=SEND_HEARTBEAT {datanodeUUID=6a76bae0-5bcd-450f-b761-84a239d32397, command=[]} | ret=SUCCESS |  
2019-08-29 09:33:18,112 | INFO  | SCMAudit | user=jenkins1000 | ip=192.168.34.42 | op=SEND_HEARTBEAT {datanodeUUID=814b1e79-91cb-4747-afef-225b562b988f, command=[]} | ret=SUCCESS |  
2019-08-29 09:33:18,296 | INFO  | SCMAudit | user=jenkins1000 | ip=192.168.34.42 | op=SEND_HEARTBEAT {datanodeUUID=f5a90a23-db6d-4122-980c-2c6f67b12274, command=[]} | ret=SUCCESS |  
2019-08-29 09:33:18,374 | INFO  | SCMAudit | user=jenkins1000 | ip=192.168.34.42 | op=SEND_HEARTBEAT {datanodeUUID=04dfc250-5117-40ee-9223-ddc31d2a7fac, command=[]} | ret=SUCCESS |  
2019-08-29 09:33:18,436 | INFO  | SCMAudit | user=jenkins1000 | ip=192.168.34.42 | op=SEND_HEARTBEAT {datanodeUUID=f5689991-66b6-42db-ba36-9ef251e0e30a, command=[]} | ret=SUCCESS |  
2019-08-29 09:33:18,521 | INFO  | SCMAudit | user=jenkins1000 | ip=192.168.34.42 | op=SEND_HEARTBEAT {datanodeUUID=95e6fe0d-ba63-44f7-8a45-847da5452504, command=[]} | ret=SUCCESS |  
2019-08-29 09:33:19,080 | INFO  | SCMAudit | user=jenkins1000 | ip=192.168.34.42 | op=SEND_HEARTBEAT {datanodeUUID=cffcff0f-2752-46f1-bb20-4150682c084f, command=[]} | ret=SUCCESS |  
2019-08-29 09:33:19,112 | INFO  | SCMAudit | user=jenkins1000 | ip=192.168.34.42 | op=SEND_HEARTBEAT {datanodeUUID=6a76bae0-5bcd-450f-b761-84a239d32397, command=[]} | ret=SUCCESS |  
2019-08-29 09:33:19,113 | INFO  | SCMAudit | user=jenkins1000 | ip=192.168.34.42 | op=SEND_HEARTBEAT {datanodeUUID=814b1e79-91cb-4747-afef-225b562b988f, command=[]} | ret=SUCCESS |  
2019-08-29 09:33:19,296 | INFO  | SCMAudit | user=jenkins1000 | ip=192.168.34.42 | op=SEND_HEARTBEAT {datanodeUUID=f5a90a23-db6d-4122-980c-2c6f67b12274, command=[]} | ret=SUCCESS |  
2019-08-29 09:33:19,373 | INFO  | SCMAudit | user=jenkins1000 | ip=192.168.34.42 | op=SEND_HEARTBEAT {datanodeUUID=04dfc250-5117-40ee-9223-ddc31d2a7fac, command=[]} | ret=SUCCESS |  
2019-08-29 09:33:19,436 | INFO  | SCMAudit | user=jenkins1000 | ip=192.168.34.42 | op=SEND_HEARTBEAT {datanodeUUID=f5689991-66b6-42db-ba36-9ef251e0e30a, command=[]} | ret=SUCCESS |  
2019-08-29 09:33:19,521 | INFO  | SCMAudit | user=jenkins1000 | ip=192.168.34.42 | op=SEND_HEARTBEAT {datanodeUUID=95e6fe0d-ba63-44f7-8a45-847da5452504, command=[]} | ret=SUCCESS |  
2019-08-29 09:33:19,654 [grpc-default-executor-4] INFO  client.GrpcClientProtocolClient (GrpcClientProtocolClient.java:onNext(255)) - client-E9E73D333C91->814b1e79-91cb-4747-afef-225b562b988f: receive RaftClientReply:client-E9E73D333C91->814b1e79-91cb-4747-afef-225b562b988f@group-38214EFEF1B1, cid=45, FAILED org.apache.ratis.protocol.NotLeaderException: Server 814b1e79-91cb-4747-afef-225b562b988f is not the leader (cffcff0f-2752-46f1-bb20-4150682c084f:192.168.34.42:36452). Request must be sent to leader., logIndex=0, commits[814b1e79-91cb-4747-afef-225b562b988f:c8, 6a76bae0-5bcd-450f-b761-84a239d32397:c8, cffcff0f-2752-46f1-bb20-4150682c084f:c8]
2019-08-29 09:33:20,080 | INFO  | SCMAudit | user=jenkins1000 | ip=192.168.34.42 | op=SEND_HEARTBEAT {datanodeUUID=cffcff0f-2752-46f1-bb20-4150682c084f, command=[]} | ret=SUCCESS |  
2019-08-29 09:33:20,111 | INFO  | SCMAudit | user=jenkins1000 | ip=192.168.34.42 | op=SEND_HEARTBEAT {datanodeUUID=6a76bae0-5bcd-450f-b761-84a239d32397, command=[]} | ret=SUCCESS |  
2019-08-29 09:33:20,112 | INFO  | SCMAudit | user=jenkins1000 | ip=192.168.34.42 | op=SEND_HEARTBEAT {datanodeUUID=814b1e79-91cb-4747-afef-225b562b988f, command=[]} | ret=SUCCESS |  
2019-08-29 09:33:20,296 | INFO  | SCMAudit | user=jenkins1000 | ip=192.168.34.42 | op=SEND_HEARTBEAT {datanodeUUID=f5a90a23-db6d-4122-980c-2c6f67b12274, command=[]} | ret=SUCCESS |  
2019-08-29 09:33:20,374 | INFO  | SCMAudit | user=jenkins1000 | ip=192.168.34.42 | op=SEND_HEARTBEAT {datanodeUUID=04dfc250-5117-40ee-9223-ddc31d2a7fac, command=[]} | ret=SUCCESS |  
2019-08-29 09:33:20,436 | INFO  | SCMAudit | user=jenkins1000 | ip=192.168.34.42 | op=SEND_HEARTBEAT {datanodeUUID=f5689991-66b6-42db-ba36-9ef251e0e30a, command=[]} | ret=SUCCESS |  
2019-08-29 09:33:20,522 | INFO  | SCMAudit | user=jenkins1000 | ip=192.168.34.42 | op=SEND_HEARTBEAT {datanodeUUID=95e6fe0d-ba63-44f7-8a45-847da5452504, command=[]} | ret=SUCCESS |  
2019-08-29 09:33:21,080 | INFO  | SCMAudit | user=jenkins1000 | ip=192.168.34.42 | op=SEND_HEARTBEAT {datanodeUUID=cffcff0f-2752-46f1-bb20-4150682c084f, command=[]} | ret=SUCCESS |  
2019-08-29 09:33:21,111 | INFO  | SCMAudit | user=jenkins1000 | ip=192.168.34.42 | op=SEND_HEARTBEAT {datanodeUUID=6a76bae0-5bcd-450f-b761-84a239d32397, command=[]} | ret=SUCCESS |  
2019-08-29 09:33:21,112 | INFO  | SCMAudit | user=jenkins1000 | ip=192.168.34.42 | op=SEND_HEARTBEAT {datanodeUUID=814b1e79-91cb-4747-afef-225b562b988f, command=[]} | ret=SUCCESS |  
2019-08-29 09:33:21,297 | INFO  | SCMAudit | user=jenkins1000 | ip=192.168.34.42 | op=SEND_HEARTBEAT {datanodeUUID=f5a90a23-db6d-4122-980c-2c6f67b12274, command=[]} | ret=SUCCESS |  
2019-08-29 09:33:21,374 | INFO  | SCMAudit | user=jenkins1000 | ip=192.168.34.42 | op=SEND_HEARTBEAT {datanodeUUID=04dfc250-5117-40ee-9223-ddc31d2a7fac, command=[]} | ret=SUCCESS |  
2019-08-29 09:33:21,436 | INFO  | SCMAudit | user=jenkins1000 | ip=192.168.34.42 | op=SEND_HEARTBEAT {datanodeUUID=f5689991-66b6-42db-ba36-9ef251e0e30a, command=[]} | ret=SUCCESS |  
2019-08-29 09:33:21,522 | INFO  | SCMAudit | user=jenkins1000 | ip=192.168.34.42 | op=SEND_HEARTBEAT {datanodeUUID=95e6fe0d-ba63-44f7-8a45-847da5452504, command=[]} | ret=SUCCESS |  
2019-08-29 09:33:22,081 | INFO  | SCMAudit | user=jenkins1000 | ip=192.168.34.42 | op=SEND_HEARTBEAT {datanodeUUID=cffcff0f-2752-46f1-bb20-4150682c084f, command=[]} | ret=SUCCESS |  
2019-08-29 09:33:22,111 | INFO  | SCMAudit | user=jenkins1000 | ip=192.168.34.42 | op=SEND_HEARTBEAT {datanodeUUID=6a76bae0-5bcd-450f-b761-84a239d32397, command=[]} | ret=SUCCESS |  
2019-08-29 09:33:22,112 | INFO  | SCMAudit | user=jenkins1000 | ip=192.168.34.42 | op=SEND_HEARTBEAT {datanodeUUID=814b1e79-91cb-4747-afef-225b562b988f, command=[]} | ret=SUCCESS |  
2019-08-29 09:33:22,296 | INFO  | SCMAudit | user=jenkins1000 | ip=192.168.34.42 | op=SEND_HEARTBEAT {datanodeUUID=f5a90a23-db6d-4122-980c-2c6f67b12274, command=[]} | ret=SUCCESS |  
2019-08-29 09:33:22,373 | INFO  | SCMAudit | user=jenkins1000 | ip=192.168.34.42 | op=SEND_HEARTBEAT {datanodeUUID=04dfc250-5117-40ee-9223-ddc31d2a7fac, command=[]} | ret=SUCCESS |  
2019-08-29 09:33:22,437 | INFO  | SCMAudit | user=jenkins1000 | ip=192.168.34.42 | op=SEND_HEARTBEAT {datanodeUUID=f5689991-66b6-42db-ba36-9ef251e0e30a, command=[]} | ret=SUCCESS |  
2019-08-29 09:33:22,521 | INFO  | SCMAudit | user=jenkins1000 | ip=192.168.34.42 | op=SEND_HEARTBEAT {datanodeUUID=95e6fe0d-ba63-44f7-8a45-847da5452504, command=[]} | ret=SUCCESS |  
2019-08-29 09:33:23,081 | INFO  | SCMAudit | user=jenkins1000 | ip=192.168.34.42 | op=SEND_HEARTBEAT {datanodeUUID=cffcff0f-2752-46f1-bb20-4150682c084f, command=[]} | ret=SUCCESS |  
2019-08-29 09:33:23,112 | INFO  | SCMAudit | user=jenkins1000 | ip=192.168.34.42 | op=SEND_HEARTBEAT {datanodeUUID=6a76bae0-5bcd-450f-b761-84a239d32397, command=[]} | ret=SUCCESS |  
2019-08-29 09:33:23,112 | INFO  | SCMAudit | user=jenkins1000 | ip=192.168.34.42 | op=SEND_HEARTBEAT {datanodeUUID=814b1e79-91cb-4747-afef-225b562b988f, command=[]} | ret=SUCCESS |  
2019-08-29 09:33:23,297 | INFO  | SCMAudit | user=jenkins1000 | ip=192.168.34.42 | op=SEND_HEARTBEAT {datanodeUUID=f5a90a23-db6d-4122-980c-2c6f67b12274, command=[]} | ret=SUCCESS |  
2019-08-29 09:33:23,374 | INFO  | SCMAudit | user=jenkins1000 | ip=192.168.34.42 | op=SEND_HEARTBEAT {datanodeUUID=04dfc250-5117-40ee-9223-ddc31d2a7fac, command=[]} | ret=SUCCESS |  
2019-08-29 09:33:23,437 | INFO  | SCMAudit | user=jenkins1000 | ip=192.168.34.42 | op=SEND_HEARTBEAT {datanodeUUID=f5689991-66b6-42db-ba36-9ef251e0e30a, command=[]} | ret=SUCCESS |  
2019-08-29 09:33:23,522 | INFO  | SCMAudit | user=jenkins1000 | ip=192.168.34.42 | op=SEND_HEARTBEAT {datanodeUUID=95e6fe0d-ba63-44f7-8a45-847da5452504, command=[]} | ret=SUCCESS |  
2019-08-29 09:33:24,082 | INFO  | SCMAudit | user=jenkins1000 | ip=192.168.34.42 | op=SEND_HEARTBEAT {datanodeUUID=cffcff0f-2752-46f1-bb20-4150682c084f, command=[]} | ret=SUCCESS |  
2019-08-29 09:33:24,111 | INFO  | SCMAudit | user=jenkins1000 | ip=192.168.34.42 | op=SEND_HEARTBEAT {datanodeUUID=6a76bae0-5bcd-450f-b761-84a239d32397, command=[]} | ret=SUCCESS |  
2019-08-29 09:33:24,112 | INFO  | SCMAudit | user=jenkins1000 | ip=192.168.34.42 | op=SEND_HEARTBEAT {datanodeUUID=814b1e79-91cb-4747-afef-225b562b988f, command=[]} | ret=SUCCESS |  
2019-08-29 09:33:24,297 | INFO  | SCMAudit | user=jenkins1000 | ip=192.168.34.42 | op=SEND_HEARTBEAT {datanodeUUID=f5a90a23-db6d-4122-980c-2c6f67b12274, command=[]} | ret=SUCCESS |  
2019-08-29 09:33:24,374 | INFO  | SCMAudit | user=jenkins1000 | ip=192.168.34.42 | op=SEND_HEARTBEAT {datanodeUUID=04dfc250-5117-40ee-9223-ddc31d2a7fac, command=[]} | ret=SUCCESS |  
2019-08-29 09:33:24,437 | INFO  | SCMAudit | user=jenkins1000 | ip=192.168.34.42 | op=SEND_HEARTBEAT {datanodeUUID=f5689991-66b6-42db-ba36-9ef251e0e30a, command=[]} | ret=SUCCESS |  
2019-08-29 09:33:24,521 | INFO  | SCMAudit | user=jenkins1000 | ip=192.168.34.42 | op=SEND_HEARTBEAT {datanodeUUID=95e6fe0d-ba63-44f7-8a45-847da5452504, command=[]} | ret=SUCCESS |  
2019-08-29 09:33:24,724 [grpc-default-executor-4] INFO  client.GrpcClientProtocolClient (GrpcClientProtocolClient.java:onNext(255)) - client-E9E73D333C91->814b1e79-91cb-4747-afef-225b562b988f: receive RaftClientReply:client-E9E73D333C91->814b1e79-91cb-4747-afef-225b562b988f@group-38214EFEF1B1, cid=45, FAILED org.apache.ratis.protocol.NotLeaderException: Server 814b1e79-91cb-4747-afef-225b562b988f is not the leader (cffcff0f-2752-46f1-bb20-4150682c084f:192.168.34.42:36452). Request must be sent to leader., logIndex=0, commits[814b1e79-91cb-4747-afef-225b562b988f:c8, 6a76bae0-5bcd-450f-b761-84a239d32397:c8, cffcff0f-2752-46f1-bb20-4150682c084f:c8]
2019-08-29 09:33:25,083 | INFO  | SCMAudit | user=jenkins1000 | ip=192.168.34.42 | op=SEND_HEARTBEAT {datanodeUUID=cffcff0f-2752-46f1-bb20-4150682c084f, command=[]} | ret=SUCCESS |  
2019-08-29 09:33:25,111 | INFO  | SCMAudit | user=jenkins1000 | ip=192.168.34.42 | op=SEND_HEARTBEAT {datanodeUUID=6a76bae0-5bcd-450f-b761-84a239d32397, command=[]} | ret=SUCCESS |  
2019-08-29 09:33:25,112 | INFO  | SCMAudit | user=jenkins1000 | ip=192.168.34.42 | op=SEND_HEARTBEAT {datanodeUUID=814b1e79-91cb-4747-afef-225b562b988f, command=[]} | ret=SUCCESS |  
2019-08-29 09:33:25,296 | INFO  | SCMAudit | user=jenkins1000 | ip=192.168.34.42 | op=SEND_HEARTBEAT {datanodeUUID=f5a90a23-db6d-4122-980c-2c6f67b12274, command=[]} | ret=SUCCESS |  
2019-08-29 09:33:25,374 | INFO  | SCMAudit | user=jenkins1000 | ip=192.168.34.42 | op=SEND_HEARTBEAT {datanodeUUID=04dfc250-5117-40ee-9223-ddc31d2a7fac, command=[]} | ret=SUCCESS |  
2019-08-29 09:33:25,437 | INFO  | SCMAudit | user=jenkins1000 | ip=192.168.34.42 | op=SEND_HEARTBEAT {datanodeUUID=f5689991-66b6-42db-ba36-9ef251e0e30a, command=[]} | ret=SUCCESS |  
2019-08-29 09:33:25,522 | INFO  | SCMAudit | user=jenkins1000 | ip=192.168.34.42 | op=SEND_HEARTBEAT {datanodeUUID=95e6fe0d-ba63-44f7-8a45-847da5452504, command=[]} | ret=SUCCESS |  
2019-08-29 09:33:26,083 | INFO  | SCMAudit | user=jenkins1000 | ip=192.168.34.42 | op=SEND_HEARTBEAT {datanodeUUID=cffcff0f-2752-46f1-bb20-4150682c084f, command=[]} | ret=SUCCESS |  
2019-08-29 09:33:26,111 | INFO  | SCMAudit | user=jenkins1000 | ip=192.168.34.42 | op=SEND_HEARTBEAT {datanodeUUID=6a76bae0-5bcd-450f-b761-84a239d32397, command=[]} | ret=SUCCESS |  
2019-08-29 09:33:26,112 | INFO  | SCMAudit | user=jenkins1000 | ip=192.168.34.42 | op=SEND_HEARTBEAT {datanodeUUID=814b1e79-91cb-4747-afef-225b562b988f, command=[]} | ret=SUCCESS |  
2019-08-29 09:33:26,297 | INFO  | SCMAudit | user=jenkins1000 | ip=192.168.34.42 | op=SEND_HEARTBEAT {datanodeUUID=f5a90a23-db6d-4122-980c-2c6f67b12274, command=[]} | ret=SUCCESS |  
2019-08-29 09:33:26,375 | INFO  | SCMAudit | user=jenkins1000 | ip=192.168.34.42 | op=SEND_HEARTBEAT {datanodeUUID=04dfc250-5117-40ee-9223-ddc31d2a7fac, command=[]} | ret=SUCCESS |  
2019-08-29 09:33:26,437 | INFO  | SCMAudit | user=jenkins1000 | ip=192.168.34.42 | op=SEND_HEARTBEAT {datanodeUUID=f5689991-66b6-42db-ba36-9ef251e0e30a, command=[]} | ret=SUCCESS |  
2019-08-29 09:33:26,522 | INFO  | SCMAudit | user=jenkins1000 | ip=192.168.34.42 | op=SEND_HEARTBEAT {datanodeUUID=95e6fe0d-ba63-44f7-8a45-847da5452504, command=[]} | ret=SUCCESS |  
2019-08-29 09:33:27,083 | INFO  | SCMAudit | user=jenkins1000 | ip=192.168.34.42 | op=SEND_HEARTBEAT {datanodeUUID=cffcff0f-2752-46f1-bb20-4150682c084f, command=[]} | ret=SUCCESS |  
2019-08-29 09:33:27,112 | INFO  | SCMAudit | user=jenkins1000 | ip=192.168.34.42 | op=SEND_HEARTBEAT {datanodeUUID=814b1e79-91cb-4747-afef-225b562b988f, command=[]} | ret=SUCCESS |  
2019-08-29 09:33:27,112 | INFO  | SCMAudit | user=jenkins1000 | ip=192.168.34.42 | op=SEND_HEARTBEAT {datanodeUUID=6a76bae0-5bcd-450f-b761-84a239d32397, command=[]} | ret=SUCCESS |  
2019-08-29 09:33:27,296 | INFO  | SCMAudit | user=jenkins1000 | ip=192.168.34.42 | op=SEND_HEARTBEAT {datanodeUUID=f5a90a23-db6d-4122-980c-2c6f67b12274, command=[]} | ret=SUCCESS |  
2019-08-29 09:33:27,375 | INFO  | SCMAudit | user=jenkins1000 | ip=192.168.34.42 | op=SEND_HEARTBEAT {datanodeUUID=04dfc250-5117-40ee-9223-ddc31d2a7fac, command=[]} | ret=SUCCESS |  
2019-08-29 09:33:27,437 | INFO  | SCMAudit | user=jenkins1000 | ip=192.168.34.42 | op=SEND_HEARTBEAT {datanodeUUID=f5689991-66b6-42db-ba36-9ef251e0e30a, command=[]} | ret=SUCCESS |  
2019-08-29 09:33:27,522 | INFO  | SCMAudit | user=jenkins1000 | ip=192.168.34.42 | op=SEND_HEARTBEAT {datanodeUUID=95e6fe0d-ba63-44f7-8a45-847da5452504, command=[]} | ret=SUCCESS |  
2019-08-29 09:33:28,084 | INFO  | SCMAudit | user=jenkins1000 | ip=192.168.34.42 | op=SEND_HEARTBEAT {datanodeUUID=cffcff0f-2752-46f1-bb20-4150682c084f, command=[]} | ret=SUCCESS |  
2019-08-29 09:33:28,111 | INFO  | SCMAudit | user=jenkins1000 | ip=192.168.34.42 | op=SEND_HEARTBEAT {datanodeUUID=6a76bae0-5bcd-450f-b761-84a239d32397, command=[]} | ret=SUCCESS |  
2019-08-29 09:33:28,112 | INFO  | SCMAudit | user=jenkins1000 | ip=192.168.34.42 | op=SEND_HEARTBEAT {datanodeUUID=814b1e79-91cb-4747-afef-225b562b988f, command=[]} | ret=SUCCESS |  
2019-08-29 09:33:28,297 | INFO  | SCMAudit | user=jenkins1000 | ip=192.168.34.42 | op=SEND_HEARTBEAT {datanodeUUID=f5a90a23-db6d-4122-980c-2c6f67b12274, command=[]} | ret=SUCCESS |  
2019-08-29 09:33:28,374 | INFO  | SCMAudit | user=jenkins1000 | ip=192.168.34.42 | op=SEND_HEARTBEAT {datanodeUUID=04dfc250-5117-40ee-9223-ddc31d2a7fac, command=[]} | ret=SUCCESS |  
2019-08-29 09:33:28,438 | INFO  | SCMAudit | user=jenkins1000 | ip=192.168.34.42 | op=SEND_HEARTBEAT {datanodeUUID=f5689991-66b6-42db-ba36-9ef251e0e30a, command=[]} | ret=SUCCESS |  
2019-08-29 09:33:28,522 | INFO  | SCMAudit | user=jenkins1000 | ip=192.168.34.42 | op=SEND_HEARTBEAT {datanodeUUID=95e6fe0d-ba63-44f7-8a45-847da5452504, command=[]} | ret=SUCCESS |  
2019-08-29 09:33:29,084 | INFO  | SCMAudit | user=jenkins1000 | ip=192.168.34.42 | op=SEND_HEARTBEAT {datanodeUUID=cffcff0f-2752-46f1-bb20-4150682c084f, command=[]} | ret=SUCCESS |  
2019-08-29 09:33:29,111 | INFO  | SCMAudit | user=jenkins1000 | ip=192.168.34.42 | op=SEND_HEARTBEAT {datanodeUUID=6a76bae0-5bcd-450f-b761-84a239d32397, command=[]} | ret=SUCCESS |  
2019-08-29 09:33:29,112 | INFO  | SCMAudit | user=jenkins1000 | ip=192.168.34.42 | op=SEND_HEARTBEAT {datanodeUUID=814b1e79-91cb-4747-afef-225b562b988f, command=[]} | ret=SUCCESS |  
2019-08-29 09:33:29,297 | INFO  | SCMAudit | user=jenkins1000 | ip=192.168.34.42 | op=SEND_HEARTBEAT {datanodeUUID=f5a90a23-db6d-4122-980c-2c6f67b12274, command=[]} | ret=SUCCESS |  
2019-08-29 09:33:29,375 | INFO  | SCMAudit | user=jenkins1000 | ip=192.168.34.42 | op=SEND_HEARTBEAT {datanodeUUID=04dfc250-5117-40ee-9223-ddc31d2a7fac, command=[]} | ret=SUCCESS |  
2019-08-29 09:33:29,438 | INFO  | SCMAudit | user=jenkins1000 | ip=192.168.34.42 | op=SEND_HEARTBEAT {datanodeUUID=f5689991-66b6-42db-ba36-9ef251e0e30a, command=[]} | ret=SUCCESS |  
2019-08-29 09:33:29,522 | INFO  | SCMAudit | user=jenkins1000 | ip=192.168.34.42 | op=SEND_HEARTBEAT {datanodeUUID=95e6fe0d-ba63-44f7-8a45-847da5452504, command=[]} | ret=SUCCESS |  
2019-08-29 09:33:29,771 [grpc-default-executor-4] INFO  client.GrpcClientProtocolClient (GrpcClientProtocolClient.java:onNext(255)) - client-E9E73D333C91->814b1e79-91cb-4747-afef-225b562b988f: receive RaftClientReply:client-E9E73D333C91->814b1e79-91cb-4747-afef-225b562b988f@group-38214EFEF1B1, cid=45, FAILED org.apache.ratis.protocol.NotLeaderException: Server 814b1e79-91cb-4747-afef-225b562b988f is not the leader (cffcff0f-2752-46f1-bb20-4150682c084f:192.168.34.42:36452). Request must be sent to leader., logIndex=0, commits[814b1e79-91cb-4747-afef-225b562b988f:c8, 6a76bae0-5bcd-450f-b761-84a239d32397:c8, cffcff0f-2752-46f1-bb20-4150682c084f:c8]
2019-08-29 09:33:30,084 | INFO  | SCMAudit | user=jenkins1000 | ip=192.168.34.42 | op=SEND_HEARTBEAT {datanodeUUID=cffcff0f-2752-46f1-bb20-4150682c084f, command=[]} | ret=SUCCESS |  
2019-08-29 09:33:30,111 | INFO  | SCMAudit | user=jenkins1000 | ip=192.168.34.42 | op=SEND_HEARTBEAT {datanodeUUID=6a76bae0-5bcd-450f-b761-84a239d32397, command=[]} | ret=SUCCESS |  
2019-08-29 09:33:30,112 | INFO  | SCMAudit | user=jenkins1000 | ip=192.168.34.42 | op=SEND_HEARTBEAT {datanodeUUID=814b1e79-91cb-4747-afef-225b562b988f, command=[]} | ret=SUCCESS |  
2019-08-29 09:33:30,296 | INFO  | SCMAudit | user=jenkins1000 | ip=192.168.34.42 | op=SEND_HEARTBEAT {datanodeUUID=f5a90a23-db6d-4122-980c-2c6f67b12274, command=[]} | ret=SUCCESS |  
2019-08-29 09:33:30,375 | INFO  | SCMAudit | user=jenkins1000 | ip=192.168.34.42 | op=SEND_HEARTBEAT {datanodeUUID=04dfc250-5117-40ee-9223-ddc31d2a7fac, command=[]} | ret=SUCCESS |  
2019-08-29 09:33:30,438 | INFO  | SCMAudit | user=jenkins1000 | ip=192.168.34.42 | op=SEND_HEARTBEAT {datanodeUUID=f5689991-66b6-42db-ba36-9ef251e0e30a, command=[]} | ret=SUCCESS |  
2019-08-29 09:33:30,522 | INFO  | SCMAudit | user=jenkins1000 | ip=192.168.34.42 | op=SEND_HEARTBEAT {datanodeUUID=95e6fe0d-ba63-44f7-8a45-847da5452504, command=[]} | ret=SUCCESS |  
2019-08-29 09:33:31,083 | INFO  | SCMAudit | user=jenkins1000 | ip=192.168.34.42 | op=SEND_HEARTBEAT {datanodeUUID=cffcff0f-2752-46f1-bb20-4150682c084f, command=[]} | ret=SUCCESS |  
2019-08-29 09:33:31,112 | INFO  | SCMAudit | user=jenkins1000 | ip=192.168.34.42 | op=SEND_HEARTBEAT {datanodeUUID=6a76bae0-5bcd-450f-b761-84a239d32397, command=[]} | ret=SUCCESS |  
2019-08-29 09:33:31,112 | INFO  | SCMAudit | user=jenkins1000 | ip=192.168.34.42 | op=SEND_HEARTBEAT {datanodeUUID=814b1e79-91cb-4747-afef-225b562b988f, command=[]} | ret=SUCCESS |  
2019-08-29 09:33:31,297 | INFO  | SCMAudit | user=jenkins1000 | ip=192.168.34.42 | op=SEND_HEARTBEAT {datanodeUUID=f5a90a23-db6d-4122-980c-2c6f67b12274, command=[]} | ret=SUCCESS |  
2019-08-29 09:33:31,374 | INFO  | SCMAudit | user=jenkins1000 | ip=192.168.34.42 | op=SEND_HEARTBEAT {datanodeUUID=04dfc250-5117-40ee-9223-ddc31d2a7fac, command=[]} | ret=SUCCESS |  
2019-08-29 09:33:31,437 | INFO  | SCMAudit | user=jenkins1000 | ip=192.168.34.42 | op=SEND_HEARTBEAT {datanodeUUID=f5689991-66b6-42db-ba36-9ef251e0e30a, command=[]} | ret=SUCCESS |  
2019-08-29 09:33:31,523 | INFO  | SCMAudit | user=jenkins1000 | ip=192.168.34.42 | op=SEND_HEARTBEAT {datanodeUUID=95e6fe0d-ba63-44f7-8a45-847da5452504, command=[]} | ret=SUCCESS |  
2019-08-29 09:33:32,085 | INFO  | SCMAudit | user=jenkins1000 | ip=192.168.34.42 | op=SEND_HEARTBEAT {datanodeUUID=cffcff0f-2752-46f1-bb20-4150682c084f, command=[]} | ret=SUCCESS |  
2019-08-29 09:33:32,112 | INFO  | SCMAudit | user=jenkins1000 | ip=192.168.34.42 | op=SEND_HEARTBEAT {datanodeUUID=6a76bae0-5bcd-450f-b761-84a239d32397, command=[]} | ret=SUCCESS |  
2019-08-29 09:33:32,112 | INFO  | SCMAudit | user=jenkins1000 | ip=192.168.34.42 | op=SEND_HEARTBEAT {datanodeUUID=814b1e79-91cb-4747-afef-225b562b988f, command=[]} | ret=SUCCESS |  
2019-08-29 09:33:32,297 | INFO  | SCMAudit | user=jenkins1000 | ip=192.168.34.42 | op=SEND_HEARTBEAT {datanodeUUID=f5a90a23-db6d-4122-980c-2c6f67b12274, command=[]} | ret=SUCCESS |  
2019-08-29 09:33:32,374 | INFO  | SCMAudit | user=jenkins1000 | ip=192.168.34.42 | op=SEND_HEARTBEAT {datanodeUUID=04dfc250-5117-40ee-9223-ddc31d2a7fac, command=[]} | ret=SUCCESS |  
2019-08-29 09:33:32,437 | INFO  | SCMAudit | user=jenkins1000 | ip=192.168.34.42 | op=SEND_HEARTBEAT {datanodeUUID=f5689991-66b6-42db-ba36-9ef251e0e30a, command=[]} | ret=SUCCESS |  
2019-08-29 09:33:32,522 | INFO  | SCMAudit | user=jenkins1000 | ip=192.168.34.42 | op=SEND_HEARTBEAT {datanodeUUID=95e6fe0d-ba63-44f7-8a45-847da5452504, command=[]} | ret=SUCCESS |  
2019-08-29 09:33:33,083 | INFO  | SCMAudit | user=jenkins1000 | ip=192.168.34.42 | op=SEND_HEARTBEAT {datanodeUUID=cffcff0f-2752-46f1-bb20-4150682c084f, command=[]} | ret=SUCCESS |  
2019-08-29 09:33:33,112 | INFO  | SCMAudit | user=jenkins1000 | ip=192.168.34.42 | op=SEND_HEARTBEAT {datanodeUUID=6a76bae0-5bcd-450f-b761-84a239d32397, command=[]} | ret=SUCCESS |  
2019-08-29 09:33:33,112 | INFO  | SCMAudit | user=jenkins1000 | ip=192.168.34.42 | op=SEND_HEARTBEAT {datanodeUUID=814b1e79-91cb-4747-afef-225b562b988f, command=[]} | ret=SUCCESS |  
2019-08-29 09:33:33,297 | INFO  | SCMAudit | user=jenkins1000 | ip=192.168.34.42 | op=SEND_HEARTBEAT {datanodeUUID=f5a90a23-db6d-4122-980c-2c6f67b12274, command=[]} | ret=SUCCESS |  
2019-08-29 09:33:33,375 | INFO  | SCMAudit | user=jenkins1000 | ip=192.168.34.42 | op=SEND_HEARTBEAT {datanodeUUID=04dfc250-5117-40ee-9223-ddc31d2a7fac, command=[]} | ret=SUCCESS |  
2019-08-29 09:33:33,437 | INFO  | SCMAudit | user=jenkins1000 | ip=192.168.34.42 | op=SEND_HEARTBEAT {datanodeUUID=f5689991-66b6-42db-ba36-9ef251e0e30a, command=[]} | ret=SUCCESS |  
2019-08-29 09:33:33,523 | INFO  | SCMAudit | user=jenkins1000 | ip=192.168.34.42 | op=SEND_HEARTBEAT {datanodeUUID=95e6fe0d-ba63-44f7-8a45-847da5452504, command=[]} | ret=SUCCESS |  
2019-08-29 09:33:34,084 | INFO  | SCMAudit | user=jenkins1000 | ip=192.168.34.42 | op=SEND_HEARTBEAT {datanodeUUID=cffcff0f-2752-46f1-bb20-4150682c084f, command=[]} | ret=SUCCESS |  
2019-08-29 09:33:34,112 | INFO  | SCMAudit | user=jenkins1000 | ip=192.168.34.42 | op=SEND_HEARTBEAT {datanodeUUID=814b1e79-91cb-4747-afef-225b562b988f, command=[]} | ret=SUCCESS |  
2019-08-29 09:33:34,112 | INFO  | SCMAudit | user=jenkins1000 | ip=192.168.34.42 | op=SEND_HEARTBEAT {datanodeUUID=6a76bae0-5bcd-450f-b761-84a239d32397, command=[]} | ret=SUCCESS |  
2019-08-29 09:33:34,297 | INFO  | SCMAudit | user=jenkins1000 | ip=192.168.34.42 | op=SEND_HEARTBEAT {datanodeUUID=f5a90a23-db6d-4122-980c-2c6f67b12274, command=[]} | ret=SUCCESS |  
2019-08-29 09:33:34,374 | INFO  | SCMAudit | user=jenkins1000 | ip=192.168.34.42 | op=SEND_HEARTBEAT {datanodeUUID=04dfc250-5117-40ee-9223-ddc31d2a7fac, command=[]} | ret=SUCCESS |  
2019-08-29 09:33:34,438 | INFO  | SCMAudit | user=jenkins1000 | ip=192.168.34.42 | op=SEND_HEARTBEAT {datanodeUUID=f5689991-66b6-42db-ba36-9ef251e0e30a, command=[]} | ret=SUCCESS |  
2019-08-29 09:33:34,523 | INFO  | SCMAudit | user=jenkins1000 | ip=192.168.34.42 | op=SEND_HEARTBEAT {datanodeUUID=95e6fe0d-ba63-44f7-8a45-847da5452504, command=[]} | ret=SUCCESS |  
2019-08-29 09:33:34,813 [grpc-default-executor-0] INFO  client.GrpcClientProtocolClient (GrpcClientProtocolClient.java:onNext(255)) - client-E9E73D333C91->814b1e79-91cb-4747-afef-225b562b988f: receive RaftClientReply:client-E9E73D333C91->814b1e79-91cb-4747-afef-225b562b988f@group-38214EFEF1B1, cid=45, FAILED org.apache.ratis.protocol.NotLeaderException: Server 814b1e79-91cb-4747-afef-225b562b988f is not the leader (cffcff0f-2752-46f1-bb20-4150682c084f:192.168.34.42:36452). Request must be sent to leader., logIndex=0, commits[814b1e79-91cb-4747-afef-225b562b988f:c8, 6a76bae0-5bcd-450f-b761-84a239d32397:c8, cffcff0f-2752-46f1-bb20-4150682c084f:c8]
2019-08-29 09:33:35,084 | INFO  | SCMAudit | user=jenkins1000 | ip=192.168.34.42 | op=SEND_HEARTBEAT {datanodeUUID=cffcff0f-2752-46f1-bb20-4150682c084f, command=[]} | ret=SUCCESS |  
2019-08-29 09:33:35,112 | INFO  | SCMAudit | user=jenkins1000 | ip=192.168.34.42 | op=SEND_HEARTBEAT {datanodeUUID=814b1e79-91cb-4747-afef-225b562b988f, command=[]} | ret=SUCCESS |  
2019-08-29 09:33:35,112 | INFO  | SCMAudit | user=jenkins1000 | ip=192.168.34.42 | op=SEND_HEARTBEAT {datanodeUUID=6a76bae0-5bcd-450f-b761-84a239d32397, command=[]} | ret=SUCCESS |  
2019-08-29 09:33:35,298 | INFO  | SCMAudit | user=jenkins1000 | ip=192.168.34.42 | op=SEND_HEARTBEAT {datanodeUUID=f5a90a23-db6d-4122-980c-2c6f67b12274, command=[]} | ret=SUCCESS |  
2019-08-29 09:33:35,374 | INFO  | SCMAudit | user=jenkins1000 | ip=192.168.34.42 | op=SEND_HEARTBEAT {datanodeUUID=04dfc250-5117-40ee-9223-ddc31d2a7fac, command=[]} | ret=SUCCESS |  
2019-08-29 09:33:35,438 | INFO  | SCMAudit | user=jenkins1000 | ip=192.168.34.42 | op=SEND_HEARTBEAT {datanodeUUID=f5689991-66b6-42db-ba36-9ef251e0e30a, command=[]} | ret=SUCCESS |  
2019-08-29 09:33:35,523 | INFO  | SCMAudit | user=jenkins1000 | ip=192.168.34.42 | op=SEND_HEARTBEAT {datanodeUUID=95e6fe0d-ba63-44f7-8a45-847da5452504, command=[]} | ret=SUCCESS |  
2019-08-29 09:33:36,084 | INFO  | SCMAudit | user=jenkins1000 | ip=192.168.34.42 | op=SEND_HEARTBEAT {datanodeUUID=cffcff0f-2752-46f1-bb20-4150682c084f, command=[]} | ret=SUCCESS |  
2019-08-29 09:33:36,112 | INFO  | SCMAudit | user=jenkins1000 | ip=192.168.34.42 | op=SEND_HEARTBEAT {datanodeUUID=6a76bae0-5bcd-450f-b761-84a239d32397, command=[]} | ret=SUCCESS |  
2019-08-29 09:33:36,112 | INFO  | SCMAudit | user=jenkins1000 | ip=192.168.34.42 | op=SEND_HEARTBEAT {datanodeUUID=814b1e79-91cb-4747-afef-225b562b988f, command=[]} | ret=SUCCESS |  
2019-08-29 09:33:36,298 | INFO  | SCMAudit | user=jenkins1000 | ip=192.168.34.42 | op=SEND_HEARTBEAT {datanodeUUID=f5a90a23-db6d-4122-980c-2c6f67b12274, command=[]} | ret=SUCCESS |  
2019-08-29 09:33:36,375 | INFO  | SCMAudit | user=jenkins1000 | ip=192.168.34.42 | op=SEND_HEARTBEAT {datanodeUUID=04dfc250-5117-40ee-9223-ddc31d2a7fac, command=[]} | ret=SUCCESS |  
2019-08-29 09:33:36,438 | INFO  | SCMAudit | user=jenkins1000 | ip=192.168.34.42 | op=SEND_HEARTBEAT {datanodeUUID=f5689991-66b6-42db-ba36-9ef251e0e30a, command=[]} | ret=SUCCESS |  
2019-08-29 09:33:36,524 | INFO  | SCMAudit | user=jenkins1000 | ip=192.168.34.42 | op=SEND_HEARTBEAT {datanodeUUID=95e6fe0d-ba63-44f7-8a45-847da5452504, command=[]} | ret=SUCCESS |  
2019-08-29 09:33:37,083 | INFO  | SCMAudit | user=jenkins1000 | ip=192.168.34.42 | op=SEND_HEARTBEAT {datanodeUUID=cffcff0f-2752-46f1-bb20-4150682c084f, command=[]} | ret=SUCCESS |  
2019-08-29 09:33:37,112 | INFO  | SCMAudit | user=jenkins1000 | ip=192.168.34.42 | op=SEND_HEARTBEAT {datanodeUUID=6a76bae0-5bcd-450f-b761-84a239d32397, command=[]} | ret=SUCCESS |  
2019-08-29 09:33:37,112 | INFO  | SCMAudit | user=jenkins1000 | ip=192.168.34.42 | op=SEND_HEARTBEAT {datanodeUUID=814b1e79-91cb-4747-afef-225b562b988f, command=[]} | ret=SUCCESS |  
2019-08-29 09:33:37,297 | INFO  | SCMAudit | user=jenkins1000 | ip=192.168.34.42 | op=SEND_HEARTBEAT {datanodeUUID=f5a90a23-db6d-4122-980c-2c6f67b12274, command=[]} | ret=SUCCESS |  
2019-08-29 09:33:37,374 | INFO  | SCMAudit | user=jenkins1000 | ip=192.168.34.42 | op=SEND_HEARTBEAT {datanodeUUID=04dfc250-5117-40ee-9223-ddc31d2a7fac, command=[]} | ret=SUCCESS |  
2019-08-29 09:33:37,438 | INFO  | SCMAudit | user=jenkins1000 | ip=192.168.34.42 | op=SEND_HEARTBEAT {datanodeUUID=f5689991-66b6-42db-ba36-9ef251e0e30a, command=[]} | ret=SUCCESS |  
2019-08-29 09:33:37,523 | INFO  | SCMAudit | user=jenkins1000 | ip=192.168.34.42 | op=SEND_HEARTBEAT {datanodeUUID=95e6fe0d-ba63-44f7-8a45-847da5452504, command=[]} | ret=SUCCESS |  
2019-08-29 09:33:38,083 | INFO  | SCMAudit | user=jenkins1000 | ip=192.168.34.42 | op=SEND_HEARTBEAT {datanodeUUID=cffcff0f-2752-46f1-bb20-4150682c084f, command=[]} | ret=SUCCESS |  
2019-08-29 09:33:38,112 | INFO  | SCMAudit | user=jenkins1000 | ip=192.168.34.42 | op=SEND_HEARTBEAT {datanodeUUID=814b1e79-91cb-4747-afef-225b562b988f, command=[]} | ret=SUCCESS |  
2019-08-29 09:33:38,112 | INFO  | SCMAudit | user=jenkins1000 | ip=192.168.34.42 | op=SEND_HEARTBEAT {datanodeUUID=6a76bae0-5bcd-450f-b761-84a239d32397, command=[]} | ret=SUCCESS |  
2019-08-29 09:33:38,298 | INFO  | SCMAudit | user=jenkins1000 | ip=192.168.34.42 | op=SEND_HEARTBEAT {datanodeUUID=f5a90a23-db6d-4122-980c-2c6f67b12274, command=[]} | ret=SUCCESS |  
2019-08-29 09:33:38,375 | INFO  | SCMAudit | user=jenkins1000 | ip=192.168.34.42 | op=SEND_HEARTBEAT {datanodeUUID=04dfc250-5117-40ee-9223-ddc31d2a7fac, command=[]} | ret=SUCCESS |  
2019-08-29 09:33:38,439 | INFO  | SCMAudit | user=jenkins1000 | ip=192.168.34.42 | op=SEND_HEARTBEAT {datanodeUUID=f5689991-66b6-42db-ba36-9ef251e0e30a, command=[]} | ret=SUCCESS |  
2019-08-29 09:33:38,524 | INFO  | SCMAudit | user=jenkins1000 | ip=192.168.34.42 | op=SEND_HEARTBEAT {datanodeUUID=95e6fe0d-ba63-44f7-8a45-847da5452504, command=[]} | ret=SUCCESS |  
2019-08-29 09:33:39,083 | INFO  | SCMAudit | user=jenkins1000 | ip=192.168.34.42 | op=SEND_HEARTBEAT {datanodeUUID=cffcff0f-2752-46f1-bb20-4150682c084f, command=[]} | ret=SUCCESS |  
2019-08-29 09:33:39,112 | INFO  | SCMAudit | user=jenkins1000 | ip=192.168.34.42 | op=SEND_HEARTBEAT {datanodeUUID=6a76bae0-5bcd-450f-b761-84a239d32397, command=[]} | ret=SUCCESS |  
2019-08-29 09:33:39,112 | INFO  | SCMAudit | user=jenkins1000 | ip=192.168.34.42 | op=SEND_HEARTBEAT {datanodeUUID=814b1e79-91cb-4747-afef-225b562b988f, command=[]} | ret=SUCCESS |  
2019-08-29 09:33:39,297 | INFO  | SCMAudit | user=jenkins1000 | ip=192.168.34.42 | op=SEND_HEARTBEAT {datanodeUUID=f5a90a23-db6d-4122-980c-2c6f67b12274, command=[]} | ret=SUCCESS |  
2019-08-29 09:33:39,375 | INFO  | SCMAudit | user=jenkins1000 | ip=192.168.34.42 | op=SEND_HEARTBEAT {datanodeUUID=04dfc250-5117-40ee-9223-ddc31d2a7fac, command=[]} | ret=SUCCESS |  
2019-08-29 09:33:39,439 | INFO  | SCMAudit | user=jenkins1000 | ip=192.168.34.42 | op=SEND_HEARTBEAT {datanodeUUID=f5689991-66b6-42db-ba36-9ef251e0e30a, command=[]} | ret=SUCCESS |  
2019-08-29 09:33:39,524 | INFO  | SCMAudit | user=jenkins1000 | ip=192.168.34.42 | op=SEND_HEARTBEAT {datanodeUUID=95e6fe0d-ba63-44f7-8a45-847da5452504, command=[]} | ret=SUCCESS |  
2019-08-29 09:33:39,851 [grpc-default-executor-4] INFO  client.GrpcClientProtocolClient (GrpcClientProtocolClient.java:onNext(255)) - client-E9E73D333C91->6a76bae0-5bcd-450f-b761-84a239d32397: receive RaftClientReply:client-E9E73D333C91->6a76bae0-5bcd-450f-b761-84a239d32397@group-38214EFEF1B1, cid=45, FAILED org.apache.ratis.protocol.NotLeaderException: Server 6a76bae0-5bcd-450f-b761-84a239d32397 is not the leader (cffcff0f-2752-46f1-bb20-4150682c084f:192.168.34.42:36452). Request must be sent to leader., logIndex=0, commits[6a76bae0-5bcd-450f-b761-84a239d32397:c8, 814b1e79-91cb-4747-afef-225b562b988f:c8, cffcff0f-2752-46f1-bb20-4150682c084f:c8]
2019-08-29 09:33:40,083 | INFO  | SCMAudit | user=jenkins1000 | ip=192.168.34.42 | op=SEND_HEARTBEAT {datanodeUUID=cffcff0f-2752-46f1-bb20-4150682c084f, command=[]} | ret=SUCCESS |  
2019-08-29 09:33:40,112 | INFO  | SCMAudit | user=jenkins1000 | ip=192.168.34.42 | op=SEND_HEARTBEAT {datanodeUUID=6a76bae0-5bcd-450f-b761-84a239d32397, command=[]} | ret=SUCCESS |  
2019-08-29 09:33:40,113 | INFO  | SCMAudit | user=jenkins1000 | ip=192.168.34.42 | op=SEND_HEARTBEAT {datanodeUUID=814b1e79-91cb-4747-afef-225b562b988f, command=[]} | ret=SUCCESS |  
2019-08-29 09:33:40,297 | INFO  | SCMAudit | user=jenkins1000 | ip=192.168.34.42 | op=SEND_HEARTBEAT {datanodeUUID=f5a90a23-db6d-4122-980c-2c6f67b12274, command=[]} | ret=SUCCESS |  
2019-08-29 09:33:40,375 | INFO  | SCMAudit | user=jenkins1000 | ip=192.168.34.42 | op=SEND_HEARTBEAT {datanodeUUID=04dfc250-5117-40ee-9223-ddc31d2a7fac, command=[]} | ret=SUCCESS |  
2019-08-29 09:33:40,439 | INFO  | SCMAudit | user=jenkins1000 | ip=192.168.34.42 | op=SEND_HEARTBEAT {datanodeUUID=f5689991-66b6-42db-ba36-9ef251e0e30a, command=[]} | ret=SUCCESS |  
2019-08-29 09:33:40,524 | INFO  | SCMAudit | user=jenkins1000 | ip=192.168.34.42 | op=SEND_HEARTBEAT {datanodeUUID=95e6fe0d-ba63-44f7-8a45-847da5452504, command=[]} | ret=SUCCESS |  
2019-08-29 09:33:41,083 | INFO  | SCMAudit | user=jenkins1000 | ip=192.168.34.42 | op=SEND_HEARTBEAT {datanodeUUID=cffcff0f-2752-46f1-bb20-4150682c084f, command=[]} | ret=SUCCESS |  
2019-08-29 09:33:41,112 | INFO  | SCMAudit | user=jenkins1000 | ip=192.168.34.42 | op=SEND_HEARTBEAT {datanodeUUID=6a76bae0-5bcd-450f-b761-84a239d32397, command=[]} | ret=SUCCESS |  
2019-08-29 09:33:41,113 | INFO  | SCMAudit | user=jenkins1000 | ip=192.168.34.42 | op=SEND_HEARTBEAT {datanodeUUID=814b1e79-91cb-4747-afef-225b562b988f, command=[]} | ret=SUCCESS |  
2019-08-29 09:33:41,298 | INFO  | SCMAudit | user=jenkins1000 | ip=192.168.34.42 | op=SEND_HEARTBEAT {datanodeUUID=f5a90a23-db6d-4122-980c-2c6f67b12274, command=[]} | ret=SUCCESS |  
2019-08-29 09:33:41,376 | INFO  | SCMAudit | user=jenkins1000 | ip=192.168.34.42 | op=SEND_HEARTBEAT {datanodeUUID=04dfc250-5117-40ee-9223-ddc31d2a7fac, command=[]} | ret=SUCCESS |  
2019-08-29 09:33:41,439 | INFO  | SCMAudit | user=jenkins1000 | ip=192.168.34.42 | op=SEND_HEARTBEAT {datanodeUUID=f5689991-66b6-42db-ba36-9ef251e0e30a, command=[]} | ret=SUCCESS |  
2019-08-29 09:33:41,523 | INFO  | SCMAudit | user=jenkins1000 | ip=192.168.34.42 | op=SEND_HEARTBEAT {datanodeUUID=95e6fe0d-ba63-44f7-8a45-847da5452504, command=[]} | ret=SUCCESS |  
2019-08-29 09:33:42,084 | INFO  | SCMAudit | user=jenkins1000 | ip=192.168.34.42 | op=SEND_HEARTBEAT {datanodeUUID=cffcff0f-2752-46f1-bb20-4150682c084f, command=[]} | ret=SUCCESS |  
2019-08-29 09:33:42,112 | INFO  | SCMAudit | user=jenkins1000 | ip=192.168.34.42 | op=SEND_HEARTBEAT {datanodeUUID=6a76bae0-5bcd-450f-b761-84a239d32397, command=[]} | ret=SUCCESS |  
2019-08-29 09:33:42,113 | INFO  | SCMAudit | user=jenkins1000 | ip=192.168.34.42 | op=SEND_HEARTBEAT {datanodeUUID=814b1e79-91cb-4747-afef-225b562b988f, command=[]} | ret=SUCCESS |  
2019-08-29 09:33:42,297 | INFO  | SCMAudit | user=jenkins1000 | ip=192.168.34.42 | op=SEND_HEARTBEAT {datanodeUUID=f5a90a23-db6d-4122-980c-2c6f67b12274, command=[]} | ret=SUCCESS |  
2019-08-29 09:33:42,375 | INFO  | SCMAudit | user=jenkins1000 | ip=192.168.34.42 | op=SEND_HEARTBEAT {datanodeUUID=04dfc250-5117-40ee-9223-ddc31d2a7fac, command=[]} | ret=SUCCESS |  
2019-08-29 09:33:42,439 | INFO  | SCMAudit | user=jenkins1000 | ip=192.168.34.42 | op=SEND_HEARTBEAT {datanodeUUID=f5689991-66b6-42db-ba36-9ef251e0e30a, command=[]} | ret=SUCCESS |  
2019-08-29 09:33:42,523 | INFO  | SCMAudit | user=jenkins1000 | ip=192.168.34.42 | op=SEND_HEARTBEAT {datanodeUUID=95e6fe0d-ba63-44f7-8a45-847da5452504, command=[]} | ret=SUCCESS |  
2019-08-29 09:33:43,086 | INFO  | SCMAudit | user=jenkins1000 | ip=192.168.34.42 | op=SEND_HEARTBEAT {datanodeUUID=cffcff0f-2752-46f1-bb20-4150682c084f, command=[]} | ret=SUCCESS |  
2019-08-29 09:33:43,112 | INFO  | SCMAudit | user=jenkins1000 | ip=192.168.34.42 | op=SEND_HEARTBEAT {datanodeUUID=6a76bae0-5bcd-450f-b761-84a239d32397, command=[]} | ret=SUCCESS |  
2019-08-29 09:33:43,113 | INFO  | SCMAudit | user=jenkins1000 | ip=192.168.34.42 | op=SEND_HEARTBEAT {datanodeUUID=814b1e79-91cb-4747-afef-225b562b988f, command=[]} | ret=SUCCESS |  
2019-08-29 09:33:43,298 | INFO  | SCMAudit | user=jenkins1000 | ip=192.168.34.42 | op=SEND_HEARTBEAT {datanodeUUID=f5a90a23-db6d-4122-980c-2c6f67b12274, command=[]} | ret=SUCCESS |  
2019-08-29 09:33:43,376 | INFO  | SCMAudit | user=jenkins1000 | ip=192.168.34.42 | op=SEND_HEARTBEAT {datanodeUUID=04dfc250-5117-40ee-9223-ddc31d2a7fac, command=[]} | ret=SUCCESS |  
2019-08-29 09:33:43,440 | INFO  | SCMAudit | user=jenkins1000 | ip=192.168.34.42 | op=SEND_HEARTBEAT {datanodeUUID=f5689991-66b6-42db-ba36-9ef251e0e30a, command=[]} | ret=SUCCESS |  
2019-08-29 09:33:43,524 | INFO  | SCMAudit | user=jenkins1000 | ip=192.168.34.42 | op=SEND_HEARTBEAT {datanodeUUID=95e6fe0d-ba63-44f7-8a45-847da5452504, command=[]} | ret=SUCCESS |  
2019-08-29 09:33:44,084 | INFO  | SCMAudit | user=jenkins1000 | ip=192.168.34.42 | op=SEND_HEARTBEAT {datanodeUUID=cffcff0f-2752-46f1-bb20-4150682c084f, command=[]} | ret=SUCCESS |  
2019-08-29 09:33:44,112 | INFO  | SCMAudit | user=jenkins1000 | ip=192.168.34.42 | op=SEND_HEARTBEAT {datanodeUUID=6a76bae0-5bcd-450f-b761-84a239d32397, command=[]} | ret=SUCCESS |  
2019-08-29 09:33:44,113 | INFO  | SCMAudit | user=jenkins1000 | ip=192.168.34.42 | op=SEND_HEARTBEAT {datanodeUUID=814b1e79-91cb-4747-afef-225b562b988f, command=[]} | ret=SUCCESS |  
2019-08-29 09:33:44,297 | INFO  | SCMAudit | user=jenkins1000 | ip=192.168.34.42 | op=SEND_HEARTBEAT {datanodeUUID=f5a90a23-db6d-4122-980c-2c6f67b12274, command=[]} | ret=SUCCESS |  
2019-08-29 09:33:44,376 | INFO  | SCMAudit | user=jenkins1000 | ip=192.168.34.42 | op=SEND_HEARTBEAT {datanodeUUID=04dfc250-5117-40ee-9223-ddc31d2a7fac, command=[]} | ret=SUCCESS |  
2019-08-29 09:33:44,440 | INFO  | SCMAudit | user=jenkins1000 | ip=192.168.34.42 | op=SEND_HEARTBEAT {datanodeUUID=f5689991-66b6-42db-ba36-9ef251e0e30a, command=[]} | ret=SUCCESS |  
2019-08-29 09:33:44,523 | INFO  | SCMAudit | user=jenkins1000 | ip=192.168.34.42 | op=SEND_HEARTBEAT {datanodeUUID=95e6fe0d-ba63-44f7-8a45-847da5452504, command=[]} | ret=SUCCESS |  
2019-08-29 09:33:44,888 [grpc-default-executor-4] INFO  client.GrpcClientProtocolClient (GrpcClientProtocolClient.java:onNext(255)) - client-E9E73D333C91->6a76bae0-5bcd-450f-b761-84a239d32397: receive RaftClientReply:client-E9E73D333C91->6a76bae0-5bcd-450f-b761-84a239d32397@group-38214EFEF1B1, cid=45, FAILED org.apache.ratis.protocol.NotLeaderException: Server 6a76bae0-5bcd-450f-b761-84a239d32397 is not the leader (cffcff0f-2752-46f1-bb20-4150682c084f:192.168.34.42:36452). Request must be sent to leader., logIndex=0, commits[6a76bae0-5bcd-450f-b761-84a239d32397:c8, 814b1e79-91cb-4747-afef-225b562b988f:c8, cffcff0f-2752-46f1-bb20-4150682c084f:c8]
2019-08-29 09:33:45,085 | INFO  | SCMAudit | user=jenkins1000 | ip=192.168.34.42 | op=SEND_HEARTBEAT {datanodeUUID=cffcff0f-2752-46f1-bb20-4150682c084f, command=[]} | ret=SUCCESS |  
2019-08-29 09:33:45,112 | INFO  | SCMAudit | user=jenkins1000 | ip=192.168.34.42 | op=SEND_HEARTBEAT {datanodeUUID=6a76bae0-5bcd-450f-b761-84a239d32397, command=[]} | ret=SUCCESS |  
2019-08-29 09:33:45,113 | INFO  | SCMAudit | user=jenkins1000 | ip=192.168.34.42 | op=SEND_HEARTBEAT {datanodeUUID=814b1e79-91cb-4747-afef-225b562b988f, command=[]} | ret=SUCCESS |  
2019-08-29 09:33:45,298 | INFO  | SCMAudit | user=jenkins1000 | ip=192.168.34.42 | op=SEND_HEARTBEAT {datanodeUUID=f5a90a23-db6d-4122-980c-2c6f67b12274, command=[]} | ret=SUCCESS |  
2019-08-29 09:33:45,376 | INFO  | SCMAudit | user=jenkins1000 | ip=192.168.34.42 | op=SEND_HEARTBEAT {datanodeUUID=04dfc250-5117-40ee-9223-ddc31d2a7fac, command=[]} | ret=SUCCESS |  
2019-08-29 09:33:45,439 | INFO  | SCMAudit | user=jenkins1000 | ip=192.168.34.42 | op=SEND_HEARTBEAT {datanodeUUID=f5689991-66b6-42db-ba36-9ef251e0e30a, command=[]} | ret=SUCCESS |  
2019-08-29 09:33:45,524 | INFO  | SCMAudit | user=jenkins1000 | ip=192.168.34.42 | op=SEND_HEARTBEAT {datanodeUUID=95e6fe0d-ba63-44f7-8a45-847da5452504, command=[]} | ret=SUCCESS |  
2019-08-29 09:33:46,085 | INFO  | SCMAudit | user=jenkins1000 | ip=192.168.34.42 | op=SEND_HEARTBEAT {datanodeUUID=cffcff0f-2752-46f1-bb20-4150682c084f, command=[]} | ret=SUCCESS |  
2019-08-29 09:33:46,112 | INFO  | SCMAudit | user=jenkins1000 | ip=192.168.34.42 | op=SEND_HEARTBEAT {datanodeUUID=6a76bae0-5bcd-450f-b761-84a239d32397, command=[]} | ret=SUCCESS |  
2019-08-29 09:33:46,113 | INFO  | SCMAudit | user=jenkins1000 | ip=192.168.34.42 | op=SEND_HEARTBEAT {datanodeUUID=814b1e79-91cb-4747-afef-225b562b988f, command=[]} | ret=SUCCESS |  
2019-08-29 09:33:46,297 | INFO  | SCMAudit | user=jenkins1000 | ip=192.168.34.42 | op=SEND_HEARTBEAT {datanodeUUID=f5a90a23-db6d-4122-980c-2c6f67b12274, command=[]} | ret=SUCCESS |  
2019-08-29 09:33:46,377 | INFO  | SCMAudit | user=jenkins1000 | ip=192.168.34.42 | op=SEND_HEARTBEAT {datanodeUUID=04dfc250-5117-40ee-9223-ddc31d2a7fac, command=[]} | ret=SUCCESS |  
2019-08-29 09:33:46,439 | INFO  | SCMAudit | user=jenkins1000 | ip=192.168.34.42 | op=SEND_HEARTBEAT {datanodeUUID=f5689991-66b6-42db-ba36-9ef251e0e30a, command=[]} | ret=SUCCESS |  
2019-08-29 09:33:46,523 | INFO  | SCMAudit | user=jenkins1000 | ip=192.168.34.42 | op=SEND_HEARTBEAT {datanodeUUID=95e6fe0d-ba63-44f7-8a45-847da5452504, command=[]} | ret=SUCCESS |  
2019-08-29 09:33:47,086 | INFO  | SCMAudit | user=jenkins1000 | ip=192.168.34.42 | op=SEND_HEARTBEAT {datanodeUUID=cffcff0f-2752-46f1-bb20-4150682c084f, command=[]} | ret=SUCCESS |  
2019-08-29 09:33:47,112 | INFO  | SCMAudit | user=jenkins1000 | ip=192.168.34.42 | op=SEND_HEARTBEAT {datanodeUUID=6a76bae0-5bcd-450f-b761-84a239d32397, command=[]} | ret=SUCCESS |  
2019-08-29 09:33:47,114 | INFO  | SCMAudit | user=jenkins1000 | ip=192.168.34.42 | op=SEND_HEARTBEAT {datanodeUUID=814b1e79-91cb-4747-afef-225b562b988f, command=[]} | ret=SUCCESS |  
2019-08-29 09:33:47,298 | INFO  | SCMAudit | user=jenkins1000 | ip=192.168.34.42 | op=SEND_HEARTBEAT {datanodeUUID=f5a90a23-db6d-4122-980c-2c6f67b12274, command=[]} | ret=SUCCESS |  
2019-08-29 09:33:47,376 | INFO  | SCMAudit | user=jenkins1000 | ip=192.168.34.42 | op=SEND_HEARTBEAT {datanodeUUID=04dfc250-5117-40ee-9223-ddc31d2a7fac, command=[]} | ret=SUCCESS |  
2019-08-29 09:33:47,439 | INFO  | SCMAudit | user=jenkins1000 | ip=192.168.34.42 | op=SEND_HEARTBEAT {datanodeUUID=f5689991-66b6-42db-ba36-9ef251e0e30a, command=[]} | ret=SUCCESS |  
2019-08-29 09:33:47,524 | INFO  | SCMAudit | user=jenkins1000 | ip=192.168.34.42 | op=SEND_HEARTBEAT {datanodeUUID=95e6fe0d-ba63-44f7-8a45-847da5452504, command=[]} | ret=SUCCESS |  
2019-08-29 09:33:48,086 | INFO  | SCMAudit | user=jenkins1000 | ip=192.168.34.42 | op=SEND_HEARTBEAT {datanodeUUID=cffcff0f-2752-46f1-bb20-4150682c084f, command=[]} | ret=SUCCESS |  
2019-08-29 09:33:48,112 | INFO  | SCMAudit | user=jenkins1000 | ip=192.168.34.42 | op=SEND_HEARTBEAT {datanodeUUID=6a76bae0-5bcd-450f-b761-84a239d32397, command=[]} | ret=SUCCESS |  
2019-08-29 09:33:48,115 | INFO  | SCMAudit | user=jenkins1000 | ip=192.168.34.42 | op=SEND_HEARTBEAT {datanodeUUID=814b1e79-91cb-4747-afef-225b562b988f, command=[]} | ret=SUCCESS |  
2019-08-29 09:33:48,297 | INFO  | SCMAudit | user=jenkins1000 | ip=192.168.34.42 | op=SEND_HEARTBEAT {datanodeUUID=f5a90a23-db6d-4122-980c-2c6f67b12274, command=[]} | ret=SUCCESS |  
2019-08-29 09:33:48,376 | INFO  | SCMAudit | user=jenkins1000 | ip=192.168.34.42 | op=SEND_HEARTBEAT {datanodeUUID=04dfc250-5117-40ee-9223-ddc31d2a7fac, command=[]} | ret=SUCCESS |  
2019-08-29 09:33:48,440 | INFO  | SCMAudit | user=jenkins1000 | ip=192.168.34.42 | op=SEND_HEARTBEAT {datanodeUUID=f5689991-66b6-42db-ba36-9ef251e0e30a, command=[]} | ret=SUCCESS |  
2019-08-29 09:33:48,525 | INFO  | SCMAudit | user=jenkins1000 | ip=192.168.34.42 | op=SEND_HEARTBEAT {datanodeUUID=95e6fe0d-ba63-44f7-8a45-847da5452504, command=[]} | ret=SUCCESS |  
2019-08-29 09:33:49,087 | INFO  | SCMAudit | user=jenkins1000 | ip=192.168.34.42 | op=SEND_HEARTBEAT {datanodeUUID=cffcff0f-2752-46f1-bb20-4150682c084f, command=[]} | ret=SUCCESS |  
2019-08-29 09:33:49,113 | INFO  | SCMAudit | user=jenkins1000 | ip=192.168.34.42 | op=SEND_HEARTBEAT {datanodeUUID=6a76bae0-5bcd-450f-b761-84a239d32397, command=[]} | ret=SUCCESS |  
2019-08-29 09:33:49,114 | INFO  | SCMAudit | user=jenkins1000 | ip=192.168.34.42 | op=SEND_HEARTBEAT {datanodeUUID=814b1e79-91cb-4747-afef-225b562b988f, command=[]} | ret=SUCCESS |  
2019-08-29 09:33:49,297 | INFO  | SCMAudit | user=jenkins1000 | ip=192.168.34.42 | op=SEND_HEARTBEAT {datanodeUUID=f5a90a23-db6d-4122-980c-2c6f67b12274, command=[]} | ret=SUCCESS |  
2019-08-29 09:33:49,377 | INFO  | SCMAudit | user=jenkins1000 | ip=192.168.34.42 | op=SEND_HEARTBEAT {datanodeUUID=04dfc250-5117-40ee-9223-ddc31d2a7fac, command=[]} | ret=SUCCESS |  
2019-08-29 09:33:49,440 | INFO  | SCMAudit | user=jenkins1000 | ip=192.168.34.42 | op=SEND_HEARTBEAT {datanodeUUID=f5689991-66b6-42db-ba36-9ef251e0e30a, command=[]} | ret=SUCCESS |  
2019-08-29 09:33:49,526 | INFO  | SCMAudit | user=jenkins1000 | ip=192.168.34.42 | op=SEND_HEARTBEAT {datanodeUUID=95e6fe0d-ba63-44f7-8a45-847da5452504, command=[]} | ret=SUCCESS |  
2019-08-29 09:33:49,941 [grpc-default-executor-0] INFO  client.GrpcClientProtocolClient (GrpcClientProtocolClient.java:onNext(255)) - client-E9E73D333C91->6a76bae0-5bcd-450f-b761-84a239d32397: receive RaftClientReply:client-E9E73D333C91->6a76bae0-5bcd-450f-b761-84a239d32397@group-38214EFEF1B1, cid=45, FAILED org.apache.ratis.protocol.NotLeaderException: Server 6a76bae0-5bcd-450f-b761-84a239d32397 is not the leader (cffcff0f-2752-46f1-bb20-4150682c084f:192.168.34.42:36452). Request must be sent to leader., logIndex=0, commits[6a76bae0-5bcd-450f-b761-84a239d32397:c8, 814b1e79-91cb-4747-afef-225b562b988f:c8, cffcff0f-2752-46f1-bb20-4150682c084f:c8]
2019-08-29 09:33:50,087 | INFO  | SCMAudit | user=jenkins1000 | ip=192.168.34.42 | op=SEND_HEARTBEAT {datanodeUUID=cffcff0f-2752-46f1-bb20-4150682c084f, command=[]} | ret=SUCCESS |  
2019-08-29 09:33:50,113 | INFO  | SCMAudit | user=jenkins1000 | ip=192.168.34.42 | op=SEND_HEARTBEAT {datanodeUUID=6a76bae0-5bcd-450f-b761-84a239d32397, command=[]} | ret=SUCCESS |  
2019-08-29 09:33:50,114 | INFO  | SCMAudit | user=jenkins1000 | ip=192.168.34.42 | op=SEND_HEARTBEAT {datanodeUUID=814b1e79-91cb-4747-afef-225b562b988f, command=[]} | ret=SUCCESS |  
2019-08-29 09:33:50,298 | INFO  | SCMAudit | user=jenkins1000 | ip=192.168.34.42 | op=SEND_HEARTBEAT {datanodeUUID=f5a90a23-db6d-4122-980c-2c6f67b12274, command=[]} | ret=SUCCESS |  
2019-08-29 09:33:50,376 | INFO  | SCMAudit | user=jenkins1000 | ip=192.168.34.42 | op=SEND_HEARTBEAT {datanodeUUID=04dfc250-5117-40ee-9223-ddc31d2a7fac, command=[]} | ret=SUCCESS |  
2019-08-29 09:33:50,440 | INFO  | SCMAudit | user=jenkins1000 | ip=192.168.34.42 | op=SEND_HEARTBEAT {datanodeUUID=f5689991-66b6-42db-ba36-9ef251e0e30a, command=[]} | ret=SUCCESS |  
2019-08-29 09:33:50,526 | INFO  | SCMAudit | user=jenkins1000 | ip=192.168.34.42 | op=SEND_HEARTBEAT {datanodeUUID=95e6fe0d-ba63-44f7-8a45-847da5452504, command=[]} | ret=SUCCESS |  
2019-08-29 09:33:51,086 | INFO  | SCMAudit | user=jenkins1000 | ip=192.168.34.42 | op=SEND_HEARTBEAT {datanodeUUID=cffcff0f-2752-46f1-bb20-4150682c084f, command=[]} | ret=SUCCESS |  
2019-08-29 09:33:51,112 | INFO  | SCMAudit | user=jenkins1000 | ip=192.168.34.42 | op=SEND_HEARTBEAT {datanodeUUID=6a76bae0-5bcd-450f-b761-84a239d32397, command=[]} | ret=SUCCESS |  
2019-08-29 09:33:51,114 | INFO  | SCMAudit | user=jenkins1000 | ip=192.168.34.42 | op=SEND_HEARTBEAT {datanodeUUID=814b1e79-91cb-4747-afef-225b562b988f, command=[]} | ret=SUCCESS |  
2019-08-29 09:33:51,298 | INFO  | SCMAudit | user=jenkins1000 | ip=192.168.34.42 | op=SEND_HEARTBEAT {datanodeUUID=f5a90a23-db6d-4122-980c-2c6f67b12274, command=[]} | ret=SUCCESS |  
2019-08-29 09:33:51,377 | INFO  | SCMAudit | user=jenkins1000 | ip=192.168.34.42 | op=SEND_HEARTBEAT {datanodeUUID=04dfc250-5117-40ee-9223-ddc31d2a7fac, command=[]} | ret=SUCCESS |  
2019-08-29 09:33:51,440 | INFO  | SCMAudit | user=jenkins1000 | ip=192.168.34.42 | op=SEND_HEARTBEAT {datanodeUUID=f5689991-66b6-42db-ba36-9ef251e0e30a, command=[]} | ret=SUCCESS |  
2019-08-29 09:33:51,526 | INFO  | SCMAudit | user=jenkins1000 | ip=192.168.34.42 | op=SEND_HEARTBEAT {datanodeUUID=95e6fe0d-ba63-44f7-8a45-847da5452504, command=[]} | ret=SUCCESS |  
2019-08-29 09:33:52,087 | INFO  | SCMAudit | user=jenkins1000 | ip=192.168.34.42 | op=SEND_HEARTBEAT {datanodeUUID=cffcff0f-2752-46f1-bb20-4150682c084f, command=[]} | ret=SUCCESS |  
2019-08-29 09:33:52,112 | INFO  | SCMAudit | user=jenkins1000 | ip=192.168.34.42 | op=SEND_HEARTBEAT {datanodeUUID=6a76bae0-5bcd-450f-b761-84a239d32397, command=[]} | ret=SUCCESS |  
2019-08-29 09:33:52,114 | INFO  | SCMAudit | user=jenkins1000 | ip=192.168.34.42 | op=SEND_HEARTBEAT {datanodeUUID=814b1e79-91cb-4747-afef-225b562b988f, command=[]} | ret=SUCCESS |  
2019-08-29 09:33:52,298 | INFO  | SCMAudit | user=jenkins1000 | ip=192.168.34.42 | op=SEND_HEARTBEAT {datanodeUUID=f5a90a23-db6d-4122-980c-2c6f67b12274, command=[]} | ret=SUCCESS |  
2019-08-29 09:33:52,377 | INFO  | SCMAudit | user=jenkins1000 | ip=192.168.34.42 | op=SEND_HEARTBEAT {datanodeUUID=04dfc250-5117-40ee-9223-ddc31d2a7fac, command=[]} | ret=SUCCESS |  
2019-08-29 09:33:52,440 | INFO  | SCMAudit | user=jenkins1000 | ip=192.168.34.42 | op=SEND_HEARTBEAT {datanodeUUID=f5689991-66b6-42db-ba36-9ef251e0e30a, command=[]} | ret=SUCCESS |  
2019-08-29 09:33:52,526 | INFO  | SCMAudit | user=jenkins1000 | ip=192.168.34.42 | op=SEND_HEARTBEAT {datanodeUUID=95e6fe0d-ba63-44f7-8a45-847da5452504, command=[]} | ret=SUCCESS |  
2019-08-29 09:33:53,086 | INFO  | SCMAudit | user=jenkins1000 | ip=192.168.34.42 | op=SEND_HEARTBEAT {datanodeUUID=cffcff0f-2752-46f1-bb20-4150682c084f, command=[]} | ret=SUCCESS |  
2019-08-29 09:33:53,113 | INFO  | SCMAudit | user=jenkins1000 | ip=192.168.34.42 | op=SEND_HEARTBEAT {datanodeUUID=6a76bae0-5bcd-450f-b761-84a239d32397, command=[]} | ret=SUCCESS |  
2019-08-29 09:33:53,114 | INFO  | SCMAudit | user=jenkins1000 | ip=192.168.34.42 | op=SEND_HEARTBEAT {datanodeUUID=814b1e79-91cb-4747-afef-225b562b988f, command=[]} | ret=SUCCESS |  
2019-08-29 09:33:53,298 | INFO  | SCMAudit | user=jenkins1000 | ip=192.168.34.42 | op=SEND_HEARTBEAT {datanodeUUID=f5a90a23-db6d-4122-980c-2c6f67b12274, command=[]} | ret=SUCCESS |  
2019-08-29 09:33:53,376 | INFO  | SCMAudit | user=jenkins1000 | ip=192.168.34.42 | op=SEND_HEARTBEAT {datanodeUUID=04dfc250-5117-40ee-9223-ddc31d2a7fac, command=[]} | ret=SUCCESS |  
2019-08-29 09:33:53,441 | INFO  | SCMAudit | user=jenkins1000 | ip=192.168.34.42 | op=SEND_HEARTBEAT {datanodeUUID=f5689991-66b6-42db-ba36-9ef251e0e30a, command=[]} | ret=SUCCESS |  
2019-08-29 09:33:53,526 | INFO  | SCMAudit | user=jenkins1000 | ip=192.168.34.42 | op=SEND_HEARTBEAT {datanodeUUID=95e6fe0d-ba63-44f7-8a45-847da5452504, command=[]} | ret=SUCCESS |  
2019-08-29 09:33:54,087 | INFO  | SCMAudit | user=jenkins1000 | ip=192.168.34.42 | op=SEND_HEARTBEAT {datanodeUUID=cffcff0f-2752-46f1-bb20-4150682c084f, command=[]} | ret=SUCCESS |  
2019-08-29 09:33:54,113 | INFO  | SCMAudit | user=jenkins1000 | ip=192.168.34.42 | op=SEND_HEARTBEAT {datanodeUUID=6a76bae0-5bcd-450f-b761-84a239d32397, command=[]} | ret=SUCCESS |  
2019-08-29 09:33:54,114 | INFO  | SCMAudit | user=jenkins1000 | ip=192.168.34.42 | op=SEND_HEARTBEAT {datanodeUUID=814b1e79-91cb-4747-afef-225b562b988f, command=[]} | ret=SUCCESS |  
2019-08-29 09:33:54,299 | INFO  | SCMAudit | user=jenkins1000 | ip=192.168.34.42 | op=SEND_HEARTBEAT {datanodeUUID=f5a90a23-db6d-4122-980c-2c6f67b12274, command=[]} | ret=SUCCESS |  
2019-08-29 09:33:54,376 | INFO  | SCMAudit | user=jenkins1000 | ip=192.168.34.42 | op=SEND_HEARTBEAT {datanodeUUID=04dfc250-5117-40ee-9223-ddc31d2a7fac, command=[]} | ret=SUCCESS |  
2019-08-29 09:33:54,441 | INFO  | SCMAudit | user=jenkins1000 | ip=192.168.34.42 | op=SEND_HEARTBEAT {datanodeUUID=f5689991-66b6-42db-ba36-9ef251e0e30a, command=[]} | ret=SUCCESS |  
2019-08-29 09:33:54,526 | INFO  | SCMAudit | user=jenkins1000 | ip=192.168.34.42 | op=SEND_HEARTBEAT {datanodeUUID=95e6fe0d-ba63-44f7-8a45-847da5452504, command=[]} | ret=SUCCESS |  
2019-08-29 09:33:54,972 [grpc-default-executor-4] INFO  client.GrpcClientProtocolClient (GrpcClientProtocolClient.java:onNext(255)) - client-E9E73D333C91->6a76bae0-5bcd-450f-b761-84a239d32397: receive RaftClientReply:client-E9E73D333C91->6a76bae0-5bcd-450f-b761-84a239d32397@group-38214EFEF1B1, cid=45, FAILED org.apache.ratis.protocol.NotLeaderException: Server 6a76bae0-5bcd-450f-b761-84a239d32397 is not the leader (cffcff0f-2752-46f1-bb20-4150682c084f:192.168.34.42:36452). Request must be sent to leader., logIndex=0, commits[6a76bae0-5bcd-450f-b761-84a239d32397:c8, 814b1e79-91cb-4747-afef-225b562b988f:c8, cffcff0f-2752-46f1-bb20-4150682c084f:c8]
2019-08-29 09:33:55,087 | INFO  | SCMAudit | user=jenkins1000 | ip=192.168.34.42 | op=SEND_HEARTBEAT {datanodeUUID=cffcff0f-2752-46f1-bb20-4150682c084f, command=[]} | ret=SUCCESS |  
2019-08-29 09:33:55,114 | INFO  | SCMAudit | user=jenkins1000 | ip=192.168.34.42 | op=SEND_HEARTBEAT {datanodeUUID=6a76bae0-5bcd-450f-b761-84a239d32397, command=[]} | ret=SUCCESS |  
2019-08-29 09:33:55,114 | INFO  | SCMAudit | user=jenkins1000 | ip=192.168.34.42 | op=SEND_HEARTBEAT {datanodeUUID=814b1e79-91cb-4747-afef-225b562b988f, command=[]} | ret=SUCCESS |  
2019-08-29 09:33:55,299 | INFO  | SCMAudit | user=jenkins1000 | ip=192.168.34.42 | op=SEND_HEARTBEAT {datanodeUUID=f5a90a23-db6d-4122-980c-2c6f67b12274, command=[]} | ret=SUCCESS |  
2019-08-29 09:33:55,377 | INFO  | SCMAudit | user=jenkins1000 | ip=192.168.34.42 | op=SEND_HEARTBEAT {datanodeUUID=04dfc250-5117-40ee-9223-ddc31d2a7fac, command=[]} | ret=SUCCESS |  
2019-08-29 09:33:55,440 | INFO  | SCMAudit | user=jenkins1000 | ip=192.168.34.42 | op=SEND_HEARTBEAT {datanodeUUID=f5689991-66b6-42db-ba36-9ef251e0e30a, command=[]} | ret=SUCCESS |  
2019-08-29 09:33:55,526 | INFO  | SCMAudit | user=jenkins1000 | ip=192.168.34.42 | op=SEND_HEARTBEAT {datanodeUUID=95e6fe0d-ba63-44f7-8a45-847da5452504, command=[]} | ret=SUCCESS |  
2019-08-29 09:33:56,086 | INFO  | SCMAudit | user=jenkins1000 | ip=192.168.34.42 | op=SEND_HEARTBEAT {datanodeUUID=cffcff0f-2752-46f1-bb20-4150682c084f, command=[]} | ret=SUCCESS |  
2019-08-29 09:33:56,114 | INFO  | SCMAudit | user=jenkins1000 | ip=192.168.34.42 | op=SEND_HEARTBEAT {datanodeUUID=6a76bae0-5bcd-450f-b761-84a239d32397, command=[]} | ret=SUCCESS |  
2019-08-29 09:33:56,114 | INFO  | SCMAudit | user=jenkins1000 | ip=192.168.34.42 | op=SEND_HEARTBEAT {datanodeUUID=814b1e79-91cb-4747-afef-225b562b988f, command=[]} | ret=SUCCESS |  
2019-08-29 09:33:56,299 | INFO  | SCMAudit | user=jenkins1000 | ip=192.168.34.42 | op=SEND_HEARTBEAT {datanodeUUID=f5a90a23-db6d-4122-980c-2c6f67b12274, command=[]} | ret=SUCCESS |  
2019-08-29 09:33:56,377 | INFO  | SCMAudit | user=jenkins1000 | ip=192.168.34.42 | op=SEND_HEARTBEAT {datanodeUUID=04dfc250-5117-40ee-9223-ddc31d2a7fac, command=[]} | ret=SUCCESS |  
2019-08-29 09:33:56,441 | INFO  | SCMAudit | user=jenkins1000 | ip=192.168.34.42 | op=SEND_HEARTBEAT {datanodeUUID=f5689991-66b6-42db-ba36-9ef251e0e30a, command=[]} | ret=SUCCESS |  
2019-08-29 09:33:56,526 | INFO  | SCMAudit | user=jenkins1000 | ip=192.168.34.42 | op=SEND_HEARTBEAT {datanodeUUID=95e6fe0d-ba63-44f7-8a45-847da5452504, command=[]} | ret=SUCCESS |  
2019-08-29 09:33:57,086 | INFO  | SCMAudit | user=jenkins1000 | ip=192.168.34.42 | op=SEND_HEARTBEAT {datanodeUUID=cffcff0f-2752-46f1-bb20-4150682c084f, command=[]} | ret=SUCCESS |  
2019-08-29 09:33:57,114 | INFO  | SCMAudit | user=jenkins1000 | ip=192.168.34.42 | op=SEND_HEARTBEAT {datanodeUUID=6a76bae0-5bcd-450f-b761-84a239d32397, command=[]} | ret=SUCCESS |  
2019-08-29 09:33:57,114 | INFO  | SCMAudit | user=jenkins1000 | ip=192.168.34.42 | op=SEND_HEARTBEAT {datanodeUUID=814b1e79-91cb-4747-afef-225b562b988f, command=[]} | ret=SUCCESS |  
2019-08-29 09:33:57,299 | INFO  | SCMAudit | user=jenkins1000 | ip=192.168.34.42 | op=SEND_HEARTBEAT {datanodeUUID=f5a90a23-db6d-4122-980c-2c6f67b12274, command=[]} | ret=SUCCESS |  
2019-08-29 09:33:57,377 | INFO  | SCMAudit | user=jenkins1000 | ip=192.168.34.42 | op=SEND_HEARTBEAT {datanodeUUID=04dfc250-5117-40ee-9223-ddc31d2a7fac, command=[]} | ret=SUCCESS |  
2019-08-29 09:33:57,441 | INFO  | SCMAudit | user=jenkins1000 | ip=192.168.34.42 | op=SEND_HEARTBEAT {datanodeUUID=f5689991-66b6-42db-ba36-9ef251e0e30a, command=[]} | ret=SUCCESS |  
2019-08-29 09:33:57,526 | INFO  | SCMAudit | user=jenkins1000 | ip=192.168.34.42 | op=SEND_HEARTBEAT {datanodeUUID=95e6fe0d-ba63-44f7-8a45-847da5452504, command=[]} | ret=SUCCESS |  
2019-08-29 09:33:58,087 | INFO  | SCMAudit | user=jenkins1000 | ip=192.168.34.42 | op=SEND_HEARTBEAT {datanodeUUID=cffcff0f-2752-46f1-bb20-4150682c084f, command=[]} | ret=SUCCESS |  
2019-08-29 09:33:58,114 | INFO  | SCMAudit | user=jenkins1000 | ip=192.168.34.42 | op=SEND_HEARTBEAT {datanodeUUID=6a76bae0-5bcd-450f-b761-84a239d32397, command=[]} | ret=SUCCESS |  
2019-08-29 09:33:58,114 | INFO  | SCMAudit | user=jenkins1000 | ip=192.168.34.42 | op=SEND_HEARTBEAT {datanodeUUID=814b1e79-91cb-4747-afef-225b562b988f, command=[]} | ret=SUCCESS |  
2019-08-29 09:33:58,300 | INFO  | SCMAudit | user=jenkins1000 | ip=192.168.34.42 | op=SEND_HEARTBEAT {datanodeUUID=f5a90a23-db6d-4122-980c-2c6f67b12274, command=[]} | ret=SUCCESS |  
2019-08-29 09:33:58,378 | INFO  | SCMAudit | user=jenkins1000 | ip=192.168.34.42 | op=SEND_HEARTBEAT {datanodeUUID=04dfc250-5117-40ee-9223-ddc31d2a7fac, command=[]} | ret=SUCCESS |  
2019-08-29 09:33:58,441 | INFO  | SCMAudit | user=jenkins1000 | ip=192.168.34.42 | op=SEND_HEARTBEAT {datanodeUUID=f5689991-66b6-42db-ba36-9ef251e0e30a, command=[]} | ret=SUCCESS |  
2019-08-29 09:33:58,526 | INFO  | SCMAudit | user=jenkins1000 | ip=192.168.34.42 | op=SEND_HEARTBEAT {datanodeUUID=95e6fe0d-ba63-44f7-8a45-847da5452504, command=[]} | ret=SUCCESS |  
2019-08-29 09:33:59,087 | INFO  | SCMAudit | user=jenkins1000 | ip=192.168.34.42 | op=SEND_HEARTBEAT {datanodeUUID=cffcff0f-2752-46f1-bb20-4150682c084f, command=[]} | ret=SUCCESS |  
2019-08-29 09:33:59,114 | INFO  | SCMAudit | user=jenkins1000 | ip=192.168.34.42 | op=SEND_HEARTBEAT {datanodeUUID=6a76bae0-5bcd-450f-b761-84a239d32397, command=[]} | ret=SUCCESS |  
2019-08-29 09:33:59,114 | INFO  | SCMAudit | user=jenkins1000 | ip=192.168.34.42 | op=SEND_HEARTBEAT {datanodeUUID=814b1e79-91cb-4747-afef-225b562b988f, command=[]} | ret=SUCCESS |  
2019-08-29 09:33:59,300 | INFO  | SCMAudit | user=jenkins1000 | ip=192.168.34.42 | op=SEND_HEARTBEAT {datanodeUUID=f5a90a23-db6d-4122-980c-2c6f67b12274, command=[]} | ret=SUCCESS |  
2019-08-29 09:33:59,382 | INFO  | SCMAudit | user=jenkins1000 | ip=192.168.34.42 | op=SEND_HEARTBEAT {datanodeUUID=04dfc250-5117-40ee-9223-ddc31d2a7fac, command=[]} | ret=SUCCESS |  
2019-08-29 09:33:59,441 | INFO  | SCMAudit | user=jenkins1000 | ip=192.168.34.42 | op=SEND_HEARTBEAT {datanodeUUID=f5689991-66b6-42db-ba36-9ef251e0e30a, command=[]} | ret=SUCCESS |  
2019-08-29 09:33:59,526 | INFO  | SCMAudit | user=jenkins1000 | ip=192.168.34.42 | op=SEND_HEARTBEAT {datanodeUUID=95e6fe0d-ba63-44f7-8a45-847da5452504, command=[]} | ret=SUCCESS |  
2019-08-29 09:34:00,005 [grpc-default-executor-0] INFO  client.GrpcClientProtocolClient (GrpcClientProtocolClient.java:onNext(255)) - client-E9E73D333C91->814b1e79-91cb-4747-afef-225b562b988f: receive RaftClientReply:client-E9E73D333C91->814b1e79-91cb-4747-afef-225b562b988f@group-38214EFEF1B1, cid=45, FAILED org.apache.ratis.protocol.NotLeaderException: Server 814b1e79-91cb-4747-afef-225b562b988f is not the leader (cffcff0f-2752-46f1-bb20-4150682c084f:192.168.34.42:36452). Request must be sent to leader., logIndex=0, commits[814b1e79-91cb-4747-afef-225b562b988f:c8, 6a76bae0-5bcd-450f-b761-84a239d32397:c8, cffcff0f-2752-46f1-bb20-4150682c084f:c8]
2019-08-29 09:34:00,086 | INFO  | SCMAudit | user=jenkins1000 | ip=192.168.34.42 | op=SEND_HEARTBEAT {datanodeUUID=cffcff0f-2752-46f1-bb20-4150682c084f, command=[]} | ret=SUCCESS |  
2019-08-29 09:34:00,114 | INFO  | SCMAudit | user=jenkins1000 | ip=192.168.34.42 | op=SEND_HEARTBEAT {datanodeUUID=6a76bae0-5bcd-450f-b761-84a239d32397, command=[]} | ret=SUCCESS |  
2019-08-29 09:34:00,114 | INFO  | SCMAudit | user=jenkins1000 | ip=192.168.34.42 | op=SEND_HEARTBEAT {datanodeUUID=814b1e79-91cb-4747-afef-225b562b988f, command=[]} | ret=SUCCESS |  
2019-08-29 09:34:00,300 | INFO  | SCMAudit | user=jenkins1000 | ip=192.168.34.42 | op=SEND_HEARTBEAT {datanodeUUID=f5a90a23-db6d-4122-980c-2c6f67b12274, command=[]} | ret=SUCCESS |  
2019-08-29 09:34:00,378 | INFO  | SCMAudit | user=jenkins1000 | ip=192.168.34.42 | op=SEND_HEARTBEAT {datanodeUUID=04dfc250-5117-40ee-9223-ddc31d2a7fac, command=[]} | ret=SUCCESS |  
2019-08-29 09:34:00,441 | INFO  | SCMAudit | user=jenkins1000 | ip=192.168.34.42 | op=SEND_HEARTBEAT {datanodeUUID=f5689991-66b6-42db-ba36-9ef251e0e30a, command=[]} | ret=SUCCESS |  
2019-08-29 09:34:00,526 | INFO  | SCMAudit | user=jenkins1000 | ip=192.168.34.42 | op=SEND_HEARTBEAT {datanodeUUID=95e6fe0d-ba63-44f7-8a45-847da5452504, command=[]} | ret=SUCCESS |  
2019-08-29 09:34:01,087 | INFO  | SCMAudit | user=jenkins1000 | ip=192.168.34.42 | op=SEND_HEARTBEAT {datanodeUUID=cffcff0f-2752-46f1-bb20-4150682c084f, command=[]} | ret=SUCCESS |  
2019-08-29 09:34:01,114 | INFO  | SCMAudit | user=jenkins1000 | ip=192.168.34.42 | op=SEND_HEARTBEAT {datanodeUUID=6a76bae0-5bcd-450f-b761-84a239d32397, command=[]} | ret=SUCCESS |  
2019-08-29 09:34:01,114 | INFO  | SCMAudit | user=jenkins1000 | ip=192.168.34.42 | op=SEND_HEARTBEAT {datanodeUUID=814b1e79-91cb-4747-afef-225b562b988f, command=[]} | ret=SUCCESS |  
2019-08-29 09:34:01,301 | INFO  | SCMAudit | user=jenkins1000 | ip=192.168.34.42 | op=SEND_HEARTBEAT {datanodeUUID=f5a90a23-db6d-4122-980c-2c6f67b12274, command=[]} | ret=SUCCESS |  
2019-08-29 09:34:01,379 | INFO  | SCMAudit | user=jenkins1000 | ip=192.168.34.42 | op=SEND_HEARTBEAT {datanodeUUID=04dfc250-5117-40ee-9223-ddc31d2a7fac, command=[]} | ret=SUCCESS |  
2019-08-29 09:34:01,441 | INFO  | SCMAudit | user=jenkins1000 | ip=192.168.34.42 | op=SEND_HEARTBEAT {datanodeUUID=f5689991-66b6-42db-ba36-9ef251e0e30a, command=[]} | ret=SUCCESS |  
2019-08-29 09:34:01,526 | INFO  | SCMAudit | user=jenkins1000 | ip=192.168.34.42 | op=SEND_HEARTBEAT {datanodeUUID=95e6fe0d-ba63-44f7-8a45-847da5452504, command=[]} | ret=SUCCESS |  
2019-08-29 09:34:02,086 | INFO  | SCMAudit | user=jenkins1000 | ip=192.168.34.42 | op=SEND_HEARTBEAT {datanodeUUID=cffcff0f-2752-46f1-bb20-4150682c084f, command=[]} | ret=SUCCESS |  
2019-08-29 09:34:02,114 | INFO  | SCMAudit | user=jenkins1000 | ip=192.168.34.42 | op=SEND_HEARTBEAT {datanodeUUID=814b1e79-91cb-4747-afef-225b562b988f, command=[]} | ret=SUCCESS |  
2019-08-29 09:34:02,114 | INFO  | SCMAudit | user=jenkins1000 | ip=192.168.34.42 | op=SEND_HEARTBEAT {datanodeUUID=6a76bae0-5bcd-450f-b761-84a239d32397, command=[]} | ret=SUCCESS |  
2019-08-29 09:34:02,302 | INFO  | SCMAudit | user=jenkins1000 | ip=192.168.34.42 | op=SEND_HEARTBEAT {datanodeUUID=f5a90a23-db6d-4122-980c-2c6f67b12274, command=[]} | ret=SUCCESS |  
2019-08-29 09:34:02,379 | INFO  | SCMAudit | user=jenkins1000 | ip=192.168.34.42 | op=SEND_HEARTBEAT {datanodeUUID=04dfc250-5117-40ee-9223-ddc31d2a7fac, command=[]} | ret=SUCCESS |  
2019-08-29 09:34:02,441 | INFO  | SCMAudit | user=jenkins1000 | ip=192.168.34.42 | op=SEND_HEARTBEAT {datanodeUUID=f5689991-66b6-42db-ba36-9ef251e0e30a, command=[]} | ret=SUCCESS |  
2019-08-29 09:34:02,527 | INFO  | SCMAudit | user=jenkins1000 | ip=192.168.34.42 | op=SEND_HEARTBEAT {datanodeUUID=95e6fe0d-ba63-44f7-8a45-847da5452504, command=[]} | ret=SUCCESS |  
2019-08-29 09:34:03,087 | INFO  | SCMAudit | user=jenkins1000 | ip=192.168.34.42 | op=SEND_HEARTBEAT {datanodeUUID=cffcff0f-2752-46f1-bb20-4150682c084f, command=[]} | ret=SUCCESS |  
2019-08-29 09:34:03,115 | INFO  | SCMAudit | user=jenkins1000 | ip=192.168.34.42 | op=SEND_HEARTBEAT {datanodeUUID=6a76bae0-5bcd-450f-b761-84a239d32397, command=[]} | ret=SUCCESS |  
2019-08-29 09:34:03,115 | INFO  | SCMAudit | user=jenkins1000 | ip=192.168.34.42 | op=SEND_HEARTBEAT {datanodeUUID=814b1e79-91cb-4747-afef-225b562b988f, command=[]} | ret=SUCCESS |  
2019-08-29 09:34:03,302 | INFO  | SCMAudit | user=jenkins1000 | ip=192.168.34.42 | op=SEND_HEARTBEAT {datanodeUUID=f5a90a23-db6d-4122-980c-2c6f67b12274, command=[]} | ret=SUCCESS |  
2019-08-29 09:34:03,379 | INFO  | SCMAudit | user=jenkins1000 | ip=192.168.34.42 | op=SEND_HEARTBEAT {datanodeUUID=04dfc250-5117-40ee-9223-ddc31d2a7fac, command=[]} | ret=SUCCESS |  
2019-08-29 09:34:03,442 | INFO  | SCMAudit | user=jenkins1000 | ip=192.168.34.42 | op=SEND_HEARTBEAT {datanodeUUID=f5689991-66b6-42db-ba36-9ef251e0e30a, command=[]} | ret=SUCCESS |  
2019-08-29 09:34:03,527 | INFO  | SCMAudit | user=jenkins1000 | ip=192.168.34.42 | op=SEND_HEARTBEAT {datanodeUUID=95e6fe0d-ba63-44f7-8a45-847da5452504, command=[]} | ret=SUCCESS |  
2019-08-29 09:34:04,086 | INFO  | SCMAudit | user=jenkins1000 | ip=192.168.34.42 | op=SEND_HEARTBEAT {datanodeUUID=cffcff0f-2752-46f1-bb20-4150682c084f, command=[]} | ret=SUCCESS |  
2019-08-29 09:34:04,116 | INFO  | SCMAudit | user=jenkins1000 | ip=192.168.34.42 | op=SEND_HEARTBEAT {datanodeUUID=814b1e79-91cb-4747-afef-225b562b988f, command=[]} | ret=SUCCESS |  
2019-08-29 09:34:04,116 | INFO  | SCMAudit | user=jenkins1000 | ip=192.168.34.42 | op=SEND_HEARTBEAT {datanodeUUID=6a76bae0-5bcd-450f-b761-84a239d32397, command=[]} | ret=SUCCESS |  
2019-08-29 09:34:04,302 | INFO  | SCMAudit | user=jenkins1000 | ip=192.168.34.42 | op=SEND_HEARTBEAT {datanodeUUID=f5a90a23-db6d-4122-980c-2c6f67b12274, command=[]} | ret=SUCCESS |  
2019-08-29 09:34:04,379 | INFO  | SCMAudit | user=jenkins1000 | ip=192.168.34.42 | op=SEND_HEARTBEAT {datanodeUUID=04dfc250-5117-40ee-9223-ddc31d2a7fac, command=[]} | ret=SUCCESS |  
2019-08-29 09:34:04,441 | INFO  | SCMAudit | user=jenkins1000 | ip=192.168.34.42 | op=SEND_HEARTBEAT {datanodeUUID=f5689991-66b6-42db-ba36-9ef251e0e30a, command=[]} | ret=SUCCESS |  
2019-08-29 09:34:04,527 | INFO  | SCMAudit | user=jenkins1000 | ip=192.168.34.42 | op=SEND_HEARTBEAT {datanodeUUID=95e6fe0d-ba63-44f7-8a45-847da5452504, command=[]} | ret=SUCCESS |  
2019-08-29 09:34:05,048 [grpc-default-executor-0] INFO  client.GrpcClientProtocolClient (GrpcClientProtocolClient.java:onNext(255)) - client-E9E73D333C91->814b1e79-91cb-4747-afef-225b562b988f: receive RaftClientReply:client-E9E73D333C91->814b1e79-91cb-4747-afef-225b562b988f@group-38214EFEF1B1, cid=45, FAILED org.apache.ratis.protocol.NotLeaderException: Server 814b1e79-91cb-4747-afef-225b562b988f is not the leader (cffcff0f-2752-46f1-bb20-4150682c084f:192.168.34.42:36452). Request must be sent to leader., logIndex=0, commits[814b1e79-91cb-4747-afef-225b562b988f:c8, 6a76bae0-5bcd-450f-b761-84a239d32397:c8, cffcff0f-2752-46f1-bb20-4150682c084f:c8]
2019-08-29 09:34:05,086 | INFO  | SCMAudit | user=jenkins1000 | ip=192.168.34.42 | op=SEND_HEARTBEAT {datanodeUUID=cffcff0f-2752-46f1-bb20-4150682c084f, command=[]} | ret=SUCCESS |  
2019-08-29 09:34:05,117 | INFO  | SCMAudit | user=jenkins1000 | ip=192.168.34.42 | op=SEND_HEARTBEAT {datanodeUUID=6a76bae0-5bcd-450f-b761-84a239d32397, command=[]} | ret=SUCCESS |  
2019-08-29 09:34:05,117 | INFO  | SCMAudit | user=jenkins1000 | ip=192.168.34.42 | op=SEND_HEARTBEAT {datanodeUUID=814b1e79-91cb-4747-afef-225b562b988f, command=[]} | ret=SUCCESS |  
2019-08-29 09:34:05,301 | INFO  | SCMAudit | user=jenkins1000 | ip=192.168.34.42 | op=SEND_HEARTBEAT {datanodeUUID=f5a90a23-db6d-4122-980c-2c6f67b12274, command=[]} | ret=SUCCESS |  
2019-08-29 09:34:05,379 | INFO  | SCMAudit | user=jenkins1000 | ip=192.168.34.42 | op=SEND_HEARTBEAT {datanodeUUID=04dfc250-5117-40ee-9223-ddc31d2a7fac, command=[]} | ret=SUCCESS |  
2019-08-29 09:34:05,442 | INFO  | SCMAudit | user=jenkins1000 | ip=192.168.34.42 | op=SEND_HEARTBEAT {datanodeUUID=f5689991-66b6-42db-ba36-9ef251e0e30a, command=[]} | ret=SUCCESS |  
2019-08-29 09:34:05,527 | INFO  | SCMAudit | user=jenkins1000 | ip=192.168.34.42 | op=SEND_HEARTBEAT {datanodeUUID=95e6fe0d-ba63-44f7-8a45-847da5452504, command=[]} | ret=SUCCESS |  
2019-08-29 09:34:06,086 | INFO  | SCMAudit | user=jenkins1000 | ip=192.168.34.42 | op=SEND_HEARTBEAT {datanodeUUID=cffcff0f-2752-46f1-bb20-4150682c084f, command=[]} | ret=SUCCESS |  
2019-08-29 09:34:06,116 | INFO  | SCMAudit | user=jenkins1000 | ip=192.168.34.42 | op=SEND_HEARTBEAT {datanodeUUID=814b1e79-91cb-4747-afef-225b562b988f, command=[]} | ret=SUCCESS |  
2019-08-29 09:34:06,116 | INFO  | SCMAudit | user=jenkins1000 | ip=192.168.34.42 | op=SEND_HEARTBEAT {datanodeUUID=6a76bae0-5bcd-450f-b761-84a239d32397, command=[]} | ret=SUCCESS |  
2019-08-29 09:34:06,301 | INFO  | SCMAudit | user=jenkins1000 | ip=192.168.34.42 | op=SEND_HEARTBEAT {datanodeUUID=f5a90a23-db6d-4122-980c-2c6f67b12274, command=[]} | ret=SUCCESS |  
2019-08-29 09:34:06,379 | INFO  | SCMAudit | user=jenkins1000 | ip=192.168.34.42 | op=SEND_HEARTBEAT {datanodeUUID=04dfc250-5117-40ee-9223-ddc31d2a7fac, command=[]} | ret=SUCCESS |  
2019-08-29 09:34:06,442 | INFO  | SCMAudit | user=jenkins1000 | ip=192.168.34.42 | op=SEND_HEARTBEAT {datanodeUUID=f5689991-66b6-42db-ba36-9ef251e0e30a, command=[]} | ret=SUCCESS |  
2019-08-29 09:34:06,527 | INFO  | SCMAudit | user=jenkins1000 | ip=192.168.34.42 | op=SEND_HEARTBEAT {datanodeUUID=95e6fe0d-ba63-44f7-8a45-847da5452504, command=[]} | ret=SUCCESS |  
2019-08-29 09:34:07,086 | INFO  | SCMAudit | user=jenkins1000 | ip=192.168.34.42 | op=SEND_HEARTBEAT {datanodeUUID=cffcff0f-2752-46f1-bb20-4150682c084f, command=[]} | ret=SUCCESS |  
2019-08-29 09:34:07,116 | INFO  | SCMAudit | user=jenkins1000 | ip=192.168.34.42 | op=SEND_HEARTBEAT {datanodeUUID=814b1e79-91cb-4747-afef-225b562b988f, command=[]} | ret=SUCCESS |  
2019-08-29 09:34:07,116 | INFO  | SCMAudit | user=jenkins1000 | ip=192.168.34.42 | op=SEND_HEARTBEAT {datanodeUUID=6a76bae0-5bcd-450f-b761-84a239d32397, command=[]} | ret=SUCCESS |  
2019-08-29 09:34:07,301 | INFO  | SCMAudit | user=jenkins1000 | ip=192.168.34.42 | op=SEND_HEARTBEAT {datanodeUUID=f5a90a23-db6d-4122-980c-2c6f67b12274, command=[]} | ret=SUCCESS |  
2019-08-29 09:34:07,379 | INFO  | SCMAudit | user=jenkins1000 | ip=192.168.34.42 | op=SEND_HEARTBEAT {datanodeUUID=04dfc250-5117-40ee-9223-ddc31d2a7fac, command=[]} | ret=SUCCESS |  
2019-08-29 09:34:07,442 | INFO  | SCMAudit | user=jenkins1000 | ip=192.168.34.42 | op=SEND_HEARTBEAT {datanodeUUID=f5689991-66b6-42db-ba36-9ef251e0e30a, command=[]} | ret=SUCCESS |  
2019-08-29 09:34:07,527 | INFO  | SCMAudit | user=jenkins1000 | ip=192.168.34.42 | op=SEND_HEARTBEAT {datanodeUUID=95e6fe0d-ba63-44f7-8a45-847da5452504, command=[]} | ret=SUCCESS |  
2019-08-29 09:34:08,086 | INFO  | SCMAudit | user=jenkins1000 | ip=192.168.34.42 | op=SEND_HEARTBEAT {datanodeUUID=cffcff0f-2752-46f1-bb20-4150682c084f, command=[]} | ret=SUCCESS |  
2019-08-29 09:34:08,116 | INFO  | SCMAudit | user=jenkins1000 | ip=192.168.34.42 | op=SEND_HEARTBEAT {datanodeUUID=814b1e79-91cb-4747-afef-225b562b988f, command=[]} | ret=SUCCESS |  
2019-08-29 09:34:08,116 | INFO  | SCMAudit | user=jenkins1000 | ip=192.168.34.42 | op=SEND_HEARTBEAT {datanodeUUID=6a76bae0-5bcd-450f-b761-84a239d32397, command=[]} | ret=SUCCESS |  
2019-08-29 09:34:08,302 | INFO  | SCMAudit | user=jenkins1000 | ip=192.168.34.42 | op=SEND_HEARTBEAT {datanodeUUID=f5a90a23-db6d-4122-980c-2c6f67b12274, command=[]} | ret=SUCCESS |  
2019-08-29 09:34:08,379 | INFO  | SCMAudit | user=jenkins1000 | ip=192.168.34.42 | op=SEND_HEARTBEAT {datanodeUUID=04dfc250-5117-40ee-9223-ddc31d2a7fac, command=[]} | ret=SUCCESS |  
2019-08-29 09:34:08,442 | INFO  | SCMAudit | user=jenkins1000 | ip=192.168.34.42 | op=SEND_HEARTBEAT {datanodeUUID=f5689991-66b6-42db-ba36-9ef251e0e30a, command=[]} | ret=SUCCESS |  
2019-08-29 09:34:08,528 | INFO  | SCMAudit | user=jenkins1000 | ip=192.168.34.42 | op=SEND_HEARTBEAT {datanodeUUID=95e6fe0d-ba63-44f7-8a45-847da5452504, command=[]} | ret=SUCCESS |  
2019-08-29 09:34:09,086 | INFO  | SCMAudit | user=jenkins1000 | ip=192.168.34.42 | op=SEND_HEARTBEAT {datanodeUUID=cffcff0f-2752-46f1-bb20-4150682c084f, command=[]} | ret=SUCCESS |  
2019-08-29 09:34:09,116 | INFO  | SCMAudit | user=jenkins1000 | ip=192.168.34.42 | op=SEND_HEARTBEAT {datanodeUUID=6a76bae0-5bcd-450f-b761-84a239d32397, command=[]} | ret=SUCCESS |  
2019-08-29 09:34:09,116 | INFO  | SCMAudit | user=jenkins1000 | ip=192.168.34.42 | op=SEND_HEARTBEAT {datanodeUUID=814b1e79-91cb-4747-afef-225b562b988f, command=[]} | ret=SUCCESS |  
2019-08-29 09:34:09,302 | INFO  | SCMAudit | user=jenkins1000 | ip=192.168.34.42 | op=SEND_HEARTBEAT {datanodeUUID=f5a90a23-db6d-4122-980c-2c6f67b12274, command=[]} | ret=SUCCESS |  
2019-08-29 09:34:09,380 | INFO  | SCMAudit | user=jenkins1000 | ip=192.168.34.42 | op=SEND_HEARTBEAT {datanodeUUID=04dfc250-5117-40ee-9223-ddc31d2a7fac, command=[]} | ret=SUCCESS |  
2019-08-29 09:34:09,442 | INFO  | SCMAudit | user=jenkins1000 | ip=192.168.34.42 | op=SEND_HEARTBEAT {datanodeUUID=f5689991-66b6-42db-ba36-9ef251e0e30a, command=[]} | ret=SUCCESS |  
2019-08-29 09:34:09,528 | INFO  | SCMAudit | user=jenkins1000 | ip=192.168.34.42 | op=SEND_HEARTBEAT {datanodeUUID=95e6fe0d-ba63-44f7-8a45-847da5452504, command=[]} | ret=SUCCESS |  
2019-08-29 09:34:10,082 [grpc-default-executor-0] INFO  client.GrpcClientProtocolClient (GrpcClientProtocolClient.java:onNext(255)) - client-E9E73D333C91->6a76bae0-5bcd-450f-b761-84a239d32397: receive RaftClientReply:client-E9E73D333C91->6a76bae0-5bcd-450f-b761-84a239d32397@group-38214EFEF1B1, cid=45, FAILED org.apache.ratis.protocol.NotLeaderException: Server 6a76bae0-5bcd-450f-b761-84a239d32397 is not the leader (cffcff0f-2752-46f1-bb20-4150682c084f:192.168.34.42:36452). Request must be sent to leader., logIndex=0, commits[6a76bae0-5bcd-450f-b761-84a239d32397:c8, 814b1e79-91cb-4747-afef-225b562b988f:c8, cffcff0f-2752-46f1-bb20-4150682c084f:c8]
2019-08-29 09:34:10,104 | INFO  | SCMAudit | user=jenkins1000 | ip=192.168.34.42 | op=SEND_HEARTBEAT {datanodeUUID=cffcff0f-2752-46f1-bb20-4150682c084f, command=[]} | ret=SUCCESS |  
2019-08-29 09:34:10,116 | INFO  | SCMAudit | user=jenkins1000 | ip=192.168.34.42 | op=SEND_HEARTBEAT {datanodeUUID=814b1e79-91cb-4747-afef-225b562b988f, command=[]} | ret=SUCCESS |  
2019-08-29 09:34:10,116 | INFO  | SCMAudit | user=jenkins1000 | ip=192.168.34.42 | op=SEND_HEARTBEAT {datanodeUUID=6a76bae0-5bcd-450f-b761-84a239d32397, command=[]} | ret=SUCCESS |  
2019-08-29 09:34:10,301 | INFO  | SCMAudit | user=jenkins1000 | ip=192.168.34.42 | op=SEND_HEARTBEAT {datanodeUUID=f5a90a23-db6d-4122-980c-2c6f67b12274, command=[]} | ret=SUCCESS |  
2019-08-29 09:34:10,380 | INFO  | SCMAudit | user=jenkins1000 | ip=192.168.34.42 | op=SEND_HEARTBEAT {datanodeUUID=04dfc250-5117-40ee-9223-ddc31d2a7fac, command=[]} | ret=SUCCESS |  
2019-08-29 09:34:10,442 | INFO  | SCMAudit | user=jenkins1000 | ip=192.168.34.42 | op=SEND_HEARTBEAT {datanodeUUID=f5689991-66b6-42db-ba36-9ef251e0e30a, command=[]} | ret=SUCCESS |  
2019-08-29 09:34:10,528 | INFO  | SCMAudit | user=jenkins1000 | ip=192.168.34.42 | op=SEND_HEARTBEAT {datanodeUUID=95e6fe0d-ba63-44f7-8a45-847da5452504, command=[]} | ret=SUCCESS |  
2019-08-29 09:34:11,087 | INFO  | SCMAudit | user=jenkins1000 | ip=192.168.34.42 | op=SEND_HEARTBEAT {datanodeUUID=cffcff0f-2752-46f1-bb20-4150682c084f, command=[]} | ret=SUCCESS |  
2019-08-29 09:34:11,117 | INFO  | SCMAudit | user=jenkins1000 | ip=192.168.34.42 | op=SEND_HEARTBEAT {datanodeUUID=814b1e79-91cb-4747-afef-225b562b988f, command=[]} | ret=SUCCESS |  
2019-08-29 09:34:11,117 | INFO  | SCMAudit | user=jenkins1000 | ip=192.168.34.42 | op=SEND_HEARTBEAT {datanodeUUID=6a76bae0-5bcd-450f-b761-84a239d32397, command=[]} | ret=SUCCESS |  
2019-08-29 09:34:11,301 | INFO  | SCMAudit | user=jenkins1000 | ip=192.168.34.42 | op=SEND_HEARTBEAT {datanodeUUID=f5a90a23-db6d-4122-980c-2c6f67b12274, command=[]} | ret=SUCCESS |  
2019-08-29 09:34:11,380 | INFO  | SCMAudit | user=jenkins1000 | ip=192.168.34.42 | op=SEND_HEARTBEAT {datanodeUUID=04dfc250-5117-40ee-9223-ddc31d2a7fac, command=[]} | ret=SUCCESS |  
2019-08-29 09:34:11,442 | INFO  | SCMAudit | user=jenkins1000 | ip=192.168.34.42 | op=SEND_HEARTBEAT {datanodeUUID=f5689991-66b6-42db-ba36-9ef251e0e30a, command=[]} | ret=SUCCESS |  
2019-08-29 09:34:11,527 | INFO  | SCMAudit | user=jenkins1000 | ip=192.168.34.42 | op=SEND_HEARTBEAT {datanodeUUID=95e6fe0d-ba63-44f7-8a45-847da5452504, command=[]} | ret=SUCCESS |  
2019-08-29 09:34:12,088 | INFO  | SCMAudit | user=jenkins1000 | ip=192.168.34.42 | op=SEND_HEARTBEAT {datanodeUUID=cffcff0f-2752-46f1-bb20-4150682c084f, command=[]} | ret=SUCCESS |  
2019-08-29 09:34:12,117 | INFO  | SCMAudit | user=jenkins1000 | ip=192.168.34.42 | op=SEND_HEARTBEAT {datanodeUUID=6a76bae0-5bcd-450f-b761-84a239d32397, command=[]} | ret=SUCCESS |  
2019-08-29 09:34:12,117 | INFO  | SCMAudit | user=jenkins1000 | ip=192.168.34.42 | op=SEND_HEARTBEAT {datanodeUUID=814b1e79-91cb-4747-afef-225b562b988f, command=[]} | ret=SUCCESS |  
2019-08-29 09:34:12,301 | INFO  | SCMAudit | user=jenkins1000 | ip=192.168.34.42 | op=SEND_HEARTBEAT {datanodeUUID=f5a90a23-db6d-4122-980c-2c6f67b12274, command=[]} | ret=SUCCESS |  
2019-08-29 09:34:12,380 | INFO  | SCMAudit | user=jenkins1000 | ip=192.168.34.42 | op=SEND_HEARTBEAT {datanodeUUID=04dfc250-5117-40ee-9223-ddc31d2a7fac, command=[]} | ret=SUCCESS |  
2019-08-29 09:34:12,442 | INFO  | SCMAudit | user=jenkins1000 | ip=192.168.34.42 | op=SEND_HEARTBEAT {datanodeUUID=f5689991-66b6-42db-ba36-9ef251e0e30a, command=[]} | ret=SUCCESS |  
2019-08-29 09:34:12,527 | INFO  | SCMAudit | user=jenkins1000 | ip=192.168.34.42 | op=SEND_HEARTBEAT {datanodeUUID=95e6fe0d-ba63-44f7-8a45-847da5452504, command=[]} | ret=SUCCESS |  
2019-08-29 09:34:13,088 | INFO  | SCMAudit | user=jenkins1000 | ip=192.168.34.42 | op=SEND_HEARTBEAT {datanodeUUID=cffcff0f-2752-46f1-bb20-4150682c084f, command=[]} | ret=SUCCESS |  
2019-08-29 09:34:13,117 | INFO  | SCMAudit | user=jenkins1000 | ip=192.168.34.42 | op=SEND_HEARTBEAT {datanodeUUID=6a76bae0-5bcd-450f-b761-84a239d32397, command=[]} | ret=SUCCESS |  
2019-08-29 09:34:13,117 | INFO  | SCMAudit | user=jenkins1000 | ip=192.168.34.42 | op=SEND_HEARTBEAT {datanodeUUID=814b1e79-91cb-4747-afef-225b562b988f, command=[]} | ret=SUCCESS |  
2019-08-29 09:34:13,302 | INFO  | SCMAudit | user=jenkins1000 | ip=192.168.34.42 | op=SEND_HEARTBEAT {datanodeUUID=f5a90a23-db6d-4122-980c-2c6f67b12274, command=[]} | ret=SUCCESS |  
2019-08-29 09:34:13,381 | INFO  | SCMAudit | user=jenkins1000 | ip=192.168.34.42 | op=SEND_HEARTBEAT {datanodeUUID=04dfc250-5117-40ee-9223-ddc31d2a7fac, command=[]} | ret=SUCCESS |  
2019-08-29 09:34:13,442 | INFO  | SCMAudit | user=jenkins1000 | ip=192.168.34.42 | op=SEND_HEARTBEAT {datanodeUUID=f5689991-66b6-42db-ba36-9ef251e0e30a, command=[]} | ret=SUCCESS |  
2019-08-29 09:34:13,527 | INFO  | SCMAudit | user=jenkins1000 | ip=192.168.34.42 | op=SEND_HEARTBEAT {datanodeUUID=95e6fe0d-ba63-44f7-8a45-847da5452504, command=[]} | ret=SUCCESS |  
2019-08-29 09:34:14,088 | INFO  | SCMAudit | user=jenkins1000 | ip=192.168.34.42 | op=SEND_HEARTBEAT {datanodeUUID=cffcff0f-2752-46f1-bb20-4150682c084f, command=[]} | ret=SUCCESS |  
2019-08-29 09:34:14,118 | INFO  | SCMAudit | user=jenkins1000 | ip=192.168.34.42 | op=SEND_HEARTBEAT {datanodeUUID=814b1e79-91cb-4747-afef-225b562b988f, command=[]} | ret=SUCCESS |  
2019-08-29 09:34:14,118 | INFO  | SCMAudit | user=jenkins1000 | ip=192.168.34.42 | op=SEND_HEARTBEAT {datanodeUUID=6a76bae0-5bcd-450f-b761-84a239d32397, command=[]} | ret=SUCCESS |  
2019-08-29 09:34:14,302 | INFO  | SCMAudit | user=jenkins1000 | ip=192.168.34.42 | op=SEND_HEARTBEAT {datanodeUUID=f5a90a23-db6d-4122-980c-2c6f67b12274, command=[]} | ret=SUCCESS |  
2019-08-29 09:34:14,381 | INFO  | SCMAudit | user=jenkins1000 | ip=192.168.34.42 | op=SEND_HEARTBEAT {datanodeUUID=04dfc250-5117-40ee-9223-ddc31d2a7fac, command=[]} | ret=SUCCESS |  
2019-08-29 09:34:14,442 | INFO  | SCMAudit | user=jenkins1000 | ip=192.168.34.42 | op=SEND_HEARTBEAT {datanodeUUID=f5689991-66b6-42db-ba36-9ef251e0e30a, command=[]} | ret=SUCCESS |  
2019-08-29 09:34:14,527 | INFO  | SCMAudit | user=jenkins1000 | ip=192.168.34.42 | op=SEND_HEARTBEAT {datanodeUUID=95e6fe0d-ba63-44f7-8a45-847da5452504, command=[]} | ret=SUCCESS |  
2019-08-29 09:34:15,089 | INFO  | SCMAudit | user=jenkins1000 | ip=192.168.34.42 | op=SEND_HEARTBEAT {datanodeUUID=cffcff0f-2752-46f1-bb20-4150682c084f, command=[]} | ret=SUCCESS |  
2019-08-29 09:34:15,121 | INFO  | SCMAudit | user=jenkins1000 | ip=192.168.34.42 | op=SEND_HEARTBEAT {datanodeUUID=6a76bae0-5bcd-450f-b761-84a239d32397, command=[]} | ret=SUCCESS |  
2019-08-29 09:34:15,121 | INFO  | SCMAudit | user=jenkins1000 | ip=192.168.34.42 | op=SEND_HEARTBEAT {datanodeUUID=814b1e79-91cb-4747-afef-225b562b988f, command=[]} | ret=SUCCESS |  
2019-08-29 09:34:15,129 [grpc-default-executor-4] INFO  client.GrpcClientProtocolClient (GrpcClientProtocolClient.java:onNext(255)) - client-E9E73D333C91->814b1e79-91cb-4747-afef-225b562b988f: receive RaftClientReply:client-E9E73D333C91->814b1e79-91cb-4747-afef-225b562b988f@group-38214EFEF1B1, cid=45, FAILED org.apache.ratis.protocol.NotLeaderException: Server 814b1e79-91cb-4747-afef-225b562b988f is not the leader (cffcff0f-2752-46f1-bb20-4150682c084f:192.168.34.42:36452). Request must be sent to leader., logIndex=0, commits[814b1e79-91cb-4747-afef-225b562b988f:c8, 6a76bae0-5bcd-450f-b761-84a239d32397:c8, cffcff0f-2752-46f1-bb20-4150682c084f:c8]
2019-08-29 09:34:15,302 | INFO  | SCMAudit | user=jenkins1000 | ip=192.168.34.42 | op=SEND_HEARTBEAT {datanodeUUID=f5a90a23-db6d-4122-980c-2c6f67b12274, command=[]} | ret=SUCCESS |  
2019-08-29 09:34:15,381 | INFO  | SCMAudit | user=jenkins1000 | ip=192.168.34.42 | op=SEND_HEARTBEAT {datanodeUUID=04dfc250-5117-40ee-9223-ddc31d2a7fac, command=[]} | ret=SUCCESS |  
2019-08-29 09:34:15,443 | INFO  | SCMAudit | user=jenkins1000 | ip=192.168.34.42 | op=SEND_HEARTBEAT {datanodeUUID=f5689991-66b6-42db-ba36-9ef251e0e30a, command=[]} | ret=SUCCESS |  
2019-08-29 09:34:15,528 | INFO  | SCMAudit | user=jenkins1000 | ip=192.168.34.42 | op=SEND_HEARTBEAT {datanodeUUID=95e6fe0d-ba63-44f7-8a45-847da5452504, command=[]} | ret=SUCCESS |  
2019-08-29 09:34:16,090 | INFO  | SCMAudit | user=jenkins1000 | ip=192.168.34.42 | op=SEND_HEARTBEAT {datanodeUUID=cffcff0f-2752-46f1-bb20-4150682c084f, command=[]} | ret=SUCCESS |  
2019-08-29 09:34:16,121 | INFO  | SCMAudit | user=jenkins1000 | ip=192.168.34.42 | op=SEND_HEARTBEAT {datanodeUUID=814b1e79-91cb-4747-afef-225b562b988f, command=[]} | ret=SUCCESS |  
2019-08-29 09:34:16,122 | INFO  | SCMAudit | user=jenkins1000 | ip=192.168.34.42 | op=SEND_HEARTBEAT {datanodeUUID=6a76bae0-5bcd-450f-b761-84a239d32397, command=[]} | ret=SUCCESS |  
2019-08-29 09:34:16,303 | INFO  | SCMAudit | user=jenkins1000 | ip=192.168.34.42 | op=SEND_HEARTBEAT {datanodeUUID=f5a90a23-db6d-4122-980c-2c6f67b12274, command=[]} | ret=SUCCESS |  
2019-08-29 09:34:16,382 | INFO  | SCMAudit | user=jenkins1000 | ip=192.168.34.42 | op=SEND_HEARTBEAT {datanodeUUID=04dfc250-5117-40ee-9223-ddc31d2a7fac, command=[]} | ret=SUCCESS |  
2019-08-29 09:34:16,443 | INFO  | SCMAudit | user=jenkins1000 | ip=192.168.34.42 | op=SEND_HEARTBEAT {datanodeUUID=f5689991-66b6-42db-ba36-9ef251e0e30a, command=[]} | ret=SUCCESS |  
2019-08-29 09:34:16,528 | INFO  | SCMAudit | user=jenkins1000 | ip=192.168.34.42 | op=SEND_HEARTBEAT {datanodeUUID=95e6fe0d-ba63-44f7-8a45-847da5452504, command=[]} | ret=SUCCESS |  
2019-08-29 09:34:17,090 | INFO  | SCMAudit | user=jenkins1000 | ip=192.168.34.42 | op=SEND_HEARTBEAT {datanodeUUID=cffcff0f-2752-46f1-bb20-4150682c084f, command=[]} | ret=SUCCESS |  
2019-08-29 09:34:17,121 | INFO  | SCMAudit | user=jenkins1000 | ip=192.168.34.42 | op=SEND_HEARTBEAT {datanodeUUID=814b1e79-91cb-4747-afef-225b562b988f, command=[]} | ret=SUCCESS |  
2019-08-29 09:34:17,122 | INFO  | SCMAudit | user=jenkins1000 | ip=192.168.34.42 | op=SEND_HEARTBEAT {datanodeUUID=6a76bae0-5bcd-450f-b761-84a239d32397, command=[]} | ret=SUCCESS |  
2019-08-29 09:34:17,303 | INFO  | SCMAudit | user=jenkins1000 | ip=192.168.34.42 | op=SEND_HEARTBEAT {datanodeUUID=f5a90a23-db6d-4122-980c-2c6f67b12274, command=[]} | ret=SUCCESS |  
2019-08-29 09:34:17,382 | INFO  | SCMAudit | user=jenkins1000 | ip=192.168.34.42 | op=SEND_HEARTBEAT {datanodeUUID=04dfc250-5117-40ee-9223-ddc31d2a7fac, command=[]} | ret=SUCCESS |  
2019-08-29 09:34:17,443 | INFO  | SCMAudit | user=jenkins1000 | ip=192.168.34.42 | op=SEND_HEARTBEAT {datanodeUUID=f5689991-66b6-42db-ba36-9ef251e0e30a, command=[]} | ret=SUCCESS |  
2019-08-29 09:34:17,528 | INFO  | SCMAudit | user=jenkins1000 | ip=192.168.34.42 | op=SEND_HEARTBEAT {datanodeUUID=95e6fe0d-ba63-44f7-8a45-847da5452504, command=[]} | ret=SUCCESS |  
2019-08-29 09:34:18,090 | INFO  | SCMAudit | user=jenkins1000 | ip=192.168.34.42 | op=SEND_HEARTBEAT {datanodeUUID=cffcff0f-2752-46f1-bb20-4150682c084f, command=[]} | ret=SUCCESS |  
2019-08-29 09:34:18,122 | INFO  | SCMAudit | user=jenkins1000 | ip=192.168.34.42 | op=SEND_HEARTBEAT {datanodeUUID=814b1e79-91cb-4747-afef-225b562b988f, command=[]} | ret=SUCCESS |  
2019-08-29 09:34:18,125 | INFO  | SCMAudit | user=jenkins1000 | ip=192.168.34.42 | op=SEND_HEARTBEAT {datanodeUUID=6a76bae0-5bcd-450f-b761-84a239d32397, command=[]} | ret=SUCCESS |  
2019-08-29 09:34:18,303 | INFO  | SCMAudit | user=jenkins1000 | ip=192.168.34.42 | op=SEND_HEARTBEAT {datanodeUUID=f5a90a23-db6d-4122-980c-2c6f67b12274, command=[]} | ret=SUCCESS |  
2019-08-29 09:34:18,382 | INFO  | SCMAudit | user=jenkins1000 | ip=192.168.34.42 | op=SEND_HEARTBEAT {datanodeUUID=04dfc250-5117-40ee-9223-ddc31d2a7fac, command=[]} | ret=SUCCESS |  
2019-08-29 09:34:18,444 | INFO  | SCMAudit | user=jenkins1000 | ip=192.168.34.42 | op=SEND_HEARTBEAT {datanodeUUID=f5689991-66b6-42db-ba36-9ef251e0e30a, command=[]} | ret=SUCCESS |  
2019-08-29 09:34:18,528 | INFO  | SCMAudit | user=jenkins1000 | ip=192.168.34.42 | op=SEND_HEARTBEAT {datanodeUUID=95e6fe0d-ba63-44f7-8a45-847da5452504, command=[]} | ret=SUCCESS |  
2019-08-29 09:34:19,090 | INFO  | SCMAudit | user=jenkins1000 | ip=192.168.34.42 | op=SEND_HEARTBEAT {datanodeUUID=cffcff0f-2752-46f1-bb20-4150682c084f, command=[]} | ret=SUCCESS |  
2019-08-29 09:34:19,121 | INFO  | SCMAudit | user=jenkins1000 | ip=192.168.34.42 | op=SEND_HEARTBEAT {datanodeUUID=814b1e79-91cb-4747-afef-225b562b988f, command=[]} | ret=SUCCESS |  
2019-08-29 09:34:19,122 | INFO  | SCMAudit | user=jenkins1000 | ip=192.168.34.42 | op=SEND_HEARTBEAT {datanodeUUID=6a76bae0-5bcd-450f-b761-84a239d32397, command=[]} | ret=SUCCESS |  
2019-08-29 09:34:19,303 | INFO  | SCMAudit | user=jenkins1000 | ip=192.168.34.42 | op=SEND_HEARTBEAT {datanodeUUID=f5a90a23-db6d-4122-980c-2c6f67b12274, command=[]} | ret=SUCCESS |  
2019-08-29 09:34:19,382 | INFO  | SCMAudit | user=jenkins1000 | ip=192.168.34.42 | op=SEND_HEARTBEAT {datanodeUUID=04dfc250-5117-40ee-9223-ddc31d2a7fac, command=[]} | ret=SUCCESS |  
2019-08-29 09:34:19,444 | INFO  | SCMAudit | user=jenkins1000 | ip=192.168.34.42 | op=SEND_HEARTBEAT {datanodeUUID=f5689991-66b6-42db-ba36-9ef251e0e30a, command=[]} | ret=SUCCESS |  
2019-08-29 09:34:19,527 | INFO  | SCMAudit | user=jenkins1000 | ip=192.168.34.42 | op=SEND_HEARTBEAT {datanodeUUID=95e6fe0d-ba63-44f7-8a45-847da5452504, command=[]} | ret=SUCCESS |  
2019-08-29 09:34:20,090 | INFO  | SCMAudit | user=jenkins1000 | ip=192.168.34.42 | op=SEND_HEARTBEAT {datanodeUUID=cffcff0f-2752-46f1-bb20-4150682c084f, command=[]} | ret=SUCCESS |  
2019-08-29 09:34:20,121 | INFO  | SCMAudit | user=jenkins1000 | ip=192.168.34.42 | op=SEND_HEARTBEAT {datanodeUUID=814b1e79-91cb-4747-afef-225b562b988f, command=[]} | ret=SUCCESS |  
2019-08-29 09:34:20,122 | INFO  | SCMAudit | user=jenkins1000 | ip=192.168.34.42 | op=SEND_HEARTBEAT {datanodeUUID=6a76bae0-5bcd-450f-b761-84a239d32397, command=[]} | ret=SUCCESS |  
2019-08-29 09:34:20,167 [grpc-default-executor-4] INFO  client.GrpcClientProtocolClient (GrpcClientProtocolClient.java:onNext(255)) - client-E9E73D333C91->814b1e79-91cb-4747-afef-225b562b988f: receive RaftClientReply:client-E9E73D333C91->814b1e79-91cb-4747-afef-225b562b988f@group-38214EFEF1B1, cid=45, FAILED org.apache.ratis.protocol.NotLeaderException: Server 814b1e79-91cb-4747-afef-225b562b988f is not the leader (cffcff0f-2752-46f1-bb20-4150682c084f:192.168.34.42:36452). Request must be sent to leader., logIndex=0, commits[814b1e79-91cb-4747-afef-225b562b988f:c8, 6a76bae0-5bcd-450f-b761-84a239d32397:c8, cffcff0f-2752-46f1-bb20-4150682c084f:c8]
2019-08-29 09:34:20,303 | INFO  | SCMAudit | user=jenkins1000 | ip=192.168.34.42 | op=SEND_HEARTBEAT {datanodeUUID=f5a90a23-db6d-4122-980c-2c6f67b12274, command=[]} | ret=SUCCESS |  
2019-08-29 09:34:20,382 | INFO  | SCMAudit | user=jenkins1000 | ip=192.168.34.42 | op=SEND_HEARTBEAT {datanodeUUID=04dfc250-5117-40ee-9223-ddc31d2a7fac, command=[]} | ret=SUCCESS |  
2019-08-29 09:34:20,445 | INFO  | SCMAudit | user=jenkins1000 | ip=192.168.34.42 | op=SEND_HEARTBEAT {datanodeUUID=f5689991-66b6-42db-ba36-9ef251e0e30a, command=[]} | ret=SUCCESS |  
2019-08-29 09:34:20,528 | INFO  | SCMAudit | user=jenkins1000 | ip=192.168.34.42 | op=SEND_HEARTBEAT {datanodeUUID=95e6fe0d-ba63-44f7-8a45-847da5452504, command=[]} | ret=SUCCESS |  
2019-08-29 09:34:21,090 | INFO  | SCMAudit | user=jenkins1000 | ip=192.168.34.42 | op=SEND_HEARTBEAT {datanodeUUID=cffcff0f-2752-46f1-bb20-4150682c084f, command=[]} | ret=SUCCESS |  
2019-08-29 09:34:21,121 | INFO  | SCMAudit | user=jenkins1000 | ip=192.168.34.42 | op=SEND_HEARTBEAT {datanodeUUID=814b1e79-91cb-4747-afef-225b562b988f, command=[]} | ret=SUCCESS |  
2019-08-29 09:34:21,122 | INFO  | SCMAudit | user=jenkins1000 | ip=192.168.34.42 | op=SEND_HEARTBEAT {datanodeUUID=6a76bae0-5bcd-450f-b761-84a239d32397, command=[]} | ret=SUCCESS |  
2019-08-29 09:34:21,303 | INFO  | SCMAudit | user=jenkins1000 | ip=192.168.34.42 | op=SEND_HEARTBEAT {datanodeUUID=f5a90a23-db6d-4122-980c-2c6f67b12274, command=[]} | ret=SUCCESS |  
2019-08-29 09:34:21,382 | INFO  | SCMAudit | user=jenkins1000 | ip=192.168.34.42 | op=SEND_HEARTBEAT {datanodeUUID=04dfc250-5117-40ee-9223-ddc31d2a7fac, command=[]} | ret=SUCCESS |  
2019-08-29 09:34:21,445 | INFO  | SCMAudit | user=jenkins1000 | ip=192.168.34.42 | op=SEND_HEARTBEAT {datanodeUUID=f5689991-66b6-42db-ba36-9ef251e0e30a, command=[]} | ret=SUCCESS |  
2019-08-29 09:34:21,528 | INFO  | SCMAudit | user=jenkins1000 | ip=192.168.34.42 | op=SEND_HEARTBEAT {datanodeUUID=95e6fe0d-ba63-44f7-8a45-847da5452504, command=[]} | ret=SUCCESS |  
2019-08-29 09:34:22,090 | INFO  | SCMAudit | user=jenkins1000 | ip=192.168.34.42 | op=SEND_HEARTBEAT {datanodeUUID=cffcff0f-2752-46f1-bb20-4150682c084f, command=[]} | ret=SUCCESS |  
2019-08-29 09:34:22,121 | INFO  | SCMAudit | user=jenkins1000 | ip=192.168.34.42 | op=SEND_HEARTBEAT {datanodeUUID=814b1e79-91cb-4747-afef-225b562b988f, command=[]} | ret=SUCCESS |  
2019-08-29 09:34:22,123 | INFO  | SCMAudit | user=jenkins1000 | ip=192.168.34.42 | op=SEND_HEARTBEAT {datanodeUUID=6a76bae0-5bcd-450f-b761-84a239d32397, command=[]} | ret=SUCCESS |  
2019-08-29 09:34:22,303 | INFO  | SCMAudit | user=jenkins1000 | ip=192.168.34.42 | op=SEND_HEARTBEAT {datanodeUUID=f5a90a23-db6d-4122-980c-2c6f67b12274, command=[]} | ret=SUCCESS |  
2019-08-29 09:34:22,382 | INFO  | SCMAudit | user=jenkins1000 | ip=192.168.34.42 | op=SEND_HEARTBEAT {datanodeUUID=04dfc250-5117-40ee-9223-ddc31d2a7fac, command=[]} | ret=SUCCESS |  
2019-08-29 09:34:22,445 | INFO  | SCMAudit | user=jenkins1000 | ip=192.168.34.42 | op=SEND_HEARTBEAT {datanodeUUID=f5689991-66b6-42db-ba36-9ef251e0e30a, command=[]} | ret=SUCCESS |  
2019-08-29 09:34:22,528 | INFO  | SCMAudit | user=jenkins1000 | ip=192.168.34.42 | op=SEND_HEARTBEAT {datanodeUUID=95e6fe0d-ba63-44f7-8a45-847da5452504, command=[]} | ret=SUCCESS |  
2019-08-29 09:34:23,091 | INFO  | SCMAudit | user=jenkins1000 | ip=192.168.34.42 | op=SEND_HEARTBEAT {datanodeUUID=cffcff0f-2752-46f1-bb20-4150682c084f, command=[]} | ret=SUCCESS |  
2019-08-29 09:34:23,121 | INFO  | SCMAudit | user=jenkins1000 | ip=192.168.34.42 | op=SEND_HEARTBEAT {datanodeUUID=814b1e79-91cb-4747-afef-225b562b988f, command=[]} | ret=SUCCESS |  
2019-08-29 09:34:23,123 | INFO  | SCMAudit | user=jenkins1000 | ip=192.168.34.42 | op=SEND_HEARTBEAT {datanodeUUID=6a76bae0-5bcd-450f-b761-84a239d32397, command=[]} | ret=SUCCESS |  
2019-08-29 09:34:23,304 | INFO  | SCMAudit | user=jenkins1000 | ip=192.168.34.42 | op=SEND_HEARTBEAT {datanodeUUID=f5a90a23-db6d-4122-980c-2c6f67b12274, command=[]} | ret=SUCCESS |  
2019-08-29 09:34:23,382 | INFO  | SCMAudit | user=jenkins1000 | ip=192.168.34.42 | op=SEND_HEARTBEAT {datanodeUUID=04dfc250-5117-40ee-9223-ddc31d2a7fac, command=[]} | ret=SUCCESS |  
2019-08-29 09:34:23,445 | INFO  | SCMAudit | user=jenkins1000 | ip=192.168.34.42 | op=SEND_HEARTBEAT {datanodeUUID=f5689991-66b6-42db-ba36-9ef251e0e30a, command=[]} | ret=SUCCESS |  
2019-08-29 09:34:23,527 | INFO  | SCMAudit | user=jenkins1000 | ip=192.168.34.42 | op=SEND_HEARTBEAT {datanodeUUID=95e6fe0d-ba63-44f7-8a45-847da5452504, command=[]} | ret=SUCCESS |  
2019-08-29 09:34:24,091 | INFO  | SCMAudit | user=jenkins1000 | ip=192.168.34.42 | op=SEND_HEARTBEAT {datanodeUUID=cffcff0f-2752-46f1-bb20-4150682c084f, command=[]} | ret=SUCCESS |  
2019-08-29 09:34:24,121 | INFO  | SCMAudit | user=jenkins1000 | ip=192.168.34.42 | op=SEND_HEARTBEAT {datanodeUUID=814b1e79-91cb-4747-afef-225b562b988f, command=[]} | ret=SUCCESS |  
2019-08-29 09:34:24,123 | INFO  | SCMAudit | user=jenkins1000 | ip=192.168.34.42 | op=SEND_HEARTBEAT {datanodeUUID=6a76bae0-5bcd-450f-b761-84a239d32397, command=[]} | ret=SUCCESS |  
2019-08-29 09:34:24,304 | INFO  | SCMAudit | user=jenkins1000 | ip=192.168.34.42 | op=SEND_HEARTBEAT {datanodeUUID=f5a90a23-db6d-4122-980c-2c6f67b12274, command=[]} | ret=SUCCESS |  
2019-08-29 09:34:24,383 | INFO  | SCMAudit | user=jenkins1000 | ip=192.168.34.42 | op=SEND_HEARTBEAT {datanodeUUID=04dfc250-5117-40ee-9223-ddc31d2a7fac, command=[]} | ret=SUCCESS |  
2019-08-29 09:34:24,445 | INFO  | SCMAudit | user=jenkins1000 | ip=192.168.34.42 | op=SEND_HEARTBEAT {datanodeUUID=f5689991-66b6-42db-ba36-9ef251e0e30a, command=[]} | ret=SUCCESS |  
2019-08-29 09:34:24,527 | INFO  | SCMAudit | user=jenkins1000 | ip=192.168.34.42 | op=SEND_HEARTBEAT {datanodeUUID=95e6fe0d-ba63-44f7-8a45-847da5452504, command=[]} | ret=SUCCESS |  
2019-08-29 09:34:25,091 | INFO  | SCMAudit | user=jenkins1000 | ip=192.168.34.42 | op=SEND_HEARTBEAT {datanodeUUID=cffcff0f-2752-46f1-bb20-4150682c084f, command=[]} | ret=SUCCESS |  
2019-08-29 09:34:25,121 | INFO  | SCMAudit | user=jenkins1000 | ip=192.168.34.42 | op=SEND_HEARTBEAT {datanodeUUID=814b1e79-91cb-4747-afef-225b562b988f, command=[]} | ret=SUCCESS |  
2019-08-29 09:34:25,123 | INFO  | SCMAudit | user=jenkins1000 | ip=192.168.34.42 | op=SEND_HEARTBEAT {datanodeUUID=6a76bae0-5bcd-450f-b761-84a239d32397, command=[]} | ret=SUCCESS |  
2019-08-29 09:34:25,203 [grpc-default-executor-4] INFO  client.GrpcClientProtocolClient (GrpcClientProtocolClient.java:onNext(255)) - client-E9E73D333C91->814b1e79-91cb-4747-afef-225b562b988f: receive RaftClientReply:client-E9E73D333C91->814b1e79-91cb-4747-afef-225b562b988f@group-38214EFEF1B1, cid=45, FAILED org.apache.ratis.protocol.NotLeaderException: Server 814b1e79-91cb-4747-afef-225b562b988f is not the leader (cffcff0f-2752-46f1-bb20-4150682c084f:192.168.34.42:36452). Request must be sent to leader., logIndex=0, commits[814b1e79-91cb-4747-afef-225b562b988f:c8, 6a76bae0-5bcd-450f-b761-84a239d32397:c8, cffcff0f-2752-46f1-bb20-4150682c084f:c8]
2019-08-29 09:34:25,304 | INFO  | SCMAudit | user=jenkins1000 | ip=192.168.34.42 | op=SEND_HEARTBEAT {datanodeUUID=f5a90a23-db6d-4122-980c-2c6f67b12274, command=[]} | ret=SUCCESS |  
2019-08-29 09:34:25,383 | INFO  | SCMAudit | user=jenkins1000 | ip=192.168.34.42 | op=SEND_HEARTBEAT {datanodeUUID=04dfc250-5117-40ee-9223-ddc31d2a7fac, command=[]} | ret=SUCCESS |  
2019-08-29 09:34:25,446 | INFO  | SCMAudit | user=jenkins1000 | ip=192.168.34.42 | op=SEND_HEARTBEAT {datanodeUUID=f5689991-66b6-42db-ba36-9ef251e0e30a, command=[]} | ret=SUCCESS |  
2019-08-29 09:34:25,527 | INFO  | SCMAudit | user=jenkins1000 | ip=192.168.34.42 | op=SEND_HEARTBEAT {datanodeUUID=95e6fe0d-ba63-44f7-8a45-847da5452504, command=[]} | ret=SUCCESS |  
2019-08-29 09:34:26,091 | INFO  | SCMAudit | user=jenkins1000 | ip=192.168.34.42 | op=SEND_HEARTBEAT {datanodeUUID=cffcff0f-2752-46f1-bb20-4150682c084f, command=[]} | ret=SUCCESS |  
2019-08-29 09:34:26,121 | INFO  | SCMAudit | user=jenkins1000 | ip=192.168.34.42 | op=SEND_HEARTBEAT {datanodeUUID=814b1e79-91cb-4747-afef-225b562b988f, command=[]} | ret=SUCCESS |  
2019-08-29 09:34:26,123 | INFO  | SCMAudit | user=jenkins1000 | ip=192.168.34.42 | op=SEND_HEARTBEAT {datanodeUUID=6a76bae0-5bcd-450f-b761-84a239d32397, command=[]} | ret=SUCCESS |  
2019-08-29 09:34:26,304 | INFO  | SCMAudit | user=jenkins1000 | ip=192.168.34.42 | op=SEND_HEARTBEAT {datanodeUUID=f5a90a23-db6d-4122-980c-2c6f67b12274, command=[]} | ret=SUCCESS |  
2019-08-29 09:34:26,383 | INFO  | SCMAudit | user=jenkins1000 | ip=192.168.34.42 | op=SEND_HEARTBEAT {datanodeUUID=04dfc250-5117-40ee-9223-ddc31d2a7fac, command=[]} | ret=SUCCESS |  
2019-08-29 09:34:26,446 | INFO  | SCMAudit | user=jenkins1000 | ip=192.168.34.42 | op=SEND_HEARTBEAT {datanodeUUID=f5689991-66b6-42db-ba36-9ef251e0e30a, command=[]} | ret=SUCCESS |  
2019-08-29 09:34:26,528 | INFO  | SCMAudit | user=jenkins1000 | ip=192.168.34.42 | op=SEND_HEARTBEAT {datanodeUUID=95e6fe0d-ba63-44f7-8a45-847da5452504, command=[]} | ret=SUCCESS |  
2019-08-29 09:34:27,091 | INFO  | SCMAudit | user=jenkins1000 | ip=192.168.34.42 | op=SEND_HEARTBEAT {datanodeUUID=cffcff0f-2752-46f1-bb20-4150682c084f, command=[]} | ret=SUCCESS |  
2019-08-29 09:34:27,121 | INFO  | SCMAudit | user=jenkins1000 | ip=192.168.34.42 | op=SEND_HEARTBEAT {datanodeUUID=814b1e79-91cb-4747-afef-225b562b988f, command=[]} | ret=SUCCESS |  
2019-08-29 09:34:27,123 | INFO  | SCMAudit | user=jenkins1000 | ip=192.168.34.42 | op=SEND_HEARTBEAT {datanodeUUID=6a76bae0-5bcd-450f-b761-84a239d32397, command=[]} | ret=SUCCESS |  
2019-08-29 09:34:27,305 | INFO  | SCMAudit | user=jenkins1000 | ip=192.168.34.42 | op=SEND_HEARTBEAT {datanodeUUID=f5a90a23-db6d-4122-980c-2c6f67b12274, command=[]} | ret=SUCCESS |  
2019-08-29 09:34:27,383 | INFO  | SCMAudit | user=jenkins1000 | ip=192.168.34.42 | op=SEND_HEARTBEAT {datanodeUUID=04dfc250-5117-40ee-9223-ddc31d2a7fac, command=[]} | ret=SUCCESS |  
2019-08-29 09:34:27,446 | INFO  | SCMAudit | user=jenkins1000 | ip=192.168.34.42 | op=SEND_HEARTBEAT {datanodeUUID=f5689991-66b6-42db-ba36-9ef251e0e30a, command=[]} | ret=SUCCESS |  
2019-08-29 09:34:27,528 | INFO  | SCMAudit | user=jenkins1000 | ip=192.168.34.42 | op=SEND_HEARTBEAT {datanodeUUID=95e6fe0d-ba63-44f7-8a45-847da5452504, command=[]} | ret=SUCCESS |  
2019-08-29 09:34:28,091 | INFO  | SCMAudit | user=jenkins1000 | ip=192.168.34.42 | op=SEND_HEARTBEAT {datanodeUUID=cffcff0f-2752-46f1-bb20-4150682c084f, command=[]} | ret=SUCCESS |  
2019-08-29 09:34:28,121 | INFO  | SCMAudit | user=jenkins1000 | ip=192.168.34.42 | op=SEND_HEARTBEAT {datanodeUUID=814b1e79-91cb-4747-afef-225b562b988f, command=[]} | ret=SUCCESS |  
2019-08-29 09:34:28,123 | INFO  | SCMAudit | user=jenkins1000 | ip=192.168.34.42 | op=SEND_HEARTBEAT {datanodeUUID=6a76bae0-5bcd-450f-b761-84a239d32397, command=[]} | ret=SUCCESS |  
2019-08-29 09:34:28,305 | INFO  | SCMAudit | user=jenkins1000 | ip=192.168.34.42 | op=SEND_HEARTBEAT {datanodeUUID=f5a90a23-db6d-4122-980c-2c6f67b12274, command=[]} | ret=SUCCESS |  
2019-08-29 09:34:28,383 | INFO  | SCMAudit | user=jenkins1000 | ip=192.168.34.42 | op=SEND_HEARTBEAT {datanodeUUID=04dfc250-5117-40ee-9223-ddc31d2a7fac, command=[]} | ret=SUCCESS |  
2019-08-29 09:34:28,446 | INFO  | SCMAudit | user=jenkins1000 | ip=192.168.34.42 | op=SEND_HEARTBEAT {datanodeUUID=f5689991-66b6-42db-ba36-9ef251e0e30a, command=[]} | ret=SUCCESS |  
2019-08-29 09:34:28,528 | INFO  | SCMAudit | user=jenkins1000 | ip=192.168.34.42 | op=SEND_HEARTBEAT {datanodeUUID=95e6fe0d-ba63-44f7-8a45-847da5452504, command=[]} | ret=SUCCESS |  
2019-08-29 09:34:29,091 | INFO  | SCMAudit | user=jenkins1000 | ip=192.168.34.42 | op=SEND_HEARTBEAT {datanodeUUID=cffcff0f-2752-46f1-bb20-4150682c084f, command=[]} | ret=SUCCESS |  
2019-08-29 09:34:29,121 | INFO  | SCMAudit | user=jenkins1000 | ip=192.168.34.42 | op=SEND_HEARTBEAT {datanodeUUID=814b1e79-91cb-4747-afef-225b562b988f, command=[]} | ret=SUCCESS |  
2019-08-29 09:34:29,123 | INFO  | SCMAudit | user=jenkins1000 | ip=192.168.34.42 | op=SEND_HEARTBEAT {datanodeUUID=6a76bae0-5bcd-450f-b761-84a239d32397, command=[]} | ret=SUCCESS |  
2019-08-29 09:34:29,541 | INFO  | SCMAudit | user=jenkins1000 | ip=192.168.34.42 | op=SEND_HEARTBEAT {datanodeUUID=95e6fe0d-ba63-44f7-8a45-847da5452504, command=[]} | ret=SUCCESS |  
2019-08-29 09:34:29,541 | INFO  | SCMAudit | user=jenkins1000 | ip=192.168.34.42 | op=SEND_HEARTBEAT {datanodeUUID=04dfc250-5117-40ee-9223-ddc31d2a7fac, command=[]} | ret=SUCCESS |  
2019-08-29 09:34:29,541 | INFO  | SCMAudit | user=jenkins1000 | ip=192.168.34.42 | op=SEND_HEARTBEAT {datanodeUUID=f5a90a23-db6d-4122-980c-2c6f67b12274, command=[]} | ret=SUCCESS |  
2019-08-29 09:34:29,547 | INFO  | SCMAudit | user=jenkins1000 | ip=192.168.34.42 | op=SEND_HEARTBEAT {datanodeUUID=f5689991-66b6-42db-ba36-9ef251e0e30a, command=[]} | ret=SUCCESS |  
2019-08-29 09:34:30,091 | INFO  | SCMAudit | user=jenkins1000 | ip=192.168.34.42 | op=SEND_HEARTBEAT {datanodeUUID=cffcff0f-2752-46f1-bb20-4150682c084f, command=[]} | ret=SUCCESS |  
2019-08-29 09:34:30,121 | INFO  | SCMAudit | user=jenkins1000 | ip=192.168.34.42 | op=SEND_HEARTBEAT {datanodeUUID=814b1e79-91cb-4747-afef-225b562b988f, command=[]} | ret=SUCCESS |  
2019-08-29 09:34:30,123 | INFO  | SCMAudit | user=jenkins1000 | ip=192.168.34.42 | op=SEND_HEARTBEAT {datanodeUUID=6a76bae0-5bcd-450f-b761-84a239d32397, command=[]} | ret=SUCCESS |  
2019-08-29 09:34:30,238 [grpc-default-executor-0] INFO  client.GrpcClientProtocolClient (GrpcClientProtocolClient.java:onNext(255)) - client-E9E73D333C91->814b1e79-91cb-4747-afef-225b562b988f: receive RaftClientReply:client-E9E73D333C91->814b1e79-91cb-4747-afef-225b562b988f@group-38214EFEF1B1, cid=45, FAILED org.apache.ratis.protocol.NotLeaderException: Server 814b1e79-91cb-4747-afef-225b562b988f is not the leader (cffcff0f-2752-46f1-bb20-4150682c084f:192.168.34.42:36452). Request must be sent to leader., logIndex=0, commits[814b1e79-91cb-4747-afef-225b562b988f:c8, 6a76bae0-5bcd-450f-b761-84a239d32397:c8, cffcff0f-2752-46f1-bb20-4150682c084f:c8]
2019-08-29 09:34:30,535 | INFO  | SCMAudit | user=jenkins1000 | ip=192.168.34.42 | op=SEND_HEARTBEAT {datanodeUUID=95e6fe0d-ba63-44f7-8a45-847da5452504, command=[]} | ret=SUCCESS |  
2019-08-29 09:34:30,537 | INFO  | SCMAudit | user=jenkins1000 | ip=192.168.34.42 | op=SEND_HEARTBEAT {datanodeUUID=f5a90a23-db6d-4122-980c-2c6f67b12274, command=[]} | ret=SUCCESS |  
2019-08-29 09:34:30,541 | INFO  | SCMAudit | user=jenkins1000 | ip=192.168.34.42 | op=SEND_HEARTBEAT {datanodeUUID=04dfc250-5117-40ee-9223-ddc31d2a7fac, command=[]} | ret=SUCCESS |  
2019-08-29 09:34:30,541 | INFO  | SCMAudit | user=jenkins1000 | ip=192.168.34.42 | op=SEND_HEARTBEAT {datanodeUUID=f5689991-66b6-42db-ba36-9ef251e0e30a, command=[]} | ret=SUCCESS |  
2019-08-29 09:34:31,092 | INFO  | SCMAudit | user=jenkins1000 | ip=192.168.34.42 | op=SEND_HEARTBEAT {datanodeUUID=cffcff0f-2752-46f1-bb20-4150682c084f, command=[]} | ret=SUCCESS |  
2019-08-29 09:34:31,121 | INFO  | SCMAudit | user=jenkins1000 | ip=192.168.34.42 | op=SEND_HEARTBEAT {datanodeUUID=814b1e79-91cb-4747-afef-225b562b988f, command=[]} | ret=SUCCESS |  
2019-08-29 09:34:31,123 | INFO  | SCMAudit | user=jenkins1000 | ip=192.168.34.42 | op=SEND_HEARTBEAT {datanodeUUID=6a76bae0-5bcd-450f-b761-84a239d32397, command=[]} | ret=SUCCESS |  
2019-08-29 09:34:31,536 | INFO  | SCMAudit | user=jenkins1000 | ip=192.168.34.42 | op=SEND_HEARTBEAT {datanodeUUID=95e6fe0d-ba63-44f7-8a45-847da5452504, command=[]} | ret=SUCCESS |  
2019-08-29 09:34:31,537 | INFO  | SCMAudit | user=jenkins1000 | ip=192.168.34.42 | op=SEND_HEARTBEAT {datanodeUUID=f5a90a23-db6d-4122-980c-2c6f67b12274, command=[]} | ret=SUCCESS |  
2019-08-29 09:34:31,541 | INFO  | SCMAudit | user=jenkins1000 | ip=192.168.34.42 | op=SEND_HEARTBEAT {datanodeUUID=04dfc250-5117-40ee-9223-ddc31d2a7fac, command=[]} | ret=SUCCESS |  
2019-08-29 09:34:31,542 | INFO  | SCMAudit | user=jenkins1000 | ip=192.168.34.42 | op=SEND_HEARTBEAT {datanodeUUID=f5689991-66b6-42db-ba36-9ef251e0e30a, command=[]} | ret=SUCCESS |  
2019-08-29 09:34:32,092 | INFO  | SCMAudit | user=jenkins1000 | ip=192.168.34.42 | op=SEND_HEARTBEAT {datanodeUUID=cffcff0f-2752-46f1-bb20-4150682c084f, command=[]} | ret=SUCCESS |  
2019-08-29 09:34:32,121 | INFO  | SCMAudit | user=jenkins1000 | ip=192.168.34.42 | op=SEND_HEARTBEAT {datanodeUUID=814b1e79-91cb-4747-afef-225b562b988f, command=[]} | ret=SUCCESS |  
2019-08-29 09:34:32,123 | INFO  | SCMAudit | user=jenkins1000 | ip=192.168.34.42 | op=SEND_HEARTBEAT {datanodeUUID=6a76bae0-5bcd-450f-b761-84a239d32397, command=[]} | ret=SUCCESS |  
2019-08-29 09:34:32,535 | INFO  | SCMAudit | user=jenkins1000 | ip=192.168.34.42 | op=SEND_HEARTBEAT {datanodeUUID=95e6fe0d-ba63-44f7-8a45-847da5452504, command=[]} | ret=SUCCESS |  
2019-08-29 09:34:32,537 | INFO  | SCMAudit | user=jenkins1000 | ip=192.168.34.42 | op=SEND_HEARTBEAT {datanodeUUID=f5a90a23-db6d-4122-980c-2c6f67b12274, command=[]} | ret=SUCCESS |  
2019-08-29 09:34:32,541 | INFO  | SCMAudit | user=jenkins1000 | ip=192.168.34.42 | op=SEND_HEARTBEAT {datanodeUUID=04dfc250-5117-40ee-9223-ddc31d2a7fac, command=[]} | ret=SUCCESS |  
2019-08-29 09:34:32,542 | INFO  | SCMAudit | user=jenkins1000 | ip=192.168.34.42 | op=SEND_HEARTBEAT {datanodeUUID=f5689991-66b6-42db-ba36-9ef251e0e30a, command=[]} | ret=SUCCESS |  
2019-08-29 09:34:33,091 | INFO  | SCMAudit | user=jenkins1000 | ip=192.168.34.42 | op=SEND_HEARTBEAT {datanodeUUID=cffcff0f-2752-46f1-bb20-4150682c084f, command=[]} | ret=SUCCESS |  
2019-08-29 09:34:33,122 | INFO  | SCMAudit | user=jenkins1000 | ip=192.168.34.42 | op=SEND_HEARTBEAT {datanodeUUID=814b1e79-91cb-4747-afef-225b562b988f, command=[]} | ret=SUCCESS |  
2019-08-29 09:34:33,124 | INFO  | SCMAudit | user=jenkins1000 | ip=192.168.34.42 | op=SEND_HEARTBEAT {datanodeUUID=6a76bae0-5bcd-450f-b761-84a239d32397, command=[]} | ret=SUCCESS |  
2019-08-29 09:34:33,536 | INFO  | SCMAudit | user=jenkins1000 | ip=192.168.34.42 | op=SEND_HEARTBEAT {datanodeUUID=95e6fe0d-ba63-44f7-8a45-847da5452504, command=[]} | ret=SUCCESS |  
2019-08-29 09:34:33,537 | INFO  | SCMAudit | user=jenkins1000 | ip=192.168.34.42 | op=SEND_HEARTBEAT {datanodeUUID=f5a90a23-db6d-4122-980c-2c6f67b12274, command=[]} | ret=SUCCESS |  
2019-08-29 09:34:33,541 | INFO  | SCMAudit | user=jenkins1000 | ip=192.168.34.42 | op=SEND_HEARTBEAT {datanodeUUID=04dfc250-5117-40ee-9223-ddc31d2a7fac, command=[]} | ret=SUCCESS |  
2019-08-29 09:34:33,542 | INFO  | SCMAudit | user=jenkins1000 | ip=192.168.34.42 | op=SEND_HEARTBEAT {datanodeUUID=f5689991-66b6-42db-ba36-9ef251e0e30a, command=[]} | ret=SUCCESS |  
2019-08-29 09:34:34,091 | INFO  | SCMAudit | user=jenkins1000 | ip=192.168.34.42 | op=SEND_HEARTBEAT {datanodeUUID=cffcff0f-2752-46f1-bb20-4150682c084f, command=[]} | ret=SUCCESS |  
2019-08-29 09:34:34,121 | INFO  | SCMAudit | user=jenkins1000 | ip=192.168.34.42 | op=SEND_HEARTBEAT {datanodeUUID=814b1e79-91cb-4747-afef-225b562b988f, command=[]} | ret=SUCCESS |  
2019-08-29 09:34:34,124 | INFO  | SCMAudit | user=jenkins1000 | ip=192.168.34.42 | op=SEND_HEARTBEAT {datanodeUUID=6a76bae0-5bcd-450f-b761-84a239d32397, command=[]} | ret=SUCCESS |  
2019-08-29 09:34:34,536 | INFO  | SCMAudit | user=jenkins1000 | ip=192.168.34.42 | op=SEND_HEARTBEAT {datanodeUUID=95e6fe0d-ba63-44f7-8a45-847da5452504, command=[]} | ret=SUCCESS |  
2019-08-29 09:34:34,537 | INFO  | SCMAudit | user=jenkins1000 | ip=192.168.34.42 | op=SEND_HEARTBEAT {datanodeUUID=f5a90a23-db6d-4122-980c-2c6f67b12274, command=[]} | ret=SUCCESS |  
2019-08-29 09:34:34,542 | INFO  | SCMAudit | user=jenkins1000 | ip=192.168.34.42 | op=SEND_HEARTBEAT {datanodeUUID=04dfc250-5117-40ee-9223-ddc31d2a7fac, command=[]} | ret=SUCCESS |  
2019-08-29 09:34:34,542 | INFO  | SCMAudit | user=jenkins1000 | ip=192.168.34.42 | op=SEND_HEARTBEAT {datanodeUUID=f5689991-66b6-42db-ba36-9ef251e0e30a, command=[]} | ret=SUCCESS |  
2019-08-29 09:34:35,091 | INFO  | SCMAudit | user=jenkins1000 | ip=192.168.34.42 | op=SEND_HEARTBEAT {datanodeUUID=cffcff0f-2752-46f1-bb20-4150682c084f, command=[]} | ret=SUCCESS |  
2019-08-29 09:34:35,122 | INFO  | SCMAudit | user=jenkins1000 | ip=192.168.34.42 | op=SEND_HEARTBEAT {datanodeUUID=814b1e79-91cb-4747-afef-225b562b988f, command=[]} | ret=SUCCESS |  
2019-08-29 09:34:35,124 | INFO  | SCMAudit | user=jenkins1000 | ip=192.168.34.42 | op=SEND_HEARTBEAT {datanodeUUID=6a76bae0-5bcd-450f-b761-84a239d32397, command=[]} | ret=SUCCESS |  
2019-08-29 09:34:35,300 [grpc-default-executor-0] INFO  client.GrpcClientProtocolClient (GrpcClientProtocolClient.java:onNext(255)) - client-E9E73D333C91->6a76bae0-5bcd-450f-b761-84a239d32397: receive RaftClientReply:client-E9E73D333C91->6a76bae0-5bcd-450f-b761-84a239d32397@group-38214EFEF1B1, cid=45, FAILED org.apache.ratis.protocol.NotLeaderException: Server 6a76bae0-5bcd-450f-b761-84a239d32397 is not the leader (cffcff0f-2752-46f1-bb20-4150682c084f:192.168.34.42:36452). Request must be sent to leader., logIndex=0, commits[6a76bae0-5bcd-450f-b761-84a239d32397:c8, 814b1e79-91cb-4747-afef-225b562b988f:c8, cffcff0f-2752-46f1-bb20-4150682c084f:c8]
2019-08-29 09:34:35,537 | INFO  | SCMAudit | user=jenkins1000 | ip=192.168.34.42 | op=SEND_HEARTBEAT {datanodeUUID=95e6fe0d-ba63-44f7-8a45-847da5452504, command=[]} | ret=SUCCESS |  
2019-08-29 09:34:35,537 | INFO  | SCMAudit | user=jenkins1000 | ip=192.168.34.42 | op=SEND_HEARTBEAT {datanodeUUID=f5a90a23-db6d-4122-980c-2c6f67b12274, command=[]} | ret=SUCCESS |  
2019-08-29 09:34:35,542 | INFO  | SCMAudit | user=jenkins1000 | ip=192.168.34.42 | op=SEND_HEARTBEAT {datanodeUUID=04dfc250-5117-40ee-9223-ddc31d2a7fac, command=[]} | ret=SUCCESS |  
2019-08-29 09:34:35,542 | INFO  | SCMAudit | user=jenkins1000 | ip=192.168.34.42 | op=SEND_HEARTBEAT {datanodeUUID=f5689991-66b6-42db-ba36-9ef251e0e30a, command=[]} | ret=SUCCESS |  
2019-08-29 09:34:36,091 | INFO  | SCMAudit | user=jenkins1000 | ip=192.168.34.42 | op=SEND_HEARTBEAT {datanodeUUID=cffcff0f-2752-46f1-bb20-4150682c084f, command=[]} | ret=SUCCESS |  
2019-08-29 09:34:36,122 | INFO  | SCMAudit | user=jenkins1000 | ip=192.168.34.42 | op=SEND_HEARTBEAT {datanodeUUID=814b1e79-91cb-4747-afef-225b562b988f, command=[]} | ret=SUCCESS |  
2019-08-29 09:34:36,124 | INFO  | SCMAudit | user=jenkins1000 | ip=192.168.34.42 | op=SEND_HEARTBEAT {datanodeUUID=6a76bae0-5bcd-450f-b761-84a239d32397, command=[]} | ret=SUCCESS |  
2019-08-29 09:34:36,536 | INFO  | SCMAudit | user=jenkins1000 | ip=192.168.34.42 | op=SEND_HEARTBEAT {datanodeUUID=95e6fe0d-ba63-44f7-8a45-847da5452504, command=[]} | ret=SUCCESS |  
2019-08-29 09:34:36,537 | INFO  | SCMAudit | user=jenkins1000 | ip=192.168.34.42 | op=SEND_HEARTBEAT {datanodeUUID=f5a90a23-db6d-4122-980c-2c6f67b12274, command=[]} | ret=SUCCESS |  
2019-08-29 09:34:36,542 | INFO  | SCMAudit | user=jenkins1000 | ip=192.168.34.42 | op=SEND_HEARTBEAT {datanodeUUID=04dfc250-5117-40ee-9223-ddc31d2a7fac, command=[]} | ret=SUCCESS |  
2019-08-29 09:34:36,542 | INFO  | SCMAudit | user=jenkins1000 | ip=192.168.34.42 | op=SEND_HEARTBEAT {datanodeUUID=f5689991-66b6-42db-ba36-9ef251e0e30a, command=[]} | ret=SUCCESS |  
2019-08-29 09:34:37,092 | INFO  | SCMAudit | user=jenkins1000 | ip=192.168.34.42 | op=SEND_HEARTBEAT {datanodeUUID=cffcff0f-2752-46f1-bb20-4150682c084f, command=[]} | ret=SUCCESS |  
2019-08-29 09:34:37,122 | INFO  | SCMAudit | user=jenkins1000 | ip=192.168.34.42 | op=SEND_HEARTBEAT {datanodeUUID=814b1e79-91cb-4747-afef-225b562b988f, command=[]} | ret=SUCCESS |  
2019-08-29 09:34:37,126 | INFO  | SCMAudit | user=jenkins1000 | ip=192.168.34.42 | op=SEND_HEARTBEAT {datanodeUUID=6a76bae0-5bcd-450f-b761-84a239d32397, command=[]} | ret=SUCCESS |  
2019-08-29 09:34:37,537 | INFO  | SCMAudit | user=jenkins1000 | ip=192.168.34.42 | op=SEND_HEARTBEAT {datanodeUUID=95e6fe0d-ba63-44f7-8a45-847da5452504, command=[]} | ret=SUCCESS |  
2019-08-29 09:34:37,537 | INFO  | SCMAudit | user=jenkins1000 | ip=192.168.34.42 | op=SEND_HEARTBEAT {datanodeUUID=f5a90a23-db6d-4122-980c-2c6f67b12274, command=[]} | ret=SUCCESS |  
2019-08-29 09:34:37,542 | INFO  | SCMAudit | user=jenkins1000 | ip=192.168.34.42 | op=SEND_HEARTBEAT {datanodeUUID=f5689991-66b6-42db-ba36-9ef251e0e30a, command=[]} | ret=SUCCESS |  
2019-08-29 09:34:37,542 | INFO  | SCMAudit | user=jenkins1000 | ip=192.168.34.42 | op=SEND_HEARTBEAT {datanodeUUID=04dfc250-5117-40ee-9223-ddc31d2a7fac, command=[]} | ret=SUCCESS |  
2019-08-29 09:34:38,092 | INFO  | SCMAudit | user=jenkins1000 | ip=192.168.34.42 | op=SEND_HEARTBEAT {datanodeUUID=cffcff0f-2752-46f1-bb20-4150682c084f, command=[]} | ret=SUCCESS |  
2019-08-29 09:34:38,122 | INFO  | SCMAudit | user=jenkins1000 | ip=192.168.34.42 | op=SEND_HEARTBEAT {datanodeUUID=814b1e79-91cb-4747-afef-225b562b988f, command=[]} | ret=SUCCESS |  
2019-08-29 09:34:38,129 | INFO  | SCMAudit | user=jenkins1000 | ip=192.168.34.42 | op=SEND_HEARTBEAT {datanodeUUID=6a76bae0-5bcd-450f-b761-84a239d32397, command=[]} | ret=SUCCESS |  
2019-08-29 09:34:38,537 | INFO  | SCMAudit | user=jenkins1000 | ip=192.168.34.42 | op=SEND_HEARTBEAT {datanodeUUID=95e6fe0d-ba63-44f7-8a45-847da5452504, command=[]} | ret=SUCCESS |  
2019-08-29 09:34:38,537 | INFO  | SCMAudit | user=jenkins1000 | ip=192.168.34.42 | op=SEND_HEARTBEAT {datanodeUUID=f5a90a23-db6d-4122-980c-2c6f67b12274, command=[]} | ret=SUCCESS |  
2019-08-29 09:34:38,542 | INFO  | SCMAudit | user=jenkins1000 | ip=192.168.34.42 | op=SEND_HEARTBEAT {datanodeUUID=f5689991-66b6-42db-ba36-9ef251e0e30a, command=[]} | ret=SUCCESS |  
2019-08-29 09:34:38,542 | INFO  | SCMAudit | user=jenkins1000 | ip=192.168.34.42 | op=SEND_HEARTBEAT {datanodeUUID=04dfc250-5117-40ee-9223-ddc31d2a7fac, command=[]} | ret=SUCCESS |  
2019-08-29 09:34:39,091 | INFO  | SCMAudit | user=jenkins1000 | ip=192.168.34.42 | op=SEND_HEARTBEAT {datanodeUUID=cffcff0f-2752-46f1-bb20-4150682c084f, command=[]} | ret=SUCCESS |  
2019-08-29 09:34:39,122 | INFO  | SCMAudit | user=jenkins1000 | ip=192.168.34.42 | op=SEND_HEARTBEAT {datanodeUUID=814b1e79-91cb-4747-afef-225b562b988f, command=[]} | ret=SUCCESS |  
2019-08-29 09:34:39,126 | INFO  | SCMAudit | user=jenkins1000 | ip=192.168.34.42 | op=SEND_HEARTBEAT {datanodeUUID=6a76bae0-5bcd-450f-b761-84a239d32397, command=[]} | ret=SUCCESS |  
2019-08-29 09:34:39,537 | INFO  | SCMAudit | user=jenkins1000 | ip=192.168.34.42 | op=SEND_HEARTBEAT {datanodeUUID=95e6fe0d-ba63-44f7-8a45-847da5452504, command=[]} | ret=SUCCESS |  
2019-08-29 09:34:39,537 | INFO  | SCMAudit | user=jenkins1000 | ip=192.168.34.42 | op=SEND_HEARTBEAT {datanodeUUID=f5a90a23-db6d-4122-980c-2c6f67b12274, command=[]} | ret=SUCCESS |  
2019-08-29 09:34:39,542 | INFO  | SCMAudit | user=jenkins1000 | ip=192.168.34.42 | op=SEND_HEARTBEAT {datanodeUUID=04dfc250-5117-40ee-9223-ddc31d2a7fac, command=[]} | ret=SUCCESS |  
2019-08-29 09:34:39,543 | INFO  | SCMAudit | user=jenkins1000 | ip=192.168.34.42 | op=SEND_HEARTBEAT {datanodeUUID=f5689991-66b6-42db-ba36-9ef251e0e30a, command=[]} | ret=SUCCESS |  
2019-08-29 09:34:40,092 | INFO  | SCMAudit | user=jenkins1000 | ip=192.168.34.42 | op=SEND_HEARTBEAT {datanodeUUID=cffcff0f-2752-46f1-bb20-4150682c084f, command=[]} | ret=SUCCESS |  
2019-08-29 09:34:40,122 | INFO  | SCMAudit | user=jenkins1000 | ip=192.168.34.42 | op=SEND_HEARTBEAT {datanodeUUID=814b1e79-91cb-4747-afef-225b562b988f, command=[]} | ret=SUCCESS |  
2019-08-29 09:34:40,126 | INFO  | SCMAudit | user=jenkins1000 | ip=192.168.34.42 | op=SEND_HEARTBEAT {datanodeUUID=6a76bae0-5bcd-450f-b761-84a239d32397, command=[]} | ret=SUCCESS |  
2019-08-29 09:34:40,335 [grpc-default-executor-4] INFO  client.GrpcClientProtocolClient (GrpcClientProtocolClient.java:onNext(255)) - client-E9E73D333C91->814b1e79-91cb-4747-afef-225b562b988f: receive RaftClientReply:client-E9E73D333C91->814b1e79-91cb-4747-afef-225b562b988f@group-38214EFEF1B1, cid=45, FAILED org.apache.ratis.protocol.NotLeaderException: Server 814b1e79-91cb-4747-afef-225b562b988f is not the leader (cffcff0f-2752-46f1-bb20-4150682c084f:192.168.34.42:36452). Request must be sent to leader., logIndex=0, commits[814b1e79-91cb-4747-afef-225b562b988f:c8, 6a76bae0-5bcd-450f-b761-84a239d32397:c8, cffcff0f-2752-46f1-bb20-4150682c084f:c8]
2019-08-29 09:34:40,537 | INFO  | SCMAudit | user=jenkins1000 | ip=192.168.34.42 | op=SEND_HEARTBEAT {datanodeUUID=95e6fe0d-ba63-44f7-8a45-847da5452504, command=[]} | ret=SUCCESS |  
2019-08-29 09:34:40,537 | INFO  | SCMAudit | user=jenkins1000 | ip=192.168.34.42 | op=SEND_HEARTBEAT {datanodeUUID=f5a90a23-db6d-4122-980c-2c6f67b12274, command=[]} | ret=SUCCESS |  
2019-08-29 09:34:40,542 | INFO  | SCMAudit | user=jenkins1000 | ip=192.168.34.42 | op=SEND_HEARTBEAT {datanodeUUID=f5689991-66b6-42db-ba36-9ef251e0e30a, command=[]} | ret=SUCCESS |  
2019-08-29 09:34:40,543 | INFO  | SCMAudit | user=jenkins1000 | ip=192.168.34.42 | op=SEND_HEARTBEAT {datanodeUUID=04dfc250-5117-40ee-9223-ddc31d2a7fac, command=[]} | ret=SUCCESS |  
2019-08-29 09:34:41,092 | INFO  | SCMAudit | user=jenkins1000 | ip=192.168.34.42 | op=SEND_HEARTBEAT {datanodeUUID=cffcff0f-2752-46f1-bb20-4150682c084f, command=[]} | ret=SUCCESS |  
2019-08-29 09:34:41,125 | INFO  | SCMAudit | user=jenkins1000 | ip=192.168.34.42 | op=SEND_HEARTBEAT {datanodeUUID=814b1e79-91cb-4747-afef-225b562b988f, command=[]} | ret=SUCCESS |  
2019-08-29 09:34:41,127 | INFO  | SCMAudit | user=jenkins1000 | ip=192.168.34.42 | op=SEND_HEARTBEAT {datanodeUUID=6a76bae0-5bcd-450f-b761-84a239d32397, command=[]} | ret=SUCCESS |  
2019-08-29 09:34:41,538 | INFO  | SCMAudit | user=jenkins1000 | ip=192.168.34.42 | op=SEND_HEARTBEAT {datanodeUUID=95e6fe0d-ba63-44f7-8a45-847da5452504, command=[]} | ret=SUCCESS |  
2019-08-29 09:34:41,538 | INFO  | SCMAudit | user=jenkins1000 | ip=192.168.34.42 | op=SEND_HEARTBEAT {datanodeUUID=f5a90a23-db6d-4122-980c-2c6f67b12274, command=[]} | ret=SUCCESS |  
2019-08-29 09:34:41,542 | INFO  | SCMAudit | user=jenkins1000 | ip=192.168.34.42 | op=SEND_HEARTBEAT {datanodeUUID=f5689991-66b6-42db-ba36-9ef251e0e30a, command=[]} | ret=SUCCESS |  
2019-08-29 09:34:41,542 | INFO  | SCMAudit | user=jenkins1000 | ip=192.168.34.42 | op=SEND_HEARTBEAT {datanodeUUID=04dfc250-5117-40ee-9223-ddc31d2a7fac, command=[]} | ret=SUCCESS |  
2019-08-29 09:34:42,092 | INFO  | SCMAudit | user=jenkins1000 | ip=192.168.34.42 | op=SEND_HEARTBEAT {datanodeUUID=cffcff0f-2752-46f1-bb20-4150682c084f, command=[]} | ret=SUCCESS |  
2019-08-29 09:34:42,125 | INFO  | SCMAudit | user=jenkins1000 | ip=192.168.34.42 | op=SEND_HEARTBEAT {datanodeUUID=814b1e79-91cb-4747-afef-225b562b988f, command=[]} | ret=SUCCESS |  
2019-08-29 09:34:42,126 | INFO  | SCMAudit | user=jenkins1000 | ip=192.168.34.42 | op=SEND_HEARTBEAT {datanodeUUID=6a76bae0-5bcd-450f-b761-84a239d32397, command=[]} | ret=SUCCESS |  
2019-08-29 09:34:42,537 | INFO  | SCMAudit | user=jenkins1000 | ip=192.168.34.42 | op=SEND_HEARTBEAT {datanodeUUID=f5a90a23-db6d-4122-980c-2c6f67b12274, command=[]} | ret=SUCCESS |  
2019-08-29 09:34:42,538 | INFO  | SCMAudit | user=jenkins1000 | ip=192.168.34.42 | op=SEND_HEARTBEAT {datanodeUUID=95e6fe0d-ba63-44f7-8a45-847da5452504, command=[]} | ret=SUCCESS |  
2019-08-29 09:34:42,542 | INFO  | SCMAudit | user=jenkins1000 | ip=192.168.34.42 | op=SEND_HEARTBEAT {datanodeUUID=f5689991-66b6-42db-ba36-9ef251e0e30a, command=[]} | ret=SUCCESS |  
2019-08-29 09:34:42,542 | INFO  | SCMAudit | user=jenkins1000 | ip=192.168.34.42 | op=SEND_HEARTBEAT {datanodeUUID=04dfc250-5117-40ee-9223-ddc31d2a7fac, command=[]} | ret=SUCCESS |  
2019-08-29 09:34:43,092 | INFO  | SCMAudit | user=jenkins1000 | ip=192.168.34.42 | op=SEND_HEARTBEAT {datanodeUUID=cffcff0f-2752-46f1-bb20-4150682c084f, command=[]} | ret=SUCCESS |  
2019-08-29 09:34:43,125 | INFO  | SCMAudit | user=jenkins1000 | ip=192.168.34.42 | op=SEND_HEARTBEAT {datanodeUUID=814b1e79-91cb-4747-afef-225b562b988f, command=[]} | ret=SUCCESS |  
2019-08-29 09:34:43,126 | INFO  | SCMAudit | user=jenkins1000 | ip=192.168.34.42 | op=SEND_HEARTBEAT {datanodeUUID=6a76bae0-5bcd-450f-b761-84a239d32397, command=[]} | ret=SUCCESS |  
2019-08-29 09:34:43,538 | INFO  | SCMAudit | user=jenkins1000 | ip=192.168.34.42 | op=SEND_HEARTBEAT {datanodeUUID=f5a90a23-db6d-4122-980c-2c6f67b12274, command=[]} | ret=SUCCESS |  
2019-08-29 09:34:43,538 | INFO  | SCMAudit | user=jenkins1000 | ip=192.168.34.42 | op=SEND_HEARTBEAT {datanodeUUID=95e6fe0d-ba63-44f7-8a45-847da5452504, command=[]} | ret=SUCCESS |  
2019-08-29 09:34:43,542 | INFO  | SCMAudit | user=jenkins1000 | ip=192.168.34.42 | op=SEND_HEARTBEAT {datanodeUUID=04dfc250-5117-40ee-9223-ddc31d2a7fac, command=[]} | ret=SUCCESS |  
2019-08-29 09:34:43,542 | INFO  | SCMAudit | user=jenkins1000 | ip=192.168.34.42 | op=SEND_HEARTBEAT {datanodeUUID=f5689991-66b6-42db-ba36-9ef251e0e30a, command=[]} | ret=SUCCESS |  
2019-08-29 09:34:44,092 | INFO  | SCMAudit | user=jenkins1000 | ip=192.168.34.42 | op=SEND_HEARTBEAT {datanodeUUID=cffcff0f-2752-46f1-bb20-4150682c084f, command=[]} | ret=SUCCESS |  
2019-08-29 09:34:44,125 | INFO  | SCMAudit | user=jenkins1000 | ip=192.168.34.42 | op=SEND_HEARTBEAT {datanodeUUID=814b1e79-91cb-4747-afef-225b562b988f, command=[]} | ret=SUCCESS |  
2019-08-29 09:34:44,126 | INFO  | SCMAudit | user=jenkins1000 | ip=192.168.34.42 | op=SEND_HEARTBEAT {datanodeUUID=6a76bae0-5bcd-450f-b761-84a239d32397, command=[]} | ret=SUCCESS |  
2019-08-29 09:34:44,538 | INFO  | SCMAudit | user=jenkins1000 | ip=192.168.34.42 | op=SEND_HEARTBEAT {datanodeUUID=f5a90a23-db6d-4122-980c-2c6f67b12274, command=[]} | ret=SUCCESS |  
2019-08-29 09:34:44,538 | INFO  | SCMAudit | user=jenkins1000 | ip=192.168.34.42 | op=SEND_HEARTBEAT {datanodeUUID=95e6fe0d-ba63-44f7-8a45-847da5452504, command=[]} | ret=SUCCESS |  
2019-08-29 09:34:44,542 | INFO  | SCMAudit | user=jenkins1000 | ip=192.168.34.42 | op=SEND_HEARTBEAT {datanodeUUID=04dfc250-5117-40ee-9223-ddc31d2a7fac, command=[]} | ret=SUCCESS |  
2019-08-29 09:34:44,543 | INFO  | SCMAudit | user=jenkins1000 | ip=192.168.34.42 | op=SEND_HEARTBEAT {datanodeUUID=f5689991-66b6-42db-ba36-9ef251e0e30a, command=[]} | ret=SUCCESS |  
2019-08-29 09:34:45,092 | INFO  | SCMAudit | user=jenkins1000 | ip=192.168.34.42 | op=SEND_HEARTBEAT {datanodeUUID=cffcff0f-2752-46f1-bb20-4150682c084f, command=[]} | ret=SUCCESS |  
2019-08-29 09:34:45,125 | INFO  | SCMAudit | user=jenkins1000 | ip=192.168.34.42 | op=SEND_HEARTBEAT {datanodeUUID=814b1e79-91cb-4747-afef-225b562b988f, command=[]} | ret=SUCCESS |  
2019-08-29 09:34:45,126 | INFO  | SCMAudit | user=jenkins1000 | ip=192.168.34.42 | op=SEND_HEARTBEAT {datanodeUUID=6a76bae0-5bcd-450f-b761-84a239d32397, command=[]} | ret=SUCCESS |  
2019-08-29 09:34:45,370 [grpc-default-executor-0] INFO  client.GrpcClientProtocolClient (GrpcClientProtocolClient.java:onNext(255)) - client-E9E73D333C91->814b1e79-91cb-4747-afef-225b562b988f: receive RaftClientReply:client-E9E73D333C91->814b1e79-91cb-4747-afef-225b562b988f@group-38214EFEF1B1, cid=45, FAILED org.apache.ratis.protocol.NotLeaderException: Server 814b1e79-91cb-4747-afef-225b562b988f is not the leader (cffcff0f-2752-46f1-bb20-4150682c084f:192.168.34.42:36452). Request must be sent to leader., logIndex=0, commits[814b1e79-91cb-4747-afef-225b562b988f:c8, 6a76bae0-5bcd-450f-b761-84a239d32397:c8, cffcff0f-2752-46f1-bb20-4150682c084f:c8]
2019-08-29 09:34:45,538 | INFO  | SCMAudit | user=jenkins1000 | ip=192.168.34.42 | op=SEND_HEARTBEAT {datanodeUUID=f5a90a23-db6d-4122-980c-2c6f67b12274, command=[]} | ret=SUCCESS |  
2019-08-29 09:34:45,538 | INFO  | SCMAudit | user=jenkins1000 | ip=192.168.34.42 | op=SEND_HEARTBEAT {datanodeUUID=95e6fe0d-ba63-44f7-8a45-847da5452504, command=[]} | ret=SUCCESS |  
2019-08-29 09:34:45,542 | INFO  | SCMAudit | user=jenkins1000 | ip=192.168.34.42 | op=SEND_HEARTBEAT {datanodeUUID=04dfc250-5117-40ee-9223-ddc31d2a7fac, command=[]} | ret=SUCCESS |  
2019-08-29 09:34:45,542 | INFO  | SCMAudit | user=jenkins1000 | ip=192.168.34.42 | op=SEND_HEARTBEAT {datanodeUUID=f5689991-66b6-42db-ba36-9ef251e0e30a, command=[]} | ret=SUCCESS |  
2019-08-29 09:34:46,092 | INFO  | SCMAudit | user=jenkins1000 | ip=192.168.34.42 | op=SEND_HEARTBEAT {datanodeUUID=cffcff0f-2752-46f1-bb20-4150682c084f, command=[]} | ret=SUCCESS |  
2019-08-29 09:34:46,125 | INFO  | SCMAudit | user=jenkins1000 | ip=192.168.34.42 | op=SEND_HEARTBEAT {datanodeUUID=814b1e79-91cb-4747-afef-225b562b988f, command=[]} | ret=SUCCESS |  
2019-08-29 09:34:46,127 | INFO  | SCMAudit | user=jenkins1000 | ip=192.168.34.42 | op=SEND_HEARTBEAT {datanodeUUID=6a76bae0-5bcd-450f-b761-84a239d32397, command=[]} | ret=SUCCESS |  
2019-08-29 09:34:46,538 | INFO  | SCMAudit | user=jenkins1000 | ip=192.168.34.42 | op=SEND_HEARTBEAT {datanodeUUID=95e6fe0d-ba63-44f7-8a45-847da5452504, command=[]} | ret=SUCCESS |  
2019-08-29 09:34:46,538 | INFO  | SCMAudit | user=jenkins1000 | ip=192.168.34.42 | op=SEND_HEARTBEAT {datanodeUUID=f5a90a23-db6d-4122-980c-2c6f67b12274, command=[]} | ret=SUCCESS |  
2019-08-29 09:34:46,542 | INFO  | SCMAudit | user=jenkins1000 | ip=192.168.34.42 | op=SEND_HEARTBEAT {datanodeUUID=04dfc250-5117-40ee-9223-ddc31d2a7fac, command=[]} | ret=SUCCESS |  
2019-08-29 09:34:46,542 | INFO  | SCMAudit | user=jenkins1000 | ip=192.168.34.42 | op=SEND_HEARTBEAT {datanodeUUID=f5689991-66b6-42db-ba36-9ef251e0e30a, command=[]} | ret=SUCCESS |  
2019-08-29 09:34:47,092 | INFO  | SCMAudit | user=jenkins1000 | ip=192.168.34.42 | op=SEND_HEARTBEAT {datanodeUUID=cffcff0f-2752-46f1-bb20-4150682c084f, command=[]} | ret=SUCCESS |  
2019-08-29 09:34:47,125 | INFO  | SCMAudit | user=jenkins1000 | ip=192.168.34.42 | op=SEND_HEARTBEAT {datanodeUUID=814b1e79-91cb-4747-afef-225b562b988f, command=[]} | ret=SUCCESS |  
2019-08-29 09:34:47,126 | INFO  | SCMAudit | user=jenkins1000 | ip=192.168.34.42 | op=SEND_HEARTBEAT {datanodeUUID=6a76bae0-5bcd-450f-b761-84a239d32397, command=[]} | ret=SUCCESS |  
2019-08-29 09:34:47,538 | INFO  | SCMAudit | user=jenkins1000 | ip=192.168.34.42 | op=SEND_HEARTBEAT {datanodeUUID=95e6fe0d-ba63-44f7-8a45-847da5452504, command=[]} | ret=SUCCESS |  
2019-08-29 09:34:47,538 | INFO  | SCMAudit | user=jenkins1000 | ip=192.168.34.42 | op=SEND_HEARTBEAT {datanodeUUID=f5a90a23-db6d-4122-980c-2c6f67b12274, command=[]} | ret=SUCCESS |  
2019-08-29 09:34:47,542 | INFO  | SCMAudit | user=jenkins1000 | ip=192.168.34.42 | op=SEND_HEARTBEAT {datanodeUUID=f5689991-66b6-42db-ba36-9ef251e0e30a, command=[]} | ret=SUCCESS |  
2019-08-29 09:34:47,543 | INFO  | SCMAudit | user=jenkins1000 | ip=192.168.34.42 | op=SEND_HEARTBEAT {datanodeUUID=04dfc250-5117-40ee-9223-ddc31d2a7fac, command=[]} | ret=SUCCESS |  
2019-08-29 09:34:48,093 | INFO  | SCMAudit | user=jenkins1000 | ip=192.168.34.42 | op=SEND_HEARTBEAT {datanodeUUID=cffcff0f-2752-46f1-bb20-4150682c084f, command=[]} | ret=SUCCESS |  
2019-08-29 09:34:48,125 | INFO  | SCMAudit | user=jenkins1000 | ip=192.168.34.42 | op=SEND_HEARTBEAT {datanodeUUID=814b1e79-91cb-4747-afef-225b562b988f, command=[]} | ret=SUCCESS |  
2019-08-29 09:34:48,126 | INFO  | SCMAudit | user=jenkins1000 | ip=192.168.34.42 | op=SEND_HEARTBEAT {datanodeUUID=6a76bae0-5bcd-450f-b761-84a239d32397, command=[]} | ret=SUCCESS |  
2019-08-29 09:34:48,538 | INFO  | SCMAudit | user=jenkins1000 | ip=192.168.34.42 | op=SEND_HEARTBEAT {datanodeUUID=95e6fe0d-ba63-44f7-8a45-847da5452504, command=[]} | ret=SUCCESS |  
2019-08-29 09:34:48,538 | INFO  | SCMAudit | user=jenkins1000 | ip=192.168.34.42 | op=SEND_HEARTBEAT {datanodeUUID=f5a90a23-db6d-4122-980c-2c6f67b12274, command=[]} | ret=SUCCESS |  
2019-08-29 09:34:48,543 | INFO  | SCMAudit | user=jenkins1000 | ip=192.168.34.42 | op=SEND_HEARTBEAT {datanodeUUID=f5689991-66b6-42db-ba36-9ef251e0e30a, command=[]} | ret=SUCCESS |  
2019-08-29 09:34:48,543 | INFO  | SCMAudit | user=jenkins1000 | ip=192.168.34.42 | op=SEND_HEARTBEAT {datanodeUUID=04dfc250-5117-40ee-9223-ddc31d2a7fac, command=[]} | ret=SUCCESS |  
2019-08-29 09:34:49,093 | INFO  | SCMAudit | user=jenkins1000 | ip=192.168.34.42 | op=SEND_HEARTBEAT {datanodeUUID=cffcff0f-2752-46f1-bb20-4150682c084f, command=[]} | ret=SUCCESS |  
2019-08-29 09:34:49,125 | INFO  | SCMAudit | user=jenkins1000 | ip=192.168.34.42 | op=SEND_HEARTBEAT {datanodeUUID=814b1e79-91cb-4747-afef-225b562b988f, command=[]} | ret=SUCCESS |  
2019-08-29 09:34:49,126 | INFO  | SCMAudit | user=jenkins1000 | ip=192.168.34.42 | op=SEND_HEARTBEAT {datanodeUUID=6a76bae0-5bcd-450f-b761-84a239d32397, command=[]} | ret=SUCCESS |  
2019-08-29 09:34:49,539 | INFO  | SCMAudit | user=jenkins1000 | ip=192.168.34.42 | op=SEND_HEARTBEAT {datanodeUUID=f5a90a23-db6d-4122-980c-2c6f67b12274, command=[]} | ret=SUCCESS |  
2019-08-29 09:34:49,539 | INFO  | SCMAudit | user=jenkins1000 | ip=192.168.34.42 | op=SEND_HEARTBEAT {datanodeUUID=95e6fe0d-ba63-44f7-8a45-847da5452504, command=[]} | ret=SUCCESS |  
2019-08-29 09:34:49,542 | INFO  | SCMAudit | user=jenkins1000 | ip=192.168.34.42 | op=SEND_HEARTBEAT {datanodeUUID=04dfc250-5117-40ee-9223-ddc31d2a7fac, command=[]} | ret=SUCCESS |  
2019-08-29 09:34:49,543 | INFO  | SCMAudit | user=jenkins1000 | ip=192.168.34.42 | op=SEND_HEARTBEAT {datanodeUUID=f5689991-66b6-42db-ba36-9ef251e0e30a, command=[]} | ret=SUCCESS |  
2019-08-29 09:34:50,093 | INFO  | SCMAudit | user=jenkins1000 | ip=192.168.34.42 | op=SEND_HEARTBEAT {datanodeUUID=cffcff0f-2752-46f1-bb20-4150682c084f, command=[]} | ret=SUCCESS |  
2019-08-29 09:34:50,125 | INFO  | SCMAudit | user=jenkins1000 | ip=192.168.34.42 | op=SEND_HEARTBEAT {datanodeUUID=814b1e79-91cb-4747-afef-225b562b988f, command=[]} | ret=SUCCESS |  
2019-08-29 09:34:50,127 | INFO  | SCMAudit | user=jenkins1000 | ip=192.168.34.42 | op=SEND_HEARTBEAT {datanodeUUID=6a76bae0-5bcd-450f-b761-84a239d32397, command=[]} | ret=SUCCESS |  
2019-08-29 09:34:50,412 [grpc-default-executor-4] INFO  client.GrpcClientProtocolClient (GrpcClientProtocolClient.java:onNext(255)) - client-E9E73D333C91->6a76bae0-5bcd-450f-b761-84a239d32397: receive RaftClientReply:client-E9E73D333C91->6a76bae0-5bcd-450f-b761-84a239d32397@group-38214EFEF1B1, cid=45, FAILED org.apache.ratis.protocol.NotLeaderException: Server 6a76bae0-5bcd-450f-b761-84a239d32397 is not the leader (cffcff0f-2752-46f1-bb20-4150682c084f:192.168.34.42:36452). Request must be sent to leader., logIndex=0, commits[6a76bae0-5bcd-450f-b761-84a239d32397:c8, 814b1e79-91cb-4747-afef-225b562b988f:c8, cffcff0f-2752-46f1-bb20-4150682c084f:c8]
2019-08-29 09:34:50,539 | INFO  | SCMAudit | user=jenkins1000 | ip=192.168.34.42 | op=SEND_HEARTBEAT {datanodeUUID=95e6fe0d-ba63-44f7-8a45-847da5452504, command=[]} | ret=SUCCESS |  
2019-08-29 09:34:50,539 | INFO  | SCMAudit | user=jenkins1000 | ip=192.168.34.42 | op=SEND_HEARTBEAT {datanodeUUID=f5a90a23-db6d-4122-980c-2c6f67b12274, command=[]} | ret=SUCCESS |  
2019-08-29 09:34:50,542 | INFO  | SCMAudit | user=jenkins1000 | ip=192.168.34.42 | op=SEND_HEARTBEAT {datanodeUUID=04dfc250-5117-40ee-9223-ddc31d2a7fac, command=[]} | ret=SUCCESS |  
2019-08-29 09:34:50,543 | INFO  | SCMAudit | user=jenkins1000 | ip=192.168.34.42 | op=SEND_HEARTBEAT {datanodeUUID=f5689991-66b6-42db-ba36-9ef251e0e30a, command=[]} | ret=SUCCESS |  
2019-08-29 09:34:51,094 | INFO  | SCMAudit | user=jenkins1000 | ip=192.168.34.42 | op=SEND_HEARTBEAT {datanodeUUID=cffcff0f-2752-46f1-bb20-4150682c084f, command=[]} | ret=SUCCESS |  
2019-08-29 09:34:51,125 | INFO  | SCMAudit | user=jenkins1000 | ip=192.168.34.42 | op=SEND_HEARTBEAT {datanodeUUID=814b1e79-91cb-4747-afef-225b562b988f, command=[]} | ret=SUCCESS |  
2019-08-29 09:34:51,144 | INFO  | SCMAudit | user=jenkins1000 | ip=192.168.34.42 | op=SEND_HEARTBEAT {datanodeUUID=6a76bae0-5bcd-450f-b761-84a239d32397, command=[]} | ret=SUCCESS |  
2019-08-29 09:34:51,538 | INFO  | SCMAudit | user=jenkins1000 | ip=192.168.34.42 | op=SEND_HEARTBEAT {datanodeUUID=f5a90a23-db6d-4122-980c-2c6f67b12274, command=[]} | ret=SUCCESS |  
2019-08-29 09:34:51,539 | INFO  | SCMAudit | user=jenkins1000 | ip=192.168.34.42 | op=SEND_HEARTBEAT {datanodeUUID=95e6fe0d-ba63-44f7-8a45-847da5452504, command=[]} | ret=SUCCESS |  
2019-08-29 09:34:51,542 | INFO  | SCMAudit | user=jenkins1000 | ip=192.168.34.42 | op=SEND_HEARTBEAT {datanodeUUID=04dfc250-5117-40ee-9223-ddc31d2a7fac, command=[]} | ret=SUCCESS |  
2019-08-29 09:34:51,543 | INFO  | SCMAudit | user=jenkins1000 | ip=192.168.34.42 | op=SEND_HEARTBEAT {datanodeUUID=f5689991-66b6-42db-ba36-9ef251e0e30a, command=[]} | ret=SUCCESS |  
2019-08-29 09:34:52,094 | INFO  | SCMAudit | user=jenkins1000 | ip=192.168.34.42 | op=SEND_HEARTBEAT {datanodeUUID=cffcff0f-2752-46f1-bb20-4150682c084f, command=[]} | ret=SUCCESS |  
2019-08-29 09:34:52,127 | INFO  | SCMAudit | user=jenkins1000 | ip=192.168.34.42 | op=SEND_HEARTBEAT {datanodeUUID=6a76bae0-5bcd-450f-b761-84a239d32397, command=[]} | ret=SUCCESS |  
2019-08-29 09:34:52,127 | INFO  | SCMAudit | user=jenkins1000 | ip=192.168.34.42 | op=SEND_HEARTBEAT {datanodeUUID=814b1e79-91cb-4747-afef-225b562b988f, command=[]} | ret=SUCCESS |  
2019-08-29 09:34:52,538 | INFO  | SCMAudit | user=jenkins1000 | ip=192.168.34.42 | op=SEND_HEARTBEAT {datanodeUUID=f5a90a23-db6d-4122-980c-2c6f67b12274, command=[]} | ret=SUCCESS |  
2019-08-29 09:34:52,540 | INFO  | SCMAudit | user=jenkins1000 | ip=192.168.34.42 | op=SEND_HEARTBEAT {datanodeUUID=95e6fe0d-ba63-44f7-8a45-847da5452504, command=[]} | ret=SUCCESS |  
2019-08-29 09:34:52,542 | INFO  | SCMAudit | user=jenkins1000 | ip=192.168.34.42 | op=SEND_HEARTBEAT {datanodeUUID=04dfc250-5117-40ee-9223-ddc31d2a7fac, command=[]} | ret=SUCCESS |  
2019-08-29 09:34:52,543 | INFO  | SCMAudit | user=jenkins1000 | ip=192.168.34.42 | op=SEND_HEARTBEAT {datanodeUUID=f5689991-66b6-42db-ba36-9ef251e0e30a, command=[]} | ret=SUCCESS |  
2019-08-29 09:34:53,094 | INFO  | SCMAudit | user=jenkins1000 | ip=192.168.34.42 | op=SEND_HEARTBEAT {datanodeUUID=cffcff0f-2752-46f1-bb20-4150682c084f, command=[]} | ret=SUCCESS |  
2019-08-29 09:34:53,126 | INFO  | SCMAudit | user=jenkins1000 | ip=192.168.34.42 | op=SEND_HEARTBEAT {datanodeUUID=814b1e79-91cb-4747-afef-225b562b988f, command=[]} | ret=SUCCESS |  
2019-08-29 09:34:53,126 | INFO  | SCMAudit | user=jenkins1000 | ip=192.168.34.42 | op=SEND_HEARTBEAT {datanodeUUID=6a76bae0-5bcd-450f-b761-84a239d32397, command=[]} | ret=SUCCESS |  
2019-08-29 09:34:53,539 | INFO  | SCMAudit | user=jenkins1000 | ip=192.168.34.42 | op=SEND_HEARTBEAT {datanodeUUID=f5a90a23-db6d-4122-980c-2c6f67b12274, command=[]} | ret=SUCCESS |  
2019-08-29 09:34:53,540 | INFO  | SCMAudit | user=jenkins1000 | ip=192.168.34.42 | op=SEND_HEARTBEAT {datanodeUUID=95e6fe0d-ba63-44f7-8a45-847da5452504, command=[]} | ret=SUCCESS |  
2019-08-29 09:34:53,542 | INFO  | SCMAudit | user=jenkins1000 | ip=192.168.34.42 | op=SEND_HEARTBEAT {datanodeUUID=04dfc250-5117-40ee-9223-ddc31d2a7fac, command=[]} | ret=SUCCESS |  
2019-08-29 09:34:53,543 | INFO  | SCMAudit | user=jenkins1000 | ip=192.168.34.42 | op=SEND_HEARTBEAT {datanodeUUID=f5689991-66b6-42db-ba36-9ef251e0e30a, command=[]} | ret=SUCCESS |  
2019-08-29 09:34:54,094 | INFO  | SCMAudit | user=jenkins1000 | ip=192.168.34.42 | op=SEND_HEARTBEAT {datanodeUUID=cffcff0f-2752-46f1-bb20-4150682c084f, command=[]} | ret=SUCCESS |  
2019-08-29 09:34:54,126 | INFO  | SCMAudit | user=jenkins1000 | ip=192.168.34.42 | op=SEND_HEARTBEAT {datanodeUUID=814b1e79-91cb-4747-afef-225b562b988f, command=[]} | ret=SUCCESS |  
2019-08-29 09:34:54,126 | INFO  | SCMAudit | user=jenkins1000 | ip=192.168.34.42 | op=SEND_HEARTBEAT {datanodeUUID=6a76bae0-5bcd-450f-b761-84a239d32397, command=[]} | ret=SUCCESS |  
2019-08-29 09:34:54,538 | INFO  | SCMAudit | user=jenkins1000 | ip=192.168.34.42 | op=SEND_HEARTBEAT {datanodeUUID=f5a90a23-db6d-4122-980c-2c6f67b12274, command=[]} | ret=SUCCESS |  
2019-08-29 09:34:54,540 | INFO  | SCMAudit | user=jenkins1000 | ip=192.168.34.42 | op=SEND_HEARTBEAT {datanodeUUID=95e6fe0d-ba63-44f7-8a45-847da5452504, command=[]} | ret=SUCCESS |  
2019-08-29 09:34:54,542 | INFO  | SCMAudit | user=jenkins1000 | ip=192.168.34.42 | op=SEND_HEARTBEAT {datanodeUUID=04dfc250-5117-40ee-9223-ddc31d2a7fac, command=[]} | ret=SUCCESS |  
2019-08-29 09:34:54,544 | INFO  | SCMAudit | user=jenkins1000 | ip=192.168.34.42 | op=SEND_HEARTBEAT {datanodeUUID=f5689991-66b6-42db-ba36-9ef251e0e30a, command=[]} | ret=SUCCESS |  
2019-08-29 09:34:55,094 | INFO  | SCMAudit | user=jenkins1000 | ip=192.168.34.42 | op=SEND_HEARTBEAT {datanodeUUID=cffcff0f-2752-46f1-bb20-4150682c084f, command=[]} | ret=SUCCESS |  
2019-08-29 09:34:55,126 | INFO  | SCMAudit | user=jenkins1000 | ip=192.168.34.42 | op=SEND_HEARTBEAT {datanodeUUID=814b1e79-91cb-4747-afef-225b562b988f, command=[]} | ret=SUCCESS |  
2019-08-29 09:34:55,126 | INFO  | SCMAudit | user=jenkins1000 | ip=192.168.34.42 | op=SEND_HEARTBEAT {datanodeUUID=6a76bae0-5bcd-450f-b761-84a239d32397, command=[]} | ret=SUCCESS |  
2019-08-29 09:34:55,448 [grpc-default-executor-4] INFO  client.GrpcClientProtocolClient (GrpcClientProtocolClient.java:onNext(255)) - client-E9E73D333C91->6a76bae0-5bcd-450f-b761-84a239d32397: receive RaftClientReply:client-E9E73D333C91->6a76bae0-5bcd-450f-b761-84a239d32397@group-38214EFEF1B1, cid=45, FAILED org.apache.ratis.protocol.NotLeaderException: Server 6a76bae0-5bcd-450f-b761-84a239d32397 is not the leader (cffcff0f-2752-46f1-bb20-4150682c084f:192.168.34.42:36452). Request must be sent to leader., logIndex=0, commits[6a76bae0-5bcd-450f-b761-84a239d32397:c8, 814b1e79-91cb-4747-afef-225b562b988f:c8, cffcff0f-2752-46f1-bb20-4150682c084f:c8]
2019-08-29 09:34:55,538 | INFO  | SCMAudit | user=jenkins1000 | ip=192.168.34.42 | op=SEND_HEARTBEAT {datanodeUUID=f5a90a23-db6d-4122-980c-2c6f67b12274, command=[]} | ret=SUCCESS |  
2019-08-29 09:34:55,541 | INFO  | SCMAudit | user=jenkins1000 | ip=192.168.34.42 | op=SEND_HEARTBEAT {datanodeUUID=95e6fe0d-ba63-44f7-8a45-847da5452504, command=[]} | ret=SUCCESS |  
2019-08-29 09:34:55,542 | INFO  | SCMAudit | user=jenkins1000 | ip=192.168.34.42 | op=SEND_HEARTBEAT {datanodeUUID=04dfc250-5117-40ee-9223-ddc31d2a7fac, command=[]} | ret=SUCCESS |  
2019-08-29 09:34:55,543 | INFO  | SCMAudit | user=jenkins1000 | ip=192.168.34.42 | op=SEND_HEARTBEAT {datanodeUUID=f5689991-66b6-42db-ba36-9ef251e0e30a, command=[]} | ret=SUCCESS |  
2019-08-29 09:34:56,095 | INFO  | SCMAudit | user=jenkins1000 | ip=192.168.34.42 | op=SEND_HEARTBEAT {datanodeUUID=cffcff0f-2752-46f1-bb20-4150682c084f, command=[]} | ret=SUCCESS |  
2019-08-29 09:34:56,126 | INFO  | SCMAudit | user=jenkins1000 | ip=192.168.34.42 | op=SEND_HEARTBEAT {datanodeUUID=814b1e79-91cb-4747-afef-225b562b988f, command=[]} | ret=SUCCESS |  
2019-08-29 09:34:56,127 | INFO  | SCMAudit | user=jenkins1000 | ip=192.168.34.42 | op=SEND_HEARTBEAT {datanodeUUID=6a76bae0-5bcd-450f-b761-84a239d32397, command=[]} | ret=SUCCESS |  
2019-08-29 09:34:56,539 | INFO  | SCMAudit | user=jenkins1000 | ip=192.168.34.42 | op=SEND_HEARTBEAT {datanodeUUID=f5a90a23-db6d-4122-980c-2c6f67b12274, command=[]} | ret=SUCCESS |  
2019-08-29 09:34:56,541 | INFO  | SCMAudit | user=jenkins1000 | ip=192.168.34.42 | op=SEND_HEARTBEAT {datanodeUUID=95e6fe0d-ba63-44f7-8a45-847da5452504, command=[]} | ret=SUCCESS |  
2019-08-29 09:34:56,542 | INFO  | SCMAudit | user=jenkins1000 | ip=192.168.34.42 | op=SEND_HEARTBEAT {datanodeUUID=04dfc250-5117-40ee-9223-ddc31d2a7fac, command=[]} | ret=SUCCESS |  
2019-08-29 09:34:56,543 | INFO  | SCMAudit | user=jenkins1000 | ip=192.168.34.42 | op=SEND_HEARTBEAT {datanodeUUID=f5689991-66b6-42db-ba36-9ef251e0e30a, command=[]} | ret=SUCCESS |  
2019-08-29 09:34:57,094 | INFO  | SCMAudit | user=jenkins1000 | ip=192.168.34.42 | op=SEND_HEARTBEAT {datanodeUUID=cffcff0f-2752-46f1-bb20-4150682c084f, command=[]} | ret=SUCCESS |  
2019-08-29 09:34:57,126 | INFO  | SCMAudit | user=jenkins1000 | ip=192.168.34.42 | op=SEND_HEARTBEAT {datanodeUUID=814b1e79-91cb-4747-afef-225b562b988f, command=[]} | ret=SUCCESS |  
2019-08-29 09:34:57,127 | INFO  | SCMAudit | user=jenkins1000 | ip=192.168.34.42 | op=SEND_HEARTBEAT {datanodeUUID=6a76bae0-5bcd-450f-b761-84a239d32397, command=[]} | ret=SUCCESS |  
2019-08-29 09:34:57,538 | INFO  | SCMAudit | user=jenkins1000 | ip=192.168.34.42 | op=SEND_HEARTBEAT {datanodeUUID=f5a90a23-db6d-4122-980c-2c6f67b12274, command=[]} | ret=SUCCESS |  
2019-08-29 09:34:57,541 | INFO  | SCMAudit | user=jenkins1000 | ip=192.168.34.42 | op=SEND_HEARTBEAT {datanodeUUID=95e6fe0d-ba63-44f7-8a45-847da5452504, command=[]} | ret=SUCCESS |  
2019-08-29 09:34:57,543 | INFO  | SCMAudit | user=jenkins1000 | ip=192.168.34.42 | op=SEND_HEARTBEAT {datanodeUUID=04dfc250-5117-40ee-9223-ddc31d2a7fac, command=[]} | ret=SUCCESS |  
2019-08-29 09:34:57,544 | INFO  | SCMAudit | user=jenkins1000 | ip=192.168.34.42 | op=SEND_HEARTBEAT {datanodeUUID=f5689991-66b6-42db-ba36-9ef251e0e30a, command=[]} | ret=SUCCESS |  
2019-08-29 09:34:58,095 | INFO  | SCMAudit | user=jenkins1000 | ip=192.168.34.42 | op=SEND_HEARTBEAT {datanodeUUID=cffcff0f-2752-46f1-bb20-4150682c084f, command=[]} | ret=SUCCESS |  
2019-08-29 09:34:58,126 | INFO  | SCMAudit | user=jenkins1000 | ip=192.168.34.42 | op=SEND_HEARTBEAT {datanodeUUID=814b1e79-91cb-4747-afef-225b562b988f, command=[]} | ret=SUCCESS |  
2019-08-29 09:34:58,127 | INFO  | SCMAudit | user=jenkins1000 | ip=192.168.34.42 | op=SEND_HEARTBEAT {datanodeUUID=6a76bae0-5bcd-450f-b761-84a239d32397, command=[]} | ret=SUCCESS |  
2019-08-29 09:34:58,539 | INFO  | SCMAudit | user=jenkins1000 | ip=192.168.34.42 | op=SEND_HEARTBEAT {datanodeUUID=f5a90a23-db6d-4122-980c-2c6f67b12274, command=[]} | ret=SUCCESS |  
2019-08-29 09:34:58,541 | INFO  | SCMAudit | user=jenkins1000 | ip=192.168.34.42 | op=SEND_HEARTBEAT {datanodeUUID=95e6fe0d-ba63-44f7-8a45-847da5452504, command=[]} | ret=SUCCESS |  
2019-08-29 09:34:58,543 | INFO  | SCMAudit | user=jenkins1000 | ip=192.168.34.42 | op=SEND_HEARTBEAT {datanodeUUID=f5689991-66b6-42db-ba36-9ef251e0e30a, command=[]} | ret=SUCCESS |  
2019-08-29 09:34:58,543 | INFO  | SCMAudit | user=jenkins1000 | ip=192.168.34.42 | op=SEND_HEARTBEAT {datanodeUUID=04dfc250-5117-40ee-9223-ddc31d2a7fac, command=[]} | ret=SUCCESS |  
2019-08-29 09:34:59,095 | INFO  | SCMAudit | user=jenkins1000 | ip=192.168.34.42 | op=SEND_HEARTBEAT {datanodeUUID=cffcff0f-2752-46f1-bb20-4150682c084f, command=[]} | ret=SUCCESS |  
2019-08-29 09:34:59,125 | INFO  | SCMAudit | user=jenkins1000 | ip=192.168.34.42 | op=SEND_HEARTBEAT {datanodeUUID=814b1e79-91cb-4747-afef-225b562b988f, command=[]} | ret=SUCCESS |  
2019-08-29 09:34:59,127 | INFO  | SCMAudit | user=jenkins1000 | ip=192.168.34.42 | op=SEND_HEARTBEAT {datanodeUUID=6a76bae0-5bcd-450f-b761-84a239d32397, command=[]} | ret=SUCCESS |  
2019-08-29 09:34:59,539 | INFO  | SCMAudit | user=jenkins1000 | ip=192.168.34.42 | op=SEND_HEARTBEAT {datanodeUUID=f5a90a23-db6d-4122-980c-2c6f67b12274, command=[]} | ret=SUCCESS |  
2019-08-29 09:34:59,541 | INFO  | SCMAudit | user=jenkins1000 | ip=192.168.34.42 | op=SEND_HEARTBEAT {datanodeUUID=95e6fe0d-ba63-44f7-8a45-847da5452504, command=[]} | ret=SUCCESS |  
2019-08-29 09:34:59,543 | INFO  | SCMAudit | user=jenkins1000 | ip=192.168.34.42 | op=SEND_HEARTBEAT {datanodeUUID=f5689991-66b6-42db-ba36-9ef251e0e30a, command=[]} | ret=SUCCESS |  
2019-08-29 09:34:59,544 | INFO  | SCMAudit | user=jenkins1000 | ip=192.168.34.42 | op=SEND_HEARTBEAT {datanodeUUID=04dfc250-5117-40ee-9223-ddc31d2a7fac, command=[]} | ret=SUCCESS |  
2019-08-29 09:35:00,094 | INFO  | SCMAudit | user=jenkins1000 | ip=192.168.34.42 | op=SEND_HEARTBEAT {datanodeUUID=cffcff0f-2752-46f1-bb20-4150682c084f, command=[]} | ret=SUCCESS |  
2019-08-29 09:35:00,125 | INFO  | SCMAudit | user=jenkins1000 | ip=192.168.34.42 | op=SEND_HEARTBEAT {datanodeUUID=814b1e79-91cb-4747-afef-225b562b988f, command=[]} | ret=SUCCESS |  
2019-08-29 09:35:00,127 | INFO  | SCMAudit | user=jenkins1000 | ip=192.168.34.42 | op=SEND_HEARTBEAT {datanodeUUID=6a76bae0-5bcd-450f-b761-84a239d32397, command=[]} | ret=SUCCESS |  
2019-08-29 09:35:00,506 [grpc-default-executor-0] INFO  client.GrpcClientProtocolClient (GrpcClientProtocolClient.java:onNext(255)) - client-E9E73D333C91->814b1e79-91cb-4747-afef-225b562b988f: receive RaftClientReply:client-E9E73D333C91->814b1e79-91cb-4747-afef-225b562b988f@group-38214EFEF1B1, cid=45, FAILED org.apache.ratis.protocol.NotLeaderException: Server 814b1e79-91cb-4747-afef-225b562b988f is not the leader (cffcff0f-2752-46f1-bb20-4150682c084f:192.168.34.42:36452). Request must be sent to leader., logIndex=0, commits[814b1e79-91cb-4747-afef-225b562b988f:c8, 6a76bae0-5bcd-450f-b761-84a239d32397:c8, cffcff0f-2752-46f1-bb20-4150682c084f:c8]
2019-08-29 09:35:00,539 | INFO  | SCMAudit | user=jenkins1000 | ip=192.168.34.42 | op=SEND_HEARTBEAT {datanodeUUID=f5a90a23-db6d-4122-980c-2c6f67b12274, command=[]} | ret=SUCCESS |  
2019-08-29 09:35:00,541 | INFO  | SCMAudit | user=jenkins1000 | ip=192.168.34.42 | op=SEND_HEARTBEAT {datanodeUUID=95e6fe0d-ba63-44f7-8a45-847da5452504, command=[]} | ret=SUCCESS |  
2019-08-29 09:35:00,543 | INFO  | SCMAudit | user=jenkins1000 | ip=192.168.34.42 | op=SEND_HEARTBEAT {datanodeUUID=f5689991-66b6-42db-ba36-9ef251e0e30a, command=[]} | ret=SUCCESS |  
2019-08-29 09:35:00,544 | INFO  | SCMAudit | user=jenkins1000 | ip=192.168.34.42 | op=SEND_HEARTBEAT {datanodeUUID=04dfc250-5117-40ee-9223-ddc31d2a7fac, command=[]} | ret=SUCCESS |  
2019-08-29 09:35:01,094 | INFO  | SCMAudit | user=jenkins1000 | ip=192.168.34.42 | op=SEND_HEARTBEAT {datanodeUUID=cffcff0f-2752-46f1-bb20-4150682c084f, command=[]} | ret=SUCCESS |  
2019-08-29 09:35:01,125 | INFO  | SCMAudit | user=jenkins1000 | ip=192.168.34.42 | op=SEND_HEARTBEAT {datanodeUUID=814b1e79-91cb-4747-afef-225b562b988f, command=[]} | ret=SUCCESS |  
2019-08-29 09:35:01,127 | INFO  | SCMAudit | user=jenkins1000 | ip=192.168.34.42 | op=SEND_HEARTBEAT {datanodeUUID=6a76bae0-5bcd-450f-b761-84a239d32397, command=[]} | ret=SUCCESS |  
2019-08-29 09:35:01,539 | INFO  | SCMAudit | user=jenkins1000 | ip=192.168.34.42 | op=SEND_HEARTBEAT {datanodeUUID=f5a90a23-db6d-4122-980c-2c6f67b12274, command=[]} | ret=SUCCESS |  
2019-08-29 09:35:01,541 | INFO  | SCMAudit | user=jenkins1000 | ip=192.168.34.42 | op=SEND_HEARTBEAT {datanodeUUID=95e6fe0d-ba63-44f7-8a45-847da5452504, command=[]} | ret=SUCCESS |  
2019-08-29 09:35:01,544 | INFO  | SCMAudit | user=jenkins1000 | ip=192.168.34.42 | op=SEND_HEARTBEAT {datanodeUUID=f5689991-66b6-42db-ba36-9ef251e0e30a, command=[]} | ret=SUCCESS |  
2019-08-29 09:35:01,544 | INFO  | SCMAudit | user=jenkins1000 | ip=192.168.34.42 | op=SEND_HEARTBEAT {datanodeUUID=04dfc250-5117-40ee-9223-ddc31d2a7fac, command=[]} | ret=SUCCESS |  
2019-08-29 09:35:02,094 | INFO  | SCMAudit | user=jenkins1000 | ip=192.168.34.42 | op=SEND_HEARTBEAT {datanodeUUID=cffcff0f-2752-46f1-bb20-4150682c084f, command=[]} | ret=SUCCESS |  
2019-08-29 09:35:02,125 | INFO  | SCMAudit | user=jenkins1000 | ip=192.168.34.42 | op=SEND_HEARTBEAT {datanodeUUID=814b1e79-91cb-4747-afef-225b562b988f, command=[]} | ret=SUCCESS |  
2019-08-29 09:35:02,127 | INFO  | SCMAudit | user=jenkins1000 | ip=192.168.34.42 | op=SEND_HEARTBEAT {datanodeUUID=6a76bae0-5bcd-450f-b761-84a239d32397, command=[]} | ret=SUCCESS |  
2019-08-29 09:35:02,538 | INFO  | SCMAudit | user=jenkins1000 | ip=192.168.34.42 | op=SEND_HEARTBEAT {datanodeUUID=f5a90a23-db6d-4122-980c-2c6f67b12274, command=[]} | ret=SUCCESS |  
2019-08-29 09:35:02,541 | INFO  | SCMAudit | user=jenkins1000 | ip=192.168.34.42 | op=SEND_HEARTBEAT {datanodeUUID=95e6fe0d-ba63-44f7-8a45-847da5452504, command=[]} | ret=SUCCESS |  
2019-08-29 09:35:02,544 | INFO  | SCMAudit | user=jenkins1000 | ip=192.168.34.42 | op=SEND_HEARTBEAT {datanodeUUID=04dfc250-5117-40ee-9223-ddc31d2a7fac, command=[]} | ret=SUCCESS |  
2019-08-29 09:35:02,545 | INFO  | SCMAudit | user=jenkins1000 | ip=192.168.34.42 | op=SEND_HEARTBEAT {datanodeUUID=f5689991-66b6-42db-ba36-9ef251e0e30a, command=[]} | ret=SUCCESS |  
2019-08-29 09:35:03,094 | INFO  | SCMAudit | user=jenkins1000 | ip=192.168.34.42 | op=SEND_HEARTBEAT {datanodeUUID=cffcff0f-2752-46f1-bb20-4150682c084f, command=[]} | ret=SUCCESS |  
2019-08-29 09:35:03,125 | INFO  | SCMAudit | user=jenkins1000 | ip=192.168.34.42 | op=SEND_HEARTBEAT {datanodeUUID=814b1e79-91cb-4747-afef-225b562b988f, command=[]} | ret=SUCCESS |  
2019-08-29 09:35:03,127 | INFO  | SCMAudit | user=jenkins1000 | ip=192.168.34.42 | op=SEND_HEARTBEAT {datanodeUUID=6a76bae0-5bcd-450f-b761-84a239d32397, command=[]} | ret=SUCCESS |  
2019-08-29 09:35:03,539 | INFO  | SCMAudit | user=jenkins1000 | ip=192.168.34.42 | op=SEND_HEARTBEAT {datanodeUUID=f5a90a23-db6d-4122-980c-2c6f67b12274, command=[]} | ret=SUCCESS |  
2019-08-29 09:35:03,540 | INFO  | SCMAudit | user=jenkins1000 | ip=192.168.34.42 | op=SEND_HEARTBEAT {datanodeUUID=95e6fe0d-ba63-44f7-8a45-847da5452504, command=[]} | ret=SUCCESS |  
2019-08-29 09:35:03,544 | INFO  | SCMAudit | user=jenkins1000 | ip=192.168.34.42 | op=SEND_HEARTBEAT {datanodeUUID=f5689991-66b6-42db-ba36-9ef251e0e30a, command=[]} | ret=SUCCESS |  
2019-08-29 09:35:03,545 | INFO  | SCMAudit | user=jenkins1000 | ip=192.168.34.42 | op=SEND_HEARTBEAT {datanodeUUID=04dfc250-5117-40ee-9223-ddc31d2a7fac, command=[]} | ret=SUCCESS |  
2019-08-29 09:35:04,094 | INFO  | SCMAudit | user=jenkins1000 | ip=192.168.34.42 | op=SEND_HEARTBEAT {datanodeUUID=cffcff0f-2752-46f1-bb20-4150682c084f, command=[]} | ret=SUCCESS |  
2019-08-29 09:35:04,125 | INFO  | SCMAudit | user=jenkins1000 | ip=192.168.34.42 | op=SEND_HEARTBEAT {datanodeUUID=814b1e79-91cb-4747-afef-225b562b988f, command=[]} | ret=SUCCESS |  
2019-08-29 09:35:04,127 | INFO  | SCMAudit | user=jenkins1000 | ip=192.168.34.42 | op=SEND_HEARTBEAT {datanodeUUID=6a76bae0-5bcd-450f-b761-84a239d32397, command=[]} | ret=SUCCESS |  
2019-08-29 09:35:04,539 | INFO  | SCMAudit | user=jenkins1000 | ip=192.168.34.42 | op=SEND_HEARTBEAT {datanodeUUID=f5a90a23-db6d-4122-980c-2c6f67b12274, command=[]} | ret=SUCCESS |  
2019-08-29 09:35:04,540 | INFO  | SCMAudit | user=jenkins1000 | ip=192.168.34.42 | op=SEND_HEARTBEAT {datanodeUUID=95e6fe0d-ba63-44f7-8a45-847da5452504, command=[]} | ret=SUCCESS |  
2019-08-29 09:35:04,544 | INFO  | SCMAudit | user=jenkins1000 | ip=192.168.34.42 | op=SEND_HEARTBEAT {datanodeUUID=f5689991-66b6-42db-ba36-9ef251e0e30a, command=[]} | ret=SUCCESS |  
2019-08-29 09:35:04,545 | INFO  | SCMAudit | user=jenkins1000 | ip=192.168.34.42 | op=SEND_HEARTBEAT {datanodeUUID=04dfc250-5117-40ee-9223-ddc31d2a7fac, command=[]} | ret=SUCCESS |  
2019-08-29 09:35:05,094 | INFO  | SCMAudit | user=jenkins1000 | ip=192.168.34.42 | op=SEND_HEARTBEAT {datanodeUUID=cffcff0f-2752-46f1-bb20-4150682c084f, command=[]} | ret=SUCCESS |  
2019-08-29 09:35:05,125 | INFO  | SCMAudit | user=jenkins1000 | ip=192.168.34.42 | op=SEND_HEARTBEAT {datanodeUUID=814b1e79-91cb-4747-afef-225b562b988f, command=[]} | ret=SUCCESS |  
2019-08-29 09:35:05,127 | INFO  | SCMAudit | user=jenkins1000 | ip=192.168.34.42 | op=SEND_HEARTBEAT {datanodeUUID=6a76bae0-5bcd-450f-b761-84a239d32397, command=[]} | ret=SUCCESS |  
2019-08-29 09:35:05,541 | INFO  | SCMAudit | user=jenkins1000 | ip=192.168.34.42 | op=SEND_HEARTBEAT {datanodeUUID=f5a90a23-db6d-4122-980c-2c6f67b12274, command=[]} | ret=SUCCESS |  
2019-08-29 09:35:05,542 | INFO  | SCMAudit | user=jenkins1000 | ip=192.168.34.42 | op=SEND_HEARTBEAT {datanodeUUID=95e6fe0d-ba63-44f7-8a45-847da5452504, command=[]} | ret=SUCCESS |  
2019-08-29 09:35:05,542 [grpc-default-executor-4] INFO  client.GrpcClientProtocolClient (GrpcClientProtocolClient.java:onNext(255)) - client-E9E73D333C91->6a76bae0-5bcd-450f-b761-84a239d32397: receive RaftClientReply:client-E9E73D333C91->6a76bae0-5bcd-450f-b761-84a239d32397@group-38214EFEF1B1, cid=45, FAILED org.apache.ratis.protocol.NotLeaderException: Server 6a76bae0-5bcd-450f-b761-84a239d32397 is not the leader (cffcff0f-2752-46f1-bb20-4150682c084f:192.168.34.42:36452). Request must be sent to leader., logIndex=0, commits[6a76bae0-5bcd-450f-b761-84a239d32397:c8, 814b1e79-91cb-4747-afef-225b562b988f:c8, cffcff0f-2752-46f1-bb20-4150682c084f:c8]
2019-08-29 09:35:05,553 | INFO  | SCMAudit | user=jenkins1000 | ip=192.168.34.42 | op=SEND_HEARTBEAT {datanodeUUID=04dfc250-5117-40ee-9223-ddc31d2a7fac, command=[]} | ret=SUCCESS |  
2019-08-29 09:35:05,553 | INFO  | SCMAudit | user=jenkins1000 | ip=192.168.34.42 | op=SEND_HEARTBEAT {datanodeUUID=f5689991-66b6-42db-ba36-9ef251e0e30a, command=[]} | ret=SUCCESS |  
2019-08-29 09:35:06,095 | INFO  | SCMAudit | user=jenkins1000 | ip=192.168.34.42 | op=SEND_HEARTBEAT {datanodeUUID=cffcff0f-2752-46f1-bb20-4150682c084f, command=[]} | ret=SUCCESS |  
2019-08-29 09:35:06,125 | INFO  | SCMAudit | user=jenkins1000 | ip=192.168.34.42 | op=SEND_HEARTBEAT {datanodeUUID=814b1e79-91cb-4747-afef-225b562b988f, command=[]} | ret=SUCCESS |  
2019-08-29 09:35:06,127 | INFO  | SCMAudit | user=jenkins1000 | ip=192.168.34.42 | op=SEND_HEARTBEAT {datanodeUUID=6a76bae0-5bcd-450f-b761-84a239d32397, command=[]} | ret=SUCCESS |  
2019-08-29 09:35:06,541 | INFO  | SCMAudit | user=jenkins1000 | ip=192.168.34.42 | op=SEND_HEARTBEAT {datanodeUUID=f5a90a23-db6d-4122-980c-2c6f67b12274, command=[]} | ret=SUCCESS |  
2019-08-29 09:35:06,542 | INFO  | SCMAudit | user=jenkins1000 | ip=192.168.34.42 | op=SEND_HEARTBEAT {datanodeUUID=95e6fe0d-ba63-44f7-8a45-847da5452504, command=[]} | ret=SUCCESS |  
2019-08-29 09:35:06,547 | INFO  | SCMAudit | user=jenkins1000 | ip=192.168.34.42 | op=SEND_HEARTBEAT {datanodeUUID=f5689991-66b6-42db-ba36-9ef251e0e30a, command=[]} | ret=SUCCESS |  
2019-08-29 09:35:06,550 | INFO  | SCMAudit | user=jenkins1000 | ip=192.168.34.42 | op=SEND_HEARTBEAT {datanodeUUID=04dfc250-5117-40ee-9223-ddc31d2a7fac, command=[]} | ret=SUCCESS |  
2019-08-29 09:35:07,094 | INFO  | SCMAudit | user=jenkins1000 | ip=192.168.34.42 | op=SEND_HEARTBEAT {datanodeUUID=cffcff0f-2752-46f1-bb20-4150682c084f, command=[]} | ret=SUCCESS |  
2019-08-29 09:35:07,126 | INFO  | SCMAudit | user=jenkins1000 | ip=192.168.34.42 | op=SEND_HEARTBEAT {datanodeUUID=814b1e79-91cb-4747-afef-225b562b988f, command=[]} | ret=SUCCESS |  
2019-08-29 09:35:07,127 | INFO  | SCMAudit | user=jenkins1000 | ip=192.168.34.42 | op=SEND_HEARTBEAT {datanodeUUID=6a76bae0-5bcd-450f-b761-84a239d32397, command=[]} | ret=SUCCESS |  
2019-08-29 09:35:07,542 | INFO  | SCMAudit | user=jenkins1000 | ip=192.168.34.42 | op=SEND_HEARTBEAT {datanodeUUID=95e6fe0d-ba63-44f7-8a45-847da5452504, command=[]} | ret=SUCCESS |  
2019-08-29 09:35:07,542 | INFO  | SCMAudit | user=jenkins1000 | ip=192.168.34.42 | op=SEND_HEARTBEAT {datanodeUUID=f5a90a23-db6d-4122-980c-2c6f67b12274, command=[]} | ret=SUCCESS |  
2019-08-29 09:35:07,548 | INFO  | SCMAudit | user=jenkins1000 | ip=192.168.34.42 | op=SEND_HEARTBEAT {datanodeUUID=f5689991-66b6-42db-ba36-9ef251e0e30a, command=[]} | ret=SUCCESS |  
2019-08-29 09:35:07,550 | INFO  | SCMAudit | user=jenkins1000 | ip=192.168.34.42 | op=SEND_HEARTBEAT {datanodeUUID=04dfc250-5117-40ee-9223-ddc31d2a7fac, command=[]} | ret=SUCCESS |  
2019-08-29 09:35:08,095 | INFO  | SCMAudit | user=jenkins1000 | ip=192.168.34.42 | op=SEND_HEARTBEAT {datanodeUUID=cffcff0f-2752-46f1-bb20-4150682c084f, command=[]} | ret=SUCCESS |  
2019-08-29 09:35:08,125 | INFO  | SCMAudit | user=jenkins1000 | ip=192.168.34.42 | op=SEND_HEARTBEAT {datanodeUUID=814b1e79-91cb-4747-afef-225b562b988f, command=[]} | ret=SUCCESS |  
2019-08-29 09:35:08,128 | INFO  | SCMAudit | user=jenkins1000 | ip=192.168.34.42 | op=SEND_HEARTBEAT {datanodeUUID=6a76bae0-5bcd-450f-b761-84a239d32397, command=[]} | ret=SUCCESS |  
2019-08-29 09:35:08,541 | INFO  | SCMAudit | user=jenkins1000 | ip=192.168.34.42 | op=SEND_HEARTBEAT {datanodeUUID=95e6fe0d-ba63-44f7-8a45-847da5452504, command=[]} | ret=SUCCESS |  
2019-08-29 09:35:08,541 | INFO  | SCMAudit | user=jenkins1000 | ip=192.168.34.42 | op=SEND_HEARTBEAT {datanodeUUID=f5a90a23-db6d-4122-980c-2c6f67b12274, command=[]} | ret=SUCCESS |  
2019-08-29 09:35:08,548 | INFO  | SCMAudit | user=jenkins1000 | ip=192.168.34.42 | op=SEND_HEARTBEAT {datanodeUUID=f5689991-66b6-42db-ba36-9ef251e0e30a, command=[]} | ret=SUCCESS |  
2019-08-29 09:35:08,550 | INFO  | SCMAudit | user=jenkins1000 | ip=192.168.34.42 | op=SEND_HEARTBEAT {datanodeUUID=04dfc250-5117-40ee-9223-ddc31d2a7fac, command=[]} | ret=SUCCESS |  
2019-08-29 09:35:09,094 | INFO  | SCMAudit | user=jenkins1000 | ip=192.168.34.42 | op=SEND_HEARTBEAT {datanodeUUID=cffcff0f-2752-46f1-bb20-4150682c084f, command=[]} | ret=SUCCESS |  
2019-08-29 09:35:09,125 | INFO  | SCMAudit | user=jenkins1000 | ip=192.168.34.42 | op=SEND_HEARTBEAT {datanodeUUID=814b1e79-91cb-4747-afef-225b562b988f, command=[]} | ret=SUCCESS |  
2019-08-29 09:35:09,127 | INFO  | SCMAudit | user=jenkins1000 | ip=192.168.34.42 | op=SEND_HEARTBEAT {datanodeUUID=6a76bae0-5bcd-450f-b761-84a239d32397, command=[]} | ret=SUCCESS |  
2019-08-29 09:35:09,541 | INFO  | SCMAudit | user=jenkins1000 | ip=192.168.34.42 | op=SEND_HEARTBEAT {datanodeUUID=95e6fe0d-ba63-44f7-8a45-847da5452504, command=[]} | ret=SUCCESS |  
2019-08-29 09:35:09,541 | INFO  | SCMAudit | user=jenkins1000 | ip=192.168.34.42 | op=SEND_HEARTBEAT {datanodeUUID=f5a90a23-db6d-4122-980c-2c6f67b12274, command=[]} | ret=SUCCESS |  
2019-08-29 09:35:09,548 | INFO  | SCMAudit | user=jenkins1000 | ip=192.168.34.42 | op=SEND_HEARTBEAT {datanodeUUID=f5689991-66b6-42db-ba36-9ef251e0e30a, command=[]} | ret=SUCCESS |  
2019-08-29 09:35:09,550 | INFO  | SCMAudit | user=jenkins1000 | ip=192.168.34.42 | op=SEND_HEARTBEAT {datanodeUUID=04dfc250-5117-40ee-9223-ddc31d2a7fac, command=[]} | ret=SUCCESS |  
2019-08-29 09:35:10,094 | INFO  | SCMAudit | user=jenkins1000 | ip=192.168.34.42 | op=SEND_HEARTBEAT {datanodeUUID=cffcff0f-2752-46f1-bb20-4150682c084f, command=[]} | ret=SUCCESS |  
2019-08-29 09:35:10,125 | INFO  | SCMAudit | user=jenkins1000 | ip=192.168.34.42 | op=SEND_HEARTBEAT {datanodeUUID=814b1e79-91cb-4747-afef-225b562b988f, command=[]} | ret=SUCCESS |  
2019-08-29 09:35:10,127 | INFO  | SCMAudit | user=jenkins1000 | ip=192.168.34.42 | op=SEND_HEARTBEAT {datanodeUUID=6a76bae0-5bcd-450f-b761-84a239d32397, command=[]} | ret=SUCCESS |  
2019-08-29 09:35:10,541 | INFO  | SCMAudit | user=jenkins1000 | ip=192.168.34.42 | op=SEND_HEARTBEAT {datanodeUUID=f5a90a23-db6d-4122-980c-2c6f67b12274, command=[]} | ret=SUCCESS |  
2019-08-29 09:35:10,541 | INFO  | SCMAudit | user=jenkins1000 | ip=192.168.34.42 | op=SEND_HEARTBEAT {datanodeUUID=95e6fe0d-ba63-44f7-8a45-847da5452504, command=[]} | ret=SUCCESS |  
2019-08-29 09:35:10,548 | INFO  | SCMAudit | user=jenkins1000 | ip=192.168.34.42 | op=SEND_HEARTBEAT {datanodeUUID=f5689991-66b6-42db-ba36-9ef251e0e30a, command=[]} | ret=SUCCESS |  
2019-08-29 09:35:10,550 | INFO  | SCMAudit | user=jenkins1000 | ip=192.168.34.42 | op=SEND_HEARTBEAT {datanodeUUID=04dfc250-5117-40ee-9223-ddc31d2a7fac, command=[]} | ret=SUCCESS |  
2019-08-29 09:35:10,579 [grpc-default-executor-4] INFO  client.GrpcClientProtocolClient (GrpcClientProtocolClient.java:onNext(255)) - client-E9E73D333C91->6a76bae0-5bcd-450f-b761-84a239d32397: receive RaftClientReply:client-E9E73D333C91->6a76bae0-5bcd-450f-b761-84a239d32397@group-38214EFEF1B1, cid=45, FAILED org.apache.ratis.protocol.NotLeaderException: Server 6a76bae0-5bcd-450f-b761-84a239d32397 is not the leader (cffcff0f-2752-46f1-bb20-4150682c084f:192.168.34.42:36452). Request must be sent to leader., logIndex=0, commits[6a76bae0-5bcd-450f-b761-84a239d32397:c8, 814b1e79-91cb-4747-afef-225b562b988f:c8, cffcff0f-2752-46f1-bb20-4150682c084f:c8]
2019-08-29 09:35:11,094 | INFO  | SCMAudit | user=jenkins1000 | ip=192.168.34.42 | op=SEND_HEARTBEAT {datanodeUUID=cffcff0f-2752-46f1-bb20-4150682c084f, command=[]} | ret=SUCCESS |  
2019-08-29 09:35:11,125 | INFO  | SCMAudit | user=jenkins1000 | ip=192.168.34.42 | op=SEND_HEARTBEAT {datanodeUUID=814b1e79-91cb-4747-afef-225b562b988f, command=[]} | ret=SUCCESS |  
2019-08-29 09:35:11,127 | INFO  | SCMAudit | user=jenkins1000 | ip=192.168.34.42 | op=SEND_HEARTBEAT {datanodeUUID=6a76bae0-5bcd-450f-b761-84a239d32397, command=[]} | ret=SUCCESS |  
2019-08-29 09:35:11,542 | INFO  | SCMAudit | user=jenkins1000 | ip=192.168.34.42 | op=SEND_HEARTBEAT {datanodeUUID=f5a90a23-db6d-4122-980c-2c6f67b12274, command=[]} | ret=SUCCESS |  
2019-08-29 09:35:11,542 | INFO  | SCMAudit | user=jenkins1000 | ip=192.168.34.42 | op=SEND_HEARTBEAT {datanodeUUID=95e6fe0d-ba63-44f7-8a45-847da5452504, command=[]} | ret=SUCCESS |  
2019-08-29 09:35:11,548 | INFO  | SCMAudit | user=jenkins1000 | ip=192.168.34.42 | op=SEND_HEARTBEAT {datanodeUUID=f5689991-66b6-42db-ba36-9ef251e0e30a, command=[]} | ret=SUCCESS |  
2019-08-29 09:35:11,550 | INFO  | SCMAudit | user=jenkins1000 | ip=192.168.34.42 | op=SEND_HEARTBEAT {datanodeUUID=04dfc250-5117-40ee-9223-ddc31d2a7fac, command=[]} | ret=SUCCESS |  
2019-08-29 09:35:12,095 | INFO  | SCMAudit | user=jenkins1000 | ip=192.168.34.42 | op=SEND_HEARTBEAT {datanodeUUID=cffcff0f-2752-46f1-bb20-4150682c084f, command=[]} | ret=SUCCESS |  
2019-08-29 09:35:12,125 | INFO  | SCMAudit | user=jenkins1000 | ip=192.168.34.42 | op=SEND_HEARTBEAT {datanodeUUID=814b1e79-91cb-4747-afef-225b562b988f, command=[]} | ret=SUCCESS |  
2019-08-29 09:35:12,127 | INFO  | SCMAudit | user=jenkins1000 | ip=192.168.34.42 | op=SEND_HEARTBEAT {datanodeUUID=6a76bae0-5bcd-450f-b761-84a239d32397, command=[]} | ret=SUCCESS |  
2019-08-29 09:35:12,542 | INFO  | SCMAudit | user=jenkins1000 | ip=192.168.34.42 | op=SEND_HEARTBEAT {datanodeUUID=f5a90a23-db6d-4122-980c-2c6f67b12274, command=[]} | ret=SUCCESS |  
2019-08-29 09:35:12,542 | INFO  | SCMAudit | user=jenkins1000 | ip=192.168.34.42 | op=SEND_HEARTBEAT {datanodeUUID=95e6fe0d-ba63-44f7-8a45-847da5452504, command=[]} | ret=SUCCESS |  
2019-08-29 09:35:12,548 | INFO  | SCMAudit | user=jenkins1000 | ip=192.168.34.42 | op=SEND_HEARTBEAT {datanodeUUID=f5689991-66b6-42db-ba36-9ef251e0e30a, command=[]} | ret=SUCCESS |  
2019-08-29 09:35:12,550 | INFO  | SCMAudit | user=jenkins1000 | ip=192.168.34.42 | op=SEND_HEARTBEAT {datanodeUUID=04dfc250-5117-40ee-9223-ddc31d2a7fac, command=[]} | ret=SUCCESS |  
2019-08-29 09:35:13,096 | INFO  | SCMAudit | user=jenkins1000 | ip=192.168.34.42 | op=SEND_HEARTBEAT {datanodeUUID=cffcff0f-2752-46f1-bb20-4150682c084f, command=[]} | ret=SUCCESS |  
2019-08-29 09:35:13,125 | INFO  | SCMAudit | user=jenkins1000 | ip=192.168.34.42 | op=SEND_HEARTBEAT {datanodeUUID=814b1e79-91cb-4747-afef-225b562b988f, command=[]} | ret=SUCCESS |  
2019-08-29 09:35:13,127 | INFO  | SCMAudit | user=jenkins1000 | ip=192.168.34.42 | op=SEND_HEARTBEAT {datanodeUUID=6a76bae0-5bcd-450f-b761-84a239d32397, command=[]} | ret=SUCCESS |  
2019-08-29 09:35:13,542 | INFO  | SCMAudit | user=jenkins1000 | ip=192.168.34.42 | op=SEND_HEARTBEAT {datanodeUUID=95e6fe0d-ba63-44f7-8a45-847da5452504, command=[]} | ret=SUCCESS |  
2019-08-29 09:35:13,543 | INFO  | SCMAudit | user=jenkins1000 | ip=192.168.34.42 | op=SEND_HEARTBEAT {datanodeUUID=f5a90a23-db6d-4122-980c-2c6f67b12274, command=[]} | ret=SUCCESS |  
2019-08-29 09:35:13,548 | INFO  | SCMAudit | user=jenkins1000 | ip=192.168.34.42 | op=SEND_HEARTBEAT {datanodeUUID=f5689991-66b6-42db-ba36-9ef251e0e30a, command=[]} | ret=SUCCESS |  
2019-08-29 09:35:13,550 | INFO  | SCMAudit | user=jenkins1000 | ip=192.168.34.42 | op=SEND_HEARTBEAT {datanodeUUID=04dfc250-5117-40ee-9223-ddc31d2a7fac, command=[]} | ret=SUCCESS |  
2019-08-29 09:35:14,095 | INFO  | SCMAudit | user=jenkins1000 | ip=192.168.34.42 | op=SEND_HEARTBEAT {datanodeUUID=cffcff0f-2752-46f1-bb20-4150682c084f, command=[]} | ret=SUCCESS |  
2019-08-29 09:35:14,125 | INFO  | SCMAudit | user=jenkins1000 | ip=192.168.34.42 | op=SEND_HEARTBEAT {datanodeUUID=814b1e79-91cb-4747-afef-225b562b988f, command=[]} | ret=SUCCESS |  
2019-08-29 09:35:14,127 | INFO  | SCMAudit | user=jenkins1000 | ip=192.168.34.42 | op=SEND_HEARTBEAT {datanodeUUID=6a76bae0-5bcd-450f-b761-84a239d32397, command=[]} | ret=SUCCESS |  
2019-08-29 09:35:14,542 | INFO  | SCMAudit | user=jenkins1000 | ip=192.168.34.42 | op=SEND_HEARTBEAT {datanodeUUID=95e6fe0d-ba63-44f7-8a45-847da5452504, command=[]} | ret=SUCCESS |  
2019-08-29 09:35:14,544 | INFO  | SCMAudit | user=jenkins1000 | ip=192.168.34.42 | op=SEND_HEARTBEAT {datanodeUUID=f5a90a23-db6d-4122-980c-2c6f67b12274, command=[]} | ret=SUCCESS |  
2019-08-29 09:35:14,548 | INFO  | SCMAudit | user=jenkins1000 | ip=192.168.34.42 | op=SEND_HEARTBEAT {datanodeUUID=f5689991-66b6-42db-ba36-9ef251e0e30a, command=[]} | ret=SUCCESS |  
2019-08-29 09:35:14,550 | INFO  | SCMAudit | user=jenkins1000 | ip=192.168.34.42 | op=SEND_HEARTBEAT {datanodeUUID=04dfc250-5117-40ee-9223-ddc31d2a7fac, command=[]} | ret=SUCCESS |  
2019-08-29 09:35:15,096 | INFO  | SCMAudit | user=jenkins1000 | ip=192.168.34.42 | op=SEND_HEARTBEAT {datanodeUUID=cffcff0f-2752-46f1-bb20-4150682c084f, command=[]} | ret=SUCCESS |  
2019-08-29 09:35:15,125 | INFO  | SCMAudit | user=jenkins1000 | ip=192.168.34.42 | op=SEND_HEARTBEAT {datanodeUUID=814b1e79-91cb-4747-afef-225b562b988f, command=[]} | ret=SUCCESS |  
2019-08-29 09:35:15,128 | INFO  | SCMAudit | user=jenkins1000 | ip=192.168.34.42 | op=SEND_HEARTBEAT {datanodeUUID=6a76bae0-5bcd-450f-b761-84a239d32397, command=[]} | ret=SUCCESS |  
2019-08-29 09:35:15,542 | INFO  | SCMAudit | user=jenkins1000 | ip=192.168.34.42 | op=SEND_HEARTBEAT {datanodeUUID=95e6fe0d-ba63-44f7-8a45-847da5452504, command=[]} | ret=SUCCESS |  
2019-08-29 09:35:15,544 | INFO  | SCMAudit | user=jenkins1000 | ip=192.168.34.42 | op=SEND_HEARTBEAT {datanodeUUID=f5a90a23-db6d-4122-980c-2c6f67b12274, command=[]} | ret=SUCCESS |  
2019-08-29 09:35:15,551 | INFO  | SCMAudit | user=jenkins1000 | ip=192.168.34.42 | op=SEND_HEARTBEAT {datanodeUUID=04dfc250-5117-40ee-9223-ddc31d2a7fac, command=[]} | ret=SUCCESS |  
2019-08-29 09:35:15,551 | INFO  | SCMAudit | user=jenkins1000 | ip=192.168.34.42 | op=SEND_HEARTBEAT {datanodeUUID=f5689991-66b6-42db-ba36-9ef251e0e30a, command=[]} | ret=SUCCESS |  
2019-08-29 09:35:15,625 [grpc-default-executor-0] INFO  client.GrpcClientProtocolClient (GrpcClientProtocolClient.java:onNext(255)) - client-E9E73D333C91->814b1e79-91cb-4747-afef-225b562b988f: receive RaftClientReply:client-E9E73D333C91->814b1e79-91cb-4747-afef-225b562b988f@group-38214EFEF1B1, cid=45, FAILED org.apache.ratis.protocol.NotLeaderException: Server 814b1e79-91cb-4747-afef-225b562b988f is not the leader (cffcff0f-2752-46f1-bb20-4150682c084f:192.168.34.42:36452). Request must be sent to leader., logIndex=0, commits[814b1e79-91cb-4747-afef-225b562b988f:c8, 6a76bae0-5bcd-450f-b761-84a239d32397:c8, cffcff0f-2752-46f1-bb20-4150682c084f:c8]
2019-08-29 09:35:16,096 | INFO  | SCMAudit | user=jenkins1000 | ip=192.168.34.42 | op=SEND_HEARTBEAT {datanodeUUID=cffcff0f-2752-46f1-bb20-4150682c084f, command=[]} | ret=SUCCESS |  
2019-08-29 09:35:16,125 | INFO  | SCMAudit | user=jenkins1000 | ip=192.168.34.42 | op=SEND_HEARTBEAT {datanodeUUID=814b1e79-91cb-4747-afef-225b562b988f, command=[]} | ret=SUCCESS |  
2019-08-29 09:35:16,128 | INFO  | SCMAudit | user=jenkins1000 | ip=192.168.34.42 | op=SEND_HEARTBEAT {datanodeUUID=6a76bae0-5bcd-450f-b761-84a239d32397, command=[]} | ret=SUCCESS |  
2019-08-29 09:35:16,543 | INFO  | SCMAudit | user=jenkins1000 | ip=192.168.34.42 | op=SEND_HEARTBEAT {datanodeUUID=95e6fe0d-ba63-44f7-8a45-847da5452504, command=[]} | ret=SUCCESS |  
2019-08-29 09:35:16,544 | INFO  | SCMAudit | user=jenkins1000 | ip=192.168.34.42 | op=SEND_HEARTBEAT {datanodeUUID=f5a90a23-db6d-4122-980c-2c6f67b12274, command=[]} | ret=SUCCESS |  
2019-08-29 09:35:16,550 | INFO  | SCMAudit | user=jenkins1000 | ip=192.168.34.42 | op=SEND_HEARTBEAT {datanodeUUID=04dfc250-5117-40ee-9223-ddc31d2a7fac, command=[]} | ret=SUCCESS |  
2019-08-29 09:35:16,551 | INFO  | SCMAudit | user=jenkins1000 | ip=192.168.34.42 | op=SEND_HEARTBEAT {datanodeUUID=f5689991-66b6-42db-ba36-9ef251e0e30a, command=[]} | ret=SUCCESS |  
2019-08-29 09:35:17,097 | INFO  | SCMAudit | user=jenkins1000 | ip=192.168.34.42 | op=SEND_HEARTBEAT {datanodeUUID=cffcff0f-2752-46f1-bb20-4150682c084f, command=[]} | ret=SUCCESS |  
2019-08-29 09:35:17,126 | INFO  | SCMAudit | user=jenkins1000 | ip=192.168.34.42 | op=SEND_HEARTBEAT {datanodeUUID=814b1e79-91cb-4747-afef-225b562b988f, command=[]} | ret=SUCCESS |  
2019-08-29 09:35:17,128 | INFO  | SCMAudit | user=jenkins1000 | ip=192.168.34.42 | op=SEND_HEARTBEAT {datanodeUUID=6a76bae0-5bcd-450f-b761-84a239d32397, command=[]} | ret=SUCCESS |  
2019-08-29 09:35:17,542 | INFO  | SCMAudit | user=jenkins1000 | ip=192.168.34.42 | op=SEND_HEARTBEAT {datanodeUUID=95e6fe0d-ba63-44f7-8a45-847da5452504, command=[]} | ret=SUCCESS |  
2019-08-29 09:35:17,544 | INFO  | SCMAudit | user=jenkins1000 | ip=192.168.34.42 | op=SEND_HEARTBEAT {datanodeUUID=f5a90a23-db6d-4122-980c-2c6f67b12274, command=[]} | ret=SUCCESS |  
2019-08-29 09:35:17,550 | INFO  | SCMAudit | user=jenkins1000 | ip=192.168.34.42 | op=SEND_HEARTBEAT {datanodeUUID=04dfc250-5117-40ee-9223-ddc31d2a7fac, command=[]} | ret=SUCCESS |  
2019-08-29 09:35:17,551 | INFO  | SCMAudit | user=jenkins1000 | ip=192.168.34.42 | op=SEND_HEARTBEAT {datanodeUUID=f5689991-66b6-42db-ba36-9ef251e0e30a, command=[]} | ret=SUCCESS |  
2019-08-29 09:35:18,096 | INFO  | SCMAudit | user=jenkins1000 | ip=192.168.34.42 | op=SEND_HEARTBEAT {datanodeUUID=cffcff0f-2752-46f1-bb20-4150682c084f, command=[]} | ret=SUCCESS |  
2019-08-29 09:35:18,126 | INFO  | SCMAudit | user=jenkins1000 | ip=192.168.34.42 | op=SEND_HEARTBEAT {datanodeUUID=814b1e79-91cb-4747-afef-225b562b988f, command=[]} | ret=SUCCESS |  
2019-08-29 09:35:18,128 | INFO  | SCMAudit | user=jenkins1000 | ip=192.168.34.42 | op=SEND_HEARTBEAT {datanodeUUID=6a76bae0-5bcd-450f-b761-84a239d32397, command=[]} | ret=SUCCESS |  
2019-08-29 09:35:18,542 | INFO  | SCMAudit | user=jenkins1000 | ip=192.168.34.42 | op=SEND_HEARTBEAT {datanodeUUID=95e6fe0d-ba63-44f7-8a45-847da5452504, command=[]} | ret=SUCCESS |  
2019-08-29 09:35:18,544 | INFO  | SCMAudit | user=jenkins1000 | ip=192.168.34.42 | op=SEND_HEARTBEAT {datanodeUUID=f5a90a23-db6d-4122-980c-2c6f67b12274, command=[]} | ret=SUCCESS |  
2019-08-29 09:35:18,550 | INFO  | SCMAudit | user=jenkins1000 | ip=192.168.34.42 | op=SEND_HEARTBEAT {datanodeUUID=04dfc250-5117-40ee-9223-ddc31d2a7fac, command=[]} | ret=SUCCESS |  
2019-08-29 09:35:18,551 | INFO  | SCMAudit | user=jenkins1000 | ip=192.168.34.42 | op=SEND_HEARTBEAT {datanodeUUID=f5689991-66b6-42db-ba36-9ef251e0e30a, command=[]} | ret=SUCCESS |  
2019-08-29 09:35:19,096 | INFO  | SCMAudit | user=jenkins1000 | ip=192.168.34.42 | op=SEND_HEARTBEAT {datanodeUUID=cffcff0f-2752-46f1-bb20-4150682c084f, command=[]} | ret=SUCCESS |  
2019-08-29 09:35:19,126 | INFO  | SCMAudit | user=jenkins1000 | ip=192.168.34.42 | op=SEND_HEARTBEAT {datanodeUUID=814b1e79-91cb-4747-afef-225b562b988f, command=[]} | ret=SUCCESS |  
2019-08-29 09:35:19,128 | INFO  | SCMAudit | user=jenkins1000 | ip=192.168.34.42 | op=SEND_HEARTBEAT {datanodeUUID=6a76bae0-5bcd-450f-b761-84a239d32397, command=[]} | ret=SUCCESS |  
2019-08-29 09:35:19,542 | INFO  | SCMAudit | user=jenkins1000 | ip=192.168.34.42 | op=SEND_HEARTBEAT {datanodeUUID=95e6fe0d-ba63-44f7-8a45-847da5452504, command=[]} | ret=SUCCESS |  
2019-08-29 09:35:19,543 | INFO  | SCMAudit | user=jenkins1000 | ip=192.168.34.42 | op=SEND_HEARTBEAT {datanodeUUID=f5a90a23-db6d-4122-980c-2c6f67b12274, command=[]} | ret=SUCCESS |  
2019-08-29 09:35:19,550 | INFO  | SCMAudit | user=jenkins1000 | ip=192.168.34.42 | op=SEND_HEARTBEAT {datanodeUUID=04dfc250-5117-40ee-9223-ddc31d2a7fac, command=[]} | ret=SUCCESS |  
2019-08-29 09:35:19,551 | INFO  | SCMAudit | user=jenkins1000 | ip=192.168.34.42 | op=SEND_HEARTBEAT {datanodeUUID=f5689991-66b6-42db-ba36-9ef251e0e30a, command=[]} | ret=SUCCESS |  
2019-08-29 09:35:20,097 | INFO  | SCMAudit | user=jenkins1000 | ip=192.168.34.42 | op=SEND_HEARTBEAT {datanodeUUID=cffcff0f-2752-46f1-bb20-4150682c084f, command=[]} | ret=SUCCESS |  
2019-08-29 09:35:20,126 | INFO  | SCMAudit | user=jenkins1000 | ip=192.168.34.42 | op=SEND_HEARTBEAT {datanodeUUID=814b1e79-91cb-4747-afef-225b562b988f, command=[]} | ret=SUCCESS |  
2019-08-29 09:35:20,128 | INFO  | SCMAudit | user=jenkins1000 | ip=192.168.34.42 | op=SEND_HEARTBEAT {datanodeUUID=6a76bae0-5bcd-450f-b761-84a239d32397, command=[]} | ret=SUCCESS |  
2019-08-29 09:35:20,543 | INFO  | SCMAudit | user=jenkins1000 | ip=192.168.34.42 | op=SEND_HEARTBEAT {datanodeUUID=95e6fe0d-ba63-44f7-8a45-847da5452504, command=[]} | ret=SUCCESS |  
2019-08-29 09:35:20,543 | INFO  | SCMAudit | user=jenkins1000 | ip=192.168.34.42 | op=SEND_HEARTBEAT {datanodeUUID=f5a90a23-db6d-4122-980c-2c6f67b12274, command=[]} | ret=SUCCESS |  
2019-08-29 09:35:20,550 | INFO  | SCMAudit | user=jenkins1000 | ip=192.168.34.42 | op=SEND_HEARTBEAT {datanodeUUID=04dfc250-5117-40ee-9223-ddc31d2a7fac, command=[]} | ret=SUCCESS |  
2019-08-29 09:35:20,551 | INFO  | SCMAudit | user=jenkins1000 | ip=192.168.34.42 | op=SEND_HEARTBEAT {datanodeUUID=f5689991-66b6-42db-ba36-9ef251e0e30a, command=[]} | ret=SUCCESS |  
2019-08-29 09:35:20,664 [grpc-default-executor-4] INFO  client.GrpcClientProtocolClient (GrpcClientProtocolClient.java:onNext(255)) - client-E9E73D333C91->814b1e79-91cb-4747-afef-225b562b988f: receive RaftClientReply:client-E9E73D333C91->814b1e79-91cb-4747-afef-225b562b988f@group-38214EFEF1B1, cid=45, FAILED org.apache.ratis.protocol.NotLeaderException: Server 814b1e79-91cb-4747-afef-225b562b988f is not the leader (cffcff0f-2752-46f1-bb20-4150682c084f:192.168.34.42:36452). Request must be sent to leader., logIndex=0, commits[814b1e79-91cb-4747-afef-225b562b988f:c8, 6a76bae0-5bcd-450f-b761-84a239d32397:c8, cffcff0f-2752-46f1-bb20-4150682c084f:c8]
2019-08-29 09:35:21,097 | INFO  | SCMAudit | user=jenkins1000 | ip=192.168.34.42 | op=SEND_HEARTBEAT {datanodeUUID=cffcff0f-2752-46f1-bb20-4150682c084f, command=[]} | ret=SUCCESS |  
2019-08-29 09:35:21,125 | INFO  | SCMAudit | user=jenkins1000 | ip=192.168.34.42 | op=SEND_HEARTBEAT {datanodeUUID=814b1e79-91cb-4747-afef-225b562b988f, command=[]} | ret=SUCCESS |  
2019-08-29 09:35:21,128 | INFO  | SCMAudit | user=jenkins1000 | ip=192.168.34.42 | op=SEND_HEARTBEAT {datanodeUUID=6a76bae0-5bcd-450f-b761-84a239d32397, command=[]} | ret=SUCCESS |  
2019-08-29 09:35:21,543 | INFO  | SCMAudit | user=jenkins1000 | ip=192.168.34.42 | op=SEND_HEARTBEAT {datanodeUUID=95e6fe0d-ba63-44f7-8a45-847da5452504, command=[]} | ret=SUCCESS |  
2019-08-29 09:35:21,543 | INFO  | SCMAudit | user=jenkins1000 | ip=192.168.34.42 | op=SEND_HEARTBEAT {datanodeUUID=f5a90a23-db6d-4122-980c-2c6f67b12274, command=[]} | ret=SUCCESS |  
2019-08-29 09:35:21,550 | INFO  | SCMAudit | user=jenkins1000 | ip=192.168.34.42 | op=SEND_HEARTBEAT {datanodeUUID=04dfc250-5117-40ee-9223-ddc31d2a7fac, command=[]} | ret=SUCCESS |  
2019-08-29 09:35:21,551 | INFO  | SCMAudit | user=jenkins1000 | ip=192.168.34.42 | op=SEND_HEARTBEAT {datanodeUUID=f5689991-66b6-42db-ba36-9ef251e0e30a, command=[]} | ret=SUCCESS |  
2019-08-29 09:35:22,097 | INFO  | SCMAudit | user=jenkins1000 | ip=192.168.34.42 | op=SEND_HEARTBEAT {datanodeUUID=cffcff0f-2752-46f1-bb20-4150682c084f, command=[]} | ret=SUCCESS |  
2019-08-29 09:35:22,126 | INFO  | SCMAudit | user=jenkins1000 | ip=192.168.34.42 | op=SEND_HEARTBEAT {datanodeUUID=814b1e79-91cb-4747-afef-225b562b988f, command=[]} | ret=SUCCESS |  
2019-08-29 09:35:22,129 | INFO  | SCMAudit | user=jenkins1000 | ip=192.168.34.42 | op=SEND_HEARTBEAT {datanodeUUID=6a76bae0-5bcd-450f-b761-84a239d32397, command=[]} | ret=SUCCESS |  
2019-08-29 09:35:22,542 | INFO  | SCMAudit | user=jenkins1000 | ip=192.168.34.42 | op=SEND_HEARTBEAT {datanodeUUID=95e6fe0d-ba63-44f7-8a45-847da5452504, command=[]} | ret=SUCCESS |  
2019-08-29 09:35:22,543 | INFO  | SCMAudit | user=jenkins1000 | ip=192.168.34.42 | op=SEND_HEARTBEAT {datanodeUUID=f5a90a23-db6d-4122-980c-2c6f67b12274, command=[]} | ret=SUCCESS |  
2019-08-29 09:35:22,551 | INFO  | SCMAudit | user=jenkins1000 | ip=192.168.34.42 | op=SEND_HEARTBEAT {datanodeUUID=04dfc250-5117-40ee-9223-ddc31d2a7fac, command=[]} | ret=SUCCESS |  
2019-08-29 09:35:22,551 | INFO  | SCMAudit | user=jenkins1000 | ip=192.168.34.42 | op=SEND_HEARTBEAT {datanodeUUID=f5689991-66b6-42db-ba36-9ef251e0e30a, command=[]} | ret=SUCCESS |  
2019-08-29 09:35:23,097 | INFO  | SCMAudit | user=jenkins1000 | ip=192.168.34.42 | op=SEND_HEARTBEAT {datanodeUUID=cffcff0f-2752-46f1-bb20-4150682c084f, command=[]} | ret=SUCCESS |  
2019-08-29 09:35:23,126 | INFO  | SCMAudit | user=jenkins1000 | ip=192.168.34.42 | op=SEND_HEARTBEAT {datanodeUUID=814b1e79-91cb-4747-afef-225b562b988f, command=[]} | ret=SUCCESS |  
2019-08-29 09:35:23,130 | INFO  | SCMAudit | user=jenkins1000 | ip=192.168.34.42 | op=SEND_HEARTBEAT {datanodeUUID=6a76bae0-5bcd-450f-b761-84a239d32397, command=[]} | ret=SUCCESS |  
2019-08-29 09:35:23,543 | INFO  | SCMAudit | user=jenkins1000 | ip=192.168.34.42 | op=SEND_HEARTBEAT {datanodeUUID=95e6fe0d-ba63-44f7-8a45-847da5452504, command=[]} | ret=SUCCESS |  
2019-08-29 09:35:23,543 | INFO  | SCMAudit | user=jenkins1000 | ip=192.168.34.42 | op=SEND_HEARTBEAT {datanodeUUID=f5a90a23-db6d-4122-980c-2c6f67b12274, command=[]} | ret=SUCCESS |  
2019-08-29 09:35:23,550 | INFO  | SCMAudit | user=jenkins1000 | ip=192.168.34.42 | op=SEND_HEARTBEAT {datanodeUUID=04dfc250-5117-40ee-9223-ddc31d2a7fac, command=[]} | ret=SUCCESS |  
2019-08-29 09:35:23,551 | INFO  | SCMAudit | user=jenkins1000 | ip=192.168.34.42 | op=SEND_HEARTBEAT {datanodeUUID=f5689991-66b6-42db-ba36-9ef251e0e30a, command=[]} | ret=SUCCESS |  
2019-08-29 09:35:24,097 | INFO  | SCMAudit | user=jenkins1000 | ip=192.168.34.42 | op=SEND_HEARTBEAT {datanodeUUID=cffcff0f-2752-46f1-bb20-4150682c084f, command=[]} | ret=SUCCESS |  
2019-08-29 09:35:24,126 | INFO  | SCMAudit | user=jenkins1000 | ip=192.168.34.42 | op=SEND_HEARTBEAT {datanodeUUID=814b1e79-91cb-4747-afef-225b562b988f, command=[]} | ret=SUCCESS |  
2019-08-29 09:35:24,130 | INFO  | SCMAudit | user=jenkins1000 | ip=192.168.34.42 | op=SEND_HEARTBEAT {datanodeUUID=6a76bae0-5bcd-450f-b761-84a239d32397, command=[]} | ret=SUCCESS |  
2019-08-29 09:35:24,543 | INFO  | SCMAudit | user=jenkins1000 | ip=192.168.34.42 | op=SEND_HEARTBEAT {datanodeUUID=95e6fe0d-ba63-44f7-8a45-847da5452504, command=[]} | ret=SUCCESS |  
2019-08-29 09:35:24,543 | INFO  | SCMAudit | user=jenkins1000 | ip=192.168.34.42 | op=SEND_HEARTBEAT {datanodeUUID=f5a90a23-db6d-4122-980c-2c6f67b12274, command=[]} | ret=SUCCESS |  
2019-08-29 09:35:24,550 | INFO  | SCMAudit | user=jenkins1000 | ip=192.168.34.42 | op=SEND_HEARTBEAT {datanodeUUID=04dfc250-5117-40ee-9223-ddc31d2a7fac, command=[]} | ret=SUCCESS |  
2019-08-29 09:35:24,551 | INFO  | SCMAudit | user=jenkins1000 | ip=192.168.34.42 | op=SEND_HEARTBEAT {datanodeUUID=f5689991-66b6-42db-ba36-9ef251e0e30a, command=[]} | ret=SUCCESS |  
2019-08-29 09:35:25,097 | INFO  | SCMAudit | user=jenkins1000 | ip=192.168.34.42 | op=SEND_HEARTBEAT {datanodeUUID=cffcff0f-2752-46f1-bb20-4150682c084f, command=[]} | ret=SUCCESS |  
2019-08-29 09:35:25,126 | INFO  | SCMAudit | user=jenkins1000 | ip=192.168.34.42 | op=SEND_HEARTBEAT {datanodeUUID=814b1e79-91cb-4747-afef-225b562b988f, command=[]} | ret=SUCCESS |  
2019-08-29 09:35:25,130 | INFO  | SCMAudit | user=jenkins1000 | ip=192.168.34.42 | op=SEND_HEARTBEAT {datanodeUUID=6a76bae0-5bcd-450f-b761-84a239d32397, command=[]} | ret=SUCCESS |  
2019-08-29 09:35:25,543 | INFO  | SCMAudit | user=jenkins1000 | ip=192.168.34.42 | op=SEND_HEARTBEAT {datanodeUUID=f5a90a23-db6d-4122-980c-2c6f67b12274, command=[]} | ret=SUCCESS |  
2019-08-29 09:35:25,543 | INFO  | SCMAudit | user=jenkins1000 | ip=192.168.34.42 | op=SEND_HEARTBEAT {datanodeUUID=95e6fe0d-ba63-44f7-8a45-847da5452504, command=[]} | ret=SUCCESS |  
2019-08-29 09:35:25,550 | INFO  | SCMAudit | user=jenkins1000 | ip=192.168.34.42 | op=SEND_HEARTBEAT {datanodeUUID=04dfc250-5117-40ee-9223-ddc31d2a7fac, command=[]} | ret=SUCCESS |  
2019-08-29 09:35:25,551 | INFO  | SCMAudit | user=jenkins1000 | ip=192.168.34.42 | op=SEND_HEARTBEAT {datanodeUUID=f5689991-66b6-42db-ba36-9ef251e0e30a, command=[]} | ret=SUCCESS |  
2019-08-29 09:35:25,700 [grpc-default-executor-0] INFO  client.GrpcClientProtocolClient (GrpcClientProtocolClient.java:onNext(255)) - client-E9E73D333C91->814b1e79-91cb-4747-afef-225b562b988f: receive RaftClientReply:client-E9E73D333C91->814b1e79-91cb-4747-afef-225b562b988f@group-38214EFEF1B1, cid=45, FAILED org.apache.ratis.protocol.NotLeaderException: Server 814b1e79-91cb-4747-afef-225b562b988f is not the leader (cffcff0f-2752-46f1-bb20-4150682c084f:192.168.34.42:36452). Request must be sent to leader., logIndex=0, commits[814b1e79-91cb-4747-afef-225b562b988f:c8, 6a76bae0-5bcd-450f-b761-84a239d32397:c8, cffcff0f-2752-46f1-bb20-4150682c084f:c8]
2019-08-29 09:35:26,097 | INFO  | SCMAudit | user=jenkins1000 | ip=192.168.34.42 | op=SEND_HEARTBEAT {datanodeUUID=cffcff0f-2752-46f1-bb20-4150682c084f, command=[]} | ret=SUCCESS |  
2019-08-29 09:35:26,126 | INFO  | SCMAudit | user=jenkins1000 | ip=192.168.34.42 | op=SEND_HEARTBEAT {datanodeUUID=814b1e79-91cb-4747-afef-225b562b988f, command=[]} | ret=SUCCESS |  
2019-08-29 09:35:26,130 | INFO  | SCMAudit | user=jenkins1000 | ip=192.168.34.42 | op=SEND_HEARTBEAT {datanodeUUID=6a76bae0-5bcd-450f-b761-84a239d32397, command=[]} | ret=SUCCESS |  
2019-08-29 09:35:26,543 | INFO  | SCMAudit | user=jenkins1000 | ip=192.168.34.42 | op=SEND_HEARTBEAT {datanodeUUID=95e6fe0d-ba63-44f7-8a45-847da5452504, command=[]} | ret=SUCCESS |  
2019-08-29 09:35:26,544 | INFO  | SCMAudit | user=jenkins1000 | ip=192.168.34.42 | op=SEND_HEARTBEAT {datanodeUUID=f5a90a23-db6d-4122-980c-2c6f67b12274, command=[]} | ret=SUCCESS |  
2019-08-29 09:35:26,550 | INFO  | SCMAudit | user=jenkins1000 | ip=192.168.34.42 | op=SEND_HEARTBEAT {datanodeUUID=04dfc250-5117-40ee-9223-ddc31d2a7fac, command=[]} | ret=SUCCESS |  
2019-08-29 09:35:26,551 | INFO  | SCMAudit | user=jenkins1000 | ip=192.168.34.42 | op=SEND_HEARTBEAT {datanodeUUID=f5689991-66b6-42db-ba36-9ef251e0e30a, command=[]} | ret=SUCCESS |  
2019-08-29 09:35:27,097 | INFO  | SCMAudit | user=jenkins1000 | ip=192.168.34.42 | op=SEND_HEARTBEAT {datanodeUUID=cffcff0f-2752-46f1-bb20-4150682c084f, command=[]} | ret=SUCCESS |  
2019-08-29 09:35:27,126 | INFO  | SCMAudit | user=jenkins1000 | ip=192.168.34.42 | op=SEND_HEARTBEAT {datanodeUUID=814b1e79-91cb-4747-afef-225b562b988f, command=[]} | ret=SUCCESS |  
2019-08-29 09:35:27,130 | INFO  | SCMAudit | user=jenkins1000 | ip=192.168.34.42 | op=SEND_HEARTBEAT {datanodeUUID=6a76bae0-5bcd-450f-b761-84a239d32397, command=[]} | ret=SUCCESS |  
2019-08-29 09:35:27,544 | INFO  | SCMAudit | user=jenkins1000 | ip=192.168.34.42 | op=SEND_HEARTBEAT {datanodeUUID=95e6fe0d-ba63-44f7-8a45-847da5452504, command=[]} | ret=SUCCESS |  
2019-08-29 09:35:27,544 | INFO  | SCMAudit | user=jenkins1000 | ip=192.168.34.42 | op=SEND_HEARTBEAT {datanodeUUID=f5a90a23-db6d-4122-980c-2c6f67b12274, command=[]} | ret=SUCCESS |  
2019-08-29 09:35:27,550 | INFO  | SCMAudit | user=jenkins1000 | ip=192.168.34.42 | op=SEND_HEARTBEAT {datanodeUUID=04dfc250-5117-40ee-9223-ddc31d2a7fac, command=[]} | ret=SUCCESS |  
2019-08-29 09:35:27,551 | INFO  | SCMAudit | user=jenkins1000 | ip=192.168.34.42 | op=SEND_HEARTBEAT {datanodeUUID=f5689991-66b6-42db-ba36-9ef251e0e30a, command=[]} | ret=SUCCESS |  
2019-08-29 09:35:28,098 | INFO  | SCMAudit | user=jenkins1000 | ip=192.168.34.42 | op=SEND_HEARTBEAT {datanodeUUID=cffcff0f-2752-46f1-bb20-4150682c084f, command=[]} | ret=SUCCESS |  
2019-08-29 09:35:28,126 | INFO  | SCMAudit | user=jenkins1000 | ip=192.168.34.42 | op=SEND_HEARTBEAT {datanodeUUID=814b1e79-91cb-4747-afef-225b562b988f, command=[]} | ret=SUCCESS |  
2019-08-29 09:35:28,130 | INFO  | SCMAudit | user=jenkins1000 | ip=192.168.34.42 | op=SEND_HEARTBEAT {datanodeUUID=6a76bae0-5bcd-450f-b761-84a239d32397, command=[]} | ret=SUCCESS |  
2019-08-29 09:35:28,543 | INFO  | SCMAudit | user=jenkins1000 | ip=192.168.34.42 | op=SEND_HEARTBEAT {datanodeUUID=f5a90a23-db6d-4122-980c-2c6f67b12274, command=[]} | ret=SUCCESS |  
2019-08-29 09:35:28,543 | INFO  | SCMAudit | user=jenkins1000 | ip=192.168.34.42 | op=SEND_HEARTBEAT {datanodeUUID=95e6fe0d-ba63-44f7-8a45-847da5452504, command=[]} | ret=SUCCESS |  
2019-08-29 09:35:28,550 | INFO  | SCMAudit | user=jenkins1000 | ip=192.168.34.42 | op=SEND_HEARTBEAT {datanodeUUID=04dfc250-5117-40ee-9223-ddc31d2a7fac, command=[]} | ret=SUCCESS |  
2019-08-29 09:35:28,551 | INFO  | SCMAudit | user=jenkins1000 | ip=192.168.34.42 | op=SEND_HEARTBEAT {datanodeUUID=f5689991-66b6-42db-ba36-9ef251e0e30a, command=[]} | ret=SUCCESS |  
2019-08-29 09:35:29,098 | INFO  | SCMAudit | user=jenkins1000 | ip=192.168.34.42 | op=SEND_HEARTBEAT {datanodeUUID=cffcff0f-2752-46f1-bb20-4150682c084f, command=[]} | ret=SUCCESS |  
2019-08-29 09:35:29,127 | INFO  | SCMAudit | user=jenkins1000 | ip=192.168.34.42 | op=SEND_HEARTBEAT {datanodeUUID=814b1e79-91cb-4747-afef-225b562b988f, command=[]} | ret=SUCCESS |  
2019-08-29 09:35:29,130 | INFO  | SCMAudit | user=jenkins1000 | ip=192.168.34.42 | op=SEND_HEARTBEAT {datanodeUUID=6a76bae0-5bcd-450f-b761-84a239d32397, command=[]} | ret=SUCCESS |  
2019-08-29 09:35:29,544 | INFO  | SCMAudit | user=jenkins1000 | ip=192.168.34.42 | op=SEND_HEARTBEAT {datanodeUUID=f5a90a23-db6d-4122-980c-2c6f67b12274, command=[]} | ret=SUCCESS |  
2019-08-29 09:35:29,544 | INFO  | SCMAudit | user=jenkins1000 | ip=192.168.34.42 | op=SEND_HEARTBEAT {datanodeUUID=95e6fe0d-ba63-44f7-8a45-847da5452504, command=[]} | ret=SUCCESS |  
2019-08-29 09:35:29,550 | INFO  | SCMAudit | user=jenkins1000 | ip=192.168.34.42 | op=SEND_HEARTBEAT {datanodeUUID=04dfc250-5117-40ee-9223-ddc31d2a7fac, command=[]} | ret=SUCCESS |  
2019-08-29 09:35:29,552 | INFO  | SCMAudit | user=jenkins1000 | ip=192.168.34.42 | op=SEND_HEARTBEAT {datanodeUUID=f5689991-66b6-42db-ba36-9ef251e0e30a, command=[]} | ret=SUCCESS |  
2019-08-29 09:35:30,098 | INFO  | SCMAudit | user=jenkins1000 | ip=192.168.34.42 | op=SEND_HEARTBEAT {datanodeUUID=cffcff0f-2752-46f1-bb20-4150682c084f, command=[]} | ret=SUCCESS |  
2019-08-29 09:35:30,127 | INFO  | SCMAudit | user=jenkins1000 | ip=192.168.34.42 | op=SEND_HEARTBEAT {datanodeUUID=814b1e79-91cb-4747-afef-225b562b988f, command=[]} | ret=SUCCESS |  
2019-08-29 09:35:30,130 | INFO  | SCMAudit | user=jenkins1000 | ip=192.168.34.42 | op=SEND_HEARTBEAT {datanodeUUID=6a76bae0-5bcd-450f-b761-84a239d32397, command=[]} | ret=SUCCESS |  
2019-08-29 09:35:30,544 | INFO  | SCMAudit | user=jenkins1000 | ip=192.168.34.42 | op=SEND_HEARTBEAT {datanodeUUID=95e6fe0d-ba63-44f7-8a45-847da5452504, command=[]} | ret=SUCCESS |  
2019-08-29 09:35:30,544 | INFO  | SCMAudit | user=jenkins1000 | ip=192.168.34.42 | op=SEND_HEARTBEAT {datanodeUUID=f5a90a23-db6d-4122-980c-2c6f67b12274, command=[]} | ret=SUCCESS |  
2019-08-29 09:35:30,550 | INFO  | SCMAudit | user=jenkins1000 | ip=192.168.34.42 | op=SEND_HEARTBEAT {datanodeUUID=04dfc250-5117-40ee-9223-ddc31d2a7fac, command=[]} | ret=SUCCESS |  
2019-08-29 09:35:30,552 | INFO  | SCMAudit | user=jenkins1000 | ip=192.168.34.42 | op=SEND_HEARTBEAT {datanodeUUID=f5689991-66b6-42db-ba36-9ef251e0e30a, command=[]} | ret=SUCCESS |  
2019-08-29 09:35:30,734 [grpc-default-executor-4] INFO  client.GrpcClientProtocolClient (GrpcClientProtocolClient.java:onNext(255)) - client-E9E73D333C91->6a76bae0-5bcd-450f-b761-84a239d32397: receive RaftClientReply:client-E9E73D333C91->6a76bae0-5bcd-450f-b761-84a239d32397@group-38214EFEF1B1, cid=45, FAILED org.apache.ratis.protocol.NotLeaderException: Server 6a76bae0-5bcd-450f-b761-84a239d32397 is not the leader (cffcff0f-2752-46f1-bb20-4150682c084f:192.168.34.42:36452). Request must be sent to leader., logIndex=0, commits[6a76bae0-5bcd-450f-b761-84a239d32397:c8, 814b1e79-91cb-4747-afef-225b562b988f:c8, cffcff0f-2752-46f1-bb20-4150682c084f:c8]
2019-08-29 09:35:31,276 | INFO  | SCMAudit | user=jenkins1000 | ip=192.168.34.42 | op=SEND_HEARTBEAT {datanodeUUID=cffcff0f-2752-46f1-bb20-4150682c084f, command=[]} | ret=SUCCESS |  
2019-08-29 09:35:31,276 | INFO  | SCMAudit | user=jenkins1000 | ip=192.168.34.42 | op=SEND_HEARTBEAT {datanodeUUID=814b1e79-91cb-4747-afef-225b562b988f, command=[]} | ret=SUCCESS |  
2019-08-29 09:35:31,276 | INFO  | SCMAudit | user=jenkins1000 | ip=192.168.34.42 | op=SEND_HEARTBEAT {datanodeUUID=6a76bae0-5bcd-450f-b761-84a239d32397, command=[]} | ret=SUCCESS |  
2019-08-29 09:35:31,543 | INFO  | SCMAudit | user=jenkins1000 | ip=192.168.34.42 | op=SEND_HEARTBEAT {datanodeUUID=95e6fe0d-ba63-44f7-8a45-847da5452504, command=[]} | ret=SUCCESS |  
2019-08-29 09:35:31,543 | INFO  | SCMAudit | user=jenkins1000 | ip=192.168.34.42 | op=SEND_HEARTBEAT {datanodeUUID=f5a90a23-db6d-4122-980c-2c6f67b12274, command=[]} | ret=SUCCESS |  
2019-08-29 09:35:31,550 | INFO  | SCMAudit | user=jenkins1000 | ip=192.168.34.42 | op=SEND_HEARTBEAT {datanodeUUID=04dfc250-5117-40ee-9223-ddc31d2a7fac, command=[]} | ret=SUCCESS |  
2019-08-29 09:35:31,552 | INFO  | SCMAudit | user=jenkins1000 | ip=192.168.34.42 | op=SEND_HEARTBEAT {datanodeUUID=f5689991-66b6-42db-ba36-9ef251e0e30a, command=[]} | ret=SUCCESS |  
2019-08-29 09:35:32,099 | INFO  | SCMAudit | user=jenkins1000 | ip=192.168.34.42 | op=SEND_HEARTBEAT {datanodeUUID=cffcff0f-2752-46f1-bb20-4150682c084f, command=[]} | ret=SUCCESS |  
2019-08-29 09:35:32,127 | INFO  | SCMAudit | user=jenkins1000 | ip=192.168.34.42 | op=SEND_HEARTBEAT {datanodeUUID=814b1e79-91cb-4747-afef-225b562b988f, command=[]} | ret=SUCCESS |  
2019-08-29 09:35:32,130 | INFO  | SCMAudit | user=jenkins1000 | ip=192.168.34.42 | op=SEND_HEARTBEAT {datanodeUUID=6a76bae0-5bcd-450f-b761-84a239d32397, command=[]} | ret=SUCCESS |  
2019-08-29 09:35:32,544 | INFO  | SCMAudit | user=jenkins1000 | ip=192.168.34.42 | op=SEND_HEARTBEAT {datanodeUUID=f5a90a23-db6d-4122-980c-2c6f67b12274, command=[]} | ret=SUCCESS |  
2019-08-29 09:35:32,544 | INFO  | SCMAudit | user=jenkins1000 | ip=192.168.34.42 | op=SEND_HEARTBEAT {datanodeUUID=95e6fe0d-ba63-44f7-8a45-847da5452504, command=[]} | ret=SUCCESS |  
2019-08-29 09:35:32,550 | INFO  | SCMAudit | user=jenkins1000 | ip=192.168.34.42 | op=SEND_HEARTBEAT {datanodeUUID=04dfc250-5117-40ee-9223-ddc31d2a7fac, command=[]} | ret=SUCCESS |  
2019-08-29 09:35:32,552 | INFO  | SCMAudit | user=jenkins1000 | ip=192.168.34.42 | op=SEND_HEARTBEAT {datanodeUUID=f5689991-66b6-42db-ba36-9ef251e0e30a, command=[]} | ret=SUCCESS |  
2019-08-29 09:35:33,099 | INFO  | SCMAudit | user=jenkins1000 | ip=192.168.34.42 | op=SEND_HEARTBEAT {datanodeUUID=cffcff0f-2752-46f1-bb20-4150682c084f, command=[]} | ret=SUCCESS |  
2019-08-29 09:35:33,126 | INFO  | SCMAudit | user=jenkins1000 | ip=192.168.34.42 | op=SEND_HEARTBEAT {datanodeUUID=814b1e79-91cb-4747-afef-225b562b988f, command=[]} | ret=SUCCESS |  
2019-08-29 09:35:33,130 | INFO  | SCMAudit | user=jenkins1000 | ip=192.168.34.42 | op=SEND_HEARTBEAT {datanodeUUID=6a76bae0-5bcd-450f-b761-84a239d32397, command=[]} | ret=SUCCESS |  
2019-08-29 09:35:33,544 | INFO  | SCMAudit | user=jenkins1000 | ip=192.168.34.42 | op=SEND_HEARTBEAT {datanodeUUID=f5a90a23-db6d-4122-980c-2c6f67b12274, command=[]} | ret=SUCCESS |  
2019-08-29 09:35:33,544 | INFO  | SCMAudit | user=jenkins1000 | ip=192.168.34.42 | op=SEND_HEARTBEAT {datanodeUUID=95e6fe0d-ba63-44f7-8a45-847da5452504, command=[]} | ret=SUCCESS |  
2019-08-29 09:35:33,550 | INFO  | SCMAudit | user=jenkins1000 | ip=192.168.34.42 | op=SEND_HEARTBEAT {datanodeUUID=04dfc250-5117-40ee-9223-ddc31d2a7fac, command=[]} | ret=SUCCESS |  
2019-08-29 09:35:33,555 | INFO  | SCMAudit | user=jenkins1000 | ip=192.168.34.42 | op=SEND_HEARTBEAT {datanodeUUID=f5689991-66b6-42db-ba36-9ef251e0e30a, command=[]} | ret=SUCCESS |  
2019-08-29 09:35:34,100 | INFO  | SCMAudit | user=jenkins1000 | ip=192.168.34.42 | op=SEND_HEARTBEAT {datanodeUUID=cffcff0f-2752-46f1-bb20-4150682c084f, command=[]} | ret=SUCCESS |  
2019-08-29 09:35:34,126 | INFO  | SCMAudit | user=jenkins1000 | ip=192.168.34.42 | op=SEND_HEARTBEAT {datanodeUUID=814b1e79-91cb-4747-afef-225b562b988f, command=[]} | ret=SUCCESS |  
2019-08-29 09:35:34,130 | INFO  | SCMAudit | user=jenkins1000 | ip=192.168.34.42 | op=SEND_HEARTBEAT {datanodeUUID=6a76bae0-5bcd-450f-b761-84a239d32397, command=[]} | ret=SUCCESS |  
2019-08-29 09:35:34,544 | INFO  | SCMAudit | user=jenkins1000 | ip=192.168.34.42 | op=SEND_HEARTBEAT {datanodeUUID=95e6fe0d-ba63-44f7-8a45-847da5452504, command=[]} | ret=SUCCESS |  
2019-08-29 09:35:34,544 | INFO  | SCMAudit | user=jenkins1000 | ip=192.168.34.42 | op=SEND_HEARTBEAT {datanodeUUID=f5a90a23-db6d-4122-980c-2c6f67b12274, command=[]} | ret=SUCCESS |  
2019-08-29 09:35:34,551 | INFO  | SCMAudit | user=jenkins1000 | ip=192.168.34.42 | op=SEND_HEARTBEAT {datanodeUUID=04dfc250-5117-40ee-9223-ddc31d2a7fac, command=[]} | ret=SUCCESS |  
2019-08-29 09:35:34,552 | INFO  | SCMAudit | user=jenkins1000 | ip=192.168.34.42 | op=SEND_HEARTBEAT {datanodeUUID=f5689991-66b6-42db-ba36-9ef251e0e30a, command=[]} | ret=SUCCESS |  
2019-08-29 09:35:35,100 | INFO  | SCMAudit | user=jenkins1000 | ip=192.168.34.42 | op=SEND_HEARTBEAT {datanodeUUID=cffcff0f-2752-46f1-bb20-4150682c084f, command=[]} | ret=SUCCESS |  
2019-08-29 09:35:35,126 | INFO  | SCMAudit | user=jenkins1000 | ip=192.168.34.42 | op=SEND_HEARTBEAT {datanodeUUID=814b1e79-91cb-4747-afef-225b562b988f, command=[]} | ret=SUCCESS |  
2019-08-29 09:35:35,131 | INFO  | SCMAudit | user=jenkins1000 | ip=192.168.34.42 | op=SEND_HEARTBEAT {datanodeUUID=6a76bae0-5bcd-450f-b761-84a239d32397, command=[]} | ret=SUCCESS |  
2019-08-29 09:35:35,544 | INFO  | SCMAudit | user=jenkins1000 | ip=192.168.34.42 | op=SEND_HEARTBEAT {datanodeUUID=95e6fe0d-ba63-44f7-8a45-847da5452504, command=[]} | ret=SUCCESS |  
2019-08-29 09:35:35,544 | INFO  | SCMAudit | user=jenkins1000 | ip=192.168.34.42 | op=SEND_HEARTBEAT {datanodeUUID=f5a90a23-db6d-4122-980c-2c6f67b12274, command=[]} | ret=SUCCESS |  
2019-08-29 09:35:35,552 | INFO  | SCMAudit | user=jenkins1000 | ip=192.168.34.42 | op=SEND_HEARTBEAT {datanodeUUID=04dfc250-5117-40ee-9223-ddc31d2a7fac, command=[]} | ret=SUCCESS |  
2019-08-29 09:35:35,552 | INFO  | SCMAudit | user=jenkins1000 | ip=192.168.34.42 | op=SEND_HEARTBEAT {datanodeUUID=f5689991-66b6-42db-ba36-9ef251e0e30a, command=[]} | ret=SUCCESS |  
2019-08-29 09:35:35,768 [grpc-default-executor-0] INFO  client.GrpcClientProtocolClient (GrpcClientProtocolClient.java:onNext(255)) - client-E9E73D333C91->6a76bae0-5bcd-450f-b761-84a239d32397: receive RaftClientReply:client-E9E73D333C91->6a76bae0-5bcd-450f-b761-84a239d32397@group-38214EFEF1B1, cid=45, FAILED org.apache.ratis.protocol.NotLeaderException: Server 6a76bae0-5bcd-450f-b761-84a239d32397 is not the leader (cffcff0f-2752-46f1-bb20-4150682c084f:192.168.34.42:36452). Request must be sent to leader., logIndex=0, commits[6a76bae0-5bcd-450f-b761-84a239d32397:c8, 814b1e79-91cb-4747-afef-225b562b988f:c8, cffcff0f-2752-46f1-bb20-4150682c084f:c8]
2019-08-29 09:35:36,099 | INFO  | SCMAudit | user=jenkins1000 | ip=192.168.34.42 | op=SEND_HEARTBEAT {datanodeUUID=cffcff0f-2752-46f1-bb20-4150682c084f, command=[]} | ret=SUCCESS |  
2019-08-29 09:35:36,126 | INFO  | SCMAudit | user=jenkins1000 | ip=192.168.34.42 | op=SEND_HEARTBEAT {datanodeUUID=814b1e79-91cb-4747-afef-225b562b988f, command=[]} | ret=SUCCESS |  
2019-08-29 09:35:36,131 | INFO  | SCMAudit | user=jenkins1000 | ip=192.168.34.42 | op=SEND_HEARTBEAT {datanodeUUID=6a76bae0-5bcd-450f-b761-84a239d32397, command=[]} | ret=SUCCESS |  
2019-08-29 09:35:36,543 | INFO  | SCMAudit | user=jenkins1000 | ip=192.168.34.42 | op=SEND_HEARTBEAT {datanodeUUID=95e6fe0d-ba63-44f7-8a45-847da5452504, command=[]} | ret=SUCCESS |  
2019-08-29 09:35:36,544 | INFO  | SCMAudit | user=jenkins1000 | ip=192.168.34.42 | op=SEND_HEARTBEAT {datanodeUUID=f5a90a23-db6d-4122-980c-2c6f67b12274, command=[]} | ret=SUCCESS |  
2019-08-29 09:35:36,552 | INFO  | SCMAudit | user=jenkins1000 | ip=192.168.34.42 | op=SEND_HEARTBEAT {datanodeUUID=f5689991-66b6-42db-ba36-9ef251e0e30a, command=[]} | ret=SUCCESS |  
2019-08-29 09:35:36,552 | INFO  | SCMAudit | user=jenkins1000 | ip=192.168.34.42 | op=SEND_HEARTBEAT {datanodeUUID=04dfc250-5117-40ee-9223-ddc31d2a7fac, command=[]} | ret=SUCCESS |  
2019-08-29 09:35:37,100 | INFO  | SCMAudit | user=jenkins1000 | ip=192.168.34.42 | op=SEND_HEARTBEAT {datanodeUUID=cffcff0f-2752-46f1-bb20-4150682c084f, command=[]} | ret=SUCCESS |  
2019-08-29 09:35:37,126 | INFO  | SCMAudit | user=jenkins1000 | ip=192.168.34.42 | op=SEND_HEARTBEAT {datanodeUUID=814b1e79-91cb-4747-afef-225b562b988f, command=[]} | ret=SUCCESS |  
2019-08-29 09:35:37,131 | INFO  | SCMAudit | user=jenkins1000 | ip=192.168.34.42 | op=SEND_HEARTBEAT {datanodeUUID=6a76bae0-5bcd-450f-b761-84a239d32397, command=[]} | ret=SUCCESS |  
2019-08-29 09:35:37,544 | INFO  | SCMAudit | user=jenkins1000 | ip=192.168.34.42 | op=SEND_HEARTBEAT {datanodeUUID=95e6fe0d-ba63-44f7-8a45-847da5452504, command=[]} | ret=SUCCESS |  
2019-08-29 09:35:37,544 | INFO  | SCMAudit | user=jenkins1000 | ip=192.168.34.42 | op=SEND_HEARTBEAT {datanodeUUID=f5a90a23-db6d-4122-980c-2c6f67b12274, command=[]} | ret=SUCCESS |  
2019-08-29 09:35:37,552 | INFO  | SCMAudit | user=jenkins1000 | ip=192.168.34.42 | op=SEND_HEARTBEAT {datanodeUUID=f5689991-66b6-42db-ba36-9ef251e0e30a, command=[]} | ret=SUCCESS |  
2019-08-29 09:35:37,552 | INFO  | SCMAudit | user=jenkins1000 | ip=192.168.34.42 | op=SEND_HEARTBEAT {datanodeUUID=04dfc250-5117-40ee-9223-ddc31d2a7fac, command=[]} | ret=SUCCESS |  
2019-08-29 09:35:38,100 | INFO  | SCMAudit | user=jenkins1000 | ip=192.168.34.42 | op=SEND_HEARTBEAT {datanodeUUID=cffcff0f-2752-46f1-bb20-4150682c084f, command=[]} | ret=SUCCESS |  
2019-08-29 09:35:38,126 | INFO  | SCMAudit | user=jenkins1000 | ip=192.168.34.42 | op=SEND_HEARTBEAT {datanodeUUID=814b1e79-91cb-4747-afef-225b562b988f, command=[]} | ret=SUCCESS |  
2019-08-29 09:35:38,131 | INFO  | SCMAudit | user=jenkins1000 | ip=192.168.34.42 | op=SEND_HEARTBEAT {datanodeUUID=6a76bae0-5bcd-450f-b761-84a239d32397, command=[]} | ret=SUCCESS |  
2019-08-29 09:35:38,543 | INFO  | SCMAudit | user=jenkins1000 | ip=192.168.34.42 | op=SEND_HEARTBEAT {datanodeUUID=95e6fe0d-ba63-44f7-8a45-847da5452504, command=[]} | ret=SUCCESS |  
2019-08-29 09:35:38,544 | INFO  | SCMAudit | user=jenkins1000 | ip=192.168.34.42 | op=SEND_HEARTBEAT {datanodeUUID=f5a90a23-db6d-4122-980c-2c6f67b12274, command=[]} | ret=SUCCESS |  
2019-08-29 09:35:38,555 | INFO  | SCMAudit | user=jenkins1000 | ip=192.168.34.42 | op=SEND_HEARTBEAT {datanodeUUID=04dfc250-5117-40ee-9223-ddc31d2a7fac, command=[]} | ret=SUCCESS |  
2019-08-29 09:35:38,556 | INFO  | SCMAudit | user=jenkins1000 | ip=192.168.34.42 | op=SEND_HEARTBEAT {datanodeUUID=f5689991-66b6-42db-ba36-9ef251e0e30a, command=[]} | ret=SUCCESS |  
2019-08-29 09:35:39,100 | INFO  | SCMAudit | user=jenkins1000 | ip=192.168.34.42 | op=SEND_HEARTBEAT {datanodeUUID=cffcff0f-2752-46f1-bb20-4150682c084f, command=[]} | ret=SUCCESS |  
2019-08-29 09:35:39,127 | INFO  | SCMAudit | user=jenkins1000 | ip=192.168.34.42 | op=SEND_HEARTBEAT {datanodeUUID=814b1e79-91cb-4747-afef-225b562b988f, command=[]} | ret=SUCCESS |  
2019-08-29 09:35:39,131 | INFO  | SCMAudit | user=jenkins1000 | ip=192.168.34.42 | op=SEND_HEARTBEAT {datanodeUUID=6a76bae0-5bcd-450f-b761-84a239d32397, command=[]} | ret=SUCCESS |  
2019-08-29 09:35:39,544 | INFO  | SCMAudit | user=jenkins1000 | ip=192.168.34.42 | op=SEND_HEARTBEAT {datanodeUUID=95e6fe0d-ba63-44f7-8a45-847da5452504, command=[]} | ret=SUCCESS |  
2019-08-29 09:35:39,544 | INFO  | SCMAudit | user=jenkins1000 | ip=192.168.34.42 | op=SEND_HEARTBEAT {datanodeUUID=f5a90a23-db6d-4122-980c-2c6f67b12274, command=[]} | ret=SUCCESS |  
2019-08-29 09:35:39,552 | INFO  | SCMAudit | user=jenkins1000 | ip=192.168.34.42 | op=SEND_HEARTBEAT {datanodeUUID=04dfc250-5117-40ee-9223-ddc31d2a7fac, command=[]} | ret=SUCCESS |  
2019-08-29 09:35:39,554 | INFO  | SCMAudit | user=jenkins1000 | ip=192.168.34.42 | op=SEND_HEARTBEAT {datanodeUUID=f5689991-66b6-42db-ba36-9ef251e0e30a, command=[]} | ret=SUCCESS |  
2019-08-29 09:35:40,100 | INFO  | SCMAudit | user=jenkins1000 | ip=192.168.34.42 | op=SEND_HEARTBEAT {datanodeUUID=cffcff0f-2752-46f1-bb20-4150682c084f, command=[]} | ret=SUCCESS |  
2019-08-29 09:35:40,127 | INFO  | SCMAudit | user=jenkins1000 | ip=192.168.34.42 | op=SEND_HEARTBEAT {datanodeUUID=814b1e79-91cb-4747-afef-225b562b988f, command=[]} | ret=SUCCESS |  
2019-08-29 09:35:40,131 | INFO  | SCMAudit | user=jenkins1000 | ip=192.168.34.42 | op=SEND_HEARTBEAT {datanodeUUID=6a76bae0-5bcd-450f-b761-84a239d32397, command=[]} | ret=SUCCESS |  
2019-08-29 09:35:40,544 | INFO  | SCMAudit | user=jenkins1000 | ip=192.168.34.42 | op=SEND_HEARTBEAT {datanodeUUID=95e6fe0d-ba63-44f7-8a45-847da5452504, command=[]} | ret=SUCCESS |  
2019-08-29 09:35:40,544 | INFO  | SCMAudit | user=jenkins1000 | ip=192.168.34.42 | op=SEND_HEARTBEAT {datanodeUUID=f5a90a23-db6d-4122-980c-2c6f67b12274, command=[]} | ret=SUCCESS |  
2019-08-29 09:35:40,553 | INFO  | SCMAudit | user=jenkins1000 | ip=192.168.34.42 | op=SEND_HEARTBEAT {datanodeUUID=04dfc250-5117-40ee-9223-ddc31d2a7fac, command=[]} | ret=SUCCESS |  
2019-08-29 09:35:40,554 | INFO  | SCMAudit | user=jenkins1000 | ip=192.168.34.42 | op=SEND_HEARTBEAT {datanodeUUID=f5689991-66b6-42db-ba36-9ef251e0e30a, command=[]} | ret=SUCCESS |  
2019-08-29 09:35:40,808 [grpc-default-executor-4] INFO  client.GrpcClientProtocolClient (GrpcClientProtocolClient.java:onNext(255)) - client-E9E73D333C91->6a76bae0-5bcd-450f-b761-84a239d32397: receive RaftClientReply:client-E9E73D333C91->6a76bae0-5bcd-450f-b761-84a239d32397@group-38214EFEF1B1, cid=45, FAILED org.apache.ratis.protocol.NotLeaderException: Server 6a76bae0-5bcd-450f-b761-84a239d32397 is not the leader (cffcff0f-2752-46f1-bb20-4150682c084f:192.168.34.42:36452). Request must be sent to leader., logIndex=0, commits[6a76bae0-5bcd-450f-b761-84a239d32397:c8, 814b1e79-91cb-4747-afef-225b562b988f:c8, cffcff0f-2752-46f1-bb20-4150682c084f:c8]
2019-08-29 09:35:41,100 | INFO  | SCMAudit | user=jenkins1000 | ip=192.168.34.42 | op=SEND_HEARTBEAT {datanodeUUID=cffcff0f-2752-46f1-bb20-4150682c084f, command=[]} | ret=SUCCESS |  
2019-08-29 09:35:41,127 | INFO  | SCMAudit | user=jenkins1000 | ip=192.168.34.42 | op=SEND_HEARTBEAT {datanodeUUID=814b1e79-91cb-4747-afef-225b562b988f, command=[]} | ret=SUCCESS |  
2019-08-29 09:35:41,131 | INFO  | SCMAudit | user=jenkins1000 | ip=192.168.34.42 | op=SEND_HEARTBEAT {datanodeUUID=6a76bae0-5bcd-450f-b761-84a239d32397, command=[]} | ret=SUCCESS |  
2019-08-29 09:35:41,544 | INFO  | SCMAudit | user=jenkins1000 | ip=192.168.34.42 | op=SEND_HEARTBEAT {datanodeUUID=f5a90a23-db6d-4122-980c-2c6f67b12274, command=[]} | ret=SUCCESS |  
2019-08-29 09:35:41,544 | INFO  | SCMAudit | user=jenkins1000 | ip=192.168.34.42 | op=SEND_HEARTBEAT {datanodeUUID=95e6fe0d-ba63-44f7-8a45-847da5452504, command=[]} | ret=SUCCESS |  
2019-08-29 09:35:41,554 | INFO  | SCMAudit | user=jenkins1000 | ip=192.168.34.42 | op=SEND_HEARTBEAT {datanodeUUID=04dfc250-5117-40ee-9223-ddc31d2a7fac, command=[]} | ret=SUCCESS |  
2019-08-29 09:35:41,554 | INFO  | SCMAudit | user=jenkins1000 | ip=192.168.34.42 | op=SEND_HEARTBEAT {datanodeUUID=f5689991-66b6-42db-ba36-9ef251e0e30a, command=[]} | ret=SUCCESS |  
2019-08-29 09:35:42,101 | INFO  | SCMAudit | user=jenkins1000 | ip=192.168.34.42 | op=SEND_HEARTBEAT {datanodeUUID=cffcff0f-2752-46f1-bb20-4150682c084f, command=[]} | ret=SUCCESS |  
2019-08-29 09:35:42,128 | INFO  | SCMAudit | user=jenkins1000 | ip=192.168.34.42 | op=SEND_HEARTBEAT {datanodeUUID=814b1e79-91cb-4747-afef-225b562b988f, command=[]} | ret=SUCCESS |  
2019-08-29 09:35:42,131 | INFO  | SCMAudit | user=jenkins1000 | ip=192.168.34.42 | op=SEND_HEARTBEAT {datanodeUUID=6a76bae0-5bcd-450f-b761-84a239d32397, command=[]} | ret=SUCCESS |  
2019-08-29 09:35:42,545 | INFO  | SCMAudit | user=jenkins1000 | ip=192.168.34.42 | op=SEND_HEARTBEAT {datanodeUUID=f5a90a23-db6d-4122-980c-2c6f67b12274, command=[]} | ret=SUCCESS |  
2019-08-29 09:35:42,545 | INFO  | SCMAudit | user=jenkins1000 | ip=192.168.34.42 | op=SEND_HEARTBEAT {datanodeUUID=95e6fe0d-ba63-44f7-8a45-847da5452504, command=[]} | ret=SUCCESS |  
2019-08-29 09:35:42,554 | INFO  | SCMAudit | user=jenkins1000 | ip=192.168.34.42 | op=SEND_HEARTBEAT {datanodeUUID=04dfc250-5117-40ee-9223-ddc31d2a7fac, command=[]} | ret=SUCCESS |  
2019-08-29 09:35:42,554 | INFO  | SCMAudit | user=jenkins1000 | ip=192.168.34.42 | op=SEND_HEARTBEAT {datanodeUUID=f5689991-66b6-42db-ba36-9ef251e0e30a, command=[]} | ret=SUCCESS |  
2019-08-29 09:35:43,101 | INFO  | SCMAudit | user=jenkins1000 | ip=192.168.34.42 | op=SEND_HEARTBEAT {datanodeUUID=cffcff0f-2752-46f1-bb20-4150682c084f, command=[]} | ret=SUCCESS |  
2019-08-29 09:35:43,128 | INFO  | SCMAudit | user=jenkins1000 | ip=192.168.34.42 | op=SEND_HEARTBEAT {datanodeUUID=814b1e79-91cb-4747-afef-225b562b988f, command=[]} | ret=SUCCESS |  
2019-08-29 09:35:43,131 | INFO  | SCMAudit | user=jenkins1000 | ip=192.168.34.42 | op=SEND_HEARTBEAT {datanodeUUID=6a76bae0-5bcd-450f-b761-84a239d32397, command=[]} | ret=SUCCESS |  
2019-08-29 09:35:43,545 | INFO  | SCMAudit | user=jenkins1000 | ip=192.168.34.42 | op=SEND_HEARTBEAT {datanodeUUID=95e6fe0d-ba63-44f7-8a45-847da5452504, command=[]} | ret=SUCCESS |  
2019-08-29 09:35:43,545 | INFO  | SCMAudit | user=jenkins1000 | ip=192.168.34.42 | op=SEND_HEARTBEAT {datanodeUUID=f5a90a23-db6d-4122-980c-2c6f67b12274, command=[]} | ret=SUCCESS |  
2019-08-29 09:35:43,554 | INFO  | SCMAudit | user=jenkins1000 | ip=192.168.34.42 | op=SEND_HEARTBEAT {datanodeUUID=f5689991-66b6-42db-ba36-9ef251e0e30a, command=[]} | ret=SUCCESS |  
2019-08-29 09:35:43,555 | INFO  | SCMAudit | user=jenkins1000 | ip=192.168.34.42 | op=SEND_HEARTBEAT {datanodeUUID=04dfc250-5117-40ee-9223-ddc31d2a7fac, command=[]} | ret=SUCCESS |  
2019-08-29 09:35:44,101 | INFO  | SCMAudit | user=jenkins1000 | ip=192.168.34.42 | op=SEND_HEARTBEAT {datanodeUUID=cffcff0f-2752-46f1-bb20-4150682c084f, command=[]} | ret=SUCCESS |  
2019-08-29 09:35:44,128 | INFO  | SCMAudit | user=jenkins1000 | ip=192.168.34.42 | op=SEND_HEARTBEAT {datanodeUUID=814b1e79-91cb-4747-afef-225b562b988f, command=[]} | ret=SUCCESS |  
2019-08-29 09:35:44,131 | INFO  | SCMAudit | user=jenkins1000 | ip=192.168.34.42 | op=SEND_HEARTBEAT {datanodeUUID=6a76bae0-5bcd-450f-b761-84a239d32397, command=[]} | ret=SUCCESS |  
2019-08-29 09:35:44,544 | INFO  | SCMAudit | user=jenkins1000 | ip=192.168.34.42 | op=SEND_HEARTBEAT {datanodeUUID=95e6fe0d-ba63-44f7-8a45-847da5452504, command=[]} | ret=SUCCESS |  
2019-08-29 09:35:44,544 | INFO  | SCMAudit | user=jenkins1000 | ip=192.168.34.42 | op=SEND_HEARTBEAT {datanodeUUID=f5a90a23-db6d-4122-980c-2c6f67b12274, command=[]} | ret=SUCCESS |  
2019-08-29 09:35:44,554 | INFO  | SCMAudit | user=jenkins1000 | ip=192.168.34.42 | op=SEND_HEARTBEAT {datanodeUUID=f5689991-66b6-42db-ba36-9ef251e0e30a, command=[]} | ret=SUCCESS |  
2019-08-29 09:35:44,555 | INFO  | SCMAudit | user=jenkins1000 | ip=192.168.34.42 | op=SEND_HEARTBEAT {datanodeUUID=04dfc250-5117-40ee-9223-ddc31d2a7fac, command=[]} | ret=SUCCESS |  
2019-08-29 09:35:45,101 | INFO  | SCMAudit | user=jenkins1000 | ip=192.168.34.42 | op=SEND_HEARTBEAT {datanodeUUID=cffcff0f-2752-46f1-bb20-4150682c084f, command=[]} | ret=SUCCESS |  
2019-08-29 09:35:45,127 | INFO  | SCMAudit | user=jenkins1000 | ip=192.168.34.42 | op=SEND_HEARTBEAT {datanodeUUID=814b1e79-91cb-4747-afef-225b562b988f, command=[]} | ret=SUCCESS |  
2019-08-29 09:35:45,131 | INFO  | SCMAudit | user=jenkins1000 | ip=192.168.34.42 | op=SEND_HEARTBEAT {datanodeUUID=6a76bae0-5bcd-450f-b761-84a239d32397, command=[]} | ret=SUCCESS |  
2019-08-29 09:35:45,544 | INFO  | SCMAudit | user=jenkins1000 | ip=192.168.34.42 | op=SEND_HEARTBEAT {datanodeUUID=f5a90a23-db6d-4122-980c-2c6f67b12274, command=[]} | ret=SUCCESS |  
2019-08-29 09:35:45,544 | INFO  | SCMAudit | user=jenkins1000 | ip=192.168.34.42 | op=SEND_HEARTBEAT {datanodeUUID=95e6fe0d-ba63-44f7-8a45-847da5452504, command=[]} | ret=SUCCESS |  
2019-08-29 09:35:45,555 | INFO  | SCMAudit | user=jenkins1000 | ip=192.168.34.42 | op=SEND_HEARTBEAT {datanodeUUID=f5689991-66b6-42db-ba36-9ef251e0e30a, command=[]} | ret=SUCCESS |  
2019-08-29 09:35:45,556 | INFO  | SCMAudit | user=jenkins1000 | ip=192.168.34.42 | op=SEND_HEARTBEAT {datanodeUUID=04dfc250-5117-40ee-9223-ddc31d2a7fac, command=[]} | ret=SUCCESS |  
2019-08-29 09:35:45,843 [grpc-default-executor-4] INFO  client.GrpcClientProtocolClient (GrpcClientProtocolClient.java:onNext(255)) - client-E9E73D333C91->814b1e79-91cb-4747-afef-225b562b988f: receive RaftClientReply:client-E9E73D333C91->814b1e79-91cb-4747-afef-225b562b988f@group-38214EFEF1B1, cid=45, FAILED org.apache.ratis.protocol.NotLeaderException: Server 814b1e79-91cb-4747-afef-225b562b988f is not the leader (cffcff0f-2752-46f1-bb20-4150682c084f:192.168.34.42:36452). Request must be sent to leader., logIndex=0, commits[814b1e79-91cb-4747-afef-225b562b988f:c8, 6a76bae0-5bcd-450f-b761-84a239d32397:c8, cffcff0f-2752-46f1-bb20-4150682c084f:c8]
2019-08-29 09:35:46,102 | INFO  | SCMAudit | user=jenkins1000 | ip=192.168.34.42 | op=SEND_HEARTBEAT {datanodeUUID=cffcff0f-2752-46f1-bb20-4150682c084f, command=[]} | ret=SUCCESS |  
2019-08-29 09:35:46,129 | INFO  | SCMAudit | user=jenkins1000 | ip=192.168.34.42 | op=SEND_HEARTBEAT {datanodeUUID=814b1e79-91cb-4747-afef-225b562b988f, command=[]} | ret=SUCCESS |  
2019-08-29 09:35:46,131 | INFO  | SCMAudit | user=jenkins1000 | ip=192.168.34.42 | op=SEND_HEARTBEAT {datanodeUUID=6a76bae0-5bcd-450f-b761-84a239d32397, command=[]} | ret=SUCCESS |  
2019-08-29 09:35:46,544 | INFO  | SCMAudit | user=jenkins1000 | ip=192.168.34.42 | op=SEND_HEARTBEAT {datanodeUUID=f5a90a23-db6d-4122-980c-2c6f67b12274, command=[]} | ret=SUCCESS |  
2019-08-29 09:35:46,544 | INFO  | SCMAudit | user=jenkins1000 | ip=192.168.34.42 | op=SEND_HEARTBEAT {datanodeUUID=95e6fe0d-ba63-44f7-8a45-847da5452504, command=[]} | ret=SUCCESS |  
2019-08-29 09:35:46,555 | INFO  | SCMAudit | user=jenkins1000 | ip=192.168.34.42 | op=SEND_HEARTBEAT {datanodeUUID=f5689991-66b6-42db-ba36-9ef251e0e30a, command=[]} | ret=SUCCESS |  
2019-08-29 09:35:46,556 | INFO  | SCMAudit | user=jenkins1000 | ip=192.168.34.42 | op=SEND_HEARTBEAT {datanodeUUID=04dfc250-5117-40ee-9223-ddc31d2a7fac, command=[]} | ret=SUCCESS |  
2019-08-29 09:35:47,102 | INFO  | SCMAudit | user=jenkins1000 | ip=192.168.34.42 | op=SEND_HEARTBEAT {datanodeUUID=cffcff0f-2752-46f1-bb20-4150682c084f, command=[]} | ret=SUCCESS |  
2019-08-29 09:35:47,128 | INFO  | SCMAudit | user=jenkins1000 | ip=192.168.34.42 | op=SEND_HEARTBEAT {datanodeUUID=814b1e79-91cb-4747-afef-225b562b988f, command=[]} | ret=SUCCESS |  
2019-08-29 09:35:47,131 | INFO  | SCMAudit | user=jenkins1000 | ip=192.168.34.42 | op=SEND_HEARTBEAT {datanodeUUID=6a76bae0-5bcd-450f-b761-84a239d32397, command=[]} | ret=SUCCESS |  
2019-08-29 09:35:47,545 | INFO  | SCMAudit | user=jenkins1000 | ip=192.168.34.42 | op=SEND_HEARTBEAT {datanodeUUID=95e6fe0d-ba63-44f7-8a45-847da5452504, command=[]} | ret=SUCCESS |  
2019-08-29 09:35:47,545 | INFO  | SCMAudit | user=jenkins1000 | ip=192.168.34.42 | op=SEND_HEARTBEAT {datanodeUUID=f5a90a23-db6d-4122-980c-2c6f67b12274, command=[]} | ret=SUCCESS |  
2019-08-29 09:35:47,556 | INFO  | SCMAudit | user=jenkins1000 | ip=192.168.34.42 | op=SEND_HEARTBEAT {datanodeUUID=f5689991-66b6-42db-ba36-9ef251e0e30a, command=[]} | ret=SUCCESS |  
2019-08-29 09:35:47,556 | INFO  | SCMAudit | user=jenkins1000 | ip=192.168.34.42 | op=SEND_HEARTBEAT {datanodeUUID=04dfc250-5117-40ee-9223-ddc31d2a7fac, command=[]} | ret=SUCCESS |  
2019-08-29 09:35:48,101 | INFO  | SCMAudit | user=jenkins1000 | ip=192.168.34.42 | op=SEND_HEARTBEAT {datanodeUUID=cffcff0f-2752-46f1-bb20-4150682c084f, command=[]} | ret=SUCCESS |  
2019-08-29 09:35:48,128 | INFO  | SCMAudit | user=jenkins1000 | ip=192.168.34.42 | op=SEND_HEARTBEAT {datanodeUUID=814b1e79-91cb-4747-afef-225b562b988f, command=[]} | ret=SUCCESS |  
2019-08-29 09:35:48,133 | INFO  | SCMAudit | user=jenkins1000 | ip=192.168.34.42 | op=SEND_HEARTBEAT {datanodeUUID=6a76bae0-5bcd-450f-b761-84a239d32397, command=[]} | ret=SUCCESS |  
2019-08-29 09:35:48,545 | INFO  | SCMAudit | user=jenkins1000 | ip=192.168.34.42 | op=SEND_HEARTBEAT {datanodeUUID=f5a90a23-db6d-4122-980c-2c6f67b12274, command=[]} | ret=SUCCESS |  
2019-08-29 09:35:48,545 | INFO  | SCMAudit | user=jenkins1000 | ip=192.168.34.42 | op=SEND_HEARTBEAT {datanodeUUID=95e6fe0d-ba63-44f7-8a45-847da5452504, command=[]} | ret=SUCCESS |  
2019-08-29 09:35:48,555 | INFO  | SCMAudit | user=jenkins1000 | ip=192.168.34.42 | op=SEND_HEARTBEAT {datanodeUUID=f5689991-66b6-42db-ba36-9ef251e0e30a, command=[]} | ret=SUCCESS |  
2019-08-29 09:35:48,556 | INFO  | SCMAudit | user=jenkins1000 | ip=192.168.34.42 | op=SEND_HEARTBEAT {datanodeUUID=04dfc250-5117-40ee-9223-ddc31d2a7fac, command=[]} | ret=SUCCESS |  
2019-08-29 09:35:49,101 | INFO  | SCMAudit | user=jenkins1000 | ip=192.168.34.42 | op=SEND_HEARTBEAT {datanodeUUID=cffcff0f-2752-46f1-bb20-4150682c084f, command=[]} | ret=SUCCESS |  
2019-08-29 09:35:49,129 | INFO  | SCMAudit | user=jenkins1000 | ip=192.168.34.42 | op=SEND_HEARTBEAT {datanodeUUID=814b1e79-91cb-4747-afef-225b562b988f, command=[]} | ret=SUCCESS |  
2019-08-29 09:35:49,133 | INFO  | SCMAudit | user=jenkins1000 | ip=192.168.34.42 | op=SEND_HEARTBEAT {datanodeUUID=6a76bae0-5bcd-450f-b761-84a239d32397, command=[]} | ret=SUCCESS |  
2019-08-29 09:35:49,544 | INFO  | SCMAudit | user=jenkins1000 | ip=192.168.34.42 | op=SEND_HEARTBEAT {datanodeUUID=95e6fe0d-ba63-44f7-8a45-847da5452504, command=[]} | ret=SUCCESS |  
2019-08-29 09:35:49,545 | INFO  | SCMAudit | user=jenkins1000 | ip=192.168.34.42 | op=SEND_HEARTBEAT {datanodeUUID=f5a90a23-db6d-4122-980c-2c6f67b12274, command=[]} | ret=SUCCESS |  
2019-08-29 09:35:49,555 | INFO  | SCMAudit | user=jenkins1000 | ip=192.168.34.42 | op=SEND_HEARTBEAT {datanodeUUID=f5689991-66b6-42db-ba36-9ef251e0e30a, command=[]} | ret=SUCCESS |  
2019-08-29 09:35:49,556 | INFO  | SCMAudit | user=jenkins1000 | ip=192.168.34.42 | op=SEND_HEARTBEAT {datanodeUUID=04dfc250-5117-40ee-9223-ddc31d2a7fac, command=[]} | ret=SUCCESS |  
2019-08-29 09:35:50,101 | INFO  | SCMAudit | user=jenkins1000 | ip=192.168.34.42 | op=SEND_HEARTBEAT {datanodeUUID=cffcff0f-2752-46f1-bb20-4150682c084f, command=[]} | ret=SUCCESS |  
2019-08-29 09:35:50,129 | INFO  | SCMAudit | user=jenkins1000 | ip=192.168.34.42 | op=SEND_HEARTBEAT {datanodeUUID=814b1e79-91cb-4747-afef-225b562b988f, command=[]} | ret=SUCCESS |  
2019-08-29 09:35:50,134 | INFO  | SCMAudit | user=jenkins1000 | ip=192.168.34.42 | op=SEND_HEARTBEAT {datanodeUUID=6a76bae0-5bcd-450f-b761-84a239d32397, command=[]} | ret=SUCCESS |  
2019-08-29 09:35:50,544 | INFO  | SCMAudit | user=jenkins1000 | ip=192.168.34.42 | op=SEND_HEARTBEAT {datanodeUUID=f5a90a23-db6d-4122-980c-2c6f67b12274, command=[]} | ret=SUCCESS |  
2019-08-29 09:35:50,544 | INFO  | SCMAudit | user=jenkins1000 | ip=192.168.34.42 | op=SEND_HEARTBEAT {datanodeUUID=95e6fe0d-ba63-44f7-8a45-847da5452504, command=[]} | ret=SUCCESS |  
2019-08-29 09:35:50,555 | INFO  | SCMAudit | user=jenkins1000 | ip=192.168.34.42 | op=SEND_HEARTBEAT {datanodeUUID=f5689991-66b6-42db-ba36-9ef251e0e30a, command=[]} | ret=SUCCESS |  
2019-08-29 09:35:50,556 | INFO  | SCMAudit | user=jenkins1000 | ip=192.168.34.42 | op=SEND_HEARTBEAT {datanodeUUID=04dfc250-5117-40ee-9223-ddc31d2a7fac, command=[]} | ret=SUCCESS |  
2019-08-29 09:35:50,913 [grpc-default-executor-0] INFO  client.GrpcClientProtocolClient (GrpcClientProtocolClient.java:onNext(255)) - client-E9E73D333C91->6a76bae0-5bcd-450f-b761-84a239d32397: receive RaftClientReply:client-E9E73D333C91->6a76bae0-5bcd-450f-b761-84a239d32397@group-38214EFEF1B1, cid=45, FAILED org.apache.ratis.protocol.NotLeaderException: Server 6a76bae0-5bcd-450f-b761-84a239d32397 is not the leader (cffcff0f-2752-46f1-bb20-4150682c084f:192.168.34.42:36452). Request must be sent to leader., logIndex=0, commits[6a76bae0-5bcd-450f-b761-84a239d32397:c8, 814b1e79-91cb-4747-afef-225b562b988f:c8, cffcff0f-2752-46f1-bb20-4150682c084f:c8]
2019-08-29 09:35:51,101 | INFO  | SCMAudit | user=jenkins1000 | ip=192.168.34.42 | op=SEND_HEARTBEAT {datanodeUUID=cffcff0f-2752-46f1-bb20-4150682c084f, command=[]} | ret=SUCCESS |  
2019-08-29 09:35:51,129 | INFO  | SCMAudit | user=jenkins1000 | ip=192.168.34.42 | op=SEND_HEARTBEAT {datanodeUUID=814b1e79-91cb-4747-afef-225b562b988f, command=[]} | ret=SUCCESS |  
2019-08-29 09:35:51,135 | INFO  | SCMAudit | user=jenkins1000 | ip=192.168.34.42 | op=SEND_HEARTBEAT {datanodeUUID=6a76bae0-5bcd-450f-b761-84a239d32397, command=[]} | ret=SUCCESS |  
2019-08-29 09:35:51,544 | INFO  | SCMAudit | user=jenkins1000 | ip=192.168.34.42 | op=SEND_HEARTBEAT {datanodeUUID=95e6fe0d-ba63-44f7-8a45-847da5452504, command=[]} | ret=SUCCESS |  
2019-08-29 09:35:51,544 | INFO  | SCMAudit | user=jenkins1000 | ip=192.168.34.42 | op=SEND_HEARTBEAT {datanodeUUID=f5a90a23-db6d-4122-980c-2c6f67b12274, command=[]} | ret=SUCCESS |  
2019-08-29 09:35:51,555 | INFO  | SCMAudit | user=jenkins1000 | ip=192.168.34.42 | op=SEND_HEARTBEAT {datanodeUUID=f5689991-66b6-42db-ba36-9ef251e0e30a, command=[]} | ret=SUCCESS |  
2019-08-29 09:35:51,556 | INFO  | SCMAudit | user=jenkins1000 | ip=192.168.34.42 | op=SEND_HEARTBEAT {datanodeUUID=04dfc250-5117-40ee-9223-ddc31d2a7fac, command=[]} | ret=SUCCESS |  
2019-08-29 09:35:52,102 | INFO  | SCMAudit | user=jenkins1000 | ip=192.168.34.42 | op=SEND_HEARTBEAT {datanodeUUID=cffcff0f-2752-46f1-bb20-4150682c084f, command=[]} | ret=SUCCESS |  
2019-08-29 09:35:52,128 | INFO  | SCMAudit | user=jenkins1000 | ip=192.168.34.42 | op=SEND_HEARTBEAT {datanodeUUID=814b1e79-91cb-4747-afef-225b562b988f, command=[]} | ret=SUCCESS |  
2019-08-29 09:35:52,135 | INFO  | SCMAudit | user=jenkins1000 | ip=192.168.34.42 | op=SEND_HEARTBEAT {datanodeUUID=6a76bae0-5bcd-450f-b761-84a239d32397, command=[]} | ret=SUCCESS |  
2019-08-29 09:35:52,544 | INFO  | SCMAudit | user=jenkins1000 | ip=192.168.34.42 | op=SEND_HEARTBEAT {datanodeUUID=f5a90a23-db6d-4122-980c-2c6f67b12274, command=[]} | ret=SUCCESS |  
2019-08-29 09:35:52,544 | INFO  | SCMAudit | user=jenkins1000 | ip=192.168.34.42 | op=SEND_HEARTBEAT {datanodeUUID=95e6fe0d-ba63-44f7-8a45-847da5452504, command=[]} | ret=SUCCESS |  
2019-08-29 09:35:52,555 | INFO  | SCMAudit | user=jenkins1000 | ip=192.168.34.42 | op=SEND_HEARTBEAT {datanodeUUID=f5689991-66b6-42db-ba36-9ef251e0e30a, command=[]} | ret=SUCCESS |  
2019-08-29 09:35:52,556 | INFO  | SCMAudit | user=jenkins1000 | ip=192.168.34.42 | op=SEND_HEARTBEAT {datanodeUUID=04dfc250-5117-40ee-9223-ddc31d2a7fac, command=[]} | ret=SUCCESS |  
2019-08-29 09:35:53,102 | INFO  | SCMAudit | user=jenkins1000 | ip=192.168.34.42 | op=SEND_HEARTBEAT {datanodeUUID=cffcff0f-2752-46f1-bb20-4150682c084f, command=[]} | ret=SUCCESS |  
2019-08-29 09:35:53,128 | INFO  | SCMAudit | user=jenkins1000 | ip=192.168.34.42 | op=SEND_HEARTBEAT {datanodeUUID=814b1e79-91cb-4747-afef-225b562b988f, command=[]} | ret=SUCCESS |  
2019-08-29 09:35:53,135 | INFO  | SCMAudit | user=jenkins1000 | ip=192.168.34.42 | op=SEND_HEARTBEAT {datanodeUUID=6a76bae0-5bcd-450f-b761-84a239d32397, command=[]} | ret=SUCCESS |  
2019-08-29 09:35:53,544 | INFO  | SCMAudit | user=jenkins1000 | ip=192.168.34.42 | op=SEND_HEARTBEAT {datanodeUUID=95e6fe0d-ba63-44f7-8a45-847da5452504, command=[]} | ret=SUCCESS |  
2019-08-29 09:35:53,544 | INFO  | SCMAudit | user=jenkins1000 | ip=192.168.34.42 | op=SEND_HEARTBEAT {datanodeUUID=f5a90a23-db6d-4122-980c-2c6f67b12274, command=[]} | ret=SUCCESS |  
2019-08-29 09:35:53,556 | INFO  | SCMAudit | user=jenkins1000 | ip=192.168.34.42 | op=SEND_HEARTBEAT {datanodeUUID=f5689991-66b6-42db-ba36-9ef251e0e30a, command=[]} | ret=SUCCESS |  
2019-08-29 09:35:53,556 | INFO  | SCMAudit | user=jenkins1000 | ip=192.168.34.42 | op=SEND_HEARTBEAT {datanodeUUID=04dfc250-5117-40ee-9223-ddc31d2a7fac, command=[]} | ret=SUCCESS |  
2019-08-29 09:35:54,102 | INFO  | SCMAudit | user=jenkins1000 | ip=192.168.34.42 | op=SEND_HEARTBEAT {datanodeUUID=cffcff0f-2752-46f1-bb20-4150682c084f, command=[]} | ret=SUCCESS |  
2019-08-29 09:35:54,128 | INFO  | SCMAudit | user=jenkins1000 | ip=192.168.34.42 | op=SEND_HEARTBEAT {datanodeUUID=814b1e79-91cb-4747-afef-225b562b988f, command=[]} | ret=SUCCESS |  
2019-08-29 09:35:54,135 | INFO  | SCMAudit | user=jenkins1000 | ip=192.168.34.42 | op=SEND_HEARTBEAT {datanodeUUID=6a76bae0-5bcd-450f-b761-84a239d32397, command=[]} | ret=SUCCESS |  
2019-08-29 09:35:54,545 | INFO  | SCMAudit | user=jenkins1000 | ip=192.168.34.42 | op=SEND_HEARTBEAT {datanodeUUID=95e6fe0d-ba63-44f7-8a45-847da5452504, command=[]} | ret=SUCCESS |  
2019-08-29 09:35:54,545 | INFO  | SCMAudit | user=jenkins1000 | ip=192.168.34.42 | op=SEND_HEARTBEAT {datanodeUUID=f5a90a23-db6d-4122-980c-2c6f67b12274, command=[]} | ret=SUCCESS |  
2019-08-29 09:35:54,556 | INFO  | SCMAudit | user=jenkins1000 | ip=192.168.34.42 | op=SEND_HEARTBEAT {datanodeUUID=f5689991-66b6-42db-ba36-9ef251e0e30a, command=[]} | ret=SUCCESS |  
2019-08-29 09:35:54,556 | INFO  | SCMAudit | user=jenkins1000 | ip=192.168.34.42 | op=SEND_HEARTBEAT {datanodeUUID=04dfc250-5117-40ee-9223-ddc31d2a7fac, command=[]} | ret=SUCCESS |  
2019-08-29 09:35:55,102 | INFO  | SCMAudit | user=jenkins1000 | ip=192.168.34.42 | op=SEND_HEARTBEAT {datanodeUUID=cffcff0f-2752-46f1-bb20-4150682c084f, command=[]} | ret=SUCCESS |  
2019-08-29 09:35:55,128 | INFO  | SCMAudit | user=jenkins1000 | ip=192.168.34.42 | op=SEND_HEARTBEAT {datanodeUUID=814b1e79-91cb-4747-afef-225b562b988f, command=[]} | ret=SUCCESS |  
2019-08-29 09:35:55,135 | INFO  | SCMAudit | user=jenkins1000 | ip=192.168.34.42 | op=SEND_HEARTBEAT {datanodeUUID=6a76bae0-5bcd-450f-b761-84a239d32397, command=[]} | ret=SUCCESS |  
2019-08-29 09:35:55,544 | INFO  | SCMAudit | user=jenkins1000 | ip=192.168.34.42 | op=SEND_HEARTBEAT {datanodeUUID=95e6fe0d-ba63-44f7-8a45-847da5452504, command=[]} | ret=SUCCESS |  
2019-08-29 09:35:55,544 | INFO  | SCMAudit | user=jenkins1000 | ip=192.168.34.42 | op=SEND_HEARTBEAT {datanodeUUID=f5a90a23-db6d-4122-980c-2c6f67b12274, command=[]} | ret=SUCCESS |  
2019-08-29 09:35:55,556 | INFO  | SCMAudit | user=jenkins1000 | ip=192.168.34.42 | op=SEND_HEARTBEAT {datanodeUUID=f5689991-66b6-42db-ba36-9ef251e0e30a, command=[]} | ret=SUCCESS |  
2019-08-29 09:35:55,556 | INFO  | SCMAudit | user=jenkins1000 | ip=192.168.34.42 | op=SEND_HEARTBEAT {datanodeUUID=04dfc250-5117-40ee-9223-ddc31d2a7fac, command=[]} | ret=SUCCESS |  
2019-08-29 09:35:55,949 [grpc-default-executor-4] INFO  client.GrpcClientProtocolClient (GrpcClientProtocolClient.java:onNext(255)) - client-E9E73D333C91->814b1e79-91cb-4747-afef-225b562b988f: receive RaftClientReply:client-E9E73D333C91->814b1e79-91cb-4747-afef-225b562b988f@group-38214EFEF1B1, cid=45, FAILED org.apache.ratis.protocol.NotLeaderException: Server 814b1e79-91cb-4747-afef-225b562b988f is not the leader (cffcff0f-2752-46f1-bb20-4150682c084f:192.168.34.42:36452). Request must be sent to leader., logIndex=0, commits[814b1e79-91cb-4747-afef-225b562b988f:c8, 6a76bae0-5bcd-450f-b761-84a239d32397:c8, cffcff0f-2752-46f1-bb20-4150682c084f:c8]
2019-08-29 09:35:56,102 | INFO  | SCMAudit | user=jenkins1000 | ip=192.168.34.42 | op=SEND_HEARTBEAT {datanodeUUID=cffcff0f-2752-46f1-bb20-4150682c084f, command=[]} | ret=SUCCESS |  
2019-08-29 09:35:56,128 | INFO  | SCMAudit | user=jenkins1000 | ip=192.168.34.42 | op=SEND_HEARTBEAT {datanodeUUID=814b1e79-91cb-4747-afef-225b562b988f, command=[]} | ret=SUCCESS |  
2019-08-29 09:35:56,136 | INFO  | SCMAudit | user=jenkins1000 | ip=192.168.34.42 | op=SEND_HEARTBEAT {datanodeUUID=6a76bae0-5bcd-450f-b761-84a239d32397, command=[]} | ret=SUCCESS |  
2019-08-29 09:35:56,544 | INFO  | SCMAudit | user=jenkins1000 | ip=192.168.34.42 | op=SEND_HEARTBEAT {datanodeUUID=95e6fe0d-ba63-44f7-8a45-847da5452504, command=[]} | ret=SUCCESS |  
2019-08-29 09:35:56,544 | INFO  | SCMAudit | user=jenkins1000 | ip=192.168.34.42 | op=SEND_HEARTBEAT {datanodeUUID=f5a90a23-db6d-4122-980c-2c6f67b12274, command=[]} | ret=SUCCESS |  
2019-08-29 09:35:56,556 | INFO  | SCMAudit | user=jenkins1000 | ip=192.168.34.42 | op=SEND_HEARTBEAT {datanodeUUID=04dfc250-5117-40ee-9223-ddc31d2a7fac, command=[]} | ret=SUCCESS |  
2019-08-29 09:35:56,556 | INFO  | SCMAudit | user=jenkins1000 | ip=192.168.34.42 | op=SEND_HEARTBEAT {datanodeUUID=f5689991-66b6-42db-ba36-9ef251e0e30a, command=[]} | ret=SUCCESS |  
2019-08-29 09:35:57,102 | INFO  | SCMAudit | user=jenkins1000 | ip=192.168.34.42 | op=SEND_HEARTBEAT {datanodeUUID=cffcff0f-2752-46f1-bb20-4150682c084f, command=[]} | ret=SUCCESS |  
2019-08-29 09:35:57,128 | INFO  | SCMAudit | user=jenkins1000 | ip=192.168.34.42 | op=SEND_HEARTBEAT {datanodeUUID=814b1e79-91cb-4747-afef-225b562b988f, command=[]} | ret=SUCCESS |  
2019-08-29 09:35:57,136 | INFO  | SCMAudit | user=jenkins1000 | ip=192.168.34.42 | op=SEND_HEARTBEAT {datanodeUUID=6a76bae0-5bcd-450f-b761-84a239d32397, command=[]} | ret=SUCCESS |  
2019-08-29 09:35:57,544 | INFO  | SCMAudit | user=jenkins1000 | ip=192.168.34.42 | op=SEND_HEARTBEAT {datanodeUUID=f5a90a23-db6d-4122-980c-2c6f67b12274, command=[]} | ret=SUCCESS |  
2019-08-29 09:35:57,544 | INFO  | SCMAudit | user=jenkins1000 | ip=192.168.34.42 | op=SEND_HEARTBEAT {datanodeUUID=95e6fe0d-ba63-44f7-8a45-847da5452504, command=[]} | ret=SUCCESS |  
2019-08-29 09:35:57,556 | INFO  | SCMAudit | user=jenkins1000 | ip=192.168.34.42 | op=SEND_HEARTBEAT {datanodeUUID=04dfc250-5117-40ee-9223-ddc31d2a7fac, command=[]} | ret=SUCCESS |  
2019-08-29 09:35:57,556 | INFO  | SCMAudit | user=jenkins1000 | ip=192.168.34.42 | op=SEND_HEARTBEAT {datanodeUUID=f5689991-66b6-42db-ba36-9ef251e0e30a, command=[]} | ret=SUCCESS |  
2019-08-29 09:35:58,102 | INFO  | SCMAudit | user=jenkins1000 | ip=192.168.34.42 | op=SEND_HEARTBEAT {datanodeUUID=cffcff0f-2752-46f1-bb20-4150682c084f, command=[]} | ret=SUCCESS |  
2019-08-29 09:35:58,128 | INFO  | SCMAudit | user=jenkins1000 | ip=192.168.34.42 | op=SEND_HEARTBEAT {datanodeUUID=814b1e79-91cb-4747-afef-225b562b988f, command=[]} | ret=SUCCESS |  
2019-08-29 09:35:58,135 | INFO  | SCMAudit | user=jenkins1000 | ip=192.168.34.42 | op=SEND_HEARTBEAT {datanodeUUID=6a76bae0-5bcd-450f-b761-84a239d32397, command=[]} | ret=SUCCESS |  
2019-08-29 09:35:58,545 | INFO  | SCMAudit | user=jenkins1000 | ip=192.168.34.42 | op=SEND_HEARTBEAT {datanodeUUID=95e6fe0d-ba63-44f7-8a45-847da5452504, command=[]} | ret=SUCCESS |  
2019-08-29 09:35:58,545 | INFO  | SCMAudit | user=jenkins1000 | ip=192.168.34.42 | op=SEND_HEARTBEAT {datanodeUUID=f5a90a23-db6d-4122-980c-2c6f67b12274, command=[]} | ret=SUCCESS |  
2019-08-29 09:35:58,557 | INFO  | SCMAudit | user=jenkins1000 | ip=192.168.34.42 | op=SEND_HEARTBEAT {datanodeUUID=04dfc250-5117-40ee-9223-ddc31d2a7fac, command=[]} | ret=SUCCESS |  
2019-08-29 09:35:58,557 | INFO  | SCMAudit | user=jenkins1000 | ip=192.168.34.42 | op=SEND_HEARTBEAT {datanodeUUID=f5689991-66b6-42db-ba36-9ef251e0e30a, command=[]} | ret=SUCCESS |  
2019-08-29 09:35:59,102 | INFO  | SCMAudit | user=jenkins1000 | ip=192.168.34.42 | op=SEND_HEARTBEAT {datanodeUUID=cffcff0f-2752-46f1-bb20-4150682c084f, command=[]} | ret=SUCCESS |  
2019-08-29 09:35:59,128 | INFO  | SCMAudit | user=jenkins1000 | ip=192.168.34.42 | op=SEND_HEARTBEAT {datanodeUUID=814b1e79-91cb-4747-afef-225b562b988f, command=[]} | ret=SUCCESS |  
2019-08-29 09:35:59,136 | INFO  | SCMAudit | user=jenkins1000 | ip=192.168.34.42 | op=SEND_HEARTBEAT {datanodeUUID=6a76bae0-5bcd-450f-b761-84a239d32397, command=[]} | ret=SUCCESS |  
2019-08-29 09:35:59,545 | INFO  | SCMAudit | user=jenkins1000 | ip=192.168.34.42 | op=SEND_HEARTBEAT {datanodeUUID=95e6fe0d-ba63-44f7-8a45-847da5452504, command=[]} | ret=SUCCESS |  
2019-08-29 09:35:59,545 | INFO  | SCMAudit | user=jenkins1000 | ip=192.168.34.42 | op=SEND_HEARTBEAT {datanodeUUID=f5a90a23-db6d-4122-980c-2c6f67b12274, command=[]} | ret=SUCCESS |  
2019-08-29 09:35:59,558 | INFO  | SCMAudit | user=jenkins1000 | ip=192.168.34.42 | op=SEND_HEARTBEAT {datanodeUUID=f5689991-66b6-42db-ba36-9ef251e0e30a, command=[]} | ret=SUCCESS |  
2019-08-29 09:35:59,558 | INFO  | SCMAudit | user=jenkins1000 | ip=192.168.34.42 | op=SEND_HEARTBEAT {datanodeUUID=04dfc250-5117-40ee-9223-ddc31d2a7fac, command=[]} | ret=SUCCESS |  
2019-08-29 09:36:00,102 | INFO  | SCMAudit | user=jenkins1000 | ip=192.168.34.42 | op=SEND_HEARTBEAT {datanodeUUID=cffcff0f-2752-46f1-bb20-4150682c084f, command=[]} | ret=SUCCESS |  
2019-08-29 09:36:00,128 | INFO  | SCMAudit | user=jenkins1000 | ip=192.168.34.42 | op=SEND_HEARTBEAT {datanodeUUID=814b1e79-91cb-4747-afef-225b562b988f, command=[]} | ret=SUCCESS |  
2019-08-29 09:36:00,136 | INFO  | SCMAudit | user=jenkins1000 | ip=192.168.34.42 | op=SEND_HEARTBEAT {datanodeUUID=6a76bae0-5bcd-450f-b761-84a239d32397, command=[]} | ret=SUCCESS |  
2019-08-29 09:36:00,545 | INFO  | SCMAudit | user=jenkins1000 | ip=192.168.34.42 | op=SEND_HEARTBEAT {datanodeUUID=95e6fe0d-ba63-44f7-8a45-847da5452504, command=[]} | ret=SUCCESS |  
2019-08-29 09:36:00,545 | INFO  | SCMAudit | user=jenkins1000 | ip=192.168.34.42 | op=SEND_HEARTBEAT {datanodeUUID=f5a90a23-db6d-4122-980c-2c6f67b12274, command=[]} | ret=SUCCESS |  
2019-08-29 09:36:00,557 | INFO  | SCMAudit | user=jenkins1000 | ip=192.168.34.42 | op=SEND_HEARTBEAT {datanodeUUID=f5689991-66b6-42db-ba36-9ef251e0e30a, command=[]} | ret=SUCCESS |  
2019-08-29 09:36:00,557 | INFO  | SCMAudit | user=jenkins1000 | ip=192.168.34.42 | op=SEND_HEARTBEAT {datanodeUUID=04dfc250-5117-40ee-9223-ddc31d2a7fac, command=[]} | ret=SUCCESS |  
2019-08-29 09:36:00,979 [grpc-default-executor-0] INFO  client.GrpcClientProtocolClient (GrpcClientProtocolClient.java:onNext(255)) - client-E9E73D333C91->6a76bae0-5bcd-450f-b761-84a239d32397: receive RaftClientReply:client-E9E73D333C91->6a76bae0-5bcd-450f-b761-84a239d32397@group-38214EFEF1B1, cid=45, FAILED org.apache.ratis.protocol.NotLeaderException: Server 6a76bae0-5bcd-450f-b761-84a239d32397 is not the leader (cffcff0f-2752-46f1-bb20-4150682c084f:192.168.34.42:36452). Request must be sent to leader., logIndex=0, commits[6a76bae0-5bcd-450f-b761-84a239d32397:c8, 814b1e79-91cb-4747-afef-225b562b988f:c8, cffcff0f-2752-46f1-bb20-4150682c084f:c8]
2019-08-29 09:36:01,102 | INFO  | SCMAudit | user=jenkins1000 | ip=192.168.34.42 | op=SEND_HEARTBEAT {datanodeUUID=cffcff0f-2752-46f1-bb20-4150682c084f, command=[]} | ret=SUCCESS |  
2019-08-29 09:36:01,128 | INFO  | SCMAudit | user=jenkins1000 | ip=192.168.34.42 | op=SEND_HEARTBEAT {datanodeUUID=814b1e79-91cb-4747-afef-225b562b988f, command=[]} | ret=SUCCESS |  
2019-08-29 09:36:01,136 | INFO  | SCMAudit | user=jenkins1000 | ip=192.168.34.42 | op=SEND_HEARTBEAT {datanodeUUID=6a76bae0-5bcd-450f-b761-84a239d32397, command=[]} | ret=SUCCESS |  
2019-08-29 09:36:01,545 | INFO  | SCMAudit | user=jenkins1000 | ip=192.168.34.42 | op=SEND_HEARTBEAT {datanodeUUID=f5a90a23-db6d-4122-980c-2c6f67b12274, command=[]} | ret=SUCCESS |  
2019-08-29 09:36:01,545 | INFO  | SCMAudit | user=jenkins1000 | ip=192.168.34.42 | op=SEND_HEARTBEAT {datanodeUUID=95e6fe0d-ba63-44f7-8a45-847da5452504, command=[]} | ret=SUCCESS |  
2019-08-29 09:36:01,557 | INFO  | SCMAudit | user=jenkins1000 | ip=192.168.34.42 | op=SEND_HEARTBEAT {datanodeUUID=f5689991-66b6-42db-ba36-9ef251e0e30a, command=[]} | ret=SUCCESS |  
2019-08-29 09:36:01,557 | INFO  | SCMAudit | user=jenkins1000 | ip=192.168.34.42 | op=SEND_HEARTBEAT {datanodeUUID=04dfc250-5117-40ee-9223-ddc31d2a7fac, command=[]} | ret=SUCCESS |  
2019-08-29 09:36:02,102 | INFO  | SCMAudit | user=jenkins1000 | ip=192.168.34.42 | op=SEND_HEARTBEAT {datanodeUUID=cffcff0f-2752-46f1-bb20-4150682c084f, command=[]} | ret=SUCCESS |  
2019-08-29 09:36:02,128 | INFO  | SCMAudit | user=jenkins1000 | ip=192.168.34.42 | op=SEND_HEARTBEAT {datanodeUUID=814b1e79-91cb-4747-afef-225b562b988f, command=[]} | ret=SUCCESS |  
2019-08-29 09:36:02,137 | INFO  | SCMAudit | user=jenkins1000 | ip=192.168.34.42 | op=SEND_HEARTBEAT {datanodeUUID=6a76bae0-5bcd-450f-b761-84a239d32397, command=[]} | ret=SUCCESS |  
2019-08-29 09:36:02,545 | INFO  | SCMAudit | user=jenkins1000 | ip=192.168.34.42 | op=SEND_HEARTBEAT {datanodeUUID=95e6fe0d-ba63-44f7-8a45-847da5452504, command=[]} | ret=SUCCESS |  
2019-08-29 09:36:02,545 | INFO  | SCMAudit | user=jenkins1000 | ip=192.168.34.42 | op=SEND_HEARTBEAT {datanodeUUID=f5a90a23-db6d-4122-980c-2c6f67b12274, command=[]} | ret=SUCCESS |  
2019-08-29 09:36:02,557 | INFO  | SCMAudit | user=jenkins1000 | ip=192.168.34.42 | op=SEND_HEARTBEAT {datanodeUUID=f5689991-66b6-42db-ba36-9ef251e0e30a, command=[]} | ret=SUCCESS |  
2019-08-29 09:36:02,557 | INFO  | SCMAudit | user=jenkins1000 | ip=192.168.34.42 | op=SEND_HEARTBEAT {datanodeUUID=04dfc250-5117-40ee-9223-ddc31d2a7fac, command=[]} | ret=SUCCESS |  
2019-08-29 09:36:03,102 | INFO  | SCMAudit | user=jenkins1000 | ip=192.168.34.42 | op=SEND_HEARTBEAT {datanodeUUID=cffcff0f-2752-46f1-bb20-4150682c084f, command=[]} | ret=SUCCESS |  
2019-08-29 09:36:03,128 | INFO  | SCMAudit | user=jenkins1000 | ip=192.168.34.42 | op=SEND_HEARTBEAT {datanodeUUID=814b1e79-91cb-4747-afef-225b562b988f, command=[]} | ret=SUCCESS |  
2019-08-29 09:36:03,136 | INFO  | SCMAudit | user=jenkins1000 | ip=192.168.34.42 | op=SEND_HEARTBEAT {datanodeUUID=6a76bae0-5bcd-450f-b761-84a239d32397, command=[]} | ret=SUCCESS |  
2019-08-29 09:36:03,545 | INFO  | SCMAudit | user=jenkins1000 | ip=192.168.34.42 | op=SEND_HEARTBEAT {datanodeUUID=f5a90a23-db6d-4122-980c-2c6f67b12274, command=[]} | ret=SUCCESS |  
2019-08-29 09:36:03,545 | INFO  | SCMAudit | user=jenkins1000 | ip=192.168.34.42 | op=SEND_HEARTBEAT {datanodeUUID=95e6fe0d-ba63-44f7-8a45-847da5452504, command=[]} | ret=SUCCESS |  
2019-08-29 09:36:03,557 | INFO  | SCMAudit | user=jenkins1000 | ip=192.168.34.42 | op=SEND_HEARTBEAT {datanodeUUID=f5689991-66b6-42db-ba36-9ef251e0e30a, command=[]} | ret=SUCCESS |  
2019-08-29 09:36:03,557 | INFO  | SCMAudit | user=jenkins1000 | ip=192.168.34.42 | op=SEND_HEARTBEAT {datanodeUUID=04dfc250-5117-40ee-9223-ddc31d2a7fac, command=[]} | ret=SUCCESS |  
2019-08-29 09:36:04,102 | INFO  | SCMAudit | user=jenkins1000 | ip=192.168.34.42 | op=SEND_HEARTBEAT {datanodeUUID=cffcff0f-2752-46f1-bb20-4150682c084f, command=[]} | ret=SUCCESS |  
2019-08-29 09:36:04,128 | INFO  | SCMAudit | user=jenkins1000 | ip=192.168.34.42 | op=SEND_HEARTBEAT {datanodeUUID=814b1e79-91cb-4747-afef-225b562b988f, command=[]} | ret=SUCCESS |  
2019-08-29 09:36:04,136 | INFO  | SCMAudit | user=jenkins1000 | ip=192.168.34.42 | op=SEND_HEARTBEAT {datanodeUUID=6a76bae0-5bcd-450f-b761-84a239d32397, command=[]} | ret=SUCCESS |  
2019-08-29 09:36:04,546 | INFO  | SCMAudit | user=jenkins1000 | ip=192.168.34.42 | op=SEND_HEARTBEAT {datanodeUUID=95e6fe0d-ba63-44f7-8a45-847da5452504, command=[]} | ret=SUCCESS |  
2019-08-29 09:36:04,546 | INFO  | SCMAudit | user=jenkins1000 | ip=192.168.34.42 | op=SEND_HEARTBEAT {datanodeUUID=f5a90a23-db6d-4122-980c-2c6f67b12274, command=[]} | ret=SUCCESS |  
2019-08-29 09:36:04,557 | INFO  | SCMAudit | user=jenkins1000 | ip=192.168.34.42 | op=SEND_HEARTBEAT {datanodeUUID=f5689991-66b6-42db-ba36-9ef251e0e30a, command=[]} | ret=SUCCESS |  
2019-08-29 09:36:04,557 | INFO  | SCMAudit | user=jenkins1000 | ip=192.168.34.42 | op=SEND_HEARTBEAT {datanodeUUID=04dfc250-5117-40ee-9223-ddc31d2a7fac, command=[]} | ret=SUCCESS |  
2019-08-29 09:36:05,103 | INFO  | SCMAudit | user=jenkins1000 | ip=192.168.34.42 | op=SEND_HEARTBEAT {datanodeUUID=cffcff0f-2752-46f1-bb20-4150682c084f, command=[]} | ret=SUCCESS |  
2019-08-29 09:36:05,128 | INFO  | SCMAudit | user=jenkins1000 | ip=192.168.34.42 | op=SEND_HEARTBEAT {datanodeUUID=814b1e79-91cb-4747-afef-225b562b988f, command=[]} | ret=SUCCESS |  
2019-08-29 09:36:05,136 | INFO  | SCMAudit | user=jenkins1000 | ip=192.168.34.42 | op=SEND_HEARTBEAT {datanodeUUID=6a76bae0-5bcd-450f-b761-84a239d32397, command=[]} | ret=SUCCESS |  
2019-08-29 09:36:05,545 | INFO  | SCMAudit | user=jenkins1000 | ip=192.168.34.42 | op=SEND_HEARTBEAT {datanodeUUID=f5a90a23-db6d-4122-980c-2c6f67b12274, command=[]} | ret=SUCCESS |  
2019-08-29 09:36:05,546 | INFO  | SCMAudit | user=jenkins1000 | ip=192.168.34.42 | op=SEND_HEARTBEAT {datanodeUUID=95e6fe0d-ba63-44f7-8a45-847da5452504, command=[]} | ret=SUCCESS |  
2019-08-29 09:36:05,557 | INFO  | SCMAudit | user=jenkins1000 | ip=192.168.34.42 | op=SEND_HEARTBEAT {datanodeUUID=f5689991-66b6-42db-ba36-9ef251e0e30a, command=[]} | ret=SUCCESS |  
2019-08-29 09:36:05,557 | INFO  | SCMAudit | user=jenkins1000 | ip=192.168.34.42 | op=SEND_HEARTBEAT {datanodeUUID=04dfc250-5117-40ee-9223-ddc31d2a7fac, command=[]} | ret=SUCCESS |  
2019-08-29 09:36:06,019 [grpc-default-executor-4] INFO  client.GrpcClientProtocolClient (GrpcClientProtocolClient.java:onNext(255)) - client-E9E73D333C91->6a76bae0-5bcd-450f-b761-84a239d32397: receive RaftClientReply:client-E9E73D333C91->6a76bae0-5bcd-450f-b761-84a239d32397@group-38214EFEF1B1, cid=45, FAILED org.apache.ratis.protocol.NotLeaderException: Server 6a76bae0-5bcd-450f-b761-84a239d32397 is not the leader (cffcff0f-2752-46f1-bb20-4150682c084f:192.168.34.42:36452). Request must be sent to leader., logIndex=0, commits[6a76bae0-5bcd-450f-b761-84a239d32397:c8, 814b1e79-91cb-4747-afef-225b562b988f:c8, cffcff0f-2752-46f1-bb20-4150682c084f:c8]
2019-08-29 09:36:06,103 | INFO  | SCMAudit | user=jenkins1000 | ip=192.168.34.42 | op=SEND_HEARTBEAT {datanodeUUID=cffcff0f-2752-46f1-bb20-4150682c084f, command=[]} | ret=SUCCESS |  
2019-08-29 09:36:06,128 | INFO  | SCMAudit | user=jenkins1000 | ip=192.168.34.42 | op=SEND_HEARTBEAT {datanodeUUID=814b1e79-91cb-4747-afef-225b562b988f, command=[]} | ret=SUCCESS |  
2019-08-29 09:36:06,136 | INFO  | SCMAudit | user=jenkins1000 | ip=192.168.34.42 | op=SEND_HEARTBEAT {datanodeUUID=6a76bae0-5bcd-450f-b761-84a239d32397, command=[]} | ret=SUCCESS |  
2019-08-29 09:36:06,546 | INFO  | SCMAudit | user=jenkins1000 | ip=192.168.34.42 | op=SEND_HEARTBEAT {datanodeUUID=f5a90a23-db6d-4122-980c-2c6f67b12274, command=[]} | ret=SUCCESS |  
2019-08-29 09:36:06,546 | INFO  | SCMAudit | user=jenkins1000 | ip=192.168.34.42 | op=SEND_HEARTBEAT {datanodeUUID=95e6fe0d-ba63-44f7-8a45-847da5452504, command=[]} | ret=SUCCESS |  
2019-08-29 09:36:06,557 | INFO  | SCMAudit | user=jenkins1000 | ip=192.168.34.42 | op=SEND_HEARTBEAT {datanodeUUID=04dfc250-5117-40ee-9223-ddc31d2a7fac, command=[]} | ret=SUCCESS |  
2019-08-29 09:36:06,557 | INFO  | SCMAudit | user=jenkins1000 | ip=192.168.34.42 | op=SEND_HEARTBEAT {datanodeUUID=f5689991-66b6-42db-ba36-9ef251e0e30a, command=[]} | ret=SUCCESS |  
2019-08-29 09:36:07,103 | INFO  | SCMAudit | user=jenkins1000 | ip=192.168.34.42 | op=SEND_HEARTBEAT {datanodeUUID=cffcff0f-2752-46f1-bb20-4150682c084f, command=[]} | ret=SUCCESS |  
2019-08-29 09:36:07,128 | INFO  | SCMAudit | user=jenkins1000 | ip=192.168.34.42 | op=SEND_HEARTBEAT {datanodeUUID=814b1e79-91cb-4747-afef-225b562b988f, command=[]} | ret=SUCCESS |  
2019-08-29 09:36:07,136 | INFO  | SCMAudit | user=jenkins1000 | ip=192.168.34.42 | op=SEND_HEARTBEAT {datanodeUUID=6a76bae0-5bcd-450f-b761-84a239d32397, command=[]} | ret=SUCCESS |  
2019-08-29 09:36:07,545 | INFO  | SCMAudit | user=jenkins1000 | ip=192.168.34.42 | op=SEND_HEARTBEAT {datanodeUUID=95e6fe0d-ba63-44f7-8a45-847da5452504, command=[]} | ret=SUCCESS |  
2019-08-29 09:36:07,546 | INFO  | SCMAudit | user=jenkins1000 | ip=192.168.34.42 | op=SEND_HEARTBEAT {datanodeUUID=f5a90a23-db6d-4122-980c-2c6f67b12274, command=[]} | ret=SUCCESS |  
2019-08-29 09:36:07,557 | INFO  | SCMAudit | user=jenkins1000 | ip=192.168.34.42 | op=SEND_HEARTBEAT {datanodeUUID=04dfc250-5117-40ee-9223-ddc31d2a7fac, command=[]} | ret=SUCCESS |  
2019-08-29 09:36:07,557 | INFO  | SCMAudit | user=jenkins1000 | ip=192.168.34.42 | op=SEND_HEARTBEAT {datanodeUUID=f5689991-66b6-42db-ba36-9ef251e0e30a, command=[]} | ret=SUCCESS |  
2019-08-29 09:36:08,103 | INFO  | SCMAudit | user=jenkins1000 | ip=192.168.34.42 | op=SEND_HEARTBEAT {datanodeUUID=cffcff0f-2752-46f1-bb20-4150682c084f, command=[]} | ret=SUCCESS |  
2019-08-29 09:36:08,128 | INFO  | SCMAudit | user=jenkins1000 | ip=192.168.34.42 | op=SEND_HEARTBEAT {datanodeUUID=814b1e79-91cb-4747-afef-225b562b988f, command=[]} | ret=SUCCESS |  
2019-08-29 09:36:08,136 | INFO  | SCMAudit | user=jenkins1000 | ip=192.168.34.42 | op=SEND_HEARTBEAT {datanodeUUID=6a76bae0-5bcd-450f-b761-84a239d32397, command=[]} | ret=SUCCESS |  
2019-08-29 09:36:08,545 | INFO  | SCMAudit | user=jenkins1000 | ip=192.168.34.42 | op=SEND_HEARTBEAT {datanodeUUID=95e6fe0d-ba63-44f7-8a45-847da5452504, command=[]} | ret=SUCCESS |  
2019-08-29 09:36:08,545 | INFO  | SCMAudit | user=jenkins1000 | ip=192.168.34.42 | op=SEND_HEARTBEAT {datanodeUUID=f5a90a23-db6d-4122-980c-2c6f67b12274, command=[]} | ret=SUCCESS |  
2019-08-29 09:36:08,557 | INFO  | SCMAudit | user=jenkins1000 | ip=192.168.34.42 | op=SEND_HEARTBEAT {datanodeUUID=f5689991-66b6-42db-ba36-9ef251e0e30a, command=[]} | ret=SUCCESS |  
2019-08-29 09:36:08,558 | INFO  | SCMAudit | user=jenkins1000 | ip=192.168.34.42 | op=SEND_HEARTBEAT {datanodeUUID=04dfc250-5117-40ee-9223-ddc31d2a7fac, command=[]} | ret=SUCCESS |  
2019-08-29 09:36:09,102 | INFO  | SCMAudit | user=jenkins1000 | ip=192.168.34.42 | op=SEND_HEARTBEAT {datanodeUUID=cffcff0f-2752-46f1-bb20-4150682c084f, command=[]} | ret=SUCCESS |  
2019-08-29 09:36:09,129 | INFO  | SCMAudit | user=jenkins1000 | ip=192.168.34.42 | op=SEND_HEARTBEAT {datanodeUUID=814b1e79-91cb-4747-afef-225b562b988f, command=[]} | ret=SUCCESS |  
2019-08-29 09:36:09,136 | INFO  | SCMAudit | user=jenkins1000 | ip=192.168.34.42 | op=SEND_HEARTBEAT {datanodeUUID=6a76bae0-5bcd-450f-b761-84a239d32397, command=[]} | ret=SUCCESS |  
2019-08-29 09:36:09,545 | INFO  | SCMAudit | user=jenkins1000 | ip=192.168.34.42 | op=SEND_HEARTBEAT {datanodeUUID=95e6fe0d-ba63-44f7-8a45-847da5452504, command=[]} | ret=SUCCESS |  
2019-08-29 09:36:09,545 | INFO  | SCMAudit | user=jenkins1000 | ip=192.168.34.42 | op=SEND_HEARTBEAT {datanodeUUID=f5a90a23-db6d-4122-980c-2c6f67b12274, command=[]} | ret=SUCCESS |  
2019-08-29 09:36:09,557 | INFO  | SCMAudit | user=jenkins1000 | ip=192.168.34.42 | op=SEND_HEARTBEAT {datanodeUUID=f5689991-66b6-42db-ba36-9ef251e0e30a, command=[]} | ret=SUCCESS |  
2019-08-29 09:36:09,558 | INFO  | SCMAudit | user=jenkins1000 | ip=192.168.34.42 | op=SEND_HEARTBEAT {datanodeUUID=04dfc250-5117-40ee-9223-ddc31d2a7fac, command=[]} | ret=SUCCESS |  
2019-08-29 09:36:10,102 | INFO  | SCMAudit | user=jenkins1000 | ip=192.168.34.42 | op=SEND_HEARTBEAT {datanodeUUID=cffcff0f-2752-46f1-bb20-4150682c084f, command=[]} | ret=SUCCESS |  
2019-08-29 09:36:10,129 | INFO  | SCMAudit | user=jenkins1000 | ip=192.168.34.42 | op=SEND_HEARTBEAT {datanodeUUID=814b1e79-91cb-4747-afef-225b562b988f, command=[]} | ret=SUCCESS |  
2019-08-29 09:36:10,136 | INFO  | SCMAudit | user=jenkins1000 | ip=192.168.34.42 | op=SEND_HEARTBEAT {datanodeUUID=6a76bae0-5bcd-450f-b761-84a239d32397, command=[]} | ret=SUCCESS |  
2019-08-29 09:36:10,545 | INFO  | SCMAudit | user=jenkins1000 | ip=192.168.34.42 | op=SEND_HEARTBEAT {datanodeUUID=f5a90a23-db6d-4122-980c-2c6f67b12274, command=[]} | ret=SUCCESS |  
2019-08-29 09:36:10,545 | INFO  | SCMAudit | user=jenkins1000 | ip=192.168.34.42 | op=SEND_HEARTBEAT {datanodeUUID=95e6fe0d-ba63-44f7-8a45-847da5452504, command=[]} | ret=SUCCESS |  
2019-08-29 09:36:10,557 | INFO  | SCMAudit | user=jenkins1000 | ip=192.168.34.42 | op=SEND_HEARTBEAT {datanodeUUID=f5689991-66b6-42db-ba36-9ef251e0e30a, command=[]} | ret=SUCCESS |  
2019-08-29 09:36:10,558 | INFO  | SCMAudit | user=jenkins1000 | ip=192.168.34.42 | op=SEND_HEARTBEAT {datanodeUUID=04dfc250-5117-40ee-9223-ddc31d2a7fac, command=[]} | ret=SUCCESS |  
2019-08-29 09:36:11,054 [grpc-default-executor-0] INFO  client.GrpcClientProtocolClient (GrpcClientProtocolClient.java:onNext(255)) - client-E9E73D333C91->6a76bae0-5bcd-450f-b761-84a239d32397: receive RaftClientReply:client-E9E73D333C91->6a76bae0-5bcd-450f-b761-84a239d32397@group-38214EFEF1B1, cid=45, FAILED org.apache.ratis.protocol.NotLeaderException: Server 6a76bae0-5bcd-450f-b761-84a239d32397 is not the leader (cffcff0f-2752-46f1-bb20-4150682c084f:192.168.34.42:36452). Request must be sent to leader., logIndex=0, commits[6a76bae0-5bcd-450f-b761-84a239d32397:c8, 814b1e79-91cb-4747-afef-225b562b988f:c8, cffcff0f-2752-46f1-bb20-4150682c084f:c8]
2019-08-29 09:36:11,102 | INFO  | SCMAudit | user=jenkins1000 | ip=192.168.34.42 | op=SEND_HEARTBEAT {datanodeUUID=cffcff0f-2752-46f1-bb20-4150682c084f, command=[]} | ret=SUCCESS |  
2019-08-29 09:36:11,129 | INFO  | SCMAudit | user=jenkins1000 | ip=192.168.34.42 | op=SEND_HEARTBEAT {datanodeUUID=814b1e79-91cb-4747-afef-225b562b988f, command=[]} | ret=SUCCESS |  
2019-08-29 09:36:11,136 | INFO  | SCMAudit | user=jenkins1000 | ip=192.168.34.42 | op=SEND_HEARTBEAT {datanodeUUID=6a76bae0-5bcd-450f-b761-84a239d32397, command=[]} | ret=SUCCESS |  
2019-08-29 09:36:11,545 | INFO  | SCMAudit | user=jenkins1000 | ip=192.168.34.42 | op=SEND_HEARTBEAT {datanodeUUID=f5a90a23-db6d-4122-980c-2c6f67b12274, command=[]} | ret=SUCCESS |  
2019-08-29 09:36:11,546 | INFO  | SCMAudit | user=jenkins1000 | ip=192.168.34.42 | op=SEND_HEARTBEAT {datanodeUUID=95e6fe0d-ba63-44f7-8a45-847da5452504, command=[]} | ret=SUCCESS |  
2019-08-29 09:36:11,557 | INFO  | SCMAudit | user=jenkins1000 | ip=192.168.34.42 | op=SEND_HEARTBEAT {datanodeUUID=f5689991-66b6-42db-ba36-9ef251e0e30a, command=[]} | ret=SUCCESS |  
2019-08-29 09:36:11,558 | INFO  | SCMAudit | user=jenkins1000 | ip=192.168.34.42 | op=SEND_HEARTBEAT {datanodeUUID=04dfc250-5117-40ee-9223-ddc31d2a7fac, command=[]} | ret=SUCCESS |  
2019-08-29 09:36:12,102 | INFO  | SCMAudit | user=jenkins1000 | ip=192.168.34.42 | op=SEND_HEARTBEAT {datanodeUUID=cffcff0f-2752-46f1-bb20-4150682c084f, command=[]} | ret=SUCCESS |  
2019-08-29 09:36:12,129 | INFO  | SCMAudit | user=jenkins1000 | ip=192.168.34.42 | op=SEND_HEARTBEAT {datanodeUUID=814b1e79-91cb-4747-afef-225b562b988f, command=[]} | ret=SUCCESS |  
2019-08-29 09:36:12,136 | INFO  | SCMAudit | user=jenkins1000 | ip=192.168.34.42 | op=SEND_HEARTBEAT {datanodeUUID=6a76bae0-5bcd-450f-b761-84a239d32397, command=[]} | ret=SUCCESS |  
2019-08-29 09:36:12,546 | INFO  | SCMAudit | user=jenkins1000 | ip=192.168.34.42 | op=SEND_HEARTBEAT {datanodeUUID=f5a90a23-db6d-4122-980c-2c6f67b12274, command=[]} | ret=SUCCESS |  
2019-08-29 09:36:12,546 | INFO  | SCMAudit | user=jenkins1000 | ip=192.168.34.42 | op=SEND_HEARTBEAT {datanodeUUID=95e6fe0d-ba63-44f7-8a45-847da5452504, command=[]} | ret=SUCCESS |  
2019-08-29 09:36:12,557 | INFO  | SCMAudit | user=jenkins1000 | ip=192.168.34.42 | op=SEND_HEARTBEAT {datanodeUUID=f5689991-66b6-42db-ba36-9ef251e0e30a, command=[]} | ret=SUCCESS |  
2019-08-29 09:36:12,559 | INFO  | SCMAudit | user=jenkins1000 | ip=192.168.34.42 | op=SEND_HEARTBEAT {datanodeUUID=04dfc250-5117-40ee-9223-ddc31d2a7fac, command=[]} | ret=SUCCESS |  
2019-08-29 09:36:13,102 | INFO  | SCMAudit | user=jenkins1000 | ip=192.168.34.42 | op=SEND_HEARTBEAT {datanodeUUID=cffcff0f-2752-46f1-bb20-4150682c084f, command=[]} | ret=SUCCESS |  
2019-08-29 09:36:13,130 | INFO  | SCMAudit | user=jenkins1000 | ip=192.168.34.42 | op=SEND_HEARTBEAT {datanodeUUID=814b1e79-91cb-4747-afef-225b562b988f, command=[]} | ret=SUCCESS |  
2019-08-29 09:36:13,136 | INFO  | SCMAudit | user=jenkins1000 | ip=192.168.34.42 | op=SEND_HEARTBEAT {datanodeUUID=6a76bae0-5bcd-450f-b761-84a239d32397, command=[]} | ret=SUCCESS |  
2019-08-29 09:36:13,545 | INFO  | SCMAudit | user=jenkins1000 | ip=192.168.34.42 | op=SEND_HEARTBEAT {datanodeUUID=95e6fe0d-ba63-44f7-8a45-847da5452504, command=[]} | ret=SUCCESS |  
2019-08-29 09:36:13,546 | INFO  | SCMAudit | user=jenkins1000 | ip=192.168.34.42 | op=SEND_HEARTBEAT {datanodeUUID=f5a90a23-db6d-4122-980c-2c6f67b12274, command=[]} | ret=SUCCESS |  
2019-08-29 09:36:13,557 | INFO  | SCMAudit | user=jenkins1000 | ip=192.168.34.42 | op=SEND_HEARTBEAT {datanodeUUID=f5689991-66b6-42db-ba36-9ef251e0e30a, command=[]} | ret=SUCCESS |  
2019-08-29 09:36:13,558 | INFO  | SCMAudit | user=jenkins1000 | ip=192.168.34.42 | op=SEND_HEARTBEAT {datanodeUUID=04dfc250-5117-40ee-9223-ddc31d2a7fac, command=[]} | ret=SUCCESS |  
2019-08-29 09:36:14,102 | INFO  | SCMAudit | user=jenkins1000 | ip=192.168.34.42 | op=SEND_HEARTBEAT {datanodeUUID=cffcff0f-2752-46f1-bb20-4150682c084f, command=[]} | ret=SUCCESS |  
2019-08-29 09:36:14,130 | INFO  | SCMAudit | user=jenkins1000 | ip=192.168.34.42 | op=SEND_HEARTBEAT {datanodeUUID=814b1e79-91cb-4747-afef-225b562b988f, command=[]} | ret=SUCCESS |  
2019-08-29 09:36:14,136 | INFO  | SCMAudit | user=jenkins1000 | ip=192.168.34.42 | op=SEND_HEARTBEAT {datanodeUUID=6a76bae0-5bcd-450f-b761-84a239d32397, command=[]} | ret=SUCCESS |  
2019-08-29 09:36:14,546 | INFO  | SCMAudit | user=jenkins1000 | ip=192.168.34.42 | op=SEND_HEARTBEAT {datanodeUUID=95e6fe0d-ba63-44f7-8a45-847da5452504, command=[]} | ret=SUCCESS |  
2019-08-29 09:36:14,546 | INFO  | SCMAudit | user=jenkins1000 | ip=192.168.34.42 | op=SEND_HEARTBEAT {datanodeUUID=f5a90a23-db6d-4122-980c-2c6f67b12274, command=[]} | ret=SUCCESS |  
2019-08-29 09:36:14,558 | INFO  | SCMAudit | user=jenkins1000 | ip=192.168.34.42 | op=SEND_HEARTBEAT {datanodeUUID=f5689991-66b6-42db-ba36-9ef251e0e30a, command=[]} | ret=SUCCESS |  
2019-08-29 09:36:14,558 | INFO  | SCMAudit | user=jenkins1000 | ip=192.168.34.42 | op=SEND_HEARTBEAT {datanodeUUID=04dfc250-5117-40ee-9223-ddc31d2a7fac, command=[]} | ret=SUCCESS |  
2019-08-29 09:36:15,102 | INFO  | SCMAudit | user=jenkins1000 | ip=192.168.34.42 | op=SEND_HEARTBEAT {datanodeUUID=cffcff0f-2752-46f1-bb20-4150682c084f, command=[]} | ret=SUCCESS |  
2019-08-29 09:36:15,130 | INFO  | SCMAudit | user=jenkins1000 | ip=192.168.34.42 | op=SEND_HEARTBEAT {datanodeUUID=814b1e79-91cb-4747-afef-225b562b988f, command=[]} | ret=SUCCESS |  
2019-08-29 09:36:15,136 | INFO  | SCMAudit | user=jenkins1000 | ip=192.168.34.42 | op=SEND_HEARTBEAT {datanodeUUID=6a76bae0-5bcd-450f-b761-84a239d32397, command=[]} | ret=SUCCESS |  
2019-08-29 09:36:15,546 | INFO  | SCMAudit | user=jenkins1000 | ip=192.168.34.42 | op=SEND_HEARTBEAT {datanodeUUID=f5a90a23-db6d-4122-980c-2c6f67b12274, command=[]} | ret=SUCCESS |  
2019-08-29 09:36:15,547 | INFO  | SCMAudit | user=jenkins1000 | ip=192.168.34.42 | op=SEND_HEARTBEAT {datanodeUUID=95e6fe0d-ba63-44f7-8a45-847da5452504, command=[]} | ret=SUCCESS |  
2019-08-29 09:36:15,557 | INFO  | SCMAudit | user=jenkins1000 | ip=192.168.34.42 | op=SEND_HEARTBEAT {datanodeUUID=f5689991-66b6-42db-ba36-9ef251e0e30a, command=[]} | ret=SUCCESS |  
2019-08-29 09:36:15,558 | INFO  | SCMAudit | user=jenkins1000 | ip=192.168.34.42 | op=SEND_HEARTBEAT {datanodeUUID=04dfc250-5117-40ee-9223-ddc31d2a7fac, command=[]} | ret=SUCCESS |  
2019-08-29 09:36:16,091 [grpc-default-executor-4] INFO  client.GrpcClientProtocolClient (GrpcClientProtocolClient.java:onNext(255)) - client-E9E73D333C91->814b1e79-91cb-4747-afef-225b562b988f: receive RaftClientReply:client-E9E73D333C91->814b1e79-91cb-4747-afef-225b562b988f@group-38214EFEF1B1, cid=45, FAILED org.apache.ratis.protocol.NotLeaderException: Server 814b1e79-91cb-4747-afef-225b562b988f is not the leader (cffcff0f-2752-46f1-bb20-4150682c084f:192.168.34.42:36452). Request must be sent to leader., logIndex=0, commits[814b1e79-91cb-4747-afef-225b562b988f:c8, 6a76bae0-5bcd-450f-b761-84a239d32397:c8, cffcff0f-2752-46f1-bb20-4150682c084f:c8]
2019-08-29 09:36:16,102 | INFO  | SCMAudit | user=jenkins1000 | ip=192.168.34.42 | op=SEND_HEARTBEAT {datanodeUUID=cffcff0f-2752-46f1-bb20-4150682c084f, command=[]} | ret=SUCCESS |  
2019-08-29 09:36:16,130 | INFO  | SCMAudit | user=jenkins1000 | ip=192.168.34.42 | op=SEND_HEARTBEAT {datanodeUUID=814b1e79-91cb-4747-afef-225b562b988f, command=[]} | ret=SUCCESS |  
2019-08-29 09:36:16,136 | INFO  | SCMAudit | user=jenkins1000 | ip=192.168.34.42 | op=SEND_HEARTBEAT {datanodeUUID=6a76bae0-5bcd-450f-b761-84a239d32397, command=[]} | ret=SUCCESS |  
2019-08-29 09:36:16,547 | INFO  | SCMAudit | user=jenkins1000 | ip=192.168.34.42 | op=SEND_HEARTBEAT {datanodeUUID=f5a90a23-db6d-4122-980c-2c6f67b12274, command=[]} | ret=SUCCESS |  
2019-08-29 09:36:16,547 | INFO  | SCMAudit | user=jenkins1000 | ip=192.168.34.42 | op=SEND_HEARTBEAT {datanodeUUID=95e6fe0d-ba63-44f7-8a45-847da5452504, command=[]} | ret=SUCCESS |  
2019-08-29 09:36:16,557 | INFO  | SCMAudit | user=jenkins1000 | ip=192.168.34.42 | op=SEND_HEARTBEAT {datanodeUUID=f5689991-66b6-42db-ba36-9ef251e0e30a, command=[]} | ret=SUCCESS |  
2019-08-29 09:36:16,558 | INFO  | SCMAudit | user=jenkins1000 | ip=192.168.34.42 | op=SEND_HEARTBEAT {datanodeUUID=04dfc250-5117-40ee-9223-ddc31d2a7fac, command=[]} | ret=SUCCESS |  
2019-08-29 09:36:17,104 | INFO  | SCMAudit | user=jenkins1000 | ip=192.168.34.42 | op=SEND_HEARTBEAT {datanodeUUID=cffcff0f-2752-46f1-bb20-4150682c084f, command=[]} | ret=SUCCESS |  
2019-08-29 09:36:17,130 | INFO  | SCMAudit | user=jenkins1000 | ip=192.168.34.42 | op=SEND_HEARTBEAT {datanodeUUID=814b1e79-91cb-4747-afef-225b562b988f, command=[]} | ret=SUCCESS |  
2019-08-29 09:36:17,136 | INFO  | SCMAudit | user=jenkins1000 | ip=192.168.34.42 | op=SEND_HEARTBEAT {datanodeUUID=6a76bae0-5bcd-450f-b761-84a239d32397, command=[]} | ret=SUCCESS |  
2019-08-29 09:36:17,547 | INFO  | SCMAudit | user=jenkins1000 | ip=192.168.34.42 | op=SEND_HEARTBEAT {datanodeUUID=95e6fe0d-ba63-44f7-8a45-847da5452504, command=[]} | ret=SUCCESS |  
2019-08-29 09:36:17,547 | INFO  | SCMAudit | user=jenkins1000 | ip=192.168.34.42 | op=SEND_HEARTBEAT {datanodeUUID=f5a90a23-db6d-4122-980c-2c6f67b12274, command=[]} | ret=SUCCESS |  
2019-08-29 09:36:17,557 | INFO  | SCMAudit | user=jenkins1000 | ip=192.168.34.42 | op=SEND_HEARTBEAT {datanodeUUID=f5689991-66b6-42db-ba36-9ef251e0e30a, command=[]} | ret=SUCCESS |  
2019-08-29 09:36:17,558 | INFO  | SCMAudit | user=jenkins1000 | ip=192.168.34.42 | op=SEND_HEARTBEAT {datanodeUUID=04dfc250-5117-40ee-9223-ddc31d2a7fac, command=[]} | ret=SUCCESS |  
2019-08-29 09:36:18,112 | INFO  | SCMAudit | user=jenkins1000 | ip=192.168.34.42 | op=SEND_HEARTBEAT {datanodeUUID=cffcff0f-2752-46f1-bb20-4150682c084f, command=[]} | ret=SUCCESS |  
2019-08-29 09:36:18,131 | INFO  | SCMAudit | user=jenkins1000 | ip=192.168.34.42 | op=SEND_HEARTBEAT {datanodeUUID=814b1e79-91cb-4747-afef-225b562b988f, command=[]} | ret=SUCCESS |  
2019-08-29 09:36:18,136 | INFO  | SCMAudit | user=jenkins1000 | ip=192.168.34.42 | op=SEND_HEARTBEAT {datanodeUUID=6a76bae0-5bcd-450f-b761-84a239d32397, command=[]} | ret=SUCCESS |  
2019-08-29 09:36:18,547 | INFO  | SCMAudit | user=jenkins1000 | ip=192.168.34.42 | op=SEND_HEARTBEAT {datanodeUUID=f5a90a23-db6d-4122-980c-2c6f67b12274, command=[]} | ret=SUCCESS |  
2019-08-29 09:36:18,547 | INFO  | SCMAudit | user=jenkins1000 | ip=192.168.34.42 | op=SEND_HEARTBEAT {datanodeUUID=95e6fe0d-ba63-44f7-8a45-847da5452504, command=[]} | ret=SUCCESS |  
2019-08-29 09:36:18,558 | INFO  | SCMAudit | user=jenkins1000 | ip=192.168.34.42 | op=SEND_HEARTBEAT {datanodeUUID=f5689991-66b6-42db-ba36-9ef251e0e30a, command=[]} | ret=SUCCESS |  
2019-08-29 09:36:18,559 | INFO  | SCMAudit | user=jenkins1000 | ip=192.168.34.42 | op=SEND_HEARTBEAT {datanodeUUID=04dfc250-5117-40ee-9223-ddc31d2a7fac, command=[]} | ret=SUCCESS |  
2019-08-29 09:36:19,112 | INFO  | SCMAudit | user=jenkins1000 | ip=192.168.34.42 | op=SEND_HEARTBEAT {datanodeUUID=cffcff0f-2752-46f1-bb20-4150682c084f, command=[]} | ret=SUCCESS |  
2019-08-29 09:36:19,130 | INFO  | SCMAudit | user=jenkins1000 | ip=192.168.34.42 | op=SEND_HEARTBEAT {datanodeUUID=814b1e79-91cb-4747-afef-225b562b988f, command=[]} | ret=SUCCESS |  
2019-08-29 09:36:19,137 | INFO  | SCMAudit | user=jenkins1000 | ip=192.168.34.42 | op=SEND_HEARTBEAT {datanodeUUID=6a76bae0-5bcd-450f-b761-84a239d32397, command=[]} | ret=SUCCESS |  
2019-08-29 09:36:19,547 | INFO  | SCMAudit | user=jenkins1000 | ip=192.168.34.42 | op=SEND_HEARTBEAT {datanodeUUID=95e6fe0d-ba63-44f7-8a45-847da5452504, command=[]} | ret=SUCCESS |  
2019-08-29 09:36:19,547 | INFO  | SCMAudit | user=jenkins1000 | ip=192.168.34.42 | op=SEND_HEARTBEAT {datanodeUUID=f5a90a23-db6d-4122-980c-2c6f67b12274, command=[]} | ret=SUCCESS |  
2019-08-29 09:36:19,558 | INFO  | SCMAudit | user=jenkins1000 | ip=192.168.34.42 | op=SEND_HEARTBEAT {datanodeUUID=f5689991-66b6-42db-ba36-9ef251e0e30a, command=[]} | ret=SUCCESS |  
2019-08-29 09:36:19,559 | INFO  | SCMAudit | user=jenkins1000 | ip=192.168.34.42 | op=SEND_HEARTBEAT {datanodeUUID=04dfc250-5117-40ee-9223-ddc31d2a7fac, command=[]} | ret=SUCCESS |  
2019-08-29 09:36:20,115 | INFO  | SCMAudit | user=jenkins1000 | ip=192.168.34.42 | op=SEND_HEARTBEAT {datanodeUUID=cffcff0f-2752-46f1-bb20-4150682c084f, command=[]} | ret=SUCCESS |  
2019-08-29 09:36:20,130 | INFO  | SCMAudit | user=jenkins1000 | ip=192.168.34.42 | op=SEND_HEARTBEAT {datanodeUUID=814b1e79-91cb-4747-afef-225b562b988f, command=[]} | ret=SUCCESS |  
2019-08-29 09:36:20,137 | INFO  | SCMAudit | user=jenkins1000 | ip=192.168.34.42 | op=SEND_HEARTBEAT {datanodeUUID=6a76bae0-5bcd-450f-b761-84a239d32397, command=[]} | ret=SUCCESS |  
2019-08-29 09:36:20,547 | INFO  | SCMAudit | user=jenkins1000 | ip=192.168.34.42 | op=SEND_HEARTBEAT {datanodeUUID=95e6fe0d-ba63-44f7-8a45-847da5452504, command=[]} | ret=SUCCESS |  
2019-08-29 09:36:20,547 | INFO  | SCMAudit | user=jenkins1000 | ip=192.168.34.42 | op=SEND_HEARTBEAT {datanodeUUID=f5a90a23-db6d-4122-980c-2c6f67b12274, command=[]} | ret=SUCCESS |  
2019-08-29 09:36:20,558 | INFO  | SCMAudit | user=jenkins1000 | ip=192.168.34.42 | op=SEND_HEARTBEAT {datanodeUUID=f5689991-66b6-42db-ba36-9ef251e0e30a, command=[]} | ret=SUCCESS |  
2019-08-29 09:36:20,559 | INFO  | SCMAudit | user=jenkins1000 | ip=192.168.34.42 | op=SEND_HEARTBEAT {datanodeUUID=04dfc250-5117-40ee-9223-ddc31d2a7fac, command=[]} | ret=SUCCESS |  
2019-08-29 09:36:21,113 | INFO  | SCMAudit | user=jenkins1000 | ip=192.168.34.42 | op=SEND_HEARTBEAT {datanodeUUID=cffcff0f-2752-46f1-bb20-4150682c084f, command=[]} | ret=SUCCESS |  
2019-08-29 09:36:21,125 [grpc-default-executor-4] INFO  client.GrpcClientProtocolClient (GrpcClientProtocolClient.java:onNext(255)) - client-E9E73D333C91->6a76bae0-5bcd-450f-b761-84a239d32397: receive RaftClientReply:client-E9E73D333C91->6a76bae0-5bcd-450f-b761-84a239d32397@group-38214EFEF1B1, cid=45, FAILED org.apache.ratis.protocol.NotLeaderException: Server 6a76bae0-5bcd-450f-b761-84a239d32397 is not the leader (cffcff0f-2752-46f1-bb20-4150682c084f:192.168.34.42:36452). Request must be sent to leader., logIndex=0, commits[6a76bae0-5bcd-450f-b761-84a239d32397:c8, 814b1e79-91cb-4747-afef-225b562b988f:c8, cffcff0f-2752-46f1-bb20-4150682c084f:c8]
2019-08-29 09:36:21,134 | INFO  | SCMAudit | user=jenkins1000 | ip=192.168.34.42 | op=SEND_HEARTBEAT {datanodeUUID=814b1e79-91cb-4747-afef-225b562b988f, command=[]} | ret=SUCCESS |  
2019-08-29 09:36:21,137 | INFO  | SCMAudit | user=jenkins1000 | ip=192.168.34.42 | op=SEND_HEARTBEAT {datanodeUUID=6a76bae0-5bcd-450f-b761-84a239d32397, command=[]} | ret=SUCCESS |  
2019-08-29 09:36:21,548 | INFO  | SCMAudit | user=jenkins1000 | ip=192.168.34.42 | op=SEND_HEARTBEAT {datanodeUUID=f5a90a23-db6d-4122-980c-2c6f67b12274, command=[]} | ret=SUCCESS |  
2019-08-29 09:36:21,548 | INFO  | SCMAudit | user=jenkins1000 | ip=192.168.34.42 | op=SEND_HEARTBEAT {datanodeUUID=95e6fe0d-ba63-44f7-8a45-847da5452504, command=[]} | ret=SUCCESS |  
2019-08-29 09:36:21,557 | INFO  | SCMAudit | user=jenkins1000 | ip=192.168.34.42 | op=SEND_HEARTBEAT {datanodeUUID=f5689991-66b6-42db-ba36-9ef251e0e30a, command=[]} | ret=SUCCESS |  
2019-08-29 09:36:21,559 | INFO  | SCMAudit | user=jenkins1000 | ip=192.168.34.42 | op=SEND_HEARTBEAT {datanodeUUID=04dfc250-5117-40ee-9223-ddc31d2a7fac, command=[]} | ret=SUCCESS |  
2019-08-29 09:36:22,113 | INFO  | SCMAudit | user=jenkins1000 | ip=192.168.34.42 | op=SEND_HEARTBEAT {datanodeUUID=cffcff0f-2752-46f1-bb20-4150682c084f, command=[]} | ret=SUCCESS |  
2019-08-29 09:36:22,132 | INFO  | SCMAudit | user=jenkins1000 | ip=192.168.34.42 | op=SEND_HEARTBEAT {datanodeUUID=814b1e79-91cb-4747-afef-225b562b988f, command=[]} | ret=SUCCESS |  
2019-08-29 09:36:22,138 | INFO  | SCMAudit | user=jenkins1000 | ip=192.168.34.42 | op=SEND_HEARTBEAT {datanodeUUID=6a76bae0-5bcd-450f-b761-84a239d32397, command=[]} | ret=SUCCESS |  
2019-08-29 09:36:22,548 | INFO  | SCMAudit | user=jenkins1000 | ip=192.168.34.42 | op=SEND_HEARTBEAT {datanodeUUID=f5a90a23-db6d-4122-980c-2c6f67b12274, command=[]} | ret=SUCCESS |  
2019-08-29 09:36:22,548 | INFO  | SCMAudit | user=jenkins1000 | ip=192.168.34.42 | op=SEND_HEARTBEAT {datanodeUUID=95e6fe0d-ba63-44f7-8a45-847da5452504, command=[]} | ret=SUCCESS |  
2019-08-29 09:36:22,557 | INFO  | SCMAudit | user=jenkins1000 | ip=192.168.34.42 | op=SEND_HEARTBEAT {datanodeUUID=f5689991-66b6-42db-ba36-9ef251e0e30a, command=[]} | ret=SUCCESS |  
2019-08-29 09:36:22,559 | INFO  | SCMAudit | user=jenkins1000 | ip=192.168.34.42 | op=SEND_HEARTBEAT {datanodeUUID=04dfc250-5117-40ee-9223-ddc31d2a7fac, command=[]} | ret=SUCCESS |  
2019-08-29 09:36:23,114 | INFO  | SCMAudit | user=jenkins1000 | ip=192.168.34.42 | op=SEND_HEARTBEAT {datanodeUUID=cffcff0f-2752-46f1-bb20-4150682c084f, command=[]} | ret=SUCCESS |  
2019-08-29 09:36:23,132 | INFO  | SCMAudit | user=jenkins1000 | ip=192.168.34.42 | op=SEND_HEARTBEAT {datanodeUUID=814b1e79-91cb-4747-afef-225b562b988f, command=[]} | ret=SUCCESS |  
2019-08-29 09:36:23,137 | INFO  | SCMAudit | user=jenkins1000 | ip=192.168.34.42 | op=SEND_HEARTBEAT {datanodeUUID=6a76bae0-5bcd-450f-b761-84a239d32397, command=[]} | ret=SUCCESS |  
2019-08-29 09:36:23,548 | INFO  | SCMAudit | user=jenkins1000 | ip=192.168.34.42 | op=SEND_HEARTBEAT {datanodeUUID=95e6fe0d-ba63-44f7-8a45-847da5452504, command=[]} | ret=SUCCESS |  
2019-08-29 09:36:23,548 | INFO  | SCMAudit | user=jenkins1000 | ip=192.168.34.42 | op=SEND_HEARTBEAT {datanodeUUID=f5a90a23-db6d-4122-980c-2c6f67b12274, command=[]} | ret=SUCCESS |  
2019-08-29 09:36:23,557 | INFO  | SCMAudit | user=jenkins1000 | ip=192.168.34.42 | op=SEND_HEARTBEAT {datanodeUUID=f5689991-66b6-42db-ba36-9ef251e0e30a, command=[]} | ret=SUCCESS |  
2019-08-29 09:36:23,559 | INFO  | SCMAudit | user=jenkins1000 | ip=192.168.34.42 | op=SEND_HEARTBEAT {datanodeUUID=04dfc250-5117-40ee-9223-ddc31d2a7fac, command=[]} | ret=SUCCESS |  
2019-08-29 09:36:24,114 | INFO  | SCMAudit | user=jenkins1000 | ip=192.168.34.42 | op=SEND_HEARTBEAT {datanodeUUID=cffcff0f-2752-46f1-bb20-4150682c084f, command=[]} | ret=SUCCESS |  
2019-08-29 09:36:24,132 | INFO  | SCMAudit | user=jenkins1000 | ip=192.168.34.42 | op=SEND_HEARTBEAT {datanodeUUID=814b1e79-91cb-4747-afef-225b562b988f, command=[]} | ret=SUCCESS |  
2019-08-29 09:36:24,137 | INFO  | SCMAudit | user=jenkins1000 | ip=192.168.34.42 | op=SEND_HEARTBEAT {datanodeUUID=6a76bae0-5bcd-450f-b761-84a239d32397, command=[]} | ret=SUCCESS |  
2019-08-29 09:36:24,548 | INFO  | SCMAudit | user=jenkins1000 | ip=192.168.34.42 | op=SEND_HEARTBEAT {datanodeUUID=95e6fe0d-ba63-44f7-8a45-847da5452504, command=[]} | ret=SUCCESS |  
2019-08-29 09:36:24,548 | INFO  | SCMAudit | user=jenkins1000 | ip=192.168.34.42 | op=SEND_HEARTBEAT {datanodeUUID=f5a90a23-db6d-4122-980c-2c6f67b12274, command=[]} | ret=SUCCESS |  
2019-08-29 09:36:24,557 | INFO  | SCMAudit | user=jenkins1000 | ip=192.168.34.42 | op=SEND_HEARTBEAT {datanodeUUID=f5689991-66b6-42db-ba36-9ef251e0e30a, command=[]} | ret=SUCCESS |  
2019-08-29 09:36:24,559 | INFO  | SCMAudit | user=jenkins1000 | ip=192.168.34.42 | op=SEND_HEARTBEAT {datanodeUUID=04dfc250-5117-40ee-9223-ddc31d2a7fac, command=[]} | ret=SUCCESS |  
2019-08-29 09:36:25,114 | INFO  | SCMAudit | user=jenkins1000 | ip=192.168.34.42 | op=SEND_HEARTBEAT {datanodeUUID=cffcff0f-2752-46f1-bb20-4150682c084f, command=[]} | ret=SUCCESS |  
2019-08-29 09:36:25,132 | INFO  | SCMAudit | user=jenkins1000 | ip=192.168.34.42 | op=SEND_HEARTBEAT {datanodeUUID=814b1e79-91cb-4747-afef-225b562b988f, command=[]} | ret=SUCCESS |  
2019-08-29 09:36:25,141 | INFO  | SCMAudit | user=jenkins1000 | ip=192.168.34.42 | op=SEND_HEARTBEAT {datanodeUUID=6a76bae0-5bcd-450f-b761-84a239d32397, command=[]} | ret=SUCCESS |  
2019-08-29 09:36:25,548 | INFO  | SCMAudit | user=jenkins1000 | ip=192.168.34.42 | op=SEND_HEARTBEAT {datanodeUUID=f5a90a23-db6d-4122-980c-2c6f67b12274, command=[]} | ret=SUCCESS |  
2019-08-29 09:36:25,548 | INFO  | SCMAudit | user=jenkins1000 | ip=192.168.34.42 | op=SEND_HEARTBEAT {datanodeUUID=95e6fe0d-ba63-44f7-8a45-847da5452504, command=[]} | ret=SUCCESS |  
2019-08-29 09:36:25,557 | INFO  | SCMAudit | user=jenkins1000 | ip=192.168.34.42 | op=SEND_HEARTBEAT {datanodeUUID=f5689991-66b6-42db-ba36-9ef251e0e30a, command=[]} | ret=SUCCESS |  
2019-08-29 09:36:25,559 | INFO  | SCMAudit | user=jenkins1000 | ip=192.168.34.42 | op=SEND_HEARTBEAT {datanodeUUID=04dfc250-5117-40ee-9223-ddc31d2a7fac, command=[]} | ret=SUCCESS |  
2019-08-29 09:36:26,114 | INFO  | SCMAudit | user=jenkins1000 | ip=192.168.34.42 | op=SEND_HEARTBEAT {datanodeUUID=cffcff0f-2752-46f1-bb20-4150682c084f, command=[]} | ret=SUCCESS |  
2019-08-29 09:36:26,132 | INFO  | SCMAudit | user=jenkins1000 | ip=192.168.34.42 | op=SEND_HEARTBEAT {datanodeUUID=814b1e79-91cb-4747-afef-225b562b988f, command=[]} | ret=SUCCESS |  
2019-08-29 09:36:26,139 | INFO  | SCMAudit | user=jenkins1000 | ip=192.168.34.42 | op=SEND_HEARTBEAT {datanodeUUID=6a76bae0-5bcd-450f-b761-84a239d32397, command=[]} | ret=SUCCESS |  
2019-08-29 09:36:26,155 [grpc-default-executor-4] INFO  client.GrpcClientProtocolClient (GrpcClientProtocolClient.java:onNext(255)) - client-E9E73D333C91->6a76bae0-5bcd-450f-b761-84a239d32397: receive RaftClientReply:client-E9E73D333C91->6a76bae0-5bcd-450f-b761-84a239d32397@group-38214EFEF1B1, cid=45, FAILED org.apache.ratis.protocol.NotLeaderException: Server 6a76bae0-5bcd-450f-b761-84a239d32397 is not the leader (cffcff0f-2752-46f1-bb20-4150682c084f:192.168.34.42:36452). Request must be sent to leader., logIndex=0, commits[6a76bae0-5bcd-450f-b761-84a239d32397:c8, 814b1e79-91cb-4747-afef-225b562b988f:c8, cffcff0f-2752-46f1-bb20-4150682c084f:c8]
2019-08-29 09:36:26,549 | INFO  | SCMAudit | user=jenkins1000 | ip=192.168.34.42 | op=SEND_HEARTBEAT {datanodeUUID=95e6fe0d-ba63-44f7-8a45-847da5452504, command=[]} | ret=SUCCESS |  
2019-08-29 09:36:26,549 | INFO  | SCMAudit | user=jenkins1000 | ip=192.168.34.42 | op=SEND_HEARTBEAT {datanodeUUID=f5a90a23-db6d-4122-980c-2c6f67b12274, command=[]} | ret=SUCCESS |  
2019-08-29 09:36:26,557 | INFO  | SCMAudit | user=jenkins1000 | ip=192.168.34.42 | op=SEND_HEARTBEAT {datanodeUUID=f5689991-66b6-42db-ba36-9ef251e0e30a, command=[]} | ret=SUCCESS |  
2019-08-29 09:36:26,559 | INFO  | SCMAudit | user=jenkins1000 | ip=192.168.34.42 | op=SEND_HEARTBEAT {datanodeUUID=04dfc250-5117-40ee-9223-ddc31d2a7fac, command=[]} | ret=SUCCESS |  
2019-08-29 09:36:27,114 | INFO  | SCMAudit | user=jenkins1000 | ip=192.168.34.42 | op=SEND_HEARTBEAT {datanodeUUID=cffcff0f-2752-46f1-bb20-4150682c084f, command=[]} | ret=SUCCESS |  
2019-08-29 09:36:27,132 | INFO  | SCMAudit | user=jenkins1000 | ip=192.168.34.42 | op=SEND_HEARTBEAT {datanodeUUID=814b1e79-91cb-4747-afef-225b562b988f, command=[]} | ret=SUCCESS |  
2019-08-29 09:36:27,140 | INFO  | SCMAudit | user=jenkins1000 | ip=192.168.34.42 | op=SEND_HEARTBEAT {datanodeUUID=6a76bae0-5bcd-450f-b761-84a239d32397, command=[]} | ret=SUCCESS |  
2019-08-29 09:36:27,549 | INFO  | SCMAudit | user=jenkins1000 | ip=192.168.34.42 | op=SEND_HEARTBEAT {datanodeUUID=95e6fe0d-ba63-44f7-8a45-847da5452504, command=[]} | ret=SUCCESS |  
2019-08-29 09:36:27,549 | INFO  | SCMAudit | user=jenkins1000 | ip=192.168.34.42 | op=SEND_HEARTBEAT {datanodeUUID=f5a90a23-db6d-4122-980c-2c6f67b12274, command=[]} | ret=SUCCESS |  
2019-08-29 09:36:27,557 | INFO  | SCMAudit | user=jenkins1000 | ip=192.168.34.42 | op=SEND_HEARTBEAT {datanodeUUID=f5689991-66b6-42db-ba36-9ef251e0e30a, command=[]} | ret=SUCCESS |  
2019-08-29 09:36:27,559 | INFO  | SCMAudit | user=jenkins1000 | ip=192.168.34.42 | op=SEND_HEARTBEAT {datanodeUUID=04dfc250-5117-40ee-9223-ddc31d2a7fac, command=[]} | ret=SUCCESS |  
2019-08-29 09:36:28,114 | INFO  | SCMAudit | user=jenkins1000 | ip=192.168.34.42 | op=SEND_HEARTBEAT {datanodeUUID=cffcff0f-2752-46f1-bb20-4150682c084f, command=[]} | ret=SUCCESS |  
2019-08-29 09:36:28,133 | INFO  | SCMAudit | user=jenkins1000 | ip=192.168.34.42 | op=SEND_HEARTBEAT {datanodeUUID=814b1e79-91cb-4747-afef-225b562b988f, command=[]} | ret=SUCCESS |  
2019-08-29 09:36:28,140 | INFO  | SCMAudit | user=jenkins1000 | ip=192.168.34.42 | op=SEND_HEARTBEAT {datanodeUUID=6a76bae0-5bcd-450f-b761-84a239d32397, command=[]} | ret=SUCCESS |  
2019-08-29 09:36:28,549 | INFO  | SCMAudit | user=jenkins1000 | ip=192.168.34.42 | op=SEND_HEARTBEAT {datanodeUUID=f5a90a23-db6d-4122-980c-2c6f67b12274, command=[]} | ret=SUCCESS |  
2019-08-29 09:36:28,549 | INFO  | SCMAudit | user=jenkins1000 | ip=192.168.34.42 | op=SEND_HEARTBEAT {datanodeUUID=95e6fe0d-ba63-44f7-8a45-847da5452504, command=[]} | ret=SUCCESS |  
2019-08-29 09:36:28,557 | INFO  | SCMAudit | user=jenkins1000 | ip=192.168.34.42 | op=SEND_HEARTBEAT {datanodeUUID=f5689991-66b6-42db-ba36-9ef251e0e30a, command=[]} | ret=SUCCESS |  
2019-08-29 09:36:28,559 | INFO  | SCMAudit | user=jenkins1000 | ip=192.168.34.42 | op=SEND_HEARTBEAT {datanodeUUID=04dfc250-5117-40ee-9223-ddc31d2a7fac, command=[]} | ret=SUCCESS |  
2019-08-29 09:36:29,115 | INFO  | SCMAudit | user=jenkins1000 | ip=192.168.34.42 | op=SEND_HEARTBEAT {datanodeUUID=cffcff0f-2752-46f1-bb20-4150682c084f, command=[]} | ret=SUCCESS |  
2019-08-29 09:36:29,133 | INFO  | SCMAudit | user=jenkins1000 | ip=192.168.34.42 | op=SEND_HEARTBEAT {datanodeUUID=814b1e79-91cb-4747-afef-225b562b988f, command=[]} | ret=SUCCESS |  
2019-08-29 09:36:29,140 | INFO  | SCMAudit | user=jenkins1000 | ip=192.168.34.42 | op=SEND_HEARTBEAT {datanodeUUID=6a76bae0-5bcd-450f-b761-84a239d32397, command=[]} | ret=SUCCESS |  
2019-08-29 09:36:29,549 | INFO  | SCMAudit | user=jenkins1000 | ip=192.168.34.42 | op=SEND_HEARTBEAT {datanodeUUID=95e6fe0d-ba63-44f7-8a45-847da5452504, command=[]} | ret=SUCCESS |  
2019-08-29 09:36:29,550 | INFO  | SCMAudit | user=jenkins1000 | ip=192.168.34.42 | op=SEND_HEARTBEAT {datanodeUUID=f5a90a23-db6d-4122-980c-2c6f67b12274, command=[]} | ret=SUCCESS |  
2019-08-29 09:36:29,557 | INFO  | SCMAudit | user=jenkins1000 | ip=192.168.34.42 | op=SEND_HEARTBEAT {datanodeUUID=f5689991-66b6-42db-ba36-9ef251e0e30a, command=[]} | ret=SUCCESS |  
2019-08-29 09:36:29,560 | INFO  | SCMAudit | user=jenkins1000 | ip=192.168.34.42 | op=SEND_HEARTBEAT {datanodeUUID=04dfc250-5117-40ee-9223-ddc31d2a7fac, command=[]} | ret=SUCCESS |  
2019-08-29 09:36:30,115 | INFO  | SCMAudit | user=jenkins1000 | ip=192.168.34.42 | op=SEND_HEARTBEAT {datanodeUUID=cffcff0f-2752-46f1-bb20-4150682c084f, command=[]} | ret=SUCCESS |  
2019-08-29 09:36:30,133 | INFO  | SCMAudit | user=jenkins1000 | ip=192.168.34.42 | op=SEND_HEARTBEAT {datanodeUUID=814b1e79-91cb-4747-afef-225b562b988f, command=[]} | ret=SUCCESS |  
2019-08-29 09:36:30,141 | INFO  | SCMAudit | user=jenkins1000 | ip=192.168.34.42 | op=SEND_HEARTBEAT {datanodeUUID=6a76bae0-5bcd-450f-b761-84a239d32397, command=[]} | ret=SUCCESS |  
2019-08-29 09:36:30,549 | INFO  | SCMAudit | user=jenkins1000 | ip=192.168.34.42 | op=SEND_HEARTBEAT {datanodeUUID=95e6fe0d-ba63-44f7-8a45-847da5452504, command=[]} | ret=SUCCESS |  
2019-08-29 09:36:30,551 | INFO  | SCMAudit | user=jenkins1000 | ip=192.168.34.42 | op=SEND_HEARTBEAT {datanodeUUID=f5a90a23-db6d-4122-980c-2c6f67b12274, command=[]} | ret=SUCCESS |  
2019-08-29 09:36:30,558 | INFO  | SCMAudit | user=jenkins1000 | ip=192.168.34.42 | op=SEND_HEARTBEAT {datanodeUUID=f5689991-66b6-42db-ba36-9ef251e0e30a, command=[]} | ret=SUCCESS |  
2019-08-29 09:36:30,559 | INFO  | SCMAudit | user=jenkins1000 | ip=192.168.34.42 | op=SEND_HEARTBEAT {datanodeUUID=04dfc250-5117-40ee-9223-ddc31d2a7fac, command=[]} | ret=SUCCESS |  
2019-08-29 09:36:31,114 | INFO  | SCMAudit | user=jenkins1000 | ip=192.168.34.42 | op=SEND_HEARTBEAT {datanodeUUID=cffcff0f-2752-46f1-bb20-4150682c084f, command=[]} | ret=SUCCESS |  
2019-08-29 09:36:31,133 | INFO  | SCMAudit | user=jenkins1000 | ip=192.168.34.42 | op=SEND_HEARTBEAT {datanodeUUID=814b1e79-91cb-4747-afef-225b562b988f, command=[]} | ret=SUCCESS |  
2019-08-29 09:36:31,140 | INFO  | SCMAudit | user=jenkins1000 | ip=192.168.34.42 | op=SEND_HEARTBEAT {datanodeUUID=6a76bae0-5bcd-450f-b761-84a239d32397, command=[]} | ret=SUCCESS |  
2019-08-29 09:36:31,204 [grpc-default-executor-0] INFO  client.GrpcClientProtocolClient (GrpcClientProtocolClient.java:onNext(255)) - client-E9E73D333C91->814b1e79-91cb-4747-afef-225b562b988f: receive RaftClientReply:client-E9E73D333C91->814b1e79-91cb-4747-afef-225b562b988f@group-38214EFEF1B1, cid=45, FAILED org.apache.ratis.protocol.NotLeaderException: Server 814b1e79-91cb-4747-afef-225b562b988f is not the leader (cffcff0f-2752-46f1-bb20-4150682c084f:192.168.34.42:36452). Request must be sent to leader., logIndex=0, commits[814b1e79-91cb-4747-afef-225b562b988f:c8, 6a76bae0-5bcd-450f-b761-84a239d32397:c8, cffcff0f-2752-46f1-bb20-4150682c084f:c8]
2019-08-29 09:36:31,549 | INFO  | SCMAudit | user=jenkins1000 | ip=192.168.34.42 | op=SEND_HEARTBEAT {datanodeUUID=95e6fe0d-ba63-44f7-8a45-847da5452504, command=[]} | ret=SUCCESS |  
2019-08-29 09:36:31,550 | INFO  | SCMAudit | user=jenkins1000 | ip=192.168.34.42 | op=SEND_HEARTBEAT {datanodeUUID=f5a90a23-db6d-4122-980c-2c6f67b12274, command=[]} | ret=SUCCESS |  
2019-08-29 09:36:31,558 | INFO  | SCMAudit | user=jenkins1000 | ip=192.168.34.42 | op=SEND_HEARTBEAT {datanodeUUID=f5689991-66b6-42db-ba36-9ef251e0e30a, command=[]} | ret=SUCCESS |  
2019-08-29 09:36:31,559 | INFO  | SCMAudit | user=jenkins1000 | ip=192.168.34.42 | op=SEND_HEARTBEAT {datanodeUUID=04dfc250-5117-40ee-9223-ddc31d2a7fac, command=[]} | ret=SUCCESS |  
2019-08-29 09:36:32,114 | INFO  | SCMAudit | user=jenkins1000 | ip=192.168.34.42 | op=SEND_HEARTBEAT {datanodeUUID=cffcff0f-2752-46f1-bb20-4150682c084f, command=[]} | ret=SUCCESS |  
2019-08-29 09:36:32,133 | INFO  | SCMAudit | user=jenkins1000 | ip=192.168.34.42 | op=SEND_HEARTBEAT {datanodeUUID=814b1e79-91cb-4747-afef-225b562b988f, command=[]} | ret=SUCCESS |  
2019-08-29 09:36:32,140 | INFO  | SCMAudit | user=jenkins1000 | ip=192.168.34.42 | op=SEND_HEARTBEAT {datanodeUUID=6a76bae0-5bcd-450f-b761-84a239d32397, command=[]} | ret=SUCCESS |  
2019-08-29 09:36:32,550 | INFO  | SCMAudit | user=jenkins1000 | ip=192.168.34.42 | op=SEND_HEARTBEAT {datanodeUUID=95e6fe0d-ba63-44f7-8a45-847da5452504, command=[]} | ret=SUCCESS |  
2019-08-29 09:36:32,550 | INFO  | SCMAudit | user=jenkins1000 | ip=192.168.34.42 | op=SEND_HEARTBEAT {datanodeUUID=f5a90a23-db6d-4122-980c-2c6f67b12274, command=[]} | ret=SUCCESS |  
2019-08-29 09:36:32,558 | INFO  | SCMAudit | user=jenkins1000 | ip=192.168.34.42 | op=SEND_HEARTBEAT {datanodeUUID=f5689991-66b6-42db-ba36-9ef251e0e30a, command=[]} | ret=SUCCESS |  
2019-08-29 09:36:32,559 | INFO  | SCMAudit | user=jenkins1000 | ip=192.168.34.42 | op=SEND_HEARTBEAT {datanodeUUID=04dfc250-5117-40ee-9223-ddc31d2a7fac, command=[]} | ret=SUCCESS |  
2019-08-29 09:36:33,115 | INFO  | SCMAudit | user=jenkins1000 | ip=192.168.34.42 | op=SEND_HEARTBEAT {datanodeUUID=cffcff0f-2752-46f1-bb20-4150682c084f, command=[]} | ret=SUCCESS |  
2019-08-29 09:36:33,134 | INFO  | SCMAudit | user=jenkins1000 | ip=192.168.34.42 | op=SEND_HEARTBEAT {datanodeUUID=814b1e79-91cb-4747-afef-225b562b988f, command=[]} | ret=SUCCESS |  
2019-08-29 09:36:33,141 | INFO  | SCMAudit | user=jenkins1000 | ip=192.168.34.42 | op=SEND_HEARTBEAT {datanodeUUID=6a76bae0-5bcd-450f-b761-84a239d32397, command=[]} | ret=SUCCESS |  
2019-08-29 09:36:33,550 | INFO  | SCMAudit | user=jenkins1000 | ip=192.168.34.42 | op=SEND_HEARTBEAT {datanodeUUID=f5a90a23-db6d-4122-980c-2c6f67b12274, command=[]} | ret=SUCCESS |  
2019-08-29 09:36:33,550 | INFO  | SCMAudit | user=jenkins1000 | ip=192.168.34.42 | op=SEND_HEARTBEAT {datanodeUUID=95e6fe0d-ba63-44f7-8a45-847da5452504, command=[]} | ret=SUCCESS |  
2019-08-29 09:36:33,557 | INFO  | SCMAudit | user=jenkins1000 | ip=192.168.34.42 | op=SEND_HEARTBEAT {datanodeUUID=f5689991-66b6-42db-ba36-9ef251e0e30a, command=[]} | ret=SUCCESS |  
2019-08-29 09:36:33,559 | INFO  | SCMAudit | user=jenkins1000 | ip=192.168.34.42 | op=SEND_HEARTBEAT {datanodeUUID=04dfc250-5117-40ee-9223-ddc31d2a7fac, command=[]} | ret=SUCCESS |  
2019-08-29 09:36:34,114 | INFO  | SCMAudit | user=jenkins1000 | ip=192.168.34.42 | op=SEND_HEARTBEAT {datanodeUUID=cffcff0f-2752-46f1-bb20-4150682c084f, command=[]} | ret=SUCCESS |  
2019-08-29 09:36:34,133 | INFO  | SCMAudit | user=jenkins1000 | ip=192.168.34.42 | op=SEND_HEARTBEAT {datanodeUUID=814b1e79-91cb-4747-afef-225b562b988f, command=[]} | ret=SUCCESS |  
2019-08-29 09:36:34,141 | INFO  | SCMAudit | user=jenkins1000 | ip=192.168.34.42 | op=SEND_HEARTBEAT {datanodeUUID=6a76bae0-5bcd-450f-b761-84a239d32397, command=[]} | ret=SUCCESS |  
2019-08-29 09:36:34,550 | INFO  | SCMAudit | user=jenkins1000 | ip=192.168.34.42 | op=SEND_HEARTBEAT {datanodeUUID=f5a90a23-db6d-4122-980c-2c6f67b12274, command=[]} | ret=SUCCESS |  
2019-08-29 09:36:34,551 | INFO  | SCMAudit | user=jenkins1000 | ip=192.168.34.42 | op=SEND_HEARTBEAT {datanodeUUID=95e6fe0d-ba63-44f7-8a45-847da5452504, command=[]} | ret=SUCCESS |  
2019-08-29 09:36:34,557 | INFO  | SCMAudit | user=jenkins1000 | ip=192.168.34.42 | op=SEND_HEARTBEAT {datanodeUUID=f5689991-66b6-42db-ba36-9ef251e0e30a, command=[]} | ret=SUCCESS |  
2019-08-29 09:36:34,559 | INFO  | SCMAudit | user=jenkins1000 | ip=192.168.34.42 | op=SEND_HEARTBEAT {datanodeUUID=04dfc250-5117-40ee-9223-ddc31d2a7fac, command=[]} | ret=SUCCESS |  
2019-08-29 09:36:35,115 | INFO  | SCMAudit | user=jenkins1000 | ip=192.168.34.42 | op=SEND_HEARTBEAT {datanodeUUID=cffcff0f-2752-46f1-bb20-4150682c084f, command=[]} | ret=SUCCESS |  
2019-08-29 09:36:35,134 | INFO  | SCMAudit | user=jenkins1000 | ip=192.168.34.42 | op=SEND_HEARTBEAT {datanodeUUID=814b1e79-91cb-4747-afef-225b562b988f, command=[]} | ret=SUCCESS |  
2019-08-29 09:36:35,140 | INFO  | SCMAudit | user=jenkins1000 | ip=192.168.34.42 | op=SEND_HEARTBEAT {datanodeUUID=6a76bae0-5bcd-450f-b761-84a239d32397, command=[]} | ret=SUCCESS |  
2019-08-29 09:36:35,551 | INFO  | SCMAudit | user=jenkins1000 | ip=192.168.34.42 | op=SEND_HEARTBEAT {datanodeUUID=95e6fe0d-ba63-44f7-8a45-847da5452504, command=[]} | ret=SUCCESS |  
2019-08-29 09:36:35,551 | INFO  | SCMAudit | user=jenkins1000 | ip=192.168.34.42 | op=SEND_HEARTBEAT {datanodeUUID=f5a90a23-db6d-4122-980c-2c6f67b12274, command=[]} | ret=SUCCESS |  
2019-08-29 09:36:35,557 | INFO  | SCMAudit | user=jenkins1000 | ip=192.168.34.42 | op=SEND_HEARTBEAT {datanodeUUID=f5689991-66b6-42db-ba36-9ef251e0e30a, command=[]} | ret=SUCCESS |  
2019-08-29 09:36:35,559 | INFO  | SCMAudit | user=jenkins1000 | ip=192.168.34.42 | op=SEND_HEARTBEAT {datanodeUUID=04dfc250-5117-40ee-9223-ddc31d2a7fac, command=[]} | ret=SUCCESS |  
2019-08-29 09:36:36,114 | INFO  | SCMAudit | user=jenkins1000 | ip=192.168.34.42 | op=SEND_HEARTBEAT {datanodeUUID=cffcff0f-2752-46f1-bb20-4150682c084f, command=[]} | ret=SUCCESS |  
2019-08-29 09:36:36,134 | INFO  | SCMAudit | user=jenkins1000 | ip=192.168.34.42 | op=SEND_HEARTBEAT {datanodeUUID=814b1e79-91cb-4747-afef-225b562b988f, command=[]} | ret=SUCCESS |  
2019-08-29 09:36:36,140 | INFO  | SCMAudit | user=jenkins1000 | ip=192.168.34.42 | op=SEND_HEARTBEAT {datanodeUUID=6a76bae0-5bcd-450f-b761-84a239d32397, command=[]} | ret=SUCCESS |  
2019-08-29 09:36:36,250 [grpc-default-executor-0] INFO  client.GrpcClientProtocolClient (GrpcClientProtocolClient.java:onNext(255)) - client-E9E73D333C91->6a76bae0-5bcd-450f-b761-84a239d32397: receive RaftClientReply:client-E9E73D333C91->6a76bae0-5bcd-450f-b761-84a239d32397@group-38214EFEF1B1, cid=45, FAILED org.apache.ratis.protocol.NotLeaderException: Server 6a76bae0-5bcd-450f-b761-84a239d32397 is not the leader (cffcff0f-2752-46f1-bb20-4150682c084f:192.168.34.42:36452). Request must be sent to leader., logIndex=0, commits[6a76bae0-5bcd-450f-b761-84a239d32397:c8, 814b1e79-91cb-4747-afef-225b562b988f:c8, cffcff0f-2752-46f1-bb20-4150682c084f:c8]
2019-08-29 09:36:36,550 | INFO  | SCMAudit | user=jenkins1000 | ip=192.168.34.42 | op=SEND_HEARTBEAT {datanodeUUID=f5a90a23-db6d-4122-980c-2c6f67b12274, command=[]} | ret=SUCCESS |  
2019-08-29 09:36:36,550 | INFO  | SCMAudit | user=jenkins1000 | ip=192.168.34.42 | op=SEND_HEARTBEAT {datanodeUUID=95e6fe0d-ba63-44f7-8a45-847da5452504, command=[]} | ret=SUCCESS |  
2019-08-29 09:36:36,557 | INFO  | SCMAudit | user=jenkins1000 | ip=192.168.34.42 | op=SEND_HEARTBEAT {datanodeUUID=f5689991-66b6-42db-ba36-9ef251e0e30a, command=[]} | ret=SUCCESS |  
2019-08-29 09:36:36,559 | INFO  | SCMAudit | user=jenkins1000 | ip=192.168.34.42 | op=SEND_HEARTBEAT {datanodeUUID=04dfc250-5117-40ee-9223-ddc31d2a7fac, command=[]} | ret=SUCCESS |  
2019-08-29 09:36:37,114 | INFO  | SCMAudit | user=jenkins1000 | ip=192.168.34.42 | op=SEND_HEARTBEAT {datanodeUUID=cffcff0f-2752-46f1-bb20-4150682c084f, command=[]} | ret=SUCCESS |  
2019-08-29 09:36:37,134 | INFO  | SCMAudit | user=jenkins1000 | ip=192.168.34.42 | op=SEND_HEARTBEAT {datanodeUUID=814b1e79-91cb-4747-afef-225b562b988f, command=[]} | ret=SUCCESS |  
2019-08-29 09:36:37,140 | INFO  | SCMAudit | user=jenkins1000 | ip=192.168.34.42 | op=SEND_HEARTBEAT {datanodeUUID=6a76bae0-5bcd-450f-b761-84a239d32397, command=[]} | ret=SUCCESS |  
2019-08-29 09:36:37,551 | INFO  | SCMAudit | user=jenkins1000 | ip=192.168.34.42 | op=SEND_HEARTBEAT {datanodeUUID=f5a90a23-db6d-4122-980c-2c6f67b12274, command=[]} | ret=SUCCESS |  
2019-08-29 09:36:37,551 | INFO  | SCMAudit | user=jenkins1000 | ip=192.168.34.42 | op=SEND_HEARTBEAT {datanodeUUID=95e6fe0d-ba63-44f7-8a45-847da5452504, command=[]} | ret=SUCCESS |  
2019-08-29 09:36:37,557 | INFO  | SCMAudit | user=jenkins1000 | ip=192.168.34.42 | op=SEND_HEARTBEAT {datanodeUUID=f5689991-66b6-42db-ba36-9ef251e0e30a, command=[]} | ret=SUCCESS |  
2019-08-29 09:36:37,559 | INFO  | SCMAudit | user=jenkins1000 | ip=192.168.34.42 | op=SEND_HEARTBEAT {datanodeUUID=04dfc250-5117-40ee-9223-ddc31d2a7fac, command=[]} | ret=SUCCESS |  
2019-08-29 09:36:38,115 | INFO  | SCMAudit | user=jenkins1000 | ip=192.168.34.42 | op=SEND_HEARTBEAT {datanodeUUID=cffcff0f-2752-46f1-bb20-4150682c084f, command=[]} | ret=SUCCESS |  
2019-08-29 09:36:38,134 | INFO  | SCMAudit | user=jenkins1000 | ip=192.168.34.42 | op=SEND_HEARTBEAT {datanodeUUID=814b1e79-91cb-4747-afef-225b562b988f, command=[]} | ret=SUCCESS |  
2019-08-29 09:36:38,140 | INFO  | SCMAudit | user=jenkins1000 | ip=192.168.34.42 | op=SEND_HEARTBEAT {datanodeUUID=6a76bae0-5bcd-450f-b761-84a239d32397, command=[]} | ret=SUCCESS |  
2019-08-29 09:36:38,551 | INFO  | SCMAudit | user=jenkins1000 | ip=192.168.34.42 | op=SEND_HEARTBEAT {datanodeUUID=f5a90a23-db6d-4122-980c-2c6f67b12274, command=[]} | ret=SUCCESS |  
2019-08-29 09:36:38,551 | INFO  | SCMAudit | user=jenkins1000 | ip=192.168.34.42 | op=SEND_HEARTBEAT {datanodeUUID=95e6fe0d-ba63-44f7-8a45-847da5452504, command=[]} | ret=SUCCESS |  
2019-08-29 09:36:38,557 | INFO  | SCMAudit | user=jenkins1000 | ip=192.168.34.42 | op=SEND_HEARTBEAT {datanodeUUID=f5689991-66b6-42db-ba36-9ef251e0e30a, command=[]} | ret=SUCCESS |  
2019-08-29 09:36:38,559 | INFO  | SCMAudit | user=jenkins1000 | ip=192.168.34.42 | op=SEND_HEARTBEAT {datanodeUUID=04dfc250-5117-40ee-9223-ddc31d2a7fac, command=[]} | ret=SUCCESS |  
2019-08-29 09:36:39,115 | INFO  | SCMAudit | user=jenkins1000 | ip=192.168.34.42 | op=SEND_HEARTBEAT {datanodeUUID=cffcff0f-2752-46f1-bb20-4150682c084f, command=[]} | ret=SUCCESS |  
2019-08-29 09:36:39,134 | INFO  | SCMAudit | user=jenkins1000 | ip=192.168.34.42 | op=SEND_HEARTBEAT {datanodeUUID=814b1e79-91cb-4747-afef-225b562b988f, command=[]} | ret=SUCCESS |  
2019-08-29 09:36:39,587 | INFO  | SCMAudit | user=jenkins1000 | ip=192.168.34.42 | op=SEND_HEARTBEAT {datanodeUUID=95e6fe0d-ba63-44f7-8a45-847da5452504, command=[]} | ret=SUCCESS |  
2019-08-29 09:36:39,592 | INFO  | SCMAudit | user=jenkins1000 | ip=192.168.34.42 | op=SEND_HEARTBEAT {datanodeUUID=f5689991-66b6-42db-ba36-9ef251e0e30a, command=[]} | ret=SUCCESS |  
2019-08-29 09:36:39,587 | INFO  | SCMAudit | user=jenkins1000 | ip=192.168.34.42 | op=SEND_HEARTBEAT {datanodeUUID=6a76bae0-5bcd-450f-b761-84a239d32397, command=[]} | ret=SUCCESS |  
2019-08-29 09:36:39,592 | INFO  | SCMAudit | user=jenkins1000 | ip=192.168.34.42 | op=SEND_HEARTBEAT {datanodeUUID=04dfc250-5117-40ee-9223-ddc31d2a7fac, command=[]} | ret=SUCCESS |  
2019-08-29 09:36:39,596 | INFO  | SCMAudit | user=jenkins1000 | ip=192.168.34.42 | op=SEND_HEARTBEAT {datanodeUUID=f5a90a23-db6d-4122-980c-2c6f67b12274, command=[]} | ret=SUCCESS |  
2019-08-29 09:36:40,115 | INFO  | SCMAudit | user=jenkins1000 | ip=192.168.34.42 | op=SEND_HEARTBEAT {datanodeUUID=cffcff0f-2752-46f1-bb20-4150682c084f, command=[]} | ret=SUCCESS |  
2019-08-29 09:36:40,135 | INFO  | SCMAudit | user=jenkins1000 | ip=192.168.34.42 | op=SEND_HEARTBEAT {datanodeUUID=814b1e79-91cb-4747-afef-225b562b988f, command=[]} | ret=SUCCESS |  
2019-08-29 09:36:40,141 | INFO  | SCMAudit | user=jenkins1000 | ip=192.168.34.42 | op=SEND_HEARTBEAT {datanodeUUID=6a76bae0-5bcd-450f-b761-84a239d32397, command=[]} | ret=SUCCESS |  
2019-08-29 09:36:40,552 | INFO  | SCMAudit | user=jenkins1000 | ip=192.168.34.42 | op=SEND_HEARTBEAT {datanodeUUID=f5a90a23-db6d-4122-980c-2c6f67b12274, command=[]} | ret=SUCCESS |  
2019-08-29 09:36:40,552 | INFO  | SCMAudit | user=jenkins1000 | ip=192.168.34.42 | op=SEND_HEARTBEAT {datanodeUUID=95e6fe0d-ba63-44f7-8a45-847da5452504, command=[]} | ret=SUCCESS |  
2019-08-29 09:36:40,557 | INFO  | SCMAudit | user=jenkins1000 | ip=192.168.34.42 | op=SEND_HEARTBEAT {datanodeUUID=f5689991-66b6-42db-ba36-9ef251e0e30a, command=[]} | ret=SUCCESS |  
2019-08-29 09:36:40,559 | INFO  | SCMAudit | user=jenkins1000 | ip=192.168.34.42 | op=SEND_HEARTBEAT {datanodeUUID=04dfc250-5117-40ee-9223-ddc31d2a7fac, command=[]} | ret=SUCCESS |  
2019-08-29 09:36:41,115 | INFO  | SCMAudit | user=jenkins1000 | ip=192.168.34.42 | op=SEND_HEARTBEAT {datanodeUUID=cffcff0f-2752-46f1-bb20-4150682c084f, command=[]} | ret=SUCCESS |  
2019-08-29 09:36:41,135 | INFO  | SCMAudit | user=jenkins1000 | ip=192.168.34.42 | op=SEND_HEARTBEAT {datanodeUUID=814b1e79-91cb-4747-afef-225b562b988f, command=[]} | ret=SUCCESS |  
2019-08-29 09:36:41,141 | INFO  | SCMAudit | user=jenkins1000 | ip=192.168.34.42 | op=SEND_HEARTBEAT {datanodeUUID=6a76bae0-5bcd-450f-b761-84a239d32397, command=[]} | ret=SUCCESS |  
2019-08-29 09:36:41,552 | INFO  | SCMAudit | user=jenkins1000 | ip=192.168.34.42 | op=SEND_HEARTBEAT {datanodeUUID=95e6fe0d-ba63-44f7-8a45-847da5452504, command=[]} | ret=SUCCESS |  
2019-08-29 09:36:41,553 | INFO  | SCMAudit | user=jenkins1000 | ip=192.168.34.42 | op=SEND_HEARTBEAT {datanodeUUID=f5a90a23-db6d-4122-980c-2c6f67b12274, command=[]} | ret=SUCCESS |  
2019-08-29 09:36:41,557 | INFO  | SCMAudit | user=jenkins1000 | ip=192.168.34.42 | op=SEND_HEARTBEAT {datanodeUUID=f5689991-66b6-42db-ba36-9ef251e0e30a, command=[]} | ret=SUCCESS |  
2019-08-29 09:36:41,559 | INFO  | SCMAudit | user=jenkins1000 | ip=192.168.34.42 | op=SEND_HEARTBEAT {datanodeUUID=04dfc250-5117-40ee-9223-ddc31d2a7fac, command=[]} | ret=SUCCESS |  
2019-08-29 09:36:41,616 [grpc-default-executor-4] INFO  client.GrpcClientProtocolClient (GrpcClientProtocolClient.java:onNext(255)) - client-E9E73D333C91->6a76bae0-5bcd-450f-b761-84a239d32397: receive RaftClientReply:client-E9E73D333C91->6a76bae0-5bcd-450f-b761-84a239d32397@group-38214EFEF1B1, cid=45, FAILED org.apache.ratis.protocol.NotLeaderException: Server 6a76bae0-5bcd-450f-b761-84a239d32397 is not the leader (cffcff0f-2752-46f1-bb20-4150682c084f:192.168.34.42:36452). Request must be sent to leader., logIndex=0, commits[6a76bae0-5bcd-450f-b761-84a239d32397:c8, 814b1e79-91cb-4747-afef-225b562b988f:c8, cffcff0f-2752-46f1-bb20-4150682c084f:c8]
2019-08-29 09:36:42,115 | INFO  | SCMAudit | user=jenkins1000 | ip=192.168.34.42 | op=SEND_HEARTBEAT {datanodeUUID=cffcff0f-2752-46f1-bb20-4150682c084f, command=[]} | ret=SUCCESS |  
2019-08-29 09:36:42,134 | INFO  | SCMAudit | user=jenkins1000 | ip=192.168.34.42 | op=SEND_HEARTBEAT {datanodeUUID=814b1e79-91cb-4747-afef-225b562b988f, command=[]} | ret=SUCCESS |  
2019-08-29 09:36:42,141 | INFO  | SCMAudit | user=jenkins1000 | ip=192.168.34.42 | op=SEND_HEARTBEAT {datanodeUUID=6a76bae0-5bcd-450f-b761-84a239d32397, command=[]} | ret=SUCCESS |  
2019-08-29 09:36:42,552 | INFO  | SCMAudit | user=jenkins1000 | ip=192.168.34.42 | op=SEND_HEARTBEAT {datanodeUUID=95e6fe0d-ba63-44f7-8a45-847da5452504, command=[]} | ret=SUCCESS |  
2019-08-29 09:36:42,552 | INFO  | SCMAudit | user=jenkins1000 | ip=192.168.34.42 | op=SEND_HEARTBEAT {datanodeUUID=f5a90a23-db6d-4122-980c-2c6f67b12274, command=[]} | ret=SUCCESS |  
2019-08-29 09:36:42,557 | INFO  | SCMAudit | user=jenkins1000 | ip=192.168.34.42 | op=SEND_HEARTBEAT {datanodeUUID=f5689991-66b6-42db-ba36-9ef251e0e30a, command=[]} | ret=SUCCESS |  
2019-08-29 09:36:42,559 | INFO  | SCMAudit | user=jenkins1000 | ip=192.168.34.42 | op=SEND_HEARTBEAT {datanodeUUID=04dfc250-5117-40ee-9223-ddc31d2a7fac, command=[]} | ret=SUCCESS |  
2019-08-29 09:36:43,116 | INFO  | SCMAudit | user=jenkins1000 | ip=192.168.34.42 | op=SEND_HEARTBEAT {datanodeUUID=cffcff0f-2752-46f1-bb20-4150682c084f, command=[]} | ret=SUCCESS |  
2019-08-29 09:36:43,134 | INFO  | SCMAudit | user=jenkins1000 | ip=192.168.34.42 | op=SEND_HEARTBEAT {datanodeUUID=814b1e79-91cb-4747-afef-225b562b988f, command=[]} | ret=SUCCESS |  
2019-08-29 09:36:43,140 | INFO  | SCMAudit | user=jenkins1000 | ip=192.168.34.42 | op=SEND_HEARTBEAT {datanodeUUID=6a76bae0-5bcd-450f-b761-84a239d32397, command=[]} | ret=SUCCESS |  
2019-08-29 09:36:43,553 | INFO  | SCMAudit | user=jenkins1000 | ip=192.168.34.42 | op=SEND_HEARTBEAT {datanodeUUID=f5a90a23-db6d-4122-980c-2c6f67b12274, command=[]} | ret=SUCCESS |  
2019-08-29 09:36:43,553 | INFO  | SCMAudit | user=jenkins1000 | ip=192.168.34.42 | op=SEND_HEARTBEAT {datanodeUUID=95e6fe0d-ba63-44f7-8a45-847da5452504, command=[]} | ret=SUCCESS |  
2019-08-29 09:36:43,557 | INFO  | SCMAudit | user=jenkins1000 | ip=192.168.34.42 | op=SEND_HEARTBEAT {datanodeUUID=f5689991-66b6-42db-ba36-9ef251e0e30a, command=[]} | ret=SUCCESS |  
2019-08-29 09:36:43,559 | INFO  | SCMAudit | user=jenkins1000 | ip=192.168.34.42 | op=SEND_HEARTBEAT {datanodeUUID=04dfc250-5117-40ee-9223-ddc31d2a7fac, command=[]} | ret=SUCCESS |  
2019-08-29 09:36:44,116 | INFO  | SCMAudit | user=jenkins1000 | ip=192.168.34.42 | op=SEND_HEARTBEAT {datanodeUUID=cffcff0f-2752-46f1-bb20-4150682c084f, command=[]} | ret=SUCCESS |  
2019-08-29 09:36:44,134 | INFO  | SCMAudit | user=jenkins1000 | ip=192.168.34.42 | op=SEND_HEARTBEAT {datanodeUUID=814b1e79-91cb-4747-afef-225b562b988f, command=[]} | ret=SUCCESS |  
2019-08-29 09:36:44,140 | INFO  | SCMAudit | user=jenkins1000 | ip=192.168.34.42 | op=SEND_HEARTBEAT {datanodeUUID=6a76bae0-5bcd-450f-b761-84a239d32397, command=[]} | ret=SUCCESS |  
2019-08-29 09:36:44,553 | INFO  | SCMAudit | user=jenkins1000 | ip=192.168.34.42 | op=SEND_HEARTBEAT {datanodeUUID=f5a90a23-db6d-4122-980c-2c6f67b12274, command=[]} | ret=SUCCESS |  
2019-08-29 09:36:44,553 | INFO  | SCMAudit | user=jenkins1000 | ip=192.168.34.42 | op=SEND_HEARTBEAT {datanodeUUID=95e6fe0d-ba63-44f7-8a45-847da5452504, command=[]} | ret=SUCCESS |  
2019-08-29 09:36:44,557 | INFO  | SCMAudit | user=jenkins1000 | ip=192.168.34.42 | op=SEND_HEARTBEAT {datanodeUUID=f5689991-66b6-42db-ba36-9ef251e0e30a, command=[]} | ret=SUCCESS |  
2019-08-29 09:36:44,559 | INFO  | SCMAudit | user=jenkins1000 | ip=192.168.34.42 | op=SEND_HEARTBEAT {datanodeUUID=04dfc250-5117-40ee-9223-ddc31d2a7fac, command=[]} | ret=SUCCESS |  
2019-08-29 09:36:45,116 | INFO  | SCMAudit | user=jenkins1000 | ip=192.168.34.42 | op=SEND_HEARTBEAT {datanodeUUID=cffcff0f-2752-46f1-bb20-4150682c084f, command=[]} | ret=SUCCESS |  
2019-08-29 09:36:45,134 | INFO  | SCMAudit | user=jenkins1000 | ip=192.168.34.42 | op=SEND_HEARTBEAT {datanodeUUID=814b1e79-91cb-4747-afef-225b562b988f, command=[]} | ret=SUCCESS |  
2019-08-29 09:36:45,140 | INFO  | SCMAudit | user=jenkins1000 | ip=192.168.34.42 | op=SEND_HEARTBEAT {datanodeUUID=6a76bae0-5bcd-450f-b761-84a239d32397, command=[]} | ret=SUCCESS |  
2019-08-29 09:36:45,552 | INFO  | SCMAudit | user=jenkins1000 | ip=192.168.34.42 | op=SEND_HEARTBEAT {datanodeUUID=f5a90a23-db6d-4122-980c-2c6f67b12274, command=[]} | ret=SUCCESS |  
2019-08-29 09:36:45,552 | INFO  | SCMAudit | user=jenkins1000 | ip=192.168.34.42 | op=SEND_HEARTBEAT {datanodeUUID=95e6fe0d-ba63-44f7-8a45-847da5452504, command=[]} | ret=SUCCESS |  
2019-08-29 09:36:45,558 | INFO  | SCMAudit | user=jenkins1000 | ip=192.168.34.42 | op=SEND_HEARTBEAT {datanodeUUID=f5689991-66b6-42db-ba36-9ef251e0e30a, command=[]} | ret=SUCCESS |  
2019-08-29 09:36:45,559 | INFO  | SCMAudit | user=jenkins1000 | ip=192.168.34.42 | op=SEND_HEARTBEAT {datanodeUUID=04dfc250-5117-40ee-9223-ddc31d2a7fac, command=[]} | ret=SUCCESS |  
2019-08-29 09:36:46,116 | INFO  | SCMAudit | user=jenkins1000 | ip=192.168.34.42 | op=SEND_HEARTBEAT {datanodeUUID=cffcff0f-2752-46f1-bb20-4150682c084f, command=[]} | ret=SUCCESS |  
2019-08-29 09:36:46,135 | INFO  | SCMAudit | user=jenkins1000 | ip=192.168.34.42 | op=SEND_HEARTBEAT {datanodeUUID=814b1e79-91cb-4747-afef-225b562b988f, command=[]} | ret=SUCCESS |  
2019-08-29 09:36:46,140 | INFO  | SCMAudit | user=jenkins1000 | ip=192.168.34.42 | op=SEND_HEARTBEAT {datanodeUUID=6a76bae0-5bcd-450f-b761-84a239d32397, command=[]} | ret=SUCCESS |  
2019-08-29 09:36:46,552 | INFO  | SCMAudit | user=jenkins1000 | ip=192.168.34.42 | op=SEND_HEARTBEAT {datanodeUUID=95e6fe0d-ba63-44f7-8a45-847da5452504, command=[]} | ret=SUCCESS |  
2019-08-29 09:36:46,553 | INFO  | SCMAudit | user=jenkins1000 | ip=192.168.34.42 | op=SEND_HEARTBEAT {datanodeUUID=f5a90a23-db6d-4122-980c-2c6f67b12274, command=[]} | ret=SUCCESS |  
2019-08-29 09:36:46,558 | INFO  | SCMAudit | user=jenkins1000 | ip=192.168.34.42 | op=SEND_HEARTBEAT {datanodeUUID=f5689991-66b6-42db-ba36-9ef251e0e30a, command=[]} | ret=SUCCESS |  
2019-08-29 09:36:46,559 | INFO  | SCMAudit | user=jenkins1000 | ip=192.168.34.42 | op=SEND_HEARTBEAT {datanodeUUID=04dfc250-5117-40ee-9223-ddc31d2a7fac, command=[]} | ret=SUCCESS |  
2019-08-29 09:36:46,650 [grpc-default-executor-4] INFO  client.GrpcClientProtocolClient (GrpcClientProtocolClient.java:onNext(255)) - client-E9E73D333C91->6a76bae0-5bcd-450f-b761-84a239d32397: receive RaftClientReply:client-E9E73D333C91->6a76bae0-5bcd-450f-b761-84a239d32397@group-38214EFEF1B1, cid=45, FAILED org.apache.ratis.protocol.NotLeaderException: Server 6a76bae0-5bcd-450f-b761-84a239d32397 is not the leader (cffcff0f-2752-46f1-bb20-4150682c084f:192.168.34.42:36452). Request must be sent to leader., logIndex=0, commits[6a76bae0-5bcd-450f-b761-84a239d32397:c8, 814b1e79-91cb-4747-afef-225b562b988f:c8, cffcff0f-2752-46f1-bb20-4150682c084f:c8]
2019-08-29 09:36:47,116 | INFO  | SCMAudit | user=jenkins1000 | ip=192.168.34.42 | op=SEND_HEARTBEAT {datanodeUUID=cffcff0f-2752-46f1-bb20-4150682c084f, command=[]} | ret=SUCCESS |  
2019-08-29 09:36:47,134 | INFO  | SCMAudit | user=jenkins1000 | ip=192.168.34.42 | op=SEND_HEARTBEAT {datanodeUUID=814b1e79-91cb-4747-afef-225b562b988f, command=[]} | ret=SUCCESS |  
2019-08-29 09:36:47,141 | INFO  | SCMAudit | user=jenkins1000 | ip=192.168.34.42 | op=SEND_HEARTBEAT {datanodeUUID=6a76bae0-5bcd-450f-b761-84a239d32397, command=[]} | ret=SUCCESS |  
2019-08-29 09:36:47,552 | INFO  | SCMAudit | user=jenkins1000 | ip=192.168.34.42 | op=SEND_HEARTBEAT {datanodeUUID=95e6fe0d-ba63-44f7-8a45-847da5452504, command=[]} | ret=SUCCESS |  
2019-08-29 09:36:47,553 | INFO  | SCMAudit | user=jenkins1000 | ip=192.168.34.42 | op=SEND_HEARTBEAT {datanodeUUID=f5a90a23-db6d-4122-980c-2c6f67b12274, command=[]} | ret=SUCCESS |  
2019-08-29 09:36:47,557 | INFO  | SCMAudit | user=jenkins1000 | ip=192.168.34.42 | op=SEND_HEARTBEAT {datanodeUUID=f5689991-66b6-42db-ba36-9ef251e0e30a, command=[]} | ret=SUCCESS |  
2019-08-29 09:36:47,559 | INFO  | SCMAudit | user=jenkins1000 | ip=192.168.34.42 | op=SEND_HEARTBEAT {datanodeUUID=04dfc250-5117-40ee-9223-ddc31d2a7fac, command=[]} | ret=SUCCESS |  
2019-08-29 09:36:48,117 | INFO  | SCMAudit | user=jenkins1000 | ip=192.168.34.42 | op=SEND_HEARTBEAT {datanodeUUID=cffcff0f-2752-46f1-bb20-4150682c084f, command=[]} | ret=SUCCESS |  
2019-08-29 09:36:48,134 | INFO  | SCMAudit | user=jenkins1000 | ip=192.168.34.42 | op=SEND_HEARTBEAT {datanodeUUID=814b1e79-91cb-4747-afef-225b562b988f, command=[]} | ret=SUCCESS |  
2019-08-29 09:36:48,142 | INFO  | SCMAudit | user=jenkins1000 | ip=192.168.34.42 | op=SEND_HEARTBEAT {datanodeUUID=6a76bae0-5bcd-450f-b761-84a239d32397, command=[]} | ret=SUCCESS |  
2019-08-29 09:36:48,552 | INFO  | SCMAudit | user=jenkins1000 | ip=192.168.34.42 | op=SEND_HEARTBEAT {datanodeUUID=95e6fe0d-ba63-44f7-8a45-847da5452504, command=[]} | ret=SUCCESS |  
2019-08-29 09:36:48,553 | INFO  | SCMAudit | user=jenkins1000 | ip=192.168.34.42 | op=SEND_HEARTBEAT {datanodeUUID=f5a90a23-db6d-4122-980c-2c6f67b12274, command=[]} | ret=SUCCESS |  
2019-08-29 09:36:48,557 | INFO  | SCMAudit | user=jenkins1000 | ip=192.168.34.42 | op=SEND_HEARTBEAT {datanodeUUID=f5689991-66b6-42db-ba36-9ef251e0e30a, command=[]} | ret=SUCCESS |  
2019-08-29 09:36:48,559 | INFO  | SCMAudit | user=jenkins1000 | ip=192.168.34.42 | op=SEND_HEARTBEAT {datanodeUUID=04dfc250-5117-40ee-9223-ddc31d2a7fac, command=[]} | ret=SUCCESS |  
2019-08-29 09:36:49,117 | INFO  | SCMAudit | user=jenkins1000 | ip=192.168.34.42 | op=SEND_HEARTBEAT {datanodeUUID=cffcff0f-2752-46f1-bb20-4150682c084f, command=[]} | ret=SUCCESS |  
2019-08-29 09:36:49,134 | INFO  | SCMAudit | user=jenkins1000 | ip=192.168.34.42 | op=SEND_HEARTBEAT {datanodeUUID=814b1e79-91cb-4747-afef-225b562b988f, command=[]} | ret=SUCCESS |  
2019-08-29 09:36:49,142 | INFO  | SCMAudit | user=jenkins1000 | ip=192.168.34.42 | op=SEND_HEARTBEAT {datanodeUUID=6a76bae0-5bcd-450f-b761-84a239d32397, command=[]} | ret=SUCCESS |  
2019-08-29 09:36:49,553 | INFO  | SCMAudit | user=jenkins1000 | ip=192.168.34.42 | op=SEND_HEARTBEAT {datanodeUUID=95e6fe0d-ba63-44f7-8a45-847da5452504, command=[]} | ret=SUCCESS |  
2019-08-29 09:36:49,554 | INFO  | SCMAudit | user=jenkins1000 | ip=192.168.34.42 | op=SEND_HEARTBEAT {datanodeUUID=f5a90a23-db6d-4122-980c-2c6f67b12274, command=[]} | ret=SUCCESS |  
2019-08-29 09:36:49,557 | INFO  | SCMAudit | user=jenkins1000 | ip=192.168.34.42 | op=SEND_HEARTBEAT {datanodeUUID=f5689991-66b6-42db-ba36-9ef251e0e30a, command=[]} | ret=SUCCESS |  
2019-08-29 09:36:49,560 | INFO  | SCMAudit | user=jenkins1000 | ip=192.168.34.42 | op=SEND_HEARTBEAT {datanodeUUID=04dfc250-5117-40ee-9223-ddc31d2a7fac, command=[]} | ret=SUCCESS |  
2019-08-29 09:36:50,118 | INFO  | SCMAudit | user=jenkins1000 | ip=192.168.34.42 | op=SEND_HEARTBEAT {datanodeUUID=cffcff0f-2752-46f1-bb20-4150682c084f, command=[]} | ret=SUCCESS |  
2019-08-29 09:36:50,134 | INFO  | SCMAudit | user=jenkins1000 | ip=192.168.34.42 | op=SEND_HEARTBEAT {datanodeUUID=814b1e79-91cb-4747-afef-225b562b988f, command=[]} | ret=SUCCESS |  
2019-08-29 09:36:50,142 | INFO  | SCMAudit | user=jenkins1000 | ip=192.168.34.42 | op=SEND_HEARTBEAT {datanodeUUID=6a76bae0-5bcd-450f-b761-84a239d32397, command=[]} | ret=SUCCESS |  
2019-08-29 09:36:50,552 | INFO  | SCMAudit | user=jenkins1000 | ip=192.168.34.42 | op=SEND_HEARTBEAT {datanodeUUID=95e6fe0d-ba63-44f7-8a45-847da5452504, command=[]} | ret=SUCCESS |  
2019-08-29 09:36:50,553 | INFO  | SCMAudit | user=jenkins1000 | ip=192.168.34.42 | op=SEND_HEARTBEAT {datanodeUUID=f5a90a23-db6d-4122-980c-2c6f67b12274, command=[]} | ret=SUCCESS |  
2019-08-29 09:36:50,557 | INFO  | SCMAudit | user=jenkins1000 | ip=192.168.34.42 | op=SEND_HEARTBEAT {datanodeUUID=f5689991-66b6-42db-ba36-9ef251e0e30a, command=[]} | ret=SUCCESS |  
2019-08-29 09:36:50,561 | INFO  | SCMAudit | user=jenkins1000 | ip=192.168.34.42 | op=SEND_HEARTBEAT {datanodeUUID=04dfc250-5117-40ee-9223-ddc31d2a7fac, command=[]} | ret=SUCCESS |  
2019-08-29 09:36:51,118 | INFO  | SCMAudit | user=jenkins1000 | ip=192.168.34.42 | op=SEND_HEARTBEAT {datanodeUUID=cffcff0f-2752-46f1-bb20-4150682c084f, command=[]} | ret=SUCCESS |  
2019-08-29 09:36:51,134 | INFO  | SCMAudit | user=jenkins1000 | ip=192.168.34.42 | op=SEND_HEARTBEAT {datanodeUUID=814b1e79-91cb-4747-afef-225b562b988f, command=[]} | ret=SUCCESS |  
2019-08-29 09:36:51,142 | INFO  | SCMAudit | user=jenkins1000 | ip=192.168.34.42 | op=SEND_HEARTBEAT {datanodeUUID=6a76bae0-5bcd-450f-b761-84a239d32397, command=[]} | ret=SUCCESS |  
2019-08-29 09:36:51,552 | INFO  | SCMAudit | user=jenkins1000 | ip=192.168.34.42 | op=SEND_HEARTBEAT {datanodeUUID=95e6fe0d-ba63-44f7-8a45-847da5452504, command=[]} | ret=SUCCESS |  
2019-08-29 09:36:51,553 | INFO  | SCMAudit | user=jenkins1000 | ip=192.168.34.42 | op=SEND_HEARTBEAT {datanodeUUID=f5a90a23-db6d-4122-980c-2c6f67b12274, command=[]} | ret=SUCCESS |  
2019-08-29 09:36:51,557 | INFO  | SCMAudit | user=jenkins1000 | ip=192.168.34.42 | op=SEND_HEARTBEAT {datanodeUUID=f5689991-66b6-42db-ba36-9ef251e0e30a, command=[]} | ret=SUCCESS |  
2019-08-29 09:36:51,561 | INFO  | SCMAudit | user=jenkins1000 | ip=192.168.34.42 | op=SEND_HEARTBEAT {datanodeUUID=04dfc250-5117-40ee-9223-ddc31d2a7fac, command=[]} | ret=SUCCESS |  
2019-08-29 09:36:51,688 [grpc-default-executor-4] INFO  client.GrpcClientProtocolClient (GrpcClientProtocolClient.java:onNext(255)) - client-E9E73D333C91->814b1e79-91cb-4747-afef-225b562b988f: receive RaftClientReply:client-E9E73D333C91->814b1e79-91cb-4747-afef-225b562b988f@group-38214EFEF1B1, cid=45, FAILED org.apache.ratis.protocol.NotLeaderException: Server 814b1e79-91cb-4747-afef-225b562b988f is not the leader (cffcff0f-2752-46f1-bb20-4150682c084f:192.168.34.42:36452). Request must be sent to leader., logIndex=0, commits[814b1e79-91cb-4747-afef-225b562b988f:c8, 6a76bae0-5bcd-450f-b761-84a239d32397:c8, cffcff0f-2752-46f1-bb20-4150682c084f:c8]
2019-08-29 09:36:52,117 | INFO  | SCMAudit | user=jenkins1000 | ip=192.168.34.42 | op=SEND_HEARTBEAT {datanodeUUID=cffcff0f-2752-46f1-bb20-4150682c084f, command=[]} | ret=SUCCESS |  
2019-08-29 09:36:52,138 | INFO  | SCMAudit | user=jenkins1000 | ip=192.168.34.42 | op=SEND_HEARTBEAT {datanodeUUID=814b1e79-91cb-4747-afef-225b562b988f, command=[]} | ret=SUCCESS |  
2019-08-29 09:36:52,142 | INFO  | SCMAudit | user=jenkins1000 | ip=192.168.34.42 | op=SEND_HEARTBEAT {datanodeUUID=6a76bae0-5bcd-450f-b761-84a239d32397, command=[]} | ret=SUCCESS |  
2019-08-29 09:36:52,553 | INFO  | SCMAudit | user=jenkins1000 | ip=192.168.34.42 | op=SEND_HEARTBEAT {datanodeUUID=95e6fe0d-ba63-44f7-8a45-847da5452504, command=[]} | ret=SUCCESS |  
2019-08-29 09:36:52,553 | INFO  | SCMAudit | user=jenkins1000 | ip=192.168.34.42 | op=SEND_HEARTBEAT {datanodeUUID=f5a90a23-db6d-4122-980c-2c6f67b12274, command=[]} | ret=SUCCESS |  
2019-08-29 09:36:52,557 | INFO  | SCMAudit | user=jenkins1000 | ip=192.168.34.42 | op=SEND_HEARTBEAT {datanodeUUID=f5689991-66b6-42db-ba36-9ef251e0e30a, command=[]} | ret=SUCCESS |  
2019-08-29 09:36:52,562 | INFO  | SCMAudit | user=jenkins1000 | ip=192.168.34.42 | op=SEND_HEARTBEAT {datanodeUUID=04dfc250-5117-40ee-9223-ddc31d2a7fac, command=[]} | ret=SUCCESS |  
2019-08-29 09:36:53,118 | INFO  | SCMAudit | user=jenkins1000 | ip=192.168.34.42 | op=SEND_HEARTBEAT {datanodeUUID=cffcff0f-2752-46f1-bb20-4150682c084f, command=[]} | ret=SUCCESS |  
2019-08-29 09:36:53,139 | INFO  | SCMAudit | user=jenkins1000 | ip=192.168.34.42 | op=SEND_HEARTBEAT {datanodeUUID=814b1e79-91cb-4747-afef-225b562b988f, command=[]} | ret=SUCCESS |  
2019-08-29 09:36:53,142 | INFO  | SCMAudit | user=jenkins1000 | ip=192.168.34.42 | op=SEND_HEARTBEAT {datanodeUUID=6a76bae0-5bcd-450f-b761-84a239d32397, command=[]} | ret=SUCCESS |  
2019-08-29 09:36:53,553 | INFO  | SCMAudit | user=jenkins1000 | ip=192.168.34.42 | op=SEND_HEARTBEAT {datanodeUUID=95e6fe0d-ba63-44f7-8a45-847da5452504, command=[]} | ret=SUCCESS |  
2019-08-29 09:36:53,553 | INFO  | SCMAudit | user=jenkins1000 | ip=192.168.34.42 | op=SEND_HEARTBEAT {datanodeUUID=f5a90a23-db6d-4122-980c-2c6f67b12274, command=[]} | ret=SUCCESS |  
2019-08-29 09:36:53,557 | INFO  | SCMAudit | user=jenkins1000 | ip=192.168.34.42 | op=SEND_HEARTBEAT {datanodeUUID=f5689991-66b6-42db-ba36-9ef251e0e30a, command=[]} | ret=SUCCESS |  
2019-08-29 09:36:53,563 | INFO  | SCMAudit | user=jenkins1000 | ip=192.168.34.42 | op=SEND_HEARTBEAT {datanodeUUID=04dfc250-5117-40ee-9223-ddc31d2a7fac, command=[]} | ret=SUCCESS |  
2019-08-29 09:36:54,118 | INFO  | SCMAudit | user=jenkins1000 | ip=192.168.34.42 | op=SEND_HEARTBEAT {datanodeUUID=cffcff0f-2752-46f1-bb20-4150682c084f, command=[]} | ret=SUCCESS |  
2019-08-29 09:36:54,140 | INFO  | SCMAudit | user=jenkins1000 | ip=192.168.34.42 | op=SEND_HEARTBEAT {datanodeUUID=814b1e79-91cb-4747-afef-225b562b988f, command=[]} | ret=SUCCESS |  
2019-08-29 09:36:54,142 | INFO  | SCMAudit | user=jenkins1000 | ip=192.168.34.42 | op=SEND_HEARTBEAT {datanodeUUID=6a76bae0-5bcd-450f-b761-84a239d32397, command=[]} | ret=SUCCESS |  
2019-08-29 09:36:54,552 | INFO  | SCMAudit | user=jenkins1000 | ip=192.168.34.42 | op=SEND_HEARTBEAT {datanodeUUID=95e6fe0d-ba63-44f7-8a45-847da5452504, command=[]} | ret=SUCCESS |  
2019-08-29 09:36:54,553 | INFO  | SCMAudit | user=jenkins1000 | ip=192.168.34.42 | op=SEND_HEARTBEAT {datanodeUUID=f5a90a23-db6d-4122-980c-2c6f67b12274, command=[]} | ret=SUCCESS |  
2019-08-29 09:36:54,557 | INFO  | SCMAudit | user=jenkins1000 | ip=192.168.34.42 | op=SEND_HEARTBEAT {datanodeUUID=f5689991-66b6-42db-ba36-9ef251e0e30a, command=[]} | ret=SUCCESS |  
2019-08-29 09:36:54,562 | INFO  | SCMAudit | user=jenkins1000 | ip=192.168.34.42 | op=SEND_HEARTBEAT {datanodeUUID=04dfc250-5117-40ee-9223-ddc31d2a7fac, command=[]} | ret=SUCCESS |  
2019-08-29 09:36:55,118 | INFO  | SCMAudit | user=jenkins1000 | ip=192.168.34.42 | op=SEND_HEARTBEAT {datanodeUUID=cffcff0f-2752-46f1-bb20-4150682c084f, command=[]} | ret=SUCCESS |  
2019-08-29 09:36:55,139 | INFO  | SCMAudit | user=jenkins1000 | ip=192.168.34.42 | op=SEND_HEARTBEAT {datanodeUUID=814b1e79-91cb-4747-afef-225b562b988f, command=[]} | ret=SUCCESS |  
2019-08-29 09:36:55,143 | INFO  | SCMAudit | user=jenkins1000 | ip=192.168.34.42 | op=SEND_HEARTBEAT {datanodeUUID=6a76bae0-5bcd-450f-b761-84a239d32397, command=[]} | ret=SUCCESS |  
2019-08-29 09:36:55,552 | INFO  | SCMAudit | user=jenkins1000 | ip=192.168.34.42 | op=SEND_HEARTBEAT {datanodeUUID=95e6fe0d-ba63-44f7-8a45-847da5452504, command=[]} | ret=SUCCESS |  
2019-08-29 09:36:55,553 | INFO  | SCMAudit | user=jenkins1000 | ip=192.168.34.42 | op=SEND_HEARTBEAT {datanodeUUID=f5a90a23-db6d-4122-980c-2c6f67b12274, command=[]} | ret=SUCCESS |  
2019-08-29 09:36:55,557 | INFO  | SCMAudit | user=jenkins1000 | ip=192.168.34.42 | op=SEND_HEARTBEAT {datanodeUUID=f5689991-66b6-42db-ba36-9ef251e0e30a, command=[]} | ret=SUCCESS |  
2019-08-29 09:36:55,562 | INFO  | SCMAudit | user=jenkins1000 | ip=192.168.34.42 | op=SEND_HEARTBEAT {datanodeUUID=04dfc250-5117-40ee-9223-ddc31d2a7fac, command=[]} | ret=SUCCESS |  
2019-08-29 09:36:56,117 | INFO  | SCMAudit | user=jenkins1000 | ip=192.168.34.42 | op=SEND_HEARTBEAT {datanodeUUID=cffcff0f-2752-46f1-bb20-4150682c084f, command=[]} | ret=SUCCESS |  
2019-08-29 09:36:56,139 | INFO  | SCMAudit | user=jenkins1000 | ip=192.168.34.42 | op=SEND_HEARTBEAT {datanodeUUID=814b1e79-91cb-4747-afef-225b562b988f, command=[]} | ret=SUCCESS |  
2019-08-29 09:36:56,143 | INFO  | SCMAudit | user=jenkins1000 | ip=192.168.34.42 | op=SEND_HEARTBEAT {datanodeUUID=6a76bae0-5bcd-450f-b761-84a239d32397, command=[]} | ret=SUCCESS |  
2019-08-29 09:36:56,553 | INFO  | SCMAudit | user=jenkins1000 | ip=192.168.34.42 | op=SEND_HEARTBEAT {datanodeUUID=95e6fe0d-ba63-44f7-8a45-847da5452504, command=[]} | ret=SUCCESS |  
2019-08-29 09:36:56,553 | INFO  | SCMAudit | user=jenkins1000 | ip=192.168.34.42 | op=SEND_HEARTBEAT {datanodeUUID=f5a90a23-db6d-4122-980c-2c6f67b12274, command=[]} | ret=SUCCESS |  
2019-08-29 09:36:56,557 | INFO  | SCMAudit | user=jenkins1000 | ip=192.168.34.42 | op=SEND_HEARTBEAT {datanodeUUID=f5689991-66b6-42db-ba36-9ef251e0e30a, command=[]} | ret=SUCCESS |  
2019-08-29 09:36:56,562 | INFO  | SCMAudit | user=jenkins1000 | ip=192.168.34.42 | op=SEND_HEARTBEAT {datanodeUUID=04dfc250-5117-40ee-9223-ddc31d2a7fac, command=[]} | ret=SUCCESS |  
2019-08-29 09:36:56,725 [grpc-default-executor-4] INFO  client.GrpcClientProtocolClient (GrpcClientProtocolClient.java:onNext(255)) - client-E9E73D333C91->6a76bae0-5bcd-450f-b761-84a239d32397: receive RaftClientReply:client-E9E73D333C91->6a76bae0-5bcd-450f-b761-84a239d32397@group-38214EFEF1B1, cid=45, FAILED org.apache.ratis.protocol.NotLeaderException: Server 6a76bae0-5bcd-450f-b761-84a239d32397 is not the leader (cffcff0f-2752-46f1-bb20-4150682c084f:192.168.34.42:36452). Request must be sent to leader., logIndex=0, commits[6a76bae0-5bcd-450f-b761-84a239d32397:c8, 814b1e79-91cb-4747-afef-225b562b988f:c8, cffcff0f-2752-46f1-bb20-4150682c084f:c8]
2019-08-29 09:36:57,118 | INFO  | SCMAudit | user=jenkins1000 | ip=192.168.34.42 | op=SEND_HEARTBEAT {datanodeUUID=cffcff0f-2752-46f1-bb20-4150682c084f, command=[]} | ret=SUCCESS |  
2019-08-29 09:36:57,139 | INFO  | SCMAudit | user=jenkins1000 | ip=192.168.34.42 | op=SEND_HEARTBEAT {datanodeUUID=814b1e79-91cb-4747-afef-225b562b988f, command=[]} | ret=SUCCESS |  
2019-08-29 09:36:57,142 | INFO  | SCMAudit | user=jenkins1000 | ip=192.168.34.42 | op=SEND_HEARTBEAT {datanodeUUID=6a76bae0-5bcd-450f-b761-84a239d32397, command=[]} | ret=SUCCESS |  
2019-08-29 09:36:57,553 | INFO  | SCMAudit | user=jenkins1000 | ip=192.168.34.42 | op=SEND_HEARTBEAT {datanodeUUID=95e6fe0d-ba63-44f7-8a45-847da5452504, command=[]} | ret=SUCCESS |  
2019-08-29 09:36:57,553 | INFO  | SCMAudit | user=jenkins1000 | ip=192.168.34.42 | op=SEND_HEARTBEAT {datanodeUUID=f5a90a23-db6d-4122-980c-2c6f67b12274, command=[]} | ret=SUCCESS |  
2019-08-29 09:36:57,557 | INFO  | SCMAudit | user=jenkins1000 | ip=192.168.34.42 | op=SEND_HEARTBEAT {datanodeUUID=f5689991-66b6-42db-ba36-9ef251e0e30a, command=[]} | ret=SUCCESS |  
2019-08-29 09:36:57,562 | INFO  | SCMAudit | user=jenkins1000 | ip=192.168.34.42 | op=SEND_HEARTBEAT {datanodeUUID=04dfc250-5117-40ee-9223-ddc31d2a7fac, command=[]} | ret=SUCCESS |  
2019-08-29 09:36:58,118 | INFO  | SCMAudit | user=jenkins1000 | ip=192.168.34.42 | op=SEND_HEARTBEAT {datanodeUUID=cffcff0f-2752-46f1-bb20-4150682c084f, command=[]} | ret=SUCCESS |  
2019-08-29 09:36:58,139 | INFO  | SCMAudit | user=jenkins1000 | ip=192.168.34.42 | op=SEND_HEARTBEAT {datanodeUUID=814b1e79-91cb-4747-afef-225b562b988f, command=[]} | ret=SUCCESS |  
2019-08-29 09:36:58,142 | INFO  | SCMAudit | user=jenkins1000 | ip=192.168.34.42 | op=SEND_HEARTBEAT {datanodeUUID=6a76bae0-5bcd-450f-b761-84a239d32397, command=[]} | ret=SUCCESS |  
2019-08-29 09:36:58,553 | INFO  | SCMAudit | user=jenkins1000 | ip=192.168.34.42 | op=SEND_HEARTBEAT {datanodeUUID=f5a90a23-db6d-4122-980c-2c6f67b12274, command=[]} | ret=SUCCESS |  
2019-08-29 09:36:58,553 | INFO  | SCMAudit | user=jenkins1000 | ip=192.168.34.42 | op=SEND_HEARTBEAT {datanodeUUID=95e6fe0d-ba63-44f7-8a45-847da5452504, command=[]} | ret=SUCCESS |  
2019-08-29 09:36:58,557 | INFO  | SCMAudit | user=jenkins1000 | ip=192.168.34.42 | op=SEND_HEARTBEAT {datanodeUUID=f5689991-66b6-42db-ba36-9ef251e0e30a, command=[]} | ret=SUCCESS |  
2019-08-29 09:36:58,562 | INFO  | SCMAudit | user=jenkins1000 | ip=192.168.34.42 | op=SEND_HEARTBEAT {datanodeUUID=04dfc250-5117-40ee-9223-ddc31d2a7fac, command=[]} | ret=SUCCESS |  
2019-08-29 09:36:59,118 | INFO  | SCMAudit | user=jenkins1000 | ip=192.168.34.42 | op=SEND_HEARTBEAT {datanodeUUID=cffcff0f-2752-46f1-bb20-4150682c084f, command=[]} | ret=SUCCESS |  
2019-08-29 09:36:59,140 | INFO  | SCMAudit | user=jenkins1000 | ip=192.168.34.42 | op=SEND_HEARTBEAT {datanodeUUID=814b1e79-91cb-4747-afef-225b562b988f, command=[]} | ret=SUCCESS |  
2019-08-29 09:36:59,142 | INFO  | SCMAudit | user=jenkins1000 | ip=192.168.34.42 | op=SEND_HEARTBEAT {datanodeUUID=6a76bae0-5bcd-450f-b761-84a239d32397, command=[]} | ret=SUCCESS |  
2019-08-29 09:36:59,554 | INFO  | SCMAudit | user=jenkins1000 | ip=192.168.34.42 | op=SEND_HEARTBEAT {datanodeUUID=f5a90a23-db6d-4122-980c-2c6f67b12274, command=[]} | ret=SUCCESS |  
2019-08-29 09:36:59,554 | INFO  | SCMAudit | user=jenkins1000 | ip=192.168.34.42 | op=SEND_HEARTBEAT {datanodeUUID=95e6fe0d-ba63-44f7-8a45-847da5452504, command=[]} | ret=SUCCESS |  
2019-08-29 09:36:59,557 | INFO  | SCMAudit | user=jenkins1000 | ip=192.168.34.42 | op=SEND_HEARTBEAT {datanodeUUID=f5689991-66b6-42db-ba36-9ef251e0e30a, command=[]} | ret=SUCCESS |  
2019-08-29 09:36:59,562 | INFO  | SCMAudit | user=jenkins1000 | ip=192.168.34.42 | op=SEND_HEARTBEAT {datanodeUUID=04dfc250-5117-40ee-9223-ddc31d2a7fac, command=[]} | ret=SUCCESS |  
2019-08-29 09:37:00,117 | INFO  | SCMAudit | user=jenkins1000 | ip=192.168.34.42 | op=SEND_HEARTBEAT {datanodeUUID=cffcff0f-2752-46f1-bb20-4150682c084f, command=[]} | ret=SUCCESS |  
2019-08-29 09:37:00,140 | INFO  | SCMAudit | user=jenkins1000 | ip=192.168.34.42 | op=SEND_HEARTBEAT {datanodeUUID=814b1e79-91cb-4747-afef-225b562b988f, command=[]} | ret=SUCCESS |  
2019-08-29 09:37:00,142 | INFO  | SCMAudit | user=jenkins1000 | ip=192.168.34.42 | op=SEND_HEARTBEAT {datanodeUUID=6a76bae0-5bcd-450f-b761-84a239d32397, command=[]} | ret=SUCCESS |  
2019-08-29 09:37:00,554 | INFO  | SCMAudit | user=jenkins1000 | ip=192.168.34.42 | op=SEND_HEARTBEAT {datanodeUUID=95e6fe0d-ba63-44f7-8a45-847da5452504, command=[]} | ret=SUCCESS |  
2019-08-29 09:37:00,554 | INFO  | SCMAudit | user=jenkins1000 | ip=192.168.34.42 | op=SEND_HEARTBEAT {datanodeUUID=f5a90a23-db6d-4122-980c-2c6f67b12274, command=[]} | ret=SUCCESS |  
2019-08-29 09:37:00,557 | INFO  | SCMAudit | user=jenkins1000 | ip=192.168.34.42 | op=SEND_HEARTBEAT {datanodeUUID=f5689991-66b6-42db-ba36-9ef251e0e30a, command=[]} | ret=SUCCESS |  
2019-08-29 09:37:00,562 | INFO  | SCMAudit | user=jenkins1000 | ip=192.168.34.42 | op=SEND_HEARTBEAT {datanodeUUID=04dfc250-5117-40ee-9223-ddc31d2a7fac, command=[]} | ret=SUCCESS |  
2019-08-29 09:37:01,118 | INFO  | SCMAudit | user=jenkins1000 | ip=192.168.34.42 | op=SEND_HEARTBEAT {datanodeUUID=cffcff0f-2752-46f1-bb20-4150682c084f, command=[]} | ret=SUCCESS |  
2019-08-29 09:37:01,140 | INFO  | SCMAudit | user=jenkins1000 | ip=192.168.34.42 | op=SEND_HEARTBEAT {datanodeUUID=814b1e79-91cb-4747-afef-225b562b988f, command=[]} | ret=SUCCESS |  
2019-08-29 09:37:01,142 | INFO  | SCMAudit | user=jenkins1000 | ip=192.168.34.42 | op=SEND_HEARTBEAT {datanodeUUID=6a76bae0-5bcd-450f-b761-84a239d32397, command=[]} | ret=SUCCESS |  
2019-08-29 09:37:01,553 | INFO  | SCMAudit | user=jenkins1000 | ip=192.168.34.42 | op=SEND_HEARTBEAT {datanodeUUID=95e6fe0d-ba63-44f7-8a45-847da5452504, command=[]} | ret=SUCCESS |  
2019-08-29 09:37:01,553 | INFO  | SCMAudit | user=jenkins1000 | ip=192.168.34.42 | op=SEND_HEARTBEAT {datanodeUUID=f5a90a23-db6d-4122-980c-2c6f67b12274, command=[]} | ret=SUCCESS |  
2019-08-29 09:37:01,557 | INFO  | SCMAudit | user=jenkins1000 | ip=192.168.34.42 | op=SEND_HEARTBEAT {datanodeUUID=f5689991-66b6-42db-ba36-9ef251e0e30a, command=[]} | ret=SUCCESS |  
2019-08-29 09:37:01,562 | INFO  | SCMAudit | user=jenkins1000 | ip=192.168.34.42 | op=SEND_HEARTBEAT {datanodeUUID=04dfc250-5117-40ee-9223-ddc31d2a7fac, command=[]} | ret=SUCCESS |  
2019-08-29 09:37:01,782 [grpc-default-executor-0] INFO  client.GrpcClientProtocolClient (GrpcClientProtocolClient.java:onNext(255)) - client-E9E73D333C91->6a76bae0-5bcd-450f-b761-84a239d32397: receive RaftClientReply:client-E9E73D333C91->6a76bae0-5bcd-450f-b761-84a239d32397@group-38214EFEF1B1, cid=45, FAILED org.apache.ratis.protocol.NotLeaderException: Server 6a76bae0-5bcd-450f-b761-84a239d32397 is not the leader (cffcff0f-2752-46f1-bb20-4150682c084f:192.168.34.42:36452). Request must be sent to leader., logIndex=0, commits[6a76bae0-5bcd-450f-b761-84a239d32397:c8, 814b1e79-91cb-4747-afef-225b562b988f:c8, cffcff0f-2752-46f1-bb20-4150682c084f:c8]
2019-08-29 09:37:02,118 | INFO  | SCMAudit | user=jenkins1000 | ip=192.168.34.42 | op=SEND_HEARTBEAT {datanodeUUID=cffcff0f-2752-46f1-bb20-4150682c084f, command=[]} | ret=SUCCESS |  
2019-08-29 09:37:02,140 | INFO  | SCMAudit | user=jenkins1000 | ip=192.168.34.42 | op=SEND_HEARTBEAT {datanodeUUID=814b1e79-91cb-4747-afef-225b562b988f, command=[]} | ret=SUCCESS |  
2019-08-29 09:37:02,142 | INFO  | SCMAudit | user=jenkins1000 | ip=192.168.34.42 | op=SEND_HEARTBEAT {datanodeUUID=6a76bae0-5bcd-450f-b761-84a239d32397, command=[]} | ret=SUCCESS |  
2019-08-29 09:37:02,553 | INFO  | SCMAudit | user=jenkins1000 | ip=192.168.34.42 | op=SEND_HEARTBEAT {datanodeUUID=95e6fe0d-ba63-44f7-8a45-847da5452504, command=[]} | ret=SUCCESS |  
2019-08-29 09:37:02,553 | INFO  | SCMAudit | user=jenkins1000 | ip=192.168.34.42 | op=SEND_HEARTBEAT {datanodeUUID=f5a90a23-db6d-4122-980c-2c6f67b12274, command=[]} | ret=SUCCESS |  
2019-08-29 09:37:02,557 | INFO  | SCMAudit | user=jenkins1000 | ip=192.168.34.42 | op=SEND_HEARTBEAT {datanodeUUID=f5689991-66b6-42db-ba36-9ef251e0e30a, command=[]} | ret=SUCCESS |  
2019-08-29 09:37:02,562 | INFO  | SCMAudit | user=jenkins1000 | ip=192.168.34.42 | op=SEND_HEARTBEAT {datanodeUUID=04dfc250-5117-40ee-9223-ddc31d2a7fac, command=[]} | ret=SUCCESS |  
2019-08-29 09:37:03,118 | INFO  | SCMAudit | user=jenkins1000 | ip=192.168.34.42 | op=SEND_HEARTBEAT {datanodeUUID=cffcff0f-2752-46f1-bb20-4150682c084f, command=[]} | ret=SUCCESS |  
2019-08-29 09:37:03,139 | INFO  | SCMAudit | user=jenkins1000 | ip=192.168.34.42 | op=SEND_HEARTBEAT {datanodeUUID=814b1e79-91cb-4747-afef-225b562b988f, command=[]} | ret=SUCCESS |  
2019-08-29 09:37:03,142 | INFO  | SCMAudit | user=jenkins1000 | ip=192.168.34.42 | op=SEND_HEARTBEAT {datanodeUUID=6a76bae0-5bcd-450f-b761-84a239d32397, command=[]} | ret=SUCCESS |  
2019-08-29 09:37:03,553 | INFO  | SCMAudit | user=jenkins1000 | ip=192.168.34.42 | op=SEND_HEARTBEAT {datanodeUUID=95e6fe0d-ba63-44f7-8a45-847da5452504, command=[]} | ret=SUCCESS |  
2019-08-29 09:37:03,553 | INFO  | SCMAudit | user=jenkins1000 | ip=192.168.34.42 | op=SEND_HEARTBEAT {datanodeUUID=f5a90a23-db6d-4122-980c-2c6f67b12274, command=[]} | ret=SUCCESS |  
2019-08-29 09:37:03,557 | INFO  | SCMAudit | user=jenkins1000 | ip=192.168.34.42 | op=SEND_HEARTBEAT {datanodeUUID=f5689991-66b6-42db-ba36-9ef251e0e30a, command=[]} | ret=SUCCESS |  
2019-08-29 09:37:03,562 | INFO  | SCMAudit | user=jenkins1000 | ip=192.168.34.42 | op=SEND_HEARTBEAT {datanodeUUID=04dfc250-5117-40ee-9223-ddc31d2a7fac, command=[]} | ret=SUCCESS |  
2019-08-29 09:37:04,118 | INFO  | SCMAudit | user=jenkins1000 | ip=192.168.34.42 | op=SEND_HEARTBEAT {datanodeUUID=cffcff0f-2752-46f1-bb20-4150682c084f, command=[]} | ret=SUCCESS |  
2019-08-29 09:37:04,139 | INFO  | SCMAudit | user=jenkins1000 | ip=192.168.34.42 | op=SEND_HEARTBEAT {datanodeUUID=814b1e79-91cb-4747-afef-225b562b988f, command=[]} | ret=SUCCESS |  
2019-08-29 09:37:04,142 | INFO  | SCMAudit | user=jenkins1000 | ip=192.168.34.42 | op=SEND_HEARTBEAT {datanodeUUID=6a76bae0-5bcd-450f-b761-84a239d32397, command=[]} | ret=SUCCESS |  
2019-08-29 09:37:04,554 | INFO  | SCMAudit | user=jenkins1000 | ip=192.168.34.42 | op=SEND_HEARTBEAT {datanodeUUID=95e6fe0d-ba63-44f7-8a45-847da5452504, command=[]} | ret=SUCCESS |  
2019-08-29 09:37:04,554 | INFO  | SCMAudit | user=jenkins1000 | ip=192.168.34.42 | op=SEND_HEARTBEAT {datanodeUUID=f5a90a23-db6d-4122-980c-2c6f67b12274, command=[]} | ret=SUCCESS |  
2019-08-29 09:37:04,557 | INFO  | SCMAudit | user=jenkins1000 | ip=192.168.34.42 | op=SEND_HEARTBEAT {datanodeUUID=f5689991-66b6-42db-ba36-9ef251e0e30a, command=[]} | ret=SUCCESS |  
2019-08-29 09:37:04,562 | INFO  | SCMAudit | user=jenkins1000 | ip=192.168.34.42 | op=SEND_HEARTBEAT {datanodeUUID=04dfc250-5117-40ee-9223-ddc31d2a7fac, command=[]} | ret=SUCCESS |  
2019-08-29 09:37:05,118 | INFO  | SCMAudit | user=jenkins1000 | ip=192.168.34.42 | op=SEND_HEARTBEAT {datanodeUUID=cffcff0f-2752-46f1-bb20-4150682c084f, command=[]} | ret=SUCCESS |  
2019-08-29 09:37:05,139 | INFO  | SCMAudit | user=jenkins1000 | ip=192.168.34.42 | op=SEND_HEARTBEAT {datanodeUUID=814b1e79-91cb-4747-afef-225b562b988f, command=[]} | ret=SUCCESS |  
2019-08-29 09:37:05,142 | INFO  | SCMAudit | user=jenkins1000 | ip=192.168.34.42 | op=SEND_HEARTBEAT {datanodeUUID=6a76bae0-5bcd-450f-b761-84a239d32397, command=[]} | ret=SUCCESS |  
2019-08-29 09:37:05,554 | INFO  | SCMAudit | user=jenkins1000 | ip=192.168.34.42 | op=SEND_HEARTBEAT {datanodeUUID=95e6fe0d-ba63-44f7-8a45-847da5452504, command=[]} | ret=SUCCESS |  
2019-08-29 09:37:05,554 | INFO  | SCMAudit | user=jenkins1000 | ip=192.168.34.42 | op=SEND_HEARTBEAT {datanodeUUID=f5a90a23-db6d-4122-980c-2c6f67b12274, command=[]} | ret=SUCCESS |  
2019-08-29 09:37:05,558 | INFO  | SCMAudit | user=jenkins1000 | ip=192.168.34.42 | op=SEND_HEARTBEAT {datanodeUUID=f5689991-66b6-42db-ba36-9ef251e0e30a, command=[]} | ret=SUCCESS |  
2019-08-29 09:37:05,563 | INFO  | SCMAudit | user=jenkins1000 | ip=192.168.34.42 | op=SEND_HEARTBEAT {datanodeUUID=04dfc250-5117-40ee-9223-ddc31d2a7fac, command=[]} | ret=SUCCESS |  
2019-08-29 09:37:06,088 [ReplicationMonitor] INFO  container.ReplicationManager (ReplicationManager.java:run(215)) - Replication Monitor Thread took 1 milliseconds for processing 3 containers.
2019-08-29 09:37:06,119 | INFO  | SCMAudit | user=jenkins1000 | ip=192.168.34.42 | op=SEND_HEARTBEAT {datanodeUUID=cffcff0f-2752-46f1-bb20-4150682c084f, command=[]} | ret=SUCCESS |  
2019-08-29 09:37:06,139 | INFO  | SCMAudit | user=jenkins1000 | ip=192.168.34.42 | op=SEND_HEARTBEAT {datanodeUUID=814b1e79-91cb-4747-afef-225b562b988f, command=[]} | ret=SUCCESS |  
2019-08-29 09:37:06,143 | INFO  | SCMAudit | user=jenkins1000 | ip=192.168.34.42 | op=SEND_HEARTBEAT {datanodeUUID=6a76bae0-5bcd-450f-b761-84a239d32397, command=[]} | ret=SUCCESS |  
2019-08-29 09:37:06,554 | INFO  | SCMAudit | user=jenkins1000 | ip=192.168.34.42 | op=SEND_HEARTBEAT {datanodeUUID=f5a90a23-db6d-4122-980c-2c6f67b12274, command=[]} | ret=SUCCESS |  
2019-08-29 09:37:06,554 | INFO  | SCMAudit | user=jenkins1000 | ip=192.168.34.42 | op=SEND_HEARTBEAT {datanodeUUID=95e6fe0d-ba63-44f7-8a45-847da5452504, command=[]} | ret=SUCCESS |  
2019-08-29 09:37:06,557 | INFO  | SCMAudit | user=jenkins1000 | ip=192.168.34.42 | op=SEND_HEARTBEAT {datanodeUUID=f5689991-66b6-42db-ba36-9ef251e0e30a, command=[]} | ret=SUCCESS |  
2019-08-29 09:37:06,562 | INFO  | SCMAudit | user=jenkins1000 | ip=192.168.34.42 | op=SEND_HEARTBEAT {datanodeUUID=04dfc250-5117-40ee-9223-ddc31d2a7fac, command=[]} | ret=SUCCESS |  
2019-08-29 09:37:06,814 [grpc-default-executor-4] INFO  client.GrpcClientProtocolClient (GrpcClientProtocolClient.java:onNext(255)) - client-E9E73D333C91->814b1e79-91cb-4747-afef-225b562b988f: receive RaftClientReply:client-E9E73D333C91->814b1e79-91cb-4747-afef-225b562b988f@group-38214EFEF1B1, cid=45, FAILED org.apache.ratis.protocol.NotLeaderException: Server 814b1e79-91cb-4747-afef-225b562b988f is not the leader (cffcff0f-2752-46f1-bb20-4150682c084f:192.168.34.42:36452). Request must be sent to leader., logIndex=0, commits[814b1e79-91cb-4747-afef-225b562b988f:c8, 6a76bae0-5bcd-450f-b761-84a239d32397:c8, cffcff0f-2752-46f1-bb20-4150682c084f:c8]
2019-08-29 09:37:07,118 | INFO  | SCMAudit | user=jenkins1000 | ip=192.168.34.42 | op=SEND_HEARTBEAT {datanodeUUID=cffcff0f-2752-46f1-bb20-4150682c084f, command=[]} | ret=SUCCESS |  
2019-08-29 09:37:07,140 | INFO  | SCMAudit | user=jenkins1000 | ip=192.168.34.42 | op=SEND_HEARTBEAT {datanodeUUID=814b1e79-91cb-4747-afef-225b562b988f, command=[]} | ret=SUCCESS |  
2019-08-29 09:37:07,143 | INFO  | SCMAudit | user=jenkins1000 | ip=192.168.34.42 | op=SEND_HEARTBEAT {datanodeUUID=6a76bae0-5bcd-450f-b761-84a239d32397, command=[]} | ret=SUCCESS |  
2019-08-29 09:37:07,553 | INFO  | SCMAudit | user=jenkins1000 | ip=192.168.34.42 | op=SEND_HEARTBEAT {datanodeUUID=f5a90a23-db6d-4122-980c-2c6f67b12274, command=[]} | ret=SUCCESS |  
2019-08-29 09:37:07,553 | INFO  | SCMAudit | user=jenkins1000 | ip=192.168.34.42 | op=SEND_HEARTBEAT {datanodeUUID=95e6fe0d-ba63-44f7-8a45-847da5452504, command=[]} | ret=SUCCESS |  
2019-08-29 09:37:07,557 | INFO  | SCMAudit | user=jenkins1000 | ip=192.168.34.42 | op=SEND_HEARTBEAT {datanodeUUID=f5689991-66b6-42db-ba36-9ef251e0e30a, command=[]} | ret=SUCCESS |  
2019-08-29 09:37:07,562 | INFO  | SCMAudit | user=jenkins1000 | ip=192.168.34.42 | op=SEND_HEARTBEAT {datanodeUUID=04dfc250-5117-40ee-9223-ddc31d2a7fac, command=[]} | ret=SUCCESS |  
2019-08-29 09:37:08,118 | INFO  | SCMAudit | user=jenkins1000 | ip=192.168.34.42 | op=SEND_HEARTBEAT {datanodeUUID=cffcff0f-2752-46f1-bb20-4150682c084f, command=[]} | ret=SUCCESS |  
2019-08-29 09:37:08,140 | INFO  | SCMAudit | user=jenkins1000 | ip=192.168.34.42 | op=SEND_HEARTBEAT {datanodeUUID=814b1e79-91cb-4747-afef-225b562b988f, command=[]} | ret=SUCCESS |  
2019-08-29 09:37:08,143 | INFO  | SCMAudit | user=jenkins1000 | ip=192.168.34.42 | op=SEND_HEARTBEAT {datanodeUUID=6a76bae0-5bcd-450f-b761-84a239d32397, command=[]} | ret=SUCCESS |  
2019-08-29 09:37:08,553 | INFO  | SCMAudit | user=jenkins1000 | ip=192.168.34.42 | op=SEND_HEARTBEAT {datanodeUUID=95e6fe0d-ba63-44f7-8a45-847da5452504, command=[]} | ret=SUCCESS |  
2019-08-29 09:37:08,553 | INFO  | SCMAudit | user=jenkins1000 | ip=192.168.34.42 | op=SEND_HEARTBEAT {datanodeUUID=f5a90a23-db6d-4122-980c-2c6f67b12274, command=[]} | ret=SUCCESS |  
2019-08-29 09:37:08,557 | INFO  | SCMAudit | user=jenkins1000 | ip=192.168.34.42 | op=SEND_HEARTBEAT {datanodeUUID=f5689991-66b6-42db-ba36-9ef251e0e30a, command=[]} | ret=SUCCESS |  
2019-08-29 09:37:08,562 | INFO  | SCMAudit | user=jenkins1000 | ip=192.168.34.42 | op=SEND_HEARTBEAT {datanodeUUID=04dfc250-5117-40ee-9223-ddc31d2a7fac, command=[]} | ret=SUCCESS |  
2019-08-29 09:37:09,119 | INFO  | SCMAudit | user=jenkins1000 | ip=192.168.34.42 | op=SEND_HEARTBEAT {datanodeUUID=cffcff0f-2752-46f1-bb20-4150682c084f, command=[]} | ret=SUCCESS |  
2019-08-29 09:37:09,140 | INFO  | SCMAudit | user=jenkins1000 | ip=192.168.34.42 | op=SEND_HEARTBEAT {datanodeUUID=814b1e79-91cb-4747-afef-225b562b988f, command=[]} | ret=SUCCESS |  
2019-08-29 09:37:09,143 | INFO  | SCMAudit | user=jenkins1000 | ip=192.168.34.42 | op=SEND_HEARTBEAT {datanodeUUID=6a76bae0-5bcd-450f-b761-84a239d32397, command=[]} | ret=SUCCESS |  
2019-08-29 09:37:09,553 | INFO  | SCMAudit | user=jenkins1000 | ip=192.168.34.42 | op=SEND_HEARTBEAT {datanodeUUID=f5a90a23-db6d-4122-980c-2c6f67b12274, command=[]} | ret=SUCCESS |  
2019-08-29 09:37:09,553 | INFO  | SCMAudit | user=jenkins1000 | ip=192.168.34.42 | op=SEND_HEARTBEAT {datanodeUUID=95e6fe0d-ba63-44f7-8a45-847da5452504, command=[]} | ret=SUCCESS |  
2019-08-29 09:37:09,557 | INFO  | SCMAudit | user=jenkins1000 | ip=192.168.34.42 | op=SEND_HEARTBEAT {datanodeUUID=f5689991-66b6-42db-ba36-9ef251e0e30a, command=[]} | ret=SUCCESS |  
2019-08-29 09:37:09,562 | INFO  | SCMAudit | user=jenkins1000 | ip=192.168.34.42 | op=SEND_HEARTBEAT {datanodeUUID=04dfc250-5117-40ee-9223-ddc31d2a7fac, command=[]} | ret=SUCCESS |  
2019-08-29 09:37:10,118 | INFO  | SCMAudit | user=jenkins1000 | ip=192.168.34.42 | op=SEND_HEARTBEAT {datanodeUUID=cffcff0f-2752-46f1-bb20-4150682c084f, command=[]} | ret=SUCCESS |  
2019-08-29 09:37:10,140 | INFO  | SCMAudit | user=jenkins1000 | ip=192.168.34.42 | op=SEND_HEARTBEAT {datanodeUUID=814b1e79-91cb-4747-afef-225b562b988f, command=[]} | ret=SUCCESS |  
2019-08-29 09:37:10,143 | INFO  | SCMAudit | user=jenkins1000 | ip=192.168.34.42 | op=SEND_HEARTBEAT {datanodeUUID=6a76bae0-5bcd-450f-b761-84a239d32397, command=[]} | ret=SUCCESS |  
2019-08-29 09:37:10,554 | INFO  | SCMAudit | user=jenkins1000 | ip=192.168.34.42 | op=SEND_HEARTBEAT {datanodeUUID=f5a90a23-db6d-4122-980c-2c6f67b12274, command=[]} | ret=SUCCESS |  
2019-08-29 09:37:10,554 | INFO  | SCMAudit | user=jenkins1000 | ip=192.168.34.42 | op=SEND_HEARTBEAT {datanodeUUID=95e6fe0d-ba63-44f7-8a45-847da5452504, command=[]} | ret=SUCCESS |  
2019-08-29 09:37:10,557 | INFO  | SCMAudit | user=jenkins1000 | ip=192.168.34.42 | op=SEND_HEARTBEAT {datanodeUUID=f5689991-66b6-42db-ba36-9ef251e0e30a, command=[]} | ret=SUCCESS |  
2019-08-29 09:37:10,562 | INFO  | SCMAudit | user=jenkins1000 | ip=192.168.34.42 | op=SEND_HEARTBEAT {datanodeUUID=04dfc250-5117-40ee-9223-ddc31d2a7fac, command=[]} | ret=SUCCESS |  
2019-08-29 09:37:11,119 | INFO  | SCMAudit | user=jenkins1000 | ip=192.168.34.42 | op=SEND_HEARTBEAT {datanodeUUID=cffcff0f-2752-46f1-bb20-4150682c084f, command=[]} | ret=SUCCESS |  
2019-08-29 09:37:11,141 | INFO  | SCMAudit | user=jenkins1000 | ip=192.168.34.42 | op=SEND_HEARTBEAT {datanodeUUID=814b1e79-91cb-4747-afef-225b562b988f, command=[]} | ret=SUCCESS |  
2019-08-29 09:37:11,143 | INFO  | SCMAudit | user=jenkins1000 | ip=192.168.34.42 | op=SEND_HEARTBEAT {datanodeUUID=6a76bae0-5bcd-450f-b761-84a239d32397, command=[]} | ret=SUCCESS |  
2019-08-29 09:37:11,553 | INFO  | SCMAudit | user=jenkins1000 | ip=192.168.34.42 | op=SEND_HEARTBEAT {datanodeUUID=95e6fe0d-ba63-44f7-8a45-847da5452504, command=[]} | ret=SUCCESS |  
2019-08-29 09:37:11,553 | INFO  | SCMAudit | user=jenkins1000 | ip=192.168.34.42 | op=SEND_HEARTBEAT {datanodeUUID=f5a90a23-db6d-4122-980c-2c6f67b12274, command=[]} | ret=SUCCESS |  
2019-08-29 09:37:11,557 | INFO  | SCMAudit | user=jenkins1000 | ip=192.168.34.42 | op=SEND_HEARTBEAT {datanodeUUID=f5689991-66b6-42db-ba36-9ef251e0e30a, command=[]} | ret=SUCCESS |  
2019-08-29 09:37:11,562 | INFO  | SCMAudit | user=jenkins1000 | ip=192.168.34.42 | op=SEND_HEARTBEAT {datanodeUUID=04dfc250-5117-40ee-9223-ddc31d2a7fac, command=[]} | ret=SUCCESS |  
2019-08-29 09:37:11,849 [grpc-default-executor-4] INFO  client.GrpcClientProtocolClient (GrpcClientProtocolClient.java:onNext(255)) - client-E9E73D333C91->814b1e79-91cb-4747-afef-225b562b988f: receive RaftClientReply:client-E9E73D333C91->814b1e79-91cb-4747-afef-225b562b988f@group-38214EFEF1B1, cid=45, FAILED org.apache.ratis.protocol.NotLeaderException: Server 814b1e79-91cb-4747-afef-225b562b988f is not the leader (cffcff0f-2752-46f1-bb20-4150682c084f:192.168.34.42:36452). Request must be sent to leader., logIndex=0, commits[814b1e79-91cb-4747-afef-225b562b988f:c8, 6a76bae0-5bcd-450f-b761-84a239d32397:c8, cffcff0f-2752-46f1-bb20-4150682c084f:c8]
2019-08-29 09:37:11,860 [main] INFO  ozone.MiniOzoneClusterImpl (MiniOzoneClusterImpl.java:shutdown(307)) - Shutting down the Mini Ozone Cluster
2019-08-29 09:37:11,860 | INFO  | SCMAudit | user=null | ip=null | op=GET_SCM_INFO null | ret=SUCCESS |  
2019-08-29 09:37:11,860 [main] INFO  ozone.MiniOzoneClusterImpl (MiniOzoneClusterImpl.java:stop(322)) - Stopping the Mini Ozone Cluster
2019-08-29 09:37:11,861 [main] INFO  ozone.MiniOzoneClusterImpl (MiniOzoneClusterImpl.java:stop(324)) - Stopping the OzoneManager
2019-08-29 09:37:11,861 [main] INFO  ipc.Server (Server.java:stop(3082)) - Stopping server on 37341
2019-08-29 09:37:11,881 [main] INFO  ratis.OzoneManagerDoubleBuffer (OzoneManagerDoubleBuffer.java:stop(248)) - Stopping OMDoubleBuffer flush thread
2019-08-29 09:37:11,885 [IPC Server Responder] INFO  ipc.Server (Server.java:run(1319)) - Stopping IPC Server Responder
2019-08-29 09:37:11,881 [IPC Server listener on 37341] INFO  ipc.Server (Server.java:run(1185)) - Stopping IPC Server listener on 37341
2019-08-29 09:37:11,902 [OMDoubleBufferFlushThread] INFO  ratis.OzoneManagerDoubleBuffer (OzoneManagerDoubleBuffer.java:flushTransactions(191)) - OMDoubleBuffer flush thread OMDoubleBufferFlushThread is interrupted and will exit. OMDoubleBufferFlushThread
2019-08-29 09:37:11,905 [main] INFO  utils.BackgroundService (BackgroundService.java:shutdown(148)) - Shutting down service KeyDeletingService
2019-08-29 09:37:12,119 | INFO  | SCMAudit | user=jenkins1000 | ip=192.168.34.42 | op=SEND_HEARTBEAT {datanodeUUID=cffcff0f-2752-46f1-bb20-4150682c084f, command=[]} | ret=SUCCESS |  
2019-08-29 09:37:12,140 | INFO  | SCMAudit | user=jenkins1000 | ip=192.168.34.42 | op=SEND_HEARTBEAT {datanodeUUID=814b1e79-91cb-4747-afef-225b562b988f, command=[]} | ret=SUCCESS |  
2019-08-29 09:37:12,143 | INFO  | SCMAudit | user=jenkins1000 | ip=192.168.34.42 | op=SEND_HEARTBEAT {datanodeUUID=6a76bae0-5bcd-450f-b761-84a239d32397, command=[]} | ret=SUCCESS |  
2019-08-29 09:37:12,553 | INFO  | SCMAudit | user=jenkins1000 | ip=192.168.34.42 | op=SEND_HEARTBEAT {datanodeUUID=f5a90a23-db6d-4122-980c-2c6f67b12274, command=[]} | ret=SUCCESS |  
2019-08-29 09:37:12,553 | INFO  | SCMAudit | user=jenkins1000 | ip=192.168.34.42 | op=SEND_HEARTBEAT {datanodeUUID=95e6fe0d-ba63-44f7-8a45-847da5452504, command=[]} | ret=SUCCESS |  
2019-08-29 09:37:12,557 | INFO  | SCMAudit | user=jenkins1000 | ip=192.168.34.42 | op=SEND_HEARTBEAT {datanodeUUID=f5689991-66b6-42db-ba36-9ef251e0e30a, command=[]} | ret=SUCCESS |  
2019-08-29 09:37:12,562 | INFO  | SCMAudit | user=jenkins1000 | ip=192.168.34.42 | op=SEND_HEARTBEAT {datanodeUUID=04dfc250-5117-40ee-9223-ddc31d2a7fac, command=[]} | ret=SUCCESS |  
2019-08-29 09:37:13,119 | INFO  | SCMAudit | user=jenkins1000 | ip=192.168.34.42 | op=SEND_HEARTBEAT {datanodeUUID=cffcff0f-2752-46f1-bb20-4150682c084f, command=[]} | ret=SUCCESS |  
2019-08-29 09:37:13,141 | INFO  | SCMAudit | user=jenkins1000 | ip=192.168.34.42 | op=SEND_HEARTBEAT {datanodeUUID=814b1e79-91cb-4747-afef-225b562b988f, command=[]} | ret=SUCCESS |  
2019-08-29 09:37:13,143 | INFO  | SCMAudit | user=jenkins1000 | ip=192.168.34.42 | op=SEND_HEARTBEAT {datanodeUUID=6a76bae0-5bcd-450f-b761-84a239d32397, command=[]} | ret=SUCCESS |  
2019-08-29 09:37:13,553 | INFO  | SCMAudit | user=jenkins1000 | ip=192.168.34.42 | op=SEND_HEARTBEAT {datanodeUUID=f5a90a23-db6d-4122-980c-2c6f67b12274, command=[]} | ret=SUCCESS |  
2019-08-29 09:37:13,553 | INFO  | SCMAudit | user=jenkins1000 | ip=192.168.34.42 | op=SEND_HEARTBEAT {datanodeUUID=95e6fe0d-ba63-44f7-8a45-847da5452504, command=[]} | ret=SUCCESS |  
2019-08-29 09:37:13,557 | INFO  | SCMAudit | user=jenkins1000 | ip=192.168.34.42 | op=SEND_HEARTBEAT {datanodeUUID=f5689991-66b6-42db-ba36-9ef251e0e30a, command=[]} | ret=SUCCESS |  
2019-08-29 09:37:13,562 | INFO  | SCMAudit | user=jenkins1000 | ip=192.168.34.42 | op=SEND_HEARTBEAT {datanodeUUID=04dfc250-5117-40ee-9223-ddc31d2a7fac, command=[]} | ret=SUCCESS |  
2019-08-29 09:37:13,843 [main] INFO  handler.ContextHandler (ContextHandler.java:doStop(910)) - Stopped o.e.j.w.WebAppContext@497d4c96{/,null,UNAVAILABLE}{/ozoneManager}
2019-08-29 09:37:13,845 [main] INFO  server.AbstractConnector (AbstractConnector.java:doStop(318)) - Stopped ServerConnector@3472947a{HTTP/1.1,[http/1.1]}{0.0.0.0:0}
2019-08-29 09:37:13,846 [main] INFO  handler.ContextHandler (ContextHandler.java:doStop(910)) - Stopped o.e.j.s.ServletContextHandler@798dad3d{/static,file:///workdir/hadoop-ozone/integration-test/target/test-classes/webapps/static,UNAVAILABLE}
2019-08-29 09:37:13,846 [main] INFO  handler.ContextHandler (ContextHandler.java:doStop(910)) - Stopped o.e.j.s.ServletContextHandler@e280403{/logs,file:///workdir/hadoop-ozone/integration-test/target/log,UNAVAILABLE}
2019-08-29 09:37:13,851 [main] INFO  ozone.MiniOzoneClusterImpl (MiniOzoneClusterImpl.java:stop(330)) - Shutting the HddsDatanodes
2019-08-29 09:37:14,119 | INFO  | SCMAudit | user=jenkins1000 | ip=192.168.34.42 | op=SEND_HEARTBEAT {datanodeUUID=cffcff0f-2752-46f1-bb20-4150682c084f, command=[]} | ret=SUCCESS |  
2019-08-29 09:37:14,140 [Datanode State Machine Thread - 0] INFO  statemachine.DatanodeStateMachine (DatanodeStateMachine.java:lambda$startDaemon$0(350)) - Ozone container server started.
2019-08-29 09:37:14,143 | INFO  | SCMAudit | user=jenkins1000 | ip=192.168.34.42 | op=SEND_HEARTBEAT {datanodeUUID=6a76bae0-5bcd-450f-b761-84a239d32397, command=[]} | ret=SUCCESS |  
2019-08-29 09:37:14,553 | INFO  | SCMAudit | user=jenkins1000 | ip=192.168.34.42 | op=SEND_HEARTBEAT {datanodeUUID=95e6fe0d-ba63-44f7-8a45-847da5452504, command=[]} | ret=SUCCESS |  
2019-08-29 09:37:14,554 | INFO  | SCMAudit | user=jenkins1000 | ip=192.168.34.42 | op=SEND_HEARTBEAT {datanodeUUID=f5a90a23-db6d-4122-980c-2c6f67b12274, command=[]} | ret=SUCCESS |  
2019-08-29 09:37:14,557 | INFO  | SCMAudit | user=jenkins1000 | ip=192.168.34.42 | op=SEND_HEARTBEAT {datanodeUUID=f5689991-66b6-42db-ba36-9ef251e0e30a, command=[]} | ret=SUCCESS |  
2019-08-29 09:37:14,562 [Datanode State Machine Thread - 0] INFO  statemachine.DatanodeStateMachine (DatanodeStateMachine.java:lambda$startDaemon$0(350)) - Ozone container server started.
2019-08-29 09:37:15,119 | INFO  | SCMAudit | user=jenkins1000 | ip=192.168.34.42 | op=SEND_HEARTBEAT {datanodeUUID=cffcff0f-2752-46f1-bb20-4150682c084f, command=[]} | ret=SUCCESS |  
2019-08-29 09:37:15,144 | INFO  | SCMAudit | user=jenkins1000 | ip=192.168.34.42 | op=SEND_HEARTBEAT {datanodeUUID=6a76bae0-5bcd-450f-b761-84a239d32397, command=[]} | ret=SUCCESS |  
2019-08-29 09:37:15,554 | INFO  | SCMAudit | user=jenkins1000 | ip=192.168.34.42 | op=SEND_HEARTBEAT {datanodeUUID=95e6fe0d-ba63-44f7-8a45-847da5452504, command=[]} | ret=SUCCESS |  
2019-08-29 09:37:15,554 | INFO  | SCMAudit | user=jenkins1000 | ip=192.168.34.42 | op=SEND_HEARTBEAT {datanodeUUID=f5a90a23-db6d-4122-980c-2c6f67b12274, command=[]} | ret=SUCCESS |  
2019-08-29 09:37:15,557 | INFO  | SCMAudit | user=jenkins1000 | ip=192.168.34.42 | op=SEND_HEARTBEAT {datanodeUUID=f5689991-66b6-42db-ba36-9ef251e0e30a, command=[]} | ret=SUCCESS |  
2019-08-29 09:37:16,119 | INFO  | SCMAudit | user=jenkins1000 | ip=192.168.34.42 | op=SEND_HEARTBEAT {datanodeUUID=cffcff0f-2752-46f1-bb20-4150682c084f, command=[]} | ret=SUCCESS |  
2019-08-29 09:37:16,143 | INFO  | SCMAudit | user=jenkins1000 | ip=192.168.34.42 | op=SEND_HEARTBEAT {datanodeUUID=6a76bae0-5bcd-450f-b761-84a239d32397, command=[]} | ret=SUCCESS |  
2019-08-29 09:37:16,554 | INFO  | SCMAudit | user=jenkins1000 | ip=192.168.34.42 | op=SEND_HEARTBEAT {datanodeUUID=f5a90a23-db6d-4122-980c-2c6f67b12274, command=[]} | ret=SUCCESS |  
2019-08-29 09:37:16,554 | INFO  | SCMAudit | user=jenkins1000 | ip=192.168.34.42 | op=SEND_HEARTBEAT {datanodeUUID=95e6fe0d-ba63-44f7-8a45-847da5452504, command=[]} | ret=SUCCESS |  
2019-08-29 09:37:16,557 | INFO  | SCMAudit | user=jenkins1000 | ip=192.168.34.42 | op=SEND_HEARTBEAT {datanodeUUID=f5689991-66b6-42db-ba36-9ef251e0e30a, command=[]} | ret=SUCCESS |  
2019-08-29 09:37:17,120 | INFO  | SCMAudit | user=jenkins1000 | ip=192.168.34.42 | op=SEND_HEARTBEAT {datanodeUUID=cffcff0f-2752-46f1-bb20-4150682c084f, command=[]} | ret=SUCCESS |  
2019-08-29 09:37:17,143 | INFO  | SCMAudit | user=jenkins1000 | ip=192.168.34.42 | op=SEND_HEARTBEAT {datanodeUUID=6a76bae0-5bcd-450f-b761-84a239d32397, command=[]} | ret=SUCCESS |  
2019-08-29 09:37:17,554 | INFO  | SCMAudit | user=jenkins1000 | ip=192.168.34.42 | op=SEND_HEARTBEAT {datanodeUUID=f5a90a23-db6d-4122-980c-2c6f67b12274, command=[]} | ret=SUCCESS |  
2019-08-29 09:37:17,554 | INFO  | SCMAudit | user=jenkins1000 | ip=192.168.34.42 | op=SEND_HEARTBEAT {datanodeUUID=95e6fe0d-ba63-44f7-8a45-847da5452504, command=[]} | ret=SUCCESS |  
2019-08-29 09:37:17,557 | INFO  | SCMAudit | user=jenkins1000 | ip=192.168.34.42 | op=SEND_HEARTBEAT {datanodeUUID=f5689991-66b6-42db-ba36-9ef251e0e30a, command=[]} | ret=SUCCESS |  
2019-08-29 09:37:18,120 | INFO  | SCMAudit | user=jenkins1000 | ip=192.168.34.42 | op=SEND_HEARTBEAT {datanodeUUID=cffcff0f-2752-46f1-bb20-4150682c084f, command=[]} | ret=SUCCESS |  
2019-08-29 09:37:18,143 | INFO  | SCMAudit | user=jenkins1000 | ip=192.168.34.42 | op=SEND_HEARTBEAT {datanodeUUID=6a76bae0-5bcd-450f-b761-84a239d32397, command=[]} | ret=SUCCESS |  
2019-08-29 09:37:18,554 | INFO  | SCMAudit | user=jenkins1000 | ip=192.168.34.42 | op=SEND_HEARTBEAT {datanodeUUID=95e6fe0d-ba63-44f7-8a45-847da5452504, command=[]} | ret=SUCCESS |  
2019-08-29 09:37:18,554 | INFO  | SCMAudit | user=jenkins1000 | ip=192.168.34.42 | op=SEND_HEARTBEAT {datanodeUUID=f5a90a23-db6d-4122-980c-2c6f67b12274, command=[]} | ret=SUCCESS |  
2019-08-29 09:37:18,557 | INFO  | SCMAudit | user=jenkins1000 | ip=192.168.34.42 | op=SEND_HEARTBEAT {datanodeUUID=f5689991-66b6-42db-ba36-9ef251e0e30a, command=[]} | ret=SUCCESS |  
2019-08-29 09:37:18,852 [main] INFO  ozoneimpl.OzoneContainer (OzoneContainer.java:stop(215)) - Attempting to stop container services.
2019-08-29 09:37:18,852 [ForkJoinPool.commonPool-worker-0] INFO  ozoneimpl.OzoneContainer (OzoneContainer.java:stop(215)) - Attempting to stop container services.
2019-08-29 09:37:18,853 [main] INFO  impl.RaftServerProxy (RaftServerProxy.java:lambda$close$4(314)) - 04dfc250-5117-40ee-9223-ddc31d2a7fac: close
2019-08-29 09:37:18,853 [ForkJoinPool.commonPool-worker-0] INFO  impl.RaftServerProxy (RaftServerProxy.java:lambda$close$4(314)) - 814b1e79-91cb-4747-afef-225b562b988f: close
2019-08-29 09:37:18,853 [main] INFO  impl.RaftServerImpl (RaftServerImpl.java:lambda$shutdown$3(245)) - 04dfc250-5117-40ee-9223-ddc31d2a7fac: shutdown group-F5D9A5D25B06
2019-08-29 09:37:18,853 [ForkJoinPool.commonPool-worker-0] INFO  impl.RaftServerImpl (RaftServerImpl.java:lambda$shutdown$3(245)) - 814b1e79-91cb-4747-afef-225b562b988f: shutdown group-38214EFEF1B1
2019-08-29 09:37:18,854 [main] INFO  util.JmxRegister (JmxRegister.java:unregister(73)) - Successfully un-registered JMX Bean with object name Ratis:service=RaftServer,group=group-F5D9A5D25B06,id=04dfc250-5117-40ee-9223-ddc31d2a7fac
2019-08-29 09:37:18,854 [ForkJoinPool.commonPool-worker-0] INFO  util.JmxRegister (JmxRegister.java:unregister(73)) - Successfully un-registered JMX Bean with object name Ratis:service=RaftServer,group=group-38214EFEF1B1,id=814b1e79-91cb-4747-afef-225b562b988f
2019-08-29 09:37:18,854 [main] INFO  impl.RoleInfo (RoleInfo.java:shutdownLeaderState(104)) - 04dfc250-5117-40ee-9223-ddc31d2a7fac: shutdown LeaderState
2019-08-29 09:37:18,854 [ForkJoinPool.commonPool-worker-0] INFO  impl.RoleInfo (RoleInfo.java:shutdownFollowerState(121)) - 814b1e79-91cb-4747-afef-225b562b988f: shutdown FollowerState
2019-08-29 09:37:18,855 [main] INFO  impl.PendingRequests (PendingRequests.java:sendNotLeaderResponses(202)) - 04dfc250-5117-40ee-9223-ddc31d2a7fac-PendingRequests: sendNotLeaderResponses
2019-08-29 09:37:18,855 [StateMachineUpdater:814b1e79-91cb-4747-afef-225b562b988f:group-38214EFEF1B1] INFO  ratis.ContainerStateMachine (ContainerStateMachine.java:takeSnapshot(284)) - group-38214EFEF1B1: Taking a snapshot at:(t:1, i:6) file /workdir/hadoop-ozone/integration-test/target/test-dir/MiniOzoneClusterImpl-758e1504-11ab-426e-b149-dc7346353a64/datanode-1/data/ratis/c30f231f-ac51-4916-a9d0-38214efef1b1/sm/snapshot.1_6
2019-08-29 09:37:18,855 [ForkJoinPool.commonPool-worker-0] INFO  impl.StateMachineUpdater (StateMachineUpdater.java:stopAndJoin(115)) - StateMachineUpdater:814b1e79-91cb-4747-afef-225b562b988f:group-38214EFEF1B1: set stopIndex = 8
2019-08-29 09:37:18,855 [main] INFO  impl.StateMachineUpdater (StateMachineUpdater.java:stopAndJoin(115)) - StateMachineUpdater:04dfc250-5117-40ee-9223-ddc31d2a7fac:group-F5D9A5D25B06: set stopIndex = 0
2019-08-29 09:37:18,855 [Thread-803] INFO  impl.FollowerState (FollowerState.java:run(114)) - 814b1e79-91cb-4747-afef-225b562b988f: FollowerState was interrupted: java.lang.InterruptedException: sleep interrupted
2019-08-29 09:37:18,861 [main] INFO  impl.RaftServerImpl (ServerState.java:close(394)) - 04dfc250-5117-40ee-9223-ddc31d2a7fac:group-F5D9A5D25B06 closes. The last applied log index is 0
2019-08-29 09:37:18,863 [04dfc250-5117-40ee-9223-ddc31d2a7fac-SegmentedRaftLogWorker:Storage Directory /workdir/hadoop-ozone/integration-test/target/test-dir/MiniOzoneClusterImpl-758e1504-11ab-426e-b149-dc7346353a64/datanode-4/data/ratis/bdf78665-8c5a-414e-bc38-f5d9a5d25b06] INFO  segmented.SegmentedRaftLogWorker (SegmentedRaftLogWorker.java:run(313)) - 04dfc250-5117-40ee-9223-ddc31d2a7fac-SegmentedRaftLogWorker:Storage Directory /workdir/hadoop-ozone/integration-test/target/test-dir/MiniOzoneClusterImpl-758e1504-11ab-426e-b149-dc7346353a64/datanode-4/data/ratis/bdf78665-8c5a-414e-bc38-f5d9a5d25b06 was interrupted, exiting. There are 0 tasks remaining in the queue.
2019-08-29 09:37:18,865 [main] INFO  segmented.SegmentedRaftLogWorker (SegmentedRaftLogWorker.java:close(228)) - 04dfc250-5117-40ee-9223-ddc31d2a7fac-SegmentedRaftLogWorker:Storage Directory /workdir/hadoop-ozone/integration-test/target/test-dir/MiniOzoneClusterImpl-758e1504-11ab-426e-b149-dc7346353a64/datanode-4/data/ratis/bdf78665-8c5a-414e-bc38-f5d9a5d25b06 close()
2019-08-29 09:37:18,869 [StateMachineUpdater:814b1e79-91cb-4747-afef-225b562b988f:group-38214EFEF1B1] INFO  ratis.ContainerStateMachine (ContainerStateMachine.java:takeSnapshot(295)) - group-38214EFEF1B1: Finished taking a snapshot at:(t:1, i:6) file:/workdir/hadoop-ozone/integration-test/target/test-dir/MiniOzoneClusterImpl-758e1504-11ab-426e-b149-dc7346353a64/datanode-1/data/ratis/c30f231f-ac51-4916-a9d0-38214efef1b1/sm/snapshot.1_6 time:14
2019-08-29 09:37:18,869 [main] INFO  impl.RaftServerImpl (RaftServerImpl.java:lambda$shutdown$3(245)) - 04dfc250-5117-40ee-9223-ddc31d2a7fac: shutdown group-34D90A7AC755
2019-08-29 09:37:18,869 [StateMachineUpdater:814b1e79-91cb-4747-afef-225b562b988f:group-38214EFEF1B1] INFO  impl.StateMachineUpdater (StateMachineUpdater.java:takeSnapshot(242)) - StateMachineUpdater:814b1e79-91cb-4747-afef-225b562b988f:group-38214EFEF1B1: Took a snapshot at index 6
2019-08-29 09:37:18,869 [main] INFO  util.JmxRegister (JmxRegister.java:unregister(73)) - Successfully un-registered JMX Bean with object name Ratis:service=RaftServer,group=group-34D90A7AC755,id=04dfc250-5117-40ee-9223-ddc31d2a7fac
2019-08-29 09:37:18,869 [StateMachineUpdater:814b1e79-91cb-4747-afef-225b562b988f:group-38214EFEF1B1] INFO  impl.StateMachineUpdater (StateMachineUpdater.java:lambda$new$0(80)) - StateMachineUpdater:814b1e79-91cb-4747-afef-225b562b988f:group-38214EFEF1B1: snapshotIndex: updateIncreasingly -1 -> 6
2019-08-29 09:37:18,869 [main] INFO  impl.RoleInfo (RoleInfo.java:shutdownFollowerState(121)) - 04dfc250-5117-40ee-9223-ddc31d2a7fac: shutdown FollowerState
2019-08-29 09:37:18,869 [main] INFO  impl.StateMachineUpdater (StateMachineUpdater.java:stopAndJoin(115)) - StateMachineUpdater:04dfc250-5117-40ee-9223-ddc31d2a7fac:group-34D90A7AC755: set stopIndex = 0
2019-08-29 09:37:18,870 [Thread-838] INFO  impl.FollowerState (FollowerState.java:run(114)) - 04dfc250-5117-40ee-9223-ddc31d2a7fac: FollowerState was interrupted: java.lang.InterruptedException: sleep interrupted
2019-08-29 09:37:18,870 [ForkJoinPool.commonPool-worker-0] INFO  impl.RaftServerImpl (ServerState.java:close(394)) - 814b1e79-91cb-4747-afef-225b562b988f:group-38214EFEF1B1 closes. The last applied log index is 8
2019-08-29 09:37:18,873 [main] INFO  impl.RaftServerImpl (ServerState.java:close(394)) - 04dfc250-5117-40ee-9223-ddc31d2a7fac:group-34D90A7AC755 closes. The last applied log index is 0
2019-08-29 09:37:18,874 [814b1e79-91cb-4747-afef-225b562b988f-SegmentedRaftLogWorker:Storage Directory /workdir/hadoop-ozone/integration-test/target/test-dir/MiniOzoneClusterImpl-758e1504-11ab-426e-b149-dc7346353a64/datanode-1/data/ratis/c30f231f-ac51-4916-a9d0-38214efef1b1] INFO  segmented.SegmentedRaftLogWorker (SegmentedRaftLogWorker.java:run(313)) - 814b1e79-91cb-4747-afef-225b562b988f-SegmentedRaftLogWorker:Storage Directory /workdir/hadoop-ozone/integration-test/target/test-dir/MiniOzoneClusterImpl-758e1504-11ab-426e-b149-dc7346353a64/datanode-1/data/ratis/c30f231f-ac51-4916-a9d0-38214efef1b1 was interrupted, exiting. There are 0 tasks remaining in the queue.
2019-08-29 09:37:18,874 [04dfc250-5117-40ee-9223-ddc31d2a7fac-SegmentedRaftLogWorker:Storage Directory /workdir/hadoop-ozone/integration-test/target/test-dir/MiniOzoneClusterImpl-758e1504-11ab-426e-b149-dc7346353a64/datanode-4/data/ratis/734b81bd-9131-4087-901d-34d90a7ac755] INFO  segmented.SegmentedRaftLogWorker (SegmentedRaftLogWorker.java:run(313)) - 04dfc250-5117-40ee-9223-ddc31d2a7fac-SegmentedRaftLogWorker:Storage Directory /workdir/hadoop-ozone/integration-test/target/test-dir/MiniOzoneClusterImpl-758e1504-11ab-426e-b149-dc7346353a64/datanode-4/data/ratis/734b81bd-9131-4087-901d-34d90a7ac755 was interrupted, exiting. There are 0 tasks remaining in the queue.
2019-08-29 09:37:18,878 [main] INFO  segmented.SegmentedRaftLogWorker (SegmentedRaftLogWorker.java:close(228)) - 04dfc250-5117-40ee-9223-ddc31d2a7fac-SegmentedRaftLogWorker:Storage Directory /workdir/hadoop-ozone/integration-test/target/test-dir/MiniOzoneClusterImpl-758e1504-11ab-426e-b149-dc7346353a64/datanode-4/data/ratis/734b81bd-9131-4087-901d-34d90a7ac755 close()
2019-08-29 09:37:18,878 [ForkJoinPool.commonPool-worker-0] INFO  segmented.SegmentedRaftLogWorker (SegmentedRaftLogWorker.java:close(228)) - 814b1e79-91cb-4747-afef-225b562b988f-SegmentedRaftLogWorker:Storage Directory /workdir/hadoop-ozone/integration-test/target/test-dir/MiniOzoneClusterImpl-758e1504-11ab-426e-b149-dc7346353a64/datanode-1/data/ratis/c30f231f-ac51-4916-a9d0-38214efef1b1 close()
2019-08-29 09:37:18,881 [main] INFO  server.GrpcService (GrpcService.java:closeImpl(155)) - 04dfc250-5117-40ee-9223-ddc31d2a7fac: shutdown server with port 45149 now
2019-08-29 09:37:18,884 [ForkJoinPool.commonPool-worker-0] INFO  impl.RaftServerImpl (RaftServerImpl.java:lambda$shutdown$3(245)) - 814b1e79-91cb-4747-afef-225b562b988f: shutdown group-E526EBFDC32F
2019-08-29 09:37:18,888 [ForkJoinPool.commonPool-worker-0] INFO  util.JmxRegister (JmxRegister.java:unregister(73)) - Successfully un-registered JMX Bean with object name Ratis:service=RaftServer,group=group-E526EBFDC32F,id=814b1e79-91cb-4747-afef-225b562b988f
2019-08-29 09:37:18,888 [ForkJoinPool.commonPool-worker-0] INFO  impl.RoleInfo (RoleInfo.java:shutdownLeaderState(104)) - 814b1e79-91cb-4747-afef-225b562b988f: shutdown LeaderState
2019-08-29 09:37:18,888 [ForkJoinPool.commonPool-worker-0] INFO  impl.PendingRequests (PendingRequests.java:sendNotLeaderResponses(202)) - 814b1e79-91cb-4747-afef-225b562b988f-PendingRequests: sendNotLeaderResponses
2019-08-29 09:37:18,889 [grpc-default-executor-0] WARN  server.GrpcServerProtocolService (LogUtils.java:warn(134)) - 04dfc250-5117-40ee-9223-ddc31d2a7fac: appendEntries onError: org.apache.ratis.thirdparty.io.grpc.StatusRuntimeException: CANCELLED: cancelled before receiving half close
2019-08-29 09:37:18,889 [ForkJoinPool.commonPool-worker-0] INFO  impl.StateMachineUpdater (StateMachineUpdater.java:stopAndJoin(115)) - StateMachineUpdater:814b1e79-91cb-4747-afef-225b562b988f:group-E526EBFDC32F: set stopIndex = 0
2019-08-29 09:37:18,891 [ForkJoinPool.commonPool-worker-0] INFO  impl.RaftServerImpl (ServerState.java:close(394)) - 814b1e79-91cb-4747-afef-225b562b988f:group-E526EBFDC32F closes. The last applied log index is 0
2019-08-29 09:37:18,889 [main] INFO  server.GrpcService (GrpcService.java:closeImpl(163)) - 04dfc250-5117-40ee-9223-ddc31d2a7fac: shutdown server with port 45149 successfully
2019-08-29 09:37:18,891 [814b1e79-91cb-4747-afef-225b562b988f-SegmentedRaftLogWorker:Storage Directory /workdir/hadoop-ozone/integration-test/target/test-dir/MiniOzoneClusterImpl-758e1504-11ab-426e-b149-dc7346353a64/datanode-1/data/ratis/e91dfa7e-b221-4519-8835-e526ebfdc32f] INFO  segmented.SegmentedRaftLogWorker (SegmentedRaftLogWorker.java:run(313)) - 814b1e79-91cb-4747-afef-225b562b988f-SegmentedRaftLogWorker:Storage Directory /workdir/hadoop-ozone/integration-test/target/test-dir/MiniOzoneClusterImpl-758e1504-11ab-426e-b149-dc7346353a64/datanode-1/data/ratis/e91dfa7e-b221-4519-8835-e526ebfdc32f was interrupted, exiting. There are 0 tasks remaining in the queue.
2019-08-29 09:37:18,891 [grpc-default-executor-5] WARN  server.GrpcLogAppender (LogUtils.java:warn(134)) - 95e6fe0d-ba63-44f7-8a45-847da5452504->04dfc250-5117-40ee-9223-ddc31d2a7fac: Failed appendEntries: org.apache.ratis.thirdparty.io.grpc.StatusRuntimeException: CANCELLED: HTTP/2 error code: CANCEL
Received Rst Stream
2019-08-29 09:37:18,895 [ForkJoinPool.commonPool-worker-0] INFO  segmented.SegmentedRaftLogWorker (SegmentedRaftLogWorker.java:close(228)) - 814b1e79-91cb-4747-afef-225b562b988f-SegmentedRaftLogWorker:Storage Directory /workdir/hadoop-ozone/integration-test/target/test-dir/MiniOzoneClusterImpl-758e1504-11ab-426e-b149-dc7346353a64/datanode-1/data/ratis/e91dfa7e-b221-4519-8835-e526ebfdc32f close()
2019-08-29 09:37:18,898 [grpc-default-executor-5] INFO  impl.FollowerInfo (FollowerInfo.java:lambda$new$0(50)) - 95e6fe0d-ba63-44f7-8a45-847da5452504->04dfc250-5117-40ee-9223-ddc31d2a7fac: nextIndex: updateUnconditionally 1 -> 0
2019-08-29 09:37:18,912 [refreshUsed-/workdir/hadoop-ozone/integration-test/target/test-dir/MiniOzoneClusterImpl-758e1504-11ab-426e-b149-dc7346353a64/datanode-4/data/containers] WARN  fs.CachingGetSpaceUsed (CachingGetSpaceUsed.java:run(183)) - Thread Interrupted waiting to refresh disk information: sleep interrupted
2019-08-29 09:37:18,912 [ForkJoinPool.commonPool-worker-0] INFO  server.GrpcService (GrpcService.java:closeImpl(155)) - 814b1e79-91cb-4747-afef-225b562b988f: shutdown server with port 45137 now
2019-08-29 09:37:18,917 [grpc-default-executor-4] WARN  server.GrpcServerProtocolService (LogUtils.java:warn(134)) - 814b1e79-91cb-4747-afef-225b562b988f: appendEntries onError: org.apache.ratis.thirdparty.io.grpc.StatusRuntimeException: CANCELLED: cancelled before receiving half close
2019-08-29 09:37:18,918 [ForkJoinPool.commonPool-worker-0] INFO  server.GrpcService (GrpcService.java:closeImpl(163)) - 814b1e79-91cb-4747-afef-225b562b988f: shutdown server with port 45137 successfully
2019-08-29 09:37:18,918 [grpc-default-executor-0] WARN  server.GrpcLogAppender (LogUtils.java:warn(134)) - cffcff0f-2752-46f1-bb20-4150682c084f->814b1e79-91cb-4747-afef-225b562b988f: Failed appendEntries: org.apache.ratis.thirdparty.io.grpc.StatusRuntimeException: CANCELLED: HTTP/2 error code: CANCEL
Received Rst Stream
2019-08-29 09:37:18,921 [grpc-default-executor-0] INFO  impl.FollowerInfo (FollowerInfo.java:lambda$new$0(50)) - cffcff0f-2752-46f1-bb20-4150682c084f->814b1e79-91cb-4747-afef-225b562b988f: nextIndex: updateUnconditionally 9 -> 8
2019-08-29 09:37:18,921 [grpc-default-executor-6] WARN  client.GrpcClientProtocolService (LogUtils.java:warn(134)) - 26-OrderedRequestStreamObserver26: onError: org.apache.ratis.thirdparty.io.grpc.StatusRuntimeException: CANCELLED: cancelled before receiving half close
2019-08-29 09:37:18,927 [refreshUsed-/workdir/hadoop-ozone/integration-test/target/test-dir/MiniOzoneClusterImpl-758e1504-11ab-426e-b149-dc7346353a64/datanode-1/data/containers] WARN  fs.CachingGetSpaceUsed (CachingGetSpaceUsed.java:run(183)) - Thread Interrupted waiting to refresh disk information: sleep interrupted
2019-08-29 09:37:18,943 [main] INFO  utils.BackgroundService (BackgroundService.java:shutdown(148)) - Shutting down service BlockDeletingService
2019-08-29 09:37:18,950 [main] INFO  statemachine.DatanodeStateMachine (DatanodeStateMachine.java:stopDaemon(395)) - Ozone container server stopped.
2019-08-29 09:37:18,952 [ForkJoinPool.commonPool-worker-0] INFO  utils.BackgroundService (BackgroundService.java:shutdown(148)) - Shutting down service BlockDeletingService
2019-08-29 09:37:18,957 [ForkJoinPool.commonPool-worker-0] INFO  statemachine.DatanodeStateMachine (DatanodeStateMachine.java:stopDaemon(395)) - Ozone container server stopped.
2019-08-29 09:37:19,119 | INFO  | SCMAudit | user=jenkins1000 | ip=192.168.34.42 | op=SEND_HEARTBEAT {datanodeUUID=cffcff0f-2752-46f1-bb20-4150682c084f, command=[]} | ret=SUCCESS |  
2019-08-29 09:37:19,143 | INFO  | SCMAudit | user=jenkins1000 | ip=192.168.34.42 | op=SEND_HEARTBEAT {datanodeUUID=6a76bae0-5bcd-450f-b761-84a239d32397, command=[]} | ret=SUCCESS |  
2019-08-29 09:37:19,166 [grpc-default-executor-6] WARN  server.GrpcLogAppender (LogUtils.java:warn(134)) - 95e6fe0d-ba63-44f7-8a45-847da5452504->04dfc250-5117-40ee-9223-ddc31d2a7fac: Failed appendEntries: org.apache.ratis.thirdparty.io.grpc.StatusRuntimeException: UNAVAILABLE: io exception
2019-08-29 09:37:19,169 [grpc-default-executor-6] INFO  impl.FollowerInfo (FollowerInfo.java:lambda$new$0(50)) - 95e6fe0d-ba63-44f7-8a45-847da5452504->04dfc250-5117-40ee-9223-ddc31d2a7fac: nextIndex: updateUnconditionally 0 -> 0
2019-08-29 09:37:19,554 | INFO  | SCMAudit | user=jenkins1000 | ip=192.168.34.42 | op=SEND_HEARTBEAT {datanodeUUID=95e6fe0d-ba63-44f7-8a45-847da5452504, command=[]} | ret=SUCCESS |  
2019-08-29 09:37:19,556 | INFO  | SCMAudit | user=jenkins1000 | ip=192.168.34.42 | op=SEND_HEARTBEAT {datanodeUUID=f5a90a23-db6d-4122-980c-2c6f67b12274, command=[]} | ret=SUCCESS |  
2019-08-29 09:37:19,558 | INFO  | SCMAudit | user=jenkins1000 | ip=192.168.34.42 | op=SEND_HEARTBEAT {datanodeUUID=f5689991-66b6-42db-ba36-9ef251e0e30a, command=[]} | ret=SUCCESS |  
2019-08-29 09:37:19,763 [grpc-default-executor-4] WARN  server.GrpcLogAppender (LogUtils.java:warn(134)) - cffcff0f-2752-46f1-bb20-4150682c084f->814b1e79-91cb-4747-afef-225b562b988f: Failed appendEntries: org.apache.ratis.thirdparty.io.grpc.StatusRuntimeException: UNAVAILABLE: io exception
2019-08-29 09:37:19,766 [grpc-default-executor-4] INFO  impl.FollowerInfo (FollowerInfo.java:lambda$new$0(50)) - cffcff0f-2752-46f1-bb20-4150682c084f->814b1e79-91cb-4747-afef-225b562b988f: nextIndex: updateUnconditionally 8 -> 7
2019-08-29 09:37:20,120 | INFO  | SCMAudit | user=jenkins1000 | ip=192.168.34.42 | op=SEND_HEARTBEAT {datanodeUUID=cffcff0f-2752-46f1-bb20-4150682c084f, command=[]} | ret=SUCCESS |  
2019-08-29 09:37:20,144 | INFO  | SCMAudit | user=jenkins1000 | ip=192.168.34.42 | op=SEND_HEARTBEAT {datanodeUUID=6a76bae0-5bcd-450f-b761-84a239d32397, command=[]} | ret=SUCCESS |  
2019-08-29 09:37:20,161 [main] INFO  handler.ContextHandler (ContextHandler.java:doStop(910)) - Stopped o.e.j.w.WebAppContext@7b2ccba5{/,null,UNAVAILABLE}{/hddsDatanode}
2019-08-29 09:37:20,165 [ForkJoinPool.commonPool-worker-0] INFO  handler.ContextHandler (ContextHandler.java:doStop(910)) - Stopped o.e.j.w.WebAppContext@36f7d7b{/,null,UNAVAILABLE}{/hddsDatanode}
2019-08-29 09:37:20,166 [main] INFO  server.AbstractConnector (AbstractConnector.java:doStop(318)) - Stopped ServerConnector@64f9f455{HTTP/1.1,[http/1.1]}{0.0.0.0:0}
2019-08-29 09:37:20,166 [ForkJoinPool.commonPool-worker-0] INFO  server.AbstractConnector (AbstractConnector.java:doStop(318)) - Stopped ServerConnector@60aec68a{HTTP/1.1,[http/1.1]}{0.0.0.0:0}
2019-08-29 09:37:20,166 [main] INFO  handler.ContextHandler (ContextHandler.java:doStop(910)) - Stopped o.e.j.s.ServletContextHandler@7df28f1{/static,jar:file:/home/user/.m2/repository/org/apache/hadoop/hadoop-hdds-container-service/0.5.0-SNAPSHOT/hadoop-hdds-container-service-0.5.0-SNAPSHOT.jar!/webapps/static,UNAVAILABLE}
2019-08-29 09:37:20,169 [ForkJoinPool.commonPool-worker-0] INFO  handler.ContextHandler (ContextHandler.java:doStop(910)) - Stopped o.e.j.s.ServletContextHandler@77c1e611{/static,jar:file:/home/user/.m2/repository/org/apache/hadoop/hadoop-hdds-container-service/0.5.0-SNAPSHOT/hadoop-hdds-container-service-0.5.0-SNAPSHOT.jar!/webapps/static,UNAVAILABLE}
2019-08-29 09:37:20,169 [main] INFO  handler.ContextHandler (ContextHandler.java:doStop(910)) - Stopped o.e.j.s.ServletContextHandler@7e91ed74{/logs,file:///workdir/hadoop-ozone/integration-test/target/log,UNAVAILABLE}
2019-08-29 09:37:20,171 [ForkJoinPool.commonPool-worker-0] INFO  handler.ContextHandler (ContextHandler.java:doStop(910)) - Stopped o.e.j.s.ServletContextHandler@93824eb{/logs,file:///workdir/hadoop-ozone/integration-test/target/log,UNAVAILABLE}
2019-08-29 09:37:20,554 [Datanode State Machine Thread - 0] INFO  statemachine.DatanodeStateMachine (DatanodeStateMachine.java:lambda$startDaemon$0(350)) - Ozone container server started.
2019-08-29 09:37:20,555 | INFO  | SCMAudit | user=jenkins1000 | ip=192.168.34.42 | op=SEND_HEARTBEAT {datanodeUUID=95e6fe0d-ba63-44f7-8a45-847da5452504, command=[]} | ret=SUCCESS |  
2019-08-29 09:37:20,558 | INFO  | SCMAudit | user=jenkins1000 | ip=192.168.34.42 | op=SEND_HEARTBEAT {datanodeUUID=f5689991-66b6-42db-ba36-9ef251e0e30a, command=[]} | ret=SUCCESS |  
2019-08-29 09:37:21,120 | INFO  | SCMAudit | user=jenkins1000 | ip=192.168.34.42 | op=SEND_HEARTBEAT {datanodeUUID=cffcff0f-2752-46f1-bb20-4150682c084f, command=[]} | ret=SUCCESS |  
2019-08-29 09:37:21,143 [Datanode State Machine Thread - 0] INFO  statemachine.DatanodeStateMachine (DatanodeStateMachine.java:lambda$startDaemon$0(350)) - Ozone container server started.
2019-08-29 09:37:21,555 | INFO  | SCMAudit | user=jenkins1000 | ip=192.168.34.42 | op=SEND_HEARTBEAT {datanodeUUID=95e6fe0d-ba63-44f7-8a45-847da5452504, command=[]} | ret=SUCCESS |  
2019-08-29 09:37:21,559 | INFO  | SCMAudit | user=jenkins1000 | ip=192.168.34.42 | op=SEND_HEARTBEAT {datanodeUUID=f5689991-66b6-42db-ba36-9ef251e0e30a, command=[]} | ret=SUCCESS |  
2019-08-29 09:37:21,667 [grpc-default-executor-4] WARN  server.GrpcLogAppender (LogUtils.java:warn(134)) - 95e6fe0d-ba63-44f7-8a45-847da5452504->04dfc250-5117-40ee-9223-ddc31d2a7fac: Failed appendEntries: org.apache.ratis.thirdparty.io.grpc.StatusRuntimeException: UNAVAILABLE: io exception
2019-08-29 09:37:21,671 [grpc-default-executor-4] INFO  impl.FollowerInfo (FollowerInfo.java:lambda$new$0(50)) - 95e6fe0d-ba63-44f7-8a45-847da5452504->04dfc250-5117-40ee-9223-ddc31d2a7fac: nextIndex: updateUnconditionally 0 -> 0
2019-08-29 09:37:22,119 | INFO  | SCMAudit | user=jenkins1000 | ip=192.168.34.42 | op=SEND_HEARTBEAT {datanodeUUID=cffcff0f-2752-46f1-bb20-4150682c084f, command=[]} | ret=SUCCESS |  
2019-08-29 09:37:22,265 [grpc-default-executor-6] WARN  server.GrpcLogAppender (LogUtils.java:warn(134)) - cffcff0f-2752-46f1-bb20-4150682c084f->814b1e79-91cb-4747-afef-225b562b988f: Failed appendEntries: org.apache.ratis.thirdparty.io.grpc.StatusRuntimeException: UNAVAILABLE: io exception
2019-08-29 09:37:22,268 [grpc-default-executor-6] INFO  impl.FollowerInfo (FollowerInfo.java:lambda$new$0(50)) - cffcff0f-2752-46f1-bb20-4150682c084f->814b1e79-91cb-4747-afef-225b562b988f: nextIndex: updateUnconditionally 7 -> 6
2019-08-29 09:37:22,555 | INFO  | SCMAudit | user=jenkins1000 | ip=192.168.34.42 | op=SEND_HEARTBEAT {datanodeUUID=95e6fe0d-ba63-44f7-8a45-847da5452504, command=[]} | ret=SUCCESS |  
2019-08-29 09:37:22,559 | INFO  | SCMAudit | user=jenkins1000 | ip=192.168.34.42 | op=SEND_HEARTBEAT {datanodeUUID=f5689991-66b6-42db-ba36-9ef251e0e30a, command=[]} | ret=SUCCESS |  
2019-08-29 09:37:23,120 | INFO  | SCMAudit | user=jenkins1000 | ip=192.168.34.42 | op=SEND_HEARTBEAT {datanodeUUID=cffcff0f-2752-46f1-bb20-4150682c084f, command=[]} | ret=SUCCESS |  
2019-08-29 09:37:23,555 | INFO  | SCMAudit | user=jenkins1000 | ip=192.168.34.42 | op=SEND_HEARTBEAT {datanodeUUID=95e6fe0d-ba63-44f7-8a45-847da5452504, command=[]} | ret=SUCCESS |  
2019-08-29 09:37:23,559 | INFO  | SCMAudit | user=jenkins1000 | ip=192.168.34.42 | op=SEND_HEARTBEAT {datanodeUUID=f5689991-66b6-42db-ba36-9ef251e0e30a, command=[]} | ret=SUCCESS |  
2019-08-29 09:37:24,123 | INFO  | SCMAudit | user=jenkins1000 | ip=192.168.34.42 | op=SEND_HEARTBEAT {datanodeUUID=cffcff0f-2752-46f1-bb20-4150682c084f, command=[]} | ret=SUCCESS |  
2019-08-29 09:37:24,168 [grpc-default-executor-4] WARN  server.GrpcLogAppender (LogUtils.java:warn(134)) - 95e6fe0d-ba63-44f7-8a45-847da5452504->04dfc250-5117-40ee-9223-ddc31d2a7fac: Failed appendEntries: org.apache.ratis.thirdparty.io.grpc.StatusRuntimeException: UNAVAILABLE: io exception
2019-08-29 09:37:24,170 [grpc-default-executor-4] INFO  impl.FollowerInfo (FollowerInfo.java:lambda$new$0(50)) - 95e6fe0d-ba63-44f7-8a45-847da5452504->04dfc250-5117-40ee-9223-ddc31d2a7fac: nextIndex: updateUnconditionally 0 -> 0
2019-08-29 09:37:24,555 | INFO  | SCMAudit | user=jenkins1000 | ip=192.168.34.42 | op=SEND_HEARTBEAT {datanodeUUID=95e6fe0d-ba63-44f7-8a45-847da5452504, command=[]} | ret=SUCCESS |  
2019-08-29 09:37:24,559 | INFO  | SCMAudit | user=jenkins1000 | ip=192.168.34.42 | op=SEND_HEARTBEAT {datanodeUUID=f5689991-66b6-42db-ba36-9ef251e0e30a, command=[]} | ret=SUCCESS |  
2019-08-29 09:37:24,764 [grpc-default-executor-6] WARN  server.GrpcLogAppender (LogUtils.java:warn(134)) - cffcff0f-2752-46f1-bb20-4150682c084f->814b1e79-91cb-4747-afef-225b562b988f: Failed appendEntries: org.apache.ratis.thirdparty.io.grpc.StatusRuntimeException: UNAVAILABLE: io exception
2019-08-29 09:37:24,772 [grpc-default-executor-6] INFO  impl.FollowerInfo (FollowerInfo.java:lambda$new$0(50)) - cffcff0f-2752-46f1-bb20-4150682c084f->814b1e79-91cb-4747-afef-225b562b988f: nextIndex: updateUnconditionally 6 -> 5
2019-08-29 09:37:25,119 | INFO  | SCMAudit | user=jenkins1000 | ip=192.168.34.42 | op=SEND_HEARTBEAT {datanodeUUID=cffcff0f-2752-46f1-bb20-4150682c084f, command=[]} | ret=SUCCESS |  
2019-08-29 09:37:25,174 [ForkJoinPool.commonPool-worker-0] INFO  ozoneimpl.OzoneContainer (OzoneContainer.java:stop(215)) - Attempting to stop container services.
2019-08-29 09:37:25,174 [main] INFO  ozoneimpl.OzoneContainer (OzoneContainer.java:stop(215)) - Attempting to stop container services.
2019-08-29 09:37:25,174 [ForkJoinPool.commonPool-worker-0] INFO  impl.RaftServerProxy (RaftServerProxy.java:lambda$close$4(314)) - 6a76bae0-5bcd-450f-b761-84a239d32397: close
2019-08-29 09:37:25,174 [main] INFO  impl.RaftServerProxy (RaftServerProxy.java:lambda$close$4(314)) - f5a90a23-db6d-4122-980c-2c6f67b12274: close
2019-08-29 09:37:25,175 [ForkJoinPool.commonPool-worker-0] INFO  impl.RaftServerImpl (RaftServerImpl.java:lambda$shutdown$3(245)) - 6a76bae0-5bcd-450f-b761-84a239d32397: shutdown group-F14169244A89
2019-08-29 09:37:25,175 [main] INFO  impl.RaftServerImpl (RaftServerImpl.java:lambda$shutdown$3(245)) - f5a90a23-db6d-4122-980c-2c6f67b12274: shutdown group-34D90A7AC755
2019-08-29 09:37:25,175 [ForkJoinPool.commonPool-worker-0] INFO  util.JmxRegister (JmxRegister.java:unregister(73)) - Successfully un-registered JMX Bean with object name Ratis:service=RaftServer,group=group-F14169244A89,id=6a76bae0-5bcd-450f-b761-84a239d32397
2019-08-29 09:37:25,175 [main] INFO  util.JmxRegister (JmxRegister.java:unregister(73)) - Successfully un-registered JMX Bean with object name Ratis:service=RaftServer,group=group-34D90A7AC755,id=f5a90a23-db6d-4122-980c-2c6f67b12274
2019-08-29 09:37:25,176 [ForkJoinPool.commonPool-worker-0] INFO  impl.RoleInfo (RoleInfo.java:shutdownLeaderState(104)) - 6a76bae0-5bcd-450f-b761-84a239d32397: shutdown LeaderState
2019-08-29 09:37:25,176 [main] INFO  impl.RoleInfo (RoleInfo.java:shutdownFollowerState(121)) - f5a90a23-db6d-4122-980c-2c6f67b12274: shutdown FollowerState
2019-08-29 09:37:25,176 [ForkJoinPool.commonPool-worker-0] INFO  impl.PendingRequests (PendingRequests.java:sendNotLeaderResponses(202)) - 6a76bae0-5bcd-450f-b761-84a239d32397-PendingRequests: sendNotLeaderResponses
2019-08-29 09:37:25,176 [Thread-828] INFO  impl.FollowerState (FollowerState.java:run(114)) - f5a90a23-db6d-4122-980c-2c6f67b12274: FollowerState was interrupted: java.lang.InterruptedException: sleep interrupted
2019-08-29 09:37:25,179 [ForkJoinPool.commonPool-worker-0] INFO  impl.StateMachineUpdater (StateMachineUpdater.java:stopAndJoin(115)) - StateMachineUpdater:6a76bae0-5bcd-450f-b761-84a239d32397:group-F14169244A89: set stopIndex = 0
2019-08-29 09:37:25,176 [main] INFO  impl.StateMachineUpdater (StateMachineUpdater.java:stopAndJoin(115)) - StateMachineUpdater:f5a90a23-db6d-4122-980c-2c6f67b12274:group-34D90A7AC755: set stopIndex = 0
2019-08-29 09:37:25,183 [ForkJoinPool.commonPool-worker-0] INFO  impl.RaftServerImpl (ServerState.java:close(394)) - 6a76bae0-5bcd-450f-b761-84a239d32397:group-F14169244A89 closes. The last applied log index is 0
2019-08-29 09:37:25,183 [main] INFO  impl.RaftServerImpl (ServerState.java:close(394)) - f5a90a23-db6d-4122-980c-2c6f67b12274:group-34D90A7AC755 closes. The last applied log index is 0
2019-08-29 09:37:25,184 [6a76bae0-5bcd-450f-b761-84a239d32397-SegmentedRaftLogWorker:Storage Directory /workdir/hadoop-ozone/integration-test/target/test-dir/MiniOzoneClusterImpl-758e1504-11ab-426e-b149-dc7346353a64/datanode-2/data/ratis/1e9599b3-775e-4f86-8a55-f14169244a89] INFO  segmented.SegmentedRaftLogWorker (SegmentedRaftLogWorker.java:run(313)) - 6a76bae0-5bcd-450f-b761-84a239d32397-SegmentedRaftLogWorker:Storage Directory /workdir/hadoop-ozone/integration-test/target/test-dir/MiniOzoneClusterImpl-758e1504-11ab-426e-b149-dc7346353a64/datanode-2/data/ratis/1e9599b3-775e-4f86-8a55-f14169244a89 was interrupted, exiting. There are 0 tasks remaining in the queue.
2019-08-29 09:37:25,186 [f5a90a23-db6d-4122-980c-2c6f67b12274-SegmentedRaftLogWorker:Storage Directory /workdir/hadoop-ozone/integration-test/target/test-dir/MiniOzoneClusterImpl-758e1504-11ab-426e-b149-dc7346353a64/datanode-3/data/ratis/734b81bd-9131-4087-901d-34d90a7ac755] INFO  segmented.SegmentedRaftLogWorker (SegmentedRaftLogWorker.java:run(313)) - f5a90a23-db6d-4122-980c-2c6f67b12274-SegmentedRaftLogWorker:Storage Directory /workdir/hadoop-ozone/integration-test/target/test-dir/MiniOzoneClusterImpl-758e1504-11ab-426e-b149-dc7346353a64/datanode-3/data/ratis/734b81bd-9131-4087-901d-34d90a7ac755 was interrupted, exiting. There are 0 tasks remaining in the queue.
2019-08-29 09:37:25,186 [ForkJoinPool.commonPool-worker-0] INFO  segmented.SegmentedRaftLogWorker (SegmentedRaftLogWorker.java:close(228)) - 6a76bae0-5bcd-450f-b761-84a239d32397-SegmentedRaftLogWorker:Storage Directory /workdir/hadoop-ozone/integration-test/target/test-dir/MiniOzoneClusterImpl-758e1504-11ab-426e-b149-dc7346353a64/datanode-2/data/ratis/1e9599b3-775e-4f86-8a55-f14169244a89 close()
2019-08-29 09:37:25,187 [main] INFO  segmented.SegmentedRaftLogWorker (SegmentedRaftLogWorker.java:close(228)) - f5a90a23-db6d-4122-980c-2c6f67b12274-SegmentedRaftLogWorker:Storage Directory /workdir/hadoop-ozone/integration-test/target/test-dir/MiniOzoneClusterImpl-758e1504-11ab-426e-b149-dc7346353a64/datanode-3/data/ratis/734b81bd-9131-4087-901d-34d90a7ac755 close()
2019-08-29 09:37:25,189 [ForkJoinPool.commonPool-worker-0] INFO  impl.RaftServerImpl (RaftServerImpl.java:lambda$shutdown$3(245)) - 6a76bae0-5bcd-450f-b761-84a239d32397: shutdown group-38214EFEF1B1
2019-08-29 09:37:25,191 [main] INFO  impl.RaftServerImpl (RaftServerImpl.java:lambda$shutdown$3(245)) - f5a90a23-db6d-4122-980c-2c6f67b12274: shutdown group-798094F83A1C
2019-08-29 09:37:25,191 [ForkJoinPool.commonPool-worker-0] INFO  util.JmxRegister (JmxRegister.java:unregister(73)) - Successfully un-registered JMX Bean with object name Ratis:service=RaftServer,group=group-38214EFEF1B1,id=6a76bae0-5bcd-450f-b761-84a239d32397
2019-08-29 09:37:25,191 [main] INFO  util.JmxRegister (JmxRegister.java:unregister(73)) - Successfully un-registered JMX Bean with object name Ratis:service=RaftServer,group=group-798094F83A1C,id=f5a90a23-db6d-4122-980c-2c6f67b12274
2019-08-29 09:37:25,192 [ForkJoinPool.commonPool-worker-0] INFO  impl.RoleInfo (RoleInfo.java:shutdownFollowerState(121)) - 6a76bae0-5bcd-450f-b761-84a239d32397: shutdown FollowerState
2019-08-29 09:37:25,192 [main] INFO  impl.RoleInfo (RoleInfo.java:shutdownLeaderState(104)) - f5a90a23-db6d-4122-980c-2c6f67b12274: shutdown LeaderState
2019-08-29 09:37:25,192 [StateMachineUpdater:6a76bae0-5bcd-450f-b761-84a239d32397:group-38214EFEF1B1] INFO  ratis.ContainerStateMachine (ContainerStateMachine.java:takeSnapshot(284)) - group-38214EFEF1B1: Taking a snapshot at:(t:1, i:6) file /workdir/hadoop-ozone/integration-test/target/test-dir/MiniOzoneClusterImpl-758e1504-11ab-426e-b149-dc7346353a64/datanode-2/data/ratis/c30f231f-ac51-4916-a9d0-38214efef1b1/sm/snapshot.1_6
2019-08-29 09:37:25,192 [Thread-802] INFO  impl.FollowerState (FollowerState.java:run(114)) - 6a76bae0-5bcd-450f-b761-84a239d32397: FollowerState was interrupted: java.lang.InterruptedException: sleep interrupted
2019-08-29 09:37:25,192 [ForkJoinPool.commonPool-worker-0] INFO  impl.StateMachineUpdater (StateMachineUpdater.java:stopAndJoin(115)) - StateMachineUpdater:6a76bae0-5bcd-450f-b761-84a239d32397:group-38214EFEF1B1: set stopIndex = 8
2019-08-29 09:37:25,192 [main] INFO  impl.PendingRequests (PendingRequests.java:sendNotLeaderResponses(202)) - f5a90a23-db6d-4122-980c-2c6f67b12274-PendingRequests: sendNotLeaderResponses
2019-08-29 09:37:25,195 [main] INFO  impl.StateMachineUpdater (StateMachineUpdater.java:stopAndJoin(115)) - StateMachineUpdater:f5a90a23-db6d-4122-980c-2c6f67b12274:group-798094F83A1C: set stopIndex = 0
2019-08-29 09:37:25,197 [main] INFO  impl.RaftServerImpl (ServerState.java:close(394)) - f5a90a23-db6d-4122-980c-2c6f67b12274:group-798094F83A1C closes. The last applied log index is 0
2019-08-29 09:37:25,197 [f5a90a23-db6d-4122-980c-2c6f67b12274-SegmentedRaftLogWorker:Storage Directory /workdir/hadoop-ozone/integration-test/target/test-dir/MiniOzoneClusterImpl-758e1504-11ab-426e-b149-dc7346353a64/datanode-3/data/ratis/589eb5df-ec9b-458c-a77d-798094f83a1c] INFO  segmented.SegmentedRaftLogWorker (SegmentedRaftLogWorker.java:run(313)) - f5a90a23-db6d-4122-980c-2c6f67b12274-SegmentedRaftLogWorker:Storage Directory /workdir/hadoop-ozone/integration-test/target/test-dir/MiniOzoneClusterImpl-758e1504-11ab-426e-b149-dc7346353a64/datanode-3/data/ratis/589eb5df-ec9b-458c-a77d-798094f83a1c was interrupted, exiting. There are 0 tasks remaining in the queue.
2019-08-29 09:37:25,200 [main] INFO  segmented.SegmentedRaftLogWorker (SegmentedRaftLogWorker.java:close(228)) - f5a90a23-db6d-4122-980c-2c6f67b12274-SegmentedRaftLogWorker:Storage Directory /workdir/hadoop-ozone/integration-test/target/test-dir/MiniOzoneClusterImpl-758e1504-11ab-426e-b149-dc7346353a64/datanode-3/data/ratis/589eb5df-ec9b-458c-a77d-798094f83a1c close()
2019-08-29 09:37:25,201 [StateMachineUpdater:6a76bae0-5bcd-450f-b761-84a239d32397:group-38214EFEF1B1] INFO  ratis.ContainerStateMachine (ContainerStateMachine.java:takeSnapshot(295)) - group-38214EFEF1B1: Finished taking a snapshot at:(t:1, i:6) file:/workdir/hadoop-ozone/integration-test/target/test-dir/MiniOzoneClusterImpl-758e1504-11ab-426e-b149-dc7346353a64/datanode-2/data/ratis/c30f231f-ac51-4916-a9d0-38214efef1b1/sm/snapshot.1_6 time:10
2019-08-29 09:37:25,201 [main] INFO  server.GrpcService (GrpcService.java:closeImpl(155)) - f5a90a23-db6d-4122-980c-2c6f67b12274: shutdown server with port 43304 now
2019-08-29 09:37:25,201 [StateMachineUpdater:6a76bae0-5bcd-450f-b761-84a239d32397:group-38214EFEF1B1] INFO  impl.StateMachineUpdater (StateMachineUpdater.java:takeSnapshot(242)) - StateMachineUpdater:6a76bae0-5bcd-450f-b761-84a239d32397:group-38214EFEF1B1: Took a snapshot at index 6
2019-08-29 09:37:25,202 [StateMachineUpdater:6a76bae0-5bcd-450f-b761-84a239d32397:group-38214EFEF1B1] INFO  impl.StateMachineUpdater (StateMachineUpdater.java:lambda$new$0(80)) - StateMachineUpdater:6a76bae0-5bcd-450f-b761-84a239d32397:group-38214EFEF1B1: snapshotIndex: updateIncreasingly -1 -> 6
2019-08-29 09:37:25,202 [ForkJoinPool.commonPool-worker-0] INFO  impl.RaftServerImpl (ServerState.java:close(394)) - 6a76bae0-5bcd-450f-b761-84a239d32397:group-38214EFEF1B1 closes. The last applied log index is 8
2019-08-29 09:37:25,202 [grpc-default-executor-0] WARN  server.GrpcServerProtocolService (LogUtils.java:warn(134)) - f5a90a23-db6d-4122-980c-2c6f67b12274: appendEntries onError: org.apache.ratis.thirdparty.io.grpc.StatusRuntimeException: CANCELLED: cancelled before receiving half close
2019-08-29 09:37:25,203 [6a76bae0-5bcd-450f-b761-84a239d32397-SegmentedRaftLogWorker:Storage Directory /workdir/hadoop-ozone/integration-test/target/test-dir/MiniOzoneClusterImpl-758e1504-11ab-426e-b149-dc7346353a64/datanode-2/data/ratis/c30f231f-ac51-4916-a9d0-38214efef1b1] INFO  segmented.SegmentedRaftLogWorker (SegmentedRaftLogWorker.java:run(313)) - 6a76bae0-5bcd-450f-b761-84a239d32397-SegmentedRaftLogWorker:Storage Directory /workdir/hadoop-ozone/integration-test/target/test-dir/MiniOzoneClusterImpl-758e1504-11ab-426e-b149-dc7346353a64/datanode-2/data/ratis/c30f231f-ac51-4916-a9d0-38214efef1b1 was interrupted, exiting. There are 0 tasks remaining in the queue.
2019-08-29 09:37:25,203 [grpc-default-executor-0] WARN  server.GrpcLogAppender (LogUtils.java:warn(134)) - 95e6fe0d-ba63-44f7-8a45-847da5452504->f5a90a23-db6d-4122-980c-2c6f67b12274: Failed appendEntries: org.apache.ratis.thirdparty.io.grpc.StatusRuntimeException: CANCELLED: HTTP/2 error code: CANCEL
Received Rst Stream
2019-08-29 09:37:25,203 [main] INFO  server.GrpcService (GrpcService.java:closeImpl(163)) - f5a90a23-db6d-4122-980c-2c6f67b12274: shutdown server with port 43304 successfully
2019-08-29 09:37:25,204 [grpc-default-executor-0] INFO  impl.FollowerInfo (FollowerInfo.java:lambda$new$0(50)) - 95e6fe0d-ba63-44f7-8a45-847da5452504->f5a90a23-db6d-4122-980c-2c6f67b12274: nextIndex: updateUnconditionally 1 -> 0
2019-08-29 09:37:25,204 [ForkJoinPool.commonPool-worker-0] INFO  segmented.SegmentedRaftLogWorker (SegmentedRaftLogWorker.java:close(228)) - 6a76bae0-5bcd-450f-b761-84a239d32397-SegmentedRaftLogWorker:Storage Directory /workdir/hadoop-ozone/integration-test/target/test-dir/MiniOzoneClusterImpl-758e1504-11ab-426e-b149-dc7346353a64/datanode-2/data/ratis/c30f231f-ac51-4916-a9d0-38214efef1b1 close()
2019-08-29 09:37:25,206 [ForkJoinPool.commonPool-worker-0] INFO  server.GrpcService (GrpcService.java:closeImpl(155)) - 6a76bae0-5bcd-450f-b761-84a239d32397: shutdown server with port 33193 now
2019-08-29 09:37:25,207 [grpc-default-executor-6] WARN  server.GrpcServerProtocolService (LogUtils.java:warn(134)) - 6a76bae0-5bcd-450f-b761-84a239d32397: appendEntries onError: org.apache.ratis.thirdparty.io.grpc.StatusRuntimeException: CANCELLED: cancelled before receiving half close
2019-08-29 09:37:25,207 [ForkJoinPool.commonPool-worker-0] INFO  server.GrpcService (GrpcService.java:closeImpl(163)) - 6a76bae0-5bcd-450f-b761-84a239d32397: shutdown server with port 33193 successfully
2019-08-29 09:37:25,207 [grpc-default-executor-6] WARN  server.GrpcLogAppender (LogUtils.java:warn(134)) - cffcff0f-2752-46f1-bb20-4150682c084f->6a76bae0-5bcd-450f-b761-84a239d32397: Failed appendEntries: org.apache.ratis.thirdparty.io.grpc.StatusRuntimeException: CANCELLED: HTTP/2 error code: CANCEL
Received Rst Stream
2019-08-29 09:37:25,209 [grpc-default-executor-6] INFO  impl.FollowerInfo (FollowerInfo.java:lambda$new$0(50)) - cffcff0f-2752-46f1-bb20-4150682c084f->6a76bae0-5bcd-450f-b761-84a239d32397: nextIndex: updateUnconditionally 9 -> 8
2019-08-29 09:37:25,210 [refreshUsed-/workdir/hadoop-ozone/integration-test/target/test-dir/MiniOzoneClusterImpl-758e1504-11ab-426e-b149-dc7346353a64/datanode-2/data/containers] WARN  fs.CachingGetSpaceUsed (CachingGetSpaceUsed.java:run(183)) - Thread Interrupted waiting to refresh disk information: sleep interrupted
2019-08-29 09:37:25,212 [refreshUsed-/workdir/hadoop-ozone/integration-test/target/test-dir/MiniOzoneClusterImpl-758e1504-11ab-426e-b149-dc7346353a64/datanode-3/data/containers] WARN  fs.CachingGetSpaceUsed (CachingGetSpaceUsed.java:run(183)) - Thread Interrupted waiting to refresh disk information: sleep interrupted
2019-08-29 09:37:25,225 [ForkJoinPool.commonPool-worker-0] INFO  utils.BackgroundService (BackgroundService.java:shutdown(148)) - Shutting down service BlockDeletingService
2019-08-29 09:37:25,229 [ForkJoinPool.commonPool-worker-0] INFO  statemachine.DatanodeStateMachine (DatanodeStateMachine.java:stopDaemon(395)) - Ozone container server stopped.
2019-08-29 09:37:25,229 [main] INFO  utils.BackgroundService (BackgroundService.java:shutdown(148)) - Shutting down service BlockDeletingService
2019-08-29 09:37:25,233 [ForkJoinPool.commonPool-worker-0] INFO  handler.ContextHandler (ContextHandler.java:doStop(910)) - Stopped o.e.j.w.WebAppContext@10b687f2{/,null,UNAVAILABLE}{/hddsDatanode}
2019-08-29 09:37:25,236 [main] INFO  statemachine.DatanodeStateMachine (DatanodeStateMachine.java:stopDaemon(395)) - Ozone container server stopped.
2019-08-29 09:37:25,236 [ForkJoinPool.commonPool-worker-0] INFO  server.AbstractConnector (AbstractConnector.java:doStop(318)) - Stopped ServerConnector@55f4887d{HTTP/1.1,[http/1.1]}{0.0.0.0:0}
2019-08-29 09:37:25,238 [ForkJoinPool.commonPool-worker-0] INFO  handler.ContextHandler (ContextHandler.java:doStop(910)) - Stopped o.e.j.s.ServletContextHandler@4d157493{/static,jar:file:/home/user/.m2/repository/org/apache/hadoop/hadoop-hdds-container-service/0.5.0-SNAPSHOT/hadoop-hdds-container-service-0.5.0-SNAPSHOT.jar!/webapps/static,UNAVAILABLE}
2019-08-29 09:37:25,238 [main] INFO  handler.ContextHandler (ContextHandler.java:doStop(910)) - Stopped o.e.j.w.WebAppContext@64da6cbd{/,null,UNAVAILABLE}{/hddsDatanode}
2019-08-29 09:37:25,239 [ForkJoinPool.commonPool-worker-0] INFO  handler.ContextHandler (ContextHandler.java:doStop(910)) - Stopped o.e.j.s.ServletContextHandler@ebda593{/logs,file:///workdir/hadoop-ozone/integration-test/target/log,UNAVAILABLE}
2019-08-29 09:37:25,239 [main] INFO  server.AbstractConnector (AbstractConnector.java:doStop(318)) - Stopped ServerConnector@72a2312e{HTTP/1.1,[http/1.1]}{0.0.0.0:0}
2019-08-29 09:37:25,240 [main] INFO  handler.ContextHandler (ContextHandler.java:doStop(910)) - Stopped o.e.j.s.ServletContextHandler@f438904{/static,jar:file:/home/user/.m2/repository/org/apache/hadoop/hadoop-hdds-container-service/0.5.0-SNAPSHOT/hadoop-hdds-container-service-0.5.0-SNAPSHOT.jar!/webapps/static,UNAVAILABLE}
2019-08-29 09:37:25,240 [main] INFO  handler.ContextHandler (ContextHandler.java:doStop(910)) - Stopped o.e.j.s.ServletContextHandler@5ad1904f{/logs,file:///workdir/hadoop-ozone/integration-test/target/log,UNAVAILABLE}
2019-08-29 09:37:25,555 [Datanode State Machine Thread - 0] INFO  statemachine.DatanodeStateMachine (DatanodeStateMachine.java:lambda$startDaemon$0(350)) - Ozone container server started.
2019-08-29 09:37:25,559 | INFO  | SCMAudit | user=jenkins1000 | ip=192.168.34.42 | op=SEND_HEARTBEAT {datanodeUUID=f5689991-66b6-42db-ba36-9ef251e0e30a, command=[]} | ret=SUCCESS |  
2019-08-29 09:37:26,118 [Datanode State Machine Thread - 0] INFO  statemachine.DatanodeStateMachine (DatanodeStateMachine.java:lambda$startDaemon$0(350)) - Ozone container server started.
2019-08-29 09:37:26,560 | INFO  | SCMAudit | user=jenkins1000 | ip=192.168.34.42 | op=SEND_HEARTBEAT {datanodeUUID=f5689991-66b6-42db-ba36-9ef251e0e30a, command=[]} | ret=SUCCESS |  
2019-08-29 09:37:26,669 [grpc-default-executor-4] WARN  server.GrpcLogAppender (LogUtils.java:warn(134)) - 95e6fe0d-ba63-44f7-8a45-847da5452504->04dfc250-5117-40ee-9223-ddc31d2a7fac: Failed appendEntries: org.apache.ratis.thirdparty.io.grpc.StatusRuntimeException: UNAVAILABLE: io exception
2019-08-29 09:37:26,672 [grpc-default-executor-4] INFO  impl.FollowerInfo (FollowerInfo.java:lambda$new$0(50)) - 95e6fe0d-ba63-44f7-8a45-847da5452504->04dfc250-5117-40ee-9223-ddc31d2a7fac: nextIndex: updateUnconditionally 0 -> 0
2019-08-29 09:37:27,150 [grpc-default-executor-0] WARN  server.GrpcLogAppender (LogUtils.java:warn(134)) - 95e6fe0d-ba63-44f7-8a45-847da5452504->f5a90a23-db6d-4122-980c-2c6f67b12274: Failed appendEntries: org.apache.ratis.thirdparty.io.grpc.StatusRuntimeException: UNAVAILABLE: io exception
2019-08-29 09:37:27,152 [grpc-default-executor-0] INFO  impl.FollowerInfo (FollowerInfo.java:lambda$new$0(50)) - 95e6fe0d-ba63-44f7-8a45-847da5452504->f5a90a23-db6d-4122-980c-2c6f67b12274: nextIndex: updateUnconditionally 0 -> 0
2019-08-29 09:37:27,266 [grpc-default-executor-6] WARN  server.GrpcLogAppender (LogUtils.java:warn(134)) - cffcff0f-2752-46f1-bb20-4150682c084f->814b1e79-91cb-4747-afef-225b562b988f: Failed appendEntries: org.apache.ratis.thirdparty.io.grpc.StatusRuntimeException: UNAVAILABLE: io exception
2019-08-29 09:37:27,268 [grpc-default-executor-6] INFO  impl.FollowerInfo (FollowerInfo.java:lambda$new$0(50)) - cffcff0f-2752-46f1-bb20-4150682c084f->814b1e79-91cb-4747-afef-225b562b988f: nextIndex: updateUnconditionally 5 -> 4
2019-08-29 09:37:27,276 [grpc-default-executor-6] WARN  server.GrpcLogAppender (LogUtils.java:warn(134)) - cffcff0f-2752-46f1-bb20-4150682c084f->6a76bae0-5bcd-450f-b761-84a239d32397: Failed appendEntries: org.apache.ratis.thirdparty.io.grpc.StatusRuntimeException: UNAVAILABLE: io exception
2019-08-29 09:37:27,278 [grpc-default-executor-6] INFO  impl.FollowerInfo (FollowerInfo.java:lambda$new$0(50)) - cffcff0f-2752-46f1-bb20-4150682c084f->6a76bae0-5bcd-450f-b761-84a239d32397: nextIndex: updateUnconditionally 8 -> 7
2019-08-29 09:37:27,560 | INFO  | SCMAudit | user=jenkins1000 | ip=192.168.34.42 | op=SEND_HEARTBEAT {datanodeUUID=f5689991-66b6-42db-ba36-9ef251e0e30a, command=[]} | ret=SUCCESS |  
2019-08-29 09:37:28,559 | INFO  | SCMAudit | user=jenkins1000 | ip=192.168.34.42 | op=SEND_HEARTBEAT {datanodeUUID=f5689991-66b6-42db-ba36-9ef251e0e30a, command=[]} | ret=SUCCESS |  
2019-08-29 09:37:29,170 [grpc-default-executor-6] WARN  server.GrpcLogAppender (LogUtils.java:warn(134)) - 95e6fe0d-ba63-44f7-8a45-847da5452504->04dfc250-5117-40ee-9223-ddc31d2a7fac: Failed appendEntries: org.apache.ratis.thirdparty.io.grpc.StatusRuntimeException: UNAVAILABLE: io exception
2019-08-29 09:37:29,173 [grpc-default-executor-6] INFO  impl.FollowerInfo (FollowerInfo.java:lambda$new$0(50)) - 95e6fe0d-ba63-44f7-8a45-847da5452504->04dfc250-5117-40ee-9223-ddc31d2a7fac: nextIndex: updateUnconditionally 0 -> 0
2019-08-29 09:37:29,560 | INFO  | SCMAudit | user=jenkins1000 | ip=192.168.34.42 | op=SEND_HEARTBEAT {datanodeUUID=f5689991-66b6-42db-ba36-9ef251e0e30a, command=[]} | ret=SUCCESS |  
2019-08-29 09:37:29,641 [grpc-default-executor-6] WARN  server.GrpcLogAppender (LogUtils.java:warn(134)) - 95e6fe0d-ba63-44f7-8a45-847da5452504->f5a90a23-db6d-4122-980c-2c6f67b12274: Failed appendEntries: org.apache.ratis.thirdparty.io.grpc.StatusRuntimeException: UNAVAILABLE: io exception
2019-08-29 09:37:29,644 [grpc-default-executor-6] INFO  impl.FollowerInfo (FollowerInfo.java:lambda$new$0(50)) - 95e6fe0d-ba63-44f7-8a45-847da5452504->f5a90a23-db6d-4122-980c-2c6f67b12274: nextIndex: updateUnconditionally 0 -> 0
2019-08-29 09:37:29,766 [grpc-default-executor-4] WARN  server.GrpcLogAppender (LogUtils.java:warn(134)) - cffcff0f-2752-46f1-bb20-4150682c084f->814b1e79-91cb-4747-afef-225b562b988f: Failed appendEntries: org.apache.ratis.thirdparty.io.grpc.StatusRuntimeException: UNAVAILABLE: io exception
2019-08-29 09:37:29,768 [grpc-default-executor-4] INFO  impl.FollowerInfo (FollowerInfo.java:lambda$new$0(50)) - cffcff0f-2752-46f1-bb20-4150682c084f->814b1e79-91cb-4747-afef-225b562b988f: nextIndex: updateUnconditionally 4 -> 3
2019-08-29 09:37:29,777 [grpc-default-executor-4] WARN  server.GrpcLogAppender (LogUtils.java:warn(134)) - cffcff0f-2752-46f1-bb20-4150682c084f->6a76bae0-5bcd-450f-b761-84a239d32397: Failed appendEntries: org.apache.ratis.thirdparty.io.grpc.StatusRuntimeException: UNAVAILABLE: io exception
2019-08-29 09:37:29,779 [grpc-default-executor-4] INFO  impl.FollowerInfo (FollowerInfo.java:lambda$new$0(50)) - cffcff0f-2752-46f1-bb20-4150682c084f->6a76bae0-5bcd-450f-b761-84a239d32397: nextIndex: updateUnconditionally 7 -> 6
2019-08-29 09:37:30,241 [ForkJoinPool.commonPool-worker-0] INFO  ozoneimpl.OzoneContainer (OzoneContainer.java:stop(215)) - Attempting to stop container services.
2019-08-29 09:37:30,241 [ForkJoinPool.commonPool-worker-0] INFO  impl.RaftServerProxy (RaftServerProxy.java:lambda$close$4(314)) - cffcff0f-2752-46f1-bb20-4150682c084f: close
2019-08-29 09:37:30,242 [main] INFO  ozoneimpl.OzoneContainer (OzoneContainer.java:stop(215)) - Attempting to stop container services.
2019-08-29 09:37:30,242 [ForkJoinPool.commonPool-worker-0] INFO  impl.RaftServerImpl (RaftServerImpl.java:lambda$shutdown$3(245)) - cffcff0f-2752-46f1-bb20-4150682c084f: shutdown group-4FE413DF0DA5
2019-08-29 09:37:30,242 [main] INFO  impl.RaftServerProxy (RaftServerProxy.java:lambda$close$4(314)) - 95e6fe0d-ba63-44f7-8a45-847da5452504: close
2019-08-29 09:37:30,243 [ForkJoinPool.commonPool-worker-0] INFO  util.JmxRegister (JmxRegister.java:unregister(73)) - Successfully un-registered JMX Bean with object name Ratis:service=RaftServer,group=group-4FE413DF0DA5,id=cffcff0f-2752-46f1-bb20-4150682c084f
2019-08-29 09:37:30,243 [main] INFO  impl.RaftServerImpl (RaftServerImpl.java:lambda$shutdown$3(245)) - 95e6fe0d-ba63-44f7-8a45-847da5452504: shutdown group-34D90A7AC755
2019-08-29 09:37:30,243 [ForkJoinPool.commonPool-worker-0] INFO  impl.RoleInfo (RoleInfo.java:shutdownLeaderState(104)) - cffcff0f-2752-46f1-bb20-4150682c084f: shutdown LeaderState
2019-08-29 09:37:30,244 [main] INFO  util.JmxRegister (JmxRegister.java:unregister(73)) - Successfully un-registered JMX Bean with object name Ratis:service=RaftServer,group=group-34D90A7AC755,id=95e6fe0d-ba63-44f7-8a45-847da5452504
2019-08-29 09:37:30,244 [main] INFO  impl.RoleInfo (RoleInfo.java:shutdownLeaderState(104)) - 95e6fe0d-ba63-44f7-8a45-847da5452504: shutdown LeaderState
2019-08-29 09:37:30,244 [ForkJoinPool.commonPool-worker-0] INFO  impl.PendingRequests (PendingRequests.java:sendNotLeaderResponses(202)) - cffcff0f-2752-46f1-bb20-4150682c084f-PendingRequests: sendNotLeaderResponses
2019-08-29 09:37:30,249 [org.apache.ratis.server.impl.LogAppender$AppenderDaemon$$Lambda$529/708046516@63284a34] WARN  server.GrpcLogAppender (GrpcLogAppender.java:mayWait(143)) - GrpcLogAppender(95e6fe0d-ba63-44f7-8a45-847da5452504->04dfc250-5117-40ee-9223-ddc31d2a7fac): Wait interrupted by java.lang.InterruptedException
2019-08-29 09:37:30,249 [org.apache.ratis.server.impl.LogAppender$AppenderDaemon$$Lambda$529/708046516@262ad835] WARN  server.GrpcLogAppender (GrpcLogAppender.java:mayWait(143)) - GrpcLogAppender(95e6fe0d-ba63-44f7-8a45-847da5452504->f5a90a23-db6d-4122-980c-2c6f67b12274): Wait interrupted by java.lang.InterruptedException
2019-08-29 09:37:30,249 [main] INFO  impl.PendingRequests (PendingRequests.java:sendNotLeaderResponses(202)) - 95e6fe0d-ba63-44f7-8a45-847da5452504-PendingRequests: sendNotLeaderResponses
2019-08-29 09:37:30,250 [ForkJoinPool.commonPool-worker-0] INFO  impl.StateMachineUpdater (StateMachineUpdater.java:stopAndJoin(115)) - StateMachineUpdater:cffcff0f-2752-46f1-bb20-4150682c084f:group-4FE413DF0DA5: set stopIndex = 0
2019-08-29 09:37:30,253 [main] INFO  impl.StateMachineUpdater (StateMachineUpdater.java:stopAndJoin(115)) - StateMachineUpdater:95e6fe0d-ba63-44f7-8a45-847da5452504:group-34D90A7AC755: set stopIndex = 0
2019-08-29 09:37:30,253 [ForkJoinPool.commonPool-worker-0] INFO  impl.RaftServerImpl (ServerState.java:close(394)) - cffcff0f-2752-46f1-bb20-4150682c084f:group-4FE413DF0DA5 closes. The last applied log index is 0
2019-08-29 09:37:30,253 [main] INFO  impl.RaftServerImpl (ServerState.java:close(394)) - 95e6fe0d-ba63-44f7-8a45-847da5452504:group-34D90A7AC755 closes. The last applied log index is 0
2019-08-29 09:37:30,254 [cffcff0f-2752-46f1-bb20-4150682c084f-SegmentedRaftLogWorker:Storage Directory /workdir/hadoop-ozone/integration-test/target/test-dir/MiniOzoneClusterImpl-758e1504-11ab-426e-b149-dc7346353a64/datanode-0/data/ratis/25ad191c-8ac1-4a0a-8b21-4fe413df0da5] INFO  segmented.SegmentedRaftLogWorker (SegmentedRaftLogWorker.java:run(313)) - cffcff0f-2752-46f1-bb20-4150682c084f-SegmentedRaftLogWorker:Storage Directory /workdir/hadoop-ozone/integration-test/target/test-dir/MiniOzoneClusterImpl-758e1504-11ab-426e-b149-dc7346353a64/datanode-0/data/ratis/25ad191c-8ac1-4a0a-8b21-4fe413df0da5 was interrupted, exiting. There are 0 tasks remaining in the queue.
2019-08-29 09:37:30,254 [95e6fe0d-ba63-44f7-8a45-847da5452504-SegmentedRaftLogWorker:Storage Directory /workdir/hadoop-ozone/integration-test/target/test-dir/MiniOzoneClusterImpl-758e1504-11ab-426e-b149-dc7346353a64/datanode-6/data/ratis/734b81bd-9131-4087-901d-34d90a7ac755] INFO  segmented.SegmentedRaftLogWorker (SegmentedRaftLogWorker.java:run(313)) - 95e6fe0d-ba63-44f7-8a45-847da5452504-SegmentedRaftLogWorker:Storage Directory /workdir/hadoop-ozone/integration-test/target/test-dir/MiniOzoneClusterImpl-758e1504-11ab-426e-b149-dc7346353a64/datanode-6/data/ratis/734b81bd-9131-4087-901d-34d90a7ac755 was interrupted, exiting. There are 0 tasks remaining in the queue.
2019-08-29 09:37:30,257 [ForkJoinPool.commonPool-worker-0] INFO  segmented.SegmentedRaftLogWorker (SegmentedRaftLogWorker.java:close(228)) - cffcff0f-2752-46f1-bb20-4150682c084f-SegmentedRaftLogWorker:Storage Directory /workdir/hadoop-ozone/integration-test/target/test-dir/MiniOzoneClusterImpl-758e1504-11ab-426e-b149-dc7346353a64/datanode-0/data/ratis/25ad191c-8ac1-4a0a-8b21-4fe413df0da5 close()
2019-08-29 09:37:30,257 [main] INFO  segmented.SegmentedRaftLogWorker (SegmentedRaftLogWorker.java:close(228)) - 95e6fe0d-ba63-44f7-8a45-847da5452504-SegmentedRaftLogWorker:Storage Directory /workdir/hadoop-ozone/integration-test/target/test-dir/MiniOzoneClusterImpl-758e1504-11ab-426e-b149-dc7346353a64/datanode-6/data/ratis/734b81bd-9131-4087-901d-34d90a7ac755 close()
2019-08-29 09:37:30,258 [ForkJoinPool.commonPool-worker-0] INFO  impl.RaftServerImpl (RaftServerImpl.java:lambda$shutdown$3(245)) - cffcff0f-2752-46f1-bb20-4150682c084f: shutdown group-38214EFEF1B1
2019-08-29 09:37:30,264 [main] INFO  impl.RaftServerImpl (RaftServerImpl.java:lambda$shutdown$3(245)) - 95e6fe0d-ba63-44f7-8a45-847da5452504: shutdown group-68DBA6FA18A1
2019-08-29 09:37:30,264 [ForkJoinPool.commonPool-worker-0] INFO  util.JmxRegister (JmxRegister.java:unregister(73)) - Successfully un-registered JMX Bean with object name Ratis:service=RaftServer,group=group-38214EFEF1B1,id=cffcff0f-2752-46f1-bb20-4150682c084f
2019-08-29 09:37:30,265 [main] INFO  util.JmxRegister (JmxRegister.java:unregister(73)) - Successfully un-registered JMX Bean with object name Ratis:service=RaftServer,group=group-68DBA6FA18A1,id=95e6fe0d-ba63-44f7-8a45-847da5452504
2019-08-29 09:37:30,265 [ForkJoinPool.commonPool-worker-0] INFO  impl.RoleInfo (RoleInfo.java:shutdownLeaderState(104)) - cffcff0f-2752-46f1-bb20-4150682c084f: shutdown LeaderState
2019-08-29 09:37:30,265 [main] INFO  impl.RoleInfo (RoleInfo.java:shutdownLeaderState(104)) - 95e6fe0d-ba63-44f7-8a45-847da5452504: shutdown LeaderState
2019-08-29 09:37:30,268 [org.apache.ratis.server.impl.LogAppender$AppenderDaemon$$Lambda$529/708046516@50ffaa3] WARN  server.GrpcLogAppender (GrpcLogAppender.java:mayWait(143)) - GrpcLogAppender(cffcff0f-2752-46f1-bb20-4150682c084f->814b1e79-91cb-4747-afef-225b562b988f): Wait interrupted by java.lang.InterruptedException
2019-08-29 09:37:30,268 [org.apache.ratis.server.impl.LogAppender$AppenderDaemon$$Lambda$529/708046516@400d6cc6] WARN  server.GrpcLogAppender (GrpcLogAppender.java:mayWait(143)) - GrpcLogAppender(cffcff0f-2752-46f1-bb20-4150682c084f->6a76bae0-5bcd-450f-b761-84a239d32397): Wait interrupted by java.lang.InterruptedException
2019-08-29 09:37:30,268 [ForkJoinPool.commonPool-worker-0] INFO  impl.PendingRequests (PendingRequests.java:sendNotLeaderResponses(202)) - cffcff0f-2752-46f1-bb20-4150682c084f-PendingRequests: sendNotLeaderResponses
2019-08-29 09:37:30,268 [main] INFO  impl.PendingRequests (PendingRequests.java:sendNotLeaderResponses(202)) - 95e6fe0d-ba63-44f7-8a45-847da5452504-PendingRequests: sendNotLeaderResponses
2019-08-29 09:37:30,270 [main] INFO  impl.StateMachineUpdater (StateMachineUpdater.java:stopAndJoin(115)) - StateMachineUpdater:95e6fe0d-ba63-44f7-8a45-847da5452504:group-68DBA6FA18A1: set stopIndex = 0
2019-08-29 09:37:30,273 [StateMachineUpdater:cffcff0f-2752-46f1-bb20-4150682c084f:group-38214EFEF1B1] INFO  ratis.ContainerStateMachine (ContainerStateMachine.java:takeSnapshot(284)) - group-38214EFEF1B1: Taking a snapshot at:(t:1, i:6) file /workdir/hadoop-ozone/integration-test/target/test-dir/MiniOzoneClusterImpl-758e1504-11ab-426e-b149-dc7346353a64/datanode-0/data/ratis/c30f231f-ac51-4916-a9d0-38214efef1b1/sm/snapshot.1_6
2019-08-29 09:37:30,272 [ForkJoinPool.commonPool-worker-0] INFO  impl.StateMachineUpdater (StateMachineUpdater.java:stopAndJoin(115)) - StateMachineUpdater:cffcff0f-2752-46f1-bb20-4150682c084f:group-38214EFEF1B1: set stopIndex = 8
2019-08-29 09:37:30,273 [main] INFO  impl.RaftServerImpl (ServerState.java:close(394)) - 95e6fe0d-ba63-44f7-8a45-847da5452504:group-68DBA6FA18A1 closes. The last applied log index is 0
2019-08-29 09:37:30,274 [95e6fe0d-ba63-44f7-8a45-847da5452504-SegmentedRaftLogWorker:Storage Directory /workdir/hadoop-ozone/integration-test/target/test-dir/MiniOzoneClusterImpl-758e1504-11ab-426e-b149-dc7346353a64/datanode-6/data/ratis/a566a1ca-c78e-4f1a-b406-68dba6fa18a1] INFO  segmented.SegmentedRaftLogWorker (SegmentedRaftLogWorker.java:run(313)) - 95e6fe0d-ba63-44f7-8a45-847da5452504-SegmentedRaftLogWorker:Storage Directory /workdir/hadoop-ozone/integration-test/target/test-dir/MiniOzoneClusterImpl-758e1504-11ab-426e-b149-dc7346353a64/datanode-6/data/ratis/a566a1ca-c78e-4f1a-b406-68dba6fa18a1 was interrupted, exiting. There are 0 tasks remaining in the queue.
2019-08-29 09:37:30,278 [main] INFO  segmented.SegmentedRaftLogWorker (SegmentedRaftLogWorker.java:close(228)) - 95e6fe0d-ba63-44f7-8a45-847da5452504-SegmentedRaftLogWorker:Storage Directory /workdir/hadoop-ozone/integration-test/target/test-dir/MiniOzoneClusterImpl-758e1504-11ab-426e-b149-dc7346353a64/datanode-6/data/ratis/a566a1ca-c78e-4f1a-b406-68dba6fa18a1 close()
2019-08-29 09:37:30,279 [main] INFO  server.GrpcService (GrpcService.java:closeImpl(155)) - 95e6fe0d-ba63-44f7-8a45-847da5452504: shutdown server with port 35967 now
2019-08-29 09:37:30,279 [StateMachineUpdater:cffcff0f-2752-46f1-bb20-4150682c084f:group-38214EFEF1B1] INFO  ratis.ContainerStateMachine (ContainerStateMachine.java:takeSnapshot(295)) - group-38214EFEF1B1: Finished taking a snapshot at:(t:1, i:6) file:/workdir/hadoop-ozone/integration-test/target/test-dir/MiniOzoneClusterImpl-758e1504-11ab-426e-b149-dc7346353a64/datanode-0/data/ratis/c30f231f-ac51-4916-a9d0-38214efef1b1/sm/snapshot.1_6 time:6
2019-08-29 09:37:30,279 [StateMachineUpdater:cffcff0f-2752-46f1-bb20-4150682c084f:group-38214EFEF1B1] INFO  impl.StateMachineUpdater (StateMachineUpdater.java:takeSnapshot(242)) - StateMachineUpdater:cffcff0f-2752-46f1-bb20-4150682c084f:group-38214EFEF1B1: Took a snapshot at index 6
2019-08-29 09:37:30,279 [main] INFO  server.GrpcService (GrpcService.java:closeImpl(163)) - 95e6fe0d-ba63-44f7-8a45-847da5452504: shutdown server with port 35967 successfully
2019-08-29 09:37:30,279 [StateMachineUpdater:cffcff0f-2752-46f1-bb20-4150682c084f:group-38214EFEF1B1] INFO  impl.StateMachineUpdater (StateMachineUpdater.java:lambda$new$0(80)) - StateMachineUpdater:cffcff0f-2752-46f1-bb20-4150682c084f:group-38214EFEF1B1: snapshotIndex: updateIncreasingly -1 -> 6
2019-08-29 09:37:30,280 [ForkJoinPool.commonPool-worker-0] INFO  impl.RaftServerImpl (ServerState.java:close(394)) - cffcff0f-2752-46f1-bb20-4150682c084f:group-38214EFEF1B1 closes. The last applied log index is 8
2019-08-29 09:37:30,281 [cffcff0f-2752-46f1-bb20-4150682c084f-SegmentedRaftLogWorker:Storage Directory /workdir/hadoop-ozone/integration-test/target/test-dir/MiniOzoneClusterImpl-758e1504-11ab-426e-b149-dc7346353a64/datanode-0/data/ratis/c30f231f-ac51-4916-a9d0-38214efef1b1] INFO  segmented.SegmentedRaftLogWorker (SegmentedRaftLogWorker.java:run(313)) - cffcff0f-2752-46f1-bb20-4150682c084f-SegmentedRaftLogWorker:Storage Directory /workdir/hadoop-ozone/integration-test/target/test-dir/MiniOzoneClusterImpl-758e1504-11ab-426e-b149-dc7346353a64/datanode-0/data/ratis/c30f231f-ac51-4916-a9d0-38214efef1b1 was interrupted, exiting. There are 0 tasks remaining in the queue.
2019-08-29 09:37:30,281 [ForkJoinPool.commonPool-worker-0] INFO  segmented.SegmentedRaftLogWorker (SegmentedRaftLogWorker.java:close(228)) - cffcff0f-2752-46f1-bb20-4150682c084f-SegmentedRaftLogWorker:Storage Directory /workdir/hadoop-ozone/integration-test/target/test-dir/MiniOzoneClusterImpl-758e1504-11ab-426e-b149-dc7346353a64/datanode-0/data/ratis/c30f231f-ac51-4916-a9d0-38214efef1b1 close()
2019-08-29 09:37:30,282 [refreshUsed-/workdir/hadoop-ozone/integration-test/target/test-dir/MiniOzoneClusterImpl-758e1504-11ab-426e-b149-dc7346353a64/datanode-6/data/containers] WARN  fs.CachingGetSpaceUsed (CachingGetSpaceUsed.java:run(183)) - Thread Interrupted waiting to refresh disk information: sleep interrupted
2019-08-29 09:37:30,282 [ForkJoinPool.commonPool-worker-0] INFO  server.GrpcService (GrpcService.java:closeImpl(155)) - cffcff0f-2752-46f1-bb20-4150682c084f: shutdown server with port 36452 now
2019-08-29 09:37:30,282 [ForkJoinPool.commonPool-worker-0] INFO  server.GrpcService (GrpcService.java:closeImpl(163)) - cffcff0f-2752-46f1-bb20-4150682c084f: shutdown server with port 36452 successfully
2019-08-29 09:37:30,289 [refreshUsed-/workdir/hadoop-ozone/integration-test/target/test-dir/MiniOzoneClusterImpl-758e1504-11ab-426e-b149-dc7346353a64/datanode-0/data/containers] WARN  fs.CachingGetSpaceUsed (CachingGetSpaceUsed.java:run(183)) - Thread Interrupted waiting to refresh disk information: sleep interrupted
2019-08-29 09:37:30,305 [main] INFO  utils.BackgroundService (BackgroundService.java:shutdown(148)) - Shutting down service BlockDeletingService
2019-08-29 09:37:30,305 [ForkJoinPool.commonPool-worker-0] INFO  utils.BackgroundService (BackgroundService.java:shutdown(148)) - Shutting down service BlockDeletingService
2019-08-29 09:37:30,310 [ForkJoinPool.commonPool-worker-0] INFO  statemachine.DatanodeStateMachine (DatanodeStateMachine.java:stopDaemon(395)) - Ozone container server stopped.
2019-08-29 09:37:30,311 [main] INFO  statemachine.DatanodeStateMachine (DatanodeStateMachine.java:stopDaemon(395)) - Ozone container server stopped.
2019-08-29 09:37:30,320 [main] INFO  handler.ContextHandler (ContextHandler.java:doStop(910)) - Stopped o.e.j.w.WebAppContext@67bf0480{/,null,UNAVAILABLE}{/hddsDatanode}
2019-08-29 09:37:30,321 [ForkJoinPool.commonPool-worker-0] INFO  handler.ContextHandler (ContextHandler.java:doStop(910)) - Stopped o.e.j.w.WebAppContext@4887de2b{/,null,UNAVAILABLE}{/hddsDatanode}
2019-08-29 09:37:30,322 [main] INFO  server.AbstractConnector (AbstractConnector.java:doStop(318)) - Stopped ServerConnector@5503de1{HTTP/1.1,[http/1.1]}{0.0.0.0:0}
2019-08-29 09:37:30,322 [ForkJoinPool.commonPool-worker-0] INFO  server.AbstractConnector (AbstractConnector.java:doStop(318)) - Stopped ServerConnector@3b4825f0{HTTP/1.1,[http/1.1]}{0.0.0.0:0}
2019-08-29 09:37:30,322 [main] INFO  handler.ContextHandler (ContextHandler.java:doStop(910)) - Stopped o.e.j.s.ServletContextHandler@235b4cb8{/static,jar:file:/home/user/.m2/repository/org/apache/hadoop/hadoop-hdds-container-service/0.5.0-SNAPSHOT/hadoop-hdds-container-service-0.5.0-SNAPSHOT.jar!/webapps/static,UNAVAILABLE}
2019-08-29 09:37:30,323 [ForkJoinPool.commonPool-worker-0] INFO  handler.ContextHandler (ContextHandler.java:doStop(910)) - Stopped o.e.j.s.ServletContextHandler@7e4579c7{/static,jar:file:/home/user/.m2/repository/org/apache/hadoop/hadoop-hdds-container-service/0.5.0-SNAPSHOT/hadoop-hdds-container-service-0.5.0-SNAPSHOT.jar!/webapps/static,UNAVAILABLE}
2019-08-29 09:37:30,323 [main] INFO  handler.ContextHandler (ContextHandler.java:doStop(910)) - Stopped o.e.j.s.ServletContextHandler@1624775{/logs,file:///workdir/hadoop-ozone/integration-test/target/log,UNAVAILABLE}
2019-08-29 09:37:30,324 [ForkJoinPool.commonPool-worker-0] INFO  handler.ContextHandler (ContextHandler.java:doStop(910)) - Stopped o.e.j.s.ServletContextHandler@e95595b{/logs,file:///workdir/hadoop-ozone/integration-test/target/log,UNAVAILABLE}
2019-08-29 09:37:30,559 [Datanode State Machine Thread - 0] INFO  statemachine.DatanodeStateMachine (DatanodeStateMachine.java:lambda$startDaemon$0(350)) - Ozone container server started.
2019-08-29 09:37:35,326 [main] INFO  ozoneimpl.OzoneContainer (OzoneContainer.java:stop(215)) - Attempting to stop container services.
2019-08-29 09:37:35,327 [main] INFO  impl.RaftServerProxy (RaftServerProxy.java:lambda$close$4(314)) - f5689991-66b6-42db-ba36-9ef251e0e30a: close
2019-08-29 09:37:35,327 [main] INFO  impl.RaftServerImpl (RaftServerImpl.java:lambda$shutdown$3(245)) - f5689991-66b6-42db-ba36-9ef251e0e30a: shutdown group-010B3D68CF14
2019-08-29 09:37:35,327 [main] INFO  util.JmxRegister (JmxRegister.java:unregister(73)) - Successfully un-registered JMX Bean with object name Ratis:service=RaftServer,group=group-010B3D68CF14,id=f5689991-66b6-42db-ba36-9ef251e0e30a
2019-08-29 09:37:35,328 [main] INFO  impl.RoleInfo (RoleInfo.java:shutdownLeaderState(104)) - f5689991-66b6-42db-ba36-9ef251e0e30a: shutdown LeaderState
2019-08-29 09:37:35,328 [main] INFO  impl.PendingRequests (PendingRequests.java:sendNotLeaderResponses(202)) - f5689991-66b6-42db-ba36-9ef251e0e30a-PendingRequests: sendNotLeaderResponses
2019-08-29 09:37:35,329 [main] INFO  impl.StateMachineUpdater (StateMachineUpdater.java:stopAndJoin(115)) - StateMachineUpdater:f5689991-66b6-42db-ba36-9ef251e0e30a:group-010B3D68CF14: set stopIndex = 0
2019-08-29 09:37:35,329 [main] INFO  impl.RaftServerImpl (ServerState.java:close(394)) - f5689991-66b6-42db-ba36-9ef251e0e30a:group-010B3D68CF14 closes. The last applied log index is 0
2019-08-29 09:37:35,330 [f5689991-66b6-42db-ba36-9ef251e0e30a-SegmentedRaftLogWorker:Storage Directory /workdir/hadoop-ozone/integration-test/target/test-dir/MiniOzoneClusterImpl-758e1504-11ab-426e-b149-dc7346353a64/datanode-5/data/ratis/9f35bd1d-4559-4adf-aa3a-010b3d68cf14] INFO  segmented.SegmentedRaftLogWorker (SegmentedRaftLogWorker.java:run(313)) - f5689991-66b6-42db-ba36-9ef251e0e30a-SegmentedRaftLogWorker:Storage Directory /workdir/hadoop-ozone/integration-test/target/test-dir/MiniOzoneClusterImpl-758e1504-11ab-426e-b149-dc7346353a64/datanode-5/data/ratis/9f35bd1d-4559-4adf-aa3a-010b3d68cf14 was interrupted, exiting. There are 0 tasks remaining in the queue.
2019-08-29 09:37:35,342 [main] INFO  segmented.SegmentedRaftLogWorker (SegmentedRaftLogWorker.java:close(228)) - f5689991-66b6-42db-ba36-9ef251e0e30a-SegmentedRaftLogWorker:Storage Directory /workdir/hadoop-ozone/integration-test/target/test-dir/MiniOzoneClusterImpl-758e1504-11ab-426e-b149-dc7346353a64/datanode-5/data/ratis/9f35bd1d-4559-4adf-aa3a-010b3d68cf14 close()
2019-08-29 09:37:35,343 [main] INFO  server.GrpcService (GrpcService.java:closeImpl(155)) - f5689991-66b6-42db-ba36-9ef251e0e30a: shutdown server with port 41632 now
2019-08-29 09:37:35,344 [main] INFO  server.GrpcService (GrpcService.java:closeImpl(163)) - f5689991-66b6-42db-ba36-9ef251e0e30a: shutdown server with port 41632 successfully
2019-08-29 09:37:35,349 [refreshUsed-/workdir/hadoop-ozone/integration-test/target/test-dir/MiniOzoneClusterImpl-758e1504-11ab-426e-b149-dc7346353a64/datanode-5/data/containers] WARN  fs.CachingGetSpaceUsed (CachingGetSpaceUsed.java:run(183)) - Thread Interrupted waiting to refresh disk information: sleep interrupted
2019-08-29 09:37:35,366 [main] INFO  utils.BackgroundService (BackgroundService.java:shutdown(148)) - Shutting down service BlockDeletingService
2019-08-29 09:37:35,369 [main] INFO  statemachine.DatanodeStateMachine (DatanodeStateMachine.java:stopDaemon(395)) - Ozone container server stopped.
2019-08-29 09:37:35,371 [main] INFO  handler.ContextHandler (ContextHandler.java:doStop(910)) - Stopped o.e.j.w.WebAppContext@65e22def{/,null,UNAVAILABLE}{/hddsDatanode}
2019-08-29 09:37:35,371 [main] INFO  server.AbstractConnector (AbstractConnector.java:doStop(318)) - Stopped ServerConnector@4b1ec694{HTTP/1.1,[http/1.1]}{0.0.0.0:0}
2019-08-29 09:37:35,372 [main] INFO  handler.ContextHandler (ContextHandler.java:doStop(910)) - Stopped o.e.j.s.ServletContextHandler@661fe025{/static,jar:file:/home/user/.m2/repository/org/apache/hadoop/hadoop-hdds-container-service/0.5.0-SNAPSHOT/hadoop-hdds-container-service-0.5.0-SNAPSHOT.jar!/webapps/static,UNAVAILABLE}
2019-08-29 09:37:35,372 [main] INFO  handler.ContextHandler (ContextHandler.java:doStop(910)) - Stopped o.e.j.s.ServletContextHandler@62cba181{/logs,file:///workdir/hadoop-ozone/integration-test/target/log,UNAVAILABLE}
2019-08-29 09:37:35,373 [main] INFO  ozone.MiniOzoneClusterImpl (MiniOzoneClusterImpl.java:stop(339)) - Stopping the StorageContainerManager
2019-08-29 09:37:35,373 [main] INFO  server.StorageContainerManager (StorageContainerManager.java:stop(797)) - Stopping Replication Manager Service.
2019-08-29 09:37:35,374 [main] INFO  container.ReplicationManager (ReplicationManager.java:stop(193)) - Stopping Replication Monitor Thread.
2019-08-29 09:37:35,374 [main] INFO  server.StorageContainerManager (StorageContainerManager.java:stop(804)) - Stopping Lease Manager of the command watchers
2019-08-29 09:37:35,374 [main] INFO  server.StorageContainerManager (StorageContainerManager.java:stop(811)) - Stopping datanode service RPC server
2019-08-29 09:37:35,374 [main] INFO  server.SCMDatanodeProtocolServer (SCMDatanodeProtocolServer.java:stop(367)) - Stopping the RPC server for DataNodes
2019-08-29 09:37:35,375 [main] INFO  ipc.Server (Server.java:stop(3082)) - Stopping server on 40359
2019-08-29 09:37:35,376 [IPC Server listener on 40359] INFO  ipc.Server (Server.java:run(1185)) - Stopping IPC Server listener on 40359
2019-08-29 09:37:35,379 [IPC Server Responder] INFO  ipc.Server (Server.java:run(1319)) - Stopping IPC Server Responder
2019-08-29 09:37:35,405 [SCM Heartbeat Processing Thread - 0] WARN  node.NodeStateManager (NodeStateManager.java:scheduleNextHealthCheck(646)) - Current Thread is interrupted, shutting down HB processing thread for Node Manager.
2019-08-29 09:37:35,405 [main] INFO  server.StorageContainerManager (StorageContainerManager.java:stop(819)) - Stopping block service RPC server
2019-08-29 09:37:35,405 [main] INFO  server.SCMBlockProtocolServer (SCMBlockProtocolServer.java:stop(148)) - Stopping the RPC server for Block Protocol
2019-08-29 09:37:35,405 [main] INFO  ipc.Server (Server.java:stop(3082)) - Stopping server on 39253
2019-08-29 09:37:35,407 [IPC Server listener on 39253] INFO  ipc.Server (Server.java:run(1185)) - Stopping IPC Server listener on 39253
2019-08-29 09:37:35,408 [main] INFO  server.StorageContainerManager (StorageContainerManager.java:stop(826)) - Stopping the StorageContainerLocationProtocol RPC server
2019-08-29 09:37:35,409 [main] INFO  server.SCMClientProtocolServer (SCMClientProtocolServer.java:stop(159)) - Stopping the RPC server for Client Protocol
2019-08-29 09:37:35,409 [main] INFO  ipc.Server (Server.java:stop(3082)) - Stopping server on 34112
2019-08-29 09:37:35,409 [IPC Server Responder] INFO  ipc.Server (Server.java:run(1319)) - Stopping IPC Server Responder
2019-08-29 09:37:35,412 [IPC Server listener on 34112] INFO  ipc.Server (Server.java:run(1185)) - Stopping IPC Server listener on 34112
2019-08-29 09:37:35,412 [main] INFO  server.StorageContainerManager (StorageContainerManager.java:stop(833)) - Stopping Storage Container Manager HTTP server.
2019-08-29 09:37:35,412 [IPC Server Responder] INFO  ipc.Server (Server.java:run(1319)) - Stopping IPC Server Responder
2019-08-29 09:37:35,414 [main] INFO  handler.ContextHandler (ContextHandler.java:doStop(910)) - Stopped o.e.j.w.WebAppContext@383caf89{/,null,UNAVAILABLE}{/scm}
2019-08-29 09:37:35,414 [main] INFO  server.AbstractConnector (AbstractConnector.java:doStop(318)) - Stopped ServerConnector@64c781a9{HTTP/1.1,[http/1.1]}{0.0.0.0:0}
2019-08-29 09:37:35,415 [main] INFO  handler.ContextHandler (ContextHandler.java:doStop(910)) - Stopped o.e.j.s.ServletContextHandler@4130955c{/static,file:///workdir/hadoop-ozone/integration-test/target/test-classes/webapps/static,UNAVAILABLE}
2019-08-29 09:37:35,415 [main] INFO  handler.ContextHandler (ContextHandler.java:doStop(910)) - Stopped o.e.j.s.ServletContextHandler@17e9bc9e{/logs,file:///workdir/hadoop-ozone/integration-test/target/log,UNAVAILABLE}
2019-08-29 09:37:35,415 [main] INFO  server.StorageContainerManager (StorageContainerManager.java:stop(844)) - Stopping Block Manager Service.
2019-08-29 09:37:35,416 [main] INFO  utils.BackgroundService (BackgroundService.java:shutdown(148)) - Shutting down service SCMBlockDeletingService
2019-08-29 09:37:35,416 [main] INFO  utils.BackgroundService (BackgroundService.java:shutdown(148)) - Shutting down service SCMBlockDeletingService
2019-08-29 09:37:35,417 [main] INFO  server.StorageContainerManager (StorageContainerManager.java:stop(866)) - Stopping SCM Event Queue.
2019-08-29 09:37:35,420 [main] INFO  impl.MetricsSystemImpl (MetricsSystemImpl.java:stop(210)) - Stopping HddsDatanode metrics system...
2019-08-29 09:37:35,425 [main] INFO  impl.MetricsSystemImpl (MetricsSystemImpl.java:stop(216)) - HddsDatanode metrics system stopped.
]]></system-out>
  </testcase>
</testsuite>