<?xml version="1.0" encoding="UTF-8"?>
<testsuite xmlns:xsi="http://www.w3.org/2001/XMLSchema-instance" xsi:noNamespaceSchemaLocation="https://maven.apache.org/surefire/maven-surefire-plugin/xsd/surefire-test-report.xsd" name="org.apache.hadoop.ozone.client.rpc.TestBlockOutputStreamWithFailures" time="733.516" tests="8" errors="6" skipped="0" failures="0">
  <properties>
    <property name="awt.toolkit" value="sun.awt.X11.XToolkit"/>
    <property name="file.encoding.pkg" value="sun.io"/>
    <property name="java.specification.version" value="1.8"/>
    <property name="sun.cpu.isalist" value=""/>
    <property name="sun.jnu.encoding" value="UTF-8"/>
    <property name="java.class.path" value="/workdir/hadoop-ozone/integration-test/target/test-classes:/workdir/hadoop-ozone/integration-test/target/classes:/home/user/.m2/repository/org/apache/hadoop/hadoop-ozone-common/0.5.0-SNAPSHOT/hadoop-ozone-common-0.5.0-SNAPSHOT.jar:/home/user/.m2/repository/org/apache/commons/commons-compress/1.4.1/commons-compress-1.4.1.jar:/home/user/.m2/repository/org/tukaani/xz/1.0/xz-1.0.jar:/home/user/.m2/repository/org/apache/hadoop/hadoop-common/3.2.0/hadoop-common-3.2.0.jar:/home/user/.m2/repository/org/apache/hadoop/hadoop-hdfs/3.2.0/hadoop-hdfs-3.2.0.jar:/home/user/.m2/repository/org/apache/hadoop/hadoop-hdfs-client/3.2.0/hadoop-hdfs-client-3.2.0.jar:/home/user/.m2/repository/com/fasterxml/jackson/core/jackson-annotations/2.9.5/jackson-annotations-2.9.5.jar:/home/user/.m2/repository/org/apache/hadoop/hadoop-hdds-common/0.5.0-SNAPSHOT/hadoop-hdds-common-0.5.0-SNAPSHOT.jar:/home/user/.m2/repository/javax/annotation/javax.annotation-api/1.2/javax.annotation-api-1.2.jar:/home/user/.m2/repository/org/apache/ratis/ratis-server/0.4.0-2337318-SNAPSHOT/ratis-server-0.4.0-2337318-SNAPSHOT.jar:/home/user/.m2/repository/org/apache/ratis/ratis-thirdparty-misc/0.2.0/ratis-thirdparty-misc-0.2.0.jar:/home/user/.m2/repository/org/apache/ratis/ratis-proto/0.4.0-2337318-SNAPSHOT/ratis-proto-0.4.0-2337318-SNAPSHOT.jar:/home/user/.m2/repository/org/apache/ratis/ratis-common/0.4.0-2337318-SNAPSHOT/ratis-common-0.4.0-2337318-SNAPSHOT.jar:/home/user/.m2/repository/org/apache/ratis/ratis-client/0.4.0-2337318-SNAPSHOT/ratis-client-0.4.0-2337318-SNAPSHOT.jar:/home/user/.m2/repository/org/apache/ratis/ratis-metrics/0.4.0-2337318-SNAPSHOT/ratis-metrics-0.4.0-2337318-SNAPSHOT.jar:/home/user/.m2/repository/org/apache/ratis/ratis-netty/0.4.0-2337318-SNAPSHOT/ratis-netty-0.4.0-2337318-SNAPSHOT.jar:/home/user/.m2/repository/org/apache/ratis/ratis-grpc/0.4.0-2337318-SNAPSHOT/ratis-grpc-0.4.0-2337318-SNAPSHOT.jar:/home/user/.m2/repository/org/rocksdb/rocksdbjni/6.0.1/rocksdbjni-6.0.1.jar:/home/user/.m2/repository/org/apache/logging/log4j/log4j-api/2.11.0/log4j-api-2.11.0.jar:/home/user/.m2/repository/org/apache/logging/log4j/log4j-core/2.11.0/log4j-core-2.11.0.jar:/home/user/.m2/repository/com/lmax/disruptor/3.4.2/disruptor-3.4.2.jar:/home/user/.m2/repository/org/apache/commons/commons-pool2/2.6.0/commons-pool2-2.6.0.jar:/home/user/.m2/repository/org/bouncycastle/bcpkix-jdk15on/1.60/bcpkix-jdk15on-1.60.jar:/home/user/.m2/repository/commons-validator/commons-validator/1.6/commons-validator-1.6.jar:/home/user/.m2/repository/commons-digester/commons-digester/1.8.1/commons-digester-1.8.1.jar:/home/user/.m2/repository/io/jaegertracing/jaeger-client/0.33.1/jaeger-client-0.33.1.jar:/home/user/.m2/repository/io/jaegertracing/jaeger-thrift/0.33.1/jaeger-thrift-0.33.1.jar:/home/user/.m2/repository/org/apache/thrift/libthrift/0.11.0/libthrift-0.11.0.jar:/home/user/.m2/repository/com/squareup/okhttp3/okhttp/3.9.0/okhttp-3.9.0.jar:/home/user/.m2/repository/com/squareup/okio/okio/1.13.0/okio-1.13.0.jar:/home/user/.m2/repository/io/jaegertracing/jaeger-core/0.33.1/jaeger-core-0.33.1.jar:/home/user/.m2/repository/io/jaegertracing/jaeger-tracerresolver/0.33.1/jaeger-tracerresolver-0.33.1.jar:/home/user/.m2/repository/io/opentracing/contrib/opentracing-tracerresolver/0.1.5/opentracing-tracerresolver-0.1.5.jar:/home/user/.m2/repository/io/opentracing/opentracing-util/0.31.0/opentracing-util-0.31.0.jar:/home/user/.m2/repository/io/opentracing/opentracing-api/0.31.0/opentracing-api-0.31.0.jar:/home/user/.m2/repository/io/opentracing/opentracing-noop/0.31.0/opentracing-noop-0.31.0.jar:/home/user/.m2/repository/org/apache/hadoop/hadoop-hdds-server-framework/0.5.0-SNAPSHOT/hadoop-hdds-server-framework-0.5.0-SNAPSHOT.jar:/home/user/.m2/repository/org/apache/hadoop/hadoop-hdds-container-service/0.5.0-SNAPSHOT/hadoop-hdds-container-service-0.5.0-SNAPSHOT.jar:/home/user/.m2/repository/org/apache/hadoop/hadoop-hdds-client/0.5.0-SNAPSHOT/hadoop-hdds-client-0.5.0-SNAPSHOT.jar:/home/user/.m2/repository/org/apache/hadoop/hadoop-hdds-tools/0.5.0-SNAPSHOT/hadoop-hdds-tools-0.5.0-SNAPSHOT.jar:/home/user/.m2/repository/org/apache/hadoop/hadoop-hdds-server-scm/0.5.0-SNAPSHOT/hadoop-hdds-server-scm-0.5.0-SNAPSHOT.jar:/home/user/.m2/repository/org/apache/hadoop/hadoop-hdds-docs/0.5.0-SNAPSHOT/hadoop-hdds-docs-0.5.0-SNAPSHOT.jar:/home/user/.m2/repository/io/dropwizard/metrics/metrics-core/3.2.4/metrics-core-3.2.4.jar:/home/user/.m2/repository/org/hamcrest/hamcrest-all/1.3/hamcrest-all-1.3.jar:/home/user/.m2/repository/org/bouncycastle/bcprov-jdk15on/1.60/bcprov-jdk15on-1.60.jar:/home/user/.m2/repository/info/picocli/picocli/3.9.6/picocli-3.9.6.jar:/home/user/.m2/repository/com/google/protobuf/protobuf-java/2.5.0/protobuf-java-2.5.0.jar:/home/user/.m2/repository/com/google/guava/guava/11.0.2/guava-11.0.2.jar:/home/user/.m2/repository/org/apache/hadoop/hadoop-ozone-ozone-manager/0.5.0-SNAPSHOT/hadoop-ozone-ozone-manager-0.5.0-SNAPSHOT.jar:/home/user/.m2/repository/org/apache/hadoop/hadoop-minikdc/3.2.0/hadoop-minikdc-3.2.0.jar:/home/user/.m2/repository/commons-io/commons-io/2.5/commons-io-2.5.jar:/home/user/.m2/repository/org/apache/kerby/kerb-simplekdc/1.0.1/kerb-simplekdc-1.0.1.jar:/home/user/.m2/repository/org/apache/kerby/kerb-client/1.0.1/kerb-client-1.0.1.jar:/home/user/.m2/repository/org/apache/kerby/kerby-config/1.0.1/kerby-config-1.0.1.jar:/home/user/.m2/repository/org/apache/kerby/kerb-core/1.0.1/kerb-core-1.0.1.jar:/home/user/.m2/repository/org/apache/kerby/kerby-pkix/1.0.1/kerby-pkix-1.0.1.jar:/home/user/.m2/repository/org/apache/kerby/kerby-asn1/1.0.1/kerby-asn1-1.0.1.jar:/home/user/.m2/repository/org/apache/kerby/kerby-util/1.0.1/kerby-util-1.0.1.jar:/home/user/.m2/repository/org/apache/kerby/kerb-common/1.0.1/kerb-common-1.0.1.jar:/home/user/.m2/repository/org/apache/kerby/kerb-crypto/1.0.1/kerb-crypto-1.0.1.jar:/home/user/.m2/repository/org/apache/kerby/kerb-util/1.0.1/kerb-util-1.0.1.jar:/home/user/.m2/repository/org/apache/kerby/token-provider/1.0.1/token-provider-1.0.1.jar:/home/user/.m2/repository/org/apache/kerby/kerb-admin/1.0.1/kerb-admin-1.0.1.jar:/home/user/.m2/repository/org/apache/kerby/kerb-server/1.0.1/kerb-server-1.0.1.jar:/home/user/.m2/repository/org/apache/kerby/kerb-identity/1.0.1/kerb-identity-1.0.1.jar:/home/user/.m2/repository/org/apache/kerby/kerby-xdr/1.0.1/kerby-xdr-1.0.1.jar:/home/user/.m2/repository/org/slf4j/slf4j-log4j12/1.7.25/slf4j-log4j12-1.7.25.jar:/home/user/.m2/repository/org/apache/hadoop/hadoop-ozone-objectstore-service/0.5.0-SNAPSHOT/hadoop-ozone-objectstore-service-0.5.0-SNAPSHOT.jar:/home/user/.m2/repository/org/apache/hadoop/hadoop-ozone-s3gateway/0.5.0-SNAPSHOT/hadoop-ozone-s3gateway-0.5.0-SNAPSHOT.jar:/home/user/.m2/repository/org/jboss/weld/servlet/weld-servlet/2.4.7.Final/weld-servlet-2.4.7.Final.jar:/home/user/.m2/repository/org/glassfish/jersey/containers/jersey-container-servlet-core/2.27/jersey-container-servlet-core-2.27.jar:/home/user/.m2/repository/org/glassfish/hk2/external/javax.inject/2.5.0-b42/javax.inject-2.5.0-b42.jar:/home/user/.m2/repository/org/glassfish/jersey/core/jersey-common/2.27/jersey-common-2.27.jar:/home/user/.m2/repository/org/glassfish/hk2/osgi-resource-locator/1.0.1/osgi-resource-locator-1.0.1.jar:/home/user/.m2/repository/javax/ws/rs/javax.ws.rs-api/2.1/javax.ws.rs-api-2.1.jar:/home/user/.m2/repository/org/glassfish/jersey/ext/cdi/jersey-cdi1x/2.27/jersey-cdi1x-2.27.jar:/home/user/.m2/repository/org/glassfish/jersey/inject/jersey-hk2/2.27/jersey-hk2-2.27.jar:/home/user/.m2/repository/org/glassfish/hk2/hk2-locator/2.5.0-b42/hk2-locator-2.5.0-b42.jar:/home/user/.m2/repository/org/javassist/javassist/3.22.0-CR2/javassist-3.22.0-CR2.jar:/home/user/.m2/repository/org/glassfish/hk2/hk2-api/2.5.0/hk2-api-2.5.0.jar:/home/user/.m2/repository/org/glassfish/hk2/external/jakarta.inject/2.5.0/jakarta.inject-2.5.0.jar:/home/user/.m2/repository/org/glassfish/hk2/hk2-utils/2.5.0/hk2-utils-2.5.0.jar:/home/user/.m2/repository/jakarta/annotation/jakarta.annotation-api/1.3.4/jakarta.annotation-api-1.3.4.jar:/home/user/.m2/repository/org/glassfish/hk2/external/aopalliance-repackaged/2.5.0/aopalliance-repackaged-2.5.0.jar:/home/user/.m2/repository/com/fasterxml/jackson/dataformat/jackson-dataformat-xml/2.9.0/jackson-dataformat-xml-2.9.0.jar:/home/user/.m2/repository/com/fasterxml/jackson/core/jackson-core/2.9.5/jackson-core-2.9.5.jar:/home/user/.m2/repository/com/fasterxml/jackson/module/jackson-module-jaxb-annotations/2.9.5/jackson-module-jaxb-annotations-2.9.5.jar:/home/user/.m2/repository/javax/enterprise/cdi-api/1.2/cdi-api-1.2.jar:/home/user/.m2/repository/javax/el/javax.el-api/3.0.0/javax.el-api-3.0.0.jar:/home/user/.m2/repository/javax/interceptor/javax.interceptor-api/1.2/javax.interceptor-api-1.2.jar:/home/user/.m2/repository/javax/inject/javax.inject/1/javax.inject-1.jar:/home/user/.m2/repository/com/sun/xml/bind/jaxb-impl/2.3.0.1/jaxb-impl-2.3.0.1.jar:/home/user/.m2/repository/com/sun/xml/bind/jaxb-core/2.3.0.1/jaxb-core-2.3.0.1.jar:/home/user/.m2/repository/javax/xml/bind/jaxb-api/2.3.0/jaxb-api-2.3.0.jar:/home/user/.m2/repository/javax/activation/activation/1.1.1/activation-1.1.1.jar:/home/user/.m2/repository/org/apache/hadoop/hadoop-ozone-csi/0.5.0-SNAPSHOT/hadoop-ozone-csi-0.5.0-SNAPSHOT.jar:/home/user/.m2/repository/com/google/protobuf/protobuf-java-util/3.5.1/protobuf-java-util-3.5.1.jar:/home/user/.m2/repository/org/apache/hadoop/hadoop-hdds-config/0.5.0-SNAPSHOT/hadoop-hdds-config-0.5.0-SNAPSHOT.jar:/home/user/.m2/repository/io/grpc/grpc-netty/1.17.1/grpc-netty-1.17.1.jar:/home/user/.m2/repository/io/grpc/grpc-core/1.17.1/grpc-core-1.17.1.jar:/home/user/.m2/repository/io/grpc/grpc-context/1.17.1/grpc-context-1.17.1.jar:/home/user/.m2/repository/com/google/errorprone/error_prone_annotations/2.2.0/error_prone_annotations-2.2.0.jar:/home/user/.m2/repository/org/codehaus/mojo/animal-sniffer-annotations/1.17/animal-sniffer-annotations-1.17.jar:/home/user/.m2/repository/io/opencensus/opencensus-api/0.17.0/opencensus-api-0.17.0.jar:/home/user/.m2/repository/io/opencensus/opencensus-contrib-grpc-metrics/0.17.0/opencensus-contrib-grpc-metrics-0.17.0.jar:/home/user/.m2/repository/io/netty/netty-codec-http2/4.1.30.Final/netty-codec-http2-4.1.30.Final.jar:/home/user/.m2/repository/io/netty/netty-codec-http/4.1.30.Final/netty-codec-http-4.1.30.Final.jar:/home/user/.m2/repository/io/netty/netty-codec/4.1.30.Final/netty-codec-4.1.30.Final.jar:/home/user/.m2/repository/io/netty/netty-handler/4.1.30.Final/netty-handler-4.1.30.Final.jar:/home/user/.m2/repository/io/netty/netty-handler-proxy/4.1.30.Final/netty-handler-proxy-4.1.30.Final.jar:/home/user/.m2/repository/io/netty/netty-codec-socks/4.1.30.Final/netty-codec-socks-4.1.30.Final.jar:/home/user/.m2/repository/io/netty/netty-transport-native-epoll/4.1.30.Final/netty-transport-native-epoll-4.1.30.Final.jar:/home/user/.m2/repository/io/netty/netty-common/4.1.30.Final/netty-common-4.1.30.Final.jar:/home/user/.m2/repository/io/netty/netty-buffer/4.1.30.Final/netty-buffer-4.1.30.Final.jar:/home/user/.m2/repository/io/netty/netty-transport/4.1.30.Final/netty-transport-4.1.30.Final.jar:/home/user/.m2/repository/io/netty/netty-resolver/4.1.30.Final/netty-resolver-4.1.30.Final.jar:/home/user/.m2/repository/io/netty/netty-transport-native-unix-common/4.1.30.Final/netty-transport-native-unix-common-4.1.30.Final.jar:/home/user/.m2/repository/io/grpc/grpc-protobuf/1.17.1/grpc-protobuf-1.17.1.jar:/home/user/.m2/repository/com/google/api/grpc/proto-google-common-protos/1.0.0/proto-google-common-protos-1.0.0.jar:/home/user/.m2/repository/io/grpc/grpc-protobuf-lite/1.17.1/grpc-protobuf-lite-1.17.1.jar:/home/user/.m2/repository/io/grpc/grpc-stub/1.17.1/grpc-stub-1.17.1.jar:/home/user/.m2/repository/org/apache/hadoop/hadoop-ozone-recon/0.5.0-SNAPSHOT/hadoop-ozone-recon-0.5.0-SNAPSHOT.jar:/home/user/.m2/repository/org/apache/hadoop/hadoop-ozone-reconcodegen/0.5.0-SNAPSHOT/hadoop-ozone-reconcodegen-0.5.0-SNAPSHOT.jar:/home/user/.m2/repository/com/google/inject/extensions/guice-multibindings/4.0/guice-multibindings-4.0.jar:/home/user/.m2/repository/com/google/inject/guice/4.0/guice-4.0.jar:/home/user/.m2/repository/aopalliance/aopalliance/1.0/aopalliance-1.0.jar:/home/user/.m2/repository/com/google/inject/extensions/guice-servlet/4.0/guice-servlet-4.0.jar:/home/user/.m2/repository/org/glassfish/jersey/containers/jersey-container-servlet/2.27/jersey-container-servlet-2.27.jar:/home/user/.m2/repository/org/glassfish/hk2/guice-bridge/2.5.0/guice-bridge-2.5.0.jar:/home/user/.m2/repository/org/glassfish/jersey/core/jersey-server/2.27/jersey-server-2.27.jar:/home/user/.m2/repository/org/glassfish/jersey/core/jersey-client/2.27/jersey-client-2.27.jar:/home/user/.m2/repository/org/glassfish/jersey/media/jersey-media-jaxb/2.27/jersey-media-jaxb-2.27.jar:/home/user/.m2/repository/javax/validation/validation-api/1.1.0.Final/validation-api-1.1.0.Final.jar:/home/user/.m2/repository/org/glassfish/jersey/media/jersey-media-json-jackson/2.27/jersey-media-json-jackson-2.27.jar:/home/user/.m2/repository/org/glassfish/jersey/ext/jersey-entity-filtering/2.27/jersey-entity-filtering-2.27.jar:/home/user/.m2/repository/com/google/inject/extensions/guice-assistedinject/4.0/guice-assistedinject-4.0.jar:/home/user/.m2/repository/org/jooq/jooq/3.11.10/jooq-3.11.10.jar:/home/user/.m2/repository/org/jooq/jooq-meta/3.11.10/jooq-meta-3.11.10.jar:/home/user/.m2/repository/org/jooq/jooq-codegen/3.11.10/jooq-codegen-3.11.10.jar:/home/user/.m2/repository/com/jolbox/bonecp/0.8.0.RELEASE/bonecp-0.8.0.RELEASE.jar:/home/user/.m2/repository/org/xerial/sqlite-jdbc/3.25.2/sqlite-jdbc-3.25.2.jar:/home/user/.m2/repository/org/springframework/spring-jdbc/5.1.3.RELEASE/spring-jdbc-5.1.3.RELEASE.jar:/home/user/.m2/repository/org/springframework/spring-beans/5.1.3.RELEASE/spring-beans-5.1.3.RELEASE.jar:/home/user/.m2/repository/org/springframework/spring-core/5.1.3.RELEASE/spring-core-5.1.3.RELEASE.jar:/home/user/.m2/repository/org/springframework/spring-jcl/5.1.3.RELEASE/spring-jcl-5.1.3.RELEASE.jar:/home/user/.m2/repository/org/springframework/spring-tx/5.1.3.RELEASE/spring-tx-5.1.3.RELEASE.jar:/home/user/.m2/repository/org/apache/hadoop/hadoop-ozone-client/0.5.0-SNAPSHOT/hadoop-ozone-client-0.5.0-SNAPSHOT.jar:/home/user/.m2/repository/commons-lang/commons-lang/2.6/commons-lang-2.6.jar:/home/user/.m2/repository/org/apache/hadoop/hadoop-ozone-ozone-manager/0.5.0-SNAPSHOT/hadoop-ozone-ozone-manager-0.5.0-SNAPSHOT-tests.jar:/home/user/.m2/repository/junit/junit/4.11/junit-4.11.jar:/home/user/.m2/repository/org/hamcrest/hamcrest-core/1.3/hamcrest-core-1.3.jar:/home/user/.m2/repository/org/openjdk/jmh/jmh-core/1.19/jmh-core-1.19.jar:/home/user/.m2/repository/net/sf/jopt-simple/jopt-simple/4.6/jopt-simple-4.6.jar:/home/user/.m2/repository/org/apache/commons/commons-math3/3.1.1/commons-math3-3.1.1.jar:/home/user/.m2/repository/org/openjdk/jmh/jmh-generator-annprocess/1.19/jmh-generator-annprocess-1.19.jar:/home/user/.m2/repository/org/mockito/mockito-all/1.8.5/mockito-all-1.8.5.jar:/home/user/.m2/repository/org/apache/hadoop/hadoop-kms/3.2.0/hadoop-kms-3.2.0.jar:/home/user/.m2/repository/org/apache/hadoop/hadoop-auth/3.2.0/hadoop-auth-3.2.0.jar:/home/user/.m2/repository/com/nimbusds/nimbus-jose-jwt/4.41.1/nimbus-jose-jwt-4.41.1.jar:/home/user/.m2/repository/com/github/stephenc/jcip/jcip-annotations/1.0-1/jcip-annotations-1.0-1.jar:/home/user/.m2/repository/net/minidev/json-smart/2.3/json-smart-2.3.jar:/home/user/.m2/repository/net/minidev/accessors-smart/1.2/accessors-smart-1.2.jar:/home/user/.m2/repository/org/ow2/asm/asm/5.0.4/asm-5.0.4.jar:/home/user/.m2/repository/org/apache/curator/curator-framework/2.12.0/curator-framework-2.12.0.jar:/home/user/.m2/repository/com/sun/jersey/jersey-core/1.19/jersey-core-1.19.jar:/home/user/.m2/repository/javax/ws/rs/jsr311-api/1.1.1/jsr311-api-1.1.1.jar:/home/user/.m2/repository/com/sun/jersey/jersey-server/1.19/jersey-server-1.19.jar:/home/user/.m2/repository/javax/servlet/javax.servlet-api/3.1.0/javax.servlet-api-3.1.0.jar:/home/user/.m2/repository/org/eclipse/jetty/jetty-server/9.3.24.v20180605/jetty-server-9.3.24.v20180605.jar:/home/user/.m2/repository/org/eclipse/jetty/jetty-http/9.3.24.v20180605/jetty-http-9.3.24.v20180605.jar:/home/user/.m2/repository/org/eclipse/jetty/jetty-io/9.3.24.v20180605/jetty-io-9.3.24.v20180605.jar:/home/user/.m2/repository/org/eclipse/jetty/jetty-webapp/9.3.24.v20180605/jetty-webapp-9.3.24.v20180605.jar:/home/user/.m2/repository/org/eclipse/jetty/jetty-xml/9.3.24.v20180605/jetty-xml-9.3.24.v20180605.jar:/home/user/.m2/repository/log4j/log4j/1.2.17/log4j-1.2.17.jar:/home/user/.m2/repository/org/slf4j/slf4j-api/1.7.25/slf4j-api-1.7.25.jar:/home/user/.m2/repository/org/slf4j/jul-to-slf4j/1.7.25/jul-to-slf4j-1.7.25.jar:/home/user/.m2/repository/org/eclipse/jetty/jetty-util/9.3.24.v20180605/jetty-util-9.3.24.v20180605.jar:/home/user/.m2/repository/com/fasterxml/jackson/core/jackson-databind/2.9.5/jackson-databind-2.9.5.jar:/home/user/.m2/repository/org/apache/hadoop/hadoop-kms/3.2.0/hadoop-kms-3.2.0-tests.jar:/home/user/.m2/repository/org/apache/hadoop/hadoop-hdds-server-scm/0.5.0-SNAPSHOT/hadoop-hdds-server-scm-0.5.0-SNAPSHOT-tests.jar:/home/user/.m2/repository/org/apache/hadoop/hadoop-hdds-container-service/0.5.0-SNAPSHOT/hadoop-hdds-container-service-0.5.0-SNAPSHOT-tests.jar:/home/user/.m2/repository/org/yaml/snakeyaml/1.16/snakeyaml-1.16.jar:/home/user/.m2/repository/org/apache/hadoop/hadoop-common/3.2.0/hadoop-common-3.2.0-tests.jar:/home/user/.m2/repository/org/apache/hadoop/hadoop-annotations/3.2.0/hadoop-annotations-3.2.0.jar:/usr/lib/jvm/java-1.8-openjdk/jre/../lib/tools.jar:/home/user/.m2/repository/commons-cli/commons-cli/1.2/commons-cli-1.2.jar:/home/user/.m2/repository/org/apache/httpcomponents/httpclient/4.5.2/httpclient-4.5.2.jar:/home/user/.m2/repository/org/apache/httpcomponents/httpcore/4.4.4/httpcore-4.4.4.jar:/home/user/.m2/repository/commons-codec/commons-codec/1.11/commons-codec-1.11.jar:/home/user/.m2/repository/commons-net/commons-net/3.6/commons-net-3.6.jar:/home/user/.m2/repository/commons-collections/commons-collections/3.2.2/commons-collections-3.2.2.jar:/home/user/.m2/repository/org/eclipse/jetty/jetty-servlet/9.3.24.v20180605/jetty-servlet-9.3.24.v20180605.jar:/home/user/.m2/repository/org/eclipse/jetty/jetty-security/9.3.24.v20180605/jetty-security-9.3.24.v20180605.jar:/home/user/.m2/repository/javax/servlet/jsp/jsp-api/2.1/jsp-api-2.1.jar:/home/user/.m2/repository/com/sun/jersey/jersey-servlet/1.19/jersey-servlet-1.19.jar:/home/user/.m2/repository/com/sun/jersey/jersey-json/1.19/jersey-json-1.19.jar:/home/user/.m2/repository/org/codehaus/jettison/jettison/1.1/jettison-1.1.jar:/home/user/.m2/repository/org/codehaus/jackson/jackson-core-asl/1.9.13/jackson-core-asl-1.9.13.jar:/home/user/.m2/repository/org/codehaus/jackson/jackson-mapper-asl/1.9.13/jackson-mapper-asl-1.9.13.jar:/home/user/.m2/repository/org/codehaus/jackson/jackson-jaxrs/1.9.13/jackson-jaxrs-1.9.13.jar:/home/user/.m2/repository/org/codehaus/jackson/jackson-xc/1.9.13/jackson-xc-1.9.13.jar:/home/user/.m2/repository/commons-logging/commons-logging/1.1.3/commons-logging-1.1.3.jar:/home/user/.m2/repository/commons-beanutils/commons-beanutils/1.9.3/commons-beanutils-1.9.3.jar:/home/user/.m2/repository/org/apache/commons/commons-configuration2/2.1.1/commons-configuration2-2.1.1.jar:/home/user/.m2/repository/org/apache/commons/commons-lang3/3.7/commons-lang3-3.7.jar:/home/user/.m2/repository/org/apache/commons/commons-text/1.4/commons-text-1.4.jar:/home/user/.m2/repository/org/apache/avro/avro/1.7.7/avro-1.7.7.jar:/home/user/.m2/repository/com/thoughtworks/paranamer/paranamer/2.3/paranamer-2.3.jar:/home/user/.m2/repository/org/xerial/snappy/snappy-java/1.0.5/snappy-java-1.0.5.jar:/home/user/.m2/repository/com/google/re2j/re2j/1.1/re2j-1.1.jar:/home/user/.m2/repository/com/google/code/gson/gson/2.2.4/gson-2.2.4.jar:/home/user/.m2/repository/com/jcraft/jsch/0.1.54/jsch-0.1.54.jar:/home/user/.m2/repository/org/apache/curator/curator-client/2.12.0/curator-client-2.12.0.jar:/home/user/.m2/repository/org/apache/curator/curator-recipes/2.12.0/curator-recipes-2.12.0.jar:/home/user/.m2/repository/com/google/code/findbugs/jsr305/3.0.0/jsr305-3.0.0.jar:/home/user/.m2/repository/org/apache/htrace/htrace-core4/4.1.0-incubating/htrace-core4-4.1.0-incubating.jar:/home/user/.m2/repository/org/apache/zookeeper/zookeeper/3.4.13/zookeeper-3.4.13.jar:/home/user/.m2/repository/org/apache/yetus/audience-annotations/0.5.0/audience-annotations-0.5.0.jar:/home/user/.m2/repository/org/codehaus/woodstox/stax2-api/3.1.4/stax2-api-3.1.4.jar:/home/user/.m2/repository/com/fasterxml/woodstox/woodstox-core/5.0.3/woodstox-core-5.0.3.jar:/home/user/.m2/repository/dnsjava/dnsjava/2.1.7/dnsjava-2.1.7.jar:/home/user/.m2/repository/org/apache/hadoop/hadoop-hdfs/3.2.0/hadoop-hdfs-3.2.0-tests.jar:/home/user/.m2/repository/org/eclipse/jetty/jetty-util-ajax/9.3.24.v20180605/jetty-util-ajax-9.3.24.v20180605.jar:/home/user/.m2/repository/commons-daemon/commons-daemon/1.0.13/commons-daemon-1.0.13.jar:/home/user/.m2/repository/io/netty/netty/3.10.5.Final/netty-3.10.5.Final.jar:/home/user/.m2/repository/io/netty/netty-all/4.0.52.Final/netty-all-4.0.52.Final.jar:/home/user/.m2/repository/org/fusesource/leveldbjni/leveldbjni-all/1.8/leveldbjni-all-1.8.jar:"/>
    <property name="java.vm.vendor" value="IcedTea"/>
    <property name="sun.arch.data.model" value="64"/>
    <property name="test.build.dir" value="/workdir/hadoop-ozone/integration-test/target/test-dir"/>
    <property name="test.cache.data" value=""/>
    <property name="java.vendor.url" value="https://icedtea.classpath.org"/>
    <property name="user.timezone" value=""/>
    <property name="java.vm.specification.version" value="1.8"/>
    <property name="os.name" value="Linux"/>
    <property name="test.build.data" value="/workdir/hadoop-ozone/integration-test/target/test-dir"/>
    <property name="user.country" value="US"/>
    <property name="sun.java.launcher" value="SUN_STANDARD"/>
    <property name="sun.boot.library.path" value="/usr/lib/jvm/java-1.8-openjdk/jre/lib/amd64"/>
    <property name="sun.java.command" value="/workdir/hadoop-ozone/integration-test/target/surefire/surefirebooter7843866329232627221.jar /workdir/hadoop-ozone/integration-test/target/surefire 2019-07-16T13-31-09_455-jvmRun1 surefire4536592875653817484tmp surefire_508271125203461083522tmp"/>
    <property name="surefire.test.class.path" value="/workdir/hadoop-ozone/integration-test/target/test-classes:/workdir/hadoop-ozone/integration-test/target/classes:/home/user/.m2/repository/org/apache/hadoop/hadoop-ozone-common/0.5.0-SNAPSHOT/hadoop-ozone-common-0.5.0-SNAPSHOT.jar:/home/user/.m2/repository/org/apache/commons/commons-compress/1.4.1/commons-compress-1.4.1.jar:/home/user/.m2/repository/org/tukaani/xz/1.0/xz-1.0.jar:/home/user/.m2/repository/org/apache/hadoop/hadoop-common/3.2.0/hadoop-common-3.2.0.jar:/home/user/.m2/repository/org/apache/hadoop/hadoop-hdfs/3.2.0/hadoop-hdfs-3.2.0.jar:/home/user/.m2/repository/org/apache/hadoop/hadoop-hdfs-client/3.2.0/hadoop-hdfs-client-3.2.0.jar:/home/user/.m2/repository/com/fasterxml/jackson/core/jackson-annotations/2.9.5/jackson-annotations-2.9.5.jar:/home/user/.m2/repository/org/apache/hadoop/hadoop-hdds-common/0.5.0-SNAPSHOT/hadoop-hdds-common-0.5.0-SNAPSHOT.jar:/home/user/.m2/repository/javax/annotation/javax.annotation-api/1.2/javax.annotation-api-1.2.jar:/home/user/.m2/repository/org/apache/ratis/ratis-server/0.4.0-2337318-SNAPSHOT/ratis-server-0.4.0-2337318-SNAPSHOT.jar:/home/user/.m2/repository/org/apache/ratis/ratis-thirdparty-misc/0.2.0/ratis-thirdparty-misc-0.2.0.jar:/home/user/.m2/repository/org/apache/ratis/ratis-proto/0.4.0-2337318-SNAPSHOT/ratis-proto-0.4.0-2337318-SNAPSHOT.jar:/home/user/.m2/repository/org/apache/ratis/ratis-common/0.4.0-2337318-SNAPSHOT/ratis-common-0.4.0-2337318-SNAPSHOT.jar:/home/user/.m2/repository/org/apache/ratis/ratis-client/0.4.0-2337318-SNAPSHOT/ratis-client-0.4.0-2337318-SNAPSHOT.jar:/home/user/.m2/repository/org/apache/ratis/ratis-metrics/0.4.0-2337318-SNAPSHOT/ratis-metrics-0.4.0-2337318-SNAPSHOT.jar:/home/user/.m2/repository/org/apache/ratis/ratis-netty/0.4.0-2337318-SNAPSHOT/ratis-netty-0.4.0-2337318-SNAPSHOT.jar:/home/user/.m2/repository/org/apache/ratis/ratis-grpc/0.4.0-2337318-SNAPSHOT/ratis-grpc-0.4.0-2337318-SNAPSHOT.jar:/home/user/.m2/repository/org/rocksdb/rocksdbjni/6.0.1/rocksdbjni-6.0.1.jar:/home/user/.m2/repository/org/apache/logging/log4j/log4j-api/2.11.0/log4j-api-2.11.0.jar:/home/user/.m2/repository/org/apache/logging/log4j/log4j-core/2.11.0/log4j-core-2.11.0.jar:/home/user/.m2/repository/com/lmax/disruptor/3.4.2/disruptor-3.4.2.jar:/home/user/.m2/repository/org/apache/commons/commons-pool2/2.6.0/commons-pool2-2.6.0.jar:/home/user/.m2/repository/org/bouncycastle/bcpkix-jdk15on/1.60/bcpkix-jdk15on-1.60.jar:/home/user/.m2/repository/commons-validator/commons-validator/1.6/commons-validator-1.6.jar:/home/user/.m2/repository/commons-digester/commons-digester/1.8.1/commons-digester-1.8.1.jar:/home/user/.m2/repository/io/jaegertracing/jaeger-client/0.33.1/jaeger-client-0.33.1.jar:/home/user/.m2/repository/io/jaegertracing/jaeger-thrift/0.33.1/jaeger-thrift-0.33.1.jar:/home/user/.m2/repository/org/apache/thrift/libthrift/0.11.0/libthrift-0.11.0.jar:/home/user/.m2/repository/com/squareup/okhttp3/okhttp/3.9.0/okhttp-3.9.0.jar:/home/user/.m2/repository/com/squareup/okio/okio/1.13.0/okio-1.13.0.jar:/home/user/.m2/repository/io/jaegertracing/jaeger-core/0.33.1/jaeger-core-0.33.1.jar:/home/user/.m2/repository/io/jaegertracing/jaeger-tracerresolver/0.33.1/jaeger-tracerresolver-0.33.1.jar:/home/user/.m2/repository/io/opentracing/contrib/opentracing-tracerresolver/0.1.5/opentracing-tracerresolver-0.1.5.jar:/home/user/.m2/repository/io/opentracing/opentracing-util/0.31.0/opentracing-util-0.31.0.jar:/home/user/.m2/repository/io/opentracing/opentracing-api/0.31.0/opentracing-api-0.31.0.jar:/home/user/.m2/repository/io/opentracing/opentracing-noop/0.31.0/opentracing-noop-0.31.0.jar:/home/user/.m2/repository/org/apache/hadoop/hadoop-hdds-server-framework/0.5.0-SNAPSHOT/hadoop-hdds-server-framework-0.5.0-SNAPSHOT.jar:/home/user/.m2/repository/org/apache/hadoop/hadoop-hdds-container-service/0.5.0-SNAPSHOT/hadoop-hdds-container-service-0.5.0-SNAPSHOT.jar:/home/user/.m2/repository/org/apache/hadoop/hadoop-hdds-client/0.5.0-SNAPSHOT/hadoop-hdds-client-0.5.0-SNAPSHOT.jar:/home/user/.m2/repository/org/apache/hadoop/hadoop-hdds-tools/0.5.0-SNAPSHOT/hadoop-hdds-tools-0.5.0-SNAPSHOT.jar:/home/user/.m2/repository/org/apache/hadoop/hadoop-hdds-server-scm/0.5.0-SNAPSHOT/hadoop-hdds-server-scm-0.5.0-SNAPSHOT.jar:/home/user/.m2/repository/org/apache/hadoop/hadoop-hdds-docs/0.5.0-SNAPSHOT/hadoop-hdds-docs-0.5.0-SNAPSHOT.jar:/home/user/.m2/repository/io/dropwizard/metrics/metrics-core/3.2.4/metrics-core-3.2.4.jar:/home/user/.m2/repository/org/hamcrest/hamcrest-all/1.3/hamcrest-all-1.3.jar:/home/user/.m2/repository/org/bouncycastle/bcprov-jdk15on/1.60/bcprov-jdk15on-1.60.jar:/home/user/.m2/repository/info/picocli/picocli/3.9.6/picocli-3.9.6.jar:/home/user/.m2/repository/com/google/protobuf/protobuf-java/2.5.0/protobuf-java-2.5.0.jar:/home/user/.m2/repository/com/google/guava/guava/11.0.2/guava-11.0.2.jar:/home/user/.m2/repository/org/apache/hadoop/hadoop-ozone-ozone-manager/0.5.0-SNAPSHOT/hadoop-ozone-ozone-manager-0.5.0-SNAPSHOT.jar:/home/user/.m2/repository/org/apache/hadoop/hadoop-minikdc/3.2.0/hadoop-minikdc-3.2.0.jar:/home/user/.m2/repository/commons-io/commons-io/2.5/commons-io-2.5.jar:/home/user/.m2/repository/org/apache/kerby/kerb-simplekdc/1.0.1/kerb-simplekdc-1.0.1.jar:/home/user/.m2/repository/org/apache/kerby/kerb-client/1.0.1/kerb-client-1.0.1.jar:/home/user/.m2/repository/org/apache/kerby/kerby-config/1.0.1/kerby-config-1.0.1.jar:/home/user/.m2/repository/org/apache/kerby/kerb-core/1.0.1/kerb-core-1.0.1.jar:/home/user/.m2/repository/org/apache/kerby/kerby-pkix/1.0.1/kerby-pkix-1.0.1.jar:/home/user/.m2/repository/org/apache/kerby/kerby-asn1/1.0.1/kerby-asn1-1.0.1.jar:/home/user/.m2/repository/org/apache/kerby/kerby-util/1.0.1/kerby-util-1.0.1.jar:/home/user/.m2/repository/org/apache/kerby/kerb-common/1.0.1/kerb-common-1.0.1.jar:/home/user/.m2/repository/org/apache/kerby/kerb-crypto/1.0.1/kerb-crypto-1.0.1.jar:/home/user/.m2/repository/org/apache/kerby/kerb-util/1.0.1/kerb-util-1.0.1.jar:/home/user/.m2/repository/org/apache/kerby/token-provider/1.0.1/token-provider-1.0.1.jar:/home/user/.m2/repository/org/apache/kerby/kerb-admin/1.0.1/kerb-admin-1.0.1.jar:/home/user/.m2/repository/org/apache/kerby/kerb-server/1.0.1/kerb-server-1.0.1.jar:/home/user/.m2/repository/org/apache/kerby/kerb-identity/1.0.1/kerb-identity-1.0.1.jar:/home/user/.m2/repository/org/apache/kerby/kerby-xdr/1.0.1/kerby-xdr-1.0.1.jar:/home/user/.m2/repository/org/slf4j/slf4j-log4j12/1.7.25/slf4j-log4j12-1.7.25.jar:/home/user/.m2/repository/org/apache/hadoop/hadoop-ozone-objectstore-service/0.5.0-SNAPSHOT/hadoop-ozone-objectstore-service-0.5.0-SNAPSHOT.jar:/home/user/.m2/repository/org/apache/hadoop/hadoop-ozone-s3gateway/0.5.0-SNAPSHOT/hadoop-ozone-s3gateway-0.5.0-SNAPSHOT.jar:/home/user/.m2/repository/org/jboss/weld/servlet/weld-servlet/2.4.7.Final/weld-servlet-2.4.7.Final.jar:/home/user/.m2/repository/org/glassfish/jersey/containers/jersey-container-servlet-core/2.27/jersey-container-servlet-core-2.27.jar:/home/user/.m2/repository/org/glassfish/hk2/external/javax.inject/2.5.0-b42/javax.inject-2.5.0-b42.jar:/home/user/.m2/repository/org/glassfish/jersey/core/jersey-common/2.27/jersey-common-2.27.jar:/home/user/.m2/repository/org/glassfish/hk2/osgi-resource-locator/1.0.1/osgi-resource-locator-1.0.1.jar:/home/user/.m2/repository/javax/ws/rs/javax.ws.rs-api/2.1/javax.ws.rs-api-2.1.jar:/home/user/.m2/repository/org/glassfish/jersey/ext/cdi/jersey-cdi1x/2.27/jersey-cdi1x-2.27.jar:/home/user/.m2/repository/org/glassfish/jersey/inject/jersey-hk2/2.27/jersey-hk2-2.27.jar:/home/user/.m2/repository/org/glassfish/hk2/hk2-locator/2.5.0-b42/hk2-locator-2.5.0-b42.jar:/home/user/.m2/repository/org/javassist/javassist/3.22.0-CR2/javassist-3.22.0-CR2.jar:/home/user/.m2/repository/org/glassfish/hk2/hk2-api/2.5.0/hk2-api-2.5.0.jar:/home/user/.m2/repository/org/glassfish/hk2/external/jakarta.inject/2.5.0/jakarta.inject-2.5.0.jar:/home/user/.m2/repository/org/glassfish/hk2/hk2-utils/2.5.0/hk2-utils-2.5.0.jar:/home/user/.m2/repository/jakarta/annotation/jakarta.annotation-api/1.3.4/jakarta.annotation-api-1.3.4.jar:/home/user/.m2/repository/org/glassfish/hk2/external/aopalliance-repackaged/2.5.0/aopalliance-repackaged-2.5.0.jar:/home/user/.m2/repository/com/fasterxml/jackson/dataformat/jackson-dataformat-xml/2.9.0/jackson-dataformat-xml-2.9.0.jar:/home/user/.m2/repository/com/fasterxml/jackson/core/jackson-core/2.9.5/jackson-core-2.9.5.jar:/home/user/.m2/repository/com/fasterxml/jackson/module/jackson-module-jaxb-annotations/2.9.5/jackson-module-jaxb-annotations-2.9.5.jar:/home/user/.m2/repository/javax/enterprise/cdi-api/1.2/cdi-api-1.2.jar:/home/user/.m2/repository/javax/el/javax.el-api/3.0.0/javax.el-api-3.0.0.jar:/home/user/.m2/repository/javax/interceptor/javax.interceptor-api/1.2/javax.interceptor-api-1.2.jar:/home/user/.m2/repository/javax/inject/javax.inject/1/javax.inject-1.jar:/home/user/.m2/repository/com/sun/xml/bind/jaxb-impl/2.3.0.1/jaxb-impl-2.3.0.1.jar:/home/user/.m2/repository/com/sun/xml/bind/jaxb-core/2.3.0.1/jaxb-core-2.3.0.1.jar:/home/user/.m2/repository/javax/xml/bind/jaxb-api/2.3.0/jaxb-api-2.3.0.jar:/home/user/.m2/repository/javax/activation/activation/1.1.1/activation-1.1.1.jar:/home/user/.m2/repository/org/apache/hadoop/hadoop-ozone-csi/0.5.0-SNAPSHOT/hadoop-ozone-csi-0.5.0-SNAPSHOT.jar:/home/user/.m2/repository/com/google/protobuf/protobuf-java-util/3.5.1/protobuf-java-util-3.5.1.jar:/home/user/.m2/repository/org/apache/hadoop/hadoop-hdds-config/0.5.0-SNAPSHOT/hadoop-hdds-config-0.5.0-SNAPSHOT.jar:/home/user/.m2/repository/io/grpc/grpc-netty/1.17.1/grpc-netty-1.17.1.jar:/home/user/.m2/repository/io/grpc/grpc-core/1.17.1/grpc-core-1.17.1.jar:/home/user/.m2/repository/io/grpc/grpc-context/1.17.1/grpc-context-1.17.1.jar:/home/user/.m2/repository/com/google/errorprone/error_prone_annotations/2.2.0/error_prone_annotations-2.2.0.jar:/home/user/.m2/repository/org/codehaus/mojo/animal-sniffer-annotations/1.17/animal-sniffer-annotations-1.17.jar:/home/user/.m2/repository/io/opencensus/opencensus-api/0.17.0/opencensus-api-0.17.0.jar:/home/user/.m2/repository/io/opencensus/opencensus-contrib-grpc-metrics/0.17.0/opencensus-contrib-grpc-metrics-0.17.0.jar:/home/user/.m2/repository/io/netty/netty-codec-http2/4.1.30.Final/netty-codec-http2-4.1.30.Final.jar:/home/user/.m2/repository/io/netty/netty-codec-http/4.1.30.Final/netty-codec-http-4.1.30.Final.jar:/home/user/.m2/repository/io/netty/netty-codec/4.1.30.Final/netty-codec-4.1.30.Final.jar:/home/user/.m2/repository/io/netty/netty-handler/4.1.30.Final/netty-handler-4.1.30.Final.jar:/home/user/.m2/repository/io/netty/netty-handler-proxy/4.1.30.Final/netty-handler-proxy-4.1.30.Final.jar:/home/user/.m2/repository/io/netty/netty-codec-socks/4.1.30.Final/netty-codec-socks-4.1.30.Final.jar:/home/user/.m2/repository/io/netty/netty-transport-native-epoll/4.1.30.Final/netty-transport-native-epoll-4.1.30.Final.jar:/home/user/.m2/repository/io/netty/netty-common/4.1.30.Final/netty-common-4.1.30.Final.jar:/home/user/.m2/repository/io/netty/netty-buffer/4.1.30.Final/netty-buffer-4.1.30.Final.jar:/home/user/.m2/repository/io/netty/netty-transport/4.1.30.Final/netty-transport-4.1.30.Final.jar:/home/user/.m2/repository/io/netty/netty-resolver/4.1.30.Final/netty-resolver-4.1.30.Final.jar:/home/user/.m2/repository/io/netty/netty-transport-native-unix-common/4.1.30.Final/netty-transport-native-unix-common-4.1.30.Final.jar:/home/user/.m2/repository/io/grpc/grpc-protobuf/1.17.1/grpc-protobuf-1.17.1.jar:/home/user/.m2/repository/com/google/api/grpc/proto-google-common-protos/1.0.0/proto-google-common-protos-1.0.0.jar:/home/user/.m2/repository/io/grpc/grpc-protobuf-lite/1.17.1/grpc-protobuf-lite-1.17.1.jar:/home/user/.m2/repository/io/grpc/grpc-stub/1.17.1/grpc-stub-1.17.1.jar:/home/user/.m2/repository/org/apache/hadoop/hadoop-ozone-recon/0.5.0-SNAPSHOT/hadoop-ozone-recon-0.5.0-SNAPSHOT.jar:/home/user/.m2/repository/org/apache/hadoop/hadoop-ozone-reconcodegen/0.5.0-SNAPSHOT/hadoop-ozone-reconcodegen-0.5.0-SNAPSHOT.jar:/home/user/.m2/repository/com/google/inject/extensions/guice-multibindings/4.0/guice-multibindings-4.0.jar:/home/user/.m2/repository/com/google/inject/guice/4.0/guice-4.0.jar:/home/user/.m2/repository/aopalliance/aopalliance/1.0/aopalliance-1.0.jar:/home/user/.m2/repository/com/google/inject/extensions/guice-servlet/4.0/guice-servlet-4.0.jar:/home/user/.m2/repository/org/glassfish/jersey/containers/jersey-container-servlet/2.27/jersey-container-servlet-2.27.jar:/home/user/.m2/repository/org/glassfish/hk2/guice-bridge/2.5.0/guice-bridge-2.5.0.jar:/home/user/.m2/repository/org/glassfish/jersey/core/jersey-server/2.27/jersey-server-2.27.jar:/home/user/.m2/repository/org/glassfish/jersey/core/jersey-client/2.27/jersey-client-2.27.jar:/home/user/.m2/repository/org/glassfish/jersey/media/jersey-media-jaxb/2.27/jersey-media-jaxb-2.27.jar:/home/user/.m2/repository/javax/validation/validation-api/1.1.0.Final/validation-api-1.1.0.Final.jar:/home/user/.m2/repository/org/glassfish/jersey/media/jersey-media-json-jackson/2.27/jersey-media-json-jackson-2.27.jar:/home/user/.m2/repository/org/glassfish/jersey/ext/jersey-entity-filtering/2.27/jersey-entity-filtering-2.27.jar:/home/user/.m2/repository/com/google/inject/extensions/guice-assistedinject/4.0/guice-assistedinject-4.0.jar:/home/user/.m2/repository/org/jooq/jooq/3.11.10/jooq-3.11.10.jar:/home/user/.m2/repository/org/jooq/jooq-meta/3.11.10/jooq-meta-3.11.10.jar:/home/user/.m2/repository/org/jooq/jooq-codegen/3.11.10/jooq-codegen-3.11.10.jar:/home/user/.m2/repository/com/jolbox/bonecp/0.8.0.RELEASE/bonecp-0.8.0.RELEASE.jar:/home/user/.m2/repository/org/xerial/sqlite-jdbc/3.25.2/sqlite-jdbc-3.25.2.jar:/home/user/.m2/repository/org/springframework/spring-jdbc/5.1.3.RELEASE/spring-jdbc-5.1.3.RELEASE.jar:/home/user/.m2/repository/org/springframework/spring-beans/5.1.3.RELEASE/spring-beans-5.1.3.RELEASE.jar:/home/user/.m2/repository/org/springframework/spring-core/5.1.3.RELEASE/spring-core-5.1.3.RELEASE.jar:/home/user/.m2/repository/org/springframework/spring-jcl/5.1.3.RELEASE/spring-jcl-5.1.3.RELEASE.jar:/home/user/.m2/repository/org/springframework/spring-tx/5.1.3.RELEASE/spring-tx-5.1.3.RELEASE.jar:/home/user/.m2/repository/org/apache/hadoop/hadoop-ozone-client/0.5.0-SNAPSHOT/hadoop-ozone-client-0.5.0-SNAPSHOT.jar:/home/user/.m2/repository/commons-lang/commons-lang/2.6/commons-lang-2.6.jar:/home/user/.m2/repository/org/apache/hadoop/hadoop-ozone-ozone-manager/0.5.0-SNAPSHOT/hadoop-ozone-ozone-manager-0.5.0-SNAPSHOT-tests.jar:/home/user/.m2/repository/junit/junit/4.11/junit-4.11.jar:/home/user/.m2/repository/org/hamcrest/hamcrest-core/1.3/hamcrest-core-1.3.jar:/home/user/.m2/repository/org/openjdk/jmh/jmh-core/1.19/jmh-core-1.19.jar:/home/user/.m2/repository/net/sf/jopt-simple/jopt-simple/4.6/jopt-simple-4.6.jar:/home/user/.m2/repository/org/apache/commons/commons-math3/3.1.1/commons-math3-3.1.1.jar:/home/user/.m2/repository/org/openjdk/jmh/jmh-generator-annprocess/1.19/jmh-generator-annprocess-1.19.jar:/home/user/.m2/repository/org/mockito/mockito-all/1.8.5/mockito-all-1.8.5.jar:/home/user/.m2/repository/org/apache/hadoop/hadoop-kms/3.2.0/hadoop-kms-3.2.0.jar:/home/user/.m2/repository/org/apache/hadoop/hadoop-auth/3.2.0/hadoop-auth-3.2.0.jar:/home/user/.m2/repository/com/nimbusds/nimbus-jose-jwt/4.41.1/nimbus-jose-jwt-4.41.1.jar:/home/user/.m2/repository/com/github/stephenc/jcip/jcip-annotations/1.0-1/jcip-annotations-1.0-1.jar:/home/user/.m2/repository/net/minidev/json-smart/2.3/json-smart-2.3.jar:/home/user/.m2/repository/net/minidev/accessors-smart/1.2/accessors-smart-1.2.jar:/home/user/.m2/repository/org/ow2/asm/asm/5.0.4/asm-5.0.4.jar:/home/user/.m2/repository/org/apache/curator/curator-framework/2.12.0/curator-framework-2.12.0.jar:/home/user/.m2/repository/com/sun/jersey/jersey-core/1.19/jersey-core-1.19.jar:/home/user/.m2/repository/javax/ws/rs/jsr311-api/1.1.1/jsr311-api-1.1.1.jar:/home/user/.m2/repository/com/sun/jersey/jersey-server/1.19/jersey-server-1.19.jar:/home/user/.m2/repository/javax/servlet/javax.servlet-api/3.1.0/javax.servlet-api-3.1.0.jar:/home/user/.m2/repository/org/eclipse/jetty/jetty-server/9.3.24.v20180605/jetty-server-9.3.24.v20180605.jar:/home/user/.m2/repository/org/eclipse/jetty/jetty-http/9.3.24.v20180605/jetty-http-9.3.24.v20180605.jar:/home/user/.m2/repository/org/eclipse/jetty/jetty-io/9.3.24.v20180605/jetty-io-9.3.24.v20180605.jar:/home/user/.m2/repository/org/eclipse/jetty/jetty-webapp/9.3.24.v20180605/jetty-webapp-9.3.24.v20180605.jar:/home/user/.m2/repository/org/eclipse/jetty/jetty-xml/9.3.24.v20180605/jetty-xml-9.3.24.v20180605.jar:/home/user/.m2/repository/log4j/log4j/1.2.17/log4j-1.2.17.jar:/home/user/.m2/repository/org/slf4j/slf4j-api/1.7.25/slf4j-api-1.7.25.jar:/home/user/.m2/repository/org/slf4j/jul-to-slf4j/1.7.25/jul-to-slf4j-1.7.25.jar:/home/user/.m2/repository/org/eclipse/jetty/jetty-util/9.3.24.v20180605/jetty-util-9.3.24.v20180605.jar:/home/user/.m2/repository/com/fasterxml/jackson/core/jackson-databind/2.9.5/jackson-databind-2.9.5.jar:/home/user/.m2/repository/org/apache/hadoop/hadoop-kms/3.2.0/hadoop-kms-3.2.0-tests.jar:/home/user/.m2/repository/org/apache/hadoop/hadoop-hdds-server-scm/0.5.0-SNAPSHOT/hadoop-hdds-server-scm-0.5.0-SNAPSHOT-tests.jar:/home/user/.m2/repository/org/apache/hadoop/hadoop-hdds-container-service/0.5.0-SNAPSHOT/hadoop-hdds-container-service-0.5.0-SNAPSHOT-tests.jar:/home/user/.m2/repository/org/yaml/snakeyaml/1.16/snakeyaml-1.16.jar:/home/user/.m2/repository/org/apache/hadoop/hadoop-common/3.2.0/hadoop-common-3.2.0-tests.jar:/home/user/.m2/repository/org/apache/hadoop/hadoop-annotations/3.2.0/hadoop-annotations-3.2.0.jar:/usr/lib/jvm/java-1.8-openjdk/jre/../lib/tools.jar:/home/user/.m2/repository/commons-cli/commons-cli/1.2/commons-cli-1.2.jar:/home/user/.m2/repository/org/apache/httpcomponents/httpclient/4.5.2/httpclient-4.5.2.jar:/home/user/.m2/repository/org/apache/httpcomponents/httpcore/4.4.4/httpcore-4.4.4.jar:/home/user/.m2/repository/commons-codec/commons-codec/1.11/commons-codec-1.11.jar:/home/user/.m2/repository/commons-net/commons-net/3.6/commons-net-3.6.jar:/home/user/.m2/repository/commons-collections/commons-collections/3.2.2/commons-collections-3.2.2.jar:/home/user/.m2/repository/org/eclipse/jetty/jetty-servlet/9.3.24.v20180605/jetty-servlet-9.3.24.v20180605.jar:/home/user/.m2/repository/org/eclipse/jetty/jetty-security/9.3.24.v20180605/jetty-security-9.3.24.v20180605.jar:/home/user/.m2/repository/javax/servlet/jsp/jsp-api/2.1/jsp-api-2.1.jar:/home/user/.m2/repository/com/sun/jersey/jersey-servlet/1.19/jersey-servlet-1.19.jar:/home/user/.m2/repository/com/sun/jersey/jersey-json/1.19/jersey-json-1.19.jar:/home/user/.m2/repository/org/codehaus/jettison/jettison/1.1/jettison-1.1.jar:/home/user/.m2/repository/org/codehaus/jackson/jackson-core-asl/1.9.13/jackson-core-asl-1.9.13.jar:/home/user/.m2/repository/org/codehaus/jackson/jackson-mapper-asl/1.9.13/jackson-mapper-asl-1.9.13.jar:/home/user/.m2/repository/org/codehaus/jackson/jackson-jaxrs/1.9.13/jackson-jaxrs-1.9.13.jar:/home/user/.m2/repository/org/codehaus/jackson/jackson-xc/1.9.13/jackson-xc-1.9.13.jar:/home/user/.m2/repository/commons-logging/commons-logging/1.1.3/commons-logging-1.1.3.jar:/home/user/.m2/repository/commons-beanutils/commons-beanutils/1.9.3/commons-beanutils-1.9.3.jar:/home/user/.m2/repository/org/apache/commons/commons-configuration2/2.1.1/commons-configuration2-2.1.1.jar:/home/user/.m2/repository/org/apache/commons/commons-lang3/3.7/commons-lang3-3.7.jar:/home/user/.m2/repository/org/apache/commons/commons-text/1.4/commons-text-1.4.jar:/home/user/.m2/repository/org/apache/avro/avro/1.7.7/avro-1.7.7.jar:/home/user/.m2/repository/com/thoughtworks/paranamer/paranamer/2.3/paranamer-2.3.jar:/home/user/.m2/repository/org/xerial/snappy/snappy-java/1.0.5/snappy-java-1.0.5.jar:/home/user/.m2/repository/com/google/re2j/re2j/1.1/re2j-1.1.jar:/home/user/.m2/repository/com/google/code/gson/gson/2.2.4/gson-2.2.4.jar:/home/user/.m2/repository/com/jcraft/jsch/0.1.54/jsch-0.1.54.jar:/home/user/.m2/repository/org/apache/curator/curator-client/2.12.0/curator-client-2.12.0.jar:/home/user/.m2/repository/org/apache/curator/curator-recipes/2.12.0/curator-recipes-2.12.0.jar:/home/user/.m2/repository/com/google/code/findbugs/jsr305/3.0.0/jsr305-3.0.0.jar:/home/user/.m2/repository/org/apache/htrace/htrace-core4/4.1.0-incubating/htrace-core4-4.1.0-incubating.jar:/home/user/.m2/repository/org/apache/zookeeper/zookeeper/3.4.13/zookeeper-3.4.13.jar:/home/user/.m2/repository/org/apache/yetus/audience-annotations/0.5.0/audience-annotations-0.5.0.jar:/home/user/.m2/repository/org/codehaus/woodstox/stax2-api/3.1.4/stax2-api-3.1.4.jar:/home/user/.m2/repository/com/fasterxml/woodstox/woodstox-core/5.0.3/woodstox-core-5.0.3.jar:/home/user/.m2/repository/dnsjava/dnsjava/2.1.7/dnsjava-2.1.7.jar:/home/user/.m2/repository/org/apache/hadoop/hadoop-hdfs/3.2.0/hadoop-hdfs-3.2.0-tests.jar:/home/user/.m2/repository/org/eclipse/jetty/jetty-util-ajax/9.3.24.v20180605/jetty-util-ajax-9.3.24.v20180605.jar:/home/user/.m2/repository/commons-daemon/commons-daemon/1.0.13/commons-daemon-1.0.13.jar:/home/user/.m2/repository/io/netty/netty/3.10.5.Final/netty-3.10.5.Final.jar:/home/user/.m2/repository/io/netty/netty-all/4.0.52.Final/netty-all-4.0.52.Final.jar:/home/user/.m2/repository/org/fusesource/leveldbjni/leveldbjni-all/1.8/leveldbjni-all-1.8.jar:"/>
    <property name="sun.cpu.endian" value="little"/>
    <property name="user.home" value="/home/user"/>
    <property name="user.language" value="en"/>
    <property name="java.specification.vendor" value="Oracle Corporation"/>
    <property name="java.home" value="/usr/lib/jvm/java-1.8-openjdk/jre"/>
    <property name="java.security.krb5.conf" value="/workdir/hadoop-ozone/integration-test/target/test-classes/krb5.conf"/>
    <property name="basedir" value="/workdir/hadoop-ozone/integration-test"/>
    <property name="file.separator" value="/"/>
    <property name="line.separator" value="&#10;"/>
    <property name="java.vm.specification.vendor" value="Oracle Corporation"/>
    <property name="java.specification.name" value="Java Platform API Specification"/>
    <property name="java.awt.graphicsenv" value="sun.awt.X11GraphicsEnvironment"/>
    <property name="surefire.real.class.path" value="/workdir/hadoop-ozone/integration-test/target/surefire/surefirebooter7843866329232627221.jar"/>
    <property name="hadoop.log.dir" value="/workdir/hadoop-ozone/integration-test/target/log"/>
    <property name="sun.boot.class.path" value="/usr/lib/jvm/java-1.8-openjdk/jre/lib/resources.jar:/usr/lib/jvm/java-1.8-openjdk/jre/lib/rt.jar:/usr/lib/jvm/java-1.8-openjdk/jre/lib/sunrsasign.jar:/usr/lib/jvm/java-1.8-openjdk/jre/lib/jsse.jar:/usr/lib/jvm/java-1.8-openjdk/jre/lib/jce.jar:/usr/lib/jvm/java-1.8-openjdk/jre/lib/charsets.jar:/usr/lib/jvm/java-1.8-openjdk/jre/lib/jfr.jar:/usr/lib/jvm/java-1.8-openjdk/jre/classes"/>
    <property name="sun.management.compiler" value="HotSpot 64-Bit Tiered Compilers"/>
    <property name="java.runtime.version" value="1.8.0_212-b04"/>
    <property name="java.net.preferIPv4Stack" value="true"/>
    <property name="user.name" value="jenkins1000"/>
    <property name="path.separator" value=":"/>
    <property name="java.security.egd" value="file:///dev/urandom"/>
    <property name="os.version" value="3.10.0-957.12.2.el7.x86_64"/>
    <property name="java.endorsed.dirs" value="/usr/lib/jvm/java-1.8-openjdk/jre/lib/endorsed"/>
    <property name="java.runtime.name" value="OpenJDK Runtime Environment"/>
    <property name="file.encoding" value="UTF-8"/>
    <property name="java.vm.name" value="OpenJDK 64-Bit Server VM"/>
    <property name="test.build.webapps" value=""/>
    <property name="localRepository" value="/home/user/.m2/repository"/>
    <property name="java.vendor.url.bug" value="https://icedtea.classpath.org/bugzilla"/>
    <property name="java.io.tmpdir" value="/tmp"/>
    <property name="require.test.libhadoop" value=""/>
    <property name="java.version" value="1.8.0_212"/>
    <property name="user.dir" value="/workdir/hadoop-ozone/integration-test"/>
    <property name="os.arch" value="amd64"/>
    <property name="java.vm.specification.name" value="Java Virtual Machine Specification"/>
    <property name="test.build.classes" value="/workdir/hadoop-ozone/integration-test/target/test-classes"/>
    <property name="java.awt.printerjob" value="sun.print.PSPrinterJob"/>
    <property name="sun.os.patch.level" value="unknown"/>
    <property name="hadoop.tmp.dir" value="/workdir/hadoop-ozone/integration-test/target/tmp"/>
    <property name="java.library.path" value="/usr/lib/jvm/java-1.8-openjdk/jre/lib/amd64/server:/usr/lib/jvm/java-1.8-openjdk/jre/lib/amd64:/usr/lib/jvm/java-1.8-openjdk/jre/../lib/amd64:/workdir/hadoop-ozone/integration-test/target/native/target/usr/local/lib:/workdir/hadoop-ozone/integration-test/../../hadoop-common-project/hadoop-common/target/native/target/usr/local/lib:/usr/java/packages/lib/amd64:/usr/lib64:/lib64:/lib:/usr/lib"/>
    <property name="java.vm.info" value="mixed mode"/>
    <property name="java.vendor" value="IcedTea"/>
    <property name="java.vm.version" value="25.212-b04"/>
    <property name="java.ext.dirs" value="/usr/lib/jvm/java-1.8-openjdk/jre/lib/ext:/usr/java/packages/lib/ext"/>
    <property name="sun.io.unicode.encoding" value="UnicodeLittle"/>
    <property name="java.class.version" value="52.0"/>
  </properties>
  <testcase name="test2DatanodesFailure" classname="org.apache.hadoop.ozone.client.rpc.TestBlockOutputStreamWithFailures" time="107.342">
    <error type="java.lang.IllegalArgumentException">java.lang.IllegalArgumentException
	at com.google.common.base.Preconditions.checkArgument(Preconditions.java:72)
	at org.apache.hadoop.hdds.scm.XceiverClientManager.acquireClient(XceiverClientManager.java:150)
	at org.apache.hadoop.hdds.scm.XceiverClientManager.acquireClientForReadData(XceiverClientManager.java:143)
	at org.apache.hadoop.hdds.scm.storage.BlockInputStream.getChunkInfos(BlockInputStream.java:154)
	at org.apache.hadoop.hdds.scm.storage.BlockInputStream.initialize(BlockInputStream.java:118)
	at org.apache.hadoop.hdds.scm.storage.BlockInputStream.read(BlockInputStream.java:222)
	at org.apache.hadoop.ozone.client.io.KeyInputStream.read(KeyInputStream.java:171)
	at org.apache.hadoop.ozone.client.io.OzoneInputStream.read(OzoneInputStream.java:47)
	at java.io.InputStream.read(InputStream.java:101)
	at org.apache.hadoop.ozone.container.ContainerTestHelper.validateData(ContainerTestHelper.java:709)
	at org.apache.hadoop.ozone.client.rpc.TestBlockOutputStreamWithFailures.validateData(TestBlockOutputStreamWithFailures.java:1212)
	at org.apache.hadoop.ozone.client.rpc.TestBlockOutputStreamWithFailures.test2DatanodesFailure(TestBlockOutputStreamWithFailures.java:537)
	at sun.reflect.NativeMethodAccessorImpl.invoke0(Native Method)
	at sun.reflect.NativeMethodAccessorImpl.invoke(NativeMethodAccessorImpl.java:62)
	at sun.reflect.DelegatingMethodAccessorImpl.invoke(DelegatingMethodAccessorImpl.java:43)
	at java.lang.reflect.Method.invoke(Method.java:498)
	at org.junit.runners.model.FrameworkMethod$1.runReflectiveCall(FrameworkMethod.java:47)
	at org.junit.internal.runners.model.ReflectiveCallable.run(ReflectiveCallable.java:12)
	at org.junit.runners.model.FrameworkMethod.invokeExplosively(FrameworkMethod.java:44)
	at org.junit.internal.runners.statements.InvokeMethod.evaluate(InvokeMethod.java:17)
	at org.junit.internal.runners.statements.RunBefores.evaluate(RunBefores.java:26)
	at org.junit.internal.runners.statements.RunAfters.evaluate(RunAfters.java:27)
	at org.junit.runners.ParentRunner.runLeaf(ParentRunner.java:271)
	at org.junit.runners.BlockJUnit4ClassRunner.runChild(BlockJUnit4ClassRunner.java:70)
	at org.junit.runners.BlockJUnit4ClassRunner.runChild(BlockJUnit4ClassRunner.java:50)
	at org.junit.runners.ParentRunner$3.run(ParentRunner.java:238)
	at org.junit.runners.ParentRunner$1.schedule(ParentRunner.java:63)
	at org.junit.runners.ParentRunner.runChildren(ParentRunner.java:236)
	at org.junit.runners.ParentRunner.access$000(ParentRunner.java:53)
	at org.junit.runners.ParentRunner$2.evaluate(ParentRunner.java:229)
	at org.junit.runners.ParentRunner.run(ParentRunner.java:309)
	at org.apache.maven.surefire.junit4.JUnit4Provider.execute(JUnit4Provider.java:365)
	at org.apache.maven.surefire.junit4.JUnit4Provider.executeWithRerun(JUnit4Provider.java:273)
	at org.apache.maven.surefire.junit4.JUnit4Provider.executeTestSet(JUnit4Provider.java:238)
	at org.apache.maven.surefire.junit4.JUnit4Provider.invoke(JUnit4Provider.java:159)
	at org.apache.maven.surefire.booter.ForkedBooter.invokeProviderInSameClassLoader(ForkedBooter.java:384)
	at org.apache.maven.surefire.booter.ForkedBooter.runSuitesInProcess(ForkedBooter.java:345)
	at org.apache.maven.surefire.booter.ForkedBooter.execute(ForkedBooter.java:126)
	at org.apache.maven.surefire.booter.ForkedBooter.main(ForkedBooter.java:418)
</error>
    <system-out><![CDATA[2019-07-16 14:18:47,436 WARN  server.ServerUtils (ServerUtils.java:getScmDbDir(145)) - ozone.scm.db.dirs is not configured. We recommend adding this setting. Falling back to ozone.metadata.dirs instead.
2019-07-16 14:18:47,594 WARN  server.ServerUtils (ServerUtils.java:getScmDbDir(145)) - ozone.scm.db.dirs is not configured. We recommend adding this setting. Falling back to ozone.metadata.dirs instead.
2019-07-16 14:18:47,597 WARN  server.ServerUtils (ServerUtils.java:getScmDbDir(145)) - ozone.scm.db.dirs is not configured. We recommend adding this setting. Falling back to ozone.metadata.dirs instead.
2019-07-16 14:18:47,617 INFO  util.log (Log.java:initialized(192)) - Logging initialized @912ms
2019-07-16 14:18:47,719 INFO  db.DBStoreBuilder (DBStoreBuilder.java:addTable(110)) - using custom profile for table: deletedBlocks
2019-07-16 14:18:47,719 INFO  db.DBStoreBuilder (DBStoreBuilder.java:processTables(161)) - Using default column profile:DBProfile.DISK for Table:deletedBlocks
2019-07-16 14:18:47,720 INFO  db.DBStoreBuilder (DBStoreBuilder.java:addTable(110)) - using custom profile for table: validCerts
2019-07-16 14:18:47,720 INFO  db.DBStoreBuilder (DBStoreBuilder.java:processTables(161)) - Using default column profile:DBProfile.DISK for Table:validCerts
2019-07-16 14:18:47,720 INFO  db.DBStoreBuilder (DBStoreBuilder.java:addTable(110)) - using custom profile for table: revokedCerts
2019-07-16 14:18:47,720 INFO  db.DBStoreBuilder (DBStoreBuilder.java:processTables(161)) - Using default column profile:DBProfile.DISK for Table:revokedCerts
2019-07-16 14:18:47,732 INFO  db.DBStoreBuilder (DBStoreBuilder.java:addTable(110)) - using custom profile for table: default
2019-07-16 14:18:47,732 INFO  db.DBStoreBuilder (DBStoreBuilder.java:processTables(167)) - Using default column profile:DBProfile.DISK for Table:default
2019-07-16 14:18:47,733 INFO  db.DBStoreBuilder (DBStoreBuilder.java:getDbProfile(198)) - Using default options. DBProfile.DISK
2019-07-16 14:18:47,941 INFO  net.NodeSchemaLoader (NodeSchemaLoader.java:loadSchemaFromFile(125)) - Loading file from sun.misc.CompoundEnumeration@3835c46
2019-07-16 14:18:47,946 INFO  net.NodeSchemaLoader (NodeSchemaLoader.java:loadSchema(171)) - Loading network topology layer schema file
2019-07-16 14:18:48,030 INFO  node.SCMNodeManager (SCMNodeManager.java:<init>(119)) - Entering startup safe mode.
2019-07-16 14:18:48,114 WARN  server.ServerUtils (ServerUtils.java:getScmDbDir(145)) - ozone.scm.db.dirs is not configured. We recommend adding this setting. Falling back to ozone.metadata.dirs instead.
2019-07-16 14:18:48,174 INFO  pipeline.SCMPipelineManager (SCMPipelineManager.java:initializePipelineState(126)) - No pipeline exists in current db
2019-07-16 14:18:48,177 WARN  server.ServerUtils (ServerUtils.java:getScmDbDir(145)) - ozone.scm.db.dirs is not configured. We recommend adding this setting. Falling back to ozone.metadata.dirs instead.
2019-07-16 14:18:48,276 WARN  events.EventQueue (EventQueue.java:fireEvent(175)) - No event handler registered for event TypedEvent{payloadType=SafeModeStatus, name='SafeModeStatus'}
2019-07-16 14:18:48,664 INFO  ipc.CallQueueManager (CallQueueManager.java:<init>(84)) - Using callQueue: class java.util.concurrent.LinkedBlockingQueue, queueCapacity: 2000, scheduler: class org.apache.hadoop.ipc.DefaultRpcScheduler, ipcBackoff: false.
2019-07-16 14:18:48,697 INFO  ipc.Server (Server.java:run(1074)) - Starting Socket Reader #1 for port 39489
2019-07-16 14:18:48,721 INFO  ipc.CallQueueManager (CallQueueManager.java:<init>(84)) - Using callQueue: class java.util.concurrent.LinkedBlockingQueue, queueCapacity: 2000, scheduler: class org.apache.hadoop.ipc.DefaultRpcScheduler, ipcBackoff: false.
2019-07-16 14:18:48,722 INFO  ipc.Server (Server.java:run(1074)) - Starting Socket Reader #1 for port 36131
2019-07-16 14:18:48,729 INFO  ipc.CallQueueManager (CallQueueManager.java:<init>(84)) - Using callQueue: class java.util.concurrent.LinkedBlockingQueue, queueCapacity: 2000, scheduler: class org.apache.hadoop.ipc.DefaultRpcScheduler, ipcBackoff: false.
2019-07-16 14:18:48,731 INFO  ipc.Server (Server.java:run(1074)) - Starting Socket Reader #1 for port 43850
2019-07-16 14:18:48,871 INFO  hdfs.DFSUtil (DFSUtil.java:httpServerTemplateForNNAndJN(1641)) - Starting Web-server for scm at: http://0.0.0.0:0
2019-07-16 14:18:49,034 INFO  server.AuthenticationFilter (AuthenticationFilter.java:constructSecretProvider(240)) - Unable to initialize FileSignerSecretProvider, falling back to use random secrets.
2019-07-16 14:18:49,042 WARN  http.HttpRequestLog (HttpRequestLog.java:getRequestLog(97)) - Jetty request log can only be enabled using Log4j
2019-07-16 14:18:49,050 INFO  http.HttpServer2 (HttpServer2.java:addGlobalFilter(975)) - Added global filter 'safety' (class=org.apache.hadoop.http.HttpServer2$QuotingInputFilter)
2019-07-16 14:18:49,052 INFO  http.HttpServer2 (HttpServer2.java:addFilter(948)) - Added filter static_user_filter (class=org.apache.hadoop.http.lib.StaticUserWebFilter$StaticUserFilter) to context scm
2019-07-16 14:18:49,053 INFO  http.HttpServer2 (HttpServer2.java:addFilter(958)) - Added filter static_user_filter (class=org.apache.hadoop.http.lib.StaticUserWebFilter$StaticUserFilter) to context static
2019-07-16 14:18:49,053 INFO  http.HttpServer2 (HttpServer2.java:addFilter(958)) - Added filter static_user_filter (class=org.apache.hadoop.http.lib.StaticUserWebFilter$StaticUserFilter) to context logs
2019-07-16 14:18:49,081 INFO  server.StorageContainerManager (StorageContainerManager.java:start(759)) - StorageContainerLocationProtocol RPC server is listening at /0.0.0.0:43850
2019-07-16 14:18:49,140 WARN  impl.MetricsConfig (MetricsConfig.java:loadFirst(134)) - Cannot locate configuration: tried hadoop-metrics2-storagecontainermanager.properties,hadoop-metrics2.properties
2019-07-16 14:18:49,153 INFO  impl.MetricsSystemImpl (MetricsSystemImpl.java:startTimer(374)) - Scheduled Metric snapshot period at 10 second(s).
2019-07-16 14:18:49,153 INFO  impl.MetricsSystemImpl (MetricsSystemImpl.java:start(191)) - StorageContainerManager metrics system started
2019-07-16 14:18:49,370 INFO  server.SCMClientProtocolServer (SCMClientProtocolServer.java:start(149)) - RPC server for Client  is listening at /0.0.0.0:43850
2019-07-16 14:18:49,371 INFO  ipc.Server (Server.java:run(1314)) - IPC Server Responder: starting
2019-07-16 14:18:49,371 INFO  ipc.Server (Server.java:run(1153)) - IPC Server listener on 43850: starting
2019-07-16 14:18:49,375 INFO  server.StorageContainerManager (StorageContainerManager.java:start(768)) - ScmBlockLocationProtocol RPC server is listening at /0.0.0.0:36131
2019-07-16 14:18:49,376 INFO  server.SCMBlockProtocolServer (SCMBlockProtocolServer.java:start(140)) - RPC server for Block Protocol is listening at /0.0.0.0:36131
2019-07-16 14:18:49,376 INFO  ipc.Server (Server.java:run(1314)) - IPC Server Responder: starting
2019-07-16 14:18:49,376 INFO  ipc.Server (Server.java:run(1153)) - IPC Server listener on 36131: starting
2019-07-16 14:18:49,385 INFO  server.StorageContainerManager (StorageContainerManager.java:start(772)) - ScmDatanodeProtocl RPC server is listening at /0.0.0.0:39489
2019-07-16 14:18:49,385 INFO  server.SCMDatanodeProtocolServer (SCMDatanodeProtocolServer.java:start(191)) - RPC server for DataNodes is listening at /0.0.0.0:39489
2019-07-16 14:18:49,386 INFO  ipc.Server (Server.java:run(1314)) - IPC Server Responder: starting
2019-07-16 14:18:49,387 INFO  ipc.Server (Server.java:run(1153)) - IPC Server listener on 39489: starting
2019-07-16 14:18:49,400 INFO  http.HttpServer2 (HttpServer2.java:bindListener(1191)) - Jetty bound to port 41468
2019-07-16 14:18:49,402 INFO  server.Server (Server.java:doStart(351)) - jetty-9.3.24.v20180605, build timestamp: 2018-06-05T17:11:56Z, git hash: 84205aa28f11a4f31f2a3b86d1bba2cc8ab69827
2019-07-16 14:18:49,443 INFO  handler.ContextHandler (ContextHandler.java:doStart(781)) - Started o.e.j.s.ServletContextHandler@6bbe2511{/logs,file:///workdir/hadoop-ozone/integration-test/target/log,AVAILABLE}
2019-07-16 14:18:49,444 INFO  handler.ContextHandler (ContextHandler.java:doStart(781)) - Started o.e.j.s.ServletContextHandler@76012793{/static,file:///workdir/hadoop-ozone/integration-test/target/test-classes/webapps/static,AVAILABLE}
2019-07-16 14:18:49,487 INFO  handler.ContextHandler (ContextHandler.java:doStart(781)) - Started o.e.j.w.WebAppContext@6a1d204a{/,file:///workdir/hadoop-ozone/integration-test/target/test-classes/webapps/scm/,AVAILABLE}{/scm}
2019-07-16 14:18:49,495 INFO  server.AbstractConnector (AbstractConnector.java:doStart(278)) - Started ServerConnector@9d157ff{HTTP/1.1,[http/1.1]}{0.0.0.0:41468}
2019-07-16 14:18:49,496 INFO  server.Server (Server.java:doStart(419)) - Started @2792ms
2019-07-16 14:18:49,497 INFO  server.BaseHttpServer (BaseHttpServer.java:updateConnectorAddress(207)) - HTTP server of SCM is listening at http://0.0.0.0:41468
2019-07-16 14:18:49,506 INFO  util.JvmPauseMonitor (JvmPauseMonitor.java:run(188)) - Starting JVM pause monitor
2019-07-16 14:18:49,509 WARN  server.ServerUtils (ServerUtils.java:getDBPath(222)) - ozone.om.db.dirs is not configured. We recommend adding this setting. Falling back to ozone.metadata.dirs instead.
2019-07-16 14:18:49,612 WARN  server.ServerUtils (ServerUtils.java:getDBPath(222)) - ozone.om.db.dirs is not configured. We recommend adding this setting. Falling back to ozone.metadata.dirs instead.
2019-07-16 14:18:49,614 INFO  om.OzoneManager (OzoneManager.java:setOMNodeDetails(626)) - OM Service ID is not set. Setting it to the default ID: omServiceIdDefault
2019-07-16 14:18:49,614 INFO  om.OzoneManager (OzoneManager.java:setOMNodeDetails(632)) - OM Node ID is not set. Setting it to the OmStorage's OmID: 9513dfc5-58e8-410b-832c-bc9ba144c412
2019-07-16 14:18:49,615 INFO  om.OzoneManager (OzoneManager.java:loadOMHAConfigs(583)) - Found matching OM address with OMServiceId: null, OMNodeId: null, RPC Address: localhost:0 and Ratis port: 9872
2019-07-16 14:18:49,881 WARN  server.ServerUtils (ServerUtils.java:getDBPath(222)) - ozone.om.db.dirs is not configured. We recommend adding this setting. Falling back to ozone.metadata.dirs instead.
2019-07-16 14:18:49,889 INFO  db.DBStoreBuilder (DBStoreBuilder.java:addTable(110)) - using custom profile for table: userTable
2019-07-16 14:18:49,890 INFO  db.DBStoreBuilder (DBStoreBuilder.java:processTables(161)) - Using default column profile:DBProfile.DISK for Table:userTable
2019-07-16 14:18:49,890 INFO  db.DBStoreBuilder (DBStoreBuilder.java:addTable(110)) - using custom profile for table: volumeTable
2019-07-16 14:18:49,890 INFO  db.DBStoreBuilder (DBStoreBuilder.java:processTables(161)) - Using default column profile:DBProfile.DISK for Table:volumeTable
2019-07-16 14:18:49,891 INFO  db.DBStoreBuilder (DBStoreBuilder.java:addTable(110)) - using custom profile for table: bucketTable
2019-07-16 14:18:49,891 INFO  db.DBStoreBuilder (DBStoreBuilder.java:processTables(161)) - Using default column profile:DBProfile.DISK for Table:bucketTable
2019-07-16 14:18:49,891 INFO  db.DBStoreBuilder (DBStoreBuilder.java:addTable(110)) - using custom profile for table: keyTable
2019-07-16 14:18:49,891 INFO  db.DBStoreBuilder (DBStoreBuilder.java:processTables(161)) - Using default column profile:DBProfile.DISK for Table:keyTable
2019-07-16 14:18:49,892 INFO  db.DBStoreBuilder (DBStoreBuilder.java:addTable(110)) - using custom profile for table: deletedTable
2019-07-16 14:18:49,892 INFO  db.DBStoreBuilder (DBStoreBuilder.java:processTables(161)) - Using default column profile:DBProfile.DISK for Table:deletedTable
2019-07-16 14:18:49,892 INFO  db.DBStoreBuilder (DBStoreBuilder.java:addTable(110)) - using custom profile for table: openKeyTable
2019-07-16 14:18:49,893 INFO  db.DBStoreBuilder (DBStoreBuilder.java:processTables(161)) - Using default column profile:DBProfile.DISK for Table:openKeyTable
2019-07-16 14:18:49,893 INFO  db.DBStoreBuilder (DBStoreBuilder.java:addTable(110)) - using custom profile for table: s3Table
2019-07-16 14:18:49,894 INFO  db.DBStoreBuilder (DBStoreBuilder.java:processTables(161)) - Using default column profile:DBProfile.DISK for Table:s3Table
2019-07-16 14:18:49,894 INFO  db.DBStoreBuilder (DBStoreBuilder.java:addTable(110)) - using custom profile for table: multipartInfoTable
2019-07-16 14:18:49,894 INFO  db.DBStoreBuilder (DBStoreBuilder.java:processTables(161)) - Using default column profile:DBProfile.DISK for Table:multipartInfoTable
2019-07-16 14:18:49,895 INFO  db.DBStoreBuilder (DBStoreBuilder.java:addTable(110)) - using custom profile for table: dTokenTable
2019-07-16 14:18:49,895 INFO  db.DBStoreBuilder (DBStoreBuilder.java:processTables(161)) - Using default column profile:DBProfile.DISK for Table:dTokenTable
2019-07-16 14:18:49,895 INFO  db.DBStoreBuilder (DBStoreBuilder.java:addTable(110)) - using custom profile for table: s3SecretTable
2019-07-16 14:18:49,896 INFO  db.DBStoreBuilder (DBStoreBuilder.java:processTables(161)) - Using default column profile:DBProfile.DISK for Table:s3SecretTable
2019-07-16 14:18:49,896 INFO  db.DBStoreBuilder (DBStoreBuilder.java:addTable(110)) - using custom profile for table: prefixTable
2019-07-16 14:18:49,896 INFO  db.DBStoreBuilder (DBStoreBuilder.java:processTables(161)) - Using default column profile:DBProfile.DISK for Table:prefixTable
2019-07-16 14:18:49,897 INFO  db.DBStoreBuilder (DBStoreBuilder.java:addTable(110)) - using custom profile for table: default
2019-07-16 14:18:49,897 INFO  db.DBStoreBuilder (DBStoreBuilder.java:processTables(167)) - Using default column profile:DBProfile.DISK for Table:default
2019-07-16 14:18:49,897 INFO  db.DBStoreBuilder (DBStoreBuilder.java:getDbProfile(198)) - Using default options. DBProfile.DISK
2019-07-16 14:18:50,823 INFO  ipc.CallQueueManager (CallQueueManager.java:<init>(84)) - Using callQueue: class java.util.concurrent.LinkedBlockingQueue, queueCapacity: 2000, scheduler: class org.apache.hadoop.ipc.DefaultRpcScheduler, ipcBackoff: false.
2019-07-16 14:18:50,825 INFO  ipc.Server (Server.java:run(1074)) - Starting Socket Reader #1 for port 38576
2019-07-16 14:18:50,853 WARN  server.ServerUtils (ServerUtils.java:getDBPath(222)) - ozone.om.db.dirs is not configured. We recommend adding this setting. Falling back to ozone.metadata.dirs instead.
2019-07-16 14:18:50,853 INFO  om.OzoneManager (OzoneManager.java:start(1224)) - OzoneManager RPC server is listening at localhost/127.0.0.1:38576
2019-07-16 14:18:50,854 INFO  impl.MetricsSystemImpl (MetricsSystemImpl.java:init(158)) - OzoneManager metrics system started (again)
2019-07-16 14:18:50,855 INFO  ipc.Server (Server.java:run(1314)) - IPC Server Responder: starting
2019-07-16 14:18:50,857 INFO  ipc.Server (Server.java:run(1153)) - IPC Server listener on 38576: starting
2019-07-16 14:18:50,870 INFO  hdfs.DFSUtil (DFSUtil.java:httpServerTemplateForNNAndJN(1641)) - Starting Web-server for ozoneManager at: http://0.0.0.0:0
2019-07-16 14:18:50,874 INFO  server.AuthenticationFilter (AuthenticationFilter.java:constructSecretProvider(240)) - Unable to initialize FileSignerSecretProvider, falling back to use random secrets.
2019-07-16 14:18:50,875 WARN  http.HttpRequestLog (HttpRequestLog.java:getRequestLog(97)) - Jetty request log can only be enabled using Log4j
2019-07-16 14:18:50,880 INFO  http.HttpServer2 (HttpServer2.java:addGlobalFilter(975)) - Added global filter 'safety' (class=org.apache.hadoop.http.HttpServer2$QuotingInputFilter)
2019-07-16 14:18:50,882 INFO  http.HttpServer2 (HttpServer2.java:addFilter(948)) - Added filter static_user_filter (class=org.apache.hadoop.http.lib.StaticUserWebFilter$StaticUserFilter) to context ozoneManager
2019-07-16 14:18:50,882 INFO  http.HttpServer2 (HttpServer2.java:addFilter(958)) - Added filter static_user_filter (class=org.apache.hadoop.http.lib.StaticUserWebFilter$StaticUserFilter) to context static
2019-07-16 14:18:50,883 INFO  http.HttpServer2 (HttpServer2.java:addFilter(958)) - Added filter static_user_filter (class=org.apache.hadoop.http.lib.StaticUserWebFilter$StaticUserFilter) to context logs
2019-07-16 14:18:50,887 INFO  http.HttpServer2 (HttpServer2.java:bindListener(1191)) - Jetty bound to port 41216
2019-07-16 14:18:50,888 INFO  server.Server (Server.java:doStart(351)) - jetty-9.3.24.v20180605, build timestamp: 2018-06-05T17:11:56Z, git hash: 84205aa28f11a4f31f2a3b86d1bba2cc8ab69827
2019-07-16 14:18:50,891 INFO  handler.ContextHandler (ContextHandler.java:doStart(781)) - Started o.e.j.s.ServletContextHandler@6ac97b84{/logs,file:///workdir/hadoop-ozone/integration-test/target/log,AVAILABLE}
2019-07-16 14:18:50,892 INFO  handler.ContextHandler (ContextHandler.java:doStart(781)) - Started o.e.j.s.ServletContextHandler@35c09b94{/static,file:///workdir/hadoop-ozone/integration-test/target/test-classes/webapps/static,AVAILABLE}
2019-07-16 14:18:50,899 INFO  handler.ContextHandler (ContextHandler.java:doStart(781)) - Started o.e.j.w.WebAppContext@1b9c1b51{/,file:///workdir/hadoop-ozone/integration-test/target/test-classes/webapps/ozoneManager/,AVAILABLE}{/ozoneManager}
2019-07-16 14:18:50,901 INFO  server.AbstractConnector (AbstractConnector.java:doStart(278)) - Started ServerConnector@2e52fb3e{HTTP/1.1,[http/1.1]}{0.0.0.0:41216}
2019-07-16 14:18:50,902 INFO  server.Server (Server.java:doStart(419)) - Started @4198ms
2019-07-16 14:18:50,903 INFO  server.BaseHttpServer (BaseHttpServer.java:updateConnectorAddress(207)) - HTTP server of OZONEMANAGER is listening at http://0.0.0.0:41216
2019-07-16 14:18:51,240 INFO  impl.MetricsSystemImpl (MetricsSystemImpl.java:init(158)) - HddsDatanode metrics system started (again)
2019-07-16 14:18:51,338 INFO  ozone.HddsDatanodeService (HddsDatanodeService.java:start(185)) - HddsDatanodeService host:trunk-nightly-gllmw-2332419065 ip:192.168.157.241
2019-07-16 14:18:51,368 INFO  volume.HddsVolume (HddsVolume.java:<init>(176)) - Creating Volume: /workdir/hadoop-ozone/integration-test/target/test-dir/MiniOzoneClusterImpl-cb088425-7f45-4d32-b7c7-566bcd4161d2/datanode-0/data/containers/hdds of  storage type : DISK and capacity : 52710309888
2019-07-16 14:18:51,370 INFO  volume.VolumeSet (VolumeSet.java:initializeVolumeSet(170)) - Added Volume : /workdir/hadoop-ozone/integration-test/target/test-dir/MiniOzoneClusterImpl-cb088425-7f45-4d32-b7c7-566bcd4161d2/datanode-0/data/containers/hdds to VolumeSet
2019-07-16 14:18:51,373 INFO  volume.ThrottledAsyncChecker (ThrottledAsyncChecker.java:schedule(140)) - Scheduling a check for org.apache.hadoop.ozone.container.common.volume.HddsVolume@6fc3e1a4
2019-07-16 14:18:51,390 INFO  volume.HddsVolumeChecker (HddsVolumeChecker.java:checkAllVolumes(203)) - Scheduled health check for volume org.apache.hadoop.ozone.container.common.volume.HddsVolume@6fc3e1a4
2019-07-16 14:18:51,499 INFO  impl.RaftServerProxy (ConfUtils.java:logGet(43)) - raft.rpc.type = GRPC (default)
2019-07-16 14:18:51,562 INFO  grpc.GrpcFactory (GrpcFactory.java:checkPooledByteBufAllocatorUseCacheForAllThreads(45)) - PERFORMANCE WARNING: useCacheForAllThreads is true that may cause Netty to create a lot garbage objects and, as a result, trigger GC.
	It is recommended to disable useCacheForAllThreads by setting -Dorg.apache.ratis.thirdparty.io.netty.allocator.useCacheForAllThreads=false in command line.
2019-07-16 14:18:51,567 INFO  grpc.GrpcConfigKeys$Server (ConfUtils.java:logGet(43)) - raft.grpc.server.port = 0 (default)
2019-07-16 14:18:51,568 INFO  server.GrpcService (ConfUtils.java:logGet(43)) - raft.grpc.message.size.max = 33570816 (custom)
2019-07-16 14:18:51,569 INFO  server.RaftServerConfigKeys (ConfUtils.java:logGet(43)) - raft.server.log.appender.buffer.byte-limit = 33554432 (custom)
2019-07-16 14:18:51,570 INFO  server.GrpcService (ConfUtils.java:logGet(43)) - raft.grpc.flow.control.window = 1MB (=1048576) (default)
2019-07-16 14:18:51,571 INFO  server.RaftServerConfigKeys (ConfUtils.java:logGet(43)) - raft.server.rpc.request.timeout = 3000ms (default)
2019-07-16 14:18:51,728 INFO  server.RaftServerConfigKeys (ConfUtils.java:logGet(43)) - raft.server.storage.dir = [/workdir/hadoop-ozone/integration-test/target/test-dir/MiniOzoneClusterImpl-cb088425-7f45-4d32-b7c7-566bcd4161d2/datanode-0/data/ratis] (custom)
2019-07-16 14:18:51,764 INFO  replication.SimpleContainerDownloader (SimpleContainerDownloader.java:<init>(72)) - Starting container downloader service to copy containers to replicate.
2019-07-16 14:18:51,777 INFO  hdfs.DFSUtil (DFSUtil.java:httpServerTemplateForNNAndJN(1641)) - Starting Web-server for hddsDatanode at: http://0.0.0.0:0
2019-07-16 14:18:51,778 INFO  server.AuthenticationFilter (AuthenticationFilter.java:constructSecretProvider(240)) - Unable to initialize FileSignerSecretProvider, falling back to use random secrets.
2019-07-16 14:18:51,779 WARN  http.HttpRequestLog (HttpRequestLog.java:getRequestLog(97)) - Jetty request log can only be enabled using Log4j
2019-07-16 14:18:51,780 INFO  http.HttpServer2 (HttpServer2.java:addGlobalFilter(975)) - Added global filter 'safety' (class=org.apache.hadoop.http.HttpServer2$QuotingInputFilter)
2019-07-16 14:18:51,781 INFO  http.HttpServer2 (HttpServer2.java:addFilter(948)) - Added filter static_user_filter (class=org.apache.hadoop.http.lib.StaticUserWebFilter$StaticUserFilter) to context hddsDatanode
2019-07-16 14:18:51,781 INFO  http.HttpServer2 (HttpServer2.java:addFilter(958)) - Added filter static_user_filter (class=org.apache.hadoop.http.lib.StaticUserWebFilter$StaticUserFilter) to context logs
2019-07-16 14:18:51,782 INFO  http.HttpServer2 (HttpServer2.java:addFilter(958)) - Added filter static_user_filter (class=org.apache.hadoop.http.lib.StaticUserWebFilter$StaticUserFilter) to context static
2019-07-16 14:18:51,788 INFO  http.HttpServer2 (HttpServer2.java:bindListener(1191)) - Jetty bound to port 34734
2019-07-16 14:18:51,789 INFO  server.Server (Server.java:doStart(351)) - jetty-9.3.24.v20180605, build timestamp: 2018-06-05T17:11:56Z, git hash: 84205aa28f11a4f31f2a3b86d1bba2cc8ab69827
2019-07-16 14:18:51,793 INFO  handler.ContextHandler (ContextHandler.java:doStart(781)) - Started o.e.j.s.ServletContextHandler@304d0259{/logs,file:///workdir/hadoop-ozone/integration-test/target/log,AVAILABLE}
2019-07-16 14:18:51,794 INFO  handler.ContextHandler (ContextHandler.java:doStart(781)) - Started o.e.j.s.ServletContextHandler@2133661d{/static,jar:file:/home/user/.m2/repository/org/apache/hadoop/hadoop-hdds-container-service/0.5.0-SNAPSHOT/hadoop-hdds-container-service-0.5.0-SNAPSHOT.jar!/webapps/static,AVAILABLE}
2019-07-16 14:18:51,844 INFO  handler.ContextHandler (ContextHandler.java:doStart(781)) - Started o.e.j.w.WebAppContext@24e83d19{/,file:///tmp/jetty-0.0.0.0-34734-hddsDatanode-_-any-4287642470600426025.dir/webapp/,AVAILABLE}{/hddsDatanode}
2019-07-16 14:18:51,850 INFO  server.AbstractConnector (AbstractConnector.java:doStart(278)) - Started ServerConnector@5c080ef3{HTTP/1.1,[http/1.1]}{0.0.0.0:34734}
2019-07-16 14:18:51,851 INFO  server.Server (Server.java:doStart(419)) - Started @5147ms
2019-07-16 14:18:51,853 INFO  server.BaseHttpServer (BaseHttpServer.java:updateConnectorAddress(207)) - HTTP server of HDDSDATANODE is listening at http://0.0.0.0:34734
2019-07-16 14:18:52,887 INFO  ozone.HddsDatanodeService (HddsDatanodeService.java:startPlugins(396)) - Started plug-in org.apache.hadoop.ozone.web.OzoneHddsDatanodeService@149b4d20
2019-07-16 14:18:52,889 INFO  impl.MetricsSystemImpl (MetricsSystemImpl.java:init(158)) - HddsDatanode metrics system started (again)
2019-07-16 14:18:52,891 INFO  ozone.HddsDatanodeService (HddsDatanodeService.java:start(185)) - HddsDatanodeService host:trunk-nightly-gllmw-2332419065 ip:192.168.157.241
2019-07-16 14:18:52,900 INFO  util.JvmPauseMonitor (JvmPauseMonitor.java:run(188)) - Starting JVM pause monitor
2019-07-16 14:18:52,901 INFO  volume.HddsVolume (HddsVolume.java:<init>(176)) - Creating Volume: /workdir/hadoop-ozone/integration-test/target/test-dir/MiniOzoneClusterImpl-cb088425-7f45-4d32-b7c7-566bcd4161d2/datanode-1/data/containers/hdds of  storage type : DISK and capacity : 52710309888
2019-07-16 14:18:52,903 INFO  volume.VolumeSet (VolumeSet.java:initializeVolumeSet(170)) - Added Volume : /workdir/hadoop-ozone/integration-test/target/test-dir/MiniOzoneClusterImpl-cb088425-7f45-4d32-b7c7-566bcd4161d2/datanode-1/data/containers/hdds to VolumeSet
2019-07-16 14:18:52,903 INFO  volume.ThrottledAsyncChecker (ThrottledAsyncChecker.java:schedule(140)) - Scheduling a check for org.apache.hadoop.ozone.container.common.volume.HddsVolume@2ed9f6f8
2019-07-16 14:18:52,904 INFO  volume.HddsVolumeChecker (HddsVolumeChecker.java:checkAllVolumes(203)) - Scheduled health check for volume org.apache.hadoop.ozone.container.common.volume.HddsVolume@2ed9f6f8
2019-07-16 14:18:52,923 INFO  impl.RaftServerProxy (ConfUtils.java:logGet(43)) - raft.rpc.type = GRPC (default)
2019-07-16 14:18:52,923 INFO  grpc.GrpcFactory (GrpcFactory.java:checkPooledByteBufAllocatorUseCacheForAllThreads(45)) - PERFORMANCE WARNING: useCacheForAllThreads is true that may cause Netty to create a lot garbage objects and, as a result, trigger GC.
	It is recommended to disable useCacheForAllThreads by setting -Dorg.apache.ratis.thirdparty.io.netty.allocator.useCacheForAllThreads=false in command line.
2019-07-16 14:18:52,924 INFO  grpc.GrpcConfigKeys$Server (ConfUtils.java:logGet(43)) - raft.grpc.server.port = 0 (default)
2019-07-16 14:18:52,925 INFO  server.GrpcService (ConfUtils.java:logGet(43)) - raft.grpc.message.size.max = 33570816 (custom)
2019-07-16 14:18:52,925 INFO  server.RaftServerConfigKeys (ConfUtils.java:logGet(43)) - raft.server.log.appender.buffer.byte-limit = 33554432 (custom)
2019-07-16 14:18:52,925 INFO  server.GrpcService (ConfUtils.java:logGet(43)) - raft.grpc.flow.control.window = 1MB (=1048576) (default)
2019-07-16 14:18:52,925 INFO  server.RaftServerConfigKeys (ConfUtils.java:logGet(43)) - raft.server.rpc.request.timeout = 3000ms (default)
2019-07-16 14:18:52,926 INFO  server.RaftServerConfigKeys (ConfUtils.java:logGet(43)) - raft.server.storage.dir = [/workdir/hadoop-ozone/integration-test/target/test-dir/MiniOzoneClusterImpl-cb088425-7f45-4d32-b7c7-566bcd4161d2/datanode-1/data/ratis] (custom)
2019-07-16 14:18:52,927 INFO  replication.SimpleContainerDownloader (SimpleContainerDownloader.java:<init>(72)) - Starting container downloader service to copy containers to replicate.
2019-07-16 14:18:52,928 INFO  hdfs.DFSUtil (DFSUtil.java:httpServerTemplateForNNAndJN(1641)) - Starting Web-server for hddsDatanode at: http://0.0.0.0:0
2019-07-16 14:18:52,931 INFO  server.AuthenticationFilter (AuthenticationFilter.java:constructSecretProvider(240)) - Unable to initialize FileSignerSecretProvider, falling back to use random secrets.
2019-07-16 14:18:52,932 WARN  http.HttpRequestLog (HttpRequestLog.java:getRequestLog(97)) - Jetty request log can only be enabled using Log4j
2019-07-16 14:18:52,935 INFO  http.HttpServer2 (HttpServer2.java:addGlobalFilter(975)) - Added global filter 'safety' (class=org.apache.hadoop.http.HttpServer2$QuotingInputFilter)
2019-07-16 14:18:52,937 INFO  http.HttpServer2 (HttpServer2.java:addFilter(948)) - Added filter static_user_filter (class=org.apache.hadoop.http.lib.StaticUserWebFilter$StaticUserFilter) to context hddsDatanode
2019-07-16 14:18:52,938 INFO  http.HttpServer2 (HttpServer2.java:addFilter(958)) - Added filter static_user_filter (class=org.apache.hadoop.http.lib.StaticUserWebFilter$StaticUserFilter) to context logs
2019-07-16 14:18:52,938 INFO  http.HttpServer2 (HttpServer2.java:addFilter(958)) - Added filter static_user_filter (class=org.apache.hadoop.http.lib.StaticUserWebFilter$StaticUserFilter) to context static
2019-07-16 14:18:52,939 INFO  http.HttpServer2 (HttpServer2.java:bindListener(1191)) - Jetty bound to port 46716
2019-07-16 14:18:52,940 INFO  server.Server (Server.java:doStart(351)) - jetty-9.3.24.v20180605, build timestamp: 2018-06-05T17:11:56Z, git hash: 84205aa28f11a4f31f2a3b86d1bba2cc8ab69827
2019-07-16 14:18:52,944 INFO  handler.ContextHandler (ContextHandler.java:doStart(781)) - Started o.e.j.s.ServletContextHandler@656a3d6b{/logs,file:///workdir/hadoop-ozone/integration-test/target/log,AVAILABLE}
2019-07-16 14:18:52,945 INFO  handler.ContextHandler (ContextHandler.java:doStart(781)) - Started o.e.j.s.ServletContextHandler@778a1250{/static,jar:file:/home/user/.m2/repository/org/apache/hadoop/hadoop-hdds-container-service/0.5.0-SNAPSHOT/hadoop-hdds-container-service-0.5.0-SNAPSHOT.jar!/webapps/static,AVAILABLE}
2019-07-16 14:18:52,993 INFO  handler.ContextHandler (ContextHandler.java:doStart(781)) - Started o.e.j.w.WebAppContext@d325518{/,file:///tmp/jetty-0.0.0.0-46716-hddsDatanode-_-any-3058374621806367693.dir/webapp/,AVAILABLE}{/hddsDatanode}
2019-07-16 14:18:52,994 INFO  server.AbstractConnector (AbstractConnector.java:doStart(278)) - Started ServerConnector@3b481bf5{HTTP/1.1,[http/1.1]}{0.0.0.0:46716}
2019-07-16 14:18:52,995 INFO  server.Server (Server.java:doStart(419)) - Started @6291ms
2019-07-16 14:18:52,996 INFO  server.BaseHttpServer (BaseHttpServer.java:updateConnectorAddress(207)) - HTTP server of HDDSDATANODE is listening at http://0.0.0.0:46716
2019-07-16 14:18:53,032 INFO  datanode.InitDatanodeState (InitDatanodeState.java:persistContainerDatanodeDetails(140)) - DatanodeDetails is persisted to /workdir/hadoop-ozone/integration-test/target/test-dir/MiniOzoneClusterImpl-cb088425-7f45-4d32-b7c7-566bcd4161d2/datanode-0/meta/datanode.id
2019-07-16 14:18:53,148 INFO  ozone.HddsDatanodeService (HddsDatanodeService.java:startPlugins(396)) - Started plug-in org.apache.hadoop.ozone.web.OzoneHddsDatanodeService@7c96c85
2019-07-16 14:18:53,148 INFO  impl.MetricsSystemImpl (MetricsSystemImpl.java:init(158)) - HddsDatanode metrics system started (again)
2019-07-16 14:18:53,150 INFO  ozone.HddsDatanodeService (HddsDatanodeService.java:start(185)) - HddsDatanodeService host:trunk-nightly-gllmw-2332419065 ip:192.168.157.241
2019-07-16 14:18:53,152 INFO  util.JvmPauseMonitor (JvmPauseMonitor.java:run(188)) - Starting JVM pause monitor
2019-07-16 14:18:53,163 INFO  volume.HddsVolume (HddsVolume.java:<init>(176)) - Creating Volume: /workdir/hadoop-ozone/integration-test/target/test-dir/MiniOzoneClusterImpl-cb088425-7f45-4d32-b7c7-566bcd4161d2/datanode-2/data/containers/hdds of  storage type : DISK and capacity : 52710309888
2019-07-16 14:18:53,163 INFO  volume.VolumeSet (VolumeSet.java:initializeVolumeSet(170)) - Added Volume : /workdir/hadoop-ozone/integration-test/target/test-dir/MiniOzoneClusterImpl-cb088425-7f45-4d32-b7c7-566bcd4161d2/datanode-2/data/containers/hdds to VolumeSet
2019-07-16 14:18:53,163 INFO  volume.ThrottledAsyncChecker (ThrottledAsyncChecker.java:schedule(140)) - Scheduling a check for org.apache.hadoop.ozone.container.common.volume.HddsVolume@644d1b61
2019-07-16 14:18:53,164 INFO  datanode.InitDatanodeState (InitDatanodeState.java:persistContainerDatanodeDetails(140)) - DatanodeDetails is persisted to /workdir/hadoop-ozone/integration-test/target/test-dir/MiniOzoneClusterImpl-cb088425-7f45-4d32-b7c7-566bcd4161d2/datanode-1/meta/datanode.id
2019-07-16 14:18:53,164 INFO  volume.HddsVolumeChecker (HddsVolumeChecker.java:checkAllVolumes(203)) - Scheduled health check for volume org.apache.hadoop.ozone.container.common.volume.HddsVolume@644d1b61
2019-07-16 14:18:53,181 INFO  impl.RaftServerProxy (ConfUtils.java:logGet(43)) - raft.rpc.type = GRPC (default)
2019-07-16 14:18:53,181 INFO  grpc.GrpcFactory (GrpcFactory.java:checkPooledByteBufAllocatorUseCacheForAllThreads(45)) - PERFORMANCE WARNING: useCacheForAllThreads is true that may cause Netty to create a lot garbage objects and, as a result, trigger GC.
	It is recommended to disable useCacheForAllThreads by setting -Dorg.apache.ratis.thirdparty.io.netty.allocator.useCacheForAllThreads=false in command line.
2019-07-16 14:18:53,181 INFO  grpc.GrpcConfigKeys$Server (ConfUtils.java:logGet(43)) - raft.grpc.server.port = 0 (default)
2019-07-16 14:18:53,182 INFO  server.GrpcService (ConfUtils.java:logGet(43)) - raft.grpc.message.size.max = 33570816 (custom)
2019-07-16 14:18:53,182 INFO  server.RaftServerConfigKeys (ConfUtils.java:logGet(43)) - raft.server.log.appender.buffer.byte-limit = 33554432 (custom)
2019-07-16 14:18:53,182 INFO  server.GrpcService (ConfUtils.java:logGet(43)) - raft.grpc.flow.control.window = 1MB (=1048576) (default)
2019-07-16 14:18:53,182 INFO  server.RaftServerConfigKeys (ConfUtils.java:logGet(43)) - raft.server.rpc.request.timeout = 3000ms (default)
2019-07-16 14:18:53,183 INFO  server.RaftServerConfigKeys (ConfUtils.java:logGet(43)) - raft.server.storage.dir = [/workdir/hadoop-ozone/integration-test/target/test-dir/MiniOzoneClusterImpl-cb088425-7f45-4d32-b7c7-566bcd4161d2/datanode-2/data/ratis] (custom)
2019-07-16 14:18:53,184 INFO  replication.SimpleContainerDownloader (SimpleContainerDownloader.java:<init>(72)) - Starting container downloader service to copy containers to replicate.
2019-07-16 14:18:53,185 INFO  hdfs.DFSUtil (DFSUtil.java:httpServerTemplateForNNAndJN(1641)) - Starting Web-server for hddsDatanode at: http://0.0.0.0:0
2019-07-16 14:18:53,186 INFO  server.AuthenticationFilter (AuthenticationFilter.java:constructSecretProvider(240)) - Unable to initialize FileSignerSecretProvider, falling back to use random secrets.
2019-07-16 14:18:53,187 WARN  http.HttpRequestLog (HttpRequestLog.java:getRequestLog(97)) - Jetty request log can only be enabled using Log4j
2019-07-16 14:18:53,188 INFO  http.HttpServer2 (HttpServer2.java:addGlobalFilter(975)) - Added global filter 'safety' (class=org.apache.hadoop.http.HttpServer2$QuotingInputFilter)
2019-07-16 14:18:53,189 INFO  http.HttpServer2 (HttpServer2.java:addFilter(948)) - Added filter static_user_filter (class=org.apache.hadoop.http.lib.StaticUserWebFilter$StaticUserFilter) to context hddsDatanode
2019-07-16 14:18:53,189 INFO  http.HttpServer2 (HttpServer2.java:addFilter(958)) - Added filter static_user_filter (class=org.apache.hadoop.http.lib.StaticUserWebFilter$StaticUserFilter) to context static
2019-07-16 14:18:53,189 INFO  http.HttpServer2 (HttpServer2.java:addFilter(958)) - Added filter static_user_filter (class=org.apache.hadoop.http.lib.StaticUserWebFilter$StaticUserFilter) to context logs
2019-07-16 14:18:53,190 INFO  http.HttpServer2 (HttpServer2.java:bindListener(1191)) - Jetty bound to port 44947
2019-07-16 14:18:53,190 INFO  server.Server (Server.java:doStart(351)) - jetty-9.3.24.v20180605, build timestamp: 2018-06-05T17:11:56Z, git hash: 84205aa28f11a4f31f2a3b86d1bba2cc8ab69827
2019-07-16 14:18:53,192 INFO  handler.ContextHandler (ContextHandler.java:doStart(781)) - Started o.e.j.s.ServletContextHandler@b5b9333{/logs,file:///workdir/hadoop-ozone/integration-test/target/log,AVAILABLE}
2019-07-16 14:18:53,192 INFO  handler.ContextHandler (ContextHandler.java:doStart(781)) - Started o.e.j.s.ServletContextHandler@38588dea{/static,jar:file:/home/user/.m2/repository/org/apache/hadoop/hadoop-hdds-container-service/0.5.0-SNAPSHOT/hadoop-hdds-container-service-0.5.0-SNAPSHOT.jar!/webapps/static,AVAILABLE}
2019-07-16 14:18:53,220 INFO  handler.ContextHandler (ContextHandler.java:doStart(781)) - Started o.e.j.w.WebAppContext@738a5848{/,file:///tmp/jetty-0.0.0.0-44947-hddsDatanode-_-any-2300343189630580226.dir/webapp/,AVAILABLE}{/hddsDatanode}
2019-07-16 14:18:53,220 INFO  server.AbstractConnector (AbstractConnector.java:doStart(278)) - Started ServerConnector@487cd177{HTTP/1.1,[http/1.1]}{0.0.0.0:44947}
2019-07-16 14:18:53,221 INFO  server.Server (Server.java:doStart(419)) - Started @6517ms
2019-07-16 14:18:53,223 INFO  server.BaseHttpServer (BaseHttpServer.java:updateConnectorAddress(207)) - HTTP server of HDDSDATANODE is listening at http://0.0.0.0:44947
2019-07-16 14:18:53,351 INFO  ozone.HddsDatanodeService (HddsDatanodeService.java:startPlugins(396)) - Started plug-in org.apache.hadoop.ozone.web.OzoneHddsDatanodeService@2e56b4d
2019-07-16 14:18:53,351 INFO  impl.MetricsSystemImpl (MetricsSystemImpl.java:init(158)) - HddsDatanode metrics system started (again)
2019-07-16 14:18:53,353 INFO  ozone.HddsDatanodeService (HddsDatanodeService.java:start(185)) - HddsDatanodeService host:trunk-nightly-gllmw-2332419065 ip:192.168.157.241
2019-07-16 14:18:53,354 INFO  util.JvmPauseMonitor (JvmPauseMonitor.java:run(188)) - Starting JVM pause monitor
2019-07-16 14:18:53,358 INFO  datanode.InitDatanodeState (InitDatanodeState.java:persistContainerDatanodeDetails(140)) - DatanodeDetails is persisted to /workdir/hadoop-ozone/integration-test/target/test-dir/MiniOzoneClusterImpl-cb088425-7f45-4d32-b7c7-566bcd4161d2/datanode-2/meta/datanode.id
2019-07-16 14:18:53,360 INFO  volume.HddsVolume (HddsVolume.java:<init>(176)) - Creating Volume: /workdir/hadoop-ozone/integration-test/target/test-dir/MiniOzoneClusterImpl-cb088425-7f45-4d32-b7c7-566bcd4161d2/datanode-3/data/containers/hdds of  storage type : DISK and capacity : 52710309888
2019-07-16 14:18:53,361 INFO  volume.VolumeSet (VolumeSet.java:initializeVolumeSet(170)) - Added Volume : /workdir/hadoop-ozone/integration-test/target/test-dir/MiniOzoneClusterImpl-cb088425-7f45-4d32-b7c7-566bcd4161d2/datanode-3/data/containers/hdds to VolumeSet
2019-07-16 14:18:53,361 INFO  volume.ThrottledAsyncChecker (ThrottledAsyncChecker.java:schedule(140)) - Scheduling a check for org.apache.hadoop.ozone.container.common.volume.HddsVolume@55846997
2019-07-16 14:18:53,361 INFO  volume.HddsVolumeChecker (HddsVolumeChecker.java:checkAllVolumes(203)) - Scheduled health check for volume org.apache.hadoop.ozone.container.common.volume.HddsVolume@55846997
2019-07-16 14:18:53,375 INFO  impl.RaftServerProxy (ConfUtils.java:logGet(43)) - raft.rpc.type = GRPC (default)
2019-07-16 14:18:53,375 INFO  grpc.GrpcFactory (GrpcFactory.java:checkPooledByteBufAllocatorUseCacheForAllThreads(45)) - PERFORMANCE WARNING: useCacheForAllThreads is true that may cause Netty to create a lot garbage objects and, as a result, trigger GC.
	It is recommended to disable useCacheForAllThreads by setting -Dorg.apache.ratis.thirdparty.io.netty.allocator.useCacheForAllThreads=false in command line.
2019-07-16 14:18:53,376 INFO  grpc.GrpcConfigKeys$Server (ConfUtils.java:logGet(43)) - raft.grpc.server.port = 0 (default)
2019-07-16 14:18:53,376 INFO  server.GrpcService (ConfUtils.java:logGet(43)) - raft.grpc.message.size.max = 33570816 (custom)
2019-07-16 14:18:53,376 INFO  server.RaftServerConfigKeys (ConfUtils.java:logGet(43)) - raft.server.log.appender.buffer.byte-limit = 33554432 (custom)
2019-07-16 14:18:53,376 INFO  server.GrpcService (ConfUtils.java:logGet(43)) - raft.grpc.flow.control.window = 1MB (=1048576) (default)
2019-07-16 14:18:53,376 INFO  server.RaftServerConfigKeys (ConfUtils.java:logGet(43)) - raft.server.rpc.request.timeout = 3000ms (default)
2019-07-16 14:18:53,377 INFO  server.RaftServerConfigKeys (ConfUtils.java:logGet(43)) - raft.server.storage.dir = [/workdir/hadoop-ozone/integration-test/target/test-dir/MiniOzoneClusterImpl-cb088425-7f45-4d32-b7c7-566bcd4161d2/datanode-3/data/ratis] (custom)
2019-07-16 14:18:53,377 INFO  replication.SimpleContainerDownloader (SimpleContainerDownloader.java:<init>(72)) - Starting container downloader service to copy containers to replicate.
2019-07-16 14:18:53,379 INFO  hdfs.DFSUtil (DFSUtil.java:httpServerTemplateForNNAndJN(1641)) - Starting Web-server for hddsDatanode at: http://0.0.0.0:0
2019-07-16 14:18:53,380 INFO  server.AuthenticationFilter (AuthenticationFilter.java:constructSecretProvider(240)) - Unable to initialize FileSignerSecretProvider, falling back to use random secrets.
2019-07-16 14:18:53,381 WARN  http.HttpRequestLog (HttpRequestLog.java:getRequestLog(97)) - Jetty request log can only be enabled using Log4j
2019-07-16 14:18:53,382 INFO  http.HttpServer2 (HttpServer2.java:addGlobalFilter(975)) - Added global filter 'safety' (class=org.apache.hadoop.http.HttpServer2$QuotingInputFilter)
2019-07-16 14:18:53,382 INFO  http.HttpServer2 (HttpServer2.java:addFilter(948)) - Added filter static_user_filter (class=org.apache.hadoop.http.lib.StaticUserWebFilter$StaticUserFilter) to context hddsDatanode
2019-07-16 14:18:53,382 INFO  http.HttpServer2 (HttpServer2.java:addFilter(958)) - Added filter static_user_filter (class=org.apache.hadoop.http.lib.StaticUserWebFilter$StaticUserFilter) to context logs
2019-07-16 14:18:53,383 INFO  http.HttpServer2 (HttpServer2.java:addFilter(958)) - Added filter static_user_filter (class=org.apache.hadoop.http.lib.StaticUserWebFilter$StaticUserFilter) to context static
2019-07-16 14:18:53,383 INFO  http.HttpServer2 (HttpServer2.java:bindListener(1191)) - Jetty bound to port 33424
2019-07-16 14:18:53,383 INFO  server.Server (Server.java:doStart(351)) - jetty-9.3.24.v20180605, build timestamp: 2018-06-05T17:11:56Z, git hash: 84205aa28f11a4f31f2a3b86d1bba2cc8ab69827
2019-07-16 14:18:53,388 INFO  handler.ContextHandler (ContextHandler.java:doStart(781)) - Started o.e.j.s.ServletContextHandler@57bd6a8f{/logs,file:///workdir/hadoop-ozone/integration-test/target/log,AVAILABLE}
2019-07-16 14:18:53,388 INFO  handler.ContextHandler (ContextHandler.java:doStart(781)) - Started o.e.j.s.ServletContextHandler@517704{/static,jar:file:/home/user/.m2/repository/org/apache/hadoop/hadoop-hdds-container-service/0.5.0-SNAPSHOT/hadoop-hdds-container-service-0.5.0-SNAPSHOT.jar!/webapps/static,AVAILABLE}
2019-07-16 14:18:53,416 INFO  handler.ContextHandler (ContextHandler.java:doStart(781)) - Started o.e.j.w.WebAppContext@78c262ba{/,file:///tmp/jetty-0.0.0.0-33424-hddsDatanode-_-any-3813775319822958283.dir/webapp/,AVAILABLE}{/hddsDatanode}
2019-07-16 14:18:53,416 INFO  server.AbstractConnector (AbstractConnector.java:doStart(278)) - Started ServerConnector@7d2c9361{HTTP/1.1,[http/1.1]}{0.0.0.0:33424}
2019-07-16 14:18:53,417 INFO  server.Server (Server.java:doStart(419)) - Started @6713ms
2019-07-16 14:18:53,418 INFO  server.BaseHttpServer (BaseHttpServer.java:updateConnectorAddress(207)) - HTTP server of HDDSDATANODE is listening at http://0.0.0.0:33424
2019-07-16 14:18:53,544 INFO  ozone.HddsDatanodeService (HddsDatanodeService.java:startPlugins(396)) - Started plug-in org.apache.hadoop.ozone.web.OzoneHddsDatanodeService@372f0a99
2019-07-16 14:18:53,544 INFO  impl.MetricsSystemImpl (MetricsSystemImpl.java:init(158)) - HddsDatanode metrics system started (again)
2019-07-16 14:18:53,546 INFO  ozone.HddsDatanodeService (HddsDatanodeService.java:start(185)) - HddsDatanodeService host:trunk-nightly-gllmw-2332419065 ip:192.168.157.241
2019-07-16 14:18:53,548 INFO  util.JvmPauseMonitor (JvmPauseMonitor.java:run(188)) - Starting JVM pause monitor
2019-07-16 14:18:53,552 INFO  datanode.InitDatanodeState (InitDatanodeState.java:persistContainerDatanodeDetails(140)) - DatanodeDetails is persisted to /workdir/hadoop-ozone/integration-test/target/test-dir/MiniOzoneClusterImpl-cb088425-7f45-4d32-b7c7-566bcd4161d2/datanode-3/meta/datanode.id
2019-07-16 14:18:53,555 INFO  volume.HddsVolume (HddsVolume.java:<init>(176)) - Creating Volume: /workdir/hadoop-ozone/integration-test/target/test-dir/MiniOzoneClusterImpl-cb088425-7f45-4d32-b7c7-566bcd4161d2/datanode-4/data/containers/hdds of  storage type : DISK and capacity : 52710309888
2019-07-16 14:18:53,555 INFO  volume.VolumeSet (VolumeSet.java:initializeVolumeSet(170)) - Added Volume : /workdir/hadoop-ozone/integration-test/target/test-dir/MiniOzoneClusterImpl-cb088425-7f45-4d32-b7c7-566bcd4161d2/datanode-4/data/containers/hdds to VolumeSet
2019-07-16 14:18:53,555 INFO  volume.ThrottledAsyncChecker (ThrottledAsyncChecker.java:schedule(140)) - Scheduling a check for org.apache.hadoop.ozone.container.common.volume.HddsVolume@3887c7d7
2019-07-16 14:18:53,556 INFO  volume.HddsVolumeChecker (HddsVolumeChecker.java:checkAllVolumes(203)) - Scheduled health check for volume org.apache.hadoop.ozone.container.common.volume.HddsVolume@3887c7d7
2019-07-16 14:18:53,571 INFO  impl.RaftServerProxy (ConfUtils.java:logGet(43)) - raft.rpc.type = GRPC (default)
2019-07-16 14:18:53,571 INFO  grpc.GrpcFactory (GrpcFactory.java:checkPooledByteBufAllocatorUseCacheForAllThreads(45)) - PERFORMANCE WARNING: useCacheForAllThreads is true that may cause Netty to create a lot garbage objects and, as a result, trigger GC.
	It is recommended to disable useCacheForAllThreads by setting -Dorg.apache.ratis.thirdparty.io.netty.allocator.useCacheForAllThreads=false in command line.
2019-07-16 14:18:53,571 INFO  grpc.GrpcConfigKeys$Server (ConfUtils.java:logGet(43)) - raft.grpc.server.port = 0 (default)
2019-07-16 14:18:53,571 INFO  server.GrpcService (ConfUtils.java:logGet(43)) - raft.grpc.message.size.max = 33570816 (custom)
2019-07-16 14:18:53,572 INFO  server.RaftServerConfigKeys (ConfUtils.java:logGet(43)) - raft.server.log.appender.buffer.byte-limit = 33554432 (custom)
2019-07-16 14:18:53,572 INFO  server.GrpcService (ConfUtils.java:logGet(43)) - raft.grpc.flow.control.window = 1MB (=1048576) (default)
2019-07-16 14:18:53,572 INFO  server.RaftServerConfigKeys (ConfUtils.java:logGet(43)) - raft.server.rpc.request.timeout = 3000ms (default)
2019-07-16 14:18:53,573 INFO  server.RaftServerConfigKeys (ConfUtils.java:logGet(43)) - raft.server.storage.dir = [/workdir/hadoop-ozone/integration-test/target/test-dir/MiniOzoneClusterImpl-cb088425-7f45-4d32-b7c7-566bcd4161d2/datanode-4/data/ratis] (custom)
2019-07-16 14:18:53,573 INFO  replication.SimpleContainerDownloader (SimpleContainerDownloader.java:<init>(72)) - Starting container downloader service to copy containers to replicate.
2019-07-16 14:18:53,574 INFO  hdfs.DFSUtil (DFSUtil.java:httpServerTemplateForNNAndJN(1641)) - Starting Web-server for hddsDatanode at: http://0.0.0.0:0
2019-07-16 14:18:53,576 INFO  server.AuthenticationFilter (AuthenticationFilter.java:constructSecretProvider(240)) - Unable to initialize FileSignerSecretProvider, falling back to use random secrets.
2019-07-16 14:18:53,576 WARN  http.HttpRequestLog (HttpRequestLog.java:getRequestLog(97)) - Jetty request log can only be enabled using Log4j
2019-07-16 14:18:53,577 INFO  http.HttpServer2 (HttpServer2.java:addGlobalFilter(975)) - Added global filter 'safety' (class=org.apache.hadoop.http.HttpServer2$QuotingInputFilter)
2019-07-16 14:18:53,578 INFO  http.HttpServer2 (HttpServer2.java:addFilter(948)) - Added filter static_user_filter (class=org.apache.hadoop.http.lib.StaticUserWebFilter$StaticUserFilter) to context hddsDatanode
2019-07-16 14:18:53,578 INFO  http.HttpServer2 (HttpServer2.java:addFilter(958)) - Added filter static_user_filter (class=org.apache.hadoop.http.lib.StaticUserWebFilter$StaticUserFilter) to context logs
2019-07-16 14:18:53,578 INFO  http.HttpServer2 (HttpServer2.java:addFilter(958)) - Added filter static_user_filter (class=org.apache.hadoop.http.lib.StaticUserWebFilter$StaticUserFilter) to context static
2019-07-16 14:18:53,579 INFO  http.HttpServer2 (HttpServer2.java:bindListener(1191)) - Jetty bound to port 40457
2019-07-16 14:18:53,579 INFO  server.Server (Server.java:doStart(351)) - jetty-9.3.24.v20180605, build timestamp: 2018-06-05T17:11:56Z, git hash: 84205aa28f11a4f31f2a3b86d1bba2cc8ab69827
2019-07-16 14:18:53,581 INFO  handler.ContextHandler (ContextHandler.java:doStart(781)) - Started o.e.j.s.ServletContextHandler@77a0dd63{/logs,file:///workdir/hadoop-ozone/integration-test/target/log,AVAILABLE}
2019-07-16 14:18:53,582 INFO  handler.ContextHandler (ContextHandler.java:doStart(781)) - Started o.e.j.s.ServletContextHandler@6b2fdffc{/static,jar:file:/home/user/.m2/repository/org/apache/hadoop/hadoop-hdds-container-service/0.5.0-SNAPSHOT/hadoop-hdds-container-service-0.5.0-SNAPSHOT.jar!/webapps/static,AVAILABLE}
2019-07-16 14:18:53,609 INFO  handler.ContextHandler (ContextHandler.java:doStart(781)) - Started o.e.j.w.WebAppContext@2ca54da9{/,file:///tmp/jetty-0.0.0.0-40457-hddsDatanode-_-any-7974113010268558789.dir/webapp/,AVAILABLE}{/hddsDatanode}
2019-07-16 14:18:53,610 INFO  server.AbstractConnector (AbstractConnector.java:doStart(278)) - Started ServerConnector@34a20f16{HTTP/1.1,[http/1.1]}{0.0.0.0:40457}
2019-07-16 14:18:53,611 INFO  server.Server (Server.java:doStart(419)) - Started @6907ms
2019-07-16 14:18:53,612 INFO  server.BaseHttpServer (BaseHttpServer.java:updateConnectorAddress(207)) - HTTP server of HDDSDATANODE is listening at http://0.0.0.0:40457
2019-07-16 14:18:53,736 INFO  ozone.HddsDatanodeService (HddsDatanodeService.java:startPlugins(396)) - Started plug-in org.apache.hadoop.ozone.web.OzoneHddsDatanodeService@70d4f672
2019-07-16 14:18:53,737 INFO  impl.MetricsSystemImpl (MetricsSystemImpl.java:init(158)) - HddsDatanode metrics system started (again)
2019-07-16 14:18:53,737 INFO  ozone.HddsDatanodeService (HddsDatanodeService.java:start(185)) - HddsDatanodeService host:trunk-nightly-gllmw-2332419065 ip:192.168.157.241
2019-07-16 14:18:53,741 INFO  util.JvmPauseMonitor (JvmPauseMonitor.java:run(188)) - Starting JVM pause monitor
2019-07-16 14:18:53,749 INFO  volume.HddsVolume (HddsVolume.java:<init>(176)) - Creating Volume: /workdir/hadoop-ozone/integration-test/target/test-dir/MiniOzoneClusterImpl-cb088425-7f45-4d32-b7c7-566bcd4161d2/datanode-5/data/containers/hdds of  storage type : DISK and capacity : 52710309888
2019-07-16 14:18:53,749 INFO  datanode.InitDatanodeState (InitDatanodeState.java:persistContainerDatanodeDetails(140)) - DatanodeDetails is persisted to /workdir/hadoop-ozone/integration-test/target/test-dir/MiniOzoneClusterImpl-cb088425-7f45-4d32-b7c7-566bcd4161d2/datanode-4/meta/datanode.id
2019-07-16 14:18:53,750 INFO  volume.VolumeSet (VolumeSet.java:initializeVolumeSet(170)) - Added Volume : /workdir/hadoop-ozone/integration-test/target/test-dir/MiniOzoneClusterImpl-cb088425-7f45-4d32-b7c7-566bcd4161d2/datanode-5/data/containers/hdds to VolumeSet
2019-07-16 14:18:53,750 INFO  volume.ThrottledAsyncChecker (ThrottledAsyncChecker.java:schedule(140)) - Scheduling a check for org.apache.hadoop.ozone.container.common.volume.HddsVolume@509a6095
2019-07-16 14:18:53,750 INFO  volume.HddsVolumeChecker (HddsVolumeChecker.java:checkAllVolumes(203)) - Scheduled health check for volume org.apache.hadoop.ozone.container.common.volume.HddsVolume@509a6095
2019-07-16 14:18:53,765 INFO  impl.RaftServerProxy (ConfUtils.java:logGet(43)) - raft.rpc.type = GRPC (default)
2019-07-16 14:18:53,765 INFO  grpc.GrpcFactory (GrpcFactory.java:checkPooledByteBufAllocatorUseCacheForAllThreads(45)) - PERFORMANCE WARNING: useCacheForAllThreads is true that may cause Netty to create a lot garbage objects and, as a result, trigger GC.
	It is recommended to disable useCacheForAllThreads by setting -Dorg.apache.ratis.thirdparty.io.netty.allocator.useCacheForAllThreads=false in command line.
2019-07-16 14:18:53,766 INFO  grpc.GrpcConfigKeys$Server (ConfUtils.java:logGet(43)) - raft.grpc.server.port = 0 (default)
2019-07-16 14:18:53,766 INFO  server.GrpcService (ConfUtils.java:logGet(43)) - raft.grpc.message.size.max = 33570816 (custom)
2019-07-16 14:18:53,766 INFO  server.RaftServerConfigKeys (ConfUtils.java:logGet(43)) - raft.server.log.appender.buffer.byte-limit = 33554432 (custom)
2019-07-16 14:18:53,766 INFO  server.GrpcService (ConfUtils.java:logGet(43)) - raft.grpc.flow.control.window = 1MB (=1048576) (default)
2019-07-16 14:18:53,766 INFO  server.RaftServerConfigKeys (ConfUtils.java:logGet(43)) - raft.server.rpc.request.timeout = 3000ms (default)
2019-07-16 14:18:53,767 INFO  server.RaftServerConfigKeys (ConfUtils.java:logGet(43)) - raft.server.storage.dir = [/workdir/hadoop-ozone/integration-test/target/test-dir/MiniOzoneClusterImpl-cb088425-7f45-4d32-b7c7-566bcd4161d2/datanode-5/data/ratis] (custom)
2019-07-16 14:18:53,768 INFO  replication.SimpleContainerDownloader (SimpleContainerDownloader.java:<init>(72)) - Starting container downloader service to copy containers to replicate.
2019-07-16 14:18:53,769 INFO  hdfs.DFSUtil (DFSUtil.java:httpServerTemplateForNNAndJN(1641)) - Starting Web-server for hddsDatanode at: http://0.0.0.0:0
2019-07-16 14:18:53,770 INFO  server.AuthenticationFilter (AuthenticationFilter.java:constructSecretProvider(240)) - Unable to initialize FileSignerSecretProvider, falling back to use random secrets.
2019-07-16 14:18:53,770 WARN  http.HttpRequestLog (HttpRequestLog.java:getRequestLog(97)) - Jetty request log can only be enabled using Log4j
2019-07-16 14:18:53,772 INFO  http.HttpServer2 (HttpServer2.java:addGlobalFilter(975)) - Added global filter 'safety' (class=org.apache.hadoop.http.HttpServer2$QuotingInputFilter)
2019-07-16 14:18:53,772 INFO  http.HttpServer2 (HttpServer2.java:addFilter(948)) - Added filter static_user_filter (class=org.apache.hadoop.http.lib.StaticUserWebFilter$StaticUserFilter) to context hddsDatanode
2019-07-16 14:18:53,772 INFO  http.HttpServer2 (HttpServer2.java:addFilter(958)) - Added filter static_user_filter (class=org.apache.hadoop.http.lib.StaticUserWebFilter$StaticUserFilter) to context logs
2019-07-16 14:18:53,772 INFO  http.HttpServer2 (HttpServer2.java:addFilter(958)) - Added filter static_user_filter (class=org.apache.hadoop.http.lib.StaticUserWebFilter$StaticUserFilter) to context static
2019-07-16 14:18:53,773 INFO  http.HttpServer2 (HttpServer2.java:bindListener(1191)) - Jetty bound to port 44097
2019-07-16 14:18:53,773 INFO  server.Server (Server.java:doStart(351)) - jetty-9.3.24.v20180605, build timestamp: 2018-06-05T17:11:56Z, git hash: 84205aa28f11a4f31f2a3b86d1bba2cc8ab69827
2019-07-16 14:18:53,776 INFO  handler.ContextHandler (ContextHandler.java:doStart(781)) - Started o.e.j.s.ServletContextHandler@37d3e140{/logs,file:///workdir/hadoop-ozone/integration-test/target/log,AVAILABLE}
2019-07-16 14:18:53,776 INFO  handler.ContextHandler (ContextHandler.java:doStart(781)) - Started o.e.j.s.ServletContextHandler@33eb0d4{/static,jar:file:/home/user/.m2/repository/org/apache/hadoop/hadoop-hdds-container-service/0.5.0-SNAPSHOT/hadoop-hdds-container-service-0.5.0-SNAPSHOT.jar!/webapps/static,AVAILABLE}
2019-07-16 14:18:53,804 INFO  handler.ContextHandler (ContextHandler.java:doStart(781)) - Started o.e.j.w.WebAppContext@7b9e25bd{/,file:///tmp/jetty-0.0.0.0-44097-hddsDatanode-_-any-822779134246141058.dir/webapp/,AVAILABLE}{/hddsDatanode}
2019-07-16 14:18:53,805 INFO  server.AbstractConnector (AbstractConnector.java:doStart(278)) - Started ServerConnector@2d206a71{HTTP/1.1,[http/1.1]}{0.0.0.0:44097}
2019-07-16 14:18:53,805 INFO  server.Server (Server.java:doStart(419)) - Started @7101ms
2019-07-16 14:18:53,806 INFO  server.BaseHttpServer (BaseHttpServer.java:updateConnectorAddress(207)) - HTTP server of HDDSDATANODE is listening at http://0.0.0.0:44097
2019-07-16 14:18:53,933 INFO  ozone.HddsDatanodeService (HddsDatanodeService.java:startPlugins(396)) - Started plug-in org.apache.hadoop.ozone.web.OzoneHddsDatanodeService@1537e43
2019-07-16 14:18:53,934 INFO  impl.MetricsSystemImpl (MetricsSystemImpl.java:init(158)) - HddsDatanode metrics system started (again)
2019-07-16 14:18:53,935 INFO  ozone.HddsDatanodeService (HddsDatanodeService.java:start(185)) - HddsDatanodeService host:trunk-nightly-gllmw-2332419065 ip:192.168.157.241
2019-07-16 14:18:53,937 INFO  util.JvmPauseMonitor (JvmPauseMonitor.java:run(188)) - Starting JVM pause monitor
2019-07-16 14:18:53,940 INFO  datanode.InitDatanodeState (InitDatanodeState.java:persistContainerDatanodeDetails(140)) - DatanodeDetails is persisted to /workdir/hadoop-ozone/integration-test/target/test-dir/MiniOzoneClusterImpl-cb088425-7f45-4d32-b7c7-566bcd4161d2/datanode-5/meta/datanode.id
2019-07-16 14:18:53,944 INFO  volume.HddsVolume (HddsVolume.java:<init>(176)) - Creating Volume: /workdir/hadoop-ozone/integration-test/target/test-dir/MiniOzoneClusterImpl-cb088425-7f45-4d32-b7c7-566bcd4161d2/datanode-6/data/containers/hdds of  storage type : DISK and capacity : 52710309888
2019-07-16 14:18:53,945 INFO  volume.VolumeSet (VolumeSet.java:initializeVolumeSet(170)) - Added Volume : /workdir/hadoop-ozone/integration-test/target/test-dir/MiniOzoneClusterImpl-cb088425-7f45-4d32-b7c7-566bcd4161d2/datanode-6/data/containers/hdds to VolumeSet
2019-07-16 14:18:53,946 INFO  volume.ThrottledAsyncChecker (ThrottledAsyncChecker.java:schedule(140)) - Scheduling a check for org.apache.hadoop.ozone.container.common.volume.HddsVolume@433ef204
2019-07-16 14:18:53,946 INFO  volume.HddsVolumeChecker (HddsVolumeChecker.java:checkAllVolumes(203)) - Scheduled health check for volume org.apache.hadoop.ozone.container.common.volume.HddsVolume@433ef204
2019-07-16 14:18:54,013 INFO  impl.RaftServerProxy (ConfUtils.java:logGet(43)) - raft.rpc.type = GRPC (default)
2019-07-16 14:18:54,013 INFO  grpc.GrpcFactory (GrpcFactory.java:checkPooledByteBufAllocatorUseCacheForAllThreads(45)) - PERFORMANCE WARNING: useCacheForAllThreads is true that may cause Netty to create a lot garbage objects and, as a result, trigger GC.
	It is recommended to disable useCacheForAllThreads by setting -Dorg.apache.ratis.thirdparty.io.netty.allocator.useCacheForAllThreads=false in command line.
2019-07-16 14:18:54,014 INFO  grpc.GrpcConfigKeys$Server (ConfUtils.java:logGet(43)) - raft.grpc.server.port = 0 (default)
2019-07-16 14:18:54,014 INFO  server.GrpcService (ConfUtils.java:logGet(43)) - raft.grpc.message.size.max = 33570816 (custom)
2019-07-16 14:18:54,015 INFO  server.RaftServerConfigKeys (ConfUtils.java:logGet(43)) - raft.server.log.appender.buffer.byte-limit = 33554432 (custom)
2019-07-16 14:18:54,017 INFO  server.GrpcService (ConfUtils.java:logGet(43)) - raft.grpc.flow.control.window = 1MB (=1048576) (default)
2019-07-16 14:18:54,019 INFO  server.RaftServerConfigKeys (ConfUtils.java:logGet(43)) - raft.server.rpc.request.timeout = 3000ms (default)
2019-07-16 14:18:54,023 INFO  server.RaftServerConfigKeys (ConfUtils.java:logGet(43)) - raft.server.storage.dir = [/workdir/hadoop-ozone/integration-test/target/test-dir/MiniOzoneClusterImpl-cb088425-7f45-4d32-b7c7-566bcd4161d2/datanode-6/data/ratis] (custom)
2019-07-16 14:18:54,024 INFO  replication.SimpleContainerDownloader (SimpleContainerDownloader.java:<init>(72)) - Starting container downloader service to copy containers to replicate.
2019-07-16 14:18:54,026 INFO  hdfs.DFSUtil (DFSUtil.java:httpServerTemplateForNNAndJN(1641)) - Starting Web-server for hddsDatanode at: http://0.0.0.0:0
2019-07-16 14:18:54,036 INFO  server.AuthenticationFilter (AuthenticationFilter.java:constructSecretProvider(240)) - Unable to initialize FileSignerSecretProvider, falling back to use random secrets.
2019-07-16 14:18:54,037 WARN  http.HttpRequestLog (HttpRequestLog.java:getRequestLog(97)) - Jetty request log can only be enabled using Log4j
2019-07-16 14:18:54,039 INFO  http.HttpServer2 (HttpServer2.java:addGlobalFilter(975)) - Added global filter 'safety' (class=org.apache.hadoop.http.HttpServer2$QuotingInputFilter)
2019-07-16 14:18:54,040 INFO  http.HttpServer2 (HttpServer2.java:addFilter(948)) - Added filter static_user_filter (class=org.apache.hadoop.http.lib.StaticUserWebFilter$StaticUserFilter) to context hddsDatanode
2019-07-16 14:18:54,040 INFO  http.HttpServer2 (HttpServer2.java:addFilter(958)) - Added filter static_user_filter (class=org.apache.hadoop.http.lib.StaticUserWebFilter$StaticUserFilter) to context logs
2019-07-16 14:18:54,041 INFO  http.HttpServer2 (HttpServer2.java:addFilter(958)) - Added filter static_user_filter (class=org.apache.hadoop.http.lib.StaticUserWebFilter$StaticUserFilter) to context static
2019-07-16 14:18:54,042 INFO  http.HttpServer2 (HttpServer2.java:bindListener(1191)) - Jetty bound to port 41920
2019-07-16 14:18:54,042 INFO  server.Server (Server.java:doStart(351)) - jetty-9.3.24.v20180605, build timestamp: 2018-06-05T17:11:56Z, git hash: 84205aa28f11a4f31f2a3b86d1bba2cc8ab69827
2019-07-16 14:18:54,045 INFO  handler.ContextHandler (ContextHandler.java:doStart(781)) - Started o.e.j.s.ServletContextHandler@40a1b6d4{/logs,file:///workdir/hadoop-ozone/integration-test/target/log,AVAILABLE}
2019-07-16 14:18:54,046 INFO  handler.ContextHandler (ContextHandler.java:doStart(781)) - Started o.e.j.s.ServletContextHandler@2b79c8ff{/static,jar:file:/home/user/.m2/repository/org/apache/hadoop/hadoop-hdds-container-service/0.5.0-SNAPSHOT/hadoop-hdds-container-service-0.5.0-SNAPSHOT.jar!/webapps/static,AVAILABLE}
2019-07-16 14:18:54,088 INFO  handler.ContextHandler (ContextHandler.java:doStart(781)) - Started o.e.j.w.WebAppContext@7db5b890{/,file:///tmp/jetty-0.0.0.0-41920-hddsDatanode-_-any-4910590545399094717.dir/webapp/,AVAILABLE}{/hddsDatanode}
2019-07-16 14:18:54,089 INFO  server.AbstractConnector (AbstractConnector.java:doStart(278)) - Started ServerConnector@407b8435{HTTP/1.1,[http/1.1]}{0.0.0.0:41920}
2019-07-16 14:18:54,090 INFO  server.Server (Server.java:doStart(419)) - Started @7386ms
2019-07-16 14:18:54,090 INFO  server.BaseHttpServer (BaseHttpServer.java:updateConnectorAddress(207)) - HTTP server of HDDSDATANODE is listening at http://0.0.0.0:41920
2019-07-16 14:18:54,237 INFO  ozone.HddsDatanodeService (HddsDatanodeService.java:startPlugins(396)) - Started plug-in org.apache.hadoop.ozone.web.OzoneHddsDatanodeService@4c04216f
2019-07-16 14:18:54,240 INFO  ozone.MiniOzoneClusterImpl (MiniOzoneClusterImpl.java:lambda$waitForClusterToBeReady$0(142)) - Waiting for cluster to be ready. Got 0 of 7 DN Heartbeats.
2019-07-16 14:18:54,241 INFO  util.JvmPauseMonitor (JvmPauseMonitor.java:run(188)) - Starting JVM pause monitor
2019-07-16 14:18:54,244 INFO  datanode.InitDatanodeState (InitDatanodeState.java:persistContainerDatanodeDetails(140)) - DatanodeDetails is persisted to /workdir/hadoop-ozone/integration-test/target/test-dir/MiniOzoneClusterImpl-cb088425-7f45-4d32-b7c7-566bcd4161d2/datanode-6/meta/datanode.id
2019-07-16 14:18:54,953 INFO  ozoneimpl.OzoneContainer (OzoneContainer.java:start(186)) - Attempting to start container services.
2019-07-16 14:18:54,955 INFO  ozoneimpl.OzoneContainer (OzoneContainer.java:startContainerScrub(160)) - Background container scrubber has been disabled by hdds.containerscrub.enabled
2019-07-16 14:18:54,955 INFO  ratis.XceiverServerRatis (XceiverServerRatis.java:start(418)) - Starting XceiverServerRatis 3ebb53ec-7397-4bac-b3b2-fbcfca4f3084 at port 0
2019-07-16 14:18:54,977 INFO  impl.RaftServerProxy (RaftServerProxy.java:lambda$start$3(299)) - 3ebb53ec-7397-4bac-b3b2-fbcfca4f3084: start RPC server
2019-07-16 14:18:55,108 INFO  server.GrpcService (GrpcService.java:startImpl(149)) - 3ebb53ec-7397-4bac-b3b2-fbcfca4f3084: GrpcService started, listening on 0.0.0.0/0.0.0.0:44500
2019-07-16 14:18:55,109 INFO  ratis.XceiverServerRatis (XceiverServerRatis.java:start(428)) - XceiverServerRatis 3ebb53ec-7397-4bac-b3b2-fbcfca4f3084 is started using port 44500
2019-07-16 14:18:55,111 INFO  server.XceiverServerGrpc (XceiverServerGrpc.java:start(161)) - XceiverServerGrpc 3ebb53ec-7397-4bac-b3b2-fbcfca4f3084 is started using port 41774
2019-07-16 14:18:55,170 INFO  ozoneimpl.OzoneContainer (OzoneContainer.java:start(186)) - Attempting to start container services.
2019-07-16 14:18:55,173 INFO  ozoneimpl.OzoneContainer (OzoneContainer.java:startContainerScrub(160)) - Background container scrubber has been disabled by hdds.containerscrub.enabled
2019-07-16 14:18:55,173 INFO  ratis.XceiverServerRatis (XceiverServerRatis.java:start(418)) - Starting XceiverServerRatis 41a75491-aacd-4dd0-a479-c7db72b1906a at port 0
2019-07-16 14:18:55,186 INFO  impl.RaftServerProxy (RaftServerProxy.java:lambda$start$3(299)) - 41a75491-aacd-4dd0-a479-c7db72b1906a: start RPC server
2019-07-16 14:18:55,189 INFO  server.GrpcService (GrpcService.java:startImpl(149)) - 41a75491-aacd-4dd0-a479-c7db72b1906a: GrpcService started, listening on 0.0.0.0/0.0.0.0:40327
2019-07-16 14:18:55,190 INFO  ratis.XceiverServerRatis (XceiverServerRatis.java:start(428)) - XceiverServerRatis 41a75491-aacd-4dd0-a479-c7db72b1906a is started using port 40327
2019-07-16 14:18:55,192 INFO  server.XceiverServerGrpc (XceiverServerGrpc.java:start(161)) - XceiverServerGrpc 41a75491-aacd-4dd0-a479-c7db72b1906a is started using port 42266
2019-07-16 14:18:55,240 INFO  ozone.MiniOzoneClusterImpl (MiniOzoneClusterImpl.java:lambda$waitForClusterToBeReady$0(142)) - Waiting for cluster to be ready. Got 0 of 7 DN Heartbeats.
2019-07-16 14:18:55,371 INFO  ozoneimpl.OzoneContainer (OzoneContainer.java:start(186)) - Attempting to start container services.
2019-07-16 14:18:55,375 INFO  ozoneimpl.OzoneContainer (OzoneContainer.java:startContainerScrub(160)) - Background container scrubber has been disabled by hdds.containerscrub.enabled
2019-07-16 14:18:55,375 INFO  ratis.XceiverServerRatis (XceiverServerRatis.java:start(418)) - Starting XceiverServerRatis ac0feed9-e302-4363-a7c4-23c8743a625e at port 0
2019-07-16 14:18:55,383 INFO  impl.RaftServerProxy (RaftServerProxy.java:lambda$start$3(299)) - ac0feed9-e302-4363-a7c4-23c8743a625e: start RPC server
2019-07-16 14:18:55,386 INFO  server.GrpcService (GrpcService.java:startImpl(149)) - ac0feed9-e302-4363-a7c4-23c8743a625e: GrpcService started, listening on 0.0.0.0/0.0.0.0:32768
2019-07-16 14:18:55,386 INFO  ratis.XceiverServerRatis (XceiverServerRatis.java:start(428)) - XceiverServerRatis ac0feed9-e302-4363-a7c4-23c8743a625e is started using port 32768
2019-07-16 14:18:55,389 INFO  server.XceiverServerGrpc (XceiverServerGrpc.java:start(161)) - XceiverServerGrpc ac0feed9-e302-4363-a7c4-23c8743a625e is started using port 45407
2019-07-16 14:18:55,565 INFO  ozoneimpl.OzoneContainer (OzoneContainer.java:start(186)) - Attempting to start container services.
2019-07-16 14:18:55,565 INFO  ozoneimpl.OzoneContainer (OzoneContainer.java:startContainerScrub(160)) - Background container scrubber has been disabled by hdds.containerscrub.enabled
2019-07-16 14:18:55,565 INFO  ratis.XceiverServerRatis (XceiverServerRatis.java:start(418)) - Starting XceiverServerRatis 565c8e87-23b4-4af4-b74a-93bf622f1a75 at port 0
2019-07-16 14:18:55,575 INFO  impl.RaftServerProxy (RaftServerProxy.java:lambda$start$3(299)) - 565c8e87-23b4-4af4-b74a-93bf622f1a75: start RPC server
2019-07-16 14:18:55,579 INFO  server.GrpcService (GrpcService.java:startImpl(149)) - 565c8e87-23b4-4af4-b74a-93bf622f1a75: GrpcService started, listening on 0.0.0.0/0.0.0.0:38956
2019-07-16 14:18:55,579 INFO  ratis.XceiverServerRatis (XceiverServerRatis.java:start(428)) - XceiverServerRatis 565c8e87-23b4-4af4-b74a-93bf622f1a75 is started using port 38956
2019-07-16 14:18:55,583 INFO  server.XceiverServerGrpc (XceiverServerGrpc.java:start(161)) - XceiverServerGrpc 565c8e87-23b4-4af4-b74a-93bf622f1a75 is started using port 41380
2019-07-16 14:18:55,758 INFO  ozoneimpl.OzoneContainer (OzoneContainer.java:start(186)) - Attempting to start container services.
2019-07-16 14:18:55,758 INFO  ozoneimpl.OzoneContainer (OzoneContainer.java:startContainerScrub(160)) - Background container scrubber has been disabled by hdds.containerscrub.enabled
2019-07-16 14:18:55,758 INFO  ratis.XceiverServerRatis (XceiverServerRatis.java:start(418)) - Starting XceiverServerRatis 5f1e710f-bd2f-4a4b-9aaf-0bc613871562 at port 0
2019-07-16 14:18:55,768 INFO  impl.RaftServerProxy (RaftServerProxy.java:lambda$start$3(299)) - 5f1e710f-bd2f-4a4b-9aaf-0bc613871562: start RPC server
2019-07-16 14:18:55,772 INFO  server.GrpcService (GrpcService.java:startImpl(149)) - 5f1e710f-bd2f-4a4b-9aaf-0bc613871562: GrpcService started, listening on 0.0.0.0/0.0.0.0:40087
2019-07-16 14:18:55,772 INFO  ratis.XceiverServerRatis (XceiverServerRatis.java:start(428)) - XceiverServerRatis 5f1e710f-bd2f-4a4b-9aaf-0bc613871562 is started using port 40087
2019-07-16 14:18:55,776 INFO  server.XceiverServerGrpc (XceiverServerGrpc.java:start(161)) - XceiverServerGrpc 5f1e710f-bd2f-4a4b-9aaf-0bc613871562 is started using port 38389
2019-07-16 14:18:55,954 INFO  ozoneimpl.OzoneContainer (OzoneContainer.java:start(186)) - Attempting to start container services.
2019-07-16 14:18:55,955 INFO  ozoneimpl.OzoneContainer (OzoneContainer.java:startContainerScrub(160)) - Background container scrubber has been disabled by hdds.containerscrub.enabled
2019-07-16 14:18:55,955 INFO  ratis.XceiverServerRatis (XceiverServerRatis.java:start(418)) - Starting XceiverServerRatis c367f1ba-81ed-44ff-a708-518c429992ed at port 0
2019-07-16 14:18:55,964 INFO  impl.RaftServerProxy (RaftServerProxy.java:lambda$start$3(299)) - c367f1ba-81ed-44ff-a708-518c429992ed: start RPC server
2019-07-16 14:18:55,968 INFO  server.GrpcService (GrpcService.java:startImpl(149)) - c367f1ba-81ed-44ff-a708-518c429992ed: GrpcService started, listening on 0.0.0.0/0.0.0.0:34185
2019-07-16 14:18:55,968 INFO  ratis.XceiverServerRatis (XceiverServerRatis.java:start(428)) - XceiverServerRatis c367f1ba-81ed-44ff-a708-518c429992ed is started using port 34185
2019-07-16 14:18:55,972 INFO  server.XceiverServerGrpc (XceiverServerGrpc.java:start(161)) - XceiverServerGrpc c367f1ba-81ed-44ff-a708-518c429992ed is started using port 38615
2019-07-16 14:18:56,242 INFO  ozone.MiniOzoneClusterImpl (MiniOzoneClusterImpl.java:lambda$waitForClusterToBeReady$0(142)) - Waiting for cluster to be ready. Got 0 of 7 DN Heartbeats.
2019-07-16 14:18:56,258 INFO  ozoneimpl.OzoneContainer (OzoneContainer.java:start(186)) - Attempting to start container services.
2019-07-16 14:18:56,258 INFO  ozoneimpl.OzoneContainer (OzoneContainer.java:startContainerScrub(160)) - Background container scrubber has been disabled by hdds.containerscrub.enabled
2019-07-16 14:18:56,258 INFO  ratis.XceiverServerRatis (XceiverServerRatis.java:start(418)) - Starting XceiverServerRatis 4c1df8d4-3768-4646-97ca-74441804a018 at port 0
2019-07-16 14:18:56,268 INFO  impl.RaftServerProxy (RaftServerProxy.java:lambda$start$3(299)) - 4c1df8d4-3768-4646-97ca-74441804a018: start RPC server
2019-07-16 14:18:56,273 INFO  server.GrpcService (GrpcService.java:startImpl(149)) - 4c1df8d4-3768-4646-97ca-74441804a018: GrpcService started, listening on 0.0.0.0/0.0.0.0:39040
2019-07-16 14:18:56,273 INFO  ratis.XceiverServerRatis (XceiverServerRatis.java:start(428)) - XceiverServerRatis 4c1df8d4-3768-4646-97ca-74441804a018 is started using port 39040
2019-07-16 14:18:56,279 INFO  server.XceiverServerGrpc (XceiverServerGrpc.java:start(161)) - XceiverServerGrpc 4c1df8d4-3768-4646-97ca-74441804a018 is started using port 39371
2019-07-16 14:18:56,948 INFO  net.NetworkTopology (NetworkTopologyImpl.java:add(110)) - Added a new node: /default-rack/192.168.157.241
2019-07-16 14:18:56,949 INFO  node.SCMNodeManager (SCMNodeManager.java:register(269)) - Registered Data node : 3ebb53ec-7397-4bac-b3b2-fbcfca4f3084{ip: 192.168.157.241, host: trunk-nightly-gllmw-2332419065, networkLocation: /default-rack, certSerialId: null}
2019-07-16 14:18:56,955 INFO  safemode.SCMSafeModeManager (DataNodeSafeModeRule.java:process(71)) - SCM in safe mode. 1 DataNodes registered, 1 required.
2019-07-16 14:18:56,955 INFO  safemode.SCMSafeModeManager (SCMSafeModeManager.java:validateSafeModeExitRules(177)) - ScmSafeModeManager, all rules are successfully validated
2019-07-16 14:18:56,955 INFO  safemode.SCMSafeModeManager (SCMSafeModeManager.java:exitSafeMode(193)) - SCM exiting safe mode.
2019-07-16 14:18:57,160 INFO  node.SCMNodeManager (SCMNodeManager.java:register(269)) - Registered Data node : 41a75491-aacd-4dd0-a479-c7db72b1906a{ip: 192.168.157.241, host: trunk-nightly-gllmw-2332419065, networkLocation: /default-rack, certSerialId: null}
2019-07-16 14:18:57,243 INFO  ozone.MiniOzoneClusterImpl (MiniOzoneClusterImpl.java:lambda$waitForClusterToBeReady$0(142)) - Waiting for cluster to be ready. Got 2 of 7 DN Heartbeats.
2019-07-16 14:18:57,373 INFO  node.SCMNodeManager (SCMNodeManager.java:register(269)) - Registered Data node : ac0feed9-e302-4363-a7c4-23c8743a625e{ip: 192.168.157.241, host: trunk-nightly-gllmw-2332419065, networkLocation: /default-rack, certSerialId: null}
2019-07-16 14:18:57,542 INFO  impl.RaftServerProxy (RaftServerProxy.java:addNew(89)) - 3ebb53ec-7397-4bac-b3b2-fbcfca4f3084: addNew group-A92B5205603F:[3ebb53ec-7397-4bac-b3b2-fbcfca4f3084:192.168.157.241:44500] returns group-A92B5205603F:java.util.concurrent.CompletableFuture@7ce408f[Not completed]
2019-07-16 14:18:57,560 INFO  node.SCMNodeManager (SCMNodeManager.java:register(269)) - Registered Data node : 565c8e87-23b4-4af4-b74a-93bf622f1a75{ip: 192.168.157.241, host: trunk-nightly-gllmw-2332419065, networkLocation: /default-rack, certSerialId: null}
2019-07-16 14:18:57,923 INFO  node.SCMNodeManager (SCMNodeManager.java:register(269)) - Registered Data node : 5f1e710f-bd2f-4a4b-9aaf-0bc613871562{ip: 192.168.157.241, host: trunk-nightly-gllmw-2332419065, networkLocation: /default-rack, certSerialId: null}
2019-07-16 14:18:57,926 INFO  impl.RaftServerImpl (RaftServerImpl.java:<init>(93)) - 3ebb53ec-7397-4bac-b3b2-fbcfca4f3084: new RaftServerImpl for group-A92B5205603F:[3ebb53ec-7397-4bac-b3b2-fbcfca4f3084:192.168.157.241:44500] with ContainerStateMachine:uninitialized
2019-07-16 14:18:57,927 INFO  server.RaftServerConfigKeys (ConfUtils.java:logGet(43)) - raft.server.rpc.timeout.min = 5s (custom)
2019-07-16 14:18:57,929 INFO  server.RaftServerConfigKeys (ConfUtils.java:logGet(43)) - raft.server.rpc.timeout.max = 5200ms (custom)
2019-07-16 14:18:57,929 INFO  server.RaftServerConfigKeys (ConfUtils.java:logGet(43)) - raft.server.rpcslowness.timeout = 120s (custom)
2019-07-16 14:18:57,930 INFO  server.RaftServerConfigKeys (ConfUtils.java:logGet(43)) - raft.server.sleep.deviation.threshold = 300 (default)
2019-07-16 14:18:57,930 INFO  server.RaftServerConfigKeys (ConfUtils.java:logGet(43)) - raft.server.log.appender.install.snapshot.enabled = false (custom)
2019-07-16 14:18:57,937 INFO  impl.RaftServerImpl (ServerState.java:<init>(105)) - 3ebb53ec-7397-4bac-b3b2-fbcfca4f3084:group-A92B5205603F ConfigurationManager, init=-1: [3ebb53ec-7397-4bac-b3b2-fbcfca4f3084:192.168.157.241:44500], old=null, confs=<EMPTY_MAP>
2019-07-16 14:18:57,937 INFO  server.RaftServerConfigKeys (ConfUtils.java:logGet(43)) - raft.server.storage.dir = [/workdir/hadoop-ozone/integration-test/target/test-dir/MiniOzoneClusterImpl-cb088425-7f45-4d32-b7c7-566bcd4161d2/datanode-0/data/ratis] (custom)
2019-07-16 14:18:57,941 INFO  node.SCMNodeManager (SCMNodeManager.java:register(269)) - Registered Data node : c367f1ba-81ed-44ff-a708-518c429992ed{ip: 192.168.157.241, host: trunk-nightly-gllmw-2332419065, networkLocation: /default-rack, certSerialId: null}
2019-07-16 14:18:57,947 INFO  storage.RaftStorageDirectory (RaftStorageDirectory.java:analyzeStorage(246)) - The storage directory /workdir/hadoop-ozone/integration-test/target/test-dir/MiniOzoneClusterImpl-cb088425-7f45-4d32-b7c7-566bcd4161d2/datanode-0/data/ratis/103f506b-722a-4f84-a918-a92b5205603f does not exist. Creating ...
2019-07-16 14:18:57,963 INFO  storage.RaftStorageDirectory (RaftStorageDirectory.java:tryLock(328)) - Lock on /workdir/hadoop-ozone/integration-test/target/test-dir/MiniOzoneClusterImpl-cb088425-7f45-4d32-b7c7-566bcd4161d2/datanode-0/data/ratis/103f506b-722a-4f84-a918-a92b5205603f/in_use.lock acquired by nodename 23803@trunk-nightly-gllmw-2332419065
2019-07-16 14:18:57,978 INFO  storage.RaftStorage (RaftStorage.java:format(72)) - Storage directory /workdir/hadoop-ozone/integration-test/target/test-dir/MiniOzoneClusterImpl-cb088425-7f45-4d32-b7c7-566bcd4161d2/datanode-0/data/ratis/103f506b-722a-4f84-a918-a92b5205603f has been successfully formatted.
2019-07-16 14:18:57,980 INFO  ratis.ContainerStateMachine (ContainerStateMachine.java:loadSnapshot(200)) - group-A92B5205603F: The snapshot info is null. Setting the last applied indexto:(t:0, i:~)
2019-07-16 14:18:57,981 INFO  server.RaftServerConfigKeys (ConfUtils.java:logGet(43)) - raft.server.leader.election.timeout = 120s (custom)
2019-07-16 14:18:57,982 INFO  server.RaftServerConfigKeys (ConfUtils.java:logGet(43)) - raft.server.log.use.memory = false (default)
2019-07-16 14:18:57,987 INFO  server.RaftServerConfigKeys (ConfUtils.java:logGet(43)) - raft.server.log.purge.gap = 1000000000 (custom)
2019-07-16 14:18:57,987 INFO  server.RaftServerConfigKeys (ConfUtils.java:logGet(43)) - raft.server.log.appender.buffer.byte-limit = 33554432 (custom)
2019-07-16 14:18:57,989 INFO  server.RaftServerConfigKeys (ConfUtils.java:logGet(43)) - raft.server.log.segment.size.max = 1048576 (custom)
2019-07-16 14:18:57,993 INFO  server.RaftServerConfigKeys (ConfUtils.java:logGet(43)) - raft.server.log.segment.cache.num.max = 2 (custom)
2019-07-16 14:18:57,998 INFO  segmented.SegmentedRaftLogWorker (SegmentedRaftLogWorker.java:<init>(172)) - new 3ebb53ec-7397-4bac-b3b2-fbcfca4f3084-SegmentedRaftLogWorker:Storage Directory /workdir/hadoop-ozone/integration-test/target/test-dir/MiniOzoneClusterImpl-cb088425-7f45-4d32-b7c7-566bcd4161d2/datanode-0/data/ratis/103f506b-722a-4f84-a918-a92b5205603f for RaftStorage:Storage Directory /workdir/hadoop-ozone/integration-test/target/test-dir/MiniOzoneClusterImpl-cb088425-7f45-4d32-b7c7-566bcd4161d2/datanode-0/data/ratis/103f506b-722a-4f84-a918-a92b5205603f
2019-07-16 14:18:58,009 INFO  server.RaftServerConfigKeys (ConfUtils.java:logGet(43)) - raft.server.log.queue.byte-limit = 2147483647 (custom)
2019-07-16 14:18:58,009 INFO  server.RaftServerConfigKeys (ConfUtils.java:logGet(43)) - raft.server.log.queue.element-limit = 1024 (custom)
2019-07-16 14:18:58,013 INFO  server.RaftServerConfigKeys (ConfUtils.java:logGet(43)) - raft.server.log.segment.size.max = 1048576 (custom)
2019-07-16 14:18:58,014 INFO  server.RaftServerConfigKeys (ConfUtils.java:logGet(43)) - raft.server.log.preallocated.size = 16384 (custom)
2019-07-16 14:18:58,014 INFO  server.RaftServerConfigKeys (ConfUtils.java:logGet(43)) - raft.server.log.write.buffer.size = 33554432 (custom)
2019-07-16 14:18:58,015 INFO  server.RaftServerConfigKeys (ConfUtils.java:logGet(43)) - raft.server.log.force.sync.num = 128 (default)
2019-07-16 14:18:58,015 INFO  server.RaftServerConfigKeys (ConfUtils.java:logGet(43)) - raft.server.log.statemachine.data.sync = true (default)
2019-07-16 14:18:58,016 INFO  server.RaftServerConfigKeys (ConfUtils.java:logGet(43)) - raft.server.log.statemachine.data.sync.timeout = 10s (default)
2019-07-16 14:18:58,016 INFO  server.RaftServerConfigKeys (ConfUtils.java:logGet(43)) - raft.server.log.statemachine.data.sync.timeout.retry = -1 (default)
2019-07-16 14:18:58,024 INFO  server.RaftServerConfigKeys (ConfUtils.java:logGet(43)) - raft.server.log.statemachine.data.caching.enabled = true (custom)
2019-07-16 14:18:58,028 INFO  segmented.SegmentedRaftLogWorker (SegmentedRaftLogWorker.java:lambda$new$0(132)) - 3ebb53ec-7397-4bac-b3b2-fbcfca4f3084-SegmentedRaftLogWorker:Storage Directory /workdir/hadoop-ozone/integration-test/target/test-dir/MiniOzoneClusterImpl-cb088425-7f45-4d32-b7c7-566bcd4161d2/datanode-0/data/ratis/103f506b-722a-4f84-a918-a92b5205603f: flushIndex: setUnconditionally 0 -> -1
2019-07-16 14:18:58,032 INFO  server.RaftServerConfigKeys (ConfUtils.java:logGet(43)) - raft.server.snapshot.auto.trigger.enabled = true (custom)
2019-07-16 14:18:58,032 INFO  server.RaftServerConfigKeys (ConfUtils.java:logGet(43)) - raft.server.snapshot.auto.trigger.threshold = 10000 (custom)
2019-07-16 14:18:58,033 INFO  server.RaftServerConfigKeys (ConfUtils.java:logGet(43)) - raft.server.retrycache.expirytime = 600000ms (custom)
2019-07-16 14:18:58,051 INFO  impl.RaftServerImpl (RaftServerImpl.java:start(180)) - 3ebb53ec-7397-4bac-b3b2-fbcfca4f3084: start group-A92B5205603F
2019-07-16 14:18:58,052 INFO  impl.RaftServerImpl (RaftServerImpl.java:setRole(171)) - 3ebb53ec-7397-4bac-b3b2-fbcfca4f3084:group-A92B5205603F changes role from null to FOLLOWER at term 0 for startAsFollower
2019-07-16 14:18:58,053 INFO  impl.RoleInfo (RoleInfo.java:updateAndGet(143)) - 3ebb53ec-7397-4bac-b3b2-fbcfca4f3084: start FollowerState
2019-07-16 14:18:58,055 INFO  util.JmxRegister (JmxRegister.java:tryRegister(44)) - Successfully registered JMX Bean with object name Ratis:service=RaftServer,group=group-A92B5205603F,id=3ebb53ec-7397-4bac-b3b2-fbcfca4f3084
2019-07-16 14:18:58,121 INFO  pipeline.PipelineStateManager (PipelineStateManager.java:addPipeline(56)) - Created pipeline Pipeline[ Id: 103f506b-722a-4f84-a918-a92b5205603f, Nodes: 3ebb53ec-7397-4bac-b3b2-fbcfca4f3084{ip: 192.168.157.241, host: trunk-nightly-gllmw-2332419065, networkLocation: /default-rack, certSerialId: null}, Type:RATIS, Factor:ONE, State:OPEN]
2019-07-16 14:18:58,154 INFO  impl.RaftServerProxy (RaftServerProxy.java:addNew(89)) - 41a75491-aacd-4dd0-a479-c7db72b1906a: addNew group-1314452105FB:[41a75491-aacd-4dd0-a479-c7db72b1906a:192.168.157.241:40327] returns group-1314452105FB:java.util.concurrent.CompletableFuture@755270f5[Not completed]
2019-07-16 14:18:58,212 INFO  impl.RaftServerImpl (RaftServerImpl.java:<init>(93)) - 41a75491-aacd-4dd0-a479-c7db72b1906a: new RaftServerImpl for group-1314452105FB:[41a75491-aacd-4dd0-a479-c7db72b1906a:192.168.157.241:40327] with ContainerStateMachine:uninitialized
2019-07-16 14:18:58,213 INFO  server.RaftServerConfigKeys (ConfUtils.java:logGet(43)) - raft.server.rpc.timeout.min = 5s (custom)
2019-07-16 14:18:58,214 INFO  server.RaftServerConfigKeys (ConfUtils.java:logGet(43)) - raft.server.rpc.timeout.max = 5200ms (custom)
2019-07-16 14:18:58,214 INFO  server.RaftServerConfigKeys (ConfUtils.java:logGet(43)) - raft.server.rpcslowness.timeout = 120s (custom)
2019-07-16 14:18:58,214 INFO  server.RaftServerConfigKeys (ConfUtils.java:logGet(43)) - raft.server.sleep.deviation.threshold = 300 (default)
2019-07-16 14:18:58,214 INFO  server.RaftServerConfigKeys (ConfUtils.java:logGet(43)) - raft.server.log.appender.install.snapshot.enabled = false (custom)
2019-07-16 14:18:58,215 INFO  impl.RaftServerImpl (ServerState.java:<init>(105)) - 41a75491-aacd-4dd0-a479-c7db72b1906a:group-1314452105FB ConfigurationManager, init=-1: [41a75491-aacd-4dd0-a479-c7db72b1906a:192.168.157.241:40327], old=null, confs=<EMPTY_MAP>
2019-07-16 14:18:58,215 INFO  server.RaftServerConfigKeys (ConfUtils.java:logGet(43)) - raft.server.storage.dir = [/workdir/hadoop-ozone/integration-test/target/test-dir/MiniOzoneClusterImpl-cb088425-7f45-4d32-b7c7-566bcd4161d2/datanode-1/data/ratis] (custom)
2019-07-16 14:18:58,215 INFO  storage.RaftStorageDirectory (RaftStorageDirectory.java:analyzeStorage(246)) - The storage directory /workdir/hadoop-ozone/integration-test/target/test-dir/MiniOzoneClusterImpl-cb088425-7f45-4d32-b7c7-566bcd4161d2/datanode-1/data/ratis/1f218db3-13e0-465c-9e80-1314452105fb does not exist. Creating ...
2019-07-16 14:18:58,230 INFO  storage.RaftStorageDirectory (RaftStorageDirectory.java:tryLock(328)) - Lock on /workdir/hadoop-ozone/integration-test/target/test-dir/MiniOzoneClusterImpl-cb088425-7f45-4d32-b7c7-566bcd4161d2/datanode-1/data/ratis/1f218db3-13e0-465c-9e80-1314452105fb/in_use.lock acquired by nodename 23803@trunk-nightly-gllmw-2332419065
2019-07-16 14:18:58,244 INFO  node.SCMNodeManager (SCMNodeManager.java:register(269)) - Registered Data node : 4c1df8d4-3768-4646-97ca-74441804a018{ip: 192.168.157.241, host: trunk-nightly-gllmw-2332419065, networkLocation: /default-rack, certSerialId: null}
2019-07-16 14:18:58,244 INFO  ozone.MiniOzoneClusterImpl (MiniOzoneClusterImpl.java:lambda$waitForClusterToBeReady$0(142)) - Waiting for cluster to be ready. Got 6 of 7 DN Heartbeats.
2019-07-16 14:18:58,250 INFO  storage.RaftStorage (RaftStorage.java:format(72)) - Storage directory /workdir/hadoop-ozone/integration-test/target/test-dir/MiniOzoneClusterImpl-cb088425-7f45-4d32-b7c7-566bcd4161d2/datanode-1/data/ratis/1f218db3-13e0-465c-9e80-1314452105fb has been successfully formatted.
2019-07-16 14:18:58,251 INFO  ratis.ContainerStateMachine (ContainerStateMachine.java:loadSnapshot(200)) - group-1314452105FB: The snapshot info is null. Setting the last applied indexto:(t:0, i:~)
2019-07-16 14:18:58,253 INFO  server.RaftServerConfigKeys (ConfUtils.java:logGet(43)) - raft.server.leader.election.timeout = 120s (custom)
2019-07-16 14:18:58,253 INFO  server.RaftServerConfigKeys (ConfUtils.java:logGet(43)) - raft.server.log.use.memory = false (default)
2019-07-16 14:18:58,253 INFO  server.RaftServerConfigKeys (ConfUtils.java:logGet(43)) - raft.server.log.purge.gap = 1000000000 (custom)
2019-07-16 14:18:58,253 INFO  server.RaftServerConfigKeys (ConfUtils.java:logGet(43)) - raft.server.log.appender.buffer.byte-limit = 33554432 (custom)
2019-07-16 14:18:58,253 INFO  server.RaftServerConfigKeys (ConfUtils.java:logGet(43)) - raft.server.log.segment.size.max = 1048576 (custom)
2019-07-16 14:18:58,254 INFO  server.RaftServerConfigKeys (ConfUtils.java:logGet(43)) - raft.server.log.segment.cache.num.max = 2 (custom)
2019-07-16 14:18:58,254 INFO  segmented.SegmentedRaftLogWorker (SegmentedRaftLogWorker.java:<init>(172)) - new 41a75491-aacd-4dd0-a479-c7db72b1906a-SegmentedRaftLogWorker:Storage Directory /workdir/hadoop-ozone/integration-test/target/test-dir/MiniOzoneClusterImpl-cb088425-7f45-4d32-b7c7-566bcd4161d2/datanode-1/data/ratis/1f218db3-13e0-465c-9e80-1314452105fb for RaftStorage:Storage Directory /workdir/hadoop-ozone/integration-test/target/test-dir/MiniOzoneClusterImpl-cb088425-7f45-4d32-b7c7-566bcd4161d2/datanode-1/data/ratis/1f218db3-13e0-465c-9e80-1314452105fb
2019-07-16 14:18:58,255 INFO  server.RaftServerConfigKeys (ConfUtils.java:logGet(43)) - raft.server.log.queue.byte-limit = 2147483647 (custom)
2019-07-16 14:18:58,255 INFO  server.RaftServerConfigKeys (ConfUtils.java:logGet(43)) - raft.server.log.queue.element-limit = 1024 (custom)
2019-07-16 14:18:58,256 INFO  server.RaftServerConfigKeys (ConfUtils.java:logGet(43)) - raft.server.log.segment.size.max = 1048576 (custom)
2019-07-16 14:18:58,256 INFO  server.RaftServerConfigKeys (ConfUtils.java:logGet(43)) - raft.server.log.preallocated.size = 16384 (custom)
2019-07-16 14:18:58,256 INFO  server.RaftServerConfigKeys (ConfUtils.java:logGet(43)) - raft.server.log.write.buffer.size = 33554432 (custom)
2019-07-16 14:18:58,256 INFO  server.RaftServerConfigKeys (ConfUtils.java:logGet(43)) - raft.server.log.force.sync.num = 128 (default)
2019-07-16 14:18:58,257 INFO  server.RaftServerConfigKeys (ConfUtils.java:logGet(43)) - raft.server.log.statemachine.data.sync = true (default)
2019-07-16 14:18:58,257 INFO  server.RaftServerConfigKeys (ConfUtils.java:logGet(43)) - raft.server.log.statemachine.data.sync.timeout = 10s (default)
2019-07-16 14:18:58,257 INFO  server.RaftServerConfigKeys (ConfUtils.java:logGet(43)) - raft.server.log.statemachine.data.sync.timeout.retry = -1 (default)
2019-07-16 14:18:58,257 INFO  server.RaftServerConfigKeys (ConfUtils.java:logGet(43)) - raft.server.log.statemachine.data.caching.enabled = true (custom)
2019-07-16 14:18:58,258 INFO  segmented.SegmentedRaftLogWorker (SegmentedRaftLogWorker.java:lambda$new$0(132)) - 41a75491-aacd-4dd0-a479-c7db72b1906a-SegmentedRaftLogWorker:Storage Directory /workdir/hadoop-ozone/integration-test/target/test-dir/MiniOzoneClusterImpl-cb088425-7f45-4d32-b7c7-566bcd4161d2/datanode-1/data/ratis/1f218db3-13e0-465c-9e80-1314452105fb: flushIndex: setUnconditionally 0 -> -1
2019-07-16 14:18:58,258 INFO  server.RaftServerConfigKeys (ConfUtils.java:logGet(43)) - raft.server.snapshot.auto.trigger.enabled = true (custom)
2019-07-16 14:18:58,258 INFO  server.RaftServerConfigKeys (ConfUtils.java:logGet(43)) - raft.server.snapshot.auto.trigger.threshold = 10000 (custom)
2019-07-16 14:18:58,258 INFO  server.RaftServerConfigKeys (ConfUtils.java:logGet(43)) - raft.server.retrycache.expirytime = 600000ms (custom)
2019-07-16 14:18:58,259 INFO  impl.RaftServerImpl (RaftServerImpl.java:start(180)) - 41a75491-aacd-4dd0-a479-c7db72b1906a: start group-1314452105FB
2019-07-16 14:18:58,259 INFO  impl.RaftServerImpl (RaftServerImpl.java:setRole(171)) - 41a75491-aacd-4dd0-a479-c7db72b1906a:group-1314452105FB changes role from null to FOLLOWER at term 0 for startAsFollower
2019-07-16 14:18:58,259 INFO  impl.RoleInfo (RoleInfo.java:updateAndGet(143)) - 41a75491-aacd-4dd0-a479-c7db72b1906a: start FollowerState
2019-07-16 14:18:58,261 INFO  util.JmxRegister (JmxRegister.java:tryRegister(44)) - Successfully registered JMX Bean with object name Ratis:service=RaftServer,group=group-1314452105FB,id=41a75491-aacd-4dd0-a479-c7db72b1906a
2019-07-16 14:18:58,278 INFO  pipeline.PipelineStateManager (PipelineStateManager.java:addPipeline(56)) - Created pipeline Pipeline[ Id: 1f218db3-13e0-465c-9e80-1314452105fb, Nodes: 41a75491-aacd-4dd0-a479-c7db72b1906a{ip: 192.168.157.241, host: trunk-nightly-gllmw-2332419065, networkLocation: /default-rack, certSerialId: null}, Type:RATIS, Factor:ONE, State:OPEN]
2019-07-16 14:18:58,308 INFO  impl.RaftServerProxy (RaftServerProxy.java:addNew(89)) - 565c8e87-23b4-4af4-b74a-93bf622f1a75: addNew group-E45CFF088B2F:[565c8e87-23b4-4af4-b74a-93bf622f1a75:192.168.157.241:38956] returns group-E45CFF088B2F:java.util.concurrent.CompletableFuture@7a2e8b70[Not completed]
2019-07-16 14:18:58,318 INFO  impl.RaftServerImpl (RaftServerImpl.java:<init>(93)) - 565c8e87-23b4-4af4-b74a-93bf622f1a75: new RaftServerImpl for group-E45CFF088B2F:[565c8e87-23b4-4af4-b74a-93bf622f1a75:192.168.157.241:38956] with ContainerStateMachine:uninitialized
2019-07-16 14:18:58,318 INFO  server.RaftServerConfigKeys (ConfUtils.java:logGet(43)) - raft.server.rpc.timeout.min = 5s (custom)
2019-07-16 14:18:58,318 INFO  server.RaftServerConfigKeys (ConfUtils.java:logGet(43)) - raft.server.rpc.timeout.max = 5200ms (custom)
2019-07-16 14:18:58,319 INFO  server.RaftServerConfigKeys (ConfUtils.java:logGet(43)) - raft.server.rpcslowness.timeout = 120s (custom)
2019-07-16 14:18:58,319 INFO  server.RaftServerConfigKeys (ConfUtils.java:logGet(43)) - raft.server.sleep.deviation.threshold = 300 (default)
2019-07-16 14:18:58,319 INFO  server.RaftServerConfigKeys (ConfUtils.java:logGet(43)) - raft.server.log.appender.install.snapshot.enabled = false (custom)
2019-07-16 14:18:58,319 INFO  impl.RaftServerImpl (ServerState.java:<init>(105)) - 565c8e87-23b4-4af4-b74a-93bf622f1a75:group-E45CFF088B2F ConfigurationManager, init=-1: [565c8e87-23b4-4af4-b74a-93bf622f1a75:192.168.157.241:38956], old=null, confs=<EMPTY_MAP>
2019-07-16 14:18:58,319 INFO  server.RaftServerConfigKeys (ConfUtils.java:logGet(43)) - raft.server.storage.dir = [/workdir/hadoop-ozone/integration-test/target/test-dir/MiniOzoneClusterImpl-cb088425-7f45-4d32-b7c7-566bcd4161d2/datanode-3/data/ratis] (custom)
2019-07-16 14:18:58,320 INFO  storage.RaftStorageDirectory (RaftStorageDirectory.java:analyzeStorage(246)) - The storage directory /workdir/hadoop-ozone/integration-test/target/test-dir/MiniOzoneClusterImpl-cb088425-7f45-4d32-b7c7-566bcd4161d2/datanode-3/data/ratis/7920c86b-c65f-439d-9da5-e45cff088b2f does not exist. Creating ...
2019-07-16 14:18:58,332 INFO  storage.RaftStorageDirectory (RaftStorageDirectory.java:tryLock(328)) - Lock on /workdir/hadoop-ozone/integration-test/target/test-dir/MiniOzoneClusterImpl-cb088425-7f45-4d32-b7c7-566bcd4161d2/datanode-3/data/ratis/7920c86b-c65f-439d-9da5-e45cff088b2f/in_use.lock acquired by nodename 23803@trunk-nightly-gllmw-2332419065
2019-07-16 14:18:58,345 INFO  storage.RaftStorage (RaftStorage.java:format(72)) - Storage directory /workdir/hadoop-ozone/integration-test/target/test-dir/MiniOzoneClusterImpl-cb088425-7f45-4d32-b7c7-566bcd4161d2/datanode-3/data/ratis/7920c86b-c65f-439d-9da5-e45cff088b2f has been successfully formatted.
2019-07-16 14:18:58,345 INFO  ratis.ContainerStateMachine (ContainerStateMachine.java:loadSnapshot(200)) - group-E45CFF088B2F: The snapshot info is null. Setting the last applied indexto:(t:0, i:~)
2019-07-16 14:18:58,346 INFO  server.RaftServerConfigKeys (ConfUtils.java:logGet(43)) - raft.server.leader.election.timeout = 120s (custom)
2019-07-16 14:18:58,346 INFO  server.RaftServerConfigKeys (ConfUtils.java:logGet(43)) - raft.server.log.use.memory = false (default)
2019-07-16 14:18:58,346 INFO  server.RaftServerConfigKeys (ConfUtils.java:logGet(43)) - raft.server.log.purge.gap = 1000000000 (custom)
2019-07-16 14:18:58,346 INFO  server.RaftServerConfigKeys (ConfUtils.java:logGet(43)) - raft.server.log.appender.buffer.byte-limit = 33554432 (custom)
2019-07-16 14:18:58,346 INFO  server.RaftServerConfigKeys (ConfUtils.java:logGet(43)) - raft.server.log.segment.size.max = 1048576 (custom)
2019-07-16 14:18:58,346 INFO  server.RaftServerConfigKeys (ConfUtils.java:logGet(43)) - raft.server.log.segment.cache.num.max = 2 (custom)
2019-07-16 14:18:58,346 INFO  segmented.SegmentedRaftLogWorker (SegmentedRaftLogWorker.java:<init>(172)) - new 565c8e87-23b4-4af4-b74a-93bf622f1a75-SegmentedRaftLogWorker:Storage Directory /workdir/hadoop-ozone/integration-test/target/test-dir/MiniOzoneClusterImpl-cb088425-7f45-4d32-b7c7-566bcd4161d2/datanode-3/data/ratis/7920c86b-c65f-439d-9da5-e45cff088b2f for RaftStorage:Storage Directory /workdir/hadoop-ozone/integration-test/target/test-dir/MiniOzoneClusterImpl-cb088425-7f45-4d32-b7c7-566bcd4161d2/datanode-3/data/ratis/7920c86b-c65f-439d-9da5-e45cff088b2f
2019-07-16 14:18:58,347 INFO  server.RaftServerConfigKeys (ConfUtils.java:logGet(43)) - raft.server.log.queue.byte-limit = 2147483647 (custom)
2019-07-16 14:18:58,347 INFO  server.RaftServerConfigKeys (ConfUtils.java:logGet(43)) - raft.server.log.queue.element-limit = 1024 (custom)
2019-07-16 14:18:58,347 INFO  server.RaftServerConfigKeys (ConfUtils.java:logGet(43)) - raft.server.log.segment.size.max = 1048576 (custom)
2019-07-16 14:18:58,347 INFO  server.RaftServerConfigKeys (ConfUtils.java:logGet(43)) - raft.server.log.preallocated.size = 16384 (custom)
2019-07-16 14:18:58,347 INFO  server.RaftServerConfigKeys (ConfUtils.java:logGet(43)) - raft.server.log.write.buffer.size = 33554432 (custom)
2019-07-16 14:18:58,347 INFO  server.RaftServerConfigKeys (ConfUtils.java:logGet(43)) - raft.server.log.force.sync.num = 128 (default)
2019-07-16 14:18:58,348 INFO  server.RaftServerConfigKeys (ConfUtils.java:logGet(43)) - raft.server.log.statemachine.data.sync = true (default)
2019-07-16 14:18:58,348 INFO  server.RaftServerConfigKeys (ConfUtils.java:logGet(43)) - raft.server.log.statemachine.data.sync.timeout = 10s (default)
2019-07-16 14:18:58,348 INFO  server.RaftServerConfigKeys (ConfUtils.java:logGet(43)) - raft.server.log.statemachine.data.sync.timeout.retry = -1 (default)
2019-07-16 14:18:58,348 INFO  server.RaftServerConfigKeys (ConfUtils.java:logGet(43)) - raft.server.log.statemachine.data.caching.enabled = true (custom)
2019-07-16 14:18:58,349 INFO  segmented.SegmentedRaftLogWorker (SegmentedRaftLogWorker.java:lambda$new$0(132)) - 565c8e87-23b4-4af4-b74a-93bf622f1a75-SegmentedRaftLogWorker:Storage Directory /workdir/hadoop-ozone/integration-test/target/test-dir/MiniOzoneClusterImpl-cb088425-7f45-4d32-b7c7-566bcd4161d2/datanode-3/data/ratis/7920c86b-c65f-439d-9da5-e45cff088b2f: flushIndex: setUnconditionally 0 -> -1
2019-07-16 14:18:58,349 INFO  server.RaftServerConfigKeys (ConfUtils.java:logGet(43)) - raft.server.snapshot.auto.trigger.enabled = true (custom)
2019-07-16 14:18:58,349 INFO  server.RaftServerConfigKeys (ConfUtils.java:logGet(43)) - raft.server.snapshot.auto.trigger.threshold = 10000 (custom)
2019-07-16 14:18:58,349 INFO  server.RaftServerConfigKeys (ConfUtils.java:logGet(43)) - raft.server.retrycache.expirytime = 600000ms (custom)
2019-07-16 14:18:58,350 INFO  impl.RaftServerImpl (RaftServerImpl.java:start(180)) - 565c8e87-23b4-4af4-b74a-93bf622f1a75: start group-E45CFF088B2F
2019-07-16 14:18:58,350 INFO  impl.RaftServerImpl (RaftServerImpl.java:setRole(171)) - 565c8e87-23b4-4af4-b74a-93bf622f1a75:group-E45CFF088B2F changes role from null to FOLLOWER at term 0 for startAsFollower
2019-07-16 14:18:58,350 INFO  impl.RoleInfo (RoleInfo.java:updateAndGet(143)) - 565c8e87-23b4-4af4-b74a-93bf622f1a75: start FollowerState
2019-07-16 14:18:58,350 INFO  util.JmxRegister (JmxRegister.java:tryRegister(44)) - Successfully registered JMX Bean with object name Ratis:service=RaftServer,group=group-E45CFF088B2F,id=565c8e87-23b4-4af4-b74a-93bf622f1a75
2019-07-16 14:18:58,364 INFO  pipeline.PipelineStateManager (PipelineStateManager.java:addPipeline(56)) - Created pipeline Pipeline[ Id: 7920c86b-c65f-439d-9da5-e45cff088b2f, Nodes: 565c8e87-23b4-4af4-b74a-93bf622f1a75{ip: 192.168.157.241, host: trunk-nightly-gllmw-2332419065, networkLocation: /default-rack, certSerialId: null}, Type:RATIS, Factor:ONE, State:OPEN]
2019-07-16 14:18:58,389 INFO  impl.RaftServerProxy (RaftServerProxy.java:addNew(89)) - 4c1df8d4-3768-4646-97ca-74441804a018: addNew group-EDFD00F9B42F:[4c1df8d4-3768-4646-97ca-74441804a018:192.168.157.241:39040] returns group-EDFD00F9B42F:java.util.concurrent.CompletableFuture@67642573[Not completed]
2019-07-16 14:18:58,391 INFO  impl.RaftServerImpl (RaftServerImpl.java:<init>(93)) - 4c1df8d4-3768-4646-97ca-74441804a018: new RaftServerImpl for group-EDFD00F9B42F:[4c1df8d4-3768-4646-97ca-74441804a018:192.168.157.241:39040] with ContainerStateMachine:uninitialized
2019-07-16 14:18:58,391 INFO  server.RaftServerConfigKeys (ConfUtils.java:logGet(43)) - raft.server.rpc.timeout.min = 5s (custom)
2019-07-16 14:18:58,391 INFO  server.RaftServerConfigKeys (ConfUtils.java:logGet(43)) - raft.server.rpc.timeout.max = 5200ms (custom)
2019-07-16 14:18:58,391 INFO  server.RaftServerConfigKeys (ConfUtils.java:logGet(43)) - raft.server.rpcslowness.timeout = 120s (custom)
2019-07-16 14:18:58,392 INFO  server.RaftServerConfigKeys (ConfUtils.java:logGet(43)) - raft.server.sleep.deviation.threshold = 300 (default)
2019-07-16 14:18:58,392 INFO  server.RaftServerConfigKeys (ConfUtils.java:logGet(43)) - raft.server.log.appender.install.snapshot.enabled = false (custom)
2019-07-16 14:18:58,392 INFO  impl.RaftServerImpl (ServerState.java:<init>(105)) - 4c1df8d4-3768-4646-97ca-74441804a018:group-EDFD00F9B42F ConfigurationManager, init=-1: [4c1df8d4-3768-4646-97ca-74441804a018:192.168.157.241:39040], old=null, confs=<EMPTY_MAP>
2019-07-16 14:18:58,392 INFO  server.RaftServerConfigKeys (ConfUtils.java:logGet(43)) - raft.server.storage.dir = [/workdir/hadoop-ozone/integration-test/target/test-dir/MiniOzoneClusterImpl-cb088425-7f45-4d32-b7c7-566bcd4161d2/datanode-6/data/ratis] (custom)
2019-07-16 14:18:58,393 INFO  storage.RaftStorageDirectory (RaftStorageDirectory.java:analyzeStorage(246)) - The storage directory /workdir/hadoop-ozone/integration-test/target/test-dir/MiniOzoneClusterImpl-cb088425-7f45-4d32-b7c7-566bcd4161d2/datanode-6/data/ratis/88c3b691-a3ba-4e73-be9c-edfd00f9b42f does not exist. Creating ...
2019-07-16 14:18:58,406 INFO  storage.RaftStorageDirectory (RaftStorageDirectory.java:tryLock(328)) - Lock on /workdir/hadoop-ozone/integration-test/target/test-dir/MiniOzoneClusterImpl-cb088425-7f45-4d32-b7c7-566bcd4161d2/datanode-6/data/ratis/88c3b691-a3ba-4e73-be9c-edfd00f9b42f/in_use.lock acquired by nodename 23803@trunk-nightly-gllmw-2332419065
2019-07-16 14:18:58,419 INFO  storage.RaftStorage (RaftStorage.java:format(72)) - Storage directory /workdir/hadoop-ozone/integration-test/target/test-dir/MiniOzoneClusterImpl-cb088425-7f45-4d32-b7c7-566bcd4161d2/datanode-6/data/ratis/88c3b691-a3ba-4e73-be9c-edfd00f9b42f has been successfully formatted.
2019-07-16 14:18:58,420 INFO  ratis.ContainerStateMachine (ContainerStateMachine.java:loadSnapshot(200)) - group-EDFD00F9B42F: The snapshot info is null. Setting the last applied indexto:(t:0, i:~)
2019-07-16 14:18:58,420 INFO  server.RaftServerConfigKeys (ConfUtils.java:logGet(43)) - raft.server.leader.election.timeout = 120s (custom)
2019-07-16 14:18:58,420 INFO  server.RaftServerConfigKeys (ConfUtils.java:logGet(43)) - raft.server.log.use.memory = false (default)
2019-07-16 14:18:58,420 INFO  server.RaftServerConfigKeys (ConfUtils.java:logGet(43)) - raft.server.log.purge.gap = 1000000000 (custom)
2019-07-16 14:18:58,420 INFO  server.RaftServerConfigKeys (ConfUtils.java:logGet(43)) - raft.server.log.appender.buffer.byte-limit = 33554432 (custom)
2019-07-16 14:18:58,420 INFO  server.RaftServerConfigKeys (ConfUtils.java:logGet(43)) - raft.server.log.segment.size.max = 1048576 (custom)
2019-07-16 14:18:58,421 INFO  server.RaftServerConfigKeys (ConfUtils.java:logGet(43)) - raft.server.log.segment.cache.num.max = 2 (custom)
2019-07-16 14:18:58,421 INFO  segmented.SegmentedRaftLogWorker (SegmentedRaftLogWorker.java:<init>(172)) - new 4c1df8d4-3768-4646-97ca-74441804a018-SegmentedRaftLogWorker:Storage Directory /workdir/hadoop-ozone/integration-test/target/test-dir/MiniOzoneClusterImpl-cb088425-7f45-4d32-b7c7-566bcd4161d2/datanode-6/data/ratis/88c3b691-a3ba-4e73-be9c-edfd00f9b42f for RaftStorage:Storage Directory /workdir/hadoop-ozone/integration-test/target/test-dir/MiniOzoneClusterImpl-cb088425-7f45-4d32-b7c7-566bcd4161d2/datanode-6/data/ratis/88c3b691-a3ba-4e73-be9c-edfd00f9b42f
2019-07-16 14:18:58,421 INFO  server.RaftServerConfigKeys (ConfUtils.java:logGet(43)) - raft.server.log.queue.byte-limit = 2147483647 (custom)
2019-07-16 14:18:58,421 INFO  server.RaftServerConfigKeys (ConfUtils.java:logGet(43)) - raft.server.log.queue.element-limit = 1024 (custom)
2019-07-16 14:18:58,422 INFO  server.RaftServerConfigKeys (ConfUtils.java:logGet(43)) - raft.server.log.segment.size.max = 1048576 (custom)
2019-07-16 14:18:58,422 INFO  server.RaftServerConfigKeys (ConfUtils.java:logGet(43)) - raft.server.log.preallocated.size = 16384 (custom)
2019-07-16 14:18:58,422 INFO  server.RaftServerConfigKeys (ConfUtils.java:logGet(43)) - raft.server.log.write.buffer.size = 33554432 (custom)
2019-07-16 14:18:58,422 INFO  server.RaftServerConfigKeys (ConfUtils.java:logGet(43)) - raft.server.log.force.sync.num = 128 (default)
2019-07-16 14:18:58,422 INFO  server.RaftServerConfigKeys (ConfUtils.java:logGet(43)) - raft.server.log.statemachine.data.sync = true (default)
2019-07-16 14:18:58,423 INFO  server.RaftServerConfigKeys (ConfUtils.java:logGet(43)) - raft.server.log.statemachine.data.sync.timeout = 10s (default)
2019-07-16 14:18:58,423 INFO  server.RaftServerConfigKeys (ConfUtils.java:logGet(43)) - raft.server.log.statemachine.data.sync.timeout.retry = -1 (default)
2019-07-16 14:18:58,423 INFO  server.RaftServerConfigKeys (ConfUtils.java:logGet(43)) - raft.server.log.statemachine.data.caching.enabled = true (custom)
2019-07-16 14:18:58,424 INFO  segmented.SegmentedRaftLogWorker (SegmentedRaftLogWorker.java:lambda$new$0(132)) - 4c1df8d4-3768-4646-97ca-74441804a018-SegmentedRaftLogWorker:Storage Directory /workdir/hadoop-ozone/integration-test/target/test-dir/MiniOzoneClusterImpl-cb088425-7f45-4d32-b7c7-566bcd4161d2/datanode-6/data/ratis/88c3b691-a3ba-4e73-be9c-edfd00f9b42f: flushIndex: setUnconditionally 0 -> -1
2019-07-16 14:18:58,424 INFO  server.RaftServerConfigKeys (ConfUtils.java:logGet(43)) - raft.server.snapshot.auto.trigger.enabled = true (custom)
2019-07-16 14:18:58,424 INFO  server.RaftServerConfigKeys (ConfUtils.java:logGet(43)) - raft.server.snapshot.auto.trigger.threshold = 10000 (custom)
2019-07-16 14:18:58,424 INFO  server.RaftServerConfigKeys (ConfUtils.java:logGet(43)) - raft.server.retrycache.expirytime = 600000ms (custom)
2019-07-16 14:18:58,425 INFO  impl.RaftServerImpl (RaftServerImpl.java:start(180)) - 4c1df8d4-3768-4646-97ca-74441804a018: start group-EDFD00F9B42F
2019-07-16 14:18:58,425 INFO  impl.RaftServerImpl (RaftServerImpl.java:setRole(171)) - 4c1df8d4-3768-4646-97ca-74441804a018:group-EDFD00F9B42F changes role from null to FOLLOWER at term 0 for startAsFollower
2019-07-16 14:18:58,425 INFO  impl.RoleInfo (RoleInfo.java:updateAndGet(143)) - 4c1df8d4-3768-4646-97ca-74441804a018: start FollowerState
2019-07-16 14:18:58,425 INFO  util.JmxRegister (JmxRegister.java:tryRegister(44)) - Successfully registered JMX Bean with object name Ratis:service=RaftServer,group=group-EDFD00F9B42F,id=4c1df8d4-3768-4646-97ca-74441804a018
2019-07-16 14:18:58,439 INFO  pipeline.PipelineStateManager (PipelineStateManager.java:addPipeline(56)) - Created pipeline Pipeline[ Id: 88c3b691-a3ba-4e73-be9c-edfd00f9b42f, Nodes: 4c1df8d4-3768-4646-97ca-74441804a018{ip: 192.168.157.241, host: trunk-nightly-gllmw-2332419065, networkLocation: /default-rack, certSerialId: null}, Type:RATIS, Factor:ONE, State:OPEN]
2019-07-16 14:18:58,462 INFO  impl.RaftServerProxy (RaftServerProxy.java:addNew(89)) - 5f1e710f-bd2f-4a4b-9aaf-0bc613871562: addNew group-2C73CF5A981A:[5f1e710f-bd2f-4a4b-9aaf-0bc613871562:192.168.157.241:40087] returns group-2C73CF5A981A:java.util.concurrent.CompletableFuture@16b339c1[Not completed]
2019-07-16 14:18:58,464 INFO  impl.RaftServerImpl (RaftServerImpl.java:<init>(93)) - 5f1e710f-bd2f-4a4b-9aaf-0bc613871562: new RaftServerImpl for group-2C73CF5A981A:[5f1e710f-bd2f-4a4b-9aaf-0bc613871562:192.168.157.241:40087] with ContainerStateMachine:uninitialized
2019-07-16 14:18:58,464 INFO  server.RaftServerConfigKeys (ConfUtils.java:logGet(43)) - raft.server.rpc.timeout.min = 5s (custom)
2019-07-16 14:18:58,464 INFO  server.RaftServerConfigKeys (ConfUtils.java:logGet(43)) - raft.server.rpc.timeout.max = 5200ms (custom)
2019-07-16 14:18:58,464 INFO  server.RaftServerConfigKeys (ConfUtils.java:logGet(43)) - raft.server.rpcslowness.timeout = 120s (custom)
2019-07-16 14:18:58,465 INFO  server.RaftServerConfigKeys (ConfUtils.java:logGet(43)) - raft.server.sleep.deviation.threshold = 300 (default)
2019-07-16 14:18:58,465 INFO  server.RaftServerConfigKeys (ConfUtils.java:logGet(43)) - raft.server.log.appender.install.snapshot.enabled = false (custom)
2019-07-16 14:18:58,465 INFO  impl.RaftServerImpl (ServerState.java:<init>(105)) - 5f1e710f-bd2f-4a4b-9aaf-0bc613871562:group-2C73CF5A981A ConfigurationManager, init=-1: [5f1e710f-bd2f-4a4b-9aaf-0bc613871562:192.168.157.241:40087], old=null, confs=<EMPTY_MAP>
2019-07-16 14:18:58,465 INFO  server.RaftServerConfigKeys (ConfUtils.java:logGet(43)) - raft.server.storage.dir = [/workdir/hadoop-ozone/integration-test/target/test-dir/MiniOzoneClusterImpl-cb088425-7f45-4d32-b7c7-566bcd4161d2/datanode-4/data/ratis] (custom)
2019-07-16 14:18:58,466 INFO  storage.RaftStorageDirectory (RaftStorageDirectory.java:analyzeStorage(246)) - The storage directory /workdir/hadoop-ozone/integration-test/target/test-dir/MiniOzoneClusterImpl-cb088425-7f45-4d32-b7c7-566bcd4161d2/datanode-4/data/ratis/07f1ad3b-23be-45bb-85d8-2c73cf5a981a does not exist. Creating ...
2019-07-16 14:18:58,479 INFO  storage.RaftStorageDirectory (RaftStorageDirectory.java:tryLock(328)) - Lock on /workdir/hadoop-ozone/integration-test/target/test-dir/MiniOzoneClusterImpl-cb088425-7f45-4d32-b7c7-566bcd4161d2/datanode-4/data/ratis/07f1ad3b-23be-45bb-85d8-2c73cf5a981a/in_use.lock acquired by nodename 23803@trunk-nightly-gllmw-2332419065
2019-07-16 14:18:58,492 INFO  storage.RaftStorage (RaftStorage.java:format(72)) - Storage directory /workdir/hadoop-ozone/integration-test/target/test-dir/MiniOzoneClusterImpl-cb088425-7f45-4d32-b7c7-566bcd4161d2/datanode-4/data/ratis/07f1ad3b-23be-45bb-85d8-2c73cf5a981a has been successfully formatted.
2019-07-16 14:18:58,492 INFO  ratis.ContainerStateMachine (ContainerStateMachine.java:loadSnapshot(200)) - group-2C73CF5A981A: The snapshot info is null. Setting the last applied indexto:(t:0, i:~)
2019-07-16 14:18:58,492 INFO  server.RaftServerConfigKeys (ConfUtils.java:logGet(43)) - raft.server.leader.election.timeout = 120s (custom)
2019-07-16 14:18:58,492 INFO  server.RaftServerConfigKeys (ConfUtils.java:logGet(43)) - raft.server.log.use.memory = false (default)
2019-07-16 14:18:58,493 INFO  server.RaftServerConfigKeys (ConfUtils.java:logGet(43)) - raft.server.log.purge.gap = 1000000000 (custom)
2019-07-16 14:18:58,493 INFO  server.RaftServerConfigKeys (ConfUtils.java:logGet(43)) - raft.server.log.appender.buffer.byte-limit = 33554432 (custom)
2019-07-16 14:18:58,493 INFO  server.RaftServerConfigKeys (ConfUtils.java:logGet(43)) - raft.server.log.segment.size.max = 1048576 (custom)
2019-07-16 14:18:58,493 INFO  server.RaftServerConfigKeys (ConfUtils.java:logGet(43)) - raft.server.log.segment.cache.num.max = 2 (custom)
2019-07-16 14:18:58,493 INFO  segmented.SegmentedRaftLogWorker (SegmentedRaftLogWorker.java:<init>(172)) - new 5f1e710f-bd2f-4a4b-9aaf-0bc613871562-SegmentedRaftLogWorker:Storage Directory /workdir/hadoop-ozone/integration-test/target/test-dir/MiniOzoneClusterImpl-cb088425-7f45-4d32-b7c7-566bcd4161d2/datanode-4/data/ratis/07f1ad3b-23be-45bb-85d8-2c73cf5a981a for RaftStorage:Storage Directory /workdir/hadoop-ozone/integration-test/target/test-dir/MiniOzoneClusterImpl-cb088425-7f45-4d32-b7c7-566bcd4161d2/datanode-4/data/ratis/07f1ad3b-23be-45bb-85d8-2c73cf5a981a
2019-07-16 14:18:58,493 INFO  server.RaftServerConfigKeys (ConfUtils.java:logGet(43)) - raft.server.log.queue.byte-limit = 2147483647 (custom)
2019-07-16 14:18:58,494 INFO  server.RaftServerConfigKeys (ConfUtils.java:logGet(43)) - raft.server.log.queue.element-limit = 1024 (custom)
2019-07-16 14:18:58,494 INFO  server.RaftServerConfigKeys (ConfUtils.java:logGet(43)) - raft.server.log.segment.size.max = 1048576 (custom)
2019-07-16 14:18:58,494 INFO  server.RaftServerConfigKeys (ConfUtils.java:logGet(43)) - raft.server.log.preallocated.size = 16384 (custom)
2019-07-16 14:18:58,494 INFO  server.RaftServerConfigKeys (ConfUtils.java:logGet(43)) - raft.server.log.write.buffer.size = 33554432 (custom)
2019-07-16 14:18:58,494 INFO  server.RaftServerConfigKeys (ConfUtils.java:logGet(43)) - raft.server.log.force.sync.num = 128 (default)
2019-07-16 14:18:58,494 INFO  server.RaftServerConfigKeys (ConfUtils.java:logGet(43)) - raft.server.log.statemachine.data.sync = true (default)
2019-07-16 14:18:58,495 INFO  server.RaftServerConfigKeys (ConfUtils.java:logGet(43)) - raft.server.log.statemachine.data.sync.timeout = 10s (default)
2019-07-16 14:18:58,495 INFO  server.RaftServerConfigKeys (ConfUtils.java:logGet(43)) - raft.server.log.statemachine.data.sync.timeout.retry = -1 (default)
2019-07-16 14:18:58,495 INFO  server.RaftServerConfigKeys (ConfUtils.java:logGet(43)) - raft.server.log.statemachine.data.caching.enabled = true (custom)
2019-07-16 14:18:58,496 INFO  segmented.SegmentedRaftLogWorker (SegmentedRaftLogWorker.java:lambda$new$0(132)) - 5f1e710f-bd2f-4a4b-9aaf-0bc613871562-SegmentedRaftLogWorker:Storage Directory /workdir/hadoop-ozone/integration-test/target/test-dir/MiniOzoneClusterImpl-cb088425-7f45-4d32-b7c7-566bcd4161d2/datanode-4/data/ratis/07f1ad3b-23be-45bb-85d8-2c73cf5a981a: flushIndex: setUnconditionally 0 -> -1
2019-07-16 14:18:58,496 INFO  server.RaftServerConfigKeys (ConfUtils.java:logGet(43)) - raft.server.snapshot.auto.trigger.enabled = true (custom)
2019-07-16 14:18:58,496 INFO  server.RaftServerConfigKeys (ConfUtils.java:logGet(43)) - raft.server.snapshot.auto.trigger.threshold = 10000 (custom)
2019-07-16 14:18:58,496 INFO  server.RaftServerConfigKeys (ConfUtils.java:logGet(43)) - raft.server.retrycache.expirytime = 600000ms (custom)
2019-07-16 14:18:58,496 INFO  impl.RaftServerImpl (RaftServerImpl.java:start(180)) - 5f1e710f-bd2f-4a4b-9aaf-0bc613871562: start group-2C73CF5A981A
2019-07-16 14:18:58,497 INFO  impl.RaftServerImpl (RaftServerImpl.java:setRole(171)) - 5f1e710f-bd2f-4a4b-9aaf-0bc613871562:group-2C73CF5A981A changes role from null to FOLLOWER at term 0 for startAsFollower
2019-07-16 14:18:58,497 INFO  impl.RoleInfo (RoleInfo.java:updateAndGet(143)) - 5f1e710f-bd2f-4a4b-9aaf-0bc613871562: start FollowerState
2019-07-16 14:18:58,497 INFO  util.JmxRegister (JmxRegister.java:tryRegister(44)) - Successfully registered JMX Bean with object name Ratis:service=RaftServer,group=group-2C73CF5A981A,id=5f1e710f-bd2f-4a4b-9aaf-0bc613871562
2019-07-16 14:18:58,511 INFO  pipeline.PipelineStateManager (PipelineStateManager.java:addPipeline(56)) - Created pipeline Pipeline[ Id: 07f1ad3b-23be-45bb-85d8-2c73cf5a981a, Nodes: 5f1e710f-bd2f-4a4b-9aaf-0bc613871562{ip: 192.168.157.241, host: trunk-nightly-gllmw-2332419065, networkLocation: /default-rack, certSerialId: null}, Type:RATIS, Factor:ONE, State:OPEN]
2019-07-16 14:18:58,536 INFO  impl.RaftServerProxy (RaftServerProxy.java:addNew(89)) - ac0feed9-e302-4363-a7c4-23c8743a625e: addNew group-BFB5D56AFC42:[ac0feed9-e302-4363-a7c4-23c8743a625e:192.168.157.241:32768] returns group-BFB5D56AFC42:java.util.concurrent.CompletableFuture@cc8e4dc[Not completed]
2019-07-16 14:18:58,538 INFO  impl.RaftServerImpl (RaftServerImpl.java:<init>(93)) - ac0feed9-e302-4363-a7c4-23c8743a625e: new RaftServerImpl for group-BFB5D56AFC42:[ac0feed9-e302-4363-a7c4-23c8743a625e:192.168.157.241:32768] with ContainerStateMachine:uninitialized
2019-07-16 14:18:58,539 INFO  server.RaftServerConfigKeys (ConfUtils.java:logGet(43)) - raft.server.rpc.timeout.min = 5s (custom)
2019-07-16 14:18:58,539 INFO  server.RaftServerConfigKeys (ConfUtils.java:logGet(43)) - raft.server.rpc.timeout.max = 5200ms (custom)
2019-07-16 14:18:58,539 INFO  server.RaftServerConfigKeys (ConfUtils.java:logGet(43)) - raft.server.rpcslowness.timeout = 120s (custom)
2019-07-16 14:18:58,539 INFO  server.RaftServerConfigKeys (ConfUtils.java:logGet(43)) - raft.server.sleep.deviation.threshold = 300 (default)
2019-07-16 14:18:58,539 INFO  server.RaftServerConfigKeys (ConfUtils.java:logGet(43)) - raft.server.log.appender.install.snapshot.enabled = false (custom)
2019-07-16 14:18:58,539 INFO  impl.RaftServerImpl (ServerState.java:<init>(105)) - ac0feed9-e302-4363-a7c4-23c8743a625e:group-BFB5D56AFC42 ConfigurationManager, init=-1: [ac0feed9-e302-4363-a7c4-23c8743a625e:192.168.157.241:32768], old=null, confs=<EMPTY_MAP>
2019-07-16 14:18:58,540 INFO  server.RaftServerConfigKeys (ConfUtils.java:logGet(43)) - raft.server.storage.dir = [/workdir/hadoop-ozone/integration-test/target/test-dir/MiniOzoneClusterImpl-cb088425-7f45-4d32-b7c7-566bcd4161d2/datanode-2/data/ratis] (custom)
2019-07-16 14:18:58,540 INFO  storage.RaftStorageDirectory (RaftStorageDirectory.java:analyzeStorage(246)) - The storage directory /workdir/hadoop-ozone/integration-test/target/test-dir/MiniOzoneClusterImpl-cb088425-7f45-4d32-b7c7-566bcd4161d2/datanode-2/data/ratis/bc3ee31d-f154-44e9-b191-bfb5d56afc42 does not exist. Creating ...
2019-07-16 14:18:58,554 INFO  storage.RaftStorageDirectory (RaftStorageDirectory.java:tryLock(328)) - Lock on /workdir/hadoop-ozone/integration-test/target/test-dir/MiniOzoneClusterImpl-cb088425-7f45-4d32-b7c7-566bcd4161d2/datanode-2/data/ratis/bc3ee31d-f154-44e9-b191-bfb5d56afc42/in_use.lock acquired by nodename 23803@trunk-nightly-gllmw-2332419065
2019-07-16 14:18:58,567 INFO  storage.RaftStorage (RaftStorage.java:format(72)) - Storage directory /workdir/hadoop-ozone/integration-test/target/test-dir/MiniOzoneClusterImpl-cb088425-7f45-4d32-b7c7-566bcd4161d2/datanode-2/data/ratis/bc3ee31d-f154-44e9-b191-bfb5d56afc42 has been successfully formatted.
2019-07-16 14:18:58,568 INFO  ratis.ContainerStateMachine (ContainerStateMachine.java:loadSnapshot(200)) - group-BFB5D56AFC42: The snapshot info is null. Setting the last applied indexto:(t:0, i:~)
2019-07-16 14:18:58,568 INFO  server.RaftServerConfigKeys (ConfUtils.java:logGet(43)) - raft.server.leader.election.timeout = 120s (custom)
2019-07-16 14:18:58,568 INFO  server.RaftServerConfigKeys (ConfUtils.java:logGet(43)) - raft.server.log.use.memory = false (default)
2019-07-16 14:18:58,568 INFO  server.RaftServerConfigKeys (ConfUtils.java:logGet(43)) - raft.server.log.purge.gap = 1000000000 (custom)
2019-07-16 14:18:58,568 INFO  server.RaftServerConfigKeys (ConfUtils.java:logGet(43)) - raft.server.log.appender.buffer.byte-limit = 33554432 (custom)
2019-07-16 14:18:58,569 INFO  server.RaftServerConfigKeys (ConfUtils.java:logGet(43)) - raft.server.log.segment.size.max = 1048576 (custom)
2019-07-16 14:18:58,569 INFO  server.RaftServerConfigKeys (ConfUtils.java:logGet(43)) - raft.server.log.segment.cache.num.max = 2 (custom)
2019-07-16 14:18:58,569 INFO  segmented.SegmentedRaftLogWorker (SegmentedRaftLogWorker.java:<init>(172)) - new ac0feed9-e302-4363-a7c4-23c8743a625e-SegmentedRaftLogWorker:Storage Directory /workdir/hadoop-ozone/integration-test/target/test-dir/MiniOzoneClusterImpl-cb088425-7f45-4d32-b7c7-566bcd4161d2/datanode-2/data/ratis/bc3ee31d-f154-44e9-b191-bfb5d56afc42 for RaftStorage:Storage Directory /workdir/hadoop-ozone/integration-test/target/test-dir/MiniOzoneClusterImpl-cb088425-7f45-4d32-b7c7-566bcd4161d2/datanode-2/data/ratis/bc3ee31d-f154-44e9-b191-bfb5d56afc42
2019-07-16 14:18:58,569 INFO  server.RaftServerConfigKeys (ConfUtils.java:logGet(43)) - raft.server.log.queue.byte-limit = 2147483647 (custom)
2019-07-16 14:18:58,569 INFO  server.RaftServerConfigKeys (ConfUtils.java:logGet(43)) - raft.server.log.queue.element-limit = 1024 (custom)
2019-07-16 14:18:58,570 INFO  server.RaftServerConfigKeys (ConfUtils.java:logGet(43)) - raft.server.log.segment.size.max = 1048576 (custom)
2019-07-16 14:18:58,570 INFO  server.RaftServerConfigKeys (ConfUtils.java:logGet(43)) - raft.server.log.preallocated.size = 16384 (custom)
2019-07-16 14:18:58,570 INFO  server.RaftServerConfigKeys (ConfUtils.java:logGet(43)) - raft.server.log.write.buffer.size = 33554432 (custom)
2019-07-16 14:18:58,570 INFO  server.RaftServerConfigKeys (ConfUtils.java:logGet(43)) - raft.server.log.force.sync.num = 128 (default)
2019-07-16 14:18:58,570 INFO  server.RaftServerConfigKeys (ConfUtils.java:logGet(43)) - raft.server.log.statemachine.data.sync = true (default)
2019-07-16 14:18:58,570 INFO  server.RaftServerConfigKeys (ConfUtils.java:logGet(43)) - raft.server.log.statemachine.data.sync.timeout = 10s (default)
2019-07-16 14:18:58,571 INFO  server.RaftServerConfigKeys (ConfUtils.java:logGet(43)) - raft.server.log.statemachine.data.sync.timeout.retry = -1 (default)
2019-07-16 14:18:58,571 INFO  server.RaftServerConfigKeys (ConfUtils.java:logGet(43)) - raft.server.log.statemachine.data.caching.enabled = true (custom)
2019-07-16 14:18:58,571 INFO  segmented.SegmentedRaftLogWorker (SegmentedRaftLogWorker.java:lambda$new$0(132)) - ac0feed9-e302-4363-a7c4-23c8743a625e-SegmentedRaftLogWorker:Storage Directory /workdir/hadoop-ozone/integration-test/target/test-dir/MiniOzoneClusterImpl-cb088425-7f45-4d32-b7c7-566bcd4161d2/datanode-2/data/ratis/bc3ee31d-f154-44e9-b191-bfb5d56afc42: flushIndex: setUnconditionally 0 -> -1
2019-07-16 14:18:58,572 INFO  server.RaftServerConfigKeys (ConfUtils.java:logGet(43)) - raft.server.snapshot.auto.trigger.enabled = true (custom)
2019-07-16 14:18:58,572 INFO  server.RaftServerConfigKeys (ConfUtils.java:logGet(43)) - raft.server.snapshot.auto.trigger.threshold = 10000 (custom)
2019-07-16 14:18:58,572 INFO  server.RaftServerConfigKeys (ConfUtils.java:logGet(43)) - raft.server.retrycache.expirytime = 600000ms (custom)
2019-07-16 14:18:58,573 INFO  impl.RaftServerImpl (RaftServerImpl.java:start(180)) - ac0feed9-e302-4363-a7c4-23c8743a625e: start group-BFB5D56AFC42
2019-07-16 14:18:58,573 INFO  impl.RaftServerImpl (RaftServerImpl.java:setRole(171)) - ac0feed9-e302-4363-a7c4-23c8743a625e:group-BFB5D56AFC42 changes role from null to FOLLOWER at term 0 for startAsFollower
2019-07-16 14:18:58,573 INFO  impl.RoleInfo (RoleInfo.java:updateAndGet(143)) - ac0feed9-e302-4363-a7c4-23c8743a625e: start FollowerState
2019-07-16 14:18:58,574 INFO  util.JmxRegister (JmxRegister.java:tryRegister(44)) - Successfully registered JMX Bean with object name Ratis:service=RaftServer,group=group-BFB5D56AFC42,id=ac0feed9-e302-4363-a7c4-23c8743a625e
2019-07-16 14:18:58,590 INFO  pipeline.PipelineStateManager (PipelineStateManager.java:addPipeline(56)) - Created pipeline Pipeline[ Id: bc3ee31d-f154-44e9-b191-bfb5d56afc42, Nodes: ac0feed9-e302-4363-a7c4-23c8743a625e{ip: 192.168.157.241, host: trunk-nightly-gllmw-2332419065, networkLocation: /default-rack, certSerialId: null}, Type:RATIS, Factor:ONE, State:OPEN]
2019-07-16 14:18:58,609 INFO  impl.RaftServerProxy (RaftServerProxy.java:addNew(89)) - c367f1ba-81ed-44ff-a708-518c429992ed: addNew group-43DB748DE82A:[c367f1ba-81ed-44ff-a708-518c429992ed:192.168.157.241:34185] returns group-43DB748DE82A:java.util.concurrent.CompletableFuture@76dc8ddf[Not completed]
2019-07-16 14:18:58,611 INFO  impl.RaftServerImpl (RaftServerImpl.java:<init>(93)) - c367f1ba-81ed-44ff-a708-518c429992ed: new RaftServerImpl for group-43DB748DE82A:[c367f1ba-81ed-44ff-a708-518c429992ed:192.168.157.241:34185] with ContainerStateMachine:uninitialized
2019-07-16 14:18:58,611 INFO  server.RaftServerConfigKeys (ConfUtils.java:logGet(43)) - raft.server.rpc.timeout.min = 5s (custom)
2019-07-16 14:18:58,611 INFO  server.RaftServerConfigKeys (ConfUtils.java:logGet(43)) - raft.server.rpc.timeout.max = 5200ms (custom)
2019-07-16 14:18:58,611 INFO  server.RaftServerConfigKeys (ConfUtils.java:logGet(43)) - raft.server.rpcslowness.timeout = 120s (custom)
2019-07-16 14:18:58,612 INFO  server.RaftServerConfigKeys (ConfUtils.java:logGet(43)) - raft.server.sleep.deviation.threshold = 300 (default)
2019-07-16 14:18:58,612 INFO  server.RaftServerConfigKeys (ConfUtils.java:logGet(43)) - raft.server.log.appender.install.snapshot.enabled = false (custom)
2019-07-16 14:18:58,612 INFO  impl.RaftServerImpl (ServerState.java:<init>(105)) - c367f1ba-81ed-44ff-a708-518c429992ed:group-43DB748DE82A ConfigurationManager, init=-1: [c367f1ba-81ed-44ff-a708-518c429992ed:192.168.157.241:34185], old=null, confs=<EMPTY_MAP>
2019-07-16 14:18:58,612 INFO  server.RaftServerConfigKeys (ConfUtils.java:logGet(43)) - raft.server.storage.dir = [/workdir/hadoop-ozone/integration-test/target/test-dir/MiniOzoneClusterImpl-cb088425-7f45-4d32-b7c7-566bcd4161d2/datanode-5/data/ratis] (custom)
2019-07-16 14:18:58,613 INFO  storage.RaftStorageDirectory (RaftStorageDirectory.java:analyzeStorage(246)) - The storage directory /workdir/hadoop-ozone/integration-test/target/test-dir/MiniOzoneClusterImpl-cb088425-7f45-4d32-b7c7-566bcd4161d2/datanode-5/data/ratis/4406da9e-9978-430a-912d-43db748de82a does not exist. Creating ...
2019-07-16 14:18:58,627 INFO  storage.RaftStorageDirectory (RaftStorageDirectory.java:tryLock(328)) - Lock on /workdir/hadoop-ozone/integration-test/target/test-dir/MiniOzoneClusterImpl-cb088425-7f45-4d32-b7c7-566bcd4161d2/datanode-5/data/ratis/4406da9e-9978-430a-912d-43db748de82a/in_use.lock acquired by nodename 23803@trunk-nightly-gllmw-2332419065
2019-07-16 14:18:58,641 INFO  storage.RaftStorage (RaftStorage.java:format(72)) - Storage directory /workdir/hadoop-ozone/integration-test/target/test-dir/MiniOzoneClusterImpl-cb088425-7f45-4d32-b7c7-566bcd4161d2/datanode-5/data/ratis/4406da9e-9978-430a-912d-43db748de82a has been successfully formatted.
2019-07-16 14:18:58,641 INFO  ratis.ContainerStateMachine (ContainerStateMachine.java:loadSnapshot(200)) - group-43DB748DE82A: The snapshot info is null. Setting the last applied indexto:(t:0, i:~)
2019-07-16 14:18:58,642 INFO  server.RaftServerConfigKeys (ConfUtils.java:logGet(43)) - raft.server.leader.election.timeout = 120s (custom)
2019-07-16 14:18:58,642 INFO  server.RaftServerConfigKeys (ConfUtils.java:logGet(43)) - raft.server.log.use.memory = false (default)
2019-07-16 14:18:58,642 INFO  server.RaftServerConfigKeys (ConfUtils.java:logGet(43)) - raft.server.log.purge.gap = 1000000000 (custom)
2019-07-16 14:18:58,642 INFO  server.RaftServerConfigKeys (ConfUtils.java:logGet(43)) - raft.server.log.appender.buffer.byte-limit = 33554432 (custom)
2019-07-16 14:18:58,642 INFO  server.RaftServerConfigKeys (ConfUtils.java:logGet(43)) - raft.server.log.segment.size.max = 1048576 (custom)
2019-07-16 14:18:58,643 INFO  server.RaftServerConfigKeys (ConfUtils.java:logGet(43)) - raft.server.log.segment.cache.num.max = 2 (custom)
2019-07-16 14:18:58,643 INFO  segmented.SegmentedRaftLogWorker (SegmentedRaftLogWorker.java:<init>(172)) - new c367f1ba-81ed-44ff-a708-518c429992ed-SegmentedRaftLogWorker:Storage Directory /workdir/hadoop-ozone/integration-test/target/test-dir/MiniOzoneClusterImpl-cb088425-7f45-4d32-b7c7-566bcd4161d2/datanode-5/data/ratis/4406da9e-9978-430a-912d-43db748de82a for RaftStorage:Storage Directory /workdir/hadoop-ozone/integration-test/target/test-dir/MiniOzoneClusterImpl-cb088425-7f45-4d32-b7c7-566bcd4161d2/datanode-5/data/ratis/4406da9e-9978-430a-912d-43db748de82a
2019-07-16 14:18:58,643 INFO  server.RaftServerConfigKeys (ConfUtils.java:logGet(43)) - raft.server.log.queue.byte-limit = 2147483647 (custom)
2019-07-16 14:18:58,643 INFO  server.RaftServerConfigKeys (ConfUtils.java:logGet(43)) - raft.server.log.queue.element-limit = 1024 (custom)
2019-07-16 14:18:58,644 INFO  server.RaftServerConfigKeys (ConfUtils.java:logGet(43)) - raft.server.log.segment.size.max = 1048576 (custom)
2019-07-16 14:18:58,644 INFO  server.RaftServerConfigKeys (ConfUtils.java:logGet(43)) - raft.server.log.preallocated.size = 16384 (custom)
2019-07-16 14:18:58,644 INFO  server.RaftServerConfigKeys (ConfUtils.java:logGet(43)) - raft.server.log.write.buffer.size = 33554432 (custom)
2019-07-16 14:18:58,644 INFO  server.RaftServerConfigKeys (ConfUtils.java:logGet(43)) - raft.server.log.force.sync.num = 128 (default)
2019-07-16 14:18:58,644 INFO  server.RaftServerConfigKeys (ConfUtils.java:logGet(43)) - raft.server.log.statemachine.data.sync = true (default)
2019-07-16 14:18:58,644 INFO  server.RaftServerConfigKeys (ConfUtils.java:logGet(43)) - raft.server.log.statemachine.data.sync.timeout = 10s (default)
2019-07-16 14:18:58,645 INFO  server.RaftServerConfigKeys (ConfUtils.java:logGet(43)) - raft.server.log.statemachine.data.sync.timeout.retry = -1 (default)
2019-07-16 14:18:58,645 INFO  server.RaftServerConfigKeys (ConfUtils.java:logGet(43)) - raft.server.log.statemachine.data.caching.enabled = true (custom)
2019-07-16 14:18:58,645 INFO  segmented.SegmentedRaftLogWorker (SegmentedRaftLogWorker.java:lambda$new$0(132)) - c367f1ba-81ed-44ff-a708-518c429992ed-SegmentedRaftLogWorker:Storage Directory /workdir/hadoop-ozone/integration-test/target/test-dir/MiniOzoneClusterImpl-cb088425-7f45-4d32-b7c7-566bcd4161d2/datanode-5/data/ratis/4406da9e-9978-430a-912d-43db748de82a: flushIndex: setUnconditionally 0 -> -1
2019-07-16 14:18:58,646 INFO  server.RaftServerConfigKeys (ConfUtils.java:logGet(43)) - raft.server.snapshot.auto.trigger.enabled = true (custom)
2019-07-16 14:18:58,646 INFO  server.RaftServerConfigKeys (ConfUtils.java:logGet(43)) - raft.server.snapshot.auto.trigger.threshold = 10000 (custom)
2019-07-16 14:18:58,646 INFO  server.RaftServerConfigKeys (ConfUtils.java:logGet(43)) - raft.server.retrycache.expirytime = 600000ms (custom)
2019-07-16 14:18:58,646 INFO  impl.RaftServerImpl (RaftServerImpl.java:start(180)) - c367f1ba-81ed-44ff-a708-518c429992ed: start group-43DB748DE82A
2019-07-16 14:18:58,647 INFO  impl.RaftServerImpl (RaftServerImpl.java:setRole(171)) - c367f1ba-81ed-44ff-a708-518c429992ed:group-43DB748DE82A changes role from null to FOLLOWER at term 0 for startAsFollower
2019-07-16 14:18:58,647 INFO  impl.RoleInfo (RoleInfo.java:updateAndGet(143)) - c367f1ba-81ed-44ff-a708-518c429992ed: start FollowerState
2019-07-16 14:18:58,647 INFO  util.JmxRegister (JmxRegister.java:tryRegister(44)) - Successfully registered JMX Bean with object name Ratis:service=RaftServer,group=group-43DB748DE82A,id=c367f1ba-81ed-44ff-a708-518c429992ed
2019-07-16 14:18:58,667 INFO  pipeline.PipelineStateManager (PipelineStateManager.java:addPipeline(56)) - Created pipeline Pipeline[ Id: 4406da9e-9978-430a-912d-43db748de82a, Nodes: c367f1ba-81ed-44ff-a708-518c429992ed{ip: 192.168.157.241, host: trunk-nightly-gllmw-2332419065, networkLocation: /default-rack, certSerialId: null}, Type:RATIS, Factor:ONE, State:OPEN]
2019-07-16 14:18:58,707 INFO  impl.RaftServerProxy (RaftServerProxy.java:addNew(89)) - 41a75491-aacd-4dd0-a479-c7db72b1906a: addNew group-27E3A1668701:[41a75491-aacd-4dd0-a479-c7db72b1906a:192.168.157.241:40327, 565c8e87-23b4-4af4-b74a-93bf622f1a75:192.168.157.241:38956, 4c1df8d4-3768-4646-97ca-74441804a018:192.168.157.241:39040] returns group-27E3A1668701:java.util.concurrent.CompletableFuture@79fc5b9b[Not completed]
2019-07-16 14:18:58,707 INFO  impl.RaftServerProxy (RaftServerProxy.java:addNew(89)) - 565c8e87-23b4-4af4-b74a-93bf622f1a75: addNew group-27E3A1668701:[41a75491-aacd-4dd0-a479-c7db72b1906a:192.168.157.241:40327, 565c8e87-23b4-4af4-b74a-93bf622f1a75:192.168.157.241:38956, 4c1df8d4-3768-4646-97ca-74441804a018:192.168.157.241:39040] returns group-27E3A1668701:java.util.concurrent.CompletableFuture@61cb695[Not completed]
2019-07-16 14:18:58,710 INFO  impl.RaftServerProxy (RaftServerProxy.java:addNew(89)) - 4c1df8d4-3768-4646-97ca-74441804a018: addNew group-27E3A1668701:[41a75491-aacd-4dd0-a479-c7db72b1906a:192.168.157.241:40327, 565c8e87-23b4-4af4-b74a-93bf622f1a75:192.168.157.241:38956, 4c1df8d4-3768-4646-97ca-74441804a018:192.168.157.241:39040] returns group-27E3A1668701:java.util.concurrent.CompletableFuture@6cab1c7d[Not completed]
2019-07-16 14:18:58,711 INFO  impl.RaftServerImpl (RaftServerImpl.java:<init>(93)) - 41a75491-aacd-4dd0-a479-c7db72b1906a: new RaftServerImpl for group-27E3A1668701:[41a75491-aacd-4dd0-a479-c7db72b1906a:192.168.157.241:40327, 565c8e87-23b4-4af4-b74a-93bf622f1a75:192.168.157.241:38956, 4c1df8d4-3768-4646-97ca-74441804a018:192.168.157.241:39040] with ContainerStateMachine:uninitialized
2019-07-16 14:18:58,711 INFO  server.RaftServerConfigKeys (ConfUtils.java:logGet(43)) - raft.server.rpc.timeout.min = 5s (custom)
2019-07-16 14:18:58,711 INFO  server.RaftServerConfigKeys (ConfUtils.java:logGet(43)) - raft.server.rpc.timeout.max = 5200ms (custom)
2019-07-16 14:18:58,712 INFO  server.RaftServerConfigKeys (ConfUtils.java:logGet(43)) - raft.server.rpcslowness.timeout = 120s (custom)
2019-07-16 14:18:58,712 INFO  impl.RaftServerImpl (RaftServerImpl.java:<init>(93)) - 4c1df8d4-3768-4646-97ca-74441804a018: new RaftServerImpl for group-27E3A1668701:[41a75491-aacd-4dd0-a479-c7db72b1906a:192.168.157.241:40327, 565c8e87-23b4-4af4-b74a-93bf622f1a75:192.168.157.241:38956, 4c1df8d4-3768-4646-97ca-74441804a018:192.168.157.241:39040] with ContainerStateMachine:uninitialized
2019-07-16 14:18:58,712 INFO  server.RaftServerConfigKeys (ConfUtils.java:logGet(43)) - raft.server.sleep.deviation.threshold = 300 (default)
2019-07-16 14:18:58,712 INFO  server.RaftServerConfigKeys (ConfUtils.java:logGet(43)) - raft.server.rpc.timeout.min = 5s (custom)
2019-07-16 14:18:58,712 INFO  server.RaftServerConfigKeys (ConfUtils.java:logGet(43)) - raft.server.log.appender.install.snapshot.enabled = false (custom)
2019-07-16 14:18:58,712 INFO  server.RaftServerConfigKeys (ConfUtils.java:logGet(43)) - raft.server.rpc.timeout.max = 5200ms (custom)
2019-07-16 14:18:58,712 INFO  impl.RaftServerImpl (ServerState.java:<init>(105)) - 41a75491-aacd-4dd0-a479-c7db72b1906a:group-27E3A1668701 ConfigurationManager, init=-1: [41a75491-aacd-4dd0-a479-c7db72b1906a:192.168.157.241:40327, 565c8e87-23b4-4af4-b74a-93bf622f1a75:192.168.157.241:38956, 4c1df8d4-3768-4646-97ca-74441804a018:192.168.157.241:39040], old=null, confs=<EMPTY_MAP>
2019-07-16 14:18:58,712 INFO  server.RaftServerConfigKeys (ConfUtils.java:logGet(43)) - raft.server.rpcslowness.timeout = 120s (custom)
2019-07-16 14:18:58,713 INFO  server.RaftServerConfigKeys (ConfUtils.java:logGet(43)) - raft.server.sleep.deviation.threshold = 300 (default)
2019-07-16 14:18:58,713 INFO  server.RaftServerConfigKeys (ConfUtils.java:logGet(43)) - raft.server.storage.dir = [/workdir/hadoop-ozone/integration-test/target/test-dir/MiniOzoneClusterImpl-cb088425-7f45-4d32-b7c7-566bcd4161d2/datanode-1/data/ratis] (custom)
2019-07-16 14:18:58,713 INFO  server.RaftServerConfigKeys (ConfUtils.java:logGet(43)) - raft.server.log.appender.install.snapshot.enabled = false (custom)
2019-07-16 14:18:58,713 INFO  impl.RaftServerImpl (RaftServerImpl.java:<init>(93)) - 565c8e87-23b4-4af4-b74a-93bf622f1a75: new RaftServerImpl for group-27E3A1668701:[41a75491-aacd-4dd0-a479-c7db72b1906a:192.168.157.241:40327, 565c8e87-23b4-4af4-b74a-93bf622f1a75:192.168.157.241:38956, 4c1df8d4-3768-4646-97ca-74441804a018:192.168.157.241:39040] with ContainerStateMachine:uninitialized
2019-07-16 14:18:58,713 INFO  impl.RaftServerImpl (ServerState.java:<init>(105)) - 4c1df8d4-3768-4646-97ca-74441804a018:group-27E3A1668701 ConfigurationManager, init=-1: [41a75491-aacd-4dd0-a479-c7db72b1906a:192.168.157.241:40327, 565c8e87-23b4-4af4-b74a-93bf622f1a75:192.168.157.241:38956, 4c1df8d4-3768-4646-97ca-74441804a018:192.168.157.241:39040], old=null, confs=<EMPTY_MAP>
2019-07-16 14:18:58,713 INFO  server.RaftServerConfigKeys (ConfUtils.java:logGet(43)) - raft.server.rpc.timeout.min = 5s (custom)
2019-07-16 14:18:58,713 INFO  server.RaftServerConfigKeys (ConfUtils.java:logGet(43)) - raft.server.storage.dir = [/workdir/hadoop-ozone/integration-test/target/test-dir/MiniOzoneClusterImpl-cb088425-7f45-4d32-b7c7-566bcd4161d2/datanode-6/data/ratis] (custom)
2019-07-16 14:18:58,713 INFO  storage.RaftStorageDirectory (RaftStorageDirectory.java:analyzeStorage(246)) - The storage directory /workdir/hadoop-ozone/integration-test/target/test-dir/MiniOzoneClusterImpl-cb088425-7f45-4d32-b7c7-566bcd4161d2/datanode-1/data/ratis/e8083c75-2cae-40d7-8bc0-27e3a1668701 does not exist. Creating ...
2019-07-16 14:18:58,713 INFO  server.RaftServerConfigKeys (ConfUtils.java:logGet(43)) - raft.server.rpc.timeout.max = 5200ms (custom)
2019-07-16 14:18:58,714 INFO  storage.RaftStorageDirectory (RaftStorageDirectory.java:analyzeStorage(246)) - The storage directory /workdir/hadoop-ozone/integration-test/target/test-dir/MiniOzoneClusterImpl-cb088425-7f45-4d32-b7c7-566bcd4161d2/datanode-6/data/ratis/e8083c75-2cae-40d7-8bc0-27e3a1668701 does not exist. Creating ...
2019-07-16 14:18:58,714 INFO  server.RaftServerConfigKeys (ConfUtils.java:logGet(43)) - raft.server.rpcslowness.timeout = 120s (custom)
2019-07-16 14:18:58,714 INFO  server.RaftServerConfigKeys (ConfUtils.java:logGet(43)) - raft.server.sleep.deviation.threshold = 300 (default)
2019-07-16 14:18:58,714 INFO  server.RaftServerConfigKeys (ConfUtils.java:logGet(43)) - raft.server.log.appender.install.snapshot.enabled = false (custom)
2019-07-16 14:18:58,714 INFO  impl.RaftServerImpl (ServerState.java:<init>(105)) - 565c8e87-23b4-4af4-b74a-93bf622f1a75:group-27E3A1668701 ConfigurationManager, init=-1: [41a75491-aacd-4dd0-a479-c7db72b1906a:192.168.157.241:40327, 565c8e87-23b4-4af4-b74a-93bf622f1a75:192.168.157.241:38956, 4c1df8d4-3768-4646-97ca-74441804a018:192.168.157.241:39040], old=null, confs=<EMPTY_MAP>
2019-07-16 14:18:58,714 INFO  server.RaftServerConfigKeys (ConfUtils.java:logGet(43)) - raft.server.storage.dir = [/workdir/hadoop-ozone/integration-test/target/test-dir/MiniOzoneClusterImpl-cb088425-7f45-4d32-b7c7-566bcd4161d2/datanode-3/data/ratis] (custom)
2019-07-16 14:18:58,715 INFO  storage.RaftStorageDirectory (RaftStorageDirectory.java:analyzeStorage(246)) - The storage directory /workdir/hadoop-ozone/integration-test/target/test-dir/MiniOzoneClusterImpl-cb088425-7f45-4d32-b7c7-566bcd4161d2/datanode-3/data/ratis/e8083c75-2cae-40d7-8bc0-27e3a1668701 does not exist. Creating ...
2019-07-16 14:18:58,727 INFO  storage.RaftStorageDirectory (RaftStorageDirectory.java:tryLock(328)) - Lock on /workdir/hadoop-ozone/integration-test/target/test-dir/MiniOzoneClusterImpl-cb088425-7f45-4d32-b7c7-566bcd4161d2/datanode-6/data/ratis/e8083c75-2cae-40d7-8bc0-27e3a1668701/in_use.lock acquired by nodename 23803@trunk-nightly-gllmw-2332419065
2019-07-16 14:18:58,727 INFO  storage.RaftStorageDirectory (RaftStorageDirectory.java:tryLock(328)) - Lock on /workdir/hadoop-ozone/integration-test/target/test-dir/MiniOzoneClusterImpl-cb088425-7f45-4d32-b7c7-566bcd4161d2/datanode-1/data/ratis/e8083c75-2cae-40d7-8bc0-27e3a1668701/in_use.lock acquired by nodename 23803@trunk-nightly-gllmw-2332419065
2019-07-16 14:18:58,727 INFO  storage.RaftStorageDirectory (RaftStorageDirectory.java:tryLock(328)) - Lock on /workdir/hadoop-ozone/integration-test/target/test-dir/MiniOzoneClusterImpl-cb088425-7f45-4d32-b7c7-566bcd4161d2/datanode-3/data/ratis/e8083c75-2cae-40d7-8bc0-27e3a1668701/in_use.lock acquired by nodename 23803@trunk-nightly-gllmw-2332419065
2019-07-16 14:18:58,741 INFO  storage.RaftStorage (RaftStorage.java:format(72)) - Storage directory /workdir/hadoop-ozone/integration-test/target/test-dir/MiniOzoneClusterImpl-cb088425-7f45-4d32-b7c7-566bcd4161d2/datanode-6/data/ratis/e8083c75-2cae-40d7-8bc0-27e3a1668701 has been successfully formatted.
2019-07-16 14:18:58,741 INFO  storage.RaftStorage (RaftStorage.java:format(72)) - Storage directory /workdir/hadoop-ozone/integration-test/target/test-dir/MiniOzoneClusterImpl-cb088425-7f45-4d32-b7c7-566bcd4161d2/datanode-1/data/ratis/e8083c75-2cae-40d7-8bc0-27e3a1668701 has been successfully formatted.
2019-07-16 14:18:58,741 INFO  storage.RaftStorage (RaftStorage.java:format(72)) - Storage directory /workdir/hadoop-ozone/integration-test/target/test-dir/MiniOzoneClusterImpl-cb088425-7f45-4d32-b7c7-566bcd4161d2/datanode-3/data/ratis/e8083c75-2cae-40d7-8bc0-27e3a1668701 has been successfully formatted.
2019-07-16 14:18:58,741 INFO  ratis.ContainerStateMachine (ContainerStateMachine.java:loadSnapshot(200)) - group-27E3A1668701: The snapshot info is null. Setting the last applied indexto:(t:0, i:~)
2019-07-16 14:18:58,741 INFO  ratis.ContainerStateMachine (ContainerStateMachine.java:loadSnapshot(200)) - group-27E3A1668701: The snapshot info is null. Setting the last applied indexto:(t:0, i:~)
2019-07-16 14:18:58,741 INFO  ratis.ContainerStateMachine (ContainerStateMachine.java:loadSnapshot(200)) - group-27E3A1668701: The snapshot info is null. Setting the last applied indexto:(t:0, i:~)
2019-07-16 14:18:58,741 INFO  server.RaftServerConfigKeys (ConfUtils.java:logGet(43)) - raft.server.leader.election.timeout = 120s (custom)
2019-07-16 14:18:58,741 INFO  server.RaftServerConfigKeys (ConfUtils.java:logGet(43)) - raft.server.leader.election.timeout = 120s (custom)
2019-07-16 14:18:58,742 INFO  server.RaftServerConfigKeys (ConfUtils.java:logGet(43)) - raft.server.log.use.memory = false (default)
2019-07-16 14:18:58,742 INFO  server.RaftServerConfigKeys (ConfUtils.java:logGet(43)) - raft.server.leader.election.timeout = 120s (custom)
2019-07-16 14:18:58,742 INFO  server.RaftServerConfigKeys (ConfUtils.java:logGet(43)) - raft.server.log.purge.gap = 1000000000 (custom)
2019-07-16 14:18:58,742 INFO  server.RaftServerConfigKeys (ConfUtils.java:logGet(43)) - raft.server.log.use.memory = false (default)
2019-07-16 14:18:58,742 INFO  server.RaftServerConfigKeys (ConfUtils.java:logGet(43)) - raft.server.log.appender.buffer.byte-limit = 33554432 (custom)
2019-07-16 14:18:58,742 INFO  server.RaftServerConfigKeys (ConfUtils.java:logGet(43)) - raft.server.log.use.memory = false (default)
2019-07-16 14:18:58,742 INFO  server.RaftServerConfigKeys (ConfUtils.java:logGet(43)) - raft.server.log.segment.size.max = 1048576 (custom)
2019-07-16 14:18:58,742 INFO  server.RaftServerConfigKeys (ConfUtils.java:logGet(43)) - raft.server.log.purge.gap = 1000000000 (custom)
2019-07-16 14:18:58,743 INFO  server.RaftServerConfigKeys (ConfUtils.java:logGet(43)) - raft.server.log.segment.cache.num.max = 2 (custom)
2019-07-16 14:18:58,743 INFO  server.RaftServerConfigKeys (ConfUtils.java:logGet(43)) - raft.server.log.purge.gap = 1000000000 (custom)
2019-07-16 14:18:58,743 INFO  segmented.SegmentedRaftLogWorker (SegmentedRaftLogWorker.java:<init>(172)) - new 4c1df8d4-3768-4646-97ca-74441804a018-SegmentedRaftLogWorker:Storage Directory /workdir/hadoop-ozone/integration-test/target/test-dir/MiniOzoneClusterImpl-cb088425-7f45-4d32-b7c7-566bcd4161d2/datanode-6/data/ratis/e8083c75-2cae-40d7-8bc0-27e3a1668701 for RaftStorage:Storage Directory /workdir/hadoop-ozone/integration-test/target/test-dir/MiniOzoneClusterImpl-cb088425-7f45-4d32-b7c7-566bcd4161d2/datanode-6/data/ratis/e8083c75-2cae-40d7-8bc0-27e3a1668701
2019-07-16 14:18:58,743 INFO  server.RaftServerConfigKeys (ConfUtils.java:logGet(43)) - raft.server.log.appender.buffer.byte-limit = 33554432 (custom)
2019-07-16 14:18:58,743 INFO  server.RaftServerConfigKeys (ConfUtils.java:logGet(43)) - raft.server.log.queue.byte-limit = 2147483647 (custom)
2019-07-16 14:18:58,743 INFO  server.RaftServerConfigKeys (ConfUtils.java:logGet(43)) - raft.server.log.appender.buffer.byte-limit = 33554432 (custom)
2019-07-16 14:18:58,747 INFO  server.RaftServerConfigKeys (ConfUtils.java:logGet(43)) - raft.server.log.queue.element-limit = 1024 (custom)
2019-07-16 14:18:58,743 INFO  server.RaftServerConfigKeys (ConfUtils.java:logGet(43)) - raft.server.log.segment.size.max = 1048576 (custom)
2019-07-16 14:18:58,747 INFO  server.RaftServerConfigKeys (ConfUtils.java:logGet(43)) - raft.server.log.segment.size.max = 1048576 (custom)
2019-07-16 14:18:58,747 INFO  server.RaftServerConfigKeys (ConfUtils.java:logGet(43)) - raft.server.log.segment.size.max = 1048576 (custom)
2019-07-16 14:18:58,747 INFO  server.RaftServerConfigKeys (ConfUtils.java:logGet(43)) - raft.server.log.preallocated.size = 16384 (custom)
2019-07-16 14:18:58,747 INFO  server.RaftServerConfigKeys (ConfUtils.java:logGet(43)) - raft.server.log.segment.cache.num.max = 2 (custom)
2019-07-16 14:18:58,747 INFO  server.RaftServerConfigKeys (ConfUtils.java:logGet(43)) - raft.server.log.write.buffer.size = 33554432 (custom)
2019-07-16 14:18:58,747 INFO  server.RaftServerConfigKeys (ConfUtils.java:logGet(43)) - raft.server.log.segment.cache.num.max = 2 (custom)
2019-07-16 14:18:58,748 INFO  server.RaftServerConfigKeys (ConfUtils.java:logGet(43)) - raft.server.log.force.sync.num = 128 (default)
2019-07-16 14:18:58,748 INFO  segmented.SegmentedRaftLogWorker (SegmentedRaftLogWorker.java:<init>(172)) - new 565c8e87-23b4-4af4-b74a-93bf622f1a75-SegmentedRaftLogWorker:Storage Directory /workdir/hadoop-ozone/integration-test/target/test-dir/MiniOzoneClusterImpl-cb088425-7f45-4d32-b7c7-566bcd4161d2/datanode-3/data/ratis/e8083c75-2cae-40d7-8bc0-27e3a1668701 for RaftStorage:Storage Directory /workdir/hadoop-ozone/integration-test/target/test-dir/MiniOzoneClusterImpl-cb088425-7f45-4d32-b7c7-566bcd4161d2/datanode-3/data/ratis/e8083c75-2cae-40d7-8bc0-27e3a1668701
2019-07-16 14:18:58,748 INFO  server.RaftServerConfigKeys (ConfUtils.java:logGet(43)) - raft.server.log.statemachine.data.sync = true (default)
2019-07-16 14:18:58,748 INFO  segmented.SegmentedRaftLogWorker (SegmentedRaftLogWorker.java:<init>(172)) - new 41a75491-aacd-4dd0-a479-c7db72b1906a-SegmentedRaftLogWorker:Storage Directory /workdir/hadoop-ozone/integration-test/target/test-dir/MiniOzoneClusterImpl-cb088425-7f45-4d32-b7c7-566bcd4161d2/datanode-1/data/ratis/e8083c75-2cae-40d7-8bc0-27e3a1668701 for RaftStorage:Storage Directory /workdir/hadoop-ozone/integration-test/target/test-dir/MiniOzoneClusterImpl-cb088425-7f45-4d32-b7c7-566bcd4161d2/datanode-1/data/ratis/e8083c75-2cae-40d7-8bc0-27e3a1668701
2019-07-16 14:18:58,748 INFO  server.RaftServerConfigKeys (ConfUtils.java:logGet(43)) - raft.server.log.statemachine.data.sync.timeout = 10s (default)
2019-07-16 14:18:58,748 INFO  server.RaftServerConfigKeys (ConfUtils.java:logGet(43)) - raft.server.log.queue.byte-limit = 2147483647 (custom)
2019-07-16 14:18:58,751 INFO  server.RaftServerConfigKeys (ConfUtils.java:logGet(43)) - raft.server.log.statemachine.data.sync.timeout.retry = -1 (default)
2019-07-16 14:18:58,750 INFO  server.RaftServerConfigKeys (ConfUtils.java:logGet(43)) - raft.server.log.queue.byte-limit = 2147483647 (custom)
2019-07-16 14:18:58,753 INFO  server.RaftServerConfigKeys (ConfUtils.java:logGet(43)) - raft.server.log.statemachine.data.caching.enabled = true (custom)
2019-07-16 14:18:58,753 INFO  server.RaftServerConfigKeys (ConfUtils.java:logGet(43)) - raft.server.log.queue.element-limit = 1024 (custom)
2019-07-16 14:18:58,753 INFO  server.RaftServerConfigKeys (ConfUtils.java:logGet(43)) - raft.server.log.queue.element-limit = 1024 (custom)
2019-07-16 14:18:58,753 INFO  server.RaftServerConfigKeys (ConfUtils.java:logGet(43)) - raft.server.log.segment.size.max = 1048576 (custom)
2019-07-16 14:18:58,753 INFO  segmented.SegmentedRaftLogWorker (SegmentedRaftLogWorker.java:lambda$new$0(132)) - 4c1df8d4-3768-4646-97ca-74441804a018-SegmentedRaftLogWorker:Storage Directory /workdir/hadoop-ozone/integration-test/target/test-dir/MiniOzoneClusterImpl-cb088425-7f45-4d32-b7c7-566bcd4161d2/datanode-6/data/ratis/e8083c75-2cae-40d7-8bc0-27e3a1668701: flushIndex: setUnconditionally 0 -> -1
2019-07-16 14:18:58,754 INFO  server.RaftServerConfigKeys (ConfUtils.java:logGet(43)) - raft.server.log.preallocated.size = 16384 (custom)
2019-07-16 14:18:58,753 INFO  server.RaftServerConfigKeys (ConfUtils.java:logGet(43)) - raft.server.log.segment.size.max = 1048576 (custom)
2019-07-16 14:18:58,754 INFO  server.RaftServerConfigKeys (ConfUtils.java:logGet(43)) - raft.server.snapshot.auto.trigger.enabled = true (custom)
2019-07-16 14:18:58,754 INFO  server.RaftServerConfigKeys (ConfUtils.java:logGet(43)) - raft.server.log.write.buffer.size = 33554432 (custom)
2019-07-16 14:18:58,754 INFO  server.RaftServerConfigKeys (ConfUtils.java:logGet(43)) - raft.server.snapshot.auto.trigger.threshold = 10000 (custom)
2019-07-16 14:18:58,754 INFO  server.RaftServerConfigKeys (ConfUtils.java:logGet(43)) - raft.server.log.preallocated.size = 16384 (custom)
2019-07-16 14:18:58,754 INFO  server.RaftServerConfigKeys (ConfUtils.java:logGet(43)) - raft.server.retrycache.expirytime = 600000ms (custom)
2019-07-16 14:18:58,754 INFO  server.RaftServerConfigKeys (ConfUtils.java:logGet(43)) - raft.server.log.force.sync.num = 128 (default)
2019-07-16 14:18:58,755 INFO  impl.RaftServerImpl (RaftServerImpl.java:start(180)) - 4c1df8d4-3768-4646-97ca-74441804a018: start group-27E3A1668701
2019-07-16 14:18:58,755 INFO  server.RaftServerConfigKeys (ConfUtils.java:logGet(43)) - raft.server.log.write.buffer.size = 33554432 (custom)
2019-07-16 14:18:58,755 INFO  impl.RaftServerImpl (RaftServerImpl.java:setRole(171)) - 4c1df8d4-3768-4646-97ca-74441804a018:group-27E3A1668701 changes role from null to FOLLOWER at term 0 for startAsFollower
2019-07-16 14:18:58,755 INFO  server.RaftServerConfigKeys (ConfUtils.java:logGet(43)) - raft.server.log.statemachine.data.sync = true (default)
2019-07-16 14:18:58,755 INFO  impl.RoleInfo (RoleInfo.java:updateAndGet(143)) - 4c1df8d4-3768-4646-97ca-74441804a018: start FollowerState
2019-07-16 14:18:58,755 INFO  server.RaftServerConfigKeys (ConfUtils.java:logGet(43)) - raft.server.log.force.sync.num = 128 (default)
2019-07-16 14:18:58,755 INFO  server.RaftServerConfigKeys (ConfUtils.java:logGet(43)) - raft.server.log.statemachine.data.sync.timeout = 10s (default)
2019-07-16 14:18:58,756 INFO  util.JmxRegister (JmxRegister.java:tryRegister(44)) - Successfully registered JMX Bean with object name Ratis:service=RaftServer,group=group-27E3A1668701,id=4c1df8d4-3768-4646-97ca-74441804a018
2019-07-16 14:18:58,756 INFO  server.RaftServerConfigKeys (ConfUtils.java:logGet(43)) - raft.server.log.statemachine.data.sync = true (default)
2019-07-16 14:18:58,756 INFO  server.RaftServerConfigKeys (ConfUtils.java:logGet(43)) - raft.server.log.statemachine.data.sync.timeout.retry = -1 (default)
2019-07-16 14:18:58,756 INFO  server.RaftServerConfigKeys (ConfUtils.java:logGet(43)) - raft.server.log.statemachine.data.sync.timeout = 10s (default)
2019-07-16 14:18:58,756 INFO  server.RaftServerConfigKeys (ConfUtils.java:logGet(43)) - raft.server.log.statemachine.data.caching.enabled = true (custom)
2019-07-16 14:18:58,756 INFO  server.RaftServerConfigKeys (ConfUtils.java:logGet(43)) - raft.server.log.statemachine.data.sync.timeout.retry = -1 (default)
2019-07-16 14:18:58,757 INFO  segmented.SegmentedRaftLogWorker (SegmentedRaftLogWorker.java:lambda$new$0(132)) - 565c8e87-23b4-4af4-b74a-93bf622f1a75-SegmentedRaftLogWorker:Storage Directory /workdir/hadoop-ozone/integration-test/target/test-dir/MiniOzoneClusterImpl-cb088425-7f45-4d32-b7c7-566bcd4161d2/datanode-3/data/ratis/e8083c75-2cae-40d7-8bc0-27e3a1668701: flushIndex: setUnconditionally 0 -> -1
2019-07-16 14:18:58,757 INFO  server.RaftServerConfigKeys (ConfUtils.java:logGet(43)) - raft.server.log.statemachine.data.caching.enabled = true (custom)
2019-07-16 14:18:58,757 INFO  server.RaftServerConfigKeys (ConfUtils.java:logGet(43)) - raft.server.snapshot.auto.trigger.enabled = true (custom)
2019-07-16 14:18:58,757 INFO  server.RaftServerConfigKeys (ConfUtils.java:logGet(43)) - raft.server.snapshot.auto.trigger.threshold = 10000 (custom)
2019-07-16 14:18:58,758 INFO  server.RaftServerConfigKeys (ConfUtils.java:logGet(43)) - raft.server.retrycache.expirytime = 600000ms (custom)
2019-07-16 14:18:58,758 INFO  segmented.SegmentedRaftLogWorker (SegmentedRaftLogWorker.java:lambda$new$0(132)) - 41a75491-aacd-4dd0-a479-c7db72b1906a-SegmentedRaftLogWorker:Storage Directory /workdir/hadoop-ozone/integration-test/target/test-dir/MiniOzoneClusterImpl-cb088425-7f45-4d32-b7c7-566bcd4161d2/datanode-1/data/ratis/e8083c75-2cae-40d7-8bc0-27e3a1668701: flushIndex: setUnconditionally 0 -> -1
2019-07-16 14:18:58,758 INFO  impl.RaftServerImpl (RaftServerImpl.java:start(180)) - 565c8e87-23b4-4af4-b74a-93bf622f1a75: start group-27E3A1668701
2019-07-16 14:18:58,758 INFO  impl.RaftServerImpl (RaftServerImpl.java:setRole(171)) - 565c8e87-23b4-4af4-b74a-93bf622f1a75:group-27E3A1668701 changes role from null to FOLLOWER at term 0 for startAsFollower
2019-07-16 14:18:58,758 INFO  server.RaftServerConfigKeys (ConfUtils.java:logGet(43)) - raft.server.snapshot.auto.trigger.enabled = true (custom)
2019-07-16 14:18:58,758 INFO  impl.RoleInfo (RoleInfo.java:updateAndGet(143)) - 565c8e87-23b4-4af4-b74a-93bf622f1a75: start FollowerState
2019-07-16 14:18:58,758 INFO  server.RaftServerConfigKeys (ConfUtils.java:logGet(43)) - raft.server.snapshot.auto.trigger.threshold = 10000 (custom)
2019-07-16 14:18:58,759 INFO  server.RaftServerConfigKeys (ConfUtils.java:logGet(43)) - raft.server.retrycache.expirytime = 600000ms (custom)
2019-07-16 14:18:58,759 INFO  util.JmxRegister (JmxRegister.java:tryRegister(44)) - Successfully registered JMX Bean with object name Ratis:service=RaftServer,group=group-27E3A1668701,id=565c8e87-23b4-4af4-b74a-93bf622f1a75
2019-07-16 14:18:58,761 INFO  impl.RaftServerImpl (RaftServerImpl.java:start(180)) - 41a75491-aacd-4dd0-a479-c7db72b1906a: start group-27E3A1668701
2019-07-16 14:18:58,761 INFO  impl.RaftServerImpl (RaftServerImpl.java:setRole(171)) - 41a75491-aacd-4dd0-a479-c7db72b1906a:group-27E3A1668701 changes role from null to FOLLOWER at term 0 for startAsFollower
2019-07-16 14:18:58,761 INFO  impl.RoleInfo (RoleInfo.java:updateAndGet(143)) - 41a75491-aacd-4dd0-a479-c7db72b1906a: start FollowerState
2019-07-16 14:18:58,766 INFO  util.JmxRegister (JmxRegister.java:tryRegister(44)) - Successfully registered JMX Bean with object name Ratis:service=RaftServer,group=group-27E3A1668701,id=41a75491-aacd-4dd0-a479-c7db72b1906a
2019-07-16 14:18:58,782 INFO  pipeline.PipelineStateManager (PipelineStateManager.java:addPipeline(56)) - Created pipeline Pipeline[ Id: e8083c75-2cae-40d7-8bc0-27e3a1668701, Nodes: 41a75491-aacd-4dd0-a479-c7db72b1906a{ip: 192.168.157.241, host: trunk-nightly-gllmw-2332419065, networkLocation: /default-rack, certSerialId: null}565c8e87-23b4-4af4-b74a-93bf622f1a75{ip: 192.168.157.241, host: trunk-nightly-gllmw-2332419065, networkLocation: /default-rack, certSerialId: null}4c1df8d4-3768-4646-97ca-74441804a018{ip: 192.168.157.241, host: trunk-nightly-gllmw-2332419065, networkLocation: /default-rack, certSerialId: null}, Type:RATIS, Factor:THREE, State:OPEN]
2019-07-16 14:18:58,817 INFO  impl.RaftServerProxy (RaftServerProxy.java:addNew(89)) - ac0feed9-e302-4363-a7c4-23c8743a625e: addNew group-6B1D19F694A8:[5f1e710f-bd2f-4a4b-9aaf-0bc613871562:192.168.157.241:40087, 3ebb53ec-7397-4bac-b3b2-fbcfca4f3084:192.168.157.241:44500, ac0feed9-e302-4363-a7c4-23c8743a625e:192.168.157.241:32768] returns group-6B1D19F694A8:java.util.concurrent.CompletableFuture@6eaf36dc[Not completed]
2019-07-16 14:18:58,818 INFO  impl.RaftServerImpl (RaftServerImpl.java:<init>(93)) - ac0feed9-e302-4363-a7c4-23c8743a625e: new RaftServerImpl for group-6B1D19F694A8:[5f1e710f-bd2f-4a4b-9aaf-0bc613871562:192.168.157.241:40087, 3ebb53ec-7397-4bac-b3b2-fbcfca4f3084:192.168.157.241:44500, ac0feed9-e302-4363-a7c4-23c8743a625e:192.168.157.241:32768] with ContainerStateMachine:uninitialized
2019-07-16 14:18:58,819 INFO  server.RaftServerConfigKeys (ConfUtils.java:logGet(43)) - raft.server.rpc.timeout.min = 5s (custom)
2019-07-16 14:18:58,819 INFO  server.RaftServerConfigKeys (ConfUtils.java:logGet(43)) - raft.server.rpc.timeout.max = 5200ms (custom)
2019-07-16 14:18:58,821 INFO  server.RaftServerConfigKeys (ConfUtils.java:logGet(43)) - raft.server.rpcslowness.timeout = 120s (custom)
2019-07-16 14:18:58,822 INFO  server.RaftServerConfigKeys (ConfUtils.java:logGet(43)) - raft.server.sleep.deviation.threshold = 300 (default)
2019-07-16 14:18:58,822 INFO  server.RaftServerConfigKeys (ConfUtils.java:logGet(43)) - raft.server.log.appender.install.snapshot.enabled = false (custom)
2019-07-16 14:18:58,822 INFO  impl.RaftServerImpl (ServerState.java:<init>(105)) - ac0feed9-e302-4363-a7c4-23c8743a625e:group-6B1D19F694A8 ConfigurationManager, init=-1: [5f1e710f-bd2f-4a4b-9aaf-0bc613871562:192.168.157.241:40087, 3ebb53ec-7397-4bac-b3b2-fbcfca4f3084:192.168.157.241:44500, ac0feed9-e302-4363-a7c4-23c8743a625e:192.168.157.241:32768], old=null, confs=<EMPTY_MAP>
2019-07-16 14:18:58,822 INFO  server.RaftServerConfigKeys (ConfUtils.java:logGet(43)) - raft.server.storage.dir = [/workdir/hadoop-ozone/integration-test/target/test-dir/MiniOzoneClusterImpl-cb088425-7f45-4d32-b7c7-566bcd4161d2/datanode-2/data/ratis] (custom)
2019-07-16 14:18:58,822 INFO  impl.RaftServerProxy (RaftServerProxy.java:addNew(89)) - 3ebb53ec-7397-4bac-b3b2-fbcfca4f3084: addNew group-6B1D19F694A8:[5f1e710f-bd2f-4a4b-9aaf-0bc613871562:192.168.157.241:40087, 3ebb53ec-7397-4bac-b3b2-fbcfca4f3084:192.168.157.241:44500, ac0feed9-e302-4363-a7c4-23c8743a625e:192.168.157.241:32768] returns group-6B1D19F694A8:java.util.concurrent.CompletableFuture@454d7007[Not completed]
2019-07-16 14:18:58,822 INFO  storage.RaftStorageDirectory (RaftStorageDirectory.java:analyzeStorage(246)) - The storage directory /workdir/hadoop-ozone/integration-test/target/test-dir/MiniOzoneClusterImpl-cb088425-7f45-4d32-b7c7-566bcd4161d2/datanode-2/data/ratis/c763fdee-109f-4bd1-ab4f-6b1d19f694a8 does not exist. Creating ...
2019-07-16 14:18:58,822 INFO  impl.RaftServerProxy (RaftServerProxy.java:addNew(89)) - 5f1e710f-bd2f-4a4b-9aaf-0bc613871562: addNew group-6B1D19F694A8:[5f1e710f-bd2f-4a4b-9aaf-0bc613871562:192.168.157.241:40087, 3ebb53ec-7397-4bac-b3b2-fbcfca4f3084:192.168.157.241:44500, ac0feed9-e302-4363-a7c4-23c8743a625e:192.168.157.241:32768] returns group-6B1D19F694A8:java.util.concurrent.CompletableFuture@d8867fa[Not completed]
2019-07-16 14:18:58,823 INFO  impl.RaftServerImpl (RaftServerImpl.java:<init>(93)) - 5f1e710f-bd2f-4a4b-9aaf-0bc613871562: new RaftServerImpl for group-6B1D19F694A8:[5f1e710f-bd2f-4a4b-9aaf-0bc613871562:192.168.157.241:40087, 3ebb53ec-7397-4bac-b3b2-fbcfca4f3084:192.168.157.241:44500, ac0feed9-e302-4363-a7c4-23c8743a625e:192.168.157.241:32768] with ContainerStateMachine:uninitialized
2019-07-16 14:18:58,823 INFO  server.RaftServerConfigKeys (ConfUtils.java:logGet(43)) - raft.server.rpc.timeout.min = 5s (custom)
2019-07-16 14:18:58,824 INFO  server.RaftServerConfigKeys (ConfUtils.java:logGet(43)) - raft.server.rpc.timeout.max = 5200ms (custom)
2019-07-16 14:18:58,824 INFO  server.RaftServerConfigKeys (ConfUtils.java:logGet(43)) - raft.server.rpcslowness.timeout = 120s (custom)
2019-07-16 14:18:58,824 INFO  server.RaftServerConfigKeys (ConfUtils.java:logGet(43)) - raft.server.sleep.deviation.threshold = 300 (default)
2019-07-16 14:18:58,824 INFO  server.RaftServerConfigKeys (ConfUtils.java:logGet(43)) - raft.server.log.appender.install.snapshot.enabled = false (custom)
2019-07-16 14:18:58,824 INFO  impl.RaftServerImpl (ServerState.java:<init>(105)) - 5f1e710f-bd2f-4a4b-9aaf-0bc613871562:group-6B1D19F694A8 ConfigurationManager, init=-1: [5f1e710f-bd2f-4a4b-9aaf-0bc613871562:192.168.157.241:40087, 3ebb53ec-7397-4bac-b3b2-fbcfca4f3084:192.168.157.241:44500, ac0feed9-e302-4363-a7c4-23c8743a625e:192.168.157.241:32768], old=null, confs=<EMPTY_MAP>
2019-07-16 14:18:58,824 INFO  server.RaftServerConfigKeys (ConfUtils.java:logGet(43)) - raft.server.storage.dir = [/workdir/hadoop-ozone/integration-test/target/test-dir/MiniOzoneClusterImpl-cb088425-7f45-4d32-b7c7-566bcd4161d2/datanode-4/data/ratis] (custom)
2019-07-16 14:18:58,824 INFO  impl.RaftServerImpl (RaftServerImpl.java:<init>(93)) - 3ebb53ec-7397-4bac-b3b2-fbcfca4f3084: new RaftServerImpl for group-6B1D19F694A8:[5f1e710f-bd2f-4a4b-9aaf-0bc613871562:192.168.157.241:40087, 3ebb53ec-7397-4bac-b3b2-fbcfca4f3084:192.168.157.241:44500, ac0feed9-e302-4363-a7c4-23c8743a625e:192.168.157.241:32768] with ContainerStateMachine:uninitialized
2019-07-16 14:18:58,824 INFO  storage.RaftStorageDirectory (RaftStorageDirectory.java:analyzeStorage(246)) - The storage directory /workdir/hadoop-ozone/integration-test/target/test-dir/MiniOzoneClusterImpl-cb088425-7f45-4d32-b7c7-566bcd4161d2/datanode-4/data/ratis/c763fdee-109f-4bd1-ab4f-6b1d19f694a8 does not exist. Creating ...
2019-07-16 14:18:58,825 INFO  server.RaftServerConfigKeys (ConfUtils.java:logGet(43)) - raft.server.rpc.timeout.min = 5s (custom)
2019-07-16 14:18:58,825 INFO  server.RaftServerConfigKeys (ConfUtils.java:logGet(43)) - raft.server.rpc.timeout.max = 5200ms (custom)
2019-07-16 14:18:58,825 INFO  server.RaftServerConfigKeys (ConfUtils.java:logGet(43)) - raft.server.rpcslowness.timeout = 120s (custom)
2019-07-16 14:18:58,825 INFO  server.RaftServerConfigKeys (ConfUtils.java:logGet(43)) - raft.server.sleep.deviation.threshold = 300 (default)
2019-07-16 14:18:58,825 INFO  server.RaftServerConfigKeys (ConfUtils.java:logGet(43)) - raft.server.log.appender.install.snapshot.enabled = false (custom)
2019-07-16 14:18:58,826 INFO  impl.RaftServerImpl (ServerState.java:<init>(105)) - 3ebb53ec-7397-4bac-b3b2-fbcfca4f3084:group-6B1D19F694A8 ConfigurationManager, init=-1: [5f1e710f-bd2f-4a4b-9aaf-0bc613871562:192.168.157.241:40087, 3ebb53ec-7397-4bac-b3b2-fbcfca4f3084:192.168.157.241:44500, ac0feed9-e302-4363-a7c4-23c8743a625e:192.168.157.241:32768], old=null, confs=<EMPTY_MAP>
2019-07-16 14:18:58,826 INFO  server.RaftServerConfigKeys (ConfUtils.java:logGet(43)) - raft.server.storage.dir = [/workdir/hadoop-ozone/integration-test/target/test-dir/MiniOzoneClusterImpl-cb088425-7f45-4d32-b7c7-566bcd4161d2/datanode-0/data/ratis] (custom)
2019-07-16 14:18:58,826 INFO  storage.RaftStorageDirectory (RaftStorageDirectory.java:analyzeStorage(246)) - The storage directory /workdir/hadoop-ozone/integration-test/target/test-dir/MiniOzoneClusterImpl-cb088425-7f45-4d32-b7c7-566bcd4161d2/datanode-0/data/ratis/c763fdee-109f-4bd1-ab4f-6b1d19f694a8 does not exist. Creating ...
2019-07-16 14:18:58,836 INFO  storage.RaftStorageDirectory (RaftStorageDirectory.java:tryLock(328)) - Lock on /workdir/hadoop-ozone/integration-test/target/test-dir/MiniOzoneClusterImpl-cb088425-7f45-4d32-b7c7-566bcd4161d2/datanode-2/data/ratis/c763fdee-109f-4bd1-ab4f-6b1d19f694a8/in_use.lock acquired by nodename 23803@trunk-nightly-gllmw-2332419065
2019-07-16 14:18:58,836 INFO  storage.RaftStorageDirectory (RaftStorageDirectory.java:tryLock(328)) - Lock on /workdir/hadoop-ozone/integration-test/target/test-dir/MiniOzoneClusterImpl-cb088425-7f45-4d32-b7c7-566bcd4161d2/datanode-0/data/ratis/c763fdee-109f-4bd1-ab4f-6b1d19f694a8/in_use.lock acquired by nodename 23803@trunk-nightly-gllmw-2332419065
2019-07-16 14:18:58,836 INFO  storage.RaftStorageDirectory (RaftStorageDirectory.java:tryLock(328)) - Lock on /workdir/hadoop-ozone/integration-test/target/test-dir/MiniOzoneClusterImpl-cb088425-7f45-4d32-b7c7-566bcd4161d2/datanode-4/data/ratis/c763fdee-109f-4bd1-ab4f-6b1d19f694a8/in_use.lock acquired by nodename 23803@trunk-nightly-gllmw-2332419065
2019-07-16 14:18:58,850 INFO  storage.RaftStorage (RaftStorage.java:format(72)) - Storage directory /workdir/hadoop-ozone/integration-test/target/test-dir/MiniOzoneClusterImpl-cb088425-7f45-4d32-b7c7-566bcd4161d2/datanode-2/data/ratis/c763fdee-109f-4bd1-ab4f-6b1d19f694a8 has been successfully formatted.
2019-07-16 14:18:58,850 INFO  storage.RaftStorage (RaftStorage.java:format(72)) - Storage directory /workdir/hadoop-ozone/integration-test/target/test-dir/MiniOzoneClusterImpl-cb088425-7f45-4d32-b7c7-566bcd4161d2/datanode-0/data/ratis/c763fdee-109f-4bd1-ab4f-6b1d19f694a8 has been successfully formatted.
2019-07-16 14:18:58,850 INFO  ratis.ContainerStateMachine (ContainerStateMachine.java:loadSnapshot(200)) - group-6B1D19F694A8: The snapshot info is null. Setting the last applied indexto:(t:0, i:~)
2019-07-16 14:18:58,850 INFO  storage.RaftStorage (RaftStorage.java:format(72)) - Storage directory /workdir/hadoop-ozone/integration-test/target/test-dir/MiniOzoneClusterImpl-cb088425-7f45-4d32-b7c7-566bcd4161d2/datanode-4/data/ratis/c763fdee-109f-4bd1-ab4f-6b1d19f694a8 has been successfully formatted.
2019-07-16 14:18:58,850 INFO  ratis.ContainerStateMachine (ContainerStateMachine.java:loadSnapshot(200)) - group-6B1D19F694A8: The snapshot info is null. Setting the last applied indexto:(t:0, i:~)
2019-07-16 14:18:58,850 INFO  server.RaftServerConfigKeys (ConfUtils.java:logGet(43)) - raft.server.leader.election.timeout = 120s (custom)
2019-07-16 14:18:58,851 INFO  server.RaftServerConfigKeys (ConfUtils.java:logGet(43)) - raft.server.leader.election.timeout = 120s (custom)
2019-07-16 14:18:58,851 INFO  ratis.ContainerStateMachine (ContainerStateMachine.java:loadSnapshot(200)) - group-6B1D19F694A8: The snapshot info is null. Setting the last applied indexto:(t:0, i:~)
2019-07-16 14:18:58,851 INFO  server.RaftServerConfigKeys (ConfUtils.java:logGet(43)) - raft.server.log.use.memory = false (default)
2019-07-16 14:18:58,851 INFO  server.RaftServerConfigKeys (ConfUtils.java:logGet(43)) - raft.server.log.use.memory = false (default)
2019-07-16 14:18:58,851 INFO  server.RaftServerConfigKeys (ConfUtils.java:logGet(43)) - raft.server.log.purge.gap = 1000000000 (custom)
2019-07-16 14:18:58,851 INFO  server.RaftServerConfigKeys (ConfUtils.java:logGet(43)) - raft.server.leader.election.timeout = 120s (custom)
2019-07-16 14:18:58,851 INFO  server.RaftServerConfigKeys (ConfUtils.java:logGet(43)) - raft.server.log.appender.buffer.byte-limit = 33554432 (custom)
2019-07-16 14:18:58,851 INFO  server.RaftServerConfigKeys (ConfUtils.java:logGet(43)) - raft.server.log.purge.gap = 1000000000 (custom)
2019-07-16 14:18:58,852 INFO  server.RaftServerConfigKeys (ConfUtils.java:logGet(43)) - raft.server.log.segment.size.max = 1048576 (custom)
2019-07-16 14:18:58,852 INFO  server.RaftServerConfigKeys (ConfUtils.java:logGet(43)) - raft.server.log.appender.buffer.byte-limit = 33554432 (custom)
2019-07-16 14:18:58,851 INFO  server.RaftServerConfigKeys (ConfUtils.java:logGet(43)) - raft.server.log.use.memory = false (default)
2019-07-16 14:18:58,852 INFO  server.RaftServerConfigKeys (ConfUtils.java:logGet(43)) - raft.server.log.segment.size.max = 1048576 (custom)
2019-07-16 14:18:58,852 INFO  server.RaftServerConfigKeys (ConfUtils.java:logGet(43)) - raft.server.log.segment.cache.num.max = 2 (custom)
2019-07-16 14:18:58,852 INFO  server.RaftServerConfigKeys (ConfUtils.java:logGet(43)) - raft.server.log.segment.cache.num.max = 2 (custom)
2019-07-16 14:18:58,852 INFO  server.RaftServerConfigKeys (ConfUtils.java:logGet(43)) - raft.server.log.purge.gap = 1000000000 (custom)
2019-07-16 14:18:58,852 INFO  segmented.SegmentedRaftLogWorker (SegmentedRaftLogWorker.java:<init>(172)) - new ac0feed9-e302-4363-a7c4-23c8743a625e-SegmentedRaftLogWorker:Storage Directory /workdir/hadoop-ozone/integration-test/target/test-dir/MiniOzoneClusterImpl-cb088425-7f45-4d32-b7c7-566bcd4161d2/datanode-2/data/ratis/c763fdee-109f-4bd1-ab4f-6b1d19f694a8 for RaftStorage:Storage Directory /workdir/hadoop-ozone/integration-test/target/test-dir/MiniOzoneClusterImpl-cb088425-7f45-4d32-b7c7-566bcd4161d2/datanode-2/data/ratis/c763fdee-109f-4bd1-ab4f-6b1d19f694a8
2019-07-16 14:18:58,852 INFO  segmented.SegmentedRaftLogWorker (SegmentedRaftLogWorker.java:<init>(172)) - new 3ebb53ec-7397-4bac-b3b2-fbcfca4f3084-SegmentedRaftLogWorker:Storage Directory /workdir/hadoop-ozone/integration-test/target/test-dir/MiniOzoneClusterImpl-cb088425-7f45-4d32-b7c7-566bcd4161d2/datanode-0/data/ratis/c763fdee-109f-4bd1-ab4f-6b1d19f694a8 for RaftStorage:Storage Directory /workdir/hadoop-ozone/integration-test/target/test-dir/MiniOzoneClusterImpl-cb088425-7f45-4d32-b7c7-566bcd4161d2/datanode-0/data/ratis/c763fdee-109f-4bd1-ab4f-6b1d19f694a8
2019-07-16 14:18:58,853 INFO  server.RaftServerConfigKeys (ConfUtils.java:logGet(43)) - raft.server.log.queue.byte-limit = 2147483647 (custom)
2019-07-16 14:18:58,853 INFO  server.RaftServerConfigKeys (ConfUtils.java:logGet(43)) - raft.server.log.appender.buffer.byte-limit = 33554432 (custom)
2019-07-16 14:18:58,855 INFO  server.RaftServerConfigKeys (ConfUtils.java:logGet(43)) - raft.server.log.queue.element-limit = 1024 (custom)
2019-07-16 14:18:58,853 INFO  server.RaftServerConfigKeys (ConfUtils.java:logGet(43)) - raft.server.log.queue.byte-limit = 2147483647 (custom)
2019-07-16 14:18:58,857 INFO  server.RaftServerConfigKeys (ConfUtils.java:logGet(43)) - raft.server.log.segment.size.max = 1048576 (custom)
2019-07-16 14:18:58,857 INFO  server.RaftServerConfigKeys (ConfUtils.java:logGet(43)) - raft.server.log.segment.size.max = 1048576 (custom)
2019-07-16 14:18:58,857 INFO  server.RaftServerConfigKeys (ConfUtils.java:logGet(43)) - raft.server.log.preallocated.size = 16384 (custom)
2019-07-16 14:18:58,857 INFO  server.RaftServerConfigKeys (ConfUtils.java:logGet(43)) - raft.server.log.write.buffer.size = 33554432 (custom)
2019-07-16 14:18:58,857 INFO  server.RaftServerConfigKeys (ConfUtils.java:logGet(43)) - raft.server.log.queue.element-limit = 1024 (custom)
2019-07-16 14:18:58,858 INFO  server.RaftServerConfigKeys (ConfUtils.java:logGet(43)) - raft.server.log.force.sync.num = 128 (default)
2019-07-16 14:18:58,858 INFO  server.RaftServerConfigKeys (ConfUtils.java:logGet(43)) - raft.server.log.segment.size.max = 1048576 (custom)
2019-07-16 14:18:58,857 INFO  server.RaftServerConfigKeys (ConfUtils.java:logGet(43)) - raft.server.log.segment.cache.num.max = 2 (custom)
2019-07-16 14:18:58,858 INFO  server.RaftServerConfigKeys (ConfUtils.java:logGet(43)) - raft.server.log.preallocated.size = 16384 (custom)
2019-07-16 14:18:58,858 INFO  server.RaftServerConfigKeys (ConfUtils.java:logGet(43)) - raft.server.log.statemachine.data.sync = true (default)
2019-07-16 14:18:58,858 INFO  server.RaftServerConfigKeys (ConfUtils.java:logGet(43)) - raft.server.log.write.buffer.size = 33554432 (custom)
2019-07-16 14:18:58,858 INFO  segmented.SegmentedRaftLogWorker (SegmentedRaftLogWorker.java:<init>(172)) - new 5f1e710f-bd2f-4a4b-9aaf-0bc613871562-SegmentedRaftLogWorker:Storage Directory /workdir/hadoop-ozone/integration-test/target/test-dir/MiniOzoneClusterImpl-cb088425-7f45-4d32-b7c7-566bcd4161d2/datanode-4/data/ratis/c763fdee-109f-4bd1-ab4f-6b1d19f694a8 for RaftStorage:Storage Directory /workdir/hadoop-ozone/integration-test/target/test-dir/MiniOzoneClusterImpl-cb088425-7f45-4d32-b7c7-566bcd4161d2/datanode-4/data/ratis/c763fdee-109f-4bd1-ab4f-6b1d19f694a8
2019-07-16 14:18:58,859 INFO  server.RaftServerConfigKeys (ConfUtils.java:logGet(43)) - raft.server.log.force.sync.num = 128 (default)
2019-07-16 14:18:58,858 INFO  server.RaftServerConfigKeys (ConfUtils.java:logGet(43)) - raft.server.log.statemachine.data.sync.timeout = 10s (default)
2019-07-16 14:18:58,859 INFO  server.RaftServerConfigKeys (ConfUtils.java:logGet(43)) - raft.server.log.statemachine.data.sync = true (default)
2019-07-16 14:18:58,859 INFO  server.RaftServerConfigKeys (ConfUtils.java:logGet(43)) - raft.server.log.queue.byte-limit = 2147483647 (custom)
2019-07-16 14:18:58,861 INFO  server.RaftServerConfigKeys (ConfUtils.java:logGet(43)) - raft.server.log.statemachine.data.sync.timeout = 10s (default)
2019-07-16 14:18:58,861 INFO  server.RaftServerConfigKeys (ConfUtils.java:logGet(43)) - raft.server.log.statemachine.data.sync.timeout.retry = -1 (default)
2019-07-16 14:18:58,861 INFO  server.RaftServerConfigKeys (ConfUtils.java:logGet(43)) - raft.server.log.statemachine.data.sync.timeout.retry = -1 (default)
2019-07-16 14:18:58,861 INFO  server.RaftServerConfigKeys (ConfUtils.java:logGet(43)) - raft.server.log.queue.element-limit = 1024 (custom)
2019-07-16 14:18:58,861 INFO  server.RaftServerConfigKeys (ConfUtils.java:logGet(43)) - raft.server.log.statemachine.data.caching.enabled = true (custom)
2019-07-16 14:18:58,861 INFO  server.RaftServerConfigKeys (ConfUtils.java:logGet(43)) - raft.server.log.segment.size.max = 1048576 (custom)
2019-07-16 14:18:58,861 INFO  server.RaftServerConfigKeys (ConfUtils.java:logGet(43)) - raft.server.log.statemachine.data.caching.enabled = true (custom)
2019-07-16 14:18:58,862 INFO  segmented.SegmentedRaftLogWorker (SegmentedRaftLogWorker.java:lambda$new$0(132)) - ac0feed9-e302-4363-a7c4-23c8743a625e-SegmentedRaftLogWorker:Storage Directory /workdir/hadoop-ozone/integration-test/target/test-dir/MiniOzoneClusterImpl-cb088425-7f45-4d32-b7c7-566bcd4161d2/datanode-2/data/ratis/c763fdee-109f-4bd1-ab4f-6b1d19f694a8: flushIndex: setUnconditionally 0 -> -1
2019-07-16 14:18:58,862 INFO  server.RaftServerConfigKeys (ConfUtils.java:logGet(43)) - raft.server.log.preallocated.size = 16384 (custom)
2019-07-16 14:18:58,862 INFO  segmented.SegmentedRaftLogWorker (SegmentedRaftLogWorker.java:lambda$new$0(132)) - 3ebb53ec-7397-4bac-b3b2-fbcfca4f3084-SegmentedRaftLogWorker:Storage Directory /workdir/hadoop-ozone/integration-test/target/test-dir/MiniOzoneClusterImpl-cb088425-7f45-4d32-b7c7-566bcd4161d2/datanode-0/data/ratis/c763fdee-109f-4bd1-ab4f-6b1d19f694a8: flushIndex: setUnconditionally 0 -> -1
2019-07-16 14:18:58,862 INFO  server.RaftServerConfigKeys (ConfUtils.java:logGet(43)) - raft.server.snapshot.auto.trigger.enabled = true (custom)
2019-07-16 14:18:58,862 INFO  server.RaftServerConfigKeys (ConfUtils.java:logGet(43)) - raft.server.log.write.buffer.size = 33554432 (custom)
2019-07-16 14:18:58,862 INFO  server.RaftServerConfigKeys (ConfUtils.java:logGet(43)) - raft.server.snapshot.auto.trigger.threshold = 10000 (custom)
2019-07-16 14:18:58,862 INFO  server.RaftServerConfigKeys (ConfUtils.java:logGet(43)) - raft.server.log.force.sync.num = 128 (default)
2019-07-16 14:18:58,862 INFO  server.RaftServerConfigKeys (ConfUtils.java:logGet(43)) - raft.server.snapshot.auto.trigger.enabled = true (custom)
2019-07-16 14:18:58,863 INFO  server.RaftServerConfigKeys (ConfUtils.java:logGet(43)) - raft.server.log.statemachine.data.sync = true (default)
2019-07-16 14:18:58,863 INFO  server.RaftServerConfigKeys (ConfUtils.java:logGet(43)) - raft.server.retrycache.expirytime = 600000ms (custom)
2019-07-16 14:18:58,863 INFO  server.RaftServerConfigKeys (ConfUtils.java:logGet(43)) - raft.server.log.statemachine.data.sync.timeout = 10s (default)
2019-07-16 14:18:58,863 INFO  impl.RaftServerImpl (RaftServerImpl.java:start(180)) - ac0feed9-e302-4363-a7c4-23c8743a625e: start group-6B1D19F694A8
2019-07-16 14:18:58,863 INFO  server.RaftServerConfigKeys (ConfUtils.java:logGet(43)) - raft.server.snapshot.auto.trigger.threshold = 10000 (custom)
2019-07-16 14:18:58,863 INFO  impl.RaftServerImpl (RaftServerImpl.java:setRole(171)) - ac0feed9-e302-4363-a7c4-23c8743a625e:group-6B1D19F694A8 changes role from null to FOLLOWER at term 0 for startAsFollower
2019-07-16 14:18:58,863 INFO  server.RaftServerConfigKeys (ConfUtils.java:logGet(43)) - raft.server.log.statemachine.data.sync.timeout.retry = -1 (default)
2019-07-16 14:18:58,864 INFO  impl.RoleInfo (RoleInfo.java:updateAndGet(143)) - ac0feed9-e302-4363-a7c4-23c8743a625e: start FollowerState
2019-07-16 14:18:58,864 INFO  server.RaftServerConfigKeys (ConfUtils.java:logGet(43)) - raft.server.retrycache.expirytime = 600000ms (custom)
2019-07-16 14:18:58,864 INFO  server.RaftServerConfigKeys (ConfUtils.java:logGet(43)) - raft.server.log.statemachine.data.caching.enabled = true (custom)
2019-07-16 14:18:58,864 INFO  impl.RaftServerImpl (RaftServerImpl.java:start(180)) - 3ebb53ec-7397-4bac-b3b2-fbcfca4f3084: start group-6B1D19F694A8
2019-07-16 14:18:58,864 INFO  util.JmxRegister (JmxRegister.java:tryRegister(44)) - Successfully registered JMX Bean with object name Ratis:service=RaftServer,group=group-6B1D19F694A8,id=ac0feed9-e302-4363-a7c4-23c8743a625e
2019-07-16 14:18:58,864 INFO  segmented.SegmentedRaftLogWorker (SegmentedRaftLogWorker.java:lambda$new$0(132)) - 5f1e710f-bd2f-4a4b-9aaf-0bc613871562-SegmentedRaftLogWorker:Storage Directory /workdir/hadoop-ozone/integration-test/target/test-dir/MiniOzoneClusterImpl-cb088425-7f45-4d32-b7c7-566bcd4161d2/datanode-4/data/ratis/c763fdee-109f-4bd1-ab4f-6b1d19f694a8: flushIndex: setUnconditionally 0 -> -1
2019-07-16 14:18:58,864 INFO  impl.RaftServerImpl (RaftServerImpl.java:setRole(171)) - 3ebb53ec-7397-4bac-b3b2-fbcfca4f3084:group-6B1D19F694A8 changes role from null to FOLLOWER at term 0 for startAsFollower
2019-07-16 14:18:58,865 INFO  server.RaftServerConfigKeys (ConfUtils.java:logGet(43)) - raft.server.snapshot.auto.trigger.enabled = true (custom)
2019-07-16 14:18:58,865 INFO  impl.RoleInfo (RoleInfo.java:updateAndGet(143)) - 3ebb53ec-7397-4bac-b3b2-fbcfca4f3084: start FollowerState
2019-07-16 14:18:58,865 INFO  server.RaftServerConfigKeys (ConfUtils.java:logGet(43)) - raft.server.snapshot.auto.trigger.threshold = 10000 (custom)
2019-07-16 14:18:58,865 INFO  server.RaftServerConfigKeys (ConfUtils.java:logGet(43)) - raft.server.retrycache.expirytime = 600000ms (custom)
2019-07-16 14:18:58,865 INFO  impl.RaftServerImpl (RaftServerImpl.java:start(180)) - 5f1e710f-bd2f-4a4b-9aaf-0bc613871562: start group-6B1D19F694A8
2019-07-16 14:18:58,865 INFO  util.JmxRegister (JmxRegister.java:tryRegister(44)) - Successfully registered JMX Bean with object name Ratis:service=RaftServer,group=group-6B1D19F694A8,id=3ebb53ec-7397-4bac-b3b2-fbcfca4f3084
2019-07-16 14:18:58,865 INFO  impl.RaftServerImpl (RaftServerImpl.java:setRole(171)) - 5f1e710f-bd2f-4a4b-9aaf-0bc613871562:group-6B1D19F694A8 changes role from null to FOLLOWER at term 0 for startAsFollower
2019-07-16 14:18:58,866 INFO  impl.RoleInfo (RoleInfo.java:updateAndGet(143)) - 5f1e710f-bd2f-4a4b-9aaf-0bc613871562: start FollowerState
2019-07-16 14:18:58,866 INFO  util.JmxRegister (JmxRegister.java:tryRegister(44)) - Successfully registered JMX Bean with object name Ratis:service=RaftServer,group=group-6B1D19F694A8,id=5f1e710f-bd2f-4a4b-9aaf-0bc613871562
2019-07-16 14:18:58,887 INFO  pipeline.PipelineStateManager (PipelineStateManager.java:addPipeline(56)) - Created pipeline Pipeline[ Id: c763fdee-109f-4bd1-ab4f-6b1d19f694a8, Nodes: 5f1e710f-bd2f-4a4b-9aaf-0bc613871562{ip: 192.168.157.241, host: trunk-nightly-gllmw-2332419065, networkLocation: /default-rack, certSerialId: null}3ebb53ec-7397-4bac-b3b2-fbcfca4f3084{ip: 192.168.157.241, host: trunk-nightly-gllmw-2332419065, networkLocation: /default-rack, certSerialId: null}ac0feed9-e302-4363-a7c4-23c8743a625e{ip: 192.168.157.241, host: trunk-nightly-gllmw-2332419065, networkLocation: /default-rack, certSerialId: null}, Type:RATIS, Factor:THREE, State:OPEN]
2019-07-16 14:18:59,245 INFO  ozone.MiniOzoneClusterImpl (MiniOzoneClusterImpl.java:lambda$waitForClusterToBeReady$0(142)) - Cluster is ready. Got 7 of 7 DN Heartbeats.
2019-07-16 14:18:59,595 INFO  rpc.RpcClient (RpcClient.java:createVolume(287)) - Creating Volume: testblockoutputstream, with jenkins1000 as owner.
2019-07-16 14:18:59,641 INFO  rpc.RpcClient (RpcClient.java:createBucket(424)) - Creating Bucket: testblockoutputstream/testblockoutputstream, with Versioning false and Storage Type set to DISK and Encryption set to false 
2019-07-16 14:18:59,893 INFO  client.GrpcClientProtocolClient (GrpcClientProtocolClient.java:onNext(255)) - client-7C6737A1C25D->5f1e710f-bd2f-4a4b-9aaf-0bc613871562: receive RaftClientReply:client-7C6737A1C25D->5f1e710f-bd2f-4a4b-9aaf-0bc613871562@group-6B1D19F694A8, cid=13, FAILED org.apache.ratis.protocol.NotLeaderException: Server 5f1e710f-bd2f-4a4b-9aaf-0bc613871562 is not the leader (null). Request must be sent to leader., logIndex=0, commits[5f1e710f-bd2f-4a4b-9aaf-0bc613871562:c-1]
2019-07-16 14:18:59,957 INFO  container.ReplicationManager (ReplicationManager.java:start(155)) - Starting Replication Monitor Thread.
2019-07-16 14:18:59,962 INFO  container.ReplicationManager (ReplicationManager.java:run(207)) - Replication Monitor Thread took 4 milliseconds for processing 1 containers.
2019-07-16 14:19:00,937 INFO  client.GrpcClientProtocolClient (GrpcClientProtocolClient.java:onNext(255)) - client-7C6737A1C25D->3ebb53ec-7397-4bac-b3b2-fbcfca4f3084: receive RaftClientReply:client-7C6737A1C25D->3ebb53ec-7397-4bac-b3b2-fbcfca4f3084@group-6B1D19F694A8, cid=13, FAILED org.apache.ratis.protocol.NotLeaderException: Server 3ebb53ec-7397-4bac-b3b2-fbcfca4f3084 is not the leader (null). Request must be sent to leader., logIndex=0, commits[3ebb53ec-7397-4bac-b3b2-fbcfca4f3084:c-1]
2019-07-16 14:19:01,969 INFO  client.GrpcClientProtocolClient (GrpcClientProtocolClient.java:onNext(255)) - client-7C6737A1C25D->ac0feed9-e302-4363-a7c4-23c8743a625e: receive RaftClientReply:client-7C6737A1C25D->ac0feed9-e302-4363-a7c4-23c8743a625e@group-6B1D19F694A8, cid=13, FAILED org.apache.ratis.protocol.NotLeaderException: Server ac0feed9-e302-4363-a7c4-23c8743a625e is not the leader (null). Request must be sent to leader., logIndex=0, commits[ac0feed9-e302-4363-a7c4-23c8743a625e:c-1]
2019-07-16 14:19:02,994 INFO  client.GrpcClientProtocolClient (GrpcClientProtocolClient.java:onNext(255)) - client-7C6737A1C25D->3ebb53ec-7397-4bac-b3b2-fbcfca4f3084: receive RaftClientReply:client-7C6737A1C25D->3ebb53ec-7397-4bac-b3b2-fbcfca4f3084@group-6B1D19F694A8, cid=13, FAILED org.apache.ratis.protocol.NotLeaderException: Server 3ebb53ec-7397-4bac-b3b2-fbcfca4f3084 is not the leader (null). Request must be sent to leader., logIndex=0, commits[3ebb53ec-7397-4bac-b3b2-fbcfca4f3084:c-1]
2019-07-16 14:19:03,143 INFO  impl.FollowerState (FollowerState.java:run(106)) - 3ebb53ec-7397-4bac-b3b2-fbcfca4f3084:group-A92B5205603F changes to CANDIDATE, lastRpcTime:5090, electionTimeout:5089ms
2019-07-16 14:19:03,143 INFO  impl.RoleInfo (RoleInfo.java:shutdownFollowerState(121)) - 3ebb53ec-7397-4bac-b3b2-fbcfca4f3084: shutdown FollowerState
2019-07-16 14:19:03,144 INFO  impl.RaftServerImpl (RaftServerImpl.java:setRole(171)) - 3ebb53ec-7397-4bac-b3b2-fbcfca4f3084:group-A92B5205603F changes role from FOLLOWER to CANDIDATE at term 0 for changeToCandidate
2019-07-16 14:19:03,151 INFO  impl.RoleInfo (RoleInfo.java:updateAndGet(143)) - 3ebb53ec-7397-4bac-b3b2-fbcfca4f3084: start LeaderElection
2019-07-16 14:19:03,174 INFO  impl.LeaderElection (LeaderElection.java:askForVotes(181)) - 3ebb53ec-7397-4bac-b3b2-fbcfca4f3084:group-A92B5205603F:LeaderElection1: begin an election at term 1 for -1: [3ebb53ec-7397-4bac-b3b2-fbcfca4f3084:192.168.157.241:44500], old=null
2019-07-16 14:19:03,176 INFO  impl.RoleInfo (RoleInfo.java:shutdownLeaderElection(134)) - 3ebb53ec-7397-4bac-b3b2-fbcfca4f3084: shutdown LeaderElection
2019-07-16 14:19:03,176 INFO  impl.RaftServerImpl (RaftServerImpl.java:setRole(171)) - 3ebb53ec-7397-4bac-b3b2-fbcfca4f3084:group-A92B5205603F changes role from CANDIDATE to LEADER at term 1 for changeToLeader
2019-07-16 14:19:03,177 INFO  impl.RaftServerImpl (ServerState.java:setLeader(263)) - 3ebb53ec-7397-4bac-b3b2-fbcfca4f3084:group-A92B5205603F change Leader from null to 3ebb53ec-7397-4bac-b3b2-fbcfca4f3084 at term 1 for becomeLeader, leader elected after 5196ms
2019-07-16 14:19:03,186 INFO  server.RaftServerConfigKeys (ConfUtils.java:logGet(43)) - raft.server.staging.catchup.gap = 1000 (default)
2019-07-16 14:19:03,187 INFO  server.RaftServerConfigKeys (ConfUtils.java:logGet(43)) - raft.server.rpc.sleep.time = 25ms (default)
2019-07-16 14:19:03,190 INFO  server.RaftServerConfigKeys (ConfUtils.java:logGet(43)) - raft.server.write.element-limit = 4096 (default)
2019-07-16 14:19:03,195 INFO  server.RaftServerConfigKeys (ConfUtils.java:logGet(43)) - raft.server.watch.timeout = 10s (default)
2019-07-16 14:19:03,196 INFO  server.RaftServerConfigKeys (ConfUtils.java:logGet(43)) - raft.server.watch.timeout.denomination = 1s (default)
2019-07-16 14:19:03,203 INFO  server.RaftServerConfigKeys (ConfUtils.java:logGet(43)) - raft.server.watch.element-limit = 65536 (default)
2019-07-16 14:19:03,221 INFO  impl.RoleInfo (RoleInfo.java:updateAndGet(143)) - 3ebb53ec-7397-4bac-b3b2-fbcfca4f3084: start LeaderState
2019-07-16 14:19:03,262 INFO  segmented.SegmentedRaftLogWorker (SegmentedRaftLogWorker.java:startLogSegment(380)) - 3ebb53ec-7397-4bac-b3b2-fbcfca4f3084-SegmentedRaftLogWorker:Storage Directory /workdir/hadoop-ozone/integration-test/target/test-dir/MiniOzoneClusterImpl-cb088425-7f45-4d32-b7c7-566bcd4161d2/datanode-0/data/ratis/103f506b-722a-4f84-a918-a92b5205603f: Starting segment from index:0
2019-07-16 14:19:03,276 INFO  impl.RaftServerImpl (ServerState.java:setRaftConf(361)) - 3ebb53ec-7397-4bac-b3b2-fbcfca4f3084:group-A92B5205603F set configuration 0: [3ebb53ec-7397-4bac-b3b2-fbcfca4f3084:192.168.157.241:44500], old=null at 0
2019-07-16 14:19:03,349 INFO  impl.FollowerState (FollowerState.java:run(106)) - 41a75491-aacd-4dd0-a479-c7db72b1906a:group-1314452105FB changes to CANDIDATE, lastRpcTime:5089, electionTimeout:5088ms
2019-07-16 14:19:03,352 INFO  impl.RoleInfo (RoleInfo.java:shutdownFollowerState(121)) - 41a75491-aacd-4dd0-a479-c7db72b1906a: shutdown FollowerState
2019-07-16 14:19:03,352 INFO  impl.RaftServerImpl (RaftServerImpl.java:setRole(171)) - 41a75491-aacd-4dd0-a479-c7db72b1906a:group-1314452105FB changes role from FOLLOWER to CANDIDATE at term 0 for changeToCandidate
2019-07-16 14:19:03,352 INFO  impl.RoleInfo (RoleInfo.java:updateAndGet(143)) - 41a75491-aacd-4dd0-a479-c7db72b1906a: start LeaderElection
2019-07-16 14:19:03,370 INFO  impl.LeaderElection (LeaderElection.java:askForVotes(181)) - 41a75491-aacd-4dd0-a479-c7db72b1906a:group-1314452105FB:LeaderElection2: begin an election at term 1 for -1: [41a75491-aacd-4dd0-a479-c7db72b1906a:192.168.157.241:40327], old=null
2019-07-16 14:19:03,371 INFO  impl.RoleInfo (RoleInfo.java:shutdownLeaderElection(134)) - 41a75491-aacd-4dd0-a479-c7db72b1906a: shutdown LeaderElection
2019-07-16 14:19:03,371 INFO  impl.RaftServerImpl (RaftServerImpl.java:setRole(171)) - 41a75491-aacd-4dd0-a479-c7db72b1906a:group-1314452105FB changes role from CANDIDATE to LEADER at term 1 for changeToLeader
2019-07-16 14:19:03,371 INFO  impl.RaftServerImpl (ServerState.java:setLeader(263)) - 41a75491-aacd-4dd0-a479-c7db72b1906a:group-1314452105FB change Leader from null to 41a75491-aacd-4dd0-a479-c7db72b1906a at term 1 for becomeLeader, leader elected after 5118ms
2019-07-16 14:19:03,373 INFO  server.RaftServerConfigKeys (ConfUtils.java:logGet(43)) - raft.server.staging.catchup.gap = 1000 (default)
2019-07-16 14:19:03,373 INFO  server.RaftServerConfigKeys (ConfUtils.java:logGet(43)) - raft.server.rpc.sleep.time = 25ms (default)
2019-07-16 14:19:03,373 INFO  server.RaftServerConfigKeys (ConfUtils.java:logGet(43)) - raft.server.write.element-limit = 4096 (default)
2019-07-16 14:19:03,374 INFO  server.RaftServerConfigKeys (ConfUtils.java:logGet(43)) - raft.server.watch.timeout = 10s (default)
2019-07-16 14:19:03,374 INFO  server.RaftServerConfigKeys (ConfUtils.java:logGet(43)) - raft.server.watch.timeout.denomination = 1s (default)
2019-07-16 14:19:03,374 INFO  server.RaftServerConfigKeys (ConfUtils.java:logGet(43)) - raft.server.watch.element-limit = 65536 (default)
2019-07-16 14:19:03,374 INFO  impl.RoleInfo (RoleInfo.java:updateAndGet(143)) - 41a75491-aacd-4dd0-a479-c7db72b1906a: start LeaderState
2019-07-16 14:19:03,374 INFO  segmented.SegmentedRaftLogWorker (SegmentedRaftLogWorker.java:startLogSegment(380)) - 41a75491-aacd-4dd0-a479-c7db72b1906a-SegmentedRaftLogWorker:Storage Directory /workdir/hadoop-ozone/integration-test/target/test-dir/MiniOzoneClusterImpl-cb088425-7f45-4d32-b7c7-566bcd4161d2/datanode-1/data/ratis/1f218db3-13e0-465c-9e80-1314452105fb: Starting segment from index:0
2019-07-16 14:19:03,375 INFO  impl.RaftServerImpl (ServerState.java:setRaftConf(361)) - 41a75491-aacd-4dd0-a479-c7db72b1906a:group-1314452105FB set configuration 0: [41a75491-aacd-4dd0-a479-c7db72b1906a:192.168.157.241:40327], old=null at 0
2019-07-16 14:19:03,471 INFO  segmented.SegmentedRaftLogWorker (SegmentedRaftLogWorker.java:execute(569)) - 41a75491-aacd-4dd0-a479-c7db72b1906a-SegmentedRaftLogWorker:Storage Directory /workdir/hadoop-ozone/integration-test/target/test-dir/MiniOzoneClusterImpl-cb088425-7f45-4d32-b7c7-566bcd4161d2/datanode-1/data/ratis/1f218db3-13e0-465c-9e80-1314452105fb: created new log segment /workdir/hadoop-ozone/integration-test/target/test-dir/MiniOzoneClusterImpl-cb088425-7f45-4d32-b7c7-566bcd4161d2/datanode-1/data/ratis/1f218db3-13e0-465c-9e80-1314452105fb/current/log_inprogress_0
2019-07-16 14:19:03,471 INFO  segmented.SegmentedRaftLogWorker (SegmentedRaftLogWorker.java:execute(569)) - 3ebb53ec-7397-4bac-b3b2-fbcfca4f3084-SegmentedRaftLogWorker:Storage Directory /workdir/hadoop-ozone/integration-test/target/test-dir/MiniOzoneClusterImpl-cb088425-7f45-4d32-b7c7-566bcd4161d2/datanode-0/data/ratis/103f506b-722a-4f84-a918-a92b5205603f: created new log segment /workdir/hadoop-ozone/integration-test/target/test-dir/MiniOzoneClusterImpl-cb088425-7f45-4d32-b7c7-566bcd4161d2/datanode-0/data/ratis/103f506b-722a-4f84-a918-a92b5205603f/current/log_inprogress_0
2019-07-16 14:19:03,504 INFO  impl.FollowerState (FollowerState.java:run(106)) - 565c8e87-23b4-4af4-b74a-93bf622f1a75:group-E45CFF088B2F changes to CANDIDATE, lastRpcTime:5153, electionTimeout:5153ms
2019-07-16 14:19:03,507 INFO  impl.RoleInfo (RoleInfo.java:shutdownFollowerState(121)) - 565c8e87-23b4-4af4-b74a-93bf622f1a75: shutdown FollowerState
2019-07-16 14:19:03,507 INFO  impl.RaftServerImpl (RaftServerImpl.java:setRole(171)) - 565c8e87-23b4-4af4-b74a-93bf622f1a75:group-E45CFF088B2F changes role from FOLLOWER to CANDIDATE at term 0 for changeToCandidate
2019-07-16 14:19:03,508 INFO  impl.RoleInfo (RoleInfo.java:updateAndGet(143)) - 565c8e87-23b4-4af4-b74a-93bf622f1a75: start LeaderElection
2019-07-16 14:19:03,527 INFO  impl.LeaderElection (LeaderElection.java:askForVotes(181)) - 565c8e87-23b4-4af4-b74a-93bf622f1a75:group-E45CFF088B2F:LeaderElection3: begin an election at term 1 for -1: [565c8e87-23b4-4af4-b74a-93bf622f1a75:192.168.157.241:38956], old=null
2019-07-16 14:19:03,530 INFO  impl.RoleInfo (RoleInfo.java:shutdownLeaderElection(134)) - 565c8e87-23b4-4af4-b74a-93bf622f1a75: shutdown LeaderElection
2019-07-16 14:19:03,531 INFO  impl.RaftServerImpl (RaftServerImpl.java:setRole(171)) - 565c8e87-23b4-4af4-b74a-93bf622f1a75:group-E45CFF088B2F changes role from CANDIDATE to LEADER at term 1 for changeToLeader
2019-07-16 14:19:03,531 INFO  impl.RaftServerImpl (ServerState.java:setLeader(263)) - 565c8e87-23b4-4af4-b74a-93bf622f1a75:group-E45CFF088B2F change Leader from null to 565c8e87-23b4-4af4-b74a-93bf622f1a75 at term 1 for becomeLeader, leader elected after 5185ms
2019-07-16 14:19:03,533 INFO  server.RaftServerConfigKeys (ConfUtils.java:logGet(43)) - raft.server.staging.catchup.gap = 1000 (default)
2019-07-16 14:19:03,533 INFO  server.RaftServerConfigKeys (ConfUtils.java:logGet(43)) - raft.server.rpc.sleep.time = 25ms (default)
2019-07-16 14:19:03,533 INFO  server.RaftServerConfigKeys (ConfUtils.java:logGet(43)) - raft.server.write.element-limit = 4096 (default)
2019-07-16 14:19:03,533 INFO  server.RaftServerConfigKeys (ConfUtils.java:logGet(43)) - raft.server.watch.timeout = 10s (default)
2019-07-16 14:19:03,533 INFO  server.RaftServerConfigKeys (ConfUtils.java:logGet(43)) - raft.server.watch.timeout.denomination = 1s (default)
2019-07-16 14:19:03,533 INFO  server.RaftServerConfigKeys (ConfUtils.java:logGet(43)) - raft.server.watch.element-limit = 65536 (default)
2019-07-16 14:19:03,534 INFO  impl.RoleInfo (RoleInfo.java:updateAndGet(143)) - 565c8e87-23b4-4af4-b74a-93bf622f1a75: start LeaderState
2019-07-16 14:19:03,534 INFO  segmented.SegmentedRaftLogWorker (SegmentedRaftLogWorker.java:startLogSegment(380)) - 565c8e87-23b4-4af4-b74a-93bf622f1a75-SegmentedRaftLogWorker:Storage Directory /workdir/hadoop-ozone/integration-test/target/test-dir/MiniOzoneClusterImpl-cb088425-7f45-4d32-b7c7-566bcd4161d2/datanode-3/data/ratis/7920c86b-c65f-439d-9da5-e45cff088b2f: Starting segment from index:0
2019-07-16 14:19:03,535 INFO  impl.RaftServerImpl (ServerState.java:setRaftConf(361)) - 565c8e87-23b4-4af4-b74a-93bf622f1a75:group-E45CFF088B2F set configuration 0: [565c8e87-23b4-4af4-b74a-93bf622f1a75:192.168.157.241:38956], old=null at 0
2019-07-16 14:19:03,553 INFO  impl.FollowerState (FollowerState.java:run(106)) - 4c1df8d4-3768-4646-97ca-74441804a018:group-EDFD00F9B42F changes to CANDIDATE, lastRpcTime:5128, electionTimeout:5116ms
2019-07-16 14:19:03,553 INFO  impl.RoleInfo (RoleInfo.java:shutdownFollowerState(121)) - 4c1df8d4-3768-4646-97ca-74441804a018: shutdown FollowerState
2019-07-16 14:19:03,553 INFO  impl.RaftServerImpl (RaftServerImpl.java:setRole(171)) - 4c1df8d4-3768-4646-97ca-74441804a018:group-EDFD00F9B42F changes role from FOLLOWER to CANDIDATE at term 0 for changeToCandidate
2019-07-16 14:19:03,553 INFO  impl.RoleInfo (RoleInfo.java:updateAndGet(143)) - 4c1df8d4-3768-4646-97ca-74441804a018: start LeaderElection
2019-07-16 14:19:03,566 INFO  segmented.SegmentedRaftLogWorker (SegmentedRaftLogWorker.java:execute(569)) - 565c8e87-23b4-4af4-b74a-93bf622f1a75-SegmentedRaftLogWorker:Storage Directory /workdir/hadoop-ozone/integration-test/target/test-dir/MiniOzoneClusterImpl-cb088425-7f45-4d32-b7c7-566bcd4161d2/datanode-3/data/ratis/7920c86b-c65f-439d-9da5-e45cff088b2f: created new log segment /workdir/hadoop-ozone/integration-test/target/test-dir/MiniOzoneClusterImpl-cb088425-7f45-4d32-b7c7-566bcd4161d2/datanode-3/data/ratis/7920c86b-c65f-439d-9da5-e45cff088b2f/current/log_inprogress_0
2019-07-16 14:19:03,566 INFO  impl.LeaderElection (LeaderElection.java:askForVotes(181)) - 4c1df8d4-3768-4646-97ca-74441804a018:group-EDFD00F9B42F:LeaderElection4: begin an election at term 1 for -1: [4c1df8d4-3768-4646-97ca-74441804a018:192.168.157.241:39040], old=null
2019-07-16 14:19:03,566 INFO  impl.RoleInfo (RoleInfo.java:shutdownLeaderElection(134)) - 4c1df8d4-3768-4646-97ca-74441804a018: shutdown LeaderElection
2019-07-16 14:19:03,566 INFO  impl.RaftServerImpl (RaftServerImpl.java:setRole(171)) - 4c1df8d4-3768-4646-97ca-74441804a018:group-EDFD00F9B42F changes role from CANDIDATE to LEADER at term 1 for changeToLeader
2019-07-16 14:19:03,566 INFO  impl.RaftServerImpl (ServerState.java:setLeader(263)) - 4c1df8d4-3768-4646-97ca-74441804a018:group-EDFD00F9B42F change Leader from null to 4c1df8d4-3768-4646-97ca-74441804a018 at term 1 for becomeLeader, leader elected after 5146ms
2019-07-16 14:19:03,569 INFO  server.RaftServerConfigKeys (ConfUtils.java:logGet(43)) - raft.server.staging.catchup.gap = 1000 (default)
2019-07-16 14:19:03,569 INFO  server.RaftServerConfigKeys (ConfUtils.java:logGet(43)) - raft.server.rpc.sleep.time = 25ms (default)
2019-07-16 14:19:03,570 INFO  server.RaftServerConfigKeys (ConfUtils.java:logGet(43)) - raft.server.write.element-limit = 4096 (default)
2019-07-16 14:19:03,570 INFO  server.RaftServerConfigKeys (ConfUtils.java:logGet(43)) - raft.server.watch.timeout = 10s (default)
2019-07-16 14:19:03,570 INFO  server.RaftServerConfigKeys (ConfUtils.java:logGet(43)) - raft.server.watch.timeout.denomination = 1s (default)
2019-07-16 14:19:03,570 INFO  server.RaftServerConfigKeys (ConfUtils.java:logGet(43)) - raft.server.watch.element-limit = 65536 (default)
2019-07-16 14:19:03,571 INFO  impl.RoleInfo (RoleInfo.java:updateAndGet(143)) - 4c1df8d4-3768-4646-97ca-74441804a018: start LeaderState
2019-07-16 14:19:03,571 INFO  segmented.SegmentedRaftLogWorker (SegmentedRaftLogWorker.java:startLogSegment(380)) - 4c1df8d4-3768-4646-97ca-74441804a018-SegmentedRaftLogWorker:Storage Directory /workdir/hadoop-ozone/integration-test/target/test-dir/MiniOzoneClusterImpl-cb088425-7f45-4d32-b7c7-566bcd4161d2/datanode-6/data/ratis/88c3b691-a3ba-4e73-be9c-edfd00f9b42f: Starting segment from index:0
2019-07-16 14:19:03,572 INFO  impl.RaftServerImpl (ServerState.java:setRaftConf(361)) - 4c1df8d4-3768-4646-97ca-74441804a018:group-EDFD00F9B42F set configuration 0: [4c1df8d4-3768-4646-97ca-74441804a018:192.168.157.241:39040], old=null at 0
2019-07-16 14:19:03,590 INFO  impl.FollowerState (FollowerState.java:run(106)) - 5f1e710f-bd2f-4a4b-9aaf-0bc613871562:group-2C73CF5A981A changes to CANDIDATE, lastRpcTime:5093, electionTimeout:5085ms
2019-07-16 14:19:03,592 INFO  impl.RoleInfo (RoleInfo.java:shutdownFollowerState(121)) - 5f1e710f-bd2f-4a4b-9aaf-0bc613871562: shutdown FollowerState
2019-07-16 14:19:03,592 INFO  impl.RaftServerImpl (RaftServerImpl.java:setRole(171)) - 5f1e710f-bd2f-4a4b-9aaf-0bc613871562:group-2C73CF5A981A changes role from FOLLOWER to CANDIDATE at term 0 for changeToCandidate
2019-07-16 14:19:03,593 INFO  impl.RoleInfo (RoleInfo.java:updateAndGet(143)) - 5f1e710f-bd2f-4a4b-9aaf-0bc613871562: start LeaderElection
2019-07-16 14:19:03,603 INFO  segmented.SegmentedRaftLogWorker (SegmentedRaftLogWorker.java:execute(569)) - 4c1df8d4-3768-4646-97ca-74441804a018-SegmentedRaftLogWorker:Storage Directory /workdir/hadoop-ozone/integration-test/target/test-dir/MiniOzoneClusterImpl-cb088425-7f45-4d32-b7c7-566bcd4161d2/datanode-6/data/ratis/88c3b691-a3ba-4e73-be9c-edfd00f9b42f: created new log segment /workdir/hadoop-ozone/integration-test/target/test-dir/MiniOzoneClusterImpl-cb088425-7f45-4d32-b7c7-566bcd4161d2/datanode-6/data/ratis/88c3b691-a3ba-4e73-be9c-edfd00f9b42f/current/log_inprogress_0
2019-07-16 14:19:03,603 INFO  impl.LeaderElection (LeaderElection.java:askForVotes(181)) - 5f1e710f-bd2f-4a4b-9aaf-0bc613871562:group-2C73CF5A981A:LeaderElection5: begin an election at term 1 for -1: [5f1e710f-bd2f-4a4b-9aaf-0bc613871562:192.168.157.241:40087], old=null
2019-07-16 14:19:03,603 INFO  impl.RoleInfo (RoleInfo.java:shutdownLeaderElection(134)) - 5f1e710f-bd2f-4a4b-9aaf-0bc613871562: shutdown LeaderElection
2019-07-16 14:19:03,604 INFO  impl.RaftServerImpl (RaftServerImpl.java:setRole(171)) - 5f1e710f-bd2f-4a4b-9aaf-0bc613871562:group-2C73CF5A981A changes role from CANDIDATE to LEADER at term 1 for changeToLeader
2019-07-16 14:19:03,604 INFO  impl.RaftServerImpl (ServerState.java:setLeader(263)) - 5f1e710f-bd2f-4a4b-9aaf-0bc613871562:group-2C73CF5A981A change Leader from null to 5f1e710f-bd2f-4a4b-9aaf-0bc613871562 at term 1 for becomeLeader, leader elected after 5111ms
2019-07-16 14:19:03,606 INFO  server.RaftServerConfigKeys (ConfUtils.java:logGet(43)) - raft.server.staging.catchup.gap = 1000 (default)
2019-07-16 14:19:03,606 INFO  server.RaftServerConfigKeys (ConfUtils.java:logGet(43)) - raft.server.rpc.sleep.time = 25ms (default)
2019-07-16 14:19:03,606 INFO  server.RaftServerConfigKeys (ConfUtils.java:logGet(43)) - raft.server.write.element-limit = 4096 (default)
2019-07-16 14:19:03,607 INFO  server.RaftServerConfigKeys (ConfUtils.java:logGet(43)) - raft.server.watch.timeout = 10s (default)
2019-07-16 14:19:03,607 INFO  server.RaftServerConfigKeys (ConfUtils.java:logGet(43)) - raft.server.watch.timeout.denomination = 1s (default)
2019-07-16 14:19:03,607 INFO  server.RaftServerConfigKeys (ConfUtils.java:logGet(43)) - raft.server.watch.element-limit = 65536 (default)
2019-07-16 14:19:03,607 INFO  impl.RoleInfo (RoleInfo.java:updateAndGet(143)) - 5f1e710f-bd2f-4a4b-9aaf-0bc613871562: start LeaderState
2019-07-16 14:19:03,608 INFO  segmented.SegmentedRaftLogWorker (SegmentedRaftLogWorker.java:startLogSegment(380)) - 5f1e710f-bd2f-4a4b-9aaf-0bc613871562-SegmentedRaftLogWorker:Storage Directory /workdir/hadoop-ozone/integration-test/target/test-dir/MiniOzoneClusterImpl-cb088425-7f45-4d32-b7c7-566bcd4161d2/datanode-4/data/ratis/07f1ad3b-23be-45bb-85d8-2c73cf5a981a: Starting segment from index:0
2019-07-16 14:19:03,608 INFO  impl.RaftServerImpl (ServerState.java:setRaftConf(361)) - 5f1e710f-bd2f-4a4b-9aaf-0bc613871562:group-2C73CF5A981A set configuration 0: [5f1e710f-bd2f-4a4b-9aaf-0bc613871562:192.168.157.241:40087], old=null at 0
2019-07-16 14:19:03,636 INFO  segmented.SegmentedRaftLogWorker (SegmentedRaftLogWorker.java:execute(569)) - 5f1e710f-bd2f-4a4b-9aaf-0bc613871562-SegmentedRaftLogWorker:Storage Directory /workdir/hadoop-ozone/integration-test/target/test-dir/MiniOzoneClusterImpl-cb088425-7f45-4d32-b7c7-566bcd4161d2/datanode-4/data/ratis/07f1ad3b-23be-45bb-85d8-2c73cf5a981a: created new log segment /workdir/hadoop-ozone/integration-test/target/test-dir/MiniOzoneClusterImpl-cb088425-7f45-4d32-b7c7-566bcd4161d2/datanode-4/data/ratis/07f1ad3b-23be-45bb-85d8-2c73cf5a981a/current/log_inprogress_0
2019-07-16 14:19:03,667 INFO  impl.FollowerState (FollowerState.java:run(106)) - ac0feed9-e302-4363-a7c4-23c8743a625e:group-BFB5D56AFC42 changes to CANDIDATE, lastRpcTime:5093, electionTimeout:5093ms
2019-07-16 14:19:03,667 INFO  impl.RoleInfo (RoleInfo.java:shutdownFollowerState(121)) - ac0feed9-e302-4363-a7c4-23c8743a625e: shutdown FollowerState
2019-07-16 14:19:03,667 INFO  impl.RaftServerImpl (RaftServerImpl.java:setRole(171)) - ac0feed9-e302-4363-a7c4-23c8743a625e:group-BFB5D56AFC42 changes role from FOLLOWER to CANDIDATE at term 0 for changeToCandidate
2019-07-16 14:19:03,667 INFO  impl.RoleInfo (RoleInfo.java:updateAndGet(143)) - ac0feed9-e302-4363-a7c4-23c8743a625e: start LeaderElection
2019-07-16 14:19:03,686 INFO  impl.LeaderElection (LeaderElection.java:askForVotes(181)) - ac0feed9-e302-4363-a7c4-23c8743a625e:group-BFB5D56AFC42:LeaderElection6: begin an election at term 1 for -1: [ac0feed9-e302-4363-a7c4-23c8743a625e:192.168.157.241:32768], old=null
2019-07-16 14:19:03,699 INFO  impl.RoleInfo (RoleInfo.java:shutdownLeaderElection(134)) - ac0feed9-e302-4363-a7c4-23c8743a625e: shutdown LeaderElection
2019-07-16 14:19:03,699 INFO  impl.RaftServerImpl (RaftServerImpl.java:setRole(171)) - ac0feed9-e302-4363-a7c4-23c8743a625e:group-BFB5D56AFC42 changes role from CANDIDATE to LEADER at term 1 for changeToLeader
2019-07-16 14:19:03,699 INFO  impl.RaftServerImpl (ServerState.java:setLeader(263)) - ac0feed9-e302-4363-a7c4-23c8743a625e:group-BFB5D56AFC42 change Leader from null to ac0feed9-e302-4363-a7c4-23c8743a625e at term 1 for becomeLeader, leader elected after 5131ms
2019-07-16 14:19:03,701 INFO  server.RaftServerConfigKeys (ConfUtils.java:logGet(43)) - raft.server.staging.catchup.gap = 1000 (default)
2019-07-16 14:19:03,701 INFO  server.RaftServerConfigKeys (ConfUtils.java:logGet(43)) - raft.server.rpc.sleep.time = 25ms (default)
2019-07-16 14:19:03,702 INFO  server.RaftServerConfigKeys (ConfUtils.java:logGet(43)) - raft.server.write.element-limit = 4096 (default)
2019-07-16 14:19:03,702 INFO  server.RaftServerConfigKeys (ConfUtils.java:logGet(43)) - raft.server.watch.timeout = 10s (default)
2019-07-16 14:19:03,702 INFO  server.RaftServerConfigKeys (ConfUtils.java:logGet(43)) - raft.server.watch.timeout.denomination = 1s (default)
2019-07-16 14:19:03,702 INFO  server.RaftServerConfigKeys (ConfUtils.java:logGet(43)) - raft.server.watch.element-limit = 65536 (default)
2019-07-16 14:19:03,702 INFO  impl.RoleInfo (RoleInfo.java:updateAndGet(143)) - ac0feed9-e302-4363-a7c4-23c8743a625e: start LeaderState
2019-07-16 14:19:03,703 INFO  segmented.SegmentedRaftLogWorker (SegmentedRaftLogWorker.java:startLogSegment(380)) - ac0feed9-e302-4363-a7c4-23c8743a625e-SegmentedRaftLogWorker:Storage Directory /workdir/hadoop-ozone/integration-test/target/test-dir/MiniOzoneClusterImpl-cb088425-7f45-4d32-b7c7-566bcd4161d2/datanode-2/data/ratis/bc3ee31d-f154-44e9-b191-bfb5d56afc42: Starting segment from index:0
2019-07-16 14:19:03,703 INFO  impl.RaftServerImpl (ServerState.java:setRaftConf(361)) - ac0feed9-e302-4363-a7c4-23c8743a625e:group-BFB5D56AFC42 set configuration 0: [ac0feed9-e302-4363-a7c4-23c8743a625e:192.168.157.241:32768], old=null at 0
2019-07-16 14:19:03,733 INFO  segmented.SegmentedRaftLogWorker (SegmentedRaftLogWorker.java:execute(569)) - ac0feed9-e302-4363-a7c4-23c8743a625e-SegmentedRaftLogWorker:Storage Directory /workdir/hadoop-ozone/integration-test/target/test-dir/MiniOzoneClusterImpl-cb088425-7f45-4d32-b7c7-566bcd4161d2/datanode-2/data/ratis/bc3ee31d-f154-44e9-b191-bfb5d56afc42: created new log segment /workdir/hadoop-ozone/integration-test/target/test-dir/MiniOzoneClusterImpl-cb088425-7f45-4d32-b7c7-566bcd4161d2/datanode-2/data/ratis/bc3ee31d-f154-44e9-b191-bfb5d56afc42/current/log_inprogress_0
2019-07-16 14:19:03,776 INFO  impl.FollowerState (FollowerState.java:run(106)) - c367f1ba-81ed-44ff-a708-518c429992ed:group-43DB748DE82A changes to CANDIDATE, lastRpcTime:5129, electionTimeout:5129ms
2019-07-16 14:19:03,777 INFO  impl.RoleInfo (RoleInfo.java:shutdownFollowerState(121)) - c367f1ba-81ed-44ff-a708-518c429992ed: shutdown FollowerState
2019-07-16 14:19:03,777 INFO  impl.RaftServerImpl (RaftServerImpl.java:setRole(171)) - c367f1ba-81ed-44ff-a708-518c429992ed:group-43DB748DE82A changes role from FOLLOWER to CANDIDATE at term 0 for changeToCandidate
2019-07-16 14:19:03,777 INFO  impl.RoleInfo (RoleInfo.java:updateAndGet(143)) - c367f1ba-81ed-44ff-a708-518c429992ed: start LeaderElection
2019-07-16 14:19:03,786 INFO  impl.FollowerState (FollowerState.java:run(106)) - 565c8e87-23b4-4af4-b74a-93bf622f1a75:group-27E3A1668701 changes to CANDIDATE, lastRpcTime:5027, electionTimeout:5027ms
2019-07-16 14:19:03,788 INFO  impl.RoleInfo (RoleInfo.java:shutdownFollowerState(121)) - 565c8e87-23b4-4af4-b74a-93bf622f1a75: shutdown FollowerState
2019-07-16 14:19:03,788 INFO  impl.RaftServerImpl (RaftServerImpl.java:setRole(171)) - 565c8e87-23b4-4af4-b74a-93bf622f1a75:group-27E3A1668701 changes role from FOLLOWER to CANDIDATE at term 0 for changeToCandidate
2019-07-16 14:19:03,788 INFO  impl.RoleInfo (RoleInfo.java:updateAndGet(143)) - 565c8e87-23b4-4af4-b74a-93bf622f1a75: start LeaderElection
2019-07-16 14:19:03,797 INFO  impl.LeaderElection (LeaderElection.java:askForVotes(181)) - c367f1ba-81ed-44ff-a708-518c429992ed:group-43DB748DE82A:LeaderElection7: begin an election at term 1 for -1: [c367f1ba-81ed-44ff-a708-518c429992ed:192.168.157.241:34185], old=null
2019-07-16 14:19:03,797 INFO  impl.LeaderElection (LeaderElection.java:askForVotes(181)) - 565c8e87-23b4-4af4-b74a-93bf622f1a75:group-27E3A1668701:LeaderElection8: begin an election at term 1 for -1: [41a75491-aacd-4dd0-a479-c7db72b1906a:192.168.157.241:40327, 565c8e87-23b4-4af4-b74a-93bf622f1a75:192.168.157.241:38956, 4c1df8d4-3768-4646-97ca-74441804a018:192.168.157.241:39040], old=null
2019-07-16 14:19:03,797 INFO  impl.RoleInfo (RoleInfo.java:shutdownLeaderElection(134)) - c367f1ba-81ed-44ff-a708-518c429992ed: shutdown LeaderElection
2019-07-16 14:19:03,797 INFO  impl.RaftServerImpl (RaftServerImpl.java:setRole(171)) - c367f1ba-81ed-44ff-a708-518c429992ed:group-43DB748DE82A changes role from CANDIDATE to LEADER at term 1 for changeToLeader
2019-07-16 14:19:03,798 INFO  impl.RaftServerImpl (ServerState.java:setLeader(263)) - c367f1ba-81ed-44ff-a708-518c429992ed:group-43DB748DE82A change Leader from null to c367f1ba-81ed-44ff-a708-518c429992ed at term 1 for becomeLeader, leader elected after 5155ms
2019-07-16 14:19:03,799 INFO  server.RaftServerConfigKeys (ConfUtils.java:logGet(43)) - raft.server.staging.catchup.gap = 1000 (default)
2019-07-16 14:19:03,800 INFO  server.RaftServerConfigKeys (ConfUtils.java:logGet(43)) - raft.server.rpc.sleep.time = 25ms (default)
2019-07-16 14:19:03,800 INFO  server.RaftServerConfigKeys (ConfUtils.java:logGet(43)) - raft.server.write.element-limit = 4096 (default)
2019-07-16 14:19:03,800 INFO  server.RaftServerConfigKeys (ConfUtils.java:logGet(43)) - raft.server.watch.timeout = 10s (default)
2019-07-16 14:19:03,800 INFO  server.RaftServerConfigKeys (ConfUtils.java:logGet(43)) - raft.server.watch.timeout.denomination = 1s (default)
2019-07-16 14:19:03,800 INFO  server.RaftServerConfigKeys (ConfUtils.java:logGet(43)) - raft.server.watch.element-limit = 65536 (default)
2019-07-16 14:19:03,801 INFO  impl.RoleInfo (RoleInfo.java:updateAndGet(143)) - c367f1ba-81ed-44ff-a708-518c429992ed: start LeaderState
2019-07-16 14:19:03,801 INFO  segmented.SegmentedRaftLogWorker (SegmentedRaftLogWorker.java:startLogSegment(380)) - c367f1ba-81ed-44ff-a708-518c429992ed-SegmentedRaftLogWorker:Storage Directory /workdir/hadoop-ozone/integration-test/target/test-dir/MiniOzoneClusterImpl-cb088425-7f45-4d32-b7c7-566bcd4161d2/datanode-5/data/ratis/4406da9e-9978-430a-912d-43db748de82a: Starting segment from index:0
2019-07-16 14:19:03,802 INFO  impl.RaftServerImpl (ServerState.java:setRaftConf(361)) - c367f1ba-81ed-44ff-a708-518c429992ed:group-43DB748DE82A set configuration 0: [c367f1ba-81ed-44ff-a708-518c429992ed:192.168.157.241:34185], old=null at 0
2019-07-16 14:19:03,819 INFO  impl.FollowerState (FollowerState.java:run(106)) - 4c1df8d4-3768-4646-97ca-74441804a018:group-27E3A1668701 changes to CANDIDATE, lastRpcTime:5063, electionTimeout:5048ms
2019-07-16 14:19:03,819 INFO  impl.RoleInfo (RoleInfo.java:shutdownFollowerState(121)) - 4c1df8d4-3768-4646-97ca-74441804a018: shutdown FollowerState
2019-07-16 14:19:03,819 INFO  impl.RaftServerImpl (RaftServerImpl.java:setRole(171)) - 4c1df8d4-3768-4646-97ca-74441804a018:group-27E3A1668701 changes role from FOLLOWER to CANDIDATE at term 0 for changeToCandidate
2019-07-16 14:19:03,819 INFO  impl.RoleInfo (RoleInfo.java:updateAndGet(143)) - 4c1df8d4-3768-4646-97ca-74441804a018: start LeaderElection
2019-07-16 14:19:03,831 INFO  segmented.SegmentedRaftLogWorker (SegmentedRaftLogWorker.java:execute(569)) - c367f1ba-81ed-44ff-a708-518c429992ed-SegmentedRaftLogWorker:Storage Directory /workdir/hadoop-ozone/integration-test/target/test-dir/MiniOzoneClusterImpl-cb088425-7f45-4d32-b7c7-566bcd4161d2/datanode-5/data/ratis/4406da9e-9978-430a-912d-43db748de82a: created new log segment /workdir/hadoop-ozone/integration-test/target/test-dir/MiniOzoneClusterImpl-cb088425-7f45-4d32-b7c7-566bcd4161d2/datanode-5/data/ratis/4406da9e-9978-430a-912d-43db748de82a/current/log_inprogress_0
2019-07-16 14:19:03,836 INFO  impl.LeaderElection (LeaderElection.java:askForVotes(181)) - 4c1df8d4-3768-4646-97ca-74441804a018:group-27E3A1668701:LeaderElection9: begin an election at term 1 for -1: [41a75491-aacd-4dd0-a479-c7db72b1906a:192.168.157.241:40327, 565c8e87-23b4-4af4-b74a-93bf622f1a75:192.168.157.241:38956, 4c1df8d4-3768-4646-97ca-74441804a018:192.168.157.241:39040], old=null
2019-07-16 14:19:03,854 INFO  impl.FollowerState (FollowerState.java:run(106)) - 41a75491-aacd-4dd0-a479-c7db72b1906a:group-27E3A1668701 changes to CANDIDATE, lastRpcTime:5093, electionTimeout:5088ms
2019-07-16 14:19:03,856 INFO  impl.RoleInfo (RoleInfo.java:shutdownFollowerState(121)) - 41a75491-aacd-4dd0-a479-c7db72b1906a: shutdown FollowerState
2019-07-16 14:19:03,856 INFO  impl.RaftServerImpl (RaftServerImpl.java:setRole(171)) - 41a75491-aacd-4dd0-a479-c7db72b1906a:group-27E3A1668701 changes role from FOLLOWER to CANDIDATE at term 0 for changeToCandidate
2019-07-16 14:19:03,856 INFO  impl.RoleInfo (RoleInfo.java:updateAndGet(143)) - 41a75491-aacd-4dd0-a479-c7db72b1906a: start LeaderElection
2019-07-16 14:19:03,866 INFO  impl.FollowerState (FollowerState.java:run(106)) - 3ebb53ec-7397-4bac-b3b2-fbcfca4f3084:group-6B1D19F694A8 changes to CANDIDATE, lastRpcTime:5000, electionTimeout:5000ms
2019-07-16 14:19:03,866 INFO  impl.RoleInfo (RoleInfo.java:shutdownFollowerState(121)) - 3ebb53ec-7397-4bac-b3b2-fbcfca4f3084: shutdown FollowerState
2019-07-16 14:19:03,866 INFO  impl.RaftServerImpl (RaftServerImpl.java:setRole(171)) - 3ebb53ec-7397-4bac-b3b2-fbcfca4f3084:group-6B1D19F694A8 changes role from FOLLOWER to CANDIDATE at term 0 for changeToCandidate
2019-07-16 14:19:03,866 INFO  impl.RoleInfo (RoleInfo.java:updateAndGet(143)) - 3ebb53ec-7397-4bac-b3b2-fbcfca4f3084: start LeaderElection
2019-07-16 14:19:03,873 INFO  impl.FollowerState (FollowerState.java:run(106)) - ac0feed9-e302-4363-a7c4-23c8743a625e:group-6B1D19F694A8 changes to CANDIDATE, lastRpcTime:5008, electionTimeout:5006ms
2019-07-16 14:19:03,873 INFO  impl.RoleInfo (RoleInfo.java:shutdownFollowerState(121)) - ac0feed9-e302-4363-a7c4-23c8743a625e: shutdown FollowerState
2019-07-16 14:19:03,873 INFO  impl.LeaderElection (LeaderElection.java:askForVotes(181)) - 41a75491-aacd-4dd0-a479-c7db72b1906a:group-27E3A1668701:LeaderElection10: begin an election at term 1 for -1: [41a75491-aacd-4dd0-a479-c7db72b1906a:192.168.157.241:40327, 565c8e87-23b4-4af4-b74a-93bf622f1a75:192.168.157.241:38956, 4c1df8d4-3768-4646-97ca-74441804a018:192.168.157.241:39040], old=null
2019-07-16 14:19:03,874 INFO  impl.RaftServerImpl (RaftServerImpl.java:setRole(171)) - ac0feed9-e302-4363-a7c4-23c8743a625e:group-6B1D19F694A8 changes role from FOLLOWER to CANDIDATE at term 0 for changeToCandidate
2019-07-16 14:19:03,876 INFO  impl.RoleInfo (RoleInfo.java:updateAndGet(143)) - ac0feed9-e302-4363-a7c4-23c8743a625e: start LeaderElection
2019-07-16 14:19:03,885 INFO  impl.LeaderElection (LeaderElection.java:askForVotes(181)) - ac0feed9-e302-4363-a7c4-23c8743a625e:group-6B1D19F694A8:LeaderElection12: begin an election at term 1 for -1: [5f1e710f-bd2f-4a4b-9aaf-0bc613871562:192.168.157.241:40087, 3ebb53ec-7397-4bac-b3b2-fbcfca4f3084:192.168.157.241:44500, ac0feed9-e302-4363-a7c4-23c8743a625e:192.168.157.241:32768], old=null
2019-07-16 14:19:03,885 INFO  impl.LeaderElection (LeaderElection.java:askForVotes(181)) - 3ebb53ec-7397-4bac-b3b2-fbcfca4f3084:group-6B1D19F694A8:LeaderElection11: begin an election at term 1 for -1: [5f1e710f-bd2f-4a4b-9aaf-0bc613871562:192.168.157.241:40087, 3ebb53ec-7397-4bac-b3b2-fbcfca4f3084:192.168.157.241:44500, ac0feed9-e302-4363-a7c4-23c8743a625e:192.168.157.241:32768], old=null
2019-07-16 14:19:03,910 INFO  impl.LeaderElection (LeaderElection.java:logAndReturn(56)) - 4c1df8d4-3768-4646-97ca-74441804a018:group-27E3A1668701:LeaderElection9: Election REJECTED; received 2 response(s) [4c1df8d4-3768-4646-97ca-74441804a018<-41a75491-aacd-4dd0-a479-c7db72b1906a#0:FAIL-t1, 4c1df8d4-3768-4646-97ca-74441804a018<-565c8e87-23b4-4af4-b74a-93bf622f1a75#0:FAIL-t1] and 0 exception(s); 4c1df8d4-3768-4646-97ca-74441804a018:t1, leader=null, voted=4c1df8d4-3768-4646-97ca-74441804a018, raftlog=4c1df8d4-3768-4646-97ca-74441804a018-SegmentedRaftLog:OPENED:c-1,f-1,i0, conf=-1: [41a75491-aacd-4dd0-a479-c7db72b1906a:192.168.157.241:40327, 565c8e87-23b4-4af4-b74a-93bf622f1a75:192.168.157.241:38956, 4c1df8d4-3768-4646-97ca-74441804a018:192.168.157.241:39040], old=null
2019-07-16 14:19:03,910 INFO  impl.LeaderElection (LeaderElection.java:logAndReturn(56)) - 565c8e87-23b4-4af4-b74a-93bf622f1a75:group-27E3A1668701:LeaderElection8: Election REJECTED; received 2 response(s) [565c8e87-23b4-4af4-b74a-93bf622f1a75<-41a75491-aacd-4dd0-a479-c7db72b1906a#0:FAIL-t1, 565c8e87-23b4-4af4-b74a-93bf622f1a75<-4c1df8d4-3768-4646-97ca-74441804a018#0:FAIL-t1] and 0 exception(s); 565c8e87-23b4-4af4-b74a-93bf622f1a75:t1, leader=null, voted=565c8e87-23b4-4af4-b74a-93bf622f1a75, raftlog=565c8e87-23b4-4af4-b74a-93bf622f1a75-SegmentedRaftLog:OPENED:c-1,f-1,i0, conf=-1: [41a75491-aacd-4dd0-a479-c7db72b1906a:192.168.157.241:40327, 565c8e87-23b4-4af4-b74a-93bf622f1a75:192.168.157.241:38956, 4c1df8d4-3768-4646-97ca-74441804a018:192.168.157.241:39040], old=null
2019-07-16 14:19:03,913 INFO  impl.RaftServerImpl (RaftServerImpl.java:setRole(171)) - 4c1df8d4-3768-4646-97ca-74441804a018:group-27E3A1668701 changes role from CANDIDATE to FOLLOWER at term 1 for DISCOVERED_A_NEW_TERM
2019-07-16 14:19:03,916 INFO  impl.RoleInfo (RoleInfo.java:shutdownLeaderElection(134)) - 4c1df8d4-3768-4646-97ca-74441804a018: shutdown LeaderElection
2019-07-16 14:19:03,918 INFO  impl.RaftServerImpl (RaftServerImpl.java:setRole(171)) - 565c8e87-23b4-4af4-b74a-93bf622f1a75:group-27E3A1668701 changes role from CANDIDATE to FOLLOWER at term 1 for DISCOVERED_A_NEW_TERM
2019-07-16 14:19:03,921 INFO  impl.RoleInfo (RoleInfo.java:shutdownLeaderElection(134)) - 565c8e87-23b4-4af4-b74a-93bf622f1a75: shutdown LeaderElection
2019-07-16 14:19:03,921 INFO  impl.RoleInfo (RoleInfo.java:updateAndGet(143)) - 4c1df8d4-3768-4646-97ca-74441804a018: start FollowerState
2019-07-16 14:19:03,923 INFO  impl.RoleInfo (RoleInfo.java:updateAndGet(143)) - 565c8e87-23b4-4af4-b74a-93bf622f1a75: start FollowerState
2019-07-16 14:19:03,940 INFO  impl.RaftServerImpl (RaftServerImpl.java:setRole(171)) - 5f1e710f-bd2f-4a4b-9aaf-0bc613871562:group-6B1D19F694A8 changes role from FOLLOWER to FOLLOWER at term 1 for recognizeCandidate:3ebb53ec-7397-4bac-b3b2-fbcfca4f3084
2019-07-16 14:19:03,942 INFO  impl.RoleInfo (RoleInfo.java:shutdownFollowerState(121)) - 5f1e710f-bd2f-4a4b-9aaf-0bc613871562: shutdown FollowerState
2019-07-16 14:19:03,942 INFO  impl.RoleInfo (RoleInfo.java:updateAndGet(143)) - 5f1e710f-bd2f-4a4b-9aaf-0bc613871562: start FollowerState
2019-07-16 14:19:03,942 INFO  impl.FollowerState (FollowerState.java:run(114)) - 5f1e710f-bd2f-4a4b-9aaf-0bc613871562: FollowerState was interrupted: java.lang.InterruptedException: sleep interrupted
2019-07-16 14:19:03,947 INFO  impl.LeaderElection (LeaderElection.java:logAndReturn(56)) - 41a75491-aacd-4dd0-a479-c7db72b1906a:group-27E3A1668701:LeaderElection10: Election REJECTED; received 2 response(s) [41a75491-aacd-4dd0-a479-c7db72b1906a<-565c8e87-23b4-4af4-b74a-93bf622f1a75#0:FAIL-t1, 41a75491-aacd-4dd0-a479-c7db72b1906a<-4c1df8d4-3768-4646-97ca-74441804a018#0:FAIL-t1] and 0 exception(s); 41a75491-aacd-4dd0-a479-c7db72b1906a:t1, leader=null, voted=41a75491-aacd-4dd0-a479-c7db72b1906a, raftlog=41a75491-aacd-4dd0-a479-c7db72b1906a-SegmentedRaftLog:OPENED:c-1,f-1,i0, conf=-1: [41a75491-aacd-4dd0-a479-c7db72b1906a:192.168.157.241:40327, 565c8e87-23b4-4af4-b74a-93bf622f1a75:192.168.157.241:38956, 4c1df8d4-3768-4646-97ca-74441804a018:192.168.157.241:39040], old=null
2019-07-16 14:19:03,947 INFO  impl.RaftServerImpl (RaftServerImpl.java:setRole(171)) - 41a75491-aacd-4dd0-a479-c7db72b1906a:group-27E3A1668701 changes role from CANDIDATE to FOLLOWER at term 1 for DISCOVERED_A_NEW_TERM
2019-07-16 14:19:03,949 INFO  impl.RoleInfo (RoleInfo.java:shutdownLeaderElection(134)) - 41a75491-aacd-4dd0-a479-c7db72b1906a: shutdown LeaderElection
2019-07-16 14:19:03,952 INFO  impl.RoleInfo (RoleInfo.java:updateAndGet(143)) - 41a75491-aacd-4dd0-a479-c7db72b1906a: start FollowerState
2019-07-16 14:19:03,974 INFO  impl.LeaderElection (LeaderElection.java:logAndReturn(56)) - ac0feed9-e302-4363-a7c4-23c8743a625e:group-6B1D19F694A8:LeaderElection12: Election REJECTED; received 2 response(s) [ac0feed9-e302-4363-a7c4-23c8743a625e<-5f1e710f-bd2f-4a4b-9aaf-0bc613871562#0:FAIL-t1, ac0feed9-e302-4363-a7c4-23c8743a625e<-3ebb53ec-7397-4bac-b3b2-fbcfca4f3084#0:FAIL-t1] and 0 exception(s); ac0feed9-e302-4363-a7c4-23c8743a625e:t1, leader=null, voted=ac0feed9-e302-4363-a7c4-23c8743a625e, raftlog=ac0feed9-e302-4363-a7c4-23c8743a625e-SegmentedRaftLog:OPENED:c-1,f-1,i0, conf=-1: [5f1e710f-bd2f-4a4b-9aaf-0bc613871562:192.168.157.241:40087, 3ebb53ec-7397-4bac-b3b2-fbcfca4f3084:192.168.157.241:44500, ac0feed9-e302-4363-a7c4-23c8743a625e:192.168.157.241:32768], old=null
2019-07-16 14:19:03,974 INFO  impl.LeaderElection (LeaderElection.java:logAndReturn(56)) - 3ebb53ec-7397-4bac-b3b2-fbcfca4f3084:group-6B1D19F694A8:LeaderElection11: Election PASSED; received 2 response(s) [3ebb53ec-7397-4bac-b3b2-fbcfca4f3084<-5f1e710f-bd2f-4a4b-9aaf-0bc613871562#0:OK-t1, 3ebb53ec-7397-4bac-b3b2-fbcfca4f3084<-ac0feed9-e302-4363-a7c4-23c8743a625e#0:FAIL-t1] and 0 exception(s); 3ebb53ec-7397-4bac-b3b2-fbcfca4f3084:t1, leader=null, voted=3ebb53ec-7397-4bac-b3b2-fbcfca4f3084, raftlog=3ebb53ec-7397-4bac-b3b2-fbcfca4f3084-SegmentedRaftLog:OPENED:c-1,f-1,i0, conf=-1: [5f1e710f-bd2f-4a4b-9aaf-0bc613871562:192.168.157.241:40087, 3ebb53ec-7397-4bac-b3b2-fbcfca4f3084:192.168.157.241:44500, ac0feed9-e302-4363-a7c4-23c8743a625e:192.168.157.241:32768], old=null
2019-07-16 14:19:03,976 INFO  impl.RaftServerImpl (RaftServerImpl.java:setRole(171)) - ac0feed9-e302-4363-a7c4-23c8743a625e:group-6B1D19F694A8 changes role from CANDIDATE to FOLLOWER at term 1 for DISCOVERED_A_NEW_TERM
2019-07-16 14:19:03,991 INFO  impl.RoleInfo (RoleInfo.java:shutdownLeaderElection(134)) - ac0feed9-e302-4363-a7c4-23c8743a625e: shutdown LeaderElection
2019-07-16 14:19:03,981 INFO  impl.RoleInfo (RoleInfo.java:shutdownLeaderElection(134)) - 3ebb53ec-7397-4bac-b3b2-fbcfca4f3084: shutdown LeaderElection
2019-07-16 14:19:03,993 INFO  impl.RoleInfo (RoleInfo.java:updateAndGet(143)) - ac0feed9-e302-4363-a7c4-23c8743a625e: start FollowerState
2019-07-16 14:19:03,993 INFO  impl.RaftServerImpl (RaftServerImpl.java:setRole(171)) - 3ebb53ec-7397-4bac-b3b2-fbcfca4f3084:group-6B1D19F694A8 changes role from CANDIDATE to LEADER at term 1 for changeToLeader
2019-07-16 14:19:03,993 INFO  impl.RaftServerImpl (ServerState.java:setLeader(263)) - 3ebb53ec-7397-4bac-b3b2-fbcfca4f3084:group-6B1D19F694A8 change Leader from null to 3ebb53ec-7397-4bac-b3b2-fbcfca4f3084 at term 1 for becomeLeader, leader elected after 5142ms
2019-07-16 14:19:03,994 INFO  server.RaftServerConfigKeys (ConfUtils.java:logGet(43)) - raft.server.staging.catchup.gap = 1000 (default)
2019-07-16 14:19:03,994 INFO  server.RaftServerConfigKeys (ConfUtils.java:logGet(43)) - raft.server.rpc.sleep.time = 25ms (default)
2019-07-16 14:19:03,994 INFO  server.RaftServerConfigKeys (ConfUtils.java:logGet(43)) - raft.server.write.element-limit = 4096 (default)
2019-07-16 14:19:03,994 INFO  server.RaftServerConfigKeys (ConfUtils.java:logGet(43)) - raft.server.watch.timeout = 10s (default)
2019-07-16 14:19:03,994 INFO  server.RaftServerConfigKeys (ConfUtils.java:logGet(43)) - raft.server.watch.timeout.denomination = 1s (default)
2019-07-16 14:19:03,994 INFO  server.RaftServerConfigKeys (ConfUtils.java:logGet(43)) - raft.server.watch.element-limit = 65536 (default)
2019-07-16 14:19:03,998 INFO  server.RaftServerConfigKeys (ConfUtils.java:logGet(43)) - raft.server.log.appender.snapshot.chunk.size.max = 16MB (=16777216) (default)
2019-07-16 14:19:03,998 INFO  server.RaftServerConfigKeys (ConfUtils.java:logGet(43)) - raft.server.log.appender.buffer.byte-limit = 33554432 (custom)
2019-07-16 14:19:03,999 INFO  server.RaftServerConfigKeys (ConfUtils.java:logGet(43)) - raft.server.log.appender.buffer.element-limit = 1 (custom)
2019-07-16 14:19:04,004 INFO  grpc.GrpcConfigKeys$Server (ConfUtils.java:logGet(43)) - raft.grpc.server.leader.outstanding.appends.max = 128 (default)
2019-07-16 14:19:04,007 INFO  server.RaftServerConfigKeys (ConfUtils.java:logGet(43)) - raft.server.rpc.request.timeout = 3000ms (default)
2019-07-16 14:19:04,007 INFO  server.RaftServerConfigKeys (ConfUtils.java:logGet(43)) - raft.server.log.appender.install.snapshot.enabled = false (custom)
2019-07-16 14:19:04,007 INFO  server.RaftServerConfigKeys (ConfUtils.java:logGet(43)) - raft.server.log.appender.snapshot.chunk.size.max = 16MB (=16777216) (default)
2019-07-16 14:19:04,007 INFO  server.RaftServerConfigKeys (ConfUtils.java:logGet(43)) - raft.server.log.appender.buffer.byte-limit = 33554432 (custom)
2019-07-16 14:19:04,007 INFO  server.RaftServerConfigKeys (ConfUtils.java:logGet(43)) - raft.server.log.appender.buffer.element-limit = 1 (custom)
2019-07-16 14:19:04,008 INFO  grpc.GrpcConfigKeys$Server (ConfUtils.java:logGet(43)) - raft.grpc.server.leader.outstanding.appends.max = 128 (default)
2019-07-16 14:19:04,008 INFO  server.RaftServerConfigKeys (ConfUtils.java:logGet(43)) - raft.server.rpc.request.timeout = 3000ms (default)
2019-07-16 14:19:04,008 INFO  server.RaftServerConfigKeys (ConfUtils.java:logGet(43)) - raft.server.log.appender.install.snapshot.enabled = false (custom)
2019-07-16 14:19:04,010 INFO  impl.RoleInfo (RoleInfo.java:updateAndGet(143)) - 3ebb53ec-7397-4bac-b3b2-fbcfca4f3084: start LeaderState
2019-07-16 14:19:04,010 INFO  segmented.SegmentedRaftLogWorker (SegmentedRaftLogWorker.java:startLogSegment(380)) - 3ebb53ec-7397-4bac-b3b2-fbcfca4f3084-SegmentedRaftLogWorker:Storage Directory /workdir/hadoop-ozone/integration-test/target/test-dir/MiniOzoneClusterImpl-cb088425-7f45-4d32-b7c7-566bcd4161d2/datanode-0/data/ratis/c763fdee-109f-4bd1-ab4f-6b1d19f694a8: Starting segment from index:0
2019-07-16 14:19:04,011 INFO  impl.RaftServerImpl (ServerState.java:setRaftConf(361)) - 3ebb53ec-7397-4bac-b3b2-fbcfca4f3084:group-6B1D19F694A8 set configuration 0: [5f1e710f-bd2f-4a4b-9aaf-0bc613871562:192.168.157.241:40087, 3ebb53ec-7397-4bac-b3b2-fbcfca4f3084:192.168.157.241:44500, ac0feed9-e302-4363-a7c4-23c8743a625e:192.168.157.241:32768], old=null at 0
2019-07-16 14:19:04,032 INFO  client.GrpcClientProtocolClient (GrpcClientProtocolClient.java:onNext(255)) - client-7C6737A1C25D->5f1e710f-bd2f-4a4b-9aaf-0bc613871562: receive RaftClientReply:client-7C6737A1C25D->5f1e710f-bd2f-4a4b-9aaf-0bc613871562@group-6B1D19F694A8, cid=13, FAILED org.apache.ratis.protocol.NotLeaderException: Server 5f1e710f-bd2f-4a4b-9aaf-0bc613871562 is not the leader (null). Request must be sent to leader., logIndex=0, commits[5f1e710f-bd2f-4a4b-9aaf-0bc613871562:c-1]
2019-07-16 14:19:04,037 INFO  segmented.SegmentedRaftLogWorker (SegmentedRaftLogWorker.java:execute(569)) - 3ebb53ec-7397-4bac-b3b2-fbcfca4f3084-SegmentedRaftLogWorker:Storage Directory /workdir/hadoop-ozone/integration-test/target/test-dir/MiniOzoneClusterImpl-cb088425-7f45-4d32-b7c7-566bcd4161d2/datanode-0/data/ratis/c763fdee-109f-4bd1-ab4f-6b1d19f694a8: created new log segment /workdir/hadoop-ozone/integration-test/target/test-dir/MiniOzoneClusterImpl-cb088425-7f45-4d32-b7c7-566bcd4161d2/datanode-0/data/ratis/c763fdee-109f-4bd1-ab4f-6b1d19f694a8/current/log_inprogress_0
2019-07-16 14:19:04,055 INFO  impl.RaftServerImpl (ServerState.java:setLeader(263)) - ac0feed9-e302-4363-a7c4-23c8743a625e:group-6B1D19F694A8 change Leader from null to 3ebb53ec-7397-4bac-b3b2-fbcfca4f3084 at term 1 for appendEntries, leader elected after 5204ms
2019-07-16 14:19:04,055 INFO  impl.RaftServerImpl (ServerState.java:setLeader(263)) - 5f1e710f-bd2f-4a4b-9aaf-0bc613871562:group-6B1D19F694A8 change Leader from null to 3ebb53ec-7397-4bac-b3b2-fbcfca4f3084 at term 1 for appendEntries, leader elected after 5204ms
2019-07-16 14:19:04,093 INFO  impl.RaftServerImpl (ServerState.java:setRaftConf(361)) - ac0feed9-e302-4363-a7c4-23c8743a625e:group-6B1D19F694A8 set configuration 0: [5f1e710f-bd2f-4a4b-9aaf-0bc613871562:192.168.157.241:40087, 3ebb53ec-7397-4bac-b3b2-fbcfca4f3084:192.168.157.241:44500, ac0feed9-e302-4363-a7c4-23c8743a625e:192.168.157.241:32768], old=null at 0
2019-07-16 14:19:04,093 INFO  impl.RaftServerImpl (ServerState.java:setRaftConf(361)) - 5f1e710f-bd2f-4a4b-9aaf-0bc613871562:group-6B1D19F694A8 set configuration 0: [5f1e710f-bd2f-4a4b-9aaf-0bc613871562:192.168.157.241:40087, 3ebb53ec-7397-4bac-b3b2-fbcfca4f3084:192.168.157.241:44500, ac0feed9-e302-4363-a7c4-23c8743a625e:192.168.157.241:32768], old=null at 0
2019-07-16 14:19:04,094 INFO  segmented.SegmentedRaftLogWorker (SegmentedRaftLogWorker.java:startLogSegment(380)) - ac0feed9-e302-4363-a7c4-23c8743a625e-SegmentedRaftLogWorker:Storage Directory /workdir/hadoop-ozone/integration-test/target/test-dir/MiniOzoneClusterImpl-cb088425-7f45-4d32-b7c7-566bcd4161d2/datanode-2/data/ratis/c763fdee-109f-4bd1-ab4f-6b1d19f694a8: Starting segment from index:0
2019-07-16 14:19:04,094 INFO  segmented.SegmentedRaftLogWorker (SegmentedRaftLogWorker.java:startLogSegment(380)) - 5f1e710f-bd2f-4a4b-9aaf-0bc613871562-SegmentedRaftLogWorker:Storage Directory /workdir/hadoop-ozone/integration-test/target/test-dir/MiniOzoneClusterImpl-cb088425-7f45-4d32-b7c7-566bcd4161d2/datanode-4/data/ratis/c763fdee-109f-4bd1-ab4f-6b1d19f694a8: Starting segment from index:0
2019-07-16 14:19:04,125 INFO  segmented.SegmentedRaftLogWorker (SegmentedRaftLogWorker.java:execute(569)) - 5f1e710f-bd2f-4a4b-9aaf-0bc613871562-SegmentedRaftLogWorker:Storage Directory /workdir/hadoop-ozone/integration-test/target/test-dir/MiniOzoneClusterImpl-cb088425-7f45-4d32-b7c7-566bcd4161d2/datanode-4/data/ratis/c763fdee-109f-4bd1-ab4f-6b1d19f694a8: created new log segment /workdir/hadoop-ozone/integration-test/target/test-dir/MiniOzoneClusterImpl-cb088425-7f45-4d32-b7c7-566bcd4161d2/datanode-4/data/ratis/c763fdee-109f-4bd1-ab4f-6b1d19f694a8/current/log_inprogress_0
2019-07-16 14:19:04,125 INFO  segmented.SegmentedRaftLogWorker (SegmentedRaftLogWorker.java:execute(569)) - ac0feed9-e302-4363-a7c4-23c8743a625e-SegmentedRaftLogWorker:Storage Directory /workdir/hadoop-ozone/integration-test/target/test-dir/MiniOzoneClusterImpl-cb088425-7f45-4d32-b7c7-566bcd4161d2/datanode-2/data/ratis/c763fdee-109f-4bd1-ab4f-6b1d19f694a8: created new log segment /workdir/hadoop-ozone/integration-test/target/test-dir/MiniOzoneClusterImpl-cb088425-7f45-4d32-b7c7-566bcd4161d2/datanode-2/data/ratis/c763fdee-109f-4bd1-ab4f-6b1d19f694a8/current/log_inprogress_0
2019-07-16 14:19:05,059 INFO  client.GrpcClientProtocolClient (GrpcClientProtocolClient.java:onNext(255)) - client-7C6737A1C25D->ac0feed9-e302-4363-a7c4-23c8743a625e: receive RaftClientReply:client-7C6737A1C25D->ac0feed9-e302-4363-a7c4-23c8743a625e@group-6B1D19F694A8, cid=13, FAILED org.apache.ratis.protocol.NotLeaderException: Server ac0feed9-e302-4363-a7c4-23c8743a625e is not the leader (3ebb53ec-7397-4bac-b3b2-fbcfca4f3084:192.168.157.241:44500). Request must be sent to leader., logIndex=0, commits[ac0feed9-e302-4363-a7c4-23c8743a625e:c0, 5f1e710f-bd2f-4a4b-9aaf-0bc613871562:c-1, 3ebb53ec-7397-4bac-b3b2-fbcfca4f3084:c0]
2019-07-16 14:19:05,336 INFO  client.GrpcClientProtocolClient (GrpcClientProtocolClient.java:onNext(255)) - client-7C6737A1C25D->3ebb53ec-7397-4bac-b3b2-fbcfca4f3084: receive RaftClientReply:client-7C6737A1C25D->3ebb53ec-7397-4bac-b3b2-fbcfca4f3084@group-6B1D19F694A8, cid=13, SUCCESS, logIndex=1, commits[3ebb53ec-7397-4bac-b3b2-fbcfca4f3084:c1, 5f1e710f-bd2f-4a4b-9aaf-0bc613871562:c0, ac0feed9-e302-4363-a7c4-23c8743a625e:c0]
2019-07-16 14:19:05,383 INFO  client.GrpcClientProtocolClient (GrpcClientProtocolClient.java:onNext(255)) - client-7C6737A1C25D->3ebb53ec-7397-4bac-b3b2-fbcfca4f3084: receive RaftClientReply:client-7C6737A1C25D->3ebb53ec-7397-4bac-b3b2-fbcfca4f3084@group-6B1D19F694A8, cid=14, SUCCESS, logIndex=3, commits[3ebb53ec-7397-4bac-b3b2-fbcfca4f3084:c3, 5f1e710f-bd2f-4a4b-9aaf-0bc613871562:c2, ac0feed9-e302-4363-a7c4-23c8743a625e:c2]
2019-07-16 14:19:05,470 INFO  client.GrpcClientProtocolClient (GrpcClientProtocolClient.java:onNext(255)) - client-7C6737A1C25D->3ebb53ec-7397-4bac-b3b2-fbcfca4f3084: receive RaftClientReply:client-7C6737A1C25D->3ebb53ec-7397-4bac-b3b2-fbcfca4f3084@group-6B1D19F694A8, cid=15, SUCCESS, logIndex=4, commits[3ebb53ec-7397-4bac-b3b2-fbcfca4f3084:c12, 5f1e710f-bd2f-4a4b-9aaf-0bc613871562:c8, ac0feed9-e302-4363-a7c4-23c8743a625e:c8]
2019-07-16 14:19:05,474 INFO  client.GrpcClientProtocolClient (GrpcClientProtocolClient.java:onNext(255)) - client-7C6737A1C25D->3ebb53ec-7397-4bac-b3b2-fbcfca4f3084: receive RaftClientReply:client-7C6737A1C25D->3ebb53ec-7397-4bac-b3b2-fbcfca4f3084@group-6B1D19F694A8, cid=16, SUCCESS, logIndex=5, commits[3ebb53ec-7397-4bac-b3b2-fbcfca4f3084:c12, 5f1e710f-bd2f-4a4b-9aaf-0bc613871562:c8, ac0feed9-e302-4363-a7c4-23c8743a625e:c8]
2019-07-16 14:19:05,475 INFO  client.GrpcClientProtocolClient (GrpcClientProtocolClient.java:onNext(255)) - client-7C6737A1C25D->3ebb53ec-7397-4bac-b3b2-fbcfca4f3084: receive RaftClientReply:client-7C6737A1C25D->3ebb53ec-7397-4bac-b3b2-fbcfca4f3084@group-6B1D19F694A8, cid=17, SUCCESS, logIndex=7, commits[3ebb53ec-7397-4bac-b3b2-fbcfca4f3084:c12, 5f1e710f-bd2f-4a4b-9aaf-0bc613871562:c8, ac0feed9-e302-4363-a7c4-23c8743a625e:c8]
2019-07-16 14:19:05,556 INFO  client.GrpcClientProtocolClient (GrpcClientProtocolClient.java:onNext(255)) - client-7C6737A1C25D->3ebb53ec-7397-4bac-b3b2-fbcfca4f3084: receive RaftClientReply:client-7C6737A1C25D->3ebb53ec-7397-4bac-b3b2-fbcfca4f3084@group-6B1D19F694A8, cid=18, SUCCESS, logIndex=8, commits[3ebb53ec-7397-4bac-b3b2-fbcfca4f3084:c12, 5f1e710f-bd2f-4a4b-9aaf-0bc613871562:c8, ac0feed9-e302-4363-a7c4-23c8743a625e:c8]
2019-07-16 14:19:05,588 INFO  client.GrpcClientProtocolClient (GrpcClientProtocolClient.java:onNext(255)) - client-7C6737A1C25D->3ebb53ec-7397-4bac-b3b2-fbcfca4f3084: receive RaftClientReply:client-7C6737A1C25D->3ebb53ec-7397-4bac-b3b2-fbcfca4f3084@group-6B1D19F694A8, cid=19, SUCCESS, logIndex=13, commits[3ebb53ec-7397-4bac-b3b2-fbcfca4f3084:c14, 5f1e710f-bd2f-4a4b-9aaf-0bc613871562:c12, ac0feed9-e302-4363-a7c4-23c8743a625e:c12]
2019-07-16 14:19:05,589 INFO  client.GrpcClientProtocolClient (GrpcClientProtocolClient.java:onNext(255)) - client-7C6737A1C25D->3ebb53ec-7397-4bac-b3b2-fbcfca4f3084: receive RaftClientReply:client-7C6737A1C25D->3ebb53ec-7397-4bac-b3b2-fbcfca4f3084@group-6B1D19F694A8, cid=20, SUCCESS, logIndex=14, commits[3ebb53ec-7397-4bac-b3b2-fbcfca4f3084:c14, 5f1e710f-bd2f-4a4b-9aaf-0bc613871562:c12, ac0feed9-e302-4363-a7c4-23c8743a625e:c12]
2019-07-16 14:19:05,617 INFO  client.GrpcClientProtocolClient (GrpcClientProtocolClient.java:onNext(255)) - client-7C6737A1C25D->3ebb53ec-7397-4bac-b3b2-fbcfca4f3084: receive RaftClientReply:client-7C6737A1C25D->3ebb53ec-7397-4bac-b3b2-fbcfca4f3084@group-6B1D19F694A8, cid=21, SUCCESS, logIndex=0, commits[3ebb53ec-7397-4bac-b3b2-fbcfca4f3084:c16, 5f1e710f-bd2f-4a4b-9aaf-0bc613871562:c14, ac0feed9-e302-4363-a7c4-23c8743a625e:c14]
2019-07-16 14:19:05,618 INFO  datanode.ObjectStoreHandler (ObjectStoreHandler.java:close(155)) - Closing ObjectStoreHandler.
2019-07-16 14:19:05,620 INFO  ozone.HddsDatanodeService (HddsDatanodeService.java:stop(452)) - Stopped plug-in org.apache.hadoop.ozone.web.OzoneHddsDatanodeService@70d4f672
2019-07-16 14:19:06,306 INFO  statemachine.DatanodeStateMachine (DatanodeStateMachine.java:lambda$startDaemon$0(350)) - Ozone container server started.
2019-07-16 14:19:08,954 INFO  impl.FollowerState (FollowerState.java:run(106)) - 565c8e87-23b4-4af4-b74a-93bf622f1a75:group-27E3A1668701 changes to CANDIDATE, lastRpcTime:5030, electionTimeout:5030ms
2019-07-16 14:19:08,954 INFO  impl.RoleInfo (RoleInfo.java:shutdownFollowerState(121)) - 565c8e87-23b4-4af4-b74a-93bf622f1a75: shutdown FollowerState
2019-07-16 14:19:08,955 INFO  impl.RaftServerImpl (RaftServerImpl.java:setRole(171)) - 565c8e87-23b4-4af4-b74a-93bf622f1a75:group-27E3A1668701 changes role from FOLLOWER to CANDIDATE at term 1 for changeToCandidate
2019-07-16 14:19:08,955 INFO  impl.RoleInfo (RoleInfo.java:updateAndGet(143)) - 565c8e87-23b4-4af4-b74a-93bf622f1a75: start LeaderElection
2019-07-16 14:19:08,973 INFO  impl.LeaderElection (LeaderElection.java:askForVotes(181)) - 565c8e87-23b4-4af4-b74a-93bf622f1a75:group-27E3A1668701:LeaderElection13: begin an election at term 2 for -1: [41a75491-aacd-4dd0-a479-c7db72b1906a:192.168.157.241:40327, 565c8e87-23b4-4af4-b74a-93bf622f1a75:192.168.157.241:38956, 4c1df8d4-3768-4646-97ca-74441804a018:192.168.157.241:39040], old=null
2019-07-16 14:19:08,982 INFO  impl.RaftServerImpl (RaftServerImpl.java:setRole(171)) - 4c1df8d4-3768-4646-97ca-74441804a018:group-27E3A1668701 changes role from FOLLOWER to FOLLOWER at term 2 for recognizeCandidate:565c8e87-23b4-4af4-b74a-93bf622f1a75
2019-07-16 14:19:08,982 INFO  impl.RaftServerImpl (RaftServerImpl.java:setRole(171)) - 41a75491-aacd-4dd0-a479-c7db72b1906a:group-27E3A1668701 changes role from FOLLOWER to FOLLOWER at term 2 for recognizeCandidate:565c8e87-23b4-4af4-b74a-93bf622f1a75
2019-07-16 14:19:08,982 INFO  impl.RoleInfo (RoleInfo.java:shutdownFollowerState(121)) - 4c1df8d4-3768-4646-97ca-74441804a018: shutdown FollowerState
2019-07-16 14:19:08,983 INFO  impl.RoleInfo (RoleInfo.java:shutdownFollowerState(121)) - 41a75491-aacd-4dd0-a479-c7db72b1906a: shutdown FollowerState
2019-07-16 14:19:08,983 INFO  impl.RoleInfo (RoleInfo.java:updateAndGet(143)) - 4c1df8d4-3768-4646-97ca-74441804a018: start FollowerState
2019-07-16 14:19:08,983 INFO  impl.FollowerState (FollowerState.java:run(114)) - 41a75491-aacd-4dd0-a479-c7db72b1906a: FollowerState was interrupted: java.lang.InterruptedException: sleep interrupted
2019-07-16 14:19:08,983 INFO  impl.FollowerState (FollowerState.java:run(114)) - 4c1df8d4-3768-4646-97ca-74441804a018: FollowerState was interrupted: java.lang.InterruptedException: sleep interrupted
2019-07-16 14:19:08,983 INFO  impl.RoleInfo (RoleInfo.java:updateAndGet(143)) - 41a75491-aacd-4dd0-a479-c7db72b1906a: start FollowerState
2019-07-16 14:19:09,005 INFO  impl.LeaderElection (LeaderElection.java:logAndReturn(56)) - 565c8e87-23b4-4af4-b74a-93bf622f1a75:group-27E3A1668701:LeaderElection13: Election PASSED; received 1 response(s) [565c8e87-23b4-4af4-b74a-93bf622f1a75<-4c1df8d4-3768-4646-97ca-74441804a018#0:OK-t2] and 0 exception(s); 565c8e87-23b4-4af4-b74a-93bf622f1a75:t2, leader=null, voted=565c8e87-23b4-4af4-b74a-93bf622f1a75, raftlog=565c8e87-23b4-4af4-b74a-93bf622f1a75-SegmentedRaftLog:OPENED:c-1,f-1,i0, conf=-1: [41a75491-aacd-4dd0-a479-c7db72b1906a:192.168.157.241:40327, 565c8e87-23b4-4af4-b74a-93bf622f1a75:192.168.157.241:38956, 4c1df8d4-3768-4646-97ca-74441804a018:192.168.157.241:39040], old=null
2019-07-16 14:19:09,005 INFO  impl.RoleInfo (RoleInfo.java:shutdownLeaderElection(134)) - 565c8e87-23b4-4af4-b74a-93bf622f1a75: shutdown LeaderElection
2019-07-16 14:19:09,005 INFO  impl.RaftServerImpl (RaftServerImpl.java:setRole(171)) - 565c8e87-23b4-4af4-b74a-93bf622f1a75:group-27E3A1668701 changes role from CANDIDATE to LEADER at term 2 for changeToLeader
2019-07-16 14:19:09,007 INFO  impl.RaftServerImpl (ServerState.java:setLeader(263)) - 565c8e87-23b4-4af4-b74a-93bf622f1a75:group-27E3A1668701 change Leader from null to 565c8e87-23b4-4af4-b74a-93bf622f1a75 at term 2 for becomeLeader, leader elected after 10265ms
2019-07-16 14:19:09,008 INFO  server.RaftServerConfigKeys (ConfUtils.java:logGet(43)) - raft.server.staging.catchup.gap = 1000 (default)
2019-07-16 14:19:09,008 INFO  server.RaftServerConfigKeys (ConfUtils.java:logGet(43)) - raft.server.rpc.sleep.time = 25ms (default)
2019-07-16 14:19:09,008 INFO  server.RaftServerConfigKeys (ConfUtils.java:logGet(43)) - raft.server.write.element-limit = 4096 (default)
2019-07-16 14:19:09,008 INFO  server.RaftServerConfigKeys (ConfUtils.java:logGet(43)) - raft.server.watch.timeout = 10s (default)
2019-07-16 14:19:09,009 INFO  server.RaftServerConfigKeys (ConfUtils.java:logGet(43)) - raft.server.watch.timeout.denomination = 1s (default)
2019-07-16 14:19:09,009 INFO  server.RaftServerConfigKeys (ConfUtils.java:logGet(43)) - raft.server.watch.element-limit = 65536 (default)
2019-07-16 14:19:09,009 INFO  server.RaftServerConfigKeys (ConfUtils.java:logGet(43)) - raft.server.log.appender.snapshot.chunk.size.max = 16MB (=16777216) (default)
2019-07-16 14:19:09,010 INFO  server.RaftServerConfigKeys (ConfUtils.java:logGet(43)) - raft.server.log.appender.buffer.byte-limit = 33554432 (custom)
2019-07-16 14:19:09,010 INFO  server.RaftServerConfigKeys (ConfUtils.java:logGet(43)) - raft.server.log.appender.buffer.element-limit = 1 (custom)
2019-07-16 14:19:09,010 INFO  grpc.GrpcConfigKeys$Server (ConfUtils.java:logGet(43)) - raft.grpc.server.leader.outstanding.appends.max = 128 (default)
2019-07-16 14:19:09,010 INFO  server.RaftServerConfigKeys (ConfUtils.java:logGet(43)) - raft.server.rpc.request.timeout = 3000ms (default)
2019-07-16 14:19:09,010 INFO  server.RaftServerConfigKeys (ConfUtils.java:logGet(43)) - raft.server.log.appender.install.snapshot.enabled = false (custom)
2019-07-16 14:19:09,011 INFO  server.RaftServerConfigKeys (ConfUtils.java:logGet(43)) - raft.server.log.appender.snapshot.chunk.size.max = 16MB (=16777216) (default)
2019-07-16 14:19:09,011 INFO  server.RaftServerConfigKeys (ConfUtils.java:logGet(43)) - raft.server.log.appender.buffer.byte-limit = 33554432 (custom)
2019-07-16 14:19:09,011 INFO  server.RaftServerConfigKeys (ConfUtils.java:logGet(43)) - raft.server.log.appender.buffer.element-limit = 1 (custom)
2019-07-16 14:19:09,011 INFO  grpc.GrpcConfigKeys$Server (ConfUtils.java:logGet(43)) - raft.grpc.server.leader.outstanding.appends.max = 128 (default)
2019-07-16 14:19:09,012 INFO  server.RaftServerConfigKeys (ConfUtils.java:logGet(43)) - raft.server.rpc.request.timeout = 3000ms (default)
2019-07-16 14:19:09,012 INFO  server.RaftServerConfigKeys (ConfUtils.java:logGet(43)) - raft.server.log.appender.install.snapshot.enabled = false (custom)
2019-07-16 14:19:09,012 INFO  impl.RoleInfo (RoleInfo.java:updateAndGet(143)) - 565c8e87-23b4-4af4-b74a-93bf622f1a75: start LeaderState
2019-07-16 14:19:09,012 INFO  segmented.SegmentedRaftLogWorker (SegmentedRaftLogWorker.java:startLogSegment(380)) - 565c8e87-23b4-4af4-b74a-93bf622f1a75-SegmentedRaftLogWorker:Storage Directory /workdir/hadoop-ozone/integration-test/target/test-dir/MiniOzoneClusterImpl-cb088425-7f45-4d32-b7c7-566bcd4161d2/datanode-3/data/ratis/e8083c75-2cae-40d7-8bc0-27e3a1668701: Starting segment from index:0
2019-07-16 14:19:09,014 INFO  impl.RaftServerImpl (ServerState.java:setRaftConf(361)) - 565c8e87-23b4-4af4-b74a-93bf622f1a75:group-27E3A1668701 set configuration 0: [41a75491-aacd-4dd0-a479-c7db72b1906a:192.168.157.241:40327, 565c8e87-23b4-4af4-b74a-93bf622f1a75:192.168.157.241:38956, 4c1df8d4-3768-4646-97ca-74441804a018:192.168.157.241:39040], old=null at 0
2019-07-16 14:19:09,037 INFO  impl.RaftServerImpl (ServerState.java:setLeader(263)) - 4c1df8d4-3768-4646-97ca-74441804a018:group-27E3A1668701 change Leader from null to 565c8e87-23b4-4af4-b74a-93bf622f1a75 at term 2 for appendEntries, leader elected after 10295ms
2019-07-16 14:19:09,039 INFO  impl.RaftServerImpl (ServerState.java:setLeader(263)) - 41a75491-aacd-4dd0-a479-c7db72b1906a:group-27E3A1668701 change Leader from null to 565c8e87-23b4-4af4-b74a-93bf622f1a75 at term 2 for appendEntries, leader elected after 10297ms
2019-07-16 14:19:09,044 INFO  impl.RaftServerImpl (ServerState.java:setRaftConf(361)) - 4c1df8d4-3768-4646-97ca-74441804a018:group-27E3A1668701 set configuration 0: [41a75491-aacd-4dd0-a479-c7db72b1906a:192.168.157.241:40327, 565c8e87-23b4-4af4-b74a-93bf622f1a75:192.168.157.241:38956, 4c1df8d4-3768-4646-97ca-74441804a018:192.168.157.241:39040], old=null at 0
2019-07-16 14:19:09,044 INFO  impl.RaftServerImpl (ServerState.java:setRaftConf(361)) - 41a75491-aacd-4dd0-a479-c7db72b1906a:group-27E3A1668701 set configuration 0: [41a75491-aacd-4dd0-a479-c7db72b1906a:192.168.157.241:40327, 565c8e87-23b4-4af4-b74a-93bf622f1a75:192.168.157.241:38956, 4c1df8d4-3768-4646-97ca-74441804a018:192.168.157.241:39040], old=null at 0
2019-07-16 14:19:09,044 INFO  segmented.SegmentedRaftLogWorker (SegmentedRaftLogWorker.java:startLogSegment(380)) - 4c1df8d4-3768-4646-97ca-74441804a018-SegmentedRaftLogWorker:Storage Directory /workdir/hadoop-ozone/integration-test/target/test-dir/MiniOzoneClusterImpl-cb088425-7f45-4d32-b7c7-566bcd4161d2/datanode-6/data/ratis/e8083c75-2cae-40d7-8bc0-27e3a1668701: Starting segment from index:0
2019-07-16 14:19:09,044 INFO  segmented.SegmentedRaftLogWorker (SegmentedRaftLogWorker.java:startLogSegment(380)) - 41a75491-aacd-4dd0-a479-c7db72b1906a-SegmentedRaftLogWorker:Storage Directory /workdir/hadoop-ozone/integration-test/target/test-dir/MiniOzoneClusterImpl-cb088425-7f45-4d32-b7c7-566bcd4161d2/datanode-1/data/ratis/e8083c75-2cae-40d7-8bc0-27e3a1668701: Starting segment from index:0
2019-07-16 14:19:09,046 INFO  segmented.SegmentedRaftLogWorker (SegmentedRaftLogWorker.java:execute(569)) - 565c8e87-23b4-4af4-b74a-93bf622f1a75-SegmentedRaftLogWorker:Storage Directory /workdir/hadoop-ozone/integration-test/target/test-dir/MiniOzoneClusterImpl-cb088425-7f45-4d32-b7c7-566bcd4161d2/datanode-3/data/ratis/e8083c75-2cae-40d7-8bc0-27e3a1668701: created new log segment /workdir/hadoop-ozone/integration-test/target/test-dir/MiniOzoneClusterImpl-cb088425-7f45-4d32-b7c7-566bcd4161d2/datanode-3/data/ratis/e8083c75-2cae-40d7-8bc0-27e3a1668701/current/log_inprogress_0
2019-07-16 14:19:09,078 INFO  segmented.SegmentedRaftLogWorker (SegmentedRaftLogWorker.java:execute(569)) - 4c1df8d4-3768-4646-97ca-74441804a018-SegmentedRaftLogWorker:Storage Directory /workdir/hadoop-ozone/integration-test/target/test-dir/MiniOzoneClusterImpl-cb088425-7f45-4d32-b7c7-566bcd4161d2/datanode-6/data/ratis/e8083c75-2cae-40d7-8bc0-27e3a1668701: created new log segment /workdir/hadoop-ozone/integration-test/target/test-dir/MiniOzoneClusterImpl-cb088425-7f45-4d32-b7c7-566bcd4161d2/datanode-6/data/ratis/e8083c75-2cae-40d7-8bc0-27e3a1668701/current/log_inprogress_0
2019-07-16 14:19:09,078 INFO  segmented.SegmentedRaftLogWorker (SegmentedRaftLogWorker.java:execute(569)) - 41a75491-aacd-4dd0-a479-c7db72b1906a-SegmentedRaftLogWorker:Storage Directory /workdir/hadoop-ozone/integration-test/target/test-dir/MiniOzoneClusterImpl-cb088425-7f45-4d32-b7c7-566bcd4161d2/datanode-1/data/ratis/e8083c75-2cae-40d7-8bc0-27e3a1668701: created new log segment /workdir/hadoop-ozone/integration-test/target/test-dir/MiniOzoneClusterImpl-cb088425-7f45-4d32-b7c7-566bcd4161d2/datanode-1/data/ratis/e8083c75-2cae-40d7-8bc0-27e3a1668701/current/log_inprogress_0
2019-07-16 14:19:10,343 INFO  node.StaleNodeHandler (StaleNodeHandler.java:onMessage(58)) - Datanode 5f1e710f-bd2f-4a4b-9aaf-0bc613871562{ip: 192.168.157.241, host: trunk-nightly-gllmw-2332419065, networkLocation: /default-rack, certSerialId: null} moved to stale state. Finalizing its pipelines [PipelineID=07f1ad3b-23be-45bb-85d8-2c73cf5a981a, PipelineID=c763fdee-109f-4bd1-ab4f-6b1d19f694a8]
2019-07-16 14:19:10,347 INFO  pipeline.SCMPipelineManager (SCMPipelineManager.java:finalizeAndDestroyPipeline(309)) - destroying pipeline:Pipeline[ Id: 07f1ad3b-23be-45bb-85d8-2c73cf5a981a, Nodes: 5f1e710f-bd2f-4a4b-9aaf-0bc613871562{ip: 192.168.157.241, host: trunk-nightly-gllmw-2332419065, networkLocation: /default-rack, certSerialId: null}, Type:RATIS, Factor:ONE, State:OPEN]
2019-07-16 14:19:10,348 INFO  pipeline.PipelineStateManager (PipelineStateManager.java:finalizePipeline(123)) - Pipeline Pipeline[ Id: 07f1ad3b-23be-45bb-85d8-2c73cf5a981a, Nodes: 5f1e710f-bd2f-4a4b-9aaf-0bc613871562{ip: 192.168.157.241, host: trunk-nightly-gllmw-2332419065, networkLocation: /default-rack, certSerialId: null}, Type:RATIS, Factor:ONE, State:CLOSED] moved to CLOSED state
2019-07-16 14:19:10,350 INFO  pipeline.SCMPipelineManager (SCMPipelineManager.java:finalizeAndDestroyPipeline(309)) - destroying pipeline:Pipeline[ Id: c763fdee-109f-4bd1-ab4f-6b1d19f694a8, Nodes: 5f1e710f-bd2f-4a4b-9aaf-0bc613871562{ip: 192.168.157.241, host: trunk-nightly-gllmw-2332419065, networkLocation: /default-rack, certSerialId: null}3ebb53ec-7397-4bac-b3b2-fbcfca4f3084{ip: 192.168.157.241, host: trunk-nightly-gllmw-2332419065, networkLocation: /default-rack, certSerialId: null}ac0feed9-e302-4363-a7c4-23c8743a625e{ip: 192.168.157.241, host: trunk-nightly-gllmw-2332419065, networkLocation: /default-rack, certSerialId: null}, Type:RATIS, Factor:THREE, State:OPEN]
2019-07-16 14:19:10,350 INFO  pipeline.PipelineStateManager (PipelineStateManager.java:finalizePipeline(123)) - Pipeline Pipeline[ Id: c763fdee-109f-4bd1-ab4f-6b1d19f694a8, Nodes: 5f1e710f-bd2f-4a4b-9aaf-0bc613871562{ip: 192.168.157.241, host: trunk-nightly-gllmw-2332419065, networkLocation: /default-rack, certSerialId: null}3ebb53ec-7397-4bac-b3b2-fbcfca4f3084{ip: 192.168.157.241, host: trunk-nightly-gllmw-2332419065, networkLocation: /default-rack, certSerialId: null}ac0feed9-e302-4363-a7c4-23c8743a625e{ip: 192.168.157.241, host: trunk-nightly-gllmw-2332419065, networkLocation: /default-rack, certSerialId: null}, Type:RATIS, Factor:THREE, State:CLOSED] moved to CLOSED state
2019-07-16 14:19:10,351 INFO  container.CloseContainerEventHandler (CloseContainerEventHandler.java:onMessage(61)) - Close container Event triggered for container : #1
2019-07-16 14:19:10,622 INFO  ozoneimpl.OzoneContainer (OzoneContainer.java:stop(199)) - Attempting to stop container services.
2019-07-16 14:19:10,625 INFO  impl.RaftServerProxy (RaftServerProxy.java:lambda$close$4(314)) - 5f1e710f-bd2f-4a4b-9aaf-0bc613871562: close
2019-07-16 14:19:10,628 INFO  impl.RaftServerImpl (RaftServerImpl.java:lambda$shutdown$3(245)) - 5f1e710f-bd2f-4a4b-9aaf-0bc613871562: shutdown group-2C73CF5A981A
2019-07-16 14:19:10,628 INFO  impl.RaftServerImpl (RaftServerImpl.java:lambda$shutdown$3(245)) - 5f1e710f-bd2f-4a4b-9aaf-0bc613871562: shutdown group-6B1D19F694A8
2019-07-16 14:19:10,628 INFO  util.JmxRegister (JmxRegister.java:unregister(73)) - Successfully un-registered JMX Bean with object name Ratis:service=RaftServer,group=group-2C73CF5A981A,id=5f1e710f-bd2f-4a4b-9aaf-0bc613871562
2019-07-16 14:19:10,629 INFO  util.JmxRegister (JmxRegister.java:unregister(73)) - Successfully un-registered JMX Bean with object name Ratis:service=RaftServer,group=group-6B1D19F694A8,id=5f1e710f-bd2f-4a4b-9aaf-0bc613871562
2019-07-16 14:19:10,629 INFO  impl.RoleInfo (RoleInfo.java:shutdownLeaderState(104)) - 5f1e710f-bd2f-4a4b-9aaf-0bc613871562: shutdown LeaderState
2019-07-16 14:19:10,629 INFO  impl.RoleInfo (RoleInfo.java:shutdownFollowerState(121)) - 5f1e710f-bd2f-4a4b-9aaf-0bc613871562: shutdown FollowerState
2019-07-16 14:19:10,630 INFO  impl.StateMachineUpdater (StateMachineUpdater.java:stopAndJoin(115)) - StateMachineUpdater:5f1e710f-bd2f-4a4b-9aaf-0bc613871562:group-6B1D19F694A8: set stopIndex = 16
2019-07-16 14:19:10,630 INFO  impl.PendingRequests (PendingRequests.java:sendNotLeaderResponses(202)) - 5f1e710f-bd2f-4a4b-9aaf-0bc613871562-PendingRequests: sendNotLeaderResponses
2019-07-16 14:19:10,630 INFO  impl.FollowerState (FollowerState.java:run(114)) - 5f1e710f-bd2f-4a4b-9aaf-0bc613871562: FollowerState was interrupted: java.lang.InterruptedException: sleep interrupted
2019-07-16 14:19:10,630 INFO  ratis.ContainerStateMachine (ContainerStateMachine.java:takeSnapshot(249)) - group-6B1D19F694A8: Taking a snapshot at:(t:1, i:14) file /workdir/hadoop-ozone/integration-test/target/test-dir/MiniOzoneClusterImpl-cb088425-7f45-4d32-b7c7-566bcd4161d2/datanode-4/data/ratis/c763fdee-109f-4bd1-ab4f-6b1d19f694a8/sm/snapshot.1_14
2019-07-16 14:19:10,635 INFO  impl.StateMachineUpdater (StateMachineUpdater.java:stopAndJoin(115)) - StateMachineUpdater:5f1e710f-bd2f-4a4b-9aaf-0bc613871562:group-2C73CF5A981A: set stopIndex = 0
2019-07-16 14:19:10,637 INFO  impl.RaftServerImpl (ServerState.java:close(394)) - 5f1e710f-bd2f-4a4b-9aaf-0bc613871562:group-2C73CF5A981A closes. The last applied log index is 0
2019-07-16 14:19:10,640 INFO  segmented.SegmentedRaftLogWorker (SegmentedRaftLogWorker.java:run(313)) - 5f1e710f-bd2f-4a4b-9aaf-0bc613871562-SegmentedRaftLogWorker:Storage Directory /workdir/hadoop-ozone/integration-test/target/test-dir/MiniOzoneClusterImpl-cb088425-7f45-4d32-b7c7-566bcd4161d2/datanode-4/data/ratis/07f1ad3b-23be-45bb-85d8-2c73cf5a981a was interrupted, exiting. There are 0 tasks remaining in the queue.
2019-07-16 14:19:10,642 INFO  segmented.SegmentedRaftLogWorker (SegmentedRaftLogWorker.java:close(228)) - 5f1e710f-bd2f-4a4b-9aaf-0bc613871562-SegmentedRaftLogWorker:Storage Directory /workdir/hadoop-ozone/integration-test/target/test-dir/MiniOzoneClusterImpl-cb088425-7f45-4d32-b7c7-566bcd4161d2/datanode-4/data/ratis/07f1ad3b-23be-45bb-85d8-2c73cf5a981a close()
2019-07-16 14:19:10,656 INFO  ratis.ContainerStateMachine (ContainerStateMachine.java:takeSnapshot(257)) - group-6B1D19F694A8: Finished taking a snapshot at:(t:1, i:14) file:/workdir/hadoop-ozone/integration-test/target/test-dir/MiniOzoneClusterImpl-cb088425-7f45-4d32-b7c7-566bcd4161d2/datanode-4/data/ratis/c763fdee-109f-4bd1-ab4f-6b1d19f694a8/sm/snapshot.1_14 time:25
2019-07-16 14:19:10,656 INFO  impl.StateMachineUpdater (StateMachineUpdater.java:takeSnapshot(242)) - StateMachineUpdater:5f1e710f-bd2f-4a4b-9aaf-0bc613871562:group-6B1D19F694A8: Took a snapshot at index 14
2019-07-16 14:19:10,656 INFO  impl.StateMachineUpdater (StateMachineUpdater.java:lambda$new$0(80)) - StateMachineUpdater:5f1e710f-bd2f-4a4b-9aaf-0bc613871562:group-6B1D19F694A8: snapshotIndex: updateIncreasingly -1 -> 14
2019-07-16 14:19:10,661 INFO  impl.RaftServerImpl (ServerState.java:close(394)) - 5f1e710f-bd2f-4a4b-9aaf-0bc613871562:group-6B1D19F694A8 closes. The last applied log index is 16
2019-07-16 14:19:10,661 INFO  segmented.SegmentedRaftLogWorker (SegmentedRaftLogWorker.java:run(313)) - 5f1e710f-bd2f-4a4b-9aaf-0bc613871562-SegmentedRaftLogWorker:Storage Directory /workdir/hadoop-ozone/integration-test/target/test-dir/MiniOzoneClusterImpl-cb088425-7f45-4d32-b7c7-566bcd4161d2/datanode-4/data/ratis/c763fdee-109f-4bd1-ab4f-6b1d19f694a8 was interrupted, exiting. There are 0 tasks remaining in the queue.
2019-07-16 14:19:10,664 INFO  segmented.SegmentedRaftLogWorker (SegmentedRaftLogWorker.java:close(228)) - 5f1e710f-bd2f-4a4b-9aaf-0bc613871562-SegmentedRaftLogWorker:Storage Directory /workdir/hadoop-ozone/integration-test/target/test-dir/MiniOzoneClusterImpl-cb088425-7f45-4d32-b7c7-566bcd4161d2/datanode-4/data/ratis/c763fdee-109f-4bd1-ab4f-6b1d19f694a8 close()
2019-07-16 14:19:10,668 INFO  server.GrpcService (GrpcService.java:closeImpl(155)) - 5f1e710f-bd2f-4a4b-9aaf-0bc613871562: shutdown server with port 40087 now
2019-07-16 14:19:10,676 INFO  server.GrpcService (GrpcService.java:closeImpl(163)) - 5f1e710f-bd2f-4a4b-9aaf-0bc613871562: shutdown server with port 40087 successfully
2019-07-16 14:19:10,676 WARN  server.GrpcServerProtocolService (LogUtils.java:warn(134)) - 5f1e710f-bd2f-4a4b-9aaf-0bc613871562: appendEntries onError: org.apache.ratis.thirdparty.io.grpc.StatusRuntimeException: CANCELLED: cancelled before receiving half close
2019-07-16 14:19:10,679 WARN  server.GrpcLogAppender (LogUtils.java:warn(134)) - 3ebb53ec-7397-4bac-b3b2-fbcfca4f3084->5f1e710f-bd2f-4a4b-9aaf-0bc613871562: Failed appendEntries: org.apache.ratis.thirdparty.io.grpc.StatusRuntimeException: CANCELLED: HTTP/2 error code: CANCEL
Received Rst Stream
2019-07-16 14:19:10,682 INFO  utils.BackgroundService (BackgroundService.java:shutdown(148)) - Shutting down service BlockDeletingService
2019-07-16 14:19:10,683 INFO  impl.FollowerInfo (FollowerInfo.java:lambda$new$0(50)) - 3ebb53ec-7397-4bac-b3b2-fbcfca4f3084->5f1e710f-bd2f-4a4b-9aaf-0bc613871562: nextIndex: updateUnconditionally 17 -> 16
2019-07-16 14:19:10,688 WARN  fs.CachingGetSpaceUsed (CachingGetSpaceUsed.java:run(183)) - Thread Interrupted waiting to refresh disk information: sleep interrupted
2019-07-16 14:19:10,711 INFO  statemachine.DatanodeStateMachine (DatanodeStateMachine.java:stopDaemon(395)) - Ozone container server stopped.
2019-07-16 14:19:10,728 INFO  handler.ContextHandler (ContextHandler.java:doStop(910)) - Stopped o.e.j.w.WebAppContext@2ca54da9{/,null,UNAVAILABLE}{/hddsDatanode}
2019-07-16 14:19:10,735 INFO  server.AbstractConnector (AbstractConnector.java:doStop(318)) - Stopped ServerConnector@34a20f16{HTTP/1.1,[http/1.1]}{0.0.0.0:0}
2019-07-16 14:19:10,735 INFO  handler.ContextHandler (ContextHandler.java:doStop(910)) - Stopped o.e.j.s.ServletContextHandler@6b2fdffc{/static,jar:file:/home/user/.m2/repository/org/apache/hadoop/hadoop-hdds-container-service/0.5.0-SNAPSHOT/hadoop-hdds-container-service-0.5.0-SNAPSHOT.jar!/webapps/static,UNAVAILABLE}
2019-07-16 14:19:10,736 INFO  handler.ContextHandler (ContextHandler.java:doStop(910)) - Stopped o.e.j.s.ServletContextHandler@77a0dd63{/logs,file:///workdir/hadoop-ozone/integration-test/target/log,UNAVAILABLE}
2019-07-16 14:19:10,739 INFO  datanode.ObjectStoreHandler (ObjectStoreHandler.java:close(155)) - Closing ObjectStoreHandler.
2019-07-16 14:19:10,740 INFO  ozone.HddsDatanodeService (HddsDatanodeService.java:stop(452)) - Stopped plug-in org.apache.hadoop.ozone.web.OzoneHddsDatanodeService@149b4d20
2019-07-16 14:19:11,232 INFO  statemachine.DatanodeStateMachine (DatanodeStateMachine.java:lambda$startDaemon$0(350)) - Ozone container server started.
2019-07-16 14:19:13,133 WARN  server.GrpcLogAppender (LogUtils.java:warn(134)) - 3ebb53ec-7397-4bac-b3b2-fbcfca4f3084->5f1e710f-bd2f-4a4b-9aaf-0bc613871562: Failed appendEntries: org.apache.ratis.thirdparty.io.grpc.StatusRuntimeException: UNAVAILABLE: io exception
2019-07-16 14:19:13,136 INFO  impl.FollowerInfo (FollowerInfo.java:lambda$new$0(50)) - 3ebb53ec-7397-4bac-b3b2-fbcfca4f3084->5f1e710f-bd2f-4a4b-9aaf-0bc613871562: nextIndex: updateUnconditionally 16 -> 15
2019-07-16 14:19:15,255 INFO  node.StaleNodeHandler (StaleNodeHandler.java:onMessage(58)) - Datanode 3ebb53ec-7397-4bac-b3b2-fbcfca4f3084{ip: 192.168.157.241, host: trunk-nightly-gllmw-2332419065, networkLocation: /default-rack, certSerialId: null} moved to stale state. Finalizing its pipelines [PipelineID=103f506b-722a-4f84-a918-a92b5205603f, PipelineID=c763fdee-109f-4bd1-ab4f-6b1d19f694a8]
2019-07-16 14:19:15,255 INFO  pipeline.SCMPipelineManager (SCMPipelineManager.java:finalizeAndDestroyPipeline(309)) - destroying pipeline:Pipeline[ Id: 103f506b-722a-4f84-a918-a92b5205603f, Nodes: 3ebb53ec-7397-4bac-b3b2-fbcfca4f3084{ip: 192.168.157.241, host: trunk-nightly-gllmw-2332419065, networkLocation: /default-rack, certSerialId: null}, Type:RATIS, Factor:ONE, State:OPEN]
2019-07-16 14:19:15,255 INFO  pipeline.PipelineStateManager (PipelineStateManager.java:finalizePipeline(123)) - Pipeline Pipeline[ Id: 103f506b-722a-4f84-a918-a92b5205603f, Nodes: 3ebb53ec-7397-4bac-b3b2-fbcfca4f3084{ip: 192.168.157.241, host: trunk-nightly-gllmw-2332419065, networkLocation: /default-rack, certSerialId: null}, Type:RATIS, Factor:ONE, State:CLOSED] moved to CLOSED state
2019-07-16 14:19:15,256 INFO  pipeline.SCMPipelineManager (SCMPipelineManager.java:finalizeAndDestroyPipeline(309)) - destroying pipeline:Pipeline[ Id: c763fdee-109f-4bd1-ab4f-6b1d19f694a8, Nodes: 5f1e710f-bd2f-4a4b-9aaf-0bc613871562{ip: 192.168.157.241, host: trunk-nightly-gllmw-2332419065, networkLocation: /default-rack, certSerialId: null}3ebb53ec-7397-4bac-b3b2-fbcfca4f3084{ip: 192.168.157.241, host: trunk-nightly-gllmw-2332419065, networkLocation: /default-rack, certSerialId: null}ac0feed9-e302-4363-a7c4-23c8743a625e{ip: 192.168.157.241, host: trunk-nightly-gllmw-2332419065, networkLocation: /default-rack, certSerialId: null}, Type:RATIS, Factor:THREE, State:CLOSED]
2019-07-16 14:19:15,628 WARN  server.GrpcLogAppender (LogUtils.java:warn(134)) - 3ebb53ec-7397-4bac-b3b2-fbcfca4f3084->5f1e710f-bd2f-4a4b-9aaf-0bc613871562: Failed appendEntries: org.apache.ratis.thirdparty.io.grpc.StatusRuntimeException: UNAVAILABLE: io exception
2019-07-16 14:19:15,633 INFO  impl.FollowerInfo (FollowerInfo.java:lambda$new$0(50)) - 3ebb53ec-7397-4bac-b3b2-fbcfca4f3084->5f1e710f-bd2f-4a4b-9aaf-0bc613871562: nextIndex: updateUnconditionally 15 -> 14
2019-07-16 14:19:15,741 INFO  ozoneimpl.OzoneContainer (OzoneContainer.java:stop(199)) - Attempting to stop container services.
2019-07-16 14:19:15,744 INFO  impl.RaftServerProxy (RaftServerProxy.java:lambda$close$4(314)) - 3ebb53ec-7397-4bac-b3b2-fbcfca4f3084: close
2019-07-16 14:19:15,744 INFO  impl.RaftServerImpl (RaftServerImpl.java:lambda$shutdown$3(245)) - 3ebb53ec-7397-4bac-b3b2-fbcfca4f3084: shutdown group-A92B5205603F
2019-07-16 14:19:15,745 INFO  impl.RaftServerImpl (RaftServerImpl.java:lambda$shutdown$3(245)) - 3ebb53ec-7397-4bac-b3b2-fbcfca4f3084: shutdown group-6B1D19F694A8
2019-07-16 14:19:15,745 INFO  util.JmxRegister (JmxRegister.java:unregister(73)) - Successfully un-registered JMX Bean with object name Ratis:service=RaftServer,group=group-A92B5205603F,id=3ebb53ec-7397-4bac-b3b2-fbcfca4f3084
2019-07-16 14:19:15,745 INFO  util.JmxRegister (JmxRegister.java:unregister(73)) - Successfully un-registered JMX Bean with object name Ratis:service=RaftServer,group=group-6B1D19F694A8,id=3ebb53ec-7397-4bac-b3b2-fbcfca4f3084
2019-07-16 14:19:15,746 INFO  impl.RoleInfo (RoleInfo.java:shutdownLeaderState(104)) - 3ebb53ec-7397-4bac-b3b2-fbcfca4f3084: shutdown LeaderState
2019-07-16 14:19:15,746 INFO  impl.RoleInfo (RoleInfo.java:shutdownLeaderState(104)) - 3ebb53ec-7397-4bac-b3b2-fbcfca4f3084: shutdown LeaderState
2019-07-16 14:19:15,746 INFO  impl.PendingRequests (PendingRequests.java:sendNotLeaderResponses(202)) - 3ebb53ec-7397-4bac-b3b2-fbcfca4f3084-PendingRequests: sendNotLeaderResponses
2019-07-16 14:19:15,753 WARN  server.GrpcLogAppender (GrpcLogAppender.java:mayWait(143)) - GrpcLogAppender(3ebb53ec-7397-4bac-b3b2-fbcfca4f3084->5f1e710f-bd2f-4a4b-9aaf-0bc613871562): Wait interrupted by java.lang.InterruptedException
2019-07-16 14:19:15,753 WARN  server.GrpcLogAppender (GrpcLogAppender.java:mayWait(143)) - GrpcLogAppender(3ebb53ec-7397-4bac-b3b2-fbcfca4f3084->ac0feed9-e302-4363-a7c4-23c8743a625e): Wait interrupted by java.lang.InterruptedException
2019-07-16 14:19:15,751 INFO  impl.PendingRequests (PendingRequests.java:sendNotLeaderResponses(202)) - 3ebb53ec-7397-4bac-b3b2-fbcfca4f3084-PendingRequests: sendNotLeaderResponses
2019-07-16 14:19:15,754 INFO  impl.StateMachineUpdater (StateMachineUpdater.java:stopAndJoin(115)) - StateMachineUpdater:3ebb53ec-7397-4bac-b3b2-fbcfca4f3084:group-A92B5205603F: set stopIndex = 0
2019-07-16 14:19:15,759 INFO  impl.RaftServerImpl (ServerState.java:close(394)) - 3ebb53ec-7397-4bac-b3b2-fbcfca4f3084:group-A92B5205603F closes. The last applied log index is 0
2019-07-16 14:19:15,759 INFO  server.GrpcServerProtocolService (GrpcServerProtocolService.java:onCompleted(104)) - ac0feed9-e302-4363-a7c4-23c8743a625e: appendEntries completed
2019-07-16 14:19:15,759 INFO  segmented.SegmentedRaftLogWorker (SegmentedRaftLogWorker.java:run(313)) - 3ebb53ec-7397-4bac-b3b2-fbcfca4f3084-SegmentedRaftLogWorker:Storage Directory /workdir/hadoop-ozone/integration-test/target/test-dir/MiniOzoneClusterImpl-cb088425-7f45-4d32-b7c7-566bcd4161d2/datanode-0/data/ratis/103f506b-722a-4f84-a918-a92b5205603f was interrupted, exiting. There are 0 tasks remaining in the queue.
2019-07-16 14:19:15,762 INFO  segmented.SegmentedRaftLogWorker (SegmentedRaftLogWorker.java:close(228)) - 3ebb53ec-7397-4bac-b3b2-fbcfca4f3084-SegmentedRaftLogWorker:Storage Directory /workdir/hadoop-ozone/integration-test/target/test-dir/MiniOzoneClusterImpl-cb088425-7f45-4d32-b7c7-566bcd4161d2/datanode-0/data/ratis/103f506b-722a-4f84-a918-a92b5205603f close()
2019-07-16 14:19:15,766 INFO  server.GrpcLogAppender (GrpcLogAppender.java:onCompleted(292)) - 3ebb53ec-7397-4bac-b3b2-fbcfca4f3084->ac0feed9-e302-4363-a7c4-23c8743a625e: follower responses appendEntries COMPLETED
2019-07-16 14:19:15,768 INFO  impl.FollowerInfo (FollowerInfo.java:lambda$new$0(50)) - 3ebb53ec-7397-4bac-b3b2-fbcfca4f3084->ac0feed9-e302-4363-a7c4-23c8743a625e: nextIndex: updateUnconditionally 17 -> 16
2019-07-16 14:19:15,772 INFO  impl.StateMachineUpdater (StateMachineUpdater.java:stopAndJoin(115)) - StateMachineUpdater:3ebb53ec-7397-4bac-b3b2-fbcfca4f3084:group-6B1D19F694A8: set stopIndex = 16
2019-07-16 14:19:15,773 INFO  ratis.ContainerStateMachine (ContainerStateMachine.java:takeSnapshot(249)) - group-6B1D19F694A8: Taking a snapshot at:(t:1, i:14) file /workdir/hadoop-ozone/integration-test/target/test-dir/MiniOzoneClusterImpl-cb088425-7f45-4d32-b7c7-566bcd4161d2/datanode-0/data/ratis/c763fdee-109f-4bd1-ab4f-6b1d19f694a8/sm/snapshot.1_14
2019-07-16 14:19:15,773 INFO  ratis.ContainerStateMachine (ContainerStateMachine.java:takeSnapshot(257)) - group-6B1D19F694A8: Finished taking a snapshot at:(t:1, i:14) file:/workdir/hadoop-ozone/integration-test/target/test-dir/MiniOzoneClusterImpl-cb088425-7f45-4d32-b7c7-566bcd4161d2/datanode-0/data/ratis/c763fdee-109f-4bd1-ab4f-6b1d19f694a8/sm/snapshot.1_14 time:1
2019-07-16 14:19:15,774 INFO  impl.StateMachineUpdater (StateMachineUpdater.java:takeSnapshot(242)) - StateMachineUpdater:3ebb53ec-7397-4bac-b3b2-fbcfca4f3084:group-6B1D19F694A8: Took a snapshot at index 14
2019-07-16 14:19:15,774 INFO  impl.StateMachineUpdater (StateMachineUpdater.java:lambda$new$0(80)) - StateMachineUpdater:3ebb53ec-7397-4bac-b3b2-fbcfca4f3084:group-6B1D19F694A8: snapshotIndex: updateIncreasingly -1 -> 14
2019-07-16 14:19:15,776 INFO  impl.RaftServerImpl (ServerState.java:close(394)) - 3ebb53ec-7397-4bac-b3b2-fbcfca4f3084:group-6B1D19F694A8 closes. The last applied log index is 16
2019-07-16 14:19:15,776 INFO  segmented.SegmentedRaftLogWorker (SegmentedRaftLogWorker.java:run(313)) - 3ebb53ec-7397-4bac-b3b2-fbcfca4f3084-SegmentedRaftLogWorker:Storage Directory /workdir/hadoop-ozone/integration-test/target/test-dir/MiniOzoneClusterImpl-cb088425-7f45-4d32-b7c7-566bcd4161d2/datanode-0/data/ratis/c763fdee-109f-4bd1-ab4f-6b1d19f694a8 was interrupted, exiting. There are 0 tasks remaining in the queue.
2019-07-16 14:19:15,778 INFO  segmented.SegmentedRaftLogWorker (SegmentedRaftLogWorker.java:close(228)) - 3ebb53ec-7397-4bac-b3b2-fbcfca4f3084-SegmentedRaftLogWorker:Storage Directory /workdir/hadoop-ozone/integration-test/target/test-dir/MiniOzoneClusterImpl-cb088425-7f45-4d32-b7c7-566bcd4161d2/datanode-0/data/ratis/c763fdee-109f-4bd1-ab4f-6b1d19f694a8 close()
2019-07-16 14:19:15,782 INFO  server.GrpcService (GrpcService.java:closeImpl(155)) - 3ebb53ec-7397-4bac-b3b2-fbcfca4f3084: shutdown server with port 44500 now
2019-07-16 14:19:15,785 INFO  server.GrpcService (GrpcService.java:closeImpl(163)) - 3ebb53ec-7397-4bac-b3b2-fbcfca4f3084: shutdown server with port 44500 successfully
2019-07-16 14:19:15,786 WARN  client.GrpcClientProtocolService (LogUtils.java:warn(134)) - 3-UnorderedRequestStreamObserver3: onError: org.apache.ratis.thirdparty.io.grpc.StatusRuntimeException: CANCELLED: cancelled before receiving half close
2019-07-16 14:19:15,789 INFO  utils.BackgroundService (BackgroundService.java:shutdown(148)) - Shutting down service BlockDeletingService
2019-07-16 14:19:15,791 WARN  fs.CachingGetSpaceUsed (CachingGetSpaceUsed.java:run(183)) - Thread Interrupted waiting to refresh disk information: sleep interrupted
2019-07-16 14:19:15,814 INFO  statemachine.DatanodeStateMachine (DatanodeStateMachine.java:stopDaemon(395)) - Ozone container server stopped.
2019-07-16 14:19:15,815 INFO  handler.ContextHandler (ContextHandler.java:doStop(910)) - Stopped o.e.j.w.WebAppContext@24e83d19{/,null,UNAVAILABLE}{/hddsDatanode}
2019-07-16 14:19:15,816 INFO  server.AbstractConnector (AbstractConnector.java:doStop(318)) - Stopped ServerConnector@5c080ef3{HTTP/1.1,[http/1.1]}{0.0.0.0:0}
2019-07-16 14:19:15,816 INFO  handler.ContextHandler (ContextHandler.java:doStop(910)) - Stopped o.e.j.s.ServletContextHandler@2133661d{/static,jar:file:/home/user/.m2/repository/org/apache/hadoop/hadoop-hdds-container-service/0.5.0-SNAPSHOT/hadoop-hdds-container-service-0.5.0-SNAPSHOT.jar!/webapps/static,UNAVAILABLE}
2019-07-16 14:19:15,817 INFO  handler.ContextHandler (ContextHandler.java:doStop(910)) - Stopped o.e.j.s.ServletContextHandler@304d0259{/logs,file:///workdir/hadoop-ozone/integration-test/target/log,UNAVAILABLE}
2019-07-16 14:19:18,864 INFO  client.GrpcClientProtocolClient (GrpcClientProtocolClient.java:onNext(255)) - client-7C6737A1C25D->ac0feed9-e302-4363-a7c4-23c8743a625e: receive RaftClientReply:client-7C6737A1C25D->ac0feed9-e302-4363-a7c4-23c8743a625e@group-6B1D19F694A8, cid=22, FAILED org.apache.ratis.protocol.NotLeaderException: Server ac0feed9-e302-4363-a7c4-23c8743a625e is not the leader (3ebb53ec-7397-4bac-b3b2-fbcfca4f3084:192.168.157.241:44500). Request must be sent to leader., logIndex=0, commits[ac0feed9-e302-4363-a7c4-23c8743a625e:c16, 5f1e710f-bd2f-4a4b-9aaf-0bc613871562:c16, 3ebb53ec-7397-4bac-b3b2-fbcfca4f3084:c16]
2019-07-16 14:19:19,902 INFO  client.GrpcClientProtocolClient (GrpcClientProtocolClient.java:onNext(255)) - client-7C6737A1C25D->ac0feed9-e302-4363-a7c4-23c8743a625e: receive RaftClientReply:client-7C6737A1C25D->ac0feed9-e302-4363-a7c4-23c8743a625e@group-6B1D19F694A8, cid=22, FAILED org.apache.ratis.protocol.NotLeaderException: Server ac0feed9-e302-4363-a7c4-23c8743a625e is not the leader (3ebb53ec-7397-4bac-b3b2-fbcfca4f3084:192.168.157.241:44500). Request must be sent to leader., logIndex=0, commits[ac0feed9-e302-4363-a7c4-23c8743a625e:c16, 5f1e710f-bd2f-4a4b-9aaf-0bc613871562:c16, 3ebb53ec-7397-4bac-b3b2-fbcfca4f3084:c16]
2019-07-16 14:19:22,968 INFO  client.GrpcClientProtocolClient (GrpcClientProtocolClient.java:onNext(255)) - client-7C6737A1C25D->ac0feed9-e302-4363-a7c4-23c8743a625e: receive RaftClientReply:client-7C6737A1C25D->ac0feed9-e302-4363-a7c4-23c8743a625e@group-6B1D19F694A8, cid=22, FAILED org.apache.ratis.protocol.NotLeaderException: Server ac0feed9-e302-4363-a7c4-23c8743a625e is not the leader (3ebb53ec-7397-4bac-b3b2-fbcfca4f3084:192.168.157.241:44500). Request must be sent to leader., logIndex=0, commits[ac0feed9-e302-4363-a7c4-23c8743a625e:c16, 5f1e710f-bd2f-4a4b-9aaf-0bc613871562:c16, 3ebb53ec-7397-4bac-b3b2-fbcfca4f3084:c16]
2019-07-16 14:19:24,231 INFO  impl.FollowerState (FollowerState.java:run(106)) - ac0feed9-e302-4363-a7c4-23c8743a625e:group-6B1D19F694A8 changes to CANDIDATE, lastRpcTime:8603, electionTimeout:5021ms
2019-07-16 14:19:24,234 INFO  impl.RoleInfo (RoleInfo.java:shutdownFollowerState(121)) - ac0feed9-e302-4363-a7c4-23c8743a625e: shutdown FollowerState
2019-07-16 14:19:24,234 INFO  impl.RaftServerImpl (RaftServerImpl.java:setRole(171)) - ac0feed9-e302-4363-a7c4-23c8743a625e:group-6B1D19F694A8 changes role from FOLLOWER to CANDIDATE at term 1 for changeToCandidate
2019-07-16 14:19:24,234 INFO  impl.RoleInfo (RoleInfo.java:updateAndGet(143)) - ac0feed9-e302-4363-a7c4-23c8743a625e: start LeaderElection
2019-07-16 14:19:24,236 INFO  impl.RaftServerImpl (ServerState.java:setLeader(263)) - ac0feed9-e302-4363-a7c4-23c8743a625e:group-6B1D19F694A8 change Leader from 3ebb53ec-7397-4bac-b3b2-fbcfca4f3084 to null at term 1 for initElection
2019-07-16 14:19:24,258 INFO  impl.LeaderElection (LeaderElection.java:askForVotes(181)) - ac0feed9-e302-4363-a7c4-23c8743a625e:group-6B1D19F694A8:LeaderElection14: begin an election at term 2 for 0: [5f1e710f-bd2f-4a4b-9aaf-0bc613871562:192.168.157.241:40087, 3ebb53ec-7397-4bac-b3b2-fbcfca4f3084:192.168.157.241:44500, ac0feed9-e302-4363-a7c4-23c8743a625e:192.168.157.241:32768], old=null
2019-07-16 14:19:24,265 INFO  impl.LeaderElection (LogUtils.java:infoOrTrace(149)) - ac0feed9-e302-4363-a7c4-23c8743a625e:group-6B1D19F694A8:LeaderElection14 got exception when requesting votes: {}
java.util.concurrent.ExecutionException: org.apache.ratis.thirdparty.io.grpc.StatusRuntimeException: UNAVAILABLE: io exception
	at java.util.concurrent.FutureTask.report(FutureTask.java:122)
	at java.util.concurrent.FutureTask.get(FutureTask.java:192)
	at org.apache.ratis.server.impl.LeaderElection.waitForResults(LeaderElection.java:262)
	at org.apache.ratis.server.impl.LeaderElection.askForVotes(LeaderElection.java:200)
	at org.apache.ratis.server.impl.LeaderElection.run(LeaderElection.java:130)
	at java.lang.Thread.run(Thread.java:748)
Caused by: org.apache.ratis.thirdparty.io.grpc.StatusRuntimeException: UNAVAILABLE: io exception
	at org.apache.ratis.thirdparty.io.grpc.stub.ClientCalls.toStatusRuntimeException(ClientCalls.java:233)
	at org.apache.ratis.thirdparty.io.grpc.stub.ClientCalls.getUnchecked(ClientCalls.java:214)
	at org.apache.ratis.thirdparty.io.grpc.stub.ClientCalls.blockingUnaryCall(ClientCalls.java:139)
	at org.apache.ratis.proto.grpc.RaftServerProtocolServiceGrpc$RaftServerProtocolServiceBlockingStub.requestVote(RaftServerProtocolServiceGrpc.java:265)
	at org.apache.ratis.grpc.server.GrpcServerProtocolClient.requestVote(GrpcServerProtocolClient.java:83)
	at org.apache.ratis.grpc.server.GrpcService.requestVote(GrpcService.java:195)
	at org.apache.ratis.server.impl.LeaderElection.lambda$submitRequests$1(LeaderElection.java:237)
	at java.util.concurrent.FutureTask.run(FutureTask.java:266)
	at java.util.concurrent.Executors$RunnableAdapter.call(Executors.java:511)
	at java.util.concurrent.FutureTask.run(FutureTask.java:266)
	at java.util.concurrent.ThreadPoolExecutor.runWorker(ThreadPoolExecutor.java:1149)
	at java.util.concurrent.ThreadPoolExecutor$Worker.run(ThreadPoolExecutor.java:624)
	... 1 more
Caused by: org.apache.ratis.thirdparty.io.netty.channel.AbstractChannel$AnnotatedConnectException: Connection refused: /192.168.157.241:44500
	at sun.nio.ch.SocketChannelImpl.checkConnect(Native Method)
	at sun.nio.ch.SocketChannelImpl.finishConnect(SocketChannelImpl.java:717)
	at org.apache.ratis.thirdparty.io.netty.channel.socket.nio.NioSocketChannel.doFinishConnect(NioSocketChannel.java:327)
	at org.apache.ratis.thirdparty.io.netty.channel.nio.AbstractNioChannel$AbstractNioUnsafe.finishConnect(AbstractNioChannel.java:340)
	at org.apache.ratis.thirdparty.io.netty.channel.nio.NioEventLoop.processSelectedKey(NioEventLoop.java:632)
	at org.apache.ratis.thirdparty.io.netty.channel.nio.NioEventLoop.processSelectedKeysOptimized(NioEventLoop.java:579)
	at org.apache.ratis.thirdparty.io.netty.channel.nio.NioEventLoop.processSelectedKeys(NioEventLoop.java:496)
	at org.apache.ratis.thirdparty.io.netty.channel.nio.NioEventLoop.run(NioEventLoop.java:458)
	at org.apache.ratis.thirdparty.io.netty.util.concurrent.SingleThreadEventExecutor$5.run(SingleThreadEventExecutor.java:897)
	at org.apache.ratis.thirdparty.io.netty.util.concurrent.FastThreadLocalRunnable.run(FastThreadLocalRunnable.java:30)
	... 1 more
Caused by: java.net.ConnectException: Connection refused
	... 11 more
2019-07-16 14:19:24,270 INFO  impl.LeaderElection (LogUtils.java:infoOrTrace(149)) - ac0feed9-e302-4363-a7c4-23c8743a625e:group-6B1D19F694A8:LeaderElection14 got exception when requesting votes: {}
java.util.concurrent.ExecutionException: org.apache.ratis.thirdparty.io.grpc.StatusRuntimeException: UNAVAILABLE: io exception
	at java.util.concurrent.FutureTask.report(FutureTask.java:122)
	at java.util.concurrent.FutureTask.get(FutureTask.java:192)
	at org.apache.ratis.server.impl.LeaderElection.waitForResults(LeaderElection.java:262)
	at org.apache.ratis.server.impl.LeaderElection.askForVotes(LeaderElection.java:200)
	at org.apache.ratis.server.impl.LeaderElection.run(LeaderElection.java:130)
	at java.lang.Thread.run(Thread.java:748)
Caused by: org.apache.ratis.thirdparty.io.grpc.StatusRuntimeException: UNAVAILABLE: io exception
	at org.apache.ratis.thirdparty.io.grpc.stub.ClientCalls.toStatusRuntimeException(ClientCalls.java:233)
	at org.apache.ratis.thirdparty.io.grpc.stub.ClientCalls.getUnchecked(ClientCalls.java:214)
	at org.apache.ratis.thirdparty.io.grpc.stub.ClientCalls.blockingUnaryCall(ClientCalls.java:139)
	at org.apache.ratis.proto.grpc.RaftServerProtocolServiceGrpc$RaftServerProtocolServiceBlockingStub.requestVote(RaftServerProtocolServiceGrpc.java:265)
	at org.apache.ratis.grpc.server.GrpcServerProtocolClient.requestVote(GrpcServerProtocolClient.java:83)
	at org.apache.ratis.grpc.server.GrpcService.requestVote(GrpcService.java:195)
	at org.apache.ratis.server.impl.LeaderElection.lambda$submitRequests$1(LeaderElection.java:237)
	at java.util.concurrent.FutureTask.run(FutureTask.java:266)
	at java.util.concurrent.Executors$RunnableAdapter.call(Executors.java:511)
	at java.util.concurrent.FutureTask.run(FutureTask.java:266)
	at java.util.concurrent.ThreadPoolExecutor.runWorker(ThreadPoolExecutor.java:1149)
	at java.util.concurrent.ThreadPoolExecutor$Worker.run(ThreadPoolExecutor.java:624)
	... 1 more
Caused by: org.apache.ratis.thirdparty.io.netty.channel.AbstractChannel$AnnotatedConnectException: Connection refused: /192.168.157.241:40087
	at sun.nio.ch.SocketChannelImpl.checkConnect(Native Method)
	at sun.nio.ch.SocketChannelImpl.finishConnect(SocketChannelImpl.java:717)
	at org.apache.ratis.thirdparty.io.netty.channel.socket.nio.NioSocketChannel.doFinishConnect(NioSocketChannel.java:327)
	at org.apache.ratis.thirdparty.io.netty.channel.nio.AbstractNioChannel$AbstractNioUnsafe.finishConnect(AbstractNioChannel.java:340)
	at org.apache.ratis.thirdparty.io.netty.channel.nio.NioEventLoop.processSelectedKey(NioEventLoop.java:632)
	at org.apache.ratis.thirdparty.io.netty.channel.nio.NioEventLoop.processSelectedKeysOptimized(NioEventLoop.java:579)
	at org.apache.ratis.thirdparty.io.netty.channel.nio.NioEventLoop.processSelectedKeys(NioEventLoop.java:496)
	at org.apache.ratis.thirdparty.io.netty.channel.nio.NioEventLoop.run(NioEventLoop.java:458)
	at org.apache.ratis.thirdparty.io.netty.util.concurrent.SingleThreadEventExecutor$5.run(SingleThreadEventExecutor.java:897)
	at org.apache.ratis.thirdparty.io.netty.util.concurrent.FastThreadLocalRunnable.run(FastThreadLocalRunnable.java:30)
	... 1 more
Caused by: java.net.ConnectException: Connection refused
	... 11 more
2019-07-16 14:19:24,273 INFO  impl.LeaderElection (LeaderElection.java:logAndReturn(56)) - ac0feed9-e302-4363-a7c4-23c8743a625e:group-6B1D19F694A8:LeaderElection14: Election REJECTED; received 0 response(s) [] and 2 exception(s); ac0feed9-e302-4363-a7c4-23c8743a625e:t2, leader=null, voted=ac0feed9-e302-4363-a7c4-23c8743a625e, raftlog=ac0feed9-e302-4363-a7c4-23c8743a625e-SegmentedRaftLog:OPENED:c16,f16,i16, conf=0: [5f1e710f-bd2f-4a4b-9aaf-0bc613871562:192.168.157.241:40087, 3ebb53ec-7397-4bac-b3b2-fbcfca4f3084:192.168.157.241:44500, ac0feed9-e302-4363-a7c4-23c8743a625e:192.168.157.241:32768], old=null
2019-07-16 14:19:24,273 INFO  impl.LeaderElection (LogUtils.java:infoOrTrace(149)) -   Exception 0: {}
java.util.concurrent.ExecutionException: org.apache.ratis.thirdparty.io.grpc.StatusRuntimeException: UNAVAILABLE: io exception
	at java.util.concurrent.FutureTask.report(FutureTask.java:122)
	at java.util.concurrent.FutureTask.get(FutureTask.java:192)
	at org.apache.ratis.server.impl.LeaderElection.waitForResults(LeaderElection.java:262)
	at org.apache.ratis.server.impl.LeaderElection.askForVotes(LeaderElection.java:200)
	at org.apache.ratis.server.impl.LeaderElection.run(LeaderElection.java:130)
	at java.lang.Thread.run(Thread.java:748)
Caused by: org.apache.ratis.thirdparty.io.grpc.StatusRuntimeException: UNAVAILABLE: io exception
	at org.apache.ratis.thirdparty.io.grpc.stub.ClientCalls.toStatusRuntimeException(ClientCalls.java:233)
	at org.apache.ratis.thirdparty.io.grpc.stub.ClientCalls.getUnchecked(ClientCalls.java:214)
	at org.apache.ratis.thirdparty.io.grpc.stub.ClientCalls.blockingUnaryCall(ClientCalls.java:139)
	at org.apache.ratis.proto.grpc.RaftServerProtocolServiceGrpc$RaftServerProtocolServiceBlockingStub.requestVote(RaftServerProtocolServiceGrpc.java:265)
	at org.apache.ratis.grpc.server.GrpcServerProtocolClient.requestVote(GrpcServerProtocolClient.java:83)
	at org.apache.ratis.grpc.server.GrpcService.requestVote(GrpcService.java:195)
	at org.apache.ratis.server.impl.LeaderElection.lambda$submitRequests$1(LeaderElection.java:237)
	at java.util.concurrent.FutureTask.run(FutureTask.java:266)
	at java.util.concurrent.Executors$RunnableAdapter.call(Executors.java:511)
	at java.util.concurrent.FutureTask.run(FutureTask.java:266)
	at java.util.concurrent.ThreadPoolExecutor.runWorker(ThreadPoolExecutor.java:1149)
	at java.util.concurrent.ThreadPoolExecutor$Worker.run(ThreadPoolExecutor.java:624)
	... 1 more
Caused by: org.apache.ratis.thirdparty.io.netty.channel.AbstractChannel$AnnotatedConnectException: Connection refused: /192.168.157.241:44500
	at sun.nio.ch.SocketChannelImpl.checkConnect(Native Method)
	at sun.nio.ch.SocketChannelImpl.finishConnect(SocketChannelImpl.java:717)
	at org.apache.ratis.thirdparty.io.netty.channel.socket.nio.NioSocketChannel.doFinishConnect(NioSocketChannel.java:327)
	at org.apache.ratis.thirdparty.io.netty.channel.nio.AbstractNioChannel$AbstractNioUnsafe.finishConnect(AbstractNioChannel.java:340)
	at org.apache.ratis.thirdparty.io.netty.channel.nio.NioEventLoop.processSelectedKey(NioEventLoop.java:632)
	at org.apache.ratis.thirdparty.io.netty.channel.nio.NioEventLoop.processSelectedKeysOptimized(NioEventLoop.java:579)
	at org.apache.ratis.thirdparty.io.netty.channel.nio.NioEventLoop.processSelectedKeys(NioEventLoop.java:496)
	at org.apache.ratis.thirdparty.io.netty.channel.nio.NioEventLoop.run(NioEventLoop.java:458)
	at org.apache.ratis.thirdparty.io.netty.util.concurrent.SingleThreadEventExecutor$5.run(SingleThreadEventExecutor.java:897)
	at org.apache.ratis.thirdparty.io.netty.util.concurrent.FastThreadLocalRunnable.run(FastThreadLocalRunnable.java:30)
	... 1 more
Caused by: java.net.ConnectException: Connection refused
	... 11 more
2019-07-16 14:19:24,274 INFO  impl.LeaderElection (LogUtils.java:infoOrTrace(149)) -   Exception 1: {}
java.util.concurrent.ExecutionException: org.apache.ratis.thirdparty.io.grpc.StatusRuntimeException: UNAVAILABLE: io exception
	at java.util.concurrent.FutureTask.report(FutureTask.java:122)
	at java.util.concurrent.FutureTask.get(FutureTask.java:192)
	at org.apache.ratis.server.impl.LeaderElection.waitForResults(LeaderElection.java:262)
	at org.apache.ratis.server.impl.LeaderElection.askForVotes(LeaderElection.java:200)
	at org.apache.ratis.server.impl.LeaderElection.run(LeaderElection.java:130)
	at java.lang.Thread.run(Thread.java:748)
Caused by: org.apache.ratis.thirdparty.io.grpc.StatusRuntimeException: UNAVAILABLE: io exception
	at org.apache.ratis.thirdparty.io.grpc.stub.ClientCalls.toStatusRuntimeException(ClientCalls.java:233)
	at org.apache.ratis.thirdparty.io.grpc.stub.ClientCalls.getUnchecked(ClientCalls.java:214)
	at org.apache.ratis.thirdparty.io.grpc.stub.ClientCalls.blockingUnaryCall(ClientCalls.java:139)
	at org.apache.ratis.proto.grpc.RaftServerProtocolServiceGrpc$RaftServerProtocolServiceBlockingStub.requestVote(RaftServerProtocolServiceGrpc.java:265)
	at org.apache.ratis.grpc.server.GrpcServerProtocolClient.requestVote(GrpcServerProtocolClient.java:83)
	at org.apache.ratis.grpc.server.GrpcService.requestVote(GrpcService.java:195)
	at org.apache.ratis.server.impl.LeaderElection.lambda$submitRequests$1(LeaderElection.java:237)
	at java.util.concurrent.FutureTask.run(FutureTask.java:266)
	at java.util.concurrent.Executors$RunnableAdapter.call(Executors.java:511)
	at java.util.concurrent.FutureTask.run(FutureTask.java:266)
	at java.util.concurrent.ThreadPoolExecutor.runWorker(ThreadPoolExecutor.java:1149)
	at java.util.concurrent.ThreadPoolExecutor$Worker.run(ThreadPoolExecutor.java:624)
	... 1 more
Caused by: org.apache.ratis.thirdparty.io.netty.channel.AbstractChannel$AnnotatedConnectException: Connection refused: /192.168.157.241:40087
	at sun.nio.ch.SocketChannelImpl.checkConnect(Native Method)
	at sun.nio.ch.SocketChannelImpl.finishConnect(SocketChannelImpl.java:717)
	at org.apache.ratis.thirdparty.io.netty.channel.socket.nio.NioSocketChannel.doFinishConnect(NioSocketChannel.java:327)
	at org.apache.ratis.thirdparty.io.netty.channel.nio.AbstractNioChannel$AbstractNioUnsafe.finishConnect(AbstractNioChannel.java:340)
	at org.apache.ratis.thirdparty.io.netty.channel.nio.NioEventLoop.processSelectedKey(NioEventLoop.java:632)
	at org.apache.ratis.thirdparty.io.netty.channel.nio.NioEventLoop.processSelectedKeysOptimized(NioEventLoop.java:579)
	at org.apache.ratis.thirdparty.io.netty.channel.nio.NioEventLoop.processSelectedKeys(NioEventLoop.java:496)
	at org.apache.ratis.thirdparty.io.netty.channel.nio.NioEventLoop.run(NioEventLoop.java:458)
	at org.apache.ratis.thirdparty.io.netty.util.concurrent.SingleThreadEventExecutor$5.run(SingleThreadEventExecutor.java:897)
	at org.apache.ratis.thirdparty.io.netty.util.concurrent.FastThreadLocalRunnable.run(FastThreadLocalRunnable.java:30)
	... 1 more
Caused by: java.net.ConnectException: Connection refused
	... 11 more
2019-07-16 14:19:24,275 INFO  impl.RaftServerImpl (RaftServerImpl.java:setRole(171)) - ac0feed9-e302-4363-a7c4-23c8743a625e:group-6B1D19F694A8 changes role from CANDIDATE to FOLLOWER at term 2 for DISCOVERED_A_NEW_TERM
2019-07-16 14:19:24,275 INFO  impl.RoleInfo (RoleInfo.java:shutdownLeaderElection(134)) - ac0feed9-e302-4363-a7c4-23c8743a625e: shutdown LeaderElection
2019-07-16 14:19:24,277 INFO  impl.RoleInfo (RoleInfo.java:updateAndGet(143)) - ac0feed9-e302-4363-a7c4-23c8743a625e: start FollowerState
2019-07-16 14:19:25,015 INFO  client.GrpcClientProtocolClient (GrpcClientProtocolClient.java:onNext(255)) - client-7C6737A1C25D->ac0feed9-e302-4363-a7c4-23c8743a625e: receive RaftClientReply:client-7C6737A1C25D->ac0feed9-e302-4363-a7c4-23c8743a625e@group-6B1D19F694A8, cid=22, FAILED org.apache.ratis.protocol.NotLeaderException: Server ac0feed9-e302-4363-a7c4-23c8743a625e is not the leader (null). Request must be sent to leader., logIndex=0, commits[ac0feed9-e302-4363-a7c4-23c8743a625e:c16, 5f1e710f-bd2f-4a4b-9aaf-0bc613871562:c16, 3ebb53ec-7397-4bac-b3b2-fbcfca4f3084:c16]
2019-07-16 14:19:29,288 INFO  impl.FollowerState (FollowerState.java:run(106)) - ac0feed9-e302-4363-a7c4-23c8743a625e:group-6B1D19F694A8 changes to CANDIDATE, lastRpcTime:5011, electionTimeout:5009ms
2019-07-16 14:19:29,288 INFO  impl.RoleInfo (RoleInfo.java:shutdownFollowerState(121)) - ac0feed9-e302-4363-a7c4-23c8743a625e: shutdown FollowerState
2019-07-16 14:19:29,288 INFO  impl.RaftServerImpl (RaftServerImpl.java:setRole(171)) - ac0feed9-e302-4363-a7c4-23c8743a625e:group-6B1D19F694A8 changes role from FOLLOWER to CANDIDATE at term 2 for changeToCandidate
2019-07-16 14:19:29,289 INFO  impl.RoleInfo (RoleInfo.java:updateAndGet(143)) - ac0feed9-e302-4363-a7c4-23c8743a625e: start LeaderElection
2019-07-16 14:19:29,305 INFO  impl.LeaderElection (LeaderElection.java:askForVotes(181)) - ac0feed9-e302-4363-a7c4-23c8743a625e:group-6B1D19F694A8:LeaderElection15: begin an election at term 3 for 0: [5f1e710f-bd2f-4a4b-9aaf-0bc613871562:192.168.157.241:40087, 3ebb53ec-7397-4bac-b3b2-fbcfca4f3084:192.168.157.241:44500, ac0feed9-e302-4363-a7c4-23c8743a625e:192.168.157.241:32768], old=null
2019-07-16 14:19:29,307 INFO  impl.LeaderElection (LogUtils.java:infoOrTrace(149)) - ac0feed9-e302-4363-a7c4-23c8743a625e:group-6B1D19F694A8:LeaderElection15 got exception when requesting votes: {}
java.util.concurrent.ExecutionException: org.apache.ratis.thirdparty.io.grpc.StatusRuntimeException: UNAVAILABLE: io exception
	at java.util.concurrent.FutureTask.report(FutureTask.java:122)
	at java.util.concurrent.FutureTask.get(FutureTask.java:192)
	at org.apache.ratis.server.impl.LeaderElection.waitForResults(LeaderElection.java:262)
	at org.apache.ratis.server.impl.LeaderElection.askForVotes(LeaderElection.java:200)
	at org.apache.ratis.server.impl.LeaderElection.run(LeaderElection.java:130)
	at java.lang.Thread.run(Thread.java:748)
Caused by: org.apache.ratis.thirdparty.io.grpc.StatusRuntimeException: UNAVAILABLE: io exception
	at org.apache.ratis.thirdparty.io.grpc.stub.ClientCalls.toStatusRuntimeException(ClientCalls.java:233)
	at org.apache.ratis.thirdparty.io.grpc.stub.ClientCalls.getUnchecked(ClientCalls.java:214)
	at org.apache.ratis.thirdparty.io.grpc.stub.ClientCalls.blockingUnaryCall(ClientCalls.java:139)
	at org.apache.ratis.proto.grpc.RaftServerProtocolServiceGrpc$RaftServerProtocolServiceBlockingStub.requestVote(RaftServerProtocolServiceGrpc.java:265)
	at org.apache.ratis.grpc.server.GrpcServerProtocolClient.requestVote(GrpcServerProtocolClient.java:83)
	at org.apache.ratis.grpc.server.GrpcService.requestVote(GrpcService.java:195)
	at org.apache.ratis.server.impl.LeaderElection.lambda$submitRequests$1(LeaderElection.java:237)
	at java.util.concurrent.FutureTask.run(FutureTask.java:266)
	at java.util.concurrent.Executors$RunnableAdapter.call(Executors.java:511)
	at java.util.concurrent.FutureTask.run(FutureTask.java:266)
	at java.util.concurrent.ThreadPoolExecutor.runWorker(ThreadPoolExecutor.java:1149)
	at java.util.concurrent.ThreadPoolExecutor$Worker.run(ThreadPoolExecutor.java:624)
	... 1 more
Caused by: org.apache.ratis.thirdparty.io.netty.channel.AbstractChannel$AnnotatedConnectException: Connection refused: /192.168.157.241:40087
	at sun.nio.ch.SocketChannelImpl.checkConnect(Native Method)
	at sun.nio.ch.SocketChannelImpl.finishConnect(SocketChannelImpl.java:717)
	at org.apache.ratis.thirdparty.io.netty.channel.socket.nio.NioSocketChannel.doFinishConnect(NioSocketChannel.java:327)
	at org.apache.ratis.thirdparty.io.netty.channel.nio.AbstractNioChannel$AbstractNioUnsafe.finishConnect(AbstractNioChannel.java:340)
	at org.apache.ratis.thirdparty.io.netty.channel.nio.NioEventLoop.processSelectedKey(NioEventLoop.java:632)
	at org.apache.ratis.thirdparty.io.netty.channel.nio.NioEventLoop.processSelectedKeysOptimized(NioEventLoop.java:579)
	at org.apache.ratis.thirdparty.io.netty.channel.nio.NioEventLoop.processSelectedKeys(NioEventLoop.java:496)
	at org.apache.ratis.thirdparty.io.netty.channel.nio.NioEventLoop.run(NioEventLoop.java:458)
	at org.apache.ratis.thirdparty.io.netty.util.concurrent.SingleThreadEventExecutor$5.run(SingleThreadEventExecutor.java:897)
	at org.apache.ratis.thirdparty.io.netty.util.concurrent.FastThreadLocalRunnable.run(FastThreadLocalRunnable.java:30)
	... 1 more
Caused by: java.net.ConnectException: Connection refused
	... 11 more
2019-07-16 14:19:29,311 INFO  impl.LeaderElection (LogUtils.java:infoOrTrace(149)) - ac0feed9-e302-4363-a7c4-23c8743a625e:group-6B1D19F694A8:LeaderElection15 got exception when requesting votes: {}
java.util.concurrent.ExecutionException: org.apache.ratis.thirdparty.io.grpc.StatusRuntimeException: UNAVAILABLE: io exception
	at java.util.concurrent.FutureTask.report(FutureTask.java:122)
	at java.util.concurrent.FutureTask.get(FutureTask.java:192)
	at org.apache.ratis.server.impl.LeaderElection.waitForResults(LeaderElection.java:262)
	at org.apache.ratis.server.impl.LeaderElection.askForVotes(LeaderElection.java:200)
	at org.apache.ratis.server.impl.LeaderElection.run(LeaderElection.java:130)
	at java.lang.Thread.run(Thread.java:748)
Caused by: org.apache.ratis.thirdparty.io.grpc.StatusRuntimeException: UNAVAILABLE: io exception
	at org.apache.ratis.thirdparty.io.grpc.stub.ClientCalls.toStatusRuntimeException(ClientCalls.java:233)
	at org.apache.ratis.thirdparty.io.grpc.stub.ClientCalls.getUnchecked(ClientCalls.java:214)
	at org.apache.ratis.thirdparty.io.grpc.stub.ClientCalls.blockingUnaryCall(ClientCalls.java:139)
	at org.apache.ratis.proto.grpc.RaftServerProtocolServiceGrpc$RaftServerProtocolServiceBlockingStub.requestVote(RaftServerProtocolServiceGrpc.java:265)
	at org.apache.ratis.grpc.server.GrpcServerProtocolClient.requestVote(GrpcServerProtocolClient.java:83)
	at org.apache.ratis.grpc.server.GrpcService.requestVote(GrpcService.java:195)
	at org.apache.ratis.server.impl.LeaderElection.lambda$submitRequests$1(LeaderElection.java:237)
	at java.util.concurrent.FutureTask.run(FutureTask.java:266)
	at java.util.concurrent.Executors$RunnableAdapter.call(Executors.java:511)
	at java.util.concurrent.FutureTask.run(FutureTask.java:266)
	at java.util.concurrent.ThreadPoolExecutor.runWorker(ThreadPoolExecutor.java:1149)
	at java.util.concurrent.ThreadPoolExecutor$Worker.run(ThreadPoolExecutor.java:624)
	... 1 more
Caused by: org.apache.ratis.thirdparty.io.netty.channel.AbstractChannel$AnnotatedConnectException: Connection refused: /192.168.157.241:44500
	at sun.nio.ch.SocketChannelImpl.checkConnect(Native Method)
	at sun.nio.ch.SocketChannelImpl.finishConnect(SocketChannelImpl.java:717)
	at org.apache.ratis.thirdparty.io.netty.channel.socket.nio.NioSocketChannel.doFinishConnect(NioSocketChannel.java:327)
	at org.apache.ratis.thirdparty.io.netty.channel.nio.AbstractNioChannel$AbstractNioUnsafe.finishConnect(AbstractNioChannel.java:340)
	at org.apache.ratis.thirdparty.io.netty.channel.nio.NioEventLoop.processSelectedKey(NioEventLoop.java:632)
	at org.apache.ratis.thirdparty.io.netty.channel.nio.NioEventLoop.processSelectedKeysOptimized(NioEventLoop.java:579)
	at org.apache.ratis.thirdparty.io.netty.channel.nio.NioEventLoop.processSelectedKeys(NioEventLoop.java:496)
	at org.apache.ratis.thirdparty.io.netty.channel.nio.NioEventLoop.run(NioEventLoop.java:458)
	at org.apache.ratis.thirdparty.io.netty.util.concurrent.SingleThreadEventExecutor$5.run(SingleThreadEventExecutor.java:897)
	at org.apache.ratis.thirdparty.io.netty.util.concurrent.FastThreadLocalRunnable.run(FastThreadLocalRunnable.java:30)
	... 1 more
Caused by: java.net.ConnectException: Connection refused
	... 11 more
2019-07-16 14:19:29,313 INFO  impl.LeaderElection (LeaderElection.java:logAndReturn(56)) - ac0feed9-e302-4363-a7c4-23c8743a625e:group-6B1D19F694A8:LeaderElection15: Election REJECTED; received 0 response(s) [] and 2 exception(s); ac0feed9-e302-4363-a7c4-23c8743a625e:t3, leader=null, voted=ac0feed9-e302-4363-a7c4-23c8743a625e, raftlog=ac0feed9-e302-4363-a7c4-23c8743a625e-SegmentedRaftLog:OPENED:c16,f16,i16, conf=0: [5f1e710f-bd2f-4a4b-9aaf-0bc613871562:192.168.157.241:40087, 3ebb53ec-7397-4bac-b3b2-fbcfca4f3084:192.168.157.241:44500, ac0feed9-e302-4363-a7c4-23c8743a625e:192.168.157.241:32768], old=null
2019-07-16 14:19:29,314 INFO  impl.LeaderElection (LogUtils.java:infoOrTrace(149)) -   Exception 0: {}
java.util.concurrent.ExecutionException: org.apache.ratis.thirdparty.io.grpc.StatusRuntimeException: UNAVAILABLE: io exception
	at java.util.concurrent.FutureTask.report(FutureTask.java:122)
	at java.util.concurrent.FutureTask.get(FutureTask.java:192)
	at org.apache.ratis.server.impl.LeaderElection.waitForResults(LeaderElection.java:262)
	at org.apache.ratis.server.impl.LeaderElection.askForVotes(LeaderElection.java:200)
	at org.apache.ratis.server.impl.LeaderElection.run(LeaderElection.java:130)
	at java.lang.Thread.run(Thread.java:748)
Caused by: org.apache.ratis.thirdparty.io.grpc.StatusRuntimeException: UNAVAILABLE: io exception
	at org.apache.ratis.thirdparty.io.grpc.stub.ClientCalls.toStatusRuntimeException(ClientCalls.java:233)
	at org.apache.ratis.thirdparty.io.grpc.stub.ClientCalls.getUnchecked(ClientCalls.java:214)
	at org.apache.ratis.thirdparty.io.grpc.stub.ClientCalls.blockingUnaryCall(ClientCalls.java:139)
	at org.apache.ratis.proto.grpc.RaftServerProtocolServiceGrpc$RaftServerProtocolServiceBlockingStub.requestVote(RaftServerProtocolServiceGrpc.java:265)
	at org.apache.ratis.grpc.server.GrpcServerProtocolClient.requestVote(GrpcServerProtocolClient.java:83)
	at org.apache.ratis.grpc.server.GrpcService.requestVote(GrpcService.java:195)
	at org.apache.ratis.server.impl.LeaderElection.lambda$submitRequests$1(LeaderElection.java:237)
	at java.util.concurrent.FutureTask.run(FutureTask.java:266)
	at java.util.concurrent.Executors$RunnableAdapter.call(Executors.java:511)
	at java.util.concurrent.FutureTask.run(FutureTask.java:266)
	at java.util.concurrent.ThreadPoolExecutor.runWorker(ThreadPoolExecutor.java:1149)
	at java.util.concurrent.ThreadPoolExecutor$Worker.run(ThreadPoolExecutor.java:624)
	... 1 more
Caused by: org.apache.ratis.thirdparty.io.netty.channel.AbstractChannel$AnnotatedConnectException: Connection refused: /192.168.157.241:40087
	at sun.nio.ch.SocketChannelImpl.checkConnect(Native Method)
	at sun.nio.ch.SocketChannelImpl.finishConnect(SocketChannelImpl.java:717)
	at org.apache.ratis.thirdparty.io.netty.channel.socket.nio.NioSocketChannel.doFinishConnect(NioSocketChannel.java:327)
	at org.apache.ratis.thirdparty.io.netty.channel.nio.AbstractNioChannel$AbstractNioUnsafe.finishConnect(AbstractNioChannel.java:340)
	at org.apache.ratis.thirdparty.io.netty.channel.nio.NioEventLoop.processSelectedKey(NioEventLoop.java:632)
	at org.apache.ratis.thirdparty.io.netty.channel.nio.NioEventLoop.processSelectedKeysOptimized(NioEventLoop.java:579)
	at org.apache.ratis.thirdparty.io.netty.channel.nio.NioEventLoop.processSelectedKeys(NioEventLoop.java:496)
	at org.apache.ratis.thirdparty.io.netty.channel.nio.NioEventLoop.run(NioEventLoop.java:458)
	at org.apache.ratis.thirdparty.io.netty.util.concurrent.SingleThreadEventExecutor$5.run(SingleThreadEventExecutor.java:897)
	at org.apache.ratis.thirdparty.io.netty.util.concurrent.FastThreadLocalRunnable.run(FastThreadLocalRunnable.java:30)
	... 1 more
Caused by: java.net.ConnectException: Connection refused
	... 11 more
2019-07-16 14:19:29,314 INFO  impl.LeaderElection (LogUtils.java:infoOrTrace(149)) -   Exception 1: {}
java.util.concurrent.ExecutionException: org.apache.ratis.thirdparty.io.grpc.StatusRuntimeException: UNAVAILABLE: io exception
	at java.util.concurrent.FutureTask.report(FutureTask.java:122)
	at java.util.concurrent.FutureTask.get(FutureTask.java:192)
	at org.apache.ratis.server.impl.LeaderElection.waitForResults(LeaderElection.java:262)
	at org.apache.ratis.server.impl.LeaderElection.askForVotes(LeaderElection.java:200)
	at org.apache.ratis.server.impl.LeaderElection.run(LeaderElection.java:130)
	at java.lang.Thread.run(Thread.java:748)
Caused by: org.apache.ratis.thirdparty.io.grpc.StatusRuntimeException: UNAVAILABLE: io exception
	at org.apache.ratis.thirdparty.io.grpc.stub.ClientCalls.toStatusRuntimeException(ClientCalls.java:233)
	at org.apache.ratis.thirdparty.io.grpc.stub.ClientCalls.getUnchecked(ClientCalls.java:214)
	at org.apache.ratis.thirdparty.io.grpc.stub.ClientCalls.blockingUnaryCall(ClientCalls.java:139)
	at org.apache.ratis.proto.grpc.RaftServerProtocolServiceGrpc$RaftServerProtocolServiceBlockingStub.requestVote(RaftServerProtocolServiceGrpc.java:265)
	at org.apache.ratis.grpc.server.GrpcServerProtocolClient.requestVote(GrpcServerProtocolClient.java:83)
	at org.apache.ratis.grpc.server.GrpcService.requestVote(GrpcService.java:195)
	at org.apache.ratis.server.impl.LeaderElection.lambda$submitRequests$1(LeaderElection.java:237)
	at java.util.concurrent.FutureTask.run(FutureTask.java:266)
	at java.util.concurrent.Executors$RunnableAdapter.call(Executors.java:511)
	at java.util.concurrent.FutureTask.run(FutureTask.java:266)
	at java.util.concurrent.ThreadPoolExecutor.runWorker(ThreadPoolExecutor.java:1149)
	at java.util.concurrent.ThreadPoolExecutor$Worker.run(ThreadPoolExecutor.java:624)
	... 1 more
Caused by: org.apache.ratis.thirdparty.io.netty.channel.AbstractChannel$AnnotatedConnectException: Connection refused: /192.168.157.241:44500
	at sun.nio.ch.SocketChannelImpl.checkConnect(Native Method)
	at sun.nio.ch.SocketChannelImpl.finishConnect(SocketChannelImpl.java:717)
	at org.apache.ratis.thirdparty.io.netty.channel.socket.nio.NioSocketChannel.doFinishConnect(NioSocketChannel.java:327)
	at org.apache.ratis.thirdparty.io.netty.channel.nio.AbstractNioChannel$AbstractNioUnsafe.finishConnect(AbstractNioChannel.java:340)
	at org.apache.ratis.thirdparty.io.netty.channel.nio.NioEventLoop.processSelectedKey(NioEventLoop.java:632)
	at org.apache.ratis.thirdparty.io.netty.channel.nio.NioEventLoop.processSelectedKeysOptimized(NioEventLoop.java:579)
	at org.apache.ratis.thirdparty.io.netty.channel.nio.NioEventLoop.processSelectedKeys(NioEventLoop.java:496)
	at org.apache.ratis.thirdparty.io.netty.channel.nio.NioEventLoop.run(NioEventLoop.java:458)
	at org.apache.ratis.thirdparty.io.netty.util.concurrent.SingleThreadEventExecutor$5.run(SingleThreadEventExecutor.java:897)
	at org.apache.ratis.thirdparty.io.netty.util.concurrent.FastThreadLocalRunnable.run(FastThreadLocalRunnable.java:30)
	... 1 more
Caused by: java.net.ConnectException: Connection refused
	... 11 more
2019-07-16 14:19:29,316 INFO  impl.RaftServerImpl (RaftServerImpl.java:setRole(171)) - ac0feed9-e302-4363-a7c4-23c8743a625e:group-6B1D19F694A8 changes role from CANDIDATE to FOLLOWER at term 3 for DISCOVERED_A_NEW_TERM
2019-07-16 14:19:29,320 INFO  impl.RoleInfo (RoleInfo.java:shutdownLeaderElection(134)) - ac0feed9-e302-4363-a7c4-23c8743a625e: shutdown LeaderElection
2019-07-16 14:19:29,320 INFO  impl.RoleInfo (RoleInfo.java:updateAndGet(143)) - ac0feed9-e302-4363-a7c4-23c8743a625e: start FollowerState
2019-07-16 14:19:30,085 INFO  client.GrpcClientProtocolClient (GrpcClientProtocolClient.java:onNext(255)) - client-7C6737A1C25D->ac0feed9-e302-4363-a7c4-23c8743a625e: receive RaftClientReply:client-7C6737A1C25D->ac0feed9-e302-4363-a7c4-23c8743a625e@group-6B1D19F694A8, cid=22, FAILED org.apache.ratis.protocol.NotLeaderException: Server ac0feed9-e302-4363-a7c4-23c8743a625e is not the leader (null). Request must be sent to leader., logIndex=0, commits[ac0feed9-e302-4363-a7c4-23c8743a625e:c16, 5f1e710f-bd2f-4a4b-9aaf-0bc613871562:c16, 3ebb53ec-7397-4bac-b3b2-fbcfca4f3084:c16]
2019-07-16 14:19:33,125 INFO  client.GrpcClientProtocolClient (GrpcClientProtocolClient.java:onNext(255)) - client-7C6737A1C25D->ac0feed9-e302-4363-a7c4-23c8743a625e: receive RaftClientReply:client-7C6737A1C25D->ac0feed9-e302-4363-a7c4-23c8743a625e@group-6B1D19F694A8, cid=22, FAILED org.apache.ratis.protocol.NotLeaderException: Server ac0feed9-e302-4363-a7c4-23c8743a625e is not the leader (null). Request must be sent to leader., logIndex=0, commits[ac0feed9-e302-4363-a7c4-23c8743a625e:c16, 5f1e710f-bd2f-4a4b-9aaf-0bc613871562:c16, 3ebb53ec-7397-4bac-b3b2-fbcfca4f3084:c16]
2019-07-16 14:19:34,358 INFO  impl.FollowerState (FollowerState.java:run(106)) - ac0feed9-e302-4363-a7c4-23c8743a625e:group-6B1D19F694A8 changes to CANDIDATE, lastRpcTime:5037, electionTimeout:5035ms
2019-07-16 14:19:34,358 INFO  impl.RoleInfo (RoleInfo.java:shutdownFollowerState(121)) - ac0feed9-e302-4363-a7c4-23c8743a625e: shutdown FollowerState
2019-07-16 14:19:34,358 INFO  impl.RaftServerImpl (RaftServerImpl.java:setRole(171)) - ac0feed9-e302-4363-a7c4-23c8743a625e:group-6B1D19F694A8 changes role from FOLLOWER to CANDIDATE at term 3 for changeToCandidate
2019-07-16 14:19:34,359 INFO  impl.RoleInfo (RoleInfo.java:updateAndGet(143)) - ac0feed9-e302-4363-a7c4-23c8743a625e: start LeaderElection
2019-07-16 14:19:34,387 INFO  impl.LeaderElection (LeaderElection.java:askForVotes(181)) - ac0feed9-e302-4363-a7c4-23c8743a625e:group-6B1D19F694A8:LeaderElection16: begin an election at term 4 for 0: [5f1e710f-bd2f-4a4b-9aaf-0bc613871562:192.168.157.241:40087, 3ebb53ec-7397-4bac-b3b2-fbcfca4f3084:192.168.157.241:44500, ac0feed9-e302-4363-a7c4-23c8743a625e:192.168.157.241:32768], old=null
2019-07-16 14:19:34,388 INFO  impl.LeaderElection (LogUtils.java:infoOrTrace(149)) - ac0feed9-e302-4363-a7c4-23c8743a625e:group-6B1D19F694A8:LeaderElection16 got exception when requesting votes: {}
java.util.concurrent.ExecutionException: org.apache.ratis.thirdparty.io.grpc.StatusRuntimeException: UNAVAILABLE: io exception
	at java.util.concurrent.FutureTask.report(FutureTask.java:122)
	at java.util.concurrent.FutureTask.get(FutureTask.java:192)
	at org.apache.ratis.server.impl.LeaderElection.waitForResults(LeaderElection.java:262)
	at org.apache.ratis.server.impl.LeaderElection.askForVotes(LeaderElection.java:200)
	at org.apache.ratis.server.impl.LeaderElection.run(LeaderElection.java:130)
	at java.lang.Thread.run(Thread.java:748)
Caused by: org.apache.ratis.thirdparty.io.grpc.StatusRuntimeException: UNAVAILABLE: io exception
	at org.apache.ratis.thirdparty.io.grpc.stub.ClientCalls.toStatusRuntimeException(ClientCalls.java:233)
	at org.apache.ratis.thirdparty.io.grpc.stub.ClientCalls.getUnchecked(ClientCalls.java:214)
	at org.apache.ratis.thirdparty.io.grpc.stub.ClientCalls.blockingUnaryCall(ClientCalls.java:139)
	at org.apache.ratis.proto.grpc.RaftServerProtocolServiceGrpc$RaftServerProtocolServiceBlockingStub.requestVote(RaftServerProtocolServiceGrpc.java:265)
	at org.apache.ratis.grpc.server.GrpcServerProtocolClient.requestVote(GrpcServerProtocolClient.java:83)
	at org.apache.ratis.grpc.server.GrpcService.requestVote(GrpcService.java:195)
	at org.apache.ratis.server.impl.LeaderElection.lambda$submitRequests$1(LeaderElection.java:237)
	at java.util.concurrent.FutureTask.run(FutureTask.java:266)
	at java.util.concurrent.Executors$RunnableAdapter.call(Executors.java:511)
	at java.util.concurrent.FutureTask.run(FutureTask.java:266)
	at java.util.concurrent.ThreadPoolExecutor.runWorker(ThreadPoolExecutor.java:1149)
	at java.util.concurrent.ThreadPoolExecutor$Worker.run(ThreadPoolExecutor.java:624)
	... 1 more
Caused by: org.apache.ratis.thirdparty.io.netty.channel.AbstractChannel$AnnotatedConnectException: Connection refused: /192.168.157.241:40087
	at sun.nio.ch.SocketChannelImpl.checkConnect(Native Method)
	at sun.nio.ch.SocketChannelImpl.finishConnect(SocketChannelImpl.java:717)
	at org.apache.ratis.thirdparty.io.netty.channel.socket.nio.NioSocketChannel.doFinishConnect(NioSocketChannel.java:327)
	at org.apache.ratis.thirdparty.io.netty.channel.nio.AbstractNioChannel$AbstractNioUnsafe.finishConnect(AbstractNioChannel.java:340)
	at org.apache.ratis.thirdparty.io.netty.channel.nio.NioEventLoop.processSelectedKey(NioEventLoop.java:632)
	at org.apache.ratis.thirdparty.io.netty.channel.nio.NioEventLoop.processSelectedKeysOptimized(NioEventLoop.java:579)
	at org.apache.ratis.thirdparty.io.netty.channel.nio.NioEventLoop.processSelectedKeys(NioEventLoop.java:496)
	at org.apache.ratis.thirdparty.io.netty.channel.nio.NioEventLoop.run(NioEventLoop.java:458)
	at org.apache.ratis.thirdparty.io.netty.util.concurrent.SingleThreadEventExecutor$5.run(SingleThreadEventExecutor.java:897)
	at org.apache.ratis.thirdparty.io.netty.util.concurrent.FastThreadLocalRunnable.run(FastThreadLocalRunnable.java:30)
	... 1 more
Caused by: java.net.ConnectException: Connection refused
	... 11 more
2019-07-16 14:19:34,391 INFO  impl.LeaderElection (LogUtils.java:infoOrTrace(149)) - ac0feed9-e302-4363-a7c4-23c8743a625e:group-6B1D19F694A8:LeaderElection16 got exception when requesting votes: {}
java.util.concurrent.ExecutionException: org.apache.ratis.thirdparty.io.grpc.StatusRuntimeException: UNAVAILABLE: io exception
	at java.util.concurrent.FutureTask.report(FutureTask.java:122)
	at java.util.concurrent.FutureTask.get(FutureTask.java:192)
	at org.apache.ratis.server.impl.LeaderElection.waitForResults(LeaderElection.java:262)
	at org.apache.ratis.server.impl.LeaderElection.askForVotes(LeaderElection.java:200)
	at org.apache.ratis.server.impl.LeaderElection.run(LeaderElection.java:130)
	at java.lang.Thread.run(Thread.java:748)
Caused by: org.apache.ratis.thirdparty.io.grpc.StatusRuntimeException: UNAVAILABLE: io exception
	at org.apache.ratis.thirdparty.io.grpc.stub.ClientCalls.toStatusRuntimeException(ClientCalls.java:233)
	at org.apache.ratis.thirdparty.io.grpc.stub.ClientCalls.getUnchecked(ClientCalls.java:214)
	at org.apache.ratis.thirdparty.io.grpc.stub.ClientCalls.blockingUnaryCall(ClientCalls.java:139)
	at org.apache.ratis.proto.grpc.RaftServerProtocolServiceGrpc$RaftServerProtocolServiceBlockingStub.requestVote(RaftServerProtocolServiceGrpc.java:265)
	at org.apache.ratis.grpc.server.GrpcServerProtocolClient.requestVote(GrpcServerProtocolClient.java:83)
	at org.apache.ratis.grpc.server.GrpcService.requestVote(GrpcService.java:195)
	at org.apache.ratis.server.impl.LeaderElection.lambda$submitRequests$1(LeaderElection.java:237)
	at java.util.concurrent.FutureTask.run(FutureTask.java:266)
	at java.util.concurrent.Executors$RunnableAdapter.call(Executors.java:511)
	at java.util.concurrent.FutureTask.run(FutureTask.java:266)
	at java.util.concurrent.ThreadPoolExecutor.runWorker(ThreadPoolExecutor.java:1149)
	at java.util.concurrent.ThreadPoolExecutor$Worker.run(ThreadPoolExecutor.java:624)
	... 1 more
Caused by: org.apache.ratis.thirdparty.io.netty.channel.AbstractChannel$AnnotatedConnectException: Connection refused: /192.168.157.241:44500
	at sun.nio.ch.SocketChannelImpl.checkConnect(Native Method)
	at sun.nio.ch.SocketChannelImpl.finishConnect(SocketChannelImpl.java:717)
	at org.apache.ratis.thirdparty.io.netty.channel.socket.nio.NioSocketChannel.doFinishConnect(NioSocketChannel.java:327)
	at org.apache.ratis.thirdparty.io.netty.channel.nio.AbstractNioChannel$AbstractNioUnsafe.finishConnect(AbstractNioChannel.java:340)
	at org.apache.ratis.thirdparty.io.netty.channel.nio.NioEventLoop.processSelectedKey(NioEventLoop.java:632)
	at org.apache.ratis.thirdparty.io.netty.channel.nio.NioEventLoop.processSelectedKeysOptimized(NioEventLoop.java:579)
	at org.apache.ratis.thirdparty.io.netty.channel.nio.NioEventLoop.processSelectedKeys(NioEventLoop.java:496)
	at org.apache.ratis.thirdparty.io.netty.channel.nio.NioEventLoop.run(NioEventLoop.java:458)
	at org.apache.ratis.thirdparty.io.netty.util.concurrent.SingleThreadEventExecutor$5.run(SingleThreadEventExecutor.java:897)
	at org.apache.ratis.thirdparty.io.netty.util.concurrent.FastThreadLocalRunnable.run(FastThreadLocalRunnable.java:30)
	... 1 more
Caused by: java.net.ConnectException: Connection refused
	... 11 more
2019-07-16 14:19:34,393 INFO  impl.LeaderElection (LeaderElection.java:logAndReturn(56)) - ac0feed9-e302-4363-a7c4-23c8743a625e:group-6B1D19F694A8:LeaderElection16: Election REJECTED; received 0 response(s) [] and 2 exception(s); ac0feed9-e302-4363-a7c4-23c8743a625e:t4, leader=null, voted=ac0feed9-e302-4363-a7c4-23c8743a625e, raftlog=ac0feed9-e302-4363-a7c4-23c8743a625e-SegmentedRaftLog:OPENED:c16,f16,i16, conf=0: [5f1e710f-bd2f-4a4b-9aaf-0bc613871562:192.168.157.241:40087, 3ebb53ec-7397-4bac-b3b2-fbcfca4f3084:192.168.157.241:44500, ac0feed9-e302-4363-a7c4-23c8743a625e:192.168.157.241:32768], old=null
2019-07-16 14:19:34,393 INFO  impl.LeaderElection (LogUtils.java:infoOrTrace(149)) -   Exception 0: {}
java.util.concurrent.ExecutionException: org.apache.ratis.thirdparty.io.grpc.StatusRuntimeException: UNAVAILABLE: io exception
	at java.util.concurrent.FutureTask.report(FutureTask.java:122)
	at java.util.concurrent.FutureTask.get(FutureTask.java:192)
	at org.apache.ratis.server.impl.LeaderElection.waitForResults(LeaderElection.java:262)
	at org.apache.ratis.server.impl.LeaderElection.askForVotes(LeaderElection.java:200)
	at org.apache.ratis.server.impl.LeaderElection.run(LeaderElection.java:130)
	at java.lang.Thread.run(Thread.java:748)
Caused by: org.apache.ratis.thirdparty.io.grpc.StatusRuntimeException: UNAVAILABLE: io exception
	at org.apache.ratis.thirdparty.io.grpc.stub.ClientCalls.toStatusRuntimeException(ClientCalls.java:233)
	at org.apache.ratis.thirdparty.io.grpc.stub.ClientCalls.getUnchecked(ClientCalls.java:214)
	at org.apache.ratis.thirdparty.io.grpc.stub.ClientCalls.blockingUnaryCall(ClientCalls.java:139)
	at org.apache.ratis.proto.grpc.RaftServerProtocolServiceGrpc$RaftServerProtocolServiceBlockingStub.requestVote(RaftServerProtocolServiceGrpc.java:265)
	at org.apache.ratis.grpc.server.GrpcServerProtocolClient.requestVote(GrpcServerProtocolClient.java:83)
	at org.apache.ratis.grpc.server.GrpcService.requestVote(GrpcService.java:195)
	at org.apache.ratis.server.impl.LeaderElection.lambda$submitRequests$1(LeaderElection.java:237)
	at java.util.concurrent.FutureTask.run(FutureTask.java:266)
	at java.util.concurrent.Executors$RunnableAdapter.call(Executors.java:511)
	at java.util.concurrent.FutureTask.run(FutureTask.java:266)
	at java.util.concurrent.ThreadPoolExecutor.runWorker(ThreadPoolExecutor.java:1149)
	at java.util.concurrent.ThreadPoolExecutor$Worker.run(ThreadPoolExecutor.java:624)
	... 1 more
Caused by: org.apache.ratis.thirdparty.io.netty.channel.AbstractChannel$AnnotatedConnectException: Connection refused: /192.168.157.241:40087
	at sun.nio.ch.SocketChannelImpl.checkConnect(Native Method)
	at sun.nio.ch.SocketChannelImpl.finishConnect(SocketChannelImpl.java:717)
	at org.apache.ratis.thirdparty.io.netty.channel.socket.nio.NioSocketChannel.doFinishConnect(NioSocketChannel.java:327)
	at org.apache.ratis.thirdparty.io.netty.channel.nio.AbstractNioChannel$AbstractNioUnsafe.finishConnect(AbstractNioChannel.java:340)
	at org.apache.ratis.thirdparty.io.netty.channel.nio.NioEventLoop.processSelectedKey(NioEventLoop.java:632)
	at org.apache.ratis.thirdparty.io.netty.channel.nio.NioEventLoop.processSelectedKeysOptimized(NioEventLoop.java:579)
	at org.apache.ratis.thirdparty.io.netty.channel.nio.NioEventLoop.processSelectedKeys(NioEventLoop.java:496)
	at org.apache.ratis.thirdparty.io.netty.channel.nio.NioEventLoop.run(NioEventLoop.java:458)
	at org.apache.ratis.thirdparty.io.netty.util.concurrent.SingleThreadEventExecutor$5.run(SingleThreadEventExecutor.java:897)
	at org.apache.ratis.thirdparty.io.netty.util.concurrent.FastThreadLocalRunnable.run(FastThreadLocalRunnable.java:30)
	... 1 more
Caused by: java.net.ConnectException: Connection refused
	... 11 more
2019-07-16 14:19:34,394 INFO  impl.LeaderElection (LogUtils.java:infoOrTrace(149)) -   Exception 1: {}
java.util.concurrent.ExecutionException: org.apache.ratis.thirdparty.io.grpc.StatusRuntimeException: UNAVAILABLE: io exception
	at java.util.concurrent.FutureTask.report(FutureTask.java:122)
	at java.util.concurrent.FutureTask.get(FutureTask.java:192)
	at org.apache.ratis.server.impl.LeaderElection.waitForResults(LeaderElection.java:262)
	at org.apache.ratis.server.impl.LeaderElection.askForVotes(LeaderElection.java:200)
	at org.apache.ratis.server.impl.LeaderElection.run(LeaderElection.java:130)
	at java.lang.Thread.run(Thread.java:748)
Caused by: org.apache.ratis.thirdparty.io.grpc.StatusRuntimeException: UNAVAILABLE: io exception
	at org.apache.ratis.thirdparty.io.grpc.stub.ClientCalls.toStatusRuntimeException(ClientCalls.java:233)
	at org.apache.ratis.thirdparty.io.grpc.stub.ClientCalls.getUnchecked(ClientCalls.java:214)
	at org.apache.ratis.thirdparty.io.grpc.stub.ClientCalls.blockingUnaryCall(ClientCalls.java:139)
	at org.apache.ratis.proto.grpc.RaftServerProtocolServiceGrpc$RaftServerProtocolServiceBlockingStub.requestVote(RaftServerProtocolServiceGrpc.java:265)
	at org.apache.ratis.grpc.server.GrpcServerProtocolClient.requestVote(GrpcServerProtocolClient.java:83)
	at org.apache.ratis.grpc.server.GrpcService.requestVote(GrpcService.java:195)
	at org.apache.ratis.server.impl.LeaderElection.lambda$submitRequests$1(LeaderElection.java:237)
	at java.util.concurrent.FutureTask.run(FutureTask.java:266)
	at java.util.concurrent.Executors$RunnableAdapter.call(Executors.java:511)
	at java.util.concurrent.FutureTask.run(FutureTask.java:266)
	at java.util.concurrent.ThreadPoolExecutor.runWorker(ThreadPoolExecutor.java:1149)
	at java.util.concurrent.ThreadPoolExecutor$Worker.run(ThreadPoolExecutor.java:624)
	... 1 more
Caused by: org.apache.ratis.thirdparty.io.netty.channel.AbstractChannel$AnnotatedConnectException: Connection refused: /192.168.157.241:44500
	at sun.nio.ch.SocketChannelImpl.checkConnect(Native Method)
	at sun.nio.ch.SocketChannelImpl.finishConnect(SocketChannelImpl.java:717)
	at org.apache.ratis.thirdparty.io.netty.channel.socket.nio.NioSocketChannel.doFinishConnect(NioSocketChannel.java:327)
	at org.apache.ratis.thirdparty.io.netty.channel.nio.AbstractNioChannel$AbstractNioUnsafe.finishConnect(AbstractNioChannel.java:340)
	at org.apache.ratis.thirdparty.io.netty.channel.nio.NioEventLoop.processSelectedKey(NioEventLoop.java:632)
	at org.apache.ratis.thirdparty.io.netty.channel.nio.NioEventLoop.processSelectedKeysOptimized(NioEventLoop.java:579)
	at org.apache.ratis.thirdparty.io.netty.channel.nio.NioEventLoop.processSelectedKeys(NioEventLoop.java:496)
	at org.apache.ratis.thirdparty.io.netty.channel.nio.NioEventLoop.run(NioEventLoop.java:458)
	at org.apache.ratis.thirdparty.io.netty.util.concurrent.SingleThreadEventExecutor$5.run(SingleThreadEventExecutor.java:897)
	at org.apache.ratis.thirdparty.io.netty.util.concurrent.FastThreadLocalRunnable.run(FastThreadLocalRunnable.java:30)
	... 1 more
Caused by: java.net.ConnectException: Connection refused
	... 11 more
2019-07-16 14:19:34,394 INFO  impl.RaftServerImpl (RaftServerImpl.java:setRole(171)) - ac0feed9-e302-4363-a7c4-23c8743a625e:group-6B1D19F694A8 changes role from CANDIDATE to FOLLOWER at term 4 for DISCOVERED_A_NEW_TERM
2019-07-16 14:19:34,396 INFO  impl.RoleInfo (RoleInfo.java:shutdownLeaderElection(134)) - ac0feed9-e302-4363-a7c4-23c8743a625e: shutdown LeaderElection
2019-07-16 14:19:34,397 INFO  impl.RoleInfo (RoleInfo.java:updateAndGet(143)) - ac0feed9-e302-4363-a7c4-23c8743a625e: start FollowerState
2019-07-16 14:19:35,155 INFO  client.GrpcClientProtocolClient (GrpcClientProtocolClient.java:onNext(255)) - client-7C6737A1C25D->ac0feed9-e302-4363-a7c4-23c8743a625e: receive RaftClientReply:client-7C6737A1C25D->ac0feed9-e302-4363-a7c4-23c8743a625e@group-6B1D19F694A8, cid=22, FAILED org.apache.ratis.protocol.NotLeaderException: Server ac0feed9-e302-4363-a7c4-23c8743a625e is not the leader (null). Request must be sent to leader., logIndex=0, commits[ac0feed9-e302-4363-a7c4-23c8743a625e:c16, 5f1e710f-bd2f-4a4b-9aaf-0bc613871562:c16, 3ebb53ec-7397-4bac-b3b2-fbcfca4f3084:c16]
2019-07-16 14:19:37,184 INFO  client.GrpcClientProtocolClient (GrpcClientProtocolClient.java:onNext(255)) - client-7C6737A1C25D->ac0feed9-e302-4363-a7c4-23c8743a625e: receive RaftClientReply:client-7C6737A1C25D->ac0feed9-e302-4363-a7c4-23c8743a625e@group-6B1D19F694A8, cid=22, FAILED org.apache.ratis.protocol.NotLeaderException: Server ac0feed9-e302-4363-a7c4-23c8743a625e is not the leader (null). Request must be sent to leader., logIndex=0, commits[ac0feed9-e302-4363-a7c4-23c8743a625e:c16, 5f1e710f-bd2f-4a4b-9aaf-0bc613871562:c16, 3ebb53ec-7397-4bac-b3b2-fbcfca4f3084:c16]
2019-07-16 14:19:39,223 INFO  client.GrpcClientProtocolClient (GrpcClientProtocolClient.java:onNext(255)) - client-7C6737A1C25D->ac0feed9-e302-4363-a7c4-23c8743a625e: receive RaftClientReply:client-7C6737A1C25D->ac0feed9-e302-4363-a7c4-23c8743a625e@group-6B1D19F694A8, cid=22, FAILED org.apache.ratis.protocol.NotLeaderException: Server ac0feed9-e302-4363-a7c4-23c8743a625e is not the leader (null). Request must be sent to leader., logIndex=0, commits[ac0feed9-e302-4363-a7c4-23c8743a625e:c16, 5f1e710f-bd2f-4a4b-9aaf-0bc613871562:c16, 3ebb53ec-7397-4bac-b3b2-fbcfca4f3084:c16]
2019-07-16 14:19:39,532 INFO  impl.FollowerState (FollowerState.java:run(106)) - ac0feed9-e302-4363-a7c4-23c8743a625e:group-6B1D19F694A8 changes to CANDIDATE, lastRpcTime:5135, electionTimeout:5133ms
2019-07-16 14:19:39,532 INFO  impl.RoleInfo (RoleInfo.java:shutdownFollowerState(121)) - ac0feed9-e302-4363-a7c4-23c8743a625e: shutdown FollowerState
2019-07-16 14:19:39,532 INFO  impl.RaftServerImpl (RaftServerImpl.java:setRole(171)) - ac0feed9-e302-4363-a7c4-23c8743a625e:group-6B1D19F694A8 changes role from FOLLOWER to CANDIDATE at term 4 for changeToCandidate
2019-07-16 14:19:39,533 INFO  impl.RoleInfo (RoleInfo.java:updateAndGet(143)) - ac0feed9-e302-4363-a7c4-23c8743a625e: start LeaderElection
2019-07-16 14:19:39,549 INFO  impl.LeaderElection (LeaderElection.java:askForVotes(181)) - ac0feed9-e302-4363-a7c4-23c8743a625e:group-6B1D19F694A8:LeaderElection17: begin an election at term 5 for 0: [5f1e710f-bd2f-4a4b-9aaf-0bc613871562:192.168.157.241:40087, 3ebb53ec-7397-4bac-b3b2-fbcfca4f3084:192.168.157.241:44500, ac0feed9-e302-4363-a7c4-23c8743a625e:192.168.157.241:32768], old=null
2019-07-16 14:19:39,551 INFO  impl.LeaderElection (LogUtils.java:infoOrTrace(149)) - ac0feed9-e302-4363-a7c4-23c8743a625e:group-6B1D19F694A8:LeaderElection17 got exception when requesting votes: {}
java.util.concurrent.ExecutionException: org.apache.ratis.thirdparty.io.grpc.StatusRuntimeException: UNAVAILABLE: io exception
	at java.util.concurrent.FutureTask.report(FutureTask.java:122)
	at java.util.concurrent.FutureTask.get(FutureTask.java:192)
	at org.apache.ratis.server.impl.LeaderElection.waitForResults(LeaderElection.java:262)
	at org.apache.ratis.server.impl.LeaderElection.askForVotes(LeaderElection.java:200)
	at org.apache.ratis.server.impl.LeaderElection.run(LeaderElection.java:130)
	at java.lang.Thread.run(Thread.java:748)
Caused by: org.apache.ratis.thirdparty.io.grpc.StatusRuntimeException: UNAVAILABLE: io exception
	at org.apache.ratis.thirdparty.io.grpc.stub.ClientCalls.toStatusRuntimeException(ClientCalls.java:233)
	at org.apache.ratis.thirdparty.io.grpc.stub.ClientCalls.getUnchecked(ClientCalls.java:214)
	at org.apache.ratis.thirdparty.io.grpc.stub.ClientCalls.blockingUnaryCall(ClientCalls.java:139)
	at org.apache.ratis.proto.grpc.RaftServerProtocolServiceGrpc$RaftServerProtocolServiceBlockingStub.requestVote(RaftServerProtocolServiceGrpc.java:265)
	at org.apache.ratis.grpc.server.GrpcServerProtocolClient.requestVote(GrpcServerProtocolClient.java:83)
	at org.apache.ratis.grpc.server.GrpcService.requestVote(GrpcService.java:195)
	at org.apache.ratis.server.impl.LeaderElection.lambda$submitRequests$1(LeaderElection.java:237)
	at java.util.concurrent.FutureTask.run(FutureTask.java:266)
	at java.util.concurrent.Executors$RunnableAdapter.call(Executors.java:511)
	at java.util.concurrent.FutureTask.run(FutureTask.java:266)
	at java.util.concurrent.ThreadPoolExecutor.runWorker(ThreadPoolExecutor.java:1149)
	at java.util.concurrent.ThreadPoolExecutor$Worker.run(ThreadPoolExecutor.java:624)
	... 1 more
Caused by: org.apache.ratis.thirdparty.io.netty.channel.AbstractChannel$AnnotatedConnectException: Connection refused: /192.168.157.241:40087
	at sun.nio.ch.SocketChannelImpl.checkConnect(Native Method)
	at sun.nio.ch.SocketChannelImpl.finishConnect(SocketChannelImpl.java:717)
	at org.apache.ratis.thirdparty.io.netty.channel.socket.nio.NioSocketChannel.doFinishConnect(NioSocketChannel.java:327)
	at org.apache.ratis.thirdparty.io.netty.channel.nio.AbstractNioChannel$AbstractNioUnsafe.finishConnect(AbstractNioChannel.java:340)
	at org.apache.ratis.thirdparty.io.netty.channel.nio.NioEventLoop.processSelectedKey(NioEventLoop.java:632)
	at org.apache.ratis.thirdparty.io.netty.channel.nio.NioEventLoop.processSelectedKeysOptimized(NioEventLoop.java:579)
	at org.apache.ratis.thirdparty.io.netty.channel.nio.NioEventLoop.processSelectedKeys(NioEventLoop.java:496)
	at org.apache.ratis.thirdparty.io.netty.channel.nio.NioEventLoop.run(NioEventLoop.java:458)
	at org.apache.ratis.thirdparty.io.netty.util.concurrent.SingleThreadEventExecutor$5.run(SingleThreadEventExecutor.java:897)
	at org.apache.ratis.thirdparty.io.netty.util.concurrent.FastThreadLocalRunnable.run(FastThreadLocalRunnable.java:30)
	... 1 more
Caused by: java.net.ConnectException: Connection refused
	... 11 more
2019-07-16 14:19:39,553 INFO  impl.LeaderElection (LogUtils.java:infoOrTrace(149)) - ac0feed9-e302-4363-a7c4-23c8743a625e:group-6B1D19F694A8:LeaderElection17 got exception when requesting votes: {}
java.util.concurrent.ExecutionException: org.apache.ratis.thirdparty.io.grpc.StatusRuntimeException: UNAVAILABLE: io exception
	at java.util.concurrent.FutureTask.report(FutureTask.java:122)
	at java.util.concurrent.FutureTask.get(FutureTask.java:192)
	at org.apache.ratis.server.impl.LeaderElection.waitForResults(LeaderElection.java:262)
	at org.apache.ratis.server.impl.LeaderElection.askForVotes(LeaderElection.java:200)
	at org.apache.ratis.server.impl.LeaderElection.run(LeaderElection.java:130)
	at java.lang.Thread.run(Thread.java:748)
Caused by: org.apache.ratis.thirdparty.io.grpc.StatusRuntimeException: UNAVAILABLE: io exception
	at org.apache.ratis.thirdparty.io.grpc.stub.ClientCalls.toStatusRuntimeException(ClientCalls.java:233)
	at org.apache.ratis.thirdparty.io.grpc.stub.ClientCalls.getUnchecked(ClientCalls.java:214)
	at org.apache.ratis.thirdparty.io.grpc.stub.ClientCalls.blockingUnaryCall(ClientCalls.java:139)
	at org.apache.ratis.proto.grpc.RaftServerProtocolServiceGrpc$RaftServerProtocolServiceBlockingStub.requestVote(RaftServerProtocolServiceGrpc.java:265)
	at org.apache.ratis.grpc.server.GrpcServerProtocolClient.requestVote(GrpcServerProtocolClient.java:83)
	at org.apache.ratis.grpc.server.GrpcService.requestVote(GrpcService.java:195)
	at org.apache.ratis.server.impl.LeaderElection.lambda$submitRequests$1(LeaderElection.java:237)
	at java.util.concurrent.FutureTask.run(FutureTask.java:266)
	at java.util.concurrent.Executors$RunnableAdapter.call(Executors.java:511)
	at java.util.concurrent.FutureTask.run(FutureTask.java:266)
	at java.util.concurrent.ThreadPoolExecutor.runWorker(ThreadPoolExecutor.java:1149)
	at java.util.concurrent.ThreadPoolExecutor$Worker.run(ThreadPoolExecutor.java:624)
	... 1 more
Caused by: org.apache.ratis.thirdparty.io.netty.channel.AbstractChannel$AnnotatedConnectException: Connection refused: /192.168.157.241:44500
	at sun.nio.ch.SocketChannelImpl.checkConnect(Native Method)
	at sun.nio.ch.SocketChannelImpl.finishConnect(SocketChannelImpl.java:717)
	at org.apache.ratis.thirdparty.io.netty.channel.socket.nio.NioSocketChannel.doFinishConnect(NioSocketChannel.java:327)
	at org.apache.ratis.thirdparty.io.netty.channel.nio.AbstractNioChannel$AbstractNioUnsafe.finishConnect(AbstractNioChannel.java:340)
	at org.apache.ratis.thirdparty.io.netty.channel.nio.NioEventLoop.processSelectedKey(NioEventLoop.java:632)
	at org.apache.ratis.thirdparty.io.netty.channel.nio.NioEventLoop.processSelectedKeysOptimized(NioEventLoop.java:579)
	at org.apache.ratis.thirdparty.io.netty.channel.nio.NioEventLoop.processSelectedKeys(NioEventLoop.java:496)
	at org.apache.ratis.thirdparty.io.netty.channel.nio.NioEventLoop.run(NioEventLoop.java:458)
	at org.apache.ratis.thirdparty.io.netty.util.concurrent.SingleThreadEventExecutor$5.run(SingleThreadEventExecutor.java:897)
	at org.apache.ratis.thirdparty.io.netty.util.concurrent.FastThreadLocalRunnable.run(FastThreadLocalRunnable.java:30)
	... 1 more
Caused by: java.net.ConnectException: Connection refused
	... 11 more
2019-07-16 14:19:39,556 INFO  impl.LeaderElection (LeaderElection.java:logAndReturn(56)) - ac0feed9-e302-4363-a7c4-23c8743a625e:group-6B1D19F694A8:LeaderElection17: Election REJECTED; received 0 response(s) [] and 2 exception(s); ac0feed9-e302-4363-a7c4-23c8743a625e:t5, leader=null, voted=ac0feed9-e302-4363-a7c4-23c8743a625e, raftlog=ac0feed9-e302-4363-a7c4-23c8743a625e-SegmentedRaftLog:OPENED:c16,f16,i16, conf=0: [5f1e710f-bd2f-4a4b-9aaf-0bc613871562:192.168.157.241:40087, 3ebb53ec-7397-4bac-b3b2-fbcfca4f3084:192.168.157.241:44500, ac0feed9-e302-4363-a7c4-23c8743a625e:192.168.157.241:32768], old=null
2019-07-16 14:19:39,556 INFO  impl.LeaderElection (LogUtils.java:infoOrTrace(149)) -   Exception 0: {}
java.util.concurrent.ExecutionException: org.apache.ratis.thirdparty.io.grpc.StatusRuntimeException: UNAVAILABLE: io exception
	at java.util.concurrent.FutureTask.report(FutureTask.java:122)
	at java.util.concurrent.FutureTask.get(FutureTask.java:192)
	at org.apache.ratis.server.impl.LeaderElection.waitForResults(LeaderElection.java:262)
	at org.apache.ratis.server.impl.LeaderElection.askForVotes(LeaderElection.java:200)
	at org.apache.ratis.server.impl.LeaderElection.run(LeaderElection.java:130)
	at java.lang.Thread.run(Thread.java:748)
Caused by: org.apache.ratis.thirdparty.io.grpc.StatusRuntimeException: UNAVAILABLE: io exception
	at org.apache.ratis.thirdparty.io.grpc.stub.ClientCalls.toStatusRuntimeException(ClientCalls.java:233)
	at org.apache.ratis.thirdparty.io.grpc.stub.ClientCalls.getUnchecked(ClientCalls.java:214)
	at org.apache.ratis.thirdparty.io.grpc.stub.ClientCalls.blockingUnaryCall(ClientCalls.java:139)
	at org.apache.ratis.proto.grpc.RaftServerProtocolServiceGrpc$RaftServerProtocolServiceBlockingStub.requestVote(RaftServerProtocolServiceGrpc.java:265)
	at org.apache.ratis.grpc.server.GrpcServerProtocolClient.requestVote(GrpcServerProtocolClient.java:83)
	at org.apache.ratis.grpc.server.GrpcService.requestVote(GrpcService.java:195)
	at org.apache.ratis.server.impl.LeaderElection.lambda$submitRequests$1(LeaderElection.java:237)
	at java.util.concurrent.FutureTask.run(FutureTask.java:266)
	at java.util.concurrent.Executors$RunnableAdapter.call(Executors.java:511)
	at java.util.concurrent.FutureTask.run(FutureTask.java:266)
	at java.util.concurrent.ThreadPoolExecutor.runWorker(ThreadPoolExecutor.java:1149)
	at java.util.concurrent.ThreadPoolExecutor$Worker.run(ThreadPoolExecutor.java:624)
	... 1 more
Caused by: org.apache.ratis.thirdparty.io.netty.channel.AbstractChannel$AnnotatedConnectException: Connection refused: /192.168.157.241:40087
	at sun.nio.ch.SocketChannelImpl.checkConnect(Native Method)
	at sun.nio.ch.SocketChannelImpl.finishConnect(SocketChannelImpl.java:717)
	at org.apache.ratis.thirdparty.io.netty.channel.socket.nio.NioSocketChannel.doFinishConnect(NioSocketChannel.java:327)
	at org.apache.ratis.thirdparty.io.netty.channel.nio.AbstractNioChannel$AbstractNioUnsafe.finishConnect(AbstractNioChannel.java:340)
	at org.apache.ratis.thirdparty.io.netty.channel.nio.NioEventLoop.processSelectedKey(NioEventLoop.java:632)
	at org.apache.ratis.thirdparty.io.netty.channel.nio.NioEventLoop.processSelectedKeysOptimized(NioEventLoop.java:579)
	at org.apache.ratis.thirdparty.io.netty.channel.nio.NioEventLoop.processSelectedKeys(NioEventLoop.java:496)
	at org.apache.ratis.thirdparty.io.netty.channel.nio.NioEventLoop.run(NioEventLoop.java:458)
	at org.apache.ratis.thirdparty.io.netty.util.concurrent.SingleThreadEventExecutor$5.run(SingleThreadEventExecutor.java:897)
	at org.apache.ratis.thirdparty.io.netty.util.concurrent.FastThreadLocalRunnable.run(FastThreadLocalRunnable.java:30)
	... 1 more
Caused by: java.net.ConnectException: Connection refused
	... 11 more
2019-07-16 14:19:39,556 INFO  impl.LeaderElection (LogUtils.java:infoOrTrace(149)) -   Exception 1: {}
java.util.concurrent.ExecutionException: org.apache.ratis.thirdparty.io.grpc.StatusRuntimeException: UNAVAILABLE: io exception
	at java.util.concurrent.FutureTask.report(FutureTask.java:122)
	at java.util.concurrent.FutureTask.get(FutureTask.java:192)
	at org.apache.ratis.server.impl.LeaderElection.waitForResults(LeaderElection.java:262)
	at org.apache.ratis.server.impl.LeaderElection.askForVotes(LeaderElection.java:200)
	at org.apache.ratis.server.impl.LeaderElection.run(LeaderElection.java:130)
	at java.lang.Thread.run(Thread.java:748)
Caused by: org.apache.ratis.thirdparty.io.grpc.StatusRuntimeException: UNAVAILABLE: io exception
	at org.apache.ratis.thirdparty.io.grpc.stub.ClientCalls.toStatusRuntimeException(ClientCalls.java:233)
	at org.apache.ratis.thirdparty.io.grpc.stub.ClientCalls.getUnchecked(ClientCalls.java:214)
	at org.apache.ratis.thirdparty.io.grpc.stub.ClientCalls.blockingUnaryCall(ClientCalls.java:139)
	at org.apache.ratis.proto.grpc.RaftServerProtocolServiceGrpc$RaftServerProtocolServiceBlockingStub.requestVote(RaftServerProtocolServiceGrpc.java:265)
	at org.apache.ratis.grpc.server.GrpcServerProtocolClient.requestVote(GrpcServerProtocolClient.java:83)
	at org.apache.ratis.grpc.server.GrpcService.requestVote(GrpcService.java:195)
	at org.apache.ratis.server.impl.LeaderElection.lambda$submitRequests$1(LeaderElection.java:237)
	at java.util.concurrent.FutureTask.run(FutureTask.java:266)
	at java.util.concurrent.Executors$RunnableAdapter.call(Executors.java:511)
	at java.util.concurrent.FutureTask.run(FutureTask.java:266)
	at java.util.concurrent.ThreadPoolExecutor.runWorker(ThreadPoolExecutor.java:1149)
	at java.util.concurrent.ThreadPoolExecutor$Worker.run(ThreadPoolExecutor.java:624)
	... 1 more
Caused by: org.apache.ratis.thirdparty.io.netty.channel.AbstractChannel$AnnotatedConnectException: Connection refused: /192.168.157.241:44500
	at sun.nio.ch.SocketChannelImpl.checkConnect(Native Method)
	at sun.nio.ch.SocketChannelImpl.finishConnect(SocketChannelImpl.java:717)
	at org.apache.ratis.thirdparty.io.netty.channel.socket.nio.NioSocketChannel.doFinishConnect(NioSocketChannel.java:327)
	at org.apache.ratis.thirdparty.io.netty.channel.nio.AbstractNioChannel$AbstractNioUnsafe.finishConnect(AbstractNioChannel.java:340)
	at org.apache.ratis.thirdparty.io.netty.channel.nio.NioEventLoop.processSelectedKey(NioEventLoop.java:632)
	at org.apache.ratis.thirdparty.io.netty.channel.nio.NioEventLoop.processSelectedKeysOptimized(NioEventLoop.java:579)
	at org.apache.ratis.thirdparty.io.netty.channel.nio.NioEventLoop.processSelectedKeys(NioEventLoop.java:496)
	at org.apache.ratis.thirdparty.io.netty.channel.nio.NioEventLoop.run(NioEventLoop.java:458)
	at org.apache.ratis.thirdparty.io.netty.util.concurrent.SingleThreadEventExecutor$5.run(SingleThreadEventExecutor.java:897)
	at org.apache.ratis.thirdparty.io.netty.util.concurrent.FastThreadLocalRunnable.run(FastThreadLocalRunnable.java:30)
	... 1 more
Caused by: java.net.ConnectException: Connection refused
	... 11 more
2019-07-16 14:19:39,557 INFO  impl.RaftServerImpl (RaftServerImpl.java:setRole(171)) - ac0feed9-e302-4363-a7c4-23c8743a625e:group-6B1D19F694A8 changes role from CANDIDATE to FOLLOWER at term 5 for DISCOVERED_A_NEW_TERM
2019-07-16 14:19:39,559 INFO  impl.RoleInfo (RoleInfo.java:shutdownLeaderElection(134)) - ac0feed9-e302-4363-a7c4-23c8743a625e: shutdown LeaderElection
2019-07-16 14:19:39,559 INFO  impl.RoleInfo (RoleInfo.java:updateAndGet(143)) - ac0feed9-e302-4363-a7c4-23c8743a625e: start FollowerState
2019-07-16 14:19:42,266 INFO  client.GrpcClientProtocolClient (GrpcClientProtocolClient.java:onNext(255)) - client-7C6737A1C25D->ac0feed9-e302-4363-a7c4-23c8743a625e: receive RaftClientReply:client-7C6737A1C25D->ac0feed9-e302-4363-a7c4-23c8743a625e@group-6B1D19F694A8, cid=22, FAILED org.apache.ratis.protocol.NotLeaderException: Server ac0feed9-e302-4363-a7c4-23c8743a625e is not the leader (null). Request must be sent to leader., logIndex=0, commits[ac0feed9-e302-4363-a7c4-23c8743a625e:c16, 5f1e710f-bd2f-4a4b-9aaf-0bc613871562:c16, 3ebb53ec-7397-4bac-b3b2-fbcfca4f3084:c16]
2019-07-16 14:19:44,595 INFO  impl.FollowerState (FollowerState.java:run(106)) - ac0feed9-e302-4363-a7c4-23c8743a625e:group-6B1D19F694A8 changes to CANDIDATE, lastRpcTime:5035, electionTimeout:5033ms
2019-07-16 14:19:44,595 INFO  impl.RoleInfo (RoleInfo.java:shutdownFollowerState(121)) - ac0feed9-e302-4363-a7c4-23c8743a625e: shutdown FollowerState
2019-07-16 14:19:44,595 INFO  impl.RaftServerImpl (RaftServerImpl.java:setRole(171)) - ac0feed9-e302-4363-a7c4-23c8743a625e:group-6B1D19F694A8 changes role from FOLLOWER to CANDIDATE at term 5 for changeToCandidate
2019-07-16 14:19:44,595 INFO  impl.RoleInfo (RoleInfo.java:updateAndGet(143)) - ac0feed9-e302-4363-a7c4-23c8743a625e: start LeaderElection
2019-07-16 14:19:44,614 INFO  impl.LeaderElection (LeaderElection.java:askForVotes(181)) - ac0feed9-e302-4363-a7c4-23c8743a625e:group-6B1D19F694A8:LeaderElection18: begin an election at term 6 for 0: [5f1e710f-bd2f-4a4b-9aaf-0bc613871562:192.168.157.241:40087, 3ebb53ec-7397-4bac-b3b2-fbcfca4f3084:192.168.157.241:44500, ac0feed9-e302-4363-a7c4-23c8743a625e:192.168.157.241:32768], old=null
2019-07-16 14:19:44,616 INFO  impl.LeaderElection (LogUtils.java:infoOrTrace(149)) - ac0feed9-e302-4363-a7c4-23c8743a625e:group-6B1D19F694A8:LeaderElection18 got exception when requesting votes: {}
java.util.concurrent.ExecutionException: org.apache.ratis.thirdparty.io.grpc.StatusRuntimeException: UNAVAILABLE: io exception
	at java.util.concurrent.FutureTask.report(FutureTask.java:122)
	at java.util.concurrent.FutureTask.get(FutureTask.java:192)
	at org.apache.ratis.server.impl.LeaderElection.waitForResults(LeaderElection.java:262)
	at org.apache.ratis.server.impl.LeaderElection.askForVotes(LeaderElection.java:200)
	at org.apache.ratis.server.impl.LeaderElection.run(LeaderElection.java:130)
	at java.lang.Thread.run(Thread.java:748)
Caused by: org.apache.ratis.thirdparty.io.grpc.StatusRuntimeException: UNAVAILABLE: io exception
	at org.apache.ratis.thirdparty.io.grpc.stub.ClientCalls.toStatusRuntimeException(ClientCalls.java:233)
	at org.apache.ratis.thirdparty.io.grpc.stub.ClientCalls.getUnchecked(ClientCalls.java:214)
	at org.apache.ratis.thirdparty.io.grpc.stub.ClientCalls.blockingUnaryCall(ClientCalls.java:139)
	at org.apache.ratis.proto.grpc.RaftServerProtocolServiceGrpc$RaftServerProtocolServiceBlockingStub.requestVote(RaftServerProtocolServiceGrpc.java:265)
	at org.apache.ratis.grpc.server.GrpcServerProtocolClient.requestVote(GrpcServerProtocolClient.java:83)
	at org.apache.ratis.grpc.server.GrpcService.requestVote(GrpcService.java:195)
	at org.apache.ratis.server.impl.LeaderElection.lambda$submitRequests$1(LeaderElection.java:237)
	at java.util.concurrent.FutureTask.run(FutureTask.java:266)
	at java.util.concurrent.Executors$RunnableAdapter.call(Executors.java:511)
	at java.util.concurrent.FutureTask.run(FutureTask.java:266)
	at java.util.concurrent.ThreadPoolExecutor.runWorker(ThreadPoolExecutor.java:1149)
	at java.util.concurrent.ThreadPoolExecutor$Worker.run(ThreadPoolExecutor.java:624)
	... 1 more
Caused by: org.apache.ratis.thirdparty.io.netty.channel.AbstractChannel$AnnotatedConnectException: Connection refused: /192.168.157.241:40087
	at sun.nio.ch.SocketChannelImpl.checkConnect(Native Method)
	at sun.nio.ch.SocketChannelImpl.finishConnect(SocketChannelImpl.java:717)
	at org.apache.ratis.thirdparty.io.netty.channel.socket.nio.NioSocketChannel.doFinishConnect(NioSocketChannel.java:327)
	at org.apache.ratis.thirdparty.io.netty.channel.nio.AbstractNioChannel$AbstractNioUnsafe.finishConnect(AbstractNioChannel.java:340)
	at org.apache.ratis.thirdparty.io.netty.channel.nio.NioEventLoop.processSelectedKey(NioEventLoop.java:632)
	at org.apache.ratis.thirdparty.io.netty.channel.nio.NioEventLoop.processSelectedKeysOptimized(NioEventLoop.java:579)
	at org.apache.ratis.thirdparty.io.netty.channel.nio.NioEventLoop.processSelectedKeys(NioEventLoop.java:496)
	at org.apache.ratis.thirdparty.io.netty.channel.nio.NioEventLoop.run(NioEventLoop.java:458)
	at org.apache.ratis.thirdparty.io.netty.util.concurrent.SingleThreadEventExecutor$5.run(SingleThreadEventExecutor.java:897)
	at org.apache.ratis.thirdparty.io.netty.util.concurrent.FastThreadLocalRunnable.run(FastThreadLocalRunnable.java:30)
	... 1 more
Caused by: java.net.ConnectException: Connection refused
	... 11 more
2019-07-16 14:19:44,618 INFO  impl.LeaderElection (LogUtils.java:infoOrTrace(149)) - ac0feed9-e302-4363-a7c4-23c8743a625e:group-6B1D19F694A8:LeaderElection18 got exception when requesting votes: {}
java.util.concurrent.ExecutionException: org.apache.ratis.thirdparty.io.grpc.StatusRuntimeException: UNAVAILABLE: io exception
	at java.util.concurrent.FutureTask.report(FutureTask.java:122)
	at java.util.concurrent.FutureTask.get(FutureTask.java:192)
	at org.apache.ratis.server.impl.LeaderElection.waitForResults(LeaderElection.java:262)
	at org.apache.ratis.server.impl.LeaderElection.askForVotes(LeaderElection.java:200)
	at org.apache.ratis.server.impl.LeaderElection.run(LeaderElection.java:130)
	at java.lang.Thread.run(Thread.java:748)
Caused by: org.apache.ratis.thirdparty.io.grpc.StatusRuntimeException: UNAVAILABLE: io exception
	at org.apache.ratis.thirdparty.io.grpc.stub.ClientCalls.toStatusRuntimeException(ClientCalls.java:233)
	at org.apache.ratis.thirdparty.io.grpc.stub.ClientCalls.getUnchecked(ClientCalls.java:214)
	at org.apache.ratis.thirdparty.io.grpc.stub.ClientCalls.blockingUnaryCall(ClientCalls.java:139)
	at org.apache.ratis.proto.grpc.RaftServerProtocolServiceGrpc$RaftServerProtocolServiceBlockingStub.requestVote(RaftServerProtocolServiceGrpc.java:265)
	at org.apache.ratis.grpc.server.GrpcServerProtocolClient.requestVote(GrpcServerProtocolClient.java:83)
	at org.apache.ratis.grpc.server.GrpcService.requestVote(GrpcService.java:195)
	at org.apache.ratis.server.impl.LeaderElection.lambda$submitRequests$1(LeaderElection.java:237)
	at java.util.concurrent.FutureTask.run(FutureTask.java:266)
	at java.util.concurrent.Executors$RunnableAdapter.call(Executors.java:511)
	at java.util.concurrent.FutureTask.run(FutureTask.java:266)
	at java.util.concurrent.ThreadPoolExecutor.runWorker(ThreadPoolExecutor.java:1149)
	at java.util.concurrent.ThreadPoolExecutor$Worker.run(ThreadPoolExecutor.java:624)
	... 1 more
Caused by: org.apache.ratis.thirdparty.io.netty.channel.AbstractChannel$AnnotatedConnectException: Connection refused: /192.168.157.241:44500
	at sun.nio.ch.SocketChannelImpl.checkConnect(Native Method)
	at sun.nio.ch.SocketChannelImpl.finishConnect(SocketChannelImpl.java:717)
	at org.apache.ratis.thirdparty.io.netty.channel.socket.nio.NioSocketChannel.doFinishConnect(NioSocketChannel.java:327)
	at org.apache.ratis.thirdparty.io.netty.channel.nio.AbstractNioChannel$AbstractNioUnsafe.finishConnect(AbstractNioChannel.java:340)
	at org.apache.ratis.thirdparty.io.netty.channel.nio.NioEventLoop.processSelectedKey(NioEventLoop.java:632)
	at org.apache.ratis.thirdparty.io.netty.channel.nio.NioEventLoop.processSelectedKeysOptimized(NioEventLoop.java:579)
	at org.apache.ratis.thirdparty.io.netty.channel.nio.NioEventLoop.processSelectedKeys(NioEventLoop.java:496)
	at org.apache.ratis.thirdparty.io.netty.channel.nio.NioEventLoop.run(NioEventLoop.java:458)
	at org.apache.ratis.thirdparty.io.netty.util.concurrent.SingleThreadEventExecutor$5.run(SingleThreadEventExecutor.java:897)
	at org.apache.ratis.thirdparty.io.netty.util.concurrent.FastThreadLocalRunnable.run(FastThreadLocalRunnable.java:30)
	... 1 more
Caused by: java.net.ConnectException: Connection refused
	... 11 more
2019-07-16 14:19:44,620 INFO  impl.LeaderElection (LeaderElection.java:logAndReturn(56)) - ac0feed9-e302-4363-a7c4-23c8743a625e:group-6B1D19F694A8:LeaderElection18: Election REJECTED; received 0 response(s) [] and 2 exception(s); ac0feed9-e302-4363-a7c4-23c8743a625e:t6, leader=null, voted=ac0feed9-e302-4363-a7c4-23c8743a625e, raftlog=ac0feed9-e302-4363-a7c4-23c8743a625e-SegmentedRaftLog:OPENED:c16,f16,i16, conf=0: [5f1e710f-bd2f-4a4b-9aaf-0bc613871562:192.168.157.241:40087, 3ebb53ec-7397-4bac-b3b2-fbcfca4f3084:192.168.157.241:44500, ac0feed9-e302-4363-a7c4-23c8743a625e:192.168.157.241:32768], old=null
2019-07-16 14:19:44,621 INFO  impl.LeaderElection (LogUtils.java:infoOrTrace(149)) -   Exception 0: {}
java.util.concurrent.ExecutionException: org.apache.ratis.thirdparty.io.grpc.StatusRuntimeException: UNAVAILABLE: io exception
	at java.util.concurrent.FutureTask.report(FutureTask.java:122)
	at java.util.concurrent.FutureTask.get(FutureTask.java:192)
	at org.apache.ratis.server.impl.LeaderElection.waitForResults(LeaderElection.java:262)
	at org.apache.ratis.server.impl.LeaderElection.askForVotes(LeaderElection.java:200)
	at org.apache.ratis.server.impl.LeaderElection.run(LeaderElection.java:130)
	at java.lang.Thread.run(Thread.java:748)
Caused by: org.apache.ratis.thirdparty.io.grpc.StatusRuntimeException: UNAVAILABLE: io exception
	at org.apache.ratis.thirdparty.io.grpc.stub.ClientCalls.toStatusRuntimeException(ClientCalls.java:233)
	at org.apache.ratis.thirdparty.io.grpc.stub.ClientCalls.getUnchecked(ClientCalls.java:214)
	at org.apache.ratis.thirdparty.io.grpc.stub.ClientCalls.blockingUnaryCall(ClientCalls.java:139)
	at org.apache.ratis.proto.grpc.RaftServerProtocolServiceGrpc$RaftServerProtocolServiceBlockingStub.requestVote(RaftServerProtocolServiceGrpc.java:265)
	at org.apache.ratis.grpc.server.GrpcServerProtocolClient.requestVote(GrpcServerProtocolClient.java:83)
	at org.apache.ratis.grpc.server.GrpcService.requestVote(GrpcService.java:195)
	at org.apache.ratis.server.impl.LeaderElection.lambda$submitRequests$1(LeaderElection.java:237)
	at java.util.concurrent.FutureTask.run(FutureTask.java:266)
	at java.util.concurrent.Executors$RunnableAdapter.call(Executors.java:511)
	at java.util.concurrent.FutureTask.run(FutureTask.java:266)
	at java.util.concurrent.ThreadPoolExecutor.runWorker(ThreadPoolExecutor.java:1149)
	at java.util.concurrent.ThreadPoolExecutor$Worker.run(ThreadPoolExecutor.java:624)
	... 1 more
Caused by: org.apache.ratis.thirdparty.io.netty.channel.AbstractChannel$AnnotatedConnectException: Connection refused: /192.168.157.241:40087
	at sun.nio.ch.SocketChannelImpl.checkConnect(Native Method)
	at sun.nio.ch.SocketChannelImpl.finishConnect(SocketChannelImpl.java:717)
	at org.apache.ratis.thirdparty.io.netty.channel.socket.nio.NioSocketChannel.doFinishConnect(NioSocketChannel.java:327)
	at org.apache.ratis.thirdparty.io.netty.channel.nio.AbstractNioChannel$AbstractNioUnsafe.finishConnect(AbstractNioChannel.java:340)
	at org.apache.ratis.thirdparty.io.netty.channel.nio.NioEventLoop.processSelectedKey(NioEventLoop.java:632)
	at org.apache.ratis.thirdparty.io.netty.channel.nio.NioEventLoop.processSelectedKeysOptimized(NioEventLoop.java:579)
	at org.apache.ratis.thirdparty.io.netty.channel.nio.NioEventLoop.processSelectedKeys(NioEventLoop.java:496)
	at org.apache.ratis.thirdparty.io.netty.channel.nio.NioEventLoop.run(NioEventLoop.java:458)
	at org.apache.ratis.thirdparty.io.netty.util.concurrent.SingleThreadEventExecutor$5.run(SingleThreadEventExecutor.java:897)
	at org.apache.ratis.thirdparty.io.netty.util.concurrent.FastThreadLocalRunnable.run(FastThreadLocalRunnable.java:30)
	... 1 more
Caused by: java.net.ConnectException: Connection refused
	... 11 more
2019-07-16 14:19:44,621 INFO  impl.LeaderElection (LogUtils.java:infoOrTrace(149)) -   Exception 1: {}
java.util.concurrent.ExecutionException: org.apache.ratis.thirdparty.io.grpc.StatusRuntimeException: UNAVAILABLE: io exception
	at java.util.concurrent.FutureTask.report(FutureTask.java:122)
	at java.util.concurrent.FutureTask.get(FutureTask.java:192)
	at org.apache.ratis.server.impl.LeaderElection.waitForResults(LeaderElection.java:262)
	at org.apache.ratis.server.impl.LeaderElection.askForVotes(LeaderElection.java:200)
	at org.apache.ratis.server.impl.LeaderElection.run(LeaderElection.java:130)
	at java.lang.Thread.run(Thread.java:748)
Caused by: org.apache.ratis.thirdparty.io.grpc.StatusRuntimeException: UNAVAILABLE: io exception
	at org.apache.ratis.thirdparty.io.grpc.stub.ClientCalls.toStatusRuntimeException(ClientCalls.java:233)
	at org.apache.ratis.thirdparty.io.grpc.stub.ClientCalls.getUnchecked(ClientCalls.java:214)
	at org.apache.ratis.thirdparty.io.grpc.stub.ClientCalls.blockingUnaryCall(ClientCalls.java:139)
	at org.apache.ratis.proto.grpc.RaftServerProtocolServiceGrpc$RaftServerProtocolServiceBlockingStub.requestVote(RaftServerProtocolServiceGrpc.java:265)
	at org.apache.ratis.grpc.server.GrpcServerProtocolClient.requestVote(GrpcServerProtocolClient.java:83)
	at org.apache.ratis.grpc.server.GrpcService.requestVote(GrpcService.java:195)
	at org.apache.ratis.server.impl.LeaderElection.lambda$submitRequests$1(LeaderElection.java:237)
	at java.util.concurrent.FutureTask.run(FutureTask.java:266)
	at java.util.concurrent.Executors$RunnableAdapter.call(Executors.java:511)
	at java.util.concurrent.FutureTask.run(FutureTask.java:266)
	at java.util.concurrent.ThreadPoolExecutor.runWorker(ThreadPoolExecutor.java:1149)
	at java.util.concurrent.ThreadPoolExecutor$Worker.run(ThreadPoolExecutor.java:624)
	... 1 more
Caused by: org.apache.ratis.thirdparty.io.netty.channel.AbstractChannel$AnnotatedConnectException: Connection refused: /192.168.157.241:44500
	at sun.nio.ch.SocketChannelImpl.checkConnect(Native Method)
	at sun.nio.ch.SocketChannelImpl.finishConnect(SocketChannelImpl.java:717)
	at org.apache.ratis.thirdparty.io.netty.channel.socket.nio.NioSocketChannel.doFinishConnect(NioSocketChannel.java:327)
	at org.apache.ratis.thirdparty.io.netty.channel.nio.AbstractNioChannel$AbstractNioUnsafe.finishConnect(AbstractNioChannel.java:340)
	at org.apache.ratis.thirdparty.io.netty.channel.nio.NioEventLoop.processSelectedKey(NioEventLoop.java:632)
	at org.apache.ratis.thirdparty.io.netty.channel.nio.NioEventLoop.processSelectedKeysOptimized(NioEventLoop.java:579)
	at org.apache.ratis.thirdparty.io.netty.channel.nio.NioEventLoop.processSelectedKeys(NioEventLoop.java:496)
	at org.apache.ratis.thirdparty.io.netty.channel.nio.NioEventLoop.run(NioEventLoop.java:458)
	at org.apache.ratis.thirdparty.io.netty.util.concurrent.SingleThreadEventExecutor$5.run(SingleThreadEventExecutor.java:897)
	at org.apache.ratis.thirdparty.io.netty.util.concurrent.FastThreadLocalRunnable.run(FastThreadLocalRunnable.java:30)
	... 1 more
Caused by: java.net.ConnectException: Connection refused
	... 11 more
2019-07-16 14:19:44,621 INFO  impl.RaftServerImpl (RaftServerImpl.java:setRole(171)) - ac0feed9-e302-4363-a7c4-23c8743a625e:group-6B1D19F694A8 changes role from CANDIDATE to FOLLOWER at term 6 for DISCOVERED_A_NEW_TERM
2019-07-16 14:19:44,623 INFO  impl.RoleInfo (RoleInfo.java:shutdownLeaderElection(134)) - ac0feed9-e302-4363-a7c4-23c8743a625e: shutdown LeaderElection
2019-07-16 14:19:44,625 INFO  impl.RoleInfo (RoleInfo.java:updateAndGet(143)) - ac0feed9-e302-4363-a7c4-23c8743a625e: start FollowerState
2019-07-16 14:19:46,328 INFO  client.GrpcClientProtocolClient (GrpcClientProtocolClient.java:onNext(255)) - client-7C6737A1C25D->ac0feed9-e302-4363-a7c4-23c8743a625e: receive RaftClientReply:client-7C6737A1C25D->ac0feed9-e302-4363-a7c4-23c8743a625e@group-6B1D19F694A8, cid=22, FAILED org.apache.ratis.protocol.NotLeaderException: Server ac0feed9-e302-4363-a7c4-23c8743a625e is not the leader (null). Request must be sent to leader., logIndex=0, commits[ac0feed9-e302-4363-a7c4-23c8743a625e:c16, 5f1e710f-bd2f-4a4b-9aaf-0bc613871562:c16, 3ebb53ec-7397-4bac-b3b2-fbcfca4f3084:c16]
2019-07-16 14:19:49,633 INFO  impl.FollowerState (FollowerState.java:run(106)) - ac0feed9-e302-4363-a7c4-23c8743a625e:group-6B1D19F694A8 changes to CANDIDATE, lastRpcTime:5007, electionTimeout:5005ms
2019-07-16 14:19:49,633 INFO  impl.RoleInfo (RoleInfo.java:shutdownFollowerState(121)) - ac0feed9-e302-4363-a7c4-23c8743a625e: shutdown FollowerState
2019-07-16 14:19:49,633 INFO  impl.RaftServerImpl (RaftServerImpl.java:setRole(171)) - ac0feed9-e302-4363-a7c4-23c8743a625e:group-6B1D19F694A8 changes role from FOLLOWER to CANDIDATE at term 6 for changeToCandidate
2019-07-16 14:19:49,634 INFO  impl.RoleInfo (RoleInfo.java:updateAndGet(143)) - ac0feed9-e302-4363-a7c4-23c8743a625e: start LeaderElection
2019-07-16 14:19:49,652 INFO  impl.LeaderElection (LeaderElection.java:askForVotes(181)) - ac0feed9-e302-4363-a7c4-23c8743a625e:group-6B1D19F694A8:LeaderElection19: begin an election at term 7 for 0: [5f1e710f-bd2f-4a4b-9aaf-0bc613871562:192.168.157.241:40087, 3ebb53ec-7397-4bac-b3b2-fbcfca4f3084:192.168.157.241:44500, ac0feed9-e302-4363-a7c4-23c8743a625e:192.168.157.241:32768], old=null
2019-07-16 14:19:49,653 INFO  impl.LeaderElection (LogUtils.java:infoOrTrace(149)) - ac0feed9-e302-4363-a7c4-23c8743a625e:group-6B1D19F694A8:LeaderElection19 got exception when requesting votes: {}
java.util.concurrent.ExecutionException: org.apache.ratis.thirdparty.io.grpc.StatusRuntimeException: UNAVAILABLE: io exception
	at java.util.concurrent.FutureTask.report(FutureTask.java:122)
	at java.util.concurrent.FutureTask.get(FutureTask.java:192)
	at org.apache.ratis.server.impl.LeaderElection.waitForResults(LeaderElection.java:262)
	at org.apache.ratis.server.impl.LeaderElection.askForVotes(LeaderElection.java:200)
	at org.apache.ratis.server.impl.LeaderElection.run(LeaderElection.java:130)
	at java.lang.Thread.run(Thread.java:748)
Caused by: org.apache.ratis.thirdparty.io.grpc.StatusRuntimeException: UNAVAILABLE: io exception
	at org.apache.ratis.thirdparty.io.grpc.stub.ClientCalls.toStatusRuntimeException(ClientCalls.java:233)
	at org.apache.ratis.thirdparty.io.grpc.stub.ClientCalls.getUnchecked(ClientCalls.java:214)
	at org.apache.ratis.thirdparty.io.grpc.stub.ClientCalls.blockingUnaryCall(ClientCalls.java:139)
	at org.apache.ratis.proto.grpc.RaftServerProtocolServiceGrpc$RaftServerProtocolServiceBlockingStub.requestVote(RaftServerProtocolServiceGrpc.java:265)
	at org.apache.ratis.grpc.server.GrpcServerProtocolClient.requestVote(GrpcServerProtocolClient.java:83)
	at org.apache.ratis.grpc.server.GrpcService.requestVote(GrpcService.java:195)
	at org.apache.ratis.server.impl.LeaderElection.lambda$submitRequests$1(LeaderElection.java:237)
	at java.util.concurrent.FutureTask.run(FutureTask.java:266)
	at java.util.concurrent.Executors$RunnableAdapter.call(Executors.java:511)
	at java.util.concurrent.FutureTask.run(FutureTask.java:266)
	at java.util.concurrent.ThreadPoolExecutor.runWorker(ThreadPoolExecutor.java:1149)
	at java.util.concurrent.ThreadPoolExecutor$Worker.run(ThreadPoolExecutor.java:624)
	... 1 more
Caused by: org.apache.ratis.thirdparty.io.netty.channel.AbstractChannel$AnnotatedConnectException: Connection refused: /192.168.157.241:40087
	at sun.nio.ch.SocketChannelImpl.checkConnect(Native Method)
	at sun.nio.ch.SocketChannelImpl.finishConnect(SocketChannelImpl.java:717)
	at org.apache.ratis.thirdparty.io.netty.channel.socket.nio.NioSocketChannel.doFinishConnect(NioSocketChannel.java:327)
	at org.apache.ratis.thirdparty.io.netty.channel.nio.AbstractNioChannel$AbstractNioUnsafe.finishConnect(AbstractNioChannel.java:340)
	at org.apache.ratis.thirdparty.io.netty.channel.nio.NioEventLoop.processSelectedKey(NioEventLoop.java:632)
	at org.apache.ratis.thirdparty.io.netty.channel.nio.NioEventLoop.processSelectedKeysOptimized(NioEventLoop.java:579)
	at org.apache.ratis.thirdparty.io.netty.channel.nio.NioEventLoop.processSelectedKeys(NioEventLoop.java:496)
	at org.apache.ratis.thirdparty.io.netty.channel.nio.NioEventLoop.run(NioEventLoop.java:458)
	at org.apache.ratis.thirdparty.io.netty.util.concurrent.SingleThreadEventExecutor$5.run(SingleThreadEventExecutor.java:897)
	at org.apache.ratis.thirdparty.io.netty.util.concurrent.FastThreadLocalRunnable.run(FastThreadLocalRunnable.java:30)
	... 1 more
Caused by: java.net.ConnectException: Connection refused
	... 11 more
2019-07-16 14:19:49,656 INFO  impl.LeaderElection (LogUtils.java:infoOrTrace(149)) - ac0feed9-e302-4363-a7c4-23c8743a625e:group-6B1D19F694A8:LeaderElection19 got exception when requesting votes: {}
java.util.concurrent.ExecutionException: org.apache.ratis.thirdparty.io.grpc.StatusRuntimeException: UNAVAILABLE: io exception
	at java.util.concurrent.FutureTask.report(FutureTask.java:122)
	at java.util.concurrent.FutureTask.get(FutureTask.java:192)
	at org.apache.ratis.server.impl.LeaderElection.waitForResults(LeaderElection.java:262)
	at org.apache.ratis.server.impl.LeaderElection.askForVotes(LeaderElection.java:200)
	at org.apache.ratis.server.impl.LeaderElection.run(LeaderElection.java:130)
	at java.lang.Thread.run(Thread.java:748)
Caused by: org.apache.ratis.thirdparty.io.grpc.StatusRuntimeException: UNAVAILABLE: io exception
	at org.apache.ratis.thirdparty.io.grpc.stub.ClientCalls.toStatusRuntimeException(ClientCalls.java:233)
	at org.apache.ratis.thirdparty.io.grpc.stub.ClientCalls.getUnchecked(ClientCalls.java:214)
	at org.apache.ratis.thirdparty.io.grpc.stub.ClientCalls.blockingUnaryCall(ClientCalls.java:139)
	at org.apache.ratis.proto.grpc.RaftServerProtocolServiceGrpc$RaftServerProtocolServiceBlockingStub.requestVote(RaftServerProtocolServiceGrpc.java:265)
	at org.apache.ratis.grpc.server.GrpcServerProtocolClient.requestVote(GrpcServerProtocolClient.java:83)
	at org.apache.ratis.grpc.server.GrpcService.requestVote(GrpcService.java:195)
	at org.apache.ratis.server.impl.LeaderElection.lambda$submitRequests$1(LeaderElection.java:237)
	at java.util.concurrent.FutureTask.run(FutureTask.java:266)
	at java.util.concurrent.Executors$RunnableAdapter.call(Executors.java:511)
	at java.util.concurrent.FutureTask.run(FutureTask.java:266)
	at java.util.concurrent.ThreadPoolExecutor.runWorker(ThreadPoolExecutor.java:1149)
	at java.util.concurrent.ThreadPoolExecutor$Worker.run(ThreadPoolExecutor.java:624)
	... 1 more
Caused by: org.apache.ratis.thirdparty.io.netty.channel.AbstractChannel$AnnotatedConnectException: Connection refused: /192.168.157.241:44500
	at sun.nio.ch.SocketChannelImpl.checkConnect(Native Method)
	at sun.nio.ch.SocketChannelImpl.finishConnect(SocketChannelImpl.java:717)
	at org.apache.ratis.thirdparty.io.netty.channel.socket.nio.NioSocketChannel.doFinishConnect(NioSocketChannel.java:327)
	at org.apache.ratis.thirdparty.io.netty.channel.nio.AbstractNioChannel$AbstractNioUnsafe.finishConnect(AbstractNioChannel.java:340)
	at org.apache.ratis.thirdparty.io.netty.channel.nio.NioEventLoop.processSelectedKey(NioEventLoop.java:632)
	at org.apache.ratis.thirdparty.io.netty.channel.nio.NioEventLoop.processSelectedKeysOptimized(NioEventLoop.java:579)
	at org.apache.ratis.thirdparty.io.netty.channel.nio.NioEventLoop.processSelectedKeys(NioEventLoop.java:496)
	at org.apache.ratis.thirdparty.io.netty.channel.nio.NioEventLoop.run(NioEventLoop.java:458)
	at org.apache.ratis.thirdparty.io.netty.util.concurrent.SingleThreadEventExecutor$5.run(SingleThreadEventExecutor.java:897)
	at org.apache.ratis.thirdparty.io.netty.util.concurrent.FastThreadLocalRunnable.run(FastThreadLocalRunnable.java:30)
	... 1 more
Caused by: java.net.ConnectException: Connection refused
	... 11 more
2019-07-16 14:19:49,658 INFO  impl.LeaderElection (LeaderElection.java:logAndReturn(56)) - ac0feed9-e302-4363-a7c4-23c8743a625e:group-6B1D19F694A8:LeaderElection19: Election REJECTED; received 0 response(s) [] and 2 exception(s); ac0feed9-e302-4363-a7c4-23c8743a625e:t7, leader=null, voted=ac0feed9-e302-4363-a7c4-23c8743a625e, raftlog=ac0feed9-e302-4363-a7c4-23c8743a625e-SegmentedRaftLog:OPENED:c16,f16,i16, conf=0: [5f1e710f-bd2f-4a4b-9aaf-0bc613871562:192.168.157.241:40087, 3ebb53ec-7397-4bac-b3b2-fbcfca4f3084:192.168.157.241:44500, ac0feed9-e302-4363-a7c4-23c8743a625e:192.168.157.241:32768], old=null
2019-07-16 14:19:49,658 INFO  impl.LeaderElection (LogUtils.java:infoOrTrace(149)) -   Exception 0: {}
java.util.concurrent.ExecutionException: org.apache.ratis.thirdparty.io.grpc.StatusRuntimeException: UNAVAILABLE: io exception
	at java.util.concurrent.FutureTask.report(FutureTask.java:122)
	at java.util.concurrent.FutureTask.get(FutureTask.java:192)
	at org.apache.ratis.server.impl.LeaderElection.waitForResults(LeaderElection.java:262)
	at org.apache.ratis.server.impl.LeaderElection.askForVotes(LeaderElection.java:200)
	at org.apache.ratis.server.impl.LeaderElection.run(LeaderElection.java:130)
	at java.lang.Thread.run(Thread.java:748)
Caused by: org.apache.ratis.thirdparty.io.grpc.StatusRuntimeException: UNAVAILABLE: io exception
	at org.apache.ratis.thirdparty.io.grpc.stub.ClientCalls.toStatusRuntimeException(ClientCalls.java:233)
	at org.apache.ratis.thirdparty.io.grpc.stub.ClientCalls.getUnchecked(ClientCalls.java:214)
	at org.apache.ratis.thirdparty.io.grpc.stub.ClientCalls.blockingUnaryCall(ClientCalls.java:139)
	at org.apache.ratis.proto.grpc.RaftServerProtocolServiceGrpc$RaftServerProtocolServiceBlockingStub.requestVote(RaftServerProtocolServiceGrpc.java:265)
	at org.apache.ratis.grpc.server.GrpcServerProtocolClient.requestVote(GrpcServerProtocolClient.java:83)
	at org.apache.ratis.grpc.server.GrpcService.requestVote(GrpcService.java:195)
	at org.apache.ratis.server.impl.LeaderElection.lambda$submitRequests$1(LeaderElection.java:237)
	at java.util.concurrent.FutureTask.run(FutureTask.java:266)
	at java.util.concurrent.Executors$RunnableAdapter.call(Executors.java:511)
	at java.util.concurrent.FutureTask.run(FutureTask.java:266)
	at java.util.concurrent.ThreadPoolExecutor.runWorker(ThreadPoolExecutor.java:1149)
	at java.util.concurrent.ThreadPoolExecutor$Worker.run(ThreadPoolExecutor.java:624)
	... 1 more
Caused by: org.apache.ratis.thirdparty.io.netty.channel.AbstractChannel$AnnotatedConnectException: Connection refused: /192.168.157.241:40087
	at sun.nio.ch.SocketChannelImpl.checkConnect(Native Method)
	at sun.nio.ch.SocketChannelImpl.finishConnect(SocketChannelImpl.java:717)
	at org.apache.ratis.thirdparty.io.netty.channel.socket.nio.NioSocketChannel.doFinishConnect(NioSocketChannel.java:327)
	at org.apache.ratis.thirdparty.io.netty.channel.nio.AbstractNioChannel$AbstractNioUnsafe.finishConnect(AbstractNioChannel.java:340)
	at org.apache.ratis.thirdparty.io.netty.channel.nio.NioEventLoop.processSelectedKey(NioEventLoop.java:632)
	at org.apache.ratis.thirdparty.io.netty.channel.nio.NioEventLoop.processSelectedKeysOptimized(NioEventLoop.java:579)
	at org.apache.ratis.thirdparty.io.netty.channel.nio.NioEventLoop.processSelectedKeys(NioEventLoop.java:496)
	at org.apache.ratis.thirdparty.io.netty.channel.nio.NioEventLoop.run(NioEventLoop.java:458)
	at org.apache.ratis.thirdparty.io.netty.util.concurrent.SingleThreadEventExecutor$5.run(SingleThreadEventExecutor.java:897)
	at org.apache.ratis.thirdparty.io.netty.util.concurrent.FastThreadLocalRunnable.run(FastThreadLocalRunnable.java:30)
	... 1 more
Caused by: java.net.ConnectException: Connection refused
	... 11 more
2019-07-16 14:19:49,659 INFO  impl.LeaderElection (LogUtils.java:infoOrTrace(149)) -   Exception 1: {}
java.util.concurrent.ExecutionException: org.apache.ratis.thirdparty.io.grpc.StatusRuntimeException: UNAVAILABLE: io exception
	at java.util.concurrent.FutureTask.report(FutureTask.java:122)
	at java.util.concurrent.FutureTask.get(FutureTask.java:192)
	at org.apache.ratis.server.impl.LeaderElection.waitForResults(LeaderElection.java:262)
	at org.apache.ratis.server.impl.LeaderElection.askForVotes(LeaderElection.java:200)
	at org.apache.ratis.server.impl.LeaderElection.run(LeaderElection.java:130)
	at java.lang.Thread.run(Thread.java:748)
Caused by: org.apache.ratis.thirdparty.io.grpc.StatusRuntimeException: UNAVAILABLE: io exception
	at org.apache.ratis.thirdparty.io.grpc.stub.ClientCalls.toStatusRuntimeException(ClientCalls.java:233)
	at org.apache.ratis.thirdparty.io.grpc.stub.ClientCalls.getUnchecked(ClientCalls.java:214)
	at org.apache.ratis.thirdparty.io.grpc.stub.ClientCalls.blockingUnaryCall(ClientCalls.java:139)
	at org.apache.ratis.proto.grpc.RaftServerProtocolServiceGrpc$RaftServerProtocolServiceBlockingStub.requestVote(RaftServerProtocolServiceGrpc.java:265)
	at org.apache.ratis.grpc.server.GrpcServerProtocolClient.requestVote(GrpcServerProtocolClient.java:83)
	at org.apache.ratis.grpc.server.GrpcService.requestVote(GrpcService.java:195)
	at org.apache.ratis.server.impl.LeaderElection.lambda$submitRequests$1(LeaderElection.java:237)
	at java.util.concurrent.FutureTask.run(FutureTask.java:266)
	at java.util.concurrent.Executors$RunnableAdapter.call(Executors.java:511)
	at java.util.concurrent.FutureTask.run(FutureTask.java:266)
	at java.util.concurrent.ThreadPoolExecutor.runWorker(ThreadPoolExecutor.java:1149)
	at java.util.concurrent.ThreadPoolExecutor$Worker.run(ThreadPoolExecutor.java:624)
	... 1 more
Caused by: org.apache.ratis.thirdparty.io.netty.channel.AbstractChannel$AnnotatedConnectException: Connection refused: /192.168.157.241:44500
	at sun.nio.ch.SocketChannelImpl.checkConnect(Native Method)
	at sun.nio.ch.SocketChannelImpl.finishConnect(SocketChannelImpl.java:717)
	at org.apache.ratis.thirdparty.io.netty.channel.socket.nio.NioSocketChannel.doFinishConnect(NioSocketChannel.java:327)
	at org.apache.ratis.thirdparty.io.netty.channel.nio.AbstractNioChannel$AbstractNioUnsafe.finishConnect(AbstractNioChannel.java:340)
	at org.apache.ratis.thirdparty.io.netty.channel.nio.NioEventLoop.processSelectedKey(NioEventLoop.java:632)
	at org.apache.ratis.thirdparty.io.netty.channel.nio.NioEventLoop.processSelectedKeysOptimized(NioEventLoop.java:579)
	at org.apache.ratis.thirdparty.io.netty.channel.nio.NioEventLoop.processSelectedKeys(NioEventLoop.java:496)
	at org.apache.ratis.thirdparty.io.netty.channel.nio.NioEventLoop.run(NioEventLoop.java:458)
	at org.apache.ratis.thirdparty.io.netty.util.concurrent.SingleThreadEventExecutor$5.run(SingleThreadEventExecutor.java:897)
	at org.apache.ratis.thirdparty.io.netty.util.concurrent.FastThreadLocalRunnable.run(FastThreadLocalRunnable.java:30)
	... 1 more
Caused by: java.net.ConnectException: Connection refused
	... 11 more
2019-07-16 14:19:49,659 INFO  impl.RaftServerImpl (RaftServerImpl.java:setRole(171)) - ac0feed9-e302-4363-a7c4-23c8743a625e:group-6B1D19F694A8 changes role from CANDIDATE to FOLLOWER at term 7 for DISCOVERED_A_NEW_TERM
2019-07-16 14:19:49,661 INFO  impl.RoleInfo (RoleInfo.java:shutdownLeaderElection(134)) - ac0feed9-e302-4363-a7c4-23c8743a625e: shutdown LeaderElection
2019-07-16 14:19:49,661 INFO  impl.RoleInfo (RoleInfo.java:updateAndGet(143)) - ac0feed9-e302-4363-a7c4-23c8743a625e: start FollowerState
2019-07-16 14:19:53,394 INFO  client.GrpcClientProtocolClient (GrpcClientProtocolClient.java:onNext(255)) - client-7C6737A1C25D->ac0feed9-e302-4363-a7c4-23c8743a625e: receive RaftClientReply:client-7C6737A1C25D->ac0feed9-e302-4363-a7c4-23c8743a625e@group-6B1D19F694A8, cid=22, FAILED org.apache.ratis.protocol.NotLeaderException: Server ac0feed9-e302-4363-a7c4-23c8743a625e is not the leader (null). Request must be sent to leader., logIndex=0, commits[ac0feed9-e302-4363-a7c4-23c8743a625e:c16, 5f1e710f-bd2f-4a4b-9aaf-0bc613871562:c16, 3ebb53ec-7397-4bac-b3b2-fbcfca4f3084:c16]
2019-07-16 14:19:54,789 INFO  impl.FollowerState (FollowerState.java:run(106)) - ac0feed9-e302-4363-a7c4-23c8743a625e:group-6B1D19F694A8 changes to CANDIDATE, lastRpcTime:5127, electionTimeout:5125ms
2019-07-16 14:19:54,789 INFO  impl.RoleInfo (RoleInfo.java:shutdownFollowerState(121)) - ac0feed9-e302-4363-a7c4-23c8743a625e: shutdown FollowerState
2019-07-16 14:19:54,789 INFO  impl.RaftServerImpl (RaftServerImpl.java:setRole(171)) - ac0feed9-e302-4363-a7c4-23c8743a625e:group-6B1D19F694A8 changes role from FOLLOWER to CANDIDATE at term 7 for changeToCandidate
2019-07-16 14:19:54,789 INFO  impl.RoleInfo (RoleInfo.java:updateAndGet(143)) - ac0feed9-e302-4363-a7c4-23c8743a625e: start LeaderElection
2019-07-16 14:19:54,809 INFO  impl.LeaderElection (LeaderElection.java:askForVotes(181)) - ac0feed9-e302-4363-a7c4-23c8743a625e:group-6B1D19F694A8:LeaderElection20: begin an election at term 8 for 0: [5f1e710f-bd2f-4a4b-9aaf-0bc613871562:192.168.157.241:40087, 3ebb53ec-7397-4bac-b3b2-fbcfca4f3084:192.168.157.241:44500, ac0feed9-e302-4363-a7c4-23c8743a625e:192.168.157.241:32768], old=null
2019-07-16 14:19:54,810 INFO  impl.LeaderElection (LogUtils.java:infoOrTrace(149)) - ac0feed9-e302-4363-a7c4-23c8743a625e:group-6B1D19F694A8:LeaderElection20 got exception when requesting votes: {}
java.util.concurrent.ExecutionException: org.apache.ratis.thirdparty.io.grpc.StatusRuntimeException: UNAVAILABLE: io exception
	at java.util.concurrent.FutureTask.report(FutureTask.java:122)
	at java.util.concurrent.FutureTask.get(FutureTask.java:192)
	at org.apache.ratis.server.impl.LeaderElection.waitForResults(LeaderElection.java:262)
	at org.apache.ratis.server.impl.LeaderElection.askForVotes(LeaderElection.java:200)
	at org.apache.ratis.server.impl.LeaderElection.run(LeaderElection.java:130)
	at java.lang.Thread.run(Thread.java:748)
Caused by: org.apache.ratis.thirdparty.io.grpc.StatusRuntimeException: UNAVAILABLE: io exception
	at org.apache.ratis.thirdparty.io.grpc.stub.ClientCalls.toStatusRuntimeException(ClientCalls.java:233)
	at org.apache.ratis.thirdparty.io.grpc.stub.ClientCalls.getUnchecked(ClientCalls.java:214)
	at org.apache.ratis.thirdparty.io.grpc.stub.ClientCalls.blockingUnaryCall(ClientCalls.java:139)
	at org.apache.ratis.proto.grpc.RaftServerProtocolServiceGrpc$RaftServerProtocolServiceBlockingStub.requestVote(RaftServerProtocolServiceGrpc.java:265)
	at org.apache.ratis.grpc.server.GrpcServerProtocolClient.requestVote(GrpcServerProtocolClient.java:83)
	at org.apache.ratis.grpc.server.GrpcService.requestVote(GrpcService.java:195)
	at org.apache.ratis.server.impl.LeaderElection.lambda$submitRequests$1(LeaderElection.java:237)
	at java.util.concurrent.FutureTask.run(FutureTask.java:266)
	at java.util.concurrent.Executors$RunnableAdapter.call(Executors.java:511)
	at java.util.concurrent.FutureTask.run(FutureTask.java:266)
	at java.util.concurrent.ThreadPoolExecutor.runWorker(ThreadPoolExecutor.java:1149)
	at java.util.concurrent.ThreadPoolExecutor$Worker.run(ThreadPoolExecutor.java:624)
	... 1 more
Caused by: org.apache.ratis.thirdparty.io.netty.channel.AbstractChannel$AnnotatedConnectException: Connection refused: /192.168.157.241:40087
	at sun.nio.ch.SocketChannelImpl.checkConnect(Native Method)
	at sun.nio.ch.SocketChannelImpl.finishConnect(SocketChannelImpl.java:717)
	at org.apache.ratis.thirdparty.io.netty.channel.socket.nio.NioSocketChannel.doFinishConnect(NioSocketChannel.java:327)
	at org.apache.ratis.thirdparty.io.netty.channel.nio.AbstractNioChannel$AbstractNioUnsafe.finishConnect(AbstractNioChannel.java:340)
	at org.apache.ratis.thirdparty.io.netty.channel.nio.NioEventLoop.processSelectedKey(NioEventLoop.java:632)
	at org.apache.ratis.thirdparty.io.netty.channel.nio.NioEventLoop.processSelectedKeysOptimized(NioEventLoop.java:579)
	at org.apache.ratis.thirdparty.io.netty.channel.nio.NioEventLoop.processSelectedKeys(NioEventLoop.java:496)
	at org.apache.ratis.thirdparty.io.netty.channel.nio.NioEventLoop.run(NioEventLoop.java:458)
	at org.apache.ratis.thirdparty.io.netty.util.concurrent.SingleThreadEventExecutor$5.run(SingleThreadEventExecutor.java:897)
	at org.apache.ratis.thirdparty.io.netty.util.concurrent.FastThreadLocalRunnable.run(FastThreadLocalRunnable.java:30)
	... 1 more
Caused by: java.net.ConnectException: Connection refused
	... 11 more
2019-07-16 14:19:54,813 INFO  impl.LeaderElection (LogUtils.java:infoOrTrace(149)) - ac0feed9-e302-4363-a7c4-23c8743a625e:group-6B1D19F694A8:LeaderElection20 got exception when requesting votes: {}
java.util.concurrent.ExecutionException: org.apache.ratis.thirdparty.io.grpc.StatusRuntimeException: UNAVAILABLE: io exception
	at java.util.concurrent.FutureTask.report(FutureTask.java:122)
	at java.util.concurrent.FutureTask.get(FutureTask.java:192)
	at org.apache.ratis.server.impl.LeaderElection.waitForResults(LeaderElection.java:262)
	at org.apache.ratis.server.impl.LeaderElection.askForVotes(LeaderElection.java:200)
	at org.apache.ratis.server.impl.LeaderElection.run(LeaderElection.java:130)
	at java.lang.Thread.run(Thread.java:748)
Caused by: org.apache.ratis.thirdparty.io.grpc.StatusRuntimeException: UNAVAILABLE: io exception
	at org.apache.ratis.thirdparty.io.grpc.stub.ClientCalls.toStatusRuntimeException(ClientCalls.java:233)
	at org.apache.ratis.thirdparty.io.grpc.stub.ClientCalls.getUnchecked(ClientCalls.java:214)
	at org.apache.ratis.thirdparty.io.grpc.stub.ClientCalls.blockingUnaryCall(ClientCalls.java:139)
	at org.apache.ratis.proto.grpc.RaftServerProtocolServiceGrpc$RaftServerProtocolServiceBlockingStub.requestVote(RaftServerProtocolServiceGrpc.java:265)
	at org.apache.ratis.grpc.server.GrpcServerProtocolClient.requestVote(GrpcServerProtocolClient.java:83)
	at org.apache.ratis.grpc.server.GrpcService.requestVote(GrpcService.java:195)
	at org.apache.ratis.server.impl.LeaderElection.lambda$submitRequests$1(LeaderElection.java:237)
	at java.util.concurrent.FutureTask.run(FutureTask.java:266)
	at java.util.concurrent.Executors$RunnableAdapter.call(Executors.java:511)
	at java.util.concurrent.FutureTask.run(FutureTask.java:266)
	at java.util.concurrent.ThreadPoolExecutor.runWorker(ThreadPoolExecutor.java:1149)
	at java.util.concurrent.ThreadPoolExecutor$Worker.run(ThreadPoolExecutor.java:624)
	... 1 more
Caused by: org.apache.ratis.thirdparty.io.netty.channel.AbstractChannel$AnnotatedConnectException: Connection refused: /192.168.157.241:44500
	at sun.nio.ch.SocketChannelImpl.checkConnect(Native Method)
	at sun.nio.ch.SocketChannelImpl.finishConnect(SocketChannelImpl.java:717)
	at org.apache.ratis.thirdparty.io.netty.channel.socket.nio.NioSocketChannel.doFinishConnect(NioSocketChannel.java:327)
	at org.apache.ratis.thirdparty.io.netty.channel.nio.AbstractNioChannel$AbstractNioUnsafe.finishConnect(AbstractNioChannel.java:340)
	at org.apache.ratis.thirdparty.io.netty.channel.nio.NioEventLoop.processSelectedKey(NioEventLoop.java:632)
	at org.apache.ratis.thirdparty.io.netty.channel.nio.NioEventLoop.processSelectedKeysOptimized(NioEventLoop.java:579)
	at org.apache.ratis.thirdparty.io.netty.channel.nio.NioEventLoop.processSelectedKeys(NioEventLoop.java:496)
	at org.apache.ratis.thirdparty.io.netty.channel.nio.NioEventLoop.run(NioEventLoop.java:458)
	at org.apache.ratis.thirdparty.io.netty.util.concurrent.SingleThreadEventExecutor$5.run(SingleThreadEventExecutor.java:897)
	at org.apache.ratis.thirdparty.io.netty.util.concurrent.FastThreadLocalRunnable.run(FastThreadLocalRunnable.java:30)
	... 1 more
Caused by: java.net.ConnectException: Connection refused
	... 11 more
2019-07-16 14:19:54,815 INFO  impl.LeaderElection (LeaderElection.java:logAndReturn(56)) - ac0feed9-e302-4363-a7c4-23c8743a625e:group-6B1D19F694A8:LeaderElection20: Election REJECTED; received 0 response(s) [] and 2 exception(s); ac0feed9-e302-4363-a7c4-23c8743a625e:t8, leader=null, voted=ac0feed9-e302-4363-a7c4-23c8743a625e, raftlog=ac0feed9-e302-4363-a7c4-23c8743a625e-SegmentedRaftLog:OPENED:c16,f16,i16, conf=0: [5f1e710f-bd2f-4a4b-9aaf-0bc613871562:192.168.157.241:40087, 3ebb53ec-7397-4bac-b3b2-fbcfca4f3084:192.168.157.241:44500, ac0feed9-e302-4363-a7c4-23c8743a625e:192.168.157.241:32768], old=null
2019-07-16 14:19:54,815 INFO  impl.LeaderElection (LogUtils.java:infoOrTrace(149)) -   Exception 0: {}
java.util.concurrent.ExecutionException: org.apache.ratis.thirdparty.io.grpc.StatusRuntimeException: UNAVAILABLE: io exception
	at java.util.concurrent.FutureTask.report(FutureTask.java:122)
	at java.util.concurrent.FutureTask.get(FutureTask.java:192)
	at org.apache.ratis.server.impl.LeaderElection.waitForResults(LeaderElection.java:262)
	at org.apache.ratis.server.impl.LeaderElection.askForVotes(LeaderElection.java:200)
	at org.apache.ratis.server.impl.LeaderElection.run(LeaderElection.java:130)
	at java.lang.Thread.run(Thread.java:748)
Caused by: org.apache.ratis.thirdparty.io.grpc.StatusRuntimeException: UNAVAILABLE: io exception
	at org.apache.ratis.thirdparty.io.grpc.stub.ClientCalls.toStatusRuntimeException(ClientCalls.java:233)
	at org.apache.ratis.thirdparty.io.grpc.stub.ClientCalls.getUnchecked(ClientCalls.java:214)
	at org.apache.ratis.thirdparty.io.grpc.stub.ClientCalls.blockingUnaryCall(ClientCalls.java:139)
	at org.apache.ratis.proto.grpc.RaftServerProtocolServiceGrpc$RaftServerProtocolServiceBlockingStub.requestVote(RaftServerProtocolServiceGrpc.java:265)
	at org.apache.ratis.grpc.server.GrpcServerProtocolClient.requestVote(GrpcServerProtocolClient.java:83)
	at org.apache.ratis.grpc.server.GrpcService.requestVote(GrpcService.java:195)
	at org.apache.ratis.server.impl.LeaderElection.lambda$submitRequests$1(LeaderElection.java:237)
	at java.util.concurrent.FutureTask.run(FutureTask.java:266)
	at java.util.concurrent.Executors$RunnableAdapter.call(Executors.java:511)
	at java.util.concurrent.FutureTask.run(FutureTask.java:266)
	at java.util.concurrent.ThreadPoolExecutor.runWorker(ThreadPoolExecutor.java:1149)
	at java.util.concurrent.ThreadPoolExecutor$Worker.run(ThreadPoolExecutor.java:624)
	... 1 more
Caused by: org.apache.ratis.thirdparty.io.netty.channel.AbstractChannel$AnnotatedConnectException: Connection refused: /192.168.157.241:40087
	at sun.nio.ch.SocketChannelImpl.checkConnect(Native Method)
	at sun.nio.ch.SocketChannelImpl.finishConnect(SocketChannelImpl.java:717)
	at org.apache.ratis.thirdparty.io.netty.channel.socket.nio.NioSocketChannel.doFinishConnect(NioSocketChannel.java:327)
	at org.apache.ratis.thirdparty.io.netty.channel.nio.AbstractNioChannel$AbstractNioUnsafe.finishConnect(AbstractNioChannel.java:340)
	at org.apache.ratis.thirdparty.io.netty.channel.nio.NioEventLoop.processSelectedKey(NioEventLoop.java:632)
	at org.apache.ratis.thirdparty.io.netty.channel.nio.NioEventLoop.processSelectedKeysOptimized(NioEventLoop.java:579)
	at org.apache.ratis.thirdparty.io.netty.channel.nio.NioEventLoop.processSelectedKeys(NioEventLoop.java:496)
	at org.apache.ratis.thirdparty.io.netty.channel.nio.NioEventLoop.run(NioEventLoop.java:458)
	at org.apache.ratis.thirdparty.io.netty.util.concurrent.SingleThreadEventExecutor$5.run(SingleThreadEventExecutor.java:897)
	at org.apache.ratis.thirdparty.io.netty.util.concurrent.FastThreadLocalRunnable.run(FastThreadLocalRunnable.java:30)
	... 1 more
Caused by: java.net.ConnectException: Connection refused
	... 11 more
2019-07-16 14:19:54,815 INFO  impl.LeaderElection (LogUtils.java:infoOrTrace(149)) -   Exception 1: {}
java.util.concurrent.ExecutionException: org.apache.ratis.thirdparty.io.grpc.StatusRuntimeException: UNAVAILABLE: io exception
	at java.util.concurrent.FutureTask.report(FutureTask.java:122)
	at java.util.concurrent.FutureTask.get(FutureTask.java:192)
	at org.apache.ratis.server.impl.LeaderElection.waitForResults(LeaderElection.java:262)
	at org.apache.ratis.server.impl.LeaderElection.askForVotes(LeaderElection.java:200)
	at org.apache.ratis.server.impl.LeaderElection.run(LeaderElection.java:130)
	at java.lang.Thread.run(Thread.java:748)
Caused by: org.apache.ratis.thirdparty.io.grpc.StatusRuntimeException: UNAVAILABLE: io exception
	at org.apache.ratis.thirdparty.io.grpc.stub.ClientCalls.toStatusRuntimeException(ClientCalls.java:233)
	at org.apache.ratis.thirdparty.io.grpc.stub.ClientCalls.getUnchecked(ClientCalls.java:214)
	at org.apache.ratis.thirdparty.io.grpc.stub.ClientCalls.blockingUnaryCall(ClientCalls.java:139)
	at org.apache.ratis.proto.grpc.RaftServerProtocolServiceGrpc$RaftServerProtocolServiceBlockingStub.requestVote(RaftServerProtocolServiceGrpc.java:265)
	at org.apache.ratis.grpc.server.GrpcServerProtocolClient.requestVote(GrpcServerProtocolClient.java:83)
	at org.apache.ratis.grpc.server.GrpcService.requestVote(GrpcService.java:195)
	at org.apache.ratis.server.impl.LeaderElection.lambda$submitRequests$1(LeaderElection.java:237)
	at java.util.concurrent.FutureTask.run(FutureTask.java:266)
	at java.util.concurrent.Executors$RunnableAdapter.call(Executors.java:511)
	at java.util.concurrent.FutureTask.run(FutureTask.java:266)
	at java.util.concurrent.ThreadPoolExecutor.runWorker(ThreadPoolExecutor.java:1149)
	at java.util.concurrent.ThreadPoolExecutor$Worker.run(ThreadPoolExecutor.java:624)
	... 1 more
Caused by: org.apache.ratis.thirdparty.io.netty.channel.AbstractChannel$AnnotatedConnectException: Connection refused: /192.168.157.241:44500
	at sun.nio.ch.SocketChannelImpl.checkConnect(Native Method)
	at sun.nio.ch.SocketChannelImpl.finishConnect(SocketChannelImpl.java:717)
	at org.apache.ratis.thirdparty.io.netty.channel.socket.nio.NioSocketChannel.doFinishConnect(NioSocketChannel.java:327)
	at org.apache.ratis.thirdparty.io.netty.channel.nio.AbstractNioChannel$AbstractNioUnsafe.finishConnect(AbstractNioChannel.java:340)
	at org.apache.ratis.thirdparty.io.netty.channel.nio.NioEventLoop.processSelectedKey(NioEventLoop.java:632)
	at org.apache.ratis.thirdparty.io.netty.channel.nio.NioEventLoop.processSelectedKeysOptimized(NioEventLoop.java:579)
	at org.apache.ratis.thirdparty.io.netty.channel.nio.NioEventLoop.processSelectedKeys(NioEventLoop.java:496)
	at org.apache.ratis.thirdparty.io.netty.channel.nio.NioEventLoop.run(NioEventLoop.java:458)
	at org.apache.ratis.thirdparty.io.netty.util.concurrent.SingleThreadEventExecutor$5.run(SingleThreadEventExecutor.java:897)
	at org.apache.ratis.thirdparty.io.netty.util.concurrent.FastThreadLocalRunnable.run(FastThreadLocalRunnable.java:30)
	... 1 more
Caused by: java.net.ConnectException: Connection refused
	... 11 more
2019-07-16 14:19:54,816 INFO  impl.RaftServerImpl (RaftServerImpl.java:setRole(171)) - ac0feed9-e302-4363-a7c4-23c8743a625e:group-6B1D19F694A8 changes role from CANDIDATE to FOLLOWER at term 8 for DISCOVERED_A_NEW_TERM
2019-07-16 14:19:54,818 INFO  impl.RoleInfo (RoleInfo.java:shutdownLeaderElection(134)) - ac0feed9-e302-4363-a7c4-23c8743a625e: shutdown LeaderElection
2019-07-16 14:19:54,818 INFO  impl.RoleInfo (RoleInfo.java:updateAndGet(143)) - ac0feed9-e302-4363-a7c4-23c8743a625e: start FollowerState
2019-07-16 14:19:55,424 INFO  client.GrpcClientProtocolClient (GrpcClientProtocolClient.java:onNext(255)) - client-7C6737A1C25D->ac0feed9-e302-4363-a7c4-23c8743a625e: receive RaftClientReply:client-7C6737A1C25D->ac0feed9-e302-4363-a7c4-23c8743a625e@group-6B1D19F694A8, cid=22, FAILED org.apache.ratis.protocol.NotLeaderException: Server ac0feed9-e302-4363-a7c4-23c8743a625e is not the leader (null). Request must be sent to leader., logIndex=0, commits[ac0feed9-e302-4363-a7c4-23c8743a625e:c16, 5f1e710f-bd2f-4a4b-9aaf-0bc613871562:c16, 3ebb53ec-7397-4bac-b3b2-fbcfca4f3084:c16]
2019-07-16 14:19:59,453 INFO  client.GrpcClientProtocolClient (GrpcClientProtocolClient.java:onNext(255)) - client-7C6737A1C25D->ac0feed9-e302-4363-a7c4-23c8743a625e: receive RaftClientReply:client-7C6737A1C25D->ac0feed9-e302-4363-a7c4-23c8743a625e@group-6B1D19F694A8, cid=22, FAILED org.apache.ratis.protocol.NotLeaderException: Server ac0feed9-e302-4363-a7c4-23c8743a625e is not the leader (null). Request must be sent to leader., logIndex=0, commits[ac0feed9-e302-4363-a7c4-23c8743a625e:c16, 5f1e710f-bd2f-4a4b-9aaf-0bc613871562:c16, 3ebb53ec-7397-4bac-b3b2-fbcfca4f3084:c16]
2019-07-16 14:19:59,828 INFO  impl.FollowerState (FollowerState.java:run(106)) - ac0feed9-e302-4363-a7c4-23c8743a625e:group-6B1D19F694A8 changes to CANDIDATE, lastRpcTime:5010, electionTimeout:5008ms
2019-07-16 14:19:59,830 INFO  impl.RoleInfo (RoleInfo.java:shutdownFollowerState(121)) - ac0feed9-e302-4363-a7c4-23c8743a625e: shutdown FollowerState
2019-07-16 14:19:59,830 INFO  impl.RaftServerImpl (RaftServerImpl.java:setRole(171)) - ac0feed9-e302-4363-a7c4-23c8743a625e:group-6B1D19F694A8 changes role from FOLLOWER to CANDIDATE at term 8 for changeToCandidate
2019-07-16 14:19:59,830 INFO  impl.RoleInfo (RoleInfo.java:updateAndGet(143)) - ac0feed9-e302-4363-a7c4-23c8743a625e: start LeaderElection
2019-07-16 14:19:59,848 INFO  impl.LeaderElection (LeaderElection.java:askForVotes(181)) - ac0feed9-e302-4363-a7c4-23c8743a625e:group-6B1D19F694A8:LeaderElection21: begin an election at term 9 for 0: [5f1e710f-bd2f-4a4b-9aaf-0bc613871562:192.168.157.241:40087, 3ebb53ec-7397-4bac-b3b2-fbcfca4f3084:192.168.157.241:44500, ac0feed9-e302-4363-a7c4-23c8743a625e:192.168.157.241:32768], old=null
2019-07-16 14:19:59,851 INFO  impl.LeaderElection (LogUtils.java:infoOrTrace(149)) - ac0feed9-e302-4363-a7c4-23c8743a625e:group-6B1D19F694A8:LeaderElection21 got exception when requesting votes: {}
java.util.concurrent.ExecutionException: org.apache.ratis.thirdparty.io.grpc.StatusRuntimeException: UNAVAILABLE: io exception
	at java.util.concurrent.FutureTask.report(FutureTask.java:122)
	at java.util.concurrent.FutureTask.get(FutureTask.java:192)
	at org.apache.ratis.server.impl.LeaderElection.waitForResults(LeaderElection.java:262)
	at org.apache.ratis.server.impl.LeaderElection.askForVotes(LeaderElection.java:200)
	at org.apache.ratis.server.impl.LeaderElection.run(LeaderElection.java:130)
	at java.lang.Thread.run(Thread.java:748)
Caused by: org.apache.ratis.thirdparty.io.grpc.StatusRuntimeException: UNAVAILABLE: io exception
	at org.apache.ratis.thirdparty.io.grpc.stub.ClientCalls.toStatusRuntimeException(ClientCalls.java:233)
	at org.apache.ratis.thirdparty.io.grpc.stub.ClientCalls.getUnchecked(ClientCalls.java:214)
	at org.apache.ratis.thirdparty.io.grpc.stub.ClientCalls.blockingUnaryCall(ClientCalls.java:139)
	at org.apache.ratis.proto.grpc.RaftServerProtocolServiceGrpc$RaftServerProtocolServiceBlockingStub.requestVote(RaftServerProtocolServiceGrpc.java:265)
	at org.apache.ratis.grpc.server.GrpcServerProtocolClient.requestVote(GrpcServerProtocolClient.java:83)
	at org.apache.ratis.grpc.server.GrpcService.requestVote(GrpcService.java:195)
	at org.apache.ratis.server.impl.LeaderElection.lambda$submitRequests$1(LeaderElection.java:237)
	at java.util.concurrent.FutureTask.run(FutureTask.java:266)
	at java.util.concurrent.Executors$RunnableAdapter.call(Executors.java:511)
	at java.util.concurrent.FutureTask.run(FutureTask.java:266)
	at java.util.concurrent.ThreadPoolExecutor.runWorker(ThreadPoolExecutor.java:1149)
	at java.util.concurrent.ThreadPoolExecutor$Worker.run(ThreadPoolExecutor.java:624)
	... 1 more
Caused by: org.apache.ratis.thirdparty.io.netty.channel.AbstractChannel$AnnotatedConnectException: Connection refused: /192.168.157.241:40087
	at sun.nio.ch.SocketChannelImpl.checkConnect(Native Method)
	at sun.nio.ch.SocketChannelImpl.finishConnect(SocketChannelImpl.java:717)
	at org.apache.ratis.thirdparty.io.netty.channel.socket.nio.NioSocketChannel.doFinishConnect(NioSocketChannel.java:327)
	at org.apache.ratis.thirdparty.io.netty.channel.nio.AbstractNioChannel$AbstractNioUnsafe.finishConnect(AbstractNioChannel.java:340)
	at org.apache.ratis.thirdparty.io.netty.channel.nio.NioEventLoop.processSelectedKey(NioEventLoop.java:632)
	at org.apache.ratis.thirdparty.io.netty.channel.nio.NioEventLoop.processSelectedKeysOptimized(NioEventLoop.java:579)
	at org.apache.ratis.thirdparty.io.netty.channel.nio.NioEventLoop.processSelectedKeys(NioEventLoop.java:496)
	at org.apache.ratis.thirdparty.io.netty.channel.nio.NioEventLoop.run(NioEventLoop.java:458)
	at org.apache.ratis.thirdparty.io.netty.util.concurrent.SingleThreadEventExecutor$5.run(SingleThreadEventExecutor.java:897)
	at org.apache.ratis.thirdparty.io.netty.util.concurrent.FastThreadLocalRunnable.run(FastThreadLocalRunnable.java:30)
	... 1 more
Caused by: java.net.ConnectException: Connection refused
	... 11 more
2019-07-16 14:19:59,855 INFO  impl.LeaderElection (LogUtils.java:infoOrTrace(149)) - ac0feed9-e302-4363-a7c4-23c8743a625e:group-6B1D19F694A8:LeaderElection21 got exception when requesting votes: {}
java.util.concurrent.ExecutionException: org.apache.ratis.thirdparty.io.grpc.StatusRuntimeException: UNAVAILABLE: io exception
	at java.util.concurrent.FutureTask.report(FutureTask.java:122)
	at java.util.concurrent.FutureTask.get(FutureTask.java:192)
	at org.apache.ratis.server.impl.LeaderElection.waitForResults(LeaderElection.java:262)
	at org.apache.ratis.server.impl.LeaderElection.askForVotes(LeaderElection.java:200)
	at org.apache.ratis.server.impl.LeaderElection.run(LeaderElection.java:130)
	at java.lang.Thread.run(Thread.java:748)
Caused by: org.apache.ratis.thirdparty.io.grpc.StatusRuntimeException: UNAVAILABLE: io exception
	at org.apache.ratis.thirdparty.io.grpc.stub.ClientCalls.toStatusRuntimeException(ClientCalls.java:233)
	at org.apache.ratis.thirdparty.io.grpc.stub.ClientCalls.getUnchecked(ClientCalls.java:214)
	at org.apache.ratis.thirdparty.io.grpc.stub.ClientCalls.blockingUnaryCall(ClientCalls.java:139)
	at org.apache.ratis.proto.grpc.RaftServerProtocolServiceGrpc$RaftServerProtocolServiceBlockingStub.requestVote(RaftServerProtocolServiceGrpc.java:265)
	at org.apache.ratis.grpc.server.GrpcServerProtocolClient.requestVote(GrpcServerProtocolClient.java:83)
	at org.apache.ratis.grpc.server.GrpcService.requestVote(GrpcService.java:195)
	at org.apache.ratis.server.impl.LeaderElection.lambda$submitRequests$1(LeaderElection.java:237)
	at java.util.concurrent.FutureTask.run(FutureTask.java:266)
	at java.util.concurrent.Executors$RunnableAdapter.call(Executors.java:511)
	at java.util.concurrent.FutureTask.run(FutureTask.java:266)
	at java.util.concurrent.ThreadPoolExecutor.runWorker(ThreadPoolExecutor.java:1149)
	at java.util.concurrent.ThreadPoolExecutor$Worker.run(ThreadPoolExecutor.java:624)
	... 1 more
Caused by: org.apache.ratis.thirdparty.io.netty.channel.AbstractChannel$AnnotatedConnectException: Connection refused: /192.168.157.241:44500
	at sun.nio.ch.SocketChannelImpl.checkConnect(Native Method)
	at sun.nio.ch.SocketChannelImpl.finishConnect(SocketChannelImpl.java:717)
	at org.apache.ratis.thirdparty.io.netty.channel.socket.nio.NioSocketChannel.doFinishConnect(NioSocketChannel.java:327)
	at org.apache.ratis.thirdparty.io.netty.channel.nio.AbstractNioChannel$AbstractNioUnsafe.finishConnect(AbstractNioChannel.java:340)
	at org.apache.ratis.thirdparty.io.netty.channel.nio.NioEventLoop.processSelectedKey(NioEventLoop.java:632)
	at org.apache.ratis.thirdparty.io.netty.channel.nio.NioEventLoop.processSelectedKeysOptimized(NioEventLoop.java:579)
	at org.apache.ratis.thirdparty.io.netty.channel.nio.NioEventLoop.processSelectedKeys(NioEventLoop.java:496)
	at org.apache.ratis.thirdparty.io.netty.channel.nio.NioEventLoop.run(NioEventLoop.java:458)
	at org.apache.ratis.thirdparty.io.netty.util.concurrent.SingleThreadEventExecutor$5.run(SingleThreadEventExecutor.java:897)
	at org.apache.ratis.thirdparty.io.netty.util.concurrent.FastThreadLocalRunnable.run(FastThreadLocalRunnable.java:30)
	... 1 more
Caused by: java.net.ConnectException: Connection refused
	... 11 more
2019-07-16 14:19:59,857 INFO  impl.LeaderElection (LeaderElection.java:logAndReturn(56)) - ac0feed9-e302-4363-a7c4-23c8743a625e:group-6B1D19F694A8:LeaderElection21: Election REJECTED; received 0 response(s) [] and 2 exception(s); ac0feed9-e302-4363-a7c4-23c8743a625e:t9, leader=null, voted=ac0feed9-e302-4363-a7c4-23c8743a625e, raftlog=ac0feed9-e302-4363-a7c4-23c8743a625e-SegmentedRaftLog:OPENED:c16,f16,i16, conf=0: [5f1e710f-bd2f-4a4b-9aaf-0bc613871562:192.168.157.241:40087, 3ebb53ec-7397-4bac-b3b2-fbcfca4f3084:192.168.157.241:44500, ac0feed9-e302-4363-a7c4-23c8743a625e:192.168.157.241:32768], old=null
2019-07-16 14:19:59,858 INFO  impl.LeaderElection (LogUtils.java:infoOrTrace(149)) -   Exception 0: {}
java.util.concurrent.ExecutionException: org.apache.ratis.thirdparty.io.grpc.StatusRuntimeException: UNAVAILABLE: io exception
	at java.util.concurrent.FutureTask.report(FutureTask.java:122)
	at java.util.concurrent.FutureTask.get(FutureTask.java:192)
	at org.apache.ratis.server.impl.LeaderElection.waitForResults(LeaderElection.java:262)
	at org.apache.ratis.server.impl.LeaderElection.askForVotes(LeaderElection.java:200)
	at org.apache.ratis.server.impl.LeaderElection.run(LeaderElection.java:130)
	at java.lang.Thread.run(Thread.java:748)
Caused by: org.apache.ratis.thirdparty.io.grpc.StatusRuntimeException: UNAVAILABLE: io exception
	at org.apache.ratis.thirdparty.io.grpc.stub.ClientCalls.toStatusRuntimeException(ClientCalls.java:233)
	at org.apache.ratis.thirdparty.io.grpc.stub.ClientCalls.getUnchecked(ClientCalls.java:214)
	at org.apache.ratis.thirdparty.io.grpc.stub.ClientCalls.blockingUnaryCall(ClientCalls.java:139)
	at org.apache.ratis.proto.grpc.RaftServerProtocolServiceGrpc$RaftServerProtocolServiceBlockingStub.requestVote(RaftServerProtocolServiceGrpc.java:265)
	at org.apache.ratis.grpc.server.GrpcServerProtocolClient.requestVote(GrpcServerProtocolClient.java:83)
	at org.apache.ratis.grpc.server.GrpcService.requestVote(GrpcService.java:195)
	at org.apache.ratis.server.impl.LeaderElection.lambda$submitRequests$1(LeaderElection.java:237)
	at java.util.concurrent.FutureTask.run(FutureTask.java:266)
	at java.util.concurrent.Executors$RunnableAdapter.call(Executors.java:511)
	at java.util.concurrent.FutureTask.run(FutureTask.java:266)
	at java.util.concurrent.ThreadPoolExecutor.runWorker(ThreadPoolExecutor.java:1149)
	at java.util.concurrent.ThreadPoolExecutor$Worker.run(ThreadPoolExecutor.java:624)
	... 1 more
Caused by: org.apache.ratis.thirdparty.io.netty.channel.AbstractChannel$AnnotatedConnectException: Connection refused: /192.168.157.241:40087
	at sun.nio.ch.SocketChannelImpl.checkConnect(Native Method)
	at sun.nio.ch.SocketChannelImpl.finishConnect(SocketChannelImpl.java:717)
	at org.apache.ratis.thirdparty.io.netty.channel.socket.nio.NioSocketChannel.doFinishConnect(NioSocketChannel.java:327)
	at org.apache.ratis.thirdparty.io.netty.channel.nio.AbstractNioChannel$AbstractNioUnsafe.finishConnect(AbstractNioChannel.java:340)
	at org.apache.ratis.thirdparty.io.netty.channel.nio.NioEventLoop.processSelectedKey(NioEventLoop.java:632)
	at org.apache.ratis.thirdparty.io.netty.channel.nio.NioEventLoop.processSelectedKeysOptimized(NioEventLoop.java:579)
	at org.apache.ratis.thirdparty.io.netty.channel.nio.NioEventLoop.processSelectedKeys(NioEventLoop.java:496)
	at org.apache.ratis.thirdparty.io.netty.channel.nio.NioEventLoop.run(NioEventLoop.java:458)
	at org.apache.ratis.thirdparty.io.netty.util.concurrent.SingleThreadEventExecutor$5.run(SingleThreadEventExecutor.java:897)
	at org.apache.ratis.thirdparty.io.netty.util.concurrent.FastThreadLocalRunnable.run(FastThreadLocalRunnable.java:30)
	... 1 more
Caused by: java.net.ConnectException: Connection refused
	... 11 more
2019-07-16 14:19:59,858 INFO  impl.LeaderElection (LogUtils.java:infoOrTrace(149)) -   Exception 1: {}
java.util.concurrent.ExecutionException: org.apache.ratis.thirdparty.io.grpc.StatusRuntimeException: UNAVAILABLE: io exception
	at java.util.concurrent.FutureTask.report(FutureTask.java:122)
	at java.util.concurrent.FutureTask.get(FutureTask.java:192)
	at org.apache.ratis.server.impl.LeaderElection.waitForResults(LeaderElection.java:262)
	at org.apache.ratis.server.impl.LeaderElection.askForVotes(LeaderElection.java:200)
	at org.apache.ratis.server.impl.LeaderElection.run(LeaderElection.java:130)
	at java.lang.Thread.run(Thread.java:748)
Caused by: org.apache.ratis.thirdparty.io.grpc.StatusRuntimeException: UNAVAILABLE: io exception
	at org.apache.ratis.thirdparty.io.grpc.stub.ClientCalls.toStatusRuntimeException(ClientCalls.java:233)
	at org.apache.ratis.thirdparty.io.grpc.stub.ClientCalls.getUnchecked(ClientCalls.java:214)
	at org.apache.ratis.thirdparty.io.grpc.stub.ClientCalls.blockingUnaryCall(ClientCalls.java:139)
	at org.apache.ratis.proto.grpc.RaftServerProtocolServiceGrpc$RaftServerProtocolServiceBlockingStub.requestVote(RaftServerProtocolServiceGrpc.java:265)
	at org.apache.ratis.grpc.server.GrpcServerProtocolClient.requestVote(GrpcServerProtocolClient.java:83)
	at org.apache.ratis.grpc.server.GrpcService.requestVote(GrpcService.java:195)
	at org.apache.ratis.server.impl.LeaderElection.lambda$submitRequests$1(LeaderElection.java:237)
	at java.util.concurrent.FutureTask.run(FutureTask.java:266)
	at java.util.concurrent.Executors$RunnableAdapter.call(Executors.java:511)
	at java.util.concurrent.FutureTask.run(FutureTask.java:266)
	at java.util.concurrent.ThreadPoolExecutor.runWorker(ThreadPoolExecutor.java:1149)
	at java.util.concurrent.ThreadPoolExecutor$Worker.run(ThreadPoolExecutor.java:624)
	... 1 more
Caused by: org.apache.ratis.thirdparty.io.netty.channel.AbstractChannel$AnnotatedConnectException: Connection refused: /192.168.157.241:44500
	at sun.nio.ch.SocketChannelImpl.checkConnect(Native Method)
	at sun.nio.ch.SocketChannelImpl.finishConnect(SocketChannelImpl.java:717)
	at org.apache.ratis.thirdparty.io.netty.channel.socket.nio.NioSocketChannel.doFinishConnect(NioSocketChannel.java:327)
	at org.apache.ratis.thirdparty.io.netty.channel.nio.AbstractNioChannel$AbstractNioUnsafe.finishConnect(AbstractNioChannel.java:340)
	at org.apache.ratis.thirdparty.io.netty.channel.nio.NioEventLoop.processSelectedKey(NioEventLoop.java:632)
	at org.apache.ratis.thirdparty.io.netty.channel.nio.NioEventLoop.processSelectedKeysOptimized(NioEventLoop.java:579)
	at org.apache.ratis.thirdparty.io.netty.channel.nio.NioEventLoop.processSelectedKeys(NioEventLoop.java:496)
	at org.apache.ratis.thirdparty.io.netty.channel.nio.NioEventLoop.run(NioEventLoop.java:458)
	at org.apache.ratis.thirdparty.io.netty.util.concurrent.SingleThreadEventExecutor$5.run(SingleThreadEventExecutor.java:897)
	at org.apache.ratis.thirdparty.io.netty.util.concurrent.FastThreadLocalRunnable.run(FastThreadLocalRunnable.java:30)
	... 1 more
Caused by: java.net.ConnectException: Connection refused
	... 11 more
2019-07-16 14:19:59,859 INFO  impl.RaftServerImpl (RaftServerImpl.java:setRole(171)) - ac0feed9-e302-4363-a7c4-23c8743a625e:group-6B1D19F694A8 changes role from CANDIDATE to FOLLOWER at term 9 for DISCOVERED_A_NEW_TERM
2019-07-16 14:19:59,870 INFO  impl.RoleInfo (RoleInfo.java:shutdownLeaderElection(134)) - ac0feed9-e302-4363-a7c4-23c8743a625e: shutdown LeaderElection
2019-07-16 14:19:59,871 INFO  impl.RoleInfo (RoleInfo.java:updateAndGet(143)) - ac0feed9-e302-4363-a7c4-23c8743a625e: start FollowerState
2019-07-16 14:20:01,476 INFO  client.GrpcClientProtocolClient (GrpcClientProtocolClient.java:onNext(255)) - client-7C6737A1C25D->ac0feed9-e302-4363-a7c4-23c8743a625e: receive RaftClientReply:client-7C6737A1C25D->ac0feed9-e302-4363-a7c4-23c8743a625e@group-6B1D19F694A8, cid=22, FAILED org.apache.ratis.protocol.NotLeaderException: Server ac0feed9-e302-4363-a7c4-23c8743a625e is not the leader (null). Request must be sent to leader., logIndex=0, commits[ac0feed9-e302-4363-a7c4-23c8743a625e:c16, 5f1e710f-bd2f-4a4b-9aaf-0bc613871562:c16, 3ebb53ec-7397-4bac-b3b2-fbcfca4f3084:c16]
2019-07-16 14:20:04,504 INFO  client.GrpcClientProtocolClient (GrpcClientProtocolClient.java:onNext(255)) - client-7C6737A1C25D->ac0feed9-e302-4363-a7c4-23c8743a625e: receive RaftClientReply:client-7C6737A1C25D->ac0feed9-e302-4363-a7c4-23c8743a625e@group-6B1D19F694A8, cid=22, FAILED org.apache.ratis.protocol.NotLeaderException: Server ac0feed9-e302-4363-a7c4-23c8743a625e is not the leader (null). Request must be sent to leader., logIndex=0, commits[ac0feed9-e302-4363-a7c4-23c8743a625e:c16, 5f1e710f-bd2f-4a4b-9aaf-0bc613871562:c16, 3ebb53ec-7397-4bac-b3b2-fbcfca4f3084:c16]
2019-07-16 14:20:04,993 INFO  impl.FollowerState (FollowerState.java:run(106)) - ac0feed9-e302-4363-a7c4-23c8743a625e:group-6B1D19F694A8 changes to CANDIDATE, lastRpcTime:5122, electionTimeout:5122ms
2019-07-16 14:20:04,994 INFO  impl.RoleInfo (RoleInfo.java:shutdownFollowerState(121)) - ac0feed9-e302-4363-a7c4-23c8743a625e: shutdown FollowerState
2019-07-16 14:20:04,994 INFO  impl.RaftServerImpl (RaftServerImpl.java:setRole(171)) - ac0feed9-e302-4363-a7c4-23c8743a625e:group-6B1D19F694A8 changes role from FOLLOWER to CANDIDATE at term 9 for changeToCandidate
2019-07-16 14:20:04,994 INFO  impl.RoleInfo (RoleInfo.java:updateAndGet(143)) - ac0feed9-e302-4363-a7c4-23c8743a625e: start LeaderElection
2019-07-16 14:20:05,012 INFO  impl.LeaderElection (LeaderElection.java:askForVotes(181)) - ac0feed9-e302-4363-a7c4-23c8743a625e:group-6B1D19F694A8:LeaderElection22: begin an election at term 10 for 0: [5f1e710f-bd2f-4a4b-9aaf-0bc613871562:192.168.157.241:40087, 3ebb53ec-7397-4bac-b3b2-fbcfca4f3084:192.168.157.241:44500, ac0feed9-e302-4363-a7c4-23c8743a625e:192.168.157.241:32768], old=null
2019-07-16 14:20:05,014 INFO  impl.LeaderElection (LogUtils.java:infoOrTrace(149)) - ac0feed9-e302-4363-a7c4-23c8743a625e:group-6B1D19F694A8:LeaderElection22 got exception when requesting votes: {}
java.util.concurrent.ExecutionException: org.apache.ratis.thirdparty.io.grpc.StatusRuntimeException: UNAVAILABLE: io exception
	at java.util.concurrent.FutureTask.report(FutureTask.java:122)
	at java.util.concurrent.FutureTask.get(FutureTask.java:192)
	at org.apache.ratis.server.impl.LeaderElection.waitForResults(LeaderElection.java:262)
	at org.apache.ratis.server.impl.LeaderElection.askForVotes(LeaderElection.java:200)
	at org.apache.ratis.server.impl.LeaderElection.run(LeaderElection.java:130)
	at java.lang.Thread.run(Thread.java:748)
Caused by: org.apache.ratis.thirdparty.io.grpc.StatusRuntimeException: UNAVAILABLE: io exception
	at org.apache.ratis.thirdparty.io.grpc.stub.ClientCalls.toStatusRuntimeException(ClientCalls.java:233)
	at org.apache.ratis.thirdparty.io.grpc.stub.ClientCalls.getUnchecked(ClientCalls.java:214)
	at org.apache.ratis.thirdparty.io.grpc.stub.ClientCalls.blockingUnaryCall(ClientCalls.java:139)
	at org.apache.ratis.proto.grpc.RaftServerProtocolServiceGrpc$RaftServerProtocolServiceBlockingStub.requestVote(RaftServerProtocolServiceGrpc.java:265)
	at org.apache.ratis.grpc.server.GrpcServerProtocolClient.requestVote(GrpcServerProtocolClient.java:83)
	at org.apache.ratis.grpc.server.GrpcService.requestVote(GrpcService.java:195)
	at org.apache.ratis.server.impl.LeaderElection.lambda$submitRequests$1(LeaderElection.java:237)
	at java.util.concurrent.FutureTask.run(FutureTask.java:266)
	at java.util.concurrent.Executors$RunnableAdapter.call(Executors.java:511)
	at java.util.concurrent.FutureTask.run(FutureTask.java:266)
	at java.util.concurrent.ThreadPoolExecutor.runWorker(ThreadPoolExecutor.java:1149)
	at java.util.concurrent.ThreadPoolExecutor$Worker.run(ThreadPoolExecutor.java:624)
	... 1 more
Caused by: org.apache.ratis.thirdparty.io.netty.channel.AbstractChannel$AnnotatedConnectException: Connection refused: /192.168.157.241:40087
	at sun.nio.ch.SocketChannelImpl.checkConnect(Native Method)
	at sun.nio.ch.SocketChannelImpl.finishConnect(SocketChannelImpl.java:717)
	at org.apache.ratis.thirdparty.io.netty.channel.socket.nio.NioSocketChannel.doFinishConnect(NioSocketChannel.java:327)
	at org.apache.ratis.thirdparty.io.netty.channel.nio.AbstractNioChannel$AbstractNioUnsafe.finishConnect(AbstractNioChannel.java:340)
	at org.apache.ratis.thirdparty.io.netty.channel.nio.NioEventLoop.processSelectedKey(NioEventLoop.java:632)
	at org.apache.ratis.thirdparty.io.netty.channel.nio.NioEventLoop.processSelectedKeysOptimized(NioEventLoop.java:579)
	at org.apache.ratis.thirdparty.io.netty.channel.nio.NioEventLoop.processSelectedKeys(NioEventLoop.java:496)
	at org.apache.ratis.thirdparty.io.netty.channel.nio.NioEventLoop.run(NioEventLoop.java:458)
	at org.apache.ratis.thirdparty.io.netty.util.concurrent.SingleThreadEventExecutor$5.run(SingleThreadEventExecutor.java:897)
	at org.apache.ratis.thirdparty.io.netty.util.concurrent.FastThreadLocalRunnable.run(FastThreadLocalRunnable.java:30)
	... 1 more
Caused by: java.net.ConnectException: Connection refused
	... 11 more
2019-07-16 14:20:05,016 INFO  impl.LeaderElection (LogUtils.java:infoOrTrace(149)) - ac0feed9-e302-4363-a7c4-23c8743a625e:group-6B1D19F694A8:LeaderElection22 got exception when requesting votes: {}
java.util.concurrent.ExecutionException: org.apache.ratis.thirdparty.io.grpc.StatusRuntimeException: UNAVAILABLE: io exception
	at java.util.concurrent.FutureTask.report(FutureTask.java:122)
	at java.util.concurrent.FutureTask.get(FutureTask.java:192)
	at org.apache.ratis.server.impl.LeaderElection.waitForResults(LeaderElection.java:262)
	at org.apache.ratis.server.impl.LeaderElection.askForVotes(LeaderElection.java:200)
	at org.apache.ratis.server.impl.LeaderElection.run(LeaderElection.java:130)
	at java.lang.Thread.run(Thread.java:748)
Caused by: org.apache.ratis.thirdparty.io.grpc.StatusRuntimeException: UNAVAILABLE: io exception
	at org.apache.ratis.thirdparty.io.grpc.stub.ClientCalls.toStatusRuntimeException(ClientCalls.java:233)
	at org.apache.ratis.thirdparty.io.grpc.stub.ClientCalls.getUnchecked(ClientCalls.java:214)
	at org.apache.ratis.thirdparty.io.grpc.stub.ClientCalls.blockingUnaryCall(ClientCalls.java:139)
	at org.apache.ratis.proto.grpc.RaftServerProtocolServiceGrpc$RaftServerProtocolServiceBlockingStub.requestVote(RaftServerProtocolServiceGrpc.java:265)
	at org.apache.ratis.grpc.server.GrpcServerProtocolClient.requestVote(GrpcServerProtocolClient.java:83)
	at org.apache.ratis.grpc.server.GrpcService.requestVote(GrpcService.java:195)
	at org.apache.ratis.server.impl.LeaderElection.lambda$submitRequests$1(LeaderElection.java:237)
	at java.util.concurrent.FutureTask.run(FutureTask.java:266)
	at java.util.concurrent.Executors$RunnableAdapter.call(Executors.java:511)
	at java.util.concurrent.FutureTask.run(FutureTask.java:266)
	at java.util.concurrent.ThreadPoolExecutor.runWorker(ThreadPoolExecutor.java:1149)
	at java.util.concurrent.ThreadPoolExecutor$Worker.run(ThreadPoolExecutor.java:624)
	... 1 more
Caused by: org.apache.ratis.thirdparty.io.netty.channel.AbstractChannel$AnnotatedConnectException: Connection refused: /192.168.157.241:44500
	at sun.nio.ch.SocketChannelImpl.checkConnect(Native Method)
	at sun.nio.ch.SocketChannelImpl.finishConnect(SocketChannelImpl.java:717)
	at org.apache.ratis.thirdparty.io.netty.channel.socket.nio.NioSocketChannel.doFinishConnect(NioSocketChannel.java:327)
	at org.apache.ratis.thirdparty.io.netty.channel.nio.AbstractNioChannel$AbstractNioUnsafe.finishConnect(AbstractNioChannel.java:340)
	at org.apache.ratis.thirdparty.io.netty.channel.nio.NioEventLoop.processSelectedKey(NioEventLoop.java:632)
	at org.apache.ratis.thirdparty.io.netty.channel.nio.NioEventLoop.processSelectedKeysOptimized(NioEventLoop.java:579)
	at org.apache.ratis.thirdparty.io.netty.channel.nio.NioEventLoop.processSelectedKeys(NioEventLoop.java:496)
	at org.apache.ratis.thirdparty.io.netty.channel.nio.NioEventLoop.run(NioEventLoop.java:458)
	at org.apache.ratis.thirdparty.io.netty.util.concurrent.SingleThreadEventExecutor$5.run(SingleThreadEventExecutor.java:897)
	at org.apache.ratis.thirdparty.io.netty.util.concurrent.FastThreadLocalRunnable.run(FastThreadLocalRunnable.java:30)
	... 1 more
Caused by: java.net.ConnectException: Connection refused
	... 11 more
2019-07-16 14:20:05,019 INFO  impl.LeaderElection (LeaderElection.java:logAndReturn(56)) - ac0feed9-e302-4363-a7c4-23c8743a625e:group-6B1D19F694A8:LeaderElection22: Election REJECTED; received 0 response(s) [] and 2 exception(s); ac0feed9-e302-4363-a7c4-23c8743a625e:t10, leader=null, voted=ac0feed9-e302-4363-a7c4-23c8743a625e, raftlog=ac0feed9-e302-4363-a7c4-23c8743a625e-SegmentedRaftLog:OPENED:c16,f16,i16, conf=0: [5f1e710f-bd2f-4a4b-9aaf-0bc613871562:192.168.157.241:40087, 3ebb53ec-7397-4bac-b3b2-fbcfca4f3084:192.168.157.241:44500, ac0feed9-e302-4363-a7c4-23c8743a625e:192.168.157.241:32768], old=null
2019-07-16 14:20:05,019 INFO  impl.LeaderElection (LogUtils.java:infoOrTrace(149)) -   Exception 0: {}
java.util.concurrent.ExecutionException: org.apache.ratis.thirdparty.io.grpc.StatusRuntimeException: UNAVAILABLE: io exception
	at java.util.concurrent.FutureTask.report(FutureTask.java:122)
	at java.util.concurrent.FutureTask.get(FutureTask.java:192)
	at org.apache.ratis.server.impl.LeaderElection.waitForResults(LeaderElection.java:262)
	at org.apache.ratis.server.impl.LeaderElection.askForVotes(LeaderElection.java:200)
	at org.apache.ratis.server.impl.LeaderElection.run(LeaderElection.java:130)
	at java.lang.Thread.run(Thread.java:748)
Caused by: org.apache.ratis.thirdparty.io.grpc.StatusRuntimeException: UNAVAILABLE: io exception
	at org.apache.ratis.thirdparty.io.grpc.stub.ClientCalls.toStatusRuntimeException(ClientCalls.java:233)
	at org.apache.ratis.thirdparty.io.grpc.stub.ClientCalls.getUnchecked(ClientCalls.java:214)
	at org.apache.ratis.thirdparty.io.grpc.stub.ClientCalls.blockingUnaryCall(ClientCalls.java:139)
	at org.apache.ratis.proto.grpc.RaftServerProtocolServiceGrpc$RaftServerProtocolServiceBlockingStub.requestVote(RaftServerProtocolServiceGrpc.java:265)
	at org.apache.ratis.grpc.server.GrpcServerProtocolClient.requestVote(GrpcServerProtocolClient.java:83)
	at org.apache.ratis.grpc.server.GrpcService.requestVote(GrpcService.java:195)
	at org.apache.ratis.server.impl.LeaderElection.lambda$submitRequests$1(LeaderElection.java:237)
	at java.util.concurrent.FutureTask.run(FutureTask.java:266)
	at java.util.concurrent.Executors$RunnableAdapter.call(Executors.java:511)
	at java.util.concurrent.FutureTask.run(FutureTask.java:266)
	at java.util.concurrent.ThreadPoolExecutor.runWorker(ThreadPoolExecutor.java:1149)
	at java.util.concurrent.ThreadPoolExecutor$Worker.run(ThreadPoolExecutor.java:624)
	... 1 more
Caused by: org.apache.ratis.thirdparty.io.netty.channel.AbstractChannel$AnnotatedConnectException: Connection refused: /192.168.157.241:40087
	at sun.nio.ch.SocketChannelImpl.checkConnect(Native Method)
	at sun.nio.ch.SocketChannelImpl.finishConnect(SocketChannelImpl.java:717)
	at org.apache.ratis.thirdparty.io.netty.channel.socket.nio.NioSocketChannel.doFinishConnect(NioSocketChannel.java:327)
	at org.apache.ratis.thirdparty.io.netty.channel.nio.AbstractNioChannel$AbstractNioUnsafe.finishConnect(AbstractNioChannel.java:340)
	at org.apache.ratis.thirdparty.io.netty.channel.nio.NioEventLoop.processSelectedKey(NioEventLoop.java:632)
	at org.apache.ratis.thirdparty.io.netty.channel.nio.NioEventLoop.processSelectedKeysOptimized(NioEventLoop.java:579)
	at org.apache.ratis.thirdparty.io.netty.channel.nio.NioEventLoop.processSelectedKeys(NioEventLoop.java:496)
	at org.apache.ratis.thirdparty.io.netty.channel.nio.NioEventLoop.run(NioEventLoop.java:458)
	at org.apache.ratis.thirdparty.io.netty.util.concurrent.SingleThreadEventExecutor$5.run(SingleThreadEventExecutor.java:897)
	at org.apache.ratis.thirdparty.io.netty.util.concurrent.FastThreadLocalRunnable.run(FastThreadLocalRunnable.java:30)
	... 1 more
Caused by: java.net.ConnectException: Connection refused
	... 11 more
2019-07-16 14:20:05,019 INFO  impl.LeaderElection (LogUtils.java:infoOrTrace(149)) -   Exception 1: {}
java.util.concurrent.ExecutionException: org.apache.ratis.thirdparty.io.grpc.StatusRuntimeException: UNAVAILABLE: io exception
	at java.util.concurrent.FutureTask.report(FutureTask.java:122)
	at java.util.concurrent.FutureTask.get(FutureTask.java:192)
	at org.apache.ratis.server.impl.LeaderElection.waitForResults(LeaderElection.java:262)
	at org.apache.ratis.server.impl.LeaderElection.askForVotes(LeaderElection.java:200)
	at org.apache.ratis.server.impl.LeaderElection.run(LeaderElection.java:130)
	at java.lang.Thread.run(Thread.java:748)
Caused by: org.apache.ratis.thirdparty.io.grpc.StatusRuntimeException: UNAVAILABLE: io exception
	at org.apache.ratis.thirdparty.io.grpc.stub.ClientCalls.toStatusRuntimeException(ClientCalls.java:233)
	at org.apache.ratis.thirdparty.io.grpc.stub.ClientCalls.getUnchecked(ClientCalls.java:214)
	at org.apache.ratis.thirdparty.io.grpc.stub.ClientCalls.blockingUnaryCall(ClientCalls.java:139)
	at org.apache.ratis.proto.grpc.RaftServerProtocolServiceGrpc$RaftServerProtocolServiceBlockingStub.requestVote(RaftServerProtocolServiceGrpc.java:265)
	at org.apache.ratis.grpc.server.GrpcServerProtocolClient.requestVote(GrpcServerProtocolClient.java:83)
	at org.apache.ratis.grpc.server.GrpcService.requestVote(GrpcService.java:195)
	at org.apache.ratis.server.impl.LeaderElection.lambda$submitRequests$1(LeaderElection.java:237)
	at java.util.concurrent.FutureTask.run(FutureTask.java:266)
	at java.util.concurrent.Executors$RunnableAdapter.call(Executors.java:511)
	at java.util.concurrent.FutureTask.run(FutureTask.java:266)
	at java.util.concurrent.ThreadPoolExecutor.runWorker(ThreadPoolExecutor.java:1149)
	at java.util.concurrent.ThreadPoolExecutor$Worker.run(ThreadPoolExecutor.java:624)
	... 1 more
Caused by: org.apache.ratis.thirdparty.io.netty.channel.AbstractChannel$AnnotatedConnectException: Connection refused: /192.168.157.241:44500
	at sun.nio.ch.SocketChannelImpl.checkConnect(Native Method)
	at sun.nio.ch.SocketChannelImpl.finishConnect(SocketChannelImpl.java:717)
	at org.apache.ratis.thirdparty.io.netty.channel.socket.nio.NioSocketChannel.doFinishConnect(NioSocketChannel.java:327)
	at org.apache.ratis.thirdparty.io.netty.channel.nio.AbstractNioChannel$AbstractNioUnsafe.finishConnect(AbstractNioChannel.java:340)
	at org.apache.ratis.thirdparty.io.netty.channel.nio.NioEventLoop.processSelectedKey(NioEventLoop.java:632)
	at org.apache.ratis.thirdparty.io.netty.channel.nio.NioEventLoop.processSelectedKeysOptimized(NioEventLoop.java:579)
	at org.apache.ratis.thirdparty.io.netty.channel.nio.NioEventLoop.processSelectedKeys(NioEventLoop.java:496)
	at org.apache.ratis.thirdparty.io.netty.channel.nio.NioEventLoop.run(NioEventLoop.java:458)
	at org.apache.ratis.thirdparty.io.netty.util.concurrent.SingleThreadEventExecutor$5.run(SingleThreadEventExecutor.java:897)
	at org.apache.ratis.thirdparty.io.netty.util.concurrent.FastThreadLocalRunnable.run(FastThreadLocalRunnable.java:30)
	... 1 more
Caused by: java.net.ConnectException: Connection refused
	... 11 more
2019-07-16 14:20:05,020 INFO  impl.RaftServerImpl (RaftServerImpl.java:setRole(171)) - ac0feed9-e302-4363-a7c4-23c8743a625e:group-6B1D19F694A8 changes role from CANDIDATE to FOLLOWER at term 10 for DISCOVERED_A_NEW_TERM
2019-07-16 14:20:05,022 INFO  impl.RoleInfo (RoleInfo.java:shutdownLeaderElection(134)) - ac0feed9-e302-4363-a7c4-23c8743a625e: shutdown LeaderElection
2019-07-16 14:20:05,022 INFO  impl.RoleInfo (RoleInfo.java:updateAndGet(143)) - ac0feed9-e302-4363-a7c4-23c8743a625e: start FollowerState
2019-07-16 14:20:06,521 INFO  client.GrpcClientProtocolClient (GrpcClientProtocolClient.java:onNext(255)) - client-7C6737A1C25D->ac0feed9-e302-4363-a7c4-23c8743a625e: receive RaftClientReply:client-7C6737A1C25D->ac0feed9-e302-4363-a7c4-23c8743a625e@group-6B1D19F694A8, cid=22, FAILED org.apache.ratis.protocol.NotLeaderException: Server ac0feed9-e302-4363-a7c4-23c8743a625e is not the leader (null). Request must be sent to leader., logIndex=0, commits[ac0feed9-e302-4363-a7c4-23c8743a625e:c16, 5f1e710f-bd2f-4a4b-9aaf-0bc613871562:c16, 3ebb53ec-7397-4bac-b3b2-fbcfca4f3084:c16]
2019-07-16 14:20:08,543 INFO  client.GrpcClientProtocolClient (GrpcClientProtocolClient.java:onNext(255)) - client-7C6737A1C25D->ac0feed9-e302-4363-a7c4-23c8743a625e: receive RaftClientReply:client-7C6737A1C25D->ac0feed9-e302-4363-a7c4-23c8743a625e@group-6B1D19F694A8, cid=22, FAILED org.apache.ratis.protocol.NotLeaderException: Server ac0feed9-e302-4363-a7c4-23c8743a625e is not the leader (null). Request must be sent to leader., logIndex=0, commits[ac0feed9-e302-4363-a7c4-23c8743a625e:c16, 5f1e710f-bd2f-4a4b-9aaf-0bc613871562:c16, 3ebb53ec-7397-4bac-b3b2-fbcfca4f3084:c16]
2019-07-16 14:20:10,147 INFO  impl.FollowerState (FollowerState.java:run(106)) - ac0feed9-e302-4363-a7c4-23c8743a625e:group-6B1D19F694A8 changes to CANDIDATE, lastRpcTime:5125, electionTimeout:5123ms
2019-07-16 14:20:10,148 INFO  impl.RoleInfo (RoleInfo.java:shutdownFollowerState(121)) - ac0feed9-e302-4363-a7c4-23c8743a625e: shutdown FollowerState
2019-07-16 14:20:10,148 INFO  impl.RaftServerImpl (RaftServerImpl.java:setRole(171)) - ac0feed9-e302-4363-a7c4-23c8743a625e:group-6B1D19F694A8 changes role from FOLLOWER to CANDIDATE at term 10 for changeToCandidate
2019-07-16 14:20:10,148 INFO  impl.RoleInfo (RoleInfo.java:updateAndGet(143)) - ac0feed9-e302-4363-a7c4-23c8743a625e: start LeaderElection
2019-07-16 14:20:10,166 INFO  impl.LeaderElection (LeaderElection.java:askForVotes(181)) - ac0feed9-e302-4363-a7c4-23c8743a625e:group-6B1D19F694A8:LeaderElection23: begin an election at term 11 for 0: [5f1e710f-bd2f-4a4b-9aaf-0bc613871562:192.168.157.241:40087, 3ebb53ec-7397-4bac-b3b2-fbcfca4f3084:192.168.157.241:44500, ac0feed9-e302-4363-a7c4-23c8743a625e:192.168.157.241:32768], old=null
2019-07-16 14:20:10,167 INFO  impl.LeaderElection (LogUtils.java:infoOrTrace(149)) - ac0feed9-e302-4363-a7c4-23c8743a625e:group-6B1D19F694A8:LeaderElection23 got exception when requesting votes: {}
java.util.concurrent.ExecutionException: org.apache.ratis.thirdparty.io.grpc.StatusRuntimeException: UNAVAILABLE: io exception
	at java.util.concurrent.FutureTask.report(FutureTask.java:122)
	at java.util.concurrent.FutureTask.get(FutureTask.java:192)
	at org.apache.ratis.server.impl.LeaderElection.waitForResults(LeaderElection.java:262)
	at org.apache.ratis.server.impl.LeaderElection.askForVotes(LeaderElection.java:200)
	at org.apache.ratis.server.impl.LeaderElection.run(LeaderElection.java:130)
	at java.lang.Thread.run(Thread.java:748)
Caused by: org.apache.ratis.thirdparty.io.grpc.StatusRuntimeException: UNAVAILABLE: io exception
	at org.apache.ratis.thirdparty.io.grpc.stub.ClientCalls.toStatusRuntimeException(ClientCalls.java:233)
	at org.apache.ratis.thirdparty.io.grpc.stub.ClientCalls.getUnchecked(ClientCalls.java:214)
	at org.apache.ratis.thirdparty.io.grpc.stub.ClientCalls.blockingUnaryCall(ClientCalls.java:139)
	at org.apache.ratis.proto.grpc.RaftServerProtocolServiceGrpc$RaftServerProtocolServiceBlockingStub.requestVote(RaftServerProtocolServiceGrpc.java:265)
	at org.apache.ratis.grpc.server.GrpcServerProtocolClient.requestVote(GrpcServerProtocolClient.java:83)
	at org.apache.ratis.grpc.server.GrpcService.requestVote(GrpcService.java:195)
	at org.apache.ratis.server.impl.LeaderElection.lambda$submitRequests$1(LeaderElection.java:237)
	at java.util.concurrent.FutureTask.run(FutureTask.java:266)
	at java.util.concurrent.Executors$RunnableAdapter.call(Executors.java:511)
	at java.util.concurrent.FutureTask.run(FutureTask.java:266)
	at java.util.concurrent.ThreadPoolExecutor.runWorker(ThreadPoolExecutor.java:1149)
	at java.util.concurrent.ThreadPoolExecutor$Worker.run(ThreadPoolExecutor.java:624)
	... 1 more
Caused by: org.apache.ratis.thirdparty.io.netty.channel.AbstractChannel$AnnotatedConnectException: Connection refused: /192.168.157.241:40087
	at sun.nio.ch.SocketChannelImpl.checkConnect(Native Method)
	at sun.nio.ch.SocketChannelImpl.finishConnect(SocketChannelImpl.java:717)
	at org.apache.ratis.thirdparty.io.netty.channel.socket.nio.NioSocketChannel.doFinishConnect(NioSocketChannel.java:327)
	at org.apache.ratis.thirdparty.io.netty.channel.nio.AbstractNioChannel$AbstractNioUnsafe.finishConnect(AbstractNioChannel.java:340)
	at org.apache.ratis.thirdparty.io.netty.channel.nio.NioEventLoop.processSelectedKey(NioEventLoop.java:632)
	at org.apache.ratis.thirdparty.io.netty.channel.nio.NioEventLoop.processSelectedKeysOptimized(NioEventLoop.java:579)
	at org.apache.ratis.thirdparty.io.netty.channel.nio.NioEventLoop.processSelectedKeys(NioEventLoop.java:496)
	at org.apache.ratis.thirdparty.io.netty.channel.nio.NioEventLoop.run(NioEventLoop.java:458)
	at org.apache.ratis.thirdparty.io.netty.util.concurrent.SingleThreadEventExecutor$5.run(SingleThreadEventExecutor.java:897)
	at org.apache.ratis.thirdparty.io.netty.util.concurrent.FastThreadLocalRunnable.run(FastThreadLocalRunnable.java:30)
	... 1 more
Caused by: java.net.ConnectException: Connection refused
	... 11 more
2019-07-16 14:20:10,170 INFO  impl.LeaderElection (LogUtils.java:infoOrTrace(149)) - ac0feed9-e302-4363-a7c4-23c8743a625e:group-6B1D19F694A8:LeaderElection23 got exception when requesting votes: {}
java.util.concurrent.ExecutionException: org.apache.ratis.thirdparty.io.grpc.StatusRuntimeException: UNAVAILABLE: io exception
	at java.util.concurrent.FutureTask.report(FutureTask.java:122)
	at java.util.concurrent.FutureTask.get(FutureTask.java:192)
	at org.apache.ratis.server.impl.LeaderElection.waitForResults(LeaderElection.java:262)
	at org.apache.ratis.server.impl.LeaderElection.askForVotes(LeaderElection.java:200)
	at org.apache.ratis.server.impl.LeaderElection.run(LeaderElection.java:130)
	at java.lang.Thread.run(Thread.java:748)
Caused by: org.apache.ratis.thirdparty.io.grpc.StatusRuntimeException: UNAVAILABLE: io exception
	at org.apache.ratis.thirdparty.io.grpc.stub.ClientCalls.toStatusRuntimeException(ClientCalls.java:233)
	at org.apache.ratis.thirdparty.io.grpc.stub.ClientCalls.getUnchecked(ClientCalls.java:214)
	at org.apache.ratis.thirdparty.io.grpc.stub.ClientCalls.blockingUnaryCall(ClientCalls.java:139)
	at org.apache.ratis.proto.grpc.RaftServerProtocolServiceGrpc$RaftServerProtocolServiceBlockingStub.requestVote(RaftServerProtocolServiceGrpc.java:265)
	at org.apache.ratis.grpc.server.GrpcServerProtocolClient.requestVote(GrpcServerProtocolClient.java:83)
	at org.apache.ratis.grpc.server.GrpcService.requestVote(GrpcService.java:195)
	at org.apache.ratis.server.impl.LeaderElection.lambda$submitRequests$1(LeaderElection.java:237)
	at java.util.concurrent.FutureTask.run(FutureTask.java:266)
	at java.util.concurrent.Executors$RunnableAdapter.call(Executors.java:511)
	at java.util.concurrent.FutureTask.run(FutureTask.java:266)
	at java.util.concurrent.ThreadPoolExecutor.runWorker(ThreadPoolExecutor.java:1149)
	at java.util.concurrent.ThreadPoolExecutor$Worker.run(ThreadPoolExecutor.java:624)
	... 1 more
Caused by: org.apache.ratis.thirdparty.io.netty.channel.AbstractChannel$AnnotatedConnectException: Connection refused: /192.168.157.241:44500
	at sun.nio.ch.SocketChannelImpl.checkConnect(Native Method)
	at sun.nio.ch.SocketChannelImpl.finishConnect(SocketChannelImpl.java:717)
	at org.apache.ratis.thirdparty.io.netty.channel.socket.nio.NioSocketChannel.doFinishConnect(NioSocketChannel.java:327)
	at org.apache.ratis.thirdparty.io.netty.channel.nio.AbstractNioChannel$AbstractNioUnsafe.finishConnect(AbstractNioChannel.java:340)
	at org.apache.ratis.thirdparty.io.netty.channel.nio.NioEventLoop.processSelectedKey(NioEventLoop.java:632)
	at org.apache.ratis.thirdparty.io.netty.channel.nio.NioEventLoop.processSelectedKeysOptimized(NioEventLoop.java:579)
	at org.apache.ratis.thirdparty.io.netty.channel.nio.NioEventLoop.processSelectedKeys(NioEventLoop.java:496)
	at org.apache.ratis.thirdparty.io.netty.channel.nio.NioEventLoop.run(NioEventLoop.java:458)
	at org.apache.ratis.thirdparty.io.netty.util.concurrent.SingleThreadEventExecutor$5.run(SingleThreadEventExecutor.java:897)
	at org.apache.ratis.thirdparty.io.netty.util.concurrent.FastThreadLocalRunnable.run(FastThreadLocalRunnable.java:30)
	... 1 more
Caused by: java.net.ConnectException: Connection refused
	... 11 more
2019-07-16 14:20:10,188 INFO  impl.LeaderElection (LeaderElection.java:logAndReturn(56)) - ac0feed9-e302-4363-a7c4-23c8743a625e:group-6B1D19F694A8:LeaderElection23: Election REJECTED; received 0 response(s) [] and 2 exception(s); ac0feed9-e302-4363-a7c4-23c8743a625e:t11, leader=null, voted=ac0feed9-e302-4363-a7c4-23c8743a625e, raftlog=ac0feed9-e302-4363-a7c4-23c8743a625e-SegmentedRaftLog:OPENED:c16,f16,i16, conf=0: [5f1e710f-bd2f-4a4b-9aaf-0bc613871562:192.168.157.241:40087, 3ebb53ec-7397-4bac-b3b2-fbcfca4f3084:192.168.157.241:44500, ac0feed9-e302-4363-a7c4-23c8743a625e:192.168.157.241:32768], old=null
2019-07-16 14:20:10,188 INFO  impl.LeaderElection (LogUtils.java:infoOrTrace(149)) -   Exception 0: {}
java.util.concurrent.ExecutionException: org.apache.ratis.thirdparty.io.grpc.StatusRuntimeException: UNAVAILABLE: io exception
	at java.util.concurrent.FutureTask.report(FutureTask.java:122)
	at java.util.concurrent.FutureTask.get(FutureTask.java:192)
	at org.apache.ratis.server.impl.LeaderElection.waitForResults(LeaderElection.java:262)
	at org.apache.ratis.server.impl.LeaderElection.askForVotes(LeaderElection.java:200)
	at org.apache.ratis.server.impl.LeaderElection.run(LeaderElection.java:130)
	at java.lang.Thread.run(Thread.java:748)
Caused by: org.apache.ratis.thirdparty.io.grpc.StatusRuntimeException: UNAVAILABLE: io exception
	at org.apache.ratis.thirdparty.io.grpc.stub.ClientCalls.toStatusRuntimeException(ClientCalls.java:233)
	at org.apache.ratis.thirdparty.io.grpc.stub.ClientCalls.getUnchecked(ClientCalls.java:214)
	at org.apache.ratis.thirdparty.io.grpc.stub.ClientCalls.blockingUnaryCall(ClientCalls.java:139)
	at org.apache.ratis.proto.grpc.RaftServerProtocolServiceGrpc$RaftServerProtocolServiceBlockingStub.requestVote(RaftServerProtocolServiceGrpc.java:265)
	at org.apache.ratis.grpc.server.GrpcServerProtocolClient.requestVote(GrpcServerProtocolClient.java:83)
	at org.apache.ratis.grpc.server.GrpcService.requestVote(GrpcService.java:195)
	at org.apache.ratis.server.impl.LeaderElection.lambda$submitRequests$1(LeaderElection.java:237)
	at java.util.concurrent.FutureTask.run(FutureTask.java:266)
	at java.util.concurrent.Executors$RunnableAdapter.call(Executors.java:511)
	at java.util.concurrent.FutureTask.run(FutureTask.java:266)
	at java.util.concurrent.ThreadPoolExecutor.runWorker(ThreadPoolExecutor.java:1149)
	at java.util.concurrent.ThreadPoolExecutor$Worker.run(ThreadPoolExecutor.java:624)
	... 1 more
Caused by: org.apache.ratis.thirdparty.io.netty.channel.AbstractChannel$AnnotatedConnectException: Connection refused: /192.168.157.241:40087
	at sun.nio.ch.SocketChannelImpl.checkConnect(Native Method)
	at sun.nio.ch.SocketChannelImpl.finishConnect(SocketChannelImpl.java:717)
	at org.apache.ratis.thirdparty.io.netty.channel.socket.nio.NioSocketChannel.doFinishConnect(NioSocketChannel.java:327)
	at org.apache.ratis.thirdparty.io.netty.channel.nio.AbstractNioChannel$AbstractNioUnsafe.finishConnect(AbstractNioChannel.java:340)
	at org.apache.ratis.thirdparty.io.netty.channel.nio.NioEventLoop.processSelectedKey(NioEventLoop.java:632)
	at org.apache.ratis.thirdparty.io.netty.channel.nio.NioEventLoop.processSelectedKeysOptimized(NioEventLoop.java:579)
	at org.apache.ratis.thirdparty.io.netty.channel.nio.NioEventLoop.processSelectedKeys(NioEventLoop.java:496)
	at org.apache.ratis.thirdparty.io.netty.channel.nio.NioEventLoop.run(NioEventLoop.java:458)
	at org.apache.ratis.thirdparty.io.netty.util.concurrent.SingleThreadEventExecutor$5.run(SingleThreadEventExecutor.java:897)
	at org.apache.ratis.thirdparty.io.netty.util.concurrent.FastThreadLocalRunnable.run(FastThreadLocalRunnable.java:30)
	... 1 more
Caused by: java.net.ConnectException: Connection refused
	... 11 more
2019-07-16 14:20:10,189 INFO  impl.LeaderElection (LogUtils.java:infoOrTrace(149)) -   Exception 1: {}
java.util.concurrent.ExecutionException: org.apache.ratis.thirdparty.io.grpc.StatusRuntimeException: UNAVAILABLE: io exception
	at java.util.concurrent.FutureTask.report(FutureTask.java:122)
	at java.util.concurrent.FutureTask.get(FutureTask.java:192)
	at org.apache.ratis.server.impl.LeaderElection.waitForResults(LeaderElection.java:262)
	at org.apache.ratis.server.impl.LeaderElection.askForVotes(LeaderElection.java:200)
	at org.apache.ratis.server.impl.LeaderElection.run(LeaderElection.java:130)
	at java.lang.Thread.run(Thread.java:748)
Caused by: org.apache.ratis.thirdparty.io.grpc.StatusRuntimeException: UNAVAILABLE: io exception
	at org.apache.ratis.thirdparty.io.grpc.stub.ClientCalls.toStatusRuntimeException(ClientCalls.java:233)
	at org.apache.ratis.thirdparty.io.grpc.stub.ClientCalls.getUnchecked(ClientCalls.java:214)
	at org.apache.ratis.thirdparty.io.grpc.stub.ClientCalls.blockingUnaryCall(ClientCalls.java:139)
	at org.apache.ratis.proto.grpc.RaftServerProtocolServiceGrpc$RaftServerProtocolServiceBlockingStub.requestVote(RaftServerProtocolServiceGrpc.java:265)
	at org.apache.ratis.grpc.server.GrpcServerProtocolClient.requestVote(GrpcServerProtocolClient.java:83)
	at org.apache.ratis.grpc.server.GrpcService.requestVote(GrpcService.java:195)
	at org.apache.ratis.server.impl.LeaderElection.lambda$submitRequests$1(LeaderElection.java:237)
	at java.util.concurrent.FutureTask.run(FutureTask.java:266)
	at java.util.concurrent.Executors$RunnableAdapter.call(Executors.java:511)
	at java.util.concurrent.FutureTask.run(FutureTask.java:266)
	at java.util.concurrent.ThreadPoolExecutor.runWorker(ThreadPoolExecutor.java:1149)
	at java.util.concurrent.ThreadPoolExecutor$Worker.run(ThreadPoolExecutor.java:624)
	... 1 more
Caused by: org.apache.ratis.thirdparty.io.netty.channel.AbstractChannel$AnnotatedConnectException: Connection refused: /192.168.157.241:44500
	at sun.nio.ch.SocketChannelImpl.checkConnect(Native Method)
	at sun.nio.ch.SocketChannelImpl.finishConnect(SocketChannelImpl.java:717)
	at org.apache.ratis.thirdparty.io.netty.channel.socket.nio.NioSocketChannel.doFinishConnect(NioSocketChannel.java:327)
	at org.apache.ratis.thirdparty.io.netty.channel.nio.AbstractNioChannel$AbstractNioUnsafe.finishConnect(AbstractNioChannel.java:340)
	at org.apache.ratis.thirdparty.io.netty.channel.nio.NioEventLoop.processSelectedKey(NioEventLoop.java:632)
	at org.apache.ratis.thirdparty.io.netty.channel.nio.NioEventLoop.processSelectedKeysOptimized(NioEventLoop.java:579)
	at org.apache.ratis.thirdparty.io.netty.channel.nio.NioEventLoop.processSelectedKeys(NioEventLoop.java:496)
	at org.apache.ratis.thirdparty.io.netty.channel.nio.NioEventLoop.run(NioEventLoop.java:458)
	at org.apache.ratis.thirdparty.io.netty.util.concurrent.SingleThreadEventExecutor$5.run(SingleThreadEventExecutor.java:897)
	at org.apache.ratis.thirdparty.io.netty.util.concurrent.FastThreadLocalRunnable.run(FastThreadLocalRunnable.java:30)
	... 1 more
Caused by: java.net.ConnectException: Connection refused
	... 11 more
2019-07-16 14:20:10,189 INFO  impl.RaftServerImpl (RaftServerImpl.java:setRole(171)) - ac0feed9-e302-4363-a7c4-23c8743a625e:group-6B1D19F694A8 changes role from CANDIDATE to FOLLOWER at term 11 for DISCOVERED_A_NEW_TERM
2019-07-16 14:20:10,191 INFO  impl.RoleInfo (RoleInfo.java:shutdownLeaderElection(134)) - ac0feed9-e302-4363-a7c4-23c8743a625e: shutdown LeaderElection
2019-07-16 14:20:10,191 INFO  impl.RoleInfo (RoleInfo.java:updateAndGet(143)) - ac0feed9-e302-4363-a7c4-23c8743a625e: start FollowerState
2019-07-16 14:20:10,565 INFO  client.GrpcClientProtocolClient (GrpcClientProtocolClient.java:onNext(255)) - client-7C6737A1C25D->ac0feed9-e302-4363-a7c4-23c8743a625e: receive RaftClientReply:client-7C6737A1C25D->ac0feed9-e302-4363-a7c4-23c8743a625e@group-6B1D19F694A8, cid=22, FAILED org.apache.ratis.protocol.NotLeaderException: Server ac0feed9-e302-4363-a7c4-23c8743a625e is not the leader (null). Request must be sent to leader., logIndex=0, commits[ac0feed9-e302-4363-a7c4-23c8743a625e:c16, 5f1e710f-bd2f-4a4b-9aaf-0bc613871562:c16, 3ebb53ec-7397-4bac-b3b2-fbcfca4f3084:c16]
2019-07-16 14:20:13,595 INFO  client.GrpcClientProtocolClient (GrpcClientProtocolClient.java:onNext(255)) - client-7C6737A1C25D->ac0feed9-e302-4363-a7c4-23c8743a625e: receive RaftClientReply:client-7C6737A1C25D->ac0feed9-e302-4363-a7c4-23c8743a625e@group-6B1D19F694A8, cid=22, FAILED org.apache.ratis.protocol.NotLeaderException: Server ac0feed9-e302-4363-a7c4-23c8743a625e is not the leader (null). Request must be sent to leader., logIndex=0, commits[ac0feed9-e302-4363-a7c4-23c8743a625e:c16, 5f1e710f-bd2f-4a4b-9aaf-0bc613871562:c16, 3ebb53ec-7397-4bac-b3b2-fbcfca4f3084:c16]
2019-07-16 14:20:15,265 INFO  impl.FollowerState (FollowerState.java:run(106)) - ac0feed9-e302-4363-a7c4-23c8743a625e:group-6B1D19F694A8 changes to CANDIDATE, lastRpcTime:5073, electionTimeout:5071ms
2019-07-16 14:20:15,265 INFO  impl.RoleInfo (RoleInfo.java:shutdownFollowerState(121)) - ac0feed9-e302-4363-a7c4-23c8743a625e: shutdown FollowerState
2019-07-16 14:20:15,265 INFO  impl.RaftServerImpl (RaftServerImpl.java:setRole(171)) - ac0feed9-e302-4363-a7c4-23c8743a625e:group-6B1D19F694A8 changes role from FOLLOWER to CANDIDATE at term 11 for changeToCandidate
2019-07-16 14:20:15,265 INFO  impl.RoleInfo (RoleInfo.java:updateAndGet(143)) - ac0feed9-e302-4363-a7c4-23c8743a625e: start LeaderElection
2019-07-16 14:20:15,283 INFO  impl.LeaderElection (LeaderElection.java:askForVotes(181)) - ac0feed9-e302-4363-a7c4-23c8743a625e:group-6B1D19F694A8:LeaderElection24: begin an election at term 12 for 0: [5f1e710f-bd2f-4a4b-9aaf-0bc613871562:192.168.157.241:40087, 3ebb53ec-7397-4bac-b3b2-fbcfca4f3084:192.168.157.241:44500, ac0feed9-e302-4363-a7c4-23c8743a625e:192.168.157.241:32768], old=null
2019-07-16 14:20:15,285 INFO  impl.LeaderElection (LogUtils.java:infoOrTrace(149)) - ac0feed9-e302-4363-a7c4-23c8743a625e:group-6B1D19F694A8:LeaderElection24 got exception when requesting votes: {}
java.util.concurrent.ExecutionException: org.apache.ratis.thirdparty.io.grpc.StatusRuntimeException: UNAVAILABLE: io exception
	at java.util.concurrent.FutureTask.report(FutureTask.java:122)
	at java.util.concurrent.FutureTask.get(FutureTask.java:192)
	at org.apache.ratis.server.impl.LeaderElection.waitForResults(LeaderElection.java:262)
	at org.apache.ratis.server.impl.LeaderElection.askForVotes(LeaderElection.java:200)
	at org.apache.ratis.server.impl.LeaderElection.run(LeaderElection.java:130)
	at java.lang.Thread.run(Thread.java:748)
Caused by: org.apache.ratis.thirdparty.io.grpc.StatusRuntimeException: UNAVAILABLE: io exception
	at org.apache.ratis.thirdparty.io.grpc.stub.ClientCalls.toStatusRuntimeException(ClientCalls.java:233)
	at org.apache.ratis.thirdparty.io.grpc.stub.ClientCalls.getUnchecked(ClientCalls.java:214)
	at org.apache.ratis.thirdparty.io.grpc.stub.ClientCalls.blockingUnaryCall(ClientCalls.java:139)
	at org.apache.ratis.proto.grpc.RaftServerProtocolServiceGrpc$RaftServerProtocolServiceBlockingStub.requestVote(RaftServerProtocolServiceGrpc.java:265)
	at org.apache.ratis.grpc.server.GrpcServerProtocolClient.requestVote(GrpcServerProtocolClient.java:83)
	at org.apache.ratis.grpc.server.GrpcService.requestVote(GrpcService.java:195)
	at org.apache.ratis.server.impl.LeaderElection.lambda$submitRequests$1(LeaderElection.java:237)
	at java.util.concurrent.FutureTask.run(FutureTask.java:266)
	at java.util.concurrent.Executors$RunnableAdapter.call(Executors.java:511)
	at java.util.concurrent.FutureTask.run(FutureTask.java:266)
	at java.util.concurrent.ThreadPoolExecutor.runWorker(ThreadPoolExecutor.java:1149)
	at java.util.concurrent.ThreadPoolExecutor$Worker.run(ThreadPoolExecutor.java:624)
	... 1 more
Caused by: org.apache.ratis.thirdparty.io.netty.channel.AbstractChannel$AnnotatedConnectException: Connection refused: /192.168.157.241:40087
	at sun.nio.ch.SocketChannelImpl.checkConnect(Native Method)
	at sun.nio.ch.SocketChannelImpl.finishConnect(SocketChannelImpl.java:717)
	at org.apache.ratis.thirdparty.io.netty.channel.socket.nio.NioSocketChannel.doFinishConnect(NioSocketChannel.java:327)
	at org.apache.ratis.thirdparty.io.netty.channel.nio.AbstractNioChannel$AbstractNioUnsafe.finishConnect(AbstractNioChannel.java:340)
	at org.apache.ratis.thirdparty.io.netty.channel.nio.NioEventLoop.processSelectedKey(NioEventLoop.java:632)
	at org.apache.ratis.thirdparty.io.netty.channel.nio.NioEventLoop.processSelectedKeysOptimized(NioEventLoop.java:579)
	at org.apache.ratis.thirdparty.io.netty.channel.nio.NioEventLoop.processSelectedKeys(NioEventLoop.java:496)
	at org.apache.ratis.thirdparty.io.netty.channel.nio.NioEventLoop.run(NioEventLoop.java:458)
	at org.apache.ratis.thirdparty.io.netty.util.concurrent.SingleThreadEventExecutor$5.run(SingleThreadEventExecutor.java:897)
	at org.apache.ratis.thirdparty.io.netty.util.concurrent.FastThreadLocalRunnable.run(FastThreadLocalRunnable.java:30)
	... 1 more
Caused by: java.net.ConnectException: Connection refused
	... 11 more
2019-07-16 14:20:15,287 INFO  impl.LeaderElection (LogUtils.java:infoOrTrace(149)) - ac0feed9-e302-4363-a7c4-23c8743a625e:group-6B1D19F694A8:LeaderElection24 got exception when requesting votes: {}
java.util.concurrent.ExecutionException: org.apache.ratis.thirdparty.io.grpc.StatusRuntimeException: UNAVAILABLE: io exception
	at java.util.concurrent.FutureTask.report(FutureTask.java:122)
	at java.util.concurrent.FutureTask.get(FutureTask.java:192)
	at org.apache.ratis.server.impl.LeaderElection.waitForResults(LeaderElection.java:262)
	at org.apache.ratis.server.impl.LeaderElection.askForVotes(LeaderElection.java:200)
	at org.apache.ratis.server.impl.LeaderElection.run(LeaderElection.java:130)
	at java.lang.Thread.run(Thread.java:748)
Caused by: org.apache.ratis.thirdparty.io.grpc.StatusRuntimeException: UNAVAILABLE: io exception
	at org.apache.ratis.thirdparty.io.grpc.stub.ClientCalls.toStatusRuntimeException(ClientCalls.java:233)
	at org.apache.ratis.thirdparty.io.grpc.stub.ClientCalls.getUnchecked(ClientCalls.java:214)
	at org.apache.ratis.thirdparty.io.grpc.stub.ClientCalls.blockingUnaryCall(ClientCalls.java:139)
	at org.apache.ratis.proto.grpc.RaftServerProtocolServiceGrpc$RaftServerProtocolServiceBlockingStub.requestVote(RaftServerProtocolServiceGrpc.java:265)
	at org.apache.ratis.grpc.server.GrpcServerProtocolClient.requestVote(GrpcServerProtocolClient.java:83)
	at org.apache.ratis.grpc.server.GrpcService.requestVote(GrpcService.java:195)
	at org.apache.ratis.server.impl.LeaderElection.lambda$submitRequests$1(LeaderElection.java:237)
	at java.util.concurrent.FutureTask.run(FutureTask.java:266)
	at java.util.concurrent.Executors$RunnableAdapter.call(Executors.java:511)
	at java.util.concurrent.FutureTask.run(FutureTask.java:266)
	at java.util.concurrent.ThreadPoolExecutor.runWorker(ThreadPoolExecutor.java:1149)
	at java.util.concurrent.ThreadPoolExecutor$Worker.run(ThreadPoolExecutor.java:624)
	... 1 more
Caused by: org.apache.ratis.thirdparty.io.netty.channel.AbstractChannel$AnnotatedConnectException: Connection refused: /192.168.157.241:44500
	at sun.nio.ch.SocketChannelImpl.checkConnect(Native Method)
	at sun.nio.ch.SocketChannelImpl.finishConnect(SocketChannelImpl.java:717)
	at org.apache.ratis.thirdparty.io.netty.channel.socket.nio.NioSocketChannel.doFinishConnect(NioSocketChannel.java:327)
	at org.apache.ratis.thirdparty.io.netty.channel.nio.AbstractNioChannel$AbstractNioUnsafe.finishConnect(AbstractNioChannel.java:340)
	at org.apache.ratis.thirdparty.io.netty.channel.nio.NioEventLoop.processSelectedKey(NioEventLoop.java:632)
	at org.apache.ratis.thirdparty.io.netty.channel.nio.NioEventLoop.processSelectedKeysOptimized(NioEventLoop.java:579)
	at org.apache.ratis.thirdparty.io.netty.channel.nio.NioEventLoop.processSelectedKeys(NioEventLoop.java:496)
	at org.apache.ratis.thirdparty.io.netty.channel.nio.NioEventLoop.run(NioEventLoop.java:458)
	at org.apache.ratis.thirdparty.io.netty.util.concurrent.SingleThreadEventExecutor$5.run(SingleThreadEventExecutor.java:897)
	at org.apache.ratis.thirdparty.io.netty.util.concurrent.FastThreadLocalRunnable.run(FastThreadLocalRunnable.java:30)
	... 1 more
Caused by: java.net.ConnectException: Connection refused
	... 11 more
2019-07-16 14:20:15,290 INFO  impl.LeaderElection (LeaderElection.java:logAndReturn(56)) - ac0feed9-e302-4363-a7c4-23c8743a625e:group-6B1D19F694A8:LeaderElection24: Election REJECTED; received 0 response(s) [] and 2 exception(s); ac0feed9-e302-4363-a7c4-23c8743a625e:t12, leader=null, voted=ac0feed9-e302-4363-a7c4-23c8743a625e, raftlog=ac0feed9-e302-4363-a7c4-23c8743a625e-SegmentedRaftLog:OPENED:c16,f16,i16, conf=0: [5f1e710f-bd2f-4a4b-9aaf-0bc613871562:192.168.157.241:40087, 3ebb53ec-7397-4bac-b3b2-fbcfca4f3084:192.168.157.241:44500, ac0feed9-e302-4363-a7c4-23c8743a625e:192.168.157.241:32768], old=null
2019-07-16 14:20:15,290 INFO  impl.LeaderElection (LogUtils.java:infoOrTrace(149)) -   Exception 0: {}
java.util.concurrent.ExecutionException: org.apache.ratis.thirdparty.io.grpc.StatusRuntimeException: UNAVAILABLE: io exception
	at java.util.concurrent.FutureTask.report(FutureTask.java:122)
	at java.util.concurrent.FutureTask.get(FutureTask.java:192)
	at org.apache.ratis.server.impl.LeaderElection.waitForResults(LeaderElection.java:262)
	at org.apache.ratis.server.impl.LeaderElection.askForVotes(LeaderElection.java:200)
	at org.apache.ratis.server.impl.LeaderElection.run(LeaderElection.java:130)
	at java.lang.Thread.run(Thread.java:748)
Caused by: org.apache.ratis.thirdparty.io.grpc.StatusRuntimeException: UNAVAILABLE: io exception
	at org.apache.ratis.thirdparty.io.grpc.stub.ClientCalls.toStatusRuntimeException(ClientCalls.java:233)
	at org.apache.ratis.thirdparty.io.grpc.stub.ClientCalls.getUnchecked(ClientCalls.java:214)
	at org.apache.ratis.thirdparty.io.grpc.stub.ClientCalls.blockingUnaryCall(ClientCalls.java:139)
	at org.apache.ratis.proto.grpc.RaftServerProtocolServiceGrpc$RaftServerProtocolServiceBlockingStub.requestVote(RaftServerProtocolServiceGrpc.java:265)
	at org.apache.ratis.grpc.server.GrpcServerProtocolClient.requestVote(GrpcServerProtocolClient.java:83)
	at org.apache.ratis.grpc.server.GrpcService.requestVote(GrpcService.java:195)
	at org.apache.ratis.server.impl.LeaderElection.lambda$submitRequests$1(LeaderElection.java:237)
	at java.util.concurrent.FutureTask.run(FutureTask.java:266)
	at java.util.concurrent.Executors$RunnableAdapter.call(Executors.java:511)
	at java.util.concurrent.FutureTask.run(FutureTask.java:266)
	at java.util.concurrent.ThreadPoolExecutor.runWorker(ThreadPoolExecutor.java:1149)
	at java.util.concurrent.ThreadPoolExecutor$Worker.run(ThreadPoolExecutor.java:624)
	... 1 more
Caused by: org.apache.ratis.thirdparty.io.netty.channel.AbstractChannel$AnnotatedConnectException: Connection refused: /192.168.157.241:40087
	at sun.nio.ch.SocketChannelImpl.checkConnect(Native Method)
	at sun.nio.ch.SocketChannelImpl.finishConnect(SocketChannelImpl.java:717)
	at org.apache.ratis.thirdparty.io.netty.channel.socket.nio.NioSocketChannel.doFinishConnect(NioSocketChannel.java:327)
	at org.apache.ratis.thirdparty.io.netty.channel.nio.AbstractNioChannel$AbstractNioUnsafe.finishConnect(AbstractNioChannel.java:340)
	at org.apache.ratis.thirdparty.io.netty.channel.nio.NioEventLoop.processSelectedKey(NioEventLoop.java:632)
	at org.apache.ratis.thirdparty.io.netty.channel.nio.NioEventLoop.processSelectedKeysOptimized(NioEventLoop.java:579)
	at org.apache.ratis.thirdparty.io.netty.channel.nio.NioEventLoop.processSelectedKeys(NioEventLoop.java:496)
	at org.apache.ratis.thirdparty.io.netty.channel.nio.NioEventLoop.run(NioEventLoop.java:458)
	at org.apache.ratis.thirdparty.io.netty.util.concurrent.SingleThreadEventExecutor$5.run(SingleThreadEventExecutor.java:897)
	at org.apache.ratis.thirdparty.io.netty.util.concurrent.FastThreadLocalRunnable.run(FastThreadLocalRunnable.java:30)
	... 1 more
Caused by: java.net.ConnectException: Connection refused
	... 11 more
2019-07-16 14:20:15,290 INFO  impl.LeaderElection (LogUtils.java:infoOrTrace(149)) -   Exception 1: {}
java.util.concurrent.ExecutionException: org.apache.ratis.thirdparty.io.grpc.StatusRuntimeException: UNAVAILABLE: io exception
	at java.util.concurrent.FutureTask.report(FutureTask.java:122)
	at java.util.concurrent.FutureTask.get(FutureTask.java:192)
	at org.apache.ratis.server.impl.LeaderElection.waitForResults(LeaderElection.java:262)
	at org.apache.ratis.server.impl.LeaderElection.askForVotes(LeaderElection.java:200)
	at org.apache.ratis.server.impl.LeaderElection.run(LeaderElection.java:130)
	at java.lang.Thread.run(Thread.java:748)
Caused by: org.apache.ratis.thirdparty.io.grpc.StatusRuntimeException: UNAVAILABLE: io exception
	at org.apache.ratis.thirdparty.io.grpc.stub.ClientCalls.toStatusRuntimeException(ClientCalls.java:233)
	at org.apache.ratis.thirdparty.io.grpc.stub.ClientCalls.getUnchecked(ClientCalls.java:214)
	at org.apache.ratis.thirdparty.io.grpc.stub.ClientCalls.blockingUnaryCall(ClientCalls.java:139)
	at org.apache.ratis.proto.grpc.RaftServerProtocolServiceGrpc$RaftServerProtocolServiceBlockingStub.requestVote(RaftServerProtocolServiceGrpc.java:265)
	at org.apache.ratis.grpc.server.GrpcServerProtocolClient.requestVote(GrpcServerProtocolClient.java:83)
	at org.apache.ratis.grpc.server.GrpcService.requestVote(GrpcService.java:195)
	at org.apache.ratis.server.impl.LeaderElection.lambda$submitRequests$1(LeaderElection.java:237)
	at java.util.concurrent.FutureTask.run(FutureTask.java:266)
	at java.util.concurrent.Executors$RunnableAdapter.call(Executors.java:511)
	at java.util.concurrent.FutureTask.run(FutureTask.java:266)
	at java.util.concurrent.ThreadPoolExecutor.runWorker(ThreadPoolExecutor.java:1149)
	at java.util.concurrent.ThreadPoolExecutor$Worker.run(ThreadPoolExecutor.java:624)
	... 1 more
Caused by: org.apache.ratis.thirdparty.io.netty.channel.AbstractChannel$AnnotatedConnectException: Connection refused: /192.168.157.241:44500
	at sun.nio.ch.SocketChannelImpl.checkConnect(Native Method)
	at sun.nio.ch.SocketChannelImpl.finishConnect(SocketChannelImpl.java:717)
	at org.apache.ratis.thirdparty.io.netty.channel.socket.nio.NioSocketChannel.doFinishConnect(NioSocketChannel.java:327)
	at org.apache.ratis.thirdparty.io.netty.channel.nio.AbstractNioChannel$AbstractNioUnsafe.finishConnect(AbstractNioChannel.java:340)
	at org.apache.ratis.thirdparty.io.netty.channel.nio.NioEventLoop.processSelectedKey(NioEventLoop.java:632)
	at org.apache.ratis.thirdparty.io.netty.channel.nio.NioEventLoop.processSelectedKeysOptimized(NioEventLoop.java:579)
	at org.apache.ratis.thirdparty.io.netty.channel.nio.NioEventLoop.processSelectedKeys(NioEventLoop.java:496)
	at org.apache.ratis.thirdparty.io.netty.channel.nio.NioEventLoop.run(NioEventLoop.java:458)
	at org.apache.ratis.thirdparty.io.netty.util.concurrent.SingleThreadEventExecutor$5.run(SingleThreadEventExecutor.java:897)
	at org.apache.ratis.thirdparty.io.netty.util.concurrent.FastThreadLocalRunnable.run(FastThreadLocalRunnable.java:30)
	... 1 more
Caused by: java.net.ConnectException: Connection refused
	... 11 more
2019-07-16 14:20:15,291 INFO  impl.RaftServerImpl (RaftServerImpl.java:setRole(171)) - ac0feed9-e302-4363-a7c4-23c8743a625e:group-6B1D19F694A8 changes role from CANDIDATE to FOLLOWER at term 12 for DISCOVERED_A_NEW_TERM
2019-07-16 14:20:15,293 INFO  impl.RoleInfo (RoleInfo.java:shutdownLeaderElection(134)) - ac0feed9-e302-4363-a7c4-23c8743a625e: shutdown LeaderElection
2019-07-16 14:20:15,293 INFO  impl.RoleInfo (RoleInfo.java:updateAndGet(143)) - ac0feed9-e302-4363-a7c4-23c8743a625e: start FollowerState
2019-07-16 14:20:16,363 WARN  pipeline.RatisPipelineUtils (RatisPipelineUtils.java:destroyPipeline(66)) - Pipeline destroy failed for pipeline=PipelineID=07f1ad3b-23be-45bb-85d8-2c73cf5a981a dn=5f1e710f-bd2f-4a4b-9aaf-0bc613871562{ip: 192.168.157.241, host: trunk-nightly-gllmw-2332419065, networkLocation: /default-rack, certSerialId: null}
2019-07-16 14:20:16,364 INFO  pipeline.PipelineStateManager (PipelineStateManager.java:removePipeline(108)) - Pipeline Pipeline[ Id: 07f1ad3b-23be-45bb-85d8-2c73cf5a981a, Nodes: 5f1e710f-bd2f-4a4b-9aaf-0bc613871562{ip: 192.168.157.241, host: trunk-nightly-gllmw-2332419065, networkLocation: /default-rack, certSerialId: null}, Type:RATIS, Factor:ONE, State:CLOSED] removed from db
2019-07-16 14:20:16,369 WARN  pipeline.RatisPipelineUtils (RatisPipelineUtils.java:destroyPipeline(66)) - Pipeline destroy failed for pipeline=PipelineID=c763fdee-109f-4bd1-ab4f-6b1d19f694a8 dn=5f1e710f-bd2f-4a4b-9aaf-0bc613871562{ip: 192.168.157.241, host: trunk-nightly-gllmw-2332419065, networkLocation: /default-rack, certSerialId: null}
2019-07-16 14:20:16,372 WARN  pipeline.RatisPipelineUtils (RatisPipelineUtils.java:destroyPipeline(66)) - Pipeline destroy failed for pipeline=PipelineID=c763fdee-109f-4bd1-ab4f-6b1d19f694a8 dn=3ebb53ec-7397-4bac-b3b2-fbcfca4f3084{ip: 192.168.157.241, host: trunk-nightly-gllmw-2332419065, networkLocation: /default-rack, certSerialId: null}
2019-07-16 14:20:16,381 INFO  impl.RaftServerProxy (RaftServerProxy.java:remove(95)) - ac0feed9-e302-4363-a7c4-23c8743a625e: remove FOLLOWER group-6B1D19F694A8 ac0feed9-e302-4363-a7c4-23c8743a625e:t12, leader=null, voted=ac0feed9-e302-4363-a7c4-23c8743a625e, raftlog=ac0feed9-e302-4363-a7c4-23c8743a625e-SegmentedRaftLog:OPENED:c16,f16,i16, conf=0: [5f1e710f-bd2f-4a4b-9aaf-0bc613871562:192.168.157.241:40087, 3ebb53ec-7397-4bac-b3b2-fbcfca4f3084:192.168.157.241:44500, ac0feed9-e302-4363-a7c4-23c8743a625e:192.168.157.241:32768], old=null RUNNING
2019-07-16 14:20:16,384 INFO  impl.RaftServerImpl (RaftServerImpl.java:lambda$shutdown$3(245)) - ac0feed9-e302-4363-a7c4-23c8743a625e: shutdown group-6B1D19F694A8
2019-07-16 14:20:16,384 INFO  util.JmxRegister (JmxRegister.java:unregister(73)) - Successfully un-registered JMX Bean with object name Ratis:service=RaftServer,group=group-6B1D19F694A8,id=ac0feed9-e302-4363-a7c4-23c8743a625e
2019-07-16 14:20:16,384 INFO  impl.RoleInfo (RoleInfo.java:shutdownFollowerState(121)) - ac0feed9-e302-4363-a7c4-23c8743a625e: shutdown FollowerState
2019-07-16 14:20:16,385 INFO  impl.StateMachineUpdater (StateMachineUpdater.java:stopAndJoin(115)) - StateMachineUpdater:ac0feed9-e302-4363-a7c4-23c8743a625e:group-6B1D19F694A8: set stopIndex = 16
2019-07-16 14:20:16,385 INFO  impl.FollowerState (FollowerState.java:run(114)) - ac0feed9-e302-4363-a7c4-23c8743a625e: FollowerState was interrupted: java.lang.InterruptedException: sleep interrupted
2019-07-16 14:20:16,385 INFO  ratis.ContainerStateMachine (ContainerStateMachine.java:takeSnapshot(249)) - group-6B1D19F694A8: Taking a snapshot at:(t:1, i:14) file /workdir/hadoop-ozone/integration-test/target/test-dir/MiniOzoneClusterImpl-cb088425-7f45-4d32-b7c7-566bcd4161d2/datanode-2/data/ratis/c763fdee-109f-4bd1-ab4f-6b1d19f694a8/sm/snapshot.1_14
2019-07-16 14:20:16,388 INFO  ratis.ContainerStateMachine (ContainerStateMachine.java:takeSnapshot(257)) - group-6B1D19F694A8: Finished taking a snapshot at:(t:1, i:14) file:/workdir/hadoop-ozone/integration-test/target/test-dir/MiniOzoneClusterImpl-cb088425-7f45-4d32-b7c7-566bcd4161d2/datanode-2/data/ratis/c763fdee-109f-4bd1-ab4f-6b1d19f694a8/sm/snapshot.1_14 time:3
2019-07-16 14:20:16,388 INFO  impl.StateMachineUpdater (StateMachineUpdater.java:takeSnapshot(242)) - StateMachineUpdater:ac0feed9-e302-4363-a7c4-23c8743a625e:group-6B1D19F694A8: Took a snapshot at index 14
2019-07-16 14:20:16,388 INFO  impl.StateMachineUpdater (StateMachineUpdater.java:lambda$new$0(80)) - StateMachineUpdater:ac0feed9-e302-4363-a7c4-23c8743a625e:group-6B1D19F694A8: snapshotIndex: updateIncreasingly -1 -> 14
2019-07-16 14:20:16,389 INFO  impl.RaftServerImpl (ServerState.java:close(394)) - ac0feed9-e302-4363-a7c4-23c8743a625e:group-6B1D19F694A8 closes. The last applied log index is 16
2019-07-16 14:20:16,389 INFO  segmented.SegmentedRaftLogWorker (SegmentedRaftLogWorker.java:run(313)) - ac0feed9-e302-4363-a7c4-23c8743a625e-SegmentedRaftLogWorker:Storage Directory /workdir/hadoop-ozone/integration-test/target/test-dir/MiniOzoneClusterImpl-cb088425-7f45-4d32-b7c7-566bcd4161d2/datanode-2/data/ratis/c763fdee-109f-4bd1-ab4f-6b1d19f694a8 was interrupted, exiting. There are 0 tasks remaining in the queue.
2019-07-16 14:20:16,392 INFO  segmented.SegmentedRaftLogWorker (SegmentedRaftLogWorker.java:close(228)) - ac0feed9-e302-4363-a7c4-23c8743a625e-SegmentedRaftLogWorker:Storage Directory /workdir/hadoop-ozone/integration-test/target/test-dir/MiniOzoneClusterImpl-cb088425-7f45-4d32-b7c7-566bcd4161d2/datanode-2/data/ratis/c763fdee-109f-4bd1-ab4f-6b1d19f694a8 close()
2019-07-16 14:20:16,406 INFO  pipeline.PipelineStateManager (PipelineStateManager.java:removePipeline(108)) - Pipeline Pipeline[ Id: c763fdee-109f-4bd1-ab4f-6b1d19f694a8, Nodes: 5f1e710f-bd2f-4a4b-9aaf-0bc613871562{ip: 192.168.157.241, host: trunk-nightly-gllmw-2332419065, networkLocation: /default-rack, certSerialId: null}3ebb53ec-7397-4bac-b3b2-fbcfca4f3084{ip: 192.168.157.241, host: trunk-nightly-gllmw-2332419065, networkLocation: /default-rack, certSerialId: null}ac0feed9-e302-4363-a7c4-23c8743a625e{ip: 192.168.157.241, host: trunk-nightly-gllmw-2332419065, networkLocation: /default-rack, certSerialId: null}, Type:RATIS, Factor:THREE, State:CLOSED] removed from db
2019-07-16 14:20:18,684 WARN  io.KeyOutputStream (KeyOutputStream.java:handleException(276)) - Encountered exception java.io.IOException: Unexpected Storage Container Exception: java.util.concurrent.CompletionException: java.util.concurrent.CompletionException: org.apache.ratis.protocol.GroupMismatchException: ac0feed9-e302-4363-a7c4-23c8743a625e: group-6B1D19F694A8 not found. on the pipeline Pipeline[ Id: c763fdee-109f-4bd1-ab4f-6b1d19f694a8, Nodes: 5f1e710f-bd2f-4a4b-9aaf-0bc613871562{ip: 192.168.157.241, host: trunk-nightly-gllmw-2332419065, networkLocation: /default-rack, certSerialId: null}3ebb53ec-7397-4bac-b3b2-fbcfca4f3084{ip: 192.168.157.241, host: trunk-nightly-gllmw-2332419065, networkLocation: /default-rack, certSerialId: null}ac0feed9-e302-4363-a7c4-23c8743a625e{ip: 192.168.157.241, host: trunk-nightly-gllmw-2332419065, networkLocation: /default-rack, certSerialId: null}, Type:RATIS, Factor:THREE, State:OPEN]. The last committed block length is 450, uncommitted data length is 350 retry count 0
2019-07-16 14:20:18,742 INFO  client.GrpcClientProtocolClient (GrpcClientProtocolClient.java:onNext(255)) - client-F32641E2B614->41a75491-aacd-4dd0-a479-c7db72b1906a: receive RaftClientReply:client-F32641E2B614->41a75491-aacd-4dd0-a479-c7db72b1906a@group-27E3A1668701, cid=32, FAILED org.apache.ratis.protocol.NotLeaderException: Server 41a75491-aacd-4dd0-a479-c7db72b1906a is not the leader (565c8e87-23b4-4af4-b74a-93bf622f1a75:192.168.157.241:38956). Request must be sent to leader., logIndex=0, commits[41a75491-aacd-4dd0-a479-c7db72b1906a:c0, 565c8e87-23b4-4af4-b74a-93bf622f1a75:c0, 4c1df8d4-3768-4646-97ca-74441804a018:c0]
2019-07-16 14:20:18,881 INFO  client.GrpcClientProtocolClient (GrpcClientProtocolClient.java:onNext(255)) - client-F32641E2B614->565c8e87-23b4-4af4-b74a-93bf622f1a75: receive RaftClientReply:client-F32641E2B614->565c8e87-23b4-4af4-b74a-93bf622f1a75@group-27E3A1668701, cid=32, SUCCESS, logIndex=1, commits[565c8e87-23b4-4af4-b74a-93bf622f1a75:c1, 41a75491-aacd-4dd0-a479-c7db72b1906a:c0, 4c1df8d4-3768-4646-97ca-74441804a018:c0]
2019-07-16 14:20:18,912 INFO  client.GrpcClientProtocolClient (GrpcClientProtocolClient.java:onNext(255)) - client-F32641E2B614->565c8e87-23b4-4af4-b74a-93bf622f1a75: receive RaftClientReply:client-F32641E2B614->565c8e87-23b4-4af4-b74a-93bf622f1a75@group-27E3A1668701, cid=33, SUCCESS, logIndex=3, commits[565c8e87-23b4-4af4-b74a-93bf622f1a75:c4, 41a75491-aacd-4dd0-a479-c7db72b1906a:c2, 4c1df8d4-3768-4646-97ca-74441804a018:c2]
2019-07-16 14:20:18,964 INFO  client.GrpcClientProtocolClient (GrpcClientProtocolClient.java:onNext(255)) - client-F32641E2B614->565c8e87-23b4-4af4-b74a-93bf622f1a75: receive RaftClientReply:client-F32641E2B614->565c8e87-23b4-4af4-b74a-93bf622f1a75@group-27E3A1668701, cid=34, SUCCESS, logIndex=4, commits[565c8e87-23b4-4af4-b74a-93bf622f1a75:c12, 41a75491-aacd-4dd0-a479-c7db72b1906a:c7, 4c1df8d4-3768-4646-97ca-74441804a018:c7]
2019-07-16 14:20:18,967 INFO  client.GrpcClientProtocolClient (GrpcClientProtocolClient.java:onNext(255)) - client-F32641E2B614->565c8e87-23b4-4af4-b74a-93bf622f1a75: receive RaftClientReply:client-F32641E2B614->565c8e87-23b4-4af4-b74a-93bf622f1a75@group-27E3A1668701, cid=35, SUCCESS, logIndex=5, commits[565c8e87-23b4-4af4-b74a-93bf622f1a75:c12, 41a75491-aacd-4dd0-a479-c7db72b1906a:c7, 4c1df8d4-3768-4646-97ca-74441804a018:c7]
2019-07-16 14:20:18,968 INFO  client.GrpcClientProtocolClient (GrpcClientProtocolClient.java:onNext(255)) - client-F32641E2B614->565c8e87-23b4-4af4-b74a-93bf622f1a75: receive RaftClientReply:client-F32641E2B614->565c8e87-23b4-4af4-b74a-93bf622f1a75@group-27E3A1668701, cid=36, SUCCESS, logIndex=6, commits[565c8e87-23b4-4af4-b74a-93bf622f1a75:c12, 41a75491-aacd-4dd0-a479-c7db72b1906a:c7, 4c1df8d4-3768-4646-97ca-74441804a018:c7]
2019-07-16 14:20:19,011 INFO  client.GrpcClientProtocolClient (GrpcClientProtocolClient.java:onNext(255)) - client-F32641E2B614->565c8e87-23b4-4af4-b74a-93bf622f1a75: receive RaftClientReply:client-F32641E2B614->565c8e87-23b4-4af4-b74a-93bf622f1a75@group-27E3A1668701, cid=37, SUCCESS, logIndex=7, commits[565c8e87-23b4-4af4-b74a-93bf622f1a75:c12, 41a75491-aacd-4dd0-a479-c7db72b1906a:c7, 4c1df8d4-3768-4646-97ca-74441804a018:c7]
2019-07-16 14:20:19,026 INFO  client.GrpcClientProtocolClient (GrpcClientProtocolClient.java:onNext(255)) - client-F32641E2B614->565c8e87-23b4-4af4-b74a-93bf622f1a75: receive RaftClientReply:client-F32641E2B614->565c8e87-23b4-4af4-b74a-93bf622f1a75@group-27E3A1668701, cid=38, SUCCESS, logIndex=13, commits[565c8e87-23b4-4af4-b74a-93bf622f1a75:c14, 41a75491-aacd-4dd0-a479-c7db72b1906a:c12, 4c1df8d4-3768-4646-97ca-74441804a018:c7]
2019-07-16 14:20:19,027 INFO  client.GrpcClientProtocolClient (GrpcClientProtocolClient.java:onNext(255)) - client-F32641E2B614->565c8e87-23b4-4af4-b74a-93bf622f1a75: receive RaftClientReply:client-F32641E2B614->565c8e87-23b4-4af4-b74a-93bf622f1a75@group-27E3A1668701, cid=39, SUCCESS, logIndex=14, commits[565c8e87-23b4-4af4-b74a-93bf622f1a75:c14, 41a75491-aacd-4dd0-a479-c7db72b1906a:c12, 4c1df8d4-3768-4646-97ca-74441804a018:c12]
2019-07-16 14:20:19,037 INFO  client.GrpcClientProtocolClient (GrpcClientProtocolClient.java:onNext(255)) - client-F32641E2B614->565c8e87-23b4-4af4-b74a-93bf622f1a75: receive RaftClientReply:client-F32641E2B614->565c8e87-23b4-4af4-b74a-93bf622f1a75@group-27E3A1668701, cid=40, SUCCESS, logIndex=0, commits[565c8e87-23b4-4af4-b74a-93bf622f1a75:c16, 41a75491-aacd-4dd0-a479-c7db72b1906a:c14, 4c1df8d4-3768-4646-97ca-74441804a018:c14]
2019-07-16 14:20:19,106 INFO  pipeline.Pipeline (Pipeline.java:getProtobufMessage(195)) - Serialize pipeline PipelineID=e8083c75-2cae-40d7-8bc0-27e3a1668701 with nodesInOrder{ }
2019-07-16 14:20:19,107 INFO  pipeline.Pipeline (Pipeline.java:build(342)) - Deserialize nodesInOrder [4c1df8d4-3768-4646-97ca-74441804a018{ip: 192.168.157.241, host: trunk-nightly-gllmw-2332419065, networkLocation: /default-rack, certSerialId: null}, 4c1df8d4-3768-4646-97ca-74441804a018{ip: 192.168.157.241, host: trunk-nightly-gllmw-2332419065, networkLocation: /default-rack, certSerialId: null}, 4c1df8d4-3768-4646-97ca-74441804a018{ip: 192.168.157.241, host: trunk-nightly-gllmw-2332419065, networkLocation: /default-rack, certSerialId: null}] in pipeline PipelineID=e8083c75-2cae-40d7-8bc0-27e3a1668701
2019-07-16 14:20:19,115 INFO  ozone.MiniOzoneClusterImpl (MiniOzoneClusterImpl.java:shutdown(321)) - Shutting down the Mini Ozone Cluster
2019-07-16 14:20:19,115 INFO  ozone.MiniOzoneClusterImpl (MiniOzoneClusterImpl.java:stop(336)) - Stopping the Mini Ozone Cluster
2019-07-16 14:20:19,115 INFO  ozone.MiniOzoneClusterImpl (MiniOzoneClusterImpl.java:stop(338)) - Stopping the OzoneManager
2019-07-16 14:20:19,116 INFO  ipc.Server (Server.java:stop(3082)) - Stopping server on 38576
2019-07-16 14:20:19,138 INFO  ipc.Server (Server.java:run(1185)) - Stopping IPC Server listener on 38576
2019-07-16 14:20:19,141 INFO  utils.BackgroundService (BackgroundService.java:shutdown(148)) - Shutting down service KeyDeletingService
2019-07-16 14:20:19,143 INFO  ipc.Server (Server.java:run(1319)) - Stopping IPC Server Responder
2019-07-16 14:20:19,167 INFO  handler.ContextHandler (ContextHandler.java:doStop(910)) - Stopped o.e.j.w.WebAppContext@1b9c1b51{/,null,UNAVAILABLE}{/ozoneManager}
2019-07-16 14:20:19,169 INFO  server.AbstractConnector (AbstractConnector.java:doStop(318)) - Stopped ServerConnector@2e52fb3e{HTTP/1.1,[http/1.1]}{0.0.0.0:0}
2019-07-16 14:20:19,169 INFO  handler.ContextHandler (ContextHandler.java:doStop(910)) - Stopped o.e.j.s.ServletContextHandler@35c09b94{/static,file:///workdir/hadoop-ozone/integration-test/target/test-classes/webapps/static,UNAVAILABLE}
2019-07-16 14:20:19,170 INFO  handler.ContextHandler (ContextHandler.java:doStop(910)) - Stopped o.e.j.s.ServletContextHandler@6ac97b84{/logs,file:///workdir/hadoop-ozone/integration-test/target/log,UNAVAILABLE}
2019-07-16 14:20:19,185 INFO  ozone.MiniOzoneClusterImpl (MiniOzoneClusterImpl.java:stop(344)) - Shutting the HddsDatanodes
2019-07-16 14:20:19,186 INFO  datanode.ObjectStoreHandler (ObjectStoreHandler.java:close(155)) - Closing ObjectStoreHandler.
2019-07-16 14:20:19,186 INFO  datanode.ObjectStoreHandler (ObjectStoreHandler.java:close(155)) - Closing ObjectStoreHandler.
2019-07-16 14:20:19,188 INFO  ozone.HddsDatanodeService (HddsDatanodeService.java:stop(452)) - Stopped plug-in org.apache.hadoop.ozone.web.OzoneHddsDatanodeService@372f0a99
2019-07-16 14:20:19,189 INFO  ozone.HddsDatanodeService (HddsDatanodeService.java:stop(452)) - Stopped plug-in org.apache.hadoop.ozone.web.OzoneHddsDatanodeService@7c96c85
2019-07-16 14:20:19,855 INFO  statemachine.DatanodeStateMachine (DatanodeStateMachine.java:lambda$startDaemon$0(350)) - Ozone container server started.
2019-07-16 14:20:19,856 INFO  statemachine.DatanodeStateMachine (DatanodeStateMachine.java:lambda$startDaemon$0(350)) - Ozone container server started.
2019-07-16 14:20:21,261 WARN  pipeline.RatisPipelineUtils (RatisPipelineUtils.java:destroyPipeline(66)) - Pipeline destroy failed for pipeline=PipelineID=103f506b-722a-4f84-a918-a92b5205603f dn=3ebb53ec-7397-4bac-b3b2-fbcfca4f3084{ip: 192.168.157.241, host: trunk-nightly-gllmw-2332419065, networkLocation: /default-rack, certSerialId: null}
2019-07-16 14:20:21,262 INFO  pipeline.PipelineStateManager (PipelineStateManager.java:removePipeline(108)) - Pipeline Pipeline[ Id: 103f506b-722a-4f84-a918-a92b5205603f, Nodes: 3ebb53ec-7397-4bac-b3b2-fbcfca4f3084{ip: 192.168.157.241, host: trunk-nightly-gllmw-2332419065, networkLocation: /default-rack, certSerialId: null}, Type:RATIS, Factor:ONE, State:CLOSED] removed from db
2019-07-16 14:20:21,270 WARN  pipeline.RatisPipelineUtils (RatisPipelineUtils.java:destroyPipeline(66)) - Pipeline destroy failed for pipeline=PipelineID=c763fdee-109f-4bd1-ab4f-6b1d19f694a8 dn=5f1e710f-bd2f-4a4b-9aaf-0bc613871562{ip: 192.168.157.241, host: trunk-nightly-gllmw-2332419065, networkLocation: /default-rack, certSerialId: null}
2019-07-16 14:20:21,274 WARN  pipeline.RatisPipelineUtils (RatisPipelineUtils.java:destroyPipeline(66)) - Pipeline destroy failed for pipeline=PipelineID=c763fdee-109f-4bd1-ab4f-6b1d19f694a8 dn=3ebb53ec-7397-4bac-b3b2-fbcfca4f3084{ip: 192.168.157.241, host: trunk-nightly-gllmw-2332419065, networkLocation: /default-rack, certSerialId: null}
2019-07-16 14:20:21,283 INFO  impl.RaftServerProxy (RaftServerProxy.java:remove(95)) - ac0feed9-e302-4363-a7c4-23c8743a625e: remove group-6B1D19F694A8:null
2019-07-16 14:20:21,296 WARN  pipeline.RatisPipelineUtils (RatisPipelineUtils.java:destroyPipeline(66)) - Pipeline destroy failed for pipeline=PipelineID=c763fdee-109f-4bd1-ab4f-6b1d19f694a8 dn=ac0feed9-e302-4363-a7c4-23c8743a625e{ip: 192.168.157.241, host: trunk-nightly-gllmw-2332419065, networkLocation: /default-rack, certSerialId: null}
2019-07-16 14:20:21,297 ERROR pipeline.SCMPipelineManager (Scheduler.java:lambda$schedule$1(70)) - Destroy pipeline failed for pipeline:Pipeline[ Id: c763fdee-109f-4bd1-ab4f-6b1d19f694a8, Nodes: 5f1e710f-bd2f-4a4b-9aaf-0bc613871562{ip: 192.168.157.241, host: trunk-nightly-gllmw-2332419065, networkLocation: /default-rack, certSerialId: null}3ebb53ec-7397-4bac-b3b2-fbcfca4f3084{ip: 192.168.157.241, host: trunk-nightly-gllmw-2332419065, networkLocation: /default-rack, certSerialId: null}ac0feed9-e302-4363-a7c4-23c8743a625e{ip: 192.168.157.241, host: trunk-nightly-gllmw-2332419065, networkLocation: /default-rack, certSerialId: null}, Type:RATIS, Factor:THREE, State:CLOSED]
org.apache.hadoop.hdds.scm.pipeline.PipelineNotFoundException: PipelineID=c763fdee-109f-4bd1-ab4f-6b1d19f694a8 not found
	at org.apache.hadoop.hdds.scm.pipeline.PipelineStateMap.getPipeline(PipelineStateMap.java:132)
	at org.apache.hadoop.hdds.scm.pipeline.PipelineStateMap.removePipeline(PipelineStateMap.java:322)
	at org.apache.hadoop.hdds.scm.pipeline.PipelineStateManager.removePipeline(PipelineStateManager.java:107)
	at org.apache.hadoop.hdds.scm.pipeline.SCMPipelineManager.removePipeline(SCMPipelineManager.java:397)
	at org.apache.hadoop.hdds.scm.pipeline.SCMPipelineManager.destroyPipeline(SCMPipelineManager.java:383)
	at org.apache.hadoop.hdds.scm.pipeline.SCMPipelineManager.lambda$finalizeAndDestroyPipeline$0(SCMPipelineManager.java:316)
	at org.apache.hadoop.utils.Scheduler.lambda$schedule$1(Scheduler.java:68)
	at java.util.concurrent.Executors$RunnableAdapter.call(Executors.java:511)
	at java.util.concurrent.FutureTask.run(FutureTask.java:266)
	at java.util.concurrent.ScheduledThreadPoolExecutor$ScheduledFutureTask.access$201(ScheduledThreadPoolExecutor.java:180)
	at java.util.concurrent.ScheduledThreadPoolExecutor$ScheduledFutureTask.run(ScheduledThreadPoolExecutor.java:293)
	at java.util.concurrent.ThreadPoolExecutor.runWorker(ThreadPoolExecutor.java:1149)
	at java.util.concurrent.ThreadPoolExecutor$Worker.run(ThreadPoolExecutor.java:624)
	at java.lang.Thread.run(Thread.java:748)
2019-07-16 14:20:23,880 INFO  node.StaleNodeHandler (StaleNodeHandler.java:onMessage(58)) - Datanode 41a75491-aacd-4dd0-a479-c7db72b1906a{ip: 192.168.157.241, host: trunk-nightly-gllmw-2332419065, networkLocation: /default-rack, certSerialId: null} moved to stale state. Finalizing its pipelines [PipelineID=1f218db3-13e0-465c-9e80-1314452105fb, PipelineID=e8083c75-2cae-40d7-8bc0-27e3a1668701]
2019-07-16 14:20:23,880 INFO  pipeline.SCMPipelineManager (SCMPipelineManager.java:finalizeAndDestroyPipeline(309)) - destroying pipeline:Pipeline[ Id: 1f218db3-13e0-465c-9e80-1314452105fb, Nodes: 41a75491-aacd-4dd0-a479-c7db72b1906a{ip: 192.168.157.241, host: trunk-nightly-gllmw-2332419065, networkLocation: /default-rack, certSerialId: null}, Type:RATIS, Factor:ONE, State:OPEN]
2019-07-16 14:20:23,881 INFO  pipeline.PipelineStateManager (PipelineStateManager.java:finalizePipeline(123)) - Pipeline Pipeline[ Id: 1f218db3-13e0-465c-9e80-1314452105fb, Nodes: 41a75491-aacd-4dd0-a479-c7db72b1906a{ip: 192.168.157.241, host: trunk-nightly-gllmw-2332419065, networkLocation: /default-rack, certSerialId: null}, Type:RATIS, Factor:ONE, State:CLOSED] moved to CLOSED state
2019-07-16 14:20:23,881 INFO  pipeline.SCMPipelineManager (SCMPipelineManager.java:finalizeAndDestroyPipeline(309)) - destroying pipeline:Pipeline[ Id: e8083c75-2cae-40d7-8bc0-27e3a1668701, Nodes: 41a75491-aacd-4dd0-a479-c7db72b1906a{ip: 192.168.157.241, host: trunk-nightly-gllmw-2332419065, networkLocation: /default-rack, certSerialId: null}565c8e87-23b4-4af4-b74a-93bf622f1a75{ip: 192.168.157.241, host: trunk-nightly-gllmw-2332419065, networkLocation: /default-rack, certSerialId: null}4c1df8d4-3768-4646-97ca-74441804a018{ip: 192.168.157.241, host: trunk-nightly-gllmw-2332419065, networkLocation: /default-rack, certSerialId: null}, Type:RATIS, Factor:THREE, State:OPEN]
2019-07-16 14:20:23,882 INFO  pipeline.PipelineStateManager (PipelineStateManager.java:finalizePipeline(123)) - Pipeline Pipeline[ Id: e8083c75-2cae-40d7-8bc0-27e3a1668701, Nodes: 41a75491-aacd-4dd0-a479-c7db72b1906a{ip: 192.168.157.241, host: trunk-nightly-gllmw-2332419065, networkLocation: /default-rack, certSerialId: null}565c8e87-23b4-4af4-b74a-93bf622f1a75{ip: 192.168.157.241, host: trunk-nightly-gllmw-2332419065, networkLocation: /default-rack, certSerialId: null}4c1df8d4-3768-4646-97ca-74441804a018{ip: 192.168.157.241, host: trunk-nightly-gllmw-2332419065, networkLocation: /default-rack, certSerialId: null}, Type:RATIS, Factor:THREE, State:CLOSED] moved to CLOSED state
2019-07-16 14:20:23,882 INFO  node.StaleNodeHandler (StaleNodeHandler.java:onMessage(58)) - Datanode 565c8e87-23b4-4af4-b74a-93bf622f1a75{ip: 192.168.157.241, host: trunk-nightly-gllmw-2332419065, networkLocation: /default-rack, certSerialId: null} moved to stale state. Finalizing its pipelines [PipelineID=e8083c75-2cae-40d7-8bc0-27e3a1668701, PipelineID=7920c86b-c65f-439d-9da5-e45cff088b2f]
2019-07-16 14:20:23,882 INFO  container.CloseContainerEventHandler (CloseContainerEventHandler.java:onMessage(61)) - Close container Event triggered for container : #2
2019-07-16 14:20:23,882 INFO  pipeline.SCMPipelineManager (SCMPipelineManager.java:finalizeAndDestroyPipeline(309)) - destroying pipeline:Pipeline[ Id: e8083c75-2cae-40d7-8bc0-27e3a1668701, Nodes: 41a75491-aacd-4dd0-a479-c7db72b1906a{ip: 192.168.157.241, host: trunk-nightly-gllmw-2332419065, networkLocation: /default-rack, certSerialId: null}565c8e87-23b4-4af4-b74a-93bf622f1a75{ip: 192.168.157.241, host: trunk-nightly-gllmw-2332419065, networkLocation: /default-rack, certSerialId: null}4c1df8d4-3768-4646-97ca-74441804a018{ip: 192.168.157.241, host: trunk-nightly-gllmw-2332419065, networkLocation: /default-rack, certSerialId: null}, Type:RATIS, Factor:THREE, State:CLOSED]
2019-07-16 14:20:23,883 INFO  pipeline.SCMPipelineManager (SCMPipelineManager.java:finalizeAndDestroyPipeline(309)) - destroying pipeline:Pipeline[ Id: 7920c86b-c65f-439d-9da5-e45cff088b2f, Nodes: 565c8e87-23b4-4af4-b74a-93bf622f1a75{ip: 192.168.157.241, host: trunk-nightly-gllmw-2332419065, networkLocation: /default-rack, certSerialId: null}, Type:RATIS, Factor:ONE, State:OPEN]
2019-07-16 14:20:23,883 INFO  pipeline.PipelineStateManager (PipelineStateManager.java:finalizePipeline(123)) - Pipeline Pipeline[ Id: 7920c86b-c65f-439d-9da5-e45cff088b2f, Nodes: 565c8e87-23b4-4af4-b74a-93bf622f1a75{ip: 192.168.157.241, host: trunk-nightly-gllmw-2332419065, networkLocation: /default-rack, certSerialId: null}, Type:RATIS, Factor:ONE, State:CLOSED] moved to CLOSED state
2019-07-16 14:20:23,884 INFO  container.CloseContainerEventHandler (CloseContainerEventHandler.java:onMessage(61)) - Close container Event triggered for container : #2
2019-07-16 14:20:24,192 INFO  ozoneimpl.OzoneContainer (OzoneContainer.java:stop(199)) - Attempting to stop container services.
2019-07-16 14:20:24,192 INFO  ozoneimpl.OzoneContainer (OzoneContainer.java:stop(199)) - Attempting to stop container services.
2019-07-16 14:20:24,193 INFO  impl.RaftServerProxy (RaftServerProxy.java:lambda$close$4(314)) - 41a75491-aacd-4dd0-a479-c7db72b1906a: close
2019-07-16 14:20:24,194 INFO  impl.RaftServerProxy (RaftServerProxy.java:lambda$close$4(314)) - 565c8e87-23b4-4af4-b74a-93bf622f1a75: close
2019-07-16 14:20:24,194 INFO  impl.RaftServerImpl (RaftServerImpl.java:lambda$shutdown$3(245)) - 41a75491-aacd-4dd0-a479-c7db72b1906a: shutdown group-1314452105FB
2019-07-16 14:20:24,194 INFO  impl.RaftServerImpl (RaftServerImpl.java:lambda$shutdown$3(245)) - 565c8e87-23b4-4af4-b74a-93bf622f1a75: shutdown group-27E3A1668701
2019-07-16 14:20:24,194 INFO  util.JmxRegister (JmxRegister.java:unregister(73)) - Successfully un-registered JMX Bean with object name Ratis:service=RaftServer,group=group-1314452105FB,id=41a75491-aacd-4dd0-a479-c7db72b1906a
2019-07-16 14:20:24,195 INFO  util.JmxRegister (JmxRegister.java:unregister(73)) - Successfully un-registered JMX Bean with object name Ratis:service=RaftServer,group=group-27E3A1668701,id=565c8e87-23b4-4af4-b74a-93bf622f1a75
2019-07-16 14:20:24,195 INFO  impl.RoleInfo (RoleInfo.java:shutdownLeaderState(104)) - 41a75491-aacd-4dd0-a479-c7db72b1906a: shutdown LeaderState
2019-07-16 14:20:24,195 INFO  impl.RoleInfo (RoleInfo.java:shutdownLeaderState(104)) - 565c8e87-23b4-4af4-b74a-93bf622f1a75: shutdown LeaderState
2019-07-16 14:20:24,196 INFO  impl.PendingRequests (PendingRequests.java:sendNotLeaderResponses(202)) - 41a75491-aacd-4dd0-a479-c7db72b1906a-PendingRequests: sendNotLeaderResponses
2019-07-16 14:20:24,201 WARN  server.GrpcLogAppender (GrpcLogAppender.java:mayWait(143)) - GrpcLogAppender(565c8e87-23b4-4af4-b74a-93bf622f1a75->4c1df8d4-3768-4646-97ca-74441804a018): Wait interrupted by java.lang.InterruptedException
2019-07-16 14:20:24,201 WARN  server.GrpcLogAppender (GrpcLogAppender.java:mayWait(143)) - GrpcLogAppender(565c8e87-23b4-4af4-b74a-93bf622f1a75->41a75491-aacd-4dd0-a479-c7db72b1906a): Wait interrupted by java.lang.InterruptedException
2019-07-16 14:20:24,201 INFO  impl.PendingRequests (PendingRequests.java:sendNotLeaderResponses(202)) - 565c8e87-23b4-4af4-b74a-93bf622f1a75-PendingRequests: sendNotLeaderResponses
2019-07-16 14:20:24,201 INFO  impl.StateMachineUpdater (StateMachineUpdater.java:stopAndJoin(115)) - StateMachineUpdater:41a75491-aacd-4dd0-a479-c7db72b1906a:group-1314452105FB: set stopIndex = 0
2019-07-16 14:20:24,202 INFO  server.GrpcServerProtocolService (GrpcServerProtocolService.java:onCompleted(104)) - 4c1df8d4-3768-4646-97ca-74441804a018: appendEntries completed
2019-07-16 14:20:24,202 INFO  server.GrpcServerProtocolService (GrpcServerProtocolService.java:onCompleted(104)) - 41a75491-aacd-4dd0-a479-c7db72b1906a: appendEntries completed
2019-07-16 14:20:24,208 INFO  ratis.ContainerStateMachine (ContainerStateMachine.java:takeSnapshot(249)) - group-27E3A1668701: Taking a snapshot at:(t:2, i:14) file /workdir/hadoop-ozone/integration-test/target/test-dir/MiniOzoneClusterImpl-cb088425-7f45-4d32-b7c7-566bcd4161d2/datanode-3/data/ratis/e8083c75-2cae-40d7-8bc0-27e3a1668701/sm/snapshot.2_14
2019-07-16 14:20:24,208 INFO  impl.StateMachineUpdater (StateMachineUpdater.java:stopAndJoin(115)) - StateMachineUpdater:565c8e87-23b4-4af4-b74a-93bf622f1a75:group-27E3A1668701: set stopIndex = 16
2019-07-16 14:20:24,206 INFO  impl.RaftServerImpl (ServerState.java:close(394)) - 41a75491-aacd-4dd0-a479-c7db72b1906a:group-1314452105FB closes. The last applied log index is 0
2019-07-16 14:20:24,213 INFO  server.GrpcLogAppender (GrpcLogAppender.java:onCompleted(292)) - 565c8e87-23b4-4af4-b74a-93bf622f1a75->41a75491-aacd-4dd0-a479-c7db72b1906a: follower responses appendEntries COMPLETED
2019-07-16 14:20:24,211 INFO  server.GrpcLogAppender (GrpcLogAppender.java:onCompleted(292)) - 565c8e87-23b4-4af4-b74a-93bf622f1a75->4c1df8d4-3768-4646-97ca-74441804a018: follower responses appendEntries COMPLETED
2019-07-16 14:20:24,213 INFO  impl.FollowerInfo (FollowerInfo.java:lambda$new$0(50)) - 565c8e87-23b4-4af4-b74a-93bf622f1a75->41a75491-aacd-4dd0-a479-c7db72b1906a: nextIndex: updateUnconditionally 17 -> 16
2019-07-16 14:20:24,213 INFO  segmented.SegmentedRaftLogWorker (SegmentedRaftLogWorker.java:run(313)) - 41a75491-aacd-4dd0-a479-c7db72b1906a-SegmentedRaftLogWorker:Storage Directory /workdir/hadoop-ozone/integration-test/target/test-dir/MiniOzoneClusterImpl-cb088425-7f45-4d32-b7c7-566bcd4161d2/datanode-1/data/ratis/1f218db3-13e0-465c-9e80-1314452105fb was interrupted, exiting. There are 0 tasks remaining in the queue.
2019-07-16 14:20:24,214 INFO  impl.FollowerInfo (FollowerInfo.java:lambda$new$0(50)) - 565c8e87-23b4-4af4-b74a-93bf622f1a75->4c1df8d4-3768-4646-97ca-74441804a018: nextIndex: updateUnconditionally 17 -> 16
2019-07-16 14:20:24,219 INFO  segmented.SegmentedRaftLogWorker (SegmentedRaftLogWorker.java:close(228)) - 41a75491-aacd-4dd0-a479-c7db72b1906a-SegmentedRaftLogWorker:Storage Directory /workdir/hadoop-ozone/integration-test/target/test-dir/MiniOzoneClusterImpl-cb088425-7f45-4d32-b7c7-566bcd4161d2/datanode-1/data/ratis/1f218db3-13e0-465c-9e80-1314452105fb close()
2019-07-16 14:20:24,219 INFO  ratis.ContainerStateMachine (ContainerStateMachine.java:takeSnapshot(257)) - group-27E3A1668701: Finished taking a snapshot at:(t:2, i:14) file:/workdir/hadoop-ozone/integration-test/target/test-dir/MiniOzoneClusterImpl-cb088425-7f45-4d32-b7c7-566bcd4161d2/datanode-3/data/ratis/e8083c75-2cae-40d7-8bc0-27e3a1668701/sm/snapshot.2_14 time:10
2019-07-16 14:20:24,223 INFO  impl.StateMachineUpdater (StateMachineUpdater.java:takeSnapshot(242)) - StateMachineUpdater:565c8e87-23b4-4af4-b74a-93bf622f1a75:group-27E3A1668701: Took a snapshot at index 14
2019-07-16 14:20:24,223 INFO  impl.RaftServerImpl (RaftServerImpl.java:lambda$shutdown$3(245)) - 41a75491-aacd-4dd0-a479-c7db72b1906a: shutdown group-27E3A1668701
2019-07-16 14:20:24,223 INFO  impl.StateMachineUpdater (StateMachineUpdater.java:lambda$new$0(80)) - StateMachineUpdater:565c8e87-23b4-4af4-b74a-93bf622f1a75:group-27E3A1668701: snapshotIndex: updateIncreasingly -1 -> 14
2019-07-16 14:20:24,223 INFO  util.JmxRegister (JmxRegister.java:unregister(73)) - Successfully un-registered JMX Bean with object name Ratis:service=RaftServer,group=group-27E3A1668701,id=41a75491-aacd-4dd0-a479-c7db72b1906a
2019-07-16 14:20:24,223 INFO  impl.RaftServerImpl (ServerState.java:close(394)) - 565c8e87-23b4-4af4-b74a-93bf622f1a75:group-27E3A1668701 closes. The last applied log index is 16
2019-07-16 14:20:24,223 INFO  impl.RoleInfo (RoleInfo.java:shutdownFollowerState(121)) - 41a75491-aacd-4dd0-a479-c7db72b1906a: shutdown FollowerState
2019-07-16 14:20:24,224 INFO  segmented.SegmentedRaftLogWorker (SegmentedRaftLogWorker.java:run(313)) - 565c8e87-23b4-4af4-b74a-93bf622f1a75-SegmentedRaftLogWorker:Storage Directory /workdir/hadoop-ozone/integration-test/target/test-dir/MiniOzoneClusterImpl-cb088425-7f45-4d32-b7c7-566bcd4161d2/datanode-3/data/ratis/e8083c75-2cae-40d7-8bc0-27e3a1668701 was interrupted, exiting. There are 0 tasks remaining in the queue.
2019-07-16 14:20:24,224 INFO  ratis.ContainerStateMachine (ContainerStateMachine.java:takeSnapshot(249)) - group-27E3A1668701: Taking a snapshot at:(t:2, i:14) file /workdir/hadoop-ozone/integration-test/target/test-dir/MiniOzoneClusterImpl-cb088425-7f45-4d32-b7c7-566bcd4161d2/datanode-1/data/ratis/e8083c75-2cae-40d7-8bc0-27e3a1668701/sm/snapshot.2_14
2019-07-16 14:20:24,224 INFO  impl.StateMachineUpdater (StateMachineUpdater.java:stopAndJoin(115)) - StateMachineUpdater:41a75491-aacd-4dd0-a479-c7db72b1906a:group-27E3A1668701: set stopIndex = 16
2019-07-16 14:20:24,226 INFO  ratis.ContainerStateMachine (ContainerStateMachine.java:takeSnapshot(257)) - group-27E3A1668701: Finished taking a snapshot at:(t:2, i:14) file:/workdir/hadoop-ozone/integration-test/target/test-dir/MiniOzoneClusterImpl-cb088425-7f45-4d32-b7c7-566bcd4161d2/datanode-1/data/ratis/e8083c75-2cae-40d7-8bc0-27e3a1668701/sm/snapshot.2_14 time:2
2019-07-16 14:20:24,226 INFO  segmented.SegmentedRaftLogWorker (SegmentedRaftLogWorker.java:close(228)) - 565c8e87-23b4-4af4-b74a-93bf622f1a75-SegmentedRaftLogWorker:Storage Directory /workdir/hadoop-ozone/integration-test/target/test-dir/MiniOzoneClusterImpl-cb088425-7f45-4d32-b7c7-566bcd4161d2/datanode-3/data/ratis/e8083c75-2cae-40d7-8bc0-27e3a1668701 close()
2019-07-16 14:20:24,224 INFO  impl.FollowerState (FollowerState.java:run(114)) - 41a75491-aacd-4dd0-a479-c7db72b1906a: FollowerState was interrupted: java.lang.InterruptedException: sleep interrupted
2019-07-16 14:20:24,230 INFO  impl.RaftServerImpl (RaftServerImpl.java:lambda$shutdown$3(245)) - 565c8e87-23b4-4af4-b74a-93bf622f1a75: shutdown group-E45CFF088B2F
2019-07-16 14:20:24,226 INFO  impl.StateMachineUpdater (StateMachineUpdater.java:takeSnapshot(242)) - StateMachineUpdater:41a75491-aacd-4dd0-a479-c7db72b1906a:group-27E3A1668701: Took a snapshot at index 14
2019-07-16 14:20:24,231 INFO  util.JmxRegister (JmxRegister.java:unregister(73)) - Successfully un-registered JMX Bean with object name Ratis:service=RaftServer,group=group-E45CFF088B2F,id=565c8e87-23b4-4af4-b74a-93bf622f1a75
2019-07-16 14:20:24,231 INFO  impl.RoleInfo (RoleInfo.java:shutdownLeaderState(104)) - 565c8e87-23b4-4af4-b74a-93bf622f1a75: shutdown LeaderState
2019-07-16 14:20:24,231 INFO  impl.StateMachineUpdater (StateMachineUpdater.java:lambda$new$0(80)) - StateMachineUpdater:41a75491-aacd-4dd0-a479-c7db72b1906a:group-27E3A1668701: snapshotIndex: updateIncreasingly -1 -> 14
2019-07-16 14:20:24,232 INFO  impl.PendingRequests (PendingRequests.java:sendNotLeaderResponses(202)) - 565c8e87-23b4-4af4-b74a-93bf622f1a75-PendingRequests: sendNotLeaderResponses
2019-07-16 14:20:24,232 INFO  impl.RaftServerImpl (ServerState.java:close(394)) - 41a75491-aacd-4dd0-a479-c7db72b1906a:group-27E3A1668701 closes. The last applied log index is 16
2019-07-16 14:20:24,232 INFO  impl.StateMachineUpdater (StateMachineUpdater.java:stopAndJoin(115)) - StateMachineUpdater:565c8e87-23b4-4af4-b74a-93bf622f1a75:group-E45CFF088B2F: set stopIndex = 0
2019-07-16 14:20:24,233 INFO  impl.RaftServerImpl (ServerState.java:close(394)) - 565c8e87-23b4-4af4-b74a-93bf622f1a75:group-E45CFF088B2F closes. The last applied log index is 0
2019-07-16 14:20:24,233 INFO  segmented.SegmentedRaftLogWorker (SegmentedRaftLogWorker.java:run(313)) - 41a75491-aacd-4dd0-a479-c7db72b1906a-SegmentedRaftLogWorker:Storage Directory /workdir/hadoop-ozone/integration-test/target/test-dir/MiniOzoneClusterImpl-cb088425-7f45-4d32-b7c7-566bcd4161d2/datanode-1/data/ratis/e8083c75-2cae-40d7-8bc0-27e3a1668701 was interrupted, exiting. There are 0 tasks remaining in the queue.
2019-07-16 14:20:24,234 INFO  segmented.SegmentedRaftLogWorker (SegmentedRaftLogWorker.java:run(313)) - 565c8e87-23b4-4af4-b74a-93bf622f1a75-SegmentedRaftLogWorker:Storage Directory /workdir/hadoop-ozone/integration-test/target/test-dir/MiniOzoneClusterImpl-cb088425-7f45-4d32-b7c7-566bcd4161d2/datanode-3/data/ratis/7920c86b-c65f-439d-9da5-e45cff088b2f was interrupted, exiting. There are 0 tasks remaining in the queue.
2019-07-16 14:20:24,235 INFO  segmented.SegmentedRaftLogWorker (SegmentedRaftLogWorker.java:close(228)) - 41a75491-aacd-4dd0-a479-c7db72b1906a-SegmentedRaftLogWorker:Storage Directory /workdir/hadoop-ozone/integration-test/target/test-dir/MiniOzoneClusterImpl-cb088425-7f45-4d32-b7c7-566bcd4161d2/datanode-1/data/ratis/e8083c75-2cae-40d7-8bc0-27e3a1668701 close()
2019-07-16 14:20:24,237 INFO  segmented.SegmentedRaftLogWorker (SegmentedRaftLogWorker.java:close(228)) - 565c8e87-23b4-4af4-b74a-93bf622f1a75-SegmentedRaftLogWorker:Storage Directory /workdir/hadoop-ozone/integration-test/target/test-dir/MiniOzoneClusterImpl-cb088425-7f45-4d32-b7c7-566bcd4161d2/datanode-3/data/ratis/7920c86b-c65f-439d-9da5-e45cff088b2f close()
2019-07-16 14:20:24,240 INFO  server.GrpcService (GrpcService.java:closeImpl(155)) - 41a75491-aacd-4dd0-a479-c7db72b1906a: shutdown server with port 40327 now
2019-07-16 14:20:24,244 INFO  server.GrpcService (GrpcService.java:closeImpl(155)) - 565c8e87-23b4-4af4-b74a-93bf622f1a75: shutdown server with port 38956 now
2019-07-16 14:20:24,245 INFO  server.GrpcService (GrpcService.java:closeImpl(163)) - 41a75491-aacd-4dd0-a479-c7db72b1906a: shutdown server with port 40327 successfully
2019-07-16 14:20:24,246 WARN  client.GrpcClientProtocolService (LogUtils.java:warn(134)) - 1-UnorderedRequestStreamObserver1: onError: org.apache.ratis.thirdparty.io.grpc.StatusRuntimeException: CANCELLED: cancelled before receiving half close
2019-07-16 14:20:24,250 INFO  server.GrpcService (GrpcService.java:closeImpl(163)) - 565c8e87-23b4-4af4-b74a-93bf622f1a75: shutdown server with port 38956 successfully
2019-07-16 14:20:24,253 INFO  utils.BackgroundService (BackgroundService.java:shutdown(148)) - Shutting down service BlockDeletingService
2019-07-16 14:20:24,255 INFO  utils.BackgroundService (BackgroundService.java:shutdown(148)) - Shutting down service BlockDeletingService
2019-07-16 14:20:24,262 WARN  fs.CachingGetSpaceUsed (CachingGetSpaceUsed.java:run(183)) - Thread Interrupted waiting to refresh disk information: sleep interrupted
2019-07-16 14:20:24,264 WARN  fs.CachingGetSpaceUsed (CachingGetSpaceUsed.java:run(183)) - Thread Interrupted waiting to refresh disk information: sleep interrupted
2019-07-16 14:20:24,282 INFO  statemachine.DatanodeStateMachine (DatanodeStateMachine.java:stopDaemon(395)) - Ozone container server stopped.
2019-07-16 14:20:24,288 INFO  statemachine.DatanodeStateMachine (DatanodeStateMachine.java:stopDaemon(395)) - Ozone container server stopped.
2019-07-16 14:20:24,292 INFO  handler.ContextHandler (ContextHandler.java:doStop(910)) - Stopped o.e.j.w.WebAppContext@78c262ba{/,null,UNAVAILABLE}{/hddsDatanode}
2019-07-16 14:20:24,292 INFO  handler.ContextHandler (ContextHandler.java:doStop(910)) - Stopped o.e.j.w.WebAppContext@d325518{/,null,UNAVAILABLE}{/hddsDatanode}
2019-07-16 14:20:24,293 INFO  server.AbstractConnector (AbstractConnector.java:doStop(318)) - Stopped ServerConnector@3b481bf5{HTTP/1.1,[http/1.1]}{0.0.0.0:0}
2019-07-16 14:20:24,293 INFO  server.AbstractConnector (AbstractConnector.java:doStop(318)) - Stopped ServerConnector@7d2c9361{HTTP/1.1,[http/1.1]}{0.0.0.0:0}
2019-07-16 14:20:24,294 INFO  handler.ContextHandler (ContextHandler.java:doStop(910)) - Stopped o.e.j.s.ServletContextHandler@778a1250{/static,jar:file:/home/user/.m2/repository/org/apache/hadoop/hadoop-hdds-container-service/0.5.0-SNAPSHOT/hadoop-hdds-container-service-0.5.0-SNAPSHOT.jar!/webapps/static,UNAVAILABLE}
2019-07-16 14:20:24,295 INFO  handler.ContextHandler (ContextHandler.java:doStop(910)) - Stopped o.e.j.s.ServletContextHandler@517704{/static,jar:file:/home/user/.m2/repository/org/apache/hadoop/hadoop-hdds-container-service/0.5.0-SNAPSHOT/hadoop-hdds-container-service-0.5.0-SNAPSHOT.jar!/webapps/static,UNAVAILABLE}
2019-07-16 14:20:24,296 INFO  handler.ContextHandler (ContextHandler.java:doStop(910)) - Stopped o.e.j.s.ServletContextHandler@656a3d6b{/logs,file:///workdir/hadoop-ozone/integration-test/target/log,UNAVAILABLE}
2019-07-16 14:20:24,296 INFO  handler.ContextHandler (ContextHandler.java:doStop(910)) - Stopped o.e.j.s.ServletContextHandler@57bd6a8f{/logs,file:///workdir/hadoop-ozone/integration-test/target/log,UNAVAILABLE}
2019-07-16 14:20:24,297 INFO  datanode.ObjectStoreHandler (ObjectStoreHandler.java:close(155)) - Closing ObjectStoreHandler.
2019-07-16 14:20:24,298 INFO  ozone.HddsDatanodeService (HddsDatanodeService.java:stop(452)) - Stopped plug-in org.apache.hadoop.ozone.web.OzoneHddsDatanodeService@2e56b4d
2019-07-16 14:20:24,298 INFO  datanode.ObjectStoreHandler (ObjectStoreHandler.java:close(155)) - Closing ObjectStoreHandler.
2019-07-16 14:20:24,298 INFO  ozone.HddsDatanodeService (HddsDatanodeService.java:stop(452)) - Stopped plug-in org.apache.hadoop.ozone.web.OzoneHddsDatanodeService@4c04216f
2019-07-16 14:20:24,328 INFO  statemachine.DatanodeStateMachine (DatanodeStateMachine.java:lambda$startDaemon$0(350)) - Ozone container server started.
2019-07-16 14:20:24,853 INFO  statemachine.DatanodeStateMachine (DatanodeStateMachine.java:lambda$startDaemon$0(350)) - Ozone container server started.
2019-07-16 14:20:28,387 INFO  node.StaleNodeHandler (StaleNodeHandler.java:onMessage(58)) - Datanode ac0feed9-e302-4363-a7c4-23c8743a625e{ip: 192.168.157.241, host: trunk-nightly-gllmw-2332419065, networkLocation: /default-rack, certSerialId: null} moved to stale state. Finalizing its pipelines [PipelineID=bc3ee31d-f154-44e9-b191-bfb5d56afc42]
2019-07-16 14:20:28,388 INFO  pipeline.SCMPipelineManager (SCMPipelineManager.java:finalizeAndDestroyPipeline(309)) - destroying pipeline:Pipeline[ Id: bc3ee31d-f154-44e9-b191-bfb5d56afc42, Nodes: ac0feed9-e302-4363-a7c4-23c8743a625e{ip: 192.168.157.241, host: trunk-nightly-gllmw-2332419065, networkLocation: /default-rack, certSerialId: null}, Type:RATIS, Factor:ONE, State:OPEN]
2019-07-16 14:20:28,388 INFO  pipeline.PipelineStateManager (PipelineStateManager.java:finalizePipeline(123)) - Pipeline Pipeline[ Id: bc3ee31d-f154-44e9-b191-bfb5d56afc42, Nodes: ac0feed9-e302-4363-a7c4-23c8743a625e{ip: 192.168.157.241, host: trunk-nightly-gllmw-2332419065, networkLocation: /default-rack, certSerialId: null}, Type:RATIS, Factor:ONE, State:CLOSED] moved to CLOSED state
2019-07-16 14:20:28,888 INFO  node.StaleNodeHandler (StaleNodeHandler.java:onMessage(58)) - Datanode 4c1df8d4-3768-4646-97ca-74441804a018{ip: 192.168.157.241, host: trunk-nightly-gllmw-2332419065, networkLocation: /default-rack, certSerialId: null} moved to stale state. Finalizing its pipelines [PipelineID=e8083c75-2cae-40d7-8bc0-27e3a1668701, PipelineID=88c3b691-a3ba-4e73-be9c-edfd00f9b42f]
2019-07-16 14:20:28,888 INFO  pipeline.SCMPipelineManager (SCMPipelineManager.java:finalizeAndDestroyPipeline(309)) - destroying pipeline:Pipeline[ Id: e8083c75-2cae-40d7-8bc0-27e3a1668701, Nodes: 41a75491-aacd-4dd0-a479-c7db72b1906a{ip: 192.168.157.241, host: trunk-nightly-gllmw-2332419065, networkLocation: /default-rack, certSerialId: null}565c8e87-23b4-4af4-b74a-93bf622f1a75{ip: 192.168.157.241, host: trunk-nightly-gllmw-2332419065, networkLocation: /default-rack, certSerialId: null}4c1df8d4-3768-4646-97ca-74441804a018{ip: 192.168.157.241, host: trunk-nightly-gllmw-2332419065, networkLocation: /default-rack, certSerialId: null}, Type:RATIS, Factor:THREE, State:CLOSED]
2019-07-16 14:20:28,889 INFO  pipeline.SCMPipelineManager (SCMPipelineManager.java:finalizeAndDestroyPipeline(309)) - destroying pipeline:Pipeline[ Id: 88c3b691-a3ba-4e73-be9c-edfd00f9b42f, Nodes: 4c1df8d4-3768-4646-97ca-74441804a018{ip: 192.168.157.241, host: trunk-nightly-gllmw-2332419065, networkLocation: /default-rack, certSerialId: null}, Type:RATIS, Factor:ONE, State:OPEN]
2019-07-16 14:20:28,889 INFO  pipeline.PipelineStateManager (PipelineStateManager.java:finalizePipeline(123)) - Pipeline Pipeline[ Id: 88c3b691-a3ba-4e73-be9c-edfd00f9b42f, Nodes: 4c1df8d4-3768-4646-97ca-74441804a018{ip: 192.168.157.241, host: trunk-nightly-gllmw-2332419065, networkLocation: /default-rack, certSerialId: null}, Type:RATIS, Factor:ONE, State:CLOSED] moved to CLOSED state
2019-07-16 14:20:29,299 INFO  ozoneimpl.OzoneContainer (OzoneContainer.java:stop(199)) - Attempting to stop container services.
2019-07-16 14:20:29,299 INFO  ozoneimpl.OzoneContainer (OzoneContainer.java:stop(199)) - Attempting to stop container services.
2019-07-16 14:20:29,299 INFO  impl.RaftServerProxy (RaftServerProxy.java:lambda$close$4(314)) - ac0feed9-e302-4363-a7c4-23c8743a625e: close
2019-07-16 14:20:29,300 INFO  impl.RaftServerProxy (RaftServerProxy.java:lambda$close$4(314)) - 4c1df8d4-3768-4646-97ca-74441804a018: close
2019-07-16 14:20:29,300 INFO  impl.RaftServerImpl (RaftServerImpl.java:lambda$shutdown$3(245)) - ac0feed9-e302-4363-a7c4-23c8743a625e: shutdown group-BFB5D56AFC42
2019-07-16 14:20:29,300 INFO  impl.RaftServerImpl (RaftServerImpl.java:lambda$shutdown$3(245)) - 4c1df8d4-3768-4646-97ca-74441804a018: shutdown group-27E3A1668701
2019-07-16 14:20:29,301 INFO  util.JmxRegister (JmxRegister.java:unregister(73)) - Successfully un-registered JMX Bean with object name Ratis:service=RaftServer,group=group-BFB5D56AFC42,id=ac0feed9-e302-4363-a7c4-23c8743a625e
2019-07-16 14:20:29,301 INFO  util.JmxRegister (JmxRegister.java:unregister(73)) - Successfully un-registered JMX Bean with object name Ratis:service=RaftServer,group=group-27E3A1668701,id=4c1df8d4-3768-4646-97ca-74441804a018
2019-07-16 14:20:29,302 INFO  impl.RoleInfo (RoleInfo.java:shutdownFollowerState(121)) - 4c1df8d4-3768-4646-97ca-74441804a018: shutdown FollowerState
2019-07-16 14:20:29,301 INFO  impl.RoleInfo (RoleInfo.java:shutdownLeaderState(104)) - ac0feed9-e302-4363-a7c4-23c8743a625e: shutdown LeaderState
2019-07-16 14:20:29,302 INFO  ratis.ContainerStateMachine (ContainerStateMachine.java:takeSnapshot(249)) - group-27E3A1668701: Taking a snapshot at:(t:2, i:14) file /workdir/hadoop-ozone/integration-test/target/test-dir/MiniOzoneClusterImpl-cb088425-7f45-4d32-b7c7-566bcd4161d2/datanode-6/data/ratis/e8083c75-2cae-40d7-8bc0-27e3a1668701/sm/snapshot.2_14
2019-07-16 14:20:29,303 INFO  impl.PendingRequests (PendingRequests.java:sendNotLeaderResponses(202)) - ac0feed9-e302-4363-a7c4-23c8743a625e-PendingRequests: sendNotLeaderResponses
2019-07-16 14:20:29,302 INFO  impl.FollowerState (FollowerState.java:run(114)) - 4c1df8d4-3768-4646-97ca-74441804a018: FollowerState was interrupted: java.lang.InterruptedException: sleep interrupted
2019-07-16 14:20:29,303 INFO  impl.StateMachineUpdater (StateMachineUpdater.java:stopAndJoin(115)) - StateMachineUpdater:ac0feed9-e302-4363-a7c4-23c8743a625e:group-BFB5D56AFC42: set stopIndex = 0
2019-07-16 14:20:29,304 INFO  impl.RaftServerImpl (ServerState.java:close(394)) - ac0feed9-e302-4363-a7c4-23c8743a625e:group-BFB5D56AFC42 closes. The last applied log index is 0
2019-07-16 14:20:29,302 INFO  impl.StateMachineUpdater (StateMachineUpdater.java:stopAndJoin(115)) - StateMachineUpdater:4c1df8d4-3768-4646-97ca-74441804a018:group-27E3A1668701: set stopIndex = 16
2019-07-16 14:20:29,304 INFO  segmented.SegmentedRaftLogWorker (SegmentedRaftLogWorker.java:run(313)) - ac0feed9-e302-4363-a7c4-23c8743a625e-SegmentedRaftLogWorker:Storage Directory /workdir/hadoop-ozone/integration-test/target/test-dir/MiniOzoneClusterImpl-cb088425-7f45-4d32-b7c7-566bcd4161d2/datanode-2/data/ratis/bc3ee31d-f154-44e9-b191-bfb5d56afc42 was interrupted, exiting. There are 0 tasks remaining in the queue.
2019-07-16 14:20:29,303 INFO  ratis.ContainerStateMachine (ContainerStateMachine.java:takeSnapshot(257)) - group-27E3A1668701: Finished taking a snapshot at:(t:2, i:14) file:/workdir/hadoop-ozone/integration-test/target/test-dir/MiniOzoneClusterImpl-cb088425-7f45-4d32-b7c7-566bcd4161d2/datanode-6/data/ratis/e8083c75-2cae-40d7-8bc0-27e3a1668701/sm/snapshot.2_14 time:1
2019-07-16 14:20:29,307 INFO  impl.StateMachineUpdater (StateMachineUpdater.java:takeSnapshot(242)) - StateMachineUpdater:4c1df8d4-3768-4646-97ca-74441804a018:group-27E3A1668701: Took a snapshot at index 14
2019-07-16 14:20:29,307 INFO  segmented.SegmentedRaftLogWorker (SegmentedRaftLogWorker.java:close(228)) - ac0feed9-e302-4363-a7c4-23c8743a625e-SegmentedRaftLogWorker:Storage Directory /workdir/hadoop-ozone/integration-test/target/test-dir/MiniOzoneClusterImpl-cb088425-7f45-4d32-b7c7-566bcd4161d2/datanode-2/data/ratis/bc3ee31d-f154-44e9-b191-bfb5d56afc42 close()
2019-07-16 14:20:29,308 INFO  impl.StateMachineUpdater (StateMachineUpdater.java:lambda$new$0(80)) - StateMachineUpdater:4c1df8d4-3768-4646-97ca-74441804a018:group-27E3A1668701: snapshotIndex: updateIncreasingly -1 -> 14
2019-07-16 14:20:29,318 INFO  server.GrpcService (GrpcService.java:closeImpl(155)) - ac0feed9-e302-4363-a7c4-23c8743a625e: shutdown server with port 32768 now
2019-07-16 14:20:29,319 INFO  impl.RaftServerImpl (ServerState.java:close(394)) - 4c1df8d4-3768-4646-97ca-74441804a018:group-27E3A1668701 closes. The last applied log index is 16
2019-07-16 14:20:29,319 INFO  server.GrpcService (GrpcService.java:closeImpl(163)) - ac0feed9-e302-4363-a7c4-23c8743a625e: shutdown server with port 32768 successfully
2019-07-16 14:20:29,319 INFO  segmented.SegmentedRaftLogWorker (SegmentedRaftLogWorker.java:run(313)) - 4c1df8d4-3768-4646-97ca-74441804a018-SegmentedRaftLogWorker:Storage Directory /workdir/hadoop-ozone/integration-test/target/test-dir/MiniOzoneClusterImpl-cb088425-7f45-4d32-b7c7-566bcd4161d2/datanode-6/data/ratis/e8083c75-2cae-40d7-8bc0-27e3a1668701 was interrupted, exiting. There are 0 tasks remaining in the queue.
2019-07-16 14:20:29,320 INFO  segmented.SegmentedRaftLogWorker (SegmentedRaftLogWorker.java:close(228)) - 4c1df8d4-3768-4646-97ca-74441804a018-SegmentedRaftLogWorker:Storage Directory /workdir/hadoop-ozone/integration-test/target/test-dir/MiniOzoneClusterImpl-cb088425-7f45-4d32-b7c7-566bcd4161d2/datanode-6/data/ratis/e8083c75-2cae-40d7-8bc0-27e3a1668701 close()
2019-07-16 14:20:29,322 INFO  impl.RaftServerImpl (RaftServerImpl.java:lambda$shutdown$3(245)) - 4c1df8d4-3768-4646-97ca-74441804a018: shutdown group-EDFD00F9B42F
2019-07-16 14:20:29,323 INFO  util.JmxRegister (JmxRegister.java:unregister(73)) - Successfully un-registered JMX Bean with object name Ratis:service=RaftServer,group=group-EDFD00F9B42F,id=4c1df8d4-3768-4646-97ca-74441804a018
2019-07-16 14:20:29,323 INFO  impl.RoleInfo (RoleInfo.java:shutdownLeaderState(104)) - 4c1df8d4-3768-4646-97ca-74441804a018: shutdown LeaderState
2019-07-16 14:20:29,324 INFO  impl.PendingRequests (PendingRequests.java:sendNotLeaderResponses(202)) - 4c1df8d4-3768-4646-97ca-74441804a018-PendingRequests: sendNotLeaderResponses
2019-07-16 14:20:29,324 INFO  impl.StateMachineUpdater (StateMachineUpdater.java:stopAndJoin(115)) - StateMachineUpdater:4c1df8d4-3768-4646-97ca-74441804a018:group-EDFD00F9B42F: set stopIndex = 0
2019-07-16 14:20:29,325 INFO  impl.RaftServerImpl (ServerState.java:close(394)) - 4c1df8d4-3768-4646-97ca-74441804a018:group-EDFD00F9B42F closes. The last applied log index is 0
2019-07-16 14:20:29,325 INFO  segmented.SegmentedRaftLogWorker (SegmentedRaftLogWorker.java:run(313)) - 4c1df8d4-3768-4646-97ca-74441804a018-SegmentedRaftLogWorker:Storage Directory /workdir/hadoop-ozone/integration-test/target/test-dir/MiniOzoneClusterImpl-cb088425-7f45-4d32-b7c7-566bcd4161d2/datanode-6/data/ratis/88c3b691-a3ba-4e73-be9c-edfd00f9b42f was interrupted, exiting. There are 0 tasks remaining in the queue.
2019-07-16 14:20:29,326 INFO  segmented.SegmentedRaftLogWorker (SegmentedRaftLogWorker.java:close(228)) - 4c1df8d4-3768-4646-97ca-74441804a018-SegmentedRaftLogWorker:Storage Directory /workdir/hadoop-ozone/integration-test/target/test-dir/MiniOzoneClusterImpl-cb088425-7f45-4d32-b7c7-566bcd4161d2/datanode-6/data/ratis/88c3b691-a3ba-4e73-be9c-edfd00f9b42f close()
2019-07-16 14:20:29,328 INFO  server.GrpcService (GrpcService.java:closeImpl(155)) - 4c1df8d4-3768-4646-97ca-74441804a018: shutdown server with port 39040 now
2019-07-16 14:20:29,329 INFO  server.GrpcService (GrpcService.java:closeImpl(163)) - 4c1df8d4-3768-4646-97ca-74441804a018: shutdown server with port 39040 successfully
2019-07-16 14:20:29,338 INFO  utils.BackgroundService (BackgroundService.java:shutdown(148)) - Shutting down service BlockDeletingService
2019-07-16 14:20:29,343 INFO  utils.BackgroundService (BackgroundService.java:shutdown(148)) - Shutting down service BlockDeletingService
2019-07-16 14:20:29,346 WARN  fs.CachingGetSpaceUsed (CachingGetSpaceUsed.java:run(183)) - Thread Interrupted waiting to refresh disk information: sleep interrupted
2019-07-16 14:20:29,347 WARN  fs.CachingGetSpaceUsed (CachingGetSpaceUsed.java:run(183)) - Thread Interrupted waiting to refresh disk information: sleep interrupted
2019-07-16 14:20:29,366 INFO  statemachine.DatanodeStateMachine (DatanodeStateMachine.java:stopDaemon(395)) - Ozone container server stopped.
2019-07-16 14:20:29,370 INFO  handler.ContextHandler (ContextHandler.java:doStop(910)) - Stopped o.e.j.w.WebAppContext@738a5848{/,null,UNAVAILABLE}{/hddsDatanode}
2019-07-16 14:20:29,372 INFO  server.AbstractConnector (AbstractConnector.java:doStop(318)) - Stopped ServerConnector@487cd177{HTTP/1.1,[http/1.1]}{0.0.0.0:0}
2019-07-16 14:20:29,375 INFO  statemachine.DatanodeStateMachine (DatanodeStateMachine.java:stopDaemon(395)) - Ozone container server stopped.
2019-07-16 14:20:29,375 INFO  handler.ContextHandler (ContextHandler.java:doStop(910)) - Stopped o.e.j.s.ServletContextHandler@38588dea{/static,jar:file:/home/user/.m2/repository/org/apache/hadoop/hadoop-hdds-container-service/0.5.0-SNAPSHOT/hadoop-hdds-container-service-0.5.0-SNAPSHOT.jar!/webapps/static,UNAVAILABLE}
2019-07-16 14:20:29,377 INFO  handler.ContextHandler (ContextHandler.java:doStop(910)) - Stopped o.e.j.s.ServletContextHandler@b5b9333{/logs,file:///workdir/hadoop-ozone/integration-test/target/log,UNAVAILABLE}
2019-07-16 14:20:29,378 INFO  handler.ContextHandler (ContextHandler.java:doStop(910)) - Stopped o.e.j.w.WebAppContext@7db5b890{/,null,UNAVAILABLE}{/hddsDatanode}
2019-07-16 14:20:29,379 INFO  datanode.ObjectStoreHandler (ObjectStoreHandler.java:close(155)) - Closing ObjectStoreHandler.
2019-07-16 14:20:29,379 INFO  server.AbstractConnector (AbstractConnector.java:doStop(318)) - Stopped ServerConnector@407b8435{HTTP/1.1,[http/1.1]}{0.0.0.0:0}
2019-07-16 14:20:29,379 INFO  ozone.HddsDatanodeService (HddsDatanodeService.java:stop(452)) - Stopped plug-in org.apache.hadoop.ozone.web.OzoneHddsDatanodeService@1537e43
2019-07-16 14:20:29,380 INFO  handler.ContextHandler (ContextHandler.java:doStop(910)) - Stopped o.e.j.s.ServletContextHandler@2b79c8ff{/static,jar:file:/home/user/.m2/repository/org/apache/hadoop/hadoop-hdds-container-service/0.5.0-SNAPSHOT/hadoop-hdds-container-service-0.5.0-SNAPSHOT.jar!/webapps/static,UNAVAILABLE}
2019-07-16 14:20:29,380 INFO  handler.ContextHandler (ContextHandler.java:doStop(910)) - Stopped o.e.j.s.ServletContextHandler@40a1b6d4{/logs,file:///workdir/hadoop-ozone/integration-test/target/log,UNAVAILABLE}
2019-07-16 14:20:29,955 INFO  statemachine.DatanodeStateMachine (DatanodeStateMachine.java:lambda$startDaemon$0(350)) - Ozone container server started.
2019-07-16 14:20:33,996 INFO  node.StaleNodeHandler (StaleNodeHandler.java:onMessage(58)) - Datanode c367f1ba-81ed-44ff-a708-518c429992ed{ip: 192.168.157.241, host: trunk-nightly-gllmw-2332419065, networkLocation: /default-rack, certSerialId: null} moved to stale state. Finalizing its pipelines [PipelineID=4406da9e-9978-430a-912d-43db748de82a]
2019-07-16 14:20:33,997 INFO  pipeline.SCMPipelineManager (SCMPipelineManager.java:finalizeAndDestroyPipeline(309)) - destroying pipeline:Pipeline[ Id: 4406da9e-9978-430a-912d-43db748de82a, Nodes: c367f1ba-81ed-44ff-a708-518c429992ed{ip: 192.168.157.241, host: trunk-nightly-gllmw-2332419065, networkLocation: /default-rack, certSerialId: null}, Type:RATIS, Factor:ONE, State:OPEN]
2019-07-16 14:20:33,997 INFO  pipeline.PipelineStateManager (PipelineStateManager.java:finalizePipeline(123)) - Pipeline Pipeline[ Id: 4406da9e-9978-430a-912d-43db748de82a, Nodes: c367f1ba-81ed-44ff-a708-518c429992ed{ip: 192.168.157.241, host: trunk-nightly-gllmw-2332419065, networkLocation: /default-rack, certSerialId: null}, Type:RATIS, Factor:ONE, State:CLOSED] moved to CLOSED state
2019-07-16 14:20:34,380 INFO  ozoneimpl.OzoneContainer (OzoneContainer.java:stop(199)) - Attempting to stop container services.
2019-07-16 14:20:34,381 INFO  impl.RaftServerProxy (RaftServerProxy.java:lambda$close$4(314)) - c367f1ba-81ed-44ff-a708-518c429992ed: close
2019-07-16 14:20:34,381 INFO  impl.RaftServerImpl (RaftServerImpl.java:lambda$shutdown$3(245)) - c367f1ba-81ed-44ff-a708-518c429992ed: shutdown group-43DB748DE82A
2019-07-16 14:20:34,382 INFO  util.JmxRegister (JmxRegister.java:unregister(73)) - Successfully un-registered JMX Bean with object name Ratis:service=RaftServer,group=group-43DB748DE82A,id=c367f1ba-81ed-44ff-a708-518c429992ed
2019-07-16 14:20:34,382 INFO  impl.RoleInfo (RoleInfo.java:shutdownLeaderState(104)) - c367f1ba-81ed-44ff-a708-518c429992ed: shutdown LeaderState
2019-07-16 14:20:34,382 INFO  impl.PendingRequests (PendingRequests.java:sendNotLeaderResponses(202)) - c367f1ba-81ed-44ff-a708-518c429992ed-PendingRequests: sendNotLeaderResponses
2019-07-16 14:20:34,383 INFO  impl.StateMachineUpdater (StateMachineUpdater.java:stopAndJoin(115)) - StateMachineUpdater:c367f1ba-81ed-44ff-a708-518c429992ed:group-43DB748DE82A: set stopIndex = 0
2019-07-16 14:20:34,383 INFO  impl.RaftServerImpl (ServerState.java:close(394)) - c367f1ba-81ed-44ff-a708-518c429992ed:group-43DB748DE82A closes. The last applied log index is 0
2019-07-16 14:20:34,384 INFO  segmented.SegmentedRaftLogWorker (SegmentedRaftLogWorker.java:run(313)) - c367f1ba-81ed-44ff-a708-518c429992ed-SegmentedRaftLogWorker:Storage Directory /workdir/hadoop-ozone/integration-test/target/test-dir/MiniOzoneClusterImpl-cb088425-7f45-4d32-b7c7-566bcd4161d2/datanode-5/data/ratis/4406da9e-9978-430a-912d-43db748de82a was interrupted, exiting. There are 0 tasks remaining in the queue.
2019-07-16 14:20:34,384 INFO  segmented.SegmentedRaftLogWorker (SegmentedRaftLogWorker.java:close(228)) - c367f1ba-81ed-44ff-a708-518c429992ed-SegmentedRaftLogWorker:Storage Directory /workdir/hadoop-ozone/integration-test/target/test-dir/MiniOzoneClusterImpl-cb088425-7f45-4d32-b7c7-566bcd4161d2/datanode-5/data/ratis/4406da9e-9978-430a-912d-43db748de82a close()
2019-07-16 14:20:34,387 INFO  server.GrpcService (GrpcService.java:closeImpl(155)) - c367f1ba-81ed-44ff-a708-518c429992ed: shutdown server with port 34185 now
2019-07-16 14:20:34,388 INFO  server.GrpcService (GrpcService.java:closeImpl(163)) - c367f1ba-81ed-44ff-a708-518c429992ed: shutdown server with port 34185 successfully
2019-07-16 14:20:34,390 INFO  utils.BackgroundService (BackgroundService.java:shutdown(148)) - Shutting down service BlockDeletingService
2019-07-16 14:20:34,392 WARN  fs.CachingGetSpaceUsed (CachingGetSpaceUsed.java:run(183)) - Thread Interrupted waiting to refresh disk information: sleep interrupted
2019-07-16 14:20:34,411 INFO  statemachine.DatanodeStateMachine (DatanodeStateMachine.java:stopDaemon(395)) - Ozone container server stopped.
2019-07-16 14:20:34,426 INFO  handler.ContextHandler (ContextHandler.java:doStop(910)) - Stopped o.e.j.w.WebAppContext@7b9e25bd{/,null,UNAVAILABLE}{/hddsDatanode}
2019-07-16 14:20:34,427 INFO  server.AbstractConnector (AbstractConnector.java:doStop(318)) - Stopped ServerConnector@2d206a71{HTTP/1.1,[http/1.1]}{0.0.0.0:0}
2019-07-16 14:20:34,429 INFO  handler.ContextHandler (ContextHandler.java:doStop(910)) - Stopped o.e.j.s.ServletContextHandler@33eb0d4{/static,jar:file:/home/user/.m2/repository/org/apache/hadoop/hadoop-hdds-container-service/0.5.0-SNAPSHOT/hadoop-hdds-container-service-0.5.0-SNAPSHOT.jar!/webapps/static,UNAVAILABLE}
2019-07-16 14:20:34,430 INFO  handler.ContextHandler (ContextHandler.java:doStop(910)) - Stopped o.e.j.s.ServletContextHandler@37d3e140{/logs,file:///workdir/hadoop-ozone/integration-test/target/log,UNAVAILABLE}
2019-07-16 14:20:34,431 INFO  ozone.MiniOzoneClusterImpl (MiniOzoneClusterImpl.java:stop(353)) - Stopping the StorageContainerManager
2019-07-16 14:20:34,432 INFO  server.StorageContainerManager (StorageContainerManager.java:stop(796)) - Stopping Replication Manager Service.
2019-07-16 14:20:34,432 INFO  container.ReplicationManager (ReplicationManager.java:stop(187)) - Stopping Replication Monitor Thread.
2019-07-16 14:20:34,432 INFO  server.StorageContainerManager (StorageContainerManager.java:stop(803)) - Stopping Lease Manager of the command watchers
2019-07-16 14:20:34,433 INFO  server.StorageContainerManager (StorageContainerManager.java:stop(810)) - Stopping datanode service RPC server
2019-07-16 14:20:34,433 INFO  server.SCMDatanodeProtocolServer (SCMDatanodeProtocolServer.java:stop(375)) - Stopping the RPC server for DataNodes
2019-07-16 14:20:34,433 INFO  ipc.Server (Server.java:stop(3082)) - Stopping server on 39489
2019-07-16 14:20:34,436 INFO  ipc.Server (Server.java:run(1185)) - Stopping IPC Server listener on 39489
2019-07-16 14:20:34,436 INFO  ipc.Server (Server.java:run(1319)) - Stopping IPC Server Responder
2019-07-16 14:20:34,497 WARN  node.NodeStateManager (NodeStateManager.java:scheduleNextHealthCheck(631)) - Current Thread is interrupted, shutting down HB processing thread for Node Manager.
2019-07-16 14:20:34,497 INFO  server.StorageContainerManager (StorageContainerManager.java:stop(818)) - Stopping block service RPC server
2019-07-16 14:20:34,498 INFO  server.SCMBlockProtocolServer (SCMBlockProtocolServer.java:stop(148)) - Stopping the RPC server for Block Protocol
2019-07-16 14:20:34,498 INFO  ipc.Server (Server.java:stop(3082)) - Stopping server on 36131
2019-07-16 14:20:34,499 INFO  server.StorageContainerManager (StorageContainerManager.java:stop(825)) - Stopping the StorageContainerLocationProtocol RPC server
2019-07-16 14:20:34,500 INFO  ipc.Server (Server.java:run(1185)) - Stopping IPC Server listener on 36131
2019-07-16 14:20:34,500 INFO  server.SCMClientProtocolServer (SCMClientProtocolServer.java:stop(157)) - Stopping the RPC server for Client Protocol
2019-07-16 14:20:34,501 INFO  ipc.Server (Server.java:run(1319)) - Stopping IPC Server Responder
2019-07-16 14:20:34,501 INFO  ipc.Server (Server.java:stop(3082)) - Stopping server on 43850
2019-07-16 14:20:34,503 INFO  server.StorageContainerManager (StorageContainerManager.java:stop(832)) - Stopping Storage Container Manager HTTP server.
2019-07-16 14:20:34,505 INFO  ipc.Server (Server.java:run(1185)) - Stopping IPC Server listener on 43850
2019-07-16 14:20:34,505 INFO  ipc.Server (Server.java:run(1319)) - Stopping IPC Server Responder
2019-07-16 14:20:34,505 INFO  handler.ContextHandler (ContextHandler.java:doStop(910)) - Stopped o.e.j.w.WebAppContext@6a1d204a{/,null,UNAVAILABLE}{/scm}
2019-07-16 14:20:34,507 INFO  server.AbstractConnector (AbstractConnector.java:doStop(318)) - Stopped ServerConnector@9d157ff{HTTP/1.1,[http/1.1]}{0.0.0.0:0}
2019-07-16 14:20:34,507 INFO  handler.ContextHandler (ContextHandler.java:doStop(910)) - Stopped o.e.j.s.ServletContextHandler@76012793{/static,file:///workdir/hadoop-ozone/integration-test/target/test-classes/webapps/static,UNAVAILABLE}
2019-07-16 14:20:34,508 INFO  handler.ContextHandler (ContextHandler.java:doStop(910)) - Stopped o.e.j.s.ServletContextHandler@6bbe2511{/logs,file:///workdir/hadoop-ozone/integration-test/target/log,UNAVAILABLE}
2019-07-16 14:20:34,509 INFO  server.StorageContainerManager (StorageContainerManager.java:stop(843)) - Stopping Block Manager Service.
2019-07-16 14:20:34,510 INFO  utils.BackgroundService (BackgroundService.java:shutdown(148)) - Shutting down service SCMBlockDeletingService
2019-07-16 14:20:34,510 INFO  utils.BackgroundService (BackgroundService.java:shutdown(148)) - Shutting down service SCMBlockDeletingService
2019-07-16 14:20:34,511 INFO  server.StorageContainerManager (StorageContainerManager.java:stop(865)) - Stopping SCM Event Queue.
2019-07-16 14:20:34,532 INFO  impl.MetricsSystemImpl (MetricsSystemImpl.java:stop(210)) - Stopping HddsDatanode metrics system...
2019-07-16 14:20:34,542 INFO  impl.MetricsSystemImpl (MetricsSystemImpl.java:stop(216)) - HddsDatanode metrics system stopped.
]]></system-out>
    <system-err><![CDATA[ERROR StatusLogger No Log4j 2 configuration file found. Using default configuration (logging only errors to the console), or user programmatically provided configurations. Set system property 'log4j2.debug' to show Log4j 2 internal initialization logging. See https://logging.apache.org/log4j/2.x/manual/configuration.html for instructions on how to configure Log4j 2
Jul 16, 2019 2:18:52 PM com.sun.jersey.server.impl.application.WebApplicationImpl _initiate
INFO: Initiating Jersey application, version 'Jersey: 1.19 02/11/2015 03:25 AM'
Jul 16, 2019 2:18:53 PM com.sun.jersey.server.impl.application.WebApplicationImpl _initiate
INFO: Initiating Jersey application, version 'Jersey: 1.19 02/11/2015 03:25 AM'
Jul 16, 2019 2:18:53 PM com.sun.jersey.server.impl.application.WebApplicationImpl _initiate
INFO: Initiating Jersey application, version 'Jersey: 1.19 02/11/2015 03:25 AM'
Jul 16, 2019 2:18:53 PM com.sun.jersey.server.impl.application.WebApplicationImpl _initiate
INFO: Initiating Jersey application, version 'Jersey: 1.19 02/11/2015 03:25 AM'
Jul 16, 2019 2:18:53 PM com.sun.jersey.server.impl.application.WebApplicationImpl _initiate
INFO: Initiating Jersey application, version 'Jersey: 1.19 02/11/2015 03:25 AM'
Jul 16, 2019 2:18:53 PM com.sun.jersey.server.impl.application.WebApplicationImpl _initiate
INFO: Initiating Jersey application, version 'Jersey: 1.19 02/11/2015 03:25 AM'
Jul 16, 2019 2:18:54 PM com.sun.jersey.server.impl.application.WebApplicationImpl _initiate
INFO: Initiating Jersey application, version 'Jersey: 1.19 02/11/2015 03:25 AM'
]]></system-err>
  </testcase>
  <testcase name="testDatanodeFailureWithPreAllocation" classname="org.apache.hadoop.ozone.client.rpc.TestBlockOutputStreamWithFailures" time="225.258"/>
  <testcase name="testDatanodeFailureWithSingleNodeRatis" classname="org.apache.hadoop.ozone.client.rpc.TestBlockOutputStreamWithFailures" time="224.519"/>
  <testcase name="testWatchForCommitWithSingleNodeRatis" classname="org.apache.hadoop.ozone.client.rpc.TestBlockOutputStreamWithFailures" time="34.454">
    <error type="java.lang.IllegalArgumentException">java.lang.IllegalArgumentException
	at com.google.common.base.Preconditions.checkArgument(Preconditions.java:72)
	at org.apache.hadoop.hdds.scm.XceiverClientManager.acquireClient(XceiverClientManager.java:150)
	at org.apache.hadoop.hdds.scm.XceiverClientManager.acquireClientForReadData(XceiverClientManager.java:143)
	at org.apache.hadoop.hdds.scm.storage.BlockInputStream.getChunkInfos(BlockInputStream.java:154)
	at org.apache.hadoop.hdds.scm.storage.BlockInputStream.initialize(BlockInputStream.java:118)
	at org.apache.hadoop.hdds.scm.storage.BlockInputStream.read(BlockInputStream.java:222)
	at org.apache.hadoop.ozone.client.io.KeyInputStream.read(KeyInputStream.java:171)
	at org.apache.hadoop.ozone.client.io.OzoneInputStream.read(OzoneInputStream.java:47)
	at java.io.InputStream.read(InputStream.java:101)
	at org.apache.hadoop.ozone.container.ContainerTestHelper.validateData(ContainerTestHelper.java:709)
	at org.apache.hadoop.ozone.client.rpc.TestBlockOutputStreamWithFailures.validateData(TestBlockOutputStreamWithFailures.java:1212)
	at org.apache.hadoop.ozone.client.rpc.TestBlockOutputStreamWithFailures.testWatchForCommitWithSingleNodeRatis(TestBlockOutputStreamWithFailures.java:914)
	at sun.reflect.NativeMethodAccessorImpl.invoke0(Native Method)
	at sun.reflect.NativeMethodAccessorImpl.invoke(NativeMethodAccessorImpl.java:62)
	at sun.reflect.DelegatingMethodAccessorImpl.invoke(DelegatingMethodAccessorImpl.java:43)
	at java.lang.reflect.Method.invoke(Method.java:498)
	at org.junit.runners.model.FrameworkMethod$1.runReflectiveCall(FrameworkMethod.java:47)
	at org.junit.internal.runners.model.ReflectiveCallable.run(ReflectiveCallable.java:12)
	at org.junit.runners.model.FrameworkMethod.invokeExplosively(FrameworkMethod.java:44)
	at org.junit.internal.runners.statements.InvokeMethod.evaluate(InvokeMethod.java:17)
	at org.junit.internal.runners.statements.RunBefores.evaluate(RunBefores.java:26)
	at org.junit.internal.runners.statements.RunAfters.evaluate(RunAfters.java:27)
	at org.junit.runners.ParentRunner.runLeaf(ParentRunner.java:271)
	at org.junit.runners.BlockJUnit4ClassRunner.runChild(BlockJUnit4ClassRunner.java:70)
	at org.junit.runners.BlockJUnit4ClassRunner.runChild(BlockJUnit4ClassRunner.java:50)
	at org.junit.runners.ParentRunner$3.run(ParentRunner.java:238)
	at org.junit.runners.ParentRunner$1.schedule(ParentRunner.java:63)
	at org.junit.runners.ParentRunner.runChildren(ParentRunner.java:236)
	at org.junit.runners.ParentRunner.access$000(ParentRunner.java:53)
	at org.junit.runners.ParentRunner$2.evaluate(ParentRunner.java:229)
	at org.junit.runners.ParentRunner.run(ParentRunner.java:309)
	at org.apache.maven.surefire.junit4.JUnit4Provider.execute(JUnit4Provider.java:365)
	at org.apache.maven.surefire.junit4.JUnit4Provider.executeWithRerun(JUnit4Provider.java:273)
	at org.apache.maven.surefire.junit4.JUnit4Provider.executeTestSet(JUnit4Provider.java:238)
	at org.apache.maven.surefire.junit4.JUnit4Provider.invoke(JUnit4Provider.java:159)
	at org.apache.maven.surefire.booter.ForkedBooter.invokeProviderInSameClassLoader(ForkedBooter.java:384)
	at org.apache.maven.surefire.booter.ForkedBooter.runSuitesInProcess(ForkedBooter.java:345)
	at org.apache.maven.surefire.booter.ForkedBooter.execute(ForkedBooter.java:126)
	at org.apache.maven.surefire.booter.ForkedBooter.main(ForkedBooter.java:418)
</error>
    <system-out><![CDATA[2019-07-16 14:28:04,416 WARN  server.ServerUtils (ServerUtils.java:getScmDbDir(145)) - ozone.scm.db.dirs is not configured. We recommend adding this setting. Falling back to ozone.metadata.dirs instead.
2019-07-16 14:28:04,445 WARN  server.ServerUtils (ServerUtils.java:getScmDbDir(145)) - ozone.scm.db.dirs is not configured. We recommend adding this setting. Falling back to ozone.metadata.dirs instead.
2019-07-16 14:28:04,445 WARN  server.ServerUtils (ServerUtils.java:getScmDbDir(145)) - ozone.scm.db.dirs is not configured. We recommend adding this setting. Falling back to ozone.metadata.dirs instead.
2019-07-16 14:28:04,446 INFO  db.DBStoreBuilder (DBStoreBuilder.java:addTable(110)) - using custom profile for table: deletedBlocks
2019-07-16 14:28:04,446 INFO  db.DBStoreBuilder (DBStoreBuilder.java:processTables(161)) - Using default column profile:DBProfile.DISK for Table:deletedBlocks
2019-07-16 14:28:04,446 INFO  db.DBStoreBuilder (DBStoreBuilder.java:addTable(110)) - using custom profile for table: validCerts
2019-07-16 14:28:04,447 INFO  db.DBStoreBuilder (DBStoreBuilder.java:processTables(161)) - Using default column profile:DBProfile.DISK for Table:validCerts
2019-07-16 14:28:04,447 INFO  db.DBStoreBuilder (DBStoreBuilder.java:addTable(110)) - using custom profile for table: revokedCerts
2019-07-16 14:28:04,447 INFO  db.DBStoreBuilder (DBStoreBuilder.java:processTables(161)) - Using default column profile:DBProfile.DISK for Table:revokedCerts
2019-07-16 14:28:04,448 INFO  db.DBStoreBuilder (DBStoreBuilder.java:addTable(110)) - using custom profile for table: default
2019-07-16 14:28:04,448 INFO  db.DBStoreBuilder (DBStoreBuilder.java:processTables(167)) - Using default column profile:DBProfile.DISK for Table:default
2019-07-16 14:28:04,448 INFO  db.DBStoreBuilder (DBStoreBuilder.java:getDbProfile(198)) - Using default options. DBProfile.DISK
2019-07-16 14:28:04,596 INFO  net.NodeSchemaLoader (NodeSchemaLoader.java:loadSchemaFromFile(125)) - Loading file from sun.misc.CompoundEnumeration@4e13af1b
2019-07-16 14:28:04,597 INFO  net.NodeSchemaLoader (NodeSchemaLoader.java:loadSchema(171)) - Loading network topology layer schema file
2019-07-16 14:28:04,604 INFO  node.SCMNodeManager (SCMNodeManager.java:<init>(119)) - Entering startup safe mode.
2019-07-16 14:28:04,605 WARN  server.ServerUtils (ServerUtils.java:getScmDbDir(145)) - ozone.scm.db.dirs is not configured. We recommend adding this setting. Falling back to ozone.metadata.dirs instead.
2019-07-16 14:28:04,628 INFO  pipeline.SCMPipelineManager (SCMPipelineManager.java:initializePipelineState(126)) - No pipeline exists in current db
2019-07-16 14:28:04,628 WARN  server.ServerUtils (ServerUtils.java:getScmDbDir(145)) - ozone.scm.db.dirs is not configured. We recommend adding this setting. Falling back to ozone.metadata.dirs instead.
2019-07-16 14:28:04,653 WARN  events.EventQueue (EventQueue.java:fireEvent(175)) - No event handler registered for event TypedEvent{payloadType=SafeModeStatus, name='SafeModeStatus'}
2019-07-16 14:28:04,654 INFO  ipc.CallQueueManager (CallQueueManager.java:<init>(84)) - Using callQueue: class java.util.concurrent.LinkedBlockingQueue, queueCapacity: 2000, scheduler: class org.apache.hadoop.ipc.DefaultRpcScheduler, ipcBackoff: false.
2019-07-16 14:28:04,655 INFO  ipc.Server (Server.java:run(1074)) - Starting Socket Reader #1 for port 36940
2019-07-16 14:28:04,657 INFO  ipc.CallQueueManager (CallQueueManager.java:<init>(84)) - Using callQueue: class java.util.concurrent.LinkedBlockingQueue, queueCapacity: 2000, scheduler: class org.apache.hadoop.ipc.DefaultRpcScheduler, ipcBackoff: false.
2019-07-16 14:28:04,658 INFO  ipc.Server (Server.java:run(1074)) - Starting Socket Reader #1 for port 44986
2019-07-16 14:28:04,659 INFO  ipc.CallQueueManager (CallQueueManager.java:<init>(84)) - Using callQueue: class java.util.concurrent.LinkedBlockingQueue, queueCapacity: 2000, scheduler: class org.apache.hadoop.ipc.DefaultRpcScheduler, ipcBackoff: false.
2019-07-16 14:28:04,660 INFO  ipc.Server (Server.java:run(1074)) - Starting Socket Reader #1 for port 40784
2019-07-16 14:28:04,663 INFO  hdfs.DFSUtil (DFSUtil.java:httpServerTemplateForNNAndJN(1641)) - Starting Web-server for scm at: http://0.0.0.0:0
2019-07-16 14:28:04,665 INFO  server.AuthenticationFilter (AuthenticationFilter.java:constructSecretProvider(240)) - Unable to initialize FileSignerSecretProvider, falling back to use random secrets.
2019-07-16 14:28:04,666 WARN  http.HttpRequestLog (HttpRequestLog.java:getRequestLog(97)) - Jetty request log can only be enabled using Log4j
2019-07-16 14:28:04,669 INFO  http.HttpServer2 (HttpServer2.java:addGlobalFilter(975)) - Added global filter 'safety' (class=org.apache.hadoop.http.HttpServer2$QuotingInputFilter)
2019-07-16 14:28:04,669 INFO  http.HttpServer2 (HttpServer2.java:addFilter(948)) - Added filter static_user_filter (class=org.apache.hadoop.http.lib.StaticUserWebFilter$StaticUserFilter) to context scm
2019-07-16 14:28:04,670 INFO  http.HttpServer2 (HttpServer2.java:addFilter(958)) - Added filter static_user_filter (class=org.apache.hadoop.http.lib.StaticUserWebFilter$StaticUserFilter) to context static
2019-07-16 14:28:04,670 INFO  http.HttpServer2 (HttpServer2.java:addFilter(958)) - Added filter static_user_filter (class=org.apache.hadoop.http.lib.StaticUserWebFilter$StaticUserFilter) to context logs
2019-07-16 14:28:04,673 INFO  server.StorageContainerManager (StorageContainerManager.java:start(759)) - StorageContainerLocationProtocol RPC server is listening at /0.0.0.0:40784
2019-07-16 14:28:04,676 WARN  impl.MetricsConfig (MetricsConfig.java:loadFirst(134)) - Cannot locate configuration: tried hadoop-metrics2-storagecontainermanager.properties,hadoop-metrics2.properties
2019-07-16 14:28:04,679 INFO  impl.MetricsSystemImpl (MetricsSystemImpl.java:startTimer(374)) - Scheduled Metric snapshot period at 10 second(s).
2019-07-16 14:28:04,680 INFO  impl.MetricsSystemImpl (MetricsSystemImpl.java:start(191)) - StorageContainerManager metrics system started
2019-07-16 14:28:04,741 INFO  server.SCMClientProtocolServer (SCMClientProtocolServer.java:start(149)) - RPC server for Client  is listening at /0.0.0.0:40784
2019-07-16 14:28:04,742 INFO  ipc.Server (Server.java:run(1314)) - IPC Server Responder: starting
2019-07-16 14:28:04,742 INFO  ipc.Server (Server.java:run(1153)) - IPC Server listener on 40784: starting
2019-07-16 14:28:04,746 INFO  server.StorageContainerManager (StorageContainerManager.java:start(768)) - ScmBlockLocationProtocol RPC server is listening at /0.0.0.0:44986
2019-07-16 14:28:04,746 INFO  server.SCMBlockProtocolServer (SCMBlockProtocolServer.java:start(140)) - RPC server for Block Protocol is listening at /0.0.0.0:44986
2019-07-16 14:28:04,747 INFO  ipc.Server (Server.java:run(1314)) - IPC Server Responder: starting
2019-07-16 14:28:04,747 INFO  ipc.Server (Server.java:run(1153)) - IPC Server listener on 44986: starting
2019-07-16 14:28:04,751 INFO  server.StorageContainerManager (StorageContainerManager.java:start(772)) - ScmDatanodeProtocl RPC server is listening at /0.0.0.0:36940
2019-07-16 14:28:04,751 INFO  server.SCMDatanodeProtocolServer (SCMDatanodeProtocolServer.java:start(191)) - RPC server for DataNodes is listening at /0.0.0.0:36940
2019-07-16 14:28:04,752 INFO  ipc.Server (Server.java:run(1314)) - IPC Server Responder: starting
2019-07-16 14:28:04,752 INFO  ipc.Server (Server.java:run(1153)) - IPC Server listener on 36940: starting
2019-07-16 14:28:04,756 INFO  http.HttpServer2 (HttpServer2.java:bindListener(1191)) - Jetty bound to port 41166
2019-07-16 14:28:04,756 INFO  server.Server (Server.java:doStart(351)) - jetty-9.3.24.v20180605, build timestamp: 2018-06-05T17:11:56Z, git hash: 84205aa28f11a4f31f2a3b86d1bba2cc8ab69827
2019-07-16 14:28:04,758 INFO  handler.ContextHandler (ContextHandler.java:doStart(781)) - Started o.e.j.s.ServletContextHandler@614ae4eb{/logs,file:///workdir/hadoop-ozone/integration-test/target/log,AVAILABLE}
2019-07-16 14:28:04,758 INFO  handler.ContextHandler (ContextHandler.java:doStart(781)) - Started o.e.j.s.ServletContextHandler@594f508f{/static,file:///workdir/hadoop-ozone/integration-test/target/test-classes/webapps/static,AVAILABLE}
2019-07-16 14:28:04,763 INFO  handler.ContextHandler (ContextHandler.java:doStart(781)) - Started o.e.j.w.WebAppContext@1b901f7b{/,file:///workdir/hadoop-ozone/integration-test/target/test-classes/webapps/scm/,AVAILABLE}{/scm}
2019-07-16 14:28:04,764 INFO  server.AbstractConnector (AbstractConnector.java:doStart(278)) - Started ServerConnector@2c9aeec6{HTTP/1.1,[http/1.1]}{0.0.0.0:41166}
2019-07-16 14:28:04,764 INFO  server.Server (Server.java:doStart(419)) - Started @558061ms
2019-07-16 14:28:04,765 INFO  server.BaseHttpServer (BaseHttpServer.java:updateConnectorAddress(207)) - HTTP server of SCM is listening at http://0.0.0.0:41166
2019-07-16 14:28:04,766 WARN  server.ServerUtils (ServerUtils.java:getDBPath(222)) - ozone.om.db.dirs is not configured. We recommend adding this setting. Falling back to ozone.metadata.dirs instead.
2019-07-16 14:28:04,767 INFO  util.JvmPauseMonitor (JvmPauseMonitor.java:run(188)) - Starting JVM pause monitor
2019-07-16 14:28:04,780 WARN  server.ServerUtils (ServerUtils.java:getDBPath(222)) - ozone.om.db.dirs is not configured. We recommend adding this setting. Falling back to ozone.metadata.dirs instead.
2019-07-16 14:28:04,781 INFO  om.OzoneManager (OzoneManager.java:setOMNodeDetails(626)) - OM Service ID is not set. Setting it to the default ID: omServiceIdDefault
2019-07-16 14:28:04,781 INFO  om.OzoneManager (OzoneManager.java:setOMNodeDetails(632)) - OM Node ID is not set. Setting it to the OmStorage's OmID: 06d2f97b-bc25-464f-a907-199b292d4cb6
2019-07-16 14:28:04,781 INFO  om.OzoneManager (OzoneManager.java:loadOMHAConfigs(583)) - Found matching OM address with OMServiceId: null, OMNodeId: null, RPC Address: localhost:0 and Ratis port: 9872
2019-07-16 14:28:04,789 WARN  server.ServerUtils (ServerUtils.java:getDBPath(222)) - ozone.om.db.dirs is not configured. We recommend adding this setting. Falling back to ozone.metadata.dirs instead.
2019-07-16 14:28:04,789 INFO  db.DBStoreBuilder (DBStoreBuilder.java:addTable(110)) - using custom profile for table: userTable
2019-07-16 14:28:04,789 INFO  db.DBStoreBuilder (DBStoreBuilder.java:processTables(161)) - Using default column profile:DBProfile.DISK for Table:userTable
2019-07-16 14:28:04,790 INFO  db.DBStoreBuilder (DBStoreBuilder.java:addTable(110)) - using custom profile for table: volumeTable
2019-07-16 14:28:04,790 INFO  db.DBStoreBuilder (DBStoreBuilder.java:processTables(161)) - Using default column profile:DBProfile.DISK for Table:volumeTable
2019-07-16 14:28:04,790 INFO  db.DBStoreBuilder (DBStoreBuilder.java:addTable(110)) - using custom profile for table: bucketTable
2019-07-16 14:28:04,790 INFO  db.DBStoreBuilder (DBStoreBuilder.java:processTables(161)) - Using default column profile:DBProfile.DISK for Table:bucketTable
2019-07-16 14:28:04,790 INFO  db.DBStoreBuilder (DBStoreBuilder.java:addTable(110)) - using custom profile for table: keyTable
2019-07-16 14:28:04,791 INFO  db.DBStoreBuilder (DBStoreBuilder.java:processTables(161)) - Using default column profile:DBProfile.DISK for Table:keyTable
2019-07-16 14:28:04,791 INFO  db.DBStoreBuilder (DBStoreBuilder.java:addTable(110)) - using custom profile for table: deletedTable
2019-07-16 14:28:04,791 INFO  db.DBStoreBuilder (DBStoreBuilder.java:processTables(161)) - Using default column profile:DBProfile.DISK for Table:deletedTable
2019-07-16 14:28:04,791 INFO  db.DBStoreBuilder (DBStoreBuilder.java:addTable(110)) - using custom profile for table: openKeyTable
2019-07-16 14:28:04,791 INFO  db.DBStoreBuilder (DBStoreBuilder.java:processTables(161)) - Using default column profile:DBProfile.DISK for Table:openKeyTable
2019-07-16 14:28:04,792 INFO  db.DBStoreBuilder (DBStoreBuilder.java:addTable(110)) - using custom profile for table: s3Table
2019-07-16 14:28:04,792 INFO  db.DBStoreBuilder (DBStoreBuilder.java:processTables(161)) - Using default column profile:DBProfile.DISK for Table:s3Table
2019-07-16 14:28:04,792 INFO  db.DBStoreBuilder (DBStoreBuilder.java:addTable(110)) - using custom profile for table: multipartInfoTable
2019-07-16 14:28:04,792 INFO  db.DBStoreBuilder (DBStoreBuilder.java:processTables(161)) - Using default column profile:DBProfile.DISK for Table:multipartInfoTable
2019-07-16 14:28:04,792 INFO  db.DBStoreBuilder (DBStoreBuilder.java:addTable(110)) - using custom profile for table: dTokenTable
2019-07-16 14:28:04,792 INFO  db.DBStoreBuilder (DBStoreBuilder.java:processTables(161)) - Using default column profile:DBProfile.DISK for Table:dTokenTable
2019-07-16 14:28:04,793 INFO  db.DBStoreBuilder (DBStoreBuilder.java:addTable(110)) - using custom profile for table: s3SecretTable
2019-07-16 14:28:04,793 INFO  db.DBStoreBuilder (DBStoreBuilder.java:processTables(161)) - Using default column profile:DBProfile.DISK for Table:s3SecretTable
2019-07-16 14:28:04,793 INFO  db.DBStoreBuilder (DBStoreBuilder.java:addTable(110)) - using custom profile for table: prefixTable
2019-07-16 14:28:04,793 INFO  db.DBStoreBuilder (DBStoreBuilder.java:processTables(161)) - Using default column profile:DBProfile.DISK for Table:prefixTable
2019-07-16 14:28:04,793 INFO  db.DBStoreBuilder (DBStoreBuilder.java:addTable(110)) - using custom profile for table: default
2019-07-16 14:28:04,794 INFO  db.DBStoreBuilder (DBStoreBuilder.java:processTables(167)) - Using default column profile:DBProfile.DISK for Table:default
2019-07-16 14:28:04,794 INFO  db.DBStoreBuilder (DBStoreBuilder.java:getDbProfile(198)) - Using default options. DBProfile.DISK
2019-07-16 14:28:05,236 INFO  ipc.CallQueueManager (CallQueueManager.java:<init>(84)) - Using callQueue: class java.util.concurrent.LinkedBlockingQueue, queueCapacity: 2000, scheduler: class org.apache.hadoop.ipc.DefaultRpcScheduler, ipcBackoff: false.
2019-07-16 14:28:05,237 INFO  ipc.Server (Server.java:run(1074)) - Starting Socket Reader #1 for port 46608
2019-07-16 14:28:05,252 WARN  server.ServerUtils (ServerUtils.java:getDBPath(222)) - ozone.om.db.dirs is not configured. We recommend adding this setting. Falling back to ozone.metadata.dirs instead.
2019-07-16 14:28:05,252 INFO  om.OzoneManager (OzoneManager.java:start(1224)) - OzoneManager RPC server is listening at localhost/127.0.0.1:46608
2019-07-16 14:28:05,252 INFO  impl.MetricsSystemImpl (MetricsSystemImpl.java:init(158)) - OzoneManager metrics system started (again)
2019-07-16 14:28:05,253 INFO  ipc.Server (Server.java:run(1314)) - IPC Server Responder: starting
2019-07-16 14:28:05,253 INFO  ipc.Server (Server.java:run(1153)) - IPC Server listener on 46608: starting
2019-07-16 14:28:05,257 INFO  hdfs.DFSUtil (DFSUtil.java:httpServerTemplateForNNAndJN(1641)) - Starting Web-server for ozoneManager at: http://0.0.0.0:0
2019-07-16 14:28:05,259 INFO  server.AuthenticationFilter (AuthenticationFilter.java:constructSecretProvider(240)) - Unable to initialize FileSignerSecretProvider, falling back to use random secrets.
2019-07-16 14:28:05,259 WARN  http.HttpRequestLog (HttpRequestLog.java:getRequestLog(97)) - Jetty request log can only be enabled using Log4j
2019-07-16 14:28:05,261 INFO  http.HttpServer2 (HttpServer2.java:addGlobalFilter(975)) - Added global filter 'safety' (class=org.apache.hadoop.http.HttpServer2$QuotingInputFilter)
2019-07-16 14:28:05,261 INFO  http.HttpServer2 (HttpServer2.java:addFilter(948)) - Added filter static_user_filter (class=org.apache.hadoop.http.lib.StaticUserWebFilter$StaticUserFilter) to context ozoneManager
2019-07-16 14:28:05,261 INFO  http.HttpServer2 (HttpServer2.java:addFilter(958)) - Added filter static_user_filter (class=org.apache.hadoop.http.lib.StaticUserWebFilter$StaticUserFilter) to context static
2019-07-16 14:28:05,261 INFO  http.HttpServer2 (HttpServer2.java:addFilter(958)) - Added filter static_user_filter (class=org.apache.hadoop.http.lib.StaticUserWebFilter$StaticUserFilter) to context logs
2019-07-16 14:28:05,262 INFO  http.HttpServer2 (HttpServer2.java:bindListener(1191)) - Jetty bound to port 40313
2019-07-16 14:28:05,262 INFO  server.Server (Server.java:doStart(351)) - jetty-9.3.24.v20180605, build timestamp: 2018-06-05T17:11:56Z, git hash: 84205aa28f11a4f31f2a3b86d1bba2cc8ab69827
2019-07-16 14:28:05,264 INFO  handler.ContextHandler (ContextHandler.java:doStart(781)) - Started o.e.j.s.ServletContextHandler@ecb8b3e{/logs,file:///workdir/hadoop-ozone/integration-test/target/log,AVAILABLE}
2019-07-16 14:28:05,264 INFO  handler.ContextHandler (ContextHandler.java:doStart(781)) - Started o.e.j.s.ServletContextHandler@42457891{/static,file:///workdir/hadoop-ozone/integration-test/target/test-classes/webapps/static,AVAILABLE}
2019-07-16 14:28:05,268 INFO  handler.ContextHandler (ContextHandler.java:doStart(781)) - Started o.e.j.w.WebAppContext@65a8c306{/,file:///workdir/hadoop-ozone/integration-test/target/test-classes/webapps/ozoneManager/,AVAILABLE}{/ozoneManager}
2019-07-16 14:28:05,269 INFO  server.AbstractConnector (AbstractConnector.java:doStart(278)) - Started ServerConnector@71ce19ee{HTTP/1.1,[http/1.1]}{0.0.0.0:40313}
2019-07-16 14:28:05,269 INFO  server.Server (Server.java:doStart(419)) - Started @558565ms
2019-07-16 14:28:05,270 INFO  server.BaseHttpServer (BaseHttpServer.java:updateConnectorAddress(207)) - HTTP server of OZONEMANAGER is listening at http://0.0.0.0:40313
2019-07-16 14:28:05,283 INFO  impl.MetricsSystemImpl (MetricsSystemImpl.java:init(158)) - HddsDatanode metrics system started (again)
2019-07-16 14:28:05,283 INFO  ozone.HddsDatanodeService (HddsDatanodeService.java:start(185)) - HddsDatanodeService host:trunk-nightly-gllmw-2332419065 ip:192.168.157.241
2019-07-16 14:28:05,293 INFO  volume.HddsVolume (HddsVolume.java:<init>(176)) - Creating Volume: /workdir/hadoop-ozone/integration-test/target/test-dir/MiniOzoneClusterImpl-47eba09b-2be6-457f-857a-d71b7095d2a5/datanode-0/data/containers/hdds of  storage type : DISK and capacity : 52710309888
2019-07-16 14:28:05,293 INFO  volume.VolumeSet (VolumeSet.java:initializeVolumeSet(170)) - Added Volume : /workdir/hadoop-ozone/integration-test/target/test-dir/MiniOzoneClusterImpl-47eba09b-2be6-457f-857a-d71b7095d2a5/datanode-0/data/containers/hdds to VolumeSet
2019-07-16 14:28:05,294 INFO  volume.ThrottledAsyncChecker (ThrottledAsyncChecker.java:schedule(140)) - Scheduling a check for org.apache.hadoop.ozone.container.common.volume.HddsVolume@169d5567
2019-07-16 14:28:05,294 INFO  volume.HddsVolumeChecker (HddsVolumeChecker.java:checkAllVolumes(203)) - Scheduled health check for volume org.apache.hadoop.ozone.container.common.volume.HddsVolume@169d5567
2019-07-16 14:28:05,312 INFO  impl.RaftServerProxy (ConfUtils.java:logGet(43)) - raft.rpc.type = GRPC (default)
2019-07-16 14:28:05,312 INFO  grpc.GrpcFactory (GrpcFactory.java:checkPooledByteBufAllocatorUseCacheForAllThreads(45)) - PERFORMANCE WARNING: useCacheForAllThreads is true that may cause Netty to create a lot garbage objects and, as a result, trigger GC.
	It is recommended to disable useCacheForAllThreads by setting -Dorg.apache.ratis.thirdparty.io.netty.allocator.useCacheForAllThreads=false in command line.
2019-07-16 14:28:05,312 INFO  grpc.GrpcConfigKeys$Server (ConfUtils.java:logGet(43)) - raft.grpc.server.port = 0 (default)
2019-07-16 14:28:05,313 INFO  server.GrpcService (ConfUtils.java:logGet(43)) - raft.grpc.message.size.max = 33570816 (custom)
2019-07-16 14:28:05,313 INFO  server.RaftServerConfigKeys (ConfUtils.java:logGet(43)) - raft.server.log.appender.buffer.byte-limit = 33554432 (custom)
2019-07-16 14:28:05,313 INFO  server.GrpcService (ConfUtils.java:logGet(43)) - raft.grpc.flow.control.window = 1MB (=1048576) (default)
2019-07-16 14:28:05,314 INFO  server.RaftServerConfigKeys (ConfUtils.java:logGet(43)) - raft.server.rpc.request.timeout = 3000ms (default)
2019-07-16 14:28:05,314 INFO  server.RaftServerConfigKeys (ConfUtils.java:logGet(43)) - raft.server.storage.dir = [/workdir/hadoop-ozone/integration-test/target/test-dir/MiniOzoneClusterImpl-47eba09b-2be6-457f-857a-d71b7095d2a5/datanode-0/data/ratis] (custom)
2019-07-16 14:28:05,315 INFO  replication.SimpleContainerDownloader (SimpleContainerDownloader.java:<init>(72)) - Starting container downloader service to copy containers to replicate.
2019-07-16 14:28:05,316 INFO  hdfs.DFSUtil (DFSUtil.java:httpServerTemplateForNNAndJN(1641)) - Starting Web-server for hddsDatanode at: http://0.0.0.0:0
2019-07-16 14:28:05,318 INFO  server.AuthenticationFilter (AuthenticationFilter.java:constructSecretProvider(240)) - Unable to initialize FileSignerSecretProvider, falling back to use random secrets.
2019-07-16 14:28:05,318 WARN  http.HttpRequestLog (HttpRequestLog.java:getRequestLog(97)) - Jetty request log can only be enabled using Log4j
2019-07-16 14:28:05,319 INFO  http.HttpServer2 (HttpServer2.java:addGlobalFilter(975)) - Added global filter 'safety' (class=org.apache.hadoop.http.HttpServer2$QuotingInputFilter)
2019-07-16 14:28:05,320 INFO  http.HttpServer2 (HttpServer2.java:addFilter(948)) - Added filter static_user_filter (class=org.apache.hadoop.http.lib.StaticUserWebFilter$StaticUserFilter) to context hddsDatanode
2019-07-16 14:28:05,320 INFO  http.HttpServer2 (HttpServer2.java:addFilter(958)) - Added filter static_user_filter (class=org.apache.hadoop.http.lib.StaticUserWebFilter$StaticUserFilter) to context logs
2019-07-16 14:28:05,320 INFO  http.HttpServer2 (HttpServer2.java:addFilter(958)) - Added filter static_user_filter (class=org.apache.hadoop.http.lib.StaticUserWebFilter$StaticUserFilter) to context static
2019-07-16 14:28:05,321 INFO  http.HttpServer2 (HttpServer2.java:bindListener(1191)) - Jetty bound to port 35925
2019-07-16 14:28:05,321 INFO  server.Server (Server.java:doStart(351)) - jetty-9.3.24.v20180605, build timestamp: 2018-06-05T17:11:56Z, git hash: 84205aa28f11a4f31f2a3b86d1bba2cc8ab69827
2019-07-16 14:28:05,323 INFO  handler.ContextHandler (ContextHandler.java:doStart(781)) - Started o.e.j.s.ServletContextHandler@3599b18{/logs,file:///workdir/hadoop-ozone/integration-test/target/log,AVAILABLE}
2019-07-16 14:28:05,323 INFO  handler.ContextHandler (ContextHandler.java:doStart(781)) - Started o.e.j.s.ServletContextHandler@712594f4{/static,jar:file:/home/user/.m2/repository/org/apache/hadoop/hadoop-hdds-container-service/0.5.0-SNAPSHOT/hadoop-hdds-container-service-0.5.0-SNAPSHOT.jar!/webapps/static,AVAILABLE}
2019-07-16 14:28:05,350 INFO  handler.ContextHandler (ContextHandler.java:doStart(781)) - Started o.e.j.w.WebAppContext@2adce412{/,file:///tmp/jetty-0.0.0.0-35925-hddsDatanode-_-any-5199745476345898468.dir/webapp/,AVAILABLE}{/hddsDatanode}
2019-07-16 14:28:05,350 INFO  server.AbstractConnector (AbstractConnector.java:doStart(278)) - Started ServerConnector@629cf53c{HTTP/1.1,[http/1.1]}{0.0.0.0:35925}
2019-07-16 14:28:05,351 INFO  server.Server (Server.java:doStart(419)) - Started @558647ms
2019-07-16 14:28:05,352 INFO  server.BaseHttpServer (BaseHttpServer.java:updateConnectorAddress(207)) - HTTP server of HDDSDATANODE is listening at http://0.0.0.0:35925
2019-07-16 14:28:05,657 INFO  ozone.HddsDatanodeService (HddsDatanodeService.java:startPlugins(396)) - Started plug-in org.apache.hadoop.ozone.web.OzoneHddsDatanodeService@47bfde21
2019-07-16 14:28:05,658 INFO  impl.MetricsSystemImpl (MetricsSystemImpl.java:init(158)) - HddsDatanode metrics system started (again)
2019-07-16 14:28:05,659 INFO  ozone.HddsDatanodeService (HddsDatanodeService.java:start(185)) - HddsDatanodeService host:trunk-nightly-gllmw-2332419065 ip:192.168.157.241
2019-07-16 14:28:05,661 INFO  util.JvmPauseMonitor (JvmPauseMonitor.java:run(188)) - Starting JVM pause monitor
2019-07-16 14:28:05,663 INFO  datanode.InitDatanodeState (InitDatanodeState.java:persistContainerDatanodeDetails(140)) - DatanodeDetails is persisted to /workdir/hadoop-ozone/integration-test/target/test-dir/MiniOzoneClusterImpl-47eba09b-2be6-457f-857a-d71b7095d2a5/datanode-0/meta/datanode.id
2019-07-16 14:28:05,669 INFO  volume.HddsVolume (HddsVolume.java:<init>(176)) - Creating Volume: /workdir/hadoop-ozone/integration-test/target/test-dir/MiniOzoneClusterImpl-47eba09b-2be6-457f-857a-d71b7095d2a5/datanode-1/data/containers/hdds of  storage type : DISK and capacity : 52710309888
2019-07-16 14:28:05,669 INFO  volume.VolumeSet (VolumeSet.java:initializeVolumeSet(170)) - Added Volume : /workdir/hadoop-ozone/integration-test/target/test-dir/MiniOzoneClusterImpl-47eba09b-2be6-457f-857a-d71b7095d2a5/datanode-1/data/containers/hdds to VolumeSet
2019-07-16 14:28:05,670 INFO  volume.ThrottledAsyncChecker (ThrottledAsyncChecker.java:schedule(140)) - Scheduling a check for org.apache.hadoop.ozone.container.common.volume.HddsVolume@6e54bef6
2019-07-16 14:28:05,670 INFO  volume.HddsVolumeChecker (HddsVolumeChecker.java:checkAllVolumes(203)) - Scheduled health check for volume org.apache.hadoop.ozone.container.common.volume.HddsVolume@6e54bef6
2019-07-16 14:28:05,683 INFO  impl.RaftServerProxy (ConfUtils.java:logGet(43)) - raft.rpc.type = GRPC (default)
2019-07-16 14:28:05,683 INFO  grpc.GrpcFactory (GrpcFactory.java:checkPooledByteBufAllocatorUseCacheForAllThreads(45)) - PERFORMANCE WARNING: useCacheForAllThreads is true that may cause Netty to create a lot garbage objects and, as a result, trigger GC.
	It is recommended to disable useCacheForAllThreads by setting -Dorg.apache.ratis.thirdparty.io.netty.allocator.useCacheForAllThreads=false in command line.
2019-07-16 14:28:05,683 INFO  grpc.GrpcConfigKeys$Server (ConfUtils.java:logGet(43)) - raft.grpc.server.port = 0 (default)
2019-07-16 14:28:05,684 INFO  server.GrpcService (ConfUtils.java:logGet(43)) - raft.grpc.message.size.max = 33570816 (custom)
2019-07-16 14:28:05,684 INFO  server.RaftServerConfigKeys (ConfUtils.java:logGet(43)) - raft.server.log.appender.buffer.byte-limit = 33554432 (custom)
2019-07-16 14:28:05,684 INFO  server.GrpcService (ConfUtils.java:logGet(43)) - raft.grpc.flow.control.window = 1MB (=1048576) (default)
2019-07-16 14:28:05,684 INFO  server.RaftServerConfigKeys (ConfUtils.java:logGet(43)) - raft.server.rpc.request.timeout = 3000ms (default)
2019-07-16 14:28:05,684 INFO  server.RaftServerConfigKeys (ConfUtils.java:logGet(43)) - raft.server.storage.dir = [/workdir/hadoop-ozone/integration-test/target/test-dir/MiniOzoneClusterImpl-47eba09b-2be6-457f-857a-d71b7095d2a5/datanode-1/data/ratis] (custom)
2019-07-16 14:28:05,685 INFO  replication.SimpleContainerDownloader (SimpleContainerDownloader.java:<init>(72)) - Starting container downloader service to copy containers to replicate.
2019-07-16 14:28:05,686 INFO  hdfs.DFSUtil (DFSUtil.java:httpServerTemplateForNNAndJN(1641)) - Starting Web-server for hddsDatanode at: http://0.0.0.0:0
2019-07-16 14:28:05,687 INFO  server.AuthenticationFilter (AuthenticationFilter.java:constructSecretProvider(240)) - Unable to initialize FileSignerSecretProvider, falling back to use random secrets.
2019-07-16 14:28:05,687 WARN  http.HttpRequestLog (HttpRequestLog.java:getRequestLog(97)) - Jetty request log can only be enabled using Log4j
2019-07-16 14:28:05,688 INFO  http.HttpServer2 (HttpServer2.java:addGlobalFilter(975)) - Added global filter 'safety' (class=org.apache.hadoop.http.HttpServer2$QuotingInputFilter)
2019-07-16 14:28:05,689 INFO  http.HttpServer2 (HttpServer2.java:addFilter(948)) - Added filter static_user_filter (class=org.apache.hadoop.http.lib.StaticUserWebFilter$StaticUserFilter) to context hddsDatanode
2019-07-16 14:28:05,689 INFO  http.HttpServer2 (HttpServer2.java:addFilter(958)) - Added filter static_user_filter (class=org.apache.hadoop.http.lib.StaticUserWebFilter$StaticUserFilter) to context static
2019-07-16 14:28:05,689 INFO  http.HttpServer2 (HttpServer2.java:addFilter(958)) - Added filter static_user_filter (class=org.apache.hadoop.http.lib.StaticUserWebFilter$StaticUserFilter) to context logs
2019-07-16 14:28:05,689 INFO  http.HttpServer2 (HttpServer2.java:bindListener(1191)) - Jetty bound to port 36599
2019-07-16 14:28:05,690 INFO  server.Server (Server.java:doStart(351)) - jetty-9.3.24.v20180605, build timestamp: 2018-06-05T17:11:56Z, git hash: 84205aa28f11a4f31f2a3b86d1bba2cc8ab69827
2019-07-16 14:28:05,691 INFO  handler.ContextHandler (ContextHandler.java:doStart(781)) - Started o.e.j.s.ServletContextHandler@2e4d252{/logs,file:///workdir/hadoop-ozone/integration-test/target/log,AVAILABLE}
2019-07-16 14:28:05,691 INFO  handler.ContextHandler (ContextHandler.java:doStart(781)) - Started o.e.j.s.ServletContextHandler@19b8f1bd{/static,jar:file:/home/user/.m2/repository/org/apache/hadoop/hadoop-hdds-container-service/0.5.0-SNAPSHOT/hadoop-hdds-container-service-0.5.0-SNAPSHOT.jar!/webapps/static,AVAILABLE}
2019-07-16 14:28:05,718 INFO  handler.ContextHandler (ContextHandler.java:doStart(781)) - Started o.e.j.w.WebAppContext@444ebefd{/,file:///tmp/jetty-0.0.0.0-36599-hddsDatanode-_-any-3637028785134860040.dir/webapp/,AVAILABLE}{/hddsDatanode}
2019-07-16 14:28:05,718 INFO  server.AbstractConnector (AbstractConnector.java:doStart(278)) - Started ServerConnector@2ecf4b3e{HTTP/1.1,[http/1.1]}{0.0.0.0:36599}
2019-07-16 14:28:05,718 INFO  server.Server (Server.java:doStart(419)) - Started @559014ms
2019-07-16 14:28:05,720 INFO  server.BaseHttpServer (BaseHttpServer.java:updateConnectorAddress(207)) - HTTP server of HDDSDATANODE is listening at http://0.0.0.0:36599
2019-07-16 14:28:05,820 INFO  ozone.HddsDatanodeService (HddsDatanodeService.java:startPlugins(396)) - Started plug-in org.apache.hadoop.ozone.web.OzoneHddsDatanodeService@325236f5
2019-07-16 14:28:05,820 INFO  impl.MetricsSystemImpl (MetricsSystemImpl.java:init(158)) - HddsDatanode metrics system started (again)
2019-07-16 14:28:05,821 INFO  ozone.HddsDatanodeService (HddsDatanodeService.java:start(185)) - HddsDatanodeService host:trunk-nightly-gllmw-2332419065 ip:192.168.157.241
2019-07-16 14:28:05,823 INFO  util.JvmPauseMonitor (JvmPauseMonitor.java:run(188)) - Starting JVM pause monitor
2019-07-16 14:28:05,825 INFO  datanode.InitDatanodeState (InitDatanodeState.java:persistContainerDatanodeDetails(140)) - DatanodeDetails is persisted to /workdir/hadoop-ozone/integration-test/target/test-dir/MiniOzoneClusterImpl-47eba09b-2be6-457f-857a-d71b7095d2a5/datanode-1/meta/datanode.id
2019-07-16 14:28:05,832 INFO  volume.HddsVolume (HddsVolume.java:<init>(176)) - Creating Volume: /workdir/hadoop-ozone/integration-test/target/test-dir/MiniOzoneClusterImpl-47eba09b-2be6-457f-857a-d71b7095d2a5/datanode-2/data/containers/hdds of  storage type : DISK and capacity : 52710309888
2019-07-16 14:28:05,833 INFO  volume.VolumeSet (VolumeSet.java:initializeVolumeSet(170)) - Added Volume : /workdir/hadoop-ozone/integration-test/target/test-dir/MiniOzoneClusterImpl-47eba09b-2be6-457f-857a-d71b7095d2a5/datanode-2/data/containers/hdds to VolumeSet
2019-07-16 14:28:05,833 INFO  volume.ThrottledAsyncChecker (ThrottledAsyncChecker.java:schedule(140)) - Scheduling a check for org.apache.hadoop.ozone.container.common.volume.HddsVolume@34a99d8
2019-07-16 14:28:05,833 INFO  volume.HddsVolumeChecker (HddsVolumeChecker.java:checkAllVolumes(203)) - Scheduled health check for volume org.apache.hadoop.ozone.container.common.volume.HddsVolume@34a99d8
2019-07-16 14:28:05,846 INFO  impl.RaftServerProxy (ConfUtils.java:logGet(43)) - raft.rpc.type = GRPC (default)
2019-07-16 14:28:05,846 INFO  grpc.GrpcFactory (GrpcFactory.java:checkPooledByteBufAllocatorUseCacheForAllThreads(45)) - PERFORMANCE WARNING: useCacheForAllThreads is true that may cause Netty to create a lot garbage objects and, as a result, trigger GC.
	It is recommended to disable useCacheForAllThreads by setting -Dorg.apache.ratis.thirdparty.io.netty.allocator.useCacheForAllThreads=false in command line.
2019-07-16 14:28:05,847 INFO  grpc.GrpcConfigKeys$Server (ConfUtils.java:logGet(43)) - raft.grpc.server.port = 0 (default)
2019-07-16 14:28:05,847 INFO  server.GrpcService (ConfUtils.java:logGet(43)) - raft.grpc.message.size.max = 33570816 (custom)
2019-07-16 14:28:05,847 INFO  server.RaftServerConfigKeys (ConfUtils.java:logGet(43)) - raft.server.log.appender.buffer.byte-limit = 33554432 (custom)
2019-07-16 14:28:05,847 INFO  server.GrpcService (ConfUtils.java:logGet(43)) - raft.grpc.flow.control.window = 1MB (=1048576) (default)
2019-07-16 14:28:05,847 INFO  server.RaftServerConfigKeys (ConfUtils.java:logGet(43)) - raft.server.rpc.request.timeout = 3000ms (default)
2019-07-16 14:28:05,848 INFO  server.RaftServerConfigKeys (ConfUtils.java:logGet(43)) - raft.server.storage.dir = [/workdir/hadoop-ozone/integration-test/target/test-dir/MiniOzoneClusterImpl-47eba09b-2be6-457f-857a-d71b7095d2a5/datanode-2/data/ratis] (custom)
2019-07-16 14:28:05,848 INFO  replication.SimpleContainerDownloader (SimpleContainerDownloader.java:<init>(72)) - Starting container downloader service to copy containers to replicate.
2019-07-16 14:28:05,849 INFO  hdfs.DFSUtil (DFSUtil.java:httpServerTemplateForNNAndJN(1641)) - Starting Web-server for hddsDatanode at: http://0.0.0.0:0
2019-07-16 14:28:05,850 INFO  server.AuthenticationFilter (AuthenticationFilter.java:constructSecretProvider(240)) - Unable to initialize FileSignerSecretProvider, falling back to use random secrets.
2019-07-16 14:28:05,851 WARN  http.HttpRequestLog (HttpRequestLog.java:getRequestLog(97)) - Jetty request log can only be enabled using Log4j
2019-07-16 14:28:05,852 INFO  http.HttpServer2 (HttpServer2.java:addGlobalFilter(975)) - Added global filter 'safety' (class=org.apache.hadoop.http.HttpServer2$QuotingInputFilter)
2019-07-16 14:28:05,852 INFO  http.HttpServer2 (HttpServer2.java:addFilter(948)) - Added filter static_user_filter (class=org.apache.hadoop.http.lib.StaticUserWebFilter$StaticUserFilter) to context hddsDatanode
2019-07-16 14:28:05,852 INFO  http.HttpServer2 (HttpServer2.java:addFilter(958)) - Added filter static_user_filter (class=org.apache.hadoop.http.lib.StaticUserWebFilter$StaticUserFilter) to context static
2019-07-16 14:28:05,852 INFO  http.HttpServer2 (HttpServer2.java:addFilter(958)) - Added filter static_user_filter (class=org.apache.hadoop.http.lib.StaticUserWebFilter$StaticUserFilter) to context logs
2019-07-16 14:28:05,853 INFO  http.HttpServer2 (HttpServer2.java:bindListener(1191)) - Jetty bound to port 38201
2019-07-16 14:28:05,853 INFO  server.Server (Server.java:doStart(351)) - jetty-9.3.24.v20180605, build timestamp: 2018-06-05T17:11:56Z, git hash: 84205aa28f11a4f31f2a3b86d1bba2cc8ab69827
2019-07-16 14:28:05,854 INFO  handler.ContextHandler (ContextHandler.java:doStart(781)) - Started o.e.j.s.ServletContextHandler@1c15a6aa{/logs,file:///workdir/hadoop-ozone/integration-test/target/log,AVAILABLE}
2019-07-16 14:28:05,855 INFO  handler.ContextHandler (ContextHandler.java:doStart(781)) - Started o.e.j.s.ServletContextHandler@61c4fc34{/static,jar:file:/home/user/.m2/repository/org/apache/hadoop/hadoop-hdds-container-service/0.5.0-SNAPSHOT/hadoop-hdds-container-service-0.5.0-SNAPSHOT.jar!/webapps/static,AVAILABLE}
2019-07-16 14:28:05,881 INFO  handler.ContextHandler (ContextHandler.java:doStart(781)) - Started o.e.j.w.WebAppContext@6f30d0eb{/,file:///tmp/jetty-0.0.0.0-38201-hddsDatanode-_-any-7769297112425556097.dir/webapp/,AVAILABLE}{/hddsDatanode}
2019-07-16 14:28:05,882 INFO  server.AbstractConnector (AbstractConnector.java:doStart(278)) - Started ServerConnector@22fe90df{HTTP/1.1,[http/1.1]}{0.0.0.0:38201}
2019-07-16 14:28:05,882 INFO  server.Server (Server.java:doStart(419)) - Started @559178ms
2019-07-16 14:28:05,884 INFO  server.BaseHttpServer (BaseHttpServer.java:updateConnectorAddress(207)) - HTTP server of HDDSDATANODE is listening at http://0.0.0.0:38201
2019-07-16 14:28:05,984 INFO  ozone.HddsDatanodeService (HddsDatanodeService.java:startPlugins(396)) - Started plug-in org.apache.hadoop.ozone.web.OzoneHddsDatanodeService@2a4f1bc5
2019-07-16 14:28:05,984 INFO  impl.MetricsSystemImpl (MetricsSystemImpl.java:init(158)) - HddsDatanode metrics system started (again)
2019-07-16 14:28:05,985 INFO  ozone.HddsDatanodeService (HddsDatanodeService.java:start(185)) - HddsDatanodeService host:trunk-nightly-gllmw-2332419065 ip:192.168.157.241
2019-07-16 14:28:05,988 INFO  util.JvmPauseMonitor (JvmPauseMonitor.java:run(188)) - Starting JVM pause monitor
2019-07-16 14:28:05,989 INFO  datanode.InitDatanodeState (InitDatanodeState.java:persistContainerDatanodeDetails(140)) - DatanodeDetails is persisted to /workdir/hadoop-ozone/integration-test/target/test-dir/MiniOzoneClusterImpl-47eba09b-2be6-457f-857a-d71b7095d2a5/datanode-2/meta/datanode.id
2019-07-16 14:28:05,996 INFO  volume.HddsVolume (HddsVolume.java:<init>(176)) - Creating Volume: /workdir/hadoop-ozone/integration-test/target/test-dir/MiniOzoneClusterImpl-47eba09b-2be6-457f-857a-d71b7095d2a5/datanode-3/data/containers/hdds of  storage type : DISK and capacity : 52710309888
2019-07-16 14:28:05,996 INFO  volume.VolumeSet (VolumeSet.java:initializeVolumeSet(170)) - Added Volume : /workdir/hadoop-ozone/integration-test/target/test-dir/MiniOzoneClusterImpl-47eba09b-2be6-457f-857a-d71b7095d2a5/datanode-3/data/containers/hdds to VolumeSet
2019-07-16 14:28:05,997 INFO  volume.ThrottledAsyncChecker (ThrottledAsyncChecker.java:schedule(140)) - Scheduling a check for org.apache.hadoop.ozone.container.common.volume.HddsVolume@39f7cc46
2019-07-16 14:28:05,997 INFO  volume.HddsVolumeChecker (HddsVolumeChecker.java:checkAllVolumes(203)) - Scheduled health check for volume org.apache.hadoop.ozone.container.common.volume.HddsVolume@39f7cc46
2019-07-16 14:28:06,010 INFO  impl.RaftServerProxy (ConfUtils.java:logGet(43)) - raft.rpc.type = GRPC (default)
2019-07-16 14:28:06,011 INFO  grpc.GrpcFactory (GrpcFactory.java:checkPooledByteBufAllocatorUseCacheForAllThreads(45)) - PERFORMANCE WARNING: useCacheForAllThreads is true that may cause Netty to create a lot garbage objects and, as a result, trigger GC.
	It is recommended to disable useCacheForAllThreads by setting -Dorg.apache.ratis.thirdparty.io.netty.allocator.useCacheForAllThreads=false in command line.
2019-07-16 14:28:06,011 INFO  grpc.GrpcConfigKeys$Server (ConfUtils.java:logGet(43)) - raft.grpc.server.port = 0 (default)
2019-07-16 14:28:06,011 INFO  server.GrpcService (ConfUtils.java:logGet(43)) - raft.grpc.message.size.max = 33570816 (custom)
2019-07-16 14:28:06,011 INFO  server.RaftServerConfigKeys (ConfUtils.java:logGet(43)) - raft.server.log.appender.buffer.byte-limit = 33554432 (custom)
2019-07-16 14:28:06,011 INFO  server.GrpcService (ConfUtils.java:logGet(43)) - raft.grpc.flow.control.window = 1MB (=1048576) (default)
2019-07-16 14:28:06,011 INFO  server.RaftServerConfigKeys (ConfUtils.java:logGet(43)) - raft.server.rpc.request.timeout = 3000ms (default)
2019-07-16 14:28:06,012 INFO  server.RaftServerConfigKeys (ConfUtils.java:logGet(43)) - raft.server.storage.dir = [/workdir/hadoop-ozone/integration-test/target/test-dir/MiniOzoneClusterImpl-47eba09b-2be6-457f-857a-d71b7095d2a5/datanode-3/data/ratis] (custom)
2019-07-16 14:28:06,012 INFO  replication.SimpleContainerDownloader (SimpleContainerDownloader.java:<init>(72)) - Starting container downloader service to copy containers to replicate.
2019-07-16 14:28:06,013 INFO  hdfs.DFSUtil (DFSUtil.java:httpServerTemplateForNNAndJN(1641)) - Starting Web-server for hddsDatanode at: http://0.0.0.0:0
2019-07-16 14:28:06,014 INFO  server.AuthenticationFilter (AuthenticationFilter.java:constructSecretProvider(240)) - Unable to initialize FileSignerSecretProvider, falling back to use random secrets.
2019-07-16 14:28:06,015 WARN  http.HttpRequestLog (HttpRequestLog.java:getRequestLog(97)) - Jetty request log can only be enabled using Log4j
2019-07-16 14:28:06,016 INFO  http.HttpServer2 (HttpServer2.java:addGlobalFilter(975)) - Added global filter 'safety' (class=org.apache.hadoop.http.HttpServer2$QuotingInputFilter)
2019-07-16 14:28:06,016 INFO  http.HttpServer2 (HttpServer2.java:addFilter(948)) - Added filter static_user_filter (class=org.apache.hadoop.http.lib.StaticUserWebFilter$StaticUserFilter) to context hddsDatanode
2019-07-16 14:28:06,016 INFO  http.HttpServer2 (HttpServer2.java:addFilter(958)) - Added filter static_user_filter (class=org.apache.hadoop.http.lib.StaticUserWebFilter$StaticUserFilter) to context logs
2019-07-16 14:28:06,016 INFO  http.HttpServer2 (HttpServer2.java:addFilter(958)) - Added filter static_user_filter (class=org.apache.hadoop.http.lib.StaticUserWebFilter$StaticUserFilter) to context static
2019-07-16 14:28:06,017 INFO  http.HttpServer2 (HttpServer2.java:bindListener(1191)) - Jetty bound to port 36703
2019-07-16 14:28:06,017 INFO  server.Server (Server.java:doStart(351)) - jetty-9.3.24.v20180605, build timestamp: 2018-06-05T17:11:56Z, git hash: 84205aa28f11a4f31f2a3b86d1bba2cc8ab69827
2019-07-16 14:28:06,018 INFO  handler.ContextHandler (ContextHandler.java:doStart(781)) - Started o.e.j.s.ServletContextHandler@20fdaf3e{/logs,file:///workdir/hadoop-ozone/integration-test/target/log,AVAILABLE}
2019-07-16 14:28:06,019 INFO  handler.ContextHandler (ContextHandler.java:doStart(781)) - Started o.e.j.s.ServletContextHandler@9d2c0ed{/static,jar:file:/home/user/.m2/repository/org/apache/hadoop/hadoop-hdds-container-service/0.5.0-SNAPSHOT/hadoop-hdds-container-service-0.5.0-SNAPSHOT.jar!/webapps/static,AVAILABLE}
2019-07-16 14:28:06,045 INFO  handler.ContextHandler (ContextHandler.java:doStart(781)) - Started o.e.j.w.WebAppContext@5625ba2{/,file:///tmp/jetty-0.0.0.0-36703-hddsDatanode-_-any-2177844065854427825.dir/webapp/,AVAILABLE}{/hddsDatanode}
2019-07-16 14:28:06,045 INFO  server.AbstractConnector (AbstractConnector.java:doStart(278)) - Started ServerConnector@47bbf44d{HTTP/1.1,[http/1.1]}{0.0.0.0:36703}
2019-07-16 14:28:06,045 INFO  server.Server (Server.java:doStart(419)) - Started @559342ms
2019-07-16 14:28:06,047 INFO  server.BaseHttpServer (BaseHttpServer.java:updateConnectorAddress(207)) - HTTP server of HDDSDATANODE is listening at http://0.0.0.0:36703
2019-07-16 14:28:06,147 INFO  ozone.HddsDatanodeService (HddsDatanodeService.java:startPlugins(396)) - Started plug-in org.apache.hadoop.ozone.web.OzoneHddsDatanodeService@40625ac6
2019-07-16 14:28:06,147 INFO  impl.MetricsSystemImpl (MetricsSystemImpl.java:init(158)) - HddsDatanode metrics system started (again)
2019-07-16 14:28:06,148 INFO  ozone.HddsDatanodeService (HddsDatanodeService.java:start(185)) - HddsDatanodeService host:trunk-nightly-gllmw-2332419065 ip:192.168.157.241
2019-07-16 14:28:06,151 INFO  util.JvmPauseMonitor (JvmPauseMonitor.java:run(188)) - Starting JVM pause monitor
2019-07-16 14:28:06,152 INFO  datanode.InitDatanodeState (InitDatanodeState.java:persistContainerDatanodeDetails(140)) - DatanodeDetails is persisted to /workdir/hadoop-ozone/integration-test/target/test-dir/MiniOzoneClusterImpl-47eba09b-2be6-457f-857a-d71b7095d2a5/datanode-3/meta/datanode.id
2019-07-16 14:28:06,159 INFO  volume.HddsVolume (HddsVolume.java:<init>(176)) - Creating Volume: /workdir/hadoop-ozone/integration-test/target/test-dir/MiniOzoneClusterImpl-47eba09b-2be6-457f-857a-d71b7095d2a5/datanode-4/data/containers/hdds of  storage type : DISK and capacity : 52710309888
2019-07-16 14:28:06,159 INFO  volume.VolumeSet (VolumeSet.java:initializeVolumeSet(170)) - Added Volume : /workdir/hadoop-ozone/integration-test/target/test-dir/MiniOzoneClusterImpl-47eba09b-2be6-457f-857a-d71b7095d2a5/datanode-4/data/containers/hdds to VolumeSet
2019-07-16 14:28:06,159 INFO  volume.ThrottledAsyncChecker (ThrottledAsyncChecker.java:schedule(140)) - Scheduling a check for org.apache.hadoop.ozone.container.common.volume.HddsVolume@53b83897
2019-07-16 14:28:06,160 INFO  volume.HddsVolumeChecker (HddsVolumeChecker.java:checkAllVolumes(203)) - Scheduled health check for volume org.apache.hadoop.ozone.container.common.volume.HddsVolume@53b83897
2019-07-16 14:28:06,174 INFO  impl.RaftServerProxy (ConfUtils.java:logGet(43)) - raft.rpc.type = GRPC (default)
2019-07-16 14:28:06,174 INFO  grpc.GrpcFactory (GrpcFactory.java:checkPooledByteBufAllocatorUseCacheForAllThreads(45)) - PERFORMANCE WARNING: useCacheForAllThreads is true that may cause Netty to create a lot garbage objects and, as a result, trigger GC.
	It is recommended to disable useCacheForAllThreads by setting -Dorg.apache.ratis.thirdparty.io.netty.allocator.useCacheForAllThreads=false in command line.
2019-07-16 14:28:06,174 INFO  grpc.GrpcConfigKeys$Server (ConfUtils.java:logGet(43)) - raft.grpc.server.port = 0 (default)
2019-07-16 14:28:06,175 INFO  server.GrpcService (ConfUtils.java:logGet(43)) - raft.grpc.message.size.max = 33570816 (custom)
2019-07-16 14:28:06,175 INFO  server.RaftServerConfigKeys (ConfUtils.java:logGet(43)) - raft.server.log.appender.buffer.byte-limit = 33554432 (custom)
2019-07-16 14:28:06,175 INFO  server.GrpcService (ConfUtils.java:logGet(43)) - raft.grpc.flow.control.window = 1MB (=1048576) (default)
2019-07-16 14:28:06,175 INFO  server.RaftServerConfigKeys (ConfUtils.java:logGet(43)) - raft.server.rpc.request.timeout = 3000ms (default)
2019-07-16 14:28:06,176 INFO  server.RaftServerConfigKeys (ConfUtils.java:logGet(43)) - raft.server.storage.dir = [/workdir/hadoop-ozone/integration-test/target/test-dir/MiniOzoneClusterImpl-47eba09b-2be6-457f-857a-d71b7095d2a5/datanode-4/data/ratis] (custom)
2019-07-16 14:28:06,177 INFO  replication.SimpleContainerDownloader (SimpleContainerDownloader.java:<init>(72)) - Starting container downloader service to copy containers to replicate.
2019-07-16 14:28:06,178 INFO  hdfs.DFSUtil (DFSUtil.java:httpServerTemplateForNNAndJN(1641)) - Starting Web-server for hddsDatanode at: http://0.0.0.0:0
2019-07-16 14:28:06,179 INFO  server.AuthenticationFilter (AuthenticationFilter.java:constructSecretProvider(240)) - Unable to initialize FileSignerSecretProvider, falling back to use random secrets.
2019-07-16 14:28:06,179 WARN  http.HttpRequestLog (HttpRequestLog.java:getRequestLog(97)) - Jetty request log can only be enabled using Log4j
2019-07-16 14:28:06,180 INFO  http.HttpServer2 (HttpServer2.java:addGlobalFilter(975)) - Added global filter 'safety' (class=org.apache.hadoop.http.HttpServer2$QuotingInputFilter)
2019-07-16 14:28:06,181 INFO  http.HttpServer2 (HttpServer2.java:addFilter(948)) - Added filter static_user_filter (class=org.apache.hadoop.http.lib.StaticUserWebFilter$StaticUserFilter) to context hddsDatanode
2019-07-16 14:28:06,181 INFO  http.HttpServer2 (HttpServer2.java:addFilter(958)) - Added filter static_user_filter (class=org.apache.hadoop.http.lib.StaticUserWebFilter$StaticUserFilter) to context logs
2019-07-16 14:28:06,181 INFO  http.HttpServer2 (HttpServer2.java:addFilter(958)) - Added filter static_user_filter (class=org.apache.hadoop.http.lib.StaticUserWebFilter$StaticUserFilter) to context static
2019-07-16 14:28:06,182 INFO  http.HttpServer2 (HttpServer2.java:bindListener(1191)) - Jetty bound to port 45618
2019-07-16 14:28:06,182 INFO  server.Server (Server.java:doStart(351)) - jetty-9.3.24.v20180605, build timestamp: 2018-06-05T17:11:56Z, git hash: 84205aa28f11a4f31f2a3b86d1bba2cc8ab69827
2019-07-16 14:28:06,184 INFO  handler.ContextHandler (ContextHandler.java:doStart(781)) - Started o.e.j.s.ServletContextHandler@6a9f8c2f{/logs,file:///workdir/hadoop-ozone/integration-test/target/log,AVAILABLE}
2019-07-16 14:28:06,184 INFO  handler.ContextHandler (ContextHandler.java:doStart(781)) - Started o.e.j.s.ServletContextHandler@3a678e40{/static,jar:file:/home/user/.m2/repository/org/apache/hadoop/hadoop-hdds-container-service/0.5.0-SNAPSHOT/hadoop-hdds-container-service-0.5.0-SNAPSHOT.jar!/webapps/static,AVAILABLE}
2019-07-16 14:28:06,211 INFO  handler.ContextHandler (ContextHandler.java:doStart(781)) - Started o.e.j.w.WebAppContext@6d5fea64{/,file:///tmp/jetty-0.0.0.0-45618-hddsDatanode-_-any-5523920527468183626.dir/webapp/,AVAILABLE}{/hddsDatanode}
2019-07-16 14:28:06,211 INFO  server.AbstractConnector (AbstractConnector.java:doStart(278)) - Started ServerConnector@4a7427f9{HTTP/1.1,[http/1.1]}{0.0.0.0:45618}
2019-07-16 14:28:06,211 INFO  server.Server (Server.java:doStart(419)) - Started @559507ms
2019-07-16 14:28:06,213 INFO  server.BaseHttpServer (BaseHttpServer.java:updateConnectorAddress(207)) - HTTP server of HDDSDATANODE is listening at http://0.0.0.0:45618
2019-07-16 14:28:06,313 INFO  ozone.HddsDatanodeService (HddsDatanodeService.java:startPlugins(396)) - Started plug-in org.apache.hadoop.ozone.web.OzoneHddsDatanodeService@4b99f2ed
2019-07-16 14:28:06,313 INFO  impl.MetricsSystemImpl (MetricsSystemImpl.java:init(158)) - HddsDatanode metrics system started (again)
2019-07-16 14:28:06,316 INFO  ozone.HddsDatanodeService (HddsDatanodeService.java:start(185)) - HddsDatanodeService host:trunk-nightly-gllmw-2332419065 ip:192.168.157.241
2019-07-16 14:28:06,317 INFO  util.JvmPauseMonitor (JvmPauseMonitor.java:run(188)) - Starting JVM pause monitor
2019-07-16 14:28:06,319 INFO  datanode.InitDatanodeState (InitDatanodeState.java:persistContainerDatanodeDetails(140)) - DatanodeDetails is persisted to /workdir/hadoop-ozone/integration-test/target/test-dir/MiniOzoneClusterImpl-47eba09b-2be6-457f-857a-d71b7095d2a5/datanode-4/meta/datanode.id
2019-07-16 14:28:06,326 INFO  volume.HddsVolume (HddsVolume.java:<init>(176)) - Creating Volume: /workdir/hadoop-ozone/integration-test/target/test-dir/MiniOzoneClusterImpl-47eba09b-2be6-457f-857a-d71b7095d2a5/datanode-5/data/containers/hdds of  storage type : DISK and capacity : 52710309888
2019-07-16 14:28:06,327 INFO  volume.VolumeSet (VolumeSet.java:initializeVolumeSet(170)) - Added Volume : /workdir/hadoop-ozone/integration-test/target/test-dir/MiniOzoneClusterImpl-47eba09b-2be6-457f-857a-d71b7095d2a5/datanode-5/data/containers/hdds to VolumeSet
2019-07-16 14:28:06,327 INFO  volume.ThrottledAsyncChecker (ThrottledAsyncChecker.java:schedule(140)) - Scheduling a check for org.apache.hadoop.ozone.container.common.volume.HddsVolume@fe337
2019-07-16 14:28:06,327 INFO  volume.HddsVolumeChecker (HddsVolumeChecker.java:checkAllVolumes(203)) - Scheduled health check for volume org.apache.hadoop.ozone.container.common.volume.HddsVolume@fe337
2019-07-16 14:28:06,341 INFO  impl.RaftServerProxy (ConfUtils.java:logGet(43)) - raft.rpc.type = GRPC (default)
2019-07-16 14:28:06,341 INFO  grpc.GrpcFactory (GrpcFactory.java:checkPooledByteBufAllocatorUseCacheForAllThreads(45)) - PERFORMANCE WARNING: useCacheForAllThreads is true that may cause Netty to create a lot garbage objects and, as a result, trigger GC.
	It is recommended to disable useCacheForAllThreads by setting -Dorg.apache.ratis.thirdparty.io.netty.allocator.useCacheForAllThreads=false in command line.
2019-07-16 14:28:06,342 INFO  grpc.GrpcConfigKeys$Server (ConfUtils.java:logGet(43)) - raft.grpc.server.port = 0 (default)
2019-07-16 14:28:06,342 INFO  server.GrpcService (ConfUtils.java:logGet(43)) - raft.grpc.message.size.max = 33570816 (custom)
2019-07-16 14:28:06,342 INFO  server.RaftServerConfigKeys (ConfUtils.java:logGet(43)) - raft.server.log.appender.buffer.byte-limit = 33554432 (custom)
2019-07-16 14:28:06,342 INFO  server.GrpcService (ConfUtils.java:logGet(43)) - raft.grpc.flow.control.window = 1MB (=1048576) (default)
2019-07-16 14:28:06,342 INFO  server.RaftServerConfigKeys (ConfUtils.java:logGet(43)) - raft.server.rpc.request.timeout = 3000ms (default)
2019-07-16 14:28:06,343 INFO  server.RaftServerConfigKeys (ConfUtils.java:logGet(43)) - raft.server.storage.dir = [/workdir/hadoop-ozone/integration-test/target/test-dir/MiniOzoneClusterImpl-47eba09b-2be6-457f-857a-d71b7095d2a5/datanode-5/data/ratis] (custom)
2019-07-16 14:28:06,343 INFO  replication.SimpleContainerDownloader (SimpleContainerDownloader.java:<init>(72)) - Starting container downloader service to copy containers to replicate.
2019-07-16 14:28:06,344 INFO  hdfs.DFSUtil (DFSUtil.java:httpServerTemplateForNNAndJN(1641)) - Starting Web-server for hddsDatanode at: http://0.0.0.0:0
2019-07-16 14:28:06,345 INFO  server.AuthenticationFilter (AuthenticationFilter.java:constructSecretProvider(240)) - Unable to initialize FileSignerSecretProvider, falling back to use random secrets.
2019-07-16 14:28:06,345 WARN  http.HttpRequestLog (HttpRequestLog.java:getRequestLog(97)) - Jetty request log can only be enabled using Log4j
2019-07-16 14:28:06,347 INFO  http.HttpServer2 (HttpServer2.java:addGlobalFilter(975)) - Added global filter 'safety' (class=org.apache.hadoop.http.HttpServer2$QuotingInputFilter)
2019-07-16 14:28:06,347 INFO  http.HttpServer2 (HttpServer2.java:addFilter(948)) - Added filter static_user_filter (class=org.apache.hadoop.http.lib.StaticUserWebFilter$StaticUserFilter) to context hddsDatanode
2019-07-16 14:28:06,347 INFO  http.HttpServer2 (HttpServer2.java:addFilter(958)) - Added filter static_user_filter (class=org.apache.hadoop.http.lib.StaticUserWebFilter$StaticUserFilter) to context static
2019-07-16 14:28:06,347 INFO  http.HttpServer2 (HttpServer2.java:addFilter(958)) - Added filter static_user_filter (class=org.apache.hadoop.http.lib.StaticUserWebFilter$StaticUserFilter) to context logs
2019-07-16 14:28:06,348 INFO  http.HttpServer2 (HttpServer2.java:bindListener(1191)) - Jetty bound to port 35850
2019-07-16 14:28:06,348 INFO  server.Server (Server.java:doStart(351)) - jetty-9.3.24.v20180605, build timestamp: 2018-06-05T17:11:56Z, git hash: 84205aa28f11a4f31f2a3b86d1bba2cc8ab69827
2019-07-16 14:28:06,349 INFO  handler.ContextHandler (ContextHandler.java:doStart(781)) - Started o.e.j.s.ServletContextHandler@2cbae0f1{/logs,file:///workdir/hadoop-ozone/integration-test/target/log,AVAILABLE}
2019-07-16 14:28:06,350 INFO  handler.ContextHandler (ContextHandler.java:doStart(781)) - Started o.e.j.s.ServletContextHandler@d8cece4{/static,jar:file:/home/user/.m2/repository/org/apache/hadoop/hadoop-hdds-container-service/0.5.0-SNAPSHOT/hadoop-hdds-container-service-0.5.0-SNAPSHOT.jar!/webapps/static,AVAILABLE}
2019-07-16 14:28:06,376 INFO  handler.ContextHandler (ContextHandler.java:doStart(781)) - Started o.e.j.w.WebAppContext@12d28106{/,file:///tmp/jetty-0.0.0.0-35850-hddsDatanode-_-any-4114712283050055320.dir/webapp/,AVAILABLE}{/hddsDatanode}
2019-07-16 14:28:06,377 INFO  server.AbstractConnector (AbstractConnector.java:doStart(278)) - Started ServerConnector@6a3c1b56{HTTP/1.1,[http/1.1]}{0.0.0.0:35850}
2019-07-16 14:28:06,377 INFO  server.Server (Server.java:doStart(419)) - Started @559673ms
2019-07-16 14:28:06,379 INFO  server.BaseHttpServer (BaseHttpServer.java:updateConnectorAddress(207)) - HTTP server of HDDSDATANODE is listening at http://0.0.0.0:35850
2019-07-16 14:28:06,511 INFO  ozone.HddsDatanodeService (HddsDatanodeService.java:startPlugins(396)) - Started plug-in org.apache.hadoop.ozone.web.OzoneHddsDatanodeService@1267f832
2019-07-16 14:28:06,511 INFO  impl.MetricsSystemImpl (MetricsSystemImpl.java:init(158)) - HddsDatanode metrics system started (again)
2019-07-16 14:28:06,513 INFO  ozone.HddsDatanodeService (HddsDatanodeService.java:start(185)) - HddsDatanodeService host:trunk-nightly-gllmw-2332419065 ip:192.168.157.241
2019-07-16 14:28:06,515 INFO  util.JvmPauseMonitor (JvmPauseMonitor.java:run(188)) - Starting JVM pause monitor
2019-07-16 14:28:06,516 INFO  datanode.InitDatanodeState (InitDatanodeState.java:persistContainerDatanodeDetails(140)) - DatanodeDetails is persisted to /workdir/hadoop-ozone/integration-test/target/test-dir/MiniOzoneClusterImpl-47eba09b-2be6-457f-857a-d71b7095d2a5/datanode-5/meta/datanode.id
2019-07-16 14:28:06,525 INFO  volume.HddsVolume (HddsVolume.java:<init>(176)) - Creating Volume: /workdir/hadoop-ozone/integration-test/target/test-dir/MiniOzoneClusterImpl-47eba09b-2be6-457f-857a-d71b7095d2a5/datanode-6/data/containers/hdds of  storage type : DISK and capacity : 52710309888
2019-07-16 14:28:06,526 INFO  volume.VolumeSet (VolumeSet.java:initializeVolumeSet(170)) - Added Volume : /workdir/hadoop-ozone/integration-test/target/test-dir/MiniOzoneClusterImpl-47eba09b-2be6-457f-857a-d71b7095d2a5/datanode-6/data/containers/hdds to VolumeSet
2019-07-16 14:28:06,526 INFO  volume.ThrottledAsyncChecker (ThrottledAsyncChecker.java:schedule(140)) - Scheduling a check for org.apache.hadoop.ozone.container.common.volume.HddsVolume@c5c2a84
2019-07-16 14:28:06,526 INFO  volume.HddsVolumeChecker (HddsVolumeChecker.java:checkAllVolumes(203)) - Scheduled health check for volume org.apache.hadoop.ozone.container.common.volume.HddsVolume@c5c2a84
2019-07-16 14:28:06,541 INFO  impl.RaftServerProxy (ConfUtils.java:logGet(43)) - raft.rpc.type = GRPC (default)
2019-07-16 14:28:06,541 INFO  grpc.GrpcFactory (GrpcFactory.java:checkPooledByteBufAllocatorUseCacheForAllThreads(45)) - PERFORMANCE WARNING: useCacheForAllThreads is true that may cause Netty to create a lot garbage objects and, as a result, trigger GC.
	It is recommended to disable useCacheForAllThreads by setting -Dorg.apache.ratis.thirdparty.io.netty.allocator.useCacheForAllThreads=false in command line.
2019-07-16 14:28:06,541 INFO  grpc.GrpcConfigKeys$Server (ConfUtils.java:logGet(43)) - raft.grpc.server.port = 0 (default)
2019-07-16 14:28:06,541 INFO  server.GrpcService (ConfUtils.java:logGet(43)) - raft.grpc.message.size.max = 33570816 (custom)
2019-07-16 14:28:06,541 INFO  server.RaftServerConfigKeys (ConfUtils.java:logGet(43)) - raft.server.log.appender.buffer.byte-limit = 33554432 (custom)
2019-07-16 14:28:06,542 INFO  server.GrpcService (ConfUtils.java:logGet(43)) - raft.grpc.flow.control.window = 1MB (=1048576) (default)
2019-07-16 14:28:06,542 INFO  server.RaftServerConfigKeys (ConfUtils.java:logGet(43)) - raft.server.rpc.request.timeout = 3000ms (default)
2019-07-16 14:28:06,542 INFO  server.RaftServerConfigKeys (ConfUtils.java:logGet(43)) - raft.server.storage.dir = [/workdir/hadoop-ozone/integration-test/target/test-dir/MiniOzoneClusterImpl-47eba09b-2be6-457f-857a-d71b7095d2a5/datanode-6/data/ratis] (custom)
2019-07-16 14:28:06,543 INFO  replication.SimpleContainerDownloader (SimpleContainerDownloader.java:<init>(72)) - Starting container downloader service to copy containers to replicate.
2019-07-16 14:28:06,544 INFO  hdfs.DFSUtil (DFSUtil.java:httpServerTemplateForNNAndJN(1641)) - Starting Web-server for hddsDatanode at: http://0.0.0.0:0
2019-07-16 14:28:06,546 INFO  server.AuthenticationFilter (AuthenticationFilter.java:constructSecretProvider(240)) - Unable to initialize FileSignerSecretProvider, falling back to use random secrets.
2019-07-16 14:28:06,546 WARN  http.HttpRequestLog (HttpRequestLog.java:getRequestLog(97)) - Jetty request log can only be enabled using Log4j
2019-07-16 14:28:06,548 INFO  http.HttpServer2 (HttpServer2.java:addGlobalFilter(975)) - Added global filter 'safety' (class=org.apache.hadoop.http.HttpServer2$QuotingInputFilter)
2019-07-16 14:28:06,549 INFO  http.HttpServer2 (HttpServer2.java:addFilter(948)) - Added filter static_user_filter (class=org.apache.hadoop.http.lib.StaticUserWebFilter$StaticUserFilter) to context hddsDatanode
2019-07-16 14:28:06,549 INFO  http.HttpServer2 (HttpServer2.java:addFilter(958)) - Added filter static_user_filter (class=org.apache.hadoop.http.lib.StaticUserWebFilter$StaticUserFilter) to context logs
2019-07-16 14:28:06,549 INFO  http.HttpServer2 (HttpServer2.java:addFilter(958)) - Added filter static_user_filter (class=org.apache.hadoop.http.lib.StaticUserWebFilter$StaticUserFilter) to context static
2019-07-16 14:28:06,550 INFO  http.HttpServer2 (HttpServer2.java:bindListener(1191)) - Jetty bound to port 44290
2019-07-16 14:28:06,551 INFO  server.Server (Server.java:doStart(351)) - jetty-9.3.24.v20180605, build timestamp: 2018-06-05T17:11:56Z, git hash: 84205aa28f11a4f31f2a3b86d1bba2cc8ab69827
2019-07-16 14:28:06,553 INFO  handler.ContextHandler (ContextHandler.java:doStart(781)) - Started o.e.j.s.ServletContextHandler@507187c1{/logs,file:///workdir/hadoop-ozone/integration-test/target/log,AVAILABLE}
2019-07-16 14:28:06,553 INFO  handler.ContextHandler (ContextHandler.java:doStart(781)) - Started o.e.j.s.ServletContextHandler@5bb90b89{/static,jar:file:/home/user/.m2/repository/org/apache/hadoop/hadoop-hdds-container-service/0.5.0-SNAPSHOT/hadoop-hdds-container-service-0.5.0-SNAPSHOT.jar!/webapps/static,AVAILABLE}
2019-07-16 14:28:06,596 INFO  handler.ContextHandler (ContextHandler.java:doStart(781)) - Started o.e.j.w.WebAppContext@213c812a{/,file:///tmp/jetty-0.0.0.0-44290-hddsDatanode-_-any-1487096804504894551.dir/webapp/,AVAILABLE}{/hddsDatanode}
2019-07-16 14:28:06,596 INFO  server.AbstractConnector (AbstractConnector.java:doStart(278)) - Started ServerConnector@25814d3c{HTTP/1.1,[http/1.1]}{0.0.0.0:44290}
2019-07-16 14:28:06,598 INFO  server.Server (Server.java:doStart(419)) - Started @559894ms
2019-07-16 14:28:06,599 INFO  server.BaseHttpServer (BaseHttpServer.java:updateConnectorAddress(207)) - HTTP server of HDDSDATANODE is listening at http://0.0.0.0:44290
2019-07-16 14:28:06,709 INFO  ozone.HddsDatanodeService (HddsDatanodeService.java:startPlugins(396)) - Started plug-in org.apache.hadoop.ozone.web.OzoneHddsDatanodeService@ee7a538
2019-07-16 14:28:06,709 INFO  ozone.MiniOzoneClusterImpl (MiniOzoneClusterImpl.java:lambda$waitForClusterToBeReady$0(142)) - Waiting for cluster to be ready. Got 0 of 7 DN Heartbeats.
2019-07-16 14:28:06,716 INFO  util.JvmPauseMonitor (JvmPauseMonitor.java:run(188)) - Starting JVM pause monitor
2019-07-16 14:28:06,719 INFO  datanode.InitDatanodeState (InitDatanodeState.java:persistContainerDatanodeDetails(140)) - DatanodeDetails is persisted to /workdir/hadoop-ozone/integration-test/target/test-dir/MiniOzoneClusterImpl-47eba09b-2be6-457f-857a-d71b7095d2a5/datanode-6/meta/datanode.id
2019-07-16 14:28:07,685 INFO  ozoneimpl.OzoneContainer (OzoneContainer.java:start(186)) - Attempting to start container services.
2019-07-16 14:28:07,685 INFO  ozoneimpl.OzoneContainer (OzoneContainer.java:startContainerScrub(160)) - Background container scrubber has been disabled by hdds.containerscrub.enabled
2019-07-16 14:28:07,685 INFO  ratis.XceiverServerRatis (XceiverServerRatis.java:start(418)) - Starting XceiverServerRatis aad6b064-f151-4eda-abe9-c978e9a928da at port 0
2019-07-16 14:28:07,693 INFO  impl.RaftServerProxy (RaftServerProxy.java:lambda$start$3(299)) - aad6b064-f151-4eda-abe9-c978e9a928da: start RPC server
2019-07-16 14:28:07,694 INFO  server.GrpcService (GrpcService.java:startImpl(149)) - aad6b064-f151-4eda-abe9-c978e9a928da: GrpcService started, listening on 0.0.0.0/0.0.0.0:41083
2019-07-16 14:28:07,694 INFO  ratis.XceiverServerRatis (XceiverServerRatis.java:start(428)) - XceiverServerRatis aad6b064-f151-4eda-abe9-c978e9a928da is started using port 41083
2019-07-16 14:28:07,700 INFO  server.XceiverServerGrpc (XceiverServerGrpc.java:start(161)) - XceiverServerGrpc aad6b064-f151-4eda-abe9-c978e9a928da is started using port 35838
2019-07-16 14:28:07,710 INFO  ozone.MiniOzoneClusterImpl (MiniOzoneClusterImpl.java:lambda$waitForClusterToBeReady$0(142)) - Waiting for cluster to be ready. Got 0 of 7 DN Heartbeats.
2019-07-16 14:28:07,837 INFO  ozoneimpl.OzoneContainer (OzoneContainer.java:start(186)) - Attempting to start container services.
2019-07-16 14:28:07,838 INFO  ozoneimpl.OzoneContainer (OzoneContainer.java:startContainerScrub(160)) - Background container scrubber has been disabled by hdds.containerscrub.enabled
2019-07-16 14:28:07,838 INFO  ratis.XceiverServerRatis (XceiverServerRatis.java:start(418)) - Starting XceiverServerRatis 96d6981a-cb83-4f3f-8f2c-51322226cd15 at port 0
2019-07-16 14:28:07,846 INFO  impl.RaftServerProxy (RaftServerProxy.java:lambda$start$3(299)) - 96d6981a-cb83-4f3f-8f2c-51322226cd15: start RPC server
2019-07-16 14:28:07,846 INFO  server.GrpcService (GrpcService.java:startImpl(149)) - 96d6981a-cb83-4f3f-8f2c-51322226cd15: GrpcService started, listening on 0.0.0.0/0.0.0.0:34371
2019-07-16 14:28:07,847 INFO  ratis.XceiverServerRatis (XceiverServerRatis.java:start(428)) - XceiverServerRatis 96d6981a-cb83-4f3f-8f2c-51322226cd15 is started using port 34371
2019-07-16 14:28:07,847 INFO  server.XceiverServerGrpc (XceiverServerGrpc.java:start(161)) - XceiverServerGrpc 96d6981a-cb83-4f3f-8f2c-51322226cd15 is started using port 38496
2019-07-16 14:28:08,014 INFO  ozoneimpl.OzoneContainer (OzoneContainer.java:start(186)) - Attempting to start container services.
2019-07-16 14:28:08,014 INFO  ozoneimpl.OzoneContainer (OzoneContainer.java:startContainerScrub(160)) - Background container scrubber has been disabled by hdds.containerscrub.enabled
2019-07-16 14:28:08,014 INFO  ratis.XceiverServerRatis (XceiverServerRatis.java:start(418)) - Starting XceiverServerRatis 822d12d0-a580-4996-8ec7-c93d7888a365 at port 0
2019-07-16 14:28:08,022 INFO  impl.RaftServerProxy (RaftServerProxy.java:lambda$start$3(299)) - 822d12d0-a580-4996-8ec7-c93d7888a365: start RPC server
2019-07-16 14:28:08,024 INFO  server.GrpcService (GrpcService.java:startImpl(149)) - 822d12d0-a580-4996-8ec7-c93d7888a365: GrpcService started, listening on 0.0.0.0/0.0.0.0:42779
2019-07-16 14:28:08,025 INFO  ratis.XceiverServerRatis (XceiverServerRatis.java:start(428)) - XceiverServerRatis 822d12d0-a580-4996-8ec7-c93d7888a365 is started using port 42779
2019-07-16 14:28:08,025 INFO  server.XceiverServerGrpc (XceiverServerGrpc.java:start(161)) - XceiverServerGrpc 822d12d0-a580-4996-8ec7-c93d7888a365 is started using port 33591
2019-07-16 14:28:08,165 INFO  ozoneimpl.OzoneContainer (OzoneContainer.java:start(186)) - Attempting to start container services.
2019-07-16 14:28:08,165 INFO  ozoneimpl.OzoneContainer (OzoneContainer.java:startContainerScrub(160)) - Background container scrubber has been disabled by hdds.containerscrub.enabled
2019-07-16 14:28:08,165 INFO  ratis.XceiverServerRatis (XceiverServerRatis.java:start(418)) - Starting XceiverServerRatis df1019c7-ec98-47c3-b032-e1f03aacc305 at port 0
2019-07-16 14:28:08,172 INFO  impl.RaftServerProxy (RaftServerProxy.java:lambda$start$3(299)) - df1019c7-ec98-47c3-b032-e1f03aacc305: start RPC server
2019-07-16 14:28:08,174 INFO  server.GrpcService (GrpcService.java:startImpl(149)) - df1019c7-ec98-47c3-b032-e1f03aacc305: GrpcService started, listening on 0.0.0.0/0.0.0.0:34549
2019-07-16 14:28:08,174 INFO  ratis.XceiverServerRatis (XceiverServerRatis.java:start(428)) - XceiverServerRatis df1019c7-ec98-47c3-b032-e1f03aacc305 is started using port 34549
2019-07-16 14:28:08,175 INFO  server.XceiverServerGrpc (XceiverServerGrpc.java:start(161)) - XceiverServerGrpc df1019c7-ec98-47c3-b032-e1f03aacc305 is started using port 44021
2019-07-16 14:28:08,333 INFO  ozoneimpl.OzoneContainer (OzoneContainer.java:start(186)) - Attempting to start container services.
2019-07-16 14:28:08,333 INFO  ozoneimpl.OzoneContainer (OzoneContainer.java:startContainerScrub(160)) - Background container scrubber has been disabled by hdds.containerscrub.enabled
2019-07-16 14:28:08,333 INFO  ratis.XceiverServerRatis (XceiverServerRatis.java:start(418)) - Starting XceiverServerRatis efaf353e-eaea-458e-8009-7c4cd0077a94 at port 0
2019-07-16 14:28:08,340 INFO  impl.RaftServerProxy (RaftServerProxy.java:lambda$start$3(299)) - efaf353e-eaea-458e-8009-7c4cd0077a94: start RPC server
2019-07-16 14:28:08,341 INFO  server.GrpcService (GrpcService.java:startImpl(149)) - efaf353e-eaea-458e-8009-7c4cd0077a94: GrpcService started, listening on 0.0.0.0/0.0.0.0:34039
2019-07-16 14:28:08,341 INFO  ratis.XceiverServerRatis (XceiverServerRatis.java:start(428)) - XceiverServerRatis efaf353e-eaea-458e-8009-7c4cd0077a94 is started using port 34039
2019-07-16 14:28:08,344 INFO  server.XceiverServerGrpc (XceiverServerGrpc.java:start(161)) - XceiverServerGrpc efaf353e-eaea-458e-8009-7c4cd0077a94 is started using port 38589
2019-07-16 14:28:08,530 INFO  ozoneimpl.OzoneContainer (OzoneContainer.java:start(186)) - Attempting to start container services.
2019-07-16 14:28:08,530 INFO  ozoneimpl.OzoneContainer (OzoneContainer.java:startContainerScrub(160)) - Background container scrubber has been disabled by hdds.containerscrub.enabled
2019-07-16 14:28:08,530 INFO  ratis.XceiverServerRatis (XceiverServerRatis.java:start(418)) - Starting XceiverServerRatis f93880e5-2c41-4a96-82e8-5ec76e61477c at port 0
2019-07-16 14:28:08,537 INFO  impl.RaftServerProxy (RaftServerProxy.java:lambda$start$3(299)) - f93880e5-2c41-4a96-82e8-5ec76e61477c: start RPC server
2019-07-16 14:28:08,541 INFO  server.GrpcService (GrpcService.java:startImpl(149)) - f93880e5-2c41-4a96-82e8-5ec76e61477c: GrpcService started, listening on 0.0.0.0/0.0.0.0:43446
2019-07-16 14:28:08,541 INFO  ratis.XceiverServerRatis (XceiverServerRatis.java:start(428)) - XceiverServerRatis f93880e5-2c41-4a96-82e8-5ec76e61477c is started using port 43446
2019-07-16 14:28:08,555 INFO  server.XceiverServerGrpc (XceiverServerGrpc.java:start(161)) - XceiverServerGrpc f93880e5-2c41-4a96-82e8-5ec76e61477c is started using port 44056
2019-07-16 14:28:08,710 INFO  ozone.MiniOzoneClusterImpl (MiniOzoneClusterImpl.java:lambda$waitForClusterToBeReady$0(142)) - Waiting for cluster to be ready. Got 0 of 7 DN Heartbeats.
2019-07-16 14:28:08,731 INFO  ozoneimpl.OzoneContainer (OzoneContainer.java:start(186)) - Attempting to start container services.
2019-07-16 14:28:08,732 INFO  ozoneimpl.OzoneContainer (OzoneContainer.java:startContainerScrub(160)) - Background container scrubber has been disabled by hdds.containerscrub.enabled
2019-07-16 14:28:08,732 INFO  ratis.XceiverServerRatis (XceiverServerRatis.java:start(418)) - Starting XceiverServerRatis 4b3754b6-0f86-429e-9502-8fad248adfd6 at port 0
2019-07-16 14:28:08,738 INFO  impl.RaftServerProxy (RaftServerProxy.java:lambda$start$3(299)) - 4b3754b6-0f86-429e-9502-8fad248adfd6: start RPC server
2019-07-16 14:28:08,741 INFO  server.GrpcService (GrpcService.java:startImpl(149)) - 4b3754b6-0f86-429e-9502-8fad248adfd6: GrpcService started, listening on 0.0.0.0/0.0.0.0:40369
2019-07-16 14:28:08,741 INFO  ratis.XceiverServerRatis (XceiverServerRatis.java:start(428)) - XceiverServerRatis 4b3754b6-0f86-429e-9502-8fad248adfd6 is started using port 40369
2019-07-16 14:28:08,742 INFO  server.XceiverServerGrpc (XceiverServerGrpc.java:start(161)) - XceiverServerGrpc 4b3754b6-0f86-429e-9502-8fad248adfd6 is started using port 41401
2019-07-16 14:28:09,666 INFO  net.NetworkTopology (NetworkTopologyImpl.java:add(110)) - Added a new node: /default-rack/192.168.157.241
2019-07-16 14:28:09,669 INFO  node.SCMNodeManager (SCMNodeManager.java:register(269)) - Registered Data node : aad6b064-f151-4eda-abe9-c978e9a928da{ip: 192.168.157.241, host: trunk-nightly-gllmw-2332419065, networkLocation: /default-rack, certSerialId: null}
2019-07-16 14:28:09,669 INFO  safemode.SCMSafeModeManager (DataNodeSafeModeRule.java:process(71)) - SCM in safe mode. 1 DataNodes registered, 1 required.
2019-07-16 14:28:09,672 INFO  safemode.SCMSafeModeManager (SCMSafeModeManager.java:validateSafeModeExitRules(177)) - ScmSafeModeManager, all rules are successfully validated
2019-07-16 14:28:09,672 INFO  safemode.SCMSafeModeManager (SCMSafeModeManager.java:exitSafeMode(193)) - SCM exiting safe mode.
2019-07-16 14:28:09,695 INFO  impl.RaftServerProxy (RaftServerProxy.java:addNew(89)) - aad6b064-f151-4eda-abe9-c978e9a928da: addNew group-BC3E0F524F45:[aad6b064-f151-4eda-abe9-c978e9a928da:192.168.157.241:41083] returns group-BC3E0F524F45:java.util.concurrent.CompletableFuture@7e3bf97[Not completed]
2019-07-16 14:28:09,696 INFO  impl.RaftServerImpl (RaftServerImpl.java:<init>(93)) - aad6b064-f151-4eda-abe9-c978e9a928da: new RaftServerImpl for group-BC3E0F524F45:[aad6b064-f151-4eda-abe9-c978e9a928da:192.168.157.241:41083] with ContainerStateMachine:uninitialized
2019-07-16 14:28:09,696 INFO  server.RaftServerConfigKeys (ConfUtils.java:logGet(43)) - raft.server.rpc.timeout.min = 5s (custom)
2019-07-16 14:28:09,696 INFO  server.RaftServerConfigKeys (ConfUtils.java:logGet(43)) - raft.server.rpc.timeout.max = 5200ms (custom)
2019-07-16 14:28:09,696 INFO  server.RaftServerConfigKeys (ConfUtils.java:logGet(43)) - raft.server.rpcslowness.timeout = 120s (custom)
2019-07-16 14:28:09,696 INFO  server.RaftServerConfigKeys (ConfUtils.java:logGet(43)) - raft.server.sleep.deviation.threshold = 300 (default)
2019-07-16 14:28:09,696 INFO  server.RaftServerConfigKeys (ConfUtils.java:logGet(43)) - raft.server.log.appender.install.snapshot.enabled = false (custom)
2019-07-16 14:28:09,697 INFO  impl.RaftServerImpl (ServerState.java:<init>(105)) - aad6b064-f151-4eda-abe9-c978e9a928da:group-BC3E0F524F45 ConfigurationManager, init=-1: [aad6b064-f151-4eda-abe9-c978e9a928da:192.168.157.241:41083], old=null, confs=<EMPTY_MAP>
2019-07-16 14:28:09,697 INFO  server.RaftServerConfigKeys (ConfUtils.java:logGet(43)) - raft.server.storage.dir = [/workdir/hadoop-ozone/integration-test/target/test-dir/MiniOzoneClusterImpl-47eba09b-2be6-457f-857a-d71b7095d2a5/datanode-0/data/ratis] (custom)
2019-07-16 14:28:09,697 INFO  storage.RaftStorageDirectory (RaftStorageDirectory.java:analyzeStorage(246)) - The storage directory /workdir/hadoop-ozone/integration-test/target/test-dir/MiniOzoneClusterImpl-47eba09b-2be6-457f-857a-d71b7095d2a5/datanode-0/data/ratis/4a752fac-a5c8-4de9-9fe4-bc3e0f524f45 does not exist. Creating ...
2019-07-16 14:28:09,711 INFO  ozone.MiniOzoneClusterImpl (MiniOzoneClusterImpl.java:lambda$waitForClusterToBeReady$0(142)) - Waiting for cluster to be ready. Got 1 of 7 DN Heartbeats.
2019-07-16 14:28:09,711 INFO  storage.RaftStorageDirectory (RaftStorageDirectory.java:tryLock(328)) - Lock on /workdir/hadoop-ozone/integration-test/target/test-dir/MiniOzoneClusterImpl-47eba09b-2be6-457f-857a-d71b7095d2a5/datanode-0/data/ratis/4a752fac-a5c8-4de9-9fe4-bc3e0f524f45/in_use.lock acquired by nodename 23803@trunk-nightly-gllmw-2332419065
2019-07-16 14:28:09,724 INFO  storage.RaftStorage (RaftStorage.java:format(72)) - Storage directory /workdir/hadoop-ozone/integration-test/target/test-dir/MiniOzoneClusterImpl-47eba09b-2be6-457f-857a-d71b7095d2a5/datanode-0/data/ratis/4a752fac-a5c8-4de9-9fe4-bc3e0f524f45 has been successfully formatted.
2019-07-16 14:28:09,724 INFO  ratis.ContainerStateMachine (ContainerStateMachine.java:loadSnapshot(200)) - group-BC3E0F524F45: The snapshot info is null. Setting the last applied indexto:(t:0, i:~)
2019-07-16 14:28:09,724 INFO  server.RaftServerConfigKeys (ConfUtils.java:logGet(43)) - raft.server.leader.election.timeout = 120s (custom)
2019-07-16 14:28:09,724 INFO  server.RaftServerConfigKeys (ConfUtils.java:logGet(43)) - raft.server.log.use.memory = false (default)
2019-07-16 14:28:09,725 INFO  server.RaftServerConfigKeys (ConfUtils.java:logGet(43)) - raft.server.log.purge.gap = 1000000000 (custom)
2019-07-16 14:28:09,725 INFO  server.RaftServerConfigKeys (ConfUtils.java:logGet(43)) - raft.server.log.appender.buffer.byte-limit = 33554432 (custom)
2019-07-16 14:28:09,725 INFO  server.RaftServerConfigKeys (ConfUtils.java:logGet(43)) - raft.server.log.segment.size.max = 1048576 (custom)
2019-07-16 14:28:09,725 INFO  server.RaftServerConfigKeys (ConfUtils.java:logGet(43)) - raft.server.log.segment.cache.num.max = 2 (custom)
2019-07-16 14:28:09,725 INFO  segmented.SegmentedRaftLogWorker (SegmentedRaftLogWorker.java:<init>(172)) - new aad6b064-f151-4eda-abe9-c978e9a928da-SegmentedRaftLogWorker:Storage Directory /workdir/hadoop-ozone/integration-test/target/test-dir/MiniOzoneClusterImpl-47eba09b-2be6-457f-857a-d71b7095d2a5/datanode-0/data/ratis/4a752fac-a5c8-4de9-9fe4-bc3e0f524f45 for RaftStorage:Storage Directory /workdir/hadoop-ozone/integration-test/target/test-dir/MiniOzoneClusterImpl-47eba09b-2be6-457f-857a-d71b7095d2a5/datanode-0/data/ratis/4a752fac-a5c8-4de9-9fe4-bc3e0f524f45
2019-07-16 14:28:09,726 INFO  server.RaftServerConfigKeys (ConfUtils.java:logGet(43)) - raft.server.log.queue.byte-limit = 2147483647 (custom)
2019-07-16 14:28:09,726 INFO  server.RaftServerConfigKeys (ConfUtils.java:logGet(43)) - raft.server.log.queue.element-limit = 1024 (custom)
2019-07-16 14:28:09,726 INFO  server.RaftServerConfigKeys (ConfUtils.java:logGet(43)) - raft.server.log.segment.size.max = 1048576 (custom)
2019-07-16 14:28:09,726 INFO  server.RaftServerConfigKeys (ConfUtils.java:logGet(43)) - raft.server.log.preallocated.size = 16384 (custom)
2019-07-16 14:28:09,727 INFO  server.RaftServerConfigKeys (ConfUtils.java:logGet(43)) - raft.server.log.write.buffer.size = 33554432 (custom)
2019-07-16 14:28:09,727 INFO  server.RaftServerConfigKeys (ConfUtils.java:logGet(43)) - raft.server.log.force.sync.num = 128 (default)
2019-07-16 14:28:09,727 INFO  server.RaftServerConfigKeys (ConfUtils.java:logGet(43)) - raft.server.log.statemachine.data.sync = true (default)
2019-07-16 14:28:09,727 INFO  server.RaftServerConfigKeys (ConfUtils.java:logGet(43)) - raft.server.log.statemachine.data.sync.timeout = 10s (default)
2019-07-16 14:28:09,727 INFO  server.RaftServerConfigKeys (ConfUtils.java:logGet(43)) - raft.server.log.statemachine.data.sync.timeout.retry = -1 (default)
2019-07-16 14:28:09,727 INFO  server.RaftServerConfigKeys (ConfUtils.java:logGet(43)) - raft.server.log.statemachine.data.caching.enabled = true (custom)
2019-07-16 14:28:09,728 INFO  segmented.SegmentedRaftLogWorker (SegmentedRaftLogWorker.java:lambda$new$0(132)) - aad6b064-f151-4eda-abe9-c978e9a928da-SegmentedRaftLogWorker:Storage Directory /workdir/hadoop-ozone/integration-test/target/test-dir/MiniOzoneClusterImpl-47eba09b-2be6-457f-857a-d71b7095d2a5/datanode-0/data/ratis/4a752fac-a5c8-4de9-9fe4-bc3e0f524f45: flushIndex: setUnconditionally 0 -> -1
2019-07-16 14:28:09,728 INFO  server.RaftServerConfigKeys (ConfUtils.java:logGet(43)) - raft.server.snapshot.auto.trigger.enabled = true (custom)
2019-07-16 14:28:09,728 INFO  server.RaftServerConfigKeys (ConfUtils.java:logGet(43)) - raft.server.snapshot.auto.trigger.threshold = 10000 (custom)
2019-07-16 14:28:09,728 INFO  server.RaftServerConfigKeys (ConfUtils.java:logGet(43)) - raft.server.retrycache.expirytime = 600000ms (custom)
2019-07-16 14:28:09,729 INFO  impl.RaftServerImpl (RaftServerImpl.java:start(180)) - aad6b064-f151-4eda-abe9-c978e9a928da: start group-BC3E0F524F45
2019-07-16 14:28:09,729 INFO  impl.RaftServerImpl (RaftServerImpl.java:setRole(171)) - aad6b064-f151-4eda-abe9-c978e9a928da:group-BC3E0F524F45 changes role from null to FOLLOWER at term 0 for startAsFollower
2019-07-16 14:28:09,729 INFO  impl.RoleInfo (RoleInfo.java:updateAndGet(143)) - aad6b064-f151-4eda-abe9-c978e9a928da: start FollowerState
2019-07-16 14:28:09,730 INFO  util.JmxRegister (JmxRegister.java:tryRegister(44)) - Successfully registered JMX Bean with object name Ratis:service=RaftServer,group=group-BC3E0F524F45,id=aad6b064-f151-4eda-abe9-c978e9a928da
2019-07-16 14:28:09,736 INFO  pipeline.PipelineStateManager (PipelineStateManager.java:addPipeline(56)) - Created pipeline Pipeline[ Id: 4a752fac-a5c8-4de9-9fe4-bc3e0f524f45, Nodes: aad6b064-f151-4eda-abe9-c978e9a928da{ip: 192.168.157.241, host: trunk-nightly-gllmw-2332419065, networkLocation: /default-rack, certSerialId: null}, Type:RATIS, Factor:ONE, State:OPEN]
2019-07-16 14:28:09,825 INFO  node.SCMNodeManager (SCMNodeManager.java:register(269)) - Registered Data node : 96d6981a-cb83-4f3f-8f2c-51322226cd15{ip: 192.168.157.241, host: trunk-nightly-gllmw-2332419065, networkLocation: /default-rack, certSerialId: null}
2019-07-16 14:28:09,833 INFO  impl.RaftServerProxy (RaftServerProxy.java:addNew(89)) - 96d6981a-cb83-4f3f-8f2c-51322226cd15: addNew group-3CF269BAC58C:[96d6981a-cb83-4f3f-8f2c-51322226cd15:192.168.157.241:34371] returns group-3CF269BAC58C:java.util.concurrent.CompletableFuture@69d28562[Not completed]
2019-07-16 14:28:09,834 INFO  impl.RaftServerImpl (RaftServerImpl.java:<init>(93)) - 96d6981a-cb83-4f3f-8f2c-51322226cd15: new RaftServerImpl for group-3CF269BAC58C:[96d6981a-cb83-4f3f-8f2c-51322226cd15:192.168.157.241:34371] with ContainerStateMachine:uninitialized
2019-07-16 14:28:09,834 INFO  server.RaftServerConfigKeys (ConfUtils.java:logGet(43)) - raft.server.rpc.timeout.min = 5s (custom)
2019-07-16 14:28:09,834 INFO  server.RaftServerConfigKeys (ConfUtils.java:logGet(43)) - raft.server.rpc.timeout.max = 5200ms (custom)
2019-07-16 14:28:09,834 INFO  server.RaftServerConfigKeys (ConfUtils.java:logGet(43)) - raft.server.rpcslowness.timeout = 120s (custom)
2019-07-16 14:28:09,834 INFO  server.RaftServerConfigKeys (ConfUtils.java:logGet(43)) - raft.server.sleep.deviation.threshold = 300 (default)
2019-07-16 14:28:09,834 INFO  server.RaftServerConfigKeys (ConfUtils.java:logGet(43)) - raft.server.log.appender.install.snapshot.enabled = false (custom)
2019-07-16 14:28:09,834 INFO  impl.RaftServerImpl (ServerState.java:<init>(105)) - 96d6981a-cb83-4f3f-8f2c-51322226cd15:group-3CF269BAC58C ConfigurationManager, init=-1: [96d6981a-cb83-4f3f-8f2c-51322226cd15:192.168.157.241:34371], old=null, confs=<EMPTY_MAP>
2019-07-16 14:28:09,834 INFO  server.RaftServerConfigKeys (ConfUtils.java:logGet(43)) - raft.server.storage.dir = [/workdir/hadoop-ozone/integration-test/target/test-dir/MiniOzoneClusterImpl-47eba09b-2be6-457f-857a-d71b7095d2a5/datanode-1/data/ratis] (custom)
2019-07-16 14:28:09,835 INFO  storage.RaftStorageDirectory (RaftStorageDirectory.java:analyzeStorage(246)) - The storage directory /workdir/hadoop-ozone/integration-test/target/test-dir/MiniOzoneClusterImpl-47eba09b-2be6-457f-857a-d71b7095d2a5/datanode-1/data/ratis/c3c84dc1-d434-4c90-820c-3cf269bac58c does not exist. Creating ...
2019-07-16 14:28:09,847 INFO  storage.RaftStorageDirectory (RaftStorageDirectory.java:tryLock(328)) - Lock on /workdir/hadoop-ozone/integration-test/target/test-dir/MiniOzoneClusterImpl-47eba09b-2be6-457f-857a-d71b7095d2a5/datanode-1/data/ratis/c3c84dc1-d434-4c90-820c-3cf269bac58c/in_use.lock acquired by nodename 23803@trunk-nightly-gllmw-2332419065
2019-07-16 14:28:09,860 INFO  storage.RaftStorage (RaftStorage.java:format(72)) - Storage directory /workdir/hadoop-ozone/integration-test/target/test-dir/MiniOzoneClusterImpl-47eba09b-2be6-457f-857a-d71b7095d2a5/datanode-1/data/ratis/c3c84dc1-d434-4c90-820c-3cf269bac58c has been successfully formatted.
2019-07-16 14:28:09,860 INFO  ratis.ContainerStateMachine (ContainerStateMachine.java:loadSnapshot(200)) - group-3CF269BAC58C: The snapshot info is null. Setting the last applied indexto:(t:0, i:~)
2019-07-16 14:28:09,860 INFO  server.RaftServerConfigKeys (ConfUtils.java:logGet(43)) - raft.server.leader.election.timeout = 120s (custom)
2019-07-16 14:28:09,860 INFO  server.RaftServerConfigKeys (ConfUtils.java:logGet(43)) - raft.server.log.use.memory = false (default)
2019-07-16 14:28:09,861 INFO  server.RaftServerConfigKeys (ConfUtils.java:logGet(43)) - raft.server.log.purge.gap = 1000000000 (custom)
2019-07-16 14:28:09,861 INFO  server.RaftServerConfigKeys (ConfUtils.java:logGet(43)) - raft.server.log.appender.buffer.byte-limit = 33554432 (custom)
2019-07-16 14:28:09,861 INFO  server.RaftServerConfigKeys (ConfUtils.java:logGet(43)) - raft.server.log.segment.size.max = 1048576 (custom)
2019-07-16 14:28:09,861 INFO  server.RaftServerConfigKeys (ConfUtils.java:logGet(43)) - raft.server.log.segment.cache.num.max = 2 (custom)
2019-07-16 14:28:09,861 INFO  segmented.SegmentedRaftLogWorker (SegmentedRaftLogWorker.java:<init>(172)) - new 96d6981a-cb83-4f3f-8f2c-51322226cd15-SegmentedRaftLogWorker:Storage Directory /workdir/hadoop-ozone/integration-test/target/test-dir/MiniOzoneClusterImpl-47eba09b-2be6-457f-857a-d71b7095d2a5/datanode-1/data/ratis/c3c84dc1-d434-4c90-820c-3cf269bac58c for RaftStorage:Storage Directory /workdir/hadoop-ozone/integration-test/target/test-dir/MiniOzoneClusterImpl-47eba09b-2be6-457f-857a-d71b7095d2a5/datanode-1/data/ratis/c3c84dc1-d434-4c90-820c-3cf269bac58c
2019-07-16 14:28:09,861 INFO  server.RaftServerConfigKeys (ConfUtils.java:logGet(43)) - raft.server.log.queue.byte-limit = 2147483647 (custom)
2019-07-16 14:28:09,861 INFO  server.RaftServerConfigKeys (ConfUtils.java:logGet(43)) - raft.server.log.queue.element-limit = 1024 (custom)
2019-07-16 14:28:09,861 INFO  server.RaftServerConfigKeys (ConfUtils.java:logGet(43)) - raft.server.log.segment.size.max = 1048576 (custom)
2019-07-16 14:28:09,861 INFO  server.RaftServerConfigKeys (ConfUtils.java:logGet(43)) - raft.server.log.preallocated.size = 16384 (custom)
2019-07-16 14:28:09,861 INFO  server.RaftServerConfigKeys (ConfUtils.java:logGet(43)) - raft.server.log.write.buffer.size = 33554432 (custom)
2019-07-16 14:28:09,862 INFO  server.RaftServerConfigKeys (ConfUtils.java:logGet(43)) - raft.server.log.force.sync.num = 128 (default)
2019-07-16 14:28:09,862 INFO  server.RaftServerConfigKeys (ConfUtils.java:logGet(43)) - raft.server.log.statemachine.data.sync = true (default)
2019-07-16 14:28:09,862 INFO  server.RaftServerConfigKeys (ConfUtils.java:logGet(43)) - raft.server.log.statemachine.data.sync.timeout = 10s (default)
2019-07-16 14:28:09,862 INFO  server.RaftServerConfigKeys (ConfUtils.java:logGet(43)) - raft.server.log.statemachine.data.sync.timeout.retry = -1 (default)
2019-07-16 14:28:09,862 INFO  server.RaftServerConfigKeys (ConfUtils.java:logGet(43)) - raft.server.log.statemachine.data.caching.enabled = true (custom)
2019-07-16 14:28:09,862 INFO  segmented.SegmentedRaftLogWorker (SegmentedRaftLogWorker.java:lambda$new$0(132)) - 96d6981a-cb83-4f3f-8f2c-51322226cd15-SegmentedRaftLogWorker:Storage Directory /workdir/hadoop-ozone/integration-test/target/test-dir/MiniOzoneClusterImpl-47eba09b-2be6-457f-857a-d71b7095d2a5/datanode-1/data/ratis/c3c84dc1-d434-4c90-820c-3cf269bac58c: flushIndex: setUnconditionally 0 -> -1
2019-07-16 14:28:09,862 INFO  server.RaftServerConfigKeys (ConfUtils.java:logGet(43)) - raft.server.snapshot.auto.trigger.enabled = true (custom)
2019-07-16 14:28:09,863 INFO  server.RaftServerConfigKeys (ConfUtils.java:logGet(43)) - raft.server.snapshot.auto.trigger.threshold = 10000 (custom)
2019-07-16 14:28:09,863 INFO  server.RaftServerConfigKeys (ConfUtils.java:logGet(43)) - raft.server.retrycache.expirytime = 600000ms (custom)
2019-07-16 14:28:09,863 INFO  impl.RaftServerImpl (RaftServerImpl.java:start(180)) - 96d6981a-cb83-4f3f-8f2c-51322226cd15: start group-3CF269BAC58C
2019-07-16 14:28:09,863 INFO  impl.RaftServerImpl (RaftServerImpl.java:setRole(171)) - 96d6981a-cb83-4f3f-8f2c-51322226cd15:group-3CF269BAC58C changes role from null to FOLLOWER at term 0 for startAsFollower
2019-07-16 14:28:09,863 INFO  impl.RoleInfo (RoleInfo.java:updateAndGet(143)) - 96d6981a-cb83-4f3f-8f2c-51322226cd15: start FollowerState
2019-07-16 14:28:09,863 INFO  util.JmxRegister (JmxRegister.java:tryRegister(44)) - Successfully registered JMX Bean with object name Ratis:service=RaftServer,group=group-3CF269BAC58C,id=96d6981a-cb83-4f3f-8f2c-51322226cd15
2019-07-16 14:28:09,867 INFO  pipeline.PipelineStateManager (PipelineStateManager.java:addPipeline(56)) - Created pipeline Pipeline[ Id: c3c84dc1-d434-4c90-820c-3cf269bac58c, Nodes: 96d6981a-cb83-4f3f-8f2c-51322226cd15{ip: 192.168.157.241, host: trunk-nightly-gllmw-2332419065, networkLocation: /default-rack, certSerialId: null}, Type:RATIS, Factor:ONE, State:OPEN]
2019-07-16 14:28:09,989 INFO  node.SCMNodeManager (SCMNodeManager.java:register(269)) - Registered Data node : 822d12d0-a580-4996-8ec7-c93d7888a365{ip: 192.168.157.241, host: trunk-nightly-gllmw-2332419065, networkLocation: /default-rack, certSerialId: null}
2019-07-16 14:28:09,998 INFO  impl.RaftServerProxy (RaftServerProxy.java:addNew(89)) - 822d12d0-a580-4996-8ec7-c93d7888a365: addNew group-B0B8F795467E:[822d12d0-a580-4996-8ec7-c93d7888a365:192.168.157.241:42779] returns group-B0B8F795467E:java.util.concurrent.CompletableFuture@10f7d730[Not completed]
2019-07-16 14:28:09,999 INFO  impl.RaftServerImpl (RaftServerImpl.java:<init>(93)) - 822d12d0-a580-4996-8ec7-c93d7888a365: new RaftServerImpl for group-B0B8F795467E:[822d12d0-a580-4996-8ec7-c93d7888a365:192.168.157.241:42779] with ContainerStateMachine:uninitialized
2019-07-16 14:28:09,999 INFO  server.RaftServerConfigKeys (ConfUtils.java:logGet(43)) - raft.server.rpc.timeout.min = 5s (custom)
2019-07-16 14:28:09,999 INFO  server.RaftServerConfigKeys (ConfUtils.java:logGet(43)) - raft.server.rpc.timeout.max = 5200ms (custom)
2019-07-16 14:28:09,999 INFO  server.RaftServerConfigKeys (ConfUtils.java:logGet(43)) - raft.server.rpcslowness.timeout = 120s (custom)
2019-07-16 14:28:09,999 INFO  server.RaftServerConfigKeys (ConfUtils.java:logGet(43)) - raft.server.sleep.deviation.threshold = 300 (default)
2019-07-16 14:28:09,999 INFO  server.RaftServerConfigKeys (ConfUtils.java:logGet(43)) - raft.server.log.appender.install.snapshot.enabled = false (custom)
2019-07-16 14:28:09,999 INFO  impl.RaftServerImpl (ServerState.java:<init>(105)) - 822d12d0-a580-4996-8ec7-c93d7888a365:group-B0B8F795467E ConfigurationManager, init=-1: [822d12d0-a580-4996-8ec7-c93d7888a365:192.168.157.241:42779], old=null, confs=<EMPTY_MAP>
2019-07-16 14:28:10,000 INFO  server.RaftServerConfigKeys (ConfUtils.java:logGet(43)) - raft.server.storage.dir = [/workdir/hadoop-ozone/integration-test/target/test-dir/MiniOzoneClusterImpl-47eba09b-2be6-457f-857a-d71b7095d2a5/datanode-2/data/ratis] (custom)
2019-07-16 14:28:10,000 INFO  storage.RaftStorageDirectory (RaftStorageDirectory.java:analyzeStorage(246)) - The storage directory /workdir/hadoop-ozone/integration-test/target/test-dir/MiniOzoneClusterImpl-47eba09b-2be6-457f-857a-d71b7095d2a5/datanode-2/data/ratis/66ce1fff-2171-4bcc-8459-b0b8f795467e does not exist. Creating ...
2019-07-16 14:28:10,014 INFO  storage.RaftStorageDirectory (RaftStorageDirectory.java:tryLock(328)) - Lock on /workdir/hadoop-ozone/integration-test/target/test-dir/MiniOzoneClusterImpl-47eba09b-2be6-457f-857a-d71b7095d2a5/datanode-2/data/ratis/66ce1fff-2171-4bcc-8459-b0b8f795467e/in_use.lock acquired by nodename 23803@trunk-nightly-gllmw-2332419065
2019-07-16 14:28:10,027 INFO  storage.RaftStorage (RaftStorage.java:format(72)) - Storage directory /workdir/hadoop-ozone/integration-test/target/test-dir/MiniOzoneClusterImpl-47eba09b-2be6-457f-857a-d71b7095d2a5/datanode-2/data/ratis/66ce1fff-2171-4bcc-8459-b0b8f795467e has been successfully formatted.
2019-07-16 14:28:10,028 INFO  ratis.ContainerStateMachine (ContainerStateMachine.java:loadSnapshot(200)) - group-B0B8F795467E: The snapshot info is null. Setting the last applied indexto:(t:0, i:~)
2019-07-16 14:28:10,028 INFO  server.RaftServerConfigKeys (ConfUtils.java:logGet(43)) - raft.server.leader.election.timeout = 120s (custom)
2019-07-16 14:28:10,028 INFO  server.RaftServerConfigKeys (ConfUtils.java:logGet(43)) - raft.server.log.use.memory = false (default)
2019-07-16 14:28:10,028 INFO  server.RaftServerConfigKeys (ConfUtils.java:logGet(43)) - raft.server.log.purge.gap = 1000000000 (custom)
2019-07-16 14:28:10,028 INFO  server.RaftServerConfigKeys (ConfUtils.java:logGet(43)) - raft.server.log.appender.buffer.byte-limit = 33554432 (custom)
2019-07-16 14:28:10,028 INFO  server.RaftServerConfigKeys (ConfUtils.java:logGet(43)) - raft.server.log.segment.size.max = 1048576 (custom)
2019-07-16 14:28:10,028 INFO  server.RaftServerConfigKeys (ConfUtils.java:logGet(43)) - raft.server.log.segment.cache.num.max = 2 (custom)
2019-07-16 14:28:10,029 INFO  segmented.SegmentedRaftLogWorker (SegmentedRaftLogWorker.java:<init>(172)) - new 822d12d0-a580-4996-8ec7-c93d7888a365-SegmentedRaftLogWorker:Storage Directory /workdir/hadoop-ozone/integration-test/target/test-dir/MiniOzoneClusterImpl-47eba09b-2be6-457f-857a-d71b7095d2a5/datanode-2/data/ratis/66ce1fff-2171-4bcc-8459-b0b8f795467e for RaftStorage:Storage Directory /workdir/hadoop-ozone/integration-test/target/test-dir/MiniOzoneClusterImpl-47eba09b-2be6-457f-857a-d71b7095d2a5/datanode-2/data/ratis/66ce1fff-2171-4bcc-8459-b0b8f795467e
2019-07-16 14:28:10,029 INFO  server.RaftServerConfigKeys (ConfUtils.java:logGet(43)) - raft.server.log.queue.byte-limit = 2147483647 (custom)
2019-07-16 14:28:10,029 INFO  server.RaftServerConfigKeys (ConfUtils.java:logGet(43)) - raft.server.log.queue.element-limit = 1024 (custom)
2019-07-16 14:28:10,029 INFO  server.RaftServerConfigKeys (ConfUtils.java:logGet(43)) - raft.server.log.segment.size.max = 1048576 (custom)
2019-07-16 14:28:10,029 INFO  server.RaftServerConfigKeys (ConfUtils.java:logGet(43)) - raft.server.log.preallocated.size = 16384 (custom)
2019-07-16 14:28:10,029 INFO  server.RaftServerConfigKeys (ConfUtils.java:logGet(43)) - raft.server.log.write.buffer.size = 33554432 (custom)
2019-07-16 14:28:10,029 INFO  server.RaftServerConfigKeys (ConfUtils.java:logGet(43)) - raft.server.log.force.sync.num = 128 (default)
2019-07-16 14:28:10,030 INFO  server.RaftServerConfigKeys (ConfUtils.java:logGet(43)) - raft.server.log.statemachine.data.sync = true (default)
2019-07-16 14:28:10,030 INFO  server.RaftServerConfigKeys (ConfUtils.java:logGet(43)) - raft.server.log.statemachine.data.sync.timeout = 10s (default)
2019-07-16 14:28:10,030 INFO  server.RaftServerConfigKeys (ConfUtils.java:logGet(43)) - raft.server.log.statemachine.data.sync.timeout.retry = -1 (default)
2019-07-16 14:28:10,030 INFO  server.RaftServerConfigKeys (ConfUtils.java:logGet(43)) - raft.server.log.statemachine.data.caching.enabled = true (custom)
2019-07-16 14:28:10,030 INFO  segmented.SegmentedRaftLogWorker (SegmentedRaftLogWorker.java:lambda$new$0(132)) - 822d12d0-a580-4996-8ec7-c93d7888a365-SegmentedRaftLogWorker:Storage Directory /workdir/hadoop-ozone/integration-test/target/test-dir/MiniOzoneClusterImpl-47eba09b-2be6-457f-857a-d71b7095d2a5/datanode-2/data/ratis/66ce1fff-2171-4bcc-8459-b0b8f795467e: flushIndex: setUnconditionally 0 -> -1
2019-07-16 14:28:10,031 INFO  server.RaftServerConfigKeys (ConfUtils.java:logGet(43)) - raft.server.snapshot.auto.trigger.enabled = true (custom)
2019-07-16 14:28:10,031 INFO  server.RaftServerConfigKeys (ConfUtils.java:logGet(43)) - raft.server.snapshot.auto.trigger.threshold = 10000 (custom)
2019-07-16 14:28:10,031 INFO  server.RaftServerConfigKeys (ConfUtils.java:logGet(43)) - raft.server.retrycache.expirytime = 600000ms (custom)
2019-07-16 14:28:10,031 INFO  impl.RaftServerImpl (RaftServerImpl.java:start(180)) - 822d12d0-a580-4996-8ec7-c93d7888a365: start group-B0B8F795467E
2019-07-16 14:28:10,031 INFO  impl.RaftServerImpl (RaftServerImpl.java:setRole(171)) - 822d12d0-a580-4996-8ec7-c93d7888a365:group-B0B8F795467E changes role from null to FOLLOWER at term 0 for startAsFollower
2019-07-16 14:28:10,031 INFO  impl.RoleInfo (RoleInfo.java:updateAndGet(143)) - 822d12d0-a580-4996-8ec7-c93d7888a365: start FollowerState
2019-07-16 14:28:10,032 INFO  util.JmxRegister (JmxRegister.java:tryRegister(44)) - Successfully registered JMX Bean with object name Ratis:service=RaftServer,group=group-B0B8F795467E,id=822d12d0-a580-4996-8ec7-c93d7888a365
2019-07-16 14:28:10,036 INFO  pipeline.PipelineStateManager (PipelineStateManager.java:addPipeline(56)) - Created pipeline Pipeline[ Id: 66ce1fff-2171-4bcc-8459-b0b8f795467e, Nodes: 822d12d0-a580-4996-8ec7-c93d7888a365{ip: 192.168.157.241, host: trunk-nightly-gllmw-2332419065, networkLocation: /default-rack, certSerialId: null}, Type:RATIS, Factor:ONE, State:OPEN]
2019-07-16 14:28:10,047 INFO  impl.RaftServerProxy (RaftServerProxy.java:addNew(89)) - 822d12d0-a580-4996-8ec7-c93d7888a365: addNew group-E9E80C8DDAAB:[96d6981a-cb83-4f3f-8f2c-51322226cd15:192.168.157.241:34371, aad6b064-f151-4eda-abe9-c978e9a928da:192.168.157.241:41083, 822d12d0-a580-4996-8ec7-c93d7888a365:192.168.157.241:42779] returns group-E9E80C8DDAAB:java.util.concurrent.CompletableFuture@4eabe5d6[Not completed]
2019-07-16 14:28:10,047 INFO  impl.RaftServerProxy (RaftServerProxy.java:addNew(89)) - 96d6981a-cb83-4f3f-8f2c-51322226cd15: addNew group-E9E80C8DDAAB:[96d6981a-cb83-4f3f-8f2c-51322226cd15:192.168.157.241:34371, aad6b064-f151-4eda-abe9-c978e9a928da:192.168.157.241:41083, 822d12d0-a580-4996-8ec7-c93d7888a365:192.168.157.241:42779] returns group-E9E80C8DDAAB:java.util.concurrent.CompletableFuture@5240b470[Not completed]
2019-07-16 14:28:10,047 INFO  impl.RaftServerProxy (RaftServerProxy.java:addNew(89)) - aad6b064-f151-4eda-abe9-c978e9a928da: addNew group-E9E80C8DDAAB:[96d6981a-cb83-4f3f-8f2c-51322226cd15:192.168.157.241:34371, aad6b064-f151-4eda-abe9-c978e9a928da:192.168.157.241:41083, 822d12d0-a580-4996-8ec7-c93d7888a365:192.168.157.241:42779] returns group-E9E80C8DDAAB:java.util.concurrent.CompletableFuture@22ed257f[Not completed]
2019-07-16 14:28:10,048 INFO  impl.RaftServerImpl (RaftServerImpl.java:<init>(93)) - 822d12d0-a580-4996-8ec7-c93d7888a365: new RaftServerImpl for group-E9E80C8DDAAB:[96d6981a-cb83-4f3f-8f2c-51322226cd15:192.168.157.241:34371, aad6b064-f151-4eda-abe9-c978e9a928da:192.168.157.241:41083, 822d12d0-a580-4996-8ec7-c93d7888a365:192.168.157.241:42779] with ContainerStateMachine:uninitialized
2019-07-16 14:28:10,048 INFO  server.RaftServerConfigKeys (ConfUtils.java:logGet(43)) - raft.server.rpc.timeout.min = 5s (custom)
2019-07-16 14:28:10,048 INFO  server.RaftServerConfigKeys (ConfUtils.java:logGet(43)) - raft.server.rpc.timeout.max = 5200ms (custom)
2019-07-16 14:28:10,048 INFO  server.RaftServerConfigKeys (ConfUtils.java:logGet(43)) - raft.server.rpcslowness.timeout = 120s (custom)
2019-07-16 14:28:10,048 INFO  server.RaftServerConfigKeys (ConfUtils.java:logGet(43)) - raft.server.sleep.deviation.threshold = 300 (default)
2019-07-16 14:28:10,048 INFO  impl.RaftServerImpl (RaftServerImpl.java:<init>(93)) - 96d6981a-cb83-4f3f-8f2c-51322226cd15: new RaftServerImpl for group-E9E80C8DDAAB:[96d6981a-cb83-4f3f-8f2c-51322226cd15:192.168.157.241:34371, aad6b064-f151-4eda-abe9-c978e9a928da:192.168.157.241:41083, 822d12d0-a580-4996-8ec7-c93d7888a365:192.168.157.241:42779] with ContainerStateMachine:uninitialized
2019-07-16 14:28:10,048 INFO  server.RaftServerConfigKeys (ConfUtils.java:logGet(43)) - raft.server.log.appender.install.snapshot.enabled = false (custom)
2019-07-16 14:28:10,048 INFO  server.RaftServerConfigKeys (ConfUtils.java:logGet(43)) - raft.server.rpc.timeout.min = 5s (custom)
2019-07-16 14:28:10,048 INFO  impl.RaftServerImpl (ServerState.java:<init>(105)) - 822d12d0-a580-4996-8ec7-c93d7888a365:group-E9E80C8DDAAB ConfigurationManager, init=-1: [96d6981a-cb83-4f3f-8f2c-51322226cd15:192.168.157.241:34371, aad6b064-f151-4eda-abe9-c978e9a928da:192.168.157.241:41083, 822d12d0-a580-4996-8ec7-c93d7888a365:192.168.157.241:42779], old=null, confs=<EMPTY_MAP>
2019-07-16 14:28:10,049 INFO  impl.RaftServerImpl (RaftServerImpl.java:<init>(93)) - aad6b064-f151-4eda-abe9-c978e9a928da: new RaftServerImpl for group-E9E80C8DDAAB:[96d6981a-cb83-4f3f-8f2c-51322226cd15:192.168.157.241:34371, aad6b064-f151-4eda-abe9-c978e9a928da:192.168.157.241:41083, 822d12d0-a580-4996-8ec7-c93d7888a365:192.168.157.241:42779] with ContainerStateMachine:uninitialized
2019-07-16 14:28:10,049 INFO  server.RaftServerConfigKeys (ConfUtils.java:logGet(43)) - raft.server.rpc.timeout.max = 5200ms (custom)
2019-07-16 14:28:10,049 INFO  server.RaftServerConfigKeys (ConfUtils.java:logGet(43)) - raft.server.rpc.timeout.min = 5s (custom)
2019-07-16 14:28:10,049 INFO  server.RaftServerConfigKeys (ConfUtils.java:logGet(43)) - raft.server.storage.dir = [/workdir/hadoop-ozone/integration-test/target/test-dir/MiniOzoneClusterImpl-47eba09b-2be6-457f-857a-d71b7095d2a5/datanode-2/data/ratis] (custom)
2019-07-16 14:28:10,049 INFO  server.RaftServerConfigKeys (ConfUtils.java:logGet(43)) - raft.server.rpc.timeout.max = 5200ms (custom)
2019-07-16 14:28:10,049 INFO  server.RaftServerConfigKeys (ConfUtils.java:logGet(43)) - raft.server.rpcslowness.timeout = 120s (custom)
2019-07-16 14:28:10,049 INFO  storage.RaftStorageDirectory (RaftStorageDirectory.java:analyzeStorage(246)) - The storage directory /workdir/hadoop-ozone/integration-test/target/test-dir/MiniOzoneClusterImpl-47eba09b-2be6-457f-857a-d71b7095d2a5/datanode-2/data/ratis/32f8785e-f5c9-449d-8836-e9e80c8ddaab does not exist. Creating ...
2019-07-16 14:28:10,049 INFO  server.RaftServerConfigKeys (ConfUtils.java:logGet(43)) - raft.server.rpcslowness.timeout = 120s (custom)
2019-07-16 14:28:10,049 INFO  server.RaftServerConfigKeys (ConfUtils.java:logGet(43)) - raft.server.sleep.deviation.threshold = 300 (default)
2019-07-16 14:28:10,050 INFO  server.RaftServerConfigKeys (ConfUtils.java:logGet(43)) - raft.server.sleep.deviation.threshold = 300 (default)
2019-07-16 14:28:10,050 INFO  server.RaftServerConfigKeys (ConfUtils.java:logGet(43)) - raft.server.log.appender.install.snapshot.enabled = false (custom)
2019-07-16 14:28:10,050 INFO  server.RaftServerConfigKeys (ConfUtils.java:logGet(43)) - raft.server.log.appender.install.snapshot.enabled = false (custom)
2019-07-16 14:28:10,050 INFO  impl.RaftServerImpl (ServerState.java:<init>(105)) - 96d6981a-cb83-4f3f-8f2c-51322226cd15:group-E9E80C8DDAAB ConfigurationManager, init=-1: [96d6981a-cb83-4f3f-8f2c-51322226cd15:192.168.157.241:34371, aad6b064-f151-4eda-abe9-c978e9a928da:192.168.157.241:41083, 822d12d0-a580-4996-8ec7-c93d7888a365:192.168.157.241:42779], old=null, confs=<EMPTY_MAP>
2019-07-16 14:28:10,050 INFO  impl.RaftServerImpl (ServerState.java:<init>(105)) - aad6b064-f151-4eda-abe9-c978e9a928da:group-E9E80C8DDAAB ConfigurationManager, init=-1: [96d6981a-cb83-4f3f-8f2c-51322226cd15:192.168.157.241:34371, aad6b064-f151-4eda-abe9-c978e9a928da:192.168.157.241:41083, 822d12d0-a580-4996-8ec7-c93d7888a365:192.168.157.241:42779], old=null, confs=<EMPTY_MAP>
2019-07-16 14:28:10,050 INFO  server.RaftServerConfigKeys (ConfUtils.java:logGet(43)) - raft.server.storage.dir = [/workdir/hadoop-ozone/integration-test/target/test-dir/MiniOzoneClusterImpl-47eba09b-2be6-457f-857a-d71b7095d2a5/datanode-1/data/ratis] (custom)
2019-07-16 14:28:10,050 INFO  server.RaftServerConfigKeys (ConfUtils.java:logGet(43)) - raft.server.storage.dir = [/workdir/hadoop-ozone/integration-test/target/test-dir/MiniOzoneClusterImpl-47eba09b-2be6-457f-857a-d71b7095d2a5/datanode-0/data/ratis] (custom)
2019-07-16 14:28:10,051 INFO  storage.RaftStorageDirectory (RaftStorageDirectory.java:analyzeStorage(246)) - The storage directory /workdir/hadoop-ozone/integration-test/target/test-dir/MiniOzoneClusterImpl-47eba09b-2be6-457f-857a-d71b7095d2a5/datanode-1/data/ratis/32f8785e-f5c9-449d-8836-e9e80c8ddaab does not exist. Creating ...
2019-07-16 14:28:10,051 INFO  storage.RaftStorageDirectory (RaftStorageDirectory.java:analyzeStorage(246)) - The storage directory /workdir/hadoop-ozone/integration-test/target/test-dir/MiniOzoneClusterImpl-47eba09b-2be6-457f-857a-d71b7095d2a5/datanode-0/data/ratis/32f8785e-f5c9-449d-8836-e9e80c8ddaab does not exist. Creating ...
2019-07-16 14:28:10,063 INFO  storage.RaftStorageDirectory (RaftStorageDirectory.java:tryLock(328)) - Lock on /workdir/hadoop-ozone/integration-test/target/test-dir/MiniOzoneClusterImpl-47eba09b-2be6-457f-857a-d71b7095d2a5/datanode-0/data/ratis/32f8785e-f5c9-449d-8836-e9e80c8ddaab/in_use.lock acquired by nodename 23803@trunk-nightly-gllmw-2332419065
2019-07-16 14:28:10,063 INFO  storage.RaftStorageDirectory (RaftStorageDirectory.java:tryLock(328)) - Lock on /workdir/hadoop-ozone/integration-test/target/test-dir/MiniOzoneClusterImpl-47eba09b-2be6-457f-857a-d71b7095d2a5/datanode-2/data/ratis/32f8785e-f5c9-449d-8836-e9e80c8ddaab/in_use.lock acquired by nodename 23803@trunk-nightly-gllmw-2332419065
2019-07-16 14:28:10,063 INFO  storage.RaftStorageDirectory (RaftStorageDirectory.java:tryLock(328)) - Lock on /workdir/hadoop-ozone/integration-test/target/test-dir/MiniOzoneClusterImpl-47eba09b-2be6-457f-857a-d71b7095d2a5/datanode-1/data/ratis/32f8785e-f5c9-449d-8836-e9e80c8ddaab/in_use.lock acquired by nodename 23803@trunk-nightly-gllmw-2332419065
2019-07-16 14:28:10,077 INFO  storage.RaftStorage (RaftStorage.java:format(72)) - Storage directory /workdir/hadoop-ozone/integration-test/target/test-dir/MiniOzoneClusterImpl-47eba09b-2be6-457f-857a-d71b7095d2a5/datanode-0/data/ratis/32f8785e-f5c9-449d-8836-e9e80c8ddaab has been successfully formatted.
2019-07-16 14:28:10,077 INFO  storage.RaftStorage (RaftStorage.java:format(72)) - Storage directory /workdir/hadoop-ozone/integration-test/target/test-dir/MiniOzoneClusterImpl-47eba09b-2be6-457f-857a-d71b7095d2a5/datanode-1/data/ratis/32f8785e-f5c9-449d-8836-e9e80c8ddaab has been successfully formatted.
2019-07-16 14:28:10,077 INFO  storage.RaftStorage (RaftStorage.java:format(72)) - Storage directory /workdir/hadoop-ozone/integration-test/target/test-dir/MiniOzoneClusterImpl-47eba09b-2be6-457f-857a-d71b7095d2a5/datanode-2/data/ratis/32f8785e-f5c9-449d-8836-e9e80c8ddaab has been successfully formatted.
2019-07-16 14:28:10,077 INFO  ratis.ContainerStateMachine (ContainerStateMachine.java:loadSnapshot(200)) - group-E9E80C8DDAAB: The snapshot info is null. Setting the last applied indexto:(t:0, i:~)
2019-07-16 14:28:10,077 INFO  ratis.ContainerStateMachine (ContainerStateMachine.java:loadSnapshot(200)) - group-E9E80C8DDAAB: The snapshot info is null. Setting the last applied indexto:(t:0, i:~)
2019-07-16 14:28:10,077 INFO  server.RaftServerConfigKeys (ConfUtils.java:logGet(43)) - raft.server.leader.election.timeout = 120s (custom)
2019-07-16 14:28:10,077 INFO  ratis.ContainerStateMachine (ContainerStateMachine.java:loadSnapshot(200)) - group-E9E80C8DDAAB: The snapshot info is null. Setting the last applied indexto:(t:0, i:~)
2019-07-16 14:28:10,078 INFO  server.RaftServerConfigKeys (ConfUtils.java:logGet(43)) - raft.server.log.use.memory = false (default)
2019-07-16 14:28:10,078 INFO  server.RaftServerConfigKeys (ConfUtils.java:logGet(43)) - raft.server.leader.election.timeout = 120s (custom)
2019-07-16 14:28:10,078 INFO  server.RaftServerConfigKeys (ConfUtils.java:logGet(43)) - raft.server.log.purge.gap = 1000000000 (custom)
2019-07-16 14:28:10,078 INFO  server.RaftServerConfigKeys (ConfUtils.java:logGet(43)) - raft.server.leader.election.timeout = 120s (custom)
2019-07-16 14:28:10,078 INFO  server.RaftServerConfigKeys (ConfUtils.java:logGet(43)) - raft.server.log.appender.buffer.byte-limit = 33554432 (custom)
2019-07-16 14:28:10,078 INFO  server.RaftServerConfigKeys (ConfUtils.java:logGet(43)) - raft.server.log.use.memory = false (default)
2019-07-16 14:28:10,079 INFO  server.RaftServerConfigKeys (ConfUtils.java:logGet(43)) - raft.server.log.segment.size.max = 1048576 (custom)
2019-07-16 14:28:10,078 INFO  server.RaftServerConfigKeys (ConfUtils.java:logGet(43)) - raft.server.log.use.memory = false (default)
2019-07-16 14:28:10,079 INFO  server.RaftServerConfigKeys (ConfUtils.java:logGet(43)) - raft.server.log.segment.cache.num.max = 2 (custom)
2019-07-16 14:28:10,079 INFO  segmented.SegmentedRaftLogWorker (SegmentedRaftLogWorker.java:<init>(172)) - new 96d6981a-cb83-4f3f-8f2c-51322226cd15-SegmentedRaftLogWorker:Storage Directory /workdir/hadoop-ozone/integration-test/target/test-dir/MiniOzoneClusterImpl-47eba09b-2be6-457f-857a-d71b7095d2a5/datanode-1/data/ratis/32f8785e-f5c9-449d-8836-e9e80c8ddaab for RaftStorage:Storage Directory /workdir/hadoop-ozone/integration-test/target/test-dir/MiniOzoneClusterImpl-47eba09b-2be6-457f-857a-d71b7095d2a5/datanode-1/data/ratis/32f8785e-f5c9-449d-8836-e9e80c8ddaab
2019-07-16 14:28:10,079 INFO  server.RaftServerConfigKeys (ConfUtils.java:logGet(43)) - raft.server.log.purge.gap = 1000000000 (custom)
2019-07-16 14:28:10,079 INFO  server.RaftServerConfigKeys (ConfUtils.java:logGet(43)) - raft.server.log.queue.byte-limit = 2147483647 (custom)
2019-07-16 14:28:10,080 INFO  server.RaftServerConfigKeys (ConfUtils.java:logGet(43)) - raft.server.log.queue.element-limit = 1024 (custom)
2019-07-16 14:28:10,079 INFO  server.RaftServerConfigKeys (ConfUtils.java:logGet(43)) - raft.server.log.purge.gap = 1000000000 (custom)
2019-07-16 14:28:10,080 INFO  server.RaftServerConfigKeys (ConfUtils.java:logGet(43)) - raft.server.log.segment.size.max = 1048576 (custom)
2019-07-16 14:28:10,080 INFO  server.RaftServerConfigKeys (ConfUtils.java:logGet(43)) - raft.server.log.preallocated.size = 16384 (custom)
2019-07-16 14:28:10,080 INFO  server.RaftServerConfigKeys (ConfUtils.java:logGet(43)) - raft.server.log.appender.buffer.byte-limit = 33554432 (custom)
2019-07-16 14:28:10,080 INFO  server.RaftServerConfigKeys (ConfUtils.java:logGet(43)) - raft.server.log.write.buffer.size = 33554432 (custom)
2019-07-16 14:28:10,080 INFO  server.RaftServerConfigKeys (ConfUtils.java:logGet(43)) - raft.server.log.appender.buffer.byte-limit = 33554432 (custom)
2019-07-16 14:28:10,081 INFO  server.RaftServerConfigKeys (ConfUtils.java:logGet(43)) - raft.server.log.force.sync.num = 128 (default)
2019-07-16 14:28:10,081 INFO  server.RaftServerConfigKeys (ConfUtils.java:logGet(43)) - raft.server.log.segment.size.max = 1048576 (custom)
2019-07-16 14:28:10,081 INFO  server.RaftServerConfigKeys (ConfUtils.java:logGet(43)) - raft.server.log.statemachine.data.sync = true (default)
2019-07-16 14:28:10,081 INFO  server.RaftServerConfigKeys (ConfUtils.java:logGet(43)) - raft.server.log.segment.size.max = 1048576 (custom)
2019-07-16 14:28:10,081 INFO  server.RaftServerConfigKeys (ConfUtils.java:logGet(43)) - raft.server.log.statemachine.data.sync.timeout = 10s (default)
2019-07-16 14:28:10,081 INFO  server.RaftServerConfigKeys (ConfUtils.java:logGet(43)) - raft.server.log.segment.cache.num.max = 2 (custom)
2019-07-16 14:28:10,082 INFO  server.RaftServerConfigKeys (ConfUtils.java:logGet(43)) - raft.server.log.statemachine.data.sync.timeout.retry = -1 (default)
2019-07-16 14:28:10,081 INFO  server.RaftServerConfigKeys (ConfUtils.java:logGet(43)) - raft.server.log.segment.cache.num.max = 2 (custom)
2019-07-16 14:28:10,082 INFO  server.RaftServerConfigKeys (ConfUtils.java:logGet(43)) - raft.server.log.statemachine.data.caching.enabled = true (custom)
2019-07-16 14:28:10,082 INFO  segmented.SegmentedRaftLogWorker (SegmentedRaftLogWorker.java:<init>(172)) - new aad6b064-f151-4eda-abe9-c978e9a928da-SegmentedRaftLogWorker:Storage Directory /workdir/hadoop-ozone/integration-test/target/test-dir/MiniOzoneClusterImpl-47eba09b-2be6-457f-857a-d71b7095d2a5/datanode-0/data/ratis/32f8785e-f5c9-449d-8836-e9e80c8ddaab for RaftStorage:Storage Directory /workdir/hadoop-ozone/integration-test/target/test-dir/MiniOzoneClusterImpl-47eba09b-2be6-457f-857a-d71b7095d2a5/datanode-0/data/ratis/32f8785e-f5c9-449d-8836-e9e80c8ddaab
2019-07-16 14:28:10,082 INFO  segmented.SegmentedRaftLogWorker (SegmentedRaftLogWorker.java:lambda$new$0(132)) - 96d6981a-cb83-4f3f-8f2c-51322226cd15-SegmentedRaftLogWorker:Storage Directory /workdir/hadoop-ozone/integration-test/target/test-dir/MiniOzoneClusterImpl-47eba09b-2be6-457f-857a-d71b7095d2a5/datanode-1/data/ratis/32f8785e-f5c9-449d-8836-e9e80c8ddaab: flushIndex: setUnconditionally 0 -> -1
2019-07-16 14:28:10,082 INFO  segmented.SegmentedRaftLogWorker (SegmentedRaftLogWorker.java:<init>(172)) - new 822d12d0-a580-4996-8ec7-c93d7888a365-SegmentedRaftLogWorker:Storage Directory /workdir/hadoop-ozone/integration-test/target/test-dir/MiniOzoneClusterImpl-47eba09b-2be6-457f-857a-d71b7095d2a5/datanode-2/data/ratis/32f8785e-f5c9-449d-8836-e9e80c8ddaab for RaftStorage:Storage Directory /workdir/hadoop-ozone/integration-test/target/test-dir/MiniOzoneClusterImpl-47eba09b-2be6-457f-857a-d71b7095d2a5/datanode-2/data/ratis/32f8785e-f5c9-449d-8836-e9e80c8ddaab
2019-07-16 14:28:10,082 INFO  server.RaftServerConfigKeys (ConfUtils.java:logGet(43)) - raft.server.log.queue.byte-limit = 2147483647 (custom)
2019-07-16 14:28:10,083 INFO  server.RaftServerConfigKeys (ConfUtils.java:logGet(43)) - raft.server.log.queue.byte-limit = 2147483647 (custom)
2019-07-16 14:28:10,083 INFO  server.RaftServerConfigKeys (ConfUtils.java:logGet(43)) - raft.server.snapshot.auto.trigger.enabled = true (custom)
2019-07-16 14:28:10,083 INFO  server.RaftServerConfigKeys (ConfUtils.java:logGet(43)) - raft.server.log.queue.element-limit = 1024 (custom)
2019-07-16 14:28:10,083 INFO  server.RaftServerConfigKeys (ConfUtils.java:logGet(43)) - raft.server.log.queue.element-limit = 1024 (custom)
2019-07-16 14:28:10,083 INFO  server.RaftServerConfigKeys (ConfUtils.java:logGet(43)) - raft.server.log.segment.size.max = 1048576 (custom)
2019-07-16 14:28:10,084 INFO  server.RaftServerConfigKeys (ConfUtils.java:logGet(43)) - raft.server.log.preallocated.size = 16384 (custom)
2019-07-16 14:28:10,083 INFO  server.RaftServerConfigKeys (ConfUtils.java:logGet(43)) - raft.server.snapshot.auto.trigger.threshold = 10000 (custom)
2019-07-16 14:28:10,084 INFO  server.RaftServerConfigKeys (ConfUtils.java:logGet(43)) - raft.server.log.write.buffer.size = 33554432 (custom)
2019-07-16 14:28:10,084 INFO  server.RaftServerConfigKeys (ConfUtils.java:logGet(43)) - raft.server.log.segment.size.max = 1048576 (custom)
2019-07-16 14:28:10,084 INFO  server.RaftServerConfigKeys (ConfUtils.java:logGet(43)) - raft.server.log.force.sync.num = 128 (default)
2019-07-16 14:28:10,084 INFO  server.RaftServerConfigKeys (ConfUtils.java:logGet(43)) - raft.server.retrycache.expirytime = 600000ms (custom)
2019-07-16 14:28:10,084 INFO  server.RaftServerConfigKeys (ConfUtils.java:logGet(43)) - raft.server.log.statemachine.data.sync = true (default)
2019-07-16 14:28:10,085 INFO  server.RaftServerConfigKeys (ConfUtils.java:logGet(43)) - raft.server.log.statemachine.data.sync.timeout = 10s (default)
2019-07-16 14:28:10,084 INFO  server.RaftServerConfigKeys (ConfUtils.java:logGet(43)) - raft.server.log.preallocated.size = 16384 (custom)
2019-07-16 14:28:10,085 INFO  server.RaftServerConfigKeys (ConfUtils.java:logGet(43)) - raft.server.log.statemachine.data.sync.timeout.retry = -1 (default)
2019-07-16 14:28:10,085 INFO  impl.RaftServerImpl (RaftServerImpl.java:start(180)) - 96d6981a-cb83-4f3f-8f2c-51322226cd15: start group-E9E80C8DDAAB
2019-07-16 14:28:10,085 INFO  server.RaftServerConfigKeys (ConfUtils.java:logGet(43)) - raft.server.log.statemachine.data.caching.enabled = true (custom)
2019-07-16 14:28:10,085 INFO  server.RaftServerConfigKeys (ConfUtils.java:logGet(43)) - raft.server.log.write.buffer.size = 33554432 (custom)
2019-07-16 14:28:10,085 INFO  impl.RaftServerImpl (RaftServerImpl.java:setRole(171)) - 96d6981a-cb83-4f3f-8f2c-51322226cd15:group-E9E80C8DDAAB changes role from null to FOLLOWER at term 0 for startAsFollower
2019-07-16 14:28:10,085 INFO  segmented.SegmentedRaftLogWorker (SegmentedRaftLogWorker.java:lambda$new$0(132)) - 822d12d0-a580-4996-8ec7-c93d7888a365-SegmentedRaftLogWorker:Storage Directory /workdir/hadoop-ozone/integration-test/target/test-dir/MiniOzoneClusterImpl-47eba09b-2be6-457f-857a-d71b7095d2a5/datanode-2/data/ratis/32f8785e-f5c9-449d-8836-e9e80c8ddaab: flushIndex: setUnconditionally 0 -> -1
2019-07-16 14:28:10,085 INFO  server.RaftServerConfigKeys (ConfUtils.java:logGet(43)) - raft.server.log.force.sync.num = 128 (default)
2019-07-16 14:28:10,086 INFO  impl.RoleInfo (RoleInfo.java:updateAndGet(143)) - 96d6981a-cb83-4f3f-8f2c-51322226cd15: start FollowerState
2019-07-16 14:28:10,086 INFO  server.RaftServerConfigKeys (ConfUtils.java:logGet(43)) - raft.server.log.statemachine.data.sync = true (default)
2019-07-16 14:28:10,086 INFO  server.RaftServerConfigKeys (ConfUtils.java:logGet(43)) - raft.server.snapshot.auto.trigger.enabled = true (custom)
2019-07-16 14:28:10,086 INFO  server.RaftServerConfigKeys (ConfUtils.java:logGet(43)) - raft.server.log.statemachine.data.sync.timeout = 10s (default)
2019-07-16 14:28:10,086 INFO  util.JmxRegister (JmxRegister.java:tryRegister(44)) - Successfully registered JMX Bean with object name Ratis:service=RaftServer,group=group-E9E80C8DDAAB,id=96d6981a-cb83-4f3f-8f2c-51322226cd15
2019-07-16 14:28:10,086 INFO  server.RaftServerConfigKeys (ConfUtils.java:logGet(43)) - raft.server.snapshot.auto.trigger.threshold = 10000 (custom)
2019-07-16 14:28:10,086 INFO  server.RaftServerConfigKeys (ConfUtils.java:logGet(43)) - raft.server.log.statemachine.data.sync.timeout.retry = -1 (default)
2019-07-16 14:28:10,087 INFO  server.RaftServerConfigKeys (ConfUtils.java:logGet(43)) - raft.server.retrycache.expirytime = 600000ms (custom)
2019-07-16 14:28:10,087 INFO  server.RaftServerConfigKeys (ConfUtils.java:logGet(43)) - raft.server.log.statemachine.data.caching.enabled = true (custom)
2019-07-16 14:28:10,087 INFO  impl.RaftServerImpl (RaftServerImpl.java:start(180)) - 822d12d0-a580-4996-8ec7-c93d7888a365: start group-E9E80C8DDAAB
2019-07-16 14:28:10,087 INFO  impl.RaftServerImpl (RaftServerImpl.java:setRole(171)) - 822d12d0-a580-4996-8ec7-c93d7888a365:group-E9E80C8DDAAB changes role from null to FOLLOWER at term 0 for startAsFollower
2019-07-16 14:28:10,087 INFO  segmented.SegmentedRaftLogWorker (SegmentedRaftLogWorker.java:lambda$new$0(132)) - aad6b064-f151-4eda-abe9-c978e9a928da-SegmentedRaftLogWorker:Storage Directory /workdir/hadoop-ozone/integration-test/target/test-dir/MiniOzoneClusterImpl-47eba09b-2be6-457f-857a-d71b7095d2a5/datanode-0/data/ratis/32f8785e-f5c9-449d-8836-e9e80c8ddaab: flushIndex: setUnconditionally 0 -> -1
2019-07-16 14:28:10,087 INFO  impl.RoleInfo (RoleInfo.java:updateAndGet(143)) - 822d12d0-a580-4996-8ec7-c93d7888a365: start FollowerState
2019-07-16 14:28:10,088 INFO  server.RaftServerConfigKeys (ConfUtils.java:logGet(43)) - raft.server.snapshot.auto.trigger.enabled = true (custom)
2019-07-16 14:28:10,090 INFO  server.RaftServerConfigKeys (ConfUtils.java:logGet(43)) - raft.server.snapshot.auto.trigger.threshold = 10000 (custom)
2019-07-16 14:28:10,091 INFO  util.JmxRegister (JmxRegister.java:tryRegister(44)) - Successfully registered JMX Bean with object name Ratis:service=RaftServer,group=group-E9E80C8DDAAB,id=822d12d0-a580-4996-8ec7-c93d7888a365
2019-07-16 14:28:10,091 INFO  server.RaftServerConfigKeys (ConfUtils.java:logGet(43)) - raft.server.retrycache.expirytime = 600000ms (custom)
2019-07-16 14:28:10,091 INFO  impl.RaftServerImpl (RaftServerImpl.java:start(180)) - aad6b064-f151-4eda-abe9-c978e9a928da: start group-E9E80C8DDAAB
2019-07-16 14:28:10,091 INFO  impl.RaftServerImpl (RaftServerImpl.java:setRole(171)) - aad6b064-f151-4eda-abe9-c978e9a928da:group-E9E80C8DDAAB changes role from null to FOLLOWER at term 0 for startAsFollower
2019-07-16 14:28:10,091 INFO  impl.RoleInfo (RoleInfo.java:updateAndGet(143)) - aad6b064-f151-4eda-abe9-c978e9a928da: start FollowerState
2019-07-16 14:28:10,092 INFO  util.JmxRegister (JmxRegister.java:tryRegister(44)) - Successfully registered JMX Bean with object name Ratis:service=RaftServer,group=group-E9E80C8DDAAB,id=aad6b064-f151-4eda-abe9-c978e9a928da
2019-07-16 14:28:10,106 INFO  pipeline.PipelineStateManager (PipelineStateManager.java:addPipeline(56)) - Created pipeline Pipeline[ Id: 32f8785e-f5c9-449d-8836-e9e80c8ddaab, Nodes: aad6b064-f151-4eda-abe9-c978e9a928da{ip: 192.168.157.241, host: trunk-nightly-gllmw-2332419065, networkLocation: /default-rack, certSerialId: null}822d12d0-a580-4996-8ec7-c93d7888a365{ip: 192.168.157.241, host: trunk-nightly-gllmw-2332419065, networkLocation: /default-rack, certSerialId: null}96d6981a-cb83-4f3f-8f2c-51322226cd15{ip: 192.168.157.241, host: trunk-nightly-gllmw-2332419065, networkLocation: /default-rack, certSerialId: null}, Type:RATIS, Factor:THREE, State:OPEN]
2019-07-16 14:28:10,151 INFO  node.SCMNodeManager (SCMNodeManager.java:register(269)) - Registered Data node : df1019c7-ec98-47c3-b032-e1f03aacc305{ip: 192.168.157.241, host: trunk-nightly-gllmw-2332419065, networkLocation: /default-rack, certSerialId: null}
2019-07-16 14:28:10,159 INFO  impl.RaftServerProxy (RaftServerProxy.java:addNew(89)) - df1019c7-ec98-47c3-b032-e1f03aacc305: addNew group-66A37988E187:[df1019c7-ec98-47c3-b032-e1f03aacc305:192.168.157.241:34549] returns group-66A37988E187:java.util.concurrent.CompletableFuture@51db5363[Not completed]
2019-07-16 14:28:10,160 INFO  impl.RaftServerImpl (RaftServerImpl.java:<init>(93)) - df1019c7-ec98-47c3-b032-e1f03aacc305: new RaftServerImpl for group-66A37988E187:[df1019c7-ec98-47c3-b032-e1f03aacc305:192.168.157.241:34549] with ContainerStateMachine:uninitialized
2019-07-16 14:28:10,160 INFO  server.RaftServerConfigKeys (ConfUtils.java:logGet(43)) - raft.server.rpc.timeout.min = 5s (custom)
2019-07-16 14:28:10,160 INFO  server.RaftServerConfigKeys (ConfUtils.java:logGet(43)) - raft.server.rpc.timeout.max = 5200ms (custom)
2019-07-16 14:28:10,160 INFO  server.RaftServerConfigKeys (ConfUtils.java:logGet(43)) - raft.server.rpcslowness.timeout = 120s (custom)
2019-07-16 14:28:10,160 INFO  server.RaftServerConfigKeys (ConfUtils.java:logGet(43)) - raft.server.sleep.deviation.threshold = 300 (default)
2019-07-16 14:28:10,161 INFO  server.RaftServerConfigKeys (ConfUtils.java:logGet(43)) - raft.server.log.appender.install.snapshot.enabled = false (custom)
2019-07-16 14:28:10,161 INFO  impl.RaftServerImpl (ServerState.java:<init>(105)) - df1019c7-ec98-47c3-b032-e1f03aacc305:group-66A37988E187 ConfigurationManager, init=-1: [df1019c7-ec98-47c3-b032-e1f03aacc305:192.168.157.241:34549], old=null, confs=<EMPTY_MAP>
2019-07-16 14:28:10,161 INFO  server.RaftServerConfigKeys (ConfUtils.java:logGet(43)) - raft.server.storage.dir = [/workdir/hadoop-ozone/integration-test/target/test-dir/MiniOzoneClusterImpl-47eba09b-2be6-457f-857a-d71b7095d2a5/datanode-3/data/ratis] (custom)
2019-07-16 14:28:10,161 INFO  storage.RaftStorageDirectory (RaftStorageDirectory.java:analyzeStorage(246)) - The storage directory /workdir/hadoop-ozone/integration-test/target/test-dir/MiniOzoneClusterImpl-47eba09b-2be6-457f-857a-d71b7095d2a5/datanode-3/data/ratis/e649e0f3-09fb-44c8-b1c1-66a37988e187 does not exist. Creating ...
2019-07-16 14:28:10,174 INFO  storage.RaftStorageDirectory (RaftStorageDirectory.java:tryLock(328)) - Lock on /workdir/hadoop-ozone/integration-test/target/test-dir/MiniOzoneClusterImpl-47eba09b-2be6-457f-857a-d71b7095d2a5/datanode-3/data/ratis/e649e0f3-09fb-44c8-b1c1-66a37988e187/in_use.lock acquired by nodename 23803@trunk-nightly-gllmw-2332419065
2019-07-16 14:28:10,188 INFO  storage.RaftStorage (RaftStorage.java:format(72)) - Storage directory /workdir/hadoop-ozone/integration-test/target/test-dir/MiniOzoneClusterImpl-47eba09b-2be6-457f-857a-d71b7095d2a5/datanode-3/data/ratis/e649e0f3-09fb-44c8-b1c1-66a37988e187 has been successfully formatted.
2019-07-16 14:28:10,188 INFO  ratis.ContainerStateMachine (ContainerStateMachine.java:loadSnapshot(200)) - group-66A37988E187: The snapshot info is null. Setting the last applied indexto:(t:0, i:~)
2019-07-16 14:28:10,189 INFO  server.RaftServerConfigKeys (ConfUtils.java:logGet(43)) - raft.server.leader.election.timeout = 120s (custom)
2019-07-16 14:28:10,189 INFO  server.RaftServerConfigKeys (ConfUtils.java:logGet(43)) - raft.server.log.use.memory = false (default)
2019-07-16 14:28:10,189 INFO  server.RaftServerConfigKeys (ConfUtils.java:logGet(43)) - raft.server.log.purge.gap = 1000000000 (custom)
2019-07-16 14:28:10,189 INFO  server.RaftServerConfigKeys (ConfUtils.java:logGet(43)) - raft.server.log.appender.buffer.byte-limit = 33554432 (custom)
2019-07-16 14:28:10,189 INFO  server.RaftServerConfigKeys (ConfUtils.java:logGet(43)) - raft.server.log.segment.size.max = 1048576 (custom)
2019-07-16 14:28:10,189 INFO  server.RaftServerConfigKeys (ConfUtils.java:logGet(43)) - raft.server.log.segment.cache.num.max = 2 (custom)
2019-07-16 14:28:10,189 INFO  segmented.SegmentedRaftLogWorker (SegmentedRaftLogWorker.java:<init>(172)) - new df1019c7-ec98-47c3-b032-e1f03aacc305-SegmentedRaftLogWorker:Storage Directory /workdir/hadoop-ozone/integration-test/target/test-dir/MiniOzoneClusterImpl-47eba09b-2be6-457f-857a-d71b7095d2a5/datanode-3/data/ratis/e649e0f3-09fb-44c8-b1c1-66a37988e187 for RaftStorage:Storage Directory /workdir/hadoop-ozone/integration-test/target/test-dir/MiniOzoneClusterImpl-47eba09b-2be6-457f-857a-d71b7095d2a5/datanode-3/data/ratis/e649e0f3-09fb-44c8-b1c1-66a37988e187
2019-07-16 14:28:10,190 INFO  server.RaftServerConfigKeys (ConfUtils.java:logGet(43)) - raft.server.log.queue.byte-limit = 2147483647 (custom)
2019-07-16 14:28:10,190 INFO  server.RaftServerConfigKeys (ConfUtils.java:logGet(43)) - raft.server.log.queue.element-limit = 1024 (custom)
2019-07-16 14:28:10,190 INFO  server.RaftServerConfigKeys (ConfUtils.java:logGet(43)) - raft.server.log.segment.size.max = 1048576 (custom)
2019-07-16 14:28:10,190 INFO  server.RaftServerConfigKeys (ConfUtils.java:logGet(43)) - raft.server.log.preallocated.size = 16384 (custom)
2019-07-16 14:28:10,190 INFO  server.RaftServerConfigKeys (ConfUtils.java:logGet(43)) - raft.server.log.write.buffer.size = 33554432 (custom)
2019-07-16 14:28:10,190 INFO  server.RaftServerConfigKeys (ConfUtils.java:logGet(43)) - raft.server.log.force.sync.num = 128 (default)
2019-07-16 14:28:10,191 INFO  server.RaftServerConfigKeys (ConfUtils.java:logGet(43)) - raft.server.log.statemachine.data.sync = true (default)
2019-07-16 14:28:10,191 INFO  server.RaftServerConfigKeys (ConfUtils.java:logGet(43)) - raft.server.log.statemachine.data.sync.timeout = 10s (default)
2019-07-16 14:28:10,191 INFO  server.RaftServerConfigKeys (ConfUtils.java:logGet(43)) - raft.server.log.statemachine.data.sync.timeout.retry = -1 (default)
2019-07-16 14:28:10,191 INFO  server.RaftServerConfigKeys (ConfUtils.java:logGet(43)) - raft.server.log.statemachine.data.caching.enabled = true (custom)
2019-07-16 14:28:10,191 INFO  segmented.SegmentedRaftLogWorker (SegmentedRaftLogWorker.java:lambda$new$0(132)) - df1019c7-ec98-47c3-b032-e1f03aacc305-SegmentedRaftLogWorker:Storage Directory /workdir/hadoop-ozone/integration-test/target/test-dir/MiniOzoneClusterImpl-47eba09b-2be6-457f-857a-d71b7095d2a5/datanode-3/data/ratis/e649e0f3-09fb-44c8-b1c1-66a37988e187: flushIndex: setUnconditionally 0 -> -1
2019-07-16 14:28:10,192 INFO  server.RaftServerConfigKeys (ConfUtils.java:logGet(43)) - raft.server.snapshot.auto.trigger.enabled = true (custom)
2019-07-16 14:28:10,192 INFO  server.RaftServerConfigKeys (ConfUtils.java:logGet(43)) - raft.server.snapshot.auto.trigger.threshold = 10000 (custom)
2019-07-16 14:28:10,192 INFO  server.RaftServerConfigKeys (ConfUtils.java:logGet(43)) - raft.server.retrycache.expirytime = 600000ms (custom)
2019-07-16 14:28:10,192 INFO  impl.RaftServerImpl (RaftServerImpl.java:start(180)) - df1019c7-ec98-47c3-b032-e1f03aacc305: start group-66A37988E187
2019-07-16 14:28:10,192 INFO  impl.RaftServerImpl (RaftServerImpl.java:setRole(171)) - df1019c7-ec98-47c3-b032-e1f03aacc305:group-66A37988E187 changes role from null to FOLLOWER at term 0 for startAsFollower
2019-07-16 14:28:10,193 INFO  impl.RoleInfo (RoleInfo.java:updateAndGet(143)) - df1019c7-ec98-47c3-b032-e1f03aacc305: start FollowerState
2019-07-16 14:28:10,193 INFO  util.JmxRegister (JmxRegister.java:tryRegister(44)) - Successfully registered JMX Bean with object name Ratis:service=RaftServer,group=group-66A37988E187,id=df1019c7-ec98-47c3-b032-e1f03aacc305
2019-07-16 14:28:10,197 INFO  pipeline.PipelineStateManager (PipelineStateManager.java:addPipeline(56)) - Created pipeline Pipeline[ Id: e649e0f3-09fb-44c8-b1c1-66a37988e187, Nodes: df1019c7-ec98-47c3-b032-e1f03aacc305{ip: 192.168.157.241, host: trunk-nightly-gllmw-2332419065, networkLocation: /default-rack, certSerialId: null}, Type:RATIS, Factor:ONE, State:OPEN]
2019-07-16 14:28:10,318 INFO  node.SCMNodeManager (SCMNodeManager.java:register(269)) - Registered Data node : efaf353e-eaea-458e-8009-7c4cd0077a94{ip: 192.168.157.241, host: trunk-nightly-gllmw-2332419065, networkLocation: /default-rack, certSerialId: null}
2019-07-16 14:28:10,325 INFO  impl.RaftServerProxy (RaftServerProxy.java:addNew(89)) - efaf353e-eaea-458e-8009-7c4cd0077a94: addNew group-E10C36569E5B:[efaf353e-eaea-458e-8009-7c4cd0077a94:192.168.157.241:34039] returns group-E10C36569E5B:java.util.concurrent.CompletableFuture@34dc2149[Not completed]
2019-07-16 14:28:10,326 INFO  impl.RaftServerImpl (RaftServerImpl.java:<init>(93)) - efaf353e-eaea-458e-8009-7c4cd0077a94: new RaftServerImpl for group-E10C36569E5B:[efaf353e-eaea-458e-8009-7c4cd0077a94:192.168.157.241:34039] with ContainerStateMachine:uninitialized
2019-07-16 14:28:10,327 INFO  server.RaftServerConfigKeys (ConfUtils.java:logGet(43)) - raft.server.rpc.timeout.min = 5s (custom)
2019-07-16 14:28:10,327 INFO  server.RaftServerConfigKeys (ConfUtils.java:logGet(43)) - raft.server.rpc.timeout.max = 5200ms (custom)
2019-07-16 14:28:10,327 INFO  server.RaftServerConfigKeys (ConfUtils.java:logGet(43)) - raft.server.rpcslowness.timeout = 120s (custom)
2019-07-16 14:28:10,327 INFO  server.RaftServerConfigKeys (ConfUtils.java:logGet(43)) - raft.server.sleep.deviation.threshold = 300 (default)
2019-07-16 14:28:10,327 INFO  server.RaftServerConfigKeys (ConfUtils.java:logGet(43)) - raft.server.log.appender.install.snapshot.enabled = false (custom)
2019-07-16 14:28:10,327 INFO  impl.RaftServerImpl (ServerState.java:<init>(105)) - efaf353e-eaea-458e-8009-7c4cd0077a94:group-E10C36569E5B ConfigurationManager, init=-1: [efaf353e-eaea-458e-8009-7c4cd0077a94:192.168.157.241:34039], old=null, confs=<EMPTY_MAP>
2019-07-16 14:28:10,328 INFO  server.RaftServerConfigKeys (ConfUtils.java:logGet(43)) - raft.server.storage.dir = [/workdir/hadoop-ozone/integration-test/target/test-dir/MiniOzoneClusterImpl-47eba09b-2be6-457f-857a-d71b7095d2a5/datanode-4/data/ratis] (custom)
2019-07-16 14:28:10,328 INFO  storage.RaftStorageDirectory (RaftStorageDirectory.java:analyzeStorage(246)) - The storage directory /workdir/hadoop-ozone/integration-test/target/test-dir/MiniOzoneClusterImpl-47eba09b-2be6-457f-857a-d71b7095d2a5/datanode-4/data/ratis/9814621e-25fe-4b46-95ec-e10c36569e5b does not exist. Creating ...
2019-07-16 14:28:10,342 INFO  storage.RaftStorageDirectory (RaftStorageDirectory.java:tryLock(328)) - Lock on /workdir/hadoop-ozone/integration-test/target/test-dir/MiniOzoneClusterImpl-47eba09b-2be6-457f-857a-d71b7095d2a5/datanode-4/data/ratis/9814621e-25fe-4b46-95ec-e10c36569e5b/in_use.lock acquired by nodename 23803@trunk-nightly-gllmw-2332419065
2019-07-16 14:28:10,354 INFO  storage.RaftStorage (RaftStorage.java:format(72)) - Storage directory /workdir/hadoop-ozone/integration-test/target/test-dir/MiniOzoneClusterImpl-47eba09b-2be6-457f-857a-d71b7095d2a5/datanode-4/data/ratis/9814621e-25fe-4b46-95ec-e10c36569e5b has been successfully formatted.
2019-07-16 14:28:10,355 INFO  ratis.ContainerStateMachine (ContainerStateMachine.java:loadSnapshot(200)) - group-E10C36569E5B: The snapshot info is null. Setting the last applied indexto:(t:0, i:~)
2019-07-16 14:28:10,355 INFO  server.RaftServerConfigKeys (ConfUtils.java:logGet(43)) - raft.server.leader.election.timeout = 120s (custom)
2019-07-16 14:28:10,355 INFO  server.RaftServerConfigKeys (ConfUtils.java:logGet(43)) - raft.server.log.use.memory = false (default)
2019-07-16 14:28:10,355 INFO  server.RaftServerConfigKeys (ConfUtils.java:logGet(43)) - raft.server.log.purge.gap = 1000000000 (custom)
2019-07-16 14:28:10,355 INFO  server.RaftServerConfigKeys (ConfUtils.java:logGet(43)) - raft.server.log.appender.buffer.byte-limit = 33554432 (custom)
2019-07-16 14:28:10,356 INFO  server.RaftServerConfigKeys (ConfUtils.java:logGet(43)) - raft.server.log.segment.size.max = 1048576 (custom)
2019-07-16 14:28:10,356 INFO  server.RaftServerConfigKeys (ConfUtils.java:logGet(43)) - raft.server.log.segment.cache.num.max = 2 (custom)
2019-07-16 14:28:10,356 INFO  segmented.SegmentedRaftLogWorker (SegmentedRaftLogWorker.java:<init>(172)) - new efaf353e-eaea-458e-8009-7c4cd0077a94-SegmentedRaftLogWorker:Storage Directory /workdir/hadoop-ozone/integration-test/target/test-dir/MiniOzoneClusterImpl-47eba09b-2be6-457f-857a-d71b7095d2a5/datanode-4/data/ratis/9814621e-25fe-4b46-95ec-e10c36569e5b for RaftStorage:Storage Directory /workdir/hadoop-ozone/integration-test/target/test-dir/MiniOzoneClusterImpl-47eba09b-2be6-457f-857a-d71b7095d2a5/datanode-4/data/ratis/9814621e-25fe-4b46-95ec-e10c36569e5b
2019-07-16 14:28:10,356 INFO  server.RaftServerConfigKeys (ConfUtils.java:logGet(43)) - raft.server.log.queue.byte-limit = 2147483647 (custom)
2019-07-16 14:28:10,356 INFO  server.RaftServerConfigKeys (ConfUtils.java:logGet(43)) - raft.server.log.queue.element-limit = 1024 (custom)
2019-07-16 14:28:10,357 INFO  server.RaftServerConfigKeys (ConfUtils.java:logGet(43)) - raft.server.log.segment.size.max = 1048576 (custom)
2019-07-16 14:28:10,357 INFO  server.RaftServerConfigKeys (ConfUtils.java:logGet(43)) - raft.server.log.preallocated.size = 16384 (custom)
2019-07-16 14:28:10,357 INFO  server.RaftServerConfigKeys (ConfUtils.java:logGet(43)) - raft.server.log.write.buffer.size = 33554432 (custom)
2019-07-16 14:28:10,357 INFO  server.RaftServerConfigKeys (ConfUtils.java:logGet(43)) - raft.server.log.force.sync.num = 128 (default)
2019-07-16 14:28:10,357 INFO  server.RaftServerConfigKeys (ConfUtils.java:logGet(43)) - raft.server.log.statemachine.data.sync = true (default)
2019-07-16 14:28:10,357 INFO  server.RaftServerConfigKeys (ConfUtils.java:logGet(43)) - raft.server.log.statemachine.data.sync.timeout = 10s (default)
2019-07-16 14:28:10,358 INFO  server.RaftServerConfigKeys (ConfUtils.java:logGet(43)) - raft.server.log.statemachine.data.sync.timeout.retry = -1 (default)
2019-07-16 14:28:10,358 INFO  server.RaftServerConfigKeys (ConfUtils.java:logGet(43)) - raft.server.log.statemachine.data.caching.enabled = true (custom)
2019-07-16 14:28:10,358 INFO  segmented.SegmentedRaftLogWorker (SegmentedRaftLogWorker.java:lambda$new$0(132)) - efaf353e-eaea-458e-8009-7c4cd0077a94-SegmentedRaftLogWorker:Storage Directory /workdir/hadoop-ozone/integration-test/target/test-dir/MiniOzoneClusterImpl-47eba09b-2be6-457f-857a-d71b7095d2a5/datanode-4/data/ratis/9814621e-25fe-4b46-95ec-e10c36569e5b: flushIndex: setUnconditionally 0 -> -1
2019-07-16 14:28:10,359 INFO  server.RaftServerConfigKeys (ConfUtils.java:logGet(43)) - raft.server.snapshot.auto.trigger.enabled = true (custom)
2019-07-16 14:28:10,359 INFO  server.RaftServerConfigKeys (ConfUtils.java:logGet(43)) - raft.server.snapshot.auto.trigger.threshold = 10000 (custom)
2019-07-16 14:28:10,359 INFO  server.RaftServerConfigKeys (ConfUtils.java:logGet(43)) - raft.server.retrycache.expirytime = 600000ms (custom)
2019-07-16 14:28:10,359 INFO  impl.RaftServerImpl (RaftServerImpl.java:start(180)) - efaf353e-eaea-458e-8009-7c4cd0077a94: start group-E10C36569E5B
2019-07-16 14:28:10,359 INFO  impl.RaftServerImpl (RaftServerImpl.java:setRole(171)) - efaf353e-eaea-458e-8009-7c4cd0077a94:group-E10C36569E5B changes role from null to FOLLOWER at term 0 for startAsFollower
2019-07-16 14:28:10,359 INFO  impl.RoleInfo (RoleInfo.java:updateAndGet(143)) - efaf353e-eaea-458e-8009-7c4cd0077a94: start FollowerState
2019-07-16 14:28:10,360 INFO  util.JmxRegister (JmxRegister.java:tryRegister(44)) - Successfully registered JMX Bean with object name Ratis:service=RaftServer,group=group-E10C36569E5B,id=efaf353e-eaea-458e-8009-7c4cd0077a94
2019-07-16 14:28:10,364 INFO  pipeline.PipelineStateManager (PipelineStateManager.java:addPipeline(56)) - Created pipeline Pipeline[ Id: 9814621e-25fe-4b46-95ec-e10c36569e5b, Nodes: efaf353e-eaea-458e-8009-7c4cd0077a94{ip: 192.168.157.241, host: trunk-nightly-gllmw-2332419065, networkLocation: /default-rack, certSerialId: null}, Type:RATIS, Factor:ONE, State:OPEN]
2019-07-16 14:28:10,516 INFO  node.SCMNodeManager (SCMNodeManager.java:register(269)) - Registered Data node : f93880e5-2c41-4a96-82e8-5ec76e61477c{ip: 192.168.157.241, host: trunk-nightly-gllmw-2332419065, networkLocation: /default-rack, certSerialId: null}
2019-07-16 14:28:10,525 INFO  impl.RaftServerProxy (RaftServerProxy.java:addNew(89)) - f93880e5-2c41-4a96-82e8-5ec76e61477c: addNew group-44646F05D6D2:[f93880e5-2c41-4a96-82e8-5ec76e61477c:192.168.157.241:43446] returns group-44646F05D6D2:java.util.concurrent.CompletableFuture@1700b3fb[Not completed]
2019-07-16 14:28:10,526 INFO  impl.RaftServerImpl (RaftServerImpl.java:<init>(93)) - f93880e5-2c41-4a96-82e8-5ec76e61477c: new RaftServerImpl for group-44646F05D6D2:[f93880e5-2c41-4a96-82e8-5ec76e61477c:192.168.157.241:43446] with ContainerStateMachine:uninitialized
2019-07-16 14:28:10,526 INFO  server.RaftServerConfigKeys (ConfUtils.java:logGet(43)) - raft.server.rpc.timeout.min = 5s (custom)
2019-07-16 14:28:10,526 INFO  server.RaftServerConfigKeys (ConfUtils.java:logGet(43)) - raft.server.rpc.timeout.max = 5200ms (custom)
2019-07-16 14:28:10,526 INFO  server.RaftServerConfigKeys (ConfUtils.java:logGet(43)) - raft.server.rpcslowness.timeout = 120s (custom)
2019-07-16 14:28:10,526 INFO  server.RaftServerConfigKeys (ConfUtils.java:logGet(43)) - raft.server.sleep.deviation.threshold = 300 (default)
2019-07-16 14:28:10,526 INFO  server.RaftServerConfigKeys (ConfUtils.java:logGet(43)) - raft.server.log.appender.install.snapshot.enabled = false (custom)
2019-07-16 14:28:10,527 INFO  impl.RaftServerImpl (ServerState.java:<init>(105)) - f93880e5-2c41-4a96-82e8-5ec76e61477c:group-44646F05D6D2 ConfigurationManager, init=-1: [f93880e5-2c41-4a96-82e8-5ec76e61477c:192.168.157.241:43446], old=null, confs=<EMPTY_MAP>
2019-07-16 14:28:10,527 INFO  server.RaftServerConfigKeys (ConfUtils.java:logGet(43)) - raft.server.storage.dir = [/workdir/hadoop-ozone/integration-test/target/test-dir/MiniOzoneClusterImpl-47eba09b-2be6-457f-857a-d71b7095d2a5/datanode-5/data/ratis] (custom)
2019-07-16 14:28:10,527 INFO  storage.RaftStorageDirectory (RaftStorageDirectory.java:analyzeStorage(246)) - The storage directory /workdir/hadoop-ozone/integration-test/target/test-dir/MiniOzoneClusterImpl-47eba09b-2be6-457f-857a-d71b7095d2a5/datanode-5/data/ratis/f2888dd9-7b18-4652-8221-44646f05d6d2 does not exist. Creating ...
2019-07-16 14:28:10,541 INFO  storage.RaftStorageDirectory (RaftStorageDirectory.java:tryLock(328)) - Lock on /workdir/hadoop-ozone/integration-test/target/test-dir/MiniOzoneClusterImpl-47eba09b-2be6-457f-857a-d71b7095d2a5/datanode-5/data/ratis/f2888dd9-7b18-4652-8221-44646f05d6d2/in_use.lock acquired by nodename 23803@trunk-nightly-gllmw-2332419065
2019-07-16 14:28:10,554 INFO  storage.RaftStorage (RaftStorage.java:format(72)) - Storage directory /workdir/hadoop-ozone/integration-test/target/test-dir/MiniOzoneClusterImpl-47eba09b-2be6-457f-857a-d71b7095d2a5/datanode-5/data/ratis/f2888dd9-7b18-4652-8221-44646f05d6d2 has been successfully formatted.
2019-07-16 14:28:10,555 INFO  ratis.ContainerStateMachine (ContainerStateMachine.java:loadSnapshot(200)) - group-44646F05D6D2: The snapshot info is null. Setting the last applied indexto:(t:0, i:~)
2019-07-16 14:28:10,555 INFO  server.RaftServerConfigKeys (ConfUtils.java:logGet(43)) - raft.server.leader.election.timeout = 120s (custom)
2019-07-16 14:28:10,555 INFO  server.RaftServerConfigKeys (ConfUtils.java:logGet(43)) - raft.server.log.use.memory = false (default)
2019-07-16 14:28:10,555 INFO  server.RaftServerConfigKeys (ConfUtils.java:logGet(43)) - raft.server.log.purge.gap = 1000000000 (custom)
2019-07-16 14:28:10,555 INFO  server.RaftServerConfigKeys (ConfUtils.java:logGet(43)) - raft.server.log.appender.buffer.byte-limit = 33554432 (custom)
2019-07-16 14:28:10,555 INFO  server.RaftServerConfigKeys (ConfUtils.java:logGet(43)) - raft.server.log.segment.size.max = 1048576 (custom)
2019-07-16 14:28:10,556 INFO  server.RaftServerConfigKeys (ConfUtils.java:logGet(43)) - raft.server.log.segment.cache.num.max = 2 (custom)
2019-07-16 14:28:10,556 INFO  segmented.SegmentedRaftLogWorker (SegmentedRaftLogWorker.java:<init>(172)) - new f93880e5-2c41-4a96-82e8-5ec76e61477c-SegmentedRaftLogWorker:Storage Directory /workdir/hadoop-ozone/integration-test/target/test-dir/MiniOzoneClusterImpl-47eba09b-2be6-457f-857a-d71b7095d2a5/datanode-5/data/ratis/f2888dd9-7b18-4652-8221-44646f05d6d2 for RaftStorage:Storage Directory /workdir/hadoop-ozone/integration-test/target/test-dir/MiniOzoneClusterImpl-47eba09b-2be6-457f-857a-d71b7095d2a5/datanode-5/data/ratis/f2888dd9-7b18-4652-8221-44646f05d6d2
2019-07-16 14:28:10,556 INFO  server.RaftServerConfigKeys (ConfUtils.java:logGet(43)) - raft.server.log.queue.byte-limit = 2147483647 (custom)
2019-07-16 14:28:10,556 INFO  server.RaftServerConfigKeys (ConfUtils.java:logGet(43)) - raft.server.log.queue.element-limit = 1024 (custom)
2019-07-16 14:28:10,556 INFO  server.RaftServerConfigKeys (ConfUtils.java:logGet(43)) - raft.server.log.segment.size.max = 1048576 (custom)
2019-07-16 14:28:10,556 INFO  server.RaftServerConfigKeys (ConfUtils.java:logGet(43)) - raft.server.log.preallocated.size = 16384 (custom)
2019-07-16 14:28:10,557 INFO  server.RaftServerConfigKeys (ConfUtils.java:logGet(43)) - raft.server.log.write.buffer.size = 33554432 (custom)
2019-07-16 14:28:10,557 INFO  server.RaftServerConfigKeys (ConfUtils.java:logGet(43)) - raft.server.log.force.sync.num = 128 (default)
2019-07-16 14:28:10,557 INFO  server.RaftServerConfigKeys (ConfUtils.java:logGet(43)) - raft.server.log.statemachine.data.sync = true (default)
2019-07-16 14:28:10,557 INFO  server.RaftServerConfigKeys (ConfUtils.java:logGet(43)) - raft.server.log.statemachine.data.sync.timeout = 10s (default)
2019-07-16 14:28:10,557 INFO  server.RaftServerConfigKeys (ConfUtils.java:logGet(43)) - raft.server.log.statemachine.data.sync.timeout.retry = -1 (default)
2019-07-16 14:28:10,558 INFO  server.RaftServerConfigKeys (ConfUtils.java:logGet(43)) - raft.server.log.statemachine.data.caching.enabled = true (custom)
2019-07-16 14:28:10,558 INFO  segmented.SegmentedRaftLogWorker (SegmentedRaftLogWorker.java:lambda$new$0(132)) - f93880e5-2c41-4a96-82e8-5ec76e61477c-SegmentedRaftLogWorker:Storage Directory /workdir/hadoop-ozone/integration-test/target/test-dir/MiniOzoneClusterImpl-47eba09b-2be6-457f-857a-d71b7095d2a5/datanode-5/data/ratis/f2888dd9-7b18-4652-8221-44646f05d6d2: flushIndex: setUnconditionally 0 -> -1
2019-07-16 14:28:10,558 INFO  server.RaftServerConfigKeys (ConfUtils.java:logGet(43)) - raft.server.snapshot.auto.trigger.enabled = true (custom)
2019-07-16 14:28:10,558 INFO  server.RaftServerConfigKeys (ConfUtils.java:logGet(43)) - raft.server.snapshot.auto.trigger.threshold = 10000 (custom)
2019-07-16 14:28:10,558 INFO  server.RaftServerConfigKeys (ConfUtils.java:logGet(43)) - raft.server.retrycache.expirytime = 600000ms (custom)
2019-07-16 14:28:10,559 INFO  impl.RaftServerImpl (RaftServerImpl.java:start(180)) - f93880e5-2c41-4a96-82e8-5ec76e61477c: start group-44646F05D6D2
2019-07-16 14:28:10,559 INFO  impl.RaftServerImpl (RaftServerImpl.java:setRole(171)) - f93880e5-2c41-4a96-82e8-5ec76e61477c:group-44646F05D6D2 changes role from null to FOLLOWER at term 0 for startAsFollower
2019-07-16 14:28:10,559 INFO  impl.RoleInfo (RoleInfo.java:updateAndGet(143)) - f93880e5-2c41-4a96-82e8-5ec76e61477c: start FollowerState
2019-07-16 14:28:10,560 INFO  util.JmxRegister (JmxRegister.java:tryRegister(44)) - Successfully registered JMX Bean with object name Ratis:service=RaftServer,group=group-44646F05D6D2,id=f93880e5-2c41-4a96-82e8-5ec76e61477c
2019-07-16 14:28:10,564 INFO  pipeline.PipelineStateManager (PipelineStateManager.java:addPipeline(56)) - Created pipeline Pipeline[ Id: f2888dd9-7b18-4652-8221-44646f05d6d2, Nodes: f93880e5-2c41-4a96-82e8-5ec76e61477c{ip: 192.168.157.241, host: trunk-nightly-gllmw-2332419065, networkLocation: /default-rack, certSerialId: null}, Type:RATIS, Factor:ONE, State:OPEN]
2019-07-16 14:28:10,576 INFO  impl.RaftServerProxy (RaftServerProxy.java:addNew(89)) - df1019c7-ec98-47c3-b032-e1f03aacc305: addNew group-5062CAD3844B:[df1019c7-ec98-47c3-b032-e1f03aacc305:192.168.157.241:34549, efaf353e-eaea-458e-8009-7c4cd0077a94:192.168.157.241:34039, f93880e5-2c41-4a96-82e8-5ec76e61477c:192.168.157.241:43446] returns group-5062CAD3844B:java.util.concurrent.CompletableFuture@7e3d0023[Not completed]
2019-07-16 14:28:10,576 INFO  impl.RaftServerProxy (RaftServerProxy.java:addNew(89)) - efaf353e-eaea-458e-8009-7c4cd0077a94: addNew group-5062CAD3844B:[df1019c7-ec98-47c3-b032-e1f03aacc305:192.168.157.241:34549, efaf353e-eaea-458e-8009-7c4cd0077a94:192.168.157.241:34039, f93880e5-2c41-4a96-82e8-5ec76e61477c:192.168.157.241:43446] returns group-5062CAD3844B:java.util.concurrent.CompletableFuture@ddc1127[Not completed]
2019-07-16 14:28:10,577 INFO  impl.RaftServerImpl (RaftServerImpl.java:<init>(93)) - df1019c7-ec98-47c3-b032-e1f03aacc305: new RaftServerImpl for group-5062CAD3844B:[df1019c7-ec98-47c3-b032-e1f03aacc305:192.168.157.241:34549, efaf353e-eaea-458e-8009-7c4cd0077a94:192.168.157.241:34039, f93880e5-2c41-4a96-82e8-5ec76e61477c:192.168.157.241:43446] with ContainerStateMachine:uninitialized
2019-07-16 14:28:10,577 INFO  server.RaftServerConfigKeys (ConfUtils.java:logGet(43)) - raft.server.rpc.timeout.min = 5s (custom)
2019-07-16 14:28:10,577 INFO  impl.RaftServerProxy (RaftServerProxy.java:addNew(89)) - f93880e5-2c41-4a96-82e8-5ec76e61477c: addNew group-5062CAD3844B:[df1019c7-ec98-47c3-b032-e1f03aacc305:192.168.157.241:34549, efaf353e-eaea-458e-8009-7c4cd0077a94:192.168.157.241:34039, f93880e5-2c41-4a96-82e8-5ec76e61477c:192.168.157.241:43446] returns group-5062CAD3844B:java.util.concurrent.CompletableFuture@604f69ce[Not completed]
2019-07-16 14:28:10,577 INFO  server.RaftServerConfigKeys (ConfUtils.java:logGet(43)) - raft.server.rpc.timeout.max = 5200ms (custom)
2019-07-16 14:28:10,577 INFO  server.RaftServerConfigKeys (ConfUtils.java:logGet(43)) - raft.server.rpcslowness.timeout = 120s (custom)
2019-07-16 14:28:10,577 INFO  impl.RaftServerImpl (RaftServerImpl.java:<init>(93)) - efaf353e-eaea-458e-8009-7c4cd0077a94: new RaftServerImpl for group-5062CAD3844B:[df1019c7-ec98-47c3-b032-e1f03aacc305:192.168.157.241:34549, efaf353e-eaea-458e-8009-7c4cd0077a94:192.168.157.241:34039, f93880e5-2c41-4a96-82e8-5ec76e61477c:192.168.157.241:43446] with ContainerStateMachine:uninitialized
2019-07-16 14:28:10,577 INFO  server.RaftServerConfigKeys (ConfUtils.java:logGet(43)) - raft.server.sleep.deviation.threshold = 300 (default)
2019-07-16 14:28:10,578 INFO  server.RaftServerConfigKeys (ConfUtils.java:logGet(43)) - raft.server.rpc.timeout.min = 5s (custom)
2019-07-16 14:28:10,578 INFO  impl.RaftServerImpl (RaftServerImpl.java:<init>(93)) - f93880e5-2c41-4a96-82e8-5ec76e61477c: new RaftServerImpl for group-5062CAD3844B:[df1019c7-ec98-47c3-b032-e1f03aacc305:192.168.157.241:34549, efaf353e-eaea-458e-8009-7c4cd0077a94:192.168.157.241:34039, f93880e5-2c41-4a96-82e8-5ec76e61477c:192.168.157.241:43446] with ContainerStateMachine:uninitialized
2019-07-16 14:28:10,578 INFO  server.RaftServerConfigKeys (ConfUtils.java:logGet(43)) - raft.server.log.appender.install.snapshot.enabled = false (custom)
2019-07-16 14:28:10,578 INFO  server.RaftServerConfigKeys (ConfUtils.java:logGet(43)) - raft.server.rpc.timeout.min = 5s (custom)
2019-07-16 14:28:10,578 INFO  server.RaftServerConfigKeys (ConfUtils.java:logGet(43)) - raft.server.rpc.timeout.max = 5200ms (custom)
2019-07-16 14:28:10,578 INFO  server.RaftServerConfigKeys (ConfUtils.java:logGet(43)) - raft.server.rpc.timeout.max = 5200ms (custom)
2019-07-16 14:28:10,579 INFO  server.RaftServerConfigKeys (ConfUtils.java:logGet(43)) - raft.server.rpcslowness.timeout = 120s (custom)
2019-07-16 14:28:10,578 INFO  impl.RaftServerImpl (ServerState.java:<init>(105)) - df1019c7-ec98-47c3-b032-e1f03aacc305:group-5062CAD3844B ConfigurationManager, init=-1: [df1019c7-ec98-47c3-b032-e1f03aacc305:192.168.157.241:34549, efaf353e-eaea-458e-8009-7c4cd0077a94:192.168.157.241:34039, f93880e5-2c41-4a96-82e8-5ec76e61477c:192.168.157.241:43446], old=null, confs=<EMPTY_MAP>
2019-07-16 14:28:10,579 INFO  server.RaftServerConfigKeys (ConfUtils.java:logGet(43)) - raft.server.sleep.deviation.threshold = 300 (default)
2019-07-16 14:28:10,578 INFO  server.RaftServerConfigKeys (ConfUtils.java:logGet(43)) - raft.server.rpcslowness.timeout = 120s (custom)
2019-07-16 14:28:10,579 INFO  server.RaftServerConfigKeys (ConfUtils.java:logGet(43)) - raft.server.log.appender.install.snapshot.enabled = false (custom)
2019-07-16 14:28:10,579 INFO  server.RaftServerConfigKeys (ConfUtils.java:logGet(43)) - raft.server.storage.dir = [/workdir/hadoop-ozone/integration-test/target/test-dir/MiniOzoneClusterImpl-47eba09b-2be6-457f-857a-d71b7095d2a5/datanode-3/data/ratis] (custom)
2019-07-16 14:28:10,579 INFO  impl.RaftServerImpl (ServerState.java:<init>(105)) - f93880e5-2c41-4a96-82e8-5ec76e61477c:group-5062CAD3844B ConfigurationManager, init=-1: [df1019c7-ec98-47c3-b032-e1f03aacc305:192.168.157.241:34549, efaf353e-eaea-458e-8009-7c4cd0077a94:192.168.157.241:34039, f93880e5-2c41-4a96-82e8-5ec76e61477c:192.168.157.241:43446], old=null, confs=<EMPTY_MAP>
2019-07-16 14:28:10,579 INFO  server.RaftServerConfigKeys (ConfUtils.java:logGet(43)) - raft.server.sleep.deviation.threshold = 300 (default)
2019-07-16 14:28:10,580 INFO  storage.RaftStorageDirectory (RaftStorageDirectory.java:analyzeStorage(246)) - The storage directory /workdir/hadoop-ozone/integration-test/target/test-dir/MiniOzoneClusterImpl-47eba09b-2be6-457f-857a-d71b7095d2a5/datanode-3/data/ratis/4d749c79-311c-4324-8e76-5062cad3844b does not exist. Creating ...
2019-07-16 14:28:10,580 INFO  server.RaftServerConfigKeys (ConfUtils.java:logGet(43)) - raft.server.storage.dir = [/workdir/hadoop-ozone/integration-test/target/test-dir/MiniOzoneClusterImpl-47eba09b-2be6-457f-857a-d71b7095d2a5/datanode-5/data/ratis] (custom)
2019-07-16 14:28:10,580 INFO  server.RaftServerConfigKeys (ConfUtils.java:logGet(43)) - raft.server.log.appender.install.snapshot.enabled = false (custom)
2019-07-16 14:28:10,580 INFO  impl.RaftServerImpl (ServerState.java:<init>(105)) - efaf353e-eaea-458e-8009-7c4cd0077a94:group-5062CAD3844B ConfigurationManager, init=-1: [df1019c7-ec98-47c3-b032-e1f03aacc305:192.168.157.241:34549, efaf353e-eaea-458e-8009-7c4cd0077a94:192.168.157.241:34039, f93880e5-2c41-4a96-82e8-5ec76e61477c:192.168.157.241:43446], old=null, confs=<EMPTY_MAP>
2019-07-16 14:28:10,580 INFO  storage.RaftStorageDirectory (RaftStorageDirectory.java:analyzeStorage(246)) - The storage directory /workdir/hadoop-ozone/integration-test/target/test-dir/MiniOzoneClusterImpl-47eba09b-2be6-457f-857a-d71b7095d2a5/datanode-5/data/ratis/4d749c79-311c-4324-8e76-5062cad3844b does not exist. Creating ...
2019-07-16 14:28:10,581 INFO  server.RaftServerConfigKeys (ConfUtils.java:logGet(43)) - raft.server.storage.dir = [/workdir/hadoop-ozone/integration-test/target/test-dir/MiniOzoneClusterImpl-47eba09b-2be6-457f-857a-d71b7095d2a5/datanode-4/data/ratis] (custom)
2019-07-16 14:28:10,581 INFO  storage.RaftStorageDirectory (RaftStorageDirectory.java:analyzeStorage(246)) - The storage directory /workdir/hadoop-ozone/integration-test/target/test-dir/MiniOzoneClusterImpl-47eba09b-2be6-457f-857a-d71b7095d2a5/datanode-4/data/ratis/4d749c79-311c-4324-8e76-5062cad3844b does not exist. Creating ...
2019-07-16 14:28:10,593 INFO  storage.RaftStorageDirectory (RaftStorageDirectory.java:tryLock(328)) - Lock on /workdir/hadoop-ozone/integration-test/target/test-dir/MiniOzoneClusterImpl-47eba09b-2be6-457f-857a-d71b7095d2a5/datanode-5/data/ratis/4d749c79-311c-4324-8e76-5062cad3844b/in_use.lock acquired by nodename 23803@trunk-nightly-gllmw-2332419065
2019-07-16 14:28:10,593 INFO  storage.RaftStorageDirectory (RaftStorageDirectory.java:tryLock(328)) - Lock on /workdir/hadoop-ozone/integration-test/target/test-dir/MiniOzoneClusterImpl-47eba09b-2be6-457f-857a-d71b7095d2a5/datanode-4/data/ratis/4d749c79-311c-4324-8e76-5062cad3844b/in_use.lock acquired by nodename 23803@trunk-nightly-gllmw-2332419065
2019-07-16 14:28:10,593 INFO  storage.RaftStorageDirectory (RaftStorageDirectory.java:tryLock(328)) - Lock on /workdir/hadoop-ozone/integration-test/target/test-dir/MiniOzoneClusterImpl-47eba09b-2be6-457f-857a-d71b7095d2a5/datanode-3/data/ratis/4d749c79-311c-4324-8e76-5062cad3844b/in_use.lock acquired by nodename 23803@trunk-nightly-gllmw-2332419065
2019-07-16 14:28:10,608 INFO  storage.RaftStorage (RaftStorage.java:format(72)) - Storage directory /workdir/hadoop-ozone/integration-test/target/test-dir/MiniOzoneClusterImpl-47eba09b-2be6-457f-857a-d71b7095d2a5/datanode-3/data/ratis/4d749c79-311c-4324-8e76-5062cad3844b has been successfully formatted.
2019-07-16 14:28:10,608 INFO  storage.RaftStorage (RaftStorage.java:format(72)) - Storage directory /workdir/hadoop-ozone/integration-test/target/test-dir/MiniOzoneClusterImpl-47eba09b-2be6-457f-857a-d71b7095d2a5/datanode-5/data/ratis/4d749c79-311c-4324-8e76-5062cad3844b has been successfully formatted.
2019-07-16 14:28:10,608 INFO  storage.RaftStorage (RaftStorage.java:format(72)) - Storage directory /workdir/hadoop-ozone/integration-test/target/test-dir/MiniOzoneClusterImpl-47eba09b-2be6-457f-857a-d71b7095d2a5/datanode-4/data/ratis/4d749c79-311c-4324-8e76-5062cad3844b has been successfully formatted.
2019-07-16 14:28:10,608 INFO  ratis.ContainerStateMachine (ContainerStateMachine.java:loadSnapshot(200)) - group-5062CAD3844B: The snapshot info is null. Setting the last applied indexto:(t:0, i:~)
2019-07-16 14:28:10,608 INFO  ratis.ContainerStateMachine (ContainerStateMachine.java:loadSnapshot(200)) - group-5062CAD3844B: The snapshot info is null. Setting the last applied indexto:(t:0, i:~)
2019-07-16 14:28:10,608 INFO  ratis.ContainerStateMachine (ContainerStateMachine.java:loadSnapshot(200)) - group-5062CAD3844B: The snapshot info is null. Setting the last applied indexto:(t:0, i:~)
2019-07-16 14:28:10,608 INFO  server.RaftServerConfigKeys (ConfUtils.java:logGet(43)) - raft.server.leader.election.timeout = 120s (custom)
2019-07-16 14:28:10,608 INFO  server.RaftServerConfigKeys (ConfUtils.java:logGet(43)) - raft.server.leader.election.timeout = 120s (custom)
2019-07-16 14:28:10,609 INFO  server.RaftServerConfigKeys (ConfUtils.java:logGet(43)) - raft.server.log.use.memory = false (default)
2019-07-16 14:28:10,609 INFO  server.RaftServerConfigKeys (ConfUtils.java:logGet(43)) - raft.server.leader.election.timeout = 120s (custom)
2019-07-16 14:28:10,609 INFO  server.RaftServerConfigKeys (ConfUtils.java:logGet(43)) - raft.server.log.purge.gap = 1000000000 (custom)
2019-07-16 14:28:10,609 INFO  server.RaftServerConfigKeys (ConfUtils.java:logGet(43)) - raft.server.log.use.memory = false (default)
2019-07-16 14:28:10,609 INFO  server.RaftServerConfigKeys (ConfUtils.java:logGet(43)) - raft.server.log.appender.buffer.byte-limit = 33554432 (custom)
2019-07-16 14:28:10,609 INFO  server.RaftServerConfigKeys (ConfUtils.java:logGet(43)) - raft.server.log.use.memory = false (default)
2019-07-16 14:28:10,610 INFO  server.RaftServerConfigKeys (ConfUtils.java:logGet(43)) - raft.server.log.segment.size.max = 1048576 (custom)
2019-07-16 14:28:10,609 INFO  server.RaftServerConfigKeys (ConfUtils.java:logGet(43)) - raft.server.log.purge.gap = 1000000000 (custom)
2019-07-16 14:28:10,610 INFO  server.RaftServerConfigKeys (ConfUtils.java:logGet(43)) - raft.server.log.segment.cache.num.max = 2 (custom)
2019-07-16 14:28:10,610 INFO  segmented.SegmentedRaftLogWorker (SegmentedRaftLogWorker.java:<init>(172)) - new efaf353e-eaea-458e-8009-7c4cd0077a94-SegmentedRaftLogWorker:Storage Directory /workdir/hadoop-ozone/integration-test/target/test-dir/MiniOzoneClusterImpl-47eba09b-2be6-457f-857a-d71b7095d2a5/datanode-4/data/ratis/4d749c79-311c-4324-8e76-5062cad3844b for RaftStorage:Storage Directory /workdir/hadoop-ozone/integration-test/target/test-dir/MiniOzoneClusterImpl-47eba09b-2be6-457f-857a-d71b7095d2a5/datanode-4/data/ratis/4d749c79-311c-4324-8e76-5062cad3844b
2019-07-16 14:28:10,610 INFO  server.RaftServerConfigKeys (ConfUtils.java:logGet(43)) - raft.server.log.purge.gap = 1000000000 (custom)
2019-07-16 14:28:10,610 INFO  server.RaftServerConfigKeys (ConfUtils.java:logGet(43)) - raft.server.log.queue.byte-limit = 2147483647 (custom)
2019-07-16 14:28:10,611 INFO  server.RaftServerConfigKeys (ConfUtils.java:logGet(43)) - raft.server.log.queue.element-limit = 1024 (custom)
2019-07-16 14:28:10,610 INFO  server.RaftServerConfigKeys (ConfUtils.java:logGet(43)) - raft.server.log.appender.buffer.byte-limit = 33554432 (custom)
2019-07-16 14:28:10,611 INFO  server.RaftServerConfigKeys (ConfUtils.java:logGet(43)) - raft.server.log.segment.size.max = 1048576 (custom)
2019-07-16 14:28:10,611 INFO  server.RaftServerConfigKeys (ConfUtils.java:logGet(43)) - raft.server.log.preallocated.size = 16384 (custom)
2019-07-16 14:28:10,611 INFO  server.RaftServerConfigKeys (ConfUtils.java:logGet(43)) - raft.server.log.appender.buffer.byte-limit = 33554432 (custom)
2019-07-16 14:28:10,611 INFO  server.RaftServerConfigKeys (ConfUtils.java:logGet(43)) - raft.server.log.write.buffer.size = 33554432 (custom)
2019-07-16 14:28:10,611 INFO  server.RaftServerConfigKeys (ConfUtils.java:logGet(43)) - raft.server.log.segment.size.max = 1048576 (custom)
2019-07-16 14:28:10,612 INFO  server.RaftServerConfigKeys (ConfUtils.java:logGet(43)) - raft.server.log.force.sync.num = 128 (default)
2019-07-16 14:28:10,612 INFO  server.RaftServerConfigKeys (ConfUtils.java:logGet(43)) - raft.server.log.segment.size.max = 1048576 (custom)
2019-07-16 14:28:10,612 INFO  server.RaftServerConfigKeys (ConfUtils.java:logGet(43)) - raft.server.log.statemachine.data.sync = true (default)
2019-07-16 14:28:10,612 INFO  server.RaftServerConfigKeys (ConfUtils.java:logGet(43)) - raft.server.log.segment.cache.num.max = 2 (custom)
2019-07-16 14:28:10,612 INFO  server.RaftServerConfigKeys (ConfUtils.java:logGet(43)) - raft.server.log.statemachine.data.sync.timeout = 10s (default)
2019-07-16 14:28:10,613 INFO  server.RaftServerConfigKeys (ConfUtils.java:logGet(43)) - raft.server.log.statemachine.data.sync.timeout.retry = -1 (default)
2019-07-16 14:28:10,612 INFO  server.RaftServerConfigKeys (ConfUtils.java:logGet(43)) - raft.server.log.segment.cache.num.max = 2 (custom)
2019-07-16 14:28:10,613 INFO  server.RaftServerConfigKeys (ConfUtils.java:logGet(43)) - raft.server.log.statemachine.data.caching.enabled = true (custom)
2019-07-16 14:28:10,612 INFO  segmented.SegmentedRaftLogWorker (SegmentedRaftLogWorker.java:<init>(172)) - new f93880e5-2c41-4a96-82e8-5ec76e61477c-SegmentedRaftLogWorker:Storage Directory /workdir/hadoop-ozone/integration-test/target/test-dir/MiniOzoneClusterImpl-47eba09b-2be6-457f-857a-d71b7095d2a5/datanode-5/data/ratis/4d749c79-311c-4324-8e76-5062cad3844b for RaftStorage:Storage Directory /workdir/hadoop-ozone/integration-test/target/test-dir/MiniOzoneClusterImpl-47eba09b-2be6-457f-857a-d71b7095d2a5/datanode-5/data/ratis/4d749c79-311c-4324-8e76-5062cad3844b
2019-07-16 14:28:10,613 INFO  segmented.SegmentedRaftLogWorker (SegmentedRaftLogWorker.java:<init>(172)) - new df1019c7-ec98-47c3-b032-e1f03aacc305-SegmentedRaftLogWorker:Storage Directory /workdir/hadoop-ozone/integration-test/target/test-dir/MiniOzoneClusterImpl-47eba09b-2be6-457f-857a-d71b7095d2a5/datanode-3/data/ratis/4d749c79-311c-4324-8e76-5062cad3844b for RaftStorage:Storage Directory /workdir/hadoop-ozone/integration-test/target/test-dir/MiniOzoneClusterImpl-47eba09b-2be6-457f-857a-d71b7095d2a5/datanode-3/data/ratis/4d749c79-311c-4324-8e76-5062cad3844b
2019-07-16 14:28:10,613 INFO  server.RaftServerConfigKeys (ConfUtils.java:logGet(43)) - raft.server.log.queue.byte-limit = 2147483647 (custom)
2019-07-16 14:28:10,613 INFO  segmented.SegmentedRaftLogWorker (SegmentedRaftLogWorker.java:lambda$new$0(132)) - efaf353e-eaea-458e-8009-7c4cd0077a94-SegmentedRaftLogWorker:Storage Directory /workdir/hadoop-ozone/integration-test/target/test-dir/MiniOzoneClusterImpl-47eba09b-2be6-457f-857a-d71b7095d2a5/datanode-4/data/ratis/4d749c79-311c-4324-8e76-5062cad3844b: flushIndex: setUnconditionally 0 -> -1
2019-07-16 14:28:10,614 INFO  server.RaftServerConfigKeys (ConfUtils.java:logGet(43)) - raft.server.log.queue.element-limit = 1024 (custom)
2019-07-16 14:28:10,613 INFO  server.RaftServerConfigKeys (ConfUtils.java:logGet(43)) - raft.server.log.queue.byte-limit = 2147483647 (custom)
2019-07-16 14:28:10,614 INFO  server.RaftServerConfigKeys (ConfUtils.java:logGet(43)) - raft.server.snapshot.auto.trigger.enabled = true (custom)
2019-07-16 14:28:10,614 INFO  server.RaftServerConfigKeys (ConfUtils.java:logGet(43)) - raft.server.log.segment.size.max = 1048576 (custom)
2019-07-16 14:28:10,614 INFO  server.RaftServerConfigKeys (ConfUtils.java:logGet(43)) - raft.server.snapshot.auto.trigger.threshold = 10000 (custom)
2019-07-16 14:28:10,614 INFO  server.RaftServerConfigKeys (ConfUtils.java:logGet(43)) - raft.server.log.queue.element-limit = 1024 (custom)
2019-07-16 14:28:10,615 INFO  server.RaftServerConfigKeys (ConfUtils.java:logGet(43)) - raft.server.retrycache.expirytime = 600000ms (custom)
2019-07-16 14:28:10,614 INFO  server.RaftServerConfigKeys (ConfUtils.java:logGet(43)) - raft.server.log.preallocated.size = 16384 (custom)
2019-07-16 14:28:10,615 INFO  impl.RaftServerImpl (RaftServerImpl.java:start(180)) - efaf353e-eaea-458e-8009-7c4cd0077a94: start group-5062CAD3844B
2019-07-16 14:28:10,615 INFO  impl.RaftServerImpl (RaftServerImpl.java:setRole(171)) - efaf353e-eaea-458e-8009-7c4cd0077a94:group-5062CAD3844B changes role from null to FOLLOWER at term 0 for startAsFollower
2019-07-16 14:28:10,615 INFO  server.RaftServerConfigKeys (ConfUtils.java:logGet(43)) - raft.server.log.segment.size.max = 1048576 (custom)
2019-07-16 14:28:10,615 INFO  impl.RoleInfo (RoleInfo.java:updateAndGet(143)) - efaf353e-eaea-458e-8009-7c4cd0077a94: start FollowerState
2019-07-16 14:28:10,615 INFO  server.RaftServerConfigKeys (ConfUtils.java:logGet(43)) - raft.server.log.write.buffer.size = 33554432 (custom)
2019-07-16 14:28:10,615 INFO  server.RaftServerConfigKeys (ConfUtils.java:logGet(43)) - raft.server.log.preallocated.size = 16384 (custom)
2019-07-16 14:28:10,616 INFO  util.JmxRegister (JmxRegister.java:tryRegister(44)) - Successfully registered JMX Bean with object name Ratis:service=RaftServer,group=group-5062CAD3844B,id=efaf353e-eaea-458e-8009-7c4cd0077a94
2019-07-16 14:28:10,616 INFO  server.RaftServerConfigKeys (ConfUtils.java:logGet(43)) - raft.server.log.force.sync.num = 128 (default)
2019-07-16 14:28:10,616 INFO  server.RaftServerConfigKeys (ConfUtils.java:logGet(43)) - raft.server.log.write.buffer.size = 33554432 (custom)
2019-07-16 14:28:10,616 INFO  server.RaftServerConfigKeys (ConfUtils.java:logGet(43)) - raft.server.log.statemachine.data.sync = true (default)
2019-07-16 14:28:10,616 INFO  server.RaftServerConfigKeys (ConfUtils.java:logGet(43)) - raft.server.log.force.sync.num = 128 (default)
2019-07-16 14:28:10,617 INFO  server.RaftServerConfigKeys (ConfUtils.java:logGet(43)) - raft.server.log.statemachine.data.sync.timeout = 10s (default)
2019-07-16 14:28:10,617 INFO  server.RaftServerConfigKeys (ConfUtils.java:logGet(43)) - raft.server.log.statemachine.data.sync = true (default)
2019-07-16 14:28:10,617 INFO  server.RaftServerConfigKeys (ConfUtils.java:logGet(43)) - raft.server.log.statemachine.data.sync.timeout.retry = -1 (default)
2019-07-16 14:28:10,617 INFO  server.RaftServerConfigKeys (ConfUtils.java:logGet(43)) - raft.server.log.statemachine.data.sync.timeout = 10s (default)
2019-07-16 14:28:10,617 INFO  server.RaftServerConfigKeys (ConfUtils.java:logGet(43)) - raft.server.log.statemachine.data.caching.enabled = true (custom)
2019-07-16 14:28:10,617 INFO  server.RaftServerConfigKeys (ConfUtils.java:logGet(43)) - raft.server.log.statemachine.data.sync.timeout.retry = -1 (default)
2019-07-16 14:28:10,620 INFO  segmented.SegmentedRaftLogWorker (SegmentedRaftLogWorker.java:lambda$new$0(132)) - f93880e5-2c41-4a96-82e8-5ec76e61477c-SegmentedRaftLogWorker:Storage Directory /workdir/hadoop-ozone/integration-test/target/test-dir/MiniOzoneClusterImpl-47eba09b-2be6-457f-857a-d71b7095d2a5/datanode-5/data/ratis/4d749c79-311c-4324-8e76-5062cad3844b: flushIndex: setUnconditionally 0 -> -1
2019-07-16 14:28:10,620 INFO  server.RaftServerConfigKeys (ConfUtils.java:logGet(43)) - raft.server.log.statemachine.data.caching.enabled = true (custom)
2019-07-16 14:28:10,621 INFO  server.RaftServerConfigKeys (ConfUtils.java:logGet(43)) - raft.server.snapshot.auto.trigger.enabled = true (custom)
2019-07-16 14:28:10,621 INFO  segmented.SegmentedRaftLogWorker (SegmentedRaftLogWorker.java:lambda$new$0(132)) - df1019c7-ec98-47c3-b032-e1f03aacc305-SegmentedRaftLogWorker:Storage Directory /workdir/hadoop-ozone/integration-test/target/test-dir/MiniOzoneClusterImpl-47eba09b-2be6-457f-857a-d71b7095d2a5/datanode-3/data/ratis/4d749c79-311c-4324-8e76-5062cad3844b: flushIndex: setUnconditionally 0 -> -1
2019-07-16 14:28:10,621 INFO  server.RaftServerConfigKeys (ConfUtils.java:logGet(43)) - raft.server.snapshot.auto.trigger.threshold = 10000 (custom)
2019-07-16 14:28:10,621 INFO  server.RaftServerConfigKeys (ConfUtils.java:logGet(43)) - raft.server.retrycache.expirytime = 600000ms (custom)
2019-07-16 14:28:10,621 INFO  server.RaftServerConfigKeys (ConfUtils.java:logGet(43)) - raft.server.snapshot.auto.trigger.enabled = true (custom)
2019-07-16 14:28:10,622 INFO  impl.RaftServerImpl (RaftServerImpl.java:start(180)) - f93880e5-2c41-4a96-82e8-5ec76e61477c: start group-5062CAD3844B
2019-07-16 14:28:10,622 INFO  server.RaftServerConfigKeys (ConfUtils.java:logGet(43)) - raft.server.snapshot.auto.trigger.threshold = 10000 (custom)
2019-07-16 14:28:10,622 INFO  impl.RaftServerImpl (RaftServerImpl.java:setRole(171)) - f93880e5-2c41-4a96-82e8-5ec76e61477c:group-5062CAD3844B changes role from null to FOLLOWER at term 0 for startAsFollower
2019-07-16 14:28:10,622 INFO  server.RaftServerConfigKeys (ConfUtils.java:logGet(43)) - raft.server.retrycache.expirytime = 600000ms (custom)
2019-07-16 14:28:10,622 INFO  impl.RoleInfo (RoleInfo.java:updateAndGet(143)) - f93880e5-2c41-4a96-82e8-5ec76e61477c: start FollowerState
2019-07-16 14:28:10,622 INFO  impl.RaftServerImpl (RaftServerImpl.java:start(180)) - df1019c7-ec98-47c3-b032-e1f03aacc305: start group-5062CAD3844B
2019-07-16 14:28:10,622 INFO  impl.RaftServerImpl (RaftServerImpl.java:setRole(171)) - df1019c7-ec98-47c3-b032-e1f03aacc305:group-5062CAD3844B changes role from null to FOLLOWER at term 0 for startAsFollower
2019-07-16 14:28:10,623 INFO  impl.RoleInfo (RoleInfo.java:updateAndGet(143)) - df1019c7-ec98-47c3-b032-e1f03aacc305: start FollowerState
2019-07-16 14:28:10,623 INFO  util.JmxRegister (JmxRegister.java:tryRegister(44)) - Successfully registered JMX Bean with object name Ratis:service=RaftServer,group=group-5062CAD3844B,id=f93880e5-2c41-4a96-82e8-5ec76e61477c
2019-07-16 14:28:10,623 INFO  util.JmxRegister (JmxRegister.java:tryRegister(44)) - Successfully registered JMX Bean with object name Ratis:service=RaftServer,group=group-5062CAD3844B,id=df1019c7-ec98-47c3-b032-e1f03aacc305
2019-07-16 14:28:10,630 INFO  pipeline.PipelineStateManager (PipelineStateManager.java:addPipeline(56)) - Created pipeline Pipeline[ Id: 4d749c79-311c-4324-8e76-5062cad3844b, Nodes: efaf353e-eaea-458e-8009-7c4cd0077a94{ip: 192.168.157.241, host: trunk-nightly-gllmw-2332419065, networkLocation: /default-rack, certSerialId: null}df1019c7-ec98-47c3-b032-e1f03aacc305{ip: 192.168.157.241, host: trunk-nightly-gllmw-2332419065, networkLocation: /default-rack, certSerialId: null}f93880e5-2c41-4a96-82e8-5ec76e61477c{ip: 192.168.157.241, host: trunk-nightly-gllmw-2332419065, networkLocation: /default-rack, certSerialId: null}, Type:RATIS, Factor:THREE, State:OPEN]
2019-07-16 14:28:10,711 INFO  ozone.MiniOzoneClusterImpl (MiniOzoneClusterImpl.java:lambda$waitForClusterToBeReady$0(142)) - Waiting for cluster to be ready. Got 6 of 7 DN Heartbeats.
2019-07-16 14:28:10,717 INFO  node.SCMNodeManager (SCMNodeManager.java:register(269)) - Registered Data node : 4b3754b6-0f86-429e-9502-8fad248adfd6{ip: 192.168.157.241, host: trunk-nightly-gllmw-2332419065, networkLocation: /default-rack, certSerialId: null}
2019-07-16 14:28:10,737 INFO  impl.RaftServerProxy (RaftServerProxy.java:addNew(89)) - 4b3754b6-0f86-429e-9502-8fad248adfd6: addNew group-96776A95DA23:[4b3754b6-0f86-429e-9502-8fad248adfd6:192.168.157.241:40369] returns group-96776A95DA23:java.util.concurrent.CompletableFuture@678cc290[Not completed]
2019-07-16 14:28:10,737 INFO  impl.RaftServerImpl (RaftServerImpl.java:<init>(93)) - 4b3754b6-0f86-429e-9502-8fad248adfd6: new RaftServerImpl for group-96776A95DA23:[4b3754b6-0f86-429e-9502-8fad248adfd6:192.168.157.241:40369] with ContainerStateMachine:uninitialized
2019-07-16 14:28:10,738 INFO  server.RaftServerConfigKeys (ConfUtils.java:logGet(43)) - raft.server.rpc.timeout.min = 5s (custom)
2019-07-16 14:28:10,738 INFO  server.RaftServerConfigKeys (ConfUtils.java:logGet(43)) - raft.server.rpc.timeout.max = 5200ms (custom)
2019-07-16 14:28:10,738 INFO  server.RaftServerConfigKeys (ConfUtils.java:logGet(43)) - raft.server.rpcslowness.timeout = 120s (custom)
2019-07-16 14:28:10,738 INFO  server.RaftServerConfigKeys (ConfUtils.java:logGet(43)) - raft.server.sleep.deviation.threshold = 300 (default)
2019-07-16 14:28:10,738 INFO  server.RaftServerConfigKeys (ConfUtils.java:logGet(43)) - raft.server.log.appender.install.snapshot.enabled = false (custom)
2019-07-16 14:28:10,738 INFO  impl.RaftServerImpl (ServerState.java:<init>(105)) - 4b3754b6-0f86-429e-9502-8fad248adfd6:group-96776A95DA23 ConfigurationManager, init=-1: [4b3754b6-0f86-429e-9502-8fad248adfd6:192.168.157.241:40369], old=null, confs=<EMPTY_MAP>
2019-07-16 14:28:10,738 INFO  server.RaftServerConfigKeys (ConfUtils.java:logGet(43)) - raft.server.storage.dir = [/workdir/hadoop-ozone/integration-test/target/test-dir/MiniOzoneClusterImpl-47eba09b-2be6-457f-857a-d71b7095d2a5/datanode-6/data/ratis] (custom)
2019-07-16 14:28:10,739 INFO  storage.RaftStorageDirectory (RaftStorageDirectory.java:analyzeStorage(246)) - The storage directory /workdir/hadoop-ozone/integration-test/target/test-dir/MiniOzoneClusterImpl-47eba09b-2be6-457f-857a-d71b7095d2a5/datanode-6/data/ratis/c5633c89-fcb5-4526-867d-96776a95da23 does not exist. Creating ...
2019-07-16 14:28:10,787 INFO  storage.RaftStorageDirectory (RaftStorageDirectory.java:tryLock(328)) - Lock on /workdir/hadoop-ozone/integration-test/target/test-dir/MiniOzoneClusterImpl-47eba09b-2be6-457f-857a-d71b7095d2a5/datanode-6/data/ratis/c5633c89-fcb5-4526-867d-96776a95da23/in_use.lock acquired by nodename 23803@trunk-nightly-gllmw-2332419065
2019-07-16 14:28:10,813 INFO  storage.RaftStorage (RaftStorage.java:format(72)) - Storage directory /workdir/hadoop-ozone/integration-test/target/test-dir/MiniOzoneClusterImpl-47eba09b-2be6-457f-857a-d71b7095d2a5/datanode-6/data/ratis/c5633c89-fcb5-4526-867d-96776a95da23 has been successfully formatted.
2019-07-16 14:28:10,813 INFO  ratis.ContainerStateMachine (ContainerStateMachine.java:loadSnapshot(200)) - group-96776A95DA23: The snapshot info is null. Setting the last applied indexto:(t:0, i:~)
2019-07-16 14:28:10,813 INFO  server.RaftServerConfigKeys (ConfUtils.java:logGet(43)) - raft.server.leader.election.timeout = 120s (custom)
2019-07-16 14:28:10,813 INFO  server.RaftServerConfigKeys (ConfUtils.java:logGet(43)) - raft.server.log.use.memory = false (default)
2019-07-16 14:28:10,813 INFO  server.RaftServerConfigKeys (ConfUtils.java:logGet(43)) - raft.server.log.purge.gap = 1000000000 (custom)
2019-07-16 14:28:10,813 INFO  server.RaftServerConfigKeys (ConfUtils.java:logGet(43)) - raft.server.log.appender.buffer.byte-limit = 33554432 (custom)
2019-07-16 14:28:10,814 INFO  server.RaftServerConfigKeys (ConfUtils.java:logGet(43)) - raft.server.log.segment.size.max = 1048576 (custom)
2019-07-16 14:28:10,814 INFO  server.RaftServerConfigKeys (ConfUtils.java:logGet(43)) - raft.server.log.segment.cache.num.max = 2 (custom)
2019-07-16 14:28:10,814 INFO  segmented.SegmentedRaftLogWorker (SegmentedRaftLogWorker.java:<init>(172)) - new 4b3754b6-0f86-429e-9502-8fad248adfd6-SegmentedRaftLogWorker:Storage Directory /workdir/hadoop-ozone/integration-test/target/test-dir/MiniOzoneClusterImpl-47eba09b-2be6-457f-857a-d71b7095d2a5/datanode-6/data/ratis/c5633c89-fcb5-4526-867d-96776a95da23 for RaftStorage:Storage Directory /workdir/hadoop-ozone/integration-test/target/test-dir/MiniOzoneClusterImpl-47eba09b-2be6-457f-857a-d71b7095d2a5/datanode-6/data/ratis/c5633c89-fcb5-4526-867d-96776a95da23
2019-07-16 14:28:10,814 INFO  server.RaftServerConfigKeys (ConfUtils.java:logGet(43)) - raft.server.log.queue.byte-limit = 2147483647 (custom)
2019-07-16 14:28:10,814 INFO  server.RaftServerConfigKeys (ConfUtils.java:logGet(43)) - raft.server.log.queue.element-limit = 1024 (custom)
2019-07-16 14:28:10,814 INFO  server.RaftServerConfigKeys (ConfUtils.java:logGet(43)) - raft.server.log.segment.size.max = 1048576 (custom)
2019-07-16 14:28:10,815 INFO  server.RaftServerConfigKeys (ConfUtils.java:logGet(43)) - raft.server.log.preallocated.size = 16384 (custom)
2019-07-16 14:28:10,815 INFO  server.RaftServerConfigKeys (ConfUtils.java:logGet(43)) - raft.server.log.write.buffer.size = 33554432 (custom)
2019-07-16 14:28:10,815 INFO  server.RaftServerConfigKeys (ConfUtils.java:logGet(43)) - raft.server.log.force.sync.num = 128 (default)
2019-07-16 14:28:10,815 INFO  server.RaftServerConfigKeys (ConfUtils.java:logGet(43)) - raft.server.log.statemachine.data.sync = true (default)
2019-07-16 14:28:10,815 INFO  server.RaftServerConfigKeys (ConfUtils.java:logGet(43)) - raft.server.log.statemachine.data.sync.timeout = 10s (default)
2019-07-16 14:28:10,815 INFO  server.RaftServerConfigKeys (ConfUtils.java:logGet(43)) - raft.server.log.statemachine.data.sync.timeout.retry = -1 (default)
2019-07-16 14:28:10,816 INFO  server.RaftServerConfigKeys (ConfUtils.java:logGet(43)) - raft.server.log.statemachine.data.caching.enabled = true (custom)
2019-07-16 14:28:10,816 INFO  segmented.SegmentedRaftLogWorker (SegmentedRaftLogWorker.java:lambda$new$0(132)) - 4b3754b6-0f86-429e-9502-8fad248adfd6-SegmentedRaftLogWorker:Storage Directory /workdir/hadoop-ozone/integration-test/target/test-dir/MiniOzoneClusterImpl-47eba09b-2be6-457f-857a-d71b7095d2a5/datanode-6/data/ratis/c5633c89-fcb5-4526-867d-96776a95da23: flushIndex: setUnconditionally 0 -> -1
2019-07-16 14:28:10,816 INFO  server.RaftServerConfigKeys (ConfUtils.java:logGet(43)) - raft.server.snapshot.auto.trigger.enabled = true (custom)
2019-07-16 14:28:10,816 INFO  server.RaftServerConfigKeys (ConfUtils.java:logGet(43)) - raft.server.snapshot.auto.trigger.threshold = 10000 (custom)
2019-07-16 14:28:10,816 INFO  server.RaftServerConfigKeys (ConfUtils.java:logGet(43)) - raft.server.retrycache.expirytime = 600000ms (custom)
2019-07-16 14:28:10,817 INFO  impl.RaftServerImpl (RaftServerImpl.java:start(180)) - 4b3754b6-0f86-429e-9502-8fad248adfd6: start group-96776A95DA23
2019-07-16 14:28:10,817 INFO  impl.RaftServerImpl (RaftServerImpl.java:setRole(171)) - 4b3754b6-0f86-429e-9502-8fad248adfd6:group-96776A95DA23 changes role from null to FOLLOWER at term 0 for startAsFollower
2019-07-16 14:28:10,817 INFO  impl.RoleInfo (RoleInfo.java:updateAndGet(143)) - 4b3754b6-0f86-429e-9502-8fad248adfd6: start FollowerState
2019-07-16 14:28:10,817 INFO  util.JmxRegister (JmxRegister.java:tryRegister(44)) - Successfully registered JMX Bean with object name Ratis:service=RaftServer,group=group-96776A95DA23,id=4b3754b6-0f86-429e-9502-8fad248adfd6
2019-07-16 14:28:10,822 INFO  pipeline.PipelineStateManager (PipelineStateManager.java:addPipeline(56)) - Created pipeline Pipeline[ Id: c5633c89-fcb5-4526-867d-96776a95da23, Nodes: 4b3754b6-0f86-429e-9502-8fad248adfd6{ip: 192.168.157.241, host: trunk-nightly-gllmw-2332419065, networkLocation: /default-rack, certSerialId: null}, Type:RATIS, Factor:ONE, State:OPEN]
2019-07-16 14:28:11,712 INFO  ozone.MiniOzoneClusterImpl (MiniOzoneClusterImpl.java:lambda$waitForClusterToBeReady$0(142)) - Cluster is ready. Got 7 of 7 DN Heartbeats.
2019-07-16 14:28:11,760 INFO  rpc.RpcClient (RpcClient.java:createVolume(287)) - Creating Volume: testblockoutputstream, with jenkins1000 as owner.
2019-07-16 14:28:11,781 INFO  rpc.RpcClient (RpcClient.java:createBucket(424)) - Creating Bucket: testblockoutputstream/testblockoutputstream, with Versioning false and Storage Type set to DISK and Encryption set to false 
2019-07-16 14:28:11,811 INFO  client.GrpcClientProtocolClient (GrpcClientProtocolClient.java:onNext(255)) - client-4352C3A2757C->f93880e5-2c41-4a96-82e8-5ec76e61477c: receive RaftClientReply:client-4352C3A2757C->f93880e5-2c41-4a96-82e8-5ec76e61477c@group-44646F05D6D2, cid=148, FAILED org.apache.ratis.protocol.NotLeaderException: Server f93880e5-2c41-4a96-82e8-5ec76e61477c is not the leader (null). Request must be sent to leader., logIndex=0, commits[f93880e5-2c41-4a96-82e8-5ec76e61477c:c-1]
2019-07-16 14:28:12,678 INFO  container.ReplicationManager (ReplicationManager.java:start(155)) - Starting Replication Monitor Thread.
2019-07-16 14:28:12,682 INFO  container.ReplicationManager (ReplicationManager.java:run(207)) - Replication Monitor Thread took 0 milliseconds for processing 1 containers.
2019-07-16 14:28:13,829 INFO  client.GrpcClientProtocolClient (GrpcClientProtocolClient.java:onNext(255)) - client-4352C3A2757C->f93880e5-2c41-4a96-82e8-5ec76e61477c: receive RaftClientReply:client-4352C3A2757C->f93880e5-2c41-4a96-82e8-5ec76e61477c@group-44646F05D6D2, cid=148, FAILED org.apache.ratis.protocol.NotLeaderException: Server f93880e5-2c41-4a96-82e8-5ec76e61477c is not the leader (null). Request must be sent to leader., logIndex=0, commits[f93880e5-2c41-4a96-82e8-5ec76e61477c:c-1]
2019-07-16 14:28:14,776 INFO  impl.FollowerState (FollowerState.java:run(106)) - aad6b064-f151-4eda-abe9-c978e9a928da:group-BC3E0F524F45 changes to CANDIDATE, lastRpcTime:5047, electionTimeout:5047ms
2019-07-16 14:28:14,777 INFO  impl.RoleInfo (RoleInfo.java:shutdownFollowerState(121)) - aad6b064-f151-4eda-abe9-c978e9a928da: shutdown FollowerState
2019-07-16 14:28:14,777 INFO  impl.RaftServerImpl (RaftServerImpl.java:setRole(171)) - aad6b064-f151-4eda-abe9-c978e9a928da:group-BC3E0F524F45 changes role from FOLLOWER to CANDIDATE at term 0 for changeToCandidate
2019-07-16 14:28:14,777 INFO  impl.RoleInfo (RoleInfo.java:updateAndGet(143)) - aad6b064-f151-4eda-abe9-c978e9a928da: start LeaderElection
2019-07-16 14:28:14,801 INFO  impl.LeaderElection (LeaderElection.java:askForVotes(181)) - aad6b064-f151-4eda-abe9-c978e9a928da:group-BC3E0F524F45:LeaderElection56: begin an election at term 1 for -1: [aad6b064-f151-4eda-abe9-c978e9a928da:192.168.157.241:41083], old=null
2019-07-16 14:28:14,801 INFO  impl.RoleInfo (RoleInfo.java:shutdownLeaderElection(134)) - aad6b064-f151-4eda-abe9-c978e9a928da: shutdown LeaderElection
2019-07-16 14:28:14,801 INFO  impl.RaftServerImpl (RaftServerImpl.java:setRole(171)) - aad6b064-f151-4eda-abe9-c978e9a928da:group-BC3E0F524F45 changes role from CANDIDATE to LEADER at term 1 for changeToLeader
2019-07-16 14:28:14,801 INFO  impl.RaftServerImpl (ServerState.java:setLeader(263)) - aad6b064-f151-4eda-abe9-c978e9a928da:group-BC3E0F524F45 change Leader from null to aad6b064-f151-4eda-abe9-c978e9a928da at term 1 for becomeLeader, leader elected after 5077ms
2019-07-16 14:28:14,804 INFO  server.RaftServerConfigKeys (ConfUtils.java:logGet(43)) - raft.server.staging.catchup.gap = 1000 (default)
2019-07-16 14:28:14,804 INFO  server.RaftServerConfigKeys (ConfUtils.java:logGet(43)) - raft.server.rpc.sleep.time = 25ms (default)
2019-07-16 14:28:14,804 INFO  server.RaftServerConfigKeys (ConfUtils.java:logGet(43)) - raft.server.write.element-limit = 4096 (default)
2019-07-16 14:28:14,804 INFO  server.RaftServerConfigKeys (ConfUtils.java:logGet(43)) - raft.server.watch.timeout = 10s (default)
2019-07-16 14:28:14,804 INFO  server.RaftServerConfigKeys (ConfUtils.java:logGet(43)) - raft.server.watch.timeout.denomination = 1s (default)
2019-07-16 14:28:14,805 INFO  server.RaftServerConfigKeys (ConfUtils.java:logGet(43)) - raft.server.watch.element-limit = 65536 (default)
2019-07-16 14:28:14,805 INFO  impl.RoleInfo (RoleInfo.java:updateAndGet(143)) - aad6b064-f151-4eda-abe9-c978e9a928da: start LeaderState
2019-07-16 14:28:14,805 INFO  segmented.SegmentedRaftLogWorker (SegmentedRaftLogWorker.java:startLogSegment(380)) - aad6b064-f151-4eda-abe9-c978e9a928da-SegmentedRaftLogWorker:Storage Directory /workdir/hadoop-ozone/integration-test/target/test-dir/MiniOzoneClusterImpl-47eba09b-2be6-457f-857a-d71b7095d2a5/datanode-0/data/ratis/4a752fac-a5c8-4de9-9fe4-bc3e0f524f45: Starting segment from index:0
2019-07-16 14:28:14,806 INFO  impl.RaftServerImpl (ServerState.java:setRaftConf(361)) - aad6b064-f151-4eda-abe9-c978e9a928da:group-BC3E0F524F45 set configuration 0: [aad6b064-f151-4eda-abe9-c978e9a928da:192.168.157.241:41083], old=null at 0
2019-07-16 14:28:14,841 INFO  segmented.SegmentedRaftLogWorker (SegmentedRaftLogWorker.java:execute(569)) - aad6b064-f151-4eda-abe9-c978e9a928da-SegmentedRaftLogWorker:Storage Directory /workdir/hadoop-ozone/integration-test/target/test-dir/MiniOzoneClusterImpl-47eba09b-2be6-457f-857a-d71b7095d2a5/datanode-0/data/ratis/4a752fac-a5c8-4de9-9fe4-bc3e0f524f45: created new log segment /workdir/hadoop-ozone/integration-test/target/test-dir/MiniOzoneClusterImpl-47eba09b-2be6-457f-857a-d71b7095d2a5/datanode-0/data/ratis/4a752fac-a5c8-4de9-9fe4-bc3e0f524f45/current/log_inprogress_0
2019-07-16 14:28:14,876 INFO  impl.FollowerState (FollowerState.java:run(106)) - 96d6981a-cb83-4f3f-8f2c-51322226cd15:group-3CF269BAC58C changes to CANDIDATE, lastRpcTime:5013, electionTimeout:5013ms
2019-07-16 14:28:14,877 INFO  impl.RoleInfo (RoleInfo.java:shutdownFollowerState(121)) - 96d6981a-cb83-4f3f-8f2c-51322226cd15: shutdown FollowerState
2019-07-16 14:28:14,877 INFO  impl.RaftServerImpl (RaftServerImpl.java:setRole(171)) - 96d6981a-cb83-4f3f-8f2c-51322226cd15:group-3CF269BAC58C changes role from FOLLOWER to CANDIDATE at term 0 for changeToCandidate
2019-07-16 14:28:14,877 INFO  impl.RoleInfo (RoleInfo.java:updateAndGet(143)) - 96d6981a-cb83-4f3f-8f2c-51322226cd15: start LeaderElection
2019-07-16 14:28:14,897 INFO  impl.LeaderElection (LeaderElection.java:askForVotes(181)) - 96d6981a-cb83-4f3f-8f2c-51322226cd15:group-3CF269BAC58C:LeaderElection57: begin an election at term 1 for -1: [96d6981a-cb83-4f3f-8f2c-51322226cd15:192.168.157.241:34371], old=null
2019-07-16 14:28:14,898 INFO  impl.RoleInfo (RoleInfo.java:shutdownLeaderElection(134)) - 96d6981a-cb83-4f3f-8f2c-51322226cd15: shutdown LeaderElection
2019-07-16 14:28:14,898 INFO  impl.RaftServerImpl (RaftServerImpl.java:setRole(171)) - 96d6981a-cb83-4f3f-8f2c-51322226cd15:group-3CF269BAC58C changes role from CANDIDATE to LEADER at term 1 for changeToLeader
2019-07-16 14:28:14,898 INFO  impl.RaftServerImpl (ServerState.java:setLeader(263)) - 96d6981a-cb83-4f3f-8f2c-51322226cd15:group-3CF269BAC58C change Leader from null to 96d6981a-cb83-4f3f-8f2c-51322226cd15 at term 1 for becomeLeader, leader elected after 5037ms
2019-07-16 14:28:14,900 INFO  server.RaftServerConfigKeys (ConfUtils.java:logGet(43)) - raft.server.staging.catchup.gap = 1000 (default)
2019-07-16 14:28:14,900 INFO  server.RaftServerConfigKeys (ConfUtils.java:logGet(43)) - raft.server.rpc.sleep.time = 25ms (default)
2019-07-16 14:28:14,900 INFO  server.RaftServerConfigKeys (ConfUtils.java:logGet(43)) - raft.server.write.element-limit = 4096 (default)
2019-07-16 14:28:14,901 INFO  server.RaftServerConfigKeys (ConfUtils.java:logGet(43)) - raft.server.watch.timeout = 10s (default)
2019-07-16 14:28:14,901 INFO  server.RaftServerConfigKeys (ConfUtils.java:logGet(43)) - raft.server.watch.timeout.denomination = 1s (default)
2019-07-16 14:28:14,901 INFO  server.RaftServerConfigKeys (ConfUtils.java:logGet(43)) - raft.server.watch.element-limit = 65536 (default)
2019-07-16 14:28:14,901 INFO  impl.RoleInfo (RoleInfo.java:updateAndGet(143)) - 96d6981a-cb83-4f3f-8f2c-51322226cd15: start LeaderState
2019-07-16 14:28:14,901 INFO  segmented.SegmentedRaftLogWorker (SegmentedRaftLogWorker.java:startLogSegment(380)) - 96d6981a-cb83-4f3f-8f2c-51322226cd15-SegmentedRaftLogWorker:Storage Directory /workdir/hadoop-ozone/integration-test/target/test-dir/MiniOzoneClusterImpl-47eba09b-2be6-457f-857a-d71b7095d2a5/datanode-1/data/ratis/c3c84dc1-d434-4c90-820c-3cf269bac58c: Starting segment from index:0
2019-07-16 14:28:14,902 INFO  impl.RaftServerImpl (ServerState.java:setRaftConf(361)) - 96d6981a-cb83-4f3f-8f2c-51322226cd15:group-3CF269BAC58C set configuration 0: [96d6981a-cb83-4f3f-8f2c-51322226cd15:192.168.157.241:34371], old=null at 0
2019-07-16 14:28:14,935 INFO  segmented.SegmentedRaftLogWorker (SegmentedRaftLogWorker.java:execute(569)) - 96d6981a-cb83-4f3f-8f2c-51322226cd15-SegmentedRaftLogWorker:Storage Directory /workdir/hadoop-ozone/integration-test/target/test-dir/MiniOzoneClusterImpl-47eba09b-2be6-457f-857a-d71b7095d2a5/datanode-1/data/ratis/c3c84dc1-d434-4c90-820c-3cf269bac58c: created new log segment /workdir/hadoop-ozone/integration-test/target/test-dir/MiniOzoneClusterImpl-47eba09b-2be6-457f-857a-d71b7095d2a5/datanode-1/data/ratis/c3c84dc1-d434-4c90-820c-3cf269bac58c/current/log_inprogress_0
2019-07-16 14:28:15,134 INFO  impl.FollowerState (FollowerState.java:run(106)) - 822d12d0-a580-4996-8ec7-c93d7888a365:group-B0B8F795467E changes to CANDIDATE, lastRpcTime:5102, electionTimeout:5102ms
2019-07-16 14:28:15,134 INFO  impl.RoleInfo (RoleInfo.java:shutdownFollowerState(121)) - 822d12d0-a580-4996-8ec7-c93d7888a365: shutdown FollowerState
2019-07-16 14:28:15,134 INFO  impl.RaftServerImpl (RaftServerImpl.java:setRole(171)) - 822d12d0-a580-4996-8ec7-c93d7888a365:group-B0B8F795467E changes role from FOLLOWER to CANDIDATE at term 0 for changeToCandidate
2019-07-16 14:28:15,134 INFO  impl.RoleInfo (RoleInfo.java:updateAndGet(143)) - 822d12d0-a580-4996-8ec7-c93d7888a365: start LeaderElection
2019-07-16 14:28:15,155 INFO  impl.LeaderElection (LeaderElection.java:askForVotes(181)) - 822d12d0-a580-4996-8ec7-c93d7888a365:group-B0B8F795467E:LeaderElection58: begin an election at term 1 for -1: [822d12d0-a580-4996-8ec7-c93d7888a365:192.168.157.241:42779], old=null
2019-07-16 14:28:15,155 INFO  impl.RoleInfo (RoleInfo.java:shutdownLeaderElection(134)) - 822d12d0-a580-4996-8ec7-c93d7888a365: shutdown LeaderElection
2019-07-16 14:28:15,155 INFO  impl.RaftServerImpl (RaftServerImpl.java:setRole(171)) - 822d12d0-a580-4996-8ec7-c93d7888a365:group-B0B8F795467E changes role from CANDIDATE to LEADER at term 1 for changeToLeader
2019-07-16 14:28:15,155 INFO  impl.RaftServerImpl (ServerState.java:setLeader(263)) - 822d12d0-a580-4996-8ec7-c93d7888a365:group-B0B8F795467E change Leader from null to 822d12d0-a580-4996-8ec7-c93d7888a365 at term 1 for becomeLeader, leader elected after 5127ms
2019-07-16 14:28:15,159 INFO  server.RaftServerConfigKeys (ConfUtils.java:logGet(43)) - raft.server.staging.catchup.gap = 1000 (default)
2019-07-16 14:28:15,159 INFO  server.RaftServerConfigKeys (ConfUtils.java:logGet(43)) - raft.server.rpc.sleep.time = 25ms (default)
2019-07-16 14:28:15,159 INFO  server.RaftServerConfigKeys (ConfUtils.java:logGet(43)) - raft.server.write.element-limit = 4096 (default)
2019-07-16 14:28:15,160 INFO  server.RaftServerConfigKeys (ConfUtils.java:logGet(43)) - raft.server.watch.timeout = 10s (default)
2019-07-16 14:28:15,160 INFO  server.RaftServerConfigKeys (ConfUtils.java:logGet(43)) - raft.server.watch.timeout.denomination = 1s (default)
2019-07-16 14:28:15,160 INFO  server.RaftServerConfigKeys (ConfUtils.java:logGet(43)) - raft.server.watch.element-limit = 65536 (default)
2019-07-16 14:28:15,160 INFO  impl.RoleInfo (RoleInfo.java:updateAndGet(143)) - 822d12d0-a580-4996-8ec7-c93d7888a365: start LeaderState
2019-07-16 14:28:15,161 INFO  segmented.SegmentedRaftLogWorker (SegmentedRaftLogWorker.java:startLogSegment(380)) - 822d12d0-a580-4996-8ec7-c93d7888a365-SegmentedRaftLogWorker:Storage Directory /workdir/hadoop-ozone/integration-test/target/test-dir/MiniOzoneClusterImpl-47eba09b-2be6-457f-857a-d71b7095d2a5/datanode-2/data/ratis/66ce1fff-2171-4bcc-8459-b0b8f795467e: Starting segment from index:0
2019-07-16 14:28:15,161 INFO  impl.RaftServerImpl (ServerState.java:setRaftConf(361)) - 822d12d0-a580-4996-8ec7-c93d7888a365:group-B0B8F795467E set configuration 0: [822d12d0-a580-4996-8ec7-c93d7888a365:192.168.157.241:42779], old=null at 0
2019-07-16 14:28:15,183 INFO  impl.FollowerState (FollowerState.java:run(106)) - 822d12d0-a580-4996-8ec7-c93d7888a365:group-E9E80C8DDAAB changes to CANDIDATE, lastRpcTime:5096, electionTimeout:5080ms
2019-07-16 14:28:15,184 INFO  impl.RoleInfo (RoleInfo.java:shutdownFollowerState(121)) - 822d12d0-a580-4996-8ec7-c93d7888a365: shutdown FollowerState
2019-07-16 14:28:15,184 INFO  impl.RaftServerImpl (RaftServerImpl.java:setRole(171)) - 822d12d0-a580-4996-8ec7-c93d7888a365:group-E9E80C8DDAAB changes role from FOLLOWER to CANDIDATE at term 0 for changeToCandidate
2019-07-16 14:28:15,184 INFO  impl.RoleInfo (RoleInfo.java:updateAndGet(143)) - 822d12d0-a580-4996-8ec7-c93d7888a365: start LeaderElection
2019-07-16 14:28:15,196 INFO  segmented.SegmentedRaftLogWorker (SegmentedRaftLogWorker.java:execute(569)) - 822d12d0-a580-4996-8ec7-c93d7888a365-SegmentedRaftLogWorker:Storage Directory /workdir/hadoop-ozone/integration-test/target/test-dir/MiniOzoneClusterImpl-47eba09b-2be6-457f-857a-d71b7095d2a5/datanode-2/data/ratis/66ce1fff-2171-4bcc-8459-b0b8f795467e: created new log segment /workdir/hadoop-ozone/integration-test/target/test-dir/MiniOzoneClusterImpl-47eba09b-2be6-457f-857a-d71b7095d2a5/datanode-2/data/ratis/66ce1fff-2171-4bcc-8459-b0b8f795467e/current/log_inprogress_0
2019-07-16 14:28:15,196 INFO  impl.LeaderElection (LeaderElection.java:askForVotes(181)) - 822d12d0-a580-4996-8ec7-c93d7888a365:group-E9E80C8DDAAB:LeaderElection59: begin an election at term 1 for -1: [96d6981a-cb83-4f3f-8f2c-51322226cd15:192.168.157.241:34371, aad6b064-f151-4eda-abe9-c978e9a928da:192.168.157.241:41083, 822d12d0-a580-4996-8ec7-c93d7888a365:192.168.157.241:42779], old=null
2019-07-16 14:28:15,207 INFO  impl.RaftServerImpl (RaftServerImpl.java:setRole(171)) - aad6b064-f151-4eda-abe9-c978e9a928da:group-E9E80C8DDAAB changes role from FOLLOWER to FOLLOWER at term 1 for recognizeCandidate:822d12d0-a580-4996-8ec7-c93d7888a365
2019-07-16 14:28:15,207 INFO  impl.RoleInfo (RoleInfo.java:shutdownFollowerState(121)) - aad6b064-f151-4eda-abe9-c978e9a928da: shutdown FollowerState
2019-07-16 14:28:15,207 INFO  impl.RaftServerImpl (RaftServerImpl.java:setRole(171)) - 96d6981a-cb83-4f3f-8f2c-51322226cd15:group-E9E80C8DDAAB changes role from FOLLOWER to FOLLOWER at term 1 for recognizeCandidate:822d12d0-a580-4996-8ec7-c93d7888a365
2019-07-16 14:28:15,208 INFO  impl.FollowerState (FollowerState.java:run(114)) - aad6b064-f151-4eda-abe9-c978e9a928da: FollowerState was interrupted: java.lang.InterruptedException: sleep interrupted
2019-07-16 14:28:15,208 INFO  impl.RoleInfo (RoleInfo.java:updateAndGet(143)) - aad6b064-f151-4eda-abe9-c978e9a928da: start FollowerState
2019-07-16 14:28:15,211 INFO  impl.FollowerState (FollowerState.java:run(106)) - df1019c7-ec98-47c3-b032-e1f03aacc305:group-66A37988E187 changes to CANDIDATE, lastRpcTime:5018, electionTimeout:5016ms
2019-07-16 14:28:15,208 INFO  impl.RoleInfo (RoleInfo.java:shutdownFollowerState(121)) - 96d6981a-cb83-4f3f-8f2c-51322226cd15: shutdown FollowerState
2019-07-16 14:28:15,212 INFO  impl.RoleInfo (RoleInfo.java:shutdownFollowerState(121)) - df1019c7-ec98-47c3-b032-e1f03aacc305: shutdown FollowerState
2019-07-16 14:28:15,212 INFO  impl.RoleInfo (RoleInfo.java:updateAndGet(143)) - 96d6981a-cb83-4f3f-8f2c-51322226cd15: start FollowerState
2019-07-16 14:28:15,212 INFO  impl.RaftServerImpl (RaftServerImpl.java:setRole(171)) - df1019c7-ec98-47c3-b032-e1f03aacc305:group-66A37988E187 changes role from FOLLOWER to CANDIDATE at term 0 for changeToCandidate
2019-07-16 14:28:15,212 INFO  impl.FollowerState (FollowerState.java:run(114)) - 96d6981a-cb83-4f3f-8f2c-51322226cd15: FollowerState was interrupted: java.lang.InterruptedException: sleep interrupted
2019-07-16 14:28:15,212 INFO  impl.RoleInfo (RoleInfo.java:updateAndGet(143)) - df1019c7-ec98-47c3-b032-e1f03aacc305: start LeaderElection
2019-07-16 14:28:15,225 INFO  impl.LeaderElection (LeaderElection.java:askForVotes(181)) - df1019c7-ec98-47c3-b032-e1f03aacc305:group-66A37988E187:LeaderElection60: begin an election at term 1 for -1: [df1019c7-ec98-47c3-b032-e1f03aacc305:192.168.157.241:34549], old=null
2019-07-16 14:28:15,226 INFO  impl.RoleInfo (RoleInfo.java:shutdownLeaderElection(134)) - df1019c7-ec98-47c3-b032-e1f03aacc305: shutdown LeaderElection
2019-07-16 14:28:15,226 INFO  impl.RaftServerImpl (RaftServerImpl.java:setRole(171)) - df1019c7-ec98-47c3-b032-e1f03aacc305:group-66A37988E187 changes role from CANDIDATE to LEADER at term 1 for changeToLeader
2019-07-16 14:28:15,226 INFO  impl.RaftServerImpl (ServerState.java:setLeader(263)) - df1019c7-ec98-47c3-b032-e1f03aacc305:group-66A37988E187 change Leader from null to df1019c7-ec98-47c3-b032-e1f03aacc305 at term 1 for becomeLeader, leader elected after 5037ms
2019-07-16 14:28:15,228 INFO  server.RaftServerConfigKeys (ConfUtils.java:logGet(43)) - raft.server.staging.catchup.gap = 1000 (default)
2019-07-16 14:28:15,229 INFO  server.RaftServerConfigKeys (ConfUtils.java:logGet(43)) - raft.server.rpc.sleep.time = 25ms (default)
2019-07-16 14:28:15,229 INFO  server.RaftServerConfigKeys (ConfUtils.java:logGet(43)) - raft.server.write.element-limit = 4096 (default)
2019-07-16 14:28:15,229 INFO  server.RaftServerConfigKeys (ConfUtils.java:logGet(43)) - raft.server.watch.timeout = 10s (default)
2019-07-16 14:28:15,229 INFO  impl.LeaderElection (LeaderElection.java:logAndReturn(56)) - 822d12d0-a580-4996-8ec7-c93d7888a365:group-E9E80C8DDAAB:LeaderElection59: Election PASSED; received 1 response(s) [822d12d0-a580-4996-8ec7-c93d7888a365<-aad6b064-f151-4eda-abe9-c978e9a928da#0:OK-t1] and 0 exception(s); 822d12d0-a580-4996-8ec7-c93d7888a365:t1, leader=null, voted=822d12d0-a580-4996-8ec7-c93d7888a365, raftlog=822d12d0-a580-4996-8ec7-c93d7888a365-SegmentedRaftLog:OPENED:c-1,f-1,i0, conf=-1: [96d6981a-cb83-4f3f-8f2c-51322226cd15:192.168.157.241:34371, aad6b064-f151-4eda-abe9-c978e9a928da:192.168.157.241:41083, 822d12d0-a580-4996-8ec7-c93d7888a365:192.168.157.241:42779], old=null
2019-07-16 14:28:15,229 INFO  server.RaftServerConfigKeys (ConfUtils.java:logGet(43)) - raft.server.watch.timeout.denomination = 1s (default)
2019-07-16 14:28:15,229 INFO  impl.RoleInfo (RoleInfo.java:shutdownLeaderElection(134)) - 822d12d0-a580-4996-8ec7-c93d7888a365: shutdown LeaderElection
2019-07-16 14:28:15,229 INFO  server.RaftServerConfigKeys (ConfUtils.java:logGet(43)) - raft.server.watch.element-limit = 65536 (default)
2019-07-16 14:28:15,232 INFO  impl.RaftServerImpl (RaftServerImpl.java:setRole(171)) - 822d12d0-a580-4996-8ec7-c93d7888a365:group-E9E80C8DDAAB changes role from CANDIDATE to LEADER at term 1 for changeToLeader
2019-07-16 14:28:15,232 INFO  impl.RoleInfo (RoleInfo.java:updateAndGet(143)) - df1019c7-ec98-47c3-b032-e1f03aacc305: start LeaderState
2019-07-16 14:28:15,232 INFO  impl.RaftServerImpl (ServerState.java:setLeader(263)) - 822d12d0-a580-4996-8ec7-c93d7888a365:group-E9E80C8DDAAB change Leader from null to 822d12d0-a580-4996-8ec7-c93d7888a365 at term 1 for becomeLeader, leader elected after 5154ms
2019-07-16 14:28:15,232 INFO  segmented.SegmentedRaftLogWorker (SegmentedRaftLogWorker.java:startLogSegment(380)) - df1019c7-ec98-47c3-b032-e1f03aacc305-SegmentedRaftLogWorker:Storage Directory /workdir/hadoop-ozone/integration-test/target/test-dir/MiniOzoneClusterImpl-47eba09b-2be6-457f-857a-d71b7095d2a5/datanode-3/data/ratis/e649e0f3-09fb-44c8-b1c1-66a37988e187: Starting segment from index:0
2019-07-16 14:28:15,232 INFO  server.RaftServerConfigKeys (ConfUtils.java:logGet(43)) - raft.server.staging.catchup.gap = 1000 (default)
2019-07-16 14:28:15,233 INFO  server.RaftServerConfigKeys (ConfUtils.java:logGet(43)) - raft.server.rpc.sleep.time = 25ms (default)
2019-07-16 14:28:15,233 INFO  impl.RaftServerImpl (ServerState.java:setRaftConf(361)) - df1019c7-ec98-47c3-b032-e1f03aacc305:group-66A37988E187 set configuration 0: [df1019c7-ec98-47c3-b032-e1f03aacc305:192.168.157.241:34549], old=null at 0
2019-07-16 14:28:15,233 INFO  server.RaftServerConfigKeys (ConfUtils.java:logGet(43)) - raft.server.write.element-limit = 4096 (default)
2019-07-16 14:28:15,254 INFO  server.RaftServerConfigKeys (ConfUtils.java:logGet(43)) - raft.server.watch.timeout = 10s (default)
2019-07-16 14:28:15,254 INFO  server.RaftServerConfigKeys (ConfUtils.java:logGet(43)) - raft.server.watch.timeout.denomination = 1s (default)
2019-07-16 14:28:15,254 INFO  server.RaftServerConfigKeys (ConfUtils.java:logGet(43)) - raft.server.watch.element-limit = 65536 (default)
2019-07-16 14:28:15,255 INFO  server.RaftServerConfigKeys (ConfUtils.java:logGet(43)) - raft.server.log.appender.snapshot.chunk.size.max = 16MB (=16777216) (default)
2019-07-16 14:28:15,255 INFO  server.RaftServerConfigKeys (ConfUtils.java:logGet(43)) - raft.server.log.appender.buffer.byte-limit = 33554432 (custom)
2019-07-16 14:28:15,255 INFO  server.RaftServerConfigKeys (ConfUtils.java:logGet(43)) - raft.server.log.appender.buffer.element-limit = 1 (custom)
2019-07-16 14:28:15,255 INFO  grpc.GrpcConfigKeys$Server (ConfUtils.java:logGet(43)) - raft.grpc.server.leader.outstanding.appends.max = 128 (default)
2019-07-16 14:28:15,255 INFO  server.RaftServerConfigKeys (ConfUtils.java:logGet(43)) - raft.server.rpc.request.timeout = 3000ms (default)
2019-07-16 14:28:15,256 INFO  server.RaftServerConfigKeys (ConfUtils.java:logGet(43)) - raft.server.log.appender.install.snapshot.enabled = false (custom)
2019-07-16 14:28:15,256 INFO  server.RaftServerConfigKeys (ConfUtils.java:logGet(43)) - raft.server.log.appender.snapshot.chunk.size.max = 16MB (=16777216) (default)
2019-07-16 14:28:15,256 INFO  server.RaftServerConfigKeys (ConfUtils.java:logGet(43)) - raft.server.log.appender.buffer.byte-limit = 33554432 (custom)
2019-07-16 14:28:15,256 INFO  server.RaftServerConfigKeys (ConfUtils.java:logGet(43)) - raft.server.log.appender.buffer.element-limit = 1 (custom)
2019-07-16 14:28:15,256 INFO  grpc.GrpcConfigKeys$Server (ConfUtils.java:logGet(43)) - raft.grpc.server.leader.outstanding.appends.max = 128 (default)
2019-07-16 14:28:15,256 INFO  server.RaftServerConfigKeys (ConfUtils.java:logGet(43)) - raft.server.rpc.request.timeout = 3000ms (default)
2019-07-16 14:28:15,257 INFO  server.RaftServerConfigKeys (ConfUtils.java:logGet(43)) - raft.server.log.appender.install.snapshot.enabled = false (custom)
2019-07-16 14:28:15,257 INFO  impl.RoleInfo (RoleInfo.java:updateAndGet(143)) - 822d12d0-a580-4996-8ec7-c93d7888a365: start LeaderState
2019-07-16 14:28:15,257 INFO  segmented.SegmentedRaftLogWorker (SegmentedRaftLogWorker.java:startLogSegment(380)) - 822d12d0-a580-4996-8ec7-c93d7888a365-SegmentedRaftLogWorker:Storage Directory /workdir/hadoop-ozone/integration-test/target/test-dir/MiniOzoneClusterImpl-47eba09b-2be6-457f-857a-d71b7095d2a5/datanode-2/data/ratis/32f8785e-f5c9-449d-8836-e9e80c8ddaab: Starting segment from index:0
2019-07-16 14:28:15,258 INFO  impl.RaftServerImpl (ServerState.java:setRaftConf(361)) - 822d12d0-a580-4996-8ec7-c93d7888a365:group-E9E80C8DDAAB set configuration 0: [96d6981a-cb83-4f3f-8f2c-51322226cd15:192.168.157.241:34371, aad6b064-f151-4eda-abe9-c978e9a928da:192.168.157.241:41083, 822d12d0-a580-4996-8ec7-c93d7888a365:192.168.157.241:42779], old=null at 0
2019-07-16 14:28:15,279 INFO  segmented.SegmentedRaftLogWorker (SegmentedRaftLogWorker.java:execute(569)) - df1019c7-ec98-47c3-b032-e1f03aacc305-SegmentedRaftLogWorker:Storage Directory /workdir/hadoop-ozone/integration-test/target/test-dir/MiniOzoneClusterImpl-47eba09b-2be6-457f-857a-d71b7095d2a5/datanode-3/data/ratis/e649e0f3-09fb-44c8-b1c1-66a37988e187: created new log segment /workdir/hadoop-ozone/integration-test/target/test-dir/MiniOzoneClusterImpl-47eba09b-2be6-457f-857a-d71b7095d2a5/datanode-3/data/ratis/e649e0f3-09fb-44c8-b1c1-66a37988e187/current/log_inprogress_0
2019-07-16 14:28:15,281 INFO  impl.RaftServerImpl (ServerState.java:setLeader(263)) - 96d6981a-cb83-4f3f-8f2c-51322226cd15:group-E9E80C8DDAAB change Leader from null to 822d12d0-a580-4996-8ec7-c93d7888a365 at term 1 for appendEntries, leader elected after 5203ms
2019-07-16 14:28:15,281 INFO  impl.RaftServerImpl (ServerState.java:setLeader(263)) - aad6b064-f151-4eda-abe9-c978e9a928da:group-E9E80C8DDAAB change Leader from null to 822d12d0-a580-4996-8ec7-c93d7888a365 at term 1 for appendEntries, leader elected after 5203ms
2019-07-16 14:28:15,288 INFO  impl.RaftServerImpl (ServerState.java:setRaftConf(361)) - 96d6981a-cb83-4f3f-8f2c-51322226cd15:group-E9E80C8DDAAB set configuration 0: [96d6981a-cb83-4f3f-8f2c-51322226cd15:192.168.157.241:34371, aad6b064-f151-4eda-abe9-c978e9a928da:192.168.157.241:41083, 822d12d0-a580-4996-8ec7-c93d7888a365:192.168.157.241:42779], old=null at 0
2019-07-16 14:28:15,288 INFO  impl.RaftServerImpl (ServerState.java:setRaftConf(361)) - aad6b064-f151-4eda-abe9-c978e9a928da:group-E9E80C8DDAAB set configuration 0: [96d6981a-cb83-4f3f-8f2c-51322226cd15:192.168.157.241:34371, aad6b064-f151-4eda-abe9-c978e9a928da:192.168.157.241:41083, 822d12d0-a580-4996-8ec7-c93d7888a365:192.168.157.241:42779], old=null at 0
2019-07-16 14:28:15,288 INFO  segmented.SegmentedRaftLogWorker (SegmentedRaftLogWorker.java:startLogSegment(380)) - 96d6981a-cb83-4f3f-8f2c-51322226cd15-SegmentedRaftLogWorker:Storage Directory /workdir/hadoop-ozone/integration-test/target/test-dir/MiniOzoneClusterImpl-47eba09b-2be6-457f-857a-d71b7095d2a5/datanode-1/data/ratis/32f8785e-f5c9-449d-8836-e9e80c8ddaab: Starting segment from index:0
2019-07-16 14:28:15,289 INFO  segmented.SegmentedRaftLogWorker (SegmentedRaftLogWorker.java:startLogSegment(380)) - aad6b064-f151-4eda-abe9-c978e9a928da-SegmentedRaftLogWorker:Storage Directory /workdir/hadoop-ozone/integration-test/target/test-dir/MiniOzoneClusterImpl-47eba09b-2be6-457f-857a-d71b7095d2a5/datanode-0/data/ratis/32f8785e-f5c9-449d-8836-e9e80c8ddaab: Starting segment from index:0
2019-07-16 14:28:15,292 INFO  segmented.SegmentedRaftLogWorker (SegmentedRaftLogWorker.java:execute(569)) - 822d12d0-a580-4996-8ec7-c93d7888a365-SegmentedRaftLogWorker:Storage Directory /workdir/hadoop-ozone/integration-test/target/test-dir/MiniOzoneClusterImpl-47eba09b-2be6-457f-857a-d71b7095d2a5/datanode-2/data/ratis/32f8785e-f5c9-449d-8836-e9e80c8ddaab: created new log segment /workdir/hadoop-ozone/integration-test/target/test-dir/MiniOzoneClusterImpl-47eba09b-2be6-457f-857a-d71b7095d2a5/datanode-2/data/ratis/32f8785e-f5c9-449d-8836-e9e80c8ddaab/current/log_inprogress_0
2019-07-16 14:28:15,321 INFO  segmented.SegmentedRaftLogWorker (SegmentedRaftLogWorker.java:execute(569)) - 96d6981a-cb83-4f3f-8f2c-51322226cd15-SegmentedRaftLogWorker:Storage Directory /workdir/hadoop-ozone/integration-test/target/test-dir/MiniOzoneClusterImpl-47eba09b-2be6-457f-857a-d71b7095d2a5/datanode-1/data/ratis/32f8785e-f5c9-449d-8836-e9e80c8ddaab: created new log segment /workdir/hadoop-ozone/integration-test/target/test-dir/MiniOzoneClusterImpl-47eba09b-2be6-457f-857a-d71b7095d2a5/datanode-1/data/ratis/32f8785e-f5c9-449d-8836-e9e80c8ddaab/current/log_inprogress_0
2019-07-16 14:28:15,321 INFO  segmented.SegmentedRaftLogWorker (SegmentedRaftLogWorker.java:execute(569)) - aad6b064-f151-4eda-abe9-c978e9a928da-SegmentedRaftLogWorker:Storage Directory /workdir/hadoop-ozone/integration-test/target/test-dir/MiniOzoneClusterImpl-47eba09b-2be6-457f-857a-d71b7095d2a5/datanode-0/data/ratis/32f8785e-f5c9-449d-8836-e9e80c8ddaab: created new log segment /workdir/hadoop-ozone/integration-test/target/test-dir/MiniOzoneClusterImpl-47eba09b-2be6-457f-857a-d71b7095d2a5/datanode-0/data/ratis/32f8785e-f5c9-449d-8836-e9e80c8ddaab/current/log_inprogress_0
2019-07-16 14:28:15,437 INFO  impl.FollowerState (FollowerState.java:run(106)) - efaf353e-eaea-458e-8009-7c4cd0077a94:group-E10C36569E5B changes to CANDIDATE, lastRpcTime:5077, electionTimeout:5077ms
2019-07-16 14:28:15,437 INFO  impl.RoleInfo (RoleInfo.java:shutdownFollowerState(121)) - efaf353e-eaea-458e-8009-7c4cd0077a94: shutdown FollowerState
2019-07-16 14:28:15,437 INFO  impl.RaftServerImpl (RaftServerImpl.java:setRole(171)) - efaf353e-eaea-458e-8009-7c4cd0077a94:group-E10C36569E5B changes role from FOLLOWER to CANDIDATE at term 0 for changeToCandidate
2019-07-16 14:28:15,437 INFO  impl.RoleInfo (RoleInfo.java:updateAndGet(143)) - efaf353e-eaea-458e-8009-7c4cd0077a94: start LeaderElection
2019-07-16 14:28:15,460 INFO  impl.LeaderElection (LeaderElection.java:askForVotes(181)) - efaf353e-eaea-458e-8009-7c4cd0077a94:group-E10C36569E5B:LeaderElection61: begin an election at term 1 for -1: [efaf353e-eaea-458e-8009-7c4cd0077a94:192.168.157.241:34039], old=null
2019-07-16 14:28:15,460 INFO  impl.RoleInfo (RoleInfo.java:shutdownLeaderElection(134)) - efaf353e-eaea-458e-8009-7c4cd0077a94: shutdown LeaderElection
2019-07-16 14:28:15,460 INFO  impl.RaftServerImpl (RaftServerImpl.java:setRole(171)) - efaf353e-eaea-458e-8009-7c4cd0077a94:group-E10C36569E5B changes role from CANDIDATE to LEADER at term 1 for changeToLeader
2019-07-16 14:28:15,460 INFO  impl.RaftServerImpl (ServerState.java:setLeader(263)) - efaf353e-eaea-458e-8009-7c4cd0077a94:group-E10C36569E5B change Leader from null to efaf353e-eaea-458e-8009-7c4cd0077a94 at term 1 for becomeLeader, leader elected after 5105ms
2019-07-16 14:28:15,462 INFO  server.RaftServerConfigKeys (ConfUtils.java:logGet(43)) - raft.server.staging.catchup.gap = 1000 (default)
2019-07-16 14:28:15,463 INFO  server.RaftServerConfigKeys (ConfUtils.java:logGet(43)) - raft.server.rpc.sleep.time = 25ms (default)
2019-07-16 14:28:15,463 INFO  server.RaftServerConfigKeys (ConfUtils.java:logGet(43)) - raft.server.write.element-limit = 4096 (default)
2019-07-16 14:28:15,463 INFO  server.RaftServerConfigKeys (ConfUtils.java:logGet(43)) - raft.server.watch.timeout = 10s (default)
2019-07-16 14:28:15,463 INFO  server.RaftServerConfigKeys (ConfUtils.java:logGet(43)) - raft.server.watch.timeout.denomination = 1s (default)
2019-07-16 14:28:15,463 INFO  server.RaftServerConfigKeys (ConfUtils.java:logGet(43)) - raft.server.watch.element-limit = 65536 (default)
2019-07-16 14:28:15,464 INFO  impl.RoleInfo (RoleInfo.java:updateAndGet(143)) - efaf353e-eaea-458e-8009-7c4cd0077a94: start LeaderState
2019-07-16 14:28:15,464 INFO  segmented.SegmentedRaftLogWorker (SegmentedRaftLogWorker.java:startLogSegment(380)) - efaf353e-eaea-458e-8009-7c4cd0077a94-SegmentedRaftLogWorker:Storage Directory /workdir/hadoop-ozone/integration-test/target/test-dir/MiniOzoneClusterImpl-47eba09b-2be6-457f-857a-d71b7095d2a5/datanode-4/data/ratis/9814621e-25fe-4b46-95ec-e10c36569e5b: Starting segment from index:0
2019-07-16 14:28:15,464 INFO  impl.RaftServerImpl (ServerState.java:setRaftConf(361)) - efaf353e-eaea-458e-8009-7c4cd0077a94:group-E10C36569E5B set configuration 0: [efaf353e-eaea-458e-8009-7c4cd0077a94:192.168.157.241:34039], old=null at 0
2019-07-16 14:28:15,499 INFO  segmented.SegmentedRaftLogWorker (SegmentedRaftLogWorker.java:execute(569)) - efaf353e-eaea-458e-8009-7c4cd0077a94-SegmentedRaftLogWorker:Storage Directory /workdir/hadoop-ozone/integration-test/target/test-dir/MiniOzoneClusterImpl-47eba09b-2be6-457f-857a-d71b7095d2a5/datanode-4/data/ratis/9814621e-25fe-4b46-95ec-e10c36569e5b: created new log segment /workdir/hadoop-ozone/integration-test/target/test-dir/MiniOzoneClusterImpl-47eba09b-2be6-457f-857a-d71b7095d2a5/datanode-4/data/ratis/9814621e-25fe-4b46-95ec-e10c36569e5b/current/log_inprogress_0
2019-07-16 14:28:15,638 INFO  impl.FollowerState (FollowerState.java:run(106)) - efaf353e-eaea-458e-8009-7c4cd0077a94:group-5062CAD3844B changes to CANDIDATE, lastRpcTime:5022, electionTimeout:5022ms
2019-07-16 14:28:15,638 INFO  impl.RoleInfo (RoleInfo.java:shutdownFollowerState(121)) - efaf353e-eaea-458e-8009-7c4cd0077a94: shutdown FollowerState
2019-07-16 14:28:15,638 INFO  impl.RaftServerImpl (RaftServerImpl.java:setRole(171)) - efaf353e-eaea-458e-8009-7c4cd0077a94:group-5062CAD3844B changes role from FOLLOWER to CANDIDATE at term 0 for changeToCandidate
2019-07-16 14:28:15,638 INFO  impl.RoleInfo (RoleInfo.java:updateAndGet(143)) - efaf353e-eaea-458e-8009-7c4cd0077a94: start LeaderElection
2019-07-16 14:28:15,655 INFO  impl.FollowerState (FollowerState.java:run(106)) - f93880e5-2c41-4a96-82e8-5ec76e61477c:group-5062CAD3844B changes to CANDIDATE, lastRpcTime:5033, electionTimeout:5019ms
2019-07-16 14:28:15,660 INFO  impl.RoleInfo (RoleInfo.java:shutdownFollowerState(121)) - f93880e5-2c41-4a96-82e8-5ec76e61477c: shutdown FollowerState
2019-07-16 14:28:15,660 INFO  impl.RaftServerImpl (RaftServerImpl.java:setRole(171)) - f93880e5-2c41-4a96-82e8-5ec76e61477c:group-5062CAD3844B changes role from FOLLOWER to CANDIDATE at term 0 for changeToCandidate
2019-07-16 14:28:15,660 INFO  impl.RoleInfo (RoleInfo.java:updateAndGet(143)) - f93880e5-2c41-4a96-82e8-5ec76e61477c: start LeaderElection
2019-07-16 14:28:15,673 INFO  impl.LeaderElection (LeaderElection.java:askForVotes(181)) - efaf353e-eaea-458e-8009-7c4cd0077a94:group-5062CAD3844B:LeaderElection62: begin an election at term 1 for -1: [df1019c7-ec98-47c3-b032-e1f03aacc305:192.168.157.241:34549, efaf353e-eaea-458e-8009-7c4cd0077a94:192.168.157.241:34039, f93880e5-2c41-4a96-82e8-5ec76e61477c:192.168.157.241:43446], old=null
2019-07-16 14:28:15,673 INFO  impl.LeaderElection (LeaderElection.java:askForVotes(181)) - f93880e5-2c41-4a96-82e8-5ec76e61477c:group-5062CAD3844B:LeaderElection63: begin an election at term 1 for -1: [df1019c7-ec98-47c3-b032-e1f03aacc305:192.168.157.241:34549, efaf353e-eaea-458e-8009-7c4cd0077a94:192.168.157.241:34039, f93880e5-2c41-4a96-82e8-5ec76e61477c:192.168.157.241:43446], old=null
2019-07-16 14:28:15,680 INFO  impl.RaftServerImpl (RaftServerImpl.java:setRole(171)) - df1019c7-ec98-47c3-b032-e1f03aacc305:group-5062CAD3844B changes role from FOLLOWER to FOLLOWER at term 1 for recognizeCandidate:f93880e5-2c41-4a96-82e8-5ec76e61477c
2019-07-16 14:28:15,680 INFO  impl.RoleInfo (RoleInfo.java:shutdownFollowerState(121)) - df1019c7-ec98-47c3-b032-e1f03aacc305: shutdown FollowerState
2019-07-16 14:28:15,681 INFO  impl.RoleInfo (RoleInfo.java:updateAndGet(143)) - df1019c7-ec98-47c3-b032-e1f03aacc305: start FollowerState
2019-07-16 14:28:15,681 INFO  impl.FollowerState (FollowerState.java:run(114)) - df1019c7-ec98-47c3-b032-e1f03aacc305: FollowerState was interrupted: java.lang.InterruptedException: sleep interrupted
2019-07-16 14:28:15,693 INFO  impl.LeaderElection (LeaderElection.java:logAndReturn(56)) - efaf353e-eaea-458e-8009-7c4cd0077a94:group-5062CAD3844B:LeaderElection62: Election REJECTED; received 2 response(s) [efaf353e-eaea-458e-8009-7c4cd0077a94<-df1019c7-ec98-47c3-b032-e1f03aacc305#0:FAIL-t1, efaf353e-eaea-458e-8009-7c4cd0077a94<-f93880e5-2c41-4a96-82e8-5ec76e61477c#0:FAIL-t1] and 0 exception(s); efaf353e-eaea-458e-8009-7c4cd0077a94:t1, leader=null, voted=efaf353e-eaea-458e-8009-7c4cd0077a94, raftlog=efaf353e-eaea-458e-8009-7c4cd0077a94-SegmentedRaftLog:OPENED:c-1,f-1,i0, conf=-1: [df1019c7-ec98-47c3-b032-e1f03aacc305:192.168.157.241:34549, efaf353e-eaea-458e-8009-7c4cd0077a94:192.168.157.241:34039, f93880e5-2c41-4a96-82e8-5ec76e61477c:192.168.157.241:43446], old=null
2019-07-16 14:28:15,693 INFO  impl.LeaderElection (LeaderElection.java:logAndReturn(56)) - f93880e5-2c41-4a96-82e8-5ec76e61477c:group-5062CAD3844B:LeaderElection63: Election PASSED; received 2 response(s) [f93880e5-2c41-4a96-82e8-5ec76e61477c<-df1019c7-ec98-47c3-b032-e1f03aacc305#0:OK-t1, f93880e5-2c41-4a96-82e8-5ec76e61477c<-efaf353e-eaea-458e-8009-7c4cd0077a94#0:FAIL-t1] and 0 exception(s); f93880e5-2c41-4a96-82e8-5ec76e61477c:t1, leader=null, voted=f93880e5-2c41-4a96-82e8-5ec76e61477c, raftlog=f93880e5-2c41-4a96-82e8-5ec76e61477c-SegmentedRaftLog:OPENED:c-1,f-1,i0, conf=-1: [df1019c7-ec98-47c3-b032-e1f03aacc305:192.168.157.241:34549, efaf353e-eaea-458e-8009-7c4cd0077a94:192.168.157.241:34039, f93880e5-2c41-4a96-82e8-5ec76e61477c:192.168.157.241:43446], old=null
2019-07-16 14:28:15,694 INFO  impl.RaftServerImpl (RaftServerImpl.java:setRole(171)) - efaf353e-eaea-458e-8009-7c4cd0077a94:group-5062CAD3844B changes role from CANDIDATE to FOLLOWER at term 1 for DISCOVERED_A_NEW_TERM
2019-07-16 14:28:15,696 INFO  impl.RoleInfo (RoleInfo.java:shutdownLeaderElection(134)) - f93880e5-2c41-4a96-82e8-5ec76e61477c: shutdown LeaderElection
2019-07-16 14:28:15,698 INFO  impl.RoleInfo (RoleInfo.java:shutdownLeaderElection(134)) - efaf353e-eaea-458e-8009-7c4cd0077a94: shutdown LeaderElection
2019-07-16 14:28:15,698 INFO  impl.RaftServerImpl (RaftServerImpl.java:setRole(171)) - f93880e5-2c41-4a96-82e8-5ec76e61477c:group-5062CAD3844B changes role from CANDIDATE to LEADER at term 1 for changeToLeader
2019-07-16 14:28:15,698 INFO  impl.RoleInfo (RoleInfo.java:updateAndGet(143)) - efaf353e-eaea-458e-8009-7c4cd0077a94: start FollowerState
2019-07-16 14:28:15,698 INFO  impl.RaftServerImpl (ServerState.java:setLeader(263)) - f93880e5-2c41-4a96-82e8-5ec76e61477c:group-5062CAD3844B change Leader from null to f93880e5-2c41-4a96-82e8-5ec76e61477c at term 1 for becomeLeader, leader elected after 5090ms
2019-07-16 14:28:15,701 INFO  server.RaftServerConfigKeys (ConfUtils.java:logGet(43)) - raft.server.staging.catchup.gap = 1000 (default)
2019-07-16 14:28:15,701 INFO  server.RaftServerConfigKeys (ConfUtils.java:logGet(43)) - raft.server.rpc.sleep.time = 25ms (default)
2019-07-16 14:28:15,701 INFO  server.RaftServerConfigKeys (ConfUtils.java:logGet(43)) - raft.server.write.element-limit = 4096 (default)
2019-07-16 14:28:15,701 INFO  server.RaftServerConfigKeys (ConfUtils.java:logGet(43)) - raft.server.watch.timeout = 10s (default)
2019-07-16 14:28:15,701 INFO  server.RaftServerConfigKeys (ConfUtils.java:logGet(43)) - raft.server.watch.timeout.denomination = 1s (default)
2019-07-16 14:28:15,701 INFO  server.RaftServerConfigKeys (ConfUtils.java:logGet(43)) - raft.server.watch.element-limit = 65536 (default)
2019-07-16 14:28:15,702 INFO  server.RaftServerConfigKeys (ConfUtils.java:logGet(43)) - raft.server.log.appender.snapshot.chunk.size.max = 16MB (=16777216) (default)
2019-07-16 14:28:15,702 INFO  server.RaftServerConfigKeys (ConfUtils.java:logGet(43)) - raft.server.log.appender.buffer.byte-limit = 33554432 (custom)
2019-07-16 14:28:15,702 INFO  server.RaftServerConfigKeys (ConfUtils.java:logGet(43)) - raft.server.log.appender.buffer.element-limit = 1 (custom)
2019-07-16 14:28:15,702 INFO  grpc.GrpcConfigKeys$Server (ConfUtils.java:logGet(43)) - raft.grpc.server.leader.outstanding.appends.max = 128 (default)
2019-07-16 14:28:15,702 INFO  server.RaftServerConfigKeys (ConfUtils.java:logGet(43)) - raft.server.rpc.request.timeout = 3000ms (default)
2019-07-16 14:28:15,703 INFO  server.RaftServerConfigKeys (ConfUtils.java:logGet(43)) - raft.server.log.appender.install.snapshot.enabled = false (custom)
2019-07-16 14:28:15,703 INFO  server.RaftServerConfigKeys (ConfUtils.java:logGet(43)) - raft.server.log.appender.snapshot.chunk.size.max = 16MB (=16777216) (default)
2019-07-16 14:28:15,703 INFO  server.RaftServerConfigKeys (ConfUtils.java:logGet(43)) - raft.server.log.appender.buffer.byte-limit = 33554432 (custom)
2019-07-16 14:28:15,703 INFO  server.RaftServerConfigKeys (ConfUtils.java:logGet(43)) - raft.server.log.appender.buffer.element-limit = 1 (custom)
2019-07-16 14:28:15,703 INFO  grpc.GrpcConfigKeys$Server (ConfUtils.java:logGet(43)) - raft.grpc.server.leader.outstanding.appends.max = 128 (default)
2019-07-16 14:28:15,703 INFO  server.RaftServerConfigKeys (ConfUtils.java:logGet(43)) - raft.server.rpc.request.timeout = 3000ms (default)
2019-07-16 14:28:15,704 INFO  server.RaftServerConfigKeys (ConfUtils.java:logGet(43)) - raft.server.log.appender.install.snapshot.enabled = false (custom)
2019-07-16 14:28:15,704 INFO  impl.RoleInfo (RoleInfo.java:updateAndGet(143)) - f93880e5-2c41-4a96-82e8-5ec76e61477c: start LeaderState
2019-07-16 14:28:15,704 INFO  segmented.SegmentedRaftLogWorker (SegmentedRaftLogWorker.java:startLogSegment(380)) - f93880e5-2c41-4a96-82e8-5ec76e61477c-SegmentedRaftLogWorker:Storage Directory /workdir/hadoop-ozone/integration-test/target/test-dir/MiniOzoneClusterImpl-47eba09b-2be6-457f-857a-d71b7095d2a5/datanode-5/data/ratis/4d749c79-311c-4324-8e76-5062cad3844b: Starting segment from index:0
2019-07-16 14:28:15,705 INFO  impl.RaftServerImpl (ServerState.java:setRaftConf(361)) - f93880e5-2c41-4a96-82e8-5ec76e61477c:group-5062CAD3844B set configuration 0: [df1019c7-ec98-47c3-b032-e1f03aacc305:192.168.157.241:34549, efaf353e-eaea-458e-8009-7c4cd0077a94:192.168.157.241:34039, f93880e5-2c41-4a96-82e8-5ec76e61477c:192.168.157.241:43446], old=null at 0
2019-07-16 14:28:15,725 INFO  impl.FollowerState (FollowerState.java:run(106)) - f93880e5-2c41-4a96-82e8-5ec76e61477c:group-44646F05D6D2 changes to CANDIDATE, lastRpcTime:5165, electionTimeout:5147ms
2019-07-16 14:28:15,725 INFO  impl.RoleInfo (RoleInfo.java:shutdownFollowerState(121)) - f93880e5-2c41-4a96-82e8-5ec76e61477c: shutdown FollowerState
2019-07-16 14:28:15,725 INFO  impl.RaftServerImpl (RaftServerImpl.java:setRole(171)) - f93880e5-2c41-4a96-82e8-5ec76e61477c:group-44646F05D6D2 changes role from FOLLOWER to CANDIDATE at term 0 for changeToCandidate
2019-07-16 14:28:15,726 INFO  impl.RoleInfo (RoleInfo.java:updateAndGet(143)) - f93880e5-2c41-4a96-82e8-5ec76e61477c: start LeaderElection
2019-07-16 14:28:15,726 INFO  impl.RaftServerImpl (ServerState.java:setLeader(263)) - df1019c7-ec98-47c3-b032-e1f03aacc305:group-5062CAD3844B change Leader from null to f93880e5-2c41-4a96-82e8-5ec76e61477c at term 1 for appendEntries, leader elected after 5117ms
2019-07-16 14:28:15,729 INFO  impl.RaftServerImpl (ServerState.java:setLeader(263)) - efaf353e-eaea-458e-8009-7c4cd0077a94:group-5062CAD3844B change Leader from null to f93880e5-2c41-4a96-82e8-5ec76e61477c at term 1 for appendEntries, leader elected after 5120ms
2019-07-16 14:28:15,731 INFO  impl.RaftServerImpl (ServerState.java:setRaftConf(361)) - df1019c7-ec98-47c3-b032-e1f03aacc305:group-5062CAD3844B set configuration 0: [df1019c7-ec98-47c3-b032-e1f03aacc305:192.168.157.241:34549, efaf353e-eaea-458e-8009-7c4cd0077a94:192.168.157.241:34039, f93880e5-2c41-4a96-82e8-5ec76e61477c:192.168.157.241:43446], old=null at 0
2019-07-16 14:28:15,731 INFO  impl.RaftServerImpl (ServerState.java:setRaftConf(361)) - efaf353e-eaea-458e-8009-7c4cd0077a94:group-5062CAD3844B set configuration 0: [df1019c7-ec98-47c3-b032-e1f03aacc305:192.168.157.241:34549, efaf353e-eaea-458e-8009-7c4cd0077a94:192.168.157.241:34039, f93880e5-2c41-4a96-82e8-5ec76e61477c:192.168.157.241:43446], old=null at 0
2019-07-16 14:28:15,731 INFO  segmented.SegmentedRaftLogWorker (SegmentedRaftLogWorker.java:startLogSegment(380)) - df1019c7-ec98-47c3-b032-e1f03aacc305-SegmentedRaftLogWorker:Storage Directory /workdir/hadoop-ozone/integration-test/target/test-dir/MiniOzoneClusterImpl-47eba09b-2be6-457f-857a-d71b7095d2a5/datanode-3/data/ratis/4d749c79-311c-4324-8e76-5062cad3844b: Starting segment from index:0
2019-07-16 14:28:15,732 INFO  segmented.SegmentedRaftLogWorker (SegmentedRaftLogWorker.java:startLogSegment(380)) - efaf353e-eaea-458e-8009-7c4cd0077a94-SegmentedRaftLogWorker:Storage Directory /workdir/hadoop-ozone/integration-test/target/test-dir/MiniOzoneClusterImpl-47eba09b-2be6-457f-857a-d71b7095d2a5/datanode-4/data/ratis/4d749c79-311c-4324-8e76-5062cad3844b: Starting segment from index:0
2019-07-16 14:28:15,739 INFO  segmented.SegmentedRaftLogWorker (SegmentedRaftLogWorker.java:execute(569)) - f93880e5-2c41-4a96-82e8-5ec76e61477c-SegmentedRaftLogWorker:Storage Directory /workdir/hadoop-ozone/integration-test/target/test-dir/MiniOzoneClusterImpl-47eba09b-2be6-457f-857a-d71b7095d2a5/datanode-5/data/ratis/4d749c79-311c-4324-8e76-5062cad3844b: created new log segment /workdir/hadoop-ozone/integration-test/target/test-dir/MiniOzoneClusterImpl-47eba09b-2be6-457f-857a-d71b7095d2a5/datanode-5/data/ratis/4d749c79-311c-4324-8e76-5062cad3844b/current/log_inprogress_0
2019-07-16 14:28:15,739 INFO  impl.LeaderElection (LeaderElection.java:askForVotes(181)) - f93880e5-2c41-4a96-82e8-5ec76e61477c:group-44646F05D6D2:LeaderElection64: begin an election at term 1 for -1: [f93880e5-2c41-4a96-82e8-5ec76e61477c:192.168.157.241:43446], old=null
2019-07-16 14:28:15,739 INFO  impl.RoleInfo (RoleInfo.java:shutdownLeaderElection(134)) - f93880e5-2c41-4a96-82e8-5ec76e61477c: shutdown LeaderElection
2019-07-16 14:28:15,739 INFO  impl.RaftServerImpl (RaftServerImpl.java:setRole(171)) - f93880e5-2c41-4a96-82e8-5ec76e61477c:group-44646F05D6D2 changes role from CANDIDATE to LEADER at term 1 for changeToLeader
2019-07-16 14:28:15,739 INFO  impl.RaftServerImpl (ServerState.java:setLeader(263)) - f93880e5-2c41-4a96-82e8-5ec76e61477c:group-44646F05D6D2 change Leader from null to f93880e5-2c41-4a96-82e8-5ec76e61477c at term 1 for becomeLeader, leader elected after 5184ms
2019-07-16 14:28:15,739 INFO  server.RaftServerConfigKeys (ConfUtils.java:logGet(43)) - raft.server.staging.catchup.gap = 1000 (default)
2019-07-16 14:28:15,740 INFO  server.RaftServerConfigKeys (ConfUtils.java:logGet(43)) - raft.server.rpc.sleep.time = 25ms (default)
2019-07-16 14:28:15,740 INFO  server.RaftServerConfigKeys (ConfUtils.java:logGet(43)) - raft.server.write.element-limit = 4096 (default)
2019-07-16 14:28:15,740 INFO  server.RaftServerConfigKeys (ConfUtils.java:logGet(43)) - raft.server.watch.timeout = 10s (default)
2019-07-16 14:28:15,740 INFO  server.RaftServerConfigKeys (ConfUtils.java:logGet(43)) - raft.server.watch.timeout.denomination = 1s (default)
2019-07-16 14:28:15,740 INFO  server.RaftServerConfigKeys (ConfUtils.java:logGet(43)) - raft.server.watch.element-limit = 65536 (default)
2019-07-16 14:28:15,740 INFO  impl.RoleInfo (RoleInfo.java:updateAndGet(143)) - f93880e5-2c41-4a96-82e8-5ec76e61477c: start LeaderState
2019-07-16 14:28:15,741 INFO  segmented.SegmentedRaftLogWorker (SegmentedRaftLogWorker.java:startLogSegment(380)) - f93880e5-2c41-4a96-82e8-5ec76e61477c-SegmentedRaftLogWorker:Storage Directory /workdir/hadoop-ozone/integration-test/target/test-dir/MiniOzoneClusterImpl-47eba09b-2be6-457f-857a-d71b7095d2a5/datanode-5/data/ratis/f2888dd9-7b18-4652-8221-44646f05d6d2: Starting segment from index:0
2019-07-16 14:28:15,741 INFO  impl.RaftServerImpl (ServerState.java:setRaftConf(361)) - f93880e5-2c41-4a96-82e8-5ec76e61477c:group-44646F05D6D2 set configuration 0: [f93880e5-2c41-4a96-82e8-5ec76e61477c:192.168.157.241:43446], old=null at 0
2019-07-16 14:28:15,777 INFO  segmented.SegmentedRaftLogWorker (SegmentedRaftLogWorker.java:execute(569)) - df1019c7-ec98-47c3-b032-e1f03aacc305-SegmentedRaftLogWorker:Storage Directory /workdir/hadoop-ozone/integration-test/target/test-dir/MiniOzoneClusterImpl-47eba09b-2be6-457f-857a-d71b7095d2a5/datanode-3/data/ratis/4d749c79-311c-4324-8e76-5062cad3844b: created new log segment /workdir/hadoop-ozone/integration-test/target/test-dir/MiniOzoneClusterImpl-47eba09b-2be6-457f-857a-d71b7095d2a5/datanode-3/data/ratis/4d749c79-311c-4324-8e76-5062cad3844b/current/log_inprogress_0
2019-07-16 14:28:15,777 INFO  segmented.SegmentedRaftLogWorker (SegmentedRaftLogWorker.java:execute(569)) - efaf353e-eaea-458e-8009-7c4cd0077a94-SegmentedRaftLogWorker:Storage Directory /workdir/hadoop-ozone/integration-test/target/test-dir/MiniOzoneClusterImpl-47eba09b-2be6-457f-857a-d71b7095d2a5/datanode-4/data/ratis/4d749c79-311c-4324-8e76-5062cad3844b: created new log segment /workdir/hadoop-ozone/integration-test/target/test-dir/MiniOzoneClusterImpl-47eba09b-2be6-457f-857a-d71b7095d2a5/datanode-4/data/ratis/4d749c79-311c-4324-8e76-5062cad3844b/current/log_inprogress_0
2019-07-16 14:28:15,777 INFO  segmented.SegmentedRaftLogWorker (SegmentedRaftLogWorker.java:execute(569)) - f93880e5-2c41-4a96-82e8-5ec76e61477c-SegmentedRaftLogWorker:Storage Directory /workdir/hadoop-ozone/integration-test/target/test-dir/MiniOzoneClusterImpl-47eba09b-2be6-457f-857a-d71b7095d2a5/datanode-5/data/ratis/f2888dd9-7b18-4652-8221-44646f05d6d2: created new log segment /workdir/hadoop-ozone/integration-test/target/test-dir/MiniOzoneClusterImpl-47eba09b-2be6-457f-857a-d71b7095d2a5/datanode-5/data/ratis/f2888dd9-7b18-4652-8221-44646f05d6d2/current/log_inprogress_0
2019-07-16 14:28:15,918 INFO  client.GrpcClientProtocolClient (GrpcClientProtocolClient.java:onNext(255)) - client-4352C3A2757C->f93880e5-2c41-4a96-82e8-5ec76e61477c: receive RaftClientReply:client-4352C3A2757C->f93880e5-2c41-4a96-82e8-5ec76e61477c@group-44646F05D6D2, cid=148, SUCCESS, logIndex=1, commits[f93880e5-2c41-4a96-82e8-5ec76e61477c:c1]
2019-07-16 14:28:15,924 INFO  impl.FollowerState (FollowerState.java:run(106)) - 4b3754b6-0f86-429e-9502-8fad248adfd6:group-96776A95DA23 changes to CANDIDATE, lastRpcTime:5107, electionTimeout:5107ms
2019-07-16 14:28:15,925 INFO  impl.RoleInfo (RoleInfo.java:shutdownFollowerState(121)) - 4b3754b6-0f86-429e-9502-8fad248adfd6: shutdown FollowerState
2019-07-16 14:28:15,925 INFO  impl.RaftServerImpl (RaftServerImpl.java:setRole(171)) - 4b3754b6-0f86-429e-9502-8fad248adfd6:group-96776A95DA23 changes role from FOLLOWER to CANDIDATE at term 0 for changeToCandidate
2019-07-16 14:28:15,925 INFO  impl.RoleInfo (RoleInfo.java:updateAndGet(143)) - 4b3754b6-0f86-429e-9502-8fad248adfd6: start LeaderElection
2019-07-16 14:28:15,949 INFO  impl.LeaderElection (LeaderElection.java:askForVotes(181)) - 4b3754b6-0f86-429e-9502-8fad248adfd6:group-96776A95DA23:LeaderElection65: begin an election at term 1 for -1: [4b3754b6-0f86-429e-9502-8fad248adfd6:192.168.157.241:40369], old=null
2019-07-16 14:28:15,949 INFO  impl.RoleInfo (RoleInfo.java:shutdownLeaderElection(134)) - 4b3754b6-0f86-429e-9502-8fad248adfd6: shutdown LeaderElection
2019-07-16 14:28:15,949 INFO  impl.RaftServerImpl (RaftServerImpl.java:setRole(171)) - 4b3754b6-0f86-429e-9502-8fad248adfd6:group-96776A95DA23 changes role from CANDIDATE to LEADER at term 1 for changeToLeader
2019-07-16 14:28:15,949 INFO  impl.RaftServerImpl (ServerState.java:setLeader(263)) - 4b3754b6-0f86-429e-9502-8fad248adfd6:group-96776A95DA23 change Leader from null to 4b3754b6-0f86-429e-9502-8fad248adfd6 at term 1 for becomeLeader, leader elected after 5136ms
2019-07-16 14:28:15,949 INFO  client.GrpcClientProtocolClient (GrpcClientProtocolClient.java:onNext(255)) - client-4352C3A2757C->f93880e5-2c41-4a96-82e8-5ec76e61477c: receive RaftClientReply:client-4352C3A2757C->f93880e5-2c41-4a96-82e8-5ec76e61477c@group-44646F05D6D2, cid=149, SUCCESS, logIndex=3, commits[f93880e5-2c41-4a96-82e8-5ec76e61477c:c7]
2019-07-16 14:28:15,952 INFO  server.RaftServerConfigKeys (ConfUtils.java:logGet(43)) - raft.server.staging.catchup.gap = 1000 (default)
2019-07-16 14:28:15,952 INFO  server.RaftServerConfigKeys (ConfUtils.java:logGet(43)) - raft.server.rpc.sleep.time = 25ms (default)
2019-07-16 14:28:15,952 INFO  server.RaftServerConfigKeys (ConfUtils.java:logGet(43)) - raft.server.write.element-limit = 4096 (default)
2019-07-16 14:28:15,952 INFO  server.RaftServerConfigKeys (ConfUtils.java:logGet(43)) - raft.server.watch.timeout = 10s (default)
2019-07-16 14:28:15,952 INFO  server.RaftServerConfigKeys (ConfUtils.java:logGet(43)) - raft.server.watch.timeout.denomination = 1s (default)
2019-07-16 14:28:15,953 INFO  server.RaftServerConfigKeys (ConfUtils.java:logGet(43)) - raft.server.watch.element-limit = 65536 (default)
2019-07-16 14:28:15,953 INFO  impl.RoleInfo (RoleInfo.java:updateAndGet(143)) - 4b3754b6-0f86-429e-9502-8fad248adfd6: start LeaderState
2019-07-16 14:28:15,953 INFO  segmented.SegmentedRaftLogWorker (SegmentedRaftLogWorker.java:startLogSegment(380)) - 4b3754b6-0f86-429e-9502-8fad248adfd6-SegmentedRaftLogWorker:Storage Directory /workdir/hadoop-ozone/integration-test/target/test-dir/MiniOzoneClusterImpl-47eba09b-2be6-457f-857a-d71b7095d2a5/datanode-6/data/ratis/c5633c89-fcb5-4526-867d-96776a95da23: Starting segment from index:0
2019-07-16 14:28:15,953 INFO  impl.RaftServerImpl (ServerState.java:setRaftConf(361)) - 4b3754b6-0f86-429e-9502-8fad248adfd6:group-96776A95DA23 set configuration 0: [4b3754b6-0f86-429e-9502-8fad248adfd6:192.168.157.241:40369], old=null at 0
2019-07-16 14:28:15,977 INFO  segmented.SegmentedRaftLogWorker (SegmentedRaftLogWorker.java:execute(569)) - 4b3754b6-0f86-429e-9502-8fad248adfd6-SegmentedRaftLogWorker:Storage Directory /workdir/hadoop-ozone/integration-test/target/test-dir/MiniOzoneClusterImpl-47eba09b-2be6-457f-857a-d71b7095d2a5/datanode-6/data/ratis/c5633c89-fcb5-4526-867d-96776a95da23: created new log segment /workdir/hadoop-ozone/integration-test/target/test-dir/MiniOzoneClusterImpl-47eba09b-2be6-457f-857a-d71b7095d2a5/datanode-6/data/ratis/c5633c89-fcb5-4526-867d-96776a95da23/current/log_inprogress_0
2019-07-16 14:28:15,998 INFO  client.GrpcClientProtocolClient (GrpcClientProtocolClient.java:onNext(255)) - client-4352C3A2757C->f93880e5-2c41-4a96-82e8-5ec76e61477c: receive RaftClientReply:client-4352C3A2757C->f93880e5-2c41-4a96-82e8-5ec76e61477c@group-44646F05D6D2, cid=150, SUCCESS, logIndex=4, commits[f93880e5-2c41-4a96-82e8-5ec76e61477c:c9]
2019-07-16 14:28:15,999 INFO  client.GrpcClientProtocolClient (GrpcClientProtocolClient.java:onNext(255)) - client-4352C3A2757C->f93880e5-2c41-4a96-82e8-5ec76e61477c: receive RaftClientReply:client-4352C3A2757C->f93880e5-2c41-4a96-82e8-5ec76e61477c@group-44646F05D6D2, cid=151, SUCCESS, logIndex=5, commits[f93880e5-2c41-4a96-82e8-5ec76e61477c:c9]
2019-07-16 14:28:15,999 INFO  client.GrpcClientProtocolClient (GrpcClientProtocolClient.java:onNext(255)) - client-4352C3A2757C->f93880e5-2c41-4a96-82e8-5ec76e61477c: receive RaftClientReply:client-4352C3A2757C->f93880e5-2c41-4a96-82e8-5ec76e61477c@group-44646F05D6D2, cid=152, SUCCESS, logIndex=6, commits[f93880e5-2c41-4a96-82e8-5ec76e61477c:c9]
2019-07-16 14:28:16,000 INFO  client.GrpcClientProtocolClient (GrpcClientProtocolClient.java:onNext(255)) - client-4352C3A2757C->f93880e5-2c41-4a96-82e8-5ec76e61477c: receive RaftClientReply:client-4352C3A2757C->f93880e5-2c41-4a96-82e8-5ec76e61477c@group-44646F05D6D2, cid=153, SUCCESS, logIndex=7, commits[f93880e5-2c41-4a96-82e8-5ec76e61477c:c9]
2019-07-16 14:28:16,017 INFO  client.GrpcClientProtocolClient (GrpcClientProtocolClient.java:onNext(255)) - client-4352C3A2757C->f93880e5-2c41-4a96-82e8-5ec76e61477c: receive RaftClientReply:client-4352C3A2757C->f93880e5-2c41-4a96-82e8-5ec76e61477c@group-44646F05D6D2, cid=154, SUCCESS, logIndex=10, commits[f93880e5-2c41-4a96-82e8-5ec76e61477c:c10]
2019-07-16 14:28:16,018 INFO  client.GrpcClientProtocolClient (GrpcClientProtocolClient.java:onNext(255)) - client-4352C3A2757C->f93880e5-2c41-4a96-82e8-5ec76e61477c: receive RaftClientReply:client-4352C3A2757C->f93880e5-2c41-4a96-82e8-5ec76e61477c@group-44646F05D6D2, cid=155, SUCCESS, logIndex=11, commits[f93880e5-2c41-4a96-82e8-5ec76e61477c:c13]
2019-07-16 14:28:16,021 INFO  container.CloseContainerEventHandler (CloseContainerEventHandler.java:onMessage(61)) - Close container Event triggered for container : #1
2019-07-16 14:28:17,571 INFO  interfaces.Container (KeyValueContainer.java:compactDB(356)) - Container 1 is closed with bcsId 11.
14:28:18.027 [grpc-default-executor-2] ERROR DNAudit - user=null | ip=null | op=WRITE_CHUNK {blockData=conID: 1 locID: 102451595954946059 bcsId: 11} | ret=FAILURE
org.apache.hadoop.hdds.scm.container.common.helpers.ContainerNotOpenException: Container 1 in CLOSED state
	at org.apache.hadoop.ozone.container.common.impl.HddsDispatcher.validateContainerCommand(HddsDispatcher.java:408) ~[hadoop-hdds-container-service-0.5.0-SNAPSHOT.jar:?]
	at org.apache.hadoop.ozone.container.common.transport.server.ratis.ContainerStateMachine.startTransaction(ContainerStateMachine.java:272) ~[hadoop-hdds-container-service-0.5.0-SNAPSHOT.jar:?]
	at org.apache.ratis.server.impl.RaftServerImpl.submitClientRequestAsync(RaftServerImpl.java:566) ~[ratis-server-0.4.0-2337318-SNAPSHOT.jar:0.4.0-2337318-SNAPSHOT]
	at org.apache.ratis.server.impl.RaftServerProxy.lambda$submitClientRequestAsync$7(RaftServerProxy.java:333) ~[ratis-server-0.4.0-2337318-SNAPSHOT.jar:0.4.0-2337318-SNAPSHOT]
	at org.apache.ratis.server.impl.RaftServerProxy.lambda$null$5(RaftServerProxy.java:328) ~[ratis-server-0.4.0-2337318-SNAPSHOT.jar:0.4.0-2337318-SNAPSHOT]
	at org.apache.ratis.util.JavaUtils.callAsUnchecked(JavaUtils.java:109) ~[ratis-common-0.4.0-2337318-SNAPSHOT.jar:0.4.0-2337318-SNAPSHOT]
	at org.apache.ratis.server.impl.RaftServerProxy.lambda$submitRequest$6(RaftServerProxy.java:328) ~[ratis-server-0.4.0-2337318-SNAPSHOT.jar:0.4.0-2337318-SNAPSHOT]
	at java.util.concurrent.CompletableFuture.uniComposeStage(CompletableFuture.java:981) ~[?:1.8.0_212]
	at java.util.concurrent.CompletableFuture.thenCompose(CompletableFuture.java:2124) ~[?:1.8.0_212]
	at org.apache.ratis.server.impl.RaftServerProxy.submitRequest(RaftServerProxy.java:327) ~[ratis-server-0.4.0-2337318-SNAPSHOT.jar:0.4.0-2337318-SNAPSHOT]
	at org.apache.ratis.server.impl.RaftServerProxy.submitClientRequestAsync(RaftServerProxy.java:333) ~[ratis-server-0.4.0-2337318-SNAPSHOT.jar:0.4.0-2337318-SNAPSHOT]
	at org.apache.ratis.grpc.client.GrpcClientProtocolService$RequestStreamObserver.processClientRequest(GrpcClientProtocolService.java:220) ~[ratis-grpc-0.4.0-2337318-SNAPSHOT.jar:0.4.0-2337318-SNAPSHOT]
	at org.apache.ratis.grpc.client.GrpcClientProtocolService$OrderedRequestStreamObserver.processClientRequest(GrpcClientProtocolService.java:326) ~[ratis-grpc-0.4.0-2337318-SNAPSHOT.jar:0.4.0-2337318-SNAPSHOT]
	at org.apache.ratis.util.SlidingWindow$Server.processRequestsFromHead(SlidingWindow.java:429) [ratis-common-0.4.0-2337318-SNAPSHOT.jar:0.4.0-2337318-SNAPSHOT]
	at org.apache.ratis.util.SlidingWindow$Server.receivedRequest(SlidingWindow.java:421) [ratis-common-0.4.0-2337318-SNAPSHOT.jar:0.4.0-2337318-SNAPSHOT]
	at org.apache.ratis.grpc.client.GrpcClientProtocolService$OrderedRequestStreamObserver.processClientRequest(GrpcClientProtocolService.java:345) [ratis-grpc-0.4.0-2337318-SNAPSHOT.jar:0.4.0-2337318-SNAPSHOT]
	at org.apache.ratis.grpc.client.GrpcClientProtocolService$RequestStreamObserver.onNext(GrpcClientProtocolService.java:240) [ratis-grpc-0.4.0-2337318-SNAPSHOT.jar:0.4.0-2337318-SNAPSHOT]
	at org.apache.ratis.grpc.client.GrpcClientProtocolService$RequestStreamObserver.onNext(GrpcClientProtocolService.java:168) [ratis-grpc-0.4.0-2337318-SNAPSHOT.jar:0.4.0-2337318-SNAPSHOT]
	at org.apache.ratis.thirdparty.io.grpc.stub.ServerCalls$StreamingServerCallHandler$StreamingServerCallListener.onMessage(ServerCalls.java:248) [ratis-thirdparty-misc-0.2.0.jar:0.2.0]
	at org.apache.ratis.thirdparty.io.grpc.internal.ServerCallImpl$ServerStreamListenerImpl.messagesAvailable(ServerCallImpl.java:263) [ratis-thirdparty-misc-0.2.0.jar:0.2.0]
	at org.apache.ratis.thirdparty.io.grpc.internal.ServerImpl$JumpToApplicationThreadServerStreamListener$1MessagesAvailable.runInContext(ServerImpl.java:686) [ratis-thirdparty-misc-0.2.0.jar:0.2.0]
	at org.apache.ratis.thirdparty.io.grpc.internal.ContextRunnable.run(ContextRunnable.java:37) [ratis-thirdparty-misc-0.2.0.jar:0.2.0]
	at org.apache.ratis.thirdparty.io.grpc.internal.SerializingExecutor.run(SerializingExecutor.java:123) [ratis-thirdparty-misc-0.2.0.jar:0.2.0]
	at java.util.concurrent.ThreadPoolExecutor.runWorker(ThreadPoolExecutor.java:1149) [?:1.8.0_212]
	at java.util.concurrent.ThreadPoolExecutor$Worker.run(ThreadPoolExecutor.java:624) [?:1.8.0_212]
	at java.lang.Thread.run(Thread.java:748) [?:1.8.0_212]
14:28:18.057 [grpc-default-executor-2] ERROR DNAudit - user=null | ip=null | op=WRITE_CHUNK {blockData=conID: 1 locID: 102451595954946059 bcsId: 11} | ret=FAILURE
org.apache.hadoop.hdds.scm.container.common.helpers.ContainerNotOpenException: Container 1 in CLOSED state
	at org.apache.hadoop.ozone.container.common.impl.HddsDispatcher.validateContainerCommand(HddsDispatcher.java:408) ~[hadoop-hdds-container-service-0.5.0-SNAPSHOT.jar:?]
	at org.apache.hadoop.ozone.container.common.transport.server.ratis.ContainerStateMachine.startTransaction(ContainerStateMachine.java:272) ~[hadoop-hdds-container-service-0.5.0-SNAPSHOT.jar:?]
	at org.apache.ratis.server.impl.RaftServerImpl.submitClientRequestAsync(RaftServerImpl.java:566) ~[ratis-server-0.4.0-2337318-SNAPSHOT.jar:0.4.0-2337318-SNAPSHOT]
	at org.apache.ratis.server.impl.RaftServerProxy.lambda$submitClientRequestAsync$7(RaftServerProxy.java:333) ~[ratis-server-0.4.0-2337318-SNAPSHOT.jar:0.4.0-2337318-SNAPSHOT]
	at org.apache.ratis.server.impl.RaftServerProxy.lambda$null$5(RaftServerProxy.java:328) ~[ratis-server-0.4.0-2337318-SNAPSHOT.jar:0.4.0-2337318-SNAPSHOT]
	at org.apache.ratis.util.JavaUtils.callAsUnchecked(JavaUtils.java:109) ~[ratis-common-0.4.0-2337318-SNAPSHOT.jar:0.4.0-2337318-SNAPSHOT]
	at org.apache.ratis.server.impl.RaftServerProxy.lambda$submitRequest$6(RaftServerProxy.java:328) ~[ratis-server-0.4.0-2337318-SNAPSHOT.jar:0.4.0-2337318-SNAPSHOT]
	at java.util.concurrent.CompletableFuture.uniComposeStage(CompletableFuture.java:981) ~[?:1.8.0_212]
	at java.util.concurrent.CompletableFuture.thenCompose(CompletableFuture.java:2124) ~[?:1.8.0_212]
	at org.apache.ratis.server.impl.RaftServerProxy.submitRequest(RaftServerProxy.java:327) ~[ratis-server-0.4.0-2337318-SNAPSHOT.jar:0.4.0-2337318-SNAPSHOT]
	at org.apache.ratis.server.impl.RaftServerProxy.submitClientRequestAsync(RaftServerProxy.java:333) ~[ratis-server-0.4.0-2337318-SNAPSHOT.jar:0.4.0-2337318-SNAPSHOT]
	at org.apache.ratis.grpc.client.GrpcClientProtocolService$RequestStreamObserver.processClientRequest(GrpcClientProtocolService.java:220) ~[ratis-grpc-0.4.0-2337318-SNAPSHOT.jar:0.4.0-2337318-SNAPSHOT]
	at org.apache.ratis.grpc.client.GrpcClientProtocolService$OrderedRequestStreamObserver.processClientRequest(GrpcClientProtocolService.java:326) ~[ratis-grpc-0.4.0-2337318-SNAPSHOT.jar:0.4.0-2337318-SNAPSHOT]
	at org.apache.ratis.util.SlidingWindow$Server.processRequestsFromHead(SlidingWindow.java:429) [ratis-common-0.4.0-2337318-SNAPSHOT.jar:0.4.0-2337318-SNAPSHOT]
	at org.apache.ratis.util.SlidingWindow$Server.receivedRequest(SlidingWindow.java:421) [ratis-common-0.4.0-2337318-SNAPSHOT.jar:0.4.0-2337318-SNAPSHOT]
	at org.apache.ratis.grpc.client.GrpcClientProtocolService$OrderedRequestStreamObserver.processClientRequest(GrpcClientProtocolService.java:345) [ratis-grpc-0.4.0-2337318-SNAPSHOT.jar:0.4.0-2337318-SNAPSHOT]
	at org.apache.ratis.grpc.client.GrpcClientProtocolService$RequestStreamObserver.onNext(GrpcClientProtocolService.java:240) [ratis-grpc-0.4.0-2337318-SNAPSHOT.jar:0.4.0-2337318-SNAPSHOT]
	at org.apache.ratis.grpc.client.GrpcClientProtocolService$RequestStreamObserver.onNext(GrpcClientProtocolService.java:168) [ratis-grpc-0.4.0-2337318-SNAPSHOT.jar:0.4.0-2337318-SNAPSHOT]
	at org.apache.ratis.thirdparty.io.grpc.stub.ServerCalls$StreamingServerCallHandler$StreamingServerCallListener.onMessage(ServerCalls.java:248) [ratis-thirdparty-misc-0.2.0.jar:0.2.0]
	at org.apache.ratis.thirdparty.io.grpc.internal.ServerCallImpl$ServerStreamListenerImpl.messagesAvailable(ServerCallImpl.java:263) [ratis-thirdparty-misc-0.2.0.jar:0.2.0]
	at org.apache.ratis.thirdparty.io.grpc.internal.ServerImpl$JumpToApplicationThreadServerStreamListener$1MessagesAvailable.runInContext(ServerImpl.java:686) [ratis-thirdparty-misc-0.2.0.jar:0.2.0]
	at org.apache.ratis.thirdparty.io.grpc.internal.ContextRunnable.run(ContextRunnable.java:37) [ratis-thirdparty-misc-0.2.0.jar:0.2.0]
	at org.apache.ratis.thirdparty.io.grpc.internal.SerializingExecutor.run(SerializingExecutor.java:123) [ratis-thirdparty-misc-0.2.0.jar:0.2.0]
	at java.util.concurrent.ThreadPoolExecutor.runWorker(ThreadPoolExecutor.java:1149) [?:1.8.0_212]
	at java.util.concurrent.ThreadPoolExecutor$Worker.run(ThreadPoolExecutor.java:624) [?:1.8.0_212]
	at java.lang.Thread.run(Thread.java:748) [?:1.8.0_212]
2019-07-16 14:28:18,060 INFO  client.GrpcClientProtocolClient (GrpcClientProtocolClient.java:onNext(255)) - client-4352C3A2757C->f93880e5-2c41-4a96-82e8-5ec76e61477c: receive RaftClientReply:client-4352C3A2757C->f93880e5-2c41-4a96-82e8-5ec76e61477c@group-44646F05D6D2, cid=156, FAILED org.apache.ratis.protocol.StateMachineException: org.apache.hadoop.hdds.scm.container.common.helpers.ContainerNotOpenException from Server f93880e5-2c41-4a96-82e8-5ec76e61477c: Container 1 in CLOSED state, logIndex=0, commits[f93880e5-2c41-4a96-82e8-5ec76e61477c:c15]
14:28:18.060 [grpc-default-executor-2] ERROR DNAudit - user=null | ip=null | op=PUT_BLOCK {blockData=[blockId=conID: 1 locID: 102451595954946059 bcsId: 0,size=650]} | ret=FAILURE
org.apache.hadoop.hdds.scm.container.common.helpers.ContainerNotOpenException: Container 1 in CLOSED state
	at org.apache.hadoop.ozone.container.common.impl.HddsDispatcher.validateContainerCommand(HddsDispatcher.java:408) ~[hadoop-hdds-container-service-0.5.0-SNAPSHOT.jar:?]
	at org.apache.hadoop.ozone.container.common.transport.server.ratis.ContainerStateMachine.startTransaction(ContainerStateMachine.java:272) ~[hadoop-hdds-container-service-0.5.0-SNAPSHOT.jar:?]
	at org.apache.ratis.server.impl.RaftServerImpl.submitClientRequestAsync(RaftServerImpl.java:566) ~[ratis-server-0.4.0-2337318-SNAPSHOT.jar:0.4.0-2337318-SNAPSHOT]
	at org.apache.ratis.server.impl.RaftServerProxy.lambda$submitClientRequestAsync$7(RaftServerProxy.java:333) ~[ratis-server-0.4.0-2337318-SNAPSHOT.jar:0.4.0-2337318-SNAPSHOT]
	at org.apache.ratis.server.impl.RaftServerProxy.lambda$null$5(RaftServerProxy.java:328) ~[ratis-server-0.4.0-2337318-SNAPSHOT.jar:0.4.0-2337318-SNAPSHOT]
	at org.apache.ratis.util.JavaUtils.callAsUnchecked(JavaUtils.java:109) ~[ratis-common-0.4.0-2337318-SNAPSHOT.jar:0.4.0-2337318-SNAPSHOT]
	at org.apache.ratis.server.impl.RaftServerProxy.lambda$submitRequest$6(RaftServerProxy.java:328) ~[ratis-server-0.4.0-2337318-SNAPSHOT.jar:0.4.0-2337318-SNAPSHOT]
	at java.util.concurrent.CompletableFuture.uniComposeStage(CompletableFuture.java:981) ~[?:1.8.0_212]
	at java.util.concurrent.CompletableFuture.thenCompose(CompletableFuture.java:2124) ~[?:1.8.0_212]
	at org.apache.ratis.server.impl.RaftServerProxy.submitRequest(RaftServerProxy.java:327) ~[ratis-server-0.4.0-2337318-SNAPSHOT.jar:0.4.0-2337318-SNAPSHOT]
	at org.apache.ratis.server.impl.RaftServerProxy.submitClientRequestAsync(RaftServerProxy.java:333) ~[ratis-server-0.4.0-2337318-SNAPSHOT.jar:0.4.0-2337318-SNAPSHOT]
	at org.apache.ratis.grpc.client.GrpcClientProtocolService$RequestStreamObserver.processClientRequest(GrpcClientProtocolService.java:220) ~[ratis-grpc-0.4.0-2337318-SNAPSHOT.jar:0.4.0-2337318-SNAPSHOT]
	at org.apache.ratis.grpc.client.GrpcClientProtocolService$OrderedRequestStreamObserver.processClientRequest(GrpcClientProtocolService.java:326) ~[ratis-grpc-0.4.0-2337318-SNAPSHOT.jar:0.4.0-2337318-SNAPSHOT]
	at org.apache.ratis.util.SlidingWindow$Server.processRequestsFromHead(SlidingWindow.java:429) [ratis-common-0.4.0-2337318-SNAPSHOT.jar:0.4.0-2337318-SNAPSHOT]
	at org.apache.ratis.util.SlidingWindow$Server.receivedRequest(SlidingWindow.java:421) [ratis-common-0.4.0-2337318-SNAPSHOT.jar:0.4.0-2337318-SNAPSHOT]
	at org.apache.ratis.grpc.client.GrpcClientProtocolService$OrderedRequestStreamObserver.processClientRequest(GrpcClientProtocolService.java:345) [ratis-grpc-0.4.0-2337318-SNAPSHOT.jar:0.4.0-2337318-SNAPSHOT]
	at org.apache.ratis.grpc.client.GrpcClientProtocolService$RequestStreamObserver.onNext(GrpcClientProtocolService.java:240) [ratis-grpc-0.4.0-2337318-SNAPSHOT.jar:0.4.0-2337318-SNAPSHOT]
	at org.apache.ratis.grpc.client.GrpcClientProtocolService$RequestStreamObserver.onNext(GrpcClientProtocolService.java:168) [ratis-grpc-0.4.0-2337318-SNAPSHOT.jar:0.4.0-2337318-SNAPSHOT]
	at org.apache.ratis.thirdparty.io.grpc.stub.ServerCalls$StreamingServerCallHandler$StreamingServerCallListener.onMessage(ServerCalls.java:248) [ratis-thirdparty-misc-0.2.0.jar:0.2.0]
	at org.apache.ratis.thirdparty.io.grpc.internal.ServerCallImpl$ServerStreamListenerImpl.messagesAvailable(ServerCallImpl.java:263) [ratis-thirdparty-misc-0.2.0.jar:0.2.0]
	at org.apache.ratis.thirdparty.io.grpc.internal.ServerImpl$JumpToApplicationThreadServerStreamListener$1MessagesAvailable.runInContext(ServerImpl.java:686) [ratis-thirdparty-misc-0.2.0.jar:0.2.0]
	at org.apache.ratis.thirdparty.io.grpc.internal.ContextRunnable.run(ContextRunnable.java:37) [ratis-thirdparty-misc-0.2.0.jar:0.2.0]
	at org.apache.ratis.thirdparty.io.grpc.internal.SerializingExecutor.run(SerializingExecutor.java:123) [ratis-thirdparty-misc-0.2.0.jar:0.2.0]
	at java.util.concurrent.ThreadPoolExecutor.runWorker(ThreadPoolExecutor.java:1149) [?:1.8.0_212]
	at java.util.concurrent.ThreadPoolExecutor$Worker.run(ThreadPoolExecutor.java:624) [?:1.8.0_212]
	at java.lang.Thread.run(Thread.java:748) [?:1.8.0_212]
14:28:18.068 [grpc-default-executor-2] ERROR DNAudit - user=null | ip=null | op=WRITE_CHUNK {blockData=conID: 1 locID: 102451595954946059 bcsId: 11} | ret=FAILURE
org.apache.hadoop.hdds.scm.container.common.helpers.ContainerNotOpenException: Container 1 in CLOSED state
	at org.apache.hadoop.ozone.container.common.impl.HddsDispatcher.validateContainerCommand(HddsDispatcher.java:408) ~[hadoop-hdds-container-service-0.5.0-SNAPSHOT.jar:?]
	at org.apache.hadoop.ozone.container.common.transport.server.ratis.ContainerStateMachine.startTransaction(ContainerStateMachine.java:272) ~[hadoop-hdds-container-service-0.5.0-SNAPSHOT.jar:?]
	at org.apache.ratis.server.impl.RaftServerImpl.submitClientRequestAsync(RaftServerImpl.java:566) ~[ratis-server-0.4.0-2337318-SNAPSHOT.jar:0.4.0-2337318-SNAPSHOT]
	at org.apache.ratis.server.impl.RaftServerProxy.lambda$submitClientRequestAsync$7(RaftServerProxy.java:333) ~[ratis-server-0.4.0-2337318-SNAPSHOT.jar:0.4.0-2337318-SNAPSHOT]
	at org.apache.ratis.server.impl.RaftServerProxy.lambda$null$5(RaftServerProxy.java:328) ~[ratis-server-0.4.0-2337318-SNAPSHOT.jar:0.4.0-2337318-SNAPSHOT]
	at org.apache.ratis.util.JavaUtils.callAsUnchecked(JavaUtils.java:109) ~[ratis-common-0.4.0-2337318-SNAPSHOT.jar:0.4.0-2337318-SNAPSHOT]
	at org.apache.ratis.server.impl.RaftServerProxy.lambda$submitRequest$6(RaftServerProxy.java:328) ~[ratis-server-0.4.0-2337318-SNAPSHOT.jar:0.4.0-2337318-SNAPSHOT]
	at java.util.concurrent.CompletableFuture.uniComposeStage(CompletableFuture.java:981) ~[?:1.8.0_212]
	at java.util.concurrent.CompletableFuture.thenCompose(CompletableFuture.java:2124) ~[?:1.8.0_212]
	at org.apache.ratis.server.impl.RaftServerProxy.submitRequest(RaftServerProxy.java:327) ~[ratis-server-0.4.0-2337318-SNAPSHOT.jar:0.4.0-2337318-SNAPSHOT]
	at org.apache.ratis.server.impl.RaftServerProxy.submitClientRequestAsync(RaftServerProxy.java:333) ~[ratis-server-0.4.0-2337318-SNAPSHOT.jar:0.4.0-2337318-SNAPSHOT]
	at org.apache.ratis.grpc.client.GrpcClientProtocolService$RequestStreamObserver.processClientRequest(GrpcClientProtocolService.java:220) ~[ratis-grpc-0.4.0-2337318-SNAPSHOT.jar:0.4.0-2337318-SNAPSHOT]
	at org.apache.ratis.grpc.client.GrpcClientProtocolService$OrderedRequestStreamObserver.processClientRequest(GrpcClientProtocolService.java:326) ~[ratis-grpc-0.4.0-2337318-SNAPSHOT.jar:0.4.0-2337318-SNAPSHOT]
	at org.apache.ratis.util.SlidingWindow$Server.processRequestsFromHead(SlidingWindow.java:429) [ratis-common-0.4.0-2337318-SNAPSHOT.jar:0.4.0-2337318-SNAPSHOT]
	at org.apache.ratis.util.SlidingWindow$Server.receivedRequest(SlidingWindow.java:421) [ratis-common-0.4.0-2337318-SNAPSHOT.jar:0.4.0-2337318-SNAPSHOT]
	at org.apache.ratis.grpc.client.GrpcClientProtocolService$OrderedRequestStreamObserver.processClientRequest(GrpcClientProtocolService.java:345) [ratis-grpc-0.4.0-2337318-SNAPSHOT.jar:0.4.0-2337318-SNAPSHOT]
	at org.apache.ratis.grpc.client.GrpcClientProtocolService$RequestStreamObserver.onNext(GrpcClientProtocolService.java:240) [ratis-grpc-0.4.0-2337318-SNAPSHOT.jar:0.4.0-2337318-SNAPSHOT]
	at org.apache.ratis.grpc.client.GrpcClientProtocolService$RequestStreamObserver.onNext(GrpcClientProtocolService.java:168) [ratis-grpc-0.4.0-2337318-SNAPSHOT.jar:0.4.0-2337318-SNAPSHOT]
	at org.apache.ratis.thirdparty.io.grpc.stub.ServerCalls$StreamingServerCallHandler$StreamingServerCallListener.onMessage(ServerCalls.java:248) [ratis-thirdparty-misc-0.2.0.jar:0.2.0]
	at org.apache.ratis.thirdparty.io.grpc.internal.ServerCallImpl$ServerStreamListenerImpl.messagesAvailable(ServerCallImpl.java:263) [ratis-thirdparty-misc-0.2.0.jar:0.2.0]
	at org.apache.ratis.thirdparty.io.grpc.internal.ServerImpl$JumpToApplicationThreadServerStreamListener$1MessagesAvailable.runInContext(ServerImpl.java:686) [ratis-thirdparty-misc-0.2.0.jar:0.2.0]
	at org.apache.ratis.thirdparty.io.grpc.internal.ContextRunnable.run(ContextRunnable.java:37) [ratis-thirdparty-misc-0.2.0.jar:0.2.0]
	at org.apache.ratis.thirdparty.io.grpc.internal.SerializingExecutor.run(SerializingExecutor.java:123) [ratis-thirdparty-misc-0.2.0.jar:0.2.0]
	at java.util.concurrent.ThreadPoolExecutor.runWorker(ThreadPoolExecutor.java:1149) [?:1.8.0_212]
	at java.util.concurrent.ThreadPoolExecutor$Worker.run(ThreadPoolExecutor.java:624) [?:1.8.0_212]
	at java.lang.Thread.run(Thread.java:748) [?:1.8.0_212]
2019-07-16 14:28:18,069 INFO  client.GrpcClientProtocolClient (GrpcClientProtocolClient.java:onNext(255)) - client-4352C3A2757C->f93880e5-2c41-4a96-82e8-5ec76e61477c: receive RaftClientReply:client-4352C3A2757C->f93880e5-2c41-4a96-82e8-5ec76e61477c@group-44646F05D6D2, cid=157, FAILED org.apache.ratis.protocol.StateMachineException: org.apache.hadoop.hdds.scm.container.common.helpers.ContainerNotOpenException from Server f93880e5-2c41-4a96-82e8-5ec76e61477c: Container 1 in CLOSED state, logIndex=0, commits[f93880e5-2c41-4a96-82e8-5ec76e61477c:c15]
2019-07-16 14:28:18,076 INFO  client.GrpcClientProtocolClient (GrpcClientProtocolClient.java:onNext(255)) - client-4352C3A2757C->f93880e5-2c41-4a96-82e8-5ec76e61477c: receive RaftClientReply:client-4352C3A2757C->f93880e5-2c41-4a96-82e8-5ec76e61477c@group-44646F05D6D2, cid=158, FAILED org.apache.ratis.protocol.StateMachineException: org.apache.hadoop.hdds.scm.container.common.helpers.ContainerNotOpenException from Server f93880e5-2c41-4a96-82e8-5ec76e61477c: Container 1 in CLOSED state, logIndex=0, commits[f93880e5-2c41-4a96-82e8-5ec76e61477c:c15]
14:28:18.075 [grpc-default-executor-2] ERROR DNAudit - user=null | ip=null | op=WRITE_CHUNK {blockData=conID: 1 locID: 102451595954946059 bcsId: 11} | ret=FAILURE
org.apache.hadoop.hdds.scm.container.common.helpers.ContainerNotOpenException: Container 1 in CLOSED state
	at org.apache.hadoop.ozone.container.common.impl.HddsDispatcher.validateContainerCommand(HddsDispatcher.java:408) ~[hadoop-hdds-container-service-0.5.0-SNAPSHOT.jar:?]
	at org.apache.hadoop.ozone.container.common.transport.server.ratis.ContainerStateMachine.startTransaction(ContainerStateMachine.java:272) ~[hadoop-hdds-container-service-0.5.0-SNAPSHOT.jar:?]
	at org.apache.ratis.server.impl.RaftServerImpl.submitClientRequestAsync(RaftServerImpl.java:566) ~[ratis-server-0.4.0-2337318-SNAPSHOT.jar:0.4.0-2337318-SNAPSHOT]
	at org.apache.ratis.server.impl.RaftServerProxy.lambda$submitClientRequestAsync$7(RaftServerProxy.java:333) ~[ratis-server-0.4.0-2337318-SNAPSHOT.jar:0.4.0-2337318-SNAPSHOT]
	at org.apache.ratis.server.impl.RaftServerProxy.lambda$null$5(RaftServerProxy.java:328) ~[ratis-server-0.4.0-2337318-SNAPSHOT.jar:0.4.0-2337318-SNAPSHOT]
	at org.apache.ratis.util.JavaUtils.callAsUnchecked(JavaUtils.java:109) ~[ratis-common-0.4.0-2337318-SNAPSHOT.jar:0.4.0-2337318-SNAPSHOT]
	at org.apache.ratis.server.impl.RaftServerProxy.lambda$submitRequest$6(RaftServerProxy.java:328) ~[ratis-server-0.4.0-2337318-SNAPSHOT.jar:0.4.0-2337318-SNAPSHOT]
	at java.util.concurrent.CompletableFuture.uniComposeStage(CompletableFuture.java:981) ~[?:1.8.0_212]
	at java.util.concurrent.CompletableFuture.thenCompose(CompletableFuture.java:2124) ~[?:1.8.0_212]
	at org.apache.ratis.server.impl.RaftServerProxy.submitRequest(RaftServerProxy.java:327) ~[ratis-server-0.4.0-2337318-SNAPSHOT.jar:0.4.0-2337318-SNAPSHOT]
	at org.apache.ratis.server.impl.RaftServerProxy.submitClientRequestAsync(RaftServerProxy.java:333) ~[ratis-server-0.4.0-2337318-SNAPSHOT.jar:0.4.0-2337318-SNAPSHOT]
	at org.apache.ratis.grpc.client.GrpcClientProtocolService$RequestStreamObserver.processClientRequest(GrpcClientProtocolService.java:220) ~[ratis-grpc-0.4.0-2337318-SNAPSHOT.jar:0.4.0-2337318-SNAPSHOT]
	at org.apache.ratis.grpc.client.GrpcClientProtocolService$OrderedRequestStreamObserver.processClientRequest(GrpcClientProtocolService.java:326) ~[ratis-grpc-0.4.0-2337318-SNAPSHOT.jar:0.4.0-2337318-SNAPSHOT]
	at org.apache.ratis.util.SlidingWindow$Server.processRequestsFromHead(SlidingWindow.java:429) [ratis-common-0.4.0-2337318-SNAPSHOT.jar:0.4.0-2337318-SNAPSHOT]
	at org.apache.ratis.util.SlidingWindow$Server.receivedRequest(SlidingWindow.java:421) [ratis-common-0.4.0-2337318-SNAPSHOT.jar:0.4.0-2337318-SNAPSHOT]
	at org.apache.ratis.grpc.client.GrpcClientProtocolService$OrderedRequestStreamObserver.processClientRequest(GrpcClientProtocolService.java:345) [ratis-grpc-0.4.0-2337318-SNAPSHOT.jar:0.4.0-2337318-SNAPSHOT]
	at org.apache.ratis.grpc.client.GrpcClientProtocolService$RequestStreamObserver.onNext(GrpcClientProtocolService.java:240) [ratis-grpc-0.4.0-2337318-SNAPSHOT.jar:0.4.0-2337318-SNAPSHOT]
	at org.apache.ratis.grpc.client.GrpcClientProtocolService$RequestStreamObserver.onNext(GrpcClientProtocolService.java:168) [ratis-grpc-0.4.0-2337318-SNAPSHOT.jar:0.4.0-2337318-SNAPSHOT]
	at org.apache.ratis.thirdparty.io.grpc.stub.ServerCalls$StreamingServerCallHandler$StreamingServerCallListener.onMessage(ServerCalls.java:248) [ratis-thirdparty-misc-0.2.0.jar:0.2.0]
	at org.apache.ratis.thirdparty.io.grpc.internal.ServerCallImpl$ServerStreamListenerImpl.messagesAvailable(ServerCallImpl.java:263) [ratis-thirdparty-misc-0.2.0.jar:0.2.0]
	at org.apache.ratis.thirdparty.io.grpc.internal.ServerImpl$JumpToApplicationThreadServerStreamListener$1MessagesAvailable.runInContext(ServerImpl.java:686) [ratis-thirdparty-misc-0.2.0.jar:0.2.0]
	at org.apache.ratis.thirdparty.io.grpc.internal.ContextRunnable.run(ContextRunnable.java:37) [ratis-thirdparty-misc-0.2.0.jar:0.2.0]
	at org.apache.ratis.thirdparty.io.grpc.internal.SerializingExecutor.run(SerializingExecutor.java:123) [ratis-thirdparty-misc-0.2.0.jar:0.2.0]
	at java.util.concurrent.ThreadPoolExecutor.runWorker(ThreadPoolExecutor.java:1149) [?:1.8.0_212]
	at java.util.concurrent.ThreadPoolExecutor$Worker.run(ThreadPoolExecutor.java:624) [?:1.8.0_212]
	at java.lang.Thread.run(Thread.java:748) [?:1.8.0_212]
14:28:18.083 [grpc-default-executor-2] ERROR DNAudit - user=null | ip=null | op=PUT_BLOCK {blockData=[blockId=conID: 1 locID: 102451595954946059 bcsId: 0,size=800]} | ret=FAILURE
org.apache.hadoop.hdds.scm.container.common.helpers.ContainerNotOpenException: Container 1 in CLOSED state
	at org.apache.hadoop.ozone.container.common.impl.HddsDispatcher.validateContainerCommand(HddsDispatcher.java:408) ~[hadoop-hdds-container-service-0.5.0-SNAPSHOT.jar:?]
	at org.apache.hadoop.ozone.container.common.transport.server.ratis.ContainerStateMachine.startTransaction(ContainerStateMachine.java:272) ~[hadoop-hdds-container-service-0.5.0-SNAPSHOT.jar:?]
	at org.apache.ratis.server.impl.RaftServerImpl.submitClientRequestAsync(RaftServerImpl.java:566) ~[ratis-server-0.4.0-2337318-SNAPSHOT.jar:0.4.0-2337318-SNAPSHOT]
	at org.apache.ratis.server.impl.RaftServerProxy.lambda$submitClientRequestAsync$7(RaftServerProxy.java:333) ~[ratis-server-0.4.0-2337318-SNAPSHOT.jar:0.4.0-2337318-SNAPSHOT]
	at org.apache.ratis.server.impl.RaftServerProxy.lambda$null$5(RaftServerProxy.java:328) ~[ratis-server-0.4.0-2337318-SNAPSHOT.jar:0.4.0-2337318-SNAPSHOT]
	at org.apache.ratis.util.JavaUtils.callAsUnchecked(JavaUtils.java:109) ~[ratis-common-0.4.0-2337318-SNAPSHOT.jar:0.4.0-2337318-SNAPSHOT]
	at org.apache.ratis.server.impl.RaftServerProxy.lambda$submitRequest$6(RaftServerProxy.java:328) ~[ratis-server-0.4.0-2337318-SNAPSHOT.jar:0.4.0-2337318-SNAPSHOT]
	at java.util.concurrent.CompletableFuture.uniComposeStage(CompletableFuture.java:981) ~[?:1.8.0_212]
	at java.util.concurrent.CompletableFuture.thenCompose(CompletableFuture.java:2124) ~[?:1.8.0_212]
	at org.apache.ratis.server.impl.RaftServerProxy.submitRequest(RaftServerProxy.java:327) ~[ratis-server-0.4.0-2337318-SNAPSHOT.jar:0.4.0-2337318-SNAPSHOT]
	at org.apache.ratis.server.impl.RaftServerProxy.submitClientRequestAsync(RaftServerProxy.java:333) ~[ratis-server-0.4.0-2337318-SNAPSHOT.jar:0.4.0-2337318-SNAPSHOT]
	at org.apache.ratis.grpc.client.GrpcClientProtocolService$RequestStreamObserver.processClientRequest(GrpcClientProtocolService.java:220) ~[ratis-grpc-0.4.0-2337318-SNAPSHOT.jar:0.4.0-2337318-SNAPSHOT]
	at org.apache.ratis.grpc.client.GrpcClientProtocolService$OrderedRequestStreamObserver.processClientRequest(GrpcClientProtocolService.java:326) ~[ratis-grpc-0.4.0-2337318-SNAPSHOT.jar:0.4.0-2337318-SNAPSHOT]
	at org.apache.ratis.util.SlidingWindow$Server.processRequestsFromHead(SlidingWindow.java:429) [ratis-common-0.4.0-2337318-SNAPSHOT.jar:0.4.0-2337318-SNAPSHOT]
	at org.apache.ratis.util.SlidingWindow$Server.receivedRequest(SlidingWindow.java:421) [ratis-common-0.4.0-2337318-SNAPSHOT.jar:0.4.0-2337318-SNAPSHOT]
	at org.apache.ratis.grpc.client.GrpcClientProtocolService$OrderedRequestStreamObserver.processClientRequest(GrpcClientProtocolService.java:345) [ratis-grpc-0.4.0-2337318-SNAPSHOT.jar:0.4.0-2337318-SNAPSHOT]
	at org.apache.ratis.grpc.client.GrpcClientProtocolService$RequestStreamObserver.onNext(GrpcClientProtocolService.java:240) [ratis-grpc-0.4.0-2337318-SNAPSHOT.jar:0.4.0-2337318-SNAPSHOT]
	at org.apache.ratis.grpc.client.GrpcClientProtocolService$RequestStreamObserver.onNext(GrpcClientProtocolService.java:168) [ratis-grpc-0.4.0-2337318-SNAPSHOT.jar:0.4.0-2337318-SNAPSHOT]
	at org.apache.ratis.thirdparty.io.grpc.stub.ServerCalls$StreamingServerCallHandler$StreamingServerCallListener.onMessage(ServerCalls.java:248) [ratis-thirdparty-misc-0.2.0.jar:0.2.0]
	at org.apache.ratis.thirdparty.io.grpc.internal.ServerCallImpl$ServerStreamListenerImpl.messagesAvailable(ServerCallImpl.java:263) [ratis-thirdparty-misc-0.2.0.jar:0.2.0]
	at org.apache.ratis.thirdparty.io.grpc.internal.ServerImpl$JumpToApplicationThreadServerStreamListener$1MessagesAvailable.runInContext(ServerImpl.java:686) [ratis-thirdparty-misc-0.2.0.jar:0.2.0]
	at org.apache.ratis.thirdparty.io.grpc.internal.ContextRunnable.run(ContextRunnable.java:37) [ratis-thirdparty-misc-0.2.0.jar:0.2.0]
	at org.apache.ratis.thirdparty.io.grpc.internal.SerializingExecutor.run(SerializingExecutor.java:123) [ratis-thirdparty-misc-0.2.0.jar:0.2.0]
	at java.util.concurrent.ThreadPoolExecutor.runWorker(ThreadPoolExecutor.java:1149) [?:1.8.0_212]
	at java.util.concurrent.ThreadPoolExecutor$Worker.run(ThreadPoolExecutor.java:624) [?:1.8.0_212]
	at java.lang.Thread.run(Thread.java:748) [?:1.8.0_212]
2019-07-16 14:28:18,089 INFO  client.GrpcClientProtocolClient (GrpcClientProtocolClient.java:onNext(255)) - client-4352C3A2757C->f93880e5-2c41-4a96-82e8-5ec76e61477c: receive RaftClientReply:client-4352C3A2757C->f93880e5-2c41-4a96-82e8-5ec76e61477c@group-44646F05D6D2, cid=159, FAILED org.apache.ratis.protocol.StateMachineException: org.apache.hadoop.hdds.scm.container.common.helpers.ContainerNotOpenException from Server f93880e5-2c41-4a96-82e8-5ec76e61477c: Container 1 in CLOSED state, logIndex=0, commits[f93880e5-2c41-4a96-82e8-5ec76e61477c:c15]
2019-07-16 14:28:18,097 INFO  client.GrpcClientProtocolClient (GrpcClientProtocolClient.java:onNext(255)) - client-4352C3A2757C->f93880e5-2c41-4a96-82e8-5ec76e61477c: receive RaftClientReply:client-4352C3A2757C->f93880e5-2c41-4a96-82e8-5ec76e61477c@group-44646F05D6D2, cid=160, FAILED org.apache.ratis.protocol.StateMachineException: org.apache.hadoop.hdds.scm.container.common.helpers.ContainerNotOpenException from Server f93880e5-2c41-4a96-82e8-5ec76e61477c: Container 1 in CLOSED state, logIndex=0, commits[f93880e5-2c41-4a96-82e8-5ec76e61477c:c15]
2019-07-16 14:28:18,099 INFO  client.GrpcClientProtocolClient (GrpcClientProtocolClient.java:onNext(255)) - client-4352C3A2757C->f93880e5-2c41-4a96-82e8-5ec76e61477c: receive RaftClientReply:client-4352C3A2757C->f93880e5-2c41-4a96-82e8-5ec76e61477c@group-44646F05D6D2, cid=161, FAILED org.apache.ratis.protocol.StateMachineException: org.apache.hadoop.hdds.scm.container.common.helpers.ContainerNotOpenException from Server f93880e5-2c41-4a96-82e8-5ec76e61477c: Container 1 in CLOSED state, logIndex=0, commits[f93880e5-2c41-4a96-82e8-5ec76e61477c:c15]
2019-07-16 14:28:18,211 INFO  client.GrpcClientProtocolClient (GrpcClientProtocolClient.java:onNext(255)) - client-7C047F871CE5->efaf353e-eaea-458e-8009-7c4cd0077a94: receive RaftClientReply:client-7C047F871CE5->efaf353e-eaea-458e-8009-7c4cd0077a94@group-E10C36569E5B, cid=162, SUCCESS, logIndex=1, commits[efaf353e-eaea-458e-8009-7c4cd0077a94:c1]
2019-07-16 14:28:18,227 INFO  client.GrpcClientProtocolClient (GrpcClientProtocolClient.java:onNext(255)) - client-7C047F871CE5->efaf353e-eaea-458e-8009-7c4cd0077a94: receive RaftClientReply:client-7C047F871CE5->efaf353e-eaea-458e-8009-7c4cd0077a94@group-E10C36569E5B, cid=163, SUCCESS, logIndex=3, commits[efaf353e-eaea-458e-8009-7c4cd0077a94:c7]
2019-07-16 14:28:18,297 INFO  client.GrpcClientProtocolClient (GrpcClientProtocolClient.java:onNext(255)) - client-7C047F871CE5->efaf353e-eaea-458e-8009-7c4cd0077a94: receive RaftClientReply:client-7C047F871CE5->efaf353e-eaea-458e-8009-7c4cd0077a94@group-E10C36569E5B, cid=164, SUCCESS, logIndex=4, commits[efaf353e-eaea-458e-8009-7c4cd0077a94:c9]
2019-07-16 14:28:18,298 INFO  client.GrpcClientProtocolClient (GrpcClientProtocolClient.java:onNext(255)) - client-7C047F871CE5->efaf353e-eaea-458e-8009-7c4cd0077a94: receive RaftClientReply:client-7C047F871CE5->efaf353e-eaea-458e-8009-7c4cd0077a94@group-E10C36569E5B, cid=165, SUCCESS, logIndex=5, commits[efaf353e-eaea-458e-8009-7c4cd0077a94:c9]
2019-07-16 14:28:18,299 INFO  client.GrpcClientProtocolClient (GrpcClientProtocolClient.java:onNext(255)) - client-7C047F871CE5->efaf353e-eaea-458e-8009-7c4cd0077a94: receive RaftClientReply:client-7C047F871CE5->efaf353e-eaea-458e-8009-7c4cd0077a94@group-E10C36569E5B, cid=166, SUCCESS, logIndex=6, commits[efaf353e-eaea-458e-8009-7c4cd0077a94:c9]
2019-07-16 14:28:18,299 INFO  client.GrpcClientProtocolClient (GrpcClientProtocolClient.java:onNext(255)) - client-7C047F871CE5->efaf353e-eaea-458e-8009-7c4cd0077a94: receive RaftClientReply:client-7C047F871CE5->efaf353e-eaea-458e-8009-7c4cd0077a94@group-E10C36569E5B, cid=167, SUCCESS, logIndex=7, commits[efaf353e-eaea-458e-8009-7c4cd0077a94:c9]
2019-07-16 14:28:18,316 INFO  client.GrpcClientProtocolClient (GrpcClientProtocolClient.java:onNext(255)) - client-7C047F871CE5->efaf353e-eaea-458e-8009-7c4cd0077a94: receive RaftClientReply:client-7C047F871CE5->efaf353e-eaea-458e-8009-7c4cd0077a94@group-E10C36569E5B, cid=168, SUCCESS, logIndex=10, commits[efaf353e-eaea-458e-8009-7c4cd0077a94:c11]
2019-07-16 14:28:18,317 INFO  client.GrpcClientProtocolClient (GrpcClientProtocolClient.java:onNext(255)) - client-7C047F871CE5->efaf353e-eaea-458e-8009-7c4cd0077a94: receive RaftClientReply:client-7C047F871CE5->efaf353e-eaea-458e-8009-7c4cd0077a94@group-E10C36569E5B, cid=169, SUCCESS, logIndex=11, commits[efaf353e-eaea-458e-8009-7c4cd0077a94:c11]
2019-07-16 14:28:18,332 INFO  pipeline.Pipeline (Pipeline.java:getProtobufMessage(195)) - Serialize pipeline PipelineID=9814621e-25fe-4b46-95ec-e10c36569e5b with nodesInOrder{ }
2019-07-16 14:28:18,334 INFO  ozone.MiniOzoneClusterImpl (MiniOzoneClusterImpl.java:shutdown(321)) - Shutting down the Mini Ozone Cluster
2019-07-16 14:28:18,334 INFO  ozone.MiniOzoneClusterImpl (MiniOzoneClusterImpl.java:stop(336)) - Stopping the Mini Ozone Cluster
2019-07-16 14:28:18,334 INFO  ozone.MiniOzoneClusterImpl (MiniOzoneClusterImpl.java:stop(338)) - Stopping the OzoneManager
2019-07-16 14:28:18,334 INFO  ipc.Server (Server.java:stop(3082)) - Stopping server on 46608
2019-07-16 14:28:18,343 INFO  ipc.Server (Server.java:run(1185)) - Stopping IPC Server listener on 46608
2019-07-16 14:28:18,346 INFO  utils.BackgroundService (BackgroundService.java:shutdown(148)) - Shutting down service KeyDeletingService
2019-07-16 14:28:18,346 INFO  ipc.Server (Server.java:run(1319)) - Stopping IPC Server Responder
2019-07-16 14:28:18,363 INFO  handler.ContextHandler (ContextHandler.java:doStop(910)) - Stopped o.e.j.w.WebAppContext@65a8c306{/,null,UNAVAILABLE}{/ozoneManager}
2019-07-16 14:28:18,363 INFO  server.AbstractConnector (AbstractConnector.java:doStop(318)) - Stopped ServerConnector@71ce19ee{HTTP/1.1,[http/1.1]}{0.0.0.0:0}
2019-07-16 14:28:18,364 INFO  handler.ContextHandler (ContextHandler.java:doStop(910)) - Stopped o.e.j.s.ServletContextHandler@42457891{/static,file:///workdir/hadoop-ozone/integration-test/target/test-classes/webapps/static,UNAVAILABLE}
2019-07-16 14:28:18,364 INFO  handler.ContextHandler (ContextHandler.java:doStop(910)) - Stopped o.e.j.s.ServletContextHandler@ecb8b3e{/logs,file:///workdir/hadoop-ozone/integration-test/target/log,UNAVAILABLE}
2019-07-16 14:28:18,377 INFO  ozone.MiniOzoneClusterImpl (MiniOzoneClusterImpl.java:stop(344)) - Shutting the HddsDatanodes
2019-07-16 14:28:18,378 INFO  datanode.ObjectStoreHandler (ObjectStoreHandler.java:close(155)) - Closing ObjectStoreHandler.
2019-07-16 14:28:18,378 INFO  datanode.ObjectStoreHandler (ObjectStoreHandler.java:close(155)) - Closing ObjectStoreHandler.
2019-07-16 14:28:18,378 INFO  ozone.HddsDatanodeService (HddsDatanodeService.java:stop(452)) - Stopped plug-in org.apache.hadoop.ozone.web.OzoneHddsDatanodeService@4b99f2ed
2019-07-16 14:28:18,378 INFO  ozone.HddsDatanodeService (HddsDatanodeService.java:stop(452)) - Stopped plug-in org.apache.hadoop.ozone.web.OzoneHddsDatanodeService@325236f5
2019-07-16 14:28:18,835 INFO  statemachine.DatanodeStateMachine (DatanodeStateMachine.java:lambda$startDaemon$0(350)) - Ozone container server started.
2019-07-16 14:28:19,191 INFO  statemachine.DatanodeStateMachine (DatanodeStateMachine.java:lambda$startDaemon$0(350)) - Ozone container server started.
2019-07-16 14:28:22,882 INFO  node.StaleNodeHandler (StaleNodeHandler.java:onMessage(58)) - Datanode 96d6981a-cb83-4f3f-8f2c-51322226cd15{ip: 192.168.157.241, host: trunk-nightly-gllmw-2332419065, networkLocation: /default-rack, certSerialId: null} moved to stale state. Finalizing its pipelines [PipelineID=c3c84dc1-d434-4c90-820c-3cf269bac58c, PipelineID=32f8785e-f5c9-449d-8836-e9e80c8ddaab]
2019-07-16 14:28:22,883 INFO  pipeline.SCMPipelineManager (SCMPipelineManager.java:finalizeAndDestroyPipeline(309)) - destroying pipeline:Pipeline[ Id: c3c84dc1-d434-4c90-820c-3cf269bac58c, Nodes: 96d6981a-cb83-4f3f-8f2c-51322226cd15{ip: 192.168.157.241, host: trunk-nightly-gllmw-2332419065, networkLocation: /default-rack, certSerialId: null}, Type:RATIS, Factor:ONE, State:OPEN]
2019-07-16 14:28:22,883 INFO  pipeline.PipelineStateManager (PipelineStateManager.java:finalizePipeline(123)) - Pipeline Pipeline[ Id: c3c84dc1-d434-4c90-820c-3cf269bac58c, Nodes: 96d6981a-cb83-4f3f-8f2c-51322226cd15{ip: 192.168.157.241, host: trunk-nightly-gllmw-2332419065, networkLocation: /default-rack, certSerialId: null}, Type:RATIS, Factor:ONE, State:CLOSED] moved to CLOSED state
2019-07-16 14:28:22,883 INFO  pipeline.SCMPipelineManager (SCMPipelineManager.java:finalizeAndDestroyPipeline(309)) - destroying pipeline:Pipeline[ Id: 32f8785e-f5c9-449d-8836-e9e80c8ddaab, Nodes: aad6b064-f151-4eda-abe9-c978e9a928da{ip: 192.168.157.241, host: trunk-nightly-gllmw-2332419065, networkLocation: /default-rack, certSerialId: null}822d12d0-a580-4996-8ec7-c93d7888a365{ip: 192.168.157.241, host: trunk-nightly-gllmw-2332419065, networkLocation: /default-rack, certSerialId: null}96d6981a-cb83-4f3f-8f2c-51322226cd15{ip: 192.168.157.241, host: trunk-nightly-gllmw-2332419065, networkLocation: /default-rack, certSerialId: null}, Type:RATIS, Factor:THREE, State:OPEN]
2019-07-16 14:28:22,883 INFO  pipeline.PipelineStateManager (PipelineStateManager.java:finalizePipeline(123)) - Pipeline Pipeline[ Id: 32f8785e-f5c9-449d-8836-e9e80c8ddaab, Nodes: aad6b064-f151-4eda-abe9-c978e9a928da{ip: 192.168.157.241, host: trunk-nightly-gllmw-2332419065, networkLocation: /default-rack, certSerialId: null}822d12d0-a580-4996-8ec7-c93d7888a365{ip: 192.168.157.241, host: trunk-nightly-gllmw-2332419065, networkLocation: /default-rack, certSerialId: null}96d6981a-cb83-4f3f-8f2c-51322226cd15{ip: 192.168.157.241, host: trunk-nightly-gllmw-2332419065, networkLocation: /default-rack, certSerialId: null}, Type:RATIS, Factor:THREE, State:CLOSED] moved to CLOSED state
2019-07-16 14:28:23,283 INFO  node.StaleNodeHandler (StaleNodeHandler.java:onMessage(58)) - Datanode efaf353e-eaea-458e-8009-7c4cd0077a94{ip: 192.168.157.241, host: trunk-nightly-gllmw-2332419065, networkLocation: /default-rack, certSerialId: null} moved to stale state. Finalizing its pipelines [PipelineID=4d749c79-311c-4324-8e76-5062cad3844b, PipelineID=9814621e-25fe-4b46-95ec-e10c36569e5b]
2019-07-16 14:28:23,283 INFO  pipeline.SCMPipelineManager (SCMPipelineManager.java:finalizeAndDestroyPipeline(309)) - destroying pipeline:Pipeline[ Id: 4d749c79-311c-4324-8e76-5062cad3844b, Nodes: efaf353e-eaea-458e-8009-7c4cd0077a94{ip: 192.168.157.241, host: trunk-nightly-gllmw-2332419065, networkLocation: /default-rack, certSerialId: null}df1019c7-ec98-47c3-b032-e1f03aacc305{ip: 192.168.157.241, host: trunk-nightly-gllmw-2332419065, networkLocation: /default-rack, certSerialId: null}f93880e5-2c41-4a96-82e8-5ec76e61477c{ip: 192.168.157.241, host: trunk-nightly-gllmw-2332419065, networkLocation: /default-rack, certSerialId: null}, Type:RATIS, Factor:THREE, State:OPEN]
2019-07-16 14:28:23,283 INFO  pipeline.PipelineStateManager (PipelineStateManager.java:finalizePipeline(123)) - Pipeline Pipeline[ Id: 4d749c79-311c-4324-8e76-5062cad3844b, Nodes: efaf353e-eaea-458e-8009-7c4cd0077a94{ip: 192.168.157.241, host: trunk-nightly-gllmw-2332419065, networkLocation: /default-rack, certSerialId: null}df1019c7-ec98-47c3-b032-e1f03aacc305{ip: 192.168.157.241, host: trunk-nightly-gllmw-2332419065, networkLocation: /default-rack, certSerialId: null}f93880e5-2c41-4a96-82e8-5ec76e61477c{ip: 192.168.157.241, host: trunk-nightly-gllmw-2332419065, networkLocation: /default-rack, certSerialId: null}, Type:RATIS, Factor:THREE, State:CLOSED] moved to CLOSED state
2019-07-16 14:28:23,284 INFO  pipeline.SCMPipelineManager (SCMPipelineManager.java:finalizeAndDestroyPipeline(309)) - destroying pipeline:Pipeline[ Id: 9814621e-25fe-4b46-95ec-e10c36569e5b, Nodes: efaf353e-eaea-458e-8009-7c4cd0077a94{ip: 192.168.157.241, host: trunk-nightly-gllmw-2332419065, networkLocation: /default-rack, certSerialId: null}, Type:RATIS, Factor:ONE, State:OPEN]
2019-07-16 14:28:23,284 INFO  pipeline.PipelineStateManager (PipelineStateManager.java:finalizePipeline(123)) - Pipeline Pipeline[ Id: 9814621e-25fe-4b46-95ec-e10c36569e5b, Nodes: efaf353e-eaea-458e-8009-7c4cd0077a94{ip: 192.168.157.241, host: trunk-nightly-gllmw-2332419065, networkLocation: /default-rack, certSerialId: null}, Type:RATIS, Factor:ONE, State:CLOSED] moved to CLOSED state
2019-07-16 14:28:23,284 INFO  container.CloseContainerEventHandler (CloseContainerEventHandler.java:onMessage(61)) - Close container Event triggered for container : #2
2019-07-16 14:28:23,379 INFO  ozoneimpl.OzoneContainer (OzoneContainer.java:stop(199)) - Attempting to stop container services.
2019-07-16 14:28:23,379 INFO  ozoneimpl.OzoneContainer (OzoneContainer.java:stop(199)) - Attempting to stop container services.
2019-07-16 14:28:23,380 INFO  impl.RaftServerProxy (RaftServerProxy.java:lambda$close$4(314)) - efaf353e-eaea-458e-8009-7c4cd0077a94: close
2019-07-16 14:28:23,380 INFO  impl.RaftServerProxy (RaftServerProxy.java:lambda$close$4(314)) - 96d6981a-cb83-4f3f-8f2c-51322226cd15: close
2019-07-16 14:28:23,380 INFO  impl.RaftServerImpl (RaftServerImpl.java:lambda$shutdown$3(245)) - efaf353e-eaea-458e-8009-7c4cd0077a94: shutdown group-5062CAD3844B
2019-07-16 14:28:23,381 INFO  impl.RaftServerImpl (RaftServerImpl.java:lambda$shutdown$3(245)) - 96d6981a-cb83-4f3f-8f2c-51322226cd15: shutdown group-3CF269BAC58C
2019-07-16 14:28:23,381 INFO  util.JmxRegister (JmxRegister.java:unregister(73)) - Successfully un-registered JMX Bean with object name Ratis:service=RaftServer,group=group-5062CAD3844B,id=efaf353e-eaea-458e-8009-7c4cd0077a94
2019-07-16 14:28:23,382 INFO  impl.RoleInfo (RoleInfo.java:shutdownFollowerState(121)) - efaf353e-eaea-458e-8009-7c4cd0077a94: shutdown FollowerState
2019-07-16 14:28:23,382 INFO  impl.StateMachineUpdater (StateMachineUpdater.java:stopAndJoin(115)) - StateMachineUpdater:efaf353e-eaea-458e-8009-7c4cd0077a94:group-5062CAD3844B: set stopIndex = 0
2019-07-16 14:28:23,385 INFO  impl.RaftServerImpl (ServerState.java:close(394)) - efaf353e-eaea-458e-8009-7c4cd0077a94:group-5062CAD3844B closes. The last applied log index is 0
2019-07-16 14:28:23,381 INFO  util.JmxRegister (JmxRegister.java:unregister(73)) - Successfully un-registered JMX Bean with object name Ratis:service=RaftServer,group=group-3CF269BAC58C,id=96d6981a-cb83-4f3f-8f2c-51322226cd15
2019-07-16 14:28:23,386 INFO  impl.RoleInfo (RoleInfo.java:shutdownLeaderState(104)) - 96d6981a-cb83-4f3f-8f2c-51322226cd15: shutdown LeaderState
2019-07-16 14:28:23,386 INFO  segmented.SegmentedRaftLogWorker (SegmentedRaftLogWorker.java:run(313)) - efaf353e-eaea-458e-8009-7c4cd0077a94-SegmentedRaftLogWorker:Storage Directory /workdir/hadoop-ozone/integration-test/target/test-dir/MiniOzoneClusterImpl-47eba09b-2be6-457f-857a-d71b7095d2a5/datanode-4/data/ratis/4d749c79-311c-4324-8e76-5062cad3844b was interrupted, exiting. There are 0 tasks remaining in the queue.
2019-07-16 14:28:23,382 INFO  impl.FollowerState (FollowerState.java:run(114)) - efaf353e-eaea-458e-8009-7c4cd0077a94: FollowerState was interrupted: java.lang.InterruptedException: sleep interrupted
2019-07-16 14:28:23,386 INFO  impl.PendingRequests (PendingRequests.java:sendNotLeaderResponses(202)) - 96d6981a-cb83-4f3f-8f2c-51322226cd15-PendingRequests: sendNotLeaderResponses
2019-07-16 14:28:23,391 INFO  segmented.SegmentedRaftLogWorker (SegmentedRaftLogWorker.java:close(228)) - efaf353e-eaea-458e-8009-7c4cd0077a94-SegmentedRaftLogWorker:Storage Directory /workdir/hadoop-ozone/integration-test/target/test-dir/MiniOzoneClusterImpl-47eba09b-2be6-457f-857a-d71b7095d2a5/datanode-4/data/ratis/4d749c79-311c-4324-8e76-5062cad3844b close()
2019-07-16 14:28:23,391 INFO  impl.StateMachineUpdater (StateMachineUpdater.java:stopAndJoin(115)) - StateMachineUpdater:96d6981a-cb83-4f3f-8f2c-51322226cd15:group-3CF269BAC58C: set stopIndex = 0
2019-07-16 14:28:23,411 INFO  impl.RaftServerImpl (RaftServerImpl.java:lambda$shutdown$3(245)) - efaf353e-eaea-458e-8009-7c4cd0077a94: shutdown group-E10C36569E5B
2019-07-16 14:28:23,411 INFO  impl.RaftServerImpl (ServerState.java:close(394)) - 96d6981a-cb83-4f3f-8f2c-51322226cd15:group-3CF269BAC58C closes. The last applied log index is 0
2019-07-16 14:28:23,412 INFO  util.JmxRegister (JmxRegister.java:unregister(73)) - Successfully un-registered JMX Bean with object name Ratis:service=RaftServer,group=group-E10C36569E5B,id=efaf353e-eaea-458e-8009-7c4cd0077a94
2019-07-16 14:28:23,412 INFO  segmented.SegmentedRaftLogWorker (SegmentedRaftLogWorker.java:run(313)) - 96d6981a-cb83-4f3f-8f2c-51322226cd15-SegmentedRaftLogWorker:Storage Directory /workdir/hadoop-ozone/integration-test/target/test-dir/MiniOzoneClusterImpl-47eba09b-2be6-457f-857a-d71b7095d2a5/datanode-1/data/ratis/c3c84dc1-d434-4c90-820c-3cf269bac58c was interrupted, exiting. There are 0 tasks remaining in the queue.
2019-07-16 14:28:23,412 INFO  impl.RoleInfo (RoleInfo.java:shutdownLeaderState(104)) - efaf353e-eaea-458e-8009-7c4cd0077a94: shutdown LeaderState
2019-07-16 14:28:23,415 INFO  segmented.SegmentedRaftLogWorker (SegmentedRaftLogWorker.java:close(228)) - 96d6981a-cb83-4f3f-8f2c-51322226cd15-SegmentedRaftLogWorker:Storage Directory /workdir/hadoop-ozone/integration-test/target/test-dir/MiniOzoneClusterImpl-47eba09b-2be6-457f-857a-d71b7095d2a5/datanode-1/data/ratis/c3c84dc1-d434-4c90-820c-3cf269bac58c close()
2019-07-16 14:28:23,415 INFO  impl.PendingRequests (PendingRequests.java:sendNotLeaderResponses(202)) - efaf353e-eaea-458e-8009-7c4cd0077a94-PendingRequests: sendNotLeaderResponses
2019-07-16 14:28:23,417 INFO  impl.RaftServerImpl (RaftServerImpl.java:lambda$shutdown$3(245)) - 96d6981a-cb83-4f3f-8f2c-51322226cd15: shutdown group-E9E80C8DDAAB
2019-07-16 14:28:23,424 INFO  util.JmxRegister (JmxRegister.java:unregister(73)) - Successfully un-registered JMX Bean with object name Ratis:service=RaftServer,group=group-E9E80C8DDAAB,id=96d6981a-cb83-4f3f-8f2c-51322226cd15
2019-07-16 14:28:23,426 INFO  impl.StateMachineUpdater (StateMachineUpdater.java:stopAndJoin(115)) - StateMachineUpdater:efaf353e-eaea-458e-8009-7c4cd0077a94:group-E10C36569E5B: set stopIndex = 12
2019-07-16 14:28:23,426 INFO  ratis.ContainerStateMachine (ContainerStateMachine.java:takeSnapshot(249)) - group-E10C36569E5B: Taking a snapshot at:(t:1, i:11) file /workdir/hadoop-ozone/integration-test/target/test-dir/MiniOzoneClusterImpl-47eba09b-2be6-457f-857a-d71b7095d2a5/datanode-4/data/ratis/9814621e-25fe-4b46-95ec-e10c36569e5b/sm/snapshot.1_11
2019-07-16 14:28:23,426 INFO  impl.RoleInfo (RoleInfo.java:shutdownFollowerState(121)) - 96d6981a-cb83-4f3f-8f2c-51322226cd15: shutdown FollowerState
2019-07-16 14:28:23,429 INFO  impl.StateMachineUpdater (StateMachineUpdater.java:stopAndJoin(115)) - StateMachineUpdater:96d6981a-cb83-4f3f-8f2c-51322226cd15:group-E9E80C8DDAAB: set stopIndex = 0
2019-07-16 14:28:23,431 INFO  ratis.ContainerStateMachine (ContainerStateMachine.java:takeSnapshot(257)) - group-E10C36569E5B: Finished taking a snapshot at:(t:1, i:11) file:/workdir/hadoop-ozone/integration-test/target/test-dir/MiniOzoneClusterImpl-47eba09b-2be6-457f-857a-d71b7095d2a5/datanode-4/data/ratis/9814621e-25fe-4b46-95ec-e10c36569e5b/sm/snapshot.1_11 time:6
2019-07-16 14:28:23,431 INFO  impl.StateMachineUpdater (StateMachineUpdater.java:takeSnapshot(242)) - StateMachineUpdater:efaf353e-eaea-458e-8009-7c4cd0077a94:group-E10C36569E5B: Took a snapshot at index 11
2019-07-16 14:28:23,429 INFO  impl.FollowerState (FollowerState.java:run(114)) - 96d6981a-cb83-4f3f-8f2c-51322226cd15: FollowerState was interrupted: java.lang.InterruptedException: sleep interrupted
2019-07-16 14:28:23,432 INFO  impl.StateMachineUpdater (StateMachineUpdater.java:lambda$new$0(80)) - StateMachineUpdater:efaf353e-eaea-458e-8009-7c4cd0077a94:group-E10C36569E5B: snapshotIndex: updateIncreasingly -1 -> 11
2019-07-16 14:28:23,431 INFO  impl.RaftServerImpl (ServerState.java:close(394)) - 96d6981a-cb83-4f3f-8f2c-51322226cd15:group-E9E80C8DDAAB closes. The last applied log index is 0
2019-07-16 14:28:23,432 INFO  impl.RaftServerImpl (ServerState.java:close(394)) - efaf353e-eaea-458e-8009-7c4cd0077a94:group-E10C36569E5B closes. The last applied log index is 12
2019-07-16 14:28:23,432 INFO  segmented.SegmentedRaftLogWorker (SegmentedRaftLogWorker.java:run(313)) - 96d6981a-cb83-4f3f-8f2c-51322226cd15-SegmentedRaftLogWorker:Storage Directory /workdir/hadoop-ozone/integration-test/target/test-dir/MiniOzoneClusterImpl-47eba09b-2be6-457f-857a-d71b7095d2a5/datanode-1/data/ratis/32f8785e-f5c9-449d-8836-e9e80c8ddaab was interrupted, exiting. There are 0 tasks remaining in the queue.
2019-07-16 14:28:23,433 INFO  segmented.SegmentedRaftLogWorker (SegmentedRaftLogWorker.java:run(313)) - efaf353e-eaea-458e-8009-7c4cd0077a94-SegmentedRaftLogWorker:Storage Directory /workdir/hadoop-ozone/integration-test/target/test-dir/MiniOzoneClusterImpl-47eba09b-2be6-457f-857a-d71b7095d2a5/datanode-4/data/ratis/9814621e-25fe-4b46-95ec-e10c36569e5b was interrupted, exiting. There are 0 tasks remaining in the queue.
2019-07-16 14:28:23,435 INFO  segmented.SegmentedRaftLogWorker (SegmentedRaftLogWorker.java:close(228)) - 96d6981a-cb83-4f3f-8f2c-51322226cd15-SegmentedRaftLogWorker:Storage Directory /workdir/hadoop-ozone/integration-test/target/test-dir/MiniOzoneClusterImpl-47eba09b-2be6-457f-857a-d71b7095d2a5/datanode-1/data/ratis/32f8785e-f5c9-449d-8836-e9e80c8ddaab close()
2019-07-16 14:28:23,437 INFO  segmented.SegmentedRaftLogWorker (SegmentedRaftLogWorker.java:close(228)) - efaf353e-eaea-458e-8009-7c4cd0077a94-SegmentedRaftLogWorker:Storage Directory /workdir/hadoop-ozone/integration-test/target/test-dir/MiniOzoneClusterImpl-47eba09b-2be6-457f-857a-d71b7095d2a5/datanode-4/data/ratis/9814621e-25fe-4b46-95ec-e10c36569e5b close()
2019-07-16 14:28:23,439 INFO  server.GrpcService (GrpcService.java:closeImpl(155)) - 96d6981a-cb83-4f3f-8f2c-51322226cd15: shutdown server with port 34371 now
2019-07-16 14:28:23,441 INFO  server.GrpcService (GrpcService.java:closeImpl(155)) - efaf353e-eaea-458e-8009-7c4cd0077a94: shutdown server with port 34039 now
2019-07-16 14:28:23,442 WARN  server.GrpcServerProtocolService (LogUtils.java:warn(134)) - 96d6981a-cb83-4f3f-8f2c-51322226cd15: appendEntries onError: org.apache.ratis.thirdparty.io.grpc.StatusRuntimeException: CANCELLED: cancelled before receiving half close
2019-07-16 14:28:23,442 INFO  server.GrpcService (GrpcService.java:closeImpl(163)) - 96d6981a-cb83-4f3f-8f2c-51322226cd15: shutdown server with port 34371 successfully
2019-07-16 14:28:23,442 WARN  server.GrpcServerProtocolService (LogUtils.java:warn(134)) - efaf353e-eaea-458e-8009-7c4cd0077a94: appendEntries onError: org.apache.ratis.thirdparty.io.grpc.StatusRuntimeException: CANCELLED: cancelled before receiving half close
2019-07-16 14:28:23,442 WARN  server.GrpcLogAppender (LogUtils.java:warn(134)) - 822d12d0-a580-4996-8ec7-c93d7888a365->96d6981a-cb83-4f3f-8f2c-51322226cd15: Failed appendEntries: org.apache.ratis.thirdparty.io.grpc.StatusRuntimeException: CANCELLED: HTTP/2 error code: CANCEL
Received Rst Stream
2019-07-16 14:28:23,443 INFO  server.GrpcService (GrpcService.java:closeImpl(163)) - efaf353e-eaea-458e-8009-7c4cd0077a94: shutdown server with port 34039 successfully
2019-07-16 14:28:23,443 INFO  utils.BackgroundService (BackgroundService.java:shutdown(148)) - Shutting down service BlockDeletingService
2019-07-16 14:28:23,443 INFO  impl.FollowerInfo (FollowerInfo.java:lambda$new$0(50)) - 822d12d0-a580-4996-8ec7-c93d7888a365->96d6981a-cb83-4f3f-8f2c-51322226cd15: nextIndex: updateUnconditionally 1 -> 0
2019-07-16 14:28:23,443 WARN  server.GrpcLogAppender (LogUtils.java:warn(134)) - f93880e5-2c41-4a96-82e8-5ec76e61477c->efaf353e-eaea-458e-8009-7c4cd0077a94: Failed appendEntries: org.apache.ratis.thirdparty.io.grpc.StatusRuntimeException: CANCELLED: HTTP/2 error code: CANCEL
Received Rst Stream
2019-07-16 14:28:23,444 INFO  impl.FollowerInfo (FollowerInfo.java:lambda$new$0(50)) - f93880e5-2c41-4a96-82e8-5ec76e61477c->efaf353e-eaea-458e-8009-7c4cd0077a94: nextIndex: updateUnconditionally 1 -> 0
2019-07-16 14:28:23,445 WARN  fs.CachingGetSpaceUsed (CachingGetSpaceUsed.java:run(183)) - Thread Interrupted waiting to refresh disk information: sleep interrupted
2019-07-16 14:28:23,445 INFO  utils.BackgroundService (BackgroundService.java:shutdown(148)) - Shutting down service BlockDeletingService
2019-07-16 14:28:23,447 WARN  fs.CachingGetSpaceUsed (CachingGetSpaceUsed.java:run(183)) - Thread Interrupted waiting to refresh disk information: sleep interrupted
2019-07-16 14:28:23,470 INFO  statemachine.DatanodeStateMachine (DatanodeStateMachine.java:stopDaemon(395)) - Ozone container server stopped.
2019-07-16 14:28:23,471 INFO  statemachine.DatanodeStateMachine (DatanodeStateMachine.java:stopDaemon(395)) - Ozone container server stopped.
2019-07-16 14:28:23,488 INFO  handler.ContextHandler (ContextHandler.java:doStop(910)) - Stopped o.e.j.w.WebAppContext@444ebefd{/,null,UNAVAILABLE}{/hddsDatanode}
2019-07-16 14:28:23,488 INFO  handler.ContextHandler (ContextHandler.java:doStop(910)) - Stopped o.e.j.w.WebAppContext@6d5fea64{/,null,UNAVAILABLE}{/hddsDatanode}
2019-07-16 14:28:23,489 INFO  server.AbstractConnector (AbstractConnector.java:doStop(318)) - Stopped ServerConnector@2ecf4b3e{HTTP/1.1,[http/1.1]}{0.0.0.0:0}
2019-07-16 14:28:23,491 INFO  handler.ContextHandler (ContextHandler.java:doStop(910)) - Stopped o.e.j.s.ServletContextHandler@19b8f1bd{/static,jar:file:/home/user/.m2/repository/org/apache/hadoop/hadoop-hdds-container-service/0.5.0-SNAPSHOT/hadoop-hdds-container-service-0.5.0-SNAPSHOT.jar!/webapps/static,UNAVAILABLE}
2019-07-16 14:28:23,491 INFO  server.AbstractConnector (AbstractConnector.java:doStop(318)) - Stopped ServerConnector@4a7427f9{HTTP/1.1,[http/1.1]}{0.0.0.0:0}
2019-07-16 14:28:23,492 INFO  handler.ContextHandler (ContextHandler.java:doStop(910)) - Stopped o.e.j.s.ServletContextHandler@2e4d252{/logs,file:///workdir/hadoop-ozone/integration-test/target/log,UNAVAILABLE}
2019-07-16 14:28:23,493 INFO  handler.ContextHandler (ContextHandler.java:doStop(910)) - Stopped o.e.j.s.ServletContextHandler@3a678e40{/static,jar:file:/home/user/.m2/repository/org/apache/hadoop/hadoop-hdds-container-service/0.5.0-SNAPSHOT/hadoop-hdds-container-service-0.5.0-SNAPSHOT.jar!/webapps/static,UNAVAILABLE}
2019-07-16 14:28:23,494 INFO  handler.ContextHandler (ContextHandler.java:doStop(910)) - Stopped o.e.j.s.ServletContextHandler@6a9f8c2f{/logs,file:///workdir/hadoop-ozone/integration-test/target/log,UNAVAILABLE}
2019-07-16 14:28:23,494 INFO  datanode.ObjectStoreHandler (ObjectStoreHandler.java:close(155)) - Closing ObjectStoreHandler.
2019-07-16 14:28:23,494 INFO  ozone.HddsDatanodeService (HddsDatanodeService.java:stop(452)) - Stopped plug-in org.apache.hadoop.ozone.web.OzoneHddsDatanodeService@2a4f1bc5
2019-07-16 14:28:23,495 INFO  datanode.ObjectStoreHandler (ObjectStoreHandler.java:close(155)) - Closing ObjectStoreHandler.
2019-07-16 14:28:23,495 INFO  ozone.HddsDatanodeService (HddsDatanodeService.java:stop(452)) - Stopped plug-in org.apache.hadoop.ozone.web.OzoneHddsDatanodeService@40625ac6
2019-07-16 14:28:23,988 INFO  statemachine.DatanodeStateMachine (DatanodeStateMachine.java:lambda$startDaemon$0(350)) - Ozone container server started.
2019-07-16 14:28:24,150 INFO  statemachine.DatanodeStateMachine (DatanodeStateMachine.java:lambda$startDaemon$0(350)) - Ozone container server started.
2019-07-16 14:28:25,342 WARN  server.GrpcLogAppender (LogUtils.java:warn(134)) - 822d12d0-a580-4996-8ec7-c93d7888a365->96d6981a-cb83-4f3f-8f2c-51322226cd15: Failed appendEntries: org.apache.ratis.thirdparty.io.grpc.StatusRuntimeException: UNAVAILABLE: io exception
2019-07-16 14:28:25,343 INFO  impl.FollowerInfo (FollowerInfo.java:lambda$new$0(50)) - 822d12d0-a580-4996-8ec7-c93d7888a365->96d6981a-cb83-4f3f-8f2c-51322226cd15: nextIndex: updateUnconditionally 0 -> 0
2019-07-16 14:28:25,804 WARN  server.GrpcLogAppender (LogUtils.java:warn(134)) - f93880e5-2c41-4a96-82e8-5ec76e61477c->efaf353e-eaea-458e-8009-7c4cd0077a94: Failed appendEntries: org.apache.ratis.thirdparty.io.grpc.StatusRuntimeException: UNAVAILABLE: io exception
2019-07-16 14:28:25,804 INFO  impl.FollowerInfo (FollowerInfo.java:lambda$new$0(50)) - f93880e5-2c41-4a96-82e8-5ec76e61477c->efaf353e-eaea-458e-8009-7c4cd0077a94: nextIndex: updateUnconditionally 0 -> 0
2019-07-16 14:28:27,843 WARN  server.GrpcLogAppender (LogUtils.java:warn(134)) - 822d12d0-a580-4996-8ec7-c93d7888a365->96d6981a-cb83-4f3f-8f2c-51322226cd15: Failed appendEntries: org.apache.ratis.thirdparty.io.grpc.StatusRuntimeException: UNAVAILABLE: io exception
2019-07-16 14:28:27,844 INFO  impl.FollowerInfo (FollowerInfo.java:lambda$new$0(50)) - 822d12d0-a580-4996-8ec7-c93d7888a365->96d6981a-cb83-4f3f-8f2c-51322226cd15: nextIndex: updateUnconditionally 0 -> 0
2019-07-16 14:28:27,991 INFO  node.StaleNodeHandler (StaleNodeHandler.java:onMessage(58)) - Datanode 822d12d0-a580-4996-8ec7-c93d7888a365{ip: 192.168.157.241, host: trunk-nightly-gllmw-2332419065, networkLocation: /default-rack, certSerialId: null} moved to stale state. Finalizing its pipelines [PipelineID=66ce1fff-2171-4bcc-8459-b0b8f795467e, PipelineID=32f8785e-f5c9-449d-8836-e9e80c8ddaab]
2019-07-16 14:28:27,991 INFO  pipeline.SCMPipelineManager (SCMPipelineManager.java:finalizeAndDestroyPipeline(309)) - destroying pipeline:Pipeline[ Id: 66ce1fff-2171-4bcc-8459-b0b8f795467e, Nodes: 822d12d0-a580-4996-8ec7-c93d7888a365{ip: 192.168.157.241, host: trunk-nightly-gllmw-2332419065, networkLocation: /default-rack, certSerialId: null}, Type:RATIS, Factor:ONE, State:OPEN]
2019-07-16 14:28:27,991 INFO  pipeline.PipelineStateManager (PipelineStateManager.java:finalizePipeline(123)) - Pipeline Pipeline[ Id: 66ce1fff-2171-4bcc-8459-b0b8f795467e, Nodes: 822d12d0-a580-4996-8ec7-c93d7888a365{ip: 192.168.157.241, host: trunk-nightly-gllmw-2332419065, networkLocation: /default-rack, certSerialId: null}, Type:RATIS, Factor:ONE, State:CLOSED] moved to CLOSED state
2019-07-16 14:28:27,991 INFO  pipeline.SCMPipelineManager (SCMPipelineManager.java:finalizeAndDestroyPipeline(309)) - destroying pipeline:Pipeline[ Id: 32f8785e-f5c9-449d-8836-e9e80c8ddaab, Nodes: aad6b064-f151-4eda-abe9-c978e9a928da{ip: 192.168.157.241, host: trunk-nightly-gllmw-2332419065, networkLocation: /default-rack, certSerialId: null}822d12d0-a580-4996-8ec7-c93d7888a365{ip: 192.168.157.241, host: trunk-nightly-gllmw-2332419065, networkLocation: /default-rack, certSerialId: null}96d6981a-cb83-4f3f-8f2c-51322226cd15{ip: 192.168.157.241, host: trunk-nightly-gllmw-2332419065, networkLocation: /default-rack, certSerialId: null}, Type:RATIS, Factor:THREE, State:CLOSED]
2019-07-16 14:28:28,191 INFO  node.StaleNodeHandler (StaleNodeHandler.java:onMessage(58)) - Datanode df1019c7-ec98-47c3-b032-e1f03aacc305{ip: 192.168.157.241, host: trunk-nightly-gllmw-2332419065, networkLocation: /default-rack, certSerialId: null} moved to stale state. Finalizing its pipelines [PipelineID=e649e0f3-09fb-44c8-b1c1-66a37988e187, PipelineID=4d749c79-311c-4324-8e76-5062cad3844b]
2019-07-16 14:28:28,191 INFO  pipeline.SCMPipelineManager (SCMPipelineManager.java:finalizeAndDestroyPipeline(309)) - destroying pipeline:Pipeline[ Id: e649e0f3-09fb-44c8-b1c1-66a37988e187, Nodes: df1019c7-ec98-47c3-b032-e1f03aacc305{ip: 192.168.157.241, host: trunk-nightly-gllmw-2332419065, networkLocation: /default-rack, certSerialId: null}, Type:RATIS, Factor:ONE, State:OPEN]
2019-07-16 14:28:28,191 INFO  pipeline.PipelineStateManager (PipelineStateManager.java:finalizePipeline(123)) - Pipeline Pipeline[ Id: e649e0f3-09fb-44c8-b1c1-66a37988e187, Nodes: df1019c7-ec98-47c3-b032-e1f03aacc305{ip: 192.168.157.241, host: trunk-nightly-gllmw-2332419065, networkLocation: /default-rack, certSerialId: null}, Type:RATIS, Factor:ONE, State:CLOSED] moved to CLOSED state
2019-07-16 14:28:28,192 INFO  pipeline.SCMPipelineManager (SCMPipelineManager.java:finalizeAndDestroyPipeline(309)) - destroying pipeline:Pipeline[ Id: 4d749c79-311c-4324-8e76-5062cad3844b, Nodes: efaf353e-eaea-458e-8009-7c4cd0077a94{ip: 192.168.157.241, host: trunk-nightly-gllmw-2332419065, networkLocation: /default-rack, certSerialId: null}df1019c7-ec98-47c3-b032-e1f03aacc305{ip: 192.168.157.241, host: trunk-nightly-gllmw-2332419065, networkLocation: /default-rack, certSerialId: null}f93880e5-2c41-4a96-82e8-5ec76e61477c{ip: 192.168.157.241, host: trunk-nightly-gllmw-2332419065, networkLocation: /default-rack, certSerialId: null}, Type:RATIS, Factor:THREE, State:CLOSED]
2019-07-16 14:28:28,305 WARN  server.GrpcLogAppender (LogUtils.java:warn(134)) - f93880e5-2c41-4a96-82e8-5ec76e61477c->efaf353e-eaea-458e-8009-7c4cd0077a94: Failed appendEntries: org.apache.ratis.thirdparty.io.grpc.StatusRuntimeException: UNAVAILABLE: io exception
2019-07-16 14:28:28,305 INFO  impl.FollowerInfo (FollowerInfo.java:lambda$new$0(50)) - f93880e5-2c41-4a96-82e8-5ec76e61477c->efaf353e-eaea-458e-8009-7c4cd0077a94: nextIndex: updateUnconditionally 0 -> 0
2019-07-16 14:28:28,495 INFO  ozoneimpl.OzoneContainer (OzoneContainer.java:stop(199)) - Attempting to stop container services.
2019-07-16 14:28:28,496 INFO  impl.RaftServerProxy (RaftServerProxy.java:lambda$close$4(314)) - 822d12d0-a580-4996-8ec7-c93d7888a365: close
2019-07-16 14:28:28,496 INFO  ozoneimpl.OzoneContainer (OzoneContainer.java:stop(199)) - Attempting to stop container services.
2019-07-16 14:28:28,496 INFO  impl.RaftServerImpl (RaftServerImpl.java:lambda$shutdown$3(245)) - 822d12d0-a580-4996-8ec7-c93d7888a365: shutdown group-B0B8F795467E
2019-07-16 14:28:28,497 INFO  impl.RaftServerProxy (RaftServerProxy.java:lambda$close$4(314)) - df1019c7-ec98-47c3-b032-e1f03aacc305: close
2019-07-16 14:28:28,497 INFO  util.JmxRegister (JmxRegister.java:unregister(73)) - Successfully un-registered JMX Bean with object name Ratis:service=RaftServer,group=group-B0B8F795467E,id=822d12d0-a580-4996-8ec7-c93d7888a365
2019-07-16 14:28:28,497 INFO  impl.RaftServerImpl (RaftServerImpl.java:lambda$shutdown$3(245)) - df1019c7-ec98-47c3-b032-e1f03aacc305: shutdown group-66A37988E187
2019-07-16 14:28:28,498 INFO  impl.RoleInfo (RoleInfo.java:shutdownLeaderState(104)) - 822d12d0-a580-4996-8ec7-c93d7888a365: shutdown LeaderState
2019-07-16 14:28:28,498 INFO  util.JmxRegister (JmxRegister.java:unregister(73)) - Successfully un-registered JMX Bean with object name Ratis:service=RaftServer,group=group-66A37988E187,id=df1019c7-ec98-47c3-b032-e1f03aacc305
2019-07-16 14:28:28,499 INFO  impl.RoleInfo (RoleInfo.java:shutdownLeaderState(104)) - df1019c7-ec98-47c3-b032-e1f03aacc305: shutdown LeaderState
2019-07-16 14:28:28,498 INFO  impl.PendingRequests (PendingRequests.java:sendNotLeaderResponses(202)) - 822d12d0-a580-4996-8ec7-c93d7888a365-PendingRequests: sendNotLeaderResponses
2019-07-16 14:28:28,499 INFO  impl.PendingRequests (PendingRequests.java:sendNotLeaderResponses(202)) - df1019c7-ec98-47c3-b032-e1f03aacc305-PendingRequests: sendNotLeaderResponses
2019-07-16 14:28:28,500 INFO  impl.StateMachineUpdater (StateMachineUpdater.java:stopAndJoin(115)) - StateMachineUpdater:822d12d0-a580-4996-8ec7-c93d7888a365:group-B0B8F795467E: set stopIndex = 0
2019-07-16 14:28:28,504 INFO  impl.RaftServerImpl (ServerState.java:close(394)) - 822d12d0-a580-4996-8ec7-c93d7888a365:group-B0B8F795467E closes. The last applied log index is 0
2019-07-16 14:28:28,502 INFO  impl.StateMachineUpdater (StateMachineUpdater.java:stopAndJoin(115)) - StateMachineUpdater:df1019c7-ec98-47c3-b032-e1f03aacc305:group-66A37988E187: set stopIndex = 0
2019-07-16 14:28:28,505 INFO  impl.RaftServerImpl (ServerState.java:close(394)) - df1019c7-ec98-47c3-b032-e1f03aacc305:group-66A37988E187 closes. The last applied log index is 0
2019-07-16 14:28:28,505 INFO  segmented.SegmentedRaftLogWorker (SegmentedRaftLogWorker.java:run(313)) - 822d12d0-a580-4996-8ec7-c93d7888a365-SegmentedRaftLogWorker:Storage Directory /workdir/hadoop-ozone/integration-test/target/test-dir/MiniOzoneClusterImpl-47eba09b-2be6-457f-857a-d71b7095d2a5/datanode-2/data/ratis/66ce1fff-2171-4bcc-8459-b0b8f795467e was interrupted, exiting. There are 0 tasks remaining in the queue.
2019-07-16 14:28:28,506 INFO  segmented.SegmentedRaftLogWorker (SegmentedRaftLogWorker.java:run(313)) - df1019c7-ec98-47c3-b032-e1f03aacc305-SegmentedRaftLogWorker:Storage Directory /workdir/hadoop-ozone/integration-test/target/test-dir/MiniOzoneClusterImpl-47eba09b-2be6-457f-857a-d71b7095d2a5/datanode-3/data/ratis/e649e0f3-09fb-44c8-b1c1-66a37988e187 was interrupted, exiting. There are 0 tasks remaining in the queue.
2019-07-16 14:28:28,510 INFO  segmented.SegmentedRaftLogWorker (SegmentedRaftLogWorker.java:close(228)) - 822d12d0-a580-4996-8ec7-c93d7888a365-SegmentedRaftLogWorker:Storage Directory /workdir/hadoop-ozone/integration-test/target/test-dir/MiniOzoneClusterImpl-47eba09b-2be6-457f-857a-d71b7095d2a5/datanode-2/data/ratis/66ce1fff-2171-4bcc-8459-b0b8f795467e close()
2019-07-16 14:28:28,512 INFO  impl.RaftServerImpl (RaftServerImpl.java:lambda$shutdown$3(245)) - 822d12d0-a580-4996-8ec7-c93d7888a365: shutdown group-E9E80C8DDAAB
2019-07-16 14:28:28,512 INFO  util.JmxRegister (JmxRegister.java:unregister(73)) - Successfully un-registered JMX Bean with object name Ratis:service=RaftServer,group=group-E9E80C8DDAAB,id=822d12d0-a580-4996-8ec7-c93d7888a365
2019-07-16 14:28:28,512 INFO  impl.RoleInfo (RoleInfo.java:shutdownLeaderState(104)) - 822d12d0-a580-4996-8ec7-c93d7888a365: shutdown LeaderState
2019-07-16 14:28:28,516 WARN  server.GrpcLogAppender (GrpcLogAppender.java:mayWait(143)) - GrpcLogAppender(822d12d0-a580-4996-8ec7-c93d7888a365->96d6981a-cb83-4f3f-8f2c-51322226cd15): Wait interrupted by java.lang.InterruptedException
2019-07-16 14:28:28,516 WARN  server.GrpcLogAppender (GrpcLogAppender.java:mayWait(143)) - GrpcLogAppender(822d12d0-a580-4996-8ec7-c93d7888a365->aad6b064-f151-4eda-abe9-c978e9a928da): Wait interrupted by java.lang.InterruptedException
2019-07-16 14:28:28,516 INFO  impl.PendingRequests (PendingRequests.java:sendNotLeaderResponses(202)) - 822d12d0-a580-4996-8ec7-c93d7888a365-PendingRequests: sendNotLeaderResponses
2019-07-16 14:28:28,520 INFO  segmented.SegmentedRaftLogWorker (SegmentedRaftLogWorker.java:close(228)) - df1019c7-ec98-47c3-b032-e1f03aacc305-SegmentedRaftLogWorker:Storage Directory /workdir/hadoop-ozone/integration-test/target/test-dir/MiniOzoneClusterImpl-47eba09b-2be6-457f-857a-d71b7095d2a5/datanode-3/data/ratis/e649e0f3-09fb-44c8-b1c1-66a37988e187 close()
2019-07-16 14:28:28,520 INFO  impl.StateMachineUpdater (StateMachineUpdater.java:stopAndJoin(115)) - StateMachineUpdater:822d12d0-a580-4996-8ec7-c93d7888a365:group-E9E80C8DDAAB: set stopIndex = 0
2019-07-16 14:28:28,525 INFO  impl.RaftServerImpl (ServerState.java:close(394)) - 822d12d0-a580-4996-8ec7-c93d7888a365:group-E9E80C8DDAAB closes. The last applied log index is 0
2019-07-16 14:28:28,520 INFO  server.GrpcServerProtocolService (GrpcServerProtocolService.java:onCompleted(104)) - aad6b064-f151-4eda-abe9-c978e9a928da: appendEntries completed
2019-07-16 14:28:28,525 INFO  segmented.SegmentedRaftLogWorker (SegmentedRaftLogWorker.java:run(313)) - 822d12d0-a580-4996-8ec7-c93d7888a365-SegmentedRaftLogWorker:Storage Directory /workdir/hadoop-ozone/integration-test/target/test-dir/MiniOzoneClusterImpl-47eba09b-2be6-457f-857a-d71b7095d2a5/datanode-2/data/ratis/32f8785e-f5c9-449d-8836-e9e80c8ddaab was interrupted, exiting. There are 0 tasks remaining in the queue.
2019-07-16 14:28:28,524 INFO  impl.RaftServerImpl (RaftServerImpl.java:lambda$shutdown$3(245)) - df1019c7-ec98-47c3-b032-e1f03aacc305: shutdown group-5062CAD3844B
2019-07-16 14:28:28,528 INFO  server.GrpcLogAppender (GrpcLogAppender.java:onCompleted(292)) - 822d12d0-a580-4996-8ec7-c93d7888a365->aad6b064-f151-4eda-abe9-c978e9a928da: follower responses appendEntries COMPLETED
2019-07-16 14:28:28,527 INFO  segmented.SegmentedRaftLogWorker (SegmentedRaftLogWorker.java:close(228)) - 822d12d0-a580-4996-8ec7-c93d7888a365-SegmentedRaftLogWorker:Storage Directory /workdir/hadoop-ozone/integration-test/target/test-dir/MiniOzoneClusterImpl-47eba09b-2be6-457f-857a-d71b7095d2a5/datanode-2/data/ratis/32f8785e-f5c9-449d-8836-e9e80c8ddaab close()
2019-07-16 14:28:28,528 INFO  impl.FollowerInfo (FollowerInfo.java:lambda$new$0(50)) - 822d12d0-a580-4996-8ec7-c93d7888a365->aad6b064-f151-4eda-abe9-c978e9a928da: nextIndex: updateUnconditionally 1 -> 0
2019-07-16 14:28:28,528 INFO  util.JmxRegister (JmxRegister.java:unregister(73)) - Successfully un-registered JMX Bean with object name Ratis:service=RaftServer,group=group-5062CAD3844B,id=df1019c7-ec98-47c3-b032-e1f03aacc305
2019-07-16 14:28:28,531 INFO  impl.RoleInfo (RoleInfo.java:shutdownFollowerState(121)) - df1019c7-ec98-47c3-b032-e1f03aacc305: shutdown FollowerState
2019-07-16 14:28:28,530 INFO  server.GrpcService (GrpcService.java:closeImpl(155)) - 822d12d0-a580-4996-8ec7-c93d7888a365: shutdown server with port 42779 now
2019-07-16 14:28:28,531 INFO  impl.FollowerState (FollowerState.java:run(114)) - df1019c7-ec98-47c3-b032-e1f03aacc305: FollowerState was interrupted: java.lang.InterruptedException: sleep interrupted
2019-07-16 14:28:28,531 INFO  impl.StateMachineUpdater (StateMachineUpdater.java:stopAndJoin(115)) - StateMachineUpdater:df1019c7-ec98-47c3-b032-e1f03aacc305:group-5062CAD3844B: set stopIndex = 0
2019-07-16 14:28:28,535 INFO  server.GrpcService (GrpcService.java:closeImpl(163)) - 822d12d0-a580-4996-8ec7-c93d7888a365: shutdown server with port 42779 successfully
2019-07-16 14:28:28,536 INFO  impl.RaftServerImpl (ServerState.java:close(394)) - df1019c7-ec98-47c3-b032-e1f03aacc305:group-5062CAD3844B closes. The last applied log index is 0
2019-07-16 14:28:28,536 INFO  segmented.SegmentedRaftLogWorker (SegmentedRaftLogWorker.java:run(313)) - df1019c7-ec98-47c3-b032-e1f03aacc305-SegmentedRaftLogWorker:Storage Directory /workdir/hadoop-ozone/integration-test/target/test-dir/MiniOzoneClusterImpl-47eba09b-2be6-457f-857a-d71b7095d2a5/datanode-3/data/ratis/4d749c79-311c-4324-8e76-5062cad3844b was interrupted, exiting. There are 0 tasks remaining in the queue.
2019-07-16 14:28:28,537 INFO  utils.BackgroundService (BackgroundService.java:shutdown(148)) - Shutting down service BlockDeletingService
2019-07-16 14:28:28,539 INFO  segmented.SegmentedRaftLogWorker (SegmentedRaftLogWorker.java:close(228)) - df1019c7-ec98-47c3-b032-e1f03aacc305-SegmentedRaftLogWorker:Storage Directory /workdir/hadoop-ozone/integration-test/target/test-dir/MiniOzoneClusterImpl-47eba09b-2be6-457f-857a-d71b7095d2a5/datanode-3/data/ratis/4d749c79-311c-4324-8e76-5062cad3844b close()
2019-07-16 14:28:28,541 INFO  server.GrpcService (GrpcService.java:closeImpl(155)) - df1019c7-ec98-47c3-b032-e1f03aacc305: shutdown server with port 34549 now
2019-07-16 14:28:28,541 WARN  fs.CachingGetSpaceUsed (CachingGetSpaceUsed.java:run(183)) - Thread Interrupted waiting to refresh disk information: sleep interrupted
2019-07-16 14:28:28,542 WARN  server.GrpcServerProtocolService (LogUtils.java:warn(134)) - df1019c7-ec98-47c3-b032-e1f03aacc305: appendEntries onError: org.apache.ratis.thirdparty.io.grpc.StatusRuntimeException: CANCELLED: cancelled before receiving half close
2019-07-16 14:28:28,542 INFO  server.GrpcService (GrpcService.java:closeImpl(163)) - df1019c7-ec98-47c3-b032-e1f03aacc305: shutdown server with port 34549 successfully
2019-07-16 14:28:28,543 WARN  server.GrpcLogAppender (LogUtils.java:warn(134)) - f93880e5-2c41-4a96-82e8-5ec76e61477c->df1019c7-ec98-47c3-b032-e1f03aacc305: Failed appendEntries: org.apache.ratis.thirdparty.io.grpc.StatusRuntimeException: CANCELLED: HTTP/2 error code: CANCEL
Received Rst Stream
2019-07-16 14:28:28,543 INFO  impl.FollowerInfo (FollowerInfo.java:lambda$new$0(50)) - f93880e5-2c41-4a96-82e8-5ec76e61477c->df1019c7-ec98-47c3-b032-e1f03aacc305: nextIndex: updateUnconditionally 1 -> 0
2019-07-16 14:28:28,547 INFO  utils.BackgroundService (BackgroundService.java:shutdown(148)) - Shutting down service BlockDeletingService
2019-07-16 14:28:28,548 WARN  fs.CachingGetSpaceUsed (CachingGetSpaceUsed.java:run(183)) - Thread Interrupted waiting to refresh disk information: sleep interrupted
2019-07-16 14:28:28,562 INFO  statemachine.DatanodeStateMachine (DatanodeStateMachine.java:stopDaemon(395)) - Ozone container server stopped.
2019-07-16 14:28:28,573 INFO  statemachine.DatanodeStateMachine (DatanodeStateMachine.java:stopDaemon(395)) - Ozone container server stopped.
2019-07-16 14:28:28,577 INFO  handler.ContextHandler (ContextHandler.java:doStop(910)) - Stopped o.e.j.w.WebAppContext@6f30d0eb{/,null,UNAVAILABLE}{/hddsDatanode}
2019-07-16 14:28:28,578 INFO  handler.ContextHandler (ContextHandler.java:doStop(910)) - Stopped o.e.j.w.WebAppContext@5625ba2{/,null,UNAVAILABLE}{/hddsDatanode}
2019-07-16 14:28:28,578 INFO  server.AbstractConnector (AbstractConnector.java:doStop(318)) - Stopped ServerConnector@22fe90df{HTTP/1.1,[http/1.1]}{0.0.0.0:0}
2019-07-16 14:28:28,580 INFO  handler.ContextHandler (ContextHandler.java:doStop(910)) - Stopped o.e.j.s.ServletContextHandler@61c4fc34{/static,jar:file:/home/user/.m2/repository/org/apache/hadoop/hadoop-hdds-container-service/0.5.0-SNAPSHOT/hadoop-hdds-container-service-0.5.0-SNAPSHOT.jar!/webapps/static,UNAVAILABLE}
2019-07-16 14:28:28,580 INFO  server.AbstractConnector (AbstractConnector.java:doStop(318)) - Stopped ServerConnector@47bbf44d{HTTP/1.1,[http/1.1]}{0.0.0.0:0}
2019-07-16 14:28:28,581 INFO  handler.ContextHandler (ContextHandler.java:doStop(910)) - Stopped o.e.j.s.ServletContextHandler@1c15a6aa{/logs,file:///workdir/hadoop-ozone/integration-test/target/log,UNAVAILABLE}
2019-07-16 14:28:28,582 INFO  handler.ContextHandler (ContextHandler.java:doStop(910)) - Stopped o.e.j.s.ServletContextHandler@9d2c0ed{/static,jar:file:/home/user/.m2/repository/org/apache/hadoop/hadoop-hdds-container-service/0.5.0-SNAPSHOT/hadoop-hdds-container-service-0.5.0-SNAPSHOT.jar!/webapps/static,UNAVAILABLE}
2019-07-16 14:28:28,582 INFO  datanode.ObjectStoreHandler (ObjectStoreHandler.java:close(155)) - Closing ObjectStoreHandler.
2019-07-16 14:28:28,583 INFO  handler.ContextHandler (ContextHandler.java:doStop(910)) - Stopped o.e.j.s.ServletContextHandler@20fdaf3e{/logs,file:///workdir/hadoop-ozone/integration-test/target/log,UNAVAILABLE}
2019-07-16 14:28:28,583 INFO  ozone.HddsDatanodeService (HddsDatanodeService.java:stop(452)) - Stopped plug-in org.apache.hadoop.ozone.web.OzoneHddsDatanodeService@47bfde21
2019-07-16 14:28:28,584 INFO  datanode.ObjectStoreHandler (ObjectStoreHandler.java:close(155)) - Closing ObjectStoreHandler.
2019-07-16 14:28:28,584 INFO  ozone.HddsDatanodeService (HddsDatanodeService.java:stop(452)) - Stopped plug-in org.apache.hadoop.ozone.web.OzoneHddsDatanodeService@ee7a538
2019-07-16 14:28:28,661 INFO  statemachine.DatanodeStateMachine (DatanodeStateMachine.java:lambda$startDaemon$0(350)) - Ozone container server started.
2019-07-16 14:28:28,728 INFO  statemachine.DatanodeStateMachine (DatanodeStateMachine.java:lambda$startDaemon$0(350)) - Ozone container server started.
2019-07-16 14:28:30,807 WARN  server.GrpcLogAppender (LogUtils.java:warn(134)) - f93880e5-2c41-4a96-82e8-5ec76e61477c->efaf353e-eaea-458e-8009-7c4cd0077a94: Failed appendEntries: org.apache.ratis.thirdparty.io.grpc.StatusRuntimeException: UNAVAILABLE: io exception
2019-07-16 14:28:30,807 INFO  impl.FollowerInfo (FollowerInfo.java:lambda$new$0(50)) - f93880e5-2c41-4a96-82e8-5ec76e61477c->efaf353e-eaea-458e-8009-7c4cd0077a94: nextIndex: updateUnconditionally 0 -> 0
2019-07-16 14:28:30,808 WARN  server.GrpcLogAppender (LogUtils.java:warn(134)) - f93880e5-2c41-4a96-82e8-5ec76e61477c->df1019c7-ec98-47c3-b032-e1f03aacc305: Failed appendEntries: org.apache.ratis.thirdparty.io.grpc.StatusRuntimeException: UNAVAILABLE: io exception
2019-07-16 14:28:30,810 INFO  impl.FollowerInfo (FollowerInfo.java:lambda$new$0(50)) - f93880e5-2c41-4a96-82e8-5ec76e61477c->df1019c7-ec98-47c3-b032-e1f03aacc305: nextIndex: updateUnconditionally 0 -> 0
2019-07-16 14:28:32,697 INFO  node.StaleNodeHandler (StaleNodeHandler.java:onMessage(58)) - Datanode aad6b064-f151-4eda-abe9-c978e9a928da{ip: 192.168.157.241, host: trunk-nightly-gllmw-2332419065, networkLocation: /default-rack, certSerialId: null} moved to stale state. Finalizing its pipelines [PipelineID=4a752fac-a5c8-4de9-9fe4-bc3e0f524f45, PipelineID=32f8785e-f5c9-449d-8836-e9e80c8ddaab]
2019-07-16 14:28:32,698 INFO  pipeline.SCMPipelineManager (SCMPipelineManager.java:finalizeAndDestroyPipeline(309)) - destroying pipeline:Pipeline[ Id: 4a752fac-a5c8-4de9-9fe4-bc3e0f524f45, Nodes: aad6b064-f151-4eda-abe9-c978e9a928da{ip: 192.168.157.241, host: trunk-nightly-gllmw-2332419065, networkLocation: /default-rack, certSerialId: null}, Type:RATIS, Factor:ONE, State:OPEN]
2019-07-16 14:28:32,698 INFO  pipeline.PipelineStateManager (PipelineStateManager.java:finalizePipeline(123)) - Pipeline Pipeline[ Id: 4a752fac-a5c8-4de9-9fe4-bc3e0f524f45, Nodes: aad6b064-f151-4eda-abe9-c978e9a928da{ip: 192.168.157.241, host: trunk-nightly-gllmw-2332419065, networkLocation: /default-rack, certSerialId: null}, Type:RATIS, Factor:ONE, State:CLOSED] moved to CLOSED state
2019-07-16 14:28:32,698 INFO  pipeline.SCMPipelineManager (SCMPipelineManager.java:finalizeAndDestroyPipeline(309)) - destroying pipeline:Pipeline[ Id: 32f8785e-f5c9-449d-8836-e9e80c8ddaab, Nodes: aad6b064-f151-4eda-abe9-c978e9a928da{ip: 192.168.157.241, host: trunk-nightly-gllmw-2332419065, networkLocation: /default-rack, certSerialId: null}822d12d0-a580-4996-8ec7-c93d7888a365{ip: 192.168.157.241, host: trunk-nightly-gllmw-2332419065, networkLocation: /default-rack, certSerialId: null}96d6981a-cb83-4f3f-8f2c-51322226cd15{ip: 192.168.157.241, host: trunk-nightly-gllmw-2332419065, networkLocation: /default-rack, certSerialId: null}, Type:RATIS, Factor:THREE, State:CLOSED]
2019-07-16 14:28:32,798 INFO  node.StaleNodeHandler (StaleNodeHandler.java:onMessage(58)) - Datanode 4b3754b6-0f86-429e-9502-8fad248adfd6{ip: 192.168.157.241, host: trunk-nightly-gllmw-2332419065, networkLocation: /default-rack, certSerialId: null} moved to stale state. Finalizing its pipelines [PipelineID=c5633c89-fcb5-4526-867d-96776a95da23]
2019-07-16 14:28:32,798 INFO  pipeline.SCMPipelineManager (SCMPipelineManager.java:finalizeAndDestroyPipeline(309)) - destroying pipeline:Pipeline[ Id: c5633c89-fcb5-4526-867d-96776a95da23, Nodes: 4b3754b6-0f86-429e-9502-8fad248adfd6{ip: 192.168.157.241, host: trunk-nightly-gllmw-2332419065, networkLocation: /default-rack, certSerialId: null}, Type:RATIS, Factor:ONE, State:OPEN]
2019-07-16 14:28:32,798 INFO  pipeline.PipelineStateManager (PipelineStateManager.java:finalizePipeline(123)) - Pipeline Pipeline[ Id: c5633c89-fcb5-4526-867d-96776a95da23, Nodes: 4b3754b6-0f86-429e-9502-8fad248adfd6{ip: 192.168.157.241, host: trunk-nightly-gllmw-2332419065, networkLocation: /default-rack, certSerialId: null}, Type:RATIS, Factor:ONE, State:CLOSED] moved to CLOSED state
2019-07-16 14:28:33,306 WARN  server.GrpcLogAppender (LogUtils.java:warn(134)) - f93880e5-2c41-4a96-82e8-5ec76e61477c->efaf353e-eaea-458e-8009-7c4cd0077a94: Failed appendEntries: org.apache.ratis.thirdparty.io.grpc.StatusRuntimeException: UNAVAILABLE: io exception
2019-07-16 14:28:33,307 INFO  impl.FollowerInfo (FollowerInfo.java:lambda$new$0(50)) - f93880e5-2c41-4a96-82e8-5ec76e61477c->efaf353e-eaea-458e-8009-7c4cd0077a94: nextIndex: updateUnconditionally 0 -> 0
2019-07-16 14:28:33,309 WARN  server.GrpcLogAppender (LogUtils.java:warn(134)) - f93880e5-2c41-4a96-82e8-5ec76e61477c->df1019c7-ec98-47c3-b032-e1f03aacc305: Failed appendEntries: org.apache.ratis.thirdparty.io.grpc.StatusRuntimeException: UNAVAILABLE: io exception
2019-07-16 14:28:33,309 INFO  impl.FollowerInfo (FollowerInfo.java:lambda$new$0(50)) - f93880e5-2c41-4a96-82e8-5ec76e61477c->df1019c7-ec98-47c3-b032-e1f03aacc305: nextIndex: updateUnconditionally 0 -> 0
2019-07-16 14:28:33,584 INFO  ozoneimpl.OzoneContainer (OzoneContainer.java:stop(199)) - Attempting to stop container services.
2019-07-16 14:28:33,584 INFO  impl.RaftServerProxy (RaftServerProxy.java:lambda$close$4(314)) - aad6b064-f151-4eda-abe9-c978e9a928da: close
2019-07-16 14:28:33,585 INFO  impl.RaftServerImpl (RaftServerImpl.java:lambda$shutdown$3(245)) - aad6b064-f151-4eda-abe9-c978e9a928da: shutdown group-BC3E0F524F45
2019-07-16 14:28:33,585 INFO  ozoneimpl.OzoneContainer (OzoneContainer.java:stop(199)) - Attempting to stop container services.
2019-07-16 14:28:33,585 INFO  util.JmxRegister (JmxRegister.java:unregister(73)) - Successfully un-registered JMX Bean with object name Ratis:service=RaftServer,group=group-BC3E0F524F45,id=aad6b064-f151-4eda-abe9-c978e9a928da
2019-07-16 14:28:33,586 INFO  impl.RaftServerProxy (RaftServerProxy.java:lambda$close$4(314)) - 4b3754b6-0f86-429e-9502-8fad248adfd6: close
2019-07-16 14:28:33,586 INFO  impl.RoleInfo (RoleInfo.java:shutdownLeaderState(104)) - aad6b064-f151-4eda-abe9-c978e9a928da: shutdown LeaderState
2019-07-16 14:28:33,586 INFO  impl.RaftServerImpl (RaftServerImpl.java:lambda$shutdown$3(245)) - 4b3754b6-0f86-429e-9502-8fad248adfd6: shutdown group-96776A95DA23
2019-07-16 14:28:33,587 INFO  impl.PendingRequests (PendingRequests.java:sendNotLeaderResponses(202)) - aad6b064-f151-4eda-abe9-c978e9a928da-PendingRequests: sendNotLeaderResponses
2019-07-16 14:28:33,587 INFO  util.JmxRegister (JmxRegister.java:unregister(73)) - Successfully un-registered JMX Bean with object name Ratis:service=RaftServer,group=group-96776A95DA23,id=4b3754b6-0f86-429e-9502-8fad248adfd6
2019-07-16 14:28:33,590 INFO  impl.RoleInfo (RoleInfo.java:shutdownLeaderState(104)) - 4b3754b6-0f86-429e-9502-8fad248adfd6: shutdown LeaderState
2019-07-16 14:28:33,587 INFO  impl.StateMachineUpdater (StateMachineUpdater.java:stopAndJoin(115)) - StateMachineUpdater:aad6b064-f151-4eda-abe9-c978e9a928da:group-BC3E0F524F45: set stopIndex = 0
2019-07-16 14:28:33,590 INFO  impl.PendingRequests (PendingRequests.java:sendNotLeaderResponses(202)) - 4b3754b6-0f86-429e-9502-8fad248adfd6-PendingRequests: sendNotLeaderResponses
2019-07-16 14:28:33,591 INFO  impl.RaftServerImpl (ServerState.java:close(394)) - aad6b064-f151-4eda-abe9-c978e9a928da:group-BC3E0F524F45 closes. The last applied log index is 0
2019-07-16 14:28:33,591 INFO  impl.StateMachineUpdater (StateMachineUpdater.java:stopAndJoin(115)) - StateMachineUpdater:4b3754b6-0f86-429e-9502-8fad248adfd6:group-96776A95DA23: set stopIndex = 0
2019-07-16 14:28:33,593 INFO  impl.RaftServerImpl (ServerState.java:close(394)) - 4b3754b6-0f86-429e-9502-8fad248adfd6:group-96776A95DA23 closes. The last applied log index is 0
2019-07-16 14:28:33,593 INFO  segmented.SegmentedRaftLogWorker (SegmentedRaftLogWorker.java:run(313)) - aad6b064-f151-4eda-abe9-c978e9a928da-SegmentedRaftLogWorker:Storage Directory /workdir/hadoop-ozone/integration-test/target/test-dir/MiniOzoneClusterImpl-47eba09b-2be6-457f-857a-d71b7095d2a5/datanode-0/data/ratis/4a752fac-a5c8-4de9-9fe4-bc3e0f524f45 was interrupted, exiting. There are 0 tasks remaining in the queue.
2019-07-16 14:28:33,594 INFO  segmented.SegmentedRaftLogWorker (SegmentedRaftLogWorker.java:run(313)) - 4b3754b6-0f86-429e-9502-8fad248adfd6-SegmentedRaftLogWorker:Storage Directory /workdir/hadoop-ozone/integration-test/target/test-dir/MiniOzoneClusterImpl-47eba09b-2be6-457f-857a-d71b7095d2a5/datanode-6/data/ratis/c5633c89-fcb5-4526-867d-96776a95da23 was interrupted, exiting. There are 0 tasks remaining in the queue.
2019-07-16 14:28:33,597 INFO  segmented.SegmentedRaftLogWorker (SegmentedRaftLogWorker.java:close(228)) - aad6b064-f151-4eda-abe9-c978e9a928da-SegmentedRaftLogWorker:Storage Directory /workdir/hadoop-ozone/integration-test/target/test-dir/MiniOzoneClusterImpl-47eba09b-2be6-457f-857a-d71b7095d2a5/datanode-0/data/ratis/4a752fac-a5c8-4de9-9fe4-bc3e0f524f45 close()
2019-07-16 14:28:33,599 INFO  impl.RaftServerImpl (RaftServerImpl.java:lambda$shutdown$3(245)) - aad6b064-f151-4eda-abe9-c978e9a928da: shutdown group-E9E80C8DDAAB
2019-07-16 14:28:33,599 INFO  util.JmxRegister (JmxRegister.java:unregister(73)) - Successfully un-registered JMX Bean with object name Ratis:service=RaftServer,group=group-E9E80C8DDAAB,id=aad6b064-f151-4eda-abe9-c978e9a928da
2019-07-16 14:28:33,599 INFO  impl.RoleInfo (RoleInfo.java:shutdownFollowerState(121)) - aad6b064-f151-4eda-abe9-c978e9a928da: shutdown FollowerState
2019-07-16 14:28:33,600 INFO  impl.StateMachineUpdater (StateMachineUpdater.java:stopAndJoin(115)) - StateMachineUpdater:aad6b064-f151-4eda-abe9-c978e9a928da:group-E9E80C8DDAAB: set stopIndex = 0
2019-07-16 14:28:33,600 INFO  impl.FollowerState (FollowerState.java:run(114)) - aad6b064-f151-4eda-abe9-c978e9a928da: FollowerState was interrupted: java.lang.InterruptedException: sleep interrupted
2019-07-16 14:28:33,602 INFO  impl.RaftServerImpl (ServerState.java:close(394)) - aad6b064-f151-4eda-abe9-c978e9a928da:group-E9E80C8DDAAB closes. The last applied log index is 0
2019-07-16 14:28:33,602 INFO  segmented.SegmentedRaftLogWorker (SegmentedRaftLogWorker.java:run(313)) - aad6b064-f151-4eda-abe9-c978e9a928da-SegmentedRaftLogWorker:Storage Directory /workdir/hadoop-ozone/integration-test/target/test-dir/MiniOzoneClusterImpl-47eba09b-2be6-457f-857a-d71b7095d2a5/datanode-0/data/ratis/32f8785e-f5c9-449d-8836-e9e80c8ddaab was interrupted, exiting. There are 0 tasks remaining in the queue.
2019-07-16 14:28:33,609 INFO  segmented.SegmentedRaftLogWorker (SegmentedRaftLogWorker.java:close(228)) - 4b3754b6-0f86-429e-9502-8fad248adfd6-SegmentedRaftLogWorker:Storage Directory /workdir/hadoop-ozone/integration-test/target/test-dir/MiniOzoneClusterImpl-47eba09b-2be6-457f-857a-d71b7095d2a5/datanode-6/data/ratis/c5633c89-fcb5-4526-867d-96776a95da23 close()
2019-07-16 14:28:33,609 INFO  segmented.SegmentedRaftLogWorker (SegmentedRaftLogWorker.java:close(228)) - aad6b064-f151-4eda-abe9-c978e9a928da-SegmentedRaftLogWorker:Storage Directory /workdir/hadoop-ozone/integration-test/target/test-dir/MiniOzoneClusterImpl-47eba09b-2be6-457f-857a-d71b7095d2a5/datanode-0/data/ratis/32f8785e-f5c9-449d-8836-e9e80c8ddaab close()
2019-07-16 14:28:33,610 INFO  server.GrpcService (GrpcService.java:closeImpl(155)) - 4b3754b6-0f86-429e-9502-8fad248adfd6: shutdown server with port 40369 now
2019-07-16 14:28:33,610 INFO  server.GrpcService (GrpcService.java:closeImpl(155)) - aad6b064-f151-4eda-abe9-c978e9a928da: shutdown server with port 41083 now
2019-07-16 14:28:33,612 INFO  server.GrpcService (GrpcService.java:closeImpl(163)) - 4b3754b6-0f86-429e-9502-8fad248adfd6: shutdown server with port 40369 successfully
2019-07-16 14:28:33,612 INFO  server.GrpcService (GrpcService.java:closeImpl(163)) - aad6b064-f151-4eda-abe9-c978e9a928da: shutdown server with port 41083 successfully
2019-07-16 14:28:33,614 INFO  utils.BackgroundService (BackgroundService.java:shutdown(148)) - Shutting down service BlockDeletingService
2019-07-16 14:28:33,614 INFO  utils.BackgroundService (BackgroundService.java:shutdown(148)) - Shutting down service BlockDeletingService
2019-07-16 14:28:33,621 WARN  fs.CachingGetSpaceUsed (CachingGetSpaceUsed.java:run(183)) - Thread Interrupted waiting to refresh disk information: sleep interrupted
2019-07-16 14:28:33,621 WARN  fs.CachingGetSpaceUsed (CachingGetSpaceUsed.java:run(183)) - Thread Interrupted waiting to refresh disk information: sleep interrupted
2019-07-16 14:28:33,640 INFO  statemachine.DatanodeStateMachine (DatanodeStateMachine.java:stopDaemon(395)) - Ozone container server stopped.
2019-07-16 14:28:33,644 INFO  statemachine.DatanodeStateMachine (DatanodeStateMachine.java:stopDaemon(395)) - Ozone container server stopped.
2019-07-16 14:28:33,652 INFO  handler.ContextHandler (ContextHandler.java:doStop(910)) - Stopped o.e.j.w.WebAppContext@213c812a{/,null,UNAVAILABLE}{/hddsDatanode}
2019-07-16 14:28:33,653 INFO  handler.ContextHandler (ContextHandler.java:doStop(910)) - Stopped o.e.j.w.WebAppContext@2adce412{/,null,UNAVAILABLE}{/hddsDatanode}
2019-07-16 14:28:33,654 INFO  server.AbstractConnector (AbstractConnector.java:doStop(318)) - Stopped ServerConnector@25814d3c{HTTP/1.1,[http/1.1]}{0.0.0.0:0}
2019-07-16 14:28:33,654 INFO  server.AbstractConnector (AbstractConnector.java:doStop(318)) - Stopped ServerConnector@629cf53c{HTTP/1.1,[http/1.1]}{0.0.0.0:0}
2019-07-16 14:28:33,655 INFO  handler.ContextHandler (ContextHandler.java:doStop(910)) - Stopped o.e.j.s.ServletContextHandler@5bb90b89{/static,jar:file:/home/user/.m2/repository/org/apache/hadoop/hadoop-hdds-container-service/0.5.0-SNAPSHOT/hadoop-hdds-container-service-0.5.0-SNAPSHOT.jar!/webapps/static,UNAVAILABLE}
2019-07-16 14:28:33,656 INFO  handler.ContextHandler (ContextHandler.java:doStop(910)) - Stopped o.e.j.s.ServletContextHandler@712594f4{/static,jar:file:/home/user/.m2/repository/org/apache/hadoop/hadoop-hdds-container-service/0.5.0-SNAPSHOT/hadoop-hdds-container-service-0.5.0-SNAPSHOT.jar!/webapps/static,UNAVAILABLE}
2019-07-16 14:28:33,656 INFO  handler.ContextHandler (ContextHandler.java:doStop(910)) - Stopped o.e.j.s.ServletContextHandler@507187c1{/logs,file:///workdir/hadoop-ozone/integration-test/target/log,UNAVAILABLE}
2019-07-16 14:28:33,658 INFO  handler.ContextHandler (ContextHandler.java:doStop(910)) - Stopped o.e.j.s.ServletContextHandler@3599b18{/logs,file:///workdir/hadoop-ozone/integration-test/target/log,UNAVAILABLE}
2019-07-16 14:28:33,658 INFO  datanode.ObjectStoreHandler (ObjectStoreHandler.java:close(155)) - Closing ObjectStoreHandler.
2019-07-16 14:28:33,659 INFO  ozone.HddsDatanodeService (HddsDatanodeService.java:stop(452)) - Stopped plug-in org.apache.hadoop.ozone.web.OzoneHddsDatanodeService@1267f832
2019-07-16 14:28:34,578 INFO  statemachine.DatanodeStateMachine (DatanodeStateMachine.java:lambda$startDaemon$0(350)) - Ozone container server started.
2019-07-16 14:28:35,807 WARN  server.GrpcLogAppender (LogUtils.java:warn(134)) - f93880e5-2c41-4a96-82e8-5ec76e61477c->efaf353e-eaea-458e-8009-7c4cd0077a94: Failed appendEntries: org.apache.ratis.thirdparty.io.grpc.StatusRuntimeException: UNAVAILABLE: io exception
2019-07-16 14:28:35,807 INFO  impl.FollowerInfo (FollowerInfo.java:lambda$new$0(50)) - f93880e5-2c41-4a96-82e8-5ec76e61477c->efaf353e-eaea-458e-8009-7c4cd0077a94: nextIndex: updateUnconditionally 0 -> 0
2019-07-16 14:28:35,809 WARN  server.GrpcLogAppender (LogUtils.java:warn(134)) - f93880e5-2c41-4a96-82e8-5ec76e61477c->df1019c7-ec98-47c3-b032-e1f03aacc305: Failed appendEntries: org.apache.ratis.thirdparty.io.grpc.StatusRuntimeException: UNAVAILABLE: io exception
2019-07-16 14:28:35,809 INFO  impl.FollowerInfo (FollowerInfo.java:lambda$new$0(50)) - f93880e5-2c41-4a96-82e8-5ec76e61477c->df1019c7-ec98-47c3-b032-e1f03aacc305: nextIndex: updateUnconditionally 0 -> 0
2019-07-16 14:28:38,308 WARN  server.GrpcLogAppender (LogUtils.java:warn(134)) - f93880e5-2c41-4a96-82e8-5ec76e61477c->efaf353e-eaea-458e-8009-7c4cd0077a94: Failed appendEntries: org.apache.ratis.thirdparty.io.grpc.StatusRuntimeException: UNAVAILABLE: io exception
2019-07-16 14:28:38,308 INFO  impl.FollowerInfo (FollowerInfo.java:lambda$new$0(50)) - f93880e5-2c41-4a96-82e8-5ec76e61477c->efaf353e-eaea-458e-8009-7c4cd0077a94: nextIndex: updateUnconditionally 0 -> 0
2019-07-16 14:28:38,309 WARN  server.GrpcLogAppender (LogUtils.java:warn(134)) - f93880e5-2c41-4a96-82e8-5ec76e61477c->df1019c7-ec98-47c3-b032-e1f03aacc305: Failed appendEntries: org.apache.ratis.thirdparty.io.grpc.StatusRuntimeException: UNAVAILABLE: io exception
2019-07-16 14:28:38,310 INFO  impl.FollowerInfo (FollowerInfo.java:lambda$new$0(50)) - f93880e5-2c41-4a96-82e8-5ec76e61477c->df1019c7-ec98-47c3-b032-e1f03aacc305: nextIndex: updateUnconditionally 0 -> 0
2019-07-16 14:28:38,605 INFO  node.StaleNodeHandler (StaleNodeHandler.java:onMessage(58)) - Datanode f93880e5-2c41-4a96-82e8-5ec76e61477c{ip: 192.168.157.241, host: trunk-nightly-gllmw-2332419065, networkLocation: /default-rack, certSerialId: null} moved to stale state. Finalizing its pipelines [PipelineID=f2888dd9-7b18-4652-8221-44646f05d6d2, PipelineID=4d749c79-311c-4324-8e76-5062cad3844b]
2019-07-16 14:28:38,605 INFO  pipeline.SCMPipelineManager (SCMPipelineManager.java:finalizeAndDestroyPipeline(309)) - destroying pipeline:Pipeline[ Id: f2888dd9-7b18-4652-8221-44646f05d6d2, Nodes: f93880e5-2c41-4a96-82e8-5ec76e61477c{ip: 192.168.157.241, host: trunk-nightly-gllmw-2332419065, networkLocation: /default-rack, certSerialId: null}, Type:RATIS, Factor:ONE, State:OPEN]
2019-07-16 14:28:38,606 INFO  pipeline.PipelineStateManager (PipelineStateManager.java:finalizePipeline(123)) - Pipeline Pipeline[ Id: f2888dd9-7b18-4652-8221-44646f05d6d2, Nodes: f93880e5-2c41-4a96-82e8-5ec76e61477c{ip: 192.168.157.241, host: trunk-nightly-gllmw-2332419065, networkLocation: /default-rack, certSerialId: null}, Type:RATIS, Factor:ONE, State:CLOSED] moved to CLOSED state
2019-07-16 14:28:38,606 INFO  pipeline.SCMPipelineManager (SCMPipelineManager.java:finalizeAndDestroyPipeline(309)) - destroying pipeline:Pipeline[ Id: 4d749c79-311c-4324-8e76-5062cad3844b, Nodes: efaf353e-eaea-458e-8009-7c4cd0077a94{ip: 192.168.157.241, host: trunk-nightly-gllmw-2332419065, networkLocation: /default-rack, certSerialId: null}df1019c7-ec98-47c3-b032-e1f03aacc305{ip: 192.168.157.241, host: trunk-nightly-gllmw-2332419065, networkLocation: /default-rack, certSerialId: null}f93880e5-2c41-4a96-82e8-5ec76e61477c{ip: 192.168.157.241, host: trunk-nightly-gllmw-2332419065, networkLocation: /default-rack, certSerialId: null}, Type:RATIS, Factor:THREE, State:CLOSED]
2019-07-16 14:28:38,660 INFO  ozoneimpl.OzoneContainer (OzoneContainer.java:stop(199)) - Attempting to stop container services.
2019-07-16 14:28:38,660 INFO  impl.RaftServerProxy (RaftServerProxy.java:lambda$close$4(314)) - f93880e5-2c41-4a96-82e8-5ec76e61477c: close
2019-07-16 14:28:38,661 INFO  impl.RaftServerImpl (RaftServerImpl.java:lambda$shutdown$3(245)) - f93880e5-2c41-4a96-82e8-5ec76e61477c: shutdown group-44646F05D6D2
2019-07-16 14:28:38,662 INFO  util.JmxRegister (JmxRegister.java:unregister(73)) - Successfully un-registered JMX Bean with object name Ratis:service=RaftServer,group=group-44646F05D6D2,id=f93880e5-2c41-4a96-82e8-5ec76e61477c
2019-07-16 14:28:38,662 INFO  impl.RoleInfo (RoleInfo.java:shutdownLeaderState(104)) - f93880e5-2c41-4a96-82e8-5ec76e61477c: shutdown LeaderState
2019-07-16 14:28:38,663 INFO  impl.PendingRequests (PendingRequests.java:sendNotLeaderResponses(202)) - f93880e5-2c41-4a96-82e8-5ec76e61477c-PendingRequests: sendNotLeaderResponses
2019-07-16 14:28:38,668 INFO  impl.StateMachineUpdater (StateMachineUpdater.java:stopAndJoin(115)) - StateMachineUpdater:f93880e5-2c41-4a96-82e8-5ec76e61477c:group-44646F05D6D2: set stopIndex = 15
2019-07-16 14:28:38,668 INFO  ratis.ContainerStateMachine (ContainerStateMachine.java:takeSnapshot(249)) - group-44646F05D6D2: Taking a snapshot at:(t:1, i:15) file /workdir/hadoop-ozone/integration-test/target/test-dir/MiniOzoneClusterImpl-47eba09b-2be6-457f-857a-d71b7095d2a5/datanode-5/data/ratis/f2888dd9-7b18-4652-8221-44646f05d6d2/sm/snapshot.1_15
2019-07-16 14:28:38,682 INFO  ratis.ContainerStateMachine (ContainerStateMachine.java:takeSnapshot(257)) - group-44646F05D6D2: Finished taking a snapshot at:(t:1, i:15) file:/workdir/hadoop-ozone/integration-test/target/test-dir/MiniOzoneClusterImpl-47eba09b-2be6-457f-857a-d71b7095d2a5/datanode-5/data/ratis/f2888dd9-7b18-4652-8221-44646f05d6d2/sm/snapshot.1_15 time:15
2019-07-16 14:28:38,682 INFO  impl.StateMachineUpdater (StateMachineUpdater.java:takeSnapshot(242)) - StateMachineUpdater:f93880e5-2c41-4a96-82e8-5ec76e61477c:group-44646F05D6D2: Took a snapshot at index 15
2019-07-16 14:28:38,682 INFO  impl.StateMachineUpdater (StateMachineUpdater.java:lambda$new$0(80)) - StateMachineUpdater:f93880e5-2c41-4a96-82e8-5ec76e61477c:group-44646F05D6D2: snapshotIndex: updateIncreasingly -1 -> 15
2019-07-16 14:28:38,683 INFO  impl.RaftServerImpl (ServerState.java:close(394)) - f93880e5-2c41-4a96-82e8-5ec76e61477c:group-44646F05D6D2 closes. The last applied log index is 15
2019-07-16 14:28:38,683 INFO  segmented.SegmentedRaftLogWorker (SegmentedRaftLogWorker.java:run(313)) - f93880e5-2c41-4a96-82e8-5ec76e61477c-SegmentedRaftLogWorker:Storage Directory /workdir/hadoop-ozone/integration-test/target/test-dir/MiniOzoneClusterImpl-47eba09b-2be6-457f-857a-d71b7095d2a5/datanode-5/data/ratis/f2888dd9-7b18-4652-8221-44646f05d6d2 was interrupted, exiting. There are 0 tasks remaining in the queue.
2019-07-16 14:28:38,684 INFO  segmented.SegmentedRaftLogWorker (SegmentedRaftLogWorker.java:close(228)) - f93880e5-2c41-4a96-82e8-5ec76e61477c-SegmentedRaftLogWorker:Storage Directory /workdir/hadoop-ozone/integration-test/target/test-dir/MiniOzoneClusterImpl-47eba09b-2be6-457f-857a-d71b7095d2a5/datanode-5/data/ratis/f2888dd9-7b18-4652-8221-44646f05d6d2 close()
2019-07-16 14:28:38,684 INFO  impl.RaftServerImpl (RaftServerImpl.java:lambda$shutdown$3(245)) - f93880e5-2c41-4a96-82e8-5ec76e61477c: shutdown group-5062CAD3844B
2019-07-16 14:28:38,684 INFO  util.JmxRegister (JmxRegister.java:unregister(73)) - Successfully un-registered JMX Bean with object name Ratis:service=RaftServer,group=group-5062CAD3844B,id=f93880e5-2c41-4a96-82e8-5ec76e61477c
2019-07-16 14:28:38,685 INFO  impl.RoleInfo (RoleInfo.java:shutdownLeaderState(104)) - f93880e5-2c41-4a96-82e8-5ec76e61477c: shutdown LeaderState
2019-07-16 14:28:38,687 INFO  impl.PendingRequests (PendingRequests.java:sendNotLeaderResponses(202)) - f93880e5-2c41-4a96-82e8-5ec76e61477c-PendingRequests: sendNotLeaderResponses
2019-07-16 14:28:38,687 WARN  server.GrpcLogAppender (GrpcLogAppender.java:mayWait(143)) - GrpcLogAppender(f93880e5-2c41-4a96-82e8-5ec76e61477c->efaf353e-eaea-458e-8009-7c4cd0077a94): Wait interrupted by java.lang.InterruptedException
2019-07-16 14:28:38,687 WARN  server.GrpcLogAppender (GrpcLogAppender.java:mayWait(143)) - GrpcLogAppender(f93880e5-2c41-4a96-82e8-5ec76e61477c->df1019c7-ec98-47c3-b032-e1f03aacc305): Wait interrupted by java.lang.InterruptedException
2019-07-16 14:28:38,688 INFO  impl.StateMachineUpdater (StateMachineUpdater.java:stopAndJoin(115)) - StateMachineUpdater:f93880e5-2c41-4a96-82e8-5ec76e61477c:group-5062CAD3844B: set stopIndex = 0
2019-07-16 14:28:38,691 INFO  impl.RaftServerImpl (ServerState.java:close(394)) - f93880e5-2c41-4a96-82e8-5ec76e61477c:group-5062CAD3844B closes. The last applied log index is 0
2019-07-16 14:28:38,692 INFO  segmented.SegmentedRaftLogWorker (SegmentedRaftLogWorker.java:run(313)) - f93880e5-2c41-4a96-82e8-5ec76e61477c-SegmentedRaftLogWorker:Storage Directory /workdir/hadoop-ozone/integration-test/target/test-dir/MiniOzoneClusterImpl-47eba09b-2be6-457f-857a-d71b7095d2a5/datanode-5/data/ratis/4d749c79-311c-4324-8e76-5062cad3844b was interrupted, exiting. There are 0 tasks remaining in the queue.
2019-07-16 14:28:38,692 INFO  segmented.SegmentedRaftLogWorker (SegmentedRaftLogWorker.java:close(228)) - f93880e5-2c41-4a96-82e8-5ec76e61477c-SegmentedRaftLogWorker:Storage Directory /workdir/hadoop-ozone/integration-test/target/test-dir/MiniOzoneClusterImpl-47eba09b-2be6-457f-857a-d71b7095d2a5/datanode-5/data/ratis/4d749c79-311c-4324-8e76-5062cad3844b close()
2019-07-16 14:28:38,693 INFO  server.GrpcService (GrpcService.java:closeImpl(155)) - f93880e5-2c41-4a96-82e8-5ec76e61477c: shutdown server with port 43446 now
2019-07-16 14:28:38,694 INFO  server.GrpcService (GrpcService.java:closeImpl(163)) - f93880e5-2c41-4a96-82e8-5ec76e61477c: shutdown server with port 43446 successfully
2019-07-16 14:28:38,697 INFO  utils.BackgroundService (BackgroundService.java:shutdown(148)) - Shutting down service BlockDeletingService
2019-07-16 14:28:38,698 WARN  fs.CachingGetSpaceUsed (CachingGetSpaceUsed.java:run(183)) - Thread Interrupted waiting to refresh disk information: sleep interrupted
2019-07-16 14:28:38,715 INFO  statemachine.DatanodeStateMachine (DatanodeStateMachine.java:stopDaemon(395)) - Ozone container server stopped.
2019-07-16 14:28:38,727 INFO  handler.ContextHandler (ContextHandler.java:doStop(910)) - Stopped o.e.j.w.WebAppContext@12d28106{/,null,UNAVAILABLE}{/hddsDatanode}
2019-07-16 14:28:38,729 INFO  server.AbstractConnector (AbstractConnector.java:doStop(318)) - Stopped ServerConnector@6a3c1b56{HTTP/1.1,[http/1.1]}{0.0.0.0:0}
2019-07-16 14:28:38,730 INFO  handler.ContextHandler (ContextHandler.java:doStop(910)) - Stopped o.e.j.s.ServletContextHandler@d8cece4{/static,jar:file:/home/user/.m2/repository/org/apache/hadoop/hadoop-hdds-container-service/0.5.0-SNAPSHOT/hadoop-hdds-container-service-0.5.0-SNAPSHOT.jar!/webapps/static,UNAVAILABLE}
2019-07-16 14:28:38,730 INFO  handler.ContextHandler (ContextHandler.java:doStop(910)) - Stopped o.e.j.s.ServletContextHandler@2cbae0f1{/logs,file:///workdir/hadoop-ozone/integration-test/target/log,UNAVAILABLE}
2019-07-16 14:28:38,731 INFO  ozone.MiniOzoneClusterImpl (MiniOzoneClusterImpl.java:stop(353)) - Stopping the StorageContainerManager
2019-07-16 14:28:38,731 INFO  server.StorageContainerManager (StorageContainerManager.java:stop(796)) - Stopping Replication Manager Service.
2019-07-16 14:28:38,731 INFO  container.ReplicationManager (ReplicationManager.java:stop(187)) - Stopping Replication Monitor Thread.
2019-07-16 14:28:38,732 INFO  server.StorageContainerManager (StorageContainerManager.java:stop(803)) - Stopping Lease Manager of the command watchers
2019-07-16 14:28:38,732 INFO  server.StorageContainerManager (StorageContainerManager.java:stop(810)) - Stopping datanode service RPC server
2019-07-16 14:28:38,732 INFO  server.SCMDatanodeProtocolServer (SCMDatanodeProtocolServer.java:stop(375)) - Stopping the RPC server for DataNodes
2019-07-16 14:28:38,732 INFO  ipc.Server (Server.java:stop(3082)) - Stopping server on 36940
2019-07-16 14:28:38,734 INFO  ipc.Server (Server.java:run(1185)) - Stopping IPC Server listener on 36940
2019-07-16 14:28:38,734 INFO  ipc.Server (Server.java:run(1319)) - Stopping IPC Server Responder
2019-07-16 14:28:38,805 WARN  node.NodeStateManager (NodeStateManager.java:scheduleNextHealthCheck(631)) - Current Thread is interrupted, shutting down HB processing thread for Node Manager.
2019-07-16 14:28:38,806 INFO  server.StorageContainerManager (StorageContainerManager.java:stop(818)) - Stopping block service RPC server
2019-07-16 14:28:38,806 INFO  server.SCMBlockProtocolServer (SCMBlockProtocolServer.java:stop(148)) - Stopping the RPC server for Block Protocol
2019-07-16 14:28:38,806 INFO  ipc.Server (Server.java:stop(3082)) - Stopping server on 44986
2019-07-16 14:28:38,807 INFO  ipc.Server (Server.java:run(1185)) - Stopping IPC Server listener on 44986
2019-07-16 14:28:38,808 INFO  ipc.Server (Server.java:run(1319)) - Stopping IPC Server Responder
2019-07-16 14:28:38,808 INFO  server.StorageContainerManager (StorageContainerManager.java:stop(825)) - Stopping the StorageContainerLocationProtocol RPC server
2019-07-16 14:28:38,809 INFO  server.SCMClientProtocolServer (SCMClientProtocolServer.java:stop(157)) - Stopping the RPC server for Client Protocol
2019-07-16 14:28:38,809 INFO  ipc.Server (Server.java:stop(3082)) - Stopping server on 40784
2019-07-16 14:28:38,813 INFO  ipc.Server (Server.java:run(1185)) - Stopping IPC Server listener on 40784
2019-07-16 14:28:38,813 INFO  server.StorageContainerManager (StorageContainerManager.java:stop(832)) - Stopping Storage Container Manager HTTP server.
2019-07-16 14:28:38,813 INFO  ipc.Server (Server.java:run(1319)) - Stopping IPC Server Responder
2019-07-16 14:28:38,815 INFO  handler.ContextHandler (ContextHandler.java:doStop(910)) - Stopped o.e.j.w.WebAppContext@1b901f7b{/,null,UNAVAILABLE}{/scm}
2019-07-16 14:28:38,815 INFO  server.AbstractConnector (AbstractConnector.java:doStop(318)) - Stopped ServerConnector@2c9aeec6{HTTP/1.1,[http/1.1]}{0.0.0.0:0}
2019-07-16 14:28:38,816 INFO  handler.ContextHandler (ContextHandler.java:doStop(910)) - Stopped o.e.j.s.ServletContextHandler@594f508f{/static,file:///workdir/hadoop-ozone/integration-test/target/test-classes/webapps/static,UNAVAILABLE}
2019-07-16 14:28:38,816 INFO  handler.ContextHandler (ContextHandler.java:doStop(910)) - Stopped o.e.j.s.ServletContextHandler@614ae4eb{/logs,file:///workdir/hadoop-ozone/integration-test/target/log,UNAVAILABLE}
2019-07-16 14:28:38,817 INFO  server.StorageContainerManager (StorageContainerManager.java:stop(843)) - Stopping Block Manager Service.
2019-07-16 14:28:38,817 INFO  utils.BackgroundService (BackgroundService.java:shutdown(148)) - Shutting down service SCMBlockDeletingService
2019-07-16 14:28:38,817 INFO  utils.BackgroundService (BackgroundService.java:shutdown(148)) - Shutting down service SCMBlockDeletingService
2019-07-16 14:28:38,818 INFO  server.StorageContainerManager (StorageContainerManager.java:stop(865)) - Stopping SCM Event Queue.
2019-07-16 14:28:38,821 INFO  impl.MetricsSystemImpl (MetricsSystemImpl.java:stop(210)) - Stopping HddsDatanode metrics system...
2019-07-16 14:28:38,827 INFO  impl.MetricsSystemImpl (MetricsSystemImpl.java:stop(216)) - HddsDatanode metrics system stopped.
]]></system-out>
    <system-err><![CDATA[Jul 16, 2019 2:28:05 PM com.sun.jersey.server.impl.application.WebApplicationImpl _initiate
INFO: Initiating Jersey application, version 'Jersey: 1.19 02/11/2015 03:25 AM'
Jul 16, 2019 2:28:05 PM com.sun.jersey.server.impl.application.WebApplicationImpl _initiate
INFO: Initiating Jersey application, version 'Jersey: 1.19 02/11/2015 03:25 AM'
Jul 16, 2019 2:28:05 PM com.sun.jersey.server.impl.application.WebApplicationImpl _initiate
INFO: Initiating Jersey application, version 'Jersey: 1.19 02/11/2015 03:25 AM'
Jul 16, 2019 2:28:06 PM com.sun.jersey.server.impl.application.WebApplicationImpl _initiate
INFO: Initiating Jersey application, version 'Jersey: 1.19 02/11/2015 03:25 AM'
Jul 16, 2019 2:28:06 PM com.sun.jersey.server.impl.application.WebApplicationImpl _initiate
INFO: Initiating Jersey application, version 'Jersey: 1.19 02/11/2015 03:25 AM'
Jul 16, 2019 2:28:06 PM com.sun.jersey.server.impl.application.WebApplicationImpl _initiate
INFO: Initiating Jersey application, version 'Jersey: 1.19 02/11/2015 03:25 AM'
Jul 16, 2019 2:28:06 PM com.sun.jersey.server.impl.application.WebApplicationImpl _initiate
INFO: Initiating Jersey application, version 'Jersey: 1.19 02/11/2015 03:25 AM'
Jul 16, 2019 2:28:09 PM org.apache.ratis.thirdparty.io.grpc.internal.ManagedChannelOrphanWrapper$ManagedChannelReference cleanQueue
SEVERE: *~*~*~ Channel ManagedChannelImpl{logId=2665, target=192.168.157.241:45924} was not shutdown properly!!! ~*~*~*
    Make sure to call shutdown()/shutdownNow() and wait until awaitTermination() returns true.
java.lang.RuntimeException: ManagedChannel allocation site
	at org.apache.ratis.thirdparty.io.grpc.internal.ManagedChannelOrphanWrapper$ManagedChannelReference.<init>(ManagedChannelOrphanWrapper.java:103)
	at org.apache.ratis.thirdparty.io.grpc.internal.ManagedChannelOrphanWrapper.<init>(ManagedChannelOrphanWrapper.java:53)
	at org.apache.ratis.thirdparty.io.grpc.internal.ManagedChannelOrphanWrapper.<init>(ManagedChannelOrphanWrapper.java:44)
	at org.apache.ratis.thirdparty.io.grpc.internal.AbstractManagedChannelImplBuilder.build(AbstractManagedChannelImplBuilder.java:411)
	at org.apache.hadoop.hdds.scm.XceiverClientGrpc.connectToDatanode(XceiverClientGrpc.java:172)
	at org.apache.hadoop.hdds.scm.XceiverClientGrpc.reconnect(XceiverClientGrpc.java:417)
	at org.apache.hadoop.hdds.scm.XceiverClientGrpc.sendCommandAsync(XceiverClientGrpc.java:366)
	at org.apache.hadoop.hdds.scm.XceiverClientGrpc.sendCommandWithRetry(XceiverClientGrpc.java:279)
	at org.apache.hadoop.hdds.scm.XceiverClientGrpc.sendCommandWithTraceIDAndRetry(XceiverClientGrpc.java:248)
	at org.apache.hadoop.hdds.scm.XceiverClientGrpc.sendCommand(XceiverClientGrpc.java:231)
	at org.apache.hadoop.hdds.scm.storage.ContainerProtocolCalls.getBlock(ContainerProtocolCalls.java:118)
	at org.apache.hadoop.hdds.scm.storage.BlockInputStream.getChunkInfos(BlockInputStream.java:167)
	at org.apache.hadoop.hdds.scm.storage.BlockInputStream.initialize(BlockInputStream.java:118)
	at org.apache.hadoop.hdds.scm.storage.BlockInputStream.read(BlockInputStream.java:222)
	at org.apache.hadoop.ozone.client.io.KeyInputStream.read(KeyInputStream.java:171)
	at org.apache.hadoop.ozone.client.io.OzoneInputStream.read(OzoneInputStream.java:47)
	at java.io.InputStream.read(InputStream.java:101)
	at org.apache.hadoop.ozone.container.ContainerTestHelper.validateData(ContainerTestHelper.java:709)
	at org.apache.hadoop.ozone.client.rpc.TestBlockOutputStreamWithFailures.validateData(TestBlockOutputStreamWithFailures.java:1212)
	at org.apache.hadoop.ozone.client.rpc.TestBlockOutputStreamWithFailures.testDatanodeFailureWithSingleNodeRatis(TestBlockOutputStreamWithFailures.java:1054)
	at sun.reflect.NativeMethodAccessorImpl.invoke0(Native Method)
	at sun.reflect.NativeMethodAccessorImpl.invoke(NativeMethodAccessorImpl.java:62)
	at sun.reflect.DelegatingMethodAccessorImpl.invoke(DelegatingMethodAccessorImpl.java:43)
	at java.lang.reflect.Method.invoke(Method.java:498)
	at org.junit.runners.model.FrameworkMethod$1.runReflectiveCall(FrameworkMethod.java:47)
	at org.junit.internal.runners.model.ReflectiveCallable.run(ReflectiveCallable.java:12)
	at org.junit.runners.model.FrameworkMethod.invokeExplosively(FrameworkMethod.java:44)
	at org.junit.internal.runners.statements.InvokeMethod.evaluate(InvokeMethod.java:17)
	at org.junit.internal.runners.statements.RunBefores.evaluate(RunBefores.java:26)
	at org.junit.internal.runners.statements.RunAfters.evaluate(RunAfters.java:27)
	at org.junit.runners.ParentRunner.runLeaf(ParentRunner.java:271)
	at org.junit.runners.BlockJUnit4ClassRunner.runChild(BlockJUnit4ClassRunner.java:70)
	at org.junit.runners.BlockJUnit4ClassRunner.runChild(BlockJUnit4ClassRunner.java:50)
	at org.junit.runners.ParentRunner$3.run(ParentRunner.java:238)
	at org.junit.runners.ParentRunner$1.schedule(ParentRunner.java:63)
	at org.junit.runners.ParentRunner.runChildren(ParentRunner.java:236)
	at org.junit.runners.ParentRunner.access$000(ParentRunner.java:53)
	at org.junit.runners.ParentRunner$2.evaluate(ParentRunner.java:229)
	at org.junit.runners.ParentRunner.run(ParentRunner.java:309)
	at org.apache.maven.surefire.junit4.JUnit4Provider.execute(JUnit4Provider.java:365)
	at org.apache.maven.surefire.junit4.JUnit4Provider.executeWithRerun(JUnit4Provider.java:273)
	at org.apache.maven.surefire.junit4.JUnit4Provider.executeTestSet(JUnit4Provider.java:238)
	at org.apache.maven.surefire.junit4.JUnit4Provider.invoke(JUnit4Provider.java:159)
	at org.apache.maven.surefire.booter.ForkedBooter.invokeProviderInSameClassLoader(ForkedBooter.java:384)
	at org.apache.maven.surefire.booter.ForkedBooter.runSuitesInProcess(ForkedBooter.java:345)
	at org.apache.maven.surefire.booter.ForkedBooter.execute(ForkedBooter.java:126)
	at org.apache.maven.surefire.booter.ForkedBooter.main(ForkedBooter.java:418)

Jul 16, 2019 2:28:09 PM org.apache.ratis.thirdparty.io.grpc.internal.ManagedChannelOrphanWrapper$ManagedChannelReference cleanQueue
SEVERE: *~*~*~ Channel ManagedChannelImpl{logId=2670, target=192.168.157.241:41061} was not shutdown properly!!! ~*~*~*
    Make sure to call shutdown()/shutdownNow() and wait until awaitTermination() returns true.
java.lang.RuntimeException: ManagedChannel allocation site
	at org.apache.ratis.thirdparty.io.grpc.internal.ManagedChannelOrphanWrapper$ManagedChannelReference.<init>(ManagedChannelOrphanWrapper.java:103)
	at org.apache.ratis.thirdparty.io.grpc.internal.ManagedChannelOrphanWrapper.<init>(ManagedChannelOrphanWrapper.java:53)
	at org.apache.ratis.thirdparty.io.grpc.internal.ManagedChannelOrphanWrapper.<init>(ManagedChannelOrphanWrapper.java:44)
	at org.apache.ratis.thirdparty.io.grpc.internal.AbstractManagedChannelImplBuilder.build(AbstractManagedChannelImplBuilder.java:411)
	at org.apache.hadoop.hdds.scm.XceiverClientGrpc.connectToDatanode(XceiverClientGrpc.java:172)
	at org.apache.hadoop.hdds.scm.XceiverClientGrpc.reconnect(XceiverClientGrpc.java:417)
	at org.apache.hadoop.hdds.scm.XceiverClientGrpc.sendCommandAsync(XceiverClientGrpc.java:366)
	at org.apache.hadoop.hdds.scm.XceiverClientGrpc.sendCommandWithRetry(XceiverClientGrpc.java:279)
	at org.apache.hadoop.hdds.scm.XceiverClientGrpc.sendCommandWithTraceIDAndRetry(XceiverClientGrpc.java:248)
	at org.apache.hadoop.hdds.scm.XceiverClientGrpc.sendCommand(XceiverClientGrpc.java:231)
	at org.apache.hadoop.hdds.scm.storage.ContainerProtocolCalls.getBlock(ContainerProtocolCalls.java:118)
	at org.apache.hadoop.hdds.scm.storage.BlockInputStream.getChunkInfos(BlockInputStream.java:167)
	at org.apache.hadoop.hdds.scm.storage.BlockInputStream.initialize(BlockInputStream.java:118)
	at org.apache.hadoop.hdds.scm.storage.BlockInputStream.read(BlockInputStream.java:222)
	at org.apache.hadoop.ozone.client.io.KeyInputStream.read(KeyInputStream.java:171)
	at org.apache.hadoop.ozone.client.io.OzoneInputStream.read(OzoneInputStream.java:47)
	at java.io.InputStream.read(InputStream.java:101)
	at org.apache.hadoop.ozone.container.ContainerTestHelper.validateData(ContainerTestHelper.java:709)
	at org.apache.hadoop.ozone.client.rpc.TestBlockOutputStreamWithFailures.validateData(TestBlockOutputStreamWithFailures.java:1212)
	at org.apache.hadoop.ozone.client.rpc.TestBlockOutputStreamWithFailures.testDatanodeFailureWithSingleNodeRatis(TestBlockOutputStreamWithFailures.java:1054)
	at sun.reflect.NativeMethodAccessorImpl.invoke0(Native Method)
	at sun.reflect.NativeMethodAccessorImpl.invoke(NativeMethodAccessorImpl.java:62)
	at sun.reflect.DelegatingMethodAccessorImpl.invoke(DelegatingMethodAccessorImpl.java:43)
	at java.lang.reflect.Method.invoke(Method.java:498)
	at org.junit.runners.model.FrameworkMethod$1.runReflectiveCall(FrameworkMethod.java:47)
	at org.junit.internal.runners.model.ReflectiveCallable.run(ReflectiveCallable.java:12)
	at org.junit.runners.model.FrameworkMethod.invokeExplosively(FrameworkMethod.java:44)
	at org.junit.internal.runners.statements.InvokeMethod.evaluate(InvokeMethod.java:17)
	at org.junit.internal.runners.statements.RunBefores.evaluate(RunBefores.java:26)
	at org.junit.internal.runners.statements.RunAfters.evaluate(RunAfters.java:27)
	at org.junit.runners.ParentRunner.runLeaf(ParentRunner.java:271)
	at org.junit.runners.BlockJUnit4ClassRunner.runChild(BlockJUnit4ClassRunner.java:70)
	at org.junit.runners.BlockJUnit4ClassRunner.runChild(BlockJUnit4ClassRunner.java:50)
	at org.junit.runners.ParentRunner$3.run(ParentRunner.java:238)
	at org.junit.runners.ParentRunner$1.schedule(ParentRunner.java:63)
	at org.junit.runners.ParentRunner.runChildren(ParentRunner.java:236)
	at org.junit.runners.ParentRunner.access$000(ParentRunner.java:53)
	at org.junit.runners.ParentRunner$2.evaluate(ParentRunner.java:229)
	at org.junit.runners.ParentRunner.run(ParentRunner.java:309)
	at org.apache.maven.surefire.junit4.JUnit4Provider.execute(JUnit4Provider.java:365)
	at org.apache.maven.surefire.junit4.JUnit4Provider.executeWithRerun(JUnit4Provider.java:273)
	at org.apache.maven.surefire.junit4.JUnit4Provider.executeTestSet(JUnit4Provider.java:238)
	at org.apache.maven.surefire.junit4.JUnit4Provider.invoke(JUnit4Provider.java:159)
	at org.apache.maven.surefire.booter.ForkedBooter.invokeProviderInSameClassLoader(ForkedBooter.java:384)
	at org.apache.maven.surefire.booter.ForkedBooter.runSuitesInProcess(ForkedBooter.java:345)
	at org.apache.maven.surefire.booter.ForkedBooter.execute(ForkedBooter.java:126)
	at org.apache.maven.surefire.booter.ForkedBooter.main(ForkedBooter.java:418)

Jul 16, 2019 2:28:09 PM org.apache.ratis.thirdparty.io.grpc.internal.ManagedChannelOrphanWrapper$ManagedChannelReference cleanQueue
SEVERE: *~*~*~ Channel ManagedChannelImpl{logId=2639, target=192.168.157.241:39874} was not shutdown properly!!! ~*~*~*
    Make sure to call shutdown()/shutdownNow() and wait until awaitTermination() returns true.
java.lang.RuntimeException: ManagedChannel allocation site
	at org.apache.ratis.thirdparty.io.grpc.internal.ManagedChannelOrphanWrapper$ManagedChannelReference.<init>(ManagedChannelOrphanWrapper.java:103)
	at org.apache.ratis.thirdparty.io.grpc.internal.ManagedChannelOrphanWrapper.<init>(ManagedChannelOrphanWrapper.java:53)
	at org.apache.ratis.thirdparty.io.grpc.internal.ManagedChannelOrphanWrapper.<init>(ManagedChannelOrphanWrapper.java:44)
	at org.apache.ratis.thirdparty.io.grpc.internal.AbstractManagedChannelImplBuilder.build(AbstractManagedChannelImplBuilder.java:411)
	at org.apache.ratis.grpc.client.GrpcClientProtocolClient.<init>(GrpcClientProtocolClient.java:119)
	at org.apache.ratis.grpc.client.GrpcClientRpc.lambda$new$0(GrpcClientRpc.java:55)
	at org.apache.ratis.util.PeerProxyMap$PeerAndProxy.lambda$getProxy$0(PeerProxyMap.java:61)
	at org.apache.ratis.util.LifeCycle.startAndTransition(LifeCycle.java:202)
	at org.apache.ratis.util.PeerProxyMap$PeerAndProxy.getProxy(PeerProxyMap.java:60)
	at org.apache.ratis.util.PeerProxyMap.getProxy(PeerProxyMap.java:107)
	at org.apache.ratis.grpc.client.GrpcClientRpc.sendRequestAsync(GrpcClientRpc.java:66)
	at org.apache.ratis.client.impl.OrderedAsync.sendRequest(OrderedAsync.java:208)
	at org.apache.ratis.client.impl.OrderedAsync.sendRequestWithRetry(OrderedAsync.java:169)
	at org.apache.ratis.util.SlidingWindow$Client.sendOrDelayRequest(SlidingWindow.java:278)
	at org.apache.ratis.util.SlidingWindow$Client.submitNewRequest(SlidingWindow.java:257)
	at org.apache.ratis.client.impl.OrderedAsync.send(OrderedAsync.java:155)
	at org.apache.ratis.client.impl.RaftClientImpl.sendAsync(RaftClientImpl.java:145)
	at org.apache.ratis.client.impl.RaftClientImpl.sendAsync(RaftClientImpl.java:125)
	at org.apache.hadoop.hdds.scm.XceiverClientRatis.sendRequestAsync(XceiverClientRatis.java:224)
	at org.apache.hadoop.hdds.scm.XceiverClientRatis.sendCommandAsync(XceiverClientRatis.java:302)
	at org.apache.hadoop.hdds.scm.storage.ContainerProtocolCalls.writeChunkAsync(ContainerProtocolCalls.java:310)
	at org.apache.hadoop.hdds.scm.storage.BlockOutputStream.writeChunkToContainer(BlockOutputStream.java:602)
	at org.apache.hadoop.hdds.scm.storage.BlockOutputStream.writeChunk(BlockOutputStream.java:460)
	at org.apache.hadoop.hdds.scm.storage.BlockOutputStream.writeOnRetry(BlockOutputStream.java:286)
	at org.apache.hadoop.ozone.client.io.BlockOutputStreamEntry.writeOnRetry(BlockOutputStreamEntry.java:200)
	at org.apache.hadoop.ozone.client.io.KeyOutputStream.handleWrite(KeyOutputStream.java:209)
	at org.apache.hadoop.ozone.client.io.KeyOutputStream.handleRetry(KeyOutputStream.java:376)
	at org.apache.hadoop.ozone.client.io.KeyOutputStream.handleException(KeyOutputStream.java:325)
	at org.apache.hadoop.ozone.client.io.KeyOutputStream.handleFlushOrClose(KeyOutputStream.java:448)
	at org.apache.hadoop.ozone.client.io.KeyOutputStream.handleWrite(KeyOutputStream.java:235)
	at org.apache.hadoop.ozone.client.io.KeyOutputStream.write(KeyOutputStream.java:193)
	at org.apache.hadoop.ozone.client.io.OzoneOutputStream.write(OzoneOutputStream.java:49)
	at java.io.OutputStream.write(OutputStream.java:75)
	at org.apache.hadoop.ozone.client.rpc.TestBlockOutputStreamWithFailures.testDatanodeFailureWithSingleNodeRatis(TestBlockOutputStreamWithFailures.java:1017)
	at sun.reflect.NativeMethodAccessorImpl.invoke0(Native Method)
	at sun.reflect.NativeMethodAccessorImpl.invoke(NativeMethodAccessorImpl.java:62)
	at sun.reflect.DelegatingMethodAccessorImpl.invoke(DelegatingMethodAccessorImpl.java:43)
	at java.lang.reflect.Method.invoke(Method.java:498)
	at org.junit.runners.model.FrameworkMethod$1.runReflectiveCall(FrameworkMethod.java:47)
	at org.junit.internal.runners.model.ReflectiveCallable.run(ReflectiveCallable.java:12)
	at org.junit.runners.model.FrameworkMethod.invokeExplosively(FrameworkMethod.java:44)
	at org.junit.internal.runners.statements.InvokeMethod.evaluate(InvokeMethod.java:17)
	at org.junit.internal.runners.statements.RunBefores.evaluate(RunBefores.java:26)
	at org.junit.internal.runners.statements.RunAfters.evaluate(RunAfters.java:27)
	at org.junit.runners.ParentRunner.runLeaf(ParentRunner.java:271)
	at org.junit.runners.BlockJUnit4ClassRunner.runChild(BlockJUnit4ClassRunner.java:70)
	at org.junit.runners.BlockJUnit4ClassRunner.runChild(BlockJUnit4ClassRunner.java:50)
	at org.junit.runners.ParentRunner$3.run(ParentRunner.java:238)
	at org.junit.runners.ParentRunner$1.schedule(ParentRunner.java:63)
	at org.junit.runners.ParentRunner.runChildren(ParentRunner.java:236)
	at org.junit.runners.ParentRunner.access$000(ParentRunner.java:53)
	at org.junit.runners.ParentRunner$2.evaluate(ParentRunner.java:229)
	at org.junit.runners.ParentRunner.run(ParentRunner.java:309)
	at org.apache.maven.surefire.junit4.JUnit4Provider.execute(JUnit4Provider.java:365)
	at org.apache.maven.surefire.junit4.JUnit4Provider.executeWithRerun(JUnit4Provider.java:273)
	at org.apache.maven.surefire.junit4.JUnit4Provider.executeTestSet(JUnit4Provider.java:238)
	at org.apache.maven.surefire.junit4.JUnit4Provider.invoke(JUnit4Provider.java:159)
	at org.apache.maven.surefire.booter.ForkedBooter.invokeProviderInSameClassLoader(ForkedBooter.java:384)
	at org.apache.maven.surefire.booter.ForkedBooter.runSuitesInProcess(ForkedBooter.java:345)
	at org.apache.maven.surefire.booter.ForkedBooter.execute(ForkedBooter.java:126)
	at org.apache.maven.surefire.booter.ForkedBooter.main(ForkedBooter.java:418)

]]></system-err>
  </testcase>
  <testcase name="testWatchForCommitDatanodeFailure" classname="org.apache.hadoop.ozone.client.rpc.TestBlockOutputStreamWithFailures" time="33.327">
    <error type="java.lang.UnsupportedOperationException">java.lang.UnsupportedOperationException
	at java.util.AbstractList.add(AbstractList.java:148)
	at java.util.AbstractList.add(AbstractList.java:108)
	at java.util.AbstractCollection.addAll(AbstractCollection.java:344)
	at org.apache.hadoop.hdds.scm.storage.BlockOutputStream.watchForCommit(BlockOutputStream.java:356)
	at org.apache.hadoop.hdds.scm.storage.BlockOutputStream.handleFlush(BlockOutputStream.java:480)
	at org.apache.hadoop.hdds.scm.storage.BlockOutputStream.close(BlockOutputStream.java:494)
	at org.apache.hadoop.ozone.client.io.BlockOutputStreamEntry.close(BlockOutputStreamEntry.java:143)
	at org.apache.hadoop.ozone.client.io.KeyOutputStream.handleFlushOrClose(KeyOutputStream.java:438)
	at org.apache.hadoop.ozone.client.io.KeyOutputStream.handleWrite(KeyOutputStream.java:235)
	at org.apache.hadoop.ozone.client.io.KeyOutputStream.write(KeyOutputStream.java:193)
	at org.apache.hadoop.ozone.client.io.OzoneOutputStream.write(OzoneOutputStream.java:49)
	at java.io.OutputStream.write(OutputStream.java:75)
	at org.apache.hadoop.ozone.client.rpc.TestBlockOutputStreamWithFailures.testWatchForCommitDatanodeFailure(TestBlockOutputStreamWithFailures.java:363)
	at sun.reflect.NativeMethodAccessorImpl.invoke0(Native Method)
	at sun.reflect.NativeMethodAccessorImpl.invoke(NativeMethodAccessorImpl.java:62)
	at sun.reflect.DelegatingMethodAccessorImpl.invoke(DelegatingMethodAccessorImpl.java:43)
	at java.lang.reflect.Method.invoke(Method.java:498)
	at org.junit.runners.model.FrameworkMethod$1.runReflectiveCall(FrameworkMethod.java:47)
	at org.junit.internal.runners.model.ReflectiveCallable.run(ReflectiveCallable.java:12)
	at org.junit.runners.model.FrameworkMethod.invokeExplosively(FrameworkMethod.java:44)
	at org.junit.internal.runners.statements.InvokeMethod.evaluate(InvokeMethod.java:17)
	at org.junit.internal.runners.statements.RunBefores.evaluate(RunBefores.java:26)
	at org.junit.internal.runners.statements.RunAfters.evaluate(RunAfters.java:27)
	at org.junit.runners.ParentRunner.runLeaf(ParentRunner.java:271)
	at org.junit.runners.BlockJUnit4ClassRunner.runChild(BlockJUnit4ClassRunner.java:70)
	at org.junit.runners.BlockJUnit4ClassRunner.runChild(BlockJUnit4ClassRunner.java:50)
	at org.junit.runners.ParentRunner$3.run(ParentRunner.java:238)
	at org.junit.runners.ParentRunner$1.schedule(ParentRunner.java:63)
	at org.junit.runners.ParentRunner.runChildren(ParentRunner.java:236)
	at org.junit.runners.ParentRunner.access$000(ParentRunner.java:53)
	at org.junit.runners.ParentRunner$2.evaluate(ParentRunner.java:229)
	at org.junit.runners.ParentRunner.run(ParentRunner.java:309)
	at org.apache.maven.surefire.junit4.JUnit4Provider.execute(JUnit4Provider.java:365)
	at org.apache.maven.surefire.junit4.JUnit4Provider.executeWithRerun(JUnit4Provider.java:273)
	at org.apache.maven.surefire.junit4.JUnit4Provider.executeTestSet(JUnit4Provider.java:238)
	at org.apache.maven.surefire.junit4.JUnit4Provider.invoke(JUnit4Provider.java:159)
	at org.apache.maven.surefire.booter.ForkedBooter.invokeProviderInSameClassLoader(ForkedBooter.java:384)
	at org.apache.maven.surefire.booter.ForkedBooter.runSuitesInProcess(ForkedBooter.java:345)
	at org.apache.maven.surefire.booter.ForkedBooter.execute(ForkedBooter.java:126)
	at org.apache.maven.surefire.booter.ForkedBooter.main(ForkedBooter.java:418)
</error>
    <system-out><![CDATA[2019-07-16 14:28:38,867 WARN  server.ServerUtils (ServerUtils.java:getScmDbDir(145)) - ozone.scm.db.dirs is not configured. We recommend adding this setting. Falling back to ozone.metadata.dirs instead.
2019-07-16 14:28:38,892 WARN  server.ServerUtils (ServerUtils.java:getScmDbDir(145)) - ozone.scm.db.dirs is not configured. We recommend adding this setting. Falling back to ozone.metadata.dirs instead.
2019-07-16 14:28:38,892 WARN  server.ServerUtils (ServerUtils.java:getScmDbDir(145)) - ozone.scm.db.dirs is not configured. We recommend adding this setting. Falling back to ozone.metadata.dirs instead.
2019-07-16 14:28:38,893 INFO  db.DBStoreBuilder (DBStoreBuilder.java:addTable(110)) - using custom profile for table: deletedBlocks
2019-07-16 14:28:38,893 INFO  db.DBStoreBuilder (DBStoreBuilder.java:processTables(161)) - Using default column profile:DBProfile.DISK for Table:deletedBlocks
2019-07-16 14:28:38,894 INFO  db.DBStoreBuilder (DBStoreBuilder.java:addTable(110)) - using custom profile for table: validCerts
2019-07-16 14:28:38,894 INFO  db.DBStoreBuilder (DBStoreBuilder.java:processTables(161)) - Using default column profile:DBProfile.DISK for Table:validCerts
2019-07-16 14:28:38,894 INFO  db.DBStoreBuilder (DBStoreBuilder.java:addTable(110)) - using custom profile for table: revokedCerts
2019-07-16 14:28:38,894 INFO  db.DBStoreBuilder (DBStoreBuilder.java:processTables(161)) - Using default column profile:DBProfile.DISK for Table:revokedCerts
2019-07-16 14:28:38,895 INFO  db.DBStoreBuilder (DBStoreBuilder.java:addTable(110)) - using custom profile for table: default
2019-07-16 14:28:38,895 INFO  db.DBStoreBuilder (DBStoreBuilder.java:processTables(167)) - Using default column profile:DBProfile.DISK for Table:default
2019-07-16 14:28:38,895 INFO  db.DBStoreBuilder (DBStoreBuilder.java:getDbProfile(198)) - Using default options. DBProfile.DISK
2019-07-16 14:28:39,055 INFO  net.NodeSchemaLoader (NodeSchemaLoader.java:loadSchemaFromFile(125)) - Loading file from sun.misc.CompoundEnumeration@5f3bc119
2019-07-16 14:28:39,056 INFO  net.NodeSchemaLoader (NodeSchemaLoader.java:loadSchema(171)) - Loading network topology layer schema file
2019-07-16 14:28:39,061 INFO  node.SCMNodeManager (SCMNodeManager.java:<init>(119)) - Entering startup safe mode.
2019-07-16 14:28:39,061 WARN  server.ServerUtils (ServerUtils.java:getScmDbDir(145)) - ozone.scm.db.dirs is not configured. We recommend adding this setting. Falling back to ozone.metadata.dirs instead.
2019-07-16 14:28:39,110 INFO  pipeline.SCMPipelineManager (SCMPipelineManager.java:initializePipelineState(126)) - No pipeline exists in current db
2019-07-16 14:28:39,110 WARN  server.ServerUtils (ServerUtils.java:getScmDbDir(145)) - ozone.scm.db.dirs is not configured. We recommend adding this setting. Falling back to ozone.metadata.dirs instead.
2019-07-16 14:28:39,152 WARN  events.EventQueue (EventQueue.java:fireEvent(175)) - No event handler registered for event TypedEvent{payloadType=SafeModeStatus, name='SafeModeStatus'}
2019-07-16 14:28:39,153 INFO  ipc.CallQueueManager (CallQueueManager.java:<init>(84)) - Using callQueue: class java.util.concurrent.LinkedBlockingQueue, queueCapacity: 2000, scheduler: class org.apache.hadoop.ipc.DefaultRpcScheduler, ipcBackoff: false.
2019-07-16 14:28:39,154 INFO  ipc.Server (Server.java:run(1074)) - Starting Socket Reader #1 for port 40949
2019-07-16 14:28:39,156 INFO  ipc.CallQueueManager (CallQueueManager.java:<init>(84)) - Using callQueue: class java.util.concurrent.LinkedBlockingQueue, queueCapacity: 2000, scheduler: class org.apache.hadoop.ipc.DefaultRpcScheduler, ipcBackoff: false.
2019-07-16 14:28:39,157 INFO  ipc.Server (Server.java:run(1074)) - Starting Socket Reader #1 for port 43014
2019-07-16 14:28:39,158 INFO  ipc.CallQueueManager (CallQueueManager.java:<init>(84)) - Using callQueue: class java.util.concurrent.LinkedBlockingQueue, queueCapacity: 2000, scheduler: class org.apache.hadoop.ipc.DefaultRpcScheduler, ipcBackoff: false.
2019-07-16 14:28:39,159 INFO  ipc.Server (Server.java:run(1074)) - Starting Socket Reader #1 for port 41778
2019-07-16 14:28:39,161 INFO  hdfs.DFSUtil (DFSUtil.java:httpServerTemplateForNNAndJN(1641)) - Starting Web-server for scm at: http://0.0.0.0:0
2019-07-16 14:28:39,163 INFO  server.AuthenticationFilter (AuthenticationFilter.java:constructSecretProvider(240)) - Unable to initialize FileSignerSecretProvider, falling back to use random secrets.
2019-07-16 14:28:39,164 WARN  http.HttpRequestLog (HttpRequestLog.java:getRequestLog(97)) - Jetty request log can only be enabled using Log4j
2019-07-16 14:28:39,166 INFO  http.HttpServer2 (HttpServer2.java:addGlobalFilter(975)) - Added global filter 'safety' (class=org.apache.hadoop.http.HttpServer2$QuotingInputFilter)
2019-07-16 14:28:39,167 INFO  http.HttpServer2 (HttpServer2.java:addFilter(948)) - Added filter static_user_filter (class=org.apache.hadoop.http.lib.StaticUserWebFilter$StaticUserFilter) to context scm
2019-07-16 14:28:39,167 INFO  http.HttpServer2 (HttpServer2.java:addFilter(958)) - Added filter static_user_filter (class=org.apache.hadoop.http.lib.StaticUserWebFilter$StaticUserFilter) to context static
2019-07-16 14:28:39,167 INFO  http.HttpServer2 (HttpServer2.java:addFilter(958)) - Added filter static_user_filter (class=org.apache.hadoop.http.lib.StaticUserWebFilter$StaticUserFilter) to context logs
2019-07-16 14:28:39,170 INFO  server.StorageContainerManager (StorageContainerManager.java:start(759)) - StorageContainerLocationProtocol RPC server is listening at /0.0.0.0:41778
2019-07-16 14:28:39,172 WARN  impl.MetricsConfig (MetricsConfig.java:loadFirst(134)) - Cannot locate configuration: tried hadoop-metrics2-storagecontainermanager.properties,hadoop-metrics2.properties
2019-07-16 14:28:39,173 INFO  impl.MetricsSystemImpl (MetricsSystemImpl.java:startTimer(374)) - Scheduled Metric snapshot period at 10 second(s).
2019-07-16 14:28:39,174 INFO  impl.MetricsSystemImpl (MetricsSystemImpl.java:start(191)) - StorageContainerManager metrics system started
2019-07-16 14:28:39,225 INFO  server.SCMClientProtocolServer (SCMClientProtocolServer.java:start(149)) - RPC server for Client  is listening at /0.0.0.0:41778
2019-07-16 14:28:39,225 INFO  ipc.Server (Server.java:run(1314)) - IPC Server Responder: starting
2019-07-16 14:28:39,225 INFO  ipc.Server (Server.java:run(1153)) - IPC Server listener on 41778: starting
2019-07-16 14:28:39,231 INFO  server.StorageContainerManager (StorageContainerManager.java:start(768)) - ScmBlockLocationProtocol RPC server is listening at /0.0.0.0:43014
2019-07-16 14:28:39,232 INFO  server.SCMBlockProtocolServer (SCMBlockProtocolServer.java:start(140)) - RPC server for Block Protocol is listening at /0.0.0.0:43014
2019-07-16 14:28:39,232 INFO  ipc.Server (Server.java:run(1314)) - IPC Server Responder: starting
2019-07-16 14:28:39,232 INFO  ipc.Server (Server.java:run(1153)) - IPC Server listener on 43014: starting
2019-07-16 14:28:39,237 INFO  server.StorageContainerManager (StorageContainerManager.java:start(772)) - ScmDatanodeProtocl RPC server is listening at /0.0.0.0:40949
2019-07-16 14:28:39,237 INFO  server.SCMDatanodeProtocolServer (SCMDatanodeProtocolServer.java:start(191)) - RPC server for DataNodes is listening at /0.0.0.0:40949
2019-07-16 14:28:39,237 INFO  ipc.Server (Server.java:run(1314)) - IPC Server Responder: starting
2019-07-16 14:28:39,237 INFO  ipc.Server (Server.java:run(1153)) - IPC Server listener on 40949: starting
2019-07-16 14:28:39,242 INFO  http.HttpServer2 (HttpServer2.java:bindListener(1191)) - Jetty bound to port 44353
2019-07-16 14:28:39,242 INFO  server.Server (Server.java:doStart(351)) - jetty-9.3.24.v20180605, build timestamp: 2018-06-05T17:11:56Z, git hash: 84205aa28f11a4f31f2a3b86d1bba2cc8ab69827
2019-07-16 14:28:39,244 INFO  handler.ContextHandler (ContextHandler.java:doStart(781)) - Started o.e.j.s.ServletContextHandler@4c90fc3b{/logs,file:///workdir/hadoop-ozone/integration-test/target/log,AVAILABLE}
2019-07-16 14:28:39,245 INFO  handler.ContextHandler (ContextHandler.java:doStart(781)) - Started o.e.j.s.ServletContextHandler@5dfb078{/static,file:///workdir/hadoop-ozone/integration-test/target/test-classes/webapps/static,AVAILABLE}
2019-07-16 14:28:39,251 INFO  handler.ContextHandler (ContextHandler.java:doStart(781)) - Started o.e.j.w.WebAppContext@23cfc9eb{/,file:///workdir/hadoop-ozone/integration-test/target/test-classes/webapps/scm/,AVAILABLE}{/scm}
2019-07-16 14:28:39,251 INFO  server.AbstractConnector (AbstractConnector.java:doStart(278)) - Started ServerConnector@14af9f51{HTTP/1.1,[http/1.1]}{0.0.0.0:44353}
2019-07-16 14:28:39,252 INFO  server.Server (Server.java:doStart(419)) - Started @592548ms
2019-07-16 14:28:39,253 INFO  server.BaseHttpServer (BaseHttpServer.java:updateConnectorAddress(207)) - HTTP server of SCM is listening at http://0.0.0.0:44353
2019-07-16 14:28:39,254 WARN  server.ServerUtils (ServerUtils.java:getDBPath(222)) - ozone.om.db.dirs is not configured. We recommend adding this setting. Falling back to ozone.metadata.dirs instead.
2019-07-16 14:28:39,255 INFO  util.JvmPauseMonitor (JvmPauseMonitor.java:run(188)) - Starting JVM pause monitor
2019-07-16 14:28:39,269 WARN  server.ServerUtils (ServerUtils.java:getDBPath(222)) - ozone.om.db.dirs is not configured. We recommend adding this setting. Falling back to ozone.metadata.dirs instead.
2019-07-16 14:28:39,270 INFO  om.OzoneManager (OzoneManager.java:setOMNodeDetails(626)) - OM Service ID is not set. Setting it to the default ID: omServiceIdDefault
2019-07-16 14:28:39,270 INFO  om.OzoneManager (OzoneManager.java:setOMNodeDetails(632)) - OM Node ID is not set. Setting it to the OmStorage's OmID: 784a4ebe-6630-47fd-afcd-0f0a337f2e4c
2019-07-16 14:28:39,270 INFO  om.OzoneManager (OzoneManager.java:loadOMHAConfigs(583)) - Found matching OM address with OMServiceId: null, OMNodeId: null, RPC Address: localhost:0 and Ratis port: 9872
2019-07-16 14:28:39,277 WARN  server.ServerUtils (ServerUtils.java:getDBPath(222)) - ozone.om.db.dirs is not configured. We recommend adding this setting. Falling back to ozone.metadata.dirs instead.
2019-07-16 14:28:39,277 INFO  db.DBStoreBuilder (DBStoreBuilder.java:addTable(110)) - using custom profile for table: userTable
2019-07-16 14:28:39,277 INFO  db.DBStoreBuilder (DBStoreBuilder.java:processTables(161)) - Using default column profile:DBProfile.DISK for Table:userTable
2019-07-16 14:28:39,278 INFO  db.DBStoreBuilder (DBStoreBuilder.java:addTable(110)) - using custom profile for table: volumeTable
2019-07-16 14:28:39,278 INFO  db.DBStoreBuilder (DBStoreBuilder.java:processTables(161)) - Using default column profile:DBProfile.DISK for Table:volumeTable
2019-07-16 14:28:39,278 INFO  db.DBStoreBuilder (DBStoreBuilder.java:addTable(110)) - using custom profile for table: bucketTable
2019-07-16 14:28:39,278 INFO  db.DBStoreBuilder (DBStoreBuilder.java:processTables(161)) - Using default column profile:DBProfile.DISK for Table:bucketTable
2019-07-16 14:28:39,279 INFO  db.DBStoreBuilder (DBStoreBuilder.java:addTable(110)) - using custom profile for table: keyTable
2019-07-16 14:28:39,279 INFO  db.DBStoreBuilder (DBStoreBuilder.java:processTables(161)) - Using default column profile:DBProfile.DISK for Table:keyTable
2019-07-16 14:28:39,279 INFO  db.DBStoreBuilder (DBStoreBuilder.java:addTable(110)) - using custom profile for table: deletedTable
2019-07-16 14:28:39,279 INFO  db.DBStoreBuilder (DBStoreBuilder.java:processTables(161)) - Using default column profile:DBProfile.DISK for Table:deletedTable
2019-07-16 14:28:39,280 INFO  db.DBStoreBuilder (DBStoreBuilder.java:addTable(110)) - using custom profile for table: openKeyTable
2019-07-16 14:28:39,280 INFO  db.DBStoreBuilder (DBStoreBuilder.java:processTables(161)) - Using default column profile:DBProfile.DISK for Table:openKeyTable
2019-07-16 14:28:39,280 INFO  db.DBStoreBuilder (DBStoreBuilder.java:addTable(110)) - using custom profile for table: s3Table
2019-07-16 14:28:39,280 INFO  db.DBStoreBuilder (DBStoreBuilder.java:processTables(161)) - Using default column profile:DBProfile.DISK for Table:s3Table
2019-07-16 14:28:39,280 INFO  db.DBStoreBuilder (DBStoreBuilder.java:addTable(110)) - using custom profile for table: multipartInfoTable
2019-07-16 14:28:39,281 INFO  db.DBStoreBuilder (DBStoreBuilder.java:processTables(161)) - Using default column profile:DBProfile.DISK for Table:multipartInfoTable
2019-07-16 14:28:39,281 INFO  db.DBStoreBuilder (DBStoreBuilder.java:addTable(110)) - using custom profile for table: dTokenTable
2019-07-16 14:28:39,281 INFO  db.DBStoreBuilder (DBStoreBuilder.java:processTables(161)) - Using default column profile:DBProfile.DISK for Table:dTokenTable
2019-07-16 14:28:39,281 INFO  db.DBStoreBuilder (DBStoreBuilder.java:addTable(110)) - using custom profile for table: s3SecretTable
2019-07-16 14:28:39,281 INFO  db.DBStoreBuilder (DBStoreBuilder.java:processTables(161)) - Using default column profile:DBProfile.DISK for Table:s3SecretTable
2019-07-16 14:28:39,282 INFO  db.DBStoreBuilder (DBStoreBuilder.java:addTable(110)) - using custom profile for table: prefixTable
2019-07-16 14:28:39,282 INFO  db.DBStoreBuilder (DBStoreBuilder.java:processTables(161)) - Using default column profile:DBProfile.DISK for Table:prefixTable
2019-07-16 14:28:39,282 INFO  db.DBStoreBuilder (DBStoreBuilder.java:addTable(110)) - using custom profile for table: default
2019-07-16 14:28:39,282 INFO  db.DBStoreBuilder (DBStoreBuilder.java:processTables(167)) - Using default column profile:DBProfile.DISK for Table:default
2019-07-16 14:28:39,282 INFO  db.DBStoreBuilder (DBStoreBuilder.java:getDbProfile(198)) - Using default options. DBProfile.DISK
2019-07-16 14:28:39,744 INFO  ipc.CallQueueManager (CallQueueManager.java:<init>(84)) - Using callQueue: class java.util.concurrent.LinkedBlockingQueue, queueCapacity: 2000, scheduler: class org.apache.hadoop.ipc.DefaultRpcScheduler, ipcBackoff: false.
2019-07-16 14:28:39,745 INFO  ipc.Server (Server.java:run(1074)) - Starting Socket Reader #1 for port 43906
2019-07-16 14:28:39,760 WARN  server.ServerUtils (ServerUtils.java:getDBPath(222)) - ozone.om.db.dirs is not configured. We recommend adding this setting. Falling back to ozone.metadata.dirs instead.
2019-07-16 14:28:39,761 INFO  om.OzoneManager (OzoneManager.java:start(1224)) - OzoneManager RPC server is listening at localhost/127.0.0.1:43906
2019-07-16 14:28:39,761 INFO  impl.MetricsSystemImpl (MetricsSystemImpl.java:init(158)) - OzoneManager metrics system started (again)
2019-07-16 14:28:39,762 INFO  ipc.Server (Server.java:run(1314)) - IPC Server Responder: starting
2019-07-16 14:28:39,762 INFO  ipc.Server (Server.java:run(1153)) - IPC Server listener on 43906: starting
2019-07-16 14:28:39,767 INFO  hdfs.DFSUtil (DFSUtil.java:httpServerTemplateForNNAndJN(1641)) - Starting Web-server for ozoneManager at: http://0.0.0.0:0
2019-07-16 14:28:39,769 INFO  server.AuthenticationFilter (AuthenticationFilter.java:constructSecretProvider(240)) - Unable to initialize FileSignerSecretProvider, falling back to use random secrets.
2019-07-16 14:28:39,770 WARN  http.HttpRequestLog (HttpRequestLog.java:getRequestLog(97)) - Jetty request log can only be enabled using Log4j
2019-07-16 14:28:39,771 INFO  http.HttpServer2 (HttpServer2.java:addGlobalFilter(975)) - Added global filter 'safety' (class=org.apache.hadoop.http.HttpServer2$QuotingInputFilter)
2019-07-16 14:28:39,772 INFO  http.HttpServer2 (HttpServer2.java:addFilter(948)) - Added filter static_user_filter (class=org.apache.hadoop.http.lib.StaticUserWebFilter$StaticUserFilter) to context ozoneManager
2019-07-16 14:28:39,772 INFO  http.HttpServer2 (HttpServer2.java:addFilter(958)) - Added filter static_user_filter (class=org.apache.hadoop.http.lib.StaticUserWebFilter$StaticUserFilter) to context logs
2019-07-16 14:28:39,772 INFO  http.HttpServer2 (HttpServer2.java:addFilter(958)) - Added filter static_user_filter (class=org.apache.hadoop.http.lib.StaticUserWebFilter$StaticUserFilter) to context static
2019-07-16 14:28:39,773 INFO  http.HttpServer2 (HttpServer2.java:bindListener(1191)) - Jetty bound to port 35355
2019-07-16 14:28:39,773 INFO  server.Server (Server.java:doStart(351)) - jetty-9.3.24.v20180605, build timestamp: 2018-06-05T17:11:56Z, git hash: 84205aa28f11a4f31f2a3b86d1bba2cc8ab69827
2019-07-16 14:28:39,775 INFO  handler.ContextHandler (ContextHandler.java:doStart(781)) - Started o.e.j.s.ServletContextHandler@4ed90b04{/logs,file:///workdir/hadoop-ozone/integration-test/target/log,AVAILABLE}
2019-07-16 14:28:39,776 INFO  handler.ContextHandler (ContextHandler.java:doStart(781)) - Started o.e.j.s.ServletContextHandler@7dd92a36{/static,file:///workdir/hadoop-ozone/integration-test/target/test-classes/webapps/static,AVAILABLE}
2019-07-16 14:28:39,780 INFO  handler.ContextHandler (ContextHandler.java:doStart(781)) - Started o.e.j.w.WebAppContext@31ecb361{/,file:///workdir/hadoop-ozone/integration-test/target/test-classes/webapps/ozoneManager/,AVAILABLE}{/ozoneManager}
2019-07-16 14:28:39,780 INFO  server.AbstractConnector (AbstractConnector.java:doStart(278)) - Started ServerConnector@3d84f113{HTTP/1.1,[http/1.1]}{0.0.0.0:35355}
2019-07-16 14:28:39,781 INFO  server.Server (Server.java:doStart(419)) - Started @593078ms
2019-07-16 14:28:39,782 INFO  server.BaseHttpServer (BaseHttpServer.java:updateConnectorAddress(207)) - HTTP server of OZONEMANAGER is listening at http://0.0.0.0:35355
2019-07-16 14:28:39,796 INFO  impl.MetricsSystemImpl (MetricsSystemImpl.java:init(158)) - HddsDatanode metrics system started (again)
2019-07-16 14:28:39,796 INFO  ozone.HddsDatanodeService (HddsDatanodeService.java:start(185)) - HddsDatanodeService host:trunk-nightly-gllmw-2332419065 ip:192.168.157.241
2019-07-16 14:28:39,807 INFO  volume.HddsVolume (HddsVolume.java:<init>(176)) - Creating Volume: /workdir/hadoop-ozone/integration-test/target/test-dir/MiniOzoneClusterImpl-0f602919-0210-418c-bc40-44414be8bf8b/datanode-0/data/containers/hdds of  storage type : DISK and capacity : 52710309888
2019-07-16 14:28:39,807 INFO  volume.VolumeSet (VolumeSet.java:initializeVolumeSet(170)) - Added Volume : /workdir/hadoop-ozone/integration-test/target/test-dir/MiniOzoneClusterImpl-0f602919-0210-418c-bc40-44414be8bf8b/datanode-0/data/containers/hdds to VolumeSet
2019-07-16 14:28:39,808 INFO  volume.ThrottledAsyncChecker (ThrottledAsyncChecker.java:schedule(140)) - Scheduling a check for org.apache.hadoop.ozone.container.common.volume.HddsVolume@4512f5f1
2019-07-16 14:28:39,808 INFO  volume.HddsVolumeChecker (HddsVolumeChecker.java:checkAllVolumes(203)) - Scheduled health check for volume org.apache.hadoop.ozone.container.common.volume.HddsVolume@4512f5f1
2019-07-16 14:28:39,822 INFO  impl.RaftServerProxy (ConfUtils.java:logGet(43)) - raft.rpc.type = GRPC (default)
2019-07-16 14:28:39,822 INFO  grpc.GrpcFactory (GrpcFactory.java:checkPooledByteBufAllocatorUseCacheForAllThreads(45)) - PERFORMANCE WARNING: useCacheForAllThreads is true that may cause Netty to create a lot garbage objects and, as a result, trigger GC.
	It is recommended to disable useCacheForAllThreads by setting -Dorg.apache.ratis.thirdparty.io.netty.allocator.useCacheForAllThreads=false in command line.
2019-07-16 14:28:39,822 INFO  grpc.GrpcConfigKeys$Server (ConfUtils.java:logGet(43)) - raft.grpc.server.port = 0 (default)
2019-07-16 14:28:39,823 INFO  server.GrpcService (ConfUtils.java:logGet(43)) - raft.grpc.message.size.max = 33570816 (custom)
2019-07-16 14:28:39,823 INFO  server.RaftServerConfigKeys (ConfUtils.java:logGet(43)) - raft.server.log.appender.buffer.byte-limit = 33554432 (custom)
2019-07-16 14:28:39,823 INFO  server.GrpcService (ConfUtils.java:logGet(43)) - raft.grpc.flow.control.window = 1MB (=1048576) (default)
2019-07-16 14:28:39,823 INFO  server.RaftServerConfigKeys (ConfUtils.java:logGet(43)) - raft.server.rpc.request.timeout = 3000ms (default)
2019-07-16 14:28:39,824 INFO  server.RaftServerConfigKeys (ConfUtils.java:logGet(43)) - raft.server.storage.dir = [/workdir/hadoop-ozone/integration-test/target/test-dir/MiniOzoneClusterImpl-0f602919-0210-418c-bc40-44414be8bf8b/datanode-0/data/ratis] (custom)
2019-07-16 14:28:39,824 INFO  replication.SimpleContainerDownloader (SimpleContainerDownloader.java:<init>(72)) - Starting container downloader service to copy containers to replicate.
2019-07-16 14:28:39,825 INFO  hdfs.DFSUtil (DFSUtil.java:httpServerTemplateForNNAndJN(1641)) - Starting Web-server for hddsDatanode at: http://0.0.0.0:0
2019-07-16 14:28:39,826 INFO  server.AuthenticationFilter (AuthenticationFilter.java:constructSecretProvider(240)) - Unable to initialize FileSignerSecretProvider, falling back to use random secrets.
2019-07-16 14:28:39,827 WARN  http.HttpRequestLog (HttpRequestLog.java:getRequestLog(97)) - Jetty request log can only be enabled using Log4j
2019-07-16 14:28:39,828 INFO  http.HttpServer2 (HttpServer2.java:addGlobalFilter(975)) - Added global filter 'safety' (class=org.apache.hadoop.http.HttpServer2$QuotingInputFilter)
2019-07-16 14:28:39,828 INFO  http.HttpServer2 (HttpServer2.java:addFilter(948)) - Added filter static_user_filter (class=org.apache.hadoop.http.lib.StaticUserWebFilter$StaticUserFilter) to context hddsDatanode
2019-07-16 14:28:39,828 INFO  http.HttpServer2 (HttpServer2.java:addFilter(958)) - Added filter static_user_filter (class=org.apache.hadoop.http.lib.StaticUserWebFilter$StaticUserFilter) to context static
2019-07-16 14:28:39,829 INFO  http.HttpServer2 (HttpServer2.java:addFilter(958)) - Added filter static_user_filter (class=org.apache.hadoop.http.lib.StaticUserWebFilter$StaticUserFilter) to context logs
2019-07-16 14:28:39,829 INFO  http.HttpServer2 (HttpServer2.java:bindListener(1191)) - Jetty bound to port 33842
2019-07-16 14:28:39,829 INFO  server.Server (Server.java:doStart(351)) - jetty-9.3.24.v20180605, build timestamp: 2018-06-05T17:11:56Z, git hash: 84205aa28f11a4f31f2a3b86d1bba2cc8ab69827
2019-07-16 14:28:39,831 INFO  handler.ContextHandler (ContextHandler.java:doStart(781)) - Started o.e.j.s.ServletContextHandler@34f3c920{/logs,file:///workdir/hadoop-ozone/integration-test/target/log,AVAILABLE}
2019-07-16 14:28:39,831 INFO  handler.ContextHandler (ContextHandler.java:doStart(781)) - Started o.e.j.s.ServletContextHandler@73bd146c{/static,jar:file:/home/user/.m2/repository/org/apache/hadoop/hadoop-hdds-container-service/0.5.0-SNAPSHOT/hadoop-hdds-container-service-0.5.0-SNAPSHOT.jar!/webapps/static,AVAILABLE}
2019-07-16 14:28:39,858 INFO  handler.ContextHandler (ContextHandler.java:doStart(781)) - Started o.e.j.w.WebAppContext@1bd5b1c8{/,file:///tmp/jetty-0.0.0.0-33842-hddsDatanode-_-any-8155718136904644489.dir/webapp/,AVAILABLE}{/hddsDatanode}
2019-07-16 14:28:39,858 INFO  server.AbstractConnector (AbstractConnector.java:doStart(278)) - Started ServerConnector@569026df{HTTP/1.1,[http/1.1]}{0.0.0.0:33842}
2019-07-16 14:28:39,859 INFO  server.Server (Server.java:doStart(419)) - Started @593155ms
2019-07-16 14:28:39,860 INFO  server.BaseHttpServer (BaseHttpServer.java:updateConnectorAddress(207)) - HTTP server of HDDSDATANODE is listening at http://0.0.0.0:33842
2019-07-16 14:28:39,968 INFO  ozone.HddsDatanodeService (HddsDatanodeService.java:startPlugins(396)) - Started plug-in org.apache.hadoop.ozone.web.OzoneHddsDatanodeService@73b71935
2019-07-16 14:28:39,969 INFO  impl.MetricsSystemImpl (MetricsSystemImpl.java:init(158)) - HddsDatanode metrics system started (again)
2019-07-16 14:28:39,971 INFO  ozone.HddsDatanodeService (HddsDatanodeService.java:start(185)) - HddsDatanodeService host:trunk-nightly-gllmw-2332419065 ip:192.168.157.241
2019-07-16 14:28:39,972 INFO  util.JvmPauseMonitor (JvmPauseMonitor.java:run(188)) - Starting JVM pause monitor
2019-07-16 14:28:39,973 INFO  datanode.InitDatanodeState (InitDatanodeState.java:persistContainerDatanodeDetails(140)) - DatanodeDetails is persisted to /workdir/hadoop-ozone/integration-test/target/test-dir/MiniOzoneClusterImpl-0f602919-0210-418c-bc40-44414be8bf8b/datanode-0/meta/datanode.id
2019-07-16 14:28:39,981 INFO  volume.HddsVolume (HddsVolume.java:<init>(176)) - Creating Volume: /workdir/hadoop-ozone/integration-test/target/test-dir/MiniOzoneClusterImpl-0f602919-0210-418c-bc40-44414be8bf8b/datanode-1/data/containers/hdds of  storage type : DISK and capacity : 52710309888
2019-07-16 14:28:39,982 INFO  volume.VolumeSet (VolumeSet.java:initializeVolumeSet(170)) - Added Volume : /workdir/hadoop-ozone/integration-test/target/test-dir/MiniOzoneClusterImpl-0f602919-0210-418c-bc40-44414be8bf8b/datanode-1/data/containers/hdds to VolumeSet
2019-07-16 14:28:39,982 INFO  volume.ThrottledAsyncChecker (ThrottledAsyncChecker.java:schedule(140)) - Scheduling a check for org.apache.hadoop.ozone.container.common.volume.HddsVolume@58dd1d0c
2019-07-16 14:28:39,983 INFO  volume.HddsVolumeChecker (HddsVolumeChecker.java:checkAllVolumes(203)) - Scheduled health check for volume org.apache.hadoop.ozone.container.common.volume.HddsVolume@58dd1d0c
2019-07-16 14:28:40,000 INFO  impl.RaftServerProxy (ConfUtils.java:logGet(43)) - raft.rpc.type = GRPC (default)
2019-07-16 14:28:40,000 INFO  grpc.GrpcFactory (GrpcFactory.java:checkPooledByteBufAllocatorUseCacheForAllThreads(45)) - PERFORMANCE WARNING: useCacheForAllThreads is true that may cause Netty to create a lot garbage objects and, as a result, trigger GC.
	It is recommended to disable useCacheForAllThreads by setting -Dorg.apache.ratis.thirdparty.io.netty.allocator.useCacheForAllThreads=false in command line.
2019-07-16 14:28:40,001 INFO  grpc.GrpcConfigKeys$Server (ConfUtils.java:logGet(43)) - raft.grpc.server.port = 0 (default)
2019-07-16 14:28:40,001 INFO  server.GrpcService (ConfUtils.java:logGet(43)) - raft.grpc.message.size.max = 33570816 (custom)
2019-07-16 14:28:40,001 INFO  server.RaftServerConfigKeys (ConfUtils.java:logGet(43)) - raft.server.log.appender.buffer.byte-limit = 33554432 (custom)
2019-07-16 14:28:40,001 INFO  server.GrpcService (ConfUtils.java:logGet(43)) - raft.grpc.flow.control.window = 1MB (=1048576) (default)
2019-07-16 14:28:40,001 INFO  server.RaftServerConfigKeys (ConfUtils.java:logGet(43)) - raft.server.rpc.request.timeout = 3000ms (default)
2019-07-16 14:28:40,002 INFO  server.RaftServerConfigKeys (ConfUtils.java:logGet(43)) - raft.server.storage.dir = [/workdir/hadoop-ozone/integration-test/target/test-dir/MiniOzoneClusterImpl-0f602919-0210-418c-bc40-44414be8bf8b/datanode-1/data/ratis] (custom)
2019-07-16 14:28:40,002 INFO  replication.SimpleContainerDownloader (SimpleContainerDownloader.java:<init>(72)) - Starting container downloader service to copy containers to replicate.
2019-07-16 14:28:40,004 INFO  hdfs.DFSUtil (DFSUtil.java:httpServerTemplateForNNAndJN(1641)) - Starting Web-server for hddsDatanode at: http://0.0.0.0:0
2019-07-16 14:28:40,006 INFO  server.AuthenticationFilter (AuthenticationFilter.java:constructSecretProvider(240)) - Unable to initialize FileSignerSecretProvider, falling back to use random secrets.
2019-07-16 14:28:40,006 WARN  http.HttpRequestLog (HttpRequestLog.java:getRequestLog(97)) - Jetty request log can only be enabled using Log4j
2019-07-16 14:28:40,008 INFO  http.HttpServer2 (HttpServer2.java:addGlobalFilter(975)) - Added global filter 'safety' (class=org.apache.hadoop.http.HttpServer2$QuotingInputFilter)
2019-07-16 14:28:40,009 INFO  http.HttpServer2 (HttpServer2.java:addFilter(948)) - Added filter static_user_filter (class=org.apache.hadoop.http.lib.StaticUserWebFilter$StaticUserFilter) to context hddsDatanode
2019-07-16 14:28:40,009 INFO  http.HttpServer2 (HttpServer2.java:addFilter(958)) - Added filter static_user_filter (class=org.apache.hadoop.http.lib.StaticUserWebFilter$StaticUserFilter) to context logs
2019-07-16 14:28:40,009 INFO  http.HttpServer2 (HttpServer2.java:addFilter(958)) - Added filter static_user_filter (class=org.apache.hadoop.http.lib.StaticUserWebFilter$StaticUserFilter) to context static
2019-07-16 14:28:40,010 INFO  http.HttpServer2 (HttpServer2.java:bindListener(1191)) - Jetty bound to port 38957
2019-07-16 14:28:40,010 INFO  server.Server (Server.java:doStart(351)) - jetty-9.3.24.v20180605, build timestamp: 2018-06-05T17:11:56Z, git hash: 84205aa28f11a4f31f2a3b86d1bba2cc8ab69827
2019-07-16 14:28:40,012 INFO  handler.ContextHandler (ContextHandler.java:doStart(781)) - Started o.e.j.s.ServletContextHandler@7d0e46dd{/logs,file:///workdir/hadoop-ozone/integration-test/target/log,AVAILABLE}
2019-07-16 14:28:40,012 INFO  handler.ContextHandler (ContextHandler.java:doStart(781)) - Started o.e.j.s.ServletContextHandler@2cd6fae8{/static,jar:file:/home/user/.m2/repository/org/apache/hadoop/hadoop-hdds-container-service/0.5.0-SNAPSHOT/hadoop-hdds-container-service-0.5.0-SNAPSHOT.jar!/webapps/static,AVAILABLE}
2019-07-16 14:28:40,049 INFO  handler.ContextHandler (ContextHandler.java:doStart(781)) - Started o.e.j.w.WebAppContext@2f53e07d{/,file:///tmp/jetty-0.0.0.0-38957-hddsDatanode-_-any-3449039334423351168.dir/webapp/,AVAILABLE}{/hddsDatanode}
2019-07-16 14:28:40,049 INFO  server.AbstractConnector (AbstractConnector.java:doStart(278)) - Started ServerConnector@5c3ad125{HTTP/1.1,[http/1.1]}{0.0.0.0:38957}
2019-07-16 14:28:40,050 INFO  server.Server (Server.java:doStart(419)) - Started @593346ms
2019-07-16 14:28:40,051 INFO  server.BaseHttpServer (BaseHttpServer.java:updateConnectorAddress(207)) - HTTP server of HDDSDATANODE is listening at http://0.0.0.0:38957
2019-07-16 14:28:40,154 INFO  ozone.HddsDatanodeService (HddsDatanodeService.java:startPlugins(396)) - Started plug-in org.apache.hadoop.ozone.web.OzoneHddsDatanodeService@a94c8e3
2019-07-16 14:28:40,154 INFO  impl.MetricsSystemImpl (MetricsSystemImpl.java:init(158)) - HddsDatanode metrics system started (again)
2019-07-16 14:28:40,156 INFO  ozone.HddsDatanodeService (HddsDatanodeService.java:start(185)) - HddsDatanodeService host:trunk-nightly-gllmw-2332419065 ip:192.168.157.241
2019-07-16 14:28:40,158 INFO  util.JvmPauseMonitor (JvmPauseMonitor.java:run(188)) - Starting JVM pause monitor
2019-07-16 14:28:40,159 INFO  datanode.InitDatanodeState (InitDatanodeState.java:persistContainerDatanodeDetails(140)) - DatanodeDetails is persisted to /workdir/hadoop-ozone/integration-test/target/test-dir/MiniOzoneClusterImpl-0f602919-0210-418c-bc40-44414be8bf8b/datanode-1/meta/datanode.id
2019-07-16 14:28:40,168 INFO  volume.HddsVolume (HddsVolume.java:<init>(176)) - Creating Volume: /workdir/hadoop-ozone/integration-test/target/test-dir/MiniOzoneClusterImpl-0f602919-0210-418c-bc40-44414be8bf8b/datanode-2/data/containers/hdds of  storage type : DISK and capacity : 52710309888
2019-07-16 14:28:40,168 INFO  volume.VolumeSet (VolumeSet.java:initializeVolumeSet(170)) - Added Volume : /workdir/hadoop-ozone/integration-test/target/test-dir/MiniOzoneClusterImpl-0f602919-0210-418c-bc40-44414be8bf8b/datanode-2/data/containers/hdds to VolumeSet
2019-07-16 14:28:40,168 INFO  volume.ThrottledAsyncChecker (ThrottledAsyncChecker.java:schedule(140)) - Scheduling a check for org.apache.hadoop.ozone.container.common.volume.HddsVolume@5fc76532
2019-07-16 14:28:40,169 INFO  volume.HddsVolumeChecker (HddsVolumeChecker.java:checkAllVolumes(203)) - Scheduled health check for volume org.apache.hadoop.ozone.container.common.volume.HddsVolume@5fc76532
2019-07-16 14:28:40,182 INFO  impl.RaftServerProxy (ConfUtils.java:logGet(43)) - raft.rpc.type = GRPC (default)
2019-07-16 14:28:40,182 INFO  grpc.GrpcFactory (GrpcFactory.java:checkPooledByteBufAllocatorUseCacheForAllThreads(45)) - PERFORMANCE WARNING: useCacheForAllThreads is true that may cause Netty to create a lot garbage objects and, as a result, trigger GC.
	It is recommended to disable useCacheForAllThreads by setting -Dorg.apache.ratis.thirdparty.io.netty.allocator.useCacheForAllThreads=false in command line.
2019-07-16 14:28:40,183 INFO  grpc.GrpcConfigKeys$Server (ConfUtils.java:logGet(43)) - raft.grpc.server.port = 0 (default)
2019-07-16 14:28:40,183 INFO  server.GrpcService (ConfUtils.java:logGet(43)) - raft.grpc.message.size.max = 33570816 (custom)
2019-07-16 14:28:40,183 INFO  server.RaftServerConfigKeys (ConfUtils.java:logGet(43)) - raft.server.log.appender.buffer.byte-limit = 33554432 (custom)
2019-07-16 14:28:40,183 INFO  server.GrpcService (ConfUtils.java:logGet(43)) - raft.grpc.flow.control.window = 1MB (=1048576) (default)
2019-07-16 14:28:40,183 INFO  server.RaftServerConfigKeys (ConfUtils.java:logGet(43)) - raft.server.rpc.request.timeout = 3000ms (default)
2019-07-16 14:28:40,184 INFO  server.RaftServerConfigKeys (ConfUtils.java:logGet(43)) - raft.server.storage.dir = [/workdir/hadoop-ozone/integration-test/target/test-dir/MiniOzoneClusterImpl-0f602919-0210-418c-bc40-44414be8bf8b/datanode-2/data/ratis] (custom)
2019-07-16 14:28:40,184 INFO  replication.SimpleContainerDownloader (SimpleContainerDownloader.java:<init>(72)) - Starting container downloader service to copy containers to replicate.
2019-07-16 14:28:40,185 INFO  hdfs.DFSUtil (DFSUtil.java:httpServerTemplateForNNAndJN(1641)) - Starting Web-server for hddsDatanode at: http://0.0.0.0:0
2019-07-16 14:28:40,186 INFO  server.AuthenticationFilter (AuthenticationFilter.java:constructSecretProvider(240)) - Unable to initialize FileSignerSecretProvider, falling back to use random secrets.
2019-07-16 14:28:40,187 WARN  http.HttpRequestLog (HttpRequestLog.java:getRequestLog(97)) - Jetty request log can only be enabled using Log4j
2019-07-16 14:28:40,188 INFO  http.HttpServer2 (HttpServer2.java:addGlobalFilter(975)) - Added global filter 'safety' (class=org.apache.hadoop.http.HttpServer2$QuotingInputFilter)
2019-07-16 14:28:40,188 INFO  http.HttpServer2 (HttpServer2.java:addFilter(948)) - Added filter static_user_filter (class=org.apache.hadoop.http.lib.StaticUserWebFilter$StaticUserFilter) to context hddsDatanode
2019-07-16 14:28:40,188 INFO  http.HttpServer2 (HttpServer2.java:addFilter(958)) - Added filter static_user_filter (class=org.apache.hadoop.http.lib.StaticUserWebFilter$StaticUserFilter) to context logs
2019-07-16 14:28:40,188 INFO  http.HttpServer2 (HttpServer2.java:addFilter(958)) - Added filter static_user_filter (class=org.apache.hadoop.http.lib.StaticUserWebFilter$StaticUserFilter) to context static
2019-07-16 14:28:40,189 INFO  http.HttpServer2 (HttpServer2.java:bindListener(1191)) - Jetty bound to port 46815
2019-07-16 14:28:40,189 INFO  server.Server (Server.java:doStart(351)) - jetty-9.3.24.v20180605, build timestamp: 2018-06-05T17:11:56Z, git hash: 84205aa28f11a4f31f2a3b86d1bba2cc8ab69827
2019-07-16 14:28:40,190 INFO  handler.ContextHandler (ContextHandler.java:doStart(781)) - Started o.e.j.s.ServletContextHandler@59d6a4d1{/logs,file:///workdir/hadoop-ozone/integration-test/target/log,AVAILABLE}
2019-07-16 14:28:40,191 INFO  handler.ContextHandler (ContextHandler.java:doStart(781)) - Started o.e.j.s.ServletContextHandler@18f1260{/static,jar:file:/home/user/.m2/repository/org/apache/hadoop/hadoop-hdds-container-service/0.5.0-SNAPSHOT/hadoop-hdds-container-service-0.5.0-SNAPSHOT.jar!/webapps/static,AVAILABLE}
2019-07-16 14:28:40,217 INFO  handler.ContextHandler (ContextHandler.java:doStart(781)) - Started o.e.j.w.WebAppContext@33602729{/,file:///tmp/jetty-0.0.0.0-46815-hddsDatanode-_-any-3783484865179632307.dir/webapp/,AVAILABLE}{/hddsDatanode}
2019-07-16 14:28:40,217 INFO  server.AbstractConnector (AbstractConnector.java:doStart(278)) - Started ServerConnector@3638120f{HTTP/1.1,[http/1.1]}{0.0.0.0:46815}
2019-07-16 14:28:40,217 INFO  server.Server (Server.java:doStart(419)) - Started @593513ms
2019-07-16 14:28:40,219 INFO  server.BaseHttpServer (BaseHttpServer.java:updateConnectorAddress(207)) - HTTP server of HDDSDATANODE is listening at http://0.0.0.0:46815
2019-07-16 14:28:40,318 INFO  ozone.HddsDatanodeService (HddsDatanodeService.java:startPlugins(396)) - Started plug-in org.apache.hadoop.ozone.web.OzoneHddsDatanodeService@62b8dd6a
2019-07-16 14:28:40,319 INFO  impl.MetricsSystemImpl (MetricsSystemImpl.java:init(158)) - HddsDatanode metrics system started (again)
2019-07-16 14:28:40,320 INFO  ozone.HddsDatanodeService (HddsDatanodeService.java:start(185)) - HddsDatanodeService host:trunk-nightly-gllmw-2332419065 ip:192.168.157.241
2019-07-16 14:28:40,322 INFO  util.JvmPauseMonitor (JvmPauseMonitor.java:run(188)) - Starting JVM pause monitor
2019-07-16 14:28:40,324 INFO  datanode.InitDatanodeState (InitDatanodeState.java:persistContainerDatanodeDetails(140)) - DatanodeDetails is persisted to /workdir/hadoop-ozone/integration-test/target/test-dir/MiniOzoneClusterImpl-0f602919-0210-418c-bc40-44414be8bf8b/datanode-2/meta/datanode.id
2019-07-16 14:28:40,332 INFO  volume.HddsVolume (HddsVolume.java:<init>(176)) - Creating Volume: /workdir/hadoop-ozone/integration-test/target/test-dir/MiniOzoneClusterImpl-0f602919-0210-418c-bc40-44414be8bf8b/datanode-3/data/containers/hdds of  storage type : DISK and capacity : 52710309888
2019-07-16 14:28:40,332 INFO  volume.VolumeSet (VolumeSet.java:initializeVolumeSet(170)) - Added Volume : /workdir/hadoop-ozone/integration-test/target/test-dir/MiniOzoneClusterImpl-0f602919-0210-418c-bc40-44414be8bf8b/datanode-3/data/containers/hdds to VolumeSet
2019-07-16 14:28:40,332 INFO  volume.ThrottledAsyncChecker (ThrottledAsyncChecker.java:schedule(140)) - Scheduling a check for org.apache.hadoop.ozone.container.common.volume.HddsVolume@7df994ec
2019-07-16 14:28:40,332 INFO  volume.HddsVolumeChecker (HddsVolumeChecker.java:checkAllVolumes(203)) - Scheduled health check for volume org.apache.hadoop.ozone.container.common.volume.HddsVolume@7df994ec
2019-07-16 14:28:40,346 INFO  impl.RaftServerProxy (ConfUtils.java:logGet(43)) - raft.rpc.type = GRPC (default)
2019-07-16 14:28:40,346 INFO  grpc.GrpcFactory (GrpcFactory.java:checkPooledByteBufAllocatorUseCacheForAllThreads(45)) - PERFORMANCE WARNING: useCacheForAllThreads is true that may cause Netty to create a lot garbage objects and, as a result, trigger GC.
	It is recommended to disable useCacheForAllThreads by setting -Dorg.apache.ratis.thirdparty.io.netty.allocator.useCacheForAllThreads=false in command line.
2019-07-16 14:28:40,346 INFO  grpc.GrpcConfigKeys$Server (ConfUtils.java:logGet(43)) - raft.grpc.server.port = 0 (default)
2019-07-16 14:28:40,346 INFO  server.GrpcService (ConfUtils.java:logGet(43)) - raft.grpc.message.size.max = 33570816 (custom)
2019-07-16 14:28:40,346 INFO  server.RaftServerConfigKeys (ConfUtils.java:logGet(43)) - raft.server.log.appender.buffer.byte-limit = 33554432 (custom)
2019-07-16 14:28:40,346 INFO  server.GrpcService (ConfUtils.java:logGet(43)) - raft.grpc.flow.control.window = 1MB (=1048576) (default)
2019-07-16 14:28:40,347 INFO  server.RaftServerConfigKeys (ConfUtils.java:logGet(43)) - raft.server.rpc.request.timeout = 3000ms (default)
2019-07-16 14:28:40,347 INFO  server.RaftServerConfigKeys (ConfUtils.java:logGet(43)) - raft.server.storage.dir = [/workdir/hadoop-ozone/integration-test/target/test-dir/MiniOzoneClusterImpl-0f602919-0210-418c-bc40-44414be8bf8b/datanode-3/data/ratis] (custom)
2019-07-16 14:28:40,347 INFO  replication.SimpleContainerDownloader (SimpleContainerDownloader.java:<init>(72)) - Starting container downloader service to copy containers to replicate.
2019-07-16 14:28:40,348 INFO  hdfs.DFSUtil (DFSUtil.java:httpServerTemplateForNNAndJN(1641)) - Starting Web-server for hddsDatanode at: http://0.0.0.0:0
2019-07-16 14:28:40,349 INFO  server.AuthenticationFilter (AuthenticationFilter.java:constructSecretProvider(240)) - Unable to initialize FileSignerSecretProvider, falling back to use random secrets.
2019-07-16 14:28:40,350 WARN  http.HttpRequestLog (HttpRequestLog.java:getRequestLog(97)) - Jetty request log can only be enabled using Log4j
2019-07-16 14:28:40,351 INFO  http.HttpServer2 (HttpServer2.java:addGlobalFilter(975)) - Added global filter 'safety' (class=org.apache.hadoop.http.HttpServer2$QuotingInputFilter)
2019-07-16 14:28:40,351 INFO  http.HttpServer2 (HttpServer2.java:addFilter(948)) - Added filter static_user_filter (class=org.apache.hadoop.http.lib.StaticUserWebFilter$StaticUserFilter) to context hddsDatanode
2019-07-16 14:28:40,351 INFO  http.HttpServer2 (HttpServer2.java:addFilter(958)) - Added filter static_user_filter (class=org.apache.hadoop.http.lib.StaticUserWebFilter$StaticUserFilter) to context static
2019-07-16 14:28:40,351 INFO  http.HttpServer2 (HttpServer2.java:addFilter(958)) - Added filter static_user_filter (class=org.apache.hadoop.http.lib.StaticUserWebFilter$StaticUserFilter) to context logs
2019-07-16 14:28:40,352 INFO  http.HttpServer2 (HttpServer2.java:bindListener(1191)) - Jetty bound to port 34747
2019-07-16 14:28:40,352 INFO  server.Server (Server.java:doStart(351)) - jetty-9.3.24.v20180605, build timestamp: 2018-06-05T17:11:56Z, git hash: 84205aa28f11a4f31f2a3b86d1bba2cc8ab69827
2019-07-16 14:28:40,353 INFO  handler.ContextHandler (ContextHandler.java:doStart(781)) - Started o.e.j.s.ServletContextHandler@eb5471c{/logs,file:///workdir/hadoop-ozone/integration-test/target/log,AVAILABLE}
2019-07-16 14:28:40,354 INFO  handler.ContextHandler (ContextHandler.java:doStart(781)) - Started o.e.j.s.ServletContextHandler@6a90b5e8{/static,jar:file:/home/user/.m2/repository/org/apache/hadoop/hadoop-hdds-container-service/0.5.0-SNAPSHOT/hadoop-hdds-container-service-0.5.0-SNAPSHOT.jar!/webapps/static,AVAILABLE}
2019-07-16 14:28:40,380 INFO  handler.ContextHandler (ContextHandler.java:doStart(781)) - Started o.e.j.w.WebAppContext@5cc28282{/,file:///tmp/jetty-0.0.0.0-34747-hddsDatanode-_-any-4535357407683382347.dir/webapp/,AVAILABLE}{/hddsDatanode}
2019-07-16 14:28:40,380 INFO  server.AbstractConnector (AbstractConnector.java:doStart(278)) - Started ServerConnector@5a0b925a{HTTP/1.1,[http/1.1]}{0.0.0.0:34747}
2019-07-16 14:28:40,380 INFO  server.Server (Server.java:doStart(419)) - Started @593676ms
2019-07-16 14:28:40,382 INFO  server.BaseHttpServer (BaseHttpServer.java:updateConnectorAddress(207)) - HTTP server of HDDSDATANODE is listening at http://0.0.0.0:34747
2019-07-16 14:28:40,629 INFO  ozone.HddsDatanodeService (HddsDatanodeService.java:startPlugins(396)) - Started plug-in org.apache.hadoop.ozone.web.OzoneHddsDatanodeService@10d8769e
2019-07-16 14:28:40,630 INFO  impl.MetricsSystemImpl (MetricsSystemImpl.java:init(158)) - HddsDatanode metrics system started (again)
2019-07-16 14:28:40,632 INFO  ozone.HddsDatanodeService (HddsDatanodeService.java:start(185)) - HddsDatanodeService host:trunk-nightly-gllmw-2332419065 ip:192.168.157.241
2019-07-16 14:28:40,633 INFO  util.JvmPauseMonitor (JvmPauseMonitor.java:run(188)) - Starting JVM pause monitor
2019-07-16 14:28:40,635 INFO  datanode.InitDatanodeState (InitDatanodeState.java:persistContainerDatanodeDetails(140)) - DatanodeDetails is persisted to /workdir/hadoop-ozone/integration-test/target/test-dir/MiniOzoneClusterImpl-0f602919-0210-418c-bc40-44414be8bf8b/datanode-3/meta/datanode.id
2019-07-16 14:28:40,645 INFO  volume.HddsVolume (HddsVolume.java:<init>(176)) - Creating Volume: /workdir/hadoop-ozone/integration-test/target/test-dir/MiniOzoneClusterImpl-0f602919-0210-418c-bc40-44414be8bf8b/datanode-4/data/containers/hdds of  storage type : DISK and capacity : 52710309888
2019-07-16 14:28:40,645 INFO  volume.VolumeSet (VolumeSet.java:initializeVolumeSet(170)) - Added Volume : /workdir/hadoop-ozone/integration-test/target/test-dir/MiniOzoneClusterImpl-0f602919-0210-418c-bc40-44414be8bf8b/datanode-4/data/containers/hdds to VolumeSet
2019-07-16 14:28:40,646 INFO  volume.ThrottledAsyncChecker (ThrottledAsyncChecker.java:schedule(140)) - Scheduling a check for org.apache.hadoop.ozone.container.common.volume.HddsVolume@6bea0866
2019-07-16 14:28:40,646 INFO  volume.HddsVolumeChecker (HddsVolumeChecker.java:checkAllVolumes(203)) - Scheduled health check for volume org.apache.hadoop.ozone.container.common.volume.HddsVolume@6bea0866
2019-07-16 14:28:40,661 INFO  impl.RaftServerProxy (ConfUtils.java:logGet(43)) - raft.rpc.type = GRPC (default)
2019-07-16 14:28:40,662 INFO  grpc.GrpcFactory (GrpcFactory.java:checkPooledByteBufAllocatorUseCacheForAllThreads(45)) - PERFORMANCE WARNING: useCacheForAllThreads is true that may cause Netty to create a lot garbage objects and, as a result, trigger GC.
	It is recommended to disable useCacheForAllThreads by setting -Dorg.apache.ratis.thirdparty.io.netty.allocator.useCacheForAllThreads=false in command line.
2019-07-16 14:28:40,663 INFO  grpc.GrpcConfigKeys$Server (ConfUtils.java:logGet(43)) - raft.grpc.server.port = 0 (default)
2019-07-16 14:28:40,663 INFO  server.GrpcService (ConfUtils.java:logGet(43)) - raft.grpc.message.size.max = 33570816 (custom)
2019-07-16 14:28:40,663 INFO  server.RaftServerConfigKeys (ConfUtils.java:logGet(43)) - raft.server.log.appender.buffer.byte-limit = 33554432 (custom)
2019-07-16 14:28:40,663 INFO  server.GrpcService (ConfUtils.java:logGet(43)) - raft.grpc.flow.control.window = 1MB (=1048576) (default)
2019-07-16 14:28:40,663 INFO  server.RaftServerConfigKeys (ConfUtils.java:logGet(43)) - raft.server.rpc.request.timeout = 3000ms (default)
2019-07-16 14:28:40,664 INFO  server.RaftServerConfigKeys (ConfUtils.java:logGet(43)) - raft.server.storage.dir = [/workdir/hadoop-ozone/integration-test/target/test-dir/MiniOzoneClusterImpl-0f602919-0210-418c-bc40-44414be8bf8b/datanode-4/data/ratis] (custom)
2019-07-16 14:28:40,664 INFO  replication.SimpleContainerDownloader (SimpleContainerDownloader.java:<init>(72)) - Starting container downloader service to copy containers to replicate.
2019-07-16 14:28:40,666 INFO  hdfs.DFSUtil (DFSUtil.java:httpServerTemplateForNNAndJN(1641)) - Starting Web-server for hddsDatanode at: http://0.0.0.0:0
2019-07-16 14:28:40,668 INFO  server.AuthenticationFilter (AuthenticationFilter.java:constructSecretProvider(240)) - Unable to initialize FileSignerSecretProvider, falling back to use random secrets.
2019-07-16 14:28:40,668 WARN  http.HttpRequestLog (HttpRequestLog.java:getRequestLog(97)) - Jetty request log can only be enabled using Log4j
2019-07-16 14:28:40,670 INFO  http.HttpServer2 (HttpServer2.java:addGlobalFilter(975)) - Added global filter 'safety' (class=org.apache.hadoop.http.HttpServer2$QuotingInputFilter)
2019-07-16 14:28:40,671 INFO  http.HttpServer2 (HttpServer2.java:addFilter(948)) - Added filter static_user_filter (class=org.apache.hadoop.http.lib.StaticUserWebFilter$StaticUserFilter) to context hddsDatanode
2019-07-16 14:28:40,671 INFO  http.HttpServer2 (HttpServer2.java:addFilter(958)) - Added filter static_user_filter (class=org.apache.hadoop.http.lib.StaticUserWebFilter$StaticUserFilter) to context static
2019-07-16 14:28:40,672 INFO  http.HttpServer2 (HttpServer2.java:addFilter(958)) - Added filter static_user_filter (class=org.apache.hadoop.http.lib.StaticUserWebFilter$StaticUserFilter) to context logs
2019-07-16 14:28:40,672 INFO  http.HttpServer2 (HttpServer2.java:bindListener(1191)) - Jetty bound to port 35861
2019-07-16 14:28:40,673 INFO  server.Server (Server.java:doStart(351)) - jetty-9.3.24.v20180605, build timestamp: 2018-06-05T17:11:56Z, git hash: 84205aa28f11a4f31f2a3b86d1bba2cc8ab69827
2019-07-16 14:28:40,675 INFO  handler.ContextHandler (ContextHandler.java:doStart(781)) - Started o.e.j.s.ServletContextHandler@31b827a6{/logs,file:///workdir/hadoop-ozone/integration-test/target/log,AVAILABLE}
2019-07-16 14:28:40,675 INFO  handler.ContextHandler (ContextHandler.java:doStart(781)) - Started o.e.j.s.ServletContextHandler@203b98cf{/static,jar:file:/home/user/.m2/repository/org/apache/hadoop/hadoop-hdds-container-service/0.5.0-SNAPSHOT/hadoop-hdds-container-service-0.5.0-SNAPSHOT.jar!/webapps/static,AVAILABLE}
2019-07-16 14:28:40,719 INFO  handler.ContextHandler (ContextHandler.java:doStart(781)) - Started o.e.j.w.WebAppContext@2d6abfc7{/,file:///tmp/jetty-0.0.0.0-35861-hddsDatanode-_-any-8799142694162907981.dir/webapp/,AVAILABLE}{/hddsDatanode}
2019-07-16 14:28:40,719 INFO  server.AbstractConnector (AbstractConnector.java:doStart(278)) - Started ServerConnector@4f5d587c{HTTP/1.1,[http/1.1]}{0.0.0.0:35861}
2019-07-16 14:28:40,721 INFO  server.Server (Server.java:doStart(419)) - Started @594017ms
2019-07-16 14:28:40,722 INFO  server.BaseHttpServer (BaseHttpServer.java:updateConnectorAddress(207)) - HTTP server of HDDSDATANODE is listening at http://0.0.0.0:35861
2019-07-16 14:28:40,829 INFO  ozone.HddsDatanodeService (HddsDatanodeService.java:startPlugins(396)) - Started plug-in org.apache.hadoop.ozone.web.OzoneHddsDatanodeService@4f9191c1
2019-07-16 14:28:40,829 INFO  impl.MetricsSystemImpl (MetricsSystemImpl.java:init(158)) - HddsDatanode metrics system started (again)
2019-07-16 14:28:40,830 INFO  ozone.HddsDatanodeService (HddsDatanodeService.java:start(185)) - HddsDatanodeService host:trunk-nightly-gllmw-2332419065 ip:192.168.157.241
2019-07-16 14:28:40,833 INFO  util.JvmPauseMonitor (JvmPauseMonitor.java:run(188)) - Starting JVM pause monitor
2019-07-16 14:28:40,834 INFO  datanode.InitDatanodeState (InitDatanodeState.java:persistContainerDatanodeDetails(140)) - DatanodeDetails is persisted to /workdir/hadoop-ozone/integration-test/target/test-dir/MiniOzoneClusterImpl-0f602919-0210-418c-bc40-44414be8bf8b/datanode-4/meta/datanode.id
2019-07-16 14:28:40,844 INFO  volume.HddsVolume (HddsVolume.java:<init>(176)) - Creating Volume: /workdir/hadoop-ozone/integration-test/target/test-dir/MiniOzoneClusterImpl-0f602919-0210-418c-bc40-44414be8bf8b/datanode-5/data/containers/hdds of  storage type : DISK and capacity : 52710309888
2019-07-16 14:28:40,844 INFO  volume.VolumeSet (VolumeSet.java:initializeVolumeSet(170)) - Added Volume : /workdir/hadoop-ozone/integration-test/target/test-dir/MiniOzoneClusterImpl-0f602919-0210-418c-bc40-44414be8bf8b/datanode-5/data/containers/hdds to VolumeSet
2019-07-16 14:28:40,844 INFO  volume.ThrottledAsyncChecker (ThrottledAsyncChecker.java:schedule(140)) - Scheduling a check for org.apache.hadoop.ozone.container.common.volume.HddsVolume@58178b69
2019-07-16 14:28:40,845 INFO  volume.HddsVolumeChecker (HddsVolumeChecker.java:checkAllVolumes(203)) - Scheduled health check for volume org.apache.hadoop.ozone.container.common.volume.HddsVolume@58178b69
2019-07-16 14:28:40,858 INFO  impl.RaftServerProxy (ConfUtils.java:logGet(43)) - raft.rpc.type = GRPC (default)
2019-07-16 14:28:40,859 INFO  grpc.GrpcFactory (GrpcFactory.java:checkPooledByteBufAllocatorUseCacheForAllThreads(45)) - PERFORMANCE WARNING: useCacheForAllThreads is true that may cause Netty to create a lot garbage objects and, as a result, trigger GC.
	It is recommended to disable useCacheForAllThreads by setting -Dorg.apache.ratis.thirdparty.io.netty.allocator.useCacheForAllThreads=false in command line.
2019-07-16 14:28:40,859 INFO  grpc.GrpcConfigKeys$Server (ConfUtils.java:logGet(43)) - raft.grpc.server.port = 0 (default)
2019-07-16 14:28:40,859 INFO  server.GrpcService (ConfUtils.java:logGet(43)) - raft.grpc.message.size.max = 33570816 (custom)
2019-07-16 14:28:40,859 INFO  server.RaftServerConfigKeys (ConfUtils.java:logGet(43)) - raft.server.log.appender.buffer.byte-limit = 33554432 (custom)
2019-07-16 14:28:40,859 INFO  server.GrpcService (ConfUtils.java:logGet(43)) - raft.grpc.flow.control.window = 1MB (=1048576) (default)
2019-07-16 14:28:40,860 INFO  server.RaftServerConfigKeys (ConfUtils.java:logGet(43)) - raft.server.rpc.request.timeout = 3000ms (default)
2019-07-16 14:28:40,860 INFO  server.RaftServerConfigKeys (ConfUtils.java:logGet(43)) - raft.server.storage.dir = [/workdir/hadoop-ozone/integration-test/target/test-dir/MiniOzoneClusterImpl-0f602919-0210-418c-bc40-44414be8bf8b/datanode-5/data/ratis] (custom)
2019-07-16 14:28:40,860 INFO  replication.SimpleContainerDownloader (SimpleContainerDownloader.java:<init>(72)) - Starting container downloader service to copy containers to replicate.
2019-07-16 14:28:40,861 INFO  hdfs.DFSUtil (DFSUtil.java:httpServerTemplateForNNAndJN(1641)) - Starting Web-server for hddsDatanode at: http://0.0.0.0:0
2019-07-16 14:28:40,863 INFO  server.AuthenticationFilter (AuthenticationFilter.java:constructSecretProvider(240)) - Unable to initialize FileSignerSecretProvider, falling back to use random secrets.
2019-07-16 14:28:40,863 WARN  http.HttpRequestLog (HttpRequestLog.java:getRequestLog(97)) - Jetty request log can only be enabled using Log4j
2019-07-16 14:28:40,864 INFO  http.HttpServer2 (HttpServer2.java:addGlobalFilter(975)) - Added global filter 'safety' (class=org.apache.hadoop.http.HttpServer2$QuotingInputFilter)
2019-07-16 14:28:40,864 INFO  http.HttpServer2 (HttpServer2.java:addFilter(948)) - Added filter static_user_filter (class=org.apache.hadoop.http.lib.StaticUserWebFilter$StaticUserFilter) to context hddsDatanode
2019-07-16 14:28:40,865 INFO  http.HttpServer2 (HttpServer2.java:addFilter(958)) - Added filter static_user_filter (class=org.apache.hadoop.http.lib.StaticUserWebFilter$StaticUserFilter) to context logs
2019-07-16 14:28:40,865 INFO  http.HttpServer2 (HttpServer2.java:addFilter(958)) - Added filter static_user_filter (class=org.apache.hadoop.http.lib.StaticUserWebFilter$StaticUserFilter) to context static
2019-07-16 14:28:40,865 INFO  http.HttpServer2 (HttpServer2.java:bindListener(1191)) - Jetty bound to port 46044
2019-07-16 14:28:40,865 INFO  server.Server (Server.java:doStart(351)) - jetty-9.3.24.v20180605, build timestamp: 2018-06-05T17:11:56Z, git hash: 84205aa28f11a4f31f2a3b86d1bba2cc8ab69827
2019-07-16 14:28:40,867 INFO  handler.ContextHandler (ContextHandler.java:doStart(781)) - Started o.e.j.s.ServletContextHandler@489a722d{/logs,file:///workdir/hadoop-ozone/integration-test/target/log,AVAILABLE}
2019-07-16 14:28:40,867 INFO  handler.ContextHandler (ContextHandler.java:doStart(781)) - Started o.e.j.s.ServletContextHandler@8788194{/static,jar:file:/home/user/.m2/repository/org/apache/hadoop/hadoop-hdds-container-service/0.5.0-SNAPSHOT/hadoop-hdds-container-service-0.5.0-SNAPSHOT.jar!/webapps/static,AVAILABLE}
2019-07-16 14:28:40,894 INFO  handler.ContextHandler (ContextHandler.java:doStart(781)) - Started o.e.j.w.WebAppContext@428440f2{/,file:///tmp/jetty-0.0.0.0-46044-hddsDatanode-_-any-1789244414629698129.dir/webapp/,AVAILABLE}{/hddsDatanode}
2019-07-16 14:28:40,894 INFO  server.AbstractConnector (AbstractConnector.java:doStart(278)) - Started ServerConnector@23c24c0e{HTTP/1.1,[http/1.1]}{0.0.0.0:46044}
2019-07-16 14:28:40,894 INFO  server.Server (Server.java:doStart(419)) - Started @594190ms
2019-07-16 14:28:40,896 INFO  server.BaseHttpServer (BaseHttpServer.java:updateConnectorAddress(207)) - HTTP server of HDDSDATANODE is listening at http://0.0.0.0:46044
2019-07-16 14:28:40,993 INFO  ozone.HddsDatanodeService (HddsDatanodeService.java:startPlugins(396)) - Started plug-in org.apache.hadoop.ozone.web.OzoneHddsDatanodeService@2b08f55a
2019-07-16 14:28:40,994 INFO  impl.MetricsSystemImpl (MetricsSystemImpl.java:init(158)) - HddsDatanode metrics system started (again)
2019-07-16 14:28:40,996 INFO  ozone.HddsDatanodeService (HddsDatanodeService.java:start(185)) - HddsDatanodeService host:trunk-nightly-gllmw-2332419065 ip:192.168.157.241
2019-07-16 14:28:40,997 INFO  util.JvmPauseMonitor (JvmPauseMonitor.java:run(188)) - Starting JVM pause monitor
2019-07-16 14:28:40,998 INFO  datanode.InitDatanodeState (InitDatanodeState.java:persistContainerDatanodeDetails(140)) - DatanodeDetails is persisted to /workdir/hadoop-ozone/integration-test/target/test-dir/MiniOzoneClusterImpl-0f602919-0210-418c-bc40-44414be8bf8b/datanode-5/meta/datanode.id
2019-07-16 14:28:41,008 INFO  volume.HddsVolume (HddsVolume.java:<init>(176)) - Creating Volume: /workdir/hadoop-ozone/integration-test/target/test-dir/MiniOzoneClusterImpl-0f602919-0210-418c-bc40-44414be8bf8b/datanode-6/data/containers/hdds of  storage type : DISK and capacity : 52710309888
2019-07-16 14:28:41,008 INFO  volume.VolumeSet (VolumeSet.java:initializeVolumeSet(170)) - Added Volume : /workdir/hadoop-ozone/integration-test/target/test-dir/MiniOzoneClusterImpl-0f602919-0210-418c-bc40-44414be8bf8b/datanode-6/data/containers/hdds to VolumeSet
2019-07-16 14:28:41,008 INFO  volume.ThrottledAsyncChecker (ThrottledAsyncChecker.java:schedule(140)) - Scheduling a check for org.apache.hadoop.ozone.container.common.volume.HddsVolume@213d5189
2019-07-16 14:28:41,009 INFO  volume.HddsVolumeChecker (HddsVolumeChecker.java:checkAllVolumes(203)) - Scheduled health check for volume org.apache.hadoop.ozone.container.common.volume.HddsVolume@213d5189
2019-07-16 14:28:41,025 INFO  impl.RaftServerProxy (ConfUtils.java:logGet(43)) - raft.rpc.type = GRPC (default)
2019-07-16 14:28:41,025 INFO  grpc.GrpcFactory (GrpcFactory.java:checkPooledByteBufAllocatorUseCacheForAllThreads(45)) - PERFORMANCE WARNING: useCacheForAllThreads is true that may cause Netty to create a lot garbage objects and, as a result, trigger GC.
	It is recommended to disable useCacheForAllThreads by setting -Dorg.apache.ratis.thirdparty.io.netty.allocator.useCacheForAllThreads=false in command line.
2019-07-16 14:28:41,025 INFO  grpc.GrpcConfigKeys$Server (ConfUtils.java:logGet(43)) - raft.grpc.server.port = 0 (default)
2019-07-16 14:28:41,025 INFO  server.GrpcService (ConfUtils.java:logGet(43)) - raft.grpc.message.size.max = 33570816 (custom)
2019-07-16 14:28:41,025 INFO  server.RaftServerConfigKeys (ConfUtils.java:logGet(43)) - raft.server.log.appender.buffer.byte-limit = 33554432 (custom)
2019-07-16 14:28:41,026 INFO  server.GrpcService (ConfUtils.java:logGet(43)) - raft.grpc.flow.control.window = 1MB (=1048576) (default)
2019-07-16 14:28:41,026 INFO  server.RaftServerConfigKeys (ConfUtils.java:logGet(43)) - raft.server.rpc.request.timeout = 3000ms (default)
2019-07-16 14:28:41,026 INFO  server.RaftServerConfigKeys (ConfUtils.java:logGet(43)) - raft.server.storage.dir = [/workdir/hadoop-ozone/integration-test/target/test-dir/MiniOzoneClusterImpl-0f602919-0210-418c-bc40-44414be8bf8b/datanode-6/data/ratis] (custom)
2019-07-16 14:28:41,027 INFO  replication.SimpleContainerDownloader (SimpleContainerDownloader.java:<init>(72)) - Starting container downloader service to copy containers to replicate.
2019-07-16 14:28:41,028 INFO  hdfs.DFSUtil (DFSUtil.java:httpServerTemplateForNNAndJN(1641)) - Starting Web-server for hddsDatanode at: http://0.0.0.0:0
2019-07-16 14:28:41,029 INFO  server.AuthenticationFilter (AuthenticationFilter.java:constructSecretProvider(240)) - Unable to initialize FileSignerSecretProvider, falling back to use random secrets.
2019-07-16 14:28:41,029 WARN  http.HttpRequestLog (HttpRequestLog.java:getRequestLog(97)) - Jetty request log can only be enabled using Log4j
2019-07-16 14:28:41,030 INFO  http.HttpServer2 (HttpServer2.java:addGlobalFilter(975)) - Added global filter 'safety' (class=org.apache.hadoop.http.HttpServer2$QuotingInputFilter)
2019-07-16 14:28:41,030 INFO  http.HttpServer2 (HttpServer2.java:addFilter(948)) - Added filter static_user_filter (class=org.apache.hadoop.http.lib.StaticUserWebFilter$StaticUserFilter) to context hddsDatanode
2019-07-16 14:28:41,031 INFO  http.HttpServer2 (HttpServer2.java:addFilter(958)) - Added filter static_user_filter (class=org.apache.hadoop.http.lib.StaticUserWebFilter$StaticUserFilter) to context logs
2019-07-16 14:28:41,031 INFO  http.HttpServer2 (HttpServer2.java:addFilter(958)) - Added filter static_user_filter (class=org.apache.hadoop.http.lib.StaticUserWebFilter$StaticUserFilter) to context static
2019-07-16 14:28:41,031 INFO  http.HttpServer2 (HttpServer2.java:bindListener(1191)) - Jetty bound to port 33603
2019-07-16 14:28:41,031 INFO  server.Server (Server.java:doStart(351)) - jetty-9.3.24.v20180605, build timestamp: 2018-06-05T17:11:56Z, git hash: 84205aa28f11a4f31f2a3b86d1bba2cc8ab69827
2019-07-16 14:28:41,033 INFO  handler.ContextHandler (ContextHandler.java:doStart(781)) - Started o.e.j.s.ServletContextHandler@7baf7a9d{/logs,file:///workdir/hadoop-ozone/integration-test/target/log,AVAILABLE}
2019-07-16 14:28:41,034 INFO  handler.ContextHandler (ContextHandler.java:doStart(781)) - Started o.e.j.s.ServletContextHandler@27879518{/static,jar:file:/home/user/.m2/repository/org/apache/hadoop/hadoop-hdds-container-service/0.5.0-SNAPSHOT/hadoop-hdds-container-service-0.5.0-SNAPSHOT.jar!/webapps/static,AVAILABLE}
2019-07-16 14:28:41,060 INFO  handler.ContextHandler (ContextHandler.java:doStart(781)) - Started o.e.j.w.WebAppContext@6b862f17{/,file:///tmp/jetty-0.0.0.0-33603-hddsDatanode-_-any-6974725985864315255.dir/webapp/,AVAILABLE}{/hddsDatanode}
2019-07-16 14:28:41,060 INFO  server.AbstractConnector (AbstractConnector.java:doStart(278)) - Started ServerConnector@7e3b101b{HTTP/1.1,[http/1.1]}{0.0.0.0:33603}
2019-07-16 14:28:41,060 INFO  server.Server (Server.java:doStart(419)) - Started @594356ms
2019-07-16 14:28:41,065 INFO  server.BaseHttpServer (BaseHttpServer.java:updateConnectorAddress(207)) - HTTP server of HDDSDATANODE is listening at http://0.0.0.0:33603
2019-07-16 14:28:41,164 INFO  ozone.HddsDatanodeService (HddsDatanodeService.java:startPlugins(396)) - Started plug-in org.apache.hadoop.ozone.web.OzoneHddsDatanodeService@16a4e4c9
2019-07-16 14:28:41,164 INFO  ozone.MiniOzoneClusterImpl (MiniOzoneClusterImpl.java:lambda$waitForClusterToBeReady$0(142)) - Waiting for cluster to be ready. Got 0 of 7 DN Heartbeats.
2019-07-16 14:28:41,168 INFO  util.JvmPauseMonitor (JvmPauseMonitor.java:run(188)) - Starting JVM pause monitor
2019-07-16 14:28:41,169 INFO  datanode.InitDatanodeState (InitDatanodeState.java:persistContainerDatanodeDetails(140)) - DatanodeDetails is persisted to /workdir/hadoop-ozone/integration-test/target/test-dir/MiniOzoneClusterImpl-0f602919-0210-418c-bc40-44414be8bf8b/datanode-6/meta/datanode.id
2019-07-16 14:28:41,994 INFO  ozoneimpl.OzoneContainer (OzoneContainer.java:start(186)) - Attempting to start container services.
2019-07-16 14:28:41,996 INFO  ozoneimpl.OzoneContainer (OzoneContainer.java:startContainerScrub(160)) - Background container scrubber has been disabled by hdds.containerscrub.enabled
2019-07-16 14:28:41,997 INFO  ratis.XceiverServerRatis (XceiverServerRatis.java:start(418)) - Starting XceiverServerRatis 1dcb67de-7a45-4618-aa8e-97469f1b5306 at port 0
2019-07-16 14:28:42,003 INFO  impl.RaftServerProxy (RaftServerProxy.java:lambda$start$3(299)) - 1dcb67de-7a45-4618-aa8e-97469f1b5306: start RPC server
2019-07-16 14:28:42,005 INFO  server.GrpcService (GrpcService.java:startImpl(149)) - 1dcb67de-7a45-4618-aa8e-97469f1b5306: GrpcService started, listening on 0.0.0.0/0.0.0.0:43331
2019-07-16 14:28:42,005 INFO  ratis.XceiverServerRatis (XceiverServerRatis.java:start(428)) - XceiverServerRatis 1dcb67de-7a45-4618-aa8e-97469f1b5306 is started using port 43331
2019-07-16 14:28:42,006 INFO  server.XceiverServerGrpc (XceiverServerGrpc.java:start(161)) - XceiverServerGrpc 1dcb67de-7a45-4618-aa8e-97469f1b5306 is started using port 36828
2019-07-16 14:28:42,165 INFO  ozone.MiniOzoneClusterImpl (MiniOzoneClusterImpl.java:lambda$waitForClusterToBeReady$0(142)) - Waiting for cluster to be ready. Got 0 of 7 DN Heartbeats.
2019-07-16 14:28:42,174 INFO  ozoneimpl.OzoneContainer (OzoneContainer.java:start(186)) - Attempting to start container services.
2019-07-16 14:28:42,177 INFO  ozoneimpl.OzoneContainer (OzoneContainer.java:startContainerScrub(160)) - Background container scrubber has been disabled by hdds.containerscrub.enabled
2019-07-16 14:28:42,177 INFO  ratis.XceiverServerRatis (XceiverServerRatis.java:start(418)) - Starting XceiverServerRatis d0ca025d-0fb4-4142-b825-44be0d8caf68 at port 0
2019-07-16 14:28:42,184 INFO  impl.RaftServerProxy (RaftServerProxy.java:lambda$start$3(299)) - d0ca025d-0fb4-4142-b825-44be0d8caf68: start RPC server
2019-07-16 14:28:42,186 INFO  server.GrpcService (GrpcService.java:startImpl(149)) - d0ca025d-0fb4-4142-b825-44be0d8caf68: GrpcService started, listening on 0.0.0.0/0.0.0.0:39938
2019-07-16 14:28:42,187 INFO  ratis.XceiverServerRatis (XceiverServerRatis.java:start(428)) - XceiverServerRatis d0ca025d-0fb4-4142-b825-44be0d8caf68 is started using port 39938
2019-07-16 14:28:42,187 INFO  server.XceiverServerGrpc (XceiverServerGrpc.java:start(161)) - XceiverServerGrpc d0ca025d-0fb4-4142-b825-44be0d8caf68 is started using port 38875
2019-07-16 14:28:42,336 INFO  ozoneimpl.OzoneContainer (OzoneContainer.java:start(186)) - Attempting to start container services.
2019-07-16 14:28:42,343 INFO  ozoneimpl.OzoneContainer (OzoneContainer.java:startContainerScrub(160)) - Background container scrubber has been disabled by hdds.containerscrub.enabled
2019-07-16 14:28:42,343 INFO  ratis.XceiverServerRatis (XceiverServerRatis.java:start(418)) - Starting XceiverServerRatis e9fd21c8-f577-469d-b157-45233b1882a0 at port 0
2019-07-16 14:28:42,350 INFO  impl.RaftServerProxy (RaftServerProxy.java:lambda$start$3(299)) - e9fd21c8-f577-469d-b157-45233b1882a0: start RPC server
2019-07-16 14:28:42,351 INFO  server.GrpcService (GrpcService.java:startImpl(149)) - e9fd21c8-f577-469d-b157-45233b1882a0: GrpcService started, listening on 0.0.0.0/0.0.0.0:41423
2019-07-16 14:28:42,351 INFO  ratis.XceiverServerRatis (XceiverServerRatis.java:start(428)) - XceiverServerRatis e9fd21c8-f577-469d-b157-45233b1882a0 is started using port 41423
2019-07-16 14:28:42,352 INFO  server.XceiverServerGrpc (XceiverServerGrpc.java:start(161)) - XceiverServerGrpc e9fd21c8-f577-469d-b157-45233b1882a0 is started using port 35207
2019-07-16 14:28:42,648 INFO  ozoneimpl.OzoneContainer (OzoneContainer.java:start(186)) - Attempting to start container services.
2019-07-16 14:28:42,648 INFO  ozoneimpl.OzoneContainer (OzoneContainer.java:startContainerScrub(160)) - Background container scrubber has been disabled by hdds.containerscrub.enabled
2019-07-16 14:28:42,648 INFO  ratis.XceiverServerRatis (XceiverServerRatis.java:start(418)) - Starting XceiverServerRatis a116cde0-b8cc-4aed-a2c8-942c7d496824 at port 0
2019-07-16 14:28:42,656 INFO  impl.RaftServerProxy (RaftServerProxy.java:lambda$start$3(299)) - a116cde0-b8cc-4aed-a2c8-942c7d496824: start RPC server
2019-07-16 14:28:42,659 INFO  server.GrpcService (GrpcService.java:startImpl(149)) - a116cde0-b8cc-4aed-a2c8-942c7d496824: GrpcService started, listening on 0.0.0.0/0.0.0.0:35534
2019-07-16 14:28:42,659 INFO  ratis.XceiverServerRatis (XceiverServerRatis.java:start(428)) - XceiverServerRatis a116cde0-b8cc-4aed-a2c8-942c7d496824 is started using port 35534
2019-07-16 14:28:42,660 INFO  server.XceiverServerGrpc (XceiverServerGrpc.java:start(161)) - XceiverServerGrpc a116cde0-b8cc-4aed-a2c8-942c7d496824 is started using port 36693
2019-07-16 14:28:42,847 INFO  ozoneimpl.OzoneContainer (OzoneContainer.java:start(186)) - Attempting to start container services.
2019-07-16 14:28:42,848 INFO  ozoneimpl.OzoneContainer (OzoneContainer.java:startContainerScrub(160)) - Background container scrubber has been disabled by hdds.containerscrub.enabled
2019-07-16 14:28:42,848 INFO  ratis.XceiverServerRatis (XceiverServerRatis.java:start(418)) - Starting XceiverServerRatis b13972bc-cfe5-4444-bfc8-64356d4b7092 at port 0
2019-07-16 14:28:42,856 INFO  impl.RaftServerProxy (RaftServerProxy.java:lambda$start$3(299)) - b13972bc-cfe5-4444-bfc8-64356d4b7092: start RPC server
2019-07-16 14:28:42,856 INFO  server.GrpcService (GrpcService.java:startImpl(149)) - b13972bc-cfe5-4444-bfc8-64356d4b7092: GrpcService started, listening on 0.0.0.0/0.0.0.0:40752
2019-07-16 14:28:42,857 INFO  ratis.XceiverServerRatis (XceiverServerRatis.java:start(428)) - XceiverServerRatis b13972bc-cfe5-4444-bfc8-64356d4b7092 is started using port 40752
2019-07-16 14:28:42,857 INFO  server.XceiverServerGrpc (XceiverServerGrpc.java:start(161)) - XceiverServerGrpc b13972bc-cfe5-4444-bfc8-64356d4b7092 is started using port 36544
2019-07-16 14:28:43,010 INFO  ozoneimpl.OzoneContainer (OzoneContainer.java:start(186)) - Attempting to start container services.
2019-07-16 14:28:43,011 INFO  ozoneimpl.OzoneContainer (OzoneContainer.java:startContainerScrub(160)) - Background container scrubber has been disabled by hdds.containerscrub.enabled
2019-07-16 14:28:43,011 INFO  ratis.XceiverServerRatis (XceiverServerRatis.java:start(418)) - Starting XceiverServerRatis 2ad005df-7356-43ac-8be0-94a315a19afd at port 0
2019-07-16 14:28:43,018 INFO  impl.RaftServerProxy (RaftServerProxy.java:lambda$start$3(299)) - 2ad005df-7356-43ac-8be0-94a315a19afd: start RPC server
2019-07-16 14:28:43,019 INFO  server.GrpcService (GrpcService.java:startImpl(149)) - 2ad005df-7356-43ac-8be0-94a315a19afd: GrpcService started, listening on 0.0.0.0/0.0.0.0:46833
2019-07-16 14:28:43,019 INFO  ratis.XceiverServerRatis (XceiverServerRatis.java:start(428)) - XceiverServerRatis 2ad005df-7356-43ac-8be0-94a315a19afd is started using port 46833
2019-07-16 14:28:43,020 INFO  server.XceiverServerGrpc (XceiverServerGrpc.java:start(161)) - XceiverServerGrpc 2ad005df-7356-43ac-8be0-94a315a19afd is started using port 34742
2019-07-16 14:28:43,165 INFO  ozone.MiniOzoneClusterImpl (MiniOzoneClusterImpl.java:lambda$waitForClusterToBeReady$0(142)) - Waiting for cluster to be ready. Got 0 of 7 DN Heartbeats.
2019-07-16 14:28:43,182 INFO  ozoneimpl.OzoneContainer (OzoneContainer.java:start(186)) - Attempting to start container services.
2019-07-16 14:28:43,182 INFO  ozoneimpl.OzoneContainer (OzoneContainer.java:startContainerScrub(160)) - Background container scrubber has been disabled by hdds.containerscrub.enabled
2019-07-16 14:28:43,182 INFO  ratis.XceiverServerRatis (XceiverServerRatis.java:start(418)) - Starting XceiverServerRatis 2d354733-a052-45b2-b966-a6227200d8c2 at port 0
2019-07-16 14:28:43,189 INFO  impl.RaftServerProxy (RaftServerProxy.java:lambda$start$3(299)) - 2d354733-a052-45b2-b966-a6227200d8c2: start RPC server
2019-07-16 14:28:43,190 INFO  server.GrpcService (GrpcService.java:startImpl(149)) - 2d354733-a052-45b2-b966-a6227200d8c2: GrpcService started, listening on 0.0.0.0/0.0.0.0:43241
2019-07-16 14:28:43,190 INFO  ratis.XceiverServerRatis (XceiverServerRatis.java:start(428)) - XceiverServerRatis 2d354733-a052-45b2-b966-a6227200d8c2 is started using port 43241
2019-07-16 14:28:43,194 INFO  server.XceiverServerGrpc (XceiverServerGrpc.java:start(161)) - XceiverServerGrpc 2d354733-a052-45b2-b966-a6227200d8c2 is started using port 36808
2019-07-16 14:28:43,979 INFO  net.NetworkTopology (NetworkTopologyImpl.java:add(110)) - Added a new node: /default-rack/192.168.157.241
2019-07-16 14:28:43,983 INFO  node.SCMNodeManager (SCMNodeManager.java:register(269)) - Registered Data node : 1dcb67de-7a45-4618-aa8e-97469f1b5306{ip: 192.168.157.241, host: trunk-nightly-gllmw-2332419065, networkLocation: /default-rack, certSerialId: null}
2019-07-16 14:28:43,984 INFO  safemode.SCMSafeModeManager (DataNodeSafeModeRule.java:process(71)) - SCM in safe mode. 1 DataNodes registered, 1 required.
2019-07-16 14:28:43,987 INFO  safemode.SCMSafeModeManager (SCMSafeModeManager.java:validateSafeModeExitRules(177)) - ScmSafeModeManager, all rules are successfully validated
2019-07-16 14:28:43,988 INFO  safemode.SCMSafeModeManager (SCMSafeModeManager.java:exitSafeMode(193)) - SCM exiting safe mode.
2019-07-16 14:28:44,009 INFO  impl.RaftServerProxy (RaftServerProxy.java:addNew(89)) - 1dcb67de-7a45-4618-aa8e-97469f1b5306: addNew group-4B8828CD24AA:[1dcb67de-7a45-4618-aa8e-97469f1b5306:192.168.157.241:43331] returns group-4B8828CD24AA:java.util.concurrent.CompletableFuture@5e829ae1[Not completed]
2019-07-16 14:28:44,011 INFO  impl.RaftServerImpl (RaftServerImpl.java:<init>(93)) - 1dcb67de-7a45-4618-aa8e-97469f1b5306: new RaftServerImpl for group-4B8828CD24AA:[1dcb67de-7a45-4618-aa8e-97469f1b5306:192.168.157.241:43331] with ContainerStateMachine:uninitialized
2019-07-16 14:28:44,011 INFO  server.RaftServerConfigKeys (ConfUtils.java:logGet(43)) - raft.server.rpc.timeout.min = 5s (custom)
2019-07-16 14:28:44,011 INFO  server.RaftServerConfigKeys (ConfUtils.java:logGet(43)) - raft.server.rpc.timeout.max = 5200ms (custom)
2019-07-16 14:28:44,011 INFO  server.RaftServerConfigKeys (ConfUtils.java:logGet(43)) - raft.server.rpcslowness.timeout = 120s (custom)
2019-07-16 14:28:44,011 INFO  server.RaftServerConfigKeys (ConfUtils.java:logGet(43)) - raft.server.sleep.deviation.threshold = 300 (default)
2019-07-16 14:28:44,012 INFO  server.RaftServerConfigKeys (ConfUtils.java:logGet(43)) - raft.server.log.appender.install.snapshot.enabled = false (custom)
2019-07-16 14:28:44,012 INFO  impl.RaftServerImpl (ServerState.java:<init>(105)) - 1dcb67de-7a45-4618-aa8e-97469f1b5306:group-4B8828CD24AA ConfigurationManager, init=-1: [1dcb67de-7a45-4618-aa8e-97469f1b5306:192.168.157.241:43331], old=null, confs=<EMPTY_MAP>
2019-07-16 14:28:44,012 INFO  server.RaftServerConfigKeys (ConfUtils.java:logGet(43)) - raft.server.storage.dir = [/workdir/hadoop-ozone/integration-test/target/test-dir/MiniOzoneClusterImpl-0f602919-0210-418c-bc40-44414be8bf8b/datanode-0/data/ratis] (custom)
2019-07-16 14:28:44,013 INFO  storage.RaftStorageDirectory (RaftStorageDirectory.java:analyzeStorage(246)) - The storage directory /workdir/hadoop-ozone/integration-test/target/test-dir/MiniOzoneClusterImpl-0f602919-0210-418c-bc40-44414be8bf8b/datanode-0/data/ratis/4e31dbbd-2be8-4e37-9285-4b8828cd24aa does not exist. Creating ...
2019-07-16 14:28:44,026 INFO  storage.RaftStorageDirectory (RaftStorageDirectory.java:tryLock(328)) - Lock on /workdir/hadoop-ozone/integration-test/target/test-dir/MiniOzoneClusterImpl-0f602919-0210-418c-bc40-44414be8bf8b/datanode-0/data/ratis/4e31dbbd-2be8-4e37-9285-4b8828cd24aa/in_use.lock acquired by nodename 23803@trunk-nightly-gllmw-2332419065
2019-07-16 14:28:44,040 INFO  storage.RaftStorage (RaftStorage.java:format(72)) - Storage directory /workdir/hadoop-ozone/integration-test/target/test-dir/MiniOzoneClusterImpl-0f602919-0210-418c-bc40-44414be8bf8b/datanode-0/data/ratis/4e31dbbd-2be8-4e37-9285-4b8828cd24aa has been successfully formatted.
2019-07-16 14:28:44,041 INFO  ratis.ContainerStateMachine (ContainerStateMachine.java:loadSnapshot(200)) - group-4B8828CD24AA: The snapshot info is null. Setting the last applied indexto:(t:0, i:~)
2019-07-16 14:28:44,041 INFO  server.RaftServerConfigKeys (ConfUtils.java:logGet(43)) - raft.server.leader.election.timeout = 120s (custom)
2019-07-16 14:28:44,041 INFO  server.RaftServerConfigKeys (ConfUtils.java:logGet(43)) - raft.server.log.use.memory = false (default)
2019-07-16 14:28:44,041 INFO  server.RaftServerConfigKeys (ConfUtils.java:logGet(43)) - raft.server.log.purge.gap = 1000000000 (custom)
2019-07-16 14:28:44,042 INFO  server.RaftServerConfigKeys (ConfUtils.java:logGet(43)) - raft.server.log.appender.buffer.byte-limit = 33554432 (custom)
2019-07-16 14:28:44,042 INFO  server.RaftServerConfigKeys (ConfUtils.java:logGet(43)) - raft.server.log.segment.size.max = 1048576 (custom)
2019-07-16 14:28:44,042 INFO  server.RaftServerConfigKeys (ConfUtils.java:logGet(43)) - raft.server.log.segment.cache.num.max = 2 (custom)
2019-07-16 14:28:44,042 INFO  segmented.SegmentedRaftLogWorker (SegmentedRaftLogWorker.java:<init>(172)) - new 1dcb67de-7a45-4618-aa8e-97469f1b5306-SegmentedRaftLogWorker:Storage Directory /workdir/hadoop-ozone/integration-test/target/test-dir/MiniOzoneClusterImpl-0f602919-0210-418c-bc40-44414be8bf8b/datanode-0/data/ratis/4e31dbbd-2be8-4e37-9285-4b8828cd24aa for RaftStorage:Storage Directory /workdir/hadoop-ozone/integration-test/target/test-dir/MiniOzoneClusterImpl-0f602919-0210-418c-bc40-44414be8bf8b/datanode-0/data/ratis/4e31dbbd-2be8-4e37-9285-4b8828cd24aa
2019-07-16 14:28:44,043 INFO  server.RaftServerConfigKeys (ConfUtils.java:logGet(43)) - raft.server.log.queue.byte-limit = 2147483647 (custom)
2019-07-16 14:28:44,043 INFO  server.RaftServerConfigKeys (ConfUtils.java:logGet(43)) - raft.server.log.queue.element-limit = 1024 (custom)
2019-07-16 14:28:44,043 INFO  server.RaftServerConfigKeys (ConfUtils.java:logGet(43)) - raft.server.log.segment.size.max = 1048576 (custom)
2019-07-16 14:28:44,043 INFO  server.RaftServerConfigKeys (ConfUtils.java:logGet(43)) - raft.server.log.preallocated.size = 16384 (custom)
2019-07-16 14:28:44,043 INFO  server.RaftServerConfigKeys (ConfUtils.java:logGet(43)) - raft.server.log.write.buffer.size = 33554432 (custom)
2019-07-16 14:28:44,044 INFO  server.RaftServerConfigKeys (ConfUtils.java:logGet(43)) - raft.server.log.force.sync.num = 128 (default)
2019-07-16 14:28:44,044 INFO  server.RaftServerConfigKeys (ConfUtils.java:logGet(43)) - raft.server.log.statemachine.data.sync = true (default)
2019-07-16 14:28:44,044 INFO  server.RaftServerConfigKeys (ConfUtils.java:logGet(43)) - raft.server.log.statemachine.data.sync.timeout = 10s (default)
2019-07-16 14:28:44,044 INFO  server.RaftServerConfigKeys (ConfUtils.java:logGet(43)) - raft.server.log.statemachine.data.sync.timeout.retry = -1 (default)
2019-07-16 14:28:44,044 INFO  server.RaftServerConfigKeys (ConfUtils.java:logGet(43)) - raft.server.log.statemachine.data.caching.enabled = true (custom)
2019-07-16 14:28:44,045 INFO  segmented.SegmentedRaftLogWorker (SegmentedRaftLogWorker.java:lambda$new$0(132)) - 1dcb67de-7a45-4618-aa8e-97469f1b5306-SegmentedRaftLogWorker:Storage Directory /workdir/hadoop-ozone/integration-test/target/test-dir/MiniOzoneClusterImpl-0f602919-0210-418c-bc40-44414be8bf8b/datanode-0/data/ratis/4e31dbbd-2be8-4e37-9285-4b8828cd24aa: flushIndex: setUnconditionally 0 -> -1
2019-07-16 14:28:44,045 INFO  server.RaftServerConfigKeys (ConfUtils.java:logGet(43)) - raft.server.snapshot.auto.trigger.enabled = true (custom)
2019-07-16 14:28:44,045 INFO  server.RaftServerConfigKeys (ConfUtils.java:logGet(43)) - raft.server.snapshot.auto.trigger.threshold = 10000 (custom)
2019-07-16 14:28:44,046 INFO  server.RaftServerConfigKeys (ConfUtils.java:logGet(43)) - raft.server.retrycache.expirytime = 600000ms (custom)
2019-07-16 14:28:44,046 INFO  impl.RaftServerImpl (RaftServerImpl.java:start(180)) - 1dcb67de-7a45-4618-aa8e-97469f1b5306: start group-4B8828CD24AA
2019-07-16 14:28:44,046 INFO  impl.RaftServerImpl (RaftServerImpl.java:setRole(171)) - 1dcb67de-7a45-4618-aa8e-97469f1b5306:group-4B8828CD24AA changes role from null to FOLLOWER at term 0 for startAsFollower
2019-07-16 14:28:44,046 INFO  impl.RoleInfo (RoleInfo.java:updateAndGet(143)) - 1dcb67de-7a45-4618-aa8e-97469f1b5306: start FollowerState
2019-07-16 14:28:44,047 INFO  util.JmxRegister (JmxRegister.java:tryRegister(44)) - Successfully registered JMX Bean with object name Ratis:service=RaftServer,group=group-4B8828CD24AA,id=1dcb67de-7a45-4618-aa8e-97469f1b5306
2019-07-16 14:28:44,053 INFO  pipeline.PipelineStateManager (PipelineStateManager.java:addPipeline(56)) - Created pipeline Pipeline[ Id: 4e31dbbd-2be8-4e37-9285-4b8828cd24aa, Nodes: 1dcb67de-7a45-4618-aa8e-97469f1b5306{ip: 192.168.157.241, host: trunk-nightly-gllmw-2332419065, networkLocation: /default-rack, certSerialId: null}, Type:RATIS, Factor:ONE, State:OPEN]
2019-07-16 14:28:44,159 INFO  node.SCMNodeManager (SCMNodeManager.java:register(269)) - Registered Data node : d0ca025d-0fb4-4142-b825-44be0d8caf68{ip: 192.168.157.241, host: trunk-nightly-gllmw-2332419065, networkLocation: /default-rack, certSerialId: null}
2019-07-16 14:28:44,169 INFO  ozone.MiniOzoneClusterImpl (MiniOzoneClusterImpl.java:lambda$waitForClusterToBeReady$0(142)) - Waiting for cluster to be ready. Got 2 of 7 DN Heartbeats.
2019-07-16 14:28:44,169 INFO  impl.RaftServerProxy (RaftServerProxy.java:addNew(89)) - d0ca025d-0fb4-4142-b825-44be0d8caf68: addNew group-C967B7A832A7:[d0ca025d-0fb4-4142-b825-44be0d8caf68:192.168.157.241:39938] returns group-C967B7A832A7:java.util.concurrent.CompletableFuture@18640f88[Not completed]
2019-07-16 14:28:44,172 INFO  impl.RaftServerImpl (RaftServerImpl.java:<init>(93)) - d0ca025d-0fb4-4142-b825-44be0d8caf68: new RaftServerImpl for group-C967B7A832A7:[d0ca025d-0fb4-4142-b825-44be0d8caf68:192.168.157.241:39938] with ContainerStateMachine:uninitialized
2019-07-16 14:28:44,172 INFO  server.RaftServerConfigKeys (ConfUtils.java:logGet(43)) - raft.server.rpc.timeout.min = 5s (custom)
2019-07-16 14:28:44,173 INFO  server.RaftServerConfigKeys (ConfUtils.java:logGet(43)) - raft.server.rpc.timeout.max = 5200ms (custom)
2019-07-16 14:28:44,173 INFO  server.RaftServerConfigKeys (ConfUtils.java:logGet(43)) - raft.server.rpcslowness.timeout = 120s (custom)
2019-07-16 14:28:44,173 INFO  server.RaftServerConfigKeys (ConfUtils.java:logGet(43)) - raft.server.sleep.deviation.threshold = 300 (default)
2019-07-16 14:28:44,173 INFO  server.RaftServerConfigKeys (ConfUtils.java:logGet(43)) - raft.server.log.appender.install.snapshot.enabled = false (custom)
2019-07-16 14:28:44,173 INFO  impl.RaftServerImpl (ServerState.java:<init>(105)) - d0ca025d-0fb4-4142-b825-44be0d8caf68:group-C967B7A832A7 ConfigurationManager, init=-1: [d0ca025d-0fb4-4142-b825-44be0d8caf68:192.168.157.241:39938], old=null, confs=<EMPTY_MAP>
2019-07-16 14:28:44,173 INFO  server.RaftServerConfigKeys (ConfUtils.java:logGet(43)) - raft.server.storage.dir = [/workdir/hadoop-ozone/integration-test/target/test-dir/MiniOzoneClusterImpl-0f602919-0210-418c-bc40-44414be8bf8b/datanode-1/data/ratis] (custom)
2019-07-16 14:28:44,174 INFO  storage.RaftStorageDirectory (RaftStorageDirectory.java:analyzeStorage(246)) - The storage directory /workdir/hadoop-ozone/integration-test/target/test-dir/MiniOzoneClusterImpl-0f602919-0210-418c-bc40-44414be8bf8b/datanode-1/data/ratis/50e63d0a-2cb0-4798-9bc4-c967b7a832a7 does not exist. Creating ...
2019-07-16 14:28:44,187 INFO  storage.RaftStorageDirectory (RaftStorageDirectory.java:tryLock(328)) - Lock on /workdir/hadoop-ozone/integration-test/target/test-dir/MiniOzoneClusterImpl-0f602919-0210-418c-bc40-44414be8bf8b/datanode-1/data/ratis/50e63d0a-2cb0-4798-9bc4-c967b7a832a7/in_use.lock acquired by nodename 23803@trunk-nightly-gllmw-2332419065
2019-07-16 14:28:44,201 INFO  storage.RaftStorage (RaftStorage.java:format(72)) - Storage directory /workdir/hadoop-ozone/integration-test/target/test-dir/MiniOzoneClusterImpl-0f602919-0210-418c-bc40-44414be8bf8b/datanode-1/data/ratis/50e63d0a-2cb0-4798-9bc4-c967b7a832a7 has been successfully formatted.
2019-07-16 14:28:44,201 INFO  ratis.ContainerStateMachine (ContainerStateMachine.java:loadSnapshot(200)) - group-C967B7A832A7: The snapshot info is null. Setting the last applied indexto:(t:0, i:~)
2019-07-16 14:28:44,201 INFO  server.RaftServerConfigKeys (ConfUtils.java:logGet(43)) - raft.server.leader.election.timeout = 120s (custom)
2019-07-16 14:28:44,201 INFO  server.RaftServerConfigKeys (ConfUtils.java:logGet(43)) - raft.server.log.use.memory = false (default)
2019-07-16 14:28:44,201 INFO  server.RaftServerConfigKeys (ConfUtils.java:logGet(43)) - raft.server.log.purge.gap = 1000000000 (custom)
2019-07-16 14:28:44,201 INFO  server.RaftServerConfigKeys (ConfUtils.java:logGet(43)) - raft.server.log.appender.buffer.byte-limit = 33554432 (custom)
2019-07-16 14:28:44,202 INFO  server.RaftServerConfigKeys (ConfUtils.java:logGet(43)) - raft.server.log.segment.size.max = 1048576 (custom)
2019-07-16 14:28:44,202 INFO  server.RaftServerConfigKeys (ConfUtils.java:logGet(43)) - raft.server.log.segment.cache.num.max = 2 (custom)
2019-07-16 14:28:44,202 INFO  segmented.SegmentedRaftLogWorker (SegmentedRaftLogWorker.java:<init>(172)) - new d0ca025d-0fb4-4142-b825-44be0d8caf68-SegmentedRaftLogWorker:Storage Directory /workdir/hadoop-ozone/integration-test/target/test-dir/MiniOzoneClusterImpl-0f602919-0210-418c-bc40-44414be8bf8b/datanode-1/data/ratis/50e63d0a-2cb0-4798-9bc4-c967b7a832a7 for RaftStorage:Storage Directory /workdir/hadoop-ozone/integration-test/target/test-dir/MiniOzoneClusterImpl-0f602919-0210-418c-bc40-44414be8bf8b/datanode-1/data/ratis/50e63d0a-2cb0-4798-9bc4-c967b7a832a7
2019-07-16 14:28:44,202 INFO  server.RaftServerConfigKeys (ConfUtils.java:logGet(43)) - raft.server.log.queue.byte-limit = 2147483647 (custom)
2019-07-16 14:28:44,202 INFO  server.RaftServerConfigKeys (ConfUtils.java:logGet(43)) - raft.server.log.queue.element-limit = 1024 (custom)
2019-07-16 14:28:44,203 INFO  server.RaftServerConfigKeys (ConfUtils.java:logGet(43)) - raft.server.log.segment.size.max = 1048576 (custom)
2019-07-16 14:28:44,203 INFO  server.RaftServerConfigKeys (ConfUtils.java:logGet(43)) - raft.server.log.preallocated.size = 16384 (custom)
2019-07-16 14:28:44,203 INFO  server.RaftServerConfigKeys (ConfUtils.java:logGet(43)) - raft.server.log.write.buffer.size = 33554432 (custom)
2019-07-16 14:28:44,203 INFO  server.RaftServerConfigKeys (ConfUtils.java:logGet(43)) - raft.server.log.force.sync.num = 128 (default)
2019-07-16 14:28:44,203 INFO  server.RaftServerConfigKeys (ConfUtils.java:logGet(43)) - raft.server.log.statemachine.data.sync = true (default)
2019-07-16 14:28:44,203 INFO  server.RaftServerConfigKeys (ConfUtils.java:logGet(43)) - raft.server.log.statemachine.data.sync.timeout = 10s (default)
2019-07-16 14:28:44,204 INFO  server.RaftServerConfigKeys (ConfUtils.java:logGet(43)) - raft.server.log.statemachine.data.sync.timeout.retry = -1 (default)
2019-07-16 14:28:44,204 INFO  server.RaftServerConfigKeys (ConfUtils.java:logGet(43)) - raft.server.log.statemachine.data.caching.enabled = true (custom)
2019-07-16 14:28:44,205 INFO  segmented.SegmentedRaftLogWorker (SegmentedRaftLogWorker.java:lambda$new$0(132)) - d0ca025d-0fb4-4142-b825-44be0d8caf68-SegmentedRaftLogWorker:Storage Directory /workdir/hadoop-ozone/integration-test/target/test-dir/MiniOzoneClusterImpl-0f602919-0210-418c-bc40-44414be8bf8b/datanode-1/data/ratis/50e63d0a-2cb0-4798-9bc4-c967b7a832a7: flushIndex: setUnconditionally 0 -> -1
2019-07-16 14:28:44,205 INFO  server.RaftServerConfigKeys (ConfUtils.java:logGet(43)) - raft.server.snapshot.auto.trigger.enabled = true (custom)
2019-07-16 14:28:44,205 INFO  server.RaftServerConfigKeys (ConfUtils.java:logGet(43)) - raft.server.snapshot.auto.trigger.threshold = 10000 (custom)
2019-07-16 14:28:44,206 INFO  server.RaftServerConfigKeys (ConfUtils.java:logGet(43)) - raft.server.retrycache.expirytime = 600000ms (custom)
2019-07-16 14:28:44,206 INFO  impl.RaftServerImpl (RaftServerImpl.java:start(180)) - d0ca025d-0fb4-4142-b825-44be0d8caf68: start group-C967B7A832A7
2019-07-16 14:28:44,206 INFO  impl.RaftServerImpl (RaftServerImpl.java:setRole(171)) - d0ca025d-0fb4-4142-b825-44be0d8caf68:group-C967B7A832A7 changes role from null to FOLLOWER at term 0 for startAsFollower
2019-07-16 14:28:44,206 INFO  impl.RoleInfo (RoleInfo.java:updateAndGet(143)) - d0ca025d-0fb4-4142-b825-44be0d8caf68: start FollowerState
2019-07-16 14:28:44,207 INFO  util.JmxRegister (JmxRegister.java:tryRegister(44)) - Successfully registered JMX Bean with object name Ratis:service=RaftServer,group=group-C967B7A832A7,id=d0ca025d-0fb4-4142-b825-44be0d8caf68
2019-07-16 14:28:44,213 INFO  pipeline.PipelineStateManager (PipelineStateManager.java:addPipeline(56)) - Created pipeline Pipeline[ Id: 50e63d0a-2cb0-4798-9bc4-c967b7a832a7, Nodes: d0ca025d-0fb4-4142-b825-44be0d8caf68{ip: 192.168.157.241, host: trunk-nightly-gllmw-2332419065, networkLocation: /default-rack, certSerialId: null}, Type:RATIS, Factor:ONE, State:OPEN]
2019-07-16 14:28:44,323 INFO  node.SCMNodeManager (SCMNodeManager.java:register(269)) - Registered Data node : e9fd21c8-f577-469d-b157-45233b1882a0{ip: 192.168.157.241, host: trunk-nightly-gllmw-2332419065, networkLocation: /default-rack, certSerialId: null}
2019-07-16 14:28:44,333 INFO  impl.RaftServerProxy (RaftServerProxy.java:addNew(89)) - e9fd21c8-f577-469d-b157-45233b1882a0: addNew group-CE4CE663F0AD:[e9fd21c8-f577-469d-b157-45233b1882a0:192.168.157.241:41423] returns group-CE4CE663F0AD:java.util.concurrent.CompletableFuture@681d1de9[Not completed]
2019-07-16 14:28:44,334 INFO  impl.RaftServerImpl (RaftServerImpl.java:<init>(93)) - e9fd21c8-f577-469d-b157-45233b1882a0: new RaftServerImpl for group-CE4CE663F0AD:[e9fd21c8-f577-469d-b157-45233b1882a0:192.168.157.241:41423] with ContainerStateMachine:uninitialized
2019-07-16 14:28:44,334 INFO  server.RaftServerConfigKeys (ConfUtils.java:logGet(43)) - raft.server.rpc.timeout.min = 5s (custom)
2019-07-16 14:28:44,334 INFO  server.RaftServerConfigKeys (ConfUtils.java:logGet(43)) - raft.server.rpc.timeout.max = 5200ms (custom)
2019-07-16 14:28:44,334 INFO  server.RaftServerConfigKeys (ConfUtils.java:logGet(43)) - raft.server.rpcslowness.timeout = 120s (custom)
2019-07-16 14:28:44,334 INFO  server.RaftServerConfigKeys (ConfUtils.java:logGet(43)) - raft.server.sleep.deviation.threshold = 300 (default)
2019-07-16 14:28:44,335 INFO  server.RaftServerConfigKeys (ConfUtils.java:logGet(43)) - raft.server.log.appender.install.snapshot.enabled = false (custom)
2019-07-16 14:28:44,335 INFO  impl.RaftServerImpl (ServerState.java:<init>(105)) - e9fd21c8-f577-469d-b157-45233b1882a0:group-CE4CE663F0AD ConfigurationManager, init=-1: [e9fd21c8-f577-469d-b157-45233b1882a0:192.168.157.241:41423], old=null, confs=<EMPTY_MAP>
2019-07-16 14:28:44,335 INFO  server.RaftServerConfigKeys (ConfUtils.java:logGet(43)) - raft.server.storage.dir = [/workdir/hadoop-ozone/integration-test/target/test-dir/MiniOzoneClusterImpl-0f602919-0210-418c-bc40-44414be8bf8b/datanode-2/data/ratis] (custom)
2019-07-16 14:28:44,335 INFO  storage.RaftStorageDirectory (RaftStorageDirectory.java:analyzeStorage(246)) - The storage directory /workdir/hadoop-ozone/integration-test/target/test-dir/MiniOzoneClusterImpl-0f602919-0210-418c-bc40-44414be8bf8b/datanode-2/data/ratis/10d754e8-9f07-4793-9f3b-ce4ce663f0ad does not exist. Creating ...
2019-07-16 14:28:44,349 INFO  storage.RaftStorageDirectory (RaftStorageDirectory.java:tryLock(328)) - Lock on /workdir/hadoop-ozone/integration-test/target/test-dir/MiniOzoneClusterImpl-0f602919-0210-418c-bc40-44414be8bf8b/datanode-2/data/ratis/10d754e8-9f07-4793-9f3b-ce4ce663f0ad/in_use.lock acquired by nodename 23803@trunk-nightly-gllmw-2332419065
2019-07-16 14:28:44,362 INFO  storage.RaftStorage (RaftStorage.java:format(72)) - Storage directory /workdir/hadoop-ozone/integration-test/target/test-dir/MiniOzoneClusterImpl-0f602919-0210-418c-bc40-44414be8bf8b/datanode-2/data/ratis/10d754e8-9f07-4793-9f3b-ce4ce663f0ad has been successfully formatted.
2019-07-16 14:28:44,363 INFO  ratis.ContainerStateMachine (ContainerStateMachine.java:loadSnapshot(200)) - group-CE4CE663F0AD: The snapshot info is null. Setting the last applied indexto:(t:0, i:~)
2019-07-16 14:28:44,363 INFO  server.RaftServerConfigKeys (ConfUtils.java:logGet(43)) - raft.server.leader.election.timeout = 120s (custom)
2019-07-16 14:28:44,363 INFO  server.RaftServerConfigKeys (ConfUtils.java:logGet(43)) - raft.server.log.use.memory = false (default)
2019-07-16 14:28:44,363 INFO  server.RaftServerConfigKeys (ConfUtils.java:logGet(43)) - raft.server.log.purge.gap = 1000000000 (custom)
2019-07-16 14:28:44,363 INFO  server.RaftServerConfigKeys (ConfUtils.java:logGet(43)) - raft.server.log.appender.buffer.byte-limit = 33554432 (custom)
2019-07-16 14:28:44,363 INFO  server.RaftServerConfigKeys (ConfUtils.java:logGet(43)) - raft.server.log.segment.size.max = 1048576 (custom)
2019-07-16 14:28:44,364 INFO  server.RaftServerConfigKeys (ConfUtils.java:logGet(43)) - raft.server.log.segment.cache.num.max = 2 (custom)
2019-07-16 14:28:44,364 INFO  segmented.SegmentedRaftLogWorker (SegmentedRaftLogWorker.java:<init>(172)) - new e9fd21c8-f577-469d-b157-45233b1882a0-SegmentedRaftLogWorker:Storage Directory /workdir/hadoop-ozone/integration-test/target/test-dir/MiniOzoneClusterImpl-0f602919-0210-418c-bc40-44414be8bf8b/datanode-2/data/ratis/10d754e8-9f07-4793-9f3b-ce4ce663f0ad for RaftStorage:Storage Directory /workdir/hadoop-ozone/integration-test/target/test-dir/MiniOzoneClusterImpl-0f602919-0210-418c-bc40-44414be8bf8b/datanode-2/data/ratis/10d754e8-9f07-4793-9f3b-ce4ce663f0ad
2019-07-16 14:28:44,364 INFO  server.RaftServerConfigKeys (ConfUtils.java:logGet(43)) - raft.server.log.queue.byte-limit = 2147483647 (custom)
2019-07-16 14:28:44,364 INFO  server.RaftServerConfigKeys (ConfUtils.java:logGet(43)) - raft.server.log.queue.element-limit = 1024 (custom)
2019-07-16 14:28:44,364 INFO  server.RaftServerConfigKeys (ConfUtils.java:logGet(43)) - raft.server.log.segment.size.max = 1048576 (custom)
2019-07-16 14:28:44,364 INFO  server.RaftServerConfigKeys (ConfUtils.java:logGet(43)) - raft.server.log.preallocated.size = 16384 (custom)
2019-07-16 14:28:44,365 INFO  server.RaftServerConfigKeys (ConfUtils.java:logGet(43)) - raft.server.log.write.buffer.size = 33554432 (custom)
2019-07-16 14:28:44,365 INFO  server.RaftServerConfigKeys (ConfUtils.java:logGet(43)) - raft.server.log.force.sync.num = 128 (default)
2019-07-16 14:28:44,365 INFO  server.RaftServerConfigKeys (ConfUtils.java:logGet(43)) - raft.server.log.statemachine.data.sync = true (default)
2019-07-16 14:28:44,365 INFO  server.RaftServerConfigKeys (ConfUtils.java:logGet(43)) - raft.server.log.statemachine.data.sync.timeout = 10s (default)
2019-07-16 14:28:44,365 INFO  server.RaftServerConfigKeys (ConfUtils.java:logGet(43)) - raft.server.log.statemachine.data.sync.timeout.retry = -1 (default)
2019-07-16 14:28:44,365 INFO  server.RaftServerConfigKeys (ConfUtils.java:logGet(43)) - raft.server.log.statemachine.data.caching.enabled = true (custom)
2019-07-16 14:28:44,366 INFO  segmented.SegmentedRaftLogWorker (SegmentedRaftLogWorker.java:lambda$new$0(132)) - e9fd21c8-f577-469d-b157-45233b1882a0-SegmentedRaftLogWorker:Storage Directory /workdir/hadoop-ozone/integration-test/target/test-dir/MiniOzoneClusterImpl-0f602919-0210-418c-bc40-44414be8bf8b/datanode-2/data/ratis/10d754e8-9f07-4793-9f3b-ce4ce663f0ad: flushIndex: setUnconditionally 0 -> -1
2019-07-16 14:28:44,366 INFO  server.RaftServerConfigKeys (ConfUtils.java:logGet(43)) - raft.server.snapshot.auto.trigger.enabled = true (custom)
2019-07-16 14:28:44,366 INFO  server.RaftServerConfigKeys (ConfUtils.java:logGet(43)) - raft.server.snapshot.auto.trigger.threshold = 10000 (custom)
2019-07-16 14:28:44,367 INFO  server.RaftServerConfigKeys (ConfUtils.java:logGet(43)) - raft.server.retrycache.expirytime = 600000ms (custom)
2019-07-16 14:28:44,367 INFO  impl.RaftServerImpl (RaftServerImpl.java:start(180)) - e9fd21c8-f577-469d-b157-45233b1882a0: start group-CE4CE663F0AD
2019-07-16 14:28:44,367 INFO  impl.RaftServerImpl (RaftServerImpl.java:setRole(171)) - e9fd21c8-f577-469d-b157-45233b1882a0:group-CE4CE663F0AD changes role from null to FOLLOWER at term 0 for startAsFollower
2019-07-16 14:28:44,367 INFO  impl.RoleInfo (RoleInfo.java:updateAndGet(143)) - e9fd21c8-f577-469d-b157-45233b1882a0: start FollowerState
2019-07-16 14:28:44,367 INFO  util.JmxRegister (JmxRegister.java:tryRegister(44)) - Successfully registered JMX Bean with object name Ratis:service=RaftServer,group=group-CE4CE663F0AD,id=e9fd21c8-f577-469d-b157-45233b1882a0
2019-07-16 14:28:44,372 INFO  pipeline.PipelineStateManager (PipelineStateManager.java:addPipeline(56)) - Created pipeline Pipeline[ Id: 10d754e8-9f07-4793-9f3b-ce4ce663f0ad, Nodes: e9fd21c8-f577-469d-b157-45233b1882a0{ip: 192.168.157.241, host: trunk-nightly-gllmw-2332419065, networkLocation: /default-rack, certSerialId: null}, Type:RATIS, Factor:ONE, State:OPEN]
2019-07-16 14:28:44,384 INFO  impl.RaftServerProxy (RaftServerProxy.java:addNew(89)) - e9fd21c8-f577-469d-b157-45233b1882a0: addNew group-B50920E65327:[d0ca025d-0fb4-4142-b825-44be0d8caf68:192.168.157.241:39938, e9fd21c8-f577-469d-b157-45233b1882a0:192.168.157.241:41423, 1dcb67de-7a45-4618-aa8e-97469f1b5306:192.168.157.241:43331] returns group-B50920E65327:java.util.concurrent.CompletableFuture@31f0f0ae[Not completed]
2019-07-16 14:28:44,385 INFO  impl.RaftServerProxy (RaftServerProxy.java:addNew(89)) - d0ca025d-0fb4-4142-b825-44be0d8caf68: addNew group-B50920E65327:[d0ca025d-0fb4-4142-b825-44be0d8caf68:192.168.157.241:39938, e9fd21c8-f577-469d-b157-45233b1882a0:192.168.157.241:41423, 1dcb67de-7a45-4618-aa8e-97469f1b5306:192.168.157.241:43331] returns group-B50920E65327:java.util.concurrent.CompletableFuture@62325435[Not completed]
2019-07-16 14:28:44,385 INFO  impl.RaftServerProxy (RaftServerProxy.java:addNew(89)) - 1dcb67de-7a45-4618-aa8e-97469f1b5306: addNew group-B50920E65327:[d0ca025d-0fb4-4142-b825-44be0d8caf68:192.168.157.241:39938, e9fd21c8-f577-469d-b157-45233b1882a0:192.168.157.241:41423, 1dcb67de-7a45-4618-aa8e-97469f1b5306:192.168.157.241:43331] returns group-B50920E65327:java.util.concurrent.CompletableFuture@2079b12[Not completed]
2019-07-16 14:28:44,386 INFO  impl.RaftServerImpl (RaftServerImpl.java:<init>(93)) - e9fd21c8-f577-469d-b157-45233b1882a0: new RaftServerImpl for group-B50920E65327:[d0ca025d-0fb4-4142-b825-44be0d8caf68:192.168.157.241:39938, e9fd21c8-f577-469d-b157-45233b1882a0:192.168.157.241:41423, 1dcb67de-7a45-4618-aa8e-97469f1b5306:192.168.157.241:43331] with ContainerStateMachine:uninitialized
2019-07-16 14:28:44,386 INFO  server.RaftServerConfigKeys (ConfUtils.java:logGet(43)) - raft.server.rpc.timeout.min = 5s (custom)
2019-07-16 14:28:44,386 INFO  server.RaftServerConfigKeys (ConfUtils.java:logGet(43)) - raft.server.rpc.timeout.max = 5200ms (custom)
2019-07-16 14:28:44,386 INFO  server.RaftServerConfigKeys (ConfUtils.java:logGet(43)) - raft.server.rpcslowness.timeout = 120s (custom)
2019-07-16 14:28:44,386 INFO  server.RaftServerConfigKeys (ConfUtils.java:logGet(43)) - raft.server.sleep.deviation.threshold = 300 (default)
2019-07-16 14:28:44,386 INFO  server.RaftServerConfigKeys (ConfUtils.java:logGet(43)) - raft.server.log.appender.install.snapshot.enabled = false (custom)
2019-07-16 14:28:44,387 INFO  impl.RaftServerImpl (ServerState.java:<init>(105)) - e9fd21c8-f577-469d-b157-45233b1882a0:group-B50920E65327 ConfigurationManager, init=-1: [d0ca025d-0fb4-4142-b825-44be0d8caf68:192.168.157.241:39938, e9fd21c8-f577-469d-b157-45233b1882a0:192.168.157.241:41423, 1dcb67de-7a45-4618-aa8e-97469f1b5306:192.168.157.241:43331], old=null, confs=<EMPTY_MAP>
2019-07-16 14:28:44,387 INFO  impl.RaftServerImpl (RaftServerImpl.java:<init>(93)) - d0ca025d-0fb4-4142-b825-44be0d8caf68: new RaftServerImpl for group-B50920E65327:[d0ca025d-0fb4-4142-b825-44be0d8caf68:192.168.157.241:39938, e9fd21c8-f577-469d-b157-45233b1882a0:192.168.157.241:41423, 1dcb67de-7a45-4618-aa8e-97469f1b5306:192.168.157.241:43331] with ContainerStateMachine:uninitialized
2019-07-16 14:28:44,387 INFO  server.RaftServerConfigKeys (ConfUtils.java:logGet(43)) - raft.server.storage.dir = [/workdir/hadoop-ozone/integration-test/target/test-dir/MiniOzoneClusterImpl-0f602919-0210-418c-bc40-44414be8bf8b/datanode-2/data/ratis] (custom)
2019-07-16 14:28:44,387 INFO  server.RaftServerConfigKeys (ConfUtils.java:logGet(43)) - raft.server.rpc.timeout.min = 5s (custom)
2019-07-16 14:28:44,387 INFO  impl.RaftServerImpl (RaftServerImpl.java:<init>(93)) - 1dcb67de-7a45-4618-aa8e-97469f1b5306: new RaftServerImpl for group-B50920E65327:[d0ca025d-0fb4-4142-b825-44be0d8caf68:192.168.157.241:39938, e9fd21c8-f577-469d-b157-45233b1882a0:192.168.157.241:41423, 1dcb67de-7a45-4618-aa8e-97469f1b5306:192.168.157.241:43331] with ContainerStateMachine:uninitialized
2019-07-16 14:28:44,387 INFO  server.RaftServerConfigKeys (ConfUtils.java:logGet(43)) - raft.server.rpc.timeout.max = 5200ms (custom)
2019-07-16 14:28:44,387 INFO  storage.RaftStorageDirectory (RaftStorageDirectory.java:analyzeStorage(246)) - The storage directory /workdir/hadoop-ozone/integration-test/target/test-dir/MiniOzoneClusterImpl-0f602919-0210-418c-bc40-44414be8bf8b/datanode-2/data/ratis/934d3b6c-13fc-4318-abaf-b50920e65327 does not exist. Creating ...
2019-07-16 14:28:44,388 INFO  server.RaftServerConfigKeys (ConfUtils.java:logGet(43)) - raft.server.rpcslowness.timeout = 120s (custom)
2019-07-16 14:28:44,388 INFO  server.RaftServerConfigKeys (ConfUtils.java:logGet(43)) - raft.server.rpc.timeout.min = 5s (custom)
2019-07-16 14:28:44,388 INFO  server.RaftServerConfigKeys (ConfUtils.java:logGet(43)) - raft.server.sleep.deviation.threshold = 300 (default)
2019-07-16 14:28:44,388 INFO  server.RaftServerConfigKeys (ConfUtils.java:logGet(43)) - raft.server.rpc.timeout.max = 5200ms (custom)
2019-07-16 14:28:44,389 INFO  server.RaftServerConfigKeys (ConfUtils.java:logGet(43)) - raft.server.log.appender.install.snapshot.enabled = false (custom)
2019-07-16 14:28:44,389 INFO  server.RaftServerConfigKeys (ConfUtils.java:logGet(43)) - raft.server.rpcslowness.timeout = 120s (custom)
2019-07-16 14:28:44,389 INFO  impl.RaftServerImpl (ServerState.java:<init>(105)) - d0ca025d-0fb4-4142-b825-44be0d8caf68:group-B50920E65327 ConfigurationManager, init=-1: [d0ca025d-0fb4-4142-b825-44be0d8caf68:192.168.157.241:39938, e9fd21c8-f577-469d-b157-45233b1882a0:192.168.157.241:41423, 1dcb67de-7a45-4618-aa8e-97469f1b5306:192.168.157.241:43331], old=null, confs=<EMPTY_MAP>
2019-07-16 14:28:44,389 INFO  server.RaftServerConfigKeys (ConfUtils.java:logGet(43)) - raft.server.sleep.deviation.threshold = 300 (default)
2019-07-16 14:28:44,389 INFO  server.RaftServerConfigKeys (ConfUtils.java:logGet(43)) - raft.server.storage.dir = [/workdir/hadoop-ozone/integration-test/target/test-dir/MiniOzoneClusterImpl-0f602919-0210-418c-bc40-44414be8bf8b/datanode-1/data/ratis] (custom)
2019-07-16 14:28:44,389 INFO  server.RaftServerConfigKeys (ConfUtils.java:logGet(43)) - raft.server.log.appender.install.snapshot.enabled = false (custom)
2019-07-16 14:28:44,390 INFO  impl.RaftServerImpl (ServerState.java:<init>(105)) - 1dcb67de-7a45-4618-aa8e-97469f1b5306:group-B50920E65327 ConfigurationManager, init=-1: [d0ca025d-0fb4-4142-b825-44be0d8caf68:192.168.157.241:39938, e9fd21c8-f577-469d-b157-45233b1882a0:192.168.157.241:41423, 1dcb67de-7a45-4618-aa8e-97469f1b5306:192.168.157.241:43331], old=null, confs=<EMPTY_MAP>
2019-07-16 14:28:44,390 INFO  storage.RaftStorageDirectory (RaftStorageDirectory.java:analyzeStorage(246)) - The storage directory /workdir/hadoop-ozone/integration-test/target/test-dir/MiniOzoneClusterImpl-0f602919-0210-418c-bc40-44414be8bf8b/datanode-1/data/ratis/934d3b6c-13fc-4318-abaf-b50920e65327 does not exist. Creating ...
2019-07-16 14:28:44,390 INFO  server.RaftServerConfigKeys (ConfUtils.java:logGet(43)) - raft.server.storage.dir = [/workdir/hadoop-ozone/integration-test/target/test-dir/MiniOzoneClusterImpl-0f602919-0210-418c-bc40-44414be8bf8b/datanode-0/data/ratis] (custom)
2019-07-16 14:28:44,391 INFO  storage.RaftStorageDirectory (RaftStorageDirectory.java:analyzeStorage(246)) - The storage directory /workdir/hadoop-ozone/integration-test/target/test-dir/MiniOzoneClusterImpl-0f602919-0210-418c-bc40-44414be8bf8b/datanode-0/data/ratis/934d3b6c-13fc-4318-abaf-b50920e65327 does not exist. Creating ...
2019-07-16 14:28:44,448 INFO  storage.RaftStorageDirectory (RaftStorageDirectory.java:tryLock(328)) - Lock on /workdir/hadoop-ozone/integration-test/target/test-dir/MiniOzoneClusterImpl-0f602919-0210-418c-bc40-44414be8bf8b/datanode-1/data/ratis/934d3b6c-13fc-4318-abaf-b50920e65327/in_use.lock acquired by nodename 23803@trunk-nightly-gllmw-2332419065
2019-07-16 14:28:44,448 INFO  storage.RaftStorageDirectory (RaftStorageDirectory.java:tryLock(328)) - Lock on /workdir/hadoop-ozone/integration-test/target/test-dir/MiniOzoneClusterImpl-0f602919-0210-418c-bc40-44414be8bf8b/datanode-0/data/ratis/934d3b6c-13fc-4318-abaf-b50920e65327/in_use.lock acquired by nodename 23803@trunk-nightly-gllmw-2332419065
2019-07-16 14:28:44,448 INFO  storage.RaftStorageDirectory (RaftStorageDirectory.java:tryLock(328)) - Lock on /workdir/hadoop-ozone/integration-test/target/test-dir/MiniOzoneClusterImpl-0f602919-0210-418c-bc40-44414be8bf8b/datanode-2/data/ratis/934d3b6c-13fc-4318-abaf-b50920e65327/in_use.lock acquired by nodename 23803@trunk-nightly-gllmw-2332419065
2019-07-16 14:28:44,461 INFO  storage.RaftStorage (RaftStorage.java:format(72)) - Storage directory /workdir/hadoop-ozone/integration-test/target/test-dir/MiniOzoneClusterImpl-0f602919-0210-418c-bc40-44414be8bf8b/datanode-2/data/ratis/934d3b6c-13fc-4318-abaf-b50920e65327 has been successfully formatted.
2019-07-16 14:28:44,461 INFO  storage.RaftStorage (RaftStorage.java:format(72)) - Storage directory /workdir/hadoop-ozone/integration-test/target/test-dir/MiniOzoneClusterImpl-0f602919-0210-418c-bc40-44414be8bf8b/datanode-1/data/ratis/934d3b6c-13fc-4318-abaf-b50920e65327 has been successfully formatted.
2019-07-16 14:28:44,461 INFO  storage.RaftStorage (RaftStorage.java:format(72)) - Storage directory /workdir/hadoop-ozone/integration-test/target/test-dir/MiniOzoneClusterImpl-0f602919-0210-418c-bc40-44414be8bf8b/datanode-0/data/ratis/934d3b6c-13fc-4318-abaf-b50920e65327 has been successfully formatted.
2019-07-16 14:28:44,462 INFO  ratis.ContainerStateMachine (ContainerStateMachine.java:loadSnapshot(200)) - group-B50920E65327: The snapshot info is null. Setting the last applied indexto:(t:0, i:~)
2019-07-16 14:28:44,462 INFO  ratis.ContainerStateMachine (ContainerStateMachine.java:loadSnapshot(200)) - group-B50920E65327: The snapshot info is null. Setting the last applied indexto:(t:0, i:~)
2019-07-16 14:28:44,462 INFO  server.RaftServerConfigKeys (ConfUtils.java:logGet(43)) - raft.server.leader.election.timeout = 120s (custom)
2019-07-16 14:28:44,462 INFO  ratis.ContainerStateMachine (ContainerStateMachine.java:loadSnapshot(200)) - group-B50920E65327: The snapshot info is null. Setting the last applied indexto:(t:0, i:~)
2019-07-16 14:28:44,462 INFO  server.RaftServerConfigKeys (ConfUtils.java:logGet(43)) - raft.server.log.use.memory = false (default)
2019-07-16 14:28:44,463 INFO  server.RaftServerConfigKeys (ConfUtils.java:logGet(43)) - raft.server.log.purge.gap = 1000000000 (custom)
2019-07-16 14:28:44,462 INFO  server.RaftServerConfigKeys (ConfUtils.java:logGet(43)) - raft.server.leader.election.timeout = 120s (custom)
2019-07-16 14:28:44,463 INFO  server.RaftServerConfigKeys (ConfUtils.java:logGet(43)) - raft.server.log.appender.buffer.byte-limit = 33554432 (custom)
2019-07-16 14:28:44,463 INFO  server.RaftServerConfigKeys (ConfUtils.java:logGet(43)) - raft.server.log.segment.size.max = 1048576 (custom)
2019-07-16 14:28:44,463 INFO  server.RaftServerConfigKeys (ConfUtils.java:logGet(43)) - raft.server.leader.election.timeout = 120s (custom)
2019-07-16 14:28:44,463 INFO  server.RaftServerConfigKeys (ConfUtils.java:logGet(43)) - raft.server.log.segment.cache.num.max = 2 (custom)
2019-07-16 14:28:44,463 INFO  server.RaftServerConfigKeys (ConfUtils.java:logGet(43)) - raft.server.log.use.memory = false (default)
2019-07-16 14:28:44,464 INFO  segmented.SegmentedRaftLogWorker (SegmentedRaftLogWorker.java:<init>(172)) - new d0ca025d-0fb4-4142-b825-44be0d8caf68-SegmentedRaftLogWorker:Storage Directory /workdir/hadoop-ozone/integration-test/target/test-dir/MiniOzoneClusterImpl-0f602919-0210-418c-bc40-44414be8bf8b/datanode-1/data/ratis/934d3b6c-13fc-4318-abaf-b50920e65327 for RaftStorage:Storage Directory /workdir/hadoop-ozone/integration-test/target/test-dir/MiniOzoneClusterImpl-0f602919-0210-418c-bc40-44414be8bf8b/datanode-1/data/ratis/934d3b6c-13fc-4318-abaf-b50920e65327
2019-07-16 14:28:44,464 INFO  server.RaftServerConfigKeys (ConfUtils.java:logGet(43)) - raft.server.log.use.memory = false (default)
2019-07-16 14:28:44,464 INFO  server.RaftServerConfigKeys (ConfUtils.java:logGet(43)) - raft.server.log.queue.byte-limit = 2147483647 (custom)
2019-07-16 14:28:44,464 INFO  server.RaftServerConfigKeys (ConfUtils.java:logGet(43)) - raft.server.log.purge.gap = 1000000000 (custom)
2019-07-16 14:28:44,464 INFO  server.RaftServerConfigKeys (ConfUtils.java:logGet(43)) - raft.server.log.queue.element-limit = 1024 (custom)
2019-07-16 14:28:44,464 INFO  server.RaftServerConfigKeys (ConfUtils.java:logGet(43)) - raft.server.log.purge.gap = 1000000000 (custom)
2019-07-16 14:28:44,465 INFO  server.RaftServerConfigKeys (ConfUtils.java:logGet(43)) - raft.server.log.segment.size.max = 1048576 (custom)
2019-07-16 14:28:44,464 INFO  server.RaftServerConfigKeys (ConfUtils.java:logGet(43)) - raft.server.log.appender.buffer.byte-limit = 33554432 (custom)
2019-07-16 14:28:44,465 INFO  server.RaftServerConfigKeys (ConfUtils.java:logGet(43)) - raft.server.log.preallocated.size = 16384 (custom)
2019-07-16 14:28:44,465 INFO  server.RaftServerConfigKeys (ConfUtils.java:logGet(43)) - raft.server.log.write.buffer.size = 33554432 (custom)
2019-07-16 14:28:44,465 INFO  server.RaftServerConfigKeys (ConfUtils.java:logGet(43)) - raft.server.log.appender.buffer.byte-limit = 33554432 (custom)
2019-07-16 14:28:44,465 INFO  server.RaftServerConfigKeys (ConfUtils.java:logGet(43)) - raft.server.log.force.sync.num = 128 (default)
2019-07-16 14:28:44,466 INFO  server.RaftServerConfigKeys (ConfUtils.java:logGet(43)) - raft.server.log.statemachine.data.sync = true (default)
2019-07-16 14:28:44,465 INFO  server.RaftServerConfigKeys (ConfUtils.java:logGet(43)) - raft.server.log.segment.size.max = 1048576 (custom)
2019-07-16 14:28:44,466 INFO  server.RaftServerConfigKeys (ConfUtils.java:logGet(43)) - raft.server.log.statemachine.data.sync.timeout = 10s (default)
2019-07-16 14:28:44,466 INFO  server.RaftServerConfigKeys (ConfUtils.java:logGet(43)) - raft.server.log.statemachine.data.sync.timeout.retry = -1 (default)
2019-07-16 14:28:44,466 INFO  server.RaftServerConfigKeys (ConfUtils.java:logGet(43)) - raft.server.log.segment.size.max = 1048576 (custom)
2019-07-16 14:28:44,466 INFO  server.RaftServerConfigKeys (ConfUtils.java:logGet(43)) - raft.server.log.statemachine.data.caching.enabled = true (custom)
2019-07-16 14:28:44,466 INFO  server.RaftServerConfigKeys (ConfUtils.java:logGet(43)) - raft.server.log.segment.cache.num.max = 2 (custom)
2019-07-16 14:28:44,467 INFO  segmented.SegmentedRaftLogWorker (SegmentedRaftLogWorker.java:lambda$new$0(132)) - d0ca025d-0fb4-4142-b825-44be0d8caf68-SegmentedRaftLogWorker:Storage Directory /workdir/hadoop-ozone/integration-test/target/test-dir/MiniOzoneClusterImpl-0f602919-0210-418c-bc40-44414be8bf8b/datanode-1/data/ratis/934d3b6c-13fc-4318-abaf-b50920e65327: flushIndex: setUnconditionally 0 -> -1
2019-07-16 14:28:44,467 INFO  server.RaftServerConfigKeys (ConfUtils.java:logGet(43)) - raft.server.log.segment.cache.num.max = 2 (custom)
2019-07-16 14:28:44,467 INFO  server.RaftServerConfigKeys (ConfUtils.java:logGet(43)) - raft.server.snapshot.auto.trigger.enabled = true (custom)
2019-07-16 14:28:44,467 INFO  segmented.SegmentedRaftLogWorker (SegmentedRaftLogWorker.java:<init>(172)) - new e9fd21c8-f577-469d-b157-45233b1882a0-SegmentedRaftLogWorker:Storage Directory /workdir/hadoop-ozone/integration-test/target/test-dir/MiniOzoneClusterImpl-0f602919-0210-418c-bc40-44414be8bf8b/datanode-2/data/ratis/934d3b6c-13fc-4318-abaf-b50920e65327 for RaftStorage:Storage Directory /workdir/hadoop-ozone/integration-test/target/test-dir/MiniOzoneClusterImpl-0f602919-0210-418c-bc40-44414be8bf8b/datanode-2/data/ratis/934d3b6c-13fc-4318-abaf-b50920e65327
2019-07-16 14:28:44,468 INFO  server.RaftServerConfigKeys (ConfUtils.java:logGet(43)) - raft.server.snapshot.auto.trigger.threshold = 10000 (custom)
2019-07-16 14:28:44,467 INFO  segmented.SegmentedRaftLogWorker (SegmentedRaftLogWorker.java:<init>(172)) - new 1dcb67de-7a45-4618-aa8e-97469f1b5306-SegmentedRaftLogWorker:Storage Directory /workdir/hadoop-ozone/integration-test/target/test-dir/MiniOzoneClusterImpl-0f602919-0210-418c-bc40-44414be8bf8b/datanode-0/data/ratis/934d3b6c-13fc-4318-abaf-b50920e65327 for RaftStorage:Storage Directory /workdir/hadoop-ozone/integration-test/target/test-dir/MiniOzoneClusterImpl-0f602919-0210-418c-bc40-44414be8bf8b/datanode-0/data/ratis/934d3b6c-13fc-4318-abaf-b50920e65327
2019-07-16 14:28:44,468 INFO  server.RaftServerConfigKeys (ConfUtils.java:logGet(43)) - raft.server.retrycache.expirytime = 600000ms (custom)
2019-07-16 14:28:44,468 INFO  server.RaftServerConfigKeys (ConfUtils.java:logGet(43)) - raft.server.log.queue.byte-limit = 2147483647 (custom)
2019-07-16 14:28:44,468 INFO  impl.RaftServerImpl (RaftServerImpl.java:start(180)) - d0ca025d-0fb4-4142-b825-44be0d8caf68: start group-B50920E65327
2019-07-16 14:28:44,468 INFO  server.RaftServerConfigKeys (ConfUtils.java:logGet(43)) - raft.server.log.queue.byte-limit = 2147483647 (custom)
2019-07-16 14:28:44,468 INFO  impl.RaftServerImpl (RaftServerImpl.java:setRole(171)) - d0ca025d-0fb4-4142-b825-44be0d8caf68:group-B50920E65327 changes role from null to FOLLOWER at term 0 for startAsFollower
2019-07-16 14:28:44,469 INFO  impl.RoleInfo (RoleInfo.java:updateAndGet(143)) - d0ca025d-0fb4-4142-b825-44be0d8caf68: start FollowerState
2019-07-16 14:28:44,468 INFO  server.RaftServerConfigKeys (ConfUtils.java:logGet(43)) - raft.server.log.queue.element-limit = 1024 (custom)
2019-07-16 14:28:44,469 INFO  server.RaftServerConfigKeys (ConfUtils.java:logGet(43)) - raft.server.log.queue.element-limit = 1024 (custom)
2019-07-16 14:28:44,480 INFO  util.JmxRegister (JmxRegister.java:tryRegister(44)) - Successfully registered JMX Bean with object name Ratis:service=RaftServer,group=group-B50920E65327,id=d0ca025d-0fb4-4142-b825-44be0d8caf68
2019-07-16 14:28:44,469 INFO  server.RaftServerConfigKeys (ConfUtils.java:logGet(43)) - raft.server.log.segment.size.max = 1048576 (custom)
2019-07-16 14:28:44,480 INFO  server.RaftServerConfigKeys (ConfUtils.java:logGet(43)) - raft.server.log.segment.size.max = 1048576 (custom)
2019-07-16 14:28:44,480 INFO  server.RaftServerConfigKeys (ConfUtils.java:logGet(43)) - raft.server.log.preallocated.size = 16384 (custom)
2019-07-16 14:28:44,489 INFO  server.RaftServerConfigKeys (ConfUtils.java:logGet(43)) - raft.server.log.write.buffer.size = 33554432 (custom)
2019-07-16 14:28:44,481 INFO  server.RaftServerConfigKeys (ConfUtils.java:logGet(43)) - raft.server.log.preallocated.size = 16384 (custom)
2019-07-16 14:28:44,489 INFO  server.RaftServerConfigKeys (ConfUtils.java:logGet(43)) - raft.server.log.force.sync.num = 128 (default)
2019-07-16 14:28:44,489 INFO  server.RaftServerConfigKeys (ConfUtils.java:logGet(43)) - raft.server.log.write.buffer.size = 33554432 (custom)
2019-07-16 14:28:44,489 INFO  server.RaftServerConfigKeys (ConfUtils.java:logGet(43)) - raft.server.log.statemachine.data.sync = true (default)
2019-07-16 14:28:44,492 INFO  server.RaftServerConfigKeys (ConfUtils.java:logGet(43)) - raft.server.log.force.sync.num = 128 (default)
2019-07-16 14:28:44,492 INFO  server.RaftServerConfigKeys (ConfUtils.java:logGet(43)) - raft.server.log.statemachine.data.sync.timeout = 10s (default)
2019-07-16 14:28:44,492 INFO  server.RaftServerConfigKeys (ConfUtils.java:logGet(43)) - raft.server.log.statemachine.data.sync = true (default)
2019-07-16 14:28:44,492 INFO  server.RaftServerConfigKeys (ConfUtils.java:logGet(43)) - raft.server.log.statemachine.data.sync.timeout.retry = -1 (default)
2019-07-16 14:28:44,492 INFO  server.RaftServerConfigKeys (ConfUtils.java:logGet(43)) - raft.server.log.statemachine.data.sync.timeout = 10s (default)
2019-07-16 14:28:44,493 INFO  server.RaftServerConfigKeys (ConfUtils.java:logGet(43)) - raft.server.log.statemachine.data.caching.enabled = true (custom)
2019-07-16 14:28:44,493 INFO  server.RaftServerConfigKeys (ConfUtils.java:logGet(43)) - raft.server.log.statemachine.data.sync.timeout.retry = -1 (default)
2019-07-16 14:28:44,493 INFO  segmented.SegmentedRaftLogWorker (SegmentedRaftLogWorker.java:lambda$new$0(132)) - e9fd21c8-f577-469d-b157-45233b1882a0-SegmentedRaftLogWorker:Storage Directory /workdir/hadoop-ozone/integration-test/target/test-dir/MiniOzoneClusterImpl-0f602919-0210-418c-bc40-44414be8bf8b/datanode-2/data/ratis/934d3b6c-13fc-4318-abaf-b50920e65327: flushIndex: setUnconditionally 0 -> -1
2019-07-16 14:28:44,493 INFO  server.RaftServerConfigKeys (ConfUtils.java:logGet(43)) - raft.server.log.statemachine.data.caching.enabled = true (custom)
2019-07-16 14:28:44,493 INFO  server.RaftServerConfigKeys (ConfUtils.java:logGet(43)) - raft.server.snapshot.auto.trigger.enabled = true (custom)
2019-07-16 14:28:44,494 INFO  server.RaftServerConfigKeys (ConfUtils.java:logGet(43)) - raft.server.snapshot.auto.trigger.threshold = 10000 (custom)
2019-07-16 14:28:44,494 INFO  segmented.SegmentedRaftLogWorker (SegmentedRaftLogWorker.java:lambda$new$0(132)) - 1dcb67de-7a45-4618-aa8e-97469f1b5306-SegmentedRaftLogWorker:Storage Directory /workdir/hadoop-ozone/integration-test/target/test-dir/MiniOzoneClusterImpl-0f602919-0210-418c-bc40-44414be8bf8b/datanode-0/data/ratis/934d3b6c-13fc-4318-abaf-b50920e65327: flushIndex: setUnconditionally 0 -> -1
2019-07-16 14:28:44,494 INFO  server.RaftServerConfigKeys (ConfUtils.java:logGet(43)) - raft.server.retrycache.expirytime = 600000ms (custom)
2019-07-16 14:28:44,494 INFO  impl.RaftServerImpl (RaftServerImpl.java:start(180)) - e9fd21c8-f577-469d-b157-45233b1882a0: start group-B50920E65327
2019-07-16 14:28:44,494 INFO  server.RaftServerConfigKeys (ConfUtils.java:logGet(43)) - raft.server.snapshot.auto.trigger.enabled = true (custom)
2019-07-16 14:28:44,494 INFO  impl.RaftServerImpl (RaftServerImpl.java:setRole(171)) - e9fd21c8-f577-469d-b157-45233b1882a0:group-B50920E65327 changes role from null to FOLLOWER at term 0 for startAsFollower
2019-07-16 14:28:44,494 INFO  server.RaftServerConfigKeys (ConfUtils.java:logGet(43)) - raft.server.snapshot.auto.trigger.threshold = 10000 (custom)
2019-07-16 14:28:44,494 INFO  impl.RoleInfo (RoleInfo.java:updateAndGet(143)) - e9fd21c8-f577-469d-b157-45233b1882a0: start FollowerState
2019-07-16 14:28:44,495 INFO  server.RaftServerConfigKeys (ConfUtils.java:logGet(43)) - raft.server.retrycache.expirytime = 600000ms (custom)
2019-07-16 14:28:44,495 INFO  impl.RaftServerImpl (RaftServerImpl.java:start(180)) - 1dcb67de-7a45-4618-aa8e-97469f1b5306: start group-B50920E65327
2019-07-16 14:28:44,495 INFO  impl.RaftServerImpl (RaftServerImpl.java:setRole(171)) - 1dcb67de-7a45-4618-aa8e-97469f1b5306:group-B50920E65327 changes role from null to FOLLOWER at term 0 for startAsFollower
2019-07-16 14:28:44,495 INFO  impl.RoleInfo (RoleInfo.java:updateAndGet(143)) - 1dcb67de-7a45-4618-aa8e-97469f1b5306: start FollowerState
2019-07-16 14:28:44,495 INFO  util.JmxRegister (JmxRegister.java:tryRegister(44)) - Successfully registered JMX Bean with object name Ratis:service=RaftServer,group=group-B50920E65327,id=e9fd21c8-f577-469d-b157-45233b1882a0
2019-07-16 14:28:44,496 INFO  util.JmxRegister (JmxRegister.java:tryRegister(44)) - Successfully registered JMX Bean with object name Ratis:service=RaftServer,group=group-B50920E65327,id=1dcb67de-7a45-4618-aa8e-97469f1b5306
2019-07-16 14:28:44,502 INFO  pipeline.PipelineStateManager (PipelineStateManager.java:addPipeline(56)) - Created pipeline Pipeline[ Id: 934d3b6c-13fc-4318-abaf-b50920e65327, Nodes: e9fd21c8-f577-469d-b157-45233b1882a0{ip: 192.168.157.241, host: trunk-nightly-gllmw-2332419065, networkLocation: /default-rack, certSerialId: null}1dcb67de-7a45-4618-aa8e-97469f1b5306{ip: 192.168.157.241, host: trunk-nightly-gllmw-2332419065, networkLocation: /default-rack, certSerialId: null}d0ca025d-0fb4-4142-b825-44be0d8caf68{ip: 192.168.157.241, host: trunk-nightly-gllmw-2332419065, networkLocation: /default-rack, certSerialId: null}, Type:RATIS, Factor:THREE, State:OPEN]
2019-07-16 14:28:44,635 INFO  node.SCMNodeManager (SCMNodeManager.java:register(269)) - Registered Data node : a116cde0-b8cc-4aed-a2c8-942c7d496824{ip: 192.168.157.241, host: trunk-nightly-gllmw-2332419065, networkLocation: /default-rack, certSerialId: null}
2019-07-16 14:28:44,644 INFO  impl.RaftServerProxy (RaftServerProxy.java:addNew(89)) - a116cde0-b8cc-4aed-a2c8-942c7d496824: addNew group-E000B95CBF6C:[a116cde0-b8cc-4aed-a2c8-942c7d496824:192.168.157.241:35534] returns group-E000B95CBF6C:java.util.concurrent.CompletableFuture@50a47cef[Not completed]
2019-07-16 14:28:44,645 INFO  impl.RaftServerImpl (RaftServerImpl.java:<init>(93)) - a116cde0-b8cc-4aed-a2c8-942c7d496824: new RaftServerImpl for group-E000B95CBF6C:[a116cde0-b8cc-4aed-a2c8-942c7d496824:192.168.157.241:35534] with ContainerStateMachine:uninitialized
2019-07-16 14:28:44,645 INFO  server.RaftServerConfigKeys (ConfUtils.java:logGet(43)) - raft.server.rpc.timeout.min = 5s (custom)
2019-07-16 14:28:44,645 INFO  server.RaftServerConfigKeys (ConfUtils.java:logGet(43)) - raft.server.rpc.timeout.max = 5200ms (custom)
2019-07-16 14:28:44,645 INFO  server.RaftServerConfigKeys (ConfUtils.java:logGet(43)) - raft.server.rpcslowness.timeout = 120s (custom)
2019-07-16 14:28:44,645 INFO  server.RaftServerConfigKeys (ConfUtils.java:logGet(43)) - raft.server.sleep.deviation.threshold = 300 (default)
2019-07-16 14:28:44,645 INFO  server.RaftServerConfigKeys (ConfUtils.java:logGet(43)) - raft.server.log.appender.install.snapshot.enabled = false (custom)
2019-07-16 14:28:44,645 INFO  impl.RaftServerImpl (ServerState.java:<init>(105)) - a116cde0-b8cc-4aed-a2c8-942c7d496824:group-E000B95CBF6C ConfigurationManager, init=-1: [a116cde0-b8cc-4aed-a2c8-942c7d496824:192.168.157.241:35534], old=null, confs=<EMPTY_MAP>
2019-07-16 14:28:44,646 INFO  server.RaftServerConfigKeys (ConfUtils.java:logGet(43)) - raft.server.storage.dir = [/workdir/hadoop-ozone/integration-test/target/test-dir/MiniOzoneClusterImpl-0f602919-0210-418c-bc40-44414be8bf8b/datanode-3/data/ratis] (custom)
2019-07-16 14:28:44,646 INFO  storage.RaftStorageDirectory (RaftStorageDirectory.java:analyzeStorage(246)) - The storage directory /workdir/hadoop-ozone/integration-test/target/test-dir/MiniOzoneClusterImpl-0f602919-0210-418c-bc40-44414be8bf8b/datanode-3/data/ratis/1fa5f3dc-1ddf-472c-806b-e000b95cbf6c does not exist. Creating ...
2019-07-16 14:28:44,715 INFO  storage.RaftStorageDirectory (RaftStorageDirectory.java:tryLock(328)) - Lock on /workdir/hadoop-ozone/integration-test/target/test-dir/MiniOzoneClusterImpl-0f602919-0210-418c-bc40-44414be8bf8b/datanode-3/data/ratis/1fa5f3dc-1ddf-472c-806b-e000b95cbf6c/in_use.lock acquired by nodename 23803@trunk-nightly-gllmw-2332419065
2019-07-16 14:28:44,729 INFO  storage.RaftStorage (RaftStorage.java:format(72)) - Storage directory /workdir/hadoop-ozone/integration-test/target/test-dir/MiniOzoneClusterImpl-0f602919-0210-418c-bc40-44414be8bf8b/datanode-3/data/ratis/1fa5f3dc-1ddf-472c-806b-e000b95cbf6c has been successfully formatted.
2019-07-16 14:28:44,729 INFO  ratis.ContainerStateMachine (ContainerStateMachine.java:loadSnapshot(200)) - group-E000B95CBF6C: The snapshot info is null. Setting the last applied indexto:(t:0, i:~)
2019-07-16 14:28:44,729 INFO  server.RaftServerConfigKeys (ConfUtils.java:logGet(43)) - raft.server.leader.election.timeout = 120s (custom)
2019-07-16 14:28:44,729 INFO  server.RaftServerConfigKeys (ConfUtils.java:logGet(43)) - raft.server.log.use.memory = false (default)
2019-07-16 14:28:44,729 INFO  server.RaftServerConfigKeys (ConfUtils.java:logGet(43)) - raft.server.log.purge.gap = 1000000000 (custom)
2019-07-16 14:28:44,729 INFO  server.RaftServerConfigKeys (ConfUtils.java:logGet(43)) - raft.server.log.appender.buffer.byte-limit = 33554432 (custom)
2019-07-16 14:28:44,730 INFO  server.RaftServerConfigKeys (ConfUtils.java:logGet(43)) - raft.server.log.segment.size.max = 1048576 (custom)
2019-07-16 14:28:44,730 INFO  server.RaftServerConfigKeys (ConfUtils.java:logGet(43)) - raft.server.log.segment.cache.num.max = 2 (custom)
2019-07-16 14:28:44,730 INFO  segmented.SegmentedRaftLogWorker (SegmentedRaftLogWorker.java:<init>(172)) - new a116cde0-b8cc-4aed-a2c8-942c7d496824-SegmentedRaftLogWorker:Storage Directory /workdir/hadoop-ozone/integration-test/target/test-dir/MiniOzoneClusterImpl-0f602919-0210-418c-bc40-44414be8bf8b/datanode-3/data/ratis/1fa5f3dc-1ddf-472c-806b-e000b95cbf6c for RaftStorage:Storage Directory /workdir/hadoop-ozone/integration-test/target/test-dir/MiniOzoneClusterImpl-0f602919-0210-418c-bc40-44414be8bf8b/datanode-3/data/ratis/1fa5f3dc-1ddf-472c-806b-e000b95cbf6c
2019-07-16 14:28:44,730 INFO  server.RaftServerConfigKeys (ConfUtils.java:logGet(43)) - raft.server.log.queue.byte-limit = 2147483647 (custom)
2019-07-16 14:28:44,730 INFO  server.RaftServerConfigKeys (ConfUtils.java:logGet(43)) - raft.server.log.queue.element-limit = 1024 (custom)
2019-07-16 14:28:44,730 INFO  server.RaftServerConfigKeys (ConfUtils.java:logGet(43)) - raft.server.log.segment.size.max = 1048576 (custom)
2019-07-16 14:28:44,731 INFO  server.RaftServerConfigKeys (ConfUtils.java:logGet(43)) - raft.server.log.preallocated.size = 16384 (custom)
2019-07-16 14:28:44,731 INFO  server.RaftServerConfigKeys (ConfUtils.java:logGet(43)) - raft.server.log.write.buffer.size = 33554432 (custom)
2019-07-16 14:28:44,731 INFO  server.RaftServerConfigKeys (ConfUtils.java:logGet(43)) - raft.server.log.force.sync.num = 128 (default)
2019-07-16 14:28:44,731 INFO  server.RaftServerConfigKeys (ConfUtils.java:logGet(43)) - raft.server.log.statemachine.data.sync = true (default)
2019-07-16 14:28:44,731 INFO  server.RaftServerConfigKeys (ConfUtils.java:logGet(43)) - raft.server.log.statemachine.data.sync.timeout = 10s (default)
2019-07-16 14:28:44,731 INFO  server.RaftServerConfigKeys (ConfUtils.java:logGet(43)) - raft.server.log.statemachine.data.sync.timeout.retry = -1 (default)
2019-07-16 14:28:44,731 INFO  server.RaftServerConfigKeys (ConfUtils.java:logGet(43)) - raft.server.log.statemachine.data.caching.enabled = true (custom)
2019-07-16 14:28:44,732 INFO  segmented.SegmentedRaftLogWorker (SegmentedRaftLogWorker.java:lambda$new$0(132)) - a116cde0-b8cc-4aed-a2c8-942c7d496824-SegmentedRaftLogWorker:Storage Directory /workdir/hadoop-ozone/integration-test/target/test-dir/MiniOzoneClusterImpl-0f602919-0210-418c-bc40-44414be8bf8b/datanode-3/data/ratis/1fa5f3dc-1ddf-472c-806b-e000b95cbf6c: flushIndex: setUnconditionally 0 -> -1
2019-07-16 14:28:44,732 INFO  server.RaftServerConfigKeys (ConfUtils.java:logGet(43)) - raft.server.snapshot.auto.trigger.enabled = true (custom)
2019-07-16 14:28:44,732 INFO  server.RaftServerConfigKeys (ConfUtils.java:logGet(43)) - raft.server.snapshot.auto.trigger.threshold = 10000 (custom)
2019-07-16 14:28:44,732 INFO  server.RaftServerConfigKeys (ConfUtils.java:logGet(43)) - raft.server.retrycache.expirytime = 600000ms (custom)
2019-07-16 14:28:44,732 INFO  impl.RaftServerImpl (RaftServerImpl.java:start(180)) - a116cde0-b8cc-4aed-a2c8-942c7d496824: start group-E000B95CBF6C
2019-07-16 14:28:44,733 INFO  impl.RaftServerImpl (RaftServerImpl.java:setRole(171)) - a116cde0-b8cc-4aed-a2c8-942c7d496824:group-E000B95CBF6C changes role from null to FOLLOWER at term 0 for startAsFollower
2019-07-16 14:28:44,733 INFO  impl.RoleInfo (RoleInfo.java:updateAndGet(143)) - a116cde0-b8cc-4aed-a2c8-942c7d496824: start FollowerState
2019-07-16 14:28:44,733 INFO  util.JmxRegister (JmxRegister.java:tryRegister(44)) - Successfully registered JMX Bean with object name Ratis:service=RaftServer,group=group-E000B95CBF6C,id=a116cde0-b8cc-4aed-a2c8-942c7d496824
2019-07-16 14:28:44,738 INFO  pipeline.PipelineStateManager (PipelineStateManager.java:addPipeline(56)) - Created pipeline Pipeline[ Id: 1fa5f3dc-1ddf-472c-806b-e000b95cbf6c, Nodes: a116cde0-b8cc-4aed-a2c8-942c7d496824{ip: 192.168.157.241, host: trunk-nightly-gllmw-2332419065, networkLocation: /default-rack, certSerialId: null}, Type:RATIS, Factor:ONE, State:OPEN]
2019-07-16 14:28:44,834 INFO  node.SCMNodeManager (SCMNodeManager.java:register(269)) - Registered Data node : b13972bc-cfe5-4444-bfc8-64356d4b7092{ip: 192.168.157.241, host: trunk-nightly-gllmw-2332419065, networkLocation: /default-rack, certSerialId: null}
2019-07-16 14:28:44,843 INFO  impl.RaftServerProxy (RaftServerProxy.java:addNew(89)) - b13972bc-cfe5-4444-bfc8-64356d4b7092: addNew group-99518CB99B00:[b13972bc-cfe5-4444-bfc8-64356d4b7092:192.168.157.241:40752] returns group-99518CB99B00:java.util.concurrent.CompletableFuture@3c570eb5[Not completed]
2019-07-16 14:28:44,844 INFO  impl.RaftServerImpl (RaftServerImpl.java:<init>(93)) - b13972bc-cfe5-4444-bfc8-64356d4b7092: new RaftServerImpl for group-99518CB99B00:[b13972bc-cfe5-4444-bfc8-64356d4b7092:192.168.157.241:40752] with ContainerStateMachine:uninitialized
2019-07-16 14:28:44,844 INFO  server.RaftServerConfigKeys (ConfUtils.java:logGet(43)) - raft.server.rpc.timeout.min = 5s (custom)
2019-07-16 14:28:44,844 INFO  server.RaftServerConfigKeys (ConfUtils.java:logGet(43)) - raft.server.rpc.timeout.max = 5200ms (custom)
2019-07-16 14:28:44,845 INFO  server.RaftServerConfigKeys (ConfUtils.java:logGet(43)) - raft.server.rpcslowness.timeout = 120s (custom)
2019-07-16 14:28:44,845 INFO  server.RaftServerConfigKeys (ConfUtils.java:logGet(43)) - raft.server.sleep.deviation.threshold = 300 (default)
2019-07-16 14:28:44,845 INFO  server.RaftServerConfigKeys (ConfUtils.java:logGet(43)) - raft.server.log.appender.install.snapshot.enabled = false (custom)
2019-07-16 14:28:44,845 INFO  impl.RaftServerImpl (ServerState.java:<init>(105)) - b13972bc-cfe5-4444-bfc8-64356d4b7092:group-99518CB99B00 ConfigurationManager, init=-1: [b13972bc-cfe5-4444-bfc8-64356d4b7092:192.168.157.241:40752], old=null, confs=<EMPTY_MAP>
2019-07-16 14:28:44,845 INFO  server.RaftServerConfigKeys (ConfUtils.java:logGet(43)) - raft.server.storage.dir = [/workdir/hadoop-ozone/integration-test/target/test-dir/MiniOzoneClusterImpl-0f602919-0210-418c-bc40-44414be8bf8b/datanode-4/data/ratis] (custom)
2019-07-16 14:28:44,846 INFO  storage.RaftStorageDirectory (RaftStorageDirectory.java:analyzeStorage(246)) - The storage directory /workdir/hadoop-ozone/integration-test/target/test-dir/MiniOzoneClusterImpl-0f602919-0210-418c-bc40-44414be8bf8b/datanode-4/data/ratis/904f133c-8bee-492c-8dde-99518cb99b00 does not exist. Creating ...
2019-07-16 14:28:44,859 INFO  storage.RaftStorageDirectory (RaftStorageDirectory.java:tryLock(328)) - Lock on /workdir/hadoop-ozone/integration-test/target/test-dir/MiniOzoneClusterImpl-0f602919-0210-418c-bc40-44414be8bf8b/datanode-4/data/ratis/904f133c-8bee-492c-8dde-99518cb99b00/in_use.lock acquired by nodename 23803@trunk-nightly-gllmw-2332419065
2019-07-16 14:28:44,881 INFO  storage.RaftStorage (RaftStorage.java:format(72)) - Storage directory /workdir/hadoop-ozone/integration-test/target/test-dir/MiniOzoneClusterImpl-0f602919-0210-418c-bc40-44414be8bf8b/datanode-4/data/ratis/904f133c-8bee-492c-8dde-99518cb99b00 has been successfully formatted.
2019-07-16 14:28:44,881 INFO  ratis.ContainerStateMachine (ContainerStateMachine.java:loadSnapshot(200)) - group-99518CB99B00: The snapshot info is null. Setting the last applied indexto:(t:0, i:~)
2019-07-16 14:28:44,881 INFO  server.RaftServerConfigKeys (ConfUtils.java:logGet(43)) - raft.server.leader.election.timeout = 120s (custom)
2019-07-16 14:28:44,881 INFO  server.RaftServerConfigKeys (ConfUtils.java:logGet(43)) - raft.server.log.use.memory = false (default)
2019-07-16 14:28:44,881 INFO  server.RaftServerConfigKeys (ConfUtils.java:logGet(43)) - raft.server.log.purge.gap = 1000000000 (custom)
2019-07-16 14:28:44,882 INFO  server.RaftServerConfigKeys (ConfUtils.java:logGet(43)) - raft.server.log.appender.buffer.byte-limit = 33554432 (custom)
2019-07-16 14:28:44,882 INFO  server.RaftServerConfigKeys (ConfUtils.java:logGet(43)) - raft.server.log.segment.size.max = 1048576 (custom)
2019-07-16 14:28:44,882 INFO  server.RaftServerConfigKeys (ConfUtils.java:logGet(43)) - raft.server.log.segment.cache.num.max = 2 (custom)
2019-07-16 14:28:44,882 INFO  segmented.SegmentedRaftLogWorker (SegmentedRaftLogWorker.java:<init>(172)) - new b13972bc-cfe5-4444-bfc8-64356d4b7092-SegmentedRaftLogWorker:Storage Directory /workdir/hadoop-ozone/integration-test/target/test-dir/MiniOzoneClusterImpl-0f602919-0210-418c-bc40-44414be8bf8b/datanode-4/data/ratis/904f133c-8bee-492c-8dde-99518cb99b00 for RaftStorage:Storage Directory /workdir/hadoop-ozone/integration-test/target/test-dir/MiniOzoneClusterImpl-0f602919-0210-418c-bc40-44414be8bf8b/datanode-4/data/ratis/904f133c-8bee-492c-8dde-99518cb99b00
2019-07-16 14:28:44,882 INFO  server.RaftServerConfigKeys (ConfUtils.java:logGet(43)) - raft.server.log.queue.byte-limit = 2147483647 (custom)
2019-07-16 14:28:44,882 INFO  server.RaftServerConfigKeys (ConfUtils.java:logGet(43)) - raft.server.log.queue.element-limit = 1024 (custom)
2019-07-16 14:28:44,883 INFO  server.RaftServerConfigKeys (ConfUtils.java:logGet(43)) - raft.server.log.segment.size.max = 1048576 (custom)
2019-07-16 14:28:44,883 INFO  server.RaftServerConfigKeys (ConfUtils.java:logGet(43)) - raft.server.log.preallocated.size = 16384 (custom)
2019-07-16 14:28:44,883 INFO  server.RaftServerConfigKeys (ConfUtils.java:logGet(43)) - raft.server.log.write.buffer.size = 33554432 (custom)
2019-07-16 14:28:44,883 INFO  server.RaftServerConfigKeys (ConfUtils.java:logGet(43)) - raft.server.log.force.sync.num = 128 (default)
2019-07-16 14:28:44,883 INFO  server.RaftServerConfigKeys (ConfUtils.java:logGet(43)) - raft.server.log.statemachine.data.sync = true (default)
2019-07-16 14:28:44,884 INFO  server.RaftServerConfigKeys (ConfUtils.java:logGet(43)) - raft.server.log.statemachine.data.sync.timeout = 10s (default)
2019-07-16 14:28:44,884 INFO  server.RaftServerConfigKeys (ConfUtils.java:logGet(43)) - raft.server.log.statemachine.data.sync.timeout.retry = -1 (default)
2019-07-16 14:28:44,884 INFO  server.RaftServerConfigKeys (ConfUtils.java:logGet(43)) - raft.server.log.statemachine.data.caching.enabled = true (custom)
2019-07-16 14:28:44,884 INFO  segmented.SegmentedRaftLogWorker (SegmentedRaftLogWorker.java:lambda$new$0(132)) - b13972bc-cfe5-4444-bfc8-64356d4b7092-SegmentedRaftLogWorker:Storage Directory /workdir/hadoop-ozone/integration-test/target/test-dir/MiniOzoneClusterImpl-0f602919-0210-418c-bc40-44414be8bf8b/datanode-4/data/ratis/904f133c-8bee-492c-8dde-99518cb99b00: flushIndex: setUnconditionally 0 -> -1
2019-07-16 14:28:44,885 INFO  server.RaftServerConfigKeys (ConfUtils.java:logGet(43)) - raft.server.snapshot.auto.trigger.enabled = true (custom)
2019-07-16 14:28:44,885 INFO  server.RaftServerConfigKeys (ConfUtils.java:logGet(43)) - raft.server.snapshot.auto.trigger.threshold = 10000 (custom)
2019-07-16 14:28:44,885 INFO  server.RaftServerConfigKeys (ConfUtils.java:logGet(43)) - raft.server.retrycache.expirytime = 600000ms (custom)
2019-07-16 14:28:44,885 INFO  impl.RaftServerImpl (RaftServerImpl.java:start(180)) - b13972bc-cfe5-4444-bfc8-64356d4b7092: start group-99518CB99B00
2019-07-16 14:28:44,886 INFO  impl.RaftServerImpl (RaftServerImpl.java:setRole(171)) - b13972bc-cfe5-4444-bfc8-64356d4b7092:group-99518CB99B00 changes role from null to FOLLOWER at term 0 for startAsFollower
2019-07-16 14:28:44,886 INFO  impl.RoleInfo (RoleInfo.java:updateAndGet(143)) - b13972bc-cfe5-4444-bfc8-64356d4b7092: start FollowerState
2019-07-16 14:28:44,886 INFO  util.JmxRegister (JmxRegister.java:tryRegister(44)) - Successfully registered JMX Bean with object name Ratis:service=RaftServer,group=group-99518CB99B00,id=b13972bc-cfe5-4444-bfc8-64356d4b7092
2019-07-16 14:28:44,891 INFO  pipeline.PipelineStateManager (PipelineStateManager.java:addPipeline(56)) - Created pipeline Pipeline[ Id: 904f133c-8bee-492c-8dde-99518cb99b00, Nodes: b13972bc-cfe5-4444-bfc8-64356d4b7092{ip: 192.168.157.241, host: trunk-nightly-gllmw-2332419065, networkLocation: /default-rack, certSerialId: null}, Type:RATIS, Factor:ONE, State:OPEN]
2019-07-16 14:28:44,997 INFO  node.SCMNodeManager (SCMNodeManager.java:register(269)) - Registered Data node : 2ad005df-7356-43ac-8be0-94a315a19afd{ip: 192.168.157.241, host: trunk-nightly-gllmw-2332419065, networkLocation: /default-rack, certSerialId: null}
2019-07-16 14:28:45,004 INFO  impl.RaftServerProxy (RaftServerProxy.java:addNew(89)) - 2ad005df-7356-43ac-8be0-94a315a19afd: addNew group-99682128918E:[2ad005df-7356-43ac-8be0-94a315a19afd:192.168.157.241:46833] returns group-99682128918E:java.util.concurrent.CompletableFuture@3eeb1e07[Not completed]
2019-07-16 14:28:45,005 INFO  impl.RaftServerImpl (RaftServerImpl.java:<init>(93)) - 2ad005df-7356-43ac-8be0-94a315a19afd: new RaftServerImpl for group-99682128918E:[2ad005df-7356-43ac-8be0-94a315a19afd:192.168.157.241:46833] with ContainerStateMachine:uninitialized
2019-07-16 14:28:45,005 INFO  server.RaftServerConfigKeys (ConfUtils.java:logGet(43)) - raft.server.rpc.timeout.min = 5s (custom)
2019-07-16 14:28:45,005 INFO  server.RaftServerConfigKeys (ConfUtils.java:logGet(43)) - raft.server.rpc.timeout.max = 5200ms (custom)
2019-07-16 14:28:45,005 INFO  server.RaftServerConfigKeys (ConfUtils.java:logGet(43)) - raft.server.rpcslowness.timeout = 120s (custom)
2019-07-16 14:28:45,005 INFO  server.RaftServerConfigKeys (ConfUtils.java:logGet(43)) - raft.server.sleep.deviation.threshold = 300 (default)
2019-07-16 14:28:45,005 INFO  server.RaftServerConfigKeys (ConfUtils.java:logGet(43)) - raft.server.log.appender.install.snapshot.enabled = false (custom)
2019-07-16 14:28:45,006 INFO  impl.RaftServerImpl (ServerState.java:<init>(105)) - 2ad005df-7356-43ac-8be0-94a315a19afd:group-99682128918E ConfigurationManager, init=-1: [2ad005df-7356-43ac-8be0-94a315a19afd:192.168.157.241:46833], old=null, confs=<EMPTY_MAP>
2019-07-16 14:28:45,006 INFO  server.RaftServerConfigKeys (ConfUtils.java:logGet(43)) - raft.server.storage.dir = [/workdir/hadoop-ozone/integration-test/target/test-dir/MiniOzoneClusterImpl-0f602919-0210-418c-bc40-44414be8bf8b/datanode-5/data/ratis] (custom)
2019-07-16 14:28:45,006 INFO  storage.RaftStorageDirectory (RaftStorageDirectory.java:analyzeStorage(246)) - The storage directory /workdir/hadoop-ozone/integration-test/target/test-dir/MiniOzoneClusterImpl-0f602919-0210-418c-bc40-44414be8bf8b/datanode-5/data/ratis/dafdcb3c-c669-4a47-b502-99682128918e does not exist. Creating ...
2019-07-16 14:28:45,020 INFO  storage.RaftStorageDirectory (RaftStorageDirectory.java:tryLock(328)) - Lock on /workdir/hadoop-ozone/integration-test/target/test-dir/MiniOzoneClusterImpl-0f602919-0210-418c-bc40-44414be8bf8b/datanode-5/data/ratis/dafdcb3c-c669-4a47-b502-99682128918e/in_use.lock acquired by nodename 23803@trunk-nightly-gllmw-2332419065
2019-07-16 14:28:45,033 INFO  storage.RaftStorage (RaftStorage.java:format(72)) - Storage directory /workdir/hadoop-ozone/integration-test/target/test-dir/MiniOzoneClusterImpl-0f602919-0210-418c-bc40-44414be8bf8b/datanode-5/data/ratis/dafdcb3c-c669-4a47-b502-99682128918e has been successfully formatted.
2019-07-16 14:28:45,033 INFO  ratis.ContainerStateMachine (ContainerStateMachine.java:loadSnapshot(200)) - group-99682128918E: The snapshot info is null. Setting the last applied indexto:(t:0, i:~)
2019-07-16 14:28:45,034 INFO  server.RaftServerConfigKeys (ConfUtils.java:logGet(43)) - raft.server.leader.election.timeout = 120s (custom)
2019-07-16 14:28:45,034 INFO  server.RaftServerConfigKeys (ConfUtils.java:logGet(43)) - raft.server.log.use.memory = false (default)
2019-07-16 14:28:45,034 INFO  server.RaftServerConfigKeys (ConfUtils.java:logGet(43)) - raft.server.log.purge.gap = 1000000000 (custom)
2019-07-16 14:28:45,034 INFO  server.RaftServerConfigKeys (ConfUtils.java:logGet(43)) - raft.server.log.appender.buffer.byte-limit = 33554432 (custom)
2019-07-16 14:28:45,034 INFO  server.RaftServerConfigKeys (ConfUtils.java:logGet(43)) - raft.server.log.segment.size.max = 1048576 (custom)
2019-07-16 14:28:45,035 INFO  server.RaftServerConfigKeys (ConfUtils.java:logGet(43)) - raft.server.log.segment.cache.num.max = 2 (custom)
2019-07-16 14:28:45,035 INFO  segmented.SegmentedRaftLogWorker (SegmentedRaftLogWorker.java:<init>(172)) - new 2ad005df-7356-43ac-8be0-94a315a19afd-SegmentedRaftLogWorker:Storage Directory /workdir/hadoop-ozone/integration-test/target/test-dir/MiniOzoneClusterImpl-0f602919-0210-418c-bc40-44414be8bf8b/datanode-5/data/ratis/dafdcb3c-c669-4a47-b502-99682128918e for RaftStorage:Storage Directory /workdir/hadoop-ozone/integration-test/target/test-dir/MiniOzoneClusterImpl-0f602919-0210-418c-bc40-44414be8bf8b/datanode-5/data/ratis/dafdcb3c-c669-4a47-b502-99682128918e
2019-07-16 14:28:45,035 INFO  server.RaftServerConfigKeys (ConfUtils.java:logGet(43)) - raft.server.log.queue.byte-limit = 2147483647 (custom)
2019-07-16 14:28:45,035 INFO  server.RaftServerConfigKeys (ConfUtils.java:logGet(43)) - raft.server.log.queue.element-limit = 1024 (custom)
2019-07-16 14:28:45,035 INFO  server.RaftServerConfigKeys (ConfUtils.java:logGet(43)) - raft.server.log.segment.size.max = 1048576 (custom)
2019-07-16 14:28:45,035 INFO  server.RaftServerConfigKeys (ConfUtils.java:logGet(43)) - raft.server.log.preallocated.size = 16384 (custom)
2019-07-16 14:28:45,036 INFO  server.RaftServerConfigKeys (ConfUtils.java:logGet(43)) - raft.server.log.write.buffer.size = 33554432 (custom)
2019-07-16 14:28:45,036 INFO  server.RaftServerConfigKeys (ConfUtils.java:logGet(43)) - raft.server.log.force.sync.num = 128 (default)
2019-07-16 14:28:45,036 INFO  server.RaftServerConfigKeys (ConfUtils.java:logGet(43)) - raft.server.log.statemachine.data.sync = true (default)
2019-07-16 14:28:45,036 INFO  server.RaftServerConfigKeys (ConfUtils.java:logGet(43)) - raft.server.log.statemachine.data.sync.timeout = 10s (default)
2019-07-16 14:28:45,036 INFO  server.RaftServerConfigKeys (ConfUtils.java:logGet(43)) - raft.server.log.statemachine.data.sync.timeout.retry = -1 (default)
2019-07-16 14:28:45,037 INFO  server.RaftServerConfigKeys (ConfUtils.java:logGet(43)) - raft.server.log.statemachine.data.caching.enabled = true (custom)
2019-07-16 14:28:45,037 INFO  segmented.SegmentedRaftLogWorker (SegmentedRaftLogWorker.java:lambda$new$0(132)) - 2ad005df-7356-43ac-8be0-94a315a19afd-SegmentedRaftLogWorker:Storage Directory /workdir/hadoop-ozone/integration-test/target/test-dir/MiniOzoneClusterImpl-0f602919-0210-418c-bc40-44414be8bf8b/datanode-5/data/ratis/dafdcb3c-c669-4a47-b502-99682128918e: flushIndex: setUnconditionally 0 -> -1
2019-07-16 14:28:45,037 INFO  server.RaftServerConfigKeys (ConfUtils.java:logGet(43)) - raft.server.snapshot.auto.trigger.enabled = true (custom)
2019-07-16 14:28:45,037 INFO  server.RaftServerConfigKeys (ConfUtils.java:logGet(43)) - raft.server.snapshot.auto.trigger.threshold = 10000 (custom)
2019-07-16 14:28:45,038 INFO  server.RaftServerConfigKeys (ConfUtils.java:logGet(43)) - raft.server.retrycache.expirytime = 600000ms (custom)
2019-07-16 14:28:45,038 INFO  impl.RaftServerImpl (RaftServerImpl.java:start(180)) - 2ad005df-7356-43ac-8be0-94a315a19afd: start group-99682128918E
2019-07-16 14:28:45,038 INFO  impl.RaftServerImpl (RaftServerImpl.java:setRole(171)) - 2ad005df-7356-43ac-8be0-94a315a19afd:group-99682128918E changes role from null to FOLLOWER at term 0 for startAsFollower
2019-07-16 14:28:45,038 INFO  impl.RoleInfo (RoleInfo.java:updateAndGet(143)) - 2ad005df-7356-43ac-8be0-94a315a19afd: start FollowerState
2019-07-16 14:28:45,038 INFO  util.JmxRegister (JmxRegister.java:tryRegister(44)) - Successfully registered JMX Bean with object name Ratis:service=RaftServer,group=group-99682128918E,id=2ad005df-7356-43ac-8be0-94a315a19afd
2019-07-16 14:28:45,043 INFO  pipeline.PipelineStateManager (PipelineStateManager.java:addPipeline(56)) - Created pipeline Pipeline[ Id: dafdcb3c-c669-4a47-b502-99682128918e, Nodes: 2ad005df-7356-43ac-8be0-94a315a19afd{ip: 192.168.157.241, host: trunk-nightly-gllmw-2332419065, networkLocation: /default-rack, certSerialId: null}, Type:RATIS, Factor:ONE, State:OPEN]
2019-07-16 14:28:45,050 INFO  impl.RaftServerProxy (RaftServerProxy.java:addNew(89)) - 2ad005df-7356-43ac-8be0-94a315a19afd: addNew group-C9868FB631B4:[b13972bc-cfe5-4444-bfc8-64356d4b7092:192.168.157.241:40752, a116cde0-b8cc-4aed-a2c8-942c7d496824:192.168.157.241:35534, 2ad005df-7356-43ac-8be0-94a315a19afd:192.168.157.241:46833] returns group-C9868FB631B4:java.util.concurrent.CompletableFuture@4fa975ba[Not completed]
2019-07-16 14:28:45,050 INFO  impl.RaftServerProxy (RaftServerProxy.java:addNew(89)) - b13972bc-cfe5-4444-bfc8-64356d4b7092: addNew group-C9868FB631B4:[b13972bc-cfe5-4444-bfc8-64356d4b7092:192.168.157.241:40752, a116cde0-b8cc-4aed-a2c8-942c7d496824:192.168.157.241:35534, 2ad005df-7356-43ac-8be0-94a315a19afd:192.168.157.241:46833] returns group-C9868FB631B4:java.util.concurrent.CompletableFuture@b3cec1e[Not completed]
2019-07-16 14:28:45,050 INFO  impl.RaftServerProxy (RaftServerProxy.java:addNew(89)) - a116cde0-b8cc-4aed-a2c8-942c7d496824: addNew group-C9868FB631B4:[b13972bc-cfe5-4444-bfc8-64356d4b7092:192.168.157.241:40752, a116cde0-b8cc-4aed-a2c8-942c7d496824:192.168.157.241:35534, 2ad005df-7356-43ac-8be0-94a315a19afd:192.168.157.241:46833] returns group-C9868FB631B4:java.util.concurrent.CompletableFuture@79109496[Not completed]
2019-07-16 14:28:45,051 INFO  impl.RaftServerImpl (RaftServerImpl.java:<init>(93)) - b13972bc-cfe5-4444-bfc8-64356d4b7092: new RaftServerImpl for group-C9868FB631B4:[b13972bc-cfe5-4444-bfc8-64356d4b7092:192.168.157.241:40752, a116cde0-b8cc-4aed-a2c8-942c7d496824:192.168.157.241:35534, 2ad005df-7356-43ac-8be0-94a315a19afd:192.168.157.241:46833] with ContainerStateMachine:uninitialized
2019-07-16 14:28:45,051 INFO  server.RaftServerConfigKeys (ConfUtils.java:logGet(43)) - raft.server.rpc.timeout.min = 5s (custom)
2019-07-16 14:28:45,051 INFO  server.RaftServerConfigKeys (ConfUtils.java:logGet(43)) - raft.server.rpc.timeout.max = 5200ms (custom)
2019-07-16 14:28:45,051 INFO  server.RaftServerConfigKeys (ConfUtils.java:logGet(43)) - raft.server.rpcslowness.timeout = 120s (custom)
2019-07-16 14:28:45,051 INFO  server.RaftServerConfigKeys (ConfUtils.java:logGet(43)) - raft.server.sleep.deviation.threshold = 300 (default)
2019-07-16 14:28:45,052 INFO  impl.RaftServerImpl (RaftServerImpl.java:<init>(93)) - 2ad005df-7356-43ac-8be0-94a315a19afd: new RaftServerImpl for group-C9868FB631B4:[b13972bc-cfe5-4444-bfc8-64356d4b7092:192.168.157.241:40752, a116cde0-b8cc-4aed-a2c8-942c7d496824:192.168.157.241:35534, 2ad005df-7356-43ac-8be0-94a315a19afd:192.168.157.241:46833] with ContainerStateMachine:uninitialized
2019-07-16 14:28:45,052 INFO  server.RaftServerConfigKeys (ConfUtils.java:logGet(43)) - raft.server.log.appender.install.snapshot.enabled = false (custom)
2019-07-16 14:28:45,052 INFO  server.RaftServerConfigKeys (ConfUtils.java:logGet(43)) - raft.server.rpc.timeout.min = 5s (custom)
2019-07-16 14:28:45,052 INFO  impl.RaftServerImpl (ServerState.java:<init>(105)) - b13972bc-cfe5-4444-bfc8-64356d4b7092:group-C9868FB631B4 ConfigurationManager, init=-1: [b13972bc-cfe5-4444-bfc8-64356d4b7092:192.168.157.241:40752, a116cde0-b8cc-4aed-a2c8-942c7d496824:192.168.157.241:35534, 2ad005df-7356-43ac-8be0-94a315a19afd:192.168.157.241:46833], old=null, confs=<EMPTY_MAP>
2019-07-16 14:28:45,052 INFO  impl.RaftServerImpl (RaftServerImpl.java:<init>(93)) - a116cde0-b8cc-4aed-a2c8-942c7d496824: new RaftServerImpl for group-C9868FB631B4:[b13972bc-cfe5-4444-bfc8-64356d4b7092:192.168.157.241:40752, a116cde0-b8cc-4aed-a2c8-942c7d496824:192.168.157.241:35534, 2ad005df-7356-43ac-8be0-94a315a19afd:192.168.157.241:46833] with ContainerStateMachine:uninitialized
2019-07-16 14:28:45,052 INFO  server.RaftServerConfigKeys (ConfUtils.java:logGet(43)) - raft.server.rpc.timeout.max = 5200ms (custom)
2019-07-16 14:28:45,052 INFO  server.RaftServerConfigKeys (ConfUtils.java:logGet(43)) - raft.server.rpc.timeout.min = 5s (custom)
2019-07-16 14:28:45,053 INFO  server.RaftServerConfigKeys (ConfUtils.java:logGet(43)) - raft.server.rpc.timeout.max = 5200ms (custom)
2019-07-16 14:28:45,052 INFO  server.RaftServerConfigKeys (ConfUtils.java:logGet(43)) - raft.server.storage.dir = [/workdir/hadoop-ozone/integration-test/target/test-dir/MiniOzoneClusterImpl-0f602919-0210-418c-bc40-44414be8bf8b/datanode-4/data/ratis] (custom)
2019-07-16 14:28:45,053 INFO  server.RaftServerConfigKeys (ConfUtils.java:logGet(43)) - raft.server.rpcslowness.timeout = 120s (custom)
2019-07-16 14:28:45,053 INFO  server.RaftServerConfigKeys (ConfUtils.java:logGet(43)) - raft.server.sleep.deviation.threshold = 300 (default)
2019-07-16 14:28:45,052 INFO  server.RaftServerConfigKeys (ConfUtils.java:logGet(43)) - raft.server.rpcslowness.timeout = 120s (custom)
2019-07-16 14:28:45,053 INFO  server.RaftServerConfigKeys (ConfUtils.java:logGet(43)) - raft.server.log.appender.install.snapshot.enabled = false (custom)
2019-07-16 14:28:45,053 INFO  storage.RaftStorageDirectory (RaftStorageDirectory.java:analyzeStorage(246)) - The storage directory /workdir/hadoop-ozone/integration-test/target/test-dir/MiniOzoneClusterImpl-0f602919-0210-418c-bc40-44414be8bf8b/datanode-4/data/ratis/5443d668-b586-40b1-8a8f-c9868fb631b4 does not exist. Creating ...
2019-07-16 14:28:45,054 INFO  impl.RaftServerImpl (ServerState.java:<init>(105)) - a116cde0-b8cc-4aed-a2c8-942c7d496824:group-C9868FB631B4 ConfigurationManager, init=-1: [b13972bc-cfe5-4444-bfc8-64356d4b7092:192.168.157.241:40752, a116cde0-b8cc-4aed-a2c8-942c7d496824:192.168.157.241:35534, 2ad005df-7356-43ac-8be0-94a315a19afd:192.168.157.241:46833], old=null, confs=<EMPTY_MAP>
2019-07-16 14:28:45,053 INFO  server.RaftServerConfigKeys (ConfUtils.java:logGet(43)) - raft.server.sleep.deviation.threshold = 300 (default)
2019-07-16 14:28:45,054 INFO  server.RaftServerConfigKeys (ConfUtils.java:logGet(43)) - raft.server.storage.dir = [/workdir/hadoop-ozone/integration-test/target/test-dir/MiniOzoneClusterImpl-0f602919-0210-418c-bc40-44414be8bf8b/datanode-3/data/ratis] (custom)
2019-07-16 14:28:45,054 INFO  server.RaftServerConfigKeys (ConfUtils.java:logGet(43)) - raft.server.log.appender.install.snapshot.enabled = false (custom)
2019-07-16 14:28:45,054 INFO  impl.RaftServerImpl (ServerState.java:<init>(105)) - 2ad005df-7356-43ac-8be0-94a315a19afd:group-C9868FB631B4 ConfigurationManager, init=-1: [b13972bc-cfe5-4444-bfc8-64356d4b7092:192.168.157.241:40752, a116cde0-b8cc-4aed-a2c8-942c7d496824:192.168.157.241:35534, 2ad005df-7356-43ac-8be0-94a315a19afd:192.168.157.241:46833], old=null, confs=<EMPTY_MAP>
2019-07-16 14:28:45,054 INFO  storage.RaftStorageDirectory (RaftStorageDirectory.java:analyzeStorage(246)) - The storage directory /workdir/hadoop-ozone/integration-test/target/test-dir/MiniOzoneClusterImpl-0f602919-0210-418c-bc40-44414be8bf8b/datanode-3/data/ratis/5443d668-b586-40b1-8a8f-c9868fb631b4 does not exist. Creating ...
2019-07-16 14:28:45,055 INFO  server.RaftServerConfigKeys (ConfUtils.java:logGet(43)) - raft.server.storage.dir = [/workdir/hadoop-ozone/integration-test/target/test-dir/MiniOzoneClusterImpl-0f602919-0210-418c-bc40-44414be8bf8b/datanode-5/data/ratis] (custom)
2019-07-16 14:28:45,055 INFO  storage.RaftStorageDirectory (RaftStorageDirectory.java:analyzeStorage(246)) - The storage directory /workdir/hadoop-ozone/integration-test/target/test-dir/MiniOzoneClusterImpl-0f602919-0210-418c-bc40-44414be8bf8b/datanode-5/data/ratis/5443d668-b586-40b1-8a8f-c9868fb631b4 does not exist. Creating ...
2019-07-16 14:28:45,067 INFO  storage.RaftStorageDirectory (RaftStorageDirectory.java:tryLock(328)) - Lock on /workdir/hadoop-ozone/integration-test/target/test-dir/MiniOzoneClusterImpl-0f602919-0210-418c-bc40-44414be8bf8b/datanode-3/data/ratis/5443d668-b586-40b1-8a8f-c9868fb631b4/in_use.lock acquired by nodename 23803@trunk-nightly-gllmw-2332419065
2019-07-16 14:28:45,067 INFO  storage.RaftStorageDirectory (RaftStorageDirectory.java:tryLock(328)) - Lock on /workdir/hadoop-ozone/integration-test/target/test-dir/MiniOzoneClusterImpl-0f602919-0210-418c-bc40-44414be8bf8b/datanode-4/data/ratis/5443d668-b586-40b1-8a8f-c9868fb631b4/in_use.lock acquired by nodename 23803@trunk-nightly-gllmw-2332419065
2019-07-16 14:28:45,067 INFO  storage.RaftStorageDirectory (RaftStorageDirectory.java:tryLock(328)) - Lock on /workdir/hadoop-ozone/integration-test/target/test-dir/MiniOzoneClusterImpl-0f602919-0210-418c-bc40-44414be8bf8b/datanode-5/data/ratis/5443d668-b586-40b1-8a8f-c9868fb631b4/in_use.lock acquired by nodename 23803@trunk-nightly-gllmw-2332419065
2019-07-16 14:28:45,081 INFO  storage.RaftStorage (RaftStorage.java:format(72)) - Storage directory /workdir/hadoop-ozone/integration-test/target/test-dir/MiniOzoneClusterImpl-0f602919-0210-418c-bc40-44414be8bf8b/datanode-3/data/ratis/5443d668-b586-40b1-8a8f-c9868fb631b4 has been successfully formatted.
2019-07-16 14:28:45,081 INFO  storage.RaftStorage (RaftStorage.java:format(72)) - Storage directory /workdir/hadoop-ozone/integration-test/target/test-dir/MiniOzoneClusterImpl-0f602919-0210-418c-bc40-44414be8bf8b/datanode-5/data/ratis/5443d668-b586-40b1-8a8f-c9868fb631b4 has been successfully formatted.
2019-07-16 14:28:45,081 INFO  storage.RaftStorage (RaftStorage.java:format(72)) - Storage directory /workdir/hadoop-ozone/integration-test/target/test-dir/MiniOzoneClusterImpl-0f602919-0210-418c-bc40-44414be8bf8b/datanode-4/data/ratis/5443d668-b586-40b1-8a8f-c9868fb631b4 has been successfully formatted.
2019-07-16 14:28:45,081 INFO  ratis.ContainerStateMachine (ContainerStateMachine.java:loadSnapshot(200)) - group-C9868FB631B4: The snapshot info is null. Setting the last applied indexto:(t:0, i:~)
2019-07-16 14:28:45,082 INFO  ratis.ContainerStateMachine (ContainerStateMachine.java:loadSnapshot(200)) - group-C9868FB631B4: The snapshot info is null. Setting the last applied indexto:(t:0, i:~)
2019-07-16 14:28:45,082 INFO  server.RaftServerConfigKeys (ConfUtils.java:logGet(43)) - raft.server.leader.election.timeout = 120s (custom)
2019-07-16 14:28:45,082 INFO  server.RaftServerConfigKeys (ConfUtils.java:logGet(43)) - raft.server.leader.election.timeout = 120s (custom)
2019-07-16 14:28:45,082 INFO  ratis.ContainerStateMachine (ContainerStateMachine.java:loadSnapshot(200)) - group-C9868FB631B4: The snapshot info is null. Setting the last applied indexto:(t:0, i:~)
2019-07-16 14:28:45,082 INFO  server.RaftServerConfigKeys (ConfUtils.java:logGet(43)) - raft.server.log.use.memory = false (default)
2019-07-16 14:28:45,082 INFO  server.RaftServerConfigKeys (ConfUtils.java:logGet(43)) - raft.server.leader.election.timeout = 120s (custom)
2019-07-16 14:28:45,082 INFO  server.RaftServerConfigKeys (ConfUtils.java:logGet(43)) - raft.server.log.use.memory = false (default)
2019-07-16 14:28:45,082 INFO  server.RaftServerConfigKeys (ConfUtils.java:logGet(43)) - raft.server.log.use.memory = false (default)
2019-07-16 14:28:45,082 INFO  server.RaftServerConfigKeys (ConfUtils.java:logGet(43)) - raft.server.log.purge.gap = 1000000000 (custom)
2019-07-16 14:28:45,083 INFO  server.RaftServerConfigKeys (ConfUtils.java:logGet(43)) - raft.server.log.purge.gap = 1000000000 (custom)
2019-07-16 14:28:45,083 INFO  server.RaftServerConfigKeys (ConfUtils.java:logGet(43)) - raft.server.log.purge.gap = 1000000000 (custom)
2019-07-16 14:28:45,083 INFO  server.RaftServerConfigKeys (ConfUtils.java:logGet(43)) - raft.server.log.appender.buffer.byte-limit = 33554432 (custom)
2019-07-16 14:28:45,083 INFO  server.RaftServerConfigKeys (ConfUtils.java:logGet(43)) - raft.server.log.appender.buffer.byte-limit = 33554432 (custom)
2019-07-16 14:28:45,083 INFO  server.RaftServerConfigKeys (ConfUtils.java:logGet(43)) - raft.server.log.segment.size.max = 1048576 (custom)
2019-07-16 14:28:45,083 INFO  server.RaftServerConfigKeys (ConfUtils.java:logGet(43)) - raft.server.log.appender.buffer.byte-limit = 33554432 (custom)
2019-07-16 14:28:45,084 INFO  server.RaftServerConfigKeys (ConfUtils.java:logGet(43)) - raft.server.log.segment.cache.num.max = 2 (custom)
2019-07-16 14:28:45,084 INFO  server.RaftServerConfigKeys (ConfUtils.java:logGet(43)) - raft.server.log.segment.size.max = 1048576 (custom)
2019-07-16 14:28:45,084 INFO  segmented.SegmentedRaftLogWorker (SegmentedRaftLogWorker.java:<init>(172)) - new a116cde0-b8cc-4aed-a2c8-942c7d496824-SegmentedRaftLogWorker:Storage Directory /workdir/hadoop-ozone/integration-test/target/test-dir/MiniOzoneClusterImpl-0f602919-0210-418c-bc40-44414be8bf8b/datanode-3/data/ratis/5443d668-b586-40b1-8a8f-c9868fb631b4 for RaftStorage:Storage Directory /workdir/hadoop-ozone/integration-test/target/test-dir/MiniOzoneClusterImpl-0f602919-0210-418c-bc40-44414be8bf8b/datanode-3/data/ratis/5443d668-b586-40b1-8a8f-c9868fb631b4
2019-07-16 14:28:45,084 INFO  server.RaftServerConfigKeys (ConfUtils.java:logGet(43)) - raft.server.log.segment.size.max = 1048576 (custom)
2019-07-16 14:28:45,084 INFO  server.RaftServerConfigKeys (ConfUtils.java:logGet(43)) - raft.server.log.queue.byte-limit = 2147483647 (custom)
2019-07-16 14:28:45,085 INFO  server.RaftServerConfigKeys (ConfUtils.java:logGet(43)) - raft.server.log.queue.element-limit = 1024 (custom)
2019-07-16 14:28:45,084 INFO  server.RaftServerConfigKeys (ConfUtils.java:logGet(43)) - raft.server.log.segment.cache.num.max = 2 (custom)
2019-07-16 14:28:45,085 INFO  server.RaftServerConfigKeys (ConfUtils.java:logGet(43)) - raft.server.log.segment.size.max = 1048576 (custom)
2019-07-16 14:28:45,084 INFO  server.RaftServerConfigKeys (ConfUtils.java:logGet(43)) - raft.server.log.segment.cache.num.max = 2 (custom)
2019-07-16 14:28:45,085 INFO  server.RaftServerConfigKeys (ConfUtils.java:logGet(43)) - raft.server.log.preallocated.size = 16384 (custom)
2019-07-16 14:28:45,085 INFO  segmented.SegmentedRaftLogWorker (SegmentedRaftLogWorker.java:<init>(172)) - new 2ad005df-7356-43ac-8be0-94a315a19afd-SegmentedRaftLogWorker:Storage Directory /workdir/hadoop-ozone/integration-test/target/test-dir/MiniOzoneClusterImpl-0f602919-0210-418c-bc40-44414be8bf8b/datanode-5/data/ratis/5443d668-b586-40b1-8a8f-c9868fb631b4 for RaftStorage:Storage Directory /workdir/hadoop-ozone/integration-test/target/test-dir/MiniOzoneClusterImpl-0f602919-0210-418c-bc40-44414be8bf8b/datanode-5/data/ratis/5443d668-b586-40b1-8a8f-c9868fb631b4
2019-07-16 14:28:45,085 INFO  server.RaftServerConfigKeys (ConfUtils.java:logGet(43)) - raft.server.log.write.buffer.size = 33554432 (custom)
2019-07-16 14:28:45,086 INFO  server.RaftServerConfigKeys (ConfUtils.java:logGet(43)) - raft.server.log.force.sync.num = 128 (default)
2019-07-16 14:28:45,085 INFO  segmented.SegmentedRaftLogWorker (SegmentedRaftLogWorker.java:<init>(172)) - new b13972bc-cfe5-4444-bfc8-64356d4b7092-SegmentedRaftLogWorker:Storage Directory /workdir/hadoop-ozone/integration-test/target/test-dir/MiniOzoneClusterImpl-0f602919-0210-418c-bc40-44414be8bf8b/datanode-4/data/ratis/5443d668-b586-40b1-8a8f-c9868fb631b4 for RaftStorage:Storage Directory /workdir/hadoop-ozone/integration-test/target/test-dir/MiniOzoneClusterImpl-0f602919-0210-418c-bc40-44414be8bf8b/datanode-4/data/ratis/5443d668-b586-40b1-8a8f-c9868fb631b4
2019-07-16 14:28:45,086 INFO  server.RaftServerConfigKeys (ConfUtils.java:logGet(43)) - raft.server.log.statemachine.data.sync = true (default)
2019-07-16 14:28:45,086 INFO  server.RaftServerConfigKeys (ConfUtils.java:logGet(43)) - raft.server.log.queue.byte-limit = 2147483647 (custom)
2019-07-16 14:28:45,086 INFO  server.RaftServerConfigKeys (ConfUtils.java:logGet(43)) - raft.server.log.statemachine.data.sync.timeout = 10s (default)
2019-07-16 14:28:45,086 INFO  server.RaftServerConfigKeys (ConfUtils.java:logGet(43)) - raft.server.log.queue.byte-limit = 2147483647 (custom)
2019-07-16 14:28:45,086 INFO  server.RaftServerConfigKeys (ConfUtils.java:logGet(43)) - raft.server.log.statemachine.data.sync.timeout.retry = -1 (default)
2019-07-16 14:28:45,086 INFO  server.RaftServerConfigKeys (ConfUtils.java:logGet(43)) - raft.server.log.queue.element-limit = 1024 (custom)
2019-07-16 14:28:45,087 INFO  server.RaftServerConfigKeys (ConfUtils.java:logGet(43)) - raft.server.log.statemachine.data.caching.enabled = true (custom)
2019-07-16 14:28:45,087 INFO  server.RaftServerConfigKeys (ConfUtils.java:logGet(43)) - raft.server.log.queue.element-limit = 1024 (custom)
2019-07-16 14:28:45,087 INFO  server.RaftServerConfigKeys (ConfUtils.java:logGet(43)) - raft.server.log.segment.size.max = 1048576 (custom)
2019-07-16 14:28:45,087 INFO  server.RaftServerConfigKeys (ConfUtils.java:logGet(43)) - raft.server.log.segment.size.max = 1048576 (custom)
2019-07-16 14:28:45,087 INFO  segmented.SegmentedRaftLogWorker (SegmentedRaftLogWorker.java:lambda$new$0(132)) - a116cde0-b8cc-4aed-a2c8-942c7d496824-SegmentedRaftLogWorker:Storage Directory /workdir/hadoop-ozone/integration-test/target/test-dir/MiniOzoneClusterImpl-0f602919-0210-418c-bc40-44414be8bf8b/datanode-3/data/ratis/5443d668-b586-40b1-8a8f-c9868fb631b4: flushIndex: setUnconditionally 0 -> -1
2019-07-16 14:28:45,087 INFO  server.RaftServerConfigKeys (ConfUtils.java:logGet(43)) - raft.server.log.preallocated.size = 16384 (custom)
2019-07-16 14:28:45,087 INFO  server.RaftServerConfigKeys (ConfUtils.java:logGet(43)) - raft.server.log.preallocated.size = 16384 (custom)
2019-07-16 14:28:45,088 INFO  server.RaftServerConfigKeys (ConfUtils.java:logGet(43)) - raft.server.snapshot.auto.trigger.enabled = true (custom)
2019-07-16 14:28:45,088 INFO  server.RaftServerConfigKeys (ConfUtils.java:logGet(43)) - raft.server.log.write.buffer.size = 33554432 (custom)
2019-07-16 14:28:45,088 INFO  server.RaftServerConfigKeys (ConfUtils.java:logGet(43)) - raft.server.snapshot.auto.trigger.threshold = 10000 (custom)
2019-07-16 14:28:45,088 INFO  server.RaftServerConfigKeys (ConfUtils.java:logGet(43)) - raft.server.log.write.buffer.size = 33554432 (custom)
2019-07-16 14:28:45,088 INFO  server.RaftServerConfigKeys (ConfUtils.java:logGet(43)) - raft.server.retrycache.expirytime = 600000ms (custom)
2019-07-16 14:28:45,088 INFO  server.RaftServerConfigKeys (ConfUtils.java:logGet(43)) - raft.server.log.force.sync.num = 128 (default)
2019-07-16 14:28:45,089 INFO  impl.RaftServerImpl (RaftServerImpl.java:start(180)) - a116cde0-b8cc-4aed-a2c8-942c7d496824: start group-C9868FB631B4
2019-07-16 14:28:45,089 INFO  server.RaftServerConfigKeys (ConfUtils.java:logGet(43)) - raft.server.log.statemachine.data.sync = true (default)
2019-07-16 14:28:45,089 INFO  server.RaftServerConfigKeys (ConfUtils.java:logGet(43)) - raft.server.log.statemachine.data.sync.timeout = 10s (default)
2019-07-16 14:28:45,089 INFO  server.RaftServerConfigKeys (ConfUtils.java:logGet(43)) - raft.server.log.force.sync.num = 128 (default)
2019-07-16 14:28:45,089 INFO  server.RaftServerConfigKeys (ConfUtils.java:logGet(43)) - raft.server.log.statemachine.data.sync.timeout.retry = -1 (default)
2019-07-16 14:28:45,089 INFO  impl.RaftServerImpl (RaftServerImpl.java:setRole(171)) - a116cde0-b8cc-4aed-a2c8-942c7d496824:group-C9868FB631B4 changes role from null to FOLLOWER at term 0 for startAsFollower
2019-07-16 14:28:45,090 INFO  server.RaftServerConfigKeys (ConfUtils.java:logGet(43)) - raft.server.log.statemachine.data.caching.enabled = true (custom)
2019-07-16 14:28:45,089 INFO  server.RaftServerConfigKeys (ConfUtils.java:logGet(43)) - raft.server.log.statemachine.data.sync = true (default)
2019-07-16 14:28:45,090 INFO  impl.RoleInfo (RoleInfo.java:updateAndGet(143)) - a116cde0-b8cc-4aed-a2c8-942c7d496824: start FollowerState
2019-07-16 14:28:45,090 INFO  server.RaftServerConfigKeys (ConfUtils.java:logGet(43)) - raft.server.log.statemachine.data.sync.timeout = 10s (default)
2019-07-16 14:28:45,090 INFO  segmented.SegmentedRaftLogWorker (SegmentedRaftLogWorker.java:lambda$new$0(132)) - b13972bc-cfe5-4444-bfc8-64356d4b7092-SegmentedRaftLogWorker:Storage Directory /workdir/hadoop-ozone/integration-test/target/test-dir/MiniOzoneClusterImpl-0f602919-0210-418c-bc40-44414be8bf8b/datanode-4/data/ratis/5443d668-b586-40b1-8a8f-c9868fb631b4: flushIndex: setUnconditionally 0 -> -1
2019-07-16 14:28:45,090 INFO  server.RaftServerConfigKeys (ConfUtils.java:logGet(43)) - raft.server.log.statemachine.data.sync.timeout.retry = -1 (default)
2019-07-16 14:28:45,091 INFO  util.JmxRegister (JmxRegister.java:tryRegister(44)) - Successfully registered JMX Bean with object name Ratis:service=RaftServer,group=group-C9868FB631B4,id=a116cde0-b8cc-4aed-a2c8-942c7d496824
2019-07-16 14:28:45,091 INFO  server.RaftServerConfigKeys (ConfUtils.java:logGet(43)) - raft.server.snapshot.auto.trigger.enabled = true (custom)
2019-07-16 14:28:45,091 INFO  server.RaftServerConfigKeys (ConfUtils.java:logGet(43)) - raft.server.log.statemachine.data.caching.enabled = true (custom)
2019-07-16 14:28:45,091 INFO  server.RaftServerConfigKeys (ConfUtils.java:logGet(43)) - raft.server.snapshot.auto.trigger.threshold = 10000 (custom)
2019-07-16 14:28:45,091 INFO  segmented.SegmentedRaftLogWorker (SegmentedRaftLogWorker.java:lambda$new$0(132)) - 2ad005df-7356-43ac-8be0-94a315a19afd-SegmentedRaftLogWorker:Storage Directory /workdir/hadoop-ozone/integration-test/target/test-dir/MiniOzoneClusterImpl-0f602919-0210-418c-bc40-44414be8bf8b/datanode-5/data/ratis/5443d668-b586-40b1-8a8f-c9868fb631b4: flushIndex: setUnconditionally 0 -> -1
2019-07-16 14:28:45,091 INFO  server.RaftServerConfigKeys (ConfUtils.java:logGet(43)) - raft.server.retrycache.expirytime = 600000ms (custom)
2019-07-16 14:28:45,092 INFO  impl.RaftServerImpl (RaftServerImpl.java:start(180)) - b13972bc-cfe5-4444-bfc8-64356d4b7092: start group-C9868FB631B4
2019-07-16 14:28:45,092 INFO  server.RaftServerConfigKeys (ConfUtils.java:logGet(43)) - raft.server.snapshot.auto.trigger.enabled = true (custom)
2019-07-16 14:28:45,092 INFO  impl.RaftServerImpl (RaftServerImpl.java:setRole(171)) - b13972bc-cfe5-4444-bfc8-64356d4b7092:group-C9868FB631B4 changes role from null to FOLLOWER at term 0 for startAsFollower
2019-07-16 14:28:45,092 INFO  server.RaftServerConfigKeys (ConfUtils.java:logGet(43)) - raft.server.snapshot.auto.trigger.threshold = 10000 (custom)
2019-07-16 14:28:45,092 INFO  impl.RoleInfo (RoleInfo.java:updateAndGet(143)) - b13972bc-cfe5-4444-bfc8-64356d4b7092: start FollowerState
2019-07-16 14:28:45,092 INFO  server.RaftServerConfigKeys (ConfUtils.java:logGet(43)) - raft.server.retrycache.expirytime = 600000ms (custom)
2019-07-16 14:28:45,096 INFO  util.JmxRegister (JmxRegister.java:tryRegister(44)) - Successfully registered JMX Bean with object name Ratis:service=RaftServer,group=group-C9868FB631B4,id=b13972bc-cfe5-4444-bfc8-64356d4b7092
2019-07-16 14:28:45,096 INFO  impl.RaftServerImpl (RaftServerImpl.java:start(180)) - 2ad005df-7356-43ac-8be0-94a315a19afd: start group-C9868FB631B4
2019-07-16 14:28:45,096 INFO  impl.RaftServerImpl (RaftServerImpl.java:setRole(171)) - 2ad005df-7356-43ac-8be0-94a315a19afd:group-C9868FB631B4 changes role from null to FOLLOWER at term 0 for startAsFollower
2019-07-16 14:28:45,097 INFO  impl.RoleInfo (RoleInfo.java:updateAndGet(143)) - 2ad005df-7356-43ac-8be0-94a315a19afd: start FollowerState
2019-07-16 14:28:45,097 INFO  util.JmxRegister (JmxRegister.java:tryRegister(44)) - Successfully registered JMX Bean with object name Ratis:service=RaftServer,group=group-C9868FB631B4,id=2ad005df-7356-43ac-8be0-94a315a19afd
2019-07-16 14:28:45,104 INFO  pipeline.PipelineStateManager (PipelineStateManager.java:addPipeline(56)) - Created pipeline Pipeline[ Id: 5443d668-b586-40b1-8a8f-c9868fb631b4, Nodes: b13972bc-cfe5-4444-bfc8-64356d4b7092{ip: 192.168.157.241, host: trunk-nightly-gllmw-2332419065, networkLocation: /default-rack, certSerialId: null}2ad005df-7356-43ac-8be0-94a315a19afd{ip: 192.168.157.241, host: trunk-nightly-gllmw-2332419065, networkLocation: /default-rack, certSerialId: null}a116cde0-b8cc-4aed-a2c8-942c7d496824{ip: 192.168.157.241, host: trunk-nightly-gllmw-2332419065, networkLocation: /default-rack, certSerialId: null}, Type:RATIS, Factor:THREE, State:OPEN]
2019-07-16 14:28:45,169 INFO  node.SCMNodeManager (SCMNodeManager.java:register(269)) - Registered Data node : 2d354733-a052-45b2-b966-a6227200d8c2{ip: 192.168.157.241, host: trunk-nightly-gllmw-2332419065, networkLocation: /default-rack, certSerialId: null}
2019-07-16 14:28:45,169 INFO  ozone.MiniOzoneClusterImpl (MiniOzoneClusterImpl.java:lambda$waitForClusterToBeReady$0(142)) - Cluster is ready. Got 7 of 7 DN Heartbeats.
2019-07-16 14:28:45,186 INFO  impl.RaftServerProxy (RaftServerProxy.java:addNew(89)) - 2d354733-a052-45b2-b966-a6227200d8c2: addNew group-AC9873638434:[2d354733-a052-45b2-b966-a6227200d8c2:192.168.157.241:43241] returns group-AC9873638434:java.util.concurrent.CompletableFuture@763097b3[Not completed]
2019-07-16 14:28:45,205 INFO  impl.RaftServerImpl (RaftServerImpl.java:<init>(93)) - 2d354733-a052-45b2-b966-a6227200d8c2: new RaftServerImpl for group-AC9873638434:[2d354733-a052-45b2-b966-a6227200d8c2:192.168.157.241:43241] with ContainerStateMachine:uninitialized
2019-07-16 14:28:45,205 INFO  server.RaftServerConfigKeys (ConfUtils.java:logGet(43)) - raft.server.rpc.timeout.min = 5s (custom)
2019-07-16 14:28:45,205 INFO  server.RaftServerConfigKeys (ConfUtils.java:logGet(43)) - raft.server.rpc.timeout.max = 5200ms (custom)
2019-07-16 14:28:45,205 INFO  server.RaftServerConfigKeys (ConfUtils.java:logGet(43)) - raft.server.rpcslowness.timeout = 120s (custom)
2019-07-16 14:28:45,206 INFO  server.RaftServerConfigKeys (ConfUtils.java:logGet(43)) - raft.server.sleep.deviation.threshold = 300 (default)
2019-07-16 14:28:45,206 INFO  server.RaftServerConfigKeys (ConfUtils.java:logGet(43)) - raft.server.log.appender.install.snapshot.enabled = false (custom)
2019-07-16 14:28:45,206 INFO  impl.RaftServerImpl (ServerState.java:<init>(105)) - 2d354733-a052-45b2-b966-a6227200d8c2:group-AC9873638434 ConfigurationManager, init=-1: [2d354733-a052-45b2-b966-a6227200d8c2:192.168.157.241:43241], old=null, confs=<EMPTY_MAP>
2019-07-16 14:28:45,206 INFO  server.RaftServerConfigKeys (ConfUtils.java:logGet(43)) - raft.server.storage.dir = [/workdir/hadoop-ozone/integration-test/target/test-dir/MiniOzoneClusterImpl-0f602919-0210-418c-bc40-44414be8bf8b/datanode-6/data/ratis] (custom)
2019-07-16 14:28:45,207 INFO  storage.RaftStorageDirectory (RaftStorageDirectory.java:analyzeStorage(246)) - The storage directory /workdir/hadoop-ozone/integration-test/target/test-dir/MiniOzoneClusterImpl-0f602919-0210-418c-bc40-44414be8bf8b/datanode-6/data/ratis/11dcc11c-4bf6-47d0-80f6-ac9873638434 does not exist. Creating ...
2019-07-16 14:28:45,208 INFO  rpc.RpcClient (RpcClient.java:createVolume(287)) - Creating Volume: testblockoutputstream, with jenkins1000 as owner.
2019-07-16 14:28:45,222 INFO  storage.RaftStorageDirectory (RaftStorageDirectory.java:tryLock(328)) - Lock on /workdir/hadoop-ozone/integration-test/target/test-dir/MiniOzoneClusterImpl-0f602919-0210-418c-bc40-44414be8bf8b/datanode-6/data/ratis/11dcc11c-4bf6-47d0-80f6-ac9873638434/in_use.lock acquired by nodename 23803@trunk-nightly-gllmw-2332419065
2019-07-16 14:28:45,226 INFO  rpc.RpcClient (RpcClient.java:createBucket(424)) - Creating Bucket: testblockoutputstream/testblockoutputstream, with Versioning false and Storage Type set to DISK and Encryption set to false 
2019-07-16 14:28:45,238 INFO  storage.RaftStorage (RaftStorage.java:format(72)) - Storage directory /workdir/hadoop-ozone/integration-test/target/test-dir/MiniOzoneClusterImpl-0f602919-0210-418c-bc40-44414be8bf8b/datanode-6/data/ratis/11dcc11c-4bf6-47d0-80f6-ac9873638434 has been successfully formatted.
2019-07-16 14:28:45,238 INFO  ratis.ContainerStateMachine (ContainerStateMachine.java:loadSnapshot(200)) - group-AC9873638434: The snapshot info is null. Setting the last applied indexto:(t:0, i:~)
2019-07-16 14:28:45,238 INFO  server.RaftServerConfigKeys (ConfUtils.java:logGet(43)) - raft.server.leader.election.timeout = 120s (custom)
2019-07-16 14:28:45,239 INFO  server.RaftServerConfigKeys (ConfUtils.java:logGet(43)) - raft.server.log.use.memory = false (default)
2019-07-16 14:28:45,239 INFO  server.RaftServerConfigKeys (ConfUtils.java:logGet(43)) - raft.server.log.purge.gap = 1000000000 (custom)
2019-07-16 14:28:45,239 INFO  server.RaftServerConfigKeys (ConfUtils.java:logGet(43)) - raft.server.log.appender.buffer.byte-limit = 33554432 (custom)
2019-07-16 14:28:45,239 INFO  server.RaftServerConfigKeys (ConfUtils.java:logGet(43)) - raft.server.log.segment.size.max = 1048576 (custom)
2019-07-16 14:28:45,239 INFO  server.RaftServerConfigKeys (ConfUtils.java:logGet(43)) - raft.server.log.segment.cache.num.max = 2 (custom)
2019-07-16 14:28:45,239 INFO  segmented.SegmentedRaftLogWorker (SegmentedRaftLogWorker.java:<init>(172)) - new 2d354733-a052-45b2-b966-a6227200d8c2-SegmentedRaftLogWorker:Storage Directory /workdir/hadoop-ozone/integration-test/target/test-dir/MiniOzoneClusterImpl-0f602919-0210-418c-bc40-44414be8bf8b/datanode-6/data/ratis/11dcc11c-4bf6-47d0-80f6-ac9873638434 for RaftStorage:Storage Directory /workdir/hadoop-ozone/integration-test/target/test-dir/MiniOzoneClusterImpl-0f602919-0210-418c-bc40-44414be8bf8b/datanode-6/data/ratis/11dcc11c-4bf6-47d0-80f6-ac9873638434
2019-07-16 14:28:45,240 INFO  server.RaftServerConfigKeys (ConfUtils.java:logGet(43)) - raft.server.log.queue.byte-limit = 2147483647 (custom)
2019-07-16 14:28:45,240 INFO  server.RaftServerConfigKeys (ConfUtils.java:logGet(43)) - raft.server.log.queue.element-limit = 1024 (custom)
2019-07-16 14:28:45,240 INFO  server.RaftServerConfigKeys (ConfUtils.java:logGet(43)) - raft.server.log.segment.size.max = 1048576 (custom)
2019-07-16 14:28:45,240 INFO  server.RaftServerConfigKeys (ConfUtils.java:logGet(43)) - raft.server.log.preallocated.size = 16384 (custom)
2019-07-16 14:28:45,240 INFO  server.RaftServerConfigKeys (ConfUtils.java:logGet(43)) - raft.server.log.write.buffer.size = 33554432 (custom)
2019-07-16 14:28:45,240 INFO  server.RaftServerConfigKeys (ConfUtils.java:logGet(43)) - raft.server.log.force.sync.num = 128 (default)
2019-07-16 14:28:45,241 INFO  server.RaftServerConfigKeys (ConfUtils.java:logGet(43)) - raft.server.log.statemachine.data.sync = true (default)
2019-07-16 14:28:45,241 INFO  server.RaftServerConfigKeys (ConfUtils.java:logGet(43)) - raft.server.log.statemachine.data.sync.timeout = 10s (default)
2019-07-16 14:28:45,241 INFO  server.RaftServerConfigKeys (ConfUtils.java:logGet(43)) - raft.server.log.statemachine.data.sync.timeout.retry = -1 (default)
2019-07-16 14:28:45,241 INFO  server.RaftServerConfigKeys (ConfUtils.java:logGet(43)) - raft.server.log.statemachine.data.caching.enabled = true (custom)
2019-07-16 14:28:45,242 INFO  segmented.SegmentedRaftLogWorker (SegmentedRaftLogWorker.java:lambda$new$0(132)) - 2d354733-a052-45b2-b966-a6227200d8c2-SegmentedRaftLogWorker:Storage Directory /workdir/hadoop-ozone/integration-test/target/test-dir/MiniOzoneClusterImpl-0f602919-0210-418c-bc40-44414be8bf8b/datanode-6/data/ratis/11dcc11c-4bf6-47d0-80f6-ac9873638434: flushIndex: setUnconditionally 0 -> -1
2019-07-16 14:28:45,242 INFO  server.RaftServerConfigKeys (ConfUtils.java:logGet(43)) - raft.server.snapshot.auto.trigger.enabled = true (custom)
2019-07-16 14:28:45,242 INFO  server.RaftServerConfigKeys (ConfUtils.java:logGet(43)) - raft.server.snapshot.auto.trigger.threshold = 10000 (custom)
2019-07-16 14:28:45,242 INFO  server.RaftServerConfigKeys (ConfUtils.java:logGet(43)) - raft.server.retrycache.expirytime = 600000ms (custom)
2019-07-16 14:28:45,242 INFO  impl.RaftServerImpl (RaftServerImpl.java:start(180)) - 2d354733-a052-45b2-b966-a6227200d8c2: start group-AC9873638434
2019-07-16 14:28:45,243 INFO  impl.RaftServerImpl (RaftServerImpl.java:setRole(171)) - 2d354733-a052-45b2-b966-a6227200d8c2:group-AC9873638434 changes role from null to FOLLOWER at term 0 for startAsFollower
2019-07-16 14:28:45,243 INFO  impl.RoleInfo (RoleInfo.java:updateAndGet(143)) - 2d354733-a052-45b2-b966-a6227200d8c2: start FollowerState
2019-07-16 14:28:45,243 INFO  util.JmxRegister (JmxRegister.java:tryRegister(44)) - Successfully registered JMX Bean with object name Ratis:service=RaftServer,group=group-AC9873638434,id=2d354733-a052-45b2-b966-a6227200d8c2
2019-07-16 14:28:45,248 INFO  pipeline.PipelineStateManager (PipelineStateManager.java:addPipeline(56)) - Created pipeline Pipeline[ Id: 11dcc11c-4bf6-47d0-80f6-ac9873638434, Nodes: 2d354733-a052-45b2-b966-a6227200d8c2{ip: 192.168.157.241, host: trunk-nightly-gllmw-2332419065, networkLocation: /default-rack, certSerialId: null}, Type:RATIS, Factor:ONE, State:OPEN]
2019-07-16 14:28:45,266 INFO  client.GrpcClientProtocolClient (GrpcClientProtocolClient.java:onNext(255)) - client-5DB7AA41B805->e9fd21c8-f577-469d-b157-45233b1882a0: receive RaftClientReply:client-5DB7AA41B805->e9fd21c8-f577-469d-b157-45233b1882a0@group-B50920E65327, cid=183, FAILED org.apache.ratis.protocol.NotLeaderException: Server e9fd21c8-f577-469d-b157-45233b1882a0 is not the leader (null). Request must be sent to leader., logIndex=0, commits[e9fd21c8-f577-469d-b157-45233b1882a0:c-1]
2019-07-16 14:28:46,285 INFO  client.GrpcClientProtocolClient (GrpcClientProtocolClient.java:onNext(255)) - client-5DB7AA41B805->1dcb67de-7a45-4618-aa8e-97469f1b5306: receive RaftClientReply:client-5DB7AA41B805->1dcb67de-7a45-4618-aa8e-97469f1b5306@group-B50920E65327, cid=183, FAILED org.apache.ratis.protocol.NotLeaderException: Server 1dcb67de-7a45-4618-aa8e-97469f1b5306 is not the leader (null). Request must be sent to leader., logIndex=0, commits[1dcb67de-7a45-4618-aa8e-97469f1b5306:c-1]
2019-07-16 14:28:46,993 INFO  container.ReplicationManager (ReplicationManager.java:start(155)) - Starting Replication Monitor Thread.
2019-07-16 14:28:46,997 INFO  container.ReplicationManager (ReplicationManager.java:run(207)) - Replication Monitor Thread took 0 milliseconds for processing 1 containers.
2019-07-16 14:28:47,296 INFO  client.GrpcClientProtocolClient (GrpcClientProtocolClient.java:onNext(255)) - client-5DB7AA41B805->e9fd21c8-f577-469d-b157-45233b1882a0: receive RaftClientReply:client-5DB7AA41B805->e9fd21c8-f577-469d-b157-45233b1882a0@group-B50920E65327, cid=183, FAILED org.apache.ratis.protocol.NotLeaderException: Server e9fd21c8-f577-469d-b157-45233b1882a0 is not the leader (null). Request must be sent to leader., logIndex=0, commits[e9fd21c8-f577-469d-b157-45233b1882a0:c-1]
2019-07-16 14:28:48,321 INFO  client.GrpcClientProtocolClient (GrpcClientProtocolClient.java:onNext(255)) - client-5DB7AA41B805->d0ca025d-0fb4-4142-b825-44be0d8caf68: receive RaftClientReply:client-5DB7AA41B805->d0ca025d-0fb4-4142-b825-44be0d8caf68@group-B50920E65327, cid=183, FAILED org.apache.ratis.protocol.NotLeaderException: Server d0ca025d-0fb4-4142-b825-44be0d8caf68 is not the leader (null). Request must be sent to leader., logIndex=0, commits[d0ca025d-0fb4-4142-b825-44be0d8caf68:c-1]
2019-07-16 14:28:49,169 INFO  impl.FollowerState (FollowerState.java:run(106)) - 1dcb67de-7a45-4618-aa8e-97469f1b5306:group-4B8828CD24AA changes to CANDIDATE, lastRpcTime:5122, electionTimeout:5122ms
2019-07-16 14:28:49,169 INFO  impl.RoleInfo (RoleInfo.java:shutdownFollowerState(121)) - 1dcb67de-7a45-4618-aa8e-97469f1b5306: shutdown FollowerState
2019-07-16 14:28:49,169 INFO  impl.RaftServerImpl (RaftServerImpl.java:setRole(171)) - 1dcb67de-7a45-4618-aa8e-97469f1b5306:group-4B8828CD24AA changes role from FOLLOWER to CANDIDATE at term 0 for changeToCandidate
2019-07-16 14:28:49,169 INFO  impl.RoleInfo (RoleInfo.java:updateAndGet(143)) - 1dcb67de-7a45-4618-aa8e-97469f1b5306: start LeaderElection
2019-07-16 14:28:49,204 INFO  impl.LeaderElection (LeaderElection.java:askForVotes(181)) - 1dcb67de-7a45-4618-aa8e-97469f1b5306:group-4B8828CD24AA:LeaderElection66: begin an election at term 1 for -1: [1dcb67de-7a45-4618-aa8e-97469f1b5306:192.168.157.241:43331], old=null
2019-07-16 14:28:49,205 INFO  impl.RoleInfo (RoleInfo.java:shutdownLeaderElection(134)) - 1dcb67de-7a45-4618-aa8e-97469f1b5306: shutdown LeaderElection
2019-07-16 14:28:49,205 INFO  impl.RaftServerImpl (RaftServerImpl.java:setRole(171)) - 1dcb67de-7a45-4618-aa8e-97469f1b5306:group-4B8828CD24AA changes role from CANDIDATE to LEADER at term 1 for changeToLeader
2019-07-16 14:28:49,205 INFO  impl.RaftServerImpl (ServerState.java:setLeader(263)) - 1dcb67de-7a45-4618-aa8e-97469f1b5306:group-4B8828CD24AA change Leader from null to 1dcb67de-7a45-4618-aa8e-97469f1b5306 at term 1 for becomeLeader, leader elected after 5164ms
2019-07-16 14:28:49,208 INFO  server.RaftServerConfigKeys (ConfUtils.java:logGet(43)) - raft.server.staging.catchup.gap = 1000 (default)
2019-07-16 14:28:49,208 INFO  server.RaftServerConfigKeys (ConfUtils.java:logGet(43)) - raft.server.rpc.sleep.time = 25ms (default)
2019-07-16 14:28:49,208 INFO  server.RaftServerConfigKeys (ConfUtils.java:logGet(43)) - raft.server.write.element-limit = 4096 (default)
2019-07-16 14:28:49,208 INFO  server.RaftServerConfigKeys (ConfUtils.java:logGet(43)) - raft.server.watch.timeout = 10s (default)
2019-07-16 14:28:49,208 INFO  server.RaftServerConfigKeys (ConfUtils.java:logGet(43)) - raft.server.watch.timeout.denomination = 1s (default)
2019-07-16 14:28:49,209 INFO  server.RaftServerConfigKeys (ConfUtils.java:logGet(43)) - raft.server.watch.element-limit = 65536 (default)
2019-07-16 14:28:49,209 INFO  impl.RoleInfo (RoleInfo.java:updateAndGet(143)) - 1dcb67de-7a45-4618-aa8e-97469f1b5306: start LeaderState
2019-07-16 14:28:49,210 INFO  segmented.SegmentedRaftLogWorker (SegmentedRaftLogWorker.java:startLogSegment(380)) - 1dcb67de-7a45-4618-aa8e-97469f1b5306-SegmentedRaftLogWorker:Storage Directory /workdir/hadoop-ozone/integration-test/target/test-dir/MiniOzoneClusterImpl-0f602919-0210-418c-bc40-44414be8bf8b/datanode-0/data/ratis/4e31dbbd-2be8-4e37-9285-4b8828cd24aa: Starting segment from index:0
2019-07-16 14:28:49,210 INFO  impl.RaftServerImpl (ServerState.java:setRaftConf(361)) - 1dcb67de-7a45-4618-aa8e-97469f1b5306:group-4B8828CD24AA set configuration 0: [1dcb67de-7a45-4618-aa8e-97469f1b5306:192.168.157.241:43331], old=null at 0
2019-07-16 14:28:49,246 INFO  segmented.SegmentedRaftLogWorker (SegmentedRaftLogWorker.java:execute(569)) - 1dcb67de-7a45-4618-aa8e-97469f1b5306-SegmentedRaftLogWorker:Storage Directory /workdir/hadoop-ozone/integration-test/target/test-dir/MiniOzoneClusterImpl-0f602919-0210-418c-bc40-44414be8bf8b/datanode-0/data/ratis/4e31dbbd-2be8-4e37-9285-4b8828cd24aa: created new log segment /workdir/hadoop-ozone/integration-test/target/test-dir/MiniOzoneClusterImpl-0f602919-0210-418c-bc40-44414be8bf8b/datanode-0/data/ratis/4e31dbbd-2be8-4e37-9285-4b8828cd24aa/current/log_inprogress_0
2019-07-16 14:28:49,302 INFO  impl.FollowerState (FollowerState.java:run(106)) - d0ca025d-0fb4-4142-b825-44be0d8caf68:group-C967B7A832A7 changes to CANDIDATE, lastRpcTime:5095, electionTimeout:5095ms
2019-07-16 14:28:49,302 INFO  impl.RoleInfo (RoleInfo.java:shutdownFollowerState(121)) - d0ca025d-0fb4-4142-b825-44be0d8caf68: shutdown FollowerState
2019-07-16 14:28:49,302 INFO  impl.RaftServerImpl (RaftServerImpl.java:setRole(171)) - d0ca025d-0fb4-4142-b825-44be0d8caf68:group-C967B7A832A7 changes role from FOLLOWER to CANDIDATE at term 0 for changeToCandidate
2019-07-16 14:28:49,302 INFO  impl.RoleInfo (RoleInfo.java:updateAndGet(143)) - d0ca025d-0fb4-4142-b825-44be0d8caf68: start LeaderElection
2019-07-16 14:28:49,321 INFO  impl.LeaderElection (LeaderElection.java:askForVotes(181)) - d0ca025d-0fb4-4142-b825-44be0d8caf68:group-C967B7A832A7:LeaderElection67: begin an election at term 1 for -1: [d0ca025d-0fb4-4142-b825-44be0d8caf68:192.168.157.241:39938], old=null
2019-07-16 14:28:49,321 INFO  impl.RoleInfo (RoleInfo.java:shutdownLeaderElection(134)) - d0ca025d-0fb4-4142-b825-44be0d8caf68: shutdown LeaderElection
2019-07-16 14:28:49,321 INFO  impl.RaftServerImpl (RaftServerImpl.java:setRole(171)) - d0ca025d-0fb4-4142-b825-44be0d8caf68:group-C967B7A832A7 changes role from CANDIDATE to LEADER at term 1 for changeToLeader
2019-07-16 14:28:49,321 INFO  impl.RaftServerImpl (ServerState.java:setLeader(263)) - d0ca025d-0fb4-4142-b825-44be0d8caf68:group-C967B7A832A7 change Leader from null to d0ca025d-0fb4-4142-b825-44be0d8caf68 at term 1 for becomeLeader, leader elected after 5120ms
2019-07-16 14:28:49,323 INFO  server.RaftServerConfigKeys (ConfUtils.java:logGet(43)) - raft.server.staging.catchup.gap = 1000 (default)
2019-07-16 14:28:49,324 INFO  server.RaftServerConfigKeys (ConfUtils.java:logGet(43)) - raft.server.rpc.sleep.time = 25ms (default)
2019-07-16 14:28:49,324 INFO  server.RaftServerConfigKeys (ConfUtils.java:logGet(43)) - raft.server.write.element-limit = 4096 (default)
2019-07-16 14:28:49,324 INFO  server.RaftServerConfigKeys (ConfUtils.java:logGet(43)) - raft.server.watch.timeout = 10s (default)
2019-07-16 14:28:49,324 INFO  server.RaftServerConfigKeys (ConfUtils.java:logGet(43)) - raft.server.watch.timeout.denomination = 1s (default)
2019-07-16 14:28:49,324 INFO  server.RaftServerConfigKeys (ConfUtils.java:logGet(43)) - raft.server.watch.element-limit = 65536 (default)
2019-07-16 14:28:49,325 INFO  impl.RoleInfo (RoleInfo.java:updateAndGet(143)) - d0ca025d-0fb4-4142-b825-44be0d8caf68: start LeaderState
2019-07-16 14:28:49,325 INFO  segmented.SegmentedRaftLogWorker (SegmentedRaftLogWorker.java:startLogSegment(380)) - d0ca025d-0fb4-4142-b825-44be0d8caf68-SegmentedRaftLogWorker:Storage Directory /workdir/hadoop-ozone/integration-test/target/test-dir/MiniOzoneClusterImpl-0f602919-0210-418c-bc40-44414be8bf8b/datanode-1/data/ratis/50e63d0a-2cb0-4798-9bc4-c967b7a832a7: Starting segment from index:0
2019-07-16 14:28:49,325 INFO  impl.RaftServerImpl (ServerState.java:setRaftConf(361)) - d0ca025d-0fb4-4142-b825-44be0d8caf68:group-C967B7A832A7 set configuration 0: [d0ca025d-0fb4-4142-b825-44be0d8caf68:192.168.157.241:39938], old=null at 0
2019-07-16 14:28:49,358 INFO  client.GrpcClientProtocolClient (GrpcClientProtocolClient.java:onNext(255)) - client-5DB7AA41B805->e9fd21c8-f577-469d-b157-45233b1882a0: receive RaftClientReply:client-5DB7AA41B805->e9fd21c8-f577-469d-b157-45233b1882a0@group-B50920E65327, cid=183, FAILED org.apache.ratis.protocol.NotLeaderException: Server e9fd21c8-f577-469d-b157-45233b1882a0 is not the leader (null). Request must be sent to leader., logIndex=0, commits[e9fd21c8-f577-469d-b157-45233b1882a0:c-1]
2019-07-16 14:28:49,361 INFO  segmented.SegmentedRaftLogWorker (SegmentedRaftLogWorker.java:execute(569)) - d0ca025d-0fb4-4142-b825-44be0d8caf68-SegmentedRaftLogWorker:Storage Directory /workdir/hadoop-ozone/integration-test/target/test-dir/MiniOzoneClusterImpl-0f602919-0210-418c-bc40-44414be8bf8b/datanode-1/data/ratis/50e63d0a-2cb0-4798-9bc4-c967b7a832a7: created new log segment /workdir/hadoop-ozone/integration-test/target/test-dir/MiniOzoneClusterImpl-0f602919-0210-418c-bc40-44414be8bf8b/datanode-1/data/ratis/50e63d0a-2cb0-4798-9bc4-c967b7a832a7/current/log_inprogress_0
2019-07-16 14:28:49,483 INFO  impl.FollowerState (FollowerState.java:run(106)) - d0ca025d-0fb4-4142-b825-44be0d8caf68:group-B50920E65327 changes to CANDIDATE, lastRpcTime:5014, electionTimeout:5003ms
2019-07-16 14:28:49,483 INFO  impl.RoleInfo (RoleInfo.java:shutdownFollowerState(121)) - d0ca025d-0fb4-4142-b825-44be0d8caf68: shutdown FollowerState
2019-07-16 14:28:49,483 INFO  impl.RaftServerImpl (RaftServerImpl.java:setRole(171)) - d0ca025d-0fb4-4142-b825-44be0d8caf68:group-B50920E65327 changes role from FOLLOWER to CANDIDATE at term 0 for changeToCandidate
2019-07-16 14:28:49,483 INFO  impl.RoleInfo (RoleInfo.java:updateAndGet(143)) - d0ca025d-0fb4-4142-b825-44be0d8caf68: start LeaderElection
2019-07-16 14:28:49,514 INFO  impl.FollowerState (FollowerState.java:run(106)) - e9fd21c8-f577-469d-b157-45233b1882a0:group-CE4CE663F0AD changes to CANDIDATE, lastRpcTime:5146, electionTimeout:5146ms
2019-07-16 14:28:49,514 INFO  impl.RoleInfo (RoleInfo.java:shutdownFollowerState(121)) - e9fd21c8-f577-469d-b157-45233b1882a0: shutdown FollowerState
2019-07-16 14:28:49,514 INFO  impl.RaftServerImpl (RaftServerImpl.java:setRole(171)) - e9fd21c8-f577-469d-b157-45233b1882a0:group-CE4CE663F0AD changes role from FOLLOWER to CANDIDATE at term 0 for changeToCandidate
2019-07-16 14:28:49,515 INFO  impl.RoleInfo (RoleInfo.java:updateAndGet(143)) - e9fd21c8-f577-469d-b157-45233b1882a0: start LeaderElection
2019-07-16 14:28:49,524 INFO  impl.LeaderElection (LeaderElection.java:askForVotes(181)) - e9fd21c8-f577-469d-b157-45233b1882a0:group-CE4CE663F0AD:LeaderElection69: begin an election at term 1 for -1: [e9fd21c8-f577-469d-b157-45233b1882a0:192.168.157.241:41423], old=null
2019-07-16 14:28:49,524 INFO  impl.LeaderElection (LeaderElection.java:askForVotes(181)) - d0ca025d-0fb4-4142-b825-44be0d8caf68:group-B50920E65327:LeaderElection68: begin an election at term 1 for -1: [d0ca025d-0fb4-4142-b825-44be0d8caf68:192.168.157.241:39938, e9fd21c8-f577-469d-b157-45233b1882a0:192.168.157.241:41423, 1dcb67de-7a45-4618-aa8e-97469f1b5306:192.168.157.241:43331], old=null
2019-07-16 14:28:49,525 INFO  impl.RoleInfo (RoleInfo.java:shutdownLeaderElection(134)) - e9fd21c8-f577-469d-b157-45233b1882a0: shutdown LeaderElection
2019-07-16 14:28:49,525 INFO  impl.RaftServerImpl (RaftServerImpl.java:setRole(171)) - e9fd21c8-f577-469d-b157-45233b1882a0:group-CE4CE663F0AD changes role from CANDIDATE to LEADER at term 1 for changeToLeader
2019-07-16 14:28:49,525 INFO  impl.RaftServerImpl (ServerState.java:setLeader(263)) - e9fd21c8-f577-469d-b157-45233b1882a0:group-CE4CE663F0AD change Leader from null to e9fd21c8-f577-469d-b157-45233b1882a0 at term 1 for becomeLeader, leader elected after 5162ms
2019-07-16 14:28:49,528 INFO  server.RaftServerConfigKeys (ConfUtils.java:logGet(43)) - raft.server.staging.catchup.gap = 1000 (default)
2019-07-16 14:28:49,528 INFO  server.RaftServerConfigKeys (ConfUtils.java:logGet(43)) - raft.server.rpc.sleep.time = 25ms (default)
2019-07-16 14:28:49,528 INFO  server.RaftServerConfigKeys (ConfUtils.java:logGet(43)) - raft.server.write.element-limit = 4096 (default)
2019-07-16 14:28:49,529 INFO  server.RaftServerConfigKeys (ConfUtils.java:logGet(43)) - raft.server.watch.timeout = 10s (default)
2019-07-16 14:28:49,529 INFO  server.RaftServerConfigKeys (ConfUtils.java:logGet(43)) - raft.server.watch.timeout.denomination = 1s (default)
2019-07-16 14:28:49,529 INFO  server.RaftServerConfigKeys (ConfUtils.java:logGet(43)) - raft.server.watch.element-limit = 65536 (default)
2019-07-16 14:28:49,529 INFO  impl.RoleInfo (RoleInfo.java:updateAndGet(143)) - e9fd21c8-f577-469d-b157-45233b1882a0: start LeaderState
2019-07-16 14:28:49,529 INFO  segmented.SegmentedRaftLogWorker (SegmentedRaftLogWorker.java:startLogSegment(380)) - e9fd21c8-f577-469d-b157-45233b1882a0-SegmentedRaftLogWorker:Storage Directory /workdir/hadoop-ozone/integration-test/target/test-dir/MiniOzoneClusterImpl-0f602919-0210-418c-bc40-44414be8bf8b/datanode-2/data/ratis/10d754e8-9f07-4793-9f3b-ce4ce663f0ad: Starting segment from index:0
2019-07-16 14:28:49,530 INFO  impl.RaftServerImpl (ServerState.java:setRaftConf(361)) - e9fd21c8-f577-469d-b157-45233b1882a0:group-CE4CE663F0AD set configuration 0: [e9fd21c8-f577-469d-b157-45233b1882a0:192.168.157.241:41423], old=null at 0
2019-07-16 14:28:49,561 INFO  impl.RaftServerImpl (RaftServerImpl.java:setRole(171)) - 1dcb67de-7a45-4618-aa8e-97469f1b5306:group-B50920E65327 changes role from FOLLOWER to FOLLOWER at term 1 for recognizeCandidate:d0ca025d-0fb4-4142-b825-44be0d8caf68
2019-07-16 14:28:49,561 INFO  impl.RoleInfo (RoleInfo.java:shutdownFollowerState(121)) - 1dcb67de-7a45-4618-aa8e-97469f1b5306: shutdown FollowerState
2019-07-16 14:28:49,561 INFO  impl.RaftServerImpl (RaftServerImpl.java:setRole(171)) - e9fd21c8-f577-469d-b157-45233b1882a0:group-B50920E65327 changes role from FOLLOWER to FOLLOWER at term 1 for recognizeCandidate:d0ca025d-0fb4-4142-b825-44be0d8caf68
2019-07-16 14:28:49,561 INFO  impl.FollowerState (FollowerState.java:run(114)) - 1dcb67de-7a45-4618-aa8e-97469f1b5306: FollowerState was interrupted: java.lang.InterruptedException: sleep interrupted
2019-07-16 14:28:49,561 INFO  impl.RoleInfo (RoleInfo.java:updateAndGet(143)) - 1dcb67de-7a45-4618-aa8e-97469f1b5306: start FollowerState
2019-07-16 14:28:49,561 INFO  impl.RoleInfo (RoleInfo.java:shutdownFollowerState(121)) - e9fd21c8-f577-469d-b157-45233b1882a0: shutdown FollowerState
2019-07-16 14:28:49,564 INFO  impl.RoleInfo (RoleInfo.java:updateAndGet(143)) - e9fd21c8-f577-469d-b157-45233b1882a0: start FollowerState
2019-07-16 14:28:49,564 INFO  impl.FollowerState (FollowerState.java:run(114)) - e9fd21c8-f577-469d-b157-45233b1882a0: FollowerState was interrupted: java.lang.InterruptedException: sleep interrupted
2019-07-16 14:28:49,573 INFO  segmented.SegmentedRaftLogWorker (SegmentedRaftLogWorker.java:execute(569)) - e9fd21c8-f577-469d-b157-45233b1882a0-SegmentedRaftLogWorker:Storage Directory /workdir/hadoop-ozone/integration-test/target/test-dir/MiniOzoneClusterImpl-0f602919-0210-418c-bc40-44414be8bf8b/datanode-2/data/ratis/10d754e8-9f07-4793-9f3b-ce4ce663f0ad: created new log segment /workdir/hadoop-ozone/integration-test/target/test-dir/MiniOzoneClusterImpl-0f602919-0210-418c-bc40-44414be8bf8b/datanode-2/data/ratis/10d754e8-9f07-4793-9f3b-ce4ce663f0ad/current/log_inprogress_0
2019-07-16 14:28:49,583 INFO  impl.LeaderElection (LeaderElection.java:logAndReturn(56)) - d0ca025d-0fb4-4142-b825-44be0d8caf68:group-B50920E65327:LeaderElection68: Election PASSED; received 1 response(s) [d0ca025d-0fb4-4142-b825-44be0d8caf68<-1dcb67de-7a45-4618-aa8e-97469f1b5306#0:OK-t1] and 0 exception(s); d0ca025d-0fb4-4142-b825-44be0d8caf68:t1, leader=null, voted=d0ca025d-0fb4-4142-b825-44be0d8caf68, raftlog=d0ca025d-0fb4-4142-b825-44be0d8caf68-SegmentedRaftLog:OPENED:c-1,f-1,i0, conf=-1: [d0ca025d-0fb4-4142-b825-44be0d8caf68:192.168.157.241:39938, e9fd21c8-f577-469d-b157-45233b1882a0:192.168.157.241:41423, 1dcb67de-7a45-4618-aa8e-97469f1b5306:192.168.157.241:43331], old=null
2019-07-16 14:28:49,583 INFO  impl.RoleInfo (RoleInfo.java:shutdownLeaderElection(134)) - d0ca025d-0fb4-4142-b825-44be0d8caf68: shutdown LeaderElection
2019-07-16 14:28:49,583 INFO  impl.RaftServerImpl (RaftServerImpl.java:setRole(171)) - d0ca025d-0fb4-4142-b825-44be0d8caf68:group-B50920E65327 changes role from CANDIDATE to LEADER at term 1 for changeToLeader
2019-07-16 14:28:49,584 INFO  impl.RaftServerImpl (ServerState.java:setLeader(263)) - d0ca025d-0fb4-4142-b825-44be0d8caf68:group-B50920E65327 change Leader from null to d0ca025d-0fb4-4142-b825-44be0d8caf68 at term 1 for becomeLeader, leader elected after 5121ms
2019-07-16 14:28:49,584 INFO  server.RaftServerConfigKeys (ConfUtils.java:logGet(43)) - raft.server.staging.catchup.gap = 1000 (default)
2019-07-16 14:28:49,584 INFO  server.RaftServerConfigKeys (ConfUtils.java:logGet(43)) - raft.server.rpc.sleep.time = 25ms (default)
2019-07-16 14:28:49,584 INFO  server.RaftServerConfigKeys (ConfUtils.java:logGet(43)) - raft.server.write.element-limit = 4096 (default)
2019-07-16 14:28:49,584 INFO  server.RaftServerConfigKeys (ConfUtils.java:logGet(43)) - raft.server.watch.timeout = 10s (default)
2019-07-16 14:28:49,584 INFO  server.RaftServerConfigKeys (ConfUtils.java:logGet(43)) - raft.server.watch.timeout.denomination = 1s (default)
2019-07-16 14:28:49,585 INFO  server.RaftServerConfigKeys (ConfUtils.java:logGet(43)) - raft.server.watch.element-limit = 65536 (default)
2019-07-16 14:28:49,585 INFO  server.RaftServerConfigKeys (ConfUtils.java:logGet(43)) - raft.server.log.appender.snapshot.chunk.size.max = 16MB (=16777216) (default)
2019-07-16 14:28:49,585 INFO  server.RaftServerConfigKeys (ConfUtils.java:logGet(43)) - raft.server.log.appender.buffer.byte-limit = 33554432 (custom)
2019-07-16 14:28:49,586 INFO  server.RaftServerConfigKeys (ConfUtils.java:logGet(43)) - raft.server.log.appender.buffer.element-limit = 1 (custom)
2019-07-16 14:28:49,586 INFO  grpc.GrpcConfigKeys$Server (ConfUtils.java:logGet(43)) - raft.grpc.server.leader.outstanding.appends.max = 128 (default)
2019-07-16 14:28:49,586 INFO  server.RaftServerConfigKeys (ConfUtils.java:logGet(43)) - raft.server.rpc.request.timeout = 3000ms (default)
2019-07-16 14:28:49,586 INFO  server.RaftServerConfigKeys (ConfUtils.java:logGet(43)) - raft.server.log.appender.install.snapshot.enabled = false (custom)
2019-07-16 14:28:49,587 INFO  server.RaftServerConfigKeys (ConfUtils.java:logGet(43)) - raft.server.log.appender.snapshot.chunk.size.max = 16MB (=16777216) (default)
2019-07-16 14:28:49,587 INFO  server.RaftServerConfigKeys (ConfUtils.java:logGet(43)) - raft.server.log.appender.buffer.byte-limit = 33554432 (custom)
2019-07-16 14:28:49,587 INFO  server.RaftServerConfigKeys (ConfUtils.java:logGet(43)) - raft.server.log.appender.buffer.element-limit = 1 (custom)
2019-07-16 14:28:49,587 INFO  grpc.GrpcConfigKeys$Server (ConfUtils.java:logGet(43)) - raft.grpc.server.leader.outstanding.appends.max = 128 (default)
2019-07-16 14:28:49,587 INFO  server.RaftServerConfigKeys (ConfUtils.java:logGet(43)) - raft.server.rpc.request.timeout = 3000ms (default)
2019-07-16 14:28:49,587 INFO  server.RaftServerConfigKeys (ConfUtils.java:logGet(43)) - raft.server.log.appender.install.snapshot.enabled = false (custom)
2019-07-16 14:28:49,588 INFO  impl.RoleInfo (RoleInfo.java:updateAndGet(143)) - d0ca025d-0fb4-4142-b825-44be0d8caf68: start LeaderState
2019-07-16 14:28:49,588 INFO  segmented.SegmentedRaftLogWorker (SegmentedRaftLogWorker.java:startLogSegment(380)) - d0ca025d-0fb4-4142-b825-44be0d8caf68-SegmentedRaftLogWorker:Storage Directory /workdir/hadoop-ozone/integration-test/target/test-dir/MiniOzoneClusterImpl-0f602919-0210-418c-bc40-44414be8bf8b/datanode-1/data/ratis/934d3b6c-13fc-4318-abaf-b50920e65327: Starting segment from index:0
2019-07-16 14:28:49,589 INFO  impl.RaftServerImpl (ServerState.java:setRaftConf(361)) - d0ca025d-0fb4-4142-b825-44be0d8caf68:group-B50920E65327 set configuration 0: [d0ca025d-0fb4-4142-b825-44be0d8caf68:192.168.157.241:39938, e9fd21c8-f577-469d-b157-45233b1882a0:192.168.157.241:41423, 1dcb67de-7a45-4618-aa8e-97469f1b5306:192.168.157.241:43331], old=null at 0
2019-07-16 14:28:49,614 INFO  impl.RaftServerImpl (ServerState.java:setLeader(263)) - e9fd21c8-f577-469d-b157-45233b1882a0:group-B50920E65327 change Leader from null to d0ca025d-0fb4-4142-b825-44be0d8caf68 at term 1 for appendEntries, leader elected after 5151ms
2019-07-16 14:28:49,614 INFO  impl.RaftServerImpl (ServerState.java:setLeader(263)) - 1dcb67de-7a45-4618-aa8e-97469f1b5306:group-B50920E65327 change Leader from null to d0ca025d-0fb4-4142-b825-44be0d8caf68 at term 1 for appendEntries, leader elected after 5151ms
2019-07-16 14:28:49,619 INFO  impl.RaftServerImpl (ServerState.java:setRaftConf(361)) - 1dcb67de-7a45-4618-aa8e-97469f1b5306:group-B50920E65327 set configuration 0: [d0ca025d-0fb4-4142-b825-44be0d8caf68:192.168.157.241:39938, e9fd21c8-f577-469d-b157-45233b1882a0:192.168.157.241:41423, 1dcb67de-7a45-4618-aa8e-97469f1b5306:192.168.157.241:43331], old=null at 0
2019-07-16 14:28:49,619 INFO  impl.RaftServerImpl (ServerState.java:setRaftConf(361)) - e9fd21c8-f577-469d-b157-45233b1882a0:group-B50920E65327 set configuration 0: [d0ca025d-0fb4-4142-b825-44be0d8caf68:192.168.157.241:39938, e9fd21c8-f577-469d-b157-45233b1882a0:192.168.157.241:41423, 1dcb67de-7a45-4618-aa8e-97469f1b5306:192.168.157.241:43331], old=null at 0
2019-07-16 14:28:49,620 INFO  segmented.SegmentedRaftLogWorker (SegmentedRaftLogWorker.java:startLogSegment(380)) - 1dcb67de-7a45-4618-aa8e-97469f1b5306-SegmentedRaftLogWorker:Storage Directory /workdir/hadoop-ozone/integration-test/target/test-dir/MiniOzoneClusterImpl-0f602919-0210-418c-bc40-44414be8bf8b/datanode-0/data/ratis/934d3b6c-13fc-4318-abaf-b50920e65327: Starting segment from index:0
2019-07-16 14:28:49,620 INFO  segmented.SegmentedRaftLogWorker (SegmentedRaftLogWorker.java:startLogSegment(380)) - e9fd21c8-f577-469d-b157-45233b1882a0-SegmentedRaftLogWorker:Storage Directory /workdir/hadoop-ozone/integration-test/target/test-dir/MiniOzoneClusterImpl-0f602919-0210-418c-bc40-44414be8bf8b/datanode-2/data/ratis/934d3b6c-13fc-4318-abaf-b50920e65327: Starting segment from index:0
2019-07-16 14:28:49,626 INFO  segmented.SegmentedRaftLogWorker (SegmentedRaftLogWorker.java:execute(569)) - d0ca025d-0fb4-4142-b825-44be0d8caf68-SegmentedRaftLogWorker:Storage Directory /workdir/hadoop-ozone/integration-test/target/test-dir/MiniOzoneClusterImpl-0f602919-0210-418c-bc40-44414be8bf8b/datanode-1/data/ratis/934d3b6c-13fc-4318-abaf-b50920e65327: created new log segment /workdir/hadoop-ozone/integration-test/target/test-dir/MiniOzoneClusterImpl-0f602919-0210-418c-bc40-44414be8bf8b/datanode-1/data/ratis/934d3b6c-13fc-4318-abaf-b50920e65327/current/log_inprogress_0
2019-07-16 14:28:49,649 INFO  segmented.SegmentedRaftLogWorker (SegmentedRaftLogWorker.java:execute(569)) - 1dcb67de-7a45-4618-aa8e-97469f1b5306-SegmentedRaftLogWorker:Storage Directory /workdir/hadoop-ozone/integration-test/target/test-dir/MiniOzoneClusterImpl-0f602919-0210-418c-bc40-44414be8bf8b/datanode-0/data/ratis/934d3b6c-13fc-4318-abaf-b50920e65327: created new log segment /workdir/hadoop-ozone/integration-test/target/test-dir/MiniOzoneClusterImpl-0f602919-0210-418c-bc40-44414be8bf8b/datanode-0/data/ratis/934d3b6c-13fc-4318-abaf-b50920e65327/current/log_inprogress_0
2019-07-16 14:28:49,649 INFO  segmented.SegmentedRaftLogWorker (SegmentedRaftLogWorker.java:execute(569)) - e9fd21c8-f577-469d-b157-45233b1882a0-SegmentedRaftLogWorker:Storage Directory /workdir/hadoop-ozone/integration-test/target/test-dir/MiniOzoneClusterImpl-0f602919-0210-418c-bc40-44414be8bf8b/datanode-2/data/ratis/934d3b6c-13fc-4318-abaf-b50920e65327: created new log segment /workdir/hadoop-ozone/integration-test/target/test-dir/MiniOzoneClusterImpl-0f602919-0210-418c-bc40-44414be8bf8b/datanode-2/data/ratis/934d3b6c-13fc-4318-abaf-b50920e65327/current/log_inprogress_0
2019-07-16 14:28:49,805 INFO  impl.FollowerState (FollowerState.java:run(106)) - a116cde0-b8cc-4aed-a2c8-942c7d496824:group-E000B95CBF6C changes to CANDIDATE, lastRpcTime:5072, electionTimeout:5072ms
2019-07-16 14:28:49,806 INFO  impl.RoleInfo (RoleInfo.java:shutdownFollowerState(121)) - a116cde0-b8cc-4aed-a2c8-942c7d496824: shutdown FollowerState
2019-07-16 14:28:49,806 INFO  impl.RaftServerImpl (RaftServerImpl.java:setRole(171)) - a116cde0-b8cc-4aed-a2c8-942c7d496824:group-E000B95CBF6C changes role from FOLLOWER to CANDIDATE at term 0 for changeToCandidate
2019-07-16 14:28:49,806 INFO  impl.RoleInfo (RoleInfo.java:updateAndGet(143)) - a116cde0-b8cc-4aed-a2c8-942c7d496824: start LeaderElection
2019-07-16 14:28:49,826 INFO  impl.LeaderElection (LeaderElection.java:askForVotes(181)) - a116cde0-b8cc-4aed-a2c8-942c7d496824:group-E000B95CBF6C:LeaderElection70: begin an election at term 1 for -1: [a116cde0-b8cc-4aed-a2c8-942c7d496824:192.168.157.241:35534], old=null
2019-07-16 14:28:49,826 INFO  impl.RoleInfo (RoleInfo.java:shutdownLeaderElection(134)) - a116cde0-b8cc-4aed-a2c8-942c7d496824: shutdown LeaderElection
2019-07-16 14:28:49,826 INFO  impl.RaftServerImpl (RaftServerImpl.java:setRole(171)) - a116cde0-b8cc-4aed-a2c8-942c7d496824:group-E000B95CBF6C changes role from CANDIDATE to LEADER at term 1 for changeToLeader
2019-07-16 14:28:49,826 INFO  impl.RaftServerImpl (ServerState.java:setLeader(263)) - a116cde0-b8cc-4aed-a2c8-942c7d496824:group-E000B95CBF6C change Leader from null to a116cde0-b8cc-4aed-a2c8-942c7d496824 at term 1 for becomeLeader, leader elected after 5097ms
2019-07-16 14:28:49,828 INFO  server.RaftServerConfigKeys (ConfUtils.java:logGet(43)) - raft.server.staging.catchup.gap = 1000 (default)
2019-07-16 14:28:49,828 INFO  server.RaftServerConfigKeys (ConfUtils.java:logGet(43)) - raft.server.rpc.sleep.time = 25ms (default)
2019-07-16 14:28:49,828 INFO  server.RaftServerConfigKeys (ConfUtils.java:logGet(43)) - raft.server.write.element-limit = 4096 (default)
2019-07-16 14:28:49,829 INFO  server.RaftServerConfigKeys (ConfUtils.java:logGet(43)) - raft.server.watch.timeout = 10s (default)
2019-07-16 14:28:49,829 INFO  server.RaftServerConfigKeys (ConfUtils.java:logGet(43)) - raft.server.watch.timeout.denomination = 1s (default)
2019-07-16 14:28:49,829 INFO  server.RaftServerConfigKeys (ConfUtils.java:logGet(43)) - raft.server.watch.element-limit = 65536 (default)
2019-07-16 14:28:49,829 INFO  impl.RoleInfo (RoleInfo.java:updateAndGet(143)) - a116cde0-b8cc-4aed-a2c8-942c7d496824: start LeaderState
2019-07-16 14:28:49,829 INFO  segmented.SegmentedRaftLogWorker (SegmentedRaftLogWorker.java:startLogSegment(380)) - a116cde0-b8cc-4aed-a2c8-942c7d496824-SegmentedRaftLogWorker:Storage Directory /workdir/hadoop-ozone/integration-test/target/test-dir/MiniOzoneClusterImpl-0f602919-0210-418c-bc40-44414be8bf8b/datanode-3/data/ratis/1fa5f3dc-1ddf-472c-806b-e000b95cbf6c: Starting segment from index:0
2019-07-16 14:28:49,830 INFO  impl.RaftServerImpl (ServerState.java:setRaftConf(361)) - a116cde0-b8cc-4aed-a2c8-942c7d496824:group-E000B95CBF6C set configuration 0: [a116cde0-b8cc-4aed-a2c8-942c7d496824:192.168.157.241:35534], old=null at 0
2019-07-16 14:28:49,859 INFO  segmented.SegmentedRaftLogWorker (SegmentedRaftLogWorker.java:execute(569)) - a116cde0-b8cc-4aed-a2c8-942c7d496824-SegmentedRaftLogWorker:Storage Directory /workdir/hadoop-ozone/integration-test/target/test-dir/MiniOzoneClusterImpl-0f602919-0210-418c-bc40-44414be8bf8b/datanode-3/data/ratis/1fa5f3dc-1ddf-472c-806b-e000b95cbf6c: created new log segment /workdir/hadoop-ozone/integration-test/target/test-dir/MiniOzoneClusterImpl-0f602919-0210-418c-bc40-44414be8bf8b/datanode-3/data/ratis/1fa5f3dc-1ddf-472c-806b-e000b95cbf6c/current/log_inprogress_0
2019-07-16 14:28:50,031 INFO  impl.FollowerState (FollowerState.java:run(106)) - b13972bc-cfe5-4444-bfc8-64356d4b7092:group-99518CB99B00 changes to CANDIDATE, lastRpcTime:5145, electionTimeout:5145ms
2019-07-16 14:28:50,032 INFO  impl.RoleInfo (RoleInfo.java:shutdownFollowerState(121)) - b13972bc-cfe5-4444-bfc8-64356d4b7092: shutdown FollowerState
2019-07-16 14:28:50,032 INFO  impl.RaftServerImpl (RaftServerImpl.java:setRole(171)) - b13972bc-cfe5-4444-bfc8-64356d4b7092:group-99518CB99B00 changes role from FOLLOWER to CANDIDATE at term 0 for changeToCandidate
2019-07-16 14:28:50,032 INFO  impl.RoleInfo (RoleInfo.java:updateAndGet(143)) - b13972bc-cfe5-4444-bfc8-64356d4b7092: start LeaderElection
2019-07-16 14:28:50,052 INFO  impl.LeaderElection (LeaderElection.java:askForVotes(181)) - b13972bc-cfe5-4444-bfc8-64356d4b7092:group-99518CB99B00:LeaderElection71: begin an election at term 1 for -1: [b13972bc-cfe5-4444-bfc8-64356d4b7092:192.168.157.241:40752], old=null
2019-07-16 14:28:50,052 INFO  impl.RoleInfo (RoleInfo.java:shutdownLeaderElection(134)) - b13972bc-cfe5-4444-bfc8-64356d4b7092: shutdown LeaderElection
2019-07-16 14:28:50,052 INFO  impl.RaftServerImpl (RaftServerImpl.java:setRole(171)) - b13972bc-cfe5-4444-bfc8-64356d4b7092:group-99518CB99B00 changes role from CANDIDATE to LEADER at term 1 for changeToLeader
2019-07-16 14:28:50,053 INFO  impl.RaftServerImpl (ServerState.java:setLeader(263)) - b13972bc-cfe5-4444-bfc8-64356d4b7092:group-99518CB99B00 change Leader from null to b13972bc-cfe5-4444-bfc8-64356d4b7092 at term 1 for becomeLeader, leader elected after 5171ms
2019-07-16 14:28:50,055 INFO  server.RaftServerConfigKeys (ConfUtils.java:logGet(43)) - raft.server.staging.catchup.gap = 1000 (default)
2019-07-16 14:28:50,055 INFO  server.RaftServerConfigKeys (ConfUtils.java:logGet(43)) - raft.server.rpc.sleep.time = 25ms (default)
2019-07-16 14:28:50,055 INFO  server.RaftServerConfigKeys (ConfUtils.java:logGet(43)) - raft.server.write.element-limit = 4096 (default)
2019-07-16 14:28:50,055 INFO  server.RaftServerConfigKeys (ConfUtils.java:logGet(43)) - raft.server.watch.timeout = 10s (default)
2019-07-16 14:28:50,056 INFO  server.RaftServerConfigKeys (ConfUtils.java:logGet(43)) - raft.server.watch.timeout.denomination = 1s (default)
2019-07-16 14:28:50,056 INFO  server.RaftServerConfigKeys (ConfUtils.java:logGet(43)) - raft.server.watch.element-limit = 65536 (default)
2019-07-16 14:28:50,056 INFO  impl.RoleInfo (RoleInfo.java:updateAndGet(143)) - b13972bc-cfe5-4444-bfc8-64356d4b7092: start LeaderState
2019-07-16 14:28:50,056 INFO  segmented.SegmentedRaftLogWorker (SegmentedRaftLogWorker.java:startLogSegment(380)) - b13972bc-cfe5-4444-bfc8-64356d4b7092-SegmentedRaftLogWorker:Storage Directory /workdir/hadoop-ozone/integration-test/target/test-dir/MiniOzoneClusterImpl-0f602919-0210-418c-bc40-44414be8bf8b/datanode-4/data/ratis/904f133c-8bee-492c-8dde-99518cb99b00: Starting segment from index:0
2019-07-16 14:28:50,057 INFO  impl.RaftServerImpl (ServerState.java:setRaftConf(361)) - b13972bc-cfe5-4444-bfc8-64356d4b7092:group-99518CB99B00 set configuration 0: [b13972bc-cfe5-4444-bfc8-64356d4b7092:192.168.157.241:40752], old=null at 0
2019-07-16 14:28:50,090 INFO  segmented.SegmentedRaftLogWorker (SegmentedRaftLogWorker.java:execute(569)) - b13972bc-cfe5-4444-bfc8-64356d4b7092-SegmentedRaftLogWorker:Storage Directory /workdir/hadoop-ozone/integration-test/target/test-dir/MiniOzoneClusterImpl-0f602919-0210-418c-bc40-44414be8bf8b/datanode-4/data/ratis/904f133c-8bee-492c-8dde-99518cb99b00: created new log segment /workdir/hadoop-ozone/integration-test/target/test-dir/MiniOzoneClusterImpl-0f602919-0210-418c-bc40-44414be8bf8b/datanode-4/data/ratis/904f133c-8bee-492c-8dde-99518cb99b00/current/log_inprogress_0
2019-07-16 14:28:50,104 INFO  impl.FollowerState (FollowerState.java:run(106)) - 2ad005df-7356-43ac-8be0-94a315a19afd:group-C9868FB631B4 changes to CANDIDATE, lastRpcTime:5007, electionTimeout:5007ms
2019-07-16 14:28:50,104 INFO  impl.RoleInfo (RoleInfo.java:shutdownFollowerState(121)) - 2ad005df-7356-43ac-8be0-94a315a19afd: shutdown FollowerState
2019-07-16 14:28:50,105 INFO  impl.RaftServerImpl (RaftServerImpl.java:setRole(171)) - 2ad005df-7356-43ac-8be0-94a315a19afd:group-C9868FB631B4 changes role from FOLLOWER to CANDIDATE at term 0 for changeToCandidate
2019-07-16 14:28:50,105 INFO  impl.RoleInfo (RoleInfo.java:updateAndGet(143)) - 2ad005df-7356-43ac-8be0-94a315a19afd: start LeaderElection
2019-07-16 14:28:50,113 INFO  impl.FollowerState (FollowerState.java:run(106)) - 2ad005df-7356-43ac-8be0-94a315a19afd:group-99682128918E changes to CANDIDATE, lastRpcTime:5074, electionTimeout:5074ms
2019-07-16 14:28:50,113 INFO  impl.RoleInfo (RoleInfo.java:shutdownFollowerState(121)) - 2ad005df-7356-43ac-8be0-94a315a19afd: shutdown FollowerState
2019-07-16 14:28:50,113 INFO  impl.RaftServerImpl (RaftServerImpl.java:setRole(171)) - 2ad005df-7356-43ac-8be0-94a315a19afd:group-99682128918E changes role from FOLLOWER to CANDIDATE at term 0 for changeToCandidate
2019-07-16 14:28:50,113 INFO  impl.RoleInfo (RoleInfo.java:updateAndGet(143)) - 2ad005df-7356-43ac-8be0-94a315a19afd: start LeaderElection
2019-07-16 14:28:50,124 INFO  impl.LeaderElection (LeaderElection.java:askForVotes(181)) - 2ad005df-7356-43ac-8be0-94a315a19afd:group-99682128918E:LeaderElection73: begin an election at term 1 for -1: [2ad005df-7356-43ac-8be0-94a315a19afd:192.168.157.241:46833], old=null
2019-07-16 14:28:50,124 INFO  impl.LeaderElection (LeaderElection.java:askForVotes(181)) - 2ad005df-7356-43ac-8be0-94a315a19afd:group-C9868FB631B4:LeaderElection72: begin an election at term 1 for -1: [b13972bc-cfe5-4444-bfc8-64356d4b7092:192.168.157.241:40752, a116cde0-b8cc-4aed-a2c8-942c7d496824:192.168.157.241:35534, 2ad005df-7356-43ac-8be0-94a315a19afd:192.168.157.241:46833], old=null
2019-07-16 14:28:50,124 INFO  impl.RoleInfo (RoleInfo.java:shutdownLeaderElection(134)) - 2ad005df-7356-43ac-8be0-94a315a19afd: shutdown LeaderElection
2019-07-16 14:28:50,124 INFO  impl.RaftServerImpl (RaftServerImpl.java:setRole(171)) - 2ad005df-7356-43ac-8be0-94a315a19afd:group-99682128918E changes role from CANDIDATE to LEADER at term 1 for changeToLeader
2019-07-16 14:28:50,124 INFO  impl.RaftServerImpl (ServerState.java:setLeader(263)) - 2ad005df-7356-43ac-8be0-94a315a19afd:group-99682128918E change Leader from null to 2ad005df-7356-43ac-8be0-94a315a19afd at term 1 for becomeLeader, leader elected after 5090ms
2019-07-16 14:28:50,127 INFO  server.RaftServerConfigKeys (ConfUtils.java:logGet(43)) - raft.server.staging.catchup.gap = 1000 (default)
2019-07-16 14:28:50,127 INFO  server.RaftServerConfigKeys (ConfUtils.java:logGet(43)) - raft.server.rpc.sleep.time = 25ms (default)
2019-07-16 14:28:50,127 INFO  server.RaftServerConfigKeys (ConfUtils.java:logGet(43)) - raft.server.write.element-limit = 4096 (default)
2019-07-16 14:28:50,127 INFO  server.RaftServerConfigKeys (ConfUtils.java:logGet(43)) - raft.server.watch.timeout = 10s (default)
2019-07-16 14:28:50,127 INFO  server.RaftServerConfigKeys (ConfUtils.java:logGet(43)) - raft.server.watch.timeout.denomination = 1s (default)
2019-07-16 14:28:50,128 INFO  server.RaftServerConfigKeys (ConfUtils.java:logGet(43)) - raft.server.watch.element-limit = 65536 (default)
2019-07-16 14:28:50,128 INFO  impl.RoleInfo (RoleInfo.java:updateAndGet(143)) - 2ad005df-7356-43ac-8be0-94a315a19afd: start LeaderState
2019-07-16 14:28:50,128 INFO  segmented.SegmentedRaftLogWorker (SegmentedRaftLogWorker.java:startLogSegment(380)) - 2ad005df-7356-43ac-8be0-94a315a19afd-SegmentedRaftLogWorker:Storage Directory /workdir/hadoop-ozone/integration-test/target/test-dir/MiniOzoneClusterImpl-0f602919-0210-418c-bc40-44414be8bf8b/datanode-5/data/ratis/dafdcb3c-c669-4a47-b502-99682128918e: Starting segment from index:0
2019-07-16 14:28:50,128 INFO  impl.RaftServerImpl (ServerState.java:setRaftConf(361)) - 2ad005df-7356-43ac-8be0-94a315a19afd:group-99682128918E set configuration 0: [2ad005df-7356-43ac-8be0-94a315a19afd:192.168.157.241:46833], old=null at 0
2019-07-16 14:28:50,153 INFO  impl.RaftServerImpl (RaftServerImpl.java:setRole(171)) - a116cde0-b8cc-4aed-a2c8-942c7d496824:group-C9868FB631B4 changes role from FOLLOWER to FOLLOWER at term 1 for recognizeCandidate:2ad005df-7356-43ac-8be0-94a315a19afd
2019-07-16 14:28:50,153 INFO  impl.RaftServerImpl (RaftServerImpl.java:setRole(171)) - b13972bc-cfe5-4444-bfc8-64356d4b7092:group-C9868FB631B4 changes role from FOLLOWER to FOLLOWER at term 1 for recognizeCandidate:2ad005df-7356-43ac-8be0-94a315a19afd
2019-07-16 14:28:50,153 INFO  impl.RoleInfo (RoleInfo.java:shutdownFollowerState(121)) - a116cde0-b8cc-4aed-a2c8-942c7d496824: shutdown FollowerState
2019-07-16 14:28:50,153 INFO  impl.RoleInfo (RoleInfo.java:shutdownFollowerState(121)) - b13972bc-cfe5-4444-bfc8-64356d4b7092: shutdown FollowerState
2019-07-16 14:28:50,154 INFO  impl.RoleInfo (RoleInfo.java:updateAndGet(143)) - a116cde0-b8cc-4aed-a2c8-942c7d496824: start FollowerState
2019-07-16 14:28:50,154 INFO  impl.FollowerState (FollowerState.java:run(114)) - b13972bc-cfe5-4444-bfc8-64356d4b7092: FollowerState was interrupted: java.lang.InterruptedException: sleep interrupted
2019-07-16 14:28:50,154 INFO  impl.FollowerState (FollowerState.java:run(114)) - a116cde0-b8cc-4aed-a2c8-942c7d496824: FollowerState was interrupted: java.lang.InterruptedException: sleep interrupted
2019-07-16 14:28:50,154 INFO  impl.RoleInfo (RoleInfo.java:updateAndGet(143)) - b13972bc-cfe5-4444-bfc8-64356d4b7092: start FollowerState
2019-07-16 14:28:50,161 INFO  segmented.SegmentedRaftLogWorker (SegmentedRaftLogWorker.java:execute(569)) - 2ad005df-7356-43ac-8be0-94a315a19afd-SegmentedRaftLogWorker:Storage Directory /workdir/hadoop-ozone/integration-test/target/test-dir/MiniOzoneClusterImpl-0f602919-0210-418c-bc40-44414be8bf8b/datanode-5/data/ratis/dafdcb3c-c669-4a47-b502-99682128918e: created new log segment /workdir/hadoop-ozone/integration-test/target/test-dir/MiniOzoneClusterImpl-0f602919-0210-418c-bc40-44414be8bf8b/datanode-5/data/ratis/dafdcb3c-c669-4a47-b502-99682128918e/current/log_inprogress_0
2019-07-16 14:28:50,167 INFO  impl.LeaderElection (LeaderElection.java:logAndReturn(56)) - 2ad005df-7356-43ac-8be0-94a315a19afd:group-C9868FB631B4:LeaderElection72: Election PASSED; received 1 response(s) [2ad005df-7356-43ac-8be0-94a315a19afd<-a116cde0-b8cc-4aed-a2c8-942c7d496824#0:OK-t1] and 0 exception(s); 2ad005df-7356-43ac-8be0-94a315a19afd:t1, leader=null, voted=2ad005df-7356-43ac-8be0-94a315a19afd, raftlog=2ad005df-7356-43ac-8be0-94a315a19afd-SegmentedRaftLog:OPENED:c-1,f-1,i0, conf=-1: [b13972bc-cfe5-4444-bfc8-64356d4b7092:192.168.157.241:40752, a116cde0-b8cc-4aed-a2c8-942c7d496824:192.168.157.241:35534, 2ad005df-7356-43ac-8be0-94a315a19afd:192.168.157.241:46833], old=null
2019-07-16 14:28:50,167 INFO  impl.RoleInfo (RoleInfo.java:shutdownLeaderElection(134)) - 2ad005df-7356-43ac-8be0-94a315a19afd: shutdown LeaderElection
2019-07-16 14:28:50,167 INFO  impl.RaftServerImpl (RaftServerImpl.java:setRole(171)) - 2ad005df-7356-43ac-8be0-94a315a19afd:group-C9868FB631B4 changes role from CANDIDATE to LEADER at term 1 for changeToLeader
2019-07-16 14:28:50,170 INFO  impl.RaftServerImpl (ServerState.java:setLeader(263)) - 2ad005df-7356-43ac-8be0-94a315a19afd:group-C9868FB631B4 change Leader from null to 2ad005df-7356-43ac-8be0-94a315a19afd at term 1 for becomeLeader, leader elected after 5088ms
2019-07-16 14:28:50,170 INFO  server.RaftServerConfigKeys (ConfUtils.java:logGet(43)) - raft.server.staging.catchup.gap = 1000 (default)
2019-07-16 14:28:50,170 INFO  server.RaftServerConfigKeys (ConfUtils.java:logGet(43)) - raft.server.rpc.sleep.time = 25ms (default)
2019-07-16 14:28:50,170 INFO  server.RaftServerConfigKeys (ConfUtils.java:logGet(43)) - raft.server.write.element-limit = 4096 (default)
2019-07-16 14:28:50,170 INFO  server.RaftServerConfigKeys (ConfUtils.java:logGet(43)) - raft.server.watch.timeout = 10s (default)
2019-07-16 14:28:50,170 INFO  server.RaftServerConfigKeys (ConfUtils.java:logGet(43)) - raft.server.watch.timeout.denomination = 1s (default)
2019-07-16 14:28:50,171 INFO  server.RaftServerConfigKeys (ConfUtils.java:logGet(43)) - raft.server.watch.element-limit = 65536 (default)
2019-07-16 14:28:50,171 INFO  server.RaftServerConfigKeys (ConfUtils.java:logGet(43)) - raft.server.log.appender.snapshot.chunk.size.max = 16MB (=16777216) (default)
2019-07-16 14:28:50,171 INFO  server.RaftServerConfigKeys (ConfUtils.java:logGet(43)) - raft.server.log.appender.buffer.byte-limit = 33554432 (custom)
2019-07-16 14:28:50,171 INFO  server.RaftServerConfigKeys (ConfUtils.java:logGet(43)) - raft.server.log.appender.buffer.element-limit = 1 (custom)
2019-07-16 14:28:50,171 INFO  grpc.GrpcConfigKeys$Server (ConfUtils.java:logGet(43)) - raft.grpc.server.leader.outstanding.appends.max = 128 (default)
2019-07-16 14:28:50,172 INFO  server.RaftServerConfigKeys (ConfUtils.java:logGet(43)) - raft.server.rpc.request.timeout = 3000ms (default)
2019-07-16 14:28:50,172 INFO  server.RaftServerConfigKeys (ConfUtils.java:logGet(43)) - raft.server.log.appender.install.snapshot.enabled = false (custom)
2019-07-16 14:28:50,172 INFO  server.RaftServerConfigKeys (ConfUtils.java:logGet(43)) - raft.server.log.appender.snapshot.chunk.size.max = 16MB (=16777216) (default)
2019-07-16 14:28:50,172 INFO  server.RaftServerConfigKeys (ConfUtils.java:logGet(43)) - raft.server.log.appender.buffer.byte-limit = 33554432 (custom)
2019-07-16 14:28:50,172 INFO  server.RaftServerConfigKeys (ConfUtils.java:logGet(43)) - raft.server.log.appender.buffer.element-limit = 1 (custom)
2019-07-16 14:28:50,173 INFO  grpc.GrpcConfigKeys$Server (ConfUtils.java:logGet(43)) - raft.grpc.server.leader.outstanding.appends.max = 128 (default)
2019-07-16 14:28:50,173 INFO  server.RaftServerConfigKeys (ConfUtils.java:logGet(43)) - raft.server.rpc.request.timeout = 3000ms (default)
2019-07-16 14:28:50,173 INFO  server.RaftServerConfigKeys (ConfUtils.java:logGet(43)) - raft.server.log.appender.install.snapshot.enabled = false (custom)
2019-07-16 14:28:50,173 INFO  impl.RoleInfo (RoleInfo.java:updateAndGet(143)) - 2ad005df-7356-43ac-8be0-94a315a19afd: start LeaderState
2019-07-16 14:28:50,173 INFO  segmented.SegmentedRaftLogWorker (SegmentedRaftLogWorker.java:startLogSegment(380)) - 2ad005df-7356-43ac-8be0-94a315a19afd-SegmentedRaftLogWorker:Storage Directory /workdir/hadoop-ozone/integration-test/target/test-dir/MiniOzoneClusterImpl-0f602919-0210-418c-bc40-44414be8bf8b/datanode-5/data/ratis/5443d668-b586-40b1-8a8f-c9868fb631b4: Starting segment from index:0
2019-07-16 14:28:50,174 INFO  impl.RaftServerImpl (ServerState.java:setRaftConf(361)) - 2ad005df-7356-43ac-8be0-94a315a19afd:group-C9868FB631B4 set configuration 0: [b13972bc-cfe5-4444-bfc8-64356d4b7092:192.168.157.241:40752, a116cde0-b8cc-4aed-a2c8-942c7d496824:192.168.157.241:35534, 2ad005df-7356-43ac-8be0-94a315a19afd:192.168.157.241:46833], old=null at 0
2019-07-16 14:28:50,199 INFO  impl.RaftServerImpl (ServerState.java:setLeader(263)) - a116cde0-b8cc-4aed-a2c8-942c7d496824:group-C9868FB631B4 change Leader from null to 2ad005df-7356-43ac-8be0-94a315a19afd at term 1 for appendEntries, leader elected after 5116ms
2019-07-16 14:28:50,201 INFO  impl.RaftServerImpl (ServerState.java:setLeader(263)) - b13972bc-cfe5-4444-bfc8-64356d4b7092:group-C9868FB631B4 change Leader from null to 2ad005df-7356-43ac-8be0-94a315a19afd at term 1 for appendEntries, leader elected after 5119ms
2019-07-16 14:28:50,203 INFO  impl.RaftServerImpl (ServerState.java:setRaftConf(361)) - a116cde0-b8cc-4aed-a2c8-942c7d496824:group-C9868FB631B4 set configuration 0: [b13972bc-cfe5-4444-bfc8-64356d4b7092:192.168.157.241:40752, a116cde0-b8cc-4aed-a2c8-942c7d496824:192.168.157.241:35534, 2ad005df-7356-43ac-8be0-94a315a19afd:192.168.157.241:46833], old=null at 0
2019-07-16 14:28:50,203 INFO  segmented.SegmentedRaftLogWorker (SegmentedRaftLogWorker.java:startLogSegment(380)) - a116cde0-b8cc-4aed-a2c8-942c7d496824-SegmentedRaftLogWorker:Storage Directory /workdir/hadoop-ozone/integration-test/target/test-dir/MiniOzoneClusterImpl-0f602919-0210-418c-bc40-44414be8bf8b/datanode-3/data/ratis/5443d668-b586-40b1-8a8f-c9868fb631b4: Starting segment from index:0
2019-07-16 14:28:50,203 INFO  impl.RaftServerImpl (ServerState.java:setRaftConf(361)) - b13972bc-cfe5-4444-bfc8-64356d4b7092:group-C9868FB631B4 set configuration 0: [b13972bc-cfe5-4444-bfc8-64356d4b7092:192.168.157.241:40752, a116cde0-b8cc-4aed-a2c8-942c7d496824:192.168.157.241:35534, 2ad005df-7356-43ac-8be0-94a315a19afd:192.168.157.241:46833], old=null at 0
2019-07-16 14:28:50,204 INFO  segmented.SegmentedRaftLogWorker (SegmentedRaftLogWorker.java:startLogSegment(380)) - b13972bc-cfe5-4444-bfc8-64356d4b7092-SegmentedRaftLogWorker:Storage Directory /workdir/hadoop-ozone/integration-test/target/test-dir/MiniOzoneClusterImpl-0f602919-0210-418c-bc40-44414be8bf8b/datanode-4/data/ratis/5443d668-b586-40b1-8a8f-c9868fb631b4: Starting segment from index:0
2019-07-16 14:28:50,208 INFO  segmented.SegmentedRaftLogWorker (SegmentedRaftLogWorker.java:execute(569)) - 2ad005df-7356-43ac-8be0-94a315a19afd-SegmentedRaftLogWorker:Storage Directory /workdir/hadoop-ozone/integration-test/target/test-dir/MiniOzoneClusterImpl-0f602919-0210-418c-bc40-44414be8bf8b/datanode-5/data/ratis/5443d668-b586-40b1-8a8f-c9868fb631b4: created new log segment /workdir/hadoop-ozone/integration-test/target/test-dir/MiniOzoneClusterImpl-0f602919-0210-418c-bc40-44414be8bf8b/datanode-5/data/ratis/5443d668-b586-40b1-8a8f-c9868fb631b4/current/log_inprogress_0
2019-07-16 14:28:50,234 INFO  segmented.SegmentedRaftLogWorker (SegmentedRaftLogWorker.java:execute(569)) - b13972bc-cfe5-4444-bfc8-64356d4b7092-SegmentedRaftLogWorker:Storage Directory /workdir/hadoop-ozone/integration-test/target/test-dir/MiniOzoneClusterImpl-0f602919-0210-418c-bc40-44414be8bf8b/datanode-4/data/ratis/5443d668-b586-40b1-8a8f-c9868fb631b4: created new log segment /workdir/hadoop-ozone/integration-test/target/test-dir/MiniOzoneClusterImpl-0f602919-0210-418c-bc40-44414be8bf8b/datanode-4/data/ratis/5443d668-b586-40b1-8a8f-c9868fb631b4/current/log_inprogress_0
2019-07-16 14:28:50,234 INFO  segmented.SegmentedRaftLogWorker (SegmentedRaftLogWorker.java:execute(569)) - a116cde0-b8cc-4aed-a2c8-942c7d496824-SegmentedRaftLogWorker:Storage Directory /workdir/hadoop-ozone/integration-test/target/test-dir/MiniOzoneClusterImpl-0f602919-0210-418c-bc40-44414be8bf8b/datanode-3/data/ratis/5443d668-b586-40b1-8a8f-c9868fb631b4: created new log segment /workdir/hadoop-ozone/integration-test/target/test-dir/MiniOzoneClusterImpl-0f602919-0210-418c-bc40-44414be8bf8b/datanode-3/data/ratis/5443d668-b586-40b1-8a8f-c9868fb631b4/current/log_inprogress_0
2019-07-16 14:28:50,370 INFO  client.GrpcClientProtocolClient (GrpcClientProtocolClient.java:onNext(255)) - client-5DB7AA41B805->1dcb67de-7a45-4618-aa8e-97469f1b5306: receive RaftClientReply:client-5DB7AA41B805->1dcb67de-7a45-4618-aa8e-97469f1b5306@group-B50920E65327, cid=183, FAILED org.apache.ratis.protocol.NotLeaderException: Server 1dcb67de-7a45-4618-aa8e-97469f1b5306 is not the leader (d0ca025d-0fb4-4142-b825-44be0d8caf68:192.168.157.241:39938). Request must be sent to leader., logIndex=0, commits[1dcb67de-7a45-4618-aa8e-97469f1b5306:c-1, d0ca025d-0fb4-4142-b825-44be0d8caf68:c-1, e9fd21c8-f577-469d-b157-45233b1882a0:c-1]
2019-07-16 14:28:50,427 INFO  impl.FollowerState (FollowerState.java:run(106)) - 2d354733-a052-45b2-b966-a6227200d8c2:group-AC9873638434 changes to CANDIDATE, lastRpcTime:5184, electionTimeout:5184ms
2019-07-16 14:28:50,427 INFO  impl.RoleInfo (RoleInfo.java:shutdownFollowerState(121)) - 2d354733-a052-45b2-b966-a6227200d8c2: shutdown FollowerState
2019-07-16 14:28:50,428 INFO  impl.RaftServerImpl (RaftServerImpl.java:setRole(171)) - 2d354733-a052-45b2-b966-a6227200d8c2:group-AC9873638434 changes role from FOLLOWER to CANDIDATE at term 0 for changeToCandidate
2019-07-16 14:28:50,428 INFO  impl.RoleInfo (RoleInfo.java:updateAndGet(143)) - 2d354733-a052-45b2-b966-a6227200d8c2: start LeaderElection
2019-07-16 14:28:50,446 INFO  impl.LeaderElection (LeaderElection.java:askForVotes(181)) - 2d354733-a052-45b2-b966-a6227200d8c2:group-AC9873638434:LeaderElection74: begin an election at term 1 for -1: [2d354733-a052-45b2-b966-a6227200d8c2:192.168.157.241:43241], old=null
2019-07-16 14:28:50,446 INFO  impl.RoleInfo (RoleInfo.java:shutdownLeaderElection(134)) - 2d354733-a052-45b2-b966-a6227200d8c2: shutdown LeaderElection
2019-07-16 14:28:50,446 INFO  impl.RaftServerImpl (RaftServerImpl.java:setRole(171)) - 2d354733-a052-45b2-b966-a6227200d8c2:group-AC9873638434 changes role from CANDIDATE to LEADER at term 1 for changeToLeader
2019-07-16 14:28:50,446 INFO  impl.RaftServerImpl (ServerState.java:setLeader(263)) - 2d354733-a052-45b2-b966-a6227200d8c2:group-AC9873638434 change Leader from null to 2d354733-a052-45b2-b966-a6227200d8c2 at term 1 for becomeLeader, leader elected after 5208ms
2019-07-16 14:28:50,449 INFO  server.RaftServerConfigKeys (ConfUtils.java:logGet(43)) - raft.server.staging.catchup.gap = 1000 (default)
2019-07-16 14:28:50,449 INFO  server.RaftServerConfigKeys (ConfUtils.java:logGet(43)) - raft.server.rpc.sleep.time = 25ms (default)
2019-07-16 14:28:50,449 INFO  server.RaftServerConfigKeys (ConfUtils.java:logGet(43)) - raft.server.write.element-limit = 4096 (default)
2019-07-16 14:28:50,449 INFO  server.RaftServerConfigKeys (ConfUtils.java:logGet(43)) - raft.server.watch.timeout = 10s (default)
2019-07-16 14:28:50,449 INFO  server.RaftServerConfigKeys (ConfUtils.java:logGet(43)) - raft.server.watch.timeout.denomination = 1s (default)
2019-07-16 14:28:50,449 INFO  server.RaftServerConfigKeys (ConfUtils.java:logGet(43)) - raft.server.watch.element-limit = 65536 (default)
2019-07-16 14:28:50,450 INFO  impl.RoleInfo (RoleInfo.java:updateAndGet(143)) - 2d354733-a052-45b2-b966-a6227200d8c2: start LeaderState
2019-07-16 14:28:50,450 INFO  segmented.SegmentedRaftLogWorker (SegmentedRaftLogWorker.java:startLogSegment(380)) - 2d354733-a052-45b2-b966-a6227200d8c2-SegmentedRaftLogWorker:Storage Directory /workdir/hadoop-ozone/integration-test/target/test-dir/MiniOzoneClusterImpl-0f602919-0210-418c-bc40-44414be8bf8b/datanode-6/data/ratis/11dcc11c-4bf6-47d0-80f6-ac9873638434: Starting segment from index:0
2019-07-16 14:28:50,450 INFO  impl.RaftServerImpl (ServerState.java:setRaftConf(361)) - 2d354733-a052-45b2-b966-a6227200d8c2:group-AC9873638434 set configuration 0: [2d354733-a052-45b2-b966-a6227200d8c2:192.168.157.241:43241], old=null at 0
2019-07-16 14:28:50,483 INFO  segmented.SegmentedRaftLogWorker (SegmentedRaftLogWorker.java:execute(569)) - 2d354733-a052-45b2-b966-a6227200d8c2-SegmentedRaftLogWorker:Storage Directory /workdir/hadoop-ozone/integration-test/target/test-dir/MiniOzoneClusterImpl-0f602919-0210-418c-bc40-44414be8bf8b/datanode-6/data/ratis/11dcc11c-4bf6-47d0-80f6-ac9873638434: created new log segment /workdir/hadoop-ozone/integration-test/target/test-dir/MiniOzoneClusterImpl-0f602919-0210-418c-bc40-44414be8bf8b/datanode-6/data/ratis/11dcc11c-4bf6-47d0-80f6-ac9873638434/current/log_inprogress_0
2019-07-16 14:28:50,515 INFO  client.GrpcClientProtocolClient (GrpcClientProtocolClient.java:onNext(255)) - client-5DB7AA41B805->d0ca025d-0fb4-4142-b825-44be0d8caf68: receive RaftClientReply:client-5DB7AA41B805->d0ca025d-0fb4-4142-b825-44be0d8caf68@group-B50920E65327, cid=183, SUCCESS, logIndex=1, commits[d0ca025d-0fb4-4142-b825-44be0d8caf68:c1, e9fd21c8-f577-469d-b157-45233b1882a0:c0, 1dcb67de-7a45-4618-aa8e-97469f1b5306:c0]
2019-07-16 14:28:50,540 INFO  client.GrpcClientProtocolClient (GrpcClientProtocolClient.java:onNext(255)) - client-5DB7AA41B805->d0ca025d-0fb4-4142-b825-44be0d8caf68: receive RaftClientReply:client-5DB7AA41B805->d0ca025d-0fb4-4142-b825-44be0d8caf68@group-B50920E65327, cid=184, SUCCESS, logIndex=3, commits[d0ca025d-0fb4-4142-b825-44be0d8caf68:c4, e9fd21c8-f577-469d-b157-45233b1882a0:c1, 1dcb67de-7a45-4618-aa8e-97469f1b5306:c1]
2019-07-16 14:28:50,568 INFO  client.GrpcClientProtocolClient (GrpcClientProtocolClient.java:onNext(255)) - client-5DB7AA41B805->d0ca025d-0fb4-4142-b825-44be0d8caf68: receive RaftClientReply:client-5DB7AA41B805->d0ca025d-0fb4-4142-b825-44be0d8caf68@group-B50920E65327, cid=185, SUCCESS, logIndex=4, commits[d0ca025d-0fb4-4142-b825-44be0d8caf68:c12, e9fd21c8-f577-469d-b157-45233b1882a0:c7, 1dcb67de-7a45-4618-aa8e-97469f1b5306:c7]
2019-07-16 14:28:50,569 INFO  client.GrpcClientProtocolClient (GrpcClientProtocolClient.java:onNext(255)) - client-5DB7AA41B805->d0ca025d-0fb4-4142-b825-44be0d8caf68: receive RaftClientReply:client-5DB7AA41B805->d0ca025d-0fb4-4142-b825-44be0d8caf68@group-B50920E65327, cid=186, SUCCESS, logIndex=5, commits[d0ca025d-0fb4-4142-b825-44be0d8caf68:c12, e9fd21c8-f577-469d-b157-45233b1882a0:c7, 1dcb67de-7a45-4618-aa8e-97469f1b5306:c7]
2019-07-16 14:28:50,569 INFO  client.GrpcClientProtocolClient (GrpcClientProtocolClient.java:onNext(255)) - client-5DB7AA41B805->d0ca025d-0fb4-4142-b825-44be0d8caf68: receive RaftClientReply:client-5DB7AA41B805->d0ca025d-0fb4-4142-b825-44be0d8caf68@group-B50920E65327, cid=187, SUCCESS, logIndex=6, commits[d0ca025d-0fb4-4142-b825-44be0d8caf68:c12, e9fd21c8-f577-469d-b157-45233b1882a0:c7, 1dcb67de-7a45-4618-aa8e-97469f1b5306:c7]
2019-07-16 14:28:50,654 INFO  client.GrpcClientProtocolClient (GrpcClientProtocolClient.java:onNext(255)) - client-5DB7AA41B805->d0ca025d-0fb4-4142-b825-44be0d8caf68: receive RaftClientReply:client-5DB7AA41B805->d0ca025d-0fb4-4142-b825-44be0d8caf68@group-B50920E65327, cid=188, SUCCESS, logIndex=7, commits[d0ca025d-0fb4-4142-b825-44be0d8caf68:c12, e9fd21c8-f577-469d-b157-45233b1882a0:c7, 1dcb67de-7a45-4618-aa8e-97469f1b5306:c7]
2019-07-16 14:28:50,674 INFO  client.GrpcClientProtocolClient (GrpcClientProtocolClient.java:onNext(255)) - client-5DB7AA41B805->d0ca025d-0fb4-4142-b825-44be0d8caf68: receive RaftClientReply:client-5DB7AA41B805->d0ca025d-0fb4-4142-b825-44be0d8caf68@group-B50920E65327, cid=189, SUCCESS, logIndex=13, commits[d0ca025d-0fb4-4142-b825-44be0d8caf68:c14, e9fd21c8-f577-469d-b157-45233b1882a0:c12, 1dcb67de-7a45-4618-aa8e-97469f1b5306:c12]
2019-07-16 14:28:50,675 INFO  client.GrpcClientProtocolClient (GrpcClientProtocolClient.java:onNext(255)) - client-5DB7AA41B805->d0ca025d-0fb4-4142-b825-44be0d8caf68: receive RaftClientReply:client-5DB7AA41B805->d0ca025d-0fb4-4142-b825-44be0d8caf68@group-B50920E65327, cid=190, SUCCESS, logIndex=14, commits[d0ca025d-0fb4-4142-b825-44be0d8caf68:c14, e9fd21c8-f577-469d-b157-45233b1882a0:c12, 1dcb67de-7a45-4618-aa8e-97469f1b5306:c12]
2019-07-16 14:28:50,690 INFO  client.GrpcClientProtocolClient (GrpcClientProtocolClient.java:onNext(255)) - client-5DB7AA41B805->d0ca025d-0fb4-4142-b825-44be0d8caf68: receive RaftClientReply:client-5DB7AA41B805->d0ca025d-0fb4-4142-b825-44be0d8caf68@group-B50920E65327, cid=191, SUCCESS, logIndex=0, commits[d0ca025d-0fb4-4142-b825-44be0d8caf68:c16, e9fd21c8-f577-469d-b157-45233b1882a0:c14, 1dcb67de-7a45-4618-aa8e-97469f1b5306:c14]
2019-07-16 14:28:50,690 INFO  datanode.ObjectStoreHandler (ObjectStoreHandler.java:close(155)) - Closing ObjectStoreHandler.
2019-07-16 14:28:50,691 INFO  ozone.HddsDatanodeService (HddsDatanodeService.java:stop(452)) - Stopped plug-in org.apache.hadoop.ozone.web.OzoneHddsDatanodeService@62b8dd6a
2019-07-16 14:28:51,501 INFO  statemachine.DatanodeStateMachine (DatanodeStateMachine.java:lambda$startDaemon$0(350)) - Ozone container server started.
2019-07-16 14:28:55,603 INFO  node.StaleNodeHandler (StaleNodeHandler.java:onMessage(58)) - Datanode e9fd21c8-f577-469d-b157-45233b1882a0{ip: 192.168.157.241, host: trunk-nightly-gllmw-2332419065, networkLocation: /default-rack, certSerialId: null} moved to stale state. Finalizing its pipelines [PipelineID=10d754e8-9f07-4793-9f3b-ce4ce663f0ad, PipelineID=934d3b6c-13fc-4318-abaf-b50920e65327]
2019-07-16 14:28:55,603 INFO  pipeline.SCMPipelineManager (SCMPipelineManager.java:finalizeAndDestroyPipeline(309)) - destroying pipeline:Pipeline[ Id: 10d754e8-9f07-4793-9f3b-ce4ce663f0ad, Nodes: e9fd21c8-f577-469d-b157-45233b1882a0{ip: 192.168.157.241, host: trunk-nightly-gllmw-2332419065, networkLocation: /default-rack, certSerialId: null}, Type:RATIS, Factor:ONE, State:OPEN]
2019-07-16 14:28:55,604 INFO  pipeline.PipelineStateManager (PipelineStateManager.java:finalizePipeline(123)) - Pipeline Pipeline[ Id: 10d754e8-9f07-4793-9f3b-ce4ce663f0ad, Nodes: e9fd21c8-f577-469d-b157-45233b1882a0{ip: 192.168.157.241, host: trunk-nightly-gllmw-2332419065, networkLocation: /default-rack, certSerialId: null}, Type:RATIS, Factor:ONE, State:CLOSED] moved to CLOSED state
2019-07-16 14:28:55,604 INFO  pipeline.SCMPipelineManager (SCMPipelineManager.java:finalizeAndDestroyPipeline(309)) - destroying pipeline:Pipeline[ Id: 934d3b6c-13fc-4318-abaf-b50920e65327, Nodes: e9fd21c8-f577-469d-b157-45233b1882a0{ip: 192.168.157.241, host: trunk-nightly-gllmw-2332419065, networkLocation: /default-rack, certSerialId: null}1dcb67de-7a45-4618-aa8e-97469f1b5306{ip: 192.168.157.241, host: trunk-nightly-gllmw-2332419065, networkLocation: /default-rack, certSerialId: null}d0ca025d-0fb4-4142-b825-44be0d8caf68{ip: 192.168.157.241, host: trunk-nightly-gllmw-2332419065, networkLocation: /default-rack, certSerialId: null}, Type:RATIS, Factor:THREE, State:OPEN]
2019-07-16 14:28:55,604 INFO  pipeline.PipelineStateManager (PipelineStateManager.java:finalizePipeline(123)) - Pipeline Pipeline[ Id: 934d3b6c-13fc-4318-abaf-b50920e65327, Nodes: e9fd21c8-f577-469d-b157-45233b1882a0{ip: 192.168.157.241, host: trunk-nightly-gllmw-2332419065, networkLocation: /default-rack, certSerialId: null}1dcb67de-7a45-4618-aa8e-97469f1b5306{ip: 192.168.157.241, host: trunk-nightly-gllmw-2332419065, networkLocation: /default-rack, certSerialId: null}d0ca025d-0fb4-4142-b825-44be0d8caf68{ip: 192.168.157.241, host: trunk-nightly-gllmw-2332419065, networkLocation: /default-rack, certSerialId: null}, Type:RATIS, Factor:THREE, State:CLOSED] moved to CLOSED state
2019-07-16 14:28:55,605 INFO  container.CloseContainerEventHandler (CloseContainerEventHandler.java:onMessage(61)) - Close container Event triggered for container : #1
2019-07-16 14:28:55,692 INFO  ozoneimpl.OzoneContainer (OzoneContainer.java:stop(199)) - Attempting to stop container services.
2019-07-16 14:28:55,692 INFO  impl.RaftServerProxy (RaftServerProxy.java:lambda$close$4(314)) - e9fd21c8-f577-469d-b157-45233b1882a0: close
2019-07-16 14:28:55,693 INFO  impl.RaftServerImpl (RaftServerImpl.java:lambda$shutdown$3(245)) - e9fd21c8-f577-469d-b157-45233b1882a0: shutdown group-CE4CE663F0AD
2019-07-16 14:28:55,694 INFO  util.JmxRegister (JmxRegister.java:unregister(73)) - Successfully un-registered JMX Bean with object name Ratis:service=RaftServer,group=group-CE4CE663F0AD,id=e9fd21c8-f577-469d-b157-45233b1882a0
2019-07-16 14:28:55,695 INFO  impl.RoleInfo (RoleInfo.java:shutdownLeaderState(104)) - e9fd21c8-f577-469d-b157-45233b1882a0: shutdown LeaderState
2019-07-16 14:28:55,695 INFO  impl.PendingRequests (PendingRequests.java:sendNotLeaderResponses(202)) - e9fd21c8-f577-469d-b157-45233b1882a0-PendingRequests: sendNotLeaderResponses
2019-07-16 14:28:55,696 INFO  impl.StateMachineUpdater (StateMachineUpdater.java:stopAndJoin(115)) - StateMachineUpdater:e9fd21c8-f577-469d-b157-45233b1882a0:group-CE4CE663F0AD: set stopIndex = 0
2019-07-16 14:28:55,696 INFO  impl.RaftServerImpl (ServerState.java:close(394)) - e9fd21c8-f577-469d-b157-45233b1882a0:group-CE4CE663F0AD closes. The last applied log index is 0
2019-07-16 14:28:55,697 INFO  segmented.SegmentedRaftLogWorker (SegmentedRaftLogWorker.java:run(313)) - e9fd21c8-f577-469d-b157-45233b1882a0-SegmentedRaftLogWorker:Storage Directory /workdir/hadoop-ozone/integration-test/target/test-dir/MiniOzoneClusterImpl-0f602919-0210-418c-bc40-44414be8bf8b/datanode-2/data/ratis/10d754e8-9f07-4793-9f3b-ce4ce663f0ad was interrupted, exiting. There are 0 tasks remaining in the queue.
2019-07-16 14:28:55,700 INFO  segmented.SegmentedRaftLogWorker (SegmentedRaftLogWorker.java:close(228)) - e9fd21c8-f577-469d-b157-45233b1882a0-SegmentedRaftLogWorker:Storage Directory /workdir/hadoop-ozone/integration-test/target/test-dir/MiniOzoneClusterImpl-0f602919-0210-418c-bc40-44414be8bf8b/datanode-2/data/ratis/10d754e8-9f07-4793-9f3b-ce4ce663f0ad close()
2019-07-16 14:28:55,705 INFO  impl.RaftServerImpl (RaftServerImpl.java:lambda$shutdown$3(245)) - e9fd21c8-f577-469d-b157-45233b1882a0: shutdown group-B50920E65327
2019-07-16 14:28:55,706 INFO  util.JmxRegister (JmxRegister.java:unregister(73)) - Successfully un-registered JMX Bean with object name Ratis:service=RaftServer,group=group-B50920E65327,id=e9fd21c8-f577-469d-b157-45233b1882a0
2019-07-16 14:28:55,706 INFO  impl.RoleInfo (RoleInfo.java:shutdownFollowerState(121)) - e9fd21c8-f577-469d-b157-45233b1882a0: shutdown FollowerState
2019-07-16 14:28:55,706 INFO  impl.StateMachineUpdater (StateMachineUpdater.java:stopAndJoin(115)) - StateMachineUpdater:e9fd21c8-f577-469d-b157-45233b1882a0:group-B50920E65327: set stopIndex = 16
2019-07-16 14:28:55,707 INFO  impl.FollowerState (FollowerState.java:run(114)) - e9fd21c8-f577-469d-b157-45233b1882a0: FollowerState was interrupted: java.lang.InterruptedException: sleep interrupted
2019-07-16 14:28:55,707 INFO  ratis.ContainerStateMachine (ContainerStateMachine.java:takeSnapshot(249)) - group-B50920E65327: Taking a snapshot at:(t:1, i:14) file /workdir/hadoop-ozone/integration-test/target/test-dir/MiniOzoneClusterImpl-0f602919-0210-418c-bc40-44414be8bf8b/datanode-2/data/ratis/934d3b6c-13fc-4318-abaf-b50920e65327/sm/snapshot.1_14
2019-07-16 14:28:55,713 INFO  ratis.ContainerStateMachine (ContainerStateMachine.java:takeSnapshot(257)) - group-B50920E65327: Finished taking a snapshot at:(t:1, i:14) file:/workdir/hadoop-ozone/integration-test/target/test-dir/MiniOzoneClusterImpl-0f602919-0210-418c-bc40-44414be8bf8b/datanode-2/data/ratis/934d3b6c-13fc-4318-abaf-b50920e65327/sm/snapshot.1_14 time:7
2019-07-16 14:28:55,713 INFO  impl.StateMachineUpdater (StateMachineUpdater.java:takeSnapshot(242)) - StateMachineUpdater:e9fd21c8-f577-469d-b157-45233b1882a0:group-B50920E65327: Took a snapshot at index 14
2019-07-16 14:28:55,713 INFO  impl.StateMachineUpdater (StateMachineUpdater.java:lambda$new$0(80)) - StateMachineUpdater:e9fd21c8-f577-469d-b157-45233b1882a0:group-B50920E65327: snapshotIndex: updateIncreasingly -1 -> 14
2019-07-16 14:28:55,714 INFO  impl.RaftServerImpl (ServerState.java:close(394)) - e9fd21c8-f577-469d-b157-45233b1882a0:group-B50920E65327 closes. The last applied log index is 16
2019-07-16 14:28:55,714 INFO  segmented.SegmentedRaftLogWorker (SegmentedRaftLogWorker.java:run(313)) - e9fd21c8-f577-469d-b157-45233b1882a0-SegmentedRaftLogWorker:Storage Directory /workdir/hadoop-ozone/integration-test/target/test-dir/MiniOzoneClusterImpl-0f602919-0210-418c-bc40-44414be8bf8b/datanode-2/data/ratis/934d3b6c-13fc-4318-abaf-b50920e65327 was interrupted, exiting. There are 0 tasks remaining in the queue.
2019-07-16 14:28:55,717 INFO  segmented.SegmentedRaftLogWorker (SegmentedRaftLogWorker.java:close(228)) - e9fd21c8-f577-469d-b157-45233b1882a0-SegmentedRaftLogWorker:Storage Directory /workdir/hadoop-ozone/integration-test/target/test-dir/MiniOzoneClusterImpl-0f602919-0210-418c-bc40-44414be8bf8b/datanode-2/data/ratis/934d3b6c-13fc-4318-abaf-b50920e65327 close()
2019-07-16 14:28:55,722 INFO  server.GrpcService (GrpcService.java:closeImpl(155)) - e9fd21c8-f577-469d-b157-45233b1882a0: shutdown server with port 41423 now
2019-07-16 14:28:55,723 WARN  server.GrpcServerProtocolService (LogUtils.java:warn(134)) - e9fd21c8-f577-469d-b157-45233b1882a0: appendEntries onError: org.apache.ratis.thirdparty.io.grpc.StatusRuntimeException: CANCELLED: cancelled before receiving half close
2019-07-16 14:28:55,723 INFO  server.GrpcService (GrpcService.java:closeImpl(163)) - e9fd21c8-f577-469d-b157-45233b1882a0: shutdown server with port 41423 successfully
2019-07-16 14:28:55,723 WARN  server.GrpcLogAppender (LogUtils.java:warn(134)) - d0ca025d-0fb4-4142-b825-44be0d8caf68->e9fd21c8-f577-469d-b157-45233b1882a0: Failed appendEntries: org.apache.ratis.thirdparty.io.grpc.StatusRuntimeException: CANCELLED: HTTP/2 error code: CANCEL
Received Rst Stream
2019-07-16 14:28:55,724 INFO  impl.FollowerInfo (FollowerInfo.java:lambda$new$0(50)) - d0ca025d-0fb4-4142-b825-44be0d8caf68->e9fd21c8-f577-469d-b157-45233b1882a0: nextIndex: updateUnconditionally 17 -> 16
2019-07-16 14:28:55,726 INFO  utils.BackgroundService (BackgroundService.java:shutdown(148)) - Shutting down service BlockDeletingService
2019-07-16 14:28:55,728 WARN  fs.CachingGetSpaceUsed (CachingGetSpaceUsed.java:run(183)) - Thread Interrupted waiting to refresh disk information: sleep interrupted
2019-07-16 14:28:55,753 INFO  statemachine.DatanodeStateMachine (DatanodeStateMachine.java:stopDaemon(395)) - Ozone container server stopped.
2019-07-16 14:28:55,756 INFO  handler.ContextHandler (ContextHandler.java:doStop(910)) - Stopped o.e.j.w.WebAppContext@33602729{/,null,UNAVAILABLE}{/hddsDatanode}
2019-07-16 14:28:55,757 INFO  server.AbstractConnector (AbstractConnector.java:doStop(318)) - Stopped ServerConnector@3638120f{HTTP/1.1,[http/1.1]}{0.0.0.0:0}
2019-07-16 14:28:55,757 INFO  handler.ContextHandler (ContextHandler.java:doStop(910)) - Stopped o.e.j.s.ServletContextHandler@18f1260{/static,jar:file:/home/user/.m2/repository/org/apache/hadoop/hadoop-hdds-container-service/0.5.0-SNAPSHOT/hadoop-hdds-container-service-0.5.0-SNAPSHOT.jar!/webapps/static,UNAVAILABLE}
2019-07-16 14:28:55,758 INFO  handler.ContextHandler (ContextHandler.java:doStop(910)) - Stopped o.e.j.s.ServletContextHandler@59d6a4d1{/logs,file:///workdir/hadoop-ozone/integration-test/target/log,UNAVAILABLE}
2019-07-16 14:28:55,765 WARN  server.GrpcLogAppender (LogUtils.java:warn(134)) - d0ca025d-0fb4-4142-b825-44be0d8caf68->e9fd21c8-f577-469d-b157-45233b1882a0: Failed appendEntries: org.apache.ratis.thirdparty.io.grpc.StatusRuntimeException: UNAVAILABLE: io exception
2019-07-16 14:28:55,766 INFO  impl.FollowerInfo (FollowerInfo.java:lambda$new$0(50)) - d0ca025d-0fb4-4142-b825-44be0d8caf68->e9fd21c8-f577-469d-b157-45233b1882a0: nextIndex: updateUnconditionally 17 -> 16
2019-07-16 14:28:55,768 WARN  server.GrpcLogAppender (LogUtils.java:warn(134)) - d0ca025d-0fb4-4142-b825-44be0d8caf68->e9fd21c8-f577-469d-b157-45233b1882a0: Failed appendEntries: org.apache.ratis.thirdparty.io.grpc.StatusRuntimeException: UNAVAILABLE: io exception
2019-07-16 14:28:55,768 INFO  impl.FollowerInfo (FollowerInfo.java:lambda$new$0(50)) - d0ca025d-0fb4-4142-b825-44be0d8caf68->e9fd21c8-f577-469d-b157-45233b1882a0: nextIndex: updateUnconditionally 17 -> 16
2019-07-16 14:28:55,777 WARN  server.GrpcLogAppender (LogUtils.java:warn(134)) - d0ca025d-0fb4-4142-b825-44be0d8caf68->e9fd21c8-f577-469d-b157-45233b1882a0: Failed appendEntries: org.apache.ratis.thirdparty.io.grpc.StatusRuntimeException: UNAVAILABLE: io exception
2019-07-16 14:28:55,778 INFO  impl.FollowerInfo (FollowerInfo.java:lambda$new$0(50)) - d0ca025d-0fb4-4142-b825-44be0d8caf68->e9fd21c8-f577-469d-b157-45233b1882a0: nextIndex: updateUnconditionally 17 -> 16
2019-07-16 14:28:55,778 INFO  client.GrpcClientProtocolClient (GrpcClientProtocolClient.java:onNext(255)) - client-5DB7AA41B805->d0ca025d-0fb4-4142-b825-44be0d8caf68: receive RaftClientReply:client-5DB7AA41B805->d0ca025d-0fb4-4142-b825-44be0d8caf68@group-B50920E65327, cid=192, SUCCESS, logIndex=17, commits[d0ca025d-0fb4-4142-b825-44be0d8caf68:c19, e9fd21c8-f577-469d-b157-45233b1882a0:c16, 1dcb67de-7a45-4618-aa8e-97469f1b5306:c16]
2019-07-16 14:28:55,779 INFO  client.GrpcClientProtocolClient (GrpcClientProtocolClient.java:onNext(255)) - client-5DB7AA41B805->d0ca025d-0fb4-4142-b825-44be0d8caf68: receive RaftClientReply:client-5DB7AA41B805->d0ca025d-0fb4-4142-b825-44be0d8caf68@group-B50920E65327, cid=193, SUCCESS, logIndex=18, commits[d0ca025d-0fb4-4142-b825-44be0d8caf68:c20, e9fd21c8-f577-469d-b157-45233b1882a0:c16, 1dcb67de-7a45-4618-aa8e-97469f1b5306:c16]
2019-07-16 14:28:55,779 WARN  server.GrpcLogAppender (LogUtils.java:warn(134)) - d0ca025d-0fb4-4142-b825-44be0d8caf68->e9fd21c8-f577-469d-b157-45233b1882a0: Failed appendEntries: org.apache.ratis.thirdparty.io.grpc.StatusRuntimeException: UNAVAILABLE: io exception
2019-07-16 14:28:55,780 INFO  impl.FollowerInfo (FollowerInfo.java:lambda$new$0(50)) - d0ca025d-0fb4-4142-b825-44be0d8caf68->e9fd21c8-f577-469d-b157-45233b1882a0: nextIndex: updateUnconditionally 17 -> 16
2019-07-16 14:28:55,780 INFO  client.GrpcClientProtocolClient (GrpcClientProtocolClient.java:onNext(255)) - client-5DB7AA41B805->d0ca025d-0fb4-4142-b825-44be0d8caf68: receive RaftClientReply:client-5DB7AA41B805->d0ca025d-0fb4-4142-b825-44be0d8caf68@group-B50920E65327, cid=194, SUCCESS, logIndex=19, commits[d0ca025d-0fb4-4142-b825-44be0d8caf68:c23, e9fd21c8-f577-469d-b157-45233b1882a0:c16, 1dcb67de-7a45-4618-aa8e-97469f1b5306:c19]
2019-07-16 14:28:55,780 INFO  client.GrpcClientProtocolClient (GrpcClientProtocolClient.java:onNext(255)) - client-5DB7AA41B805->d0ca025d-0fb4-4142-b825-44be0d8caf68: receive RaftClientReply:client-5DB7AA41B805->d0ca025d-0fb4-4142-b825-44be0d8caf68@group-B50920E65327, cid=195, SUCCESS, logIndex=20, commits[d0ca025d-0fb4-4142-b825-44be0d8caf68:c25, e9fd21c8-f577-469d-b157-45233b1882a0:c16, 1dcb67de-7a45-4618-aa8e-97469f1b5306:c20]
2019-07-16 14:28:55,781 INFO  client.GrpcClientProtocolClient (GrpcClientProtocolClient.java:onNext(255)) - client-5DB7AA41B805->d0ca025d-0fb4-4142-b825-44be0d8caf68: receive RaftClientReply:client-5DB7AA41B805->d0ca025d-0fb4-4142-b825-44be0d8caf68@group-B50920E65327, cid=196, SUCCESS, logIndex=21, commits[d0ca025d-0fb4-4142-b825-44be0d8caf68:c25, e9fd21c8-f577-469d-b157-45233b1882a0:c16, 1dcb67de-7a45-4618-aa8e-97469f1b5306:c20]
2019-07-16 14:28:55,782 INFO  client.GrpcClientProtocolClient (GrpcClientProtocolClient.java:onNext(255)) - client-5DB7AA41B805->d0ca025d-0fb4-4142-b825-44be0d8caf68: receive RaftClientReply:client-5DB7AA41B805->d0ca025d-0fb4-4142-b825-44be0d8caf68@group-B50920E65327, cid=197, SUCCESS, logIndex=22, commits[d0ca025d-0fb4-4142-b825-44be0d8caf68:c25, e9fd21c8-f577-469d-b157-45233b1882a0:c16, 1dcb67de-7a45-4618-aa8e-97469f1b5306:c20]
2019-07-16 14:28:55,782 WARN  server.GrpcLogAppender (LogUtils.java:warn(134)) - d0ca025d-0fb4-4142-b825-44be0d8caf68->e9fd21c8-f577-469d-b157-45233b1882a0: Failed appendEntries: org.apache.ratis.thirdparty.io.grpc.StatusRuntimeException: UNAVAILABLE: io exception
2019-07-16 14:28:55,783 INFO  impl.FollowerInfo (FollowerInfo.java:lambda$new$0(50)) - d0ca025d-0fb4-4142-b825-44be0d8caf68->e9fd21c8-f577-469d-b157-45233b1882a0: nextIndex: updateUnconditionally 17 -> 16
2019-07-16 14:28:56,783 WARN  scm.XceiverClientRatis (XceiverClientRatis.java:watchForCommit(262)) - 3 way commit failed on pipeline Pipeline[ Id: 934d3b6c-13fc-4318-abaf-b50920e65327, Nodes: e9fd21c8-f577-469d-b157-45233b1882a0{ip: 192.168.157.241, host: trunk-nightly-gllmw-2332419065, networkLocation: /default-rack, certSerialId: null}1dcb67de-7a45-4618-aa8e-97469f1b5306{ip: 192.168.157.241, host: trunk-nightly-gllmw-2332419065, networkLocation: /default-rack, certSerialId: null}d0ca025d-0fb4-4142-b825-44be0d8caf68{ip: 192.168.157.241, host: trunk-nightly-gllmw-2332419065, networkLocation: /default-rack, certSerialId: null}, Type:RATIS, Factor:THREE, State:OPEN]
java.util.concurrent.TimeoutException
	at java.util.concurrent.CompletableFuture.timedGet(CompletableFuture.java:1771)
	at java.util.concurrent.CompletableFuture.get(CompletableFuture.java:1915)
	at org.apache.hadoop.hdds.scm.XceiverClientRatis.watchForCommit(XceiverClientRatis.java:259)
	at org.apache.hadoop.hdds.scm.storage.CommitWatcher.watchForCommit(CommitWatcher.java:194)
	at org.apache.hadoop.hdds.scm.storage.CommitWatcher.watchOnLastIndex(CommitWatcher.java:157)
	at org.apache.hadoop.hdds.scm.storage.BlockOutputStream.watchForCommit(BlockOutputStream.java:348)
	at org.apache.hadoop.hdds.scm.storage.BlockOutputStream.handleFlush(BlockOutputStream.java:480)
	at org.apache.hadoop.hdds.scm.storage.BlockOutputStream.close(BlockOutputStream.java:494)
	at org.apache.hadoop.ozone.client.io.BlockOutputStreamEntry.close(BlockOutputStreamEntry.java:143)
	at org.apache.hadoop.ozone.client.io.KeyOutputStream.handleFlushOrClose(KeyOutputStream.java:438)
	at org.apache.hadoop.ozone.client.io.KeyOutputStream.handleWrite(KeyOutputStream.java:235)
	at org.apache.hadoop.ozone.client.io.KeyOutputStream.write(KeyOutputStream.java:193)
	at org.apache.hadoop.ozone.client.io.OzoneOutputStream.write(OzoneOutputStream.java:49)
	at java.io.OutputStream.write(OutputStream.java:75)
	at org.apache.hadoop.ozone.client.rpc.TestBlockOutputStreamWithFailures.testWatchForCommitDatanodeFailure(TestBlockOutputStreamWithFailures.java:363)
	at sun.reflect.NativeMethodAccessorImpl.invoke0(Native Method)
	at sun.reflect.NativeMethodAccessorImpl.invoke(NativeMethodAccessorImpl.java:62)
	at sun.reflect.DelegatingMethodAccessorImpl.invoke(DelegatingMethodAccessorImpl.java:43)
	at java.lang.reflect.Method.invoke(Method.java:498)
	at org.junit.runners.model.FrameworkMethod$1.runReflectiveCall(FrameworkMethod.java:47)
	at org.junit.internal.runners.model.ReflectiveCallable.run(ReflectiveCallable.java:12)
	at org.junit.runners.model.FrameworkMethod.invokeExplosively(FrameworkMethod.java:44)
	at org.junit.internal.runners.statements.InvokeMethod.evaluate(InvokeMethod.java:17)
	at org.junit.internal.runners.statements.RunBefores.evaluate(RunBefores.java:26)
	at org.junit.internal.runners.statements.RunAfters.evaluate(RunAfters.java:27)
	at org.junit.runners.ParentRunner.runLeaf(ParentRunner.java:271)
	at org.junit.runners.BlockJUnit4ClassRunner.runChild(BlockJUnit4ClassRunner.java:70)
	at org.junit.runners.BlockJUnit4ClassRunner.runChild(BlockJUnit4ClassRunner.java:50)
	at org.junit.runners.ParentRunner$3.run(ParentRunner.java:238)
	at org.junit.runners.ParentRunner$1.schedule(ParentRunner.java:63)
	at org.junit.runners.ParentRunner.runChildren(ParentRunner.java:236)
	at org.junit.runners.ParentRunner.access$000(ParentRunner.java:53)
	at org.junit.runners.ParentRunner$2.evaluate(ParentRunner.java:229)
	at org.junit.runners.ParentRunner.run(ParentRunner.java:309)
	at org.apache.maven.surefire.junit4.JUnit4Provider.execute(JUnit4Provider.java:365)
	at org.apache.maven.surefire.junit4.JUnit4Provider.executeWithRerun(JUnit4Provider.java:273)
	at org.apache.maven.surefire.junit4.JUnit4Provider.executeTestSet(JUnit4Provider.java:238)
	at org.apache.maven.surefire.junit4.JUnit4Provider.invoke(JUnit4Provider.java:159)
	at org.apache.maven.surefire.booter.ForkedBooter.invokeProviderInSameClassLoader(ForkedBooter.java:384)
	at org.apache.maven.surefire.booter.ForkedBooter.runSuitesInProcess(ForkedBooter.java:345)
	at org.apache.maven.surefire.booter.ForkedBooter.execute(ForkedBooter.java:126)
	at org.apache.maven.surefire.booter.ForkedBooter.main(ForkedBooter.java:418)
2019-07-16 14:28:56,787 INFO  client.GrpcClientProtocolClient (GrpcClientProtocolClient.java:onNext(255)) - client-5DB7AA41B805->d0ca025d-0fb4-4142-b825-44be0d8caf68: receive RaftClientReply:client-5DB7AA41B805->d0ca025d-0fb4-4142-b825-44be0d8caf68@group-B50920E65327, cid=199, SUCCESS, logIndex=0, commits[d0ca025d-0fb4-4142-b825-44be0d8caf68:c27, e9fd21c8-f577-469d-b157-45233b1882a0:c16, 1dcb67de-7a45-4618-aa8e-97469f1b5306:c22]
2019-07-16 14:28:56,790 INFO  scm.XceiverClientRatis (XceiverClientRatis.java:lambda$watchForCommit$7(280)) - Could not commit index 22 on pipeline Pipeline[ Id: 934d3b6c-13fc-4318-abaf-b50920e65327, Nodes: e9fd21c8-f577-469d-b157-45233b1882a0{ip: 192.168.157.241, host: trunk-nightly-gllmw-2332419065, networkLocation: /default-rack, certSerialId: null}1dcb67de-7a45-4618-aa8e-97469f1b5306{ip: 192.168.157.241, host: trunk-nightly-gllmw-2332419065, networkLocation: /default-rack, certSerialId: null}d0ca025d-0fb4-4142-b825-44be0d8caf68{ip: 192.168.157.241, host: trunk-nightly-gllmw-2332419065, networkLocation: /default-rack, certSerialId: null}, Type:RATIS, Factor:THREE, State:OPEN] to all the nodes. Server e9fd21c8-f577-469d-b157-45233b1882a0 has failed. Committed by majority.
2019-07-16 14:28:56,790 WARN  storage.BlockOutputStream (BlockOutputStream.java:watchForCommit(354)) - Failed to commit BlockId conID: 1 locID: 102451598147649550 bcsId: 22 on Pipeline[ Id: 934d3b6c-13fc-4318-abaf-b50920e65327, Nodes: e9fd21c8-f577-469d-b157-45233b1882a0{ip: 192.168.157.241, host: trunk-nightly-gllmw-2332419065, networkLocation: /default-rack, certSerialId: null}1dcb67de-7a45-4618-aa8e-97469f1b5306{ip: 192.168.157.241, host: trunk-nightly-gllmw-2332419065, networkLocation: /default-rack, certSerialId: null}d0ca025d-0fb4-4142-b825-44be0d8caf68{ip: 192.168.157.241, host: trunk-nightly-gllmw-2332419065, networkLocation: /default-rack, certSerialId: null}, Type:RATIS, Factor:THREE, State:OPEN]. Failed nodes: [e9fd21c8-f577-469d-b157-45233b1882a0{ip: null, host: null, networkLocation: /default-rack, certSerialId: null}]
2019-07-16 14:28:56,791 INFO  ozone.MiniOzoneClusterImpl (MiniOzoneClusterImpl.java:shutdown(321)) - Shutting down the Mini Ozone Cluster
2019-07-16 14:28:56,791 INFO  ozone.MiniOzoneClusterImpl (MiniOzoneClusterImpl.java:stop(336)) - Stopping the Mini Ozone Cluster
2019-07-16 14:28:56,792 INFO  ozone.MiniOzoneClusterImpl (MiniOzoneClusterImpl.java:stop(338)) - Stopping the OzoneManager
2019-07-16 14:28:56,792 INFO  ipc.Server (Server.java:stop(3082)) - Stopping server on 43906
2019-07-16 14:28:56,803 INFO  ipc.Server (Server.java:run(1185)) - Stopping IPC Server listener on 43906
2019-07-16 14:28:56,805 INFO  utils.BackgroundService (BackgroundService.java:shutdown(148)) - Shutting down service KeyDeletingService
2019-07-16 14:28:56,808 INFO  ipc.Server (Server.java:run(1319)) - Stopping IPC Server Responder
2019-07-16 14:28:56,822 INFO  handler.ContextHandler (ContextHandler.java:doStop(910)) - Stopped o.e.j.w.WebAppContext@31ecb361{/,null,UNAVAILABLE}{/ozoneManager}
2019-07-16 14:28:56,823 INFO  server.AbstractConnector (AbstractConnector.java:doStop(318)) - Stopped ServerConnector@3d84f113{HTTP/1.1,[http/1.1]}{0.0.0.0:0}
2019-07-16 14:28:56,823 INFO  handler.ContextHandler (ContextHandler.java:doStop(910)) - Stopped o.e.j.s.ServletContextHandler@7dd92a36{/static,file:///workdir/hadoop-ozone/integration-test/target/test-classes/webapps/static,UNAVAILABLE}
2019-07-16 14:28:56,824 INFO  handler.ContextHandler (ContextHandler.java:doStop(910)) - Stopped o.e.j.s.ServletContextHandler@4ed90b04{/logs,file:///workdir/hadoop-ozone/integration-test/target/log,UNAVAILABLE}
2019-07-16 14:28:56,838 INFO  ozone.MiniOzoneClusterImpl (MiniOzoneClusterImpl.java:stop(344)) - Shutting the HddsDatanodes
2019-07-16 14:28:56,839 INFO  datanode.ObjectStoreHandler (ObjectStoreHandler.java:close(155)) - Closing ObjectStoreHandler.
2019-07-16 14:28:56,839 INFO  datanode.ObjectStoreHandler (ObjectStoreHandler.java:close(155)) - Closing ObjectStoreHandler.
2019-07-16 14:28:56,839 INFO  ozone.HddsDatanodeService (HddsDatanodeService.java:stop(452)) - Stopped plug-in org.apache.hadoop.ozone.web.OzoneHddsDatanodeService@4f9191c1
2019-07-16 14:28:56,839 INFO  ozone.HddsDatanodeService (HddsDatanodeService.java:stop(452)) - Stopped plug-in org.apache.hadoop.ozone.web.OzoneHddsDatanodeService@a94c8e3
2019-07-16 14:28:56,847 INFO  statemachine.DatanodeStateMachine (DatanodeStateMachine.java:lambda$startDaemon$0(350)) - Ozone container server started.
2019-07-16 14:28:57,502 INFO  statemachine.DatanodeStateMachine (DatanodeStateMachine.java:lambda$startDaemon$0(350)) - Ozone container server started.
2019-07-16 14:28:58,285 WARN  server.GrpcLogAppender (LogUtils.java:warn(134)) - d0ca025d-0fb4-4142-b825-44be0d8caf68->e9fd21c8-f577-469d-b157-45233b1882a0: Failed appendEntries: org.apache.ratis.thirdparty.io.grpc.StatusRuntimeException: UNAVAILABLE: io exception
2019-07-16 14:28:58,285 INFO  impl.FollowerInfo (FollowerInfo.java:lambda$new$0(50)) - d0ca025d-0fb4-4142-b825-44be0d8caf68->e9fd21c8-f577-469d-b157-45233b1882a0: nextIndex: updateUnconditionally 16 -> 15
2019-07-16 14:29:00,786 WARN  server.GrpcLogAppender (LogUtils.java:warn(134)) - d0ca025d-0fb4-4142-b825-44be0d8caf68->e9fd21c8-f577-469d-b157-45233b1882a0: Failed appendEntries: org.apache.ratis.thirdparty.io.grpc.StatusRuntimeException: UNAVAILABLE: io exception
2019-07-16 14:29:00,787 INFO  impl.FollowerInfo (FollowerInfo.java:lambda$new$0(50)) - d0ca025d-0fb4-4142-b825-44be0d8caf68->e9fd21c8-f577-469d-b157-45233b1882a0: nextIndex: updateUnconditionally 15 -> 14
2019-07-16 14:29:00,910 INFO  node.StaleNodeHandler (StaleNodeHandler.java:onMessage(58)) - Datanode b13972bc-cfe5-4444-bfc8-64356d4b7092{ip: 192.168.157.241, host: trunk-nightly-gllmw-2332419065, networkLocation: /default-rack, certSerialId: null} moved to stale state. Finalizing its pipelines [PipelineID=904f133c-8bee-492c-8dde-99518cb99b00, PipelineID=5443d668-b586-40b1-8a8f-c9868fb631b4]
2019-07-16 14:29:00,911 INFO  pipeline.SCMPipelineManager (SCMPipelineManager.java:finalizeAndDestroyPipeline(309)) - destroying pipeline:Pipeline[ Id: 904f133c-8bee-492c-8dde-99518cb99b00, Nodes: b13972bc-cfe5-4444-bfc8-64356d4b7092{ip: 192.168.157.241, host: trunk-nightly-gllmw-2332419065, networkLocation: /default-rack, certSerialId: null}, Type:RATIS, Factor:ONE, State:OPEN]
2019-07-16 14:29:00,911 INFO  pipeline.PipelineStateManager (PipelineStateManager.java:finalizePipeline(123)) - Pipeline Pipeline[ Id: 904f133c-8bee-492c-8dde-99518cb99b00, Nodes: b13972bc-cfe5-4444-bfc8-64356d4b7092{ip: 192.168.157.241, host: trunk-nightly-gllmw-2332419065, networkLocation: /default-rack, certSerialId: null}, Type:RATIS, Factor:ONE, State:CLOSED] moved to CLOSED state
2019-07-16 14:29:00,911 INFO  pipeline.SCMPipelineManager (SCMPipelineManager.java:finalizeAndDestroyPipeline(309)) - destroying pipeline:Pipeline[ Id: 5443d668-b586-40b1-8a8f-c9868fb631b4, Nodes: b13972bc-cfe5-4444-bfc8-64356d4b7092{ip: 192.168.157.241, host: trunk-nightly-gllmw-2332419065, networkLocation: /default-rack, certSerialId: null}2ad005df-7356-43ac-8be0-94a315a19afd{ip: 192.168.157.241, host: trunk-nightly-gllmw-2332419065, networkLocation: /default-rack, certSerialId: null}a116cde0-b8cc-4aed-a2c8-942c7d496824{ip: 192.168.157.241, host: trunk-nightly-gllmw-2332419065, networkLocation: /default-rack, certSerialId: null}, Type:RATIS, Factor:THREE, State:OPEN]
2019-07-16 14:29:00,911 INFO  pipeline.PipelineStateManager (PipelineStateManager.java:finalizePipeline(123)) - Pipeline Pipeline[ Id: 5443d668-b586-40b1-8a8f-c9868fb631b4, Nodes: b13972bc-cfe5-4444-bfc8-64356d4b7092{ip: 192.168.157.241, host: trunk-nightly-gllmw-2332419065, networkLocation: /default-rack, certSerialId: null}2ad005df-7356-43ac-8be0-94a315a19afd{ip: 192.168.157.241, host: trunk-nightly-gllmw-2332419065, networkLocation: /default-rack, certSerialId: null}a116cde0-b8cc-4aed-a2c8-942c7d496824{ip: 192.168.157.241, host: trunk-nightly-gllmw-2332419065, networkLocation: /default-rack, certSerialId: null}, Type:RATIS, Factor:THREE, State:CLOSED] moved to CLOSED state
2019-07-16 14:29:01,511 INFO  node.StaleNodeHandler (StaleNodeHandler.java:onMessage(58)) - Datanode d0ca025d-0fb4-4142-b825-44be0d8caf68{ip: 192.168.157.241, host: trunk-nightly-gllmw-2332419065, networkLocation: /default-rack, certSerialId: null} moved to stale state. Finalizing its pipelines [PipelineID=934d3b6c-13fc-4318-abaf-b50920e65327, PipelineID=50e63d0a-2cb0-4798-9bc4-c967b7a832a7]
2019-07-16 14:29:01,512 INFO  pipeline.SCMPipelineManager (SCMPipelineManager.java:finalizeAndDestroyPipeline(309)) - destroying pipeline:Pipeline[ Id: 934d3b6c-13fc-4318-abaf-b50920e65327, Nodes: e9fd21c8-f577-469d-b157-45233b1882a0{ip: 192.168.157.241, host: trunk-nightly-gllmw-2332419065, networkLocation: /default-rack, certSerialId: null}1dcb67de-7a45-4618-aa8e-97469f1b5306{ip: 192.168.157.241, host: trunk-nightly-gllmw-2332419065, networkLocation: /default-rack, certSerialId: null}d0ca025d-0fb4-4142-b825-44be0d8caf68{ip: 192.168.157.241, host: trunk-nightly-gllmw-2332419065, networkLocation: /default-rack, certSerialId: null}, Type:RATIS, Factor:THREE, State:CLOSED]
2019-07-16 14:29:01,512 INFO  pipeline.SCMPipelineManager (SCMPipelineManager.java:finalizeAndDestroyPipeline(309)) - destroying pipeline:Pipeline[ Id: 50e63d0a-2cb0-4798-9bc4-c967b7a832a7, Nodes: d0ca025d-0fb4-4142-b825-44be0d8caf68{ip: 192.168.157.241, host: trunk-nightly-gllmw-2332419065, networkLocation: /default-rack, certSerialId: null}, Type:RATIS, Factor:ONE, State:OPEN]
2019-07-16 14:29:01,512 INFO  pipeline.PipelineStateManager (PipelineStateManager.java:finalizePipeline(123)) - Pipeline Pipeline[ Id: 50e63d0a-2cb0-4798-9bc4-c967b7a832a7, Nodes: d0ca025d-0fb4-4142-b825-44be0d8caf68{ip: 192.168.157.241, host: trunk-nightly-gllmw-2332419065, networkLocation: /default-rack, certSerialId: null}, Type:RATIS, Factor:ONE, State:CLOSED] moved to CLOSED state
2019-07-16 14:29:01,840 INFO  ozoneimpl.OzoneContainer (OzoneContainer.java:stop(199)) - Attempting to stop container services.
2019-07-16 14:29:01,840 INFO  ozoneimpl.OzoneContainer (OzoneContainer.java:stop(199)) - Attempting to stop container services.
2019-07-16 14:29:01,841 INFO  impl.RaftServerProxy (RaftServerProxy.java:lambda$close$4(314)) - b13972bc-cfe5-4444-bfc8-64356d4b7092: close
2019-07-16 14:29:01,841 INFO  impl.RaftServerProxy (RaftServerProxy.java:lambda$close$4(314)) - d0ca025d-0fb4-4142-b825-44be0d8caf68: close
2019-07-16 14:29:01,841 INFO  impl.RaftServerImpl (RaftServerImpl.java:lambda$shutdown$3(245)) - b13972bc-cfe5-4444-bfc8-64356d4b7092: shutdown group-99518CB99B00
2019-07-16 14:29:01,841 INFO  impl.RaftServerImpl (RaftServerImpl.java:lambda$shutdown$3(245)) - d0ca025d-0fb4-4142-b825-44be0d8caf68: shutdown group-B50920E65327
2019-07-16 14:29:01,842 INFO  util.JmxRegister (JmxRegister.java:unregister(73)) - Successfully un-registered JMX Bean with object name Ratis:service=RaftServer,group=group-99518CB99B00,id=b13972bc-cfe5-4444-bfc8-64356d4b7092
2019-07-16 14:29:01,843 INFO  impl.RoleInfo (RoleInfo.java:shutdownLeaderState(104)) - b13972bc-cfe5-4444-bfc8-64356d4b7092: shutdown LeaderState
2019-07-16 14:29:01,842 INFO  util.JmxRegister (JmxRegister.java:unregister(73)) - Successfully un-registered JMX Bean with object name Ratis:service=RaftServer,group=group-B50920E65327,id=d0ca025d-0fb4-4142-b825-44be0d8caf68
2019-07-16 14:29:01,843 INFO  impl.PendingRequests (PendingRequests.java:sendNotLeaderResponses(202)) - b13972bc-cfe5-4444-bfc8-64356d4b7092-PendingRequests: sendNotLeaderResponses
2019-07-16 14:29:01,843 INFO  impl.RoleInfo (RoleInfo.java:shutdownLeaderState(104)) - d0ca025d-0fb4-4142-b825-44be0d8caf68: shutdown LeaderState
2019-07-16 14:29:01,844 INFO  impl.StateMachineUpdater (StateMachineUpdater.java:stopAndJoin(115)) - StateMachineUpdater:b13972bc-cfe5-4444-bfc8-64356d4b7092:group-99518CB99B00: set stopIndex = 0
2019-07-16 14:29:01,850 WARN  server.GrpcLogAppender (GrpcLogAppender.java:mayWait(143)) - GrpcLogAppender(d0ca025d-0fb4-4142-b825-44be0d8caf68->1dcb67de-7a45-4618-aa8e-97469f1b5306): Wait interrupted by java.lang.InterruptedException
2019-07-16 14:29:01,850 WARN  server.GrpcLogAppender (GrpcLogAppender.java:mayWait(143)) - GrpcLogAppender(d0ca025d-0fb4-4142-b825-44be0d8caf68->e9fd21c8-f577-469d-b157-45233b1882a0): Wait interrupted by java.lang.InterruptedException
2019-07-16 14:29:01,850 INFO  impl.PendingRequests (PendingRequests.java:sendNotLeaderResponses(202)) - d0ca025d-0fb4-4142-b825-44be0d8caf68-PendingRequests: sendNotLeaderResponses
2019-07-16 14:29:01,850 INFO  impl.RaftServerImpl (ServerState.java:close(394)) - b13972bc-cfe5-4444-bfc8-64356d4b7092:group-99518CB99B00 closes. The last applied log index is 0
2019-07-16 14:29:01,855 INFO  server.GrpcServerProtocolService (GrpcServerProtocolService.java:onCompleted(104)) - 1dcb67de-7a45-4618-aa8e-97469f1b5306: appendEntries completed
2019-07-16 14:29:01,867 INFO  segmented.SegmentedRaftLogWorker (SegmentedRaftLogWorker.java:run(313)) - b13972bc-cfe5-4444-bfc8-64356d4b7092-SegmentedRaftLogWorker:Storage Directory /workdir/hadoop-ozone/integration-test/target/test-dir/MiniOzoneClusterImpl-0f602919-0210-418c-bc40-44414be8bf8b/datanode-4/data/ratis/904f133c-8bee-492c-8dde-99518cb99b00 was interrupted, exiting. There are 0 tasks remaining in the queue.
2019-07-16 14:29:01,868 INFO  impl.StateMachineUpdater (StateMachineUpdater.java:stopAndJoin(115)) - StateMachineUpdater:d0ca025d-0fb4-4142-b825-44be0d8caf68:group-B50920E65327: set stopIndex = 27
2019-07-16 14:29:01,870 INFO  segmented.SegmentedRaftLogWorker (SegmentedRaftLogWorker.java:close(228)) - b13972bc-cfe5-4444-bfc8-64356d4b7092-SegmentedRaftLogWorker:Storage Directory /workdir/hadoop-ozone/integration-test/target/test-dir/MiniOzoneClusterImpl-0f602919-0210-418c-bc40-44414be8bf8b/datanode-4/data/ratis/904f133c-8bee-492c-8dde-99518cb99b00 close()
2019-07-16 14:29:01,870 INFO  server.GrpcLogAppender (GrpcLogAppender.java:onCompleted(292)) - d0ca025d-0fb4-4142-b825-44be0d8caf68->1dcb67de-7a45-4618-aa8e-97469f1b5306: follower responses appendEntries COMPLETED
2019-07-16 14:29:01,870 INFO  client.GrpcClientProtocolService (GrpcClientProtocolService.java:lambda$processClientRequest$0(278)) - Failed RaftClientRequest:client-5DB7AA41B805->d0ca025d-0fb4-4142-b825-44be0d8caf68@group-B50920E65327, cid=198, seq=0, Watch-ALL_COMMITTED(22), Message:<EMPTY>, reply=RaftClientReply:client-5DB7AA41B805->d0ca025d-0fb4-4142-b825-44be0d8caf68@group-B50920E65327, cid=198, FAILED org.apache.ratis.protocol.NotLeaderException: Server d0ca025d-0fb4-4142-b825-44be0d8caf68 is not the leader (null). Request must be sent to leader., logIndex=0, commits[d0ca025d-0fb4-4142-b825-44be0d8caf68:c27]
2019-07-16 14:29:01,870 INFO  ratis.ContainerStateMachine (ContainerStateMachine.java:takeSnapshot(249)) - group-B50920E65327: Taking a snapshot at:(t:1, i:25) file /workdir/hadoop-ozone/integration-test/target/test-dir/MiniOzoneClusterImpl-0f602919-0210-418c-bc40-44414be8bf8b/datanode-1/data/ratis/934d3b6c-13fc-4318-abaf-b50920e65327/sm/snapshot.1_25
2019-07-16 14:29:01,870 INFO  client.GrpcClientProtocolService (GrpcClientProtocolService.java:lambda$processClientRequest$0(278)) - Failed RaftClientRequest:client-5DB7AA41B805->d0ca025d-0fb4-4142-b825-44be0d8caf68@group-B50920E65327, cid=198, seq=0, Watch-ALL_COMMITTED(22), Message:<EMPTY>, reply=RaftClientReply:client-5DB7AA41B805->d0ca025d-0fb4-4142-b825-44be0d8caf68@group-B50920E65327, cid=198, FAILED org.apache.ratis.protocol.NotLeaderException: Server d0ca025d-0fb4-4142-b825-44be0d8caf68 is not the leader (null). Request must be sent to leader., logIndex=0, commits[d0ca025d-0fb4-4142-b825-44be0d8caf68:c27]
2019-07-16 14:29:01,875 INFO  impl.FollowerInfo (FollowerInfo.java:lambda$new$0(50)) - d0ca025d-0fb4-4142-b825-44be0d8caf68->1dcb67de-7a45-4618-aa8e-97469f1b5306: nextIndex: updateUnconditionally 28 -> 27
2019-07-16 14:29:01,874 INFO  impl.RaftServerImpl (RaftServerImpl.java:lambda$shutdown$3(245)) - b13972bc-cfe5-4444-bfc8-64356d4b7092: shutdown group-C9868FB631B4
2019-07-16 14:29:01,876 INFO  client.GrpcClientProtocolClient (GrpcClientProtocolClient.java:onNext(255)) - client-5DB7AA41B805->d0ca025d-0fb4-4142-b825-44be0d8caf68: receive RaftClientReply:client-5DB7AA41B805->d0ca025d-0fb4-4142-b825-44be0d8caf68@group-B50920E65327, cid=198, FAILED org.apache.ratis.protocol.NotLeaderException: Server d0ca025d-0fb4-4142-b825-44be0d8caf68 is not the leader (null). Request must be sent to leader., logIndex=0, commits[d0ca025d-0fb4-4142-b825-44be0d8caf68:c27]
2019-07-16 14:29:01,876 INFO  ratis.ContainerStateMachine (ContainerStateMachine.java:takeSnapshot(257)) - group-B50920E65327: Finished taking a snapshot at:(t:1, i:25) file:/workdir/hadoop-ozone/integration-test/target/test-dir/MiniOzoneClusterImpl-0f602919-0210-418c-bc40-44414be8bf8b/datanode-1/data/ratis/934d3b6c-13fc-4318-abaf-b50920e65327/sm/snapshot.1_25 time:5
2019-07-16 14:29:01,876 INFO  util.JmxRegister (JmxRegister.java:unregister(73)) - Successfully un-registered JMX Bean with object name Ratis:service=RaftServer,group=group-C9868FB631B4,id=b13972bc-cfe5-4444-bfc8-64356d4b7092
2019-07-16 14:29:01,877 INFO  client.GrpcClientProtocolClient (GrpcClientProtocolClient.java:onNext(255)) - client-5DB7AA41B805->d0ca025d-0fb4-4142-b825-44be0d8caf68: receive RaftClientReply:client-5DB7AA41B805->d0ca025d-0fb4-4142-b825-44be0d8caf68@group-B50920E65327, cid=198, FAILED org.apache.ratis.protocol.NotLeaderException: Server d0ca025d-0fb4-4142-b825-44be0d8caf68 is not the leader (null). Request must be sent to leader., logIndex=0, commits[d0ca025d-0fb4-4142-b825-44be0d8caf68:c27]
2019-07-16 14:29:01,876 INFO  impl.StateMachineUpdater (StateMachineUpdater.java:takeSnapshot(242)) - StateMachineUpdater:d0ca025d-0fb4-4142-b825-44be0d8caf68:group-B50920E65327: Took a snapshot at index 25
2019-07-16 14:29:01,877 INFO  impl.RoleInfo (RoleInfo.java:shutdownFollowerState(121)) - b13972bc-cfe5-4444-bfc8-64356d4b7092: shutdown FollowerState
2019-07-16 14:29:01,877 INFO  impl.StateMachineUpdater (StateMachineUpdater.java:stopAndJoin(115)) - StateMachineUpdater:b13972bc-cfe5-4444-bfc8-64356d4b7092:group-C9868FB631B4: set stopIndex = 0
2019-07-16 14:29:01,878 INFO  impl.RaftServerImpl (ServerState.java:close(394)) - b13972bc-cfe5-4444-bfc8-64356d4b7092:group-C9868FB631B4 closes. The last applied log index is 0
2019-07-16 14:29:01,877 INFO  impl.StateMachineUpdater (StateMachineUpdater.java:lambda$new$0(80)) - StateMachineUpdater:d0ca025d-0fb4-4142-b825-44be0d8caf68:group-B50920E65327: snapshotIndex: updateIncreasingly -1 -> 25
2019-07-16 14:29:01,878 INFO  segmented.SegmentedRaftLogWorker (SegmentedRaftLogWorker.java:run(313)) - b13972bc-cfe5-4444-bfc8-64356d4b7092-SegmentedRaftLogWorker:Storage Directory /workdir/hadoop-ozone/integration-test/target/test-dir/MiniOzoneClusterImpl-0f602919-0210-418c-bc40-44414be8bf8b/datanode-4/data/ratis/5443d668-b586-40b1-8a8f-c9868fb631b4 was interrupted, exiting. There are 0 tasks remaining in the queue.
2019-07-16 14:29:01,878 INFO  impl.FollowerState (FollowerState.java:run(114)) - b13972bc-cfe5-4444-bfc8-64356d4b7092: FollowerState was interrupted: java.lang.InterruptedException: sleep interrupted
2019-07-16 14:29:01,879 INFO  impl.RaftServerImpl (ServerState.java:close(394)) - d0ca025d-0fb4-4142-b825-44be0d8caf68:group-B50920E65327 closes. The last applied log index is 27
2019-07-16 14:29:01,883 INFO  segmented.SegmentedRaftLogWorker (SegmentedRaftLogWorker.java:close(228)) - b13972bc-cfe5-4444-bfc8-64356d4b7092-SegmentedRaftLogWorker:Storage Directory /workdir/hadoop-ozone/integration-test/target/test-dir/MiniOzoneClusterImpl-0f602919-0210-418c-bc40-44414be8bf8b/datanode-4/data/ratis/5443d668-b586-40b1-8a8f-c9868fb631b4 close()
2019-07-16 14:29:01,884 INFO  segmented.SegmentedRaftLogWorker (SegmentedRaftLogWorker.java:run(313)) - d0ca025d-0fb4-4142-b825-44be0d8caf68-SegmentedRaftLogWorker:Storage Directory /workdir/hadoop-ozone/integration-test/target/test-dir/MiniOzoneClusterImpl-0f602919-0210-418c-bc40-44414be8bf8b/datanode-1/data/ratis/934d3b6c-13fc-4318-abaf-b50920e65327 was interrupted, exiting. There are 0 tasks remaining in the queue.
2019-07-16 14:29:01,888 INFO  server.GrpcService (GrpcService.java:closeImpl(155)) - b13972bc-cfe5-4444-bfc8-64356d4b7092: shutdown server with port 40752 now
2019-07-16 14:29:01,890 INFO  segmented.SegmentedRaftLogWorker (SegmentedRaftLogWorker.java:close(228)) - d0ca025d-0fb4-4142-b825-44be0d8caf68-SegmentedRaftLogWorker:Storage Directory /workdir/hadoop-ozone/integration-test/target/test-dir/MiniOzoneClusterImpl-0f602919-0210-418c-bc40-44414be8bf8b/datanode-1/data/ratis/934d3b6c-13fc-4318-abaf-b50920e65327 close()
2019-07-16 14:29:01,895 INFO  impl.RaftServerImpl (RaftServerImpl.java:lambda$shutdown$3(245)) - d0ca025d-0fb4-4142-b825-44be0d8caf68: shutdown group-C967B7A832A7
2019-07-16 14:29:01,895 INFO  server.GrpcService (GrpcService.java:closeImpl(163)) - b13972bc-cfe5-4444-bfc8-64356d4b7092: shutdown server with port 40752 successfully
2019-07-16 14:29:01,895 WARN  server.GrpcServerProtocolService (LogUtils.java:warn(134)) - b13972bc-cfe5-4444-bfc8-64356d4b7092: appendEntries onError: org.apache.ratis.thirdparty.io.grpc.StatusRuntimeException: CANCELLED: cancelled before receiving half close
2019-07-16 14:29:01,895 WARN  server.GrpcLogAppender (LogUtils.java:warn(134)) - 2ad005df-7356-43ac-8be0-94a315a19afd->b13972bc-cfe5-4444-bfc8-64356d4b7092: Failed appendEntries: org.apache.ratis.thirdparty.io.grpc.StatusRuntimeException: CANCELLED: HTTP/2 error code: CANCEL
Received Rst Stream
2019-07-16 14:29:01,895 INFO  util.JmxRegister (JmxRegister.java:unregister(73)) - Successfully un-registered JMX Bean with object name Ratis:service=RaftServer,group=group-C967B7A832A7,id=d0ca025d-0fb4-4142-b825-44be0d8caf68
2019-07-16 14:29:01,896 INFO  impl.FollowerInfo (FollowerInfo.java:lambda$new$0(50)) - 2ad005df-7356-43ac-8be0-94a315a19afd->b13972bc-cfe5-4444-bfc8-64356d4b7092: nextIndex: updateUnconditionally 1 -> 0
2019-07-16 14:29:01,896 INFO  impl.RoleInfo (RoleInfo.java:shutdownLeaderState(104)) - d0ca025d-0fb4-4142-b825-44be0d8caf68: shutdown LeaderState
2019-07-16 14:29:01,897 INFO  utils.BackgroundService (BackgroundService.java:shutdown(148)) - Shutting down service BlockDeletingService
2019-07-16 14:29:01,897 INFO  impl.PendingRequests (PendingRequests.java:sendNotLeaderResponses(202)) - d0ca025d-0fb4-4142-b825-44be0d8caf68-PendingRequests: sendNotLeaderResponses
2019-07-16 14:29:01,898 INFO  impl.StateMachineUpdater (StateMachineUpdater.java:stopAndJoin(115)) - StateMachineUpdater:d0ca025d-0fb4-4142-b825-44be0d8caf68:group-C967B7A832A7: set stopIndex = 0
2019-07-16 14:29:01,898 INFO  impl.RaftServerImpl (ServerState.java:close(394)) - d0ca025d-0fb4-4142-b825-44be0d8caf68:group-C967B7A832A7 closes. The last applied log index is 0
2019-07-16 14:29:01,898 INFO  segmented.SegmentedRaftLogWorker (SegmentedRaftLogWorker.java:run(313)) - d0ca025d-0fb4-4142-b825-44be0d8caf68-SegmentedRaftLogWorker:Storage Directory /workdir/hadoop-ozone/integration-test/target/test-dir/MiniOzoneClusterImpl-0f602919-0210-418c-bc40-44414be8bf8b/datanode-1/data/ratis/50e63d0a-2cb0-4798-9bc4-c967b7a832a7 was interrupted, exiting. There are 0 tasks remaining in the queue.
2019-07-16 14:29:01,901 INFO  segmented.SegmentedRaftLogWorker (SegmentedRaftLogWorker.java:close(228)) - d0ca025d-0fb4-4142-b825-44be0d8caf68-SegmentedRaftLogWorker:Storage Directory /workdir/hadoop-ozone/integration-test/target/test-dir/MiniOzoneClusterImpl-0f602919-0210-418c-bc40-44414be8bf8b/datanode-1/data/ratis/50e63d0a-2cb0-4798-9bc4-c967b7a832a7 close()
2019-07-16 14:29:01,901 WARN  fs.CachingGetSpaceUsed (CachingGetSpaceUsed.java:run(183)) - Thread Interrupted waiting to refresh disk information: sleep interrupted
2019-07-16 14:29:01,905 INFO  server.GrpcService (GrpcService.java:closeImpl(155)) - d0ca025d-0fb4-4142-b825-44be0d8caf68: shutdown server with port 39938 now
2019-07-16 14:29:01,906 INFO  server.GrpcService (GrpcService.java:closeImpl(163)) - d0ca025d-0fb4-4142-b825-44be0d8caf68: shutdown server with port 39938 successfully
2019-07-16 14:29:01,909 INFO  utils.BackgroundService (BackgroundService.java:shutdown(148)) - Shutting down service BlockDeletingService
2019-07-16 14:29:01,910 WARN  fs.CachingGetSpaceUsed (CachingGetSpaceUsed.java:run(183)) - Thread Interrupted waiting to refresh disk information: sleep interrupted
2019-07-16 14:29:01,927 INFO  statemachine.DatanodeStateMachine (DatanodeStateMachine.java:stopDaemon(395)) - Ozone container server stopped.
2019-07-16 14:29:01,928 INFO  handler.ContextHandler (ContextHandler.java:doStop(910)) - Stopped o.e.j.w.WebAppContext@2d6abfc7{/,null,UNAVAILABLE}{/hddsDatanode}
2019-07-16 14:29:01,929 INFO  server.AbstractConnector (AbstractConnector.java:doStop(318)) - Stopped ServerConnector@4f5d587c{HTTP/1.1,[http/1.1]}{0.0.0.0:0}
2019-07-16 14:29:01,929 INFO  handler.ContextHandler (ContextHandler.java:doStop(910)) - Stopped o.e.j.s.ServletContextHandler@203b98cf{/static,jar:file:/home/user/.m2/repository/org/apache/hadoop/hadoop-hdds-container-service/0.5.0-SNAPSHOT/hadoop-hdds-container-service-0.5.0-SNAPSHOT.jar!/webapps/static,UNAVAILABLE}
2019-07-16 14:29:01,929 INFO  handler.ContextHandler (ContextHandler.java:doStop(910)) - Stopped o.e.j.s.ServletContextHandler@31b827a6{/logs,file:///workdir/hadoop-ozone/integration-test/target/log,UNAVAILABLE}
2019-07-16 14:29:01,930 INFO  datanode.ObjectStoreHandler (ObjectStoreHandler.java:close(155)) - Closing ObjectStoreHandler.
2019-07-16 14:29:01,931 INFO  ozone.HddsDatanodeService (HddsDatanodeService.java:stop(452)) - Stopped plug-in org.apache.hadoop.ozone.web.OzoneHddsDatanodeService@10d8769e
2019-07-16 14:29:01,936 INFO  statemachine.DatanodeStateMachine (DatanodeStateMachine.java:stopDaemon(395)) - Ozone container server stopped.
2019-07-16 14:29:01,942 INFO  handler.ContextHandler (ContextHandler.java:doStop(910)) - Stopped o.e.j.w.WebAppContext@2f53e07d{/,null,UNAVAILABLE}{/hddsDatanode}
2019-07-16 14:29:01,943 INFO  server.AbstractConnector (AbstractConnector.java:doStop(318)) - Stopped ServerConnector@5c3ad125{HTTP/1.1,[http/1.1]}{0.0.0.0:0}
2019-07-16 14:29:01,944 INFO  handler.ContextHandler (ContextHandler.java:doStop(910)) - Stopped o.e.j.s.ServletContextHandler@2cd6fae8{/static,jar:file:/home/user/.m2/repository/org/apache/hadoop/hadoop-hdds-container-service/0.5.0-SNAPSHOT/hadoop-hdds-container-service-0.5.0-SNAPSHOT.jar!/webapps/static,UNAVAILABLE}
2019-07-16 14:29:01,946 INFO  handler.ContextHandler (ContextHandler.java:doStop(910)) - Stopped o.e.j.s.ServletContextHandler@7d0e46dd{/logs,file:///workdir/hadoop-ozone/integration-test/target/log,UNAVAILABLE}
2019-07-16 14:29:01,947 INFO  datanode.ObjectStoreHandler (ObjectStoreHandler.java:close(155)) - Closing ObjectStoreHandler.
2019-07-16 14:29:01,948 INFO  ozone.HddsDatanodeService (HddsDatanodeService.java:stop(452)) - Stopped plug-in org.apache.hadoop.ozone.web.OzoneHddsDatanodeService@73b71935
2019-07-16 14:29:02,507 INFO  statemachine.DatanodeStateMachine (DatanodeStateMachine.java:lambda$startDaemon$0(350)) - Ozone container server started.
2019-07-16 14:29:02,641 INFO  statemachine.DatanodeStateMachine (DatanodeStateMachine.java:lambda$startDaemon$0(350)) - Ozone container server started.
2019-07-16 14:29:02,758 WARN  server.GrpcLogAppender (LogUtils.java:warn(134)) - 2ad005df-7356-43ac-8be0-94a315a19afd->b13972bc-cfe5-4444-bfc8-64356d4b7092: Failed appendEntries: org.apache.ratis.thirdparty.io.grpc.StatusRuntimeException: UNAVAILABLE: io exception
2019-07-16 14:29:02,759 INFO  impl.FollowerInfo (FollowerInfo.java:lambda$new$0(50)) - 2ad005df-7356-43ac-8be0-94a315a19afd->b13972bc-cfe5-4444-bfc8-64356d4b7092: nextIndex: updateUnconditionally 0 -> 0
2019-07-16 14:29:03,884 INFO  client.GrpcClientProtocolService (GrpcClientProtocolService.java:lambda$processClientRequest$0(278)) - Failed RaftClientRequest:client-5DB7AA41B805->1dcb67de-7a45-4618-aa8e-97469f1b5306@group-B50920E65327, cid=198, seq=0, Watch-ALL_COMMITTED(22), Message:<EMPTY>, reply=RaftClientReply:client-5DB7AA41B805->1dcb67de-7a45-4618-aa8e-97469f1b5306@group-B50920E65327, cid=198, FAILED org.apache.ratis.protocol.NotLeaderException: Server 1dcb67de-7a45-4618-aa8e-97469f1b5306 is not the leader (d0ca025d-0fb4-4142-b825-44be0d8caf68:192.168.157.241:39938). Request must be sent to leader., logIndex=0, commits[1dcb67de-7a45-4618-aa8e-97469f1b5306:c27, d0ca025d-0fb4-4142-b825-44be0d8caf68:c27, e9fd21c8-f577-469d-b157-45233b1882a0:c16]
2019-07-16 14:29:03,890 INFO  client.GrpcClientProtocolClient (GrpcClientProtocolClient.java:onNext(255)) - client-5DB7AA41B805->1dcb67de-7a45-4618-aa8e-97469f1b5306: receive RaftClientReply:client-5DB7AA41B805->1dcb67de-7a45-4618-aa8e-97469f1b5306@group-B50920E65327, cid=198, FAILED org.apache.ratis.protocol.NotLeaderException: Server 1dcb67de-7a45-4618-aa8e-97469f1b5306 is not the leader (d0ca025d-0fb4-4142-b825-44be0d8caf68:192.168.157.241:39938). Request must be sent to leader., logIndex=0, commits[1dcb67de-7a45-4618-aa8e-97469f1b5306:c27, d0ca025d-0fb4-4142-b825-44be0d8caf68:c27, e9fd21c8-f577-469d-b157-45233b1882a0:c16]
2019-07-16 14:29:04,898 INFO  client.GrpcClientProtocolService (GrpcClientProtocolService.java:lambda$processClientRequest$0(278)) - Failed RaftClientRequest:client-5DB7AA41B805->1dcb67de-7a45-4618-aa8e-97469f1b5306@group-B50920E65327, cid=198, seq=0, Watch-ALL_COMMITTED(22), Message:<EMPTY>, reply=RaftClientReply:client-5DB7AA41B805->1dcb67de-7a45-4618-aa8e-97469f1b5306@group-B50920E65327, cid=198, FAILED org.apache.ratis.protocol.NotLeaderException: Server 1dcb67de-7a45-4618-aa8e-97469f1b5306 is not the leader (d0ca025d-0fb4-4142-b825-44be0d8caf68:192.168.157.241:39938). Request must be sent to leader., logIndex=0, commits[1dcb67de-7a45-4618-aa8e-97469f1b5306:c27, d0ca025d-0fb4-4142-b825-44be0d8caf68:c27, e9fd21c8-f577-469d-b157-45233b1882a0:c16]
2019-07-16 14:29:04,904 INFO  client.GrpcClientProtocolClient (GrpcClientProtocolClient.java:onNext(255)) - client-5DB7AA41B805->1dcb67de-7a45-4618-aa8e-97469f1b5306: receive RaftClientReply:client-5DB7AA41B805->1dcb67de-7a45-4618-aa8e-97469f1b5306@group-B50920E65327, cid=198, FAILED org.apache.ratis.protocol.NotLeaderException: Server 1dcb67de-7a45-4618-aa8e-97469f1b5306 is not the leader (d0ca025d-0fb4-4142-b825-44be0d8caf68:192.168.157.241:39938). Request must be sent to leader., logIndex=0, commits[1dcb67de-7a45-4618-aa8e-97469f1b5306:c27, d0ca025d-0fb4-4142-b825-44be0d8caf68:c27, e9fd21c8-f577-469d-b157-45233b1882a0:c16]
2019-07-16 14:29:05,258 WARN  server.GrpcLogAppender (LogUtils.java:warn(134)) - 2ad005df-7356-43ac-8be0-94a315a19afd->b13972bc-cfe5-4444-bfc8-64356d4b7092: Failed appendEntries: org.apache.ratis.thirdparty.io.grpc.StatusRuntimeException: UNAVAILABLE: io exception
2019-07-16 14:29:05,259 INFO  impl.FollowerInfo (FollowerInfo.java:lambda$new$0(50)) - 2ad005df-7356-43ac-8be0-94a315a19afd->b13972bc-cfe5-4444-bfc8-64356d4b7092: nextIndex: updateUnconditionally 0 -> 0
2019-07-16 14:29:06,518 INFO  node.StaleNodeHandler (StaleNodeHandler.java:onMessage(58)) - Datanode 1dcb67de-7a45-4618-aa8e-97469f1b5306{ip: 192.168.157.241, host: trunk-nightly-gllmw-2332419065, networkLocation: /default-rack, certSerialId: null} moved to stale state. Finalizing its pipelines [PipelineID=934d3b6c-13fc-4318-abaf-b50920e65327, PipelineID=4e31dbbd-2be8-4e37-9285-4b8828cd24aa]
2019-07-16 14:29:06,518 INFO  pipeline.SCMPipelineManager (SCMPipelineManager.java:finalizeAndDestroyPipeline(309)) - destroying pipeline:Pipeline[ Id: 934d3b6c-13fc-4318-abaf-b50920e65327, Nodes: e9fd21c8-f577-469d-b157-45233b1882a0{ip: 192.168.157.241, host: trunk-nightly-gllmw-2332419065, networkLocation: /default-rack, certSerialId: null}1dcb67de-7a45-4618-aa8e-97469f1b5306{ip: 192.168.157.241, host: trunk-nightly-gllmw-2332419065, networkLocation: /default-rack, certSerialId: null}d0ca025d-0fb4-4142-b825-44be0d8caf68{ip: 192.168.157.241, host: trunk-nightly-gllmw-2332419065, networkLocation: /default-rack, certSerialId: null}, Type:RATIS, Factor:THREE, State:CLOSED]
2019-07-16 14:29:06,519 INFO  pipeline.SCMPipelineManager (SCMPipelineManager.java:finalizeAndDestroyPipeline(309)) - destroying pipeline:Pipeline[ Id: 4e31dbbd-2be8-4e37-9285-4b8828cd24aa, Nodes: 1dcb67de-7a45-4618-aa8e-97469f1b5306{ip: 192.168.157.241, host: trunk-nightly-gllmw-2332419065, networkLocation: /default-rack, certSerialId: null}, Type:RATIS, Factor:ONE, State:OPEN]
2019-07-16 14:29:06,519 INFO  pipeline.PipelineStateManager (PipelineStateManager.java:finalizePipeline(123)) - Pipeline Pipeline[ Id: 4e31dbbd-2be8-4e37-9285-4b8828cd24aa, Nodes: 1dcb67de-7a45-4618-aa8e-97469f1b5306{ip: 192.168.157.241, host: trunk-nightly-gllmw-2332419065, networkLocation: /default-rack, certSerialId: null}, Type:RATIS, Factor:ONE, State:CLOSED] moved to CLOSED state
2019-07-16 14:29:06,718 INFO  node.StaleNodeHandler (StaleNodeHandler.java:onMessage(58)) - Datanode a116cde0-b8cc-4aed-a2c8-942c7d496824{ip: 192.168.157.241, host: trunk-nightly-gllmw-2332419065, networkLocation: /default-rack, certSerialId: null} moved to stale state. Finalizing its pipelines [PipelineID=1fa5f3dc-1ddf-472c-806b-e000b95cbf6c, PipelineID=5443d668-b586-40b1-8a8f-c9868fb631b4]
2019-07-16 14:29:06,718 INFO  pipeline.SCMPipelineManager (SCMPipelineManager.java:finalizeAndDestroyPipeline(309)) - destroying pipeline:Pipeline[ Id: 1fa5f3dc-1ddf-472c-806b-e000b95cbf6c, Nodes: a116cde0-b8cc-4aed-a2c8-942c7d496824{ip: 192.168.157.241, host: trunk-nightly-gllmw-2332419065, networkLocation: /default-rack, certSerialId: null}, Type:RATIS, Factor:ONE, State:OPEN]
2019-07-16 14:29:06,719 INFO  pipeline.PipelineStateManager (PipelineStateManager.java:finalizePipeline(123)) - Pipeline Pipeline[ Id: 1fa5f3dc-1ddf-472c-806b-e000b95cbf6c, Nodes: a116cde0-b8cc-4aed-a2c8-942c7d496824{ip: 192.168.157.241, host: trunk-nightly-gllmw-2332419065, networkLocation: /default-rack, certSerialId: null}, Type:RATIS, Factor:ONE, State:CLOSED] moved to CLOSED state
2019-07-16 14:29:06,719 INFO  pipeline.SCMPipelineManager (SCMPipelineManager.java:finalizeAndDestroyPipeline(309)) - destroying pipeline:Pipeline[ Id: 5443d668-b586-40b1-8a8f-c9868fb631b4, Nodes: b13972bc-cfe5-4444-bfc8-64356d4b7092{ip: 192.168.157.241, host: trunk-nightly-gllmw-2332419065, networkLocation: /default-rack, certSerialId: null}2ad005df-7356-43ac-8be0-94a315a19afd{ip: 192.168.157.241, host: trunk-nightly-gllmw-2332419065, networkLocation: /default-rack, certSerialId: null}a116cde0-b8cc-4aed-a2c8-942c7d496824{ip: 192.168.157.241, host: trunk-nightly-gllmw-2332419065, networkLocation: /default-rack, certSerialId: null}, Type:RATIS, Factor:THREE, State:CLOSED]
2019-07-16 14:29:06,913 INFO  client.GrpcClientProtocolService (GrpcClientProtocolService.java:lambda$processClientRequest$0(278)) - Failed RaftClientRequest:client-5DB7AA41B805->1dcb67de-7a45-4618-aa8e-97469f1b5306@group-B50920E65327, cid=198, seq=0, Watch-ALL_COMMITTED(22), Message:<EMPTY>, reply=RaftClientReply:client-5DB7AA41B805->1dcb67de-7a45-4618-aa8e-97469f1b5306@group-B50920E65327, cid=198, FAILED org.apache.ratis.protocol.NotLeaderException: Server 1dcb67de-7a45-4618-aa8e-97469f1b5306 is not the leader (d0ca025d-0fb4-4142-b825-44be0d8caf68:192.168.157.241:39938). Request must be sent to leader., logIndex=0, commits[1dcb67de-7a45-4618-aa8e-97469f1b5306:c27, d0ca025d-0fb4-4142-b825-44be0d8caf68:c27, e9fd21c8-f577-469d-b157-45233b1882a0:c16]
2019-07-16 14:29:06,918 INFO  client.GrpcClientProtocolClient (GrpcClientProtocolClient.java:onNext(255)) - client-5DB7AA41B805->1dcb67de-7a45-4618-aa8e-97469f1b5306: receive RaftClientReply:client-5DB7AA41B805->1dcb67de-7a45-4618-aa8e-97469f1b5306@group-B50920E65327, cid=198, FAILED org.apache.ratis.protocol.NotLeaderException: Server 1dcb67de-7a45-4618-aa8e-97469f1b5306 is not the leader (d0ca025d-0fb4-4142-b825-44be0d8caf68:192.168.157.241:39938). Request must be sent to leader., logIndex=0, commits[1dcb67de-7a45-4618-aa8e-97469f1b5306:c27, d0ca025d-0fb4-4142-b825-44be0d8caf68:c27, e9fd21c8-f577-469d-b157-45233b1882a0:c16]
2019-07-16 14:29:06,932 INFO  ozoneimpl.OzoneContainer (OzoneContainer.java:stop(199)) - Attempting to stop container services.
2019-07-16 14:29:06,932 INFO  impl.RaftServerProxy (RaftServerProxy.java:lambda$close$4(314)) - a116cde0-b8cc-4aed-a2c8-942c7d496824: close
2019-07-16 14:29:06,933 INFO  impl.RaftServerImpl (RaftServerImpl.java:lambda$shutdown$3(245)) - a116cde0-b8cc-4aed-a2c8-942c7d496824: shutdown group-E000B95CBF6C
2019-07-16 14:29:06,933 INFO  util.JmxRegister (JmxRegister.java:unregister(73)) - Successfully un-registered JMX Bean with object name Ratis:service=RaftServer,group=group-E000B95CBF6C,id=a116cde0-b8cc-4aed-a2c8-942c7d496824
2019-07-16 14:29:06,934 INFO  impl.RoleInfo (RoleInfo.java:shutdownLeaderState(104)) - a116cde0-b8cc-4aed-a2c8-942c7d496824: shutdown LeaderState
2019-07-16 14:29:06,934 INFO  impl.PendingRequests (PendingRequests.java:sendNotLeaderResponses(202)) - a116cde0-b8cc-4aed-a2c8-942c7d496824-PendingRequests: sendNotLeaderResponses
2019-07-16 14:29:06,935 INFO  impl.StateMachineUpdater (StateMachineUpdater.java:stopAndJoin(115)) - StateMachineUpdater:a116cde0-b8cc-4aed-a2c8-942c7d496824:group-E000B95CBF6C: set stopIndex = 0
2019-07-16 14:29:06,935 INFO  impl.RaftServerImpl (ServerState.java:close(394)) - a116cde0-b8cc-4aed-a2c8-942c7d496824:group-E000B95CBF6C closes. The last applied log index is 0
2019-07-16 14:29:06,936 INFO  segmented.SegmentedRaftLogWorker (SegmentedRaftLogWorker.java:run(313)) - a116cde0-b8cc-4aed-a2c8-942c7d496824-SegmentedRaftLogWorker:Storage Directory /workdir/hadoop-ozone/integration-test/target/test-dir/MiniOzoneClusterImpl-0f602919-0210-418c-bc40-44414be8bf8b/datanode-3/data/ratis/1fa5f3dc-1ddf-472c-806b-e000b95cbf6c was interrupted, exiting. There are 0 tasks remaining in the queue.
2019-07-16 14:29:06,948 INFO  ozoneimpl.OzoneContainer (OzoneContainer.java:stop(199)) - Attempting to stop container services.
2019-07-16 14:29:06,948 INFO  segmented.SegmentedRaftLogWorker (SegmentedRaftLogWorker.java:close(228)) - a116cde0-b8cc-4aed-a2c8-942c7d496824-SegmentedRaftLogWorker:Storage Directory /workdir/hadoop-ozone/integration-test/target/test-dir/MiniOzoneClusterImpl-0f602919-0210-418c-bc40-44414be8bf8b/datanode-3/data/ratis/1fa5f3dc-1ddf-472c-806b-e000b95cbf6c close()
2019-07-16 14:29:06,949 INFO  impl.RaftServerProxy (RaftServerProxy.java:lambda$close$4(314)) - 1dcb67de-7a45-4618-aa8e-97469f1b5306: close
2019-07-16 14:29:06,952 INFO  impl.RaftServerImpl (RaftServerImpl.java:lambda$shutdown$3(245)) - a116cde0-b8cc-4aed-a2c8-942c7d496824: shutdown group-C9868FB631B4
2019-07-16 14:29:06,953 INFO  impl.RaftServerImpl (RaftServerImpl.java:lambda$shutdown$3(245)) - 1dcb67de-7a45-4618-aa8e-97469f1b5306: shutdown group-B50920E65327
2019-07-16 14:29:06,953 INFO  util.JmxRegister (JmxRegister.java:unregister(73)) - Successfully un-registered JMX Bean with object name Ratis:service=RaftServer,group=group-C9868FB631B4,id=a116cde0-b8cc-4aed-a2c8-942c7d496824
2019-07-16 14:29:06,954 INFO  impl.RoleInfo (RoleInfo.java:shutdownFollowerState(121)) - a116cde0-b8cc-4aed-a2c8-942c7d496824: shutdown FollowerState
2019-07-16 14:29:06,954 INFO  impl.StateMachineUpdater (StateMachineUpdater.java:stopAndJoin(115)) - StateMachineUpdater:a116cde0-b8cc-4aed-a2c8-942c7d496824:group-C9868FB631B4: set stopIndex = 0
2019-07-16 14:29:06,955 INFO  impl.RaftServerImpl (ServerState.java:close(394)) - a116cde0-b8cc-4aed-a2c8-942c7d496824:group-C9868FB631B4 closes. The last applied log index is 0
2019-07-16 14:29:06,953 INFO  util.JmxRegister (JmxRegister.java:unregister(73)) - Successfully un-registered JMX Bean with object name Ratis:service=RaftServer,group=group-B50920E65327,id=1dcb67de-7a45-4618-aa8e-97469f1b5306
2019-07-16 14:29:06,955 INFO  segmented.SegmentedRaftLogWorker (SegmentedRaftLogWorker.java:run(313)) - a116cde0-b8cc-4aed-a2c8-942c7d496824-SegmentedRaftLogWorker:Storage Directory /workdir/hadoop-ozone/integration-test/target/test-dir/MiniOzoneClusterImpl-0f602919-0210-418c-bc40-44414be8bf8b/datanode-3/data/ratis/5443d668-b586-40b1-8a8f-c9868fb631b4 was interrupted, exiting. There are 0 tasks remaining in the queue.
2019-07-16 14:29:06,954 INFO  impl.FollowerState (FollowerState.java:run(114)) - a116cde0-b8cc-4aed-a2c8-942c7d496824: FollowerState was interrupted: java.lang.InterruptedException: sleep interrupted
2019-07-16 14:29:06,955 INFO  impl.RoleInfo (RoleInfo.java:shutdownFollowerState(121)) - 1dcb67de-7a45-4618-aa8e-97469f1b5306: shutdown FollowerState
2019-07-16 14:29:06,957 INFO  segmented.SegmentedRaftLogWorker (SegmentedRaftLogWorker.java:close(228)) - a116cde0-b8cc-4aed-a2c8-942c7d496824-SegmentedRaftLogWorker:Storage Directory /workdir/hadoop-ozone/integration-test/target/test-dir/MiniOzoneClusterImpl-0f602919-0210-418c-bc40-44414be8bf8b/datanode-3/data/ratis/5443d668-b586-40b1-8a8f-c9868fb631b4 close()
2019-07-16 14:29:06,960 INFO  impl.FollowerState (FollowerState.java:run(114)) - 1dcb67de-7a45-4618-aa8e-97469f1b5306: FollowerState was interrupted: java.lang.InterruptedException: sleep interrupted
2019-07-16 14:29:06,960 INFO  ratis.ContainerStateMachine (ContainerStateMachine.java:takeSnapshot(249)) - group-B50920E65327: Taking a snapshot at:(t:1, i:22) file /workdir/hadoop-ozone/integration-test/target/test-dir/MiniOzoneClusterImpl-0f602919-0210-418c-bc40-44414be8bf8b/datanode-0/data/ratis/934d3b6c-13fc-4318-abaf-b50920e65327/sm/snapshot.1_22
2019-07-16 14:29:06,959 INFO  impl.StateMachineUpdater (StateMachineUpdater.java:stopAndJoin(115)) - StateMachineUpdater:1dcb67de-7a45-4618-aa8e-97469f1b5306:group-B50920E65327: set stopIndex = 27
2019-07-16 14:29:06,963 INFO  server.GrpcService (GrpcService.java:closeImpl(155)) - a116cde0-b8cc-4aed-a2c8-942c7d496824: shutdown server with port 35534 now
2019-07-16 14:29:06,966 INFO  ratis.ContainerStateMachine (ContainerStateMachine.java:takeSnapshot(257)) - group-B50920E65327: Finished taking a snapshot at:(t:1, i:22) file:/workdir/hadoop-ozone/integration-test/target/test-dir/MiniOzoneClusterImpl-0f602919-0210-418c-bc40-44414be8bf8b/datanode-0/data/ratis/934d3b6c-13fc-4318-abaf-b50920e65327/sm/snapshot.1_22 time:6
2019-07-16 14:29:06,966 INFO  impl.StateMachineUpdater (StateMachineUpdater.java:takeSnapshot(242)) - StateMachineUpdater:1dcb67de-7a45-4618-aa8e-97469f1b5306:group-B50920E65327: Took a snapshot at index 22
2019-07-16 14:29:06,966 INFO  impl.StateMachineUpdater (StateMachineUpdater.java:lambda$new$0(80)) - StateMachineUpdater:1dcb67de-7a45-4618-aa8e-97469f1b5306:group-B50920E65327: snapshotIndex: updateIncreasingly -1 -> 22
2019-07-16 14:29:06,966 INFO  impl.RaftServerImpl (ServerState.java:close(394)) - 1dcb67de-7a45-4618-aa8e-97469f1b5306:group-B50920E65327 closes. The last applied log index is 27
2019-07-16 14:29:06,967 WARN  server.GrpcLogAppender (LogUtils.java:warn(134)) - 2ad005df-7356-43ac-8be0-94a315a19afd->a116cde0-b8cc-4aed-a2c8-942c7d496824: Failed appendEntries: org.apache.ratis.thirdparty.io.grpc.StatusRuntimeException: CANCELLED: HTTP/2 error code: CANCEL
Received Rst Stream
2019-07-16 14:29:06,967 INFO  server.GrpcService (GrpcService.java:closeImpl(163)) - a116cde0-b8cc-4aed-a2c8-942c7d496824: shutdown server with port 35534 successfully
2019-07-16 14:29:06,967 WARN  server.GrpcServerProtocolService (LogUtils.java:warn(134)) - a116cde0-b8cc-4aed-a2c8-942c7d496824: appendEntries onError: org.apache.ratis.thirdparty.io.grpc.StatusRuntimeException: CANCELLED: cancelled before receiving half close
2019-07-16 14:29:06,967 INFO  impl.FollowerInfo (FollowerInfo.java:lambda$new$0(50)) - 2ad005df-7356-43ac-8be0-94a315a19afd->a116cde0-b8cc-4aed-a2c8-942c7d496824: nextIndex: updateUnconditionally 1 -> 0
2019-07-16 14:29:06,967 INFO  segmented.SegmentedRaftLogWorker (SegmentedRaftLogWorker.java:run(313)) - 1dcb67de-7a45-4618-aa8e-97469f1b5306-SegmentedRaftLogWorker:Storage Directory /workdir/hadoop-ozone/integration-test/target/test-dir/MiniOzoneClusterImpl-0f602919-0210-418c-bc40-44414be8bf8b/datanode-0/data/ratis/934d3b6c-13fc-4318-abaf-b50920e65327 was interrupted, exiting. There are 0 tasks remaining in the queue.
2019-07-16 14:29:06,971 INFO  utils.BackgroundService (BackgroundService.java:shutdown(148)) - Shutting down service BlockDeletingService
2019-07-16 14:29:06,971 INFO  segmented.SegmentedRaftLogWorker (SegmentedRaftLogWorker.java:close(228)) - 1dcb67de-7a45-4618-aa8e-97469f1b5306-SegmentedRaftLogWorker:Storage Directory /workdir/hadoop-ozone/integration-test/target/test-dir/MiniOzoneClusterImpl-0f602919-0210-418c-bc40-44414be8bf8b/datanode-0/data/ratis/934d3b6c-13fc-4318-abaf-b50920e65327 close()
2019-07-16 14:29:06,975 INFO  impl.RaftServerImpl (RaftServerImpl.java:lambda$shutdown$3(245)) - 1dcb67de-7a45-4618-aa8e-97469f1b5306: shutdown group-4B8828CD24AA
2019-07-16 14:29:06,975 INFO  util.JmxRegister (JmxRegister.java:unregister(73)) - Successfully un-registered JMX Bean with object name Ratis:service=RaftServer,group=group-4B8828CD24AA,id=1dcb67de-7a45-4618-aa8e-97469f1b5306
2019-07-16 14:29:06,975 WARN  fs.CachingGetSpaceUsed (CachingGetSpaceUsed.java:run(183)) - Thread Interrupted waiting to refresh disk information: sleep interrupted
2019-07-16 14:29:06,975 INFO  impl.RoleInfo (RoleInfo.java:shutdownLeaderState(104)) - 1dcb67de-7a45-4618-aa8e-97469f1b5306: shutdown LeaderState
2019-07-16 14:29:06,976 INFO  impl.PendingRequests (PendingRequests.java:sendNotLeaderResponses(202)) - 1dcb67de-7a45-4618-aa8e-97469f1b5306-PendingRequests: sendNotLeaderResponses
2019-07-16 14:29:06,976 INFO  impl.StateMachineUpdater (StateMachineUpdater.java:stopAndJoin(115)) - StateMachineUpdater:1dcb67de-7a45-4618-aa8e-97469f1b5306:group-4B8828CD24AA: set stopIndex = 0
2019-07-16 14:29:06,977 INFO  impl.RaftServerImpl (ServerState.java:close(394)) - 1dcb67de-7a45-4618-aa8e-97469f1b5306:group-4B8828CD24AA closes. The last applied log index is 0
2019-07-16 14:29:06,977 INFO  segmented.SegmentedRaftLogWorker (SegmentedRaftLogWorker.java:run(313)) - 1dcb67de-7a45-4618-aa8e-97469f1b5306-SegmentedRaftLogWorker:Storage Directory /workdir/hadoop-ozone/integration-test/target/test-dir/MiniOzoneClusterImpl-0f602919-0210-418c-bc40-44414be8bf8b/datanode-0/data/ratis/4e31dbbd-2be8-4e37-9285-4b8828cd24aa was interrupted, exiting. There are 0 tasks remaining in the queue.
2019-07-16 14:29:06,979 INFO  segmented.SegmentedRaftLogWorker (SegmentedRaftLogWorker.java:close(228)) - 1dcb67de-7a45-4618-aa8e-97469f1b5306-SegmentedRaftLogWorker:Storage Directory /workdir/hadoop-ozone/integration-test/target/test-dir/MiniOzoneClusterImpl-0f602919-0210-418c-bc40-44414be8bf8b/datanode-0/data/ratis/4e31dbbd-2be8-4e37-9285-4b8828cd24aa close()
2019-07-16 14:29:06,983 INFO  server.GrpcService (GrpcService.java:closeImpl(155)) - 1dcb67de-7a45-4618-aa8e-97469f1b5306: shutdown server with port 43331 now
2019-07-16 14:29:06,983 INFO  server.GrpcService (GrpcService.java:closeImpl(163)) - 1dcb67de-7a45-4618-aa8e-97469f1b5306: shutdown server with port 43331 successfully
2019-07-16 14:29:06,985 INFO  utils.BackgroundService (BackgroundService.java:shutdown(148)) - Shutting down service BlockDeletingService
2019-07-16 14:29:06,987 WARN  fs.CachingGetSpaceUsed (CachingGetSpaceUsed.java:run(183)) - Thread Interrupted waiting to refresh disk information: sleep interrupted
2019-07-16 14:29:06,999 INFO  statemachine.DatanodeStateMachine (DatanodeStateMachine.java:stopDaemon(395)) - Ozone container server stopped.
2019-07-16 14:29:07,001 INFO  handler.ContextHandler (ContextHandler.java:doStop(910)) - Stopped o.e.j.w.WebAppContext@5cc28282{/,null,UNAVAILABLE}{/hddsDatanode}
2019-07-16 14:29:07,001 INFO  server.AbstractConnector (AbstractConnector.java:doStop(318)) - Stopped ServerConnector@5a0b925a{HTTP/1.1,[http/1.1]}{0.0.0.0:0}
2019-07-16 14:29:07,002 INFO  handler.ContextHandler (ContextHandler.java:doStop(910)) - Stopped o.e.j.s.ServletContextHandler@6a90b5e8{/static,jar:file:/home/user/.m2/repository/org/apache/hadoop/hadoop-hdds-container-service/0.5.0-SNAPSHOT/hadoop-hdds-container-service-0.5.0-SNAPSHOT.jar!/webapps/static,UNAVAILABLE}
2019-07-16 14:29:07,002 INFO  handler.ContextHandler (ContextHandler.java:doStop(910)) - Stopped o.e.j.s.ServletContextHandler@eb5471c{/logs,file:///workdir/hadoop-ozone/integration-test/target/log,UNAVAILABLE}
2019-07-16 14:29:07,003 INFO  datanode.ObjectStoreHandler (ObjectStoreHandler.java:close(155)) - Closing ObjectStoreHandler.
2019-07-16 14:29:07,004 INFO  ozone.HddsDatanodeService (HddsDatanodeService.java:stop(452)) - Stopped plug-in org.apache.hadoop.ozone.web.OzoneHddsDatanodeService@16a4e4c9
2019-07-16 14:29:07,009 INFO  statemachine.DatanodeStateMachine (DatanodeStateMachine.java:stopDaemon(395)) - Ozone container server stopped.
2019-07-16 14:29:07,014 INFO  handler.ContextHandler (ContextHandler.java:doStop(910)) - Stopped o.e.j.w.WebAppContext@1bd5b1c8{/,null,UNAVAILABLE}{/hddsDatanode}
2019-07-16 14:29:07,014 INFO  server.AbstractConnector (AbstractConnector.java:doStop(318)) - Stopped ServerConnector@569026df{HTTP/1.1,[http/1.1]}{0.0.0.0:0}
2019-07-16 14:29:07,016 INFO  handler.ContextHandler (ContextHandler.java:doStop(910)) - Stopped o.e.j.s.ServletContextHandler@73bd146c{/static,jar:file:/home/user/.m2/repository/org/apache/hadoop/hadoop-hdds-container-service/0.5.0-SNAPSHOT/hadoop-hdds-container-service-0.5.0-SNAPSHOT.jar!/webapps/static,UNAVAILABLE}
2019-07-16 14:29:07,018 INFO  handler.ContextHandler (ContextHandler.java:doStop(910)) - Stopped o.e.j.s.ServletContextHandler@34f3c920{/logs,file:///workdir/hadoop-ozone/integration-test/target/log,UNAVAILABLE}
2019-07-16 14:29:07,019 INFO  datanode.ObjectStoreHandler (ObjectStoreHandler.java:close(155)) - Closing ObjectStoreHandler.
2019-07-16 14:29:07,019 INFO  ozone.HddsDatanodeService (HddsDatanodeService.java:stop(452)) - Stopped plug-in org.apache.hadoop.ozone.web.OzoneHddsDatanodeService@2b08f55a
2019-07-16 14:29:07,169 INFO  statemachine.DatanodeStateMachine (DatanodeStateMachine.java:lambda$startDaemon$0(350)) - Ozone container server started.
2019-07-16 14:29:07,759 WARN  server.GrpcLogAppender (LogUtils.java:warn(134)) - 2ad005df-7356-43ac-8be0-94a315a19afd->b13972bc-cfe5-4444-bfc8-64356d4b7092: Failed appendEntries: org.apache.ratis.thirdparty.io.grpc.StatusRuntimeException: UNAVAILABLE: io exception
2019-07-16 14:29:07,760 INFO  impl.FollowerInfo (FollowerInfo.java:lambda$new$0(50)) - 2ad005df-7356-43ac-8be0-94a315a19afd->b13972bc-cfe5-4444-bfc8-64356d4b7092: nextIndex: updateUnconditionally 0 -> 0
2019-07-16 14:29:07,762 WARN  server.GrpcLogAppender (LogUtils.java:warn(134)) - 2ad005df-7356-43ac-8be0-94a315a19afd->a116cde0-b8cc-4aed-a2c8-942c7d496824: Failed appendEntries: org.apache.ratis.thirdparty.io.grpc.StatusRuntimeException: UNAVAILABLE: io exception
2019-07-16 14:29:07,762 INFO  impl.FollowerInfo (FollowerInfo.java:lambda$new$0(50)) - 2ad005df-7356-43ac-8be0-94a315a19afd->a116cde0-b8cc-4aed-a2c8-942c7d496824: nextIndex: updateUnconditionally 0 -> 0
2019-07-16 14:29:07,999 INFO  statemachine.DatanodeStateMachine (DatanodeStateMachine.java:lambda$startDaemon$0(350)) - Ozone container server started.
2019-07-16 14:29:10,261 WARN  server.GrpcLogAppender (LogUtils.java:warn(134)) - 2ad005df-7356-43ac-8be0-94a315a19afd->b13972bc-cfe5-4444-bfc8-64356d4b7092: Failed appendEntries: org.apache.ratis.thirdparty.io.grpc.StatusRuntimeException: UNAVAILABLE: io exception
2019-07-16 14:29:10,261 INFO  impl.FollowerInfo (FollowerInfo.java:lambda$new$0(50)) - 2ad005df-7356-43ac-8be0-94a315a19afd->b13972bc-cfe5-4444-bfc8-64356d4b7092: nextIndex: updateUnconditionally 0 -> 0
2019-07-16 14:29:10,262 WARN  server.GrpcLogAppender (LogUtils.java:warn(134)) - 2ad005df-7356-43ac-8be0-94a315a19afd->a116cde0-b8cc-4aed-a2c8-942c7d496824: Failed appendEntries: org.apache.ratis.thirdparty.io.grpc.StatusRuntimeException: UNAVAILABLE: io exception
2019-07-16 14:29:10,262 INFO  impl.FollowerInfo (FollowerInfo.java:lambda$new$0(50)) - 2ad005df-7356-43ac-8be0-94a315a19afd->a116cde0-b8cc-4aed-a2c8-942c7d496824: nextIndex: updateUnconditionally 0 -> 0
2019-07-16 14:29:11,224 INFO  node.StaleNodeHandler (StaleNodeHandler.java:onMessage(58)) - Datanode 2d354733-a052-45b2-b966-a6227200d8c2{ip: 192.168.157.241, host: trunk-nightly-gllmw-2332419065, networkLocation: /default-rack, certSerialId: null} moved to stale state. Finalizing its pipelines [PipelineID=11dcc11c-4bf6-47d0-80f6-ac9873638434]
2019-07-16 14:29:11,225 INFO  pipeline.SCMPipelineManager (SCMPipelineManager.java:finalizeAndDestroyPipeline(309)) - destroying pipeline:Pipeline[ Id: 11dcc11c-4bf6-47d0-80f6-ac9873638434, Nodes: 2d354733-a052-45b2-b966-a6227200d8c2{ip: 192.168.157.241, host: trunk-nightly-gllmw-2332419065, networkLocation: /default-rack, certSerialId: null}, Type:RATIS, Factor:ONE, State:OPEN]
2019-07-16 14:29:11,225 INFO  pipeline.PipelineStateManager (PipelineStateManager.java:finalizePipeline(123)) - Pipeline Pipeline[ Id: 11dcc11c-4bf6-47d0-80f6-ac9873638434, Nodes: 2d354733-a052-45b2-b966-a6227200d8c2{ip: 192.168.157.241, host: trunk-nightly-gllmw-2332419065, networkLocation: /default-rack, certSerialId: null}, Type:RATIS, Factor:ONE, State:CLOSED] moved to CLOSED state
2019-07-16 14:29:12,005 INFO  ozoneimpl.OzoneContainer (OzoneContainer.java:stop(199)) - Attempting to stop container services.
2019-07-16 14:29:12,005 INFO  impl.RaftServerProxy (RaftServerProxy.java:lambda$close$4(314)) - 2d354733-a052-45b2-b966-a6227200d8c2: close
2019-07-16 14:29:12,006 INFO  impl.RaftServerImpl (RaftServerImpl.java:lambda$shutdown$3(245)) - 2d354733-a052-45b2-b966-a6227200d8c2: shutdown group-AC9873638434
2019-07-16 14:29:12,006 INFO  util.JmxRegister (JmxRegister.java:unregister(73)) - Successfully un-registered JMX Bean with object name Ratis:service=RaftServer,group=group-AC9873638434,id=2d354733-a052-45b2-b966-a6227200d8c2
2019-07-16 14:29:12,007 INFO  impl.RoleInfo (RoleInfo.java:shutdownLeaderState(104)) - 2d354733-a052-45b2-b966-a6227200d8c2: shutdown LeaderState
2019-07-16 14:29:12,007 INFO  impl.PendingRequests (PendingRequests.java:sendNotLeaderResponses(202)) - 2d354733-a052-45b2-b966-a6227200d8c2-PendingRequests: sendNotLeaderResponses
2019-07-16 14:29:12,008 INFO  impl.StateMachineUpdater (StateMachineUpdater.java:stopAndJoin(115)) - StateMachineUpdater:2d354733-a052-45b2-b966-a6227200d8c2:group-AC9873638434: set stopIndex = 0
2019-07-16 14:29:12,008 INFO  impl.RaftServerImpl (ServerState.java:close(394)) - 2d354733-a052-45b2-b966-a6227200d8c2:group-AC9873638434 closes. The last applied log index is 0
2019-07-16 14:29:12,008 INFO  segmented.SegmentedRaftLogWorker (SegmentedRaftLogWorker.java:run(313)) - 2d354733-a052-45b2-b966-a6227200d8c2-SegmentedRaftLogWorker:Storage Directory /workdir/hadoop-ozone/integration-test/target/test-dir/MiniOzoneClusterImpl-0f602919-0210-418c-bc40-44414be8bf8b/datanode-6/data/ratis/11dcc11c-4bf6-47d0-80f6-ac9873638434 was interrupted, exiting. There are 0 tasks remaining in the queue.
2019-07-16 14:29:12,011 INFO  segmented.SegmentedRaftLogWorker (SegmentedRaftLogWorker.java:close(228)) - 2d354733-a052-45b2-b966-a6227200d8c2-SegmentedRaftLogWorker:Storage Directory /workdir/hadoop-ozone/integration-test/target/test-dir/MiniOzoneClusterImpl-0f602919-0210-418c-bc40-44414be8bf8b/datanode-6/data/ratis/11dcc11c-4bf6-47d0-80f6-ac9873638434 close()
2019-07-16 14:29:12,014 INFO  server.GrpcService (GrpcService.java:closeImpl(155)) - 2d354733-a052-45b2-b966-a6227200d8c2: shutdown server with port 43241 now
2019-07-16 14:29:12,016 INFO  server.GrpcService (GrpcService.java:closeImpl(163)) - 2d354733-a052-45b2-b966-a6227200d8c2: shutdown server with port 43241 successfully
2019-07-16 14:29:12,017 INFO  utils.BackgroundService (BackgroundService.java:shutdown(148)) - Shutting down service BlockDeletingService
2019-07-16 14:29:12,020 INFO  ozoneimpl.OzoneContainer (OzoneContainer.java:stop(199)) - Attempting to stop container services.
2019-07-16 14:29:12,021 INFO  impl.RaftServerProxy (RaftServerProxy.java:lambda$close$4(314)) - 2ad005df-7356-43ac-8be0-94a315a19afd: close
2019-07-16 14:29:12,021 INFO  impl.RaftServerImpl (RaftServerImpl.java:lambda$shutdown$3(245)) - 2ad005df-7356-43ac-8be0-94a315a19afd: shutdown group-99682128918E
2019-07-16 14:29:12,021 WARN  fs.CachingGetSpaceUsed (CachingGetSpaceUsed.java:run(183)) - Thread Interrupted waiting to refresh disk information: sleep interrupted
2019-07-16 14:29:12,021 INFO  util.JmxRegister (JmxRegister.java:unregister(73)) - Successfully un-registered JMX Bean with object name Ratis:service=RaftServer,group=group-99682128918E,id=2ad005df-7356-43ac-8be0-94a315a19afd
2019-07-16 14:29:12,022 INFO  impl.RoleInfo (RoleInfo.java:shutdownLeaderState(104)) - 2ad005df-7356-43ac-8be0-94a315a19afd: shutdown LeaderState
2019-07-16 14:29:12,022 INFO  impl.PendingRequests (PendingRequests.java:sendNotLeaderResponses(202)) - 2ad005df-7356-43ac-8be0-94a315a19afd-PendingRequests: sendNotLeaderResponses
2019-07-16 14:29:12,023 INFO  impl.StateMachineUpdater (StateMachineUpdater.java:stopAndJoin(115)) - StateMachineUpdater:2ad005df-7356-43ac-8be0-94a315a19afd:group-99682128918E: set stopIndex = 0
2019-07-16 14:29:12,023 INFO  impl.RaftServerImpl (ServerState.java:close(394)) - 2ad005df-7356-43ac-8be0-94a315a19afd:group-99682128918E closes. The last applied log index is 0
2019-07-16 14:29:12,023 INFO  segmented.SegmentedRaftLogWorker (SegmentedRaftLogWorker.java:run(313)) - 2ad005df-7356-43ac-8be0-94a315a19afd-SegmentedRaftLogWorker:Storage Directory /workdir/hadoop-ozone/integration-test/target/test-dir/MiniOzoneClusterImpl-0f602919-0210-418c-bc40-44414be8bf8b/datanode-5/data/ratis/dafdcb3c-c669-4a47-b502-99682128918e was interrupted, exiting. There are 0 tasks remaining in the queue.
2019-07-16 14:29:12,025 INFO  segmented.SegmentedRaftLogWorker (SegmentedRaftLogWorker.java:close(228)) - 2ad005df-7356-43ac-8be0-94a315a19afd-SegmentedRaftLogWorker:Storage Directory /workdir/hadoop-ozone/integration-test/target/test-dir/MiniOzoneClusterImpl-0f602919-0210-418c-bc40-44414be8bf8b/datanode-5/data/ratis/dafdcb3c-c669-4a47-b502-99682128918e close()
2019-07-16 14:29:12,025 INFO  node.StaleNodeHandler (StaleNodeHandler.java:onMessage(58)) - Datanode 2ad005df-7356-43ac-8be0-94a315a19afd{ip: 192.168.157.241, host: trunk-nightly-gllmw-2332419065, networkLocation: /default-rack, certSerialId: null} moved to stale state. Finalizing its pipelines [PipelineID=dafdcb3c-c669-4a47-b502-99682128918e, PipelineID=5443d668-b586-40b1-8a8f-c9868fb631b4]
2019-07-16 14:29:12,032 INFO  impl.RaftServerImpl (RaftServerImpl.java:lambda$shutdown$3(245)) - 2ad005df-7356-43ac-8be0-94a315a19afd: shutdown group-C9868FB631B4
2019-07-16 14:29:12,032 INFO  pipeline.SCMPipelineManager (SCMPipelineManager.java:finalizeAndDestroyPipeline(309)) - destroying pipeline:Pipeline[ Id: dafdcb3c-c669-4a47-b502-99682128918e, Nodes: 2ad005df-7356-43ac-8be0-94a315a19afd{ip: 192.168.157.241, host: trunk-nightly-gllmw-2332419065, networkLocation: /default-rack, certSerialId: null}, Type:RATIS, Factor:ONE, State:OPEN]
2019-07-16 14:29:12,033 INFO  util.JmxRegister (JmxRegister.java:unregister(73)) - Successfully un-registered JMX Bean with object name Ratis:service=RaftServer,group=group-C9868FB631B4,id=2ad005df-7356-43ac-8be0-94a315a19afd
2019-07-16 14:29:12,033 INFO  pipeline.PipelineStateManager (PipelineStateManager.java:finalizePipeline(123)) - Pipeline Pipeline[ Id: dafdcb3c-c669-4a47-b502-99682128918e, Nodes: 2ad005df-7356-43ac-8be0-94a315a19afd{ip: 192.168.157.241, host: trunk-nightly-gllmw-2332419065, networkLocation: /default-rack, certSerialId: null}, Type:RATIS, Factor:ONE, State:CLOSED] moved to CLOSED state
2019-07-16 14:29:12,033 INFO  impl.RoleInfo (RoleInfo.java:shutdownLeaderState(104)) - 2ad005df-7356-43ac-8be0-94a315a19afd: shutdown LeaderState
2019-07-16 14:29:12,033 INFO  pipeline.SCMPipelineManager (SCMPipelineManager.java:finalizeAndDestroyPipeline(309)) - destroying pipeline:Pipeline[ Id: 5443d668-b586-40b1-8a8f-c9868fb631b4, Nodes: b13972bc-cfe5-4444-bfc8-64356d4b7092{ip: 192.168.157.241, host: trunk-nightly-gllmw-2332419065, networkLocation: /default-rack, certSerialId: null}2ad005df-7356-43ac-8be0-94a315a19afd{ip: 192.168.157.241, host: trunk-nightly-gllmw-2332419065, networkLocation: /default-rack, certSerialId: null}a116cde0-b8cc-4aed-a2c8-942c7d496824{ip: 192.168.157.241, host: trunk-nightly-gllmw-2332419065, networkLocation: /default-rack, certSerialId: null}, Type:RATIS, Factor:THREE, State:CLOSED]
2019-07-16 14:29:12,036 WARN  server.GrpcLogAppender (GrpcLogAppender.java:mayWait(143)) - GrpcLogAppender(2ad005df-7356-43ac-8be0-94a315a19afd->a116cde0-b8cc-4aed-a2c8-942c7d496824): Wait interrupted by java.lang.InterruptedException
2019-07-16 14:29:12,036 WARN  server.GrpcLogAppender (GrpcLogAppender.java:mayWait(143)) - GrpcLogAppender(2ad005df-7356-43ac-8be0-94a315a19afd->b13972bc-cfe5-4444-bfc8-64356d4b7092): Wait interrupted by java.lang.InterruptedException
2019-07-16 14:29:12,036 INFO  impl.PendingRequests (PendingRequests.java:sendNotLeaderResponses(202)) - 2ad005df-7356-43ac-8be0-94a315a19afd-PendingRequests: sendNotLeaderResponses
2019-07-16 14:29:12,039 INFO  impl.StateMachineUpdater (StateMachineUpdater.java:stopAndJoin(115)) - StateMachineUpdater:2ad005df-7356-43ac-8be0-94a315a19afd:group-C9868FB631B4: set stopIndex = 0
2019-07-16 14:29:12,039 INFO  impl.RaftServerImpl (ServerState.java:close(394)) - 2ad005df-7356-43ac-8be0-94a315a19afd:group-C9868FB631B4 closes. The last applied log index is 0
2019-07-16 14:29:12,039 INFO  segmented.SegmentedRaftLogWorker (SegmentedRaftLogWorker.java:run(313)) - 2ad005df-7356-43ac-8be0-94a315a19afd-SegmentedRaftLogWorker:Storage Directory /workdir/hadoop-ozone/integration-test/target/test-dir/MiniOzoneClusterImpl-0f602919-0210-418c-bc40-44414be8bf8b/datanode-5/data/ratis/5443d668-b586-40b1-8a8f-c9868fb631b4 was interrupted, exiting. There are 0 tasks remaining in the queue.
2019-07-16 14:29:12,040 INFO  segmented.SegmentedRaftLogWorker (SegmentedRaftLogWorker.java:close(228)) - 2ad005df-7356-43ac-8be0-94a315a19afd-SegmentedRaftLogWorker:Storage Directory /workdir/hadoop-ozone/integration-test/target/test-dir/MiniOzoneClusterImpl-0f602919-0210-418c-bc40-44414be8bf8b/datanode-5/data/ratis/5443d668-b586-40b1-8a8f-c9868fb631b4 close()
2019-07-16 14:29:12,041 INFO  server.GrpcService (GrpcService.java:closeImpl(155)) - 2ad005df-7356-43ac-8be0-94a315a19afd: shutdown server with port 46833 now
2019-07-16 14:29:12,042 INFO  server.GrpcService (GrpcService.java:closeImpl(163)) - 2ad005df-7356-43ac-8be0-94a315a19afd: shutdown server with port 46833 successfully
2019-07-16 14:29:12,044 INFO  utils.BackgroundService (BackgroundService.java:shutdown(148)) - Shutting down service BlockDeletingService
2019-07-16 14:29:12,046 WARN  fs.CachingGetSpaceUsed (CachingGetSpaceUsed.java:run(183)) - Thread Interrupted waiting to refresh disk information: sleep interrupted
2019-07-16 14:29:12,056 INFO  statemachine.DatanodeStateMachine (DatanodeStateMachine.java:stopDaemon(395)) - Ozone container server stopped.
2019-07-16 14:29:12,057 INFO  handler.ContextHandler (ContextHandler.java:doStop(910)) - Stopped o.e.j.w.WebAppContext@6b862f17{/,null,UNAVAILABLE}{/hddsDatanode}
2019-07-16 14:29:12,059 INFO  server.AbstractConnector (AbstractConnector.java:doStop(318)) - Stopped ServerConnector@7e3b101b{HTTP/1.1,[http/1.1]}{0.0.0.0:0}
2019-07-16 14:29:12,059 INFO  handler.ContextHandler (ContextHandler.java:doStop(910)) - Stopped o.e.j.s.ServletContextHandler@27879518{/static,jar:file:/home/user/.m2/repository/org/apache/hadoop/hadoop-hdds-container-service/0.5.0-SNAPSHOT/hadoop-hdds-container-service-0.5.0-SNAPSHOT.jar!/webapps/static,UNAVAILABLE}
2019-07-16 14:29:12,060 INFO  handler.ContextHandler (ContextHandler.java:doStop(910)) - Stopped o.e.j.s.ServletContextHandler@7baf7a9d{/logs,file:///workdir/hadoop-ozone/integration-test/target/log,UNAVAILABLE}
2019-07-16 14:29:12,068 INFO  statemachine.DatanodeStateMachine (DatanodeStateMachine.java:stopDaemon(395)) - Ozone container server stopped.
2019-07-16 14:29:12,071 INFO  handler.ContextHandler (ContextHandler.java:doStop(910)) - Stopped o.e.j.w.WebAppContext@428440f2{/,null,UNAVAILABLE}{/hddsDatanode}
2019-07-16 14:29:12,072 INFO  server.AbstractConnector (AbstractConnector.java:doStop(318)) - Stopped ServerConnector@23c24c0e{HTTP/1.1,[http/1.1]}{0.0.0.0:0}
2019-07-16 14:29:12,073 INFO  handler.ContextHandler (ContextHandler.java:doStop(910)) - Stopped o.e.j.s.ServletContextHandler@8788194{/static,jar:file:/home/user/.m2/repository/org/apache/hadoop/hadoop-hdds-container-service/0.5.0-SNAPSHOT/hadoop-hdds-container-service-0.5.0-SNAPSHOT.jar!/webapps/static,UNAVAILABLE}
2019-07-16 14:29:12,074 INFO  handler.ContextHandler (ContextHandler.java:doStop(910)) - Stopped o.e.j.s.ServletContextHandler@489a722d{/logs,file:///workdir/hadoop-ozone/integration-test/target/log,UNAVAILABLE}
2019-07-16 14:29:12,075 INFO  ozone.MiniOzoneClusterImpl (MiniOzoneClusterImpl.java:stop(353)) - Stopping the StorageContainerManager
2019-07-16 14:29:12,076 INFO  server.StorageContainerManager (StorageContainerManager.java:stop(796)) - Stopping Replication Manager Service.
2019-07-16 14:29:12,076 INFO  container.ReplicationManager (ReplicationManager.java:stop(187)) - Stopping Replication Monitor Thread.
2019-07-16 14:29:12,076 INFO  server.StorageContainerManager (StorageContainerManager.java:stop(803)) - Stopping Lease Manager of the command watchers
2019-07-16 14:29:12,076 INFO  server.StorageContainerManager (StorageContainerManager.java:stop(810)) - Stopping datanode service RPC server
2019-07-16 14:29:12,076 INFO  server.SCMDatanodeProtocolServer (SCMDatanodeProtocolServer.java:stop(375)) - Stopping the RPC server for DataNodes
2019-07-16 14:29:12,077 INFO  ipc.Server (Server.java:stop(3082)) - Stopping server on 40949
2019-07-16 14:29:12,080 INFO  ipc.Server (Server.java:run(1185)) - Stopping IPC Server listener on 40949
2019-07-16 14:29:12,080 INFO  ipc.Server (Server.java:run(1319)) - Stopping IPC Server Responder
2019-07-16 14:29:12,125 WARN  node.NodeStateManager (NodeStateManager.java:scheduleNextHealthCheck(631)) - Current Thread is interrupted, shutting down HB processing thread for Node Manager.
2019-07-16 14:29:12,126 INFO  server.StorageContainerManager (StorageContainerManager.java:stop(818)) - Stopping block service RPC server
2019-07-16 14:29:12,126 INFO  server.SCMBlockProtocolServer (SCMBlockProtocolServer.java:stop(148)) - Stopping the RPC server for Block Protocol
2019-07-16 14:29:12,126 INFO  ipc.Server (Server.java:stop(3082)) - Stopping server on 43014
2019-07-16 14:29:12,128 INFO  server.StorageContainerManager (StorageContainerManager.java:stop(825)) - Stopping the StorageContainerLocationProtocol RPC server
2019-07-16 14:29:12,128 INFO  ipc.Server (Server.java:run(1185)) - Stopping IPC Server listener on 43014
2019-07-16 14:29:12,128 INFO  server.SCMClientProtocolServer (SCMClientProtocolServer.java:stop(157)) - Stopping the RPC server for Client Protocol
2019-07-16 14:29:12,129 INFO  ipc.Server (Server.java:stop(3082)) - Stopping server on 41778
2019-07-16 14:29:12,128 INFO  ipc.Server (Server.java:run(1319)) - Stopping IPC Server Responder
2019-07-16 14:29:12,131 INFO  server.StorageContainerManager (StorageContainerManager.java:stop(832)) - Stopping Storage Container Manager HTTP server.
2019-07-16 14:29:12,132 INFO  ipc.Server (Server.java:run(1185)) - Stopping IPC Server listener on 41778
2019-07-16 14:29:12,133 INFO  ipc.Server (Server.java:run(1319)) - Stopping IPC Server Responder
2019-07-16 14:29:12,134 INFO  handler.ContextHandler (ContextHandler.java:doStop(910)) - Stopped o.e.j.w.WebAppContext@23cfc9eb{/,null,UNAVAILABLE}{/scm}
2019-07-16 14:29:12,134 INFO  server.AbstractConnector (AbstractConnector.java:doStop(318)) - Stopped ServerConnector@14af9f51{HTTP/1.1,[http/1.1]}{0.0.0.0:0}
2019-07-16 14:29:12,135 INFO  handler.ContextHandler (ContextHandler.java:doStop(910)) - Stopped o.e.j.s.ServletContextHandler@5dfb078{/static,file:///workdir/hadoop-ozone/integration-test/target/test-classes/webapps/static,UNAVAILABLE}
2019-07-16 14:29:12,135 INFO  handler.ContextHandler (ContextHandler.java:doStop(910)) - Stopped o.e.j.s.ServletContextHandler@4c90fc3b{/logs,file:///workdir/hadoop-ozone/integration-test/target/log,UNAVAILABLE}
2019-07-16 14:29:12,136 INFO  server.StorageContainerManager (StorageContainerManager.java:stop(843)) - Stopping Block Manager Service.
2019-07-16 14:29:12,136 INFO  utils.BackgroundService (BackgroundService.java:shutdown(148)) - Shutting down service SCMBlockDeletingService
2019-07-16 14:29:12,137 INFO  utils.BackgroundService (BackgroundService.java:shutdown(148)) - Shutting down service SCMBlockDeletingService
2019-07-16 14:29:12,137 INFO  server.StorageContainerManager (StorageContainerManager.java:stop(865)) - Stopping SCM Event Queue.
2019-07-16 14:29:12,141 INFO  impl.MetricsSystemImpl (MetricsSystemImpl.java:stop(210)) - Stopping HddsDatanode metrics system...
2019-07-16 14:29:12,151 INFO  impl.MetricsSystemImpl (MetricsSystemImpl.java:stop(216)) - HddsDatanode metrics system stopped.
]]></system-out>
    <system-err><![CDATA[Jul 16, 2019 2:28:39 PM com.sun.jersey.server.impl.application.WebApplicationImpl _initiate
INFO: Initiating Jersey application, version 'Jersey: 1.19 02/11/2015 03:25 AM'
Jul 16, 2019 2:28:40 PM com.sun.jersey.server.impl.application.WebApplicationImpl _initiate
INFO: Initiating Jersey application, version 'Jersey: 1.19 02/11/2015 03:25 AM'
Jul 16, 2019 2:28:40 PM com.sun.jersey.server.impl.application.WebApplicationImpl _initiate
INFO: Initiating Jersey application, version 'Jersey: 1.19 02/11/2015 03:25 AM'
Jul 16, 2019 2:28:40 PM com.sun.jersey.server.impl.application.WebApplicationImpl _initiate
INFO: Initiating Jersey application, version 'Jersey: 1.19 02/11/2015 03:25 AM'
Jul 16, 2019 2:28:40 PM com.sun.jersey.server.impl.application.WebApplicationImpl _initiate
INFO: Initiating Jersey application, version 'Jersey: 1.19 02/11/2015 03:25 AM'
Jul 16, 2019 2:28:40 PM com.sun.jersey.server.impl.application.WebApplicationImpl _initiate
INFO: Initiating Jersey application, version 'Jersey: 1.19 02/11/2015 03:25 AM'
Jul 16, 2019 2:28:41 PM com.sun.jersey.server.impl.application.WebApplicationImpl _initiate
INFO: Initiating Jersey application, version 'Jersey: 1.19 02/11/2015 03:25 AM'
Jul 16, 2019 2:28:43 PM org.apache.ratis.thirdparty.io.grpc.internal.ManagedChannelOrphanWrapper$ManagedChannelReference cleanQueue
SEVERE: *~*~*~ Channel ManagedChannelImpl{logId=2871, target=192.168.157.241:43446} was not shutdown properly!!! ~*~*~*
    Make sure to call shutdown()/shutdownNow() and wait until awaitTermination() returns true.
java.lang.RuntimeException: ManagedChannel allocation site
	at org.apache.ratis.thirdparty.io.grpc.internal.ManagedChannelOrphanWrapper$ManagedChannelReference.<init>(ManagedChannelOrphanWrapper.java:103)
	at org.apache.ratis.thirdparty.io.grpc.internal.ManagedChannelOrphanWrapper.<init>(ManagedChannelOrphanWrapper.java:53)
	at org.apache.ratis.thirdparty.io.grpc.internal.ManagedChannelOrphanWrapper.<init>(ManagedChannelOrphanWrapper.java:44)
	at org.apache.ratis.thirdparty.io.grpc.internal.AbstractManagedChannelImplBuilder.build(AbstractManagedChannelImplBuilder.java:411)
	at org.apache.ratis.grpc.client.GrpcClientProtocolClient.<init>(GrpcClientProtocolClient.java:119)
	at org.apache.ratis.grpc.client.GrpcClientRpc.lambda$new$0(GrpcClientRpc.java:55)
	at org.apache.ratis.util.PeerProxyMap$PeerAndProxy.lambda$getProxy$0(PeerProxyMap.java:61)
	at org.apache.ratis.util.LifeCycle.startAndTransition(LifeCycle.java:202)
	at org.apache.ratis.util.PeerProxyMap$PeerAndProxy.getProxy(PeerProxyMap.java:60)
	at org.apache.ratis.util.PeerProxyMap.getProxy(PeerProxyMap.java:107)
	at org.apache.ratis.grpc.client.GrpcClientRpc.sendRequestAsync(GrpcClientRpc.java:66)
	at org.apache.ratis.client.impl.OrderedAsync.sendRequest(OrderedAsync.java:208)
	at org.apache.ratis.client.impl.OrderedAsync.sendRequestWithRetry(OrderedAsync.java:169)
	at org.apache.ratis.util.SlidingWindow$Client.sendOrDelayRequest(SlidingWindow.java:278)
	at org.apache.ratis.util.SlidingWindow$Client.retry(SlidingWindow.java:294)
	at org.apache.ratis.client.impl.OrderedAsync.lambda$scheduleWithTimeout$7(OrderedAsync.java:195)
	at org.apache.ratis.util.TimeoutScheduler.lambda$onTimeout$0(TimeoutScheduler.java:85)
	at org.apache.ratis.util.TimeoutScheduler.lambda$onTimeout$1(TimeoutScheduler.java:104)
	at org.apache.ratis.util.LogUtils.runAndLog(LogUtils.java:50)
	at org.apache.ratis.util.LogUtils$1.run(LogUtils.java:91)
	at java.util.concurrent.Executors$RunnableAdapter.call(Executors.java:511)
	at java.util.concurrent.FutureTask.run(FutureTask.java:266)
	at java.util.concurrent.ScheduledThreadPoolExecutor$ScheduledFutureTask.access$201(ScheduledThreadPoolExecutor.java:180)
	at java.util.concurrent.ScheduledThreadPoolExecutor$ScheduledFutureTask.run(ScheduledThreadPoolExecutor.java:293)
	at java.util.concurrent.ThreadPoolExecutor.runWorker(ThreadPoolExecutor.java:1149)
	at java.util.concurrent.ThreadPoolExecutor$Worker.run(ThreadPoolExecutor.java:624)
	at java.lang.Thread.run(Thread.java:748)

Jul 16, 2019 2:28:43 PM org.apache.ratis.thirdparty.io.grpc.internal.ManagedChannelOrphanWrapper$ManagedChannelReference cleanQueue
SEVERE: *~*~*~ Channel ManagedChannelImpl{logId=2876, target=192.168.157.241:34039} was not shutdown properly!!! ~*~*~*
    Make sure to call shutdown()/shutdownNow() and wait until awaitTermination() returns true.
java.lang.RuntimeException: ManagedChannel allocation site
	at org.apache.ratis.thirdparty.io.grpc.internal.ManagedChannelOrphanWrapper$ManagedChannelReference.<init>(ManagedChannelOrphanWrapper.java:103)
	at org.apache.ratis.thirdparty.io.grpc.internal.ManagedChannelOrphanWrapper.<init>(ManagedChannelOrphanWrapper.java:53)
	at org.apache.ratis.thirdparty.io.grpc.internal.ManagedChannelOrphanWrapper.<init>(ManagedChannelOrphanWrapper.java:44)
	at org.apache.ratis.thirdparty.io.grpc.internal.AbstractManagedChannelImplBuilder.build(AbstractManagedChannelImplBuilder.java:411)
	at org.apache.ratis.grpc.client.GrpcClientProtocolClient.<init>(GrpcClientProtocolClient.java:119)
	at org.apache.ratis.grpc.client.GrpcClientRpc.lambda$new$0(GrpcClientRpc.java:55)
	at org.apache.ratis.util.PeerProxyMap$PeerAndProxy.lambda$getProxy$0(PeerProxyMap.java:61)
	at org.apache.ratis.util.LifeCycle.startAndTransition(LifeCycle.java:202)
	at org.apache.ratis.util.PeerProxyMap$PeerAndProxy.getProxy(PeerProxyMap.java:60)
	at org.apache.ratis.util.PeerProxyMap.getProxy(PeerProxyMap.java:107)
	at org.apache.ratis.grpc.client.GrpcClientRpc.sendRequestAsync(GrpcClientRpc.java:66)
	at org.apache.ratis.client.impl.OrderedAsync.sendRequest(OrderedAsync.java:208)
	at org.apache.ratis.client.impl.OrderedAsync.sendRequestWithRetry(OrderedAsync.java:169)
	at org.apache.ratis.util.SlidingWindow$Client.sendOrDelayRequest(SlidingWindow.java:278)
	at org.apache.ratis.util.SlidingWindow$Client.submitNewRequest(SlidingWindow.java:257)
	at org.apache.ratis.client.impl.OrderedAsync.send(OrderedAsync.java:155)
	at org.apache.ratis.client.impl.RaftClientImpl.sendAsync(RaftClientImpl.java:145)
	at org.apache.ratis.client.impl.RaftClientImpl.sendAsync(RaftClientImpl.java:125)
	at org.apache.hadoop.hdds.scm.XceiverClientRatis.sendRequestAsync(XceiverClientRatis.java:224)
	at org.apache.hadoop.hdds.scm.XceiverClientRatis.sendCommandAsync(XceiverClientRatis.java:302)
	at org.apache.hadoop.hdds.scm.storage.ContainerProtocolCalls.writeChunkAsync(ContainerProtocolCalls.java:310)
	at org.apache.hadoop.hdds.scm.storage.BlockOutputStream.writeChunkToContainer(BlockOutputStream.java:602)
	at org.apache.hadoop.hdds.scm.storage.BlockOutputStream.writeChunk(BlockOutputStream.java:460)
	at org.apache.hadoop.hdds.scm.storage.BlockOutputStream.writeOnRetry(BlockOutputStream.java:286)
	at org.apache.hadoop.ozone.client.io.BlockOutputStreamEntry.writeOnRetry(BlockOutputStreamEntry.java:200)
	at org.apache.hadoop.ozone.client.io.KeyOutputStream.handleWrite(KeyOutputStream.java:209)
	at org.apache.hadoop.ozone.client.io.KeyOutputStream.handleRetry(KeyOutputStream.java:376)
	at org.apache.hadoop.ozone.client.io.KeyOutputStream.handleException(KeyOutputStream.java:325)
	at org.apache.hadoop.ozone.client.io.KeyOutputStream.handleFlushOrClose(KeyOutputStream.java:448)
	at org.apache.hadoop.ozone.client.io.KeyOutputStream.handleWrite(KeyOutputStream.java:235)
	at org.apache.hadoop.ozone.client.io.KeyOutputStream.write(KeyOutputStream.java:193)
	at org.apache.hadoop.ozone.client.io.OzoneOutputStream.write(OzoneOutputStream.java:49)
	at java.io.OutputStream.write(OutputStream.java:75)
	at org.apache.hadoop.ozone.client.rpc.TestBlockOutputStreamWithFailures.testWatchForCommitWithSingleNodeRatis(TestBlockOutputStreamWithFailures.java:881)
	at sun.reflect.NativeMethodAccessorImpl.invoke0(Native Method)
	at sun.reflect.NativeMethodAccessorImpl.invoke(NativeMethodAccessorImpl.java:62)
	at sun.reflect.DelegatingMethodAccessorImpl.invoke(DelegatingMethodAccessorImpl.java:43)
	at java.lang.reflect.Method.invoke(Method.java:498)
	at org.junit.runners.model.FrameworkMethod$1.runReflectiveCall(FrameworkMethod.java:47)
	at org.junit.internal.runners.model.ReflectiveCallable.run(ReflectiveCallable.java:12)
	at org.junit.runners.model.FrameworkMethod.invokeExplosively(FrameworkMethod.java:44)
	at org.junit.internal.runners.statements.InvokeMethod.evaluate(InvokeMethod.java:17)
	at org.junit.internal.runners.statements.RunBefores.evaluate(RunBefores.java:26)
	at org.junit.internal.runners.statements.RunAfters.evaluate(RunAfters.java:27)
	at org.junit.runners.ParentRunner.runLeaf(ParentRunner.java:271)
	at org.junit.runners.BlockJUnit4ClassRunner.runChild(BlockJUnit4ClassRunner.java:70)
	at org.junit.runners.BlockJUnit4ClassRunner.runChild(BlockJUnit4ClassRunner.java:50)
	at org.junit.runners.ParentRunner$3.run(ParentRunner.java:238)
	at org.junit.runners.ParentRunner$1.schedule(ParentRunner.java:63)
	at org.junit.runners.ParentRunner.runChildren(ParentRunner.java:236)
	at org.junit.runners.ParentRunner.access$000(ParentRunner.java:53)
	at org.junit.runners.ParentRunner$2.evaluate(ParentRunner.java:229)
	at org.junit.runners.ParentRunner.run(ParentRunner.java:309)
	at org.apache.maven.surefire.junit4.JUnit4Provider.execute(JUnit4Provider.java:365)
	at org.apache.maven.surefire.junit4.JUnit4Provider.executeWithRerun(JUnit4Provider.java:273)
	at org.apache.maven.surefire.junit4.JUnit4Provider.executeTestSet(JUnit4Provider.java:238)
	at org.apache.maven.surefire.junit4.JUnit4Provider.invoke(JUnit4Provider.java:159)
	at org.apache.maven.surefire.booter.ForkedBooter.invokeProviderInSameClassLoader(ForkedBooter.java:384)
	at org.apache.maven.surefire.booter.ForkedBooter.runSuitesInProcess(ForkedBooter.java:345)
	at org.apache.maven.surefire.booter.ForkedBooter.execute(ForkedBooter.java:126)
	at org.apache.maven.surefire.booter.ForkedBooter.main(ForkedBooter.java:418)

]]></system-err>
  </testcase>
  <testcase name="testFailureWithPrimeSizedData" classname="org.apache.hadoop.ozone.client.rpc.TestBlockOutputStreamWithFailures" time="37.029">
    <error type="java.lang.IllegalArgumentException">java.lang.IllegalArgumentException
	at com.google.common.base.Preconditions.checkArgument(Preconditions.java:72)
	at org.apache.hadoop.hdds.scm.XceiverClientManager.acquireClient(XceiverClientManager.java:150)
	at org.apache.hadoop.hdds.scm.XceiverClientManager.acquireClientForReadData(XceiverClientManager.java:143)
	at org.apache.hadoop.hdds.scm.storage.BlockInputStream.getChunkInfos(BlockInputStream.java:154)
	at org.apache.hadoop.hdds.scm.storage.BlockInputStream.initialize(BlockInputStream.java:118)
	at org.apache.hadoop.hdds.scm.storage.BlockInputStream.read(BlockInputStream.java:222)
	at org.apache.hadoop.ozone.client.io.KeyInputStream.read(KeyInputStream.java:171)
	at org.apache.hadoop.ozone.client.io.OzoneInputStream.read(OzoneInputStream.java:47)
	at java.io.InputStream.read(InputStream.java:101)
	at org.apache.hadoop.ozone.container.ContainerTestHelper.validateData(ContainerTestHelper.java:709)
	at org.apache.hadoop.ozone.client.rpc.TestBlockOutputStreamWithFailures.validateData(TestBlockOutputStreamWithFailures.java:1212)
	at org.apache.hadoop.ozone.client.rpc.TestBlockOutputStreamWithFailures.testFailureWithPrimeSizedData(TestBlockOutputStreamWithFailures.java:658)
	at sun.reflect.NativeMethodAccessorImpl.invoke0(Native Method)
	at sun.reflect.NativeMethodAccessorImpl.invoke(NativeMethodAccessorImpl.java:62)
	at sun.reflect.DelegatingMethodAccessorImpl.invoke(DelegatingMethodAccessorImpl.java:43)
	at java.lang.reflect.Method.invoke(Method.java:498)
	at org.junit.runners.model.FrameworkMethod$1.runReflectiveCall(FrameworkMethod.java:47)
	at org.junit.internal.runners.model.ReflectiveCallable.run(ReflectiveCallable.java:12)
	at org.junit.runners.model.FrameworkMethod.invokeExplosively(FrameworkMethod.java:44)
	at org.junit.internal.runners.statements.InvokeMethod.evaluate(InvokeMethod.java:17)
	at org.junit.internal.runners.statements.RunBefores.evaluate(RunBefores.java:26)
	at org.junit.internal.runners.statements.RunAfters.evaluate(RunAfters.java:27)
	at org.junit.runners.ParentRunner.runLeaf(ParentRunner.java:271)
	at org.junit.runners.BlockJUnit4ClassRunner.runChild(BlockJUnit4ClassRunner.java:70)
	at org.junit.runners.BlockJUnit4ClassRunner.runChild(BlockJUnit4ClassRunner.java:50)
	at org.junit.runners.ParentRunner$3.run(ParentRunner.java:238)
	at org.junit.runners.ParentRunner$1.schedule(ParentRunner.java:63)
	at org.junit.runners.ParentRunner.runChildren(ParentRunner.java:236)
	at org.junit.runners.ParentRunner.access$000(ParentRunner.java:53)
	at org.junit.runners.ParentRunner$2.evaluate(ParentRunner.java:229)
	at org.junit.runners.ParentRunner.run(ParentRunner.java:309)
	at org.apache.maven.surefire.junit4.JUnit4Provider.execute(JUnit4Provider.java:365)
	at org.apache.maven.surefire.junit4.JUnit4Provider.executeWithRerun(JUnit4Provider.java:273)
	at org.apache.maven.surefire.junit4.JUnit4Provider.executeTestSet(JUnit4Provider.java:238)
	at org.apache.maven.surefire.junit4.JUnit4Provider.invoke(JUnit4Provider.java:159)
	at org.apache.maven.surefire.booter.ForkedBooter.invokeProviderInSameClassLoader(ForkedBooter.java:384)
	at org.apache.maven.surefire.booter.ForkedBooter.runSuitesInProcess(ForkedBooter.java:345)
	at org.apache.maven.surefire.booter.ForkedBooter.execute(ForkedBooter.java:126)
	at org.apache.maven.surefire.booter.ForkedBooter.main(ForkedBooter.java:418)
</error>
    <system-out><![CDATA[2019-07-16 14:29:12,194 WARN  server.ServerUtils (ServerUtils.java:getScmDbDir(145)) - ozone.scm.db.dirs is not configured. We recommend adding this setting. Falling back to ozone.metadata.dirs instead.
2019-07-16 14:29:12,209 WARN  server.ServerUtils (ServerUtils.java:getScmDbDir(145)) - ozone.scm.db.dirs is not configured. We recommend adding this setting. Falling back to ozone.metadata.dirs instead.
2019-07-16 14:29:12,209 WARN  server.ServerUtils (ServerUtils.java:getScmDbDir(145)) - ozone.scm.db.dirs is not configured. We recommend adding this setting. Falling back to ozone.metadata.dirs instead.
2019-07-16 14:29:12,210 INFO  db.DBStoreBuilder (DBStoreBuilder.java:addTable(110)) - using custom profile for table: deletedBlocks
2019-07-16 14:29:12,210 INFO  db.DBStoreBuilder (DBStoreBuilder.java:processTables(161)) - Using default column profile:DBProfile.DISK for Table:deletedBlocks
2019-07-16 14:29:12,210 INFO  db.DBStoreBuilder (DBStoreBuilder.java:addTable(110)) - using custom profile for table: validCerts
2019-07-16 14:29:12,211 INFO  db.DBStoreBuilder (DBStoreBuilder.java:processTables(161)) - Using default column profile:DBProfile.DISK for Table:validCerts
2019-07-16 14:29:12,211 INFO  db.DBStoreBuilder (DBStoreBuilder.java:addTable(110)) - using custom profile for table: revokedCerts
2019-07-16 14:29:12,211 INFO  db.DBStoreBuilder (DBStoreBuilder.java:processTables(161)) - Using default column profile:DBProfile.DISK for Table:revokedCerts
2019-07-16 14:29:12,211 INFO  db.DBStoreBuilder (DBStoreBuilder.java:addTable(110)) - using custom profile for table: default
2019-07-16 14:29:12,211 INFO  db.DBStoreBuilder (DBStoreBuilder.java:processTables(167)) - Using default column profile:DBProfile.DISK for Table:default
2019-07-16 14:29:12,212 INFO  db.DBStoreBuilder (DBStoreBuilder.java:getDbProfile(198)) - Using default options. DBProfile.DISK
2019-07-16 14:29:12,367 INFO  net.NodeSchemaLoader (NodeSchemaLoader.java:loadSchemaFromFile(125)) - Loading file from sun.misc.CompoundEnumeration@7011eee0
2019-07-16 14:29:12,367 INFO  net.NodeSchemaLoader (NodeSchemaLoader.java:loadSchema(171)) - Loading network topology layer schema file
2019-07-16 14:29:12,374 INFO  node.SCMNodeManager (SCMNodeManager.java:<init>(119)) - Entering startup safe mode.
2019-07-16 14:29:12,375 WARN  server.ServerUtils (ServerUtils.java:getScmDbDir(145)) - ozone.scm.db.dirs is not configured. We recommend adding this setting. Falling back to ozone.metadata.dirs instead.
2019-07-16 14:29:12,423 INFO  pipeline.SCMPipelineManager (SCMPipelineManager.java:initializePipelineState(126)) - No pipeline exists in current db
2019-07-16 14:29:12,423 WARN  server.ServerUtils (ServerUtils.java:getScmDbDir(145)) - ozone.scm.db.dirs is not configured. We recommend adding this setting. Falling back to ozone.metadata.dirs instead.
2019-07-16 14:29:12,456 WARN  events.EventQueue (EventQueue.java:fireEvent(175)) - No event handler registered for event TypedEvent{payloadType=SafeModeStatus, name='SafeModeStatus'}
2019-07-16 14:29:12,457 INFO  ipc.CallQueueManager (CallQueueManager.java:<init>(84)) - Using callQueue: class java.util.concurrent.LinkedBlockingQueue, queueCapacity: 2000, scheduler: class org.apache.hadoop.ipc.DefaultRpcScheduler, ipcBackoff: false.
2019-07-16 14:29:12,458 INFO  ipc.Server (Server.java:run(1074)) - Starting Socket Reader #1 for port 43604
2019-07-16 14:29:12,460 INFO  ipc.CallQueueManager (CallQueueManager.java:<init>(84)) - Using callQueue: class java.util.concurrent.LinkedBlockingQueue, queueCapacity: 2000, scheduler: class org.apache.hadoop.ipc.DefaultRpcScheduler, ipcBackoff: false.
2019-07-16 14:29:12,461 INFO  ipc.Server (Server.java:run(1074)) - Starting Socket Reader #1 for port 33874
2019-07-16 14:29:12,462 INFO  ipc.CallQueueManager (CallQueueManager.java:<init>(84)) - Using callQueue: class java.util.concurrent.LinkedBlockingQueue, queueCapacity: 2000, scheduler: class org.apache.hadoop.ipc.DefaultRpcScheduler, ipcBackoff: false.
2019-07-16 14:29:12,463 INFO  ipc.Server (Server.java:run(1074)) - Starting Socket Reader #1 for port 37123
2019-07-16 14:29:12,468 INFO  hdfs.DFSUtil (DFSUtil.java:httpServerTemplateForNNAndJN(1641)) - Starting Web-server for scm at: http://0.0.0.0:0
2019-07-16 14:29:12,473 INFO  server.AuthenticationFilter (AuthenticationFilter.java:constructSecretProvider(240)) - Unable to initialize FileSignerSecretProvider, falling back to use random secrets.
2019-07-16 14:29:12,474 WARN  http.HttpRequestLog (HttpRequestLog.java:getRequestLog(97)) - Jetty request log can only be enabled using Log4j
2019-07-16 14:29:12,476 INFO  http.HttpServer2 (HttpServer2.java:addGlobalFilter(975)) - Added global filter 'safety' (class=org.apache.hadoop.http.HttpServer2$QuotingInputFilter)
2019-07-16 14:29:12,477 INFO  http.HttpServer2 (HttpServer2.java:addFilter(948)) - Added filter static_user_filter (class=org.apache.hadoop.http.lib.StaticUserWebFilter$StaticUserFilter) to context scm
2019-07-16 14:29:12,477 INFO  http.HttpServer2 (HttpServer2.java:addFilter(958)) - Added filter static_user_filter (class=org.apache.hadoop.http.lib.StaticUserWebFilter$StaticUserFilter) to context logs
2019-07-16 14:29:12,478 INFO  http.HttpServer2 (HttpServer2.java:addFilter(958)) - Added filter static_user_filter (class=org.apache.hadoop.http.lib.StaticUserWebFilter$StaticUserFilter) to context static
2019-07-16 14:29:12,480 INFO  server.StorageContainerManager (StorageContainerManager.java:start(759)) - StorageContainerLocationProtocol RPC server is listening at /0.0.0.0:37123
2019-07-16 14:29:12,483 WARN  impl.MetricsConfig (MetricsConfig.java:loadFirst(134)) - Cannot locate configuration: tried hadoop-metrics2-storagecontainermanager.properties,hadoop-metrics2.properties
2019-07-16 14:29:12,484 INFO  impl.MetricsSystemImpl (MetricsSystemImpl.java:startTimer(374)) - Scheduled Metric snapshot period at 10 second(s).
2019-07-16 14:29:12,484 INFO  impl.MetricsSystemImpl (MetricsSystemImpl.java:start(191)) - StorageContainerManager metrics system started
2019-07-16 14:29:12,548 INFO  server.SCMClientProtocolServer (SCMClientProtocolServer.java:start(149)) - RPC server for Client  is listening at /0.0.0.0:37123
2019-07-16 14:29:12,548 INFO  ipc.Server (Server.java:run(1314)) - IPC Server Responder: starting
2019-07-16 14:29:12,548 INFO  ipc.Server (Server.java:run(1153)) - IPC Server listener on 37123: starting
2019-07-16 14:29:12,553 INFO  server.StorageContainerManager (StorageContainerManager.java:start(768)) - ScmBlockLocationProtocol RPC server is listening at /0.0.0.0:33874
2019-07-16 14:29:12,553 INFO  server.SCMBlockProtocolServer (SCMBlockProtocolServer.java:start(140)) - RPC server for Block Protocol is listening at /0.0.0.0:33874
2019-07-16 14:29:12,554 INFO  ipc.Server (Server.java:run(1314)) - IPC Server Responder: starting
2019-07-16 14:29:12,554 INFO  ipc.Server (Server.java:run(1153)) - IPC Server listener on 33874: starting
2019-07-16 14:29:12,558 INFO  server.StorageContainerManager (StorageContainerManager.java:start(772)) - ScmDatanodeProtocl RPC server is listening at /0.0.0.0:43604
2019-07-16 14:29:12,558 INFO  server.SCMDatanodeProtocolServer (SCMDatanodeProtocolServer.java:start(191)) - RPC server for DataNodes is listening at /0.0.0.0:43604
2019-07-16 14:29:12,559 INFO  ipc.Server (Server.java:run(1314)) - IPC Server Responder: starting
2019-07-16 14:29:12,559 INFO  ipc.Server (Server.java:run(1153)) - IPC Server listener on 43604: starting
2019-07-16 14:29:12,567 INFO  http.HttpServer2 (HttpServer2.java:bindListener(1191)) - Jetty bound to port 36492
2019-07-16 14:29:12,567 INFO  server.Server (Server.java:doStart(351)) - jetty-9.3.24.v20180605, build timestamp: 2018-06-05T17:11:56Z, git hash: 84205aa28f11a4f31f2a3b86d1bba2cc8ab69827
2019-07-16 14:29:12,569 INFO  handler.ContextHandler (ContextHandler.java:doStart(781)) - Started o.e.j.s.ServletContextHandler@42cef0af{/logs,file:///workdir/hadoop-ozone/integration-test/target/log,AVAILABLE}
2019-07-16 14:29:12,569 INFO  handler.ContextHandler (ContextHandler.java:doStart(781)) - Started o.e.j.s.ServletContextHandler@55bf08a5{/static,file:///workdir/hadoop-ozone/integration-test/target/test-classes/webapps/static,AVAILABLE}
2019-07-16 14:29:12,574 INFO  handler.ContextHandler (ContextHandler.java:doStart(781)) - Started o.e.j.w.WebAppContext@6efd83ac{/,file:///workdir/hadoop-ozone/integration-test/target/test-classes/webapps/scm/,AVAILABLE}{/scm}
2019-07-16 14:29:12,575 INFO  server.AbstractConnector (AbstractConnector.java:doStart(278)) - Started ServerConnector@117e9a56{HTTP/1.1,[http/1.1]}{0.0.0.0:36492}
2019-07-16 14:29:12,576 INFO  server.Server (Server.java:doStart(419)) - Started @625872ms
2019-07-16 14:29:12,577 INFO  server.BaseHttpServer (BaseHttpServer.java:updateConnectorAddress(207)) - HTTP server of SCM is listening at http://0.0.0.0:36492
2019-07-16 14:29:12,577 WARN  server.ServerUtils (ServerUtils.java:getDBPath(222)) - ozone.om.db.dirs is not configured. We recommend adding this setting. Falling back to ozone.metadata.dirs instead.
2019-07-16 14:29:12,578 INFO  util.JvmPauseMonitor (JvmPauseMonitor.java:run(188)) - Starting JVM pause monitor
2019-07-16 14:29:12,592 WARN  server.ServerUtils (ServerUtils.java:getDBPath(222)) - ozone.om.db.dirs is not configured. We recommend adding this setting. Falling back to ozone.metadata.dirs instead.
2019-07-16 14:29:12,593 INFO  om.OzoneManager (OzoneManager.java:setOMNodeDetails(626)) - OM Service ID is not set. Setting it to the default ID: omServiceIdDefault
2019-07-16 14:29:12,593 INFO  om.OzoneManager (OzoneManager.java:setOMNodeDetails(632)) - OM Node ID is not set. Setting it to the OmStorage's OmID: acb39db5-499d-4805-9a12-45277dcd6a28
2019-07-16 14:29:12,593 INFO  om.OzoneManager (OzoneManager.java:loadOMHAConfigs(583)) - Found matching OM address with OMServiceId: null, OMNodeId: null, RPC Address: localhost:0 and Ratis port: 9872
2019-07-16 14:29:12,600 WARN  server.ServerUtils (ServerUtils.java:getDBPath(222)) - ozone.om.db.dirs is not configured. We recommend adding this setting. Falling back to ozone.metadata.dirs instead.
2019-07-16 14:29:12,601 INFO  db.DBStoreBuilder (DBStoreBuilder.java:addTable(110)) - using custom profile for table: userTable
2019-07-16 14:29:12,601 INFO  db.DBStoreBuilder (DBStoreBuilder.java:processTables(161)) - Using default column profile:DBProfile.DISK for Table:userTable
2019-07-16 14:29:12,601 INFO  db.DBStoreBuilder (DBStoreBuilder.java:addTable(110)) - using custom profile for table: volumeTable
2019-07-16 14:29:12,601 INFO  db.DBStoreBuilder (DBStoreBuilder.java:processTables(161)) - Using default column profile:DBProfile.DISK for Table:volumeTable
2019-07-16 14:29:12,601 INFO  db.DBStoreBuilder (DBStoreBuilder.java:addTable(110)) - using custom profile for table: bucketTable
2019-07-16 14:29:12,602 INFO  db.DBStoreBuilder (DBStoreBuilder.java:processTables(161)) - Using default column profile:DBProfile.DISK for Table:bucketTable
2019-07-16 14:29:12,602 INFO  db.DBStoreBuilder (DBStoreBuilder.java:addTable(110)) - using custom profile for table: keyTable
2019-07-16 14:29:12,602 INFO  db.DBStoreBuilder (DBStoreBuilder.java:processTables(161)) - Using default column profile:DBProfile.DISK for Table:keyTable
2019-07-16 14:29:12,602 INFO  db.DBStoreBuilder (DBStoreBuilder.java:addTable(110)) - using custom profile for table: deletedTable
2019-07-16 14:29:12,602 INFO  db.DBStoreBuilder (DBStoreBuilder.java:processTables(161)) - Using default column profile:DBProfile.DISK for Table:deletedTable
2019-07-16 14:29:12,603 INFO  db.DBStoreBuilder (DBStoreBuilder.java:addTable(110)) - using custom profile for table: openKeyTable
2019-07-16 14:29:12,603 INFO  db.DBStoreBuilder (DBStoreBuilder.java:processTables(161)) - Using default column profile:DBProfile.DISK for Table:openKeyTable
2019-07-16 14:29:12,603 INFO  db.DBStoreBuilder (DBStoreBuilder.java:addTable(110)) - using custom profile for table: s3Table
2019-07-16 14:29:12,603 INFO  db.DBStoreBuilder (DBStoreBuilder.java:processTables(161)) - Using default column profile:DBProfile.DISK for Table:s3Table
2019-07-16 14:29:12,604 INFO  db.DBStoreBuilder (DBStoreBuilder.java:addTable(110)) - using custom profile for table: multipartInfoTable
2019-07-16 14:29:12,604 INFO  db.DBStoreBuilder (DBStoreBuilder.java:processTables(161)) - Using default column profile:DBProfile.DISK for Table:multipartInfoTable
2019-07-16 14:29:12,604 INFO  db.DBStoreBuilder (DBStoreBuilder.java:addTable(110)) - using custom profile for table: dTokenTable
2019-07-16 14:29:12,604 INFO  db.DBStoreBuilder (DBStoreBuilder.java:processTables(161)) - Using default column profile:DBProfile.DISK for Table:dTokenTable
2019-07-16 14:29:12,604 INFO  db.DBStoreBuilder (DBStoreBuilder.java:addTable(110)) - using custom profile for table: s3SecretTable
2019-07-16 14:29:12,605 INFO  db.DBStoreBuilder (DBStoreBuilder.java:processTables(161)) - Using default column profile:DBProfile.DISK for Table:s3SecretTable
2019-07-16 14:29:12,605 INFO  db.DBStoreBuilder (DBStoreBuilder.java:addTable(110)) - using custom profile for table: prefixTable
2019-07-16 14:29:12,605 INFO  db.DBStoreBuilder (DBStoreBuilder.java:processTables(161)) - Using default column profile:DBProfile.DISK for Table:prefixTable
2019-07-16 14:29:12,605 INFO  db.DBStoreBuilder (DBStoreBuilder.java:addTable(110)) - using custom profile for table: default
2019-07-16 14:29:12,605 INFO  db.DBStoreBuilder (DBStoreBuilder.java:processTables(167)) - Using default column profile:DBProfile.DISK for Table:default
2019-07-16 14:29:12,606 INFO  db.DBStoreBuilder (DBStoreBuilder.java:getDbProfile(198)) - Using default options. DBProfile.DISK
2019-07-16 14:29:13,091 INFO  ipc.CallQueueManager (CallQueueManager.java:<init>(84)) - Using callQueue: class java.util.concurrent.LinkedBlockingQueue, queueCapacity: 2000, scheduler: class org.apache.hadoop.ipc.DefaultRpcScheduler, ipcBackoff: false.
2019-07-16 14:29:13,092 INFO  ipc.Server (Server.java:run(1074)) - Starting Socket Reader #1 for port 35888
2019-07-16 14:29:13,105 WARN  server.ServerUtils (ServerUtils.java:getDBPath(222)) - ozone.om.db.dirs is not configured. We recommend adding this setting. Falling back to ozone.metadata.dirs instead.
2019-07-16 14:29:13,105 INFO  om.OzoneManager (OzoneManager.java:start(1224)) - OzoneManager RPC server is listening at localhost/127.0.0.1:35888
2019-07-16 14:29:13,105 INFO  impl.MetricsSystemImpl (MetricsSystemImpl.java:init(158)) - OzoneManager metrics system started (again)
2019-07-16 14:29:13,106 INFO  ipc.Server (Server.java:run(1314)) - IPC Server Responder: starting
2019-07-16 14:29:13,107 INFO  ipc.Server (Server.java:run(1153)) - IPC Server listener on 35888: starting
2019-07-16 14:29:13,112 INFO  hdfs.DFSUtil (DFSUtil.java:httpServerTemplateForNNAndJN(1641)) - Starting Web-server for ozoneManager at: http://0.0.0.0:0
2019-07-16 14:29:13,113 INFO  server.AuthenticationFilter (AuthenticationFilter.java:constructSecretProvider(240)) - Unable to initialize FileSignerSecretProvider, falling back to use random secrets.
2019-07-16 14:29:13,114 WARN  http.HttpRequestLog (HttpRequestLog.java:getRequestLog(97)) - Jetty request log can only be enabled using Log4j
2019-07-16 14:29:13,115 INFO  http.HttpServer2 (HttpServer2.java:addGlobalFilter(975)) - Added global filter 'safety' (class=org.apache.hadoop.http.HttpServer2$QuotingInputFilter)
2019-07-16 14:29:13,115 INFO  http.HttpServer2 (HttpServer2.java:addFilter(948)) - Added filter static_user_filter (class=org.apache.hadoop.http.lib.StaticUserWebFilter$StaticUserFilter) to context ozoneManager
2019-07-16 14:29:13,116 INFO  http.HttpServer2 (HttpServer2.java:addFilter(958)) - Added filter static_user_filter (class=org.apache.hadoop.http.lib.StaticUserWebFilter$StaticUserFilter) to context static
2019-07-16 14:29:13,116 INFO  http.HttpServer2 (HttpServer2.java:addFilter(958)) - Added filter static_user_filter (class=org.apache.hadoop.http.lib.StaticUserWebFilter$StaticUserFilter) to context logs
2019-07-16 14:29:13,116 INFO  http.HttpServer2 (HttpServer2.java:bindListener(1191)) - Jetty bound to port 39919
2019-07-16 14:29:13,116 INFO  server.Server (Server.java:doStart(351)) - jetty-9.3.24.v20180605, build timestamp: 2018-06-05T17:11:56Z, git hash: 84205aa28f11a4f31f2a3b86d1bba2cc8ab69827
2019-07-16 14:29:13,118 INFO  handler.ContextHandler (ContextHandler.java:doStart(781)) - Started o.e.j.s.ServletContextHandler@17d3bf09{/logs,file:///workdir/hadoop-ozone/integration-test/target/log,AVAILABLE}
2019-07-16 14:29:13,118 INFO  handler.ContextHandler (ContextHandler.java:doStart(781)) - Started o.e.j.s.ServletContextHandler@2cb95c6c{/static,file:///workdir/hadoop-ozone/integration-test/target/test-classes/webapps/static,AVAILABLE}
2019-07-16 14:29:13,122 INFO  handler.ContextHandler (ContextHandler.java:doStart(781)) - Started o.e.j.w.WebAppContext@3a22c944{/,file:///workdir/hadoop-ozone/integration-test/target/test-classes/webapps/ozoneManager/,AVAILABLE}{/ozoneManager}
2019-07-16 14:29:13,122 INFO  server.AbstractConnector (AbstractConnector.java:doStart(278)) - Started ServerConnector@1b6441c9{HTTP/1.1,[http/1.1]}{0.0.0.0:39919}
2019-07-16 14:29:13,123 INFO  server.Server (Server.java:doStart(419)) - Started @626419ms
2019-07-16 14:29:13,124 INFO  server.BaseHttpServer (BaseHttpServer.java:updateConnectorAddress(207)) - HTTP server of OZONEMANAGER is listening at http://0.0.0.0:39919
2019-07-16 14:29:13,137 INFO  impl.MetricsSystemImpl (MetricsSystemImpl.java:init(158)) - HddsDatanode metrics system started (again)
2019-07-16 14:29:13,137 INFO  ozone.HddsDatanodeService (HddsDatanodeService.java:start(185)) - HddsDatanodeService host:trunk-nightly-gllmw-2332419065 ip:192.168.157.241
2019-07-16 14:29:13,150 INFO  volume.HddsVolume (HddsVolume.java:<init>(176)) - Creating Volume: /workdir/hadoop-ozone/integration-test/target/test-dir/MiniOzoneClusterImpl-ff24742d-400d-47a8-98a3-3540329a4678/datanode-0/data/containers/hdds of  storage type : DISK and capacity : 52710309888
2019-07-16 14:29:13,151 INFO  volume.VolumeSet (VolumeSet.java:initializeVolumeSet(170)) - Added Volume : /workdir/hadoop-ozone/integration-test/target/test-dir/MiniOzoneClusterImpl-ff24742d-400d-47a8-98a3-3540329a4678/datanode-0/data/containers/hdds to VolumeSet
2019-07-16 14:29:13,151 INFO  volume.ThrottledAsyncChecker (ThrottledAsyncChecker.java:schedule(140)) - Scheduling a check for org.apache.hadoop.ozone.container.common.volume.HddsVolume@7e383712
2019-07-16 14:29:13,152 INFO  volume.HddsVolumeChecker (HddsVolumeChecker.java:checkAllVolumes(203)) - Scheduled health check for volume org.apache.hadoop.ozone.container.common.volume.HddsVolume@7e383712
2019-07-16 14:29:13,164 INFO  impl.RaftServerProxy (ConfUtils.java:logGet(43)) - raft.rpc.type = GRPC (default)
2019-07-16 14:29:13,164 INFO  grpc.GrpcFactory (GrpcFactory.java:checkPooledByteBufAllocatorUseCacheForAllThreads(45)) - PERFORMANCE WARNING: useCacheForAllThreads is true that may cause Netty to create a lot garbage objects and, as a result, trigger GC.
	It is recommended to disable useCacheForAllThreads by setting -Dorg.apache.ratis.thirdparty.io.netty.allocator.useCacheForAllThreads=false in command line.
2019-07-16 14:29:13,165 INFO  grpc.GrpcConfigKeys$Server (ConfUtils.java:logGet(43)) - raft.grpc.server.port = 0 (default)
2019-07-16 14:29:13,165 INFO  server.GrpcService (ConfUtils.java:logGet(43)) - raft.grpc.message.size.max = 33570816 (custom)
2019-07-16 14:29:13,165 INFO  server.RaftServerConfigKeys (ConfUtils.java:logGet(43)) - raft.server.log.appender.buffer.byte-limit = 33554432 (custom)
2019-07-16 14:29:13,165 INFO  server.GrpcService (ConfUtils.java:logGet(43)) - raft.grpc.flow.control.window = 1MB (=1048576) (default)
2019-07-16 14:29:13,165 INFO  server.RaftServerConfigKeys (ConfUtils.java:logGet(43)) - raft.server.rpc.request.timeout = 3000ms (default)
2019-07-16 14:29:13,166 INFO  server.RaftServerConfigKeys (ConfUtils.java:logGet(43)) - raft.server.storage.dir = [/workdir/hadoop-ozone/integration-test/target/test-dir/MiniOzoneClusterImpl-ff24742d-400d-47a8-98a3-3540329a4678/datanode-0/data/ratis] (custom)
2019-07-16 14:29:13,166 INFO  replication.SimpleContainerDownloader (SimpleContainerDownloader.java:<init>(72)) - Starting container downloader service to copy containers to replicate.
2019-07-16 14:29:13,167 INFO  hdfs.DFSUtil (DFSUtil.java:httpServerTemplateForNNAndJN(1641)) - Starting Web-server for hddsDatanode at: http://0.0.0.0:0
2019-07-16 14:29:13,168 INFO  server.AuthenticationFilter (AuthenticationFilter.java:constructSecretProvider(240)) - Unable to initialize FileSignerSecretProvider, falling back to use random secrets.
2019-07-16 14:29:13,169 WARN  http.HttpRequestLog (HttpRequestLog.java:getRequestLog(97)) - Jetty request log can only be enabled using Log4j
2019-07-16 14:29:13,170 INFO  http.HttpServer2 (HttpServer2.java:addGlobalFilter(975)) - Added global filter 'safety' (class=org.apache.hadoop.http.HttpServer2$QuotingInputFilter)
2019-07-16 14:29:13,170 INFO  http.HttpServer2 (HttpServer2.java:addFilter(948)) - Added filter static_user_filter (class=org.apache.hadoop.http.lib.StaticUserWebFilter$StaticUserFilter) to context hddsDatanode
2019-07-16 14:29:13,171 INFO  http.HttpServer2 (HttpServer2.java:addFilter(958)) - Added filter static_user_filter (class=org.apache.hadoop.http.lib.StaticUserWebFilter$StaticUserFilter) to context logs
2019-07-16 14:29:13,171 INFO  http.HttpServer2 (HttpServer2.java:addFilter(958)) - Added filter static_user_filter (class=org.apache.hadoop.http.lib.StaticUserWebFilter$StaticUserFilter) to context static
2019-07-16 14:29:13,171 INFO  http.HttpServer2 (HttpServer2.java:bindListener(1191)) - Jetty bound to port 37659
2019-07-16 14:29:13,172 INFO  server.Server (Server.java:doStart(351)) - jetty-9.3.24.v20180605, build timestamp: 2018-06-05T17:11:56Z, git hash: 84205aa28f11a4f31f2a3b86d1bba2cc8ab69827
2019-07-16 14:29:13,173 INFO  handler.ContextHandler (ContextHandler.java:doStart(781)) - Started o.e.j.s.ServletContextHandler@6f2f4b9e{/logs,file:///workdir/hadoop-ozone/integration-test/target/log,AVAILABLE}
2019-07-16 14:29:13,174 INFO  handler.ContextHandler (ContextHandler.java:doStart(781)) - Started o.e.j.s.ServletContextHandler@3695e4f2{/static,jar:file:/home/user/.m2/repository/org/apache/hadoop/hadoop-hdds-container-service/0.5.0-SNAPSHOT/hadoop-hdds-container-service-0.5.0-SNAPSHOT.jar!/webapps/static,AVAILABLE}
2019-07-16 14:29:13,200 INFO  handler.ContextHandler (ContextHandler.java:doStart(781)) - Started o.e.j.w.WebAppContext@17eb5661{/,file:///tmp/jetty-0.0.0.0-37659-hddsDatanode-_-any-3946778493310712031.dir/webapp/,AVAILABLE}{/hddsDatanode}
2019-07-16 14:29:13,200 INFO  server.AbstractConnector (AbstractConnector.java:doStart(278)) - Started ServerConnector@63b0aeb1{HTTP/1.1,[http/1.1]}{0.0.0.0:37659}
2019-07-16 14:29:13,200 INFO  server.Server (Server.java:doStart(419)) - Started @626497ms
2019-07-16 14:29:13,202 INFO  server.BaseHttpServer (BaseHttpServer.java:updateConnectorAddress(207)) - HTTP server of HDDSDATANODE is listening at http://0.0.0.0:37659
2019-07-16 14:29:13,305 INFO  ozone.HddsDatanodeService (HddsDatanodeService.java:startPlugins(396)) - Started plug-in org.apache.hadoop.ozone.web.OzoneHddsDatanodeService@15961527
2019-07-16 14:29:13,305 INFO  impl.MetricsSystemImpl (MetricsSystemImpl.java:init(158)) - HddsDatanode metrics system started (again)
2019-07-16 14:29:13,307 INFO  ozone.HddsDatanodeService (HddsDatanodeService.java:start(185)) - HddsDatanodeService host:trunk-nightly-gllmw-2332419065 ip:192.168.157.241
2019-07-16 14:29:13,309 INFO  util.JvmPauseMonitor (JvmPauseMonitor.java:run(188)) - Starting JVM pause monitor
2019-07-16 14:29:13,311 INFO  datanode.InitDatanodeState (InitDatanodeState.java:persistContainerDatanodeDetails(140)) - DatanodeDetails is persisted to /workdir/hadoop-ozone/integration-test/target/test-dir/MiniOzoneClusterImpl-ff24742d-400d-47a8-98a3-3540329a4678/datanode-0/meta/datanode.id
2019-07-16 14:29:13,320 INFO  volume.HddsVolume (HddsVolume.java:<init>(176)) - Creating Volume: /workdir/hadoop-ozone/integration-test/target/test-dir/MiniOzoneClusterImpl-ff24742d-400d-47a8-98a3-3540329a4678/datanode-1/data/containers/hdds of  storage type : DISK and capacity : 52710309888
2019-07-16 14:29:13,320 INFO  volume.VolumeSet (VolumeSet.java:initializeVolumeSet(170)) - Added Volume : /workdir/hadoop-ozone/integration-test/target/test-dir/MiniOzoneClusterImpl-ff24742d-400d-47a8-98a3-3540329a4678/datanode-1/data/containers/hdds to VolumeSet
2019-07-16 14:29:13,321 INFO  volume.ThrottledAsyncChecker (ThrottledAsyncChecker.java:schedule(140)) - Scheduling a check for org.apache.hadoop.ozone.container.common.volume.HddsVolume@322f6283
2019-07-16 14:29:13,321 INFO  volume.HddsVolumeChecker (HddsVolumeChecker.java:checkAllVolumes(203)) - Scheduled health check for volume org.apache.hadoop.ozone.container.common.volume.HddsVolume@322f6283
2019-07-16 14:29:13,334 INFO  impl.RaftServerProxy (ConfUtils.java:logGet(43)) - raft.rpc.type = GRPC (default)
2019-07-16 14:29:13,335 INFO  grpc.GrpcFactory (GrpcFactory.java:checkPooledByteBufAllocatorUseCacheForAllThreads(45)) - PERFORMANCE WARNING: useCacheForAllThreads is true that may cause Netty to create a lot garbage objects and, as a result, trigger GC.
	It is recommended to disable useCacheForAllThreads by setting -Dorg.apache.ratis.thirdparty.io.netty.allocator.useCacheForAllThreads=false in command line.
2019-07-16 14:29:13,335 INFO  grpc.GrpcConfigKeys$Server (ConfUtils.java:logGet(43)) - raft.grpc.server.port = 0 (default)
2019-07-16 14:29:13,335 INFO  server.GrpcService (ConfUtils.java:logGet(43)) - raft.grpc.message.size.max = 33570816 (custom)
2019-07-16 14:29:13,335 INFO  server.RaftServerConfigKeys (ConfUtils.java:logGet(43)) - raft.server.log.appender.buffer.byte-limit = 33554432 (custom)
2019-07-16 14:29:13,335 INFO  server.GrpcService (ConfUtils.java:logGet(43)) - raft.grpc.flow.control.window = 1MB (=1048576) (default)
2019-07-16 14:29:13,335 INFO  server.RaftServerConfigKeys (ConfUtils.java:logGet(43)) - raft.server.rpc.request.timeout = 3000ms (default)
2019-07-16 14:29:13,336 INFO  server.RaftServerConfigKeys (ConfUtils.java:logGet(43)) - raft.server.storage.dir = [/workdir/hadoop-ozone/integration-test/target/test-dir/MiniOzoneClusterImpl-ff24742d-400d-47a8-98a3-3540329a4678/datanode-1/data/ratis] (custom)
2019-07-16 14:29:13,336 INFO  replication.SimpleContainerDownloader (SimpleContainerDownloader.java:<init>(72)) - Starting container downloader service to copy containers to replicate.
2019-07-16 14:29:13,337 INFO  hdfs.DFSUtil (DFSUtil.java:httpServerTemplateForNNAndJN(1641)) - Starting Web-server for hddsDatanode at: http://0.0.0.0:0
2019-07-16 14:29:13,338 INFO  server.AuthenticationFilter (AuthenticationFilter.java:constructSecretProvider(240)) - Unable to initialize FileSignerSecretProvider, falling back to use random secrets.
2019-07-16 14:29:13,339 WARN  http.HttpRequestLog (HttpRequestLog.java:getRequestLog(97)) - Jetty request log can only be enabled using Log4j
2019-07-16 14:29:13,340 INFO  http.HttpServer2 (HttpServer2.java:addGlobalFilter(975)) - Added global filter 'safety' (class=org.apache.hadoop.http.HttpServer2$QuotingInputFilter)
2019-07-16 14:29:13,340 INFO  http.HttpServer2 (HttpServer2.java:addFilter(948)) - Added filter static_user_filter (class=org.apache.hadoop.http.lib.StaticUserWebFilter$StaticUserFilter) to context hddsDatanode
2019-07-16 14:29:13,340 INFO  http.HttpServer2 (HttpServer2.java:addFilter(958)) - Added filter static_user_filter (class=org.apache.hadoop.http.lib.StaticUserWebFilter$StaticUserFilter) to context logs
2019-07-16 14:29:13,340 INFO  http.HttpServer2 (HttpServer2.java:addFilter(958)) - Added filter static_user_filter (class=org.apache.hadoop.http.lib.StaticUserWebFilter$StaticUserFilter) to context static
2019-07-16 14:29:13,341 INFO  http.HttpServer2 (HttpServer2.java:bindListener(1191)) - Jetty bound to port 45899
2019-07-16 14:29:13,341 INFO  server.Server (Server.java:doStart(351)) - jetty-9.3.24.v20180605, build timestamp: 2018-06-05T17:11:56Z, git hash: 84205aa28f11a4f31f2a3b86d1bba2cc8ab69827
2019-07-16 14:29:13,342 INFO  handler.ContextHandler (ContextHandler.java:doStart(781)) - Started o.e.j.s.ServletContextHandler@5ad67d82{/logs,file:///workdir/hadoop-ozone/integration-test/target/log,AVAILABLE}
2019-07-16 14:29:13,343 INFO  handler.ContextHandler (ContextHandler.java:doStart(781)) - Started o.e.j.s.ServletContextHandler@3c3a8246{/static,jar:file:/home/user/.m2/repository/org/apache/hadoop/hadoop-hdds-container-service/0.5.0-SNAPSHOT/hadoop-hdds-container-service-0.5.0-SNAPSHOT.jar!/webapps/static,AVAILABLE}
2019-07-16 14:29:13,369 INFO  handler.ContextHandler (ContextHandler.java:doStart(781)) - Started o.e.j.w.WebAppContext@3d0f2154{/,file:///tmp/jetty-0.0.0.0-45899-hddsDatanode-_-any-6513461985823343451.dir/webapp/,AVAILABLE}{/hddsDatanode}
2019-07-16 14:29:13,369 INFO  server.AbstractConnector (AbstractConnector.java:doStart(278)) - Started ServerConnector@8374911{HTTP/1.1,[http/1.1]}{0.0.0.0:45899}
2019-07-16 14:29:13,369 INFO  server.Server (Server.java:doStart(419)) - Started @626666ms
2019-07-16 14:29:13,371 INFO  server.BaseHttpServer (BaseHttpServer.java:updateConnectorAddress(207)) - HTTP server of HDDSDATANODE is listening at http://0.0.0.0:45899
2019-07-16 14:29:13,468 INFO  ozone.HddsDatanodeService (HddsDatanodeService.java:startPlugins(396)) - Started plug-in org.apache.hadoop.ozone.web.OzoneHddsDatanodeService@792b0cad
2019-07-16 14:29:13,469 INFO  impl.MetricsSystemImpl (MetricsSystemImpl.java:init(158)) - HddsDatanode metrics system started (again)
2019-07-16 14:29:13,471 INFO  ozone.HddsDatanodeService (HddsDatanodeService.java:start(185)) - HddsDatanodeService host:trunk-nightly-gllmw-2332419065 ip:192.168.157.241
2019-07-16 14:29:13,472 INFO  util.JvmPauseMonitor (JvmPauseMonitor.java:run(188)) - Starting JVM pause monitor
2019-07-16 14:29:13,474 INFO  datanode.InitDatanodeState (InitDatanodeState.java:persistContainerDatanodeDetails(140)) - DatanodeDetails is persisted to /workdir/hadoop-ozone/integration-test/target/test-dir/MiniOzoneClusterImpl-ff24742d-400d-47a8-98a3-3540329a4678/datanode-1/meta/datanode.id
2019-07-16 14:29:13,482 INFO  volume.HddsVolume (HddsVolume.java:<init>(176)) - Creating Volume: /workdir/hadoop-ozone/integration-test/target/test-dir/MiniOzoneClusterImpl-ff24742d-400d-47a8-98a3-3540329a4678/datanode-2/data/containers/hdds of  storage type : DISK and capacity : 52710309888
2019-07-16 14:29:13,482 INFO  volume.VolumeSet (VolumeSet.java:initializeVolumeSet(170)) - Added Volume : /workdir/hadoop-ozone/integration-test/target/test-dir/MiniOzoneClusterImpl-ff24742d-400d-47a8-98a3-3540329a4678/datanode-2/data/containers/hdds to VolumeSet
2019-07-16 14:29:13,483 INFO  volume.ThrottledAsyncChecker (ThrottledAsyncChecker.java:schedule(140)) - Scheduling a check for org.apache.hadoop.ozone.container.common.volume.HddsVolume@3a649f9a
2019-07-16 14:29:13,483 INFO  volume.HddsVolumeChecker (HddsVolumeChecker.java:checkAllVolumes(203)) - Scheduled health check for volume org.apache.hadoop.ozone.container.common.volume.HddsVolume@3a649f9a
2019-07-16 14:29:13,503 INFO  impl.RaftServerProxy (ConfUtils.java:logGet(43)) - raft.rpc.type = GRPC (default)
2019-07-16 14:29:13,503 INFO  grpc.GrpcFactory (GrpcFactory.java:checkPooledByteBufAllocatorUseCacheForAllThreads(45)) - PERFORMANCE WARNING: useCacheForAllThreads is true that may cause Netty to create a lot garbage objects and, as a result, trigger GC.
	It is recommended to disable useCacheForAllThreads by setting -Dorg.apache.ratis.thirdparty.io.netty.allocator.useCacheForAllThreads=false in command line.
2019-07-16 14:29:13,503 INFO  grpc.GrpcConfigKeys$Server (ConfUtils.java:logGet(43)) - raft.grpc.server.port = 0 (default)
2019-07-16 14:29:13,504 INFO  server.GrpcService (ConfUtils.java:logGet(43)) - raft.grpc.message.size.max = 33570816 (custom)
2019-07-16 14:29:13,504 INFO  server.RaftServerConfigKeys (ConfUtils.java:logGet(43)) - raft.server.log.appender.buffer.byte-limit = 33554432 (custom)
2019-07-16 14:29:13,504 INFO  server.GrpcService (ConfUtils.java:logGet(43)) - raft.grpc.flow.control.window = 1MB (=1048576) (default)
2019-07-16 14:29:13,504 INFO  server.RaftServerConfigKeys (ConfUtils.java:logGet(43)) - raft.server.rpc.request.timeout = 3000ms (default)
2019-07-16 14:29:13,505 INFO  server.RaftServerConfigKeys (ConfUtils.java:logGet(43)) - raft.server.storage.dir = [/workdir/hadoop-ozone/integration-test/target/test-dir/MiniOzoneClusterImpl-ff24742d-400d-47a8-98a3-3540329a4678/datanode-2/data/ratis] (custom)
2019-07-16 14:29:13,505 INFO  replication.SimpleContainerDownloader (SimpleContainerDownloader.java:<init>(72)) - Starting container downloader service to copy containers to replicate.
2019-07-16 14:29:13,506 INFO  hdfs.DFSUtil (DFSUtil.java:httpServerTemplateForNNAndJN(1641)) - Starting Web-server for hddsDatanode at: http://0.0.0.0:0
2019-07-16 14:29:13,507 INFO  server.AuthenticationFilter (AuthenticationFilter.java:constructSecretProvider(240)) - Unable to initialize FileSignerSecretProvider, falling back to use random secrets.
2019-07-16 14:29:13,508 WARN  http.HttpRequestLog (HttpRequestLog.java:getRequestLog(97)) - Jetty request log can only be enabled using Log4j
2019-07-16 14:29:13,509 INFO  http.HttpServer2 (HttpServer2.java:addGlobalFilter(975)) - Added global filter 'safety' (class=org.apache.hadoop.http.HttpServer2$QuotingInputFilter)
2019-07-16 14:29:13,509 INFO  http.HttpServer2 (HttpServer2.java:addFilter(948)) - Added filter static_user_filter (class=org.apache.hadoop.http.lib.StaticUserWebFilter$StaticUserFilter) to context hddsDatanode
2019-07-16 14:29:13,510 INFO  http.HttpServer2 (HttpServer2.java:addFilter(958)) - Added filter static_user_filter (class=org.apache.hadoop.http.lib.StaticUserWebFilter$StaticUserFilter) to context logs
2019-07-16 14:29:13,510 INFO  http.HttpServer2 (HttpServer2.java:addFilter(958)) - Added filter static_user_filter (class=org.apache.hadoop.http.lib.StaticUserWebFilter$StaticUserFilter) to context static
2019-07-16 14:29:13,510 INFO  http.HttpServer2 (HttpServer2.java:bindListener(1191)) - Jetty bound to port 45862
2019-07-16 14:29:13,511 INFO  server.Server (Server.java:doStart(351)) - jetty-9.3.24.v20180605, build timestamp: 2018-06-05T17:11:56Z, git hash: 84205aa28f11a4f31f2a3b86d1bba2cc8ab69827
2019-07-16 14:29:13,512 INFO  handler.ContextHandler (ContextHandler.java:doStart(781)) - Started o.e.j.s.ServletContextHandler@676c3745{/logs,file:///workdir/hadoop-ozone/integration-test/target/log,AVAILABLE}
2019-07-16 14:29:13,512 INFO  handler.ContextHandler (ContextHandler.java:doStart(781)) - Started o.e.j.s.ServletContextHandler@78b20c7f{/static,jar:file:/home/user/.m2/repository/org/apache/hadoop/hadoop-hdds-container-service/0.5.0-SNAPSHOT/hadoop-hdds-container-service-0.5.0-SNAPSHOT.jar!/webapps/static,AVAILABLE}
2019-07-16 14:29:13,540 INFO  handler.ContextHandler (ContextHandler.java:doStart(781)) - Started o.e.j.w.WebAppContext@39b265c9{/,file:///tmp/jetty-0.0.0.0-45862-hddsDatanode-_-any-1070487078383689408.dir/webapp/,AVAILABLE}{/hddsDatanode}
2019-07-16 14:29:13,541 INFO  server.AbstractConnector (AbstractConnector.java:doStart(278)) - Started ServerConnector@2c64e2d0{HTTP/1.1,[http/1.1]}{0.0.0.0:45862}
2019-07-16 14:29:13,541 INFO  server.Server (Server.java:doStart(419)) - Started @626837ms
2019-07-16 14:29:13,542 INFO  server.BaseHttpServer (BaseHttpServer.java:updateConnectorAddress(207)) - HTTP server of HDDSDATANODE is listening at http://0.0.0.0:45862
2019-07-16 14:29:13,641 INFO  ozone.HddsDatanodeService (HddsDatanodeService.java:startPlugins(396)) - Started plug-in org.apache.hadoop.ozone.web.OzoneHddsDatanodeService@38ebf8dc
2019-07-16 14:29:13,641 INFO  impl.MetricsSystemImpl (MetricsSystemImpl.java:init(158)) - HddsDatanode metrics system started (again)
2019-07-16 14:29:13,642 INFO  ozone.HddsDatanodeService (HddsDatanodeService.java:start(185)) - HddsDatanodeService host:trunk-nightly-gllmw-2332419065 ip:192.168.157.241
2019-07-16 14:29:13,645 INFO  util.JvmPauseMonitor (JvmPauseMonitor.java:run(188)) - Starting JVM pause monitor
2019-07-16 14:29:13,646 INFO  datanode.InitDatanodeState (InitDatanodeState.java:persistContainerDatanodeDetails(140)) - DatanodeDetails is persisted to /workdir/hadoop-ozone/integration-test/target/test-dir/MiniOzoneClusterImpl-ff24742d-400d-47a8-98a3-3540329a4678/datanode-2/meta/datanode.id
2019-07-16 14:29:13,656 INFO  volume.HddsVolume (HddsVolume.java:<init>(176)) - Creating Volume: /workdir/hadoop-ozone/integration-test/target/test-dir/MiniOzoneClusterImpl-ff24742d-400d-47a8-98a3-3540329a4678/datanode-3/data/containers/hdds of  storage type : DISK and capacity : 52710309888
2019-07-16 14:29:13,656 INFO  volume.VolumeSet (VolumeSet.java:initializeVolumeSet(170)) - Added Volume : /workdir/hadoop-ozone/integration-test/target/test-dir/MiniOzoneClusterImpl-ff24742d-400d-47a8-98a3-3540329a4678/datanode-3/data/containers/hdds to VolumeSet
2019-07-16 14:29:13,657 INFO  volume.ThrottledAsyncChecker (ThrottledAsyncChecker.java:schedule(140)) - Scheduling a check for org.apache.hadoop.ozone.container.common.volume.HddsVolume@24c9a52a
2019-07-16 14:29:13,657 INFO  volume.HddsVolumeChecker (HddsVolumeChecker.java:checkAllVolumes(203)) - Scheduled health check for volume org.apache.hadoop.ozone.container.common.volume.HddsVolume@24c9a52a
2019-07-16 14:29:13,671 INFO  impl.RaftServerProxy (ConfUtils.java:logGet(43)) - raft.rpc.type = GRPC (default)
2019-07-16 14:29:13,672 INFO  grpc.GrpcFactory (GrpcFactory.java:checkPooledByteBufAllocatorUseCacheForAllThreads(45)) - PERFORMANCE WARNING: useCacheForAllThreads is true that may cause Netty to create a lot garbage objects and, as a result, trigger GC.
	It is recommended to disable useCacheForAllThreads by setting -Dorg.apache.ratis.thirdparty.io.netty.allocator.useCacheForAllThreads=false in command line.
2019-07-16 14:29:13,672 INFO  grpc.GrpcConfigKeys$Server (ConfUtils.java:logGet(43)) - raft.grpc.server.port = 0 (default)
2019-07-16 14:29:13,672 INFO  server.GrpcService (ConfUtils.java:logGet(43)) - raft.grpc.message.size.max = 33570816 (custom)
2019-07-16 14:29:13,672 INFO  server.RaftServerConfigKeys (ConfUtils.java:logGet(43)) - raft.server.log.appender.buffer.byte-limit = 33554432 (custom)
2019-07-16 14:29:13,672 INFO  server.GrpcService (ConfUtils.java:logGet(43)) - raft.grpc.flow.control.window = 1MB (=1048576) (default)
2019-07-16 14:29:13,672 INFO  server.RaftServerConfigKeys (ConfUtils.java:logGet(43)) - raft.server.rpc.request.timeout = 3000ms (default)
2019-07-16 14:29:13,673 INFO  server.RaftServerConfigKeys (ConfUtils.java:logGet(43)) - raft.server.storage.dir = [/workdir/hadoop-ozone/integration-test/target/test-dir/MiniOzoneClusterImpl-ff24742d-400d-47a8-98a3-3540329a4678/datanode-3/data/ratis] (custom)
2019-07-16 14:29:13,673 INFO  replication.SimpleContainerDownloader (SimpleContainerDownloader.java:<init>(72)) - Starting container downloader service to copy containers to replicate.
2019-07-16 14:29:13,674 INFO  hdfs.DFSUtil (DFSUtil.java:httpServerTemplateForNNAndJN(1641)) - Starting Web-server for hddsDatanode at: http://0.0.0.0:0
2019-07-16 14:29:13,675 INFO  server.AuthenticationFilter (AuthenticationFilter.java:constructSecretProvider(240)) - Unable to initialize FileSignerSecretProvider, falling back to use random secrets.
2019-07-16 14:29:13,676 WARN  http.HttpRequestLog (HttpRequestLog.java:getRequestLog(97)) - Jetty request log can only be enabled using Log4j
2019-07-16 14:29:13,677 INFO  http.HttpServer2 (HttpServer2.java:addGlobalFilter(975)) - Added global filter 'safety' (class=org.apache.hadoop.http.HttpServer2$QuotingInputFilter)
2019-07-16 14:29:13,677 INFO  http.HttpServer2 (HttpServer2.java:addFilter(948)) - Added filter static_user_filter (class=org.apache.hadoop.http.lib.StaticUserWebFilter$StaticUserFilter) to context hddsDatanode
2019-07-16 14:29:13,677 INFO  http.HttpServer2 (HttpServer2.java:addFilter(958)) - Added filter static_user_filter (class=org.apache.hadoop.http.lib.StaticUserWebFilter$StaticUserFilter) to context static
2019-07-16 14:29:13,678 INFO  http.HttpServer2 (HttpServer2.java:addFilter(958)) - Added filter static_user_filter (class=org.apache.hadoop.http.lib.StaticUserWebFilter$StaticUserFilter) to context logs
2019-07-16 14:29:13,678 INFO  http.HttpServer2 (HttpServer2.java:bindListener(1191)) - Jetty bound to port 45767
2019-07-16 14:29:13,678 INFO  server.Server (Server.java:doStart(351)) - jetty-9.3.24.v20180605, build timestamp: 2018-06-05T17:11:56Z, git hash: 84205aa28f11a4f31f2a3b86d1bba2cc8ab69827
2019-07-16 14:29:13,680 INFO  handler.ContextHandler (ContextHandler.java:doStart(781)) - Started o.e.j.s.ServletContextHandler@213f2d00{/logs,file:///workdir/hadoop-ozone/integration-test/target/log,AVAILABLE}
2019-07-16 14:29:13,680 INFO  handler.ContextHandler (ContextHandler.java:doStart(781)) - Started o.e.j.s.ServletContextHandler@1606ecbb{/static,jar:file:/home/user/.m2/repository/org/apache/hadoop/hadoop-hdds-container-service/0.5.0-SNAPSHOT/hadoop-hdds-container-service-0.5.0-SNAPSHOT.jar!/webapps/static,AVAILABLE}
2019-07-16 14:29:13,707 INFO  handler.ContextHandler (ContextHandler.java:doStart(781)) - Started o.e.j.w.WebAppContext@2c48eb31{/,file:///tmp/jetty-0.0.0.0-45767-hddsDatanode-_-any-1919104076052105355.dir/webapp/,AVAILABLE}{/hddsDatanode}
2019-07-16 14:29:13,707 INFO  server.AbstractConnector (AbstractConnector.java:doStart(278)) - Started ServerConnector@323fa578{HTTP/1.1,[http/1.1]}{0.0.0.0:45767}
2019-07-16 14:29:13,707 INFO  server.Server (Server.java:doStart(419)) - Started @627003ms
2019-07-16 14:29:13,709 INFO  server.BaseHttpServer (BaseHttpServer.java:updateConnectorAddress(207)) - HTTP server of HDDSDATANODE is listening at http://0.0.0.0:45767
2019-07-16 14:29:13,806 INFO  ozone.HddsDatanodeService (HddsDatanodeService.java:startPlugins(396)) - Started plug-in org.apache.hadoop.ozone.web.OzoneHddsDatanodeService@7dbe9654
2019-07-16 14:29:13,807 INFO  impl.MetricsSystemImpl (MetricsSystemImpl.java:init(158)) - HddsDatanode metrics system started (again)
2019-07-16 14:29:13,808 INFO  ozone.HddsDatanodeService (HddsDatanodeService.java:start(185)) - HddsDatanodeService host:trunk-nightly-gllmw-2332419065 ip:192.168.157.241
2019-07-16 14:29:13,810 INFO  util.JvmPauseMonitor (JvmPauseMonitor.java:run(188)) - Starting JVM pause monitor
2019-07-16 14:29:13,812 INFO  datanode.InitDatanodeState (InitDatanodeState.java:persistContainerDatanodeDetails(140)) - DatanodeDetails is persisted to /workdir/hadoop-ozone/integration-test/target/test-dir/MiniOzoneClusterImpl-ff24742d-400d-47a8-98a3-3540329a4678/datanode-3/meta/datanode.id
2019-07-16 14:29:13,822 INFO  volume.HddsVolume (HddsVolume.java:<init>(176)) - Creating Volume: /workdir/hadoop-ozone/integration-test/target/test-dir/MiniOzoneClusterImpl-ff24742d-400d-47a8-98a3-3540329a4678/datanode-4/data/containers/hdds of  storage type : DISK and capacity : 52710309888
2019-07-16 14:29:13,822 INFO  volume.VolumeSet (VolumeSet.java:initializeVolumeSet(170)) - Added Volume : /workdir/hadoop-ozone/integration-test/target/test-dir/MiniOzoneClusterImpl-ff24742d-400d-47a8-98a3-3540329a4678/datanode-4/data/containers/hdds to VolumeSet
2019-07-16 14:29:13,822 INFO  volume.ThrottledAsyncChecker (ThrottledAsyncChecker.java:schedule(140)) - Scheduling a check for org.apache.hadoop.ozone.container.common.volume.HddsVolume@22b8eaf0
2019-07-16 14:29:13,823 INFO  volume.HddsVolumeChecker (HddsVolumeChecker.java:checkAllVolumes(203)) - Scheduled health check for volume org.apache.hadoop.ozone.container.common.volume.HddsVolume@22b8eaf0
2019-07-16 14:29:13,836 INFO  impl.RaftServerProxy (ConfUtils.java:logGet(43)) - raft.rpc.type = GRPC (default)
2019-07-16 14:29:13,836 INFO  grpc.GrpcFactory (GrpcFactory.java:checkPooledByteBufAllocatorUseCacheForAllThreads(45)) - PERFORMANCE WARNING: useCacheForAllThreads is true that may cause Netty to create a lot garbage objects and, as a result, trigger GC.
	It is recommended to disable useCacheForAllThreads by setting -Dorg.apache.ratis.thirdparty.io.netty.allocator.useCacheForAllThreads=false in command line.
2019-07-16 14:29:13,837 INFO  grpc.GrpcConfigKeys$Server (ConfUtils.java:logGet(43)) - raft.grpc.server.port = 0 (default)
2019-07-16 14:29:13,837 INFO  server.GrpcService (ConfUtils.java:logGet(43)) - raft.grpc.message.size.max = 33570816 (custom)
2019-07-16 14:29:13,837 INFO  server.RaftServerConfigKeys (ConfUtils.java:logGet(43)) - raft.server.log.appender.buffer.byte-limit = 33554432 (custom)
2019-07-16 14:29:13,837 INFO  server.GrpcService (ConfUtils.java:logGet(43)) - raft.grpc.flow.control.window = 1MB (=1048576) (default)
2019-07-16 14:29:13,837 INFO  server.RaftServerConfigKeys (ConfUtils.java:logGet(43)) - raft.server.rpc.request.timeout = 3000ms (default)
2019-07-16 14:29:13,838 INFO  server.RaftServerConfigKeys (ConfUtils.java:logGet(43)) - raft.server.storage.dir = [/workdir/hadoop-ozone/integration-test/target/test-dir/MiniOzoneClusterImpl-ff24742d-400d-47a8-98a3-3540329a4678/datanode-4/data/ratis] (custom)
2019-07-16 14:29:13,838 INFO  replication.SimpleContainerDownloader (SimpleContainerDownloader.java:<init>(72)) - Starting container downloader service to copy containers to replicate.
2019-07-16 14:29:13,839 INFO  hdfs.DFSUtil (DFSUtil.java:httpServerTemplateForNNAndJN(1641)) - Starting Web-server for hddsDatanode at: http://0.0.0.0:0
2019-07-16 14:29:13,840 INFO  server.AuthenticationFilter (AuthenticationFilter.java:constructSecretProvider(240)) - Unable to initialize FileSignerSecretProvider, falling back to use random secrets.
2019-07-16 14:29:13,841 WARN  http.HttpRequestLog (HttpRequestLog.java:getRequestLog(97)) - Jetty request log can only be enabled using Log4j
2019-07-16 14:29:13,842 INFO  http.HttpServer2 (HttpServer2.java:addGlobalFilter(975)) - Added global filter 'safety' (class=org.apache.hadoop.http.HttpServer2$QuotingInputFilter)
2019-07-16 14:29:13,842 INFO  http.HttpServer2 (HttpServer2.java:addFilter(948)) - Added filter static_user_filter (class=org.apache.hadoop.http.lib.StaticUserWebFilter$StaticUserFilter) to context hddsDatanode
2019-07-16 14:29:13,842 INFO  http.HttpServer2 (HttpServer2.java:addFilter(958)) - Added filter static_user_filter (class=org.apache.hadoop.http.lib.StaticUserWebFilter$StaticUserFilter) to context logs
2019-07-16 14:29:13,842 INFO  http.HttpServer2 (HttpServer2.java:addFilter(958)) - Added filter static_user_filter (class=org.apache.hadoop.http.lib.StaticUserWebFilter$StaticUserFilter) to context static
2019-07-16 14:29:13,843 INFO  http.HttpServer2 (HttpServer2.java:bindListener(1191)) - Jetty bound to port 45192
2019-07-16 14:29:13,843 INFO  server.Server (Server.java:doStart(351)) - jetty-9.3.24.v20180605, build timestamp: 2018-06-05T17:11:56Z, git hash: 84205aa28f11a4f31f2a3b86d1bba2cc8ab69827
2019-07-16 14:29:13,845 INFO  handler.ContextHandler (ContextHandler.java:doStart(781)) - Started o.e.j.s.ServletContextHandler@6fc44cb6{/logs,file:///workdir/hadoop-ozone/integration-test/target/log,AVAILABLE}
2019-07-16 14:29:13,845 INFO  handler.ContextHandler (ContextHandler.java:doStart(781)) - Started o.e.j.s.ServletContextHandler@6655b4e6{/static,jar:file:/home/user/.m2/repository/org/apache/hadoop/hadoop-hdds-container-service/0.5.0-SNAPSHOT/hadoop-hdds-container-service-0.5.0-SNAPSHOT.jar!/webapps/static,AVAILABLE}
2019-07-16 14:29:13,871 INFO  handler.ContextHandler (ContextHandler.java:doStart(781)) - Started o.e.j.w.WebAppContext@1f6c0e8a{/,file:///tmp/jetty-0.0.0.0-45192-hddsDatanode-_-any-5517602679489024295.dir/webapp/,AVAILABLE}{/hddsDatanode}
2019-07-16 14:29:13,872 INFO  server.AbstractConnector (AbstractConnector.java:doStart(278)) - Started ServerConnector@37c1e2a4{HTTP/1.1,[http/1.1]}{0.0.0.0:45192}
2019-07-16 14:29:13,872 INFO  server.Server (Server.java:doStart(419)) - Started @627168ms
2019-07-16 14:29:13,874 INFO  server.BaseHttpServer (BaseHttpServer.java:updateConnectorAddress(207)) - HTTP server of HDDSDATANODE is listening at http://0.0.0.0:45192
2019-07-16 14:29:13,987 INFO  ozone.HddsDatanodeService (HddsDatanodeService.java:startPlugins(396)) - Started plug-in org.apache.hadoop.ozone.web.OzoneHddsDatanodeService@4044f07b
2019-07-16 14:29:13,987 INFO  impl.MetricsSystemImpl (MetricsSystemImpl.java:init(158)) - HddsDatanode metrics system started (again)
2019-07-16 14:29:13,988 INFO  ozone.HddsDatanodeService (HddsDatanodeService.java:start(185)) - HddsDatanodeService host:trunk-nightly-gllmw-2332419065 ip:192.168.157.241
2019-07-16 14:29:13,991 INFO  util.JvmPauseMonitor (JvmPauseMonitor.java:run(188)) - Starting JVM pause monitor
2019-07-16 14:29:13,992 INFO  datanode.InitDatanodeState (InitDatanodeState.java:persistContainerDatanodeDetails(140)) - DatanodeDetails is persisted to /workdir/hadoop-ozone/integration-test/target/test-dir/MiniOzoneClusterImpl-ff24742d-400d-47a8-98a3-3540329a4678/datanode-4/meta/datanode.id
2019-07-16 14:29:14,008 INFO  volume.HddsVolume (HddsVolume.java:<init>(176)) - Creating Volume: /workdir/hadoop-ozone/integration-test/target/test-dir/MiniOzoneClusterImpl-ff24742d-400d-47a8-98a3-3540329a4678/datanode-5/data/containers/hdds of  storage type : DISK and capacity : 52710309888
2019-07-16 14:29:14,008 INFO  volume.VolumeSet (VolumeSet.java:initializeVolumeSet(170)) - Added Volume : /workdir/hadoop-ozone/integration-test/target/test-dir/MiniOzoneClusterImpl-ff24742d-400d-47a8-98a3-3540329a4678/datanode-5/data/containers/hdds to VolumeSet
2019-07-16 14:29:14,009 INFO  volume.ThrottledAsyncChecker (ThrottledAsyncChecker.java:schedule(140)) - Scheduling a check for org.apache.hadoop.ozone.container.common.volume.HddsVolume@6dd0d9a2
2019-07-16 14:29:14,009 INFO  volume.HddsVolumeChecker (HddsVolumeChecker.java:checkAllVolumes(203)) - Scheduled health check for volume org.apache.hadoop.ozone.container.common.volume.HddsVolume@6dd0d9a2
2019-07-16 14:29:14,026 INFO  impl.RaftServerProxy (ConfUtils.java:logGet(43)) - raft.rpc.type = GRPC (default)
2019-07-16 14:29:14,026 INFO  grpc.GrpcFactory (GrpcFactory.java:checkPooledByteBufAllocatorUseCacheForAllThreads(45)) - PERFORMANCE WARNING: useCacheForAllThreads is true that may cause Netty to create a lot garbage objects and, as a result, trigger GC.
	It is recommended to disable useCacheForAllThreads by setting -Dorg.apache.ratis.thirdparty.io.netty.allocator.useCacheForAllThreads=false in command line.
2019-07-16 14:29:14,027 INFO  grpc.GrpcConfigKeys$Server (ConfUtils.java:logGet(43)) - raft.grpc.server.port = 0 (default)
2019-07-16 14:29:14,027 INFO  server.GrpcService (ConfUtils.java:logGet(43)) - raft.grpc.message.size.max = 33570816 (custom)
2019-07-16 14:29:14,027 INFO  server.RaftServerConfigKeys (ConfUtils.java:logGet(43)) - raft.server.log.appender.buffer.byte-limit = 33554432 (custom)
2019-07-16 14:29:14,027 INFO  server.GrpcService (ConfUtils.java:logGet(43)) - raft.grpc.flow.control.window = 1MB (=1048576) (default)
2019-07-16 14:29:14,028 INFO  server.RaftServerConfigKeys (ConfUtils.java:logGet(43)) - raft.server.rpc.request.timeout = 3000ms (default)
2019-07-16 14:29:14,028 INFO  server.RaftServerConfigKeys (ConfUtils.java:logGet(43)) - raft.server.storage.dir = [/workdir/hadoop-ozone/integration-test/target/test-dir/MiniOzoneClusterImpl-ff24742d-400d-47a8-98a3-3540329a4678/datanode-5/data/ratis] (custom)
2019-07-16 14:29:14,029 INFO  replication.SimpleContainerDownloader (SimpleContainerDownloader.java:<init>(72)) - Starting container downloader service to copy containers to replicate.
2019-07-16 14:29:14,030 INFO  hdfs.DFSUtil (DFSUtil.java:httpServerTemplateForNNAndJN(1641)) - Starting Web-server for hddsDatanode at: http://0.0.0.0:0
2019-07-16 14:29:14,031 INFO  server.AuthenticationFilter (AuthenticationFilter.java:constructSecretProvider(240)) - Unable to initialize FileSignerSecretProvider, falling back to use random secrets.
2019-07-16 14:29:14,032 WARN  http.HttpRequestLog (HttpRequestLog.java:getRequestLog(97)) - Jetty request log can only be enabled using Log4j
2019-07-16 14:29:14,033 INFO  http.HttpServer2 (HttpServer2.java:addGlobalFilter(975)) - Added global filter 'safety' (class=org.apache.hadoop.http.HttpServer2$QuotingInputFilter)
2019-07-16 14:29:14,033 INFO  http.HttpServer2 (HttpServer2.java:addFilter(948)) - Added filter static_user_filter (class=org.apache.hadoop.http.lib.StaticUserWebFilter$StaticUserFilter) to context hddsDatanode
2019-07-16 14:29:14,034 INFO  http.HttpServer2 (HttpServer2.java:addFilter(958)) - Added filter static_user_filter (class=org.apache.hadoop.http.lib.StaticUserWebFilter$StaticUserFilter) to context logs
2019-07-16 14:29:14,034 INFO  http.HttpServer2 (HttpServer2.java:addFilter(958)) - Added filter static_user_filter (class=org.apache.hadoop.http.lib.StaticUserWebFilter$StaticUserFilter) to context static
2019-07-16 14:29:14,034 INFO  http.HttpServer2 (HttpServer2.java:bindListener(1191)) - Jetty bound to port 39206
2019-07-16 14:29:14,035 INFO  server.Server (Server.java:doStart(351)) - jetty-9.3.24.v20180605, build timestamp: 2018-06-05T17:11:56Z, git hash: 84205aa28f11a4f31f2a3b86d1bba2cc8ab69827
2019-07-16 14:29:14,036 INFO  handler.ContextHandler (ContextHandler.java:doStart(781)) - Started o.e.j.s.ServletContextHandler@5f7cc6fd{/logs,file:///workdir/hadoop-ozone/integration-test/target/log,AVAILABLE}
2019-07-16 14:29:14,037 INFO  handler.ContextHandler (ContextHandler.java:doStart(781)) - Started o.e.j.s.ServletContextHandler@276511ca{/static,jar:file:/home/user/.m2/repository/org/apache/hadoop/hadoop-hdds-container-service/0.5.0-SNAPSHOT/hadoop-hdds-container-service-0.5.0-SNAPSHOT.jar!/webapps/static,AVAILABLE}
2019-07-16 14:29:14,070 INFO  handler.ContextHandler (ContextHandler.java:doStart(781)) - Started o.e.j.w.WebAppContext@69abff1d{/,file:///tmp/jetty-0.0.0.0-39206-hddsDatanode-_-any-2774524307213594424.dir/webapp/,AVAILABLE}{/hddsDatanode}
2019-07-16 14:29:14,070 INFO  server.AbstractConnector (AbstractConnector.java:doStart(278)) - Started ServerConnector@7980eb2{HTTP/1.1,[http/1.1]}{0.0.0.0:39206}
2019-07-16 14:29:14,070 INFO  server.Server (Server.java:doStart(419)) - Started @627366ms
2019-07-16 14:29:14,072 INFO  server.BaseHttpServer (BaseHttpServer.java:updateConnectorAddress(207)) - HTTP server of HDDSDATANODE is listening at http://0.0.0.0:39206
2019-07-16 14:29:14,311 INFO  ozone.HddsDatanodeService (HddsDatanodeService.java:startPlugins(396)) - Started plug-in org.apache.hadoop.ozone.web.OzoneHddsDatanodeService@21b05a8a
2019-07-16 14:29:14,312 INFO  impl.MetricsSystemImpl (MetricsSystemImpl.java:init(158)) - HddsDatanode metrics system started (again)
2019-07-16 14:29:14,314 INFO  ozone.HddsDatanodeService (HddsDatanodeService.java:start(185)) - HddsDatanodeService host:trunk-nightly-gllmw-2332419065 ip:192.168.157.241
2019-07-16 14:29:14,315 INFO  util.JvmPauseMonitor (JvmPauseMonitor.java:run(188)) - Starting JVM pause monitor
2019-07-16 14:29:14,317 INFO  datanode.InitDatanodeState (InitDatanodeState.java:persistContainerDatanodeDetails(140)) - DatanodeDetails is persisted to /workdir/hadoop-ozone/integration-test/target/test-dir/MiniOzoneClusterImpl-ff24742d-400d-47a8-98a3-3540329a4678/datanode-5/meta/datanode.id
2019-07-16 14:29:14,328 INFO  volume.HddsVolume (HddsVolume.java:<init>(176)) - Creating Volume: /workdir/hadoop-ozone/integration-test/target/test-dir/MiniOzoneClusterImpl-ff24742d-400d-47a8-98a3-3540329a4678/datanode-6/data/containers/hdds of  storage type : DISK and capacity : 52710309888
2019-07-16 14:29:14,328 INFO  volume.VolumeSet (VolumeSet.java:initializeVolumeSet(170)) - Added Volume : /workdir/hadoop-ozone/integration-test/target/test-dir/MiniOzoneClusterImpl-ff24742d-400d-47a8-98a3-3540329a4678/datanode-6/data/containers/hdds to VolumeSet
2019-07-16 14:29:14,329 INFO  volume.ThrottledAsyncChecker (ThrottledAsyncChecker.java:schedule(140)) - Scheduling a check for org.apache.hadoop.ozone.container.common.volume.HddsVolume@3c320c8b
2019-07-16 14:29:14,329 INFO  volume.HddsVolumeChecker (HddsVolumeChecker.java:checkAllVolumes(203)) - Scheduled health check for volume org.apache.hadoop.ozone.container.common.volume.HddsVolume@3c320c8b
2019-07-16 14:29:14,348 INFO  impl.RaftServerProxy (ConfUtils.java:logGet(43)) - raft.rpc.type = GRPC (default)
2019-07-16 14:29:14,348 INFO  grpc.GrpcFactory (GrpcFactory.java:checkPooledByteBufAllocatorUseCacheForAllThreads(45)) - PERFORMANCE WARNING: useCacheForAllThreads is true that may cause Netty to create a lot garbage objects and, as a result, trigger GC.
	It is recommended to disable useCacheForAllThreads by setting -Dorg.apache.ratis.thirdparty.io.netty.allocator.useCacheForAllThreads=false in command line.
2019-07-16 14:29:14,348 INFO  grpc.GrpcConfigKeys$Server (ConfUtils.java:logGet(43)) - raft.grpc.server.port = 0 (default)
2019-07-16 14:29:14,349 INFO  server.GrpcService (ConfUtils.java:logGet(43)) - raft.grpc.message.size.max = 33570816 (custom)
2019-07-16 14:29:14,349 INFO  server.RaftServerConfigKeys (ConfUtils.java:logGet(43)) - raft.server.log.appender.buffer.byte-limit = 33554432 (custom)
2019-07-16 14:29:14,349 INFO  server.GrpcService (ConfUtils.java:logGet(43)) - raft.grpc.flow.control.window = 1MB (=1048576) (default)
2019-07-16 14:29:14,349 INFO  server.RaftServerConfigKeys (ConfUtils.java:logGet(43)) - raft.server.rpc.request.timeout = 3000ms (default)
2019-07-16 14:29:14,350 INFO  server.RaftServerConfigKeys (ConfUtils.java:logGet(43)) - raft.server.storage.dir = [/workdir/hadoop-ozone/integration-test/target/test-dir/MiniOzoneClusterImpl-ff24742d-400d-47a8-98a3-3540329a4678/datanode-6/data/ratis] (custom)
2019-07-16 14:29:14,350 INFO  replication.SimpleContainerDownloader (SimpleContainerDownloader.java:<init>(72)) - Starting container downloader service to copy containers to replicate.
2019-07-16 14:29:14,352 INFO  hdfs.DFSUtil (DFSUtil.java:httpServerTemplateForNNAndJN(1641)) - Starting Web-server for hddsDatanode at: http://0.0.0.0:0
2019-07-16 14:29:14,354 INFO  server.AuthenticationFilter (AuthenticationFilter.java:constructSecretProvider(240)) - Unable to initialize FileSignerSecretProvider, falling back to use random secrets.
2019-07-16 14:29:14,354 WARN  http.HttpRequestLog (HttpRequestLog.java:getRequestLog(97)) - Jetty request log can only be enabled using Log4j
2019-07-16 14:29:14,356 INFO  http.HttpServer2 (HttpServer2.java:addGlobalFilter(975)) - Added global filter 'safety' (class=org.apache.hadoop.http.HttpServer2$QuotingInputFilter)
2019-07-16 14:29:14,357 INFO  http.HttpServer2 (HttpServer2.java:addFilter(948)) - Added filter static_user_filter (class=org.apache.hadoop.http.lib.StaticUserWebFilter$StaticUserFilter) to context hddsDatanode
2019-07-16 14:29:14,357 INFO  http.HttpServer2 (HttpServer2.java:addFilter(958)) - Added filter static_user_filter (class=org.apache.hadoop.http.lib.StaticUserWebFilter$StaticUserFilter) to context static
2019-07-16 14:29:14,357 INFO  http.HttpServer2 (HttpServer2.java:addFilter(958)) - Added filter static_user_filter (class=org.apache.hadoop.http.lib.StaticUserWebFilter$StaticUserFilter) to context logs
2019-07-16 14:29:14,358 INFO  http.HttpServer2 (HttpServer2.java:bindListener(1191)) - Jetty bound to port 43880
2019-07-16 14:29:14,359 INFO  server.Server (Server.java:doStart(351)) - jetty-9.3.24.v20180605, build timestamp: 2018-06-05T17:11:56Z, git hash: 84205aa28f11a4f31f2a3b86d1bba2cc8ab69827
2019-07-16 14:29:14,360 INFO  handler.ContextHandler (ContextHandler.java:doStart(781)) - Started o.e.j.s.ServletContextHandler@3443732a{/logs,file:///workdir/hadoop-ozone/integration-test/target/log,AVAILABLE}
2019-07-16 14:29:14,361 INFO  handler.ContextHandler (ContextHandler.java:doStart(781)) - Started o.e.j.s.ServletContextHandler@e471cef{/static,jar:file:/home/user/.m2/repository/org/apache/hadoop/hadoop-hdds-container-service/0.5.0-SNAPSHOT/hadoop-hdds-container-service-0.5.0-SNAPSHOT.jar!/webapps/static,AVAILABLE}
2019-07-16 14:29:14,404 INFO  handler.ContextHandler (ContextHandler.java:doStart(781)) - Started o.e.j.w.WebAppContext@3656a6cd{/,file:///tmp/jetty-0.0.0.0-43880-hddsDatanode-_-any-5434796441238189265.dir/webapp/,AVAILABLE}{/hddsDatanode}
2019-07-16 14:29:14,405 INFO  server.AbstractConnector (AbstractConnector.java:doStart(278)) - Started ServerConnector@7eee42fc{HTTP/1.1,[http/1.1]}{0.0.0.0:43880}
2019-07-16 14:29:14,406 INFO  server.Server (Server.java:doStart(419)) - Started @627703ms
2019-07-16 14:29:14,407 INFO  server.BaseHttpServer (BaseHttpServer.java:updateConnectorAddress(207)) - HTTP server of HDDSDATANODE is listening at http://0.0.0.0:43880
2019-07-16 14:29:14,512 INFO  ozone.HddsDatanodeService (HddsDatanodeService.java:startPlugins(396)) - Started plug-in org.apache.hadoop.ozone.web.OzoneHddsDatanodeService@4b5dd040
2019-07-16 14:29:14,513 INFO  ozone.MiniOzoneClusterImpl (MiniOzoneClusterImpl.java:lambda$waitForClusterToBeReady$0(142)) - Waiting for cluster to be ready. Got 0 of 7 DN Heartbeats.
2019-07-16 14:29:14,517 INFO  util.JvmPauseMonitor (JvmPauseMonitor.java:run(188)) - Starting JVM pause monitor
2019-07-16 14:29:14,518 INFO  datanode.InitDatanodeState (InitDatanodeState.java:persistContainerDatanodeDetails(140)) - DatanodeDetails is persisted to /workdir/hadoop-ozone/integration-test/target/test-dir/MiniOzoneClusterImpl-ff24742d-400d-47a8-98a3-3540329a4678/datanode-6/meta/datanode.id
2019-07-16 14:29:15,332 INFO  ozoneimpl.OzoneContainer (OzoneContainer.java:start(186)) - Attempting to start container services.
2019-07-16 14:29:15,335 INFO  ozoneimpl.OzoneContainer (OzoneContainer.java:startContainerScrub(160)) - Background container scrubber has been disabled by hdds.containerscrub.enabled
2019-07-16 14:29:15,335 INFO  ratis.XceiverServerRatis (XceiverServerRatis.java:start(418)) - Starting XceiverServerRatis f9c97e87-0e0b-4659-ab0c-e2c38ee83f64 at port 0
2019-07-16 14:29:15,343 INFO  impl.RaftServerProxy (RaftServerProxy.java:lambda$start$3(299)) - f9c97e87-0e0b-4659-ab0c-e2c38ee83f64: start RPC server
2019-07-16 14:29:15,345 INFO  server.GrpcService (GrpcService.java:startImpl(149)) - f9c97e87-0e0b-4659-ab0c-e2c38ee83f64: GrpcService started, listening on 0.0.0.0/0.0.0.0:35303
2019-07-16 14:29:15,345 INFO  ratis.XceiverServerRatis (XceiverServerRatis.java:start(428)) - XceiverServerRatis f9c97e87-0e0b-4659-ab0c-e2c38ee83f64 is started using port 35303
2019-07-16 14:29:15,345 INFO  server.XceiverServerGrpc (XceiverServerGrpc.java:start(161)) - XceiverServerGrpc f9c97e87-0e0b-4659-ab0c-e2c38ee83f64 is started using port 44618
2019-07-16 14:29:15,488 INFO  ozoneimpl.OzoneContainer (OzoneContainer.java:start(186)) - Attempting to start container services.
2019-07-16 14:29:15,492 INFO  ozoneimpl.OzoneContainer (OzoneContainer.java:startContainerScrub(160)) - Background container scrubber has been disabled by hdds.containerscrub.enabled
2019-07-16 14:29:15,492 INFO  ratis.XceiverServerRatis (XceiverServerRatis.java:start(418)) - Starting XceiverServerRatis 1470e55f-babc-4f44-af17-4248e7568a18 at port 0
2019-07-16 14:29:15,499 INFO  impl.RaftServerProxy (RaftServerProxy.java:lambda$start$3(299)) - 1470e55f-babc-4f44-af17-4248e7568a18: start RPC server
2019-07-16 14:29:15,507 INFO  server.GrpcService (GrpcService.java:startImpl(149)) - 1470e55f-babc-4f44-af17-4248e7568a18: GrpcService started, listening on 0.0.0.0/0.0.0.0:41404
2019-07-16 14:29:15,507 INFO  ratis.XceiverServerRatis (XceiverServerRatis.java:start(428)) - XceiverServerRatis 1470e55f-babc-4f44-af17-4248e7568a18 is started using port 41404
2019-07-16 14:29:15,508 INFO  server.XceiverServerGrpc (XceiverServerGrpc.java:start(161)) - XceiverServerGrpc 1470e55f-babc-4f44-af17-4248e7568a18 is started using port 45529
2019-07-16 14:29:15,513 INFO  ozone.MiniOzoneClusterImpl (MiniOzoneClusterImpl.java:lambda$waitForClusterToBeReady$0(142)) - Waiting for cluster to be ready. Got 0 of 7 DN Heartbeats.
2019-07-16 14:29:15,659 INFO  ozoneimpl.OzoneContainer (OzoneContainer.java:start(186)) - Attempting to start container services.
2019-07-16 14:29:15,666 INFO  ozoneimpl.OzoneContainer (OzoneContainer.java:startContainerScrub(160)) - Background container scrubber has been disabled by hdds.containerscrub.enabled
2019-07-16 14:29:15,666 INFO  ratis.XceiverServerRatis (XceiverServerRatis.java:start(418)) - Starting XceiverServerRatis 6546edd3-b204-4045-847b-d59968eb8222 at port 0
2019-07-16 14:29:15,674 INFO  impl.RaftServerProxy (RaftServerProxy.java:lambda$start$3(299)) - 6546edd3-b204-4045-847b-d59968eb8222: start RPC server
2019-07-16 14:29:15,675 INFO  server.GrpcService (GrpcService.java:startImpl(149)) - 6546edd3-b204-4045-847b-d59968eb8222: GrpcService started, listening on 0.0.0.0/0.0.0.0:38470
2019-07-16 14:29:15,675 INFO  ratis.XceiverServerRatis (XceiverServerRatis.java:start(428)) - XceiverServerRatis 6546edd3-b204-4045-847b-d59968eb8222 is started using port 38470
2019-07-16 14:29:15,683 INFO  server.XceiverServerGrpc (XceiverServerGrpc.java:start(161)) - XceiverServerGrpc 6546edd3-b204-4045-847b-d59968eb8222 is started using port 36615
2019-07-16 14:29:15,825 INFO  ozoneimpl.OzoneContainer (OzoneContainer.java:start(186)) - Attempting to start container services.
2019-07-16 14:29:15,825 INFO  ozoneimpl.OzoneContainer (OzoneContainer.java:startContainerScrub(160)) - Background container scrubber has been disabled by hdds.containerscrub.enabled
2019-07-16 14:29:15,825 INFO  ratis.XceiverServerRatis (XceiverServerRatis.java:start(418)) - Starting XceiverServerRatis 55b76b8d-3392-4447-b425-b98458f81a7a at port 0
2019-07-16 14:29:15,833 INFO  impl.RaftServerProxy (RaftServerProxy.java:lambda$start$3(299)) - 55b76b8d-3392-4447-b425-b98458f81a7a: start RPC server
2019-07-16 14:29:15,836 INFO  server.GrpcService (GrpcService.java:startImpl(149)) - 55b76b8d-3392-4447-b425-b98458f81a7a: GrpcService started, listening on 0.0.0.0/0.0.0.0:43632
2019-07-16 14:29:15,836 INFO  ratis.XceiverServerRatis (XceiverServerRatis.java:start(428)) - XceiverServerRatis 55b76b8d-3392-4447-b425-b98458f81a7a is started using port 43632
2019-07-16 14:29:15,836 INFO  server.XceiverServerGrpc (XceiverServerGrpc.java:start(161)) - XceiverServerGrpc 55b76b8d-3392-4447-b425-b98458f81a7a is started using port 38264
2019-07-16 14:29:16,005 INFO  ozoneimpl.OzoneContainer (OzoneContainer.java:start(186)) - Attempting to start container services.
2019-07-16 14:29:16,005 INFO  ozoneimpl.OzoneContainer (OzoneContainer.java:startContainerScrub(160)) - Background container scrubber has been disabled by hdds.containerscrub.enabled
2019-07-16 14:29:16,006 INFO  ratis.XceiverServerRatis (XceiverServerRatis.java:start(418)) - Starting XceiverServerRatis 9a580097-443f-4f25-891a-f226d3110303 at port 0
2019-07-16 14:29:16,013 INFO  impl.RaftServerProxy (RaftServerProxy.java:lambda$start$3(299)) - 9a580097-443f-4f25-891a-f226d3110303: start RPC server
2019-07-16 14:29:16,014 INFO  server.GrpcService (GrpcService.java:startImpl(149)) - 9a580097-443f-4f25-891a-f226d3110303: GrpcService started, listening on 0.0.0.0/0.0.0.0:45367
2019-07-16 14:29:16,014 INFO  ratis.XceiverServerRatis (XceiverServerRatis.java:start(428)) - XceiverServerRatis 9a580097-443f-4f25-891a-f226d3110303 is started using port 45367
2019-07-16 14:29:16,015 INFO  server.XceiverServerGrpc (XceiverServerGrpc.java:start(161)) - XceiverServerGrpc 9a580097-443f-4f25-891a-f226d3110303 is started using port 46609
2019-07-16 14:29:16,330 INFO  ozoneimpl.OzoneContainer (OzoneContainer.java:start(186)) - Attempting to start container services.
2019-07-16 14:29:16,330 INFO  ozoneimpl.OzoneContainer (OzoneContainer.java:startContainerScrub(160)) - Background container scrubber has been disabled by hdds.containerscrub.enabled
2019-07-16 14:29:16,330 INFO  ratis.XceiverServerRatis (XceiverServerRatis.java:start(418)) - Starting XceiverServerRatis c3101496-7c99-4cc1-b913-97d14de9566b at port 0
2019-07-16 14:29:16,338 INFO  impl.RaftServerProxy (RaftServerProxy.java:lambda$start$3(299)) - c3101496-7c99-4cc1-b913-97d14de9566b: start RPC server
2019-07-16 14:29:16,339 INFO  server.GrpcService (GrpcService.java:startImpl(149)) - c3101496-7c99-4cc1-b913-97d14de9566b: GrpcService started, listening on 0.0.0.0/0.0.0.0:35901
2019-07-16 14:29:16,339 INFO  ratis.XceiverServerRatis (XceiverServerRatis.java:start(428)) - XceiverServerRatis c3101496-7c99-4cc1-b913-97d14de9566b is started using port 35901
2019-07-16 14:29:16,340 INFO  server.XceiverServerGrpc (XceiverServerGrpc.java:start(161)) - XceiverServerGrpc c3101496-7c99-4cc1-b913-97d14de9566b is started using port 37116
2019-07-16 14:29:16,514 INFO  ozone.MiniOzoneClusterImpl (MiniOzoneClusterImpl.java:lambda$waitForClusterToBeReady$0(142)) - Waiting for cluster to be ready. Got 0 of 7 DN Heartbeats.
2019-07-16 14:29:16,531 INFO  ozoneimpl.OzoneContainer (OzoneContainer.java:start(186)) - Attempting to start container services.
2019-07-16 14:29:16,531 INFO  ozoneimpl.OzoneContainer (OzoneContainer.java:startContainerScrub(160)) - Background container scrubber has been disabled by hdds.containerscrub.enabled
2019-07-16 14:29:16,531 INFO  ratis.XceiverServerRatis (XceiverServerRatis.java:start(418)) - Starting XceiverServerRatis 60bce219-76bd-4774-bfc9-757c068c3404 at port 0
2019-07-16 14:29:16,539 INFO  impl.RaftServerProxy (RaftServerProxy.java:lambda$start$3(299)) - 60bce219-76bd-4774-bfc9-757c068c3404: start RPC server
2019-07-16 14:29:16,542 INFO  server.GrpcService (GrpcService.java:startImpl(149)) - 60bce219-76bd-4774-bfc9-757c068c3404: GrpcService started, listening on 0.0.0.0/0.0.0.0:33143
2019-07-16 14:29:16,542 INFO  ratis.XceiverServerRatis (XceiverServerRatis.java:start(428)) - XceiverServerRatis 60bce219-76bd-4774-bfc9-757c068c3404 is started using port 33143
2019-07-16 14:29:16,543 INFO  server.XceiverServerGrpc (XceiverServerGrpc.java:start(161)) - XceiverServerGrpc 60bce219-76bd-4774-bfc9-757c068c3404 is started using port 33718
2019-07-16 14:29:17,315 INFO  net.NetworkTopology (NetworkTopologyImpl.java:add(110)) - Added a new node: /default-rack/192.168.157.241
2019-07-16 14:29:17,318 INFO  node.SCMNodeManager (SCMNodeManager.java:register(269)) - Registered Data node : f9c97e87-0e0b-4659-ab0c-e2c38ee83f64{ip: 192.168.157.241, host: trunk-nightly-gllmw-2332419065, networkLocation: /default-rack, certSerialId: null}
2019-07-16 14:29:17,319 INFO  safemode.SCMSafeModeManager (DataNodeSafeModeRule.java:process(71)) - SCM in safe mode. 1 DataNodes registered, 1 required.
2019-07-16 14:29:17,321 INFO  safemode.SCMSafeModeManager (SCMSafeModeManager.java:validateSafeModeExitRules(177)) - ScmSafeModeManager, all rules are successfully validated
2019-07-16 14:29:17,321 INFO  safemode.SCMSafeModeManager (SCMSafeModeManager.java:exitSafeMode(193)) - SCM exiting safe mode.
2019-07-16 14:29:17,334 INFO  impl.RaftServerProxy (RaftServerProxy.java:addNew(89)) - f9c97e87-0e0b-4659-ab0c-e2c38ee83f64: addNew group-FA2C309E999D:[f9c97e87-0e0b-4659-ab0c-e2c38ee83f64:192.168.157.241:35303] returns group-FA2C309E999D:java.util.concurrent.CompletableFuture@4172eda0[Not completed]
2019-07-16 14:29:17,335 INFO  impl.RaftServerImpl (RaftServerImpl.java:<init>(93)) - f9c97e87-0e0b-4659-ab0c-e2c38ee83f64: new RaftServerImpl for group-FA2C309E999D:[f9c97e87-0e0b-4659-ab0c-e2c38ee83f64:192.168.157.241:35303] with ContainerStateMachine:uninitialized
2019-07-16 14:29:17,335 INFO  server.RaftServerConfigKeys (ConfUtils.java:logGet(43)) - raft.server.rpc.timeout.min = 5s (custom)
2019-07-16 14:29:17,336 INFO  server.RaftServerConfigKeys (ConfUtils.java:logGet(43)) - raft.server.rpc.timeout.max = 5200ms (custom)
2019-07-16 14:29:17,336 INFO  server.RaftServerConfigKeys (ConfUtils.java:logGet(43)) - raft.server.rpcslowness.timeout = 120s (custom)
2019-07-16 14:29:17,336 INFO  server.RaftServerConfigKeys (ConfUtils.java:logGet(43)) - raft.server.sleep.deviation.threshold = 300 (default)
2019-07-16 14:29:17,336 INFO  server.RaftServerConfigKeys (ConfUtils.java:logGet(43)) - raft.server.log.appender.install.snapshot.enabled = false (custom)
2019-07-16 14:29:17,336 INFO  impl.RaftServerImpl (ServerState.java:<init>(105)) - f9c97e87-0e0b-4659-ab0c-e2c38ee83f64:group-FA2C309E999D ConfigurationManager, init=-1: [f9c97e87-0e0b-4659-ab0c-e2c38ee83f64:192.168.157.241:35303], old=null, confs=<EMPTY_MAP>
2019-07-16 14:29:17,336 INFO  server.RaftServerConfigKeys (ConfUtils.java:logGet(43)) - raft.server.storage.dir = [/workdir/hadoop-ozone/integration-test/target/test-dir/MiniOzoneClusterImpl-ff24742d-400d-47a8-98a3-3540329a4678/datanode-0/data/ratis] (custom)
2019-07-16 14:29:17,337 INFO  storage.RaftStorageDirectory (RaftStorageDirectory.java:analyzeStorage(246)) - The storage directory /workdir/hadoop-ozone/integration-test/target/test-dir/MiniOzoneClusterImpl-ff24742d-400d-47a8-98a3-3540329a4678/datanode-0/data/ratis/6b068dfb-88a9-4e82-856f-fa2c309e999d does not exist. Creating ...
2019-07-16 14:29:17,350 INFO  storage.RaftStorageDirectory (RaftStorageDirectory.java:tryLock(328)) - Lock on /workdir/hadoop-ozone/integration-test/target/test-dir/MiniOzoneClusterImpl-ff24742d-400d-47a8-98a3-3540329a4678/datanode-0/data/ratis/6b068dfb-88a9-4e82-856f-fa2c309e999d/in_use.lock acquired by nodename 23803@trunk-nightly-gllmw-2332419065
2019-07-16 14:29:17,364 INFO  storage.RaftStorage (RaftStorage.java:format(72)) - Storage directory /workdir/hadoop-ozone/integration-test/target/test-dir/MiniOzoneClusterImpl-ff24742d-400d-47a8-98a3-3540329a4678/datanode-0/data/ratis/6b068dfb-88a9-4e82-856f-fa2c309e999d has been successfully formatted.
2019-07-16 14:29:17,364 INFO  ratis.ContainerStateMachine (ContainerStateMachine.java:loadSnapshot(200)) - group-FA2C309E999D: The snapshot info is null. Setting the last applied indexto:(t:0, i:~)
2019-07-16 14:29:17,364 INFO  server.RaftServerConfigKeys (ConfUtils.java:logGet(43)) - raft.server.leader.election.timeout = 120s (custom)
2019-07-16 14:29:17,364 INFO  server.RaftServerConfigKeys (ConfUtils.java:logGet(43)) - raft.server.log.use.memory = false (default)
2019-07-16 14:29:17,365 INFO  server.RaftServerConfigKeys (ConfUtils.java:logGet(43)) - raft.server.log.purge.gap = 1000000000 (custom)
2019-07-16 14:29:17,365 INFO  server.RaftServerConfigKeys (ConfUtils.java:logGet(43)) - raft.server.log.appender.buffer.byte-limit = 33554432 (custom)
2019-07-16 14:29:17,365 INFO  server.RaftServerConfigKeys (ConfUtils.java:logGet(43)) - raft.server.log.segment.size.max = 1048576 (custom)
2019-07-16 14:29:17,365 INFO  server.RaftServerConfigKeys (ConfUtils.java:logGet(43)) - raft.server.log.segment.cache.num.max = 2 (custom)
2019-07-16 14:29:17,365 INFO  segmented.SegmentedRaftLogWorker (SegmentedRaftLogWorker.java:<init>(172)) - new f9c97e87-0e0b-4659-ab0c-e2c38ee83f64-SegmentedRaftLogWorker:Storage Directory /workdir/hadoop-ozone/integration-test/target/test-dir/MiniOzoneClusterImpl-ff24742d-400d-47a8-98a3-3540329a4678/datanode-0/data/ratis/6b068dfb-88a9-4e82-856f-fa2c309e999d for RaftStorage:Storage Directory /workdir/hadoop-ozone/integration-test/target/test-dir/MiniOzoneClusterImpl-ff24742d-400d-47a8-98a3-3540329a4678/datanode-0/data/ratis/6b068dfb-88a9-4e82-856f-fa2c309e999d
2019-07-16 14:29:17,366 INFO  server.RaftServerConfigKeys (ConfUtils.java:logGet(43)) - raft.server.log.queue.byte-limit = 2147483647 (custom)
2019-07-16 14:29:17,366 INFO  server.RaftServerConfigKeys (ConfUtils.java:logGet(43)) - raft.server.log.queue.element-limit = 1024 (custom)
2019-07-16 14:29:17,366 INFO  server.RaftServerConfigKeys (ConfUtils.java:logGet(43)) - raft.server.log.segment.size.max = 1048576 (custom)
2019-07-16 14:29:17,366 INFO  server.RaftServerConfigKeys (ConfUtils.java:logGet(43)) - raft.server.log.preallocated.size = 16384 (custom)
2019-07-16 14:29:17,366 INFO  server.RaftServerConfigKeys (ConfUtils.java:logGet(43)) - raft.server.log.write.buffer.size = 33554432 (custom)
2019-07-16 14:29:17,366 INFO  server.RaftServerConfigKeys (ConfUtils.java:logGet(43)) - raft.server.log.force.sync.num = 128 (default)
2019-07-16 14:29:17,367 INFO  server.RaftServerConfigKeys (ConfUtils.java:logGet(43)) - raft.server.log.statemachine.data.sync = true (default)
2019-07-16 14:29:17,367 INFO  server.RaftServerConfigKeys (ConfUtils.java:logGet(43)) - raft.server.log.statemachine.data.sync.timeout = 10s (default)
2019-07-16 14:29:17,367 INFO  server.RaftServerConfigKeys (ConfUtils.java:logGet(43)) - raft.server.log.statemachine.data.sync.timeout.retry = -1 (default)
2019-07-16 14:29:17,367 INFO  server.RaftServerConfigKeys (ConfUtils.java:logGet(43)) - raft.server.log.statemachine.data.caching.enabled = true (custom)
2019-07-16 14:29:17,368 INFO  segmented.SegmentedRaftLogWorker (SegmentedRaftLogWorker.java:lambda$new$0(132)) - f9c97e87-0e0b-4659-ab0c-e2c38ee83f64-SegmentedRaftLogWorker:Storage Directory /workdir/hadoop-ozone/integration-test/target/test-dir/MiniOzoneClusterImpl-ff24742d-400d-47a8-98a3-3540329a4678/datanode-0/data/ratis/6b068dfb-88a9-4e82-856f-fa2c309e999d: flushIndex: setUnconditionally 0 -> -1
2019-07-16 14:29:17,368 INFO  server.RaftServerConfigKeys (ConfUtils.java:logGet(43)) - raft.server.snapshot.auto.trigger.enabled = true (custom)
2019-07-16 14:29:17,368 INFO  server.RaftServerConfigKeys (ConfUtils.java:logGet(43)) - raft.server.snapshot.auto.trigger.threshold = 10000 (custom)
2019-07-16 14:29:17,368 INFO  server.RaftServerConfigKeys (ConfUtils.java:logGet(43)) - raft.server.retrycache.expirytime = 600000ms (custom)
2019-07-16 14:29:17,369 INFO  impl.RaftServerImpl (RaftServerImpl.java:start(180)) - f9c97e87-0e0b-4659-ab0c-e2c38ee83f64: start group-FA2C309E999D
2019-07-16 14:29:17,369 INFO  impl.RaftServerImpl (RaftServerImpl.java:setRole(171)) - f9c97e87-0e0b-4659-ab0c-e2c38ee83f64:group-FA2C309E999D changes role from null to FOLLOWER at term 0 for startAsFollower
2019-07-16 14:29:17,369 INFO  impl.RoleInfo (RoleInfo.java:updateAndGet(143)) - f9c97e87-0e0b-4659-ab0c-e2c38ee83f64: start FollowerState
2019-07-16 14:29:17,370 INFO  util.JmxRegister (JmxRegister.java:tryRegister(44)) - Successfully registered JMX Bean with object name Ratis:service=RaftServer,group=group-FA2C309E999D,id=f9c97e87-0e0b-4659-ab0c-e2c38ee83f64
2019-07-16 14:29:17,375 INFO  pipeline.PipelineStateManager (PipelineStateManager.java:addPipeline(56)) - Created pipeline Pipeline[ Id: 6b068dfb-88a9-4e82-856f-fa2c309e999d, Nodes: f9c97e87-0e0b-4659-ab0c-e2c38ee83f64{ip: 192.168.157.241, host: trunk-nightly-gllmw-2332419065, networkLocation: /default-rack, certSerialId: null}, Type:RATIS, Factor:ONE, State:OPEN]
2019-07-16 14:29:17,473 INFO  node.SCMNodeManager (SCMNodeManager.java:register(269)) - Registered Data node : 1470e55f-babc-4f44-af17-4248e7568a18{ip: 192.168.157.241, host: trunk-nightly-gllmw-2332419065, networkLocation: /default-rack, certSerialId: null}
2019-07-16 14:29:17,480 INFO  impl.RaftServerProxy (RaftServerProxy.java:addNew(89)) - 1470e55f-babc-4f44-af17-4248e7568a18: addNew group-EBCDE667C733:[1470e55f-babc-4f44-af17-4248e7568a18:192.168.157.241:41404] returns group-EBCDE667C733:java.util.concurrent.CompletableFuture@5403a181[Not completed]
2019-07-16 14:29:17,481 INFO  impl.RaftServerImpl (RaftServerImpl.java:<init>(93)) - 1470e55f-babc-4f44-af17-4248e7568a18: new RaftServerImpl for group-EBCDE667C733:[1470e55f-babc-4f44-af17-4248e7568a18:192.168.157.241:41404] with ContainerStateMachine:uninitialized
2019-07-16 14:29:17,482 INFO  server.RaftServerConfigKeys (ConfUtils.java:logGet(43)) - raft.server.rpc.timeout.min = 5s (custom)
2019-07-16 14:29:17,482 INFO  server.RaftServerConfigKeys (ConfUtils.java:logGet(43)) - raft.server.rpc.timeout.max = 5200ms (custom)
2019-07-16 14:29:17,482 INFO  server.RaftServerConfigKeys (ConfUtils.java:logGet(43)) - raft.server.rpcslowness.timeout = 120s (custom)
2019-07-16 14:29:17,482 INFO  server.RaftServerConfigKeys (ConfUtils.java:logGet(43)) - raft.server.sleep.deviation.threshold = 300 (default)
2019-07-16 14:29:17,482 INFO  server.RaftServerConfigKeys (ConfUtils.java:logGet(43)) - raft.server.log.appender.install.snapshot.enabled = false (custom)
2019-07-16 14:29:17,482 INFO  impl.RaftServerImpl (ServerState.java:<init>(105)) - 1470e55f-babc-4f44-af17-4248e7568a18:group-EBCDE667C733 ConfigurationManager, init=-1: [1470e55f-babc-4f44-af17-4248e7568a18:192.168.157.241:41404], old=null, confs=<EMPTY_MAP>
2019-07-16 14:29:17,482 INFO  server.RaftServerConfigKeys (ConfUtils.java:logGet(43)) - raft.server.storage.dir = [/workdir/hadoop-ozone/integration-test/target/test-dir/MiniOzoneClusterImpl-ff24742d-400d-47a8-98a3-3540329a4678/datanode-1/data/ratis] (custom)
2019-07-16 14:29:17,483 INFO  storage.RaftStorageDirectory (RaftStorageDirectory.java:analyzeStorage(246)) - The storage directory /workdir/hadoop-ozone/integration-test/target/test-dir/MiniOzoneClusterImpl-ff24742d-400d-47a8-98a3-3540329a4678/datanode-1/data/ratis/9c01eacb-25db-4249-9880-ebcde667c733 does not exist. Creating ...
2019-07-16 14:29:17,496 INFO  storage.RaftStorageDirectory (RaftStorageDirectory.java:tryLock(328)) - Lock on /workdir/hadoop-ozone/integration-test/target/test-dir/MiniOzoneClusterImpl-ff24742d-400d-47a8-98a3-3540329a4678/datanode-1/data/ratis/9c01eacb-25db-4249-9880-ebcde667c733/in_use.lock acquired by nodename 23803@trunk-nightly-gllmw-2332419065
2019-07-16 14:29:17,509 INFO  storage.RaftStorage (RaftStorage.java:format(72)) - Storage directory /workdir/hadoop-ozone/integration-test/target/test-dir/MiniOzoneClusterImpl-ff24742d-400d-47a8-98a3-3540329a4678/datanode-1/data/ratis/9c01eacb-25db-4249-9880-ebcde667c733 has been successfully formatted.
2019-07-16 14:29:17,509 INFO  ratis.ContainerStateMachine (ContainerStateMachine.java:loadSnapshot(200)) - group-EBCDE667C733: The snapshot info is null. Setting the last applied indexto:(t:0, i:~)
2019-07-16 14:29:17,509 INFO  server.RaftServerConfigKeys (ConfUtils.java:logGet(43)) - raft.server.leader.election.timeout = 120s (custom)
2019-07-16 14:29:17,509 INFO  server.RaftServerConfigKeys (ConfUtils.java:logGet(43)) - raft.server.log.use.memory = false (default)
2019-07-16 14:29:17,509 INFO  server.RaftServerConfigKeys (ConfUtils.java:logGet(43)) - raft.server.log.purge.gap = 1000000000 (custom)
2019-07-16 14:29:17,510 INFO  server.RaftServerConfigKeys (ConfUtils.java:logGet(43)) - raft.server.log.appender.buffer.byte-limit = 33554432 (custom)
2019-07-16 14:29:17,510 INFO  server.RaftServerConfigKeys (ConfUtils.java:logGet(43)) - raft.server.log.segment.size.max = 1048576 (custom)
2019-07-16 14:29:17,510 INFO  server.RaftServerConfigKeys (ConfUtils.java:logGet(43)) - raft.server.log.segment.cache.num.max = 2 (custom)
2019-07-16 14:29:17,510 INFO  segmented.SegmentedRaftLogWorker (SegmentedRaftLogWorker.java:<init>(172)) - new 1470e55f-babc-4f44-af17-4248e7568a18-SegmentedRaftLogWorker:Storage Directory /workdir/hadoop-ozone/integration-test/target/test-dir/MiniOzoneClusterImpl-ff24742d-400d-47a8-98a3-3540329a4678/datanode-1/data/ratis/9c01eacb-25db-4249-9880-ebcde667c733 for RaftStorage:Storage Directory /workdir/hadoop-ozone/integration-test/target/test-dir/MiniOzoneClusterImpl-ff24742d-400d-47a8-98a3-3540329a4678/datanode-1/data/ratis/9c01eacb-25db-4249-9880-ebcde667c733
2019-07-16 14:29:17,510 INFO  server.RaftServerConfigKeys (ConfUtils.java:logGet(43)) - raft.server.log.queue.byte-limit = 2147483647 (custom)
2019-07-16 14:29:17,510 INFO  server.RaftServerConfigKeys (ConfUtils.java:logGet(43)) - raft.server.log.queue.element-limit = 1024 (custom)
2019-07-16 14:29:17,511 INFO  server.RaftServerConfigKeys (ConfUtils.java:logGet(43)) - raft.server.log.segment.size.max = 1048576 (custom)
2019-07-16 14:29:17,511 INFO  server.RaftServerConfigKeys (ConfUtils.java:logGet(43)) - raft.server.log.preallocated.size = 16384 (custom)
2019-07-16 14:29:17,511 INFO  server.RaftServerConfigKeys (ConfUtils.java:logGet(43)) - raft.server.log.write.buffer.size = 33554432 (custom)
2019-07-16 14:29:17,511 INFO  server.RaftServerConfigKeys (ConfUtils.java:logGet(43)) - raft.server.log.force.sync.num = 128 (default)
2019-07-16 14:29:17,511 INFO  server.RaftServerConfigKeys (ConfUtils.java:logGet(43)) - raft.server.log.statemachine.data.sync = true (default)
2019-07-16 14:29:17,511 INFO  server.RaftServerConfigKeys (ConfUtils.java:logGet(43)) - raft.server.log.statemachine.data.sync.timeout = 10s (default)
2019-07-16 14:29:17,512 INFO  server.RaftServerConfigKeys (ConfUtils.java:logGet(43)) - raft.server.log.statemachine.data.sync.timeout.retry = -1 (default)
2019-07-16 14:29:17,512 INFO  server.RaftServerConfigKeys (ConfUtils.java:logGet(43)) - raft.server.log.statemachine.data.caching.enabled = true (custom)
2019-07-16 14:29:17,512 INFO  segmented.SegmentedRaftLogWorker (SegmentedRaftLogWorker.java:lambda$new$0(132)) - 1470e55f-babc-4f44-af17-4248e7568a18-SegmentedRaftLogWorker:Storage Directory /workdir/hadoop-ozone/integration-test/target/test-dir/MiniOzoneClusterImpl-ff24742d-400d-47a8-98a3-3540329a4678/datanode-1/data/ratis/9c01eacb-25db-4249-9880-ebcde667c733: flushIndex: setUnconditionally 0 -> -1
2019-07-16 14:29:17,513 INFO  server.RaftServerConfigKeys (ConfUtils.java:logGet(43)) - raft.server.snapshot.auto.trigger.enabled = true (custom)
2019-07-16 14:29:17,513 INFO  server.RaftServerConfigKeys (ConfUtils.java:logGet(43)) - raft.server.snapshot.auto.trigger.threshold = 10000 (custom)
2019-07-16 14:29:17,513 INFO  server.RaftServerConfigKeys (ConfUtils.java:logGet(43)) - raft.server.retrycache.expirytime = 600000ms (custom)
2019-07-16 14:29:17,513 INFO  impl.RaftServerImpl (RaftServerImpl.java:start(180)) - 1470e55f-babc-4f44-af17-4248e7568a18: start group-EBCDE667C733
2019-07-16 14:29:17,513 INFO  impl.RaftServerImpl (RaftServerImpl.java:setRole(171)) - 1470e55f-babc-4f44-af17-4248e7568a18:group-EBCDE667C733 changes role from null to FOLLOWER at term 0 for startAsFollower
2019-07-16 14:29:17,513 INFO  impl.RoleInfo (RoleInfo.java:updateAndGet(143)) - 1470e55f-babc-4f44-af17-4248e7568a18: start FollowerState
2019-07-16 14:29:17,514 INFO  util.JmxRegister (JmxRegister.java:tryRegister(44)) - Successfully registered JMX Bean with object name Ratis:service=RaftServer,group=group-EBCDE667C733,id=1470e55f-babc-4f44-af17-4248e7568a18
2019-07-16 14:29:17,514 INFO  ozone.MiniOzoneClusterImpl (MiniOzoneClusterImpl.java:lambda$waitForClusterToBeReady$0(142)) - Waiting for cluster to be ready. Got 2 of 7 DN Heartbeats.
2019-07-16 14:29:17,518 INFO  pipeline.PipelineStateManager (PipelineStateManager.java:addPipeline(56)) - Created pipeline Pipeline[ Id: 9c01eacb-25db-4249-9880-ebcde667c733, Nodes: 1470e55f-babc-4f44-af17-4248e7568a18{ip: 192.168.157.241, host: trunk-nightly-gllmw-2332419065, networkLocation: /default-rack, certSerialId: null}, Type:RATIS, Factor:ONE, State:OPEN]
2019-07-16 14:29:17,646 INFO  node.SCMNodeManager (SCMNodeManager.java:register(269)) - Registered Data node : 6546edd3-b204-4045-847b-d59968eb8222{ip: 192.168.157.241, host: trunk-nightly-gllmw-2332419065, networkLocation: /default-rack, certSerialId: null}
2019-07-16 14:29:17,655 INFO  impl.RaftServerProxy (RaftServerProxy.java:addNew(89)) - 6546edd3-b204-4045-847b-d59968eb8222: addNew group-F3730E36E441:[6546edd3-b204-4045-847b-d59968eb8222:192.168.157.241:38470] returns group-F3730E36E441:java.util.concurrent.CompletableFuture@1f134bad[Not completed]
2019-07-16 14:29:17,656 INFO  impl.RaftServerImpl (RaftServerImpl.java:<init>(93)) - 6546edd3-b204-4045-847b-d59968eb8222: new RaftServerImpl for group-F3730E36E441:[6546edd3-b204-4045-847b-d59968eb8222:192.168.157.241:38470] with ContainerStateMachine:uninitialized
2019-07-16 14:29:17,656 INFO  server.RaftServerConfigKeys (ConfUtils.java:logGet(43)) - raft.server.rpc.timeout.min = 5s (custom)
2019-07-16 14:29:17,656 INFO  server.RaftServerConfigKeys (ConfUtils.java:logGet(43)) - raft.server.rpc.timeout.max = 5200ms (custom)
2019-07-16 14:29:17,656 INFO  server.RaftServerConfigKeys (ConfUtils.java:logGet(43)) - raft.server.rpcslowness.timeout = 120s (custom)
2019-07-16 14:29:17,657 INFO  server.RaftServerConfigKeys (ConfUtils.java:logGet(43)) - raft.server.sleep.deviation.threshold = 300 (default)
2019-07-16 14:29:17,657 INFO  server.RaftServerConfigKeys (ConfUtils.java:logGet(43)) - raft.server.log.appender.install.snapshot.enabled = false (custom)
2019-07-16 14:29:17,657 INFO  impl.RaftServerImpl (ServerState.java:<init>(105)) - 6546edd3-b204-4045-847b-d59968eb8222:group-F3730E36E441 ConfigurationManager, init=-1: [6546edd3-b204-4045-847b-d59968eb8222:192.168.157.241:38470], old=null, confs=<EMPTY_MAP>
2019-07-16 14:29:17,657 INFO  server.RaftServerConfigKeys (ConfUtils.java:logGet(43)) - raft.server.storage.dir = [/workdir/hadoop-ozone/integration-test/target/test-dir/MiniOzoneClusterImpl-ff24742d-400d-47a8-98a3-3540329a4678/datanode-2/data/ratis] (custom)
2019-07-16 14:29:17,657 INFO  storage.RaftStorageDirectory (RaftStorageDirectory.java:analyzeStorage(246)) - The storage directory /workdir/hadoop-ozone/integration-test/target/test-dir/MiniOzoneClusterImpl-ff24742d-400d-47a8-98a3-3540329a4678/datanode-2/data/ratis/dd014c13-3780-4ef8-b406-f3730e36e441 does not exist. Creating ...
2019-07-16 14:29:17,664 INFO  storage.RaftStorageDirectory (RaftStorageDirectory.java:tryLock(328)) - Lock on /workdir/hadoop-ozone/integration-test/target/test-dir/MiniOzoneClusterImpl-ff24742d-400d-47a8-98a3-3540329a4678/datanode-2/data/ratis/dd014c13-3780-4ef8-b406-f3730e36e441/in_use.lock acquired by nodename 23803@trunk-nightly-gllmw-2332419065
2019-07-16 14:29:17,678 INFO  storage.RaftStorage (RaftStorage.java:format(72)) - Storage directory /workdir/hadoop-ozone/integration-test/target/test-dir/MiniOzoneClusterImpl-ff24742d-400d-47a8-98a3-3540329a4678/datanode-2/data/ratis/dd014c13-3780-4ef8-b406-f3730e36e441 has been successfully formatted.
2019-07-16 14:29:17,678 INFO  ratis.ContainerStateMachine (ContainerStateMachine.java:loadSnapshot(200)) - group-F3730E36E441: The snapshot info is null. Setting the last applied indexto:(t:0, i:~)
2019-07-16 14:29:17,678 INFO  server.RaftServerConfigKeys (ConfUtils.java:logGet(43)) - raft.server.leader.election.timeout = 120s (custom)
2019-07-16 14:29:17,678 INFO  server.RaftServerConfigKeys (ConfUtils.java:logGet(43)) - raft.server.log.use.memory = false (default)
2019-07-16 14:29:17,678 INFO  server.RaftServerConfigKeys (ConfUtils.java:logGet(43)) - raft.server.log.purge.gap = 1000000000 (custom)
2019-07-16 14:29:17,679 INFO  server.RaftServerConfigKeys (ConfUtils.java:logGet(43)) - raft.server.log.appender.buffer.byte-limit = 33554432 (custom)
2019-07-16 14:29:17,679 INFO  server.RaftServerConfigKeys (ConfUtils.java:logGet(43)) - raft.server.log.segment.size.max = 1048576 (custom)
2019-07-16 14:29:17,679 INFO  server.RaftServerConfigKeys (ConfUtils.java:logGet(43)) - raft.server.log.segment.cache.num.max = 2 (custom)
2019-07-16 14:29:17,679 INFO  segmented.SegmentedRaftLogWorker (SegmentedRaftLogWorker.java:<init>(172)) - new 6546edd3-b204-4045-847b-d59968eb8222-SegmentedRaftLogWorker:Storage Directory /workdir/hadoop-ozone/integration-test/target/test-dir/MiniOzoneClusterImpl-ff24742d-400d-47a8-98a3-3540329a4678/datanode-2/data/ratis/dd014c13-3780-4ef8-b406-f3730e36e441 for RaftStorage:Storage Directory /workdir/hadoop-ozone/integration-test/target/test-dir/MiniOzoneClusterImpl-ff24742d-400d-47a8-98a3-3540329a4678/datanode-2/data/ratis/dd014c13-3780-4ef8-b406-f3730e36e441
2019-07-16 14:29:17,679 INFO  server.RaftServerConfigKeys (ConfUtils.java:logGet(43)) - raft.server.log.queue.byte-limit = 2147483647 (custom)
2019-07-16 14:29:17,679 INFO  server.RaftServerConfigKeys (ConfUtils.java:logGet(43)) - raft.server.log.queue.element-limit = 1024 (custom)
2019-07-16 14:29:17,680 INFO  server.RaftServerConfigKeys (ConfUtils.java:logGet(43)) - raft.server.log.segment.size.max = 1048576 (custom)
2019-07-16 14:29:17,680 INFO  server.RaftServerConfigKeys (ConfUtils.java:logGet(43)) - raft.server.log.preallocated.size = 16384 (custom)
2019-07-16 14:29:17,680 INFO  server.RaftServerConfigKeys (ConfUtils.java:logGet(43)) - raft.server.log.write.buffer.size = 33554432 (custom)
2019-07-16 14:29:17,680 INFO  server.RaftServerConfigKeys (ConfUtils.java:logGet(43)) - raft.server.log.force.sync.num = 128 (default)
2019-07-16 14:29:17,680 INFO  server.RaftServerConfigKeys (ConfUtils.java:logGet(43)) - raft.server.log.statemachine.data.sync = true (default)
2019-07-16 14:29:17,680 INFO  server.RaftServerConfigKeys (ConfUtils.java:logGet(43)) - raft.server.log.statemachine.data.sync.timeout = 10s (default)
2019-07-16 14:29:17,681 INFO  server.RaftServerConfigKeys (ConfUtils.java:logGet(43)) - raft.server.log.statemachine.data.sync.timeout.retry = -1 (default)
2019-07-16 14:29:17,681 INFO  server.RaftServerConfigKeys (ConfUtils.java:logGet(43)) - raft.server.log.statemachine.data.caching.enabled = true (custom)
2019-07-16 14:29:17,681 INFO  segmented.SegmentedRaftLogWorker (SegmentedRaftLogWorker.java:lambda$new$0(132)) - 6546edd3-b204-4045-847b-d59968eb8222-SegmentedRaftLogWorker:Storage Directory /workdir/hadoop-ozone/integration-test/target/test-dir/MiniOzoneClusterImpl-ff24742d-400d-47a8-98a3-3540329a4678/datanode-2/data/ratis/dd014c13-3780-4ef8-b406-f3730e36e441: flushIndex: setUnconditionally 0 -> -1
2019-07-16 14:29:17,681 INFO  server.RaftServerConfigKeys (ConfUtils.java:logGet(43)) - raft.server.snapshot.auto.trigger.enabled = true (custom)
2019-07-16 14:29:17,682 INFO  server.RaftServerConfigKeys (ConfUtils.java:logGet(43)) - raft.server.snapshot.auto.trigger.threshold = 10000 (custom)
2019-07-16 14:29:17,682 INFO  server.RaftServerConfigKeys (ConfUtils.java:logGet(43)) - raft.server.retrycache.expirytime = 600000ms (custom)
2019-07-16 14:29:17,682 INFO  impl.RaftServerImpl (RaftServerImpl.java:start(180)) - 6546edd3-b204-4045-847b-d59968eb8222: start group-F3730E36E441
2019-07-16 14:29:17,682 INFO  impl.RaftServerImpl (RaftServerImpl.java:setRole(171)) - 6546edd3-b204-4045-847b-d59968eb8222:group-F3730E36E441 changes role from null to FOLLOWER at term 0 for startAsFollower
2019-07-16 14:29:17,682 INFO  impl.RoleInfo (RoleInfo.java:updateAndGet(143)) - 6546edd3-b204-4045-847b-d59968eb8222: start FollowerState
2019-07-16 14:29:17,683 INFO  util.JmxRegister (JmxRegister.java:tryRegister(44)) - Successfully registered JMX Bean with object name Ratis:service=RaftServer,group=group-F3730E36E441,id=6546edd3-b204-4045-847b-d59968eb8222
2019-07-16 14:29:17,687 INFO  pipeline.PipelineStateManager (PipelineStateManager.java:addPipeline(56)) - Created pipeline Pipeline[ Id: dd014c13-3780-4ef8-b406-f3730e36e441, Nodes: 6546edd3-b204-4045-847b-d59968eb8222{ip: 192.168.157.241, host: trunk-nightly-gllmw-2332419065, networkLocation: /default-rack, certSerialId: null}, Type:RATIS, Factor:ONE, State:OPEN]
2019-07-16 14:29:17,704 INFO  impl.RaftServerProxy (RaftServerProxy.java:addNew(89)) - f9c97e87-0e0b-4659-ab0c-e2c38ee83f64: addNew group-5654FC17A6D3:[6546edd3-b204-4045-847b-d59968eb8222:192.168.157.241:38470, f9c97e87-0e0b-4659-ab0c-e2c38ee83f64:192.168.157.241:35303, 1470e55f-babc-4f44-af17-4248e7568a18:192.168.157.241:41404] returns group-5654FC17A6D3:java.util.concurrent.CompletableFuture@6212491a[Not completed]
2019-07-16 14:29:17,704 INFO  impl.RaftServerProxy (RaftServerProxy.java:addNew(89)) - 1470e55f-babc-4f44-af17-4248e7568a18: addNew group-5654FC17A6D3:[6546edd3-b204-4045-847b-d59968eb8222:192.168.157.241:38470, f9c97e87-0e0b-4659-ab0c-e2c38ee83f64:192.168.157.241:35303, 1470e55f-babc-4f44-af17-4248e7568a18:192.168.157.241:41404] returns group-5654FC17A6D3:java.util.concurrent.CompletableFuture@685ddd8[Not completed]
2019-07-16 14:29:17,704 INFO  impl.RaftServerProxy (RaftServerProxy.java:addNew(89)) - 6546edd3-b204-4045-847b-d59968eb8222: addNew group-5654FC17A6D3:[6546edd3-b204-4045-847b-d59968eb8222:192.168.157.241:38470, f9c97e87-0e0b-4659-ab0c-e2c38ee83f64:192.168.157.241:35303, 1470e55f-babc-4f44-af17-4248e7568a18:192.168.157.241:41404] returns group-5654FC17A6D3:java.util.concurrent.CompletableFuture@3dc12b55[Not completed]
2019-07-16 14:29:17,705 INFO  impl.RaftServerImpl (RaftServerImpl.java:<init>(93)) - f9c97e87-0e0b-4659-ab0c-e2c38ee83f64: new RaftServerImpl for group-5654FC17A6D3:[6546edd3-b204-4045-847b-d59968eb8222:192.168.157.241:38470, f9c97e87-0e0b-4659-ab0c-e2c38ee83f64:192.168.157.241:35303, 1470e55f-babc-4f44-af17-4248e7568a18:192.168.157.241:41404] with ContainerStateMachine:uninitialized
2019-07-16 14:29:17,705 INFO  server.RaftServerConfigKeys (ConfUtils.java:logGet(43)) - raft.server.rpc.timeout.min = 5s (custom)
2019-07-16 14:29:17,705 INFO  server.RaftServerConfigKeys (ConfUtils.java:logGet(43)) - raft.server.rpc.timeout.max = 5200ms (custom)
2019-07-16 14:29:17,705 INFO  impl.RaftServerImpl (RaftServerImpl.java:<init>(93)) - 1470e55f-babc-4f44-af17-4248e7568a18: new RaftServerImpl for group-5654FC17A6D3:[6546edd3-b204-4045-847b-d59968eb8222:192.168.157.241:38470, f9c97e87-0e0b-4659-ab0c-e2c38ee83f64:192.168.157.241:35303, 1470e55f-babc-4f44-af17-4248e7568a18:192.168.157.241:41404] with ContainerStateMachine:uninitialized
2019-07-16 14:29:17,705 INFO  server.RaftServerConfigKeys (ConfUtils.java:logGet(43)) - raft.server.rpcslowness.timeout = 120s (custom)
2019-07-16 14:29:17,705 INFO  server.RaftServerConfigKeys (ConfUtils.java:logGet(43)) - raft.server.rpc.timeout.min = 5s (custom)
2019-07-16 14:29:17,705 INFO  impl.RaftServerImpl (RaftServerImpl.java:<init>(93)) - 6546edd3-b204-4045-847b-d59968eb8222: new RaftServerImpl for group-5654FC17A6D3:[6546edd3-b204-4045-847b-d59968eb8222:192.168.157.241:38470, f9c97e87-0e0b-4659-ab0c-e2c38ee83f64:192.168.157.241:35303, 1470e55f-babc-4f44-af17-4248e7568a18:192.168.157.241:41404] with ContainerStateMachine:uninitialized
2019-07-16 14:29:17,705 INFO  server.RaftServerConfigKeys (ConfUtils.java:logGet(43)) - raft.server.sleep.deviation.threshold = 300 (default)
2019-07-16 14:29:17,706 INFO  server.RaftServerConfigKeys (ConfUtils.java:logGet(43)) - raft.server.rpc.timeout.min = 5s (custom)
2019-07-16 14:29:17,705 INFO  server.RaftServerConfigKeys (ConfUtils.java:logGet(43)) - raft.server.rpc.timeout.max = 5200ms (custom)
2019-07-16 14:29:17,706 INFO  server.RaftServerConfigKeys (ConfUtils.java:logGet(43)) - raft.server.rpc.timeout.max = 5200ms (custom)
2019-07-16 14:29:17,706 INFO  server.RaftServerConfigKeys (ConfUtils.java:logGet(43)) - raft.server.rpcslowness.timeout = 120s (custom)
2019-07-16 14:29:17,706 INFO  server.RaftServerConfigKeys (ConfUtils.java:logGet(43)) - raft.server.log.appender.install.snapshot.enabled = false (custom)
2019-07-16 14:29:17,706 INFO  server.RaftServerConfigKeys (ConfUtils.java:logGet(43)) - raft.server.sleep.deviation.threshold = 300 (default)
2019-07-16 14:29:17,706 INFO  server.RaftServerConfigKeys (ConfUtils.java:logGet(43)) - raft.server.rpcslowness.timeout = 120s (custom)
2019-07-16 14:29:17,707 INFO  server.RaftServerConfigKeys (ConfUtils.java:logGet(43)) - raft.server.log.appender.install.snapshot.enabled = false (custom)
2019-07-16 14:29:17,706 INFO  impl.RaftServerImpl (ServerState.java:<init>(105)) - f9c97e87-0e0b-4659-ab0c-e2c38ee83f64:group-5654FC17A6D3 ConfigurationManager, init=-1: [6546edd3-b204-4045-847b-d59968eb8222:192.168.157.241:38470, f9c97e87-0e0b-4659-ab0c-e2c38ee83f64:192.168.157.241:35303, 1470e55f-babc-4f44-af17-4248e7568a18:192.168.157.241:41404], old=null, confs=<EMPTY_MAP>
2019-07-16 14:29:17,707 INFO  impl.RaftServerImpl (ServerState.java:<init>(105)) - 6546edd3-b204-4045-847b-d59968eb8222:group-5654FC17A6D3 ConfigurationManager, init=-1: [6546edd3-b204-4045-847b-d59968eb8222:192.168.157.241:38470, f9c97e87-0e0b-4659-ab0c-e2c38ee83f64:192.168.157.241:35303, 1470e55f-babc-4f44-af17-4248e7568a18:192.168.157.241:41404], old=null, confs=<EMPTY_MAP>
2019-07-16 14:29:17,707 INFO  server.RaftServerConfigKeys (ConfUtils.java:logGet(43)) - raft.server.sleep.deviation.threshold = 300 (default)
2019-07-16 14:29:17,707 INFO  server.RaftServerConfigKeys (ConfUtils.java:logGet(43)) - raft.server.storage.dir = [/workdir/hadoop-ozone/integration-test/target/test-dir/MiniOzoneClusterImpl-ff24742d-400d-47a8-98a3-3540329a4678/datanode-2/data/ratis] (custom)
2019-07-16 14:29:17,707 INFO  server.RaftServerConfigKeys (ConfUtils.java:logGet(43)) - raft.server.storage.dir = [/workdir/hadoop-ozone/integration-test/target/test-dir/MiniOzoneClusterImpl-ff24742d-400d-47a8-98a3-3540329a4678/datanode-0/data/ratis] (custom)
2019-07-16 14:29:17,707 INFO  server.RaftServerConfigKeys (ConfUtils.java:logGet(43)) - raft.server.log.appender.install.snapshot.enabled = false (custom)
2019-07-16 14:29:17,708 INFO  storage.RaftStorageDirectory (RaftStorageDirectory.java:analyzeStorage(246)) - The storage directory /workdir/hadoop-ozone/integration-test/target/test-dir/MiniOzoneClusterImpl-ff24742d-400d-47a8-98a3-3540329a4678/datanode-2/data/ratis/b9217474-2329-4c94-858b-5654fc17a6d3 does not exist. Creating ...
2019-07-16 14:29:17,708 INFO  impl.RaftServerImpl (ServerState.java:<init>(105)) - 1470e55f-babc-4f44-af17-4248e7568a18:group-5654FC17A6D3 ConfigurationManager, init=-1: [6546edd3-b204-4045-847b-d59968eb8222:192.168.157.241:38470, f9c97e87-0e0b-4659-ab0c-e2c38ee83f64:192.168.157.241:35303, 1470e55f-babc-4f44-af17-4248e7568a18:192.168.157.241:41404], old=null, confs=<EMPTY_MAP>
2019-07-16 14:29:17,708 INFO  storage.RaftStorageDirectory (RaftStorageDirectory.java:analyzeStorage(246)) - The storage directory /workdir/hadoop-ozone/integration-test/target/test-dir/MiniOzoneClusterImpl-ff24742d-400d-47a8-98a3-3540329a4678/datanode-0/data/ratis/b9217474-2329-4c94-858b-5654fc17a6d3 does not exist. Creating ...
2019-07-16 14:29:17,708 INFO  server.RaftServerConfigKeys (ConfUtils.java:logGet(43)) - raft.server.storage.dir = [/workdir/hadoop-ozone/integration-test/target/test-dir/MiniOzoneClusterImpl-ff24742d-400d-47a8-98a3-3540329a4678/datanode-1/data/ratis] (custom)
2019-07-16 14:29:17,709 INFO  storage.RaftStorageDirectory (RaftStorageDirectory.java:analyzeStorage(246)) - The storage directory /workdir/hadoop-ozone/integration-test/target/test-dir/MiniOzoneClusterImpl-ff24742d-400d-47a8-98a3-3540329a4678/datanode-1/data/ratis/b9217474-2329-4c94-858b-5654fc17a6d3 does not exist. Creating ...
2019-07-16 14:29:17,721 INFO  storage.RaftStorageDirectory (RaftStorageDirectory.java:tryLock(328)) - Lock on /workdir/hadoop-ozone/integration-test/target/test-dir/MiniOzoneClusterImpl-ff24742d-400d-47a8-98a3-3540329a4678/datanode-0/data/ratis/b9217474-2329-4c94-858b-5654fc17a6d3/in_use.lock acquired by nodename 23803@trunk-nightly-gllmw-2332419065
2019-07-16 14:29:17,721 INFO  storage.RaftStorageDirectory (RaftStorageDirectory.java:tryLock(328)) - Lock on /workdir/hadoop-ozone/integration-test/target/test-dir/MiniOzoneClusterImpl-ff24742d-400d-47a8-98a3-3540329a4678/datanode-2/data/ratis/b9217474-2329-4c94-858b-5654fc17a6d3/in_use.lock acquired by nodename 23803@trunk-nightly-gllmw-2332419065
2019-07-16 14:29:17,721 INFO  storage.RaftStorageDirectory (RaftStorageDirectory.java:tryLock(328)) - Lock on /workdir/hadoop-ozone/integration-test/target/test-dir/MiniOzoneClusterImpl-ff24742d-400d-47a8-98a3-3540329a4678/datanode-1/data/ratis/b9217474-2329-4c94-858b-5654fc17a6d3/in_use.lock acquired by nodename 23803@trunk-nightly-gllmw-2332419065
2019-07-16 14:29:17,735 INFO  storage.RaftStorage (RaftStorage.java:format(72)) - Storage directory /workdir/hadoop-ozone/integration-test/target/test-dir/MiniOzoneClusterImpl-ff24742d-400d-47a8-98a3-3540329a4678/datanode-2/data/ratis/b9217474-2329-4c94-858b-5654fc17a6d3 has been successfully formatted.
2019-07-16 14:29:17,735 INFO  storage.RaftStorage (RaftStorage.java:format(72)) - Storage directory /workdir/hadoop-ozone/integration-test/target/test-dir/MiniOzoneClusterImpl-ff24742d-400d-47a8-98a3-3540329a4678/datanode-0/data/ratis/b9217474-2329-4c94-858b-5654fc17a6d3 has been successfully formatted.
2019-07-16 14:29:17,735 INFO  storage.RaftStorage (RaftStorage.java:format(72)) - Storage directory /workdir/hadoop-ozone/integration-test/target/test-dir/MiniOzoneClusterImpl-ff24742d-400d-47a8-98a3-3540329a4678/datanode-1/data/ratis/b9217474-2329-4c94-858b-5654fc17a6d3 has been successfully formatted.
2019-07-16 14:29:17,736 INFO  ratis.ContainerStateMachine (ContainerStateMachine.java:loadSnapshot(200)) - group-5654FC17A6D3: The snapshot info is null. Setting the last applied indexto:(t:0, i:~)
2019-07-16 14:29:17,736 INFO  ratis.ContainerStateMachine (ContainerStateMachine.java:loadSnapshot(200)) - group-5654FC17A6D3: The snapshot info is null. Setting the last applied indexto:(t:0, i:~)
2019-07-16 14:29:17,736 INFO  ratis.ContainerStateMachine (ContainerStateMachine.java:loadSnapshot(200)) - group-5654FC17A6D3: The snapshot info is null. Setting the last applied indexto:(t:0, i:~)
2019-07-16 14:29:17,736 INFO  server.RaftServerConfigKeys (ConfUtils.java:logGet(43)) - raft.server.leader.election.timeout = 120s (custom)
2019-07-16 14:29:17,737 INFO  server.RaftServerConfigKeys (ConfUtils.java:logGet(43)) - raft.server.log.use.memory = false (default)
2019-07-16 14:29:17,736 INFO  server.RaftServerConfigKeys (ConfUtils.java:logGet(43)) - raft.server.leader.election.timeout = 120s (custom)
2019-07-16 14:29:17,737 INFO  server.RaftServerConfigKeys (ConfUtils.java:logGet(43)) - raft.server.log.purge.gap = 1000000000 (custom)
2019-07-16 14:29:17,736 INFO  server.RaftServerConfigKeys (ConfUtils.java:logGet(43)) - raft.server.leader.election.timeout = 120s (custom)
2019-07-16 14:29:17,737 INFO  server.RaftServerConfigKeys (ConfUtils.java:logGet(43)) - raft.server.log.appender.buffer.byte-limit = 33554432 (custom)
2019-07-16 14:29:17,737 INFO  server.RaftServerConfigKeys (ConfUtils.java:logGet(43)) - raft.server.log.use.memory = false (default)
2019-07-16 14:29:17,737 INFO  server.RaftServerConfigKeys (ConfUtils.java:logGet(43)) - raft.server.log.segment.size.max = 1048576 (custom)
2019-07-16 14:29:17,737 INFO  server.RaftServerConfigKeys (ConfUtils.java:logGet(43)) - raft.server.log.use.memory = false (default)
2019-07-16 14:29:17,738 INFO  server.RaftServerConfigKeys (ConfUtils.java:logGet(43)) - raft.server.log.segment.cache.num.max = 2 (custom)
2019-07-16 14:29:17,737 INFO  server.RaftServerConfigKeys (ConfUtils.java:logGet(43)) - raft.server.log.purge.gap = 1000000000 (custom)
2019-07-16 14:29:17,738 INFO  segmented.SegmentedRaftLogWorker (SegmentedRaftLogWorker.java:<init>(172)) - new 1470e55f-babc-4f44-af17-4248e7568a18-SegmentedRaftLogWorker:Storage Directory /workdir/hadoop-ozone/integration-test/target/test-dir/MiniOzoneClusterImpl-ff24742d-400d-47a8-98a3-3540329a4678/datanode-1/data/ratis/b9217474-2329-4c94-858b-5654fc17a6d3 for RaftStorage:Storage Directory /workdir/hadoop-ozone/integration-test/target/test-dir/MiniOzoneClusterImpl-ff24742d-400d-47a8-98a3-3540329a4678/datanode-1/data/ratis/b9217474-2329-4c94-858b-5654fc17a6d3
2019-07-16 14:29:17,738 INFO  server.RaftServerConfigKeys (ConfUtils.java:logGet(43)) - raft.server.log.purge.gap = 1000000000 (custom)
2019-07-16 14:29:17,738 INFO  server.RaftServerConfigKeys (ConfUtils.java:logGet(43)) - raft.server.log.queue.byte-limit = 2147483647 (custom)
2019-07-16 14:29:17,739 INFO  server.RaftServerConfigKeys (ConfUtils.java:logGet(43)) - raft.server.log.queue.element-limit = 1024 (custom)
2019-07-16 14:29:17,738 INFO  server.RaftServerConfigKeys (ConfUtils.java:logGet(43)) - raft.server.log.appender.buffer.byte-limit = 33554432 (custom)
2019-07-16 14:29:17,739 INFO  server.RaftServerConfigKeys (ConfUtils.java:logGet(43)) - raft.server.log.segment.size.max = 1048576 (custom)
2019-07-16 14:29:17,738 INFO  server.RaftServerConfigKeys (ConfUtils.java:logGet(43)) - raft.server.log.appender.buffer.byte-limit = 33554432 (custom)
2019-07-16 14:29:17,739 INFO  server.RaftServerConfigKeys (ConfUtils.java:logGet(43)) - raft.server.log.preallocated.size = 16384 (custom)
2019-07-16 14:29:17,739 INFO  server.RaftServerConfigKeys (ConfUtils.java:logGet(43)) - raft.server.log.segment.size.max = 1048576 (custom)
2019-07-16 14:29:17,739 INFO  server.RaftServerConfigKeys (ConfUtils.java:logGet(43)) - raft.server.log.write.buffer.size = 33554432 (custom)
2019-07-16 14:29:17,739 INFO  server.RaftServerConfigKeys (ConfUtils.java:logGet(43)) - raft.server.log.segment.size.max = 1048576 (custom)
2019-07-16 14:29:17,740 INFO  server.RaftServerConfigKeys (ConfUtils.java:logGet(43)) - raft.server.log.force.sync.num = 128 (default)
2019-07-16 14:29:17,739 INFO  server.RaftServerConfigKeys (ConfUtils.java:logGet(43)) - raft.server.log.segment.cache.num.max = 2 (custom)
2019-07-16 14:29:17,740 INFO  server.RaftServerConfigKeys (ConfUtils.java:logGet(43)) - raft.server.log.statemachine.data.sync = true (default)
2019-07-16 14:29:17,740 INFO  server.RaftServerConfigKeys (ConfUtils.java:logGet(43)) - raft.server.log.statemachine.data.sync.timeout = 10s (default)
2019-07-16 14:29:17,740 INFO  server.RaftServerConfigKeys (ConfUtils.java:logGet(43)) - raft.server.log.segment.cache.num.max = 2 (custom)
2019-07-16 14:29:17,740 INFO  server.RaftServerConfigKeys (ConfUtils.java:logGet(43)) - raft.server.log.statemachine.data.sync.timeout.retry = -1 (default)
2019-07-16 14:29:17,740 INFO  segmented.SegmentedRaftLogWorker (SegmentedRaftLogWorker.java:<init>(172)) - new 6546edd3-b204-4045-847b-d59968eb8222-SegmentedRaftLogWorker:Storage Directory /workdir/hadoop-ozone/integration-test/target/test-dir/MiniOzoneClusterImpl-ff24742d-400d-47a8-98a3-3540329a4678/datanode-2/data/ratis/b9217474-2329-4c94-858b-5654fc17a6d3 for RaftStorage:Storage Directory /workdir/hadoop-ozone/integration-test/target/test-dir/MiniOzoneClusterImpl-ff24742d-400d-47a8-98a3-3540329a4678/datanode-2/data/ratis/b9217474-2329-4c94-858b-5654fc17a6d3
2019-07-16 14:29:17,741 INFO  server.RaftServerConfigKeys (ConfUtils.java:logGet(43)) - raft.server.log.statemachine.data.caching.enabled = true (custom)
2019-07-16 14:29:17,741 INFO  segmented.SegmentedRaftLogWorker (SegmentedRaftLogWorker.java:<init>(172)) - new f9c97e87-0e0b-4659-ab0c-e2c38ee83f64-SegmentedRaftLogWorker:Storage Directory /workdir/hadoop-ozone/integration-test/target/test-dir/MiniOzoneClusterImpl-ff24742d-400d-47a8-98a3-3540329a4678/datanode-0/data/ratis/b9217474-2329-4c94-858b-5654fc17a6d3 for RaftStorage:Storage Directory /workdir/hadoop-ozone/integration-test/target/test-dir/MiniOzoneClusterImpl-ff24742d-400d-47a8-98a3-3540329a4678/datanode-0/data/ratis/b9217474-2329-4c94-858b-5654fc17a6d3
2019-07-16 14:29:17,741 INFO  segmented.SegmentedRaftLogWorker (SegmentedRaftLogWorker.java:lambda$new$0(132)) - 1470e55f-babc-4f44-af17-4248e7568a18-SegmentedRaftLogWorker:Storage Directory /workdir/hadoop-ozone/integration-test/target/test-dir/MiniOzoneClusterImpl-ff24742d-400d-47a8-98a3-3540329a4678/datanode-1/data/ratis/b9217474-2329-4c94-858b-5654fc17a6d3: flushIndex: setUnconditionally 0 -> -1
2019-07-16 14:29:17,741 INFO  server.RaftServerConfigKeys (ConfUtils.java:logGet(43)) - raft.server.log.queue.byte-limit = 2147483647 (custom)
2019-07-16 14:29:17,741 INFO  server.RaftServerConfigKeys (ConfUtils.java:logGet(43)) - raft.server.log.queue.byte-limit = 2147483647 (custom)
2019-07-16 14:29:17,742 INFO  server.RaftServerConfigKeys (ConfUtils.java:logGet(43)) - raft.server.snapshot.auto.trigger.enabled = true (custom)
2019-07-16 14:29:17,742 INFO  server.RaftServerConfigKeys (ConfUtils.java:logGet(43)) - raft.server.log.queue.element-limit = 1024 (custom)
2019-07-16 14:29:17,742 INFO  server.RaftServerConfigKeys (ConfUtils.java:logGet(43)) - raft.server.snapshot.auto.trigger.threshold = 10000 (custom)
2019-07-16 14:29:17,742 INFO  server.RaftServerConfigKeys (ConfUtils.java:logGet(43)) - raft.server.log.queue.element-limit = 1024 (custom)
2019-07-16 14:29:17,742 INFO  server.RaftServerConfigKeys (ConfUtils.java:logGet(43)) - raft.server.retrycache.expirytime = 600000ms (custom)
2019-07-16 14:29:17,742 INFO  server.RaftServerConfigKeys (ConfUtils.java:logGet(43)) - raft.server.log.segment.size.max = 1048576 (custom)
2019-07-16 14:29:17,743 INFO  impl.RaftServerImpl (RaftServerImpl.java:start(180)) - 1470e55f-babc-4f44-af17-4248e7568a18: start group-5654FC17A6D3
2019-07-16 14:29:17,743 INFO  server.RaftServerConfigKeys (ConfUtils.java:logGet(43)) - raft.server.log.segment.size.max = 1048576 (custom)
2019-07-16 14:29:17,743 INFO  impl.RaftServerImpl (RaftServerImpl.java:setRole(171)) - 1470e55f-babc-4f44-af17-4248e7568a18:group-5654FC17A6D3 changes role from null to FOLLOWER at term 0 for startAsFollower
2019-07-16 14:29:17,743 INFO  impl.RoleInfo (RoleInfo.java:updateAndGet(143)) - 1470e55f-babc-4f44-af17-4248e7568a18: start FollowerState
2019-07-16 14:29:17,743 INFO  server.RaftServerConfigKeys (ConfUtils.java:logGet(43)) - raft.server.log.preallocated.size = 16384 (custom)
2019-07-16 14:29:17,743 INFO  server.RaftServerConfigKeys (ConfUtils.java:logGet(43)) - raft.server.log.preallocated.size = 16384 (custom)
2019-07-16 14:29:17,744 INFO  server.RaftServerConfigKeys (ConfUtils.java:logGet(43)) - raft.server.log.write.buffer.size = 33554432 (custom)
2019-07-16 14:29:17,744 INFO  server.RaftServerConfigKeys (ConfUtils.java:logGet(43)) - raft.server.log.write.buffer.size = 33554432 (custom)
2019-07-16 14:29:17,744 INFO  util.JmxRegister (JmxRegister.java:tryRegister(44)) - Successfully registered JMX Bean with object name Ratis:service=RaftServer,group=group-5654FC17A6D3,id=1470e55f-babc-4f44-af17-4248e7568a18
2019-07-16 14:29:17,744 INFO  server.RaftServerConfigKeys (ConfUtils.java:logGet(43)) - raft.server.log.force.sync.num = 128 (default)
2019-07-16 14:29:17,745 INFO  server.RaftServerConfigKeys (ConfUtils.java:logGet(43)) - raft.server.log.statemachine.data.sync = true (default)
2019-07-16 14:29:17,744 INFO  server.RaftServerConfigKeys (ConfUtils.java:logGet(43)) - raft.server.log.force.sync.num = 128 (default)
2019-07-16 14:29:17,745 INFO  server.RaftServerConfigKeys (ConfUtils.java:logGet(43)) - raft.server.log.statemachine.data.sync.timeout = 10s (default)
2019-07-16 14:29:17,745 INFO  server.RaftServerConfigKeys (ConfUtils.java:logGet(43)) - raft.server.log.statemachine.data.sync = true (default)
2019-07-16 14:29:17,745 INFO  server.RaftServerConfigKeys (ConfUtils.java:logGet(43)) - raft.server.log.statemachine.data.sync.timeout.retry = -1 (default)
2019-07-16 14:29:17,745 INFO  server.RaftServerConfigKeys (ConfUtils.java:logGet(43)) - raft.server.log.statemachine.data.sync.timeout = 10s (default)
2019-07-16 14:29:17,748 INFO  server.RaftServerConfigKeys (ConfUtils.java:logGet(43)) - raft.server.log.statemachine.data.sync.timeout.retry = -1 (default)
2019-07-16 14:29:17,745 INFO  server.RaftServerConfigKeys (ConfUtils.java:logGet(43)) - raft.server.log.statemachine.data.caching.enabled = true (custom)
2019-07-16 14:29:17,748 INFO  server.RaftServerConfigKeys (ConfUtils.java:logGet(43)) - raft.server.log.statemachine.data.caching.enabled = true (custom)
2019-07-16 14:29:17,749 INFO  segmented.SegmentedRaftLogWorker (SegmentedRaftLogWorker.java:lambda$new$0(132)) - f9c97e87-0e0b-4659-ab0c-e2c38ee83f64-SegmentedRaftLogWorker:Storage Directory /workdir/hadoop-ozone/integration-test/target/test-dir/MiniOzoneClusterImpl-ff24742d-400d-47a8-98a3-3540329a4678/datanode-0/data/ratis/b9217474-2329-4c94-858b-5654fc17a6d3: flushIndex: setUnconditionally 0 -> -1
2019-07-16 14:29:17,749 INFO  segmented.SegmentedRaftLogWorker (SegmentedRaftLogWorker.java:lambda$new$0(132)) - 6546edd3-b204-4045-847b-d59968eb8222-SegmentedRaftLogWorker:Storage Directory /workdir/hadoop-ozone/integration-test/target/test-dir/MiniOzoneClusterImpl-ff24742d-400d-47a8-98a3-3540329a4678/datanode-2/data/ratis/b9217474-2329-4c94-858b-5654fc17a6d3: flushIndex: setUnconditionally 0 -> -1
2019-07-16 14:29:17,749 INFO  server.RaftServerConfigKeys (ConfUtils.java:logGet(43)) - raft.server.snapshot.auto.trigger.enabled = true (custom)
2019-07-16 14:29:17,749 INFO  server.RaftServerConfigKeys (ConfUtils.java:logGet(43)) - raft.server.snapshot.auto.trigger.threshold = 10000 (custom)
2019-07-16 14:29:17,749 INFO  server.RaftServerConfigKeys (ConfUtils.java:logGet(43)) - raft.server.snapshot.auto.trigger.enabled = true (custom)
2019-07-16 14:29:17,749 INFO  server.RaftServerConfigKeys (ConfUtils.java:logGet(43)) - raft.server.retrycache.expirytime = 600000ms (custom)
2019-07-16 14:29:17,750 INFO  server.RaftServerConfigKeys (ConfUtils.java:logGet(43)) - raft.server.snapshot.auto.trigger.threshold = 10000 (custom)
2019-07-16 14:29:17,750 INFO  impl.RaftServerImpl (RaftServerImpl.java:start(180)) - f9c97e87-0e0b-4659-ab0c-e2c38ee83f64: start group-5654FC17A6D3
2019-07-16 14:29:17,750 INFO  server.RaftServerConfigKeys (ConfUtils.java:logGet(43)) - raft.server.retrycache.expirytime = 600000ms (custom)
2019-07-16 14:29:17,750 INFO  impl.RaftServerImpl (RaftServerImpl.java:setRole(171)) - f9c97e87-0e0b-4659-ab0c-e2c38ee83f64:group-5654FC17A6D3 changes role from null to FOLLOWER at term 0 for startAsFollower
2019-07-16 14:29:17,750 INFO  impl.RaftServerImpl (RaftServerImpl.java:start(180)) - 6546edd3-b204-4045-847b-d59968eb8222: start group-5654FC17A6D3
2019-07-16 14:29:17,750 INFO  impl.RoleInfo (RoleInfo.java:updateAndGet(143)) - f9c97e87-0e0b-4659-ab0c-e2c38ee83f64: start FollowerState
2019-07-16 14:29:17,750 INFO  impl.RaftServerImpl (RaftServerImpl.java:setRole(171)) - 6546edd3-b204-4045-847b-d59968eb8222:group-5654FC17A6D3 changes role from null to FOLLOWER at term 0 for startAsFollower
2019-07-16 14:29:17,751 INFO  impl.RoleInfo (RoleInfo.java:updateAndGet(143)) - 6546edd3-b204-4045-847b-d59968eb8222: start FollowerState
2019-07-16 14:29:17,751 INFO  util.JmxRegister (JmxRegister.java:tryRegister(44)) - Successfully registered JMX Bean with object name Ratis:service=RaftServer,group=group-5654FC17A6D3,id=f9c97e87-0e0b-4659-ab0c-e2c38ee83f64
2019-07-16 14:29:17,751 INFO  util.JmxRegister (JmxRegister.java:tryRegister(44)) - Successfully registered JMX Bean with object name Ratis:service=RaftServer,group=group-5654FC17A6D3,id=6546edd3-b204-4045-847b-d59968eb8222
2019-07-16 14:29:17,758 INFO  pipeline.PipelineStateManager (PipelineStateManager.java:addPipeline(56)) - Created pipeline Pipeline[ Id: b9217474-2329-4c94-858b-5654fc17a6d3, Nodes: 1470e55f-babc-4f44-af17-4248e7568a18{ip: 192.168.157.241, host: trunk-nightly-gllmw-2332419065, networkLocation: /default-rack, certSerialId: null}f9c97e87-0e0b-4659-ab0c-e2c38ee83f64{ip: 192.168.157.241, host: trunk-nightly-gllmw-2332419065, networkLocation: /default-rack, certSerialId: null}6546edd3-b204-4045-847b-d59968eb8222{ip: 192.168.157.241, host: trunk-nightly-gllmw-2332419065, networkLocation: /default-rack, certSerialId: null}, Type:RATIS, Factor:THREE, State:OPEN]
2019-07-16 14:29:17,813 INFO  node.SCMNodeManager (SCMNodeManager.java:register(269)) - Registered Data node : 55b76b8d-3392-4447-b425-b98458f81a7a{ip: 192.168.157.241, host: trunk-nightly-gllmw-2332419065, networkLocation: /default-rack, certSerialId: null}
2019-07-16 14:29:17,819 INFO  impl.RaftServerProxy (RaftServerProxy.java:addNew(89)) - 55b76b8d-3392-4447-b425-b98458f81a7a: addNew group-4082184D8939:[55b76b8d-3392-4447-b425-b98458f81a7a:192.168.157.241:43632] returns group-4082184D8939:java.util.concurrent.CompletableFuture@7732b3eb[Not completed]
2019-07-16 14:29:17,820 INFO  impl.RaftServerImpl (RaftServerImpl.java:<init>(93)) - 55b76b8d-3392-4447-b425-b98458f81a7a: new RaftServerImpl for group-4082184D8939:[55b76b8d-3392-4447-b425-b98458f81a7a:192.168.157.241:43632] with ContainerStateMachine:uninitialized
2019-07-16 14:29:17,821 INFO  server.RaftServerConfigKeys (ConfUtils.java:logGet(43)) - raft.server.rpc.timeout.min = 5s (custom)
2019-07-16 14:29:17,821 INFO  server.RaftServerConfigKeys (ConfUtils.java:logGet(43)) - raft.server.rpc.timeout.max = 5200ms (custom)
2019-07-16 14:29:17,821 INFO  server.RaftServerConfigKeys (ConfUtils.java:logGet(43)) - raft.server.rpcslowness.timeout = 120s (custom)
2019-07-16 14:29:17,821 INFO  server.RaftServerConfigKeys (ConfUtils.java:logGet(43)) - raft.server.sleep.deviation.threshold = 300 (default)
2019-07-16 14:29:17,821 INFO  server.RaftServerConfigKeys (ConfUtils.java:logGet(43)) - raft.server.log.appender.install.snapshot.enabled = false (custom)
2019-07-16 14:29:17,821 INFO  impl.RaftServerImpl (ServerState.java:<init>(105)) - 55b76b8d-3392-4447-b425-b98458f81a7a:group-4082184D8939 ConfigurationManager, init=-1: [55b76b8d-3392-4447-b425-b98458f81a7a:192.168.157.241:43632], old=null, confs=<EMPTY_MAP>
2019-07-16 14:29:17,822 INFO  server.RaftServerConfigKeys (ConfUtils.java:logGet(43)) - raft.server.storage.dir = [/workdir/hadoop-ozone/integration-test/target/test-dir/MiniOzoneClusterImpl-ff24742d-400d-47a8-98a3-3540329a4678/datanode-3/data/ratis] (custom)
2019-07-16 14:29:17,822 INFO  storage.RaftStorageDirectory (RaftStorageDirectory.java:analyzeStorage(246)) - The storage directory /workdir/hadoop-ozone/integration-test/target/test-dir/MiniOzoneClusterImpl-ff24742d-400d-47a8-98a3-3540329a4678/datanode-3/data/ratis/9629a3b6-ddad-4b8c-874c-4082184d8939 does not exist. Creating ...
2019-07-16 14:29:17,835 INFO  storage.RaftStorageDirectory (RaftStorageDirectory.java:tryLock(328)) - Lock on /workdir/hadoop-ozone/integration-test/target/test-dir/MiniOzoneClusterImpl-ff24742d-400d-47a8-98a3-3540329a4678/datanode-3/data/ratis/9629a3b6-ddad-4b8c-874c-4082184d8939/in_use.lock acquired by nodename 23803@trunk-nightly-gllmw-2332419065
2019-07-16 14:29:17,847 INFO  storage.RaftStorage (RaftStorage.java:format(72)) - Storage directory /workdir/hadoop-ozone/integration-test/target/test-dir/MiniOzoneClusterImpl-ff24742d-400d-47a8-98a3-3540329a4678/datanode-3/data/ratis/9629a3b6-ddad-4b8c-874c-4082184d8939 has been successfully formatted.
2019-07-16 14:29:17,848 INFO  ratis.ContainerStateMachine (ContainerStateMachine.java:loadSnapshot(200)) - group-4082184D8939: The snapshot info is null. Setting the last applied indexto:(t:0, i:~)
2019-07-16 14:29:17,848 INFO  server.RaftServerConfigKeys (ConfUtils.java:logGet(43)) - raft.server.leader.election.timeout = 120s (custom)
2019-07-16 14:29:17,848 INFO  server.RaftServerConfigKeys (ConfUtils.java:logGet(43)) - raft.server.log.use.memory = false (default)
2019-07-16 14:29:17,848 INFO  server.RaftServerConfigKeys (ConfUtils.java:logGet(43)) - raft.server.log.purge.gap = 1000000000 (custom)
2019-07-16 14:29:17,848 INFO  server.RaftServerConfigKeys (ConfUtils.java:logGet(43)) - raft.server.log.appender.buffer.byte-limit = 33554432 (custom)
2019-07-16 14:29:17,848 INFO  server.RaftServerConfigKeys (ConfUtils.java:logGet(43)) - raft.server.log.segment.size.max = 1048576 (custom)
2019-07-16 14:29:17,849 INFO  server.RaftServerConfigKeys (ConfUtils.java:logGet(43)) - raft.server.log.segment.cache.num.max = 2 (custom)
2019-07-16 14:29:17,849 INFO  segmented.SegmentedRaftLogWorker (SegmentedRaftLogWorker.java:<init>(172)) - new 55b76b8d-3392-4447-b425-b98458f81a7a-SegmentedRaftLogWorker:Storage Directory /workdir/hadoop-ozone/integration-test/target/test-dir/MiniOzoneClusterImpl-ff24742d-400d-47a8-98a3-3540329a4678/datanode-3/data/ratis/9629a3b6-ddad-4b8c-874c-4082184d8939 for RaftStorage:Storage Directory /workdir/hadoop-ozone/integration-test/target/test-dir/MiniOzoneClusterImpl-ff24742d-400d-47a8-98a3-3540329a4678/datanode-3/data/ratis/9629a3b6-ddad-4b8c-874c-4082184d8939
2019-07-16 14:29:17,849 INFO  server.RaftServerConfigKeys (ConfUtils.java:logGet(43)) - raft.server.log.queue.byte-limit = 2147483647 (custom)
2019-07-16 14:29:17,849 INFO  server.RaftServerConfigKeys (ConfUtils.java:logGet(43)) - raft.server.log.queue.element-limit = 1024 (custom)
2019-07-16 14:29:17,849 INFO  server.RaftServerConfigKeys (ConfUtils.java:logGet(43)) - raft.server.log.segment.size.max = 1048576 (custom)
2019-07-16 14:29:17,849 INFO  server.RaftServerConfigKeys (ConfUtils.java:logGet(43)) - raft.server.log.preallocated.size = 16384 (custom)
2019-07-16 14:29:17,850 INFO  server.RaftServerConfigKeys (ConfUtils.java:logGet(43)) - raft.server.log.write.buffer.size = 33554432 (custom)
2019-07-16 14:29:17,850 INFO  server.RaftServerConfigKeys (ConfUtils.java:logGet(43)) - raft.server.log.force.sync.num = 128 (default)
2019-07-16 14:29:17,850 INFO  server.RaftServerConfigKeys (ConfUtils.java:logGet(43)) - raft.server.log.statemachine.data.sync = true (default)
2019-07-16 14:29:17,850 INFO  server.RaftServerConfigKeys (ConfUtils.java:logGet(43)) - raft.server.log.statemachine.data.sync.timeout = 10s (default)
2019-07-16 14:29:17,850 INFO  server.RaftServerConfigKeys (ConfUtils.java:logGet(43)) - raft.server.log.statemachine.data.sync.timeout.retry = -1 (default)
2019-07-16 14:29:17,850 INFO  server.RaftServerConfigKeys (ConfUtils.java:logGet(43)) - raft.server.log.statemachine.data.caching.enabled = true (custom)
2019-07-16 14:29:17,851 INFO  segmented.SegmentedRaftLogWorker (SegmentedRaftLogWorker.java:lambda$new$0(132)) - 55b76b8d-3392-4447-b425-b98458f81a7a-SegmentedRaftLogWorker:Storage Directory /workdir/hadoop-ozone/integration-test/target/test-dir/MiniOzoneClusterImpl-ff24742d-400d-47a8-98a3-3540329a4678/datanode-3/data/ratis/9629a3b6-ddad-4b8c-874c-4082184d8939: flushIndex: setUnconditionally 0 -> -1
2019-07-16 14:29:17,851 INFO  server.RaftServerConfigKeys (ConfUtils.java:logGet(43)) - raft.server.snapshot.auto.trigger.enabled = true (custom)
2019-07-16 14:29:17,851 INFO  server.RaftServerConfigKeys (ConfUtils.java:logGet(43)) - raft.server.snapshot.auto.trigger.threshold = 10000 (custom)
2019-07-16 14:29:17,851 INFO  server.RaftServerConfigKeys (ConfUtils.java:logGet(43)) - raft.server.retrycache.expirytime = 600000ms (custom)
2019-07-16 14:29:17,852 INFO  impl.RaftServerImpl (RaftServerImpl.java:start(180)) - 55b76b8d-3392-4447-b425-b98458f81a7a: start group-4082184D8939
2019-07-16 14:29:17,852 INFO  impl.RaftServerImpl (RaftServerImpl.java:setRole(171)) - 55b76b8d-3392-4447-b425-b98458f81a7a:group-4082184D8939 changes role from null to FOLLOWER at term 0 for startAsFollower
2019-07-16 14:29:17,852 INFO  impl.RoleInfo (RoleInfo.java:updateAndGet(143)) - 55b76b8d-3392-4447-b425-b98458f81a7a: start FollowerState
2019-07-16 14:29:17,852 INFO  util.JmxRegister (JmxRegister.java:tryRegister(44)) - Successfully registered JMX Bean with object name Ratis:service=RaftServer,group=group-4082184D8939,id=55b76b8d-3392-4447-b425-b98458f81a7a
2019-07-16 14:29:17,857 INFO  pipeline.PipelineStateManager (PipelineStateManager.java:addPipeline(56)) - Created pipeline Pipeline[ Id: 9629a3b6-ddad-4b8c-874c-4082184d8939, Nodes: 55b76b8d-3392-4447-b425-b98458f81a7a{ip: 192.168.157.241, host: trunk-nightly-gllmw-2332419065, networkLocation: /default-rack, certSerialId: null}, Type:RATIS, Factor:ONE, State:OPEN]
2019-07-16 14:29:17,991 INFO  node.SCMNodeManager (SCMNodeManager.java:register(269)) - Registered Data node : 9a580097-443f-4f25-891a-f226d3110303{ip: 192.168.157.241, host: trunk-nightly-gllmw-2332419065, networkLocation: /default-rack, certSerialId: null}
2019-07-16 14:29:18,006 INFO  impl.RaftServerProxy (RaftServerProxy.java:addNew(89)) - 9a580097-443f-4f25-891a-f226d3110303: addNew group-129327C0CC60:[9a580097-443f-4f25-891a-f226d3110303:192.168.157.241:45367] returns group-129327C0CC60:java.util.concurrent.CompletableFuture@352c67fc[Not completed]
2019-07-16 14:29:18,007 INFO  impl.RaftServerImpl (RaftServerImpl.java:<init>(93)) - 9a580097-443f-4f25-891a-f226d3110303: new RaftServerImpl for group-129327C0CC60:[9a580097-443f-4f25-891a-f226d3110303:192.168.157.241:45367] with ContainerStateMachine:uninitialized
2019-07-16 14:29:18,007 INFO  server.RaftServerConfigKeys (ConfUtils.java:logGet(43)) - raft.server.rpc.timeout.min = 5s (custom)
2019-07-16 14:29:18,007 INFO  server.RaftServerConfigKeys (ConfUtils.java:logGet(43)) - raft.server.rpc.timeout.max = 5200ms (custom)
2019-07-16 14:29:18,007 INFO  server.RaftServerConfigKeys (ConfUtils.java:logGet(43)) - raft.server.rpcslowness.timeout = 120s (custom)
2019-07-16 14:29:18,007 INFO  server.RaftServerConfigKeys (ConfUtils.java:logGet(43)) - raft.server.sleep.deviation.threshold = 300 (default)
2019-07-16 14:29:18,007 INFO  server.RaftServerConfigKeys (ConfUtils.java:logGet(43)) - raft.server.log.appender.install.snapshot.enabled = false (custom)
2019-07-16 14:29:18,008 INFO  impl.RaftServerImpl (ServerState.java:<init>(105)) - 9a580097-443f-4f25-891a-f226d3110303:group-129327C0CC60 ConfigurationManager, init=-1: [9a580097-443f-4f25-891a-f226d3110303:192.168.157.241:45367], old=null, confs=<EMPTY_MAP>
2019-07-16 14:29:18,008 INFO  server.RaftServerConfigKeys (ConfUtils.java:logGet(43)) - raft.server.storage.dir = [/workdir/hadoop-ozone/integration-test/target/test-dir/MiniOzoneClusterImpl-ff24742d-400d-47a8-98a3-3540329a4678/datanode-4/data/ratis] (custom)
2019-07-16 14:29:18,008 INFO  storage.RaftStorageDirectory (RaftStorageDirectory.java:analyzeStorage(246)) - The storage directory /workdir/hadoop-ozone/integration-test/target/test-dir/MiniOzoneClusterImpl-ff24742d-400d-47a8-98a3-3540329a4678/datanode-4/data/ratis/f67c032e-8d0b-4267-8cc9-129327c0cc60 does not exist. Creating ...
2019-07-16 14:29:18,022 INFO  storage.RaftStorageDirectory (RaftStorageDirectory.java:tryLock(328)) - Lock on /workdir/hadoop-ozone/integration-test/target/test-dir/MiniOzoneClusterImpl-ff24742d-400d-47a8-98a3-3540329a4678/datanode-4/data/ratis/f67c032e-8d0b-4267-8cc9-129327c0cc60/in_use.lock acquired by nodename 23803@trunk-nightly-gllmw-2332419065
2019-07-16 14:29:18,035 INFO  storage.RaftStorage (RaftStorage.java:format(72)) - Storage directory /workdir/hadoop-ozone/integration-test/target/test-dir/MiniOzoneClusterImpl-ff24742d-400d-47a8-98a3-3540329a4678/datanode-4/data/ratis/f67c032e-8d0b-4267-8cc9-129327c0cc60 has been successfully formatted.
2019-07-16 14:29:18,035 INFO  ratis.ContainerStateMachine (ContainerStateMachine.java:loadSnapshot(200)) - group-129327C0CC60: The snapshot info is null. Setting the last applied indexto:(t:0, i:~)
2019-07-16 14:29:18,036 INFO  server.RaftServerConfigKeys (ConfUtils.java:logGet(43)) - raft.server.leader.election.timeout = 120s (custom)
2019-07-16 14:29:18,036 INFO  server.RaftServerConfigKeys (ConfUtils.java:logGet(43)) - raft.server.log.use.memory = false (default)
2019-07-16 14:29:18,036 INFO  server.RaftServerConfigKeys (ConfUtils.java:logGet(43)) - raft.server.log.purge.gap = 1000000000 (custom)
2019-07-16 14:29:18,036 INFO  server.RaftServerConfigKeys (ConfUtils.java:logGet(43)) - raft.server.log.appender.buffer.byte-limit = 33554432 (custom)
2019-07-16 14:29:18,036 INFO  server.RaftServerConfigKeys (ConfUtils.java:logGet(43)) - raft.server.log.segment.size.max = 1048576 (custom)
2019-07-16 14:29:18,036 INFO  server.RaftServerConfigKeys (ConfUtils.java:logGet(43)) - raft.server.log.segment.cache.num.max = 2 (custom)
2019-07-16 14:29:18,037 INFO  segmented.SegmentedRaftLogWorker (SegmentedRaftLogWorker.java:<init>(172)) - new 9a580097-443f-4f25-891a-f226d3110303-SegmentedRaftLogWorker:Storage Directory /workdir/hadoop-ozone/integration-test/target/test-dir/MiniOzoneClusterImpl-ff24742d-400d-47a8-98a3-3540329a4678/datanode-4/data/ratis/f67c032e-8d0b-4267-8cc9-129327c0cc60 for RaftStorage:Storage Directory /workdir/hadoop-ozone/integration-test/target/test-dir/MiniOzoneClusterImpl-ff24742d-400d-47a8-98a3-3540329a4678/datanode-4/data/ratis/f67c032e-8d0b-4267-8cc9-129327c0cc60
2019-07-16 14:29:18,037 INFO  server.RaftServerConfigKeys (ConfUtils.java:logGet(43)) - raft.server.log.queue.byte-limit = 2147483647 (custom)
2019-07-16 14:29:18,037 INFO  server.RaftServerConfigKeys (ConfUtils.java:logGet(43)) - raft.server.log.queue.element-limit = 1024 (custom)
2019-07-16 14:29:18,037 INFO  server.RaftServerConfigKeys (ConfUtils.java:logGet(43)) - raft.server.log.segment.size.max = 1048576 (custom)
2019-07-16 14:29:18,037 INFO  server.RaftServerConfigKeys (ConfUtils.java:logGet(43)) - raft.server.log.preallocated.size = 16384 (custom)
2019-07-16 14:29:18,037 INFO  server.RaftServerConfigKeys (ConfUtils.java:logGet(43)) - raft.server.log.write.buffer.size = 33554432 (custom)
2019-07-16 14:29:18,038 INFO  server.RaftServerConfigKeys (ConfUtils.java:logGet(43)) - raft.server.log.force.sync.num = 128 (default)
2019-07-16 14:29:18,038 INFO  server.RaftServerConfigKeys (ConfUtils.java:logGet(43)) - raft.server.log.statemachine.data.sync = true (default)
2019-07-16 14:29:18,038 INFO  server.RaftServerConfigKeys (ConfUtils.java:logGet(43)) - raft.server.log.statemachine.data.sync.timeout = 10s (default)
2019-07-16 14:29:18,038 INFO  server.RaftServerConfigKeys (ConfUtils.java:logGet(43)) - raft.server.log.statemachine.data.sync.timeout.retry = -1 (default)
2019-07-16 14:29:18,038 INFO  server.RaftServerConfigKeys (ConfUtils.java:logGet(43)) - raft.server.log.statemachine.data.caching.enabled = true (custom)
2019-07-16 14:29:18,039 INFO  segmented.SegmentedRaftLogWorker (SegmentedRaftLogWorker.java:lambda$new$0(132)) - 9a580097-443f-4f25-891a-f226d3110303-SegmentedRaftLogWorker:Storage Directory /workdir/hadoop-ozone/integration-test/target/test-dir/MiniOzoneClusterImpl-ff24742d-400d-47a8-98a3-3540329a4678/datanode-4/data/ratis/f67c032e-8d0b-4267-8cc9-129327c0cc60: flushIndex: setUnconditionally 0 -> -1
2019-07-16 14:29:18,039 INFO  server.RaftServerConfigKeys (ConfUtils.java:logGet(43)) - raft.server.snapshot.auto.trigger.enabled = true (custom)
2019-07-16 14:29:18,039 INFO  server.RaftServerConfigKeys (ConfUtils.java:logGet(43)) - raft.server.snapshot.auto.trigger.threshold = 10000 (custom)
2019-07-16 14:29:18,039 INFO  server.RaftServerConfigKeys (ConfUtils.java:logGet(43)) - raft.server.retrycache.expirytime = 600000ms (custom)
2019-07-16 14:29:18,039 INFO  impl.RaftServerImpl (RaftServerImpl.java:start(180)) - 9a580097-443f-4f25-891a-f226d3110303: start group-129327C0CC60
2019-07-16 14:29:18,040 INFO  impl.RaftServerImpl (RaftServerImpl.java:setRole(171)) - 9a580097-443f-4f25-891a-f226d3110303:group-129327C0CC60 changes role from null to FOLLOWER at term 0 for startAsFollower
2019-07-16 14:29:18,040 INFO  impl.RoleInfo (RoleInfo.java:updateAndGet(143)) - 9a580097-443f-4f25-891a-f226d3110303: start FollowerState
2019-07-16 14:29:18,040 INFO  util.JmxRegister (JmxRegister.java:tryRegister(44)) - Successfully registered JMX Bean with object name Ratis:service=RaftServer,group=group-129327C0CC60,id=9a580097-443f-4f25-891a-f226d3110303
2019-07-16 14:29:18,045 INFO  pipeline.PipelineStateManager (PipelineStateManager.java:addPipeline(56)) - Created pipeline Pipeline[ Id: f67c032e-8d0b-4267-8cc9-129327c0cc60, Nodes: 9a580097-443f-4f25-891a-f226d3110303{ip: 192.168.157.241, host: trunk-nightly-gllmw-2332419065, networkLocation: /default-rack, certSerialId: null}, Type:RATIS, Factor:ONE, State:OPEN]
2019-07-16 14:29:18,318 INFO  node.SCMNodeManager (SCMNodeManager.java:register(269)) - Registered Data node : c3101496-7c99-4cc1-b913-97d14de9566b{ip: 192.168.157.241, host: trunk-nightly-gllmw-2332419065, networkLocation: /default-rack, certSerialId: null}
2019-07-16 14:29:18,338 INFO  impl.RaftServerProxy (RaftServerProxy.java:addNew(89)) - c3101496-7c99-4cc1-b913-97d14de9566b: addNew group-5C66BDF00459:[c3101496-7c99-4cc1-b913-97d14de9566b:192.168.157.241:35901] returns group-5C66BDF00459:java.util.concurrent.CompletableFuture@c220545[Not completed]
2019-07-16 14:29:18,339 INFO  impl.RaftServerImpl (RaftServerImpl.java:<init>(93)) - c3101496-7c99-4cc1-b913-97d14de9566b: new RaftServerImpl for group-5C66BDF00459:[c3101496-7c99-4cc1-b913-97d14de9566b:192.168.157.241:35901] with ContainerStateMachine:uninitialized
2019-07-16 14:29:18,339 INFO  server.RaftServerConfigKeys (ConfUtils.java:logGet(43)) - raft.server.rpc.timeout.min = 5s (custom)
2019-07-16 14:29:18,339 INFO  server.RaftServerConfigKeys (ConfUtils.java:logGet(43)) - raft.server.rpc.timeout.max = 5200ms (custom)
2019-07-16 14:29:18,339 INFO  server.RaftServerConfigKeys (ConfUtils.java:logGet(43)) - raft.server.rpcslowness.timeout = 120s (custom)
2019-07-16 14:29:18,339 INFO  server.RaftServerConfigKeys (ConfUtils.java:logGet(43)) - raft.server.sleep.deviation.threshold = 300 (default)
2019-07-16 14:29:18,340 INFO  server.RaftServerConfigKeys (ConfUtils.java:logGet(43)) - raft.server.log.appender.install.snapshot.enabled = false (custom)
2019-07-16 14:29:18,340 INFO  impl.RaftServerImpl (ServerState.java:<init>(105)) - c3101496-7c99-4cc1-b913-97d14de9566b:group-5C66BDF00459 ConfigurationManager, init=-1: [c3101496-7c99-4cc1-b913-97d14de9566b:192.168.157.241:35901], old=null, confs=<EMPTY_MAP>
2019-07-16 14:29:18,340 INFO  server.RaftServerConfigKeys (ConfUtils.java:logGet(43)) - raft.server.storage.dir = [/workdir/hadoop-ozone/integration-test/target/test-dir/MiniOzoneClusterImpl-ff24742d-400d-47a8-98a3-3540329a4678/datanode-5/data/ratis] (custom)
2019-07-16 14:29:18,340 INFO  storage.RaftStorageDirectory (RaftStorageDirectory.java:analyzeStorage(246)) - The storage directory /workdir/hadoop-ozone/integration-test/target/test-dir/MiniOzoneClusterImpl-ff24742d-400d-47a8-98a3-3540329a4678/datanode-5/data/ratis/c55943eb-7d7f-4a26-9839-5c66bdf00459 does not exist. Creating ...
2019-07-16 14:29:18,354 INFO  storage.RaftStorageDirectory (RaftStorageDirectory.java:tryLock(328)) - Lock on /workdir/hadoop-ozone/integration-test/target/test-dir/MiniOzoneClusterImpl-ff24742d-400d-47a8-98a3-3540329a4678/datanode-5/data/ratis/c55943eb-7d7f-4a26-9839-5c66bdf00459/in_use.lock acquired by nodename 23803@trunk-nightly-gllmw-2332419065
2019-07-16 14:29:18,368 INFO  storage.RaftStorage (RaftStorage.java:format(72)) - Storage directory /workdir/hadoop-ozone/integration-test/target/test-dir/MiniOzoneClusterImpl-ff24742d-400d-47a8-98a3-3540329a4678/datanode-5/data/ratis/c55943eb-7d7f-4a26-9839-5c66bdf00459 has been successfully formatted.
2019-07-16 14:29:18,368 INFO  ratis.ContainerStateMachine (ContainerStateMachine.java:loadSnapshot(200)) - group-5C66BDF00459: The snapshot info is null. Setting the last applied indexto:(t:0, i:~)
2019-07-16 14:29:18,368 INFO  server.RaftServerConfigKeys (ConfUtils.java:logGet(43)) - raft.server.leader.election.timeout = 120s (custom)
2019-07-16 14:29:18,368 INFO  server.RaftServerConfigKeys (ConfUtils.java:logGet(43)) - raft.server.log.use.memory = false (default)
2019-07-16 14:29:18,369 INFO  server.RaftServerConfigKeys (ConfUtils.java:logGet(43)) - raft.server.log.purge.gap = 1000000000 (custom)
2019-07-16 14:29:18,369 INFO  server.RaftServerConfigKeys (ConfUtils.java:logGet(43)) - raft.server.log.appender.buffer.byte-limit = 33554432 (custom)
2019-07-16 14:29:18,369 INFO  server.RaftServerConfigKeys (ConfUtils.java:logGet(43)) - raft.server.log.segment.size.max = 1048576 (custom)
2019-07-16 14:29:18,369 INFO  server.RaftServerConfigKeys (ConfUtils.java:logGet(43)) - raft.server.log.segment.cache.num.max = 2 (custom)
2019-07-16 14:29:18,369 INFO  segmented.SegmentedRaftLogWorker (SegmentedRaftLogWorker.java:<init>(172)) - new c3101496-7c99-4cc1-b913-97d14de9566b-SegmentedRaftLogWorker:Storage Directory /workdir/hadoop-ozone/integration-test/target/test-dir/MiniOzoneClusterImpl-ff24742d-400d-47a8-98a3-3540329a4678/datanode-5/data/ratis/c55943eb-7d7f-4a26-9839-5c66bdf00459 for RaftStorage:Storage Directory /workdir/hadoop-ozone/integration-test/target/test-dir/MiniOzoneClusterImpl-ff24742d-400d-47a8-98a3-3540329a4678/datanode-5/data/ratis/c55943eb-7d7f-4a26-9839-5c66bdf00459
2019-07-16 14:29:18,369 INFO  server.RaftServerConfigKeys (ConfUtils.java:logGet(43)) - raft.server.log.queue.byte-limit = 2147483647 (custom)
2019-07-16 14:29:18,370 INFO  server.RaftServerConfigKeys (ConfUtils.java:logGet(43)) - raft.server.log.queue.element-limit = 1024 (custom)
2019-07-16 14:29:18,370 INFO  server.RaftServerConfigKeys (ConfUtils.java:logGet(43)) - raft.server.log.segment.size.max = 1048576 (custom)
2019-07-16 14:29:18,370 INFO  server.RaftServerConfigKeys (ConfUtils.java:logGet(43)) - raft.server.log.preallocated.size = 16384 (custom)
2019-07-16 14:29:18,370 INFO  server.RaftServerConfigKeys (ConfUtils.java:logGet(43)) - raft.server.log.write.buffer.size = 33554432 (custom)
2019-07-16 14:29:18,370 INFO  server.RaftServerConfigKeys (ConfUtils.java:logGet(43)) - raft.server.log.force.sync.num = 128 (default)
2019-07-16 14:29:18,370 INFO  server.RaftServerConfigKeys (ConfUtils.java:logGet(43)) - raft.server.log.statemachine.data.sync = true (default)
2019-07-16 14:29:18,371 INFO  server.RaftServerConfigKeys (ConfUtils.java:logGet(43)) - raft.server.log.statemachine.data.sync.timeout = 10s (default)
2019-07-16 14:29:18,371 INFO  server.RaftServerConfigKeys (ConfUtils.java:logGet(43)) - raft.server.log.statemachine.data.sync.timeout.retry = -1 (default)
2019-07-16 14:29:18,371 INFO  server.RaftServerConfigKeys (ConfUtils.java:logGet(43)) - raft.server.log.statemachine.data.caching.enabled = true (custom)
2019-07-16 14:29:18,371 INFO  segmented.SegmentedRaftLogWorker (SegmentedRaftLogWorker.java:lambda$new$0(132)) - c3101496-7c99-4cc1-b913-97d14de9566b-SegmentedRaftLogWorker:Storage Directory /workdir/hadoop-ozone/integration-test/target/test-dir/MiniOzoneClusterImpl-ff24742d-400d-47a8-98a3-3540329a4678/datanode-5/data/ratis/c55943eb-7d7f-4a26-9839-5c66bdf00459: flushIndex: setUnconditionally 0 -> -1
2019-07-16 14:29:18,372 INFO  server.RaftServerConfigKeys (ConfUtils.java:logGet(43)) - raft.server.snapshot.auto.trigger.enabled = true (custom)
2019-07-16 14:29:18,372 INFO  server.RaftServerConfigKeys (ConfUtils.java:logGet(43)) - raft.server.snapshot.auto.trigger.threshold = 10000 (custom)
2019-07-16 14:29:18,372 INFO  server.RaftServerConfigKeys (ConfUtils.java:logGet(43)) - raft.server.retrycache.expirytime = 600000ms (custom)
2019-07-16 14:29:18,372 INFO  impl.RaftServerImpl (RaftServerImpl.java:start(180)) - c3101496-7c99-4cc1-b913-97d14de9566b: start group-5C66BDF00459
2019-07-16 14:29:18,372 INFO  impl.RaftServerImpl (RaftServerImpl.java:setRole(171)) - c3101496-7c99-4cc1-b913-97d14de9566b:group-5C66BDF00459 changes role from null to FOLLOWER at term 0 for startAsFollower
2019-07-16 14:29:18,372 INFO  impl.RoleInfo (RoleInfo.java:updateAndGet(143)) - c3101496-7c99-4cc1-b913-97d14de9566b: start FollowerState
2019-07-16 14:29:18,373 INFO  util.JmxRegister (JmxRegister.java:tryRegister(44)) - Successfully registered JMX Bean with object name Ratis:service=RaftServer,group=group-5C66BDF00459,id=c3101496-7c99-4cc1-b913-97d14de9566b
2019-07-16 14:29:18,378 INFO  pipeline.PipelineStateManager (PipelineStateManager.java:addPipeline(56)) - Created pipeline Pipeline[ Id: c55943eb-7d7f-4a26-9839-5c66bdf00459, Nodes: c3101496-7c99-4cc1-b913-97d14de9566b{ip: 192.168.157.241, host: trunk-nightly-gllmw-2332419065, networkLocation: /default-rack, certSerialId: null}, Type:RATIS, Factor:ONE, State:OPEN]
2019-07-16 14:29:18,393 INFO  impl.RaftServerProxy (RaftServerProxy.java:addNew(89)) - 55b76b8d-3392-4447-b425-b98458f81a7a: addNew group-2304CCB8EFB1:[55b76b8d-3392-4447-b425-b98458f81a7a:192.168.157.241:43632, c3101496-7c99-4cc1-b913-97d14de9566b:192.168.157.241:35901, 9a580097-443f-4f25-891a-f226d3110303:192.168.157.241:45367] returns group-2304CCB8EFB1:java.util.concurrent.CompletableFuture@536e5231[Not completed]
2019-07-16 14:29:18,393 INFO  impl.RaftServerProxy (RaftServerProxy.java:addNew(89)) - 9a580097-443f-4f25-891a-f226d3110303: addNew group-2304CCB8EFB1:[55b76b8d-3392-4447-b425-b98458f81a7a:192.168.157.241:43632, c3101496-7c99-4cc1-b913-97d14de9566b:192.168.157.241:35901, 9a580097-443f-4f25-891a-f226d3110303:192.168.157.241:45367] returns group-2304CCB8EFB1:java.util.concurrent.CompletableFuture@2a87795e[Not completed]
2019-07-16 14:29:18,393 INFO  impl.RaftServerProxy (RaftServerProxy.java:addNew(89)) - c3101496-7c99-4cc1-b913-97d14de9566b: addNew group-2304CCB8EFB1:[55b76b8d-3392-4447-b425-b98458f81a7a:192.168.157.241:43632, c3101496-7c99-4cc1-b913-97d14de9566b:192.168.157.241:35901, 9a580097-443f-4f25-891a-f226d3110303:192.168.157.241:45367] returns group-2304CCB8EFB1:java.util.concurrent.CompletableFuture@50e9639e[Not completed]
2019-07-16 14:29:18,394 INFO  impl.RaftServerImpl (RaftServerImpl.java:<init>(93)) - 55b76b8d-3392-4447-b425-b98458f81a7a: new RaftServerImpl for group-2304CCB8EFB1:[55b76b8d-3392-4447-b425-b98458f81a7a:192.168.157.241:43632, c3101496-7c99-4cc1-b913-97d14de9566b:192.168.157.241:35901, 9a580097-443f-4f25-891a-f226d3110303:192.168.157.241:45367] with ContainerStateMachine:uninitialized
2019-07-16 14:29:18,394 INFO  server.RaftServerConfigKeys (ConfUtils.java:logGet(43)) - raft.server.rpc.timeout.min = 5s (custom)
2019-07-16 14:29:18,394 INFO  server.RaftServerConfigKeys (ConfUtils.java:logGet(43)) - raft.server.rpc.timeout.max = 5200ms (custom)
2019-07-16 14:29:18,394 INFO  server.RaftServerConfigKeys (ConfUtils.java:logGet(43)) - raft.server.rpcslowness.timeout = 120s (custom)
2019-07-16 14:29:18,394 INFO  impl.RaftServerImpl (RaftServerImpl.java:<init>(93)) - 9a580097-443f-4f25-891a-f226d3110303: new RaftServerImpl for group-2304CCB8EFB1:[55b76b8d-3392-4447-b425-b98458f81a7a:192.168.157.241:43632, c3101496-7c99-4cc1-b913-97d14de9566b:192.168.157.241:35901, 9a580097-443f-4f25-891a-f226d3110303:192.168.157.241:45367] with ContainerStateMachine:uninitialized
2019-07-16 14:29:18,394 INFO  server.RaftServerConfigKeys (ConfUtils.java:logGet(43)) - raft.server.sleep.deviation.threshold = 300 (default)
2019-07-16 14:29:18,394 INFO  server.RaftServerConfigKeys (ConfUtils.java:logGet(43)) - raft.server.rpc.timeout.min = 5s (custom)
2019-07-16 14:29:18,395 INFO  server.RaftServerConfigKeys (ConfUtils.java:logGet(43)) - raft.server.log.appender.install.snapshot.enabled = false (custom)
2019-07-16 14:29:18,395 INFO  server.RaftServerConfigKeys (ConfUtils.java:logGet(43)) - raft.server.rpc.timeout.max = 5200ms (custom)
2019-07-16 14:29:18,395 INFO  impl.RaftServerImpl (RaftServerImpl.java:<init>(93)) - c3101496-7c99-4cc1-b913-97d14de9566b: new RaftServerImpl for group-2304CCB8EFB1:[55b76b8d-3392-4447-b425-b98458f81a7a:192.168.157.241:43632, c3101496-7c99-4cc1-b913-97d14de9566b:192.168.157.241:35901, 9a580097-443f-4f25-891a-f226d3110303:192.168.157.241:45367] with ContainerStateMachine:uninitialized
2019-07-16 14:29:18,395 INFO  server.RaftServerConfigKeys (ConfUtils.java:logGet(43)) - raft.server.rpcslowness.timeout = 120s (custom)
2019-07-16 14:29:18,395 INFO  impl.RaftServerImpl (ServerState.java:<init>(105)) - 55b76b8d-3392-4447-b425-b98458f81a7a:group-2304CCB8EFB1 ConfigurationManager, init=-1: [55b76b8d-3392-4447-b425-b98458f81a7a:192.168.157.241:43632, c3101496-7c99-4cc1-b913-97d14de9566b:192.168.157.241:35901, 9a580097-443f-4f25-891a-f226d3110303:192.168.157.241:45367], old=null, confs=<EMPTY_MAP>
2019-07-16 14:29:18,395 INFO  server.RaftServerConfigKeys (ConfUtils.java:logGet(43)) - raft.server.sleep.deviation.threshold = 300 (default)
2019-07-16 14:29:18,395 INFO  server.RaftServerConfigKeys (ConfUtils.java:logGet(43)) - raft.server.rpc.timeout.min = 5s (custom)
2019-07-16 14:29:18,396 INFO  server.RaftServerConfigKeys (ConfUtils.java:logGet(43)) - raft.server.log.appender.install.snapshot.enabled = false (custom)
2019-07-16 14:29:18,396 INFO  server.RaftServerConfigKeys (ConfUtils.java:logGet(43)) - raft.server.storage.dir = [/workdir/hadoop-ozone/integration-test/target/test-dir/MiniOzoneClusterImpl-ff24742d-400d-47a8-98a3-3540329a4678/datanode-3/data/ratis] (custom)
2019-07-16 14:29:18,396 INFO  impl.RaftServerImpl (ServerState.java:<init>(105)) - 9a580097-443f-4f25-891a-f226d3110303:group-2304CCB8EFB1 ConfigurationManager, init=-1: [55b76b8d-3392-4447-b425-b98458f81a7a:192.168.157.241:43632, c3101496-7c99-4cc1-b913-97d14de9566b:192.168.157.241:35901, 9a580097-443f-4f25-891a-f226d3110303:192.168.157.241:45367], old=null, confs=<EMPTY_MAP>
2019-07-16 14:29:18,396 INFO  server.RaftServerConfigKeys (ConfUtils.java:logGet(43)) - raft.server.rpc.timeout.max = 5200ms (custom)
2019-07-16 14:29:18,396 INFO  server.RaftServerConfigKeys (ConfUtils.java:logGet(43)) - raft.server.storage.dir = [/workdir/hadoop-ozone/integration-test/target/test-dir/MiniOzoneClusterImpl-ff24742d-400d-47a8-98a3-3540329a4678/datanode-4/data/ratis] (custom)
2019-07-16 14:29:18,396 INFO  storage.RaftStorageDirectory (RaftStorageDirectory.java:analyzeStorage(246)) - The storage directory /workdir/hadoop-ozone/integration-test/target/test-dir/MiniOzoneClusterImpl-ff24742d-400d-47a8-98a3-3540329a4678/datanode-3/data/ratis/9d4d932e-d30b-494b-96d4-2304ccb8efb1 does not exist. Creating ...
2019-07-16 14:29:18,397 INFO  server.RaftServerConfigKeys (ConfUtils.java:logGet(43)) - raft.server.rpcslowness.timeout = 120s (custom)
2019-07-16 14:29:18,397 INFO  storage.RaftStorageDirectory (RaftStorageDirectory.java:analyzeStorage(246)) - The storage directory /workdir/hadoop-ozone/integration-test/target/test-dir/MiniOzoneClusterImpl-ff24742d-400d-47a8-98a3-3540329a4678/datanode-4/data/ratis/9d4d932e-d30b-494b-96d4-2304ccb8efb1 does not exist. Creating ...
2019-07-16 14:29:18,397 INFO  server.RaftServerConfigKeys (ConfUtils.java:logGet(43)) - raft.server.sleep.deviation.threshold = 300 (default)
2019-07-16 14:29:18,397 INFO  server.RaftServerConfigKeys (ConfUtils.java:logGet(43)) - raft.server.log.appender.install.snapshot.enabled = false (custom)
2019-07-16 14:29:18,397 INFO  impl.RaftServerImpl (ServerState.java:<init>(105)) - c3101496-7c99-4cc1-b913-97d14de9566b:group-2304CCB8EFB1 ConfigurationManager, init=-1: [55b76b8d-3392-4447-b425-b98458f81a7a:192.168.157.241:43632, c3101496-7c99-4cc1-b913-97d14de9566b:192.168.157.241:35901, 9a580097-443f-4f25-891a-f226d3110303:192.168.157.241:45367], old=null, confs=<EMPTY_MAP>
2019-07-16 14:29:18,398 INFO  server.RaftServerConfigKeys (ConfUtils.java:logGet(43)) - raft.server.storage.dir = [/workdir/hadoop-ozone/integration-test/target/test-dir/MiniOzoneClusterImpl-ff24742d-400d-47a8-98a3-3540329a4678/datanode-5/data/ratis] (custom)
2019-07-16 14:29:18,398 INFO  storage.RaftStorageDirectory (RaftStorageDirectory.java:analyzeStorage(246)) - The storage directory /workdir/hadoop-ozone/integration-test/target/test-dir/MiniOzoneClusterImpl-ff24742d-400d-47a8-98a3-3540329a4678/datanode-5/data/ratis/9d4d932e-d30b-494b-96d4-2304ccb8efb1 does not exist. Creating ...
2019-07-16 14:29:18,410 INFO  storage.RaftStorageDirectory (RaftStorageDirectory.java:tryLock(328)) - Lock on /workdir/hadoop-ozone/integration-test/target/test-dir/MiniOzoneClusterImpl-ff24742d-400d-47a8-98a3-3540329a4678/datanode-4/data/ratis/9d4d932e-d30b-494b-96d4-2304ccb8efb1/in_use.lock acquired by nodename 23803@trunk-nightly-gllmw-2332419065
2019-07-16 14:29:18,410 INFO  storage.RaftStorageDirectory (RaftStorageDirectory.java:tryLock(328)) - Lock on /workdir/hadoop-ozone/integration-test/target/test-dir/MiniOzoneClusterImpl-ff24742d-400d-47a8-98a3-3540329a4678/datanode-5/data/ratis/9d4d932e-d30b-494b-96d4-2304ccb8efb1/in_use.lock acquired by nodename 23803@trunk-nightly-gllmw-2332419065
2019-07-16 14:29:18,410 INFO  storage.RaftStorageDirectory (RaftStorageDirectory.java:tryLock(328)) - Lock on /workdir/hadoop-ozone/integration-test/target/test-dir/MiniOzoneClusterImpl-ff24742d-400d-47a8-98a3-3540329a4678/datanode-3/data/ratis/9d4d932e-d30b-494b-96d4-2304ccb8efb1/in_use.lock acquired by nodename 23803@trunk-nightly-gllmw-2332419065
2019-07-16 14:29:18,424 INFO  storage.RaftStorage (RaftStorage.java:format(72)) - Storage directory /workdir/hadoop-ozone/integration-test/target/test-dir/MiniOzoneClusterImpl-ff24742d-400d-47a8-98a3-3540329a4678/datanode-4/data/ratis/9d4d932e-d30b-494b-96d4-2304ccb8efb1 has been successfully formatted.
2019-07-16 14:29:18,424 INFO  storage.RaftStorage (RaftStorage.java:format(72)) - Storage directory /workdir/hadoop-ozone/integration-test/target/test-dir/MiniOzoneClusterImpl-ff24742d-400d-47a8-98a3-3540329a4678/datanode-5/data/ratis/9d4d932e-d30b-494b-96d4-2304ccb8efb1 has been successfully formatted.
2019-07-16 14:29:18,424 INFO  storage.RaftStorage (RaftStorage.java:format(72)) - Storage directory /workdir/hadoop-ozone/integration-test/target/test-dir/MiniOzoneClusterImpl-ff24742d-400d-47a8-98a3-3540329a4678/datanode-3/data/ratis/9d4d932e-d30b-494b-96d4-2304ccb8efb1 has been successfully formatted.
2019-07-16 14:29:18,424 INFO  ratis.ContainerStateMachine (ContainerStateMachine.java:loadSnapshot(200)) - group-2304CCB8EFB1: The snapshot info is null. Setting the last applied indexto:(t:0, i:~)
2019-07-16 14:29:18,425 INFO  ratis.ContainerStateMachine (ContainerStateMachine.java:loadSnapshot(200)) - group-2304CCB8EFB1: The snapshot info is null. Setting the last applied indexto:(t:0, i:~)
2019-07-16 14:29:18,424 INFO  ratis.ContainerStateMachine (ContainerStateMachine.java:loadSnapshot(200)) - group-2304CCB8EFB1: The snapshot info is null. Setting the last applied indexto:(t:0, i:~)
2019-07-16 14:29:18,425 INFO  server.RaftServerConfigKeys (ConfUtils.java:logGet(43)) - raft.server.leader.election.timeout = 120s (custom)
2019-07-16 14:29:18,425 INFO  server.RaftServerConfigKeys (ConfUtils.java:logGet(43)) - raft.server.log.use.memory = false (default)
2019-07-16 14:29:18,425 INFO  server.RaftServerConfigKeys (ConfUtils.java:logGet(43)) - raft.server.leader.election.timeout = 120s (custom)
2019-07-16 14:29:18,425 INFO  server.RaftServerConfigKeys (ConfUtils.java:logGet(43)) - raft.server.log.purge.gap = 1000000000 (custom)
2019-07-16 14:29:18,425 INFO  server.RaftServerConfigKeys (ConfUtils.java:logGet(43)) - raft.server.leader.election.timeout = 120s (custom)
2019-07-16 14:29:18,426 INFO  server.RaftServerConfigKeys (ConfUtils.java:logGet(43)) - raft.server.log.appender.buffer.byte-limit = 33554432 (custom)
2019-07-16 14:29:18,425 INFO  server.RaftServerConfigKeys (ConfUtils.java:logGet(43)) - raft.server.log.use.memory = false (default)
2019-07-16 14:29:18,426 INFO  server.RaftServerConfigKeys (ConfUtils.java:logGet(43)) - raft.server.log.segment.size.max = 1048576 (custom)
2019-07-16 14:29:18,426 INFO  server.RaftServerConfigKeys (ConfUtils.java:logGet(43)) - raft.server.log.use.memory = false (default)
2019-07-16 14:29:18,426 INFO  server.RaftServerConfigKeys (ConfUtils.java:logGet(43)) - raft.server.log.segment.cache.num.max = 2 (custom)
2019-07-16 14:29:18,426 INFO  server.RaftServerConfigKeys (ConfUtils.java:logGet(43)) - raft.server.log.purge.gap = 1000000000 (custom)
2019-07-16 14:29:18,427 INFO  segmented.SegmentedRaftLogWorker (SegmentedRaftLogWorker.java:<init>(172)) - new 55b76b8d-3392-4447-b425-b98458f81a7a-SegmentedRaftLogWorker:Storage Directory /workdir/hadoop-ozone/integration-test/target/test-dir/MiniOzoneClusterImpl-ff24742d-400d-47a8-98a3-3540329a4678/datanode-3/data/ratis/9d4d932e-d30b-494b-96d4-2304ccb8efb1 for RaftStorage:Storage Directory /workdir/hadoop-ozone/integration-test/target/test-dir/MiniOzoneClusterImpl-ff24742d-400d-47a8-98a3-3540329a4678/datanode-3/data/ratis/9d4d932e-d30b-494b-96d4-2304ccb8efb1
2019-07-16 14:29:18,426 INFO  server.RaftServerConfigKeys (ConfUtils.java:logGet(43)) - raft.server.log.purge.gap = 1000000000 (custom)
2019-07-16 14:29:18,427 INFO  server.RaftServerConfigKeys (ConfUtils.java:logGet(43)) - raft.server.log.queue.byte-limit = 2147483647 (custom)
2019-07-16 14:29:18,427 INFO  server.RaftServerConfigKeys (ConfUtils.java:logGet(43)) - raft.server.log.appender.buffer.byte-limit = 33554432 (custom)
2019-07-16 14:29:18,427 INFO  server.RaftServerConfigKeys (ConfUtils.java:logGet(43)) - raft.server.log.queue.element-limit = 1024 (custom)
2019-07-16 14:29:18,427 INFO  server.RaftServerConfigKeys (ConfUtils.java:logGet(43)) - raft.server.log.appender.buffer.byte-limit = 33554432 (custom)
2019-07-16 14:29:18,428 INFO  server.RaftServerConfigKeys (ConfUtils.java:logGet(43)) - raft.server.log.segment.size.max = 1048576 (custom)
2019-07-16 14:29:18,427 INFO  server.RaftServerConfigKeys (ConfUtils.java:logGet(43)) - raft.server.log.segment.size.max = 1048576 (custom)
2019-07-16 14:29:18,428 INFO  server.RaftServerConfigKeys (ConfUtils.java:logGet(43)) - raft.server.log.preallocated.size = 16384 (custom)
2019-07-16 14:29:18,428 INFO  server.RaftServerConfigKeys (ConfUtils.java:logGet(43)) - raft.server.log.write.buffer.size = 33554432 (custom)
2019-07-16 14:29:18,428 INFO  server.RaftServerConfigKeys (ConfUtils.java:logGet(43)) - raft.server.log.segment.size.max = 1048576 (custom)
2019-07-16 14:29:18,428 INFO  server.RaftServerConfigKeys (ConfUtils.java:logGet(43)) - raft.server.log.force.sync.num = 128 (default)
2019-07-16 14:29:18,429 INFO  server.RaftServerConfigKeys (ConfUtils.java:logGet(43)) - raft.server.log.statemachine.data.sync = true (default)
2019-07-16 14:29:18,428 INFO  server.RaftServerConfigKeys (ConfUtils.java:logGet(43)) - raft.server.log.segment.cache.num.max = 2 (custom)
2019-07-16 14:29:18,429 INFO  server.RaftServerConfigKeys (ConfUtils.java:logGet(43)) - raft.server.log.statemachine.data.sync.timeout = 10s (default)
2019-07-16 14:29:18,429 INFO  server.RaftServerConfigKeys (ConfUtils.java:logGet(43)) - raft.server.log.statemachine.data.sync.timeout.retry = -1 (default)
2019-07-16 14:29:18,429 INFO  server.RaftServerConfigKeys (ConfUtils.java:logGet(43)) - raft.server.log.segment.cache.num.max = 2 (custom)
2019-07-16 14:29:18,430 INFO  server.RaftServerConfigKeys (ConfUtils.java:logGet(43)) - raft.server.log.statemachine.data.caching.enabled = true (custom)
2019-07-16 14:29:18,429 INFO  segmented.SegmentedRaftLogWorker (SegmentedRaftLogWorker.java:<init>(172)) - new c3101496-7c99-4cc1-b913-97d14de9566b-SegmentedRaftLogWorker:Storage Directory /workdir/hadoop-ozone/integration-test/target/test-dir/MiniOzoneClusterImpl-ff24742d-400d-47a8-98a3-3540329a4678/datanode-5/data/ratis/9d4d932e-d30b-494b-96d4-2304ccb8efb1 for RaftStorage:Storage Directory /workdir/hadoop-ozone/integration-test/target/test-dir/MiniOzoneClusterImpl-ff24742d-400d-47a8-98a3-3540329a4678/datanode-5/data/ratis/9d4d932e-d30b-494b-96d4-2304ccb8efb1
2019-07-16 14:29:18,430 INFO  segmented.SegmentedRaftLogWorker (SegmentedRaftLogWorker.java:lambda$new$0(132)) - 55b76b8d-3392-4447-b425-b98458f81a7a-SegmentedRaftLogWorker:Storage Directory /workdir/hadoop-ozone/integration-test/target/test-dir/MiniOzoneClusterImpl-ff24742d-400d-47a8-98a3-3540329a4678/datanode-3/data/ratis/9d4d932e-d30b-494b-96d4-2304ccb8efb1: flushIndex: setUnconditionally 0 -> -1
2019-07-16 14:29:18,430 INFO  segmented.SegmentedRaftLogWorker (SegmentedRaftLogWorker.java:<init>(172)) - new 9a580097-443f-4f25-891a-f226d3110303-SegmentedRaftLogWorker:Storage Directory /workdir/hadoop-ozone/integration-test/target/test-dir/MiniOzoneClusterImpl-ff24742d-400d-47a8-98a3-3540329a4678/datanode-4/data/ratis/9d4d932e-d30b-494b-96d4-2304ccb8efb1 for RaftStorage:Storage Directory /workdir/hadoop-ozone/integration-test/target/test-dir/MiniOzoneClusterImpl-ff24742d-400d-47a8-98a3-3540329a4678/datanode-4/data/ratis/9d4d932e-d30b-494b-96d4-2304ccb8efb1
2019-07-16 14:29:18,430 INFO  server.RaftServerConfigKeys (ConfUtils.java:logGet(43)) - raft.server.log.queue.byte-limit = 2147483647 (custom)
2019-07-16 14:29:18,430 INFO  server.RaftServerConfigKeys (ConfUtils.java:logGet(43)) - raft.server.snapshot.auto.trigger.enabled = true (custom)
2019-07-16 14:29:18,430 INFO  server.RaftServerConfigKeys (ConfUtils.java:logGet(43)) - raft.server.log.queue.byte-limit = 2147483647 (custom)
2019-07-16 14:29:18,431 INFO  server.RaftServerConfigKeys (ConfUtils.java:logGet(43)) - raft.server.snapshot.auto.trigger.threshold = 10000 (custom)
2019-07-16 14:29:18,431 INFO  server.RaftServerConfigKeys (ConfUtils.java:logGet(43)) - raft.server.log.queue.element-limit = 1024 (custom)
2019-07-16 14:29:18,431 INFO  server.RaftServerConfigKeys (ConfUtils.java:logGet(43)) - raft.server.retrycache.expirytime = 600000ms (custom)
2019-07-16 14:29:18,431 INFO  server.RaftServerConfigKeys (ConfUtils.java:logGet(43)) - raft.server.log.queue.element-limit = 1024 (custom)
2019-07-16 14:29:18,432 INFO  impl.RaftServerImpl (RaftServerImpl.java:start(180)) - 55b76b8d-3392-4447-b425-b98458f81a7a: start group-2304CCB8EFB1
2019-07-16 14:29:18,432 INFO  impl.RaftServerImpl (RaftServerImpl.java:setRole(171)) - 55b76b8d-3392-4447-b425-b98458f81a7a:group-2304CCB8EFB1 changes role from null to FOLLOWER at term 0 for startAsFollower
2019-07-16 14:29:18,431 INFO  server.RaftServerConfigKeys (ConfUtils.java:logGet(43)) - raft.server.log.segment.size.max = 1048576 (custom)
2019-07-16 14:29:18,432 INFO  impl.RoleInfo (RoleInfo.java:updateAndGet(143)) - 55b76b8d-3392-4447-b425-b98458f81a7a: start FollowerState
2019-07-16 14:29:18,432 INFO  server.RaftServerConfigKeys (ConfUtils.java:logGet(43)) - raft.server.log.segment.size.max = 1048576 (custom)
2019-07-16 14:29:18,432 INFO  server.RaftServerConfigKeys (ConfUtils.java:logGet(43)) - raft.server.log.preallocated.size = 16384 (custom)
2019-07-16 14:29:18,433 INFO  util.JmxRegister (JmxRegister.java:tryRegister(44)) - Successfully registered JMX Bean with object name Ratis:service=RaftServer,group=group-2304CCB8EFB1,id=55b76b8d-3392-4447-b425-b98458f81a7a
2019-07-16 14:29:18,433 INFO  server.RaftServerConfigKeys (ConfUtils.java:logGet(43)) - raft.server.log.preallocated.size = 16384 (custom)
2019-07-16 14:29:18,433 INFO  server.RaftServerConfigKeys (ConfUtils.java:logGet(43)) - raft.server.log.write.buffer.size = 33554432 (custom)
2019-07-16 14:29:18,433 INFO  server.RaftServerConfigKeys (ConfUtils.java:logGet(43)) - raft.server.log.write.buffer.size = 33554432 (custom)
2019-07-16 14:29:18,433 INFO  server.RaftServerConfigKeys (ConfUtils.java:logGet(43)) - raft.server.log.force.sync.num = 128 (default)
2019-07-16 14:29:18,433 INFO  server.RaftServerConfigKeys (ConfUtils.java:logGet(43)) - raft.server.log.force.sync.num = 128 (default)
2019-07-16 14:29:18,434 INFO  server.RaftServerConfigKeys (ConfUtils.java:logGet(43)) - raft.server.log.statemachine.data.sync = true (default)
2019-07-16 14:29:18,437 INFO  server.RaftServerConfigKeys (ConfUtils.java:logGet(43)) - raft.server.log.statemachine.data.sync.timeout = 10s (default)
2019-07-16 14:29:18,434 INFO  server.RaftServerConfigKeys (ConfUtils.java:logGet(43)) - raft.server.log.statemachine.data.sync = true (default)
2019-07-16 14:29:18,437 INFO  server.RaftServerConfigKeys (ConfUtils.java:logGet(43)) - raft.server.log.statemachine.data.sync.timeout.retry = -1 (default)
2019-07-16 14:29:18,437 INFO  server.RaftServerConfigKeys (ConfUtils.java:logGet(43)) - raft.server.log.statemachine.data.sync.timeout = 10s (default)
2019-07-16 14:29:18,437 INFO  server.RaftServerConfigKeys (ConfUtils.java:logGet(43)) - raft.server.log.statemachine.data.caching.enabled = true (custom)
2019-07-16 14:29:18,437 INFO  server.RaftServerConfigKeys (ConfUtils.java:logGet(43)) - raft.server.log.statemachine.data.sync.timeout.retry = -1 (default)
2019-07-16 14:29:18,438 INFO  server.RaftServerConfigKeys (ConfUtils.java:logGet(43)) - raft.server.log.statemachine.data.caching.enabled = true (custom)
2019-07-16 14:29:18,438 INFO  segmented.SegmentedRaftLogWorker (SegmentedRaftLogWorker.java:lambda$new$0(132)) - c3101496-7c99-4cc1-b913-97d14de9566b-SegmentedRaftLogWorker:Storage Directory /workdir/hadoop-ozone/integration-test/target/test-dir/MiniOzoneClusterImpl-ff24742d-400d-47a8-98a3-3540329a4678/datanode-5/data/ratis/9d4d932e-d30b-494b-96d4-2304ccb8efb1: flushIndex: setUnconditionally 0 -> -1
2019-07-16 14:29:18,438 INFO  segmented.SegmentedRaftLogWorker (SegmentedRaftLogWorker.java:lambda$new$0(132)) - 9a580097-443f-4f25-891a-f226d3110303-SegmentedRaftLogWorker:Storage Directory /workdir/hadoop-ozone/integration-test/target/test-dir/MiniOzoneClusterImpl-ff24742d-400d-47a8-98a3-3540329a4678/datanode-4/data/ratis/9d4d932e-d30b-494b-96d4-2304ccb8efb1: flushIndex: setUnconditionally 0 -> -1
2019-07-16 14:29:18,438 INFO  server.RaftServerConfigKeys (ConfUtils.java:logGet(43)) - raft.server.snapshot.auto.trigger.enabled = true (custom)
2019-07-16 14:29:18,438 INFO  server.RaftServerConfigKeys (ConfUtils.java:logGet(43)) - raft.server.snapshot.auto.trigger.threshold = 10000 (custom)
2019-07-16 14:29:18,438 INFO  server.RaftServerConfigKeys (ConfUtils.java:logGet(43)) - raft.server.snapshot.auto.trigger.enabled = true (custom)
2019-07-16 14:29:18,439 INFO  server.RaftServerConfigKeys (ConfUtils.java:logGet(43)) - raft.server.retrycache.expirytime = 600000ms (custom)
2019-07-16 14:29:18,439 INFO  server.RaftServerConfigKeys (ConfUtils.java:logGet(43)) - raft.server.snapshot.auto.trigger.threshold = 10000 (custom)
2019-07-16 14:29:18,439 INFO  impl.RaftServerImpl (RaftServerImpl.java:start(180)) - c3101496-7c99-4cc1-b913-97d14de9566b: start group-2304CCB8EFB1
2019-07-16 14:29:18,439 INFO  server.RaftServerConfigKeys (ConfUtils.java:logGet(43)) - raft.server.retrycache.expirytime = 600000ms (custom)
2019-07-16 14:29:18,439 INFO  impl.RaftServerImpl (RaftServerImpl.java:setRole(171)) - c3101496-7c99-4cc1-b913-97d14de9566b:group-2304CCB8EFB1 changes role from null to FOLLOWER at term 0 for startAsFollower
2019-07-16 14:29:18,439 INFO  impl.RaftServerImpl (RaftServerImpl.java:start(180)) - 9a580097-443f-4f25-891a-f226d3110303: start group-2304CCB8EFB1
2019-07-16 14:29:18,439 INFO  impl.RoleInfo (RoleInfo.java:updateAndGet(143)) - c3101496-7c99-4cc1-b913-97d14de9566b: start FollowerState
2019-07-16 14:29:18,440 INFO  impl.RaftServerImpl (RaftServerImpl.java:setRole(171)) - 9a580097-443f-4f25-891a-f226d3110303:group-2304CCB8EFB1 changes role from null to FOLLOWER at term 0 for startAsFollower
2019-07-16 14:29:18,440 INFO  impl.RoleInfo (RoleInfo.java:updateAndGet(143)) - 9a580097-443f-4f25-891a-f226d3110303: start FollowerState
2019-07-16 14:29:18,440 INFO  util.JmxRegister (JmxRegister.java:tryRegister(44)) - Successfully registered JMX Bean with object name Ratis:service=RaftServer,group=group-2304CCB8EFB1,id=c3101496-7c99-4cc1-b913-97d14de9566b
2019-07-16 14:29:18,440 INFO  util.JmxRegister (JmxRegister.java:tryRegister(44)) - Successfully registered JMX Bean with object name Ratis:service=RaftServer,group=group-2304CCB8EFB1,id=9a580097-443f-4f25-891a-f226d3110303
2019-07-16 14:29:18,448 INFO  pipeline.PipelineStateManager (PipelineStateManager.java:addPipeline(56)) - Created pipeline Pipeline[ Id: 9d4d932e-d30b-494b-96d4-2304ccb8efb1, Nodes: 9a580097-443f-4f25-891a-f226d3110303{ip: 192.168.157.241, host: trunk-nightly-gllmw-2332419065, networkLocation: /default-rack, certSerialId: null}55b76b8d-3392-4447-b425-b98458f81a7a{ip: 192.168.157.241, host: trunk-nightly-gllmw-2332419065, networkLocation: /default-rack, certSerialId: null}c3101496-7c99-4cc1-b913-97d14de9566b{ip: 192.168.157.241, host: trunk-nightly-gllmw-2332419065, networkLocation: /default-rack, certSerialId: null}, Type:RATIS, Factor:THREE, State:OPEN]
2019-07-16 14:29:18,514 INFO  ozone.MiniOzoneClusterImpl (MiniOzoneClusterImpl.java:lambda$waitForClusterToBeReady$0(142)) - Waiting for cluster to be ready. Got 6 of 7 DN Heartbeats.
2019-07-16 14:29:18,518 INFO  node.SCMNodeManager (SCMNodeManager.java:register(269)) - Registered Data node : 60bce219-76bd-4774-bfc9-757c068c3404{ip: 192.168.157.241, host: trunk-nightly-gllmw-2332419065, networkLocation: /default-rack, certSerialId: null}
2019-07-16 14:29:18,524 INFO  impl.RaftServerProxy (RaftServerProxy.java:addNew(89)) - 60bce219-76bd-4774-bfc9-757c068c3404: addNew group-EC971CF7066B:[60bce219-76bd-4774-bfc9-757c068c3404:192.168.157.241:33143] returns group-EC971CF7066B:java.util.concurrent.CompletableFuture@113eebeb[Not completed]
2019-07-16 14:29:18,525 INFO  impl.RaftServerImpl (RaftServerImpl.java:<init>(93)) - 60bce219-76bd-4774-bfc9-757c068c3404: new RaftServerImpl for group-EC971CF7066B:[60bce219-76bd-4774-bfc9-757c068c3404:192.168.157.241:33143] with ContainerStateMachine:uninitialized
2019-07-16 14:29:18,526 INFO  server.RaftServerConfigKeys (ConfUtils.java:logGet(43)) - raft.server.rpc.timeout.min = 5s (custom)
2019-07-16 14:29:18,526 INFO  server.RaftServerConfigKeys (ConfUtils.java:logGet(43)) - raft.server.rpc.timeout.max = 5200ms (custom)
2019-07-16 14:29:18,526 INFO  server.RaftServerConfigKeys (ConfUtils.java:logGet(43)) - raft.server.rpcslowness.timeout = 120s (custom)
2019-07-16 14:29:18,526 INFO  server.RaftServerConfigKeys (ConfUtils.java:logGet(43)) - raft.server.sleep.deviation.threshold = 300 (default)
2019-07-16 14:29:18,526 INFO  server.RaftServerConfigKeys (ConfUtils.java:logGet(43)) - raft.server.log.appender.install.snapshot.enabled = false (custom)
2019-07-16 14:29:18,526 INFO  impl.RaftServerImpl (ServerState.java:<init>(105)) - 60bce219-76bd-4774-bfc9-757c068c3404:group-EC971CF7066B ConfigurationManager, init=-1: [60bce219-76bd-4774-bfc9-757c068c3404:192.168.157.241:33143], old=null, confs=<EMPTY_MAP>
2019-07-16 14:29:18,526 INFO  server.RaftServerConfigKeys (ConfUtils.java:logGet(43)) - raft.server.storage.dir = [/workdir/hadoop-ozone/integration-test/target/test-dir/MiniOzoneClusterImpl-ff24742d-400d-47a8-98a3-3540329a4678/datanode-6/data/ratis] (custom)
2019-07-16 14:29:18,527 INFO  storage.RaftStorageDirectory (RaftStorageDirectory.java:analyzeStorage(246)) - The storage directory /workdir/hadoop-ozone/integration-test/target/test-dir/MiniOzoneClusterImpl-ff24742d-400d-47a8-98a3-3540329a4678/datanode-6/data/ratis/955fa943-4d67-4f57-9557-ec971cf7066b does not exist. Creating ...
2019-07-16 14:29:18,540 INFO  storage.RaftStorageDirectory (RaftStorageDirectory.java:tryLock(328)) - Lock on /workdir/hadoop-ozone/integration-test/target/test-dir/MiniOzoneClusterImpl-ff24742d-400d-47a8-98a3-3540329a4678/datanode-6/data/ratis/955fa943-4d67-4f57-9557-ec971cf7066b/in_use.lock acquired by nodename 23803@trunk-nightly-gllmw-2332419065
2019-07-16 14:29:18,559 INFO  storage.RaftStorage (RaftStorage.java:format(72)) - Storage directory /workdir/hadoop-ozone/integration-test/target/test-dir/MiniOzoneClusterImpl-ff24742d-400d-47a8-98a3-3540329a4678/datanode-6/data/ratis/955fa943-4d67-4f57-9557-ec971cf7066b has been successfully formatted.
2019-07-16 14:29:18,560 INFO  ratis.ContainerStateMachine (ContainerStateMachine.java:loadSnapshot(200)) - group-EC971CF7066B: The snapshot info is null. Setting the last applied indexto:(t:0, i:~)
2019-07-16 14:29:18,560 INFO  server.RaftServerConfigKeys (ConfUtils.java:logGet(43)) - raft.server.leader.election.timeout = 120s (custom)
2019-07-16 14:29:18,560 INFO  server.RaftServerConfigKeys (ConfUtils.java:logGet(43)) - raft.server.log.use.memory = false (default)
2019-07-16 14:29:18,560 INFO  server.RaftServerConfigKeys (ConfUtils.java:logGet(43)) - raft.server.log.purge.gap = 1000000000 (custom)
2019-07-16 14:29:18,560 INFO  server.RaftServerConfigKeys (ConfUtils.java:logGet(43)) - raft.server.log.appender.buffer.byte-limit = 33554432 (custom)
2019-07-16 14:29:18,560 INFO  server.RaftServerConfigKeys (ConfUtils.java:logGet(43)) - raft.server.log.segment.size.max = 1048576 (custom)
2019-07-16 14:29:18,560 INFO  server.RaftServerConfigKeys (ConfUtils.java:logGet(43)) - raft.server.log.segment.cache.num.max = 2 (custom)
2019-07-16 14:29:18,561 INFO  segmented.SegmentedRaftLogWorker (SegmentedRaftLogWorker.java:<init>(172)) - new 60bce219-76bd-4774-bfc9-757c068c3404-SegmentedRaftLogWorker:Storage Directory /workdir/hadoop-ozone/integration-test/target/test-dir/MiniOzoneClusterImpl-ff24742d-400d-47a8-98a3-3540329a4678/datanode-6/data/ratis/955fa943-4d67-4f57-9557-ec971cf7066b for RaftStorage:Storage Directory /workdir/hadoop-ozone/integration-test/target/test-dir/MiniOzoneClusterImpl-ff24742d-400d-47a8-98a3-3540329a4678/datanode-6/data/ratis/955fa943-4d67-4f57-9557-ec971cf7066b
2019-07-16 14:29:18,561 INFO  server.RaftServerConfigKeys (ConfUtils.java:logGet(43)) - raft.server.log.queue.byte-limit = 2147483647 (custom)
2019-07-16 14:29:18,561 INFO  server.RaftServerConfigKeys (ConfUtils.java:logGet(43)) - raft.server.log.queue.element-limit = 1024 (custom)
2019-07-16 14:29:18,561 INFO  server.RaftServerConfigKeys (ConfUtils.java:logGet(43)) - raft.server.log.segment.size.max = 1048576 (custom)
2019-07-16 14:29:18,561 INFO  server.RaftServerConfigKeys (ConfUtils.java:logGet(43)) - raft.server.log.preallocated.size = 16384 (custom)
2019-07-16 14:29:18,562 INFO  server.RaftServerConfigKeys (ConfUtils.java:logGet(43)) - raft.server.log.write.buffer.size = 33554432 (custom)
2019-07-16 14:29:18,562 INFO  server.RaftServerConfigKeys (ConfUtils.java:logGet(43)) - raft.server.log.force.sync.num = 128 (default)
2019-07-16 14:29:18,562 INFO  server.RaftServerConfigKeys (ConfUtils.java:logGet(43)) - raft.server.log.statemachine.data.sync = true (default)
2019-07-16 14:29:18,562 INFO  server.RaftServerConfigKeys (ConfUtils.java:logGet(43)) - raft.server.log.statemachine.data.sync.timeout = 10s (default)
2019-07-16 14:29:18,562 INFO  server.RaftServerConfigKeys (ConfUtils.java:logGet(43)) - raft.server.log.statemachine.data.sync.timeout.retry = -1 (default)
2019-07-16 14:29:18,562 INFO  server.RaftServerConfigKeys (ConfUtils.java:logGet(43)) - raft.server.log.statemachine.data.caching.enabled = true (custom)
2019-07-16 14:29:18,563 INFO  segmented.SegmentedRaftLogWorker (SegmentedRaftLogWorker.java:lambda$new$0(132)) - 60bce219-76bd-4774-bfc9-757c068c3404-SegmentedRaftLogWorker:Storage Directory /workdir/hadoop-ozone/integration-test/target/test-dir/MiniOzoneClusterImpl-ff24742d-400d-47a8-98a3-3540329a4678/datanode-6/data/ratis/955fa943-4d67-4f57-9557-ec971cf7066b: flushIndex: setUnconditionally 0 -> -1
2019-07-16 14:29:18,563 INFO  server.RaftServerConfigKeys (ConfUtils.java:logGet(43)) - raft.server.snapshot.auto.trigger.enabled = true (custom)
2019-07-16 14:29:18,563 INFO  server.RaftServerConfigKeys (ConfUtils.java:logGet(43)) - raft.server.snapshot.auto.trigger.threshold = 10000 (custom)
2019-07-16 14:29:18,564 INFO  server.RaftServerConfigKeys (ConfUtils.java:logGet(43)) - raft.server.retrycache.expirytime = 600000ms (custom)
2019-07-16 14:29:18,564 INFO  impl.RaftServerImpl (RaftServerImpl.java:start(180)) - 60bce219-76bd-4774-bfc9-757c068c3404: start group-EC971CF7066B
2019-07-16 14:29:18,564 INFO  impl.RaftServerImpl (RaftServerImpl.java:setRole(171)) - 60bce219-76bd-4774-bfc9-757c068c3404:group-EC971CF7066B changes role from null to FOLLOWER at term 0 for startAsFollower
2019-07-16 14:29:18,564 INFO  impl.RoleInfo (RoleInfo.java:updateAndGet(143)) - 60bce219-76bd-4774-bfc9-757c068c3404: start FollowerState
2019-07-16 14:29:18,564 INFO  util.JmxRegister (JmxRegister.java:tryRegister(44)) - Successfully registered JMX Bean with object name Ratis:service=RaftServer,group=group-EC971CF7066B,id=60bce219-76bd-4774-bfc9-757c068c3404
2019-07-16 14:29:18,569 INFO  pipeline.PipelineStateManager (PipelineStateManager.java:addPipeline(56)) - Created pipeline Pipeline[ Id: 955fa943-4d67-4f57-9557-ec971cf7066b, Nodes: 60bce219-76bd-4774-bfc9-757c068c3404{ip: 192.168.157.241, host: trunk-nightly-gllmw-2332419065, networkLocation: /default-rack, certSerialId: null}, Type:RATIS, Factor:ONE, State:OPEN]
2019-07-16 14:29:19,515 INFO  ozone.MiniOzoneClusterImpl (MiniOzoneClusterImpl.java:lambda$waitForClusterToBeReady$0(142)) - Cluster is ready. Got 7 of 7 DN Heartbeats.
2019-07-16 14:29:19,548 INFO  rpc.RpcClient (RpcClient.java:createVolume(287)) - Creating Volume: testblockoutputstream, with jenkins1000 as owner.
2019-07-16 14:29:19,566 INFO  rpc.RpcClient (RpcClient.java:createBucket(424)) - Creating Bucket: testblockoutputstream/testblockoutputstream, with Versioning false and Storage Type set to DISK and Encryption set to false 
2019-07-16 14:29:19,605 INFO  client.GrpcClientProtocolClient (GrpcClientProtocolClient.java:onNext(255)) - client-89AA21E9FA94->9a580097-443f-4f25-891a-f226d3110303: receive RaftClientReply:client-89AA21E9FA94->9a580097-443f-4f25-891a-f226d3110303@group-2304CCB8EFB1, cid=213, FAILED org.apache.ratis.protocol.NotLeaderException: Server 9a580097-443f-4f25-891a-f226d3110303 is not the leader (null). Request must be sent to leader., logIndex=0, commits[9a580097-443f-4f25-891a-f226d3110303:c-1]
2019-07-16 14:29:20,327 INFO  container.ReplicationManager (ReplicationManager.java:start(155)) - Starting Replication Monitor Thread.
2019-07-16 14:29:20,332 INFO  container.ReplicationManager (ReplicationManager.java:run(207)) - Replication Monitor Thread took 0 milliseconds for processing 1 containers.
2019-07-16 14:29:20,625 INFO  client.GrpcClientProtocolClient (GrpcClientProtocolClient.java:onNext(255)) - client-89AA21E9FA94->c3101496-7c99-4cc1-b913-97d14de9566b: receive RaftClientReply:client-89AA21E9FA94->c3101496-7c99-4cc1-b913-97d14de9566b@group-2304CCB8EFB1, cid=213, FAILED org.apache.ratis.protocol.NotLeaderException: Server c3101496-7c99-4cc1-b913-97d14de9566b is not the leader (null). Request must be sent to leader., logIndex=0, commits[c3101496-7c99-4cc1-b913-97d14de9566b:c-1]
2019-07-16 14:29:21,639 INFO  client.GrpcClientProtocolClient (GrpcClientProtocolClient.java:onNext(255)) - client-89AA21E9FA94->9a580097-443f-4f25-891a-f226d3110303: receive RaftClientReply:client-89AA21E9FA94->9a580097-443f-4f25-891a-f226d3110303@group-2304CCB8EFB1, cid=213, FAILED org.apache.ratis.protocol.NotLeaderException: Server 9a580097-443f-4f25-891a-f226d3110303 is not the leader (null). Request must be sent to leader., logIndex=0, commits[9a580097-443f-4f25-891a-f226d3110303:c-1]
2019-07-16 14:29:22,482 INFO  impl.FollowerState (FollowerState.java:run(106)) - f9c97e87-0e0b-4659-ab0c-e2c38ee83f64:group-FA2C309E999D changes to CANDIDATE, lastRpcTime:5112, electionTimeout:5112ms
2019-07-16 14:29:22,482 INFO  impl.RoleInfo (RoleInfo.java:shutdownFollowerState(121)) - f9c97e87-0e0b-4659-ab0c-e2c38ee83f64: shutdown FollowerState
2019-07-16 14:29:22,482 INFO  impl.RaftServerImpl (RaftServerImpl.java:setRole(171)) - f9c97e87-0e0b-4659-ab0c-e2c38ee83f64:group-FA2C309E999D changes role from FOLLOWER to CANDIDATE at term 0 for changeToCandidate
2019-07-16 14:29:22,482 INFO  impl.RoleInfo (RoleInfo.java:updateAndGet(143)) - f9c97e87-0e0b-4659-ab0c-e2c38ee83f64: start LeaderElection
2019-07-16 14:29:22,506 INFO  impl.LeaderElection (LeaderElection.java:askForVotes(181)) - f9c97e87-0e0b-4659-ab0c-e2c38ee83f64:group-FA2C309E999D:LeaderElection75: begin an election at term 1 for -1: [f9c97e87-0e0b-4659-ab0c-e2c38ee83f64:192.168.157.241:35303], old=null
2019-07-16 14:29:22,506 INFO  impl.RoleInfo (RoleInfo.java:shutdownLeaderElection(134)) - f9c97e87-0e0b-4659-ab0c-e2c38ee83f64: shutdown LeaderElection
2019-07-16 14:29:22,506 INFO  impl.RaftServerImpl (RaftServerImpl.java:setRole(171)) - f9c97e87-0e0b-4659-ab0c-e2c38ee83f64:group-FA2C309E999D changes role from CANDIDATE to LEADER at term 1 for changeToLeader
2019-07-16 14:29:22,506 INFO  impl.RaftServerImpl (ServerState.java:setLeader(263)) - f9c97e87-0e0b-4659-ab0c-e2c38ee83f64:group-FA2C309E999D change Leader from null to f9c97e87-0e0b-4659-ab0c-e2c38ee83f64 at term 1 for becomeLeader, leader elected after 5141ms
2019-07-16 14:29:22,508 INFO  server.RaftServerConfigKeys (ConfUtils.java:logGet(43)) - raft.server.staging.catchup.gap = 1000 (default)
2019-07-16 14:29:22,509 INFO  server.RaftServerConfigKeys (ConfUtils.java:logGet(43)) - raft.server.rpc.sleep.time = 25ms (default)
2019-07-16 14:29:22,509 INFO  server.RaftServerConfigKeys (ConfUtils.java:logGet(43)) - raft.server.write.element-limit = 4096 (default)
2019-07-16 14:29:22,509 INFO  server.RaftServerConfigKeys (ConfUtils.java:logGet(43)) - raft.server.watch.timeout = 10s (default)
2019-07-16 14:29:22,509 INFO  server.RaftServerConfigKeys (ConfUtils.java:logGet(43)) - raft.server.watch.timeout.denomination = 1s (default)
2019-07-16 14:29:22,509 INFO  server.RaftServerConfigKeys (ConfUtils.java:logGet(43)) - raft.server.watch.element-limit = 65536 (default)
2019-07-16 14:29:22,510 INFO  impl.RoleInfo (RoleInfo.java:updateAndGet(143)) - f9c97e87-0e0b-4659-ab0c-e2c38ee83f64: start LeaderState
2019-07-16 14:29:22,510 INFO  segmented.SegmentedRaftLogWorker (SegmentedRaftLogWorker.java:startLogSegment(380)) - f9c97e87-0e0b-4659-ab0c-e2c38ee83f64-SegmentedRaftLogWorker:Storage Directory /workdir/hadoop-ozone/integration-test/target/test-dir/MiniOzoneClusterImpl-ff24742d-400d-47a8-98a3-3540329a4678/datanode-0/data/ratis/6b068dfb-88a9-4e82-856f-fa2c309e999d: Starting segment from index:0
2019-07-16 14:29:22,511 INFO  impl.RaftServerImpl (ServerState.java:setRaftConf(361)) - f9c97e87-0e0b-4659-ab0c-e2c38ee83f64:group-FA2C309E999D set configuration 0: [f9c97e87-0e0b-4659-ab0c-e2c38ee83f64:192.168.157.241:35303], old=null at 0
2019-07-16 14:29:22,543 INFO  segmented.SegmentedRaftLogWorker (SegmentedRaftLogWorker.java:execute(569)) - f9c97e87-0e0b-4659-ab0c-e2c38ee83f64-SegmentedRaftLogWorker:Storage Directory /workdir/hadoop-ozone/integration-test/target/test-dir/MiniOzoneClusterImpl-ff24742d-400d-47a8-98a3-3540329a4678/datanode-0/data/ratis/6b068dfb-88a9-4e82-856f-fa2c309e999d: created new log segment /workdir/hadoop-ozone/integration-test/target/test-dir/MiniOzoneClusterImpl-ff24742d-400d-47a8-98a3-3540329a4678/datanode-0/data/ratis/6b068dfb-88a9-4e82-856f-fa2c309e999d/current/log_inprogress_0
2019-07-16 14:29:22,650 INFO  impl.FollowerState (FollowerState.java:run(106)) - 1470e55f-babc-4f44-af17-4248e7568a18:group-EBCDE667C733 changes to CANDIDATE, lastRpcTime:5136, electionTimeout:5135ms
2019-07-16 14:29:22,650 INFO  impl.RoleInfo (RoleInfo.java:shutdownFollowerState(121)) - 1470e55f-babc-4f44-af17-4248e7568a18: shutdown FollowerState
2019-07-16 14:29:22,650 INFO  impl.RaftServerImpl (RaftServerImpl.java:setRole(171)) - 1470e55f-babc-4f44-af17-4248e7568a18:group-EBCDE667C733 changes role from FOLLOWER to CANDIDATE at term 0 for changeToCandidate
2019-07-16 14:29:22,650 INFO  impl.RoleInfo (RoleInfo.java:updateAndGet(143)) - 1470e55f-babc-4f44-af17-4248e7568a18: start LeaderElection
2019-07-16 14:29:22,650 INFO  client.GrpcClientProtocolClient (GrpcClientProtocolClient.java:onNext(255)) - client-89AA21E9FA94->c3101496-7c99-4cc1-b913-97d14de9566b: receive RaftClientReply:client-89AA21E9FA94->c3101496-7c99-4cc1-b913-97d14de9566b@group-2304CCB8EFB1, cid=213, FAILED org.apache.ratis.protocol.NotLeaderException: Server c3101496-7c99-4cc1-b913-97d14de9566b is not the leader (null). Request must be sent to leader., logIndex=0, commits[c3101496-7c99-4cc1-b913-97d14de9566b:c-1]
2019-07-16 14:29:22,674 INFO  impl.LeaderElection (LeaderElection.java:askForVotes(181)) - 1470e55f-babc-4f44-af17-4248e7568a18:group-EBCDE667C733:LeaderElection76: begin an election at term 1 for -1: [1470e55f-babc-4f44-af17-4248e7568a18:192.168.157.241:41404], old=null
2019-07-16 14:29:22,675 INFO  impl.RoleInfo (RoleInfo.java:shutdownLeaderElection(134)) - 1470e55f-babc-4f44-af17-4248e7568a18: shutdown LeaderElection
2019-07-16 14:29:22,675 INFO  impl.RaftServerImpl (RaftServerImpl.java:setRole(171)) - 1470e55f-babc-4f44-af17-4248e7568a18:group-EBCDE667C733 changes role from CANDIDATE to LEADER at term 1 for changeToLeader
2019-07-16 14:29:22,675 INFO  impl.RaftServerImpl (ServerState.java:setLeader(263)) - 1470e55f-babc-4f44-af17-4248e7568a18:group-EBCDE667C733 change Leader from null to 1470e55f-babc-4f44-af17-4248e7568a18 at term 1 for becomeLeader, leader elected after 5165ms
2019-07-16 14:29:22,677 INFO  server.RaftServerConfigKeys (ConfUtils.java:logGet(43)) - raft.server.staging.catchup.gap = 1000 (default)
2019-07-16 14:29:22,678 INFO  server.RaftServerConfigKeys (ConfUtils.java:logGet(43)) - raft.server.rpc.sleep.time = 25ms (default)
2019-07-16 14:29:22,678 INFO  server.RaftServerConfigKeys (ConfUtils.java:logGet(43)) - raft.server.write.element-limit = 4096 (default)
2019-07-16 14:29:22,678 INFO  server.RaftServerConfigKeys (ConfUtils.java:logGet(43)) - raft.server.watch.timeout = 10s (default)
2019-07-16 14:29:22,678 INFO  server.RaftServerConfigKeys (ConfUtils.java:logGet(43)) - raft.server.watch.timeout.denomination = 1s (default)
2019-07-16 14:29:22,678 INFO  server.RaftServerConfigKeys (ConfUtils.java:logGet(43)) - raft.server.watch.element-limit = 65536 (default)
2019-07-16 14:29:22,679 INFO  impl.RoleInfo (RoleInfo.java:updateAndGet(143)) - 1470e55f-babc-4f44-af17-4248e7568a18: start LeaderState
2019-07-16 14:29:22,679 INFO  segmented.SegmentedRaftLogWorker (SegmentedRaftLogWorker.java:startLogSegment(380)) - 1470e55f-babc-4f44-af17-4248e7568a18-SegmentedRaftLogWorker:Storage Directory /workdir/hadoop-ozone/integration-test/target/test-dir/MiniOzoneClusterImpl-ff24742d-400d-47a8-98a3-3540329a4678/datanode-1/data/ratis/9c01eacb-25db-4249-9880-ebcde667c733: Starting segment from index:0
2019-07-16 14:29:22,679 INFO  impl.RaftServerImpl (ServerState.java:setRaftConf(361)) - 1470e55f-babc-4f44-af17-4248e7568a18:group-EBCDE667C733 set configuration 0: [1470e55f-babc-4f44-af17-4248e7568a18:192.168.157.241:41404], old=null at 0
2019-07-16 14:29:22,713 INFO  segmented.SegmentedRaftLogWorker (SegmentedRaftLogWorker.java:execute(569)) - 1470e55f-babc-4f44-af17-4248e7568a18-SegmentedRaftLogWorker:Storage Directory /workdir/hadoop-ozone/integration-test/target/test-dir/MiniOzoneClusterImpl-ff24742d-400d-47a8-98a3-3540329a4678/datanode-1/data/ratis/9c01eacb-25db-4249-9880-ebcde667c733: created new log segment /workdir/hadoop-ozone/integration-test/target/test-dir/MiniOzoneClusterImpl-ff24742d-400d-47a8-98a3-3540329a4678/datanode-1/data/ratis/9c01eacb-25db-4249-9880-ebcde667c733/current/log_inprogress_0
2019-07-16 14:29:22,831 INFO  impl.FollowerState (FollowerState.java:run(106)) - 6546edd3-b204-4045-847b-d59968eb8222:group-F3730E36E441 changes to CANDIDATE, lastRpcTime:5148, electionTimeout:5148ms
2019-07-16 14:29:22,831 INFO  impl.RoleInfo (RoleInfo.java:shutdownFollowerState(121)) - 6546edd3-b204-4045-847b-d59968eb8222: shutdown FollowerState
2019-07-16 14:29:22,831 INFO  impl.RaftServerImpl (RaftServerImpl.java:setRole(171)) - 6546edd3-b204-4045-847b-d59968eb8222:group-F3730E36E441 changes role from FOLLOWER to CANDIDATE at term 0 for changeToCandidate
2019-07-16 14:29:22,831 INFO  impl.RoleInfo (RoleInfo.java:updateAndGet(143)) - 6546edd3-b204-4045-847b-d59968eb8222: start LeaderElection
2019-07-16 14:29:22,855 INFO  impl.FollowerState (FollowerState.java:run(106)) - f9c97e87-0e0b-4659-ab0c-e2c38ee83f64:group-5654FC17A6D3 changes to CANDIDATE, lastRpcTime:5104, electionTimeout:5104ms
2019-07-16 14:29:22,855 INFO  impl.RoleInfo (RoleInfo.java:shutdownFollowerState(121)) - f9c97e87-0e0b-4659-ab0c-e2c38ee83f64: shutdown FollowerState
2019-07-16 14:29:22,855 INFO  impl.RaftServerImpl (RaftServerImpl.java:setRole(171)) - f9c97e87-0e0b-4659-ab0c-e2c38ee83f64:group-5654FC17A6D3 changes role from FOLLOWER to CANDIDATE at term 0 for changeToCandidate
2019-07-16 14:29:22,855 INFO  impl.RoleInfo (RoleInfo.java:updateAndGet(143)) - f9c97e87-0e0b-4659-ab0c-e2c38ee83f64: start LeaderElection
2019-07-16 14:29:22,860 INFO  impl.FollowerState (FollowerState.java:run(106)) - 6546edd3-b204-4045-847b-d59968eb8222:group-5654FC17A6D3 changes to CANDIDATE, lastRpcTime:5109, electionTimeout:5109ms
2019-07-16 14:29:22,861 INFO  impl.RoleInfo (RoleInfo.java:shutdownFollowerState(121)) - 6546edd3-b204-4045-847b-d59968eb8222: shutdown FollowerState
2019-07-16 14:29:22,861 INFO  impl.RaftServerImpl (RaftServerImpl.java:setRole(171)) - 6546edd3-b204-4045-847b-d59968eb8222:group-5654FC17A6D3 changes role from FOLLOWER to CANDIDATE at term 0 for changeToCandidate
2019-07-16 14:29:22,861 INFO  impl.RoleInfo (RoleInfo.java:updateAndGet(143)) - 6546edd3-b204-4045-847b-d59968eb8222: start LeaderElection
2019-07-16 14:29:22,861 INFO  impl.LeaderElection (LeaderElection.java:askForVotes(181)) - 6546edd3-b204-4045-847b-d59968eb8222:group-F3730E36E441:LeaderElection77: begin an election at term 1 for -1: [6546edd3-b204-4045-847b-d59968eb8222:192.168.157.241:38470], old=null
2019-07-16 14:29:22,861 INFO  impl.RoleInfo (RoleInfo.java:shutdownLeaderElection(134)) - 6546edd3-b204-4045-847b-d59968eb8222: shutdown LeaderElection
2019-07-16 14:29:22,864 INFO  impl.FollowerState (FollowerState.java:run(106)) - 1470e55f-babc-4f44-af17-4248e7568a18:group-5654FC17A6D3 changes to CANDIDATE, lastRpcTime:5120, electionTimeout:5118ms
2019-07-16 14:29:22,864 INFO  impl.RaftServerImpl (RaftServerImpl.java:setRole(171)) - 6546edd3-b204-4045-847b-d59968eb8222:group-F3730E36E441 changes role from CANDIDATE to LEADER at term 1 for changeToLeader
2019-07-16 14:29:22,864 INFO  impl.LeaderElection (LeaderElection.java:askForVotes(181)) - f9c97e87-0e0b-4659-ab0c-e2c38ee83f64:group-5654FC17A6D3:LeaderElection78: begin an election at term 1 for -1: [6546edd3-b204-4045-847b-d59968eb8222:192.168.157.241:38470, f9c97e87-0e0b-4659-ab0c-e2c38ee83f64:192.168.157.241:35303, 1470e55f-babc-4f44-af17-4248e7568a18:192.168.157.241:41404], old=null
2019-07-16 14:29:22,866 INFO  impl.RaftServerImpl (ServerState.java:setLeader(263)) - 6546edd3-b204-4045-847b-d59968eb8222:group-F3730E36E441 change Leader from null to 6546edd3-b204-4045-847b-d59968eb8222 at term 1 for becomeLeader, leader elected after 5188ms
2019-07-16 14:29:22,866 INFO  impl.RoleInfo (RoleInfo.java:shutdownFollowerState(121)) - 1470e55f-babc-4f44-af17-4248e7568a18: shutdown FollowerState
2019-07-16 14:29:22,869 INFO  server.RaftServerConfigKeys (ConfUtils.java:logGet(43)) - raft.server.staging.catchup.gap = 1000 (default)
2019-07-16 14:29:22,869 INFO  server.RaftServerConfigKeys (ConfUtils.java:logGet(43)) - raft.server.rpc.sleep.time = 25ms (default)
2019-07-16 14:29:22,869 INFO  impl.RaftServerImpl (RaftServerImpl.java:setRole(171)) - 1470e55f-babc-4f44-af17-4248e7568a18:group-5654FC17A6D3 changes role from FOLLOWER to CANDIDATE at term 0 for changeToCandidate
2019-07-16 14:29:22,870 INFO  server.RaftServerConfigKeys (ConfUtils.java:logGet(43)) - raft.server.write.element-limit = 4096 (default)
2019-07-16 14:29:22,870 INFO  impl.RoleInfo (RoleInfo.java:updateAndGet(143)) - 1470e55f-babc-4f44-af17-4248e7568a18: start LeaderElection
2019-07-16 14:29:22,870 INFO  server.RaftServerConfigKeys (ConfUtils.java:logGet(43)) - raft.server.watch.timeout = 10s (default)
2019-07-16 14:29:22,870 INFO  server.RaftServerConfigKeys (ConfUtils.java:logGet(43)) - raft.server.watch.timeout.denomination = 1s (default)
2019-07-16 14:29:22,870 INFO  server.RaftServerConfigKeys (ConfUtils.java:logGet(43)) - raft.server.watch.element-limit = 65536 (default)
2019-07-16 14:29:22,875 INFO  impl.RoleInfo (RoleInfo.java:updateAndGet(143)) - 6546edd3-b204-4045-847b-d59968eb8222: start LeaderState
2019-07-16 14:29:22,876 INFO  segmented.SegmentedRaftLogWorker (SegmentedRaftLogWorker.java:startLogSegment(380)) - 6546edd3-b204-4045-847b-d59968eb8222-SegmentedRaftLogWorker:Storage Directory /workdir/hadoop-ozone/integration-test/target/test-dir/MiniOzoneClusterImpl-ff24742d-400d-47a8-98a3-3540329a4678/datanode-2/data/ratis/dd014c13-3780-4ef8-b406-f3730e36e441: Starting segment from index:0
2019-07-16 14:29:22,879 INFO  impl.RaftServerImpl (ServerState.java:setRaftConf(361)) - 6546edd3-b204-4045-847b-d59968eb8222:group-F3730E36E441 set configuration 0: [6546edd3-b204-4045-847b-d59968eb8222:192.168.157.241:38470], old=null at 0
2019-07-16 14:29:22,879 INFO  impl.LeaderElection (LeaderElection.java:askForVotes(181)) - 6546edd3-b204-4045-847b-d59968eb8222:group-5654FC17A6D3:LeaderElection79: begin an election at term 1 for -1: [6546edd3-b204-4045-847b-d59968eb8222:192.168.157.241:38470, f9c97e87-0e0b-4659-ab0c-e2c38ee83f64:192.168.157.241:35303, 1470e55f-babc-4f44-af17-4248e7568a18:192.168.157.241:41404], old=null
2019-07-16 14:29:22,914 INFO  segmented.SegmentedRaftLogWorker (SegmentedRaftLogWorker.java:execute(569)) - 6546edd3-b204-4045-847b-d59968eb8222-SegmentedRaftLogWorker:Storage Directory /workdir/hadoop-ozone/integration-test/target/test-dir/MiniOzoneClusterImpl-ff24742d-400d-47a8-98a3-3540329a4678/datanode-2/data/ratis/dd014c13-3780-4ef8-b406-f3730e36e441: created new log segment /workdir/hadoop-ozone/integration-test/target/test-dir/MiniOzoneClusterImpl-ff24742d-400d-47a8-98a3-3540329a4678/datanode-2/data/ratis/dd014c13-3780-4ef8-b406-f3730e36e441/current/log_inprogress_0
2019-07-16 14:29:22,914 INFO  impl.LeaderElection (LeaderElection.java:askForVotes(181)) - 1470e55f-babc-4f44-af17-4248e7568a18:group-5654FC17A6D3:LeaderElection80: begin an election at term 1 for -1: [6546edd3-b204-4045-847b-d59968eb8222:192.168.157.241:38470, f9c97e87-0e0b-4659-ab0c-e2c38ee83f64:192.168.157.241:35303, 1470e55f-babc-4f44-af17-4248e7568a18:192.168.157.241:41404], old=null
2019-07-16 14:29:22,925 INFO  impl.LeaderElection (LeaderElection.java:logAndReturn(56)) - 6546edd3-b204-4045-847b-d59968eb8222:group-5654FC17A6D3:LeaderElection79: Election REJECTED; received 2 response(s) [6546edd3-b204-4045-847b-d59968eb8222<-f9c97e87-0e0b-4659-ab0c-e2c38ee83f64#0:FAIL-t1, 6546edd3-b204-4045-847b-d59968eb8222<-1470e55f-babc-4f44-af17-4248e7568a18#0:FAIL-t1] and 0 exception(s); 6546edd3-b204-4045-847b-d59968eb8222:t1, leader=null, voted=6546edd3-b204-4045-847b-d59968eb8222, raftlog=6546edd3-b204-4045-847b-d59968eb8222-SegmentedRaftLog:OPENED:c-1,f-1,i0, conf=-1: [6546edd3-b204-4045-847b-d59968eb8222:192.168.157.241:38470, f9c97e87-0e0b-4659-ab0c-e2c38ee83f64:192.168.157.241:35303, 1470e55f-babc-4f44-af17-4248e7568a18:192.168.157.241:41404], old=null
2019-07-16 14:29:22,925 INFO  impl.LeaderElection (LeaderElection.java:logAndReturn(56)) - f9c97e87-0e0b-4659-ab0c-e2c38ee83f64:group-5654FC17A6D3:LeaderElection78: Election REJECTED; received 2 response(s) [f9c97e87-0e0b-4659-ab0c-e2c38ee83f64<-6546edd3-b204-4045-847b-d59968eb8222#0:FAIL-t1, f9c97e87-0e0b-4659-ab0c-e2c38ee83f64<-1470e55f-babc-4f44-af17-4248e7568a18#0:FAIL-t1] and 0 exception(s); f9c97e87-0e0b-4659-ab0c-e2c38ee83f64:t1, leader=null, voted=f9c97e87-0e0b-4659-ab0c-e2c38ee83f64, raftlog=f9c97e87-0e0b-4659-ab0c-e2c38ee83f64-SegmentedRaftLog:OPENED:c-1,f-1,i0, conf=-1: [6546edd3-b204-4045-847b-d59968eb8222:192.168.157.241:38470, f9c97e87-0e0b-4659-ab0c-e2c38ee83f64:192.168.157.241:35303, 1470e55f-babc-4f44-af17-4248e7568a18:192.168.157.241:41404], old=null
2019-07-16 14:29:22,925 INFO  impl.RaftServerImpl (RaftServerImpl.java:setRole(171)) - 6546edd3-b204-4045-847b-d59968eb8222:group-5654FC17A6D3 changes role from CANDIDATE to FOLLOWER at term 1 for DISCOVERED_A_NEW_TERM
2019-07-16 14:29:22,928 INFO  impl.RoleInfo (RoleInfo.java:shutdownLeaderElection(134)) - 6546edd3-b204-4045-847b-d59968eb8222: shutdown LeaderElection
2019-07-16 14:29:22,928 INFO  impl.RoleInfo (RoleInfo.java:updateAndGet(143)) - 6546edd3-b204-4045-847b-d59968eb8222: start FollowerState
2019-07-16 14:29:22,931 INFO  impl.FollowerState (FollowerState.java:run(106)) - 55b76b8d-3392-4447-b425-b98458f81a7a:group-4082184D8939 changes to CANDIDATE, lastRpcTime:5078, electionTimeout:5078ms
2019-07-16 14:29:22,931 INFO  impl.RoleInfo (RoleInfo.java:shutdownFollowerState(121)) - 55b76b8d-3392-4447-b425-b98458f81a7a: shutdown FollowerState
2019-07-16 14:29:22,928 INFO  impl.RaftServerImpl (RaftServerImpl.java:setRole(171)) - f9c97e87-0e0b-4659-ab0c-e2c38ee83f64:group-5654FC17A6D3 changes role from CANDIDATE to FOLLOWER at term 1 for DISCOVERED_A_NEW_TERM
2019-07-16 14:29:22,933 INFO  impl.RoleInfo (RoleInfo.java:shutdownLeaderElection(134)) - f9c97e87-0e0b-4659-ab0c-e2c38ee83f64: shutdown LeaderElection
2019-07-16 14:29:22,931 INFO  impl.RaftServerImpl (RaftServerImpl.java:setRole(171)) - 55b76b8d-3392-4447-b425-b98458f81a7a:group-4082184D8939 changes role from FOLLOWER to CANDIDATE at term 0 for changeToCandidate
2019-07-16 14:29:22,933 INFO  impl.RoleInfo (RoleInfo.java:updateAndGet(143)) - f9c97e87-0e0b-4659-ab0c-e2c38ee83f64: start FollowerState
2019-07-16 14:29:22,934 INFO  impl.RoleInfo (RoleInfo.java:updateAndGet(143)) - 55b76b8d-3392-4447-b425-b98458f81a7a: start LeaderElection
2019-07-16 14:29:22,947 INFO  impl.LeaderElection (LeaderElection.java:logAndReturn(56)) - 1470e55f-babc-4f44-af17-4248e7568a18:group-5654FC17A6D3:LeaderElection80: Election REJECTED; received 2 response(s) [1470e55f-babc-4f44-af17-4248e7568a18<-6546edd3-b204-4045-847b-d59968eb8222#0:FAIL-t1, 1470e55f-babc-4f44-af17-4248e7568a18<-f9c97e87-0e0b-4659-ab0c-e2c38ee83f64#0:FAIL-t1] and 0 exception(s); 1470e55f-babc-4f44-af17-4248e7568a18:t1, leader=null, voted=1470e55f-babc-4f44-af17-4248e7568a18, raftlog=1470e55f-babc-4f44-af17-4248e7568a18-SegmentedRaftLog:OPENED:c-1,f-1,i0, conf=-1: [6546edd3-b204-4045-847b-d59968eb8222:192.168.157.241:38470, f9c97e87-0e0b-4659-ab0c-e2c38ee83f64:192.168.157.241:35303, 1470e55f-babc-4f44-af17-4248e7568a18:192.168.157.241:41404], old=null
2019-07-16 14:29:22,948 INFO  impl.RaftServerImpl (RaftServerImpl.java:setRole(171)) - 1470e55f-babc-4f44-af17-4248e7568a18:group-5654FC17A6D3 changes role from CANDIDATE to FOLLOWER at term 1 for DISCOVERED_A_NEW_TERM
2019-07-16 14:29:22,950 INFO  impl.RoleInfo (RoleInfo.java:shutdownLeaderElection(134)) - 1470e55f-babc-4f44-af17-4248e7568a18: shutdown LeaderElection
2019-07-16 14:29:22,950 INFO  impl.RoleInfo (RoleInfo.java:updateAndGet(143)) - 1470e55f-babc-4f44-af17-4248e7568a18: start FollowerState
2019-07-16 14:29:22,954 INFO  impl.LeaderElection (LeaderElection.java:askForVotes(181)) - 55b76b8d-3392-4447-b425-b98458f81a7a:group-4082184D8939:LeaderElection81: begin an election at term 1 for -1: [55b76b8d-3392-4447-b425-b98458f81a7a:192.168.157.241:43632], old=null
2019-07-16 14:29:22,954 INFO  impl.RoleInfo (RoleInfo.java:shutdownLeaderElection(134)) - 55b76b8d-3392-4447-b425-b98458f81a7a: shutdown LeaderElection
2019-07-16 14:29:22,954 INFO  impl.RaftServerImpl (RaftServerImpl.java:setRole(171)) - 55b76b8d-3392-4447-b425-b98458f81a7a:group-4082184D8939 changes role from CANDIDATE to LEADER at term 1 for changeToLeader
2019-07-16 14:29:22,954 INFO  impl.RaftServerImpl (ServerState.java:setLeader(263)) - 55b76b8d-3392-4447-b425-b98458f81a7a:group-4082184D8939 change Leader from null to 55b76b8d-3392-4447-b425-b98458f81a7a at term 1 for becomeLeader, leader elected after 5106ms
2019-07-16 14:29:22,956 INFO  server.RaftServerConfigKeys (ConfUtils.java:logGet(43)) - raft.server.staging.catchup.gap = 1000 (default)
2019-07-16 14:29:22,957 INFO  server.RaftServerConfigKeys (ConfUtils.java:logGet(43)) - raft.server.rpc.sleep.time = 25ms (default)
2019-07-16 14:29:22,957 INFO  server.RaftServerConfigKeys (ConfUtils.java:logGet(43)) - raft.server.write.element-limit = 4096 (default)
2019-07-16 14:29:22,957 INFO  server.RaftServerConfigKeys (ConfUtils.java:logGet(43)) - raft.server.watch.timeout = 10s (default)
2019-07-16 14:29:22,957 INFO  server.RaftServerConfigKeys (ConfUtils.java:logGet(43)) - raft.server.watch.timeout.denomination = 1s (default)
2019-07-16 14:29:22,957 INFO  server.RaftServerConfigKeys (ConfUtils.java:logGet(43)) - raft.server.watch.element-limit = 65536 (default)
2019-07-16 14:29:22,958 INFO  impl.RoleInfo (RoleInfo.java:updateAndGet(143)) - 55b76b8d-3392-4447-b425-b98458f81a7a: start LeaderState
2019-07-16 14:29:22,958 INFO  segmented.SegmentedRaftLogWorker (SegmentedRaftLogWorker.java:startLogSegment(380)) - 55b76b8d-3392-4447-b425-b98458f81a7a-SegmentedRaftLogWorker:Storage Directory /workdir/hadoop-ozone/integration-test/target/test-dir/MiniOzoneClusterImpl-ff24742d-400d-47a8-98a3-3540329a4678/datanode-3/data/ratis/9629a3b6-ddad-4b8c-874c-4082184d8939: Starting segment from index:0
2019-07-16 14:29:22,958 INFO  impl.RaftServerImpl (ServerState.java:setRaftConf(361)) - 55b76b8d-3392-4447-b425-b98458f81a7a:group-4082184D8939 set configuration 0: [55b76b8d-3392-4447-b425-b98458f81a7a:192.168.157.241:43632], old=null at 0
2019-07-16 14:29:22,990 INFO  segmented.SegmentedRaftLogWorker (SegmentedRaftLogWorker.java:execute(569)) - 55b76b8d-3392-4447-b425-b98458f81a7a-SegmentedRaftLogWorker:Storage Directory /workdir/hadoop-ozone/integration-test/target/test-dir/MiniOzoneClusterImpl-ff24742d-400d-47a8-98a3-3540329a4678/datanode-3/data/ratis/9629a3b6-ddad-4b8c-874c-4082184d8939: created new log segment /workdir/hadoop-ozone/integration-test/target/test-dir/MiniOzoneClusterImpl-ff24742d-400d-47a8-98a3-3540329a4678/datanode-3/data/ratis/9629a3b6-ddad-4b8c-874c-4082184d8939/current/log_inprogress_0
2019-07-16 14:29:23,221 INFO  impl.FollowerState (FollowerState.java:run(106)) - 9a580097-443f-4f25-891a-f226d3110303:group-129327C0CC60 changes to CANDIDATE, lastRpcTime:5181, electionTimeout:5181ms
2019-07-16 14:29:23,221 INFO  impl.RoleInfo (RoleInfo.java:shutdownFollowerState(121)) - 9a580097-443f-4f25-891a-f226d3110303: shutdown FollowerState
2019-07-16 14:29:23,222 INFO  impl.RaftServerImpl (RaftServerImpl.java:setRole(171)) - 9a580097-443f-4f25-891a-f226d3110303:group-129327C0CC60 changes role from FOLLOWER to CANDIDATE at term 0 for changeToCandidate
2019-07-16 14:29:23,222 INFO  impl.RoleInfo (RoleInfo.java:updateAndGet(143)) - 9a580097-443f-4f25-891a-f226d3110303: start LeaderElection
2019-07-16 14:29:23,241 INFO  impl.LeaderElection (LeaderElection.java:askForVotes(181)) - 9a580097-443f-4f25-891a-f226d3110303:group-129327C0CC60:LeaderElection82: begin an election at term 1 for -1: [9a580097-443f-4f25-891a-f226d3110303:192.168.157.241:45367], old=null
2019-07-16 14:29:23,241 INFO  impl.RoleInfo (RoleInfo.java:shutdownLeaderElection(134)) - 9a580097-443f-4f25-891a-f226d3110303: shutdown LeaderElection
2019-07-16 14:29:23,241 INFO  impl.RaftServerImpl (RaftServerImpl.java:setRole(171)) - 9a580097-443f-4f25-891a-f226d3110303:group-129327C0CC60 changes role from CANDIDATE to LEADER at term 1 for changeToLeader
2019-07-16 14:29:23,241 INFO  impl.RaftServerImpl (ServerState.java:setLeader(263)) - 9a580097-443f-4f25-891a-f226d3110303:group-129327C0CC60 change Leader from null to 9a580097-443f-4f25-891a-f226d3110303 at term 1 for becomeLeader, leader elected after 5205ms
2019-07-16 14:29:23,243 INFO  server.RaftServerConfigKeys (ConfUtils.java:logGet(43)) - raft.server.staging.catchup.gap = 1000 (default)
2019-07-16 14:29:23,244 INFO  server.RaftServerConfigKeys (ConfUtils.java:logGet(43)) - raft.server.rpc.sleep.time = 25ms (default)
2019-07-16 14:29:23,244 INFO  server.RaftServerConfigKeys (ConfUtils.java:logGet(43)) - raft.server.write.element-limit = 4096 (default)
2019-07-16 14:29:23,244 INFO  server.RaftServerConfigKeys (ConfUtils.java:logGet(43)) - raft.server.watch.timeout = 10s (default)
2019-07-16 14:29:23,244 INFO  server.RaftServerConfigKeys (ConfUtils.java:logGet(43)) - raft.server.watch.timeout.denomination = 1s (default)
2019-07-16 14:29:23,244 INFO  server.RaftServerConfigKeys (ConfUtils.java:logGet(43)) - raft.server.watch.element-limit = 65536 (default)
2019-07-16 14:29:23,244 INFO  impl.RoleInfo (RoleInfo.java:updateAndGet(143)) - 9a580097-443f-4f25-891a-f226d3110303: start LeaderState
2019-07-16 14:29:23,245 INFO  segmented.SegmentedRaftLogWorker (SegmentedRaftLogWorker.java:startLogSegment(380)) - 9a580097-443f-4f25-891a-f226d3110303-SegmentedRaftLogWorker:Storage Directory /workdir/hadoop-ozone/integration-test/target/test-dir/MiniOzoneClusterImpl-ff24742d-400d-47a8-98a3-3540329a4678/datanode-4/data/ratis/f67c032e-8d0b-4267-8cc9-129327c0cc60: Starting segment from index:0
2019-07-16 14:29:23,245 INFO  impl.RaftServerImpl (ServerState.java:setRaftConf(361)) - 9a580097-443f-4f25-891a-f226d3110303:group-129327C0CC60 set configuration 0: [9a580097-443f-4f25-891a-f226d3110303:192.168.157.241:45367], old=null at 0
2019-07-16 14:29:23,278 INFO  segmented.SegmentedRaftLogWorker (SegmentedRaftLogWorker.java:execute(569)) - 9a580097-443f-4f25-891a-f226d3110303-SegmentedRaftLogWorker:Storage Directory /workdir/hadoop-ozone/integration-test/target/test-dir/MiniOzoneClusterImpl-ff24742d-400d-47a8-98a3-3540329a4678/datanode-4/data/ratis/f67c032e-8d0b-4267-8cc9-129327c0cc60: created new log segment /workdir/hadoop-ozone/integration-test/target/test-dir/MiniOzoneClusterImpl-ff24742d-400d-47a8-98a3-3540329a4678/datanode-4/data/ratis/f67c032e-8d0b-4267-8cc9-129327c0cc60/current/log_inprogress_0
2019-07-16 14:29:23,451 INFO  impl.FollowerState (FollowerState.java:run(106)) - c3101496-7c99-4cc1-b913-97d14de9566b:group-5C66BDF00459 changes to CANDIDATE, lastRpcTime:5078, electionTimeout:5078ms
2019-07-16 14:29:23,451 INFO  impl.RoleInfo (RoleInfo.java:shutdownFollowerState(121)) - c3101496-7c99-4cc1-b913-97d14de9566b: shutdown FollowerState
2019-07-16 14:29:23,451 INFO  impl.RaftServerImpl (RaftServerImpl.java:setRole(171)) - c3101496-7c99-4cc1-b913-97d14de9566b:group-5C66BDF00459 changes role from FOLLOWER to CANDIDATE at term 0 for changeToCandidate
2019-07-16 14:29:23,451 INFO  impl.RoleInfo (RoleInfo.java:updateAndGet(143)) - c3101496-7c99-4cc1-b913-97d14de9566b: start LeaderElection
2019-07-16 14:29:23,471 INFO  impl.LeaderElection (LeaderElection.java:askForVotes(181)) - c3101496-7c99-4cc1-b913-97d14de9566b:group-5C66BDF00459:LeaderElection83: begin an election at term 1 for -1: [c3101496-7c99-4cc1-b913-97d14de9566b:192.168.157.241:35901], old=null
2019-07-16 14:29:23,471 INFO  impl.RoleInfo (RoleInfo.java:shutdownLeaderElection(134)) - c3101496-7c99-4cc1-b913-97d14de9566b: shutdown LeaderElection
2019-07-16 14:29:23,471 INFO  impl.RaftServerImpl (RaftServerImpl.java:setRole(171)) - c3101496-7c99-4cc1-b913-97d14de9566b:group-5C66BDF00459 changes role from CANDIDATE to LEADER at term 1 for changeToLeader
2019-07-16 14:29:23,471 INFO  impl.RaftServerImpl (ServerState.java:setLeader(263)) - c3101496-7c99-4cc1-b913-97d14de9566b:group-5C66BDF00459 change Leader from null to c3101496-7c99-4cc1-b913-97d14de9566b at term 1 for becomeLeader, leader elected after 5103ms
2019-07-16 14:29:23,474 INFO  server.RaftServerConfigKeys (ConfUtils.java:logGet(43)) - raft.server.staging.catchup.gap = 1000 (default)
2019-07-16 14:29:23,474 INFO  server.RaftServerConfigKeys (ConfUtils.java:logGet(43)) - raft.server.rpc.sleep.time = 25ms (default)
2019-07-16 14:29:23,474 INFO  server.RaftServerConfigKeys (ConfUtils.java:logGet(43)) - raft.server.write.element-limit = 4096 (default)
2019-07-16 14:29:23,474 INFO  server.RaftServerConfigKeys (ConfUtils.java:logGet(43)) - raft.server.watch.timeout = 10s (default)
2019-07-16 14:29:23,474 INFO  server.RaftServerConfigKeys (ConfUtils.java:logGet(43)) - raft.server.watch.timeout.denomination = 1s (default)
2019-07-16 14:29:23,474 INFO  server.RaftServerConfigKeys (ConfUtils.java:logGet(43)) - raft.server.watch.element-limit = 65536 (default)
2019-07-16 14:29:23,475 INFO  impl.RoleInfo (RoleInfo.java:updateAndGet(143)) - c3101496-7c99-4cc1-b913-97d14de9566b: start LeaderState
2019-07-16 14:29:23,475 INFO  segmented.SegmentedRaftLogWorker (SegmentedRaftLogWorker.java:startLogSegment(380)) - c3101496-7c99-4cc1-b913-97d14de9566b-SegmentedRaftLogWorker:Storage Directory /workdir/hadoop-ozone/integration-test/target/test-dir/MiniOzoneClusterImpl-ff24742d-400d-47a8-98a3-3540329a4678/datanode-5/data/ratis/c55943eb-7d7f-4a26-9839-5c66bdf00459: Starting segment from index:0
2019-07-16 14:29:23,475 INFO  impl.RaftServerImpl (ServerState.java:setRaftConf(361)) - c3101496-7c99-4cc1-b913-97d14de9566b:group-5C66BDF00459 set configuration 0: [c3101496-7c99-4cc1-b913-97d14de9566b:192.168.157.241:35901], old=null at 0
2019-07-16 14:29:23,500 INFO  impl.FollowerState (FollowerState.java:run(106)) - c3101496-7c99-4cc1-b913-97d14de9566b:group-2304CCB8EFB1 changes to CANDIDATE, lastRpcTime:5060, electionTimeout:5060ms
2019-07-16 14:29:23,500 INFO  impl.RoleInfo (RoleInfo.java:shutdownFollowerState(121)) - c3101496-7c99-4cc1-b913-97d14de9566b: shutdown FollowerState
2019-07-16 14:29:23,501 INFO  impl.RaftServerImpl (RaftServerImpl.java:setRole(171)) - c3101496-7c99-4cc1-b913-97d14de9566b:group-2304CCB8EFB1 changes role from FOLLOWER to CANDIDATE at term 0 for changeToCandidate
2019-07-16 14:29:23,501 INFO  impl.RoleInfo (RoleInfo.java:updateAndGet(143)) - c3101496-7c99-4cc1-b913-97d14de9566b: start LeaderElection
2019-07-16 14:29:23,507 INFO  impl.FollowerState (FollowerState.java:run(106)) - 55b76b8d-3392-4447-b425-b98458f81a7a:group-2304CCB8EFB1 changes to CANDIDATE, lastRpcTime:5074, electionTimeout:5074ms
2019-07-16 14:29:23,507 INFO  impl.RoleInfo (RoleInfo.java:shutdownFollowerState(121)) - 55b76b8d-3392-4447-b425-b98458f81a7a: shutdown FollowerState
2019-07-16 14:29:23,507 INFO  impl.RaftServerImpl (RaftServerImpl.java:setRole(171)) - 55b76b8d-3392-4447-b425-b98458f81a7a:group-2304CCB8EFB1 changes role from FOLLOWER to CANDIDATE at term 0 for changeToCandidate
2019-07-16 14:29:23,507 INFO  impl.RoleInfo (RoleInfo.java:updateAndGet(143)) - 55b76b8d-3392-4447-b425-b98458f81a7a: start LeaderElection
2019-07-16 14:29:23,512 INFO  segmented.SegmentedRaftLogWorker (SegmentedRaftLogWorker.java:execute(569)) - c3101496-7c99-4cc1-b913-97d14de9566b-SegmentedRaftLogWorker:Storage Directory /workdir/hadoop-ozone/integration-test/target/test-dir/MiniOzoneClusterImpl-ff24742d-400d-47a8-98a3-3540329a4678/datanode-5/data/ratis/c55943eb-7d7f-4a26-9839-5c66bdf00459: created new log segment /workdir/hadoop-ozone/integration-test/target/test-dir/MiniOzoneClusterImpl-ff24742d-400d-47a8-98a3-3540329a4678/datanode-5/data/ratis/c55943eb-7d7f-4a26-9839-5c66bdf00459/current/log_inprogress_0
2019-07-16 14:29:23,512 INFO  impl.LeaderElection (LeaderElection.java:askForVotes(181)) - c3101496-7c99-4cc1-b913-97d14de9566b:group-2304CCB8EFB1:LeaderElection84: begin an election at term 1 for -1: [55b76b8d-3392-4447-b425-b98458f81a7a:192.168.157.241:43632, c3101496-7c99-4cc1-b913-97d14de9566b:192.168.157.241:35901, 9a580097-443f-4f25-891a-f226d3110303:192.168.157.241:45367], old=null
2019-07-16 14:29:23,517 INFO  impl.RaftServerImpl (RaftServerImpl.java:setRole(171)) - 9a580097-443f-4f25-891a-f226d3110303:group-2304CCB8EFB1 changes role from FOLLOWER to FOLLOWER at term 1 for recognizeCandidate:c3101496-7c99-4cc1-b913-97d14de9566b
2019-07-16 14:29:23,517 INFO  impl.RoleInfo (RoleInfo.java:shutdownFollowerState(121)) - 9a580097-443f-4f25-891a-f226d3110303: shutdown FollowerState
2019-07-16 14:29:23,517 INFO  impl.RoleInfo (RoleInfo.java:updateAndGet(143)) - 9a580097-443f-4f25-891a-f226d3110303: start FollowerState
2019-07-16 14:29:23,517 INFO  impl.FollowerState (FollowerState.java:run(114)) - 9a580097-443f-4f25-891a-f226d3110303: FollowerState was interrupted: java.lang.InterruptedException: sleep interrupted
2019-07-16 14:29:23,526 INFO  impl.LeaderElection (LeaderElection.java:askForVotes(181)) - 55b76b8d-3392-4447-b425-b98458f81a7a:group-2304CCB8EFB1:LeaderElection85: begin an election at term 1 for -1: [55b76b8d-3392-4447-b425-b98458f81a7a:192.168.157.241:43632, c3101496-7c99-4cc1-b913-97d14de9566b:192.168.157.241:35901, 9a580097-443f-4f25-891a-f226d3110303:192.168.157.241:45367], old=null
2019-07-16 14:29:23,532 INFO  impl.LeaderElection (LeaderElection.java:logAndReturn(56)) - c3101496-7c99-4cc1-b913-97d14de9566b:group-2304CCB8EFB1:LeaderElection84: Election PASSED; received 1 response(s) [c3101496-7c99-4cc1-b913-97d14de9566b<-9a580097-443f-4f25-891a-f226d3110303#0:OK-t1] and 0 exception(s); c3101496-7c99-4cc1-b913-97d14de9566b:t1, leader=null, voted=c3101496-7c99-4cc1-b913-97d14de9566b, raftlog=c3101496-7c99-4cc1-b913-97d14de9566b-SegmentedRaftLog:OPENED:c-1,f-1,i0, conf=-1: [55b76b8d-3392-4447-b425-b98458f81a7a:192.168.157.241:43632, c3101496-7c99-4cc1-b913-97d14de9566b:192.168.157.241:35901, 9a580097-443f-4f25-891a-f226d3110303:192.168.157.241:45367], old=null
2019-07-16 14:29:23,532 INFO  impl.RoleInfo (RoleInfo.java:shutdownLeaderElection(134)) - c3101496-7c99-4cc1-b913-97d14de9566b: shutdown LeaderElection
2019-07-16 14:29:23,535 INFO  impl.RaftServerImpl (RaftServerImpl.java:setRole(171)) - c3101496-7c99-4cc1-b913-97d14de9566b:group-2304CCB8EFB1 changes role from CANDIDATE to LEADER at term 1 for changeToLeader
2019-07-16 14:29:23,538 INFO  impl.RaftServerImpl (ServerState.java:setLeader(263)) - c3101496-7c99-4cc1-b913-97d14de9566b:group-2304CCB8EFB1 change Leader from null to c3101496-7c99-4cc1-b913-97d14de9566b at term 1 for becomeLeader, leader elected after 5113ms
2019-07-16 14:29:23,538 INFO  server.RaftServerConfigKeys (ConfUtils.java:logGet(43)) - raft.server.staging.catchup.gap = 1000 (default)
2019-07-16 14:29:23,538 INFO  server.RaftServerConfigKeys (ConfUtils.java:logGet(43)) - raft.server.rpc.sleep.time = 25ms (default)
2019-07-16 14:29:23,538 INFO  server.RaftServerConfigKeys (ConfUtils.java:logGet(43)) - raft.server.write.element-limit = 4096 (default)
2019-07-16 14:29:23,539 INFO  server.RaftServerConfigKeys (ConfUtils.java:logGet(43)) - raft.server.watch.timeout = 10s (default)
2019-07-16 14:29:23,539 INFO  server.RaftServerConfigKeys (ConfUtils.java:logGet(43)) - raft.server.watch.timeout.denomination = 1s (default)
2019-07-16 14:29:23,539 INFO  server.RaftServerConfigKeys (ConfUtils.java:logGet(43)) - raft.server.watch.element-limit = 65536 (default)
2019-07-16 14:29:23,539 INFO  server.RaftServerConfigKeys (ConfUtils.java:logGet(43)) - raft.server.log.appender.snapshot.chunk.size.max = 16MB (=16777216) (default)
2019-07-16 14:29:23,539 INFO  server.RaftServerConfigKeys (ConfUtils.java:logGet(43)) - raft.server.log.appender.buffer.byte-limit = 33554432 (custom)
2019-07-16 14:29:23,539 INFO  server.RaftServerConfigKeys (ConfUtils.java:logGet(43)) - raft.server.log.appender.buffer.element-limit = 1 (custom)
2019-07-16 14:29:23,540 INFO  grpc.GrpcConfigKeys$Server (ConfUtils.java:logGet(43)) - raft.grpc.server.leader.outstanding.appends.max = 128 (default)
2019-07-16 14:29:23,540 INFO  server.RaftServerConfigKeys (ConfUtils.java:logGet(43)) - raft.server.rpc.request.timeout = 3000ms (default)
2019-07-16 14:29:23,540 INFO  server.RaftServerConfigKeys (ConfUtils.java:logGet(43)) - raft.server.log.appender.install.snapshot.enabled = false (custom)
2019-07-16 14:29:23,540 INFO  server.RaftServerConfigKeys (ConfUtils.java:logGet(43)) - raft.server.log.appender.snapshot.chunk.size.max = 16MB (=16777216) (default)
2019-07-16 14:29:23,543 INFO  server.RaftServerConfigKeys (ConfUtils.java:logGet(43)) - raft.server.log.appender.buffer.byte-limit = 33554432 (custom)
2019-07-16 14:29:23,543 INFO  server.RaftServerConfigKeys (ConfUtils.java:logGet(43)) - raft.server.log.appender.buffer.element-limit = 1 (custom)
2019-07-16 14:29:23,543 INFO  grpc.GrpcConfigKeys$Server (ConfUtils.java:logGet(43)) - raft.grpc.server.leader.outstanding.appends.max = 128 (default)
2019-07-16 14:29:23,543 INFO  server.RaftServerConfigKeys (ConfUtils.java:logGet(43)) - raft.server.rpc.request.timeout = 3000ms (default)
2019-07-16 14:29:23,543 INFO  server.RaftServerConfigKeys (ConfUtils.java:logGet(43)) - raft.server.log.appender.install.snapshot.enabled = false (custom)
2019-07-16 14:29:23,544 INFO  impl.RoleInfo (RoleInfo.java:updateAndGet(143)) - c3101496-7c99-4cc1-b913-97d14de9566b: start LeaderState
2019-07-16 14:29:23,544 INFO  segmented.SegmentedRaftLogWorker (SegmentedRaftLogWorker.java:startLogSegment(380)) - c3101496-7c99-4cc1-b913-97d14de9566b-SegmentedRaftLogWorker:Storage Directory /workdir/hadoop-ozone/integration-test/target/test-dir/MiniOzoneClusterImpl-ff24742d-400d-47a8-98a3-3540329a4678/datanode-5/data/ratis/9d4d932e-d30b-494b-96d4-2304ccb8efb1: Starting segment from index:0
2019-07-16 14:29:23,545 INFO  impl.RaftServerImpl (ServerState.java:setRaftConf(361)) - c3101496-7c99-4cc1-b913-97d14de9566b:group-2304CCB8EFB1 set configuration 0: [55b76b8d-3392-4447-b425-b98458f81a7a:192.168.157.241:43632, c3101496-7c99-4cc1-b913-97d14de9566b:192.168.157.241:35901, 9a580097-443f-4f25-891a-f226d3110303:192.168.157.241:45367], old=null at 0
2019-07-16 14:29:23,567 INFO  impl.RaftServerImpl (ServerState.java:setLeader(263)) - 9a580097-443f-4f25-891a-f226d3110303:group-2304CCB8EFB1 change Leader from null to c3101496-7c99-4cc1-b913-97d14de9566b at term 1 for appendEntries, leader elected after 5141ms
2019-07-16 14:29:23,567 INFO  impl.RaftServerImpl (RaftServerImpl.java:requestVote(754)) - c3101496-7c99-4cc1-b913-97d14de9566b-LEADER: Withhold vote from candidate 55b76b8d-3392-4447-b425-b98458f81a7a with term 1. State: leader=c3101496-7c99-4cc1-b913-97d14de9566b, term=1, lastRpcElapsed=null
2019-07-16 14:29:23,568 INFO  impl.RaftServerImpl (RaftServerImpl.java:setRole(171)) - 55b76b8d-3392-4447-b425-b98458f81a7a:group-2304CCB8EFB1 changes role from CANDIDATE to FOLLOWER at term 1 for appendEntries
2019-07-16 14:29:23,571 INFO  impl.RoleInfo (RoleInfo.java:shutdownLeaderElection(134)) - 55b76b8d-3392-4447-b425-b98458f81a7a: shutdown LeaderElection
2019-07-16 14:29:23,571 INFO  impl.LeaderElection (LeaderElection.java:logAndReturn(56)) - 55b76b8d-3392-4447-b425-b98458f81a7a:group-2304CCB8EFB1:LeaderElection85: Election REJECTED; received 2 response(s) [55b76b8d-3392-4447-b425-b98458f81a7a<-c3101496-7c99-4cc1-b913-97d14de9566b#0:FAIL-t1, 55b76b8d-3392-4447-b425-b98458f81a7a<-9a580097-443f-4f25-891a-f226d3110303#0:FAIL-t1] and 0 exception(s); 55b76b8d-3392-4447-b425-b98458f81a7a:t1, leader=null, voted=55b76b8d-3392-4447-b425-b98458f81a7a, raftlog=55b76b8d-3392-4447-b425-b98458f81a7a-SegmentedRaftLog:OPENED:c-1,f-1,i0, conf=-1: [55b76b8d-3392-4447-b425-b98458f81a7a:192.168.157.241:43632, c3101496-7c99-4cc1-b913-97d14de9566b:192.168.157.241:35901, 9a580097-443f-4f25-891a-f226d3110303:192.168.157.241:45367], old=null
2019-07-16 14:29:23,571 INFO  impl.RoleInfo (RoleInfo.java:updateAndGet(143)) - 55b76b8d-3392-4447-b425-b98458f81a7a: start FollowerState
2019-07-16 14:29:23,589 INFO  segmented.SegmentedRaftLogWorker (SegmentedRaftLogWorker.java:execute(569)) - c3101496-7c99-4cc1-b913-97d14de9566b-SegmentedRaftLogWorker:Storage Directory /workdir/hadoop-ozone/integration-test/target/test-dir/MiniOzoneClusterImpl-ff24742d-400d-47a8-98a3-3540329a4678/datanode-5/data/ratis/9d4d932e-d30b-494b-96d4-2304ccb8efb1: created new log segment /workdir/hadoop-ozone/integration-test/target/test-dir/MiniOzoneClusterImpl-ff24742d-400d-47a8-98a3-3540329a4678/datanode-5/data/ratis/9d4d932e-d30b-494b-96d4-2304ccb8efb1/current/log_inprogress_0
2019-07-16 14:29:23,589 INFO  impl.RaftServerImpl (ServerState.java:setLeader(263)) - 55b76b8d-3392-4447-b425-b98458f81a7a:group-2304CCB8EFB1 change Leader from null to c3101496-7c99-4cc1-b913-97d14de9566b at term 1 for appendEntries, leader elected after 5164ms
2019-07-16 14:29:23,590 INFO  impl.RaftServerImpl (ServerState.java:setRaftConf(361)) - 9a580097-443f-4f25-891a-f226d3110303:group-2304CCB8EFB1 set configuration 0: [55b76b8d-3392-4447-b425-b98458f81a7a:192.168.157.241:43632, c3101496-7c99-4cc1-b913-97d14de9566b:192.168.157.241:35901, 9a580097-443f-4f25-891a-f226d3110303:192.168.157.241:45367], old=null at 0
2019-07-16 14:29:23,590 INFO  segmented.SegmentedRaftLogWorker (SegmentedRaftLogWorker.java:startLogSegment(380)) - 9a580097-443f-4f25-891a-f226d3110303-SegmentedRaftLogWorker:Storage Directory /workdir/hadoop-ozone/integration-test/target/test-dir/MiniOzoneClusterImpl-ff24742d-400d-47a8-98a3-3540329a4678/datanode-4/data/ratis/9d4d932e-d30b-494b-96d4-2304ccb8efb1: Starting segment from index:0
2019-07-16 14:29:23,591 INFO  impl.RaftServerImpl (ServerState.java:setRaftConf(361)) - 55b76b8d-3392-4447-b425-b98458f81a7a:group-2304CCB8EFB1 set configuration 0: [55b76b8d-3392-4447-b425-b98458f81a7a:192.168.157.241:43632, c3101496-7c99-4cc1-b913-97d14de9566b:192.168.157.241:35901, 9a580097-443f-4f25-891a-f226d3110303:192.168.157.241:45367], old=null at 0
2019-07-16 14:29:23,592 INFO  segmented.SegmentedRaftLogWorker (SegmentedRaftLogWorker.java:startLogSegment(380)) - 55b76b8d-3392-4447-b425-b98458f81a7a-SegmentedRaftLogWorker:Storage Directory /workdir/hadoop-ozone/integration-test/target/test-dir/MiniOzoneClusterImpl-ff24742d-400d-47a8-98a3-3540329a4678/datanode-3/data/ratis/9d4d932e-d30b-494b-96d4-2304ccb8efb1: Starting segment from index:0
2019-07-16 14:29:23,622 INFO  segmented.SegmentedRaftLogWorker (SegmentedRaftLogWorker.java:execute(569)) - 9a580097-443f-4f25-891a-f226d3110303-SegmentedRaftLogWorker:Storage Directory /workdir/hadoop-ozone/integration-test/target/test-dir/MiniOzoneClusterImpl-ff24742d-400d-47a8-98a3-3540329a4678/datanode-4/data/ratis/9d4d932e-d30b-494b-96d4-2304ccb8efb1: created new log segment /workdir/hadoop-ozone/integration-test/target/test-dir/MiniOzoneClusterImpl-ff24742d-400d-47a8-98a3-3540329a4678/datanode-4/data/ratis/9d4d932e-d30b-494b-96d4-2304ccb8efb1/current/log_inprogress_0
2019-07-16 14:29:23,622 INFO  segmented.SegmentedRaftLogWorker (SegmentedRaftLogWorker.java:execute(569)) - 55b76b8d-3392-4447-b425-b98458f81a7a-SegmentedRaftLogWorker:Storage Directory /workdir/hadoop-ozone/integration-test/target/test-dir/MiniOzoneClusterImpl-ff24742d-400d-47a8-98a3-3540329a4678/datanode-3/data/ratis/9d4d932e-d30b-494b-96d4-2304ccb8efb1: created new log segment /workdir/hadoop-ozone/integration-test/target/test-dir/MiniOzoneClusterImpl-ff24742d-400d-47a8-98a3-3540329a4678/datanode-3/data/ratis/9d4d932e-d30b-494b-96d4-2304ccb8efb1/current/log_inprogress_0
2019-07-16 14:29:23,670 INFO  client.GrpcClientProtocolClient (GrpcClientProtocolClient.java:onNext(255)) - client-89AA21E9FA94->9a580097-443f-4f25-891a-f226d3110303: receive RaftClientReply:client-89AA21E9FA94->9a580097-443f-4f25-891a-f226d3110303@group-2304CCB8EFB1, cid=213, FAILED org.apache.ratis.protocol.NotLeaderException: Server 9a580097-443f-4f25-891a-f226d3110303 is not the leader (c3101496-7c99-4cc1-b913-97d14de9566b:192.168.157.241:35901). Request must be sent to leader., logIndex=0, commits[9a580097-443f-4f25-891a-f226d3110303:c-1, 55b76b8d-3392-4447-b425-b98458f81a7a:c-1, c3101496-7c99-4cc1-b913-97d14de9566b:c-1]
2019-07-16 14:29:23,691 INFO  impl.FollowerState (FollowerState.java:run(106)) - 60bce219-76bd-4774-bfc9-757c068c3404:group-EC971CF7066B changes to CANDIDATE, lastRpcTime:5127, electionTimeout:5126ms
2019-07-16 14:29:23,694 INFO  impl.RoleInfo (RoleInfo.java:shutdownFollowerState(121)) - 60bce219-76bd-4774-bfc9-757c068c3404: shutdown FollowerState
2019-07-16 14:29:23,694 INFO  impl.RaftServerImpl (RaftServerImpl.java:setRole(171)) - 60bce219-76bd-4774-bfc9-757c068c3404:group-EC971CF7066B changes role from FOLLOWER to CANDIDATE at term 0 for changeToCandidate
2019-07-16 14:29:23,694 INFO  impl.RoleInfo (RoleInfo.java:updateAndGet(143)) - 60bce219-76bd-4774-bfc9-757c068c3404: start LeaderElection
2019-07-16 14:29:23,713 INFO  impl.LeaderElection (LeaderElection.java:askForVotes(181)) - 60bce219-76bd-4774-bfc9-757c068c3404:group-EC971CF7066B:LeaderElection86: begin an election at term 1 for -1: [60bce219-76bd-4774-bfc9-757c068c3404:192.168.157.241:33143], old=null
2019-07-16 14:29:23,713 INFO  impl.RoleInfo (RoleInfo.java:shutdownLeaderElection(134)) - 60bce219-76bd-4774-bfc9-757c068c3404: shutdown LeaderElection
2019-07-16 14:29:23,713 INFO  impl.RaftServerImpl (RaftServerImpl.java:setRole(171)) - 60bce219-76bd-4774-bfc9-757c068c3404:group-EC971CF7066B changes role from CANDIDATE to LEADER at term 1 for changeToLeader
2019-07-16 14:29:23,713 INFO  impl.RaftServerImpl (ServerState.java:setLeader(263)) - 60bce219-76bd-4774-bfc9-757c068c3404:group-EC971CF7066B change Leader from null to 60bce219-76bd-4774-bfc9-757c068c3404 at term 1 for becomeLeader, leader elected after 5153ms
2019-07-16 14:29:23,716 INFO  server.RaftServerConfigKeys (ConfUtils.java:logGet(43)) - raft.server.staging.catchup.gap = 1000 (default)
2019-07-16 14:29:23,716 INFO  server.RaftServerConfigKeys (ConfUtils.java:logGet(43)) - raft.server.rpc.sleep.time = 25ms (default)
2019-07-16 14:29:23,716 INFO  server.RaftServerConfigKeys (ConfUtils.java:logGet(43)) - raft.server.write.element-limit = 4096 (default)
2019-07-16 14:29:23,716 INFO  server.RaftServerConfigKeys (ConfUtils.java:logGet(43)) - raft.server.watch.timeout = 10s (default)
2019-07-16 14:29:23,716 INFO  server.RaftServerConfigKeys (ConfUtils.java:logGet(43)) - raft.server.watch.timeout.denomination = 1s (default)
2019-07-16 14:29:23,716 INFO  server.RaftServerConfigKeys (ConfUtils.java:logGet(43)) - raft.server.watch.element-limit = 65536 (default)
2019-07-16 14:29:23,717 INFO  impl.RoleInfo (RoleInfo.java:updateAndGet(143)) - 60bce219-76bd-4774-bfc9-757c068c3404: start LeaderState
2019-07-16 14:29:23,717 INFO  segmented.SegmentedRaftLogWorker (SegmentedRaftLogWorker.java:startLogSegment(380)) - 60bce219-76bd-4774-bfc9-757c068c3404-SegmentedRaftLogWorker:Storage Directory /workdir/hadoop-ozone/integration-test/target/test-dir/MiniOzoneClusterImpl-ff24742d-400d-47a8-98a3-3540329a4678/datanode-6/data/ratis/955fa943-4d67-4f57-9557-ec971cf7066b: Starting segment from index:0
2019-07-16 14:29:23,718 INFO  impl.RaftServerImpl (ServerState.java:setRaftConf(361)) - 60bce219-76bd-4774-bfc9-757c068c3404:group-EC971CF7066B set configuration 0: [60bce219-76bd-4774-bfc9-757c068c3404:192.168.157.241:33143], old=null at 0
2019-07-16 14:29:23,749 INFO  segmented.SegmentedRaftLogWorker (SegmentedRaftLogWorker.java:execute(569)) - 60bce219-76bd-4774-bfc9-757c068c3404-SegmentedRaftLogWorker:Storage Directory /workdir/hadoop-ozone/integration-test/target/test-dir/MiniOzoneClusterImpl-ff24742d-400d-47a8-98a3-3540329a4678/datanode-6/data/ratis/955fa943-4d67-4f57-9557-ec971cf7066b: created new log segment /workdir/hadoop-ozone/integration-test/target/test-dir/MiniOzoneClusterImpl-ff24742d-400d-47a8-98a3-3540329a4678/datanode-6/data/ratis/955fa943-4d67-4f57-9557-ec971cf7066b/current/log_inprogress_0
2019-07-16 14:29:23,831 INFO  client.GrpcClientProtocolClient (GrpcClientProtocolClient.java:onNext(255)) - client-89AA21E9FA94->c3101496-7c99-4cc1-b913-97d14de9566b: receive RaftClientReply:client-89AA21E9FA94->c3101496-7c99-4cc1-b913-97d14de9566b@group-2304CCB8EFB1, cid=213, SUCCESS, logIndex=1, commits[c3101496-7c99-4cc1-b913-97d14de9566b:c1, 55b76b8d-3392-4447-b425-b98458f81a7a:c0, 9a580097-443f-4f25-891a-f226d3110303:c0]
2019-07-16 14:29:23,855 INFO  client.GrpcClientProtocolClient (GrpcClientProtocolClient.java:onNext(255)) - client-89AA21E9FA94->c3101496-7c99-4cc1-b913-97d14de9566b: receive RaftClientReply:client-89AA21E9FA94->c3101496-7c99-4cc1-b913-97d14de9566b@group-2304CCB8EFB1, cid=214, SUCCESS, logIndex=3, commits[c3101496-7c99-4cc1-b913-97d14de9566b:c4, 55b76b8d-3392-4447-b425-b98458f81a7a:c1, 9a580097-443f-4f25-891a-f226d3110303:c1]
2019-07-16 14:29:23,879 INFO  client.GrpcClientProtocolClient (GrpcClientProtocolClient.java:onNext(255)) - client-89AA21E9FA94->c3101496-7c99-4cc1-b913-97d14de9566b: receive RaftClientReply:client-89AA21E9FA94->c3101496-7c99-4cc1-b913-97d14de9566b@group-2304CCB8EFB1, cid=215, SUCCESS, logIndex=4, commits[c3101496-7c99-4cc1-b913-97d14de9566b:c6, 55b76b8d-3392-4447-b425-b98458f81a7a:c4, 9a580097-443f-4f25-891a-f226d3110303:c4]
2019-07-16 14:29:23,880 INFO  container.CloseContainerEventHandler (CloseContainerEventHandler.java:onMessage(61)) - Close container Event triggered for container : #1
2019-07-16 14:29:23,881 INFO  container.CloseContainerEventHandler (CloseContainerEventHandler.java:onMessage(61)) - Close container Event triggered for container : #1
2019-07-16 14:29:23,881 INFO  container.CloseContainerEventHandler (CloseContainerEventHandler.java:onMessage(61)) - Close container Event triggered for container : #1
14:29:25.383 [grpc-default-executor-8] ERROR DNAudit - user=null | ip=null | op=WRITE_CHUNK {blockData=conID: 1 locID: 102451600397369360 bcsId: 4} | ret=FAILURE
org.apache.hadoop.hdds.scm.container.common.helpers.ContainerNotOpenException: Container 1 in CLOSED state
	at org.apache.hadoop.ozone.container.common.impl.HddsDispatcher.validateContainerCommand(HddsDispatcher.java:408) ~[hadoop-hdds-container-service-0.5.0-SNAPSHOT.jar:?]
	at org.apache.hadoop.ozone.container.common.transport.server.ratis.ContainerStateMachine.startTransaction(ContainerStateMachine.java:272) ~[hadoop-hdds-container-service-0.5.0-SNAPSHOT.jar:?]
	at org.apache.ratis.server.impl.RaftServerImpl.submitClientRequestAsync(RaftServerImpl.java:566) ~[ratis-server-0.4.0-2337318-SNAPSHOT.jar:0.4.0-2337318-SNAPSHOT]
	at org.apache.ratis.server.impl.RaftServerProxy.lambda$submitClientRequestAsync$7(RaftServerProxy.java:333) ~[ratis-server-0.4.0-2337318-SNAPSHOT.jar:0.4.0-2337318-SNAPSHOT]
	at org.apache.ratis.server.impl.RaftServerProxy.lambda$null$5(RaftServerProxy.java:328) ~[ratis-server-0.4.0-2337318-SNAPSHOT.jar:0.4.0-2337318-SNAPSHOT]
	at org.apache.ratis.util.JavaUtils.callAsUnchecked(JavaUtils.java:109) ~[ratis-common-0.4.0-2337318-SNAPSHOT.jar:0.4.0-2337318-SNAPSHOT]
	at org.apache.ratis.server.impl.RaftServerProxy.lambda$submitRequest$6(RaftServerProxy.java:328) ~[ratis-server-0.4.0-2337318-SNAPSHOT.jar:0.4.0-2337318-SNAPSHOT]
	at java.util.concurrent.CompletableFuture.uniComposeStage(CompletableFuture.java:981) ~[?:1.8.0_212]
	at java.util.concurrent.CompletableFuture.thenCompose(CompletableFuture.java:2124) ~[?:1.8.0_212]
	at org.apache.ratis.server.impl.RaftServerProxy.submitRequest(RaftServerProxy.java:327) ~[ratis-server-0.4.0-2337318-SNAPSHOT.jar:0.4.0-2337318-SNAPSHOT]
	at org.apache.ratis.server.impl.RaftServerProxy.submitClientRequestAsync(RaftServerProxy.java:333) ~[ratis-server-0.4.0-2337318-SNAPSHOT.jar:0.4.0-2337318-SNAPSHOT]
	at org.apache.ratis.grpc.client.GrpcClientProtocolService$RequestStreamObserver.processClientRequest(GrpcClientProtocolService.java:220) ~[ratis-grpc-0.4.0-2337318-SNAPSHOT.jar:0.4.0-2337318-SNAPSHOT]
	at org.apache.ratis.grpc.client.GrpcClientProtocolService$OrderedRequestStreamObserver.processClientRequest(GrpcClientProtocolService.java:326) ~[ratis-grpc-0.4.0-2337318-SNAPSHOT.jar:0.4.0-2337318-SNAPSHOT]
	at org.apache.ratis.util.SlidingWindow$Server.processRequestsFromHead(SlidingWindow.java:429) [ratis-common-0.4.0-2337318-SNAPSHOT.jar:0.4.0-2337318-SNAPSHOT]
	at org.apache.ratis.util.SlidingWindow$Server.receivedRequest(SlidingWindow.java:421) [ratis-common-0.4.0-2337318-SNAPSHOT.jar:0.4.0-2337318-SNAPSHOT]
	at org.apache.ratis.grpc.client.GrpcClientProtocolService$OrderedRequestStreamObserver.processClientRequest(GrpcClientProtocolService.java:345) [ratis-grpc-0.4.0-2337318-SNAPSHOT.jar:0.4.0-2337318-SNAPSHOT]
	at org.apache.ratis.grpc.client.GrpcClientProtocolService$RequestStreamObserver.onNext(GrpcClientProtocolService.java:240) [ratis-grpc-0.4.0-2337318-SNAPSHOT.jar:0.4.0-2337318-SNAPSHOT]
	at org.apache.ratis.grpc.client.GrpcClientProtocolService$RequestStreamObserver.onNext(GrpcClientProtocolService.java:168) [ratis-grpc-0.4.0-2337318-SNAPSHOT.jar:0.4.0-2337318-SNAPSHOT]
	at org.apache.ratis.thirdparty.io.grpc.stub.ServerCalls$StreamingServerCallHandler$StreamingServerCallListener.onMessage(ServerCalls.java:248) [ratis-thirdparty-misc-0.2.0.jar:0.2.0]
	at org.apache.ratis.thirdparty.io.grpc.internal.ServerCallImpl$ServerStreamListenerImpl.messagesAvailable(ServerCallImpl.java:263) [ratis-thirdparty-misc-0.2.0.jar:0.2.0]
	at org.apache.ratis.thirdparty.io.grpc.internal.ServerImpl$JumpToApplicationThreadServerStreamListener$1MessagesAvailable.runInContext(ServerImpl.java:686) [ratis-thirdparty-misc-0.2.0.jar:0.2.0]
	at org.apache.ratis.thirdparty.io.grpc.internal.ContextRunnable.run(ContextRunnable.java:37) [ratis-thirdparty-misc-0.2.0.jar:0.2.0]
	at org.apache.ratis.thirdparty.io.grpc.internal.SerializingExecutor.run(SerializingExecutor.java:123) [ratis-thirdparty-misc-0.2.0.jar:0.2.0]
	at java.util.concurrent.ThreadPoolExecutor.runWorker(ThreadPoolExecutor.java:1149) [?:1.8.0_212]
	at java.util.concurrent.ThreadPoolExecutor$Worker.run(ThreadPoolExecutor.java:624) [?:1.8.0_212]
	at java.lang.Thread.run(Thread.java:748) [?:1.8.0_212]
2019-07-16 14:29:25,389 INFO  interfaces.Container (KeyValueContainer.java:compactDB(356)) - Container 1 is closed with bcsId 4.
2019-07-16 14:29:25,392 INFO  interfaces.Container (KeyValueContainer.java:compactDB(356)) - Container 1 is closed with bcsId 4.
14:29:25.394 [grpc-default-executor-8] ERROR DNAudit - user=null | ip=null | op=WRITE_CHUNK {blockData=conID: 1 locID: 102451600397369360 bcsId: 4} | ret=FAILURE
org.apache.hadoop.hdds.scm.container.common.helpers.ContainerNotOpenException: Container 1 in CLOSED state
	at org.apache.hadoop.ozone.container.common.impl.HddsDispatcher.validateContainerCommand(HddsDispatcher.java:408) ~[hadoop-hdds-container-service-0.5.0-SNAPSHOT.jar:?]
	at org.apache.hadoop.ozone.container.common.transport.server.ratis.ContainerStateMachine.startTransaction(ContainerStateMachine.java:272) ~[hadoop-hdds-container-service-0.5.0-SNAPSHOT.jar:?]
	at org.apache.ratis.server.impl.RaftServerImpl.submitClientRequestAsync(RaftServerImpl.java:566) ~[ratis-server-0.4.0-2337318-SNAPSHOT.jar:0.4.0-2337318-SNAPSHOT]
	at org.apache.ratis.server.impl.RaftServerProxy.lambda$submitClientRequestAsync$7(RaftServerProxy.java:333) ~[ratis-server-0.4.0-2337318-SNAPSHOT.jar:0.4.0-2337318-SNAPSHOT]
	at org.apache.ratis.server.impl.RaftServerProxy.lambda$null$5(RaftServerProxy.java:328) ~[ratis-server-0.4.0-2337318-SNAPSHOT.jar:0.4.0-2337318-SNAPSHOT]
	at org.apache.ratis.util.JavaUtils.callAsUnchecked(JavaUtils.java:109) ~[ratis-common-0.4.0-2337318-SNAPSHOT.jar:0.4.0-2337318-SNAPSHOT]
	at org.apache.ratis.server.impl.RaftServerProxy.lambda$submitRequest$6(RaftServerProxy.java:328) ~[ratis-server-0.4.0-2337318-SNAPSHOT.jar:0.4.0-2337318-SNAPSHOT]
	at java.util.concurrent.CompletableFuture.uniComposeStage(CompletableFuture.java:981) ~[?:1.8.0_212]
	at java.util.concurrent.CompletableFuture.thenCompose(CompletableFuture.java:2124) ~[?:1.8.0_212]
	at org.apache.ratis.server.impl.RaftServerProxy.submitRequest(RaftServerProxy.java:327) ~[ratis-server-0.4.0-2337318-SNAPSHOT.jar:0.4.0-2337318-SNAPSHOT]
	at org.apache.ratis.server.impl.RaftServerProxy.submitClientRequestAsync(RaftServerProxy.java:333) ~[ratis-server-0.4.0-2337318-SNAPSHOT.jar:0.4.0-2337318-SNAPSHOT]
	at org.apache.ratis.grpc.client.GrpcClientProtocolService$RequestStreamObserver.processClientRequest(GrpcClientProtocolService.java:220) ~[ratis-grpc-0.4.0-2337318-SNAPSHOT.jar:0.4.0-2337318-SNAPSHOT]
	at org.apache.ratis.grpc.client.GrpcClientProtocolService$OrderedRequestStreamObserver.processClientRequest(GrpcClientProtocolService.java:326) ~[ratis-grpc-0.4.0-2337318-SNAPSHOT.jar:0.4.0-2337318-SNAPSHOT]
	at org.apache.ratis.util.SlidingWindow$Server.processRequestsFromHead(SlidingWindow.java:429) [ratis-common-0.4.0-2337318-SNAPSHOT.jar:0.4.0-2337318-SNAPSHOT]
	at org.apache.ratis.util.SlidingWindow$Server.receivedRequest(SlidingWindow.java:421) [ratis-common-0.4.0-2337318-SNAPSHOT.jar:0.4.0-2337318-SNAPSHOT]
	at org.apache.ratis.grpc.client.GrpcClientProtocolService$OrderedRequestStreamObserver.processClientRequest(GrpcClientProtocolService.java:345) [ratis-grpc-0.4.0-2337318-SNAPSHOT.jar:0.4.0-2337318-SNAPSHOT]
	at org.apache.ratis.grpc.client.GrpcClientProtocolService$RequestStreamObserver.onNext(GrpcClientProtocolService.java:240) [ratis-grpc-0.4.0-2337318-SNAPSHOT.jar:0.4.0-2337318-SNAPSHOT]
	at org.apache.ratis.grpc.client.GrpcClientProtocolService$RequestStreamObserver.onNext(GrpcClientProtocolService.java:168) [ratis-grpc-0.4.0-2337318-SNAPSHOT.jar:0.4.0-2337318-SNAPSHOT]
	at org.apache.ratis.thirdparty.io.grpc.stub.ServerCalls$StreamingServerCallHandler$StreamingServerCallListener.onMessage(ServerCalls.java:248) [ratis-thirdparty-misc-0.2.0.jar:0.2.0]
	at org.apache.ratis.thirdparty.io.grpc.internal.ServerCallImpl$ServerStreamListenerImpl.messagesAvailable(ServerCallImpl.java:263) [ratis-thirdparty-misc-0.2.0.jar:0.2.0]
	at org.apache.ratis.thirdparty.io.grpc.internal.ServerImpl$JumpToApplicationThreadServerStreamListener$1MessagesAvailable.runInContext(ServerImpl.java:686) [ratis-thirdparty-misc-0.2.0.jar:0.2.0]
	at org.apache.ratis.thirdparty.io.grpc.internal.ContextRunnable.run(ContextRunnable.java:37) [ratis-thirdparty-misc-0.2.0.jar:0.2.0]
	at org.apache.ratis.thirdparty.io.grpc.internal.SerializingExecutor.run(SerializingExecutor.java:123) [ratis-thirdparty-misc-0.2.0.jar:0.2.0]
	at java.util.concurrent.ThreadPoolExecutor.runWorker(ThreadPoolExecutor.java:1149) [?:1.8.0_212]
	at java.util.concurrent.ThreadPoolExecutor$Worker.run(ThreadPoolExecutor.java:624) [?:1.8.0_212]
	at java.lang.Thread.run(Thread.java:748) [?:1.8.0_212]
2019-07-16 14:29:25,400 INFO  client.GrpcClientProtocolClient (GrpcClientProtocolClient.java:onNext(255)) - client-89AA21E9FA94->c3101496-7c99-4cc1-b913-97d14de9566b: receive RaftClientReply:client-89AA21E9FA94->c3101496-7c99-4cc1-b913-97d14de9566b@group-2304CCB8EFB1, cid=216, FAILED org.apache.ratis.protocol.StateMachineException: org.apache.hadoop.hdds.scm.container.common.helpers.ContainerNotOpenException from Server c3101496-7c99-4cc1-b913-97d14de9566b: Container 1 in CLOSED state, logIndex=0, commits[c3101496-7c99-4cc1-b913-97d14de9566b:c8, 55b76b8d-3392-4447-b425-b98458f81a7a:c7, 9a580097-443f-4f25-891a-f226d3110303:c7]
14:29:25.401 [grpc-default-executor-8] ERROR DNAudit - user=null | ip=null | op=PUT_BLOCK {blockData=[blockId=conID: 1 locID: 102451600397369360 bcsId: 0,size=334]} | ret=FAILURE
org.apache.hadoop.hdds.scm.container.common.helpers.ContainerNotOpenException: Container 1 in CLOSED state
	at org.apache.hadoop.ozone.container.common.impl.HddsDispatcher.validateContainerCommand(HddsDispatcher.java:408) ~[hadoop-hdds-container-service-0.5.0-SNAPSHOT.jar:?]
	at org.apache.hadoop.ozone.container.common.transport.server.ratis.ContainerStateMachine.startTransaction(ContainerStateMachine.java:272) ~[hadoop-hdds-container-service-0.5.0-SNAPSHOT.jar:?]
	at org.apache.ratis.server.impl.RaftServerImpl.submitClientRequestAsync(RaftServerImpl.java:566) ~[ratis-server-0.4.0-2337318-SNAPSHOT.jar:0.4.0-2337318-SNAPSHOT]
	at org.apache.ratis.server.impl.RaftServerProxy.lambda$submitClientRequestAsync$7(RaftServerProxy.java:333) ~[ratis-server-0.4.0-2337318-SNAPSHOT.jar:0.4.0-2337318-SNAPSHOT]
	at org.apache.ratis.server.impl.RaftServerProxy.lambda$null$5(RaftServerProxy.java:328) ~[ratis-server-0.4.0-2337318-SNAPSHOT.jar:0.4.0-2337318-SNAPSHOT]
	at org.apache.ratis.util.JavaUtils.callAsUnchecked(JavaUtils.java:109) ~[ratis-common-0.4.0-2337318-SNAPSHOT.jar:0.4.0-2337318-SNAPSHOT]
	at org.apache.ratis.server.impl.RaftServerProxy.lambda$submitRequest$6(RaftServerProxy.java:328) ~[ratis-server-0.4.0-2337318-SNAPSHOT.jar:0.4.0-2337318-SNAPSHOT]
	at java.util.concurrent.CompletableFuture.uniComposeStage(CompletableFuture.java:981) ~[?:1.8.0_212]
	at java.util.concurrent.CompletableFuture.thenCompose(CompletableFuture.java:2124) ~[?:1.8.0_212]
	at org.apache.ratis.server.impl.RaftServerProxy.submitRequest(RaftServerProxy.java:327) ~[ratis-server-0.4.0-2337318-SNAPSHOT.jar:0.4.0-2337318-SNAPSHOT]
	at org.apache.ratis.server.impl.RaftServerProxy.submitClientRequestAsync(RaftServerProxy.java:333) ~[ratis-server-0.4.0-2337318-SNAPSHOT.jar:0.4.0-2337318-SNAPSHOT]
	at org.apache.ratis.grpc.client.GrpcClientProtocolService$RequestStreamObserver.processClientRequest(GrpcClientProtocolService.java:220) ~[ratis-grpc-0.4.0-2337318-SNAPSHOT.jar:0.4.0-2337318-SNAPSHOT]
	at org.apache.ratis.grpc.client.GrpcClientProtocolService$OrderedRequestStreamObserver.processClientRequest(GrpcClientProtocolService.java:326) ~[ratis-grpc-0.4.0-2337318-SNAPSHOT.jar:0.4.0-2337318-SNAPSHOT]
	at org.apache.ratis.util.SlidingWindow$Server.processRequestsFromHead(SlidingWindow.java:429) [ratis-common-0.4.0-2337318-SNAPSHOT.jar:0.4.0-2337318-SNAPSHOT]
	at org.apache.ratis.util.SlidingWindow$Server.receivedRequest(SlidingWindow.java:421) [ratis-common-0.4.0-2337318-SNAPSHOT.jar:0.4.0-2337318-SNAPSHOT]
	at org.apache.ratis.grpc.client.GrpcClientProtocolService$OrderedRequestStreamObserver.processClientRequest(GrpcClientProtocolService.java:345) [ratis-grpc-0.4.0-2337318-SNAPSHOT.jar:0.4.0-2337318-SNAPSHOT]
	at org.apache.ratis.grpc.client.GrpcClientProtocolService$RequestStreamObserver.onNext(GrpcClientProtocolService.java:240) [ratis-grpc-0.4.0-2337318-SNAPSHOT.jar:0.4.0-2337318-SNAPSHOT]
	at org.apache.ratis.grpc.client.GrpcClientProtocolService$RequestStreamObserver.onNext(GrpcClientProtocolService.java:168) [ratis-grpc-0.4.0-2337318-SNAPSHOT.jar:0.4.0-2337318-SNAPSHOT]
	at org.apache.ratis.thirdparty.io.grpc.stub.ServerCalls$StreamingServerCallHandler$StreamingServerCallListener.onMessage(ServerCalls.java:248) [ratis-thirdparty-misc-0.2.0.jar:0.2.0]
	at org.apache.ratis.thirdparty.io.grpc.internal.ServerCallImpl$ServerStreamListenerImpl.messagesAvailable(ServerCallImpl.java:263) [ratis-thirdparty-misc-0.2.0.jar:0.2.0]
	at org.apache.ratis.thirdparty.io.grpc.internal.ServerImpl$JumpToApplicationThreadServerStreamListener$1MessagesAvailable.runInContext(ServerImpl.java:686) [ratis-thirdparty-misc-0.2.0.jar:0.2.0]
	at org.apache.ratis.thirdparty.io.grpc.internal.ContextRunnable.run(ContextRunnable.java:37) [ratis-thirdparty-misc-0.2.0.jar:0.2.0]
	at org.apache.ratis.thirdparty.io.grpc.internal.SerializingExecutor.run(SerializingExecutor.java:123) [ratis-thirdparty-misc-0.2.0.jar:0.2.0]
	at java.util.concurrent.ThreadPoolExecutor.runWorker(ThreadPoolExecutor.java:1149) [?:1.8.0_212]
	at java.util.concurrent.ThreadPoolExecutor$Worker.run(ThreadPoolExecutor.java:624) [?:1.8.0_212]
	at java.lang.Thread.run(Thread.java:748) [?:1.8.0_212]
2019-07-16 14:29:25,402 INFO  client.GrpcClientProtocolClient (GrpcClientProtocolClient.java:onNext(255)) - client-89AA21E9FA94->c3101496-7c99-4cc1-b913-97d14de9566b: receive RaftClientReply:client-89AA21E9FA94->c3101496-7c99-4cc1-b913-97d14de9566b@group-2304CCB8EFB1, cid=217, FAILED org.apache.ratis.protocol.StateMachineException: org.apache.hadoop.hdds.scm.container.common.helpers.ContainerNotOpenException from Server c3101496-7c99-4cc1-b913-97d14de9566b: Container 1 in CLOSED state, logIndex=0, commits[c3101496-7c99-4cc1-b913-97d14de9566b:c8, 55b76b8d-3392-4447-b425-b98458f81a7a:c7, 9a580097-443f-4f25-891a-f226d3110303:c7]
2019-07-16 14:29:25,406 INFO  interfaces.Container (KeyValueContainer.java:compactDB(356)) - Container 1 is closed with bcsId 4.
2019-07-16 14:29:25,408 INFO  client.GrpcClientProtocolClient (GrpcClientProtocolClient.java:onNext(255)) - client-89AA21E9FA94->c3101496-7c99-4cc1-b913-97d14de9566b: receive RaftClientReply:client-89AA21E9FA94->c3101496-7c99-4cc1-b913-97d14de9566b@group-2304CCB8EFB1, cid=218, FAILED org.apache.ratis.protocol.StateMachineException: org.apache.hadoop.hdds.scm.container.common.helpers.ContainerNotOpenException from Server c3101496-7c99-4cc1-b913-97d14de9566b: Container 1 in CLOSED state, logIndex=0, commits[c3101496-7c99-4cc1-b913-97d14de9566b:c8, 55b76b8d-3392-4447-b425-b98458f81a7a:c7, 9a580097-443f-4f25-891a-f226d3110303:c7]
2019-07-16 14:29:25,436 INFO  client.GrpcClientProtocolClient (GrpcClientProtocolClient.java:onNext(255)) - client-1E70901BA293->1470e55f-babc-4f44-af17-4248e7568a18: receive RaftClientReply:client-1E70901BA293->1470e55f-babc-4f44-af17-4248e7568a18@group-5654FC17A6D3, cid=219, FAILED org.apache.ratis.protocol.NotLeaderException: Server 1470e55f-babc-4f44-af17-4248e7568a18 is not the leader (null). Request must be sent to leader., logIndex=0, commits[1470e55f-babc-4f44-af17-4248e7568a18:c-1]
2019-07-16 14:29:26,452 INFO  client.GrpcClientProtocolClient (GrpcClientProtocolClient.java:onNext(255)) - client-1E70901BA293->6546edd3-b204-4045-847b-d59968eb8222: receive RaftClientReply:client-1E70901BA293->6546edd3-b204-4045-847b-d59968eb8222@group-5654FC17A6D3, cid=219, FAILED org.apache.ratis.protocol.NotLeaderException: Server 6546edd3-b204-4045-847b-d59968eb8222 is not the leader (null). Request must be sent to leader., logIndex=0, commits[6546edd3-b204-4045-847b-d59968eb8222:c-1]
2019-07-16 14:29:27,462 INFO  client.GrpcClientProtocolClient (GrpcClientProtocolClient.java:onNext(255)) - client-1E70901BA293->1470e55f-babc-4f44-af17-4248e7568a18: receive RaftClientReply:client-1E70901BA293->1470e55f-babc-4f44-af17-4248e7568a18@group-5654FC17A6D3, cid=219, FAILED org.apache.ratis.protocol.NotLeaderException: Server 1470e55f-babc-4f44-af17-4248e7568a18 is not the leader (null). Request must be sent to leader., logIndex=0, commits[1470e55f-babc-4f44-af17-4248e7568a18:c-1]
2019-07-16 14:29:28,003 INFO  impl.FollowerState (FollowerState.java:run(106)) - 6546edd3-b204-4045-847b-d59968eb8222:group-5654FC17A6D3 changes to CANDIDATE, lastRpcTime:5075, electionTimeout:5070ms
2019-07-16 14:29:28,004 INFO  impl.RoleInfo (RoleInfo.java:shutdownFollowerState(121)) - 6546edd3-b204-4045-847b-d59968eb8222: shutdown FollowerState
2019-07-16 14:29:28,004 INFO  impl.RaftServerImpl (RaftServerImpl.java:setRole(171)) - 6546edd3-b204-4045-847b-d59968eb8222:group-5654FC17A6D3 changes role from FOLLOWER to CANDIDATE at term 1 for changeToCandidate
2019-07-16 14:29:28,004 INFO  impl.RoleInfo (RoleInfo.java:updateAndGet(143)) - 6546edd3-b204-4045-847b-d59968eb8222: start LeaderElection
2019-07-16 14:29:28,022 INFO  impl.LeaderElection (LeaderElection.java:askForVotes(181)) - 6546edd3-b204-4045-847b-d59968eb8222:group-5654FC17A6D3:LeaderElection87: begin an election at term 2 for -1: [6546edd3-b204-4045-847b-d59968eb8222:192.168.157.241:38470, f9c97e87-0e0b-4659-ab0c-e2c38ee83f64:192.168.157.241:35303, 1470e55f-babc-4f44-af17-4248e7568a18:192.168.157.241:41404], old=null
2019-07-16 14:29:28,024 INFO  impl.RaftServerImpl (RaftServerImpl.java:setRole(171)) - 1470e55f-babc-4f44-af17-4248e7568a18:group-5654FC17A6D3 changes role from FOLLOWER to FOLLOWER at term 2 for recognizeCandidate:6546edd3-b204-4045-847b-d59968eb8222
2019-07-16 14:29:28,024 INFO  impl.RoleInfo (RoleInfo.java:shutdownFollowerState(121)) - 1470e55f-babc-4f44-af17-4248e7568a18: shutdown FollowerState
2019-07-16 14:29:28,024 INFO  impl.RaftServerImpl (RaftServerImpl.java:setRole(171)) - f9c97e87-0e0b-4659-ab0c-e2c38ee83f64:group-5654FC17A6D3 changes role from FOLLOWER to FOLLOWER at term 2 for recognizeCandidate:6546edd3-b204-4045-847b-d59968eb8222
2019-07-16 14:29:28,025 INFO  impl.FollowerState (FollowerState.java:run(114)) - 1470e55f-babc-4f44-af17-4248e7568a18: FollowerState was interrupted: java.lang.InterruptedException: sleep interrupted
2019-07-16 14:29:28,024 INFO  impl.RoleInfo (RoleInfo.java:updateAndGet(143)) - 1470e55f-babc-4f44-af17-4248e7568a18: start FollowerState
2019-07-16 14:29:28,025 INFO  impl.RoleInfo (RoleInfo.java:shutdownFollowerState(121)) - f9c97e87-0e0b-4659-ab0c-e2c38ee83f64: shutdown FollowerState
2019-07-16 14:29:28,028 INFO  impl.RoleInfo (RoleInfo.java:updateAndGet(143)) - f9c97e87-0e0b-4659-ab0c-e2c38ee83f64: start FollowerState
2019-07-16 14:29:28,028 INFO  impl.FollowerState (FollowerState.java:run(114)) - f9c97e87-0e0b-4659-ab0c-e2c38ee83f64: FollowerState was interrupted: java.lang.InterruptedException: sleep interrupted
2019-07-16 14:29:28,045 INFO  impl.LeaderElection (LeaderElection.java:logAndReturn(56)) - 6546edd3-b204-4045-847b-d59968eb8222:group-5654FC17A6D3:LeaderElection87: Election PASSED; received 1 response(s) [6546edd3-b204-4045-847b-d59968eb8222<-f9c97e87-0e0b-4659-ab0c-e2c38ee83f64#0:OK-t2] and 0 exception(s); 6546edd3-b204-4045-847b-d59968eb8222:t2, leader=null, voted=6546edd3-b204-4045-847b-d59968eb8222, raftlog=6546edd3-b204-4045-847b-d59968eb8222-SegmentedRaftLog:OPENED:c-1,f-1,i0, conf=-1: [6546edd3-b204-4045-847b-d59968eb8222:192.168.157.241:38470, f9c97e87-0e0b-4659-ab0c-e2c38ee83f64:192.168.157.241:35303, 1470e55f-babc-4f44-af17-4248e7568a18:192.168.157.241:41404], old=null
2019-07-16 14:29:28,045 INFO  impl.RoleInfo (RoleInfo.java:shutdownLeaderElection(134)) - 6546edd3-b204-4045-847b-d59968eb8222: shutdown LeaderElection
2019-07-16 14:29:28,047 INFO  impl.RaftServerImpl (RaftServerImpl.java:setRole(171)) - 6546edd3-b204-4045-847b-d59968eb8222:group-5654FC17A6D3 changes role from CANDIDATE to LEADER at term 2 for changeToLeader
2019-07-16 14:29:28,047 INFO  impl.RaftServerImpl (ServerState.java:setLeader(263)) - 6546edd3-b204-4045-847b-d59968eb8222:group-5654FC17A6D3 change Leader from null to 6546edd3-b204-4045-847b-d59968eb8222 at term 2 for becomeLeader, leader elected after 10311ms
2019-07-16 14:29:28,048 INFO  server.RaftServerConfigKeys (ConfUtils.java:logGet(43)) - raft.server.staging.catchup.gap = 1000 (default)
2019-07-16 14:29:28,048 INFO  server.RaftServerConfigKeys (ConfUtils.java:logGet(43)) - raft.server.rpc.sleep.time = 25ms (default)
2019-07-16 14:29:28,048 INFO  server.RaftServerConfigKeys (ConfUtils.java:logGet(43)) - raft.server.write.element-limit = 4096 (default)
2019-07-16 14:29:28,048 INFO  server.RaftServerConfigKeys (ConfUtils.java:logGet(43)) - raft.server.watch.timeout = 10s (default)
2019-07-16 14:29:28,048 INFO  server.RaftServerConfigKeys (ConfUtils.java:logGet(43)) - raft.server.watch.timeout.denomination = 1s (default)
2019-07-16 14:29:28,048 INFO  server.RaftServerConfigKeys (ConfUtils.java:logGet(43)) - raft.server.watch.element-limit = 65536 (default)
2019-07-16 14:29:28,049 INFO  server.RaftServerConfigKeys (ConfUtils.java:logGet(43)) - raft.server.log.appender.snapshot.chunk.size.max = 16MB (=16777216) (default)
2019-07-16 14:29:28,049 INFO  server.RaftServerConfigKeys (ConfUtils.java:logGet(43)) - raft.server.log.appender.buffer.byte-limit = 33554432 (custom)
2019-07-16 14:29:28,049 INFO  server.RaftServerConfigKeys (ConfUtils.java:logGet(43)) - raft.server.log.appender.buffer.element-limit = 1 (custom)
2019-07-16 14:29:28,049 INFO  grpc.GrpcConfigKeys$Server (ConfUtils.java:logGet(43)) - raft.grpc.server.leader.outstanding.appends.max = 128 (default)
2019-07-16 14:29:28,049 INFO  server.RaftServerConfigKeys (ConfUtils.java:logGet(43)) - raft.server.rpc.request.timeout = 3000ms (default)
2019-07-16 14:29:28,049 INFO  server.RaftServerConfigKeys (ConfUtils.java:logGet(43)) - raft.server.log.appender.install.snapshot.enabled = false (custom)
2019-07-16 14:29:28,050 INFO  server.RaftServerConfigKeys (ConfUtils.java:logGet(43)) - raft.server.log.appender.snapshot.chunk.size.max = 16MB (=16777216) (default)
2019-07-16 14:29:28,050 INFO  server.RaftServerConfigKeys (ConfUtils.java:logGet(43)) - raft.server.log.appender.buffer.byte-limit = 33554432 (custom)
2019-07-16 14:29:28,050 INFO  server.RaftServerConfigKeys (ConfUtils.java:logGet(43)) - raft.server.log.appender.buffer.element-limit = 1 (custom)
2019-07-16 14:29:28,050 INFO  grpc.GrpcConfigKeys$Server (ConfUtils.java:logGet(43)) - raft.grpc.server.leader.outstanding.appends.max = 128 (default)
2019-07-16 14:29:28,050 INFO  server.RaftServerConfigKeys (ConfUtils.java:logGet(43)) - raft.server.rpc.request.timeout = 3000ms (default)
2019-07-16 14:29:28,050 INFO  server.RaftServerConfigKeys (ConfUtils.java:logGet(43)) - raft.server.log.appender.install.snapshot.enabled = false (custom)
2019-07-16 14:29:28,051 INFO  impl.RoleInfo (RoleInfo.java:updateAndGet(143)) - 6546edd3-b204-4045-847b-d59968eb8222: start LeaderState
2019-07-16 14:29:28,051 INFO  segmented.SegmentedRaftLogWorker (SegmentedRaftLogWorker.java:startLogSegment(380)) - 6546edd3-b204-4045-847b-d59968eb8222-SegmentedRaftLogWorker:Storage Directory /workdir/hadoop-ozone/integration-test/target/test-dir/MiniOzoneClusterImpl-ff24742d-400d-47a8-98a3-3540329a4678/datanode-2/data/ratis/b9217474-2329-4c94-858b-5654fc17a6d3: Starting segment from index:0
2019-07-16 14:29:28,052 INFO  impl.RaftServerImpl (ServerState.java:setRaftConf(361)) - 6546edd3-b204-4045-847b-d59968eb8222:group-5654FC17A6D3 set configuration 0: [6546edd3-b204-4045-847b-d59968eb8222:192.168.157.241:38470, f9c97e87-0e0b-4659-ab0c-e2c38ee83f64:192.168.157.241:35303, 1470e55f-babc-4f44-af17-4248e7568a18:192.168.157.241:41404], old=null at 0
2019-07-16 14:29:28,073 INFO  impl.RaftServerImpl (ServerState.java:setLeader(263)) - f9c97e87-0e0b-4659-ab0c-e2c38ee83f64:group-5654FC17A6D3 change Leader from null to 6546edd3-b204-4045-847b-d59968eb8222 at term 2 for appendEntries, leader elected after 10336ms
2019-07-16 14:29:28,073 INFO  impl.RaftServerImpl (ServerState.java:setLeader(263)) - 1470e55f-babc-4f44-af17-4248e7568a18:group-5654FC17A6D3 change Leader from null to 6546edd3-b204-4045-847b-d59968eb8222 at term 2 for appendEntries, leader elected after 10336ms
2019-07-16 14:29:28,075 INFO  impl.RaftServerImpl (ServerState.java:setRaftConf(361)) - f9c97e87-0e0b-4659-ab0c-e2c38ee83f64:group-5654FC17A6D3 set configuration 0: [6546edd3-b204-4045-847b-d59968eb8222:192.168.157.241:38470, f9c97e87-0e0b-4659-ab0c-e2c38ee83f64:192.168.157.241:35303, 1470e55f-babc-4f44-af17-4248e7568a18:192.168.157.241:41404], old=null at 0
2019-07-16 14:29:28,075 INFO  impl.RaftServerImpl (ServerState.java:setRaftConf(361)) - 1470e55f-babc-4f44-af17-4248e7568a18:group-5654FC17A6D3 set configuration 0: [6546edd3-b204-4045-847b-d59968eb8222:192.168.157.241:38470, f9c97e87-0e0b-4659-ab0c-e2c38ee83f64:192.168.157.241:35303, 1470e55f-babc-4f44-af17-4248e7568a18:192.168.157.241:41404], old=null at 0
2019-07-16 14:29:28,075 INFO  segmented.SegmentedRaftLogWorker (SegmentedRaftLogWorker.java:startLogSegment(380)) - f9c97e87-0e0b-4659-ab0c-e2c38ee83f64-SegmentedRaftLogWorker:Storage Directory /workdir/hadoop-ozone/integration-test/target/test-dir/MiniOzoneClusterImpl-ff24742d-400d-47a8-98a3-3540329a4678/datanode-0/data/ratis/b9217474-2329-4c94-858b-5654fc17a6d3: Starting segment from index:0
2019-07-16 14:29:28,075 INFO  segmented.SegmentedRaftLogWorker (SegmentedRaftLogWorker.java:startLogSegment(380)) - 1470e55f-babc-4f44-af17-4248e7568a18-SegmentedRaftLogWorker:Storage Directory /workdir/hadoop-ozone/integration-test/target/test-dir/MiniOzoneClusterImpl-ff24742d-400d-47a8-98a3-3540329a4678/datanode-1/data/ratis/b9217474-2329-4c94-858b-5654fc17a6d3: Starting segment from index:0
2019-07-16 14:29:28,085 INFO  segmented.SegmentedRaftLogWorker (SegmentedRaftLogWorker.java:execute(569)) - 6546edd3-b204-4045-847b-d59968eb8222-SegmentedRaftLogWorker:Storage Directory /workdir/hadoop-ozone/integration-test/target/test-dir/MiniOzoneClusterImpl-ff24742d-400d-47a8-98a3-3540329a4678/datanode-2/data/ratis/b9217474-2329-4c94-858b-5654fc17a6d3: created new log segment /workdir/hadoop-ozone/integration-test/target/test-dir/MiniOzoneClusterImpl-ff24742d-400d-47a8-98a3-3540329a4678/datanode-2/data/ratis/b9217474-2329-4c94-858b-5654fc17a6d3/current/log_inprogress_0
2019-07-16 14:29:28,098 INFO  segmented.SegmentedRaftLogWorker (SegmentedRaftLogWorker.java:execute(569)) - f9c97e87-0e0b-4659-ab0c-e2c38ee83f64-SegmentedRaftLogWorker:Storage Directory /workdir/hadoop-ozone/integration-test/target/test-dir/MiniOzoneClusterImpl-ff24742d-400d-47a8-98a3-3540329a4678/datanode-0/data/ratis/b9217474-2329-4c94-858b-5654fc17a6d3: created new log segment /workdir/hadoop-ozone/integration-test/target/test-dir/MiniOzoneClusterImpl-ff24742d-400d-47a8-98a3-3540329a4678/datanode-0/data/ratis/b9217474-2329-4c94-858b-5654fc17a6d3/current/log_inprogress_0
2019-07-16 14:29:28,098 INFO  segmented.SegmentedRaftLogWorker (SegmentedRaftLogWorker.java:execute(569)) - 1470e55f-babc-4f44-af17-4248e7568a18-SegmentedRaftLogWorker:Storage Directory /workdir/hadoop-ozone/integration-test/target/test-dir/MiniOzoneClusterImpl-ff24742d-400d-47a8-98a3-3540329a4678/datanode-1/data/ratis/b9217474-2329-4c94-858b-5654fc17a6d3: created new log segment /workdir/hadoop-ozone/integration-test/target/test-dir/MiniOzoneClusterImpl-ff24742d-400d-47a8-98a3-3540329a4678/datanode-1/data/ratis/b9217474-2329-4c94-858b-5654fc17a6d3/current/log_inprogress_0
2019-07-16 14:29:28,474 INFO  client.GrpcClientProtocolClient (GrpcClientProtocolClient.java:onNext(255)) - client-1E70901BA293->f9c97e87-0e0b-4659-ab0c-e2c38ee83f64: receive RaftClientReply:client-1E70901BA293->f9c97e87-0e0b-4659-ab0c-e2c38ee83f64@group-5654FC17A6D3, cid=219, FAILED org.apache.ratis.protocol.NotLeaderException: Server f9c97e87-0e0b-4659-ab0c-e2c38ee83f64 is not the leader (6546edd3-b204-4045-847b-d59968eb8222:192.168.157.241:38470). Request must be sent to leader., logIndex=0, commits[f9c97e87-0e0b-4659-ab0c-e2c38ee83f64:c-1, 6546edd3-b204-4045-847b-d59968eb8222:c-1, 1470e55f-babc-4f44-af17-4248e7568a18:c-1]
2019-07-16 14:29:28,611 INFO  client.GrpcClientProtocolClient (GrpcClientProtocolClient.java:onNext(255)) - client-1E70901BA293->6546edd3-b204-4045-847b-d59968eb8222: receive RaftClientReply:client-1E70901BA293->6546edd3-b204-4045-847b-d59968eb8222@group-5654FC17A6D3, cid=219, SUCCESS, logIndex=1, commits[6546edd3-b204-4045-847b-d59968eb8222:c1, f9c97e87-0e0b-4659-ab0c-e2c38ee83f64:c-1, 1470e55f-babc-4f44-af17-4248e7568a18:c0]
2019-07-16 14:29:28,636 INFO  client.GrpcClientProtocolClient (GrpcClientProtocolClient.java:onNext(255)) - client-1E70901BA293->6546edd3-b204-4045-847b-d59968eb8222: receive RaftClientReply:client-1E70901BA293->6546edd3-b204-4045-847b-d59968eb8222@group-5654FC17A6D3, cid=220, SUCCESS, logIndex=3, commits[6546edd3-b204-4045-847b-d59968eb8222:c4, f9c97e87-0e0b-4659-ab0c-e2c38ee83f64:c2, 1470e55f-babc-4f44-af17-4248e7568a18:c2]
2019-07-16 14:29:28,736 INFO  client.GrpcClientProtocolClient (GrpcClientProtocolClient.java:onNext(255)) - client-1E70901BA293->6546edd3-b204-4045-847b-d59968eb8222: receive RaftClientReply:client-1E70901BA293->6546edd3-b204-4045-847b-d59968eb8222@group-5654FC17A6D3, cid=221, SUCCESS, logIndex=4, commits[6546edd3-b204-4045-847b-d59968eb8222:c6, f9c97e87-0e0b-4659-ab0c-e2c38ee83f64:c4, 1470e55f-babc-4f44-af17-4248e7568a18:c4]
2019-07-16 14:29:28,754 INFO  pipeline.Pipeline (Pipeline.java:getProtobufMessage(195)) - Serialize pipeline PipelineID=b9217474-2329-4c94-858b-5654fc17a6d3 with nodesInOrder{ }
2019-07-16 14:29:28,756 INFO  ozone.MiniOzoneClusterImpl (MiniOzoneClusterImpl.java:shutdown(321)) - Shutting down the Mini Ozone Cluster
2019-07-16 14:29:28,756 INFO  ozone.MiniOzoneClusterImpl (MiniOzoneClusterImpl.java:stop(336)) - Stopping the Mini Ozone Cluster
2019-07-16 14:29:28,756 INFO  ozone.MiniOzoneClusterImpl (MiniOzoneClusterImpl.java:stop(338)) - Stopping the OzoneManager
2019-07-16 14:29:28,756 INFO  ipc.Server (Server.java:stop(3082)) - Stopping server on 35888
2019-07-16 14:29:28,768 INFO  ipc.Server (Server.java:run(1185)) - Stopping IPC Server listener on 35888
2019-07-16 14:29:28,771 INFO  utils.BackgroundService (BackgroundService.java:shutdown(148)) - Shutting down service KeyDeletingService
2019-07-16 14:29:28,771 INFO  ipc.Server (Server.java:run(1319)) - Stopping IPC Server Responder
2019-07-16 14:29:28,793 INFO  handler.ContextHandler (ContextHandler.java:doStop(910)) - Stopped o.e.j.w.WebAppContext@3a22c944{/,null,UNAVAILABLE}{/ozoneManager}
2019-07-16 14:29:28,794 INFO  server.AbstractConnector (AbstractConnector.java:doStop(318)) - Stopped ServerConnector@1b6441c9{HTTP/1.1,[http/1.1]}{0.0.0.0:0}
2019-07-16 14:29:28,794 INFO  handler.ContextHandler (ContextHandler.java:doStop(910)) - Stopped o.e.j.s.ServletContextHandler@2cb95c6c{/static,file:///workdir/hadoop-ozone/integration-test/target/test-classes/webapps/static,UNAVAILABLE}
2019-07-16 14:29:28,795 INFO  handler.ContextHandler (ContextHandler.java:doStop(910)) - Stopped o.e.j.s.ServletContextHandler@17d3bf09{/logs,file:///workdir/hadoop-ozone/integration-test/target/log,UNAVAILABLE}
2019-07-16 14:29:28,808 INFO  ozone.MiniOzoneClusterImpl (MiniOzoneClusterImpl.java:stop(344)) - Shutting the HddsDatanodes
2019-07-16 14:29:28,809 INFO  datanode.ObjectStoreHandler (ObjectStoreHandler.java:close(155)) - Closing ObjectStoreHandler.
2019-07-16 14:29:28,809 INFO  datanode.ObjectStoreHandler (ObjectStoreHandler.java:close(155)) - Closing ObjectStoreHandler.
2019-07-16 14:29:28,809 INFO  ozone.HddsDatanodeService (HddsDatanodeService.java:stop(452)) - Stopped plug-in org.apache.hadoop.ozone.web.OzoneHddsDatanodeService@4044f07b
2019-07-16 14:29:28,809 INFO  ozone.HddsDatanodeService (HddsDatanodeService.java:stop(452)) - Stopped plug-in org.apache.hadoop.ozone.web.OzoneHddsDatanodeService@792b0cad
2019-07-16 14:29:29,394 INFO  statemachine.DatanodeStateMachine (DatanodeStateMachine.java:lambda$startDaemon$0(350)) - Ozone container server started.
2019-07-16 14:29:29,592 INFO  statemachine.DatanodeStateMachine (DatanodeStateMachine.java:lambda$startDaemon$0(350)) - Ozone container server started.
2019-07-16 14:29:33,419 INFO  node.StaleNodeHandler (StaleNodeHandler.java:onMessage(58)) - Datanode 9a580097-443f-4f25-891a-f226d3110303{ip: 192.168.157.241, host: trunk-nightly-gllmw-2332419065, networkLocation: /default-rack, certSerialId: null} moved to stale state. Finalizing its pipelines [PipelineID=f67c032e-8d0b-4267-8cc9-129327c0cc60, PipelineID=9d4d932e-d30b-494b-96d4-2304ccb8efb1]
2019-07-16 14:29:33,419 INFO  pipeline.SCMPipelineManager (SCMPipelineManager.java:finalizeAndDestroyPipeline(309)) - destroying pipeline:Pipeline[ Id: f67c032e-8d0b-4267-8cc9-129327c0cc60, Nodes: 9a580097-443f-4f25-891a-f226d3110303{ip: 192.168.157.241, host: trunk-nightly-gllmw-2332419065, networkLocation: /default-rack, certSerialId: null}, Type:RATIS, Factor:ONE, State:OPEN]
2019-07-16 14:29:33,419 INFO  pipeline.PipelineStateManager (PipelineStateManager.java:finalizePipeline(123)) - Pipeline Pipeline[ Id: f67c032e-8d0b-4267-8cc9-129327c0cc60, Nodes: 9a580097-443f-4f25-891a-f226d3110303{ip: 192.168.157.241, host: trunk-nightly-gllmw-2332419065, networkLocation: /default-rack, certSerialId: null}, Type:RATIS, Factor:ONE, State:CLOSED] moved to CLOSED state
2019-07-16 14:29:33,420 INFO  pipeline.SCMPipelineManager (SCMPipelineManager.java:finalizeAndDestroyPipeline(309)) - destroying pipeline:Pipeline[ Id: 9d4d932e-d30b-494b-96d4-2304ccb8efb1, Nodes: 9a580097-443f-4f25-891a-f226d3110303{ip: 192.168.157.241, host: trunk-nightly-gllmw-2332419065, networkLocation: /default-rack, certSerialId: null}55b76b8d-3392-4447-b425-b98458f81a7a{ip: 192.168.157.241, host: trunk-nightly-gllmw-2332419065, networkLocation: /default-rack, certSerialId: null}c3101496-7c99-4cc1-b913-97d14de9566b{ip: 192.168.157.241, host: trunk-nightly-gllmw-2332419065, networkLocation: /default-rack, certSerialId: null}, Type:RATIS, Factor:THREE, State:OPEN]
2019-07-16 14:29:33,420 INFO  pipeline.PipelineStateManager (PipelineStateManager.java:finalizePipeline(123)) - Pipeline Pipeline[ Id: 9d4d932e-d30b-494b-96d4-2304ccb8efb1, Nodes: 9a580097-443f-4f25-891a-f226d3110303{ip: 192.168.157.241, host: trunk-nightly-gllmw-2332419065, networkLocation: /default-rack, certSerialId: null}55b76b8d-3392-4447-b425-b98458f81a7a{ip: 192.168.157.241, host: trunk-nightly-gllmw-2332419065, networkLocation: /default-rack, certSerialId: null}c3101496-7c99-4cc1-b913-97d14de9566b{ip: 192.168.157.241, host: trunk-nightly-gllmw-2332419065, networkLocation: /default-rack, certSerialId: null}, Type:RATIS, Factor:THREE, State:CLOSED] moved to CLOSED state
2019-07-16 14:29:33,619 INFO  node.StaleNodeHandler (StaleNodeHandler.java:onMessage(58)) - Datanode 1470e55f-babc-4f44-af17-4248e7568a18{ip: 192.168.157.241, host: trunk-nightly-gllmw-2332419065, networkLocation: /default-rack, certSerialId: null} moved to stale state. Finalizing its pipelines [PipelineID=9c01eacb-25db-4249-9880-ebcde667c733, PipelineID=b9217474-2329-4c94-858b-5654fc17a6d3]
2019-07-16 14:29:33,619 INFO  pipeline.SCMPipelineManager (SCMPipelineManager.java:finalizeAndDestroyPipeline(309)) - destroying pipeline:Pipeline[ Id: 9c01eacb-25db-4249-9880-ebcde667c733, Nodes: 1470e55f-babc-4f44-af17-4248e7568a18{ip: 192.168.157.241, host: trunk-nightly-gllmw-2332419065, networkLocation: /default-rack, certSerialId: null}, Type:RATIS, Factor:ONE, State:OPEN]
2019-07-16 14:29:33,620 INFO  pipeline.PipelineStateManager (PipelineStateManager.java:finalizePipeline(123)) - Pipeline Pipeline[ Id: 9c01eacb-25db-4249-9880-ebcde667c733, Nodes: 1470e55f-babc-4f44-af17-4248e7568a18{ip: 192.168.157.241, host: trunk-nightly-gllmw-2332419065, networkLocation: /default-rack, certSerialId: null}, Type:RATIS, Factor:ONE, State:CLOSED] moved to CLOSED state
2019-07-16 14:29:33,620 INFO  pipeline.SCMPipelineManager (SCMPipelineManager.java:finalizeAndDestroyPipeline(309)) - destroying pipeline:Pipeline[ Id: b9217474-2329-4c94-858b-5654fc17a6d3, Nodes: 1470e55f-babc-4f44-af17-4248e7568a18{ip: 192.168.157.241, host: trunk-nightly-gllmw-2332419065, networkLocation: /default-rack, certSerialId: null}f9c97e87-0e0b-4659-ab0c-e2c38ee83f64{ip: 192.168.157.241, host: trunk-nightly-gllmw-2332419065, networkLocation: /default-rack, certSerialId: null}6546edd3-b204-4045-847b-d59968eb8222{ip: 192.168.157.241, host: trunk-nightly-gllmw-2332419065, networkLocation: /default-rack, certSerialId: null}, Type:RATIS, Factor:THREE, State:OPEN]
2019-07-16 14:29:33,620 INFO  pipeline.PipelineStateManager (PipelineStateManager.java:finalizePipeline(123)) - Pipeline Pipeline[ Id: b9217474-2329-4c94-858b-5654fc17a6d3, Nodes: 1470e55f-babc-4f44-af17-4248e7568a18{ip: 192.168.157.241, host: trunk-nightly-gllmw-2332419065, networkLocation: /default-rack, certSerialId: null}f9c97e87-0e0b-4659-ab0c-e2c38ee83f64{ip: 192.168.157.241, host: trunk-nightly-gllmw-2332419065, networkLocation: /default-rack, certSerialId: null}6546edd3-b204-4045-847b-d59968eb8222{ip: 192.168.157.241, host: trunk-nightly-gllmw-2332419065, networkLocation: /default-rack, certSerialId: null}, Type:RATIS, Factor:THREE, State:CLOSED] moved to CLOSED state
2019-07-16 14:29:33,620 INFO  container.CloseContainerEventHandler (CloseContainerEventHandler.java:onMessage(61)) - Close container Event triggered for container : #2
2019-07-16 14:29:33,810 INFO  ozoneimpl.OzoneContainer (OzoneContainer.java:stop(199)) - Attempting to stop container services.
2019-07-16 14:29:33,810 INFO  ozoneimpl.OzoneContainer (OzoneContainer.java:stop(199)) - Attempting to stop container services.
2019-07-16 14:29:33,810 INFO  impl.RaftServerProxy (RaftServerProxy.java:lambda$close$4(314)) - 9a580097-443f-4f25-891a-f226d3110303: close
2019-07-16 14:29:33,811 INFO  impl.RaftServerProxy (RaftServerProxy.java:lambda$close$4(314)) - 1470e55f-babc-4f44-af17-4248e7568a18: close
2019-07-16 14:29:33,811 INFO  impl.RaftServerImpl (RaftServerImpl.java:lambda$shutdown$3(245)) - 9a580097-443f-4f25-891a-f226d3110303: shutdown group-129327C0CC60
2019-07-16 14:29:33,811 INFO  impl.RaftServerImpl (RaftServerImpl.java:lambda$shutdown$3(245)) - 1470e55f-babc-4f44-af17-4248e7568a18: shutdown group-EBCDE667C733
2019-07-16 14:29:33,812 INFO  util.JmxRegister (JmxRegister.java:unregister(73)) - Successfully un-registered JMX Bean with object name Ratis:service=RaftServer,group=group-129327C0CC60,id=9a580097-443f-4f25-891a-f226d3110303
2019-07-16 14:29:33,812 INFO  util.JmxRegister (JmxRegister.java:unregister(73)) - Successfully un-registered JMX Bean with object name Ratis:service=RaftServer,group=group-EBCDE667C733,id=1470e55f-babc-4f44-af17-4248e7568a18
2019-07-16 14:29:33,812 INFO  impl.RoleInfo (RoleInfo.java:shutdownLeaderState(104)) - 9a580097-443f-4f25-891a-f226d3110303: shutdown LeaderState
2019-07-16 14:29:33,813 INFO  impl.RoleInfo (RoleInfo.java:shutdownLeaderState(104)) - 1470e55f-babc-4f44-af17-4248e7568a18: shutdown LeaderState
2019-07-16 14:29:33,813 INFO  impl.PendingRequests (PendingRequests.java:sendNotLeaderResponses(202)) - 9a580097-443f-4f25-891a-f226d3110303-PendingRequests: sendNotLeaderResponses
2019-07-16 14:29:33,813 INFO  impl.PendingRequests (PendingRequests.java:sendNotLeaderResponses(202)) - 1470e55f-babc-4f44-af17-4248e7568a18-PendingRequests: sendNotLeaderResponses
2019-07-16 14:29:33,814 INFO  impl.StateMachineUpdater (StateMachineUpdater.java:stopAndJoin(115)) - StateMachineUpdater:9a580097-443f-4f25-891a-f226d3110303:group-129327C0CC60: set stopIndex = 0
2019-07-16 14:29:33,814 INFO  impl.StateMachineUpdater (StateMachineUpdater.java:stopAndJoin(115)) - StateMachineUpdater:1470e55f-babc-4f44-af17-4248e7568a18:group-EBCDE667C733: set stopIndex = 0
2019-07-16 14:29:33,815 INFO  impl.RaftServerImpl (ServerState.java:close(394)) - 9a580097-443f-4f25-891a-f226d3110303:group-129327C0CC60 closes. The last applied log index is 0
2019-07-16 14:29:33,815 INFO  impl.RaftServerImpl (ServerState.java:close(394)) - 1470e55f-babc-4f44-af17-4248e7568a18:group-EBCDE667C733 closes. The last applied log index is 0
2019-07-16 14:29:33,815 INFO  segmented.SegmentedRaftLogWorker (SegmentedRaftLogWorker.java:run(313)) - 9a580097-443f-4f25-891a-f226d3110303-SegmentedRaftLogWorker:Storage Directory /workdir/hadoop-ozone/integration-test/target/test-dir/MiniOzoneClusterImpl-ff24742d-400d-47a8-98a3-3540329a4678/datanode-4/data/ratis/f67c032e-8d0b-4267-8cc9-129327c0cc60 was interrupted, exiting. There are 0 tasks remaining in the queue.
2019-07-16 14:29:33,816 INFO  segmented.SegmentedRaftLogWorker (SegmentedRaftLogWorker.java:run(313)) - 1470e55f-babc-4f44-af17-4248e7568a18-SegmentedRaftLogWorker:Storage Directory /workdir/hadoop-ozone/integration-test/target/test-dir/MiniOzoneClusterImpl-ff24742d-400d-47a8-98a3-3540329a4678/datanode-1/data/ratis/9c01eacb-25db-4249-9880-ebcde667c733 was interrupted, exiting. There are 0 tasks remaining in the queue.
2019-07-16 14:29:33,820 INFO  segmented.SegmentedRaftLogWorker (SegmentedRaftLogWorker.java:close(228)) - 9a580097-443f-4f25-891a-f226d3110303-SegmentedRaftLogWorker:Storage Directory /workdir/hadoop-ozone/integration-test/target/test-dir/MiniOzoneClusterImpl-ff24742d-400d-47a8-98a3-3540329a4678/datanode-4/data/ratis/f67c032e-8d0b-4267-8cc9-129327c0cc60 close()
2019-07-16 14:29:33,823 INFO  segmented.SegmentedRaftLogWorker (SegmentedRaftLogWorker.java:close(228)) - 1470e55f-babc-4f44-af17-4248e7568a18-SegmentedRaftLogWorker:Storage Directory /workdir/hadoop-ozone/integration-test/target/test-dir/MiniOzoneClusterImpl-ff24742d-400d-47a8-98a3-3540329a4678/datanode-1/data/ratis/9c01eacb-25db-4249-9880-ebcde667c733 close()
2019-07-16 14:29:33,828 INFO  impl.RaftServerImpl (RaftServerImpl.java:lambda$shutdown$3(245)) - 9a580097-443f-4f25-891a-f226d3110303: shutdown group-2304CCB8EFB1
2019-07-16 14:29:33,833 INFO  impl.RaftServerImpl (RaftServerImpl.java:lambda$shutdown$3(245)) - 1470e55f-babc-4f44-af17-4248e7568a18: shutdown group-5654FC17A6D3
2019-07-16 14:29:33,833 INFO  util.JmxRegister (JmxRegister.java:unregister(73)) - Successfully un-registered JMX Bean with object name Ratis:service=RaftServer,group=group-2304CCB8EFB1,id=9a580097-443f-4f25-891a-f226d3110303
2019-07-16 14:29:33,834 INFO  util.JmxRegister (JmxRegister.java:unregister(73)) - Successfully un-registered JMX Bean with object name Ratis:service=RaftServer,group=group-5654FC17A6D3,id=1470e55f-babc-4f44-af17-4248e7568a18
2019-07-16 14:29:33,834 INFO  impl.RoleInfo (RoleInfo.java:shutdownFollowerState(121)) - 9a580097-443f-4f25-891a-f226d3110303: shutdown FollowerState
2019-07-16 14:29:33,834 INFO  impl.RoleInfo (RoleInfo.java:shutdownFollowerState(121)) - 1470e55f-babc-4f44-af17-4248e7568a18: shutdown FollowerState
2019-07-16 14:29:33,835 INFO  ratis.ContainerStateMachine (ContainerStateMachine.java:takeSnapshot(249)) - group-2304CCB8EFB1: Taking a snapshot at:(t:1, i:7) file /workdir/hadoop-ozone/integration-test/target/test-dir/MiniOzoneClusterImpl-ff24742d-400d-47a8-98a3-3540329a4678/datanode-4/data/ratis/9d4d932e-d30b-494b-96d4-2304ccb8efb1/sm/snapshot.1_7
2019-07-16 14:29:33,835 INFO  impl.FollowerState (FollowerState.java:run(114)) - 9a580097-443f-4f25-891a-f226d3110303: FollowerState was interrupted: java.lang.InterruptedException: sleep interrupted
2019-07-16 14:29:33,835 INFO  impl.StateMachineUpdater (StateMachineUpdater.java:stopAndJoin(115)) - StateMachineUpdater:9a580097-443f-4f25-891a-f226d3110303:group-2304CCB8EFB1: set stopIndex = 8
2019-07-16 14:29:33,838 INFO  ratis.ContainerStateMachine (ContainerStateMachine.java:takeSnapshot(257)) - group-2304CCB8EFB1: Finished taking a snapshot at:(t:1, i:7) file:/workdir/hadoop-ozone/integration-test/target/test-dir/MiniOzoneClusterImpl-ff24742d-400d-47a8-98a3-3540329a4678/datanode-4/data/ratis/9d4d932e-d30b-494b-96d4-2304ccb8efb1/sm/snapshot.1_7 time:3
2019-07-16 14:29:33,838 INFO  impl.StateMachineUpdater (StateMachineUpdater.java:takeSnapshot(242)) - StateMachineUpdater:9a580097-443f-4f25-891a-f226d3110303:group-2304CCB8EFB1: Took a snapshot at index 7
2019-07-16 14:29:33,835 INFO  ratis.ContainerStateMachine (ContainerStateMachine.java:takeSnapshot(249)) - group-5654FC17A6D3: Taking a snapshot at:(t:2, i:4) file /workdir/hadoop-ozone/integration-test/target/test-dir/MiniOzoneClusterImpl-ff24742d-400d-47a8-98a3-3540329a4678/datanode-1/data/ratis/b9217474-2329-4c94-858b-5654fc17a6d3/sm/snapshot.2_4
2019-07-16 14:29:33,835 INFO  impl.FollowerState (FollowerState.java:run(114)) - 1470e55f-babc-4f44-af17-4248e7568a18: FollowerState was interrupted: java.lang.InterruptedException: sleep interrupted
2019-07-16 14:29:33,835 INFO  impl.StateMachineUpdater (StateMachineUpdater.java:stopAndJoin(115)) - StateMachineUpdater:1470e55f-babc-4f44-af17-4248e7568a18:group-5654FC17A6D3: set stopIndex = 6
2019-07-16 14:29:33,841 INFO  ratis.ContainerStateMachine (ContainerStateMachine.java:takeSnapshot(257)) - group-5654FC17A6D3: Finished taking a snapshot at:(t:2, i:4) file:/workdir/hadoop-ozone/integration-test/target/test-dir/MiniOzoneClusterImpl-ff24742d-400d-47a8-98a3-3540329a4678/datanode-1/data/ratis/b9217474-2329-4c94-858b-5654fc17a6d3/sm/snapshot.2_4 time:3
2019-07-16 14:29:33,841 INFO  impl.StateMachineUpdater (StateMachineUpdater.java:takeSnapshot(242)) - StateMachineUpdater:1470e55f-babc-4f44-af17-4248e7568a18:group-5654FC17A6D3: Took a snapshot at index 4
2019-07-16 14:29:33,838 INFO  impl.StateMachineUpdater (StateMachineUpdater.java:lambda$new$0(80)) - StateMachineUpdater:9a580097-443f-4f25-891a-f226d3110303:group-2304CCB8EFB1: snapshotIndex: updateIncreasingly -1 -> 7
2019-07-16 14:29:33,841 INFO  impl.StateMachineUpdater (StateMachineUpdater.java:lambda$new$0(80)) - StateMachineUpdater:1470e55f-babc-4f44-af17-4248e7568a18:group-5654FC17A6D3: snapshotIndex: updateIncreasingly -1 -> 4
2019-07-16 14:29:33,842 INFO  impl.RaftServerImpl (ServerState.java:close(394)) - 9a580097-443f-4f25-891a-f226d3110303:group-2304CCB8EFB1 closes. The last applied log index is 8
2019-07-16 14:29:33,842 INFO  impl.RaftServerImpl (ServerState.java:close(394)) - 1470e55f-babc-4f44-af17-4248e7568a18:group-5654FC17A6D3 closes. The last applied log index is 6
2019-07-16 14:29:33,842 INFO  segmented.SegmentedRaftLogWorker (SegmentedRaftLogWorker.java:run(313)) - 9a580097-443f-4f25-891a-f226d3110303-SegmentedRaftLogWorker:Storage Directory /workdir/hadoop-ozone/integration-test/target/test-dir/MiniOzoneClusterImpl-ff24742d-400d-47a8-98a3-3540329a4678/datanode-4/data/ratis/9d4d932e-d30b-494b-96d4-2304ccb8efb1 was interrupted, exiting. There are 0 tasks remaining in the queue.
2019-07-16 14:29:33,843 INFO  segmented.SegmentedRaftLogWorker (SegmentedRaftLogWorker.java:run(313)) - 1470e55f-babc-4f44-af17-4248e7568a18-SegmentedRaftLogWorker:Storage Directory /workdir/hadoop-ozone/integration-test/target/test-dir/MiniOzoneClusterImpl-ff24742d-400d-47a8-98a3-3540329a4678/datanode-1/data/ratis/b9217474-2329-4c94-858b-5654fc17a6d3 was interrupted, exiting. There are 0 tasks remaining in the queue.
2019-07-16 14:29:33,845 INFO  segmented.SegmentedRaftLogWorker (SegmentedRaftLogWorker.java:close(228)) - 9a580097-443f-4f25-891a-f226d3110303-SegmentedRaftLogWorker:Storage Directory /workdir/hadoop-ozone/integration-test/target/test-dir/MiniOzoneClusterImpl-ff24742d-400d-47a8-98a3-3540329a4678/datanode-4/data/ratis/9d4d932e-d30b-494b-96d4-2304ccb8efb1 close()
2019-07-16 14:29:33,848 INFO  segmented.SegmentedRaftLogWorker (SegmentedRaftLogWorker.java:close(228)) - 1470e55f-babc-4f44-af17-4248e7568a18-SegmentedRaftLogWorker:Storage Directory /workdir/hadoop-ozone/integration-test/target/test-dir/MiniOzoneClusterImpl-ff24742d-400d-47a8-98a3-3540329a4678/datanode-1/data/ratis/b9217474-2329-4c94-858b-5654fc17a6d3 close()
2019-07-16 14:29:33,853 INFO  server.GrpcService (GrpcService.java:closeImpl(155)) - 9a580097-443f-4f25-891a-f226d3110303: shutdown server with port 45367 now
2019-07-16 14:29:33,857 INFO  server.GrpcService (GrpcService.java:closeImpl(155)) - 1470e55f-babc-4f44-af17-4248e7568a18: shutdown server with port 41404 now
2019-07-16 14:29:33,858 WARN  server.GrpcServerProtocolService (LogUtils.java:warn(134)) - 9a580097-443f-4f25-891a-f226d3110303: appendEntries onError: org.apache.ratis.thirdparty.io.grpc.StatusRuntimeException: CANCELLED: cancelled before receiving half close
2019-07-16 14:29:33,858 INFO  server.GrpcService (GrpcService.java:closeImpl(163)) - 9a580097-443f-4f25-891a-f226d3110303: shutdown server with port 45367 successfully
2019-07-16 14:29:33,858 WARN  server.GrpcServerProtocolService (LogUtils.java:warn(134)) - 1470e55f-babc-4f44-af17-4248e7568a18: appendEntries onError: org.apache.ratis.thirdparty.io.grpc.StatusRuntimeException: CANCELLED: cancelled before receiving half close
2019-07-16 14:29:33,859 WARN  server.GrpcLogAppender (LogUtils.java:warn(134)) - 6546edd3-b204-4045-847b-d59968eb8222->1470e55f-babc-4f44-af17-4248e7568a18: Failed appendEntries: org.apache.ratis.thirdparty.io.grpc.StatusRuntimeException: CANCELLED: HTTP/2 error code: CANCEL
Received Rst Stream
2019-07-16 14:29:33,858 INFO  server.GrpcService (GrpcService.java:closeImpl(163)) - 1470e55f-babc-4f44-af17-4248e7568a18: shutdown server with port 41404 successfully
2019-07-16 14:29:33,858 WARN  server.GrpcLogAppender (LogUtils.java:warn(134)) - c3101496-7c99-4cc1-b913-97d14de9566b->9a580097-443f-4f25-891a-f226d3110303: Failed appendEntries: org.apache.ratis.thirdparty.io.grpc.StatusRuntimeException: CANCELLED: HTTP/2 error code: CANCEL
Received Rst Stream
2019-07-16 14:29:33,859 INFO  impl.FollowerInfo (FollowerInfo.java:lambda$new$0(50)) - 6546edd3-b204-4045-847b-d59968eb8222->1470e55f-babc-4f44-af17-4248e7568a18: nextIndex: updateUnconditionally 7 -> 6
2019-07-16 14:29:33,860 INFO  impl.FollowerInfo (FollowerInfo.java:lambda$new$0(50)) - c3101496-7c99-4cc1-b913-97d14de9566b->9a580097-443f-4f25-891a-f226d3110303: nextIndex: updateUnconditionally 9 -> 8
2019-07-16 14:29:33,860 INFO  utils.BackgroundService (BackgroundService.java:shutdown(148)) - Shutting down service BlockDeletingService
2019-07-16 14:29:33,861 WARN  fs.CachingGetSpaceUsed (CachingGetSpaceUsed.java:run(183)) - Thread Interrupted waiting to refresh disk information: sleep interrupted
2019-07-16 14:29:33,862 INFO  utils.BackgroundService (BackgroundService.java:shutdown(148)) - Shutting down service BlockDeletingService
2019-07-16 14:29:33,873 WARN  fs.CachingGetSpaceUsed (CachingGetSpaceUsed.java:run(183)) - Thread Interrupted waiting to refresh disk information: sleep interrupted
2019-07-16 14:29:33,884 INFO  statemachine.DatanodeStateMachine (DatanodeStateMachine.java:stopDaemon(395)) - Ozone container server stopped.
2019-07-16 14:29:33,885 INFO  handler.ContextHandler (ContextHandler.java:doStop(910)) - Stopped o.e.j.w.WebAppContext@1f6c0e8a{/,null,UNAVAILABLE}{/hddsDatanode}
2019-07-16 14:29:33,886 INFO  server.AbstractConnector (AbstractConnector.java:doStop(318)) - Stopped ServerConnector@37c1e2a4{HTTP/1.1,[http/1.1]}{0.0.0.0:0}
2019-07-16 14:29:33,887 INFO  handler.ContextHandler (ContextHandler.java:doStop(910)) - Stopped o.e.j.s.ServletContextHandler@6655b4e6{/static,jar:file:/home/user/.m2/repository/org/apache/hadoop/hadoop-hdds-container-service/0.5.0-SNAPSHOT/hadoop-hdds-container-service-0.5.0-SNAPSHOT.jar!/webapps/static,UNAVAILABLE}
2019-07-16 14:29:33,887 INFO  handler.ContextHandler (ContextHandler.java:doStop(910)) - Stopped o.e.j.s.ServletContextHandler@6fc44cb6{/logs,file:///workdir/hadoop-ozone/integration-test/target/log,UNAVAILABLE}
2019-07-16 14:29:33,888 INFO  datanode.ObjectStoreHandler (ObjectStoreHandler.java:close(155)) - Closing ObjectStoreHandler.
2019-07-16 14:29:33,888 INFO  ozone.HddsDatanodeService (HddsDatanodeService.java:stop(452)) - Stopped plug-in org.apache.hadoop.ozone.web.OzoneHddsDatanodeService@7dbe9654
2019-07-16 14:29:33,898 INFO  statemachine.DatanodeStateMachine (DatanodeStateMachine.java:stopDaemon(395)) - Ozone container server stopped.
2019-07-16 14:29:33,904 INFO  handler.ContextHandler (ContextHandler.java:doStop(910)) - Stopped o.e.j.w.WebAppContext@3d0f2154{/,null,UNAVAILABLE}{/hddsDatanode}
2019-07-16 14:29:33,904 INFO  server.AbstractConnector (AbstractConnector.java:doStop(318)) - Stopped ServerConnector@8374911{HTTP/1.1,[http/1.1]}{0.0.0.0:0}
2019-07-16 14:29:33,919 INFO  handler.ContextHandler (ContextHandler.java:doStop(910)) - Stopped o.e.j.s.ServletContextHandler@3c3a8246{/static,jar:file:/home/user/.m2/repository/org/apache/hadoop/hadoop-hdds-container-service/0.5.0-SNAPSHOT/hadoop-hdds-container-service-0.5.0-SNAPSHOT.jar!/webapps/static,UNAVAILABLE}
2019-07-16 14:29:33,919 INFO  handler.ContextHandler (ContextHandler.java:doStop(910)) - Stopped o.e.j.s.ServletContextHandler@5ad67d82{/logs,file:///workdir/hadoop-ozone/integration-test/target/log,UNAVAILABLE}
2019-07-16 14:29:33,920 INFO  datanode.ObjectStoreHandler (ObjectStoreHandler.java:close(155)) - Closing ObjectStoreHandler.
2019-07-16 14:29:33,920 INFO  ozone.HddsDatanodeService (HddsDatanodeService.java:stop(452)) - Stopped plug-in org.apache.hadoop.ozone.web.OzoneHddsDatanodeService@38ebf8dc
2019-07-16 14:29:34,407 INFO  statemachine.DatanodeStateMachine (DatanodeStateMachine.java:lambda$startDaemon$0(350)) - Ozone container server started.
2019-07-16 14:29:34,596 INFO  statemachine.DatanodeStateMachine (DatanodeStateMachine.java:lambda$startDaemon$0(350)) - Ozone container server started.
2019-07-16 14:29:35,355 WARN  server.GrpcLogAppender (LogUtils.java:warn(134)) - c3101496-7c99-4cc1-b913-97d14de9566b->9a580097-443f-4f25-891a-f226d3110303: Failed appendEntries: org.apache.ratis.thirdparty.io.grpc.StatusRuntimeException: UNAVAILABLE: io exception
2019-07-16 14:29:35,356 INFO  impl.FollowerInfo (FollowerInfo.java:lambda$new$0(50)) - c3101496-7c99-4cc1-b913-97d14de9566b->9a580097-443f-4f25-891a-f226d3110303: nextIndex: updateUnconditionally 8 -> 7
2019-07-16 14:29:36,151 WARN  server.GrpcLogAppender (LogUtils.java:warn(134)) - 6546edd3-b204-4045-847b-d59968eb8222->1470e55f-babc-4f44-af17-4248e7568a18: Failed appendEntries: org.apache.ratis.thirdparty.io.grpc.StatusRuntimeException: UNAVAILABLE: io exception
2019-07-16 14:29:36,151 INFO  impl.FollowerInfo (FollowerInfo.java:lambda$new$0(50)) - 6546edd3-b204-4045-847b-d59968eb8222->1470e55f-babc-4f44-af17-4248e7568a18: nextIndex: updateUnconditionally 6 -> 5
2019-07-16 14:29:37,856 WARN  server.GrpcLogAppender (LogUtils.java:warn(134)) - c3101496-7c99-4cc1-b913-97d14de9566b->9a580097-443f-4f25-891a-f226d3110303: Failed appendEntries: org.apache.ratis.thirdparty.io.grpc.StatusRuntimeException: UNAVAILABLE: io exception
2019-07-16 14:29:37,856 INFO  impl.FollowerInfo (FollowerInfo.java:lambda$new$0(50)) - c3101496-7c99-4cc1-b913-97d14de9566b->9a580097-443f-4f25-891a-f226d3110303: nextIndex: updateUnconditionally 7 -> 6
2019-07-16 14:29:38,428 INFO  node.StaleNodeHandler (StaleNodeHandler.java:onMessage(58)) - Datanode 55b76b8d-3392-4447-b425-b98458f81a7a{ip: 192.168.157.241, host: trunk-nightly-gllmw-2332419065, networkLocation: /default-rack, certSerialId: null} moved to stale state. Finalizing its pipelines [PipelineID=9629a3b6-ddad-4b8c-874c-4082184d8939, PipelineID=9d4d932e-d30b-494b-96d4-2304ccb8efb1]
2019-07-16 14:29:38,428 INFO  pipeline.SCMPipelineManager (SCMPipelineManager.java:finalizeAndDestroyPipeline(309)) - destroying pipeline:Pipeline[ Id: 9629a3b6-ddad-4b8c-874c-4082184d8939, Nodes: 55b76b8d-3392-4447-b425-b98458f81a7a{ip: 192.168.157.241, host: trunk-nightly-gllmw-2332419065, networkLocation: /default-rack, certSerialId: null}, Type:RATIS, Factor:ONE, State:OPEN]
2019-07-16 14:29:38,429 INFO  pipeline.PipelineStateManager (PipelineStateManager.java:finalizePipeline(123)) - Pipeline Pipeline[ Id: 9629a3b6-ddad-4b8c-874c-4082184d8939, Nodes: 55b76b8d-3392-4447-b425-b98458f81a7a{ip: 192.168.157.241, host: trunk-nightly-gllmw-2332419065, networkLocation: /default-rack, certSerialId: null}, Type:RATIS, Factor:ONE, State:CLOSED] moved to CLOSED state
2019-07-16 14:29:38,429 INFO  pipeline.SCMPipelineManager (SCMPipelineManager.java:finalizeAndDestroyPipeline(309)) - destroying pipeline:Pipeline[ Id: 9d4d932e-d30b-494b-96d4-2304ccb8efb1, Nodes: 9a580097-443f-4f25-891a-f226d3110303{ip: 192.168.157.241, host: trunk-nightly-gllmw-2332419065, networkLocation: /default-rack, certSerialId: null}55b76b8d-3392-4447-b425-b98458f81a7a{ip: 192.168.157.241, host: trunk-nightly-gllmw-2332419065, networkLocation: /default-rack, certSerialId: null}c3101496-7c99-4cc1-b913-97d14de9566b{ip: 192.168.157.241, host: trunk-nightly-gllmw-2332419065, networkLocation: /default-rack, certSerialId: null}, Type:RATIS, Factor:THREE, State:CLOSED]
2019-07-16 14:29:38,628 INFO  node.StaleNodeHandler (StaleNodeHandler.java:onMessage(58)) - Datanode 6546edd3-b204-4045-847b-d59968eb8222{ip: 192.168.157.241, host: trunk-nightly-gllmw-2332419065, networkLocation: /default-rack, certSerialId: null} moved to stale state. Finalizing its pipelines [PipelineID=b9217474-2329-4c94-858b-5654fc17a6d3, PipelineID=dd014c13-3780-4ef8-b406-f3730e36e441]
2019-07-16 14:29:38,629 INFO  pipeline.SCMPipelineManager (SCMPipelineManager.java:finalizeAndDestroyPipeline(309)) - destroying pipeline:Pipeline[ Id: b9217474-2329-4c94-858b-5654fc17a6d3, Nodes: 1470e55f-babc-4f44-af17-4248e7568a18{ip: 192.168.157.241, host: trunk-nightly-gllmw-2332419065, networkLocation: /default-rack, certSerialId: null}f9c97e87-0e0b-4659-ab0c-e2c38ee83f64{ip: 192.168.157.241, host: trunk-nightly-gllmw-2332419065, networkLocation: /default-rack, certSerialId: null}6546edd3-b204-4045-847b-d59968eb8222{ip: 192.168.157.241, host: trunk-nightly-gllmw-2332419065, networkLocation: /default-rack, certSerialId: null}, Type:RATIS, Factor:THREE, State:CLOSED]
2019-07-16 14:29:38,629 INFO  pipeline.SCMPipelineManager (SCMPipelineManager.java:finalizeAndDestroyPipeline(309)) - destroying pipeline:Pipeline[ Id: dd014c13-3780-4ef8-b406-f3730e36e441, Nodes: 6546edd3-b204-4045-847b-d59968eb8222{ip: 192.168.157.241, host: trunk-nightly-gllmw-2332419065, networkLocation: /default-rack, certSerialId: null}, Type:RATIS, Factor:ONE, State:OPEN]
2019-07-16 14:29:38,629 INFO  pipeline.PipelineStateManager (PipelineStateManager.java:finalizePipeline(123)) - Pipeline Pipeline[ Id: dd014c13-3780-4ef8-b406-f3730e36e441, Nodes: 6546edd3-b204-4045-847b-d59968eb8222{ip: 192.168.157.241, host: trunk-nightly-gllmw-2332419065, networkLocation: /default-rack, certSerialId: null}, Type:RATIS, Factor:ONE, State:CLOSED] moved to CLOSED state
2019-07-16 14:29:38,651 WARN  server.GrpcLogAppender (LogUtils.java:warn(134)) - 6546edd3-b204-4045-847b-d59968eb8222->1470e55f-babc-4f44-af17-4248e7568a18: Failed appendEntries: org.apache.ratis.thirdparty.io.grpc.StatusRuntimeException: UNAVAILABLE: io exception
2019-07-16 14:29:38,652 INFO  impl.FollowerInfo (FollowerInfo.java:lambda$new$0(50)) - 6546edd3-b204-4045-847b-d59968eb8222->1470e55f-babc-4f44-af17-4248e7568a18: nextIndex: updateUnconditionally 5 -> 4
2019-07-16 14:29:38,889 INFO  ozoneimpl.OzoneContainer (OzoneContainer.java:stop(199)) - Attempting to stop container services.
2019-07-16 14:29:38,890 INFO  impl.RaftServerProxy (RaftServerProxy.java:lambda$close$4(314)) - 55b76b8d-3392-4447-b425-b98458f81a7a: close
2019-07-16 14:29:38,893 INFO  impl.RaftServerImpl (RaftServerImpl.java:lambda$shutdown$3(245)) - 55b76b8d-3392-4447-b425-b98458f81a7a: shutdown group-4082184D8939
2019-07-16 14:29:38,893 INFO  util.JmxRegister (JmxRegister.java:unregister(73)) - Successfully un-registered JMX Bean with object name Ratis:service=RaftServer,group=group-4082184D8939,id=55b76b8d-3392-4447-b425-b98458f81a7a
2019-07-16 14:29:38,894 INFO  impl.RoleInfo (RoleInfo.java:shutdownLeaderState(104)) - 55b76b8d-3392-4447-b425-b98458f81a7a: shutdown LeaderState
2019-07-16 14:29:38,894 INFO  impl.PendingRequests (PendingRequests.java:sendNotLeaderResponses(202)) - 55b76b8d-3392-4447-b425-b98458f81a7a-PendingRequests: sendNotLeaderResponses
2019-07-16 14:29:38,895 INFO  impl.StateMachineUpdater (StateMachineUpdater.java:stopAndJoin(115)) - StateMachineUpdater:55b76b8d-3392-4447-b425-b98458f81a7a:group-4082184D8939: set stopIndex = 0
2019-07-16 14:29:38,895 INFO  impl.RaftServerImpl (ServerState.java:close(394)) - 55b76b8d-3392-4447-b425-b98458f81a7a:group-4082184D8939 closes. The last applied log index is 0
2019-07-16 14:29:38,896 INFO  segmented.SegmentedRaftLogWorker (SegmentedRaftLogWorker.java:run(313)) - 55b76b8d-3392-4447-b425-b98458f81a7a-SegmentedRaftLogWorker:Storage Directory /workdir/hadoop-ozone/integration-test/target/test-dir/MiniOzoneClusterImpl-ff24742d-400d-47a8-98a3-3540329a4678/datanode-3/data/ratis/9629a3b6-ddad-4b8c-874c-4082184d8939 was interrupted, exiting. There are 0 tasks remaining in the queue.
2019-07-16 14:29:38,898 INFO  segmented.SegmentedRaftLogWorker (SegmentedRaftLogWorker.java:close(228)) - 55b76b8d-3392-4447-b425-b98458f81a7a-SegmentedRaftLogWorker:Storage Directory /workdir/hadoop-ozone/integration-test/target/test-dir/MiniOzoneClusterImpl-ff24742d-400d-47a8-98a3-3540329a4678/datanode-3/data/ratis/9629a3b6-ddad-4b8c-874c-4082184d8939 close()
2019-07-16 14:29:38,903 INFO  impl.RaftServerImpl (RaftServerImpl.java:lambda$shutdown$3(245)) - 55b76b8d-3392-4447-b425-b98458f81a7a: shutdown group-2304CCB8EFB1
2019-07-16 14:29:38,903 INFO  util.JmxRegister (JmxRegister.java:unregister(73)) - Successfully un-registered JMX Bean with object name Ratis:service=RaftServer,group=group-2304CCB8EFB1,id=55b76b8d-3392-4447-b425-b98458f81a7a
2019-07-16 14:29:38,904 INFO  impl.RoleInfo (RoleInfo.java:shutdownFollowerState(121)) - 55b76b8d-3392-4447-b425-b98458f81a7a: shutdown FollowerState
2019-07-16 14:29:38,904 INFO  impl.StateMachineUpdater (StateMachineUpdater.java:stopAndJoin(115)) - StateMachineUpdater:55b76b8d-3392-4447-b425-b98458f81a7a:group-2304CCB8EFB1: set stopIndex = 8
2019-07-16 14:29:38,904 INFO  impl.FollowerState (FollowerState.java:run(114)) - 55b76b8d-3392-4447-b425-b98458f81a7a: FollowerState was interrupted: java.lang.InterruptedException: sleep interrupted
2019-07-16 14:29:38,904 INFO  ratis.ContainerStateMachine (ContainerStateMachine.java:takeSnapshot(249)) - group-2304CCB8EFB1: Taking a snapshot at:(t:1, i:7) file /workdir/hadoop-ozone/integration-test/target/test-dir/MiniOzoneClusterImpl-ff24742d-400d-47a8-98a3-3540329a4678/datanode-3/data/ratis/9d4d932e-d30b-494b-96d4-2304ccb8efb1/sm/snapshot.1_7
2019-07-16 14:29:38,911 INFO  ratis.ContainerStateMachine (ContainerStateMachine.java:takeSnapshot(257)) - group-2304CCB8EFB1: Finished taking a snapshot at:(t:1, i:7) file:/workdir/hadoop-ozone/integration-test/target/test-dir/MiniOzoneClusterImpl-ff24742d-400d-47a8-98a3-3540329a4678/datanode-3/data/ratis/9d4d932e-d30b-494b-96d4-2304ccb8efb1/sm/snapshot.1_7 time:6
2019-07-16 14:29:38,911 INFO  impl.StateMachineUpdater (StateMachineUpdater.java:takeSnapshot(242)) - StateMachineUpdater:55b76b8d-3392-4447-b425-b98458f81a7a:group-2304CCB8EFB1: Took a snapshot at index 7
2019-07-16 14:29:38,911 INFO  impl.StateMachineUpdater (StateMachineUpdater.java:lambda$new$0(80)) - StateMachineUpdater:55b76b8d-3392-4447-b425-b98458f81a7a:group-2304CCB8EFB1: snapshotIndex: updateIncreasingly -1 -> 7
2019-07-16 14:29:38,911 INFO  impl.RaftServerImpl (ServerState.java:close(394)) - 55b76b8d-3392-4447-b425-b98458f81a7a:group-2304CCB8EFB1 closes. The last applied log index is 8
2019-07-16 14:29:38,912 INFO  segmented.SegmentedRaftLogWorker (SegmentedRaftLogWorker.java:run(313)) - 55b76b8d-3392-4447-b425-b98458f81a7a-SegmentedRaftLogWorker:Storage Directory /workdir/hadoop-ozone/integration-test/target/test-dir/MiniOzoneClusterImpl-ff24742d-400d-47a8-98a3-3540329a4678/datanode-3/data/ratis/9d4d932e-d30b-494b-96d4-2304ccb8efb1 was interrupted, exiting. There are 0 tasks remaining in the queue.
2019-07-16 14:29:38,914 INFO  segmented.SegmentedRaftLogWorker (SegmentedRaftLogWorker.java:close(228)) - 55b76b8d-3392-4447-b425-b98458f81a7a-SegmentedRaftLogWorker:Storage Directory /workdir/hadoop-ozone/integration-test/target/test-dir/MiniOzoneClusterImpl-ff24742d-400d-47a8-98a3-3540329a4678/datanode-3/data/ratis/9d4d932e-d30b-494b-96d4-2304ccb8efb1 close()
2019-07-16 14:29:38,919 INFO  server.GrpcService (GrpcService.java:closeImpl(155)) - 55b76b8d-3392-4447-b425-b98458f81a7a: shutdown server with port 43632 now
2019-07-16 14:29:38,920 WARN  server.GrpcServerProtocolService (LogUtils.java:warn(134)) - 55b76b8d-3392-4447-b425-b98458f81a7a: appendEntries onError: org.apache.ratis.thirdparty.io.grpc.StatusRuntimeException: CANCELLED: cancelled before receiving half close
2019-07-16 14:29:38,920 WARN  server.GrpcLogAppender (LogUtils.java:warn(134)) - c3101496-7c99-4cc1-b913-97d14de9566b->55b76b8d-3392-4447-b425-b98458f81a7a: Failed appendEntries: org.apache.ratis.thirdparty.io.grpc.StatusRuntimeException: CANCELLED: HTTP/2 error code: CANCEL
Received Rst Stream
2019-07-16 14:29:38,920 INFO  server.GrpcService (GrpcService.java:closeImpl(163)) - 55b76b8d-3392-4447-b425-b98458f81a7a: shutdown server with port 43632 successfully
2019-07-16 14:29:38,920 INFO  impl.FollowerInfo (FollowerInfo.java:lambda$new$0(50)) - c3101496-7c99-4cc1-b913-97d14de9566b->55b76b8d-3392-4447-b425-b98458f81a7a: nextIndex: updateUnconditionally 9 -> 8
2019-07-16 14:29:38,921 INFO  ozoneimpl.OzoneContainer (OzoneContainer.java:stop(199)) - Attempting to stop container services.
2019-07-16 14:29:38,921 INFO  impl.RaftServerProxy (RaftServerProxy.java:lambda$close$4(314)) - 6546edd3-b204-4045-847b-d59968eb8222: close
2019-07-16 14:29:38,921 INFO  utils.BackgroundService (BackgroundService.java:shutdown(148)) - Shutting down service BlockDeletingService
2019-07-16 14:29:38,921 INFO  impl.RaftServerImpl (RaftServerImpl.java:lambda$shutdown$3(245)) - 6546edd3-b204-4045-847b-d59968eb8222: shutdown group-5654FC17A6D3
2019-07-16 14:29:38,922 INFO  util.JmxRegister (JmxRegister.java:unregister(73)) - Successfully un-registered JMX Bean with object name Ratis:service=RaftServer,group=group-5654FC17A6D3,id=6546edd3-b204-4045-847b-d59968eb8222
2019-07-16 14:29:38,922 INFO  impl.RoleInfo (RoleInfo.java:shutdownLeaderState(104)) - 6546edd3-b204-4045-847b-d59968eb8222: shutdown LeaderState
2019-07-16 14:29:38,922 WARN  fs.CachingGetSpaceUsed (CachingGetSpaceUsed.java:run(183)) - Thread Interrupted waiting to refresh disk information: sleep interrupted
2019-07-16 14:29:38,927 INFO  impl.PendingRequests (PendingRequests.java:sendNotLeaderResponses(202)) - 6546edd3-b204-4045-847b-d59968eb8222-PendingRequests: sendNotLeaderResponses
2019-07-16 14:29:38,928 WARN  server.GrpcLogAppender (GrpcLogAppender.java:mayWait(143)) - GrpcLogAppender(6546edd3-b204-4045-847b-d59968eb8222->f9c97e87-0e0b-4659-ab0c-e2c38ee83f64): Wait interrupted by java.lang.InterruptedException
2019-07-16 14:29:38,927 WARN  server.GrpcLogAppender (GrpcLogAppender.java:mayWait(143)) - GrpcLogAppender(6546edd3-b204-4045-847b-d59968eb8222->1470e55f-babc-4f44-af17-4248e7568a18): Wait interrupted by java.lang.InterruptedException
2019-07-16 14:29:38,934 INFO  ratis.ContainerStateMachine (ContainerStateMachine.java:takeSnapshot(249)) - group-5654FC17A6D3: Taking a snapshot at:(t:2, i:6) file /workdir/hadoop-ozone/integration-test/target/test-dir/MiniOzoneClusterImpl-ff24742d-400d-47a8-98a3-3540329a4678/datanode-2/data/ratis/b9217474-2329-4c94-858b-5654fc17a6d3/sm/snapshot.2_6
2019-07-16 14:29:38,936 INFO  server.GrpcServerProtocolService (GrpcServerProtocolService.java:onCompleted(104)) - f9c97e87-0e0b-4659-ab0c-e2c38ee83f64: appendEntries completed
2019-07-16 14:29:38,932 INFO  impl.StateMachineUpdater (StateMachineUpdater.java:stopAndJoin(115)) - StateMachineUpdater:6546edd3-b204-4045-847b-d59968eb8222:group-5654FC17A6D3: set stopIndex = 6
2019-07-16 14:29:38,937 INFO  server.GrpcLogAppender (GrpcLogAppender.java:onCompleted(292)) - 6546edd3-b204-4045-847b-d59968eb8222->f9c97e87-0e0b-4659-ab0c-e2c38ee83f64: follower responses appendEntries COMPLETED
2019-07-16 14:29:38,936 INFO  ratis.ContainerStateMachine (ContainerStateMachine.java:takeSnapshot(257)) - group-5654FC17A6D3: Finished taking a snapshot at:(t:2, i:6) file:/workdir/hadoop-ozone/integration-test/target/test-dir/MiniOzoneClusterImpl-ff24742d-400d-47a8-98a3-3540329a4678/datanode-2/data/ratis/b9217474-2329-4c94-858b-5654fc17a6d3/sm/snapshot.2_6 time:5
2019-07-16 14:29:38,937 INFO  impl.FollowerInfo (FollowerInfo.java:lambda$new$0(50)) - 6546edd3-b204-4045-847b-d59968eb8222->f9c97e87-0e0b-4659-ab0c-e2c38ee83f64: nextIndex: updateUnconditionally 7 -> 6
2019-07-16 14:29:38,937 INFO  impl.StateMachineUpdater (StateMachineUpdater.java:takeSnapshot(242)) - StateMachineUpdater:6546edd3-b204-4045-847b-d59968eb8222:group-5654FC17A6D3: Took a snapshot at index 6
2019-07-16 14:29:38,938 INFO  impl.StateMachineUpdater (StateMachineUpdater.java:lambda$new$0(80)) - StateMachineUpdater:6546edd3-b204-4045-847b-d59968eb8222:group-5654FC17A6D3: snapshotIndex: updateIncreasingly -1 -> 6
2019-07-16 14:29:38,938 INFO  impl.RaftServerImpl (ServerState.java:close(394)) - 6546edd3-b204-4045-847b-d59968eb8222:group-5654FC17A6D3 closes. The last applied log index is 6
2019-07-16 14:29:38,938 INFO  segmented.SegmentedRaftLogWorker (SegmentedRaftLogWorker.java:run(313)) - 6546edd3-b204-4045-847b-d59968eb8222-SegmentedRaftLogWorker:Storage Directory /workdir/hadoop-ozone/integration-test/target/test-dir/MiniOzoneClusterImpl-ff24742d-400d-47a8-98a3-3540329a4678/datanode-2/data/ratis/b9217474-2329-4c94-858b-5654fc17a6d3 was interrupted, exiting. There are 0 tasks remaining in the queue.
2019-07-16 14:29:38,940 INFO  segmented.SegmentedRaftLogWorker (SegmentedRaftLogWorker.java:close(228)) - 6546edd3-b204-4045-847b-d59968eb8222-SegmentedRaftLogWorker:Storage Directory /workdir/hadoop-ozone/integration-test/target/test-dir/MiniOzoneClusterImpl-ff24742d-400d-47a8-98a3-3540329a4678/datanode-2/data/ratis/b9217474-2329-4c94-858b-5654fc17a6d3 close()
2019-07-16 14:29:38,953 INFO  impl.RaftServerImpl (RaftServerImpl.java:lambda$shutdown$3(245)) - 6546edd3-b204-4045-847b-d59968eb8222: shutdown group-F3730E36E441
2019-07-16 14:29:38,953 INFO  util.JmxRegister (JmxRegister.java:unregister(73)) - Successfully un-registered JMX Bean with object name Ratis:service=RaftServer,group=group-F3730E36E441,id=6546edd3-b204-4045-847b-d59968eb8222
2019-07-16 14:29:38,954 INFO  impl.RoleInfo (RoleInfo.java:shutdownLeaderState(104)) - 6546edd3-b204-4045-847b-d59968eb8222: shutdown LeaderState
2019-07-16 14:29:38,954 INFO  impl.PendingRequests (PendingRequests.java:sendNotLeaderResponses(202)) - 6546edd3-b204-4045-847b-d59968eb8222-PendingRequests: sendNotLeaderResponses
2019-07-16 14:29:38,954 INFO  impl.StateMachineUpdater (StateMachineUpdater.java:stopAndJoin(115)) - StateMachineUpdater:6546edd3-b204-4045-847b-d59968eb8222:group-F3730E36E441: set stopIndex = 0
2019-07-16 14:29:38,955 INFO  impl.RaftServerImpl (ServerState.java:close(394)) - 6546edd3-b204-4045-847b-d59968eb8222:group-F3730E36E441 closes. The last applied log index is 0
2019-07-16 14:29:38,955 INFO  segmented.SegmentedRaftLogWorker (SegmentedRaftLogWorker.java:run(313)) - 6546edd3-b204-4045-847b-d59968eb8222-SegmentedRaftLogWorker:Storage Directory /workdir/hadoop-ozone/integration-test/target/test-dir/MiniOzoneClusterImpl-ff24742d-400d-47a8-98a3-3540329a4678/datanode-2/data/ratis/dd014c13-3780-4ef8-b406-f3730e36e441 was interrupted, exiting. There are 0 tasks remaining in the queue.
2019-07-16 14:29:38,957 INFO  segmented.SegmentedRaftLogWorker (SegmentedRaftLogWorker.java:close(228)) - 6546edd3-b204-4045-847b-d59968eb8222-SegmentedRaftLogWorker:Storage Directory /workdir/hadoop-ozone/integration-test/target/test-dir/MiniOzoneClusterImpl-ff24742d-400d-47a8-98a3-3540329a4678/datanode-2/data/ratis/dd014c13-3780-4ef8-b406-f3730e36e441 close()
2019-07-16 14:29:38,959 INFO  server.GrpcService (GrpcService.java:closeImpl(155)) - 6546edd3-b204-4045-847b-d59968eb8222: shutdown server with port 38470 now
2019-07-16 14:29:38,960 INFO  server.GrpcService (GrpcService.java:closeImpl(163)) - 6546edd3-b204-4045-847b-d59968eb8222: shutdown server with port 38470 successfully
2019-07-16 14:29:38,963 INFO  utils.BackgroundService (BackgroundService.java:shutdown(148)) - Shutting down service BlockDeletingService
2019-07-16 14:29:38,964 WARN  fs.CachingGetSpaceUsed (CachingGetSpaceUsed.java:run(183)) - Thread Interrupted waiting to refresh disk information: sleep interrupted
2019-07-16 14:29:38,972 INFO  statemachine.DatanodeStateMachine (DatanodeStateMachine.java:stopDaemon(395)) - Ozone container server stopped.
2019-07-16 14:29:38,973 INFO  handler.ContextHandler (ContextHandler.java:doStop(910)) - Stopped o.e.j.w.WebAppContext@2c48eb31{/,null,UNAVAILABLE}{/hddsDatanode}
2019-07-16 14:29:38,974 INFO  server.AbstractConnector (AbstractConnector.java:doStop(318)) - Stopped ServerConnector@323fa578{HTTP/1.1,[http/1.1]}{0.0.0.0:0}
2019-07-16 14:29:38,974 INFO  handler.ContextHandler (ContextHandler.java:doStop(910)) - Stopped o.e.j.s.ServletContextHandler@1606ecbb{/static,jar:file:/home/user/.m2/repository/org/apache/hadoop/hadoop-hdds-container-service/0.5.0-SNAPSHOT/hadoop-hdds-container-service-0.5.0-SNAPSHOT.jar!/webapps/static,UNAVAILABLE}
2019-07-16 14:29:38,975 INFO  handler.ContextHandler (ContextHandler.java:doStop(910)) - Stopped o.e.j.s.ServletContextHandler@213f2d00{/logs,file:///workdir/hadoop-ozone/integration-test/target/log,UNAVAILABLE}
2019-07-16 14:29:38,976 INFO  datanode.ObjectStoreHandler (ObjectStoreHandler.java:close(155)) - Closing ObjectStoreHandler.
2019-07-16 14:29:38,976 INFO  ozone.HddsDatanodeService (HddsDatanodeService.java:stop(452)) - Stopped plug-in org.apache.hadoop.ozone.web.OzoneHddsDatanodeService@4b5dd040
2019-07-16 14:29:38,995 INFO  statemachine.DatanodeStateMachine (DatanodeStateMachine.java:stopDaemon(395)) - Ozone container server stopped.
2019-07-16 14:29:38,999 INFO  handler.ContextHandler (ContextHandler.java:doStop(910)) - Stopped o.e.j.w.WebAppContext@39b265c9{/,null,UNAVAILABLE}{/hddsDatanode}
2019-07-16 14:29:38,999 INFO  server.AbstractConnector (AbstractConnector.java:doStop(318)) - Stopped ServerConnector@2c64e2d0{HTTP/1.1,[http/1.1]}{0.0.0.0:0}
2019-07-16 14:29:38,999 INFO  handler.ContextHandler (ContextHandler.java:doStop(910)) - Stopped o.e.j.s.ServletContextHandler@78b20c7f{/static,jar:file:/home/user/.m2/repository/org/apache/hadoop/hadoop-hdds-container-service/0.5.0-SNAPSHOT/hadoop-hdds-container-service-0.5.0-SNAPSHOT.jar!/webapps/static,UNAVAILABLE}
2019-07-16 14:29:39,000 INFO  handler.ContextHandler (ContextHandler.java:doStop(910)) - Stopped o.e.j.s.ServletContextHandler@676c3745{/logs,file:///workdir/hadoop-ozone/integration-test/target/log,UNAVAILABLE}
2019-07-16 14:29:39,000 INFO  datanode.ObjectStoreHandler (ObjectStoreHandler.java:close(155)) - Closing ObjectStoreHandler.
2019-07-16 14:29:39,001 INFO  ozone.HddsDatanodeService (HddsDatanodeService.java:stop(452)) - Stopped plug-in org.apache.hadoop.ozone.web.OzoneHddsDatanodeService@15961527
2019-07-16 14:29:39,531 INFO  statemachine.DatanodeStateMachine (DatanodeStateMachine.java:lambda$startDaemon$0(350)) - Ozone container server started.
2019-07-16 14:29:39,600 INFO  statemachine.DatanodeStateMachine (DatanodeStateMachine.java:lambda$startDaemon$0(350)) - Ozone container server started.
2019-07-16 14:29:40,357 WARN  server.GrpcLogAppender (LogUtils.java:warn(134)) - c3101496-7c99-4cc1-b913-97d14de9566b->9a580097-443f-4f25-891a-f226d3110303: Failed appendEntries: org.apache.ratis.thirdparty.io.grpc.StatusRuntimeException: UNAVAILABLE: io exception
2019-07-16 14:29:40,357 INFO  impl.FollowerInfo (FollowerInfo.java:lambda$new$0(50)) - c3101496-7c99-4cc1-b913-97d14de9566b->9a580097-443f-4f25-891a-f226d3110303: nextIndex: updateUnconditionally 6 -> 5
2019-07-16 14:29:40,358 WARN  server.GrpcLogAppender (LogUtils.java:warn(134)) - c3101496-7c99-4cc1-b913-97d14de9566b->55b76b8d-3392-4447-b425-b98458f81a7a: Failed appendEntries: org.apache.ratis.thirdparty.io.grpc.StatusRuntimeException: UNAVAILABLE: io exception
2019-07-16 14:29:40,359 INFO  impl.FollowerInfo (FollowerInfo.java:lambda$new$0(50)) - c3101496-7c99-4cc1-b913-97d14de9566b->55b76b8d-3392-4447-b425-b98458f81a7a: nextIndex: updateUnconditionally 8 -> 7
2019-07-16 14:29:42,857 WARN  server.GrpcLogAppender (LogUtils.java:warn(134)) - c3101496-7c99-4cc1-b913-97d14de9566b->9a580097-443f-4f25-891a-f226d3110303: Failed appendEntries: org.apache.ratis.thirdparty.io.grpc.StatusRuntimeException: UNAVAILABLE: io exception
2019-07-16 14:29:42,857 INFO  impl.FollowerInfo (FollowerInfo.java:lambda$new$0(50)) - c3101496-7c99-4cc1-b913-97d14de9566b->9a580097-443f-4f25-891a-f226d3110303: nextIndex: updateUnconditionally 5 -> 4
2019-07-16 14:29:42,859 WARN  server.GrpcLogAppender (LogUtils.java:warn(134)) - c3101496-7c99-4cc1-b913-97d14de9566b->55b76b8d-3392-4447-b425-b98458f81a7a: Failed appendEntries: org.apache.ratis.thirdparty.io.grpc.StatusRuntimeException: UNAVAILABLE: io exception
2019-07-16 14:29:42,859 INFO  impl.FollowerInfo (FollowerInfo.java:lambda$new$0(50)) - c3101496-7c99-4cc1-b913-97d14de9566b->55b76b8d-3392-4447-b425-b98458f81a7a: nextIndex: updateUnconditionally 7 -> 6
2019-07-16 14:29:43,536 INFO  node.StaleNodeHandler (StaleNodeHandler.java:onMessage(58)) - Datanode 60bce219-76bd-4774-bfc9-757c068c3404{ip: 192.168.157.241, host: trunk-nightly-gllmw-2332419065, networkLocation: /default-rack, certSerialId: null} moved to stale state. Finalizing its pipelines [PipelineID=955fa943-4d67-4f57-9557-ec971cf7066b]
2019-07-16 14:29:43,536 INFO  pipeline.SCMPipelineManager (SCMPipelineManager.java:finalizeAndDestroyPipeline(309)) - destroying pipeline:Pipeline[ Id: 955fa943-4d67-4f57-9557-ec971cf7066b, Nodes: 60bce219-76bd-4774-bfc9-757c068c3404{ip: 192.168.157.241, host: trunk-nightly-gllmw-2332419065, networkLocation: /default-rack, certSerialId: null}, Type:RATIS, Factor:ONE, State:OPEN]
2019-07-16 14:29:43,536 INFO  pipeline.PipelineStateManager (PipelineStateManager.java:finalizePipeline(123)) - Pipeline Pipeline[ Id: 955fa943-4d67-4f57-9557-ec971cf7066b, Nodes: 60bce219-76bd-4774-bfc9-757c068c3404{ip: 192.168.157.241, host: trunk-nightly-gllmw-2332419065, networkLocation: /default-rack, certSerialId: null}, Type:RATIS, Factor:ONE, State:CLOSED] moved to CLOSED state
2019-07-16 14:29:43,636 INFO  node.StaleNodeHandler (StaleNodeHandler.java:onMessage(58)) - Datanode f9c97e87-0e0b-4659-ab0c-e2c38ee83f64{ip: 192.168.157.241, host: trunk-nightly-gllmw-2332419065, networkLocation: /default-rack, certSerialId: null} moved to stale state. Finalizing its pipelines [PipelineID=b9217474-2329-4c94-858b-5654fc17a6d3, PipelineID=6b068dfb-88a9-4e82-856f-fa2c309e999d]
2019-07-16 14:29:43,636 INFO  pipeline.SCMPipelineManager (SCMPipelineManager.java:finalizeAndDestroyPipeline(309)) - destroying pipeline:Pipeline[ Id: b9217474-2329-4c94-858b-5654fc17a6d3, Nodes: 1470e55f-babc-4f44-af17-4248e7568a18{ip: 192.168.157.241, host: trunk-nightly-gllmw-2332419065, networkLocation: /default-rack, certSerialId: null}f9c97e87-0e0b-4659-ab0c-e2c38ee83f64{ip: 192.168.157.241, host: trunk-nightly-gllmw-2332419065, networkLocation: /default-rack, certSerialId: null}6546edd3-b204-4045-847b-d59968eb8222{ip: 192.168.157.241, host: trunk-nightly-gllmw-2332419065, networkLocation: /default-rack, certSerialId: null}, Type:RATIS, Factor:THREE, State:CLOSED]
2019-07-16 14:29:43,636 INFO  pipeline.SCMPipelineManager (SCMPipelineManager.java:finalizeAndDestroyPipeline(309)) - destroying pipeline:Pipeline[ Id: 6b068dfb-88a9-4e82-856f-fa2c309e999d, Nodes: f9c97e87-0e0b-4659-ab0c-e2c38ee83f64{ip: 192.168.157.241, host: trunk-nightly-gllmw-2332419065, networkLocation: /default-rack, certSerialId: null}, Type:RATIS, Factor:ONE, State:OPEN]
2019-07-16 14:29:43,637 INFO  pipeline.PipelineStateManager (PipelineStateManager.java:finalizePipeline(123)) - Pipeline Pipeline[ Id: 6b068dfb-88a9-4e82-856f-fa2c309e999d, Nodes: f9c97e87-0e0b-4659-ab0c-e2c38ee83f64{ip: 192.168.157.241, host: trunk-nightly-gllmw-2332419065, networkLocation: /default-rack, certSerialId: null}, Type:RATIS, Factor:ONE, State:CLOSED] moved to CLOSED state
2019-07-16 14:29:43,977 INFO  ozoneimpl.OzoneContainer (OzoneContainer.java:stop(199)) - Attempting to stop container services.
2019-07-16 14:29:43,977 INFO  impl.RaftServerProxy (RaftServerProxy.java:lambda$close$4(314)) - 60bce219-76bd-4774-bfc9-757c068c3404: close
2019-07-16 14:29:43,978 INFO  impl.RaftServerImpl (RaftServerImpl.java:lambda$shutdown$3(245)) - 60bce219-76bd-4774-bfc9-757c068c3404: shutdown group-EC971CF7066B
2019-07-16 14:29:43,978 INFO  util.JmxRegister (JmxRegister.java:unregister(73)) - Successfully un-registered JMX Bean with object name Ratis:service=RaftServer,group=group-EC971CF7066B,id=60bce219-76bd-4774-bfc9-757c068c3404
2019-07-16 14:29:43,979 INFO  impl.RoleInfo (RoleInfo.java:shutdownLeaderState(104)) - 60bce219-76bd-4774-bfc9-757c068c3404: shutdown LeaderState
2019-07-16 14:29:43,979 INFO  impl.PendingRequests (PendingRequests.java:sendNotLeaderResponses(202)) - 60bce219-76bd-4774-bfc9-757c068c3404-PendingRequests: sendNotLeaderResponses
2019-07-16 14:29:43,979 INFO  impl.StateMachineUpdater (StateMachineUpdater.java:stopAndJoin(115)) - StateMachineUpdater:60bce219-76bd-4774-bfc9-757c068c3404:group-EC971CF7066B: set stopIndex = 0
2019-07-16 14:29:43,980 INFO  impl.RaftServerImpl (ServerState.java:close(394)) - 60bce219-76bd-4774-bfc9-757c068c3404:group-EC971CF7066B closes. The last applied log index is 0
2019-07-16 14:29:43,980 INFO  segmented.SegmentedRaftLogWorker (SegmentedRaftLogWorker.java:run(313)) - 60bce219-76bd-4774-bfc9-757c068c3404-SegmentedRaftLogWorker:Storage Directory /workdir/hadoop-ozone/integration-test/target/test-dir/MiniOzoneClusterImpl-ff24742d-400d-47a8-98a3-3540329a4678/datanode-6/data/ratis/955fa943-4d67-4f57-9557-ec971cf7066b was interrupted, exiting. There are 0 tasks remaining in the queue.
2019-07-16 14:29:43,983 INFO  segmented.SegmentedRaftLogWorker (SegmentedRaftLogWorker.java:close(228)) - 60bce219-76bd-4774-bfc9-757c068c3404-SegmentedRaftLogWorker:Storage Directory /workdir/hadoop-ozone/integration-test/target/test-dir/MiniOzoneClusterImpl-ff24742d-400d-47a8-98a3-3540329a4678/datanode-6/data/ratis/955fa943-4d67-4f57-9557-ec971cf7066b close()
2019-07-16 14:29:43,985 INFO  server.GrpcService (GrpcService.java:closeImpl(155)) - 60bce219-76bd-4774-bfc9-757c068c3404: shutdown server with port 33143 now
2019-07-16 14:29:43,987 INFO  server.GrpcService (GrpcService.java:closeImpl(163)) - 60bce219-76bd-4774-bfc9-757c068c3404: shutdown server with port 33143 successfully
2019-07-16 14:29:43,988 INFO  utils.BackgroundService (BackgroundService.java:shutdown(148)) - Shutting down service BlockDeletingService
2019-07-16 14:29:43,989 WARN  fs.CachingGetSpaceUsed (CachingGetSpaceUsed.java:run(183)) - Thread Interrupted waiting to refresh disk information: sleep interrupted
2019-07-16 14:29:44,001 INFO  ozoneimpl.OzoneContainer (OzoneContainer.java:stop(199)) - Attempting to stop container services.
2019-07-16 14:29:44,002 INFO  impl.RaftServerProxy (RaftServerProxy.java:lambda$close$4(314)) - f9c97e87-0e0b-4659-ab0c-e2c38ee83f64: close
2019-07-16 14:29:44,002 INFO  impl.RaftServerImpl (RaftServerImpl.java:lambda$shutdown$3(245)) - f9c97e87-0e0b-4659-ab0c-e2c38ee83f64: shutdown group-5654FC17A6D3
2019-07-16 14:29:44,002 INFO  util.JmxRegister (JmxRegister.java:unregister(73)) - Successfully un-registered JMX Bean with object name Ratis:service=RaftServer,group=group-5654FC17A6D3,id=f9c97e87-0e0b-4659-ab0c-e2c38ee83f64
2019-07-16 14:29:44,002 INFO  impl.RoleInfo (RoleInfo.java:shutdownFollowerState(121)) - f9c97e87-0e0b-4659-ab0c-e2c38ee83f64: shutdown FollowerState
2019-07-16 14:29:44,003 INFO  impl.StateMachineUpdater (StateMachineUpdater.java:stopAndJoin(115)) - StateMachineUpdater:f9c97e87-0e0b-4659-ab0c-e2c38ee83f64:group-5654FC17A6D3: set stopIndex = 6
2019-07-16 14:29:44,003 INFO  ratis.ContainerStateMachine (ContainerStateMachine.java:takeSnapshot(249)) - group-5654FC17A6D3: Taking a snapshot at:(t:2, i:4) file /workdir/hadoop-ozone/integration-test/target/test-dir/MiniOzoneClusterImpl-ff24742d-400d-47a8-98a3-3540329a4678/datanode-0/data/ratis/b9217474-2329-4c94-858b-5654fc17a6d3/sm/snapshot.2_4
2019-07-16 14:29:44,003 INFO  impl.FollowerState (FollowerState.java:run(114)) - f9c97e87-0e0b-4659-ab0c-e2c38ee83f64: FollowerState was interrupted: java.lang.InterruptedException: sleep interrupted
2019-07-16 14:29:44,005 INFO  ratis.ContainerStateMachine (ContainerStateMachine.java:takeSnapshot(257)) - group-5654FC17A6D3: Finished taking a snapshot at:(t:2, i:4) file:/workdir/hadoop-ozone/integration-test/target/test-dir/MiniOzoneClusterImpl-ff24742d-400d-47a8-98a3-3540329a4678/datanode-0/data/ratis/b9217474-2329-4c94-858b-5654fc17a6d3/sm/snapshot.2_4 time:2
2019-07-16 14:29:44,005 INFO  impl.StateMachineUpdater (StateMachineUpdater.java:takeSnapshot(242)) - StateMachineUpdater:f9c97e87-0e0b-4659-ab0c-e2c38ee83f64:group-5654FC17A6D3: Took a snapshot at index 4
2019-07-16 14:29:44,005 INFO  impl.StateMachineUpdater (StateMachineUpdater.java:lambda$new$0(80)) - StateMachineUpdater:f9c97e87-0e0b-4659-ab0c-e2c38ee83f64:group-5654FC17A6D3: snapshotIndex: updateIncreasingly -1 -> 4
2019-07-16 14:29:44,005 INFO  impl.RaftServerImpl (ServerState.java:close(394)) - f9c97e87-0e0b-4659-ab0c-e2c38ee83f64:group-5654FC17A6D3 closes. The last applied log index is 6
2019-07-16 14:29:44,005 INFO  segmented.SegmentedRaftLogWorker (SegmentedRaftLogWorker.java:run(313)) - f9c97e87-0e0b-4659-ab0c-e2c38ee83f64-SegmentedRaftLogWorker:Storage Directory /workdir/hadoop-ozone/integration-test/target/test-dir/MiniOzoneClusterImpl-ff24742d-400d-47a8-98a3-3540329a4678/datanode-0/data/ratis/b9217474-2329-4c94-858b-5654fc17a6d3 was interrupted, exiting. There are 0 tasks remaining in the queue.
2019-07-16 14:29:44,007 INFO  segmented.SegmentedRaftLogWorker (SegmentedRaftLogWorker.java:close(228)) - f9c97e87-0e0b-4659-ab0c-e2c38ee83f64-SegmentedRaftLogWorker:Storage Directory /workdir/hadoop-ozone/integration-test/target/test-dir/MiniOzoneClusterImpl-ff24742d-400d-47a8-98a3-3540329a4678/datanode-0/data/ratis/b9217474-2329-4c94-858b-5654fc17a6d3 close()
2019-07-16 14:29:44,009 INFO  impl.RaftServerImpl (RaftServerImpl.java:lambda$shutdown$3(245)) - f9c97e87-0e0b-4659-ab0c-e2c38ee83f64: shutdown group-FA2C309E999D
2019-07-16 14:29:44,010 INFO  util.JmxRegister (JmxRegister.java:unregister(73)) - Successfully un-registered JMX Bean with object name Ratis:service=RaftServer,group=group-FA2C309E999D,id=f9c97e87-0e0b-4659-ab0c-e2c38ee83f64
2019-07-16 14:29:44,012 INFO  statemachine.DatanodeStateMachine (DatanodeStateMachine.java:stopDaemon(395)) - Ozone container server stopped.
2019-07-16 14:29:44,012 INFO  impl.RoleInfo (RoleInfo.java:shutdownLeaderState(104)) - f9c97e87-0e0b-4659-ab0c-e2c38ee83f64: shutdown LeaderState
2019-07-16 14:29:44,012 INFO  impl.PendingRequests (PendingRequests.java:sendNotLeaderResponses(202)) - f9c97e87-0e0b-4659-ab0c-e2c38ee83f64-PendingRequests: sendNotLeaderResponses
2019-07-16 14:29:44,013 INFO  impl.StateMachineUpdater (StateMachineUpdater.java:stopAndJoin(115)) - StateMachineUpdater:f9c97e87-0e0b-4659-ab0c-e2c38ee83f64:group-FA2C309E999D: set stopIndex = 0
2019-07-16 14:29:44,013 INFO  handler.ContextHandler (ContextHandler.java:doStop(910)) - Stopped o.e.j.w.WebAppContext@3656a6cd{/,null,UNAVAILABLE}{/hddsDatanode}
2019-07-16 14:29:44,013 INFO  impl.RaftServerImpl (ServerState.java:close(394)) - f9c97e87-0e0b-4659-ab0c-e2c38ee83f64:group-FA2C309E999D closes. The last applied log index is 0
2019-07-16 14:29:44,013 INFO  segmented.SegmentedRaftLogWorker (SegmentedRaftLogWorker.java:run(313)) - f9c97e87-0e0b-4659-ab0c-e2c38ee83f64-SegmentedRaftLogWorker:Storage Directory /workdir/hadoop-ozone/integration-test/target/test-dir/MiniOzoneClusterImpl-ff24742d-400d-47a8-98a3-3540329a4678/datanode-0/data/ratis/6b068dfb-88a9-4e82-856f-fa2c309e999d was interrupted, exiting. There are 0 tasks remaining in the queue.
2019-07-16 14:29:44,013 INFO  server.AbstractConnector (AbstractConnector.java:doStop(318)) - Stopped ServerConnector@7eee42fc{HTTP/1.1,[http/1.1]}{0.0.0.0:0}
2019-07-16 14:29:44,015 INFO  segmented.SegmentedRaftLogWorker (SegmentedRaftLogWorker.java:close(228)) - f9c97e87-0e0b-4659-ab0c-e2c38ee83f64-SegmentedRaftLogWorker:Storage Directory /workdir/hadoop-ozone/integration-test/target/test-dir/MiniOzoneClusterImpl-ff24742d-400d-47a8-98a3-3540329a4678/datanode-0/data/ratis/6b068dfb-88a9-4e82-856f-fa2c309e999d close()
2019-07-16 14:29:44,015 INFO  handler.ContextHandler (ContextHandler.java:doStop(910)) - Stopped o.e.j.s.ServletContextHandler@e471cef{/static,jar:file:/home/user/.m2/repository/org/apache/hadoop/hadoop-hdds-container-service/0.5.0-SNAPSHOT/hadoop-hdds-container-service-0.5.0-SNAPSHOT.jar!/webapps/static,UNAVAILABLE}
2019-07-16 14:29:44,017 INFO  server.GrpcService (GrpcService.java:closeImpl(155)) - f9c97e87-0e0b-4659-ab0c-e2c38ee83f64: shutdown server with port 35303 now
2019-07-16 14:29:44,017 INFO  handler.ContextHandler (ContextHandler.java:doStop(910)) - Stopped o.e.j.s.ServletContextHandler@3443732a{/logs,file:///workdir/hadoop-ozone/integration-test/target/log,UNAVAILABLE}
2019-07-16 14:29:44,018 INFO  server.GrpcService (GrpcService.java:closeImpl(163)) - f9c97e87-0e0b-4659-ab0c-e2c38ee83f64: shutdown server with port 35303 successfully
2019-07-16 14:29:44,018 INFO  datanode.ObjectStoreHandler (ObjectStoreHandler.java:close(155)) - Closing ObjectStoreHandler.
2019-07-16 14:29:44,019 INFO  ozone.HddsDatanodeService (HddsDatanodeService.java:stop(452)) - Stopped plug-in org.apache.hadoop.ozone.web.OzoneHddsDatanodeService@21b05a8a
2019-07-16 14:29:44,019 INFO  utils.BackgroundService (BackgroundService.java:shutdown(148)) - Shutting down service BlockDeletingService
2019-07-16 14:29:44,020 WARN  fs.CachingGetSpaceUsed (CachingGetSpaceUsed.java:run(183)) - Thread Interrupted waiting to refresh disk information: sleep interrupted
2019-07-16 14:29:44,043 INFO  statemachine.DatanodeStateMachine (DatanodeStateMachine.java:stopDaemon(395)) - Ozone container server stopped.
2019-07-16 14:29:44,046 INFO  handler.ContextHandler (ContextHandler.java:doStop(910)) - Stopped o.e.j.w.WebAppContext@17eb5661{/,null,UNAVAILABLE}{/hddsDatanode}
2019-07-16 14:29:44,047 INFO  server.AbstractConnector (AbstractConnector.java:doStop(318)) - Stopped ServerConnector@63b0aeb1{HTTP/1.1,[http/1.1]}{0.0.0.0:0}
2019-07-16 14:29:44,047 INFO  handler.ContextHandler (ContextHandler.java:doStop(910)) - Stopped o.e.j.s.ServletContextHandler@3695e4f2{/static,jar:file:/home/user/.m2/repository/org/apache/hadoop/hadoop-hdds-container-service/0.5.0-SNAPSHOT/hadoop-hdds-container-service-0.5.0-SNAPSHOT.jar!/webapps/static,UNAVAILABLE}
2019-07-16 14:29:44,047 INFO  handler.ContextHandler (ContextHandler.java:doStop(910)) - Stopped o.e.j.s.ServletContextHandler@6f2f4b9e{/logs,file:///workdir/hadoop-ozone/integration-test/target/log,UNAVAILABLE}
2019-07-16 14:29:44,396 INFO  statemachine.DatanodeStateMachine (DatanodeStateMachine.java:lambda$startDaemon$0(350)) - Ozone container server started.
2019-07-16 14:29:45,357 WARN  server.GrpcLogAppender (LogUtils.java:warn(134)) - c3101496-7c99-4cc1-b913-97d14de9566b->9a580097-443f-4f25-891a-f226d3110303: Failed appendEntries: org.apache.ratis.thirdparty.io.grpc.StatusRuntimeException: UNAVAILABLE: io exception
2019-07-16 14:29:45,358 INFO  impl.FollowerInfo (FollowerInfo.java:lambda$new$0(50)) - c3101496-7c99-4cc1-b913-97d14de9566b->9a580097-443f-4f25-891a-f226d3110303: nextIndex: updateUnconditionally 4 -> 3
2019-07-16 14:29:45,359 WARN  server.GrpcLogAppender (LogUtils.java:warn(134)) - c3101496-7c99-4cc1-b913-97d14de9566b->55b76b8d-3392-4447-b425-b98458f81a7a: Failed appendEntries: org.apache.ratis.thirdparty.io.grpc.StatusRuntimeException: UNAVAILABLE: io exception
2019-07-16 14:29:45,359 INFO  impl.FollowerInfo (FollowerInfo.java:lambda$new$0(50)) - c3101496-7c99-4cc1-b913-97d14de9566b->55b76b8d-3392-4447-b425-b98458f81a7a: nextIndex: updateUnconditionally 6 -> 5
2019-07-16 14:29:47,858 WARN  server.GrpcLogAppender (LogUtils.java:warn(134)) - c3101496-7c99-4cc1-b913-97d14de9566b->9a580097-443f-4f25-891a-f226d3110303: Failed appendEntries: org.apache.ratis.thirdparty.io.grpc.StatusRuntimeException: UNAVAILABLE: io exception
2019-07-16 14:29:47,858 INFO  impl.FollowerInfo (FollowerInfo.java:lambda$new$0(50)) - c3101496-7c99-4cc1-b913-97d14de9566b->9a580097-443f-4f25-891a-f226d3110303: nextIndex: updateUnconditionally 3 -> 2
2019-07-16 14:29:47,860 WARN  server.GrpcLogAppender (LogUtils.java:warn(134)) - c3101496-7c99-4cc1-b913-97d14de9566b->55b76b8d-3392-4447-b425-b98458f81a7a: Failed appendEntries: org.apache.ratis.thirdparty.io.grpc.StatusRuntimeException: UNAVAILABLE: io exception
2019-07-16 14:29:47,860 INFO  impl.FollowerInfo (FollowerInfo.java:lambda$new$0(50)) - c3101496-7c99-4cc1-b913-97d14de9566b->55b76b8d-3392-4447-b425-b98458f81a7a: nextIndex: updateUnconditionally 5 -> 4
2019-07-16 14:29:48,444 INFO  node.StaleNodeHandler (StaleNodeHandler.java:onMessage(58)) - Datanode c3101496-7c99-4cc1-b913-97d14de9566b{ip: 192.168.157.241, host: trunk-nightly-gllmw-2332419065, networkLocation: /default-rack, certSerialId: null} moved to stale state. Finalizing its pipelines [PipelineID=9d4d932e-d30b-494b-96d4-2304ccb8efb1, PipelineID=c55943eb-7d7f-4a26-9839-5c66bdf00459]
2019-07-16 14:29:48,445 INFO  pipeline.SCMPipelineManager (SCMPipelineManager.java:finalizeAndDestroyPipeline(309)) - destroying pipeline:Pipeline[ Id: 9d4d932e-d30b-494b-96d4-2304ccb8efb1, Nodes: 9a580097-443f-4f25-891a-f226d3110303{ip: 192.168.157.241, host: trunk-nightly-gllmw-2332419065, networkLocation: /default-rack, certSerialId: null}55b76b8d-3392-4447-b425-b98458f81a7a{ip: 192.168.157.241, host: trunk-nightly-gllmw-2332419065, networkLocation: /default-rack, certSerialId: null}c3101496-7c99-4cc1-b913-97d14de9566b{ip: 192.168.157.241, host: trunk-nightly-gllmw-2332419065, networkLocation: /default-rack, certSerialId: null}, Type:RATIS, Factor:THREE, State:CLOSED]
2019-07-16 14:29:48,445 INFO  pipeline.SCMPipelineManager (SCMPipelineManager.java:finalizeAndDestroyPipeline(309)) - destroying pipeline:Pipeline[ Id: c55943eb-7d7f-4a26-9839-5c66bdf00459, Nodes: c3101496-7c99-4cc1-b913-97d14de9566b{ip: 192.168.157.241, host: trunk-nightly-gllmw-2332419065, networkLocation: /default-rack, certSerialId: null}, Type:RATIS, Factor:ONE, State:OPEN]
2019-07-16 14:29:48,445 INFO  pipeline.PipelineStateManager (PipelineStateManager.java:finalizePipeline(123)) - Pipeline Pipeline[ Id: c55943eb-7d7f-4a26-9839-5c66bdf00459, Nodes: c3101496-7c99-4cc1-b913-97d14de9566b{ip: 192.168.157.241, host: trunk-nightly-gllmw-2332419065, networkLocation: /default-rack, certSerialId: null}, Type:RATIS, Factor:ONE, State:CLOSED] moved to CLOSED state
2019-07-16 14:29:49,019 INFO  ozoneimpl.OzoneContainer (OzoneContainer.java:stop(199)) - Attempting to stop container services.
2019-07-16 14:29:49,020 INFO  impl.RaftServerProxy (RaftServerProxy.java:lambda$close$4(314)) - c3101496-7c99-4cc1-b913-97d14de9566b: close
2019-07-16 14:29:49,021 INFO  impl.RaftServerImpl (RaftServerImpl.java:lambda$shutdown$3(245)) - c3101496-7c99-4cc1-b913-97d14de9566b: shutdown group-2304CCB8EFB1
2019-07-16 14:29:49,021 INFO  util.JmxRegister (JmxRegister.java:unregister(73)) - Successfully un-registered JMX Bean with object name Ratis:service=RaftServer,group=group-2304CCB8EFB1,id=c3101496-7c99-4cc1-b913-97d14de9566b
2019-07-16 14:29:49,022 INFO  impl.RoleInfo (RoleInfo.java:shutdownLeaderState(104)) - c3101496-7c99-4cc1-b913-97d14de9566b: shutdown LeaderState
2019-07-16 14:29:49,025 INFO  impl.PendingRequests (PendingRequests.java:sendNotLeaderResponses(202)) - c3101496-7c99-4cc1-b913-97d14de9566b-PendingRequests: sendNotLeaderResponses
2019-07-16 14:29:49,025 WARN  server.GrpcLogAppender (GrpcLogAppender.java:mayWait(143)) - GrpcLogAppender(c3101496-7c99-4cc1-b913-97d14de9566b->55b76b8d-3392-4447-b425-b98458f81a7a): Wait interrupted by java.lang.InterruptedException
2019-07-16 14:29:49,025 WARN  server.GrpcLogAppender (GrpcLogAppender.java:mayWait(143)) - GrpcLogAppender(c3101496-7c99-4cc1-b913-97d14de9566b->9a580097-443f-4f25-891a-f226d3110303): Wait interrupted by java.lang.InterruptedException
2019-07-16 14:29:49,027 INFO  impl.StateMachineUpdater (StateMachineUpdater.java:stopAndJoin(115)) - StateMachineUpdater:c3101496-7c99-4cc1-b913-97d14de9566b:group-2304CCB8EFB1: set stopIndex = 8
2019-07-16 14:29:49,027 INFO  ratis.ContainerStateMachine (ContainerStateMachine.java:takeSnapshot(249)) - group-2304CCB8EFB1: Taking a snapshot at:(t:1, i:8) file /workdir/hadoop-ozone/integration-test/target/test-dir/MiniOzoneClusterImpl-ff24742d-400d-47a8-98a3-3540329a4678/datanode-5/data/ratis/9d4d932e-d30b-494b-96d4-2304ccb8efb1/sm/snapshot.1_8
2019-07-16 14:29:49,041 INFO  ratis.ContainerStateMachine (ContainerStateMachine.java:takeSnapshot(257)) - group-2304CCB8EFB1: Finished taking a snapshot at:(t:1, i:8) file:/workdir/hadoop-ozone/integration-test/target/test-dir/MiniOzoneClusterImpl-ff24742d-400d-47a8-98a3-3540329a4678/datanode-5/data/ratis/9d4d932e-d30b-494b-96d4-2304ccb8efb1/sm/snapshot.1_8 time:14
2019-07-16 14:29:49,041 INFO  impl.StateMachineUpdater (StateMachineUpdater.java:takeSnapshot(242)) - StateMachineUpdater:c3101496-7c99-4cc1-b913-97d14de9566b:group-2304CCB8EFB1: Took a snapshot at index 8
2019-07-16 14:29:49,041 INFO  impl.StateMachineUpdater (StateMachineUpdater.java:lambda$new$0(80)) - StateMachineUpdater:c3101496-7c99-4cc1-b913-97d14de9566b:group-2304CCB8EFB1: snapshotIndex: updateIncreasingly -1 -> 8
2019-07-16 14:29:49,043 INFO  impl.RaftServerImpl (ServerState.java:close(394)) - c3101496-7c99-4cc1-b913-97d14de9566b:group-2304CCB8EFB1 closes. The last applied log index is 8
2019-07-16 14:29:49,043 INFO  segmented.SegmentedRaftLogWorker (SegmentedRaftLogWorker.java:run(313)) - c3101496-7c99-4cc1-b913-97d14de9566b-SegmentedRaftLogWorker:Storage Directory /workdir/hadoop-ozone/integration-test/target/test-dir/MiniOzoneClusterImpl-ff24742d-400d-47a8-98a3-3540329a4678/datanode-5/data/ratis/9d4d932e-d30b-494b-96d4-2304ccb8efb1 was interrupted, exiting. There are 0 tasks remaining in the queue.
2019-07-16 14:29:49,045 INFO  segmented.SegmentedRaftLogWorker (SegmentedRaftLogWorker.java:close(228)) - c3101496-7c99-4cc1-b913-97d14de9566b-SegmentedRaftLogWorker:Storage Directory /workdir/hadoop-ozone/integration-test/target/test-dir/MiniOzoneClusterImpl-ff24742d-400d-47a8-98a3-3540329a4678/datanode-5/data/ratis/9d4d932e-d30b-494b-96d4-2304ccb8efb1 close()
2019-07-16 14:29:49,047 INFO  impl.RaftServerImpl (RaftServerImpl.java:lambda$shutdown$3(245)) - c3101496-7c99-4cc1-b913-97d14de9566b: shutdown group-5C66BDF00459
2019-07-16 14:29:49,047 INFO  util.JmxRegister (JmxRegister.java:unregister(73)) - Successfully un-registered JMX Bean with object name Ratis:service=RaftServer,group=group-5C66BDF00459,id=c3101496-7c99-4cc1-b913-97d14de9566b
2019-07-16 14:29:49,048 INFO  impl.RoleInfo (RoleInfo.java:shutdownLeaderState(104)) - c3101496-7c99-4cc1-b913-97d14de9566b: shutdown LeaderState
2019-07-16 14:29:49,048 INFO  impl.PendingRequests (PendingRequests.java:sendNotLeaderResponses(202)) - c3101496-7c99-4cc1-b913-97d14de9566b-PendingRequests: sendNotLeaderResponses
2019-07-16 14:29:49,049 INFO  impl.StateMachineUpdater (StateMachineUpdater.java:stopAndJoin(115)) - StateMachineUpdater:c3101496-7c99-4cc1-b913-97d14de9566b:group-5C66BDF00459: set stopIndex = 0
2019-07-16 14:29:49,049 INFO  impl.RaftServerImpl (ServerState.java:close(394)) - c3101496-7c99-4cc1-b913-97d14de9566b:group-5C66BDF00459 closes. The last applied log index is 0
2019-07-16 14:29:49,050 INFO  segmented.SegmentedRaftLogWorker (SegmentedRaftLogWorker.java:run(313)) - c3101496-7c99-4cc1-b913-97d14de9566b-SegmentedRaftLogWorker:Storage Directory /workdir/hadoop-ozone/integration-test/target/test-dir/MiniOzoneClusterImpl-ff24742d-400d-47a8-98a3-3540329a4678/datanode-5/data/ratis/c55943eb-7d7f-4a26-9839-5c66bdf00459 was interrupted, exiting. There are 0 tasks remaining in the queue.
2019-07-16 14:29:49,052 INFO  segmented.SegmentedRaftLogWorker (SegmentedRaftLogWorker.java:close(228)) - c3101496-7c99-4cc1-b913-97d14de9566b-SegmentedRaftLogWorker:Storage Directory /workdir/hadoop-ozone/integration-test/target/test-dir/MiniOzoneClusterImpl-ff24742d-400d-47a8-98a3-3540329a4678/datanode-5/data/ratis/c55943eb-7d7f-4a26-9839-5c66bdf00459 close()
2019-07-16 14:29:49,054 INFO  server.GrpcService (GrpcService.java:closeImpl(155)) - c3101496-7c99-4cc1-b913-97d14de9566b: shutdown server with port 35901 now
2019-07-16 14:29:49,055 INFO  server.GrpcService (GrpcService.java:closeImpl(163)) - c3101496-7c99-4cc1-b913-97d14de9566b: shutdown server with port 35901 successfully
2019-07-16 14:29:49,056 INFO  utils.BackgroundService (BackgroundService.java:shutdown(148)) - Shutting down service BlockDeletingService
2019-07-16 14:29:49,057 WARN  fs.CachingGetSpaceUsed (CachingGetSpaceUsed.java:run(183)) - Thread Interrupted waiting to refresh disk information: sleep interrupted
2019-07-16 14:29:49,072 INFO  statemachine.DatanodeStateMachine (DatanodeStateMachine.java:stopDaemon(395)) - Ozone container server stopped.
2019-07-16 14:29:49,073 INFO  handler.ContextHandler (ContextHandler.java:doStop(910)) - Stopped o.e.j.w.WebAppContext@69abff1d{/,null,UNAVAILABLE}{/hddsDatanode}
2019-07-16 14:29:49,074 INFO  server.AbstractConnector (AbstractConnector.java:doStop(318)) - Stopped ServerConnector@7980eb2{HTTP/1.1,[http/1.1]}{0.0.0.0:0}
2019-07-16 14:29:49,074 INFO  handler.ContextHandler (ContextHandler.java:doStop(910)) - Stopped o.e.j.s.ServletContextHandler@276511ca{/static,jar:file:/home/user/.m2/repository/org/apache/hadoop/hadoop-hdds-container-service/0.5.0-SNAPSHOT/hadoop-hdds-container-service-0.5.0-SNAPSHOT.jar!/webapps/static,UNAVAILABLE}
2019-07-16 14:29:49,075 INFO  handler.ContextHandler (ContextHandler.java:doStop(910)) - Stopped o.e.j.s.ServletContextHandler@5f7cc6fd{/logs,file:///workdir/hadoop-ozone/integration-test/target/log,UNAVAILABLE}
2019-07-16 14:29:49,076 INFO  ozone.MiniOzoneClusterImpl (MiniOzoneClusterImpl.java:stop(353)) - Stopping the StorageContainerManager
2019-07-16 14:29:49,076 INFO  server.StorageContainerManager (StorageContainerManager.java:stop(796)) - Stopping Replication Manager Service.
2019-07-16 14:29:49,076 INFO  container.ReplicationManager (ReplicationManager.java:stop(187)) - Stopping Replication Monitor Thread.
2019-07-16 14:29:49,076 INFO  server.StorageContainerManager (StorageContainerManager.java:stop(803)) - Stopping Lease Manager of the command watchers
2019-07-16 14:29:49,076 INFO  server.StorageContainerManager (StorageContainerManager.java:stop(810)) - Stopping datanode service RPC server
2019-07-16 14:29:49,077 INFO  server.SCMDatanodeProtocolServer (SCMDatanodeProtocolServer.java:stop(375)) - Stopping the RPC server for DataNodes
2019-07-16 14:29:49,077 INFO  ipc.Server (Server.java:stop(3082)) - Stopping server on 43604
2019-07-16 14:29:49,079 INFO  ipc.Server (Server.java:run(1185)) - Stopping IPC Server listener on 43604
2019-07-16 14:29:49,080 INFO  ipc.Server (Server.java:run(1319)) - Stopping IPC Server Responder
2019-07-16 14:29:49,145 WARN  node.NodeStateManager (NodeStateManager.java:scheduleNextHealthCheck(631)) - Current Thread is interrupted, shutting down HB processing thread for Node Manager.
2019-07-16 14:29:49,145 INFO  server.StorageContainerManager (StorageContainerManager.java:stop(818)) - Stopping block service RPC server
2019-07-16 14:29:49,146 INFO  server.SCMBlockProtocolServer (SCMBlockProtocolServer.java:stop(148)) - Stopping the RPC server for Block Protocol
2019-07-16 14:29:49,146 INFO  ipc.Server (Server.java:stop(3082)) - Stopping server on 33874
2019-07-16 14:29:49,148 INFO  ipc.Server (Server.java:run(1185)) - Stopping IPC Server listener on 33874
2019-07-16 14:29:49,153 INFO  server.StorageContainerManager (StorageContainerManager.java:stop(825)) - Stopping the StorageContainerLocationProtocol RPC server
2019-07-16 14:29:49,148 INFO  ipc.Server (Server.java:run(1319)) - Stopping IPC Server Responder
2019-07-16 14:29:49,156 INFO  server.SCMClientProtocolServer (SCMClientProtocolServer.java:stop(157)) - Stopping the RPC server for Client Protocol
2019-07-16 14:29:49,156 INFO  ipc.Server (Server.java:stop(3082)) - Stopping server on 37123
2019-07-16 14:29:49,159 INFO  ipc.Server (Server.java:run(1185)) - Stopping IPC Server listener on 37123
2019-07-16 14:29:49,159 INFO  server.StorageContainerManager (StorageContainerManager.java:stop(832)) - Stopping Storage Container Manager HTTP server.
2019-07-16 14:29:49,159 INFO  ipc.Server (Server.java:run(1319)) - Stopping IPC Server Responder
2019-07-16 14:29:49,161 INFO  handler.ContextHandler (ContextHandler.java:doStop(910)) - Stopped o.e.j.w.WebAppContext@6efd83ac{/,null,UNAVAILABLE}{/scm}
2019-07-16 14:29:49,162 INFO  server.AbstractConnector (AbstractConnector.java:doStop(318)) - Stopped ServerConnector@117e9a56{HTTP/1.1,[http/1.1]}{0.0.0.0:0}
2019-07-16 14:29:49,162 INFO  handler.ContextHandler (ContextHandler.java:doStop(910)) - Stopped o.e.j.s.ServletContextHandler@55bf08a5{/static,file:///workdir/hadoop-ozone/integration-test/target/test-classes/webapps/static,UNAVAILABLE}
2019-07-16 14:29:49,163 INFO  handler.ContextHandler (ContextHandler.java:doStop(910)) - Stopped o.e.j.s.ServletContextHandler@42cef0af{/logs,file:///workdir/hadoop-ozone/integration-test/target/log,UNAVAILABLE}
2019-07-16 14:29:49,163 INFO  server.StorageContainerManager (StorageContainerManager.java:stop(843)) - Stopping Block Manager Service.
2019-07-16 14:29:49,164 INFO  utils.BackgroundService (BackgroundService.java:shutdown(148)) - Shutting down service SCMBlockDeletingService
2019-07-16 14:29:49,164 INFO  utils.BackgroundService (BackgroundService.java:shutdown(148)) - Shutting down service SCMBlockDeletingService
2019-07-16 14:29:49,164 INFO  server.StorageContainerManager (StorageContainerManager.java:stop(865)) - Stopping SCM Event Queue.
2019-07-16 14:29:49,168 INFO  impl.MetricsSystemImpl (MetricsSystemImpl.java:stop(210)) - Stopping HddsDatanode metrics system...
2019-07-16 14:29:49,178 INFO  impl.MetricsSystemImpl (MetricsSystemImpl.java:stop(216)) - HddsDatanode metrics system stopped.
]]></system-out>
    <system-err><![CDATA[Jul 16, 2019 2:29:13 PM com.sun.jersey.server.impl.application.WebApplicationImpl _initiate
INFO: Initiating Jersey application, version 'Jersey: 1.19 02/11/2015 03:25 AM'
Jul 16, 2019 2:29:13 PM com.sun.jersey.server.impl.application.WebApplicationImpl _initiate
INFO: Initiating Jersey application, version 'Jersey: 1.19 02/11/2015 03:25 AM'
Jul 16, 2019 2:29:13 PM com.sun.jersey.server.impl.application.WebApplicationImpl _initiate
INFO: Initiating Jersey application, version 'Jersey: 1.19 02/11/2015 03:25 AM'
Jul 16, 2019 2:29:13 PM com.sun.jersey.server.impl.application.WebApplicationImpl _initiate
INFO: Initiating Jersey application, version 'Jersey: 1.19 02/11/2015 03:25 AM'
Jul 16, 2019 2:29:13 PM com.sun.jersey.server.impl.application.WebApplicationImpl _initiate
INFO: Initiating Jersey application, version 'Jersey: 1.19 02/11/2015 03:25 AM'
Jul 16, 2019 2:29:14 PM com.sun.jersey.server.impl.application.WebApplicationImpl _initiate
INFO: Initiating Jersey application, version 'Jersey: 1.19 02/11/2015 03:25 AM'
Jul 16, 2019 2:29:14 PM com.sun.jersey.server.impl.application.WebApplicationImpl _initiate
INFO: Initiating Jersey application, version 'Jersey: 1.19 02/11/2015 03:25 AM'
]]></system-err>
  </testcase>
  <testcase name="testWatchForCommitWithCloseContainerException" classname="org.apache.hadoop.ozone.client.rpc.TestBlockOutputStreamWithFailures" time="37.447">
    <error type="java.lang.IllegalArgumentException">java.lang.IllegalArgumentException
	at com.google.common.base.Preconditions.checkArgument(Preconditions.java:72)
	at org.apache.hadoop.hdds.scm.XceiverClientManager.acquireClient(XceiverClientManager.java:150)
	at org.apache.hadoop.hdds.scm.XceiverClientManager.acquireClientForReadData(XceiverClientManager.java:143)
	at org.apache.hadoop.hdds.scm.storage.BlockInputStream.getChunkInfos(BlockInputStream.java:154)
	at org.apache.hadoop.hdds.scm.storage.BlockInputStream.initialize(BlockInputStream.java:118)
	at org.apache.hadoop.hdds.scm.storage.BlockInputStream.read(BlockInputStream.java:222)
	at org.apache.hadoop.ozone.client.io.KeyInputStream.read(KeyInputStream.java:171)
	at org.apache.hadoop.ozone.client.io.OzoneInputStream.read(OzoneInputStream.java:47)
	at java.io.InputStream.read(InputStream.java:101)
	at org.apache.hadoop.ozone.container.ContainerTestHelper.validateData(ContainerTestHelper.java:709)
	at org.apache.hadoop.ozone.client.rpc.TestBlockOutputStreamWithFailures.validateData(TestBlockOutputStreamWithFailures.java:1212)
	at org.apache.hadoop.ozone.client.rpc.TestBlockOutputStreamWithFailures.testWatchForCommitWithCloseContainerException(TestBlockOutputStreamWithFailures.java:260)
	at sun.reflect.NativeMethodAccessorImpl.invoke0(Native Method)
	at sun.reflect.NativeMethodAccessorImpl.invoke(NativeMethodAccessorImpl.java:62)
	at sun.reflect.DelegatingMethodAccessorImpl.invoke(DelegatingMethodAccessorImpl.java:43)
	at java.lang.reflect.Method.invoke(Method.java:498)
	at org.junit.runners.model.FrameworkMethod$1.runReflectiveCall(FrameworkMethod.java:47)
	at org.junit.internal.runners.model.ReflectiveCallable.run(ReflectiveCallable.java:12)
	at org.junit.runners.model.FrameworkMethod.invokeExplosively(FrameworkMethod.java:44)
	at org.junit.internal.runners.statements.InvokeMethod.evaluate(InvokeMethod.java:17)
	at org.junit.internal.runners.statements.RunBefores.evaluate(RunBefores.java:26)
	at org.junit.internal.runners.statements.RunAfters.evaluate(RunAfters.java:27)
	at org.junit.runners.ParentRunner.runLeaf(ParentRunner.java:271)
	at org.junit.runners.BlockJUnit4ClassRunner.runChild(BlockJUnit4ClassRunner.java:70)
	at org.junit.runners.BlockJUnit4ClassRunner.runChild(BlockJUnit4ClassRunner.java:50)
	at org.junit.runners.ParentRunner$3.run(ParentRunner.java:238)
	at org.junit.runners.ParentRunner$1.schedule(ParentRunner.java:63)
	at org.junit.runners.ParentRunner.runChildren(ParentRunner.java:236)
	at org.junit.runners.ParentRunner.access$000(ParentRunner.java:53)
	at org.junit.runners.ParentRunner$2.evaluate(ParentRunner.java:229)
	at org.junit.runners.ParentRunner.run(ParentRunner.java:309)
	at org.apache.maven.surefire.junit4.JUnit4Provider.execute(JUnit4Provider.java:365)
	at org.apache.maven.surefire.junit4.JUnit4Provider.executeWithRerun(JUnit4Provider.java:273)
	at org.apache.maven.surefire.junit4.JUnit4Provider.executeTestSet(JUnit4Provider.java:238)
	at org.apache.maven.surefire.junit4.JUnit4Provider.invoke(JUnit4Provider.java:159)
	at org.apache.maven.surefire.booter.ForkedBooter.invokeProviderInSameClassLoader(ForkedBooter.java:384)
	at org.apache.maven.surefire.booter.ForkedBooter.runSuitesInProcess(ForkedBooter.java:345)
	at org.apache.maven.surefire.booter.ForkedBooter.execute(ForkedBooter.java:126)
	at org.apache.maven.surefire.booter.ForkedBooter.main(ForkedBooter.java:418)
</error>
    <system-out><![CDATA[2019-07-16 14:29:49,224 WARN  server.ServerUtils (ServerUtils.java:getScmDbDir(145)) - ozone.scm.db.dirs is not configured. We recommend adding this setting. Falling back to ozone.metadata.dirs instead.
2019-07-16 14:29:49,252 WARN  server.ServerUtils (ServerUtils.java:getScmDbDir(145)) - ozone.scm.db.dirs is not configured. We recommend adding this setting. Falling back to ozone.metadata.dirs instead.
2019-07-16 14:29:49,252 WARN  server.ServerUtils (ServerUtils.java:getScmDbDir(145)) - ozone.scm.db.dirs is not configured. We recommend adding this setting. Falling back to ozone.metadata.dirs instead.
2019-07-16 14:29:49,252 INFO  db.DBStoreBuilder (DBStoreBuilder.java:addTable(110)) - using custom profile for table: deletedBlocks
2019-07-16 14:29:49,253 INFO  db.DBStoreBuilder (DBStoreBuilder.java:processTables(161)) - Using default column profile:DBProfile.DISK for Table:deletedBlocks
2019-07-16 14:29:49,253 INFO  db.DBStoreBuilder (DBStoreBuilder.java:addTable(110)) - using custom profile for table: validCerts
2019-07-16 14:29:49,253 INFO  db.DBStoreBuilder (DBStoreBuilder.java:processTables(161)) - Using default column profile:DBProfile.DISK for Table:validCerts
2019-07-16 14:29:49,253 INFO  db.DBStoreBuilder (DBStoreBuilder.java:addTable(110)) - using custom profile for table: revokedCerts
2019-07-16 14:29:49,253 INFO  db.DBStoreBuilder (DBStoreBuilder.java:processTables(161)) - Using default column profile:DBProfile.DISK for Table:revokedCerts
2019-07-16 14:29:49,254 INFO  db.DBStoreBuilder (DBStoreBuilder.java:addTable(110)) - using custom profile for table: default
2019-07-16 14:29:49,254 INFO  db.DBStoreBuilder (DBStoreBuilder.java:processTables(167)) - Using default column profile:DBProfile.DISK for Table:default
2019-07-16 14:29:49,254 INFO  db.DBStoreBuilder (DBStoreBuilder.java:getDbProfile(198)) - Using default options. DBProfile.DISK
2019-07-16 14:29:49,407 INFO  net.NodeSchemaLoader (NodeSchemaLoader.java:loadSchemaFromFile(125)) - Loading file from sun.misc.CompoundEnumeration@1dc47df3
2019-07-16 14:29:49,408 INFO  net.NodeSchemaLoader (NodeSchemaLoader.java:loadSchema(171)) - Loading network topology layer schema file
2019-07-16 14:29:49,412 INFO  node.SCMNodeManager (SCMNodeManager.java:<init>(119)) - Entering startup safe mode.
2019-07-16 14:29:49,412 WARN  server.ServerUtils (ServerUtils.java:getScmDbDir(145)) - ozone.scm.db.dirs is not configured. We recommend adding this setting. Falling back to ozone.metadata.dirs instead.
2019-07-16 14:29:49,460 INFO  pipeline.SCMPipelineManager (SCMPipelineManager.java:initializePipelineState(126)) - No pipeline exists in current db
2019-07-16 14:29:49,461 WARN  server.ServerUtils (ServerUtils.java:getScmDbDir(145)) - ozone.scm.db.dirs is not configured. We recommend adding this setting. Falling back to ozone.metadata.dirs instead.
2019-07-16 14:29:49,511 WARN  events.EventQueue (EventQueue.java:fireEvent(175)) - No event handler registered for event TypedEvent{payloadType=SafeModeStatus, name='SafeModeStatus'}
2019-07-16 14:29:49,512 INFO  ipc.CallQueueManager (CallQueueManager.java:<init>(84)) - Using callQueue: class java.util.concurrent.LinkedBlockingQueue, queueCapacity: 2000, scheduler: class org.apache.hadoop.ipc.DefaultRpcScheduler, ipcBackoff: false.
2019-07-16 14:29:49,513 INFO  ipc.Server (Server.java:run(1074)) - Starting Socket Reader #1 for port 44821
2019-07-16 14:29:49,515 INFO  ipc.CallQueueManager (CallQueueManager.java:<init>(84)) - Using callQueue: class java.util.concurrent.LinkedBlockingQueue, queueCapacity: 2000, scheduler: class org.apache.hadoop.ipc.DefaultRpcScheduler, ipcBackoff: false.
2019-07-16 14:29:49,516 INFO  ipc.Server (Server.java:run(1074)) - Starting Socket Reader #1 for port 44679
2019-07-16 14:29:49,519 INFO  ipc.CallQueueManager (CallQueueManager.java:<init>(84)) - Using callQueue: class java.util.concurrent.LinkedBlockingQueue, queueCapacity: 2000, scheduler: class org.apache.hadoop.ipc.DefaultRpcScheduler, ipcBackoff: false.
2019-07-16 14:29:49,519 INFO  ipc.Server (Server.java:run(1074)) - Starting Socket Reader #1 for port 41442
2019-07-16 14:29:49,523 INFO  hdfs.DFSUtil (DFSUtil.java:httpServerTemplateForNNAndJN(1641)) - Starting Web-server for scm at: http://0.0.0.0:0
2019-07-16 14:29:49,527 INFO  server.AuthenticationFilter (AuthenticationFilter.java:constructSecretProvider(240)) - Unable to initialize FileSignerSecretProvider, falling back to use random secrets.
2019-07-16 14:29:49,527 WARN  http.HttpRequestLog (HttpRequestLog.java:getRequestLog(97)) - Jetty request log can only be enabled using Log4j
2019-07-16 14:29:49,530 INFO  http.HttpServer2 (HttpServer2.java:addGlobalFilter(975)) - Added global filter 'safety' (class=org.apache.hadoop.http.HttpServer2$QuotingInputFilter)
2019-07-16 14:29:49,531 INFO  http.HttpServer2 (HttpServer2.java:addFilter(948)) - Added filter static_user_filter (class=org.apache.hadoop.http.lib.StaticUserWebFilter$StaticUserFilter) to context scm
2019-07-16 14:29:49,531 INFO  http.HttpServer2 (HttpServer2.java:addFilter(958)) - Added filter static_user_filter (class=org.apache.hadoop.http.lib.StaticUserWebFilter$StaticUserFilter) to context static
2019-07-16 14:29:49,531 INFO  http.HttpServer2 (HttpServer2.java:addFilter(958)) - Added filter static_user_filter (class=org.apache.hadoop.http.lib.StaticUserWebFilter$StaticUserFilter) to context logs
2019-07-16 14:29:49,533 INFO  server.StorageContainerManager (StorageContainerManager.java:start(759)) - StorageContainerLocationProtocol RPC server is listening at /0.0.0.0:41442
2019-07-16 14:29:49,535 WARN  impl.MetricsConfig (MetricsConfig.java:loadFirst(134)) - Cannot locate configuration: tried hadoop-metrics2-storagecontainermanager.properties,hadoop-metrics2.properties
2019-07-16 14:29:49,536 INFO  impl.MetricsSystemImpl (MetricsSystemImpl.java:startTimer(374)) - Scheduled Metric snapshot period at 10 second(s).
2019-07-16 14:29:49,537 INFO  impl.MetricsSystemImpl (MetricsSystemImpl.java:start(191)) - StorageContainerManager metrics system started
2019-07-16 14:29:49,605 INFO  server.SCMClientProtocolServer (SCMClientProtocolServer.java:start(149)) - RPC server for Client  is listening at /0.0.0.0:41442
2019-07-16 14:29:49,606 INFO  ipc.Server (Server.java:run(1314)) - IPC Server Responder: starting
2019-07-16 14:29:49,606 INFO  ipc.Server (Server.java:run(1153)) - IPC Server listener on 41442: starting
2019-07-16 14:29:49,610 INFO  server.StorageContainerManager (StorageContainerManager.java:start(768)) - ScmBlockLocationProtocol RPC server is listening at /0.0.0.0:44679
2019-07-16 14:29:49,611 INFO  server.SCMBlockProtocolServer (SCMBlockProtocolServer.java:start(140)) - RPC server for Block Protocol is listening at /0.0.0.0:44679
2019-07-16 14:29:49,612 INFO  ipc.Server (Server.java:run(1314)) - IPC Server Responder: starting
2019-07-16 14:29:49,612 INFO  ipc.Server (Server.java:run(1153)) - IPC Server listener on 44679: starting
2019-07-16 14:29:49,616 INFO  server.StorageContainerManager (StorageContainerManager.java:start(772)) - ScmDatanodeProtocl RPC server is listening at /0.0.0.0:44821
2019-07-16 14:29:49,617 INFO  server.SCMDatanodeProtocolServer (SCMDatanodeProtocolServer.java:start(191)) - RPC server for DataNodes is listening at /0.0.0.0:44821
2019-07-16 14:29:49,617 INFO  ipc.Server (Server.java:run(1314)) - IPC Server Responder: starting
2019-07-16 14:29:49,617 INFO  ipc.Server (Server.java:run(1153)) - IPC Server listener on 44821: starting
2019-07-16 14:29:49,622 INFO  http.HttpServer2 (HttpServer2.java:bindListener(1191)) - Jetty bound to port 34339
2019-07-16 14:29:49,622 INFO  server.Server (Server.java:doStart(351)) - jetty-9.3.24.v20180605, build timestamp: 2018-06-05T17:11:56Z, git hash: 84205aa28f11a4f31f2a3b86d1bba2cc8ab69827
2019-07-16 14:29:49,624 INFO  handler.ContextHandler (ContextHandler.java:doStart(781)) - Started o.e.j.s.ServletContextHandler@5ed83e36{/logs,file:///workdir/hadoop-ozone/integration-test/target/log,AVAILABLE}
2019-07-16 14:29:49,624 INFO  handler.ContextHandler (ContextHandler.java:doStart(781)) - Started o.e.j.s.ServletContextHandler@401e36ab{/static,file:///workdir/hadoop-ozone/integration-test/target/test-classes/webapps/static,AVAILABLE}
2019-07-16 14:29:49,630 INFO  handler.ContextHandler (ContextHandler.java:doStart(781)) - Started o.e.j.w.WebAppContext@33dcbdc2{/,file:///workdir/hadoop-ozone/integration-test/target/test-classes/webapps/scm/,AVAILABLE}{/scm}
2019-07-16 14:29:49,630 INFO  server.AbstractConnector (AbstractConnector.java:doStart(278)) - Started ServerConnector@3e37c38f{HTTP/1.1,[http/1.1]}{0.0.0.0:34339}
2019-07-16 14:29:49,631 INFO  server.Server (Server.java:doStart(419)) - Started @662927ms
2019-07-16 14:29:49,632 INFO  server.BaseHttpServer (BaseHttpServer.java:updateConnectorAddress(207)) - HTTP server of SCM is listening at http://0.0.0.0:34339
2019-07-16 14:29:49,632 WARN  server.ServerUtils (ServerUtils.java:getDBPath(222)) - ozone.om.db.dirs is not configured. We recommend adding this setting. Falling back to ozone.metadata.dirs instead.
2019-07-16 14:29:49,634 INFO  util.JvmPauseMonitor (JvmPauseMonitor.java:run(188)) - Starting JVM pause monitor
2019-07-16 14:29:49,648 WARN  server.ServerUtils (ServerUtils.java:getDBPath(222)) - ozone.om.db.dirs is not configured. We recommend adding this setting. Falling back to ozone.metadata.dirs instead.
2019-07-16 14:29:49,648 INFO  om.OzoneManager (OzoneManager.java:setOMNodeDetails(626)) - OM Service ID is not set. Setting it to the default ID: omServiceIdDefault
2019-07-16 14:29:49,648 INFO  om.OzoneManager (OzoneManager.java:setOMNodeDetails(632)) - OM Node ID is not set. Setting it to the OmStorage's OmID: c0b95118-fda4-4d9d-9496-a5a02306ea2f
2019-07-16 14:29:49,648 INFO  om.OzoneManager (OzoneManager.java:loadOMHAConfigs(583)) - Found matching OM address with OMServiceId: null, OMNodeId: null, RPC Address: localhost:0 and Ratis port: 9872
2019-07-16 14:29:49,657 WARN  server.ServerUtils (ServerUtils.java:getDBPath(222)) - ozone.om.db.dirs is not configured. We recommend adding this setting. Falling back to ozone.metadata.dirs instead.
2019-07-16 14:29:49,657 INFO  db.DBStoreBuilder (DBStoreBuilder.java:addTable(110)) - using custom profile for table: userTable
2019-07-16 14:29:49,658 INFO  db.DBStoreBuilder (DBStoreBuilder.java:processTables(161)) - Using default column profile:DBProfile.DISK for Table:userTable
2019-07-16 14:29:49,658 INFO  db.DBStoreBuilder (DBStoreBuilder.java:addTable(110)) - using custom profile for table: volumeTable
2019-07-16 14:29:49,658 INFO  db.DBStoreBuilder (DBStoreBuilder.java:processTables(161)) - Using default column profile:DBProfile.DISK for Table:volumeTable
2019-07-16 14:29:49,658 INFO  db.DBStoreBuilder (DBStoreBuilder.java:addTable(110)) - using custom profile for table: bucketTable
2019-07-16 14:29:49,659 INFO  db.DBStoreBuilder (DBStoreBuilder.java:processTables(161)) - Using default column profile:DBProfile.DISK for Table:bucketTable
2019-07-16 14:29:49,659 INFO  db.DBStoreBuilder (DBStoreBuilder.java:addTable(110)) - using custom profile for table: keyTable
2019-07-16 14:29:49,659 INFO  db.DBStoreBuilder (DBStoreBuilder.java:processTables(161)) - Using default column profile:DBProfile.DISK for Table:keyTable
2019-07-16 14:29:49,659 INFO  db.DBStoreBuilder (DBStoreBuilder.java:addTable(110)) - using custom profile for table: deletedTable
2019-07-16 14:29:49,659 INFO  db.DBStoreBuilder (DBStoreBuilder.java:processTables(161)) - Using default column profile:DBProfile.DISK for Table:deletedTable
2019-07-16 14:29:49,660 INFO  db.DBStoreBuilder (DBStoreBuilder.java:addTable(110)) - using custom profile for table: openKeyTable
2019-07-16 14:29:49,660 INFO  db.DBStoreBuilder (DBStoreBuilder.java:processTables(161)) - Using default column profile:DBProfile.DISK for Table:openKeyTable
2019-07-16 14:29:49,660 INFO  db.DBStoreBuilder (DBStoreBuilder.java:addTable(110)) - using custom profile for table: s3Table
2019-07-16 14:29:49,660 INFO  db.DBStoreBuilder (DBStoreBuilder.java:processTables(161)) - Using default column profile:DBProfile.DISK for Table:s3Table
2019-07-16 14:29:49,661 INFO  db.DBStoreBuilder (DBStoreBuilder.java:addTable(110)) - using custom profile for table: multipartInfoTable
2019-07-16 14:29:49,661 INFO  db.DBStoreBuilder (DBStoreBuilder.java:processTables(161)) - Using default column profile:DBProfile.DISK for Table:multipartInfoTable
2019-07-16 14:29:49,661 INFO  db.DBStoreBuilder (DBStoreBuilder.java:addTable(110)) - using custom profile for table: dTokenTable
2019-07-16 14:29:49,661 INFO  db.DBStoreBuilder (DBStoreBuilder.java:processTables(161)) - Using default column profile:DBProfile.DISK for Table:dTokenTable
2019-07-16 14:29:49,662 INFO  db.DBStoreBuilder (DBStoreBuilder.java:addTable(110)) - using custom profile for table: s3SecretTable
2019-07-16 14:29:49,662 INFO  db.DBStoreBuilder (DBStoreBuilder.java:processTables(161)) - Using default column profile:DBProfile.DISK for Table:s3SecretTable
2019-07-16 14:29:49,662 INFO  db.DBStoreBuilder (DBStoreBuilder.java:addTable(110)) - using custom profile for table: prefixTable
2019-07-16 14:29:49,662 INFO  db.DBStoreBuilder (DBStoreBuilder.java:processTables(161)) - Using default column profile:DBProfile.DISK for Table:prefixTable
2019-07-16 14:29:49,662 INFO  db.DBStoreBuilder (DBStoreBuilder.java:addTable(110)) - using custom profile for table: default
2019-07-16 14:29:49,663 INFO  db.DBStoreBuilder (DBStoreBuilder.java:processTables(167)) - Using default column profile:DBProfile.DISK for Table:default
2019-07-16 14:29:49,663 INFO  db.DBStoreBuilder (DBStoreBuilder.java:getDbProfile(198)) - Using default options. DBProfile.DISK
2019-07-16 14:29:50,109 INFO  ipc.CallQueueManager (CallQueueManager.java:<init>(84)) - Using callQueue: class java.util.concurrent.LinkedBlockingQueue, queueCapacity: 2000, scheduler: class org.apache.hadoop.ipc.DefaultRpcScheduler, ipcBackoff: false.
2019-07-16 14:29:50,111 INFO  ipc.Server (Server.java:run(1074)) - Starting Socket Reader #1 for port 44531
2019-07-16 14:29:50,135 WARN  server.ServerUtils (ServerUtils.java:getDBPath(222)) - ozone.om.db.dirs is not configured. We recommend adding this setting. Falling back to ozone.metadata.dirs instead.
2019-07-16 14:29:50,135 INFO  om.OzoneManager (OzoneManager.java:start(1224)) - OzoneManager RPC server is listening at localhost/127.0.0.1:44531
2019-07-16 14:29:50,136 INFO  impl.MetricsSystemImpl (MetricsSystemImpl.java:init(158)) - OzoneManager metrics system started (again)
2019-07-16 14:29:50,137 INFO  ipc.Server (Server.java:run(1314)) - IPC Server Responder: starting
2019-07-16 14:29:50,137 INFO  ipc.Server (Server.java:run(1153)) - IPC Server listener on 44531: starting
2019-07-16 14:29:50,148 INFO  hdfs.DFSUtil (DFSUtil.java:httpServerTemplateForNNAndJN(1641)) - Starting Web-server for ozoneManager at: http://0.0.0.0:0
2019-07-16 14:29:50,150 INFO  server.AuthenticationFilter (AuthenticationFilter.java:constructSecretProvider(240)) - Unable to initialize FileSignerSecretProvider, falling back to use random secrets.
2019-07-16 14:29:50,151 WARN  http.HttpRequestLog (HttpRequestLog.java:getRequestLog(97)) - Jetty request log can only be enabled using Log4j
2019-07-16 14:29:50,154 INFO  http.HttpServer2 (HttpServer2.java:addGlobalFilter(975)) - Added global filter 'safety' (class=org.apache.hadoop.http.HttpServer2$QuotingInputFilter)
2019-07-16 14:29:50,154 INFO  http.HttpServer2 (HttpServer2.java:addFilter(948)) - Added filter static_user_filter (class=org.apache.hadoop.http.lib.StaticUserWebFilter$StaticUserFilter) to context ozoneManager
2019-07-16 14:29:50,154 INFO  http.HttpServer2 (HttpServer2.java:addFilter(958)) - Added filter static_user_filter (class=org.apache.hadoop.http.lib.StaticUserWebFilter$StaticUserFilter) to context static
2019-07-16 14:29:50,155 INFO  http.HttpServer2 (HttpServer2.java:addFilter(958)) - Added filter static_user_filter (class=org.apache.hadoop.http.lib.StaticUserWebFilter$StaticUserFilter) to context logs
2019-07-16 14:29:50,156 INFO  http.HttpServer2 (HttpServer2.java:bindListener(1191)) - Jetty bound to port 46435
2019-07-16 14:29:50,156 INFO  server.Server (Server.java:doStart(351)) - jetty-9.3.24.v20180605, build timestamp: 2018-06-05T17:11:56Z, git hash: 84205aa28f11a4f31f2a3b86d1bba2cc8ab69827
2019-07-16 14:29:50,158 INFO  handler.ContextHandler (ContextHandler.java:doStart(781)) - Started o.e.j.s.ServletContextHandler@44f433db{/logs,file:///workdir/hadoop-ozone/integration-test/target/log,AVAILABLE}
2019-07-16 14:29:50,159 INFO  handler.ContextHandler (ContextHandler.java:doStart(781)) - Started o.e.j.s.ServletContextHandler@5aeaee3{/static,file:///workdir/hadoop-ozone/integration-test/target/test-classes/webapps/static,AVAILABLE}
2019-07-16 14:29:50,165 INFO  handler.ContextHandler (ContextHandler.java:doStart(781)) - Started o.e.j.w.WebAppContext@10e542f3{/,file:///workdir/hadoop-ozone/integration-test/target/test-classes/webapps/ozoneManager/,AVAILABLE}{/ozoneManager}
2019-07-16 14:29:50,166 INFO  server.AbstractConnector (AbstractConnector.java:doStart(278)) - Started ServerConnector@6cde3dac{HTTP/1.1,[http/1.1]}{0.0.0.0:46435}
2019-07-16 14:29:50,167 INFO  server.Server (Server.java:doStart(419)) - Started @663463ms
2019-07-16 14:29:50,168 INFO  server.BaseHttpServer (BaseHttpServer.java:updateConnectorAddress(207)) - HTTP server of OZONEMANAGER is listening at http://0.0.0.0:46435
2019-07-16 14:29:50,185 INFO  impl.MetricsSystemImpl (MetricsSystemImpl.java:init(158)) - HddsDatanode metrics system started (again)
2019-07-16 14:29:50,186 INFO  ozone.HddsDatanodeService (HddsDatanodeService.java:start(185)) - HddsDatanodeService host:trunk-nightly-gllmw-2332419065 ip:192.168.157.241
2019-07-16 14:29:50,201 INFO  volume.HddsVolume (HddsVolume.java:<init>(176)) - Creating Volume: /workdir/hadoop-ozone/integration-test/target/test-dir/MiniOzoneClusterImpl-479c7609-b74d-4220-beb1-8eefa524396f/datanode-0/data/containers/hdds of  storage type : DISK and capacity : 52710309888
2019-07-16 14:29:50,201 INFO  volume.VolumeSet (VolumeSet.java:initializeVolumeSet(170)) - Added Volume : /workdir/hadoop-ozone/integration-test/target/test-dir/MiniOzoneClusterImpl-479c7609-b74d-4220-beb1-8eefa524396f/datanode-0/data/containers/hdds to VolumeSet
2019-07-16 14:29:50,202 INFO  volume.ThrottledAsyncChecker (ThrottledAsyncChecker.java:schedule(140)) - Scheduling a check for org.apache.hadoop.ozone.container.common.volume.HddsVolume@1dad97ed
2019-07-16 14:29:50,202 INFO  volume.HddsVolumeChecker (HddsVolumeChecker.java:checkAllVolumes(203)) - Scheduled health check for volume org.apache.hadoop.ozone.container.common.volume.HddsVolume@1dad97ed
2019-07-16 14:29:50,219 INFO  impl.RaftServerProxy (ConfUtils.java:logGet(43)) - raft.rpc.type = GRPC (default)
2019-07-16 14:29:50,220 INFO  grpc.GrpcFactory (GrpcFactory.java:checkPooledByteBufAllocatorUseCacheForAllThreads(45)) - PERFORMANCE WARNING: useCacheForAllThreads is true that may cause Netty to create a lot garbage objects and, as a result, trigger GC.
	It is recommended to disable useCacheForAllThreads by setting -Dorg.apache.ratis.thirdparty.io.netty.allocator.useCacheForAllThreads=false in command line.
2019-07-16 14:29:50,220 INFO  grpc.GrpcConfigKeys$Server (ConfUtils.java:logGet(43)) - raft.grpc.server.port = 0 (default)
2019-07-16 14:29:50,220 INFO  server.GrpcService (ConfUtils.java:logGet(43)) - raft.grpc.message.size.max = 33570816 (custom)
2019-07-16 14:29:50,220 INFO  server.RaftServerConfigKeys (ConfUtils.java:logGet(43)) - raft.server.log.appender.buffer.byte-limit = 33554432 (custom)
2019-07-16 14:29:50,221 INFO  server.GrpcService (ConfUtils.java:logGet(43)) - raft.grpc.flow.control.window = 1MB (=1048576) (default)
2019-07-16 14:29:50,221 INFO  server.RaftServerConfigKeys (ConfUtils.java:logGet(43)) - raft.server.rpc.request.timeout = 3000ms (default)
2019-07-16 14:29:50,222 INFO  server.RaftServerConfigKeys (ConfUtils.java:logGet(43)) - raft.server.storage.dir = [/workdir/hadoop-ozone/integration-test/target/test-dir/MiniOzoneClusterImpl-479c7609-b74d-4220-beb1-8eefa524396f/datanode-0/data/ratis] (custom)
2019-07-16 14:29:50,222 INFO  replication.SimpleContainerDownloader (SimpleContainerDownloader.java:<init>(72)) - Starting container downloader service to copy containers to replicate.
2019-07-16 14:29:50,223 INFO  hdfs.DFSUtil (DFSUtil.java:httpServerTemplateForNNAndJN(1641)) - Starting Web-server for hddsDatanode at: http://0.0.0.0:0
2019-07-16 14:29:50,225 INFO  server.AuthenticationFilter (AuthenticationFilter.java:constructSecretProvider(240)) - Unable to initialize FileSignerSecretProvider, falling back to use random secrets.
2019-07-16 14:29:50,225 WARN  http.HttpRequestLog (HttpRequestLog.java:getRequestLog(97)) - Jetty request log can only be enabled using Log4j
2019-07-16 14:29:50,227 INFO  http.HttpServer2 (HttpServer2.java:addGlobalFilter(975)) - Added global filter 'safety' (class=org.apache.hadoop.http.HttpServer2$QuotingInputFilter)
2019-07-16 14:29:50,227 INFO  http.HttpServer2 (HttpServer2.java:addFilter(948)) - Added filter static_user_filter (class=org.apache.hadoop.http.lib.StaticUserWebFilter$StaticUserFilter) to context hddsDatanode
2019-07-16 14:29:50,227 INFO  http.HttpServer2 (HttpServer2.java:addFilter(958)) - Added filter static_user_filter (class=org.apache.hadoop.http.lib.StaticUserWebFilter$StaticUserFilter) to context logs
2019-07-16 14:29:50,227 INFO  http.HttpServer2 (HttpServer2.java:addFilter(958)) - Added filter static_user_filter (class=org.apache.hadoop.http.lib.StaticUserWebFilter$StaticUserFilter) to context static
2019-07-16 14:29:50,228 INFO  http.HttpServer2 (HttpServer2.java:bindListener(1191)) - Jetty bound to port 43001
2019-07-16 14:29:50,228 INFO  server.Server (Server.java:doStart(351)) - jetty-9.3.24.v20180605, build timestamp: 2018-06-05T17:11:56Z, git hash: 84205aa28f11a4f31f2a3b86d1bba2cc8ab69827
2019-07-16 14:29:50,230 INFO  handler.ContextHandler (ContextHandler.java:doStart(781)) - Started o.e.j.s.ServletContextHandler@2175111e{/logs,file:///workdir/hadoop-ozone/integration-test/target/log,AVAILABLE}
2019-07-16 14:29:50,231 INFO  handler.ContextHandler (ContextHandler.java:doStart(781)) - Started o.e.j.s.ServletContextHandler@35b5056e{/static,jar:file:/home/user/.m2/repository/org/apache/hadoop/hadoop-hdds-container-service/0.5.0-SNAPSHOT/hadoop-hdds-container-service-0.5.0-SNAPSHOT.jar!/webapps/static,AVAILABLE}
2019-07-16 14:29:50,264 INFO  handler.ContextHandler (ContextHandler.java:doStart(781)) - Started o.e.j.w.WebAppContext@6701fbf3{/,file:///tmp/jetty-0.0.0.0-43001-hddsDatanode-_-any-4713856163138140822.dir/webapp/,AVAILABLE}{/hddsDatanode}
2019-07-16 14:29:50,264 INFO  server.AbstractConnector (AbstractConnector.java:doStart(278)) - Started ServerConnector@63f88d35{HTTP/1.1,[http/1.1]}{0.0.0.0:43001}
2019-07-16 14:29:50,264 INFO  server.Server (Server.java:doStart(419)) - Started @663560ms
2019-07-16 14:29:50,266 INFO  server.BaseHttpServer (BaseHttpServer.java:updateConnectorAddress(207)) - HTTP server of HDDSDATANODE is listening at http://0.0.0.0:43001
2019-07-16 14:29:50,398 INFO  ozone.HddsDatanodeService (HddsDatanodeService.java:startPlugins(396)) - Started plug-in org.apache.hadoop.ozone.web.OzoneHddsDatanodeService@1ab6a093
2019-07-16 14:29:50,398 INFO  impl.MetricsSystemImpl (MetricsSystemImpl.java:init(158)) - HddsDatanode metrics system started (again)
2019-07-16 14:29:50,401 INFO  ozone.HddsDatanodeService (HddsDatanodeService.java:start(185)) - HddsDatanodeService host:trunk-nightly-gllmw-2332419065 ip:192.168.157.241
2019-07-16 14:29:50,403 INFO  util.JvmPauseMonitor (JvmPauseMonitor.java:run(188)) - Starting JVM pause monitor
2019-07-16 14:29:50,405 INFO  datanode.InitDatanodeState (InitDatanodeState.java:persistContainerDatanodeDetails(140)) - DatanodeDetails is persisted to /workdir/hadoop-ozone/integration-test/target/test-dir/MiniOzoneClusterImpl-479c7609-b74d-4220-beb1-8eefa524396f/datanode-0/meta/datanode.id
2019-07-16 14:29:50,416 INFO  volume.HddsVolume (HddsVolume.java:<init>(176)) - Creating Volume: /workdir/hadoop-ozone/integration-test/target/test-dir/MiniOzoneClusterImpl-479c7609-b74d-4220-beb1-8eefa524396f/datanode-1/data/containers/hdds of  storage type : DISK and capacity : 52710309888
2019-07-16 14:29:50,416 INFO  volume.VolumeSet (VolumeSet.java:initializeVolumeSet(170)) - Added Volume : /workdir/hadoop-ozone/integration-test/target/test-dir/MiniOzoneClusterImpl-479c7609-b74d-4220-beb1-8eefa524396f/datanode-1/data/containers/hdds to VolumeSet
2019-07-16 14:29:50,417 INFO  volume.ThrottledAsyncChecker (ThrottledAsyncChecker.java:schedule(140)) - Scheduling a check for org.apache.hadoop.ozone.container.common.volume.HddsVolume@1d9c18b9
2019-07-16 14:29:50,417 INFO  volume.HddsVolumeChecker (HddsVolumeChecker.java:checkAllVolumes(203)) - Scheduled health check for volume org.apache.hadoop.ozone.container.common.volume.HddsVolume@1d9c18b9
2019-07-16 14:29:50,438 INFO  impl.RaftServerProxy (ConfUtils.java:logGet(43)) - raft.rpc.type = GRPC (default)
2019-07-16 14:29:50,438 INFO  grpc.GrpcFactory (GrpcFactory.java:checkPooledByteBufAllocatorUseCacheForAllThreads(45)) - PERFORMANCE WARNING: useCacheForAllThreads is true that may cause Netty to create a lot garbage objects and, as a result, trigger GC.
	It is recommended to disable useCacheForAllThreads by setting -Dorg.apache.ratis.thirdparty.io.netty.allocator.useCacheForAllThreads=false in command line.
2019-07-16 14:29:50,439 INFO  grpc.GrpcConfigKeys$Server (ConfUtils.java:logGet(43)) - raft.grpc.server.port = 0 (default)
2019-07-16 14:29:50,439 INFO  server.GrpcService (ConfUtils.java:logGet(43)) - raft.grpc.message.size.max = 33570816 (custom)
2019-07-16 14:29:50,439 INFO  server.RaftServerConfigKeys (ConfUtils.java:logGet(43)) - raft.server.log.appender.buffer.byte-limit = 33554432 (custom)
2019-07-16 14:29:50,440 INFO  server.GrpcService (ConfUtils.java:logGet(43)) - raft.grpc.flow.control.window = 1MB (=1048576) (default)
2019-07-16 14:29:50,440 INFO  server.RaftServerConfigKeys (ConfUtils.java:logGet(43)) - raft.server.rpc.request.timeout = 3000ms (default)
2019-07-16 14:29:50,440 INFO  server.RaftServerConfigKeys (ConfUtils.java:logGet(43)) - raft.server.storage.dir = [/workdir/hadoop-ozone/integration-test/target/test-dir/MiniOzoneClusterImpl-479c7609-b74d-4220-beb1-8eefa524396f/datanode-1/data/ratis] (custom)
2019-07-16 14:29:50,441 INFO  replication.SimpleContainerDownloader (SimpleContainerDownloader.java:<init>(72)) - Starting container downloader service to copy containers to replicate.
2019-07-16 14:29:50,442 INFO  hdfs.DFSUtil (DFSUtil.java:httpServerTemplateForNNAndJN(1641)) - Starting Web-server for hddsDatanode at: http://0.0.0.0:0
2019-07-16 14:29:50,444 INFO  server.AuthenticationFilter (AuthenticationFilter.java:constructSecretProvider(240)) - Unable to initialize FileSignerSecretProvider, falling back to use random secrets.
2019-07-16 14:29:50,444 WARN  http.HttpRequestLog (HttpRequestLog.java:getRequestLog(97)) - Jetty request log can only be enabled using Log4j
2019-07-16 14:29:50,446 INFO  http.HttpServer2 (HttpServer2.java:addGlobalFilter(975)) - Added global filter 'safety' (class=org.apache.hadoop.http.HttpServer2$QuotingInputFilter)
2019-07-16 14:29:50,447 INFO  http.HttpServer2 (HttpServer2.java:addFilter(948)) - Added filter static_user_filter (class=org.apache.hadoop.http.lib.StaticUserWebFilter$StaticUserFilter) to context hddsDatanode
2019-07-16 14:29:50,447 INFO  http.HttpServer2 (HttpServer2.java:addFilter(958)) - Added filter static_user_filter (class=org.apache.hadoop.http.lib.StaticUserWebFilter$StaticUserFilter) to context logs
2019-07-16 14:29:50,448 INFO  http.HttpServer2 (HttpServer2.java:addFilter(958)) - Added filter static_user_filter (class=org.apache.hadoop.http.lib.StaticUserWebFilter$StaticUserFilter) to context static
2019-07-16 14:29:50,449 INFO  http.HttpServer2 (HttpServer2.java:bindListener(1191)) - Jetty bound to port 39058
2019-07-16 14:29:50,449 INFO  server.Server (Server.java:doStart(351)) - jetty-9.3.24.v20180605, build timestamp: 2018-06-05T17:11:56Z, git hash: 84205aa28f11a4f31f2a3b86d1bba2cc8ab69827
2019-07-16 14:29:50,451 INFO  handler.ContextHandler (ContextHandler.java:doStart(781)) - Started o.e.j.s.ServletContextHandler@4691e2f5{/logs,file:///workdir/hadoop-ozone/integration-test/target/log,AVAILABLE}
2019-07-16 14:29:50,452 INFO  handler.ContextHandler (ContextHandler.java:doStart(781)) - Started o.e.j.s.ServletContextHandler@67c1f5be{/static,jar:file:/home/user/.m2/repository/org/apache/hadoop/hadoop-hdds-container-service/0.5.0-SNAPSHOT/hadoop-hdds-container-service-0.5.0-SNAPSHOT.jar!/webapps/static,AVAILABLE}
2019-07-16 14:29:50,495 INFO  handler.ContextHandler (ContextHandler.java:doStart(781)) - Started o.e.j.w.WebAppContext@5c4c4e96{/,file:///tmp/jetty-0.0.0.0-39058-hddsDatanode-_-any-1424729593320106577.dir/webapp/,AVAILABLE}{/hddsDatanode}
2019-07-16 14:29:50,495 INFO  server.AbstractConnector (AbstractConnector.java:doStart(278)) - Started ServerConnector@25d73ca6{HTTP/1.1,[http/1.1]}{0.0.0.0:39058}
2019-07-16 14:29:50,495 INFO  server.Server (Server.java:doStart(419)) - Started @663792ms
2019-07-16 14:29:50,497 INFO  server.BaseHttpServer (BaseHttpServer.java:updateConnectorAddress(207)) - HTTP server of HDDSDATANODE is listening at http://0.0.0.0:39058
2019-07-16 14:29:50,624 INFO  ozone.HddsDatanodeService (HddsDatanodeService.java:startPlugins(396)) - Started plug-in org.apache.hadoop.ozone.web.OzoneHddsDatanodeService@7942987
2019-07-16 14:29:50,624 INFO  impl.MetricsSystemImpl (MetricsSystemImpl.java:init(158)) - HddsDatanode metrics system started (again)
2019-07-16 14:29:50,627 INFO  ozone.HddsDatanodeService (HddsDatanodeService.java:start(185)) - HddsDatanodeService host:trunk-nightly-gllmw-2332419065 ip:192.168.157.241
2019-07-16 14:29:50,628 INFO  util.JvmPauseMonitor (JvmPauseMonitor.java:run(188)) - Starting JVM pause monitor
2019-07-16 14:29:50,630 INFO  datanode.InitDatanodeState (InitDatanodeState.java:persistContainerDatanodeDetails(140)) - DatanodeDetails is persisted to /workdir/hadoop-ozone/integration-test/target/test-dir/MiniOzoneClusterImpl-479c7609-b74d-4220-beb1-8eefa524396f/datanode-1/meta/datanode.id
2019-07-16 14:29:50,642 INFO  volume.HddsVolume (HddsVolume.java:<init>(176)) - Creating Volume: /workdir/hadoop-ozone/integration-test/target/test-dir/MiniOzoneClusterImpl-479c7609-b74d-4220-beb1-8eefa524396f/datanode-2/data/containers/hdds of  storage type : DISK and capacity : 52710309888
2019-07-16 14:29:50,643 INFO  volume.VolumeSet (VolumeSet.java:initializeVolumeSet(170)) - Added Volume : /workdir/hadoop-ozone/integration-test/target/test-dir/MiniOzoneClusterImpl-479c7609-b74d-4220-beb1-8eefa524396f/datanode-2/data/containers/hdds to VolumeSet
2019-07-16 14:29:50,643 INFO  volume.ThrottledAsyncChecker (ThrottledAsyncChecker.java:schedule(140)) - Scheduling a check for org.apache.hadoop.ozone.container.common.volume.HddsVolume@350a3df3
2019-07-16 14:29:50,643 INFO  volume.HddsVolumeChecker (HddsVolumeChecker.java:checkAllVolumes(203)) - Scheduled health check for volume org.apache.hadoop.ozone.container.common.volume.HddsVolume@350a3df3
2019-07-16 14:29:50,662 INFO  impl.RaftServerProxy (ConfUtils.java:logGet(43)) - raft.rpc.type = GRPC (default)
2019-07-16 14:29:50,662 INFO  grpc.GrpcFactory (GrpcFactory.java:checkPooledByteBufAllocatorUseCacheForAllThreads(45)) - PERFORMANCE WARNING: useCacheForAllThreads is true that may cause Netty to create a lot garbage objects and, as a result, trigger GC.
	It is recommended to disable useCacheForAllThreads by setting -Dorg.apache.ratis.thirdparty.io.netty.allocator.useCacheForAllThreads=false in command line.
2019-07-16 14:29:50,663 INFO  grpc.GrpcConfigKeys$Server (ConfUtils.java:logGet(43)) - raft.grpc.server.port = 0 (default)
2019-07-16 14:29:50,663 INFO  server.GrpcService (ConfUtils.java:logGet(43)) - raft.grpc.message.size.max = 33570816 (custom)
2019-07-16 14:29:50,663 INFO  server.RaftServerConfigKeys (ConfUtils.java:logGet(43)) - raft.server.log.appender.buffer.byte-limit = 33554432 (custom)
2019-07-16 14:29:50,663 INFO  server.GrpcService (ConfUtils.java:logGet(43)) - raft.grpc.flow.control.window = 1MB (=1048576) (default)
2019-07-16 14:29:50,664 INFO  server.RaftServerConfigKeys (ConfUtils.java:logGet(43)) - raft.server.rpc.request.timeout = 3000ms (default)
2019-07-16 14:29:50,664 INFO  server.RaftServerConfigKeys (ConfUtils.java:logGet(43)) - raft.server.storage.dir = [/workdir/hadoop-ozone/integration-test/target/test-dir/MiniOzoneClusterImpl-479c7609-b74d-4220-beb1-8eefa524396f/datanode-2/data/ratis] (custom)
2019-07-16 14:29:50,665 INFO  replication.SimpleContainerDownloader (SimpleContainerDownloader.java:<init>(72)) - Starting container downloader service to copy containers to replicate.
2019-07-16 14:29:50,666 INFO  hdfs.DFSUtil (DFSUtil.java:httpServerTemplateForNNAndJN(1641)) - Starting Web-server for hddsDatanode at: http://0.0.0.0:0
2019-07-16 14:29:50,668 INFO  server.AuthenticationFilter (AuthenticationFilter.java:constructSecretProvider(240)) - Unable to initialize FileSignerSecretProvider, falling back to use random secrets.
2019-07-16 14:29:50,668 WARN  http.HttpRequestLog (HttpRequestLog.java:getRequestLog(97)) - Jetty request log can only be enabled using Log4j
2019-07-16 14:29:50,670 INFO  http.HttpServer2 (HttpServer2.java:addGlobalFilter(975)) - Added global filter 'safety' (class=org.apache.hadoop.http.HttpServer2$QuotingInputFilter)
2019-07-16 14:29:50,671 INFO  http.HttpServer2 (HttpServer2.java:addFilter(948)) - Added filter static_user_filter (class=org.apache.hadoop.http.lib.StaticUserWebFilter$StaticUserFilter) to context hddsDatanode
2019-07-16 14:29:50,671 INFO  http.HttpServer2 (HttpServer2.java:addFilter(958)) - Added filter static_user_filter (class=org.apache.hadoop.http.lib.StaticUserWebFilter$StaticUserFilter) to context logs
2019-07-16 14:29:50,671 INFO  http.HttpServer2 (HttpServer2.java:addFilter(958)) - Added filter static_user_filter (class=org.apache.hadoop.http.lib.StaticUserWebFilter$StaticUserFilter) to context static
2019-07-16 14:29:50,672 INFO  http.HttpServer2 (HttpServer2.java:bindListener(1191)) - Jetty bound to port 40365
2019-07-16 14:29:50,673 INFO  server.Server (Server.java:doStart(351)) - jetty-9.3.24.v20180605, build timestamp: 2018-06-05T17:11:56Z, git hash: 84205aa28f11a4f31f2a3b86d1bba2cc8ab69827
2019-07-16 14:29:50,675 INFO  handler.ContextHandler (ContextHandler.java:doStart(781)) - Started o.e.j.s.ServletContextHandler@247246ea{/logs,file:///workdir/hadoop-ozone/integration-test/target/log,AVAILABLE}
2019-07-16 14:29:50,675 INFO  handler.ContextHandler (ContextHandler.java:doStart(781)) - Started o.e.j.s.ServletContextHandler@71639428{/static,jar:file:/home/user/.m2/repository/org/apache/hadoop/hadoop-hdds-container-service/0.5.0-SNAPSHOT/hadoop-hdds-container-service-0.5.0-SNAPSHOT.jar!/webapps/static,AVAILABLE}
2019-07-16 14:29:50,715 INFO  handler.ContextHandler (ContextHandler.java:doStart(781)) - Started o.e.j.w.WebAppContext@3b6f7ab3{/,file:///tmp/jetty-0.0.0.0-40365-hddsDatanode-_-any-1912646288867845535.dir/webapp/,AVAILABLE}{/hddsDatanode}
2019-07-16 14:29:50,716 INFO  server.AbstractConnector (AbstractConnector.java:doStart(278)) - Started ServerConnector@2eab279{HTTP/1.1,[http/1.1]}{0.0.0.0:40365}
2019-07-16 14:29:50,717 INFO  server.Server (Server.java:doStart(419)) - Started @664012ms
2019-07-16 14:29:50,718 INFO  server.BaseHttpServer (BaseHttpServer.java:updateConnectorAddress(207)) - HTTP server of HDDSDATANODE is listening at http://0.0.0.0:40365
2019-07-16 14:29:50,850 INFO  ozone.HddsDatanodeService (HddsDatanodeService.java:startPlugins(396)) - Started plug-in org.apache.hadoop.ozone.web.OzoneHddsDatanodeService@6d575cd8
2019-07-16 14:29:50,850 INFO  impl.MetricsSystemImpl (MetricsSystemImpl.java:init(158)) - HddsDatanode metrics system started (again)
2019-07-16 14:29:50,852 INFO  ozone.HddsDatanodeService (HddsDatanodeService.java:start(185)) - HddsDatanodeService host:trunk-nightly-gllmw-2332419065 ip:192.168.157.241
2019-07-16 14:29:50,854 INFO  util.JvmPauseMonitor (JvmPauseMonitor.java:run(188)) - Starting JVM pause monitor
2019-07-16 14:29:50,855 INFO  datanode.InitDatanodeState (InitDatanodeState.java:persistContainerDatanodeDetails(140)) - DatanodeDetails is persisted to /workdir/hadoop-ozone/integration-test/target/test-dir/MiniOzoneClusterImpl-479c7609-b74d-4220-beb1-8eefa524396f/datanode-2/meta/datanode.id
2019-07-16 14:29:50,867 INFO  volume.HddsVolume (HddsVolume.java:<init>(176)) - Creating Volume: /workdir/hadoop-ozone/integration-test/target/test-dir/MiniOzoneClusterImpl-479c7609-b74d-4220-beb1-8eefa524396f/datanode-3/data/containers/hdds of  storage type : DISK and capacity : 52710309888
2019-07-16 14:29:50,868 INFO  volume.VolumeSet (VolumeSet.java:initializeVolumeSet(170)) - Added Volume : /workdir/hadoop-ozone/integration-test/target/test-dir/MiniOzoneClusterImpl-479c7609-b74d-4220-beb1-8eefa524396f/datanode-3/data/containers/hdds to VolumeSet
2019-07-16 14:29:50,868 INFO  volume.ThrottledAsyncChecker (ThrottledAsyncChecker.java:schedule(140)) - Scheduling a check for org.apache.hadoop.ozone.container.common.volume.HddsVolume@1ae11dd3
2019-07-16 14:29:50,868 INFO  volume.HddsVolumeChecker (HddsVolumeChecker.java:checkAllVolumes(203)) - Scheduled health check for volume org.apache.hadoop.ozone.container.common.volume.HddsVolume@1ae11dd3
2019-07-16 14:29:50,881 INFO  impl.RaftServerProxy (ConfUtils.java:logGet(43)) - raft.rpc.type = GRPC (default)
2019-07-16 14:29:50,882 INFO  grpc.GrpcFactory (GrpcFactory.java:checkPooledByteBufAllocatorUseCacheForAllThreads(45)) - PERFORMANCE WARNING: useCacheForAllThreads is true that may cause Netty to create a lot garbage objects and, as a result, trigger GC.
	It is recommended to disable useCacheForAllThreads by setting -Dorg.apache.ratis.thirdparty.io.netty.allocator.useCacheForAllThreads=false in command line.
2019-07-16 14:29:50,882 INFO  grpc.GrpcConfigKeys$Server (ConfUtils.java:logGet(43)) - raft.grpc.server.port = 0 (default)
2019-07-16 14:29:50,882 INFO  server.GrpcService (ConfUtils.java:logGet(43)) - raft.grpc.message.size.max = 33570816 (custom)
2019-07-16 14:29:50,882 INFO  server.RaftServerConfigKeys (ConfUtils.java:logGet(43)) - raft.server.log.appender.buffer.byte-limit = 33554432 (custom)
2019-07-16 14:29:50,883 INFO  server.GrpcService (ConfUtils.java:logGet(43)) - raft.grpc.flow.control.window = 1MB (=1048576) (default)
2019-07-16 14:29:50,883 INFO  server.RaftServerConfigKeys (ConfUtils.java:logGet(43)) - raft.server.rpc.request.timeout = 3000ms (default)
2019-07-16 14:29:50,883 INFO  server.RaftServerConfigKeys (ConfUtils.java:logGet(43)) - raft.server.storage.dir = [/workdir/hadoop-ozone/integration-test/target/test-dir/MiniOzoneClusterImpl-479c7609-b74d-4220-beb1-8eefa524396f/datanode-3/data/ratis] (custom)
2019-07-16 14:29:50,884 INFO  replication.SimpleContainerDownloader (SimpleContainerDownloader.java:<init>(72)) - Starting container downloader service to copy containers to replicate.
2019-07-16 14:29:50,885 INFO  hdfs.DFSUtil (DFSUtil.java:httpServerTemplateForNNAndJN(1641)) - Starting Web-server for hddsDatanode at: http://0.0.0.0:0
2019-07-16 14:29:50,887 INFO  server.AuthenticationFilter (AuthenticationFilter.java:constructSecretProvider(240)) - Unable to initialize FileSignerSecretProvider, falling back to use random secrets.
2019-07-16 14:29:50,887 WARN  http.HttpRequestLog (HttpRequestLog.java:getRequestLog(97)) - Jetty request log can only be enabled using Log4j
2019-07-16 14:29:50,889 INFO  http.HttpServer2 (HttpServer2.java:addGlobalFilter(975)) - Added global filter 'safety' (class=org.apache.hadoop.http.HttpServer2$QuotingInputFilter)
2019-07-16 14:29:50,890 INFO  http.HttpServer2 (HttpServer2.java:addFilter(948)) - Added filter static_user_filter (class=org.apache.hadoop.http.lib.StaticUserWebFilter$StaticUserFilter) to context hddsDatanode
2019-07-16 14:29:50,890 INFO  http.HttpServer2 (HttpServer2.java:addFilter(958)) - Added filter static_user_filter (class=org.apache.hadoop.http.lib.StaticUserWebFilter$StaticUserFilter) to context logs
2019-07-16 14:29:50,890 INFO  http.HttpServer2 (HttpServer2.java:addFilter(958)) - Added filter static_user_filter (class=org.apache.hadoop.http.lib.StaticUserWebFilter$StaticUserFilter) to context static
2019-07-16 14:29:50,891 INFO  http.HttpServer2 (HttpServer2.java:bindListener(1191)) - Jetty bound to port 42358
2019-07-16 14:29:50,892 INFO  server.Server (Server.java:doStart(351)) - jetty-9.3.24.v20180605, build timestamp: 2018-06-05T17:11:56Z, git hash: 84205aa28f11a4f31f2a3b86d1bba2cc8ab69827
2019-07-16 14:29:50,894 INFO  handler.ContextHandler (ContextHandler.java:doStart(781)) - Started o.e.j.s.ServletContextHandler@2fb3c642{/logs,file:///workdir/hadoop-ozone/integration-test/target/log,AVAILABLE}
2019-07-16 14:29:50,895 INFO  handler.ContextHandler (ContextHandler.java:doStart(781)) - Started o.e.j.s.ServletContextHandler@2b009051{/static,jar:file:/home/user/.m2/repository/org/apache/hadoop/hadoop-hdds-container-service/0.5.0-SNAPSHOT/hadoop-hdds-container-service-0.5.0-SNAPSHOT.jar!/webapps/static,AVAILABLE}
2019-07-16 14:29:50,938 INFO  handler.ContextHandler (ContextHandler.java:doStart(781)) - Started o.e.j.w.WebAppContext@54c3b0dd{/,file:///tmp/jetty-0.0.0.0-42358-hddsDatanode-_-any-2391427553792585538.dir/webapp/,AVAILABLE}{/hddsDatanode}
2019-07-16 14:29:50,938 INFO  server.AbstractConnector (AbstractConnector.java:doStart(278)) - Started ServerConnector@6c40ae2d{HTTP/1.1,[http/1.1]}{0.0.0.0:42358}
2019-07-16 14:29:50,940 INFO  server.Server (Server.java:doStart(419)) - Started @664236ms
2019-07-16 14:29:50,941 INFO  server.BaseHttpServer (BaseHttpServer.java:updateConnectorAddress(207)) - HTTP server of HDDSDATANODE is listening at http://0.0.0.0:42358
2019-07-16 14:29:51,050 INFO  ozone.HddsDatanodeService (HddsDatanodeService.java:startPlugins(396)) - Started plug-in org.apache.hadoop.ozone.web.OzoneHddsDatanodeService@7e2cebdf
2019-07-16 14:29:51,051 INFO  impl.MetricsSystemImpl (MetricsSystemImpl.java:init(158)) - HddsDatanode metrics system started (again)
2019-07-16 14:29:51,053 INFO  ozone.HddsDatanodeService (HddsDatanodeService.java:start(185)) - HddsDatanodeService host:trunk-nightly-gllmw-2332419065 ip:192.168.157.241
2019-07-16 14:29:51,054 INFO  util.JvmPauseMonitor (JvmPauseMonitor.java:run(188)) - Starting JVM pause monitor
2019-07-16 14:29:51,056 INFO  datanode.InitDatanodeState (InitDatanodeState.java:persistContainerDatanodeDetails(140)) - DatanodeDetails is persisted to /workdir/hadoop-ozone/integration-test/target/test-dir/MiniOzoneClusterImpl-479c7609-b74d-4220-beb1-8eefa524396f/datanode-3/meta/datanode.id
2019-07-16 14:29:51,067 INFO  volume.HddsVolume (HddsVolume.java:<init>(176)) - Creating Volume: /workdir/hadoop-ozone/integration-test/target/test-dir/MiniOzoneClusterImpl-479c7609-b74d-4220-beb1-8eefa524396f/datanode-4/data/containers/hdds of  storage type : DISK and capacity : 52710309888
2019-07-16 14:29:51,067 INFO  volume.VolumeSet (VolumeSet.java:initializeVolumeSet(170)) - Added Volume : /workdir/hadoop-ozone/integration-test/target/test-dir/MiniOzoneClusterImpl-479c7609-b74d-4220-beb1-8eefa524396f/datanode-4/data/containers/hdds to VolumeSet
2019-07-16 14:29:51,067 INFO  volume.ThrottledAsyncChecker (ThrottledAsyncChecker.java:schedule(140)) - Scheduling a check for org.apache.hadoop.ozone.container.common.volume.HddsVolume@6eb8fd79
2019-07-16 14:29:51,068 INFO  volume.HddsVolumeChecker (HddsVolumeChecker.java:checkAllVolumes(203)) - Scheduled health check for volume org.apache.hadoop.ozone.container.common.volume.HddsVolume@6eb8fd79
2019-07-16 14:29:51,082 INFO  impl.RaftServerProxy (ConfUtils.java:logGet(43)) - raft.rpc.type = GRPC (default)
2019-07-16 14:29:51,082 INFO  grpc.GrpcFactory (GrpcFactory.java:checkPooledByteBufAllocatorUseCacheForAllThreads(45)) - PERFORMANCE WARNING: useCacheForAllThreads is true that may cause Netty to create a lot garbage objects and, as a result, trigger GC.
	It is recommended to disable useCacheForAllThreads by setting -Dorg.apache.ratis.thirdparty.io.netty.allocator.useCacheForAllThreads=false in command line.
2019-07-16 14:29:51,083 INFO  grpc.GrpcConfigKeys$Server (ConfUtils.java:logGet(43)) - raft.grpc.server.port = 0 (default)
2019-07-16 14:29:51,083 INFO  server.GrpcService (ConfUtils.java:logGet(43)) - raft.grpc.message.size.max = 33570816 (custom)
2019-07-16 14:29:51,083 INFO  server.RaftServerConfigKeys (ConfUtils.java:logGet(43)) - raft.server.log.appender.buffer.byte-limit = 33554432 (custom)
2019-07-16 14:29:51,083 INFO  server.GrpcService (ConfUtils.java:logGet(43)) - raft.grpc.flow.control.window = 1MB (=1048576) (default)
2019-07-16 14:29:51,083 INFO  server.RaftServerConfigKeys (ConfUtils.java:logGet(43)) - raft.server.rpc.request.timeout = 3000ms (default)
2019-07-16 14:29:51,084 INFO  server.RaftServerConfigKeys (ConfUtils.java:logGet(43)) - raft.server.storage.dir = [/workdir/hadoop-ozone/integration-test/target/test-dir/MiniOzoneClusterImpl-479c7609-b74d-4220-beb1-8eefa524396f/datanode-4/data/ratis] (custom)
2019-07-16 14:29:51,084 INFO  replication.SimpleContainerDownloader (SimpleContainerDownloader.java:<init>(72)) - Starting container downloader service to copy containers to replicate.
2019-07-16 14:29:51,085 INFO  hdfs.DFSUtil (DFSUtil.java:httpServerTemplateForNNAndJN(1641)) - Starting Web-server for hddsDatanode at: http://0.0.0.0:0
2019-07-16 14:29:51,086 INFO  server.AuthenticationFilter (AuthenticationFilter.java:constructSecretProvider(240)) - Unable to initialize FileSignerSecretProvider, falling back to use random secrets.
2019-07-16 14:29:51,087 WARN  http.HttpRequestLog (HttpRequestLog.java:getRequestLog(97)) - Jetty request log can only be enabled using Log4j
2019-07-16 14:29:51,088 INFO  http.HttpServer2 (HttpServer2.java:addGlobalFilter(975)) - Added global filter 'safety' (class=org.apache.hadoop.http.HttpServer2$QuotingInputFilter)
2019-07-16 14:29:51,088 INFO  http.HttpServer2 (HttpServer2.java:addFilter(948)) - Added filter static_user_filter (class=org.apache.hadoop.http.lib.StaticUserWebFilter$StaticUserFilter) to context hddsDatanode
2019-07-16 14:29:51,088 INFO  http.HttpServer2 (HttpServer2.java:addFilter(958)) - Added filter static_user_filter (class=org.apache.hadoop.http.lib.StaticUserWebFilter$StaticUserFilter) to context logs
2019-07-16 14:29:51,088 INFO  http.HttpServer2 (HttpServer2.java:addFilter(958)) - Added filter static_user_filter (class=org.apache.hadoop.http.lib.StaticUserWebFilter$StaticUserFilter) to context static
2019-07-16 14:29:51,089 INFO  http.HttpServer2 (HttpServer2.java:bindListener(1191)) - Jetty bound to port 32959
2019-07-16 14:29:51,089 INFO  server.Server (Server.java:doStart(351)) - jetty-9.3.24.v20180605, build timestamp: 2018-06-05T17:11:56Z, git hash: 84205aa28f11a4f31f2a3b86d1bba2cc8ab69827
2019-07-16 14:29:51,091 INFO  handler.ContextHandler (ContextHandler.java:doStart(781)) - Started o.e.j.s.ServletContextHandler@279c94ad{/logs,file:///workdir/hadoop-ozone/integration-test/target/log,AVAILABLE}
2019-07-16 14:29:51,091 INFO  handler.ContextHandler (ContextHandler.java:doStart(781)) - Started o.e.j.s.ServletContextHandler@7b3b0896{/static,jar:file:/home/user/.m2/repository/org/apache/hadoop/hadoop-hdds-container-service/0.5.0-SNAPSHOT/hadoop-hdds-container-service-0.5.0-SNAPSHOT.jar!/webapps/static,AVAILABLE}
2019-07-16 14:29:51,117 INFO  handler.ContextHandler (ContextHandler.java:doStart(781)) - Started o.e.j.w.WebAppContext@74cf108b{/,file:///tmp/jetty-0.0.0.0-32959-hddsDatanode-_-any-6363841941967857935.dir/webapp/,AVAILABLE}{/hddsDatanode}
2019-07-16 14:29:51,118 INFO  server.AbstractConnector (AbstractConnector.java:doStart(278)) - Started ServerConnector@56c72fff{HTTP/1.1,[http/1.1]}{0.0.0.0:32959}
2019-07-16 14:29:51,119 INFO  server.Server (Server.java:doStart(419)) - Started @664414ms
2019-07-16 14:29:51,120 INFO  server.BaseHttpServer (BaseHttpServer.java:updateConnectorAddress(207)) - HTTP server of HDDSDATANODE is listening at http://0.0.0.0:32959
2019-07-16 14:29:51,219 INFO  ozone.HddsDatanodeService (HddsDatanodeService.java:startPlugins(396)) - Started plug-in org.apache.hadoop.ozone.web.OzoneHddsDatanodeService@1b856d2a
2019-07-16 14:29:51,219 INFO  impl.MetricsSystemImpl (MetricsSystemImpl.java:init(158)) - HddsDatanode metrics system started (again)
2019-07-16 14:29:51,222 INFO  ozone.HddsDatanodeService (HddsDatanodeService.java:start(185)) - HddsDatanodeService host:trunk-nightly-gllmw-2332419065 ip:192.168.157.241
2019-07-16 14:29:51,224 INFO  util.JvmPauseMonitor (JvmPauseMonitor.java:run(188)) - Starting JVM pause monitor
2019-07-16 14:29:51,225 INFO  datanode.InitDatanodeState (InitDatanodeState.java:persistContainerDatanodeDetails(140)) - DatanodeDetails is persisted to /workdir/hadoop-ozone/integration-test/target/test-dir/MiniOzoneClusterImpl-479c7609-b74d-4220-beb1-8eefa524396f/datanode-4/meta/datanode.id
2019-07-16 14:29:51,236 INFO  volume.HddsVolume (HddsVolume.java:<init>(176)) - Creating Volume: /workdir/hadoop-ozone/integration-test/target/test-dir/MiniOzoneClusterImpl-479c7609-b74d-4220-beb1-8eefa524396f/datanode-5/data/containers/hdds of  storage type : DISK and capacity : 52710309888
2019-07-16 14:29:51,236 INFO  volume.VolumeSet (VolumeSet.java:initializeVolumeSet(170)) - Added Volume : /workdir/hadoop-ozone/integration-test/target/test-dir/MiniOzoneClusterImpl-479c7609-b74d-4220-beb1-8eefa524396f/datanode-5/data/containers/hdds to VolumeSet
2019-07-16 14:29:51,236 INFO  volume.ThrottledAsyncChecker (ThrottledAsyncChecker.java:schedule(140)) - Scheduling a check for org.apache.hadoop.ozone.container.common.volume.HddsVolume@1928dc66
2019-07-16 14:29:51,237 INFO  volume.HddsVolumeChecker (HddsVolumeChecker.java:checkAllVolumes(203)) - Scheduled health check for volume org.apache.hadoop.ozone.container.common.volume.HddsVolume@1928dc66
2019-07-16 14:29:51,252 INFO  impl.RaftServerProxy (ConfUtils.java:logGet(43)) - raft.rpc.type = GRPC (default)
2019-07-16 14:29:51,252 INFO  grpc.GrpcFactory (GrpcFactory.java:checkPooledByteBufAllocatorUseCacheForAllThreads(45)) - PERFORMANCE WARNING: useCacheForAllThreads is true that may cause Netty to create a lot garbage objects and, as a result, trigger GC.
	It is recommended to disable useCacheForAllThreads by setting -Dorg.apache.ratis.thirdparty.io.netty.allocator.useCacheForAllThreads=false in command line.
2019-07-16 14:29:51,253 INFO  grpc.GrpcConfigKeys$Server (ConfUtils.java:logGet(43)) - raft.grpc.server.port = 0 (default)
2019-07-16 14:29:51,253 INFO  server.GrpcService (ConfUtils.java:logGet(43)) - raft.grpc.message.size.max = 33570816 (custom)
2019-07-16 14:29:51,253 INFO  server.RaftServerConfigKeys (ConfUtils.java:logGet(43)) - raft.server.log.appender.buffer.byte-limit = 33554432 (custom)
2019-07-16 14:29:51,253 INFO  server.GrpcService (ConfUtils.java:logGet(43)) - raft.grpc.flow.control.window = 1MB (=1048576) (default)
2019-07-16 14:29:51,253 INFO  server.RaftServerConfigKeys (ConfUtils.java:logGet(43)) - raft.server.rpc.request.timeout = 3000ms (default)
2019-07-16 14:29:51,254 INFO  server.RaftServerConfigKeys (ConfUtils.java:logGet(43)) - raft.server.storage.dir = [/workdir/hadoop-ozone/integration-test/target/test-dir/MiniOzoneClusterImpl-479c7609-b74d-4220-beb1-8eefa524396f/datanode-5/data/ratis] (custom)
2019-07-16 14:29:51,254 INFO  replication.SimpleContainerDownloader (SimpleContainerDownloader.java:<init>(72)) - Starting container downloader service to copy containers to replicate.
2019-07-16 14:29:51,255 INFO  hdfs.DFSUtil (DFSUtil.java:httpServerTemplateForNNAndJN(1641)) - Starting Web-server for hddsDatanode at: http://0.0.0.0:0
2019-07-16 14:29:51,256 INFO  server.AuthenticationFilter (AuthenticationFilter.java:constructSecretProvider(240)) - Unable to initialize FileSignerSecretProvider, falling back to use random secrets.
2019-07-16 14:29:51,257 WARN  http.HttpRequestLog (HttpRequestLog.java:getRequestLog(97)) - Jetty request log can only be enabled using Log4j
2019-07-16 14:29:51,258 INFO  http.HttpServer2 (HttpServer2.java:addGlobalFilter(975)) - Added global filter 'safety' (class=org.apache.hadoop.http.HttpServer2$QuotingInputFilter)
2019-07-16 14:29:51,258 INFO  http.HttpServer2 (HttpServer2.java:addFilter(948)) - Added filter static_user_filter (class=org.apache.hadoop.http.lib.StaticUserWebFilter$StaticUserFilter) to context hddsDatanode
2019-07-16 14:29:51,258 INFO  http.HttpServer2 (HttpServer2.java:addFilter(958)) - Added filter static_user_filter (class=org.apache.hadoop.http.lib.StaticUserWebFilter$StaticUserFilter) to context static
2019-07-16 14:29:51,258 INFO  http.HttpServer2 (HttpServer2.java:addFilter(958)) - Added filter static_user_filter (class=org.apache.hadoop.http.lib.StaticUserWebFilter$StaticUserFilter) to context logs
2019-07-16 14:29:51,259 INFO  http.HttpServer2 (HttpServer2.java:bindListener(1191)) - Jetty bound to port 38638
2019-07-16 14:29:51,259 INFO  server.Server (Server.java:doStart(351)) - jetty-9.3.24.v20180605, build timestamp: 2018-06-05T17:11:56Z, git hash: 84205aa28f11a4f31f2a3b86d1bba2cc8ab69827
2019-07-16 14:29:51,261 INFO  handler.ContextHandler (ContextHandler.java:doStart(781)) - Started o.e.j.s.ServletContextHandler@47e2a158{/logs,file:///workdir/hadoop-ozone/integration-test/target/log,AVAILABLE}
2019-07-16 14:29:51,261 INFO  handler.ContextHandler (ContextHandler.java:doStart(781)) - Started o.e.j.s.ServletContextHandler@1fb66050{/static,jar:file:/home/user/.m2/repository/org/apache/hadoop/hadoop-hdds-container-service/0.5.0-SNAPSHOT/hadoop-hdds-container-service-0.5.0-SNAPSHOT.jar!/webapps/static,AVAILABLE}
2019-07-16 14:29:51,288 INFO  handler.ContextHandler (ContextHandler.java:doStart(781)) - Started o.e.j.w.WebAppContext@511936ad{/,file:///tmp/jetty-0.0.0.0-38638-hddsDatanode-_-any-3685936330322260913.dir/webapp/,AVAILABLE}{/hddsDatanode}
2019-07-16 14:29:51,288 INFO  server.AbstractConnector (AbstractConnector.java:doStart(278)) - Started ServerConnector@7408b3db{HTTP/1.1,[http/1.1]}{0.0.0.0:38638}
2019-07-16 14:29:51,288 INFO  server.Server (Server.java:doStart(419)) - Started @664584ms
2019-07-16 14:29:51,290 INFO  server.BaseHttpServer (BaseHttpServer.java:updateConnectorAddress(207)) - HTTP server of HDDSDATANODE is listening at http://0.0.0.0:38638
2019-07-16 14:29:51,392 INFO  ozone.HddsDatanodeService (HddsDatanodeService.java:startPlugins(396)) - Started plug-in org.apache.hadoop.ozone.web.OzoneHddsDatanodeService@5b3c2e59
2019-07-16 14:29:51,392 INFO  impl.MetricsSystemImpl (MetricsSystemImpl.java:init(158)) - HddsDatanode metrics system started (again)
2019-07-16 14:29:51,395 INFO  ozone.HddsDatanodeService (HddsDatanodeService.java:start(185)) - HddsDatanodeService host:trunk-nightly-gllmw-2332419065 ip:192.168.157.241
2019-07-16 14:29:51,397 INFO  util.JvmPauseMonitor (JvmPauseMonitor.java:run(188)) - Starting JVM pause monitor
2019-07-16 14:29:51,398 INFO  datanode.InitDatanodeState (InitDatanodeState.java:persistContainerDatanodeDetails(140)) - DatanodeDetails is persisted to /workdir/hadoop-ozone/integration-test/target/test-dir/MiniOzoneClusterImpl-479c7609-b74d-4220-beb1-8eefa524396f/datanode-5/meta/datanode.id
2019-07-16 14:29:51,410 INFO  volume.HddsVolume (HddsVolume.java:<init>(176)) - Creating Volume: /workdir/hadoop-ozone/integration-test/target/test-dir/MiniOzoneClusterImpl-479c7609-b74d-4220-beb1-8eefa524396f/datanode-6/data/containers/hdds of  storage type : DISK and capacity : 52710309888
2019-07-16 14:29:51,411 INFO  volume.VolumeSet (VolumeSet.java:initializeVolumeSet(170)) - Added Volume : /workdir/hadoop-ozone/integration-test/target/test-dir/MiniOzoneClusterImpl-479c7609-b74d-4220-beb1-8eefa524396f/datanode-6/data/containers/hdds to VolumeSet
2019-07-16 14:29:51,411 INFO  volume.ThrottledAsyncChecker (ThrottledAsyncChecker.java:schedule(140)) - Scheduling a check for org.apache.hadoop.ozone.container.common.volume.HddsVolume@506d7831
2019-07-16 14:29:51,411 INFO  volume.HddsVolumeChecker (HddsVolumeChecker.java:checkAllVolumes(203)) - Scheduled health check for volume org.apache.hadoop.ozone.container.common.volume.HddsVolume@506d7831
2019-07-16 14:29:51,426 INFO  impl.RaftServerProxy (ConfUtils.java:logGet(43)) - raft.rpc.type = GRPC (default)
2019-07-16 14:29:51,426 INFO  grpc.GrpcFactory (GrpcFactory.java:checkPooledByteBufAllocatorUseCacheForAllThreads(45)) - PERFORMANCE WARNING: useCacheForAllThreads is true that may cause Netty to create a lot garbage objects and, as a result, trigger GC.
	It is recommended to disable useCacheForAllThreads by setting -Dorg.apache.ratis.thirdparty.io.netty.allocator.useCacheForAllThreads=false in command line.
2019-07-16 14:29:51,427 INFO  grpc.GrpcConfigKeys$Server (ConfUtils.java:logGet(43)) - raft.grpc.server.port = 0 (default)
2019-07-16 14:29:51,427 INFO  server.GrpcService (ConfUtils.java:logGet(43)) - raft.grpc.message.size.max = 33570816 (custom)
2019-07-16 14:29:51,427 INFO  server.RaftServerConfigKeys (ConfUtils.java:logGet(43)) - raft.server.log.appender.buffer.byte-limit = 33554432 (custom)
2019-07-16 14:29:51,427 INFO  server.GrpcService (ConfUtils.java:logGet(43)) - raft.grpc.flow.control.window = 1MB (=1048576) (default)
2019-07-16 14:29:51,427 INFO  server.RaftServerConfigKeys (ConfUtils.java:logGet(43)) - raft.server.rpc.request.timeout = 3000ms (default)
2019-07-16 14:29:51,428 INFO  server.RaftServerConfigKeys (ConfUtils.java:logGet(43)) - raft.server.storage.dir = [/workdir/hadoop-ozone/integration-test/target/test-dir/MiniOzoneClusterImpl-479c7609-b74d-4220-beb1-8eefa524396f/datanode-6/data/ratis] (custom)
2019-07-16 14:29:51,428 INFO  replication.SimpleContainerDownloader (SimpleContainerDownloader.java:<init>(72)) - Starting container downloader service to copy containers to replicate.
2019-07-16 14:29:51,429 INFO  hdfs.DFSUtil (DFSUtil.java:httpServerTemplateForNNAndJN(1641)) - Starting Web-server for hddsDatanode at: http://0.0.0.0:0
2019-07-16 14:29:51,430 INFO  server.AuthenticationFilter (AuthenticationFilter.java:constructSecretProvider(240)) - Unable to initialize FileSignerSecretProvider, falling back to use random secrets.
2019-07-16 14:29:51,430 WARN  http.HttpRequestLog (HttpRequestLog.java:getRequestLog(97)) - Jetty request log can only be enabled using Log4j
2019-07-16 14:29:51,431 INFO  http.HttpServer2 (HttpServer2.java:addGlobalFilter(975)) - Added global filter 'safety' (class=org.apache.hadoop.http.HttpServer2$QuotingInputFilter)
2019-07-16 14:29:51,432 INFO  http.HttpServer2 (HttpServer2.java:addFilter(948)) - Added filter static_user_filter (class=org.apache.hadoop.http.lib.StaticUserWebFilter$StaticUserFilter) to context hddsDatanode
2019-07-16 14:29:51,432 INFO  http.HttpServer2 (HttpServer2.java:addFilter(958)) - Added filter static_user_filter (class=org.apache.hadoop.http.lib.StaticUserWebFilter$StaticUserFilter) to context static
2019-07-16 14:29:51,432 INFO  http.HttpServer2 (HttpServer2.java:addFilter(958)) - Added filter static_user_filter (class=org.apache.hadoop.http.lib.StaticUserWebFilter$StaticUserFilter) to context logs
2019-07-16 14:29:51,433 INFO  http.HttpServer2 (HttpServer2.java:bindListener(1191)) - Jetty bound to port 46266
2019-07-16 14:29:51,433 INFO  server.Server (Server.java:doStart(351)) - jetty-9.3.24.v20180605, build timestamp: 2018-06-05T17:11:56Z, git hash: 84205aa28f11a4f31f2a3b86d1bba2cc8ab69827
2019-07-16 14:29:51,434 INFO  handler.ContextHandler (ContextHandler.java:doStart(781)) - Started o.e.j.s.ServletContextHandler@4d5399f4{/logs,file:///workdir/hadoop-ozone/integration-test/target/log,AVAILABLE}
2019-07-16 14:29:51,435 INFO  handler.ContextHandler (ContextHandler.java:doStart(781)) - Started o.e.j.s.ServletContextHandler@28908c04{/static,jar:file:/home/user/.m2/repository/org/apache/hadoop/hadoop-hdds-container-service/0.5.0-SNAPSHOT/hadoop-hdds-container-service-0.5.0-SNAPSHOT.jar!/webapps/static,AVAILABLE}
2019-07-16 14:29:51,461 INFO  handler.ContextHandler (ContextHandler.java:doStart(781)) - Started o.e.j.w.WebAppContext@689f60ea{/,file:///tmp/jetty-0.0.0.0-46266-hddsDatanode-_-any-5192643186101874202.dir/webapp/,AVAILABLE}{/hddsDatanode}
2019-07-16 14:29:51,461 INFO  server.AbstractConnector (AbstractConnector.java:doStart(278)) - Started ServerConnector@6267b25a{HTTP/1.1,[http/1.1]}{0.0.0.0:46266}
2019-07-16 14:29:51,462 INFO  server.Server (Server.java:doStart(419)) - Started @664758ms
2019-07-16 14:29:51,463 INFO  server.BaseHttpServer (BaseHttpServer.java:updateConnectorAddress(207)) - HTTP server of HDDSDATANODE is listening at http://0.0.0.0:46266
2019-07-16 14:29:51,559 INFO  ozone.HddsDatanodeService (HddsDatanodeService.java:startPlugins(396)) - Started plug-in org.apache.hadoop.ozone.web.OzoneHddsDatanodeService@6413fef3
2019-07-16 14:29:51,559 INFO  ozone.MiniOzoneClusterImpl (MiniOzoneClusterImpl.java:lambda$waitForClusterToBeReady$0(142)) - Waiting for cluster to be ready. Got 0 of 7 DN Heartbeats.
2019-07-16 14:29:51,564 INFO  util.JvmPauseMonitor (JvmPauseMonitor.java:run(188)) - Starting JVM pause monitor
2019-07-16 14:29:51,565 INFO  datanode.InitDatanodeState (InitDatanodeState.java:persistContainerDatanodeDetails(140)) - DatanodeDetails is persisted to /workdir/hadoop-ozone/integration-test/target/test-dir/MiniOzoneClusterImpl-479c7609-b74d-4220-beb1-8eefa524396f/datanode-6/meta/datanode.id
2019-07-16 14:29:52,426 INFO  ozoneimpl.OzoneContainer (OzoneContainer.java:start(186)) - Attempting to start container services.
2019-07-16 14:29:52,429 INFO  ozoneimpl.OzoneContainer (OzoneContainer.java:startContainerScrub(160)) - Background container scrubber has been disabled by hdds.containerscrub.enabled
2019-07-16 14:29:52,429 INFO  ratis.XceiverServerRatis (XceiverServerRatis.java:start(418)) - Starting XceiverServerRatis 223c2dc0-f540-405a-83dc-e3447ea605a6 at port 0
2019-07-16 14:29:52,439 INFO  impl.RaftServerProxy (RaftServerProxy.java:lambda$start$3(299)) - 223c2dc0-f540-405a-83dc-e3447ea605a6: start RPC server
2019-07-16 14:29:52,440 INFO  server.GrpcService (GrpcService.java:startImpl(149)) - 223c2dc0-f540-405a-83dc-e3447ea605a6: GrpcService started, listening on 0.0.0.0/0.0.0.0:37180
2019-07-16 14:29:52,440 INFO  ratis.XceiverServerRatis (XceiverServerRatis.java:start(428)) - XceiverServerRatis 223c2dc0-f540-405a-83dc-e3447ea605a6 is started using port 37180
2019-07-16 14:29:52,441 INFO  server.XceiverServerGrpc (XceiverServerGrpc.java:start(161)) - XceiverServerGrpc 223c2dc0-f540-405a-83dc-e3447ea605a6 is started using port 33951
2019-07-16 14:29:52,559 INFO  ozone.MiniOzoneClusterImpl (MiniOzoneClusterImpl.java:lambda$waitForClusterToBeReady$0(142)) - Waiting for cluster to be ready. Got 0 of 7 DN Heartbeats.
2019-07-16 14:29:52,642 INFO  ozoneimpl.OzoneContainer (OzoneContainer.java:start(186)) - Attempting to start container services.
2019-07-16 14:29:52,647 INFO  ozoneimpl.OzoneContainer (OzoneContainer.java:startContainerScrub(160)) - Background container scrubber has been disabled by hdds.containerscrub.enabled
2019-07-16 14:29:52,647 INFO  ratis.XceiverServerRatis (XceiverServerRatis.java:start(418)) - Starting XceiverServerRatis 1b6ee3b5-e4d3-4405-a306-cd6a587047f9 at port 0
2019-07-16 14:29:52,656 INFO  impl.RaftServerProxy (RaftServerProxy.java:lambda$start$3(299)) - 1b6ee3b5-e4d3-4405-a306-cd6a587047f9: start RPC server
2019-07-16 14:29:52,657 INFO  server.GrpcService (GrpcService.java:startImpl(149)) - 1b6ee3b5-e4d3-4405-a306-cd6a587047f9: GrpcService started, listening on 0.0.0.0/0.0.0.0:46240
2019-07-16 14:29:52,657 INFO  ratis.XceiverServerRatis (XceiverServerRatis.java:start(428)) - XceiverServerRatis 1b6ee3b5-e4d3-4405-a306-cd6a587047f9 is started using port 46240
2019-07-16 14:29:52,667 INFO  server.XceiverServerGrpc (XceiverServerGrpc.java:start(161)) - XceiverServerGrpc 1b6ee3b5-e4d3-4405-a306-cd6a587047f9 is started using port 38292
2019-07-16 14:29:52,870 INFO  ozoneimpl.OzoneContainer (OzoneContainer.java:start(186)) - Attempting to start container services.
2019-07-16 14:29:52,877 INFO  ozoneimpl.OzoneContainer (OzoneContainer.java:startContainerScrub(160)) - Background container scrubber has been disabled by hdds.containerscrub.enabled
2019-07-16 14:29:52,878 INFO  ratis.XceiverServerRatis (XceiverServerRatis.java:start(418)) - Starting XceiverServerRatis e62bb0c6-ea95-4fac-8e7b-0d6eb66883df at port 0
2019-07-16 14:29:52,887 INFO  impl.RaftServerProxy (RaftServerProxy.java:lambda$start$3(299)) - e62bb0c6-ea95-4fac-8e7b-0d6eb66883df: start RPC server
2019-07-16 14:29:52,888 INFO  server.GrpcService (GrpcService.java:startImpl(149)) - e62bb0c6-ea95-4fac-8e7b-0d6eb66883df: GrpcService started, listening on 0.0.0.0/0.0.0.0:44866
2019-07-16 14:29:52,888 INFO  ratis.XceiverServerRatis (XceiverServerRatis.java:start(428)) - XceiverServerRatis e62bb0c6-ea95-4fac-8e7b-0d6eb66883df is started using port 44866
2019-07-16 14:29:52,889 INFO  server.XceiverServerGrpc (XceiverServerGrpc.java:start(161)) - XceiverServerGrpc e62bb0c6-ea95-4fac-8e7b-0d6eb66883df is started using port 45553
2019-07-16 14:29:53,069 INFO  ozoneimpl.OzoneContainer (OzoneContainer.java:start(186)) - Attempting to start container services.
2019-07-16 14:29:53,069 INFO  ozoneimpl.OzoneContainer (OzoneContainer.java:startContainerScrub(160)) - Background container scrubber has been disabled by hdds.containerscrub.enabled
2019-07-16 14:29:53,069 INFO  ratis.XceiverServerRatis (XceiverServerRatis.java:start(418)) - Starting XceiverServerRatis 5014ae59-fdca-4c19-9f95-a5a895a6fc17 at port 0
2019-07-16 14:29:53,079 INFO  impl.RaftServerProxy (RaftServerProxy.java:lambda$start$3(299)) - 5014ae59-fdca-4c19-9f95-a5a895a6fc17: start RPC server
2019-07-16 14:29:53,079 INFO  server.GrpcService (GrpcService.java:startImpl(149)) - 5014ae59-fdca-4c19-9f95-a5a895a6fc17: GrpcService started, listening on 0.0.0.0/0.0.0.0:33053
2019-07-16 14:29:53,080 INFO  ratis.XceiverServerRatis (XceiverServerRatis.java:start(428)) - XceiverServerRatis 5014ae59-fdca-4c19-9f95-a5a895a6fc17 is started using port 33053
2019-07-16 14:29:53,080 INFO  server.XceiverServerGrpc (XceiverServerGrpc.java:start(161)) - XceiverServerGrpc 5014ae59-fdca-4c19-9f95-a5a895a6fc17 is started using port 44797
2019-07-16 14:29:53,238 INFO  ozoneimpl.OzoneContainer (OzoneContainer.java:start(186)) - Attempting to start container services.
2019-07-16 14:29:53,238 INFO  ozoneimpl.OzoneContainer (OzoneContainer.java:startContainerScrub(160)) - Background container scrubber has been disabled by hdds.containerscrub.enabled
2019-07-16 14:29:53,238 INFO  ratis.XceiverServerRatis (XceiverServerRatis.java:start(418)) - Starting XceiverServerRatis 66802454-a46f-43c1-848a-7c1fdabaf77c at port 0
2019-07-16 14:29:53,247 INFO  impl.RaftServerProxy (RaftServerProxy.java:lambda$start$3(299)) - 66802454-a46f-43c1-848a-7c1fdabaf77c: start RPC server
2019-07-16 14:29:53,247 INFO  server.GrpcService (GrpcService.java:startImpl(149)) - 66802454-a46f-43c1-848a-7c1fdabaf77c: GrpcService started, listening on 0.0.0.0/0.0.0.0:44135
2019-07-16 14:29:53,248 INFO  ratis.XceiverServerRatis (XceiverServerRatis.java:start(428)) - XceiverServerRatis 66802454-a46f-43c1-848a-7c1fdabaf77c is started using port 44135
2019-07-16 14:29:53,248 INFO  server.XceiverServerGrpc (XceiverServerGrpc.java:start(161)) - XceiverServerGrpc 66802454-a46f-43c1-848a-7c1fdabaf77c is started using port 37448
2019-07-16 14:29:53,411 INFO  ozoneimpl.OzoneContainer (OzoneContainer.java:start(186)) - Attempting to start container services.
2019-07-16 14:29:53,412 INFO  ozoneimpl.OzoneContainer (OzoneContainer.java:startContainerScrub(160)) - Background container scrubber has been disabled by hdds.containerscrub.enabled
2019-07-16 14:29:53,412 INFO  ratis.XceiverServerRatis (XceiverServerRatis.java:start(418)) - Starting XceiverServerRatis a0a358c4-b048-4014-9238-672f8f885af6 at port 0
2019-07-16 14:29:53,422 INFO  impl.RaftServerProxy (RaftServerProxy.java:lambda$start$3(299)) - a0a358c4-b048-4014-9238-672f8f885af6: start RPC server
2019-07-16 14:29:53,423 INFO  server.GrpcService (GrpcService.java:startImpl(149)) - a0a358c4-b048-4014-9238-672f8f885af6: GrpcService started, listening on 0.0.0.0/0.0.0.0:33961
2019-07-16 14:29:53,423 INFO  ratis.XceiverServerRatis (XceiverServerRatis.java:start(428)) - XceiverServerRatis a0a358c4-b048-4014-9238-672f8f885af6 is started using port 33961
2019-07-16 14:29:53,428 INFO  server.XceiverServerGrpc (XceiverServerGrpc.java:start(161)) - XceiverServerGrpc a0a358c4-b048-4014-9238-672f8f885af6 is started using port 36828
2019-07-16 14:29:53,560 INFO  ozone.MiniOzoneClusterImpl (MiniOzoneClusterImpl.java:lambda$waitForClusterToBeReady$0(142)) - Waiting for cluster to be ready. Got 0 of 7 DN Heartbeats.
2019-07-16 14:29:53,578 INFO  ozoneimpl.OzoneContainer (OzoneContainer.java:start(186)) - Attempting to start container services.
2019-07-16 14:29:53,578 INFO  ozoneimpl.OzoneContainer (OzoneContainer.java:startContainerScrub(160)) - Background container scrubber has been disabled by hdds.containerscrub.enabled
2019-07-16 14:29:53,578 INFO  ratis.XceiverServerRatis (XceiverServerRatis.java:start(418)) - Starting XceiverServerRatis 10576b7c-fc76-40a9-be35-e256424049b5 at port 0
2019-07-16 14:29:53,587 INFO  impl.RaftServerProxy (RaftServerProxy.java:lambda$start$3(299)) - 10576b7c-fc76-40a9-be35-e256424049b5: start RPC server
2019-07-16 14:29:53,588 INFO  server.GrpcService (GrpcService.java:startImpl(149)) - 10576b7c-fc76-40a9-be35-e256424049b5: GrpcService started, listening on 0.0.0.0/0.0.0.0:35634
2019-07-16 14:29:53,588 INFO  ratis.XceiverServerRatis (XceiverServerRatis.java:start(428)) - XceiverServerRatis 10576b7c-fc76-40a9-be35-e256424049b5 is started using port 35634
2019-07-16 14:29:53,591 INFO  server.XceiverServerGrpc (XceiverServerGrpc.java:start(161)) - XceiverServerGrpc 10576b7c-fc76-40a9-be35-e256424049b5 is started using port 46074
2019-07-16 14:29:54,409 INFO  net.NetworkTopology (NetworkTopologyImpl.java:add(110)) - Added a new node: /default-rack/192.168.157.241
2019-07-16 14:29:54,412 INFO  node.SCMNodeManager (SCMNodeManager.java:register(269)) - Registered Data node : 223c2dc0-f540-405a-83dc-e3447ea605a6{ip: 192.168.157.241, host: trunk-nightly-gllmw-2332419065, networkLocation: /default-rack, certSerialId: null}
2019-07-16 14:29:54,413 INFO  safemode.SCMSafeModeManager (DataNodeSafeModeRule.java:process(71)) - SCM in safe mode. 1 DataNodes registered, 1 required.
2019-07-16 14:29:54,416 INFO  safemode.SCMSafeModeManager (SCMSafeModeManager.java:validateSafeModeExitRules(177)) - ScmSafeModeManager, all rules are successfully validated
2019-07-16 14:29:54,416 INFO  safemode.SCMSafeModeManager (SCMSafeModeManager.java:exitSafeMode(193)) - SCM exiting safe mode.
2019-07-16 14:29:54,429 INFO  impl.RaftServerProxy (RaftServerProxy.java:addNew(89)) - 223c2dc0-f540-405a-83dc-e3447ea605a6: addNew group-E0CB0708D483:[223c2dc0-f540-405a-83dc-e3447ea605a6:192.168.157.241:37180] returns group-E0CB0708D483:java.util.concurrent.CompletableFuture@1e7a99b4[Not completed]
2019-07-16 14:29:54,430 INFO  impl.RaftServerImpl (RaftServerImpl.java:<init>(93)) - 223c2dc0-f540-405a-83dc-e3447ea605a6: new RaftServerImpl for group-E0CB0708D483:[223c2dc0-f540-405a-83dc-e3447ea605a6:192.168.157.241:37180] with ContainerStateMachine:uninitialized
2019-07-16 14:29:54,430 INFO  server.RaftServerConfigKeys (ConfUtils.java:logGet(43)) - raft.server.rpc.timeout.min = 5s (custom)
2019-07-16 14:29:54,430 INFO  server.RaftServerConfigKeys (ConfUtils.java:logGet(43)) - raft.server.rpc.timeout.max = 5200ms (custom)
2019-07-16 14:29:54,431 INFO  server.RaftServerConfigKeys (ConfUtils.java:logGet(43)) - raft.server.rpcslowness.timeout = 120s (custom)
2019-07-16 14:29:54,431 INFO  server.RaftServerConfigKeys (ConfUtils.java:logGet(43)) - raft.server.sleep.deviation.threshold = 300 (default)
2019-07-16 14:29:54,431 INFO  server.RaftServerConfigKeys (ConfUtils.java:logGet(43)) - raft.server.log.appender.install.snapshot.enabled = false (custom)
2019-07-16 14:29:54,431 INFO  impl.RaftServerImpl (ServerState.java:<init>(105)) - 223c2dc0-f540-405a-83dc-e3447ea605a6:group-E0CB0708D483 ConfigurationManager, init=-1: [223c2dc0-f540-405a-83dc-e3447ea605a6:192.168.157.241:37180], old=null, confs=<EMPTY_MAP>
2019-07-16 14:29:54,431 INFO  server.RaftServerConfigKeys (ConfUtils.java:logGet(43)) - raft.server.storage.dir = [/workdir/hadoop-ozone/integration-test/target/test-dir/MiniOzoneClusterImpl-479c7609-b74d-4220-beb1-8eefa524396f/datanode-0/data/ratis] (custom)
2019-07-16 14:29:54,432 INFO  storage.RaftStorageDirectory (RaftStorageDirectory.java:analyzeStorage(246)) - The storage directory /workdir/hadoop-ozone/integration-test/target/test-dir/MiniOzoneClusterImpl-479c7609-b74d-4220-beb1-8eefa524396f/datanode-0/data/ratis/a7ae55fe-d9a5-4af1-95b3-e0cb0708d483 does not exist. Creating ...
2019-07-16 14:29:54,445 INFO  storage.RaftStorageDirectory (RaftStorageDirectory.java:tryLock(328)) - Lock on /workdir/hadoop-ozone/integration-test/target/test-dir/MiniOzoneClusterImpl-479c7609-b74d-4220-beb1-8eefa524396f/datanode-0/data/ratis/a7ae55fe-d9a5-4af1-95b3-e0cb0708d483/in_use.lock acquired by nodename 23803@trunk-nightly-gllmw-2332419065
2019-07-16 14:29:54,459 INFO  storage.RaftStorage (RaftStorage.java:format(72)) - Storage directory /workdir/hadoop-ozone/integration-test/target/test-dir/MiniOzoneClusterImpl-479c7609-b74d-4220-beb1-8eefa524396f/datanode-0/data/ratis/a7ae55fe-d9a5-4af1-95b3-e0cb0708d483 has been successfully formatted.
2019-07-16 14:29:54,459 INFO  ratis.ContainerStateMachine (ContainerStateMachine.java:loadSnapshot(200)) - group-E0CB0708D483: The snapshot info is null. Setting the last applied indexto:(t:0, i:~)
2019-07-16 14:29:54,459 INFO  server.RaftServerConfigKeys (ConfUtils.java:logGet(43)) - raft.server.leader.election.timeout = 120s (custom)
2019-07-16 14:29:54,460 INFO  server.RaftServerConfigKeys (ConfUtils.java:logGet(43)) - raft.server.log.use.memory = false (default)
2019-07-16 14:29:54,460 INFO  server.RaftServerConfigKeys (ConfUtils.java:logGet(43)) - raft.server.log.purge.gap = 1000000000 (custom)
2019-07-16 14:29:54,460 INFO  server.RaftServerConfigKeys (ConfUtils.java:logGet(43)) - raft.server.log.appender.buffer.byte-limit = 33554432 (custom)
2019-07-16 14:29:54,460 INFO  server.RaftServerConfigKeys (ConfUtils.java:logGet(43)) - raft.server.log.segment.size.max = 1048576 (custom)
2019-07-16 14:29:54,460 INFO  server.RaftServerConfigKeys (ConfUtils.java:logGet(43)) - raft.server.log.segment.cache.num.max = 2 (custom)
2019-07-16 14:29:54,460 INFO  segmented.SegmentedRaftLogWorker (SegmentedRaftLogWorker.java:<init>(172)) - new 223c2dc0-f540-405a-83dc-e3447ea605a6-SegmentedRaftLogWorker:Storage Directory /workdir/hadoop-ozone/integration-test/target/test-dir/MiniOzoneClusterImpl-479c7609-b74d-4220-beb1-8eefa524396f/datanode-0/data/ratis/a7ae55fe-d9a5-4af1-95b3-e0cb0708d483 for RaftStorage:Storage Directory /workdir/hadoop-ozone/integration-test/target/test-dir/MiniOzoneClusterImpl-479c7609-b74d-4220-beb1-8eefa524396f/datanode-0/data/ratis/a7ae55fe-d9a5-4af1-95b3-e0cb0708d483
2019-07-16 14:29:54,461 INFO  server.RaftServerConfigKeys (ConfUtils.java:logGet(43)) - raft.server.log.queue.byte-limit = 2147483647 (custom)
2019-07-16 14:29:54,461 INFO  server.RaftServerConfigKeys (ConfUtils.java:logGet(43)) - raft.server.log.queue.element-limit = 1024 (custom)
2019-07-16 14:29:54,461 INFO  server.RaftServerConfigKeys (ConfUtils.java:logGet(43)) - raft.server.log.segment.size.max = 1048576 (custom)
2019-07-16 14:29:54,461 INFO  server.RaftServerConfigKeys (ConfUtils.java:logGet(43)) - raft.server.log.preallocated.size = 16384 (custom)
2019-07-16 14:29:54,462 INFO  server.RaftServerConfigKeys (ConfUtils.java:logGet(43)) - raft.server.log.write.buffer.size = 33554432 (custom)
2019-07-16 14:29:54,462 INFO  server.RaftServerConfigKeys (ConfUtils.java:logGet(43)) - raft.server.log.force.sync.num = 128 (default)
2019-07-16 14:29:54,462 INFO  server.RaftServerConfigKeys (ConfUtils.java:logGet(43)) - raft.server.log.statemachine.data.sync = true (default)
2019-07-16 14:29:54,462 INFO  server.RaftServerConfigKeys (ConfUtils.java:logGet(43)) - raft.server.log.statemachine.data.sync.timeout = 10s (default)
2019-07-16 14:29:54,462 INFO  server.RaftServerConfigKeys (ConfUtils.java:logGet(43)) - raft.server.log.statemachine.data.sync.timeout.retry = -1 (default)
2019-07-16 14:29:54,463 INFO  server.RaftServerConfigKeys (ConfUtils.java:logGet(43)) - raft.server.log.statemachine.data.caching.enabled = true (custom)
2019-07-16 14:29:54,463 INFO  segmented.SegmentedRaftLogWorker (SegmentedRaftLogWorker.java:lambda$new$0(132)) - 223c2dc0-f540-405a-83dc-e3447ea605a6-SegmentedRaftLogWorker:Storage Directory /workdir/hadoop-ozone/integration-test/target/test-dir/MiniOzoneClusterImpl-479c7609-b74d-4220-beb1-8eefa524396f/datanode-0/data/ratis/a7ae55fe-d9a5-4af1-95b3-e0cb0708d483: flushIndex: setUnconditionally 0 -> -1
2019-07-16 14:29:54,463 INFO  server.RaftServerConfigKeys (ConfUtils.java:logGet(43)) - raft.server.snapshot.auto.trigger.enabled = true (custom)
2019-07-16 14:29:54,464 INFO  server.RaftServerConfigKeys (ConfUtils.java:logGet(43)) - raft.server.snapshot.auto.trigger.threshold = 10000 (custom)
2019-07-16 14:29:54,464 INFO  server.RaftServerConfigKeys (ConfUtils.java:logGet(43)) - raft.server.retrycache.expirytime = 600000ms (custom)
2019-07-16 14:29:54,464 INFO  impl.RaftServerImpl (RaftServerImpl.java:start(180)) - 223c2dc0-f540-405a-83dc-e3447ea605a6: start group-E0CB0708D483
2019-07-16 14:29:54,464 INFO  impl.RaftServerImpl (RaftServerImpl.java:setRole(171)) - 223c2dc0-f540-405a-83dc-e3447ea605a6:group-E0CB0708D483 changes role from null to FOLLOWER at term 0 for startAsFollower
2019-07-16 14:29:54,464 INFO  impl.RoleInfo (RoleInfo.java:updateAndGet(143)) - 223c2dc0-f540-405a-83dc-e3447ea605a6: start FollowerState
2019-07-16 14:29:54,465 INFO  util.JmxRegister (JmxRegister.java:tryRegister(44)) - Successfully registered JMX Bean with object name Ratis:service=RaftServer,group=group-E0CB0708D483,id=223c2dc0-f540-405a-83dc-e3447ea605a6
2019-07-16 14:29:54,472 INFO  pipeline.PipelineStateManager (PipelineStateManager.java:addPipeline(56)) - Created pipeline Pipeline[ Id: a7ae55fe-d9a5-4af1-95b3-e0cb0708d483, Nodes: 223c2dc0-f540-405a-83dc-e3447ea605a6{ip: 192.168.157.241, host: trunk-nightly-gllmw-2332419065, networkLocation: /default-rack, certSerialId: null}, Type:RATIS, Factor:ONE, State:OPEN]
2019-07-16 14:29:54,560 INFO  ozone.MiniOzoneClusterImpl (MiniOzoneClusterImpl.java:lambda$waitForClusterToBeReady$0(142)) - Waiting for cluster to be ready. Got 1 of 7 DN Heartbeats.
2019-07-16 14:29:54,630 INFO  node.SCMNodeManager (SCMNodeManager.java:register(269)) - Registered Data node : 1b6ee3b5-e4d3-4405-a306-cd6a587047f9{ip: 192.168.157.241, host: trunk-nightly-gllmw-2332419065, networkLocation: /default-rack, certSerialId: null}
2019-07-16 14:29:54,656 INFO  impl.RaftServerProxy (RaftServerProxy.java:addNew(89)) - 1b6ee3b5-e4d3-4405-a306-cd6a587047f9: addNew group-B7E7F9ADFAB4:[1b6ee3b5-e4d3-4405-a306-cd6a587047f9:192.168.157.241:46240] returns group-B7E7F9ADFAB4:java.util.concurrent.CompletableFuture@749e9893[Not completed]
2019-07-16 14:29:54,657 INFO  impl.RaftServerImpl (RaftServerImpl.java:<init>(93)) - 1b6ee3b5-e4d3-4405-a306-cd6a587047f9: new RaftServerImpl for group-B7E7F9ADFAB4:[1b6ee3b5-e4d3-4405-a306-cd6a587047f9:192.168.157.241:46240] with ContainerStateMachine:uninitialized
2019-07-16 14:29:54,657 INFO  server.RaftServerConfigKeys (ConfUtils.java:logGet(43)) - raft.server.rpc.timeout.min = 5s (custom)
2019-07-16 14:29:54,657 INFO  server.RaftServerConfigKeys (ConfUtils.java:logGet(43)) - raft.server.rpc.timeout.max = 5200ms (custom)
2019-07-16 14:29:54,657 INFO  server.RaftServerConfigKeys (ConfUtils.java:logGet(43)) - raft.server.rpcslowness.timeout = 120s (custom)
2019-07-16 14:29:54,657 INFO  server.RaftServerConfigKeys (ConfUtils.java:logGet(43)) - raft.server.sleep.deviation.threshold = 300 (default)
2019-07-16 14:29:54,658 INFO  server.RaftServerConfigKeys (ConfUtils.java:logGet(43)) - raft.server.log.appender.install.snapshot.enabled = false (custom)
2019-07-16 14:29:54,658 INFO  impl.RaftServerImpl (ServerState.java:<init>(105)) - 1b6ee3b5-e4d3-4405-a306-cd6a587047f9:group-B7E7F9ADFAB4 ConfigurationManager, init=-1: [1b6ee3b5-e4d3-4405-a306-cd6a587047f9:192.168.157.241:46240], old=null, confs=<EMPTY_MAP>
2019-07-16 14:29:54,658 INFO  server.RaftServerConfigKeys (ConfUtils.java:logGet(43)) - raft.server.storage.dir = [/workdir/hadoop-ozone/integration-test/target/test-dir/MiniOzoneClusterImpl-479c7609-b74d-4220-beb1-8eefa524396f/datanode-1/data/ratis] (custom)
2019-07-16 14:29:54,658 INFO  storage.RaftStorageDirectory (RaftStorageDirectory.java:analyzeStorage(246)) - The storage directory /workdir/hadoop-ozone/integration-test/target/test-dir/MiniOzoneClusterImpl-479c7609-b74d-4220-beb1-8eefa524396f/datanode-1/data/ratis/ec10d528-3ce5-4153-9bcd-b7e7f9adfab4 does not exist. Creating ...
2019-07-16 14:29:54,672 INFO  storage.RaftStorageDirectory (RaftStorageDirectory.java:tryLock(328)) - Lock on /workdir/hadoop-ozone/integration-test/target/test-dir/MiniOzoneClusterImpl-479c7609-b74d-4220-beb1-8eefa524396f/datanode-1/data/ratis/ec10d528-3ce5-4153-9bcd-b7e7f9adfab4/in_use.lock acquired by nodename 23803@trunk-nightly-gllmw-2332419065
2019-07-16 14:29:54,685 INFO  storage.RaftStorage (RaftStorage.java:format(72)) - Storage directory /workdir/hadoop-ozone/integration-test/target/test-dir/MiniOzoneClusterImpl-479c7609-b74d-4220-beb1-8eefa524396f/datanode-1/data/ratis/ec10d528-3ce5-4153-9bcd-b7e7f9adfab4 has been successfully formatted.
2019-07-16 14:29:54,685 INFO  ratis.ContainerStateMachine (ContainerStateMachine.java:loadSnapshot(200)) - group-B7E7F9ADFAB4: The snapshot info is null. Setting the last applied indexto:(t:0, i:~)
2019-07-16 14:29:54,685 INFO  server.RaftServerConfigKeys (ConfUtils.java:logGet(43)) - raft.server.leader.election.timeout = 120s (custom)
2019-07-16 14:29:54,685 INFO  server.RaftServerConfigKeys (ConfUtils.java:logGet(43)) - raft.server.log.use.memory = false (default)
2019-07-16 14:29:54,686 INFO  server.RaftServerConfigKeys (ConfUtils.java:logGet(43)) - raft.server.log.purge.gap = 1000000000 (custom)
2019-07-16 14:29:54,686 INFO  server.RaftServerConfigKeys (ConfUtils.java:logGet(43)) - raft.server.log.appender.buffer.byte-limit = 33554432 (custom)
2019-07-16 14:29:54,686 INFO  server.RaftServerConfigKeys (ConfUtils.java:logGet(43)) - raft.server.log.segment.size.max = 1048576 (custom)
2019-07-16 14:29:54,686 INFO  server.RaftServerConfigKeys (ConfUtils.java:logGet(43)) - raft.server.log.segment.cache.num.max = 2 (custom)
2019-07-16 14:29:54,686 INFO  segmented.SegmentedRaftLogWorker (SegmentedRaftLogWorker.java:<init>(172)) - new 1b6ee3b5-e4d3-4405-a306-cd6a587047f9-SegmentedRaftLogWorker:Storage Directory /workdir/hadoop-ozone/integration-test/target/test-dir/MiniOzoneClusterImpl-479c7609-b74d-4220-beb1-8eefa524396f/datanode-1/data/ratis/ec10d528-3ce5-4153-9bcd-b7e7f9adfab4 for RaftStorage:Storage Directory /workdir/hadoop-ozone/integration-test/target/test-dir/MiniOzoneClusterImpl-479c7609-b74d-4220-beb1-8eefa524396f/datanode-1/data/ratis/ec10d528-3ce5-4153-9bcd-b7e7f9adfab4
2019-07-16 14:29:54,686 INFO  server.RaftServerConfigKeys (ConfUtils.java:logGet(43)) - raft.server.log.queue.byte-limit = 2147483647 (custom)
2019-07-16 14:29:54,687 INFO  server.RaftServerConfigKeys (ConfUtils.java:logGet(43)) - raft.server.log.queue.element-limit = 1024 (custom)
2019-07-16 14:29:54,687 INFO  server.RaftServerConfigKeys (ConfUtils.java:logGet(43)) - raft.server.log.segment.size.max = 1048576 (custom)
2019-07-16 14:29:54,687 INFO  server.RaftServerConfigKeys (ConfUtils.java:logGet(43)) - raft.server.log.preallocated.size = 16384 (custom)
2019-07-16 14:29:54,687 INFO  server.RaftServerConfigKeys (ConfUtils.java:logGet(43)) - raft.server.log.write.buffer.size = 33554432 (custom)
2019-07-16 14:29:54,687 INFO  server.RaftServerConfigKeys (ConfUtils.java:logGet(43)) - raft.server.log.force.sync.num = 128 (default)
2019-07-16 14:29:54,687 INFO  server.RaftServerConfigKeys (ConfUtils.java:logGet(43)) - raft.server.log.statemachine.data.sync = true (default)
2019-07-16 14:29:54,688 INFO  server.RaftServerConfigKeys (ConfUtils.java:logGet(43)) - raft.server.log.statemachine.data.sync.timeout = 10s (default)
2019-07-16 14:29:54,688 INFO  server.RaftServerConfigKeys (ConfUtils.java:logGet(43)) - raft.server.log.statemachine.data.sync.timeout.retry = -1 (default)
2019-07-16 14:29:54,688 INFO  server.RaftServerConfigKeys (ConfUtils.java:logGet(43)) - raft.server.log.statemachine.data.caching.enabled = true (custom)
2019-07-16 14:29:54,688 INFO  segmented.SegmentedRaftLogWorker (SegmentedRaftLogWorker.java:lambda$new$0(132)) - 1b6ee3b5-e4d3-4405-a306-cd6a587047f9-SegmentedRaftLogWorker:Storage Directory /workdir/hadoop-ozone/integration-test/target/test-dir/MiniOzoneClusterImpl-479c7609-b74d-4220-beb1-8eefa524396f/datanode-1/data/ratis/ec10d528-3ce5-4153-9bcd-b7e7f9adfab4: flushIndex: setUnconditionally 0 -> -1
2019-07-16 14:29:54,689 INFO  server.RaftServerConfigKeys (ConfUtils.java:logGet(43)) - raft.server.snapshot.auto.trigger.enabled = true (custom)
2019-07-16 14:29:54,689 INFO  server.RaftServerConfigKeys (ConfUtils.java:logGet(43)) - raft.server.snapshot.auto.trigger.threshold = 10000 (custom)
2019-07-16 14:29:54,689 INFO  server.RaftServerConfigKeys (ConfUtils.java:logGet(43)) - raft.server.retrycache.expirytime = 600000ms (custom)
2019-07-16 14:29:54,689 INFO  impl.RaftServerImpl (RaftServerImpl.java:start(180)) - 1b6ee3b5-e4d3-4405-a306-cd6a587047f9: start group-B7E7F9ADFAB4
2019-07-16 14:29:54,689 INFO  impl.RaftServerImpl (RaftServerImpl.java:setRole(171)) - 1b6ee3b5-e4d3-4405-a306-cd6a587047f9:group-B7E7F9ADFAB4 changes role from null to FOLLOWER at term 0 for startAsFollower
2019-07-16 14:29:54,690 INFO  impl.RoleInfo (RoleInfo.java:updateAndGet(143)) - 1b6ee3b5-e4d3-4405-a306-cd6a587047f9: start FollowerState
2019-07-16 14:29:54,690 INFO  util.JmxRegister (JmxRegister.java:tryRegister(44)) - Successfully registered JMX Bean with object name Ratis:service=RaftServer,group=group-B7E7F9ADFAB4,id=1b6ee3b5-e4d3-4405-a306-cd6a587047f9
2019-07-16 14:29:54,695 INFO  pipeline.PipelineStateManager (PipelineStateManager.java:addPipeline(56)) - Created pipeline Pipeline[ Id: ec10d528-3ce5-4153-9bcd-b7e7f9adfab4, Nodes: 1b6ee3b5-e4d3-4405-a306-cd6a587047f9{ip: 192.168.157.241, host: trunk-nightly-gllmw-2332419065, networkLocation: /default-rack, certSerialId: null}, Type:RATIS, Factor:ONE, State:OPEN]
2019-07-16 14:29:54,855 INFO  node.SCMNodeManager (SCMNodeManager.java:register(269)) - Registered Data node : e62bb0c6-ea95-4fac-8e7b-0d6eb66883df{ip: 192.168.157.241, host: trunk-nightly-gllmw-2332419065, networkLocation: /default-rack, certSerialId: null}
2019-07-16 14:29:54,862 INFO  impl.RaftServerProxy (RaftServerProxy.java:addNew(89)) - e62bb0c6-ea95-4fac-8e7b-0d6eb66883df: addNew group-9641D2A6BFDC:[e62bb0c6-ea95-4fac-8e7b-0d6eb66883df:192.168.157.241:44866] returns group-9641D2A6BFDC:java.util.concurrent.CompletableFuture@15c1a0ec[Not completed]
2019-07-16 14:29:54,863 INFO  impl.RaftServerImpl (RaftServerImpl.java:<init>(93)) - e62bb0c6-ea95-4fac-8e7b-0d6eb66883df: new RaftServerImpl for group-9641D2A6BFDC:[e62bb0c6-ea95-4fac-8e7b-0d6eb66883df:192.168.157.241:44866] with ContainerStateMachine:uninitialized
2019-07-16 14:29:54,863 INFO  server.RaftServerConfigKeys (ConfUtils.java:logGet(43)) - raft.server.rpc.timeout.min = 5s (custom)
2019-07-16 14:29:54,863 INFO  server.RaftServerConfigKeys (ConfUtils.java:logGet(43)) - raft.server.rpc.timeout.max = 5200ms (custom)
2019-07-16 14:29:54,863 INFO  server.RaftServerConfigKeys (ConfUtils.java:logGet(43)) - raft.server.rpcslowness.timeout = 120s (custom)
2019-07-16 14:29:54,863 INFO  server.RaftServerConfigKeys (ConfUtils.java:logGet(43)) - raft.server.sleep.deviation.threshold = 300 (default)
2019-07-16 14:29:54,863 INFO  server.RaftServerConfigKeys (ConfUtils.java:logGet(43)) - raft.server.log.appender.install.snapshot.enabled = false (custom)
2019-07-16 14:29:54,864 INFO  impl.RaftServerImpl (ServerState.java:<init>(105)) - e62bb0c6-ea95-4fac-8e7b-0d6eb66883df:group-9641D2A6BFDC ConfigurationManager, init=-1: [e62bb0c6-ea95-4fac-8e7b-0d6eb66883df:192.168.157.241:44866], old=null, confs=<EMPTY_MAP>
2019-07-16 14:29:54,864 INFO  server.RaftServerConfigKeys (ConfUtils.java:logGet(43)) - raft.server.storage.dir = [/workdir/hadoop-ozone/integration-test/target/test-dir/MiniOzoneClusterImpl-479c7609-b74d-4220-beb1-8eefa524396f/datanode-2/data/ratis] (custom)
2019-07-16 14:29:54,864 INFO  storage.RaftStorageDirectory (RaftStorageDirectory.java:analyzeStorage(246)) - The storage directory /workdir/hadoop-ozone/integration-test/target/test-dir/MiniOzoneClusterImpl-479c7609-b74d-4220-beb1-8eefa524396f/datanode-2/data/ratis/90b063ff-b239-482e-8aa0-9641d2a6bfdc does not exist. Creating ...
2019-07-16 14:29:54,878 INFO  storage.RaftStorageDirectory (RaftStorageDirectory.java:tryLock(328)) - Lock on /workdir/hadoop-ozone/integration-test/target/test-dir/MiniOzoneClusterImpl-479c7609-b74d-4220-beb1-8eefa524396f/datanode-2/data/ratis/90b063ff-b239-482e-8aa0-9641d2a6bfdc/in_use.lock acquired by nodename 23803@trunk-nightly-gllmw-2332419065
2019-07-16 14:29:54,891 INFO  storage.RaftStorage (RaftStorage.java:format(72)) - Storage directory /workdir/hadoop-ozone/integration-test/target/test-dir/MiniOzoneClusterImpl-479c7609-b74d-4220-beb1-8eefa524396f/datanode-2/data/ratis/90b063ff-b239-482e-8aa0-9641d2a6bfdc has been successfully formatted.
2019-07-16 14:29:54,891 INFO  ratis.ContainerStateMachine (ContainerStateMachine.java:loadSnapshot(200)) - group-9641D2A6BFDC: The snapshot info is null. Setting the last applied indexto:(t:0, i:~)
2019-07-16 14:29:54,892 INFO  server.RaftServerConfigKeys (ConfUtils.java:logGet(43)) - raft.server.leader.election.timeout = 120s (custom)
2019-07-16 14:29:54,892 INFO  server.RaftServerConfigKeys (ConfUtils.java:logGet(43)) - raft.server.log.use.memory = false (default)
2019-07-16 14:29:54,892 INFO  server.RaftServerConfigKeys (ConfUtils.java:logGet(43)) - raft.server.log.purge.gap = 1000000000 (custom)
2019-07-16 14:29:54,892 INFO  server.RaftServerConfigKeys (ConfUtils.java:logGet(43)) - raft.server.log.appender.buffer.byte-limit = 33554432 (custom)
2019-07-16 14:29:54,892 INFO  server.RaftServerConfigKeys (ConfUtils.java:logGet(43)) - raft.server.log.segment.size.max = 1048576 (custom)
2019-07-16 14:29:54,892 INFO  server.RaftServerConfigKeys (ConfUtils.java:logGet(43)) - raft.server.log.segment.cache.num.max = 2 (custom)
2019-07-16 14:29:54,892 INFO  segmented.SegmentedRaftLogWorker (SegmentedRaftLogWorker.java:<init>(172)) - new e62bb0c6-ea95-4fac-8e7b-0d6eb66883df-SegmentedRaftLogWorker:Storage Directory /workdir/hadoop-ozone/integration-test/target/test-dir/MiniOzoneClusterImpl-479c7609-b74d-4220-beb1-8eefa524396f/datanode-2/data/ratis/90b063ff-b239-482e-8aa0-9641d2a6bfdc for RaftStorage:Storage Directory /workdir/hadoop-ozone/integration-test/target/test-dir/MiniOzoneClusterImpl-479c7609-b74d-4220-beb1-8eefa524396f/datanode-2/data/ratis/90b063ff-b239-482e-8aa0-9641d2a6bfdc
2019-07-16 14:29:54,893 INFO  server.RaftServerConfigKeys (ConfUtils.java:logGet(43)) - raft.server.log.queue.byte-limit = 2147483647 (custom)
2019-07-16 14:29:54,893 INFO  server.RaftServerConfigKeys (ConfUtils.java:logGet(43)) - raft.server.log.queue.element-limit = 1024 (custom)
2019-07-16 14:29:54,893 INFO  server.RaftServerConfigKeys (ConfUtils.java:logGet(43)) - raft.server.log.segment.size.max = 1048576 (custom)
2019-07-16 14:29:54,893 INFO  server.RaftServerConfigKeys (ConfUtils.java:logGet(43)) - raft.server.log.preallocated.size = 16384 (custom)
2019-07-16 14:29:54,893 INFO  server.RaftServerConfigKeys (ConfUtils.java:logGet(43)) - raft.server.log.write.buffer.size = 33554432 (custom)
2019-07-16 14:29:54,893 INFO  server.RaftServerConfigKeys (ConfUtils.java:logGet(43)) - raft.server.log.force.sync.num = 128 (default)
2019-07-16 14:29:54,894 INFO  server.RaftServerConfigKeys (ConfUtils.java:logGet(43)) - raft.server.log.statemachine.data.sync = true (default)
2019-07-16 14:29:54,894 INFO  server.RaftServerConfigKeys (ConfUtils.java:logGet(43)) - raft.server.log.statemachine.data.sync.timeout = 10s (default)
2019-07-16 14:29:54,894 INFO  server.RaftServerConfigKeys (ConfUtils.java:logGet(43)) - raft.server.log.statemachine.data.sync.timeout.retry = -1 (default)
2019-07-16 14:29:54,894 INFO  server.RaftServerConfigKeys (ConfUtils.java:logGet(43)) - raft.server.log.statemachine.data.caching.enabled = true (custom)
2019-07-16 14:29:54,894 INFO  segmented.SegmentedRaftLogWorker (SegmentedRaftLogWorker.java:lambda$new$0(132)) - e62bb0c6-ea95-4fac-8e7b-0d6eb66883df-SegmentedRaftLogWorker:Storage Directory /workdir/hadoop-ozone/integration-test/target/test-dir/MiniOzoneClusterImpl-479c7609-b74d-4220-beb1-8eefa524396f/datanode-2/data/ratis/90b063ff-b239-482e-8aa0-9641d2a6bfdc: flushIndex: setUnconditionally 0 -> -1
2019-07-16 14:29:54,895 INFO  server.RaftServerConfigKeys (ConfUtils.java:logGet(43)) - raft.server.snapshot.auto.trigger.enabled = true (custom)
2019-07-16 14:29:54,895 INFO  server.RaftServerConfigKeys (ConfUtils.java:logGet(43)) - raft.server.snapshot.auto.trigger.threshold = 10000 (custom)
2019-07-16 14:29:54,895 INFO  server.RaftServerConfigKeys (ConfUtils.java:logGet(43)) - raft.server.retrycache.expirytime = 600000ms (custom)
2019-07-16 14:29:54,895 INFO  impl.RaftServerImpl (RaftServerImpl.java:start(180)) - e62bb0c6-ea95-4fac-8e7b-0d6eb66883df: start group-9641D2A6BFDC
2019-07-16 14:29:54,895 INFO  impl.RaftServerImpl (RaftServerImpl.java:setRole(171)) - e62bb0c6-ea95-4fac-8e7b-0d6eb66883df:group-9641D2A6BFDC changes role from null to FOLLOWER at term 0 for startAsFollower
2019-07-16 14:29:54,896 INFO  impl.RoleInfo (RoleInfo.java:updateAndGet(143)) - e62bb0c6-ea95-4fac-8e7b-0d6eb66883df: start FollowerState
2019-07-16 14:29:54,896 INFO  util.JmxRegister (JmxRegister.java:tryRegister(44)) - Successfully registered JMX Bean with object name Ratis:service=RaftServer,group=group-9641D2A6BFDC,id=e62bb0c6-ea95-4fac-8e7b-0d6eb66883df
2019-07-16 14:29:54,901 INFO  pipeline.PipelineStateManager (PipelineStateManager.java:addPipeline(56)) - Created pipeline Pipeline[ Id: 90b063ff-b239-482e-8aa0-9641d2a6bfdc, Nodes: e62bb0c6-ea95-4fac-8e7b-0d6eb66883df{ip: 192.168.157.241, host: trunk-nightly-gllmw-2332419065, networkLocation: /default-rack, certSerialId: null}, Type:RATIS, Factor:ONE, State:OPEN]
2019-07-16 14:29:54,911 INFO  impl.RaftServerProxy (RaftServerProxy.java:addNew(89)) - e62bb0c6-ea95-4fac-8e7b-0d6eb66883df: addNew group-F08ED97E4061:[1b6ee3b5-e4d3-4405-a306-cd6a587047f9:192.168.157.241:46240, e62bb0c6-ea95-4fac-8e7b-0d6eb66883df:192.168.157.241:44866, 223c2dc0-f540-405a-83dc-e3447ea605a6:192.168.157.241:37180] returns group-F08ED97E4061:java.util.concurrent.CompletableFuture@170a75f3[Not completed]
2019-07-16 14:29:54,912 INFO  impl.RaftServerProxy (RaftServerProxy.java:addNew(89)) - 223c2dc0-f540-405a-83dc-e3447ea605a6: addNew group-F08ED97E4061:[1b6ee3b5-e4d3-4405-a306-cd6a587047f9:192.168.157.241:46240, e62bb0c6-ea95-4fac-8e7b-0d6eb66883df:192.168.157.241:44866, 223c2dc0-f540-405a-83dc-e3447ea605a6:192.168.157.241:37180] returns group-F08ED97E4061:java.util.concurrent.CompletableFuture@1b256fba[Not completed]
2019-07-16 14:29:54,912 INFO  impl.RaftServerImpl (RaftServerImpl.java:<init>(93)) - e62bb0c6-ea95-4fac-8e7b-0d6eb66883df: new RaftServerImpl for group-F08ED97E4061:[1b6ee3b5-e4d3-4405-a306-cd6a587047f9:192.168.157.241:46240, e62bb0c6-ea95-4fac-8e7b-0d6eb66883df:192.168.157.241:44866, 223c2dc0-f540-405a-83dc-e3447ea605a6:192.168.157.241:37180] with ContainerStateMachine:uninitialized
2019-07-16 14:29:54,912 INFO  impl.RaftServerProxy (RaftServerProxy.java:addNew(89)) - 1b6ee3b5-e4d3-4405-a306-cd6a587047f9: addNew group-F08ED97E4061:[1b6ee3b5-e4d3-4405-a306-cd6a587047f9:192.168.157.241:46240, e62bb0c6-ea95-4fac-8e7b-0d6eb66883df:192.168.157.241:44866, 223c2dc0-f540-405a-83dc-e3447ea605a6:192.168.157.241:37180] returns group-F08ED97E4061:java.util.concurrent.CompletableFuture@7c8cc8af[Not completed]
2019-07-16 14:29:54,913 INFO  server.RaftServerConfigKeys (ConfUtils.java:logGet(43)) - raft.server.rpc.timeout.min = 5s (custom)
2019-07-16 14:29:54,913 INFO  impl.RaftServerImpl (RaftServerImpl.java:<init>(93)) - 223c2dc0-f540-405a-83dc-e3447ea605a6: new RaftServerImpl for group-F08ED97E4061:[1b6ee3b5-e4d3-4405-a306-cd6a587047f9:192.168.157.241:46240, e62bb0c6-ea95-4fac-8e7b-0d6eb66883df:192.168.157.241:44866, 223c2dc0-f540-405a-83dc-e3447ea605a6:192.168.157.241:37180] with ContainerStateMachine:uninitialized
2019-07-16 14:29:54,913 INFO  impl.RaftServerImpl (RaftServerImpl.java:<init>(93)) - 1b6ee3b5-e4d3-4405-a306-cd6a587047f9: new RaftServerImpl for group-F08ED97E4061:[1b6ee3b5-e4d3-4405-a306-cd6a587047f9:192.168.157.241:46240, e62bb0c6-ea95-4fac-8e7b-0d6eb66883df:192.168.157.241:44866, 223c2dc0-f540-405a-83dc-e3447ea605a6:192.168.157.241:37180] with ContainerStateMachine:uninitialized
2019-07-16 14:29:54,913 INFO  server.RaftServerConfigKeys (ConfUtils.java:logGet(43)) - raft.server.rpc.timeout.max = 5200ms (custom)
2019-07-16 14:29:54,913 INFO  server.RaftServerConfigKeys (ConfUtils.java:logGet(43)) - raft.server.rpc.timeout.min = 5s (custom)
2019-07-16 14:29:54,914 INFO  server.RaftServerConfigKeys (ConfUtils.java:logGet(43)) - raft.server.rpc.timeout.max = 5200ms (custom)
2019-07-16 14:29:54,913 INFO  server.RaftServerConfigKeys (ConfUtils.java:logGet(43)) - raft.server.rpc.timeout.min = 5s (custom)
2019-07-16 14:29:54,914 INFO  server.RaftServerConfigKeys (ConfUtils.java:logGet(43)) - raft.server.rpcslowness.timeout = 120s (custom)
2019-07-16 14:29:54,914 INFO  server.RaftServerConfigKeys (ConfUtils.java:logGet(43)) - raft.server.sleep.deviation.threshold = 300 (default)
2019-07-16 14:29:54,914 INFO  server.RaftServerConfigKeys (ConfUtils.java:logGet(43)) - raft.server.rpcslowness.timeout = 120s (custom)
2019-07-16 14:29:54,914 INFO  server.RaftServerConfigKeys (ConfUtils.java:logGet(43)) - raft.server.log.appender.install.snapshot.enabled = false (custom)
2019-07-16 14:29:54,914 INFO  server.RaftServerConfigKeys (ConfUtils.java:logGet(43)) - raft.server.rpc.timeout.max = 5200ms (custom)
2019-07-16 14:29:54,915 INFO  impl.RaftServerImpl (ServerState.java:<init>(105)) - 1b6ee3b5-e4d3-4405-a306-cd6a587047f9:group-F08ED97E4061 ConfigurationManager, init=-1: [1b6ee3b5-e4d3-4405-a306-cd6a587047f9:192.168.157.241:46240, e62bb0c6-ea95-4fac-8e7b-0d6eb66883df:192.168.157.241:44866, 223c2dc0-f540-405a-83dc-e3447ea605a6:192.168.157.241:37180], old=null, confs=<EMPTY_MAP>
2019-07-16 14:29:54,914 INFO  server.RaftServerConfigKeys (ConfUtils.java:logGet(43)) - raft.server.sleep.deviation.threshold = 300 (default)
2019-07-16 14:29:54,915 INFO  server.RaftServerConfigKeys (ConfUtils.java:logGet(43)) - raft.server.storage.dir = [/workdir/hadoop-ozone/integration-test/target/test-dir/MiniOzoneClusterImpl-479c7609-b74d-4220-beb1-8eefa524396f/datanode-1/data/ratis] (custom)
2019-07-16 14:29:54,915 INFO  server.RaftServerConfigKeys (ConfUtils.java:logGet(43)) - raft.server.rpcslowness.timeout = 120s (custom)
2019-07-16 14:29:54,916 INFO  server.RaftServerConfigKeys (ConfUtils.java:logGet(43)) - raft.server.sleep.deviation.threshold = 300 (default)
2019-07-16 14:29:54,915 INFO  server.RaftServerConfigKeys (ConfUtils.java:logGet(43)) - raft.server.log.appender.install.snapshot.enabled = false (custom)
2019-07-16 14:29:54,916 INFO  server.RaftServerConfigKeys (ConfUtils.java:logGet(43)) - raft.server.log.appender.install.snapshot.enabled = false (custom)
2019-07-16 14:29:54,916 INFO  storage.RaftStorageDirectory (RaftStorageDirectory.java:analyzeStorage(246)) - The storage directory /workdir/hadoop-ozone/integration-test/target/test-dir/MiniOzoneClusterImpl-479c7609-b74d-4220-beb1-8eefa524396f/datanode-1/data/ratis/d94fdde5-632c-4765-9eef-f08ed97e4061 does not exist. Creating ...
2019-07-16 14:29:54,916 INFO  impl.RaftServerImpl (ServerState.java:<init>(105)) - 223c2dc0-f540-405a-83dc-e3447ea605a6:group-F08ED97E4061 ConfigurationManager, init=-1: [1b6ee3b5-e4d3-4405-a306-cd6a587047f9:192.168.157.241:46240, e62bb0c6-ea95-4fac-8e7b-0d6eb66883df:192.168.157.241:44866, 223c2dc0-f540-405a-83dc-e3447ea605a6:192.168.157.241:37180], old=null, confs=<EMPTY_MAP>
2019-07-16 14:29:54,916 INFO  impl.RaftServerImpl (ServerState.java:<init>(105)) - e62bb0c6-ea95-4fac-8e7b-0d6eb66883df:group-F08ED97E4061 ConfigurationManager, init=-1: [1b6ee3b5-e4d3-4405-a306-cd6a587047f9:192.168.157.241:46240, e62bb0c6-ea95-4fac-8e7b-0d6eb66883df:192.168.157.241:44866, 223c2dc0-f540-405a-83dc-e3447ea605a6:192.168.157.241:37180], old=null, confs=<EMPTY_MAP>
2019-07-16 14:29:54,916 INFO  server.RaftServerConfigKeys (ConfUtils.java:logGet(43)) - raft.server.storage.dir = [/workdir/hadoop-ozone/integration-test/target/test-dir/MiniOzoneClusterImpl-479c7609-b74d-4220-beb1-8eefa524396f/datanode-0/data/ratis] (custom)
2019-07-16 14:29:54,917 INFO  server.RaftServerConfigKeys (ConfUtils.java:logGet(43)) - raft.server.storage.dir = [/workdir/hadoop-ozone/integration-test/target/test-dir/MiniOzoneClusterImpl-479c7609-b74d-4220-beb1-8eefa524396f/datanode-2/data/ratis] (custom)
2019-07-16 14:29:54,917 INFO  storage.RaftStorageDirectory (RaftStorageDirectory.java:analyzeStorage(246)) - The storage directory /workdir/hadoop-ozone/integration-test/target/test-dir/MiniOzoneClusterImpl-479c7609-b74d-4220-beb1-8eefa524396f/datanode-0/data/ratis/d94fdde5-632c-4765-9eef-f08ed97e4061 does not exist. Creating ...
2019-07-16 14:29:54,917 INFO  storage.RaftStorageDirectory (RaftStorageDirectory.java:analyzeStorage(246)) - The storage directory /workdir/hadoop-ozone/integration-test/target/test-dir/MiniOzoneClusterImpl-479c7609-b74d-4220-beb1-8eefa524396f/datanode-2/data/ratis/d94fdde5-632c-4765-9eef-f08ed97e4061 does not exist. Creating ...
2019-07-16 14:29:54,929 INFO  storage.RaftStorageDirectory (RaftStorageDirectory.java:tryLock(328)) - Lock on /workdir/hadoop-ozone/integration-test/target/test-dir/MiniOzoneClusterImpl-479c7609-b74d-4220-beb1-8eefa524396f/datanode-1/data/ratis/d94fdde5-632c-4765-9eef-f08ed97e4061/in_use.lock acquired by nodename 23803@trunk-nightly-gllmw-2332419065
2019-07-16 14:29:54,929 INFO  storage.RaftStorageDirectory (RaftStorageDirectory.java:tryLock(328)) - Lock on /workdir/hadoop-ozone/integration-test/target/test-dir/MiniOzoneClusterImpl-479c7609-b74d-4220-beb1-8eefa524396f/datanode-0/data/ratis/d94fdde5-632c-4765-9eef-f08ed97e4061/in_use.lock acquired by nodename 23803@trunk-nightly-gllmw-2332419065
2019-07-16 14:29:54,929 INFO  storage.RaftStorageDirectory (RaftStorageDirectory.java:tryLock(328)) - Lock on /workdir/hadoop-ozone/integration-test/target/test-dir/MiniOzoneClusterImpl-479c7609-b74d-4220-beb1-8eefa524396f/datanode-2/data/ratis/d94fdde5-632c-4765-9eef-f08ed97e4061/in_use.lock acquired by nodename 23803@trunk-nightly-gllmw-2332419065
2019-07-16 14:29:54,943 INFO  storage.RaftStorage (RaftStorage.java:format(72)) - Storage directory /workdir/hadoop-ozone/integration-test/target/test-dir/MiniOzoneClusterImpl-479c7609-b74d-4220-beb1-8eefa524396f/datanode-2/data/ratis/d94fdde5-632c-4765-9eef-f08ed97e4061 has been successfully formatted.
2019-07-16 14:29:54,943 INFO  storage.RaftStorage (RaftStorage.java:format(72)) - Storage directory /workdir/hadoop-ozone/integration-test/target/test-dir/MiniOzoneClusterImpl-479c7609-b74d-4220-beb1-8eefa524396f/datanode-1/data/ratis/d94fdde5-632c-4765-9eef-f08ed97e4061 has been successfully formatted.
2019-07-16 14:29:54,943 INFO  storage.RaftStorage (RaftStorage.java:format(72)) - Storage directory /workdir/hadoop-ozone/integration-test/target/test-dir/MiniOzoneClusterImpl-479c7609-b74d-4220-beb1-8eefa524396f/datanode-0/data/ratis/d94fdde5-632c-4765-9eef-f08ed97e4061 has been successfully formatted.
2019-07-16 14:29:54,944 INFO  ratis.ContainerStateMachine (ContainerStateMachine.java:loadSnapshot(200)) - group-F08ED97E4061: The snapshot info is null. Setting the last applied indexto:(t:0, i:~)
2019-07-16 14:29:54,943 INFO  ratis.ContainerStateMachine (ContainerStateMachine.java:loadSnapshot(200)) - group-F08ED97E4061: The snapshot info is null. Setting the last applied indexto:(t:0, i:~)
2019-07-16 14:29:54,944 INFO  server.RaftServerConfigKeys (ConfUtils.java:logGet(43)) - raft.server.leader.election.timeout = 120s (custom)
2019-07-16 14:29:54,944 INFO  server.RaftServerConfigKeys (ConfUtils.java:logGet(43)) - raft.server.log.use.memory = false (default)
2019-07-16 14:29:54,944 INFO  ratis.ContainerStateMachine (ContainerStateMachine.java:loadSnapshot(200)) - group-F08ED97E4061: The snapshot info is null. Setting the last applied indexto:(t:0, i:~)
2019-07-16 14:29:54,944 INFO  server.RaftServerConfigKeys (ConfUtils.java:logGet(43)) - raft.server.log.purge.gap = 1000000000 (custom)
2019-07-16 14:29:54,944 INFO  server.RaftServerConfigKeys (ConfUtils.java:logGet(43)) - raft.server.leader.election.timeout = 120s (custom)
2019-07-16 14:29:54,945 INFO  server.RaftServerConfigKeys (ConfUtils.java:logGet(43)) - raft.server.log.appender.buffer.byte-limit = 33554432 (custom)
2019-07-16 14:29:54,945 INFO  server.RaftServerConfigKeys (ConfUtils.java:logGet(43)) - raft.server.leader.election.timeout = 120s (custom)
2019-07-16 14:29:54,945 INFO  server.RaftServerConfigKeys (ConfUtils.java:logGet(43)) - raft.server.log.segment.size.max = 1048576 (custom)
2019-07-16 14:29:54,945 INFO  server.RaftServerConfigKeys (ConfUtils.java:logGet(43)) - raft.server.log.use.memory = false (default)
2019-07-16 14:29:54,945 INFO  server.RaftServerConfigKeys (ConfUtils.java:logGet(43)) - raft.server.log.segment.cache.num.max = 2 (custom)
2019-07-16 14:29:54,945 INFO  server.RaftServerConfigKeys (ConfUtils.java:logGet(43)) - raft.server.log.use.memory = false (default)
2019-07-16 14:29:54,946 INFO  segmented.SegmentedRaftLogWorker (SegmentedRaftLogWorker.java:<init>(172)) - new 1b6ee3b5-e4d3-4405-a306-cd6a587047f9-SegmentedRaftLogWorker:Storage Directory /workdir/hadoop-ozone/integration-test/target/test-dir/MiniOzoneClusterImpl-479c7609-b74d-4220-beb1-8eefa524396f/datanode-1/data/ratis/d94fdde5-632c-4765-9eef-f08ed97e4061 for RaftStorage:Storage Directory /workdir/hadoop-ozone/integration-test/target/test-dir/MiniOzoneClusterImpl-479c7609-b74d-4220-beb1-8eefa524396f/datanode-1/data/ratis/d94fdde5-632c-4765-9eef-f08ed97e4061
2019-07-16 14:29:54,945 INFO  server.RaftServerConfigKeys (ConfUtils.java:logGet(43)) - raft.server.log.purge.gap = 1000000000 (custom)
2019-07-16 14:29:54,946 INFO  server.RaftServerConfigKeys (ConfUtils.java:logGet(43)) - raft.server.log.queue.byte-limit = 2147483647 (custom)
2019-07-16 14:29:54,946 INFO  server.RaftServerConfigKeys (ConfUtils.java:logGet(43)) - raft.server.log.purge.gap = 1000000000 (custom)
2019-07-16 14:29:54,946 INFO  server.RaftServerConfigKeys (ConfUtils.java:logGet(43)) - raft.server.log.queue.element-limit = 1024 (custom)
2019-07-16 14:29:54,946 INFO  server.RaftServerConfigKeys (ConfUtils.java:logGet(43)) - raft.server.log.appender.buffer.byte-limit = 33554432 (custom)
2019-07-16 14:29:54,947 INFO  server.RaftServerConfigKeys (ConfUtils.java:logGet(43)) - raft.server.log.segment.size.max = 1048576 (custom)
2019-07-16 14:29:54,946 INFO  server.RaftServerConfigKeys (ConfUtils.java:logGet(43)) - raft.server.log.appender.buffer.byte-limit = 33554432 (custom)
2019-07-16 14:29:54,947 INFO  server.RaftServerConfigKeys (ConfUtils.java:logGet(43)) - raft.server.log.preallocated.size = 16384 (custom)
2019-07-16 14:29:54,947 INFO  server.RaftServerConfigKeys (ConfUtils.java:logGet(43)) - raft.server.log.write.buffer.size = 33554432 (custom)
2019-07-16 14:29:54,947 INFO  server.RaftServerConfigKeys (ConfUtils.java:logGet(43)) - raft.server.log.segment.size.max = 1048576 (custom)
2019-07-16 14:29:54,947 INFO  server.RaftServerConfigKeys (ConfUtils.java:logGet(43)) - raft.server.log.force.sync.num = 128 (default)
2019-07-16 14:29:54,948 INFO  server.RaftServerConfigKeys (ConfUtils.java:logGet(43)) - raft.server.log.statemachine.data.sync = true (default)
2019-07-16 14:29:54,947 INFO  server.RaftServerConfigKeys (ConfUtils.java:logGet(43)) - raft.server.log.segment.size.max = 1048576 (custom)
2019-07-16 14:29:54,948 INFO  server.RaftServerConfigKeys (ConfUtils.java:logGet(43)) - raft.server.log.statemachine.data.sync.timeout = 10s (default)
2019-07-16 14:29:54,948 INFO  server.RaftServerConfigKeys (ConfUtils.java:logGet(43)) - raft.server.log.statemachine.data.sync.timeout.retry = -1 (default)
2019-07-16 14:29:54,948 INFO  server.RaftServerConfigKeys (ConfUtils.java:logGet(43)) - raft.server.log.segment.cache.num.max = 2 (custom)
2019-07-16 14:29:54,948 INFO  server.RaftServerConfigKeys (ConfUtils.java:logGet(43)) - raft.server.log.statemachine.data.caching.enabled = true (custom)
2019-07-16 14:29:54,948 INFO  server.RaftServerConfigKeys (ConfUtils.java:logGet(43)) - raft.server.log.segment.cache.num.max = 2 (custom)
2019-07-16 14:29:54,949 INFO  segmented.SegmentedRaftLogWorker (SegmentedRaftLogWorker.java:<init>(172)) - new e62bb0c6-ea95-4fac-8e7b-0d6eb66883df-SegmentedRaftLogWorker:Storage Directory /workdir/hadoop-ozone/integration-test/target/test-dir/MiniOzoneClusterImpl-479c7609-b74d-4220-beb1-8eefa524396f/datanode-2/data/ratis/d94fdde5-632c-4765-9eef-f08ed97e4061 for RaftStorage:Storage Directory /workdir/hadoop-ozone/integration-test/target/test-dir/MiniOzoneClusterImpl-479c7609-b74d-4220-beb1-8eefa524396f/datanode-2/data/ratis/d94fdde5-632c-4765-9eef-f08ed97e4061
2019-07-16 14:29:54,949 INFO  segmented.SegmentedRaftLogWorker (SegmentedRaftLogWorker.java:lambda$new$0(132)) - 1b6ee3b5-e4d3-4405-a306-cd6a587047f9-SegmentedRaftLogWorker:Storage Directory /workdir/hadoop-ozone/integration-test/target/test-dir/MiniOzoneClusterImpl-479c7609-b74d-4220-beb1-8eefa524396f/datanode-1/data/ratis/d94fdde5-632c-4765-9eef-f08ed97e4061: flushIndex: setUnconditionally 0 -> -1
2019-07-16 14:29:54,949 INFO  segmented.SegmentedRaftLogWorker (SegmentedRaftLogWorker.java:<init>(172)) - new 223c2dc0-f540-405a-83dc-e3447ea605a6-SegmentedRaftLogWorker:Storage Directory /workdir/hadoop-ozone/integration-test/target/test-dir/MiniOzoneClusterImpl-479c7609-b74d-4220-beb1-8eefa524396f/datanode-0/data/ratis/d94fdde5-632c-4765-9eef-f08ed97e4061 for RaftStorage:Storage Directory /workdir/hadoop-ozone/integration-test/target/test-dir/MiniOzoneClusterImpl-479c7609-b74d-4220-beb1-8eefa524396f/datanode-0/data/ratis/d94fdde5-632c-4765-9eef-f08ed97e4061
2019-07-16 14:29:54,949 INFO  server.RaftServerConfigKeys (ConfUtils.java:logGet(43)) - raft.server.log.queue.byte-limit = 2147483647 (custom)
2019-07-16 14:29:54,949 INFO  server.RaftServerConfigKeys (ConfUtils.java:logGet(43)) - raft.server.snapshot.auto.trigger.enabled = true (custom)
2019-07-16 14:29:54,949 INFO  server.RaftServerConfigKeys (ConfUtils.java:logGet(43)) - raft.server.log.queue.byte-limit = 2147483647 (custom)
2019-07-16 14:29:54,950 INFO  server.RaftServerConfigKeys (ConfUtils.java:logGet(43)) - raft.server.snapshot.auto.trigger.threshold = 10000 (custom)
2019-07-16 14:29:54,949 INFO  server.RaftServerConfigKeys (ConfUtils.java:logGet(43)) - raft.server.log.queue.element-limit = 1024 (custom)
2019-07-16 14:29:54,950 INFO  server.RaftServerConfigKeys (ConfUtils.java:logGet(43)) - raft.server.retrycache.expirytime = 600000ms (custom)
2019-07-16 14:29:54,950 INFO  server.RaftServerConfigKeys (ConfUtils.java:logGet(43)) - raft.server.log.queue.element-limit = 1024 (custom)
2019-07-16 14:29:54,950 INFO  impl.RaftServerImpl (RaftServerImpl.java:start(180)) - 1b6ee3b5-e4d3-4405-a306-cd6a587047f9: start group-F08ED97E4061
2019-07-16 14:29:54,950 INFO  server.RaftServerConfigKeys (ConfUtils.java:logGet(43)) - raft.server.log.segment.size.max = 1048576 (custom)
2019-07-16 14:29:54,951 INFO  impl.RaftServerImpl (RaftServerImpl.java:setRole(171)) - 1b6ee3b5-e4d3-4405-a306-cd6a587047f9:group-F08ED97E4061 changes role from null to FOLLOWER at term 0 for startAsFollower
2019-07-16 14:29:54,951 INFO  impl.RoleInfo (RoleInfo.java:updateAndGet(143)) - 1b6ee3b5-e4d3-4405-a306-cd6a587047f9: start FollowerState
2019-07-16 14:29:54,950 INFO  server.RaftServerConfigKeys (ConfUtils.java:logGet(43)) - raft.server.log.segment.size.max = 1048576 (custom)
2019-07-16 14:29:54,951 INFO  server.RaftServerConfigKeys (ConfUtils.java:logGet(43)) - raft.server.log.preallocated.size = 16384 (custom)
2019-07-16 14:29:54,951 INFO  server.RaftServerConfigKeys (ConfUtils.java:logGet(43)) - raft.server.log.preallocated.size = 16384 (custom)
2019-07-16 14:29:54,951 INFO  server.RaftServerConfigKeys (ConfUtils.java:logGet(43)) - raft.server.log.write.buffer.size = 33554432 (custom)
2019-07-16 14:29:54,951 INFO  util.JmxRegister (JmxRegister.java:tryRegister(44)) - Successfully registered JMX Bean with object name Ratis:service=RaftServer,group=group-F08ED97E4061,id=1b6ee3b5-e4d3-4405-a306-cd6a587047f9
2019-07-16 14:29:54,952 INFO  server.RaftServerConfigKeys (ConfUtils.java:logGet(43)) - raft.server.log.force.sync.num = 128 (default)
2019-07-16 14:29:54,952 INFO  server.RaftServerConfigKeys (ConfUtils.java:logGet(43)) - raft.server.log.write.buffer.size = 33554432 (custom)
2019-07-16 14:29:54,952 INFO  server.RaftServerConfigKeys (ConfUtils.java:logGet(43)) - raft.server.log.statemachine.data.sync = true (default)
2019-07-16 14:29:54,952 INFO  server.RaftServerConfigKeys (ConfUtils.java:logGet(43)) - raft.server.log.force.sync.num = 128 (default)
2019-07-16 14:29:54,952 INFO  server.RaftServerConfigKeys (ConfUtils.java:logGet(43)) - raft.server.log.statemachine.data.sync.timeout = 10s (default)
2019-07-16 14:29:54,953 INFO  server.RaftServerConfigKeys (ConfUtils.java:logGet(43)) - raft.server.log.statemachine.data.sync = true (default)
2019-07-16 14:29:54,953 INFO  server.RaftServerConfigKeys (ConfUtils.java:logGet(43)) - raft.server.log.statemachine.data.sync.timeout.retry = -1 (default)
2019-07-16 14:29:54,953 INFO  server.RaftServerConfigKeys (ConfUtils.java:logGet(43)) - raft.server.log.statemachine.data.sync.timeout = 10s (default)
2019-07-16 14:29:54,953 INFO  server.RaftServerConfigKeys (ConfUtils.java:logGet(43)) - raft.server.log.statemachine.data.caching.enabled = true (custom)
2019-07-16 14:29:54,953 INFO  server.RaftServerConfigKeys (ConfUtils.java:logGet(43)) - raft.server.log.statemachine.data.sync.timeout.retry = -1 (default)
2019-07-16 14:29:54,953 INFO  segmented.SegmentedRaftLogWorker (SegmentedRaftLogWorker.java:lambda$new$0(132)) - 223c2dc0-f540-405a-83dc-e3447ea605a6-SegmentedRaftLogWorker:Storage Directory /workdir/hadoop-ozone/integration-test/target/test-dir/MiniOzoneClusterImpl-479c7609-b74d-4220-beb1-8eefa524396f/datanode-0/data/ratis/d94fdde5-632c-4765-9eef-f08ed97e4061: flushIndex: setUnconditionally 0 -> -1
2019-07-16 14:29:54,954 INFO  server.RaftServerConfigKeys (ConfUtils.java:logGet(43)) - raft.server.log.statemachine.data.caching.enabled = true (custom)
2019-07-16 14:29:54,957 INFO  server.RaftServerConfigKeys (ConfUtils.java:logGet(43)) - raft.server.snapshot.auto.trigger.enabled = true (custom)
2019-07-16 14:29:54,957 INFO  segmented.SegmentedRaftLogWorker (SegmentedRaftLogWorker.java:lambda$new$0(132)) - e62bb0c6-ea95-4fac-8e7b-0d6eb66883df-SegmentedRaftLogWorker:Storage Directory /workdir/hadoop-ozone/integration-test/target/test-dir/MiniOzoneClusterImpl-479c7609-b74d-4220-beb1-8eefa524396f/datanode-2/data/ratis/d94fdde5-632c-4765-9eef-f08ed97e4061: flushIndex: setUnconditionally 0 -> -1
2019-07-16 14:29:54,957 INFO  server.RaftServerConfigKeys (ConfUtils.java:logGet(43)) - raft.server.snapshot.auto.trigger.threshold = 10000 (custom)
2019-07-16 14:29:54,957 INFO  server.RaftServerConfigKeys (ConfUtils.java:logGet(43)) - raft.server.retrycache.expirytime = 600000ms (custom)
2019-07-16 14:29:54,957 INFO  server.RaftServerConfigKeys (ConfUtils.java:logGet(43)) - raft.server.snapshot.auto.trigger.enabled = true (custom)
2019-07-16 14:29:54,958 INFO  impl.RaftServerImpl (RaftServerImpl.java:start(180)) - 223c2dc0-f540-405a-83dc-e3447ea605a6: start group-F08ED97E4061
2019-07-16 14:29:54,958 INFO  server.RaftServerConfigKeys (ConfUtils.java:logGet(43)) - raft.server.snapshot.auto.trigger.threshold = 10000 (custom)
2019-07-16 14:29:54,958 INFO  impl.RaftServerImpl (RaftServerImpl.java:setRole(171)) - 223c2dc0-f540-405a-83dc-e3447ea605a6:group-F08ED97E4061 changes role from null to FOLLOWER at term 0 for startAsFollower
2019-07-16 14:29:54,958 INFO  server.RaftServerConfigKeys (ConfUtils.java:logGet(43)) - raft.server.retrycache.expirytime = 600000ms (custom)
2019-07-16 14:29:54,958 INFO  impl.RoleInfo (RoleInfo.java:updateAndGet(143)) - 223c2dc0-f540-405a-83dc-e3447ea605a6: start FollowerState
2019-07-16 14:29:54,958 INFO  impl.RaftServerImpl (RaftServerImpl.java:start(180)) - e62bb0c6-ea95-4fac-8e7b-0d6eb66883df: start group-F08ED97E4061
2019-07-16 14:29:54,958 INFO  impl.RaftServerImpl (RaftServerImpl.java:setRole(171)) - e62bb0c6-ea95-4fac-8e7b-0d6eb66883df:group-F08ED97E4061 changes role from null to FOLLOWER at term 0 for startAsFollower
2019-07-16 14:29:54,959 INFO  impl.RoleInfo (RoleInfo.java:updateAndGet(143)) - e62bb0c6-ea95-4fac-8e7b-0d6eb66883df: start FollowerState
2019-07-16 14:29:54,959 INFO  util.JmxRegister (JmxRegister.java:tryRegister(44)) - Successfully registered JMX Bean with object name Ratis:service=RaftServer,group=group-F08ED97E4061,id=223c2dc0-f540-405a-83dc-e3447ea605a6
2019-07-16 14:29:54,959 INFO  util.JmxRegister (JmxRegister.java:tryRegister(44)) - Successfully registered JMX Bean with object name Ratis:service=RaftServer,group=group-F08ED97E4061,id=e62bb0c6-ea95-4fac-8e7b-0d6eb66883df
2019-07-16 14:29:54,967 INFO  pipeline.PipelineStateManager (PipelineStateManager.java:addPipeline(56)) - Created pipeline Pipeline[ Id: d94fdde5-632c-4765-9eef-f08ed97e4061, Nodes: e62bb0c6-ea95-4fac-8e7b-0d6eb66883df{ip: 192.168.157.241, host: trunk-nightly-gllmw-2332419065, networkLocation: /default-rack, certSerialId: null}1b6ee3b5-e4d3-4405-a306-cd6a587047f9{ip: 192.168.157.241, host: trunk-nightly-gllmw-2332419065, networkLocation: /default-rack, certSerialId: null}223c2dc0-f540-405a-83dc-e3447ea605a6{ip: 192.168.157.241, host: trunk-nightly-gllmw-2332419065, networkLocation: /default-rack, certSerialId: null}, Type:RATIS, Factor:THREE, State:OPEN]
2019-07-16 14:29:55,056 INFO  node.SCMNodeManager (SCMNodeManager.java:register(269)) - Registered Data node : 5014ae59-fdca-4c19-9f95-a5a895a6fc17{ip: 192.168.157.241, host: trunk-nightly-gllmw-2332419065, networkLocation: /default-rack, certSerialId: null}
2019-07-16 14:29:55,063 INFO  impl.RaftServerProxy (RaftServerProxy.java:addNew(89)) - 5014ae59-fdca-4c19-9f95-a5a895a6fc17: addNew group-C9B71A6DA786:[5014ae59-fdca-4c19-9f95-a5a895a6fc17:192.168.157.241:33053] returns group-C9B71A6DA786:java.util.concurrent.CompletableFuture@6a1f5a71[Not completed]
2019-07-16 14:29:55,064 INFO  impl.RaftServerImpl (RaftServerImpl.java:<init>(93)) - 5014ae59-fdca-4c19-9f95-a5a895a6fc17: new RaftServerImpl for group-C9B71A6DA786:[5014ae59-fdca-4c19-9f95-a5a895a6fc17:192.168.157.241:33053] with ContainerStateMachine:uninitialized
2019-07-16 14:29:55,064 INFO  server.RaftServerConfigKeys (ConfUtils.java:logGet(43)) - raft.server.rpc.timeout.min = 5s (custom)
2019-07-16 14:29:55,064 INFO  server.RaftServerConfigKeys (ConfUtils.java:logGet(43)) - raft.server.rpc.timeout.max = 5200ms (custom)
2019-07-16 14:29:55,064 INFO  server.RaftServerConfigKeys (ConfUtils.java:logGet(43)) - raft.server.rpcslowness.timeout = 120s (custom)
2019-07-16 14:29:55,064 INFO  server.RaftServerConfigKeys (ConfUtils.java:logGet(43)) - raft.server.sleep.deviation.threshold = 300 (default)
2019-07-16 14:29:55,064 INFO  server.RaftServerConfigKeys (ConfUtils.java:logGet(43)) - raft.server.log.appender.install.snapshot.enabled = false (custom)
2019-07-16 14:29:55,065 INFO  impl.RaftServerImpl (ServerState.java:<init>(105)) - 5014ae59-fdca-4c19-9f95-a5a895a6fc17:group-C9B71A6DA786 ConfigurationManager, init=-1: [5014ae59-fdca-4c19-9f95-a5a895a6fc17:192.168.157.241:33053], old=null, confs=<EMPTY_MAP>
2019-07-16 14:29:55,065 INFO  server.RaftServerConfigKeys (ConfUtils.java:logGet(43)) - raft.server.storage.dir = [/workdir/hadoop-ozone/integration-test/target/test-dir/MiniOzoneClusterImpl-479c7609-b74d-4220-beb1-8eefa524396f/datanode-3/data/ratis] (custom)
2019-07-16 14:29:55,065 INFO  storage.RaftStorageDirectory (RaftStorageDirectory.java:analyzeStorage(246)) - The storage directory /workdir/hadoop-ozone/integration-test/target/test-dir/MiniOzoneClusterImpl-479c7609-b74d-4220-beb1-8eefa524396f/datanode-3/data/ratis/3364b949-e88c-4d41-9281-c9b71a6da786 does not exist. Creating ...
2019-07-16 14:29:55,078 INFO  storage.RaftStorageDirectory (RaftStorageDirectory.java:tryLock(328)) - Lock on /workdir/hadoop-ozone/integration-test/target/test-dir/MiniOzoneClusterImpl-479c7609-b74d-4220-beb1-8eefa524396f/datanode-3/data/ratis/3364b949-e88c-4d41-9281-c9b71a6da786/in_use.lock acquired by nodename 23803@trunk-nightly-gllmw-2332419065
2019-07-16 14:29:55,091 INFO  storage.RaftStorage (RaftStorage.java:format(72)) - Storage directory /workdir/hadoop-ozone/integration-test/target/test-dir/MiniOzoneClusterImpl-479c7609-b74d-4220-beb1-8eefa524396f/datanode-3/data/ratis/3364b949-e88c-4d41-9281-c9b71a6da786 has been successfully formatted.
2019-07-16 14:29:55,091 INFO  ratis.ContainerStateMachine (ContainerStateMachine.java:loadSnapshot(200)) - group-C9B71A6DA786: The snapshot info is null. Setting the last applied indexto:(t:0, i:~)
2019-07-16 14:29:55,091 INFO  server.RaftServerConfigKeys (ConfUtils.java:logGet(43)) - raft.server.leader.election.timeout = 120s (custom)
2019-07-16 14:29:55,092 INFO  server.RaftServerConfigKeys (ConfUtils.java:logGet(43)) - raft.server.log.use.memory = false (default)
2019-07-16 14:29:55,092 INFO  server.RaftServerConfigKeys (ConfUtils.java:logGet(43)) - raft.server.log.purge.gap = 1000000000 (custom)
2019-07-16 14:29:55,092 INFO  server.RaftServerConfigKeys (ConfUtils.java:logGet(43)) - raft.server.log.appender.buffer.byte-limit = 33554432 (custom)
2019-07-16 14:29:55,092 INFO  server.RaftServerConfigKeys (ConfUtils.java:logGet(43)) - raft.server.log.segment.size.max = 1048576 (custom)
2019-07-16 14:29:55,092 INFO  server.RaftServerConfigKeys (ConfUtils.java:logGet(43)) - raft.server.log.segment.cache.num.max = 2 (custom)
2019-07-16 14:29:55,092 INFO  segmented.SegmentedRaftLogWorker (SegmentedRaftLogWorker.java:<init>(172)) - new 5014ae59-fdca-4c19-9f95-a5a895a6fc17-SegmentedRaftLogWorker:Storage Directory /workdir/hadoop-ozone/integration-test/target/test-dir/MiniOzoneClusterImpl-479c7609-b74d-4220-beb1-8eefa524396f/datanode-3/data/ratis/3364b949-e88c-4d41-9281-c9b71a6da786 for RaftStorage:Storage Directory /workdir/hadoop-ozone/integration-test/target/test-dir/MiniOzoneClusterImpl-479c7609-b74d-4220-beb1-8eefa524396f/datanode-3/data/ratis/3364b949-e88c-4d41-9281-c9b71a6da786
2019-07-16 14:29:55,093 INFO  server.RaftServerConfigKeys (ConfUtils.java:logGet(43)) - raft.server.log.queue.byte-limit = 2147483647 (custom)
2019-07-16 14:29:55,093 INFO  server.RaftServerConfigKeys (ConfUtils.java:logGet(43)) - raft.server.log.queue.element-limit = 1024 (custom)
2019-07-16 14:29:55,093 INFO  server.RaftServerConfigKeys (ConfUtils.java:logGet(43)) - raft.server.log.segment.size.max = 1048576 (custom)
2019-07-16 14:29:55,093 INFO  server.RaftServerConfigKeys (ConfUtils.java:logGet(43)) - raft.server.log.preallocated.size = 16384 (custom)
2019-07-16 14:29:55,093 INFO  server.RaftServerConfigKeys (ConfUtils.java:logGet(43)) - raft.server.log.write.buffer.size = 33554432 (custom)
2019-07-16 14:29:55,093 INFO  server.RaftServerConfigKeys (ConfUtils.java:logGet(43)) - raft.server.log.force.sync.num = 128 (default)
2019-07-16 14:29:55,094 INFO  server.RaftServerConfigKeys (ConfUtils.java:logGet(43)) - raft.server.log.statemachine.data.sync = true (default)
2019-07-16 14:29:55,094 INFO  server.RaftServerConfigKeys (ConfUtils.java:logGet(43)) - raft.server.log.statemachine.data.sync.timeout = 10s (default)
2019-07-16 14:29:55,094 INFO  server.RaftServerConfigKeys (ConfUtils.java:logGet(43)) - raft.server.log.statemachine.data.sync.timeout.retry = -1 (default)
2019-07-16 14:29:55,094 INFO  server.RaftServerConfigKeys (ConfUtils.java:logGet(43)) - raft.server.log.statemachine.data.caching.enabled = true (custom)
2019-07-16 14:29:55,095 INFO  segmented.SegmentedRaftLogWorker (SegmentedRaftLogWorker.java:lambda$new$0(132)) - 5014ae59-fdca-4c19-9f95-a5a895a6fc17-SegmentedRaftLogWorker:Storage Directory /workdir/hadoop-ozone/integration-test/target/test-dir/MiniOzoneClusterImpl-479c7609-b74d-4220-beb1-8eefa524396f/datanode-3/data/ratis/3364b949-e88c-4d41-9281-c9b71a6da786: flushIndex: setUnconditionally 0 -> -1
2019-07-16 14:29:55,095 INFO  server.RaftServerConfigKeys (ConfUtils.java:logGet(43)) - raft.server.snapshot.auto.trigger.enabled = true (custom)
2019-07-16 14:29:55,095 INFO  server.RaftServerConfigKeys (ConfUtils.java:logGet(43)) - raft.server.snapshot.auto.trigger.threshold = 10000 (custom)
2019-07-16 14:29:55,095 INFO  server.RaftServerConfigKeys (ConfUtils.java:logGet(43)) - raft.server.retrycache.expirytime = 600000ms (custom)
2019-07-16 14:29:55,096 INFO  impl.RaftServerImpl (RaftServerImpl.java:start(180)) - 5014ae59-fdca-4c19-9f95-a5a895a6fc17: start group-C9B71A6DA786
2019-07-16 14:29:55,096 INFO  impl.RaftServerImpl (RaftServerImpl.java:setRole(171)) - 5014ae59-fdca-4c19-9f95-a5a895a6fc17:group-C9B71A6DA786 changes role from null to FOLLOWER at term 0 for startAsFollower
2019-07-16 14:29:55,096 INFO  impl.RoleInfo (RoleInfo.java:updateAndGet(143)) - 5014ae59-fdca-4c19-9f95-a5a895a6fc17: start FollowerState
2019-07-16 14:29:55,108 INFO  util.JmxRegister (JmxRegister.java:tryRegister(44)) - Successfully registered JMX Bean with object name Ratis:service=RaftServer,group=group-C9B71A6DA786,id=5014ae59-fdca-4c19-9f95-a5a895a6fc17
2019-07-16 14:29:55,121 INFO  pipeline.PipelineStateManager (PipelineStateManager.java:addPipeline(56)) - Created pipeline Pipeline[ Id: 3364b949-e88c-4d41-9281-c9b71a6da786, Nodes: 5014ae59-fdca-4c19-9f95-a5a895a6fc17{ip: 192.168.157.241, host: trunk-nightly-gllmw-2332419065, networkLocation: /default-rack, certSerialId: null}, Type:RATIS, Factor:ONE, State:OPEN]
2019-07-16 14:29:55,225 INFO  node.SCMNodeManager (SCMNodeManager.java:register(269)) - Registered Data node : 66802454-a46f-43c1-848a-7c1fdabaf77c{ip: 192.168.157.241, host: trunk-nightly-gllmw-2332419065, networkLocation: /default-rack, certSerialId: null}
2019-07-16 14:29:55,235 INFO  impl.RaftServerProxy (RaftServerProxy.java:addNew(89)) - 66802454-a46f-43c1-848a-7c1fdabaf77c: addNew group-6035AF52FE52:[66802454-a46f-43c1-848a-7c1fdabaf77c:192.168.157.241:44135] returns group-6035AF52FE52:java.util.concurrent.CompletableFuture@5ade0d2e[Not completed]
2019-07-16 14:29:55,236 INFO  impl.RaftServerImpl (RaftServerImpl.java:<init>(93)) - 66802454-a46f-43c1-848a-7c1fdabaf77c: new RaftServerImpl for group-6035AF52FE52:[66802454-a46f-43c1-848a-7c1fdabaf77c:192.168.157.241:44135] with ContainerStateMachine:uninitialized
2019-07-16 14:29:55,236 INFO  server.RaftServerConfigKeys (ConfUtils.java:logGet(43)) - raft.server.rpc.timeout.min = 5s (custom)
2019-07-16 14:29:55,236 INFO  server.RaftServerConfigKeys (ConfUtils.java:logGet(43)) - raft.server.rpc.timeout.max = 5200ms (custom)
2019-07-16 14:29:55,236 INFO  server.RaftServerConfigKeys (ConfUtils.java:logGet(43)) - raft.server.rpcslowness.timeout = 120s (custom)
2019-07-16 14:29:55,236 INFO  server.RaftServerConfigKeys (ConfUtils.java:logGet(43)) - raft.server.sleep.deviation.threshold = 300 (default)
2019-07-16 14:29:55,237 INFO  server.RaftServerConfigKeys (ConfUtils.java:logGet(43)) - raft.server.log.appender.install.snapshot.enabled = false (custom)
2019-07-16 14:29:55,237 INFO  impl.RaftServerImpl (ServerState.java:<init>(105)) - 66802454-a46f-43c1-848a-7c1fdabaf77c:group-6035AF52FE52 ConfigurationManager, init=-1: [66802454-a46f-43c1-848a-7c1fdabaf77c:192.168.157.241:44135], old=null, confs=<EMPTY_MAP>
2019-07-16 14:29:55,237 INFO  server.RaftServerConfigKeys (ConfUtils.java:logGet(43)) - raft.server.storage.dir = [/workdir/hadoop-ozone/integration-test/target/test-dir/MiniOzoneClusterImpl-479c7609-b74d-4220-beb1-8eefa524396f/datanode-4/data/ratis] (custom)
2019-07-16 14:29:55,237 INFO  storage.RaftStorageDirectory (RaftStorageDirectory.java:analyzeStorage(246)) - The storage directory /workdir/hadoop-ozone/integration-test/target/test-dir/MiniOzoneClusterImpl-479c7609-b74d-4220-beb1-8eefa524396f/datanode-4/data/ratis/4cb04428-97ea-461c-993a-6035af52fe52 does not exist. Creating ...
2019-07-16 14:29:55,251 INFO  storage.RaftStorageDirectory (RaftStorageDirectory.java:tryLock(328)) - Lock on /workdir/hadoop-ozone/integration-test/target/test-dir/MiniOzoneClusterImpl-479c7609-b74d-4220-beb1-8eefa524396f/datanode-4/data/ratis/4cb04428-97ea-461c-993a-6035af52fe52/in_use.lock acquired by nodename 23803@trunk-nightly-gllmw-2332419065
2019-07-16 14:29:55,265 INFO  storage.RaftStorage (RaftStorage.java:format(72)) - Storage directory /workdir/hadoop-ozone/integration-test/target/test-dir/MiniOzoneClusterImpl-479c7609-b74d-4220-beb1-8eefa524396f/datanode-4/data/ratis/4cb04428-97ea-461c-993a-6035af52fe52 has been successfully formatted.
2019-07-16 14:29:55,265 INFO  ratis.ContainerStateMachine (ContainerStateMachine.java:loadSnapshot(200)) - group-6035AF52FE52: The snapshot info is null. Setting the last applied indexto:(t:0, i:~)
2019-07-16 14:29:55,265 INFO  server.RaftServerConfigKeys (ConfUtils.java:logGet(43)) - raft.server.leader.election.timeout = 120s (custom)
2019-07-16 14:29:55,265 INFO  server.RaftServerConfigKeys (ConfUtils.java:logGet(43)) - raft.server.log.use.memory = false (default)
2019-07-16 14:29:55,266 INFO  server.RaftServerConfigKeys (ConfUtils.java:logGet(43)) - raft.server.log.purge.gap = 1000000000 (custom)
2019-07-16 14:29:55,266 INFO  server.RaftServerConfigKeys (ConfUtils.java:logGet(43)) - raft.server.log.appender.buffer.byte-limit = 33554432 (custom)
2019-07-16 14:29:55,266 INFO  server.RaftServerConfigKeys (ConfUtils.java:logGet(43)) - raft.server.log.segment.size.max = 1048576 (custom)
2019-07-16 14:29:55,266 INFO  server.RaftServerConfigKeys (ConfUtils.java:logGet(43)) - raft.server.log.segment.cache.num.max = 2 (custom)
2019-07-16 14:29:55,266 INFO  segmented.SegmentedRaftLogWorker (SegmentedRaftLogWorker.java:<init>(172)) - new 66802454-a46f-43c1-848a-7c1fdabaf77c-SegmentedRaftLogWorker:Storage Directory /workdir/hadoop-ozone/integration-test/target/test-dir/MiniOzoneClusterImpl-479c7609-b74d-4220-beb1-8eefa524396f/datanode-4/data/ratis/4cb04428-97ea-461c-993a-6035af52fe52 for RaftStorage:Storage Directory /workdir/hadoop-ozone/integration-test/target/test-dir/MiniOzoneClusterImpl-479c7609-b74d-4220-beb1-8eefa524396f/datanode-4/data/ratis/4cb04428-97ea-461c-993a-6035af52fe52
2019-07-16 14:29:55,266 INFO  server.RaftServerConfigKeys (ConfUtils.java:logGet(43)) - raft.server.log.queue.byte-limit = 2147483647 (custom)
2019-07-16 14:29:55,266 INFO  server.RaftServerConfigKeys (ConfUtils.java:logGet(43)) - raft.server.log.queue.element-limit = 1024 (custom)
2019-07-16 14:29:55,267 INFO  server.RaftServerConfigKeys (ConfUtils.java:logGet(43)) - raft.server.log.segment.size.max = 1048576 (custom)
2019-07-16 14:29:55,267 INFO  server.RaftServerConfigKeys (ConfUtils.java:logGet(43)) - raft.server.log.preallocated.size = 16384 (custom)
2019-07-16 14:29:55,267 INFO  server.RaftServerConfigKeys (ConfUtils.java:logGet(43)) - raft.server.log.write.buffer.size = 33554432 (custom)
2019-07-16 14:29:55,267 INFO  server.RaftServerConfigKeys (ConfUtils.java:logGet(43)) - raft.server.log.force.sync.num = 128 (default)
2019-07-16 14:29:55,267 INFO  server.RaftServerConfigKeys (ConfUtils.java:logGet(43)) - raft.server.log.statemachine.data.sync = true (default)
2019-07-16 14:29:55,267 INFO  server.RaftServerConfigKeys (ConfUtils.java:logGet(43)) - raft.server.log.statemachine.data.sync.timeout = 10s (default)
2019-07-16 14:29:55,268 INFO  server.RaftServerConfigKeys (ConfUtils.java:logGet(43)) - raft.server.log.statemachine.data.sync.timeout.retry = -1 (default)
2019-07-16 14:29:55,268 INFO  server.RaftServerConfigKeys (ConfUtils.java:logGet(43)) - raft.server.log.statemachine.data.caching.enabled = true (custom)
2019-07-16 14:29:55,268 INFO  segmented.SegmentedRaftLogWorker (SegmentedRaftLogWorker.java:lambda$new$0(132)) - 66802454-a46f-43c1-848a-7c1fdabaf77c-SegmentedRaftLogWorker:Storage Directory /workdir/hadoop-ozone/integration-test/target/test-dir/MiniOzoneClusterImpl-479c7609-b74d-4220-beb1-8eefa524396f/datanode-4/data/ratis/4cb04428-97ea-461c-993a-6035af52fe52: flushIndex: setUnconditionally 0 -> -1
2019-07-16 14:29:55,268 INFO  server.RaftServerConfigKeys (ConfUtils.java:logGet(43)) - raft.server.snapshot.auto.trigger.enabled = true (custom)
2019-07-16 14:29:55,269 INFO  server.RaftServerConfigKeys (ConfUtils.java:logGet(43)) - raft.server.snapshot.auto.trigger.threshold = 10000 (custom)
2019-07-16 14:29:55,269 INFO  server.RaftServerConfigKeys (ConfUtils.java:logGet(43)) - raft.server.retrycache.expirytime = 600000ms (custom)
2019-07-16 14:29:55,269 INFO  impl.RaftServerImpl (RaftServerImpl.java:start(180)) - 66802454-a46f-43c1-848a-7c1fdabaf77c: start group-6035AF52FE52
2019-07-16 14:29:55,269 INFO  impl.RaftServerImpl (RaftServerImpl.java:setRole(171)) - 66802454-a46f-43c1-848a-7c1fdabaf77c:group-6035AF52FE52 changes role from null to FOLLOWER at term 0 for startAsFollower
2019-07-16 14:29:55,269 INFO  impl.RoleInfo (RoleInfo.java:updateAndGet(143)) - 66802454-a46f-43c1-848a-7c1fdabaf77c: start FollowerState
2019-07-16 14:29:55,270 INFO  util.JmxRegister (JmxRegister.java:tryRegister(44)) - Successfully registered JMX Bean with object name Ratis:service=RaftServer,group=group-6035AF52FE52,id=66802454-a46f-43c1-848a-7c1fdabaf77c
2019-07-16 14:29:55,274 INFO  pipeline.PipelineStateManager (PipelineStateManager.java:addPipeline(56)) - Created pipeline Pipeline[ Id: 4cb04428-97ea-461c-993a-6035af52fe52, Nodes: 66802454-a46f-43c1-848a-7c1fdabaf77c{ip: 192.168.157.241, host: trunk-nightly-gllmw-2332419065, networkLocation: /default-rack, certSerialId: null}, Type:RATIS, Factor:ONE, State:OPEN]
2019-07-16 14:29:55,398 INFO  node.SCMNodeManager (SCMNodeManager.java:register(269)) - Registered Data node : a0a358c4-b048-4014-9238-672f8f885af6{ip: 192.168.157.241, host: trunk-nightly-gllmw-2332419065, networkLocation: /default-rack, certSerialId: null}
2019-07-16 14:29:55,411 INFO  impl.RaftServerProxy (RaftServerProxy.java:addNew(89)) - a0a358c4-b048-4014-9238-672f8f885af6: addNew group-0CDE0F14D027:[a0a358c4-b048-4014-9238-672f8f885af6:192.168.157.241:33961] returns group-0CDE0F14D027:java.util.concurrent.CompletableFuture@1e0d2bae[Not completed]
2019-07-16 14:29:55,412 INFO  impl.RaftServerImpl (RaftServerImpl.java:<init>(93)) - a0a358c4-b048-4014-9238-672f8f885af6: new RaftServerImpl for group-0CDE0F14D027:[a0a358c4-b048-4014-9238-672f8f885af6:192.168.157.241:33961] with ContainerStateMachine:uninitialized
2019-07-16 14:29:55,413 INFO  server.RaftServerConfigKeys (ConfUtils.java:logGet(43)) - raft.server.rpc.timeout.min = 5s (custom)
2019-07-16 14:29:55,413 INFO  server.RaftServerConfigKeys (ConfUtils.java:logGet(43)) - raft.server.rpc.timeout.max = 5200ms (custom)
2019-07-16 14:29:55,413 INFO  server.RaftServerConfigKeys (ConfUtils.java:logGet(43)) - raft.server.rpcslowness.timeout = 120s (custom)
2019-07-16 14:29:55,413 INFO  server.RaftServerConfigKeys (ConfUtils.java:logGet(43)) - raft.server.sleep.deviation.threshold = 300 (default)
2019-07-16 14:29:55,413 INFO  server.RaftServerConfigKeys (ConfUtils.java:logGet(43)) - raft.server.log.appender.install.snapshot.enabled = false (custom)
2019-07-16 14:29:55,413 INFO  impl.RaftServerImpl (ServerState.java:<init>(105)) - a0a358c4-b048-4014-9238-672f8f885af6:group-0CDE0F14D027 ConfigurationManager, init=-1: [a0a358c4-b048-4014-9238-672f8f885af6:192.168.157.241:33961], old=null, confs=<EMPTY_MAP>
2019-07-16 14:29:55,413 INFO  server.RaftServerConfigKeys (ConfUtils.java:logGet(43)) - raft.server.storage.dir = [/workdir/hadoop-ozone/integration-test/target/test-dir/MiniOzoneClusterImpl-479c7609-b74d-4220-beb1-8eefa524396f/datanode-5/data/ratis] (custom)
2019-07-16 14:29:55,414 INFO  storage.RaftStorageDirectory (RaftStorageDirectory.java:analyzeStorage(246)) - The storage directory /workdir/hadoop-ozone/integration-test/target/test-dir/MiniOzoneClusterImpl-479c7609-b74d-4220-beb1-8eefa524396f/datanode-5/data/ratis/6e0cca1f-c854-497f-98dc-0cde0f14d027 does not exist. Creating ...
2019-07-16 14:29:55,427 INFO  storage.RaftStorageDirectory (RaftStorageDirectory.java:tryLock(328)) - Lock on /workdir/hadoop-ozone/integration-test/target/test-dir/MiniOzoneClusterImpl-479c7609-b74d-4220-beb1-8eefa524396f/datanode-5/data/ratis/6e0cca1f-c854-497f-98dc-0cde0f14d027/in_use.lock acquired by nodename 23803@trunk-nightly-gllmw-2332419065
2019-07-16 14:29:55,448 INFO  storage.RaftStorage (RaftStorage.java:format(72)) - Storage directory /workdir/hadoop-ozone/integration-test/target/test-dir/MiniOzoneClusterImpl-479c7609-b74d-4220-beb1-8eefa524396f/datanode-5/data/ratis/6e0cca1f-c854-497f-98dc-0cde0f14d027 has been successfully formatted.
2019-07-16 14:29:55,448 INFO  ratis.ContainerStateMachine (ContainerStateMachine.java:loadSnapshot(200)) - group-0CDE0F14D027: The snapshot info is null. Setting the last applied indexto:(t:0, i:~)
2019-07-16 14:29:55,448 INFO  server.RaftServerConfigKeys (ConfUtils.java:logGet(43)) - raft.server.leader.election.timeout = 120s (custom)
2019-07-16 14:29:55,449 INFO  server.RaftServerConfigKeys (ConfUtils.java:logGet(43)) - raft.server.log.use.memory = false (default)
2019-07-16 14:29:55,449 INFO  server.RaftServerConfigKeys (ConfUtils.java:logGet(43)) - raft.server.log.purge.gap = 1000000000 (custom)
2019-07-16 14:29:55,449 INFO  server.RaftServerConfigKeys (ConfUtils.java:logGet(43)) - raft.server.log.appender.buffer.byte-limit = 33554432 (custom)
2019-07-16 14:29:55,449 INFO  server.RaftServerConfigKeys (ConfUtils.java:logGet(43)) - raft.server.log.segment.size.max = 1048576 (custom)
2019-07-16 14:29:55,449 INFO  server.RaftServerConfigKeys (ConfUtils.java:logGet(43)) - raft.server.log.segment.cache.num.max = 2 (custom)
2019-07-16 14:29:55,449 INFO  segmented.SegmentedRaftLogWorker (SegmentedRaftLogWorker.java:<init>(172)) - new a0a358c4-b048-4014-9238-672f8f885af6-SegmentedRaftLogWorker:Storage Directory /workdir/hadoop-ozone/integration-test/target/test-dir/MiniOzoneClusterImpl-479c7609-b74d-4220-beb1-8eefa524396f/datanode-5/data/ratis/6e0cca1f-c854-497f-98dc-0cde0f14d027 for RaftStorage:Storage Directory /workdir/hadoop-ozone/integration-test/target/test-dir/MiniOzoneClusterImpl-479c7609-b74d-4220-beb1-8eefa524396f/datanode-5/data/ratis/6e0cca1f-c854-497f-98dc-0cde0f14d027
2019-07-16 14:29:55,450 INFO  server.RaftServerConfigKeys (ConfUtils.java:logGet(43)) - raft.server.log.queue.byte-limit = 2147483647 (custom)
2019-07-16 14:29:55,450 INFO  server.RaftServerConfigKeys (ConfUtils.java:logGet(43)) - raft.server.log.queue.element-limit = 1024 (custom)
2019-07-16 14:29:55,450 INFO  server.RaftServerConfigKeys (ConfUtils.java:logGet(43)) - raft.server.log.segment.size.max = 1048576 (custom)
2019-07-16 14:29:55,450 INFO  server.RaftServerConfigKeys (ConfUtils.java:logGet(43)) - raft.server.log.preallocated.size = 16384 (custom)
2019-07-16 14:29:55,450 INFO  server.RaftServerConfigKeys (ConfUtils.java:logGet(43)) - raft.server.log.write.buffer.size = 33554432 (custom)
2019-07-16 14:29:55,450 INFO  server.RaftServerConfigKeys (ConfUtils.java:logGet(43)) - raft.server.log.force.sync.num = 128 (default)
2019-07-16 14:29:55,450 INFO  server.RaftServerConfigKeys (ConfUtils.java:logGet(43)) - raft.server.log.statemachine.data.sync = true (default)
2019-07-16 14:29:55,451 INFO  server.RaftServerConfigKeys (ConfUtils.java:logGet(43)) - raft.server.log.statemachine.data.sync.timeout = 10s (default)
2019-07-16 14:29:55,451 INFO  server.RaftServerConfigKeys (ConfUtils.java:logGet(43)) - raft.server.log.statemachine.data.sync.timeout.retry = -1 (default)
2019-07-16 14:29:55,451 INFO  server.RaftServerConfigKeys (ConfUtils.java:logGet(43)) - raft.server.log.statemachine.data.caching.enabled = true (custom)
2019-07-16 14:29:55,451 INFO  segmented.SegmentedRaftLogWorker (SegmentedRaftLogWorker.java:lambda$new$0(132)) - a0a358c4-b048-4014-9238-672f8f885af6-SegmentedRaftLogWorker:Storage Directory /workdir/hadoop-ozone/integration-test/target/test-dir/MiniOzoneClusterImpl-479c7609-b74d-4220-beb1-8eefa524396f/datanode-5/data/ratis/6e0cca1f-c854-497f-98dc-0cde0f14d027: flushIndex: setUnconditionally 0 -> -1
2019-07-16 14:29:55,452 INFO  server.RaftServerConfigKeys (ConfUtils.java:logGet(43)) - raft.server.snapshot.auto.trigger.enabled = true (custom)
2019-07-16 14:29:55,452 INFO  server.RaftServerConfigKeys (ConfUtils.java:logGet(43)) - raft.server.snapshot.auto.trigger.threshold = 10000 (custom)
2019-07-16 14:29:55,452 INFO  server.RaftServerConfigKeys (ConfUtils.java:logGet(43)) - raft.server.retrycache.expirytime = 600000ms (custom)
2019-07-16 14:29:55,452 INFO  impl.RaftServerImpl (RaftServerImpl.java:start(180)) - a0a358c4-b048-4014-9238-672f8f885af6: start group-0CDE0F14D027
2019-07-16 14:29:55,452 INFO  impl.RaftServerImpl (RaftServerImpl.java:setRole(171)) - a0a358c4-b048-4014-9238-672f8f885af6:group-0CDE0F14D027 changes role from null to FOLLOWER at term 0 for startAsFollower
2019-07-16 14:29:55,453 INFO  impl.RoleInfo (RoleInfo.java:updateAndGet(143)) - a0a358c4-b048-4014-9238-672f8f885af6: start FollowerState
2019-07-16 14:29:55,453 INFO  util.JmxRegister (JmxRegister.java:tryRegister(44)) - Successfully registered JMX Bean with object name Ratis:service=RaftServer,group=group-0CDE0F14D027,id=a0a358c4-b048-4014-9238-672f8f885af6
2019-07-16 14:29:55,458 INFO  pipeline.PipelineStateManager (PipelineStateManager.java:addPipeline(56)) - Created pipeline Pipeline[ Id: 6e0cca1f-c854-497f-98dc-0cde0f14d027, Nodes: a0a358c4-b048-4014-9238-672f8f885af6{ip: 192.168.157.241, host: trunk-nightly-gllmw-2332419065, networkLocation: /default-rack, certSerialId: null}, Type:RATIS, Factor:ONE, State:OPEN]
2019-07-16 14:29:55,466 INFO  impl.RaftServerProxy (RaftServerProxy.java:addNew(89)) - 5014ae59-fdca-4c19-9f95-a5a895a6fc17: addNew group-82E04F160310:[a0a358c4-b048-4014-9238-672f8f885af6:192.168.157.241:33961, 5014ae59-fdca-4c19-9f95-a5a895a6fc17:192.168.157.241:33053, 66802454-a46f-43c1-848a-7c1fdabaf77c:192.168.157.241:44135] returns group-82E04F160310:java.util.concurrent.CompletableFuture@6856f32d[Not completed]
2019-07-16 14:29:55,466 INFO  impl.RaftServerProxy (RaftServerProxy.java:addNew(89)) - a0a358c4-b048-4014-9238-672f8f885af6: addNew group-82E04F160310:[a0a358c4-b048-4014-9238-672f8f885af6:192.168.157.241:33961, 5014ae59-fdca-4c19-9f95-a5a895a6fc17:192.168.157.241:33053, 66802454-a46f-43c1-848a-7c1fdabaf77c:192.168.157.241:44135] returns group-82E04F160310:java.util.concurrent.CompletableFuture@7a9b1d90[Not completed]
2019-07-16 14:29:55,466 INFO  impl.RaftServerProxy (RaftServerProxy.java:addNew(89)) - 66802454-a46f-43c1-848a-7c1fdabaf77c: addNew group-82E04F160310:[a0a358c4-b048-4014-9238-672f8f885af6:192.168.157.241:33961, 5014ae59-fdca-4c19-9f95-a5a895a6fc17:192.168.157.241:33053, 66802454-a46f-43c1-848a-7c1fdabaf77c:192.168.157.241:44135] returns group-82E04F160310:java.util.concurrent.CompletableFuture@45436dc3[Not completed]
2019-07-16 14:29:55,467 INFO  impl.RaftServerImpl (RaftServerImpl.java:<init>(93)) - 66802454-a46f-43c1-848a-7c1fdabaf77c: new RaftServerImpl for group-82E04F160310:[a0a358c4-b048-4014-9238-672f8f885af6:192.168.157.241:33961, 5014ae59-fdca-4c19-9f95-a5a895a6fc17:192.168.157.241:33053, 66802454-a46f-43c1-848a-7c1fdabaf77c:192.168.157.241:44135] with ContainerStateMachine:uninitialized
2019-07-16 14:29:55,467 INFO  server.RaftServerConfigKeys (ConfUtils.java:logGet(43)) - raft.server.rpc.timeout.min = 5s (custom)
2019-07-16 14:29:55,467 INFO  server.RaftServerConfigKeys (ConfUtils.java:logGet(43)) - raft.server.rpc.timeout.max = 5200ms (custom)
2019-07-16 14:29:55,467 INFO  server.RaftServerConfigKeys (ConfUtils.java:logGet(43)) - raft.server.rpcslowness.timeout = 120s (custom)
2019-07-16 14:29:55,467 INFO  impl.RaftServerImpl (RaftServerImpl.java:<init>(93)) - 5014ae59-fdca-4c19-9f95-a5a895a6fc17: new RaftServerImpl for group-82E04F160310:[a0a358c4-b048-4014-9238-672f8f885af6:192.168.157.241:33961, 5014ae59-fdca-4c19-9f95-a5a895a6fc17:192.168.157.241:33053, 66802454-a46f-43c1-848a-7c1fdabaf77c:192.168.157.241:44135] with ContainerStateMachine:uninitialized
2019-07-16 14:29:55,467 INFO  server.RaftServerConfigKeys (ConfUtils.java:logGet(43)) - raft.server.sleep.deviation.threshold = 300 (default)
2019-07-16 14:29:55,467 INFO  server.RaftServerConfigKeys (ConfUtils.java:logGet(43)) - raft.server.rpc.timeout.min = 5s (custom)
2019-07-16 14:29:55,468 INFO  impl.RaftServerImpl (RaftServerImpl.java:<init>(93)) - a0a358c4-b048-4014-9238-672f8f885af6: new RaftServerImpl for group-82E04F160310:[a0a358c4-b048-4014-9238-672f8f885af6:192.168.157.241:33961, 5014ae59-fdca-4c19-9f95-a5a895a6fc17:192.168.157.241:33053, 66802454-a46f-43c1-848a-7c1fdabaf77c:192.168.157.241:44135] with ContainerStateMachine:uninitialized
2019-07-16 14:29:55,467 INFO  server.RaftServerConfigKeys (ConfUtils.java:logGet(43)) - raft.server.log.appender.install.snapshot.enabled = false (custom)
2019-07-16 14:29:55,468 INFO  server.RaftServerConfigKeys (ConfUtils.java:logGet(43)) - raft.server.rpc.timeout.min = 5s (custom)
2019-07-16 14:29:55,468 INFO  server.RaftServerConfigKeys (ConfUtils.java:logGet(43)) - raft.server.rpc.timeout.max = 5200ms (custom)
2019-07-16 14:29:55,468 INFO  server.RaftServerConfigKeys (ConfUtils.java:logGet(43)) - raft.server.rpc.timeout.max = 5200ms (custom)
2019-07-16 14:29:55,468 INFO  server.RaftServerConfigKeys (ConfUtils.java:logGet(43)) - raft.server.rpcslowness.timeout = 120s (custom)
2019-07-16 14:29:55,468 INFO  impl.RaftServerImpl (ServerState.java:<init>(105)) - 66802454-a46f-43c1-848a-7c1fdabaf77c:group-82E04F160310 ConfigurationManager, init=-1: [a0a358c4-b048-4014-9238-672f8f885af6:192.168.157.241:33961, 5014ae59-fdca-4c19-9f95-a5a895a6fc17:192.168.157.241:33053, 66802454-a46f-43c1-848a-7c1fdabaf77c:192.168.157.241:44135], old=null, confs=<EMPTY_MAP>
2019-07-16 14:29:55,468 INFO  server.RaftServerConfigKeys (ConfUtils.java:logGet(43)) - raft.server.sleep.deviation.threshold = 300 (default)
2019-07-16 14:29:55,469 INFO  server.RaftServerConfigKeys (ConfUtils.java:logGet(43)) - raft.server.log.appender.install.snapshot.enabled = false (custom)
2019-07-16 14:29:55,468 INFO  server.RaftServerConfigKeys (ConfUtils.java:logGet(43)) - raft.server.rpcslowness.timeout = 120s (custom)
2019-07-16 14:29:55,469 INFO  impl.RaftServerImpl (ServerState.java:<init>(105)) - a0a358c4-b048-4014-9238-672f8f885af6:group-82E04F160310 ConfigurationManager, init=-1: [a0a358c4-b048-4014-9238-672f8f885af6:192.168.157.241:33961, 5014ae59-fdca-4c19-9f95-a5a895a6fc17:192.168.157.241:33053, 66802454-a46f-43c1-848a-7c1fdabaf77c:192.168.157.241:44135], old=null, confs=<EMPTY_MAP>
2019-07-16 14:29:55,469 INFO  server.RaftServerConfigKeys (ConfUtils.java:logGet(43)) - raft.server.storage.dir = [/workdir/hadoop-ozone/integration-test/target/test-dir/MiniOzoneClusterImpl-479c7609-b74d-4220-beb1-8eefa524396f/datanode-4/data/ratis] (custom)
2019-07-16 14:29:55,469 INFO  server.RaftServerConfigKeys (ConfUtils.java:logGet(43)) - raft.server.storage.dir = [/workdir/hadoop-ozone/integration-test/target/test-dir/MiniOzoneClusterImpl-479c7609-b74d-4220-beb1-8eefa524396f/datanode-5/data/ratis] (custom)
2019-07-16 14:29:55,469 INFO  server.RaftServerConfigKeys (ConfUtils.java:logGet(43)) - raft.server.sleep.deviation.threshold = 300 (default)
2019-07-16 14:29:55,470 INFO  storage.RaftStorageDirectory (RaftStorageDirectory.java:analyzeStorage(246)) - The storage directory /workdir/hadoop-ozone/integration-test/target/test-dir/MiniOzoneClusterImpl-479c7609-b74d-4220-beb1-8eefa524396f/datanode-4/data/ratis/546be26a-fca0-4559-a280-82e04f160310 does not exist. Creating ...
2019-07-16 14:29:55,470 INFO  storage.RaftStorageDirectory (RaftStorageDirectory.java:analyzeStorage(246)) - The storage directory /workdir/hadoop-ozone/integration-test/target/test-dir/MiniOzoneClusterImpl-479c7609-b74d-4220-beb1-8eefa524396f/datanode-5/data/ratis/546be26a-fca0-4559-a280-82e04f160310 does not exist. Creating ...
2019-07-16 14:29:55,470 INFO  server.RaftServerConfigKeys (ConfUtils.java:logGet(43)) - raft.server.log.appender.install.snapshot.enabled = false (custom)
2019-07-16 14:29:55,470 INFO  impl.RaftServerImpl (ServerState.java:<init>(105)) - 5014ae59-fdca-4c19-9f95-a5a895a6fc17:group-82E04F160310 ConfigurationManager, init=-1: [a0a358c4-b048-4014-9238-672f8f885af6:192.168.157.241:33961, 5014ae59-fdca-4c19-9f95-a5a895a6fc17:192.168.157.241:33053, 66802454-a46f-43c1-848a-7c1fdabaf77c:192.168.157.241:44135], old=null, confs=<EMPTY_MAP>
2019-07-16 14:29:55,470 INFO  server.RaftServerConfigKeys (ConfUtils.java:logGet(43)) - raft.server.storage.dir = [/workdir/hadoop-ozone/integration-test/target/test-dir/MiniOzoneClusterImpl-479c7609-b74d-4220-beb1-8eefa524396f/datanode-3/data/ratis] (custom)
2019-07-16 14:29:55,471 INFO  storage.RaftStorageDirectory (RaftStorageDirectory.java:analyzeStorage(246)) - The storage directory /workdir/hadoop-ozone/integration-test/target/test-dir/MiniOzoneClusterImpl-479c7609-b74d-4220-beb1-8eefa524396f/datanode-3/data/ratis/546be26a-fca0-4559-a280-82e04f160310 does not exist. Creating ...
2019-07-16 14:29:55,483 INFO  storage.RaftStorageDirectory (RaftStorageDirectory.java:tryLock(328)) - Lock on /workdir/hadoop-ozone/integration-test/target/test-dir/MiniOzoneClusterImpl-479c7609-b74d-4220-beb1-8eefa524396f/datanode-5/data/ratis/546be26a-fca0-4559-a280-82e04f160310/in_use.lock acquired by nodename 23803@trunk-nightly-gllmw-2332419065
2019-07-16 14:29:55,483 INFO  storage.RaftStorageDirectory (RaftStorageDirectory.java:tryLock(328)) - Lock on /workdir/hadoop-ozone/integration-test/target/test-dir/MiniOzoneClusterImpl-479c7609-b74d-4220-beb1-8eefa524396f/datanode-3/data/ratis/546be26a-fca0-4559-a280-82e04f160310/in_use.lock acquired by nodename 23803@trunk-nightly-gllmw-2332419065
2019-07-16 14:29:55,483 INFO  storage.RaftStorageDirectory (RaftStorageDirectory.java:tryLock(328)) - Lock on /workdir/hadoop-ozone/integration-test/target/test-dir/MiniOzoneClusterImpl-479c7609-b74d-4220-beb1-8eefa524396f/datanode-4/data/ratis/546be26a-fca0-4559-a280-82e04f160310/in_use.lock acquired by nodename 23803@trunk-nightly-gllmw-2332419065
2019-07-16 14:29:55,499 INFO  storage.RaftStorage (RaftStorage.java:format(72)) - Storage directory /workdir/hadoop-ozone/integration-test/target/test-dir/MiniOzoneClusterImpl-479c7609-b74d-4220-beb1-8eefa524396f/datanode-3/data/ratis/546be26a-fca0-4559-a280-82e04f160310 has been successfully formatted.
2019-07-16 14:29:55,499 INFO  storage.RaftStorage (RaftStorage.java:format(72)) - Storage directory /workdir/hadoop-ozone/integration-test/target/test-dir/MiniOzoneClusterImpl-479c7609-b74d-4220-beb1-8eefa524396f/datanode-5/data/ratis/546be26a-fca0-4559-a280-82e04f160310 has been successfully formatted.
2019-07-16 14:29:55,499 INFO  storage.RaftStorage (RaftStorage.java:format(72)) - Storage directory /workdir/hadoop-ozone/integration-test/target/test-dir/MiniOzoneClusterImpl-479c7609-b74d-4220-beb1-8eefa524396f/datanode-4/data/ratis/546be26a-fca0-4559-a280-82e04f160310 has been successfully formatted.
2019-07-16 14:29:55,499 INFO  ratis.ContainerStateMachine (ContainerStateMachine.java:loadSnapshot(200)) - group-82E04F160310: The snapshot info is null. Setting the last applied indexto:(t:0, i:~)
2019-07-16 14:29:55,499 INFO  ratis.ContainerStateMachine (ContainerStateMachine.java:loadSnapshot(200)) - group-82E04F160310: The snapshot info is null. Setting the last applied indexto:(t:0, i:~)
2019-07-16 14:29:55,499 INFO  ratis.ContainerStateMachine (ContainerStateMachine.java:loadSnapshot(200)) - group-82E04F160310: The snapshot info is null. Setting the last applied indexto:(t:0, i:~)
2019-07-16 14:29:55,499 INFO  server.RaftServerConfigKeys (ConfUtils.java:logGet(43)) - raft.server.leader.election.timeout = 120s (custom)
2019-07-16 14:29:55,499 INFO  server.RaftServerConfigKeys (ConfUtils.java:logGet(43)) - raft.server.leader.election.timeout = 120s (custom)
2019-07-16 14:29:55,500 INFO  server.RaftServerConfigKeys (ConfUtils.java:logGet(43)) - raft.server.log.use.memory = false (default)
2019-07-16 14:29:55,500 INFO  server.RaftServerConfigKeys (ConfUtils.java:logGet(43)) - raft.server.leader.election.timeout = 120s (custom)
2019-07-16 14:29:55,500 INFO  server.RaftServerConfigKeys (ConfUtils.java:logGet(43)) - raft.server.log.purge.gap = 1000000000 (custom)
2019-07-16 14:29:55,500 INFO  server.RaftServerConfigKeys (ConfUtils.java:logGet(43)) - raft.server.log.appender.buffer.byte-limit = 33554432 (custom)
2019-07-16 14:29:55,500 INFO  server.RaftServerConfigKeys (ConfUtils.java:logGet(43)) - raft.server.log.use.memory = false (default)
2019-07-16 14:29:55,500 INFO  server.RaftServerConfigKeys (ConfUtils.java:logGet(43)) - raft.server.log.segment.size.max = 1048576 (custom)
2019-07-16 14:29:55,500 INFO  server.RaftServerConfigKeys (ConfUtils.java:logGet(43)) - raft.server.log.use.memory = false (default)
2019-07-16 14:29:55,501 INFO  server.RaftServerConfigKeys (ConfUtils.java:logGet(43)) - raft.server.log.segment.cache.num.max = 2 (custom)
2019-07-16 14:29:55,501 INFO  server.RaftServerConfigKeys (ConfUtils.java:logGet(43)) - raft.server.log.purge.gap = 1000000000 (custom)
2019-07-16 14:29:55,501 INFO  segmented.SegmentedRaftLogWorker (SegmentedRaftLogWorker.java:<init>(172)) - new 66802454-a46f-43c1-848a-7c1fdabaf77c-SegmentedRaftLogWorker:Storage Directory /workdir/hadoop-ozone/integration-test/target/test-dir/MiniOzoneClusterImpl-479c7609-b74d-4220-beb1-8eefa524396f/datanode-4/data/ratis/546be26a-fca0-4559-a280-82e04f160310 for RaftStorage:Storage Directory /workdir/hadoop-ozone/integration-test/target/test-dir/MiniOzoneClusterImpl-479c7609-b74d-4220-beb1-8eefa524396f/datanode-4/data/ratis/546be26a-fca0-4559-a280-82e04f160310
2019-07-16 14:29:55,501 INFO  server.RaftServerConfigKeys (ConfUtils.java:logGet(43)) - raft.server.log.purge.gap = 1000000000 (custom)
2019-07-16 14:29:55,501 INFO  server.RaftServerConfigKeys (ConfUtils.java:logGet(43)) - raft.server.log.queue.byte-limit = 2147483647 (custom)
2019-07-16 14:29:55,501 INFO  server.RaftServerConfigKeys (ConfUtils.java:logGet(43)) - raft.server.log.appender.buffer.byte-limit = 33554432 (custom)
2019-07-16 14:29:55,502 INFO  server.RaftServerConfigKeys (ConfUtils.java:logGet(43)) - raft.server.log.queue.element-limit = 1024 (custom)
2019-07-16 14:29:55,501 INFO  server.RaftServerConfigKeys (ConfUtils.java:logGet(43)) - raft.server.log.appender.buffer.byte-limit = 33554432 (custom)
2019-07-16 14:29:55,502 INFO  server.RaftServerConfigKeys (ConfUtils.java:logGet(43)) - raft.server.log.segment.size.max = 1048576 (custom)
2019-07-16 14:29:55,502 INFO  server.RaftServerConfigKeys (ConfUtils.java:logGet(43)) - raft.server.log.preallocated.size = 16384 (custom)
2019-07-16 14:29:55,502 INFO  server.RaftServerConfigKeys (ConfUtils.java:logGet(43)) - raft.server.log.segment.size.max = 1048576 (custom)
2019-07-16 14:29:55,502 INFO  server.RaftServerConfigKeys (ConfUtils.java:logGet(43)) - raft.server.log.write.buffer.size = 33554432 (custom)
2019-07-16 14:29:55,503 INFO  server.RaftServerConfigKeys (ConfUtils.java:logGet(43)) - raft.server.log.force.sync.num = 128 (default)
2019-07-16 14:29:55,502 INFO  server.RaftServerConfigKeys (ConfUtils.java:logGet(43)) - raft.server.log.segment.size.max = 1048576 (custom)
2019-07-16 14:29:55,503 INFO  server.RaftServerConfigKeys (ConfUtils.java:logGet(43)) - raft.server.log.statemachine.data.sync = true (default)
2019-07-16 14:29:55,503 INFO  server.RaftServerConfigKeys (ConfUtils.java:logGet(43)) - raft.server.log.statemachine.data.sync.timeout = 10s (default)
2019-07-16 14:29:55,503 INFO  server.RaftServerConfigKeys (ConfUtils.java:logGet(43)) - raft.server.log.segment.cache.num.max = 2 (custom)
2019-07-16 14:29:55,503 INFO  server.RaftServerConfigKeys (ConfUtils.java:logGet(43)) - raft.server.log.statemachine.data.sync.timeout.retry = -1 (default)
2019-07-16 14:29:55,503 INFO  server.RaftServerConfigKeys (ConfUtils.java:logGet(43)) - raft.server.log.segment.cache.num.max = 2 (custom)
2019-07-16 14:29:55,504 INFO  server.RaftServerConfigKeys (ConfUtils.java:logGet(43)) - raft.server.log.statemachine.data.caching.enabled = true (custom)
2019-07-16 14:29:55,503 INFO  segmented.SegmentedRaftLogWorker (SegmentedRaftLogWorker.java:<init>(172)) - new a0a358c4-b048-4014-9238-672f8f885af6-SegmentedRaftLogWorker:Storage Directory /workdir/hadoop-ozone/integration-test/target/test-dir/MiniOzoneClusterImpl-479c7609-b74d-4220-beb1-8eefa524396f/datanode-5/data/ratis/546be26a-fca0-4559-a280-82e04f160310 for RaftStorage:Storage Directory /workdir/hadoop-ozone/integration-test/target/test-dir/MiniOzoneClusterImpl-479c7609-b74d-4220-beb1-8eefa524396f/datanode-5/data/ratis/546be26a-fca0-4559-a280-82e04f160310
2019-07-16 14:29:55,504 INFO  segmented.SegmentedRaftLogWorker (SegmentedRaftLogWorker.java:lambda$new$0(132)) - 66802454-a46f-43c1-848a-7c1fdabaf77c-SegmentedRaftLogWorker:Storage Directory /workdir/hadoop-ozone/integration-test/target/test-dir/MiniOzoneClusterImpl-479c7609-b74d-4220-beb1-8eefa524396f/datanode-4/data/ratis/546be26a-fca0-4559-a280-82e04f160310: flushIndex: setUnconditionally 0 -> -1
2019-07-16 14:29:55,504 INFO  segmented.SegmentedRaftLogWorker (SegmentedRaftLogWorker.java:<init>(172)) - new 5014ae59-fdca-4c19-9f95-a5a895a6fc17-SegmentedRaftLogWorker:Storage Directory /workdir/hadoop-ozone/integration-test/target/test-dir/MiniOzoneClusterImpl-479c7609-b74d-4220-beb1-8eefa524396f/datanode-3/data/ratis/546be26a-fca0-4559-a280-82e04f160310 for RaftStorage:Storage Directory /workdir/hadoop-ozone/integration-test/target/test-dir/MiniOzoneClusterImpl-479c7609-b74d-4220-beb1-8eefa524396f/datanode-3/data/ratis/546be26a-fca0-4559-a280-82e04f160310
2019-07-16 14:29:55,504 INFO  server.RaftServerConfigKeys (ConfUtils.java:logGet(43)) - raft.server.log.queue.byte-limit = 2147483647 (custom)
2019-07-16 14:29:55,504 INFO  server.RaftServerConfigKeys (ConfUtils.java:logGet(43)) - raft.server.snapshot.auto.trigger.enabled = true (custom)
2019-07-16 14:29:55,504 INFO  server.RaftServerConfigKeys (ConfUtils.java:logGet(43)) - raft.server.log.queue.byte-limit = 2147483647 (custom)
2019-07-16 14:29:55,505 INFO  server.RaftServerConfigKeys (ConfUtils.java:logGet(43)) - raft.server.snapshot.auto.trigger.threshold = 10000 (custom)
2019-07-16 14:29:55,504 INFO  server.RaftServerConfigKeys (ConfUtils.java:logGet(43)) - raft.server.log.queue.element-limit = 1024 (custom)
2019-07-16 14:29:55,505 INFO  server.RaftServerConfigKeys (ConfUtils.java:logGet(43)) - raft.server.retrycache.expirytime = 600000ms (custom)
2019-07-16 14:29:55,505 INFO  server.RaftServerConfigKeys (ConfUtils.java:logGet(43)) - raft.server.log.queue.element-limit = 1024 (custom)
2019-07-16 14:29:55,505 INFO  impl.RaftServerImpl (RaftServerImpl.java:start(180)) - 66802454-a46f-43c1-848a-7c1fdabaf77c: start group-82E04F160310
2019-07-16 14:29:55,505 INFO  server.RaftServerConfigKeys (ConfUtils.java:logGet(43)) - raft.server.log.segment.size.max = 1048576 (custom)
2019-07-16 14:29:55,505 INFO  impl.RaftServerImpl (RaftServerImpl.java:setRole(171)) - 66802454-a46f-43c1-848a-7c1fdabaf77c:group-82E04F160310 changes role from null to FOLLOWER at term 0 for startAsFollower
2019-07-16 14:29:55,506 INFO  impl.RoleInfo (RoleInfo.java:updateAndGet(143)) - 66802454-a46f-43c1-848a-7c1fdabaf77c: start FollowerState
2019-07-16 14:29:55,505 INFO  server.RaftServerConfigKeys (ConfUtils.java:logGet(43)) - raft.server.log.segment.size.max = 1048576 (custom)
2019-07-16 14:29:55,506 INFO  server.RaftServerConfigKeys (ConfUtils.java:logGet(43)) - raft.server.log.preallocated.size = 16384 (custom)
2019-07-16 14:29:55,506 INFO  util.JmxRegister (JmxRegister.java:tryRegister(44)) - Successfully registered JMX Bean with object name Ratis:service=RaftServer,group=group-82E04F160310,id=66802454-a46f-43c1-848a-7c1fdabaf77c
2019-07-16 14:29:55,506 INFO  server.RaftServerConfigKeys (ConfUtils.java:logGet(43)) - raft.server.log.preallocated.size = 16384 (custom)
2019-07-16 14:29:55,506 INFO  server.RaftServerConfigKeys (ConfUtils.java:logGet(43)) - raft.server.log.write.buffer.size = 33554432 (custom)
2019-07-16 14:29:55,506 INFO  server.RaftServerConfigKeys (ConfUtils.java:logGet(43)) - raft.server.log.write.buffer.size = 33554432 (custom)
2019-07-16 14:29:55,507 INFO  server.RaftServerConfigKeys (ConfUtils.java:logGet(43)) - raft.server.log.force.sync.num = 128 (default)
2019-07-16 14:29:55,507 INFO  server.RaftServerConfigKeys (ConfUtils.java:logGet(43)) - raft.server.log.force.sync.num = 128 (default)
2019-07-16 14:29:55,507 INFO  server.RaftServerConfigKeys (ConfUtils.java:logGet(43)) - raft.server.log.statemachine.data.sync = true (default)
2019-07-16 14:29:55,507 INFO  server.RaftServerConfigKeys (ConfUtils.java:logGet(43)) - raft.server.log.statemachine.data.sync = true (default)
2019-07-16 14:29:55,510 INFO  server.RaftServerConfigKeys (ConfUtils.java:logGet(43)) - raft.server.log.statemachine.data.sync.timeout = 10s (default)
2019-07-16 14:29:55,507 INFO  server.RaftServerConfigKeys (ConfUtils.java:logGet(43)) - raft.server.log.statemachine.data.sync.timeout = 10s (default)
2019-07-16 14:29:55,511 INFO  server.RaftServerConfigKeys (ConfUtils.java:logGet(43)) - raft.server.log.statemachine.data.sync.timeout.retry = -1 (default)
2019-07-16 14:29:55,511 INFO  server.RaftServerConfigKeys (ConfUtils.java:logGet(43)) - raft.server.log.statemachine.data.sync.timeout.retry = -1 (default)
2019-07-16 14:29:55,511 INFO  server.RaftServerConfigKeys (ConfUtils.java:logGet(43)) - raft.server.log.statemachine.data.caching.enabled = true (custom)
2019-07-16 14:29:55,511 INFO  server.RaftServerConfigKeys (ConfUtils.java:logGet(43)) - raft.server.log.statemachine.data.caching.enabled = true (custom)
2019-07-16 14:29:55,511 INFO  segmented.SegmentedRaftLogWorker (SegmentedRaftLogWorker.java:lambda$new$0(132)) - a0a358c4-b048-4014-9238-672f8f885af6-SegmentedRaftLogWorker:Storage Directory /workdir/hadoop-ozone/integration-test/target/test-dir/MiniOzoneClusterImpl-479c7609-b74d-4220-beb1-8eefa524396f/datanode-5/data/ratis/546be26a-fca0-4559-a280-82e04f160310: flushIndex: setUnconditionally 0 -> -1
2019-07-16 14:29:55,511 INFO  segmented.SegmentedRaftLogWorker (SegmentedRaftLogWorker.java:lambda$new$0(132)) - 5014ae59-fdca-4c19-9f95-a5a895a6fc17-SegmentedRaftLogWorker:Storage Directory /workdir/hadoop-ozone/integration-test/target/test-dir/MiniOzoneClusterImpl-479c7609-b74d-4220-beb1-8eefa524396f/datanode-3/data/ratis/546be26a-fca0-4559-a280-82e04f160310: flushIndex: setUnconditionally 0 -> -1
2019-07-16 14:29:55,512 INFO  server.RaftServerConfigKeys (ConfUtils.java:logGet(43)) - raft.server.snapshot.auto.trigger.enabled = true (custom)
2019-07-16 14:29:55,512 INFO  server.RaftServerConfigKeys (ConfUtils.java:logGet(43)) - raft.server.snapshot.auto.trigger.threshold = 10000 (custom)
2019-07-16 14:29:55,512 INFO  server.RaftServerConfigKeys (ConfUtils.java:logGet(43)) - raft.server.snapshot.auto.trigger.enabled = true (custom)
2019-07-16 14:29:55,512 INFO  server.RaftServerConfigKeys (ConfUtils.java:logGet(43)) - raft.server.retrycache.expirytime = 600000ms (custom)
2019-07-16 14:29:55,512 INFO  server.RaftServerConfigKeys (ConfUtils.java:logGet(43)) - raft.server.snapshot.auto.trigger.threshold = 10000 (custom)
2019-07-16 14:29:55,512 INFO  impl.RaftServerImpl (RaftServerImpl.java:start(180)) - a0a358c4-b048-4014-9238-672f8f885af6: start group-82E04F160310
2019-07-16 14:29:55,512 INFO  server.RaftServerConfigKeys (ConfUtils.java:logGet(43)) - raft.server.retrycache.expirytime = 600000ms (custom)
2019-07-16 14:29:55,512 INFO  impl.RaftServerImpl (RaftServerImpl.java:setRole(171)) - a0a358c4-b048-4014-9238-672f8f885af6:group-82E04F160310 changes role from null to FOLLOWER at term 0 for startAsFollower
2019-07-16 14:29:55,513 INFO  impl.RaftServerImpl (RaftServerImpl.java:start(180)) - 5014ae59-fdca-4c19-9f95-a5a895a6fc17: start group-82E04F160310
2019-07-16 14:29:55,513 INFO  impl.RoleInfo (RoleInfo.java:updateAndGet(143)) - a0a358c4-b048-4014-9238-672f8f885af6: start FollowerState
2019-07-16 14:29:55,513 INFO  impl.RaftServerImpl (RaftServerImpl.java:setRole(171)) - 5014ae59-fdca-4c19-9f95-a5a895a6fc17:group-82E04F160310 changes role from null to FOLLOWER at term 0 for startAsFollower
2019-07-16 14:29:55,513 INFO  impl.RoleInfo (RoleInfo.java:updateAndGet(143)) - 5014ae59-fdca-4c19-9f95-a5a895a6fc17: start FollowerState
2019-07-16 14:29:55,513 INFO  util.JmxRegister (JmxRegister.java:tryRegister(44)) - Successfully registered JMX Bean with object name Ratis:service=RaftServer,group=group-82E04F160310,id=a0a358c4-b048-4014-9238-672f8f885af6
2019-07-16 14:29:55,513 INFO  util.JmxRegister (JmxRegister.java:tryRegister(44)) - Successfully registered JMX Bean with object name Ratis:service=RaftServer,group=group-82E04F160310,id=5014ae59-fdca-4c19-9f95-a5a895a6fc17
2019-07-16 14:29:55,521 INFO  pipeline.PipelineStateManager (PipelineStateManager.java:addPipeline(56)) - Created pipeline Pipeline[ Id: 546be26a-fca0-4559-a280-82e04f160310, Nodes: 5014ae59-fdca-4c19-9f95-a5a895a6fc17{ip: 192.168.157.241, host: trunk-nightly-gllmw-2332419065, networkLocation: /default-rack, certSerialId: null}a0a358c4-b048-4014-9238-672f8f885af6{ip: 192.168.157.241, host: trunk-nightly-gllmw-2332419065, networkLocation: /default-rack, certSerialId: null}66802454-a46f-43c1-848a-7c1fdabaf77c{ip: 192.168.157.241, host: trunk-nightly-gllmw-2332419065, networkLocation: /default-rack, certSerialId: null}, Type:RATIS, Factor:THREE, State:OPEN]
2019-07-16 14:29:55,561 INFO  ozone.MiniOzoneClusterImpl (MiniOzoneClusterImpl.java:lambda$waitForClusterToBeReady$0(142)) - Waiting for cluster to be ready. Got 6 of 7 DN Heartbeats.
2019-07-16 14:29:55,564 INFO  node.SCMNodeManager (SCMNodeManager.java:register(269)) - Registered Data node : 10576b7c-fc76-40a9-be35-e256424049b5{ip: 192.168.157.241, host: trunk-nightly-gllmw-2332419065, networkLocation: /default-rack, certSerialId: null}
2019-07-16 14:29:55,572 INFO  impl.RaftServerProxy (RaftServerProxy.java:addNew(89)) - 10576b7c-fc76-40a9-be35-e256424049b5: addNew group-610C1CEA2A4C:[10576b7c-fc76-40a9-be35-e256424049b5:192.168.157.241:35634] returns group-610C1CEA2A4C:java.util.concurrent.CompletableFuture@4b436aba[Not completed]
2019-07-16 14:29:55,572 INFO  impl.RaftServerImpl (RaftServerImpl.java:<init>(93)) - 10576b7c-fc76-40a9-be35-e256424049b5: new RaftServerImpl for group-610C1CEA2A4C:[10576b7c-fc76-40a9-be35-e256424049b5:192.168.157.241:35634] with ContainerStateMachine:uninitialized
2019-07-16 14:29:55,573 INFO  server.RaftServerConfigKeys (ConfUtils.java:logGet(43)) - raft.server.rpc.timeout.min = 5s (custom)
2019-07-16 14:29:55,573 INFO  server.RaftServerConfigKeys (ConfUtils.java:logGet(43)) - raft.server.rpc.timeout.max = 5200ms (custom)
2019-07-16 14:29:55,573 INFO  server.RaftServerConfigKeys (ConfUtils.java:logGet(43)) - raft.server.rpcslowness.timeout = 120s (custom)
2019-07-16 14:29:55,573 INFO  server.RaftServerConfigKeys (ConfUtils.java:logGet(43)) - raft.server.sleep.deviation.threshold = 300 (default)
2019-07-16 14:29:55,573 INFO  server.RaftServerConfigKeys (ConfUtils.java:logGet(43)) - raft.server.log.appender.install.snapshot.enabled = false (custom)
2019-07-16 14:29:55,573 INFO  impl.RaftServerImpl (ServerState.java:<init>(105)) - 10576b7c-fc76-40a9-be35-e256424049b5:group-610C1CEA2A4C ConfigurationManager, init=-1: [10576b7c-fc76-40a9-be35-e256424049b5:192.168.157.241:35634], old=null, confs=<EMPTY_MAP>
2019-07-16 14:29:55,573 INFO  server.RaftServerConfigKeys (ConfUtils.java:logGet(43)) - raft.server.storage.dir = [/workdir/hadoop-ozone/integration-test/target/test-dir/MiniOzoneClusterImpl-479c7609-b74d-4220-beb1-8eefa524396f/datanode-6/data/ratis] (custom)
2019-07-16 14:29:55,574 INFO  storage.RaftStorageDirectory (RaftStorageDirectory.java:analyzeStorage(246)) - The storage directory /workdir/hadoop-ozone/integration-test/target/test-dir/MiniOzoneClusterImpl-479c7609-b74d-4220-beb1-8eefa524396f/datanode-6/data/ratis/a47cde60-5233-44db-8a1e-610c1cea2a4c does not exist. Creating ...
2019-07-16 14:29:55,587 INFO  storage.RaftStorageDirectory (RaftStorageDirectory.java:tryLock(328)) - Lock on /workdir/hadoop-ozone/integration-test/target/test-dir/MiniOzoneClusterImpl-479c7609-b74d-4220-beb1-8eefa524396f/datanode-6/data/ratis/a47cde60-5233-44db-8a1e-610c1cea2a4c/in_use.lock acquired by nodename 23803@trunk-nightly-gllmw-2332419065
2019-07-16 14:29:55,600 INFO  storage.RaftStorage (RaftStorage.java:format(72)) - Storage directory /workdir/hadoop-ozone/integration-test/target/test-dir/MiniOzoneClusterImpl-479c7609-b74d-4220-beb1-8eefa524396f/datanode-6/data/ratis/a47cde60-5233-44db-8a1e-610c1cea2a4c has been successfully formatted.
2019-07-16 14:29:55,600 INFO  ratis.ContainerStateMachine (ContainerStateMachine.java:loadSnapshot(200)) - group-610C1CEA2A4C: The snapshot info is null. Setting the last applied indexto:(t:0, i:~)
2019-07-16 14:29:55,600 INFO  server.RaftServerConfigKeys (ConfUtils.java:logGet(43)) - raft.server.leader.election.timeout = 120s (custom)
2019-07-16 14:29:55,600 INFO  server.RaftServerConfigKeys (ConfUtils.java:logGet(43)) - raft.server.log.use.memory = false (default)
2019-07-16 14:29:55,601 INFO  server.RaftServerConfigKeys (ConfUtils.java:logGet(43)) - raft.server.log.purge.gap = 1000000000 (custom)
2019-07-16 14:29:55,601 INFO  server.RaftServerConfigKeys (ConfUtils.java:logGet(43)) - raft.server.log.appender.buffer.byte-limit = 33554432 (custom)
2019-07-16 14:29:55,601 INFO  server.RaftServerConfigKeys (ConfUtils.java:logGet(43)) - raft.server.log.segment.size.max = 1048576 (custom)
2019-07-16 14:29:55,601 INFO  server.RaftServerConfigKeys (ConfUtils.java:logGet(43)) - raft.server.log.segment.cache.num.max = 2 (custom)
2019-07-16 14:29:55,601 INFO  segmented.SegmentedRaftLogWorker (SegmentedRaftLogWorker.java:<init>(172)) - new 10576b7c-fc76-40a9-be35-e256424049b5-SegmentedRaftLogWorker:Storage Directory /workdir/hadoop-ozone/integration-test/target/test-dir/MiniOzoneClusterImpl-479c7609-b74d-4220-beb1-8eefa524396f/datanode-6/data/ratis/a47cde60-5233-44db-8a1e-610c1cea2a4c for RaftStorage:Storage Directory /workdir/hadoop-ozone/integration-test/target/test-dir/MiniOzoneClusterImpl-479c7609-b74d-4220-beb1-8eefa524396f/datanode-6/data/ratis/a47cde60-5233-44db-8a1e-610c1cea2a4c
2019-07-16 14:29:55,601 INFO  server.RaftServerConfigKeys (ConfUtils.java:logGet(43)) - raft.server.log.queue.byte-limit = 2147483647 (custom)
2019-07-16 14:29:55,601 INFO  server.RaftServerConfigKeys (ConfUtils.java:logGet(43)) - raft.server.log.queue.element-limit = 1024 (custom)
2019-07-16 14:29:55,602 INFO  server.RaftServerConfigKeys (ConfUtils.java:logGet(43)) - raft.server.log.segment.size.max = 1048576 (custom)
2019-07-16 14:29:55,602 INFO  server.RaftServerConfigKeys (ConfUtils.java:logGet(43)) - raft.server.log.preallocated.size = 16384 (custom)
2019-07-16 14:29:55,602 INFO  server.RaftServerConfigKeys (ConfUtils.java:logGet(43)) - raft.server.log.write.buffer.size = 33554432 (custom)
2019-07-16 14:29:55,602 INFO  server.RaftServerConfigKeys (ConfUtils.java:logGet(43)) - raft.server.log.force.sync.num = 128 (default)
2019-07-16 14:29:55,602 INFO  server.RaftServerConfigKeys (ConfUtils.java:logGet(43)) - raft.server.log.statemachine.data.sync = true (default)
2019-07-16 14:29:55,602 INFO  server.RaftServerConfigKeys (ConfUtils.java:logGet(43)) - raft.server.log.statemachine.data.sync.timeout = 10s (default)
2019-07-16 14:29:55,603 INFO  server.RaftServerConfigKeys (ConfUtils.java:logGet(43)) - raft.server.log.statemachine.data.sync.timeout.retry = -1 (default)
2019-07-16 14:29:55,603 INFO  server.RaftServerConfigKeys (ConfUtils.java:logGet(43)) - raft.server.log.statemachine.data.caching.enabled = true (custom)
2019-07-16 14:29:55,603 INFO  segmented.SegmentedRaftLogWorker (SegmentedRaftLogWorker.java:lambda$new$0(132)) - 10576b7c-fc76-40a9-be35-e256424049b5-SegmentedRaftLogWorker:Storage Directory /workdir/hadoop-ozone/integration-test/target/test-dir/MiniOzoneClusterImpl-479c7609-b74d-4220-beb1-8eefa524396f/datanode-6/data/ratis/a47cde60-5233-44db-8a1e-610c1cea2a4c: flushIndex: setUnconditionally 0 -> -1
2019-07-16 14:29:55,604 INFO  server.RaftServerConfigKeys (ConfUtils.java:logGet(43)) - raft.server.snapshot.auto.trigger.enabled = true (custom)
2019-07-16 14:29:55,604 INFO  server.RaftServerConfigKeys (ConfUtils.java:logGet(43)) - raft.server.snapshot.auto.trigger.threshold = 10000 (custom)
2019-07-16 14:29:55,604 INFO  server.RaftServerConfigKeys (ConfUtils.java:logGet(43)) - raft.server.retrycache.expirytime = 600000ms (custom)
2019-07-16 14:29:55,604 INFO  impl.RaftServerImpl (RaftServerImpl.java:start(180)) - 10576b7c-fc76-40a9-be35-e256424049b5: start group-610C1CEA2A4C
2019-07-16 14:29:55,604 INFO  impl.RaftServerImpl (RaftServerImpl.java:setRole(171)) - 10576b7c-fc76-40a9-be35-e256424049b5:group-610C1CEA2A4C changes role from null to FOLLOWER at term 0 for startAsFollower
2019-07-16 14:29:55,604 INFO  impl.RoleInfo (RoleInfo.java:updateAndGet(143)) - 10576b7c-fc76-40a9-be35-e256424049b5: start FollowerState
2019-07-16 14:29:55,605 INFO  util.JmxRegister (JmxRegister.java:tryRegister(44)) - Successfully registered JMX Bean with object name Ratis:service=RaftServer,group=group-610C1CEA2A4C,id=10576b7c-fc76-40a9-be35-e256424049b5
2019-07-16 14:29:55,784 INFO  pipeline.PipelineStateManager (PipelineStateManager.java:addPipeline(56)) - Created pipeline Pipeline[ Id: a47cde60-5233-44db-8a1e-610c1cea2a4c, Nodes: 10576b7c-fc76-40a9-be35-e256424049b5{ip: 192.168.157.241, host: trunk-nightly-gllmw-2332419065, networkLocation: /default-rack, certSerialId: null}, Type:RATIS, Factor:ONE, State:OPEN]
2019-07-16 14:29:56,561 INFO  ozone.MiniOzoneClusterImpl (MiniOzoneClusterImpl.java:lambda$waitForClusterToBeReady$0(142)) - Cluster is ready. Got 7 of 7 DN Heartbeats.
2019-07-16 14:29:56,622 INFO  rpc.RpcClient (RpcClient.java:createVolume(287)) - Creating Volume: testblockoutputstream, with jenkins1000 as owner.
2019-07-16 14:29:56,640 INFO  rpc.RpcClient (RpcClient.java:createBucket(424)) - Creating Bucket: testblockoutputstream/testblockoutputstream, with Versioning false and Storage Type set to DISK and Encryption set to false 
2019-07-16 14:29:56,669 INFO  client.GrpcClientProtocolClient (GrpcClientProtocolClient.java:onNext(255)) - client-E33A5E6F4562->5014ae59-fdca-4c19-9f95-a5a895a6fc17: receive RaftClientReply:client-E33A5E6F4562->5014ae59-fdca-4c19-9f95-a5a895a6fc17@group-82E04F160310, cid=235, FAILED org.apache.ratis.protocol.NotLeaderException: Server 5014ae59-fdca-4c19-9f95-a5a895a6fc17 is not the leader (null). Request must be sent to leader., logIndex=0, commits[5014ae59-fdca-4c19-9f95-a5a895a6fc17:c-1]
2019-07-16 14:29:57,422 INFO  container.ReplicationManager (ReplicationManager.java:start(155)) - Starting Replication Monitor Thread.
2019-07-16 14:29:57,426 INFO  container.ReplicationManager (ReplicationManager.java:run(207)) - Replication Monitor Thread took 0 milliseconds for processing 1 containers.
2019-07-16 14:29:57,690 INFO  client.GrpcClientProtocolClient (GrpcClientProtocolClient.java:onNext(255)) - client-E33A5E6F4562->a0a358c4-b048-4014-9238-672f8f885af6: receive RaftClientReply:client-E33A5E6F4562->a0a358c4-b048-4014-9238-672f8f885af6@group-82E04F160310, cid=235, FAILED org.apache.ratis.protocol.NotLeaderException: Server a0a358c4-b048-4014-9238-672f8f885af6 is not the leader (null). Request must be sent to leader., logIndex=0, commits[a0a358c4-b048-4014-9238-672f8f885af6:c-1]
2019-07-16 14:29:58,707 INFO  client.GrpcClientProtocolClient (GrpcClientProtocolClient.java:onNext(255)) - client-E33A5E6F4562->66802454-a46f-43c1-848a-7c1fdabaf77c: receive RaftClientReply:client-E33A5E6F4562->66802454-a46f-43c1-848a-7c1fdabaf77c@group-82E04F160310, cid=235, FAILED org.apache.ratis.protocol.NotLeaderException: Server 66802454-a46f-43c1-848a-7c1fdabaf77c is not the leader (null). Request must be sent to leader., logIndex=0, commits[66802454-a46f-43c1-848a-7c1fdabaf77c:c-1]
2019-07-16 14:29:59,623 INFO  impl.FollowerState (FollowerState.java:run(106)) - 223c2dc0-f540-405a-83dc-e3447ea605a6:group-E0CB0708D483 changes to CANDIDATE, lastRpcTime:5158, electionTimeout:5158ms
2019-07-16 14:29:59,623 INFO  impl.RoleInfo (RoleInfo.java:shutdownFollowerState(121)) - 223c2dc0-f540-405a-83dc-e3447ea605a6: shutdown FollowerState
2019-07-16 14:29:59,623 INFO  impl.RaftServerImpl (RaftServerImpl.java:setRole(171)) - 223c2dc0-f540-405a-83dc-e3447ea605a6:group-E0CB0708D483 changes role from FOLLOWER to CANDIDATE at term 0 for changeToCandidate
2019-07-16 14:29:59,623 INFO  impl.RoleInfo (RoleInfo.java:updateAndGet(143)) - 223c2dc0-f540-405a-83dc-e3447ea605a6: start LeaderElection
2019-07-16 14:29:59,646 INFO  impl.LeaderElection (LeaderElection.java:askForVotes(181)) - 223c2dc0-f540-405a-83dc-e3447ea605a6:group-E0CB0708D483:LeaderElection88: begin an election at term 1 for -1: [223c2dc0-f540-405a-83dc-e3447ea605a6:192.168.157.241:37180], old=null
2019-07-16 14:29:59,646 INFO  impl.RoleInfo (RoleInfo.java:shutdownLeaderElection(134)) - 223c2dc0-f540-405a-83dc-e3447ea605a6: shutdown LeaderElection
2019-07-16 14:29:59,646 INFO  impl.RaftServerImpl (RaftServerImpl.java:setRole(171)) - 223c2dc0-f540-405a-83dc-e3447ea605a6:group-E0CB0708D483 changes role from CANDIDATE to LEADER at term 1 for changeToLeader
2019-07-16 14:29:59,647 INFO  impl.RaftServerImpl (ServerState.java:setLeader(263)) - 223c2dc0-f540-405a-83dc-e3447ea605a6:group-E0CB0708D483 change Leader from null to 223c2dc0-f540-405a-83dc-e3447ea605a6 at term 1 for becomeLeader, leader elected after 5187ms
2019-07-16 14:29:59,649 INFO  server.RaftServerConfigKeys (ConfUtils.java:logGet(43)) - raft.server.staging.catchup.gap = 1000 (default)
2019-07-16 14:29:59,649 INFO  server.RaftServerConfigKeys (ConfUtils.java:logGet(43)) - raft.server.rpc.sleep.time = 25ms (default)
2019-07-16 14:29:59,649 INFO  server.RaftServerConfigKeys (ConfUtils.java:logGet(43)) - raft.server.write.element-limit = 4096 (default)
2019-07-16 14:29:59,649 INFO  server.RaftServerConfigKeys (ConfUtils.java:logGet(43)) - raft.server.watch.timeout = 10s (default)
2019-07-16 14:29:59,650 INFO  server.RaftServerConfigKeys (ConfUtils.java:logGet(43)) - raft.server.watch.timeout.denomination = 1s (default)
2019-07-16 14:29:59,650 INFO  server.RaftServerConfigKeys (ConfUtils.java:logGet(43)) - raft.server.watch.element-limit = 65536 (default)
2019-07-16 14:29:59,650 INFO  impl.RoleInfo (RoleInfo.java:updateAndGet(143)) - 223c2dc0-f540-405a-83dc-e3447ea605a6: start LeaderState
2019-07-16 14:29:59,650 INFO  segmented.SegmentedRaftLogWorker (SegmentedRaftLogWorker.java:startLogSegment(380)) - 223c2dc0-f540-405a-83dc-e3447ea605a6-SegmentedRaftLogWorker:Storage Directory /workdir/hadoop-ozone/integration-test/target/test-dir/MiniOzoneClusterImpl-479c7609-b74d-4220-beb1-8eefa524396f/datanode-0/data/ratis/a7ae55fe-d9a5-4af1-95b3-e0cb0708d483: Starting segment from index:0
2019-07-16 14:29:59,651 INFO  impl.RaftServerImpl (ServerState.java:setRaftConf(361)) - 223c2dc0-f540-405a-83dc-e3447ea605a6:group-E0CB0708D483 set configuration 0: [223c2dc0-f540-405a-83dc-e3447ea605a6:192.168.157.241:37180], old=null at 0
2019-07-16 14:29:59,692 INFO  segmented.SegmentedRaftLogWorker (SegmentedRaftLogWorker.java:execute(569)) - 223c2dc0-f540-405a-83dc-e3447ea605a6-SegmentedRaftLogWorker:Storage Directory /workdir/hadoop-ozone/integration-test/target/test-dir/MiniOzoneClusterImpl-479c7609-b74d-4220-beb1-8eefa524396f/datanode-0/data/ratis/a7ae55fe-d9a5-4af1-95b3-e0cb0708d483: created new log segment /workdir/hadoop-ozone/integration-test/target/test-dir/MiniOzoneClusterImpl-479c7609-b74d-4220-beb1-8eefa524396f/datanode-0/data/ratis/a7ae55fe-d9a5-4af1-95b3-e0cb0708d483/current/log_inprogress_0
2019-07-16 14:29:59,719 INFO  client.GrpcClientProtocolClient (GrpcClientProtocolClient.java:onNext(255)) - client-E33A5E6F4562->5014ae59-fdca-4c19-9f95-a5a895a6fc17: receive RaftClientReply:client-E33A5E6F4562->5014ae59-fdca-4c19-9f95-a5a895a6fc17@group-82E04F160310, cid=235, FAILED org.apache.ratis.protocol.NotLeaderException: Server 5014ae59-fdca-4c19-9f95-a5a895a6fc17 is not the leader (null). Request must be sent to leader., logIndex=0, commits[5014ae59-fdca-4c19-9f95-a5a895a6fc17:c-1]
2019-07-16 14:29:59,826 INFO  impl.FollowerState (FollowerState.java:run(106)) - 1b6ee3b5-e4d3-4405-a306-cd6a587047f9:group-B7E7F9ADFAB4 changes to CANDIDATE, lastRpcTime:5136, electionTimeout:5136ms
2019-07-16 14:29:59,826 INFO  impl.RoleInfo (RoleInfo.java:shutdownFollowerState(121)) - 1b6ee3b5-e4d3-4405-a306-cd6a587047f9: shutdown FollowerState
2019-07-16 14:29:59,826 INFO  impl.RaftServerImpl (RaftServerImpl.java:setRole(171)) - 1b6ee3b5-e4d3-4405-a306-cd6a587047f9:group-B7E7F9ADFAB4 changes role from FOLLOWER to CANDIDATE at term 0 for changeToCandidate
2019-07-16 14:29:59,827 INFO  impl.RoleInfo (RoleInfo.java:updateAndGet(143)) - 1b6ee3b5-e4d3-4405-a306-cd6a587047f9: start LeaderElection
2019-07-16 14:29:59,855 INFO  impl.LeaderElection (LeaderElection.java:askForVotes(181)) - 1b6ee3b5-e4d3-4405-a306-cd6a587047f9:group-B7E7F9ADFAB4:LeaderElection89: begin an election at term 1 for -1: [1b6ee3b5-e4d3-4405-a306-cd6a587047f9:192.168.157.241:46240], old=null
2019-07-16 14:29:59,855 INFO  impl.RoleInfo (RoleInfo.java:shutdownLeaderElection(134)) - 1b6ee3b5-e4d3-4405-a306-cd6a587047f9: shutdown LeaderElection
2019-07-16 14:29:59,855 INFO  impl.RaftServerImpl (RaftServerImpl.java:setRole(171)) - 1b6ee3b5-e4d3-4405-a306-cd6a587047f9:group-B7E7F9ADFAB4 changes role from CANDIDATE to LEADER at term 1 for changeToLeader
2019-07-16 14:29:59,855 INFO  impl.RaftServerImpl (ServerState.java:setLeader(263)) - 1b6ee3b5-e4d3-4405-a306-cd6a587047f9:group-B7E7F9ADFAB4 change Leader from null to 1b6ee3b5-e4d3-4405-a306-cd6a587047f9 at term 1 for becomeLeader, leader elected after 5169ms
2019-07-16 14:29:59,857 INFO  server.RaftServerConfigKeys (ConfUtils.java:logGet(43)) - raft.server.staging.catchup.gap = 1000 (default)
2019-07-16 14:29:59,857 INFO  server.RaftServerConfigKeys (ConfUtils.java:logGet(43)) - raft.server.rpc.sleep.time = 25ms (default)
2019-07-16 14:29:59,858 INFO  server.RaftServerConfigKeys (ConfUtils.java:logGet(43)) - raft.server.write.element-limit = 4096 (default)
2019-07-16 14:29:59,858 INFO  server.RaftServerConfigKeys (ConfUtils.java:logGet(43)) - raft.server.watch.timeout = 10s (default)
2019-07-16 14:29:59,858 INFO  server.RaftServerConfigKeys (ConfUtils.java:logGet(43)) - raft.server.watch.timeout.denomination = 1s (default)
2019-07-16 14:29:59,858 INFO  server.RaftServerConfigKeys (ConfUtils.java:logGet(43)) - raft.server.watch.element-limit = 65536 (default)
2019-07-16 14:29:59,858 INFO  impl.RoleInfo (RoleInfo.java:updateAndGet(143)) - 1b6ee3b5-e4d3-4405-a306-cd6a587047f9: start LeaderState
2019-07-16 14:29:59,858 INFO  segmented.SegmentedRaftLogWorker (SegmentedRaftLogWorker.java:startLogSegment(380)) - 1b6ee3b5-e4d3-4405-a306-cd6a587047f9-SegmentedRaftLogWorker:Storage Directory /workdir/hadoop-ozone/integration-test/target/test-dir/MiniOzoneClusterImpl-479c7609-b74d-4220-beb1-8eefa524396f/datanode-1/data/ratis/ec10d528-3ce5-4153-9bcd-b7e7f9adfab4: Starting segment from index:0
2019-07-16 14:29:59,859 INFO  impl.RaftServerImpl (ServerState.java:setRaftConf(361)) - 1b6ee3b5-e4d3-4405-a306-cd6a587047f9:group-B7E7F9ADFAB4 set configuration 0: [1b6ee3b5-e4d3-4405-a306-cd6a587047f9:192.168.157.241:46240], old=null at 0
2019-07-16 14:29:59,891 INFO  segmented.SegmentedRaftLogWorker (SegmentedRaftLogWorker.java:execute(569)) - 1b6ee3b5-e4d3-4405-a306-cd6a587047f9-SegmentedRaftLogWorker:Storage Directory /workdir/hadoop-ozone/integration-test/target/test-dir/MiniOzoneClusterImpl-479c7609-b74d-4220-beb1-8eefa524396f/datanode-1/data/ratis/ec10d528-3ce5-4153-9bcd-b7e7f9adfab4: created new log segment /workdir/hadoop-ozone/integration-test/target/test-dir/MiniOzoneClusterImpl-479c7609-b74d-4220-beb1-8eefa524396f/datanode-1/data/ratis/ec10d528-3ce5-4153-9bcd-b7e7f9adfab4/current/log_inprogress_0
2019-07-16 14:30:00,073 INFO  impl.FollowerState (FollowerState.java:run(106)) - 1b6ee3b5-e4d3-4405-a306-cd6a587047f9:group-F08ED97E4061 changes to CANDIDATE, lastRpcTime:5121, electionTimeout:5121ms
2019-07-16 14:30:00,073 INFO  impl.RoleInfo (RoleInfo.java:shutdownFollowerState(121)) - 1b6ee3b5-e4d3-4405-a306-cd6a587047f9: shutdown FollowerState
2019-07-16 14:30:00,073 INFO  impl.RaftServerImpl (RaftServerImpl.java:setRole(171)) - 1b6ee3b5-e4d3-4405-a306-cd6a587047f9:group-F08ED97E4061 changes role from FOLLOWER to CANDIDATE at term 0 for changeToCandidate
2019-07-16 14:30:00,073 INFO  impl.FollowerState (FollowerState.java:run(106)) - 223c2dc0-f540-405a-83dc-e3447ea605a6:group-F08ED97E4061 changes to CANDIDATE, lastRpcTime:5114, electionTimeout:5114ms
2019-07-16 14:30:00,073 INFO  impl.RoleInfo (RoleInfo.java:updateAndGet(143)) - 1b6ee3b5-e4d3-4405-a306-cd6a587047f9: start LeaderElection
2019-07-16 14:30:00,073 INFO  impl.RoleInfo (RoleInfo.java:shutdownFollowerState(121)) - 223c2dc0-f540-405a-83dc-e3447ea605a6: shutdown FollowerState
2019-07-16 14:30:00,073 INFO  impl.RaftServerImpl (RaftServerImpl.java:setRole(171)) - 223c2dc0-f540-405a-83dc-e3447ea605a6:group-F08ED97E4061 changes role from FOLLOWER to CANDIDATE at term 0 for changeToCandidate
2019-07-16 14:30:00,078 INFO  impl.RoleInfo (RoleInfo.java:updateAndGet(143)) - 223c2dc0-f540-405a-83dc-e3447ea605a6: start LeaderElection
2019-07-16 14:30:00,086 INFO  impl.FollowerState (FollowerState.java:run(106)) - e62bb0c6-ea95-4fac-8e7b-0d6eb66883df:group-F08ED97E4061 changes to CANDIDATE, lastRpcTime:5127, electionTimeout:5127ms
2019-07-16 14:30:00,103 INFO  impl.RoleInfo (RoleInfo.java:shutdownFollowerState(121)) - e62bb0c6-ea95-4fac-8e7b-0d6eb66883df: shutdown FollowerState
2019-07-16 14:30:00,103 INFO  impl.RaftServerImpl (RaftServerImpl.java:setRole(171)) - e62bb0c6-ea95-4fac-8e7b-0d6eb66883df:group-F08ED97E4061 changes role from FOLLOWER to CANDIDATE at term 0 for changeToCandidate
2019-07-16 14:30:00,103 INFO  impl.FollowerState (FollowerState.java:run(106)) - e62bb0c6-ea95-4fac-8e7b-0d6eb66883df:group-9641D2A6BFDC changes to CANDIDATE, lastRpcTime:5207, electionTimeout:5195ms
2019-07-16 14:30:00,103 INFO  impl.RoleInfo (RoleInfo.java:updateAndGet(143)) - e62bb0c6-ea95-4fac-8e7b-0d6eb66883df: start LeaderElection
2019-07-16 14:30:00,103 INFO  impl.RoleInfo (RoleInfo.java:shutdownFollowerState(121)) - e62bb0c6-ea95-4fac-8e7b-0d6eb66883df: shutdown FollowerState
2019-07-16 14:30:00,104 INFO  impl.RaftServerImpl (RaftServerImpl.java:setRole(171)) - e62bb0c6-ea95-4fac-8e7b-0d6eb66883df:group-9641D2A6BFDC changes role from FOLLOWER to CANDIDATE at term 0 for changeToCandidate
2019-07-16 14:30:00,104 INFO  impl.RoleInfo (RoleInfo.java:updateAndGet(143)) - e62bb0c6-ea95-4fac-8e7b-0d6eb66883df: start LeaderElection
2019-07-16 14:30:00,117 INFO  impl.LeaderElection (LeaderElection.java:askForVotes(181)) - 223c2dc0-f540-405a-83dc-e3447ea605a6:group-F08ED97E4061:LeaderElection91: begin an election at term 1 for -1: [1b6ee3b5-e4d3-4405-a306-cd6a587047f9:192.168.157.241:46240, e62bb0c6-ea95-4fac-8e7b-0d6eb66883df:192.168.157.241:44866, 223c2dc0-f540-405a-83dc-e3447ea605a6:192.168.157.241:37180], old=null
2019-07-16 14:30:00,117 INFO  impl.LeaderElection (LeaderElection.java:askForVotes(181)) - e62bb0c6-ea95-4fac-8e7b-0d6eb66883df:group-9641D2A6BFDC:LeaderElection93: begin an election at term 1 for -1: [e62bb0c6-ea95-4fac-8e7b-0d6eb66883df:192.168.157.241:44866], old=null
2019-07-16 14:30:00,117 INFO  impl.LeaderElection (LeaderElection.java:askForVotes(181)) - 1b6ee3b5-e4d3-4405-a306-cd6a587047f9:group-F08ED97E4061:LeaderElection90: begin an election at term 1 for -1: [1b6ee3b5-e4d3-4405-a306-cd6a587047f9:192.168.157.241:46240, e62bb0c6-ea95-4fac-8e7b-0d6eb66883df:192.168.157.241:44866, 223c2dc0-f540-405a-83dc-e3447ea605a6:192.168.157.241:37180], old=null
2019-07-16 14:30:00,117 INFO  impl.LeaderElection (LeaderElection.java:askForVotes(181)) - e62bb0c6-ea95-4fac-8e7b-0d6eb66883df:group-F08ED97E4061:LeaderElection92: begin an election at term 1 for -1: [1b6ee3b5-e4d3-4405-a306-cd6a587047f9:192.168.157.241:46240, e62bb0c6-ea95-4fac-8e7b-0d6eb66883df:192.168.157.241:44866, 223c2dc0-f540-405a-83dc-e3447ea605a6:192.168.157.241:37180], old=null
2019-07-16 14:30:00,117 INFO  impl.RoleInfo (RoleInfo.java:shutdownLeaderElection(134)) - e62bb0c6-ea95-4fac-8e7b-0d6eb66883df: shutdown LeaderElection
2019-07-16 14:30:00,118 INFO  impl.RaftServerImpl (RaftServerImpl.java:setRole(171)) - e62bb0c6-ea95-4fac-8e7b-0d6eb66883df:group-9641D2A6BFDC changes role from CANDIDATE to LEADER at term 1 for changeToLeader
2019-07-16 14:30:00,118 INFO  impl.RaftServerImpl (ServerState.java:setLeader(263)) - e62bb0c6-ea95-4fac-8e7b-0d6eb66883df:group-9641D2A6BFDC change Leader from null to e62bb0c6-ea95-4fac-8e7b-0d6eb66883df at term 1 for becomeLeader, leader elected after 5226ms
2019-07-16 14:30:00,121 INFO  server.RaftServerConfigKeys (ConfUtils.java:logGet(43)) - raft.server.staging.catchup.gap = 1000 (default)
2019-07-16 14:30:00,121 INFO  server.RaftServerConfigKeys (ConfUtils.java:logGet(43)) - raft.server.rpc.sleep.time = 25ms (default)
2019-07-16 14:30:00,121 INFO  server.RaftServerConfigKeys (ConfUtils.java:logGet(43)) - raft.server.write.element-limit = 4096 (default)
2019-07-16 14:30:00,122 INFO  server.RaftServerConfigKeys (ConfUtils.java:logGet(43)) - raft.server.watch.timeout = 10s (default)
2019-07-16 14:30:00,122 INFO  server.RaftServerConfigKeys (ConfUtils.java:logGet(43)) - raft.server.watch.timeout.denomination = 1s (default)
2019-07-16 14:30:00,122 INFO  server.RaftServerConfigKeys (ConfUtils.java:logGet(43)) - raft.server.watch.element-limit = 65536 (default)
2019-07-16 14:30:00,122 INFO  impl.RoleInfo (RoleInfo.java:updateAndGet(143)) - e62bb0c6-ea95-4fac-8e7b-0d6eb66883df: start LeaderState
2019-07-16 14:30:00,122 INFO  segmented.SegmentedRaftLogWorker (SegmentedRaftLogWorker.java:startLogSegment(380)) - e62bb0c6-ea95-4fac-8e7b-0d6eb66883df-SegmentedRaftLogWorker:Storage Directory /workdir/hadoop-ozone/integration-test/target/test-dir/MiniOzoneClusterImpl-479c7609-b74d-4220-beb1-8eefa524396f/datanode-2/data/ratis/90b063ff-b239-482e-8aa0-9641d2a6bfdc: Starting segment from index:0
2019-07-16 14:30:00,126 INFO  impl.RaftServerImpl (ServerState.java:setRaftConf(361)) - e62bb0c6-ea95-4fac-8e7b-0d6eb66883df:group-9641D2A6BFDC set configuration 0: [e62bb0c6-ea95-4fac-8e7b-0d6eb66883df:192.168.157.241:44866], old=null at 0
2019-07-16 14:30:00,173 INFO  segmented.SegmentedRaftLogWorker (SegmentedRaftLogWorker.java:execute(569)) - e62bb0c6-ea95-4fac-8e7b-0d6eb66883df-SegmentedRaftLogWorker:Storage Directory /workdir/hadoop-ozone/integration-test/target/test-dir/MiniOzoneClusterImpl-479c7609-b74d-4220-beb1-8eefa524396f/datanode-2/data/ratis/90b063ff-b239-482e-8aa0-9641d2a6bfdc: created new log segment /workdir/hadoop-ozone/integration-test/target/test-dir/MiniOzoneClusterImpl-479c7609-b74d-4220-beb1-8eefa524396f/datanode-2/data/ratis/90b063ff-b239-482e-8aa0-9641d2a6bfdc/current/log_inprogress_0
2019-07-16 14:30:00,174 INFO  impl.LeaderElection (LeaderElection.java:logAndReturn(56)) - 223c2dc0-f540-405a-83dc-e3447ea605a6:group-F08ED97E4061:LeaderElection91: Election REJECTED; received 2 response(s) [223c2dc0-f540-405a-83dc-e3447ea605a6<-1b6ee3b5-e4d3-4405-a306-cd6a587047f9#0:FAIL-t1, 223c2dc0-f540-405a-83dc-e3447ea605a6<-e62bb0c6-ea95-4fac-8e7b-0d6eb66883df#0:FAIL-t1] and 0 exception(s); 223c2dc0-f540-405a-83dc-e3447ea605a6:t1, leader=null, voted=223c2dc0-f540-405a-83dc-e3447ea605a6, raftlog=223c2dc0-f540-405a-83dc-e3447ea605a6-SegmentedRaftLog:OPENED:c-1,f-1,i0, conf=-1: [1b6ee3b5-e4d3-4405-a306-cd6a587047f9:192.168.157.241:46240, e62bb0c6-ea95-4fac-8e7b-0d6eb66883df:192.168.157.241:44866, 223c2dc0-f540-405a-83dc-e3447ea605a6:192.168.157.241:37180], old=null
2019-07-16 14:30:00,174 INFO  impl.LeaderElection (LeaderElection.java:logAndReturn(56)) - e62bb0c6-ea95-4fac-8e7b-0d6eb66883df:group-F08ED97E4061:LeaderElection92: Election REJECTED; received 2 response(s) [e62bb0c6-ea95-4fac-8e7b-0d6eb66883df<-1b6ee3b5-e4d3-4405-a306-cd6a587047f9#0:FAIL-t1, e62bb0c6-ea95-4fac-8e7b-0d6eb66883df<-223c2dc0-f540-405a-83dc-e3447ea605a6#0:FAIL-t1] and 0 exception(s); e62bb0c6-ea95-4fac-8e7b-0d6eb66883df:t1, leader=null, voted=e62bb0c6-ea95-4fac-8e7b-0d6eb66883df, raftlog=e62bb0c6-ea95-4fac-8e7b-0d6eb66883df-SegmentedRaftLog:OPENED:c-1,f-1,i0, conf=-1: [1b6ee3b5-e4d3-4405-a306-cd6a587047f9:192.168.157.241:46240, e62bb0c6-ea95-4fac-8e7b-0d6eb66883df:192.168.157.241:44866, 223c2dc0-f540-405a-83dc-e3447ea605a6:192.168.157.241:37180], old=null
2019-07-16 14:30:00,174 INFO  impl.RaftServerImpl (RaftServerImpl.java:setRole(171)) - 223c2dc0-f540-405a-83dc-e3447ea605a6:group-F08ED97E4061 changes role from CANDIDATE to FOLLOWER at term 1 for DISCOVERED_A_NEW_TERM
2019-07-16 14:30:00,180 INFO  impl.RoleInfo (RoleInfo.java:shutdownLeaderElection(134)) - 223c2dc0-f540-405a-83dc-e3447ea605a6: shutdown LeaderElection
2019-07-16 14:30:00,174 INFO  impl.LeaderElection (LeaderElection.java:logAndReturn(56)) - 1b6ee3b5-e4d3-4405-a306-cd6a587047f9:group-F08ED97E4061:LeaderElection90: Election REJECTED; received 2 response(s) [1b6ee3b5-e4d3-4405-a306-cd6a587047f9<-e62bb0c6-ea95-4fac-8e7b-0d6eb66883df#0:FAIL-t1, 1b6ee3b5-e4d3-4405-a306-cd6a587047f9<-223c2dc0-f540-405a-83dc-e3447ea605a6#0:FAIL-t1] and 0 exception(s); 1b6ee3b5-e4d3-4405-a306-cd6a587047f9:t1, leader=null, voted=1b6ee3b5-e4d3-4405-a306-cd6a587047f9, raftlog=1b6ee3b5-e4d3-4405-a306-cd6a587047f9-SegmentedRaftLog:OPENED:c-1,f-1,i0, conf=-1: [1b6ee3b5-e4d3-4405-a306-cd6a587047f9:192.168.157.241:46240, e62bb0c6-ea95-4fac-8e7b-0d6eb66883df:192.168.157.241:44866, 223c2dc0-f540-405a-83dc-e3447ea605a6:192.168.157.241:37180], old=null
2019-07-16 14:30:00,180 INFO  impl.RoleInfo (RoleInfo.java:updateAndGet(143)) - 223c2dc0-f540-405a-83dc-e3447ea605a6: start FollowerState
2019-07-16 14:30:00,177 INFO  impl.RaftServerImpl (RaftServerImpl.java:setRole(171)) - e62bb0c6-ea95-4fac-8e7b-0d6eb66883df:group-F08ED97E4061 changes role from CANDIDATE to FOLLOWER at term 1 for DISCOVERED_A_NEW_TERM
2019-07-16 14:30:00,180 INFO  impl.RaftServerImpl (RaftServerImpl.java:setRole(171)) - 1b6ee3b5-e4d3-4405-a306-cd6a587047f9:group-F08ED97E4061 changes role from CANDIDATE to FOLLOWER at term 1 for DISCOVERED_A_NEW_TERM
2019-07-16 14:30:00,183 INFO  impl.RoleInfo (RoleInfo.java:shutdownLeaderElection(134)) - e62bb0c6-ea95-4fac-8e7b-0d6eb66883df: shutdown LeaderElection
2019-07-16 14:30:00,186 INFO  impl.RoleInfo (RoleInfo.java:shutdownLeaderElection(134)) - 1b6ee3b5-e4d3-4405-a306-cd6a587047f9: shutdown LeaderElection
2019-07-16 14:30:00,187 INFO  impl.RoleInfo (RoleInfo.java:updateAndGet(143)) - e62bb0c6-ea95-4fac-8e7b-0d6eb66883df: start FollowerState
2019-07-16 14:30:00,187 INFO  impl.RoleInfo (RoleInfo.java:updateAndGet(143)) - 1b6ee3b5-e4d3-4405-a306-cd6a587047f9: start FollowerState
2019-07-16 14:30:00,249 INFO  impl.FollowerState (FollowerState.java:run(106)) - 5014ae59-fdca-4c19-9f95-a5a895a6fc17:group-C9B71A6DA786 changes to CANDIDATE, lastRpcTime:5153, electionTimeout:5153ms
2019-07-16 14:30:00,249 INFO  impl.RoleInfo (RoleInfo.java:shutdownFollowerState(121)) - 5014ae59-fdca-4c19-9f95-a5a895a6fc17: shutdown FollowerState
2019-07-16 14:30:00,250 INFO  impl.RaftServerImpl (RaftServerImpl.java:setRole(171)) - 5014ae59-fdca-4c19-9f95-a5a895a6fc17:group-C9B71A6DA786 changes role from FOLLOWER to CANDIDATE at term 0 for changeToCandidate
2019-07-16 14:30:00,250 INFO  impl.RoleInfo (RoleInfo.java:updateAndGet(143)) - 5014ae59-fdca-4c19-9f95-a5a895a6fc17: start LeaderElection
2019-07-16 14:30:00,277 INFO  impl.LeaderElection (LeaderElection.java:askForVotes(181)) - 5014ae59-fdca-4c19-9f95-a5a895a6fc17:group-C9B71A6DA786:LeaderElection94: begin an election at term 1 for -1: [5014ae59-fdca-4c19-9f95-a5a895a6fc17:192.168.157.241:33053], old=null
2019-07-16 14:30:00,277 INFO  impl.RoleInfo (RoleInfo.java:shutdownLeaderElection(134)) - 5014ae59-fdca-4c19-9f95-a5a895a6fc17: shutdown LeaderElection
2019-07-16 14:30:00,277 INFO  impl.RaftServerImpl (RaftServerImpl.java:setRole(171)) - 5014ae59-fdca-4c19-9f95-a5a895a6fc17:group-C9B71A6DA786 changes role from CANDIDATE to LEADER at term 1 for changeToLeader
2019-07-16 14:30:00,277 INFO  impl.RaftServerImpl (ServerState.java:setLeader(263)) - 5014ae59-fdca-4c19-9f95-a5a895a6fc17:group-C9B71A6DA786 change Leader from null to 5014ae59-fdca-4c19-9f95-a5a895a6fc17 at term 1 for becomeLeader, leader elected after 5185ms
2019-07-16 14:30:00,280 INFO  server.RaftServerConfigKeys (ConfUtils.java:logGet(43)) - raft.server.staging.catchup.gap = 1000 (default)
2019-07-16 14:30:00,280 INFO  server.RaftServerConfigKeys (ConfUtils.java:logGet(43)) - raft.server.rpc.sleep.time = 25ms (default)
2019-07-16 14:30:00,280 INFO  server.RaftServerConfigKeys (ConfUtils.java:logGet(43)) - raft.server.write.element-limit = 4096 (default)
2019-07-16 14:30:00,281 INFO  server.RaftServerConfigKeys (ConfUtils.java:logGet(43)) - raft.server.watch.timeout = 10s (default)
2019-07-16 14:30:00,281 INFO  server.RaftServerConfigKeys (ConfUtils.java:logGet(43)) - raft.server.watch.timeout.denomination = 1s (default)
2019-07-16 14:30:00,281 INFO  server.RaftServerConfigKeys (ConfUtils.java:logGet(43)) - raft.server.watch.element-limit = 65536 (default)
2019-07-16 14:30:00,281 INFO  impl.RoleInfo (RoleInfo.java:updateAndGet(143)) - 5014ae59-fdca-4c19-9f95-a5a895a6fc17: start LeaderState
2019-07-16 14:30:00,282 INFO  segmented.SegmentedRaftLogWorker (SegmentedRaftLogWorker.java:startLogSegment(380)) - 5014ae59-fdca-4c19-9f95-a5a895a6fc17-SegmentedRaftLogWorker:Storage Directory /workdir/hadoop-ozone/integration-test/target/test-dir/MiniOzoneClusterImpl-479c7609-b74d-4220-beb1-8eefa524396f/datanode-3/data/ratis/3364b949-e88c-4d41-9281-c9b71a6da786: Starting segment from index:0
2019-07-16 14:30:00,283 INFO  impl.RaftServerImpl (ServerState.java:setRaftConf(361)) - 5014ae59-fdca-4c19-9f95-a5a895a6fc17:group-C9B71A6DA786 set configuration 0: [5014ae59-fdca-4c19-9f95-a5a895a6fc17:192.168.157.241:33053], old=null at 0
2019-07-16 14:30:00,318 INFO  segmented.SegmentedRaftLogWorker (SegmentedRaftLogWorker.java:execute(569)) - 5014ae59-fdca-4c19-9f95-a5a895a6fc17-SegmentedRaftLogWorker:Storage Directory /workdir/hadoop-ozone/integration-test/target/test-dir/MiniOzoneClusterImpl-479c7609-b74d-4220-beb1-8eefa524396f/datanode-3/data/ratis/3364b949-e88c-4d41-9281-c9b71a6da786: created new log segment /workdir/hadoop-ozone/integration-test/target/test-dir/MiniOzoneClusterImpl-479c7609-b74d-4220-beb1-8eefa524396f/datanode-3/data/ratis/3364b949-e88c-4d41-9281-c9b71a6da786/current/log_inprogress_0
2019-07-16 14:30:00,402 INFO  impl.FollowerState (FollowerState.java:run(106)) - 66802454-a46f-43c1-848a-7c1fdabaf77c:group-6035AF52FE52 changes to CANDIDATE, lastRpcTime:5132, electionTimeout:5132ms
2019-07-16 14:30:00,402 INFO  impl.RoleInfo (RoleInfo.java:shutdownFollowerState(121)) - 66802454-a46f-43c1-848a-7c1fdabaf77c: shutdown FollowerState
2019-07-16 14:30:00,402 INFO  impl.RaftServerImpl (RaftServerImpl.java:setRole(171)) - 66802454-a46f-43c1-848a-7c1fdabaf77c:group-6035AF52FE52 changes role from FOLLOWER to CANDIDATE at term 0 for changeToCandidate
2019-07-16 14:30:00,402 INFO  impl.RoleInfo (RoleInfo.java:updateAndGet(143)) - 66802454-a46f-43c1-848a-7c1fdabaf77c: start LeaderElection
2019-07-16 14:30:00,422 INFO  impl.LeaderElection (LeaderElection.java:askForVotes(181)) - 66802454-a46f-43c1-848a-7c1fdabaf77c:group-6035AF52FE52:LeaderElection95: begin an election at term 1 for -1: [66802454-a46f-43c1-848a-7c1fdabaf77c:192.168.157.241:44135], old=null
2019-07-16 14:30:00,422 INFO  impl.RoleInfo (RoleInfo.java:shutdownLeaderElection(134)) - 66802454-a46f-43c1-848a-7c1fdabaf77c: shutdown LeaderElection
2019-07-16 14:30:00,422 INFO  impl.RaftServerImpl (RaftServerImpl.java:setRole(171)) - 66802454-a46f-43c1-848a-7c1fdabaf77c:group-6035AF52FE52 changes role from CANDIDATE to LEADER at term 1 for changeToLeader
2019-07-16 14:30:00,422 INFO  impl.RaftServerImpl (ServerState.java:setLeader(263)) - 66802454-a46f-43c1-848a-7c1fdabaf77c:group-6035AF52FE52 change Leader from null to 66802454-a46f-43c1-848a-7c1fdabaf77c at term 1 for becomeLeader, leader elected after 5156ms
2019-07-16 14:30:00,425 INFO  server.RaftServerConfigKeys (ConfUtils.java:logGet(43)) - raft.server.staging.catchup.gap = 1000 (default)
2019-07-16 14:30:00,425 INFO  server.RaftServerConfigKeys (ConfUtils.java:logGet(43)) - raft.server.rpc.sleep.time = 25ms (default)
2019-07-16 14:30:00,425 INFO  server.RaftServerConfigKeys (ConfUtils.java:logGet(43)) - raft.server.write.element-limit = 4096 (default)
2019-07-16 14:30:00,425 INFO  server.RaftServerConfigKeys (ConfUtils.java:logGet(43)) - raft.server.watch.timeout = 10s (default)
2019-07-16 14:30:00,426 INFO  server.RaftServerConfigKeys (ConfUtils.java:logGet(43)) - raft.server.watch.timeout.denomination = 1s (default)
2019-07-16 14:30:00,426 INFO  server.RaftServerConfigKeys (ConfUtils.java:logGet(43)) - raft.server.watch.element-limit = 65536 (default)
2019-07-16 14:30:00,426 INFO  impl.RoleInfo (RoleInfo.java:updateAndGet(143)) - 66802454-a46f-43c1-848a-7c1fdabaf77c: start LeaderState
2019-07-16 14:30:00,426 INFO  segmented.SegmentedRaftLogWorker (SegmentedRaftLogWorker.java:startLogSegment(380)) - 66802454-a46f-43c1-848a-7c1fdabaf77c-SegmentedRaftLogWorker:Storage Directory /workdir/hadoop-ozone/integration-test/target/test-dir/MiniOzoneClusterImpl-479c7609-b74d-4220-beb1-8eefa524396f/datanode-4/data/ratis/4cb04428-97ea-461c-993a-6035af52fe52: Starting segment from index:0
2019-07-16 14:30:00,427 INFO  impl.RaftServerImpl (ServerState.java:setRaftConf(361)) - 66802454-a46f-43c1-848a-7c1fdabaf77c:group-6035AF52FE52 set configuration 0: [66802454-a46f-43c1-848a-7c1fdabaf77c:192.168.157.241:44135], old=null at 0
2019-07-16 14:30:00,461 INFO  segmented.SegmentedRaftLogWorker (SegmentedRaftLogWorker.java:execute(569)) - 66802454-a46f-43c1-848a-7c1fdabaf77c-SegmentedRaftLogWorker:Storage Directory /workdir/hadoop-ozone/integration-test/target/test-dir/MiniOzoneClusterImpl-479c7609-b74d-4220-beb1-8eefa524396f/datanode-4/data/ratis/4cb04428-97ea-461c-993a-6035af52fe52: created new log segment /workdir/hadoop-ozone/integration-test/target/test-dir/MiniOzoneClusterImpl-479c7609-b74d-4220-beb1-8eefa524396f/datanode-4/data/ratis/4cb04428-97ea-461c-993a-6035af52fe52/current/log_inprogress_0
2019-07-16 14:30:00,481 INFO  impl.FollowerState (FollowerState.java:run(106)) - a0a358c4-b048-4014-9238-672f8f885af6:group-0CDE0F14D027 changes to CANDIDATE, lastRpcTime:5028, electionTimeout:5028ms
2019-07-16 14:30:00,481 INFO  impl.RoleInfo (RoleInfo.java:shutdownFollowerState(121)) - a0a358c4-b048-4014-9238-672f8f885af6: shutdown FollowerState
2019-07-16 14:30:00,482 INFO  impl.RaftServerImpl (RaftServerImpl.java:setRole(171)) - a0a358c4-b048-4014-9238-672f8f885af6:group-0CDE0F14D027 changes role from FOLLOWER to CANDIDATE at term 0 for changeToCandidate
2019-07-16 14:30:00,482 INFO  impl.RoleInfo (RoleInfo.java:updateAndGet(143)) - a0a358c4-b048-4014-9238-672f8f885af6: start LeaderElection
2019-07-16 14:30:00,501 INFO  impl.LeaderElection (LeaderElection.java:askForVotes(181)) - a0a358c4-b048-4014-9238-672f8f885af6:group-0CDE0F14D027:LeaderElection96: begin an election at term 1 for -1: [a0a358c4-b048-4014-9238-672f8f885af6:192.168.157.241:33961], old=null
2019-07-16 14:30:00,501 INFO  impl.RoleInfo (RoleInfo.java:shutdownLeaderElection(134)) - a0a358c4-b048-4014-9238-672f8f885af6: shutdown LeaderElection
2019-07-16 14:30:00,502 INFO  impl.RaftServerImpl (RaftServerImpl.java:setRole(171)) - a0a358c4-b048-4014-9238-672f8f885af6:group-0CDE0F14D027 changes role from CANDIDATE to LEADER at term 1 for changeToLeader
2019-07-16 14:30:00,502 INFO  impl.RaftServerImpl (ServerState.java:setLeader(263)) - a0a358c4-b048-4014-9238-672f8f885af6:group-0CDE0F14D027 change Leader from null to a0a358c4-b048-4014-9238-672f8f885af6 at term 1 for becomeLeader, leader elected after 5053ms
2019-07-16 14:30:00,504 INFO  server.RaftServerConfigKeys (ConfUtils.java:logGet(43)) - raft.server.staging.catchup.gap = 1000 (default)
2019-07-16 14:30:00,504 INFO  server.RaftServerConfigKeys (ConfUtils.java:logGet(43)) - raft.server.rpc.sleep.time = 25ms (default)
2019-07-16 14:30:00,505 INFO  server.RaftServerConfigKeys (ConfUtils.java:logGet(43)) - raft.server.write.element-limit = 4096 (default)
2019-07-16 14:30:00,505 INFO  server.RaftServerConfigKeys (ConfUtils.java:logGet(43)) - raft.server.watch.timeout = 10s (default)
2019-07-16 14:30:00,505 INFO  server.RaftServerConfigKeys (ConfUtils.java:logGet(43)) - raft.server.watch.timeout.denomination = 1s (default)
2019-07-16 14:30:00,505 INFO  server.RaftServerConfigKeys (ConfUtils.java:logGet(43)) - raft.server.watch.element-limit = 65536 (default)
2019-07-16 14:30:00,505 INFO  impl.RoleInfo (RoleInfo.java:updateAndGet(143)) - a0a358c4-b048-4014-9238-672f8f885af6: start LeaderState
2019-07-16 14:30:00,506 INFO  segmented.SegmentedRaftLogWorker (SegmentedRaftLogWorker.java:startLogSegment(380)) - a0a358c4-b048-4014-9238-672f8f885af6-SegmentedRaftLogWorker:Storage Directory /workdir/hadoop-ozone/integration-test/target/test-dir/MiniOzoneClusterImpl-479c7609-b74d-4220-beb1-8eefa524396f/datanode-5/data/ratis/6e0cca1f-c854-497f-98dc-0cde0f14d027: Starting segment from index:0
2019-07-16 14:30:00,506 INFO  impl.RaftServerImpl (ServerState.java:setRaftConf(361)) - a0a358c4-b048-4014-9238-672f8f885af6:group-0CDE0F14D027 set configuration 0: [a0a358c4-b048-4014-9238-672f8f885af6:192.168.157.241:33961], old=null at 0
2019-07-16 14:30:00,539 INFO  segmented.SegmentedRaftLogWorker (SegmentedRaftLogWorker.java:execute(569)) - a0a358c4-b048-4014-9238-672f8f885af6-SegmentedRaftLogWorker:Storage Directory /workdir/hadoop-ozone/integration-test/target/test-dir/MiniOzoneClusterImpl-479c7609-b74d-4220-beb1-8eefa524396f/datanode-5/data/ratis/6e0cca1f-c854-497f-98dc-0cde0f14d027: created new log segment /workdir/hadoop-ozone/integration-test/target/test-dir/MiniOzoneClusterImpl-479c7609-b74d-4220-beb1-8eefa524396f/datanode-5/data/ratis/6e0cca1f-c854-497f-98dc-0cde0f14d027/current/log_inprogress_0
2019-07-16 14:30:00,603 INFO  impl.FollowerState (FollowerState.java:run(106)) - 5014ae59-fdca-4c19-9f95-a5a895a6fc17:group-82E04F160310 changes to CANDIDATE, lastRpcTime:5090, electionTimeout:5090ms
2019-07-16 14:30:00,604 INFO  impl.RoleInfo (RoleInfo.java:shutdownFollowerState(121)) - 5014ae59-fdca-4c19-9f95-a5a895a6fc17: shutdown FollowerState
2019-07-16 14:30:00,604 INFO  impl.RaftServerImpl (RaftServerImpl.java:setRole(171)) - 5014ae59-fdca-4c19-9f95-a5a895a6fc17:group-82E04F160310 changes role from FOLLOWER to CANDIDATE at term 0 for changeToCandidate
2019-07-16 14:30:00,604 INFO  impl.RoleInfo (RoleInfo.java:updateAndGet(143)) - 5014ae59-fdca-4c19-9f95-a5a895a6fc17: start LeaderElection
2019-07-16 14:30:00,622 INFO  impl.LeaderElection (LeaderElection.java:askForVotes(181)) - 5014ae59-fdca-4c19-9f95-a5a895a6fc17:group-82E04F160310:LeaderElection97: begin an election at term 1 for -1: [a0a358c4-b048-4014-9238-672f8f885af6:192.168.157.241:33961, 5014ae59-fdca-4c19-9f95-a5a895a6fc17:192.168.157.241:33053, 66802454-a46f-43c1-848a-7c1fdabaf77c:192.168.157.241:44135], old=null
2019-07-16 14:30:00,627 INFO  impl.RaftServerImpl (RaftServerImpl.java:setRole(171)) - 66802454-a46f-43c1-848a-7c1fdabaf77c:group-82E04F160310 changes role from FOLLOWER to FOLLOWER at term 1 for recognizeCandidate:5014ae59-fdca-4c19-9f95-a5a895a6fc17
2019-07-16 14:30:00,627 INFO  impl.RaftServerImpl (RaftServerImpl.java:setRole(171)) - a0a358c4-b048-4014-9238-672f8f885af6:group-82E04F160310 changes role from FOLLOWER to FOLLOWER at term 1 for recognizeCandidate:5014ae59-fdca-4c19-9f95-a5a895a6fc17
2019-07-16 14:30:00,627 INFO  impl.RoleInfo (RoleInfo.java:shutdownFollowerState(121)) - 66802454-a46f-43c1-848a-7c1fdabaf77c: shutdown FollowerState
2019-07-16 14:30:00,628 INFO  impl.RoleInfo (RoleInfo.java:shutdownFollowerState(121)) - a0a358c4-b048-4014-9238-672f8f885af6: shutdown FollowerState
2019-07-16 14:30:00,628 INFO  impl.FollowerState (FollowerState.java:run(114)) - 66802454-a46f-43c1-848a-7c1fdabaf77c: FollowerState was interrupted: java.lang.InterruptedException: sleep interrupted
2019-07-16 14:30:00,628 INFO  impl.RoleInfo (RoleInfo.java:updateAndGet(143)) - 66802454-a46f-43c1-848a-7c1fdabaf77c: start FollowerState
2019-07-16 14:30:00,628 INFO  impl.FollowerState (FollowerState.java:run(114)) - a0a358c4-b048-4014-9238-672f8f885af6: FollowerState was interrupted: java.lang.InterruptedException: sleep interrupted
2019-07-16 14:30:00,628 INFO  impl.RoleInfo (RoleInfo.java:updateAndGet(143)) - a0a358c4-b048-4014-9238-672f8f885af6: start FollowerState
2019-07-16 14:30:00,653 INFO  impl.LeaderElection (LeaderElection.java:logAndReturn(56)) - 5014ae59-fdca-4c19-9f95-a5a895a6fc17:group-82E04F160310:LeaderElection97: Election PASSED; received 1 response(s) [5014ae59-fdca-4c19-9f95-a5a895a6fc17<-66802454-a46f-43c1-848a-7c1fdabaf77c#0:OK-t1] and 0 exception(s); 5014ae59-fdca-4c19-9f95-a5a895a6fc17:t1, leader=null, voted=5014ae59-fdca-4c19-9f95-a5a895a6fc17, raftlog=5014ae59-fdca-4c19-9f95-a5a895a6fc17-SegmentedRaftLog:OPENED:c-1,f-1,i0, conf=-1: [a0a358c4-b048-4014-9238-672f8f885af6:192.168.157.241:33961, 5014ae59-fdca-4c19-9f95-a5a895a6fc17:192.168.157.241:33053, 66802454-a46f-43c1-848a-7c1fdabaf77c:192.168.157.241:44135], old=null
2019-07-16 14:30:00,653 INFO  impl.RoleInfo (RoleInfo.java:shutdownLeaderElection(134)) - 5014ae59-fdca-4c19-9f95-a5a895a6fc17: shutdown LeaderElection
2019-07-16 14:30:00,656 INFO  impl.RaftServerImpl (RaftServerImpl.java:setRole(171)) - 5014ae59-fdca-4c19-9f95-a5a895a6fc17:group-82E04F160310 changes role from CANDIDATE to LEADER at term 1 for changeToLeader
2019-07-16 14:30:00,656 INFO  impl.RaftServerImpl (ServerState.java:setLeader(263)) - 5014ae59-fdca-4c19-9f95-a5a895a6fc17:group-82E04F160310 change Leader from null to 5014ae59-fdca-4c19-9f95-a5a895a6fc17 at term 1 for becomeLeader, leader elected after 5156ms
2019-07-16 14:30:00,657 INFO  server.RaftServerConfigKeys (ConfUtils.java:logGet(43)) - raft.server.staging.catchup.gap = 1000 (default)
2019-07-16 14:30:00,657 INFO  server.RaftServerConfigKeys (ConfUtils.java:logGet(43)) - raft.server.rpc.sleep.time = 25ms (default)
2019-07-16 14:30:00,657 INFO  server.RaftServerConfigKeys (ConfUtils.java:logGet(43)) - raft.server.write.element-limit = 4096 (default)
2019-07-16 14:30:00,657 INFO  server.RaftServerConfigKeys (ConfUtils.java:logGet(43)) - raft.server.watch.timeout = 10s (default)
2019-07-16 14:30:00,657 INFO  server.RaftServerConfigKeys (ConfUtils.java:logGet(43)) - raft.server.watch.timeout.denomination = 1s (default)
2019-07-16 14:30:00,657 INFO  server.RaftServerConfigKeys (ConfUtils.java:logGet(43)) - raft.server.watch.element-limit = 65536 (default)
2019-07-16 14:30:00,658 INFO  server.RaftServerConfigKeys (ConfUtils.java:logGet(43)) - raft.server.log.appender.snapshot.chunk.size.max = 16MB (=16777216) (default)
2019-07-16 14:30:00,658 INFO  server.RaftServerConfigKeys (ConfUtils.java:logGet(43)) - raft.server.log.appender.buffer.byte-limit = 33554432 (custom)
2019-07-16 14:30:00,658 INFO  server.RaftServerConfigKeys (ConfUtils.java:logGet(43)) - raft.server.log.appender.buffer.element-limit = 1 (custom)
2019-07-16 14:30:00,658 INFO  grpc.GrpcConfigKeys$Server (ConfUtils.java:logGet(43)) - raft.grpc.server.leader.outstanding.appends.max = 128 (default)
2019-07-16 14:30:00,659 INFO  server.RaftServerConfigKeys (ConfUtils.java:logGet(43)) - raft.server.rpc.request.timeout = 3000ms (default)
2019-07-16 14:30:00,659 INFO  server.RaftServerConfigKeys (ConfUtils.java:logGet(43)) - raft.server.log.appender.install.snapshot.enabled = false (custom)
2019-07-16 14:30:00,659 INFO  server.RaftServerConfigKeys (ConfUtils.java:logGet(43)) - raft.server.log.appender.snapshot.chunk.size.max = 16MB (=16777216) (default)
2019-07-16 14:30:00,659 INFO  server.RaftServerConfigKeys (ConfUtils.java:logGet(43)) - raft.server.log.appender.buffer.byte-limit = 33554432 (custom)
2019-07-16 14:30:00,659 INFO  server.RaftServerConfigKeys (ConfUtils.java:logGet(43)) - raft.server.log.appender.buffer.element-limit = 1 (custom)
2019-07-16 14:30:00,659 INFO  grpc.GrpcConfigKeys$Server (ConfUtils.java:logGet(43)) - raft.grpc.server.leader.outstanding.appends.max = 128 (default)
2019-07-16 14:30:00,660 INFO  server.RaftServerConfigKeys (ConfUtils.java:logGet(43)) - raft.server.rpc.request.timeout = 3000ms (default)
2019-07-16 14:30:00,660 INFO  server.RaftServerConfigKeys (ConfUtils.java:logGet(43)) - raft.server.log.appender.install.snapshot.enabled = false (custom)
2019-07-16 14:30:00,660 INFO  impl.RoleInfo (RoleInfo.java:updateAndGet(143)) - 5014ae59-fdca-4c19-9f95-a5a895a6fc17: start LeaderState
2019-07-16 14:30:00,660 INFO  segmented.SegmentedRaftLogWorker (SegmentedRaftLogWorker.java:startLogSegment(380)) - 5014ae59-fdca-4c19-9f95-a5a895a6fc17-SegmentedRaftLogWorker:Storage Directory /workdir/hadoop-ozone/integration-test/target/test-dir/MiniOzoneClusterImpl-479c7609-b74d-4220-beb1-8eefa524396f/datanode-3/data/ratis/546be26a-fca0-4559-a280-82e04f160310: Starting segment from index:0
2019-07-16 14:30:00,661 INFO  impl.RaftServerImpl (ServerState.java:setRaftConf(361)) - 5014ae59-fdca-4c19-9f95-a5a895a6fc17:group-82E04F160310 set configuration 0: [a0a358c4-b048-4014-9238-672f8f885af6:192.168.157.241:33961, 5014ae59-fdca-4c19-9f95-a5a895a6fc17:192.168.157.241:33053, 66802454-a46f-43c1-848a-7c1fdabaf77c:192.168.157.241:44135], old=null at 0
2019-07-16 14:30:00,687 INFO  impl.RaftServerImpl (ServerState.java:setLeader(263)) - a0a358c4-b048-4014-9238-672f8f885af6:group-82E04F160310 change Leader from null to 5014ae59-fdca-4c19-9f95-a5a895a6fc17 at term 1 for appendEntries, leader elected after 5187ms
2019-07-16 14:30:00,687 INFO  impl.RaftServerImpl (ServerState.java:setLeader(263)) - 66802454-a46f-43c1-848a-7c1fdabaf77c:group-82E04F160310 change Leader from null to 5014ae59-fdca-4c19-9f95-a5a895a6fc17 at term 1 for appendEntries, leader elected after 5187ms
2019-07-16 14:30:00,689 INFO  impl.RaftServerImpl (ServerState.java:setRaftConf(361)) - 66802454-a46f-43c1-848a-7c1fdabaf77c:group-82E04F160310 set configuration 0: [a0a358c4-b048-4014-9238-672f8f885af6:192.168.157.241:33961, 5014ae59-fdca-4c19-9f95-a5a895a6fc17:192.168.157.241:33053, 66802454-a46f-43c1-848a-7c1fdabaf77c:192.168.157.241:44135], old=null at 0
2019-07-16 14:30:00,689 INFO  impl.RaftServerImpl (ServerState.java:setRaftConf(361)) - a0a358c4-b048-4014-9238-672f8f885af6:group-82E04F160310 set configuration 0: [a0a358c4-b048-4014-9238-672f8f885af6:192.168.157.241:33961, 5014ae59-fdca-4c19-9f95-a5a895a6fc17:192.168.157.241:33053, 66802454-a46f-43c1-848a-7c1fdabaf77c:192.168.157.241:44135], old=null at 0
2019-07-16 14:30:00,690 INFO  segmented.SegmentedRaftLogWorker (SegmentedRaftLogWorker.java:startLogSegment(380)) - 66802454-a46f-43c1-848a-7c1fdabaf77c-SegmentedRaftLogWorker:Storage Directory /workdir/hadoop-ozone/integration-test/target/test-dir/MiniOzoneClusterImpl-479c7609-b74d-4220-beb1-8eefa524396f/datanode-4/data/ratis/546be26a-fca0-4559-a280-82e04f160310: Starting segment from index:0
2019-07-16 14:30:00,690 INFO  segmented.SegmentedRaftLogWorker (SegmentedRaftLogWorker.java:startLogSegment(380)) - a0a358c4-b048-4014-9238-672f8f885af6-SegmentedRaftLogWorker:Storage Directory /workdir/hadoop-ozone/integration-test/target/test-dir/MiniOzoneClusterImpl-479c7609-b74d-4220-beb1-8eefa524396f/datanode-5/data/ratis/546be26a-fca0-4559-a280-82e04f160310: Starting segment from index:0
2019-07-16 14:30:00,695 INFO  impl.FollowerState (FollowerState.java:run(106)) - 10576b7c-fc76-40a9-be35-e256424049b5:group-610C1CEA2A4C changes to CANDIDATE, lastRpcTime:5090, electionTimeout:5090ms
2019-07-16 14:30:00,695 INFO  segmented.SegmentedRaftLogWorker (SegmentedRaftLogWorker.java:execute(569)) - 5014ae59-fdca-4c19-9f95-a5a895a6fc17-SegmentedRaftLogWorker:Storage Directory /workdir/hadoop-ozone/integration-test/target/test-dir/MiniOzoneClusterImpl-479c7609-b74d-4220-beb1-8eefa524396f/datanode-3/data/ratis/546be26a-fca0-4559-a280-82e04f160310: created new log segment /workdir/hadoop-ozone/integration-test/target/test-dir/MiniOzoneClusterImpl-479c7609-b74d-4220-beb1-8eefa524396f/datanode-3/data/ratis/546be26a-fca0-4559-a280-82e04f160310/current/log_inprogress_0
2019-07-16 14:30:00,695 INFO  impl.RoleInfo (RoleInfo.java:shutdownFollowerState(121)) - 10576b7c-fc76-40a9-be35-e256424049b5: shutdown FollowerState
2019-07-16 14:30:00,695 INFO  impl.RaftServerImpl (RaftServerImpl.java:setRole(171)) - 10576b7c-fc76-40a9-be35-e256424049b5:group-610C1CEA2A4C changes role from FOLLOWER to CANDIDATE at term 0 for changeToCandidate
2019-07-16 14:30:00,696 INFO  impl.RoleInfo (RoleInfo.java:updateAndGet(143)) - 10576b7c-fc76-40a9-be35-e256424049b5: start LeaderElection
2019-07-16 14:30:00,727 INFO  segmented.SegmentedRaftLogWorker (SegmentedRaftLogWorker.java:execute(569)) - a0a358c4-b048-4014-9238-672f8f885af6-SegmentedRaftLogWorker:Storage Directory /workdir/hadoop-ozone/integration-test/target/test-dir/MiniOzoneClusterImpl-479c7609-b74d-4220-beb1-8eefa524396f/datanode-5/data/ratis/546be26a-fca0-4559-a280-82e04f160310: created new log segment /workdir/hadoop-ozone/integration-test/target/test-dir/MiniOzoneClusterImpl-479c7609-b74d-4220-beb1-8eefa524396f/datanode-5/data/ratis/546be26a-fca0-4559-a280-82e04f160310/current/log_inprogress_0
2019-07-16 14:30:00,727 INFO  impl.LeaderElection (LeaderElection.java:askForVotes(181)) - 10576b7c-fc76-40a9-be35-e256424049b5:group-610C1CEA2A4C:LeaderElection98: begin an election at term 1 for -1: [10576b7c-fc76-40a9-be35-e256424049b5:192.168.157.241:35634], old=null
2019-07-16 14:30:00,727 INFO  segmented.SegmentedRaftLogWorker (SegmentedRaftLogWorker.java:execute(569)) - 66802454-a46f-43c1-848a-7c1fdabaf77c-SegmentedRaftLogWorker:Storage Directory /workdir/hadoop-ozone/integration-test/target/test-dir/MiniOzoneClusterImpl-479c7609-b74d-4220-beb1-8eefa524396f/datanode-4/data/ratis/546be26a-fca0-4559-a280-82e04f160310: created new log segment /workdir/hadoop-ozone/integration-test/target/test-dir/MiniOzoneClusterImpl-479c7609-b74d-4220-beb1-8eefa524396f/datanode-4/data/ratis/546be26a-fca0-4559-a280-82e04f160310/current/log_inprogress_0
2019-07-16 14:30:00,727 INFO  impl.RoleInfo (RoleInfo.java:shutdownLeaderElection(134)) - 10576b7c-fc76-40a9-be35-e256424049b5: shutdown LeaderElection
2019-07-16 14:30:00,727 INFO  impl.RaftServerImpl (RaftServerImpl.java:setRole(171)) - 10576b7c-fc76-40a9-be35-e256424049b5:group-610C1CEA2A4C changes role from CANDIDATE to LEADER at term 1 for changeToLeader
2019-07-16 14:30:00,731 INFO  impl.RaftServerImpl (ServerState.java:setLeader(263)) - 10576b7c-fc76-40a9-be35-e256424049b5:group-610C1CEA2A4C change Leader from null to 10576b7c-fc76-40a9-be35-e256424049b5 at term 1 for becomeLeader, leader elected after 5130ms
2019-07-16 14:30:00,733 INFO  server.RaftServerConfigKeys (ConfUtils.java:logGet(43)) - raft.server.staging.catchup.gap = 1000 (default)
2019-07-16 14:30:00,734 INFO  server.RaftServerConfigKeys (ConfUtils.java:logGet(43)) - raft.server.rpc.sleep.time = 25ms (default)
2019-07-16 14:30:00,734 INFO  client.GrpcClientProtocolClient (GrpcClientProtocolClient.java:onNext(255)) - client-E33A5E6F4562->66802454-a46f-43c1-848a-7c1fdabaf77c: receive RaftClientReply:client-E33A5E6F4562->66802454-a46f-43c1-848a-7c1fdabaf77c@group-82E04F160310, cid=235, FAILED org.apache.ratis.protocol.NotLeaderException: Server 66802454-a46f-43c1-848a-7c1fdabaf77c is not the leader (5014ae59-fdca-4c19-9f95-a5a895a6fc17:192.168.157.241:33053). Request must be sent to leader., logIndex=0, commits[66802454-a46f-43c1-848a-7c1fdabaf77c:c-1, a0a358c4-b048-4014-9238-672f8f885af6:c-1, 5014ae59-fdca-4c19-9f95-a5a895a6fc17:c-1]
2019-07-16 14:30:00,734 INFO  server.RaftServerConfigKeys (ConfUtils.java:logGet(43)) - raft.server.write.element-limit = 4096 (default)
2019-07-16 14:30:00,734 INFO  server.RaftServerConfigKeys (ConfUtils.java:logGet(43)) - raft.server.watch.timeout = 10s (default)
2019-07-16 14:30:00,734 INFO  server.RaftServerConfigKeys (ConfUtils.java:logGet(43)) - raft.server.watch.timeout.denomination = 1s (default)
2019-07-16 14:30:00,734 INFO  server.RaftServerConfigKeys (ConfUtils.java:logGet(43)) - raft.server.watch.element-limit = 65536 (default)
2019-07-16 14:30:00,737 INFO  impl.RoleInfo (RoleInfo.java:updateAndGet(143)) - 10576b7c-fc76-40a9-be35-e256424049b5: start LeaderState
2019-07-16 14:30:00,737 INFO  segmented.SegmentedRaftLogWorker (SegmentedRaftLogWorker.java:startLogSegment(380)) - 10576b7c-fc76-40a9-be35-e256424049b5-SegmentedRaftLogWorker:Storage Directory /workdir/hadoop-ozone/integration-test/target/test-dir/MiniOzoneClusterImpl-479c7609-b74d-4220-beb1-8eefa524396f/datanode-6/data/ratis/a47cde60-5233-44db-8a1e-610c1cea2a4c: Starting segment from index:0
2019-07-16 14:30:00,738 INFO  impl.RaftServerImpl (ServerState.java:setRaftConf(361)) - 10576b7c-fc76-40a9-be35-e256424049b5:group-610C1CEA2A4C set configuration 0: [10576b7c-fc76-40a9-be35-e256424049b5:192.168.157.241:35634], old=null at 0
2019-07-16 14:30:00,780 INFO  segmented.SegmentedRaftLogWorker (SegmentedRaftLogWorker.java:execute(569)) - 10576b7c-fc76-40a9-be35-e256424049b5-SegmentedRaftLogWorker:Storage Directory /workdir/hadoop-ozone/integration-test/target/test-dir/MiniOzoneClusterImpl-479c7609-b74d-4220-beb1-8eefa524396f/datanode-6/data/ratis/a47cde60-5233-44db-8a1e-610c1cea2a4c: created new log segment /workdir/hadoop-ozone/integration-test/target/test-dir/MiniOzoneClusterImpl-479c7609-b74d-4220-beb1-8eefa524396f/datanode-6/data/ratis/a47cde60-5233-44db-8a1e-610c1cea2a4c/current/log_inprogress_0
2019-07-16 14:30:00,887 INFO  client.GrpcClientProtocolClient (GrpcClientProtocolClient.java:onNext(255)) - client-E33A5E6F4562->5014ae59-fdca-4c19-9f95-a5a895a6fc17: receive RaftClientReply:client-E33A5E6F4562->5014ae59-fdca-4c19-9f95-a5a895a6fc17@group-82E04F160310, cid=235, SUCCESS, logIndex=1, commits[5014ae59-fdca-4c19-9f95-a5a895a6fc17:c1, a0a358c4-b048-4014-9238-672f8f885af6:c0, 66802454-a46f-43c1-848a-7c1fdabaf77c:c0]
2019-07-16 14:30:00,917 INFO  client.GrpcClientProtocolClient (GrpcClientProtocolClient.java:onNext(255)) - client-E33A5E6F4562->5014ae59-fdca-4c19-9f95-a5a895a6fc17: receive RaftClientReply:client-E33A5E6F4562->5014ae59-fdca-4c19-9f95-a5a895a6fc17@group-82E04F160310, cid=236, SUCCESS, logIndex=3, commits[5014ae59-fdca-4c19-9f95-a5a895a6fc17:c4, a0a358c4-b048-4014-9238-672f8f885af6:c2, 66802454-a46f-43c1-848a-7c1fdabaf77c:c2]
2019-07-16 14:30:00,961 INFO  client.GrpcClientProtocolClient (GrpcClientProtocolClient.java:onNext(255)) - client-E33A5E6F4562->5014ae59-fdca-4c19-9f95-a5a895a6fc17: receive RaftClientReply:client-E33A5E6F4562->5014ae59-fdca-4c19-9f95-a5a895a6fc17@group-82E04F160310, cid=237, SUCCESS, logIndex=4, commits[5014ae59-fdca-4c19-9f95-a5a895a6fc17:c12, a0a358c4-b048-4014-9238-672f8f885af6:c7, 66802454-a46f-43c1-848a-7c1fdabaf77c:c7]
2019-07-16 14:30:00,962 INFO  client.GrpcClientProtocolClient (GrpcClientProtocolClient.java:onNext(255)) - client-E33A5E6F4562->5014ae59-fdca-4c19-9f95-a5a895a6fc17: receive RaftClientReply:client-E33A5E6F4562->5014ae59-fdca-4c19-9f95-a5a895a6fc17@group-82E04F160310, cid=238, SUCCESS, logIndex=5, commits[5014ae59-fdca-4c19-9f95-a5a895a6fc17:c12, a0a358c4-b048-4014-9238-672f8f885af6:c7, 66802454-a46f-43c1-848a-7c1fdabaf77c:c7]
2019-07-16 14:30:00,962 INFO  client.GrpcClientProtocolClient (GrpcClientProtocolClient.java:onNext(255)) - client-E33A5E6F4562->5014ae59-fdca-4c19-9f95-a5a895a6fc17: receive RaftClientReply:client-E33A5E6F4562->5014ae59-fdca-4c19-9f95-a5a895a6fc17@group-82E04F160310, cid=239, SUCCESS, logIndex=6, commits[5014ae59-fdca-4c19-9f95-a5a895a6fc17:c12, a0a358c4-b048-4014-9238-672f8f885af6:c7, 66802454-a46f-43c1-848a-7c1fdabaf77c:c7]
2019-07-16 14:30:01,058 INFO  client.GrpcClientProtocolClient (GrpcClientProtocolClient.java:onNext(255)) - client-E33A5E6F4562->5014ae59-fdca-4c19-9f95-a5a895a6fc17: receive RaftClientReply:client-E33A5E6F4562->5014ae59-fdca-4c19-9f95-a5a895a6fc17@group-82E04F160310, cid=240, SUCCESS, logIndex=7, commits[5014ae59-fdca-4c19-9f95-a5a895a6fc17:c12, a0a358c4-b048-4014-9238-672f8f885af6:c7, 66802454-a46f-43c1-848a-7c1fdabaf77c:c7]
2019-07-16 14:30:01,076 INFO  client.GrpcClientProtocolClient (GrpcClientProtocolClient.java:onNext(255)) - client-E33A5E6F4562->5014ae59-fdca-4c19-9f95-a5a895a6fc17: receive RaftClientReply:client-E33A5E6F4562->5014ae59-fdca-4c19-9f95-a5a895a6fc17@group-82E04F160310, cid=241, SUCCESS, logIndex=13, commits[5014ae59-fdca-4c19-9f95-a5a895a6fc17:c14, a0a358c4-b048-4014-9238-672f8f885af6:c12, 66802454-a46f-43c1-848a-7c1fdabaf77c:c12]
2019-07-16 14:30:01,077 INFO  client.GrpcClientProtocolClient (GrpcClientProtocolClient.java:onNext(255)) - client-E33A5E6F4562->5014ae59-fdca-4c19-9f95-a5a895a6fc17: receive RaftClientReply:client-E33A5E6F4562->5014ae59-fdca-4c19-9f95-a5a895a6fc17@group-82E04F160310, cid=242, SUCCESS, logIndex=14, commits[5014ae59-fdca-4c19-9f95-a5a895a6fc17:c14, a0a358c4-b048-4014-9238-672f8f885af6:c12, 66802454-a46f-43c1-848a-7c1fdabaf77c:c12]
2019-07-16 14:30:01,093 INFO  client.GrpcClientProtocolClient (GrpcClientProtocolClient.java:onNext(255)) - client-E33A5E6F4562->5014ae59-fdca-4c19-9f95-a5a895a6fc17: receive RaftClientReply:client-E33A5E6F4562->5014ae59-fdca-4c19-9f95-a5a895a6fc17@group-82E04F160310, cid=243, SUCCESS, logIndex=0, commits[5014ae59-fdca-4c19-9f95-a5a895a6fc17:c15, a0a358c4-b048-4014-9238-672f8f885af6:c14, 66802454-a46f-43c1-848a-7c1fdabaf77c:c14]
2019-07-16 14:30:01,094 INFO  container.CloseContainerEventHandler (CloseContainerEventHandler.java:onMessage(61)) - Close container Event triggered for container : #1
2019-07-16 14:30:01,095 INFO  container.CloseContainerEventHandler (CloseContainerEventHandler.java:onMessage(61)) - Close container Event triggered for container : #1
2019-07-16 14:30:01,096 INFO  container.CloseContainerEventHandler (CloseContainerEventHandler.java:onMessage(61)) - Close container Event triggered for container : #1
2019-07-16 14:30:02,102 INFO  interfaces.Container (KeyValueContainer.java:compactDB(356)) - Container 1 is closed with bcsId 14.
2019-07-16 14:30:02,142 INFO  interfaces.Container (KeyValueContainer.java:compactDB(356)) - Container 1 is closed with bcsId 14.
2019-07-16 14:30:02,142 INFO  interfaces.Container (KeyValueContainer.java:compactDB(356)) - Container 1 is closed with bcsId 14.
14:30:02.597 [grpc-default-executor-3] ERROR DNAudit - user=null | ip=null | op=WRITE_CHUNK {blockData=conID: 1 locID: 102451602826985491 bcsId: 14} | ret=FAILURE
org.apache.hadoop.hdds.scm.container.common.helpers.ContainerNotOpenException: Container 1 in CLOSED state
	at org.apache.hadoop.ozone.container.common.impl.HddsDispatcher.validateContainerCommand(HddsDispatcher.java:408) ~[hadoop-hdds-container-service-0.5.0-SNAPSHOT.jar:?]
	at org.apache.hadoop.ozone.container.common.transport.server.ratis.ContainerStateMachine.startTransaction(ContainerStateMachine.java:272) ~[hadoop-hdds-container-service-0.5.0-SNAPSHOT.jar:?]
	at org.apache.ratis.server.impl.RaftServerImpl.submitClientRequestAsync(RaftServerImpl.java:566) ~[ratis-server-0.4.0-2337318-SNAPSHOT.jar:0.4.0-2337318-SNAPSHOT]
	at org.apache.ratis.server.impl.RaftServerProxy.lambda$submitClientRequestAsync$7(RaftServerProxy.java:333) ~[ratis-server-0.4.0-2337318-SNAPSHOT.jar:0.4.0-2337318-SNAPSHOT]
	at org.apache.ratis.server.impl.RaftServerProxy.lambda$null$5(RaftServerProxy.java:328) ~[ratis-server-0.4.0-2337318-SNAPSHOT.jar:0.4.0-2337318-SNAPSHOT]
	at org.apache.ratis.util.JavaUtils.callAsUnchecked(JavaUtils.java:109) ~[ratis-common-0.4.0-2337318-SNAPSHOT.jar:0.4.0-2337318-SNAPSHOT]
	at org.apache.ratis.server.impl.RaftServerProxy.lambda$submitRequest$6(RaftServerProxy.java:328) ~[ratis-server-0.4.0-2337318-SNAPSHOT.jar:0.4.0-2337318-SNAPSHOT]
	at java.util.concurrent.CompletableFuture.uniComposeStage(CompletableFuture.java:981) ~[?:1.8.0_212]
	at java.util.concurrent.CompletableFuture.thenCompose(CompletableFuture.java:2124) ~[?:1.8.0_212]
	at org.apache.ratis.server.impl.RaftServerProxy.submitRequest(RaftServerProxy.java:327) ~[ratis-server-0.4.0-2337318-SNAPSHOT.jar:0.4.0-2337318-SNAPSHOT]
	at org.apache.ratis.server.impl.RaftServerProxy.submitClientRequestAsync(RaftServerProxy.java:333) ~[ratis-server-0.4.0-2337318-SNAPSHOT.jar:0.4.0-2337318-SNAPSHOT]
	at org.apache.ratis.grpc.client.GrpcClientProtocolService$RequestStreamObserver.processClientRequest(GrpcClientProtocolService.java:220) ~[ratis-grpc-0.4.0-2337318-SNAPSHOT.jar:0.4.0-2337318-SNAPSHOT]
	at org.apache.ratis.grpc.client.GrpcClientProtocolService$OrderedRequestStreamObserver.processClientRequest(GrpcClientProtocolService.java:326) ~[ratis-grpc-0.4.0-2337318-SNAPSHOT.jar:0.4.0-2337318-SNAPSHOT]
	at org.apache.ratis.util.SlidingWindow$Server.processRequestsFromHead(SlidingWindow.java:429) [ratis-common-0.4.0-2337318-SNAPSHOT.jar:0.4.0-2337318-SNAPSHOT]
	at org.apache.ratis.util.SlidingWindow$Server.receivedRequest(SlidingWindow.java:421) [ratis-common-0.4.0-2337318-SNAPSHOT.jar:0.4.0-2337318-SNAPSHOT]
	at org.apache.ratis.grpc.client.GrpcClientProtocolService$OrderedRequestStreamObserver.processClientRequest(GrpcClientProtocolService.java:345) [ratis-grpc-0.4.0-2337318-SNAPSHOT.jar:0.4.0-2337318-SNAPSHOT]
	at org.apache.ratis.grpc.client.GrpcClientProtocolService$RequestStreamObserver.onNext(GrpcClientProtocolService.java:240) [ratis-grpc-0.4.0-2337318-SNAPSHOT.jar:0.4.0-2337318-SNAPSHOT]
	at org.apache.ratis.grpc.client.GrpcClientProtocolService$RequestStreamObserver.onNext(GrpcClientProtocolService.java:168) [ratis-grpc-0.4.0-2337318-SNAPSHOT.jar:0.4.0-2337318-SNAPSHOT]
	at org.apache.ratis.thirdparty.io.grpc.stub.ServerCalls$StreamingServerCallHandler$StreamingServerCallListener.onMessage(ServerCalls.java:248) [ratis-thirdparty-misc-0.2.0.jar:0.2.0]
	at org.apache.ratis.thirdparty.io.grpc.internal.ServerCallImpl$ServerStreamListenerImpl.messagesAvailable(ServerCallImpl.java:263) [ratis-thirdparty-misc-0.2.0.jar:0.2.0]
	at org.apache.ratis.thirdparty.io.grpc.internal.ServerImpl$JumpToApplicationThreadServerStreamListener$1MessagesAvailable.runInContext(ServerImpl.java:686) [ratis-thirdparty-misc-0.2.0.jar:0.2.0]
	at org.apache.ratis.thirdparty.io.grpc.internal.ContextRunnable.run(ContextRunnable.java:37) [ratis-thirdparty-misc-0.2.0.jar:0.2.0]
	at org.apache.ratis.thirdparty.io.grpc.internal.SerializingExecutor.run(SerializingExecutor.java:123) [ratis-thirdparty-misc-0.2.0.jar:0.2.0]
	at java.util.concurrent.ThreadPoolExecutor.runWorker(ThreadPoolExecutor.java:1149) [?:1.8.0_212]
	at java.util.concurrent.ThreadPoolExecutor$Worker.run(ThreadPoolExecutor.java:624) [?:1.8.0_212]
	at java.lang.Thread.run(Thread.java:748) [?:1.8.0_212]
14:30:02.600 [grpc-default-executor-3] ERROR DNAudit - user=null | ip=null | op=WRITE_CHUNK {blockData=conID: 1 locID: 102451602826985491 bcsId: 14} | ret=FAILURE
org.apache.hadoop.hdds.scm.container.common.helpers.ContainerNotOpenException: Container 1 in CLOSED state
	at org.apache.hadoop.ozone.container.common.impl.HddsDispatcher.validateContainerCommand(HddsDispatcher.java:408) ~[hadoop-hdds-container-service-0.5.0-SNAPSHOT.jar:?]
	at org.apache.hadoop.ozone.container.common.transport.server.ratis.ContainerStateMachine.startTransaction(ContainerStateMachine.java:272) ~[hadoop-hdds-container-service-0.5.0-SNAPSHOT.jar:?]
	at org.apache.ratis.server.impl.RaftServerImpl.submitClientRequestAsync(RaftServerImpl.java:566) ~[ratis-server-0.4.0-2337318-SNAPSHOT.jar:0.4.0-2337318-SNAPSHOT]
	at org.apache.ratis.server.impl.RaftServerProxy.lambda$submitClientRequestAsync$7(RaftServerProxy.java:333) ~[ratis-server-0.4.0-2337318-SNAPSHOT.jar:0.4.0-2337318-SNAPSHOT]
	at org.apache.ratis.server.impl.RaftServerProxy.lambda$null$5(RaftServerProxy.java:328) ~[ratis-server-0.4.0-2337318-SNAPSHOT.jar:0.4.0-2337318-SNAPSHOT]
	at org.apache.ratis.util.JavaUtils.callAsUnchecked(JavaUtils.java:109) ~[ratis-common-0.4.0-2337318-SNAPSHOT.jar:0.4.0-2337318-SNAPSHOT]
	at org.apache.ratis.server.impl.RaftServerProxy.lambda$submitRequest$6(RaftServerProxy.java:328) ~[ratis-server-0.4.0-2337318-SNAPSHOT.jar:0.4.0-2337318-SNAPSHOT]
	at java.util.concurrent.CompletableFuture.uniComposeStage(CompletableFuture.java:981) ~[?:1.8.0_212]
	at java.util.concurrent.CompletableFuture.thenCompose(CompletableFuture.java:2124) ~[?:1.8.0_212]
	at org.apache.ratis.server.impl.RaftServerProxy.submitRequest(RaftServerProxy.java:327) ~[ratis-server-0.4.0-2337318-SNAPSHOT.jar:0.4.0-2337318-SNAPSHOT]
	at org.apache.ratis.server.impl.RaftServerProxy.submitClientRequestAsync(RaftServerProxy.java:333) ~[ratis-server-0.4.0-2337318-SNAPSHOT.jar:0.4.0-2337318-SNAPSHOT]
	at org.apache.ratis.grpc.client.GrpcClientProtocolService$RequestStreamObserver.processClientRequest(GrpcClientProtocolService.java:220) ~[ratis-grpc-0.4.0-2337318-SNAPSHOT.jar:0.4.0-2337318-SNAPSHOT]
	at org.apache.ratis.grpc.client.GrpcClientProtocolService$OrderedRequestStreamObserver.processClientRequest(GrpcClientProtocolService.java:326) ~[ratis-grpc-0.4.0-2337318-SNAPSHOT.jar:0.4.0-2337318-SNAPSHOT]
	at org.apache.ratis.util.SlidingWindow$Server.processRequestsFromHead(SlidingWindow.java:429) [ratis-common-0.4.0-2337318-SNAPSHOT.jar:0.4.0-2337318-SNAPSHOT]
	at org.apache.ratis.util.SlidingWindow$Server.receivedRequest(SlidingWindow.java:421) [ratis-common-0.4.0-2337318-SNAPSHOT.jar:0.4.0-2337318-SNAPSHOT]
	at org.apache.ratis.grpc.client.GrpcClientProtocolService$OrderedRequestStreamObserver.processClientRequest(GrpcClientProtocolService.java:345) [ratis-grpc-0.4.0-2337318-SNAPSHOT.jar:0.4.0-2337318-SNAPSHOT]
	at org.apache.ratis.grpc.client.GrpcClientProtocolService$RequestStreamObserver.onNext(GrpcClientProtocolService.java:240) [ratis-grpc-0.4.0-2337318-SNAPSHOT.jar:0.4.0-2337318-SNAPSHOT]
	at org.apache.ratis.grpc.client.GrpcClientProtocolService$RequestStreamObserver.onNext(GrpcClientProtocolService.java:168) [ratis-grpc-0.4.0-2337318-SNAPSHOT.jar:0.4.0-2337318-SNAPSHOT]
	at org.apache.ratis.thirdparty.io.grpc.stub.ServerCalls$StreamingServerCallHandler$StreamingServerCallListener.onMessage(ServerCalls.java:248) [ratis-thirdparty-misc-0.2.0.jar:0.2.0]
	at org.apache.ratis.thirdparty.io.grpc.internal.ServerCallImpl$ServerStreamListenerImpl.messagesAvailable(ServerCallImpl.java:263) [ratis-thirdparty-misc-0.2.0.jar:0.2.0]
	at org.apache.ratis.thirdparty.io.grpc.internal.ServerImpl$JumpToApplicationThreadServerStreamListener$1MessagesAvailable.runInContext(ServerImpl.java:686) [ratis-thirdparty-misc-0.2.0.jar:0.2.0]
	at org.apache.ratis.thirdparty.io.grpc.internal.ContextRunnable.run(ContextRunnable.java:37) [ratis-thirdparty-misc-0.2.0.jar:0.2.0]
	at org.apache.ratis.thirdparty.io.grpc.internal.SerializingExecutor.run(SerializingExecutor.java:123) [ratis-thirdparty-misc-0.2.0.jar:0.2.0]
	at java.util.concurrent.ThreadPoolExecutor.runWorker(ThreadPoolExecutor.java:1149) [?:1.8.0_212]
	at java.util.concurrent.ThreadPoolExecutor$Worker.run(ThreadPoolExecutor.java:624) [?:1.8.0_212]
	at java.lang.Thread.run(Thread.java:748) [?:1.8.0_212]
2019-07-16 14:30:02,617 INFO  client.GrpcClientProtocolClient (GrpcClientProtocolClient.java:onNext(255)) - client-E33A5E6F4562->5014ae59-fdca-4c19-9f95-a5a895a6fc17: receive RaftClientReply:client-E33A5E6F4562->5014ae59-fdca-4c19-9f95-a5a895a6fc17@group-82E04F160310, cid=244, FAILED org.apache.ratis.protocol.StateMachineException: org.apache.hadoop.hdds.scm.container.common.helpers.ContainerNotOpenException from Server 5014ae59-fdca-4c19-9f95-a5a895a6fc17: Container 1 in CLOSED state, logIndex=0, commits[5014ae59-fdca-4c19-9f95-a5a895a6fc17:c18, a0a358c4-b048-4014-9238-672f8f885af6:c17, 66802454-a46f-43c1-848a-7c1fdabaf77c:c17]
14:30:02.617 [grpc-default-executor-3] ERROR DNAudit - user=null | ip=null | op=PUT_BLOCK {blockData=[blockId=conID: 1 locID: 102451602826985491 bcsId: 0,size=650]} | ret=FAILURE
org.apache.hadoop.hdds.scm.container.common.helpers.ContainerNotOpenException: Container 1 in CLOSED state
	at org.apache.hadoop.ozone.container.common.impl.HddsDispatcher.validateContainerCommand(HddsDispatcher.java:408) ~[hadoop-hdds-container-service-0.5.0-SNAPSHOT.jar:?]
	at org.apache.hadoop.ozone.container.common.transport.server.ratis.ContainerStateMachine.startTransaction(ContainerStateMachine.java:272) ~[hadoop-hdds-container-service-0.5.0-SNAPSHOT.jar:?]
	at org.apache.ratis.server.impl.RaftServerImpl.submitClientRequestAsync(RaftServerImpl.java:566) ~[ratis-server-0.4.0-2337318-SNAPSHOT.jar:0.4.0-2337318-SNAPSHOT]
	at org.apache.ratis.server.impl.RaftServerProxy.lambda$submitClientRequestAsync$7(RaftServerProxy.java:333) ~[ratis-server-0.4.0-2337318-SNAPSHOT.jar:0.4.0-2337318-SNAPSHOT]
	at org.apache.ratis.server.impl.RaftServerProxy.lambda$null$5(RaftServerProxy.java:328) ~[ratis-server-0.4.0-2337318-SNAPSHOT.jar:0.4.0-2337318-SNAPSHOT]
	at org.apache.ratis.util.JavaUtils.callAsUnchecked(JavaUtils.java:109) ~[ratis-common-0.4.0-2337318-SNAPSHOT.jar:0.4.0-2337318-SNAPSHOT]
	at org.apache.ratis.server.impl.RaftServerProxy.lambda$submitRequest$6(RaftServerProxy.java:328) ~[ratis-server-0.4.0-2337318-SNAPSHOT.jar:0.4.0-2337318-SNAPSHOT]
	at java.util.concurrent.CompletableFuture.uniComposeStage(CompletableFuture.java:981) ~[?:1.8.0_212]
	at java.util.concurrent.CompletableFuture.thenCompose(CompletableFuture.java:2124) ~[?:1.8.0_212]
	at org.apache.ratis.server.impl.RaftServerProxy.submitRequest(RaftServerProxy.java:327) ~[ratis-server-0.4.0-2337318-SNAPSHOT.jar:0.4.0-2337318-SNAPSHOT]
	at org.apache.ratis.server.impl.RaftServerProxy.submitClientRequestAsync(RaftServerProxy.java:333) ~[ratis-server-0.4.0-2337318-SNAPSHOT.jar:0.4.0-2337318-SNAPSHOT]
	at org.apache.ratis.grpc.client.GrpcClientProtocolService$RequestStreamObserver.processClientRequest(GrpcClientProtocolService.java:220) ~[ratis-grpc-0.4.0-2337318-SNAPSHOT.jar:0.4.0-2337318-SNAPSHOT]
	at org.apache.ratis.grpc.client.GrpcClientProtocolService$OrderedRequestStreamObserver.processClientRequest(GrpcClientProtocolService.java:326) ~[ratis-grpc-0.4.0-2337318-SNAPSHOT.jar:0.4.0-2337318-SNAPSHOT]
	at org.apache.ratis.util.SlidingWindow$Server.processRequestsFromHead(SlidingWindow.java:429) [ratis-common-0.4.0-2337318-SNAPSHOT.jar:0.4.0-2337318-SNAPSHOT]
	at org.apache.ratis.util.SlidingWindow$Server.receivedRequest(SlidingWindow.java:421) [ratis-common-0.4.0-2337318-SNAPSHOT.jar:0.4.0-2337318-SNAPSHOT]
	at org.apache.ratis.grpc.client.GrpcClientProtocolService$OrderedRequestStreamObserver.processClientRequest(GrpcClientProtocolService.java:345) [ratis-grpc-0.4.0-2337318-SNAPSHOT.jar:0.4.0-2337318-SNAPSHOT]
	at org.apache.ratis.grpc.client.GrpcClientProtocolService$RequestStreamObserver.onNext(GrpcClientProtocolService.java:240) [ratis-grpc-0.4.0-2337318-SNAPSHOT.jar:0.4.0-2337318-SNAPSHOT]
	at org.apache.ratis.grpc.client.GrpcClientProtocolService$RequestStreamObserver.onNext(GrpcClientProtocolService.java:168) [ratis-grpc-0.4.0-2337318-SNAPSHOT.jar:0.4.0-2337318-SNAPSHOT]
	at org.apache.ratis.thirdparty.io.grpc.stub.ServerCalls$StreamingServerCallHandler$StreamingServerCallListener.onMessage(ServerCalls.java:248) [ratis-thirdparty-misc-0.2.0.jar:0.2.0]
	at org.apache.ratis.thirdparty.io.grpc.internal.ServerCallImpl$ServerStreamListenerImpl.messagesAvailable(ServerCallImpl.java:263) [ratis-thirdparty-misc-0.2.0.jar:0.2.0]
	at org.apache.ratis.thirdparty.io.grpc.internal.ServerImpl$JumpToApplicationThreadServerStreamListener$1MessagesAvailable.runInContext(ServerImpl.java:686) [ratis-thirdparty-misc-0.2.0.jar:0.2.0]
	at org.apache.ratis.thirdparty.io.grpc.internal.ContextRunnable.run(ContextRunnable.java:37) [ratis-thirdparty-misc-0.2.0.jar:0.2.0]
	at org.apache.ratis.thirdparty.io.grpc.internal.SerializingExecutor.run(SerializingExecutor.java:123) [ratis-thirdparty-misc-0.2.0.jar:0.2.0]
	at java.util.concurrent.ThreadPoolExecutor.runWorker(ThreadPoolExecutor.java:1149) [?:1.8.0_212]
	at java.util.concurrent.ThreadPoolExecutor$Worker.run(ThreadPoolExecutor.java:624) [?:1.8.0_212]
	at java.lang.Thread.run(Thread.java:748) [?:1.8.0_212]
2019-07-16 14:30:02,619 INFO  client.GrpcClientProtocolClient (GrpcClientProtocolClient.java:onNext(255)) - client-E33A5E6F4562->5014ae59-fdca-4c19-9f95-a5a895a6fc17: receive RaftClientReply:client-E33A5E6F4562->5014ae59-fdca-4c19-9f95-a5a895a6fc17@group-82E04F160310, cid=245, FAILED org.apache.ratis.protocol.StateMachineException: org.apache.hadoop.hdds.scm.container.common.helpers.ContainerNotOpenException from Server 5014ae59-fdca-4c19-9f95-a5a895a6fc17: Container 1 in CLOSED state, logIndex=0, commits[5014ae59-fdca-4c19-9f95-a5a895a6fc17:c18, a0a358c4-b048-4014-9238-672f8f885af6:c17, 66802454-a46f-43c1-848a-7c1fdabaf77c:c17]
14:30:02.619 [grpc-default-executor-3] ERROR DNAudit - user=null | ip=null | op=WRITE_CHUNK {blockData=conID: 1 locID: 102451602826985491 bcsId: 14} | ret=FAILURE
org.apache.hadoop.hdds.scm.container.common.helpers.ContainerNotOpenException: Container 1 in CLOSED state
	at org.apache.hadoop.ozone.container.common.impl.HddsDispatcher.validateContainerCommand(HddsDispatcher.java:408) ~[hadoop-hdds-container-service-0.5.0-SNAPSHOT.jar:?]
	at org.apache.hadoop.ozone.container.common.transport.server.ratis.ContainerStateMachine.startTransaction(ContainerStateMachine.java:272) ~[hadoop-hdds-container-service-0.5.0-SNAPSHOT.jar:?]
	at org.apache.ratis.server.impl.RaftServerImpl.submitClientRequestAsync(RaftServerImpl.java:566) ~[ratis-server-0.4.0-2337318-SNAPSHOT.jar:0.4.0-2337318-SNAPSHOT]
	at org.apache.ratis.server.impl.RaftServerProxy.lambda$submitClientRequestAsync$7(RaftServerProxy.java:333) ~[ratis-server-0.4.0-2337318-SNAPSHOT.jar:0.4.0-2337318-SNAPSHOT]
	at org.apache.ratis.server.impl.RaftServerProxy.lambda$null$5(RaftServerProxy.java:328) ~[ratis-server-0.4.0-2337318-SNAPSHOT.jar:0.4.0-2337318-SNAPSHOT]
	at org.apache.ratis.util.JavaUtils.callAsUnchecked(JavaUtils.java:109) ~[ratis-common-0.4.0-2337318-SNAPSHOT.jar:0.4.0-2337318-SNAPSHOT]
	at org.apache.ratis.server.impl.RaftServerProxy.lambda$submitRequest$6(RaftServerProxy.java:328) ~[ratis-server-0.4.0-2337318-SNAPSHOT.jar:0.4.0-2337318-SNAPSHOT]
	at java.util.concurrent.CompletableFuture.uniComposeStage(CompletableFuture.java:981) ~[?:1.8.0_212]
	at java.util.concurrent.CompletableFuture.thenCompose(CompletableFuture.java:2124) ~[?:1.8.0_212]
	at org.apache.ratis.server.impl.RaftServerProxy.submitRequest(RaftServerProxy.java:327) ~[ratis-server-0.4.0-2337318-SNAPSHOT.jar:0.4.0-2337318-SNAPSHOT]
	at org.apache.ratis.server.impl.RaftServerProxy.submitClientRequestAsync(RaftServerProxy.java:333) ~[ratis-server-0.4.0-2337318-SNAPSHOT.jar:0.4.0-2337318-SNAPSHOT]
	at org.apache.ratis.grpc.client.GrpcClientProtocolService$RequestStreamObserver.processClientRequest(GrpcClientProtocolService.java:220) ~[ratis-grpc-0.4.0-2337318-SNAPSHOT.jar:0.4.0-2337318-SNAPSHOT]
	at org.apache.ratis.grpc.client.GrpcClientProtocolService$OrderedRequestStreamObserver.processClientRequest(GrpcClientProtocolService.java:326) ~[ratis-grpc-0.4.0-2337318-SNAPSHOT.jar:0.4.0-2337318-SNAPSHOT]
	at org.apache.ratis.util.SlidingWindow$Server.processRequestsFromHead(SlidingWindow.java:429) [ratis-common-0.4.0-2337318-SNAPSHOT.jar:0.4.0-2337318-SNAPSHOT]
	at org.apache.ratis.util.SlidingWindow$Server.receivedRequest(SlidingWindow.java:421) [ratis-common-0.4.0-2337318-SNAPSHOT.jar:0.4.0-2337318-SNAPSHOT]
	at org.apache.ratis.grpc.client.GrpcClientProtocolService$OrderedRequestStreamObserver.processClientRequest(GrpcClientProtocolService.java:345) [ratis-grpc-0.4.0-2337318-SNAPSHOT.jar:0.4.0-2337318-SNAPSHOT]
	at org.apache.ratis.grpc.client.GrpcClientProtocolService$RequestStreamObserver.onNext(GrpcClientProtocolService.java:240) [ratis-grpc-0.4.0-2337318-SNAPSHOT.jar:0.4.0-2337318-SNAPSHOT]
	at org.apache.ratis.grpc.client.GrpcClientProtocolService$RequestStreamObserver.onNext(GrpcClientProtocolService.java:168) [ratis-grpc-0.4.0-2337318-SNAPSHOT.jar:0.4.0-2337318-SNAPSHOT]
	at org.apache.ratis.thirdparty.io.grpc.stub.ServerCalls$StreamingServerCallHandler$StreamingServerCallListener.onMessage(ServerCalls.java:248) [ratis-thirdparty-misc-0.2.0.jar:0.2.0]
	at org.apache.ratis.thirdparty.io.grpc.internal.ServerCallImpl$ServerStreamListenerImpl.messagesAvailable(ServerCallImpl.java:263) [ratis-thirdparty-misc-0.2.0.jar:0.2.0]
	at org.apache.ratis.thirdparty.io.grpc.internal.ServerImpl$JumpToApplicationThreadServerStreamListener$1MessagesAvailable.runInContext(ServerImpl.java:686) [ratis-thirdparty-misc-0.2.0.jar:0.2.0]
	at org.apache.ratis.thirdparty.io.grpc.internal.ContextRunnable.run(ContextRunnable.java:37) [ratis-thirdparty-misc-0.2.0.jar:0.2.0]
	at org.apache.ratis.thirdparty.io.grpc.internal.SerializingExecutor.run(SerializingExecutor.java:123) [ratis-thirdparty-misc-0.2.0.jar:0.2.0]
	at java.util.concurrent.ThreadPoolExecutor.runWorker(ThreadPoolExecutor.java:1149) [?:1.8.0_212]
	at java.util.concurrent.ThreadPoolExecutor$Worker.run(ThreadPoolExecutor.java:624) [?:1.8.0_212]
	at java.lang.Thread.run(Thread.java:748) [?:1.8.0_212]
2019-07-16 14:30:02,633 INFO  client.GrpcClientProtocolClient (GrpcClientProtocolClient.java:onNext(255)) - client-E33A5E6F4562->5014ae59-fdca-4c19-9f95-a5a895a6fc17: receive RaftClientReply:client-E33A5E6F4562->5014ae59-fdca-4c19-9f95-a5a895a6fc17@group-82E04F160310, cid=246, FAILED org.apache.ratis.protocol.StateMachineException: org.apache.hadoop.hdds.scm.container.common.helpers.ContainerNotOpenException from Server 5014ae59-fdca-4c19-9f95-a5a895a6fc17: Container 1 in CLOSED state, logIndex=0, commits[5014ae59-fdca-4c19-9f95-a5a895a6fc17:c18, a0a358c4-b048-4014-9238-672f8f885af6:c17, 66802454-a46f-43c1-848a-7c1fdabaf77c:c17]
14:30:02.633 [grpc-default-executor-3] ERROR DNAudit - user=null | ip=null | op=WRITE_CHUNK {blockData=conID: 1 locID: 102451602826985491 bcsId: 14} | ret=FAILURE
org.apache.hadoop.hdds.scm.container.common.helpers.ContainerNotOpenException: Container 1 in CLOSED state
	at org.apache.hadoop.ozone.container.common.impl.HddsDispatcher.validateContainerCommand(HddsDispatcher.java:408) ~[hadoop-hdds-container-service-0.5.0-SNAPSHOT.jar:?]
	at org.apache.hadoop.ozone.container.common.transport.server.ratis.ContainerStateMachine.startTransaction(ContainerStateMachine.java:272) ~[hadoop-hdds-container-service-0.5.0-SNAPSHOT.jar:?]
	at org.apache.ratis.server.impl.RaftServerImpl.submitClientRequestAsync(RaftServerImpl.java:566) ~[ratis-server-0.4.0-2337318-SNAPSHOT.jar:0.4.0-2337318-SNAPSHOT]
	at org.apache.ratis.server.impl.RaftServerProxy.lambda$submitClientRequestAsync$7(RaftServerProxy.java:333) ~[ratis-server-0.4.0-2337318-SNAPSHOT.jar:0.4.0-2337318-SNAPSHOT]
	at org.apache.ratis.server.impl.RaftServerProxy.lambda$null$5(RaftServerProxy.java:328) ~[ratis-server-0.4.0-2337318-SNAPSHOT.jar:0.4.0-2337318-SNAPSHOT]
	at org.apache.ratis.util.JavaUtils.callAsUnchecked(JavaUtils.java:109) ~[ratis-common-0.4.0-2337318-SNAPSHOT.jar:0.4.0-2337318-SNAPSHOT]
	at org.apache.ratis.server.impl.RaftServerProxy.lambda$submitRequest$6(RaftServerProxy.java:328) ~[ratis-server-0.4.0-2337318-SNAPSHOT.jar:0.4.0-2337318-SNAPSHOT]
	at java.util.concurrent.CompletableFuture.uniComposeStage(CompletableFuture.java:981) ~[?:1.8.0_212]
	at java.util.concurrent.CompletableFuture.thenCompose(CompletableFuture.java:2124) ~[?:1.8.0_212]
	at org.apache.ratis.server.impl.RaftServerProxy.submitRequest(RaftServerProxy.java:327) ~[ratis-server-0.4.0-2337318-SNAPSHOT.jar:0.4.0-2337318-SNAPSHOT]
	at org.apache.ratis.server.impl.RaftServerProxy.submitClientRequestAsync(RaftServerProxy.java:333) ~[ratis-server-0.4.0-2337318-SNAPSHOT.jar:0.4.0-2337318-SNAPSHOT]
	at org.apache.ratis.grpc.client.GrpcClientProtocolService$RequestStreamObserver.processClientRequest(GrpcClientProtocolService.java:220) ~[ratis-grpc-0.4.0-2337318-SNAPSHOT.jar:0.4.0-2337318-SNAPSHOT]
	at org.apache.ratis.grpc.client.GrpcClientProtocolService$OrderedRequestStreamObserver.processClientRequest(GrpcClientProtocolService.java:326) ~[ratis-grpc-0.4.0-2337318-SNAPSHOT.jar:0.4.0-2337318-SNAPSHOT]
	at org.apache.ratis.util.SlidingWindow$Server.processRequestsFromHead(SlidingWindow.java:429) [ratis-common-0.4.0-2337318-SNAPSHOT.jar:0.4.0-2337318-SNAPSHOT]
	at org.apache.ratis.util.SlidingWindow$Server.receivedRequest(SlidingWindow.java:421) [ratis-common-0.4.0-2337318-SNAPSHOT.jar:0.4.0-2337318-SNAPSHOT]
	at org.apache.ratis.grpc.client.GrpcClientProtocolService$OrderedRequestStreamObserver.processClientRequest(GrpcClientProtocolService.java:345) [ratis-grpc-0.4.0-2337318-SNAPSHOT.jar:0.4.0-2337318-SNAPSHOT]
	at org.apache.ratis.grpc.client.GrpcClientProtocolService$RequestStreamObserver.onNext(GrpcClientProtocolService.java:240) [ratis-grpc-0.4.0-2337318-SNAPSHOT.jar:0.4.0-2337318-SNAPSHOT]
	at org.apache.ratis.grpc.client.GrpcClientProtocolService$RequestStreamObserver.onNext(GrpcClientProtocolService.java:168) [ratis-grpc-0.4.0-2337318-SNAPSHOT.jar:0.4.0-2337318-SNAPSHOT]
	at org.apache.ratis.thirdparty.io.grpc.stub.ServerCalls$StreamingServerCallHandler$StreamingServerCallListener.onMessage(ServerCalls.java:248) [ratis-thirdparty-misc-0.2.0.jar:0.2.0]
	at org.apache.ratis.thirdparty.io.grpc.internal.ServerCallImpl$ServerStreamListenerImpl.messagesAvailable(ServerCallImpl.java:263) [ratis-thirdparty-misc-0.2.0.jar:0.2.0]
	at org.apache.ratis.thirdparty.io.grpc.internal.ServerImpl$JumpToApplicationThreadServerStreamListener$1MessagesAvailable.runInContext(ServerImpl.java:686) [ratis-thirdparty-misc-0.2.0.jar:0.2.0]
	at org.apache.ratis.thirdparty.io.grpc.internal.ContextRunnable.run(ContextRunnable.java:37) [ratis-thirdparty-misc-0.2.0.jar:0.2.0]
	at org.apache.ratis.thirdparty.io.grpc.internal.SerializingExecutor.run(SerializingExecutor.java:123) [ratis-thirdparty-misc-0.2.0.jar:0.2.0]
	at java.util.concurrent.ThreadPoolExecutor.runWorker(ThreadPoolExecutor.java:1149) [?:1.8.0_212]
	at java.util.concurrent.ThreadPoolExecutor$Worker.run(ThreadPoolExecutor.java:624) [?:1.8.0_212]
	at java.lang.Thread.run(Thread.java:748) [?:1.8.0_212]
2019-07-16 14:30:02,634 INFO  client.GrpcClientProtocolClient (GrpcClientProtocolClient.java:onNext(255)) - client-E33A5E6F4562->5014ae59-fdca-4c19-9f95-a5a895a6fc17: receive RaftClientReply:client-E33A5E6F4562->5014ae59-fdca-4c19-9f95-a5a895a6fc17@group-82E04F160310, cid=247, FAILED org.apache.ratis.protocol.StateMachineException: org.apache.hadoop.hdds.scm.container.common.helpers.ContainerNotOpenException from Server 5014ae59-fdca-4c19-9f95-a5a895a6fc17: Container 1 in CLOSED state, logIndex=0, commits[5014ae59-fdca-4c19-9f95-a5a895a6fc17:c18, a0a358c4-b048-4014-9238-672f8f885af6:c17, 66802454-a46f-43c1-848a-7c1fdabaf77c:c17]
14:30:02.641 [grpc-default-executor-3] ERROR DNAudit - user=null | ip=null | op=PUT_BLOCK {blockData=[blockId=conID: 1 locID: 102451602826985491 bcsId: 0,size=800]} | ret=FAILURE
org.apache.hadoop.hdds.scm.container.common.helpers.ContainerNotOpenException: Container 1 in CLOSED state
	at org.apache.hadoop.ozone.container.common.impl.HddsDispatcher.validateContainerCommand(HddsDispatcher.java:408) ~[hadoop-hdds-container-service-0.5.0-SNAPSHOT.jar:?]
	at org.apache.hadoop.ozone.container.common.transport.server.ratis.ContainerStateMachine.startTransaction(ContainerStateMachine.java:272) ~[hadoop-hdds-container-service-0.5.0-SNAPSHOT.jar:?]
	at org.apache.ratis.server.impl.RaftServerImpl.submitClientRequestAsync(RaftServerImpl.java:566) ~[ratis-server-0.4.0-2337318-SNAPSHOT.jar:0.4.0-2337318-SNAPSHOT]
	at org.apache.ratis.server.impl.RaftServerProxy.lambda$submitClientRequestAsync$7(RaftServerProxy.java:333) ~[ratis-server-0.4.0-2337318-SNAPSHOT.jar:0.4.0-2337318-SNAPSHOT]
	at org.apache.ratis.server.impl.RaftServerProxy.lambda$null$5(RaftServerProxy.java:328) ~[ratis-server-0.4.0-2337318-SNAPSHOT.jar:0.4.0-2337318-SNAPSHOT]
	at org.apache.ratis.util.JavaUtils.callAsUnchecked(JavaUtils.java:109) ~[ratis-common-0.4.0-2337318-SNAPSHOT.jar:0.4.0-2337318-SNAPSHOT]
	at org.apache.ratis.server.impl.RaftServerProxy.lambda$submitRequest$6(RaftServerProxy.java:328) ~[ratis-server-0.4.0-2337318-SNAPSHOT.jar:0.4.0-2337318-SNAPSHOT]
	at java.util.concurrent.CompletableFuture.uniComposeStage(CompletableFuture.java:981) ~[?:1.8.0_212]
	at java.util.concurrent.CompletableFuture.thenCompose(CompletableFuture.java:2124) ~[?:1.8.0_212]
	at org.apache.ratis.server.impl.RaftServerProxy.submitRequest(RaftServerProxy.java:327) ~[ratis-server-0.4.0-2337318-SNAPSHOT.jar:0.4.0-2337318-SNAPSHOT]
	at org.apache.ratis.server.impl.RaftServerProxy.submitClientRequestAsync(RaftServerProxy.java:333) ~[ratis-server-0.4.0-2337318-SNAPSHOT.jar:0.4.0-2337318-SNAPSHOT]
	at org.apache.ratis.grpc.client.GrpcClientProtocolService$RequestStreamObserver.processClientRequest(GrpcClientProtocolService.java:220) ~[ratis-grpc-0.4.0-2337318-SNAPSHOT.jar:0.4.0-2337318-SNAPSHOT]
	at org.apache.ratis.grpc.client.GrpcClientProtocolService$OrderedRequestStreamObserver.processClientRequest(GrpcClientProtocolService.java:326) ~[ratis-grpc-0.4.0-2337318-SNAPSHOT.jar:0.4.0-2337318-SNAPSHOT]
	at org.apache.ratis.util.SlidingWindow$Server.processRequestsFromHead(SlidingWindow.java:429) [ratis-common-0.4.0-2337318-SNAPSHOT.jar:0.4.0-2337318-SNAPSHOT]
	at org.apache.ratis.util.SlidingWindow$Server.receivedRequest(SlidingWindow.java:421) [ratis-common-0.4.0-2337318-SNAPSHOT.jar:0.4.0-2337318-SNAPSHOT]
	at org.apache.ratis.grpc.client.GrpcClientProtocolService$OrderedRequestStreamObserver.processClientRequest(GrpcClientProtocolService.java:345) [ratis-grpc-0.4.0-2337318-SNAPSHOT.jar:0.4.0-2337318-SNAPSHOT]
	at org.apache.ratis.grpc.client.GrpcClientProtocolService$RequestStreamObserver.onNext(GrpcClientProtocolService.java:240) [ratis-grpc-0.4.0-2337318-SNAPSHOT.jar:0.4.0-2337318-SNAPSHOT]
	at org.apache.ratis.grpc.client.GrpcClientProtocolService$RequestStreamObserver.onNext(GrpcClientProtocolService.java:168) [ratis-grpc-0.4.0-2337318-SNAPSHOT.jar:0.4.0-2337318-SNAPSHOT]
	at org.apache.ratis.thirdparty.io.grpc.stub.ServerCalls$StreamingServerCallHandler$StreamingServerCallListener.onMessage(ServerCalls.java:248) [ratis-thirdparty-misc-0.2.0.jar:0.2.0]
	at org.apache.ratis.thirdparty.io.grpc.internal.ServerCallImpl$ServerStreamListenerImpl.messagesAvailable(ServerCallImpl.java:263) [ratis-thirdparty-misc-0.2.0.jar:0.2.0]
	at org.apache.ratis.thirdparty.io.grpc.internal.ServerImpl$JumpToApplicationThreadServerStreamListener$1MessagesAvailable.runInContext(ServerImpl.java:686) [ratis-thirdparty-misc-0.2.0.jar:0.2.0]
	at org.apache.ratis.thirdparty.io.grpc.internal.ContextRunnable.run(ContextRunnable.java:37) [ratis-thirdparty-misc-0.2.0.jar:0.2.0]
	at org.apache.ratis.thirdparty.io.grpc.internal.SerializingExecutor.run(SerializingExecutor.java:123) [ratis-thirdparty-misc-0.2.0.jar:0.2.0]
	at java.util.concurrent.ThreadPoolExecutor.runWorker(ThreadPoolExecutor.java:1149) [?:1.8.0_212]
	at java.util.concurrent.ThreadPoolExecutor$Worker.run(ThreadPoolExecutor.java:624) [?:1.8.0_212]
	at java.lang.Thread.run(Thread.java:748) [?:1.8.0_212]
2019-07-16 14:30:02,642 INFO  client.GrpcClientProtocolClient (GrpcClientProtocolClient.java:onNext(255)) - client-E33A5E6F4562->5014ae59-fdca-4c19-9f95-a5a895a6fc17: receive RaftClientReply:client-E33A5E6F4562->5014ae59-fdca-4c19-9f95-a5a895a6fc17@group-82E04F160310, cid=248, FAILED org.apache.ratis.protocol.StateMachineException: org.apache.hadoop.hdds.scm.container.common.helpers.ContainerNotOpenException from Server 5014ae59-fdca-4c19-9f95-a5a895a6fc17: Container 1 in CLOSED state, logIndex=0, commits[5014ae59-fdca-4c19-9f95-a5a895a6fc17:c18, a0a358c4-b048-4014-9238-672f8f885af6:c17, 66802454-a46f-43c1-848a-7c1fdabaf77c:c17]
2019-07-16 14:30:02,650 INFO  client.GrpcClientProtocolClient (GrpcClientProtocolClient.java:onNext(255)) - client-E33A5E6F4562->5014ae59-fdca-4c19-9f95-a5a895a6fc17: receive RaftClientReply:client-E33A5E6F4562->5014ae59-fdca-4c19-9f95-a5a895a6fc17@group-82E04F160310, cid=249, FAILED org.apache.ratis.protocol.StateMachineException: org.apache.hadoop.hdds.scm.container.common.helpers.ContainerNotOpenException from Server 5014ae59-fdca-4c19-9f95-a5a895a6fc17: Container 1 in CLOSED state, logIndex=0, commits[5014ae59-fdca-4c19-9f95-a5a895a6fc17:c18, a0a358c4-b048-4014-9238-672f8f885af6:c17, 66802454-a46f-43c1-848a-7c1fdabaf77c:c17]
2019-07-16 14:30:02,682 INFO  client.GrpcClientProtocolClient (GrpcClientProtocolClient.java:onNext(255)) - client-8BE616E002E3->e62bb0c6-ea95-4fac-8e7b-0d6eb66883df: receive RaftClientReply:client-8BE616E002E3->e62bb0c6-ea95-4fac-8e7b-0d6eb66883df@group-F08ED97E4061, cid=250, FAILED org.apache.ratis.protocol.NotLeaderException: Server e62bb0c6-ea95-4fac-8e7b-0d6eb66883df is not the leader (null). Request must be sent to leader., logIndex=0, commits[e62bb0c6-ea95-4fac-8e7b-0d6eb66883df:c-1]
2019-07-16 14:30:03,701 INFO  client.GrpcClientProtocolClient (GrpcClientProtocolClient.java:onNext(255)) - client-8BE616E002E3->223c2dc0-f540-405a-83dc-e3447ea605a6: receive RaftClientReply:client-8BE616E002E3->223c2dc0-f540-405a-83dc-e3447ea605a6@group-F08ED97E4061, cid=250, FAILED org.apache.ratis.protocol.NotLeaderException: Server 223c2dc0-f540-405a-83dc-e3447ea605a6 is not the leader (null). Request must be sent to leader., logIndex=0, commits[223c2dc0-f540-405a-83dc-e3447ea605a6:c-1]
2019-07-16 14:30:04,712 INFO  client.GrpcClientProtocolClient (GrpcClientProtocolClient.java:onNext(255)) - client-8BE616E002E3->e62bb0c6-ea95-4fac-8e7b-0d6eb66883df: receive RaftClientReply:client-8BE616E002E3->e62bb0c6-ea95-4fac-8e7b-0d6eb66883df@group-F08ED97E4061, cid=250, FAILED org.apache.ratis.protocol.NotLeaderException: Server e62bb0c6-ea95-4fac-8e7b-0d6eb66883df is not the leader (null). Request must be sent to leader., logIndex=0, commits[e62bb0c6-ea95-4fac-8e7b-0d6eb66883df:c-1]
2019-07-16 14:30:05,232 INFO  impl.FollowerState (FollowerState.java:run(106)) - 223c2dc0-f540-405a-83dc-e3447ea605a6:group-F08ED97E4061 changes to CANDIDATE, lastRpcTime:5051, electionTimeout:5045ms
2019-07-16 14:30:05,232 INFO  impl.RoleInfo (RoleInfo.java:shutdownFollowerState(121)) - 223c2dc0-f540-405a-83dc-e3447ea605a6: shutdown FollowerState
2019-07-16 14:30:05,232 INFO  impl.RaftServerImpl (RaftServerImpl.java:setRole(171)) - 223c2dc0-f540-405a-83dc-e3447ea605a6:group-F08ED97E4061 changes role from FOLLOWER to CANDIDATE at term 1 for changeToCandidate
2019-07-16 14:30:05,232 INFO  impl.RoleInfo (RoleInfo.java:updateAndGet(143)) - 223c2dc0-f540-405a-83dc-e3447ea605a6: start LeaderElection
2019-07-16 14:30:05,251 INFO  impl.LeaderElection (LeaderElection.java:askForVotes(181)) - 223c2dc0-f540-405a-83dc-e3447ea605a6:group-F08ED97E4061:LeaderElection99: begin an election at term 2 for -1: [1b6ee3b5-e4d3-4405-a306-cd6a587047f9:192.168.157.241:46240, e62bb0c6-ea95-4fac-8e7b-0d6eb66883df:192.168.157.241:44866, 223c2dc0-f540-405a-83dc-e3447ea605a6:192.168.157.241:37180], old=null
2019-07-16 14:30:05,253 INFO  impl.RaftServerImpl (RaftServerImpl.java:setRole(171)) - 1b6ee3b5-e4d3-4405-a306-cd6a587047f9:group-F08ED97E4061 changes role from FOLLOWER to FOLLOWER at term 2 for recognizeCandidate:223c2dc0-f540-405a-83dc-e3447ea605a6
2019-07-16 14:30:05,254 INFO  impl.RoleInfo (RoleInfo.java:shutdownFollowerState(121)) - 1b6ee3b5-e4d3-4405-a306-cd6a587047f9: shutdown FollowerState
2019-07-16 14:30:05,254 INFO  impl.RaftServerImpl (RaftServerImpl.java:setRole(171)) - e62bb0c6-ea95-4fac-8e7b-0d6eb66883df:group-F08ED97E4061 changes role from FOLLOWER to FOLLOWER at term 2 for recognizeCandidate:223c2dc0-f540-405a-83dc-e3447ea605a6
2019-07-16 14:30:05,254 INFO  impl.FollowerState (FollowerState.java:run(114)) - 1b6ee3b5-e4d3-4405-a306-cd6a587047f9: FollowerState was interrupted: java.lang.InterruptedException: sleep interrupted
2019-07-16 14:30:05,254 INFO  impl.RoleInfo (RoleInfo.java:updateAndGet(143)) - 1b6ee3b5-e4d3-4405-a306-cd6a587047f9: start FollowerState
2019-07-16 14:30:05,254 INFO  impl.RoleInfo (RoleInfo.java:shutdownFollowerState(121)) - e62bb0c6-ea95-4fac-8e7b-0d6eb66883df: shutdown FollowerState
2019-07-16 14:30:05,258 INFO  impl.RoleInfo (RoleInfo.java:updateAndGet(143)) - e62bb0c6-ea95-4fac-8e7b-0d6eb66883df: start FollowerState
2019-07-16 14:30:05,258 INFO  impl.FollowerState (FollowerState.java:run(114)) - e62bb0c6-ea95-4fac-8e7b-0d6eb66883df: FollowerState was interrupted: java.lang.InterruptedException: sleep interrupted
2019-07-16 14:30:05,275 INFO  impl.LeaderElection (LeaderElection.java:logAndReturn(56)) - 223c2dc0-f540-405a-83dc-e3447ea605a6:group-F08ED97E4061:LeaderElection99: Election PASSED; received 1 response(s) [223c2dc0-f540-405a-83dc-e3447ea605a6<-1b6ee3b5-e4d3-4405-a306-cd6a587047f9#0:OK-t2] and 0 exception(s); 223c2dc0-f540-405a-83dc-e3447ea605a6:t2, leader=null, voted=223c2dc0-f540-405a-83dc-e3447ea605a6, raftlog=223c2dc0-f540-405a-83dc-e3447ea605a6-SegmentedRaftLog:OPENED:c-1,f-1,i0, conf=-1: [1b6ee3b5-e4d3-4405-a306-cd6a587047f9:192.168.157.241:46240, e62bb0c6-ea95-4fac-8e7b-0d6eb66883df:192.168.157.241:44866, 223c2dc0-f540-405a-83dc-e3447ea605a6:192.168.157.241:37180], old=null
2019-07-16 14:30:05,275 INFO  impl.RoleInfo (RoleInfo.java:shutdownLeaderElection(134)) - 223c2dc0-f540-405a-83dc-e3447ea605a6: shutdown LeaderElection
2019-07-16 14:30:05,275 INFO  impl.RaftServerImpl (RaftServerImpl.java:setRole(171)) - 223c2dc0-f540-405a-83dc-e3447ea605a6:group-F08ED97E4061 changes role from CANDIDATE to LEADER at term 2 for changeToLeader
2019-07-16 14:30:05,278 INFO  impl.RaftServerImpl (ServerState.java:setLeader(263)) - 223c2dc0-f540-405a-83dc-e3447ea605a6:group-F08ED97E4061 change Leader from null to 223c2dc0-f540-405a-83dc-e3447ea605a6 at term 2 for becomeLeader, leader elected after 10333ms
2019-07-16 14:30:05,278 INFO  server.RaftServerConfigKeys (ConfUtils.java:logGet(43)) - raft.server.staging.catchup.gap = 1000 (default)
2019-07-16 14:30:05,278 INFO  server.RaftServerConfigKeys (ConfUtils.java:logGet(43)) - raft.server.rpc.sleep.time = 25ms (default)
2019-07-16 14:30:05,279 INFO  server.RaftServerConfigKeys (ConfUtils.java:logGet(43)) - raft.server.write.element-limit = 4096 (default)
2019-07-16 14:30:05,279 INFO  server.RaftServerConfigKeys (ConfUtils.java:logGet(43)) - raft.server.watch.timeout = 10s (default)
2019-07-16 14:30:05,279 INFO  server.RaftServerConfigKeys (ConfUtils.java:logGet(43)) - raft.server.watch.timeout.denomination = 1s (default)
2019-07-16 14:30:05,279 INFO  server.RaftServerConfigKeys (ConfUtils.java:logGet(43)) - raft.server.watch.element-limit = 65536 (default)
2019-07-16 14:30:05,279 INFO  server.RaftServerConfigKeys (ConfUtils.java:logGet(43)) - raft.server.log.appender.snapshot.chunk.size.max = 16MB (=16777216) (default)
2019-07-16 14:30:05,280 INFO  server.RaftServerConfigKeys (ConfUtils.java:logGet(43)) - raft.server.log.appender.buffer.byte-limit = 33554432 (custom)
2019-07-16 14:30:05,280 INFO  server.RaftServerConfigKeys (ConfUtils.java:logGet(43)) - raft.server.log.appender.buffer.element-limit = 1 (custom)
2019-07-16 14:30:05,280 INFO  grpc.GrpcConfigKeys$Server (ConfUtils.java:logGet(43)) - raft.grpc.server.leader.outstanding.appends.max = 128 (default)
2019-07-16 14:30:05,280 INFO  server.RaftServerConfigKeys (ConfUtils.java:logGet(43)) - raft.server.rpc.request.timeout = 3000ms (default)
2019-07-16 14:30:05,280 INFO  server.RaftServerConfigKeys (ConfUtils.java:logGet(43)) - raft.server.log.appender.install.snapshot.enabled = false (custom)
2019-07-16 14:30:05,280 INFO  server.RaftServerConfigKeys (ConfUtils.java:logGet(43)) - raft.server.log.appender.snapshot.chunk.size.max = 16MB (=16777216) (default)
2019-07-16 14:30:05,281 INFO  server.RaftServerConfigKeys (ConfUtils.java:logGet(43)) - raft.server.log.appender.buffer.byte-limit = 33554432 (custom)
2019-07-16 14:30:05,281 INFO  server.RaftServerConfigKeys (ConfUtils.java:logGet(43)) - raft.server.log.appender.buffer.element-limit = 1 (custom)
2019-07-16 14:30:05,281 INFO  grpc.GrpcConfigKeys$Server (ConfUtils.java:logGet(43)) - raft.grpc.server.leader.outstanding.appends.max = 128 (default)
2019-07-16 14:30:05,281 INFO  server.RaftServerConfigKeys (ConfUtils.java:logGet(43)) - raft.server.rpc.request.timeout = 3000ms (default)
2019-07-16 14:30:05,281 INFO  server.RaftServerConfigKeys (ConfUtils.java:logGet(43)) - raft.server.log.appender.install.snapshot.enabled = false (custom)
2019-07-16 14:30:05,282 INFO  impl.RoleInfo (RoleInfo.java:updateAndGet(143)) - 223c2dc0-f540-405a-83dc-e3447ea605a6: start LeaderState
2019-07-16 14:30:05,282 INFO  segmented.SegmentedRaftLogWorker (SegmentedRaftLogWorker.java:startLogSegment(380)) - 223c2dc0-f540-405a-83dc-e3447ea605a6-SegmentedRaftLogWorker:Storage Directory /workdir/hadoop-ozone/integration-test/target/test-dir/MiniOzoneClusterImpl-479c7609-b74d-4220-beb1-8eefa524396f/datanode-0/data/ratis/d94fdde5-632c-4765-9eef-f08ed97e4061: Starting segment from index:0
2019-07-16 14:30:05,283 INFO  impl.RaftServerImpl (ServerState.java:setRaftConf(361)) - 223c2dc0-f540-405a-83dc-e3447ea605a6:group-F08ED97E4061 set configuration 0: [1b6ee3b5-e4d3-4405-a306-cd6a587047f9:192.168.157.241:46240, e62bb0c6-ea95-4fac-8e7b-0d6eb66883df:192.168.157.241:44866, 223c2dc0-f540-405a-83dc-e3447ea605a6:192.168.157.241:37180], old=null at 0
2019-07-16 14:30:05,306 INFO  impl.RaftServerImpl (ServerState.java:setLeader(263)) - 1b6ee3b5-e4d3-4405-a306-cd6a587047f9:group-F08ED97E4061 change Leader from null to 223c2dc0-f540-405a-83dc-e3447ea605a6 at term 2 for appendEntries, leader elected after 10361ms
2019-07-16 14:30:05,306 INFO  impl.RaftServerImpl (ServerState.java:setLeader(263)) - e62bb0c6-ea95-4fac-8e7b-0d6eb66883df:group-F08ED97E4061 change Leader from null to 223c2dc0-f540-405a-83dc-e3447ea605a6 at term 2 for appendEntries, leader elected after 10361ms
2019-07-16 14:30:05,308 INFO  impl.RaftServerImpl (ServerState.java:setRaftConf(361)) - 1b6ee3b5-e4d3-4405-a306-cd6a587047f9:group-F08ED97E4061 set configuration 0: [1b6ee3b5-e4d3-4405-a306-cd6a587047f9:192.168.157.241:46240, e62bb0c6-ea95-4fac-8e7b-0d6eb66883df:192.168.157.241:44866, 223c2dc0-f540-405a-83dc-e3447ea605a6:192.168.157.241:37180], old=null at 0
2019-07-16 14:30:05,308 INFO  impl.RaftServerImpl (ServerState.java:setRaftConf(361)) - e62bb0c6-ea95-4fac-8e7b-0d6eb66883df:group-F08ED97E4061 set configuration 0: [1b6ee3b5-e4d3-4405-a306-cd6a587047f9:192.168.157.241:46240, e62bb0c6-ea95-4fac-8e7b-0d6eb66883df:192.168.157.241:44866, 223c2dc0-f540-405a-83dc-e3447ea605a6:192.168.157.241:37180], old=null at 0
2019-07-16 14:30:05,308 INFO  segmented.SegmentedRaftLogWorker (SegmentedRaftLogWorker.java:startLogSegment(380)) - 1b6ee3b5-e4d3-4405-a306-cd6a587047f9-SegmentedRaftLogWorker:Storage Directory /workdir/hadoop-ozone/integration-test/target/test-dir/MiniOzoneClusterImpl-479c7609-b74d-4220-beb1-8eefa524396f/datanode-1/data/ratis/d94fdde5-632c-4765-9eef-f08ed97e4061: Starting segment from index:0
2019-07-16 14:30:05,308 INFO  segmented.SegmentedRaftLogWorker (SegmentedRaftLogWorker.java:startLogSegment(380)) - e62bb0c6-ea95-4fac-8e7b-0d6eb66883df-SegmentedRaftLogWorker:Storage Directory /workdir/hadoop-ozone/integration-test/target/test-dir/MiniOzoneClusterImpl-479c7609-b74d-4220-beb1-8eefa524396f/datanode-2/data/ratis/d94fdde5-632c-4765-9eef-f08ed97e4061: Starting segment from index:0
2019-07-16 14:30:05,317 INFO  segmented.SegmentedRaftLogWorker (SegmentedRaftLogWorker.java:execute(569)) - 223c2dc0-f540-405a-83dc-e3447ea605a6-SegmentedRaftLogWorker:Storage Directory /workdir/hadoop-ozone/integration-test/target/test-dir/MiniOzoneClusterImpl-479c7609-b74d-4220-beb1-8eefa524396f/datanode-0/data/ratis/d94fdde5-632c-4765-9eef-f08ed97e4061: created new log segment /workdir/hadoop-ozone/integration-test/target/test-dir/MiniOzoneClusterImpl-479c7609-b74d-4220-beb1-8eefa524396f/datanode-0/data/ratis/d94fdde5-632c-4765-9eef-f08ed97e4061/current/log_inprogress_0
2019-07-16 14:30:05,339 INFO  segmented.SegmentedRaftLogWorker (SegmentedRaftLogWorker.java:execute(569)) - e62bb0c6-ea95-4fac-8e7b-0d6eb66883df-SegmentedRaftLogWorker:Storage Directory /workdir/hadoop-ozone/integration-test/target/test-dir/MiniOzoneClusterImpl-479c7609-b74d-4220-beb1-8eefa524396f/datanode-2/data/ratis/d94fdde5-632c-4765-9eef-f08ed97e4061: created new log segment /workdir/hadoop-ozone/integration-test/target/test-dir/MiniOzoneClusterImpl-479c7609-b74d-4220-beb1-8eefa524396f/datanode-2/data/ratis/d94fdde5-632c-4765-9eef-f08ed97e4061/current/log_inprogress_0
2019-07-16 14:30:05,339 INFO  segmented.SegmentedRaftLogWorker (SegmentedRaftLogWorker.java:execute(569)) - 1b6ee3b5-e4d3-4405-a306-cd6a587047f9-SegmentedRaftLogWorker:Storage Directory /workdir/hadoop-ozone/integration-test/target/test-dir/MiniOzoneClusterImpl-479c7609-b74d-4220-beb1-8eefa524396f/datanode-1/data/ratis/d94fdde5-632c-4765-9eef-f08ed97e4061: created new log segment /workdir/hadoop-ozone/integration-test/target/test-dir/MiniOzoneClusterImpl-479c7609-b74d-4220-beb1-8eefa524396f/datanode-1/data/ratis/d94fdde5-632c-4765-9eef-f08ed97e4061/current/log_inprogress_0
2019-07-16 14:30:05,725 INFO  client.GrpcClientProtocolClient (GrpcClientProtocolClient.java:onNext(255)) - client-8BE616E002E3->1b6ee3b5-e4d3-4405-a306-cd6a587047f9: receive RaftClientReply:client-8BE616E002E3->1b6ee3b5-e4d3-4405-a306-cd6a587047f9@group-F08ED97E4061, cid=250, FAILED org.apache.ratis.protocol.NotLeaderException: Server 1b6ee3b5-e4d3-4405-a306-cd6a587047f9 is not the leader (223c2dc0-f540-405a-83dc-e3447ea605a6:192.168.157.241:37180). Request must be sent to leader., logIndex=0, commits[1b6ee3b5-e4d3-4405-a306-cd6a587047f9:c-1, e62bb0c6-ea95-4fac-8e7b-0d6eb66883df:c-1, 223c2dc0-f540-405a-83dc-e3447ea605a6:c-1]
2019-07-16 14:30:05,874 INFO  client.GrpcClientProtocolClient (GrpcClientProtocolClient.java:onNext(255)) - client-8BE616E002E3->223c2dc0-f540-405a-83dc-e3447ea605a6: receive RaftClientReply:client-8BE616E002E3->223c2dc0-f540-405a-83dc-e3447ea605a6@group-F08ED97E4061, cid=250, SUCCESS, logIndex=1, commits[223c2dc0-f540-405a-83dc-e3447ea605a6:c1, 1b6ee3b5-e4d3-4405-a306-cd6a587047f9:c0, e62bb0c6-ea95-4fac-8e7b-0d6eb66883df:c0]
2019-07-16 14:30:05,895 INFO  client.GrpcClientProtocolClient (GrpcClientProtocolClient.java:onNext(255)) - client-8BE616E002E3->223c2dc0-f540-405a-83dc-e3447ea605a6: receive RaftClientReply:client-8BE616E002E3->223c2dc0-f540-405a-83dc-e3447ea605a6@group-F08ED97E4061, cid=251, SUCCESS, logIndex=3, commits[223c2dc0-f540-405a-83dc-e3447ea605a6:c4, 1b6ee3b5-e4d3-4405-a306-cd6a587047f9:c2, e62bb0c6-ea95-4fac-8e7b-0d6eb66883df:c2]
2019-07-16 14:30:05,940 INFO  client.GrpcClientProtocolClient (GrpcClientProtocolClient.java:onNext(255)) - client-8BE616E002E3->223c2dc0-f540-405a-83dc-e3447ea605a6: receive RaftClientReply:client-8BE616E002E3->223c2dc0-f540-405a-83dc-e3447ea605a6@group-F08ED97E4061, cid=252, SUCCESS, logIndex=4, commits[223c2dc0-f540-405a-83dc-e3447ea605a6:c12, 1b6ee3b5-e4d3-4405-a306-cd6a587047f9:c7, e62bb0c6-ea95-4fac-8e7b-0d6eb66883df:c7]
2019-07-16 14:30:05,941 INFO  client.GrpcClientProtocolClient (GrpcClientProtocolClient.java:onNext(255)) - client-8BE616E002E3->223c2dc0-f540-405a-83dc-e3447ea605a6: receive RaftClientReply:client-8BE616E002E3->223c2dc0-f540-405a-83dc-e3447ea605a6@group-F08ED97E4061, cid=253, SUCCESS, logIndex=5, commits[223c2dc0-f540-405a-83dc-e3447ea605a6:c12, 1b6ee3b5-e4d3-4405-a306-cd6a587047f9:c7, e62bb0c6-ea95-4fac-8e7b-0d6eb66883df:c7]
2019-07-16 14:30:05,941 INFO  client.GrpcClientProtocolClient (GrpcClientProtocolClient.java:onNext(255)) - client-8BE616E002E3->223c2dc0-f540-405a-83dc-e3447ea605a6: receive RaftClientReply:client-8BE616E002E3->223c2dc0-f540-405a-83dc-e3447ea605a6@group-F08ED97E4061, cid=254, SUCCESS, logIndex=6, commits[223c2dc0-f540-405a-83dc-e3447ea605a6:c12, 1b6ee3b5-e4d3-4405-a306-cd6a587047f9:c7, e62bb0c6-ea95-4fac-8e7b-0d6eb66883df:c7]
2019-07-16 14:30:06,024 INFO  client.GrpcClientProtocolClient (GrpcClientProtocolClient.java:onNext(255)) - client-8BE616E002E3->223c2dc0-f540-405a-83dc-e3447ea605a6: receive RaftClientReply:client-8BE616E002E3->223c2dc0-f540-405a-83dc-e3447ea605a6@group-F08ED97E4061, cid=255, SUCCESS, logIndex=7, commits[223c2dc0-f540-405a-83dc-e3447ea605a6:c12, 1b6ee3b5-e4d3-4405-a306-cd6a587047f9:c7, e62bb0c6-ea95-4fac-8e7b-0d6eb66883df:c7]
2019-07-16 14:30:06,038 INFO  client.GrpcClientProtocolClient (GrpcClientProtocolClient.java:onNext(255)) - client-8BE616E002E3->223c2dc0-f540-405a-83dc-e3447ea605a6: receive RaftClientReply:client-8BE616E002E3->223c2dc0-f540-405a-83dc-e3447ea605a6@group-F08ED97E4061, cid=256, SUCCESS, logIndex=13, commits[223c2dc0-f540-405a-83dc-e3447ea605a6:c14, 1b6ee3b5-e4d3-4405-a306-cd6a587047f9:c12, e62bb0c6-ea95-4fac-8e7b-0d6eb66883df:c12]
2019-07-16 14:30:06,039 INFO  client.GrpcClientProtocolClient (GrpcClientProtocolClient.java:onNext(255)) - client-8BE616E002E3->223c2dc0-f540-405a-83dc-e3447ea605a6: receive RaftClientReply:client-8BE616E002E3->223c2dc0-f540-405a-83dc-e3447ea605a6@group-F08ED97E4061, cid=257, SUCCESS, logIndex=14, commits[223c2dc0-f540-405a-83dc-e3447ea605a6:c14, 1b6ee3b5-e4d3-4405-a306-cd6a587047f9:c12, e62bb0c6-ea95-4fac-8e7b-0d6eb66883df:c12]
2019-07-16 14:30:06,049 INFO  client.GrpcClientProtocolClient (GrpcClientProtocolClient.java:onNext(255)) - client-8BE616E002E3->223c2dc0-f540-405a-83dc-e3447ea605a6: receive RaftClientReply:client-8BE616E002E3->223c2dc0-f540-405a-83dc-e3447ea605a6@group-F08ED97E4061, cid=258, SUCCESS, logIndex=0, commits[223c2dc0-f540-405a-83dc-e3447ea605a6:c16, 1b6ee3b5-e4d3-4405-a306-cd6a587047f9:c14, e62bb0c6-ea95-4fac-8e7b-0d6eb66883df:c14]
2019-07-16 14:30:06,070 INFO  pipeline.Pipeline (Pipeline.java:getProtobufMessage(195)) - Serialize pipeline PipelineID=d94fdde5-632c-4765-9eef-f08ed97e4061 with nodesInOrder{ }
2019-07-16 14:30:06,071 INFO  ozone.MiniOzoneClusterImpl (MiniOzoneClusterImpl.java:shutdown(321)) - Shutting down the Mini Ozone Cluster
2019-07-16 14:30:06,072 INFO  ozone.MiniOzoneClusterImpl (MiniOzoneClusterImpl.java:stop(336)) - Stopping the Mini Ozone Cluster
2019-07-16 14:30:06,072 INFO  ozone.MiniOzoneClusterImpl (MiniOzoneClusterImpl.java:stop(338)) - Stopping the OzoneManager
2019-07-16 14:30:06,072 INFO  ipc.Server (Server.java:stop(3082)) - Stopping server on 44531
2019-07-16 14:30:06,090 INFO  utils.BackgroundService (BackgroundService.java:shutdown(148)) - Shutting down service KeyDeletingService
2019-07-16 14:30:06,090 INFO  ipc.Server (Server.java:run(1319)) - Stopping IPC Server Responder
2019-07-16 14:30:06,093 INFO  ipc.Server (Server.java:run(1185)) - Stopping IPC Server listener on 44531
2019-07-16 14:30:06,128 INFO  handler.ContextHandler (ContextHandler.java:doStop(910)) - Stopped o.e.j.w.WebAppContext@10e542f3{/,null,UNAVAILABLE}{/ozoneManager}
2019-07-16 14:30:06,128 INFO  server.AbstractConnector (AbstractConnector.java:doStop(318)) - Stopped ServerConnector@6cde3dac{HTTP/1.1,[http/1.1]}{0.0.0.0:0}
2019-07-16 14:30:06,129 INFO  handler.ContextHandler (ContextHandler.java:doStop(910)) - Stopped o.e.j.s.ServletContextHandler@5aeaee3{/static,file:///workdir/hadoop-ozone/integration-test/target/test-classes/webapps/static,UNAVAILABLE}
2019-07-16 14:30:06,129 INFO  handler.ContextHandler (ContextHandler.java:doStop(910)) - Stopped o.e.j.s.ServletContextHandler@44f433db{/logs,file:///workdir/hadoop-ozone/integration-test/target/log,UNAVAILABLE}
2019-07-16 14:30:06,143 INFO  ozone.MiniOzoneClusterImpl (MiniOzoneClusterImpl.java:stop(344)) - Shutting the HddsDatanodes
2019-07-16 14:30:06,144 INFO  datanode.ObjectStoreHandler (ObjectStoreHandler.java:close(155)) - Closing ObjectStoreHandler.
2019-07-16 14:30:06,144 INFO  datanode.ObjectStoreHandler (ObjectStoreHandler.java:close(155)) - Closing ObjectStoreHandler.
2019-07-16 14:30:06,144 INFO  ozone.HddsDatanodeService (HddsDatanodeService.java:stop(452)) - Stopped plug-in org.apache.hadoop.ozone.web.OzoneHddsDatanodeService@1b856d2a
2019-07-16 14:30:06,144 INFO  ozone.HddsDatanodeService (HddsDatanodeService.java:stop(452)) - Stopped plug-in org.apache.hadoop.ozone.web.OzoneHddsDatanodeService@7942987
2019-07-16 14:30:06,862 INFO  statemachine.DatanodeStateMachine (DatanodeStateMachine.java:lambda$startDaemon$0(350)) - Ozone container server started.
2019-07-16 14:30:07,142 INFO  statemachine.DatanodeStateMachine (DatanodeStateMachine.java:lambda$startDaemon$0(350)) - Ozone container server started.
2019-07-16 14:30:10,955 INFO  node.StaleNodeHandler (StaleNodeHandler.java:onMessage(58)) - Datanode 1b6ee3b5-e4d3-4405-a306-cd6a587047f9{ip: 192.168.157.241, host: trunk-nightly-gllmw-2332419065, networkLocation: /default-rack, certSerialId: null} moved to stale state. Finalizing its pipelines [PipelineID=ec10d528-3ce5-4153-9bcd-b7e7f9adfab4, PipelineID=d94fdde5-632c-4765-9eef-f08ed97e4061]
2019-07-16 14:30:10,956 INFO  pipeline.SCMPipelineManager (SCMPipelineManager.java:finalizeAndDestroyPipeline(309)) - destroying pipeline:Pipeline[ Id: ec10d528-3ce5-4153-9bcd-b7e7f9adfab4, Nodes: 1b6ee3b5-e4d3-4405-a306-cd6a587047f9{ip: 192.168.157.241, host: trunk-nightly-gllmw-2332419065, networkLocation: /default-rack, certSerialId: null}, Type:RATIS, Factor:ONE, State:OPEN]
2019-07-16 14:30:10,956 INFO  pipeline.PipelineStateManager (PipelineStateManager.java:finalizePipeline(123)) - Pipeline Pipeline[ Id: ec10d528-3ce5-4153-9bcd-b7e7f9adfab4, Nodes: 1b6ee3b5-e4d3-4405-a306-cd6a587047f9{ip: 192.168.157.241, host: trunk-nightly-gllmw-2332419065, networkLocation: /default-rack, certSerialId: null}, Type:RATIS, Factor:ONE, State:CLOSED] moved to CLOSED state
2019-07-16 14:30:10,956 INFO  pipeline.SCMPipelineManager (SCMPipelineManager.java:finalizeAndDestroyPipeline(309)) - destroying pipeline:Pipeline[ Id: d94fdde5-632c-4765-9eef-f08ed97e4061, Nodes: e62bb0c6-ea95-4fac-8e7b-0d6eb66883df{ip: 192.168.157.241, host: trunk-nightly-gllmw-2332419065, networkLocation: /default-rack, certSerialId: null}1b6ee3b5-e4d3-4405-a306-cd6a587047f9{ip: 192.168.157.241, host: trunk-nightly-gllmw-2332419065, networkLocation: /default-rack, certSerialId: null}223c2dc0-f540-405a-83dc-e3447ea605a6{ip: 192.168.157.241, host: trunk-nightly-gllmw-2332419065, networkLocation: /default-rack, certSerialId: null}, Type:RATIS, Factor:THREE, State:OPEN]
2019-07-16 14:30:10,956 INFO  pipeline.PipelineStateManager (PipelineStateManager.java:finalizePipeline(123)) - Pipeline Pipeline[ Id: d94fdde5-632c-4765-9eef-f08ed97e4061, Nodes: e62bb0c6-ea95-4fac-8e7b-0d6eb66883df{ip: 192.168.157.241, host: trunk-nightly-gllmw-2332419065, networkLocation: /default-rack, certSerialId: null}1b6ee3b5-e4d3-4405-a306-cd6a587047f9{ip: 192.168.157.241, host: trunk-nightly-gllmw-2332419065, networkLocation: /default-rack, certSerialId: null}223c2dc0-f540-405a-83dc-e3447ea605a6{ip: 192.168.157.241, host: trunk-nightly-gllmw-2332419065, networkLocation: /default-rack, certSerialId: null}, Type:RATIS, Factor:THREE, State:CLOSED] moved to CLOSED state
2019-07-16 14:30:10,956 INFO  container.CloseContainerEventHandler (CloseContainerEventHandler.java:onMessage(61)) - Close container Event triggered for container : #2
2019-07-16 14:30:11,145 INFO  ozoneimpl.OzoneContainer (OzoneContainer.java:stop(199)) - Attempting to stop container services.
2019-07-16 14:30:11,145 INFO  ozoneimpl.OzoneContainer (OzoneContainer.java:stop(199)) - Attempting to stop container services.
2019-07-16 14:30:11,146 INFO  impl.RaftServerProxy (RaftServerProxy.java:lambda$close$4(314)) - 66802454-a46f-43c1-848a-7c1fdabaf77c: close
2019-07-16 14:30:11,146 INFO  impl.RaftServerProxy (RaftServerProxy.java:lambda$close$4(314)) - 1b6ee3b5-e4d3-4405-a306-cd6a587047f9: close
2019-07-16 14:30:11,146 INFO  impl.RaftServerImpl (RaftServerImpl.java:lambda$shutdown$3(245)) - 66802454-a46f-43c1-848a-7c1fdabaf77c: shutdown group-6035AF52FE52
2019-07-16 14:30:11,147 INFO  impl.RaftServerImpl (RaftServerImpl.java:lambda$shutdown$3(245)) - 1b6ee3b5-e4d3-4405-a306-cd6a587047f9: shutdown group-B7E7F9ADFAB4
2019-07-16 14:30:11,147 INFO  util.JmxRegister (JmxRegister.java:unregister(73)) - Successfully un-registered JMX Bean with object name Ratis:service=RaftServer,group=group-6035AF52FE52,id=66802454-a46f-43c1-848a-7c1fdabaf77c
2019-07-16 14:30:11,148 INFO  impl.RoleInfo (RoleInfo.java:shutdownLeaderState(104)) - 66802454-a46f-43c1-848a-7c1fdabaf77c: shutdown LeaderState
2019-07-16 14:30:11,147 INFO  util.JmxRegister (JmxRegister.java:unregister(73)) - Successfully un-registered JMX Bean with object name Ratis:service=RaftServer,group=group-B7E7F9ADFAB4,id=1b6ee3b5-e4d3-4405-a306-cd6a587047f9
2019-07-16 14:30:11,148 INFO  impl.PendingRequests (PendingRequests.java:sendNotLeaderResponses(202)) - 66802454-a46f-43c1-848a-7c1fdabaf77c-PendingRequests: sendNotLeaderResponses
2019-07-16 14:30:11,149 INFO  impl.RoleInfo (RoleInfo.java:shutdownLeaderState(104)) - 1b6ee3b5-e4d3-4405-a306-cd6a587047f9: shutdown LeaderState
2019-07-16 14:30:11,149 INFO  impl.StateMachineUpdater (StateMachineUpdater.java:stopAndJoin(115)) - StateMachineUpdater:66802454-a46f-43c1-848a-7c1fdabaf77c:group-6035AF52FE52: set stopIndex = 0
2019-07-16 14:30:11,150 INFO  impl.RaftServerImpl (ServerState.java:close(394)) - 66802454-a46f-43c1-848a-7c1fdabaf77c:group-6035AF52FE52 closes. The last applied log index is 0
2019-07-16 14:30:11,149 INFO  impl.PendingRequests (PendingRequests.java:sendNotLeaderResponses(202)) - 1b6ee3b5-e4d3-4405-a306-cd6a587047f9-PendingRequests: sendNotLeaderResponses
2019-07-16 14:30:11,150 INFO  segmented.SegmentedRaftLogWorker (SegmentedRaftLogWorker.java:run(313)) - 66802454-a46f-43c1-848a-7c1fdabaf77c-SegmentedRaftLogWorker:Storage Directory /workdir/hadoop-ozone/integration-test/target/test-dir/MiniOzoneClusterImpl-479c7609-b74d-4220-beb1-8eefa524396f/datanode-4/data/ratis/4cb04428-97ea-461c-993a-6035af52fe52 was interrupted, exiting. There are 0 tasks remaining in the queue.
2019-07-16 14:30:11,151 INFO  impl.StateMachineUpdater (StateMachineUpdater.java:stopAndJoin(115)) - StateMachineUpdater:1b6ee3b5-e4d3-4405-a306-cd6a587047f9:group-B7E7F9ADFAB4: set stopIndex = 0
2019-07-16 14:30:11,155 INFO  node.StaleNodeHandler (StaleNodeHandler.java:onMessage(58)) - Datanode 66802454-a46f-43c1-848a-7c1fdabaf77c{ip: 192.168.157.241, host: trunk-nightly-gllmw-2332419065, networkLocation: /default-rack, certSerialId: null} moved to stale state. Finalizing its pipelines [PipelineID=4cb04428-97ea-461c-993a-6035af52fe52, PipelineID=546be26a-fca0-4559-a280-82e04f160310]
2019-07-16 14:30:11,155 INFO  impl.RaftServerImpl (ServerState.java:close(394)) - 1b6ee3b5-e4d3-4405-a306-cd6a587047f9:group-B7E7F9ADFAB4 closes. The last applied log index is 0
2019-07-16 14:30:11,155 INFO  segmented.SegmentedRaftLogWorker (SegmentedRaftLogWorker.java:close(228)) - 66802454-a46f-43c1-848a-7c1fdabaf77c-SegmentedRaftLogWorker:Storage Directory /workdir/hadoop-ozone/integration-test/target/test-dir/MiniOzoneClusterImpl-479c7609-b74d-4220-beb1-8eefa524396f/datanode-4/data/ratis/4cb04428-97ea-461c-993a-6035af52fe52 close()
2019-07-16 14:30:11,156 INFO  segmented.SegmentedRaftLogWorker (SegmentedRaftLogWorker.java:run(313)) - 1b6ee3b5-e4d3-4405-a306-cd6a587047f9-SegmentedRaftLogWorker:Storage Directory /workdir/hadoop-ozone/integration-test/target/test-dir/MiniOzoneClusterImpl-479c7609-b74d-4220-beb1-8eefa524396f/datanode-1/data/ratis/ec10d528-3ce5-4153-9bcd-b7e7f9adfab4 was interrupted, exiting. There are 0 tasks remaining in the queue.
2019-07-16 14:30:11,156 INFO  pipeline.SCMPipelineManager (SCMPipelineManager.java:finalizeAndDestroyPipeline(309)) - destroying pipeline:Pipeline[ Id: 4cb04428-97ea-461c-993a-6035af52fe52, Nodes: 66802454-a46f-43c1-848a-7c1fdabaf77c{ip: 192.168.157.241, host: trunk-nightly-gllmw-2332419065, networkLocation: /default-rack, certSerialId: null}, Type:RATIS, Factor:ONE, State:OPEN]
2019-07-16 14:30:11,171 INFO  impl.RaftServerImpl (RaftServerImpl.java:lambda$shutdown$3(245)) - 66802454-a46f-43c1-848a-7c1fdabaf77c: shutdown group-82E04F160310
2019-07-16 14:30:11,171 INFO  segmented.SegmentedRaftLogWorker (SegmentedRaftLogWorker.java:close(228)) - 1b6ee3b5-e4d3-4405-a306-cd6a587047f9-SegmentedRaftLogWorker:Storage Directory /workdir/hadoop-ozone/integration-test/target/test-dir/MiniOzoneClusterImpl-479c7609-b74d-4220-beb1-8eefa524396f/datanode-1/data/ratis/ec10d528-3ce5-4153-9bcd-b7e7f9adfab4 close()
2019-07-16 14:30:11,171 INFO  pipeline.PipelineStateManager (PipelineStateManager.java:finalizePipeline(123)) - Pipeline Pipeline[ Id: 4cb04428-97ea-461c-993a-6035af52fe52, Nodes: 66802454-a46f-43c1-848a-7c1fdabaf77c{ip: 192.168.157.241, host: trunk-nightly-gllmw-2332419065, networkLocation: /default-rack, certSerialId: null}, Type:RATIS, Factor:ONE, State:CLOSED] moved to CLOSED state
2019-07-16 14:30:11,174 INFO  impl.RaftServerImpl (RaftServerImpl.java:lambda$shutdown$3(245)) - 1b6ee3b5-e4d3-4405-a306-cd6a587047f9: shutdown group-F08ED97E4061
2019-07-16 14:30:11,175 INFO  util.JmxRegister (JmxRegister.java:unregister(73)) - Successfully un-registered JMX Bean with object name Ratis:service=RaftServer,group=group-F08ED97E4061,id=1b6ee3b5-e4d3-4405-a306-cd6a587047f9
2019-07-16 14:30:11,171 INFO  util.JmxRegister (JmxRegister.java:unregister(73)) - Successfully un-registered JMX Bean with object name Ratis:service=RaftServer,group=group-82E04F160310,id=66802454-a46f-43c1-848a-7c1fdabaf77c
2019-07-16 14:30:11,175 INFO  impl.RoleInfo (RoleInfo.java:shutdownFollowerState(121)) - 1b6ee3b5-e4d3-4405-a306-cd6a587047f9: shutdown FollowerState
2019-07-16 14:30:11,176 INFO  impl.StateMachineUpdater (StateMachineUpdater.java:stopAndJoin(115)) - StateMachineUpdater:1b6ee3b5-e4d3-4405-a306-cd6a587047f9:group-F08ED97E4061: set stopIndex = 16
2019-07-16 14:30:11,174 INFO  pipeline.SCMPipelineManager (SCMPipelineManager.java:finalizeAndDestroyPipeline(309)) - destroying pipeline:Pipeline[ Id: 546be26a-fca0-4559-a280-82e04f160310, Nodes: 5014ae59-fdca-4c19-9f95-a5a895a6fc17{ip: 192.168.157.241, host: trunk-nightly-gllmw-2332419065, networkLocation: /default-rack, certSerialId: null}a0a358c4-b048-4014-9238-672f8f885af6{ip: 192.168.157.241, host: trunk-nightly-gllmw-2332419065, networkLocation: /default-rack, certSerialId: null}66802454-a46f-43c1-848a-7c1fdabaf77c{ip: 192.168.157.241, host: trunk-nightly-gllmw-2332419065, networkLocation: /default-rack, certSerialId: null}, Type:RATIS, Factor:THREE, State:OPEN]
2019-07-16 14:30:11,176 INFO  ratis.ContainerStateMachine (ContainerStateMachine.java:takeSnapshot(249)) - group-F08ED97E4061: Taking a snapshot at:(t:2, i:14) file /workdir/hadoop-ozone/integration-test/target/test-dir/MiniOzoneClusterImpl-479c7609-b74d-4220-beb1-8eefa524396f/datanode-1/data/ratis/d94fdde5-632c-4765-9eef-f08ed97e4061/sm/snapshot.2_14
2019-07-16 14:30:11,176 INFO  impl.FollowerState (FollowerState.java:run(114)) - 1b6ee3b5-e4d3-4405-a306-cd6a587047f9: FollowerState was interrupted: java.lang.InterruptedException: sleep interrupted
2019-07-16 14:30:11,175 INFO  impl.RoleInfo (RoleInfo.java:shutdownFollowerState(121)) - 66802454-a46f-43c1-848a-7c1fdabaf77c: shutdown FollowerState
2019-07-16 14:30:11,179 INFO  ratis.ContainerStateMachine (ContainerStateMachine.java:takeSnapshot(257)) - group-F08ED97E4061: Finished taking a snapshot at:(t:2, i:14) file:/workdir/hadoop-ozone/integration-test/target/test-dir/MiniOzoneClusterImpl-479c7609-b74d-4220-beb1-8eefa524396f/datanode-1/data/ratis/d94fdde5-632c-4765-9eef-f08ed97e4061/sm/snapshot.2_14 time:4
2019-07-16 14:30:11,179 INFO  impl.FollowerState (FollowerState.java:run(114)) - 66802454-a46f-43c1-848a-7c1fdabaf77c: FollowerState was interrupted: java.lang.InterruptedException: sleep interrupted
2019-07-16 14:30:11,176 INFO  pipeline.PipelineStateManager (PipelineStateManager.java:finalizePipeline(123)) - Pipeline Pipeline[ Id: 546be26a-fca0-4559-a280-82e04f160310, Nodes: 5014ae59-fdca-4c19-9f95-a5a895a6fc17{ip: 192.168.157.241, host: trunk-nightly-gllmw-2332419065, networkLocation: /default-rack, certSerialId: null}a0a358c4-b048-4014-9238-672f8f885af6{ip: 192.168.157.241, host: trunk-nightly-gllmw-2332419065, networkLocation: /default-rack, certSerialId: null}66802454-a46f-43c1-848a-7c1fdabaf77c{ip: 192.168.157.241, host: trunk-nightly-gllmw-2332419065, networkLocation: /default-rack, certSerialId: null}, Type:RATIS, Factor:THREE, State:CLOSED] moved to CLOSED state
2019-07-16 14:30:11,179 INFO  impl.StateMachineUpdater (StateMachineUpdater.java:takeSnapshot(242)) - StateMachineUpdater:1b6ee3b5-e4d3-4405-a306-cd6a587047f9:group-F08ED97E4061: Took a snapshot at index 14
2019-07-16 14:30:11,179 INFO  ratis.ContainerStateMachine (ContainerStateMachine.java:takeSnapshot(249)) - group-82E04F160310: Taking a snapshot at:(t:1, i:17) file /workdir/hadoop-ozone/integration-test/target/test-dir/MiniOzoneClusterImpl-479c7609-b74d-4220-beb1-8eefa524396f/datanode-4/data/ratis/546be26a-fca0-4559-a280-82e04f160310/sm/snapshot.1_17
2019-07-16 14:30:11,179 INFO  impl.StateMachineUpdater (StateMachineUpdater.java:stopAndJoin(115)) - StateMachineUpdater:66802454-a46f-43c1-848a-7c1fdabaf77c:group-82E04F160310: set stopIndex = 18
2019-07-16 14:30:11,182 INFO  ratis.ContainerStateMachine (ContainerStateMachine.java:takeSnapshot(257)) - group-82E04F160310: Finished taking a snapshot at:(t:1, i:17) file:/workdir/hadoop-ozone/integration-test/target/test-dir/MiniOzoneClusterImpl-479c7609-b74d-4220-beb1-8eefa524396f/datanode-4/data/ratis/546be26a-fca0-4559-a280-82e04f160310/sm/snapshot.1_17 time:3
2019-07-16 14:30:11,183 INFO  impl.StateMachineUpdater (StateMachineUpdater.java:takeSnapshot(242)) - StateMachineUpdater:66802454-a46f-43c1-848a-7c1fdabaf77c:group-82E04F160310: Took a snapshot at index 17
2019-07-16 14:30:11,182 INFO  impl.StateMachineUpdater (StateMachineUpdater.java:lambda$new$0(80)) - StateMachineUpdater:1b6ee3b5-e4d3-4405-a306-cd6a587047f9:group-F08ED97E4061: snapshotIndex: updateIncreasingly -1 -> 14
2019-07-16 14:30:11,183 INFO  impl.StateMachineUpdater (StateMachineUpdater.java:lambda$new$0(80)) - StateMachineUpdater:66802454-a46f-43c1-848a-7c1fdabaf77c:group-82E04F160310: snapshotIndex: updateIncreasingly -1 -> 17
2019-07-16 14:30:11,183 INFO  impl.RaftServerImpl (ServerState.java:close(394)) - 1b6ee3b5-e4d3-4405-a306-cd6a587047f9:group-F08ED97E4061 closes. The last applied log index is 16
2019-07-16 14:30:11,183 INFO  impl.RaftServerImpl (ServerState.java:close(394)) - 66802454-a46f-43c1-848a-7c1fdabaf77c:group-82E04F160310 closes. The last applied log index is 18
2019-07-16 14:30:11,184 INFO  segmented.SegmentedRaftLogWorker (SegmentedRaftLogWorker.java:run(313)) - 1b6ee3b5-e4d3-4405-a306-cd6a587047f9-SegmentedRaftLogWorker:Storage Directory /workdir/hadoop-ozone/integration-test/target/test-dir/MiniOzoneClusterImpl-479c7609-b74d-4220-beb1-8eefa524396f/datanode-1/data/ratis/d94fdde5-632c-4765-9eef-f08ed97e4061 was interrupted, exiting. There are 0 tasks remaining in the queue.
2019-07-16 14:30:11,184 INFO  segmented.SegmentedRaftLogWorker (SegmentedRaftLogWorker.java:run(313)) - 66802454-a46f-43c1-848a-7c1fdabaf77c-SegmentedRaftLogWorker:Storage Directory /workdir/hadoop-ozone/integration-test/target/test-dir/MiniOzoneClusterImpl-479c7609-b74d-4220-beb1-8eefa524396f/datanode-4/data/ratis/546be26a-fca0-4559-a280-82e04f160310 was interrupted, exiting. There are 0 tasks remaining in the queue.
2019-07-16 14:30:11,184 INFO  segmented.SegmentedRaftLogWorker (SegmentedRaftLogWorker.java:close(228)) - 1b6ee3b5-e4d3-4405-a306-cd6a587047f9-SegmentedRaftLogWorker:Storage Directory /workdir/hadoop-ozone/integration-test/target/test-dir/MiniOzoneClusterImpl-479c7609-b74d-4220-beb1-8eefa524396f/datanode-1/data/ratis/d94fdde5-632c-4765-9eef-f08ed97e4061 close()
2019-07-16 14:30:11,184 INFO  segmented.SegmentedRaftLogWorker (SegmentedRaftLogWorker.java:close(228)) - 66802454-a46f-43c1-848a-7c1fdabaf77c-SegmentedRaftLogWorker:Storage Directory /workdir/hadoop-ozone/integration-test/target/test-dir/MiniOzoneClusterImpl-479c7609-b74d-4220-beb1-8eefa524396f/datanode-4/data/ratis/546be26a-fca0-4559-a280-82e04f160310 close()
2019-07-16 14:30:11,187 INFO  server.GrpcService (GrpcService.java:closeImpl(155)) - 1b6ee3b5-e4d3-4405-a306-cd6a587047f9: shutdown server with port 46240 now
2019-07-16 14:30:11,189 INFO  server.GrpcService (GrpcService.java:closeImpl(155)) - 66802454-a46f-43c1-848a-7c1fdabaf77c: shutdown server with port 44135 now
2019-07-16 14:30:11,191 WARN  server.GrpcServerProtocolService (LogUtils.java:warn(134)) - 66802454-a46f-43c1-848a-7c1fdabaf77c: appendEntries onError: org.apache.ratis.thirdparty.io.grpc.StatusRuntimeException: CANCELLED: cancelled before receiving half close
2019-07-16 14:30:11,191 INFO  server.GrpcService (GrpcService.java:closeImpl(163)) - 1b6ee3b5-e4d3-4405-a306-cd6a587047f9: shutdown server with port 46240 successfully
2019-07-16 14:30:11,191 WARN  server.GrpcLogAppender (LogUtils.java:warn(134)) - 5014ae59-fdca-4c19-9f95-a5a895a6fc17->66802454-a46f-43c1-848a-7c1fdabaf77c: Failed appendEntries: org.apache.ratis.thirdparty.io.grpc.StatusRuntimeException: CANCELLED: HTTP/2 error code: CANCEL
Received Rst Stream
2019-07-16 14:30:11,191 INFO  server.GrpcService (GrpcService.java:closeImpl(163)) - 66802454-a46f-43c1-848a-7c1fdabaf77c: shutdown server with port 44135 successfully
2019-07-16 14:30:11,191 WARN  server.GrpcServerProtocolService (LogUtils.java:warn(134)) - 1b6ee3b5-e4d3-4405-a306-cd6a587047f9: appendEntries onError: org.apache.ratis.thirdparty.io.grpc.StatusRuntimeException: CANCELLED: cancelled before receiving half close
2019-07-16 14:30:11,191 INFO  impl.FollowerInfo (FollowerInfo.java:lambda$new$0(50)) - 5014ae59-fdca-4c19-9f95-a5a895a6fc17->66802454-a46f-43c1-848a-7c1fdabaf77c: nextIndex: updateUnconditionally 19 -> 18
2019-07-16 14:30:11,191 WARN  server.GrpcLogAppender (LogUtils.java:warn(134)) - 223c2dc0-f540-405a-83dc-e3447ea605a6->1b6ee3b5-e4d3-4405-a306-cd6a587047f9: Failed appendEntries: org.apache.ratis.thirdparty.io.grpc.StatusRuntimeException: CANCELLED: HTTP/2 error code: CANCEL
Received Rst Stream
2019-07-16 14:30:11,193 INFO  impl.FollowerInfo (FollowerInfo.java:lambda$new$0(50)) - 223c2dc0-f540-405a-83dc-e3447ea605a6->1b6ee3b5-e4d3-4405-a306-cd6a587047f9: nextIndex: updateUnconditionally 17 -> 16
2019-07-16 14:30:11,193 INFO  utils.BackgroundService (BackgroundService.java:shutdown(148)) - Shutting down service BlockDeletingService
2019-07-16 14:30:11,195 WARN  fs.CachingGetSpaceUsed (CachingGetSpaceUsed.java:run(183)) - Thread Interrupted waiting to refresh disk information: sleep interrupted
2019-07-16 14:30:11,196 INFO  utils.BackgroundService (BackgroundService.java:shutdown(148)) - Shutting down service BlockDeletingService
2019-07-16 14:30:11,203 WARN  fs.CachingGetSpaceUsed (CachingGetSpaceUsed.java:run(183)) - Thread Interrupted waiting to refresh disk information: sleep interrupted
2019-07-16 14:30:11,220 INFO  statemachine.DatanodeStateMachine (DatanodeStateMachine.java:stopDaemon(395)) - Ozone container server stopped.
2019-07-16 14:30:11,228 INFO  statemachine.DatanodeStateMachine (DatanodeStateMachine.java:stopDaemon(395)) - Ozone container server stopped.
2019-07-16 14:30:11,240 INFO  handler.ContextHandler (ContextHandler.java:doStop(910)) - Stopped o.e.j.w.WebAppContext@74cf108b{/,null,UNAVAILABLE}{/hddsDatanode}
2019-07-16 14:30:11,247 INFO  handler.ContextHandler (ContextHandler.java:doStop(910)) - Stopped o.e.j.w.WebAppContext@5c4c4e96{/,null,UNAVAILABLE}{/hddsDatanode}
2019-07-16 14:30:11,248 INFO  server.AbstractConnector (AbstractConnector.java:doStop(318)) - Stopped ServerConnector@56c72fff{HTTP/1.1,[http/1.1]}{0.0.0.0:0}
2019-07-16 14:30:11,248 INFO  server.AbstractConnector (AbstractConnector.java:doStop(318)) - Stopped ServerConnector@25d73ca6{HTTP/1.1,[http/1.1]}{0.0.0.0:0}
2019-07-16 14:30:11,248 INFO  handler.ContextHandler (ContextHandler.java:doStop(910)) - Stopped o.e.j.s.ServletContextHandler@7b3b0896{/static,jar:file:/home/user/.m2/repository/org/apache/hadoop/hadoop-hdds-container-service/0.5.0-SNAPSHOT/hadoop-hdds-container-service-0.5.0-SNAPSHOT.jar!/webapps/static,UNAVAILABLE}
2019-07-16 14:30:11,250 INFO  handler.ContextHandler (ContextHandler.java:doStop(910)) - Stopped o.e.j.s.ServletContextHandler@67c1f5be{/static,jar:file:/home/user/.m2/repository/org/apache/hadoop/hadoop-hdds-container-service/0.5.0-SNAPSHOT/hadoop-hdds-container-service-0.5.0-SNAPSHOT.jar!/webapps/static,UNAVAILABLE}
2019-07-16 14:30:11,251 INFO  handler.ContextHandler (ContextHandler.java:doStop(910)) - Stopped o.e.j.s.ServletContextHandler@279c94ad{/logs,file:///workdir/hadoop-ozone/integration-test/target/log,UNAVAILABLE}
2019-07-16 14:30:11,253 INFO  handler.ContextHandler (ContextHandler.java:doStop(910)) - Stopped o.e.j.s.ServletContextHandler@4691e2f5{/logs,file:///workdir/hadoop-ozone/integration-test/target/log,UNAVAILABLE}
2019-07-16 14:30:11,254 INFO  datanode.ObjectStoreHandler (ObjectStoreHandler.java:close(155)) - Closing ObjectStoreHandler.
2019-07-16 14:30:11,254 INFO  datanode.ObjectStoreHandler (ObjectStoreHandler.java:close(155)) - Closing ObjectStoreHandler.
2019-07-16 14:30:11,254 INFO  ozone.HddsDatanodeService (HddsDatanodeService.java:stop(452)) - Stopped plug-in org.apache.hadoop.ozone.web.OzoneHddsDatanodeService@7e2cebdf
2019-07-16 14:30:11,255 INFO  ozone.HddsDatanodeService (HddsDatanodeService.java:stop(452)) - Stopped plug-in org.apache.hadoop.ozone.web.OzoneHddsDatanodeService@6d575cd8
2019-07-16 14:30:11,857 INFO  statemachine.DatanodeStateMachine (DatanodeStateMachine.java:lambda$startDaemon$0(350)) - Ozone container server started.
2019-07-16 14:30:12,091 WARN  server.GrpcLogAppender (LogUtils.java:warn(134)) - 5014ae59-fdca-4c19-9f95-a5a895a6fc17->66802454-a46f-43c1-848a-7c1fdabaf77c: Failed appendEntries: org.apache.ratis.thirdparty.io.grpc.StatusRuntimeException: UNAVAILABLE: io exception
2019-07-16 14:30:12,091 INFO  impl.FollowerInfo (FollowerInfo.java:lambda$new$0(50)) - 5014ae59-fdca-4c19-9f95-a5a895a6fc17->66802454-a46f-43c1-848a-7c1fdabaf77c: nextIndex: updateUnconditionally 18 -> 17
2019-07-16 14:30:12,103 INFO  statemachine.DatanodeStateMachine (DatanodeStateMachine.java:lambda$startDaemon$0(350)) - Ozone container server started.
2019-07-16 14:30:13,550 WARN  server.GrpcLogAppender (LogUtils.java:warn(134)) - 223c2dc0-f540-405a-83dc-e3447ea605a6->1b6ee3b5-e4d3-4405-a306-cd6a587047f9: Failed appendEntries: org.apache.ratis.thirdparty.io.grpc.StatusRuntimeException: UNAVAILABLE: io exception
2019-07-16 14:30:13,550 INFO  impl.FollowerInfo (FollowerInfo.java:lambda$new$0(50)) - 223c2dc0-f540-405a-83dc-e3447ea605a6->1b6ee3b5-e4d3-4405-a306-cd6a587047f9: nextIndex: updateUnconditionally 16 -> 15
2019-07-16 14:30:13,887 WARN  server.GrpcLogAppender (LogUtils.java:warn(134)) - 223c2dc0-f540-405a-83dc-e3447ea605a6->1b6ee3b5-e4d3-4405-a306-cd6a587047f9: Failed appendEntries: org.apache.ratis.thirdparty.io.grpc.StatusRuntimeException: UNAVAILABLE: io exception
2019-07-16 14:30:13,888 INFO  impl.FollowerInfo (FollowerInfo.java:lambda$new$0(50)) - 223c2dc0-f540-405a-83dc-e3447ea605a6->1b6ee3b5-e4d3-4405-a306-cd6a587047f9: nextIndex: updateUnconditionally 16 -> 15
2019-07-16 14:30:13,902 WARN  server.GrpcLogAppender (LogUtils.java:warn(134)) - 223c2dc0-f540-405a-83dc-e3447ea605a6->1b6ee3b5-e4d3-4405-a306-cd6a587047f9: Failed appendEntries: org.apache.ratis.thirdparty.io.grpc.StatusRuntimeException: UNAVAILABLE: io exception
2019-07-16 14:30:13,903 INFO  impl.FollowerInfo (FollowerInfo.java:lambda$new$0(50)) - 223c2dc0-f540-405a-83dc-e3447ea605a6->1b6ee3b5-e4d3-4405-a306-cd6a587047f9: nextIndex: updateUnconditionally 16 -> 15
2019-07-16 14:30:13,910 WARN  server.GrpcLogAppender (LogUtils.java:warn(134)) - 223c2dc0-f540-405a-83dc-e3447ea605a6->1b6ee3b5-e4d3-4405-a306-cd6a587047f9: Failed appendEntries: org.apache.ratis.thirdparty.io.grpc.StatusRuntimeException: UNAVAILABLE: io exception
2019-07-16 14:30:13,911 INFO  impl.FollowerInfo (FollowerInfo.java:lambda$new$0(50)) - 223c2dc0-f540-405a-83dc-e3447ea605a6->1b6ee3b5-e4d3-4405-a306-cd6a587047f9: nextIndex: updateUnconditionally 16 -> 15
2019-07-16 14:30:13,942 INFO  interfaces.Container (KeyValueContainer.java:compactDB(356)) - Container 2 is closed with bcsId 14.
2019-07-16 14:30:13,969 INFO  interfaces.Container (KeyValueContainer.java:compactDB(356)) - Container 2 is closed with bcsId 14.
2019-07-16 14:30:14,592 WARN  server.GrpcLogAppender (LogUtils.java:warn(134)) - 5014ae59-fdca-4c19-9f95-a5a895a6fc17->66802454-a46f-43c1-848a-7c1fdabaf77c: Failed appendEntries: org.apache.ratis.thirdparty.io.grpc.StatusRuntimeException: UNAVAILABLE: io exception
2019-07-16 14:30:14,592 INFO  impl.FollowerInfo (FollowerInfo.java:lambda$new$0(50)) - 5014ae59-fdca-4c19-9f95-a5a895a6fc17->66802454-a46f-43c1-848a-7c1fdabaf77c: nextIndex: updateUnconditionally 17 -> 16
2019-07-16 14:30:15,861 INFO  node.StaleNodeHandler (StaleNodeHandler.java:onMessage(58)) - Datanode e62bb0c6-ea95-4fac-8e7b-0d6eb66883df{ip: 192.168.157.241, host: trunk-nightly-gllmw-2332419065, networkLocation: /default-rack, certSerialId: null} moved to stale state. Finalizing its pipelines [PipelineID=90b063ff-b239-482e-8aa0-9641d2a6bfdc, PipelineID=d94fdde5-632c-4765-9eef-f08ed97e4061]
2019-07-16 14:30:15,862 INFO  pipeline.SCMPipelineManager (SCMPipelineManager.java:finalizeAndDestroyPipeline(309)) - destroying pipeline:Pipeline[ Id: 90b063ff-b239-482e-8aa0-9641d2a6bfdc, Nodes: e62bb0c6-ea95-4fac-8e7b-0d6eb66883df{ip: 192.168.157.241, host: trunk-nightly-gllmw-2332419065, networkLocation: /default-rack, certSerialId: null}, Type:RATIS, Factor:ONE, State:OPEN]
2019-07-16 14:30:15,862 INFO  pipeline.PipelineStateManager (PipelineStateManager.java:finalizePipeline(123)) - Pipeline Pipeline[ Id: 90b063ff-b239-482e-8aa0-9641d2a6bfdc, Nodes: e62bb0c6-ea95-4fac-8e7b-0d6eb66883df{ip: 192.168.157.241, host: trunk-nightly-gllmw-2332419065, networkLocation: /default-rack, certSerialId: null}, Type:RATIS, Factor:ONE, State:CLOSED] moved to CLOSED state
2019-07-16 14:30:15,862 INFO  pipeline.SCMPipelineManager (SCMPipelineManager.java:finalizeAndDestroyPipeline(309)) - destroying pipeline:Pipeline[ Id: d94fdde5-632c-4765-9eef-f08ed97e4061, Nodes: e62bb0c6-ea95-4fac-8e7b-0d6eb66883df{ip: 192.168.157.241, host: trunk-nightly-gllmw-2332419065, networkLocation: /default-rack, certSerialId: null}1b6ee3b5-e4d3-4405-a306-cd6a587047f9{ip: 192.168.157.241, host: trunk-nightly-gllmw-2332419065, networkLocation: /default-rack, certSerialId: null}223c2dc0-f540-405a-83dc-e3447ea605a6{ip: 192.168.157.241, host: trunk-nightly-gllmw-2332419065, networkLocation: /default-rack, certSerialId: null}, Type:RATIS, Factor:THREE, State:CLOSED]
2019-07-16 14:30:16,162 INFO  node.StaleNodeHandler (StaleNodeHandler.java:onMessage(58)) - Datanode 5014ae59-fdca-4c19-9f95-a5a895a6fc17{ip: 192.168.157.241, host: trunk-nightly-gllmw-2332419065, networkLocation: /default-rack, certSerialId: null} moved to stale state. Finalizing its pipelines [PipelineID=3364b949-e88c-4d41-9281-c9b71a6da786, PipelineID=546be26a-fca0-4559-a280-82e04f160310]
2019-07-16 14:30:16,162 INFO  pipeline.SCMPipelineManager (SCMPipelineManager.java:finalizeAndDestroyPipeline(309)) - destroying pipeline:Pipeline[ Id: 3364b949-e88c-4d41-9281-c9b71a6da786, Nodes: 5014ae59-fdca-4c19-9f95-a5a895a6fc17{ip: 192.168.157.241, host: trunk-nightly-gllmw-2332419065, networkLocation: /default-rack, certSerialId: null}, Type:RATIS, Factor:ONE, State:OPEN]
2019-07-16 14:30:16,162 INFO  pipeline.PipelineStateManager (PipelineStateManager.java:finalizePipeline(123)) - Pipeline Pipeline[ Id: 3364b949-e88c-4d41-9281-c9b71a6da786, Nodes: 5014ae59-fdca-4c19-9f95-a5a895a6fc17{ip: 192.168.157.241, host: trunk-nightly-gllmw-2332419065, networkLocation: /default-rack, certSerialId: null}, Type:RATIS, Factor:ONE, State:CLOSED] moved to CLOSED state
2019-07-16 14:30:16,162 INFO  pipeline.SCMPipelineManager (SCMPipelineManager.java:finalizeAndDestroyPipeline(309)) - destroying pipeline:Pipeline[ Id: 546be26a-fca0-4559-a280-82e04f160310, Nodes: 5014ae59-fdca-4c19-9f95-a5a895a6fc17{ip: 192.168.157.241, host: trunk-nightly-gllmw-2332419065, networkLocation: /default-rack, certSerialId: null}a0a358c4-b048-4014-9238-672f8f885af6{ip: 192.168.157.241, host: trunk-nightly-gllmw-2332419065, networkLocation: /default-rack, certSerialId: null}66802454-a46f-43c1-848a-7c1fdabaf77c{ip: 192.168.157.241, host: trunk-nightly-gllmw-2332419065, networkLocation: /default-rack, certSerialId: null}, Type:RATIS, Factor:THREE, State:CLOSED]
2019-07-16 14:30:16,255 INFO  ozoneimpl.OzoneContainer (OzoneContainer.java:stop(199)) - Attempting to stop container services.
2019-07-16 14:30:16,255 INFO  ozoneimpl.OzoneContainer (OzoneContainer.java:stop(199)) - Attempting to stop container services.
2019-07-16 14:30:16,256 INFO  impl.RaftServerProxy (RaftServerProxy.java:lambda$close$4(314)) - 5014ae59-fdca-4c19-9f95-a5a895a6fc17: close
2019-07-16 14:30:16,256 INFO  impl.RaftServerProxy (RaftServerProxy.java:lambda$close$4(314)) - e62bb0c6-ea95-4fac-8e7b-0d6eb66883df: close
2019-07-16 14:30:16,257 INFO  impl.RaftServerImpl (RaftServerImpl.java:lambda$shutdown$3(245)) - 5014ae59-fdca-4c19-9f95-a5a895a6fc17: shutdown group-C9B71A6DA786
2019-07-16 14:30:16,257 INFO  impl.RaftServerImpl (RaftServerImpl.java:lambda$shutdown$3(245)) - e62bb0c6-ea95-4fac-8e7b-0d6eb66883df: shutdown group-9641D2A6BFDC
2019-07-16 14:30:16,257 INFO  util.JmxRegister (JmxRegister.java:unregister(73)) - Successfully un-registered JMX Bean with object name Ratis:service=RaftServer,group=group-C9B71A6DA786,id=5014ae59-fdca-4c19-9f95-a5a895a6fc17
2019-07-16 14:30:16,258 INFO  impl.RoleInfo (RoleInfo.java:shutdownLeaderState(104)) - 5014ae59-fdca-4c19-9f95-a5a895a6fc17: shutdown LeaderState
2019-07-16 14:30:16,257 INFO  util.JmxRegister (JmxRegister.java:unregister(73)) - Successfully un-registered JMX Bean with object name Ratis:service=RaftServer,group=group-9641D2A6BFDC,id=e62bb0c6-ea95-4fac-8e7b-0d6eb66883df
2019-07-16 14:30:16,258 INFO  impl.PendingRequests (PendingRequests.java:sendNotLeaderResponses(202)) - 5014ae59-fdca-4c19-9f95-a5a895a6fc17-PendingRequests: sendNotLeaderResponses
2019-07-16 14:30:16,259 INFO  impl.RoleInfo (RoleInfo.java:shutdownLeaderState(104)) - e62bb0c6-ea95-4fac-8e7b-0d6eb66883df: shutdown LeaderState
2019-07-16 14:30:16,259 INFO  impl.StateMachineUpdater (StateMachineUpdater.java:stopAndJoin(115)) - StateMachineUpdater:5014ae59-fdca-4c19-9f95-a5a895a6fc17:group-C9B71A6DA786: set stopIndex = 0
2019-07-16 14:30:16,260 INFO  impl.RaftServerImpl (ServerState.java:close(394)) - 5014ae59-fdca-4c19-9f95-a5a895a6fc17:group-C9B71A6DA786 closes. The last applied log index is 0
2019-07-16 14:30:16,259 INFO  impl.PendingRequests (PendingRequests.java:sendNotLeaderResponses(202)) - e62bb0c6-ea95-4fac-8e7b-0d6eb66883df-PendingRequests: sendNotLeaderResponses
2019-07-16 14:30:16,260 INFO  segmented.SegmentedRaftLogWorker (SegmentedRaftLogWorker.java:run(313)) - 5014ae59-fdca-4c19-9f95-a5a895a6fc17-SegmentedRaftLogWorker:Storage Directory /workdir/hadoop-ozone/integration-test/target/test-dir/MiniOzoneClusterImpl-479c7609-b74d-4220-beb1-8eefa524396f/datanode-3/data/ratis/3364b949-e88c-4d41-9281-c9b71a6da786 was interrupted, exiting. There are 0 tasks remaining in the queue.
2019-07-16 14:30:16,261 INFO  impl.StateMachineUpdater (StateMachineUpdater.java:stopAndJoin(115)) - StateMachineUpdater:e62bb0c6-ea95-4fac-8e7b-0d6eb66883df:group-9641D2A6BFDC: set stopIndex = 0
2019-07-16 14:30:16,261 INFO  segmented.SegmentedRaftLogWorker (SegmentedRaftLogWorker.java:close(228)) - 5014ae59-fdca-4c19-9f95-a5a895a6fc17-SegmentedRaftLogWorker:Storage Directory /workdir/hadoop-ozone/integration-test/target/test-dir/MiniOzoneClusterImpl-479c7609-b74d-4220-beb1-8eefa524396f/datanode-3/data/ratis/3364b949-e88c-4d41-9281-c9b71a6da786 close()
2019-07-16 14:30:16,261 INFO  impl.RaftServerImpl (ServerState.java:close(394)) - e62bb0c6-ea95-4fac-8e7b-0d6eb66883df:group-9641D2A6BFDC closes. The last applied log index is 0
2019-07-16 14:30:16,264 INFO  impl.RaftServerImpl (RaftServerImpl.java:lambda$shutdown$3(245)) - 5014ae59-fdca-4c19-9f95-a5a895a6fc17: shutdown group-82E04F160310
2019-07-16 14:30:16,264 INFO  segmented.SegmentedRaftLogWorker (SegmentedRaftLogWorker.java:run(313)) - e62bb0c6-ea95-4fac-8e7b-0d6eb66883df-SegmentedRaftLogWorker:Storage Directory /workdir/hadoop-ozone/integration-test/target/test-dir/MiniOzoneClusterImpl-479c7609-b74d-4220-beb1-8eefa524396f/datanode-2/data/ratis/90b063ff-b239-482e-8aa0-9641d2a6bfdc was interrupted, exiting. There are 0 tasks remaining in the queue.
2019-07-16 14:30:16,265 INFO  util.JmxRegister (JmxRegister.java:unregister(73)) - Successfully un-registered JMX Bean with object name Ratis:service=RaftServer,group=group-82E04F160310,id=5014ae59-fdca-4c19-9f95-a5a895a6fc17
2019-07-16 14:30:16,265 INFO  segmented.SegmentedRaftLogWorker (SegmentedRaftLogWorker.java:close(228)) - e62bb0c6-ea95-4fac-8e7b-0d6eb66883df-SegmentedRaftLogWorker:Storage Directory /workdir/hadoop-ozone/integration-test/target/test-dir/MiniOzoneClusterImpl-479c7609-b74d-4220-beb1-8eefa524396f/datanode-2/data/ratis/90b063ff-b239-482e-8aa0-9641d2a6bfdc close()
2019-07-16 14:30:16,265 INFO  impl.RoleInfo (RoleInfo.java:shutdownLeaderState(104)) - 5014ae59-fdca-4c19-9f95-a5a895a6fc17: shutdown LeaderState
2019-07-16 14:30:16,268 INFO  impl.RaftServerImpl (RaftServerImpl.java:lambda$shutdown$3(245)) - e62bb0c6-ea95-4fac-8e7b-0d6eb66883df: shutdown group-F08ED97E4061
2019-07-16 14:30:16,273 WARN  server.GrpcLogAppender (GrpcLogAppender.java:mayWait(143)) - GrpcLogAppender(5014ae59-fdca-4c19-9f95-a5a895a6fc17->a0a358c4-b048-4014-9238-672f8f885af6): Wait interrupted by java.lang.InterruptedException
2019-07-16 14:30:16,273 WARN  server.GrpcLogAppender (GrpcLogAppender.java:mayWait(143)) - GrpcLogAppender(5014ae59-fdca-4c19-9f95-a5a895a6fc17->66802454-a46f-43c1-848a-7c1fdabaf77c): Wait interrupted by java.lang.InterruptedException
2019-07-16 14:30:16,273 INFO  impl.PendingRequests (PendingRequests.java:sendNotLeaderResponses(202)) - 5014ae59-fdca-4c19-9f95-a5a895a6fc17-PendingRequests: sendNotLeaderResponses
2019-07-16 14:30:16,274 INFO  server.GrpcServerProtocolService (GrpcServerProtocolService.java:onCompleted(104)) - a0a358c4-b048-4014-9238-672f8f885af6: appendEntries completed
2019-07-16 14:30:16,273 INFO  util.JmxRegister (JmxRegister.java:unregister(73)) - Successfully un-registered JMX Bean with object name Ratis:service=RaftServer,group=group-F08ED97E4061,id=e62bb0c6-ea95-4fac-8e7b-0d6eb66883df
2019-07-16 14:30:16,279 INFO  ratis.ContainerStateMachine (ContainerStateMachine.java:takeSnapshot(249)) - group-82E04F160310: Taking a snapshot at:(t:1, i:18) file /workdir/hadoop-ozone/integration-test/target/test-dir/MiniOzoneClusterImpl-479c7609-b74d-4220-beb1-8eefa524396f/datanode-3/data/ratis/546be26a-fca0-4559-a280-82e04f160310/sm/snapshot.1_18
2019-07-16 14:30:16,279 INFO  impl.StateMachineUpdater (StateMachineUpdater.java:stopAndJoin(115)) - StateMachineUpdater:5014ae59-fdca-4c19-9f95-a5a895a6fc17:group-82E04F160310: set stopIndex = 18
2019-07-16 14:30:16,279 INFO  server.GrpcLogAppender (GrpcLogAppender.java:onCompleted(292)) - 5014ae59-fdca-4c19-9f95-a5a895a6fc17->a0a358c4-b048-4014-9238-672f8f885af6: follower responses appendEntries COMPLETED
2019-07-16 14:30:16,279 INFO  impl.RoleInfo (RoleInfo.java:shutdownFollowerState(121)) - e62bb0c6-ea95-4fac-8e7b-0d6eb66883df: shutdown FollowerState
2019-07-16 14:30:16,280 INFO  impl.FollowerInfo (FollowerInfo.java:lambda$new$0(50)) - 5014ae59-fdca-4c19-9f95-a5a895a6fc17->a0a358c4-b048-4014-9238-672f8f885af6: nextIndex: updateUnconditionally 19 -> 18
2019-07-16 14:30:16,280 INFO  ratis.ContainerStateMachine (ContainerStateMachine.java:takeSnapshot(257)) - group-82E04F160310: Finished taking a snapshot at:(t:1, i:18) file:/workdir/hadoop-ozone/integration-test/target/test-dir/MiniOzoneClusterImpl-479c7609-b74d-4220-beb1-8eefa524396f/datanode-3/data/ratis/546be26a-fca0-4559-a280-82e04f160310/sm/snapshot.1_18 time:1
2019-07-16 14:30:16,280 INFO  impl.FollowerState (FollowerState.java:run(114)) - e62bb0c6-ea95-4fac-8e7b-0d6eb66883df: FollowerState was interrupted: java.lang.InterruptedException: sleep interrupted
2019-07-16 14:30:16,280 INFO  ratis.ContainerStateMachine (ContainerStateMachine.java:takeSnapshot(249)) - group-F08ED97E4061: Taking a snapshot at:(t:2, i:17) file /workdir/hadoop-ozone/integration-test/target/test-dir/MiniOzoneClusterImpl-479c7609-b74d-4220-beb1-8eefa524396f/datanode-2/data/ratis/d94fdde5-632c-4765-9eef-f08ed97e4061/sm/snapshot.2_17
2019-07-16 14:30:16,280 INFO  impl.StateMachineUpdater (StateMachineUpdater.java:stopAndJoin(115)) - StateMachineUpdater:e62bb0c6-ea95-4fac-8e7b-0d6eb66883df:group-F08ED97E4061: set stopIndex = 17
2019-07-16 14:30:16,284 INFO  ratis.ContainerStateMachine (ContainerStateMachine.java:takeSnapshot(257)) - group-F08ED97E4061: Finished taking a snapshot at:(t:2, i:17) file:/workdir/hadoop-ozone/integration-test/target/test-dir/MiniOzoneClusterImpl-479c7609-b74d-4220-beb1-8eefa524396f/datanode-2/data/ratis/d94fdde5-632c-4765-9eef-f08ed97e4061/sm/snapshot.2_17 time:3
2019-07-16 14:30:16,281 INFO  impl.StateMachineUpdater (StateMachineUpdater.java:takeSnapshot(242)) - StateMachineUpdater:5014ae59-fdca-4c19-9f95-a5a895a6fc17:group-82E04F160310: Took a snapshot at index 18
2019-07-16 14:30:16,284 INFO  impl.StateMachineUpdater (StateMachineUpdater.java:takeSnapshot(242)) - StateMachineUpdater:e62bb0c6-ea95-4fac-8e7b-0d6eb66883df:group-F08ED97E4061: Took a snapshot at index 17
2019-07-16 14:30:16,284 INFO  impl.StateMachineUpdater (StateMachineUpdater.java:lambda$new$0(80)) - StateMachineUpdater:5014ae59-fdca-4c19-9f95-a5a895a6fc17:group-82E04F160310: snapshotIndex: updateIncreasingly -1 -> 18
2019-07-16 14:30:16,284 INFO  impl.StateMachineUpdater (StateMachineUpdater.java:lambda$new$0(80)) - StateMachineUpdater:e62bb0c6-ea95-4fac-8e7b-0d6eb66883df:group-F08ED97E4061: snapshotIndex: updateIncreasingly -1 -> 17
2019-07-16 14:30:16,285 INFO  impl.RaftServerImpl (ServerState.java:close(394)) - 5014ae59-fdca-4c19-9f95-a5a895a6fc17:group-82E04F160310 closes. The last applied log index is 18
2019-07-16 14:30:16,285 INFO  impl.RaftServerImpl (ServerState.java:close(394)) - e62bb0c6-ea95-4fac-8e7b-0d6eb66883df:group-F08ED97E4061 closes. The last applied log index is 17
2019-07-16 14:30:16,285 INFO  segmented.SegmentedRaftLogWorker (SegmentedRaftLogWorker.java:run(313)) - 5014ae59-fdca-4c19-9f95-a5a895a6fc17-SegmentedRaftLogWorker:Storage Directory /workdir/hadoop-ozone/integration-test/target/test-dir/MiniOzoneClusterImpl-479c7609-b74d-4220-beb1-8eefa524396f/datanode-3/data/ratis/546be26a-fca0-4559-a280-82e04f160310 was interrupted, exiting. There are 0 tasks remaining in the queue.
2019-07-16 14:30:16,286 INFO  segmented.SegmentedRaftLogWorker (SegmentedRaftLogWorker.java:run(313)) - e62bb0c6-ea95-4fac-8e7b-0d6eb66883df-SegmentedRaftLogWorker:Storage Directory /workdir/hadoop-ozone/integration-test/target/test-dir/MiniOzoneClusterImpl-479c7609-b74d-4220-beb1-8eefa524396f/datanode-2/data/ratis/d94fdde5-632c-4765-9eef-f08ed97e4061 was interrupted, exiting. There are 0 tasks remaining in the queue.
2019-07-16 14:30:16,288 INFO  segmented.SegmentedRaftLogWorker (SegmentedRaftLogWorker.java:close(228)) - 5014ae59-fdca-4c19-9f95-a5a895a6fc17-SegmentedRaftLogWorker:Storage Directory /workdir/hadoop-ozone/integration-test/target/test-dir/MiniOzoneClusterImpl-479c7609-b74d-4220-beb1-8eefa524396f/datanode-3/data/ratis/546be26a-fca0-4559-a280-82e04f160310 close()
2019-07-16 14:30:16,288 INFO  segmented.SegmentedRaftLogWorker (SegmentedRaftLogWorker.java:close(228)) - e62bb0c6-ea95-4fac-8e7b-0d6eb66883df-SegmentedRaftLogWorker:Storage Directory /workdir/hadoop-ozone/integration-test/target/test-dir/MiniOzoneClusterImpl-479c7609-b74d-4220-beb1-8eefa524396f/datanode-2/data/ratis/d94fdde5-632c-4765-9eef-f08ed97e4061 close()
2019-07-16 14:30:16,291 INFO  server.GrpcService (GrpcService.java:closeImpl(155)) - 5014ae59-fdca-4c19-9f95-a5a895a6fc17: shutdown server with port 33053 now
2019-07-16 14:30:16,293 INFO  server.GrpcService (GrpcService.java:closeImpl(155)) - e62bb0c6-ea95-4fac-8e7b-0d6eb66883df: shutdown server with port 44866 now
2019-07-16 14:30:16,294 WARN  client.GrpcClientProtocolService (LogUtils.java:warn(134)) - 3-UnorderedRequestStreamObserver3: onError: org.apache.ratis.thirdparty.io.grpc.StatusRuntimeException: CANCELLED: cancelled before receiving half close
2019-07-16 14:30:16,294 INFO  server.GrpcService (GrpcService.java:closeImpl(163)) - 5014ae59-fdca-4c19-9f95-a5a895a6fc17: shutdown server with port 33053 successfully
2019-07-16 14:30:16,295 INFO  server.GrpcService (GrpcService.java:closeImpl(163)) - e62bb0c6-ea95-4fac-8e7b-0d6eb66883df: shutdown server with port 44866 successfully
2019-07-16 14:30:16,295 WARN  server.GrpcServerProtocolService (LogUtils.java:warn(134)) - e62bb0c6-ea95-4fac-8e7b-0d6eb66883df: appendEntries onError: org.apache.ratis.thirdparty.io.grpc.StatusRuntimeException: CANCELLED: cancelled before receiving half close
2019-07-16 14:30:16,295 WARN  server.GrpcLogAppender (LogUtils.java:warn(134)) - 223c2dc0-f540-405a-83dc-e3447ea605a6->e62bb0c6-ea95-4fac-8e7b-0d6eb66883df: Failed appendEntries: org.apache.ratis.thirdparty.io.grpc.StatusRuntimeException: CANCELLED: HTTP/2 error code: CANCEL
Received Rst Stream
2019-07-16 14:30:16,296 INFO  impl.FollowerInfo (FollowerInfo.java:lambda$new$0(50)) - 223c2dc0-f540-405a-83dc-e3447ea605a6->e62bb0c6-ea95-4fac-8e7b-0d6eb66883df: nextIndex: updateUnconditionally 19 -> 18
2019-07-16 14:30:16,297 INFO  utils.BackgroundService (BackgroundService.java:shutdown(148)) - Shutting down service BlockDeletingService
2019-07-16 14:30:16,299 INFO  utils.BackgroundService (BackgroundService.java:shutdown(148)) - Shutting down service BlockDeletingService
2019-07-16 14:30:16,306 WARN  fs.CachingGetSpaceUsed (CachingGetSpaceUsed.java:run(183)) - Thread Interrupted waiting to refresh disk information: sleep interrupted
2019-07-16 14:30:16,307 WARN  fs.CachingGetSpaceUsed (CachingGetSpaceUsed.java:run(183)) - Thread Interrupted waiting to refresh disk information: sleep interrupted
2019-07-16 14:30:16,325 INFO  statemachine.DatanodeStateMachine (DatanodeStateMachine.java:stopDaemon(395)) - Ozone container server stopped.
2019-07-16 14:30:16,331 INFO  statemachine.DatanodeStateMachine (DatanodeStateMachine.java:stopDaemon(395)) - Ozone container server stopped.
2019-07-16 14:30:16,338 INFO  handler.ContextHandler (ContextHandler.java:doStop(910)) - Stopped o.e.j.w.WebAppContext@54c3b0dd{/,null,UNAVAILABLE}{/hddsDatanode}
2019-07-16 14:30:16,338 INFO  handler.ContextHandler (ContextHandler.java:doStop(910)) - Stopped o.e.j.w.WebAppContext@3b6f7ab3{/,null,UNAVAILABLE}{/hddsDatanode}
2019-07-16 14:30:16,339 INFO  server.AbstractConnector (AbstractConnector.java:doStop(318)) - Stopped ServerConnector@6c40ae2d{HTTP/1.1,[http/1.1]}{0.0.0.0:0}
2019-07-16 14:30:16,339 INFO  server.AbstractConnector (AbstractConnector.java:doStop(318)) - Stopped ServerConnector@2eab279{HTTP/1.1,[http/1.1]}{0.0.0.0:0}
2019-07-16 14:30:16,339 INFO  handler.ContextHandler (ContextHandler.java:doStop(910)) - Stopped o.e.j.s.ServletContextHandler@2b009051{/static,jar:file:/home/user/.m2/repository/org/apache/hadoop/hadoop-hdds-container-service/0.5.0-SNAPSHOT/hadoop-hdds-container-service-0.5.0-SNAPSHOT.jar!/webapps/static,UNAVAILABLE}
2019-07-16 14:30:16,341 INFO  handler.ContextHandler (ContextHandler.java:doStop(910)) - Stopped o.e.j.s.ServletContextHandler@71639428{/static,jar:file:/home/user/.m2/repository/org/apache/hadoop/hadoop-hdds-container-service/0.5.0-SNAPSHOT/hadoop-hdds-container-service-0.5.0-SNAPSHOT.jar!/webapps/static,UNAVAILABLE}
2019-07-16 14:30:16,342 INFO  handler.ContextHandler (ContextHandler.java:doStop(910)) - Stopped o.e.j.s.ServletContextHandler@2fb3c642{/logs,file:///workdir/hadoop-ozone/integration-test/target/log,UNAVAILABLE}
2019-07-16 14:30:16,344 INFO  handler.ContextHandler (ContextHandler.java:doStop(910)) - Stopped o.e.j.s.ServletContextHandler@247246ea{/logs,file:///workdir/hadoop-ozone/integration-test/target/log,UNAVAILABLE}
2019-07-16 14:30:16,345 INFO  datanode.ObjectStoreHandler (ObjectStoreHandler.java:close(155)) - Closing ObjectStoreHandler.
2019-07-16 14:30:16,345 INFO  ozone.HddsDatanodeService (HddsDatanodeService.java:stop(452)) - Stopped plug-in org.apache.hadoop.ozone.web.OzoneHddsDatanodeService@6413fef3
2019-07-16 14:30:16,345 INFO  datanode.ObjectStoreHandler (ObjectStoreHandler.java:close(155)) - Closing ObjectStoreHandler.
2019-07-16 14:30:16,346 INFO  ozone.HddsDatanodeService (HddsDatanodeService.java:stop(452)) - Stopped plug-in org.apache.hadoop.ozone.web.OzoneHddsDatanodeService@1ab6a093
2019-07-16 14:30:16,411 WARN  server.GrpcLogAppender (LogUtils.java:warn(134)) - 223c2dc0-f540-405a-83dc-e3447ea605a6->e62bb0c6-ea95-4fac-8e7b-0d6eb66883df: Failed appendEntries: org.apache.ratis.thirdparty.io.grpc.StatusRuntimeException: UNAVAILABLE: io exception
2019-07-16 14:30:16,411 WARN  server.GrpcLogAppender (LogUtils.java:warn(134)) - 223c2dc0-f540-405a-83dc-e3447ea605a6->1b6ee3b5-e4d3-4405-a306-cd6a587047f9: Failed appendEntries: org.apache.ratis.thirdparty.io.grpc.StatusRuntimeException: UNAVAILABLE: io exception
2019-07-16 14:30:16,411 INFO  impl.FollowerInfo (FollowerInfo.java:lambda$new$0(50)) - 223c2dc0-f540-405a-83dc-e3447ea605a6->e62bb0c6-ea95-4fac-8e7b-0d6eb66883df: nextIndex: updateUnconditionally 18 -> 17
2019-07-16 14:30:16,411 INFO  impl.FollowerInfo (FollowerInfo.java:lambda$new$0(50)) - 223c2dc0-f540-405a-83dc-e3447ea605a6->1b6ee3b5-e4d3-4405-a306-cd6a587047f9: nextIndex: updateUnconditionally 15 -> 14
2019-07-16 14:30:16,567 INFO  statemachine.DatanodeStateMachine (DatanodeStateMachine.java:lambda$startDaemon$0(350)) - Ozone container server started.
2019-07-16 14:30:16,943 INFO  statemachine.DatanodeStateMachine (DatanodeStateMachine.java:lambda$startDaemon$0(350)) - Ozone container server started.
2019-07-16 14:30:18,912 WARN  server.GrpcLogAppender (LogUtils.java:warn(134)) - 223c2dc0-f540-405a-83dc-e3447ea605a6->e62bb0c6-ea95-4fac-8e7b-0d6eb66883df: Failed appendEntries: org.apache.ratis.thirdparty.io.grpc.StatusRuntimeException: UNAVAILABLE: io exception
2019-07-16 14:30:18,912 WARN  server.GrpcLogAppender (LogUtils.java:warn(134)) - 223c2dc0-f540-405a-83dc-e3447ea605a6->1b6ee3b5-e4d3-4405-a306-cd6a587047f9: Failed appendEntries: org.apache.ratis.thirdparty.io.grpc.StatusRuntimeException: UNAVAILABLE: io exception
2019-07-16 14:30:18,912 INFO  impl.FollowerInfo (FollowerInfo.java:lambda$new$0(50)) - 223c2dc0-f540-405a-83dc-e3447ea605a6->e62bb0c6-ea95-4fac-8e7b-0d6eb66883df: nextIndex: updateUnconditionally 17 -> 16
2019-07-16 14:30:18,912 INFO  impl.FollowerInfo (FollowerInfo.java:lambda$new$0(50)) - 223c2dc0-f540-405a-83dc-e3447ea605a6->1b6ee3b5-e4d3-4405-a306-cd6a587047f9: nextIndex: updateUnconditionally 14 -> 13
2019-07-16 14:30:20,570 INFO  node.StaleNodeHandler (StaleNodeHandler.java:onMessage(58)) - Datanode 10576b7c-fc76-40a9-be35-e256424049b5{ip: 192.168.157.241, host: trunk-nightly-gllmw-2332419065, networkLocation: /default-rack, certSerialId: null} moved to stale state. Finalizing its pipelines [PipelineID=a47cde60-5233-44db-8a1e-610c1cea2a4c]
2019-07-16 14:30:20,570 INFO  pipeline.SCMPipelineManager (SCMPipelineManager.java:finalizeAndDestroyPipeline(309)) - destroying pipeline:Pipeline[ Id: a47cde60-5233-44db-8a1e-610c1cea2a4c, Nodes: 10576b7c-fc76-40a9-be35-e256424049b5{ip: 192.168.157.241, host: trunk-nightly-gllmw-2332419065, networkLocation: /default-rack, certSerialId: null}, Type:RATIS, Factor:ONE, State:OPEN]
2019-07-16 14:30:20,570 INFO  pipeline.PipelineStateManager (PipelineStateManager.java:finalizePipeline(123)) - Pipeline Pipeline[ Id: a47cde60-5233-44db-8a1e-610c1cea2a4c, Nodes: 10576b7c-fc76-40a9-be35-e256424049b5{ip: 192.168.157.241, host: trunk-nightly-gllmw-2332419065, networkLocation: /default-rack, certSerialId: null}, Type:RATIS, Factor:ONE, State:CLOSED] moved to CLOSED state
2019-07-16 14:30:20,867 INFO  impl.FollowerState (FollowerState.java:run(106)) - a0a358c4-b048-4014-9238-672f8f885af6:group-82E04F160310 changes to CANDIDATE, lastRpcTime:6274, electionTimeout:5020ms
2019-07-16 14:30:20,867 INFO  impl.RoleInfo (RoleInfo.java:shutdownFollowerState(121)) - a0a358c4-b048-4014-9238-672f8f885af6: shutdown FollowerState
2019-07-16 14:30:20,867 INFO  impl.RaftServerImpl (RaftServerImpl.java:setRole(171)) - a0a358c4-b048-4014-9238-672f8f885af6:group-82E04F160310 changes role from FOLLOWER to CANDIDATE at term 1 for changeToCandidate
2019-07-16 14:30:20,867 INFO  impl.RoleInfo (RoleInfo.java:updateAndGet(143)) - a0a358c4-b048-4014-9238-672f8f885af6: start LeaderElection
2019-07-16 14:30:20,879 INFO  impl.RaftServerImpl (ServerState.java:setLeader(263)) - a0a358c4-b048-4014-9238-672f8f885af6:group-82E04F160310 change Leader from 5014ae59-fdca-4c19-9f95-a5a895a6fc17 to null at term 1 for initElection
2019-07-16 14:30:20,894 INFO  impl.LeaderElection (LeaderElection.java:askForVotes(181)) - a0a358c4-b048-4014-9238-672f8f885af6:group-82E04F160310:LeaderElection100: begin an election at term 2 for 0: [a0a358c4-b048-4014-9238-672f8f885af6:192.168.157.241:33961, 5014ae59-fdca-4c19-9f95-a5a895a6fc17:192.168.157.241:33053, 66802454-a46f-43c1-848a-7c1fdabaf77c:192.168.157.241:44135], old=null
2019-07-16 14:30:20,896 INFO  impl.LeaderElection (LogUtils.java:infoOrTrace(149)) - a0a358c4-b048-4014-9238-672f8f885af6:group-82E04F160310:LeaderElection100 got exception when requesting votes: {}
java.util.concurrent.ExecutionException: org.apache.ratis.thirdparty.io.grpc.StatusRuntimeException: UNAVAILABLE: io exception
	at java.util.concurrent.FutureTask.report(FutureTask.java:122)
	at java.util.concurrent.FutureTask.get(FutureTask.java:192)
	at org.apache.ratis.server.impl.LeaderElection.waitForResults(LeaderElection.java:262)
	at org.apache.ratis.server.impl.LeaderElection.askForVotes(LeaderElection.java:200)
	at org.apache.ratis.server.impl.LeaderElection.run(LeaderElection.java:130)
	at java.lang.Thread.run(Thread.java:748)
Caused by: org.apache.ratis.thirdparty.io.grpc.StatusRuntimeException: UNAVAILABLE: io exception
	at org.apache.ratis.thirdparty.io.grpc.stub.ClientCalls.toStatusRuntimeException(ClientCalls.java:233)
	at org.apache.ratis.thirdparty.io.grpc.stub.ClientCalls.getUnchecked(ClientCalls.java:214)
	at org.apache.ratis.thirdparty.io.grpc.stub.ClientCalls.blockingUnaryCall(ClientCalls.java:139)
	at org.apache.ratis.proto.grpc.RaftServerProtocolServiceGrpc$RaftServerProtocolServiceBlockingStub.requestVote(RaftServerProtocolServiceGrpc.java:265)
	at org.apache.ratis.grpc.server.GrpcServerProtocolClient.requestVote(GrpcServerProtocolClient.java:83)
	at org.apache.ratis.grpc.server.GrpcService.requestVote(GrpcService.java:195)
	at org.apache.ratis.server.impl.LeaderElection.lambda$submitRequests$1(LeaderElection.java:237)
	at java.util.concurrent.FutureTask.run(FutureTask.java:266)
	at java.util.concurrent.Executors$RunnableAdapter.call(Executors.java:511)
	at java.util.concurrent.FutureTask.run(FutureTask.java:266)
	at java.util.concurrent.ThreadPoolExecutor.runWorker(ThreadPoolExecutor.java:1149)
	at java.util.concurrent.ThreadPoolExecutor$Worker.run(ThreadPoolExecutor.java:624)
	... 1 more
Caused by: org.apache.ratis.thirdparty.io.netty.channel.AbstractChannel$AnnotatedConnectException: Connection refused: /192.168.157.241:44135
	at sun.nio.ch.SocketChannelImpl.checkConnect(Native Method)
	at sun.nio.ch.SocketChannelImpl.finishConnect(SocketChannelImpl.java:717)
	at org.apache.ratis.thirdparty.io.netty.channel.socket.nio.NioSocketChannel.doFinishConnect(NioSocketChannel.java:327)
	at org.apache.ratis.thirdparty.io.netty.channel.nio.AbstractNioChannel$AbstractNioUnsafe.finishConnect(AbstractNioChannel.java:340)
	at org.apache.ratis.thirdparty.io.netty.channel.nio.NioEventLoop.processSelectedKey(NioEventLoop.java:632)
	at org.apache.ratis.thirdparty.io.netty.channel.nio.NioEventLoop.processSelectedKeysOptimized(NioEventLoop.java:579)
	at org.apache.ratis.thirdparty.io.netty.channel.nio.NioEventLoop.processSelectedKeys(NioEventLoop.java:496)
	at org.apache.ratis.thirdparty.io.netty.channel.nio.NioEventLoop.run(NioEventLoop.java:458)
	at org.apache.ratis.thirdparty.io.netty.util.concurrent.SingleThreadEventExecutor$5.run(SingleThreadEventExecutor.java:897)
	at org.apache.ratis.thirdparty.io.netty.util.concurrent.FastThreadLocalRunnable.run(FastThreadLocalRunnable.java:30)
	... 1 more
Caused by: java.net.ConnectException: Connection refused
	... 11 more
2019-07-16 14:30:20,899 INFO  impl.LeaderElection (LogUtils.java:infoOrTrace(149)) - a0a358c4-b048-4014-9238-672f8f885af6:group-82E04F160310:LeaderElection100 got exception when requesting votes: {}
java.util.concurrent.ExecutionException: org.apache.ratis.thirdparty.io.grpc.StatusRuntimeException: UNAVAILABLE: io exception
	at java.util.concurrent.FutureTask.report(FutureTask.java:122)
	at java.util.concurrent.FutureTask.get(FutureTask.java:192)
	at org.apache.ratis.server.impl.LeaderElection.waitForResults(LeaderElection.java:262)
	at org.apache.ratis.server.impl.LeaderElection.askForVotes(LeaderElection.java:200)
	at org.apache.ratis.server.impl.LeaderElection.run(LeaderElection.java:130)
	at java.lang.Thread.run(Thread.java:748)
Caused by: org.apache.ratis.thirdparty.io.grpc.StatusRuntimeException: UNAVAILABLE: io exception
	at org.apache.ratis.thirdparty.io.grpc.stub.ClientCalls.toStatusRuntimeException(ClientCalls.java:233)
	at org.apache.ratis.thirdparty.io.grpc.stub.ClientCalls.getUnchecked(ClientCalls.java:214)
	at org.apache.ratis.thirdparty.io.grpc.stub.ClientCalls.blockingUnaryCall(ClientCalls.java:139)
	at org.apache.ratis.proto.grpc.RaftServerProtocolServiceGrpc$RaftServerProtocolServiceBlockingStub.requestVote(RaftServerProtocolServiceGrpc.java:265)
	at org.apache.ratis.grpc.server.GrpcServerProtocolClient.requestVote(GrpcServerProtocolClient.java:83)
	at org.apache.ratis.grpc.server.GrpcService.requestVote(GrpcService.java:195)
	at org.apache.ratis.server.impl.LeaderElection.lambda$submitRequests$1(LeaderElection.java:237)
	at java.util.concurrent.FutureTask.run(FutureTask.java:266)
	at java.util.concurrent.Executors$RunnableAdapter.call(Executors.java:511)
	at java.util.concurrent.FutureTask.run(FutureTask.java:266)
	at java.util.concurrent.ThreadPoolExecutor.runWorker(ThreadPoolExecutor.java:1149)
	at java.util.concurrent.ThreadPoolExecutor$Worker.run(ThreadPoolExecutor.java:624)
	... 1 more
Caused by: org.apache.ratis.thirdparty.io.netty.channel.AbstractChannel$AnnotatedConnectException: Connection refused: /192.168.157.241:33053
	at sun.nio.ch.SocketChannelImpl.checkConnect(Native Method)
	at sun.nio.ch.SocketChannelImpl.finishConnect(SocketChannelImpl.java:717)
	at org.apache.ratis.thirdparty.io.netty.channel.socket.nio.NioSocketChannel.doFinishConnect(NioSocketChannel.java:327)
	at org.apache.ratis.thirdparty.io.netty.channel.nio.AbstractNioChannel$AbstractNioUnsafe.finishConnect(AbstractNioChannel.java:340)
	at org.apache.ratis.thirdparty.io.netty.channel.nio.NioEventLoop.processSelectedKey(NioEventLoop.java:632)
	at org.apache.ratis.thirdparty.io.netty.channel.nio.NioEventLoop.processSelectedKeysOptimized(NioEventLoop.java:579)
	at org.apache.ratis.thirdparty.io.netty.channel.nio.NioEventLoop.processSelectedKeys(NioEventLoop.java:496)
	at org.apache.ratis.thirdparty.io.netty.channel.nio.NioEventLoop.run(NioEventLoop.java:458)
	at org.apache.ratis.thirdparty.io.netty.util.concurrent.SingleThreadEventExecutor$5.run(SingleThreadEventExecutor.java:897)
	at org.apache.ratis.thirdparty.io.netty.util.concurrent.FastThreadLocalRunnable.run(FastThreadLocalRunnable.java:30)
	... 1 more
Caused by: java.net.ConnectException: Connection refused
	... 11 more
2019-07-16 14:30:20,901 INFO  impl.LeaderElection (LeaderElection.java:logAndReturn(56)) - a0a358c4-b048-4014-9238-672f8f885af6:group-82E04F160310:LeaderElection100: Election REJECTED; received 0 response(s) [] and 2 exception(s); a0a358c4-b048-4014-9238-672f8f885af6:t2, leader=null, voted=a0a358c4-b048-4014-9238-672f8f885af6, raftlog=a0a358c4-b048-4014-9238-672f8f885af6-SegmentedRaftLog:OPENED:c18,f18,i18, conf=0: [a0a358c4-b048-4014-9238-672f8f885af6:192.168.157.241:33961, 5014ae59-fdca-4c19-9f95-a5a895a6fc17:192.168.157.241:33053, 66802454-a46f-43c1-848a-7c1fdabaf77c:192.168.157.241:44135], old=null
2019-07-16 14:30:20,901 INFO  impl.LeaderElection (LogUtils.java:infoOrTrace(149)) -   Exception 0: {}
java.util.concurrent.ExecutionException: org.apache.ratis.thirdparty.io.grpc.StatusRuntimeException: UNAVAILABLE: io exception
	at java.util.concurrent.FutureTask.report(FutureTask.java:122)
	at java.util.concurrent.FutureTask.get(FutureTask.java:192)
	at org.apache.ratis.server.impl.LeaderElection.waitForResults(LeaderElection.java:262)
	at org.apache.ratis.server.impl.LeaderElection.askForVotes(LeaderElection.java:200)
	at org.apache.ratis.server.impl.LeaderElection.run(LeaderElection.java:130)
	at java.lang.Thread.run(Thread.java:748)
Caused by: org.apache.ratis.thirdparty.io.grpc.StatusRuntimeException: UNAVAILABLE: io exception
	at org.apache.ratis.thirdparty.io.grpc.stub.ClientCalls.toStatusRuntimeException(ClientCalls.java:233)
	at org.apache.ratis.thirdparty.io.grpc.stub.ClientCalls.getUnchecked(ClientCalls.java:214)
	at org.apache.ratis.thirdparty.io.grpc.stub.ClientCalls.blockingUnaryCall(ClientCalls.java:139)
	at org.apache.ratis.proto.grpc.RaftServerProtocolServiceGrpc$RaftServerProtocolServiceBlockingStub.requestVote(RaftServerProtocolServiceGrpc.java:265)
	at org.apache.ratis.grpc.server.GrpcServerProtocolClient.requestVote(GrpcServerProtocolClient.java:83)
	at org.apache.ratis.grpc.server.GrpcService.requestVote(GrpcService.java:195)
	at org.apache.ratis.server.impl.LeaderElection.lambda$submitRequests$1(LeaderElection.java:237)
	at java.util.concurrent.FutureTask.run(FutureTask.java:266)
	at java.util.concurrent.Executors$RunnableAdapter.call(Executors.java:511)
	at java.util.concurrent.FutureTask.run(FutureTask.java:266)
	at java.util.concurrent.ThreadPoolExecutor.runWorker(ThreadPoolExecutor.java:1149)
	at java.util.concurrent.ThreadPoolExecutor$Worker.run(ThreadPoolExecutor.java:624)
	... 1 more
Caused by: org.apache.ratis.thirdparty.io.netty.channel.AbstractChannel$AnnotatedConnectException: Connection refused: /192.168.157.241:44135
	at sun.nio.ch.SocketChannelImpl.checkConnect(Native Method)
	at sun.nio.ch.SocketChannelImpl.finishConnect(SocketChannelImpl.java:717)
	at org.apache.ratis.thirdparty.io.netty.channel.socket.nio.NioSocketChannel.doFinishConnect(NioSocketChannel.java:327)
	at org.apache.ratis.thirdparty.io.netty.channel.nio.AbstractNioChannel$AbstractNioUnsafe.finishConnect(AbstractNioChannel.java:340)
	at org.apache.ratis.thirdparty.io.netty.channel.nio.NioEventLoop.processSelectedKey(NioEventLoop.java:632)
	at org.apache.ratis.thirdparty.io.netty.channel.nio.NioEventLoop.processSelectedKeysOptimized(NioEventLoop.java:579)
	at org.apache.ratis.thirdparty.io.netty.channel.nio.NioEventLoop.processSelectedKeys(NioEventLoop.java:496)
	at org.apache.ratis.thirdparty.io.netty.channel.nio.NioEventLoop.run(NioEventLoop.java:458)
	at org.apache.ratis.thirdparty.io.netty.util.concurrent.SingleThreadEventExecutor$5.run(SingleThreadEventExecutor.java:897)
	at org.apache.ratis.thirdparty.io.netty.util.concurrent.FastThreadLocalRunnable.run(FastThreadLocalRunnable.java:30)
	... 1 more
Caused by: java.net.ConnectException: Connection refused
	... 11 more
2019-07-16 14:30:20,901 INFO  impl.LeaderElection (LogUtils.java:infoOrTrace(149)) -   Exception 1: {}
java.util.concurrent.ExecutionException: org.apache.ratis.thirdparty.io.grpc.StatusRuntimeException: UNAVAILABLE: io exception
	at java.util.concurrent.FutureTask.report(FutureTask.java:122)
	at java.util.concurrent.FutureTask.get(FutureTask.java:192)
	at org.apache.ratis.server.impl.LeaderElection.waitForResults(LeaderElection.java:262)
	at org.apache.ratis.server.impl.LeaderElection.askForVotes(LeaderElection.java:200)
	at org.apache.ratis.server.impl.LeaderElection.run(LeaderElection.java:130)
	at java.lang.Thread.run(Thread.java:748)
Caused by: org.apache.ratis.thirdparty.io.grpc.StatusRuntimeException: UNAVAILABLE: io exception
	at org.apache.ratis.thirdparty.io.grpc.stub.ClientCalls.toStatusRuntimeException(ClientCalls.java:233)
	at org.apache.ratis.thirdparty.io.grpc.stub.ClientCalls.getUnchecked(ClientCalls.java:214)
	at org.apache.ratis.thirdparty.io.grpc.stub.ClientCalls.blockingUnaryCall(ClientCalls.java:139)
	at org.apache.ratis.proto.grpc.RaftServerProtocolServiceGrpc$RaftServerProtocolServiceBlockingStub.requestVote(RaftServerProtocolServiceGrpc.java:265)
	at org.apache.ratis.grpc.server.GrpcServerProtocolClient.requestVote(GrpcServerProtocolClient.java:83)
	at org.apache.ratis.grpc.server.GrpcService.requestVote(GrpcService.java:195)
	at org.apache.ratis.server.impl.LeaderElection.lambda$submitRequests$1(LeaderElection.java:237)
	at java.util.concurrent.FutureTask.run(FutureTask.java:266)
	at java.util.concurrent.Executors$RunnableAdapter.call(Executors.java:511)
	at java.util.concurrent.FutureTask.run(FutureTask.java:266)
	at java.util.concurrent.ThreadPoolExecutor.runWorker(ThreadPoolExecutor.java:1149)
	at java.util.concurrent.ThreadPoolExecutor$Worker.run(ThreadPoolExecutor.java:624)
	... 1 more
Caused by: org.apache.ratis.thirdparty.io.netty.channel.AbstractChannel$AnnotatedConnectException: Connection refused: /192.168.157.241:33053
	at sun.nio.ch.SocketChannelImpl.checkConnect(Native Method)
	at sun.nio.ch.SocketChannelImpl.finishConnect(SocketChannelImpl.java:717)
	at org.apache.ratis.thirdparty.io.netty.channel.socket.nio.NioSocketChannel.doFinishConnect(NioSocketChannel.java:327)
	at org.apache.ratis.thirdparty.io.netty.channel.nio.AbstractNioChannel$AbstractNioUnsafe.finishConnect(AbstractNioChannel.java:340)
	at org.apache.ratis.thirdparty.io.netty.channel.nio.NioEventLoop.processSelectedKey(NioEventLoop.java:632)
	at org.apache.ratis.thirdparty.io.netty.channel.nio.NioEventLoop.processSelectedKeysOptimized(NioEventLoop.java:579)
	at org.apache.ratis.thirdparty.io.netty.channel.nio.NioEventLoop.processSelectedKeys(NioEventLoop.java:496)
	at org.apache.ratis.thirdparty.io.netty.channel.nio.NioEventLoop.run(NioEventLoop.java:458)
	at org.apache.ratis.thirdparty.io.netty.util.concurrent.SingleThreadEventExecutor$5.run(SingleThreadEventExecutor.java:897)
	at org.apache.ratis.thirdparty.io.netty.util.concurrent.FastThreadLocalRunnable.run(FastThreadLocalRunnable.java:30)
	... 1 more
Caused by: java.net.ConnectException: Connection refused
	... 11 more
2019-07-16 14:30:20,901 INFO  impl.RaftServerImpl (RaftServerImpl.java:setRole(171)) - a0a358c4-b048-4014-9238-672f8f885af6:group-82E04F160310 changes role from CANDIDATE to FOLLOWER at term 2 for DISCOVERED_A_NEW_TERM
2019-07-16 14:30:20,902 INFO  impl.RoleInfo (RoleInfo.java:shutdownLeaderElection(134)) - a0a358c4-b048-4014-9238-672f8f885af6: shutdown LeaderElection
2019-07-16 14:30:20,905 INFO  impl.RoleInfo (RoleInfo.java:updateAndGet(143)) - a0a358c4-b048-4014-9238-672f8f885af6: start FollowerState
2019-07-16 14:30:20,980 INFO  node.StaleNodeHandler (StaleNodeHandler.java:onMessage(58)) - Datanode 223c2dc0-f540-405a-83dc-e3447ea605a6{ip: 192.168.157.241, host: trunk-nightly-gllmw-2332419065, networkLocation: /default-rack, certSerialId: null} moved to stale state. Finalizing its pipelines [PipelineID=a7ae55fe-d9a5-4af1-95b3-e0cb0708d483, PipelineID=d94fdde5-632c-4765-9eef-f08ed97e4061]
2019-07-16 14:30:20,980 INFO  pipeline.SCMPipelineManager (SCMPipelineManager.java:finalizeAndDestroyPipeline(309)) - destroying pipeline:Pipeline[ Id: a7ae55fe-d9a5-4af1-95b3-e0cb0708d483, Nodes: 223c2dc0-f540-405a-83dc-e3447ea605a6{ip: 192.168.157.241, host: trunk-nightly-gllmw-2332419065, networkLocation: /default-rack, certSerialId: null}, Type:RATIS, Factor:ONE, State:OPEN]
2019-07-16 14:30:20,980 INFO  pipeline.PipelineStateManager (PipelineStateManager.java:finalizePipeline(123)) - Pipeline Pipeline[ Id: a7ae55fe-d9a5-4af1-95b3-e0cb0708d483, Nodes: 223c2dc0-f540-405a-83dc-e3447ea605a6{ip: 192.168.157.241, host: trunk-nightly-gllmw-2332419065, networkLocation: /default-rack, certSerialId: null}, Type:RATIS, Factor:ONE, State:CLOSED] moved to CLOSED state
2019-07-16 14:30:20,980 INFO  pipeline.SCMPipelineManager (SCMPipelineManager.java:finalizeAndDestroyPipeline(309)) - destroying pipeline:Pipeline[ Id: d94fdde5-632c-4765-9eef-f08ed97e4061, Nodes: e62bb0c6-ea95-4fac-8e7b-0d6eb66883df{ip: 192.168.157.241, host: trunk-nightly-gllmw-2332419065, networkLocation: /default-rack, certSerialId: null}1b6ee3b5-e4d3-4405-a306-cd6a587047f9{ip: 192.168.157.241, host: trunk-nightly-gllmw-2332419065, networkLocation: /default-rack, certSerialId: null}223c2dc0-f540-405a-83dc-e3447ea605a6{ip: 192.168.157.241, host: trunk-nightly-gllmw-2332419065, networkLocation: /default-rack, certSerialId: null}, Type:RATIS, Factor:THREE, State:CLOSED]
2019-07-16 14:30:21,346 INFO  ozoneimpl.OzoneContainer (OzoneContainer.java:stop(199)) - Attempting to stop container services.
2019-07-16 14:30:21,346 INFO  ozoneimpl.OzoneContainer (OzoneContainer.java:stop(199)) - Attempting to stop container services.
2019-07-16 14:30:21,347 INFO  impl.RaftServerProxy (RaftServerProxy.java:lambda$close$4(314)) - 10576b7c-fc76-40a9-be35-e256424049b5: close
2019-07-16 14:30:21,347 INFO  impl.RaftServerProxy (RaftServerProxy.java:lambda$close$4(314)) - 223c2dc0-f540-405a-83dc-e3447ea605a6: close
2019-07-16 14:30:21,347 INFO  impl.RaftServerImpl (RaftServerImpl.java:lambda$shutdown$3(245)) - 10576b7c-fc76-40a9-be35-e256424049b5: shutdown group-610C1CEA2A4C
2019-07-16 14:30:21,347 INFO  impl.RaftServerImpl (RaftServerImpl.java:lambda$shutdown$3(245)) - 223c2dc0-f540-405a-83dc-e3447ea605a6: shutdown group-E0CB0708D483
2019-07-16 14:30:21,348 INFO  util.JmxRegister (JmxRegister.java:unregister(73)) - Successfully un-registered JMX Bean with object name Ratis:service=RaftServer,group=group-610C1CEA2A4C,id=10576b7c-fc76-40a9-be35-e256424049b5
2019-07-16 14:30:21,349 INFO  impl.RoleInfo (RoleInfo.java:shutdownLeaderState(104)) - 10576b7c-fc76-40a9-be35-e256424049b5: shutdown LeaderState
2019-07-16 14:30:21,348 INFO  util.JmxRegister (JmxRegister.java:unregister(73)) - Successfully un-registered JMX Bean with object name Ratis:service=RaftServer,group=group-E0CB0708D483,id=223c2dc0-f540-405a-83dc-e3447ea605a6
2019-07-16 14:30:21,349 INFO  impl.PendingRequests (PendingRequests.java:sendNotLeaderResponses(202)) - 10576b7c-fc76-40a9-be35-e256424049b5-PendingRequests: sendNotLeaderResponses
2019-07-16 14:30:21,349 INFO  impl.RoleInfo (RoleInfo.java:shutdownLeaderState(104)) - 223c2dc0-f540-405a-83dc-e3447ea605a6: shutdown LeaderState
2019-07-16 14:30:21,350 INFO  impl.StateMachineUpdater (StateMachineUpdater.java:stopAndJoin(115)) - StateMachineUpdater:10576b7c-fc76-40a9-be35-e256424049b5:group-610C1CEA2A4C: set stopIndex = 0
2019-07-16 14:30:21,351 INFO  impl.RaftServerImpl (ServerState.java:close(394)) - 10576b7c-fc76-40a9-be35-e256424049b5:group-610C1CEA2A4C closes. The last applied log index is 0
2019-07-16 14:30:21,350 INFO  impl.PendingRequests (PendingRequests.java:sendNotLeaderResponses(202)) - 223c2dc0-f540-405a-83dc-e3447ea605a6-PendingRequests: sendNotLeaderResponses
2019-07-16 14:30:21,351 INFO  segmented.SegmentedRaftLogWorker (SegmentedRaftLogWorker.java:run(313)) - 10576b7c-fc76-40a9-be35-e256424049b5-SegmentedRaftLogWorker:Storage Directory /workdir/hadoop-ozone/integration-test/target/test-dir/MiniOzoneClusterImpl-479c7609-b74d-4220-beb1-8eefa524396f/datanode-6/data/ratis/a47cde60-5233-44db-8a1e-610c1cea2a4c was interrupted, exiting. There are 0 tasks remaining in the queue.
2019-07-16 14:30:21,352 INFO  impl.StateMachineUpdater (StateMachineUpdater.java:stopAndJoin(115)) - StateMachineUpdater:223c2dc0-f540-405a-83dc-e3447ea605a6:group-E0CB0708D483: set stopIndex = 0
2019-07-16 14:30:21,352 INFO  segmented.SegmentedRaftLogWorker (SegmentedRaftLogWorker.java:close(228)) - 10576b7c-fc76-40a9-be35-e256424049b5-SegmentedRaftLogWorker:Storage Directory /workdir/hadoop-ozone/integration-test/target/test-dir/MiniOzoneClusterImpl-479c7609-b74d-4220-beb1-8eefa524396f/datanode-6/data/ratis/a47cde60-5233-44db-8a1e-610c1cea2a4c close()
2019-07-16 14:30:21,352 INFO  impl.RaftServerImpl (ServerState.java:close(394)) - 223c2dc0-f540-405a-83dc-e3447ea605a6:group-E0CB0708D483 closes. The last applied log index is 0
2019-07-16 14:30:21,355 INFO  server.GrpcService (GrpcService.java:closeImpl(155)) - 10576b7c-fc76-40a9-be35-e256424049b5: shutdown server with port 35634 now
2019-07-16 14:30:21,355 INFO  segmented.SegmentedRaftLogWorker (SegmentedRaftLogWorker.java:run(313)) - 223c2dc0-f540-405a-83dc-e3447ea605a6-SegmentedRaftLogWorker:Storage Directory /workdir/hadoop-ozone/integration-test/target/test-dir/MiniOzoneClusterImpl-479c7609-b74d-4220-beb1-8eefa524396f/datanode-0/data/ratis/a7ae55fe-d9a5-4af1-95b3-e0cb0708d483 was interrupted, exiting. There are 0 tasks remaining in the queue.
2019-07-16 14:30:21,357 INFO  server.GrpcService (GrpcService.java:closeImpl(163)) - 10576b7c-fc76-40a9-be35-e256424049b5: shutdown server with port 35634 successfully
2019-07-16 14:30:21,357 INFO  segmented.SegmentedRaftLogWorker (SegmentedRaftLogWorker.java:close(228)) - 223c2dc0-f540-405a-83dc-e3447ea605a6-SegmentedRaftLogWorker:Storage Directory /workdir/hadoop-ozone/integration-test/target/test-dir/MiniOzoneClusterImpl-479c7609-b74d-4220-beb1-8eefa524396f/datanode-0/data/ratis/a7ae55fe-d9a5-4af1-95b3-e0cb0708d483 close()
2019-07-16 14:30:21,361 INFO  impl.RaftServerImpl (RaftServerImpl.java:lambda$shutdown$3(245)) - 223c2dc0-f540-405a-83dc-e3447ea605a6: shutdown group-F08ED97E4061
2019-07-16 14:30:21,362 INFO  utils.BackgroundService (BackgroundService.java:shutdown(148)) - Shutting down service BlockDeletingService
2019-07-16 14:30:21,362 INFO  util.JmxRegister (JmxRegister.java:unregister(73)) - Successfully un-registered JMX Bean with object name Ratis:service=RaftServer,group=group-F08ED97E4061,id=223c2dc0-f540-405a-83dc-e3447ea605a6
2019-07-16 14:30:21,362 INFO  impl.RoleInfo (RoleInfo.java:shutdownLeaderState(104)) - 223c2dc0-f540-405a-83dc-e3447ea605a6: shutdown LeaderState
2019-07-16 14:30:21,368 WARN  server.GrpcLogAppender (GrpcLogAppender.java:mayWait(143)) - GrpcLogAppender(223c2dc0-f540-405a-83dc-e3447ea605a6->e62bb0c6-ea95-4fac-8e7b-0d6eb66883df): Wait interrupted by java.lang.InterruptedException
2019-07-16 14:30:21,372 INFO  impl.PendingRequests (PendingRequests.java:sendNotLeaderResponses(202)) - 223c2dc0-f540-405a-83dc-e3447ea605a6-PendingRequests: sendNotLeaderResponses
2019-07-16 14:30:21,369 WARN  server.GrpcLogAppender (GrpcLogAppender.java:mayWait(143)) - GrpcLogAppender(223c2dc0-f540-405a-83dc-e3447ea605a6->1b6ee3b5-e4d3-4405-a306-cd6a587047f9): Wait interrupted by java.lang.InterruptedException
2019-07-16 14:30:21,375 WARN  fs.CachingGetSpaceUsed (CachingGetSpaceUsed.java:run(183)) - Thread Interrupted waiting to refresh disk information: sleep interrupted
2019-07-16 14:30:21,382 INFO  impl.StateMachineUpdater (StateMachineUpdater.java:stopAndJoin(115)) - StateMachineUpdater:223c2dc0-f540-405a-83dc-e3447ea605a6:group-F08ED97E4061: set stopIndex = 18
2019-07-16 14:30:21,383 INFO  ratis.ContainerStateMachine (ContainerStateMachine.java:takeSnapshot(249)) - group-F08ED97E4061: Taking a snapshot at:(t:2, i:18) file /workdir/hadoop-ozone/integration-test/target/test-dir/MiniOzoneClusterImpl-479c7609-b74d-4220-beb1-8eefa524396f/datanode-0/data/ratis/d94fdde5-632c-4765-9eef-f08ed97e4061/sm/snapshot.2_18
2019-07-16 14:30:21,383 INFO  ratis.ContainerStateMachine (ContainerStateMachine.java:takeSnapshot(257)) - group-F08ED97E4061: Finished taking a snapshot at:(t:2, i:18) file:/workdir/hadoop-ozone/integration-test/target/test-dir/MiniOzoneClusterImpl-479c7609-b74d-4220-beb1-8eefa524396f/datanode-0/data/ratis/d94fdde5-632c-4765-9eef-f08ed97e4061/sm/snapshot.2_18 time:1
2019-07-16 14:30:21,383 INFO  impl.StateMachineUpdater (StateMachineUpdater.java:takeSnapshot(242)) - StateMachineUpdater:223c2dc0-f540-405a-83dc-e3447ea605a6:group-F08ED97E4061: Took a snapshot at index 18
2019-07-16 14:30:21,383 INFO  impl.StateMachineUpdater (StateMachineUpdater.java:lambda$new$0(80)) - StateMachineUpdater:223c2dc0-f540-405a-83dc-e3447ea605a6:group-F08ED97E4061: snapshotIndex: updateIncreasingly -1 -> 18
2019-07-16 14:30:21,384 INFO  impl.RaftServerImpl (ServerState.java:close(394)) - 223c2dc0-f540-405a-83dc-e3447ea605a6:group-F08ED97E4061 closes. The last applied log index is 18
2019-07-16 14:30:21,385 INFO  segmented.SegmentedRaftLogWorker (SegmentedRaftLogWorker.java:run(313)) - 223c2dc0-f540-405a-83dc-e3447ea605a6-SegmentedRaftLogWorker:Storage Directory /workdir/hadoop-ozone/integration-test/target/test-dir/MiniOzoneClusterImpl-479c7609-b74d-4220-beb1-8eefa524396f/datanode-0/data/ratis/d94fdde5-632c-4765-9eef-f08ed97e4061 was interrupted, exiting. There are 0 tasks remaining in the queue.
2019-07-16 14:30:21,387 INFO  segmented.SegmentedRaftLogWorker (SegmentedRaftLogWorker.java:close(228)) - 223c2dc0-f540-405a-83dc-e3447ea605a6-SegmentedRaftLogWorker:Storage Directory /workdir/hadoop-ozone/integration-test/target/test-dir/MiniOzoneClusterImpl-479c7609-b74d-4220-beb1-8eefa524396f/datanode-0/data/ratis/d94fdde5-632c-4765-9eef-f08ed97e4061 close()
2019-07-16 14:30:21,389 INFO  server.GrpcService (GrpcService.java:closeImpl(155)) - 223c2dc0-f540-405a-83dc-e3447ea605a6: shutdown server with port 37180 now
2019-07-16 14:30:21,390 WARN  client.GrpcClientProtocolService (LogUtils.java:warn(134)) - 2-UnorderedRequestStreamObserver2: onError: org.apache.ratis.thirdparty.io.grpc.StatusRuntimeException: CANCELLED: cancelled before receiving half close
2019-07-16 14:30:21,391 INFO  server.GrpcService (GrpcService.java:closeImpl(163)) - 223c2dc0-f540-405a-83dc-e3447ea605a6: shutdown server with port 37180 successfully
2019-07-16 14:30:21,395 INFO  utils.BackgroundService (BackgroundService.java:shutdown(148)) - Shutting down service BlockDeletingService
2019-07-16 14:30:21,398 WARN  fs.CachingGetSpaceUsed (CachingGetSpaceUsed.java:run(183)) - Thread Interrupted waiting to refresh disk information: sleep interrupted
2019-07-16 14:30:21,407 INFO  statemachine.DatanodeStateMachine (DatanodeStateMachine.java:stopDaemon(395)) - Ozone container server stopped.
2019-07-16 14:30:21,421 INFO  statemachine.DatanodeStateMachine (DatanodeStateMachine.java:stopDaemon(395)) - Ozone container server stopped.
2019-07-16 14:30:21,421 INFO  handler.ContextHandler (ContextHandler.java:doStop(910)) - Stopped o.e.j.w.WebAppContext@689f60ea{/,null,UNAVAILABLE}{/hddsDatanode}
2019-07-16 14:30:21,424 INFO  handler.ContextHandler (ContextHandler.java:doStop(910)) - Stopped o.e.j.w.WebAppContext@6701fbf3{/,null,UNAVAILABLE}{/hddsDatanode}
2019-07-16 14:30:21,424 INFO  server.AbstractConnector (AbstractConnector.java:doStop(318)) - Stopped ServerConnector@6267b25a{HTTP/1.1,[http/1.1]}{0.0.0.0:0}
2019-07-16 14:30:21,424 INFO  server.AbstractConnector (AbstractConnector.java:doStop(318)) - Stopped ServerConnector@63f88d35{HTTP/1.1,[http/1.1]}{0.0.0.0:0}
2019-07-16 14:30:21,425 INFO  handler.ContextHandler (ContextHandler.java:doStop(910)) - Stopped o.e.j.s.ServletContextHandler@28908c04{/static,jar:file:/home/user/.m2/repository/org/apache/hadoop/hadoop-hdds-container-service/0.5.0-SNAPSHOT/hadoop-hdds-container-service-0.5.0-SNAPSHOT.jar!/webapps/static,UNAVAILABLE}
2019-07-16 14:30:21,426 INFO  handler.ContextHandler (ContextHandler.java:doStop(910)) - Stopped o.e.j.s.ServletContextHandler@35b5056e{/static,jar:file:/home/user/.m2/repository/org/apache/hadoop/hadoop-hdds-container-service/0.5.0-SNAPSHOT/hadoop-hdds-container-service-0.5.0-SNAPSHOT.jar!/webapps/static,UNAVAILABLE}
2019-07-16 14:30:21,427 INFO  handler.ContextHandler (ContextHandler.java:doStop(910)) - Stopped o.e.j.s.ServletContextHandler@4d5399f4{/logs,file:///workdir/hadoop-ozone/integration-test/target/log,UNAVAILABLE}
2019-07-16 14:30:21,428 INFO  handler.ContextHandler (ContextHandler.java:doStop(910)) - Stopped o.e.j.s.ServletContextHandler@2175111e{/logs,file:///workdir/hadoop-ozone/integration-test/target/log,UNAVAILABLE}
2019-07-16 14:30:21,430 INFO  datanode.ObjectStoreHandler (ObjectStoreHandler.java:close(155)) - Closing ObjectStoreHandler.
2019-07-16 14:30:21,431 INFO  ozone.HddsDatanodeService (HddsDatanodeService.java:stop(452)) - Stopped plug-in org.apache.hadoop.ozone.web.OzoneHddsDatanodeService@5b3c2e59
2019-07-16 14:30:22,143 INFO  statemachine.DatanodeStateMachine (DatanodeStateMachine.java:lambda$startDaemon$0(350)) - Ozone container server started.
2019-07-16 14:30:25,990 INFO  impl.FollowerState (FollowerState.java:run(106)) - a0a358c4-b048-4014-9238-672f8f885af6:group-82E04F160310 changes to CANDIDATE, lastRpcTime:5085, electionTimeout:5083ms
2019-07-16 14:30:25,990 INFO  impl.RoleInfo (RoleInfo.java:shutdownFollowerState(121)) - a0a358c4-b048-4014-9238-672f8f885af6: shutdown FollowerState
2019-07-16 14:30:25,991 INFO  impl.RaftServerImpl (RaftServerImpl.java:setRole(171)) - a0a358c4-b048-4014-9238-672f8f885af6:group-82E04F160310 changes role from FOLLOWER to CANDIDATE at term 2 for changeToCandidate
2019-07-16 14:30:25,991 INFO  impl.RoleInfo (RoleInfo.java:updateAndGet(143)) - a0a358c4-b048-4014-9238-672f8f885af6: start LeaderElection
2019-07-16 14:30:26,007 INFO  impl.LeaderElection (LeaderElection.java:askForVotes(181)) - a0a358c4-b048-4014-9238-672f8f885af6:group-82E04F160310:LeaderElection101: begin an election at term 3 for 0: [a0a358c4-b048-4014-9238-672f8f885af6:192.168.157.241:33961, 5014ae59-fdca-4c19-9f95-a5a895a6fc17:192.168.157.241:33053, 66802454-a46f-43c1-848a-7c1fdabaf77c:192.168.157.241:44135], old=null
2019-07-16 14:30:26,008 INFO  impl.LeaderElection (LogUtils.java:infoOrTrace(149)) - a0a358c4-b048-4014-9238-672f8f885af6:group-82E04F160310:LeaderElection101 got exception when requesting votes: {}
java.util.concurrent.ExecutionException: org.apache.ratis.thirdparty.io.grpc.StatusRuntimeException: UNAVAILABLE: io exception
	at java.util.concurrent.FutureTask.report(FutureTask.java:122)
	at java.util.concurrent.FutureTask.get(FutureTask.java:192)
	at org.apache.ratis.server.impl.LeaderElection.waitForResults(LeaderElection.java:262)
	at org.apache.ratis.server.impl.LeaderElection.askForVotes(LeaderElection.java:200)
	at org.apache.ratis.server.impl.LeaderElection.run(LeaderElection.java:130)
	at java.lang.Thread.run(Thread.java:748)
Caused by: org.apache.ratis.thirdparty.io.grpc.StatusRuntimeException: UNAVAILABLE: io exception
	at org.apache.ratis.thirdparty.io.grpc.stub.ClientCalls.toStatusRuntimeException(ClientCalls.java:233)
	at org.apache.ratis.thirdparty.io.grpc.stub.ClientCalls.getUnchecked(ClientCalls.java:214)
	at org.apache.ratis.thirdparty.io.grpc.stub.ClientCalls.blockingUnaryCall(ClientCalls.java:139)
	at org.apache.ratis.proto.grpc.RaftServerProtocolServiceGrpc$RaftServerProtocolServiceBlockingStub.requestVote(RaftServerProtocolServiceGrpc.java:265)
	at org.apache.ratis.grpc.server.GrpcServerProtocolClient.requestVote(GrpcServerProtocolClient.java:83)
	at org.apache.ratis.grpc.server.GrpcService.requestVote(GrpcService.java:195)
	at org.apache.ratis.server.impl.LeaderElection.lambda$submitRequests$1(LeaderElection.java:237)
	at java.util.concurrent.FutureTask.run(FutureTask.java:266)
	at java.util.concurrent.Executors$RunnableAdapter.call(Executors.java:511)
	at java.util.concurrent.FutureTask.run(FutureTask.java:266)
	at java.util.concurrent.ThreadPoolExecutor.runWorker(ThreadPoolExecutor.java:1149)
	at java.util.concurrent.ThreadPoolExecutor$Worker.run(ThreadPoolExecutor.java:624)
	... 1 more
Caused by: org.apache.ratis.thirdparty.io.netty.channel.AbstractChannel$AnnotatedConnectException: Connection refused: /192.168.157.241:33053
	at sun.nio.ch.SocketChannelImpl.checkConnect(Native Method)
	at sun.nio.ch.SocketChannelImpl.finishConnect(SocketChannelImpl.java:717)
	at org.apache.ratis.thirdparty.io.netty.channel.socket.nio.NioSocketChannel.doFinishConnect(NioSocketChannel.java:327)
	at org.apache.ratis.thirdparty.io.netty.channel.nio.AbstractNioChannel$AbstractNioUnsafe.finishConnect(AbstractNioChannel.java:340)
	at org.apache.ratis.thirdparty.io.netty.channel.nio.NioEventLoop.processSelectedKey(NioEventLoop.java:632)
	at org.apache.ratis.thirdparty.io.netty.channel.nio.NioEventLoop.processSelectedKeysOptimized(NioEventLoop.java:579)
	at org.apache.ratis.thirdparty.io.netty.channel.nio.NioEventLoop.processSelectedKeys(NioEventLoop.java:496)
	at org.apache.ratis.thirdparty.io.netty.channel.nio.NioEventLoop.run(NioEventLoop.java:458)
	at org.apache.ratis.thirdparty.io.netty.util.concurrent.SingleThreadEventExecutor$5.run(SingleThreadEventExecutor.java:897)
	at org.apache.ratis.thirdparty.io.netty.util.concurrent.FastThreadLocalRunnable.run(FastThreadLocalRunnable.java:30)
	... 1 more
Caused by: java.net.ConnectException: Connection refused
	... 11 more
2019-07-16 14:30:26,010 INFO  impl.LeaderElection (LogUtils.java:infoOrTrace(149)) - a0a358c4-b048-4014-9238-672f8f885af6:group-82E04F160310:LeaderElection101 got exception when requesting votes: {}
java.util.concurrent.ExecutionException: org.apache.ratis.thirdparty.io.grpc.StatusRuntimeException: UNAVAILABLE: io exception
	at java.util.concurrent.FutureTask.report(FutureTask.java:122)
	at java.util.concurrent.FutureTask.get(FutureTask.java:192)
	at org.apache.ratis.server.impl.LeaderElection.waitForResults(LeaderElection.java:262)
	at org.apache.ratis.server.impl.LeaderElection.askForVotes(LeaderElection.java:200)
	at org.apache.ratis.server.impl.LeaderElection.run(LeaderElection.java:130)
	at java.lang.Thread.run(Thread.java:748)
Caused by: org.apache.ratis.thirdparty.io.grpc.StatusRuntimeException: UNAVAILABLE: io exception
	at org.apache.ratis.thirdparty.io.grpc.stub.ClientCalls.toStatusRuntimeException(ClientCalls.java:233)
	at org.apache.ratis.thirdparty.io.grpc.stub.ClientCalls.getUnchecked(ClientCalls.java:214)
	at org.apache.ratis.thirdparty.io.grpc.stub.ClientCalls.blockingUnaryCall(ClientCalls.java:139)
	at org.apache.ratis.proto.grpc.RaftServerProtocolServiceGrpc$RaftServerProtocolServiceBlockingStub.requestVote(RaftServerProtocolServiceGrpc.java:265)
	at org.apache.ratis.grpc.server.GrpcServerProtocolClient.requestVote(GrpcServerProtocolClient.java:83)
	at org.apache.ratis.grpc.server.GrpcService.requestVote(GrpcService.java:195)
	at org.apache.ratis.server.impl.LeaderElection.lambda$submitRequests$1(LeaderElection.java:237)
	at java.util.concurrent.FutureTask.run(FutureTask.java:266)
	at java.util.concurrent.Executors$RunnableAdapter.call(Executors.java:511)
	at java.util.concurrent.FutureTask.run(FutureTask.java:266)
	at java.util.concurrent.ThreadPoolExecutor.runWorker(ThreadPoolExecutor.java:1149)
	at java.util.concurrent.ThreadPoolExecutor$Worker.run(ThreadPoolExecutor.java:624)
	... 1 more
Caused by: org.apache.ratis.thirdparty.io.netty.channel.AbstractChannel$AnnotatedConnectException: Connection refused: /192.168.157.241:44135
	at sun.nio.ch.SocketChannelImpl.checkConnect(Native Method)
	at sun.nio.ch.SocketChannelImpl.finishConnect(SocketChannelImpl.java:717)
	at org.apache.ratis.thirdparty.io.netty.channel.socket.nio.NioSocketChannel.doFinishConnect(NioSocketChannel.java:327)
	at org.apache.ratis.thirdparty.io.netty.channel.nio.AbstractNioChannel$AbstractNioUnsafe.finishConnect(AbstractNioChannel.java:340)
	at org.apache.ratis.thirdparty.io.netty.channel.nio.NioEventLoop.processSelectedKey(NioEventLoop.java:632)
	at org.apache.ratis.thirdparty.io.netty.channel.nio.NioEventLoop.processSelectedKeysOptimized(NioEventLoop.java:579)
	at org.apache.ratis.thirdparty.io.netty.channel.nio.NioEventLoop.processSelectedKeys(NioEventLoop.java:496)
	at org.apache.ratis.thirdparty.io.netty.channel.nio.NioEventLoop.run(NioEventLoop.java:458)
	at org.apache.ratis.thirdparty.io.netty.util.concurrent.SingleThreadEventExecutor$5.run(SingleThreadEventExecutor.java:897)
	at org.apache.ratis.thirdparty.io.netty.util.concurrent.FastThreadLocalRunnable.run(FastThreadLocalRunnable.java:30)
	... 1 more
Caused by: java.net.ConnectException: Connection refused
	... 11 more
2019-07-16 14:30:26,012 INFO  impl.LeaderElection (LeaderElection.java:logAndReturn(56)) - a0a358c4-b048-4014-9238-672f8f885af6:group-82E04F160310:LeaderElection101: Election REJECTED; received 0 response(s) [] and 2 exception(s); a0a358c4-b048-4014-9238-672f8f885af6:t3, leader=null, voted=a0a358c4-b048-4014-9238-672f8f885af6, raftlog=a0a358c4-b048-4014-9238-672f8f885af6-SegmentedRaftLog:OPENED:c18,f18,i18, conf=0: [a0a358c4-b048-4014-9238-672f8f885af6:192.168.157.241:33961, 5014ae59-fdca-4c19-9f95-a5a895a6fc17:192.168.157.241:33053, 66802454-a46f-43c1-848a-7c1fdabaf77c:192.168.157.241:44135], old=null
2019-07-16 14:30:26,012 INFO  impl.LeaderElection (LogUtils.java:infoOrTrace(149)) -   Exception 0: {}
java.util.concurrent.ExecutionException: org.apache.ratis.thirdparty.io.grpc.StatusRuntimeException: UNAVAILABLE: io exception
	at java.util.concurrent.FutureTask.report(FutureTask.java:122)
	at java.util.concurrent.FutureTask.get(FutureTask.java:192)
	at org.apache.ratis.server.impl.LeaderElection.waitForResults(LeaderElection.java:262)
	at org.apache.ratis.server.impl.LeaderElection.askForVotes(LeaderElection.java:200)
	at org.apache.ratis.server.impl.LeaderElection.run(LeaderElection.java:130)
	at java.lang.Thread.run(Thread.java:748)
Caused by: org.apache.ratis.thirdparty.io.grpc.StatusRuntimeException: UNAVAILABLE: io exception
	at org.apache.ratis.thirdparty.io.grpc.stub.ClientCalls.toStatusRuntimeException(ClientCalls.java:233)
	at org.apache.ratis.thirdparty.io.grpc.stub.ClientCalls.getUnchecked(ClientCalls.java:214)
	at org.apache.ratis.thirdparty.io.grpc.stub.ClientCalls.blockingUnaryCall(ClientCalls.java:139)
	at org.apache.ratis.proto.grpc.RaftServerProtocolServiceGrpc$RaftServerProtocolServiceBlockingStub.requestVote(RaftServerProtocolServiceGrpc.java:265)
	at org.apache.ratis.grpc.server.GrpcServerProtocolClient.requestVote(GrpcServerProtocolClient.java:83)
	at org.apache.ratis.grpc.server.GrpcService.requestVote(GrpcService.java:195)
	at org.apache.ratis.server.impl.LeaderElection.lambda$submitRequests$1(LeaderElection.java:237)
	at java.util.concurrent.FutureTask.run(FutureTask.java:266)
	at java.util.concurrent.Executors$RunnableAdapter.call(Executors.java:511)
	at java.util.concurrent.FutureTask.run(FutureTask.java:266)
	at java.util.concurrent.ThreadPoolExecutor.runWorker(ThreadPoolExecutor.java:1149)
	at java.util.concurrent.ThreadPoolExecutor$Worker.run(ThreadPoolExecutor.java:624)
	... 1 more
Caused by: org.apache.ratis.thirdparty.io.netty.channel.AbstractChannel$AnnotatedConnectException: Connection refused: /192.168.157.241:33053
	at sun.nio.ch.SocketChannelImpl.checkConnect(Native Method)
	at sun.nio.ch.SocketChannelImpl.finishConnect(SocketChannelImpl.java:717)
	at org.apache.ratis.thirdparty.io.netty.channel.socket.nio.NioSocketChannel.doFinishConnect(NioSocketChannel.java:327)
	at org.apache.ratis.thirdparty.io.netty.channel.nio.AbstractNioChannel$AbstractNioUnsafe.finishConnect(AbstractNioChannel.java:340)
	at org.apache.ratis.thirdparty.io.netty.channel.nio.NioEventLoop.processSelectedKey(NioEventLoop.java:632)
	at org.apache.ratis.thirdparty.io.netty.channel.nio.NioEventLoop.processSelectedKeysOptimized(NioEventLoop.java:579)
	at org.apache.ratis.thirdparty.io.netty.channel.nio.NioEventLoop.processSelectedKeys(NioEventLoop.java:496)
	at org.apache.ratis.thirdparty.io.netty.channel.nio.NioEventLoop.run(NioEventLoop.java:458)
	at org.apache.ratis.thirdparty.io.netty.util.concurrent.SingleThreadEventExecutor$5.run(SingleThreadEventExecutor.java:897)
	at org.apache.ratis.thirdparty.io.netty.util.concurrent.FastThreadLocalRunnable.run(FastThreadLocalRunnable.java:30)
	... 1 more
Caused by: java.net.ConnectException: Connection refused
	... 11 more
2019-07-16 14:30:26,012 INFO  impl.LeaderElection (LogUtils.java:infoOrTrace(149)) -   Exception 1: {}
java.util.concurrent.ExecutionException: org.apache.ratis.thirdparty.io.grpc.StatusRuntimeException: UNAVAILABLE: io exception
	at java.util.concurrent.FutureTask.report(FutureTask.java:122)
	at java.util.concurrent.FutureTask.get(FutureTask.java:192)
	at org.apache.ratis.server.impl.LeaderElection.waitForResults(LeaderElection.java:262)
	at org.apache.ratis.server.impl.LeaderElection.askForVotes(LeaderElection.java:200)
	at org.apache.ratis.server.impl.LeaderElection.run(LeaderElection.java:130)
	at java.lang.Thread.run(Thread.java:748)
Caused by: org.apache.ratis.thirdparty.io.grpc.StatusRuntimeException: UNAVAILABLE: io exception
	at org.apache.ratis.thirdparty.io.grpc.stub.ClientCalls.toStatusRuntimeException(ClientCalls.java:233)
	at org.apache.ratis.thirdparty.io.grpc.stub.ClientCalls.getUnchecked(ClientCalls.java:214)
	at org.apache.ratis.thirdparty.io.grpc.stub.ClientCalls.blockingUnaryCall(ClientCalls.java:139)
	at org.apache.ratis.proto.grpc.RaftServerProtocolServiceGrpc$RaftServerProtocolServiceBlockingStub.requestVote(RaftServerProtocolServiceGrpc.java:265)
	at org.apache.ratis.grpc.server.GrpcServerProtocolClient.requestVote(GrpcServerProtocolClient.java:83)
	at org.apache.ratis.grpc.server.GrpcService.requestVote(GrpcService.java:195)
	at org.apache.ratis.server.impl.LeaderElection.lambda$submitRequests$1(LeaderElection.java:237)
	at java.util.concurrent.FutureTask.run(FutureTask.java:266)
	at java.util.concurrent.Executors$RunnableAdapter.call(Executors.java:511)
	at java.util.concurrent.FutureTask.run(FutureTask.java:266)
	at java.util.concurrent.ThreadPoolExecutor.runWorker(ThreadPoolExecutor.java:1149)
	at java.util.concurrent.ThreadPoolExecutor$Worker.run(ThreadPoolExecutor.java:624)
	... 1 more
Caused by: org.apache.ratis.thirdparty.io.netty.channel.AbstractChannel$AnnotatedConnectException: Connection refused: /192.168.157.241:44135
	at sun.nio.ch.SocketChannelImpl.checkConnect(Native Method)
	at sun.nio.ch.SocketChannelImpl.finishConnect(SocketChannelImpl.java:717)
	at org.apache.ratis.thirdparty.io.netty.channel.socket.nio.NioSocketChannel.doFinishConnect(NioSocketChannel.java:327)
	at org.apache.ratis.thirdparty.io.netty.channel.nio.AbstractNioChannel$AbstractNioUnsafe.finishConnect(AbstractNioChannel.java:340)
	at org.apache.ratis.thirdparty.io.netty.channel.nio.NioEventLoop.processSelectedKey(NioEventLoop.java:632)
	at org.apache.ratis.thirdparty.io.netty.channel.nio.NioEventLoop.processSelectedKeysOptimized(NioEventLoop.java:579)
	at org.apache.ratis.thirdparty.io.netty.channel.nio.NioEventLoop.processSelectedKeys(NioEventLoop.java:496)
	at org.apache.ratis.thirdparty.io.netty.channel.nio.NioEventLoop.run(NioEventLoop.java:458)
	at org.apache.ratis.thirdparty.io.netty.util.concurrent.SingleThreadEventExecutor$5.run(SingleThreadEventExecutor.java:897)
	at org.apache.ratis.thirdparty.io.netty.util.concurrent.FastThreadLocalRunnable.run(FastThreadLocalRunnable.java:30)
	... 1 more
Caused by: java.net.ConnectException: Connection refused
	... 11 more
2019-07-16 14:30:26,013 INFO  impl.RaftServerImpl (RaftServerImpl.java:setRole(171)) - a0a358c4-b048-4014-9238-672f8f885af6:group-82E04F160310 changes role from CANDIDATE to FOLLOWER at term 3 for DISCOVERED_A_NEW_TERM
2019-07-16 14:30:26,014 INFO  impl.RoleInfo (RoleInfo.java:shutdownLeaderElection(134)) - a0a358c4-b048-4014-9238-672f8f885af6: shutdown LeaderElection
2019-07-16 14:30:26,014 INFO  impl.RoleInfo (RoleInfo.java:updateAndGet(143)) - a0a358c4-b048-4014-9238-672f8f885af6: start FollowerState
2019-07-16 14:30:26,188 INFO  node.StaleNodeHandler (StaleNodeHandler.java:onMessage(58)) - Datanode a0a358c4-b048-4014-9238-672f8f885af6{ip: 192.168.157.241, host: trunk-nightly-gllmw-2332419065, networkLocation: /default-rack, certSerialId: null} moved to stale state. Finalizing its pipelines [PipelineID=6e0cca1f-c854-497f-98dc-0cde0f14d027, PipelineID=546be26a-fca0-4559-a280-82e04f160310]
2019-07-16 14:30:26,188 INFO  pipeline.SCMPipelineManager (SCMPipelineManager.java:finalizeAndDestroyPipeline(309)) - destroying pipeline:Pipeline[ Id: 6e0cca1f-c854-497f-98dc-0cde0f14d027, Nodes: a0a358c4-b048-4014-9238-672f8f885af6{ip: 192.168.157.241, host: trunk-nightly-gllmw-2332419065, networkLocation: /default-rack, certSerialId: null}, Type:RATIS, Factor:ONE, State:OPEN]
2019-07-16 14:30:26,188 INFO  pipeline.PipelineStateManager (PipelineStateManager.java:finalizePipeline(123)) - Pipeline Pipeline[ Id: 6e0cca1f-c854-497f-98dc-0cde0f14d027, Nodes: a0a358c4-b048-4014-9238-672f8f885af6{ip: 192.168.157.241, host: trunk-nightly-gllmw-2332419065, networkLocation: /default-rack, certSerialId: null}, Type:RATIS, Factor:ONE, State:CLOSED] moved to CLOSED state
2019-07-16 14:30:26,189 INFO  pipeline.SCMPipelineManager (SCMPipelineManager.java:finalizeAndDestroyPipeline(309)) - destroying pipeline:Pipeline[ Id: 546be26a-fca0-4559-a280-82e04f160310, Nodes: 5014ae59-fdca-4c19-9f95-a5a895a6fc17{ip: 192.168.157.241, host: trunk-nightly-gllmw-2332419065, networkLocation: /default-rack, certSerialId: null}a0a358c4-b048-4014-9238-672f8f885af6{ip: 192.168.157.241, host: trunk-nightly-gllmw-2332419065, networkLocation: /default-rack, certSerialId: null}66802454-a46f-43c1-848a-7c1fdabaf77c{ip: 192.168.157.241, host: trunk-nightly-gllmw-2332419065, networkLocation: /default-rack, certSerialId: null}, Type:RATIS, Factor:THREE, State:CLOSED]
2019-07-16 14:30:26,432 INFO  ozoneimpl.OzoneContainer (OzoneContainer.java:stop(199)) - Attempting to stop container services.
2019-07-16 14:30:26,432 INFO  impl.RaftServerProxy (RaftServerProxy.java:lambda$close$4(314)) - a0a358c4-b048-4014-9238-672f8f885af6: close
2019-07-16 14:30:26,433 INFO  impl.RaftServerImpl (RaftServerImpl.java:lambda$shutdown$3(245)) - a0a358c4-b048-4014-9238-672f8f885af6: shutdown group-0CDE0F14D027
2019-07-16 14:30:26,434 INFO  util.JmxRegister (JmxRegister.java:unregister(73)) - Successfully un-registered JMX Bean with object name Ratis:service=RaftServer,group=group-0CDE0F14D027,id=a0a358c4-b048-4014-9238-672f8f885af6
2019-07-16 14:30:26,434 INFO  impl.RoleInfo (RoleInfo.java:shutdownLeaderState(104)) - a0a358c4-b048-4014-9238-672f8f885af6: shutdown LeaderState
2019-07-16 14:30:26,435 INFO  impl.PendingRequests (PendingRequests.java:sendNotLeaderResponses(202)) - a0a358c4-b048-4014-9238-672f8f885af6-PendingRequests: sendNotLeaderResponses
2019-07-16 14:30:26,436 INFO  impl.StateMachineUpdater (StateMachineUpdater.java:stopAndJoin(115)) - StateMachineUpdater:a0a358c4-b048-4014-9238-672f8f885af6:group-0CDE0F14D027: set stopIndex = 0
2019-07-16 14:30:26,436 INFO  impl.RaftServerImpl (ServerState.java:close(394)) - a0a358c4-b048-4014-9238-672f8f885af6:group-0CDE0F14D027 closes. The last applied log index is 0
2019-07-16 14:30:26,437 INFO  segmented.SegmentedRaftLogWorker (SegmentedRaftLogWorker.java:run(313)) - a0a358c4-b048-4014-9238-672f8f885af6-SegmentedRaftLogWorker:Storage Directory /workdir/hadoop-ozone/integration-test/target/test-dir/MiniOzoneClusterImpl-479c7609-b74d-4220-beb1-8eefa524396f/datanode-5/data/ratis/6e0cca1f-c854-497f-98dc-0cde0f14d027 was interrupted, exiting. There are 0 tasks remaining in the queue.
2019-07-16 14:30:26,437 INFO  segmented.SegmentedRaftLogWorker (SegmentedRaftLogWorker.java:close(228)) - a0a358c4-b048-4014-9238-672f8f885af6-SegmentedRaftLogWorker:Storage Directory /workdir/hadoop-ozone/integration-test/target/test-dir/MiniOzoneClusterImpl-479c7609-b74d-4220-beb1-8eefa524396f/datanode-5/data/ratis/6e0cca1f-c854-497f-98dc-0cde0f14d027 close()
2019-07-16 14:30:26,439 INFO  impl.RaftServerImpl (RaftServerImpl.java:lambda$shutdown$3(245)) - a0a358c4-b048-4014-9238-672f8f885af6: shutdown group-82E04F160310
2019-07-16 14:30:26,440 INFO  util.JmxRegister (JmxRegister.java:unregister(73)) - Successfully un-registered JMX Bean with object name Ratis:service=RaftServer,group=group-82E04F160310,id=a0a358c4-b048-4014-9238-672f8f885af6
2019-07-16 14:30:26,440 INFO  impl.RoleInfo (RoleInfo.java:shutdownFollowerState(121)) - a0a358c4-b048-4014-9238-672f8f885af6: shutdown FollowerState
2019-07-16 14:30:26,441 INFO  impl.StateMachineUpdater (StateMachineUpdater.java:stopAndJoin(115)) - StateMachineUpdater:a0a358c4-b048-4014-9238-672f8f885af6:group-82E04F160310: set stopIndex = 18
2019-07-16 14:30:26,441 INFO  ratis.ContainerStateMachine (ContainerStateMachine.java:takeSnapshot(249)) - group-82E04F160310: Taking a snapshot at:(t:1, i:17) file /workdir/hadoop-ozone/integration-test/target/test-dir/MiniOzoneClusterImpl-479c7609-b74d-4220-beb1-8eefa524396f/datanode-5/data/ratis/546be26a-fca0-4559-a280-82e04f160310/sm/snapshot.1_17
2019-07-16 14:30:26,441 INFO  impl.FollowerState (FollowerState.java:run(114)) - a0a358c4-b048-4014-9238-672f8f885af6: FollowerState was interrupted: java.lang.InterruptedException: sleep interrupted
2019-07-16 14:30:26,443 INFO  ratis.ContainerStateMachine (ContainerStateMachine.java:takeSnapshot(257)) - group-82E04F160310: Finished taking a snapshot at:(t:1, i:17) file:/workdir/hadoop-ozone/integration-test/target/test-dir/MiniOzoneClusterImpl-479c7609-b74d-4220-beb1-8eefa524396f/datanode-5/data/ratis/546be26a-fca0-4559-a280-82e04f160310/sm/snapshot.1_17 time:3
2019-07-16 14:30:26,443 INFO  impl.StateMachineUpdater (StateMachineUpdater.java:takeSnapshot(242)) - StateMachineUpdater:a0a358c4-b048-4014-9238-672f8f885af6:group-82E04F160310: Took a snapshot at index 17
2019-07-16 14:30:26,443 INFO  impl.StateMachineUpdater (StateMachineUpdater.java:lambda$new$0(80)) - StateMachineUpdater:a0a358c4-b048-4014-9238-672f8f885af6:group-82E04F160310: snapshotIndex: updateIncreasingly -1 -> 17
2019-07-16 14:30:26,444 INFO  impl.RaftServerImpl (ServerState.java:close(394)) - a0a358c4-b048-4014-9238-672f8f885af6:group-82E04F160310 closes. The last applied log index is 18
2019-07-16 14:30:26,444 INFO  segmented.SegmentedRaftLogWorker (SegmentedRaftLogWorker.java:run(313)) - a0a358c4-b048-4014-9238-672f8f885af6-SegmentedRaftLogWorker:Storage Directory /workdir/hadoop-ozone/integration-test/target/test-dir/MiniOzoneClusterImpl-479c7609-b74d-4220-beb1-8eefa524396f/datanode-5/data/ratis/546be26a-fca0-4559-a280-82e04f160310 was interrupted, exiting. There are 0 tasks remaining in the queue.
2019-07-16 14:30:26,445 INFO  segmented.SegmentedRaftLogWorker (SegmentedRaftLogWorker.java:close(228)) - a0a358c4-b048-4014-9238-672f8f885af6-SegmentedRaftLogWorker:Storage Directory /workdir/hadoop-ozone/integration-test/target/test-dir/MiniOzoneClusterImpl-479c7609-b74d-4220-beb1-8eefa524396f/datanode-5/data/ratis/546be26a-fca0-4559-a280-82e04f160310 close()
2019-07-16 14:30:26,447 INFO  server.GrpcService (GrpcService.java:closeImpl(155)) - a0a358c4-b048-4014-9238-672f8f885af6: shutdown server with port 33961 now
2019-07-16 14:30:26,447 INFO  server.GrpcService (GrpcService.java:closeImpl(163)) - a0a358c4-b048-4014-9238-672f8f885af6: shutdown server with port 33961 successfully
2019-07-16 14:30:26,449 INFO  utils.BackgroundService (BackgroundService.java:shutdown(148)) - Shutting down service BlockDeletingService
2019-07-16 14:30:26,453 WARN  fs.CachingGetSpaceUsed (CachingGetSpaceUsed.java:run(183)) - Thread Interrupted waiting to refresh disk information: sleep interrupted
2019-07-16 14:30:26,471 INFO  statemachine.DatanodeStateMachine (DatanodeStateMachine.java:stopDaemon(395)) - Ozone container server stopped.
2019-07-16 14:30:26,483 INFO  handler.ContextHandler (ContextHandler.java:doStop(910)) - Stopped o.e.j.w.WebAppContext@511936ad{/,null,UNAVAILABLE}{/hddsDatanode}
2019-07-16 14:30:26,484 INFO  server.AbstractConnector (AbstractConnector.java:doStop(318)) - Stopped ServerConnector@7408b3db{HTTP/1.1,[http/1.1]}{0.0.0.0:0}
2019-07-16 14:30:26,484 INFO  handler.ContextHandler (ContextHandler.java:doStop(910)) - Stopped o.e.j.s.ServletContextHandler@1fb66050{/static,jar:file:/home/user/.m2/repository/org/apache/hadoop/hadoop-hdds-container-service/0.5.0-SNAPSHOT/hadoop-hdds-container-service-0.5.0-SNAPSHOT.jar!/webapps/static,UNAVAILABLE}
2019-07-16 14:30:26,485 INFO  handler.ContextHandler (ContextHandler.java:doStop(910)) - Stopped o.e.j.s.ServletContextHandler@47e2a158{/logs,file:///workdir/hadoop-ozone/integration-test/target/log,UNAVAILABLE}
2019-07-16 14:30:26,486 INFO  ozone.MiniOzoneClusterImpl (MiniOzoneClusterImpl.java:stop(353)) - Stopping the StorageContainerManager
2019-07-16 14:30:26,487 INFO  server.StorageContainerManager (StorageContainerManager.java:stop(796)) - Stopping Replication Manager Service.
2019-07-16 14:30:26,487 INFO  container.ReplicationManager (ReplicationManager.java:stop(187)) - Stopping Replication Monitor Thread.
2019-07-16 14:30:26,487 INFO  server.StorageContainerManager (StorageContainerManager.java:stop(803)) - Stopping Lease Manager of the command watchers
2019-07-16 14:30:26,487 INFO  server.StorageContainerManager (StorageContainerManager.java:stop(810)) - Stopping datanode service RPC server
2019-07-16 14:30:26,488 INFO  server.SCMDatanodeProtocolServer (SCMDatanodeProtocolServer.java:stop(375)) - Stopping the RPC server for DataNodes
2019-07-16 14:30:26,488 INFO  ipc.Server (Server.java:stop(3082)) - Stopping server on 44821
2019-07-16 14:30:26,491 INFO  ipc.Server (Server.java:run(1319)) - Stopping IPC Server Responder
2019-07-16 14:30:26,491 INFO  ipc.Server (Server.java:run(1185)) - Stopping IPC Server listener on 44821
2019-07-16 14:30:26,588 WARN  node.NodeStateManager (NodeStateManager.java:scheduleNextHealthCheck(631)) - Current Thread is interrupted, shutting down HB processing thread for Node Manager.
2019-07-16 14:30:26,589 INFO  server.StorageContainerManager (StorageContainerManager.java:stop(818)) - Stopping block service RPC server
2019-07-16 14:30:26,589 INFO  server.SCMBlockProtocolServer (SCMBlockProtocolServer.java:stop(148)) - Stopping the RPC server for Block Protocol
2019-07-16 14:30:26,589 INFO  ipc.Server (Server.java:stop(3082)) - Stopping server on 44679
2019-07-16 14:30:26,591 INFO  ipc.Server (Server.java:run(1185)) - Stopping IPC Server listener on 44679
2019-07-16 14:30:26,591 INFO  server.StorageContainerManager (StorageContainerManager.java:stop(825)) - Stopping the StorageContainerLocationProtocol RPC server
2019-07-16 14:30:26,592 INFO  server.SCMClientProtocolServer (SCMClientProtocolServer.java:stop(157)) - Stopping the RPC server for Client Protocol
2019-07-16 14:30:26,592 INFO  ipc.Server (Server.java:stop(3082)) - Stopping server on 41442
2019-07-16 14:30:26,592 INFO  ipc.Server (Server.java:run(1319)) - Stopping IPC Server Responder
2019-07-16 14:30:26,596 INFO  ipc.Server (Server.java:run(1185)) - Stopping IPC Server listener on 41442
2019-07-16 14:30:26,596 INFO  server.StorageContainerManager (StorageContainerManager.java:stop(832)) - Stopping Storage Container Manager HTTP server.
2019-07-16 14:30:26,596 INFO  ipc.Server (Server.java:run(1319)) - Stopping IPC Server Responder
2019-07-16 14:30:26,599 INFO  handler.ContextHandler (ContextHandler.java:doStop(910)) - Stopped o.e.j.w.WebAppContext@33dcbdc2{/,null,UNAVAILABLE}{/scm}
2019-07-16 14:30:26,599 INFO  server.AbstractConnector (AbstractConnector.java:doStop(318)) - Stopped ServerConnector@3e37c38f{HTTP/1.1,[http/1.1]}{0.0.0.0:0}
2019-07-16 14:30:26,600 INFO  handler.ContextHandler (ContextHandler.java:doStop(910)) - Stopped o.e.j.s.ServletContextHandler@401e36ab{/static,file:///workdir/hadoop-ozone/integration-test/target/test-classes/webapps/static,UNAVAILABLE}
2019-07-16 14:30:26,600 INFO  handler.ContextHandler (ContextHandler.java:doStop(910)) - Stopped o.e.j.s.ServletContextHandler@5ed83e36{/logs,file:///workdir/hadoop-ozone/integration-test/target/log,UNAVAILABLE}
2019-07-16 14:30:26,601 INFO  server.StorageContainerManager (StorageContainerManager.java:stop(843)) - Stopping Block Manager Service.
2019-07-16 14:30:26,601 INFO  utils.BackgroundService (BackgroundService.java:shutdown(148)) - Shutting down service SCMBlockDeletingService
2019-07-16 14:30:26,602 INFO  utils.BackgroundService (BackgroundService.java:shutdown(148)) - Shutting down service SCMBlockDeletingService
2019-07-16 14:30:26,602 INFO  server.StorageContainerManager (StorageContainerManager.java:stop(865)) - Stopping SCM Event Queue.
2019-07-16 14:30:26,607 INFO  impl.MetricsSystemImpl (MetricsSystemImpl.java:stop(210)) - Stopping HddsDatanode metrics system...
2019-07-16 14:30:26,622 INFO  impl.MetricsSystemImpl (MetricsSystemImpl.java:stop(216)) - HddsDatanode metrics system stopped.
]]></system-out>
    <system-err><![CDATA[Jul 16, 2019 2:29:50 PM com.sun.jersey.server.impl.application.WebApplicationImpl _initiate
INFO: Initiating Jersey application, version 'Jersey: 1.19 02/11/2015 03:25 AM'
Jul 16, 2019 2:29:50 PM com.sun.jersey.server.impl.application.WebApplicationImpl _initiate
INFO: Initiating Jersey application, version 'Jersey: 1.19 02/11/2015 03:25 AM'
Jul 16, 2019 2:29:50 PM com.sun.jersey.server.impl.application.WebApplicationImpl _initiate
INFO: Initiating Jersey application, version 'Jersey: 1.19 02/11/2015 03:25 AM'
Jul 16, 2019 2:29:50 PM com.sun.jersey.server.impl.application.WebApplicationImpl _initiate
INFO: Initiating Jersey application, version 'Jersey: 1.19 02/11/2015 03:25 AM'
Jul 16, 2019 2:29:51 PM com.sun.jersey.server.impl.application.WebApplicationImpl _initiate
INFO: Initiating Jersey application, version 'Jersey: 1.19 02/11/2015 03:25 AM'
Jul 16, 2019 2:29:51 PM com.sun.jersey.server.impl.application.WebApplicationImpl _initiate
INFO: Initiating Jersey application, version 'Jersey: 1.19 02/11/2015 03:25 AM'
Jul 16, 2019 2:29:51 PM com.sun.jersey.server.impl.application.WebApplicationImpl _initiate
INFO: Initiating Jersey application, version 'Jersey: 1.19 02/11/2015 03:25 AM'
Jul 16, 2019 2:29:56 PM org.apache.ratis.thirdparty.io.grpc.internal.ManagedChannelOrphanWrapper$ManagedChannelReference cleanQueue
SEVERE: *~*~*~ Channel ManagedChannelImpl{logId=3424, target=192.168.157.241:35901} was not shutdown properly!!! ~*~*~*
    Make sure to call shutdown()/shutdownNow() and wait until awaitTermination() returns true.
java.lang.RuntimeException: ManagedChannel allocation site
	at org.apache.ratis.thirdparty.io.grpc.internal.ManagedChannelOrphanWrapper$ManagedChannelReference.<init>(ManagedChannelOrphanWrapper.java:103)
	at org.apache.ratis.thirdparty.io.grpc.internal.ManagedChannelOrphanWrapper.<init>(ManagedChannelOrphanWrapper.java:53)
	at org.apache.ratis.thirdparty.io.grpc.internal.ManagedChannelOrphanWrapper.<init>(ManagedChannelOrphanWrapper.java:44)
	at org.apache.ratis.thirdparty.io.grpc.internal.AbstractManagedChannelImplBuilder.build(AbstractManagedChannelImplBuilder.java:411)
	at org.apache.ratis.grpc.client.GrpcClientProtocolClient.<init>(GrpcClientProtocolClient.java:119)
	at org.apache.ratis.grpc.client.GrpcClientRpc.lambda$new$0(GrpcClientRpc.java:55)
	at org.apache.ratis.util.PeerProxyMap$PeerAndProxy.lambda$getProxy$0(PeerProxyMap.java:61)
	at org.apache.ratis.util.LifeCycle.startAndTransition(LifeCycle.java:202)
	at org.apache.ratis.util.PeerProxyMap$PeerAndProxy.getProxy(PeerProxyMap.java:60)
	at org.apache.ratis.util.PeerProxyMap.getProxy(PeerProxyMap.java:107)
	at org.apache.ratis.grpc.client.GrpcClientRpc.sendRequestAsync(GrpcClientRpc.java:66)
	at org.apache.ratis.client.impl.OrderedAsync.sendRequest(OrderedAsync.java:208)
	at org.apache.ratis.client.impl.OrderedAsync.sendRequestWithRetry(OrderedAsync.java:169)
	at org.apache.ratis.util.SlidingWindow$Client.sendOrDelayRequest(SlidingWindow.java:278)
	at org.apache.ratis.util.SlidingWindow$Client.retry(SlidingWindow.java:294)
	at org.apache.ratis.client.impl.OrderedAsync.lambda$scheduleWithTimeout$7(OrderedAsync.java:195)
	at org.apache.ratis.util.TimeoutScheduler.lambda$onTimeout$0(TimeoutScheduler.java:85)
	at org.apache.ratis.util.TimeoutScheduler.lambda$onTimeout$1(TimeoutScheduler.java:104)
	at org.apache.ratis.util.LogUtils.runAndLog(LogUtils.java:50)
	at org.apache.ratis.util.LogUtils$1.run(LogUtils.java:91)
	at java.util.concurrent.Executors$RunnableAdapter.call(Executors.java:511)
	at java.util.concurrent.FutureTask.run(FutureTask.java:266)
	at java.util.concurrent.ScheduledThreadPoolExecutor$ScheduledFutureTask.access$201(ScheduledThreadPoolExecutor.java:180)
	at java.util.concurrent.ScheduledThreadPoolExecutor$ScheduledFutureTask.run(ScheduledThreadPoolExecutor.java:293)
	at java.util.concurrent.ThreadPoolExecutor.runWorker(ThreadPoolExecutor.java:1149)
	at java.util.concurrent.ThreadPoolExecutor$Worker.run(ThreadPoolExecutor.java:624)
	at java.lang.Thread.run(Thread.java:748)

Jul 16, 2019 2:29:56 PM org.apache.ratis.thirdparty.io.grpc.internal.ManagedChannelOrphanWrapper$ManagedChannelReference cleanQueue
SEVERE: *~*~*~ Channel ManagedChannelImpl{logId=3469, target=192.168.157.241:38470} was not shutdown properly!!! ~*~*~*
    Make sure to call shutdown()/shutdownNow() and wait until awaitTermination() returns true.
java.lang.RuntimeException: ManagedChannel allocation site
	at org.apache.ratis.thirdparty.io.grpc.internal.ManagedChannelOrphanWrapper$ManagedChannelReference.<init>(ManagedChannelOrphanWrapper.java:103)
	at org.apache.ratis.thirdparty.io.grpc.internal.ManagedChannelOrphanWrapper.<init>(ManagedChannelOrphanWrapper.java:53)
	at org.apache.ratis.thirdparty.io.grpc.internal.ManagedChannelOrphanWrapper.<init>(ManagedChannelOrphanWrapper.java:44)
	at org.apache.ratis.thirdparty.io.grpc.internal.AbstractManagedChannelImplBuilder.build(AbstractManagedChannelImplBuilder.java:411)
	at org.apache.ratis.grpc.client.GrpcClientProtocolClient.<init>(GrpcClientProtocolClient.java:119)
	at org.apache.ratis.grpc.client.GrpcClientRpc.lambda$new$0(GrpcClientRpc.java:55)
	at org.apache.ratis.util.PeerProxyMap$PeerAndProxy.lambda$getProxy$0(PeerProxyMap.java:61)
	at org.apache.ratis.util.LifeCycle.startAndTransition(LifeCycle.java:202)
	at org.apache.ratis.util.PeerProxyMap$PeerAndProxy.getProxy(PeerProxyMap.java:60)
	at org.apache.ratis.util.PeerProxyMap.getProxy(PeerProxyMap.java:107)
	at org.apache.ratis.grpc.client.GrpcClientRpc.sendRequestAsync(GrpcClientRpc.java:66)
	at org.apache.ratis.client.impl.OrderedAsync.sendRequest(OrderedAsync.java:208)
	at org.apache.ratis.client.impl.OrderedAsync.sendRequestWithRetry(OrderedAsync.java:169)
	at org.apache.ratis.util.SlidingWindow$Client.sendOrDelayRequest(SlidingWindow.java:278)
	at org.apache.ratis.util.SlidingWindow$Client.retry(SlidingWindow.java:294)
	at org.apache.ratis.client.impl.OrderedAsync.lambda$scheduleWithTimeout$7(OrderedAsync.java:195)
	at org.apache.ratis.util.TimeoutScheduler.lambda$onTimeout$0(TimeoutScheduler.java:85)
	at org.apache.ratis.util.TimeoutScheduler.lambda$onTimeout$1(TimeoutScheduler.java:104)
	at org.apache.ratis.util.LogUtils.runAndLog(LogUtils.java:50)
	at org.apache.ratis.util.LogUtils$1.run(LogUtils.java:91)
	at java.util.concurrent.Executors$RunnableAdapter.call(Executors.java:511)
	at java.util.concurrent.FutureTask.run(FutureTask.java:266)
	at java.util.concurrent.ScheduledThreadPoolExecutor$ScheduledFutureTask.access$201(ScheduledThreadPoolExecutor.java:180)
	at java.util.concurrent.ScheduledThreadPoolExecutor$ScheduledFutureTask.run(ScheduledThreadPoolExecutor.java:293)
	at java.util.concurrent.ThreadPoolExecutor.runWorker(ThreadPoolExecutor.java:1149)
	at java.util.concurrent.ThreadPoolExecutor$Worker.run(ThreadPoolExecutor.java:624)
	at java.lang.Thread.run(Thread.java:748)

]]></system-err>
  </testcase>
  <testcase name="testExceptionDuringClose" classname="org.apache.hadoop.ozone.client.rpc.TestBlockOutputStreamWithFailures" time="33.91">
    <error type="java.lang.IllegalArgumentException">java.lang.IllegalArgumentException
	at com.google.common.base.Preconditions.checkArgument(Preconditions.java:72)
	at org.apache.hadoop.hdds.scm.XceiverClientManager.acquireClient(XceiverClientManager.java:150)
	at org.apache.hadoop.hdds.scm.XceiverClientManager.acquireClientForReadData(XceiverClientManager.java:143)
	at org.apache.hadoop.hdds.scm.storage.BlockInputStream.getChunkInfos(BlockInputStream.java:154)
	at org.apache.hadoop.hdds.scm.storage.BlockInputStream.initialize(BlockInputStream.java:118)
	at org.apache.hadoop.hdds.scm.storage.BlockInputStream.read(BlockInputStream.java:222)
	at org.apache.hadoop.ozone.client.io.KeyInputStream.read(KeyInputStream.java:171)
	at org.apache.hadoop.ozone.client.io.OzoneInputStream.read(OzoneInputStream.java:47)
	at java.io.InputStream.read(InputStream.java:101)
	at org.apache.hadoop.ozone.container.ContainerTestHelper.validateData(ContainerTestHelper.java:709)
	at org.apache.hadoop.ozone.client.rpc.TestBlockOutputStreamWithFailures.validateData(TestBlockOutputStreamWithFailures.java:1212)
	at org.apache.hadoop.ozone.client.rpc.TestBlockOutputStreamWithFailures.testExceptionDuringClose(TestBlockOutputStreamWithFailures.java:773)
	at sun.reflect.NativeMethodAccessorImpl.invoke0(Native Method)
	at sun.reflect.NativeMethodAccessorImpl.invoke(NativeMethodAccessorImpl.java:62)
	at sun.reflect.DelegatingMethodAccessorImpl.invoke(DelegatingMethodAccessorImpl.java:43)
	at java.lang.reflect.Method.invoke(Method.java:498)
	at org.junit.runners.model.FrameworkMethod$1.runReflectiveCall(FrameworkMethod.java:47)
	at org.junit.internal.runners.model.ReflectiveCallable.run(ReflectiveCallable.java:12)
	at org.junit.runners.model.FrameworkMethod.invokeExplosively(FrameworkMethod.java:44)
	at org.junit.internal.runners.statements.InvokeMethod.evaluate(InvokeMethod.java:17)
	at org.junit.internal.runners.statements.RunBefores.evaluate(RunBefores.java:26)
	at org.junit.internal.runners.statements.RunAfters.evaluate(RunAfters.java:27)
	at org.junit.runners.ParentRunner.runLeaf(ParentRunner.java:271)
	at org.junit.runners.BlockJUnit4ClassRunner.runChild(BlockJUnit4ClassRunner.java:70)
	at org.junit.runners.BlockJUnit4ClassRunner.runChild(BlockJUnit4ClassRunner.java:50)
	at org.junit.runners.ParentRunner$3.run(ParentRunner.java:238)
	at org.junit.runners.ParentRunner$1.schedule(ParentRunner.java:63)
	at org.junit.runners.ParentRunner.runChildren(ParentRunner.java:236)
	at org.junit.runners.ParentRunner.access$000(ParentRunner.java:53)
	at org.junit.runners.ParentRunner$2.evaluate(ParentRunner.java:229)
	at org.junit.runners.ParentRunner.run(ParentRunner.java:309)
	at org.apache.maven.surefire.junit4.JUnit4Provider.execute(JUnit4Provider.java:365)
	at org.apache.maven.surefire.junit4.JUnit4Provider.executeWithRerun(JUnit4Provider.java:273)
	at org.apache.maven.surefire.junit4.JUnit4Provider.executeTestSet(JUnit4Provider.java:238)
	at org.apache.maven.surefire.junit4.JUnit4Provider.invoke(JUnit4Provider.java:159)
	at org.apache.maven.surefire.booter.ForkedBooter.invokeProviderInSameClassLoader(ForkedBooter.java:384)
	at org.apache.maven.surefire.booter.ForkedBooter.runSuitesInProcess(ForkedBooter.java:345)
	at org.apache.maven.surefire.booter.ForkedBooter.execute(ForkedBooter.java:126)
	at org.apache.maven.surefire.booter.ForkedBooter.main(ForkedBooter.java:418)
</error>
    <system-out><![CDATA[2019-07-16 14:30:26,672 WARN  server.ServerUtils (ServerUtils.java:getScmDbDir(145)) - ozone.scm.db.dirs is not configured. We recommend adding this setting. Falling back to ozone.metadata.dirs instead.
2019-07-16 14:30:26,698 WARN  server.ServerUtils (ServerUtils.java:getScmDbDir(145)) - ozone.scm.db.dirs is not configured. We recommend adding this setting. Falling back to ozone.metadata.dirs instead.
2019-07-16 14:30:26,698 WARN  server.ServerUtils (ServerUtils.java:getScmDbDir(145)) - ozone.scm.db.dirs is not configured. We recommend adding this setting. Falling back to ozone.metadata.dirs instead.
2019-07-16 14:30:26,699 INFO  db.DBStoreBuilder (DBStoreBuilder.java:addTable(110)) - using custom profile for table: deletedBlocks
2019-07-16 14:30:26,699 INFO  db.DBStoreBuilder (DBStoreBuilder.java:processTables(161)) - Using default column profile:DBProfile.DISK for Table:deletedBlocks
2019-07-16 14:30:26,699 INFO  db.DBStoreBuilder (DBStoreBuilder.java:addTable(110)) - using custom profile for table: validCerts
2019-07-16 14:30:26,700 INFO  db.DBStoreBuilder (DBStoreBuilder.java:processTables(161)) - Using default column profile:DBProfile.DISK for Table:validCerts
2019-07-16 14:30:26,700 INFO  db.DBStoreBuilder (DBStoreBuilder.java:addTable(110)) - using custom profile for table: revokedCerts
2019-07-16 14:30:26,700 INFO  db.DBStoreBuilder (DBStoreBuilder.java:processTables(161)) - Using default column profile:DBProfile.DISK for Table:revokedCerts
2019-07-16 14:30:26,700 INFO  db.DBStoreBuilder (DBStoreBuilder.java:addTable(110)) - using custom profile for table: default
2019-07-16 14:30:26,701 INFO  db.DBStoreBuilder (DBStoreBuilder.java:processTables(167)) - Using default column profile:DBProfile.DISK for Table:default
2019-07-16 14:30:26,701 INFO  db.DBStoreBuilder (DBStoreBuilder.java:getDbProfile(198)) - Using default options. DBProfile.DISK
2019-07-16 14:30:26,879 INFO  net.NodeSchemaLoader (NodeSchemaLoader.java:loadSchemaFromFile(125)) - Loading file from sun.misc.CompoundEnumeration@6f3a8d5e
2019-07-16 14:30:26,879 INFO  net.NodeSchemaLoader (NodeSchemaLoader.java:loadSchema(171)) - Loading network topology layer schema file
2019-07-16 14:30:26,884 INFO  node.SCMNodeManager (SCMNodeManager.java:<init>(119)) - Entering startup safe mode.
2019-07-16 14:30:26,885 WARN  server.ServerUtils (ServerUtils.java:getScmDbDir(145)) - ozone.scm.db.dirs is not configured. We recommend adding this setting. Falling back to ozone.metadata.dirs instead.
2019-07-16 14:30:26,935 INFO  pipeline.SCMPipelineManager (SCMPipelineManager.java:initializePipelineState(126)) - No pipeline exists in current db
2019-07-16 14:30:26,935 WARN  server.ServerUtils (ServerUtils.java:getScmDbDir(145)) - ozone.scm.db.dirs is not configured. We recommend adding this setting. Falling back to ozone.metadata.dirs instead.
2019-07-16 14:30:26,988 WARN  events.EventQueue (EventQueue.java:fireEvent(175)) - No event handler registered for event TypedEvent{payloadType=SafeModeStatus, name='SafeModeStatus'}
2019-07-16 14:30:26,989 INFO  ipc.CallQueueManager (CallQueueManager.java:<init>(84)) - Using callQueue: class java.util.concurrent.LinkedBlockingQueue, queueCapacity: 2000, scheduler: class org.apache.hadoop.ipc.DefaultRpcScheduler, ipcBackoff: false.
2019-07-16 14:30:26,991 INFO  ipc.Server (Server.java:run(1074)) - Starting Socket Reader #1 for port 43111
2019-07-16 14:30:26,993 INFO  ipc.CallQueueManager (CallQueueManager.java:<init>(84)) - Using callQueue: class java.util.concurrent.LinkedBlockingQueue, queueCapacity: 2000, scheduler: class org.apache.hadoop.ipc.DefaultRpcScheduler, ipcBackoff: false.
2019-07-16 14:30:26,994 INFO  ipc.Server (Server.java:run(1074)) - Starting Socket Reader #1 for port 44427
2019-07-16 14:30:26,999 INFO  ipc.CallQueueManager (CallQueueManager.java:<init>(84)) - Using callQueue: class java.util.concurrent.LinkedBlockingQueue, queueCapacity: 2000, scheduler: class org.apache.hadoop.ipc.DefaultRpcScheduler, ipcBackoff: false.
2019-07-16 14:30:26,999 INFO  ipc.Server (Server.java:run(1074)) - Starting Socket Reader #1 for port 33861
2019-07-16 14:30:27,003 INFO  hdfs.DFSUtil (DFSUtil.java:httpServerTemplateForNNAndJN(1641)) - Starting Web-server for scm at: http://0.0.0.0:0
2019-07-16 14:30:27,005 INFO  server.AuthenticationFilter (AuthenticationFilter.java:constructSecretProvider(240)) - Unable to initialize FileSignerSecretProvider, falling back to use random secrets.
2019-07-16 14:30:27,006 WARN  http.HttpRequestLog (HttpRequestLog.java:getRequestLog(97)) - Jetty request log can only be enabled using Log4j
2019-07-16 14:30:27,008 INFO  http.HttpServer2 (HttpServer2.java:addGlobalFilter(975)) - Added global filter 'safety' (class=org.apache.hadoop.http.HttpServer2$QuotingInputFilter)
2019-07-16 14:30:27,009 INFO  http.HttpServer2 (HttpServer2.java:addFilter(948)) - Added filter static_user_filter (class=org.apache.hadoop.http.lib.StaticUserWebFilter$StaticUserFilter) to context scm
2019-07-16 14:30:27,009 INFO  http.HttpServer2 (HttpServer2.java:addFilter(958)) - Added filter static_user_filter (class=org.apache.hadoop.http.lib.StaticUserWebFilter$StaticUserFilter) to context logs
2019-07-16 14:30:27,009 INFO  http.HttpServer2 (HttpServer2.java:addFilter(958)) - Added filter static_user_filter (class=org.apache.hadoop.http.lib.StaticUserWebFilter$StaticUserFilter) to context static
2019-07-16 14:30:27,011 INFO  server.StorageContainerManager (StorageContainerManager.java:start(759)) - StorageContainerLocationProtocol RPC server is listening at /0.0.0.0:33861
2019-07-16 14:30:27,013 WARN  impl.MetricsConfig (MetricsConfig.java:loadFirst(134)) - Cannot locate configuration: tried hadoop-metrics2-storagecontainermanager.properties,hadoop-metrics2.properties
2019-07-16 14:30:27,014 INFO  impl.MetricsSystemImpl (MetricsSystemImpl.java:startTimer(374)) - Scheduled Metric snapshot period at 10 second(s).
2019-07-16 14:30:27,015 INFO  impl.MetricsSystemImpl (MetricsSystemImpl.java:start(191)) - StorageContainerManager metrics system started
2019-07-16 14:30:27,095 INFO  server.SCMClientProtocolServer (SCMClientProtocolServer.java:start(149)) - RPC server for Client  is listening at /0.0.0.0:33861
2019-07-16 14:30:27,096 INFO  ipc.Server (Server.java:run(1314)) - IPC Server Responder: starting
2019-07-16 14:30:27,096 INFO  ipc.Server (Server.java:run(1153)) - IPC Server listener on 33861: starting
2019-07-16 14:30:27,101 INFO  server.StorageContainerManager (StorageContainerManager.java:start(768)) - ScmBlockLocationProtocol RPC server is listening at /0.0.0.0:44427
2019-07-16 14:30:27,101 INFO  server.SCMBlockProtocolServer (SCMBlockProtocolServer.java:start(140)) - RPC server for Block Protocol is listening at /0.0.0.0:44427
2019-07-16 14:30:27,102 INFO  ipc.Server (Server.java:run(1314)) - IPC Server Responder: starting
2019-07-16 14:30:27,102 INFO  ipc.Server (Server.java:run(1153)) - IPC Server listener on 44427: starting
2019-07-16 14:30:27,106 INFO  server.StorageContainerManager (StorageContainerManager.java:start(772)) - ScmDatanodeProtocl RPC server is listening at /0.0.0.0:43111
2019-07-16 14:30:27,107 INFO  server.SCMDatanodeProtocolServer (SCMDatanodeProtocolServer.java:start(191)) - RPC server for DataNodes is listening at /0.0.0.0:43111
2019-07-16 14:30:27,107 INFO  ipc.Server (Server.java:run(1314)) - IPC Server Responder: starting
2019-07-16 14:30:27,107 INFO  ipc.Server (Server.java:run(1153)) - IPC Server listener on 43111: starting
2019-07-16 14:30:27,112 INFO  http.HttpServer2 (HttpServer2.java:bindListener(1191)) - Jetty bound to port 37831
2019-07-16 14:30:27,112 INFO  server.Server (Server.java:doStart(351)) - jetty-9.3.24.v20180605, build timestamp: 2018-06-05T17:11:56Z, git hash: 84205aa28f11a4f31f2a3b86d1bba2cc8ab69827
2019-07-16 14:30:27,114 INFO  handler.ContextHandler (ContextHandler.java:doStart(781)) - Started o.e.j.s.ServletContextHandler@90efbba{/logs,file:///workdir/hadoop-ozone/integration-test/target/log,AVAILABLE}
2019-07-16 14:30:27,115 INFO  handler.ContextHandler (ContextHandler.java:doStart(781)) - Started o.e.j.s.ServletContextHandler@52b7d2d3{/static,file:///workdir/hadoop-ozone/integration-test/target/test-classes/webapps/static,AVAILABLE}
2019-07-16 14:30:27,120 INFO  handler.ContextHandler (ContextHandler.java:doStart(781)) - Started o.e.j.w.WebAppContext@b8f6500{/,file:///workdir/hadoop-ozone/integration-test/target/test-classes/webapps/scm/,AVAILABLE}{/scm}
2019-07-16 14:30:27,120 INFO  server.AbstractConnector (AbstractConnector.java:doStart(278)) - Started ServerConnector@58968733{HTTP/1.1,[http/1.1]}{0.0.0.0:37831}
2019-07-16 14:30:27,125 INFO  server.Server (Server.java:doStart(419)) - Started @700421ms
2019-07-16 14:30:27,127 INFO  server.BaseHttpServer (BaseHttpServer.java:updateConnectorAddress(207)) - HTTP server of SCM is listening at http://0.0.0.0:37831
2019-07-16 14:30:27,130 WARN  server.ServerUtils (ServerUtils.java:getDBPath(222)) - ozone.om.db.dirs is not configured. We recommend adding this setting. Falling back to ozone.metadata.dirs instead.
2019-07-16 14:30:27,131 INFO  util.JvmPauseMonitor (JvmPauseMonitor.java:run(188)) - Starting JVM pause monitor
2019-07-16 14:30:27,144 WARN  server.ServerUtils (ServerUtils.java:getDBPath(222)) - ozone.om.db.dirs is not configured. We recommend adding this setting. Falling back to ozone.metadata.dirs instead.
2019-07-16 14:30:27,144 INFO  om.OzoneManager (OzoneManager.java:setOMNodeDetails(626)) - OM Service ID is not set. Setting it to the default ID: omServiceIdDefault
2019-07-16 14:30:27,144 INFO  om.OzoneManager (OzoneManager.java:setOMNodeDetails(632)) - OM Node ID is not set. Setting it to the OmStorage's OmID: 46fa220a-6e96-4cf6-a44f-e7621e215635
2019-07-16 14:30:27,145 INFO  om.OzoneManager (OzoneManager.java:loadOMHAConfigs(583)) - Found matching OM address with OMServiceId: null, OMNodeId: null, RPC Address: localhost:0 and Ratis port: 9872
2019-07-16 14:30:27,153 WARN  server.ServerUtils (ServerUtils.java:getDBPath(222)) - ozone.om.db.dirs is not configured. We recommend adding this setting. Falling back to ozone.metadata.dirs instead.
2019-07-16 14:30:27,154 INFO  db.DBStoreBuilder (DBStoreBuilder.java:addTable(110)) - using custom profile for table: userTable
2019-07-16 14:30:27,154 INFO  db.DBStoreBuilder (DBStoreBuilder.java:processTables(161)) - Using default column profile:DBProfile.DISK for Table:userTable
2019-07-16 14:30:27,154 INFO  db.DBStoreBuilder (DBStoreBuilder.java:addTable(110)) - using custom profile for table: volumeTable
2019-07-16 14:30:27,154 INFO  db.DBStoreBuilder (DBStoreBuilder.java:processTables(161)) - Using default column profile:DBProfile.DISK for Table:volumeTable
2019-07-16 14:30:27,154 INFO  db.DBStoreBuilder (DBStoreBuilder.java:addTable(110)) - using custom profile for table: bucketTable
2019-07-16 14:30:27,155 INFO  db.DBStoreBuilder (DBStoreBuilder.java:processTables(161)) - Using default column profile:DBProfile.DISK for Table:bucketTable
2019-07-16 14:30:27,155 INFO  db.DBStoreBuilder (DBStoreBuilder.java:addTable(110)) - using custom profile for table: keyTable
2019-07-16 14:30:27,155 INFO  db.DBStoreBuilder (DBStoreBuilder.java:processTables(161)) - Using default column profile:DBProfile.DISK for Table:keyTable
2019-07-16 14:30:27,155 INFO  db.DBStoreBuilder (DBStoreBuilder.java:addTable(110)) - using custom profile for table: deletedTable
2019-07-16 14:30:27,155 INFO  db.DBStoreBuilder (DBStoreBuilder.java:processTables(161)) - Using default column profile:DBProfile.DISK for Table:deletedTable
2019-07-16 14:30:27,156 INFO  db.DBStoreBuilder (DBStoreBuilder.java:addTable(110)) - using custom profile for table: openKeyTable
2019-07-16 14:30:27,156 INFO  db.DBStoreBuilder (DBStoreBuilder.java:processTables(161)) - Using default column profile:DBProfile.DISK for Table:openKeyTable
2019-07-16 14:30:27,156 INFO  db.DBStoreBuilder (DBStoreBuilder.java:addTable(110)) - using custom profile for table: s3Table
2019-07-16 14:30:27,156 INFO  db.DBStoreBuilder (DBStoreBuilder.java:processTables(161)) - Using default column profile:DBProfile.DISK for Table:s3Table
2019-07-16 14:30:27,156 INFO  db.DBStoreBuilder (DBStoreBuilder.java:addTable(110)) - using custom profile for table: multipartInfoTable
2019-07-16 14:30:27,157 INFO  db.DBStoreBuilder (DBStoreBuilder.java:processTables(161)) - Using default column profile:DBProfile.DISK for Table:multipartInfoTable
2019-07-16 14:30:27,157 INFO  db.DBStoreBuilder (DBStoreBuilder.java:addTable(110)) - using custom profile for table: dTokenTable
2019-07-16 14:30:27,157 INFO  db.DBStoreBuilder (DBStoreBuilder.java:processTables(161)) - Using default column profile:DBProfile.DISK for Table:dTokenTable
2019-07-16 14:30:27,157 INFO  db.DBStoreBuilder (DBStoreBuilder.java:addTable(110)) - using custom profile for table: s3SecretTable
2019-07-16 14:30:27,157 INFO  db.DBStoreBuilder (DBStoreBuilder.java:processTables(161)) - Using default column profile:DBProfile.DISK for Table:s3SecretTable
2019-07-16 14:30:27,158 INFO  db.DBStoreBuilder (DBStoreBuilder.java:addTable(110)) - using custom profile for table: prefixTable
2019-07-16 14:30:27,158 INFO  db.DBStoreBuilder (DBStoreBuilder.java:processTables(161)) - Using default column profile:DBProfile.DISK for Table:prefixTable
2019-07-16 14:30:27,158 INFO  db.DBStoreBuilder (DBStoreBuilder.java:addTable(110)) - using custom profile for table: default
2019-07-16 14:30:27,158 INFO  db.DBStoreBuilder (DBStoreBuilder.java:processTables(167)) - Using default column profile:DBProfile.DISK for Table:default
2019-07-16 14:30:27,158 INFO  db.DBStoreBuilder (DBStoreBuilder.java:getDbProfile(198)) - Using default options. DBProfile.DISK
2019-07-16 14:30:27,606 INFO  ipc.CallQueueManager (CallQueueManager.java:<init>(84)) - Using callQueue: class java.util.concurrent.LinkedBlockingQueue, queueCapacity: 2000, scheduler: class org.apache.hadoop.ipc.DefaultRpcScheduler, ipcBackoff: false.
2019-07-16 14:30:27,607 INFO  ipc.Server (Server.java:run(1074)) - Starting Socket Reader #1 for port 41626
2019-07-16 14:30:27,621 WARN  server.ServerUtils (ServerUtils.java:getDBPath(222)) - ozone.om.db.dirs is not configured. We recommend adding this setting. Falling back to ozone.metadata.dirs instead.
2019-07-16 14:30:27,621 INFO  om.OzoneManager (OzoneManager.java:start(1224)) - OzoneManager RPC server is listening at localhost/127.0.0.1:41626
2019-07-16 14:30:27,621 INFO  impl.MetricsSystemImpl (MetricsSystemImpl.java:init(158)) - OzoneManager metrics system started (again)
2019-07-16 14:30:27,622 INFO  ipc.Server (Server.java:run(1314)) - IPC Server Responder: starting
2019-07-16 14:30:27,624 INFO  ipc.Server (Server.java:run(1153)) - IPC Server listener on 41626: starting
2019-07-16 14:30:27,629 INFO  hdfs.DFSUtil (DFSUtil.java:httpServerTemplateForNNAndJN(1641)) - Starting Web-server for ozoneManager at: http://0.0.0.0:0
2019-07-16 14:30:27,631 INFO  server.AuthenticationFilter (AuthenticationFilter.java:constructSecretProvider(240)) - Unable to initialize FileSignerSecretProvider, falling back to use random secrets.
2019-07-16 14:30:27,632 WARN  http.HttpRequestLog (HttpRequestLog.java:getRequestLog(97)) - Jetty request log can only be enabled using Log4j
2019-07-16 14:30:27,633 INFO  http.HttpServer2 (HttpServer2.java:addGlobalFilter(975)) - Added global filter 'safety' (class=org.apache.hadoop.http.HttpServer2$QuotingInputFilter)
2019-07-16 14:30:27,634 INFO  http.HttpServer2 (HttpServer2.java:addFilter(948)) - Added filter static_user_filter (class=org.apache.hadoop.http.lib.StaticUserWebFilter$StaticUserFilter) to context ozoneManager
2019-07-16 14:30:27,634 INFO  http.HttpServer2 (HttpServer2.java:addFilter(958)) - Added filter static_user_filter (class=org.apache.hadoop.http.lib.StaticUserWebFilter$StaticUserFilter) to context static
2019-07-16 14:30:27,634 INFO  http.HttpServer2 (HttpServer2.java:addFilter(958)) - Added filter static_user_filter (class=org.apache.hadoop.http.lib.StaticUserWebFilter$StaticUserFilter) to context logs
2019-07-16 14:30:27,635 INFO  http.HttpServer2 (HttpServer2.java:bindListener(1191)) - Jetty bound to port 46489
2019-07-16 14:30:27,635 INFO  server.Server (Server.java:doStart(351)) - jetty-9.3.24.v20180605, build timestamp: 2018-06-05T17:11:56Z, git hash: 84205aa28f11a4f31f2a3b86d1bba2cc8ab69827
2019-07-16 14:30:27,638 INFO  handler.ContextHandler (ContextHandler.java:doStart(781)) - Started o.e.j.s.ServletContextHandler@496a514f{/logs,file:///workdir/hadoop-ozone/integration-test/target/log,AVAILABLE}
2019-07-16 14:30:27,638 INFO  handler.ContextHandler (ContextHandler.java:doStart(781)) - Started o.e.j.s.ServletContextHandler@4968deb9{/static,file:///workdir/hadoop-ozone/integration-test/target/test-classes/webapps/static,AVAILABLE}
2019-07-16 14:30:27,644 INFO  handler.ContextHandler (ContextHandler.java:doStart(781)) - Started o.e.j.w.WebAppContext@57832650{/,file:///workdir/hadoop-ozone/integration-test/target/test-classes/webapps/ozoneManager/,AVAILABLE}{/ozoneManager}
2019-07-16 14:30:27,645 INFO  server.AbstractConnector (AbstractConnector.java:doStart(278)) - Started ServerConnector@71b3c2a7{HTTP/1.1,[http/1.1]}{0.0.0.0:46489}
2019-07-16 14:30:27,646 INFO  server.Server (Server.java:doStart(419)) - Started @700943ms
2019-07-16 14:30:27,647 INFO  server.BaseHttpServer (BaseHttpServer.java:updateConnectorAddress(207)) - HTTP server of OZONEMANAGER is listening at http://0.0.0.0:46489
2019-07-16 14:30:27,666 INFO  impl.MetricsSystemImpl (MetricsSystemImpl.java:init(158)) - HddsDatanode metrics system started (again)
2019-07-16 14:30:27,666 INFO  ozone.HddsDatanodeService (HddsDatanodeService.java:start(185)) - HddsDatanodeService host:trunk-nightly-gllmw-2332419065 ip:192.168.157.241
2019-07-16 14:30:27,679 INFO  volume.HddsVolume (HddsVolume.java:<init>(176)) - Creating Volume: /workdir/hadoop-ozone/integration-test/target/test-dir/MiniOzoneClusterImpl-1371a592-ac7f-4000-a7db-a34d70e9878b/datanode-0/data/containers/hdds of  storage type : DISK and capacity : 52710309888
2019-07-16 14:30:27,679 INFO  volume.VolumeSet (VolumeSet.java:initializeVolumeSet(170)) - Added Volume : /workdir/hadoop-ozone/integration-test/target/test-dir/MiniOzoneClusterImpl-1371a592-ac7f-4000-a7db-a34d70e9878b/datanode-0/data/containers/hdds to VolumeSet
2019-07-16 14:30:27,680 INFO  volume.ThrottledAsyncChecker (ThrottledAsyncChecker.java:schedule(140)) - Scheduling a check for org.apache.hadoop.ozone.container.common.volume.HddsVolume@13c02cec
2019-07-16 14:30:27,680 INFO  volume.HddsVolumeChecker (HddsVolumeChecker.java:checkAllVolumes(203)) - Scheduled health check for volume org.apache.hadoop.ozone.container.common.volume.HddsVolume@13c02cec
2019-07-16 14:30:27,699 INFO  impl.RaftServerProxy (ConfUtils.java:logGet(43)) - raft.rpc.type = GRPC (default)
2019-07-16 14:30:27,700 INFO  grpc.GrpcFactory (GrpcFactory.java:checkPooledByteBufAllocatorUseCacheForAllThreads(45)) - PERFORMANCE WARNING: useCacheForAllThreads is true that may cause Netty to create a lot garbage objects and, as a result, trigger GC.
	It is recommended to disable useCacheForAllThreads by setting -Dorg.apache.ratis.thirdparty.io.netty.allocator.useCacheForAllThreads=false in command line.
2019-07-16 14:30:27,700 INFO  grpc.GrpcConfigKeys$Server (ConfUtils.java:logGet(43)) - raft.grpc.server.port = 0 (default)
2019-07-16 14:30:27,700 INFO  server.GrpcService (ConfUtils.java:logGet(43)) - raft.grpc.message.size.max = 33570816 (custom)
2019-07-16 14:30:27,700 INFO  server.RaftServerConfigKeys (ConfUtils.java:logGet(43)) - raft.server.log.appender.buffer.byte-limit = 33554432 (custom)
2019-07-16 14:30:27,701 INFO  server.GrpcService (ConfUtils.java:logGet(43)) - raft.grpc.flow.control.window = 1MB (=1048576) (default)
2019-07-16 14:30:27,701 INFO  server.RaftServerConfigKeys (ConfUtils.java:logGet(43)) - raft.server.rpc.request.timeout = 3000ms (default)
2019-07-16 14:30:27,702 INFO  server.RaftServerConfigKeys (ConfUtils.java:logGet(43)) - raft.server.storage.dir = [/workdir/hadoop-ozone/integration-test/target/test-dir/MiniOzoneClusterImpl-1371a592-ac7f-4000-a7db-a34d70e9878b/datanode-0/data/ratis] (custom)
2019-07-16 14:30:27,702 INFO  replication.SimpleContainerDownloader (SimpleContainerDownloader.java:<init>(72)) - Starting container downloader service to copy containers to replicate.
2019-07-16 14:30:27,704 INFO  hdfs.DFSUtil (DFSUtil.java:httpServerTemplateForNNAndJN(1641)) - Starting Web-server for hddsDatanode at: http://0.0.0.0:0
2019-07-16 14:30:27,707 INFO  server.AuthenticationFilter (AuthenticationFilter.java:constructSecretProvider(240)) - Unable to initialize FileSignerSecretProvider, falling back to use random secrets.
2019-07-16 14:30:27,707 WARN  http.HttpRequestLog (HttpRequestLog.java:getRequestLog(97)) - Jetty request log can only be enabled using Log4j
2019-07-16 14:30:27,709 INFO  http.HttpServer2 (HttpServer2.java:addGlobalFilter(975)) - Added global filter 'safety' (class=org.apache.hadoop.http.HttpServer2$QuotingInputFilter)
2019-07-16 14:30:27,709 INFO  http.HttpServer2 (HttpServer2.java:addFilter(948)) - Added filter static_user_filter (class=org.apache.hadoop.http.lib.StaticUserWebFilter$StaticUserFilter) to context hddsDatanode
2019-07-16 14:30:27,710 INFO  http.HttpServer2 (HttpServer2.java:addFilter(958)) - Added filter static_user_filter (class=org.apache.hadoop.http.lib.StaticUserWebFilter$StaticUserFilter) to context logs
2019-07-16 14:30:27,710 INFO  http.HttpServer2 (HttpServer2.java:addFilter(958)) - Added filter static_user_filter (class=org.apache.hadoop.http.lib.StaticUserWebFilter$StaticUserFilter) to context static
2019-07-16 14:30:27,711 INFO  http.HttpServer2 (HttpServer2.java:bindListener(1191)) - Jetty bound to port 38193
2019-07-16 14:30:27,711 INFO  server.Server (Server.java:doStart(351)) - jetty-9.3.24.v20180605, build timestamp: 2018-06-05T17:11:56Z, git hash: 84205aa28f11a4f31f2a3b86d1bba2cc8ab69827
2019-07-16 14:30:27,713 INFO  handler.ContextHandler (ContextHandler.java:doStart(781)) - Started o.e.j.s.ServletContextHandler@71b253b{/logs,file:///workdir/hadoop-ozone/integration-test/target/log,AVAILABLE}
2019-07-16 14:30:27,713 INFO  handler.ContextHandler (ContextHandler.java:doStart(781)) - Started o.e.j.s.ServletContextHandler@19f811a2{/static,jar:file:/home/user/.m2/repository/org/apache/hadoop/hadoop-hdds-container-service/0.5.0-SNAPSHOT/hadoop-hdds-container-service-0.5.0-SNAPSHOT.jar!/webapps/static,AVAILABLE}
2019-07-16 14:30:27,756 INFO  handler.ContextHandler (ContextHandler.java:doStart(781)) - Started o.e.j.w.WebAppContext@1885d990{/,file:///tmp/jetty-0.0.0.0-38193-hddsDatanode-_-any-6682297971482022241.dir/webapp/,AVAILABLE}{/hddsDatanode}
2019-07-16 14:30:27,757 INFO  server.AbstractConnector (AbstractConnector.java:doStart(278)) - Started ServerConnector@6383ea52{HTTP/1.1,[http/1.1]}{0.0.0.0:38193}
2019-07-16 14:30:27,758 INFO  server.Server (Server.java:doStart(419)) - Started @701054ms
2019-07-16 14:30:27,759 INFO  server.BaseHttpServer (BaseHttpServer.java:updateConnectorAddress(207)) - HTTP server of HDDSDATANODE is listening at http://0.0.0.0:38193
2019-07-16 14:30:27,872 INFO  ozone.HddsDatanodeService (HddsDatanodeService.java:startPlugins(396)) - Started plug-in org.apache.hadoop.ozone.web.OzoneHddsDatanodeService@4dc34411
2019-07-16 14:30:27,873 INFO  impl.MetricsSystemImpl (MetricsSystemImpl.java:init(158)) - HddsDatanode metrics system started (again)
2019-07-16 14:30:27,874 INFO  ozone.HddsDatanodeService (HddsDatanodeService.java:start(185)) - HddsDatanodeService host:trunk-nightly-gllmw-2332419065 ip:192.168.157.241
2019-07-16 14:30:27,875 INFO  util.JvmPauseMonitor (JvmPauseMonitor.java:run(188)) - Starting JVM pause monitor
2019-07-16 14:30:27,877 INFO  datanode.InitDatanodeState (InitDatanodeState.java:persistContainerDatanodeDetails(140)) - DatanodeDetails is persisted to /workdir/hadoop-ozone/integration-test/target/test-dir/MiniOzoneClusterImpl-1371a592-ac7f-4000-a7db-a34d70e9878b/datanode-0/meta/datanode.id
2019-07-16 14:30:27,888 INFO  volume.HddsVolume (HddsVolume.java:<init>(176)) - Creating Volume: /workdir/hadoop-ozone/integration-test/target/test-dir/MiniOzoneClusterImpl-1371a592-ac7f-4000-a7db-a34d70e9878b/datanode-1/data/containers/hdds of  storage type : DISK and capacity : 52710309888
2019-07-16 14:30:27,888 INFO  volume.VolumeSet (VolumeSet.java:initializeVolumeSet(170)) - Added Volume : /workdir/hadoop-ozone/integration-test/target/test-dir/MiniOzoneClusterImpl-1371a592-ac7f-4000-a7db-a34d70e9878b/datanode-1/data/containers/hdds to VolumeSet
2019-07-16 14:30:27,889 INFO  volume.ThrottledAsyncChecker (ThrottledAsyncChecker.java:schedule(140)) - Scheduling a check for org.apache.hadoop.ozone.container.common.volume.HddsVolume@22d522d4
2019-07-16 14:30:27,889 INFO  volume.HddsVolumeChecker (HddsVolumeChecker.java:checkAllVolumes(203)) - Scheduled health check for volume org.apache.hadoop.ozone.container.common.volume.HddsVolume@22d522d4
2019-07-16 14:30:27,907 INFO  impl.RaftServerProxy (ConfUtils.java:logGet(43)) - raft.rpc.type = GRPC (default)
2019-07-16 14:30:27,907 INFO  grpc.GrpcFactory (GrpcFactory.java:checkPooledByteBufAllocatorUseCacheForAllThreads(45)) - PERFORMANCE WARNING: useCacheForAllThreads is true that may cause Netty to create a lot garbage objects and, as a result, trigger GC.
	It is recommended to disable useCacheForAllThreads by setting -Dorg.apache.ratis.thirdparty.io.netty.allocator.useCacheForAllThreads=false in command line.
2019-07-16 14:30:27,907 INFO  grpc.GrpcConfigKeys$Server (ConfUtils.java:logGet(43)) - raft.grpc.server.port = 0 (default)
2019-07-16 14:30:27,908 INFO  server.GrpcService (ConfUtils.java:logGet(43)) - raft.grpc.message.size.max = 33570816 (custom)
2019-07-16 14:30:27,908 INFO  server.RaftServerConfigKeys (ConfUtils.java:logGet(43)) - raft.server.log.appender.buffer.byte-limit = 33554432 (custom)
2019-07-16 14:30:27,908 INFO  server.GrpcService (ConfUtils.java:logGet(43)) - raft.grpc.flow.control.window = 1MB (=1048576) (default)
2019-07-16 14:30:27,909 INFO  server.RaftServerConfigKeys (ConfUtils.java:logGet(43)) - raft.server.rpc.request.timeout = 3000ms (default)
2019-07-16 14:30:27,909 INFO  server.RaftServerConfigKeys (ConfUtils.java:logGet(43)) - raft.server.storage.dir = [/workdir/hadoop-ozone/integration-test/target/test-dir/MiniOzoneClusterImpl-1371a592-ac7f-4000-a7db-a34d70e9878b/datanode-1/data/ratis] (custom)
2019-07-16 14:30:27,910 INFO  replication.SimpleContainerDownloader (SimpleContainerDownloader.java:<init>(72)) - Starting container downloader service to copy containers to replicate.
2019-07-16 14:30:27,911 INFO  hdfs.DFSUtil (DFSUtil.java:httpServerTemplateForNNAndJN(1641)) - Starting Web-server for hddsDatanode at: http://0.0.0.0:0
2019-07-16 14:30:27,914 INFO  server.AuthenticationFilter (AuthenticationFilter.java:constructSecretProvider(240)) - Unable to initialize FileSignerSecretProvider, falling back to use random secrets.
2019-07-16 14:30:27,914 WARN  http.HttpRequestLog (HttpRequestLog.java:getRequestLog(97)) - Jetty request log can only be enabled using Log4j
2019-07-16 14:30:27,916 INFO  http.HttpServer2 (HttpServer2.java:addGlobalFilter(975)) - Added global filter 'safety' (class=org.apache.hadoop.http.HttpServer2$QuotingInputFilter)
2019-07-16 14:30:27,917 INFO  http.HttpServer2 (HttpServer2.java:addFilter(948)) - Added filter static_user_filter (class=org.apache.hadoop.http.lib.StaticUserWebFilter$StaticUserFilter) to context hddsDatanode
2019-07-16 14:30:27,917 INFO  http.HttpServer2 (HttpServer2.java:addFilter(958)) - Added filter static_user_filter (class=org.apache.hadoop.http.lib.StaticUserWebFilter$StaticUserFilter) to context logs
2019-07-16 14:30:27,917 INFO  http.HttpServer2 (HttpServer2.java:addFilter(958)) - Added filter static_user_filter (class=org.apache.hadoop.http.lib.StaticUserWebFilter$StaticUserFilter) to context static
2019-07-16 14:30:27,918 INFO  http.HttpServer2 (HttpServer2.java:bindListener(1191)) - Jetty bound to port 39136
2019-07-16 14:30:27,918 INFO  server.Server (Server.java:doStart(351)) - jetty-9.3.24.v20180605, build timestamp: 2018-06-05T17:11:56Z, git hash: 84205aa28f11a4f31f2a3b86d1bba2cc8ab69827
2019-07-16 14:30:27,920 INFO  handler.ContextHandler (ContextHandler.java:doStart(781)) - Started o.e.j.s.ServletContextHandler@1d0e2c96{/logs,file:///workdir/hadoop-ozone/integration-test/target/log,AVAILABLE}
2019-07-16 14:30:27,920 INFO  handler.ContextHandler (ContextHandler.java:doStart(781)) - Started o.e.j.s.ServletContextHandler@64cde9a5{/static,jar:file:/home/user/.m2/repository/org/apache/hadoop/hadoop-hdds-container-service/0.5.0-SNAPSHOT/hadoop-hdds-container-service-0.5.0-SNAPSHOT.jar!/webapps/static,AVAILABLE}
2019-07-16 14:30:27,960 INFO  handler.ContextHandler (ContextHandler.java:doStart(781)) - Started o.e.j.w.WebAppContext@42cb8174{/,file:///tmp/jetty-0.0.0.0-39136-hddsDatanode-_-any-5647385074640749715.dir/webapp/,AVAILABLE}{/hddsDatanode}
2019-07-16 14:30:27,960 INFO  server.AbstractConnector (AbstractConnector.java:doStart(278)) - Started ServerConnector@3108d1e1{HTTP/1.1,[http/1.1]}{0.0.0.0:39136}
2019-07-16 14:30:27,962 INFO  server.Server (Server.java:doStart(419)) - Started @701258ms
2019-07-16 14:30:27,962 INFO  server.BaseHttpServer (BaseHttpServer.java:updateConnectorAddress(207)) - HTTP server of HDDSDATANODE is listening at http://0.0.0.0:39136
2019-07-16 14:30:28,085 INFO  ozone.HddsDatanodeService (HddsDatanodeService.java:startPlugins(396)) - Started plug-in org.apache.hadoop.ozone.web.OzoneHddsDatanodeService@912fdbb
2019-07-16 14:30:28,085 INFO  impl.MetricsSystemImpl (MetricsSystemImpl.java:init(158)) - HddsDatanode metrics system started (again)
2019-07-16 14:30:28,088 INFO  ozone.HddsDatanodeService (HddsDatanodeService.java:start(185)) - HddsDatanodeService host:trunk-nightly-gllmw-2332419065 ip:192.168.157.241
2019-07-16 14:30:28,088 INFO  util.JvmPauseMonitor (JvmPauseMonitor.java:run(188)) - Starting JVM pause monitor
2019-07-16 14:30:28,090 INFO  datanode.InitDatanodeState (InitDatanodeState.java:persistContainerDatanodeDetails(140)) - DatanodeDetails is persisted to /workdir/hadoop-ozone/integration-test/target/test-dir/MiniOzoneClusterImpl-1371a592-ac7f-4000-a7db-a34d70e9878b/datanode-1/meta/datanode.id
2019-07-16 14:30:28,102 INFO  volume.HddsVolume (HddsVolume.java:<init>(176)) - Creating Volume: /workdir/hadoop-ozone/integration-test/target/test-dir/MiniOzoneClusterImpl-1371a592-ac7f-4000-a7db-a34d70e9878b/datanode-2/data/containers/hdds of  storage type : DISK and capacity : 52710309888
2019-07-16 14:30:28,102 INFO  volume.VolumeSet (VolumeSet.java:initializeVolumeSet(170)) - Added Volume : /workdir/hadoop-ozone/integration-test/target/test-dir/MiniOzoneClusterImpl-1371a592-ac7f-4000-a7db-a34d70e9878b/datanode-2/data/containers/hdds to VolumeSet
2019-07-16 14:30:28,102 INFO  volume.ThrottledAsyncChecker (ThrottledAsyncChecker.java:schedule(140)) - Scheduling a check for org.apache.hadoop.ozone.container.common.volume.HddsVolume@194e116d
2019-07-16 14:30:28,103 INFO  volume.HddsVolumeChecker (HddsVolumeChecker.java:checkAllVolumes(203)) - Scheduled health check for volume org.apache.hadoop.ozone.container.common.volume.HddsVolume@194e116d
2019-07-16 14:30:28,117 INFO  impl.RaftServerProxy (ConfUtils.java:logGet(43)) - raft.rpc.type = GRPC (default)
2019-07-16 14:30:28,117 INFO  grpc.GrpcFactory (GrpcFactory.java:checkPooledByteBufAllocatorUseCacheForAllThreads(45)) - PERFORMANCE WARNING: useCacheForAllThreads is true that may cause Netty to create a lot garbage objects and, as a result, trigger GC.
	It is recommended to disable useCacheForAllThreads by setting -Dorg.apache.ratis.thirdparty.io.netty.allocator.useCacheForAllThreads=false in command line.
2019-07-16 14:30:28,118 INFO  grpc.GrpcConfigKeys$Server (ConfUtils.java:logGet(43)) - raft.grpc.server.port = 0 (default)
2019-07-16 14:30:28,118 INFO  server.GrpcService (ConfUtils.java:logGet(43)) - raft.grpc.message.size.max = 33570816 (custom)
2019-07-16 14:30:28,118 INFO  server.RaftServerConfigKeys (ConfUtils.java:logGet(43)) - raft.server.log.appender.buffer.byte-limit = 33554432 (custom)
2019-07-16 14:30:28,118 INFO  server.GrpcService (ConfUtils.java:logGet(43)) - raft.grpc.flow.control.window = 1MB (=1048576) (default)
2019-07-16 14:30:28,118 INFO  server.RaftServerConfigKeys (ConfUtils.java:logGet(43)) - raft.server.rpc.request.timeout = 3000ms (default)
2019-07-16 14:30:28,119 INFO  server.RaftServerConfigKeys (ConfUtils.java:logGet(43)) - raft.server.storage.dir = [/workdir/hadoop-ozone/integration-test/target/test-dir/MiniOzoneClusterImpl-1371a592-ac7f-4000-a7db-a34d70e9878b/datanode-2/data/ratis] (custom)
2019-07-16 14:30:28,119 INFO  replication.SimpleContainerDownloader (SimpleContainerDownloader.java:<init>(72)) - Starting container downloader service to copy containers to replicate.
2019-07-16 14:30:28,120 INFO  hdfs.DFSUtil (DFSUtil.java:httpServerTemplateForNNAndJN(1641)) - Starting Web-server for hddsDatanode at: http://0.0.0.0:0
2019-07-16 14:30:28,122 INFO  server.AuthenticationFilter (AuthenticationFilter.java:constructSecretProvider(240)) - Unable to initialize FileSignerSecretProvider, falling back to use random secrets.
2019-07-16 14:30:28,122 WARN  http.HttpRequestLog (HttpRequestLog.java:getRequestLog(97)) - Jetty request log can only be enabled using Log4j
2019-07-16 14:30:28,123 INFO  http.HttpServer2 (HttpServer2.java:addGlobalFilter(975)) - Added global filter 'safety' (class=org.apache.hadoop.http.HttpServer2$QuotingInputFilter)
2019-07-16 14:30:28,124 INFO  http.HttpServer2 (HttpServer2.java:addFilter(948)) - Added filter static_user_filter (class=org.apache.hadoop.http.lib.StaticUserWebFilter$StaticUserFilter) to context hddsDatanode
2019-07-16 14:30:28,124 INFO  http.HttpServer2 (HttpServer2.java:addFilter(958)) - Added filter static_user_filter (class=org.apache.hadoop.http.lib.StaticUserWebFilter$StaticUserFilter) to context logs
2019-07-16 14:30:28,124 INFO  http.HttpServer2 (HttpServer2.java:addFilter(958)) - Added filter static_user_filter (class=org.apache.hadoop.http.lib.StaticUserWebFilter$StaticUserFilter) to context static
2019-07-16 14:30:28,125 INFO  http.HttpServer2 (HttpServer2.java:bindListener(1191)) - Jetty bound to port 44617
2019-07-16 14:30:28,126 INFO  server.Server (Server.java:doStart(351)) - jetty-9.3.24.v20180605, build timestamp: 2018-06-05T17:11:56Z, git hash: 84205aa28f11a4f31f2a3b86d1bba2cc8ab69827
2019-07-16 14:30:28,127 INFO  handler.ContextHandler (ContextHandler.java:doStart(781)) - Started o.e.j.s.ServletContextHandler@19ad99fa{/logs,file:///workdir/hadoop-ozone/integration-test/target/log,AVAILABLE}
2019-07-16 14:30:28,128 INFO  handler.ContextHandler (ContextHandler.java:doStart(781)) - Started o.e.j.s.ServletContextHandler@32a53a59{/static,jar:file:/home/user/.m2/repository/org/apache/hadoop/hadoop-hdds-container-service/0.5.0-SNAPSHOT/hadoop-hdds-container-service-0.5.0-SNAPSHOT.jar!/webapps/static,AVAILABLE}
2019-07-16 14:30:28,164 INFO  handler.ContextHandler (ContextHandler.java:doStart(781)) - Started o.e.j.w.WebAppContext@40fdcbd5{/,file:///tmp/jetty-0.0.0.0-44617-hddsDatanode-_-any-4355008391448078884.dir/webapp/,AVAILABLE}{/hddsDatanode}
2019-07-16 14:30:28,165 INFO  server.AbstractConnector (AbstractConnector.java:doStart(278)) - Started ServerConnector@c512269{HTTP/1.1,[http/1.1]}{0.0.0.0:44617}
2019-07-16 14:30:28,166 INFO  server.Server (Server.java:doStart(419)) - Started @701462ms
2019-07-16 14:30:28,167 INFO  server.BaseHttpServer (BaseHttpServer.java:updateConnectorAddress(207)) - HTTP server of HDDSDATANODE is listening at http://0.0.0.0:44617
2019-07-16 14:30:28,264 INFO  ozone.HddsDatanodeService (HddsDatanodeService.java:startPlugins(396)) - Started plug-in org.apache.hadoop.ozone.web.OzoneHddsDatanodeService@73703970
2019-07-16 14:30:28,265 INFO  impl.MetricsSystemImpl (MetricsSystemImpl.java:init(158)) - HddsDatanode metrics system started (again)
2019-07-16 14:30:28,265 INFO  ozone.HddsDatanodeService (HddsDatanodeService.java:start(185)) - HddsDatanodeService host:trunk-nightly-gllmw-2332419065 ip:192.168.157.241
2019-07-16 14:30:28,269 INFO  util.JvmPauseMonitor (JvmPauseMonitor.java:run(188)) - Starting JVM pause monitor
2019-07-16 14:30:28,271 INFO  datanode.InitDatanodeState (InitDatanodeState.java:persistContainerDatanodeDetails(140)) - DatanodeDetails is persisted to /workdir/hadoop-ozone/integration-test/target/test-dir/MiniOzoneClusterImpl-1371a592-ac7f-4000-a7db-a34d70e9878b/datanode-2/meta/datanode.id
2019-07-16 14:30:28,282 INFO  volume.HddsVolume (HddsVolume.java:<init>(176)) - Creating Volume: /workdir/hadoop-ozone/integration-test/target/test-dir/MiniOzoneClusterImpl-1371a592-ac7f-4000-a7db-a34d70e9878b/datanode-3/data/containers/hdds of  storage type : DISK and capacity : 52710309888
2019-07-16 14:30:28,282 INFO  volume.VolumeSet (VolumeSet.java:initializeVolumeSet(170)) - Added Volume : /workdir/hadoop-ozone/integration-test/target/test-dir/MiniOzoneClusterImpl-1371a592-ac7f-4000-a7db-a34d70e9878b/datanode-3/data/containers/hdds to VolumeSet
2019-07-16 14:30:28,282 INFO  volume.ThrottledAsyncChecker (ThrottledAsyncChecker.java:schedule(140)) - Scheduling a check for org.apache.hadoop.ozone.container.common.volume.HddsVolume@35c5e4c5
2019-07-16 14:30:28,283 INFO  volume.HddsVolumeChecker (HddsVolumeChecker.java:checkAllVolumes(203)) - Scheduled health check for volume org.apache.hadoop.ozone.container.common.volume.HddsVolume@35c5e4c5
2019-07-16 14:30:28,296 INFO  impl.RaftServerProxy (ConfUtils.java:logGet(43)) - raft.rpc.type = GRPC (default)
2019-07-16 14:30:28,296 INFO  grpc.GrpcFactory (GrpcFactory.java:checkPooledByteBufAllocatorUseCacheForAllThreads(45)) - PERFORMANCE WARNING: useCacheForAllThreads is true that may cause Netty to create a lot garbage objects and, as a result, trigger GC.
	It is recommended to disable useCacheForAllThreads by setting -Dorg.apache.ratis.thirdparty.io.netty.allocator.useCacheForAllThreads=false in command line.
2019-07-16 14:30:28,296 INFO  grpc.GrpcConfigKeys$Server (ConfUtils.java:logGet(43)) - raft.grpc.server.port = 0 (default)
2019-07-16 14:30:28,297 INFO  server.GrpcService (ConfUtils.java:logGet(43)) - raft.grpc.message.size.max = 33570816 (custom)
2019-07-16 14:30:28,297 INFO  server.RaftServerConfigKeys (ConfUtils.java:logGet(43)) - raft.server.log.appender.buffer.byte-limit = 33554432 (custom)
2019-07-16 14:30:28,297 INFO  server.GrpcService (ConfUtils.java:logGet(43)) - raft.grpc.flow.control.window = 1MB (=1048576) (default)
2019-07-16 14:30:28,297 INFO  server.RaftServerConfigKeys (ConfUtils.java:logGet(43)) - raft.server.rpc.request.timeout = 3000ms (default)
2019-07-16 14:30:28,297 INFO  server.RaftServerConfigKeys (ConfUtils.java:logGet(43)) - raft.server.storage.dir = [/workdir/hadoop-ozone/integration-test/target/test-dir/MiniOzoneClusterImpl-1371a592-ac7f-4000-a7db-a34d70e9878b/datanode-3/data/ratis] (custom)
2019-07-16 14:30:28,298 INFO  replication.SimpleContainerDownloader (SimpleContainerDownloader.java:<init>(72)) - Starting container downloader service to copy containers to replicate.
2019-07-16 14:30:28,299 INFO  hdfs.DFSUtil (DFSUtil.java:httpServerTemplateForNNAndJN(1641)) - Starting Web-server for hddsDatanode at: http://0.0.0.0:0
2019-07-16 14:30:28,300 INFO  server.AuthenticationFilter (AuthenticationFilter.java:constructSecretProvider(240)) - Unable to initialize FileSignerSecretProvider, falling back to use random secrets.
2019-07-16 14:30:28,300 WARN  http.HttpRequestLog (HttpRequestLog.java:getRequestLog(97)) - Jetty request log can only be enabled using Log4j
2019-07-16 14:30:28,301 INFO  http.HttpServer2 (HttpServer2.java:addGlobalFilter(975)) - Added global filter 'safety' (class=org.apache.hadoop.http.HttpServer2$QuotingInputFilter)
2019-07-16 14:30:28,301 INFO  http.HttpServer2 (HttpServer2.java:addFilter(948)) - Added filter static_user_filter (class=org.apache.hadoop.http.lib.StaticUserWebFilter$StaticUserFilter) to context hddsDatanode
2019-07-16 14:30:28,301 INFO  http.HttpServer2 (HttpServer2.java:addFilter(958)) - Added filter static_user_filter (class=org.apache.hadoop.http.lib.StaticUserWebFilter$StaticUserFilter) to context static
2019-07-16 14:30:28,301 INFO  http.HttpServer2 (HttpServer2.java:addFilter(958)) - Added filter static_user_filter (class=org.apache.hadoop.http.lib.StaticUserWebFilter$StaticUserFilter) to context logs
2019-07-16 14:30:28,302 INFO  http.HttpServer2 (HttpServer2.java:bindListener(1191)) - Jetty bound to port 39946
2019-07-16 14:30:28,302 INFO  server.Server (Server.java:doStart(351)) - jetty-9.3.24.v20180605, build timestamp: 2018-06-05T17:11:56Z, git hash: 84205aa28f11a4f31f2a3b86d1bba2cc8ab69827
2019-07-16 14:30:28,303 INFO  handler.ContextHandler (ContextHandler.java:doStart(781)) - Started o.e.j.s.ServletContextHandler@27e037c1{/logs,file:///workdir/hadoop-ozone/integration-test/target/log,AVAILABLE}
2019-07-16 14:30:28,303 INFO  handler.ContextHandler (ContextHandler.java:doStart(781)) - Started o.e.j.s.ServletContextHandler@13a0f230{/static,jar:file:/home/user/.m2/repository/org/apache/hadoop/hadoop-hdds-container-service/0.5.0-SNAPSHOT/hadoop-hdds-container-service-0.5.0-SNAPSHOT.jar!/webapps/static,AVAILABLE}
2019-07-16 14:30:28,324 INFO  handler.ContextHandler (ContextHandler.java:doStart(781)) - Started o.e.j.w.WebAppContext@7ca9c253{/,file:///tmp/jetty-0.0.0.0-39946-hddsDatanode-_-any-7841554741948841035.dir/webapp/,AVAILABLE}{/hddsDatanode}
2019-07-16 14:30:28,324 INFO  server.AbstractConnector (AbstractConnector.java:doStart(278)) - Started ServerConnector@5cef76a2{HTTP/1.1,[http/1.1]}{0.0.0.0:39946}
2019-07-16 14:30:28,324 INFO  server.Server (Server.java:doStart(419)) - Started @701620ms
2019-07-16 14:30:28,326 INFO  server.BaseHttpServer (BaseHttpServer.java:updateConnectorAddress(207)) - HTTP server of HDDSDATANODE is listening at http://0.0.0.0:39946
2019-07-16 14:30:28,403 INFO  ozone.HddsDatanodeService (HddsDatanodeService.java:startPlugins(396)) - Started plug-in org.apache.hadoop.ozone.web.OzoneHddsDatanodeService@71268b8c
2019-07-16 14:30:28,403 INFO  impl.MetricsSystemImpl (MetricsSystemImpl.java:init(158)) - HddsDatanode metrics system started (again)
2019-07-16 14:30:28,404 INFO  ozone.HddsDatanodeService (HddsDatanodeService.java:start(185)) - HddsDatanodeService host:trunk-nightly-gllmw-2332419065 ip:192.168.157.241
2019-07-16 14:30:28,408 INFO  util.JvmPauseMonitor (JvmPauseMonitor.java:run(188)) - Starting JVM pause monitor
2019-07-16 14:30:28,409 INFO  datanode.InitDatanodeState (InitDatanodeState.java:persistContainerDatanodeDetails(140)) - DatanodeDetails is persisted to /workdir/hadoop-ozone/integration-test/target/test-dir/MiniOzoneClusterImpl-1371a592-ac7f-4000-a7db-a34d70e9878b/datanode-3/meta/datanode.id
2019-07-16 14:30:28,420 INFO  volume.HddsVolume (HddsVolume.java:<init>(176)) - Creating Volume: /workdir/hadoop-ozone/integration-test/target/test-dir/MiniOzoneClusterImpl-1371a592-ac7f-4000-a7db-a34d70e9878b/datanode-4/data/containers/hdds of  storage type : DISK and capacity : 52710309888
2019-07-16 14:30:28,420 INFO  volume.VolumeSet (VolumeSet.java:initializeVolumeSet(170)) - Added Volume : /workdir/hadoop-ozone/integration-test/target/test-dir/MiniOzoneClusterImpl-1371a592-ac7f-4000-a7db-a34d70e9878b/datanode-4/data/containers/hdds to VolumeSet
2019-07-16 14:30:28,420 INFO  volume.ThrottledAsyncChecker (ThrottledAsyncChecker.java:schedule(140)) - Scheduling a check for org.apache.hadoop.ozone.container.common.volume.HddsVolume@751661b
2019-07-16 14:30:28,421 INFO  volume.HddsVolumeChecker (HddsVolumeChecker.java:checkAllVolumes(203)) - Scheduled health check for volume org.apache.hadoop.ozone.container.common.volume.HddsVolume@751661b
2019-07-16 14:30:28,433 INFO  impl.RaftServerProxy (ConfUtils.java:logGet(43)) - raft.rpc.type = GRPC (default)
2019-07-16 14:30:28,433 INFO  grpc.GrpcFactory (GrpcFactory.java:checkPooledByteBufAllocatorUseCacheForAllThreads(45)) - PERFORMANCE WARNING: useCacheForAllThreads is true that may cause Netty to create a lot garbage objects and, as a result, trigger GC.
	It is recommended to disable useCacheForAllThreads by setting -Dorg.apache.ratis.thirdparty.io.netty.allocator.useCacheForAllThreads=false in command line.
2019-07-16 14:30:28,433 INFO  grpc.GrpcConfigKeys$Server (ConfUtils.java:logGet(43)) - raft.grpc.server.port = 0 (default)
2019-07-16 14:30:28,435 INFO  server.GrpcService (ConfUtils.java:logGet(43)) - raft.grpc.message.size.max = 33570816 (custom)
2019-07-16 14:30:28,435 INFO  server.RaftServerConfigKeys (ConfUtils.java:logGet(43)) - raft.server.log.appender.buffer.byte-limit = 33554432 (custom)
2019-07-16 14:30:28,435 INFO  server.GrpcService (ConfUtils.java:logGet(43)) - raft.grpc.flow.control.window = 1MB (=1048576) (default)
2019-07-16 14:30:28,435 INFO  server.RaftServerConfigKeys (ConfUtils.java:logGet(43)) - raft.server.rpc.request.timeout = 3000ms (default)
2019-07-16 14:30:28,436 INFO  server.RaftServerConfigKeys (ConfUtils.java:logGet(43)) - raft.server.storage.dir = [/workdir/hadoop-ozone/integration-test/target/test-dir/MiniOzoneClusterImpl-1371a592-ac7f-4000-a7db-a34d70e9878b/datanode-4/data/ratis] (custom)
2019-07-16 14:30:28,436 INFO  replication.SimpleContainerDownloader (SimpleContainerDownloader.java:<init>(72)) - Starting container downloader service to copy containers to replicate.
2019-07-16 14:30:28,437 INFO  hdfs.DFSUtil (DFSUtil.java:httpServerTemplateForNNAndJN(1641)) - Starting Web-server for hddsDatanode at: http://0.0.0.0:0
2019-07-16 14:30:28,437 INFO  server.AuthenticationFilter (AuthenticationFilter.java:constructSecretProvider(240)) - Unable to initialize FileSignerSecretProvider, falling back to use random secrets.
2019-07-16 14:30:28,438 WARN  http.HttpRequestLog (HttpRequestLog.java:getRequestLog(97)) - Jetty request log can only be enabled using Log4j
2019-07-16 14:30:28,438 INFO  http.HttpServer2 (HttpServer2.java:addGlobalFilter(975)) - Added global filter 'safety' (class=org.apache.hadoop.http.HttpServer2$QuotingInputFilter)
2019-07-16 14:30:28,439 INFO  http.HttpServer2 (HttpServer2.java:addFilter(948)) - Added filter static_user_filter (class=org.apache.hadoop.http.lib.StaticUserWebFilter$StaticUserFilter) to context hddsDatanode
2019-07-16 14:30:28,439 INFO  http.HttpServer2 (HttpServer2.java:addFilter(958)) - Added filter static_user_filter (class=org.apache.hadoop.http.lib.StaticUserWebFilter$StaticUserFilter) to context static
2019-07-16 14:30:28,439 INFO  http.HttpServer2 (HttpServer2.java:addFilter(958)) - Added filter static_user_filter (class=org.apache.hadoop.http.lib.StaticUserWebFilter$StaticUserFilter) to context logs
2019-07-16 14:30:28,439 INFO  http.HttpServer2 (HttpServer2.java:bindListener(1191)) - Jetty bound to port 41039
2019-07-16 14:30:28,440 INFO  server.Server (Server.java:doStart(351)) - jetty-9.3.24.v20180605, build timestamp: 2018-06-05T17:11:56Z, git hash: 84205aa28f11a4f31f2a3b86d1bba2cc8ab69827
2019-07-16 14:30:28,441 INFO  handler.ContextHandler (ContextHandler.java:doStart(781)) - Started o.e.j.s.ServletContextHandler@39894485{/logs,file:///workdir/hadoop-ozone/integration-test/target/log,AVAILABLE}
2019-07-16 14:30:28,441 INFO  handler.ContextHandler (ContextHandler.java:doStart(781)) - Started o.e.j.s.ServletContextHandler@6987f367{/static,jar:file:/home/user/.m2/repository/org/apache/hadoop/hadoop-hdds-container-service/0.5.0-SNAPSHOT/hadoop-hdds-container-service-0.5.0-SNAPSHOT.jar!/webapps/static,AVAILABLE}
2019-07-16 14:30:28,461 INFO  handler.ContextHandler (ContextHandler.java:doStart(781)) - Started o.e.j.w.WebAppContext@33ea43a{/,file:///tmp/jetty-0.0.0.0-41039-hddsDatanode-_-any-6407655897415715616.dir/webapp/,AVAILABLE}{/hddsDatanode}
2019-07-16 14:30:28,461 INFO  server.AbstractConnector (AbstractConnector.java:doStart(278)) - Started ServerConnector@594c830f{HTTP/1.1,[http/1.1]}{0.0.0.0:41039}
2019-07-16 14:30:28,461 INFO  server.Server (Server.java:doStart(419)) - Started @701758ms
2019-07-16 14:30:28,463 INFO  server.BaseHttpServer (BaseHttpServer.java:updateConnectorAddress(207)) - HTTP server of HDDSDATANODE is listening at http://0.0.0.0:41039
2019-07-16 14:30:28,542 INFO  ozone.HddsDatanodeService (HddsDatanodeService.java:startPlugins(396)) - Started plug-in org.apache.hadoop.ozone.web.OzoneHddsDatanodeService@79200f8
2019-07-16 14:30:28,542 INFO  impl.MetricsSystemImpl (MetricsSystemImpl.java:init(158)) - HddsDatanode metrics system started (again)
2019-07-16 14:30:28,544 INFO  ozone.HddsDatanodeService (HddsDatanodeService.java:start(185)) - HddsDatanodeService host:trunk-nightly-gllmw-2332419065 ip:192.168.157.241
2019-07-16 14:30:28,547 INFO  util.JvmPauseMonitor (JvmPauseMonitor.java:run(188)) - Starting JVM pause monitor
2019-07-16 14:30:28,548 INFO  datanode.InitDatanodeState (InitDatanodeState.java:persistContainerDatanodeDetails(140)) - DatanodeDetails is persisted to /workdir/hadoop-ozone/integration-test/target/test-dir/MiniOzoneClusterImpl-1371a592-ac7f-4000-a7db-a34d70e9878b/datanode-4/meta/datanode.id
2019-07-16 14:30:28,560 INFO  volume.HddsVolume (HddsVolume.java:<init>(176)) - Creating Volume: /workdir/hadoop-ozone/integration-test/target/test-dir/MiniOzoneClusterImpl-1371a592-ac7f-4000-a7db-a34d70e9878b/datanode-5/data/containers/hdds of  storage type : DISK and capacity : 52710309888
2019-07-16 14:30:28,560 INFO  volume.VolumeSet (VolumeSet.java:initializeVolumeSet(170)) - Added Volume : /workdir/hadoop-ozone/integration-test/target/test-dir/MiniOzoneClusterImpl-1371a592-ac7f-4000-a7db-a34d70e9878b/datanode-5/data/containers/hdds to VolumeSet
2019-07-16 14:30:28,560 INFO  volume.ThrottledAsyncChecker (ThrottledAsyncChecker.java:schedule(140)) - Scheduling a check for org.apache.hadoop.ozone.container.common.volume.HddsVolume@52478bf5
2019-07-16 14:30:28,561 INFO  volume.HddsVolumeChecker (HddsVolumeChecker.java:checkAllVolumes(203)) - Scheduled health check for volume org.apache.hadoop.ozone.container.common.volume.HddsVolume@52478bf5
2019-07-16 14:30:28,573 INFO  impl.RaftServerProxy (ConfUtils.java:logGet(43)) - raft.rpc.type = GRPC (default)
2019-07-16 14:30:28,574 INFO  grpc.GrpcFactory (GrpcFactory.java:checkPooledByteBufAllocatorUseCacheForAllThreads(45)) - PERFORMANCE WARNING: useCacheForAllThreads is true that may cause Netty to create a lot garbage objects and, as a result, trigger GC.
	It is recommended to disable useCacheForAllThreads by setting -Dorg.apache.ratis.thirdparty.io.netty.allocator.useCacheForAllThreads=false in command line.
2019-07-16 14:30:28,574 INFO  grpc.GrpcConfigKeys$Server (ConfUtils.java:logGet(43)) - raft.grpc.server.port = 0 (default)
2019-07-16 14:30:28,574 INFO  server.GrpcService (ConfUtils.java:logGet(43)) - raft.grpc.message.size.max = 33570816 (custom)
2019-07-16 14:30:28,574 INFO  server.RaftServerConfigKeys (ConfUtils.java:logGet(43)) - raft.server.log.appender.buffer.byte-limit = 33554432 (custom)
2019-07-16 14:30:28,574 INFO  server.GrpcService (ConfUtils.java:logGet(43)) - raft.grpc.flow.control.window = 1MB (=1048576) (default)
2019-07-16 14:30:28,574 INFO  server.RaftServerConfigKeys (ConfUtils.java:logGet(43)) - raft.server.rpc.request.timeout = 3000ms (default)
2019-07-16 14:30:28,575 INFO  server.RaftServerConfigKeys (ConfUtils.java:logGet(43)) - raft.server.storage.dir = [/workdir/hadoop-ozone/integration-test/target/test-dir/MiniOzoneClusterImpl-1371a592-ac7f-4000-a7db-a34d70e9878b/datanode-5/data/ratis] (custom)
2019-07-16 14:30:28,575 INFO  replication.SimpleContainerDownloader (SimpleContainerDownloader.java:<init>(72)) - Starting container downloader service to copy containers to replicate.
2019-07-16 14:30:28,576 INFO  hdfs.DFSUtil (DFSUtil.java:httpServerTemplateForNNAndJN(1641)) - Starting Web-server for hddsDatanode at: http://0.0.0.0:0
2019-07-16 14:30:28,576 INFO  server.AuthenticationFilter (AuthenticationFilter.java:constructSecretProvider(240)) - Unable to initialize FileSignerSecretProvider, falling back to use random secrets.
2019-07-16 14:30:28,577 WARN  http.HttpRequestLog (HttpRequestLog.java:getRequestLog(97)) - Jetty request log can only be enabled using Log4j
2019-07-16 14:30:28,577 INFO  http.HttpServer2 (HttpServer2.java:addGlobalFilter(975)) - Added global filter 'safety' (class=org.apache.hadoop.http.HttpServer2$QuotingInputFilter)
2019-07-16 14:30:28,578 INFO  http.HttpServer2 (HttpServer2.java:addFilter(948)) - Added filter static_user_filter (class=org.apache.hadoop.http.lib.StaticUserWebFilter$StaticUserFilter) to context hddsDatanode
2019-07-16 14:30:28,578 INFO  http.HttpServer2 (HttpServer2.java:addFilter(958)) - Added filter static_user_filter (class=org.apache.hadoop.http.lib.StaticUserWebFilter$StaticUserFilter) to context logs
2019-07-16 14:30:28,578 INFO  http.HttpServer2 (HttpServer2.java:addFilter(958)) - Added filter static_user_filter (class=org.apache.hadoop.http.lib.StaticUserWebFilter$StaticUserFilter) to context static
2019-07-16 14:30:28,579 INFO  http.HttpServer2 (HttpServer2.java:bindListener(1191)) - Jetty bound to port 39620
2019-07-16 14:30:28,579 INFO  server.Server (Server.java:doStart(351)) - jetty-9.3.24.v20180605, build timestamp: 2018-06-05T17:11:56Z, git hash: 84205aa28f11a4f31f2a3b86d1bba2cc8ab69827
2019-07-16 14:30:28,580 INFO  handler.ContextHandler (ContextHandler.java:doStart(781)) - Started o.e.j.s.ServletContextHandler@31ad368a{/logs,file:///workdir/hadoop-ozone/integration-test/target/log,AVAILABLE}
2019-07-16 14:30:28,580 INFO  handler.ContextHandler (ContextHandler.java:doStart(781)) - Started o.e.j.s.ServletContextHandler@4613274d{/static,jar:file:/home/user/.m2/repository/org/apache/hadoop/hadoop-hdds-container-service/0.5.0-SNAPSHOT/hadoop-hdds-container-service-0.5.0-SNAPSHOT.jar!/webapps/static,AVAILABLE}
2019-07-16 14:30:28,601 INFO  handler.ContextHandler (ContextHandler.java:doStart(781)) - Started o.e.j.w.WebAppContext@1a2b5f27{/,file:///tmp/jetty-0.0.0.0-39620-hddsDatanode-_-any-8259414490928237819.dir/webapp/,AVAILABLE}{/hddsDatanode}
2019-07-16 14:30:28,601 INFO  server.AbstractConnector (AbstractConnector.java:doStart(278)) - Started ServerConnector@3a7ba368{HTTP/1.1,[http/1.1]}{0.0.0.0:39620}
2019-07-16 14:30:28,601 INFO  server.Server (Server.java:doStart(419)) - Started @701897ms
2019-07-16 14:30:28,603 INFO  server.BaseHttpServer (BaseHttpServer.java:updateConnectorAddress(207)) - HTTP server of HDDSDATANODE is listening at http://0.0.0.0:39620
2019-07-16 14:30:28,678 INFO  ozone.HddsDatanodeService (HddsDatanodeService.java:startPlugins(396)) - Started plug-in org.apache.hadoop.ozone.web.OzoneHddsDatanodeService@178e125f
2019-07-16 14:30:28,678 INFO  impl.MetricsSystemImpl (MetricsSystemImpl.java:init(158)) - HddsDatanode metrics system started (again)
2019-07-16 14:30:28,682 INFO  ozone.HddsDatanodeService (HddsDatanodeService.java:start(185)) - HddsDatanodeService host:trunk-nightly-gllmw-2332419065 ip:192.168.157.241
2019-07-16 14:30:28,683 INFO  util.JvmPauseMonitor (JvmPauseMonitor.java:run(188)) - Starting JVM pause monitor
2019-07-16 14:30:28,684 INFO  datanode.InitDatanodeState (InitDatanodeState.java:persistContainerDatanodeDetails(140)) - DatanodeDetails is persisted to /workdir/hadoop-ozone/integration-test/target/test-dir/MiniOzoneClusterImpl-1371a592-ac7f-4000-a7db-a34d70e9878b/datanode-5/meta/datanode.id
2019-07-16 14:30:28,695 INFO  volume.HddsVolume (HddsVolume.java:<init>(176)) - Creating Volume: /workdir/hadoop-ozone/integration-test/target/test-dir/MiniOzoneClusterImpl-1371a592-ac7f-4000-a7db-a34d70e9878b/datanode-6/data/containers/hdds of  storage type : DISK and capacity : 52710309888
2019-07-16 14:30:28,695 INFO  volume.VolumeSet (VolumeSet.java:initializeVolumeSet(170)) - Added Volume : /workdir/hadoop-ozone/integration-test/target/test-dir/MiniOzoneClusterImpl-1371a592-ac7f-4000-a7db-a34d70e9878b/datanode-6/data/containers/hdds to VolumeSet
2019-07-16 14:30:28,695 INFO  volume.ThrottledAsyncChecker (ThrottledAsyncChecker.java:schedule(140)) - Scheduling a check for org.apache.hadoop.ozone.container.common.volume.HddsVolume@4799ce06
2019-07-16 14:30:28,696 INFO  volume.HddsVolumeChecker (HddsVolumeChecker.java:checkAllVolumes(203)) - Scheduled health check for volume org.apache.hadoop.ozone.container.common.volume.HddsVolume@4799ce06
2019-07-16 14:30:28,708 INFO  impl.RaftServerProxy (ConfUtils.java:logGet(43)) - raft.rpc.type = GRPC (default)
2019-07-16 14:30:28,708 INFO  grpc.GrpcFactory (GrpcFactory.java:checkPooledByteBufAllocatorUseCacheForAllThreads(45)) - PERFORMANCE WARNING: useCacheForAllThreads is true that may cause Netty to create a lot garbage objects and, as a result, trigger GC.
	It is recommended to disable useCacheForAllThreads by setting -Dorg.apache.ratis.thirdparty.io.netty.allocator.useCacheForAllThreads=false in command line.
2019-07-16 14:30:28,709 INFO  grpc.GrpcConfigKeys$Server (ConfUtils.java:logGet(43)) - raft.grpc.server.port = 0 (default)
2019-07-16 14:30:28,709 INFO  server.GrpcService (ConfUtils.java:logGet(43)) - raft.grpc.message.size.max = 33570816 (custom)
2019-07-16 14:30:28,709 INFO  server.RaftServerConfigKeys (ConfUtils.java:logGet(43)) - raft.server.log.appender.buffer.byte-limit = 33554432 (custom)
2019-07-16 14:30:28,709 INFO  server.GrpcService (ConfUtils.java:logGet(43)) - raft.grpc.flow.control.window = 1MB (=1048576) (default)
2019-07-16 14:30:28,709 INFO  server.RaftServerConfigKeys (ConfUtils.java:logGet(43)) - raft.server.rpc.request.timeout = 3000ms (default)
2019-07-16 14:30:28,709 INFO  server.RaftServerConfigKeys (ConfUtils.java:logGet(43)) - raft.server.storage.dir = [/workdir/hadoop-ozone/integration-test/target/test-dir/MiniOzoneClusterImpl-1371a592-ac7f-4000-a7db-a34d70e9878b/datanode-6/data/ratis] (custom)
2019-07-16 14:30:28,710 INFO  replication.SimpleContainerDownloader (SimpleContainerDownloader.java:<init>(72)) - Starting container downloader service to copy containers to replicate.
2019-07-16 14:30:28,711 INFO  hdfs.DFSUtil (DFSUtil.java:httpServerTemplateForNNAndJN(1641)) - Starting Web-server for hddsDatanode at: http://0.0.0.0:0
2019-07-16 14:30:28,711 INFO  server.AuthenticationFilter (AuthenticationFilter.java:constructSecretProvider(240)) - Unable to initialize FileSignerSecretProvider, falling back to use random secrets.
2019-07-16 14:30:28,712 WARN  http.HttpRequestLog (HttpRequestLog.java:getRequestLog(97)) - Jetty request log can only be enabled using Log4j
2019-07-16 14:30:28,713 INFO  http.HttpServer2 (HttpServer2.java:addGlobalFilter(975)) - Added global filter 'safety' (class=org.apache.hadoop.http.HttpServer2$QuotingInputFilter)
2019-07-16 14:30:28,713 INFO  http.HttpServer2 (HttpServer2.java:addFilter(948)) - Added filter static_user_filter (class=org.apache.hadoop.http.lib.StaticUserWebFilter$StaticUserFilter) to context hddsDatanode
2019-07-16 14:30:28,713 INFO  http.HttpServer2 (HttpServer2.java:addFilter(958)) - Added filter static_user_filter (class=org.apache.hadoop.http.lib.StaticUserWebFilter$StaticUserFilter) to context static
2019-07-16 14:30:28,713 INFO  http.HttpServer2 (HttpServer2.java:addFilter(958)) - Added filter static_user_filter (class=org.apache.hadoop.http.lib.StaticUserWebFilter$StaticUserFilter) to context logs
2019-07-16 14:30:28,714 INFO  http.HttpServer2 (HttpServer2.java:bindListener(1191)) - Jetty bound to port 35461
2019-07-16 14:30:28,714 INFO  server.Server (Server.java:doStart(351)) - jetty-9.3.24.v20180605, build timestamp: 2018-06-05T17:11:56Z, git hash: 84205aa28f11a4f31f2a3b86d1bba2cc8ab69827
2019-07-16 14:30:28,715 INFO  handler.ContextHandler (ContextHandler.java:doStart(781)) - Started o.e.j.s.ServletContextHandler@229762ab{/logs,file:///workdir/hadoop-ozone/integration-test/target/log,AVAILABLE}
2019-07-16 14:30:28,715 INFO  handler.ContextHandler (ContextHandler.java:doStart(781)) - Started o.e.j.s.ServletContextHandler@27d40ca5{/static,jar:file:/home/user/.m2/repository/org/apache/hadoop/hadoop-hdds-container-service/0.5.0-SNAPSHOT/hadoop-hdds-container-service-0.5.0-SNAPSHOT.jar!/webapps/static,AVAILABLE}
2019-07-16 14:30:28,737 INFO  handler.ContextHandler (ContextHandler.java:doStart(781)) - Started o.e.j.w.WebAppContext@60ba61e4{/,file:///tmp/jetty-0.0.0.0-35461-hddsDatanode-_-any-3660516625939794767.dir/webapp/,AVAILABLE}{/hddsDatanode}
2019-07-16 14:30:28,737 INFO  server.AbstractConnector (AbstractConnector.java:doStart(278)) - Started ServerConnector@18505320{HTTP/1.1,[http/1.1]}{0.0.0.0:35461}
2019-07-16 14:30:28,737 INFO  server.Server (Server.java:doStart(419)) - Started @702033ms
2019-07-16 14:30:28,739 INFO  server.BaseHttpServer (BaseHttpServer.java:updateConnectorAddress(207)) - HTTP server of HDDSDATANODE is listening at http://0.0.0.0:35461
2019-07-16 14:30:28,822 INFO  ozone.HddsDatanodeService (HddsDatanodeService.java:startPlugins(396)) - Started plug-in org.apache.hadoop.ozone.web.OzoneHddsDatanodeService@3546439b
2019-07-16 14:30:28,822 INFO  ozone.MiniOzoneClusterImpl (MiniOzoneClusterImpl.java:lambda$waitForClusterToBeReady$0(142)) - Waiting for cluster to be ready. Got 0 of 7 DN Heartbeats.
2019-07-16 14:30:28,827 INFO  util.JvmPauseMonitor (JvmPauseMonitor.java:run(188)) - Starting JVM pause monitor
2019-07-16 14:30:28,828 INFO  datanode.InitDatanodeState (InitDatanodeState.java:persistContainerDatanodeDetails(140)) - DatanodeDetails is persisted to /workdir/hadoop-ozone/integration-test/target/test-dir/MiniOzoneClusterImpl-1371a592-ac7f-4000-a7db-a34d70e9878b/datanode-6/meta/datanode.id
2019-07-16 14:30:29,823 INFO  ozone.MiniOzoneClusterImpl (MiniOzoneClusterImpl.java:lambda$waitForClusterToBeReady$0(142)) - Waiting for cluster to be ready. Got 0 of 7 DN Heartbeats.
2019-07-16 14:30:29,900 INFO  ozoneimpl.OzoneContainer (OzoneContainer.java:start(186)) - Attempting to start container services.
2019-07-16 14:30:29,903 INFO  ozoneimpl.OzoneContainer (OzoneContainer.java:startContainerScrub(160)) - Background container scrubber has been disabled by hdds.containerscrub.enabled
2019-07-16 14:30:29,903 INFO  ratis.XceiverServerRatis (XceiverServerRatis.java:start(418)) - Starting XceiverServerRatis 2475e664-3ed4-4fb1-9b43-2d8849b7953b at port 0
2019-07-16 14:30:29,910 INFO  impl.RaftServerProxy (RaftServerProxy.java:lambda$start$3(299)) - 2475e664-3ed4-4fb1-9b43-2d8849b7953b: start RPC server
2019-07-16 14:30:29,912 INFO  server.GrpcService (GrpcService.java:startImpl(149)) - 2475e664-3ed4-4fb1-9b43-2d8849b7953b: GrpcService started, listening on 0.0.0.0/0.0.0.0:44425
2019-07-16 14:30:29,912 INFO  ratis.XceiverServerRatis (XceiverServerRatis.java:start(428)) - XceiverServerRatis 2475e664-3ed4-4fb1-9b43-2d8849b7953b is started using port 44425
2019-07-16 14:30:29,912 INFO  server.XceiverServerGrpc (XceiverServerGrpc.java:start(161)) - XceiverServerGrpc 2475e664-3ed4-4fb1-9b43-2d8849b7953b is started using port 37960
2019-07-16 14:30:30,105 INFO  ozoneimpl.OzoneContainer (OzoneContainer.java:start(186)) - Attempting to start container services.
2019-07-16 14:30:30,109 INFO  ozoneimpl.OzoneContainer (OzoneContainer.java:startContainerScrub(160)) - Background container scrubber has been disabled by hdds.containerscrub.enabled
2019-07-16 14:30:30,109 INFO  ratis.XceiverServerRatis (XceiverServerRatis.java:start(418)) - Starting XceiverServerRatis 6d697e13-9497-4e0d-8bcc-f472359aeea0 at port 0
2019-07-16 14:30:30,117 INFO  impl.RaftServerProxy (RaftServerProxy.java:lambda$start$3(299)) - 6d697e13-9497-4e0d-8bcc-f472359aeea0: start RPC server
2019-07-16 14:30:30,120 INFO  server.GrpcService (GrpcService.java:startImpl(149)) - 6d697e13-9497-4e0d-8bcc-f472359aeea0: GrpcService started, listening on 0.0.0.0/0.0.0.0:39692
2019-07-16 14:30:30,120 INFO  ratis.XceiverServerRatis (XceiverServerRatis.java:start(428)) - XceiverServerRatis 6d697e13-9497-4e0d-8bcc-f472359aeea0 is started using port 39692
2019-07-16 14:30:30,120 INFO  server.XceiverServerGrpc (XceiverServerGrpc.java:start(161)) - XceiverServerGrpc 6d697e13-9497-4e0d-8bcc-f472359aeea0 is started using port 37910
2019-07-16 14:30:30,284 INFO  ozoneimpl.OzoneContainer (OzoneContainer.java:start(186)) - Attempting to start container services.
2019-07-16 14:30:30,295 INFO  ozoneimpl.OzoneContainer (OzoneContainer.java:startContainerScrub(160)) - Background container scrubber has been disabled by hdds.containerscrub.enabled
2019-07-16 14:30:30,295 INFO  ratis.XceiverServerRatis (XceiverServerRatis.java:start(418)) - Starting XceiverServerRatis 5f3c4c0e-4450-4ff4-bbfd-a5f8469be034 at port 0
2019-07-16 14:30:30,303 INFO  impl.RaftServerProxy (RaftServerProxy.java:lambda$start$3(299)) - 5f3c4c0e-4450-4ff4-bbfd-a5f8469be034: start RPC server
2019-07-16 14:30:30,312 INFO  server.GrpcService (GrpcService.java:startImpl(149)) - 5f3c4c0e-4450-4ff4-bbfd-a5f8469be034: GrpcService started, listening on 0.0.0.0/0.0.0.0:45859
2019-07-16 14:30:30,312 INFO  ratis.XceiverServerRatis (XceiverServerRatis.java:start(428)) - XceiverServerRatis 5f3c4c0e-4450-4ff4-bbfd-a5f8469be034 is started using port 45859
2019-07-16 14:30:30,320 INFO  server.XceiverServerGrpc (XceiverServerGrpc.java:start(161)) - XceiverServerGrpc 5f3c4c0e-4450-4ff4-bbfd-a5f8469be034 is started using port 37976
2019-07-16 14:30:30,422 INFO  ozoneimpl.OzoneContainer (OzoneContainer.java:start(186)) - Attempting to start container services.
2019-07-16 14:30:30,422 INFO  ozoneimpl.OzoneContainer (OzoneContainer.java:startContainerScrub(160)) - Background container scrubber has been disabled by hdds.containerscrub.enabled
2019-07-16 14:30:30,423 INFO  ratis.XceiverServerRatis (XceiverServerRatis.java:start(418)) - Starting XceiverServerRatis 0e239eaf-b2fc-4971-ad36-a2288bdc5950 at port 0
2019-07-16 14:30:30,430 INFO  impl.RaftServerProxy (RaftServerProxy.java:lambda$start$3(299)) - 0e239eaf-b2fc-4971-ad36-a2288bdc5950: start RPC server
2019-07-16 14:30:30,434 INFO  server.GrpcService (GrpcService.java:startImpl(149)) - 0e239eaf-b2fc-4971-ad36-a2288bdc5950: GrpcService started, listening on 0.0.0.0/0.0.0.0:39168
2019-07-16 14:30:30,435 INFO  ratis.XceiverServerRatis (XceiverServerRatis.java:start(428)) - XceiverServerRatis 0e239eaf-b2fc-4971-ad36-a2288bdc5950 is started using port 39168
2019-07-16 14:30:30,437 INFO  server.XceiverServerGrpc (XceiverServerGrpc.java:start(161)) - XceiverServerGrpc 0e239eaf-b2fc-4971-ad36-a2288bdc5950 is started using port 44540
2019-07-16 14:30:30,561 INFO  ozoneimpl.OzoneContainer (OzoneContainer.java:start(186)) - Attempting to start container services.
2019-07-16 14:30:30,561 INFO  ozoneimpl.OzoneContainer (OzoneContainer.java:startContainerScrub(160)) - Background container scrubber has been disabled by hdds.containerscrub.enabled
2019-07-16 14:30:30,561 INFO  ratis.XceiverServerRatis (XceiverServerRatis.java:start(418)) - Starting XceiverServerRatis 9b40aaed-d4f3-4f9a-a195-e0f4fe665383 at port 0
2019-07-16 14:30:30,569 INFO  impl.RaftServerProxy (RaftServerProxy.java:lambda$start$3(299)) - 9b40aaed-d4f3-4f9a-a195-e0f4fe665383: start RPC server
2019-07-16 14:30:30,569 INFO  server.GrpcService (GrpcService.java:startImpl(149)) - 9b40aaed-d4f3-4f9a-a195-e0f4fe665383: GrpcService started, listening on 0.0.0.0/0.0.0.0:41148
2019-07-16 14:30:30,569 INFO  ratis.XceiverServerRatis (XceiverServerRatis.java:start(428)) - XceiverServerRatis 9b40aaed-d4f3-4f9a-a195-e0f4fe665383 is started using port 41148
2019-07-16 14:30:30,572 INFO  server.XceiverServerGrpc (XceiverServerGrpc.java:start(161)) - XceiverServerGrpc 9b40aaed-d4f3-4f9a-a195-e0f4fe665383 is started using port 37638
2019-07-16 14:30:30,697 INFO  ozoneimpl.OzoneContainer (OzoneContainer.java:start(186)) - Attempting to start container services.
2019-07-16 14:30:30,697 INFO  ozoneimpl.OzoneContainer (OzoneContainer.java:startContainerScrub(160)) - Background container scrubber has been disabled by hdds.containerscrub.enabled
2019-07-16 14:30:30,697 INFO  ratis.XceiverServerRatis (XceiverServerRatis.java:start(418)) - Starting XceiverServerRatis 2bc1a797-bd7e-4c0a-a925-dbb126e19968 at port 0
2019-07-16 14:30:30,705 INFO  impl.RaftServerProxy (RaftServerProxy.java:lambda$start$3(299)) - 2bc1a797-bd7e-4c0a-a925-dbb126e19968: start RPC server
2019-07-16 14:30:30,705 INFO  server.GrpcService (GrpcService.java:startImpl(149)) - 2bc1a797-bd7e-4c0a-a925-dbb126e19968: GrpcService started, listening on 0.0.0.0/0.0.0.0:41203
2019-07-16 14:30:30,706 INFO  ratis.XceiverServerRatis (XceiverServerRatis.java:start(428)) - XceiverServerRatis 2bc1a797-bd7e-4c0a-a925-dbb126e19968 is started using port 41203
2019-07-16 14:30:30,706 INFO  server.XceiverServerGrpc (XceiverServerGrpc.java:start(161)) - XceiverServerGrpc 2bc1a797-bd7e-4c0a-a925-dbb126e19968 is started using port 36085
2019-07-16 14:30:30,823 INFO  ozone.MiniOzoneClusterImpl (MiniOzoneClusterImpl.java:lambda$waitForClusterToBeReady$0(142)) - Waiting for cluster to be ready. Got 0 of 7 DN Heartbeats.
2019-07-16 14:30:30,841 INFO  ozoneimpl.OzoneContainer (OzoneContainer.java:start(186)) - Attempting to start container services.
2019-07-16 14:30:30,841 INFO  ozoneimpl.OzoneContainer (OzoneContainer.java:startContainerScrub(160)) - Background container scrubber has been disabled by hdds.containerscrub.enabled
2019-07-16 14:30:30,841 INFO  ratis.XceiverServerRatis (XceiverServerRatis.java:start(418)) - Starting XceiverServerRatis 5f2692b3-85f1-4573-bfd4-4d34fae18648 at port 0
2019-07-16 14:30:30,849 INFO  impl.RaftServerProxy (RaftServerProxy.java:lambda$start$3(299)) - 5f2692b3-85f1-4573-bfd4-4d34fae18648: start RPC server
2019-07-16 14:30:30,852 INFO  server.GrpcService (GrpcService.java:startImpl(149)) - 5f2692b3-85f1-4573-bfd4-4d34fae18648: GrpcService started, listening on 0.0.0.0/0.0.0.0:43759
2019-07-16 14:30:30,853 INFO  ratis.XceiverServerRatis (XceiverServerRatis.java:start(428)) - XceiverServerRatis 5f2692b3-85f1-4573-bfd4-4d34fae18648 is started using port 43759
2019-07-16 14:30:30,853 INFO  server.XceiverServerGrpc (XceiverServerGrpc.java:start(161)) - XceiverServerGrpc 5f2692b3-85f1-4573-bfd4-4d34fae18648 is started using port 43807
2019-07-16 14:30:31,824 INFO  ozone.MiniOzoneClusterImpl (MiniOzoneClusterImpl.java:lambda$waitForClusterToBeReady$0(142)) - Waiting for cluster to be ready. Got 0 of 7 DN Heartbeats.
2019-07-16 14:30:31,880 INFO  net.NetworkTopology (NetworkTopologyImpl.java:add(110)) - Added a new node: /default-rack/192.168.157.241
2019-07-16 14:30:31,883 INFO  node.SCMNodeManager (SCMNodeManager.java:register(269)) - Registered Data node : 2475e664-3ed4-4fb1-9b43-2d8849b7953b{ip: 192.168.157.241, host: trunk-nightly-gllmw-2332419065, networkLocation: /default-rack, certSerialId: null}
2019-07-16 14:30:31,884 INFO  safemode.SCMSafeModeManager (DataNodeSafeModeRule.java:process(71)) - SCM in safe mode. 1 DataNodes registered, 1 required.
2019-07-16 14:30:31,887 INFO  safemode.SCMSafeModeManager (SCMSafeModeManager.java:validateSafeModeExitRules(177)) - ScmSafeModeManager, all rules are successfully validated
2019-07-16 14:30:31,887 INFO  safemode.SCMSafeModeManager (SCMSafeModeManager.java:exitSafeMode(193)) - SCM exiting safe mode.
2019-07-16 14:30:31,899 INFO  impl.RaftServerProxy (RaftServerProxy.java:addNew(89)) - 2475e664-3ed4-4fb1-9b43-2d8849b7953b: addNew group-0F8952FB43EC:[2475e664-3ed4-4fb1-9b43-2d8849b7953b:192.168.157.241:44425] returns group-0F8952FB43EC:java.util.concurrent.CompletableFuture@b2ae9e0[Not completed]
2019-07-16 14:30:31,900 INFO  impl.RaftServerImpl (RaftServerImpl.java:<init>(93)) - 2475e664-3ed4-4fb1-9b43-2d8849b7953b: new RaftServerImpl for group-0F8952FB43EC:[2475e664-3ed4-4fb1-9b43-2d8849b7953b:192.168.157.241:44425] with ContainerStateMachine:uninitialized
2019-07-16 14:30:31,900 INFO  server.RaftServerConfigKeys (ConfUtils.java:logGet(43)) - raft.server.rpc.timeout.min = 5s (custom)
2019-07-16 14:30:31,901 INFO  server.RaftServerConfigKeys (ConfUtils.java:logGet(43)) - raft.server.rpc.timeout.max = 5200ms (custom)
2019-07-16 14:30:31,901 INFO  server.RaftServerConfigKeys (ConfUtils.java:logGet(43)) - raft.server.rpcslowness.timeout = 120s (custom)
2019-07-16 14:30:31,901 INFO  server.RaftServerConfigKeys (ConfUtils.java:logGet(43)) - raft.server.sleep.deviation.threshold = 300 (default)
2019-07-16 14:30:31,901 INFO  server.RaftServerConfigKeys (ConfUtils.java:logGet(43)) - raft.server.log.appender.install.snapshot.enabled = false (custom)
2019-07-16 14:30:31,901 INFO  impl.RaftServerImpl (ServerState.java:<init>(105)) - 2475e664-3ed4-4fb1-9b43-2d8849b7953b:group-0F8952FB43EC ConfigurationManager, init=-1: [2475e664-3ed4-4fb1-9b43-2d8849b7953b:192.168.157.241:44425], old=null, confs=<EMPTY_MAP>
2019-07-16 14:30:31,901 INFO  server.RaftServerConfigKeys (ConfUtils.java:logGet(43)) - raft.server.storage.dir = [/workdir/hadoop-ozone/integration-test/target/test-dir/MiniOzoneClusterImpl-1371a592-ac7f-4000-a7db-a34d70e9878b/datanode-0/data/ratis] (custom)
2019-07-16 14:30:31,902 INFO  storage.RaftStorageDirectory (RaftStorageDirectory.java:analyzeStorage(246)) - The storage directory /workdir/hadoop-ozone/integration-test/target/test-dir/MiniOzoneClusterImpl-1371a592-ac7f-4000-a7db-a34d70e9878b/datanode-0/data/ratis/8f081b20-3fe7-4754-8677-0f8952fb43ec does not exist. Creating ...
2019-07-16 14:30:31,915 INFO  storage.RaftStorageDirectory (RaftStorageDirectory.java:tryLock(328)) - Lock on /workdir/hadoop-ozone/integration-test/target/test-dir/MiniOzoneClusterImpl-1371a592-ac7f-4000-a7db-a34d70e9878b/datanode-0/data/ratis/8f081b20-3fe7-4754-8677-0f8952fb43ec/in_use.lock acquired by nodename 23803@trunk-nightly-gllmw-2332419065
2019-07-16 14:30:31,931 INFO  storage.RaftStorage (RaftStorage.java:format(72)) - Storage directory /workdir/hadoop-ozone/integration-test/target/test-dir/MiniOzoneClusterImpl-1371a592-ac7f-4000-a7db-a34d70e9878b/datanode-0/data/ratis/8f081b20-3fe7-4754-8677-0f8952fb43ec has been successfully formatted.
2019-07-16 14:30:31,932 INFO  ratis.ContainerStateMachine (ContainerStateMachine.java:loadSnapshot(200)) - group-0F8952FB43EC: The snapshot info is null. Setting the last applied indexto:(t:0, i:~)
2019-07-16 14:30:31,932 INFO  server.RaftServerConfigKeys (ConfUtils.java:logGet(43)) - raft.server.leader.election.timeout = 120s (custom)
2019-07-16 14:30:31,932 INFO  server.RaftServerConfigKeys (ConfUtils.java:logGet(43)) - raft.server.log.use.memory = false (default)
2019-07-16 14:30:31,932 INFO  server.RaftServerConfigKeys (ConfUtils.java:logGet(43)) - raft.server.log.purge.gap = 1000000000 (custom)
2019-07-16 14:30:31,932 INFO  server.RaftServerConfigKeys (ConfUtils.java:logGet(43)) - raft.server.log.appender.buffer.byte-limit = 33554432 (custom)
2019-07-16 14:30:31,932 INFO  server.RaftServerConfigKeys (ConfUtils.java:logGet(43)) - raft.server.log.segment.size.max = 1048576 (custom)
2019-07-16 14:30:31,933 INFO  server.RaftServerConfigKeys (ConfUtils.java:logGet(43)) - raft.server.log.segment.cache.num.max = 2 (custom)
2019-07-16 14:30:31,933 INFO  segmented.SegmentedRaftLogWorker (SegmentedRaftLogWorker.java:<init>(172)) - new 2475e664-3ed4-4fb1-9b43-2d8849b7953b-SegmentedRaftLogWorker:Storage Directory /workdir/hadoop-ozone/integration-test/target/test-dir/MiniOzoneClusterImpl-1371a592-ac7f-4000-a7db-a34d70e9878b/datanode-0/data/ratis/8f081b20-3fe7-4754-8677-0f8952fb43ec for RaftStorage:Storage Directory /workdir/hadoop-ozone/integration-test/target/test-dir/MiniOzoneClusterImpl-1371a592-ac7f-4000-a7db-a34d70e9878b/datanode-0/data/ratis/8f081b20-3fe7-4754-8677-0f8952fb43ec
2019-07-16 14:30:31,933 INFO  server.RaftServerConfigKeys (ConfUtils.java:logGet(43)) - raft.server.log.queue.byte-limit = 2147483647 (custom)
2019-07-16 14:30:31,933 INFO  server.RaftServerConfigKeys (ConfUtils.java:logGet(43)) - raft.server.log.queue.element-limit = 1024 (custom)
2019-07-16 14:30:31,934 INFO  server.RaftServerConfigKeys (ConfUtils.java:logGet(43)) - raft.server.log.segment.size.max = 1048576 (custom)
2019-07-16 14:30:31,934 INFO  server.RaftServerConfigKeys (ConfUtils.java:logGet(43)) - raft.server.log.preallocated.size = 16384 (custom)
2019-07-16 14:30:31,934 INFO  server.RaftServerConfigKeys (ConfUtils.java:logGet(43)) - raft.server.log.write.buffer.size = 33554432 (custom)
2019-07-16 14:30:31,934 INFO  server.RaftServerConfigKeys (ConfUtils.java:logGet(43)) - raft.server.log.force.sync.num = 128 (default)
2019-07-16 14:30:31,934 INFO  server.RaftServerConfigKeys (ConfUtils.java:logGet(43)) - raft.server.log.statemachine.data.sync = true (default)
2019-07-16 14:30:31,934 INFO  server.RaftServerConfigKeys (ConfUtils.java:logGet(43)) - raft.server.log.statemachine.data.sync.timeout = 10s (default)
2019-07-16 14:30:31,935 INFO  server.RaftServerConfigKeys (ConfUtils.java:logGet(43)) - raft.server.log.statemachine.data.sync.timeout.retry = -1 (default)
2019-07-16 14:30:31,935 INFO  server.RaftServerConfigKeys (ConfUtils.java:logGet(43)) - raft.server.log.statemachine.data.caching.enabled = true (custom)
2019-07-16 14:30:31,935 INFO  segmented.SegmentedRaftLogWorker (SegmentedRaftLogWorker.java:lambda$new$0(132)) - 2475e664-3ed4-4fb1-9b43-2d8849b7953b-SegmentedRaftLogWorker:Storage Directory /workdir/hadoop-ozone/integration-test/target/test-dir/MiniOzoneClusterImpl-1371a592-ac7f-4000-a7db-a34d70e9878b/datanode-0/data/ratis/8f081b20-3fe7-4754-8677-0f8952fb43ec: flushIndex: setUnconditionally 0 -> -1
2019-07-16 14:30:31,936 INFO  server.RaftServerConfigKeys (ConfUtils.java:logGet(43)) - raft.server.snapshot.auto.trigger.enabled = true (custom)
2019-07-16 14:30:31,936 INFO  server.RaftServerConfigKeys (ConfUtils.java:logGet(43)) - raft.server.snapshot.auto.trigger.threshold = 10000 (custom)
2019-07-16 14:30:31,936 INFO  server.RaftServerConfigKeys (ConfUtils.java:logGet(43)) - raft.server.retrycache.expirytime = 600000ms (custom)
2019-07-16 14:30:31,936 INFO  impl.RaftServerImpl (RaftServerImpl.java:start(180)) - 2475e664-3ed4-4fb1-9b43-2d8849b7953b: start group-0F8952FB43EC
2019-07-16 14:30:31,936 INFO  impl.RaftServerImpl (RaftServerImpl.java:setRole(171)) - 2475e664-3ed4-4fb1-9b43-2d8849b7953b:group-0F8952FB43EC changes role from null to FOLLOWER at term 0 for startAsFollower
2019-07-16 14:30:31,937 INFO  impl.RoleInfo (RoleInfo.java:updateAndGet(143)) - 2475e664-3ed4-4fb1-9b43-2d8849b7953b: start FollowerState
2019-07-16 14:30:31,937 INFO  util.JmxRegister (JmxRegister.java:tryRegister(44)) - Successfully registered JMX Bean with object name Ratis:service=RaftServer,group=group-0F8952FB43EC,id=2475e664-3ed4-4fb1-9b43-2d8849b7953b
2019-07-16 14:30:31,942 INFO  pipeline.PipelineStateManager (PipelineStateManager.java:addPipeline(56)) - Created pipeline Pipeline[ Id: 8f081b20-3fe7-4754-8677-0f8952fb43ec, Nodes: 2475e664-3ed4-4fb1-9b43-2d8849b7953b{ip: 192.168.157.241, host: trunk-nightly-gllmw-2332419065, networkLocation: /default-rack, certSerialId: null}, Type:RATIS, Factor:ONE, State:OPEN]
2019-07-16 14:30:32,090 INFO  node.SCMNodeManager (SCMNodeManager.java:register(269)) - Registered Data node : 6d697e13-9497-4e0d-8bcc-f472359aeea0{ip: 192.168.157.241, host: trunk-nightly-gllmw-2332419065, networkLocation: /default-rack, certSerialId: null}
2019-07-16 14:30:32,097 INFO  impl.RaftServerProxy (RaftServerProxy.java:addNew(89)) - 6d697e13-9497-4e0d-8bcc-f472359aeea0: addNew group-CA7F2B34F700:[6d697e13-9497-4e0d-8bcc-f472359aeea0:192.168.157.241:39692] returns group-CA7F2B34F700:java.util.concurrent.CompletableFuture@1d1eeb5c[Not completed]
2019-07-16 14:30:32,098 INFO  impl.RaftServerImpl (RaftServerImpl.java:<init>(93)) - 6d697e13-9497-4e0d-8bcc-f472359aeea0: new RaftServerImpl for group-CA7F2B34F700:[6d697e13-9497-4e0d-8bcc-f472359aeea0:192.168.157.241:39692] with ContainerStateMachine:uninitialized
2019-07-16 14:30:32,098 INFO  server.RaftServerConfigKeys (ConfUtils.java:logGet(43)) - raft.server.rpc.timeout.min = 5s (custom)
2019-07-16 14:30:32,098 INFO  server.RaftServerConfigKeys (ConfUtils.java:logGet(43)) - raft.server.rpc.timeout.max = 5200ms (custom)
2019-07-16 14:30:32,098 INFO  server.RaftServerConfigKeys (ConfUtils.java:logGet(43)) - raft.server.rpcslowness.timeout = 120s (custom)
2019-07-16 14:30:32,098 INFO  server.RaftServerConfigKeys (ConfUtils.java:logGet(43)) - raft.server.sleep.deviation.threshold = 300 (default)
2019-07-16 14:30:32,099 INFO  server.RaftServerConfigKeys (ConfUtils.java:logGet(43)) - raft.server.log.appender.install.snapshot.enabled = false (custom)
2019-07-16 14:30:32,099 INFO  impl.RaftServerImpl (ServerState.java:<init>(105)) - 6d697e13-9497-4e0d-8bcc-f472359aeea0:group-CA7F2B34F700 ConfigurationManager, init=-1: [6d697e13-9497-4e0d-8bcc-f472359aeea0:192.168.157.241:39692], old=null, confs=<EMPTY_MAP>
2019-07-16 14:30:32,099 INFO  server.RaftServerConfigKeys (ConfUtils.java:logGet(43)) - raft.server.storage.dir = [/workdir/hadoop-ozone/integration-test/target/test-dir/MiniOzoneClusterImpl-1371a592-ac7f-4000-a7db-a34d70e9878b/datanode-1/data/ratis] (custom)
2019-07-16 14:30:32,099 INFO  storage.RaftStorageDirectory (RaftStorageDirectory.java:analyzeStorage(246)) - The storage directory /workdir/hadoop-ozone/integration-test/target/test-dir/MiniOzoneClusterImpl-1371a592-ac7f-4000-a7db-a34d70e9878b/datanode-1/data/ratis/783a2ba1-2856-4646-8d32-ca7f2b34f700 does not exist. Creating ...
2019-07-16 14:30:32,112 INFO  storage.RaftStorageDirectory (RaftStorageDirectory.java:tryLock(328)) - Lock on /workdir/hadoop-ozone/integration-test/target/test-dir/MiniOzoneClusterImpl-1371a592-ac7f-4000-a7db-a34d70e9878b/datanode-1/data/ratis/783a2ba1-2856-4646-8d32-ca7f2b34f700/in_use.lock acquired by nodename 23803@trunk-nightly-gllmw-2332419065
2019-07-16 14:30:32,125 INFO  storage.RaftStorage (RaftStorage.java:format(72)) - Storage directory /workdir/hadoop-ozone/integration-test/target/test-dir/MiniOzoneClusterImpl-1371a592-ac7f-4000-a7db-a34d70e9878b/datanode-1/data/ratis/783a2ba1-2856-4646-8d32-ca7f2b34f700 has been successfully formatted.
2019-07-16 14:30:32,125 INFO  ratis.ContainerStateMachine (ContainerStateMachine.java:loadSnapshot(200)) - group-CA7F2B34F700: The snapshot info is null. Setting the last applied indexto:(t:0, i:~)
2019-07-16 14:30:32,126 INFO  server.RaftServerConfigKeys (ConfUtils.java:logGet(43)) - raft.server.leader.election.timeout = 120s (custom)
2019-07-16 14:30:32,126 INFO  server.RaftServerConfigKeys (ConfUtils.java:logGet(43)) - raft.server.log.use.memory = false (default)
2019-07-16 14:30:32,126 INFO  server.RaftServerConfigKeys (ConfUtils.java:logGet(43)) - raft.server.log.purge.gap = 1000000000 (custom)
2019-07-16 14:30:32,126 INFO  server.RaftServerConfigKeys (ConfUtils.java:logGet(43)) - raft.server.log.appender.buffer.byte-limit = 33554432 (custom)
2019-07-16 14:30:32,126 INFO  server.RaftServerConfigKeys (ConfUtils.java:logGet(43)) - raft.server.log.segment.size.max = 1048576 (custom)
2019-07-16 14:30:32,126 INFO  server.RaftServerConfigKeys (ConfUtils.java:logGet(43)) - raft.server.log.segment.cache.num.max = 2 (custom)
2019-07-16 14:30:32,126 INFO  segmented.SegmentedRaftLogWorker (SegmentedRaftLogWorker.java:<init>(172)) - new 6d697e13-9497-4e0d-8bcc-f472359aeea0-SegmentedRaftLogWorker:Storage Directory /workdir/hadoop-ozone/integration-test/target/test-dir/MiniOzoneClusterImpl-1371a592-ac7f-4000-a7db-a34d70e9878b/datanode-1/data/ratis/783a2ba1-2856-4646-8d32-ca7f2b34f700 for RaftStorage:Storage Directory /workdir/hadoop-ozone/integration-test/target/test-dir/MiniOzoneClusterImpl-1371a592-ac7f-4000-a7db-a34d70e9878b/datanode-1/data/ratis/783a2ba1-2856-4646-8d32-ca7f2b34f700
2019-07-16 14:30:32,127 INFO  server.RaftServerConfigKeys (ConfUtils.java:logGet(43)) - raft.server.log.queue.byte-limit = 2147483647 (custom)
2019-07-16 14:30:32,127 INFO  server.RaftServerConfigKeys (ConfUtils.java:logGet(43)) - raft.server.log.queue.element-limit = 1024 (custom)
2019-07-16 14:30:32,127 INFO  server.RaftServerConfigKeys (ConfUtils.java:logGet(43)) - raft.server.log.segment.size.max = 1048576 (custom)
2019-07-16 14:30:32,127 INFO  server.RaftServerConfigKeys (ConfUtils.java:logGet(43)) - raft.server.log.preallocated.size = 16384 (custom)
2019-07-16 14:30:32,127 INFO  server.RaftServerConfigKeys (ConfUtils.java:logGet(43)) - raft.server.log.write.buffer.size = 33554432 (custom)
2019-07-16 14:30:32,127 INFO  server.RaftServerConfigKeys (ConfUtils.java:logGet(43)) - raft.server.log.force.sync.num = 128 (default)
2019-07-16 14:30:32,128 INFO  server.RaftServerConfigKeys (ConfUtils.java:logGet(43)) - raft.server.log.statemachine.data.sync = true (default)
2019-07-16 14:30:32,128 INFO  server.RaftServerConfigKeys (ConfUtils.java:logGet(43)) - raft.server.log.statemachine.data.sync.timeout = 10s (default)
2019-07-16 14:30:32,128 INFO  server.RaftServerConfigKeys (ConfUtils.java:logGet(43)) - raft.server.log.statemachine.data.sync.timeout.retry = -1 (default)
2019-07-16 14:30:32,128 INFO  server.RaftServerConfigKeys (ConfUtils.java:logGet(43)) - raft.server.log.statemachine.data.caching.enabled = true (custom)
2019-07-16 14:30:32,128 INFO  segmented.SegmentedRaftLogWorker (SegmentedRaftLogWorker.java:lambda$new$0(132)) - 6d697e13-9497-4e0d-8bcc-f472359aeea0-SegmentedRaftLogWorker:Storage Directory /workdir/hadoop-ozone/integration-test/target/test-dir/MiniOzoneClusterImpl-1371a592-ac7f-4000-a7db-a34d70e9878b/datanode-1/data/ratis/783a2ba1-2856-4646-8d32-ca7f2b34f700: flushIndex: setUnconditionally 0 -> -1
2019-07-16 14:30:32,129 INFO  server.RaftServerConfigKeys (ConfUtils.java:logGet(43)) - raft.server.snapshot.auto.trigger.enabled = true (custom)
2019-07-16 14:30:32,129 INFO  server.RaftServerConfigKeys (ConfUtils.java:logGet(43)) - raft.server.snapshot.auto.trigger.threshold = 10000 (custom)
2019-07-16 14:30:32,129 INFO  server.RaftServerConfigKeys (ConfUtils.java:logGet(43)) - raft.server.retrycache.expirytime = 600000ms (custom)
2019-07-16 14:30:32,129 INFO  impl.RaftServerImpl (RaftServerImpl.java:start(180)) - 6d697e13-9497-4e0d-8bcc-f472359aeea0: start group-CA7F2B34F700
2019-07-16 14:30:32,129 INFO  impl.RaftServerImpl (RaftServerImpl.java:setRole(171)) - 6d697e13-9497-4e0d-8bcc-f472359aeea0:group-CA7F2B34F700 changes role from null to FOLLOWER at term 0 for startAsFollower
2019-07-16 14:30:32,130 INFO  impl.RoleInfo (RoleInfo.java:updateAndGet(143)) - 6d697e13-9497-4e0d-8bcc-f472359aeea0: start FollowerState
2019-07-16 14:30:32,130 INFO  util.JmxRegister (JmxRegister.java:tryRegister(44)) - Successfully registered JMX Bean with object name Ratis:service=RaftServer,group=group-CA7F2B34F700,id=6d697e13-9497-4e0d-8bcc-f472359aeea0
2019-07-16 14:30:32,135 INFO  pipeline.PipelineStateManager (PipelineStateManager.java:addPipeline(56)) - Created pipeline Pipeline[ Id: 783a2ba1-2856-4646-8d32-ca7f2b34f700, Nodes: 6d697e13-9497-4e0d-8bcc-f472359aeea0{ip: 192.168.157.241, host: trunk-nightly-gllmw-2332419065, networkLocation: /default-rack, certSerialId: null}, Type:RATIS, Factor:ONE, State:OPEN]
2019-07-16 14:30:32,271 INFO  node.SCMNodeManager (SCMNodeManager.java:register(269)) - Registered Data node : 5f3c4c0e-4450-4ff4-bbfd-a5f8469be034{ip: 192.168.157.241, host: trunk-nightly-gllmw-2332419065, networkLocation: /default-rack, certSerialId: null}
2019-07-16 14:30:32,278 INFO  impl.RaftServerProxy (RaftServerProxy.java:addNew(89)) - 5f3c4c0e-4450-4ff4-bbfd-a5f8469be034: addNew group-F131C3C0E2EE:[5f3c4c0e-4450-4ff4-bbfd-a5f8469be034:192.168.157.241:45859] returns group-F131C3C0E2EE:java.util.concurrent.CompletableFuture@151e4021[Not completed]
2019-07-16 14:30:32,279 INFO  impl.RaftServerImpl (RaftServerImpl.java:<init>(93)) - 5f3c4c0e-4450-4ff4-bbfd-a5f8469be034: new RaftServerImpl for group-F131C3C0E2EE:[5f3c4c0e-4450-4ff4-bbfd-a5f8469be034:192.168.157.241:45859] with ContainerStateMachine:uninitialized
2019-07-16 14:30:32,279 INFO  server.RaftServerConfigKeys (ConfUtils.java:logGet(43)) - raft.server.rpc.timeout.min = 5s (custom)
2019-07-16 14:30:32,279 INFO  server.RaftServerConfigKeys (ConfUtils.java:logGet(43)) - raft.server.rpc.timeout.max = 5200ms (custom)
2019-07-16 14:30:32,279 INFO  server.RaftServerConfigKeys (ConfUtils.java:logGet(43)) - raft.server.rpcslowness.timeout = 120s (custom)
2019-07-16 14:30:32,279 INFO  server.RaftServerConfigKeys (ConfUtils.java:logGet(43)) - raft.server.sleep.deviation.threshold = 300 (default)
2019-07-16 14:30:32,279 INFO  server.RaftServerConfigKeys (ConfUtils.java:logGet(43)) - raft.server.log.appender.install.snapshot.enabled = false (custom)
2019-07-16 14:30:32,280 INFO  impl.RaftServerImpl (ServerState.java:<init>(105)) - 5f3c4c0e-4450-4ff4-bbfd-a5f8469be034:group-F131C3C0E2EE ConfigurationManager, init=-1: [5f3c4c0e-4450-4ff4-bbfd-a5f8469be034:192.168.157.241:45859], old=null, confs=<EMPTY_MAP>
2019-07-16 14:30:32,280 INFO  server.RaftServerConfigKeys (ConfUtils.java:logGet(43)) - raft.server.storage.dir = [/workdir/hadoop-ozone/integration-test/target/test-dir/MiniOzoneClusterImpl-1371a592-ac7f-4000-a7db-a34d70e9878b/datanode-2/data/ratis] (custom)
2019-07-16 14:30:32,280 INFO  storage.RaftStorageDirectory (RaftStorageDirectory.java:analyzeStorage(246)) - The storage directory /workdir/hadoop-ozone/integration-test/target/test-dir/MiniOzoneClusterImpl-1371a592-ac7f-4000-a7db-a34d70e9878b/datanode-2/data/ratis/96854525-aa4e-4903-9855-f131c3c0e2ee does not exist. Creating ...
2019-07-16 14:30:32,293 INFO  storage.RaftStorageDirectory (RaftStorageDirectory.java:tryLock(328)) - Lock on /workdir/hadoop-ozone/integration-test/target/test-dir/MiniOzoneClusterImpl-1371a592-ac7f-4000-a7db-a34d70e9878b/datanode-2/data/ratis/96854525-aa4e-4903-9855-f131c3c0e2ee/in_use.lock acquired by nodename 23803@trunk-nightly-gllmw-2332419065
2019-07-16 14:30:32,307 INFO  storage.RaftStorage (RaftStorage.java:format(72)) - Storage directory /workdir/hadoop-ozone/integration-test/target/test-dir/MiniOzoneClusterImpl-1371a592-ac7f-4000-a7db-a34d70e9878b/datanode-2/data/ratis/96854525-aa4e-4903-9855-f131c3c0e2ee has been successfully formatted.
2019-07-16 14:30:32,307 INFO  ratis.ContainerStateMachine (ContainerStateMachine.java:loadSnapshot(200)) - group-F131C3C0E2EE: The snapshot info is null. Setting the last applied indexto:(t:0, i:~)
2019-07-16 14:30:32,308 INFO  server.RaftServerConfigKeys (ConfUtils.java:logGet(43)) - raft.server.leader.election.timeout = 120s (custom)
2019-07-16 14:30:32,308 INFO  server.RaftServerConfigKeys (ConfUtils.java:logGet(43)) - raft.server.log.use.memory = false (default)
2019-07-16 14:30:32,308 INFO  server.RaftServerConfigKeys (ConfUtils.java:logGet(43)) - raft.server.log.purge.gap = 1000000000 (custom)
2019-07-16 14:30:32,308 INFO  server.RaftServerConfigKeys (ConfUtils.java:logGet(43)) - raft.server.log.appender.buffer.byte-limit = 33554432 (custom)
2019-07-16 14:30:32,308 INFO  server.RaftServerConfigKeys (ConfUtils.java:logGet(43)) - raft.server.log.segment.size.max = 1048576 (custom)
2019-07-16 14:30:32,308 INFO  server.RaftServerConfigKeys (ConfUtils.java:logGet(43)) - raft.server.log.segment.cache.num.max = 2 (custom)
2019-07-16 14:30:32,308 INFO  segmented.SegmentedRaftLogWorker (SegmentedRaftLogWorker.java:<init>(172)) - new 5f3c4c0e-4450-4ff4-bbfd-a5f8469be034-SegmentedRaftLogWorker:Storage Directory /workdir/hadoop-ozone/integration-test/target/test-dir/MiniOzoneClusterImpl-1371a592-ac7f-4000-a7db-a34d70e9878b/datanode-2/data/ratis/96854525-aa4e-4903-9855-f131c3c0e2ee for RaftStorage:Storage Directory /workdir/hadoop-ozone/integration-test/target/test-dir/MiniOzoneClusterImpl-1371a592-ac7f-4000-a7db-a34d70e9878b/datanode-2/data/ratis/96854525-aa4e-4903-9855-f131c3c0e2ee
2019-07-16 14:30:32,309 INFO  server.RaftServerConfigKeys (ConfUtils.java:logGet(43)) - raft.server.log.queue.byte-limit = 2147483647 (custom)
2019-07-16 14:30:32,309 INFO  server.RaftServerConfigKeys (ConfUtils.java:logGet(43)) - raft.server.log.queue.element-limit = 1024 (custom)
2019-07-16 14:30:32,309 INFO  server.RaftServerConfigKeys (ConfUtils.java:logGet(43)) - raft.server.log.segment.size.max = 1048576 (custom)
2019-07-16 14:30:32,309 INFO  server.RaftServerConfigKeys (ConfUtils.java:logGet(43)) - raft.server.log.preallocated.size = 16384 (custom)
2019-07-16 14:30:32,309 INFO  server.RaftServerConfigKeys (ConfUtils.java:logGet(43)) - raft.server.log.write.buffer.size = 33554432 (custom)
2019-07-16 14:30:32,309 INFO  server.RaftServerConfigKeys (ConfUtils.java:logGet(43)) - raft.server.log.force.sync.num = 128 (default)
2019-07-16 14:30:32,310 INFO  server.RaftServerConfigKeys (ConfUtils.java:logGet(43)) - raft.server.log.statemachine.data.sync = true (default)
2019-07-16 14:30:32,310 INFO  server.RaftServerConfigKeys (ConfUtils.java:logGet(43)) - raft.server.log.statemachine.data.sync.timeout = 10s (default)
2019-07-16 14:30:32,310 INFO  server.RaftServerConfigKeys (ConfUtils.java:logGet(43)) - raft.server.log.statemachine.data.sync.timeout.retry = -1 (default)
2019-07-16 14:30:32,310 INFO  server.RaftServerConfigKeys (ConfUtils.java:logGet(43)) - raft.server.log.statemachine.data.caching.enabled = true (custom)
2019-07-16 14:30:32,310 INFO  segmented.SegmentedRaftLogWorker (SegmentedRaftLogWorker.java:lambda$new$0(132)) - 5f3c4c0e-4450-4ff4-bbfd-a5f8469be034-SegmentedRaftLogWorker:Storage Directory /workdir/hadoop-ozone/integration-test/target/test-dir/MiniOzoneClusterImpl-1371a592-ac7f-4000-a7db-a34d70e9878b/datanode-2/data/ratis/96854525-aa4e-4903-9855-f131c3c0e2ee: flushIndex: setUnconditionally 0 -> -1
2019-07-16 14:30:32,311 INFO  server.RaftServerConfigKeys (ConfUtils.java:logGet(43)) - raft.server.snapshot.auto.trigger.enabled = true (custom)
2019-07-16 14:30:32,311 INFO  server.RaftServerConfigKeys (ConfUtils.java:logGet(43)) - raft.server.snapshot.auto.trigger.threshold = 10000 (custom)
2019-07-16 14:30:32,311 INFO  server.RaftServerConfigKeys (ConfUtils.java:logGet(43)) - raft.server.retrycache.expirytime = 600000ms (custom)
2019-07-16 14:30:32,311 INFO  impl.RaftServerImpl (RaftServerImpl.java:start(180)) - 5f3c4c0e-4450-4ff4-bbfd-a5f8469be034: start group-F131C3C0E2EE
2019-07-16 14:30:32,311 INFO  impl.RaftServerImpl (RaftServerImpl.java:setRole(171)) - 5f3c4c0e-4450-4ff4-bbfd-a5f8469be034:group-F131C3C0E2EE changes role from null to FOLLOWER at term 0 for startAsFollower
2019-07-16 14:30:32,312 INFO  impl.RoleInfo (RoleInfo.java:updateAndGet(143)) - 5f3c4c0e-4450-4ff4-bbfd-a5f8469be034: start FollowerState
2019-07-16 14:30:32,312 INFO  util.JmxRegister (JmxRegister.java:tryRegister(44)) - Successfully registered JMX Bean with object name Ratis:service=RaftServer,group=group-F131C3C0E2EE,id=5f3c4c0e-4450-4ff4-bbfd-a5f8469be034
2019-07-16 14:30:32,317 INFO  pipeline.PipelineStateManager (PipelineStateManager.java:addPipeline(56)) - Created pipeline Pipeline[ Id: 96854525-aa4e-4903-9855-f131c3c0e2ee, Nodes: 5f3c4c0e-4450-4ff4-bbfd-a5f8469be034{ip: 192.168.157.241, host: trunk-nightly-gllmw-2332419065, networkLocation: /default-rack, certSerialId: null}, Type:RATIS, Factor:ONE, State:OPEN]
2019-07-16 14:30:32,330 INFO  impl.RaftServerProxy (RaftServerProxy.java:addNew(89)) - 6d697e13-9497-4e0d-8bcc-f472359aeea0: addNew group-18E36F9A07A1:[5f3c4c0e-4450-4ff4-bbfd-a5f8469be034:192.168.157.241:45859, 6d697e13-9497-4e0d-8bcc-f472359aeea0:192.168.157.241:39692, 2475e664-3ed4-4fb1-9b43-2d8849b7953b:192.168.157.241:44425] returns group-18E36F9A07A1:java.util.concurrent.CompletableFuture@384b68a5[Not completed]
2019-07-16 14:30:32,330 INFO  impl.RaftServerProxy (RaftServerProxy.java:addNew(89)) - 2475e664-3ed4-4fb1-9b43-2d8849b7953b: addNew group-18E36F9A07A1:[5f3c4c0e-4450-4ff4-bbfd-a5f8469be034:192.168.157.241:45859, 6d697e13-9497-4e0d-8bcc-f472359aeea0:192.168.157.241:39692, 2475e664-3ed4-4fb1-9b43-2d8849b7953b:192.168.157.241:44425] returns group-18E36F9A07A1:java.util.concurrent.CompletableFuture@6e80345b[Not completed]
2019-07-16 14:30:32,331 INFO  impl.RaftServerImpl (RaftServerImpl.java:<init>(93)) - 6d697e13-9497-4e0d-8bcc-f472359aeea0: new RaftServerImpl for group-18E36F9A07A1:[5f3c4c0e-4450-4ff4-bbfd-a5f8469be034:192.168.157.241:45859, 6d697e13-9497-4e0d-8bcc-f472359aeea0:192.168.157.241:39692, 2475e664-3ed4-4fb1-9b43-2d8849b7953b:192.168.157.241:44425] with ContainerStateMachine:uninitialized
2019-07-16 14:30:32,331 INFO  impl.RaftServerProxy (RaftServerProxy.java:addNew(89)) - 5f3c4c0e-4450-4ff4-bbfd-a5f8469be034: addNew group-18E36F9A07A1:[5f3c4c0e-4450-4ff4-bbfd-a5f8469be034:192.168.157.241:45859, 6d697e13-9497-4e0d-8bcc-f472359aeea0:192.168.157.241:39692, 2475e664-3ed4-4fb1-9b43-2d8849b7953b:192.168.157.241:44425] returns group-18E36F9A07A1:java.util.concurrent.CompletableFuture@4ae76dc[Not completed]
2019-07-16 14:30:32,331 INFO  server.RaftServerConfigKeys (ConfUtils.java:logGet(43)) - raft.server.rpc.timeout.min = 5s (custom)
2019-07-16 14:30:32,331 INFO  impl.RaftServerImpl (RaftServerImpl.java:<init>(93)) - 2475e664-3ed4-4fb1-9b43-2d8849b7953b: new RaftServerImpl for group-18E36F9A07A1:[5f3c4c0e-4450-4ff4-bbfd-a5f8469be034:192.168.157.241:45859, 6d697e13-9497-4e0d-8bcc-f472359aeea0:192.168.157.241:39692, 2475e664-3ed4-4fb1-9b43-2d8849b7953b:192.168.157.241:44425] with ContainerStateMachine:uninitialized
2019-07-16 14:30:32,331 INFO  server.RaftServerConfigKeys (ConfUtils.java:logGet(43)) - raft.server.rpc.timeout.max = 5200ms (custom)
2019-07-16 14:30:32,331 INFO  server.RaftServerConfigKeys (ConfUtils.java:logGet(43)) - raft.server.rpc.timeout.min = 5s (custom)
2019-07-16 14:30:32,332 INFO  impl.RaftServerImpl (RaftServerImpl.java:<init>(93)) - 5f3c4c0e-4450-4ff4-bbfd-a5f8469be034: new RaftServerImpl for group-18E36F9A07A1:[5f3c4c0e-4450-4ff4-bbfd-a5f8469be034:192.168.157.241:45859, 6d697e13-9497-4e0d-8bcc-f472359aeea0:192.168.157.241:39692, 2475e664-3ed4-4fb1-9b43-2d8849b7953b:192.168.157.241:44425] with ContainerStateMachine:uninitialized
2019-07-16 14:30:32,331 INFO  server.RaftServerConfigKeys (ConfUtils.java:logGet(43)) - raft.server.rpcslowness.timeout = 120s (custom)
2019-07-16 14:30:32,332 INFO  server.RaftServerConfigKeys (ConfUtils.java:logGet(43)) - raft.server.rpc.timeout.min = 5s (custom)
2019-07-16 14:30:32,332 INFO  server.RaftServerConfigKeys (ConfUtils.java:logGet(43)) - raft.server.rpc.timeout.max = 5200ms (custom)
2019-07-16 14:30:32,332 INFO  server.RaftServerConfigKeys (ConfUtils.java:logGet(43)) - raft.server.rpc.timeout.max = 5200ms (custom)
2019-07-16 14:30:32,332 INFO  server.RaftServerConfigKeys (ConfUtils.java:logGet(43)) - raft.server.rpcslowness.timeout = 120s (custom)
2019-07-16 14:30:32,332 INFO  server.RaftServerConfigKeys (ConfUtils.java:logGet(43)) - raft.server.sleep.deviation.threshold = 300 (default)
2019-07-16 14:30:32,332 INFO  server.RaftServerConfigKeys (ConfUtils.java:logGet(43)) - raft.server.sleep.deviation.threshold = 300 (default)
2019-07-16 14:30:32,333 INFO  server.RaftServerConfigKeys (ConfUtils.java:logGet(43)) - raft.server.log.appender.install.snapshot.enabled = false (custom)
2019-07-16 14:30:32,332 INFO  server.RaftServerConfigKeys (ConfUtils.java:logGet(43)) - raft.server.rpcslowness.timeout = 120s (custom)
2019-07-16 14:30:32,333 INFO  impl.RaftServerImpl (ServerState.java:<init>(105)) - 5f3c4c0e-4450-4ff4-bbfd-a5f8469be034:group-18E36F9A07A1 ConfigurationManager, init=-1: [5f3c4c0e-4450-4ff4-bbfd-a5f8469be034:192.168.157.241:45859, 6d697e13-9497-4e0d-8bcc-f472359aeea0:192.168.157.241:39692, 2475e664-3ed4-4fb1-9b43-2d8849b7953b:192.168.157.241:44425], old=null, confs=<EMPTY_MAP>
2019-07-16 14:30:32,333 INFO  server.RaftServerConfigKeys (ConfUtils.java:logGet(43)) - raft.server.log.appender.install.snapshot.enabled = false (custom)
2019-07-16 14:30:32,333 INFO  server.RaftServerConfigKeys (ConfUtils.java:logGet(43)) - raft.server.storage.dir = [/workdir/hadoop-ozone/integration-test/target/test-dir/MiniOzoneClusterImpl-1371a592-ac7f-4000-a7db-a34d70e9878b/datanode-2/data/ratis] (custom)
2019-07-16 14:30:32,333 INFO  server.RaftServerConfigKeys (ConfUtils.java:logGet(43)) - raft.server.sleep.deviation.threshold = 300 (default)
2019-07-16 14:30:32,333 INFO  impl.RaftServerImpl (ServerState.java:<init>(105)) - 6d697e13-9497-4e0d-8bcc-f472359aeea0:group-18E36F9A07A1 ConfigurationManager, init=-1: [5f3c4c0e-4450-4ff4-bbfd-a5f8469be034:192.168.157.241:45859, 6d697e13-9497-4e0d-8bcc-f472359aeea0:192.168.157.241:39692, 2475e664-3ed4-4fb1-9b43-2d8849b7953b:192.168.157.241:44425], old=null, confs=<EMPTY_MAP>
2019-07-16 14:30:32,334 INFO  storage.RaftStorageDirectory (RaftStorageDirectory.java:analyzeStorage(246)) - The storage directory /workdir/hadoop-ozone/integration-test/target/test-dir/MiniOzoneClusterImpl-1371a592-ac7f-4000-a7db-a34d70e9878b/datanode-2/data/ratis/877f8f51-b837-4487-a876-18e36f9a07a1 does not exist. Creating ...
2019-07-16 14:30:32,334 INFO  server.RaftServerConfigKeys (ConfUtils.java:logGet(43)) - raft.server.log.appender.install.snapshot.enabled = false (custom)
2019-07-16 14:30:32,334 INFO  server.RaftServerConfigKeys (ConfUtils.java:logGet(43)) - raft.server.storage.dir = [/workdir/hadoop-ozone/integration-test/target/test-dir/MiniOzoneClusterImpl-1371a592-ac7f-4000-a7db-a34d70e9878b/datanode-1/data/ratis] (custom)
2019-07-16 14:30:32,334 INFO  impl.RaftServerImpl (ServerState.java:<init>(105)) - 2475e664-3ed4-4fb1-9b43-2d8849b7953b:group-18E36F9A07A1 ConfigurationManager, init=-1: [5f3c4c0e-4450-4ff4-bbfd-a5f8469be034:192.168.157.241:45859, 6d697e13-9497-4e0d-8bcc-f472359aeea0:192.168.157.241:39692, 2475e664-3ed4-4fb1-9b43-2d8849b7953b:192.168.157.241:44425], old=null, confs=<EMPTY_MAP>
2019-07-16 14:30:32,334 INFO  server.RaftServerConfigKeys (ConfUtils.java:logGet(43)) - raft.server.storage.dir = [/workdir/hadoop-ozone/integration-test/target/test-dir/MiniOzoneClusterImpl-1371a592-ac7f-4000-a7db-a34d70e9878b/datanode-0/data/ratis] (custom)
2019-07-16 14:30:32,335 INFO  storage.RaftStorageDirectory (RaftStorageDirectory.java:analyzeStorage(246)) - The storage directory /workdir/hadoop-ozone/integration-test/target/test-dir/MiniOzoneClusterImpl-1371a592-ac7f-4000-a7db-a34d70e9878b/datanode-1/data/ratis/877f8f51-b837-4487-a876-18e36f9a07a1 does not exist. Creating ...
2019-07-16 14:30:32,335 INFO  storage.RaftStorageDirectory (RaftStorageDirectory.java:analyzeStorage(246)) - The storage directory /workdir/hadoop-ozone/integration-test/target/test-dir/MiniOzoneClusterImpl-1371a592-ac7f-4000-a7db-a34d70e9878b/datanode-0/data/ratis/877f8f51-b837-4487-a876-18e36f9a07a1 does not exist. Creating ...
2019-07-16 14:30:32,347 INFO  storage.RaftStorageDirectory (RaftStorageDirectory.java:tryLock(328)) - Lock on /workdir/hadoop-ozone/integration-test/target/test-dir/MiniOzoneClusterImpl-1371a592-ac7f-4000-a7db-a34d70e9878b/datanode-2/data/ratis/877f8f51-b837-4487-a876-18e36f9a07a1/in_use.lock acquired by nodename 23803@trunk-nightly-gllmw-2332419065
2019-07-16 14:30:32,347 INFO  storage.RaftStorageDirectory (RaftStorageDirectory.java:tryLock(328)) - Lock on /workdir/hadoop-ozone/integration-test/target/test-dir/MiniOzoneClusterImpl-1371a592-ac7f-4000-a7db-a34d70e9878b/datanode-0/data/ratis/877f8f51-b837-4487-a876-18e36f9a07a1/in_use.lock acquired by nodename 23803@trunk-nightly-gllmw-2332419065
2019-07-16 14:30:32,347 INFO  storage.RaftStorageDirectory (RaftStorageDirectory.java:tryLock(328)) - Lock on /workdir/hadoop-ozone/integration-test/target/test-dir/MiniOzoneClusterImpl-1371a592-ac7f-4000-a7db-a34d70e9878b/datanode-1/data/ratis/877f8f51-b837-4487-a876-18e36f9a07a1/in_use.lock acquired by nodename 23803@trunk-nightly-gllmw-2332419065
2019-07-16 14:30:32,361 INFO  storage.RaftStorage (RaftStorage.java:format(72)) - Storage directory /workdir/hadoop-ozone/integration-test/target/test-dir/MiniOzoneClusterImpl-1371a592-ac7f-4000-a7db-a34d70e9878b/datanode-2/data/ratis/877f8f51-b837-4487-a876-18e36f9a07a1 has been successfully formatted.
2019-07-16 14:30:32,361 INFO  storage.RaftStorage (RaftStorage.java:format(72)) - Storage directory /workdir/hadoop-ozone/integration-test/target/test-dir/MiniOzoneClusterImpl-1371a592-ac7f-4000-a7db-a34d70e9878b/datanode-1/data/ratis/877f8f51-b837-4487-a876-18e36f9a07a1 has been successfully formatted.
2019-07-16 14:30:32,361 INFO  storage.RaftStorage (RaftStorage.java:format(72)) - Storage directory /workdir/hadoop-ozone/integration-test/target/test-dir/MiniOzoneClusterImpl-1371a592-ac7f-4000-a7db-a34d70e9878b/datanode-0/data/ratis/877f8f51-b837-4487-a876-18e36f9a07a1 has been successfully formatted.
2019-07-16 14:30:32,361 INFO  ratis.ContainerStateMachine (ContainerStateMachine.java:loadSnapshot(200)) - group-18E36F9A07A1: The snapshot info is null. Setting the last applied indexto:(t:0, i:~)
2019-07-16 14:30:32,361 INFO  ratis.ContainerStateMachine (ContainerStateMachine.java:loadSnapshot(200)) - group-18E36F9A07A1: The snapshot info is null. Setting the last applied indexto:(t:0, i:~)
2019-07-16 14:30:32,362 INFO  server.RaftServerConfigKeys (ConfUtils.java:logGet(43)) - raft.server.leader.election.timeout = 120s (custom)
2019-07-16 14:30:32,362 INFO  ratis.ContainerStateMachine (ContainerStateMachine.java:loadSnapshot(200)) - group-18E36F9A07A1: The snapshot info is null. Setting the last applied indexto:(t:0, i:~)
2019-07-16 14:30:32,362 INFO  server.RaftServerConfigKeys (ConfUtils.java:logGet(43)) - raft.server.log.use.memory = false (default)
2019-07-16 14:30:32,362 INFO  server.RaftServerConfigKeys (ConfUtils.java:logGet(43)) - raft.server.leader.election.timeout = 120s (custom)
2019-07-16 14:30:32,362 INFO  server.RaftServerConfigKeys (ConfUtils.java:logGet(43)) - raft.server.log.purge.gap = 1000000000 (custom)
2019-07-16 14:30:32,363 INFO  server.RaftServerConfigKeys (ConfUtils.java:logGet(43)) - raft.server.log.appender.buffer.byte-limit = 33554432 (custom)
2019-07-16 14:30:32,362 INFO  server.RaftServerConfigKeys (ConfUtils.java:logGet(43)) - raft.server.leader.election.timeout = 120s (custom)
2019-07-16 14:30:32,363 INFO  server.RaftServerConfigKeys (ConfUtils.java:logGet(43)) - raft.server.log.segment.size.max = 1048576 (custom)
2019-07-16 14:30:32,362 INFO  server.RaftServerConfigKeys (ConfUtils.java:logGet(43)) - raft.server.log.use.memory = false (default)
2019-07-16 14:30:32,363 INFO  server.RaftServerConfigKeys (ConfUtils.java:logGet(43)) - raft.server.log.segment.cache.num.max = 2 (custom)
2019-07-16 14:30:32,363 INFO  server.RaftServerConfigKeys (ConfUtils.java:logGet(43)) - raft.server.log.use.memory = false (default)
2019-07-16 14:30:32,363 INFO  segmented.SegmentedRaftLogWorker (SegmentedRaftLogWorker.java:<init>(172)) - new 6d697e13-9497-4e0d-8bcc-f472359aeea0-SegmentedRaftLogWorker:Storage Directory /workdir/hadoop-ozone/integration-test/target/test-dir/MiniOzoneClusterImpl-1371a592-ac7f-4000-a7db-a34d70e9878b/datanode-1/data/ratis/877f8f51-b837-4487-a876-18e36f9a07a1 for RaftStorage:Storage Directory /workdir/hadoop-ozone/integration-test/target/test-dir/MiniOzoneClusterImpl-1371a592-ac7f-4000-a7db-a34d70e9878b/datanode-1/data/ratis/877f8f51-b837-4487-a876-18e36f9a07a1
2019-07-16 14:30:32,364 INFO  server.RaftServerConfigKeys (ConfUtils.java:logGet(43)) - raft.server.log.queue.byte-limit = 2147483647 (custom)
2019-07-16 14:30:32,363 INFO  server.RaftServerConfigKeys (ConfUtils.java:logGet(43)) - raft.server.log.purge.gap = 1000000000 (custom)
2019-07-16 14:30:32,364 INFO  server.RaftServerConfigKeys (ConfUtils.java:logGet(43)) - raft.server.log.queue.element-limit = 1024 (custom)
2019-07-16 14:30:32,364 INFO  server.RaftServerConfigKeys (ConfUtils.java:logGet(43)) - raft.server.log.purge.gap = 1000000000 (custom)
2019-07-16 14:30:32,364 INFO  server.RaftServerConfigKeys (ConfUtils.java:logGet(43)) - raft.server.log.segment.size.max = 1048576 (custom)
2019-07-16 14:30:32,365 INFO  server.RaftServerConfigKeys (ConfUtils.java:logGet(43)) - raft.server.log.preallocated.size = 16384 (custom)
2019-07-16 14:30:32,364 INFO  server.RaftServerConfigKeys (ConfUtils.java:logGet(43)) - raft.server.log.appender.buffer.byte-limit = 33554432 (custom)
2019-07-16 14:30:32,365 INFO  server.RaftServerConfigKeys (ConfUtils.java:logGet(43)) - raft.server.log.write.buffer.size = 33554432 (custom)
2019-07-16 14:30:32,364 INFO  server.RaftServerConfigKeys (ConfUtils.java:logGet(43)) - raft.server.log.appender.buffer.byte-limit = 33554432 (custom)
2019-07-16 14:30:32,365 INFO  server.RaftServerConfigKeys (ConfUtils.java:logGet(43)) - raft.server.log.force.sync.num = 128 (default)
2019-07-16 14:30:32,365 INFO  server.RaftServerConfigKeys (ConfUtils.java:logGet(43)) - raft.server.log.segment.size.max = 1048576 (custom)
2019-07-16 14:30:32,365 INFO  server.RaftServerConfigKeys (ConfUtils.java:logGet(43)) - raft.server.log.statemachine.data.sync = true (default)
2019-07-16 14:30:32,365 INFO  server.RaftServerConfigKeys (ConfUtils.java:logGet(43)) - raft.server.log.segment.size.max = 1048576 (custom)
2019-07-16 14:30:32,366 INFO  server.RaftServerConfigKeys (ConfUtils.java:logGet(43)) - raft.server.log.statemachine.data.sync.timeout = 10s (default)
2019-07-16 14:30:32,365 INFO  server.RaftServerConfigKeys (ConfUtils.java:logGet(43)) - raft.server.log.segment.cache.num.max = 2 (custom)
2019-07-16 14:30:32,366 INFO  server.RaftServerConfigKeys (ConfUtils.java:logGet(43)) - raft.server.log.statemachine.data.sync.timeout.retry = -1 (default)
2019-07-16 14:30:32,366 INFO  server.RaftServerConfigKeys (ConfUtils.java:logGet(43)) - raft.server.log.segment.cache.num.max = 2 (custom)
2019-07-16 14:30:32,366 INFO  server.RaftServerConfigKeys (ConfUtils.java:logGet(43)) - raft.server.log.statemachine.data.caching.enabled = true (custom)
2019-07-16 14:30:32,366 INFO  segmented.SegmentedRaftLogWorker (SegmentedRaftLogWorker.java:<init>(172)) - new 5f3c4c0e-4450-4ff4-bbfd-a5f8469be034-SegmentedRaftLogWorker:Storage Directory /workdir/hadoop-ozone/integration-test/target/test-dir/MiniOzoneClusterImpl-1371a592-ac7f-4000-a7db-a34d70e9878b/datanode-2/data/ratis/877f8f51-b837-4487-a876-18e36f9a07a1 for RaftStorage:Storage Directory /workdir/hadoop-ozone/integration-test/target/test-dir/MiniOzoneClusterImpl-1371a592-ac7f-4000-a7db-a34d70e9878b/datanode-2/data/ratis/877f8f51-b837-4487-a876-18e36f9a07a1
2019-07-16 14:30:32,367 INFO  segmented.SegmentedRaftLogWorker (SegmentedRaftLogWorker.java:lambda$new$0(132)) - 6d697e13-9497-4e0d-8bcc-f472359aeea0-SegmentedRaftLogWorker:Storage Directory /workdir/hadoop-ozone/integration-test/target/test-dir/MiniOzoneClusterImpl-1371a592-ac7f-4000-a7db-a34d70e9878b/datanode-1/data/ratis/877f8f51-b837-4487-a876-18e36f9a07a1: flushIndex: setUnconditionally 0 -> -1
2019-07-16 14:30:32,366 INFO  segmented.SegmentedRaftLogWorker (SegmentedRaftLogWorker.java:<init>(172)) - new 2475e664-3ed4-4fb1-9b43-2d8849b7953b-SegmentedRaftLogWorker:Storage Directory /workdir/hadoop-ozone/integration-test/target/test-dir/MiniOzoneClusterImpl-1371a592-ac7f-4000-a7db-a34d70e9878b/datanode-0/data/ratis/877f8f51-b837-4487-a876-18e36f9a07a1 for RaftStorage:Storage Directory /workdir/hadoop-ozone/integration-test/target/test-dir/MiniOzoneClusterImpl-1371a592-ac7f-4000-a7db-a34d70e9878b/datanode-0/data/ratis/877f8f51-b837-4487-a876-18e36f9a07a1
2019-07-16 14:30:32,367 INFO  server.RaftServerConfigKeys (ConfUtils.java:logGet(43)) - raft.server.log.queue.byte-limit = 2147483647 (custom)
2019-07-16 14:30:32,367 INFO  server.RaftServerConfigKeys (ConfUtils.java:logGet(43)) - raft.server.log.queue.byte-limit = 2147483647 (custom)
2019-07-16 14:30:32,367 INFO  server.RaftServerConfigKeys (ConfUtils.java:logGet(43)) - raft.server.snapshot.auto.trigger.enabled = true (custom)
2019-07-16 14:30:32,367 INFO  server.RaftServerConfigKeys (ConfUtils.java:logGet(43)) - raft.server.log.queue.element-limit = 1024 (custom)
2019-07-16 14:30:32,367 INFO  server.RaftServerConfigKeys (ConfUtils.java:logGet(43)) - raft.server.log.queue.element-limit = 1024 (custom)
2019-07-16 14:30:32,368 INFO  server.RaftServerConfigKeys (ConfUtils.java:logGet(43)) - raft.server.log.segment.size.max = 1048576 (custom)
2019-07-16 14:30:32,368 INFO  server.RaftServerConfigKeys (ConfUtils.java:logGet(43)) - raft.server.snapshot.auto.trigger.threshold = 10000 (custom)
2019-07-16 14:30:32,368 INFO  server.RaftServerConfigKeys (ConfUtils.java:logGet(43)) - raft.server.log.preallocated.size = 16384 (custom)
2019-07-16 14:30:32,368 INFO  server.RaftServerConfigKeys (ConfUtils.java:logGet(43)) - raft.server.log.segment.size.max = 1048576 (custom)
2019-07-16 14:30:32,368 INFO  server.RaftServerConfigKeys (ConfUtils.java:logGet(43)) - raft.server.log.write.buffer.size = 33554432 (custom)
2019-07-16 14:30:32,369 INFO  server.RaftServerConfigKeys (ConfUtils.java:logGet(43)) - raft.server.log.force.sync.num = 128 (default)
2019-07-16 14:30:32,368 INFO  server.RaftServerConfigKeys (ConfUtils.java:logGet(43)) - raft.server.retrycache.expirytime = 600000ms (custom)
2019-07-16 14:30:32,369 INFO  server.RaftServerConfigKeys (ConfUtils.java:logGet(43)) - raft.server.log.statemachine.data.sync = true (default)
2019-07-16 14:30:32,368 INFO  server.RaftServerConfigKeys (ConfUtils.java:logGet(43)) - raft.server.log.preallocated.size = 16384 (custom)
2019-07-16 14:30:32,369 INFO  server.RaftServerConfigKeys (ConfUtils.java:logGet(43)) - raft.server.log.statemachine.data.sync.timeout = 10s (default)
2019-07-16 14:30:32,369 INFO  impl.RaftServerImpl (RaftServerImpl.java:start(180)) - 6d697e13-9497-4e0d-8bcc-f472359aeea0: start group-18E36F9A07A1
2019-07-16 14:30:32,369 INFO  server.RaftServerConfigKeys (ConfUtils.java:logGet(43)) - raft.server.log.statemachine.data.sync.timeout.retry = -1 (default)
2019-07-16 14:30:32,369 INFO  server.RaftServerConfigKeys (ConfUtils.java:logGet(43)) - raft.server.log.write.buffer.size = 33554432 (custom)
2019-07-16 14:30:32,370 INFO  server.RaftServerConfigKeys (ConfUtils.java:logGet(43)) - raft.server.log.statemachine.data.caching.enabled = true (custom)
2019-07-16 14:30:32,369 INFO  impl.RaftServerImpl (RaftServerImpl.java:setRole(171)) - 6d697e13-9497-4e0d-8bcc-f472359aeea0:group-18E36F9A07A1 changes role from null to FOLLOWER at term 0 for startAsFollower
2019-07-16 14:30:32,370 INFO  server.RaftServerConfigKeys (ConfUtils.java:logGet(43)) - raft.server.log.force.sync.num = 128 (default)
2019-07-16 14:30:32,370 INFO  segmented.SegmentedRaftLogWorker (SegmentedRaftLogWorker.java:lambda$new$0(132)) - 2475e664-3ed4-4fb1-9b43-2d8849b7953b-SegmentedRaftLogWorker:Storage Directory /workdir/hadoop-ozone/integration-test/target/test-dir/MiniOzoneClusterImpl-1371a592-ac7f-4000-a7db-a34d70e9878b/datanode-0/data/ratis/877f8f51-b837-4487-a876-18e36f9a07a1: flushIndex: setUnconditionally 0 -> -1
2019-07-16 14:30:32,370 INFO  impl.RoleInfo (RoleInfo.java:updateAndGet(143)) - 6d697e13-9497-4e0d-8bcc-f472359aeea0: start FollowerState
2019-07-16 14:30:32,370 INFO  server.RaftServerConfigKeys (ConfUtils.java:logGet(43)) - raft.server.log.statemachine.data.sync = true (default)
2019-07-16 14:30:32,371 INFO  server.RaftServerConfigKeys (ConfUtils.java:logGet(43)) - raft.server.snapshot.auto.trigger.enabled = true (custom)
2019-07-16 14:30:32,371 INFO  server.RaftServerConfigKeys (ConfUtils.java:logGet(43)) - raft.server.log.statemachine.data.sync.timeout = 10s (default)
2019-07-16 14:30:32,371 INFO  util.JmxRegister (JmxRegister.java:tryRegister(44)) - Successfully registered JMX Bean with object name Ratis:service=RaftServer,group=group-18E36F9A07A1,id=6d697e13-9497-4e0d-8bcc-f472359aeea0
2019-07-16 14:30:32,371 INFO  server.RaftServerConfigKeys (ConfUtils.java:logGet(43)) - raft.server.snapshot.auto.trigger.threshold = 10000 (custom)
2019-07-16 14:30:32,371 INFO  server.RaftServerConfigKeys (ConfUtils.java:logGet(43)) - raft.server.log.statemachine.data.sync.timeout.retry = -1 (default)
2019-07-16 14:30:32,371 INFO  server.RaftServerConfigKeys (ConfUtils.java:logGet(43)) - raft.server.retrycache.expirytime = 600000ms (custom)
2019-07-16 14:30:32,372 INFO  impl.RaftServerImpl (RaftServerImpl.java:start(180)) - 2475e664-3ed4-4fb1-9b43-2d8849b7953b: start group-18E36F9A07A1
2019-07-16 14:30:32,372 INFO  server.RaftServerConfigKeys (ConfUtils.java:logGet(43)) - raft.server.log.statemachine.data.caching.enabled = true (custom)
2019-07-16 14:30:32,372 INFO  impl.RaftServerImpl (RaftServerImpl.java:setRole(171)) - 2475e664-3ed4-4fb1-9b43-2d8849b7953b:group-18E36F9A07A1 changes role from null to FOLLOWER at term 0 for startAsFollower
2019-07-16 14:30:32,372 INFO  impl.RoleInfo (RoleInfo.java:updateAndGet(143)) - 2475e664-3ed4-4fb1-9b43-2d8849b7953b: start FollowerState
2019-07-16 14:30:32,372 INFO  segmented.SegmentedRaftLogWorker (SegmentedRaftLogWorker.java:lambda$new$0(132)) - 5f3c4c0e-4450-4ff4-bbfd-a5f8469be034-SegmentedRaftLogWorker:Storage Directory /workdir/hadoop-ozone/integration-test/target/test-dir/MiniOzoneClusterImpl-1371a592-ac7f-4000-a7db-a34d70e9878b/datanode-2/data/ratis/877f8f51-b837-4487-a876-18e36f9a07a1: flushIndex: setUnconditionally 0 -> -1
2019-07-16 14:30:32,375 INFO  util.JmxRegister (JmxRegister.java:tryRegister(44)) - Successfully registered JMX Bean with object name Ratis:service=RaftServer,group=group-18E36F9A07A1,id=2475e664-3ed4-4fb1-9b43-2d8849b7953b
2019-07-16 14:30:32,375 INFO  server.RaftServerConfigKeys (ConfUtils.java:logGet(43)) - raft.server.snapshot.auto.trigger.enabled = true (custom)
2019-07-16 14:30:32,392 INFO  server.RaftServerConfigKeys (ConfUtils.java:logGet(43)) - raft.server.snapshot.auto.trigger.threshold = 10000 (custom)
2019-07-16 14:30:32,392 INFO  server.RaftServerConfigKeys (ConfUtils.java:logGet(43)) - raft.server.retrycache.expirytime = 600000ms (custom)
2019-07-16 14:30:32,392 INFO  impl.RaftServerImpl (RaftServerImpl.java:start(180)) - 5f3c4c0e-4450-4ff4-bbfd-a5f8469be034: start group-18E36F9A07A1
2019-07-16 14:30:32,392 INFO  impl.RaftServerImpl (RaftServerImpl.java:setRole(171)) - 5f3c4c0e-4450-4ff4-bbfd-a5f8469be034:group-18E36F9A07A1 changes role from null to FOLLOWER at term 0 for startAsFollower
2019-07-16 14:30:32,392 INFO  impl.RoleInfo (RoleInfo.java:updateAndGet(143)) - 5f3c4c0e-4450-4ff4-bbfd-a5f8469be034: start FollowerState
2019-07-16 14:30:32,396 INFO  util.JmxRegister (JmxRegister.java:tryRegister(44)) - Successfully registered JMX Bean with object name Ratis:service=RaftServer,group=group-18E36F9A07A1,id=5f3c4c0e-4450-4ff4-bbfd-a5f8469be034
2019-07-16 14:30:32,400 INFO  pipeline.PipelineStateManager (PipelineStateManager.java:addPipeline(56)) - Created pipeline Pipeline[ Id: 877f8f51-b837-4487-a876-18e36f9a07a1, Nodes: 2475e664-3ed4-4fb1-9b43-2d8849b7953b{ip: 192.168.157.241, host: trunk-nightly-gllmw-2332419065, networkLocation: /default-rack, certSerialId: null}6d697e13-9497-4e0d-8bcc-f472359aeea0{ip: 192.168.157.241, host: trunk-nightly-gllmw-2332419065, networkLocation: /default-rack, certSerialId: null}5f3c4c0e-4450-4ff4-bbfd-a5f8469be034{ip: 192.168.157.241, host: trunk-nightly-gllmw-2332419065, networkLocation: /default-rack, certSerialId: null}, Type:RATIS, Factor:THREE, State:OPEN]
2019-07-16 14:30:32,409 INFO  node.SCMNodeManager (SCMNodeManager.java:register(269)) - Registered Data node : 0e239eaf-b2fc-4971-ad36-a2288bdc5950{ip: 192.168.157.241, host: trunk-nightly-gllmw-2332419065, networkLocation: /default-rack, certSerialId: null}
2019-07-16 14:30:32,415 INFO  impl.RaftServerProxy (RaftServerProxy.java:addNew(89)) - 0e239eaf-b2fc-4971-ad36-a2288bdc5950: addNew group-91213C6814E0:[0e239eaf-b2fc-4971-ad36-a2288bdc5950:192.168.157.241:39168] returns group-91213C6814E0:java.util.concurrent.CompletableFuture@6bb80bae[Not completed]
2019-07-16 14:30:32,416 INFO  impl.RaftServerImpl (RaftServerImpl.java:<init>(93)) - 0e239eaf-b2fc-4971-ad36-a2288bdc5950: new RaftServerImpl for group-91213C6814E0:[0e239eaf-b2fc-4971-ad36-a2288bdc5950:192.168.157.241:39168] with ContainerStateMachine:uninitialized
2019-07-16 14:30:32,416 INFO  server.RaftServerConfigKeys (ConfUtils.java:logGet(43)) - raft.server.rpc.timeout.min = 5s (custom)
2019-07-16 14:30:32,417 INFO  server.RaftServerConfigKeys (ConfUtils.java:logGet(43)) - raft.server.rpc.timeout.max = 5200ms (custom)
2019-07-16 14:30:32,417 INFO  server.RaftServerConfigKeys (ConfUtils.java:logGet(43)) - raft.server.rpcslowness.timeout = 120s (custom)
2019-07-16 14:30:32,417 INFO  server.RaftServerConfigKeys (ConfUtils.java:logGet(43)) - raft.server.sleep.deviation.threshold = 300 (default)
2019-07-16 14:30:32,417 INFO  server.RaftServerConfigKeys (ConfUtils.java:logGet(43)) - raft.server.log.appender.install.snapshot.enabled = false (custom)
2019-07-16 14:30:32,417 INFO  impl.RaftServerImpl (ServerState.java:<init>(105)) - 0e239eaf-b2fc-4971-ad36-a2288bdc5950:group-91213C6814E0 ConfigurationManager, init=-1: [0e239eaf-b2fc-4971-ad36-a2288bdc5950:192.168.157.241:39168], old=null, confs=<EMPTY_MAP>
2019-07-16 14:30:32,417 INFO  server.RaftServerConfigKeys (ConfUtils.java:logGet(43)) - raft.server.storage.dir = [/workdir/hadoop-ozone/integration-test/target/test-dir/MiniOzoneClusterImpl-1371a592-ac7f-4000-a7db-a34d70e9878b/datanode-3/data/ratis] (custom)
2019-07-16 14:30:32,418 INFO  storage.RaftStorageDirectory (RaftStorageDirectory.java:analyzeStorage(246)) - The storage directory /workdir/hadoop-ozone/integration-test/target/test-dir/MiniOzoneClusterImpl-1371a592-ac7f-4000-a7db-a34d70e9878b/datanode-3/data/ratis/ce014869-85b6-4662-9cb5-91213c6814e0 does not exist. Creating ...
2019-07-16 14:30:32,430 INFO  storage.RaftStorageDirectory (RaftStorageDirectory.java:tryLock(328)) - Lock on /workdir/hadoop-ozone/integration-test/target/test-dir/MiniOzoneClusterImpl-1371a592-ac7f-4000-a7db-a34d70e9878b/datanode-3/data/ratis/ce014869-85b6-4662-9cb5-91213c6814e0/in_use.lock acquired by nodename 23803@trunk-nightly-gllmw-2332419065
2019-07-16 14:30:32,443 INFO  storage.RaftStorage (RaftStorage.java:format(72)) - Storage directory /workdir/hadoop-ozone/integration-test/target/test-dir/MiniOzoneClusterImpl-1371a592-ac7f-4000-a7db-a34d70e9878b/datanode-3/data/ratis/ce014869-85b6-4662-9cb5-91213c6814e0 has been successfully formatted.
2019-07-16 14:30:32,444 INFO  ratis.ContainerStateMachine (ContainerStateMachine.java:loadSnapshot(200)) - group-91213C6814E0: The snapshot info is null. Setting the last applied indexto:(t:0, i:~)
2019-07-16 14:30:32,444 INFO  server.RaftServerConfigKeys (ConfUtils.java:logGet(43)) - raft.server.leader.election.timeout = 120s (custom)
2019-07-16 14:30:32,444 INFO  server.RaftServerConfigKeys (ConfUtils.java:logGet(43)) - raft.server.log.use.memory = false (default)
2019-07-16 14:30:32,444 INFO  server.RaftServerConfigKeys (ConfUtils.java:logGet(43)) - raft.server.log.purge.gap = 1000000000 (custom)
2019-07-16 14:30:32,444 INFO  server.RaftServerConfigKeys (ConfUtils.java:logGet(43)) - raft.server.log.appender.buffer.byte-limit = 33554432 (custom)
2019-07-16 14:30:32,444 INFO  server.RaftServerConfigKeys (ConfUtils.java:logGet(43)) - raft.server.log.segment.size.max = 1048576 (custom)
2019-07-16 14:30:32,445 INFO  server.RaftServerConfigKeys (ConfUtils.java:logGet(43)) - raft.server.log.segment.cache.num.max = 2 (custom)
2019-07-16 14:30:32,445 INFO  segmented.SegmentedRaftLogWorker (SegmentedRaftLogWorker.java:<init>(172)) - new 0e239eaf-b2fc-4971-ad36-a2288bdc5950-SegmentedRaftLogWorker:Storage Directory /workdir/hadoop-ozone/integration-test/target/test-dir/MiniOzoneClusterImpl-1371a592-ac7f-4000-a7db-a34d70e9878b/datanode-3/data/ratis/ce014869-85b6-4662-9cb5-91213c6814e0 for RaftStorage:Storage Directory /workdir/hadoop-ozone/integration-test/target/test-dir/MiniOzoneClusterImpl-1371a592-ac7f-4000-a7db-a34d70e9878b/datanode-3/data/ratis/ce014869-85b6-4662-9cb5-91213c6814e0
2019-07-16 14:30:32,445 INFO  server.RaftServerConfigKeys (ConfUtils.java:logGet(43)) - raft.server.log.queue.byte-limit = 2147483647 (custom)
2019-07-16 14:30:32,445 INFO  server.RaftServerConfigKeys (ConfUtils.java:logGet(43)) - raft.server.log.queue.element-limit = 1024 (custom)
2019-07-16 14:30:32,445 INFO  server.RaftServerConfigKeys (ConfUtils.java:logGet(43)) - raft.server.log.segment.size.max = 1048576 (custom)
2019-07-16 14:30:32,445 INFO  server.RaftServerConfigKeys (ConfUtils.java:logGet(43)) - raft.server.log.preallocated.size = 16384 (custom)
2019-07-16 14:30:32,446 INFO  server.RaftServerConfigKeys (ConfUtils.java:logGet(43)) - raft.server.log.write.buffer.size = 33554432 (custom)
2019-07-16 14:30:32,446 INFO  server.RaftServerConfigKeys (ConfUtils.java:logGet(43)) - raft.server.log.force.sync.num = 128 (default)
2019-07-16 14:30:32,446 INFO  server.RaftServerConfigKeys (ConfUtils.java:logGet(43)) - raft.server.log.statemachine.data.sync = true (default)
2019-07-16 14:30:32,446 INFO  server.RaftServerConfigKeys (ConfUtils.java:logGet(43)) - raft.server.log.statemachine.data.sync.timeout = 10s (default)
2019-07-16 14:30:32,446 INFO  server.RaftServerConfigKeys (ConfUtils.java:logGet(43)) - raft.server.log.statemachine.data.sync.timeout.retry = -1 (default)
2019-07-16 14:30:32,446 INFO  server.RaftServerConfigKeys (ConfUtils.java:logGet(43)) - raft.server.log.statemachine.data.caching.enabled = true (custom)
2019-07-16 14:30:32,447 INFO  segmented.SegmentedRaftLogWorker (SegmentedRaftLogWorker.java:lambda$new$0(132)) - 0e239eaf-b2fc-4971-ad36-a2288bdc5950-SegmentedRaftLogWorker:Storage Directory /workdir/hadoop-ozone/integration-test/target/test-dir/MiniOzoneClusterImpl-1371a592-ac7f-4000-a7db-a34d70e9878b/datanode-3/data/ratis/ce014869-85b6-4662-9cb5-91213c6814e0: flushIndex: setUnconditionally 0 -> -1
2019-07-16 14:30:32,447 INFO  server.RaftServerConfigKeys (ConfUtils.java:logGet(43)) - raft.server.snapshot.auto.trigger.enabled = true (custom)
2019-07-16 14:30:32,447 INFO  server.RaftServerConfigKeys (ConfUtils.java:logGet(43)) - raft.server.snapshot.auto.trigger.threshold = 10000 (custom)
2019-07-16 14:30:32,447 INFO  server.RaftServerConfigKeys (ConfUtils.java:logGet(43)) - raft.server.retrycache.expirytime = 600000ms (custom)
2019-07-16 14:30:32,448 INFO  impl.RaftServerImpl (RaftServerImpl.java:start(180)) - 0e239eaf-b2fc-4971-ad36-a2288bdc5950: start group-91213C6814E0
2019-07-16 14:30:32,448 INFO  impl.RaftServerImpl (RaftServerImpl.java:setRole(171)) - 0e239eaf-b2fc-4971-ad36-a2288bdc5950:group-91213C6814E0 changes role from null to FOLLOWER at term 0 for startAsFollower
2019-07-16 14:30:32,448 INFO  impl.RoleInfo (RoleInfo.java:updateAndGet(143)) - 0e239eaf-b2fc-4971-ad36-a2288bdc5950: start FollowerState
2019-07-16 14:30:32,448 INFO  util.JmxRegister (JmxRegister.java:tryRegister(44)) - Successfully registered JMX Bean with object name Ratis:service=RaftServer,group=group-91213C6814E0,id=0e239eaf-b2fc-4971-ad36-a2288bdc5950
2019-07-16 14:30:32,453 INFO  pipeline.PipelineStateManager (PipelineStateManager.java:addPipeline(56)) - Created pipeline Pipeline[ Id: ce014869-85b6-4662-9cb5-91213c6814e0, Nodes: 0e239eaf-b2fc-4971-ad36-a2288bdc5950{ip: 192.168.157.241, host: trunk-nightly-gllmw-2332419065, networkLocation: /default-rack, certSerialId: null}, Type:RATIS, Factor:ONE, State:OPEN]
2019-07-16 14:30:32,547 INFO  node.SCMNodeManager (SCMNodeManager.java:register(269)) - Registered Data node : 9b40aaed-d4f3-4f9a-a195-e0f4fe665383{ip: 192.168.157.241, host: trunk-nightly-gllmw-2332419065, networkLocation: /default-rack, certSerialId: null}
2019-07-16 14:30:32,557 INFO  impl.RaftServerProxy (RaftServerProxy.java:addNew(89)) - 9b40aaed-d4f3-4f9a-a195-e0f4fe665383: addNew group-F7F8060A0441:[9b40aaed-d4f3-4f9a-a195-e0f4fe665383:192.168.157.241:41148] returns group-F7F8060A0441:java.util.concurrent.CompletableFuture@69bc8a8b[Not completed]
2019-07-16 14:30:32,558 INFO  impl.RaftServerImpl (RaftServerImpl.java:<init>(93)) - 9b40aaed-d4f3-4f9a-a195-e0f4fe665383: new RaftServerImpl for group-F7F8060A0441:[9b40aaed-d4f3-4f9a-a195-e0f4fe665383:192.168.157.241:41148] with ContainerStateMachine:uninitialized
2019-07-16 14:30:32,558 INFO  server.RaftServerConfigKeys (ConfUtils.java:logGet(43)) - raft.server.rpc.timeout.min = 5s (custom)
2019-07-16 14:30:32,558 INFO  server.RaftServerConfigKeys (ConfUtils.java:logGet(43)) - raft.server.rpc.timeout.max = 5200ms (custom)
2019-07-16 14:30:32,558 INFO  server.RaftServerConfigKeys (ConfUtils.java:logGet(43)) - raft.server.rpcslowness.timeout = 120s (custom)
2019-07-16 14:30:32,558 INFO  server.RaftServerConfigKeys (ConfUtils.java:logGet(43)) - raft.server.sleep.deviation.threshold = 300 (default)
2019-07-16 14:30:32,558 INFO  server.RaftServerConfigKeys (ConfUtils.java:logGet(43)) - raft.server.log.appender.install.snapshot.enabled = false (custom)
2019-07-16 14:30:32,559 INFO  impl.RaftServerImpl (ServerState.java:<init>(105)) - 9b40aaed-d4f3-4f9a-a195-e0f4fe665383:group-F7F8060A0441 ConfigurationManager, init=-1: [9b40aaed-d4f3-4f9a-a195-e0f4fe665383:192.168.157.241:41148], old=null, confs=<EMPTY_MAP>
2019-07-16 14:30:32,559 INFO  server.RaftServerConfigKeys (ConfUtils.java:logGet(43)) - raft.server.storage.dir = [/workdir/hadoop-ozone/integration-test/target/test-dir/MiniOzoneClusterImpl-1371a592-ac7f-4000-a7db-a34d70e9878b/datanode-4/data/ratis] (custom)
2019-07-16 14:30:32,559 INFO  storage.RaftStorageDirectory (RaftStorageDirectory.java:analyzeStorage(246)) - The storage directory /workdir/hadoop-ozone/integration-test/target/test-dir/MiniOzoneClusterImpl-1371a592-ac7f-4000-a7db-a34d70e9878b/datanode-4/data/ratis/04fe219c-a530-4fae-826f-f7f8060a0441 does not exist. Creating ...
2019-07-16 14:30:32,573 INFO  storage.RaftStorageDirectory (RaftStorageDirectory.java:tryLock(328)) - Lock on /workdir/hadoop-ozone/integration-test/target/test-dir/MiniOzoneClusterImpl-1371a592-ac7f-4000-a7db-a34d70e9878b/datanode-4/data/ratis/04fe219c-a530-4fae-826f-f7f8060a0441/in_use.lock acquired by nodename 23803@trunk-nightly-gllmw-2332419065
2019-07-16 14:30:32,586 INFO  storage.RaftStorage (RaftStorage.java:format(72)) - Storage directory /workdir/hadoop-ozone/integration-test/target/test-dir/MiniOzoneClusterImpl-1371a592-ac7f-4000-a7db-a34d70e9878b/datanode-4/data/ratis/04fe219c-a530-4fae-826f-f7f8060a0441 has been successfully formatted.
2019-07-16 14:30:32,586 INFO  ratis.ContainerStateMachine (ContainerStateMachine.java:loadSnapshot(200)) - group-F7F8060A0441: The snapshot info is null. Setting the last applied indexto:(t:0, i:~)
2019-07-16 14:30:32,586 INFO  server.RaftServerConfigKeys (ConfUtils.java:logGet(43)) - raft.server.leader.election.timeout = 120s (custom)
2019-07-16 14:30:32,586 INFO  server.RaftServerConfigKeys (ConfUtils.java:logGet(43)) - raft.server.log.use.memory = false (default)
2019-07-16 14:30:32,587 INFO  server.RaftServerConfigKeys (ConfUtils.java:logGet(43)) - raft.server.log.purge.gap = 1000000000 (custom)
2019-07-16 14:30:32,587 INFO  server.RaftServerConfigKeys (ConfUtils.java:logGet(43)) - raft.server.log.appender.buffer.byte-limit = 33554432 (custom)
2019-07-16 14:30:32,587 INFO  server.RaftServerConfigKeys (ConfUtils.java:logGet(43)) - raft.server.log.segment.size.max = 1048576 (custom)
2019-07-16 14:30:32,587 INFO  server.RaftServerConfigKeys (ConfUtils.java:logGet(43)) - raft.server.log.segment.cache.num.max = 2 (custom)
2019-07-16 14:30:32,587 INFO  segmented.SegmentedRaftLogWorker (SegmentedRaftLogWorker.java:<init>(172)) - new 9b40aaed-d4f3-4f9a-a195-e0f4fe665383-SegmentedRaftLogWorker:Storage Directory /workdir/hadoop-ozone/integration-test/target/test-dir/MiniOzoneClusterImpl-1371a592-ac7f-4000-a7db-a34d70e9878b/datanode-4/data/ratis/04fe219c-a530-4fae-826f-f7f8060a0441 for RaftStorage:Storage Directory /workdir/hadoop-ozone/integration-test/target/test-dir/MiniOzoneClusterImpl-1371a592-ac7f-4000-a7db-a34d70e9878b/datanode-4/data/ratis/04fe219c-a530-4fae-826f-f7f8060a0441
2019-07-16 14:30:32,587 INFO  server.RaftServerConfigKeys (ConfUtils.java:logGet(43)) - raft.server.log.queue.byte-limit = 2147483647 (custom)
2019-07-16 14:30:32,588 INFO  server.RaftServerConfigKeys (ConfUtils.java:logGet(43)) - raft.server.log.queue.element-limit = 1024 (custom)
2019-07-16 14:30:32,588 INFO  server.RaftServerConfigKeys (ConfUtils.java:logGet(43)) - raft.server.log.segment.size.max = 1048576 (custom)
2019-07-16 14:30:32,588 INFO  server.RaftServerConfigKeys (ConfUtils.java:logGet(43)) - raft.server.log.preallocated.size = 16384 (custom)
2019-07-16 14:30:32,588 INFO  server.RaftServerConfigKeys (ConfUtils.java:logGet(43)) - raft.server.log.write.buffer.size = 33554432 (custom)
2019-07-16 14:30:32,588 INFO  server.RaftServerConfigKeys (ConfUtils.java:logGet(43)) - raft.server.log.force.sync.num = 128 (default)
2019-07-16 14:30:32,588 INFO  server.RaftServerConfigKeys (ConfUtils.java:logGet(43)) - raft.server.log.statemachine.data.sync = true (default)
2019-07-16 14:30:32,589 INFO  server.RaftServerConfigKeys (ConfUtils.java:logGet(43)) - raft.server.log.statemachine.data.sync.timeout = 10s (default)
2019-07-16 14:30:32,589 INFO  server.RaftServerConfigKeys (ConfUtils.java:logGet(43)) - raft.server.log.statemachine.data.sync.timeout.retry = -1 (default)
2019-07-16 14:30:32,589 INFO  server.RaftServerConfigKeys (ConfUtils.java:logGet(43)) - raft.server.log.statemachine.data.caching.enabled = true (custom)
2019-07-16 14:30:32,589 INFO  segmented.SegmentedRaftLogWorker (SegmentedRaftLogWorker.java:lambda$new$0(132)) - 9b40aaed-d4f3-4f9a-a195-e0f4fe665383-SegmentedRaftLogWorker:Storage Directory /workdir/hadoop-ozone/integration-test/target/test-dir/MiniOzoneClusterImpl-1371a592-ac7f-4000-a7db-a34d70e9878b/datanode-4/data/ratis/04fe219c-a530-4fae-826f-f7f8060a0441: flushIndex: setUnconditionally 0 -> -1
2019-07-16 14:30:32,590 INFO  server.RaftServerConfigKeys (ConfUtils.java:logGet(43)) - raft.server.snapshot.auto.trigger.enabled = true (custom)
2019-07-16 14:30:32,590 INFO  server.RaftServerConfigKeys (ConfUtils.java:logGet(43)) - raft.server.snapshot.auto.trigger.threshold = 10000 (custom)
2019-07-16 14:30:32,590 INFO  server.RaftServerConfigKeys (ConfUtils.java:logGet(43)) - raft.server.retrycache.expirytime = 600000ms (custom)
2019-07-16 14:30:32,590 INFO  impl.RaftServerImpl (RaftServerImpl.java:start(180)) - 9b40aaed-d4f3-4f9a-a195-e0f4fe665383: start group-F7F8060A0441
2019-07-16 14:30:32,590 INFO  impl.RaftServerImpl (RaftServerImpl.java:setRole(171)) - 9b40aaed-d4f3-4f9a-a195-e0f4fe665383:group-F7F8060A0441 changes role from null to FOLLOWER at term 0 for startAsFollower
2019-07-16 14:30:32,590 INFO  impl.RoleInfo (RoleInfo.java:updateAndGet(143)) - 9b40aaed-d4f3-4f9a-a195-e0f4fe665383: start FollowerState
2019-07-16 14:30:32,591 INFO  util.JmxRegister (JmxRegister.java:tryRegister(44)) - Successfully registered JMX Bean with object name Ratis:service=RaftServer,group=group-F7F8060A0441,id=9b40aaed-d4f3-4f9a-a195-e0f4fe665383
2019-07-16 14:30:32,595 INFO  pipeline.PipelineStateManager (PipelineStateManager.java:addPipeline(56)) - Created pipeline Pipeline[ Id: 04fe219c-a530-4fae-826f-f7f8060a0441, Nodes: 9b40aaed-d4f3-4f9a-a195-e0f4fe665383{ip: 192.168.157.241, host: trunk-nightly-gllmw-2332419065, networkLocation: /default-rack, certSerialId: null}, Type:RATIS, Factor:ONE, State:OPEN]
2019-07-16 14:30:32,684 INFO  node.SCMNodeManager (SCMNodeManager.java:register(269)) - Registered Data node : 2bc1a797-bd7e-4c0a-a925-dbb126e19968{ip: 192.168.157.241, host: trunk-nightly-gllmw-2332419065, networkLocation: /default-rack, certSerialId: null}
2019-07-16 14:30:32,694 INFO  impl.RaftServerProxy (RaftServerProxy.java:addNew(89)) - 2bc1a797-bd7e-4c0a-a925-dbb126e19968: addNew group-5DFA92C86733:[2bc1a797-bd7e-4c0a-a925-dbb126e19968:192.168.157.241:41203] returns group-5DFA92C86733:java.util.concurrent.CompletableFuture@58000382[Not completed]
2019-07-16 14:30:32,695 INFO  impl.RaftServerImpl (RaftServerImpl.java:<init>(93)) - 2bc1a797-bd7e-4c0a-a925-dbb126e19968: new RaftServerImpl for group-5DFA92C86733:[2bc1a797-bd7e-4c0a-a925-dbb126e19968:192.168.157.241:41203] with ContainerStateMachine:uninitialized
2019-07-16 14:30:32,696 INFO  server.RaftServerConfigKeys (ConfUtils.java:logGet(43)) - raft.server.rpc.timeout.min = 5s (custom)
2019-07-16 14:30:32,696 INFO  server.RaftServerConfigKeys (ConfUtils.java:logGet(43)) - raft.server.rpc.timeout.max = 5200ms (custom)
2019-07-16 14:30:32,696 INFO  server.RaftServerConfigKeys (ConfUtils.java:logGet(43)) - raft.server.rpcslowness.timeout = 120s (custom)
2019-07-16 14:30:32,696 INFO  server.RaftServerConfigKeys (ConfUtils.java:logGet(43)) - raft.server.sleep.deviation.threshold = 300 (default)
2019-07-16 14:30:32,696 INFO  server.RaftServerConfigKeys (ConfUtils.java:logGet(43)) - raft.server.log.appender.install.snapshot.enabled = false (custom)
2019-07-16 14:30:32,696 INFO  impl.RaftServerImpl (ServerState.java:<init>(105)) - 2bc1a797-bd7e-4c0a-a925-dbb126e19968:group-5DFA92C86733 ConfigurationManager, init=-1: [2bc1a797-bd7e-4c0a-a925-dbb126e19968:192.168.157.241:41203], old=null, confs=<EMPTY_MAP>
2019-07-16 14:30:32,697 INFO  server.RaftServerConfigKeys (ConfUtils.java:logGet(43)) - raft.server.storage.dir = [/workdir/hadoop-ozone/integration-test/target/test-dir/MiniOzoneClusterImpl-1371a592-ac7f-4000-a7db-a34d70e9878b/datanode-5/data/ratis] (custom)
2019-07-16 14:30:32,697 INFO  storage.RaftStorageDirectory (RaftStorageDirectory.java:analyzeStorage(246)) - The storage directory /workdir/hadoop-ozone/integration-test/target/test-dir/MiniOzoneClusterImpl-1371a592-ac7f-4000-a7db-a34d70e9878b/datanode-5/data/ratis/18eb6a1a-fbe3-49af-b66b-5dfa92c86733 does not exist. Creating ...
2019-07-16 14:30:32,710 INFO  storage.RaftStorageDirectory (RaftStorageDirectory.java:tryLock(328)) - Lock on /workdir/hadoop-ozone/integration-test/target/test-dir/MiniOzoneClusterImpl-1371a592-ac7f-4000-a7db-a34d70e9878b/datanode-5/data/ratis/18eb6a1a-fbe3-49af-b66b-5dfa92c86733/in_use.lock acquired by nodename 23803@trunk-nightly-gllmw-2332419065
2019-07-16 14:30:32,728 INFO  storage.RaftStorage (RaftStorage.java:format(72)) - Storage directory /workdir/hadoop-ozone/integration-test/target/test-dir/MiniOzoneClusterImpl-1371a592-ac7f-4000-a7db-a34d70e9878b/datanode-5/data/ratis/18eb6a1a-fbe3-49af-b66b-5dfa92c86733 has been successfully formatted.
2019-07-16 14:30:32,728 INFO  ratis.ContainerStateMachine (ContainerStateMachine.java:loadSnapshot(200)) - group-5DFA92C86733: The snapshot info is null. Setting the last applied indexto:(t:0, i:~)
2019-07-16 14:30:32,728 INFO  server.RaftServerConfigKeys (ConfUtils.java:logGet(43)) - raft.server.leader.election.timeout = 120s (custom)
2019-07-16 14:30:32,728 INFO  server.RaftServerConfigKeys (ConfUtils.java:logGet(43)) - raft.server.log.use.memory = false (default)
2019-07-16 14:30:32,728 INFO  server.RaftServerConfigKeys (ConfUtils.java:logGet(43)) - raft.server.log.purge.gap = 1000000000 (custom)
2019-07-16 14:30:32,728 INFO  server.RaftServerConfigKeys (ConfUtils.java:logGet(43)) - raft.server.log.appender.buffer.byte-limit = 33554432 (custom)
2019-07-16 14:30:32,729 INFO  server.RaftServerConfigKeys (ConfUtils.java:logGet(43)) - raft.server.log.segment.size.max = 1048576 (custom)
2019-07-16 14:30:32,729 INFO  server.RaftServerConfigKeys (ConfUtils.java:logGet(43)) - raft.server.log.segment.cache.num.max = 2 (custom)
2019-07-16 14:30:32,729 INFO  segmented.SegmentedRaftLogWorker (SegmentedRaftLogWorker.java:<init>(172)) - new 2bc1a797-bd7e-4c0a-a925-dbb126e19968-SegmentedRaftLogWorker:Storage Directory /workdir/hadoop-ozone/integration-test/target/test-dir/MiniOzoneClusterImpl-1371a592-ac7f-4000-a7db-a34d70e9878b/datanode-5/data/ratis/18eb6a1a-fbe3-49af-b66b-5dfa92c86733 for RaftStorage:Storage Directory /workdir/hadoop-ozone/integration-test/target/test-dir/MiniOzoneClusterImpl-1371a592-ac7f-4000-a7db-a34d70e9878b/datanode-5/data/ratis/18eb6a1a-fbe3-49af-b66b-5dfa92c86733
2019-07-16 14:30:32,729 INFO  server.RaftServerConfigKeys (ConfUtils.java:logGet(43)) - raft.server.log.queue.byte-limit = 2147483647 (custom)
2019-07-16 14:30:32,729 INFO  server.RaftServerConfigKeys (ConfUtils.java:logGet(43)) - raft.server.log.queue.element-limit = 1024 (custom)
2019-07-16 14:30:32,729 INFO  server.RaftServerConfigKeys (ConfUtils.java:logGet(43)) - raft.server.log.segment.size.max = 1048576 (custom)
2019-07-16 14:30:32,730 INFO  server.RaftServerConfigKeys (ConfUtils.java:logGet(43)) - raft.server.log.preallocated.size = 16384 (custom)
2019-07-16 14:30:32,730 INFO  server.RaftServerConfigKeys (ConfUtils.java:logGet(43)) - raft.server.log.write.buffer.size = 33554432 (custom)
2019-07-16 14:30:32,730 INFO  server.RaftServerConfigKeys (ConfUtils.java:logGet(43)) - raft.server.log.force.sync.num = 128 (default)
2019-07-16 14:30:32,730 INFO  server.RaftServerConfigKeys (ConfUtils.java:logGet(43)) - raft.server.log.statemachine.data.sync = true (default)
2019-07-16 14:30:32,730 INFO  server.RaftServerConfigKeys (ConfUtils.java:logGet(43)) - raft.server.log.statemachine.data.sync.timeout = 10s (default)
2019-07-16 14:30:32,730 INFO  server.RaftServerConfigKeys (ConfUtils.java:logGet(43)) - raft.server.log.statemachine.data.sync.timeout.retry = -1 (default)
2019-07-16 14:30:32,730 INFO  server.RaftServerConfigKeys (ConfUtils.java:logGet(43)) - raft.server.log.statemachine.data.caching.enabled = true (custom)
2019-07-16 14:30:32,731 INFO  segmented.SegmentedRaftLogWorker (SegmentedRaftLogWorker.java:lambda$new$0(132)) - 2bc1a797-bd7e-4c0a-a925-dbb126e19968-SegmentedRaftLogWorker:Storage Directory /workdir/hadoop-ozone/integration-test/target/test-dir/MiniOzoneClusterImpl-1371a592-ac7f-4000-a7db-a34d70e9878b/datanode-5/data/ratis/18eb6a1a-fbe3-49af-b66b-5dfa92c86733: flushIndex: setUnconditionally 0 -> -1
2019-07-16 14:30:32,731 INFO  server.RaftServerConfigKeys (ConfUtils.java:logGet(43)) - raft.server.snapshot.auto.trigger.enabled = true (custom)
2019-07-16 14:30:32,731 INFO  server.RaftServerConfigKeys (ConfUtils.java:logGet(43)) - raft.server.snapshot.auto.trigger.threshold = 10000 (custom)
2019-07-16 14:30:32,731 INFO  server.RaftServerConfigKeys (ConfUtils.java:logGet(43)) - raft.server.retrycache.expirytime = 600000ms (custom)
2019-07-16 14:30:32,732 INFO  impl.RaftServerImpl (RaftServerImpl.java:start(180)) - 2bc1a797-bd7e-4c0a-a925-dbb126e19968: start group-5DFA92C86733
2019-07-16 14:30:32,732 INFO  impl.RaftServerImpl (RaftServerImpl.java:setRole(171)) - 2bc1a797-bd7e-4c0a-a925-dbb126e19968:group-5DFA92C86733 changes role from null to FOLLOWER at term 0 for startAsFollower
2019-07-16 14:30:32,732 INFO  impl.RoleInfo (RoleInfo.java:updateAndGet(143)) - 2bc1a797-bd7e-4c0a-a925-dbb126e19968: start FollowerState
2019-07-16 14:30:32,732 INFO  util.JmxRegister (JmxRegister.java:tryRegister(44)) - Successfully registered JMX Bean with object name Ratis:service=RaftServer,group=group-5DFA92C86733,id=2bc1a797-bd7e-4c0a-a925-dbb126e19968
2019-07-16 14:30:32,737 INFO  pipeline.PipelineStateManager (PipelineStateManager.java:addPipeline(56)) - Created pipeline Pipeline[ Id: 18eb6a1a-fbe3-49af-b66b-5dfa92c86733, Nodes: 2bc1a797-bd7e-4c0a-a925-dbb126e19968{ip: 192.168.157.241, host: trunk-nightly-gllmw-2332419065, networkLocation: /default-rack, certSerialId: null}, Type:RATIS, Factor:ONE, State:OPEN]
2019-07-16 14:30:32,750 INFO  impl.RaftServerProxy (RaftServerProxy.java:addNew(89)) - 0e239eaf-b2fc-4971-ad36-a2288bdc5950: addNew group-5DDF8641038F:[0e239eaf-b2fc-4971-ad36-a2288bdc5950:192.168.157.241:39168, 9b40aaed-d4f3-4f9a-a195-e0f4fe665383:192.168.157.241:41148, 2bc1a797-bd7e-4c0a-a925-dbb126e19968:192.168.157.241:41203] returns group-5DDF8641038F:java.util.concurrent.CompletableFuture@52771c4d[Not completed]
2019-07-16 14:30:32,750 INFO  impl.RaftServerProxy (RaftServerProxy.java:addNew(89)) - 2bc1a797-bd7e-4c0a-a925-dbb126e19968: addNew group-5DDF8641038F:[0e239eaf-b2fc-4971-ad36-a2288bdc5950:192.168.157.241:39168, 9b40aaed-d4f3-4f9a-a195-e0f4fe665383:192.168.157.241:41148, 2bc1a797-bd7e-4c0a-a925-dbb126e19968:192.168.157.241:41203] returns group-5DDF8641038F:java.util.concurrent.CompletableFuture@78e404f[Not completed]
2019-07-16 14:30:32,750 INFO  impl.RaftServerProxy (RaftServerProxy.java:addNew(89)) - 9b40aaed-d4f3-4f9a-a195-e0f4fe665383: addNew group-5DDF8641038F:[0e239eaf-b2fc-4971-ad36-a2288bdc5950:192.168.157.241:39168, 9b40aaed-d4f3-4f9a-a195-e0f4fe665383:192.168.157.241:41148, 2bc1a797-bd7e-4c0a-a925-dbb126e19968:192.168.157.241:41203] returns group-5DDF8641038F:java.util.concurrent.CompletableFuture@10107594[Not completed]
2019-07-16 14:30:32,751 INFO  impl.RaftServerImpl (RaftServerImpl.java:<init>(93)) - 0e239eaf-b2fc-4971-ad36-a2288bdc5950: new RaftServerImpl for group-5DDF8641038F:[0e239eaf-b2fc-4971-ad36-a2288bdc5950:192.168.157.241:39168, 9b40aaed-d4f3-4f9a-a195-e0f4fe665383:192.168.157.241:41148, 2bc1a797-bd7e-4c0a-a925-dbb126e19968:192.168.157.241:41203] with ContainerStateMachine:uninitialized
2019-07-16 14:30:32,751 INFO  server.RaftServerConfigKeys (ConfUtils.java:logGet(43)) - raft.server.rpc.timeout.min = 5s (custom)
2019-07-16 14:30:32,751 INFO  server.RaftServerConfigKeys (ConfUtils.java:logGet(43)) - raft.server.rpc.timeout.max = 5200ms (custom)
2019-07-16 14:30:32,751 INFO  server.RaftServerConfigKeys (ConfUtils.java:logGet(43)) - raft.server.rpcslowness.timeout = 120s (custom)
2019-07-16 14:30:32,751 INFO  impl.RaftServerImpl (RaftServerImpl.java:<init>(93)) - 9b40aaed-d4f3-4f9a-a195-e0f4fe665383: new RaftServerImpl for group-5DDF8641038F:[0e239eaf-b2fc-4971-ad36-a2288bdc5950:192.168.157.241:39168, 9b40aaed-d4f3-4f9a-a195-e0f4fe665383:192.168.157.241:41148, 2bc1a797-bd7e-4c0a-a925-dbb126e19968:192.168.157.241:41203] with ContainerStateMachine:uninitialized
2019-07-16 14:30:32,751 INFO  server.RaftServerConfigKeys (ConfUtils.java:logGet(43)) - raft.server.sleep.deviation.threshold = 300 (default)
2019-07-16 14:30:32,751 INFO  server.RaftServerConfigKeys (ConfUtils.java:logGet(43)) - raft.server.rpc.timeout.min = 5s (custom)
2019-07-16 14:30:32,752 INFO  impl.RaftServerImpl (RaftServerImpl.java:<init>(93)) - 2bc1a797-bd7e-4c0a-a925-dbb126e19968: new RaftServerImpl for group-5DDF8641038F:[0e239eaf-b2fc-4971-ad36-a2288bdc5950:192.168.157.241:39168, 9b40aaed-d4f3-4f9a-a195-e0f4fe665383:192.168.157.241:41148, 2bc1a797-bd7e-4c0a-a925-dbb126e19968:192.168.157.241:41203] with ContainerStateMachine:uninitialized
2019-07-16 14:30:32,751 INFO  server.RaftServerConfigKeys (ConfUtils.java:logGet(43)) - raft.server.log.appender.install.snapshot.enabled = false (custom)
2019-07-16 14:30:32,752 INFO  server.RaftServerConfigKeys (ConfUtils.java:logGet(43)) - raft.server.rpc.timeout.min = 5s (custom)
2019-07-16 14:30:32,752 INFO  server.RaftServerConfigKeys (ConfUtils.java:logGet(43)) - raft.server.rpc.timeout.max = 5200ms (custom)
2019-07-16 14:30:32,752 INFO  server.RaftServerConfigKeys (ConfUtils.java:logGet(43)) - raft.server.rpc.timeout.max = 5200ms (custom)
2019-07-16 14:30:32,752 INFO  impl.RaftServerImpl (ServerState.java:<init>(105)) - 0e239eaf-b2fc-4971-ad36-a2288bdc5950:group-5DDF8641038F ConfigurationManager, init=-1: [0e239eaf-b2fc-4971-ad36-a2288bdc5950:192.168.157.241:39168, 9b40aaed-d4f3-4f9a-a195-e0f4fe665383:192.168.157.241:41148, 2bc1a797-bd7e-4c0a-a925-dbb126e19968:192.168.157.241:41203], old=null, confs=<EMPTY_MAP>
2019-07-16 14:30:32,752 INFO  server.RaftServerConfigKeys (ConfUtils.java:logGet(43)) - raft.server.rpcslowness.timeout = 120s (custom)
2019-07-16 14:30:32,753 INFO  server.RaftServerConfigKeys (ConfUtils.java:logGet(43)) - raft.server.sleep.deviation.threshold = 300 (default)
2019-07-16 14:30:32,753 INFO  server.RaftServerConfigKeys (ConfUtils.java:logGet(43)) - raft.server.log.appender.install.snapshot.enabled = false (custom)
2019-07-16 14:30:32,752 INFO  server.RaftServerConfigKeys (ConfUtils.java:logGet(43)) - raft.server.rpcslowness.timeout = 120s (custom)
2019-07-16 14:30:32,753 INFO  impl.RaftServerImpl (ServerState.java:<init>(105)) - 2bc1a797-bd7e-4c0a-a925-dbb126e19968:group-5DDF8641038F ConfigurationManager, init=-1: [0e239eaf-b2fc-4971-ad36-a2288bdc5950:192.168.157.241:39168, 9b40aaed-d4f3-4f9a-a195-e0f4fe665383:192.168.157.241:41148, 2bc1a797-bd7e-4c0a-a925-dbb126e19968:192.168.157.241:41203], old=null, confs=<EMPTY_MAP>
2019-07-16 14:30:32,752 INFO  server.RaftServerConfigKeys (ConfUtils.java:logGet(43)) - raft.server.storage.dir = [/workdir/hadoop-ozone/integration-test/target/test-dir/MiniOzoneClusterImpl-1371a592-ac7f-4000-a7db-a34d70e9878b/datanode-3/data/ratis] (custom)
2019-07-16 14:30:32,753 INFO  server.RaftServerConfigKeys (ConfUtils.java:logGet(43)) - raft.server.storage.dir = [/workdir/hadoop-ozone/integration-test/target/test-dir/MiniOzoneClusterImpl-1371a592-ac7f-4000-a7db-a34d70e9878b/datanode-5/data/ratis] (custom)
2019-07-16 14:30:32,753 INFO  server.RaftServerConfigKeys (ConfUtils.java:logGet(43)) - raft.server.sleep.deviation.threshold = 300 (default)
2019-07-16 14:30:32,753 INFO  storage.RaftStorageDirectory (RaftStorageDirectory.java:analyzeStorage(246)) - The storage directory /workdir/hadoop-ozone/integration-test/target/test-dir/MiniOzoneClusterImpl-1371a592-ac7f-4000-a7db-a34d70e9878b/datanode-3/data/ratis/59848a11-3f5b-4ebe-9ff5-5ddf8641038f does not exist. Creating ...
2019-07-16 14:30:32,754 INFO  storage.RaftStorageDirectory (RaftStorageDirectory.java:analyzeStorage(246)) - The storage directory /workdir/hadoop-ozone/integration-test/target/test-dir/MiniOzoneClusterImpl-1371a592-ac7f-4000-a7db-a34d70e9878b/datanode-5/data/ratis/59848a11-3f5b-4ebe-9ff5-5ddf8641038f does not exist. Creating ...
2019-07-16 14:30:32,754 INFO  server.RaftServerConfigKeys (ConfUtils.java:logGet(43)) - raft.server.log.appender.install.snapshot.enabled = false (custom)
2019-07-16 14:30:32,754 INFO  impl.RaftServerImpl (ServerState.java:<init>(105)) - 9b40aaed-d4f3-4f9a-a195-e0f4fe665383:group-5DDF8641038F ConfigurationManager, init=-1: [0e239eaf-b2fc-4971-ad36-a2288bdc5950:192.168.157.241:39168, 9b40aaed-d4f3-4f9a-a195-e0f4fe665383:192.168.157.241:41148, 2bc1a797-bd7e-4c0a-a925-dbb126e19968:192.168.157.241:41203], old=null, confs=<EMPTY_MAP>
2019-07-16 14:30:32,754 INFO  server.RaftServerConfigKeys (ConfUtils.java:logGet(43)) - raft.server.storage.dir = [/workdir/hadoop-ozone/integration-test/target/test-dir/MiniOzoneClusterImpl-1371a592-ac7f-4000-a7db-a34d70e9878b/datanode-4/data/ratis] (custom)
2019-07-16 14:30:32,755 INFO  storage.RaftStorageDirectory (RaftStorageDirectory.java:analyzeStorage(246)) - The storage directory /workdir/hadoop-ozone/integration-test/target/test-dir/MiniOzoneClusterImpl-1371a592-ac7f-4000-a7db-a34d70e9878b/datanode-4/data/ratis/59848a11-3f5b-4ebe-9ff5-5ddf8641038f does not exist. Creating ...
2019-07-16 14:30:32,767 INFO  storage.RaftStorageDirectory (RaftStorageDirectory.java:tryLock(328)) - Lock on /workdir/hadoop-ozone/integration-test/target/test-dir/MiniOzoneClusterImpl-1371a592-ac7f-4000-a7db-a34d70e9878b/datanode-3/data/ratis/59848a11-3f5b-4ebe-9ff5-5ddf8641038f/in_use.lock acquired by nodename 23803@trunk-nightly-gllmw-2332419065
2019-07-16 14:30:32,767 INFO  storage.RaftStorageDirectory (RaftStorageDirectory.java:tryLock(328)) - Lock on /workdir/hadoop-ozone/integration-test/target/test-dir/MiniOzoneClusterImpl-1371a592-ac7f-4000-a7db-a34d70e9878b/datanode-5/data/ratis/59848a11-3f5b-4ebe-9ff5-5ddf8641038f/in_use.lock acquired by nodename 23803@trunk-nightly-gllmw-2332419065
2019-07-16 14:30:32,767 INFO  storage.RaftStorageDirectory (RaftStorageDirectory.java:tryLock(328)) - Lock on /workdir/hadoop-ozone/integration-test/target/test-dir/MiniOzoneClusterImpl-1371a592-ac7f-4000-a7db-a34d70e9878b/datanode-4/data/ratis/59848a11-3f5b-4ebe-9ff5-5ddf8641038f/in_use.lock acquired by nodename 23803@trunk-nightly-gllmw-2332419065
2019-07-16 14:30:32,782 INFO  storage.RaftStorage (RaftStorage.java:format(72)) - Storage directory /workdir/hadoop-ozone/integration-test/target/test-dir/MiniOzoneClusterImpl-1371a592-ac7f-4000-a7db-a34d70e9878b/datanode-3/data/ratis/59848a11-3f5b-4ebe-9ff5-5ddf8641038f has been successfully formatted.
2019-07-16 14:30:32,782 INFO  storage.RaftStorage (RaftStorage.java:format(72)) - Storage directory /workdir/hadoop-ozone/integration-test/target/test-dir/MiniOzoneClusterImpl-1371a592-ac7f-4000-a7db-a34d70e9878b/datanode-4/data/ratis/59848a11-3f5b-4ebe-9ff5-5ddf8641038f has been successfully formatted.
2019-07-16 14:30:32,782 INFO  storage.RaftStorage (RaftStorage.java:format(72)) - Storage directory /workdir/hadoop-ozone/integration-test/target/test-dir/MiniOzoneClusterImpl-1371a592-ac7f-4000-a7db-a34d70e9878b/datanode-5/data/ratis/59848a11-3f5b-4ebe-9ff5-5ddf8641038f has been successfully formatted.
2019-07-16 14:30:32,782 INFO  ratis.ContainerStateMachine (ContainerStateMachine.java:loadSnapshot(200)) - group-5DDF8641038F: The snapshot info is null. Setting the last applied indexto:(t:0, i:~)
2019-07-16 14:30:32,782 INFO  ratis.ContainerStateMachine (ContainerStateMachine.java:loadSnapshot(200)) - group-5DDF8641038F: The snapshot info is null. Setting the last applied indexto:(t:0, i:~)
2019-07-16 14:30:32,782 INFO  server.RaftServerConfigKeys (ConfUtils.java:logGet(43)) - raft.server.leader.election.timeout = 120s (custom)
2019-07-16 14:30:32,782 INFO  ratis.ContainerStateMachine (ContainerStateMachine.java:loadSnapshot(200)) - group-5DDF8641038F: The snapshot info is null. Setting the last applied indexto:(t:0, i:~)
2019-07-16 14:30:32,782 INFO  server.RaftServerConfigKeys (ConfUtils.java:logGet(43)) - raft.server.log.use.memory = false (default)
2019-07-16 14:30:32,782 INFO  server.RaftServerConfigKeys (ConfUtils.java:logGet(43)) - raft.server.leader.election.timeout = 120s (custom)
2019-07-16 14:30:32,783 INFO  server.RaftServerConfigKeys (ConfUtils.java:logGet(43)) - raft.server.log.purge.gap = 1000000000 (custom)
2019-07-16 14:30:32,783 INFO  server.RaftServerConfigKeys (ConfUtils.java:logGet(43)) - raft.server.leader.election.timeout = 120s (custom)
2019-07-16 14:30:32,783 INFO  server.RaftServerConfigKeys (ConfUtils.java:logGet(43)) - raft.server.log.appender.buffer.byte-limit = 33554432 (custom)
2019-07-16 14:30:32,783 INFO  server.RaftServerConfigKeys (ConfUtils.java:logGet(43)) - raft.server.log.use.memory = false (default)
2019-07-16 14:30:32,783 INFO  server.RaftServerConfigKeys (ConfUtils.java:logGet(43)) - raft.server.log.segment.size.max = 1048576 (custom)
2019-07-16 14:30:32,784 INFO  server.RaftServerConfigKeys (ConfUtils.java:logGet(43)) - raft.server.log.segment.cache.num.max = 2 (custom)
2019-07-16 14:30:32,783 INFO  server.RaftServerConfigKeys (ConfUtils.java:logGet(43)) - raft.server.log.use.memory = false (default)
2019-07-16 14:30:32,784 INFO  segmented.SegmentedRaftLogWorker (SegmentedRaftLogWorker.java:<init>(172)) - new 0e239eaf-b2fc-4971-ad36-a2288bdc5950-SegmentedRaftLogWorker:Storage Directory /workdir/hadoop-ozone/integration-test/target/test-dir/MiniOzoneClusterImpl-1371a592-ac7f-4000-a7db-a34d70e9878b/datanode-3/data/ratis/59848a11-3f5b-4ebe-9ff5-5ddf8641038f for RaftStorage:Storage Directory /workdir/hadoop-ozone/integration-test/target/test-dir/MiniOzoneClusterImpl-1371a592-ac7f-4000-a7db-a34d70e9878b/datanode-3/data/ratis/59848a11-3f5b-4ebe-9ff5-5ddf8641038f
2019-07-16 14:30:32,783 INFO  server.RaftServerConfigKeys (ConfUtils.java:logGet(43)) - raft.server.log.purge.gap = 1000000000 (custom)
2019-07-16 14:30:32,784 INFO  server.RaftServerConfigKeys (ConfUtils.java:logGet(43)) - raft.server.log.queue.byte-limit = 2147483647 (custom)
2019-07-16 14:30:32,784 INFO  server.RaftServerConfigKeys (ConfUtils.java:logGet(43)) - raft.server.log.purge.gap = 1000000000 (custom)
2019-07-16 14:30:32,784 INFO  server.RaftServerConfigKeys (ConfUtils.java:logGet(43)) - raft.server.log.queue.element-limit = 1024 (custom)
2019-07-16 14:30:32,784 INFO  server.RaftServerConfigKeys (ConfUtils.java:logGet(43)) - raft.server.log.appender.buffer.byte-limit = 33554432 (custom)
2019-07-16 14:30:32,785 INFO  server.RaftServerConfigKeys (ConfUtils.java:logGet(43)) - raft.server.log.segment.size.max = 1048576 (custom)
2019-07-16 14:30:32,784 INFO  server.RaftServerConfigKeys (ConfUtils.java:logGet(43)) - raft.server.log.appender.buffer.byte-limit = 33554432 (custom)
2019-07-16 14:30:32,785 INFO  server.RaftServerConfigKeys (ConfUtils.java:logGet(43)) - raft.server.log.preallocated.size = 16384 (custom)
2019-07-16 14:30:32,785 INFO  server.RaftServerConfigKeys (ConfUtils.java:logGet(43)) - raft.server.log.write.buffer.size = 33554432 (custom)
2019-07-16 14:30:32,785 INFO  server.RaftServerConfigKeys (ConfUtils.java:logGet(43)) - raft.server.log.segment.size.max = 1048576 (custom)
2019-07-16 14:30:32,785 INFO  server.RaftServerConfigKeys (ConfUtils.java:logGet(43)) - raft.server.log.force.sync.num = 128 (default)
2019-07-16 14:30:32,785 INFO  server.RaftServerConfigKeys (ConfUtils.java:logGet(43)) - raft.server.log.segment.size.max = 1048576 (custom)
2019-07-16 14:30:32,786 INFO  server.RaftServerConfigKeys (ConfUtils.java:logGet(43)) - raft.server.log.statemachine.data.sync = true (default)
2019-07-16 14:30:32,786 INFO  server.RaftServerConfigKeys (ConfUtils.java:logGet(43)) - raft.server.log.statemachine.data.sync.timeout = 10s (default)
2019-07-16 14:30:32,785 INFO  server.RaftServerConfigKeys (ConfUtils.java:logGet(43)) - raft.server.log.segment.cache.num.max = 2 (custom)
2019-07-16 14:30:32,786 INFO  server.RaftServerConfigKeys (ConfUtils.java:logGet(43)) - raft.server.log.statemachine.data.sync.timeout.retry = -1 (default)
2019-07-16 14:30:32,786 INFO  server.RaftServerConfigKeys (ConfUtils.java:logGet(43)) - raft.server.log.statemachine.data.caching.enabled = true (custom)
2019-07-16 14:30:32,786 INFO  server.RaftServerConfigKeys (ConfUtils.java:logGet(43)) - raft.server.log.segment.cache.num.max = 2 (custom)
2019-07-16 14:30:32,787 INFO  segmented.SegmentedRaftLogWorker (SegmentedRaftLogWorker.java:lambda$new$0(132)) - 0e239eaf-b2fc-4971-ad36-a2288bdc5950-SegmentedRaftLogWorker:Storage Directory /workdir/hadoop-ozone/integration-test/target/test-dir/MiniOzoneClusterImpl-1371a592-ac7f-4000-a7db-a34d70e9878b/datanode-3/data/ratis/59848a11-3f5b-4ebe-9ff5-5ddf8641038f: flushIndex: setUnconditionally 0 -> -1
2019-07-16 14:30:32,786 INFO  segmented.SegmentedRaftLogWorker (SegmentedRaftLogWorker.java:<init>(172)) - new 2bc1a797-bd7e-4c0a-a925-dbb126e19968-SegmentedRaftLogWorker:Storage Directory /workdir/hadoop-ozone/integration-test/target/test-dir/MiniOzoneClusterImpl-1371a592-ac7f-4000-a7db-a34d70e9878b/datanode-5/data/ratis/59848a11-3f5b-4ebe-9ff5-5ddf8641038f for RaftStorage:Storage Directory /workdir/hadoop-ozone/integration-test/target/test-dir/MiniOzoneClusterImpl-1371a592-ac7f-4000-a7db-a34d70e9878b/datanode-5/data/ratis/59848a11-3f5b-4ebe-9ff5-5ddf8641038f
2019-07-16 14:30:32,787 INFO  segmented.SegmentedRaftLogWorker (SegmentedRaftLogWorker.java:<init>(172)) - new 9b40aaed-d4f3-4f9a-a195-e0f4fe665383-SegmentedRaftLogWorker:Storage Directory /workdir/hadoop-ozone/integration-test/target/test-dir/MiniOzoneClusterImpl-1371a592-ac7f-4000-a7db-a34d70e9878b/datanode-4/data/ratis/59848a11-3f5b-4ebe-9ff5-5ddf8641038f for RaftStorage:Storage Directory /workdir/hadoop-ozone/integration-test/target/test-dir/MiniOzoneClusterImpl-1371a592-ac7f-4000-a7db-a34d70e9878b/datanode-4/data/ratis/59848a11-3f5b-4ebe-9ff5-5ddf8641038f
2019-07-16 14:30:32,787 INFO  server.RaftServerConfigKeys (ConfUtils.java:logGet(43)) - raft.server.snapshot.auto.trigger.enabled = true (custom)
2019-07-16 14:30:32,787 INFO  server.RaftServerConfigKeys (ConfUtils.java:logGet(43)) - raft.server.log.queue.byte-limit = 2147483647 (custom)
2019-07-16 14:30:32,787 INFO  server.RaftServerConfigKeys (ConfUtils.java:logGet(43)) - raft.server.snapshot.auto.trigger.threshold = 10000 (custom)
2019-07-16 14:30:32,787 INFO  server.RaftServerConfigKeys (ConfUtils.java:logGet(43)) - raft.server.log.queue.byte-limit = 2147483647 (custom)
2019-07-16 14:30:32,787 INFO  server.RaftServerConfigKeys (ConfUtils.java:logGet(43)) - raft.server.retrycache.expirytime = 600000ms (custom)
2019-07-16 14:30:32,787 INFO  server.RaftServerConfigKeys (ConfUtils.java:logGet(43)) - raft.server.log.queue.element-limit = 1024 (custom)
2019-07-16 14:30:32,788 INFO  impl.RaftServerImpl (RaftServerImpl.java:start(180)) - 0e239eaf-b2fc-4971-ad36-a2288bdc5950: start group-5DDF8641038F
2019-07-16 14:30:32,788 INFO  server.RaftServerConfigKeys (ConfUtils.java:logGet(43)) - raft.server.log.queue.element-limit = 1024 (custom)
2019-07-16 14:30:32,788 INFO  impl.RaftServerImpl (RaftServerImpl.java:setRole(171)) - 0e239eaf-b2fc-4971-ad36-a2288bdc5950:group-5DDF8641038F changes role from null to FOLLOWER at term 0 for startAsFollower
2019-07-16 14:30:32,788 INFO  impl.RoleInfo (RoleInfo.java:updateAndGet(143)) - 0e239eaf-b2fc-4971-ad36-a2288bdc5950: start FollowerState
2019-07-16 14:30:32,788 INFO  server.RaftServerConfigKeys (ConfUtils.java:logGet(43)) - raft.server.log.segment.size.max = 1048576 (custom)
2019-07-16 14:30:32,788 INFO  server.RaftServerConfigKeys (ConfUtils.java:logGet(43)) - raft.server.log.segment.size.max = 1048576 (custom)
2019-07-16 14:30:32,789 INFO  util.JmxRegister (JmxRegister.java:tryRegister(44)) - Successfully registered JMX Bean with object name Ratis:service=RaftServer,group=group-5DDF8641038F,id=0e239eaf-b2fc-4971-ad36-a2288bdc5950
2019-07-16 14:30:32,789 INFO  server.RaftServerConfigKeys (ConfUtils.java:logGet(43)) - raft.server.log.preallocated.size = 16384 (custom)
2019-07-16 14:30:32,789 INFO  server.RaftServerConfigKeys (ConfUtils.java:logGet(43)) - raft.server.log.preallocated.size = 16384 (custom)
2019-07-16 14:30:32,789 INFO  server.RaftServerConfigKeys (ConfUtils.java:logGet(43)) - raft.server.log.write.buffer.size = 33554432 (custom)
2019-07-16 14:30:32,789 INFO  server.RaftServerConfigKeys (ConfUtils.java:logGet(43)) - raft.server.log.write.buffer.size = 33554432 (custom)
2019-07-16 14:30:32,789 INFO  server.RaftServerConfigKeys (ConfUtils.java:logGet(43)) - raft.server.log.force.sync.num = 128 (default)
2019-07-16 14:30:32,789 INFO  server.RaftServerConfigKeys (ConfUtils.java:logGet(43)) - raft.server.log.force.sync.num = 128 (default)
2019-07-16 14:30:32,790 INFO  server.RaftServerConfigKeys (ConfUtils.java:logGet(43)) - raft.server.log.statemachine.data.sync = true (default)
2019-07-16 14:30:32,792 INFO  server.RaftServerConfigKeys (ConfUtils.java:logGet(43)) - raft.server.log.statemachine.data.sync.timeout = 10s (default)
2019-07-16 14:30:32,790 INFO  server.RaftServerConfigKeys (ConfUtils.java:logGet(43)) - raft.server.log.statemachine.data.sync = true (default)
2019-07-16 14:30:32,792 INFO  server.RaftServerConfigKeys (ConfUtils.java:logGet(43)) - raft.server.log.statemachine.data.sync.timeout.retry = -1 (default)
2019-07-16 14:30:32,793 INFO  server.RaftServerConfigKeys (ConfUtils.java:logGet(43)) - raft.server.log.statemachine.data.sync.timeout = 10s (default)
2019-07-16 14:30:32,793 INFO  server.RaftServerConfigKeys (ConfUtils.java:logGet(43)) - raft.server.log.statemachine.data.caching.enabled = true (custom)
2019-07-16 14:30:32,793 INFO  server.RaftServerConfigKeys (ConfUtils.java:logGet(43)) - raft.server.log.statemachine.data.sync.timeout.retry = -1 (default)
2019-07-16 14:30:32,793 INFO  server.RaftServerConfigKeys (ConfUtils.java:logGet(43)) - raft.server.log.statemachine.data.caching.enabled = true (custom)
2019-07-16 14:30:32,793 INFO  segmented.SegmentedRaftLogWorker (SegmentedRaftLogWorker.java:lambda$new$0(132)) - 2bc1a797-bd7e-4c0a-a925-dbb126e19968-SegmentedRaftLogWorker:Storage Directory /workdir/hadoop-ozone/integration-test/target/test-dir/MiniOzoneClusterImpl-1371a592-ac7f-4000-a7db-a34d70e9878b/datanode-5/data/ratis/59848a11-3f5b-4ebe-9ff5-5ddf8641038f: flushIndex: setUnconditionally 0 -> -1
2019-07-16 14:30:32,794 INFO  segmented.SegmentedRaftLogWorker (SegmentedRaftLogWorker.java:lambda$new$0(132)) - 9b40aaed-d4f3-4f9a-a195-e0f4fe665383-SegmentedRaftLogWorker:Storage Directory /workdir/hadoop-ozone/integration-test/target/test-dir/MiniOzoneClusterImpl-1371a592-ac7f-4000-a7db-a34d70e9878b/datanode-4/data/ratis/59848a11-3f5b-4ebe-9ff5-5ddf8641038f: flushIndex: setUnconditionally 0 -> -1
2019-07-16 14:30:32,794 INFO  server.RaftServerConfigKeys (ConfUtils.java:logGet(43)) - raft.server.snapshot.auto.trigger.enabled = true (custom)
2019-07-16 14:30:32,794 INFO  server.RaftServerConfigKeys (ConfUtils.java:logGet(43)) - raft.server.snapshot.auto.trigger.threshold = 10000 (custom)
2019-07-16 14:30:32,794 INFO  server.RaftServerConfigKeys (ConfUtils.java:logGet(43)) - raft.server.snapshot.auto.trigger.enabled = true (custom)
2019-07-16 14:30:32,794 INFO  server.RaftServerConfigKeys (ConfUtils.java:logGet(43)) - raft.server.retrycache.expirytime = 600000ms (custom)
2019-07-16 14:30:32,794 INFO  server.RaftServerConfigKeys (ConfUtils.java:logGet(43)) - raft.server.snapshot.auto.trigger.threshold = 10000 (custom)
2019-07-16 14:30:32,794 INFO  impl.RaftServerImpl (RaftServerImpl.java:start(180)) - 2bc1a797-bd7e-4c0a-a925-dbb126e19968: start group-5DDF8641038F
2019-07-16 14:30:32,795 INFO  server.RaftServerConfigKeys (ConfUtils.java:logGet(43)) - raft.server.retrycache.expirytime = 600000ms (custom)
2019-07-16 14:30:32,795 INFO  impl.RaftServerImpl (RaftServerImpl.java:setRole(171)) - 2bc1a797-bd7e-4c0a-a925-dbb126e19968:group-5DDF8641038F changes role from null to FOLLOWER at term 0 for startAsFollower
2019-07-16 14:30:32,795 INFO  impl.RaftServerImpl (RaftServerImpl.java:start(180)) - 9b40aaed-d4f3-4f9a-a195-e0f4fe665383: start group-5DDF8641038F
2019-07-16 14:30:32,795 INFO  impl.RoleInfo (RoleInfo.java:updateAndGet(143)) - 2bc1a797-bd7e-4c0a-a925-dbb126e19968: start FollowerState
2019-07-16 14:30:32,795 INFO  impl.RaftServerImpl (RaftServerImpl.java:setRole(171)) - 9b40aaed-d4f3-4f9a-a195-e0f4fe665383:group-5DDF8641038F changes role from null to FOLLOWER at term 0 for startAsFollower
2019-07-16 14:30:32,795 INFO  impl.RoleInfo (RoleInfo.java:updateAndGet(143)) - 9b40aaed-d4f3-4f9a-a195-e0f4fe665383: start FollowerState
2019-07-16 14:30:32,795 INFO  util.JmxRegister (JmxRegister.java:tryRegister(44)) - Successfully registered JMX Bean with object name Ratis:service=RaftServer,group=group-5DDF8641038F,id=2bc1a797-bd7e-4c0a-a925-dbb126e19968
2019-07-16 14:30:32,796 INFO  util.JmxRegister (JmxRegister.java:tryRegister(44)) - Successfully registered JMX Bean with object name Ratis:service=RaftServer,group=group-5DDF8641038F,id=9b40aaed-d4f3-4f9a-a195-e0f4fe665383
2019-07-16 14:30:32,802 INFO  pipeline.PipelineStateManager (PipelineStateManager.java:addPipeline(56)) - Created pipeline Pipeline[ Id: 59848a11-3f5b-4ebe-9ff5-5ddf8641038f, Nodes: 9b40aaed-d4f3-4f9a-a195-e0f4fe665383{ip: 192.168.157.241, host: trunk-nightly-gllmw-2332419065, networkLocation: /default-rack, certSerialId: null}0e239eaf-b2fc-4971-ad36-a2288bdc5950{ip: 192.168.157.241, host: trunk-nightly-gllmw-2332419065, networkLocation: /default-rack, certSerialId: null}2bc1a797-bd7e-4c0a-a925-dbb126e19968{ip: 192.168.157.241, host: trunk-nightly-gllmw-2332419065, networkLocation: /default-rack, certSerialId: null}, Type:RATIS, Factor:THREE, State:OPEN]
2019-07-16 14:30:32,824 INFO  ozone.MiniOzoneClusterImpl (MiniOzoneClusterImpl.java:lambda$waitForClusterToBeReady$0(142)) - Waiting for cluster to be ready. Got 6 of 7 DN Heartbeats.
2019-07-16 14:30:32,827 INFO  node.SCMNodeManager (SCMNodeManager.java:register(269)) - Registered Data node : 5f2692b3-85f1-4573-bfd4-4d34fae18648{ip: 192.168.157.241, host: trunk-nightly-gllmw-2332419065, networkLocation: /default-rack, certSerialId: null}
2019-07-16 14:30:32,833 INFO  impl.RaftServerProxy (RaftServerProxy.java:addNew(89)) - 5f2692b3-85f1-4573-bfd4-4d34fae18648: addNew group-A9903E930F74:[5f2692b3-85f1-4573-bfd4-4d34fae18648:192.168.157.241:43759] returns group-A9903E930F74:java.util.concurrent.CompletableFuture@497b2b00[Not completed]
2019-07-16 14:30:32,834 INFO  impl.RaftServerImpl (RaftServerImpl.java:<init>(93)) - 5f2692b3-85f1-4573-bfd4-4d34fae18648: new RaftServerImpl for group-A9903E930F74:[5f2692b3-85f1-4573-bfd4-4d34fae18648:192.168.157.241:43759] with ContainerStateMachine:uninitialized
2019-07-16 14:30:32,834 INFO  server.RaftServerConfigKeys (ConfUtils.java:logGet(43)) - raft.server.rpc.timeout.min = 5s (custom)
2019-07-16 14:30:32,834 INFO  server.RaftServerConfigKeys (ConfUtils.java:logGet(43)) - raft.server.rpc.timeout.max = 5200ms (custom)
2019-07-16 14:30:32,834 INFO  server.RaftServerConfigKeys (ConfUtils.java:logGet(43)) - raft.server.rpcslowness.timeout = 120s (custom)
2019-07-16 14:30:32,834 INFO  server.RaftServerConfigKeys (ConfUtils.java:logGet(43)) - raft.server.sleep.deviation.threshold = 300 (default)
2019-07-16 14:30:32,834 INFO  server.RaftServerConfigKeys (ConfUtils.java:logGet(43)) - raft.server.log.appender.install.snapshot.enabled = false (custom)
2019-07-16 14:30:32,834 INFO  impl.RaftServerImpl (ServerState.java:<init>(105)) - 5f2692b3-85f1-4573-bfd4-4d34fae18648:group-A9903E930F74 ConfigurationManager, init=-1: [5f2692b3-85f1-4573-bfd4-4d34fae18648:192.168.157.241:43759], old=null, confs=<EMPTY_MAP>
2019-07-16 14:30:32,834 INFO  server.RaftServerConfigKeys (ConfUtils.java:logGet(43)) - raft.server.storage.dir = [/workdir/hadoop-ozone/integration-test/target/test-dir/MiniOzoneClusterImpl-1371a592-ac7f-4000-a7db-a34d70e9878b/datanode-6/data/ratis] (custom)
2019-07-16 14:30:32,834 INFO  storage.RaftStorageDirectory (RaftStorageDirectory.java:analyzeStorage(246)) - The storage directory /workdir/hadoop-ozone/integration-test/target/test-dir/MiniOzoneClusterImpl-1371a592-ac7f-4000-a7db-a34d70e9878b/datanode-6/data/ratis/4ada04a9-e210-4fcf-a3e6-a9903e930f74 does not exist. Creating ...
2019-07-16 14:30:32,847 INFO  storage.RaftStorageDirectory (RaftStorageDirectory.java:tryLock(328)) - Lock on /workdir/hadoop-ozone/integration-test/target/test-dir/MiniOzoneClusterImpl-1371a592-ac7f-4000-a7db-a34d70e9878b/datanode-6/data/ratis/4ada04a9-e210-4fcf-a3e6-a9903e930f74/in_use.lock acquired by nodename 23803@trunk-nightly-gllmw-2332419065
2019-07-16 14:30:32,860 INFO  storage.RaftStorage (RaftStorage.java:format(72)) - Storage directory /workdir/hadoop-ozone/integration-test/target/test-dir/MiniOzoneClusterImpl-1371a592-ac7f-4000-a7db-a34d70e9878b/datanode-6/data/ratis/4ada04a9-e210-4fcf-a3e6-a9903e930f74 has been successfully formatted.
2019-07-16 14:30:32,860 INFO  ratis.ContainerStateMachine (ContainerStateMachine.java:loadSnapshot(200)) - group-A9903E930F74: The snapshot info is null. Setting the last applied indexto:(t:0, i:~)
2019-07-16 14:30:32,861 INFO  server.RaftServerConfigKeys (ConfUtils.java:logGet(43)) - raft.server.leader.election.timeout = 120s (custom)
2019-07-16 14:30:32,861 INFO  server.RaftServerConfigKeys (ConfUtils.java:logGet(43)) - raft.server.log.use.memory = false (default)
2019-07-16 14:30:32,861 INFO  server.RaftServerConfigKeys (ConfUtils.java:logGet(43)) - raft.server.log.purge.gap = 1000000000 (custom)
2019-07-16 14:30:32,861 INFO  server.RaftServerConfigKeys (ConfUtils.java:logGet(43)) - raft.server.log.appender.buffer.byte-limit = 33554432 (custom)
2019-07-16 14:30:32,861 INFO  server.RaftServerConfigKeys (ConfUtils.java:logGet(43)) - raft.server.log.segment.size.max = 1048576 (custom)
2019-07-16 14:30:32,861 INFO  server.RaftServerConfigKeys (ConfUtils.java:logGet(43)) - raft.server.log.segment.cache.num.max = 2 (custom)
2019-07-16 14:30:32,861 INFO  segmented.SegmentedRaftLogWorker (SegmentedRaftLogWorker.java:<init>(172)) - new 5f2692b3-85f1-4573-bfd4-4d34fae18648-SegmentedRaftLogWorker:Storage Directory /workdir/hadoop-ozone/integration-test/target/test-dir/MiniOzoneClusterImpl-1371a592-ac7f-4000-a7db-a34d70e9878b/datanode-6/data/ratis/4ada04a9-e210-4fcf-a3e6-a9903e930f74 for RaftStorage:Storage Directory /workdir/hadoop-ozone/integration-test/target/test-dir/MiniOzoneClusterImpl-1371a592-ac7f-4000-a7db-a34d70e9878b/datanode-6/data/ratis/4ada04a9-e210-4fcf-a3e6-a9903e930f74
2019-07-16 14:30:32,861 INFO  server.RaftServerConfigKeys (ConfUtils.java:logGet(43)) - raft.server.log.queue.byte-limit = 2147483647 (custom)
2019-07-16 14:30:32,861 INFO  server.RaftServerConfigKeys (ConfUtils.java:logGet(43)) - raft.server.log.queue.element-limit = 1024 (custom)
2019-07-16 14:30:32,862 INFO  server.RaftServerConfigKeys (ConfUtils.java:logGet(43)) - raft.server.log.segment.size.max = 1048576 (custom)
2019-07-16 14:30:32,862 INFO  server.RaftServerConfigKeys (ConfUtils.java:logGet(43)) - raft.server.log.preallocated.size = 16384 (custom)
2019-07-16 14:30:32,862 INFO  server.RaftServerConfigKeys (ConfUtils.java:logGet(43)) - raft.server.log.write.buffer.size = 33554432 (custom)
2019-07-16 14:30:32,862 INFO  server.RaftServerConfigKeys (ConfUtils.java:logGet(43)) - raft.server.log.force.sync.num = 128 (default)
2019-07-16 14:30:32,862 INFO  server.RaftServerConfigKeys (ConfUtils.java:logGet(43)) - raft.server.log.statemachine.data.sync = true (default)
2019-07-16 14:30:32,862 INFO  server.RaftServerConfigKeys (ConfUtils.java:logGet(43)) - raft.server.log.statemachine.data.sync.timeout = 10s (default)
2019-07-16 14:30:32,862 INFO  server.RaftServerConfigKeys (ConfUtils.java:logGet(43)) - raft.server.log.statemachine.data.sync.timeout.retry = -1 (default)
2019-07-16 14:30:32,862 INFO  server.RaftServerConfigKeys (ConfUtils.java:logGet(43)) - raft.server.log.statemachine.data.caching.enabled = true (custom)
2019-07-16 14:30:32,863 INFO  segmented.SegmentedRaftLogWorker (SegmentedRaftLogWorker.java:lambda$new$0(132)) - 5f2692b3-85f1-4573-bfd4-4d34fae18648-SegmentedRaftLogWorker:Storage Directory /workdir/hadoop-ozone/integration-test/target/test-dir/MiniOzoneClusterImpl-1371a592-ac7f-4000-a7db-a34d70e9878b/datanode-6/data/ratis/4ada04a9-e210-4fcf-a3e6-a9903e930f74: flushIndex: setUnconditionally 0 -> -1
2019-07-16 14:30:32,863 INFO  server.RaftServerConfigKeys (ConfUtils.java:logGet(43)) - raft.server.snapshot.auto.trigger.enabled = true (custom)
2019-07-16 14:30:32,863 INFO  server.RaftServerConfigKeys (ConfUtils.java:logGet(43)) - raft.server.snapshot.auto.trigger.threshold = 10000 (custom)
2019-07-16 14:30:32,863 INFO  server.RaftServerConfigKeys (ConfUtils.java:logGet(43)) - raft.server.retrycache.expirytime = 600000ms (custom)
2019-07-16 14:30:32,863 INFO  impl.RaftServerImpl (RaftServerImpl.java:start(180)) - 5f2692b3-85f1-4573-bfd4-4d34fae18648: start group-A9903E930F74
2019-07-16 14:30:32,863 INFO  impl.RaftServerImpl (RaftServerImpl.java:setRole(171)) - 5f2692b3-85f1-4573-bfd4-4d34fae18648:group-A9903E930F74 changes role from null to FOLLOWER at term 0 for startAsFollower
2019-07-16 14:30:32,863 INFO  impl.RoleInfo (RoleInfo.java:updateAndGet(143)) - 5f2692b3-85f1-4573-bfd4-4d34fae18648: start FollowerState
2019-07-16 14:30:32,864 INFO  util.JmxRegister (JmxRegister.java:tryRegister(44)) - Successfully registered JMX Bean with object name Ratis:service=RaftServer,group=group-A9903E930F74,id=5f2692b3-85f1-4573-bfd4-4d34fae18648
2019-07-16 14:30:32,867 INFO  pipeline.PipelineStateManager (PipelineStateManager.java:addPipeline(56)) - Created pipeline Pipeline[ Id: 4ada04a9-e210-4fcf-a3e6-a9903e930f74, Nodes: 5f2692b3-85f1-4573-bfd4-4d34fae18648{ip: 192.168.157.241, host: trunk-nightly-gllmw-2332419065, networkLocation: /default-rack, certSerialId: null}, Type:RATIS, Factor:ONE, State:OPEN]
2019-07-16 14:30:33,825 INFO  ozone.MiniOzoneClusterImpl (MiniOzoneClusterImpl.java:lambda$waitForClusterToBeReady$0(142)) - Cluster is ready. Got 7 of 7 DN Heartbeats.
2019-07-16 14:30:33,887 INFO  rpc.RpcClient (RpcClient.java:createVolume(287)) - Creating Volume: testblockoutputstream, with jenkins1000 as owner.
2019-07-16 14:30:33,906 INFO  rpc.RpcClient (RpcClient.java:createBucket(424)) - Creating Bucket: testblockoutputstream/testblockoutputstream, with Versioning false and Storage Type set to DISK and Encryption set to false 
2019-07-16 14:30:33,942 INFO  client.GrpcClientProtocolClient (GrpcClientProtocolClient.java:onNext(255)) - client-4BA3180C5A60->9b40aaed-d4f3-4f9a-a195-e0f4fe665383: receive RaftClientReply:client-4BA3180C5A60->9b40aaed-d4f3-4f9a-a195-e0f4fe665383@group-5DDF8641038F, cid=272, FAILED org.apache.ratis.protocol.NotLeaderException: Server 9b40aaed-d4f3-4f9a-a195-e0f4fe665383 is not the leader (null). Request must be sent to leader., logIndex=0, commits[9b40aaed-d4f3-4f9a-a195-e0f4fe665383:c-1]
2019-07-16 14:30:34,893 INFO  container.ReplicationManager (ReplicationManager.java:start(155)) - Starting Replication Monitor Thread.
2019-07-16 14:30:34,897 INFO  container.ReplicationManager (ReplicationManager.java:run(207)) - Replication Monitor Thread took 0 milliseconds for processing 1 containers.
2019-07-16 14:30:34,961 INFO  client.GrpcClientProtocolClient (GrpcClientProtocolClient.java:onNext(255)) - client-4BA3180C5A60->2bc1a797-bd7e-4c0a-a925-dbb126e19968: receive RaftClientReply:client-4BA3180C5A60->2bc1a797-bd7e-4c0a-a925-dbb126e19968@group-5DDF8641038F, cid=272, FAILED org.apache.ratis.protocol.NotLeaderException: Server 2bc1a797-bd7e-4c0a-a925-dbb126e19968 is not the leader (null). Request must be sent to leader., logIndex=0, commits[2bc1a797-bd7e-4c0a-a925-dbb126e19968:c-1]
2019-07-16 14:30:35,972 INFO  client.GrpcClientProtocolClient (GrpcClientProtocolClient.java:onNext(255)) - client-4BA3180C5A60->9b40aaed-d4f3-4f9a-a195-e0f4fe665383: receive RaftClientReply:client-4BA3180C5A60->9b40aaed-d4f3-4f9a-a195-e0f4fe665383@group-5DDF8641038F, cid=272, FAILED org.apache.ratis.protocol.NotLeaderException: Server 9b40aaed-d4f3-4f9a-a195-e0f4fe665383 is not the leader (null). Request must be sent to leader., logIndex=0, commits[9b40aaed-d4f3-4f9a-a195-e0f4fe665383:c-1]
2019-07-16 14:30:36,988 INFO  client.GrpcClientProtocolClient (GrpcClientProtocolClient.java:onNext(255)) - client-4BA3180C5A60->0e239eaf-b2fc-4971-ad36-a2288bdc5950: receive RaftClientReply:client-4BA3180C5A60->0e239eaf-b2fc-4971-ad36-a2288bdc5950@group-5DDF8641038F, cid=272, FAILED org.apache.ratis.protocol.NotLeaderException: Server 0e239eaf-b2fc-4971-ad36-a2288bdc5950 is not the leader (null). Request must be sent to leader., logIndex=0, commits[0e239eaf-b2fc-4971-ad36-a2288bdc5950:c-1]
2019-07-16 14:30:37,020 INFO  impl.FollowerState (FollowerState.java:run(106)) - 2475e664-3ed4-4fb1-9b43-2d8849b7953b:group-0F8952FB43EC changes to CANDIDATE, lastRpcTime:5083, electionTimeout:5083ms
2019-07-16 14:30:37,020 INFO  impl.RoleInfo (RoleInfo.java:shutdownFollowerState(121)) - 2475e664-3ed4-4fb1-9b43-2d8849b7953b: shutdown FollowerState
2019-07-16 14:30:37,020 INFO  impl.RaftServerImpl (RaftServerImpl.java:setRole(171)) - 2475e664-3ed4-4fb1-9b43-2d8849b7953b:group-0F8952FB43EC changes role from FOLLOWER to CANDIDATE at term 0 for changeToCandidate
2019-07-16 14:30:37,020 INFO  impl.RoleInfo (RoleInfo.java:updateAndGet(143)) - 2475e664-3ed4-4fb1-9b43-2d8849b7953b: start LeaderElection
2019-07-16 14:30:37,043 INFO  impl.LeaderElection (LeaderElection.java:askForVotes(181)) - 2475e664-3ed4-4fb1-9b43-2d8849b7953b:group-0F8952FB43EC:LeaderElection102: begin an election at term 1 for -1: [2475e664-3ed4-4fb1-9b43-2d8849b7953b:192.168.157.241:44425], old=null
2019-07-16 14:30:37,044 INFO  impl.RoleInfo (RoleInfo.java:shutdownLeaderElection(134)) - 2475e664-3ed4-4fb1-9b43-2d8849b7953b: shutdown LeaderElection
2019-07-16 14:30:37,044 INFO  impl.RaftServerImpl (RaftServerImpl.java:setRole(171)) - 2475e664-3ed4-4fb1-9b43-2d8849b7953b:group-0F8952FB43EC changes role from CANDIDATE to LEADER at term 1 for changeToLeader
2019-07-16 14:30:37,044 INFO  impl.RaftServerImpl (ServerState.java:setLeader(263)) - 2475e664-3ed4-4fb1-9b43-2d8849b7953b:group-0F8952FB43EC change Leader from null to 2475e664-3ed4-4fb1-9b43-2d8849b7953b at term 1 for becomeLeader, leader elected after 5112ms
2019-07-16 14:30:37,047 INFO  server.RaftServerConfigKeys (ConfUtils.java:logGet(43)) - raft.server.staging.catchup.gap = 1000 (default)
2019-07-16 14:30:37,047 INFO  server.RaftServerConfigKeys (ConfUtils.java:logGet(43)) - raft.server.rpc.sleep.time = 25ms (default)
2019-07-16 14:30:37,047 INFO  server.RaftServerConfigKeys (ConfUtils.java:logGet(43)) - raft.server.write.element-limit = 4096 (default)
2019-07-16 14:30:37,047 INFO  server.RaftServerConfigKeys (ConfUtils.java:logGet(43)) - raft.server.watch.timeout = 10s (default)
2019-07-16 14:30:37,047 INFO  server.RaftServerConfigKeys (ConfUtils.java:logGet(43)) - raft.server.watch.timeout.denomination = 1s (default)
2019-07-16 14:30:37,048 INFO  server.RaftServerConfigKeys (ConfUtils.java:logGet(43)) - raft.server.watch.element-limit = 65536 (default)
2019-07-16 14:30:37,048 INFO  impl.RoleInfo (RoleInfo.java:updateAndGet(143)) - 2475e664-3ed4-4fb1-9b43-2d8849b7953b: start LeaderState
2019-07-16 14:30:37,048 INFO  segmented.SegmentedRaftLogWorker (SegmentedRaftLogWorker.java:startLogSegment(380)) - 2475e664-3ed4-4fb1-9b43-2d8849b7953b-SegmentedRaftLogWorker:Storage Directory /workdir/hadoop-ozone/integration-test/target/test-dir/MiniOzoneClusterImpl-1371a592-ac7f-4000-a7db-a34d70e9878b/datanode-0/data/ratis/8f081b20-3fe7-4754-8677-0f8952fb43ec: Starting segment from index:0
2019-07-16 14:30:37,049 INFO  impl.RaftServerImpl (ServerState.java:setRaftConf(361)) - 2475e664-3ed4-4fb1-9b43-2d8849b7953b:group-0F8952FB43EC set configuration 0: [2475e664-3ed4-4fb1-9b43-2d8849b7953b:192.168.157.241:44425], old=null at 0
2019-07-16 14:30:37,083 INFO  segmented.SegmentedRaftLogWorker (SegmentedRaftLogWorker.java:execute(569)) - 2475e664-3ed4-4fb1-9b43-2d8849b7953b-SegmentedRaftLogWorker:Storage Directory /workdir/hadoop-ozone/integration-test/target/test-dir/MiniOzoneClusterImpl-1371a592-ac7f-4000-a7db-a34d70e9878b/datanode-0/data/ratis/8f081b20-3fe7-4754-8677-0f8952fb43ec: created new log segment /workdir/hadoop-ozone/integration-test/target/test-dir/MiniOzoneClusterImpl-1371a592-ac7f-4000-a7db-a34d70e9878b/datanode-0/data/ratis/8f081b20-3fe7-4754-8677-0f8952fb43ec/current/log_inprogress_0
2019-07-16 14:30:37,296 INFO  impl.FollowerState (FollowerState.java:run(106)) - 6d697e13-9497-4e0d-8bcc-f472359aeea0:group-CA7F2B34F700 changes to CANDIDATE, lastRpcTime:5166, electionTimeout:5166ms
2019-07-16 14:30:37,296 INFO  impl.RoleInfo (RoleInfo.java:shutdownFollowerState(121)) - 6d697e13-9497-4e0d-8bcc-f472359aeea0: shutdown FollowerState
2019-07-16 14:30:37,296 INFO  impl.RaftServerImpl (RaftServerImpl.java:setRole(171)) - 6d697e13-9497-4e0d-8bcc-f472359aeea0:group-CA7F2B34F700 changes role from FOLLOWER to CANDIDATE at term 0 for changeToCandidate
2019-07-16 14:30:37,296 INFO  impl.RoleInfo (RoleInfo.java:updateAndGet(143)) - 6d697e13-9497-4e0d-8bcc-f472359aeea0: start LeaderElection
2019-07-16 14:30:37,318 INFO  impl.LeaderElection (LeaderElection.java:askForVotes(181)) - 6d697e13-9497-4e0d-8bcc-f472359aeea0:group-CA7F2B34F700:LeaderElection103: begin an election at term 1 for -1: [6d697e13-9497-4e0d-8bcc-f472359aeea0:192.168.157.241:39692], old=null
2019-07-16 14:30:37,319 INFO  impl.RoleInfo (RoleInfo.java:shutdownLeaderElection(134)) - 6d697e13-9497-4e0d-8bcc-f472359aeea0: shutdown LeaderElection
2019-07-16 14:30:37,319 INFO  impl.RaftServerImpl (RaftServerImpl.java:setRole(171)) - 6d697e13-9497-4e0d-8bcc-f472359aeea0:group-CA7F2B34F700 changes role from CANDIDATE to LEADER at term 1 for changeToLeader
2019-07-16 14:30:37,319 INFO  impl.RaftServerImpl (ServerState.java:setLeader(263)) - 6d697e13-9497-4e0d-8bcc-f472359aeea0:group-CA7F2B34F700 change Leader from null to 6d697e13-9497-4e0d-8bcc-f472359aeea0 at term 1 for becomeLeader, leader elected after 5193ms
2019-07-16 14:30:37,322 INFO  server.RaftServerConfigKeys (ConfUtils.java:logGet(43)) - raft.server.staging.catchup.gap = 1000 (default)
2019-07-16 14:30:37,322 INFO  server.RaftServerConfigKeys (ConfUtils.java:logGet(43)) - raft.server.rpc.sleep.time = 25ms (default)
2019-07-16 14:30:37,322 INFO  server.RaftServerConfigKeys (ConfUtils.java:logGet(43)) - raft.server.write.element-limit = 4096 (default)
2019-07-16 14:30:37,322 INFO  server.RaftServerConfigKeys (ConfUtils.java:logGet(43)) - raft.server.watch.timeout = 10s (default)
2019-07-16 14:30:37,322 INFO  server.RaftServerConfigKeys (ConfUtils.java:logGet(43)) - raft.server.watch.timeout.denomination = 1s (default)
2019-07-16 14:30:37,322 INFO  server.RaftServerConfigKeys (ConfUtils.java:logGet(43)) - raft.server.watch.element-limit = 65536 (default)
2019-07-16 14:30:37,323 INFO  impl.RoleInfo (RoleInfo.java:updateAndGet(143)) - 6d697e13-9497-4e0d-8bcc-f472359aeea0: start LeaderState
2019-07-16 14:30:37,323 INFO  segmented.SegmentedRaftLogWorker (SegmentedRaftLogWorker.java:startLogSegment(380)) - 6d697e13-9497-4e0d-8bcc-f472359aeea0-SegmentedRaftLogWorker:Storage Directory /workdir/hadoop-ozone/integration-test/target/test-dir/MiniOzoneClusterImpl-1371a592-ac7f-4000-a7db-a34d70e9878b/datanode-1/data/ratis/783a2ba1-2856-4646-8d32-ca7f2b34f700: Starting segment from index:0
2019-07-16 14:30:37,323 INFO  impl.RaftServerImpl (ServerState.java:setRaftConf(361)) - 6d697e13-9497-4e0d-8bcc-f472359aeea0:group-CA7F2B34F700 set configuration 0: [6d697e13-9497-4e0d-8bcc-f472359aeea0:192.168.157.241:39692], old=null at 0
2019-07-16 14:30:37,359 INFO  segmented.SegmentedRaftLogWorker (SegmentedRaftLogWorker.java:execute(569)) - 6d697e13-9497-4e0d-8bcc-f472359aeea0-SegmentedRaftLogWorker:Storage Directory /workdir/hadoop-ozone/integration-test/target/test-dir/MiniOzoneClusterImpl-1371a592-ac7f-4000-a7db-a34d70e9878b/datanode-1/data/ratis/783a2ba1-2856-4646-8d32-ca7f2b34f700: created new log segment /workdir/hadoop-ozone/integration-test/target/test-dir/MiniOzoneClusterImpl-1371a592-ac7f-4000-a7db-a34d70e9878b/datanode-1/data/ratis/783a2ba1-2856-4646-8d32-ca7f2b34f700/current/log_inprogress_0
2019-07-16 14:30:37,366 INFO  impl.FollowerState (FollowerState.java:run(106)) - 5f3c4c0e-4450-4ff4-bbfd-a5f8469be034:group-F131C3C0E2EE changes to CANDIDATE, lastRpcTime:5054, electionTimeout:5054ms
2019-07-16 14:30:37,366 INFO  impl.RoleInfo (RoleInfo.java:shutdownFollowerState(121)) - 5f3c4c0e-4450-4ff4-bbfd-a5f8469be034: shutdown FollowerState
2019-07-16 14:30:37,366 INFO  impl.RaftServerImpl (RaftServerImpl.java:setRole(171)) - 5f3c4c0e-4450-4ff4-bbfd-a5f8469be034:group-F131C3C0E2EE changes role from FOLLOWER to CANDIDATE at term 0 for changeToCandidate
2019-07-16 14:30:37,367 INFO  impl.RoleInfo (RoleInfo.java:updateAndGet(143)) - 5f3c4c0e-4450-4ff4-bbfd-a5f8469be034: start LeaderElection
2019-07-16 14:30:37,387 INFO  impl.LeaderElection (LeaderElection.java:askForVotes(181)) - 5f3c4c0e-4450-4ff4-bbfd-a5f8469be034:group-F131C3C0E2EE:LeaderElection104: begin an election at term 1 for -1: [5f3c4c0e-4450-4ff4-bbfd-a5f8469be034:192.168.157.241:45859], old=null
2019-07-16 14:30:37,387 INFO  impl.RoleInfo (RoleInfo.java:shutdownLeaderElection(134)) - 5f3c4c0e-4450-4ff4-bbfd-a5f8469be034: shutdown LeaderElection
2019-07-16 14:30:37,387 INFO  impl.RaftServerImpl (RaftServerImpl.java:setRole(171)) - 5f3c4c0e-4450-4ff4-bbfd-a5f8469be034:group-F131C3C0E2EE changes role from CANDIDATE to LEADER at term 1 for changeToLeader
2019-07-16 14:30:37,388 INFO  impl.RaftServerImpl (ServerState.java:setLeader(263)) - 5f3c4c0e-4450-4ff4-bbfd-a5f8469be034:group-F131C3C0E2EE change Leader from null to 5f3c4c0e-4450-4ff4-bbfd-a5f8469be034 at term 1 for becomeLeader, leader elected after 5079ms
2019-07-16 14:30:37,390 INFO  server.RaftServerConfigKeys (ConfUtils.java:logGet(43)) - raft.server.staging.catchup.gap = 1000 (default)
2019-07-16 14:30:37,390 INFO  server.RaftServerConfigKeys (ConfUtils.java:logGet(43)) - raft.server.rpc.sleep.time = 25ms (default)
2019-07-16 14:30:37,390 INFO  server.RaftServerConfigKeys (ConfUtils.java:logGet(43)) - raft.server.write.element-limit = 4096 (default)
2019-07-16 14:30:37,391 INFO  server.RaftServerConfigKeys (ConfUtils.java:logGet(43)) - raft.server.watch.timeout = 10s (default)
2019-07-16 14:30:37,391 INFO  server.RaftServerConfigKeys (ConfUtils.java:logGet(43)) - raft.server.watch.timeout.denomination = 1s (default)
2019-07-16 14:30:37,391 INFO  server.RaftServerConfigKeys (ConfUtils.java:logGet(43)) - raft.server.watch.element-limit = 65536 (default)
2019-07-16 14:30:37,391 INFO  impl.RoleInfo (RoleInfo.java:updateAndGet(143)) - 5f3c4c0e-4450-4ff4-bbfd-a5f8469be034: start LeaderState
2019-07-16 14:30:37,391 INFO  segmented.SegmentedRaftLogWorker (SegmentedRaftLogWorker.java:startLogSegment(380)) - 5f3c4c0e-4450-4ff4-bbfd-a5f8469be034-SegmentedRaftLogWorker:Storage Directory /workdir/hadoop-ozone/integration-test/target/test-dir/MiniOzoneClusterImpl-1371a592-ac7f-4000-a7db-a34d70e9878b/datanode-2/data/ratis/96854525-aa4e-4903-9855-f131c3c0e2ee: Starting segment from index:0
2019-07-16 14:30:37,392 INFO  impl.RaftServerImpl (ServerState.java:setRaftConf(361)) - 5f3c4c0e-4450-4ff4-bbfd-a5f8469be034:group-F131C3C0E2EE set configuration 0: [5f3c4c0e-4450-4ff4-bbfd-a5f8469be034:192.168.157.241:45859], old=null at 0
2019-07-16 14:30:37,426 INFO  segmented.SegmentedRaftLogWorker (SegmentedRaftLogWorker.java:execute(569)) - 5f3c4c0e-4450-4ff4-bbfd-a5f8469be034-SegmentedRaftLogWorker:Storage Directory /workdir/hadoop-ozone/integration-test/target/test-dir/MiniOzoneClusterImpl-1371a592-ac7f-4000-a7db-a34d70e9878b/datanode-2/data/ratis/96854525-aa4e-4903-9855-f131c3c0e2ee: created new log segment /workdir/hadoop-ozone/integration-test/target/test-dir/MiniOzoneClusterImpl-1371a592-ac7f-4000-a7db-a34d70e9878b/datanode-2/data/ratis/96854525-aa4e-4903-9855-f131c3c0e2ee/current/log_inprogress_0
2019-07-16 14:30:37,437 INFO  impl.FollowerState (FollowerState.java:run(106)) - 5f3c4c0e-4450-4ff4-bbfd-a5f8469be034:group-18E36F9A07A1 changes to CANDIDATE, lastRpcTime:5044, electionTimeout:5041ms
2019-07-16 14:30:37,437 INFO  impl.RoleInfo (RoleInfo.java:shutdownFollowerState(121)) - 5f3c4c0e-4450-4ff4-bbfd-a5f8469be034: shutdown FollowerState
2019-07-16 14:30:37,437 INFO  impl.RaftServerImpl (RaftServerImpl.java:setRole(171)) - 5f3c4c0e-4450-4ff4-bbfd-a5f8469be034:group-18E36F9A07A1 changes role from FOLLOWER to CANDIDATE at term 0 for changeToCandidate
2019-07-16 14:30:37,437 INFO  impl.RoleInfo (RoleInfo.java:updateAndGet(143)) - 5f3c4c0e-4450-4ff4-bbfd-a5f8469be034: start LeaderElection
2019-07-16 14:30:37,458 INFO  impl.LeaderElection (LeaderElection.java:askForVotes(181)) - 5f3c4c0e-4450-4ff4-bbfd-a5f8469be034:group-18E36F9A07A1:LeaderElection105: begin an election at term 1 for -1: [5f3c4c0e-4450-4ff4-bbfd-a5f8469be034:192.168.157.241:45859, 6d697e13-9497-4e0d-8bcc-f472359aeea0:192.168.157.241:39692, 2475e664-3ed4-4fb1-9b43-2d8849b7953b:192.168.157.241:44425], old=null
2019-07-16 14:30:37,465 INFO  impl.RaftServerImpl (RaftServerImpl.java:setRole(171)) - 6d697e13-9497-4e0d-8bcc-f472359aeea0:group-18E36F9A07A1 changes role from FOLLOWER to FOLLOWER at term 1 for recognizeCandidate:5f3c4c0e-4450-4ff4-bbfd-a5f8469be034
2019-07-16 14:30:37,465 INFO  impl.RaftServerImpl (RaftServerImpl.java:setRole(171)) - 2475e664-3ed4-4fb1-9b43-2d8849b7953b:group-18E36F9A07A1 changes role from FOLLOWER to FOLLOWER at term 1 for recognizeCandidate:5f3c4c0e-4450-4ff4-bbfd-a5f8469be034
2019-07-16 14:30:37,465 INFO  impl.RoleInfo (RoleInfo.java:shutdownFollowerState(121)) - 6d697e13-9497-4e0d-8bcc-f472359aeea0: shutdown FollowerState
2019-07-16 14:30:37,465 INFO  impl.RoleInfo (RoleInfo.java:shutdownFollowerState(121)) - 2475e664-3ed4-4fb1-9b43-2d8849b7953b: shutdown FollowerState
2019-07-16 14:30:37,466 INFO  impl.FollowerState (FollowerState.java:run(114)) - 6d697e13-9497-4e0d-8bcc-f472359aeea0: FollowerState was interrupted: java.lang.InterruptedException: sleep interrupted
2019-07-16 14:30:37,465 INFO  impl.RoleInfo (RoleInfo.java:updateAndGet(143)) - 6d697e13-9497-4e0d-8bcc-f472359aeea0: start FollowerState
2019-07-16 14:30:37,466 INFO  impl.FollowerState (FollowerState.java:run(114)) - 2475e664-3ed4-4fb1-9b43-2d8849b7953b: FollowerState was interrupted: java.lang.InterruptedException: sleep interrupted
2019-07-16 14:30:37,466 INFO  impl.RoleInfo (RoleInfo.java:updateAndGet(143)) - 2475e664-3ed4-4fb1-9b43-2d8849b7953b: start FollowerState
2019-07-16 14:30:37,490 INFO  impl.LeaderElection (LeaderElection.java:logAndReturn(56)) - 5f3c4c0e-4450-4ff4-bbfd-a5f8469be034:group-18E36F9A07A1:LeaderElection105: Election PASSED; received 1 response(s) [5f3c4c0e-4450-4ff4-bbfd-a5f8469be034<-2475e664-3ed4-4fb1-9b43-2d8849b7953b#0:OK-t1] and 0 exception(s); 5f3c4c0e-4450-4ff4-bbfd-a5f8469be034:t1, leader=null, voted=5f3c4c0e-4450-4ff4-bbfd-a5f8469be034, raftlog=5f3c4c0e-4450-4ff4-bbfd-a5f8469be034-SegmentedRaftLog:OPENED:c-1,f-1,i0, conf=-1: [5f3c4c0e-4450-4ff4-bbfd-a5f8469be034:192.168.157.241:45859, 6d697e13-9497-4e0d-8bcc-f472359aeea0:192.168.157.241:39692, 2475e664-3ed4-4fb1-9b43-2d8849b7953b:192.168.157.241:44425], old=null
2019-07-16 14:30:37,490 INFO  impl.RoleInfo (RoleInfo.java:shutdownLeaderElection(134)) - 5f3c4c0e-4450-4ff4-bbfd-a5f8469be034: shutdown LeaderElection
2019-07-16 14:30:37,493 INFO  impl.RaftServerImpl (RaftServerImpl.java:setRole(171)) - 5f3c4c0e-4450-4ff4-bbfd-a5f8469be034:group-18E36F9A07A1 changes role from CANDIDATE to LEADER at term 1 for changeToLeader
2019-07-16 14:30:37,493 INFO  impl.RaftServerImpl (ServerState.java:setLeader(263)) - 5f3c4c0e-4450-4ff4-bbfd-a5f8469be034:group-18E36F9A07A1 change Leader from null to 5f3c4c0e-4450-4ff4-bbfd-a5f8469be034 at term 1 for becomeLeader, leader elected after 5131ms
2019-07-16 14:30:37,493 INFO  server.RaftServerConfigKeys (ConfUtils.java:logGet(43)) - raft.server.staging.catchup.gap = 1000 (default)
2019-07-16 14:30:37,493 INFO  server.RaftServerConfigKeys (ConfUtils.java:logGet(43)) - raft.server.rpc.sleep.time = 25ms (default)
2019-07-16 14:30:37,493 INFO  server.RaftServerConfigKeys (ConfUtils.java:logGet(43)) - raft.server.write.element-limit = 4096 (default)
2019-07-16 14:30:37,494 INFO  server.RaftServerConfigKeys (ConfUtils.java:logGet(43)) - raft.server.watch.timeout = 10s (default)
2019-07-16 14:30:37,494 INFO  server.RaftServerConfigKeys (ConfUtils.java:logGet(43)) - raft.server.watch.timeout.denomination = 1s (default)
2019-07-16 14:30:37,494 INFO  server.RaftServerConfigKeys (ConfUtils.java:logGet(43)) - raft.server.watch.element-limit = 65536 (default)
2019-07-16 14:30:37,494 INFO  server.RaftServerConfigKeys (ConfUtils.java:logGet(43)) - raft.server.log.appender.snapshot.chunk.size.max = 16MB (=16777216) (default)
2019-07-16 14:30:37,494 INFO  server.RaftServerConfigKeys (ConfUtils.java:logGet(43)) - raft.server.log.appender.buffer.byte-limit = 33554432 (custom)
2019-07-16 14:30:37,494 INFO  server.RaftServerConfigKeys (ConfUtils.java:logGet(43)) - raft.server.log.appender.buffer.element-limit = 1 (custom)
2019-07-16 14:30:37,495 INFO  grpc.GrpcConfigKeys$Server (ConfUtils.java:logGet(43)) - raft.grpc.server.leader.outstanding.appends.max = 128 (default)
2019-07-16 14:30:37,495 INFO  server.RaftServerConfigKeys (ConfUtils.java:logGet(43)) - raft.server.rpc.request.timeout = 3000ms (default)
2019-07-16 14:30:37,495 INFO  server.RaftServerConfigKeys (ConfUtils.java:logGet(43)) - raft.server.log.appender.install.snapshot.enabled = false (custom)
2019-07-16 14:30:37,495 INFO  server.RaftServerConfigKeys (ConfUtils.java:logGet(43)) - raft.server.log.appender.snapshot.chunk.size.max = 16MB (=16777216) (default)
2019-07-16 14:30:37,495 INFO  server.RaftServerConfigKeys (ConfUtils.java:logGet(43)) - raft.server.log.appender.buffer.byte-limit = 33554432 (custom)
2019-07-16 14:30:37,495 INFO  server.RaftServerConfigKeys (ConfUtils.java:logGet(43)) - raft.server.log.appender.buffer.element-limit = 1 (custom)
2019-07-16 14:30:37,496 INFO  grpc.GrpcConfigKeys$Server (ConfUtils.java:logGet(43)) - raft.grpc.server.leader.outstanding.appends.max = 128 (default)
2019-07-16 14:30:37,496 INFO  server.RaftServerConfigKeys (ConfUtils.java:logGet(43)) - raft.server.rpc.request.timeout = 3000ms (default)
2019-07-16 14:30:37,496 INFO  server.RaftServerConfigKeys (ConfUtils.java:logGet(43)) - raft.server.log.appender.install.snapshot.enabled = false (custom)
2019-07-16 14:30:37,496 INFO  impl.RoleInfo (RoleInfo.java:updateAndGet(143)) - 5f3c4c0e-4450-4ff4-bbfd-a5f8469be034: start LeaderState
2019-07-16 14:30:37,496 INFO  segmented.SegmentedRaftLogWorker (SegmentedRaftLogWorker.java:startLogSegment(380)) - 5f3c4c0e-4450-4ff4-bbfd-a5f8469be034-SegmentedRaftLogWorker:Storage Directory /workdir/hadoop-ozone/integration-test/target/test-dir/MiniOzoneClusterImpl-1371a592-ac7f-4000-a7db-a34d70e9878b/datanode-2/data/ratis/877f8f51-b837-4487-a876-18e36f9a07a1: Starting segment from index:0
2019-07-16 14:30:37,497 INFO  impl.RaftServerImpl (ServerState.java:setRaftConf(361)) - 5f3c4c0e-4450-4ff4-bbfd-a5f8469be034:group-18E36F9A07A1 set configuration 0: [5f3c4c0e-4450-4ff4-bbfd-a5f8469be034:192.168.157.241:45859, 6d697e13-9497-4e0d-8bcc-f472359aeea0:192.168.157.241:39692, 2475e664-3ed4-4fb1-9b43-2d8849b7953b:192.168.157.241:44425], old=null at 0
2019-07-16 14:30:37,529 INFO  impl.RaftServerImpl (ServerState.java:setLeader(263)) - 2475e664-3ed4-4fb1-9b43-2d8849b7953b:group-18E36F9A07A1 change Leader from null to 5f3c4c0e-4450-4ff4-bbfd-a5f8469be034 at term 1 for appendEntries, leader elected after 5166ms
2019-07-16 14:30:37,529 INFO  impl.RaftServerImpl (ServerState.java:setLeader(263)) - 6d697e13-9497-4e0d-8bcc-f472359aeea0:group-18E36F9A07A1 change Leader from null to 5f3c4c0e-4450-4ff4-bbfd-a5f8469be034 at term 1 for appendEntries, leader elected after 5167ms
2019-07-16 14:30:37,529 INFO  segmented.SegmentedRaftLogWorker (SegmentedRaftLogWorker.java:execute(569)) - 5f3c4c0e-4450-4ff4-bbfd-a5f8469be034-SegmentedRaftLogWorker:Storage Directory /workdir/hadoop-ozone/integration-test/target/test-dir/MiniOzoneClusterImpl-1371a592-ac7f-4000-a7db-a34d70e9878b/datanode-2/data/ratis/877f8f51-b837-4487-a876-18e36f9a07a1: created new log segment /workdir/hadoop-ozone/integration-test/target/test-dir/MiniOzoneClusterImpl-1371a592-ac7f-4000-a7db-a34d70e9878b/datanode-2/data/ratis/877f8f51-b837-4487-a876-18e36f9a07a1/current/log_inprogress_0
2019-07-16 14:30:37,536 INFO  impl.RaftServerImpl (ServerState.java:setRaftConf(361)) - 6d697e13-9497-4e0d-8bcc-f472359aeea0:group-18E36F9A07A1 set configuration 0: [5f3c4c0e-4450-4ff4-bbfd-a5f8469be034:192.168.157.241:45859, 6d697e13-9497-4e0d-8bcc-f472359aeea0:192.168.157.241:39692, 2475e664-3ed4-4fb1-9b43-2d8849b7953b:192.168.157.241:44425], old=null at 0
2019-07-16 14:30:37,536 INFO  impl.RaftServerImpl (ServerState.java:setRaftConf(361)) - 2475e664-3ed4-4fb1-9b43-2d8849b7953b:group-18E36F9A07A1 set configuration 0: [5f3c4c0e-4450-4ff4-bbfd-a5f8469be034:192.168.157.241:45859, 6d697e13-9497-4e0d-8bcc-f472359aeea0:192.168.157.241:39692, 2475e664-3ed4-4fb1-9b43-2d8849b7953b:192.168.157.241:44425], old=null at 0
2019-07-16 14:30:37,537 INFO  segmented.SegmentedRaftLogWorker (SegmentedRaftLogWorker.java:startLogSegment(380)) - 6d697e13-9497-4e0d-8bcc-f472359aeea0-SegmentedRaftLogWorker:Storage Directory /workdir/hadoop-ozone/integration-test/target/test-dir/MiniOzoneClusterImpl-1371a592-ac7f-4000-a7db-a34d70e9878b/datanode-1/data/ratis/877f8f51-b837-4487-a876-18e36f9a07a1: Starting segment from index:0
2019-07-16 14:30:37,537 INFO  segmented.SegmentedRaftLogWorker (SegmentedRaftLogWorker.java:startLogSegment(380)) - 2475e664-3ed4-4fb1-9b43-2d8849b7953b-SegmentedRaftLogWorker:Storage Directory /workdir/hadoop-ozone/integration-test/target/test-dir/MiniOzoneClusterImpl-1371a592-ac7f-4000-a7db-a34d70e9878b/datanode-0/data/ratis/877f8f51-b837-4487-a876-18e36f9a07a1: Starting segment from index:0
2019-07-16 14:30:37,552 INFO  impl.FollowerState (FollowerState.java:run(106)) - 0e239eaf-b2fc-4971-ad36-a2288bdc5950:group-91213C6814E0 changes to CANDIDATE, lastRpcTime:5104, electionTimeout:5104ms
2019-07-16 14:30:37,553 INFO  impl.RoleInfo (RoleInfo.java:shutdownFollowerState(121)) - 0e239eaf-b2fc-4971-ad36-a2288bdc5950: shutdown FollowerState
2019-07-16 14:30:37,553 INFO  impl.RaftServerImpl (RaftServerImpl.java:setRole(171)) - 0e239eaf-b2fc-4971-ad36-a2288bdc5950:group-91213C6814E0 changes role from FOLLOWER to CANDIDATE at term 0 for changeToCandidate
2019-07-16 14:30:37,553 INFO  impl.RoleInfo (RoleInfo.java:updateAndGet(143)) - 0e239eaf-b2fc-4971-ad36-a2288bdc5950: start LeaderElection
2019-07-16 14:30:37,571 INFO  segmented.SegmentedRaftLogWorker (SegmentedRaftLogWorker.java:execute(569)) - 2475e664-3ed4-4fb1-9b43-2d8849b7953b-SegmentedRaftLogWorker:Storage Directory /workdir/hadoop-ozone/integration-test/target/test-dir/MiniOzoneClusterImpl-1371a592-ac7f-4000-a7db-a34d70e9878b/datanode-0/data/ratis/877f8f51-b837-4487-a876-18e36f9a07a1: created new log segment /workdir/hadoop-ozone/integration-test/target/test-dir/MiniOzoneClusterImpl-1371a592-ac7f-4000-a7db-a34d70e9878b/datanode-0/data/ratis/877f8f51-b837-4487-a876-18e36f9a07a1/current/log_inprogress_0
2019-07-16 14:30:37,571 INFO  segmented.SegmentedRaftLogWorker (SegmentedRaftLogWorker.java:execute(569)) - 6d697e13-9497-4e0d-8bcc-f472359aeea0-SegmentedRaftLogWorker:Storage Directory /workdir/hadoop-ozone/integration-test/target/test-dir/MiniOzoneClusterImpl-1371a592-ac7f-4000-a7db-a34d70e9878b/datanode-1/data/ratis/877f8f51-b837-4487-a876-18e36f9a07a1: created new log segment /workdir/hadoop-ozone/integration-test/target/test-dir/MiniOzoneClusterImpl-1371a592-ac7f-4000-a7db-a34d70e9878b/datanode-1/data/ratis/877f8f51-b837-4487-a876-18e36f9a07a1/current/log_inprogress_0
2019-07-16 14:30:37,572 INFO  impl.LeaderElection (LeaderElection.java:askForVotes(181)) - 0e239eaf-b2fc-4971-ad36-a2288bdc5950:group-91213C6814E0:LeaderElection106: begin an election at term 1 for -1: [0e239eaf-b2fc-4971-ad36-a2288bdc5950:192.168.157.241:39168], old=null
2019-07-16 14:30:37,572 INFO  impl.RoleInfo (RoleInfo.java:shutdownLeaderElection(134)) - 0e239eaf-b2fc-4971-ad36-a2288bdc5950: shutdown LeaderElection
2019-07-16 14:30:37,572 INFO  impl.RaftServerImpl (RaftServerImpl.java:setRole(171)) - 0e239eaf-b2fc-4971-ad36-a2288bdc5950:group-91213C6814E0 changes role from CANDIDATE to LEADER at term 1 for changeToLeader
2019-07-16 14:30:37,572 INFO  impl.RaftServerImpl (ServerState.java:setLeader(263)) - 0e239eaf-b2fc-4971-ad36-a2288bdc5950:group-91213C6814E0 change Leader from null to 0e239eaf-b2fc-4971-ad36-a2288bdc5950 at term 1 for becomeLeader, leader elected after 5128ms
2019-07-16 14:30:37,574 INFO  server.RaftServerConfigKeys (ConfUtils.java:logGet(43)) - raft.server.staging.catchup.gap = 1000 (default)
2019-07-16 14:30:37,574 INFO  server.RaftServerConfigKeys (ConfUtils.java:logGet(43)) - raft.server.rpc.sleep.time = 25ms (default)
2019-07-16 14:30:37,575 INFO  server.RaftServerConfigKeys (ConfUtils.java:logGet(43)) - raft.server.write.element-limit = 4096 (default)
2019-07-16 14:30:37,575 INFO  server.RaftServerConfigKeys (ConfUtils.java:logGet(43)) - raft.server.watch.timeout = 10s (default)
2019-07-16 14:30:37,575 INFO  server.RaftServerConfigKeys (ConfUtils.java:logGet(43)) - raft.server.watch.timeout.denomination = 1s (default)
2019-07-16 14:30:37,575 INFO  server.RaftServerConfigKeys (ConfUtils.java:logGet(43)) - raft.server.watch.element-limit = 65536 (default)
2019-07-16 14:30:37,575 INFO  impl.RoleInfo (RoleInfo.java:updateAndGet(143)) - 0e239eaf-b2fc-4971-ad36-a2288bdc5950: start LeaderState
2019-07-16 14:30:37,576 INFO  segmented.SegmentedRaftLogWorker (SegmentedRaftLogWorker.java:startLogSegment(380)) - 0e239eaf-b2fc-4971-ad36-a2288bdc5950-SegmentedRaftLogWorker:Storage Directory /workdir/hadoop-ozone/integration-test/target/test-dir/MiniOzoneClusterImpl-1371a592-ac7f-4000-a7db-a34d70e9878b/datanode-3/data/ratis/ce014869-85b6-4662-9cb5-91213c6814e0: Starting segment from index:0
2019-07-16 14:30:37,576 INFO  impl.RaftServerImpl (ServerState.java:setRaftConf(361)) - 0e239eaf-b2fc-4971-ad36-a2288bdc5950:group-91213C6814E0 set configuration 0: [0e239eaf-b2fc-4971-ad36-a2288bdc5950:192.168.157.241:39168], old=null at 0
2019-07-16 14:30:37,604 INFO  segmented.SegmentedRaftLogWorker (SegmentedRaftLogWorker.java:execute(569)) - 0e239eaf-b2fc-4971-ad36-a2288bdc5950-SegmentedRaftLogWorker:Storage Directory /workdir/hadoop-ozone/integration-test/target/test-dir/MiniOzoneClusterImpl-1371a592-ac7f-4000-a7db-a34d70e9878b/datanode-3/data/ratis/ce014869-85b6-4662-9cb5-91213c6814e0: created new log segment /workdir/hadoop-ozone/integration-test/target/test-dir/MiniOzoneClusterImpl-1371a592-ac7f-4000-a7db-a34d70e9878b/datanode-3/data/ratis/ce014869-85b6-4662-9cb5-91213c6814e0/current/log_inprogress_0
2019-07-16 14:30:37,624 INFO  impl.FollowerState (FollowerState.java:run(106)) - 9b40aaed-d4f3-4f9a-a195-e0f4fe665383:group-F7F8060A0441 changes to CANDIDATE, lastRpcTime:5033, electionTimeout:5033ms
2019-07-16 14:30:37,624 INFO  impl.RoleInfo (RoleInfo.java:shutdownFollowerState(121)) - 9b40aaed-d4f3-4f9a-a195-e0f4fe665383: shutdown FollowerState
2019-07-16 14:30:37,624 INFO  impl.RaftServerImpl (RaftServerImpl.java:setRole(171)) - 9b40aaed-d4f3-4f9a-a195-e0f4fe665383:group-F7F8060A0441 changes role from FOLLOWER to CANDIDATE at term 0 for changeToCandidate
2019-07-16 14:30:37,624 INFO  impl.RoleInfo (RoleInfo.java:updateAndGet(143)) - 9b40aaed-d4f3-4f9a-a195-e0f4fe665383: start LeaderElection
2019-07-16 14:30:37,645 INFO  impl.LeaderElection (LeaderElection.java:askForVotes(181)) - 9b40aaed-d4f3-4f9a-a195-e0f4fe665383:group-F7F8060A0441:LeaderElection107: begin an election at term 1 for -1: [9b40aaed-d4f3-4f9a-a195-e0f4fe665383:192.168.157.241:41148], old=null
2019-07-16 14:30:37,646 INFO  impl.RoleInfo (RoleInfo.java:shutdownLeaderElection(134)) - 9b40aaed-d4f3-4f9a-a195-e0f4fe665383: shutdown LeaderElection
2019-07-16 14:30:37,646 INFO  impl.RaftServerImpl (RaftServerImpl.java:setRole(171)) - 9b40aaed-d4f3-4f9a-a195-e0f4fe665383:group-F7F8060A0441 changes role from CANDIDATE to LEADER at term 1 for changeToLeader
2019-07-16 14:30:37,646 INFO  impl.RaftServerImpl (ServerState.java:setLeader(263)) - 9b40aaed-d4f3-4f9a-a195-e0f4fe665383:group-F7F8060A0441 change Leader from null to 9b40aaed-d4f3-4f9a-a195-e0f4fe665383 at term 1 for becomeLeader, leader elected after 5059ms
2019-07-16 14:30:37,649 INFO  server.RaftServerConfigKeys (ConfUtils.java:logGet(43)) - raft.server.staging.catchup.gap = 1000 (default)
2019-07-16 14:30:37,649 INFO  server.RaftServerConfigKeys (ConfUtils.java:logGet(43)) - raft.server.rpc.sleep.time = 25ms (default)
2019-07-16 14:30:37,649 INFO  server.RaftServerConfigKeys (ConfUtils.java:logGet(43)) - raft.server.write.element-limit = 4096 (default)
2019-07-16 14:30:37,649 INFO  server.RaftServerConfigKeys (ConfUtils.java:logGet(43)) - raft.server.watch.timeout = 10s (default)
2019-07-16 14:30:37,649 INFO  server.RaftServerConfigKeys (ConfUtils.java:logGet(43)) - raft.server.watch.timeout.denomination = 1s (default)
2019-07-16 14:30:37,649 INFO  server.RaftServerConfigKeys (ConfUtils.java:logGet(43)) - raft.server.watch.element-limit = 65536 (default)
2019-07-16 14:30:37,649 INFO  impl.RoleInfo (RoleInfo.java:updateAndGet(143)) - 9b40aaed-d4f3-4f9a-a195-e0f4fe665383: start LeaderState
2019-07-16 14:30:37,650 INFO  segmented.SegmentedRaftLogWorker (SegmentedRaftLogWorker.java:startLogSegment(380)) - 9b40aaed-d4f3-4f9a-a195-e0f4fe665383-SegmentedRaftLogWorker:Storage Directory /workdir/hadoop-ozone/integration-test/target/test-dir/MiniOzoneClusterImpl-1371a592-ac7f-4000-a7db-a34d70e9878b/datanode-4/data/ratis/04fe219c-a530-4fae-826f-f7f8060a0441: Starting segment from index:0
2019-07-16 14:30:37,650 INFO  impl.RaftServerImpl (ServerState.java:setRaftConf(361)) - 9b40aaed-d4f3-4f9a-a195-e0f4fe665383:group-F7F8060A0441 set configuration 0: [9b40aaed-d4f3-4f9a-a195-e0f4fe665383:192.168.157.241:41148], old=null at 0
2019-07-16 14:30:37,682 INFO  segmented.SegmentedRaftLogWorker (SegmentedRaftLogWorker.java:execute(569)) - 9b40aaed-d4f3-4f9a-a195-e0f4fe665383-SegmentedRaftLogWorker:Storage Directory /workdir/hadoop-ozone/integration-test/target/test-dir/MiniOzoneClusterImpl-1371a592-ac7f-4000-a7db-a34d70e9878b/datanode-4/data/ratis/04fe219c-a530-4fae-826f-f7f8060a0441: created new log segment /workdir/hadoop-ozone/integration-test/target/test-dir/MiniOzoneClusterImpl-1371a592-ac7f-4000-a7db-a34d70e9878b/datanode-4/data/ratis/04fe219c-a530-4fae-826f-f7f8060a0441/current/log_inprogress_0
2019-07-16 14:30:37,842 INFO  impl.FollowerState (FollowerState.java:run(106)) - 2bc1a797-bd7e-4c0a-a925-dbb126e19968:group-5DFA92C86733 changes to CANDIDATE, lastRpcTime:5109, electionTimeout:5109ms
2019-07-16 14:30:37,842 INFO  impl.RoleInfo (RoleInfo.java:shutdownFollowerState(121)) - 2bc1a797-bd7e-4c0a-a925-dbb126e19968: shutdown FollowerState
2019-07-16 14:30:37,842 INFO  impl.RaftServerImpl (RaftServerImpl.java:setRole(171)) - 2bc1a797-bd7e-4c0a-a925-dbb126e19968:group-5DFA92C86733 changes role from FOLLOWER to CANDIDATE at term 0 for changeToCandidate
2019-07-16 14:30:37,842 INFO  impl.RoleInfo (RoleInfo.java:updateAndGet(143)) - 2bc1a797-bd7e-4c0a-a925-dbb126e19968: start LeaderElection
2019-07-16 14:30:37,862 INFO  impl.LeaderElection (LeaderElection.java:askForVotes(181)) - 2bc1a797-bd7e-4c0a-a925-dbb126e19968:group-5DFA92C86733:LeaderElection108: begin an election at term 1 for -1: [2bc1a797-bd7e-4c0a-a925-dbb126e19968:192.168.157.241:41203], old=null
2019-07-16 14:30:37,862 INFO  impl.RoleInfo (RoleInfo.java:shutdownLeaderElection(134)) - 2bc1a797-bd7e-4c0a-a925-dbb126e19968: shutdown LeaderElection
2019-07-16 14:30:37,862 INFO  impl.RaftServerImpl (RaftServerImpl.java:setRole(171)) - 2bc1a797-bd7e-4c0a-a925-dbb126e19968:group-5DFA92C86733 changes role from CANDIDATE to LEADER at term 1 for changeToLeader
2019-07-16 14:30:37,863 INFO  impl.RaftServerImpl (ServerState.java:setLeader(263)) - 2bc1a797-bd7e-4c0a-a925-dbb126e19968:group-5DFA92C86733 change Leader from null to 2bc1a797-bd7e-4c0a-a925-dbb126e19968 at term 1 for becomeLeader, leader elected after 5134ms
2019-07-16 14:30:37,865 INFO  server.RaftServerConfigKeys (ConfUtils.java:logGet(43)) - raft.server.staging.catchup.gap = 1000 (default)
2019-07-16 14:30:37,865 INFO  server.RaftServerConfigKeys (ConfUtils.java:logGet(43)) - raft.server.rpc.sleep.time = 25ms (default)
2019-07-16 14:30:37,866 INFO  server.RaftServerConfigKeys (ConfUtils.java:logGet(43)) - raft.server.write.element-limit = 4096 (default)
2019-07-16 14:30:37,866 INFO  server.RaftServerConfigKeys (ConfUtils.java:logGet(43)) - raft.server.watch.timeout = 10s (default)
2019-07-16 14:30:37,866 INFO  server.RaftServerConfigKeys (ConfUtils.java:logGet(43)) - raft.server.watch.timeout.denomination = 1s (default)
2019-07-16 14:30:37,866 INFO  server.RaftServerConfigKeys (ConfUtils.java:logGet(43)) - raft.server.watch.element-limit = 65536 (default)
2019-07-16 14:30:37,866 INFO  impl.RoleInfo (RoleInfo.java:updateAndGet(143)) - 2bc1a797-bd7e-4c0a-a925-dbb126e19968: start LeaderState
2019-07-16 14:30:37,866 INFO  segmented.SegmentedRaftLogWorker (SegmentedRaftLogWorker.java:startLogSegment(380)) - 2bc1a797-bd7e-4c0a-a925-dbb126e19968-SegmentedRaftLogWorker:Storage Directory /workdir/hadoop-ozone/integration-test/target/test-dir/MiniOzoneClusterImpl-1371a592-ac7f-4000-a7db-a34d70e9878b/datanode-5/data/ratis/18eb6a1a-fbe3-49af-b66b-5dfa92c86733: Starting segment from index:0
2019-07-16 14:30:37,867 INFO  impl.RaftServerImpl (ServerState.java:setRaftConf(361)) - 2bc1a797-bd7e-4c0a-a925-dbb126e19968:group-5DFA92C86733 set configuration 0: [2bc1a797-bd7e-4c0a-a925-dbb126e19968:192.168.157.241:41203], old=null at 0
2019-07-16 14:30:37,888 INFO  impl.FollowerState (FollowerState.java:run(106)) - 0e239eaf-b2fc-4971-ad36-a2288bdc5950:group-5DDF8641038F changes to CANDIDATE, lastRpcTime:5099, electionTimeout:5094ms
2019-07-16 14:30:37,888 INFO  impl.RoleInfo (RoleInfo.java:shutdownFollowerState(121)) - 0e239eaf-b2fc-4971-ad36-a2288bdc5950: shutdown FollowerState
2019-07-16 14:30:37,888 INFO  impl.RaftServerImpl (RaftServerImpl.java:setRole(171)) - 0e239eaf-b2fc-4971-ad36-a2288bdc5950:group-5DDF8641038F changes role from FOLLOWER to CANDIDATE at term 0 for changeToCandidate
2019-07-16 14:30:37,889 INFO  impl.RoleInfo (RoleInfo.java:updateAndGet(143)) - 0e239eaf-b2fc-4971-ad36-a2288bdc5950: start LeaderElection
2019-07-16 14:30:37,897 INFO  impl.FollowerState (FollowerState.java:run(106)) - 9b40aaed-d4f3-4f9a-a195-e0f4fe665383:group-5DDF8641038F changes to CANDIDATE, lastRpcTime:5101, electionTimeout:5101ms
2019-07-16 14:30:37,897 INFO  impl.RoleInfo (RoleInfo.java:shutdownFollowerState(121)) - 9b40aaed-d4f3-4f9a-a195-e0f4fe665383: shutdown FollowerState
2019-07-16 14:30:37,897 INFO  impl.RaftServerImpl (RaftServerImpl.java:setRole(171)) - 9b40aaed-d4f3-4f9a-a195-e0f4fe665383:group-5DDF8641038F changes role from FOLLOWER to CANDIDATE at term 0 for changeToCandidate
2019-07-16 14:30:37,898 INFO  impl.RoleInfo (RoleInfo.java:updateAndGet(143)) - 9b40aaed-d4f3-4f9a-a195-e0f4fe665383: start LeaderElection
2019-07-16 14:30:37,903 INFO  segmented.SegmentedRaftLogWorker (SegmentedRaftLogWorker.java:execute(569)) - 2bc1a797-bd7e-4c0a-a925-dbb126e19968-SegmentedRaftLogWorker:Storage Directory /workdir/hadoop-ozone/integration-test/target/test-dir/MiniOzoneClusterImpl-1371a592-ac7f-4000-a7db-a34d70e9878b/datanode-5/data/ratis/18eb6a1a-fbe3-49af-b66b-5dfa92c86733: created new log segment /workdir/hadoop-ozone/integration-test/target/test-dir/MiniOzoneClusterImpl-1371a592-ac7f-4000-a7db-a34d70e9878b/datanode-5/data/ratis/18eb6a1a-fbe3-49af-b66b-5dfa92c86733/current/log_inprogress_0
2019-07-16 14:30:37,903 INFO  impl.LeaderElection (LeaderElection.java:askForVotes(181)) - 0e239eaf-b2fc-4971-ad36-a2288bdc5950:group-5DDF8641038F:LeaderElection109: begin an election at term 1 for -1: [0e239eaf-b2fc-4971-ad36-a2288bdc5950:192.168.157.241:39168, 9b40aaed-d4f3-4f9a-a195-e0f4fe665383:192.168.157.241:41148, 2bc1a797-bd7e-4c0a-a925-dbb126e19968:192.168.157.241:41203], old=null
2019-07-16 14:30:37,910 INFO  impl.RaftServerImpl (RaftServerImpl.java:setRole(171)) - 2bc1a797-bd7e-4c0a-a925-dbb126e19968:group-5DDF8641038F changes role from FOLLOWER to FOLLOWER at term 1 for recognizeCandidate:0e239eaf-b2fc-4971-ad36-a2288bdc5950
2019-07-16 14:30:37,910 INFO  impl.RoleInfo (RoleInfo.java:shutdownFollowerState(121)) - 2bc1a797-bd7e-4c0a-a925-dbb126e19968: shutdown FollowerState
2019-07-16 14:30:37,911 INFO  impl.RoleInfo (RoleInfo.java:updateAndGet(143)) - 2bc1a797-bd7e-4c0a-a925-dbb126e19968: start FollowerState
2019-07-16 14:30:37,911 INFO  impl.FollowerState (FollowerState.java:run(114)) - 2bc1a797-bd7e-4c0a-a925-dbb126e19968: FollowerState was interrupted: java.lang.InterruptedException: sleep interrupted
2019-07-16 14:30:37,917 INFO  impl.LeaderElection (LeaderElection.java:askForVotes(181)) - 9b40aaed-d4f3-4f9a-a195-e0f4fe665383:group-5DDF8641038F:LeaderElection110: begin an election at term 1 for -1: [0e239eaf-b2fc-4971-ad36-a2288bdc5950:192.168.157.241:39168, 9b40aaed-d4f3-4f9a-a195-e0f4fe665383:192.168.157.241:41148, 2bc1a797-bd7e-4c0a-a925-dbb126e19968:192.168.157.241:41203], old=null
2019-07-16 14:30:37,930 INFO  impl.LeaderElection (LeaderElection.java:logAndReturn(56)) - 0e239eaf-b2fc-4971-ad36-a2288bdc5950:group-5DDF8641038F:LeaderElection109: Election PASSED; received 1 response(s) [0e239eaf-b2fc-4971-ad36-a2288bdc5950<-2bc1a797-bd7e-4c0a-a925-dbb126e19968#0:OK-t1] and 0 exception(s); 0e239eaf-b2fc-4971-ad36-a2288bdc5950:t1, leader=null, voted=0e239eaf-b2fc-4971-ad36-a2288bdc5950, raftlog=0e239eaf-b2fc-4971-ad36-a2288bdc5950-SegmentedRaftLog:OPENED:c-1,f-1,i0, conf=-1: [0e239eaf-b2fc-4971-ad36-a2288bdc5950:192.168.157.241:39168, 9b40aaed-d4f3-4f9a-a195-e0f4fe665383:192.168.157.241:41148, 2bc1a797-bd7e-4c0a-a925-dbb126e19968:192.168.157.241:41203], old=null
2019-07-16 14:30:37,930 INFO  impl.RoleInfo (RoleInfo.java:shutdownLeaderElection(134)) - 0e239eaf-b2fc-4971-ad36-a2288bdc5950: shutdown LeaderElection
2019-07-16 14:30:37,932 INFO  impl.RaftServerImpl (RaftServerImpl.java:setRole(171)) - 0e239eaf-b2fc-4971-ad36-a2288bdc5950:group-5DDF8641038F changes role from CANDIDATE to LEADER at term 1 for changeToLeader
2019-07-16 14:30:37,933 INFO  impl.RaftServerImpl (ServerState.java:setLeader(263)) - 0e239eaf-b2fc-4971-ad36-a2288bdc5950:group-5DDF8641038F change Leader from null to 0e239eaf-b2fc-4971-ad36-a2288bdc5950 at term 1 for becomeLeader, leader elected after 5150ms
2019-07-16 14:30:37,933 INFO  server.RaftServerConfigKeys (ConfUtils.java:logGet(43)) - raft.server.staging.catchup.gap = 1000 (default)
2019-07-16 14:30:37,933 INFO  server.RaftServerConfigKeys (ConfUtils.java:logGet(43)) - raft.server.rpc.sleep.time = 25ms (default)
2019-07-16 14:30:37,933 INFO  server.RaftServerConfigKeys (ConfUtils.java:logGet(43)) - raft.server.write.element-limit = 4096 (default)
2019-07-16 14:30:37,933 INFO  server.RaftServerConfigKeys (ConfUtils.java:logGet(43)) - raft.server.watch.timeout = 10s (default)
2019-07-16 14:30:37,934 INFO  server.RaftServerConfigKeys (ConfUtils.java:logGet(43)) - raft.server.watch.timeout.denomination = 1s (default)
2019-07-16 14:30:37,934 INFO  server.RaftServerConfigKeys (ConfUtils.java:logGet(43)) - raft.server.watch.element-limit = 65536 (default)
2019-07-16 14:30:37,934 INFO  server.RaftServerConfigKeys (ConfUtils.java:logGet(43)) - raft.server.log.appender.snapshot.chunk.size.max = 16MB (=16777216) (default)
2019-07-16 14:30:37,934 INFO  server.RaftServerConfigKeys (ConfUtils.java:logGet(43)) - raft.server.log.appender.buffer.byte-limit = 33554432 (custom)
2019-07-16 14:30:37,935 INFO  server.RaftServerConfigKeys (ConfUtils.java:logGet(43)) - raft.server.log.appender.buffer.element-limit = 1 (custom)
2019-07-16 14:30:37,935 INFO  grpc.GrpcConfigKeys$Server (ConfUtils.java:logGet(43)) - raft.grpc.server.leader.outstanding.appends.max = 128 (default)
2019-07-16 14:30:37,935 INFO  server.RaftServerConfigKeys (ConfUtils.java:logGet(43)) - raft.server.rpc.request.timeout = 3000ms (default)
2019-07-16 14:30:37,938 INFO  server.RaftServerConfigKeys (ConfUtils.java:logGet(43)) - raft.server.log.appender.install.snapshot.enabled = false (custom)
2019-07-16 14:30:37,938 INFO  server.RaftServerConfigKeys (ConfUtils.java:logGet(43)) - raft.server.log.appender.snapshot.chunk.size.max = 16MB (=16777216) (default)
2019-07-16 14:30:37,938 INFO  server.RaftServerConfigKeys (ConfUtils.java:logGet(43)) - raft.server.log.appender.buffer.byte-limit = 33554432 (custom)
2019-07-16 14:30:37,938 INFO  server.RaftServerConfigKeys (ConfUtils.java:logGet(43)) - raft.server.log.appender.buffer.element-limit = 1 (custom)
2019-07-16 14:30:37,938 INFO  grpc.GrpcConfigKeys$Server (ConfUtils.java:logGet(43)) - raft.grpc.server.leader.outstanding.appends.max = 128 (default)
2019-07-16 14:30:37,939 INFO  server.RaftServerConfigKeys (ConfUtils.java:logGet(43)) - raft.server.rpc.request.timeout = 3000ms (default)
2019-07-16 14:30:37,939 INFO  server.RaftServerConfigKeys (ConfUtils.java:logGet(43)) - raft.server.log.appender.install.snapshot.enabled = false (custom)
2019-07-16 14:30:37,939 INFO  impl.RoleInfo (RoleInfo.java:updateAndGet(143)) - 0e239eaf-b2fc-4971-ad36-a2288bdc5950: start LeaderState
2019-07-16 14:30:37,939 INFO  segmented.SegmentedRaftLogWorker (SegmentedRaftLogWorker.java:startLogSegment(380)) - 0e239eaf-b2fc-4971-ad36-a2288bdc5950-SegmentedRaftLogWorker:Storage Directory /workdir/hadoop-ozone/integration-test/target/test-dir/MiniOzoneClusterImpl-1371a592-ac7f-4000-a7db-a34d70e9878b/datanode-3/data/ratis/59848a11-3f5b-4ebe-9ff5-5ddf8641038f: Starting segment from index:0
2019-07-16 14:30:37,940 INFO  impl.RaftServerImpl (ServerState.java:setRaftConf(361)) - 0e239eaf-b2fc-4971-ad36-a2288bdc5950:group-5DDF8641038F set configuration 0: [0e239eaf-b2fc-4971-ad36-a2288bdc5950:192.168.157.241:39168, 9b40aaed-d4f3-4f9a-a195-e0f4fe665383:192.168.157.241:41148, 2bc1a797-bd7e-4c0a-a925-dbb126e19968:192.168.157.241:41203], old=null at 0
2019-07-16 14:30:37,962 INFO  impl.RaftServerImpl (RaftServerImpl.java:requestVote(754)) - 0e239eaf-b2fc-4971-ad36-a2288bdc5950-LEADER: Withhold vote from candidate 9b40aaed-d4f3-4f9a-a195-e0f4fe665383 with term 1. State: leader=0e239eaf-b2fc-4971-ad36-a2288bdc5950, term=1, lastRpcElapsed=null
2019-07-16 14:30:37,966 INFO  impl.RaftServerImpl (RaftServerImpl.java:setRole(171)) - 9b40aaed-d4f3-4f9a-a195-e0f4fe665383:group-5DDF8641038F changes role from CANDIDATE to FOLLOWER at term 1 for appendEntries
2019-07-16 14:30:37,966 INFO  impl.LeaderElection (LeaderElection.java:logAndReturn(56)) - 9b40aaed-d4f3-4f9a-a195-e0f4fe665383:group-5DDF8641038F:LeaderElection110: Election REJECTED; received 2 response(s) [9b40aaed-d4f3-4f9a-a195-e0f4fe665383<-0e239eaf-b2fc-4971-ad36-a2288bdc5950#0:FAIL-t1, 9b40aaed-d4f3-4f9a-a195-e0f4fe665383<-2bc1a797-bd7e-4c0a-a925-dbb126e19968#0:FAIL-t1] and 0 exception(s); 9b40aaed-d4f3-4f9a-a195-e0f4fe665383:t1, leader=null, voted=9b40aaed-d4f3-4f9a-a195-e0f4fe665383, raftlog=9b40aaed-d4f3-4f9a-a195-e0f4fe665383-SegmentedRaftLog:OPENED:c-1,f-1,i0, conf=-1: [0e239eaf-b2fc-4971-ad36-a2288bdc5950:192.168.157.241:39168, 9b40aaed-d4f3-4f9a-a195-e0f4fe665383:192.168.157.241:41148, 2bc1a797-bd7e-4c0a-a925-dbb126e19968:192.168.157.241:41203], old=null
2019-07-16 14:30:37,966 INFO  impl.RoleInfo (RoleInfo.java:shutdownLeaderElection(134)) - 9b40aaed-d4f3-4f9a-a195-e0f4fe665383: shutdown LeaderElection
2019-07-16 14:30:37,966 INFO  impl.RaftServerImpl (ServerState.java:setLeader(263)) - 2bc1a797-bd7e-4c0a-a925-dbb126e19968:group-5DDF8641038F change Leader from null to 0e239eaf-b2fc-4971-ad36-a2288bdc5950 at term 1 for appendEntries, leader elected after 5183ms
2019-07-16 14:30:37,969 INFO  impl.RoleInfo (RoleInfo.java:updateAndGet(143)) - 9b40aaed-d4f3-4f9a-a195-e0f4fe665383: start FollowerState
2019-07-16 14:30:37,971 INFO  impl.RaftServerImpl (ServerState.java:setLeader(263)) - 9b40aaed-d4f3-4f9a-a195-e0f4fe665383:group-5DDF8641038F change Leader from null to 0e239eaf-b2fc-4971-ad36-a2288bdc5950 at term 1 for appendEntries, leader elected after 5188ms
2019-07-16 14:30:37,975 INFO  segmented.SegmentedRaftLogWorker (SegmentedRaftLogWorker.java:execute(569)) - 0e239eaf-b2fc-4971-ad36-a2288bdc5950-SegmentedRaftLogWorker:Storage Directory /workdir/hadoop-ozone/integration-test/target/test-dir/MiniOzoneClusterImpl-1371a592-ac7f-4000-a7db-a34d70e9878b/datanode-3/data/ratis/59848a11-3f5b-4ebe-9ff5-5ddf8641038f: created new log segment /workdir/hadoop-ozone/integration-test/target/test-dir/MiniOzoneClusterImpl-1371a592-ac7f-4000-a7db-a34d70e9878b/datanode-3/data/ratis/59848a11-3f5b-4ebe-9ff5-5ddf8641038f/current/log_inprogress_0
2019-07-16 14:30:37,975 INFO  impl.RaftServerImpl (ServerState.java:setRaftConf(361)) - 9b40aaed-d4f3-4f9a-a195-e0f4fe665383:group-5DDF8641038F set configuration 0: [0e239eaf-b2fc-4971-ad36-a2288bdc5950:192.168.157.241:39168, 9b40aaed-d4f3-4f9a-a195-e0f4fe665383:192.168.157.241:41148, 2bc1a797-bd7e-4c0a-a925-dbb126e19968:192.168.157.241:41203], old=null at 0
2019-07-16 14:30:37,975 INFO  impl.RaftServerImpl (ServerState.java:setRaftConf(361)) - 2bc1a797-bd7e-4c0a-a925-dbb126e19968:group-5DDF8641038F set configuration 0: [0e239eaf-b2fc-4971-ad36-a2288bdc5950:192.168.157.241:39168, 9b40aaed-d4f3-4f9a-a195-e0f4fe665383:192.168.157.241:41148, 2bc1a797-bd7e-4c0a-a925-dbb126e19968:192.168.157.241:41203], old=null at 0
2019-07-16 14:30:37,976 INFO  segmented.SegmentedRaftLogWorker (SegmentedRaftLogWorker.java:startLogSegment(380)) - 9b40aaed-d4f3-4f9a-a195-e0f4fe665383-SegmentedRaftLogWorker:Storage Directory /workdir/hadoop-ozone/integration-test/target/test-dir/MiniOzoneClusterImpl-1371a592-ac7f-4000-a7db-a34d70e9878b/datanode-4/data/ratis/59848a11-3f5b-4ebe-9ff5-5ddf8641038f: Starting segment from index:0
2019-07-16 14:30:37,976 INFO  segmented.SegmentedRaftLogWorker (SegmentedRaftLogWorker.java:startLogSegment(380)) - 2bc1a797-bd7e-4c0a-a925-dbb126e19968-SegmentedRaftLogWorker:Storage Directory /workdir/hadoop-ozone/integration-test/target/test-dir/MiniOzoneClusterImpl-1371a592-ac7f-4000-a7db-a34d70e9878b/datanode-5/data/ratis/59848a11-3f5b-4ebe-9ff5-5ddf8641038f: Starting segment from index:0
2019-07-16 14:30:38,002 INFO  client.GrpcClientProtocolClient (GrpcClientProtocolClient.java:onNext(255)) - client-4BA3180C5A60->9b40aaed-d4f3-4f9a-a195-e0f4fe665383: receive RaftClientReply:client-4BA3180C5A60->9b40aaed-d4f3-4f9a-a195-e0f4fe665383@group-5DDF8641038F, cid=272, FAILED org.apache.ratis.protocol.NotLeaderException: Server 9b40aaed-d4f3-4f9a-a195-e0f4fe665383 is not the leader (0e239eaf-b2fc-4971-ad36-a2288bdc5950:192.168.157.241:39168). Request must be sent to leader., logIndex=0, commits[9b40aaed-d4f3-4f9a-a195-e0f4fe665383:c-1, 0e239eaf-b2fc-4971-ad36-a2288bdc5950:c-1, 2bc1a797-bd7e-4c0a-a925-dbb126e19968:c-1]
2019-07-16 14:30:38,012 INFO  segmented.SegmentedRaftLogWorker (SegmentedRaftLogWorker.java:execute(569)) - 2bc1a797-bd7e-4c0a-a925-dbb126e19968-SegmentedRaftLogWorker:Storage Directory /workdir/hadoop-ozone/integration-test/target/test-dir/MiniOzoneClusterImpl-1371a592-ac7f-4000-a7db-a34d70e9878b/datanode-5/data/ratis/59848a11-3f5b-4ebe-9ff5-5ddf8641038f: created new log segment /workdir/hadoop-ozone/integration-test/target/test-dir/MiniOzoneClusterImpl-1371a592-ac7f-4000-a7db-a34d70e9878b/datanode-5/data/ratis/59848a11-3f5b-4ebe-9ff5-5ddf8641038f/current/log_inprogress_0
2019-07-16 14:30:38,012 INFO  segmented.SegmentedRaftLogWorker (SegmentedRaftLogWorker.java:execute(569)) - 9b40aaed-d4f3-4f9a-a195-e0f4fe665383-SegmentedRaftLogWorker:Storage Directory /workdir/hadoop-ozone/integration-test/target/test-dir/MiniOzoneClusterImpl-1371a592-ac7f-4000-a7db-a34d70e9878b/datanode-4/data/ratis/59848a11-3f5b-4ebe-9ff5-5ddf8641038f: created new log segment /workdir/hadoop-ozone/integration-test/target/test-dir/MiniOzoneClusterImpl-1371a592-ac7f-4000-a7db-a34d70e9878b/datanode-4/data/ratis/59848a11-3f5b-4ebe-9ff5-5ddf8641038f/current/log_inprogress_0
2019-07-16 14:30:38,029 INFO  impl.FollowerState (FollowerState.java:run(106)) - 5f2692b3-85f1-4573-bfd4-4d34fae18648:group-A9903E930F74 changes to CANDIDATE, lastRpcTime:5165, electionTimeout:5165ms
2019-07-16 14:30:38,029 INFO  impl.RoleInfo (RoleInfo.java:shutdownFollowerState(121)) - 5f2692b3-85f1-4573-bfd4-4d34fae18648: shutdown FollowerState
2019-07-16 14:30:38,029 INFO  impl.RaftServerImpl (RaftServerImpl.java:setRole(171)) - 5f2692b3-85f1-4573-bfd4-4d34fae18648:group-A9903E930F74 changes role from FOLLOWER to CANDIDATE at term 0 for changeToCandidate
2019-07-16 14:30:38,029 INFO  impl.RoleInfo (RoleInfo.java:updateAndGet(143)) - 5f2692b3-85f1-4573-bfd4-4d34fae18648: start LeaderElection
2019-07-16 14:30:38,041 INFO  impl.LeaderElection (LeaderElection.java:askForVotes(181)) - 5f2692b3-85f1-4573-bfd4-4d34fae18648:group-A9903E930F74:LeaderElection111: begin an election at term 1 for -1: [5f2692b3-85f1-4573-bfd4-4d34fae18648:192.168.157.241:43759], old=null
2019-07-16 14:30:38,041 INFO  impl.RoleInfo (RoleInfo.java:shutdownLeaderElection(134)) - 5f2692b3-85f1-4573-bfd4-4d34fae18648: shutdown LeaderElection
2019-07-16 14:30:38,041 INFO  impl.RaftServerImpl (RaftServerImpl.java:setRole(171)) - 5f2692b3-85f1-4573-bfd4-4d34fae18648:group-A9903E930F74 changes role from CANDIDATE to LEADER at term 1 for changeToLeader
2019-07-16 14:30:38,041 INFO  impl.RaftServerImpl (ServerState.java:setLeader(263)) - 5f2692b3-85f1-4573-bfd4-4d34fae18648:group-A9903E930F74 change Leader from null to 5f2692b3-85f1-4573-bfd4-4d34fae18648 at term 1 for becomeLeader, leader elected after 5180ms
2019-07-16 14:30:38,044 INFO  server.RaftServerConfigKeys (ConfUtils.java:logGet(43)) - raft.server.staging.catchup.gap = 1000 (default)
2019-07-16 14:30:38,044 INFO  server.RaftServerConfigKeys (ConfUtils.java:logGet(43)) - raft.server.rpc.sleep.time = 25ms (default)
2019-07-16 14:30:38,045 INFO  server.RaftServerConfigKeys (ConfUtils.java:logGet(43)) - raft.server.write.element-limit = 4096 (default)
2019-07-16 14:30:38,045 INFO  server.RaftServerConfigKeys (ConfUtils.java:logGet(43)) - raft.server.watch.timeout = 10s (default)
2019-07-16 14:30:38,045 INFO  server.RaftServerConfigKeys (ConfUtils.java:logGet(43)) - raft.server.watch.timeout.denomination = 1s (default)
2019-07-16 14:30:38,045 INFO  server.RaftServerConfigKeys (ConfUtils.java:logGet(43)) - raft.server.watch.element-limit = 65536 (default)
2019-07-16 14:30:38,045 INFO  impl.RoleInfo (RoleInfo.java:updateAndGet(143)) - 5f2692b3-85f1-4573-bfd4-4d34fae18648: start LeaderState
2019-07-16 14:30:38,045 INFO  segmented.SegmentedRaftLogWorker (SegmentedRaftLogWorker.java:startLogSegment(380)) - 5f2692b3-85f1-4573-bfd4-4d34fae18648-SegmentedRaftLogWorker:Storage Directory /workdir/hadoop-ozone/integration-test/target/test-dir/MiniOzoneClusterImpl-1371a592-ac7f-4000-a7db-a34d70e9878b/datanode-6/data/ratis/4ada04a9-e210-4fcf-a3e6-a9903e930f74: Starting segment from index:0
2019-07-16 14:30:38,046 INFO  impl.RaftServerImpl (ServerState.java:setRaftConf(361)) - 5f2692b3-85f1-4573-bfd4-4d34fae18648:group-A9903E930F74 set configuration 0: [5f2692b3-85f1-4573-bfd4-4d34fae18648:192.168.157.241:43759], old=null at 0
2019-07-16 14:30:38,092 INFO  segmented.SegmentedRaftLogWorker (SegmentedRaftLogWorker.java:execute(569)) - 5f2692b3-85f1-4573-bfd4-4d34fae18648-SegmentedRaftLogWorker:Storage Directory /workdir/hadoop-ozone/integration-test/target/test-dir/MiniOzoneClusterImpl-1371a592-ac7f-4000-a7db-a34d70e9878b/datanode-6/data/ratis/4ada04a9-e210-4fcf-a3e6-a9903e930f74: created new log segment /workdir/hadoop-ozone/integration-test/target/test-dir/MiniOzoneClusterImpl-1371a592-ac7f-4000-a7db-a34d70e9878b/datanode-6/data/ratis/4ada04a9-e210-4fcf-a3e6-a9903e930f74/current/log_inprogress_0
2019-07-16 14:30:38,130 INFO  client.GrpcClientProtocolClient (GrpcClientProtocolClient.java:onNext(255)) - client-4BA3180C5A60->0e239eaf-b2fc-4971-ad36-a2288bdc5950: receive RaftClientReply:client-4BA3180C5A60->0e239eaf-b2fc-4971-ad36-a2288bdc5950@group-5DDF8641038F, cid=272, SUCCESS, logIndex=1, commits[0e239eaf-b2fc-4971-ad36-a2288bdc5950:c1, 9b40aaed-d4f3-4f9a-a195-e0f4fe665383:c0, 2bc1a797-bd7e-4c0a-a925-dbb126e19968:c0]
2019-07-16 14:30:38,155 INFO  client.GrpcClientProtocolClient (GrpcClientProtocolClient.java:onNext(255)) - client-4BA3180C5A60->0e239eaf-b2fc-4971-ad36-a2288bdc5950: receive RaftClientReply:client-4BA3180C5A60->0e239eaf-b2fc-4971-ad36-a2288bdc5950@group-5DDF8641038F, cid=273, SUCCESS, logIndex=3, commits[0e239eaf-b2fc-4971-ad36-a2288bdc5950:c4, 9b40aaed-d4f3-4f9a-a195-e0f4fe665383:c2, 2bc1a797-bd7e-4c0a-a925-dbb126e19968:c2]
2019-07-16 14:30:38,206 INFO  client.GrpcClientProtocolClient (GrpcClientProtocolClient.java:onNext(255)) - client-4BA3180C5A60->0e239eaf-b2fc-4971-ad36-a2288bdc5950: receive RaftClientReply:client-4BA3180C5A60->0e239eaf-b2fc-4971-ad36-a2288bdc5950@group-5DDF8641038F, cid=274, SUCCESS, logIndex=4, commits[0e239eaf-b2fc-4971-ad36-a2288bdc5950:c6, 9b40aaed-d4f3-4f9a-a195-e0f4fe665383:c4, 2bc1a797-bd7e-4c0a-a925-dbb126e19968:c4]
2019-07-16 14:30:38,208 INFO  container.CloseContainerEventHandler (CloseContainerEventHandler.java:onMessage(61)) - Close container Event triggered for container : #1
2019-07-16 14:30:38,209 INFO  container.CloseContainerEventHandler (CloseContainerEventHandler.java:onMessage(61)) - Close container Event triggered for container : #1
2019-07-16 14:30:38,209 INFO  container.CloseContainerEventHandler (CloseContainerEventHandler.java:onMessage(61)) - Close container Event triggered for container : #1
2019-07-16 14:30:39,481 INFO  interfaces.Container (KeyValueContainer.java:compactDB(356)) - Container 1 is closed with bcsId 4.
2019-07-16 14:30:39,510 INFO  interfaces.Container (KeyValueContainer.java:compactDB(356)) - Container 1 is closed with bcsId 4.
2019-07-16 14:30:39,510 INFO  interfaces.Container (KeyValueContainer.java:compactDB(356)) - Container 1 is closed with bcsId 4.
14:30:39.710 [grpc-default-executor-4] ERROR DNAudit - user=null | ip=null | op=WRITE_CHUNK {blockData=conID: 1 locID: 102451605269643286 bcsId: 4} | ret=FAILURE
org.apache.hadoop.hdds.scm.container.common.helpers.ContainerNotOpenException: Container 1 in CLOSED state
	at org.apache.hadoop.ozone.container.common.impl.HddsDispatcher.validateContainerCommand(HddsDispatcher.java:408) ~[hadoop-hdds-container-service-0.5.0-SNAPSHOT.jar:?]
	at org.apache.hadoop.ozone.container.common.transport.server.ratis.ContainerStateMachine.startTransaction(ContainerStateMachine.java:272) ~[hadoop-hdds-container-service-0.5.0-SNAPSHOT.jar:?]
	at org.apache.ratis.server.impl.RaftServerImpl.submitClientRequestAsync(RaftServerImpl.java:566) ~[ratis-server-0.4.0-2337318-SNAPSHOT.jar:0.4.0-2337318-SNAPSHOT]
	at org.apache.ratis.server.impl.RaftServerProxy.lambda$submitClientRequestAsync$7(RaftServerProxy.java:333) ~[ratis-server-0.4.0-2337318-SNAPSHOT.jar:0.4.0-2337318-SNAPSHOT]
	at org.apache.ratis.server.impl.RaftServerProxy.lambda$null$5(RaftServerProxy.java:328) ~[ratis-server-0.4.0-2337318-SNAPSHOT.jar:0.4.0-2337318-SNAPSHOT]
	at org.apache.ratis.util.JavaUtils.callAsUnchecked(JavaUtils.java:109) ~[ratis-common-0.4.0-2337318-SNAPSHOT.jar:0.4.0-2337318-SNAPSHOT]
	at org.apache.ratis.server.impl.RaftServerProxy.lambda$submitRequest$6(RaftServerProxy.java:328) ~[ratis-server-0.4.0-2337318-SNAPSHOT.jar:0.4.0-2337318-SNAPSHOT]
	at java.util.concurrent.CompletableFuture.uniComposeStage(CompletableFuture.java:981) ~[?:1.8.0_212]
	at java.util.concurrent.CompletableFuture.thenCompose(CompletableFuture.java:2124) ~[?:1.8.0_212]
	at org.apache.ratis.server.impl.RaftServerProxy.submitRequest(RaftServerProxy.java:327) ~[ratis-server-0.4.0-2337318-SNAPSHOT.jar:0.4.0-2337318-SNAPSHOT]
	at org.apache.ratis.server.impl.RaftServerProxy.submitClientRequestAsync(RaftServerProxy.java:333) ~[ratis-server-0.4.0-2337318-SNAPSHOT.jar:0.4.0-2337318-SNAPSHOT]
	at org.apache.ratis.grpc.client.GrpcClientProtocolService$RequestStreamObserver.processClientRequest(GrpcClientProtocolService.java:220) ~[ratis-grpc-0.4.0-2337318-SNAPSHOT.jar:0.4.0-2337318-SNAPSHOT]
	at org.apache.ratis.grpc.client.GrpcClientProtocolService$OrderedRequestStreamObserver.processClientRequest(GrpcClientProtocolService.java:326) ~[ratis-grpc-0.4.0-2337318-SNAPSHOT.jar:0.4.0-2337318-SNAPSHOT]
	at org.apache.ratis.util.SlidingWindow$Server.processRequestsFromHead(SlidingWindow.java:429) [ratis-common-0.4.0-2337318-SNAPSHOT.jar:0.4.0-2337318-SNAPSHOT]
	at org.apache.ratis.util.SlidingWindow$Server.receivedRequest(SlidingWindow.java:421) [ratis-common-0.4.0-2337318-SNAPSHOT.jar:0.4.0-2337318-SNAPSHOT]
	at org.apache.ratis.grpc.client.GrpcClientProtocolService$OrderedRequestStreamObserver.processClientRequest(GrpcClientProtocolService.java:345) [ratis-grpc-0.4.0-2337318-SNAPSHOT.jar:0.4.0-2337318-SNAPSHOT]
	at org.apache.ratis.grpc.client.GrpcClientProtocolService$RequestStreamObserver.onNext(GrpcClientProtocolService.java:240) [ratis-grpc-0.4.0-2337318-SNAPSHOT.jar:0.4.0-2337318-SNAPSHOT]
	at org.apache.ratis.grpc.client.GrpcClientProtocolService$RequestStreamObserver.onNext(GrpcClientProtocolService.java:168) [ratis-grpc-0.4.0-2337318-SNAPSHOT.jar:0.4.0-2337318-SNAPSHOT]
	at org.apache.ratis.thirdparty.io.grpc.stub.ServerCalls$StreamingServerCallHandler$StreamingServerCallListener.onMessage(ServerCalls.java:248) [ratis-thirdparty-misc-0.2.0.jar:0.2.0]
	at org.apache.ratis.thirdparty.io.grpc.internal.ServerCallImpl$ServerStreamListenerImpl.messagesAvailable(ServerCallImpl.java:263) [ratis-thirdparty-misc-0.2.0.jar:0.2.0]
	at org.apache.ratis.thirdparty.io.grpc.internal.ServerImpl$JumpToApplicationThreadServerStreamListener$1MessagesAvailable.runInContext(ServerImpl.java:686) [ratis-thirdparty-misc-0.2.0.jar:0.2.0]
	at org.apache.ratis.thirdparty.io.grpc.internal.ContextRunnable.run(ContextRunnable.java:37) [ratis-thirdparty-misc-0.2.0.jar:0.2.0]
	at org.apache.ratis.thirdparty.io.grpc.internal.SerializingExecutor.run(SerializingExecutor.java:123) [ratis-thirdparty-misc-0.2.0.jar:0.2.0]
	at java.util.concurrent.ThreadPoolExecutor.runWorker(ThreadPoolExecutor.java:1149) [?:1.8.0_212]
	at java.util.concurrent.ThreadPoolExecutor$Worker.run(ThreadPoolExecutor.java:624) [?:1.8.0_212]
	at java.lang.Thread.run(Thread.java:748) [?:1.8.0_212]
14:30:39.712 [grpc-default-executor-4] ERROR DNAudit - user=null | ip=null | op=WRITE_CHUNK {blockData=conID: 1 locID: 102451605269643286 bcsId: 4} | ret=FAILURE
org.apache.hadoop.hdds.scm.container.common.helpers.ContainerNotOpenException: Container 1 in CLOSED state
	at org.apache.hadoop.ozone.container.common.impl.HddsDispatcher.validateContainerCommand(HddsDispatcher.java:408) ~[hadoop-hdds-container-service-0.5.0-SNAPSHOT.jar:?]
	at org.apache.hadoop.ozone.container.common.transport.server.ratis.ContainerStateMachine.startTransaction(ContainerStateMachine.java:272) ~[hadoop-hdds-container-service-0.5.0-SNAPSHOT.jar:?]
	at org.apache.ratis.server.impl.RaftServerImpl.submitClientRequestAsync(RaftServerImpl.java:566) ~[ratis-server-0.4.0-2337318-SNAPSHOT.jar:0.4.0-2337318-SNAPSHOT]
	at org.apache.ratis.server.impl.RaftServerProxy.lambda$submitClientRequestAsync$7(RaftServerProxy.java:333) ~[ratis-server-0.4.0-2337318-SNAPSHOT.jar:0.4.0-2337318-SNAPSHOT]
	at org.apache.ratis.server.impl.RaftServerProxy.lambda$null$5(RaftServerProxy.java:328) ~[ratis-server-0.4.0-2337318-SNAPSHOT.jar:0.4.0-2337318-SNAPSHOT]
	at org.apache.ratis.util.JavaUtils.callAsUnchecked(JavaUtils.java:109) ~[ratis-common-0.4.0-2337318-SNAPSHOT.jar:0.4.0-2337318-SNAPSHOT]
	at org.apache.ratis.server.impl.RaftServerProxy.lambda$submitRequest$6(RaftServerProxy.java:328) ~[ratis-server-0.4.0-2337318-SNAPSHOT.jar:0.4.0-2337318-SNAPSHOT]
	at java.util.concurrent.CompletableFuture.uniComposeStage(CompletableFuture.java:981) ~[?:1.8.0_212]
	at java.util.concurrent.CompletableFuture.thenCompose(CompletableFuture.java:2124) ~[?:1.8.0_212]
	at org.apache.ratis.server.impl.RaftServerProxy.submitRequest(RaftServerProxy.java:327) ~[ratis-server-0.4.0-2337318-SNAPSHOT.jar:0.4.0-2337318-SNAPSHOT]
	at org.apache.ratis.server.impl.RaftServerProxy.submitClientRequestAsync(RaftServerProxy.java:333) ~[ratis-server-0.4.0-2337318-SNAPSHOT.jar:0.4.0-2337318-SNAPSHOT]
	at org.apache.ratis.grpc.client.GrpcClientProtocolService$RequestStreamObserver.processClientRequest(GrpcClientProtocolService.java:220) ~[ratis-grpc-0.4.0-2337318-SNAPSHOT.jar:0.4.0-2337318-SNAPSHOT]
	at org.apache.ratis.grpc.client.GrpcClientProtocolService$OrderedRequestStreamObserver.processClientRequest(GrpcClientProtocolService.java:326) ~[ratis-grpc-0.4.0-2337318-SNAPSHOT.jar:0.4.0-2337318-SNAPSHOT]
	at org.apache.ratis.util.SlidingWindow$Server.processRequestsFromHead(SlidingWindow.java:429) [ratis-common-0.4.0-2337318-SNAPSHOT.jar:0.4.0-2337318-SNAPSHOT]
	at org.apache.ratis.util.SlidingWindow$Server.receivedRequest(SlidingWindow.java:421) [ratis-common-0.4.0-2337318-SNAPSHOT.jar:0.4.0-2337318-SNAPSHOT]
	at org.apache.ratis.grpc.client.GrpcClientProtocolService$OrderedRequestStreamObserver.processClientRequest(GrpcClientProtocolService.java:345) [ratis-grpc-0.4.0-2337318-SNAPSHOT.jar:0.4.0-2337318-SNAPSHOT]
	at org.apache.ratis.grpc.client.GrpcClientProtocolService$RequestStreamObserver.onNext(GrpcClientProtocolService.java:240) [ratis-grpc-0.4.0-2337318-SNAPSHOT.jar:0.4.0-2337318-SNAPSHOT]
	at org.apache.ratis.grpc.client.GrpcClientProtocolService$RequestStreamObserver.onNext(GrpcClientProtocolService.java:168) [ratis-grpc-0.4.0-2337318-SNAPSHOT.jar:0.4.0-2337318-SNAPSHOT]
	at org.apache.ratis.thirdparty.io.grpc.stub.ServerCalls$StreamingServerCallHandler$StreamingServerCallListener.onMessage(ServerCalls.java:248) [ratis-thirdparty-misc-0.2.0.jar:0.2.0]
	at org.apache.ratis.thirdparty.io.grpc.internal.ServerCallImpl$ServerStreamListenerImpl.messagesAvailable(ServerCallImpl.java:263) [ratis-thirdparty-misc-0.2.0.jar:0.2.0]
	at org.apache.ratis.thirdparty.io.grpc.internal.ServerImpl$JumpToApplicationThreadServerStreamListener$1MessagesAvailable.runInContext(ServerImpl.java:686) [ratis-thirdparty-misc-0.2.0.jar:0.2.0]
	at org.apache.ratis.thirdparty.io.grpc.internal.ContextRunnable.run(ContextRunnable.java:37) [ratis-thirdparty-misc-0.2.0.jar:0.2.0]
	at org.apache.ratis.thirdparty.io.grpc.internal.SerializingExecutor.run(SerializingExecutor.java:123) [ratis-thirdparty-misc-0.2.0.jar:0.2.0]
	at java.util.concurrent.ThreadPoolExecutor.runWorker(ThreadPoolExecutor.java:1149) [?:1.8.0_212]
	at java.util.concurrent.ThreadPoolExecutor$Worker.run(ThreadPoolExecutor.java:624) [?:1.8.0_212]
	at java.lang.Thread.run(Thread.java:748) [?:1.8.0_212]
2019-07-16 14:30:39,746 INFO  client.GrpcClientProtocolClient (GrpcClientProtocolClient.java:onNext(255)) - client-4BA3180C5A60->0e239eaf-b2fc-4971-ad36-a2288bdc5950: receive RaftClientReply:client-4BA3180C5A60->0e239eaf-b2fc-4971-ad36-a2288bdc5950@group-5DDF8641038F, cid=275, FAILED org.apache.ratis.protocol.StateMachineException: org.apache.hadoop.hdds.scm.container.common.helpers.ContainerNotOpenException from Server 0e239eaf-b2fc-4971-ad36-a2288bdc5950: Container 1 in CLOSED state, logIndex=0, commits[0e239eaf-b2fc-4971-ad36-a2288bdc5950:c8, 9b40aaed-d4f3-4f9a-a195-e0f4fe665383:c7, 2bc1a797-bd7e-4c0a-a925-dbb126e19968:c7]
14:30:39.745 [grpc-default-executor-4] ERROR DNAudit - user=null | ip=null | op=PUT_BLOCK {blockData=[blockId=conID: 1 locID: 102451605269643286 bcsId: 0,size=334]} | ret=FAILURE
org.apache.hadoop.hdds.scm.container.common.helpers.ContainerNotOpenException: Container 1 in CLOSED state
	at org.apache.hadoop.ozone.container.common.impl.HddsDispatcher.validateContainerCommand(HddsDispatcher.java:408) ~[hadoop-hdds-container-service-0.5.0-SNAPSHOT.jar:?]
	at org.apache.hadoop.ozone.container.common.transport.server.ratis.ContainerStateMachine.startTransaction(ContainerStateMachine.java:272) ~[hadoop-hdds-container-service-0.5.0-SNAPSHOT.jar:?]
	at org.apache.ratis.server.impl.RaftServerImpl.submitClientRequestAsync(RaftServerImpl.java:566) ~[ratis-server-0.4.0-2337318-SNAPSHOT.jar:0.4.0-2337318-SNAPSHOT]
	at org.apache.ratis.server.impl.RaftServerProxy.lambda$submitClientRequestAsync$7(RaftServerProxy.java:333) ~[ratis-server-0.4.0-2337318-SNAPSHOT.jar:0.4.0-2337318-SNAPSHOT]
	at org.apache.ratis.server.impl.RaftServerProxy.lambda$null$5(RaftServerProxy.java:328) ~[ratis-server-0.4.0-2337318-SNAPSHOT.jar:0.4.0-2337318-SNAPSHOT]
	at org.apache.ratis.util.JavaUtils.callAsUnchecked(JavaUtils.java:109) ~[ratis-common-0.4.0-2337318-SNAPSHOT.jar:0.4.0-2337318-SNAPSHOT]
	at org.apache.ratis.server.impl.RaftServerProxy.lambda$submitRequest$6(RaftServerProxy.java:328) ~[ratis-server-0.4.0-2337318-SNAPSHOT.jar:0.4.0-2337318-SNAPSHOT]
	at java.util.concurrent.CompletableFuture.uniComposeStage(CompletableFuture.java:981) ~[?:1.8.0_212]
	at java.util.concurrent.CompletableFuture.thenCompose(CompletableFuture.java:2124) ~[?:1.8.0_212]
	at org.apache.ratis.server.impl.RaftServerProxy.submitRequest(RaftServerProxy.java:327) ~[ratis-server-0.4.0-2337318-SNAPSHOT.jar:0.4.0-2337318-SNAPSHOT]
	at org.apache.ratis.server.impl.RaftServerProxy.submitClientRequestAsync(RaftServerProxy.java:333) ~[ratis-server-0.4.0-2337318-SNAPSHOT.jar:0.4.0-2337318-SNAPSHOT]
	at org.apache.ratis.grpc.client.GrpcClientProtocolService$RequestStreamObserver.processClientRequest(GrpcClientProtocolService.java:220) ~[ratis-grpc-0.4.0-2337318-SNAPSHOT.jar:0.4.0-2337318-SNAPSHOT]
	at org.apache.ratis.grpc.client.GrpcClientProtocolService$OrderedRequestStreamObserver.processClientRequest(GrpcClientProtocolService.java:326) ~[ratis-grpc-0.4.0-2337318-SNAPSHOT.jar:0.4.0-2337318-SNAPSHOT]
	at org.apache.ratis.util.SlidingWindow$Server.processRequestsFromHead(SlidingWindow.java:429) [ratis-common-0.4.0-2337318-SNAPSHOT.jar:0.4.0-2337318-SNAPSHOT]
	at org.apache.ratis.util.SlidingWindow$Server.receivedRequest(SlidingWindow.java:421) [ratis-common-0.4.0-2337318-SNAPSHOT.jar:0.4.0-2337318-SNAPSHOT]
	at org.apache.ratis.grpc.client.GrpcClientProtocolService$OrderedRequestStreamObserver.processClientRequest(GrpcClientProtocolService.java:345) [ratis-grpc-0.4.0-2337318-SNAPSHOT.jar:0.4.0-2337318-SNAPSHOT]
	at org.apache.ratis.grpc.client.GrpcClientProtocolService$RequestStreamObserver.onNext(GrpcClientProtocolService.java:240) [ratis-grpc-0.4.0-2337318-SNAPSHOT.jar:0.4.0-2337318-SNAPSHOT]
	at org.apache.ratis.grpc.client.GrpcClientProtocolService$RequestStreamObserver.onNext(GrpcClientProtocolService.java:168) [ratis-grpc-0.4.0-2337318-SNAPSHOT.jar:0.4.0-2337318-SNAPSHOT]
	at org.apache.ratis.thirdparty.io.grpc.stub.ServerCalls$StreamingServerCallHandler$StreamingServerCallListener.onMessage(ServerCalls.java:248) [ratis-thirdparty-misc-0.2.0.jar:0.2.0]
	at org.apache.ratis.thirdparty.io.grpc.internal.ServerCallImpl$ServerStreamListenerImpl.messagesAvailable(ServerCallImpl.java:263) [ratis-thirdparty-misc-0.2.0.jar:0.2.0]
	at org.apache.ratis.thirdparty.io.grpc.internal.ServerImpl$JumpToApplicationThreadServerStreamListener$1MessagesAvailable.runInContext(ServerImpl.java:686) [ratis-thirdparty-misc-0.2.0.jar:0.2.0]
	at org.apache.ratis.thirdparty.io.grpc.internal.ContextRunnable.run(ContextRunnable.java:37) [ratis-thirdparty-misc-0.2.0.jar:0.2.0]
	at org.apache.ratis.thirdparty.io.grpc.internal.SerializingExecutor.run(SerializingExecutor.java:123) [ratis-thirdparty-misc-0.2.0.jar:0.2.0]
	at java.util.concurrent.ThreadPoolExecutor.runWorker(ThreadPoolExecutor.java:1149) [?:1.8.0_212]
	at java.util.concurrent.ThreadPoolExecutor$Worker.run(ThreadPoolExecutor.java:624) [?:1.8.0_212]
	at java.lang.Thread.run(Thread.java:748) [?:1.8.0_212]
2019-07-16 14:30:39,751 INFO  client.GrpcClientProtocolClient (GrpcClientProtocolClient.java:onNext(255)) - client-4BA3180C5A60->0e239eaf-b2fc-4971-ad36-a2288bdc5950: receive RaftClientReply:client-4BA3180C5A60->0e239eaf-b2fc-4971-ad36-a2288bdc5950@group-5DDF8641038F, cid=276, FAILED org.apache.ratis.protocol.StateMachineException: org.apache.hadoop.hdds.scm.container.common.helpers.ContainerNotOpenException from Server 0e239eaf-b2fc-4971-ad36-a2288bdc5950: Container 1 in CLOSED state, logIndex=0, commits[0e239eaf-b2fc-4971-ad36-a2288bdc5950:c8, 9b40aaed-d4f3-4f9a-a195-e0f4fe665383:c7, 2bc1a797-bd7e-4c0a-a925-dbb126e19968:c7]
2019-07-16 14:30:39,753 INFO  client.GrpcClientProtocolClient (GrpcClientProtocolClient.java:onNext(255)) - client-4BA3180C5A60->0e239eaf-b2fc-4971-ad36-a2288bdc5950: receive RaftClientReply:client-4BA3180C5A60->0e239eaf-b2fc-4971-ad36-a2288bdc5950@group-5DDF8641038F, cid=277, FAILED org.apache.ratis.protocol.StateMachineException: org.apache.hadoop.hdds.scm.container.common.helpers.ContainerNotOpenException from Server 0e239eaf-b2fc-4971-ad36-a2288bdc5950: Container 1 in CLOSED state, logIndex=0, commits[0e239eaf-b2fc-4971-ad36-a2288bdc5950:c8, 9b40aaed-d4f3-4f9a-a195-e0f4fe665383:c7, 2bc1a797-bd7e-4c0a-a925-dbb126e19968:c7]
2019-07-16 14:30:39,912 INFO  client.GrpcClientProtocolClient (GrpcClientProtocolClient.java:onNext(255)) - client-4BA3180C5A60->0e239eaf-b2fc-4971-ad36-a2288bdc5950: receive RaftClientReply:client-4BA3180C5A60->0e239eaf-b2fc-4971-ad36-a2288bdc5950@group-5DDF8641038F, cid=278, SUCCESS, logIndex=9, commits[0e239eaf-b2fc-4971-ad36-a2288bdc5950:c11, 9b40aaed-d4f3-4f9a-a195-e0f4fe665383:c8, 2bc1a797-bd7e-4c0a-a925-dbb126e19968:c8]
2019-07-16 14:30:39,913 INFO  client.GrpcClientProtocolClient (GrpcClientProtocolClient.java:onNext(255)) - client-4BA3180C5A60->0e239eaf-b2fc-4971-ad36-a2288bdc5950: receive RaftClientReply:client-4BA3180C5A60->0e239eaf-b2fc-4971-ad36-a2288bdc5950@group-5DDF8641038F, cid=279, SUCCESS, logIndex=10, commits[0e239eaf-b2fc-4971-ad36-a2288bdc5950:c11, 9b40aaed-d4f3-4f9a-a195-e0f4fe665383:c8, 2bc1a797-bd7e-4c0a-a925-dbb126e19968:c8]
2019-07-16 14:30:40,086 INFO  client.GrpcClientProtocolClient (GrpcClientProtocolClient.java:onNext(255)) - client-4BA3180C5A60->0e239eaf-b2fc-4971-ad36-a2288bdc5950: receive RaftClientReply:client-4BA3180C5A60->0e239eaf-b2fc-4971-ad36-a2288bdc5950@group-5DDF8641038F, cid=280, SUCCESS, logIndex=11, commits[0e239eaf-b2fc-4971-ad36-a2288bdc5950:c12, 9b40aaed-d4f3-4f9a-a195-e0f4fe665383:c11, 2bc1a797-bd7e-4c0a-a925-dbb126e19968:c10]
2019-07-16 14:30:40,106 INFO  client.GrpcClientProtocolClient (GrpcClientProtocolClient.java:onNext(255)) - client-4BA3180C5A60->0e239eaf-b2fc-4971-ad36-a2288bdc5950: receive RaftClientReply:client-4BA3180C5A60->0e239eaf-b2fc-4971-ad36-a2288bdc5950@group-5DDF8641038F, cid=281, SUCCESS, logIndex=0, commits[0e239eaf-b2fc-4971-ad36-a2288bdc5950:c14, 9b40aaed-d4f3-4f9a-a195-e0f4fe665383:c11, 2bc1a797-bd7e-4c0a-a925-dbb126e19968:c11]
2019-07-16 14:30:40,122 INFO  pipeline.Pipeline (Pipeline.java:getProtobufMessage(195)) - Serialize pipeline PipelineID=59848a11-3f5b-4ebe-9ff5-5ddf8641038f with nodesInOrder{ }
2019-07-16 14:30:40,123 INFO  ozone.MiniOzoneClusterImpl (MiniOzoneClusterImpl.java:shutdown(321)) - Shutting down the Mini Ozone Cluster
2019-07-16 14:30:40,123 INFO  ozone.MiniOzoneClusterImpl (MiniOzoneClusterImpl.java:stop(336)) - Stopping the Mini Ozone Cluster
2019-07-16 14:30:40,124 INFO  ozone.MiniOzoneClusterImpl (MiniOzoneClusterImpl.java:stop(338)) - Stopping the OzoneManager
2019-07-16 14:30:40,124 INFO  ipc.Server (Server.java:stop(3082)) - Stopping server on 41626
2019-07-16 14:30:40,145 INFO  ipc.Server (Server.java:run(1185)) - Stopping IPC Server listener on 41626
2019-07-16 14:30:40,148 INFO  utils.BackgroundService (BackgroundService.java:shutdown(148)) - Shutting down service KeyDeletingService
2019-07-16 14:30:40,151 INFO  ipc.Server (Server.java:run(1319)) - Stopping IPC Server Responder
2019-07-16 14:30:40,169 INFO  handler.ContextHandler (ContextHandler.java:doStop(910)) - Stopped o.e.j.w.WebAppContext@57832650{/,null,UNAVAILABLE}{/ozoneManager}
2019-07-16 14:30:40,170 INFO  server.AbstractConnector (AbstractConnector.java:doStop(318)) - Stopped ServerConnector@71b3c2a7{HTTP/1.1,[http/1.1]}{0.0.0.0:0}
2019-07-16 14:30:40,170 INFO  handler.ContextHandler (ContextHandler.java:doStop(910)) - Stopped o.e.j.s.ServletContextHandler@4968deb9{/static,file:///workdir/hadoop-ozone/integration-test/target/test-classes/webapps/static,UNAVAILABLE}
2019-07-16 14:30:40,171 INFO  handler.ContextHandler (ContextHandler.java:doStop(910)) - Stopped o.e.j.s.ServletContextHandler@496a514f{/logs,file:///workdir/hadoop-ozone/integration-test/target/log,UNAVAILABLE}
2019-07-16 14:30:40,176 INFO  ozone.MiniOzoneClusterImpl (MiniOzoneClusterImpl.java:stop(344)) - Shutting the HddsDatanodes
2019-07-16 14:30:40,176 INFO  datanode.ObjectStoreHandler (ObjectStoreHandler.java:close(155)) - Closing ObjectStoreHandler.
2019-07-16 14:30:40,177 INFO  datanode.ObjectStoreHandler (ObjectStoreHandler.java:close(155)) - Closing ObjectStoreHandler.
2019-07-16 14:30:40,177 INFO  ozone.HddsDatanodeService (HddsDatanodeService.java:stop(452)) - Stopped plug-in org.apache.hadoop.ozone.web.OzoneHddsDatanodeService@79200f8
2019-07-16 14:30:40,177 INFO  ozone.HddsDatanodeService (HddsDatanodeService.java:stop(452)) - Stopped plug-in org.apache.hadoop.ozone.web.OzoneHddsDatanodeService@912fdbb
2019-07-16 14:30:40,893 INFO  statemachine.DatanodeStateMachine (DatanodeStateMachine.java:lambda$startDaemon$0(350)) - Ozone container server started.
2019-07-16 14:30:41,093 INFO  statemachine.DatanodeStateMachine (DatanodeStateMachine.java:lambda$startDaemon$0(350)) - Ozone container server started.
2019-07-16 14:30:44,984 INFO  node.StaleNodeHandler (StaleNodeHandler.java:onMessage(58)) - Datanode 9b40aaed-d4f3-4f9a-a195-e0f4fe665383{ip: 192.168.157.241, host: trunk-nightly-gllmw-2332419065, networkLocation: /default-rack, certSerialId: null} moved to stale state. Finalizing its pipelines [PipelineID=04fe219c-a530-4fae-826f-f7f8060a0441, PipelineID=59848a11-3f5b-4ebe-9ff5-5ddf8641038f]
2019-07-16 14:30:44,984 INFO  pipeline.SCMPipelineManager (SCMPipelineManager.java:finalizeAndDestroyPipeline(309)) - destroying pipeline:Pipeline[ Id: 04fe219c-a530-4fae-826f-f7f8060a0441, Nodes: 9b40aaed-d4f3-4f9a-a195-e0f4fe665383{ip: 192.168.157.241, host: trunk-nightly-gllmw-2332419065, networkLocation: /default-rack, certSerialId: null}, Type:RATIS, Factor:ONE, State:OPEN]
2019-07-16 14:30:44,984 INFO  pipeline.PipelineStateManager (PipelineStateManager.java:finalizePipeline(123)) - Pipeline Pipeline[ Id: 04fe219c-a530-4fae-826f-f7f8060a0441, Nodes: 9b40aaed-d4f3-4f9a-a195-e0f4fe665383{ip: 192.168.157.241, host: trunk-nightly-gllmw-2332419065, networkLocation: /default-rack, certSerialId: null}, Type:RATIS, Factor:ONE, State:CLOSED] moved to CLOSED state
2019-07-16 14:30:44,985 INFO  pipeline.SCMPipelineManager (SCMPipelineManager.java:finalizeAndDestroyPipeline(309)) - destroying pipeline:Pipeline[ Id: 59848a11-3f5b-4ebe-9ff5-5ddf8641038f, Nodes: 9b40aaed-d4f3-4f9a-a195-e0f4fe665383{ip: 192.168.157.241, host: trunk-nightly-gllmw-2332419065, networkLocation: /default-rack, certSerialId: null}0e239eaf-b2fc-4971-ad36-a2288bdc5950{ip: 192.168.157.241, host: trunk-nightly-gllmw-2332419065, networkLocation: /default-rack, certSerialId: null}2bc1a797-bd7e-4c0a-a925-dbb126e19968{ip: 192.168.157.241, host: trunk-nightly-gllmw-2332419065, networkLocation: /default-rack, certSerialId: null}, Type:RATIS, Factor:THREE, State:OPEN]
2019-07-16 14:30:44,985 INFO  pipeline.PipelineStateManager (PipelineStateManager.java:finalizePipeline(123)) - Pipeline Pipeline[ Id: 59848a11-3f5b-4ebe-9ff5-5ddf8641038f, Nodes: 9b40aaed-d4f3-4f9a-a195-e0f4fe665383{ip: 192.168.157.241, host: trunk-nightly-gllmw-2332419065, networkLocation: /default-rack, certSerialId: null}0e239eaf-b2fc-4971-ad36-a2288bdc5950{ip: 192.168.157.241, host: trunk-nightly-gllmw-2332419065, networkLocation: /default-rack, certSerialId: null}2bc1a797-bd7e-4c0a-a925-dbb126e19968{ip: 192.168.157.241, host: trunk-nightly-gllmw-2332419065, networkLocation: /default-rack, certSerialId: null}, Type:RATIS, Factor:THREE, State:CLOSED] moved to CLOSED state
2019-07-16 14:30:44,985 INFO  container.CloseContainerEventHandler (CloseContainerEventHandler.java:onMessage(61)) - Close container Event triggered for container : #2
2019-07-16 14:30:45,178 INFO  ozoneimpl.OzoneContainer (OzoneContainer.java:stop(199)) - Attempting to stop container services.
2019-07-16 14:30:45,178 INFO  ozoneimpl.OzoneContainer (OzoneContainer.java:stop(199)) - Attempting to stop container services.
2019-07-16 14:30:45,178 INFO  impl.RaftServerProxy (RaftServerProxy.java:lambda$close$4(314)) - 9b40aaed-d4f3-4f9a-a195-e0f4fe665383: close
2019-07-16 14:30:45,178 INFO  impl.RaftServerProxy (RaftServerProxy.java:lambda$close$4(314)) - 6d697e13-9497-4e0d-8bcc-f472359aeea0: close
2019-07-16 14:30:45,179 INFO  impl.RaftServerImpl (RaftServerImpl.java:lambda$shutdown$3(245)) - 9b40aaed-d4f3-4f9a-a195-e0f4fe665383: shutdown group-F7F8060A0441
2019-07-16 14:30:45,179 INFO  impl.RaftServerImpl (RaftServerImpl.java:lambda$shutdown$3(245)) - 6d697e13-9497-4e0d-8bcc-f472359aeea0: shutdown group-18E36F9A07A1
2019-07-16 14:30:45,179 INFO  util.JmxRegister (JmxRegister.java:unregister(73)) - Successfully un-registered JMX Bean with object name Ratis:service=RaftServer,group=group-F7F8060A0441,id=9b40aaed-d4f3-4f9a-a195-e0f4fe665383
2019-07-16 14:30:45,180 INFO  impl.RoleInfo (RoleInfo.java:shutdownLeaderState(104)) - 9b40aaed-d4f3-4f9a-a195-e0f4fe665383: shutdown LeaderState
2019-07-16 14:30:45,180 INFO  util.JmxRegister (JmxRegister.java:unregister(73)) - Successfully un-registered JMX Bean with object name Ratis:service=RaftServer,group=group-18E36F9A07A1,id=6d697e13-9497-4e0d-8bcc-f472359aeea0
2019-07-16 14:30:45,180 INFO  impl.PendingRequests (PendingRequests.java:sendNotLeaderResponses(202)) - 9b40aaed-d4f3-4f9a-a195-e0f4fe665383-PendingRequests: sendNotLeaderResponses
2019-07-16 14:30:45,181 INFO  impl.RoleInfo (RoleInfo.java:shutdownFollowerState(121)) - 6d697e13-9497-4e0d-8bcc-f472359aeea0: shutdown FollowerState
2019-07-16 14:30:45,181 INFO  impl.StateMachineUpdater (StateMachineUpdater.java:stopAndJoin(115)) - StateMachineUpdater:9b40aaed-d4f3-4f9a-a195-e0f4fe665383:group-F7F8060A0441: set stopIndex = 0
2019-07-16 14:30:45,182 INFO  impl.FollowerState (FollowerState.java:run(114)) - 6d697e13-9497-4e0d-8bcc-f472359aeea0: FollowerState was interrupted: java.lang.InterruptedException: sleep interrupted
2019-07-16 14:30:45,182 INFO  impl.StateMachineUpdater (StateMachineUpdater.java:stopAndJoin(115)) - StateMachineUpdater:6d697e13-9497-4e0d-8bcc-f472359aeea0:group-18E36F9A07A1: set stopIndex = 0
2019-07-16 14:30:45,187 INFO  node.StaleNodeHandler (StaleNodeHandler.java:onMessage(58)) - Datanode 6d697e13-9497-4e0d-8bcc-f472359aeea0{ip: 192.168.157.241, host: trunk-nightly-gllmw-2332419065, networkLocation: /default-rack, certSerialId: null} moved to stale state. Finalizing its pipelines [PipelineID=877f8f51-b837-4487-a876-18e36f9a07a1, PipelineID=783a2ba1-2856-4646-8d32-ca7f2b34f700]
2019-07-16 14:30:45,182 INFO  impl.RaftServerImpl (ServerState.java:close(394)) - 9b40aaed-d4f3-4f9a-a195-e0f4fe665383:group-F7F8060A0441 closes. The last applied log index is 0
2019-07-16 14:30:45,187 INFO  pipeline.SCMPipelineManager (SCMPipelineManager.java:finalizeAndDestroyPipeline(309)) - destroying pipeline:Pipeline[ Id: 877f8f51-b837-4487-a876-18e36f9a07a1, Nodes: 2475e664-3ed4-4fb1-9b43-2d8849b7953b{ip: 192.168.157.241, host: trunk-nightly-gllmw-2332419065, networkLocation: /default-rack, certSerialId: null}6d697e13-9497-4e0d-8bcc-f472359aeea0{ip: 192.168.157.241, host: trunk-nightly-gllmw-2332419065, networkLocation: /default-rack, certSerialId: null}5f3c4c0e-4450-4ff4-bbfd-a5f8469be034{ip: 192.168.157.241, host: trunk-nightly-gllmw-2332419065, networkLocation: /default-rack, certSerialId: null}, Type:RATIS, Factor:THREE, State:OPEN]
2019-07-16 14:30:45,187 INFO  impl.RaftServerImpl (ServerState.java:close(394)) - 6d697e13-9497-4e0d-8bcc-f472359aeea0:group-18E36F9A07A1 closes. The last applied log index is 0
2019-07-16 14:30:45,188 INFO  segmented.SegmentedRaftLogWorker (SegmentedRaftLogWorker.java:run(313)) - 9b40aaed-d4f3-4f9a-a195-e0f4fe665383-SegmentedRaftLogWorker:Storage Directory /workdir/hadoop-ozone/integration-test/target/test-dir/MiniOzoneClusterImpl-1371a592-ac7f-4000-a7db-a34d70e9878b/datanode-4/data/ratis/04fe219c-a530-4fae-826f-f7f8060a0441 was interrupted, exiting. There are 0 tasks remaining in the queue.
2019-07-16 14:30:45,188 INFO  segmented.SegmentedRaftLogWorker (SegmentedRaftLogWorker.java:run(313)) - 6d697e13-9497-4e0d-8bcc-f472359aeea0-SegmentedRaftLogWorker:Storage Directory /workdir/hadoop-ozone/integration-test/target/test-dir/MiniOzoneClusterImpl-1371a592-ac7f-4000-a7db-a34d70e9878b/datanode-1/data/ratis/877f8f51-b837-4487-a876-18e36f9a07a1 was interrupted, exiting. There are 0 tasks remaining in the queue.
2019-07-16 14:30:45,188 INFO  pipeline.PipelineStateManager (PipelineStateManager.java:finalizePipeline(123)) - Pipeline Pipeline[ Id: 877f8f51-b837-4487-a876-18e36f9a07a1, Nodes: 2475e664-3ed4-4fb1-9b43-2d8849b7953b{ip: 192.168.157.241, host: trunk-nightly-gllmw-2332419065, networkLocation: /default-rack, certSerialId: null}6d697e13-9497-4e0d-8bcc-f472359aeea0{ip: 192.168.157.241, host: trunk-nightly-gllmw-2332419065, networkLocation: /default-rack, certSerialId: null}5f3c4c0e-4450-4ff4-bbfd-a5f8469be034{ip: 192.168.157.241, host: trunk-nightly-gllmw-2332419065, networkLocation: /default-rack, certSerialId: null}, Type:RATIS, Factor:THREE, State:CLOSED] moved to CLOSED state
2019-07-16 14:30:45,194 INFO  segmented.SegmentedRaftLogWorker (SegmentedRaftLogWorker.java:close(228)) - 9b40aaed-d4f3-4f9a-a195-e0f4fe665383-SegmentedRaftLogWorker:Storage Directory /workdir/hadoop-ozone/integration-test/target/test-dir/MiniOzoneClusterImpl-1371a592-ac7f-4000-a7db-a34d70e9878b/datanode-4/data/ratis/04fe219c-a530-4fae-826f-f7f8060a0441 close()
2019-07-16 14:30:45,194 INFO  pipeline.SCMPipelineManager (SCMPipelineManager.java:finalizeAndDestroyPipeline(309)) - destroying pipeline:Pipeline[ Id: 783a2ba1-2856-4646-8d32-ca7f2b34f700, Nodes: 6d697e13-9497-4e0d-8bcc-f472359aeea0{ip: 192.168.157.241, host: trunk-nightly-gllmw-2332419065, networkLocation: /default-rack, certSerialId: null}, Type:RATIS, Factor:ONE, State:OPEN]
2019-07-16 14:30:45,200 INFO  impl.RaftServerImpl (RaftServerImpl.java:lambda$shutdown$3(245)) - 9b40aaed-d4f3-4f9a-a195-e0f4fe665383: shutdown group-5DDF8641038F
2019-07-16 14:30:45,194 INFO  segmented.SegmentedRaftLogWorker (SegmentedRaftLogWorker.java:close(228)) - 6d697e13-9497-4e0d-8bcc-f472359aeea0-SegmentedRaftLogWorker:Storage Directory /workdir/hadoop-ozone/integration-test/target/test-dir/MiniOzoneClusterImpl-1371a592-ac7f-4000-a7db-a34d70e9878b/datanode-1/data/ratis/877f8f51-b837-4487-a876-18e36f9a07a1 close()
2019-07-16 14:30:45,200 INFO  util.JmxRegister (JmxRegister.java:unregister(73)) - Successfully un-registered JMX Bean with object name Ratis:service=RaftServer,group=group-5DDF8641038F,id=9b40aaed-d4f3-4f9a-a195-e0f4fe665383
2019-07-16 14:30:45,200 INFO  pipeline.PipelineStateManager (PipelineStateManager.java:finalizePipeline(123)) - Pipeline Pipeline[ Id: 783a2ba1-2856-4646-8d32-ca7f2b34f700, Nodes: 6d697e13-9497-4e0d-8bcc-f472359aeea0{ip: 192.168.157.241, host: trunk-nightly-gllmw-2332419065, networkLocation: /default-rack, certSerialId: null}, Type:RATIS, Factor:ONE, State:CLOSED] moved to CLOSED state
2019-07-16 14:30:45,206 INFO  impl.RoleInfo (RoleInfo.java:shutdownFollowerState(121)) - 9b40aaed-d4f3-4f9a-a195-e0f4fe665383: shutdown FollowerState
2019-07-16 14:30:45,205 INFO  impl.RaftServerImpl (RaftServerImpl.java:lambda$shutdown$3(245)) - 6d697e13-9497-4e0d-8bcc-f472359aeea0: shutdown group-CA7F2B34F700
2019-07-16 14:30:45,206 INFO  ratis.ContainerStateMachine (ContainerStateMachine.java:takeSnapshot(249)) - group-5DDF8641038F: Taking a snapshot at:(t:1, i:11) file /workdir/hadoop-ozone/integration-test/target/test-dir/MiniOzoneClusterImpl-1371a592-ac7f-4000-a7db-a34d70e9878b/datanode-4/data/ratis/59848a11-3f5b-4ebe-9ff5-5ddf8641038f/sm/snapshot.1_11
2019-07-16 14:30:45,206 INFO  impl.FollowerState (FollowerState.java:run(114)) - 9b40aaed-d4f3-4f9a-a195-e0f4fe665383: FollowerState was interrupted: java.lang.InterruptedException: sleep interrupted
2019-07-16 14:30:45,206 INFO  impl.StateMachineUpdater (StateMachineUpdater.java:stopAndJoin(115)) - StateMachineUpdater:9b40aaed-d4f3-4f9a-a195-e0f4fe665383:group-5DDF8641038F: set stopIndex = 14
2019-07-16 14:30:45,209 INFO  ratis.ContainerStateMachine (ContainerStateMachine.java:takeSnapshot(257)) - group-5DDF8641038F: Finished taking a snapshot at:(t:1, i:11) file:/workdir/hadoop-ozone/integration-test/target/test-dir/MiniOzoneClusterImpl-1371a592-ac7f-4000-a7db-a34d70e9878b/datanode-4/data/ratis/59848a11-3f5b-4ebe-9ff5-5ddf8641038f/sm/snapshot.1_11 time:3
2019-07-16 14:30:45,210 INFO  impl.StateMachineUpdater (StateMachineUpdater.java:takeSnapshot(242)) - StateMachineUpdater:9b40aaed-d4f3-4f9a-a195-e0f4fe665383:group-5DDF8641038F: Took a snapshot at index 11
2019-07-16 14:30:45,206 INFO  util.JmxRegister (JmxRegister.java:unregister(73)) - Successfully un-registered JMX Bean with object name Ratis:service=RaftServer,group=group-CA7F2B34F700,id=6d697e13-9497-4e0d-8bcc-f472359aeea0
2019-07-16 14:30:45,210 INFO  impl.StateMachineUpdater (StateMachineUpdater.java:lambda$new$0(80)) - StateMachineUpdater:9b40aaed-d4f3-4f9a-a195-e0f4fe665383:group-5DDF8641038F: snapshotIndex: updateIncreasingly -1 -> 11
2019-07-16 14:30:45,210 INFO  impl.RoleInfo (RoleInfo.java:shutdownLeaderState(104)) - 6d697e13-9497-4e0d-8bcc-f472359aeea0: shutdown LeaderState
2019-07-16 14:30:45,210 INFO  impl.RaftServerImpl (ServerState.java:close(394)) - 9b40aaed-d4f3-4f9a-a195-e0f4fe665383:group-5DDF8641038F closes. The last applied log index is 14
2019-07-16 14:30:45,210 INFO  impl.PendingRequests (PendingRequests.java:sendNotLeaderResponses(202)) - 6d697e13-9497-4e0d-8bcc-f472359aeea0-PendingRequests: sendNotLeaderResponses
2019-07-16 14:30:45,211 INFO  segmented.SegmentedRaftLogWorker (SegmentedRaftLogWorker.java:run(313)) - 9b40aaed-d4f3-4f9a-a195-e0f4fe665383-SegmentedRaftLogWorker:Storage Directory /workdir/hadoop-ozone/integration-test/target/test-dir/MiniOzoneClusterImpl-1371a592-ac7f-4000-a7db-a34d70e9878b/datanode-4/data/ratis/59848a11-3f5b-4ebe-9ff5-5ddf8641038f was interrupted, exiting. There are 0 tasks remaining in the queue.
2019-07-16 14:30:45,211 INFO  impl.StateMachineUpdater (StateMachineUpdater.java:stopAndJoin(115)) - StateMachineUpdater:6d697e13-9497-4e0d-8bcc-f472359aeea0:group-CA7F2B34F700: set stopIndex = 0
2019-07-16 14:30:45,215 INFO  segmented.SegmentedRaftLogWorker (SegmentedRaftLogWorker.java:close(228)) - 9b40aaed-d4f3-4f9a-a195-e0f4fe665383-SegmentedRaftLogWorker:Storage Directory /workdir/hadoop-ozone/integration-test/target/test-dir/MiniOzoneClusterImpl-1371a592-ac7f-4000-a7db-a34d70e9878b/datanode-4/data/ratis/59848a11-3f5b-4ebe-9ff5-5ddf8641038f close()
2019-07-16 14:30:45,215 INFO  impl.RaftServerImpl (ServerState.java:close(394)) - 6d697e13-9497-4e0d-8bcc-f472359aeea0:group-CA7F2B34F700 closes. The last applied log index is 0
2019-07-16 14:30:45,220 INFO  server.GrpcService (GrpcService.java:closeImpl(155)) - 9b40aaed-d4f3-4f9a-a195-e0f4fe665383: shutdown server with port 41148 now
2019-07-16 14:30:45,221 INFO  segmented.SegmentedRaftLogWorker (SegmentedRaftLogWorker.java:run(313)) - 6d697e13-9497-4e0d-8bcc-f472359aeea0-SegmentedRaftLogWorker:Storage Directory /workdir/hadoop-ozone/integration-test/target/test-dir/MiniOzoneClusterImpl-1371a592-ac7f-4000-a7db-a34d70e9878b/datanode-1/data/ratis/783a2ba1-2856-4646-8d32-ca7f2b34f700 was interrupted, exiting. There are 0 tasks remaining in the queue.
2019-07-16 14:30:45,225 INFO  segmented.SegmentedRaftLogWorker (SegmentedRaftLogWorker.java:close(228)) - 6d697e13-9497-4e0d-8bcc-f472359aeea0-SegmentedRaftLogWorker:Storage Directory /workdir/hadoop-ozone/integration-test/target/test-dir/MiniOzoneClusterImpl-1371a592-ac7f-4000-a7db-a34d70e9878b/datanode-1/data/ratis/783a2ba1-2856-4646-8d32-ca7f2b34f700 close()
2019-07-16 14:30:45,231 INFO  server.GrpcService (GrpcService.java:closeImpl(155)) - 6d697e13-9497-4e0d-8bcc-f472359aeea0: shutdown server with port 39692 now
2019-07-16 14:30:45,231 WARN  server.GrpcServerProtocolService (LogUtils.java:warn(134)) - 9b40aaed-d4f3-4f9a-a195-e0f4fe665383: appendEntries onError: org.apache.ratis.thirdparty.io.grpc.StatusRuntimeException: CANCELLED: cancelled before receiving half close
2019-07-16 14:30:45,231 INFO  server.GrpcService (GrpcService.java:closeImpl(163)) - 9b40aaed-d4f3-4f9a-a195-e0f4fe665383: shutdown server with port 41148 successfully
2019-07-16 14:30:45,232 INFO  server.GrpcService (GrpcService.java:closeImpl(163)) - 6d697e13-9497-4e0d-8bcc-f472359aeea0: shutdown server with port 39692 successfully
2019-07-16 14:30:45,231 WARN  server.GrpcLogAppender (LogUtils.java:warn(134)) - 0e239eaf-b2fc-4971-ad36-a2288bdc5950->9b40aaed-d4f3-4f9a-a195-e0f4fe665383: Failed appendEntries: org.apache.ratis.thirdparty.io.grpc.StatusRuntimeException: CANCELLED: HTTP/2 error code: CANCEL
Received Rst Stream
2019-07-16 14:30:45,232 WARN  server.GrpcLogAppender (LogUtils.java:warn(134)) - 5f3c4c0e-4450-4ff4-bbfd-a5f8469be034->6d697e13-9497-4e0d-8bcc-f472359aeea0: Failed appendEntries: org.apache.ratis.thirdparty.io.grpc.StatusRuntimeException: CANCELLED: HTTP/2 error code: CANCEL
Received Rst Stream
2019-07-16 14:30:45,232 WARN  server.GrpcServerProtocolService (LogUtils.java:warn(134)) - 6d697e13-9497-4e0d-8bcc-f472359aeea0: appendEntries onError: org.apache.ratis.thirdparty.io.grpc.StatusRuntimeException: CANCELLED: cancelled before receiving half close
2019-07-16 14:30:45,233 INFO  impl.FollowerInfo (FollowerInfo.java:lambda$new$0(50)) - 5f3c4c0e-4450-4ff4-bbfd-a5f8469be034->6d697e13-9497-4e0d-8bcc-f472359aeea0: nextIndex: updateUnconditionally 1 -> 0
2019-07-16 14:30:45,233 INFO  impl.FollowerInfo (FollowerInfo.java:lambda$new$0(50)) - 0e239eaf-b2fc-4971-ad36-a2288bdc5950->9b40aaed-d4f3-4f9a-a195-e0f4fe665383: nextIndex: updateUnconditionally 15 -> 14
2019-07-16 14:30:45,233 INFO  utils.BackgroundService (BackgroundService.java:shutdown(148)) - Shutting down service BlockDeletingService
2019-07-16 14:30:45,235 WARN  fs.CachingGetSpaceUsed (CachingGetSpaceUsed.java:run(183)) - Thread Interrupted waiting to refresh disk information: sleep interrupted
2019-07-16 14:30:45,235 INFO  utils.BackgroundService (BackgroundService.java:shutdown(148)) - Shutting down service BlockDeletingService
2019-07-16 14:30:45,236 WARN  fs.CachingGetSpaceUsed (CachingGetSpaceUsed.java:run(183)) - Thread Interrupted waiting to refresh disk information: sleep interrupted
2019-07-16 14:30:45,256 INFO  statemachine.DatanodeStateMachine (DatanodeStateMachine.java:stopDaemon(395)) - Ozone container server stopped.
2019-07-16 14:30:45,256 INFO  handler.ContextHandler (ContextHandler.java:doStop(910)) - Stopped o.e.j.w.WebAppContext@33ea43a{/,null,UNAVAILABLE}{/hddsDatanode}
2019-07-16 14:30:45,257 INFO  server.AbstractConnector (AbstractConnector.java:doStop(318)) - Stopped ServerConnector@594c830f{HTTP/1.1,[http/1.1]}{0.0.0.0:0}
2019-07-16 14:30:45,262 INFO  handler.ContextHandler (ContextHandler.java:doStop(910)) - Stopped o.e.j.s.ServletContextHandler@6987f367{/static,jar:file:/home/user/.m2/repository/org/apache/hadoop/hadoop-hdds-container-service/0.5.0-SNAPSHOT/hadoop-hdds-container-service-0.5.0-SNAPSHOT.jar!/webapps/static,UNAVAILABLE}
2019-07-16 14:30:45,264 INFO  statemachine.DatanodeStateMachine (DatanodeStateMachine.java:stopDaemon(395)) - Ozone container server stopped.
2019-07-16 14:30:45,264 INFO  handler.ContextHandler (ContextHandler.java:doStop(910)) - Stopped o.e.j.s.ServletContextHandler@39894485{/logs,file:///workdir/hadoop-ozone/integration-test/target/log,UNAVAILABLE}
2019-07-16 14:30:45,270 INFO  datanode.ObjectStoreHandler (ObjectStoreHandler.java:close(155)) - Closing ObjectStoreHandler.
2019-07-16 14:30:45,272 INFO  handler.ContextHandler (ContextHandler.java:doStop(910)) - Stopped o.e.j.w.WebAppContext@42cb8174{/,null,UNAVAILABLE}{/hddsDatanode}
2019-07-16 14:30:45,273 INFO  ozone.HddsDatanodeService (HddsDatanodeService.java:stop(452)) - Stopped plug-in org.apache.hadoop.ozone.web.OzoneHddsDatanodeService@71268b8c
2019-07-16 14:30:45,273 INFO  server.AbstractConnector (AbstractConnector.java:doStop(318)) - Stopped ServerConnector@3108d1e1{HTTP/1.1,[http/1.1]}{0.0.0.0:0}
2019-07-16 14:30:45,276 INFO  handler.ContextHandler (ContextHandler.java:doStop(910)) - Stopped o.e.j.s.ServletContextHandler@64cde9a5{/static,jar:file:/home/user/.m2/repository/org/apache/hadoop/hadoop-hdds-container-service/0.5.0-SNAPSHOT/hadoop-hdds-container-service-0.5.0-SNAPSHOT.jar!/webapps/static,UNAVAILABLE}
2019-07-16 14:30:45,279 INFO  handler.ContextHandler (ContextHandler.java:doStop(910)) - Stopped o.e.j.s.ServletContextHandler@1d0e2c96{/logs,file:///workdir/hadoop-ozone/integration-test/target/log,UNAVAILABLE}
2019-07-16 14:30:45,279 INFO  datanode.ObjectStoreHandler (ObjectStoreHandler.java:close(155)) - Closing ObjectStoreHandler.
2019-07-16 14:30:45,280 INFO  ozone.HddsDatanodeService (HddsDatanodeService.java:stop(452)) - Stopped plug-in org.apache.hadoop.ozone.web.OzoneHddsDatanodeService@73703970
2019-07-16 14:30:45,894 INFO  statemachine.DatanodeStateMachine (DatanodeStateMachine.java:lambda$startDaemon$0(350)) - Ozone container server started.
2019-07-16 14:30:46,272 INFO  statemachine.DatanodeStateMachine (DatanodeStateMachine.java:lambda$startDaemon$0(350)) - Ozone container server started.
2019-07-16 14:30:47,588 WARN  server.GrpcLogAppender (LogUtils.java:warn(134)) - 0e239eaf-b2fc-4971-ad36-a2288bdc5950->9b40aaed-d4f3-4f9a-a195-e0f4fe665383: Failed appendEntries: org.apache.ratis.thirdparty.io.grpc.StatusRuntimeException: UNAVAILABLE: io exception
2019-07-16 14:30:47,588 INFO  impl.FollowerInfo (FollowerInfo.java:lambda$new$0(50)) - 0e239eaf-b2fc-4971-ad36-a2288bdc5950->9b40aaed-d4f3-4f9a-a195-e0f4fe665383: nextIndex: updateUnconditionally 14 -> 13
2019-07-16 14:30:47,590 WARN  server.GrpcLogAppender (LogUtils.java:warn(134)) - 5f3c4c0e-4450-4ff4-bbfd-a5f8469be034->6d697e13-9497-4e0d-8bcc-f472359aeea0: Failed appendEntries: org.apache.ratis.thirdparty.io.grpc.StatusRuntimeException: UNAVAILABLE: io exception
2019-07-16 14:30:47,590 INFO  impl.FollowerInfo (FollowerInfo.java:lambda$new$0(50)) - 5f3c4c0e-4450-4ff4-bbfd-a5f8469be034->6d697e13-9497-4e0d-8bcc-f472359aeea0: nextIndex: updateUnconditionally 0 -> 0
2019-07-16 14:30:49,993 INFO  node.StaleNodeHandler (StaleNodeHandler.java:onMessage(58)) - Datanode 0e239eaf-b2fc-4971-ad36-a2288bdc5950{ip: 192.168.157.241, host: trunk-nightly-gllmw-2332419065, networkLocation: /default-rack, certSerialId: null} moved to stale state. Finalizing its pipelines [PipelineID=ce014869-85b6-4662-9cb5-91213c6814e0, PipelineID=59848a11-3f5b-4ebe-9ff5-5ddf8641038f]
2019-07-16 14:30:49,993 INFO  pipeline.SCMPipelineManager (SCMPipelineManager.java:finalizeAndDestroyPipeline(309)) - destroying pipeline:Pipeline[ Id: ce014869-85b6-4662-9cb5-91213c6814e0, Nodes: 0e239eaf-b2fc-4971-ad36-a2288bdc5950{ip: 192.168.157.241, host: trunk-nightly-gllmw-2332419065, networkLocation: /default-rack, certSerialId: null}, Type:RATIS, Factor:ONE, State:OPEN]
2019-07-16 14:30:49,993 INFO  pipeline.PipelineStateManager (PipelineStateManager.java:finalizePipeline(123)) - Pipeline Pipeline[ Id: ce014869-85b6-4662-9cb5-91213c6814e0, Nodes: 0e239eaf-b2fc-4971-ad36-a2288bdc5950{ip: 192.168.157.241, host: trunk-nightly-gllmw-2332419065, networkLocation: /default-rack, certSerialId: null}, Type:RATIS, Factor:ONE, State:CLOSED] moved to CLOSED state
2019-07-16 14:30:49,993 INFO  pipeline.SCMPipelineManager (SCMPipelineManager.java:finalizeAndDestroyPipeline(309)) - destroying pipeline:Pipeline[ Id: 59848a11-3f5b-4ebe-9ff5-5ddf8641038f, Nodes: 9b40aaed-d4f3-4f9a-a195-e0f4fe665383{ip: 192.168.157.241, host: trunk-nightly-gllmw-2332419065, networkLocation: /default-rack, certSerialId: null}0e239eaf-b2fc-4971-ad36-a2288bdc5950{ip: 192.168.157.241, host: trunk-nightly-gllmw-2332419065, networkLocation: /default-rack, certSerialId: null}2bc1a797-bd7e-4c0a-a925-dbb126e19968{ip: 192.168.157.241, host: trunk-nightly-gllmw-2332419065, networkLocation: /default-rack, certSerialId: null}, Type:RATIS, Factor:THREE, State:CLOSED]
2019-07-16 14:30:50,088 WARN  server.GrpcLogAppender (LogUtils.java:warn(134)) - 0e239eaf-b2fc-4971-ad36-a2288bdc5950->9b40aaed-d4f3-4f9a-a195-e0f4fe665383: Failed appendEntries: org.apache.ratis.thirdparty.io.grpc.StatusRuntimeException: UNAVAILABLE: io exception
2019-07-16 14:30:50,089 INFO  impl.FollowerInfo (FollowerInfo.java:lambda$new$0(50)) - 0e239eaf-b2fc-4971-ad36-a2288bdc5950->9b40aaed-d4f3-4f9a-a195-e0f4fe665383: nextIndex: updateUnconditionally 13 -> 12
2019-07-16 14:30:50,090 WARN  server.GrpcLogAppender (LogUtils.java:warn(134)) - 5f3c4c0e-4450-4ff4-bbfd-a5f8469be034->6d697e13-9497-4e0d-8bcc-f472359aeea0: Failed appendEntries: org.apache.ratis.thirdparty.io.grpc.StatusRuntimeException: UNAVAILABLE: io exception
2019-07-16 14:30:50,090 INFO  impl.FollowerInfo (FollowerInfo.java:lambda$new$0(50)) - 5f3c4c0e-4450-4ff4-bbfd-a5f8469be034->6d697e13-9497-4e0d-8bcc-f472359aeea0: nextIndex: updateUnconditionally 0 -> 0
2019-07-16 14:30:50,274 INFO  ozoneimpl.OzoneContainer (OzoneContainer.java:stop(199)) - Attempting to stop container services.
2019-07-16 14:30:50,274 INFO  impl.RaftServerProxy (RaftServerProxy.java:lambda$close$4(314)) - 0e239eaf-b2fc-4971-ad36-a2288bdc5950: close
2019-07-16 14:30:50,275 INFO  impl.RaftServerImpl (RaftServerImpl.java:lambda$shutdown$3(245)) - 0e239eaf-b2fc-4971-ad36-a2288bdc5950: shutdown group-91213C6814E0
2019-07-16 14:30:50,275 INFO  util.JmxRegister (JmxRegister.java:unregister(73)) - Successfully un-registered JMX Bean with object name Ratis:service=RaftServer,group=group-91213C6814E0,id=0e239eaf-b2fc-4971-ad36-a2288bdc5950
2019-07-16 14:30:50,276 INFO  impl.RoleInfo (RoleInfo.java:shutdownLeaderState(104)) - 0e239eaf-b2fc-4971-ad36-a2288bdc5950: shutdown LeaderState
2019-07-16 14:30:50,276 INFO  impl.PendingRequests (PendingRequests.java:sendNotLeaderResponses(202)) - 0e239eaf-b2fc-4971-ad36-a2288bdc5950-PendingRequests: sendNotLeaderResponses
2019-07-16 14:30:50,276 INFO  impl.StateMachineUpdater (StateMachineUpdater.java:stopAndJoin(115)) - StateMachineUpdater:0e239eaf-b2fc-4971-ad36-a2288bdc5950:group-91213C6814E0: set stopIndex = 0
2019-07-16 14:30:50,277 INFO  impl.RaftServerImpl (ServerState.java:close(394)) - 0e239eaf-b2fc-4971-ad36-a2288bdc5950:group-91213C6814E0 closes. The last applied log index is 0
2019-07-16 14:30:50,277 INFO  segmented.SegmentedRaftLogWorker (SegmentedRaftLogWorker.java:run(313)) - 0e239eaf-b2fc-4971-ad36-a2288bdc5950-SegmentedRaftLogWorker:Storage Directory /workdir/hadoop-ozone/integration-test/target/test-dir/MiniOzoneClusterImpl-1371a592-ac7f-4000-a7db-a34d70e9878b/datanode-3/data/ratis/ce014869-85b6-4662-9cb5-91213c6814e0 was interrupted, exiting. There are 0 tasks remaining in the queue.
2019-07-16 14:30:50,281 INFO  segmented.SegmentedRaftLogWorker (SegmentedRaftLogWorker.java:close(228)) - 0e239eaf-b2fc-4971-ad36-a2288bdc5950-SegmentedRaftLogWorker:Storage Directory /workdir/hadoop-ozone/integration-test/target/test-dir/MiniOzoneClusterImpl-1371a592-ac7f-4000-a7db-a34d70e9878b/datanode-3/data/ratis/ce014869-85b6-4662-9cb5-91213c6814e0 close()
2019-07-16 14:30:50,281 INFO  ozoneimpl.OzoneContainer (OzoneContainer.java:stop(199)) - Attempting to stop container services.
2019-07-16 14:30:50,286 INFO  impl.RaftServerImpl (RaftServerImpl.java:lambda$shutdown$3(245)) - 0e239eaf-b2fc-4971-ad36-a2288bdc5950: shutdown group-5DDF8641038F
2019-07-16 14:30:50,286 INFO  util.JmxRegister (JmxRegister.java:unregister(73)) - Successfully un-registered JMX Bean with object name Ratis:service=RaftServer,group=group-5DDF8641038F,id=0e239eaf-b2fc-4971-ad36-a2288bdc5950
2019-07-16 14:30:50,287 INFO  impl.RoleInfo (RoleInfo.java:shutdownLeaderState(104)) - 0e239eaf-b2fc-4971-ad36-a2288bdc5950: shutdown LeaderState
2019-07-16 14:30:50,286 INFO  impl.RaftServerProxy (RaftServerProxy.java:lambda$close$4(314)) - 5f3c4c0e-4450-4ff4-bbfd-a5f8469be034: close
2019-07-16 14:30:50,291 INFO  impl.PendingRequests (PendingRequests.java:sendNotLeaderResponses(202)) - 0e239eaf-b2fc-4971-ad36-a2288bdc5950-PendingRequests: sendNotLeaderResponses
2019-07-16 14:30:50,291 WARN  server.GrpcLogAppender (GrpcLogAppender.java:mayWait(143)) - GrpcLogAppender(0e239eaf-b2fc-4971-ad36-a2288bdc5950->2bc1a797-bd7e-4c0a-a925-dbb126e19968): Wait interrupted by java.lang.InterruptedException
2019-07-16 14:30:50,291 INFO  impl.RaftServerImpl (RaftServerImpl.java:lambda$shutdown$3(245)) - 5f3c4c0e-4450-4ff4-bbfd-a5f8469be034: shutdown group-18E36F9A07A1
2019-07-16 14:30:50,296 INFO  util.JmxRegister (JmxRegister.java:unregister(73)) - Successfully un-registered JMX Bean with object name Ratis:service=RaftServer,group=group-18E36F9A07A1,id=5f3c4c0e-4450-4ff4-bbfd-a5f8469be034
2019-07-16 14:30:50,291 WARN  server.GrpcLogAppender (GrpcLogAppender.java:mayWait(143)) - GrpcLogAppender(0e239eaf-b2fc-4971-ad36-a2288bdc5950->9b40aaed-d4f3-4f9a-a195-e0f4fe665383): Wait interrupted by java.lang.InterruptedException
2019-07-16 14:30:50,296 INFO  impl.RoleInfo (RoleInfo.java:shutdownLeaderState(104)) - 5f3c4c0e-4450-4ff4-bbfd-a5f8469be034: shutdown LeaderState
2019-07-16 14:30:50,296 INFO  server.GrpcServerProtocolService (GrpcServerProtocolService.java:onCompleted(104)) - 2bc1a797-bd7e-4c0a-a925-dbb126e19968: appendEntries completed
2019-07-16 14:30:50,313 INFO  impl.PendingRequests (PendingRequests.java:sendNotLeaderResponses(202)) - 5f3c4c0e-4450-4ff4-bbfd-a5f8469be034-PendingRequests: sendNotLeaderResponses
2019-07-16 14:30:50,296 INFO  ratis.ContainerStateMachine (ContainerStateMachine.java:takeSnapshot(249)) - group-5DDF8641038F: Taking a snapshot at:(t:1, i:13) file /workdir/hadoop-ozone/integration-test/target/test-dir/MiniOzoneClusterImpl-1371a592-ac7f-4000-a7db-a34d70e9878b/datanode-3/data/ratis/59848a11-3f5b-4ebe-9ff5-5ddf8641038f/sm/snapshot.1_13
2019-07-16 14:30:50,296 INFO  node.StaleNodeHandler (StaleNodeHandler.java:onMessage(58)) - Datanode 5f3c4c0e-4450-4ff4-bbfd-a5f8469be034{ip: 192.168.157.241, host: trunk-nightly-gllmw-2332419065, networkLocation: /default-rack, certSerialId: null} moved to stale state. Finalizing its pipelines [PipelineID=877f8f51-b837-4487-a876-18e36f9a07a1, PipelineID=96854525-aa4e-4903-9855-f131c3c0e2ee]
2019-07-16 14:30:50,296 INFO  impl.StateMachineUpdater (StateMachineUpdater.java:stopAndJoin(115)) - StateMachineUpdater:0e239eaf-b2fc-4971-ad36-a2288bdc5950:group-5DDF8641038F: set stopIndex = 14
2019-07-16 14:30:50,313 INFO  ratis.ContainerStateMachine (ContainerStateMachine.java:takeSnapshot(257)) - group-5DDF8641038F: Finished taking a snapshot at:(t:1, i:13) file:/workdir/hadoop-ozone/integration-test/target/test-dir/MiniOzoneClusterImpl-1371a592-ac7f-4000-a7db-a34d70e9878b/datanode-3/data/ratis/59848a11-3f5b-4ebe-9ff5-5ddf8641038f/sm/snapshot.1_13 time:18
2019-07-16 14:30:50,314 INFO  impl.StateMachineUpdater (StateMachineUpdater.java:takeSnapshot(242)) - StateMachineUpdater:0e239eaf-b2fc-4971-ad36-a2288bdc5950:group-5DDF8641038F: Took a snapshot at index 13
2019-07-16 14:30:50,313 INFO  pipeline.SCMPipelineManager (SCMPipelineManager.java:finalizeAndDestroyPipeline(309)) - destroying pipeline:Pipeline[ Id: 877f8f51-b837-4487-a876-18e36f9a07a1, Nodes: 2475e664-3ed4-4fb1-9b43-2d8849b7953b{ip: 192.168.157.241, host: trunk-nightly-gllmw-2332419065, networkLocation: /default-rack, certSerialId: null}6d697e13-9497-4e0d-8bcc-f472359aeea0{ip: 192.168.157.241, host: trunk-nightly-gllmw-2332419065, networkLocation: /default-rack, certSerialId: null}5f3c4c0e-4450-4ff4-bbfd-a5f8469be034{ip: 192.168.157.241, host: trunk-nightly-gllmw-2332419065, networkLocation: /default-rack, certSerialId: null}, Type:RATIS, Factor:THREE, State:CLOSED]
2019-07-16 14:30:50,313 INFO  server.GrpcLogAppender (GrpcLogAppender.java:onCompleted(292)) - 0e239eaf-b2fc-4971-ad36-a2288bdc5950->2bc1a797-bd7e-4c0a-a925-dbb126e19968: follower responses appendEntries COMPLETED
2019-07-16 14:30:50,313 INFO  impl.StateMachineUpdater (StateMachineUpdater.java:stopAndJoin(115)) - StateMachineUpdater:5f3c4c0e-4450-4ff4-bbfd-a5f8469be034:group-18E36F9A07A1: set stopIndex = 0
2019-07-16 14:30:50,313 WARN  server.GrpcLogAppender (GrpcLogAppender.java:mayWait(143)) - GrpcLogAppender(5f3c4c0e-4450-4ff4-bbfd-a5f8469be034->2475e664-3ed4-4fb1-9b43-2d8849b7953b): Wait interrupted by java.lang.InterruptedException
2019-07-16 14:30:50,313 WARN  server.GrpcLogAppender (GrpcLogAppender.java:mayWait(143)) - GrpcLogAppender(5f3c4c0e-4450-4ff4-bbfd-a5f8469be034->6d697e13-9497-4e0d-8bcc-f472359aeea0): Wait interrupted by java.lang.InterruptedException
2019-07-16 14:30:50,315 INFO  impl.RaftServerImpl (ServerState.java:close(394)) - 5f3c4c0e-4450-4ff4-bbfd-a5f8469be034:group-18E36F9A07A1 closes. The last applied log index is 0
2019-07-16 14:30:50,315 INFO  impl.FollowerInfo (FollowerInfo.java:lambda$new$0(50)) - 0e239eaf-b2fc-4971-ad36-a2288bdc5950->2bc1a797-bd7e-4c0a-a925-dbb126e19968: nextIndex: updateUnconditionally 15 -> 14
2019-07-16 14:30:50,314 INFO  pipeline.SCMPipelineManager (SCMPipelineManager.java:finalizeAndDestroyPipeline(309)) - destroying pipeline:Pipeline[ Id: 96854525-aa4e-4903-9855-f131c3c0e2ee, Nodes: 5f3c4c0e-4450-4ff4-bbfd-a5f8469be034{ip: 192.168.157.241, host: trunk-nightly-gllmw-2332419065, networkLocation: /default-rack, certSerialId: null}, Type:RATIS, Factor:ONE, State:OPEN]
2019-07-16 14:30:50,314 INFO  impl.StateMachineUpdater (StateMachineUpdater.java:lambda$new$0(80)) - StateMachineUpdater:0e239eaf-b2fc-4971-ad36-a2288bdc5950:group-5DDF8641038F: snapshotIndex: updateIncreasingly -1 -> 13
2019-07-16 14:30:50,316 INFO  pipeline.PipelineStateManager (PipelineStateManager.java:finalizePipeline(123)) - Pipeline Pipeline[ Id: 96854525-aa4e-4903-9855-f131c3c0e2ee, Nodes: 5f3c4c0e-4450-4ff4-bbfd-a5f8469be034{ip: 192.168.157.241, host: trunk-nightly-gllmw-2332419065, networkLocation: /default-rack, certSerialId: null}, Type:RATIS, Factor:ONE, State:CLOSED] moved to CLOSED state
2019-07-16 14:30:50,316 INFO  segmented.SegmentedRaftLogWorker (SegmentedRaftLogWorker.java:run(313)) - 5f3c4c0e-4450-4ff4-bbfd-a5f8469be034-SegmentedRaftLogWorker:Storage Directory /workdir/hadoop-ozone/integration-test/target/test-dir/MiniOzoneClusterImpl-1371a592-ac7f-4000-a7db-a34d70e9878b/datanode-2/data/ratis/877f8f51-b837-4487-a876-18e36f9a07a1 was interrupted, exiting. There are 0 tasks remaining in the queue.
2019-07-16 14:30:50,315 INFO  server.GrpcServerProtocolService (GrpcServerProtocolService.java:onCompleted(104)) - 2475e664-3ed4-4fb1-9b43-2d8849b7953b: appendEntries completed
2019-07-16 14:30:50,316 INFO  impl.RaftServerImpl (ServerState.java:close(394)) - 0e239eaf-b2fc-4971-ad36-a2288bdc5950:group-5DDF8641038F closes. The last applied log index is 14
2019-07-16 14:30:50,319 INFO  server.GrpcLogAppender (GrpcLogAppender.java:onCompleted(292)) - 5f3c4c0e-4450-4ff4-bbfd-a5f8469be034->2475e664-3ed4-4fb1-9b43-2d8849b7953b: follower responses appendEntries COMPLETED
2019-07-16 14:30:50,320 INFO  segmented.SegmentedRaftLogWorker (SegmentedRaftLogWorker.java:run(313)) - 0e239eaf-b2fc-4971-ad36-a2288bdc5950-SegmentedRaftLogWorker:Storage Directory /workdir/hadoop-ozone/integration-test/target/test-dir/MiniOzoneClusterImpl-1371a592-ac7f-4000-a7db-a34d70e9878b/datanode-3/data/ratis/59848a11-3f5b-4ebe-9ff5-5ddf8641038f was interrupted, exiting. There are 0 tasks remaining in the queue.
2019-07-16 14:30:50,319 INFO  segmented.SegmentedRaftLogWorker (SegmentedRaftLogWorker.java:close(228)) - 5f3c4c0e-4450-4ff4-bbfd-a5f8469be034-SegmentedRaftLogWorker:Storage Directory /workdir/hadoop-ozone/integration-test/target/test-dir/MiniOzoneClusterImpl-1371a592-ac7f-4000-a7db-a34d70e9878b/datanode-2/data/ratis/877f8f51-b837-4487-a876-18e36f9a07a1 close()
2019-07-16 14:30:50,322 INFO  segmented.SegmentedRaftLogWorker (SegmentedRaftLogWorker.java:close(228)) - 0e239eaf-b2fc-4971-ad36-a2288bdc5950-SegmentedRaftLogWorker:Storage Directory /workdir/hadoop-ozone/integration-test/target/test-dir/MiniOzoneClusterImpl-1371a592-ac7f-4000-a7db-a34d70e9878b/datanode-3/data/ratis/59848a11-3f5b-4ebe-9ff5-5ddf8641038f close()
2019-07-16 14:30:50,320 INFO  impl.FollowerInfo (FollowerInfo.java:lambda$new$0(50)) - 5f3c4c0e-4450-4ff4-bbfd-a5f8469be034->2475e664-3ed4-4fb1-9b43-2d8849b7953b: nextIndex: updateUnconditionally 1 -> 0
2019-07-16 14:30:50,336 INFO  server.GrpcService (GrpcService.java:closeImpl(155)) - 0e239eaf-b2fc-4971-ad36-a2288bdc5950: shutdown server with port 39168 now
2019-07-16 14:30:50,326 INFO  impl.RaftServerImpl (RaftServerImpl.java:lambda$shutdown$3(245)) - 5f3c4c0e-4450-4ff4-bbfd-a5f8469be034: shutdown group-F131C3C0E2EE
2019-07-16 14:30:50,337 INFO  util.JmxRegister (JmxRegister.java:unregister(73)) - Successfully un-registered JMX Bean with object name Ratis:service=RaftServer,group=group-F131C3C0E2EE,id=5f3c4c0e-4450-4ff4-bbfd-a5f8469be034
2019-07-16 14:30:50,337 WARN  client.GrpcClientProtocolService (LogUtils.java:warn(134)) - 2-UnorderedRequestStreamObserver2: onError: org.apache.ratis.thirdparty.io.grpc.StatusRuntimeException: CANCELLED: cancelled before receiving half close
2019-07-16 14:30:50,337 INFO  server.GrpcService (GrpcService.java:closeImpl(163)) - 0e239eaf-b2fc-4971-ad36-a2288bdc5950: shutdown server with port 39168 successfully
2019-07-16 14:30:50,337 INFO  impl.RoleInfo (RoleInfo.java:shutdownLeaderState(104)) - 5f3c4c0e-4450-4ff4-bbfd-a5f8469be034: shutdown LeaderState
2019-07-16 14:30:50,338 INFO  impl.PendingRequests (PendingRequests.java:sendNotLeaderResponses(202)) - 5f3c4c0e-4450-4ff4-bbfd-a5f8469be034-PendingRequests: sendNotLeaderResponses
2019-07-16 14:30:50,338 INFO  impl.StateMachineUpdater (StateMachineUpdater.java:stopAndJoin(115)) - StateMachineUpdater:5f3c4c0e-4450-4ff4-bbfd-a5f8469be034:group-F131C3C0E2EE: set stopIndex = 0
2019-07-16 14:30:50,338 INFO  utils.BackgroundService (BackgroundService.java:shutdown(148)) - Shutting down service BlockDeletingService
2019-07-16 14:30:50,338 INFO  impl.RaftServerImpl (ServerState.java:close(394)) - 5f3c4c0e-4450-4ff4-bbfd-a5f8469be034:group-F131C3C0E2EE closes. The last applied log index is 0
2019-07-16 14:30:50,339 INFO  segmented.SegmentedRaftLogWorker (SegmentedRaftLogWorker.java:run(313)) - 5f3c4c0e-4450-4ff4-bbfd-a5f8469be034-SegmentedRaftLogWorker:Storage Directory /workdir/hadoop-ozone/integration-test/target/test-dir/MiniOzoneClusterImpl-1371a592-ac7f-4000-a7db-a34d70e9878b/datanode-2/data/ratis/96854525-aa4e-4903-9855-f131c3c0e2ee was interrupted, exiting. There are 0 tasks remaining in the queue.
2019-07-16 14:30:50,342 INFO  segmented.SegmentedRaftLogWorker (SegmentedRaftLogWorker.java:close(228)) - 5f3c4c0e-4450-4ff4-bbfd-a5f8469be034-SegmentedRaftLogWorker:Storage Directory /workdir/hadoop-ozone/integration-test/target/test-dir/MiniOzoneClusterImpl-1371a592-ac7f-4000-a7db-a34d70e9878b/datanode-2/data/ratis/96854525-aa4e-4903-9855-f131c3c0e2ee close()
2019-07-16 14:30:50,342 WARN  fs.CachingGetSpaceUsed (CachingGetSpaceUsed.java:run(183)) - Thread Interrupted waiting to refresh disk information: sleep interrupted
2019-07-16 14:30:50,344 INFO  server.GrpcService (GrpcService.java:closeImpl(155)) - 5f3c4c0e-4450-4ff4-bbfd-a5f8469be034: shutdown server with port 45859 now
2019-07-16 14:30:50,346 INFO  server.GrpcService (GrpcService.java:closeImpl(163)) - 5f3c4c0e-4450-4ff4-bbfd-a5f8469be034: shutdown server with port 45859 successfully
2019-07-16 14:30:50,348 INFO  utils.BackgroundService (BackgroundService.java:shutdown(148)) - Shutting down service BlockDeletingService
2019-07-16 14:30:50,349 WARN  fs.CachingGetSpaceUsed (CachingGetSpaceUsed.java:run(183)) - Thread Interrupted waiting to refresh disk information: sleep interrupted
2019-07-16 14:30:50,364 INFO  statemachine.DatanodeStateMachine (DatanodeStateMachine.java:stopDaemon(395)) - Ozone container server stopped.
2019-07-16 14:30:50,365 INFO  handler.ContextHandler (ContextHandler.java:doStop(910)) - Stopped o.e.j.w.WebAppContext@7ca9c253{/,null,UNAVAILABLE}{/hddsDatanode}
2019-07-16 14:30:50,366 INFO  server.AbstractConnector (AbstractConnector.java:doStop(318)) - Stopped ServerConnector@5cef76a2{HTTP/1.1,[http/1.1]}{0.0.0.0:0}
2019-07-16 14:30:50,366 INFO  handler.ContextHandler (ContextHandler.java:doStop(910)) - Stopped o.e.j.s.ServletContextHandler@13a0f230{/static,jar:file:/home/user/.m2/repository/org/apache/hadoop/hadoop-hdds-container-service/0.5.0-SNAPSHOT/hadoop-hdds-container-service-0.5.0-SNAPSHOT.jar!/webapps/static,UNAVAILABLE}
2019-07-16 14:30:50,366 INFO  handler.ContextHandler (ContextHandler.java:doStop(910)) - Stopped o.e.j.s.ServletContextHandler@27e037c1{/logs,file:///workdir/hadoop-ozone/integration-test/target/log,UNAVAILABLE}
2019-07-16 14:30:50,367 INFO  datanode.ObjectStoreHandler (ObjectStoreHandler.java:close(155)) - Closing ObjectStoreHandler.
2019-07-16 14:30:50,368 INFO  ozone.HddsDatanodeService (HddsDatanodeService.java:stop(452)) - Stopped plug-in org.apache.hadoop.ozone.web.OzoneHddsDatanodeService@3546439b
2019-07-16 14:30:50,372 INFO  statemachine.DatanodeStateMachine (DatanodeStateMachine.java:stopDaemon(395)) - Ozone container server stopped.
2019-07-16 14:30:50,377 INFO  handler.ContextHandler (ContextHandler.java:doStop(910)) - Stopped o.e.j.w.WebAppContext@40fdcbd5{/,null,UNAVAILABLE}{/hddsDatanode}
2019-07-16 14:30:50,377 INFO  server.AbstractConnector (AbstractConnector.java:doStop(318)) - Stopped ServerConnector@c512269{HTTP/1.1,[http/1.1]}{0.0.0.0:0}
2019-07-16 14:30:50,379 INFO  handler.ContextHandler (ContextHandler.java:doStop(910)) - Stopped o.e.j.s.ServletContextHandler@32a53a59{/static,jar:file:/home/user/.m2/repository/org/apache/hadoop/hadoop-hdds-container-service/0.5.0-SNAPSHOT/hadoop-hdds-container-service-0.5.0-SNAPSHOT.jar!/webapps/static,UNAVAILABLE}
2019-07-16 14:30:50,381 INFO  handler.ContextHandler (ContextHandler.java:doStop(910)) - Stopped o.e.j.s.ServletContextHandler@19ad99fa{/logs,file:///workdir/hadoop-ozone/integration-test/target/log,UNAVAILABLE}
2019-07-16 14:30:50,381 INFO  datanode.ObjectStoreHandler (ObjectStoreHandler.java:close(155)) - Closing ObjectStoreHandler.
2019-07-16 14:30:50,382 INFO  ozone.HddsDatanodeService (HddsDatanodeService.java:stop(452)) - Stopped plug-in org.apache.hadoop.ozone.web.OzoneHddsDatanodeService@4dc34411
2019-07-16 14:30:50,827 INFO  statemachine.DatanodeStateMachine (DatanodeStateMachine.java:lambda$startDaemon$0(350)) - Ozone container server started.
2019-07-16 14:30:50,889 INFO  statemachine.DatanodeStateMachine (DatanodeStateMachine.java:lambda$startDaemon$0(350)) - Ozone container server started.
2019-07-16 14:30:54,902 INFO  node.StaleNodeHandler (StaleNodeHandler.java:onMessage(58)) - Datanode 2475e664-3ed4-4fb1-9b43-2d8849b7953b{ip: 192.168.157.241, host: trunk-nightly-gllmw-2332419065, networkLocation: /default-rack, certSerialId: null} moved to stale state. Finalizing its pipelines [PipelineID=877f8f51-b837-4487-a876-18e36f9a07a1, PipelineID=8f081b20-3fe7-4754-8677-0f8952fb43ec]
2019-07-16 14:30:54,902 INFO  pipeline.SCMPipelineManager (SCMPipelineManager.java:finalizeAndDestroyPipeline(309)) - destroying pipeline:Pipeline[ Id: 877f8f51-b837-4487-a876-18e36f9a07a1, Nodes: 2475e664-3ed4-4fb1-9b43-2d8849b7953b{ip: 192.168.157.241, host: trunk-nightly-gllmw-2332419065, networkLocation: /default-rack, certSerialId: null}6d697e13-9497-4e0d-8bcc-f472359aeea0{ip: 192.168.157.241, host: trunk-nightly-gllmw-2332419065, networkLocation: /default-rack, certSerialId: null}5f3c4c0e-4450-4ff4-bbfd-a5f8469be034{ip: 192.168.157.241, host: trunk-nightly-gllmw-2332419065, networkLocation: /default-rack, certSerialId: null}, Type:RATIS, Factor:THREE, State:CLOSED]
2019-07-16 14:30:54,902 INFO  pipeline.SCMPipelineManager (SCMPipelineManager.java:finalizeAndDestroyPipeline(309)) - destroying pipeline:Pipeline[ Id: 8f081b20-3fe7-4754-8677-0f8952fb43ec, Nodes: 2475e664-3ed4-4fb1-9b43-2d8849b7953b{ip: 192.168.157.241, host: trunk-nightly-gllmw-2332419065, networkLocation: /default-rack, certSerialId: null}, Type:RATIS, Factor:ONE, State:OPEN]
2019-07-16 14:30:54,902 INFO  pipeline.PipelineStateManager (PipelineStateManager.java:finalizePipeline(123)) - Pipeline Pipeline[ Id: 8f081b20-3fe7-4754-8677-0f8952fb43ec, Nodes: 2475e664-3ed4-4fb1-9b43-2d8849b7953b{ip: 192.168.157.241, host: trunk-nightly-gllmw-2332419065, networkLocation: /default-rack, certSerialId: null}, Type:RATIS, Factor:ONE, State:CLOSED] moved to CLOSED state
2019-07-16 14:30:54,903 INFO  node.StaleNodeHandler (StaleNodeHandler.java:onMessage(58)) - Datanode 5f2692b3-85f1-4573-bfd4-4d34fae18648{ip: 192.168.157.241, host: trunk-nightly-gllmw-2332419065, networkLocation: /default-rack, certSerialId: null} moved to stale state. Finalizing its pipelines [PipelineID=4ada04a9-e210-4fcf-a3e6-a9903e930f74]
2019-07-16 14:30:54,903 INFO  pipeline.SCMPipelineManager (SCMPipelineManager.java:finalizeAndDestroyPipeline(309)) - destroying pipeline:Pipeline[ Id: 4ada04a9-e210-4fcf-a3e6-a9903e930f74, Nodes: 5f2692b3-85f1-4573-bfd4-4d34fae18648{ip: 192.168.157.241, host: trunk-nightly-gllmw-2332419065, networkLocation: /default-rack, certSerialId: null}, Type:RATIS, Factor:ONE, State:OPEN]
2019-07-16 14:30:54,903 INFO  pipeline.PipelineStateManager (PipelineStateManager.java:finalizePipeline(123)) - Pipeline Pipeline[ Id: 4ada04a9-e210-4fcf-a3e6-a9903e930f74, Nodes: 5f2692b3-85f1-4573-bfd4-4d34fae18648{ip: 192.168.157.241, host: trunk-nightly-gllmw-2332419065, networkLocation: /default-rack, certSerialId: null}, Type:RATIS, Factor:ONE, State:CLOSED] moved to CLOSED state
2019-07-16 14:30:55,371 INFO  ozoneimpl.OzoneContainer (OzoneContainer.java:stop(199)) - Attempting to stop container services.
2019-07-16 14:30:55,372 INFO  impl.RaftServerProxy (RaftServerProxy.java:lambda$close$4(314)) - 5f2692b3-85f1-4573-bfd4-4d34fae18648: close
2019-07-16 14:30:55,372 INFO  impl.RaftServerImpl (RaftServerImpl.java:lambda$shutdown$3(245)) - 5f2692b3-85f1-4573-bfd4-4d34fae18648: shutdown group-A9903E930F74
2019-07-16 14:30:55,373 INFO  util.JmxRegister (JmxRegister.java:unregister(73)) - Successfully un-registered JMX Bean with object name Ratis:service=RaftServer,group=group-A9903E930F74,id=5f2692b3-85f1-4573-bfd4-4d34fae18648
2019-07-16 14:30:55,373 INFO  impl.RoleInfo (RoleInfo.java:shutdownLeaderState(104)) - 5f2692b3-85f1-4573-bfd4-4d34fae18648: shutdown LeaderState
2019-07-16 14:30:55,374 INFO  impl.PendingRequests (PendingRequests.java:sendNotLeaderResponses(202)) - 5f2692b3-85f1-4573-bfd4-4d34fae18648-PendingRequests: sendNotLeaderResponses
2019-07-16 14:30:55,374 INFO  impl.StateMachineUpdater (StateMachineUpdater.java:stopAndJoin(115)) - StateMachineUpdater:5f2692b3-85f1-4573-bfd4-4d34fae18648:group-A9903E930F74: set stopIndex = 0
2019-07-16 14:30:55,375 INFO  impl.RaftServerImpl (ServerState.java:close(394)) - 5f2692b3-85f1-4573-bfd4-4d34fae18648:group-A9903E930F74 closes. The last applied log index is 0
2019-07-16 14:30:55,375 INFO  segmented.SegmentedRaftLogWorker (SegmentedRaftLogWorker.java:run(313)) - 5f2692b3-85f1-4573-bfd4-4d34fae18648-SegmentedRaftLogWorker:Storage Directory /workdir/hadoop-ozone/integration-test/target/test-dir/MiniOzoneClusterImpl-1371a592-ac7f-4000-a7db-a34d70e9878b/datanode-6/data/ratis/4ada04a9-e210-4fcf-a3e6-a9903e930f74 was interrupted, exiting. There are 0 tasks remaining in the queue.
2019-07-16 14:30:55,379 INFO  segmented.SegmentedRaftLogWorker (SegmentedRaftLogWorker.java:close(228)) - 5f2692b3-85f1-4573-bfd4-4d34fae18648-SegmentedRaftLogWorker:Storage Directory /workdir/hadoop-ozone/integration-test/target/test-dir/MiniOzoneClusterImpl-1371a592-ac7f-4000-a7db-a34d70e9878b/datanode-6/data/ratis/4ada04a9-e210-4fcf-a3e6-a9903e930f74 close()
2019-07-16 14:30:55,381 INFO  server.GrpcService (GrpcService.java:closeImpl(155)) - 5f2692b3-85f1-4573-bfd4-4d34fae18648: shutdown server with port 43759 now
2019-07-16 14:30:55,384 INFO  server.GrpcService (GrpcService.java:closeImpl(163)) - 5f2692b3-85f1-4573-bfd4-4d34fae18648: shutdown server with port 43759 successfully
2019-07-16 14:30:55,384 INFO  ozoneimpl.OzoneContainer (OzoneContainer.java:stop(199)) - Attempting to stop container services.
2019-07-16 14:30:55,384 INFO  impl.RaftServerProxy (RaftServerProxy.java:lambda$close$4(314)) - 2475e664-3ed4-4fb1-9b43-2d8849b7953b: close
2019-07-16 14:30:55,385 INFO  impl.RaftServerImpl (RaftServerImpl.java:lambda$shutdown$3(245)) - 2475e664-3ed4-4fb1-9b43-2d8849b7953b: shutdown group-18E36F9A07A1
2019-07-16 14:30:55,385 INFO  utils.BackgroundService (BackgroundService.java:shutdown(148)) - Shutting down service BlockDeletingService
2019-07-16 14:30:55,385 INFO  util.JmxRegister (JmxRegister.java:unregister(73)) - Successfully un-registered JMX Bean with object name Ratis:service=RaftServer,group=group-18E36F9A07A1,id=2475e664-3ed4-4fb1-9b43-2d8849b7953b
2019-07-16 14:30:55,386 INFO  impl.RoleInfo (RoleInfo.java:shutdownFollowerState(121)) - 2475e664-3ed4-4fb1-9b43-2d8849b7953b: shutdown FollowerState
2019-07-16 14:30:55,386 INFO  impl.StateMachineUpdater (StateMachineUpdater.java:stopAndJoin(115)) - StateMachineUpdater:2475e664-3ed4-4fb1-9b43-2d8849b7953b:group-18E36F9A07A1: set stopIndex = 0
2019-07-16 14:30:55,386 INFO  impl.FollowerState (FollowerState.java:run(114)) - 2475e664-3ed4-4fb1-9b43-2d8849b7953b: FollowerState was interrupted: java.lang.InterruptedException: sleep interrupted
2019-07-16 14:30:55,386 WARN  fs.CachingGetSpaceUsed (CachingGetSpaceUsed.java:run(183)) - Thread Interrupted waiting to refresh disk information: sleep interrupted
2019-07-16 14:30:55,386 INFO  impl.RaftServerImpl (ServerState.java:close(394)) - 2475e664-3ed4-4fb1-9b43-2d8849b7953b:group-18E36F9A07A1 closes. The last applied log index is 0
2019-07-16 14:30:55,389 INFO  segmented.SegmentedRaftLogWorker (SegmentedRaftLogWorker.java:run(313)) - 2475e664-3ed4-4fb1-9b43-2d8849b7953b-SegmentedRaftLogWorker:Storage Directory /workdir/hadoop-ozone/integration-test/target/test-dir/MiniOzoneClusterImpl-1371a592-ac7f-4000-a7db-a34d70e9878b/datanode-0/data/ratis/877f8f51-b837-4487-a876-18e36f9a07a1 was interrupted, exiting. There are 0 tasks remaining in the queue.
2019-07-16 14:30:55,392 INFO  segmented.SegmentedRaftLogWorker (SegmentedRaftLogWorker.java:close(228)) - 2475e664-3ed4-4fb1-9b43-2d8849b7953b-SegmentedRaftLogWorker:Storage Directory /workdir/hadoop-ozone/integration-test/target/test-dir/MiniOzoneClusterImpl-1371a592-ac7f-4000-a7db-a34d70e9878b/datanode-0/data/ratis/877f8f51-b837-4487-a876-18e36f9a07a1 close()
2019-07-16 14:30:55,400 INFO  impl.RaftServerImpl (RaftServerImpl.java:lambda$shutdown$3(245)) - 2475e664-3ed4-4fb1-9b43-2d8849b7953b: shutdown group-0F8952FB43EC
2019-07-16 14:30:55,400 INFO  util.JmxRegister (JmxRegister.java:unregister(73)) - Successfully un-registered JMX Bean with object name Ratis:service=RaftServer,group=group-0F8952FB43EC,id=2475e664-3ed4-4fb1-9b43-2d8849b7953b
2019-07-16 14:30:55,401 INFO  impl.RoleInfo (RoleInfo.java:shutdownLeaderState(104)) - 2475e664-3ed4-4fb1-9b43-2d8849b7953b: shutdown LeaderState
2019-07-16 14:30:55,401 INFO  impl.PendingRequests (PendingRequests.java:sendNotLeaderResponses(202)) - 2475e664-3ed4-4fb1-9b43-2d8849b7953b-PendingRequests: sendNotLeaderResponses
2019-07-16 14:30:55,401 INFO  impl.StateMachineUpdater (StateMachineUpdater.java:stopAndJoin(115)) - StateMachineUpdater:2475e664-3ed4-4fb1-9b43-2d8849b7953b:group-0F8952FB43EC: set stopIndex = 0
2019-07-16 14:30:55,402 INFO  impl.RaftServerImpl (ServerState.java:close(394)) - 2475e664-3ed4-4fb1-9b43-2d8849b7953b:group-0F8952FB43EC closes. The last applied log index is 0
2019-07-16 14:30:55,402 INFO  segmented.SegmentedRaftLogWorker (SegmentedRaftLogWorker.java:run(313)) - 2475e664-3ed4-4fb1-9b43-2d8849b7953b-SegmentedRaftLogWorker:Storage Directory /workdir/hadoop-ozone/integration-test/target/test-dir/MiniOzoneClusterImpl-1371a592-ac7f-4000-a7db-a34d70e9878b/datanode-0/data/ratis/8f081b20-3fe7-4754-8677-0f8952fb43ec was interrupted, exiting. There are 0 tasks remaining in the queue.
2019-07-16 14:30:55,402 INFO  segmented.SegmentedRaftLogWorker (SegmentedRaftLogWorker.java:close(228)) - 2475e664-3ed4-4fb1-9b43-2d8849b7953b-SegmentedRaftLogWorker:Storage Directory /workdir/hadoop-ozone/integration-test/target/test-dir/MiniOzoneClusterImpl-1371a592-ac7f-4000-a7db-a34d70e9878b/datanode-0/data/ratis/8f081b20-3fe7-4754-8677-0f8952fb43ec close()
2019-07-16 14:30:55,402 INFO  server.GrpcService (GrpcService.java:closeImpl(155)) - 2475e664-3ed4-4fb1-9b43-2d8849b7953b: shutdown server with port 44425 now
2019-07-16 14:30:55,403 INFO  server.GrpcService (GrpcService.java:closeImpl(163)) - 2475e664-3ed4-4fb1-9b43-2d8849b7953b: shutdown server with port 44425 successfully
2019-07-16 14:30:55,404 INFO  utils.BackgroundService (BackgroundService.java:shutdown(148)) - Shutting down service BlockDeletingService
2019-07-16 14:30:55,405 WARN  fs.CachingGetSpaceUsed (CachingGetSpaceUsed.java:run(183)) - Thread Interrupted waiting to refresh disk information: sleep interrupted
2019-07-16 14:30:55,417 INFO  statemachine.DatanodeStateMachine (DatanodeStateMachine.java:stopDaemon(395)) - Ozone container server stopped.
2019-07-16 14:30:55,418 INFO  handler.ContextHandler (ContextHandler.java:doStop(910)) - Stopped o.e.j.w.WebAppContext@60ba61e4{/,null,UNAVAILABLE}{/hddsDatanode}
2019-07-16 14:30:55,419 INFO  server.AbstractConnector (AbstractConnector.java:doStop(318)) - Stopped ServerConnector@18505320{HTTP/1.1,[http/1.1]}{0.0.0.0:0}
2019-07-16 14:30:55,419 INFO  handler.ContextHandler (ContextHandler.java:doStop(910)) - Stopped o.e.j.s.ServletContextHandler@27d40ca5{/static,jar:file:/home/user/.m2/repository/org/apache/hadoop/hadoop-hdds-container-service/0.5.0-SNAPSHOT/hadoop-hdds-container-service-0.5.0-SNAPSHOT.jar!/webapps/static,UNAVAILABLE}
2019-07-16 14:30:55,419 INFO  handler.ContextHandler (ContextHandler.java:doStop(910)) - Stopped o.e.j.s.ServletContextHandler@229762ab{/logs,file:///workdir/hadoop-ozone/integration-test/target/log,UNAVAILABLE}
2019-07-16 14:30:55,420 INFO  datanode.ObjectStoreHandler (ObjectStoreHandler.java:close(155)) - Closing ObjectStoreHandler.
2019-07-16 14:30:55,420 INFO  ozone.HddsDatanodeService (HddsDatanodeService.java:stop(452)) - Stopped plug-in org.apache.hadoop.ozone.web.OzoneHddsDatanodeService@178e125f
2019-07-16 14:30:55,428 INFO  statemachine.DatanodeStateMachine (DatanodeStateMachine.java:stopDaemon(395)) - Ozone container server stopped.
2019-07-16 14:30:55,433 INFO  handler.ContextHandler (ContextHandler.java:doStop(910)) - Stopped o.e.j.w.WebAppContext@1885d990{/,null,UNAVAILABLE}{/hddsDatanode}
2019-07-16 14:30:55,433 INFO  server.AbstractConnector (AbstractConnector.java:doStop(318)) - Stopped ServerConnector@6383ea52{HTTP/1.1,[http/1.1]}{0.0.0.0:0}
2019-07-16 14:30:55,435 INFO  handler.ContextHandler (ContextHandler.java:doStop(910)) - Stopped o.e.j.s.ServletContextHandler@19f811a2{/static,jar:file:/home/user/.m2/repository/org/apache/hadoop/hadoop-hdds-container-service/0.5.0-SNAPSHOT/hadoop-hdds-container-service-0.5.0-SNAPSHOT.jar!/webapps/static,UNAVAILABLE}
2019-07-16 14:30:55,436 INFO  handler.ContextHandler (ContextHandler.java:doStop(910)) - Stopped o.e.j.s.ServletContextHandler@71b253b{/logs,file:///workdir/hadoop-ozone/integration-test/target/log,UNAVAILABLE}
2019-07-16 14:30:55,899 INFO  statemachine.DatanodeStateMachine (DatanodeStateMachine.java:lambda$startDaemon$0(350)) - Ozone container server started.
2019-07-16 14:30:58,382 INFO  impl.FollowerState (FollowerState.java:run(106)) - 2bc1a797-bd7e-4c0a-a925-dbb126e19968:group-5DDF8641038F changes to CANDIDATE, lastRpcTime:8293, electionTimeout:5196ms
2019-07-16 14:30:58,382 INFO  impl.RoleInfo (RoleInfo.java:shutdownFollowerState(121)) - 2bc1a797-bd7e-4c0a-a925-dbb126e19968: shutdown FollowerState
2019-07-16 14:30:58,382 INFO  impl.RaftServerImpl (RaftServerImpl.java:setRole(171)) - 2bc1a797-bd7e-4c0a-a925-dbb126e19968:group-5DDF8641038F changes role from FOLLOWER to CANDIDATE at term 1 for changeToCandidate
2019-07-16 14:30:58,383 INFO  impl.RoleInfo (RoleInfo.java:updateAndGet(143)) - 2bc1a797-bd7e-4c0a-a925-dbb126e19968: start LeaderElection
2019-07-16 14:30:58,385 INFO  impl.RaftServerImpl (ServerState.java:setLeader(263)) - 2bc1a797-bd7e-4c0a-a925-dbb126e19968:group-5DDF8641038F change Leader from 0e239eaf-b2fc-4971-ad36-a2288bdc5950 to null at term 1 for initElection
2019-07-16 14:30:58,459 INFO  impl.LeaderElection (LeaderElection.java:askForVotes(181)) - 2bc1a797-bd7e-4c0a-a925-dbb126e19968:group-5DDF8641038F:LeaderElection112: begin an election at term 2 for 0: [0e239eaf-b2fc-4971-ad36-a2288bdc5950:192.168.157.241:39168, 9b40aaed-d4f3-4f9a-a195-e0f4fe665383:192.168.157.241:41148, 2bc1a797-bd7e-4c0a-a925-dbb126e19968:192.168.157.241:41203], old=null
2019-07-16 14:30:58,460 INFO  impl.LeaderElection (LogUtils.java:infoOrTrace(149)) - 2bc1a797-bd7e-4c0a-a925-dbb126e19968:group-5DDF8641038F:LeaderElection112 got exception when requesting votes: {}
java.util.concurrent.ExecutionException: org.apache.ratis.thirdparty.io.grpc.StatusRuntimeException: UNAVAILABLE: io exception
	at java.util.concurrent.FutureTask.report(FutureTask.java:122)
	at java.util.concurrent.FutureTask.get(FutureTask.java:192)
	at org.apache.ratis.server.impl.LeaderElection.waitForResults(LeaderElection.java:262)
	at org.apache.ratis.server.impl.LeaderElection.askForVotes(LeaderElection.java:200)
	at org.apache.ratis.server.impl.LeaderElection.run(LeaderElection.java:130)
	at java.lang.Thread.run(Thread.java:748)
Caused by: org.apache.ratis.thirdparty.io.grpc.StatusRuntimeException: UNAVAILABLE: io exception
	at org.apache.ratis.thirdparty.io.grpc.stub.ClientCalls.toStatusRuntimeException(ClientCalls.java:233)
	at org.apache.ratis.thirdparty.io.grpc.stub.ClientCalls.getUnchecked(ClientCalls.java:214)
	at org.apache.ratis.thirdparty.io.grpc.stub.ClientCalls.blockingUnaryCall(ClientCalls.java:139)
	at org.apache.ratis.proto.grpc.RaftServerProtocolServiceGrpc$RaftServerProtocolServiceBlockingStub.requestVote(RaftServerProtocolServiceGrpc.java:265)
	at org.apache.ratis.grpc.server.GrpcServerProtocolClient.requestVote(GrpcServerProtocolClient.java:83)
	at org.apache.ratis.grpc.server.GrpcService.requestVote(GrpcService.java:195)
	at org.apache.ratis.server.impl.LeaderElection.lambda$submitRequests$1(LeaderElection.java:237)
	at java.util.concurrent.FutureTask.run(FutureTask.java:266)
	at java.util.concurrent.Executors$RunnableAdapter.call(Executors.java:511)
	at java.util.concurrent.FutureTask.run(FutureTask.java:266)
	at java.util.concurrent.ThreadPoolExecutor.runWorker(ThreadPoolExecutor.java:1149)
	at java.util.concurrent.ThreadPoolExecutor$Worker.run(ThreadPoolExecutor.java:624)
	... 1 more
Caused by: org.apache.ratis.thirdparty.io.netty.channel.AbstractChannel$AnnotatedConnectException: Connection refused: /192.168.157.241:41148
	at sun.nio.ch.SocketChannelImpl.checkConnect(Native Method)
	at sun.nio.ch.SocketChannelImpl.finishConnect(SocketChannelImpl.java:717)
	at org.apache.ratis.thirdparty.io.netty.channel.socket.nio.NioSocketChannel.doFinishConnect(NioSocketChannel.java:327)
	at org.apache.ratis.thirdparty.io.netty.channel.nio.AbstractNioChannel$AbstractNioUnsafe.finishConnect(AbstractNioChannel.java:340)
	at org.apache.ratis.thirdparty.io.netty.channel.nio.NioEventLoop.processSelectedKey(NioEventLoop.java:632)
	at org.apache.ratis.thirdparty.io.netty.channel.nio.NioEventLoop.processSelectedKeysOptimized(NioEventLoop.java:579)
	at org.apache.ratis.thirdparty.io.netty.channel.nio.NioEventLoop.processSelectedKeys(NioEventLoop.java:496)
	at org.apache.ratis.thirdparty.io.netty.channel.nio.NioEventLoop.run(NioEventLoop.java:458)
	at org.apache.ratis.thirdparty.io.netty.util.concurrent.SingleThreadEventExecutor$5.run(SingleThreadEventExecutor.java:897)
	at org.apache.ratis.thirdparty.io.netty.util.concurrent.FastThreadLocalRunnable.run(FastThreadLocalRunnable.java:30)
	... 1 more
Caused by: java.net.ConnectException: Connection refused
	... 11 more
2019-07-16 14:30:58,462 INFO  impl.LeaderElection (LogUtils.java:infoOrTrace(149)) - 2bc1a797-bd7e-4c0a-a925-dbb126e19968:group-5DDF8641038F:LeaderElection112 got exception when requesting votes: {}
java.util.concurrent.ExecutionException: org.apache.ratis.thirdparty.io.grpc.StatusRuntimeException: UNAVAILABLE: io exception
	at java.util.concurrent.FutureTask.report(FutureTask.java:122)
	at java.util.concurrent.FutureTask.get(FutureTask.java:192)
	at org.apache.ratis.server.impl.LeaderElection.waitForResults(LeaderElection.java:262)
	at org.apache.ratis.server.impl.LeaderElection.askForVotes(LeaderElection.java:200)
	at org.apache.ratis.server.impl.LeaderElection.run(LeaderElection.java:130)
	at java.lang.Thread.run(Thread.java:748)
Caused by: org.apache.ratis.thirdparty.io.grpc.StatusRuntimeException: UNAVAILABLE: io exception
	at org.apache.ratis.thirdparty.io.grpc.stub.ClientCalls.toStatusRuntimeException(ClientCalls.java:233)
	at org.apache.ratis.thirdparty.io.grpc.stub.ClientCalls.getUnchecked(ClientCalls.java:214)
	at org.apache.ratis.thirdparty.io.grpc.stub.ClientCalls.blockingUnaryCall(ClientCalls.java:139)
	at org.apache.ratis.proto.grpc.RaftServerProtocolServiceGrpc$RaftServerProtocolServiceBlockingStub.requestVote(RaftServerProtocolServiceGrpc.java:265)
	at org.apache.ratis.grpc.server.GrpcServerProtocolClient.requestVote(GrpcServerProtocolClient.java:83)
	at org.apache.ratis.grpc.server.GrpcService.requestVote(GrpcService.java:195)
	at org.apache.ratis.server.impl.LeaderElection.lambda$submitRequests$1(LeaderElection.java:237)
	at java.util.concurrent.FutureTask.run(FutureTask.java:266)
	at java.util.concurrent.Executors$RunnableAdapter.call(Executors.java:511)
	at java.util.concurrent.FutureTask.run(FutureTask.java:266)
	at java.util.concurrent.ThreadPoolExecutor.runWorker(ThreadPoolExecutor.java:1149)
	at java.util.concurrent.ThreadPoolExecutor$Worker.run(ThreadPoolExecutor.java:624)
	... 1 more
Caused by: org.apache.ratis.thirdparty.io.netty.channel.AbstractChannel$AnnotatedConnectException: Connection refused: /192.168.157.241:39168
	at sun.nio.ch.SocketChannelImpl.checkConnect(Native Method)
	at sun.nio.ch.SocketChannelImpl.finishConnect(SocketChannelImpl.java:717)
	at org.apache.ratis.thirdparty.io.netty.channel.socket.nio.NioSocketChannel.doFinishConnect(NioSocketChannel.java:327)
	at org.apache.ratis.thirdparty.io.netty.channel.nio.AbstractNioChannel$AbstractNioUnsafe.finishConnect(AbstractNioChannel.java:340)
	at org.apache.ratis.thirdparty.io.netty.channel.nio.NioEventLoop.processSelectedKey(NioEventLoop.java:632)
	at org.apache.ratis.thirdparty.io.netty.channel.nio.NioEventLoop.processSelectedKeysOptimized(NioEventLoop.java:579)
	at org.apache.ratis.thirdparty.io.netty.channel.nio.NioEventLoop.processSelectedKeys(NioEventLoop.java:496)
	at org.apache.ratis.thirdparty.io.netty.channel.nio.NioEventLoop.run(NioEventLoop.java:458)
	at org.apache.ratis.thirdparty.io.netty.util.concurrent.SingleThreadEventExecutor$5.run(SingleThreadEventExecutor.java:897)
	at org.apache.ratis.thirdparty.io.netty.util.concurrent.FastThreadLocalRunnable.run(FastThreadLocalRunnable.java:30)
	... 1 more
Caused by: java.net.ConnectException: Connection refused
	... 11 more
2019-07-16 14:30:58,464 INFO  impl.LeaderElection (LeaderElection.java:logAndReturn(56)) - 2bc1a797-bd7e-4c0a-a925-dbb126e19968:group-5DDF8641038F:LeaderElection112: Election REJECTED; received 0 response(s) [] and 2 exception(s); 2bc1a797-bd7e-4c0a-a925-dbb126e19968:t2, leader=null, voted=2bc1a797-bd7e-4c0a-a925-dbb126e19968, raftlog=2bc1a797-bd7e-4c0a-a925-dbb126e19968-SegmentedRaftLog:OPENED:c14,f14,i14, conf=0: [0e239eaf-b2fc-4971-ad36-a2288bdc5950:192.168.157.241:39168, 9b40aaed-d4f3-4f9a-a195-e0f4fe665383:192.168.157.241:41148, 2bc1a797-bd7e-4c0a-a925-dbb126e19968:192.168.157.241:41203], old=null
2019-07-16 14:30:58,464 INFO  impl.LeaderElection (LogUtils.java:infoOrTrace(149)) -   Exception 0: {}
java.util.concurrent.ExecutionException: org.apache.ratis.thirdparty.io.grpc.StatusRuntimeException: UNAVAILABLE: io exception
	at java.util.concurrent.FutureTask.report(FutureTask.java:122)
	at java.util.concurrent.FutureTask.get(FutureTask.java:192)
	at org.apache.ratis.server.impl.LeaderElection.waitForResults(LeaderElection.java:262)
	at org.apache.ratis.server.impl.LeaderElection.askForVotes(LeaderElection.java:200)
	at org.apache.ratis.server.impl.LeaderElection.run(LeaderElection.java:130)
	at java.lang.Thread.run(Thread.java:748)
Caused by: org.apache.ratis.thirdparty.io.grpc.StatusRuntimeException: UNAVAILABLE: io exception
	at org.apache.ratis.thirdparty.io.grpc.stub.ClientCalls.toStatusRuntimeException(ClientCalls.java:233)
	at org.apache.ratis.thirdparty.io.grpc.stub.ClientCalls.getUnchecked(ClientCalls.java:214)
	at org.apache.ratis.thirdparty.io.grpc.stub.ClientCalls.blockingUnaryCall(ClientCalls.java:139)
	at org.apache.ratis.proto.grpc.RaftServerProtocolServiceGrpc$RaftServerProtocolServiceBlockingStub.requestVote(RaftServerProtocolServiceGrpc.java:265)
	at org.apache.ratis.grpc.server.GrpcServerProtocolClient.requestVote(GrpcServerProtocolClient.java:83)
	at org.apache.ratis.grpc.server.GrpcService.requestVote(GrpcService.java:195)
	at org.apache.ratis.server.impl.LeaderElection.lambda$submitRequests$1(LeaderElection.java:237)
	at java.util.concurrent.FutureTask.run(FutureTask.java:266)
	at java.util.concurrent.Executors$RunnableAdapter.call(Executors.java:511)
	at java.util.concurrent.FutureTask.run(FutureTask.java:266)
	at java.util.concurrent.ThreadPoolExecutor.runWorker(ThreadPoolExecutor.java:1149)
	at java.util.concurrent.ThreadPoolExecutor$Worker.run(ThreadPoolExecutor.java:624)
	... 1 more
Caused by: org.apache.ratis.thirdparty.io.netty.channel.AbstractChannel$AnnotatedConnectException: Connection refused: /192.168.157.241:41148
	at sun.nio.ch.SocketChannelImpl.checkConnect(Native Method)
	at sun.nio.ch.SocketChannelImpl.finishConnect(SocketChannelImpl.java:717)
	at org.apache.ratis.thirdparty.io.netty.channel.socket.nio.NioSocketChannel.doFinishConnect(NioSocketChannel.java:327)
	at org.apache.ratis.thirdparty.io.netty.channel.nio.AbstractNioChannel$AbstractNioUnsafe.finishConnect(AbstractNioChannel.java:340)
	at org.apache.ratis.thirdparty.io.netty.channel.nio.NioEventLoop.processSelectedKey(NioEventLoop.java:632)
	at org.apache.ratis.thirdparty.io.netty.channel.nio.NioEventLoop.processSelectedKeysOptimized(NioEventLoop.java:579)
	at org.apache.ratis.thirdparty.io.netty.channel.nio.NioEventLoop.processSelectedKeys(NioEventLoop.java:496)
	at org.apache.ratis.thirdparty.io.netty.channel.nio.NioEventLoop.run(NioEventLoop.java:458)
	at org.apache.ratis.thirdparty.io.netty.util.concurrent.SingleThreadEventExecutor$5.run(SingleThreadEventExecutor.java:897)
	at org.apache.ratis.thirdparty.io.netty.util.concurrent.FastThreadLocalRunnable.run(FastThreadLocalRunnable.java:30)
	... 1 more
Caused by: java.net.ConnectException: Connection refused
	... 11 more
2019-07-16 14:30:58,464 INFO  impl.LeaderElection (LogUtils.java:infoOrTrace(149)) -   Exception 1: {}
java.util.concurrent.ExecutionException: org.apache.ratis.thirdparty.io.grpc.StatusRuntimeException: UNAVAILABLE: io exception
	at java.util.concurrent.FutureTask.report(FutureTask.java:122)
	at java.util.concurrent.FutureTask.get(FutureTask.java:192)
	at org.apache.ratis.server.impl.LeaderElection.waitForResults(LeaderElection.java:262)
	at org.apache.ratis.server.impl.LeaderElection.askForVotes(LeaderElection.java:200)
	at org.apache.ratis.server.impl.LeaderElection.run(LeaderElection.java:130)
	at java.lang.Thread.run(Thread.java:748)
Caused by: org.apache.ratis.thirdparty.io.grpc.StatusRuntimeException: UNAVAILABLE: io exception
	at org.apache.ratis.thirdparty.io.grpc.stub.ClientCalls.toStatusRuntimeException(ClientCalls.java:233)
	at org.apache.ratis.thirdparty.io.grpc.stub.ClientCalls.getUnchecked(ClientCalls.java:214)
	at org.apache.ratis.thirdparty.io.grpc.stub.ClientCalls.blockingUnaryCall(ClientCalls.java:139)
	at org.apache.ratis.proto.grpc.RaftServerProtocolServiceGrpc$RaftServerProtocolServiceBlockingStub.requestVote(RaftServerProtocolServiceGrpc.java:265)
	at org.apache.ratis.grpc.server.GrpcServerProtocolClient.requestVote(GrpcServerProtocolClient.java:83)
	at org.apache.ratis.grpc.server.GrpcService.requestVote(GrpcService.java:195)
	at org.apache.ratis.server.impl.LeaderElection.lambda$submitRequests$1(LeaderElection.java:237)
	at java.util.concurrent.FutureTask.run(FutureTask.java:266)
	at java.util.concurrent.Executors$RunnableAdapter.call(Executors.java:511)
	at java.util.concurrent.FutureTask.run(FutureTask.java:266)
	at java.util.concurrent.ThreadPoolExecutor.runWorker(ThreadPoolExecutor.java:1149)
	at java.util.concurrent.ThreadPoolExecutor$Worker.run(ThreadPoolExecutor.java:624)
	... 1 more
Caused by: org.apache.ratis.thirdparty.io.netty.channel.AbstractChannel$AnnotatedConnectException: Connection refused: /192.168.157.241:39168
	at sun.nio.ch.SocketChannelImpl.checkConnect(Native Method)
	at sun.nio.ch.SocketChannelImpl.finishConnect(SocketChannelImpl.java:717)
	at org.apache.ratis.thirdparty.io.netty.channel.socket.nio.NioSocketChannel.doFinishConnect(NioSocketChannel.java:327)
	at org.apache.ratis.thirdparty.io.netty.channel.nio.AbstractNioChannel$AbstractNioUnsafe.finishConnect(AbstractNioChannel.java:340)
	at org.apache.ratis.thirdparty.io.netty.channel.nio.NioEventLoop.processSelectedKey(NioEventLoop.java:632)
	at org.apache.ratis.thirdparty.io.netty.channel.nio.NioEventLoop.processSelectedKeysOptimized(NioEventLoop.java:579)
	at org.apache.ratis.thirdparty.io.netty.channel.nio.NioEventLoop.processSelectedKeys(NioEventLoop.java:496)
	at org.apache.ratis.thirdparty.io.netty.channel.nio.NioEventLoop.run(NioEventLoop.java:458)
	at org.apache.ratis.thirdparty.io.netty.util.concurrent.SingleThreadEventExecutor$5.run(SingleThreadEventExecutor.java:897)
	at org.apache.ratis.thirdparty.io.netty.util.concurrent.FastThreadLocalRunnable.run(FastThreadLocalRunnable.java:30)
	... 1 more
Caused by: java.net.ConnectException: Connection refused
	... 11 more
2019-07-16 14:30:58,464 INFO  impl.RaftServerImpl (RaftServerImpl.java:setRole(171)) - 2bc1a797-bd7e-4c0a-a925-dbb126e19968:group-5DDF8641038F changes role from CANDIDATE to FOLLOWER at term 2 for DISCOVERED_A_NEW_TERM
2019-07-16 14:30:58,465 INFO  impl.RoleInfo (RoleInfo.java:shutdownLeaderElection(134)) - 2bc1a797-bd7e-4c0a-a925-dbb126e19968: shutdown LeaderElection
2019-07-16 14:30:58,465 INFO  impl.RoleInfo (RoleInfo.java:updateAndGet(143)) - 2bc1a797-bd7e-4c0a-a925-dbb126e19968: start FollowerState
2019-07-16 14:30:59,908 INFO  node.StaleNodeHandler (StaleNodeHandler.java:onMessage(58)) - Datanode 2bc1a797-bd7e-4c0a-a925-dbb126e19968{ip: 192.168.157.241, host: trunk-nightly-gllmw-2332419065, networkLocation: /default-rack, certSerialId: null} moved to stale state. Finalizing its pipelines [PipelineID=59848a11-3f5b-4ebe-9ff5-5ddf8641038f, PipelineID=18eb6a1a-fbe3-49af-b66b-5dfa92c86733]
2019-07-16 14:30:59,908 INFO  pipeline.SCMPipelineManager (SCMPipelineManager.java:finalizeAndDestroyPipeline(309)) - destroying pipeline:Pipeline[ Id: 59848a11-3f5b-4ebe-9ff5-5ddf8641038f, Nodes: 9b40aaed-d4f3-4f9a-a195-e0f4fe665383{ip: 192.168.157.241, host: trunk-nightly-gllmw-2332419065, networkLocation: /default-rack, certSerialId: null}0e239eaf-b2fc-4971-ad36-a2288bdc5950{ip: 192.168.157.241, host: trunk-nightly-gllmw-2332419065, networkLocation: /default-rack, certSerialId: null}2bc1a797-bd7e-4c0a-a925-dbb126e19968{ip: 192.168.157.241, host: trunk-nightly-gllmw-2332419065, networkLocation: /default-rack, certSerialId: null}, Type:RATIS, Factor:THREE, State:CLOSED]
2019-07-16 14:30:59,908 INFO  pipeline.SCMPipelineManager (SCMPipelineManager.java:finalizeAndDestroyPipeline(309)) - destroying pipeline:Pipeline[ Id: 18eb6a1a-fbe3-49af-b66b-5dfa92c86733, Nodes: 2bc1a797-bd7e-4c0a-a925-dbb126e19968{ip: 192.168.157.241, host: trunk-nightly-gllmw-2332419065, networkLocation: /default-rack, certSerialId: null}, Type:RATIS, Factor:ONE, State:OPEN]
2019-07-16 14:30:59,908 INFO  pipeline.PipelineStateManager (PipelineStateManager.java:finalizePipeline(123)) - Pipeline Pipeline[ Id: 18eb6a1a-fbe3-49af-b66b-5dfa92c86733, Nodes: 2bc1a797-bd7e-4c0a-a925-dbb126e19968{ip: 192.168.157.241, host: trunk-nightly-gllmw-2332419065, networkLocation: /default-rack, certSerialId: null}, Type:RATIS, Factor:ONE, State:CLOSED] moved to CLOSED state
2019-07-16 14:31:00,421 INFO  ozoneimpl.OzoneContainer (OzoneContainer.java:stop(199)) - Attempting to stop container services.
2019-07-16 14:31:00,422 INFO  impl.RaftServerProxy (RaftServerProxy.java:lambda$close$4(314)) - 2bc1a797-bd7e-4c0a-a925-dbb126e19968: close
2019-07-16 14:31:00,422 INFO  impl.RaftServerImpl (RaftServerImpl.java:lambda$shutdown$3(245)) - 2bc1a797-bd7e-4c0a-a925-dbb126e19968: shutdown group-5DDF8641038F
2019-07-16 14:31:00,423 INFO  util.JmxRegister (JmxRegister.java:unregister(73)) - Successfully un-registered JMX Bean with object name Ratis:service=RaftServer,group=group-5DDF8641038F,id=2bc1a797-bd7e-4c0a-a925-dbb126e19968
2019-07-16 14:31:00,423 INFO  impl.RoleInfo (RoleInfo.java:shutdownFollowerState(121)) - 2bc1a797-bd7e-4c0a-a925-dbb126e19968: shutdown FollowerState
2019-07-16 14:31:00,424 INFO  impl.StateMachineUpdater (StateMachineUpdater.java:stopAndJoin(115)) - StateMachineUpdater:2bc1a797-bd7e-4c0a-a925-dbb126e19968:group-5DDF8641038F: set stopIndex = 14
2019-07-16 14:31:00,424 INFO  impl.FollowerState (FollowerState.java:run(114)) - 2bc1a797-bd7e-4c0a-a925-dbb126e19968: FollowerState was interrupted: java.lang.InterruptedException: sleep interrupted
2019-07-16 14:31:00,424 INFO  ratis.ContainerStateMachine (ContainerStateMachine.java:takeSnapshot(249)) - group-5DDF8641038F: Taking a snapshot at:(t:1, i:11) file /workdir/hadoop-ozone/integration-test/target/test-dir/MiniOzoneClusterImpl-1371a592-ac7f-4000-a7db-a34d70e9878b/datanode-5/data/ratis/59848a11-3f5b-4ebe-9ff5-5ddf8641038f/sm/snapshot.1_11
2019-07-16 14:31:00,427 INFO  ratis.ContainerStateMachine (ContainerStateMachine.java:takeSnapshot(257)) - group-5DDF8641038F: Finished taking a snapshot at:(t:1, i:11) file:/workdir/hadoop-ozone/integration-test/target/test-dir/MiniOzoneClusterImpl-1371a592-ac7f-4000-a7db-a34d70e9878b/datanode-5/data/ratis/59848a11-3f5b-4ebe-9ff5-5ddf8641038f/sm/snapshot.1_11 time:4
2019-07-16 14:31:00,427 INFO  impl.StateMachineUpdater (StateMachineUpdater.java:takeSnapshot(242)) - StateMachineUpdater:2bc1a797-bd7e-4c0a-a925-dbb126e19968:group-5DDF8641038F: Took a snapshot at index 11
2019-07-16 14:31:00,427 INFO  impl.StateMachineUpdater (StateMachineUpdater.java:lambda$new$0(80)) - StateMachineUpdater:2bc1a797-bd7e-4c0a-a925-dbb126e19968:group-5DDF8641038F: snapshotIndex: updateIncreasingly -1 -> 11
2019-07-16 14:31:00,427 INFO  impl.RaftServerImpl (ServerState.java:close(394)) - 2bc1a797-bd7e-4c0a-a925-dbb126e19968:group-5DDF8641038F closes. The last applied log index is 14
2019-07-16 14:31:00,428 INFO  segmented.SegmentedRaftLogWorker (SegmentedRaftLogWorker.java:run(313)) - 2bc1a797-bd7e-4c0a-a925-dbb126e19968-SegmentedRaftLogWorker:Storage Directory /workdir/hadoop-ozone/integration-test/target/test-dir/MiniOzoneClusterImpl-1371a592-ac7f-4000-a7db-a34d70e9878b/datanode-5/data/ratis/59848a11-3f5b-4ebe-9ff5-5ddf8641038f was interrupted, exiting. There are 0 tasks remaining in the queue.
2019-07-16 14:31:00,428 INFO  segmented.SegmentedRaftLogWorker (SegmentedRaftLogWorker.java:close(228)) - 2bc1a797-bd7e-4c0a-a925-dbb126e19968-SegmentedRaftLogWorker:Storage Directory /workdir/hadoop-ozone/integration-test/target/test-dir/MiniOzoneClusterImpl-1371a592-ac7f-4000-a7db-a34d70e9878b/datanode-5/data/ratis/59848a11-3f5b-4ebe-9ff5-5ddf8641038f close()
2019-07-16 14:31:00,429 INFO  impl.RaftServerImpl (RaftServerImpl.java:lambda$shutdown$3(245)) - 2bc1a797-bd7e-4c0a-a925-dbb126e19968: shutdown group-5DFA92C86733
2019-07-16 14:31:00,429 INFO  util.JmxRegister (JmxRegister.java:unregister(73)) - Successfully un-registered JMX Bean with object name Ratis:service=RaftServer,group=group-5DFA92C86733,id=2bc1a797-bd7e-4c0a-a925-dbb126e19968
2019-07-16 14:31:00,430 INFO  impl.RoleInfo (RoleInfo.java:shutdownLeaderState(104)) - 2bc1a797-bd7e-4c0a-a925-dbb126e19968: shutdown LeaderState
2019-07-16 14:31:00,430 INFO  impl.PendingRequests (PendingRequests.java:sendNotLeaderResponses(202)) - 2bc1a797-bd7e-4c0a-a925-dbb126e19968-PendingRequests: sendNotLeaderResponses
2019-07-16 14:31:00,430 INFO  impl.StateMachineUpdater (StateMachineUpdater.java:stopAndJoin(115)) - StateMachineUpdater:2bc1a797-bd7e-4c0a-a925-dbb126e19968:group-5DFA92C86733: set stopIndex = 0
2019-07-16 14:31:00,431 INFO  impl.RaftServerImpl (ServerState.java:close(394)) - 2bc1a797-bd7e-4c0a-a925-dbb126e19968:group-5DFA92C86733 closes. The last applied log index is 0
2019-07-16 14:31:00,431 INFO  segmented.SegmentedRaftLogWorker (SegmentedRaftLogWorker.java:run(313)) - 2bc1a797-bd7e-4c0a-a925-dbb126e19968-SegmentedRaftLogWorker:Storage Directory /workdir/hadoop-ozone/integration-test/target/test-dir/MiniOzoneClusterImpl-1371a592-ac7f-4000-a7db-a34d70e9878b/datanode-5/data/ratis/18eb6a1a-fbe3-49af-b66b-5dfa92c86733 was interrupted, exiting. There are 0 tasks remaining in the queue.
2019-07-16 14:31:00,432 INFO  segmented.SegmentedRaftLogWorker (SegmentedRaftLogWorker.java:close(228)) - 2bc1a797-bd7e-4c0a-a925-dbb126e19968-SegmentedRaftLogWorker:Storage Directory /workdir/hadoop-ozone/integration-test/target/test-dir/MiniOzoneClusterImpl-1371a592-ac7f-4000-a7db-a34d70e9878b/datanode-5/data/ratis/18eb6a1a-fbe3-49af-b66b-5dfa92c86733 close()
2019-07-16 14:31:00,432 INFO  server.GrpcService (GrpcService.java:closeImpl(155)) - 2bc1a797-bd7e-4c0a-a925-dbb126e19968: shutdown server with port 41203 now
2019-07-16 14:31:00,433 INFO  server.GrpcService (GrpcService.java:closeImpl(163)) - 2bc1a797-bd7e-4c0a-a925-dbb126e19968: shutdown server with port 41203 successfully
2019-07-16 14:31:00,434 INFO  utils.BackgroundService (BackgroundService.java:shutdown(148)) - Shutting down service BlockDeletingService
2019-07-16 14:31:00,435 WARN  fs.CachingGetSpaceUsed (CachingGetSpaceUsed.java:run(183)) - Thread Interrupted waiting to refresh disk information: sleep interrupted
2019-07-16 14:31:00,453 INFO  statemachine.DatanodeStateMachine (DatanodeStateMachine.java:stopDaemon(395)) - Ozone container server stopped.
2019-07-16 14:31:00,454 INFO  handler.ContextHandler (ContextHandler.java:doStop(910)) - Stopped o.e.j.w.WebAppContext@1a2b5f27{/,null,UNAVAILABLE}{/hddsDatanode}
2019-07-16 14:31:00,454 INFO  server.AbstractConnector (AbstractConnector.java:doStop(318)) - Stopped ServerConnector@3a7ba368{HTTP/1.1,[http/1.1]}{0.0.0.0:0}
2019-07-16 14:31:00,455 INFO  handler.ContextHandler (ContextHandler.java:doStop(910)) - Stopped o.e.j.s.ServletContextHandler@4613274d{/static,jar:file:/home/user/.m2/repository/org/apache/hadoop/hadoop-hdds-container-service/0.5.0-SNAPSHOT/hadoop-hdds-container-service-0.5.0-SNAPSHOT.jar!/webapps/static,UNAVAILABLE}
2019-07-16 14:31:00,455 INFO  handler.ContextHandler (ContextHandler.java:doStop(910)) - Stopped o.e.j.s.ServletContextHandler@31ad368a{/logs,file:///workdir/hadoop-ozone/integration-test/target/log,UNAVAILABLE}
2019-07-16 14:31:00,456 INFO  ozone.MiniOzoneClusterImpl (MiniOzoneClusterImpl.java:stop(353)) - Stopping the StorageContainerManager
2019-07-16 14:31:00,456 INFO  server.StorageContainerManager (StorageContainerManager.java:stop(796)) - Stopping Replication Manager Service.
2019-07-16 14:31:00,456 INFO  container.ReplicationManager (ReplicationManager.java:stop(187)) - Stopping Replication Monitor Thread.
2019-07-16 14:31:00,456 INFO  server.StorageContainerManager (StorageContainerManager.java:stop(803)) - Stopping Lease Manager of the command watchers
2019-07-16 14:31:00,456 INFO  server.StorageContainerManager (StorageContainerManager.java:stop(810)) - Stopping datanode service RPC server
2019-07-16 14:31:00,457 INFO  server.SCMDatanodeProtocolServer (SCMDatanodeProtocolServer.java:stop(375)) - Stopping the RPC server for DataNodes
2019-07-16 14:31:00,457 INFO  ipc.Server (Server.java:stop(3082)) - Stopping server on 43111
2019-07-16 14:31:00,458 INFO  ipc.Server (Server.java:run(1185)) - Stopping IPC Server listener on 43111
2019-07-16 14:31:00,459 INFO  ipc.Server (Server.java:run(1319)) - Stopping IPC Server Responder
2019-07-16 14:31:00,508 WARN  node.NodeStateManager (NodeStateManager.java:scheduleNextHealthCheck(631)) - Current Thread is interrupted, shutting down HB processing thread for Node Manager.
2019-07-16 14:31:00,509 INFO  server.StorageContainerManager (StorageContainerManager.java:stop(818)) - Stopping block service RPC server
2019-07-16 14:31:00,509 INFO  server.SCMBlockProtocolServer (SCMBlockProtocolServer.java:stop(148)) - Stopping the RPC server for Block Protocol
2019-07-16 14:31:00,509 INFO  ipc.Server (Server.java:stop(3082)) - Stopping server on 44427
2019-07-16 14:31:00,511 INFO  ipc.Server (Server.java:run(1185)) - Stopping IPC Server listener on 44427
2019-07-16 14:31:00,511 INFO  server.StorageContainerManager (StorageContainerManager.java:stop(825)) - Stopping the StorageContainerLocationProtocol RPC server
2019-07-16 14:31:00,516 INFO  server.SCMClientProtocolServer (SCMClientProtocolServer.java:stop(157)) - Stopping the RPC server for Client Protocol
2019-07-16 14:31:00,516 INFO  ipc.Server (Server.java:stop(3082)) - Stopping server on 33861
2019-07-16 14:31:00,511 INFO  ipc.Server (Server.java:run(1319)) - Stopping IPC Server Responder
2019-07-16 14:31:00,519 INFO  ipc.Server (Server.java:run(1185)) - Stopping IPC Server listener on 33861
2019-07-16 14:31:00,519 INFO  ipc.Server (Server.java:run(1319)) - Stopping IPC Server Responder
2019-07-16 14:31:00,519 INFO  server.StorageContainerManager (StorageContainerManager.java:stop(832)) - Stopping Storage Container Manager HTTP server.
2019-07-16 14:31:00,520 INFO  handler.ContextHandler (ContextHandler.java:doStop(910)) - Stopped o.e.j.w.WebAppContext@b8f6500{/,null,UNAVAILABLE}{/scm}
2019-07-16 14:31:00,521 INFO  server.AbstractConnector (AbstractConnector.java:doStop(318)) - Stopped ServerConnector@58968733{HTTP/1.1,[http/1.1]}{0.0.0.0:0}
2019-07-16 14:31:00,521 INFO  handler.ContextHandler (ContextHandler.java:doStop(910)) - Stopped o.e.j.s.ServletContextHandler@52b7d2d3{/static,file:///workdir/hadoop-ozone/integration-test/target/test-classes/webapps/static,UNAVAILABLE}
2019-07-16 14:31:00,522 INFO  handler.ContextHandler (ContextHandler.java:doStop(910)) - Stopped o.e.j.s.ServletContextHandler@90efbba{/logs,file:///workdir/hadoop-ozone/integration-test/target/log,UNAVAILABLE}
2019-07-16 14:31:00,522 INFO  server.StorageContainerManager (StorageContainerManager.java:stop(843)) - Stopping Block Manager Service.
2019-07-16 14:31:00,523 INFO  utils.BackgroundService (BackgroundService.java:shutdown(148)) - Shutting down service SCMBlockDeletingService
2019-07-16 14:31:00,524 INFO  utils.BackgroundService (BackgroundService.java:shutdown(148)) - Shutting down service SCMBlockDeletingService
2019-07-16 14:31:00,524 INFO  server.StorageContainerManager (StorageContainerManager.java:stop(865)) - Stopping SCM Event Queue.
2019-07-16 14:31:00,527 INFO  impl.MetricsSystemImpl (MetricsSystemImpl.java:stop(210)) - Stopping HddsDatanode metrics system...
2019-07-16 14:31:00,538 INFO  impl.MetricsSystemImpl (MetricsSystemImpl.java:stop(216)) - HddsDatanode metrics system stopped.
]]></system-out>
    <system-err><![CDATA[Jul 16, 2019 2:30:27 PM com.sun.jersey.server.impl.application.WebApplicationImpl _initiate
INFO: Initiating Jersey application, version 'Jersey: 1.19 02/11/2015 03:25 AM'
Jul 16, 2019 2:30:27 PM com.sun.jersey.server.impl.application.WebApplicationImpl _initiate
INFO: Initiating Jersey application, version 'Jersey: 1.19 02/11/2015 03:25 AM'
Jul 16, 2019 2:30:28 PM com.sun.jersey.server.impl.application.WebApplicationImpl _initiate
INFO: Initiating Jersey application, version 'Jersey: 1.19 02/11/2015 03:25 AM'
Jul 16, 2019 2:30:28 PM com.sun.jersey.server.impl.application.WebApplicationImpl _initiate
INFO: Initiating Jersey application, version 'Jersey: 1.19 02/11/2015 03:25 AM'
Jul 16, 2019 2:30:28 PM com.sun.jersey.server.impl.application.WebApplicationImpl _initiate
INFO: Initiating Jersey application, version 'Jersey: 1.19 02/11/2015 03:25 AM'
Jul 16, 2019 2:30:28 PM com.sun.jersey.server.impl.application.WebApplicationImpl _initiate
INFO: Initiating Jersey application, version 'Jersey: 1.19 02/11/2015 03:25 AM'
Jul 16, 2019 2:30:28 PM com.sun.jersey.server.impl.application.WebApplicationImpl _initiate
INFO: Initiating Jersey application, version 'Jersey: 1.19 02/11/2015 03:25 AM'
Jul 16, 2019 2:30:40 PM org.apache.ratis.thirdparty.io.grpc.internal.ManagedChannelOrphanWrapper$ManagedChannelReference cleanQueue
SEVERE: *~*~*~ Channel ManagedChannelImpl{logId=3822, target=192.168.157.241:33053} was not shutdown properly!!! ~*~*~*
    Make sure to call shutdown()/shutdownNow() and wait until awaitTermination() returns true.
java.lang.RuntimeException: ManagedChannel allocation site
	at org.apache.ratis.thirdparty.io.grpc.internal.ManagedChannelOrphanWrapper$ManagedChannelReference.<init>(ManagedChannelOrphanWrapper.java:103)
	at org.apache.ratis.thirdparty.io.grpc.internal.ManagedChannelOrphanWrapper.<init>(ManagedChannelOrphanWrapper.java:53)
	at org.apache.ratis.thirdparty.io.grpc.internal.ManagedChannelOrphanWrapper.<init>(ManagedChannelOrphanWrapper.java:44)
	at org.apache.ratis.thirdparty.io.grpc.internal.AbstractManagedChannelImplBuilder.build(AbstractManagedChannelImplBuilder.java:411)
	at org.apache.ratis.grpc.client.GrpcClientProtocolClient.<init>(GrpcClientProtocolClient.java:119)
	at org.apache.ratis.grpc.client.GrpcClientRpc.lambda$new$0(GrpcClientRpc.java:55)
	at org.apache.ratis.util.PeerProxyMap$PeerAndProxy.lambda$getProxy$0(PeerProxyMap.java:61)
	at org.apache.ratis.util.LifeCycle.startAndTransition(LifeCycle.java:202)
	at org.apache.ratis.util.PeerProxyMap$PeerAndProxy.getProxy(PeerProxyMap.java:60)
	at org.apache.ratis.util.PeerProxyMap.getProxy(PeerProxyMap.java:107)
	at org.apache.ratis.grpc.client.GrpcClientRpc.sendRequestAsync(GrpcClientRpc.java:66)
	at org.apache.ratis.client.impl.OrderedAsync.sendRequest(OrderedAsync.java:208)
	at org.apache.ratis.client.impl.OrderedAsync.sendRequestWithRetry(OrderedAsync.java:169)
	at org.apache.ratis.util.SlidingWindow$Client.sendOrDelayRequest(SlidingWindow.java:278)
	at org.apache.ratis.util.SlidingWindow$Client.retry(SlidingWindow.java:294)
	at org.apache.ratis.client.impl.OrderedAsync.lambda$scheduleWithTimeout$7(OrderedAsync.java:195)
	at org.apache.ratis.util.TimeoutScheduler.lambda$onTimeout$0(TimeoutScheduler.java:85)
	at org.apache.ratis.util.TimeoutScheduler.lambda$onTimeout$1(TimeoutScheduler.java:104)
	at org.apache.ratis.util.LogUtils.runAndLog(LogUtils.java:50)
	at org.apache.ratis.util.LogUtils$1.run(LogUtils.java:91)
	at java.util.concurrent.Executors$RunnableAdapter.call(Executors.java:511)
	at java.util.concurrent.FutureTask.run(FutureTask.java:266)
	at java.util.concurrent.ScheduledThreadPoolExecutor$ScheduledFutureTask.access$201(ScheduledThreadPoolExecutor.java:180)
	at java.util.concurrent.ScheduledThreadPoolExecutor$ScheduledFutureTask.run(ScheduledThreadPoolExecutor.java:293)
	at java.util.concurrent.ThreadPoolExecutor.runWorker(ThreadPoolExecutor.java:1149)
	at java.util.concurrent.ThreadPoolExecutor$Worker.run(ThreadPoolExecutor.java:624)
	at java.lang.Thread.run(Thread.java:748)

Jul 16, 2019 2:30:40 PM org.apache.ratis.thirdparty.io.grpc.internal.ManagedChannelOrphanWrapper$ManagedChannelReference cleanQueue
SEVERE: *~*~*~ Channel ManagedChannelImpl{logId=3867, target=192.168.157.241:37180} was not shutdown properly!!! ~*~*~*
    Make sure to call shutdown()/shutdownNow() and wait until awaitTermination() returns true.
java.lang.RuntimeException: ManagedChannel allocation site
	at org.apache.ratis.thirdparty.io.grpc.internal.ManagedChannelOrphanWrapper$ManagedChannelReference.<init>(ManagedChannelOrphanWrapper.java:103)
	at org.apache.ratis.thirdparty.io.grpc.internal.ManagedChannelOrphanWrapper.<init>(ManagedChannelOrphanWrapper.java:53)
	at org.apache.ratis.thirdparty.io.grpc.internal.ManagedChannelOrphanWrapper.<init>(ManagedChannelOrphanWrapper.java:44)
	at org.apache.ratis.thirdparty.io.grpc.internal.AbstractManagedChannelImplBuilder.build(AbstractManagedChannelImplBuilder.java:411)
	at org.apache.ratis.grpc.client.GrpcClientProtocolClient.<init>(GrpcClientProtocolClient.java:119)
	at org.apache.ratis.grpc.client.GrpcClientRpc.lambda$new$0(GrpcClientRpc.java:55)
	at org.apache.ratis.util.PeerProxyMap$PeerAndProxy.lambda$getProxy$0(PeerProxyMap.java:61)
	at org.apache.ratis.util.LifeCycle.startAndTransition(LifeCycle.java:202)
	at org.apache.ratis.util.PeerProxyMap$PeerAndProxy.getProxy(PeerProxyMap.java:60)
	at org.apache.ratis.util.PeerProxyMap.getProxy(PeerProxyMap.java:107)
	at org.apache.ratis.grpc.client.GrpcClientRpc.sendRequestAsync(GrpcClientRpc.java:66)
	at org.apache.ratis.client.impl.OrderedAsync.sendRequest(OrderedAsync.java:208)
	at org.apache.ratis.client.impl.OrderedAsync.sendRequestWithRetry(OrderedAsync.java:169)
	at org.apache.ratis.util.SlidingWindow$Client.sendOrDelayRequest(SlidingWindow.java:278)
	at org.apache.ratis.util.SlidingWindow$Client.retry(SlidingWindow.java:294)
	at org.apache.ratis.client.impl.OrderedAsync.lambda$scheduleWithTimeout$7(OrderedAsync.java:195)
	at org.apache.ratis.util.TimeoutScheduler.lambda$onTimeout$0(TimeoutScheduler.java:85)
	at org.apache.ratis.util.TimeoutScheduler.lambda$onTimeout$1(TimeoutScheduler.java:104)
	at org.apache.ratis.util.LogUtils.runAndLog(LogUtils.java:50)
	at org.apache.ratis.util.LogUtils$1.run(LogUtils.java:91)
	at java.util.concurrent.Executors$RunnableAdapter.call(Executors.java:511)
	at java.util.concurrent.FutureTask.run(FutureTask.java:266)
	at java.util.concurrent.ScheduledThreadPoolExecutor$ScheduledFutureTask.access$201(ScheduledThreadPoolExecutor.java:180)
	at java.util.concurrent.ScheduledThreadPoolExecutor$ScheduledFutureTask.run(ScheduledThreadPoolExecutor.java:293)
	at java.util.concurrent.ThreadPoolExecutor.runWorker(ThreadPoolExecutor.java:1149)
	at java.util.concurrent.ThreadPoolExecutor$Worker.run(ThreadPoolExecutor.java:624)
	at java.lang.Thread.run(Thread.java:748)

]]></system-err>
  </testcase>
</testsuite>