<?xml version="1.0" encoding="UTF-8"?>
<testsuite xmlns:xsi="http://www.w3.org/2001/XMLSchema-instance" xsi:noNamespaceSchemaLocation="https://maven.apache.org/surefire/maven-surefire-plugin/xsd/surefire-test-report.xsd" name="org.apache.hadoop.ozone.client.rpc.TestCloseContainerHandlingByClient" time="61.234" tests="8" errors="6" skipped="1" failures="0">
  <properties>
    <property name="awt.toolkit" value="sun.awt.X11.XToolkit"/>
    <property name="file.encoding.pkg" value="sun.io"/>
    <property name="java.specification.version" value="1.8"/>
    <property name="sun.cpu.isalist" value=""/>
    <property name="sun.jnu.encoding" value="UTF-8"/>
    <property name="java.class.path" value="/workdir/hadoop-ozone/integration-test/target/test-classes:/workdir/hadoop-ozone/integration-test/target/classes:/home/user/.m2/repository/org/apache/hadoop/hadoop-ozone-common/0.5.0-SNAPSHOT/hadoop-ozone-common-0.5.0-SNAPSHOT.jar:/home/user/.m2/repository/org/apache/commons/commons-compress/1.4.1/commons-compress-1.4.1.jar:/home/user/.m2/repository/org/tukaani/xz/1.0/xz-1.0.jar:/home/user/.m2/repository/org/apache/hadoop/hadoop-common/3.2.0/hadoop-common-3.2.0.jar:/home/user/.m2/repository/org/apache/hadoop/hadoop-hdfs/3.2.0/hadoop-hdfs-3.2.0.jar:/home/user/.m2/repository/org/apache/hadoop/hadoop-hdfs-client/3.2.0/hadoop-hdfs-client-3.2.0.jar:/home/user/.m2/repository/com/fasterxml/jackson/core/jackson-annotations/2.9.5/jackson-annotations-2.9.5.jar:/home/user/.m2/repository/org/apache/hadoop/hadoop-hdds-common/0.5.0-SNAPSHOT/hadoop-hdds-common-0.5.0-SNAPSHOT.jar:/home/user/.m2/repository/javax/annotation/javax.annotation-api/1.2/javax.annotation-api-1.2.jar:/home/user/.m2/repository/org/apache/ratis/ratis-server/0.4.0-2337318-SNAPSHOT/ratis-server-0.4.0-2337318-SNAPSHOT.jar:/home/user/.m2/repository/org/apache/ratis/ratis-thirdparty-misc/0.2.0/ratis-thirdparty-misc-0.2.0.jar:/home/user/.m2/repository/org/apache/ratis/ratis-proto/0.4.0-2337318-SNAPSHOT/ratis-proto-0.4.0-2337318-SNAPSHOT.jar:/home/user/.m2/repository/org/apache/ratis/ratis-common/0.4.0-2337318-SNAPSHOT/ratis-common-0.4.0-2337318-SNAPSHOT.jar:/home/user/.m2/repository/org/apache/ratis/ratis-client/0.4.0-2337318-SNAPSHOT/ratis-client-0.4.0-2337318-SNAPSHOT.jar:/home/user/.m2/repository/org/apache/ratis/ratis-metrics/0.4.0-2337318-SNAPSHOT/ratis-metrics-0.4.0-2337318-SNAPSHOT.jar:/home/user/.m2/repository/org/apache/ratis/ratis-netty/0.4.0-2337318-SNAPSHOT/ratis-netty-0.4.0-2337318-SNAPSHOT.jar:/home/user/.m2/repository/org/apache/ratis/ratis-grpc/0.4.0-2337318-SNAPSHOT/ratis-grpc-0.4.0-2337318-SNAPSHOT.jar:/home/user/.m2/repository/org/rocksdb/rocksdbjni/6.0.1/rocksdbjni-6.0.1.jar:/home/user/.m2/repository/org/apache/logging/log4j/log4j-api/2.11.0/log4j-api-2.11.0.jar:/home/user/.m2/repository/org/apache/logging/log4j/log4j-core/2.11.0/log4j-core-2.11.0.jar:/home/user/.m2/repository/com/lmax/disruptor/3.4.2/disruptor-3.4.2.jar:/home/user/.m2/repository/org/apache/commons/commons-pool2/2.6.0/commons-pool2-2.6.0.jar:/home/user/.m2/repository/org/bouncycastle/bcpkix-jdk15on/1.60/bcpkix-jdk15on-1.60.jar:/home/user/.m2/repository/commons-validator/commons-validator/1.6/commons-validator-1.6.jar:/home/user/.m2/repository/commons-digester/commons-digester/1.8.1/commons-digester-1.8.1.jar:/home/user/.m2/repository/io/jaegertracing/jaeger-client/0.33.1/jaeger-client-0.33.1.jar:/home/user/.m2/repository/io/jaegertracing/jaeger-thrift/0.33.1/jaeger-thrift-0.33.1.jar:/home/user/.m2/repository/org/apache/thrift/libthrift/0.11.0/libthrift-0.11.0.jar:/home/user/.m2/repository/com/squareup/okhttp3/okhttp/3.9.0/okhttp-3.9.0.jar:/home/user/.m2/repository/com/squareup/okio/okio/1.13.0/okio-1.13.0.jar:/home/user/.m2/repository/io/jaegertracing/jaeger-core/0.33.1/jaeger-core-0.33.1.jar:/home/user/.m2/repository/io/jaegertracing/jaeger-tracerresolver/0.33.1/jaeger-tracerresolver-0.33.1.jar:/home/user/.m2/repository/io/opentracing/contrib/opentracing-tracerresolver/0.1.5/opentracing-tracerresolver-0.1.5.jar:/home/user/.m2/repository/io/opentracing/opentracing-util/0.31.0/opentracing-util-0.31.0.jar:/home/user/.m2/repository/io/opentracing/opentracing-api/0.31.0/opentracing-api-0.31.0.jar:/home/user/.m2/repository/io/opentracing/opentracing-noop/0.31.0/opentracing-noop-0.31.0.jar:/home/user/.m2/repository/org/apache/hadoop/hadoop-hdds-server-framework/0.5.0-SNAPSHOT/hadoop-hdds-server-framework-0.5.0-SNAPSHOT.jar:/home/user/.m2/repository/org/apache/hadoop/hadoop-hdds-container-service/0.5.0-SNAPSHOT/hadoop-hdds-container-service-0.5.0-SNAPSHOT.jar:/home/user/.m2/repository/org/apache/hadoop/hadoop-hdds-client/0.5.0-SNAPSHOT/hadoop-hdds-client-0.5.0-SNAPSHOT.jar:/home/user/.m2/repository/org/apache/hadoop/hadoop-hdds-tools/0.5.0-SNAPSHOT/hadoop-hdds-tools-0.5.0-SNAPSHOT.jar:/home/user/.m2/repository/org/apache/hadoop/hadoop-hdds-server-scm/0.5.0-SNAPSHOT/hadoop-hdds-server-scm-0.5.0-SNAPSHOT.jar:/home/user/.m2/repository/org/apache/hadoop/hadoop-hdds-docs/0.5.0-SNAPSHOT/hadoop-hdds-docs-0.5.0-SNAPSHOT.jar:/home/user/.m2/repository/io/dropwizard/metrics/metrics-core/3.2.4/metrics-core-3.2.4.jar:/home/user/.m2/repository/org/hamcrest/hamcrest-all/1.3/hamcrest-all-1.3.jar:/home/user/.m2/repository/org/bouncycastle/bcprov-jdk15on/1.60/bcprov-jdk15on-1.60.jar:/home/user/.m2/repository/info/picocli/picocli/3.9.6/picocli-3.9.6.jar:/home/user/.m2/repository/com/google/protobuf/protobuf-java/2.5.0/protobuf-java-2.5.0.jar:/home/user/.m2/repository/com/google/guava/guava/11.0.2/guava-11.0.2.jar:/home/user/.m2/repository/org/apache/hadoop/hadoop-ozone-ozone-manager/0.5.0-SNAPSHOT/hadoop-ozone-ozone-manager-0.5.0-SNAPSHOT.jar:/home/user/.m2/repository/org/apache/hadoop/hadoop-minikdc/3.2.0/hadoop-minikdc-3.2.0.jar:/home/user/.m2/repository/commons-io/commons-io/2.5/commons-io-2.5.jar:/home/user/.m2/repository/org/apache/kerby/kerb-simplekdc/1.0.1/kerb-simplekdc-1.0.1.jar:/home/user/.m2/repository/org/apache/kerby/kerb-client/1.0.1/kerb-client-1.0.1.jar:/home/user/.m2/repository/org/apache/kerby/kerby-config/1.0.1/kerby-config-1.0.1.jar:/home/user/.m2/repository/org/apache/kerby/kerb-core/1.0.1/kerb-core-1.0.1.jar:/home/user/.m2/repository/org/apache/kerby/kerby-pkix/1.0.1/kerby-pkix-1.0.1.jar:/home/user/.m2/repository/org/apache/kerby/kerby-asn1/1.0.1/kerby-asn1-1.0.1.jar:/home/user/.m2/repository/org/apache/kerby/kerby-util/1.0.1/kerby-util-1.0.1.jar:/home/user/.m2/repository/org/apache/kerby/kerb-common/1.0.1/kerb-common-1.0.1.jar:/home/user/.m2/repository/org/apache/kerby/kerb-crypto/1.0.1/kerb-crypto-1.0.1.jar:/home/user/.m2/repository/org/apache/kerby/kerb-util/1.0.1/kerb-util-1.0.1.jar:/home/user/.m2/repository/org/apache/kerby/token-provider/1.0.1/token-provider-1.0.1.jar:/home/user/.m2/repository/org/apache/kerby/kerb-admin/1.0.1/kerb-admin-1.0.1.jar:/home/user/.m2/repository/org/apache/kerby/kerb-server/1.0.1/kerb-server-1.0.1.jar:/home/user/.m2/repository/org/apache/kerby/kerb-identity/1.0.1/kerb-identity-1.0.1.jar:/home/user/.m2/repository/org/apache/kerby/kerby-xdr/1.0.1/kerby-xdr-1.0.1.jar:/home/user/.m2/repository/org/slf4j/slf4j-log4j12/1.7.25/slf4j-log4j12-1.7.25.jar:/home/user/.m2/repository/org/apache/hadoop/hadoop-ozone-objectstore-service/0.5.0-SNAPSHOT/hadoop-ozone-objectstore-service-0.5.0-SNAPSHOT.jar:/home/user/.m2/repository/org/apache/hadoop/hadoop-ozone-s3gateway/0.5.0-SNAPSHOT/hadoop-ozone-s3gateway-0.5.0-SNAPSHOT.jar:/home/user/.m2/repository/org/jboss/weld/servlet/weld-servlet/2.4.7.Final/weld-servlet-2.4.7.Final.jar:/home/user/.m2/repository/org/glassfish/jersey/containers/jersey-container-servlet-core/2.27/jersey-container-servlet-core-2.27.jar:/home/user/.m2/repository/org/glassfish/hk2/external/javax.inject/2.5.0-b42/javax.inject-2.5.0-b42.jar:/home/user/.m2/repository/org/glassfish/jersey/core/jersey-common/2.27/jersey-common-2.27.jar:/home/user/.m2/repository/org/glassfish/hk2/osgi-resource-locator/1.0.1/osgi-resource-locator-1.0.1.jar:/home/user/.m2/repository/javax/ws/rs/javax.ws.rs-api/2.1/javax.ws.rs-api-2.1.jar:/home/user/.m2/repository/org/glassfish/jersey/ext/cdi/jersey-cdi1x/2.27/jersey-cdi1x-2.27.jar:/home/user/.m2/repository/org/glassfish/jersey/inject/jersey-hk2/2.27/jersey-hk2-2.27.jar:/home/user/.m2/repository/org/glassfish/hk2/hk2-locator/2.5.0-b42/hk2-locator-2.5.0-b42.jar:/home/user/.m2/repository/org/javassist/javassist/3.22.0-CR2/javassist-3.22.0-CR2.jar:/home/user/.m2/repository/org/glassfish/hk2/hk2-api/2.5.0/hk2-api-2.5.0.jar:/home/user/.m2/repository/org/glassfish/hk2/external/jakarta.inject/2.5.0/jakarta.inject-2.5.0.jar:/home/user/.m2/repository/org/glassfish/hk2/hk2-utils/2.5.0/hk2-utils-2.5.0.jar:/home/user/.m2/repository/jakarta/annotation/jakarta.annotation-api/1.3.4/jakarta.annotation-api-1.3.4.jar:/home/user/.m2/repository/org/glassfish/hk2/external/aopalliance-repackaged/2.5.0/aopalliance-repackaged-2.5.0.jar:/home/user/.m2/repository/com/fasterxml/jackson/dataformat/jackson-dataformat-xml/2.9.0/jackson-dataformat-xml-2.9.0.jar:/home/user/.m2/repository/com/fasterxml/jackson/core/jackson-core/2.9.5/jackson-core-2.9.5.jar:/home/user/.m2/repository/com/fasterxml/jackson/module/jackson-module-jaxb-annotations/2.9.5/jackson-module-jaxb-annotations-2.9.5.jar:/home/user/.m2/repository/javax/enterprise/cdi-api/1.2/cdi-api-1.2.jar:/home/user/.m2/repository/javax/el/javax.el-api/3.0.0/javax.el-api-3.0.0.jar:/home/user/.m2/repository/javax/interceptor/javax.interceptor-api/1.2/javax.interceptor-api-1.2.jar:/home/user/.m2/repository/javax/inject/javax.inject/1/javax.inject-1.jar:/home/user/.m2/repository/com/sun/xml/bind/jaxb-impl/2.3.0.1/jaxb-impl-2.3.0.1.jar:/home/user/.m2/repository/com/sun/xml/bind/jaxb-core/2.3.0.1/jaxb-core-2.3.0.1.jar:/home/user/.m2/repository/javax/xml/bind/jaxb-api/2.3.0/jaxb-api-2.3.0.jar:/home/user/.m2/repository/javax/activation/activation/1.1.1/activation-1.1.1.jar:/home/user/.m2/repository/org/apache/hadoop/hadoop-ozone-csi/0.5.0-SNAPSHOT/hadoop-ozone-csi-0.5.0-SNAPSHOT.jar:/home/user/.m2/repository/com/google/protobuf/protobuf-java-util/3.5.1/protobuf-java-util-3.5.1.jar:/home/user/.m2/repository/org/apache/hadoop/hadoop-hdds-config/0.5.0-SNAPSHOT/hadoop-hdds-config-0.5.0-SNAPSHOT.jar:/home/user/.m2/repository/io/grpc/grpc-netty/1.17.1/grpc-netty-1.17.1.jar:/home/user/.m2/repository/io/grpc/grpc-core/1.17.1/grpc-core-1.17.1.jar:/home/user/.m2/repository/io/grpc/grpc-context/1.17.1/grpc-context-1.17.1.jar:/home/user/.m2/repository/com/google/errorprone/error_prone_annotations/2.2.0/error_prone_annotations-2.2.0.jar:/home/user/.m2/repository/org/codehaus/mojo/animal-sniffer-annotations/1.17/animal-sniffer-annotations-1.17.jar:/home/user/.m2/repository/io/opencensus/opencensus-api/0.17.0/opencensus-api-0.17.0.jar:/home/user/.m2/repository/io/opencensus/opencensus-contrib-grpc-metrics/0.17.0/opencensus-contrib-grpc-metrics-0.17.0.jar:/home/user/.m2/repository/io/netty/netty-codec-http2/4.1.30.Final/netty-codec-http2-4.1.30.Final.jar:/home/user/.m2/repository/io/netty/netty-codec-http/4.1.30.Final/netty-codec-http-4.1.30.Final.jar:/home/user/.m2/repository/io/netty/netty-codec/4.1.30.Final/netty-codec-4.1.30.Final.jar:/home/user/.m2/repository/io/netty/netty-handler/4.1.30.Final/netty-handler-4.1.30.Final.jar:/home/user/.m2/repository/io/netty/netty-handler-proxy/4.1.30.Final/netty-handler-proxy-4.1.30.Final.jar:/home/user/.m2/repository/io/netty/netty-codec-socks/4.1.30.Final/netty-codec-socks-4.1.30.Final.jar:/home/user/.m2/repository/io/netty/netty-transport-native-epoll/4.1.30.Final/netty-transport-native-epoll-4.1.30.Final.jar:/home/user/.m2/repository/io/netty/netty-common/4.1.30.Final/netty-common-4.1.30.Final.jar:/home/user/.m2/repository/io/netty/netty-buffer/4.1.30.Final/netty-buffer-4.1.30.Final.jar:/home/user/.m2/repository/io/netty/netty-transport/4.1.30.Final/netty-transport-4.1.30.Final.jar:/home/user/.m2/repository/io/netty/netty-resolver/4.1.30.Final/netty-resolver-4.1.30.Final.jar:/home/user/.m2/repository/io/netty/netty-transport-native-unix-common/4.1.30.Final/netty-transport-native-unix-common-4.1.30.Final.jar:/home/user/.m2/repository/io/grpc/grpc-protobuf/1.17.1/grpc-protobuf-1.17.1.jar:/home/user/.m2/repository/com/google/api/grpc/proto-google-common-protos/1.0.0/proto-google-common-protos-1.0.0.jar:/home/user/.m2/repository/io/grpc/grpc-protobuf-lite/1.17.1/grpc-protobuf-lite-1.17.1.jar:/home/user/.m2/repository/io/grpc/grpc-stub/1.17.1/grpc-stub-1.17.1.jar:/home/user/.m2/repository/org/apache/hadoop/hadoop-ozone-recon/0.5.0-SNAPSHOT/hadoop-ozone-recon-0.5.0-SNAPSHOT.jar:/home/user/.m2/repository/org/apache/hadoop/hadoop-ozone-reconcodegen/0.5.0-SNAPSHOT/hadoop-ozone-reconcodegen-0.5.0-SNAPSHOT.jar:/home/user/.m2/repository/com/google/inject/extensions/guice-multibindings/4.0/guice-multibindings-4.0.jar:/home/user/.m2/repository/com/google/inject/guice/4.0/guice-4.0.jar:/home/user/.m2/repository/aopalliance/aopalliance/1.0/aopalliance-1.0.jar:/home/user/.m2/repository/com/google/inject/extensions/guice-servlet/4.0/guice-servlet-4.0.jar:/home/user/.m2/repository/org/glassfish/jersey/containers/jersey-container-servlet/2.27/jersey-container-servlet-2.27.jar:/home/user/.m2/repository/org/glassfish/hk2/guice-bridge/2.5.0/guice-bridge-2.5.0.jar:/home/user/.m2/repository/org/glassfish/jersey/core/jersey-server/2.27/jersey-server-2.27.jar:/home/user/.m2/repository/org/glassfish/jersey/core/jersey-client/2.27/jersey-client-2.27.jar:/home/user/.m2/repository/org/glassfish/jersey/media/jersey-media-jaxb/2.27/jersey-media-jaxb-2.27.jar:/home/user/.m2/repository/javax/validation/validation-api/1.1.0.Final/validation-api-1.1.0.Final.jar:/home/user/.m2/repository/org/glassfish/jersey/media/jersey-media-json-jackson/2.27/jersey-media-json-jackson-2.27.jar:/home/user/.m2/repository/org/glassfish/jersey/ext/jersey-entity-filtering/2.27/jersey-entity-filtering-2.27.jar:/home/user/.m2/repository/com/google/inject/extensions/guice-assistedinject/4.0/guice-assistedinject-4.0.jar:/home/user/.m2/repository/org/jooq/jooq/3.11.10/jooq-3.11.10.jar:/home/user/.m2/repository/org/jooq/jooq-meta/3.11.10/jooq-meta-3.11.10.jar:/home/user/.m2/repository/org/jooq/jooq-codegen/3.11.10/jooq-codegen-3.11.10.jar:/home/user/.m2/repository/com/jolbox/bonecp/0.8.0.RELEASE/bonecp-0.8.0.RELEASE.jar:/home/user/.m2/repository/org/xerial/sqlite-jdbc/3.25.2/sqlite-jdbc-3.25.2.jar:/home/user/.m2/repository/org/springframework/spring-jdbc/5.1.3.RELEASE/spring-jdbc-5.1.3.RELEASE.jar:/home/user/.m2/repository/org/springframework/spring-beans/5.1.3.RELEASE/spring-beans-5.1.3.RELEASE.jar:/home/user/.m2/repository/org/springframework/spring-core/5.1.3.RELEASE/spring-core-5.1.3.RELEASE.jar:/home/user/.m2/repository/org/springframework/spring-jcl/5.1.3.RELEASE/spring-jcl-5.1.3.RELEASE.jar:/home/user/.m2/repository/org/springframework/spring-tx/5.1.3.RELEASE/spring-tx-5.1.3.RELEASE.jar:/home/user/.m2/repository/org/apache/hadoop/hadoop-ozone-client/0.5.0-SNAPSHOT/hadoop-ozone-client-0.5.0-SNAPSHOT.jar:/home/user/.m2/repository/commons-lang/commons-lang/2.6/commons-lang-2.6.jar:/home/user/.m2/repository/org/apache/hadoop/hadoop-ozone-ozone-manager/0.5.0-SNAPSHOT/hadoop-ozone-ozone-manager-0.5.0-SNAPSHOT-tests.jar:/home/user/.m2/repository/junit/junit/4.11/junit-4.11.jar:/home/user/.m2/repository/org/hamcrest/hamcrest-core/1.3/hamcrest-core-1.3.jar:/home/user/.m2/repository/org/openjdk/jmh/jmh-core/1.19/jmh-core-1.19.jar:/home/user/.m2/repository/net/sf/jopt-simple/jopt-simple/4.6/jopt-simple-4.6.jar:/home/user/.m2/repository/org/apache/commons/commons-math3/3.1.1/commons-math3-3.1.1.jar:/home/user/.m2/repository/org/openjdk/jmh/jmh-generator-annprocess/1.19/jmh-generator-annprocess-1.19.jar:/home/user/.m2/repository/org/mockito/mockito-all/1.8.5/mockito-all-1.8.5.jar:/home/user/.m2/repository/org/apache/hadoop/hadoop-kms/3.2.0/hadoop-kms-3.2.0.jar:/home/user/.m2/repository/org/apache/hadoop/hadoop-auth/3.2.0/hadoop-auth-3.2.0.jar:/home/user/.m2/repository/com/nimbusds/nimbus-jose-jwt/4.41.1/nimbus-jose-jwt-4.41.1.jar:/home/user/.m2/repository/com/github/stephenc/jcip/jcip-annotations/1.0-1/jcip-annotations-1.0-1.jar:/home/user/.m2/repository/net/minidev/json-smart/2.3/json-smart-2.3.jar:/home/user/.m2/repository/net/minidev/accessors-smart/1.2/accessors-smart-1.2.jar:/home/user/.m2/repository/org/ow2/asm/asm/5.0.4/asm-5.0.4.jar:/home/user/.m2/repository/org/apache/curator/curator-framework/2.12.0/curator-framework-2.12.0.jar:/home/user/.m2/repository/com/sun/jersey/jersey-core/1.19/jersey-core-1.19.jar:/home/user/.m2/repository/javax/ws/rs/jsr311-api/1.1.1/jsr311-api-1.1.1.jar:/home/user/.m2/repository/com/sun/jersey/jersey-server/1.19/jersey-server-1.19.jar:/home/user/.m2/repository/javax/servlet/javax.servlet-api/3.1.0/javax.servlet-api-3.1.0.jar:/home/user/.m2/repository/org/eclipse/jetty/jetty-server/9.3.24.v20180605/jetty-server-9.3.24.v20180605.jar:/home/user/.m2/repository/org/eclipse/jetty/jetty-http/9.3.24.v20180605/jetty-http-9.3.24.v20180605.jar:/home/user/.m2/repository/org/eclipse/jetty/jetty-io/9.3.24.v20180605/jetty-io-9.3.24.v20180605.jar:/home/user/.m2/repository/org/eclipse/jetty/jetty-webapp/9.3.24.v20180605/jetty-webapp-9.3.24.v20180605.jar:/home/user/.m2/repository/org/eclipse/jetty/jetty-xml/9.3.24.v20180605/jetty-xml-9.3.24.v20180605.jar:/home/user/.m2/repository/log4j/log4j/1.2.17/log4j-1.2.17.jar:/home/user/.m2/repository/org/slf4j/slf4j-api/1.7.25/slf4j-api-1.7.25.jar:/home/user/.m2/repository/org/slf4j/jul-to-slf4j/1.7.25/jul-to-slf4j-1.7.25.jar:/home/user/.m2/repository/org/eclipse/jetty/jetty-util/9.3.24.v20180605/jetty-util-9.3.24.v20180605.jar:/home/user/.m2/repository/com/fasterxml/jackson/core/jackson-databind/2.9.5/jackson-databind-2.9.5.jar:/home/user/.m2/repository/org/apache/hadoop/hadoop-kms/3.2.0/hadoop-kms-3.2.0-tests.jar:/home/user/.m2/repository/org/apache/hadoop/hadoop-hdds-server-scm/0.5.0-SNAPSHOT/hadoop-hdds-server-scm-0.5.0-SNAPSHOT-tests.jar:/home/user/.m2/repository/org/apache/hadoop/hadoop-hdds-container-service/0.5.0-SNAPSHOT/hadoop-hdds-container-service-0.5.0-SNAPSHOT-tests.jar:/home/user/.m2/repository/org/yaml/snakeyaml/1.16/snakeyaml-1.16.jar:/home/user/.m2/repository/org/apache/hadoop/hadoop-common/3.2.0/hadoop-common-3.2.0-tests.jar:/home/user/.m2/repository/org/apache/hadoop/hadoop-annotations/3.2.0/hadoop-annotations-3.2.0.jar:/usr/lib/jvm/java-1.8-openjdk/jre/../lib/tools.jar:/home/user/.m2/repository/commons-cli/commons-cli/1.2/commons-cli-1.2.jar:/home/user/.m2/repository/org/apache/httpcomponents/httpclient/4.5.2/httpclient-4.5.2.jar:/home/user/.m2/repository/org/apache/httpcomponents/httpcore/4.4.4/httpcore-4.4.4.jar:/home/user/.m2/repository/commons-codec/commons-codec/1.11/commons-codec-1.11.jar:/home/user/.m2/repository/commons-net/commons-net/3.6/commons-net-3.6.jar:/home/user/.m2/repository/commons-collections/commons-collections/3.2.2/commons-collections-3.2.2.jar:/home/user/.m2/repository/org/eclipse/jetty/jetty-servlet/9.3.24.v20180605/jetty-servlet-9.3.24.v20180605.jar:/home/user/.m2/repository/org/eclipse/jetty/jetty-security/9.3.24.v20180605/jetty-security-9.3.24.v20180605.jar:/home/user/.m2/repository/javax/servlet/jsp/jsp-api/2.1/jsp-api-2.1.jar:/home/user/.m2/repository/com/sun/jersey/jersey-servlet/1.19/jersey-servlet-1.19.jar:/home/user/.m2/repository/com/sun/jersey/jersey-json/1.19/jersey-json-1.19.jar:/home/user/.m2/repository/org/codehaus/jettison/jettison/1.1/jettison-1.1.jar:/home/user/.m2/repository/org/codehaus/jackson/jackson-core-asl/1.9.13/jackson-core-asl-1.9.13.jar:/home/user/.m2/repository/org/codehaus/jackson/jackson-mapper-asl/1.9.13/jackson-mapper-asl-1.9.13.jar:/home/user/.m2/repository/org/codehaus/jackson/jackson-jaxrs/1.9.13/jackson-jaxrs-1.9.13.jar:/home/user/.m2/repository/org/codehaus/jackson/jackson-xc/1.9.13/jackson-xc-1.9.13.jar:/home/user/.m2/repository/commons-logging/commons-logging/1.1.3/commons-logging-1.1.3.jar:/home/user/.m2/repository/commons-beanutils/commons-beanutils/1.9.3/commons-beanutils-1.9.3.jar:/home/user/.m2/repository/org/apache/commons/commons-configuration2/2.1.1/commons-configuration2-2.1.1.jar:/home/user/.m2/repository/org/apache/commons/commons-lang3/3.7/commons-lang3-3.7.jar:/home/user/.m2/repository/org/apache/commons/commons-text/1.4/commons-text-1.4.jar:/home/user/.m2/repository/org/apache/avro/avro/1.7.7/avro-1.7.7.jar:/home/user/.m2/repository/com/thoughtworks/paranamer/paranamer/2.3/paranamer-2.3.jar:/home/user/.m2/repository/org/xerial/snappy/snappy-java/1.0.5/snappy-java-1.0.5.jar:/home/user/.m2/repository/com/google/re2j/re2j/1.1/re2j-1.1.jar:/home/user/.m2/repository/com/google/code/gson/gson/2.2.4/gson-2.2.4.jar:/home/user/.m2/repository/com/jcraft/jsch/0.1.54/jsch-0.1.54.jar:/home/user/.m2/repository/org/apache/curator/curator-client/2.12.0/curator-client-2.12.0.jar:/home/user/.m2/repository/org/apache/curator/curator-recipes/2.12.0/curator-recipes-2.12.0.jar:/home/user/.m2/repository/com/google/code/findbugs/jsr305/3.0.0/jsr305-3.0.0.jar:/home/user/.m2/repository/org/apache/htrace/htrace-core4/4.1.0-incubating/htrace-core4-4.1.0-incubating.jar:/home/user/.m2/repository/org/apache/zookeeper/zookeeper/3.4.13/zookeeper-3.4.13.jar:/home/user/.m2/repository/org/apache/yetus/audience-annotations/0.5.0/audience-annotations-0.5.0.jar:/home/user/.m2/repository/org/codehaus/woodstox/stax2-api/3.1.4/stax2-api-3.1.4.jar:/home/user/.m2/repository/com/fasterxml/woodstox/woodstox-core/5.0.3/woodstox-core-5.0.3.jar:/home/user/.m2/repository/dnsjava/dnsjava/2.1.7/dnsjava-2.1.7.jar:/home/user/.m2/repository/org/apache/hadoop/hadoop-hdfs/3.2.0/hadoop-hdfs-3.2.0-tests.jar:/home/user/.m2/repository/org/eclipse/jetty/jetty-util-ajax/9.3.24.v20180605/jetty-util-ajax-9.3.24.v20180605.jar:/home/user/.m2/repository/commons-daemon/commons-daemon/1.0.13/commons-daemon-1.0.13.jar:/home/user/.m2/repository/io/netty/netty/3.10.5.Final/netty-3.10.5.Final.jar:/home/user/.m2/repository/io/netty/netty-all/4.0.52.Final/netty-all-4.0.52.Final.jar:/home/user/.m2/repository/org/fusesource/leveldbjni/leveldbjni-all/1.8/leveldbjni-all-1.8.jar:"/>
    <property name="java.vm.vendor" value="IcedTea"/>
    <property name="sun.arch.data.model" value="64"/>
    <property name="test.build.dir" value="/workdir/hadoop-ozone/integration-test/target/test-dir"/>
    <property name="test.cache.data" value=""/>
    <property name="java.vendor.url" value="https://icedtea.classpath.org"/>
    <property name="user.timezone" value=""/>
    <property name="java.vm.specification.version" value="1.8"/>
    <property name="os.name" value="Linux"/>
    <property name="test.build.data" value="/workdir/hadoop-ozone/integration-test/target/test-dir"/>
    <property name="user.country" value="US"/>
    <property name="sun.java.launcher" value="SUN_STANDARD"/>
    <property name="sun.boot.library.path" value="/usr/lib/jvm/java-1.8-openjdk/jre/lib/amd64"/>
    <property name="sun.java.command" value="/workdir/hadoop-ozone/integration-test/target/surefire/surefirebooter5297658712191312439.jar /workdir/hadoop-ozone/integration-test/target/surefire 2019-07-16T13-31-09_455-jvmRun1 surefire444629202117444097tmp surefire_497784733745373121248tmp"/>
    <property name="surefire.test.class.path" value="/workdir/hadoop-ozone/integration-test/target/test-classes:/workdir/hadoop-ozone/integration-test/target/classes:/home/user/.m2/repository/org/apache/hadoop/hadoop-ozone-common/0.5.0-SNAPSHOT/hadoop-ozone-common-0.5.0-SNAPSHOT.jar:/home/user/.m2/repository/org/apache/commons/commons-compress/1.4.1/commons-compress-1.4.1.jar:/home/user/.m2/repository/org/tukaani/xz/1.0/xz-1.0.jar:/home/user/.m2/repository/org/apache/hadoop/hadoop-common/3.2.0/hadoop-common-3.2.0.jar:/home/user/.m2/repository/org/apache/hadoop/hadoop-hdfs/3.2.0/hadoop-hdfs-3.2.0.jar:/home/user/.m2/repository/org/apache/hadoop/hadoop-hdfs-client/3.2.0/hadoop-hdfs-client-3.2.0.jar:/home/user/.m2/repository/com/fasterxml/jackson/core/jackson-annotations/2.9.5/jackson-annotations-2.9.5.jar:/home/user/.m2/repository/org/apache/hadoop/hadoop-hdds-common/0.5.0-SNAPSHOT/hadoop-hdds-common-0.5.0-SNAPSHOT.jar:/home/user/.m2/repository/javax/annotation/javax.annotation-api/1.2/javax.annotation-api-1.2.jar:/home/user/.m2/repository/org/apache/ratis/ratis-server/0.4.0-2337318-SNAPSHOT/ratis-server-0.4.0-2337318-SNAPSHOT.jar:/home/user/.m2/repository/org/apache/ratis/ratis-thirdparty-misc/0.2.0/ratis-thirdparty-misc-0.2.0.jar:/home/user/.m2/repository/org/apache/ratis/ratis-proto/0.4.0-2337318-SNAPSHOT/ratis-proto-0.4.0-2337318-SNAPSHOT.jar:/home/user/.m2/repository/org/apache/ratis/ratis-common/0.4.0-2337318-SNAPSHOT/ratis-common-0.4.0-2337318-SNAPSHOT.jar:/home/user/.m2/repository/org/apache/ratis/ratis-client/0.4.0-2337318-SNAPSHOT/ratis-client-0.4.0-2337318-SNAPSHOT.jar:/home/user/.m2/repository/org/apache/ratis/ratis-metrics/0.4.0-2337318-SNAPSHOT/ratis-metrics-0.4.0-2337318-SNAPSHOT.jar:/home/user/.m2/repository/org/apache/ratis/ratis-netty/0.4.0-2337318-SNAPSHOT/ratis-netty-0.4.0-2337318-SNAPSHOT.jar:/home/user/.m2/repository/org/apache/ratis/ratis-grpc/0.4.0-2337318-SNAPSHOT/ratis-grpc-0.4.0-2337318-SNAPSHOT.jar:/home/user/.m2/repository/org/rocksdb/rocksdbjni/6.0.1/rocksdbjni-6.0.1.jar:/home/user/.m2/repository/org/apache/logging/log4j/log4j-api/2.11.0/log4j-api-2.11.0.jar:/home/user/.m2/repository/org/apache/logging/log4j/log4j-core/2.11.0/log4j-core-2.11.0.jar:/home/user/.m2/repository/com/lmax/disruptor/3.4.2/disruptor-3.4.2.jar:/home/user/.m2/repository/org/apache/commons/commons-pool2/2.6.0/commons-pool2-2.6.0.jar:/home/user/.m2/repository/org/bouncycastle/bcpkix-jdk15on/1.60/bcpkix-jdk15on-1.60.jar:/home/user/.m2/repository/commons-validator/commons-validator/1.6/commons-validator-1.6.jar:/home/user/.m2/repository/commons-digester/commons-digester/1.8.1/commons-digester-1.8.1.jar:/home/user/.m2/repository/io/jaegertracing/jaeger-client/0.33.1/jaeger-client-0.33.1.jar:/home/user/.m2/repository/io/jaegertracing/jaeger-thrift/0.33.1/jaeger-thrift-0.33.1.jar:/home/user/.m2/repository/org/apache/thrift/libthrift/0.11.0/libthrift-0.11.0.jar:/home/user/.m2/repository/com/squareup/okhttp3/okhttp/3.9.0/okhttp-3.9.0.jar:/home/user/.m2/repository/com/squareup/okio/okio/1.13.0/okio-1.13.0.jar:/home/user/.m2/repository/io/jaegertracing/jaeger-core/0.33.1/jaeger-core-0.33.1.jar:/home/user/.m2/repository/io/jaegertracing/jaeger-tracerresolver/0.33.1/jaeger-tracerresolver-0.33.1.jar:/home/user/.m2/repository/io/opentracing/contrib/opentracing-tracerresolver/0.1.5/opentracing-tracerresolver-0.1.5.jar:/home/user/.m2/repository/io/opentracing/opentracing-util/0.31.0/opentracing-util-0.31.0.jar:/home/user/.m2/repository/io/opentracing/opentracing-api/0.31.0/opentracing-api-0.31.0.jar:/home/user/.m2/repository/io/opentracing/opentracing-noop/0.31.0/opentracing-noop-0.31.0.jar:/home/user/.m2/repository/org/apache/hadoop/hadoop-hdds-server-framework/0.5.0-SNAPSHOT/hadoop-hdds-server-framework-0.5.0-SNAPSHOT.jar:/home/user/.m2/repository/org/apache/hadoop/hadoop-hdds-container-service/0.5.0-SNAPSHOT/hadoop-hdds-container-service-0.5.0-SNAPSHOT.jar:/home/user/.m2/repository/org/apache/hadoop/hadoop-hdds-client/0.5.0-SNAPSHOT/hadoop-hdds-client-0.5.0-SNAPSHOT.jar:/home/user/.m2/repository/org/apache/hadoop/hadoop-hdds-tools/0.5.0-SNAPSHOT/hadoop-hdds-tools-0.5.0-SNAPSHOT.jar:/home/user/.m2/repository/org/apache/hadoop/hadoop-hdds-server-scm/0.5.0-SNAPSHOT/hadoop-hdds-server-scm-0.5.0-SNAPSHOT.jar:/home/user/.m2/repository/org/apache/hadoop/hadoop-hdds-docs/0.5.0-SNAPSHOT/hadoop-hdds-docs-0.5.0-SNAPSHOT.jar:/home/user/.m2/repository/io/dropwizard/metrics/metrics-core/3.2.4/metrics-core-3.2.4.jar:/home/user/.m2/repository/org/hamcrest/hamcrest-all/1.3/hamcrest-all-1.3.jar:/home/user/.m2/repository/org/bouncycastle/bcprov-jdk15on/1.60/bcprov-jdk15on-1.60.jar:/home/user/.m2/repository/info/picocli/picocli/3.9.6/picocli-3.9.6.jar:/home/user/.m2/repository/com/google/protobuf/protobuf-java/2.5.0/protobuf-java-2.5.0.jar:/home/user/.m2/repository/com/google/guava/guava/11.0.2/guava-11.0.2.jar:/home/user/.m2/repository/org/apache/hadoop/hadoop-ozone-ozone-manager/0.5.0-SNAPSHOT/hadoop-ozone-ozone-manager-0.5.0-SNAPSHOT.jar:/home/user/.m2/repository/org/apache/hadoop/hadoop-minikdc/3.2.0/hadoop-minikdc-3.2.0.jar:/home/user/.m2/repository/commons-io/commons-io/2.5/commons-io-2.5.jar:/home/user/.m2/repository/org/apache/kerby/kerb-simplekdc/1.0.1/kerb-simplekdc-1.0.1.jar:/home/user/.m2/repository/org/apache/kerby/kerb-client/1.0.1/kerb-client-1.0.1.jar:/home/user/.m2/repository/org/apache/kerby/kerby-config/1.0.1/kerby-config-1.0.1.jar:/home/user/.m2/repository/org/apache/kerby/kerb-core/1.0.1/kerb-core-1.0.1.jar:/home/user/.m2/repository/org/apache/kerby/kerby-pkix/1.0.1/kerby-pkix-1.0.1.jar:/home/user/.m2/repository/org/apache/kerby/kerby-asn1/1.0.1/kerby-asn1-1.0.1.jar:/home/user/.m2/repository/org/apache/kerby/kerby-util/1.0.1/kerby-util-1.0.1.jar:/home/user/.m2/repository/org/apache/kerby/kerb-common/1.0.1/kerb-common-1.0.1.jar:/home/user/.m2/repository/org/apache/kerby/kerb-crypto/1.0.1/kerb-crypto-1.0.1.jar:/home/user/.m2/repository/org/apache/kerby/kerb-util/1.0.1/kerb-util-1.0.1.jar:/home/user/.m2/repository/org/apache/kerby/token-provider/1.0.1/token-provider-1.0.1.jar:/home/user/.m2/repository/org/apache/kerby/kerb-admin/1.0.1/kerb-admin-1.0.1.jar:/home/user/.m2/repository/org/apache/kerby/kerb-server/1.0.1/kerb-server-1.0.1.jar:/home/user/.m2/repository/org/apache/kerby/kerb-identity/1.0.1/kerb-identity-1.0.1.jar:/home/user/.m2/repository/org/apache/kerby/kerby-xdr/1.0.1/kerby-xdr-1.0.1.jar:/home/user/.m2/repository/org/slf4j/slf4j-log4j12/1.7.25/slf4j-log4j12-1.7.25.jar:/home/user/.m2/repository/org/apache/hadoop/hadoop-ozone-objectstore-service/0.5.0-SNAPSHOT/hadoop-ozone-objectstore-service-0.5.0-SNAPSHOT.jar:/home/user/.m2/repository/org/apache/hadoop/hadoop-ozone-s3gateway/0.5.0-SNAPSHOT/hadoop-ozone-s3gateway-0.5.0-SNAPSHOT.jar:/home/user/.m2/repository/org/jboss/weld/servlet/weld-servlet/2.4.7.Final/weld-servlet-2.4.7.Final.jar:/home/user/.m2/repository/org/glassfish/jersey/containers/jersey-container-servlet-core/2.27/jersey-container-servlet-core-2.27.jar:/home/user/.m2/repository/org/glassfish/hk2/external/javax.inject/2.5.0-b42/javax.inject-2.5.0-b42.jar:/home/user/.m2/repository/org/glassfish/jersey/core/jersey-common/2.27/jersey-common-2.27.jar:/home/user/.m2/repository/org/glassfish/hk2/osgi-resource-locator/1.0.1/osgi-resource-locator-1.0.1.jar:/home/user/.m2/repository/javax/ws/rs/javax.ws.rs-api/2.1/javax.ws.rs-api-2.1.jar:/home/user/.m2/repository/org/glassfish/jersey/ext/cdi/jersey-cdi1x/2.27/jersey-cdi1x-2.27.jar:/home/user/.m2/repository/org/glassfish/jersey/inject/jersey-hk2/2.27/jersey-hk2-2.27.jar:/home/user/.m2/repository/org/glassfish/hk2/hk2-locator/2.5.0-b42/hk2-locator-2.5.0-b42.jar:/home/user/.m2/repository/org/javassist/javassist/3.22.0-CR2/javassist-3.22.0-CR2.jar:/home/user/.m2/repository/org/glassfish/hk2/hk2-api/2.5.0/hk2-api-2.5.0.jar:/home/user/.m2/repository/org/glassfish/hk2/external/jakarta.inject/2.5.0/jakarta.inject-2.5.0.jar:/home/user/.m2/repository/org/glassfish/hk2/hk2-utils/2.5.0/hk2-utils-2.5.0.jar:/home/user/.m2/repository/jakarta/annotation/jakarta.annotation-api/1.3.4/jakarta.annotation-api-1.3.4.jar:/home/user/.m2/repository/org/glassfish/hk2/external/aopalliance-repackaged/2.5.0/aopalliance-repackaged-2.5.0.jar:/home/user/.m2/repository/com/fasterxml/jackson/dataformat/jackson-dataformat-xml/2.9.0/jackson-dataformat-xml-2.9.0.jar:/home/user/.m2/repository/com/fasterxml/jackson/core/jackson-core/2.9.5/jackson-core-2.9.5.jar:/home/user/.m2/repository/com/fasterxml/jackson/module/jackson-module-jaxb-annotations/2.9.5/jackson-module-jaxb-annotations-2.9.5.jar:/home/user/.m2/repository/javax/enterprise/cdi-api/1.2/cdi-api-1.2.jar:/home/user/.m2/repository/javax/el/javax.el-api/3.0.0/javax.el-api-3.0.0.jar:/home/user/.m2/repository/javax/interceptor/javax.interceptor-api/1.2/javax.interceptor-api-1.2.jar:/home/user/.m2/repository/javax/inject/javax.inject/1/javax.inject-1.jar:/home/user/.m2/repository/com/sun/xml/bind/jaxb-impl/2.3.0.1/jaxb-impl-2.3.0.1.jar:/home/user/.m2/repository/com/sun/xml/bind/jaxb-core/2.3.0.1/jaxb-core-2.3.0.1.jar:/home/user/.m2/repository/javax/xml/bind/jaxb-api/2.3.0/jaxb-api-2.3.0.jar:/home/user/.m2/repository/javax/activation/activation/1.1.1/activation-1.1.1.jar:/home/user/.m2/repository/org/apache/hadoop/hadoop-ozone-csi/0.5.0-SNAPSHOT/hadoop-ozone-csi-0.5.0-SNAPSHOT.jar:/home/user/.m2/repository/com/google/protobuf/protobuf-java-util/3.5.1/protobuf-java-util-3.5.1.jar:/home/user/.m2/repository/org/apache/hadoop/hadoop-hdds-config/0.5.0-SNAPSHOT/hadoop-hdds-config-0.5.0-SNAPSHOT.jar:/home/user/.m2/repository/io/grpc/grpc-netty/1.17.1/grpc-netty-1.17.1.jar:/home/user/.m2/repository/io/grpc/grpc-core/1.17.1/grpc-core-1.17.1.jar:/home/user/.m2/repository/io/grpc/grpc-context/1.17.1/grpc-context-1.17.1.jar:/home/user/.m2/repository/com/google/errorprone/error_prone_annotations/2.2.0/error_prone_annotations-2.2.0.jar:/home/user/.m2/repository/org/codehaus/mojo/animal-sniffer-annotations/1.17/animal-sniffer-annotations-1.17.jar:/home/user/.m2/repository/io/opencensus/opencensus-api/0.17.0/opencensus-api-0.17.0.jar:/home/user/.m2/repository/io/opencensus/opencensus-contrib-grpc-metrics/0.17.0/opencensus-contrib-grpc-metrics-0.17.0.jar:/home/user/.m2/repository/io/netty/netty-codec-http2/4.1.30.Final/netty-codec-http2-4.1.30.Final.jar:/home/user/.m2/repository/io/netty/netty-codec-http/4.1.30.Final/netty-codec-http-4.1.30.Final.jar:/home/user/.m2/repository/io/netty/netty-codec/4.1.30.Final/netty-codec-4.1.30.Final.jar:/home/user/.m2/repository/io/netty/netty-handler/4.1.30.Final/netty-handler-4.1.30.Final.jar:/home/user/.m2/repository/io/netty/netty-handler-proxy/4.1.30.Final/netty-handler-proxy-4.1.30.Final.jar:/home/user/.m2/repository/io/netty/netty-codec-socks/4.1.30.Final/netty-codec-socks-4.1.30.Final.jar:/home/user/.m2/repository/io/netty/netty-transport-native-epoll/4.1.30.Final/netty-transport-native-epoll-4.1.30.Final.jar:/home/user/.m2/repository/io/netty/netty-common/4.1.30.Final/netty-common-4.1.30.Final.jar:/home/user/.m2/repository/io/netty/netty-buffer/4.1.30.Final/netty-buffer-4.1.30.Final.jar:/home/user/.m2/repository/io/netty/netty-transport/4.1.30.Final/netty-transport-4.1.30.Final.jar:/home/user/.m2/repository/io/netty/netty-resolver/4.1.30.Final/netty-resolver-4.1.30.Final.jar:/home/user/.m2/repository/io/netty/netty-transport-native-unix-common/4.1.30.Final/netty-transport-native-unix-common-4.1.30.Final.jar:/home/user/.m2/repository/io/grpc/grpc-protobuf/1.17.1/grpc-protobuf-1.17.1.jar:/home/user/.m2/repository/com/google/api/grpc/proto-google-common-protos/1.0.0/proto-google-common-protos-1.0.0.jar:/home/user/.m2/repository/io/grpc/grpc-protobuf-lite/1.17.1/grpc-protobuf-lite-1.17.1.jar:/home/user/.m2/repository/io/grpc/grpc-stub/1.17.1/grpc-stub-1.17.1.jar:/home/user/.m2/repository/org/apache/hadoop/hadoop-ozone-recon/0.5.0-SNAPSHOT/hadoop-ozone-recon-0.5.0-SNAPSHOT.jar:/home/user/.m2/repository/org/apache/hadoop/hadoop-ozone-reconcodegen/0.5.0-SNAPSHOT/hadoop-ozone-reconcodegen-0.5.0-SNAPSHOT.jar:/home/user/.m2/repository/com/google/inject/extensions/guice-multibindings/4.0/guice-multibindings-4.0.jar:/home/user/.m2/repository/com/google/inject/guice/4.0/guice-4.0.jar:/home/user/.m2/repository/aopalliance/aopalliance/1.0/aopalliance-1.0.jar:/home/user/.m2/repository/com/google/inject/extensions/guice-servlet/4.0/guice-servlet-4.0.jar:/home/user/.m2/repository/org/glassfish/jersey/containers/jersey-container-servlet/2.27/jersey-container-servlet-2.27.jar:/home/user/.m2/repository/org/glassfish/hk2/guice-bridge/2.5.0/guice-bridge-2.5.0.jar:/home/user/.m2/repository/org/glassfish/jersey/core/jersey-server/2.27/jersey-server-2.27.jar:/home/user/.m2/repository/org/glassfish/jersey/core/jersey-client/2.27/jersey-client-2.27.jar:/home/user/.m2/repository/org/glassfish/jersey/media/jersey-media-jaxb/2.27/jersey-media-jaxb-2.27.jar:/home/user/.m2/repository/javax/validation/validation-api/1.1.0.Final/validation-api-1.1.0.Final.jar:/home/user/.m2/repository/org/glassfish/jersey/media/jersey-media-json-jackson/2.27/jersey-media-json-jackson-2.27.jar:/home/user/.m2/repository/org/glassfish/jersey/ext/jersey-entity-filtering/2.27/jersey-entity-filtering-2.27.jar:/home/user/.m2/repository/com/google/inject/extensions/guice-assistedinject/4.0/guice-assistedinject-4.0.jar:/home/user/.m2/repository/org/jooq/jooq/3.11.10/jooq-3.11.10.jar:/home/user/.m2/repository/org/jooq/jooq-meta/3.11.10/jooq-meta-3.11.10.jar:/home/user/.m2/repository/org/jooq/jooq-codegen/3.11.10/jooq-codegen-3.11.10.jar:/home/user/.m2/repository/com/jolbox/bonecp/0.8.0.RELEASE/bonecp-0.8.0.RELEASE.jar:/home/user/.m2/repository/org/xerial/sqlite-jdbc/3.25.2/sqlite-jdbc-3.25.2.jar:/home/user/.m2/repository/org/springframework/spring-jdbc/5.1.3.RELEASE/spring-jdbc-5.1.3.RELEASE.jar:/home/user/.m2/repository/org/springframework/spring-beans/5.1.3.RELEASE/spring-beans-5.1.3.RELEASE.jar:/home/user/.m2/repository/org/springframework/spring-core/5.1.3.RELEASE/spring-core-5.1.3.RELEASE.jar:/home/user/.m2/repository/org/springframework/spring-jcl/5.1.3.RELEASE/spring-jcl-5.1.3.RELEASE.jar:/home/user/.m2/repository/org/springframework/spring-tx/5.1.3.RELEASE/spring-tx-5.1.3.RELEASE.jar:/home/user/.m2/repository/org/apache/hadoop/hadoop-ozone-client/0.5.0-SNAPSHOT/hadoop-ozone-client-0.5.0-SNAPSHOT.jar:/home/user/.m2/repository/commons-lang/commons-lang/2.6/commons-lang-2.6.jar:/home/user/.m2/repository/org/apache/hadoop/hadoop-ozone-ozone-manager/0.5.0-SNAPSHOT/hadoop-ozone-ozone-manager-0.5.0-SNAPSHOT-tests.jar:/home/user/.m2/repository/junit/junit/4.11/junit-4.11.jar:/home/user/.m2/repository/org/hamcrest/hamcrest-core/1.3/hamcrest-core-1.3.jar:/home/user/.m2/repository/org/openjdk/jmh/jmh-core/1.19/jmh-core-1.19.jar:/home/user/.m2/repository/net/sf/jopt-simple/jopt-simple/4.6/jopt-simple-4.6.jar:/home/user/.m2/repository/org/apache/commons/commons-math3/3.1.1/commons-math3-3.1.1.jar:/home/user/.m2/repository/org/openjdk/jmh/jmh-generator-annprocess/1.19/jmh-generator-annprocess-1.19.jar:/home/user/.m2/repository/org/mockito/mockito-all/1.8.5/mockito-all-1.8.5.jar:/home/user/.m2/repository/org/apache/hadoop/hadoop-kms/3.2.0/hadoop-kms-3.2.0.jar:/home/user/.m2/repository/org/apache/hadoop/hadoop-auth/3.2.0/hadoop-auth-3.2.0.jar:/home/user/.m2/repository/com/nimbusds/nimbus-jose-jwt/4.41.1/nimbus-jose-jwt-4.41.1.jar:/home/user/.m2/repository/com/github/stephenc/jcip/jcip-annotations/1.0-1/jcip-annotations-1.0-1.jar:/home/user/.m2/repository/net/minidev/json-smart/2.3/json-smart-2.3.jar:/home/user/.m2/repository/net/minidev/accessors-smart/1.2/accessors-smart-1.2.jar:/home/user/.m2/repository/org/ow2/asm/asm/5.0.4/asm-5.0.4.jar:/home/user/.m2/repository/org/apache/curator/curator-framework/2.12.0/curator-framework-2.12.0.jar:/home/user/.m2/repository/com/sun/jersey/jersey-core/1.19/jersey-core-1.19.jar:/home/user/.m2/repository/javax/ws/rs/jsr311-api/1.1.1/jsr311-api-1.1.1.jar:/home/user/.m2/repository/com/sun/jersey/jersey-server/1.19/jersey-server-1.19.jar:/home/user/.m2/repository/javax/servlet/javax.servlet-api/3.1.0/javax.servlet-api-3.1.0.jar:/home/user/.m2/repository/org/eclipse/jetty/jetty-server/9.3.24.v20180605/jetty-server-9.3.24.v20180605.jar:/home/user/.m2/repository/org/eclipse/jetty/jetty-http/9.3.24.v20180605/jetty-http-9.3.24.v20180605.jar:/home/user/.m2/repository/org/eclipse/jetty/jetty-io/9.3.24.v20180605/jetty-io-9.3.24.v20180605.jar:/home/user/.m2/repository/org/eclipse/jetty/jetty-webapp/9.3.24.v20180605/jetty-webapp-9.3.24.v20180605.jar:/home/user/.m2/repository/org/eclipse/jetty/jetty-xml/9.3.24.v20180605/jetty-xml-9.3.24.v20180605.jar:/home/user/.m2/repository/log4j/log4j/1.2.17/log4j-1.2.17.jar:/home/user/.m2/repository/org/slf4j/slf4j-api/1.7.25/slf4j-api-1.7.25.jar:/home/user/.m2/repository/org/slf4j/jul-to-slf4j/1.7.25/jul-to-slf4j-1.7.25.jar:/home/user/.m2/repository/org/eclipse/jetty/jetty-util/9.3.24.v20180605/jetty-util-9.3.24.v20180605.jar:/home/user/.m2/repository/com/fasterxml/jackson/core/jackson-databind/2.9.5/jackson-databind-2.9.5.jar:/home/user/.m2/repository/org/apache/hadoop/hadoop-kms/3.2.0/hadoop-kms-3.2.0-tests.jar:/home/user/.m2/repository/org/apache/hadoop/hadoop-hdds-server-scm/0.5.0-SNAPSHOT/hadoop-hdds-server-scm-0.5.0-SNAPSHOT-tests.jar:/home/user/.m2/repository/org/apache/hadoop/hadoop-hdds-container-service/0.5.0-SNAPSHOT/hadoop-hdds-container-service-0.5.0-SNAPSHOT-tests.jar:/home/user/.m2/repository/org/yaml/snakeyaml/1.16/snakeyaml-1.16.jar:/home/user/.m2/repository/org/apache/hadoop/hadoop-common/3.2.0/hadoop-common-3.2.0-tests.jar:/home/user/.m2/repository/org/apache/hadoop/hadoop-annotations/3.2.0/hadoop-annotations-3.2.0.jar:/usr/lib/jvm/java-1.8-openjdk/jre/../lib/tools.jar:/home/user/.m2/repository/commons-cli/commons-cli/1.2/commons-cli-1.2.jar:/home/user/.m2/repository/org/apache/httpcomponents/httpclient/4.5.2/httpclient-4.5.2.jar:/home/user/.m2/repository/org/apache/httpcomponents/httpcore/4.4.4/httpcore-4.4.4.jar:/home/user/.m2/repository/commons-codec/commons-codec/1.11/commons-codec-1.11.jar:/home/user/.m2/repository/commons-net/commons-net/3.6/commons-net-3.6.jar:/home/user/.m2/repository/commons-collections/commons-collections/3.2.2/commons-collections-3.2.2.jar:/home/user/.m2/repository/org/eclipse/jetty/jetty-servlet/9.3.24.v20180605/jetty-servlet-9.3.24.v20180605.jar:/home/user/.m2/repository/org/eclipse/jetty/jetty-security/9.3.24.v20180605/jetty-security-9.3.24.v20180605.jar:/home/user/.m2/repository/javax/servlet/jsp/jsp-api/2.1/jsp-api-2.1.jar:/home/user/.m2/repository/com/sun/jersey/jersey-servlet/1.19/jersey-servlet-1.19.jar:/home/user/.m2/repository/com/sun/jersey/jersey-json/1.19/jersey-json-1.19.jar:/home/user/.m2/repository/org/codehaus/jettison/jettison/1.1/jettison-1.1.jar:/home/user/.m2/repository/org/codehaus/jackson/jackson-core-asl/1.9.13/jackson-core-asl-1.9.13.jar:/home/user/.m2/repository/org/codehaus/jackson/jackson-mapper-asl/1.9.13/jackson-mapper-asl-1.9.13.jar:/home/user/.m2/repository/org/codehaus/jackson/jackson-jaxrs/1.9.13/jackson-jaxrs-1.9.13.jar:/home/user/.m2/repository/org/codehaus/jackson/jackson-xc/1.9.13/jackson-xc-1.9.13.jar:/home/user/.m2/repository/commons-logging/commons-logging/1.1.3/commons-logging-1.1.3.jar:/home/user/.m2/repository/commons-beanutils/commons-beanutils/1.9.3/commons-beanutils-1.9.3.jar:/home/user/.m2/repository/org/apache/commons/commons-configuration2/2.1.1/commons-configuration2-2.1.1.jar:/home/user/.m2/repository/org/apache/commons/commons-lang3/3.7/commons-lang3-3.7.jar:/home/user/.m2/repository/org/apache/commons/commons-text/1.4/commons-text-1.4.jar:/home/user/.m2/repository/org/apache/avro/avro/1.7.7/avro-1.7.7.jar:/home/user/.m2/repository/com/thoughtworks/paranamer/paranamer/2.3/paranamer-2.3.jar:/home/user/.m2/repository/org/xerial/snappy/snappy-java/1.0.5/snappy-java-1.0.5.jar:/home/user/.m2/repository/com/google/re2j/re2j/1.1/re2j-1.1.jar:/home/user/.m2/repository/com/google/code/gson/gson/2.2.4/gson-2.2.4.jar:/home/user/.m2/repository/com/jcraft/jsch/0.1.54/jsch-0.1.54.jar:/home/user/.m2/repository/org/apache/curator/curator-client/2.12.0/curator-client-2.12.0.jar:/home/user/.m2/repository/org/apache/curator/curator-recipes/2.12.0/curator-recipes-2.12.0.jar:/home/user/.m2/repository/com/google/code/findbugs/jsr305/3.0.0/jsr305-3.0.0.jar:/home/user/.m2/repository/org/apache/htrace/htrace-core4/4.1.0-incubating/htrace-core4-4.1.0-incubating.jar:/home/user/.m2/repository/org/apache/zookeeper/zookeeper/3.4.13/zookeeper-3.4.13.jar:/home/user/.m2/repository/org/apache/yetus/audience-annotations/0.5.0/audience-annotations-0.5.0.jar:/home/user/.m2/repository/org/codehaus/woodstox/stax2-api/3.1.4/stax2-api-3.1.4.jar:/home/user/.m2/repository/com/fasterxml/woodstox/woodstox-core/5.0.3/woodstox-core-5.0.3.jar:/home/user/.m2/repository/dnsjava/dnsjava/2.1.7/dnsjava-2.1.7.jar:/home/user/.m2/repository/org/apache/hadoop/hadoop-hdfs/3.2.0/hadoop-hdfs-3.2.0-tests.jar:/home/user/.m2/repository/org/eclipse/jetty/jetty-util-ajax/9.3.24.v20180605/jetty-util-ajax-9.3.24.v20180605.jar:/home/user/.m2/repository/commons-daemon/commons-daemon/1.0.13/commons-daemon-1.0.13.jar:/home/user/.m2/repository/io/netty/netty/3.10.5.Final/netty-3.10.5.Final.jar:/home/user/.m2/repository/io/netty/netty-all/4.0.52.Final/netty-all-4.0.52.Final.jar:/home/user/.m2/repository/org/fusesource/leveldbjni/leveldbjni-all/1.8/leveldbjni-all-1.8.jar:"/>
    <property name="sun.cpu.endian" value="little"/>
    <property name="user.home" value="/home/user"/>
    <property name="user.language" value="en"/>
    <property name="java.specification.vendor" value="Oracle Corporation"/>
    <property name="java.home" value="/usr/lib/jvm/java-1.8-openjdk/jre"/>
    <property name="java.security.krb5.conf" value="/workdir/hadoop-ozone/integration-test/target/test-classes/krb5.conf"/>
    <property name="basedir" value="/workdir/hadoop-ozone/integration-test"/>
    <property name="file.separator" value="/"/>
    <property name="line.separator" value="&#10;"/>
    <property name="java.vm.specification.vendor" value="Oracle Corporation"/>
    <property name="java.specification.name" value="Java Platform API Specification"/>
    <property name="java.awt.graphicsenv" value="sun.awt.X11GraphicsEnvironment"/>
    <property name="surefire.real.class.path" value="/workdir/hadoop-ozone/integration-test/target/surefire/surefirebooter5297658712191312439.jar"/>
    <property name="hadoop.log.dir" value="/workdir/hadoop-ozone/integration-test/target/log"/>
    <property name="sun.boot.class.path" value="/usr/lib/jvm/java-1.8-openjdk/jre/lib/resources.jar:/usr/lib/jvm/java-1.8-openjdk/jre/lib/rt.jar:/usr/lib/jvm/java-1.8-openjdk/jre/lib/sunrsasign.jar:/usr/lib/jvm/java-1.8-openjdk/jre/lib/jsse.jar:/usr/lib/jvm/java-1.8-openjdk/jre/lib/jce.jar:/usr/lib/jvm/java-1.8-openjdk/jre/lib/charsets.jar:/usr/lib/jvm/java-1.8-openjdk/jre/lib/jfr.jar:/usr/lib/jvm/java-1.8-openjdk/jre/classes"/>
    <property name="sun.management.compiler" value="HotSpot 64-Bit Tiered Compilers"/>
    <property name="java.runtime.version" value="1.8.0_212-b04"/>
    <property name="java.net.preferIPv4Stack" value="true"/>
    <property name="user.name" value="jenkins1000"/>
    <property name="path.separator" value=":"/>
    <property name="java.security.egd" value="file:///dev/urandom"/>
    <property name="os.version" value="3.10.0-957.12.2.el7.x86_64"/>
    <property name="java.endorsed.dirs" value="/usr/lib/jvm/java-1.8-openjdk/jre/lib/endorsed"/>
    <property name="java.runtime.name" value="OpenJDK Runtime Environment"/>
    <property name="file.encoding" value="UTF-8"/>
    <property name="java.vm.name" value="OpenJDK 64-Bit Server VM"/>
    <property name="test.build.webapps" value=""/>
    <property name="localRepository" value="/home/user/.m2/repository"/>
    <property name="java.vendor.url.bug" value="https://icedtea.classpath.org/bugzilla"/>
    <property name="java.io.tmpdir" value="/tmp"/>
    <property name="require.test.libhadoop" value=""/>
    <property name="java.version" value="1.8.0_212"/>
    <property name="user.dir" value="/workdir/hadoop-ozone/integration-test"/>
    <property name="os.arch" value="amd64"/>
    <property name="java.vm.specification.name" value="Java Virtual Machine Specification"/>
    <property name="test.build.classes" value="/workdir/hadoop-ozone/integration-test/target/test-classes"/>
    <property name="java.awt.printerjob" value="sun.print.PSPrinterJob"/>
    <property name="sun.os.patch.level" value="unknown"/>
    <property name="hadoop.tmp.dir" value="/workdir/hadoop-ozone/integration-test/target/tmp"/>
    <property name="java.library.path" value="/usr/lib/jvm/java-1.8-openjdk/jre/lib/amd64/server:/usr/lib/jvm/java-1.8-openjdk/jre/lib/amd64:/usr/lib/jvm/java-1.8-openjdk/jre/../lib/amd64:/workdir/hadoop-ozone/integration-test/target/native/target/usr/local/lib:/workdir/hadoop-ozone/integration-test/../../hadoop-common-project/hadoop-common/target/native/target/usr/local/lib:/usr/java/packages/lib/amd64:/usr/lib64:/lib64:/lib:/usr/lib"/>
    <property name="java.vm.info" value="mixed mode"/>
    <property name="java.vendor" value="IcedTea"/>
    <property name="java.vm.version" value="25.212-b04"/>
    <property name="java.ext.dirs" value="/usr/lib/jvm/java-1.8-openjdk/jre/lib/ext:/usr/java/packages/lib/ext"/>
    <property name="sun.io.unicode.encoding" value="UnicodeLittle"/>
    <property name="java.class.version" value="52.0"/>
  </properties>
  <testcase name="testBlockWriteViaRatis" classname="org.apache.hadoop.ozone.client.rpc.TestCloseContainerHandlingByClient" time="9.739">
    <error type="java.lang.IllegalArgumentException">java.lang.IllegalArgumentException
	at com.google.common.base.Preconditions.checkArgument(Preconditions.java:72)
	at org.apache.hadoop.hdds.scm.XceiverClientManager.acquireClient(XceiverClientManager.java:150)
	at org.apache.hadoop.hdds.scm.XceiverClientManager.acquireClientForReadData(XceiverClientManager.java:143)
	at org.apache.hadoop.hdds.scm.storage.BlockInputStream.getChunkInfos(BlockInputStream.java:154)
	at org.apache.hadoop.hdds.scm.storage.BlockInputStream.initialize(BlockInputStream.java:118)
	at org.apache.hadoop.hdds.scm.storage.BlockInputStream.read(BlockInputStream.java:222)
	at org.apache.hadoop.ozone.client.io.KeyInputStream.read(KeyInputStream.java:171)
	at org.apache.hadoop.ozone.client.io.OzoneInputStream.read(OzoneInputStream.java:47)
	at java.io.InputStream.read(InputStream.java:101)
	at org.apache.hadoop.ozone.container.ContainerTestHelper.validateData(ContainerTestHelper.java:709)
	at org.apache.hadoop.ozone.client.rpc.TestCloseContainerHandlingByClient.validateData(TestCloseContainerHandlingByClient.java:401)
	at org.apache.hadoop.ozone.client.rpc.TestCloseContainerHandlingByClient.testBlockWriteViaRatis(TestCloseContainerHandlingByClient.java:433)
	at sun.reflect.NativeMethodAccessorImpl.invoke0(Native Method)
	at sun.reflect.NativeMethodAccessorImpl.invoke(NativeMethodAccessorImpl.java:62)
	at sun.reflect.DelegatingMethodAccessorImpl.invoke(DelegatingMethodAccessorImpl.java:43)
	at java.lang.reflect.Method.invoke(Method.java:498)
	at org.junit.runners.model.FrameworkMethod$1.runReflectiveCall(FrameworkMethod.java:47)
	at org.junit.internal.runners.model.ReflectiveCallable.run(ReflectiveCallable.java:12)
	at org.junit.runners.model.FrameworkMethod.invokeExplosively(FrameworkMethod.java:44)
	at org.junit.internal.runners.statements.InvokeMethod.evaluate(InvokeMethod.java:17)
	at org.junit.runners.ParentRunner.runLeaf(ParentRunner.java:271)
	at org.junit.runners.BlockJUnit4ClassRunner.runChild(BlockJUnit4ClassRunner.java:70)
	at org.junit.runners.BlockJUnit4ClassRunner.runChild(BlockJUnit4ClassRunner.java:50)
	at org.junit.runners.ParentRunner$3.run(ParentRunner.java:238)
	at org.junit.runners.ParentRunner$1.schedule(ParentRunner.java:63)
	at org.junit.runners.ParentRunner.runChildren(ParentRunner.java:236)
	at org.junit.runners.ParentRunner.access$000(ParentRunner.java:53)
	at org.junit.runners.ParentRunner$2.evaluate(ParentRunner.java:229)
	at org.junit.internal.runners.statements.RunBefores.evaluate(RunBefores.java:26)
	at org.junit.internal.runners.statements.RunAfters.evaluate(RunAfters.java:27)
	at org.junit.runners.ParentRunner.run(ParentRunner.java:309)
	at org.apache.maven.surefire.junit4.JUnit4Provider.execute(JUnit4Provider.java:365)
	at org.apache.maven.surefire.junit4.JUnit4Provider.executeWithRerun(JUnit4Provider.java:273)
	at org.apache.maven.surefire.junit4.JUnit4Provider.executeTestSet(JUnit4Provider.java:238)
	at org.apache.maven.surefire.junit4.JUnit4Provider.invoke(JUnit4Provider.java:159)
	at org.apache.maven.surefire.booter.ForkedBooter.invokeProviderInSameClassLoader(ForkedBooter.java:384)
	at org.apache.maven.surefire.booter.ForkedBooter.runSuitesInProcess(ForkedBooter.java:345)
	at org.apache.maven.surefire.booter.ForkedBooter.execute(ForkedBooter.java:126)
	at org.apache.maven.surefire.booter.ForkedBooter.main(ForkedBooter.java:418)
</error>
    <system-out><![CDATA[2019-07-16 14:17:45,327 WARN  server.ServerUtils (ServerUtils.java:getScmDbDir(145)) - ozone.scm.db.dirs is not configured. We recommend adding this setting. Falling back to ozone.metadata.dirs instead.
2019-07-16 14:17:45,436 WARN  server.ServerUtils (ServerUtils.java:getScmDbDir(145)) - ozone.scm.db.dirs is not configured. We recommend adding this setting. Falling back to ozone.metadata.dirs instead.
2019-07-16 14:17:45,439 WARN  server.ServerUtils (ServerUtils.java:getScmDbDir(145)) - ozone.scm.db.dirs is not configured. We recommend adding this setting. Falling back to ozone.metadata.dirs instead.
2019-07-16 14:17:45,456 INFO  util.log (Log.java:initialized(192)) - Logging initialized @842ms
2019-07-16 14:17:45,557 INFO  db.DBStoreBuilder (DBStoreBuilder.java:addTable(110)) - using custom profile for table: deletedBlocks
2019-07-16 14:17:45,558 INFO  db.DBStoreBuilder (DBStoreBuilder.java:processTables(161)) - Using default column profile:DBProfile.DISK for Table:deletedBlocks
2019-07-16 14:17:45,558 INFO  db.DBStoreBuilder (DBStoreBuilder.java:addTable(110)) - using custom profile for table: validCerts
2019-07-16 14:17:45,558 INFO  db.DBStoreBuilder (DBStoreBuilder.java:processTables(161)) - Using default column profile:DBProfile.DISK for Table:validCerts
2019-07-16 14:17:45,558 INFO  db.DBStoreBuilder (DBStoreBuilder.java:addTable(110)) - using custom profile for table: revokedCerts
2019-07-16 14:17:45,559 INFO  db.DBStoreBuilder (DBStoreBuilder.java:processTables(161)) - Using default column profile:DBProfile.DISK for Table:revokedCerts
2019-07-16 14:17:45,570 INFO  db.DBStoreBuilder (DBStoreBuilder.java:addTable(110)) - using custom profile for table: default
2019-07-16 14:17:45,571 INFO  db.DBStoreBuilder (DBStoreBuilder.java:processTables(167)) - Using default column profile:DBProfile.DISK for Table:default
2019-07-16 14:17:45,572 INFO  db.DBStoreBuilder (DBStoreBuilder.java:getDbProfile(198)) - Using default options. DBProfile.DISK
2019-07-16 14:17:45,760 INFO  net.NodeSchemaLoader (NodeSchemaLoader.java:loadSchemaFromFile(125)) - Loading file from sun.misc.CompoundEnumeration@291ae
2019-07-16 14:17:45,762 INFO  net.NodeSchemaLoader (NodeSchemaLoader.java:loadSchema(171)) - Loading network topology layer schema file
2019-07-16 14:17:45,837 INFO  node.SCMNodeManager (SCMNodeManager.java:<init>(119)) - Entering startup safe mode.
2019-07-16 14:17:45,923 WARN  server.ServerUtils (ServerUtils.java:getScmDbDir(145)) - ozone.scm.db.dirs is not configured. We recommend adding this setting. Falling back to ozone.metadata.dirs instead.
2019-07-16 14:17:45,983 INFO  pipeline.SCMPipelineManager (SCMPipelineManager.java:initializePipelineState(126)) - No pipeline exists in current db
2019-07-16 14:17:45,985 WARN  server.ServerUtils (ServerUtils.java:getScmDbDir(145)) - ozone.scm.db.dirs is not configured. We recommend adding this setting. Falling back to ozone.metadata.dirs instead.
2019-07-16 14:17:46,086 WARN  events.EventQueue (EventQueue.java:fireEvent(175)) - No event handler registered for event TypedEvent{payloadType=SafeModeStatus, name='SafeModeStatus'}
2019-07-16 14:17:46,420 INFO  ipc.CallQueueManager (CallQueueManager.java:<init>(84)) - Using callQueue: class java.util.concurrent.LinkedBlockingQueue, queueCapacity: 2000, scheduler: class org.apache.hadoop.ipc.DefaultRpcScheduler, ipcBackoff: false.
2019-07-16 14:17:46,448 INFO  ipc.Server (Server.java:run(1074)) - Starting Socket Reader #1 for port 42700
2019-07-16 14:17:46,470 INFO  ipc.CallQueueManager (CallQueueManager.java:<init>(84)) - Using callQueue: class java.util.concurrent.LinkedBlockingQueue, queueCapacity: 2000, scheduler: class org.apache.hadoop.ipc.DefaultRpcScheduler, ipcBackoff: false.
2019-07-16 14:17:46,472 INFO  ipc.Server (Server.java:run(1074)) - Starting Socket Reader #1 for port 36816
2019-07-16 14:17:46,478 INFO  ipc.CallQueueManager (CallQueueManager.java:<init>(84)) - Using callQueue: class java.util.concurrent.LinkedBlockingQueue, queueCapacity: 2000, scheduler: class org.apache.hadoop.ipc.DefaultRpcScheduler, ipcBackoff: false.
2019-07-16 14:17:46,480 INFO  ipc.Server (Server.java:run(1074)) - Starting Socket Reader #1 for port 35921
2019-07-16 14:17:46,612 INFO  hdfs.DFSUtil (DFSUtil.java:httpServerTemplateForNNAndJN(1641)) - Starting Web-server for scm at: http://0.0.0.0:0
2019-07-16 14:17:46,798 INFO  server.AuthenticationFilter (AuthenticationFilter.java:constructSecretProvider(240)) - Unable to initialize FileSignerSecretProvider, falling back to use random secrets.
2019-07-16 14:17:46,806 WARN  http.HttpRequestLog (HttpRequestLog.java:getRequestLog(97)) - Jetty request log can only be enabled using Log4j
2019-07-16 14:17:46,815 INFO  http.HttpServer2 (HttpServer2.java:addGlobalFilter(975)) - Added global filter 'safety' (class=org.apache.hadoop.http.HttpServer2$QuotingInputFilter)
2019-07-16 14:17:46,818 INFO  http.HttpServer2 (HttpServer2.java:addFilter(948)) - Added filter static_user_filter (class=org.apache.hadoop.http.lib.StaticUserWebFilter$StaticUserFilter) to context scm
2019-07-16 14:17:46,819 INFO  http.HttpServer2 (HttpServer2.java:addFilter(958)) - Added filter static_user_filter (class=org.apache.hadoop.http.lib.StaticUserWebFilter$StaticUserFilter) to context static
2019-07-16 14:17:46,819 INFO  http.HttpServer2 (HttpServer2.java:addFilter(958)) - Added filter static_user_filter (class=org.apache.hadoop.http.lib.StaticUserWebFilter$StaticUserFilter) to context logs
2019-07-16 14:17:46,846 INFO  server.StorageContainerManager (StorageContainerManager.java:start(759)) - StorageContainerLocationProtocol RPC server is listening at /0.0.0.0:35921
2019-07-16 14:17:46,902 WARN  impl.MetricsConfig (MetricsConfig.java:loadFirst(134)) - Cannot locate configuration: tried hadoop-metrics2-storagecontainermanager.properties,hadoop-metrics2.properties
2019-07-16 14:17:46,915 INFO  impl.MetricsSystemImpl (MetricsSystemImpl.java:startTimer(374)) - Scheduled Metric snapshot period at 10 second(s).
2019-07-16 14:17:46,915 INFO  impl.MetricsSystemImpl (MetricsSystemImpl.java:start(191)) - StorageContainerManager metrics system started
2019-07-16 14:17:47,130 INFO  server.SCMClientProtocolServer (SCMClientProtocolServer.java:start(149)) - RPC server for Client  is listening at /0.0.0.0:35921
2019-07-16 14:17:47,132 INFO  ipc.Server (Server.java:run(1314)) - IPC Server Responder: starting
2019-07-16 14:17:47,132 INFO  ipc.Server (Server.java:run(1153)) - IPC Server listener on 35921: starting
2019-07-16 14:17:47,136 INFO  server.StorageContainerManager (StorageContainerManager.java:start(768)) - ScmBlockLocationProtocol RPC server is listening at /0.0.0.0:36816
2019-07-16 14:17:47,136 INFO  server.SCMBlockProtocolServer (SCMBlockProtocolServer.java:start(140)) - RPC server for Block Protocol is listening at /0.0.0.0:36816
2019-07-16 14:17:47,136 INFO  ipc.Server (Server.java:run(1314)) - IPC Server Responder: starting
2019-07-16 14:17:47,137 INFO  ipc.Server (Server.java:run(1153)) - IPC Server listener on 36816: starting
2019-07-16 14:17:47,144 INFO  server.StorageContainerManager (StorageContainerManager.java:start(772)) - ScmDatanodeProtocl RPC server is listening at /0.0.0.0:42700
2019-07-16 14:17:47,144 INFO  server.SCMDatanodeProtocolServer (SCMDatanodeProtocolServer.java:start(191)) - RPC server for DataNodes is listening at /0.0.0.0:42700
2019-07-16 14:17:47,146 INFO  ipc.Server (Server.java:run(1314)) - IPC Server Responder: starting
2019-07-16 14:17:47,147 INFO  ipc.Server (Server.java:run(1153)) - IPC Server listener on 42700: starting
2019-07-16 14:17:47,160 INFO  http.HttpServer2 (HttpServer2.java:bindListener(1191)) - Jetty bound to port 46279
2019-07-16 14:17:47,162 INFO  server.Server (Server.java:doStart(351)) - jetty-9.3.24.v20180605, build timestamp: 2018-06-05T17:11:56Z, git hash: 84205aa28f11a4f31f2a3b86d1bba2cc8ab69827
2019-07-16 14:17:47,203 INFO  handler.ContextHandler (ContextHandler.java:doStart(781)) - Started o.e.j.s.ServletContextHandler@15dcfae7{/logs,file:///workdir/hadoop-ozone/integration-test/target/log,AVAILABLE}
2019-07-16 14:17:47,203 INFO  handler.ContextHandler (ContextHandler.java:doStart(781)) - Started o.e.j.s.ServletContextHandler@1e636ea3{/static,file:///workdir/hadoop-ozone/integration-test/target/test-classes/webapps/static,AVAILABLE}
2019-07-16 14:17:47,236 INFO  handler.ContextHandler (ContextHandler.java:doStart(781)) - Started o.e.j.w.WebAppContext@3f23a3a0{/,file:///workdir/hadoop-ozone/integration-test/target/test-classes/webapps/scm/,AVAILABLE}{/scm}
2019-07-16 14:17:47,241 INFO  server.AbstractConnector (AbstractConnector.java:doStart(278)) - Started ServerConnector@6c6357f9{HTTP/1.1,[http/1.1]}{0.0.0.0:46279}
2019-07-16 14:17:47,241 INFO  server.Server (Server.java:doStart(419)) - Started @2627ms
2019-07-16 14:17:47,242 INFO  server.BaseHttpServer (BaseHttpServer.java:updateConnectorAddress(207)) - HTTP server of SCM is listening at http://0.0.0.0:46279
2019-07-16 14:17:47,253 INFO  util.JvmPauseMonitor (JvmPauseMonitor.java:run(188)) - Starting JVM pause monitor
2019-07-16 14:17:47,257 WARN  server.ServerUtils (ServerUtils.java:getDBPath(222)) - ozone.om.db.dirs is not configured. We recommend adding this setting. Falling back to ozone.metadata.dirs instead.
2019-07-16 14:17:47,379 WARN  server.ServerUtils (ServerUtils.java:getDBPath(222)) - ozone.om.db.dirs is not configured. We recommend adding this setting. Falling back to ozone.metadata.dirs instead.
2019-07-16 14:17:47,381 INFO  om.OzoneManager (OzoneManager.java:setOMNodeDetails(626)) - OM Service ID is not set. Setting it to the default ID: omServiceIdDefault
2019-07-16 14:17:47,381 INFO  om.OzoneManager (OzoneManager.java:setOMNodeDetails(632)) - OM Node ID is not set. Setting it to the OmStorage's OmID: 44b09f19-9f95-46bf-9774-ff643b6c27ea
2019-07-16 14:17:47,382 INFO  om.OzoneManager (OzoneManager.java:loadOMHAConfigs(583)) - Found matching OM address with OMServiceId: null, OMNodeId: null, RPC Address: localhost:0 and Ratis port: 9872
2019-07-16 14:17:47,671 WARN  server.ServerUtils (ServerUtils.java:getDBPath(222)) - ozone.om.db.dirs is not configured. We recommend adding this setting. Falling back to ozone.metadata.dirs instead.
2019-07-16 14:17:47,683 INFO  db.DBStoreBuilder (DBStoreBuilder.java:addTable(110)) - using custom profile for table: userTable
2019-07-16 14:17:47,683 INFO  db.DBStoreBuilder (DBStoreBuilder.java:processTables(161)) - Using default column profile:DBProfile.DISK for Table:userTable
2019-07-16 14:17:47,684 INFO  db.DBStoreBuilder (DBStoreBuilder.java:addTable(110)) - using custom profile for table: volumeTable
2019-07-16 14:17:47,684 INFO  db.DBStoreBuilder (DBStoreBuilder.java:processTables(161)) - Using default column profile:DBProfile.DISK for Table:volumeTable
2019-07-16 14:17:47,685 INFO  db.DBStoreBuilder (DBStoreBuilder.java:addTable(110)) - using custom profile for table: bucketTable
2019-07-16 14:17:47,685 INFO  db.DBStoreBuilder (DBStoreBuilder.java:processTables(161)) - Using default column profile:DBProfile.DISK for Table:bucketTable
2019-07-16 14:17:47,686 INFO  db.DBStoreBuilder (DBStoreBuilder.java:addTable(110)) - using custom profile for table: keyTable
2019-07-16 14:17:47,686 INFO  db.DBStoreBuilder (DBStoreBuilder.java:processTables(161)) - Using default column profile:DBProfile.DISK for Table:keyTable
2019-07-16 14:17:47,686 INFO  db.DBStoreBuilder (DBStoreBuilder.java:addTable(110)) - using custom profile for table: deletedTable
2019-07-16 14:17:47,687 INFO  db.DBStoreBuilder (DBStoreBuilder.java:processTables(161)) - Using default column profile:DBProfile.DISK for Table:deletedTable
2019-07-16 14:17:47,687 INFO  db.DBStoreBuilder (DBStoreBuilder.java:addTable(110)) - using custom profile for table: openKeyTable
2019-07-16 14:17:47,687 INFO  db.DBStoreBuilder (DBStoreBuilder.java:processTables(161)) - Using default column profile:DBProfile.DISK for Table:openKeyTable
2019-07-16 14:17:47,688 INFO  db.DBStoreBuilder (DBStoreBuilder.java:addTable(110)) - using custom profile for table: s3Table
2019-07-16 14:17:47,688 INFO  db.DBStoreBuilder (DBStoreBuilder.java:processTables(161)) - Using default column profile:DBProfile.DISK for Table:s3Table
2019-07-16 14:17:47,689 INFO  db.DBStoreBuilder (DBStoreBuilder.java:addTable(110)) - using custom profile for table: multipartInfoTable
2019-07-16 14:17:47,689 INFO  db.DBStoreBuilder (DBStoreBuilder.java:processTables(161)) - Using default column profile:DBProfile.DISK for Table:multipartInfoTable
2019-07-16 14:17:47,689 INFO  db.DBStoreBuilder (DBStoreBuilder.java:addTable(110)) - using custom profile for table: dTokenTable
2019-07-16 14:17:47,690 INFO  db.DBStoreBuilder (DBStoreBuilder.java:processTables(161)) - Using default column profile:DBProfile.DISK for Table:dTokenTable
2019-07-16 14:17:47,690 INFO  db.DBStoreBuilder (DBStoreBuilder.java:addTable(110)) - using custom profile for table: s3SecretTable
2019-07-16 14:17:47,690 INFO  db.DBStoreBuilder (DBStoreBuilder.java:processTables(161)) - Using default column profile:DBProfile.DISK for Table:s3SecretTable
2019-07-16 14:17:47,691 INFO  db.DBStoreBuilder (DBStoreBuilder.java:addTable(110)) - using custom profile for table: prefixTable
2019-07-16 14:17:47,691 INFO  db.DBStoreBuilder (DBStoreBuilder.java:processTables(161)) - Using default column profile:DBProfile.DISK for Table:prefixTable
2019-07-16 14:17:47,692 INFO  db.DBStoreBuilder (DBStoreBuilder.java:addTable(110)) - using custom profile for table: default
2019-07-16 14:17:47,692 INFO  db.DBStoreBuilder (DBStoreBuilder.java:processTables(167)) - Using default column profile:DBProfile.DISK for Table:default
2019-07-16 14:17:47,692 INFO  db.DBStoreBuilder (DBStoreBuilder.java:getDbProfile(198)) - Using default options. DBProfile.DISK
2019-07-16 14:17:48,526 INFO  ipc.CallQueueManager (CallQueueManager.java:<init>(84)) - Using callQueue: class java.util.concurrent.LinkedBlockingQueue, queueCapacity: 2000, scheduler: class org.apache.hadoop.ipc.DefaultRpcScheduler, ipcBackoff: false.
2019-07-16 14:17:48,527 INFO  ipc.Server (Server.java:run(1074)) - Starting Socket Reader #1 for port 36595
2019-07-16 14:17:48,555 WARN  server.ServerUtils (ServerUtils.java:getDBPath(222)) - ozone.om.db.dirs is not configured. We recommend adding this setting. Falling back to ozone.metadata.dirs instead.
2019-07-16 14:17:48,556 INFO  om.OzoneManager (OzoneManager.java:start(1224)) - OzoneManager RPC server is listening at localhost/127.0.0.1:36595
2019-07-16 14:17:48,556 INFO  impl.MetricsSystemImpl (MetricsSystemImpl.java:init(158)) - OzoneManager metrics system started (again)
2019-07-16 14:17:48,558 INFO  ipc.Server (Server.java:run(1314)) - IPC Server Responder: starting
2019-07-16 14:17:48,559 INFO  ipc.Server (Server.java:run(1153)) - IPC Server listener on 36595: starting
2019-07-16 14:17:48,573 INFO  hdfs.DFSUtil (DFSUtil.java:httpServerTemplateForNNAndJN(1641)) - Starting Web-server for ozoneManager at: http://0.0.0.0:0
2019-07-16 14:17:48,575 INFO  server.AuthenticationFilter (AuthenticationFilter.java:constructSecretProvider(240)) - Unable to initialize FileSignerSecretProvider, falling back to use random secrets.
2019-07-16 14:17:48,575 WARN  http.HttpRequestLog (HttpRequestLog.java:getRequestLog(97)) - Jetty request log can only be enabled using Log4j
2019-07-16 14:17:48,577 INFO  http.HttpServer2 (HttpServer2.java:addGlobalFilter(975)) - Added global filter 'safety' (class=org.apache.hadoop.http.HttpServer2$QuotingInputFilter)
2019-07-16 14:17:48,578 INFO  http.HttpServer2 (HttpServer2.java:addFilter(948)) - Added filter static_user_filter (class=org.apache.hadoop.http.lib.StaticUserWebFilter$StaticUserFilter) to context ozoneManager
2019-07-16 14:17:48,578 INFO  http.HttpServer2 (HttpServer2.java:addFilter(958)) - Added filter static_user_filter (class=org.apache.hadoop.http.lib.StaticUserWebFilter$StaticUserFilter) to context static
2019-07-16 14:17:48,578 INFO  http.HttpServer2 (HttpServer2.java:addFilter(958)) - Added filter static_user_filter (class=org.apache.hadoop.http.lib.StaticUserWebFilter$StaticUserFilter) to context logs
2019-07-16 14:17:48,580 INFO  http.HttpServer2 (HttpServer2.java:bindListener(1191)) - Jetty bound to port 38354
2019-07-16 14:17:48,580 INFO  server.Server (Server.java:doStart(351)) - jetty-9.3.24.v20180605, build timestamp: 2018-06-05T17:11:56Z, git hash: 84205aa28f11a4f31f2a3b86d1bba2cc8ab69827
2019-07-16 14:17:48,582 INFO  handler.ContextHandler (ContextHandler.java:doStart(781)) - Started o.e.j.s.ServletContextHandler@301d8120{/logs,file:///workdir/hadoop-ozone/integration-test/target/log,AVAILABLE}
2019-07-16 14:17:48,583 INFO  handler.ContextHandler (ContextHandler.java:doStart(781)) - Started o.e.j.s.ServletContextHandler@72458efc{/static,file:///workdir/hadoop-ozone/integration-test/target/test-classes/webapps/static,AVAILABLE}
2019-07-16 14:17:48,587 INFO  handler.ContextHandler (ContextHandler.java:doStart(781)) - Started o.e.j.w.WebAppContext@6a84bc2a{/,file:///workdir/hadoop-ozone/integration-test/target/test-classes/webapps/ozoneManager/,AVAILABLE}{/ozoneManager}
2019-07-16 14:17:48,588 INFO  server.AbstractConnector (AbstractConnector.java:doStart(278)) - Started ServerConnector@5183d589{HTTP/1.1,[http/1.1]}{0.0.0.0:38354}
2019-07-16 14:17:48,588 INFO  server.Server (Server.java:doStart(419)) - Started @3974ms
2019-07-16 14:17:48,589 INFO  server.BaseHttpServer (BaseHttpServer.java:updateConnectorAddress(207)) - HTTP server of OZONEMANAGER is listening at http://0.0.0.0:38354
2019-07-16 14:17:48,929 INFO  impl.MetricsSystemImpl (MetricsSystemImpl.java:init(158)) - HddsDatanode metrics system started (again)
2019-07-16 14:17:49,016 INFO  ozone.HddsDatanodeService (HddsDatanodeService.java:start(185)) - HddsDatanodeService host:trunk-nightly-gllmw-2332419065 ip:192.168.157.241
2019-07-16 14:17:49,048 INFO  volume.HddsVolume (HddsVolume.java:<init>(176)) - Creating Volume: /workdir/hadoop-ozone/integration-test/target/test-dir/MiniOzoneClusterImpl-356bc514-ab20-4970-9b1b-e867f6cf327d/datanode-0/data/containers/hdds of  storage type : DISK and capacity : 52710309888
2019-07-16 14:17:49,050 INFO  volume.VolumeSet (VolumeSet.java:initializeVolumeSet(170)) - Added Volume : /workdir/hadoop-ozone/integration-test/target/test-dir/MiniOzoneClusterImpl-356bc514-ab20-4970-9b1b-e867f6cf327d/datanode-0/data/containers/hdds to VolumeSet
2019-07-16 14:17:49,054 INFO  volume.ThrottledAsyncChecker (ThrottledAsyncChecker.java:schedule(140)) - Scheduling a check for org.apache.hadoop.ozone.container.common.volume.HddsVolume@451f87af
2019-07-16 14:17:49,072 INFO  volume.HddsVolumeChecker (HddsVolumeChecker.java:checkAllVolumes(203)) - Scheduled health check for volume org.apache.hadoop.ozone.container.common.volume.HddsVolume@451f87af
2019-07-16 14:17:49,186 INFO  impl.RaftServerProxy (ConfUtils.java:logGet(43)) - raft.rpc.type = GRPC (default)
2019-07-16 14:17:49,252 INFO  grpc.GrpcFactory (GrpcFactory.java:checkPooledByteBufAllocatorUseCacheForAllThreads(45)) - PERFORMANCE WARNING: useCacheForAllThreads is true that may cause Netty to create a lot garbage objects and, as a result, trigger GC.
	It is recommended to disable useCacheForAllThreads by setting -Dorg.apache.ratis.thirdparty.io.netty.allocator.useCacheForAllThreads=false in command line.
2019-07-16 14:17:49,256 INFO  grpc.GrpcConfigKeys$Server (ConfUtils.java:logGet(43)) - raft.grpc.server.port = 0 (default)
2019-07-16 14:17:49,257 INFO  server.GrpcService (ConfUtils.java:logGet(43)) - raft.grpc.message.size.max = 33570816 (custom)
2019-07-16 14:17:49,258 INFO  server.RaftServerConfigKeys (ConfUtils.java:logGet(43)) - raft.server.log.appender.buffer.byte-limit = 33554432 (custom)
2019-07-16 14:17:49,259 INFO  server.GrpcService (ConfUtils.java:logGet(43)) - raft.grpc.flow.control.window = 1MB (=1048576) (default)
2019-07-16 14:17:49,260 INFO  server.RaftServerConfigKeys (ConfUtils.java:logGet(43)) - raft.server.rpc.request.timeout = 3000ms (default)
2019-07-16 14:17:49,417 INFO  server.RaftServerConfigKeys (ConfUtils.java:logGet(43)) - raft.server.storage.dir = [/workdir/hadoop-ozone/integration-test/target/test-dir/MiniOzoneClusterImpl-356bc514-ab20-4970-9b1b-e867f6cf327d/datanode-0/data/ratis] (custom)
2019-07-16 14:17:49,453 INFO  replication.SimpleContainerDownloader (SimpleContainerDownloader.java:<init>(72)) - Starting container downloader service to copy containers to replicate.
2019-07-16 14:17:49,467 INFO  hdfs.DFSUtil (DFSUtil.java:httpServerTemplateForNNAndJN(1641)) - Starting Web-server for hddsDatanode at: http://0.0.0.0:0
2019-07-16 14:17:49,469 INFO  server.AuthenticationFilter (AuthenticationFilter.java:constructSecretProvider(240)) - Unable to initialize FileSignerSecretProvider, falling back to use random secrets.
2019-07-16 14:17:49,469 WARN  http.HttpRequestLog (HttpRequestLog.java:getRequestLog(97)) - Jetty request log can only be enabled using Log4j
2019-07-16 14:17:49,471 INFO  http.HttpServer2 (HttpServer2.java:addGlobalFilter(975)) - Added global filter 'safety' (class=org.apache.hadoop.http.HttpServer2$QuotingInputFilter)
2019-07-16 14:17:49,471 INFO  http.HttpServer2 (HttpServer2.java:addFilter(948)) - Added filter static_user_filter (class=org.apache.hadoop.http.lib.StaticUserWebFilter$StaticUserFilter) to context hddsDatanode
2019-07-16 14:17:49,472 INFO  http.HttpServer2 (HttpServer2.java:addFilter(958)) - Added filter static_user_filter (class=org.apache.hadoop.http.lib.StaticUserWebFilter$StaticUserFilter) to context static
2019-07-16 14:17:49,472 INFO  http.HttpServer2 (HttpServer2.java:addFilter(958)) - Added filter static_user_filter (class=org.apache.hadoop.http.lib.StaticUserWebFilter$StaticUserFilter) to context logs
2019-07-16 14:17:49,473 INFO  http.HttpServer2 (HttpServer2.java:bindListener(1191)) - Jetty bound to port 38706
2019-07-16 14:17:49,473 INFO  server.Server (Server.java:doStart(351)) - jetty-9.3.24.v20180605, build timestamp: 2018-06-05T17:11:56Z, git hash: 84205aa28f11a4f31f2a3b86d1bba2cc8ab69827
2019-07-16 14:17:49,475 INFO  handler.ContextHandler (ContextHandler.java:doStart(781)) - Started o.e.j.s.ServletContextHandler@21c815e4{/logs,file:///workdir/hadoop-ozone/integration-test/target/log,AVAILABLE}
2019-07-16 14:17:49,475 INFO  handler.ContextHandler (ContextHandler.java:doStart(781)) - Started o.e.j.s.ServletContextHandler@2a331b46{/static,jar:file:/home/user/.m2/repository/org/apache/hadoop/hadoop-hdds-container-service/0.5.0-SNAPSHOT/hadoop-hdds-container-service-0.5.0-SNAPSHOT.jar!/webapps/static,AVAILABLE}
2019-07-16 14:17:49,509 INFO  handler.ContextHandler (ContextHandler.java:doStart(781)) - Started o.e.j.w.WebAppContext@113e13f9{/,file:///tmp/jetty-0.0.0.0-38706-hddsDatanode-_-any-2699807557538209406.dir/webapp/,AVAILABLE}{/hddsDatanode}
2019-07-16 14:17:49,510 INFO  server.AbstractConnector (AbstractConnector.java:doStart(278)) - Started ServerConnector@1c7f96b1{HTTP/1.1,[http/1.1]}{0.0.0.0:38706}
2019-07-16 14:17:49,510 INFO  server.Server (Server.java:doStart(419)) - Started @4897ms
2019-07-16 14:17:49,512 INFO  server.BaseHttpServer (BaseHttpServer.java:updateConnectorAddress(207)) - HTTP server of HDDSDATANODE is listening at http://0.0.0.0:38706
2019-07-16 14:17:50,517 INFO  ozone.HddsDatanodeService (HddsDatanodeService.java:startPlugins(396)) - Started plug-in org.apache.hadoop.ozone.web.OzoneHddsDatanodeService@3d615b2e
2019-07-16 14:17:50,518 INFO  impl.MetricsSystemImpl (MetricsSystemImpl.java:init(158)) - HddsDatanode metrics system started (again)
2019-07-16 14:17:50,519 INFO  ozone.HddsDatanodeService (HddsDatanodeService.java:start(185)) - HddsDatanodeService host:trunk-nightly-gllmw-2332419065 ip:192.168.157.241
2019-07-16 14:17:50,525 INFO  util.JvmPauseMonitor (JvmPauseMonitor.java:run(188)) - Starting JVM pause monitor
2019-07-16 14:17:50,530 INFO  volume.HddsVolume (HddsVolume.java:<init>(176)) - Creating Volume: /workdir/hadoop-ozone/integration-test/target/test-dir/MiniOzoneClusterImpl-356bc514-ab20-4970-9b1b-e867f6cf327d/datanode-1/data/containers/hdds of  storage type : DISK and capacity : 52710309888
2019-07-16 14:17:50,531 INFO  volume.VolumeSet (VolumeSet.java:initializeVolumeSet(170)) - Added Volume : /workdir/hadoop-ozone/integration-test/target/test-dir/MiniOzoneClusterImpl-356bc514-ab20-4970-9b1b-e867f6cf327d/datanode-1/data/containers/hdds to VolumeSet
2019-07-16 14:17:50,531 INFO  volume.ThrottledAsyncChecker (ThrottledAsyncChecker.java:schedule(140)) - Scheduling a check for org.apache.hadoop.ozone.container.common.volume.HddsVolume@664e848c
2019-07-16 14:17:50,532 INFO  volume.HddsVolumeChecker (HddsVolumeChecker.java:checkAllVolumes(203)) - Scheduled health check for volume org.apache.hadoop.ozone.container.common.volume.HddsVolume@664e848c
2019-07-16 14:17:50,550 INFO  impl.RaftServerProxy (ConfUtils.java:logGet(43)) - raft.rpc.type = GRPC (default)
2019-07-16 14:17:50,550 INFO  grpc.GrpcFactory (GrpcFactory.java:checkPooledByteBufAllocatorUseCacheForAllThreads(45)) - PERFORMANCE WARNING: useCacheForAllThreads is true that may cause Netty to create a lot garbage objects and, as a result, trigger GC.
	It is recommended to disable useCacheForAllThreads by setting -Dorg.apache.ratis.thirdparty.io.netty.allocator.useCacheForAllThreads=false in command line.
2019-07-16 14:17:50,550 INFO  grpc.GrpcConfigKeys$Server (ConfUtils.java:logGet(43)) - raft.grpc.server.port = 0 (default)
2019-07-16 14:17:50,551 INFO  server.GrpcService (ConfUtils.java:logGet(43)) - raft.grpc.message.size.max = 33570816 (custom)
2019-07-16 14:17:50,551 INFO  server.RaftServerConfigKeys (ConfUtils.java:logGet(43)) - raft.server.log.appender.buffer.byte-limit = 33554432 (custom)
2019-07-16 14:17:50,551 INFO  server.GrpcService (ConfUtils.java:logGet(43)) - raft.grpc.flow.control.window = 1MB (=1048576) (default)
2019-07-16 14:17:50,551 INFO  server.RaftServerConfigKeys (ConfUtils.java:logGet(43)) - raft.server.rpc.request.timeout = 3000ms (default)
2019-07-16 14:17:50,552 INFO  server.RaftServerConfigKeys (ConfUtils.java:logGet(43)) - raft.server.storage.dir = [/workdir/hadoop-ozone/integration-test/target/test-dir/MiniOzoneClusterImpl-356bc514-ab20-4970-9b1b-e867f6cf327d/datanode-1/data/ratis] (custom)
2019-07-16 14:17:50,553 INFO  replication.SimpleContainerDownloader (SimpleContainerDownloader.java:<init>(72)) - Starting container downloader service to copy containers to replicate.
2019-07-16 14:17:50,554 INFO  hdfs.DFSUtil (DFSUtil.java:httpServerTemplateForNNAndJN(1641)) - Starting Web-server for hddsDatanode at: http://0.0.0.0:0
2019-07-16 14:17:50,556 INFO  server.AuthenticationFilter (AuthenticationFilter.java:constructSecretProvider(240)) - Unable to initialize FileSignerSecretProvider, falling back to use random secrets.
2019-07-16 14:17:50,557 WARN  http.HttpRequestLog (HttpRequestLog.java:getRequestLog(97)) - Jetty request log can only be enabled using Log4j
2019-07-16 14:17:50,558 INFO  http.HttpServer2 (HttpServer2.java:addGlobalFilter(975)) - Added global filter 'safety' (class=org.apache.hadoop.http.HttpServer2$QuotingInputFilter)
2019-07-16 14:17:50,559 INFO  http.HttpServer2 (HttpServer2.java:addFilter(948)) - Added filter static_user_filter (class=org.apache.hadoop.http.lib.StaticUserWebFilter$StaticUserFilter) to context hddsDatanode
2019-07-16 14:17:50,559 INFO  http.HttpServer2 (HttpServer2.java:addFilter(958)) - Added filter static_user_filter (class=org.apache.hadoop.http.lib.StaticUserWebFilter$StaticUserFilter) to context logs
2019-07-16 14:17:50,559 INFO  http.HttpServer2 (HttpServer2.java:addFilter(958)) - Added filter static_user_filter (class=org.apache.hadoop.http.lib.StaticUserWebFilter$StaticUserFilter) to context static
2019-07-16 14:17:50,560 INFO  http.HttpServer2 (HttpServer2.java:bindListener(1191)) - Jetty bound to port 41117
2019-07-16 14:17:50,560 INFO  server.Server (Server.java:doStart(351)) - jetty-9.3.24.v20180605, build timestamp: 2018-06-05T17:11:56Z, git hash: 84205aa28f11a4f31f2a3b86d1bba2cc8ab69827
2019-07-16 14:17:50,562 INFO  handler.ContextHandler (ContextHandler.java:doStart(781)) - Started o.e.j.s.ServletContextHandler@13803a94{/logs,file:///workdir/hadoop-ozone/integration-test/target/log,AVAILABLE}
2019-07-16 14:17:50,562 INFO  handler.ContextHandler (ContextHandler.java:doStart(781)) - Started o.e.j.s.ServletContextHandler@45292ec1{/static,jar:file:/home/user/.m2/repository/org/apache/hadoop/hadoop-hdds-container-service/0.5.0-SNAPSHOT/hadoop-hdds-container-service-0.5.0-SNAPSHOT.jar!/webapps/static,AVAILABLE}
2019-07-16 14:17:50,591 INFO  handler.ContextHandler (ContextHandler.java:doStart(781)) - Started o.e.j.w.WebAppContext@661d6bb6{/,file:///tmp/jetty-0.0.0.0-41117-hddsDatanode-_-any-6266545166272963316.dir/webapp/,AVAILABLE}{/hddsDatanode}
2019-07-16 14:17:50,591 INFO  server.AbstractConnector (AbstractConnector.java:doStart(278)) - Started ServerConnector@733fb462{HTTP/1.1,[http/1.1]}{0.0.0.0:41117}
2019-07-16 14:17:50,592 INFO  server.Server (Server.java:doStart(419)) - Started @5978ms
2019-07-16 14:17:50,594 INFO  server.BaseHttpServer (BaseHttpServer.java:updateConnectorAddress(207)) - HTTP server of HDDSDATANODE is listening at http://0.0.0.0:41117
2019-07-16 14:17:50,670 INFO  datanode.InitDatanodeState (InitDatanodeState.java:persistContainerDatanodeDetails(140)) - DatanodeDetails is persisted to /workdir/hadoop-ozone/integration-test/target/test-dir/MiniOzoneClusterImpl-356bc514-ab20-4970-9b1b-e867f6cf327d/datanode-0/meta/datanode.id
2019-07-16 14:17:50,706 INFO  ozone.HddsDatanodeService (HddsDatanodeService.java:startPlugins(396)) - Started plug-in org.apache.hadoop.ozone.web.OzoneHddsDatanodeService@2e590b
2019-07-16 14:17:50,707 INFO  impl.MetricsSystemImpl (MetricsSystemImpl.java:init(158)) - HddsDatanode metrics system started (again)
2019-07-16 14:17:50,708 INFO  ozone.HddsDatanodeService (HddsDatanodeService.java:start(185)) - HddsDatanodeService host:trunk-nightly-gllmw-2332419065 ip:192.168.157.241
2019-07-16 14:17:50,710 INFO  util.JvmPauseMonitor (JvmPauseMonitor.java:run(188)) - Starting JVM pause monitor
2019-07-16 14:17:50,718 INFO  volume.HddsVolume (HddsVolume.java:<init>(176)) - Creating Volume: /workdir/hadoop-ozone/integration-test/target/test-dir/MiniOzoneClusterImpl-356bc514-ab20-4970-9b1b-e867f6cf327d/datanode-2/data/containers/hdds of  storage type : DISK and capacity : 52710309888
2019-07-16 14:17:50,719 INFO  volume.VolumeSet (VolumeSet.java:initializeVolumeSet(170)) - Added Volume : /workdir/hadoop-ozone/integration-test/target/test-dir/MiniOzoneClusterImpl-356bc514-ab20-4970-9b1b-e867f6cf327d/datanode-2/data/containers/hdds to VolumeSet
2019-07-16 14:17:50,719 INFO  volume.ThrottledAsyncChecker (ThrottledAsyncChecker.java:schedule(140)) - Scheduling a check for org.apache.hadoop.ozone.container.common.volume.HddsVolume@25953be6
2019-07-16 14:17:50,719 INFO  volume.HddsVolumeChecker (HddsVolumeChecker.java:checkAllVolumes(203)) - Scheduled health check for volume org.apache.hadoop.ozone.container.common.volume.HddsVolume@25953be6
2019-07-16 14:17:50,721 INFO  datanode.InitDatanodeState (InitDatanodeState.java:persistContainerDatanodeDetails(140)) - DatanodeDetails is persisted to /workdir/hadoop-ozone/integration-test/target/test-dir/MiniOzoneClusterImpl-356bc514-ab20-4970-9b1b-e867f6cf327d/datanode-1/meta/datanode.id
2019-07-16 14:17:50,732 INFO  impl.RaftServerProxy (ConfUtils.java:logGet(43)) - raft.rpc.type = GRPC (default)
2019-07-16 14:17:50,732 INFO  grpc.GrpcFactory (GrpcFactory.java:checkPooledByteBufAllocatorUseCacheForAllThreads(45)) - PERFORMANCE WARNING: useCacheForAllThreads is true that may cause Netty to create a lot garbage objects and, as a result, trigger GC.
	It is recommended to disable useCacheForAllThreads by setting -Dorg.apache.ratis.thirdparty.io.netty.allocator.useCacheForAllThreads=false in command line.
2019-07-16 14:17:50,732 INFO  grpc.GrpcConfigKeys$Server (ConfUtils.java:logGet(43)) - raft.grpc.server.port = 0 (default)
2019-07-16 14:17:50,733 INFO  server.GrpcService (ConfUtils.java:logGet(43)) - raft.grpc.message.size.max = 33570816 (custom)
2019-07-16 14:17:50,733 INFO  server.RaftServerConfigKeys (ConfUtils.java:logGet(43)) - raft.server.log.appender.buffer.byte-limit = 33554432 (custom)
2019-07-16 14:17:50,733 INFO  server.GrpcService (ConfUtils.java:logGet(43)) - raft.grpc.flow.control.window = 1MB (=1048576) (default)
2019-07-16 14:17:50,733 INFO  server.RaftServerConfigKeys (ConfUtils.java:logGet(43)) - raft.server.rpc.request.timeout = 3000ms (default)
2019-07-16 14:17:50,734 INFO  server.RaftServerConfigKeys (ConfUtils.java:logGet(43)) - raft.server.storage.dir = [/workdir/hadoop-ozone/integration-test/target/test-dir/MiniOzoneClusterImpl-356bc514-ab20-4970-9b1b-e867f6cf327d/datanode-2/data/ratis] (custom)
2019-07-16 14:17:50,734 INFO  replication.SimpleContainerDownloader (SimpleContainerDownloader.java:<init>(72)) - Starting container downloader service to copy containers to replicate.
2019-07-16 14:17:50,735 INFO  hdfs.DFSUtil (DFSUtil.java:httpServerTemplateForNNAndJN(1641)) - Starting Web-server for hddsDatanode at: http://0.0.0.0:0
2019-07-16 14:17:50,737 INFO  server.AuthenticationFilter (AuthenticationFilter.java:constructSecretProvider(240)) - Unable to initialize FileSignerSecretProvider, falling back to use random secrets.
2019-07-16 14:17:50,737 WARN  http.HttpRequestLog (HttpRequestLog.java:getRequestLog(97)) - Jetty request log can only be enabled using Log4j
2019-07-16 14:17:50,738 INFO  http.HttpServer2 (HttpServer2.java:addGlobalFilter(975)) - Added global filter 'safety' (class=org.apache.hadoop.http.HttpServer2$QuotingInputFilter)
2019-07-16 14:17:50,739 INFO  http.HttpServer2 (HttpServer2.java:addFilter(948)) - Added filter static_user_filter (class=org.apache.hadoop.http.lib.StaticUserWebFilter$StaticUserFilter) to context hddsDatanode
2019-07-16 14:17:50,739 INFO  http.HttpServer2 (HttpServer2.java:addFilter(958)) - Added filter static_user_filter (class=org.apache.hadoop.http.lib.StaticUserWebFilter$StaticUserFilter) to context static
2019-07-16 14:17:50,739 INFO  http.HttpServer2 (HttpServer2.java:addFilter(958)) - Added filter static_user_filter (class=org.apache.hadoop.http.lib.StaticUserWebFilter$StaticUserFilter) to context logs
2019-07-16 14:17:50,739 INFO  http.HttpServer2 (HttpServer2.java:bindListener(1191)) - Jetty bound to port 35168
2019-07-16 14:17:50,740 INFO  server.Server (Server.java:doStart(351)) - jetty-9.3.24.v20180605, build timestamp: 2018-06-05T17:11:56Z, git hash: 84205aa28f11a4f31f2a3b86d1bba2cc8ab69827
2019-07-16 14:17:50,743 INFO  handler.ContextHandler (ContextHandler.java:doStart(781)) - Started o.e.j.s.ServletContextHandler@7aaad0{/logs,file:///workdir/hadoop-ozone/integration-test/target/log,AVAILABLE}
2019-07-16 14:17:50,744 INFO  handler.ContextHandler (ContextHandler.java:doStart(781)) - Started o.e.j.s.ServletContextHandler@10f477e2{/static,jar:file:/home/user/.m2/repository/org/apache/hadoop/hadoop-hdds-container-service/0.5.0-SNAPSHOT/hadoop-hdds-container-service-0.5.0-SNAPSHOT.jar!/webapps/static,AVAILABLE}
2019-07-16 14:17:50,765 INFO  handler.ContextHandler (ContextHandler.java:doStart(781)) - Started o.e.j.w.WebAppContext@608cd501{/,file:///tmp/jetty-0.0.0.0-35168-hddsDatanode-_-any-2689769367467827949.dir/webapp/,AVAILABLE}{/hddsDatanode}
2019-07-16 14:17:50,765 INFO  server.AbstractConnector (AbstractConnector.java:doStart(278)) - Started ServerConnector@3b97907c{HTTP/1.1,[http/1.1]}{0.0.0.0:35168}
2019-07-16 14:17:50,766 INFO  server.Server (Server.java:doStart(419)) - Started @6152ms
2019-07-16 14:17:50,767 INFO  server.BaseHttpServer (BaseHttpServer.java:updateConnectorAddress(207)) - HTTP server of HDDSDATANODE is listening at http://0.0.0.0:35168
2019-07-16 14:17:50,866 INFO  ozone.HddsDatanodeService (HddsDatanodeService.java:startPlugins(396)) - Started plug-in org.apache.hadoop.ozone.web.OzoneHddsDatanodeService@1b24ea2a
2019-07-16 14:17:50,867 INFO  impl.MetricsSystemImpl (MetricsSystemImpl.java:init(158)) - HddsDatanode metrics system started (again)
2019-07-16 14:17:50,868 INFO  ozone.HddsDatanodeService (HddsDatanodeService.java:start(185)) - HddsDatanodeService host:trunk-nightly-gllmw-2332419065 ip:192.168.157.241
2019-07-16 14:17:50,871 INFO  util.JvmPauseMonitor (JvmPauseMonitor.java:run(188)) - Starting JVM pause monitor
2019-07-16 14:17:50,878 INFO  volume.HddsVolume (HddsVolume.java:<init>(176)) - Creating Volume: /workdir/hadoop-ozone/integration-test/target/test-dir/MiniOzoneClusterImpl-356bc514-ab20-4970-9b1b-e867f6cf327d/datanode-3/data/containers/hdds of  storage type : DISK and capacity : 52710309888
2019-07-16 14:17:50,878 INFO  datanode.InitDatanodeState (InitDatanodeState.java:persistContainerDatanodeDetails(140)) - DatanodeDetails is persisted to /workdir/hadoop-ozone/integration-test/target/test-dir/MiniOzoneClusterImpl-356bc514-ab20-4970-9b1b-e867f6cf327d/datanode-2/meta/datanode.id
2019-07-16 14:17:50,878 INFO  volume.VolumeSet (VolumeSet.java:initializeVolumeSet(170)) - Added Volume : /workdir/hadoop-ozone/integration-test/target/test-dir/MiniOzoneClusterImpl-356bc514-ab20-4970-9b1b-e867f6cf327d/datanode-3/data/containers/hdds to VolumeSet
2019-07-16 14:17:50,878 INFO  volume.ThrottledAsyncChecker (ThrottledAsyncChecker.java:schedule(140)) - Scheduling a check for org.apache.hadoop.ozone.container.common.volume.HddsVolume@586495f1
2019-07-16 14:17:50,879 INFO  volume.HddsVolumeChecker (HddsVolumeChecker.java:checkAllVolumes(203)) - Scheduled health check for volume org.apache.hadoop.ozone.container.common.volume.HddsVolume@586495f1
2019-07-16 14:17:50,890 INFO  impl.RaftServerProxy (ConfUtils.java:logGet(43)) - raft.rpc.type = GRPC (default)
2019-07-16 14:17:50,891 INFO  grpc.GrpcFactory (GrpcFactory.java:checkPooledByteBufAllocatorUseCacheForAllThreads(45)) - PERFORMANCE WARNING: useCacheForAllThreads is true that may cause Netty to create a lot garbage objects and, as a result, trigger GC.
	It is recommended to disable useCacheForAllThreads by setting -Dorg.apache.ratis.thirdparty.io.netty.allocator.useCacheForAllThreads=false in command line.
2019-07-16 14:17:50,891 INFO  grpc.GrpcConfigKeys$Server (ConfUtils.java:logGet(43)) - raft.grpc.server.port = 0 (default)
2019-07-16 14:17:50,891 INFO  server.GrpcService (ConfUtils.java:logGet(43)) - raft.grpc.message.size.max = 33570816 (custom)
2019-07-16 14:17:50,892 INFO  server.RaftServerConfigKeys (ConfUtils.java:logGet(43)) - raft.server.log.appender.buffer.byte-limit = 33554432 (custom)
2019-07-16 14:17:50,892 INFO  server.GrpcService (ConfUtils.java:logGet(43)) - raft.grpc.flow.control.window = 1MB (=1048576) (default)
2019-07-16 14:17:50,892 INFO  server.RaftServerConfigKeys (ConfUtils.java:logGet(43)) - raft.server.rpc.request.timeout = 3000ms (default)
2019-07-16 14:17:50,892 INFO  server.RaftServerConfigKeys (ConfUtils.java:logGet(43)) - raft.server.storage.dir = [/workdir/hadoop-ozone/integration-test/target/test-dir/MiniOzoneClusterImpl-356bc514-ab20-4970-9b1b-e867f6cf327d/datanode-3/data/ratis] (custom)
2019-07-16 14:17:50,893 INFO  replication.SimpleContainerDownloader (SimpleContainerDownloader.java:<init>(72)) - Starting container downloader service to copy containers to replicate.
2019-07-16 14:17:50,894 INFO  hdfs.DFSUtil (DFSUtil.java:httpServerTemplateForNNAndJN(1641)) - Starting Web-server for hddsDatanode at: http://0.0.0.0:0
2019-07-16 14:17:50,895 INFO  server.AuthenticationFilter (AuthenticationFilter.java:constructSecretProvider(240)) - Unable to initialize FileSignerSecretProvider, falling back to use random secrets.
2019-07-16 14:17:50,895 WARN  http.HttpRequestLog (HttpRequestLog.java:getRequestLog(97)) - Jetty request log can only be enabled using Log4j
2019-07-16 14:17:50,896 INFO  http.HttpServer2 (HttpServer2.java:addGlobalFilter(975)) - Added global filter 'safety' (class=org.apache.hadoop.http.HttpServer2$QuotingInputFilter)
2019-07-16 14:17:50,897 INFO  http.HttpServer2 (HttpServer2.java:addFilter(948)) - Added filter static_user_filter (class=org.apache.hadoop.http.lib.StaticUserWebFilter$StaticUserFilter) to context hddsDatanode
2019-07-16 14:17:50,897 INFO  http.HttpServer2 (HttpServer2.java:addFilter(958)) - Added filter static_user_filter (class=org.apache.hadoop.http.lib.StaticUserWebFilter$StaticUserFilter) to context static
2019-07-16 14:17:50,897 INFO  http.HttpServer2 (HttpServer2.java:addFilter(958)) - Added filter static_user_filter (class=org.apache.hadoop.http.lib.StaticUserWebFilter$StaticUserFilter) to context logs
2019-07-16 14:17:50,898 INFO  http.HttpServer2 (HttpServer2.java:bindListener(1191)) - Jetty bound to port 42845
2019-07-16 14:17:50,898 INFO  server.Server (Server.java:doStart(351)) - jetty-9.3.24.v20180605, build timestamp: 2018-06-05T17:11:56Z, git hash: 84205aa28f11a4f31f2a3b86d1bba2cc8ab69827
2019-07-16 14:17:50,900 INFO  handler.ContextHandler (ContextHandler.java:doStart(781)) - Started o.e.j.s.ServletContextHandler@1472208d{/logs,file:///workdir/hadoop-ozone/integration-test/target/log,AVAILABLE}
2019-07-16 14:17:50,901 INFO  handler.ContextHandler (ContextHandler.java:doStart(781)) - Started o.e.j.s.ServletContextHandler@6de004f1{/static,jar:file:/home/user/.m2/repository/org/apache/hadoop/hadoop-hdds-container-service/0.5.0-SNAPSHOT/hadoop-hdds-container-service-0.5.0-SNAPSHOT.jar!/webapps/static,AVAILABLE}
2019-07-16 14:17:50,923 INFO  handler.ContextHandler (ContextHandler.java:doStart(781)) - Started o.e.j.w.WebAppContext@7fef0b40{/,file:///tmp/jetty-0.0.0.0-42845-hddsDatanode-_-any-873105027340504980.dir/webapp/,AVAILABLE}{/hddsDatanode}
2019-07-16 14:17:50,923 INFO  server.AbstractConnector (AbstractConnector.java:doStart(278)) - Started ServerConnector@5f395ce1{HTTP/1.1,[http/1.1]}{0.0.0.0:42845}
2019-07-16 14:17:50,924 INFO  server.Server (Server.java:doStart(419)) - Started @6310ms
2019-07-16 14:17:50,925 INFO  server.BaseHttpServer (BaseHttpServer.java:updateConnectorAddress(207)) - HTTP server of HDDSDATANODE is listening at http://0.0.0.0:42845
2019-07-16 14:17:51,028 INFO  ozone.HddsDatanodeService (HddsDatanodeService.java:startPlugins(396)) - Started plug-in org.apache.hadoop.ozone.web.OzoneHddsDatanodeService@615efd1c
2019-07-16 14:17:51,028 INFO  impl.MetricsSystemImpl (MetricsSystemImpl.java:init(158)) - HddsDatanode metrics system started (again)
2019-07-16 14:17:51,030 INFO  ozone.HddsDatanodeService (HddsDatanodeService.java:start(185)) - HddsDatanodeService host:trunk-nightly-gllmw-2332419065 ip:192.168.157.241
2019-07-16 14:17:51,032 INFO  util.JvmPauseMonitor (JvmPauseMonitor.java:run(188)) - Starting JVM pause monitor
2019-07-16 14:17:51,035 INFO  datanode.InitDatanodeState (InitDatanodeState.java:persistContainerDatanodeDetails(140)) - DatanodeDetails is persisted to /workdir/hadoop-ozone/integration-test/target/test-dir/MiniOzoneClusterImpl-356bc514-ab20-4970-9b1b-e867f6cf327d/datanode-3/meta/datanode.id
2019-07-16 14:17:51,040 INFO  volume.HddsVolume (HddsVolume.java:<init>(176)) - Creating Volume: /workdir/hadoop-ozone/integration-test/target/test-dir/MiniOzoneClusterImpl-356bc514-ab20-4970-9b1b-e867f6cf327d/datanode-4/data/containers/hdds of  storage type : DISK and capacity : 52710309888
2019-07-16 14:17:51,041 INFO  volume.VolumeSet (VolumeSet.java:initializeVolumeSet(170)) - Added Volume : /workdir/hadoop-ozone/integration-test/target/test-dir/MiniOzoneClusterImpl-356bc514-ab20-4970-9b1b-e867f6cf327d/datanode-4/data/containers/hdds to VolumeSet
2019-07-16 14:17:51,041 INFO  volume.ThrottledAsyncChecker (ThrottledAsyncChecker.java:schedule(140)) - Scheduling a check for org.apache.hadoop.ozone.container.common.volume.HddsVolume@7c70aae1
2019-07-16 14:17:51,041 INFO  volume.HddsVolumeChecker (HddsVolumeChecker.java:checkAllVolumes(203)) - Scheduled health check for volume org.apache.hadoop.ozone.container.common.volume.HddsVolume@7c70aae1
2019-07-16 14:17:51,054 INFO  impl.RaftServerProxy (ConfUtils.java:logGet(43)) - raft.rpc.type = GRPC (default)
2019-07-16 14:17:51,054 INFO  grpc.GrpcFactory (GrpcFactory.java:checkPooledByteBufAllocatorUseCacheForAllThreads(45)) - PERFORMANCE WARNING: useCacheForAllThreads is true that may cause Netty to create a lot garbage objects and, as a result, trigger GC.
	It is recommended to disable useCacheForAllThreads by setting -Dorg.apache.ratis.thirdparty.io.netty.allocator.useCacheForAllThreads=false in command line.
2019-07-16 14:17:51,054 INFO  grpc.GrpcConfigKeys$Server (ConfUtils.java:logGet(43)) - raft.grpc.server.port = 0 (default)
2019-07-16 14:17:51,055 INFO  server.GrpcService (ConfUtils.java:logGet(43)) - raft.grpc.message.size.max = 33570816 (custom)
2019-07-16 14:17:51,055 INFO  server.RaftServerConfigKeys (ConfUtils.java:logGet(43)) - raft.server.log.appender.buffer.byte-limit = 33554432 (custom)
2019-07-16 14:17:51,055 INFO  server.GrpcService (ConfUtils.java:logGet(43)) - raft.grpc.flow.control.window = 1MB (=1048576) (default)
2019-07-16 14:17:51,055 INFO  server.RaftServerConfigKeys (ConfUtils.java:logGet(43)) - raft.server.rpc.request.timeout = 3000ms (default)
2019-07-16 14:17:51,056 INFO  server.RaftServerConfigKeys (ConfUtils.java:logGet(43)) - raft.server.storage.dir = [/workdir/hadoop-ozone/integration-test/target/test-dir/MiniOzoneClusterImpl-356bc514-ab20-4970-9b1b-e867f6cf327d/datanode-4/data/ratis] (custom)
2019-07-16 14:17:51,056 INFO  replication.SimpleContainerDownloader (SimpleContainerDownloader.java:<init>(72)) - Starting container downloader service to copy containers to replicate.
2019-07-16 14:17:51,057 INFO  hdfs.DFSUtil (DFSUtil.java:httpServerTemplateForNNAndJN(1641)) - Starting Web-server for hddsDatanode at: http://0.0.0.0:0
2019-07-16 14:17:51,058 INFO  server.AuthenticationFilter (AuthenticationFilter.java:constructSecretProvider(240)) - Unable to initialize FileSignerSecretProvider, falling back to use random secrets.
2019-07-16 14:17:51,059 WARN  http.HttpRequestLog (HttpRequestLog.java:getRequestLog(97)) - Jetty request log can only be enabled using Log4j
2019-07-16 14:17:51,060 INFO  http.HttpServer2 (HttpServer2.java:addGlobalFilter(975)) - Added global filter 'safety' (class=org.apache.hadoop.http.HttpServer2$QuotingInputFilter)
2019-07-16 14:17:51,060 INFO  http.HttpServer2 (HttpServer2.java:addFilter(948)) - Added filter static_user_filter (class=org.apache.hadoop.http.lib.StaticUserWebFilter$StaticUserFilter) to context hddsDatanode
2019-07-16 14:17:51,061 INFO  http.HttpServer2 (HttpServer2.java:addFilter(958)) - Added filter static_user_filter (class=org.apache.hadoop.http.lib.StaticUserWebFilter$StaticUserFilter) to context logs
2019-07-16 14:17:51,061 INFO  http.HttpServer2 (HttpServer2.java:addFilter(958)) - Added filter static_user_filter (class=org.apache.hadoop.http.lib.StaticUserWebFilter$StaticUserFilter) to context static
2019-07-16 14:17:51,061 INFO  http.HttpServer2 (HttpServer2.java:bindListener(1191)) - Jetty bound to port 40801
2019-07-16 14:17:51,061 INFO  server.Server (Server.java:doStart(351)) - jetty-9.3.24.v20180605, build timestamp: 2018-06-05T17:11:56Z, git hash: 84205aa28f11a4f31f2a3b86d1bba2cc8ab69827
2019-07-16 14:17:51,065 INFO  handler.ContextHandler (ContextHandler.java:doStart(781)) - Started o.e.j.s.ServletContextHandler@2a0b901c{/logs,file:///workdir/hadoop-ozone/integration-test/target/log,AVAILABLE}
2019-07-16 14:17:51,066 INFO  handler.ContextHandler (ContextHandler.java:doStart(781)) - Started o.e.j.s.ServletContextHandler@6544899b{/static,jar:file:/home/user/.m2/repository/org/apache/hadoop/hadoop-hdds-container-service/0.5.0-SNAPSHOT/hadoop-hdds-container-service-0.5.0-SNAPSHOT.jar!/webapps/static,AVAILABLE}
2019-07-16 14:17:51,088 INFO  handler.ContextHandler (ContextHandler.java:doStart(781)) - Started o.e.j.w.WebAppContext@7aa01bd9{/,file:///tmp/jetty-0.0.0.0-40801-hddsDatanode-_-any-7811529542293163506.dir/webapp/,AVAILABLE}{/hddsDatanode}
2019-07-16 14:17:51,088 INFO  server.AbstractConnector (AbstractConnector.java:doStart(278)) - Started ServerConnector@7e61e25c{HTTP/1.1,[http/1.1]}{0.0.0.0:40801}
2019-07-16 14:17:51,089 INFO  server.Server (Server.java:doStart(419)) - Started @6475ms
2019-07-16 14:17:51,090 INFO  server.BaseHttpServer (BaseHttpServer.java:updateConnectorAddress(207)) - HTTP server of HDDSDATANODE is listening at http://0.0.0.0:40801
2019-07-16 14:17:51,184 INFO  ozone.HddsDatanodeService (HddsDatanodeService.java:startPlugins(396)) - Started plug-in org.apache.hadoop.ozone.web.OzoneHddsDatanodeService@51e8d066
2019-07-16 14:17:51,184 INFO  impl.MetricsSystemImpl (MetricsSystemImpl.java:init(158)) - HddsDatanode metrics system started (again)
2019-07-16 14:17:51,185 INFO  ozone.HddsDatanodeService (HddsDatanodeService.java:start(185)) - HddsDatanodeService host:trunk-nightly-gllmw-2332419065 ip:192.168.157.241
2019-07-16 14:17:51,188 INFO  util.JvmPauseMonitor (JvmPauseMonitor.java:run(188)) - Starting JVM pause monitor
2019-07-16 14:17:51,191 INFO  datanode.InitDatanodeState (InitDatanodeState.java:persistContainerDatanodeDetails(140)) - DatanodeDetails is persisted to /workdir/hadoop-ozone/integration-test/target/test-dir/MiniOzoneClusterImpl-356bc514-ab20-4970-9b1b-e867f6cf327d/datanode-4/meta/datanode.id
2019-07-16 14:17:51,194 INFO  volume.HddsVolume (HddsVolume.java:<init>(176)) - Creating Volume: /workdir/hadoop-ozone/integration-test/target/test-dir/MiniOzoneClusterImpl-356bc514-ab20-4970-9b1b-e867f6cf327d/datanode-5/data/containers/hdds of  storage type : DISK and capacity : 52710309888
2019-07-16 14:17:51,194 INFO  volume.VolumeSet (VolumeSet.java:initializeVolumeSet(170)) - Added Volume : /workdir/hadoop-ozone/integration-test/target/test-dir/MiniOzoneClusterImpl-356bc514-ab20-4970-9b1b-e867f6cf327d/datanode-5/data/containers/hdds to VolumeSet
2019-07-16 14:17:51,194 INFO  volume.ThrottledAsyncChecker (ThrottledAsyncChecker.java:schedule(140)) - Scheduling a check for org.apache.hadoop.ozone.container.common.volume.HddsVolume@7f4a1cac
2019-07-16 14:17:51,195 INFO  volume.HddsVolumeChecker (HddsVolumeChecker.java:checkAllVolumes(203)) - Scheduled health check for volume org.apache.hadoop.ozone.container.common.volume.HddsVolume@7f4a1cac
2019-07-16 14:17:51,208 INFO  impl.RaftServerProxy (ConfUtils.java:logGet(43)) - raft.rpc.type = GRPC (default)
2019-07-16 14:17:51,208 INFO  grpc.GrpcFactory (GrpcFactory.java:checkPooledByteBufAllocatorUseCacheForAllThreads(45)) - PERFORMANCE WARNING: useCacheForAllThreads is true that may cause Netty to create a lot garbage objects and, as a result, trigger GC.
	It is recommended to disable useCacheForAllThreads by setting -Dorg.apache.ratis.thirdparty.io.netty.allocator.useCacheForAllThreads=false in command line.
2019-07-16 14:17:51,208 INFO  grpc.GrpcConfigKeys$Server (ConfUtils.java:logGet(43)) - raft.grpc.server.port = 0 (default)
2019-07-16 14:17:51,208 INFO  server.GrpcService (ConfUtils.java:logGet(43)) - raft.grpc.message.size.max = 33570816 (custom)
2019-07-16 14:17:51,208 INFO  server.RaftServerConfigKeys (ConfUtils.java:logGet(43)) - raft.server.log.appender.buffer.byte-limit = 33554432 (custom)
2019-07-16 14:17:51,208 INFO  server.GrpcService (ConfUtils.java:logGet(43)) - raft.grpc.flow.control.window = 1MB (=1048576) (default)
2019-07-16 14:17:51,209 INFO  server.RaftServerConfigKeys (ConfUtils.java:logGet(43)) - raft.server.rpc.request.timeout = 3000ms (default)
2019-07-16 14:17:51,209 INFO  server.RaftServerConfigKeys (ConfUtils.java:logGet(43)) - raft.server.storage.dir = [/workdir/hadoop-ozone/integration-test/target/test-dir/MiniOzoneClusterImpl-356bc514-ab20-4970-9b1b-e867f6cf327d/datanode-5/data/ratis] (custom)
2019-07-16 14:17:51,210 INFO  replication.SimpleContainerDownloader (SimpleContainerDownloader.java:<init>(72)) - Starting container downloader service to copy containers to replicate.
2019-07-16 14:17:51,211 INFO  hdfs.DFSUtil (DFSUtil.java:httpServerTemplateForNNAndJN(1641)) - Starting Web-server for hddsDatanode at: http://0.0.0.0:0
2019-07-16 14:17:51,212 INFO  server.AuthenticationFilter (AuthenticationFilter.java:constructSecretProvider(240)) - Unable to initialize FileSignerSecretProvider, falling back to use random secrets.
2019-07-16 14:17:51,212 WARN  http.HttpRequestLog (HttpRequestLog.java:getRequestLog(97)) - Jetty request log can only be enabled using Log4j
2019-07-16 14:17:51,213 INFO  http.HttpServer2 (HttpServer2.java:addGlobalFilter(975)) - Added global filter 'safety' (class=org.apache.hadoop.http.HttpServer2$QuotingInputFilter)
2019-07-16 14:17:51,213 INFO  http.HttpServer2 (HttpServer2.java:addFilter(948)) - Added filter static_user_filter (class=org.apache.hadoop.http.lib.StaticUserWebFilter$StaticUserFilter) to context hddsDatanode
2019-07-16 14:17:51,214 INFO  http.HttpServer2 (HttpServer2.java:addFilter(958)) - Added filter static_user_filter (class=org.apache.hadoop.http.lib.StaticUserWebFilter$StaticUserFilter) to context static
2019-07-16 14:17:51,214 INFO  http.HttpServer2 (HttpServer2.java:addFilter(958)) - Added filter static_user_filter (class=org.apache.hadoop.http.lib.StaticUserWebFilter$StaticUserFilter) to context logs
2019-07-16 14:17:51,215 INFO  http.HttpServer2 (HttpServer2.java:bindListener(1191)) - Jetty bound to port 38691
2019-07-16 14:17:51,215 INFO  server.Server (Server.java:doStart(351)) - jetty-9.3.24.v20180605, build timestamp: 2018-06-05T17:11:56Z, git hash: 84205aa28f11a4f31f2a3b86d1bba2cc8ab69827
2019-07-16 14:17:51,217 INFO  handler.ContextHandler (ContextHandler.java:doStart(781)) - Started o.e.j.s.ServletContextHandler@5faeeb56{/logs,file:///workdir/hadoop-ozone/integration-test/target/log,AVAILABLE}
2019-07-16 14:17:51,218 INFO  handler.ContextHandler (ContextHandler.java:doStart(781)) - Started o.e.j.s.ServletContextHandler@279126f5{/static,jar:file:/home/user/.m2/repository/org/apache/hadoop/hadoop-hdds-container-service/0.5.0-SNAPSHOT/hadoop-hdds-container-service-0.5.0-SNAPSHOT.jar!/webapps/static,AVAILABLE}
2019-07-16 14:17:51,239 INFO  handler.ContextHandler (ContextHandler.java:doStart(781)) - Started o.e.j.w.WebAppContext@545d2560{/,file:///tmp/jetty-0.0.0.0-38691-hddsDatanode-_-any-4493134263027404825.dir/webapp/,AVAILABLE}{/hddsDatanode}
2019-07-16 14:17:51,240 INFO  server.AbstractConnector (AbstractConnector.java:doStart(278)) - Started ServerConnector@124eb83d{HTTP/1.1,[http/1.1]}{0.0.0.0:38691}
2019-07-16 14:17:51,241 INFO  server.Server (Server.java:doStart(419)) - Started @6627ms
2019-07-16 14:17:51,241 INFO  server.BaseHttpServer (BaseHttpServer.java:updateConnectorAddress(207)) - HTTP server of HDDSDATANODE is listening at http://0.0.0.0:38691
2019-07-16 14:17:51,339 INFO  ozone.HddsDatanodeService (HddsDatanodeService.java:startPlugins(396)) - Started plug-in org.apache.hadoop.ozone.web.OzoneHddsDatanodeService@437281c5
2019-07-16 14:17:51,339 INFO  impl.MetricsSystemImpl (MetricsSystemImpl.java:init(158)) - HddsDatanode metrics system started (again)
2019-07-16 14:17:51,341 INFO  ozone.HddsDatanodeService (HddsDatanodeService.java:start(185)) - HddsDatanodeService host:trunk-nightly-gllmw-2332419065 ip:192.168.157.241
2019-07-16 14:17:51,343 INFO  util.JvmPauseMonitor (JvmPauseMonitor.java:run(188)) - Starting JVM pause monitor
2019-07-16 14:17:51,346 INFO  datanode.InitDatanodeState (InitDatanodeState.java:persistContainerDatanodeDetails(140)) - DatanodeDetails is persisted to /workdir/hadoop-ozone/integration-test/target/test-dir/MiniOzoneClusterImpl-356bc514-ab20-4970-9b1b-e867f6cf327d/datanode-5/meta/datanode.id
2019-07-16 14:17:51,350 INFO  volume.HddsVolume (HddsVolume.java:<init>(176)) - Creating Volume: /workdir/hadoop-ozone/integration-test/target/test-dir/MiniOzoneClusterImpl-356bc514-ab20-4970-9b1b-e867f6cf327d/datanode-6/data/containers/hdds of  storage type : DISK and capacity : 52710309888
2019-07-16 14:17:51,350 INFO  volume.VolumeSet (VolumeSet.java:initializeVolumeSet(170)) - Added Volume : /workdir/hadoop-ozone/integration-test/target/test-dir/MiniOzoneClusterImpl-356bc514-ab20-4970-9b1b-e867f6cf327d/datanode-6/data/containers/hdds to VolumeSet
2019-07-16 14:17:51,350 INFO  volume.ThrottledAsyncChecker (ThrottledAsyncChecker.java:schedule(140)) - Scheduling a check for org.apache.hadoop.ozone.container.common.volume.HddsVolume@77aea
2019-07-16 14:17:51,351 INFO  volume.HddsVolumeChecker (HddsVolumeChecker.java:checkAllVolumes(203)) - Scheduled health check for volume org.apache.hadoop.ozone.container.common.volume.HddsVolume@77aea
2019-07-16 14:17:51,364 INFO  impl.RaftServerProxy (ConfUtils.java:logGet(43)) - raft.rpc.type = GRPC (default)
2019-07-16 14:17:51,364 INFO  grpc.GrpcFactory (GrpcFactory.java:checkPooledByteBufAllocatorUseCacheForAllThreads(45)) - PERFORMANCE WARNING: useCacheForAllThreads is true that may cause Netty to create a lot garbage objects and, as a result, trigger GC.
	It is recommended to disable useCacheForAllThreads by setting -Dorg.apache.ratis.thirdparty.io.netty.allocator.useCacheForAllThreads=false in command line.
2019-07-16 14:17:51,364 INFO  grpc.GrpcConfigKeys$Server (ConfUtils.java:logGet(43)) - raft.grpc.server.port = 0 (default)
2019-07-16 14:17:51,364 INFO  server.GrpcService (ConfUtils.java:logGet(43)) - raft.grpc.message.size.max = 33570816 (custom)
2019-07-16 14:17:51,365 INFO  server.RaftServerConfigKeys (ConfUtils.java:logGet(43)) - raft.server.log.appender.buffer.byte-limit = 33554432 (custom)
2019-07-16 14:17:51,365 INFO  server.GrpcService (ConfUtils.java:logGet(43)) - raft.grpc.flow.control.window = 1MB (=1048576) (default)
2019-07-16 14:17:51,365 INFO  server.RaftServerConfigKeys (ConfUtils.java:logGet(43)) - raft.server.rpc.request.timeout = 3000ms (default)
2019-07-16 14:17:51,365 INFO  server.RaftServerConfigKeys (ConfUtils.java:logGet(43)) - raft.server.storage.dir = [/workdir/hadoop-ozone/integration-test/target/test-dir/MiniOzoneClusterImpl-356bc514-ab20-4970-9b1b-e867f6cf327d/datanode-6/data/ratis] (custom)
2019-07-16 14:17:51,366 INFO  replication.SimpleContainerDownloader (SimpleContainerDownloader.java:<init>(72)) - Starting container downloader service to copy containers to replicate.
2019-07-16 14:17:51,367 INFO  hdfs.DFSUtil (DFSUtil.java:httpServerTemplateForNNAndJN(1641)) - Starting Web-server for hddsDatanode at: http://0.0.0.0:0
2019-07-16 14:17:51,368 INFO  server.AuthenticationFilter (AuthenticationFilter.java:constructSecretProvider(240)) - Unable to initialize FileSignerSecretProvider, falling back to use random secrets.
2019-07-16 14:17:51,368 WARN  http.HttpRequestLog (HttpRequestLog.java:getRequestLog(97)) - Jetty request log can only be enabled using Log4j
2019-07-16 14:17:51,370 INFO  http.HttpServer2 (HttpServer2.java:addGlobalFilter(975)) - Added global filter 'safety' (class=org.apache.hadoop.http.HttpServer2$QuotingInputFilter)
2019-07-16 14:17:51,370 INFO  http.HttpServer2 (HttpServer2.java:addFilter(948)) - Added filter static_user_filter (class=org.apache.hadoop.http.lib.StaticUserWebFilter$StaticUserFilter) to context hddsDatanode
2019-07-16 14:17:51,370 INFO  http.HttpServer2 (HttpServer2.java:addFilter(958)) - Added filter static_user_filter (class=org.apache.hadoop.http.lib.StaticUserWebFilter$StaticUserFilter) to context static
2019-07-16 14:17:51,370 INFO  http.HttpServer2 (HttpServer2.java:addFilter(958)) - Added filter static_user_filter (class=org.apache.hadoop.http.lib.StaticUserWebFilter$StaticUserFilter) to context logs
2019-07-16 14:17:51,371 INFO  http.HttpServer2 (HttpServer2.java:bindListener(1191)) - Jetty bound to port 43094
2019-07-16 14:17:51,371 INFO  server.Server (Server.java:doStart(351)) - jetty-9.3.24.v20180605, build timestamp: 2018-06-05T17:11:56Z, git hash: 84205aa28f11a4f31f2a3b86d1bba2cc8ab69827
2019-07-16 14:17:51,419 INFO  handler.ContextHandler (ContextHandler.java:doStart(781)) - Started o.e.j.s.ServletContextHandler@9d3d54e{/logs,file:///workdir/hadoop-ozone/integration-test/target/log,AVAILABLE}
2019-07-16 14:17:51,421 INFO  handler.ContextHandler (ContextHandler.java:doStart(781)) - Started o.e.j.s.ServletContextHandler@333398f{/static,jar:file:/home/user/.m2/repository/org/apache/hadoop/hadoop-hdds-container-service/0.5.0-SNAPSHOT/hadoop-hdds-container-service-0.5.0-SNAPSHOT.jar!/webapps/static,AVAILABLE}
2019-07-16 14:17:51,495 INFO  handler.ContextHandler (ContextHandler.java:doStart(781)) - Started o.e.j.w.WebAppContext@21002393{/,file:///tmp/jetty-0.0.0.0-43094-hddsDatanode-_-any-236110872254827628.dir/webapp/,AVAILABLE}{/hddsDatanode}
2019-07-16 14:17:51,495 INFO  server.AbstractConnector (AbstractConnector.java:doStart(278)) - Started ServerConnector@718989fa{HTTP/1.1,[http/1.1]}{0.0.0.0:43094}
2019-07-16 14:17:51,496 INFO  server.Server (Server.java:doStart(419)) - Started @6883ms
2019-07-16 14:17:51,497 INFO  server.BaseHttpServer (BaseHttpServer.java:updateConnectorAddress(207)) - HTTP server of HDDSDATANODE is listening at http://0.0.0.0:43094
2019-07-16 14:17:51,626 INFO  ozone.HddsDatanodeService (HddsDatanodeService.java:startPlugins(396)) - Started plug-in org.apache.hadoop.ozone.web.OzoneHddsDatanodeService@55222ee9
2019-07-16 14:17:51,628 INFO  ozone.MiniOzoneClusterImpl (MiniOzoneClusterImpl.java:lambda$waitForClusterToBeReady$0(142)) - Waiting for cluster to be ready. Got 0 of 7 DN Heartbeats.
2019-07-16 14:17:51,629 INFO  util.JvmPauseMonitor (JvmPauseMonitor.java:run(188)) - Starting JVM pause monitor
2019-07-16 14:17:51,632 INFO  datanode.InitDatanodeState (InitDatanodeState.java:persistContainerDatanodeDetails(140)) - DatanodeDetails is persisted to /workdir/hadoop-ozone/integration-test/target/test-dir/MiniOzoneClusterImpl-356bc514-ab20-4970-9b1b-e867f6cf327d/datanode-6/meta/datanode.id
2019-07-16 14:17:52,587 INFO  ozoneimpl.OzoneContainer (OzoneContainer.java:start(186)) - Attempting to start container services.
2019-07-16 14:17:52,589 INFO  ozoneimpl.OzoneContainer (OzoneContainer.java:startContainerScrub(160)) - Background container scrubber has been disabled by hdds.containerscrub.enabled
2019-07-16 14:17:52,589 INFO  ratis.XceiverServerRatis (XceiverServerRatis.java:start(418)) - Starting XceiverServerRatis 3ec2f160-0b4e-4f80-b066-2acb28417227 at port 0
2019-07-16 14:17:52,617 INFO  impl.RaftServerProxy (RaftServerProxy.java:lambda$start$3(299)) - 3ec2f160-0b4e-4f80-b066-2acb28417227: start RPC server
2019-07-16 14:17:52,628 INFO  ozone.MiniOzoneClusterImpl (MiniOzoneClusterImpl.java:lambda$waitForClusterToBeReady$0(142)) - Waiting for cluster to be ready. Got 0 of 7 DN Heartbeats.
2019-07-16 14:17:52,728 INFO  ozoneimpl.OzoneContainer (OzoneContainer.java:start(186)) - Attempting to start container services.
2019-07-16 14:17:52,731 INFO  ozoneimpl.OzoneContainer (OzoneContainer.java:startContainerScrub(160)) - Background container scrubber has been disabled by hdds.containerscrub.enabled
2019-07-16 14:17:52,732 INFO  ratis.XceiverServerRatis (XceiverServerRatis.java:start(418)) - Starting XceiverServerRatis 8aa04794-bc4a-4b4c-9f61-07dcca8ee02e at port 0
2019-07-16 14:17:52,744 INFO  impl.RaftServerProxy (RaftServerProxy.java:lambda$start$3(299)) - 8aa04794-bc4a-4b4c-9f61-07dcca8ee02e: start RPC server
2019-07-16 14:17:52,774 INFO  server.GrpcService (GrpcService.java:startImpl(149)) - 3ec2f160-0b4e-4f80-b066-2acb28417227: GrpcService started, listening on 0.0.0.0/0.0.0.0:42718
2019-07-16 14:17:52,774 INFO  server.GrpcService (GrpcService.java:startImpl(149)) - 8aa04794-bc4a-4b4c-9f61-07dcca8ee02e: GrpcService started, listening on 0.0.0.0/0.0.0.0:45336
2019-07-16 14:17:52,775 INFO  ratis.XceiverServerRatis (XceiverServerRatis.java:start(428)) - XceiverServerRatis 3ec2f160-0b4e-4f80-b066-2acb28417227 is started using port 42718
2019-07-16 14:17:52,775 INFO  ratis.XceiverServerRatis (XceiverServerRatis.java:start(428)) - XceiverServerRatis 8aa04794-bc4a-4b4c-9f61-07dcca8ee02e is started using port 45336
2019-07-16 14:17:52,779 INFO  server.XceiverServerGrpc (XceiverServerGrpc.java:start(161)) - XceiverServerGrpc 8aa04794-bc4a-4b4c-9f61-07dcca8ee02e is started using port 44203
2019-07-16 14:17:52,779 INFO  server.XceiverServerGrpc (XceiverServerGrpc.java:start(161)) - XceiverServerGrpc 3ec2f160-0b4e-4f80-b066-2acb28417227 is started using port 36843
2019-07-16 14:17:52,885 INFO  ozoneimpl.OzoneContainer (OzoneContainer.java:start(186)) - Attempting to start container services.
2019-07-16 14:17:52,887 INFO  ozoneimpl.OzoneContainer (OzoneContainer.java:startContainerScrub(160)) - Background container scrubber has been disabled by hdds.containerscrub.enabled
2019-07-16 14:17:52,887 INFO  ratis.XceiverServerRatis (XceiverServerRatis.java:start(418)) - Starting XceiverServerRatis f8fbaaad-930e-4816-816b-7f6974359c03 at port 0
2019-07-16 14:17:52,898 INFO  impl.RaftServerProxy (RaftServerProxy.java:lambda$start$3(299)) - f8fbaaad-930e-4816-816b-7f6974359c03: start RPC server
2019-07-16 14:17:52,901 INFO  server.GrpcService (GrpcService.java:startImpl(149)) - f8fbaaad-930e-4816-816b-7f6974359c03: GrpcService started, listening on 0.0.0.0/0.0.0.0:42691
2019-07-16 14:17:52,901 INFO  ratis.XceiverServerRatis (XceiverServerRatis.java:start(428)) - XceiverServerRatis f8fbaaad-930e-4816-816b-7f6974359c03 is started using port 42691
2019-07-16 14:17:52,903 INFO  server.XceiverServerGrpc (XceiverServerGrpc.java:start(161)) - XceiverServerGrpc f8fbaaad-930e-4816-816b-7f6974359c03 is started using port 43932
2019-07-16 14:17:53,048 INFO  ozoneimpl.OzoneContainer (OzoneContainer.java:start(186)) - Attempting to start container services.
2019-07-16 14:17:53,058 INFO  ozoneimpl.OzoneContainer (OzoneContainer.java:startContainerScrub(160)) - Background container scrubber has been disabled by hdds.containerscrub.enabled
2019-07-16 14:17:53,059 INFO  ratis.XceiverServerRatis (XceiverServerRatis.java:start(418)) - Starting XceiverServerRatis 63509336-6971-468c-b5c2-a3327d3314a9 at port 0
2019-07-16 14:17:53,068 INFO  impl.RaftServerProxy (RaftServerProxy.java:lambda$start$3(299)) - 63509336-6971-468c-b5c2-a3327d3314a9: start RPC server
2019-07-16 14:17:53,071 INFO  server.GrpcService (GrpcService.java:startImpl(149)) - 63509336-6971-468c-b5c2-a3327d3314a9: GrpcService started, listening on 0.0.0.0/0.0.0.0:32802
2019-07-16 14:17:53,071 INFO  ratis.XceiverServerRatis (XceiverServerRatis.java:start(428)) - XceiverServerRatis 63509336-6971-468c-b5c2-a3327d3314a9 is started using port 32802
2019-07-16 14:17:53,074 INFO  server.XceiverServerGrpc (XceiverServerGrpc.java:start(161)) - XceiverServerGrpc 63509336-6971-468c-b5c2-a3327d3314a9 is started using port 45489
2019-07-16 14:17:53,215 INFO  ozoneimpl.OzoneContainer (OzoneContainer.java:start(186)) - Attempting to start container services.
2019-07-16 14:17:53,215 INFO  ozoneimpl.OzoneContainer (OzoneContainer.java:startContainerScrub(160)) - Background container scrubber has been disabled by hdds.containerscrub.enabled
2019-07-16 14:17:53,215 INFO  ratis.XceiverServerRatis (XceiverServerRatis.java:start(418)) - Starting XceiverServerRatis ba993f1d-0319-48bc-847d-c4a68c232f14 at port 0
2019-07-16 14:17:53,224 INFO  impl.RaftServerProxy (RaftServerProxy.java:lambda$start$3(299)) - ba993f1d-0319-48bc-847d-c4a68c232f14: start RPC server
2019-07-16 14:17:53,229 INFO  server.GrpcService (GrpcService.java:startImpl(149)) - ba993f1d-0319-48bc-847d-c4a68c232f14: GrpcService started, listening on 0.0.0.0/0.0.0.0:43510
2019-07-16 14:17:53,229 INFO  ratis.XceiverServerRatis (XceiverServerRatis.java:start(428)) - XceiverServerRatis ba993f1d-0319-48bc-847d-c4a68c232f14 is started using port 43510
2019-07-16 14:17:53,233 INFO  server.XceiverServerGrpc (XceiverServerGrpc.java:start(161)) - XceiverServerGrpc ba993f1d-0319-48bc-847d-c4a68c232f14 is started using port 40451
2019-07-16 14:17:53,361 INFO  ozoneimpl.OzoneContainer (OzoneContainer.java:start(186)) - Attempting to start container services.
2019-07-16 14:17:53,361 INFO  ozoneimpl.OzoneContainer (OzoneContainer.java:startContainerScrub(160)) - Background container scrubber has been disabled by hdds.containerscrub.enabled
2019-07-16 14:17:53,362 INFO  ratis.XceiverServerRatis (XceiverServerRatis.java:start(418)) - Starting XceiverServerRatis d0f4f310-adcf-472e-8d2e-24726e34e188 at port 0
2019-07-16 14:17:53,370 INFO  impl.RaftServerProxy (RaftServerProxy.java:lambda$start$3(299)) - d0f4f310-adcf-472e-8d2e-24726e34e188: start RPC server
2019-07-16 14:17:53,374 INFO  server.GrpcService (GrpcService.java:startImpl(149)) - d0f4f310-adcf-472e-8d2e-24726e34e188: GrpcService started, listening on 0.0.0.0/0.0.0.0:34826
2019-07-16 14:17:53,374 INFO  ratis.XceiverServerRatis (XceiverServerRatis.java:start(428)) - XceiverServerRatis d0f4f310-adcf-472e-8d2e-24726e34e188 is started using port 34826
2019-07-16 14:17:53,379 INFO  server.XceiverServerGrpc (XceiverServerGrpc.java:start(161)) - XceiverServerGrpc d0f4f310-adcf-472e-8d2e-24726e34e188 is started using port 40648
2019-07-16 14:17:53,629 INFO  ozone.MiniOzoneClusterImpl (MiniOzoneClusterImpl.java:lambda$waitForClusterToBeReady$0(142)) - Waiting for cluster to be ready. Got 0 of 7 DN Heartbeats.
2019-07-16 14:17:53,654 INFO  ozoneimpl.OzoneContainer (OzoneContainer.java:start(186)) - Attempting to start container services.
2019-07-16 14:17:53,654 INFO  ozoneimpl.OzoneContainer (OzoneContainer.java:startContainerScrub(160)) - Background container scrubber has been disabled by hdds.containerscrub.enabled
2019-07-16 14:17:53,654 INFO  ratis.XceiverServerRatis (XceiverServerRatis.java:start(418)) - Starting XceiverServerRatis d088cbd8-ab6e-4439-8614-2e769fa95619 at port 0
2019-07-16 14:17:53,662 INFO  impl.RaftServerProxy (RaftServerProxy.java:lambda$start$3(299)) - d088cbd8-ab6e-4439-8614-2e769fa95619: start RPC server
2019-07-16 14:17:53,667 INFO  server.GrpcService (GrpcService.java:startImpl(149)) - d088cbd8-ab6e-4439-8614-2e769fa95619: GrpcService started, listening on 0.0.0.0/0.0.0.0:45468
2019-07-16 14:17:53,667 INFO  ratis.XceiverServerRatis (XceiverServerRatis.java:start(428)) - XceiverServerRatis d088cbd8-ab6e-4439-8614-2e769fa95619 is started using port 45468
2019-07-16 14:17:53,671 INFO  server.XceiverServerGrpc (XceiverServerGrpc.java:start(161)) - XceiverServerGrpc d088cbd8-ab6e-4439-8614-2e769fa95619 is started using port 38768
2019-07-16 14:17:54,572 INFO  net.NetworkTopology (NetworkTopologyImpl.java:add(110)) - Added a new node: /default-rack/192.168.157.241
2019-07-16 14:17:54,573 INFO  node.SCMNodeManager (SCMNodeManager.java:register(269)) - Registered Data node : 3ec2f160-0b4e-4f80-b066-2acb28417227{ip: 192.168.157.241, host: trunk-nightly-gllmw-2332419065, networkLocation: /default-rack, certSerialId: null}
2019-07-16 14:17:54,579 INFO  safemode.SCMSafeModeManager (DataNodeSafeModeRule.java:process(71)) - SCM in safe mode. 1 DataNodes registered, 1 required.
2019-07-16 14:17:54,579 INFO  safemode.SCMSafeModeManager (SCMSafeModeManager.java:validateSafeModeExitRules(177)) - ScmSafeModeManager, all rules are successfully validated
2019-07-16 14:17:54,579 INFO  safemode.SCMSafeModeManager (SCMSafeModeManager.java:exitSafeMode(193)) - SCM exiting safe mode.
2019-07-16 14:17:54,630 INFO  ozone.MiniOzoneClusterImpl (MiniOzoneClusterImpl.java:lambda$waitForClusterToBeReady$0(142)) - Waiting for cluster to be ready. Got 1 of 7 DN Heartbeats.
2019-07-16 14:17:54,715 INFO  node.SCMNodeManager (SCMNodeManager.java:register(269)) - Registered Data node : 8aa04794-bc4a-4b4c-9f61-07dcca8ee02e{ip: 192.168.157.241, host: trunk-nightly-gllmw-2332419065, networkLocation: /default-rack, certSerialId: null}
2019-07-16 14:17:54,874 INFO  node.SCMNodeManager (SCMNodeManager.java:register(269)) - Registered Data node : f8fbaaad-930e-4816-816b-7f6974359c03{ip: 192.168.157.241, host: trunk-nightly-gllmw-2332419065, networkLocation: /default-rack, certSerialId: null}
2019-07-16 14:17:55,035 INFO  node.SCMNodeManager (SCMNodeManager.java:register(269)) - Registered Data node : 63509336-6971-468c-b5c2-a3327d3314a9{ip: 192.168.157.241, host: trunk-nightly-gllmw-2332419065, networkLocation: /default-rack, certSerialId: null}
2019-07-16 14:17:55,197 INFO  node.SCMNodeManager (SCMNodeManager.java:register(269)) - Registered Data node : ba993f1d-0319-48bc-847d-c4a68c232f14{ip: 192.168.157.241, host: trunk-nightly-gllmw-2332419065, networkLocation: /default-rack, certSerialId: null}
2019-07-16 14:17:55,215 INFO  impl.RaftServerProxy (RaftServerProxy.java:addNew(89)) - 3ec2f160-0b4e-4f80-b066-2acb28417227: addNew group-FB856FBC2F97:[3ec2f160-0b4e-4f80-b066-2acb28417227:192.168.157.241:42718] returns group-FB856FBC2F97:java.util.concurrent.CompletableFuture@b05cf65[Not completed]
2019-07-16 14:17:55,633 INFO  ozone.MiniOzoneClusterImpl (MiniOzoneClusterImpl.java:lambda$waitForClusterToBeReady$0(142)) - Waiting for cluster to be ready. Got 5 of 7 DN Heartbeats.
2019-07-16 14:17:55,635 INFO  node.SCMNodeManager (SCMNodeManager.java:register(269)) - Registered Data node : d0f4f310-adcf-472e-8d2e-24726e34e188{ip: 192.168.157.241, host: trunk-nightly-gllmw-2332419065, networkLocation: /default-rack, certSerialId: null}
2019-07-16 14:17:55,636 INFO  node.SCMNodeManager (SCMNodeManager.java:register(269)) - Registered Data node : d088cbd8-ab6e-4439-8614-2e769fa95619{ip: 192.168.157.241, host: trunk-nightly-gllmw-2332419065, networkLocation: /default-rack, certSerialId: null}
2019-07-16 14:17:55,640 INFO  impl.RaftServerImpl (RaftServerImpl.java:<init>(93)) - 3ec2f160-0b4e-4f80-b066-2acb28417227: new RaftServerImpl for group-FB856FBC2F97:[3ec2f160-0b4e-4f80-b066-2acb28417227:192.168.157.241:42718] with ContainerStateMachine:uninitialized
2019-07-16 14:17:55,641 INFO  server.RaftServerConfigKeys (ConfUtils.java:logGet(43)) - raft.server.rpc.timeout.min = 5s (custom)
2019-07-16 14:17:55,643 INFO  server.RaftServerConfigKeys (ConfUtils.java:logGet(43)) - raft.server.rpc.timeout.max = 5200ms (custom)
2019-07-16 14:17:55,643 INFO  server.RaftServerConfigKeys (ConfUtils.java:logGet(43)) - raft.server.rpcslowness.timeout = 120s (custom)
2019-07-16 14:17:55,644 INFO  server.RaftServerConfigKeys (ConfUtils.java:logGet(43)) - raft.server.sleep.deviation.threshold = 300 (default)
2019-07-16 14:17:55,645 INFO  server.RaftServerConfigKeys (ConfUtils.java:logGet(43)) - raft.server.log.appender.install.snapshot.enabled = false (custom)
2019-07-16 14:17:55,652 INFO  impl.RaftServerImpl (ServerState.java:<init>(105)) - 3ec2f160-0b4e-4f80-b066-2acb28417227:group-FB856FBC2F97 ConfigurationManager, init=-1: [3ec2f160-0b4e-4f80-b066-2acb28417227:192.168.157.241:42718], old=null, confs=<EMPTY_MAP>
2019-07-16 14:17:55,652 INFO  server.RaftServerConfigKeys (ConfUtils.java:logGet(43)) - raft.server.storage.dir = [/workdir/hadoop-ozone/integration-test/target/test-dir/MiniOzoneClusterImpl-356bc514-ab20-4970-9b1b-e867f6cf327d/datanode-0/data/ratis] (custom)
2019-07-16 14:17:55,659 INFO  storage.RaftStorageDirectory (RaftStorageDirectory.java:analyzeStorage(246)) - The storage directory /workdir/hadoop-ozone/integration-test/target/test-dir/MiniOzoneClusterImpl-356bc514-ab20-4970-9b1b-e867f6cf327d/datanode-0/data/ratis/219751a3-798a-4222-9ebb-fb856fbc2f97 does not exist. Creating ...
2019-07-16 14:17:55,675 INFO  storage.RaftStorageDirectory (RaftStorageDirectory.java:tryLock(328)) - Lock on /workdir/hadoop-ozone/integration-test/target/test-dir/MiniOzoneClusterImpl-356bc514-ab20-4970-9b1b-e867f6cf327d/datanode-0/data/ratis/219751a3-798a-4222-9ebb-fb856fbc2f97/in_use.lock acquired by nodename 20198@trunk-nightly-gllmw-2332419065
2019-07-16 14:17:55,690 INFO  storage.RaftStorage (RaftStorage.java:format(72)) - Storage directory /workdir/hadoop-ozone/integration-test/target/test-dir/MiniOzoneClusterImpl-356bc514-ab20-4970-9b1b-e867f6cf327d/datanode-0/data/ratis/219751a3-798a-4222-9ebb-fb856fbc2f97 has been successfully formatted.
2019-07-16 14:17:55,692 INFO  ratis.ContainerStateMachine (ContainerStateMachine.java:loadSnapshot(200)) - group-FB856FBC2F97: The snapshot info is null. Setting the last applied indexto:(t:0, i:~)
2019-07-16 14:17:55,692 INFO  server.RaftServerConfigKeys (ConfUtils.java:logGet(43)) - raft.server.leader.election.timeout = 120s (custom)
2019-07-16 14:17:55,694 INFO  server.RaftServerConfigKeys (ConfUtils.java:logGet(43)) - raft.server.log.use.memory = false (default)
2019-07-16 14:17:55,698 INFO  server.RaftServerConfigKeys (ConfUtils.java:logGet(43)) - raft.server.log.purge.gap = 1000000000 (custom)
2019-07-16 14:17:55,698 INFO  server.RaftServerConfigKeys (ConfUtils.java:logGet(43)) - raft.server.log.appender.buffer.byte-limit = 33554432 (custom)
2019-07-16 14:17:55,700 INFO  server.RaftServerConfigKeys (ConfUtils.java:logGet(43)) - raft.server.log.segment.size.max = 1048576 (custom)
2019-07-16 14:17:55,704 INFO  server.RaftServerConfigKeys (ConfUtils.java:logGet(43)) - raft.server.log.segment.cache.num.max = 2 (custom)
2019-07-16 14:17:55,709 INFO  segmented.SegmentedRaftLogWorker (SegmentedRaftLogWorker.java:<init>(172)) - new 3ec2f160-0b4e-4f80-b066-2acb28417227-SegmentedRaftLogWorker:Storage Directory /workdir/hadoop-ozone/integration-test/target/test-dir/MiniOzoneClusterImpl-356bc514-ab20-4970-9b1b-e867f6cf327d/datanode-0/data/ratis/219751a3-798a-4222-9ebb-fb856fbc2f97 for RaftStorage:Storage Directory /workdir/hadoop-ozone/integration-test/target/test-dir/MiniOzoneClusterImpl-356bc514-ab20-4970-9b1b-e867f6cf327d/datanode-0/data/ratis/219751a3-798a-4222-9ebb-fb856fbc2f97
2019-07-16 14:17:55,720 INFO  server.RaftServerConfigKeys (ConfUtils.java:logGet(43)) - raft.server.log.queue.byte-limit = 2147483647 (custom)
2019-07-16 14:17:55,721 INFO  server.RaftServerConfigKeys (ConfUtils.java:logGet(43)) - raft.server.log.queue.element-limit = 1024 (custom)
2019-07-16 14:17:55,725 INFO  server.RaftServerConfigKeys (ConfUtils.java:logGet(43)) - raft.server.log.segment.size.max = 1048576 (custom)
2019-07-16 14:17:55,725 INFO  server.RaftServerConfigKeys (ConfUtils.java:logGet(43)) - raft.server.log.preallocated.size = 16384 (custom)
2019-07-16 14:17:55,726 INFO  server.RaftServerConfigKeys (ConfUtils.java:logGet(43)) - raft.server.log.write.buffer.size = 33554432 (custom)
2019-07-16 14:17:55,726 INFO  server.RaftServerConfigKeys (ConfUtils.java:logGet(43)) - raft.server.log.force.sync.num = 128 (default)
2019-07-16 14:17:55,727 INFO  server.RaftServerConfigKeys (ConfUtils.java:logGet(43)) - raft.server.log.statemachine.data.sync = true (default)
2019-07-16 14:17:55,727 INFO  server.RaftServerConfigKeys (ConfUtils.java:logGet(43)) - raft.server.log.statemachine.data.sync.timeout = 10s (default)
2019-07-16 14:17:55,728 INFO  server.RaftServerConfigKeys (ConfUtils.java:logGet(43)) - raft.server.log.statemachine.data.sync.timeout.retry = -1 (default)
2019-07-16 14:17:55,735 INFO  server.RaftServerConfigKeys (ConfUtils.java:logGet(43)) - raft.server.log.statemachine.data.caching.enabled = true (custom)
2019-07-16 14:17:55,740 INFO  segmented.SegmentedRaftLogWorker (SegmentedRaftLogWorker.java:lambda$new$0(132)) - 3ec2f160-0b4e-4f80-b066-2acb28417227-SegmentedRaftLogWorker:Storage Directory /workdir/hadoop-ozone/integration-test/target/test-dir/MiniOzoneClusterImpl-356bc514-ab20-4970-9b1b-e867f6cf327d/datanode-0/data/ratis/219751a3-798a-4222-9ebb-fb856fbc2f97: flushIndex: setUnconditionally 0 -> -1
2019-07-16 14:17:55,743 INFO  server.RaftServerConfigKeys (ConfUtils.java:logGet(43)) - raft.server.snapshot.auto.trigger.enabled = true (custom)
2019-07-16 14:17:55,744 INFO  server.RaftServerConfigKeys (ConfUtils.java:logGet(43)) - raft.server.snapshot.auto.trigger.threshold = 10000 (custom)
2019-07-16 14:17:55,744 INFO  server.RaftServerConfigKeys (ConfUtils.java:logGet(43)) - raft.server.retrycache.expirytime = 600000ms (custom)
2019-07-16 14:17:55,764 INFO  impl.RaftServerImpl (RaftServerImpl.java:start(180)) - 3ec2f160-0b4e-4f80-b066-2acb28417227: start group-FB856FBC2F97
2019-07-16 14:17:55,765 INFO  impl.RaftServerImpl (RaftServerImpl.java:setRole(171)) - 3ec2f160-0b4e-4f80-b066-2acb28417227:group-FB856FBC2F97 changes role from null to FOLLOWER at term 0 for startAsFollower
2019-07-16 14:17:55,766 INFO  impl.RoleInfo (RoleInfo.java:updateAndGet(143)) - 3ec2f160-0b4e-4f80-b066-2acb28417227: start FollowerState
2019-07-16 14:17:55,767 INFO  util.JmxRegister (JmxRegister.java:tryRegister(44)) - Successfully registered JMX Bean with object name Ratis:service=RaftServer,group=group-FB856FBC2F97,id=3ec2f160-0b4e-4f80-b066-2acb28417227
2019-07-16 14:17:55,836 INFO  pipeline.PipelineStateManager (PipelineStateManager.java:addPipeline(56)) - Created pipeline Pipeline[ Id: 219751a3-798a-4222-9ebb-fb856fbc2f97, Nodes: 3ec2f160-0b4e-4f80-b066-2acb28417227{ip: 192.168.157.241, host: trunk-nightly-gllmw-2332419065, networkLocation: /default-rack, certSerialId: null}, Type:RATIS, Factor:ONE, State:OPEN]
2019-07-16 14:17:55,869 INFO  impl.RaftServerProxy (RaftServerProxy.java:addNew(89)) - 63509336-6971-468c-b5c2-a3327d3314a9: addNew group-EC9BABE17AFA:[63509336-6971-468c-b5c2-a3327d3314a9:192.168.157.241:32802] returns group-EC9BABE17AFA:java.util.concurrent.CompletableFuture@4a671980[Not completed]
2019-07-16 14:17:55,933 INFO  impl.RaftServerImpl (RaftServerImpl.java:<init>(93)) - 63509336-6971-468c-b5c2-a3327d3314a9: new RaftServerImpl for group-EC9BABE17AFA:[63509336-6971-468c-b5c2-a3327d3314a9:192.168.157.241:32802] with ContainerStateMachine:uninitialized
2019-07-16 14:17:55,935 INFO  server.RaftServerConfigKeys (ConfUtils.java:logGet(43)) - raft.server.rpc.timeout.min = 5s (custom)
2019-07-16 14:17:55,935 INFO  server.RaftServerConfigKeys (ConfUtils.java:logGet(43)) - raft.server.rpc.timeout.max = 5200ms (custom)
2019-07-16 14:17:55,936 INFO  server.RaftServerConfigKeys (ConfUtils.java:logGet(43)) - raft.server.rpcslowness.timeout = 120s (custom)
2019-07-16 14:17:55,936 INFO  server.RaftServerConfigKeys (ConfUtils.java:logGet(43)) - raft.server.sleep.deviation.threshold = 300 (default)
2019-07-16 14:17:55,936 INFO  server.RaftServerConfigKeys (ConfUtils.java:logGet(43)) - raft.server.log.appender.install.snapshot.enabled = false (custom)
2019-07-16 14:17:55,936 INFO  impl.RaftServerImpl (ServerState.java:<init>(105)) - 63509336-6971-468c-b5c2-a3327d3314a9:group-EC9BABE17AFA ConfigurationManager, init=-1: [63509336-6971-468c-b5c2-a3327d3314a9:192.168.157.241:32802], old=null, confs=<EMPTY_MAP>
2019-07-16 14:17:55,937 INFO  server.RaftServerConfigKeys (ConfUtils.java:logGet(43)) - raft.server.storage.dir = [/workdir/hadoop-ozone/integration-test/target/test-dir/MiniOzoneClusterImpl-356bc514-ab20-4970-9b1b-e867f6cf327d/datanode-3/data/ratis] (custom)
2019-07-16 14:17:55,937 INFO  storage.RaftStorageDirectory (RaftStorageDirectory.java:analyzeStorage(246)) - The storage directory /workdir/hadoop-ozone/integration-test/target/test-dir/MiniOzoneClusterImpl-356bc514-ab20-4970-9b1b-e867f6cf327d/datanode-3/data/ratis/3928fd70-765f-4e40-a2eb-ec9babe17afa does not exist. Creating ...
2019-07-16 14:17:55,955 INFO  storage.RaftStorageDirectory (RaftStorageDirectory.java:tryLock(328)) - Lock on /workdir/hadoop-ozone/integration-test/target/test-dir/MiniOzoneClusterImpl-356bc514-ab20-4970-9b1b-e867f6cf327d/datanode-3/data/ratis/3928fd70-765f-4e40-a2eb-ec9babe17afa/in_use.lock acquired by nodename 20198@trunk-nightly-gllmw-2332419065
2019-07-16 14:17:55,968 INFO  storage.RaftStorage (RaftStorage.java:format(72)) - Storage directory /workdir/hadoop-ozone/integration-test/target/test-dir/MiniOzoneClusterImpl-356bc514-ab20-4970-9b1b-e867f6cf327d/datanode-3/data/ratis/3928fd70-765f-4e40-a2eb-ec9babe17afa has been successfully formatted.
2019-07-16 14:17:55,970 INFO  ratis.ContainerStateMachine (ContainerStateMachine.java:loadSnapshot(200)) - group-EC9BABE17AFA: The snapshot info is null. Setting the last applied indexto:(t:0, i:~)
2019-07-16 14:17:55,972 INFO  server.RaftServerConfigKeys (ConfUtils.java:logGet(43)) - raft.server.leader.election.timeout = 120s (custom)
2019-07-16 14:17:55,972 INFO  server.RaftServerConfigKeys (ConfUtils.java:logGet(43)) - raft.server.log.use.memory = false (default)
2019-07-16 14:17:55,972 INFO  server.RaftServerConfigKeys (ConfUtils.java:logGet(43)) - raft.server.log.purge.gap = 1000000000 (custom)
2019-07-16 14:17:55,972 INFO  server.RaftServerConfigKeys (ConfUtils.java:logGet(43)) - raft.server.log.appender.buffer.byte-limit = 33554432 (custom)
2019-07-16 14:17:55,972 INFO  server.RaftServerConfigKeys (ConfUtils.java:logGet(43)) - raft.server.log.segment.size.max = 1048576 (custom)
2019-07-16 14:17:55,973 INFO  server.RaftServerConfigKeys (ConfUtils.java:logGet(43)) - raft.server.log.segment.cache.num.max = 2 (custom)
2019-07-16 14:17:55,973 INFO  segmented.SegmentedRaftLogWorker (SegmentedRaftLogWorker.java:<init>(172)) - new 63509336-6971-468c-b5c2-a3327d3314a9-SegmentedRaftLogWorker:Storage Directory /workdir/hadoop-ozone/integration-test/target/test-dir/MiniOzoneClusterImpl-356bc514-ab20-4970-9b1b-e867f6cf327d/datanode-3/data/ratis/3928fd70-765f-4e40-a2eb-ec9babe17afa for RaftStorage:Storage Directory /workdir/hadoop-ozone/integration-test/target/test-dir/MiniOzoneClusterImpl-356bc514-ab20-4970-9b1b-e867f6cf327d/datanode-3/data/ratis/3928fd70-765f-4e40-a2eb-ec9babe17afa
2019-07-16 14:17:55,975 INFO  server.RaftServerConfigKeys (ConfUtils.java:logGet(43)) - raft.server.log.queue.byte-limit = 2147483647 (custom)
2019-07-16 14:17:55,975 INFO  server.RaftServerConfigKeys (ConfUtils.java:logGet(43)) - raft.server.log.queue.element-limit = 1024 (custom)
2019-07-16 14:17:55,975 INFO  server.RaftServerConfigKeys (ConfUtils.java:logGet(43)) - raft.server.log.segment.size.max = 1048576 (custom)
2019-07-16 14:17:55,975 INFO  server.RaftServerConfigKeys (ConfUtils.java:logGet(43)) - raft.server.log.preallocated.size = 16384 (custom)
2019-07-16 14:17:55,976 INFO  server.RaftServerConfigKeys (ConfUtils.java:logGet(43)) - raft.server.log.write.buffer.size = 33554432 (custom)
2019-07-16 14:17:55,976 INFO  server.RaftServerConfigKeys (ConfUtils.java:logGet(43)) - raft.server.log.force.sync.num = 128 (default)
2019-07-16 14:17:55,976 INFO  server.RaftServerConfigKeys (ConfUtils.java:logGet(43)) - raft.server.log.statemachine.data.sync = true (default)
2019-07-16 14:17:55,976 INFO  server.RaftServerConfigKeys (ConfUtils.java:logGet(43)) - raft.server.log.statemachine.data.sync.timeout = 10s (default)
2019-07-16 14:17:55,976 INFO  server.RaftServerConfigKeys (ConfUtils.java:logGet(43)) - raft.server.log.statemachine.data.sync.timeout.retry = -1 (default)
2019-07-16 14:17:55,977 INFO  server.RaftServerConfigKeys (ConfUtils.java:logGet(43)) - raft.server.log.statemachine.data.caching.enabled = true (custom)
2019-07-16 14:17:55,977 INFO  segmented.SegmentedRaftLogWorker (SegmentedRaftLogWorker.java:lambda$new$0(132)) - 63509336-6971-468c-b5c2-a3327d3314a9-SegmentedRaftLogWorker:Storage Directory /workdir/hadoop-ozone/integration-test/target/test-dir/MiniOzoneClusterImpl-356bc514-ab20-4970-9b1b-e867f6cf327d/datanode-3/data/ratis/3928fd70-765f-4e40-a2eb-ec9babe17afa: flushIndex: setUnconditionally 0 -> -1
2019-07-16 14:17:55,977 INFO  server.RaftServerConfigKeys (ConfUtils.java:logGet(43)) - raft.server.snapshot.auto.trigger.enabled = true (custom)
2019-07-16 14:17:55,978 INFO  server.RaftServerConfigKeys (ConfUtils.java:logGet(43)) - raft.server.snapshot.auto.trigger.threshold = 10000 (custom)
2019-07-16 14:17:55,978 INFO  server.RaftServerConfigKeys (ConfUtils.java:logGet(43)) - raft.server.retrycache.expirytime = 600000ms (custom)
2019-07-16 14:17:55,978 INFO  impl.RaftServerImpl (RaftServerImpl.java:start(180)) - 63509336-6971-468c-b5c2-a3327d3314a9: start group-EC9BABE17AFA
2019-07-16 14:17:55,978 INFO  impl.RaftServerImpl (RaftServerImpl.java:setRole(171)) - 63509336-6971-468c-b5c2-a3327d3314a9:group-EC9BABE17AFA changes role from null to FOLLOWER at term 0 for startAsFollower
2019-07-16 14:17:55,978 INFO  impl.RoleInfo (RoleInfo.java:updateAndGet(143)) - 63509336-6971-468c-b5c2-a3327d3314a9: start FollowerState
2019-07-16 14:17:55,980 INFO  util.JmxRegister (JmxRegister.java:tryRegister(44)) - Successfully registered JMX Bean with object name Ratis:service=RaftServer,group=group-EC9BABE17AFA,id=63509336-6971-468c-b5c2-a3327d3314a9
2019-07-16 14:17:55,998 INFO  pipeline.PipelineStateManager (PipelineStateManager.java:addPipeline(56)) - Created pipeline Pipeline[ Id: 3928fd70-765f-4e40-a2eb-ec9babe17afa, Nodes: 63509336-6971-468c-b5c2-a3327d3314a9{ip: 192.168.157.241, host: trunk-nightly-gllmw-2332419065, networkLocation: /default-rack, certSerialId: null}, Type:RATIS, Factor:ONE, State:OPEN]
2019-07-16 14:17:56,024 INFO  impl.RaftServerProxy (RaftServerProxy.java:addNew(89)) - d0f4f310-adcf-472e-8d2e-24726e34e188: addNew group-FD4DEA209490:[d0f4f310-adcf-472e-8d2e-24726e34e188:192.168.157.241:34826] returns group-FD4DEA209490:java.util.concurrent.CompletableFuture@7438cb8b[Not completed]
2019-07-16 14:17:56,034 INFO  impl.RaftServerImpl (RaftServerImpl.java:<init>(93)) - d0f4f310-adcf-472e-8d2e-24726e34e188: new RaftServerImpl for group-FD4DEA209490:[d0f4f310-adcf-472e-8d2e-24726e34e188:192.168.157.241:34826] with ContainerStateMachine:uninitialized
2019-07-16 14:17:56,034 INFO  server.RaftServerConfigKeys (ConfUtils.java:logGet(43)) - raft.server.rpc.timeout.min = 5s (custom)
2019-07-16 14:17:56,034 INFO  server.RaftServerConfigKeys (ConfUtils.java:logGet(43)) - raft.server.rpc.timeout.max = 5200ms (custom)
2019-07-16 14:17:56,034 INFO  server.RaftServerConfigKeys (ConfUtils.java:logGet(43)) - raft.server.rpcslowness.timeout = 120s (custom)
2019-07-16 14:17:56,034 INFO  server.RaftServerConfigKeys (ConfUtils.java:logGet(43)) - raft.server.sleep.deviation.threshold = 300 (default)
2019-07-16 14:17:56,034 INFO  server.RaftServerConfigKeys (ConfUtils.java:logGet(43)) - raft.server.log.appender.install.snapshot.enabled = false (custom)
2019-07-16 14:17:56,035 INFO  impl.RaftServerImpl (ServerState.java:<init>(105)) - d0f4f310-adcf-472e-8d2e-24726e34e188:group-FD4DEA209490 ConfigurationManager, init=-1: [d0f4f310-adcf-472e-8d2e-24726e34e188:192.168.157.241:34826], old=null, confs=<EMPTY_MAP>
2019-07-16 14:17:56,035 INFO  server.RaftServerConfigKeys (ConfUtils.java:logGet(43)) - raft.server.storage.dir = [/workdir/hadoop-ozone/integration-test/target/test-dir/MiniOzoneClusterImpl-356bc514-ab20-4970-9b1b-e867f6cf327d/datanode-5/data/ratis] (custom)
2019-07-16 14:17:56,035 INFO  storage.RaftStorageDirectory (RaftStorageDirectory.java:analyzeStorage(246)) - The storage directory /workdir/hadoop-ozone/integration-test/target/test-dir/MiniOzoneClusterImpl-356bc514-ab20-4970-9b1b-e867f6cf327d/datanode-5/data/ratis/5de6586d-ffec-4efd-9f88-fd4dea209490 does not exist. Creating ...
2019-07-16 14:17:56,048 INFO  storage.RaftStorageDirectory (RaftStorageDirectory.java:tryLock(328)) - Lock on /workdir/hadoop-ozone/integration-test/target/test-dir/MiniOzoneClusterImpl-356bc514-ab20-4970-9b1b-e867f6cf327d/datanode-5/data/ratis/5de6586d-ffec-4efd-9f88-fd4dea209490/in_use.lock acquired by nodename 20198@trunk-nightly-gllmw-2332419065
2019-07-16 14:17:56,061 INFO  storage.RaftStorage (RaftStorage.java:format(72)) - Storage directory /workdir/hadoop-ozone/integration-test/target/test-dir/MiniOzoneClusterImpl-356bc514-ab20-4970-9b1b-e867f6cf327d/datanode-5/data/ratis/5de6586d-ffec-4efd-9f88-fd4dea209490 has been successfully formatted.
2019-07-16 14:17:56,061 INFO  ratis.ContainerStateMachine (ContainerStateMachine.java:loadSnapshot(200)) - group-FD4DEA209490: The snapshot info is null. Setting the last applied indexto:(t:0, i:~)
2019-07-16 14:17:56,061 INFO  server.RaftServerConfigKeys (ConfUtils.java:logGet(43)) - raft.server.leader.election.timeout = 120s (custom)
2019-07-16 14:17:56,061 INFO  server.RaftServerConfigKeys (ConfUtils.java:logGet(43)) - raft.server.log.use.memory = false (default)
2019-07-16 14:17:56,062 INFO  server.RaftServerConfigKeys (ConfUtils.java:logGet(43)) - raft.server.log.purge.gap = 1000000000 (custom)
2019-07-16 14:17:56,062 INFO  server.RaftServerConfigKeys (ConfUtils.java:logGet(43)) - raft.server.log.appender.buffer.byte-limit = 33554432 (custom)
2019-07-16 14:17:56,062 INFO  server.RaftServerConfigKeys (ConfUtils.java:logGet(43)) - raft.server.log.segment.size.max = 1048576 (custom)
2019-07-16 14:17:56,062 INFO  server.RaftServerConfigKeys (ConfUtils.java:logGet(43)) - raft.server.log.segment.cache.num.max = 2 (custom)
2019-07-16 14:17:56,062 INFO  segmented.SegmentedRaftLogWorker (SegmentedRaftLogWorker.java:<init>(172)) - new d0f4f310-adcf-472e-8d2e-24726e34e188-SegmentedRaftLogWorker:Storage Directory /workdir/hadoop-ozone/integration-test/target/test-dir/MiniOzoneClusterImpl-356bc514-ab20-4970-9b1b-e867f6cf327d/datanode-5/data/ratis/5de6586d-ffec-4efd-9f88-fd4dea209490 for RaftStorage:Storage Directory /workdir/hadoop-ozone/integration-test/target/test-dir/MiniOzoneClusterImpl-356bc514-ab20-4970-9b1b-e867f6cf327d/datanode-5/data/ratis/5de6586d-ffec-4efd-9f88-fd4dea209490
2019-07-16 14:17:56,062 INFO  server.RaftServerConfigKeys (ConfUtils.java:logGet(43)) - raft.server.log.queue.byte-limit = 2147483647 (custom)
2019-07-16 14:17:56,062 INFO  server.RaftServerConfigKeys (ConfUtils.java:logGet(43)) - raft.server.log.queue.element-limit = 1024 (custom)
2019-07-16 14:17:56,063 INFO  server.RaftServerConfigKeys (ConfUtils.java:logGet(43)) - raft.server.log.segment.size.max = 1048576 (custom)
2019-07-16 14:17:56,063 INFO  server.RaftServerConfigKeys (ConfUtils.java:logGet(43)) - raft.server.log.preallocated.size = 16384 (custom)
2019-07-16 14:17:56,063 INFO  server.RaftServerConfigKeys (ConfUtils.java:logGet(43)) - raft.server.log.write.buffer.size = 33554432 (custom)
2019-07-16 14:17:56,063 INFO  server.RaftServerConfigKeys (ConfUtils.java:logGet(43)) - raft.server.log.force.sync.num = 128 (default)
2019-07-16 14:17:56,063 INFO  server.RaftServerConfigKeys (ConfUtils.java:logGet(43)) - raft.server.log.statemachine.data.sync = true (default)
2019-07-16 14:17:56,064 INFO  server.RaftServerConfigKeys (ConfUtils.java:logGet(43)) - raft.server.log.statemachine.data.sync.timeout = 10s (default)
2019-07-16 14:17:56,064 INFO  server.RaftServerConfigKeys (ConfUtils.java:logGet(43)) - raft.server.log.statemachine.data.sync.timeout.retry = -1 (default)
2019-07-16 14:17:56,064 INFO  server.RaftServerConfigKeys (ConfUtils.java:logGet(43)) - raft.server.log.statemachine.data.caching.enabled = true (custom)
2019-07-16 14:17:56,064 INFO  segmented.SegmentedRaftLogWorker (SegmentedRaftLogWorker.java:lambda$new$0(132)) - d0f4f310-adcf-472e-8d2e-24726e34e188-SegmentedRaftLogWorker:Storage Directory /workdir/hadoop-ozone/integration-test/target/test-dir/MiniOzoneClusterImpl-356bc514-ab20-4970-9b1b-e867f6cf327d/datanode-5/data/ratis/5de6586d-ffec-4efd-9f88-fd4dea209490: flushIndex: setUnconditionally 0 -> -1
2019-07-16 14:17:56,065 INFO  server.RaftServerConfigKeys (ConfUtils.java:logGet(43)) - raft.server.snapshot.auto.trigger.enabled = true (custom)
2019-07-16 14:17:56,065 INFO  server.RaftServerConfigKeys (ConfUtils.java:logGet(43)) - raft.server.snapshot.auto.trigger.threshold = 10000 (custom)
2019-07-16 14:17:56,065 INFO  server.RaftServerConfigKeys (ConfUtils.java:logGet(43)) - raft.server.retrycache.expirytime = 600000ms (custom)
2019-07-16 14:17:56,065 INFO  impl.RaftServerImpl (RaftServerImpl.java:start(180)) - d0f4f310-adcf-472e-8d2e-24726e34e188: start group-FD4DEA209490
2019-07-16 14:17:56,066 INFO  impl.RaftServerImpl (RaftServerImpl.java:setRole(171)) - d0f4f310-adcf-472e-8d2e-24726e34e188:group-FD4DEA209490 changes role from null to FOLLOWER at term 0 for startAsFollower
2019-07-16 14:17:56,066 INFO  impl.RoleInfo (RoleInfo.java:updateAndGet(143)) - d0f4f310-adcf-472e-8d2e-24726e34e188: start FollowerState
2019-07-16 14:17:56,066 INFO  util.JmxRegister (JmxRegister.java:tryRegister(44)) - Successfully registered JMX Bean with object name Ratis:service=RaftServer,group=group-FD4DEA209490,id=d0f4f310-adcf-472e-8d2e-24726e34e188
2019-07-16 14:17:56,080 INFO  pipeline.PipelineStateManager (PipelineStateManager.java:addPipeline(56)) - Created pipeline Pipeline[ Id: 5de6586d-ffec-4efd-9f88-fd4dea209490, Nodes: d0f4f310-adcf-472e-8d2e-24726e34e188{ip: 192.168.157.241, host: trunk-nightly-gllmw-2332419065, networkLocation: /default-rack, certSerialId: null}, Type:RATIS, Factor:ONE, State:OPEN]
2019-07-16 14:17:56,104 INFO  impl.RaftServerProxy (RaftServerProxy.java:addNew(89)) - d088cbd8-ab6e-4439-8614-2e769fa95619: addNew group-B062B70C8B9A:[d088cbd8-ab6e-4439-8614-2e769fa95619:192.168.157.241:45468] returns group-B062B70C8B9A:java.util.concurrent.CompletableFuture@13c3edf[Not completed]
2019-07-16 14:17:56,105 INFO  impl.RaftServerImpl (RaftServerImpl.java:<init>(93)) - d088cbd8-ab6e-4439-8614-2e769fa95619: new RaftServerImpl for group-B062B70C8B9A:[d088cbd8-ab6e-4439-8614-2e769fa95619:192.168.157.241:45468] with ContainerStateMachine:uninitialized
2019-07-16 14:17:56,105 INFO  server.RaftServerConfigKeys (ConfUtils.java:logGet(43)) - raft.server.rpc.timeout.min = 5s (custom)
2019-07-16 14:17:56,105 INFO  server.RaftServerConfigKeys (ConfUtils.java:logGet(43)) - raft.server.rpc.timeout.max = 5200ms (custom)
2019-07-16 14:17:56,105 INFO  server.RaftServerConfigKeys (ConfUtils.java:logGet(43)) - raft.server.rpcslowness.timeout = 120s (custom)
2019-07-16 14:17:56,106 INFO  server.RaftServerConfigKeys (ConfUtils.java:logGet(43)) - raft.server.sleep.deviation.threshold = 300 (default)
2019-07-16 14:17:56,106 INFO  server.RaftServerConfigKeys (ConfUtils.java:logGet(43)) - raft.server.log.appender.install.snapshot.enabled = false (custom)
2019-07-16 14:17:56,106 INFO  impl.RaftServerImpl (ServerState.java:<init>(105)) - d088cbd8-ab6e-4439-8614-2e769fa95619:group-B062B70C8B9A ConfigurationManager, init=-1: [d088cbd8-ab6e-4439-8614-2e769fa95619:192.168.157.241:45468], old=null, confs=<EMPTY_MAP>
2019-07-16 14:17:56,106 INFO  server.RaftServerConfigKeys (ConfUtils.java:logGet(43)) - raft.server.storage.dir = [/workdir/hadoop-ozone/integration-test/target/test-dir/MiniOzoneClusterImpl-356bc514-ab20-4970-9b1b-e867f6cf327d/datanode-6/data/ratis] (custom)
2019-07-16 14:17:56,106 INFO  storage.RaftStorageDirectory (RaftStorageDirectory.java:analyzeStorage(246)) - The storage directory /workdir/hadoop-ozone/integration-test/target/test-dir/MiniOzoneClusterImpl-356bc514-ab20-4970-9b1b-e867f6cf327d/datanode-6/data/ratis/869864e2-438c-40e5-8081-b062b70c8b9a does not exist. Creating ...
2019-07-16 14:17:56,119 INFO  storage.RaftStorageDirectory (RaftStorageDirectory.java:tryLock(328)) - Lock on /workdir/hadoop-ozone/integration-test/target/test-dir/MiniOzoneClusterImpl-356bc514-ab20-4970-9b1b-e867f6cf327d/datanode-6/data/ratis/869864e2-438c-40e5-8081-b062b70c8b9a/in_use.lock acquired by nodename 20198@trunk-nightly-gllmw-2332419065
2019-07-16 14:17:56,133 INFO  storage.RaftStorage (RaftStorage.java:format(72)) - Storage directory /workdir/hadoop-ozone/integration-test/target/test-dir/MiniOzoneClusterImpl-356bc514-ab20-4970-9b1b-e867f6cf327d/datanode-6/data/ratis/869864e2-438c-40e5-8081-b062b70c8b9a has been successfully formatted.
2019-07-16 14:17:56,133 INFO  ratis.ContainerStateMachine (ContainerStateMachine.java:loadSnapshot(200)) - group-B062B70C8B9A: The snapshot info is null. Setting the last applied indexto:(t:0, i:~)
2019-07-16 14:17:56,133 INFO  server.RaftServerConfigKeys (ConfUtils.java:logGet(43)) - raft.server.leader.election.timeout = 120s (custom)
2019-07-16 14:17:56,133 INFO  server.RaftServerConfigKeys (ConfUtils.java:logGet(43)) - raft.server.log.use.memory = false (default)
2019-07-16 14:17:56,133 INFO  server.RaftServerConfigKeys (ConfUtils.java:logGet(43)) - raft.server.log.purge.gap = 1000000000 (custom)
2019-07-16 14:17:56,134 INFO  server.RaftServerConfigKeys (ConfUtils.java:logGet(43)) - raft.server.log.appender.buffer.byte-limit = 33554432 (custom)
2019-07-16 14:17:56,134 INFO  server.RaftServerConfigKeys (ConfUtils.java:logGet(43)) - raft.server.log.segment.size.max = 1048576 (custom)
2019-07-16 14:17:56,134 INFO  server.RaftServerConfigKeys (ConfUtils.java:logGet(43)) - raft.server.log.segment.cache.num.max = 2 (custom)
2019-07-16 14:17:56,134 INFO  segmented.SegmentedRaftLogWorker (SegmentedRaftLogWorker.java:<init>(172)) - new d088cbd8-ab6e-4439-8614-2e769fa95619-SegmentedRaftLogWorker:Storage Directory /workdir/hadoop-ozone/integration-test/target/test-dir/MiniOzoneClusterImpl-356bc514-ab20-4970-9b1b-e867f6cf327d/datanode-6/data/ratis/869864e2-438c-40e5-8081-b062b70c8b9a for RaftStorage:Storage Directory /workdir/hadoop-ozone/integration-test/target/test-dir/MiniOzoneClusterImpl-356bc514-ab20-4970-9b1b-e867f6cf327d/datanode-6/data/ratis/869864e2-438c-40e5-8081-b062b70c8b9a
2019-07-16 14:17:56,134 INFO  server.RaftServerConfigKeys (ConfUtils.java:logGet(43)) - raft.server.log.queue.byte-limit = 2147483647 (custom)
2019-07-16 14:17:56,134 INFO  server.RaftServerConfigKeys (ConfUtils.java:logGet(43)) - raft.server.log.queue.element-limit = 1024 (custom)
2019-07-16 14:17:56,135 INFO  server.RaftServerConfigKeys (ConfUtils.java:logGet(43)) - raft.server.log.segment.size.max = 1048576 (custom)
2019-07-16 14:17:56,135 INFO  server.RaftServerConfigKeys (ConfUtils.java:logGet(43)) - raft.server.log.preallocated.size = 16384 (custom)
2019-07-16 14:17:56,135 INFO  server.RaftServerConfigKeys (ConfUtils.java:logGet(43)) - raft.server.log.write.buffer.size = 33554432 (custom)
2019-07-16 14:17:56,135 INFO  server.RaftServerConfigKeys (ConfUtils.java:logGet(43)) - raft.server.log.force.sync.num = 128 (default)
2019-07-16 14:17:56,135 INFO  server.RaftServerConfigKeys (ConfUtils.java:logGet(43)) - raft.server.log.statemachine.data.sync = true (default)
2019-07-16 14:17:56,135 INFO  server.RaftServerConfigKeys (ConfUtils.java:logGet(43)) - raft.server.log.statemachine.data.sync.timeout = 10s (default)
2019-07-16 14:17:56,136 INFO  server.RaftServerConfigKeys (ConfUtils.java:logGet(43)) - raft.server.log.statemachine.data.sync.timeout.retry = -1 (default)
2019-07-16 14:17:56,136 INFO  server.RaftServerConfigKeys (ConfUtils.java:logGet(43)) - raft.server.log.statemachine.data.caching.enabled = true (custom)
2019-07-16 14:17:56,136 INFO  segmented.SegmentedRaftLogWorker (SegmentedRaftLogWorker.java:lambda$new$0(132)) - d088cbd8-ab6e-4439-8614-2e769fa95619-SegmentedRaftLogWorker:Storage Directory /workdir/hadoop-ozone/integration-test/target/test-dir/MiniOzoneClusterImpl-356bc514-ab20-4970-9b1b-e867f6cf327d/datanode-6/data/ratis/869864e2-438c-40e5-8081-b062b70c8b9a: flushIndex: setUnconditionally 0 -> -1
2019-07-16 14:17:56,136 INFO  server.RaftServerConfigKeys (ConfUtils.java:logGet(43)) - raft.server.snapshot.auto.trigger.enabled = true (custom)
2019-07-16 14:17:56,137 INFO  server.RaftServerConfigKeys (ConfUtils.java:logGet(43)) - raft.server.snapshot.auto.trigger.threshold = 10000 (custom)
2019-07-16 14:17:56,137 INFO  server.RaftServerConfigKeys (ConfUtils.java:logGet(43)) - raft.server.retrycache.expirytime = 600000ms (custom)
2019-07-16 14:17:56,137 INFO  impl.RaftServerImpl (RaftServerImpl.java:start(180)) - d088cbd8-ab6e-4439-8614-2e769fa95619: start group-B062B70C8B9A
2019-07-16 14:17:56,137 INFO  impl.RaftServerImpl (RaftServerImpl.java:setRole(171)) - d088cbd8-ab6e-4439-8614-2e769fa95619:group-B062B70C8B9A changes role from null to FOLLOWER at term 0 for startAsFollower
2019-07-16 14:17:56,137 INFO  impl.RoleInfo (RoleInfo.java:updateAndGet(143)) - d088cbd8-ab6e-4439-8614-2e769fa95619: start FollowerState
2019-07-16 14:17:56,138 INFO  util.JmxRegister (JmxRegister.java:tryRegister(44)) - Successfully registered JMX Bean with object name Ratis:service=RaftServer,group=group-B062B70C8B9A,id=d088cbd8-ab6e-4439-8614-2e769fa95619
2019-07-16 14:17:56,153 INFO  pipeline.PipelineStateManager (PipelineStateManager.java:addPipeline(56)) - Created pipeline Pipeline[ Id: 869864e2-438c-40e5-8081-b062b70c8b9a, Nodes: d088cbd8-ab6e-4439-8614-2e769fa95619{ip: 192.168.157.241, host: trunk-nightly-gllmw-2332419065, networkLocation: /default-rack, certSerialId: null}, Type:RATIS, Factor:ONE, State:OPEN]
2019-07-16 14:17:56,179 INFO  impl.RaftServerProxy (RaftServerProxy.java:addNew(89)) - f8fbaaad-930e-4816-816b-7f6974359c03: addNew group-42C72A9D743B:[f8fbaaad-930e-4816-816b-7f6974359c03:192.168.157.241:42691] returns group-42C72A9D743B:java.util.concurrent.CompletableFuture@6850e3c7[Not completed]
2019-07-16 14:17:56,180 INFO  impl.RaftServerImpl (RaftServerImpl.java:<init>(93)) - f8fbaaad-930e-4816-816b-7f6974359c03: new RaftServerImpl for group-42C72A9D743B:[f8fbaaad-930e-4816-816b-7f6974359c03:192.168.157.241:42691] with ContainerStateMachine:uninitialized
2019-07-16 14:17:56,181 INFO  server.RaftServerConfigKeys (ConfUtils.java:logGet(43)) - raft.server.rpc.timeout.min = 5s (custom)
2019-07-16 14:17:56,181 INFO  server.RaftServerConfigKeys (ConfUtils.java:logGet(43)) - raft.server.rpc.timeout.max = 5200ms (custom)
2019-07-16 14:17:56,181 INFO  server.RaftServerConfigKeys (ConfUtils.java:logGet(43)) - raft.server.rpcslowness.timeout = 120s (custom)
2019-07-16 14:17:56,181 INFO  server.RaftServerConfigKeys (ConfUtils.java:logGet(43)) - raft.server.sleep.deviation.threshold = 300 (default)
2019-07-16 14:17:56,181 INFO  server.RaftServerConfigKeys (ConfUtils.java:logGet(43)) - raft.server.log.appender.install.snapshot.enabled = false (custom)
2019-07-16 14:17:56,181 INFO  impl.RaftServerImpl (ServerState.java:<init>(105)) - f8fbaaad-930e-4816-816b-7f6974359c03:group-42C72A9D743B ConfigurationManager, init=-1: [f8fbaaad-930e-4816-816b-7f6974359c03:192.168.157.241:42691], old=null, confs=<EMPTY_MAP>
2019-07-16 14:17:56,182 INFO  server.RaftServerConfigKeys (ConfUtils.java:logGet(43)) - raft.server.storage.dir = [/workdir/hadoop-ozone/integration-test/target/test-dir/MiniOzoneClusterImpl-356bc514-ab20-4970-9b1b-e867f6cf327d/datanode-2/data/ratis] (custom)
2019-07-16 14:17:56,182 INFO  storage.RaftStorageDirectory (RaftStorageDirectory.java:analyzeStorage(246)) - The storage directory /workdir/hadoop-ozone/integration-test/target/test-dir/MiniOzoneClusterImpl-356bc514-ab20-4970-9b1b-e867f6cf327d/datanode-2/data/ratis/26107a27-c6c0-4bf4-95f1-42c72a9d743b does not exist. Creating ...
2019-07-16 14:17:56,194 INFO  storage.RaftStorageDirectory (RaftStorageDirectory.java:tryLock(328)) - Lock on /workdir/hadoop-ozone/integration-test/target/test-dir/MiniOzoneClusterImpl-356bc514-ab20-4970-9b1b-e867f6cf327d/datanode-2/data/ratis/26107a27-c6c0-4bf4-95f1-42c72a9d743b/in_use.lock acquired by nodename 20198@trunk-nightly-gllmw-2332419065
2019-07-16 14:17:56,207 INFO  storage.RaftStorage (RaftStorage.java:format(72)) - Storage directory /workdir/hadoop-ozone/integration-test/target/test-dir/MiniOzoneClusterImpl-356bc514-ab20-4970-9b1b-e867f6cf327d/datanode-2/data/ratis/26107a27-c6c0-4bf4-95f1-42c72a9d743b has been successfully formatted.
2019-07-16 14:17:56,208 INFO  ratis.ContainerStateMachine (ContainerStateMachine.java:loadSnapshot(200)) - group-42C72A9D743B: The snapshot info is null. Setting the last applied indexto:(t:0, i:~)
2019-07-16 14:17:56,208 INFO  server.RaftServerConfigKeys (ConfUtils.java:logGet(43)) - raft.server.leader.election.timeout = 120s (custom)
2019-07-16 14:17:56,208 INFO  server.RaftServerConfigKeys (ConfUtils.java:logGet(43)) - raft.server.log.use.memory = false (default)
2019-07-16 14:17:56,208 INFO  server.RaftServerConfigKeys (ConfUtils.java:logGet(43)) - raft.server.log.purge.gap = 1000000000 (custom)
2019-07-16 14:17:56,208 INFO  server.RaftServerConfigKeys (ConfUtils.java:logGet(43)) - raft.server.log.appender.buffer.byte-limit = 33554432 (custom)
2019-07-16 14:17:56,209 INFO  server.RaftServerConfigKeys (ConfUtils.java:logGet(43)) - raft.server.log.segment.size.max = 1048576 (custom)
2019-07-16 14:17:56,209 INFO  server.RaftServerConfigKeys (ConfUtils.java:logGet(43)) - raft.server.log.segment.cache.num.max = 2 (custom)
2019-07-16 14:17:56,209 INFO  segmented.SegmentedRaftLogWorker (SegmentedRaftLogWorker.java:<init>(172)) - new f8fbaaad-930e-4816-816b-7f6974359c03-SegmentedRaftLogWorker:Storage Directory /workdir/hadoop-ozone/integration-test/target/test-dir/MiniOzoneClusterImpl-356bc514-ab20-4970-9b1b-e867f6cf327d/datanode-2/data/ratis/26107a27-c6c0-4bf4-95f1-42c72a9d743b for RaftStorage:Storage Directory /workdir/hadoop-ozone/integration-test/target/test-dir/MiniOzoneClusterImpl-356bc514-ab20-4970-9b1b-e867f6cf327d/datanode-2/data/ratis/26107a27-c6c0-4bf4-95f1-42c72a9d743b
2019-07-16 14:17:56,209 INFO  server.RaftServerConfigKeys (ConfUtils.java:logGet(43)) - raft.server.log.queue.byte-limit = 2147483647 (custom)
2019-07-16 14:17:56,209 INFO  server.RaftServerConfigKeys (ConfUtils.java:logGet(43)) - raft.server.log.queue.element-limit = 1024 (custom)
2019-07-16 14:17:56,210 INFO  server.RaftServerConfigKeys (ConfUtils.java:logGet(43)) - raft.server.log.segment.size.max = 1048576 (custom)
2019-07-16 14:17:56,210 INFO  server.RaftServerConfigKeys (ConfUtils.java:logGet(43)) - raft.server.log.preallocated.size = 16384 (custom)
2019-07-16 14:17:56,210 INFO  server.RaftServerConfigKeys (ConfUtils.java:logGet(43)) - raft.server.log.write.buffer.size = 33554432 (custom)
2019-07-16 14:17:56,210 INFO  server.RaftServerConfigKeys (ConfUtils.java:logGet(43)) - raft.server.log.force.sync.num = 128 (default)
2019-07-16 14:17:56,210 INFO  server.RaftServerConfigKeys (ConfUtils.java:logGet(43)) - raft.server.log.statemachine.data.sync = true (default)
2019-07-16 14:17:56,210 INFO  server.RaftServerConfigKeys (ConfUtils.java:logGet(43)) - raft.server.log.statemachine.data.sync.timeout = 10s (default)
2019-07-16 14:17:56,210 INFO  server.RaftServerConfigKeys (ConfUtils.java:logGet(43)) - raft.server.log.statemachine.data.sync.timeout.retry = -1 (default)
2019-07-16 14:17:56,211 INFO  server.RaftServerConfigKeys (ConfUtils.java:logGet(43)) - raft.server.log.statemachine.data.caching.enabled = true (custom)
2019-07-16 14:17:56,211 INFO  segmented.SegmentedRaftLogWorker (SegmentedRaftLogWorker.java:lambda$new$0(132)) - f8fbaaad-930e-4816-816b-7f6974359c03-SegmentedRaftLogWorker:Storage Directory /workdir/hadoop-ozone/integration-test/target/test-dir/MiniOzoneClusterImpl-356bc514-ab20-4970-9b1b-e867f6cf327d/datanode-2/data/ratis/26107a27-c6c0-4bf4-95f1-42c72a9d743b: flushIndex: setUnconditionally 0 -> -1
2019-07-16 14:17:56,212 INFO  server.RaftServerConfigKeys (ConfUtils.java:logGet(43)) - raft.server.snapshot.auto.trigger.enabled = true (custom)
2019-07-16 14:17:56,212 INFO  server.RaftServerConfigKeys (ConfUtils.java:logGet(43)) - raft.server.snapshot.auto.trigger.threshold = 10000 (custom)
2019-07-16 14:17:56,212 INFO  server.RaftServerConfigKeys (ConfUtils.java:logGet(43)) - raft.server.retrycache.expirytime = 600000ms (custom)
2019-07-16 14:17:56,212 INFO  impl.RaftServerImpl (RaftServerImpl.java:start(180)) - f8fbaaad-930e-4816-816b-7f6974359c03: start group-42C72A9D743B
2019-07-16 14:17:56,212 INFO  impl.RaftServerImpl (RaftServerImpl.java:setRole(171)) - f8fbaaad-930e-4816-816b-7f6974359c03:group-42C72A9D743B changes role from null to FOLLOWER at term 0 for startAsFollower
2019-07-16 14:17:56,213 INFO  impl.RoleInfo (RoleInfo.java:updateAndGet(143)) - f8fbaaad-930e-4816-816b-7f6974359c03: start FollowerState
2019-07-16 14:17:56,213 INFO  util.JmxRegister (JmxRegister.java:tryRegister(44)) - Successfully registered JMX Bean with object name Ratis:service=RaftServer,group=group-42C72A9D743B,id=f8fbaaad-930e-4816-816b-7f6974359c03
2019-07-16 14:17:56,228 INFO  pipeline.PipelineStateManager (PipelineStateManager.java:addPipeline(56)) - Created pipeline Pipeline[ Id: 26107a27-c6c0-4bf4-95f1-42c72a9d743b, Nodes: f8fbaaad-930e-4816-816b-7f6974359c03{ip: 192.168.157.241, host: trunk-nightly-gllmw-2332419065, networkLocation: /default-rack, certSerialId: null}, Type:RATIS, Factor:ONE, State:OPEN]
2019-07-16 14:17:56,256 INFO  impl.RaftServerProxy (RaftServerProxy.java:addNew(89)) - ba993f1d-0319-48bc-847d-c4a68c232f14: addNew group-2CD02BA1C762:[ba993f1d-0319-48bc-847d-c4a68c232f14:192.168.157.241:43510] returns group-2CD02BA1C762:java.util.concurrent.CompletableFuture@1023367[Not completed]
2019-07-16 14:17:56,258 INFO  impl.RaftServerImpl (RaftServerImpl.java:<init>(93)) - ba993f1d-0319-48bc-847d-c4a68c232f14: new RaftServerImpl for group-2CD02BA1C762:[ba993f1d-0319-48bc-847d-c4a68c232f14:192.168.157.241:43510] with ContainerStateMachine:uninitialized
2019-07-16 14:17:56,258 INFO  server.RaftServerConfigKeys (ConfUtils.java:logGet(43)) - raft.server.rpc.timeout.min = 5s (custom)
2019-07-16 14:17:56,258 INFO  server.RaftServerConfigKeys (ConfUtils.java:logGet(43)) - raft.server.rpc.timeout.max = 5200ms (custom)
2019-07-16 14:17:56,258 INFO  server.RaftServerConfigKeys (ConfUtils.java:logGet(43)) - raft.server.rpcslowness.timeout = 120s (custom)
2019-07-16 14:17:56,258 INFO  server.RaftServerConfigKeys (ConfUtils.java:logGet(43)) - raft.server.sleep.deviation.threshold = 300 (default)
2019-07-16 14:17:56,258 INFO  server.RaftServerConfigKeys (ConfUtils.java:logGet(43)) - raft.server.log.appender.install.snapshot.enabled = false (custom)
2019-07-16 14:17:56,259 INFO  impl.RaftServerImpl (ServerState.java:<init>(105)) - ba993f1d-0319-48bc-847d-c4a68c232f14:group-2CD02BA1C762 ConfigurationManager, init=-1: [ba993f1d-0319-48bc-847d-c4a68c232f14:192.168.157.241:43510], old=null, confs=<EMPTY_MAP>
2019-07-16 14:17:56,259 INFO  server.RaftServerConfigKeys (ConfUtils.java:logGet(43)) - raft.server.storage.dir = [/workdir/hadoop-ozone/integration-test/target/test-dir/MiniOzoneClusterImpl-356bc514-ab20-4970-9b1b-e867f6cf327d/datanode-4/data/ratis] (custom)
2019-07-16 14:17:56,259 INFO  storage.RaftStorageDirectory (RaftStorageDirectory.java:analyzeStorage(246)) - The storage directory /workdir/hadoop-ozone/integration-test/target/test-dir/MiniOzoneClusterImpl-356bc514-ab20-4970-9b1b-e867f6cf327d/datanode-4/data/ratis/df5c5cf6-7b2f-40a8-8f12-2cd02ba1c762 does not exist. Creating ...
2019-07-16 14:17:56,272 INFO  storage.RaftStorageDirectory (RaftStorageDirectory.java:tryLock(328)) - Lock on /workdir/hadoop-ozone/integration-test/target/test-dir/MiniOzoneClusterImpl-356bc514-ab20-4970-9b1b-e867f6cf327d/datanode-4/data/ratis/df5c5cf6-7b2f-40a8-8f12-2cd02ba1c762/in_use.lock acquired by nodename 20198@trunk-nightly-gllmw-2332419065
2019-07-16 14:17:56,285 INFO  storage.RaftStorage (RaftStorage.java:format(72)) - Storage directory /workdir/hadoop-ozone/integration-test/target/test-dir/MiniOzoneClusterImpl-356bc514-ab20-4970-9b1b-e867f6cf327d/datanode-4/data/ratis/df5c5cf6-7b2f-40a8-8f12-2cd02ba1c762 has been successfully formatted.
2019-07-16 14:17:56,286 INFO  ratis.ContainerStateMachine (ContainerStateMachine.java:loadSnapshot(200)) - group-2CD02BA1C762: The snapshot info is null. Setting the last applied indexto:(t:0, i:~)
2019-07-16 14:17:56,286 INFO  server.RaftServerConfigKeys (ConfUtils.java:logGet(43)) - raft.server.leader.election.timeout = 120s (custom)
2019-07-16 14:17:56,286 INFO  server.RaftServerConfigKeys (ConfUtils.java:logGet(43)) - raft.server.log.use.memory = false (default)
2019-07-16 14:17:56,286 INFO  server.RaftServerConfigKeys (ConfUtils.java:logGet(43)) - raft.server.log.purge.gap = 1000000000 (custom)
2019-07-16 14:17:56,286 INFO  server.RaftServerConfigKeys (ConfUtils.java:logGet(43)) - raft.server.log.appender.buffer.byte-limit = 33554432 (custom)
2019-07-16 14:17:56,287 INFO  server.RaftServerConfigKeys (ConfUtils.java:logGet(43)) - raft.server.log.segment.size.max = 1048576 (custom)
2019-07-16 14:17:56,287 INFO  server.RaftServerConfigKeys (ConfUtils.java:logGet(43)) - raft.server.log.segment.cache.num.max = 2 (custom)
2019-07-16 14:17:56,287 INFO  segmented.SegmentedRaftLogWorker (SegmentedRaftLogWorker.java:<init>(172)) - new ba993f1d-0319-48bc-847d-c4a68c232f14-SegmentedRaftLogWorker:Storage Directory /workdir/hadoop-ozone/integration-test/target/test-dir/MiniOzoneClusterImpl-356bc514-ab20-4970-9b1b-e867f6cf327d/datanode-4/data/ratis/df5c5cf6-7b2f-40a8-8f12-2cd02ba1c762 for RaftStorage:Storage Directory /workdir/hadoop-ozone/integration-test/target/test-dir/MiniOzoneClusterImpl-356bc514-ab20-4970-9b1b-e867f6cf327d/datanode-4/data/ratis/df5c5cf6-7b2f-40a8-8f12-2cd02ba1c762
2019-07-16 14:17:56,287 INFO  server.RaftServerConfigKeys (ConfUtils.java:logGet(43)) - raft.server.log.queue.byte-limit = 2147483647 (custom)
2019-07-16 14:17:56,287 INFO  server.RaftServerConfigKeys (ConfUtils.java:logGet(43)) - raft.server.log.queue.element-limit = 1024 (custom)
2019-07-16 14:17:56,288 INFO  server.RaftServerConfigKeys (ConfUtils.java:logGet(43)) - raft.server.log.segment.size.max = 1048576 (custom)
2019-07-16 14:17:56,288 INFO  server.RaftServerConfigKeys (ConfUtils.java:logGet(43)) - raft.server.log.preallocated.size = 16384 (custom)
2019-07-16 14:17:56,288 INFO  server.RaftServerConfigKeys (ConfUtils.java:logGet(43)) - raft.server.log.write.buffer.size = 33554432 (custom)
2019-07-16 14:17:56,288 INFO  server.RaftServerConfigKeys (ConfUtils.java:logGet(43)) - raft.server.log.force.sync.num = 128 (default)
2019-07-16 14:17:56,288 INFO  server.RaftServerConfigKeys (ConfUtils.java:logGet(43)) - raft.server.log.statemachine.data.sync = true (default)
2019-07-16 14:17:56,289 INFO  server.RaftServerConfigKeys (ConfUtils.java:logGet(43)) - raft.server.log.statemachine.data.sync.timeout = 10s (default)
2019-07-16 14:17:56,289 INFO  server.RaftServerConfigKeys (ConfUtils.java:logGet(43)) - raft.server.log.statemachine.data.sync.timeout.retry = -1 (default)
2019-07-16 14:17:56,289 INFO  server.RaftServerConfigKeys (ConfUtils.java:logGet(43)) - raft.server.log.statemachine.data.caching.enabled = true (custom)
2019-07-16 14:17:56,289 INFO  segmented.SegmentedRaftLogWorker (SegmentedRaftLogWorker.java:lambda$new$0(132)) - ba993f1d-0319-48bc-847d-c4a68c232f14-SegmentedRaftLogWorker:Storage Directory /workdir/hadoop-ozone/integration-test/target/test-dir/MiniOzoneClusterImpl-356bc514-ab20-4970-9b1b-e867f6cf327d/datanode-4/data/ratis/df5c5cf6-7b2f-40a8-8f12-2cd02ba1c762: flushIndex: setUnconditionally 0 -> -1
2019-07-16 14:17:56,290 INFO  server.RaftServerConfigKeys (ConfUtils.java:logGet(43)) - raft.server.snapshot.auto.trigger.enabled = true (custom)
2019-07-16 14:17:56,290 INFO  server.RaftServerConfigKeys (ConfUtils.java:logGet(43)) - raft.server.snapshot.auto.trigger.threshold = 10000 (custom)
2019-07-16 14:17:56,290 INFO  server.RaftServerConfigKeys (ConfUtils.java:logGet(43)) - raft.server.retrycache.expirytime = 600000ms (custom)
2019-07-16 14:17:56,290 INFO  impl.RaftServerImpl (RaftServerImpl.java:start(180)) - ba993f1d-0319-48bc-847d-c4a68c232f14: start group-2CD02BA1C762
2019-07-16 14:17:56,291 INFO  impl.RaftServerImpl (RaftServerImpl.java:setRole(171)) - ba993f1d-0319-48bc-847d-c4a68c232f14:group-2CD02BA1C762 changes role from null to FOLLOWER at term 0 for startAsFollower
2019-07-16 14:17:56,291 INFO  impl.RoleInfo (RoleInfo.java:updateAndGet(143)) - ba993f1d-0319-48bc-847d-c4a68c232f14: start FollowerState
2019-07-16 14:17:56,291 INFO  util.JmxRegister (JmxRegister.java:tryRegister(44)) - Successfully registered JMX Bean with object name Ratis:service=RaftServer,group=group-2CD02BA1C762,id=ba993f1d-0319-48bc-847d-c4a68c232f14
2019-07-16 14:17:56,305 INFO  pipeline.PipelineStateManager (PipelineStateManager.java:addPipeline(56)) - Created pipeline Pipeline[ Id: df5c5cf6-7b2f-40a8-8f12-2cd02ba1c762, Nodes: ba993f1d-0319-48bc-847d-c4a68c232f14{ip: 192.168.157.241, host: trunk-nightly-gllmw-2332419065, networkLocation: /default-rack, certSerialId: null}, Type:RATIS, Factor:ONE, State:OPEN]
2019-07-16 14:17:56,326 INFO  impl.RaftServerProxy (RaftServerProxy.java:addNew(89)) - 8aa04794-bc4a-4b4c-9f61-07dcca8ee02e: addNew group-E41A8F0DBAA0:[8aa04794-bc4a-4b4c-9f61-07dcca8ee02e:192.168.157.241:45336] returns group-E41A8F0DBAA0:java.util.concurrent.CompletableFuture@c68c956[Not completed]
2019-07-16 14:17:56,328 INFO  impl.RaftServerImpl (RaftServerImpl.java:<init>(93)) - 8aa04794-bc4a-4b4c-9f61-07dcca8ee02e: new RaftServerImpl for group-E41A8F0DBAA0:[8aa04794-bc4a-4b4c-9f61-07dcca8ee02e:192.168.157.241:45336] with ContainerStateMachine:uninitialized
2019-07-16 14:17:56,328 INFO  server.RaftServerConfigKeys (ConfUtils.java:logGet(43)) - raft.server.rpc.timeout.min = 5s (custom)
2019-07-16 14:17:56,328 INFO  server.RaftServerConfigKeys (ConfUtils.java:logGet(43)) - raft.server.rpc.timeout.max = 5200ms (custom)
2019-07-16 14:17:56,328 INFO  server.RaftServerConfigKeys (ConfUtils.java:logGet(43)) - raft.server.rpcslowness.timeout = 120s (custom)
2019-07-16 14:17:56,328 INFO  server.RaftServerConfigKeys (ConfUtils.java:logGet(43)) - raft.server.sleep.deviation.threshold = 300 (default)
2019-07-16 14:17:56,328 INFO  server.RaftServerConfigKeys (ConfUtils.java:logGet(43)) - raft.server.log.appender.install.snapshot.enabled = false (custom)
2019-07-16 14:17:56,329 INFO  impl.RaftServerImpl (ServerState.java:<init>(105)) - 8aa04794-bc4a-4b4c-9f61-07dcca8ee02e:group-E41A8F0DBAA0 ConfigurationManager, init=-1: [8aa04794-bc4a-4b4c-9f61-07dcca8ee02e:192.168.157.241:45336], old=null, confs=<EMPTY_MAP>
2019-07-16 14:17:56,329 INFO  server.RaftServerConfigKeys (ConfUtils.java:logGet(43)) - raft.server.storage.dir = [/workdir/hadoop-ozone/integration-test/target/test-dir/MiniOzoneClusterImpl-356bc514-ab20-4970-9b1b-e867f6cf327d/datanode-1/data/ratis] (custom)
2019-07-16 14:17:56,329 INFO  storage.RaftStorageDirectory (RaftStorageDirectory.java:analyzeStorage(246)) - The storage directory /workdir/hadoop-ozone/integration-test/target/test-dir/MiniOzoneClusterImpl-356bc514-ab20-4970-9b1b-e867f6cf327d/datanode-1/data/ratis/5792d207-c1dc-401c-b68e-e41a8f0dbaa0 does not exist. Creating ...
2019-07-16 14:17:56,341 INFO  storage.RaftStorageDirectory (RaftStorageDirectory.java:tryLock(328)) - Lock on /workdir/hadoop-ozone/integration-test/target/test-dir/MiniOzoneClusterImpl-356bc514-ab20-4970-9b1b-e867f6cf327d/datanode-1/data/ratis/5792d207-c1dc-401c-b68e-e41a8f0dbaa0/in_use.lock acquired by nodename 20198@trunk-nightly-gllmw-2332419065
2019-07-16 14:17:56,354 INFO  storage.RaftStorage (RaftStorage.java:format(72)) - Storage directory /workdir/hadoop-ozone/integration-test/target/test-dir/MiniOzoneClusterImpl-356bc514-ab20-4970-9b1b-e867f6cf327d/datanode-1/data/ratis/5792d207-c1dc-401c-b68e-e41a8f0dbaa0 has been successfully formatted.
2019-07-16 14:17:56,355 INFO  ratis.ContainerStateMachine (ContainerStateMachine.java:loadSnapshot(200)) - group-E41A8F0DBAA0: The snapshot info is null. Setting the last applied indexto:(t:0, i:~)
2019-07-16 14:17:56,355 INFO  server.RaftServerConfigKeys (ConfUtils.java:logGet(43)) - raft.server.leader.election.timeout = 120s (custom)
2019-07-16 14:17:56,355 INFO  server.RaftServerConfigKeys (ConfUtils.java:logGet(43)) - raft.server.log.use.memory = false (default)
2019-07-16 14:17:56,355 INFO  server.RaftServerConfigKeys (ConfUtils.java:logGet(43)) - raft.server.log.purge.gap = 1000000000 (custom)
2019-07-16 14:17:56,355 INFO  server.RaftServerConfigKeys (ConfUtils.java:logGet(43)) - raft.server.log.appender.buffer.byte-limit = 33554432 (custom)
2019-07-16 14:17:56,355 INFO  server.RaftServerConfigKeys (ConfUtils.java:logGet(43)) - raft.server.log.segment.size.max = 1048576 (custom)
2019-07-16 14:17:56,356 INFO  server.RaftServerConfigKeys (ConfUtils.java:logGet(43)) - raft.server.log.segment.cache.num.max = 2 (custom)
2019-07-16 14:17:56,356 INFO  segmented.SegmentedRaftLogWorker (SegmentedRaftLogWorker.java:<init>(172)) - new 8aa04794-bc4a-4b4c-9f61-07dcca8ee02e-SegmentedRaftLogWorker:Storage Directory /workdir/hadoop-ozone/integration-test/target/test-dir/MiniOzoneClusterImpl-356bc514-ab20-4970-9b1b-e867f6cf327d/datanode-1/data/ratis/5792d207-c1dc-401c-b68e-e41a8f0dbaa0 for RaftStorage:Storage Directory /workdir/hadoop-ozone/integration-test/target/test-dir/MiniOzoneClusterImpl-356bc514-ab20-4970-9b1b-e867f6cf327d/datanode-1/data/ratis/5792d207-c1dc-401c-b68e-e41a8f0dbaa0
2019-07-16 14:17:56,356 INFO  server.RaftServerConfigKeys (ConfUtils.java:logGet(43)) - raft.server.log.queue.byte-limit = 2147483647 (custom)
2019-07-16 14:17:56,356 INFO  server.RaftServerConfigKeys (ConfUtils.java:logGet(43)) - raft.server.log.queue.element-limit = 1024 (custom)
2019-07-16 14:17:56,356 INFO  server.RaftServerConfigKeys (ConfUtils.java:logGet(43)) - raft.server.log.segment.size.max = 1048576 (custom)
2019-07-16 14:17:56,357 INFO  server.RaftServerConfigKeys (ConfUtils.java:logGet(43)) - raft.server.log.preallocated.size = 16384 (custom)
2019-07-16 14:17:56,357 INFO  server.RaftServerConfigKeys (ConfUtils.java:logGet(43)) - raft.server.log.write.buffer.size = 33554432 (custom)
2019-07-16 14:17:56,357 INFO  server.RaftServerConfigKeys (ConfUtils.java:logGet(43)) - raft.server.log.force.sync.num = 128 (default)
2019-07-16 14:17:56,357 INFO  server.RaftServerConfigKeys (ConfUtils.java:logGet(43)) - raft.server.log.statemachine.data.sync = true (default)
2019-07-16 14:17:56,357 INFO  server.RaftServerConfigKeys (ConfUtils.java:logGet(43)) - raft.server.log.statemachine.data.sync.timeout = 10s (default)
2019-07-16 14:17:56,357 INFO  server.RaftServerConfigKeys (ConfUtils.java:logGet(43)) - raft.server.log.statemachine.data.sync.timeout.retry = -1 (default)
2019-07-16 14:17:56,358 INFO  server.RaftServerConfigKeys (ConfUtils.java:logGet(43)) - raft.server.log.statemachine.data.caching.enabled = true (custom)
2019-07-16 14:17:56,358 INFO  segmented.SegmentedRaftLogWorker (SegmentedRaftLogWorker.java:lambda$new$0(132)) - 8aa04794-bc4a-4b4c-9f61-07dcca8ee02e-SegmentedRaftLogWorker:Storage Directory /workdir/hadoop-ozone/integration-test/target/test-dir/MiniOzoneClusterImpl-356bc514-ab20-4970-9b1b-e867f6cf327d/datanode-1/data/ratis/5792d207-c1dc-401c-b68e-e41a8f0dbaa0: flushIndex: setUnconditionally 0 -> -1
2019-07-16 14:17:56,358 INFO  server.RaftServerConfigKeys (ConfUtils.java:logGet(43)) - raft.server.snapshot.auto.trigger.enabled = true (custom)
2019-07-16 14:17:56,359 INFO  server.RaftServerConfigKeys (ConfUtils.java:logGet(43)) - raft.server.snapshot.auto.trigger.threshold = 10000 (custom)
2019-07-16 14:17:56,359 INFO  server.RaftServerConfigKeys (ConfUtils.java:logGet(43)) - raft.server.retrycache.expirytime = 600000ms (custom)
2019-07-16 14:17:56,359 INFO  impl.RaftServerImpl (RaftServerImpl.java:start(180)) - 8aa04794-bc4a-4b4c-9f61-07dcca8ee02e: start group-E41A8F0DBAA0
2019-07-16 14:17:56,359 INFO  impl.RaftServerImpl (RaftServerImpl.java:setRole(171)) - 8aa04794-bc4a-4b4c-9f61-07dcca8ee02e:group-E41A8F0DBAA0 changes role from null to FOLLOWER at term 0 for startAsFollower
2019-07-16 14:17:56,359 INFO  impl.RoleInfo (RoleInfo.java:updateAndGet(143)) - 8aa04794-bc4a-4b4c-9f61-07dcca8ee02e: start FollowerState
2019-07-16 14:17:56,360 INFO  util.JmxRegister (JmxRegister.java:tryRegister(44)) - Successfully registered JMX Bean with object name Ratis:service=RaftServer,group=group-E41A8F0DBAA0,id=8aa04794-bc4a-4b4c-9f61-07dcca8ee02e
2019-07-16 14:17:56,379 INFO  pipeline.PipelineStateManager (PipelineStateManager.java:addPipeline(56)) - Created pipeline Pipeline[ Id: 5792d207-c1dc-401c-b68e-e41a8f0dbaa0, Nodes: 8aa04794-bc4a-4b4c-9f61-07dcca8ee02e{ip: 192.168.157.241, host: trunk-nightly-gllmw-2332419065, networkLocation: /default-rack, certSerialId: null}, Type:RATIS, Factor:ONE, State:OPEN]
2019-07-16 14:17:56,418 INFO  impl.RaftServerProxy (RaftServerProxy.java:addNew(89)) - d0f4f310-adcf-472e-8d2e-24726e34e188: addNew group-E7E66FCECC5F:[63509336-6971-468c-b5c2-a3327d3314a9:192.168.157.241:32802, d0f4f310-adcf-472e-8d2e-24726e34e188:192.168.157.241:34826, d088cbd8-ab6e-4439-8614-2e769fa95619:192.168.157.241:45468] returns group-E7E66FCECC5F:java.util.concurrent.CompletableFuture@62e88b64[Not completed]
2019-07-16 14:17:56,419 INFO  impl.RaftServerImpl (RaftServerImpl.java:<init>(93)) - d0f4f310-adcf-472e-8d2e-24726e34e188: new RaftServerImpl for group-E7E66FCECC5F:[63509336-6971-468c-b5c2-a3327d3314a9:192.168.157.241:32802, d0f4f310-adcf-472e-8d2e-24726e34e188:192.168.157.241:34826, d088cbd8-ab6e-4439-8614-2e769fa95619:192.168.157.241:45468] with ContainerStateMachine:uninitialized
2019-07-16 14:17:56,419 INFO  server.RaftServerConfigKeys (ConfUtils.java:logGet(43)) - raft.server.rpc.timeout.min = 5s (custom)
2019-07-16 14:17:56,420 INFO  server.RaftServerConfigKeys (ConfUtils.java:logGet(43)) - raft.server.rpc.timeout.max = 5200ms (custom)
2019-07-16 14:17:56,420 INFO  server.RaftServerConfigKeys (ConfUtils.java:logGet(43)) - raft.server.rpcslowness.timeout = 120s (custom)
2019-07-16 14:17:56,420 INFO  server.RaftServerConfigKeys (ConfUtils.java:logGet(43)) - raft.server.sleep.deviation.threshold = 300 (default)
2019-07-16 14:17:56,422 INFO  server.RaftServerConfigKeys (ConfUtils.java:logGet(43)) - raft.server.log.appender.install.snapshot.enabled = false (custom)
2019-07-16 14:17:56,422 INFO  impl.RaftServerImpl (ServerState.java:<init>(105)) - d0f4f310-adcf-472e-8d2e-24726e34e188:group-E7E66FCECC5F ConfigurationManager, init=-1: [63509336-6971-468c-b5c2-a3327d3314a9:192.168.157.241:32802, d0f4f310-adcf-472e-8d2e-24726e34e188:192.168.157.241:34826, d088cbd8-ab6e-4439-8614-2e769fa95619:192.168.157.241:45468], old=null, confs=<EMPTY_MAP>
2019-07-16 14:17:56,422 INFO  server.RaftServerConfigKeys (ConfUtils.java:logGet(43)) - raft.server.storage.dir = [/workdir/hadoop-ozone/integration-test/target/test-dir/MiniOzoneClusterImpl-356bc514-ab20-4970-9b1b-e867f6cf327d/datanode-5/data/ratis] (custom)
2019-07-16 14:17:56,424 INFO  impl.RaftServerProxy (RaftServerProxy.java:addNew(89)) - 63509336-6971-468c-b5c2-a3327d3314a9: addNew group-E7E66FCECC5F:[63509336-6971-468c-b5c2-a3327d3314a9:192.168.157.241:32802, d0f4f310-adcf-472e-8d2e-24726e34e188:192.168.157.241:34826, d088cbd8-ab6e-4439-8614-2e769fa95619:192.168.157.241:45468] returns group-E7E66FCECC5F:java.util.concurrent.CompletableFuture@5340ee12[Not completed]
2019-07-16 14:17:56,425 INFO  storage.RaftStorageDirectory (RaftStorageDirectory.java:analyzeStorage(246)) - The storage directory /workdir/hadoop-ozone/integration-test/target/test-dir/MiniOzoneClusterImpl-356bc514-ab20-4970-9b1b-e867f6cf327d/datanode-5/data/ratis/49311690-fd7e-46b1-96ef-e7e66fcecc5f does not exist. Creating ...
2019-07-16 14:17:56,425 INFO  impl.RaftServerProxy (RaftServerProxy.java:addNew(89)) - d088cbd8-ab6e-4439-8614-2e769fa95619: addNew group-E7E66FCECC5F:[63509336-6971-468c-b5c2-a3327d3314a9:192.168.157.241:32802, d0f4f310-adcf-472e-8d2e-24726e34e188:192.168.157.241:34826, d088cbd8-ab6e-4439-8614-2e769fa95619:192.168.157.241:45468] returns group-E7E66FCECC5F:java.util.concurrent.CompletableFuture@7b28e6d9[Not completed]
2019-07-16 14:17:56,426 INFO  impl.RaftServerImpl (RaftServerImpl.java:<init>(93)) - 63509336-6971-468c-b5c2-a3327d3314a9: new RaftServerImpl for group-E7E66FCECC5F:[63509336-6971-468c-b5c2-a3327d3314a9:192.168.157.241:32802, d0f4f310-adcf-472e-8d2e-24726e34e188:192.168.157.241:34826, d088cbd8-ab6e-4439-8614-2e769fa95619:192.168.157.241:45468] with ContainerStateMachine:uninitialized
2019-07-16 14:17:56,426 INFO  server.RaftServerConfigKeys (ConfUtils.java:logGet(43)) - raft.server.rpc.timeout.min = 5s (custom)
2019-07-16 14:17:56,427 INFO  server.RaftServerConfigKeys (ConfUtils.java:logGet(43)) - raft.server.rpc.timeout.max = 5200ms (custom)
2019-07-16 14:17:56,427 INFO  server.RaftServerConfigKeys (ConfUtils.java:logGet(43)) - raft.server.rpcslowness.timeout = 120s (custom)
2019-07-16 14:17:56,427 INFO  impl.RaftServerImpl (RaftServerImpl.java:<init>(93)) - d088cbd8-ab6e-4439-8614-2e769fa95619: new RaftServerImpl for group-E7E66FCECC5F:[63509336-6971-468c-b5c2-a3327d3314a9:192.168.157.241:32802, d0f4f310-adcf-472e-8d2e-24726e34e188:192.168.157.241:34826, d088cbd8-ab6e-4439-8614-2e769fa95619:192.168.157.241:45468] with ContainerStateMachine:uninitialized
2019-07-16 14:17:56,427 INFO  server.RaftServerConfigKeys (ConfUtils.java:logGet(43)) - raft.server.sleep.deviation.threshold = 300 (default)
2019-07-16 14:17:56,427 INFO  server.RaftServerConfigKeys (ConfUtils.java:logGet(43)) - raft.server.rpc.timeout.min = 5s (custom)
2019-07-16 14:17:56,427 INFO  server.RaftServerConfigKeys (ConfUtils.java:logGet(43)) - raft.server.log.appender.install.snapshot.enabled = false (custom)
2019-07-16 14:17:56,427 INFO  server.RaftServerConfigKeys (ConfUtils.java:logGet(43)) - raft.server.rpc.timeout.max = 5200ms (custom)
2019-07-16 14:17:56,428 INFO  impl.RaftServerImpl (ServerState.java:<init>(105)) - 63509336-6971-468c-b5c2-a3327d3314a9:group-E7E66FCECC5F ConfigurationManager, init=-1: [63509336-6971-468c-b5c2-a3327d3314a9:192.168.157.241:32802, d0f4f310-adcf-472e-8d2e-24726e34e188:192.168.157.241:34826, d088cbd8-ab6e-4439-8614-2e769fa95619:192.168.157.241:45468], old=null, confs=<EMPTY_MAP>
2019-07-16 14:17:56,428 INFO  server.RaftServerConfigKeys (ConfUtils.java:logGet(43)) - raft.server.rpcslowness.timeout = 120s (custom)
2019-07-16 14:17:56,428 INFO  server.RaftServerConfigKeys (ConfUtils.java:logGet(43)) - raft.server.sleep.deviation.threshold = 300 (default)
2019-07-16 14:17:56,428 INFO  server.RaftServerConfigKeys (ConfUtils.java:logGet(43)) - raft.server.storage.dir = [/workdir/hadoop-ozone/integration-test/target/test-dir/MiniOzoneClusterImpl-356bc514-ab20-4970-9b1b-e867f6cf327d/datanode-3/data/ratis] (custom)
2019-07-16 14:17:56,428 INFO  server.RaftServerConfigKeys (ConfUtils.java:logGet(43)) - raft.server.log.appender.install.snapshot.enabled = false (custom)
2019-07-16 14:17:56,428 INFO  impl.RaftServerImpl (ServerState.java:<init>(105)) - d088cbd8-ab6e-4439-8614-2e769fa95619:group-E7E66FCECC5F ConfigurationManager, init=-1: [63509336-6971-468c-b5c2-a3327d3314a9:192.168.157.241:32802, d0f4f310-adcf-472e-8d2e-24726e34e188:192.168.157.241:34826, d088cbd8-ab6e-4439-8614-2e769fa95619:192.168.157.241:45468], old=null, confs=<EMPTY_MAP>
2019-07-16 14:17:56,429 INFO  storage.RaftStorageDirectory (RaftStorageDirectory.java:analyzeStorage(246)) - The storage directory /workdir/hadoop-ozone/integration-test/target/test-dir/MiniOzoneClusterImpl-356bc514-ab20-4970-9b1b-e867f6cf327d/datanode-3/data/ratis/49311690-fd7e-46b1-96ef-e7e66fcecc5f does not exist. Creating ...
2019-07-16 14:17:56,429 INFO  server.RaftServerConfigKeys (ConfUtils.java:logGet(43)) - raft.server.storage.dir = [/workdir/hadoop-ozone/integration-test/target/test-dir/MiniOzoneClusterImpl-356bc514-ab20-4970-9b1b-e867f6cf327d/datanode-6/data/ratis] (custom)
2019-07-16 14:17:56,429 INFO  storage.RaftStorageDirectory (RaftStorageDirectory.java:analyzeStorage(246)) - The storage directory /workdir/hadoop-ozone/integration-test/target/test-dir/MiniOzoneClusterImpl-356bc514-ab20-4970-9b1b-e867f6cf327d/datanode-6/data/ratis/49311690-fd7e-46b1-96ef-e7e66fcecc5f does not exist. Creating ...
2019-07-16 14:17:56,438 INFO  storage.RaftStorageDirectory (RaftStorageDirectory.java:tryLock(328)) - Lock on /workdir/hadoop-ozone/integration-test/target/test-dir/MiniOzoneClusterImpl-356bc514-ab20-4970-9b1b-e867f6cf327d/datanode-6/data/ratis/49311690-fd7e-46b1-96ef-e7e66fcecc5f/in_use.lock acquired by nodename 20198@trunk-nightly-gllmw-2332419065
2019-07-16 14:17:56,438 INFO  storage.RaftStorageDirectory (RaftStorageDirectory.java:tryLock(328)) - Lock on /workdir/hadoop-ozone/integration-test/target/test-dir/MiniOzoneClusterImpl-356bc514-ab20-4970-9b1b-e867f6cf327d/datanode-5/data/ratis/49311690-fd7e-46b1-96ef-e7e66fcecc5f/in_use.lock acquired by nodename 20198@trunk-nightly-gllmw-2332419065
2019-07-16 14:17:56,438 INFO  storage.RaftStorageDirectory (RaftStorageDirectory.java:tryLock(328)) - Lock on /workdir/hadoop-ozone/integration-test/target/test-dir/MiniOzoneClusterImpl-356bc514-ab20-4970-9b1b-e867f6cf327d/datanode-3/data/ratis/49311690-fd7e-46b1-96ef-e7e66fcecc5f/in_use.lock acquired by nodename 20198@trunk-nightly-gllmw-2332419065
2019-07-16 14:17:56,452 INFO  storage.RaftStorage (RaftStorage.java:format(72)) - Storage directory /workdir/hadoop-ozone/integration-test/target/test-dir/MiniOzoneClusterImpl-356bc514-ab20-4970-9b1b-e867f6cf327d/datanode-5/data/ratis/49311690-fd7e-46b1-96ef-e7e66fcecc5f has been successfully formatted.
2019-07-16 14:17:56,452 INFO  storage.RaftStorage (RaftStorage.java:format(72)) - Storage directory /workdir/hadoop-ozone/integration-test/target/test-dir/MiniOzoneClusterImpl-356bc514-ab20-4970-9b1b-e867f6cf327d/datanode-3/data/ratis/49311690-fd7e-46b1-96ef-e7e66fcecc5f has been successfully formatted.
2019-07-16 14:17:56,452 INFO  storage.RaftStorage (RaftStorage.java:format(72)) - Storage directory /workdir/hadoop-ozone/integration-test/target/test-dir/MiniOzoneClusterImpl-356bc514-ab20-4970-9b1b-e867f6cf327d/datanode-6/data/ratis/49311690-fd7e-46b1-96ef-e7e66fcecc5f has been successfully formatted.
2019-07-16 14:17:56,452 INFO  ratis.ContainerStateMachine (ContainerStateMachine.java:loadSnapshot(200)) - group-E7E66FCECC5F: The snapshot info is null. Setting the last applied indexto:(t:0, i:~)
2019-07-16 14:17:56,452 INFO  ratis.ContainerStateMachine (ContainerStateMachine.java:loadSnapshot(200)) - group-E7E66FCECC5F: The snapshot info is null. Setting the last applied indexto:(t:0, i:~)
2019-07-16 14:17:56,453 INFO  ratis.ContainerStateMachine (ContainerStateMachine.java:loadSnapshot(200)) - group-E7E66FCECC5F: The snapshot info is null. Setting the last applied indexto:(t:0, i:~)
2019-07-16 14:17:56,453 INFO  server.RaftServerConfigKeys (ConfUtils.java:logGet(43)) - raft.server.leader.election.timeout = 120s (custom)
2019-07-16 14:17:56,453 INFO  server.RaftServerConfigKeys (ConfUtils.java:logGet(43)) - raft.server.leader.election.timeout = 120s (custom)
2019-07-16 14:17:56,453 INFO  server.RaftServerConfigKeys (ConfUtils.java:logGet(43)) - raft.server.leader.election.timeout = 120s (custom)
2019-07-16 14:17:56,453 INFO  server.RaftServerConfigKeys (ConfUtils.java:logGet(43)) - raft.server.log.use.memory = false (default)
2019-07-16 14:17:56,453 INFO  server.RaftServerConfigKeys (ConfUtils.java:logGet(43)) - raft.server.log.use.memory = false (default)
2019-07-16 14:17:56,453 INFO  server.RaftServerConfigKeys (ConfUtils.java:logGet(43)) - raft.server.log.purge.gap = 1000000000 (custom)
2019-07-16 14:17:56,453 INFO  server.RaftServerConfigKeys (ConfUtils.java:logGet(43)) - raft.server.log.use.memory = false (default)
2019-07-16 14:17:56,454 INFO  server.RaftServerConfigKeys (ConfUtils.java:logGet(43)) - raft.server.log.appender.buffer.byte-limit = 33554432 (custom)
2019-07-16 14:17:56,454 INFO  server.RaftServerConfigKeys (ConfUtils.java:logGet(43)) - raft.server.log.purge.gap = 1000000000 (custom)
2019-07-16 14:17:56,454 INFO  server.RaftServerConfigKeys (ConfUtils.java:logGet(43)) - raft.server.log.segment.size.max = 1048576 (custom)
2019-07-16 14:17:56,454 INFO  server.RaftServerConfigKeys (ConfUtils.java:logGet(43)) - raft.server.log.purge.gap = 1000000000 (custom)
2019-07-16 14:17:56,454 INFO  server.RaftServerConfigKeys (ConfUtils.java:logGet(43)) - raft.server.log.segment.cache.num.max = 2 (custom)
2019-07-16 14:17:56,454 INFO  server.RaftServerConfigKeys (ConfUtils.java:logGet(43)) - raft.server.log.appender.buffer.byte-limit = 33554432 (custom)
2019-07-16 14:17:56,455 INFO  segmented.SegmentedRaftLogWorker (SegmentedRaftLogWorker.java:<init>(172)) - new d088cbd8-ab6e-4439-8614-2e769fa95619-SegmentedRaftLogWorker:Storage Directory /workdir/hadoop-ozone/integration-test/target/test-dir/MiniOzoneClusterImpl-356bc514-ab20-4970-9b1b-e867f6cf327d/datanode-6/data/ratis/49311690-fd7e-46b1-96ef-e7e66fcecc5f for RaftStorage:Storage Directory /workdir/hadoop-ozone/integration-test/target/test-dir/MiniOzoneClusterImpl-356bc514-ab20-4970-9b1b-e867f6cf327d/datanode-6/data/ratis/49311690-fd7e-46b1-96ef-e7e66fcecc5f
2019-07-16 14:17:56,454 INFO  server.RaftServerConfigKeys (ConfUtils.java:logGet(43)) - raft.server.log.appender.buffer.byte-limit = 33554432 (custom)
2019-07-16 14:17:56,455 INFO  server.RaftServerConfigKeys (ConfUtils.java:logGet(43)) - raft.server.log.queue.byte-limit = 2147483647 (custom)
2019-07-16 14:17:56,455 INFO  server.RaftServerConfigKeys (ConfUtils.java:logGet(43)) - raft.server.log.segment.size.max = 1048576 (custom)
2019-07-16 14:17:56,458 INFO  server.RaftServerConfigKeys (ConfUtils.java:logGet(43)) - raft.server.log.queue.element-limit = 1024 (custom)
2019-07-16 14:17:56,455 INFO  server.RaftServerConfigKeys (ConfUtils.java:logGet(43)) - raft.server.log.segment.size.max = 1048576 (custom)
2019-07-16 14:17:56,458 INFO  server.RaftServerConfigKeys (ConfUtils.java:logGet(43)) - raft.server.log.segment.size.max = 1048576 (custom)
2019-07-16 14:17:56,458 INFO  server.RaftServerConfigKeys (ConfUtils.java:logGet(43)) - raft.server.log.segment.cache.num.max = 2 (custom)
2019-07-16 14:17:56,458 INFO  server.RaftServerConfigKeys (ConfUtils.java:logGet(43)) - raft.server.log.preallocated.size = 16384 (custom)
2019-07-16 14:17:56,458 INFO  server.RaftServerConfigKeys (ConfUtils.java:logGet(43)) - raft.server.log.segment.cache.num.max = 2 (custom)
2019-07-16 14:17:56,459 INFO  server.RaftServerConfigKeys (ConfUtils.java:logGet(43)) - raft.server.log.write.buffer.size = 33554432 (custom)
2019-07-16 14:17:56,459 INFO  segmented.SegmentedRaftLogWorker (SegmentedRaftLogWorker.java:<init>(172)) - new 63509336-6971-468c-b5c2-a3327d3314a9-SegmentedRaftLogWorker:Storage Directory /workdir/hadoop-ozone/integration-test/target/test-dir/MiniOzoneClusterImpl-356bc514-ab20-4970-9b1b-e867f6cf327d/datanode-3/data/ratis/49311690-fd7e-46b1-96ef-e7e66fcecc5f for RaftStorage:Storage Directory /workdir/hadoop-ozone/integration-test/target/test-dir/MiniOzoneClusterImpl-356bc514-ab20-4970-9b1b-e867f6cf327d/datanode-3/data/ratis/49311690-fd7e-46b1-96ef-e7e66fcecc5f
2019-07-16 14:17:56,459 INFO  server.RaftServerConfigKeys (ConfUtils.java:logGet(43)) - raft.server.log.force.sync.num = 128 (default)
2019-07-16 14:17:56,459 INFO  server.RaftServerConfigKeys (ConfUtils.java:logGet(43)) - raft.server.log.statemachine.data.sync = true (default)
2019-07-16 14:17:56,459 INFO  segmented.SegmentedRaftLogWorker (SegmentedRaftLogWorker.java:<init>(172)) - new d0f4f310-adcf-472e-8d2e-24726e34e188-SegmentedRaftLogWorker:Storage Directory /workdir/hadoop-ozone/integration-test/target/test-dir/MiniOzoneClusterImpl-356bc514-ab20-4970-9b1b-e867f6cf327d/datanode-5/data/ratis/49311690-fd7e-46b1-96ef-e7e66fcecc5f for RaftStorage:Storage Directory /workdir/hadoop-ozone/integration-test/target/test-dir/MiniOzoneClusterImpl-356bc514-ab20-4970-9b1b-e867f6cf327d/datanode-5/data/ratis/49311690-fd7e-46b1-96ef-e7e66fcecc5f
2019-07-16 14:17:56,460 INFO  server.RaftServerConfigKeys (ConfUtils.java:logGet(43)) - raft.server.log.statemachine.data.sync.timeout = 10s (default)
2019-07-16 14:17:56,459 INFO  server.RaftServerConfigKeys (ConfUtils.java:logGet(43)) - raft.server.log.queue.byte-limit = 2147483647 (custom)
2019-07-16 14:17:56,462 INFO  server.RaftServerConfigKeys (ConfUtils.java:logGet(43)) - raft.server.log.statemachine.data.sync.timeout.retry = -1 (default)
2019-07-16 14:17:56,462 INFO  server.RaftServerConfigKeys (ConfUtils.java:logGet(43)) - raft.server.log.queue.byte-limit = 2147483647 (custom)
2019-07-16 14:17:56,464 INFO  server.RaftServerConfigKeys (ConfUtils.java:logGet(43)) - raft.server.log.statemachine.data.caching.enabled = true (custom)
2019-07-16 14:17:56,464 INFO  server.RaftServerConfigKeys (ConfUtils.java:logGet(43)) - raft.server.log.queue.element-limit = 1024 (custom)
2019-07-16 14:17:56,465 INFO  server.RaftServerConfigKeys (ConfUtils.java:logGet(43)) - raft.server.log.queue.element-limit = 1024 (custom)
2019-07-16 14:17:56,465 INFO  server.RaftServerConfigKeys (ConfUtils.java:logGet(43)) - raft.server.log.segment.size.max = 1048576 (custom)
2019-07-16 14:17:56,465 INFO  segmented.SegmentedRaftLogWorker (SegmentedRaftLogWorker.java:lambda$new$0(132)) - d088cbd8-ab6e-4439-8614-2e769fa95619-SegmentedRaftLogWorker:Storage Directory /workdir/hadoop-ozone/integration-test/target/test-dir/MiniOzoneClusterImpl-356bc514-ab20-4970-9b1b-e867f6cf327d/datanode-6/data/ratis/49311690-fd7e-46b1-96ef-e7e66fcecc5f: flushIndex: setUnconditionally 0 -> -1
2019-07-16 14:17:56,465 INFO  server.RaftServerConfigKeys (ConfUtils.java:logGet(43)) - raft.server.log.preallocated.size = 16384 (custom)
2019-07-16 14:17:56,465 INFO  server.RaftServerConfigKeys (ConfUtils.java:logGet(43)) - raft.server.log.segment.size.max = 1048576 (custom)
2019-07-16 14:17:56,466 INFO  server.RaftServerConfigKeys (ConfUtils.java:logGet(43)) - raft.server.snapshot.auto.trigger.enabled = true (custom)
2019-07-16 14:17:56,466 INFO  server.RaftServerConfigKeys (ConfUtils.java:logGet(43)) - raft.server.log.write.buffer.size = 33554432 (custom)
2019-07-16 14:17:56,466 INFO  server.RaftServerConfigKeys (ConfUtils.java:logGet(43)) - raft.server.snapshot.auto.trigger.threshold = 10000 (custom)
2019-07-16 14:17:56,466 INFO  server.RaftServerConfigKeys (ConfUtils.java:logGet(43)) - raft.server.log.preallocated.size = 16384 (custom)
2019-07-16 14:17:56,466 INFO  server.RaftServerConfigKeys (ConfUtils.java:logGet(43)) - raft.server.log.force.sync.num = 128 (default)
2019-07-16 14:17:56,466 INFO  server.RaftServerConfigKeys (ConfUtils.java:logGet(43)) - raft.server.retrycache.expirytime = 600000ms (custom)
2019-07-16 14:17:56,466 INFO  server.RaftServerConfigKeys (ConfUtils.java:logGet(43)) - raft.server.log.write.buffer.size = 33554432 (custom)
2019-07-16 14:17:56,467 INFO  impl.RaftServerImpl (RaftServerImpl.java:start(180)) - d088cbd8-ab6e-4439-8614-2e769fa95619: start group-E7E66FCECC5F
2019-07-16 14:17:56,466 INFO  server.RaftServerConfigKeys (ConfUtils.java:logGet(43)) - raft.server.log.statemachine.data.sync = true (default)
2019-07-16 14:17:56,467 INFO  impl.RaftServerImpl (RaftServerImpl.java:setRole(171)) - d088cbd8-ab6e-4439-8614-2e769fa95619:group-E7E66FCECC5F changes role from null to FOLLOWER at term 0 for startAsFollower
2019-07-16 14:17:56,467 INFO  server.RaftServerConfigKeys (ConfUtils.java:logGet(43)) - raft.server.log.force.sync.num = 128 (default)
2019-07-16 14:17:56,467 INFO  impl.RoleInfo (RoleInfo.java:updateAndGet(143)) - d088cbd8-ab6e-4439-8614-2e769fa95619: start FollowerState
2019-07-16 14:17:56,467 INFO  server.RaftServerConfigKeys (ConfUtils.java:logGet(43)) - raft.server.log.statemachine.data.sync.timeout = 10s (default)
2019-07-16 14:17:56,467 INFO  server.RaftServerConfigKeys (ConfUtils.java:logGet(43)) - raft.server.log.statemachine.data.sync = true (default)
2019-07-16 14:17:56,468 INFO  server.RaftServerConfigKeys (ConfUtils.java:logGet(43)) - raft.server.log.statemachine.data.sync.timeout.retry = -1 (default)
2019-07-16 14:17:56,468 INFO  util.JmxRegister (JmxRegister.java:tryRegister(44)) - Successfully registered JMX Bean with object name Ratis:service=RaftServer,group=group-E7E66FCECC5F,id=d088cbd8-ab6e-4439-8614-2e769fa95619
2019-07-16 14:17:56,468 INFO  server.RaftServerConfigKeys (ConfUtils.java:logGet(43)) - raft.server.log.statemachine.data.sync.timeout = 10s (default)
2019-07-16 14:17:56,468 INFO  server.RaftServerConfigKeys (ConfUtils.java:logGet(43)) - raft.server.log.statemachine.data.caching.enabled = true (custom)
2019-07-16 14:17:56,468 INFO  server.RaftServerConfigKeys (ConfUtils.java:logGet(43)) - raft.server.log.statemachine.data.sync.timeout.retry = -1 (default)
2019-07-16 14:17:56,469 INFO  segmented.SegmentedRaftLogWorker (SegmentedRaftLogWorker.java:lambda$new$0(132)) - 63509336-6971-468c-b5c2-a3327d3314a9-SegmentedRaftLogWorker:Storage Directory /workdir/hadoop-ozone/integration-test/target/test-dir/MiniOzoneClusterImpl-356bc514-ab20-4970-9b1b-e867f6cf327d/datanode-3/data/ratis/49311690-fd7e-46b1-96ef-e7e66fcecc5f: flushIndex: setUnconditionally 0 -> -1
2019-07-16 14:17:56,469 INFO  server.RaftServerConfigKeys (ConfUtils.java:logGet(43)) - raft.server.log.statemachine.data.caching.enabled = true (custom)
2019-07-16 14:17:56,469 INFO  server.RaftServerConfigKeys (ConfUtils.java:logGet(43)) - raft.server.snapshot.auto.trigger.enabled = true (custom)
2019-07-16 14:17:56,469 INFO  segmented.SegmentedRaftLogWorker (SegmentedRaftLogWorker.java:lambda$new$0(132)) - d0f4f310-adcf-472e-8d2e-24726e34e188-SegmentedRaftLogWorker:Storage Directory /workdir/hadoop-ozone/integration-test/target/test-dir/MiniOzoneClusterImpl-356bc514-ab20-4970-9b1b-e867f6cf327d/datanode-5/data/ratis/49311690-fd7e-46b1-96ef-e7e66fcecc5f: flushIndex: setUnconditionally 0 -> -1
2019-07-16 14:17:56,469 INFO  server.RaftServerConfigKeys (ConfUtils.java:logGet(43)) - raft.server.snapshot.auto.trigger.threshold = 10000 (custom)
2019-07-16 14:17:56,470 INFO  server.RaftServerConfigKeys (ConfUtils.java:logGet(43)) - raft.server.snapshot.auto.trigger.enabled = true (custom)
2019-07-16 14:17:56,470 INFO  server.RaftServerConfigKeys (ConfUtils.java:logGet(43)) - raft.server.retrycache.expirytime = 600000ms (custom)
2019-07-16 14:17:56,470 INFO  server.RaftServerConfigKeys (ConfUtils.java:logGet(43)) - raft.server.snapshot.auto.trigger.threshold = 10000 (custom)
2019-07-16 14:17:56,470 INFO  impl.RaftServerImpl (RaftServerImpl.java:start(180)) - 63509336-6971-468c-b5c2-a3327d3314a9: start group-E7E66FCECC5F
2019-07-16 14:17:56,470 INFO  server.RaftServerConfigKeys (ConfUtils.java:logGet(43)) - raft.server.retrycache.expirytime = 600000ms (custom)
2019-07-16 14:17:56,470 INFO  impl.RaftServerImpl (RaftServerImpl.java:setRole(171)) - 63509336-6971-468c-b5c2-a3327d3314a9:group-E7E66FCECC5F changes role from null to FOLLOWER at term 0 for startAsFollower
2019-07-16 14:17:56,470 INFO  impl.RaftServerImpl (RaftServerImpl.java:start(180)) - d0f4f310-adcf-472e-8d2e-24726e34e188: start group-E7E66FCECC5F
2019-07-16 14:17:56,471 INFO  impl.RoleInfo (RoleInfo.java:updateAndGet(143)) - 63509336-6971-468c-b5c2-a3327d3314a9: start FollowerState
2019-07-16 14:17:56,471 INFO  impl.RaftServerImpl (RaftServerImpl.java:setRole(171)) - d0f4f310-adcf-472e-8d2e-24726e34e188:group-E7E66FCECC5F changes role from null to FOLLOWER at term 0 for startAsFollower
2019-07-16 14:17:56,471 INFO  impl.RoleInfo (RoleInfo.java:updateAndGet(143)) - d0f4f310-adcf-472e-8d2e-24726e34e188: start FollowerState
2019-07-16 14:17:56,471 INFO  util.JmxRegister (JmxRegister.java:tryRegister(44)) - Successfully registered JMX Bean with object name Ratis:service=RaftServer,group=group-E7E66FCECC5F,id=63509336-6971-468c-b5c2-a3327d3314a9
2019-07-16 14:17:56,471 INFO  util.JmxRegister (JmxRegister.java:tryRegister(44)) - Successfully registered JMX Bean with object name Ratis:service=RaftServer,group=group-E7E66FCECC5F,id=d0f4f310-adcf-472e-8d2e-24726e34e188
2019-07-16 14:17:56,495 INFO  pipeline.PipelineStateManager (PipelineStateManager.java:addPipeline(56)) - Created pipeline Pipeline[ Id: 49311690-fd7e-46b1-96ef-e7e66fcecc5f, Nodes: 63509336-6971-468c-b5c2-a3327d3314a9{ip: 192.168.157.241, host: trunk-nightly-gllmw-2332419065, networkLocation: /default-rack, certSerialId: null}d0f4f310-adcf-472e-8d2e-24726e34e188{ip: 192.168.157.241, host: trunk-nightly-gllmw-2332419065, networkLocation: /default-rack, certSerialId: null}d088cbd8-ab6e-4439-8614-2e769fa95619{ip: 192.168.157.241, host: trunk-nightly-gllmw-2332419065, networkLocation: /default-rack, certSerialId: null}, Type:RATIS, Factor:THREE, State:OPEN]
2019-07-16 14:17:56,530 INFO  impl.RaftServerProxy (RaftServerProxy.java:addNew(89)) - f8fbaaad-930e-4816-816b-7f6974359c03: addNew group-35DFF6FDB14A:[ba993f1d-0319-48bc-847d-c4a68c232f14:192.168.157.241:43510, 3ec2f160-0b4e-4f80-b066-2acb28417227:192.168.157.241:42718, f8fbaaad-930e-4816-816b-7f6974359c03:192.168.157.241:42691] returns group-35DFF6FDB14A:java.util.concurrent.CompletableFuture@5a8edeba[Not completed]
2019-07-16 14:17:56,533 INFO  impl.RaftServerProxy (RaftServerProxy.java:addNew(89)) - ba993f1d-0319-48bc-847d-c4a68c232f14: addNew group-35DFF6FDB14A:[ba993f1d-0319-48bc-847d-c4a68c232f14:192.168.157.241:43510, 3ec2f160-0b4e-4f80-b066-2acb28417227:192.168.157.241:42718, f8fbaaad-930e-4816-816b-7f6974359c03:192.168.157.241:42691] returns group-35DFF6FDB14A:java.util.concurrent.CompletableFuture@3a15ece2[Not completed]
2019-07-16 14:17:56,534 INFO  impl.RaftServerProxy (RaftServerProxy.java:addNew(89)) - 3ec2f160-0b4e-4f80-b066-2acb28417227: addNew group-35DFF6FDB14A:[ba993f1d-0319-48bc-847d-c4a68c232f14:192.168.157.241:43510, 3ec2f160-0b4e-4f80-b066-2acb28417227:192.168.157.241:42718, f8fbaaad-930e-4816-816b-7f6974359c03:192.168.157.241:42691] returns group-35DFF6FDB14A:java.util.concurrent.CompletableFuture@10668ec4[Not completed]
2019-07-16 14:17:56,536 INFO  impl.RaftServerImpl (RaftServerImpl.java:<init>(93)) - f8fbaaad-930e-4816-816b-7f6974359c03: new RaftServerImpl for group-35DFF6FDB14A:[ba993f1d-0319-48bc-847d-c4a68c232f14:192.168.157.241:43510, 3ec2f160-0b4e-4f80-b066-2acb28417227:192.168.157.241:42718, f8fbaaad-930e-4816-816b-7f6974359c03:192.168.157.241:42691] with ContainerStateMachine:uninitialized
2019-07-16 14:17:56,536 INFO  server.RaftServerConfigKeys (ConfUtils.java:logGet(43)) - raft.server.rpc.timeout.min = 5s (custom)
2019-07-16 14:17:56,536 INFO  server.RaftServerConfigKeys (ConfUtils.java:logGet(43)) - raft.server.rpc.timeout.max = 5200ms (custom)
2019-07-16 14:17:56,536 INFO  server.RaftServerConfigKeys (ConfUtils.java:logGet(43)) - raft.server.rpcslowness.timeout = 120s (custom)
2019-07-16 14:17:56,537 INFO  server.RaftServerConfigKeys (ConfUtils.java:logGet(43)) - raft.server.sleep.deviation.threshold = 300 (default)
2019-07-16 14:17:56,537 INFO  impl.RaftServerImpl (RaftServerImpl.java:<init>(93)) - ba993f1d-0319-48bc-847d-c4a68c232f14: new RaftServerImpl for group-35DFF6FDB14A:[ba993f1d-0319-48bc-847d-c4a68c232f14:192.168.157.241:43510, 3ec2f160-0b4e-4f80-b066-2acb28417227:192.168.157.241:42718, f8fbaaad-930e-4816-816b-7f6974359c03:192.168.157.241:42691] with ContainerStateMachine:uninitialized
2019-07-16 14:17:56,537 INFO  server.RaftServerConfigKeys (ConfUtils.java:logGet(43)) - raft.server.log.appender.install.snapshot.enabled = false (custom)
2019-07-16 14:17:56,537 INFO  server.RaftServerConfigKeys (ConfUtils.java:logGet(43)) - raft.server.rpc.timeout.min = 5s (custom)
2019-07-16 14:17:56,537 INFO  impl.RaftServerImpl (ServerState.java:<init>(105)) - f8fbaaad-930e-4816-816b-7f6974359c03:group-35DFF6FDB14A ConfigurationManager, init=-1: [ba993f1d-0319-48bc-847d-c4a68c232f14:192.168.157.241:43510, 3ec2f160-0b4e-4f80-b066-2acb28417227:192.168.157.241:42718, f8fbaaad-930e-4816-816b-7f6974359c03:192.168.157.241:42691], old=null, confs=<EMPTY_MAP>
2019-07-16 14:17:56,537 INFO  server.RaftServerConfigKeys (ConfUtils.java:logGet(43)) - raft.server.rpc.timeout.max = 5200ms (custom)
2019-07-16 14:17:56,537 INFO  server.RaftServerConfigKeys (ConfUtils.java:logGet(43)) - raft.server.storage.dir = [/workdir/hadoop-ozone/integration-test/target/test-dir/MiniOzoneClusterImpl-356bc514-ab20-4970-9b1b-e867f6cf327d/datanode-2/data/ratis] (custom)
2019-07-16 14:17:56,537 INFO  impl.RaftServerImpl (RaftServerImpl.java:<init>(93)) - 3ec2f160-0b4e-4f80-b066-2acb28417227: new RaftServerImpl for group-35DFF6FDB14A:[ba993f1d-0319-48bc-847d-c4a68c232f14:192.168.157.241:43510, 3ec2f160-0b4e-4f80-b066-2acb28417227:192.168.157.241:42718, f8fbaaad-930e-4816-816b-7f6974359c03:192.168.157.241:42691] with ContainerStateMachine:uninitialized
2019-07-16 14:17:56,537 INFO  server.RaftServerConfigKeys (ConfUtils.java:logGet(43)) - raft.server.rpcslowness.timeout = 120s (custom)
2019-07-16 14:17:56,538 INFO  server.RaftServerConfigKeys (ConfUtils.java:logGet(43)) - raft.server.rpc.timeout.min = 5s (custom)
2019-07-16 14:17:56,538 INFO  storage.RaftStorageDirectory (RaftStorageDirectory.java:analyzeStorage(246)) - The storage directory /workdir/hadoop-ozone/integration-test/target/test-dir/MiniOzoneClusterImpl-356bc514-ab20-4970-9b1b-e867f6cf327d/datanode-2/data/ratis/ffe7e0dd-2665-4af7-9542-35dff6fdb14a does not exist. Creating ...
2019-07-16 14:17:56,538 INFO  server.RaftServerConfigKeys (ConfUtils.java:logGet(43)) - raft.server.sleep.deviation.threshold = 300 (default)
2019-07-16 14:17:56,538 INFO  server.RaftServerConfigKeys (ConfUtils.java:logGet(43)) - raft.server.rpc.timeout.max = 5200ms (custom)
2019-07-16 14:17:56,538 INFO  server.RaftServerConfigKeys (ConfUtils.java:logGet(43)) - raft.server.log.appender.install.snapshot.enabled = false (custom)
2019-07-16 14:17:56,538 INFO  server.RaftServerConfigKeys (ConfUtils.java:logGet(43)) - raft.server.rpcslowness.timeout = 120s (custom)
2019-07-16 14:17:56,538 INFO  impl.RaftServerImpl (ServerState.java:<init>(105)) - ba993f1d-0319-48bc-847d-c4a68c232f14:group-35DFF6FDB14A ConfigurationManager, init=-1: [ba993f1d-0319-48bc-847d-c4a68c232f14:192.168.157.241:43510, 3ec2f160-0b4e-4f80-b066-2acb28417227:192.168.157.241:42718, f8fbaaad-930e-4816-816b-7f6974359c03:192.168.157.241:42691], old=null, confs=<EMPTY_MAP>
2019-07-16 14:17:56,538 INFO  server.RaftServerConfigKeys (ConfUtils.java:logGet(43)) - raft.server.sleep.deviation.threshold = 300 (default)
2019-07-16 14:17:56,539 INFO  server.RaftServerConfigKeys (ConfUtils.java:logGet(43)) - raft.server.log.appender.install.snapshot.enabled = false (custom)
2019-07-16 14:17:56,539 INFO  server.RaftServerConfigKeys (ConfUtils.java:logGet(43)) - raft.server.storage.dir = [/workdir/hadoop-ozone/integration-test/target/test-dir/MiniOzoneClusterImpl-356bc514-ab20-4970-9b1b-e867f6cf327d/datanode-4/data/ratis] (custom)
2019-07-16 14:17:56,539 INFO  impl.RaftServerImpl (ServerState.java:<init>(105)) - 3ec2f160-0b4e-4f80-b066-2acb28417227:group-35DFF6FDB14A ConfigurationManager, init=-1: [ba993f1d-0319-48bc-847d-c4a68c232f14:192.168.157.241:43510, 3ec2f160-0b4e-4f80-b066-2acb28417227:192.168.157.241:42718, f8fbaaad-930e-4816-816b-7f6974359c03:192.168.157.241:42691], old=null, confs=<EMPTY_MAP>
2019-07-16 14:17:56,539 INFO  server.RaftServerConfigKeys (ConfUtils.java:logGet(43)) - raft.server.storage.dir = [/workdir/hadoop-ozone/integration-test/target/test-dir/MiniOzoneClusterImpl-356bc514-ab20-4970-9b1b-e867f6cf327d/datanode-0/data/ratis] (custom)
2019-07-16 14:17:56,539 INFO  storage.RaftStorageDirectory (RaftStorageDirectory.java:analyzeStorage(246)) - The storage directory /workdir/hadoop-ozone/integration-test/target/test-dir/MiniOzoneClusterImpl-356bc514-ab20-4970-9b1b-e867f6cf327d/datanode-4/data/ratis/ffe7e0dd-2665-4af7-9542-35dff6fdb14a does not exist. Creating ...
2019-07-16 14:17:56,539 INFO  storage.RaftStorageDirectory (RaftStorageDirectory.java:analyzeStorage(246)) - The storage directory /workdir/hadoop-ozone/integration-test/target/test-dir/MiniOzoneClusterImpl-356bc514-ab20-4970-9b1b-e867f6cf327d/datanode-0/data/ratis/ffe7e0dd-2665-4af7-9542-35dff6fdb14a does not exist. Creating ...
2019-07-16 14:17:56,557 INFO  storage.RaftStorageDirectory (RaftStorageDirectory.java:tryLock(328)) - Lock on /workdir/hadoop-ozone/integration-test/target/test-dir/MiniOzoneClusterImpl-356bc514-ab20-4970-9b1b-e867f6cf327d/datanode-0/data/ratis/ffe7e0dd-2665-4af7-9542-35dff6fdb14a/in_use.lock acquired by nodename 20198@trunk-nightly-gllmw-2332419065
2019-07-16 14:17:56,557 INFO  storage.RaftStorageDirectory (RaftStorageDirectory.java:tryLock(328)) - Lock on /workdir/hadoop-ozone/integration-test/target/test-dir/MiniOzoneClusterImpl-356bc514-ab20-4970-9b1b-e867f6cf327d/datanode-4/data/ratis/ffe7e0dd-2665-4af7-9542-35dff6fdb14a/in_use.lock acquired by nodename 20198@trunk-nightly-gllmw-2332419065
2019-07-16 14:17:56,557 INFO  storage.RaftStorageDirectory (RaftStorageDirectory.java:tryLock(328)) - Lock on /workdir/hadoop-ozone/integration-test/target/test-dir/MiniOzoneClusterImpl-356bc514-ab20-4970-9b1b-e867f6cf327d/datanode-2/data/ratis/ffe7e0dd-2665-4af7-9542-35dff6fdb14a/in_use.lock acquired by nodename 20198@trunk-nightly-gllmw-2332419065
2019-07-16 14:17:56,571 INFO  storage.RaftStorage (RaftStorage.java:format(72)) - Storage directory /workdir/hadoop-ozone/integration-test/target/test-dir/MiniOzoneClusterImpl-356bc514-ab20-4970-9b1b-e867f6cf327d/datanode-2/data/ratis/ffe7e0dd-2665-4af7-9542-35dff6fdb14a has been successfully formatted.
2019-07-16 14:17:56,571 INFO  storage.RaftStorage (RaftStorage.java:format(72)) - Storage directory /workdir/hadoop-ozone/integration-test/target/test-dir/MiniOzoneClusterImpl-356bc514-ab20-4970-9b1b-e867f6cf327d/datanode-4/data/ratis/ffe7e0dd-2665-4af7-9542-35dff6fdb14a has been successfully formatted.
2019-07-16 14:17:56,571 INFO  ratis.ContainerStateMachine (ContainerStateMachine.java:loadSnapshot(200)) - group-35DFF6FDB14A: The snapshot info is null. Setting the last applied indexto:(t:0, i:~)
2019-07-16 14:17:56,571 INFO  storage.RaftStorage (RaftStorage.java:format(72)) - Storage directory /workdir/hadoop-ozone/integration-test/target/test-dir/MiniOzoneClusterImpl-356bc514-ab20-4970-9b1b-e867f6cf327d/datanode-0/data/ratis/ffe7e0dd-2665-4af7-9542-35dff6fdb14a has been successfully formatted.
2019-07-16 14:17:56,572 INFO  ratis.ContainerStateMachine (ContainerStateMachine.java:loadSnapshot(200)) - group-35DFF6FDB14A: The snapshot info is null. Setting the last applied indexto:(t:0, i:~)
2019-07-16 14:17:56,572 INFO  server.RaftServerConfigKeys (ConfUtils.java:logGet(43)) - raft.server.leader.election.timeout = 120s (custom)
2019-07-16 14:17:56,572 INFO  server.RaftServerConfigKeys (ConfUtils.java:logGet(43)) - raft.server.leader.election.timeout = 120s (custom)
2019-07-16 14:17:56,572 INFO  ratis.ContainerStateMachine (ContainerStateMachine.java:loadSnapshot(200)) - group-35DFF6FDB14A: The snapshot info is null. Setting the last applied indexto:(t:0, i:~)
2019-07-16 14:17:56,572 INFO  server.RaftServerConfigKeys (ConfUtils.java:logGet(43)) - raft.server.log.use.memory = false (default)
2019-07-16 14:17:56,572 INFO  server.RaftServerConfigKeys (ConfUtils.java:logGet(43)) - raft.server.log.use.memory = false (default)
2019-07-16 14:17:56,573 INFO  server.RaftServerConfigKeys (ConfUtils.java:logGet(43)) - raft.server.log.purge.gap = 1000000000 (custom)
2019-07-16 14:17:56,572 INFO  server.RaftServerConfigKeys (ConfUtils.java:logGet(43)) - raft.server.leader.election.timeout = 120s (custom)
2019-07-16 14:17:56,573 INFO  server.RaftServerConfigKeys (ConfUtils.java:logGet(43)) - raft.server.log.appender.buffer.byte-limit = 33554432 (custom)
2019-07-16 14:17:56,573 INFO  server.RaftServerConfigKeys (ConfUtils.java:logGet(43)) - raft.server.log.purge.gap = 1000000000 (custom)
2019-07-16 14:17:56,573 INFO  server.RaftServerConfigKeys (ConfUtils.java:logGet(43)) - raft.server.log.segment.size.max = 1048576 (custom)
2019-07-16 14:17:56,573 INFO  server.RaftServerConfigKeys (ConfUtils.java:logGet(43)) - raft.server.log.use.memory = false (default)
2019-07-16 14:17:56,574 INFO  server.RaftServerConfigKeys (ConfUtils.java:logGet(43)) - raft.server.log.segment.cache.num.max = 2 (custom)
2019-07-16 14:17:56,573 INFO  server.RaftServerConfigKeys (ConfUtils.java:logGet(43)) - raft.server.log.appender.buffer.byte-limit = 33554432 (custom)
2019-07-16 14:17:56,574 INFO  segmented.SegmentedRaftLogWorker (SegmentedRaftLogWorker.java:<init>(172)) - new ba993f1d-0319-48bc-847d-c4a68c232f14-SegmentedRaftLogWorker:Storage Directory /workdir/hadoop-ozone/integration-test/target/test-dir/MiniOzoneClusterImpl-356bc514-ab20-4970-9b1b-e867f6cf327d/datanode-4/data/ratis/ffe7e0dd-2665-4af7-9542-35dff6fdb14a for RaftStorage:Storage Directory /workdir/hadoop-ozone/integration-test/target/test-dir/MiniOzoneClusterImpl-356bc514-ab20-4970-9b1b-e867f6cf327d/datanode-4/data/ratis/ffe7e0dd-2665-4af7-9542-35dff6fdb14a
2019-07-16 14:17:56,574 INFO  server.RaftServerConfigKeys (ConfUtils.java:logGet(43)) - raft.server.log.purge.gap = 1000000000 (custom)
2019-07-16 14:17:56,574 INFO  server.RaftServerConfigKeys (ConfUtils.java:logGet(43)) - raft.server.log.queue.byte-limit = 2147483647 (custom)
2019-07-16 14:17:56,574 INFO  server.RaftServerConfigKeys (ConfUtils.java:logGet(43)) - raft.server.log.segment.size.max = 1048576 (custom)
2019-07-16 14:17:56,577 INFO  server.RaftServerConfigKeys (ConfUtils.java:logGet(43)) - raft.server.log.queue.element-limit = 1024 (custom)
2019-07-16 14:17:56,576 INFO  server.RaftServerConfigKeys (ConfUtils.java:logGet(43)) - raft.server.log.appender.buffer.byte-limit = 33554432 (custom)
2019-07-16 14:17:56,577 INFO  server.RaftServerConfigKeys (ConfUtils.java:logGet(43)) - raft.server.log.segment.size.max = 1048576 (custom)
2019-07-16 14:17:56,577 INFO  server.RaftServerConfigKeys (ConfUtils.java:logGet(43)) - raft.server.log.segment.cache.num.max = 2 (custom)
2019-07-16 14:17:56,577 INFO  server.RaftServerConfigKeys (ConfUtils.java:logGet(43)) - raft.server.log.preallocated.size = 16384 (custom)
2019-07-16 14:17:56,577 INFO  server.RaftServerConfigKeys (ConfUtils.java:logGet(43)) - raft.server.log.segment.size.max = 1048576 (custom)
2019-07-16 14:17:56,578 INFO  server.RaftServerConfigKeys (ConfUtils.java:logGet(43)) - raft.server.log.write.buffer.size = 33554432 (custom)
2019-07-16 14:17:56,578 INFO  segmented.SegmentedRaftLogWorker (SegmentedRaftLogWorker.java:<init>(172)) - new f8fbaaad-930e-4816-816b-7f6974359c03-SegmentedRaftLogWorker:Storage Directory /workdir/hadoop-ozone/integration-test/target/test-dir/MiniOzoneClusterImpl-356bc514-ab20-4970-9b1b-e867f6cf327d/datanode-2/data/ratis/ffe7e0dd-2665-4af7-9542-35dff6fdb14a for RaftStorage:Storage Directory /workdir/hadoop-ozone/integration-test/target/test-dir/MiniOzoneClusterImpl-356bc514-ab20-4970-9b1b-e867f6cf327d/datanode-2/data/ratis/ffe7e0dd-2665-4af7-9542-35dff6fdb14a
2019-07-16 14:17:56,578 INFO  server.RaftServerConfigKeys (ConfUtils.java:logGet(43)) - raft.server.log.force.sync.num = 128 (default)
2019-07-16 14:17:56,578 INFO  server.RaftServerConfigKeys (ConfUtils.java:logGet(43)) - raft.server.log.segment.cache.num.max = 2 (custom)
2019-07-16 14:17:56,578 INFO  server.RaftServerConfigKeys (ConfUtils.java:logGet(43)) - raft.server.log.statemachine.data.sync = true (default)
2019-07-16 14:17:56,578 INFO  server.RaftServerConfigKeys (ConfUtils.java:logGet(43)) - raft.server.log.queue.byte-limit = 2147483647 (custom)
2019-07-16 14:17:56,581 INFO  server.RaftServerConfigKeys (ConfUtils.java:logGet(43)) - raft.server.log.statemachine.data.sync.timeout = 10s (default)
2019-07-16 14:17:56,580 INFO  segmented.SegmentedRaftLogWorker (SegmentedRaftLogWorker.java:<init>(172)) - new 3ec2f160-0b4e-4f80-b066-2acb28417227-SegmentedRaftLogWorker:Storage Directory /workdir/hadoop-ozone/integration-test/target/test-dir/MiniOzoneClusterImpl-356bc514-ab20-4970-9b1b-e867f6cf327d/datanode-0/data/ratis/ffe7e0dd-2665-4af7-9542-35dff6fdb14a for RaftStorage:Storage Directory /workdir/hadoop-ozone/integration-test/target/test-dir/MiniOzoneClusterImpl-356bc514-ab20-4970-9b1b-e867f6cf327d/datanode-0/data/ratis/ffe7e0dd-2665-4af7-9542-35dff6fdb14a
2019-07-16 14:17:56,581 INFO  server.RaftServerConfigKeys (ConfUtils.java:logGet(43)) - raft.server.log.statemachine.data.sync.timeout.retry = -1 (default)
2019-07-16 14:17:56,581 INFO  server.RaftServerConfigKeys (ConfUtils.java:logGet(43)) - raft.server.log.queue.element-limit = 1024 (custom)
2019-07-16 14:17:56,584 INFO  server.RaftServerConfigKeys (ConfUtils.java:logGet(43)) - raft.server.log.statemachine.data.caching.enabled = true (custom)
2019-07-16 14:17:56,581 INFO  server.RaftServerConfigKeys (ConfUtils.java:logGet(43)) - raft.server.log.queue.byte-limit = 2147483647 (custom)
2019-07-16 14:17:56,584 INFO  server.RaftServerConfigKeys (ConfUtils.java:logGet(43)) - raft.server.log.segment.size.max = 1048576 (custom)
2019-07-16 14:17:56,584 INFO  server.RaftServerConfigKeys (ConfUtils.java:logGet(43)) - raft.server.log.queue.element-limit = 1024 (custom)
2019-07-16 14:17:56,584 INFO  segmented.SegmentedRaftLogWorker (SegmentedRaftLogWorker.java:lambda$new$0(132)) - ba993f1d-0319-48bc-847d-c4a68c232f14-SegmentedRaftLogWorker:Storage Directory /workdir/hadoop-ozone/integration-test/target/test-dir/MiniOzoneClusterImpl-356bc514-ab20-4970-9b1b-e867f6cf327d/datanode-4/data/ratis/ffe7e0dd-2665-4af7-9542-35dff6fdb14a: flushIndex: setUnconditionally 0 -> -1
2019-07-16 14:17:56,584 INFO  server.RaftServerConfigKeys (ConfUtils.java:logGet(43)) - raft.server.log.segment.size.max = 1048576 (custom)
2019-07-16 14:17:56,584 INFO  server.RaftServerConfigKeys (ConfUtils.java:logGet(43)) - raft.server.log.preallocated.size = 16384 (custom)
2019-07-16 14:17:56,585 INFO  server.RaftServerConfigKeys (ConfUtils.java:logGet(43)) - raft.server.snapshot.auto.trigger.enabled = true (custom)
2019-07-16 14:17:56,585 INFO  server.RaftServerConfigKeys (ConfUtils.java:logGet(43)) - raft.server.log.preallocated.size = 16384 (custom)
2019-07-16 14:17:56,585 INFO  server.RaftServerConfigKeys (ConfUtils.java:logGet(43)) - raft.server.snapshot.auto.trigger.threshold = 10000 (custom)
2019-07-16 14:17:56,585 INFO  server.RaftServerConfigKeys (ConfUtils.java:logGet(43)) - raft.server.log.write.buffer.size = 33554432 (custom)
2019-07-16 14:17:56,585 INFO  server.RaftServerConfigKeys (ConfUtils.java:logGet(43)) - raft.server.retrycache.expirytime = 600000ms (custom)
2019-07-16 14:17:56,585 INFO  server.RaftServerConfigKeys (ConfUtils.java:logGet(43)) - raft.server.log.write.buffer.size = 33554432 (custom)
2019-07-16 14:17:56,586 INFO  impl.RaftServerImpl (RaftServerImpl.java:start(180)) - ba993f1d-0319-48bc-847d-c4a68c232f14: start group-35DFF6FDB14A
2019-07-16 14:17:56,586 INFO  server.RaftServerConfigKeys (ConfUtils.java:logGet(43)) - raft.server.log.force.sync.num = 128 (default)
2019-07-16 14:17:56,586 INFO  impl.RaftServerImpl (RaftServerImpl.java:setRole(171)) - ba993f1d-0319-48bc-847d-c4a68c232f14:group-35DFF6FDB14A changes role from null to FOLLOWER at term 0 for startAsFollower
2019-07-16 14:17:56,586 INFO  server.RaftServerConfigKeys (ConfUtils.java:logGet(43)) - raft.server.log.force.sync.num = 128 (default)
2019-07-16 14:17:56,586 INFO  impl.RoleInfo (RoleInfo.java:updateAndGet(143)) - ba993f1d-0319-48bc-847d-c4a68c232f14: start FollowerState
2019-07-16 14:17:56,586 INFO  server.RaftServerConfigKeys (ConfUtils.java:logGet(43)) - raft.server.log.statemachine.data.sync = true (default)
2019-07-16 14:17:56,587 INFO  server.RaftServerConfigKeys (ConfUtils.java:logGet(43)) - raft.server.log.statemachine.data.sync = true (default)
2019-07-16 14:17:56,587 INFO  server.RaftServerConfigKeys (ConfUtils.java:logGet(43)) - raft.server.log.statemachine.data.sync.timeout = 10s (default)
2019-07-16 14:17:56,587 INFO  util.JmxRegister (JmxRegister.java:tryRegister(44)) - Successfully registered JMX Bean with object name Ratis:service=RaftServer,group=group-35DFF6FDB14A,id=ba993f1d-0319-48bc-847d-c4a68c232f14
2019-07-16 14:17:56,587 INFO  server.RaftServerConfigKeys (ConfUtils.java:logGet(43)) - raft.server.log.statemachine.data.sync.timeout = 10s (default)
2019-07-16 14:17:56,587 INFO  server.RaftServerConfigKeys (ConfUtils.java:logGet(43)) - raft.server.log.statemachine.data.sync.timeout.retry = -1 (default)
2019-07-16 14:17:56,588 INFO  server.RaftServerConfigKeys (ConfUtils.java:logGet(43)) - raft.server.log.statemachine.data.sync.timeout.retry = -1 (default)
2019-07-16 14:17:56,588 INFO  server.RaftServerConfigKeys (ConfUtils.java:logGet(43)) - raft.server.log.statemachine.data.caching.enabled = true (custom)
2019-07-16 14:17:56,588 INFO  server.RaftServerConfigKeys (ConfUtils.java:logGet(43)) - raft.server.log.statemachine.data.caching.enabled = true (custom)
2019-07-16 14:17:56,588 INFO  segmented.SegmentedRaftLogWorker (SegmentedRaftLogWorker.java:lambda$new$0(132)) - f8fbaaad-930e-4816-816b-7f6974359c03-SegmentedRaftLogWorker:Storage Directory /workdir/hadoop-ozone/integration-test/target/test-dir/MiniOzoneClusterImpl-356bc514-ab20-4970-9b1b-e867f6cf327d/datanode-2/data/ratis/ffe7e0dd-2665-4af7-9542-35dff6fdb14a: flushIndex: setUnconditionally 0 -> -1
2019-07-16 14:17:56,588 INFO  segmented.SegmentedRaftLogWorker (SegmentedRaftLogWorker.java:lambda$new$0(132)) - 3ec2f160-0b4e-4f80-b066-2acb28417227-SegmentedRaftLogWorker:Storage Directory /workdir/hadoop-ozone/integration-test/target/test-dir/MiniOzoneClusterImpl-356bc514-ab20-4970-9b1b-e867f6cf327d/datanode-0/data/ratis/ffe7e0dd-2665-4af7-9542-35dff6fdb14a: flushIndex: setUnconditionally 0 -> -1
2019-07-16 14:17:56,589 INFO  server.RaftServerConfigKeys (ConfUtils.java:logGet(43)) - raft.server.snapshot.auto.trigger.enabled = true (custom)
2019-07-16 14:17:56,589 INFO  server.RaftServerConfigKeys (ConfUtils.java:logGet(43)) - raft.server.snapshot.auto.trigger.threshold = 10000 (custom)
2019-07-16 14:17:56,589 INFO  server.RaftServerConfigKeys (ConfUtils.java:logGet(43)) - raft.server.snapshot.auto.trigger.enabled = true (custom)
2019-07-16 14:17:56,589 INFO  server.RaftServerConfigKeys (ConfUtils.java:logGet(43)) - raft.server.retrycache.expirytime = 600000ms (custom)
2019-07-16 14:17:56,589 INFO  server.RaftServerConfigKeys (ConfUtils.java:logGet(43)) - raft.server.snapshot.auto.trigger.threshold = 10000 (custom)
2019-07-16 14:17:56,589 INFO  impl.RaftServerImpl (RaftServerImpl.java:start(180)) - f8fbaaad-930e-4816-816b-7f6974359c03: start group-35DFF6FDB14A
2019-07-16 14:17:56,590 INFO  server.RaftServerConfigKeys (ConfUtils.java:logGet(43)) - raft.server.retrycache.expirytime = 600000ms (custom)
2019-07-16 14:17:56,590 INFO  impl.RaftServerImpl (RaftServerImpl.java:setRole(171)) - f8fbaaad-930e-4816-816b-7f6974359c03:group-35DFF6FDB14A changes role from null to FOLLOWER at term 0 for startAsFollower
2019-07-16 14:17:56,592 INFO  impl.RaftServerImpl (RaftServerImpl.java:start(180)) - 3ec2f160-0b4e-4f80-b066-2acb28417227: start group-35DFF6FDB14A
2019-07-16 14:17:56,592 INFO  impl.RoleInfo (RoleInfo.java:updateAndGet(143)) - f8fbaaad-930e-4816-816b-7f6974359c03: start FollowerState
2019-07-16 14:17:56,594 INFO  impl.RaftServerImpl (RaftServerImpl.java:setRole(171)) - 3ec2f160-0b4e-4f80-b066-2acb28417227:group-35DFF6FDB14A changes role from null to FOLLOWER at term 0 for startAsFollower
2019-07-16 14:17:56,595 INFO  impl.RoleInfo (RoleInfo.java:updateAndGet(143)) - 3ec2f160-0b4e-4f80-b066-2acb28417227: start FollowerState
2019-07-16 14:17:56,595 INFO  util.JmxRegister (JmxRegister.java:tryRegister(44)) - Successfully registered JMX Bean with object name Ratis:service=RaftServer,group=group-35DFF6FDB14A,id=f8fbaaad-930e-4816-816b-7f6974359c03
2019-07-16 14:17:56,600 INFO  util.JmxRegister (JmxRegister.java:tryRegister(44)) - Successfully registered JMX Bean with object name Ratis:service=RaftServer,group=group-35DFF6FDB14A,id=3ec2f160-0b4e-4f80-b066-2acb28417227
2019-07-16 14:17:56,617 INFO  pipeline.PipelineStateManager (PipelineStateManager.java:addPipeline(56)) - Created pipeline Pipeline[ Id: ffe7e0dd-2665-4af7-9542-35dff6fdb14a, Nodes: 3ec2f160-0b4e-4f80-b066-2acb28417227{ip: 192.168.157.241, host: trunk-nightly-gllmw-2332419065, networkLocation: /default-rack, certSerialId: null}f8fbaaad-930e-4816-816b-7f6974359c03{ip: 192.168.157.241, host: trunk-nightly-gllmw-2332419065, networkLocation: /default-rack, certSerialId: null}ba993f1d-0319-48bc-847d-c4a68c232f14{ip: 192.168.157.241, host: trunk-nightly-gllmw-2332419065, networkLocation: /default-rack, certSerialId: null}, Type:RATIS, Factor:THREE, State:OPEN]
2019-07-16 14:17:56,633 INFO  ozone.MiniOzoneClusterImpl (MiniOzoneClusterImpl.java:lambda$waitForClusterToBeReady$0(142)) - Cluster is ready. Got 7 of 7 DN Heartbeats.
2019-07-16 14:17:56,979 INFO  rpc.RpcClient (RpcClient.java:createVolume(287)) - Creating Volume: closecontainerexceptionhandlingtest, with jenkins1000 as owner.
2019-07-16 14:17:57,060 INFO  rpc.RpcClient (RpcClient.java:createBucket(424)) - Creating Bucket: closecontainerexceptionhandlingtest/closecontainerexceptionhandlingtest, with Versioning false and Storage Type set to DISK and Encryption set to false 
2019-07-16 14:17:57,380 INFO  client.GrpcClientProtocolClient (GrpcClientProtocolClient.java:onNext(255)) - client-A6FBEAEF407A->3ec2f160-0b4e-4f80-b066-2acb28417227: receive RaftClientReply:client-A6FBEAEF407A->3ec2f160-0b4e-4f80-b066-2acb28417227@group-35DFF6FDB14A, cid=13, FAILED org.apache.ratis.protocol.NotLeaderException: Server 3ec2f160-0b4e-4f80-b066-2acb28417227 is not the leader (null). Request must be sent to leader., logIndex=0, commits[3ec2f160-0b4e-4f80-b066-2acb28417227:c-1]
2019-07-16 14:17:57,584 INFO  container.ReplicationManager (ReplicationManager.java:start(155)) - Starting Replication Monitor Thread.
2019-07-16 14:17:57,586 INFO  container.ReplicationManager (ReplicationManager.java:run(207)) - Replication Monitor Thread took 1 milliseconds for processing 1 containers.
2019-07-16 14:17:58,443 INFO  client.GrpcClientProtocolClient (GrpcClientProtocolClient.java:onNext(255)) - client-A6FBEAEF407A->ba993f1d-0319-48bc-847d-c4a68c232f14: receive RaftClientReply:client-A6FBEAEF407A->ba993f1d-0319-48bc-847d-c4a68c232f14@group-35DFF6FDB14A, cid=13, FAILED org.apache.ratis.protocol.NotLeaderException: Server ba993f1d-0319-48bc-847d-c4a68c232f14 is not the leader (null). Request must be sent to leader., logIndex=0, commits[ba993f1d-0319-48bc-847d-c4a68c232f14:c-1]
2019-07-16 14:17:59,487 INFO  client.GrpcClientProtocolClient (GrpcClientProtocolClient.java:onNext(255)) - client-A6FBEAEF407A->f8fbaaad-930e-4816-816b-7f6974359c03: receive RaftClientReply:client-A6FBEAEF407A->f8fbaaad-930e-4816-816b-7f6974359c03@group-35DFF6FDB14A, cid=13, FAILED org.apache.ratis.protocol.NotLeaderException: Server f8fbaaad-930e-4816-816b-7f6974359c03 is not the leader (null). Request must be sent to leader., logIndex=0, commits[f8fbaaad-930e-4816-816b-7f6974359c03:c-1]
2019-07-16 14:18:00,525 INFO  client.GrpcClientProtocolClient (GrpcClientProtocolClient.java:onNext(255)) - client-A6FBEAEF407A->3ec2f160-0b4e-4f80-b066-2acb28417227: receive RaftClientReply:client-A6FBEAEF407A->3ec2f160-0b4e-4f80-b066-2acb28417227@group-35DFF6FDB14A, cid=13, FAILED org.apache.ratis.protocol.NotLeaderException: Server 3ec2f160-0b4e-4f80-b066-2acb28417227 is not the leader (null). Request must be sent to leader., logIndex=0, commits[3ec2f160-0b4e-4f80-b066-2acb28417227:c-1]
2019-07-16 14:18:00,855 INFO  impl.FollowerState (FollowerState.java:run(106)) - 3ec2f160-0b4e-4f80-b066-2acb28417227:group-FB856FBC2F97 changes to CANDIDATE, lastRpcTime:5089, electionTimeout:5088ms
2019-07-16 14:18:00,855 INFO  impl.RoleInfo (RoleInfo.java:shutdownFollowerState(121)) - 3ec2f160-0b4e-4f80-b066-2acb28417227: shutdown FollowerState
2019-07-16 14:18:00,855 INFO  impl.RaftServerImpl (RaftServerImpl.java:setRole(171)) - 3ec2f160-0b4e-4f80-b066-2acb28417227:group-FB856FBC2F97 changes role from FOLLOWER to CANDIDATE at term 0 for changeToCandidate
2019-07-16 14:18:00,862 INFO  impl.RoleInfo (RoleInfo.java:updateAndGet(143)) - 3ec2f160-0b4e-4f80-b066-2acb28417227: start LeaderElection
2019-07-16 14:18:00,884 INFO  impl.LeaderElection (LeaderElection.java:askForVotes(181)) - 3ec2f160-0b4e-4f80-b066-2acb28417227:group-FB856FBC2F97:LeaderElection1: begin an election at term 1 for -1: [3ec2f160-0b4e-4f80-b066-2acb28417227:192.168.157.241:42718], old=null
2019-07-16 14:18:00,886 INFO  impl.RoleInfo (RoleInfo.java:shutdownLeaderElection(134)) - 3ec2f160-0b4e-4f80-b066-2acb28417227: shutdown LeaderElection
2019-07-16 14:18:00,887 INFO  impl.RaftServerImpl (RaftServerImpl.java:setRole(171)) - 3ec2f160-0b4e-4f80-b066-2acb28417227:group-FB856FBC2F97 changes role from CANDIDATE to LEADER at term 1 for changeToLeader
2019-07-16 14:18:00,887 INFO  impl.RaftServerImpl (ServerState.java:setLeader(263)) - 3ec2f160-0b4e-4f80-b066-2acb28417227:group-FB856FBC2F97 change Leader from null to 3ec2f160-0b4e-4f80-b066-2acb28417227 at term 1 for becomeLeader, leader elected after 5195ms
2019-07-16 14:18:00,898 INFO  server.RaftServerConfigKeys (ConfUtils.java:logGet(43)) - raft.server.staging.catchup.gap = 1000 (default)
2019-07-16 14:18:00,898 INFO  server.RaftServerConfigKeys (ConfUtils.java:logGet(43)) - raft.server.rpc.sleep.time = 25ms (default)
2019-07-16 14:18:00,901 INFO  server.RaftServerConfigKeys (ConfUtils.java:logGet(43)) - raft.server.write.element-limit = 4096 (default)
2019-07-16 14:18:00,905 INFO  server.RaftServerConfigKeys (ConfUtils.java:logGet(43)) - raft.server.watch.timeout = 10s (default)
2019-07-16 14:18:00,905 INFO  server.RaftServerConfigKeys (ConfUtils.java:logGet(43)) - raft.server.watch.timeout.denomination = 1s (default)
2019-07-16 14:18:00,906 INFO  server.RaftServerConfigKeys (ConfUtils.java:logGet(43)) - raft.server.watch.element-limit = 65536 (default)
2019-07-16 14:18:00,916 INFO  impl.RoleInfo (RoleInfo.java:updateAndGet(143)) - 3ec2f160-0b4e-4f80-b066-2acb28417227: start LeaderState
2019-07-16 14:18:00,941 INFO  segmented.SegmentedRaftLogWorker (SegmentedRaftLogWorker.java:startLogSegment(380)) - 3ec2f160-0b4e-4f80-b066-2acb28417227-SegmentedRaftLogWorker:Storage Directory /workdir/hadoop-ozone/integration-test/target/test-dir/MiniOzoneClusterImpl-356bc514-ab20-4970-9b1b-e867f6cf327d/datanode-0/data/ratis/219751a3-798a-4222-9ebb-fb856fbc2f97: Starting segment from index:0
2019-07-16 14:18:00,950 INFO  impl.RaftServerImpl (ServerState.java:setRaftConf(361)) - 3ec2f160-0b4e-4f80-b066-2acb28417227:group-FB856FBC2F97 set configuration 0: [3ec2f160-0b4e-4f80-b066-2acb28417227:192.168.157.241:42718], old=null at 0
2019-07-16 14:18:01,131 INFO  segmented.SegmentedRaftLogWorker (SegmentedRaftLogWorker.java:execute(569)) - 3ec2f160-0b4e-4f80-b066-2acb28417227-SegmentedRaftLogWorker:Storage Directory /workdir/hadoop-ozone/integration-test/target/test-dir/MiniOzoneClusterImpl-356bc514-ab20-4970-9b1b-e867f6cf327d/datanode-0/data/ratis/219751a3-798a-4222-9ebb-fb856fbc2f97: created new log segment /workdir/hadoop-ozone/integration-test/target/test-dir/MiniOzoneClusterImpl-356bc514-ab20-4970-9b1b-e867f6cf327d/datanode-0/data/ratis/219751a3-798a-4222-9ebb-fb856fbc2f97/current/log_inprogress_0
2019-07-16 14:18:01,147 INFO  impl.FollowerState (FollowerState.java:run(106)) - d0f4f310-adcf-472e-8d2e-24726e34e188:group-FD4DEA209490 changes to CANDIDATE, lastRpcTime:5081, electionTimeout:5081ms
2019-07-16 14:18:01,150 INFO  impl.RoleInfo (RoleInfo.java:shutdownFollowerState(121)) - d0f4f310-adcf-472e-8d2e-24726e34e188: shutdown FollowerState
2019-07-16 14:18:01,150 INFO  impl.RaftServerImpl (RaftServerImpl.java:setRole(171)) - d0f4f310-adcf-472e-8d2e-24726e34e188:group-FD4DEA209490 changes role from FOLLOWER to CANDIDATE at term 0 for changeToCandidate
2019-07-16 14:18:01,151 INFO  impl.RoleInfo (RoleInfo.java:updateAndGet(143)) - d0f4f310-adcf-472e-8d2e-24726e34e188: start LeaderElection
2019-07-16 14:18:01,172 INFO  impl.LeaderElection (LeaderElection.java:askForVotes(181)) - d0f4f310-adcf-472e-8d2e-24726e34e188:group-FD4DEA209490:LeaderElection2: begin an election at term 1 for -1: [d0f4f310-adcf-472e-8d2e-24726e34e188:192.168.157.241:34826], old=null
2019-07-16 14:18:01,176 INFO  impl.FollowerState (FollowerState.java:run(106)) - 63509336-6971-468c-b5c2-a3327d3314a9:group-EC9BABE17AFA changes to CANDIDATE, lastRpcTime:5197, electionTimeout:5193ms
2019-07-16 14:18:01,176 INFO  impl.RoleInfo (RoleInfo.java:shutdownLeaderElection(134)) - d0f4f310-adcf-472e-8d2e-24726e34e188: shutdown LeaderElection
2019-07-16 14:18:01,176 INFO  impl.FollowerState (FollowerState.java:run(106)) - d088cbd8-ab6e-4439-8614-2e769fa95619:group-B062B70C8B9A changes to CANDIDATE, lastRpcTime:5038, electionTimeout:5035ms
2019-07-16 14:18:01,176 INFO  impl.RaftServerImpl (RaftServerImpl.java:setRole(171)) - d0f4f310-adcf-472e-8d2e-24726e34e188:group-FD4DEA209490 changes role from CANDIDATE to LEADER at term 1 for changeToLeader
2019-07-16 14:18:01,176 INFO  impl.RoleInfo (RoleInfo.java:shutdownFollowerState(121)) - 63509336-6971-468c-b5c2-a3327d3314a9: shutdown FollowerState
2019-07-16 14:18:01,176 INFO  impl.RaftServerImpl (ServerState.java:setLeader(263)) - d0f4f310-adcf-472e-8d2e-24726e34e188:group-FD4DEA209490 change Leader from null to d0f4f310-adcf-472e-8d2e-24726e34e188 at term 1 for becomeLeader, leader elected after 5115ms
2019-07-16 14:18:01,176 INFO  impl.RoleInfo (RoleInfo.java:shutdownFollowerState(121)) - d088cbd8-ab6e-4439-8614-2e769fa95619: shutdown FollowerState
2019-07-16 14:18:01,177 INFO  impl.RaftServerImpl (RaftServerImpl.java:setRole(171)) - 63509336-6971-468c-b5c2-a3327d3314a9:group-EC9BABE17AFA changes role from FOLLOWER to CANDIDATE at term 0 for changeToCandidate
2019-07-16 14:18:01,178 INFO  server.RaftServerConfigKeys (ConfUtils.java:logGet(43)) - raft.server.staging.catchup.gap = 1000 (default)
2019-07-16 14:18:01,179 INFO  impl.RaftServerImpl (RaftServerImpl.java:setRole(171)) - d088cbd8-ab6e-4439-8614-2e769fa95619:group-B062B70C8B9A changes role from FOLLOWER to CANDIDATE at term 0 for changeToCandidate
2019-07-16 14:18:01,179 INFO  impl.RoleInfo (RoleInfo.java:updateAndGet(143)) - 63509336-6971-468c-b5c2-a3327d3314a9: start LeaderElection
2019-07-16 14:18:01,179 INFO  impl.RoleInfo (RoleInfo.java:updateAndGet(143)) - d088cbd8-ab6e-4439-8614-2e769fa95619: start LeaderElection
2019-07-16 14:18:01,180 INFO  server.RaftServerConfigKeys (ConfUtils.java:logGet(43)) - raft.server.rpc.sleep.time = 25ms (default)
2019-07-16 14:18:01,185 INFO  server.RaftServerConfigKeys (ConfUtils.java:logGet(43)) - raft.server.write.element-limit = 4096 (default)
2019-07-16 14:18:01,189 INFO  server.RaftServerConfigKeys (ConfUtils.java:logGet(43)) - raft.server.watch.timeout = 10s (default)
2019-07-16 14:18:01,189 INFO  server.RaftServerConfigKeys (ConfUtils.java:logGet(43)) - raft.server.watch.timeout.denomination = 1s (default)
2019-07-16 14:18:01,189 INFO  server.RaftServerConfigKeys (ConfUtils.java:logGet(43)) - raft.server.watch.element-limit = 65536 (default)
2019-07-16 14:18:01,189 INFO  impl.RoleInfo (RoleInfo.java:updateAndGet(143)) - d0f4f310-adcf-472e-8d2e-24726e34e188: start LeaderState
2019-07-16 14:18:01,190 INFO  segmented.SegmentedRaftLogWorker (SegmentedRaftLogWorker.java:startLogSegment(380)) - d0f4f310-adcf-472e-8d2e-24726e34e188-SegmentedRaftLogWorker:Storage Directory /workdir/hadoop-ozone/integration-test/target/test-dir/MiniOzoneClusterImpl-356bc514-ab20-4970-9b1b-e867f6cf327d/datanode-5/data/ratis/5de6586d-ffec-4efd-9f88-fd4dea209490: Starting segment from index:0
2019-07-16 14:18:01,190 INFO  impl.RaftServerImpl (ServerState.java:setRaftConf(361)) - d0f4f310-adcf-472e-8d2e-24726e34e188:group-FD4DEA209490 set configuration 0: [d0f4f310-adcf-472e-8d2e-24726e34e188:192.168.157.241:34826], old=null at 0
2019-07-16 14:18:01,209 INFO  impl.LeaderElection (LeaderElection.java:askForVotes(181)) - 63509336-6971-468c-b5c2-a3327d3314a9:group-EC9BABE17AFA:LeaderElection3: begin an election at term 1 for -1: [63509336-6971-468c-b5c2-a3327d3314a9:192.168.157.241:32802], old=null
2019-07-16 14:18:01,209 INFO  impl.LeaderElection (LeaderElection.java:askForVotes(181)) - d088cbd8-ab6e-4439-8614-2e769fa95619:group-B062B70C8B9A:LeaderElection4: begin an election at term 1 for -1: [d088cbd8-ab6e-4439-8614-2e769fa95619:192.168.157.241:45468], old=null
2019-07-16 14:18:01,210 INFO  impl.RoleInfo (RoleInfo.java:shutdownLeaderElection(134)) - 63509336-6971-468c-b5c2-a3327d3314a9: shutdown LeaderElection
2019-07-16 14:18:01,210 INFO  impl.RoleInfo (RoleInfo.java:shutdownLeaderElection(134)) - d088cbd8-ab6e-4439-8614-2e769fa95619: shutdown LeaderElection
2019-07-16 14:18:01,210 INFO  impl.RaftServerImpl (RaftServerImpl.java:setRole(171)) - 63509336-6971-468c-b5c2-a3327d3314a9:group-EC9BABE17AFA changes role from CANDIDATE to LEADER at term 1 for changeToLeader
2019-07-16 14:18:01,210 INFO  impl.RaftServerImpl (RaftServerImpl.java:setRole(171)) - d088cbd8-ab6e-4439-8614-2e769fa95619:group-B062B70C8B9A changes role from CANDIDATE to LEADER at term 1 for changeToLeader
2019-07-16 14:18:01,210 INFO  impl.RaftServerImpl (ServerState.java:setLeader(263)) - 63509336-6971-468c-b5c2-a3327d3314a9:group-EC9BABE17AFA change Leader from null to 63509336-6971-468c-b5c2-a3327d3314a9 at term 1 for becomeLeader, leader elected after 5238ms
2019-07-16 14:18:01,210 INFO  impl.RaftServerImpl (ServerState.java:setLeader(263)) - d088cbd8-ab6e-4439-8614-2e769fa95619:group-B062B70C8B9A change Leader from null to d088cbd8-ab6e-4439-8614-2e769fa95619 at term 1 for becomeLeader, leader elected after 5077ms
2019-07-16 14:18:01,212 INFO  server.RaftServerConfigKeys (ConfUtils.java:logGet(43)) - raft.server.staging.catchup.gap = 1000 (default)
2019-07-16 14:18:01,214 INFO  server.RaftServerConfigKeys (ConfUtils.java:logGet(43)) - raft.server.staging.catchup.gap = 1000 (default)
2019-07-16 14:18:01,214 INFO  server.RaftServerConfigKeys (ConfUtils.java:logGet(43)) - raft.server.rpc.sleep.time = 25ms (default)
2019-07-16 14:18:01,214 INFO  server.RaftServerConfigKeys (ConfUtils.java:logGet(43)) - raft.server.rpc.sleep.time = 25ms (default)
2019-07-16 14:18:01,215 INFO  server.RaftServerConfigKeys (ConfUtils.java:logGet(43)) - raft.server.write.element-limit = 4096 (default)
2019-07-16 14:18:01,215 INFO  server.RaftServerConfigKeys (ConfUtils.java:logGet(43)) - raft.server.write.element-limit = 4096 (default)
2019-07-16 14:18:01,215 INFO  server.RaftServerConfigKeys (ConfUtils.java:logGet(43)) - raft.server.watch.timeout = 10s (default)
2019-07-16 14:18:01,215 INFO  server.RaftServerConfigKeys (ConfUtils.java:logGet(43)) - raft.server.watch.timeout = 10s (default)
2019-07-16 14:18:01,215 INFO  server.RaftServerConfigKeys (ConfUtils.java:logGet(43)) - raft.server.watch.timeout.denomination = 1s (default)
2019-07-16 14:18:01,215 INFO  server.RaftServerConfigKeys (ConfUtils.java:logGet(43)) - raft.server.watch.timeout.denomination = 1s (default)
2019-07-16 14:18:01,216 INFO  server.RaftServerConfigKeys (ConfUtils.java:logGet(43)) - raft.server.watch.element-limit = 65536 (default)
2019-07-16 14:18:01,216 INFO  server.RaftServerConfigKeys (ConfUtils.java:logGet(43)) - raft.server.watch.element-limit = 65536 (default)
2019-07-16 14:18:01,216 INFO  impl.RoleInfo (RoleInfo.java:updateAndGet(143)) - 63509336-6971-468c-b5c2-a3327d3314a9: start LeaderState
2019-07-16 14:18:01,216 INFO  impl.RoleInfo (RoleInfo.java:updateAndGet(143)) - d088cbd8-ab6e-4439-8614-2e769fa95619: start LeaderState
2019-07-16 14:18:01,216 INFO  segmented.SegmentedRaftLogWorker (SegmentedRaftLogWorker.java:startLogSegment(380)) - 63509336-6971-468c-b5c2-a3327d3314a9-SegmentedRaftLogWorker:Storage Directory /workdir/hadoop-ozone/integration-test/target/test-dir/MiniOzoneClusterImpl-356bc514-ab20-4970-9b1b-e867f6cf327d/datanode-3/data/ratis/3928fd70-765f-4e40-a2eb-ec9babe17afa: Starting segment from index:0
2019-07-16 14:18:01,217 INFO  segmented.SegmentedRaftLogWorker (SegmentedRaftLogWorker.java:startLogSegment(380)) - d088cbd8-ab6e-4439-8614-2e769fa95619-SegmentedRaftLogWorker:Storage Directory /workdir/hadoop-ozone/integration-test/target/test-dir/MiniOzoneClusterImpl-356bc514-ab20-4970-9b1b-e867f6cf327d/datanode-6/data/ratis/869864e2-438c-40e5-8081-b062b70c8b9a: Starting segment from index:0
2019-07-16 14:18:01,217 INFO  impl.RaftServerImpl (ServerState.java:setRaftConf(361)) - 63509336-6971-468c-b5c2-a3327d3314a9:group-EC9BABE17AFA set configuration 0: [63509336-6971-468c-b5c2-a3327d3314a9:192.168.157.241:32802], old=null at 0
2019-07-16 14:18:01,237 INFO  impl.FollowerState (FollowerState.java:run(106)) - f8fbaaad-930e-4816-816b-7f6974359c03:group-42C72A9D743B changes to CANDIDATE, lastRpcTime:5024, electionTimeout:5023ms
2019-07-16 14:18:01,237 INFO  segmented.SegmentedRaftLogWorker (SegmentedRaftLogWorker.java:execute(569)) - d0f4f310-adcf-472e-8d2e-24726e34e188-SegmentedRaftLogWorker:Storage Directory /workdir/hadoop-ozone/integration-test/target/test-dir/MiniOzoneClusterImpl-356bc514-ab20-4970-9b1b-e867f6cf327d/datanode-5/data/ratis/5de6586d-ffec-4efd-9f88-fd4dea209490: created new log segment /workdir/hadoop-ozone/integration-test/target/test-dir/MiniOzoneClusterImpl-356bc514-ab20-4970-9b1b-e867f6cf327d/datanode-5/data/ratis/5de6586d-ffec-4efd-9f88-fd4dea209490/current/log_inprogress_0
2019-07-16 14:18:01,237 INFO  impl.RaftServerImpl (ServerState.java:setRaftConf(361)) - d088cbd8-ab6e-4439-8614-2e769fa95619:group-B062B70C8B9A set configuration 0: [d088cbd8-ab6e-4439-8614-2e769fa95619:192.168.157.241:45468], old=null at 0
2019-07-16 14:18:01,237 INFO  impl.RoleInfo (RoleInfo.java:shutdownFollowerState(121)) - f8fbaaad-930e-4816-816b-7f6974359c03: shutdown FollowerState
2019-07-16 14:18:01,248 INFO  impl.RaftServerImpl (RaftServerImpl.java:setRole(171)) - f8fbaaad-930e-4816-816b-7f6974359c03:group-42C72A9D743B changes role from FOLLOWER to CANDIDATE at term 0 for changeToCandidate
2019-07-16 14:18:01,248 INFO  impl.RoleInfo (RoleInfo.java:updateAndGet(143)) - f8fbaaad-930e-4816-816b-7f6974359c03: start LeaderElection
2019-07-16 14:18:01,250 INFO  segmented.SegmentedRaftLogWorker (SegmentedRaftLogWorker.java:execute(569)) - 63509336-6971-468c-b5c2-a3327d3314a9-SegmentedRaftLogWorker:Storage Directory /workdir/hadoop-ozone/integration-test/target/test-dir/MiniOzoneClusterImpl-356bc514-ab20-4970-9b1b-e867f6cf327d/datanode-3/data/ratis/3928fd70-765f-4e40-a2eb-ec9babe17afa: created new log segment /workdir/hadoop-ozone/integration-test/target/test-dir/MiniOzoneClusterImpl-356bc514-ab20-4970-9b1b-e867f6cf327d/datanode-3/data/ratis/3928fd70-765f-4e40-a2eb-ec9babe17afa/current/log_inprogress_0
2019-07-16 14:18:01,250 INFO  segmented.SegmentedRaftLogWorker (SegmentedRaftLogWorker.java:execute(569)) - d088cbd8-ab6e-4439-8614-2e769fa95619-SegmentedRaftLogWorker:Storage Directory /workdir/hadoop-ozone/integration-test/target/test-dir/MiniOzoneClusterImpl-356bc514-ab20-4970-9b1b-e867f6cf327d/datanode-6/data/ratis/869864e2-438c-40e5-8081-b062b70c8b9a: created new log segment /workdir/hadoop-ozone/integration-test/target/test-dir/MiniOzoneClusterImpl-356bc514-ab20-4970-9b1b-e867f6cf327d/datanode-6/data/ratis/869864e2-438c-40e5-8081-b062b70c8b9a/current/log_inprogress_0
2019-07-16 14:18:01,266 INFO  impl.LeaderElection (LeaderElection.java:askForVotes(181)) - f8fbaaad-930e-4816-816b-7f6974359c03:group-42C72A9D743B:LeaderElection5: begin an election at term 1 for -1: [f8fbaaad-930e-4816-816b-7f6974359c03:192.168.157.241:42691], old=null
2019-07-16 14:18:01,267 INFO  impl.RoleInfo (RoleInfo.java:shutdownLeaderElection(134)) - f8fbaaad-930e-4816-816b-7f6974359c03: shutdown LeaderElection
2019-07-16 14:18:01,267 INFO  impl.RaftServerImpl (RaftServerImpl.java:setRole(171)) - f8fbaaad-930e-4816-816b-7f6974359c03:group-42C72A9D743B changes role from CANDIDATE to LEADER at term 1 for changeToLeader
2019-07-16 14:18:01,267 INFO  impl.RaftServerImpl (ServerState.java:setLeader(263)) - f8fbaaad-930e-4816-816b-7f6974359c03:group-42C72A9D743B change Leader from null to f8fbaaad-930e-4816-816b-7f6974359c03 at term 1 for becomeLeader, leader elected after 5059ms
2019-07-16 14:18:01,269 INFO  server.RaftServerConfigKeys (ConfUtils.java:logGet(43)) - raft.server.staging.catchup.gap = 1000 (default)
2019-07-16 14:18:01,269 INFO  server.RaftServerConfigKeys (ConfUtils.java:logGet(43)) - raft.server.rpc.sleep.time = 25ms (default)
2019-07-16 14:18:01,269 INFO  server.RaftServerConfigKeys (ConfUtils.java:logGet(43)) - raft.server.write.element-limit = 4096 (default)
2019-07-16 14:18:01,270 INFO  server.RaftServerConfigKeys (ConfUtils.java:logGet(43)) - raft.server.watch.timeout = 10s (default)
2019-07-16 14:18:01,270 INFO  server.RaftServerConfigKeys (ConfUtils.java:logGet(43)) - raft.server.watch.timeout.denomination = 1s (default)
2019-07-16 14:18:01,270 INFO  server.RaftServerConfigKeys (ConfUtils.java:logGet(43)) - raft.server.watch.element-limit = 65536 (default)
2019-07-16 14:18:01,270 INFO  impl.RoleInfo (RoleInfo.java:updateAndGet(143)) - f8fbaaad-930e-4816-816b-7f6974359c03: start LeaderState
2019-07-16 14:18:01,271 INFO  segmented.SegmentedRaftLogWorker (SegmentedRaftLogWorker.java:startLogSegment(380)) - f8fbaaad-930e-4816-816b-7f6974359c03-SegmentedRaftLogWorker:Storage Directory /workdir/hadoop-ozone/integration-test/target/test-dir/MiniOzoneClusterImpl-356bc514-ab20-4970-9b1b-e867f6cf327d/datanode-2/data/ratis/26107a27-c6c0-4bf4-95f1-42c72a9d743b: Starting segment from index:0
2019-07-16 14:18:01,271 INFO  impl.RaftServerImpl (ServerState.java:setRaftConf(361)) - f8fbaaad-930e-4816-816b-7f6974359c03:group-42C72A9D743B set configuration 0: [f8fbaaad-930e-4816-816b-7f6974359c03:192.168.157.241:42691], old=null at 0
2019-07-16 14:18:01,302 INFO  segmented.SegmentedRaftLogWorker (SegmentedRaftLogWorker.java:execute(569)) - f8fbaaad-930e-4816-816b-7f6974359c03-SegmentedRaftLogWorker:Storage Directory /workdir/hadoop-ozone/integration-test/target/test-dir/MiniOzoneClusterImpl-356bc514-ab20-4970-9b1b-e867f6cf327d/datanode-2/data/ratis/26107a27-c6c0-4bf4-95f1-42c72a9d743b: created new log segment /workdir/hadoop-ozone/integration-test/target/test-dir/MiniOzoneClusterImpl-356bc514-ab20-4970-9b1b-e867f6cf327d/datanode-2/data/ratis/26107a27-c6c0-4bf4-95f1-42c72a9d743b/current/log_inprogress_0
2019-07-16 14:18:01,344 INFO  impl.FollowerState (FollowerState.java:run(106)) - ba993f1d-0319-48bc-847d-c4a68c232f14:group-2CD02BA1C762 changes to CANDIDATE, lastRpcTime:5053, electionTimeout:5053ms
2019-07-16 14:18:01,345 INFO  impl.RoleInfo (RoleInfo.java:shutdownFollowerState(121)) - ba993f1d-0319-48bc-847d-c4a68c232f14: shutdown FollowerState
2019-07-16 14:18:01,345 INFO  impl.RaftServerImpl (RaftServerImpl.java:setRole(171)) - ba993f1d-0319-48bc-847d-c4a68c232f14:group-2CD02BA1C762 changes role from FOLLOWER to CANDIDATE at term 0 for changeToCandidate
2019-07-16 14:18:01,345 INFO  impl.RoleInfo (RoleInfo.java:updateAndGet(143)) - ba993f1d-0319-48bc-847d-c4a68c232f14: start LeaderElection
2019-07-16 14:18:01,365 INFO  impl.LeaderElection (LeaderElection.java:askForVotes(181)) - ba993f1d-0319-48bc-847d-c4a68c232f14:group-2CD02BA1C762:LeaderElection6: begin an election at term 1 for -1: [ba993f1d-0319-48bc-847d-c4a68c232f14:192.168.157.241:43510], old=null
2019-07-16 14:18:01,374 INFO  impl.RoleInfo (RoleInfo.java:shutdownLeaderElection(134)) - ba993f1d-0319-48bc-847d-c4a68c232f14: shutdown LeaderElection
2019-07-16 14:18:01,374 INFO  impl.RaftServerImpl (RaftServerImpl.java:setRole(171)) - ba993f1d-0319-48bc-847d-c4a68c232f14:group-2CD02BA1C762 changes role from CANDIDATE to LEADER at term 1 for changeToLeader
2019-07-16 14:18:01,374 INFO  impl.RaftServerImpl (ServerState.java:setLeader(263)) - ba993f1d-0319-48bc-847d-c4a68c232f14:group-2CD02BA1C762 change Leader from null to ba993f1d-0319-48bc-847d-c4a68c232f14 at term 1 for becomeLeader, leader elected after 5088ms
2019-07-16 14:18:01,376 INFO  server.RaftServerConfigKeys (ConfUtils.java:logGet(43)) - raft.server.staging.catchup.gap = 1000 (default)
2019-07-16 14:18:01,376 INFO  server.RaftServerConfigKeys (ConfUtils.java:logGet(43)) - raft.server.rpc.sleep.time = 25ms (default)
2019-07-16 14:18:01,376 INFO  server.RaftServerConfigKeys (ConfUtils.java:logGet(43)) - raft.server.write.element-limit = 4096 (default)
2019-07-16 14:18:01,377 INFO  server.RaftServerConfigKeys (ConfUtils.java:logGet(43)) - raft.server.watch.timeout = 10s (default)
2019-07-16 14:18:01,377 INFO  server.RaftServerConfigKeys (ConfUtils.java:logGet(43)) - raft.server.watch.timeout.denomination = 1s (default)
2019-07-16 14:18:01,377 INFO  server.RaftServerConfigKeys (ConfUtils.java:logGet(43)) - raft.server.watch.element-limit = 65536 (default)
2019-07-16 14:18:01,377 INFO  impl.RoleInfo (RoleInfo.java:updateAndGet(143)) - ba993f1d-0319-48bc-847d-c4a68c232f14: start LeaderState
2019-07-16 14:18:01,378 INFO  segmented.SegmentedRaftLogWorker (SegmentedRaftLogWorker.java:startLogSegment(380)) - ba993f1d-0319-48bc-847d-c4a68c232f14-SegmentedRaftLogWorker:Storage Directory /workdir/hadoop-ozone/integration-test/target/test-dir/MiniOzoneClusterImpl-356bc514-ab20-4970-9b1b-e867f6cf327d/datanode-4/data/ratis/df5c5cf6-7b2f-40a8-8f12-2cd02ba1c762: Starting segment from index:0
2019-07-16 14:18:01,378 INFO  impl.RaftServerImpl (ServerState.java:setRaftConf(361)) - ba993f1d-0319-48bc-847d-c4a68c232f14:group-2CD02BA1C762 set configuration 0: [ba993f1d-0319-48bc-847d-c4a68c232f14:192.168.157.241:43510], old=null at 0
2019-07-16 14:18:01,411 INFO  segmented.SegmentedRaftLogWorker (SegmentedRaftLogWorker.java:execute(569)) - ba993f1d-0319-48bc-847d-c4a68c232f14-SegmentedRaftLogWorker:Storage Directory /workdir/hadoop-ozone/integration-test/target/test-dir/MiniOzoneClusterImpl-356bc514-ab20-4970-9b1b-e867f6cf327d/datanode-4/data/ratis/df5c5cf6-7b2f-40a8-8f12-2cd02ba1c762: created new log segment /workdir/hadoop-ozone/integration-test/target/test-dir/MiniOzoneClusterImpl-356bc514-ab20-4970-9b1b-e867f6cf327d/datanode-4/data/ratis/df5c5cf6-7b2f-40a8-8f12-2cd02ba1c762/current/log_inprogress_0
2019-07-16 14:18:01,515 INFO  impl.FollowerState (FollowerState.java:run(106)) - 8aa04794-bc4a-4b4c-9f61-07dcca8ee02e:group-E41A8F0DBAA0 changes to CANDIDATE, lastRpcTime:5155, electionTimeout:5155ms
2019-07-16 14:18:01,515 INFO  impl.RoleInfo (RoleInfo.java:shutdownFollowerState(121)) - 8aa04794-bc4a-4b4c-9f61-07dcca8ee02e: shutdown FollowerState
2019-07-16 14:18:01,515 INFO  impl.RaftServerImpl (RaftServerImpl.java:setRole(171)) - 8aa04794-bc4a-4b4c-9f61-07dcca8ee02e:group-E41A8F0DBAA0 changes role from FOLLOWER to CANDIDATE at term 0 for changeToCandidate
2019-07-16 14:18:01,516 INFO  impl.RoleInfo (RoleInfo.java:updateAndGet(143)) - 8aa04794-bc4a-4b4c-9f61-07dcca8ee02e: start LeaderElection
2019-07-16 14:18:01,522 INFO  impl.FollowerState (FollowerState.java:run(106)) - 63509336-6971-468c-b5c2-a3327d3314a9:group-E7E66FCECC5F changes to CANDIDATE, lastRpcTime:5051, electionTimeout:5051ms
2019-07-16 14:18:01,525 INFO  impl.RoleInfo (RoleInfo.java:shutdownFollowerState(121)) - 63509336-6971-468c-b5c2-a3327d3314a9: shutdown FollowerState
2019-07-16 14:18:01,525 INFO  impl.RaftServerImpl (RaftServerImpl.java:setRole(171)) - 63509336-6971-468c-b5c2-a3327d3314a9:group-E7E66FCECC5F changes role from FOLLOWER to CANDIDATE at term 0 for changeToCandidate
2019-07-16 14:18:01,525 INFO  impl.RoleInfo (RoleInfo.java:updateAndGet(143)) - 63509336-6971-468c-b5c2-a3327d3314a9: start LeaderElection
2019-07-16 14:18:01,540 INFO  impl.LeaderElection (LeaderElection.java:askForVotes(181)) - 8aa04794-bc4a-4b4c-9f61-07dcca8ee02e:group-E41A8F0DBAA0:LeaderElection7: begin an election at term 1 for -1: [8aa04794-bc4a-4b4c-9f61-07dcca8ee02e:192.168.157.241:45336], old=null
2019-07-16 14:18:01,540 INFO  impl.LeaderElection (LeaderElection.java:askForVotes(181)) - 63509336-6971-468c-b5c2-a3327d3314a9:group-E7E66FCECC5F:LeaderElection8: begin an election at term 1 for -1: [63509336-6971-468c-b5c2-a3327d3314a9:192.168.157.241:32802, d0f4f310-adcf-472e-8d2e-24726e34e188:192.168.157.241:34826, d088cbd8-ab6e-4439-8614-2e769fa95619:192.168.157.241:45468], old=null
2019-07-16 14:18:01,541 INFO  impl.RoleInfo (RoleInfo.java:shutdownLeaderElection(134)) - 8aa04794-bc4a-4b4c-9f61-07dcca8ee02e: shutdown LeaderElection
2019-07-16 14:18:01,541 INFO  impl.RaftServerImpl (RaftServerImpl.java:setRole(171)) - 8aa04794-bc4a-4b4c-9f61-07dcca8ee02e:group-E41A8F0DBAA0 changes role from CANDIDATE to LEADER at term 1 for changeToLeader
2019-07-16 14:18:01,541 INFO  impl.RaftServerImpl (ServerState.java:setLeader(263)) - 8aa04794-bc4a-4b4c-9f61-07dcca8ee02e:group-E41A8F0DBAA0 change Leader from null to 8aa04794-bc4a-4b4c-9f61-07dcca8ee02e at term 1 for becomeLeader, leader elected after 5186ms
2019-07-16 14:18:01,543 INFO  server.RaftServerConfigKeys (ConfUtils.java:logGet(43)) - raft.server.staging.catchup.gap = 1000 (default)
2019-07-16 14:18:01,543 INFO  server.RaftServerConfigKeys (ConfUtils.java:logGet(43)) - raft.server.rpc.sleep.time = 25ms (default)
2019-07-16 14:18:01,543 INFO  server.RaftServerConfigKeys (ConfUtils.java:logGet(43)) - raft.server.write.element-limit = 4096 (default)
2019-07-16 14:18:01,544 INFO  server.RaftServerConfigKeys (ConfUtils.java:logGet(43)) - raft.server.watch.timeout = 10s (default)
2019-07-16 14:18:01,544 INFO  server.RaftServerConfigKeys (ConfUtils.java:logGet(43)) - raft.server.watch.timeout.denomination = 1s (default)
2019-07-16 14:18:01,544 INFO  server.RaftServerConfigKeys (ConfUtils.java:logGet(43)) - raft.server.watch.element-limit = 65536 (default)
2019-07-16 14:18:01,544 INFO  impl.RoleInfo (RoleInfo.java:updateAndGet(143)) - 8aa04794-bc4a-4b4c-9f61-07dcca8ee02e: start LeaderState
2019-07-16 14:18:01,544 INFO  segmented.SegmentedRaftLogWorker (SegmentedRaftLogWorker.java:startLogSegment(380)) - 8aa04794-bc4a-4b4c-9f61-07dcca8ee02e-SegmentedRaftLogWorker:Storage Directory /workdir/hadoop-ozone/integration-test/target/test-dir/MiniOzoneClusterImpl-356bc514-ab20-4970-9b1b-e867f6cf327d/datanode-1/data/ratis/5792d207-c1dc-401c-b68e-e41a8f0dbaa0: Starting segment from index:0
2019-07-16 14:18:01,544 INFO  impl.FollowerState (FollowerState.java:run(106)) - d0f4f310-adcf-472e-8d2e-24726e34e188:group-E7E66FCECC5F changes to CANDIDATE, lastRpcTime:5073, electionTimeout:5073ms
2019-07-16 14:18:01,545 INFO  impl.RoleInfo (RoleInfo.java:shutdownFollowerState(121)) - d0f4f310-adcf-472e-8d2e-24726e34e188: shutdown FollowerState
2019-07-16 14:18:01,545 INFO  impl.RaftServerImpl (RaftServerImpl.java:setRole(171)) - d0f4f310-adcf-472e-8d2e-24726e34e188:group-E7E66FCECC5F changes role from FOLLOWER to CANDIDATE at term 0 for changeToCandidate
2019-07-16 14:18:01,545 INFO  impl.RaftServerImpl (ServerState.java:setRaftConf(361)) - 8aa04794-bc4a-4b4c-9f61-07dcca8ee02e:group-E41A8F0DBAA0 set configuration 0: [8aa04794-bc4a-4b4c-9f61-07dcca8ee02e:192.168.157.241:45336], old=null at 0
2019-07-16 14:18:01,545 INFO  impl.RoleInfo (RoleInfo.java:updateAndGet(143)) - d0f4f310-adcf-472e-8d2e-24726e34e188: start LeaderElection
2019-07-16 14:18:01,579 INFO  segmented.SegmentedRaftLogWorker (SegmentedRaftLogWorker.java:execute(569)) - 8aa04794-bc4a-4b4c-9f61-07dcca8ee02e-SegmentedRaftLogWorker:Storage Directory /workdir/hadoop-ozone/integration-test/target/test-dir/MiniOzoneClusterImpl-356bc514-ab20-4970-9b1b-e867f6cf327d/datanode-1/data/ratis/5792d207-c1dc-401c-b68e-e41a8f0dbaa0: created new log segment /workdir/hadoop-ozone/integration-test/target/test-dir/MiniOzoneClusterImpl-356bc514-ab20-4970-9b1b-e867f6cf327d/datanode-1/data/ratis/5792d207-c1dc-401c-b68e-e41a8f0dbaa0/current/log_inprogress_0
2019-07-16 14:18:01,580 INFO  impl.LeaderElection (LeaderElection.java:askForVotes(181)) - d0f4f310-adcf-472e-8d2e-24726e34e188:group-E7E66FCECC5F:LeaderElection9: begin an election at term 1 for -1: [63509336-6971-468c-b5c2-a3327d3314a9:192.168.157.241:32802, d0f4f310-adcf-472e-8d2e-24726e34e188:192.168.157.241:34826, d088cbd8-ab6e-4439-8614-2e769fa95619:192.168.157.241:45468], old=null
2019-07-16 14:18:01,618 INFO  impl.RaftServerImpl (RaftServerImpl.java:setRole(171)) - d088cbd8-ab6e-4439-8614-2e769fa95619:group-E7E66FCECC5F changes role from FOLLOWER to FOLLOWER at term 1 for recognizeCandidate:63509336-6971-468c-b5c2-a3327d3314a9
2019-07-16 14:18:01,626 INFO  impl.RoleInfo (RoleInfo.java:shutdownFollowerState(121)) - d088cbd8-ab6e-4439-8614-2e769fa95619: shutdown FollowerState
2019-07-16 14:18:01,627 INFO  impl.FollowerState (FollowerState.java:run(106)) - f8fbaaad-930e-4816-816b-7f6974359c03:group-35DFF6FDB14A changes to CANDIDATE, lastRpcTime:5034, electionTimeout:5031ms
2019-07-16 14:18:01,627 INFO  impl.RoleInfo (RoleInfo.java:shutdownFollowerState(121)) - f8fbaaad-930e-4816-816b-7f6974359c03: shutdown FollowerState
2019-07-16 14:18:01,627 INFO  impl.RoleInfo (RoleInfo.java:updateAndGet(143)) - d088cbd8-ab6e-4439-8614-2e769fa95619: start FollowerState
2019-07-16 14:18:01,627 INFO  impl.RaftServerImpl (RaftServerImpl.java:setRole(171)) - f8fbaaad-930e-4816-816b-7f6974359c03:group-35DFF6FDB14A changes role from FOLLOWER to CANDIDATE at term 0 for changeToCandidate
2019-07-16 14:18:01,627 INFO  impl.FollowerState (FollowerState.java:run(114)) - d088cbd8-ab6e-4439-8614-2e769fa95619: FollowerState was interrupted: java.lang.InterruptedException: sleep interrupted
2019-07-16 14:18:01,627 INFO  impl.RoleInfo (RoleInfo.java:updateAndGet(143)) - f8fbaaad-930e-4816-816b-7f6974359c03: start LeaderElection
2019-07-16 14:18:01,629 INFO  client.GrpcClientProtocolClient (GrpcClientProtocolClient.java:onNext(255)) - client-A6FBEAEF407A->f8fbaaad-930e-4816-816b-7f6974359c03: receive RaftClientReply:client-A6FBEAEF407A->f8fbaaad-930e-4816-816b-7f6974359c03@group-35DFF6FDB14A, cid=13, FAILED org.apache.ratis.protocol.NotLeaderException: Server f8fbaaad-930e-4816-816b-7f6974359c03 is not the leader (null). Request must be sent to leader., logIndex=0, commits[f8fbaaad-930e-4816-816b-7f6974359c03:c-1]
2019-07-16 14:18:01,662 INFO  impl.LeaderElection (LeaderElection.java:askForVotes(181)) - f8fbaaad-930e-4816-816b-7f6974359c03:group-35DFF6FDB14A:LeaderElection10: begin an election at term 1 for -1: [ba993f1d-0319-48bc-847d-c4a68c232f14:192.168.157.241:43510, 3ec2f160-0b4e-4f80-b066-2acb28417227:192.168.157.241:42718, f8fbaaad-930e-4816-816b-7f6974359c03:192.168.157.241:42691], old=null
2019-07-16 14:18:01,670 INFO  impl.LeaderElection (LeaderElection.java:logAndReturn(56)) - d0f4f310-adcf-472e-8d2e-24726e34e188:group-E7E66FCECC5F:LeaderElection9: Election REJECTED; received 2 response(s) [d0f4f310-adcf-472e-8d2e-24726e34e188<-63509336-6971-468c-b5c2-a3327d3314a9#0:FAIL-t1, d0f4f310-adcf-472e-8d2e-24726e34e188<-d088cbd8-ab6e-4439-8614-2e769fa95619#0:FAIL-t1] and 0 exception(s); d0f4f310-adcf-472e-8d2e-24726e34e188:t1, leader=null, voted=d0f4f310-adcf-472e-8d2e-24726e34e188, raftlog=d0f4f310-adcf-472e-8d2e-24726e34e188-SegmentedRaftLog:OPENED:c-1,f-1,i0, conf=-1: [63509336-6971-468c-b5c2-a3327d3314a9:192.168.157.241:32802, d0f4f310-adcf-472e-8d2e-24726e34e188:192.168.157.241:34826, d088cbd8-ab6e-4439-8614-2e769fa95619:192.168.157.241:45468], old=null
2019-07-16 14:18:01,670 INFO  impl.LeaderElection (LeaderElection.java:logAndReturn(56)) - 63509336-6971-468c-b5c2-a3327d3314a9:group-E7E66FCECC5F:LeaderElection8: Election PASSED; received 2 response(s) [63509336-6971-468c-b5c2-a3327d3314a9<-d0f4f310-adcf-472e-8d2e-24726e34e188#0:FAIL-t1, 63509336-6971-468c-b5c2-a3327d3314a9<-d088cbd8-ab6e-4439-8614-2e769fa95619#0:OK-t1] and 0 exception(s); 63509336-6971-468c-b5c2-a3327d3314a9:t1, leader=null, voted=63509336-6971-468c-b5c2-a3327d3314a9, raftlog=63509336-6971-468c-b5c2-a3327d3314a9-SegmentedRaftLog:OPENED:c-1,f-1,i0, conf=-1: [63509336-6971-468c-b5c2-a3327d3314a9:192.168.157.241:32802, d0f4f310-adcf-472e-8d2e-24726e34e188:192.168.157.241:34826, d088cbd8-ab6e-4439-8614-2e769fa95619:192.168.157.241:45468], old=null
2019-07-16 14:18:01,670 INFO  impl.RaftServerImpl (RaftServerImpl.java:setRole(171)) - d0f4f310-adcf-472e-8d2e-24726e34e188:group-E7E66FCECC5F changes role from CANDIDATE to FOLLOWER at term 1 for DISCOVERED_A_NEW_TERM
2019-07-16 14:18:01,672 INFO  impl.RoleInfo (RoleInfo.java:shutdownLeaderElection(134)) - 63509336-6971-468c-b5c2-a3327d3314a9: shutdown LeaderElection
2019-07-16 14:18:01,672 INFO  impl.RoleInfo (RoleInfo.java:shutdownLeaderElection(134)) - d0f4f310-adcf-472e-8d2e-24726e34e188: shutdown LeaderElection
2019-07-16 14:18:01,674 INFO  impl.RaftServerImpl (RaftServerImpl.java:setRole(171)) - 63509336-6971-468c-b5c2-a3327d3314a9:group-E7E66FCECC5F changes role from CANDIDATE to LEADER at term 1 for changeToLeader
2019-07-16 14:18:01,678 INFO  impl.RaftServerImpl (ServerState.java:setLeader(263)) - 63509336-6971-468c-b5c2-a3327d3314a9:group-E7E66FCECC5F change Leader from null to 63509336-6971-468c-b5c2-a3327d3314a9 at term 1 for becomeLeader, leader elected after 5225ms
2019-07-16 14:18:01,676 INFO  impl.FollowerState (FollowerState.java:run(106)) - ba993f1d-0319-48bc-847d-c4a68c232f14:group-35DFF6FDB14A changes to CANDIDATE, lastRpcTime:5089, electionTimeout:5087ms
2019-07-16 14:18:01,680 INFO  impl.RoleInfo (RoleInfo.java:updateAndGet(143)) - d0f4f310-adcf-472e-8d2e-24726e34e188: start FollowerState
2019-07-16 14:18:01,680 INFO  server.RaftServerConfigKeys (ConfUtils.java:logGet(43)) - raft.server.staging.catchup.gap = 1000 (default)
2019-07-16 14:18:01,680 INFO  impl.RoleInfo (RoleInfo.java:shutdownFollowerState(121)) - ba993f1d-0319-48bc-847d-c4a68c232f14: shutdown FollowerState
2019-07-16 14:18:01,683 INFO  server.RaftServerConfigKeys (ConfUtils.java:logGet(43)) - raft.server.rpc.sleep.time = 25ms (default)
2019-07-16 14:18:01,683 INFO  impl.RaftServerImpl (RaftServerImpl.java:setRole(171)) - ba993f1d-0319-48bc-847d-c4a68c232f14:group-35DFF6FDB14A changes role from FOLLOWER to CANDIDATE at term 0 for changeToCandidate
2019-07-16 14:18:01,683 INFO  server.RaftServerConfigKeys (ConfUtils.java:logGet(43)) - raft.server.write.element-limit = 4096 (default)
2019-07-16 14:18:01,683 INFO  impl.RoleInfo (RoleInfo.java:updateAndGet(143)) - ba993f1d-0319-48bc-847d-c4a68c232f14: start LeaderElection
2019-07-16 14:18:01,683 INFO  server.RaftServerConfigKeys (ConfUtils.java:logGet(43)) - raft.server.watch.timeout = 10s (default)
2019-07-16 14:18:01,683 INFO  server.RaftServerConfigKeys (ConfUtils.java:logGet(43)) - raft.server.watch.timeout.denomination = 1s (default)
2019-07-16 14:18:01,687 INFO  server.RaftServerConfigKeys (ConfUtils.java:logGet(43)) - raft.server.watch.element-limit = 65536 (default)
2019-07-16 14:18:01,689 INFO  impl.RaftServerImpl (RaftServerImpl.java:setRole(171)) - 3ec2f160-0b4e-4f80-b066-2acb28417227:group-35DFF6FDB14A changes role from FOLLOWER to FOLLOWER at term 1 for recognizeCandidate:f8fbaaad-930e-4816-816b-7f6974359c03
2019-07-16 14:18:01,689 INFO  impl.RoleInfo (RoleInfo.java:shutdownFollowerState(121)) - 3ec2f160-0b4e-4f80-b066-2acb28417227: shutdown FollowerState
2019-07-16 14:18:01,690 INFO  impl.RoleInfo (RoleInfo.java:updateAndGet(143)) - 3ec2f160-0b4e-4f80-b066-2acb28417227: start FollowerState
2019-07-16 14:18:01,690 INFO  impl.FollowerState (FollowerState.java:run(114)) - 3ec2f160-0b4e-4f80-b066-2acb28417227: FollowerState was interrupted: java.lang.InterruptedException: sleep interrupted
2019-07-16 14:18:01,692 INFO  server.RaftServerConfigKeys (ConfUtils.java:logGet(43)) - raft.server.log.appender.snapshot.chunk.size.max = 16MB (=16777216) (default)
2019-07-16 14:18:01,693 INFO  server.RaftServerConfigKeys (ConfUtils.java:logGet(43)) - raft.server.log.appender.buffer.byte-limit = 33554432 (custom)
2019-07-16 14:18:01,693 INFO  server.RaftServerConfigKeys (ConfUtils.java:logGet(43)) - raft.server.log.appender.buffer.element-limit = 1 (custom)
2019-07-16 14:18:01,696 INFO  grpc.GrpcConfigKeys$Server (ConfUtils.java:logGet(43)) - raft.grpc.server.leader.outstanding.appends.max = 128 (default)
2019-07-16 14:18:01,698 INFO  server.RaftServerConfigKeys (ConfUtils.java:logGet(43)) - raft.server.rpc.request.timeout = 3000ms (default)
2019-07-16 14:18:01,698 INFO  server.RaftServerConfigKeys (ConfUtils.java:logGet(43)) - raft.server.log.appender.install.snapshot.enabled = false (custom)
2019-07-16 14:18:01,698 INFO  server.RaftServerConfigKeys (ConfUtils.java:logGet(43)) - raft.server.log.appender.snapshot.chunk.size.max = 16MB (=16777216) (default)
2019-07-16 14:18:01,699 INFO  server.RaftServerConfigKeys (ConfUtils.java:logGet(43)) - raft.server.log.appender.buffer.byte-limit = 33554432 (custom)
2019-07-16 14:18:01,700 INFO  impl.LeaderElection (LeaderElection.java:askForVotes(181)) - ba993f1d-0319-48bc-847d-c4a68c232f14:group-35DFF6FDB14A:LeaderElection11: begin an election at term 1 for -1: [ba993f1d-0319-48bc-847d-c4a68c232f14:192.168.157.241:43510, 3ec2f160-0b4e-4f80-b066-2acb28417227:192.168.157.241:42718, f8fbaaad-930e-4816-816b-7f6974359c03:192.168.157.241:42691], old=null
2019-07-16 14:18:01,700 INFO  server.RaftServerConfigKeys (ConfUtils.java:logGet(43)) - raft.server.log.appender.buffer.element-limit = 1 (custom)
2019-07-16 14:18:01,701 INFO  grpc.GrpcConfigKeys$Server (ConfUtils.java:logGet(43)) - raft.grpc.server.leader.outstanding.appends.max = 128 (default)
2019-07-16 14:18:01,701 INFO  server.RaftServerConfigKeys (ConfUtils.java:logGet(43)) - raft.server.rpc.request.timeout = 3000ms (default)
2019-07-16 14:18:01,701 INFO  server.RaftServerConfigKeys (ConfUtils.java:logGet(43)) - raft.server.log.appender.install.snapshot.enabled = false (custom)
2019-07-16 14:18:01,706 INFO  impl.LeaderElection (LeaderElection.java:logAndReturn(56)) - f8fbaaad-930e-4816-816b-7f6974359c03:group-35DFF6FDB14A:LeaderElection10: Election PASSED; received 2 response(s) [f8fbaaad-930e-4816-816b-7f6974359c03<-ba993f1d-0319-48bc-847d-c4a68c232f14#0:FAIL-t1, f8fbaaad-930e-4816-816b-7f6974359c03<-3ec2f160-0b4e-4f80-b066-2acb28417227#0:OK-t1] and 0 exception(s); f8fbaaad-930e-4816-816b-7f6974359c03:t1, leader=null, voted=f8fbaaad-930e-4816-816b-7f6974359c03, raftlog=f8fbaaad-930e-4816-816b-7f6974359c03-SegmentedRaftLog:OPENED:c-1,f-1,i0, conf=-1: [ba993f1d-0319-48bc-847d-c4a68c232f14:192.168.157.241:43510, 3ec2f160-0b4e-4f80-b066-2acb28417227:192.168.157.241:42718, f8fbaaad-930e-4816-816b-7f6974359c03:192.168.157.241:42691], old=null
2019-07-16 14:18:01,706 INFO  impl.RoleInfo (RoleInfo.java:shutdownLeaderElection(134)) - f8fbaaad-930e-4816-816b-7f6974359c03: shutdown LeaderElection
2019-07-16 14:18:01,707 INFO  impl.RoleInfo (RoleInfo.java:updateAndGet(143)) - 63509336-6971-468c-b5c2-a3327d3314a9: start LeaderState
2019-07-16 14:18:01,708 INFO  impl.RaftServerImpl (RaftServerImpl.java:setRole(171)) - f8fbaaad-930e-4816-816b-7f6974359c03:group-35DFF6FDB14A changes role from CANDIDATE to LEADER at term 1 for changeToLeader
2019-07-16 14:18:01,711 INFO  impl.RaftServerImpl (ServerState.java:setLeader(263)) - f8fbaaad-930e-4816-816b-7f6974359c03:group-35DFF6FDB14A change Leader from null to f8fbaaad-930e-4816-816b-7f6974359c03 at term 1 for becomeLeader, leader elected after 5139ms
2019-07-16 14:18:01,711 INFO  segmented.SegmentedRaftLogWorker (SegmentedRaftLogWorker.java:startLogSegment(380)) - 63509336-6971-468c-b5c2-a3327d3314a9-SegmentedRaftLogWorker:Storage Directory /workdir/hadoop-ozone/integration-test/target/test-dir/MiniOzoneClusterImpl-356bc514-ab20-4970-9b1b-e867f6cf327d/datanode-3/data/ratis/49311690-fd7e-46b1-96ef-e7e66fcecc5f: Starting segment from index:0
2019-07-16 14:18:01,711 INFO  server.RaftServerConfigKeys (ConfUtils.java:logGet(43)) - raft.server.staging.catchup.gap = 1000 (default)
2019-07-16 14:18:01,711 INFO  server.RaftServerConfigKeys (ConfUtils.java:logGet(43)) - raft.server.rpc.sleep.time = 25ms (default)
2019-07-16 14:18:01,711 INFO  server.RaftServerConfigKeys (ConfUtils.java:logGet(43)) - raft.server.write.element-limit = 4096 (default)
2019-07-16 14:18:01,712 INFO  server.RaftServerConfigKeys (ConfUtils.java:logGet(43)) - raft.server.watch.timeout = 10s (default)
2019-07-16 14:18:01,712 INFO  impl.RaftServerImpl (ServerState.java:setRaftConf(361)) - 63509336-6971-468c-b5c2-a3327d3314a9:group-E7E66FCECC5F set configuration 0: [63509336-6971-468c-b5c2-a3327d3314a9:192.168.157.241:32802, d0f4f310-adcf-472e-8d2e-24726e34e188:192.168.157.241:34826, d088cbd8-ab6e-4439-8614-2e769fa95619:192.168.157.241:45468], old=null at 0
2019-07-16 14:18:01,712 INFO  server.RaftServerConfigKeys (ConfUtils.java:logGet(43)) - raft.server.watch.timeout.denomination = 1s (default)
2019-07-16 14:18:01,728 INFO  server.RaftServerConfigKeys (ConfUtils.java:logGet(43)) - raft.server.watch.element-limit = 65536 (default)
2019-07-16 14:18:01,728 INFO  server.RaftServerConfigKeys (ConfUtils.java:logGet(43)) - raft.server.log.appender.snapshot.chunk.size.max = 16MB (=16777216) (default)
2019-07-16 14:18:01,728 INFO  server.RaftServerConfigKeys (ConfUtils.java:logGet(43)) - raft.server.log.appender.buffer.byte-limit = 33554432 (custom)
2019-07-16 14:18:01,729 INFO  server.RaftServerConfigKeys (ConfUtils.java:logGet(43)) - raft.server.log.appender.buffer.element-limit = 1 (custom)
2019-07-16 14:18:01,729 INFO  grpc.GrpcConfigKeys$Server (ConfUtils.java:logGet(43)) - raft.grpc.server.leader.outstanding.appends.max = 128 (default)
2019-07-16 14:18:01,729 INFO  server.RaftServerConfigKeys (ConfUtils.java:logGet(43)) - raft.server.rpc.request.timeout = 3000ms (default)
2019-07-16 14:18:01,729 INFO  server.RaftServerConfigKeys (ConfUtils.java:logGet(43)) - raft.server.log.appender.install.snapshot.enabled = false (custom)
2019-07-16 14:18:01,729 INFO  server.RaftServerConfigKeys (ConfUtils.java:logGet(43)) - raft.server.log.appender.snapshot.chunk.size.max = 16MB (=16777216) (default)
2019-07-16 14:18:01,730 INFO  server.RaftServerConfigKeys (ConfUtils.java:logGet(43)) - raft.server.log.appender.buffer.byte-limit = 33554432 (custom)
2019-07-16 14:18:01,730 INFO  server.RaftServerConfigKeys (ConfUtils.java:logGet(43)) - raft.server.log.appender.buffer.element-limit = 1 (custom)
2019-07-16 14:18:01,730 INFO  grpc.GrpcConfigKeys$Server (ConfUtils.java:logGet(43)) - raft.grpc.server.leader.outstanding.appends.max = 128 (default)
2019-07-16 14:18:01,732 INFO  server.RaftServerConfigKeys (ConfUtils.java:logGet(43)) - raft.server.rpc.request.timeout = 3000ms (default)
2019-07-16 14:18:01,735 INFO  server.RaftServerConfigKeys (ConfUtils.java:logGet(43)) - raft.server.log.appender.install.snapshot.enabled = false (custom)
2019-07-16 14:18:01,735 INFO  impl.RoleInfo (RoleInfo.java:updateAndGet(143)) - f8fbaaad-930e-4816-816b-7f6974359c03: start LeaderState
2019-07-16 14:18:01,737 INFO  segmented.SegmentedRaftLogWorker (SegmentedRaftLogWorker.java:startLogSegment(380)) - f8fbaaad-930e-4816-816b-7f6974359c03-SegmentedRaftLogWorker:Storage Directory /workdir/hadoop-ozone/integration-test/target/test-dir/MiniOzoneClusterImpl-356bc514-ab20-4970-9b1b-e867f6cf327d/datanode-2/data/ratis/ffe7e0dd-2665-4af7-9542-35dff6fdb14a: Starting segment from index:0
2019-07-16 14:18:01,738 INFO  impl.RaftServerImpl (ServerState.java:setRaftConf(361)) - f8fbaaad-930e-4816-816b-7f6974359c03:group-35DFF6FDB14A set configuration 0: [ba993f1d-0319-48bc-847d-c4a68c232f14:192.168.157.241:43510, 3ec2f160-0b4e-4f80-b066-2acb28417227:192.168.157.241:42718, f8fbaaad-930e-4816-816b-7f6974359c03:192.168.157.241:42691], old=null at 0
2019-07-16 14:18:01,757 INFO  segmented.SegmentedRaftLogWorker (SegmentedRaftLogWorker.java:execute(569)) - 63509336-6971-468c-b5c2-a3327d3314a9-SegmentedRaftLogWorker:Storage Directory /workdir/hadoop-ozone/integration-test/target/test-dir/MiniOzoneClusterImpl-356bc514-ab20-4970-9b1b-e867f6cf327d/datanode-3/data/ratis/49311690-fd7e-46b1-96ef-e7e66fcecc5f: created new log segment /workdir/hadoop-ozone/integration-test/target/test-dir/MiniOzoneClusterImpl-356bc514-ab20-4970-9b1b-e867f6cf327d/datanode-3/data/ratis/49311690-fd7e-46b1-96ef-e7e66fcecc5f/current/log_inprogress_0
2019-07-16 14:18:01,757 INFO  impl.RaftServerImpl (RaftServerImpl.java:requestVote(754)) - f8fbaaad-930e-4816-816b-7f6974359c03-LEADER: Withhold vote from candidate ba993f1d-0319-48bc-847d-c4a68c232f14 with term 1. State: leader=f8fbaaad-930e-4816-816b-7f6974359c03, term=1, lastRpcElapsed=null
2019-07-16 14:18:01,765 INFO  impl.LeaderElection (LeaderElection.java:logAndReturn(56)) - ba993f1d-0319-48bc-847d-c4a68c232f14:group-35DFF6FDB14A:LeaderElection11: Election REJECTED; received 2 response(s) [ba993f1d-0319-48bc-847d-c4a68c232f14<-3ec2f160-0b4e-4f80-b066-2acb28417227#0:FAIL-t1, ba993f1d-0319-48bc-847d-c4a68c232f14<-f8fbaaad-930e-4816-816b-7f6974359c03#0:FAIL-t1] and 0 exception(s); ba993f1d-0319-48bc-847d-c4a68c232f14:t1, leader=null, voted=ba993f1d-0319-48bc-847d-c4a68c232f14, raftlog=ba993f1d-0319-48bc-847d-c4a68c232f14-SegmentedRaftLog:OPENED:c-1,f-1,i0, conf=-1: [ba993f1d-0319-48bc-847d-c4a68c232f14:192.168.157.241:43510, 3ec2f160-0b4e-4f80-b066-2acb28417227:192.168.157.241:42718, f8fbaaad-930e-4816-816b-7f6974359c03:192.168.157.241:42691], old=null
2019-07-16 14:18:01,767 INFO  impl.RaftServerImpl (RaftServerImpl.java:setRole(171)) - ba993f1d-0319-48bc-847d-c4a68c232f14:group-35DFF6FDB14A changes role from CANDIDATE to FOLLOWER at term 1 for DISCOVERED_A_NEW_TERM
2019-07-16 14:18:01,769 INFO  impl.RoleInfo (RoleInfo.java:shutdownLeaderElection(134)) - ba993f1d-0319-48bc-847d-c4a68c232f14: shutdown LeaderElection
2019-07-16 14:18:01,770 INFO  segmented.SegmentedRaftLogWorker (SegmentedRaftLogWorker.java:execute(569)) - f8fbaaad-930e-4816-816b-7f6974359c03-SegmentedRaftLogWorker:Storage Directory /workdir/hadoop-ozone/integration-test/target/test-dir/MiniOzoneClusterImpl-356bc514-ab20-4970-9b1b-e867f6cf327d/datanode-2/data/ratis/ffe7e0dd-2665-4af7-9542-35dff6fdb14a: created new log segment /workdir/hadoop-ozone/integration-test/target/test-dir/MiniOzoneClusterImpl-356bc514-ab20-4970-9b1b-e867f6cf327d/datanode-2/data/ratis/ffe7e0dd-2665-4af7-9542-35dff6fdb14a/current/log_inprogress_0
2019-07-16 14:18:01,772 INFO  impl.RoleInfo (RoleInfo.java:updateAndGet(143)) - ba993f1d-0319-48bc-847d-c4a68c232f14: start FollowerState
2019-07-16 14:18:01,780 INFO  impl.RaftServerImpl (ServerState.java:setLeader(263)) - 3ec2f160-0b4e-4f80-b066-2acb28417227:group-35DFF6FDB14A change Leader from null to f8fbaaad-930e-4816-816b-7f6974359c03 at term 1 for appendEntries, leader elected after 5208ms
2019-07-16 14:18:01,782 INFO  impl.RaftServerImpl (ServerState.java:setLeader(263)) - d088cbd8-ab6e-4439-8614-2e769fa95619:group-E7E66FCECC5F change Leader from null to 63509336-6971-468c-b5c2-a3327d3314a9 at term 1 for appendEntries, leader elected after 5327ms
2019-07-16 14:18:01,782 INFO  impl.RaftServerImpl (ServerState.java:setLeader(263)) - d0f4f310-adcf-472e-8d2e-24726e34e188:group-E7E66FCECC5F change Leader from null to 63509336-6971-468c-b5c2-a3327d3314a9 at term 1 for appendEntries, leader elected after 5329ms
2019-07-16 14:18:01,782 INFO  impl.RaftServerImpl (ServerState.java:setLeader(263)) - ba993f1d-0319-48bc-847d-c4a68c232f14:group-35DFF6FDB14A change Leader from null to f8fbaaad-930e-4816-816b-7f6974359c03 at term 1 for appendEntries, leader elected after 5209ms
2019-07-16 14:18:01,816 INFO  impl.RaftServerImpl (ServerState.java:setRaftConf(361)) - ba993f1d-0319-48bc-847d-c4a68c232f14:group-35DFF6FDB14A set configuration 0: [ba993f1d-0319-48bc-847d-c4a68c232f14:192.168.157.241:43510, 3ec2f160-0b4e-4f80-b066-2acb28417227:192.168.157.241:42718, f8fbaaad-930e-4816-816b-7f6974359c03:192.168.157.241:42691], old=null at 0
2019-07-16 14:18:01,817 INFO  impl.RaftServerImpl (ServerState.java:setRaftConf(361)) - d088cbd8-ab6e-4439-8614-2e769fa95619:group-E7E66FCECC5F set configuration 0: [63509336-6971-468c-b5c2-a3327d3314a9:192.168.157.241:32802, d0f4f310-adcf-472e-8d2e-24726e34e188:192.168.157.241:34826, d088cbd8-ab6e-4439-8614-2e769fa95619:192.168.157.241:45468], old=null at 0
2019-07-16 14:18:01,817 INFO  segmented.SegmentedRaftLogWorker (SegmentedRaftLogWorker.java:startLogSegment(380)) - ba993f1d-0319-48bc-847d-c4a68c232f14-SegmentedRaftLogWorker:Storage Directory /workdir/hadoop-ozone/integration-test/target/test-dir/MiniOzoneClusterImpl-356bc514-ab20-4970-9b1b-e867f6cf327d/datanode-4/data/ratis/ffe7e0dd-2665-4af7-9542-35dff6fdb14a: Starting segment from index:0
2019-07-16 14:18:01,817 INFO  impl.RaftServerImpl (ServerState.java:setRaftConf(361)) - 3ec2f160-0b4e-4f80-b066-2acb28417227:group-35DFF6FDB14A set configuration 0: [ba993f1d-0319-48bc-847d-c4a68c232f14:192.168.157.241:43510, 3ec2f160-0b4e-4f80-b066-2acb28417227:192.168.157.241:42718, f8fbaaad-930e-4816-816b-7f6974359c03:192.168.157.241:42691], old=null at 0
2019-07-16 14:18:01,817 INFO  impl.RaftServerImpl (ServerState.java:setRaftConf(361)) - d0f4f310-adcf-472e-8d2e-24726e34e188:group-E7E66FCECC5F set configuration 0: [63509336-6971-468c-b5c2-a3327d3314a9:192.168.157.241:32802, d0f4f310-adcf-472e-8d2e-24726e34e188:192.168.157.241:34826, d088cbd8-ab6e-4439-8614-2e769fa95619:192.168.157.241:45468], old=null at 0
2019-07-16 14:18:01,817 INFO  segmented.SegmentedRaftLogWorker (SegmentedRaftLogWorker.java:startLogSegment(380)) - 3ec2f160-0b4e-4f80-b066-2acb28417227-SegmentedRaftLogWorker:Storage Directory /workdir/hadoop-ozone/integration-test/target/test-dir/MiniOzoneClusterImpl-356bc514-ab20-4970-9b1b-e867f6cf327d/datanode-0/data/ratis/ffe7e0dd-2665-4af7-9542-35dff6fdb14a: Starting segment from index:0
2019-07-16 14:18:01,817 INFO  segmented.SegmentedRaftLogWorker (SegmentedRaftLogWorker.java:startLogSegment(380)) - d088cbd8-ab6e-4439-8614-2e769fa95619-SegmentedRaftLogWorker:Storage Directory /workdir/hadoop-ozone/integration-test/target/test-dir/MiniOzoneClusterImpl-356bc514-ab20-4970-9b1b-e867f6cf327d/datanode-6/data/ratis/49311690-fd7e-46b1-96ef-e7e66fcecc5f: Starting segment from index:0
2019-07-16 14:18:01,818 INFO  segmented.SegmentedRaftLogWorker (SegmentedRaftLogWorker.java:startLogSegment(380)) - d0f4f310-adcf-472e-8d2e-24726e34e188-SegmentedRaftLogWorker:Storage Directory /workdir/hadoop-ozone/integration-test/target/test-dir/MiniOzoneClusterImpl-356bc514-ab20-4970-9b1b-e867f6cf327d/datanode-5/data/ratis/49311690-fd7e-46b1-96ef-e7e66fcecc5f: Starting segment from index:0
2019-07-16 14:18:01,845 INFO  segmented.SegmentedRaftLogWorker (SegmentedRaftLogWorker.java:execute(569)) - d0f4f310-adcf-472e-8d2e-24726e34e188-SegmentedRaftLogWorker:Storage Directory /workdir/hadoop-ozone/integration-test/target/test-dir/MiniOzoneClusterImpl-356bc514-ab20-4970-9b1b-e867f6cf327d/datanode-5/data/ratis/49311690-fd7e-46b1-96ef-e7e66fcecc5f: created new log segment /workdir/hadoop-ozone/integration-test/target/test-dir/MiniOzoneClusterImpl-356bc514-ab20-4970-9b1b-e867f6cf327d/datanode-5/data/ratis/49311690-fd7e-46b1-96ef-e7e66fcecc5f/current/log_inprogress_0
2019-07-16 14:18:01,845 INFO  segmented.SegmentedRaftLogWorker (SegmentedRaftLogWorker.java:execute(569)) - d088cbd8-ab6e-4439-8614-2e769fa95619-SegmentedRaftLogWorker:Storage Directory /workdir/hadoop-ozone/integration-test/target/test-dir/MiniOzoneClusterImpl-356bc514-ab20-4970-9b1b-e867f6cf327d/datanode-6/data/ratis/49311690-fd7e-46b1-96ef-e7e66fcecc5f: created new log segment /workdir/hadoop-ozone/integration-test/target/test-dir/MiniOzoneClusterImpl-356bc514-ab20-4970-9b1b-e867f6cf327d/datanode-6/data/ratis/49311690-fd7e-46b1-96ef-e7e66fcecc5f/current/log_inprogress_0
2019-07-16 14:18:01,845 INFO  segmented.SegmentedRaftLogWorker (SegmentedRaftLogWorker.java:execute(569)) - 3ec2f160-0b4e-4f80-b066-2acb28417227-SegmentedRaftLogWorker:Storage Directory /workdir/hadoop-ozone/integration-test/target/test-dir/MiniOzoneClusterImpl-356bc514-ab20-4970-9b1b-e867f6cf327d/datanode-0/data/ratis/ffe7e0dd-2665-4af7-9542-35dff6fdb14a: created new log segment /workdir/hadoop-ozone/integration-test/target/test-dir/MiniOzoneClusterImpl-356bc514-ab20-4970-9b1b-e867f6cf327d/datanode-0/data/ratis/ffe7e0dd-2665-4af7-9542-35dff6fdb14a/current/log_inprogress_0
2019-07-16 14:18:01,845 INFO  segmented.SegmentedRaftLogWorker (SegmentedRaftLogWorker.java:execute(569)) - ba993f1d-0319-48bc-847d-c4a68c232f14-SegmentedRaftLogWorker:Storage Directory /workdir/hadoop-ozone/integration-test/target/test-dir/MiniOzoneClusterImpl-356bc514-ab20-4970-9b1b-e867f6cf327d/datanode-4/data/ratis/ffe7e0dd-2665-4af7-9542-35dff6fdb14a: created new log segment /workdir/hadoop-ozone/integration-test/target/test-dir/MiniOzoneClusterImpl-356bc514-ab20-4970-9b1b-e867f6cf327d/datanode-4/data/ratis/ffe7e0dd-2665-4af7-9542-35dff6fdb14a/current/log_inprogress_0
2019-07-16 14:18:02,668 INFO  client.GrpcClientProtocolClient (GrpcClientProtocolClient.java:onNext(255)) - client-A6FBEAEF407A->3ec2f160-0b4e-4f80-b066-2acb28417227: receive RaftClientReply:client-A6FBEAEF407A->3ec2f160-0b4e-4f80-b066-2acb28417227@group-35DFF6FDB14A, cid=13, FAILED org.apache.ratis.protocol.NotLeaderException: Server 3ec2f160-0b4e-4f80-b066-2acb28417227 is not the leader (f8fbaaad-930e-4816-816b-7f6974359c03:192.168.157.241:42691). Request must be sent to leader., logIndex=0, commits[3ec2f160-0b4e-4f80-b066-2acb28417227:c0, ba993f1d-0319-48bc-847d-c4a68c232f14:c-1, f8fbaaad-930e-4816-816b-7f6974359c03:c0]
2019-07-16 14:18:02,948 INFO  client.GrpcClientProtocolClient (GrpcClientProtocolClient.java:onNext(255)) - client-A6FBEAEF407A->f8fbaaad-930e-4816-816b-7f6974359c03: receive RaftClientReply:client-A6FBEAEF407A->f8fbaaad-930e-4816-816b-7f6974359c03@group-35DFF6FDB14A, cid=13, SUCCESS, logIndex=1, commits[f8fbaaad-930e-4816-816b-7f6974359c03:c1, ba993f1d-0319-48bc-847d-c4a68c232f14:c0, 3ec2f160-0b4e-4f80-b066-2acb28417227:c0]
2019-07-16 14:18:03,064 INFO  client.GrpcClientProtocolClient (GrpcClientProtocolClient.java:onNext(255)) - client-A6FBEAEF407A->f8fbaaad-930e-4816-816b-7f6974359c03: receive RaftClientReply:client-A6FBEAEF407A->f8fbaaad-930e-4816-816b-7f6974359c03@group-35DFF6FDB14A, cid=14, SUCCESS, logIndex=3, commits[f8fbaaad-930e-4816-816b-7f6974359c03:c4, ba993f1d-0319-48bc-847d-c4a68c232f14:c3, 3ec2f160-0b4e-4f80-b066-2acb28417227:c3]
2019-07-16 14:18:03,365 INFO  container.CloseContainerEventHandler (CloseContainerEventHandler.java:onMessage(61)) - Close container Event triggered for container : #1
2019-07-16 14:18:03,371 INFO  container.CloseContainerEventHandler (CloseContainerEventHandler.java:onMessage(61)) - Close container Event triggered for container : #1
2019-07-16 14:18:03,372 INFO  container.CloseContainerEventHandler (CloseContainerEventHandler.java:onMessage(61)) - Close container Event triggered for container : #1
2019-07-16 14:18:05,929 INFO  interfaces.Container (KeyValueContainer.java:compactDB(356)) - Container 1 is closed with bcsId 3.
2019-07-16 14:18:05,948 INFO  interfaces.Container (KeyValueContainer.java:compactDB(356)) - Container 1 is closed with bcsId 3.
2019-07-16 14:18:05,948 INFO  interfaces.Container (KeyValueContainer.java:compactDB(356)) - Container 1 is closed with bcsId 3.
14:18:06.387 [grpc-default-executor-0] ERROR DNAudit - user=null | ip=null | op=WRITE_CHUNK {blockData=conID: 1 locID: 102451555674423297 bcsId: 3} | ret=FAILURE
org.apache.hadoop.hdds.scm.container.common.helpers.ContainerNotOpenException: Container 1 in CLOSED state
	at org.apache.hadoop.ozone.container.common.impl.HddsDispatcher.validateContainerCommand(HddsDispatcher.java:408) ~[hadoop-hdds-container-service-0.5.0-SNAPSHOT.jar:?]
	at org.apache.hadoop.ozone.container.common.transport.server.ratis.ContainerStateMachine.startTransaction(ContainerStateMachine.java:272) ~[hadoop-hdds-container-service-0.5.0-SNAPSHOT.jar:?]
	at org.apache.ratis.server.impl.RaftServerImpl.submitClientRequestAsync(RaftServerImpl.java:566) ~[ratis-server-0.4.0-2337318-SNAPSHOT.jar:0.4.0-2337318-SNAPSHOT]
	at org.apache.ratis.server.impl.RaftServerProxy.lambda$submitClientRequestAsync$7(RaftServerProxy.java:333) ~[ratis-server-0.4.0-2337318-SNAPSHOT.jar:0.4.0-2337318-SNAPSHOT]
	at org.apache.ratis.server.impl.RaftServerProxy.lambda$null$5(RaftServerProxy.java:328) ~[ratis-server-0.4.0-2337318-SNAPSHOT.jar:0.4.0-2337318-SNAPSHOT]
	at org.apache.ratis.util.JavaUtils.callAsUnchecked(JavaUtils.java:109) ~[ratis-common-0.4.0-2337318-SNAPSHOT.jar:0.4.0-2337318-SNAPSHOT]
	at org.apache.ratis.server.impl.RaftServerProxy.lambda$submitRequest$6(RaftServerProxy.java:328) ~[ratis-server-0.4.0-2337318-SNAPSHOT.jar:0.4.0-2337318-SNAPSHOT]
	at java.util.concurrent.CompletableFuture.uniComposeStage(CompletableFuture.java:981) ~[?:1.8.0_212]
	at java.util.concurrent.CompletableFuture.thenCompose(CompletableFuture.java:2124) ~[?:1.8.0_212]
	at org.apache.ratis.server.impl.RaftServerProxy.submitRequest(RaftServerProxy.java:327) ~[ratis-server-0.4.0-2337318-SNAPSHOT.jar:0.4.0-2337318-SNAPSHOT]
	at org.apache.ratis.server.impl.RaftServerProxy.submitClientRequestAsync(RaftServerProxy.java:333) ~[ratis-server-0.4.0-2337318-SNAPSHOT.jar:0.4.0-2337318-SNAPSHOT]
	at org.apache.ratis.grpc.client.GrpcClientProtocolService$RequestStreamObserver.processClientRequest(GrpcClientProtocolService.java:220) ~[ratis-grpc-0.4.0-2337318-SNAPSHOT.jar:0.4.0-2337318-SNAPSHOT]
	at org.apache.ratis.grpc.client.GrpcClientProtocolService$OrderedRequestStreamObserver.processClientRequest(GrpcClientProtocolService.java:326) ~[ratis-grpc-0.4.0-2337318-SNAPSHOT.jar:0.4.0-2337318-SNAPSHOT]
	at org.apache.ratis.util.SlidingWindow$Server.processRequestsFromHead(SlidingWindow.java:429) [ratis-common-0.4.0-2337318-SNAPSHOT.jar:0.4.0-2337318-SNAPSHOT]
	at org.apache.ratis.util.SlidingWindow$Server.receivedRequest(SlidingWindow.java:421) [ratis-common-0.4.0-2337318-SNAPSHOT.jar:0.4.0-2337318-SNAPSHOT]
	at org.apache.ratis.grpc.client.GrpcClientProtocolService$OrderedRequestStreamObserver.processClientRequest(GrpcClientProtocolService.java:345) [ratis-grpc-0.4.0-2337318-SNAPSHOT.jar:0.4.0-2337318-SNAPSHOT]
	at org.apache.ratis.grpc.client.GrpcClientProtocolService$RequestStreamObserver.onNext(GrpcClientProtocolService.java:240) [ratis-grpc-0.4.0-2337318-SNAPSHOT.jar:0.4.0-2337318-SNAPSHOT]
	at org.apache.ratis.grpc.client.GrpcClientProtocolService$RequestStreamObserver.onNext(GrpcClientProtocolService.java:168) [ratis-grpc-0.4.0-2337318-SNAPSHOT.jar:0.4.0-2337318-SNAPSHOT]
	at org.apache.ratis.thirdparty.io.grpc.stub.ServerCalls$StreamingServerCallHandler$StreamingServerCallListener.onMessage(ServerCalls.java:248) [ratis-thirdparty-misc-0.2.0.jar:0.2.0]
	at org.apache.ratis.thirdparty.io.grpc.internal.ServerCallImpl$ServerStreamListenerImpl.messagesAvailable(ServerCallImpl.java:263) [ratis-thirdparty-misc-0.2.0.jar:0.2.0]
	at org.apache.ratis.thirdparty.io.grpc.internal.ServerImpl$JumpToApplicationThreadServerStreamListener$1MessagesAvailable.runInContext(ServerImpl.java:686) [ratis-thirdparty-misc-0.2.0.jar:0.2.0]
	at org.apache.ratis.thirdparty.io.grpc.internal.ContextRunnable.run(ContextRunnable.java:37) [ratis-thirdparty-misc-0.2.0.jar:0.2.0]
	at org.apache.ratis.thirdparty.io.grpc.internal.SerializingExecutor.run(SerializingExecutor.java:123) [ratis-thirdparty-misc-0.2.0.jar:0.2.0]
	at java.util.concurrent.ThreadPoolExecutor.runWorker(ThreadPoolExecutor.java:1149) [?:1.8.0_212]
	at java.util.concurrent.ThreadPoolExecutor$Worker.run(ThreadPoolExecutor.java:624) [?:1.8.0_212]
	at java.lang.Thread.run(Thread.java:748) [?:1.8.0_212]
14:18:06.437 [grpc-default-executor-0] ERROR DNAudit - user=null | ip=null | op=PUT_BLOCK {blockData=[blockId=conID: 1 locID: 102451555674423297 bcsId: 0,size=2097152]} | ret=FAILURE
org.apache.hadoop.hdds.scm.container.common.helpers.ContainerNotOpenException: Container 1 in CLOSED state
	at org.apache.hadoop.ozone.container.common.impl.HddsDispatcher.validateContainerCommand(HddsDispatcher.java:408) ~[hadoop-hdds-container-service-0.5.0-SNAPSHOT.jar:?]
	at org.apache.hadoop.ozone.container.common.transport.server.ratis.ContainerStateMachine.startTransaction(ContainerStateMachine.java:272) ~[hadoop-hdds-container-service-0.5.0-SNAPSHOT.jar:?]
	at org.apache.ratis.server.impl.RaftServerImpl.submitClientRequestAsync(RaftServerImpl.java:566) ~[ratis-server-0.4.0-2337318-SNAPSHOT.jar:0.4.0-2337318-SNAPSHOT]
	at org.apache.ratis.server.impl.RaftServerProxy.lambda$submitClientRequestAsync$7(RaftServerProxy.java:333) ~[ratis-server-0.4.0-2337318-SNAPSHOT.jar:0.4.0-2337318-SNAPSHOT]
	at org.apache.ratis.server.impl.RaftServerProxy.lambda$null$5(RaftServerProxy.java:328) ~[ratis-server-0.4.0-2337318-SNAPSHOT.jar:0.4.0-2337318-SNAPSHOT]
	at org.apache.ratis.util.JavaUtils.callAsUnchecked(JavaUtils.java:109) ~[ratis-common-0.4.0-2337318-SNAPSHOT.jar:0.4.0-2337318-SNAPSHOT]
	at org.apache.ratis.server.impl.RaftServerProxy.lambda$submitRequest$6(RaftServerProxy.java:328) ~[ratis-server-0.4.0-2337318-SNAPSHOT.jar:0.4.0-2337318-SNAPSHOT]
	at java.util.concurrent.CompletableFuture.uniComposeStage(CompletableFuture.java:981) ~[?:1.8.0_212]
	at java.util.concurrent.CompletableFuture.thenCompose(CompletableFuture.java:2124) ~[?:1.8.0_212]
	at org.apache.ratis.server.impl.RaftServerProxy.submitRequest(RaftServerProxy.java:327) ~[ratis-server-0.4.0-2337318-SNAPSHOT.jar:0.4.0-2337318-SNAPSHOT]
	at org.apache.ratis.server.impl.RaftServerProxy.submitClientRequestAsync(RaftServerProxy.java:333) ~[ratis-server-0.4.0-2337318-SNAPSHOT.jar:0.4.0-2337318-SNAPSHOT]
	at org.apache.ratis.grpc.client.GrpcClientProtocolService$RequestStreamObserver.processClientRequest(GrpcClientProtocolService.java:220) ~[ratis-grpc-0.4.0-2337318-SNAPSHOT.jar:0.4.0-2337318-SNAPSHOT]
	at org.apache.ratis.grpc.client.GrpcClientProtocolService$OrderedRequestStreamObserver.processClientRequest(GrpcClientProtocolService.java:326) ~[ratis-grpc-0.4.0-2337318-SNAPSHOT.jar:0.4.0-2337318-SNAPSHOT]
	at org.apache.ratis.util.SlidingWindow$Server.processRequestsFromHead(SlidingWindow.java:429) [ratis-common-0.4.0-2337318-SNAPSHOT.jar:0.4.0-2337318-SNAPSHOT]
	at org.apache.ratis.util.SlidingWindow$Server.receivedRequest(SlidingWindow.java:421) [ratis-common-0.4.0-2337318-SNAPSHOT.jar:0.4.0-2337318-SNAPSHOT]
	at org.apache.ratis.grpc.client.GrpcClientProtocolService$OrderedRequestStreamObserver.processClientRequest(GrpcClientProtocolService.java:345) [ratis-grpc-0.4.0-2337318-SNAPSHOT.jar:0.4.0-2337318-SNAPSHOT]
	at org.apache.ratis.grpc.client.GrpcClientProtocolService$RequestStreamObserver.onNext(GrpcClientProtocolService.java:240) [ratis-grpc-0.4.0-2337318-SNAPSHOT.jar:0.4.0-2337318-SNAPSHOT]
	at org.apache.ratis.grpc.client.GrpcClientProtocolService$RequestStreamObserver.onNext(GrpcClientProtocolService.java:168) [ratis-grpc-0.4.0-2337318-SNAPSHOT.jar:0.4.0-2337318-SNAPSHOT]
	at org.apache.ratis.thirdparty.io.grpc.stub.ServerCalls$StreamingServerCallHandler$StreamingServerCallListener.onMessage(ServerCalls.java:248) [ratis-thirdparty-misc-0.2.0.jar:0.2.0]
	at org.apache.ratis.thirdparty.io.grpc.internal.ServerCallImpl$ServerStreamListenerImpl.messagesAvailable(ServerCallImpl.java:263) [ratis-thirdparty-misc-0.2.0.jar:0.2.0]
	at org.apache.ratis.thirdparty.io.grpc.internal.ServerImpl$JumpToApplicationThreadServerStreamListener$1MessagesAvailable.runInContext(ServerImpl.java:686) [ratis-thirdparty-misc-0.2.0.jar:0.2.0]
	at org.apache.ratis.thirdparty.io.grpc.internal.ContextRunnable.run(ContextRunnable.java:37) [ratis-thirdparty-misc-0.2.0.jar:0.2.0]
	at org.apache.ratis.thirdparty.io.grpc.internal.SerializingExecutor.run(SerializingExecutor.java:123) [ratis-thirdparty-misc-0.2.0.jar:0.2.0]
	at java.util.concurrent.ThreadPoolExecutor.runWorker(ThreadPoolExecutor.java:1149) [?:1.8.0_212]
	at java.util.concurrent.ThreadPoolExecutor$Worker.run(ThreadPoolExecutor.java:624) [?:1.8.0_212]
	at java.lang.Thread.run(Thread.java:748) [?:1.8.0_212]
2019-07-16 14:18:06,449 INFO  client.GrpcClientProtocolClient (GrpcClientProtocolClient.java:onNext(255)) - client-A6FBEAEF407A->f8fbaaad-930e-4816-816b-7f6974359c03: receive RaftClientReply:client-A6FBEAEF407A->f8fbaaad-930e-4816-816b-7f6974359c03@group-35DFF6FDB14A, cid=15, FAILED org.apache.ratis.protocol.StateMachineException: org.apache.hadoop.hdds.scm.container.common.helpers.ContainerNotOpenException from Server f8fbaaad-930e-4816-816b-7f6974359c03: Container 1 in CLOSED state, logIndex=0, commits[f8fbaaad-930e-4816-816b-7f6974359c03:c6, ba993f1d-0319-48bc-847d-c4a68c232f14:c5, 3ec2f160-0b4e-4f80-b066-2acb28417227:c5]
2019-07-16 14:18:06,452 INFO  client.GrpcClientProtocolClient (GrpcClientProtocolClient.java:onNext(255)) - client-A6FBEAEF407A->f8fbaaad-930e-4816-816b-7f6974359c03: receive RaftClientReply:client-A6FBEAEF407A->f8fbaaad-930e-4816-816b-7f6974359c03@group-35DFF6FDB14A, cid=16, FAILED org.apache.ratis.protocol.StateMachineException: org.apache.hadoop.hdds.scm.container.common.helpers.ContainerNotOpenException from Server f8fbaaad-930e-4816-816b-7f6974359c03: Container 1 in CLOSED state, logIndex=0, commits[f8fbaaad-930e-4816-816b-7f6974359c03:c6, ba993f1d-0319-48bc-847d-c4a68c232f14:c5, 3ec2f160-0b4e-4f80-b066-2acb28417227:c5]
2019-07-16 14:18:06,633 INFO  client.GrpcClientProtocolClient (GrpcClientProtocolClient.java:onNext(255)) - client-A6FBEAEF407A->f8fbaaad-930e-4816-816b-7f6974359c03: receive RaftClientReply:client-A6FBEAEF407A->f8fbaaad-930e-4816-816b-7f6974359c03@group-35DFF6FDB14A, cid=17, SUCCESS, logIndex=7, commits[f8fbaaad-930e-4816-816b-7f6974359c03:c9, ba993f1d-0319-48bc-847d-c4a68c232f14:c6, 3ec2f160-0b4e-4f80-b066-2acb28417227:c6]
2019-07-16 14:18:06,680 INFO  client.GrpcClientProtocolClient (GrpcClientProtocolClient.java:onNext(255)) - client-A6FBEAEF407A->f8fbaaad-930e-4816-816b-7f6974359c03: receive RaftClientReply:client-A6FBEAEF407A->f8fbaaad-930e-4816-816b-7f6974359c03@group-35DFF6FDB14A, cid=18, SUCCESS, logIndex=8, commits[f8fbaaad-930e-4816-816b-7f6974359c03:c14, ba993f1d-0319-48bc-847d-c4a68c232f14:c10, 3ec2f160-0b4e-4f80-b066-2acb28417227:c10]
2019-07-16 14:18:06,683 INFO  client.GrpcClientProtocolClient (GrpcClientProtocolClient.java:onNext(255)) - client-A6FBEAEF407A->f8fbaaad-930e-4816-816b-7f6974359c03: receive RaftClientReply:client-A6FBEAEF407A->f8fbaaad-930e-4816-816b-7f6974359c03@group-35DFF6FDB14A, cid=19, SUCCESS, logIndex=9, commits[f8fbaaad-930e-4816-816b-7f6974359c03:c14, ba993f1d-0319-48bc-847d-c4a68c232f14:c10, 3ec2f160-0b4e-4f80-b066-2acb28417227:c10]
2019-07-16 14:18:06,725 INFO  client.GrpcClientProtocolClient (GrpcClientProtocolClient.java:onNext(255)) - client-A6FBEAEF407A->f8fbaaad-930e-4816-816b-7f6974359c03: receive RaftClientReply:client-A6FBEAEF407A->f8fbaaad-930e-4816-816b-7f6974359c03@group-35DFF6FDB14A, cid=20, SUCCESS, logIndex=10, commits[f8fbaaad-930e-4816-816b-7f6974359c03:c14, ba993f1d-0319-48bc-847d-c4a68c232f14:c10, 3ec2f160-0b4e-4f80-b066-2acb28417227:c10]
2019-07-16 14:18:06,807 INFO  pipeline.Pipeline (Pipeline.java:getProtobufMessage(195)) - Serialize pipeline PipelineID=ffe7e0dd-2665-4af7-9542-35dff6fdb14a with nodesInOrder{ }
]]></system-out>
    <system-err><![CDATA[ERROR StatusLogger No Log4j 2 configuration file found. Using default configuration (logging only errors to the console), or user programmatically provided configurations. Set system property 'log4j2.debug' to show Log4j 2 internal initialization logging. See https://logging.apache.org/log4j/2.x/manual/configuration.html for instructions on how to configure Log4j 2
Jul 16, 2019 2:17:49 PM com.sun.jersey.server.impl.application.WebApplicationImpl _initiate
INFO: Initiating Jersey application, version 'Jersey: 1.19 02/11/2015 03:25 AM'
Jul 16, 2019 2:17:50 PM com.sun.jersey.server.impl.application.WebApplicationImpl _initiate
INFO: Initiating Jersey application, version 'Jersey: 1.19 02/11/2015 03:25 AM'
Jul 16, 2019 2:17:50 PM com.sun.jersey.server.impl.application.WebApplicationImpl _initiate
INFO: Initiating Jersey application, version 'Jersey: 1.19 02/11/2015 03:25 AM'
Jul 16, 2019 2:17:50 PM com.sun.jersey.server.impl.application.WebApplicationImpl _initiate
INFO: Initiating Jersey application, version 'Jersey: 1.19 02/11/2015 03:25 AM'
Jul 16, 2019 2:17:51 PM com.sun.jersey.server.impl.application.WebApplicationImpl _initiate
INFO: Initiating Jersey application, version 'Jersey: 1.19 02/11/2015 03:25 AM'
Jul 16, 2019 2:17:51 PM com.sun.jersey.server.impl.application.WebApplicationImpl _initiate
INFO: Initiating Jersey application, version 'Jersey: 1.19 02/11/2015 03:25 AM'
Jul 16, 2019 2:17:51 PM com.sun.jersey.server.impl.application.WebApplicationImpl _initiate
INFO: Initiating Jersey application, version 'Jersey: 1.19 02/11/2015 03:25 AM'
]]></system-err>
  </testcase>
  <testcase name="testBlockWritesWithFlushAndClose" classname="org.apache.hadoop.ozone.client.rpc.TestCloseContainerHandlingByClient" time="2.918">
    <error type="java.lang.IllegalArgumentException">java.lang.IllegalArgumentException
	at com.google.common.base.Preconditions.checkArgument(Preconditions.java:72)
	at org.apache.hadoop.hdds.scm.XceiverClientManager.acquireClient(XceiverClientManager.java:150)
	at org.apache.hadoop.hdds.scm.XceiverClientManager.acquireClientForReadData(XceiverClientManager.java:143)
	at org.apache.hadoop.hdds.scm.storage.BlockInputStream.getChunkInfos(BlockInputStream.java:154)
	at org.apache.hadoop.hdds.scm.storage.BlockInputStream.initialize(BlockInputStream.java:118)
	at org.apache.hadoop.hdds.scm.storage.BlockInputStream.read(BlockInputStream.java:222)
	at org.apache.hadoop.ozone.client.io.KeyInputStream.read(KeyInputStream.java:171)
	at org.apache.hadoop.ozone.client.io.OzoneInputStream.read(OzoneInputStream.java:47)
	at java.io.InputStream.read(InputStream.java:101)
	at org.apache.hadoop.ozone.container.ContainerTestHelper.validateData(ContainerTestHelper.java:709)
	at org.apache.hadoop.ozone.client.rpc.TestCloseContainerHandlingByClient.validateData(TestCloseContainerHandlingByClient.java:401)
	at org.apache.hadoop.ozone.client.rpc.TestCloseContainerHandlingByClient.testBlockWritesWithFlushAndClose(TestCloseContainerHandlingByClient.java:150)
	at sun.reflect.NativeMethodAccessorImpl.invoke0(Native Method)
	at sun.reflect.NativeMethodAccessorImpl.invoke(NativeMethodAccessorImpl.java:62)
	at sun.reflect.DelegatingMethodAccessorImpl.invoke(DelegatingMethodAccessorImpl.java:43)
	at java.lang.reflect.Method.invoke(Method.java:498)
	at org.junit.runners.model.FrameworkMethod$1.runReflectiveCall(FrameworkMethod.java:47)
	at org.junit.internal.runners.model.ReflectiveCallable.run(ReflectiveCallable.java:12)
	at org.junit.runners.model.FrameworkMethod.invokeExplosively(FrameworkMethod.java:44)
	at org.junit.internal.runners.statements.InvokeMethod.evaluate(InvokeMethod.java:17)
	at org.junit.runners.ParentRunner.runLeaf(ParentRunner.java:271)
	at org.junit.runners.BlockJUnit4ClassRunner.runChild(BlockJUnit4ClassRunner.java:70)
	at org.junit.runners.BlockJUnit4ClassRunner.runChild(BlockJUnit4ClassRunner.java:50)
	at org.junit.runners.ParentRunner$3.run(ParentRunner.java:238)
	at org.junit.runners.ParentRunner$1.schedule(ParentRunner.java:63)
	at org.junit.runners.ParentRunner.runChildren(ParentRunner.java:236)
	at org.junit.runners.ParentRunner.access$000(ParentRunner.java:53)
	at org.junit.runners.ParentRunner$2.evaluate(ParentRunner.java:229)
	at org.junit.internal.runners.statements.RunBefores.evaluate(RunBefores.java:26)
	at org.junit.internal.runners.statements.RunAfters.evaluate(RunAfters.java:27)
	at org.junit.runners.ParentRunner.run(ParentRunner.java:309)
	at org.apache.maven.surefire.junit4.JUnit4Provider.execute(JUnit4Provider.java:365)
	at org.apache.maven.surefire.junit4.JUnit4Provider.executeWithRerun(JUnit4Provider.java:273)
	at org.apache.maven.surefire.junit4.JUnit4Provider.executeTestSet(JUnit4Provider.java:238)
	at org.apache.maven.surefire.junit4.JUnit4Provider.invoke(JUnit4Provider.java:159)
	at org.apache.maven.surefire.booter.ForkedBooter.invokeProviderInSameClassLoader(ForkedBooter.java:384)
	at org.apache.maven.surefire.booter.ForkedBooter.runSuitesInProcess(ForkedBooter.java:345)
	at org.apache.maven.surefire.booter.ForkedBooter.execute(ForkedBooter.java:126)
	at org.apache.maven.surefire.booter.ForkedBooter.main(ForkedBooter.java:418)
</error>
    <system-out><![CDATA[2019-07-16 14:18:07,160 INFO  client.GrpcClientProtocolClient (GrpcClientProtocolClient.java:onNext(255)) - client-537CEAD2113A->63509336-6971-468c-b5c2-a3327d3314a9: receive RaftClientReply:client-537CEAD2113A->63509336-6971-468c-b5c2-a3327d3314a9@group-E7E66FCECC5F, cid=21, SUCCESS, logIndex=1, commits[63509336-6971-468c-b5c2-a3327d3314a9:c1, d0f4f310-adcf-472e-8d2e-24726e34e188:c0, d088cbd8-ab6e-4439-8614-2e769fa95619:c0]
2019-07-16 14:18:07,243 INFO  client.GrpcClientProtocolClient (GrpcClientProtocolClient.java:onNext(255)) - client-537CEAD2113A->63509336-6971-468c-b5c2-a3327d3314a9: receive RaftClientReply:client-537CEAD2113A->63509336-6971-468c-b5c2-a3327d3314a9@group-E7E66FCECC5F, cid=22, SUCCESS, logIndex=3, commits[63509336-6971-468c-b5c2-a3327d3314a9:c4, d0f4f310-adcf-472e-8d2e-24726e34e188:c3, d088cbd8-ab6e-4439-8614-2e769fa95619:c3]
2019-07-16 14:18:07,378 INFO  container.CloseContainerEventHandler (CloseContainerEventHandler.java:onMessage(61)) - Close container Event triggered for container : #3
2019-07-16 14:18:07,379 INFO  container.CloseContainerEventHandler (CloseContainerEventHandler.java:onMessage(61)) - Close container Event triggered for container : #3
2019-07-16 14:18:07,379 INFO  container.CloseContainerEventHandler (CloseContainerEventHandler.java:onMessage(61)) - Close container Event triggered for container : #3
2019-07-16 14:18:09,175 INFO  interfaces.Container (KeyValueContainer.java:compactDB(356)) - Container 3 is closed with bcsId 3.
2019-07-16 14:18:09,193 INFO  interfaces.Container (KeyValueContainer.java:compactDB(356)) - Container 3 is closed with bcsId 3.
2019-07-16 14:18:09,196 INFO  interfaces.Container (KeyValueContainer.java:compactDB(356)) - Container 3 is closed with bcsId 3.
14:18:09.389 [grpc-default-executor-4] ERROR DNAudit - user=null | ip=null | op=WRITE_CHUNK {blockData=conID: 3 locID: 102451556308746244 bcsId: 3} | ret=FAILURE
org.apache.hadoop.hdds.scm.container.common.helpers.ContainerNotOpenException: Container 3 in CLOSED state
	at org.apache.hadoop.ozone.container.common.impl.HddsDispatcher.validateContainerCommand(HddsDispatcher.java:408) ~[hadoop-hdds-container-service-0.5.0-SNAPSHOT.jar:?]
	at org.apache.hadoop.ozone.container.common.transport.server.ratis.ContainerStateMachine.startTransaction(ContainerStateMachine.java:272) ~[hadoop-hdds-container-service-0.5.0-SNAPSHOT.jar:?]
	at org.apache.ratis.server.impl.RaftServerImpl.submitClientRequestAsync(RaftServerImpl.java:566) ~[ratis-server-0.4.0-2337318-SNAPSHOT.jar:0.4.0-2337318-SNAPSHOT]
	at org.apache.ratis.server.impl.RaftServerProxy.lambda$submitClientRequestAsync$7(RaftServerProxy.java:333) ~[ratis-server-0.4.0-2337318-SNAPSHOT.jar:0.4.0-2337318-SNAPSHOT]
	at org.apache.ratis.server.impl.RaftServerProxy.lambda$null$5(RaftServerProxy.java:328) ~[ratis-server-0.4.0-2337318-SNAPSHOT.jar:0.4.0-2337318-SNAPSHOT]
	at org.apache.ratis.util.JavaUtils.callAsUnchecked(JavaUtils.java:109) ~[ratis-common-0.4.0-2337318-SNAPSHOT.jar:0.4.0-2337318-SNAPSHOT]
	at org.apache.ratis.server.impl.RaftServerProxy.lambda$submitRequest$6(RaftServerProxy.java:328) ~[ratis-server-0.4.0-2337318-SNAPSHOT.jar:0.4.0-2337318-SNAPSHOT]
	at java.util.concurrent.CompletableFuture.uniComposeStage(CompletableFuture.java:981) ~[?:1.8.0_212]
	at java.util.concurrent.CompletableFuture.thenCompose(CompletableFuture.java:2124) ~[?:1.8.0_212]
	at org.apache.ratis.server.impl.RaftServerProxy.submitRequest(RaftServerProxy.java:327) ~[ratis-server-0.4.0-2337318-SNAPSHOT.jar:0.4.0-2337318-SNAPSHOT]
	at org.apache.ratis.server.impl.RaftServerProxy.submitClientRequestAsync(RaftServerProxy.java:333) ~[ratis-server-0.4.0-2337318-SNAPSHOT.jar:0.4.0-2337318-SNAPSHOT]
	at org.apache.ratis.grpc.client.GrpcClientProtocolService$RequestStreamObserver.processClientRequest(GrpcClientProtocolService.java:220) ~[ratis-grpc-0.4.0-2337318-SNAPSHOT.jar:0.4.0-2337318-SNAPSHOT]
	at org.apache.ratis.grpc.client.GrpcClientProtocolService$OrderedRequestStreamObserver.processClientRequest(GrpcClientProtocolService.java:326) ~[ratis-grpc-0.4.0-2337318-SNAPSHOT.jar:0.4.0-2337318-SNAPSHOT]
	at org.apache.ratis.util.SlidingWindow$Server.processRequestsFromHead(SlidingWindow.java:429) [ratis-common-0.4.0-2337318-SNAPSHOT.jar:0.4.0-2337318-SNAPSHOT]
	at org.apache.ratis.util.SlidingWindow$Server.receivedRequest(SlidingWindow.java:421) [ratis-common-0.4.0-2337318-SNAPSHOT.jar:0.4.0-2337318-SNAPSHOT]
	at org.apache.ratis.grpc.client.GrpcClientProtocolService$OrderedRequestStreamObserver.processClientRequest(GrpcClientProtocolService.java:345) [ratis-grpc-0.4.0-2337318-SNAPSHOT.jar:0.4.0-2337318-SNAPSHOT]
	at org.apache.ratis.grpc.client.GrpcClientProtocolService$RequestStreamObserver.onNext(GrpcClientProtocolService.java:240) [ratis-grpc-0.4.0-2337318-SNAPSHOT.jar:0.4.0-2337318-SNAPSHOT]
	at org.apache.ratis.grpc.client.GrpcClientProtocolService$RequestStreamObserver.onNext(GrpcClientProtocolService.java:168) [ratis-grpc-0.4.0-2337318-SNAPSHOT.jar:0.4.0-2337318-SNAPSHOT]
	at org.apache.ratis.thirdparty.io.grpc.stub.ServerCalls$StreamingServerCallHandler$StreamingServerCallListener.onMessage(ServerCalls.java:248) [ratis-thirdparty-misc-0.2.0.jar:0.2.0]
	at org.apache.ratis.thirdparty.io.grpc.internal.ServerCallImpl$ServerStreamListenerImpl.messagesAvailable(ServerCallImpl.java:263) [ratis-thirdparty-misc-0.2.0.jar:0.2.0]
	at org.apache.ratis.thirdparty.io.grpc.internal.ServerImpl$JumpToApplicationThreadServerStreamListener$1MessagesAvailable.runInContext(ServerImpl.java:686) [ratis-thirdparty-misc-0.2.0.jar:0.2.0]
	at org.apache.ratis.thirdparty.io.grpc.internal.ContextRunnable.run(ContextRunnable.java:37) [ratis-thirdparty-misc-0.2.0.jar:0.2.0]
	at org.apache.ratis.thirdparty.io.grpc.internal.SerializingExecutor.run(SerializingExecutor.java:123) [ratis-thirdparty-misc-0.2.0.jar:0.2.0]
	at java.util.concurrent.ThreadPoolExecutor.runWorker(ThreadPoolExecutor.java:1149) [?:1.8.0_212]
	at java.util.concurrent.ThreadPoolExecutor$Worker.run(ThreadPoolExecutor.java:624) [?:1.8.0_212]
	at java.lang.Thread.run(Thread.java:748) [?:1.8.0_212]
14:18:09.399 [grpc-default-executor-4] ERROR DNAudit - user=null | ip=null | op=PUT_BLOCK {blockData=[blockId=conID: 3 locID: 102451556308746244 bcsId: 0,size=2097152]} | ret=FAILURE
org.apache.hadoop.hdds.scm.container.common.helpers.ContainerNotOpenException: Container 3 in CLOSED state
	at org.apache.hadoop.ozone.container.common.impl.HddsDispatcher.validateContainerCommand(HddsDispatcher.java:408) ~[hadoop-hdds-container-service-0.5.0-SNAPSHOT.jar:?]
	at org.apache.hadoop.ozone.container.common.transport.server.ratis.ContainerStateMachine.startTransaction(ContainerStateMachine.java:272) ~[hadoop-hdds-container-service-0.5.0-SNAPSHOT.jar:?]
	at org.apache.ratis.server.impl.RaftServerImpl.submitClientRequestAsync(RaftServerImpl.java:566) ~[ratis-server-0.4.0-2337318-SNAPSHOT.jar:0.4.0-2337318-SNAPSHOT]
	at org.apache.ratis.server.impl.RaftServerProxy.lambda$submitClientRequestAsync$7(RaftServerProxy.java:333) ~[ratis-server-0.4.0-2337318-SNAPSHOT.jar:0.4.0-2337318-SNAPSHOT]
	at org.apache.ratis.server.impl.RaftServerProxy.lambda$null$5(RaftServerProxy.java:328) ~[ratis-server-0.4.0-2337318-SNAPSHOT.jar:0.4.0-2337318-SNAPSHOT]
	at org.apache.ratis.util.JavaUtils.callAsUnchecked(JavaUtils.java:109) ~[ratis-common-0.4.0-2337318-SNAPSHOT.jar:0.4.0-2337318-SNAPSHOT]
	at org.apache.ratis.server.impl.RaftServerProxy.lambda$submitRequest$6(RaftServerProxy.java:328) ~[ratis-server-0.4.0-2337318-SNAPSHOT.jar:0.4.0-2337318-SNAPSHOT]
	at java.util.concurrent.CompletableFuture.uniComposeStage(CompletableFuture.java:981) ~[?:1.8.0_212]
	at java.util.concurrent.CompletableFuture.thenCompose(CompletableFuture.java:2124) ~[?:1.8.0_212]
	at org.apache.ratis.server.impl.RaftServerProxy.submitRequest(RaftServerProxy.java:327) ~[ratis-server-0.4.0-2337318-SNAPSHOT.jar:0.4.0-2337318-SNAPSHOT]
	at org.apache.ratis.server.impl.RaftServerProxy.submitClientRequestAsync(RaftServerProxy.java:333) ~[ratis-server-0.4.0-2337318-SNAPSHOT.jar:0.4.0-2337318-SNAPSHOT]
	at org.apache.ratis.grpc.client.GrpcClientProtocolService$RequestStreamObserver.processClientRequest(GrpcClientProtocolService.java:220) ~[ratis-grpc-0.4.0-2337318-SNAPSHOT.jar:0.4.0-2337318-SNAPSHOT]
	at org.apache.ratis.grpc.client.GrpcClientProtocolService$OrderedRequestStreamObserver.processClientRequest(GrpcClientProtocolService.java:326) ~[ratis-grpc-0.4.0-2337318-SNAPSHOT.jar:0.4.0-2337318-SNAPSHOT]
	at org.apache.ratis.util.SlidingWindow$Server.processRequestsFromHead(SlidingWindow.java:429) [ratis-common-0.4.0-2337318-SNAPSHOT.jar:0.4.0-2337318-SNAPSHOT]
	at org.apache.ratis.util.SlidingWindow$Server.receivedRequest(SlidingWindow.java:421) [ratis-common-0.4.0-2337318-SNAPSHOT.jar:0.4.0-2337318-SNAPSHOT]
	at org.apache.ratis.grpc.client.GrpcClientProtocolService$OrderedRequestStreamObserver.processClientRequest(GrpcClientProtocolService.java:345) [ratis-grpc-0.4.0-2337318-SNAPSHOT.jar:0.4.0-2337318-SNAPSHOT]
	at org.apache.ratis.grpc.client.GrpcClientProtocolService$RequestStreamObserver.onNext(GrpcClientProtocolService.java:240) [ratis-grpc-0.4.0-2337318-SNAPSHOT.jar:0.4.0-2337318-SNAPSHOT]
	at org.apache.ratis.grpc.client.GrpcClientProtocolService$RequestStreamObserver.onNext(GrpcClientProtocolService.java:168) [ratis-grpc-0.4.0-2337318-SNAPSHOT.jar:0.4.0-2337318-SNAPSHOT]
	at org.apache.ratis.thirdparty.io.grpc.stub.ServerCalls$StreamingServerCallHandler$StreamingServerCallListener.onMessage(ServerCalls.java:248) [ratis-thirdparty-misc-0.2.0.jar:0.2.0]
	at org.apache.ratis.thirdparty.io.grpc.internal.ServerCallImpl$ServerStreamListenerImpl.messagesAvailable(ServerCallImpl.java:263) [ratis-thirdparty-misc-0.2.0.jar:0.2.0]
	at org.apache.ratis.thirdparty.io.grpc.internal.ServerImpl$JumpToApplicationThreadServerStreamListener$1MessagesAvailable.runInContext(ServerImpl.java:686) [ratis-thirdparty-misc-0.2.0.jar:0.2.0]
	at org.apache.ratis.thirdparty.io.grpc.internal.ContextRunnable.run(ContextRunnable.java:37) [ratis-thirdparty-misc-0.2.0.jar:0.2.0]
	at org.apache.ratis.thirdparty.io.grpc.internal.SerializingExecutor.run(SerializingExecutor.java:123) [ratis-thirdparty-misc-0.2.0.jar:0.2.0]
	at java.util.concurrent.ThreadPoolExecutor.runWorker(ThreadPoolExecutor.java:1149) [?:1.8.0_212]
	at java.util.concurrent.ThreadPoolExecutor$Worker.run(ThreadPoolExecutor.java:624) [?:1.8.0_212]
	at java.lang.Thread.run(Thread.java:748) [?:1.8.0_212]
2019-07-16 14:18:09,401 INFO  client.GrpcClientProtocolClient (GrpcClientProtocolClient.java:onNext(255)) - client-537CEAD2113A->63509336-6971-468c-b5c2-a3327d3314a9: receive RaftClientReply:client-537CEAD2113A->63509336-6971-468c-b5c2-a3327d3314a9@group-E7E66FCECC5F, cid=23, FAILED org.apache.ratis.protocol.StateMachineException: org.apache.hadoop.hdds.scm.container.common.helpers.ContainerNotOpenException from Server 63509336-6971-468c-b5c2-a3327d3314a9: Container 3 in CLOSED state, logIndex=0, commits[63509336-6971-468c-b5c2-a3327d3314a9:c6, d0f4f310-adcf-472e-8d2e-24726e34e188:c5, d088cbd8-ab6e-4439-8614-2e769fa95619:c5]
2019-07-16 14:18:09,409 INFO  client.GrpcClientProtocolClient (GrpcClientProtocolClient.java:onNext(255)) - client-537CEAD2113A->63509336-6971-468c-b5c2-a3327d3314a9: receive RaftClientReply:client-537CEAD2113A->63509336-6971-468c-b5c2-a3327d3314a9@group-E7E66FCECC5F, cid=24, FAILED org.apache.ratis.protocol.StateMachineException: org.apache.hadoop.hdds.scm.container.common.helpers.ContainerNotOpenException from Server 63509336-6971-468c-b5c2-a3327d3314a9: Container 3 in CLOSED state, logIndex=0, commits[63509336-6971-468c-b5c2-a3327d3314a9:c6, d0f4f310-adcf-472e-8d2e-24726e34e188:c5, d088cbd8-ab6e-4439-8614-2e769fa95619:c5]
2019-07-16 14:18:09,557 INFO  client.GrpcClientProtocolClient (GrpcClientProtocolClient.java:onNext(255)) - client-A6FBEAEF407A->f8fbaaad-930e-4816-816b-7f6974359c03: receive RaftClientReply:client-A6FBEAEF407A->f8fbaaad-930e-4816-816b-7f6974359c03@group-35DFF6FDB14A, cid=25, SUCCESS, logIndex=15, commits[f8fbaaad-930e-4816-816b-7f6974359c03:c18, ba993f1d-0319-48bc-847d-c4a68c232f14:c14, 3ec2f160-0b4e-4f80-b066-2acb28417227:c14]
2019-07-16 14:18:09,630 INFO  client.GrpcClientProtocolClient (GrpcClientProtocolClient.java:onNext(255)) - client-A6FBEAEF407A->f8fbaaad-930e-4816-816b-7f6974359c03: receive RaftClientReply:client-A6FBEAEF407A->f8fbaaad-930e-4816-816b-7f6974359c03@group-35DFF6FDB14A, cid=26, SUCCESS, logIndex=16, commits[f8fbaaad-930e-4816-816b-7f6974359c03:c21, ba993f1d-0319-48bc-847d-c4a68c232f14:c18, 3ec2f160-0b4e-4f80-b066-2acb28417227:c18]
2019-07-16 14:18:09,633 INFO  client.GrpcClientProtocolClient (GrpcClientProtocolClient.java:onNext(255)) - client-A6FBEAEF407A->f8fbaaad-930e-4816-816b-7f6974359c03: receive RaftClientReply:client-A6FBEAEF407A->f8fbaaad-930e-4816-816b-7f6974359c03@group-35DFF6FDB14A, cid=27, SUCCESS, logIndex=17, commits[f8fbaaad-930e-4816-816b-7f6974359c03:c21, ba993f1d-0319-48bc-847d-c4a68c232f14:c18, 3ec2f160-0b4e-4f80-b066-2acb28417227:c18]
2019-07-16 14:18:09,707 INFO  client.GrpcClientProtocolClient (GrpcClientProtocolClient.java:onNext(255)) - client-A6FBEAEF407A->f8fbaaad-930e-4816-816b-7f6974359c03: receive RaftClientReply:client-A6FBEAEF407A->f8fbaaad-930e-4816-816b-7f6974359c03@group-35DFF6FDB14A, cid=28, SUCCESS, logIndex=18, commits[f8fbaaad-930e-4816-816b-7f6974359c03:c21, ba993f1d-0319-48bc-847d-c4a68c232f14:c18, 3ec2f160-0b4e-4f80-b066-2acb28417227:c18]
2019-07-16 14:18:09,741 INFO  pipeline.Pipeline (Pipeline.java:getProtobufMessage(195)) - Serialize pipeline PipelineID=ffe7e0dd-2665-4af7-9542-35dff6fdb14a with nodesInOrder{ }
]]></system-out>
  </testcase>
  <testcase name="testBlockWritesCloseConsistency" classname="org.apache.hadoop.ozone.client.rpc.TestCloseContainerHandlingByClient" time="2.316">
    <error type="java.lang.IllegalArgumentException">java.lang.IllegalArgumentException
	at com.google.common.base.Preconditions.checkArgument(Preconditions.java:72)
	at org.apache.hadoop.hdds.scm.XceiverClientManager.acquireClient(XceiverClientManager.java:150)
	at org.apache.hadoop.hdds.scm.XceiverClientManager.acquireClientForReadData(XceiverClientManager.java:143)
	at org.apache.hadoop.hdds.scm.storage.BlockInputStream.getChunkInfos(BlockInputStream.java:154)
	at org.apache.hadoop.hdds.scm.storage.BlockInputStream.initialize(BlockInputStream.java:118)
	at org.apache.hadoop.hdds.scm.storage.BlockInputStream.read(BlockInputStream.java:222)
	at org.apache.hadoop.ozone.client.io.KeyInputStream.read(KeyInputStream.java:171)
	at org.apache.hadoop.ozone.client.io.OzoneInputStream.read(OzoneInputStream.java:47)
	at java.io.InputStream.read(InputStream.java:101)
	at org.apache.hadoop.ozone.container.ContainerTestHelper.validateData(ContainerTestHelper.java:709)
	at org.apache.hadoop.ozone.client.rpc.TestCloseContainerHandlingByClient.validateData(TestCloseContainerHandlingByClient.java:401)
	at org.apache.hadoop.ozone.client.rpc.TestCloseContainerHandlingByClient.testBlockWritesCloseConsistency(TestCloseContainerHandlingByClient.java:178)
	at sun.reflect.NativeMethodAccessorImpl.invoke0(Native Method)
	at sun.reflect.NativeMethodAccessorImpl.invoke(NativeMethodAccessorImpl.java:62)
	at sun.reflect.DelegatingMethodAccessorImpl.invoke(DelegatingMethodAccessorImpl.java:43)
	at java.lang.reflect.Method.invoke(Method.java:498)
	at org.junit.runners.model.FrameworkMethod$1.runReflectiveCall(FrameworkMethod.java:47)
	at org.junit.internal.runners.model.ReflectiveCallable.run(ReflectiveCallable.java:12)
	at org.junit.runners.model.FrameworkMethod.invokeExplosively(FrameworkMethod.java:44)
	at org.junit.internal.runners.statements.InvokeMethod.evaluate(InvokeMethod.java:17)
	at org.junit.runners.ParentRunner.runLeaf(ParentRunner.java:271)
	at org.junit.runners.BlockJUnit4ClassRunner.runChild(BlockJUnit4ClassRunner.java:70)
	at org.junit.runners.BlockJUnit4ClassRunner.runChild(BlockJUnit4ClassRunner.java:50)
	at org.junit.runners.ParentRunner$3.run(ParentRunner.java:238)
	at org.junit.runners.ParentRunner$1.schedule(ParentRunner.java:63)
	at org.junit.runners.ParentRunner.runChildren(ParentRunner.java:236)
	at org.junit.runners.ParentRunner.access$000(ParentRunner.java:53)
	at org.junit.runners.ParentRunner$2.evaluate(ParentRunner.java:229)
	at org.junit.internal.runners.statements.RunBefores.evaluate(RunBefores.java:26)
	at org.junit.internal.runners.statements.RunAfters.evaluate(RunAfters.java:27)
	at org.junit.runners.ParentRunner.run(ParentRunner.java:309)
	at org.apache.maven.surefire.junit4.JUnit4Provider.execute(JUnit4Provider.java:365)
	at org.apache.maven.surefire.junit4.JUnit4Provider.executeWithRerun(JUnit4Provider.java:273)
	at org.apache.maven.surefire.junit4.JUnit4Provider.executeTestSet(JUnit4Provider.java:238)
	at org.apache.maven.surefire.junit4.JUnit4Provider.invoke(JUnit4Provider.java:159)
	at org.apache.maven.surefire.booter.ForkedBooter.invokeProviderInSameClassLoader(ForkedBooter.java:384)
	at org.apache.maven.surefire.booter.ForkedBooter.runSuitesInProcess(ForkedBooter.java:345)
	at org.apache.maven.surefire.booter.ForkedBooter.execute(ForkedBooter.java:126)
	at org.apache.maven.surefire.booter.ForkedBooter.main(ForkedBooter.java:418)
</error>
    <system-out><![CDATA[2019-07-16 14:18:09,872 INFO  client.GrpcClientProtocolClient (GrpcClientProtocolClient.java:onNext(255)) - client-A6FBEAEF407A->f8fbaaad-930e-4816-816b-7f6974359c03: receive RaftClientReply:client-A6FBEAEF407A->f8fbaaad-930e-4816-816b-7f6974359c03@group-35DFF6FDB14A, cid=29, SUCCESS, logIndex=22, commits[f8fbaaad-930e-4816-816b-7f6974359c03:c23, ba993f1d-0319-48bc-847d-c4a68c232f14:c21, 3ec2f160-0b4e-4f80-b066-2acb28417227:c21]
2019-07-16 14:18:09,909 INFO  client.GrpcClientProtocolClient (GrpcClientProtocolClient.java:onNext(255)) - client-A6FBEAEF407A->f8fbaaad-930e-4816-816b-7f6974359c03: receive RaftClientReply:client-A6FBEAEF407A->f8fbaaad-930e-4816-816b-7f6974359c03@group-35DFF6FDB14A, cid=30, SUCCESS, logIndex=23, commits[f8fbaaad-930e-4816-816b-7f6974359c03:c25, ba993f1d-0319-48bc-847d-c4a68c232f14:c23, 3ec2f160-0b4e-4f80-b066-2acb28417227:c23]
2019-07-16 14:18:10,280 INFO  container.CloseContainerEventHandler (CloseContainerEventHandler.java:onMessage(61)) - Close container Event triggered for container : #5
2019-07-16 14:18:10,281 INFO  container.CloseContainerEventHandler (CloseContainerEventHandler.java:onMessage(61)) - Close container Event triggered for container : #5
2019-07-16 14:18:10,282 INFO  container.CloseContainerEventHandler (CloseContainerEventHandler.java:onMessage(61)) - Close container Event triggered for container : #5
2019-07-16 14:18:11,595 INFO  interfaces.Container (KeyValueContainer.java:compactDB(356)) - Container 5 is closed with bcsId 23.
2019-07-16 14:18:11,612 INFO  interfaces.Container (KeyValueContainer.java:compactDB(356)) - Container 5 is closed with bcsId 23.
2019-07-16 14:18:11,625 INFO  interfaces.Container (KeyValueContainer.java:compactDB(356)) - Container 5 is closed with bcsId 23.
14:18:11.787 [grpc-default-executor-3] ERROR DNAudit - user=null | ip=null | op=WRITE_CHUNK {blockData=conID: 5 locID: 102451556499456007 bcsId: 23} | ret=FAILURE
org.apache.hadoop.hdds.scm.container.common.helpers.ContainerNotOpenException: Container 5 in CLOSED state
	at org.apache.hadoop.ozone.container.common.impl.HddsDispatcher.validateContainerCommand(HddsDispatcher.java:408) ~[hadoop-hdds-container-service-0.5.0-SNAPSHOT.jar:?]
	at org.apache.hadoop.ozone.container.common.transport.server.ratis.ContainerStateMachine.startTransaction(ContainerStateMachine.java:272) ~[hadoop-hdds-container-service-0.5.0-SNAPSHOT.jar:?]
	at org.apache.ratis.server.impl.RaftServerImpl.submitClientRequestAsync(RaftServerImpl.java:566) ~[ratis-server-0.4.0-2337318-SNAPSHOT.jar:0.4.0-2337318-SNAPSHOT]
	at org.apache.ratis.server.impl.RaftServerProxy.lambda$submitClientRequestAsync$7(RaftServerProxy.java:333) ~[ratis-server-0.4.0-2337318-SNAPSHOT.jar:0.4.0-2337318-SNAPSHOT]
	at org.apache.ratis.server.impl.RaftServerProxy.lambda$null$5(RaftServerProxy.java:328) ~[ratis-server-0.4.0-2337318-SNAPSHOT.jar:0.4.0-2337318-SNAPSHOT]
	at org.apache.ratis.util.JavaUtils.callAsUnchecked(JavaUtils.java:109) ~[ratis-common-0.4.0-2337318-SNAPSHOT.jar:0.4.0-2337318-SNAPSHOT]
	at org.apache.ratis.server.impl.RaftServerProxy.lambda$submitRequest$6(RaftServerProxy.java:328) ~[ratis-server-0.4.0-2337318-SNAPSHOT.jar:0.4.0-2337318-SNAPSHOT]
	at java.util.concurrent.CompletableFuture.uniComposeStage(CompletableFuture.java:981) ~[?:1.8.0_212]
	at java.util.concurrent.CompletableFuture.thenCompose(CompletableFuture.java:2124) ~[?:1.8.0_212]
	at org.apache.ratis.server.impl.RaftServerProxy.submitRequest(RaftServerProxy.java:327) ~[ratis-server-0.4.0-2337318-SNAPSHOT.jar:0.4.0-2337318-SNAPSHOT]
	at org.apache.ratis.server.impl.RaftServerProxy.submitClientRequestAsync(RaftServerProxy.java:333) ~[ratis-server-0.4.0-2337318-SNAPSHOT.jar:0.4.0-2337318-SNAPSHOT]
	at org.apache.ratis.grpc.client.GrpcClientProtocolService$RequestStreamObserver.processClientRequest(GrpcClientProtocolService.java:220) ~[ratis-grpc-0.4.0-2337318-SNAPSHOT.jar:0.4.0-2337318-SNAPSHOT]
	at org.apache.ratis.grpc.client.GrpcClientProtocolService$OrderedRequestStreamObserver.processClientRequest(GrpcClientProtocolService.java:326) ~[ratis-grpc-0.4.0-2337318-SNAPSHOT.jar:0.4.0-2337318-SNAPSHOT]
	at org.apache.ratis.util.SlidingWindow$Server.processRequestsFromHead(SlidingWindow.java:429) [ratis-common-0.4.0-2337318-SNAPSHOT.jar:0.4.0-2337318-SNAPSHOT]
	at org.apache.ratis.util.SlidingWindow$Server.receivedRequest(SlidingWindow.java:421) [ratis-common-0.4.0-2337318-SNAPSHOT.jar:0.4.0-2337318-SNAPSHOT]
	at org.apache.ratis.grpc.client.GrpcClientProtocolService$OrderedRequestStreamObserver.processClientRequest(GrpcClientProtocolService.java:345) [ratis-grpc-0.4.0-2337318-SNAPSHOT.jar:0.4.0-2337318-SNAPSHOT]
	at org.apache.ratis.grpc.client.GrpcClientProtocolService$RequestStreamObserver.onNext(GrpcClientProtocolService.java:240) [ratis-grpc-0.4.0-2337318-SNAPSHOT.jar:0.4.0-2337318-SNAPSHOT]
	at org.apache.ratis.grpc.client.GrpcClientProtocolService$RequestStreamObserver.onNext(GrpcClientProtocolService.java:168) [ratis-grpc-0.4.0-2337318-SNAPSHOT.jar:0.4.0-2337318-SNAPSHOT]
	at org.apache.ratis.thirdparty.io.grpc.stub.ServerCalls$StreamingServerCallHandler$StreamingServerCallListener.onMessage(ServerCalls.java:248) [ratis-thirdparty-misc-0.2.0.jar:0.2.0]
	at org.apache.ratis.thirdparty.io.grpc.internal.ServerCallImpl$ServerStreamListenerImpl.messagesAvailable(ServerCallImpl.java:263) [ratis-thirdparty-misc-0.2.0.jar:0.2.0]
	at org.apache.ratis.thirdparty.io.grpc.internal.ServerImpl$JumpToApplicationThreadServerStreamListener$1MessagesAvailable.runInContext(ServerImpl.java:686) [ratis-thirdparty-misc-0.2.0.jar:0.2.0]
	at org.apache.ratis.thirdparty.io.grpc.internal.ContextRunnable.run(ContextRunnable.java:37) [ratis-thirdparty-misc-0.2.0.jar:0.2.0]
	at org.apache.ratis.thirdparty.io.grpc.internal.SerializingExecutor.run(SerializingExecutor.java:123) [ratis-thirdparty-misc-0.2.0.jar:0.2.0]
	at java.util.concurrent.ThreadPoolExecutor.runWorker(ThreadPoolExecutor.java:1149) [?:1.8.0_212]
	at java.util.concurrent.ThreadPoolExecutor$Worker.run(ThreadPoolExecutor.java:624) [?:1.8.0_212]
	at java.lang.Thread.run(Thread.java:748) [?:1.8.0_212]
14:18:11.798 [grpc-default-executor-3] ERROR DNAudit - user=null | ip=null | op=PUT_BLOCK {blockData=[blockId=conID: 5 locID: 102451556499456007 bcsId: 0,size=1572864]} | ret=FAILURE
org.apache.hadoop.hdds.scm.container.common.helpers.ContainerNotOpenException: Container 5 in CLOSED state
	at org.apache.hadoop.ozone.container.common.impl.HddsDispatcher.validateContainerCommand(HddsDispatcher.java:408) ~[hadoop-hdds-container-service-0.5.0-SNAPSHOT.jar:?]
	at org.apache.hadoop.ozone.container.common.transport.server.ratis.ContainerStateMachine.startTransaction(ContainerStateMachine.java:272) ~[hadoop-hdds-container-service-0.5.0-SNAPSHOT.jar:?]
	at org.apache.ratis.server.impl.RaftServerImpl.submitClientRequestAsync(RaftServerImpl.java:566) ~[ratis-server-0.4.0-2337318-SNAPSHOT.jar:0.4.0-2337318-SNAPSHOT]
	at org.apache.ratis.server.impl.RaftServerProxy.lambda$submitClientRequestAsync$7(RaftServerProxy.java:333) ~[ratis-server-0.4.0-2337318-SNAPSHOT.jar:0.4.0-2337318-SNAPSHOT]
	at org.apache.ratis.server.impl.RaftServerProxy.lambda$null$5(RaftServerProxy.java:328) ~[ratis-server-0.4.0-2337318-SNAPSHOT.jar:0.4.0-2337318-SNAPSHOT]
	at org.apache.ratis.util.JavaUtils.callAsUnchecked(JavaUtils.java:109) ~[ratis-common-0.4.0-2337318-SNAPSHOT.jar:0.4.0-2337318-SNAPSHOT]
	at org.apache.ratis.server.impl.RaftServerProxy.lambda$submitRequest$6(RaftServerProxy.java:328) ~[ratis-server-0.4.0-2337318-SNAPSHOT.jar:0.4.0-2337318-SNAPSHOT]
	at java.util.concurrent.CompletableFuture.uniComposeStage(CompletableFuture.java:981) ~[?:1.8.0_212]
	at java.util.concurrent.CompletableFuture.thenCompose(CompletableFuture.java:2124) ~[?:1.8.0_212]
	at org.apache.ratis.server.impl.RaftServerProxy.submitRequest(RaftServerProxy.java:327) ~[ratis-server-0.4.0-2337318-SNAPSHOT.jar:0.4.0-2337318-SNAPSHOT]
	at org.apache.ratis.server.impl.RaftServerProxy.submitClientRequestAsync(RaftServerProxy.java:333) ~[ratis-server-0.4.0-2337318-SNAPSHOT.jar:0.4.0-2337318-SNAPSHOT]
	at org.apache.ratis.grpc.client.GrpcClientProtocolService$RequestStreamObserver.processClientRequest(GrpcClientProtocolService.java:220) ~[ratis-grpc-0.4.0-2337318-SNAPSHOT.jar:0.4.0-2337318-SNAPSHOT]
	at org.apache.ratis.grpc.client.GrpcClientProtocolService$OrderedRequestStreamObserver.processClientRequest(GrpcClientProtocolService.java:326) ~[ratis-grpc-0.4.0-2337318-SNAPSHOT.jar:0.4.0-2337318-SNAPSHOT]
	at org.apache.ratis.util.SlidingWindow$Server.processRequestsFromHead(SlidingWindow.java:429) [ratis-common-0.4.0-2337318-SNAPSHOT.jar:0.4.0-2337318-SNAPSHOT]
	at org.apache.ratis.util.SlidingWindow$Server.receivedRequest(SlidingWindow.java:421) [ratis-common-0.4.0-2337318-SNAPSHOT.jar:0.4.0-2337318-SNAPSHOT]
	at org.apache.ratis.grpc.client.GrpcClientProtocolService$OrderedRequestStreamObserver.processClientRequest(GrpcClientProtocolService.java:345) [ratis-grpc-0.4.0-2337318-SNAPSHOT.jar:0.4.0-2337318-SNAPSHOT]
	at org.apache.ratis.grpc.client.GrpcClientProtocolService$RequestStreamObserver.onNext(GrpcClientProtocolService.java:240) [ratis-grpc-0.4.0-2337318-SNAPSHOT.jar:0.4.0-2337318-SNAPSHOT]
	at org.apache.ratis.grpc.client.GrpcClientProtocolService$RequestStreamObserver.onNext(GrpcClientProtocolService.java:168) [ratis-grpc-0.4.0-2337318-SNAPSHOT.jar:0.4.0-2337318-SNAPSHOT]
	at org.apache.ratis.thirdparty.io.grpc.stub.ServerCalls$StreamingServerCallHandler$StreamingServerCallListener.onMessage(ServerCalls.java:248) [ratis-thirdparty-misc-0.2.0.jar:0.2.0]
	at org.apache.ratis.thirdparty.io.grpc.internal.ServerCallImpl$ServerStreamListenerImpl.messagesAvailable(ServerCallImpl.java:263) [ratis-thirdparty-misc-0.2.0.jar:0.2.0]
	at org.apache.ratis.thirdparty.io.grpc.internal.ServerImpl$JumpToApplicationThreadServerStreamListener$1MessagesAvailable.runInContext(ServerImpl.java:686) [ratis-thirdparty-misc-0.2.0.jar:0.2.0]
	at org.apache.ratis.thirdparty.io.grpc.internal.ContextRunnable.run(ContextRunnable.java:37) [ratis-thirdparty-misc-0.2.0.jar:0.2.0]
	at org.apache.ratis.thirdparty.io.grpc.internal.SerializingExecutor.run(SerializingExecutor.java:123) [ratis-thirdparty-misc-0.2.0.jar:0.2.0]
	at java.util.concurrent.ThreadPoolExecutor.runWorker(ThreadPoolExecutor.java:1149) [?:1.8.0_212]
	at java.util.concurrent.ThreadPoolExecutor$Worker.run(ThreadPoolExecutor.java:624) [?:1.8.0_212]
	at java.lang.Thread.run(Thread.java:748) [?:1.8.0_212]
2019-07-16 14:18:11,804 INFO  client.GrpcClientProtocolClient (GrpcClientProtocolClient.java:onNext(255)) - client-A6FBEAEF407A->f8fbaaad-930e-4816-816b-7f6974359c03: receive RaftClientReply:client-A6FBEAEF407A->f8fbaaad-930e-4816-816b-7f6974359c03@group-35DFF6FDB14A, cid=31, FAILED org.apache.ratis.protocol.StateMachineException: org.apache.hadoop.hdds.scm.container.common.helpers.ContainerNotOpenException from Server f8fbaaad-930e-4816-816b-7f6974359c03: Container 5 in CLOSED state, logIndex=0, commits[f8fbaaad-930e-4816-816b-7f6974359c03:c27, ba993f1d-0319-48bc-847d-c4a68c232f14:c26, 3ec2f160-0b4e-4f80-b066-2acb28417227:c26]
2019-07-16 14:18:11,807 INFO  client.GrpcClientProtocolClient (GrpcClientProtocolClient.java:onNext(255)) - client-A6FBEAEF407A->f8fbaaad-930e-4816-816b-7f6974359c03: receive RaftClientReply:client-A6FBEAEF407A->f8fbaaad-930e-4816-816b-7f6974359c03@group-35DFF6FDB14A, cid=32, FAILED org.apache.ratis.protocol.StateMachineException: org.apache.hadoop.hdds.scm.container.common.helpers.ContainerNotOpenException from Server f8fbaaad-930e-4816-816b-7f6974359c03: Container 5 in CLOSED state, logIndex=0, commits[f8fbaaad-930e-4816-816b-7f6974359c03:c27, ba993f1d-0319-48bc-847d-c4a68c232f14:c26, 3ec2f160-0b4e-4f80-b066-2acb28417227:c26]
2019-07-16 14:18:11,971 INFO  client.GrpcClientProtocolClient (GrpcClientProtocolClient.java:onNext(255)) - client-537CEAD2113A->63509336-6971-468c-b5c2-a3327d3314a9: receive RaftClientReply:client-537CEAD2113A->63509336-6971-468c-b5c2-a3327d3314a9@group-E7E66FCECC5F, cid=33, SUCCESS, logIndex=7, commits[63509336-6971-468c-b5c2-a3327d3314a9:c8, d0f4f310-adcf-472e-8d2e-24726e34e188:c6, d088cbd8-ab6e-4439-8614-2e769fa95619:c6]
2019-07-16 14:18:12,025 INFO  client.GrpcClientProtocolClient (GrpcClientProtocolClient.java:onNext(255)) - client-537CEAD2113A->63509336-6971-468c-b5c2-a3327d3314a9: receive RaftClientReply:client-537CEAD2113A->63509336-6971-468c-b5c2-a3327d3314a9@group-E7E66FCECC5F, cid=34, SUCCESS, logIndex=8, commits[63509336-6971-468c-b5c2-a3327d3314a9:c10, d0f4f310-adcf-472e-8d2e-24726e34e188:c8, d088cbd8-ab6e-4439-8614-2e769fa95619:c8]
2019-07-16 14:18:12,052 INFO  pipeline.Pipeline (Pipeline.java:getProtobufMessage(195)) - Serialize pipeline PipelineID=49311690-fd7e-46b1-96ef-e7e66fcecc5f with nodesInOrder{ }
2019-07-16 14:18:12,057 INFO  pipeline.Pipeline (Pipeline.java:build(342)) - Deserialize nodesInOrder [d088cbd8-ab6e-4439-8614-2e769fa95619{ip: 192.168.157.241, host: trunk-nightly-gllmw-2332419065, networkLocation: /default-rack, certSerialId: null}, d088cbd8-ab6e-4439-8614-2e769fa95619{ip: 192.168.157.241, host: trunk-nightly-gllmw-2332419065, networkLocation: /default-rack, certSerialId: null}, d088cbd8-ab6e-4439-8614-2e769fa95619{ip: 192.168.157.241, host: trunk-nightly-gllmw-2332419065, networkLocation: /default-rack, certSerialId: null}] in pipeline PipelineID=49311690-fd7e-46b1-96ef-e7e66fcecc5f
]]></system-out>
  </testcase>
  <testcase name="testMultiBlockWrites" classname="org.apache.hadoop.ozone.client.rpc.TestCloseContainerHandlingByClient" time="3.716"/>
  <testcase name="testBlockWrites" classname="org.apache.hadoop.ozone.client.rpc.TestCloseContainerHandlingByClient" time="2.678">
    <error type="java.lang.IllegalArgumentException">java.lang.IllegalArgumentException
	at com.google.common.base.Preconditions.checkArgument(Preconditions.java:72)
	at org.apache.hadoop.hdds.scm.XceiverClientManager.acquireClient(XceiverClientManager.java:150)
	at org.apache.hadoop.hdds.scm.XceiverClientManager.acquireClientForReadData(XceiverClientManager.java:143)
	at org.apache.hadoop.hdds.scm.storage.BlockInputStream.getChunkInfos(BlockInputStream.java:154)
	at org.apache.hadoop.hdds.scm.storage.BlockInputStream.initialize(BlockInputStream.java:118)
	at org.apache.hadoop.hdds.scm.storage.BlockInputStream.read(BlockInputStream.java:222)
	at org.apache.hadoop.ozone.client.io.KeyInputStream.read(KeyInputStream.java:171)
	at org.apache.hadoop.ozone.client.io.OzoneInputStream.read(OzoneInputStream.java:47)
	at java.io.InputStream.read(InputStream.java:101)
	at org.apache.hadoop.ozone.container.ContainerTestHelper.validateData(ContainerTestHelper.java:709)
	at org.apache.hadoop.ozone.client.rpc.TestCloseContainerHandlingByClient.validateData(TestCloseContainerHandlingByClient.java:401)
	at org.apache.hadoop.ozone.client.rpc.TestCloseContainerHandlingByClient.testBlockWrites(TestCloseContainerHandlingByClient.java:471)
	at sun.reflect.NativeMethodAccessorImpl.invoke0(Native Method)
	at sun.reflect.NativeMethodAccessorImpl.invoke(NativeMethodAccessorImpl.java:62)
	at sun.reflect.DelegatingMethodAccessorImpl.invoke(DelegatingMethodAccessorImpl.java:43)
	at java.lang.reflect.Method.invoke(Method.java:498)
	at org.junit.runners.model.FrameworkMethod$1.runReflectiveCall(FrameworkMethod.java:47)
	at org.junit.internal.runners.model.ReflectiveCallable.run(ReflectiveCallable.java:12)
	at org.junit.runners.model.FrameworkMethod.invokeExplosively(FrameworkMethod.java:44)
	at org.junit.internal.runners.statements.InvokeMethod.evaluate(InvokeMethod.java:17)
	at org.junit.runners.ParentRunner.runLeaf(ParentRunner.java:271)
	at org.junit.runners.BlockJUnit4ClassRunner.runChild(BlockJUnit4ClassRunner.java:70)
	at org.junit.runners.BlockJUnit4ClassRunner.runChild(BlockJUnit4ClassRunner.java:50)
	at org.junit.runners.ParentRunner$3.run(ParentRunner.java:238)
	at org.junit.runners.ParentRunner$1.schedule(ParentRunner.java:63)
	at org.junit.runners.ParentRunner.runChildren(ParentRunner.java:236)
	at org.junit.runners.ParentRunner.access$000(ParentRunner.java:53)
	at org.junit.runners.ParentRunner$2.evaluate(ParentRunner.java:229)
	at org.junit.internal.runners.statements.RunBefores.evaluate(RunBefores.java:26)
	at org.junit.internal.runners.statements.RunAfters.evaluate(RunAfters.java:27)
	at org.junit.runners.ParentRunner.run(ParentRunner.java:309)
	at org.apache.maven.surefire.junit4.JUnit4Provider.execute(JUnit4Provider.java:365)
	at org.apache.maven.surefire.junit4.JUnit4Provider.executeWithRerun(JUnit4Provider.java:273)
	at org.apache.maven.surefire.junit4.JUnit4Provider.executeTestSet(JUnit4Provider.java:238)
	at org.apache.maven.surefire.junit4.JUnit4Provider.invoke(JUnit4Provider.java:159)
	at org.apache.maven.surefire.booter.ForkedBooter.invokeProviderInSameClassLoader(ForkedBooter.java:384)
	at org.apache.maven.surefire.booter.ForkedBooter.runSuitesInProcess(ForkedBooter.java:345)
	at org.apache.maven.surefire.booter.ForkedBooter.execute(ForkedBooter.java:126)
	at org.apache.maven.surefire.booter.ForkedBooter.main(ForkedBooter.java:418)
</error>
    <system-out><![CDATA[2019-07-16 14:18:15,833 INFO  client.GrpcClientProtocolClient (GrpcClientProtocolClient.java:onNext(255)) - client-A6FBEAEF407A->f8fbaaad-930e-4816-816b-7f6974359c03: receive RaftClientReply:client-A6FBEAEF407A->f8fbaaad-930e-4816-816b-7f6974359c03@group-35DFF6FDB14A, cid=74, SUCCESS, logIndex=61, commits[f8fbaaad-930e-4816-816b-7f6974359c03:c62, ba993f1d-0319-48bc-847d-c4a68c232f14:c60, 3ec2f160-0b4e-4f80-b066-2acb28417227:c60]
2019-07-16 14:18:15,834 INFO  client.GrpcClientProtocolClient (GrpcClientProtocolClient.java:onNext(255)) - client-A6FBEAEF407A->f8fbaaad-930e-4816-816b-7f6974359c03: receive RaftClientReply:client-A6FBEAEF407A->f8fbaaad-930e-4816-816b-7f6974359c03@group-35DFF6FDB14A, cid=75, SUCCESS, logIndex=62, commits[f8fbaaad-930e-4816-816b-7f6974359c03:c64, ba993f1d-0319-48bc-847d-c4a68c232f14:c60, 3ec2f160-0b4e-4f80-b066-2acb28417227:c60]
2019-07-16 14:18:15,835 INFO  client.GrpcClientProtocolClient (GrpcClientProtocolClient.java:onNext(255)) - client-A6FBEAEF407A->f8fbaaad-930e-4816-816b-7f6974359c03: receive RaftClientReply:client-A6FBEAEF407A->f8fbaaad-930e-4816-816b-7f6974359c03@group-35DFF6FDB14A, cid=76, SUCCESS, logIndex=63, commits[f8fbaaad-930e-4816-816b-7f6974359c03:c64, ba993f1d-0319-48bc-847d-c4a68c232f14:c60, 3ec2f160-0b4e-4f80-b066-2acb28417227:c60]
2019-07-16 14:18:15,835 INFO  client.GrpcClientProtocolClient (GrpcClientProtocolClient.java:onNext(255)) - client-A6FBEAEF407A->f8fbaaad-930e-4816-816b-7f6974359c03: receive RaftClientReply:client-A6FBEAEF407A->f8fbaaad-930e-4816-816b-7f6974359c03@group-35DFF6FDB14A, cid=77, SUCCESS, logIndex=64, commits[f8fbaaad-930e-4816-816b-7f6974359c03:c65, ba993f1d-0319-48bc-847d-c4a68c232f14:c61, 3ec2f160-0b4e-4f80-b066-2acb28417227:c60]
2019-07-16 14:18:15,848 INFO  client.GrpcClientProtocolClient (GrpcClientProtocolClient.java:onNext(255)) - client-A6FBEAEF407A->f8fbaaad-930e-4816-816b-7f6974359c03: receive RaftClientReply:client-A6FBEAEF407A->f8fbaaad-930e-4816-816b-7f6974359c03@group-35DFF6FDB14A, cid=78, SUCCESS, logIndex=0, commits[f8fbaaad-930e-4816-816b-7f6974359c03:c65, ba993f1d-0319-48bc-847d-c4a68c232f14:c62, 3ec2f160-0b4e-4f80-b066-2acb28417227:c62]
2019-07-16 14:18:15,849 INFO  container.CloseContainerEventHandler (CloseContainerEventHandler.java:onMessage(61)) - Close container Event triggered for container : #2
2019-07-16 14:18:15,850 INFO  container.CloseContainerEventHandler (CloseContainerEventHandler.java:onMessage(61)) - Close container Event triggered for container : #2
2019-07-16 14:18:15,850 INFO  container.CloseContainerEventHandler (CloseContainerEventHandler.java:onMessage(61)) - Close container Event triggered for container : #2
2019-07-16 14:18:17,602 INFO  interfaces.Container (KeyValueContainer.java:compactDB(356)) - Container 2 is closed with bcsId 64.
2019-07-16 14:18:17,607 INFO  interfaces.Container (KeyValueContainer.java:compactDB(356)) - Container 2 is closed with bcsId 64.
2019-07-16 14:18:17,620 INFO  interfaces.Container (KeyValueContainer.java:compactDB(356)) - Container 2 is closed with bcsId 64.
14:18:17.909 [grpc-default-executor-0] ERROR DNAudit - user=null | ip=null | op=WRITE_CHUNK {blockData=conID: 2 locID: 102451556894769167 bcsId: 64} | ret=FAILURE
org.apache.hadoop.hdds.scm.container.common.helpers.ContainerNotOpenException: Container 2 in CLOSED state
	at org.apache.hadoop.ozone.container.common.impl.HddsDispatcher.validateContainerCommand(HddsDispatcher.java:408) ~[hadoop-hdds-container-service-0.5.0-SNAPSHOT.jar:?]
	at org.apache.hadoop.ozone.container.common.transport.server.ratis.ContainerStateMachine.startTransaction(ContainerStateMachine.java:272) ~[hadoop-hdds-container-service-0.5.0-SNAPSHOT.jar:?]
	at org.apache.ratis.server.impl.RaftServerImpl.submitClientRequestAsync(RaftServerImpl.java:566) ~[ratis-server-0.4.0-2337318-SNAPSHOT.jar:0.4.0-2337318-SNAPSHOT]
	at org.apache.ratis.server.impl.RaftServerProxy.lambda$submitClientRequestAsync$7(RaftServerProxy.java:333) ~[ratis-server-0.4.0-2337318-SNAPSHOT.jar:0.4.0-2337318-SNAPSHOT]
	at org.apache.ratis.server.impl.RaftServerProxy.lambda$null$5(RaftServerProxy.java:328) ~[ratis-server-0.4.0-2337318-SNAPSHOT.jar:0.4.0-2337318-SNAPSHOT]
	at org.apache.ratis.util.JavaUtils.callAsUnchecked(JavaUtils.java:109) ~[ratis-common-0.4.0-2337318-SNAPSHOT.jar:0.4.0-2337318-SNAPSHOT]
	at org.apache.ratis.server.impl.RaftServerProxy.lambda$submitRequest$6(RaftServerProxy.java:328) ~[ratis-server-0.4.0-2337318-SNAPSHOT.jar:0.4.0-2337318-SNAPSHOT]
	at java.util.concurrent.CompletableFuture.uniComposeStage(CompletableFuture.java:981) ~[?:1.8.0_212]
	at java.util.concurrent.CompletableFuture.thenCompose(CompletableFuture.java:2124) ~[?:1.8.0_212]
	at org.apache.ratis.server.impl.RaftServerProxy.submitRequest(RaftServerProxy.java:327) ~[ratis-server-0.4.0-2337318-SNAPSHOT.jar:0.4.0-2337318-SNAPSHOT]
	at org.apache.ratis.server.impl.RaftServerProxy.submitClientRequestAsync(RaftServerProxy.java:333) ~[ratis-server-0.4.0-2337318-SNAPSHOT.jar:0.4.0-2337318-SNAPSHOT]
	at org.apache.ratis.grpc.client.GrpcClientProtocolService$RequestStreamObserver.processClientRequest(GrpcClientProtocolService.java:220) ~[ratis-grpc-0.4.0-2337318-SNAPSHOT.jar:0.4.0-2337318-SNAPSHOT]
	at org.apache.ratis.grpc.client.GrpcClientProtocolService$OrderedRequestStreamObserver.processClientRequest(GrpcClientProtocolService.java:326) ~[ratis-grpc-0.4.0-2337318-SNAPSHOT.jar:0.4.0-2337318-SNAPSHOT]
	at org.apache.ratis.util.SlidingWindow$Server.processRequestsFromHead(SlidingWindow.java:429) [ratis-common-0.4.0-2337318-SNAPSHOT.jar:0.4.0-2337318-SNAPSHOT]
	at org.apache.ratis.util.SlidingWindow$Server.receivedRequest(SlidingWindow.java:421) [ratis-common-0.4.0-2337318-SNAPSHOT.jar:0.4.0-2337318-SNAPSHOT]
	at org.apache.ratis.grpc.client.GrpcClientProtocolService$OrderedRequestStreamObserver.processClientRequest(GrpcClientProtocolService.java:345) [ratis-grpc-0.4.0-2337318-SNAPSHOT.jar:0.4.0-2337318-SNAPSHOT]
	at org.apache.ratis.grpc.client.GrpcClientProtocolService$RequestStreamObserver.onNext(GrpcClientProtocolService.java:240) [ratis-grpc-0.4.0-2337318-SNAPSHOT.jar:0.4.0-2337318-SNAPSHOT]
	at org.apache.ratis.grpc.client.GrpcClientProtocolService$RequestStreamObserver.onNext(GrpcClientProtocolService.java:168) [ratis-grpc-0.4.0-2337318-SNAPSHOT.jar:0.4.0-2337318-SNAPSHOT]
	at org.apache.ratis.thirdparty.io.grpc.stub.ServerCalls$StreamingServerCallHandler$StreamingServerCallListener.onMessage(ServerCalls.java:248) [ratis-thirdparty-misc-0.2.0.jar:0.2.0]
	at org.apache.ratis.thirdparty.io.grpc.internal.ServerCallImpl$ServerStreamListenerImpl.messagesAvailable(ServerCallImpl.java:263) [ratis-thirdparty-misc-0.2.0.jar:0.2.0]
	at org.apache.ratis.thirdparty.io.grpc.internal.ServerImpl$JumpToApplicationThreadServerStreamListener$1MessagesAvailable.runInContext(ServerImpl.java:686) [ratis-thirdparty-misc-0.2.0.jar:0.2.0]
	at org.apache.ratis.thirdparty.io.grpc.internal.ContextRunnable.run(ContextRunnable.java:37) [ratis-thirdparty-misc-0.2.0.jar:0.2.0]
	at org.apache.ratis.thirdparty.io.grpc.internal.SerializingExecutor.run(SerializingExecutor.java:123) [ratis-thirdparty-misc-0.2.0.jar:0.2.0]
	at java.util.concurrent.ThreadPoolExecutor.runWorker(ThreadPoolExecutor.java:1149) [?:1.8.0_212]
	at java.util.concurrent.ThreadPoolExecutor$Worker.run(ThreadPoolExecutor.java:624) [?:1.8.0_212]
	at java.lang.Thread.run(Thread.java:748) [?:1.8.0_212]
14:18:17.919 [grpc-default-executor-0] ERROR DNAudit - user=null | ip=null | op=PUT_BLOCK {blockData=[blockId=conID: 2 locID: 102451556894769167 bcsId: 0,size=3145728]} | ret=FAILURE
org.apache.hadoop.hdds.scm.container.common.helpers.ContainerNotOpenException: Container 2 in CLOSED state
	at org.apache.hadoop.ozone.container.common.impl.HddsDispatcher.validateContainerCommand(HddsDispatcher.java:408) ~[hadoop-hdds-container-service-0.5.0-SNAPSHOT.jar:?]
	at org.apache.hadoop.ozone.container.common.transport.server.ratis.ContainerStateMachine.startTransaction(ContainerStateMachine.java:272) ~[hadoop-hdds-container-service-0.5.0-SNAPSHOT.jar:?]
	at org.apache.ratis.server.impl.RaftServerImpl.submitClientRequestAsync(RaftServerImpl.java:566) ~[ratis-server-0.4.0-2337318-SNAPSHOT.jar:0.4.0-2337318-SNAPSHOT]
	at org.apache.ratis.server.impl.RaftServerProxy.lambda$submitClientRequestAsync$7(RaftServerProxy.java:333) ~[ratis-server-0.4.0-2337318-SNAPSHOT.jar:0.4.0-2337318-SNAPSHOT]
	at org.apache.ratis.server.impl.RaftServerProxy.lambda$null$5(RaftServerProxy.java:328) ~[ratis-server-0.4.0-2337318-SNAPSHOT.jar:0.4.0-2337318-SNAPSHOT]
	at org.apache.ratis.util.JavaUtils.callAsUnchecked(JavaUtils.java:109) ~[ratis-common-0.4.0-2337318-SNAPSHOT.jar:0.4.0-2337318-SNAPSHOT]
	at org.apache.ratis.server.impl.RaftServerProxy.lambda$submitRequest$6(RaftServerProxy.java:328) ~[ratis-server-0.4.0-2337318-SNAPSHOT.jar:0.4.0-2337318-SNAPSHOT]
	at java.util.concurrent.CompletableFuture.uniComposeStage(CompletableFuture.java:981) ~[?:1.8.0_212]
	at java.util.concurrent.CompletableFuture.thenCompose(CompletableFuture.java:2124) ~[?:1.8.0_212]
	at org.apache.ratis.server.impl.RaftServerProxy.submitRequest(RaftServerProxy.java:327) ~[ratis-server-0.4.0-2337318-SNAPSHOT.jar:0.4.0-2337318-SNAPSHOT]
	at org.apache.ratis.server.impl.RaftServerProxy.submitClientRequestAsync(RaftServerProxy.java:333) ~[ratis-server-0.4.0-2337318-SNAPSHOT.jar:0.4.0-2337318-SNAPSHOT]
	at org.apache.ratis.grpc.client.GrpcClientProtocolService$RequestStreamObserver.processClientRequest(GrpcClientProtocolService.java:220) ~[ratis-grpc-0.4.0-2337318-SNAPSHOT.jar:0.4.0-2337318-SNAPSHOT]
	at org.apache.ratis.grpc.client.GrpcClientProtocolService$OrderedRequestStreamObserver.processClientRequest(GrpcClientProtocolService.java:326) ~[ratis-grpc-0.4.0-2337318-SNAPSHOT.jar:0.4.0-2337318-SNAPSHOT]
	at org.apache.ratis.util.SlidingWindow$Server.processRequestsFromHead(SlidingWindow.java:429) [ratis-common-0.4.0-2337318-SNAPSHOT.jar:0.4.0-2337318-SNAPSHOT]
	at org.apache.ratis.util.SlidingWindow$Server.receivedRequest(SlidingWindow.java:421) [ratis-common-0.4.0-2337318-SNAPSHOT.jar:0.4.0-2337318-SNAPSHOT]
	at org.apache.ratis.grpc.client.GrpcClientProtocolService$OrderedRequestStreamObserver.processClientRequest(GrpcClientProtocolService.java:345) [ratis-grpc-0.4.0-2337318-SNAPSHOT.jar:0.4.0-2337318-SNAPSHOT]
	at org.apache.ratis.grpc.client.GrpcClientProtocolService$RequestStreamObserver.onNext(GrpcClientProtocolService.java:240) [ratis-grpc-0.4.0-2337318-SNAPSHOT.jar:0.4.0-2337318-SNAPSHOT]
	at org.apache.ratis.grpc.client.GrpcClientProtocolService$RequestStreamObserver.onNext(GrpcClientProtocolService.java:168) [ratis-grpc-0.4.0-2337318-SNAPSHOT.jar:0.4.0-2337318-SNAPSHOT]
	at org.apache.ratis.thirdparty.io.grpc.stub.ServerCalls$StreamingServerCallHandler$StreamingServerCallListener.onMessage(ServerCalls.java:248) [ratis-thirdparty-misc-0.2.0.jar:0.2.0]
	at org.apache.ratis.thirdparty.io.grpc.internal.ServerCallImpl$ServerStreamListenerImpl.messagesAvailable(ServerCallImpl.java:263) [ratis-thirdparty-misc-0.2.0.jar:0.2.0]
	at org.apache.ratis.thirdparty.io.grpc.internal.ServerImpl$JumpToApplicationThreadServerStreamListener$1MessagesAvailable.runInContext(ServerImpl.java:686) [ratis-thirdparty-misc-0.2.0.jar:0.2.0]
	at org.apache.ratis.thirdparty.io.grpc.internal.ContextRunnable.run(ContextRunnable.java:37) [ratis-thirdparty-misc-0.2.0.jar:0.2.0]
	at org.apache.ratis.thirdparty.io.grpc.internal.SerializingExecutor.run(SerializingExecutor.java:123) [ratis-thirdparty-misc-0.2.0.jar:0.2.0]
	at java.util.concurrent.ThreadPoolExecutor.runWorker(ThreadPoolExecutor.java:1149) [?:1.8.0_212]
	at java.util.concurrent.ThreadPoolExecutor$Worker.run(ThreadPoolExecutor.java:624) [?:1.8.0_212]
	at java.lang.Thread.run(Thread.java:748) [?:1.8.0_212]
2019-07-16 14:18:17,920 INFO  client.GrpcClientProtocolClient (GrpcClientProtocolClient.java:onNext(255)) - client-A6FBEAEF407A->f8fbaaad-930e-4816-816b-7f6974359c03: receive RaftClientReply:client-A6FBEAEF407A->f8fbaaad-930e-4816-816b-7f6974359c03@group-35DFF6FDB14A, cid=79, FAILED org.apache.ratis.protocol.StateMachineException: org.apache.hadoop.hdds.scm.container.common.helpers.ContainerNotOpenException from Server f8fbaaad-930e-4816-816b-7f6974359c03: Container 2 in CLOSED state, logIndex=0, commits[f8fbaaad-930e-4816-816b-7f6974359c03:c70, ba993f1d-0319-48bc-847d-c4a68c232f14:c69, 3ec2f160-0b4e-4f80-b066-2acb28417227:c69]
2019-07-16 14:18:17,928 INFO  client.GrpcClientProtocolClient (GrpcClientProtocolClient.java:onNext(255)) - client-A6FBEAEF407A->f8fbaaad-930e-4816-816b-7f6974359c03: receive RaftClientReply:client-A6FBEAEF407A->f8fbaaad-930e-4816-816b-7f6974359c03@group-35DFF6FDB14A, cid=80, FAILED org.apache.ratis.protocol.StateMachineException: org.apache.hadoop.hdds.scm.container.common.helpers.ContainerNotOpenException from Server f8fbaaad-930e-4816-816b-7f6974359c03: Container 2 in CLOSED state, logIndex=0, commits[f8fbaaad-930e-4816-816b-7f6974359c03:c70, ba993f1d-0319-48bc-847d-c4a68c232f14:c69, 3ec2f160-0b4e-4f80-b066-2acb28417227:c69]
2019-07-16 14:18:18,067 INFO  client.GrpcClientProtocolClient (GrpcClientProtocolClient.java:onNext(255)) - client-A6FBEAEF407A->f8fbaaad-930e-4816-816b-7f6974359c03: receive RaftClientReply:client-A6FBEAEF407A->f8fbaaad-930e-4816-816b-7f6974359c03@group-35DFF6FDB14A, cid=81, SUCCESS, logIndex=71, commits[f8fbaaad-930e-4816-816b-7f6974359c03:c74, ba993f1d-0319-48bc-847d-c4a68c232f14:c69, 3ec2f160-0b4e-4f80-b066-2acb28417227:c70]
2019-07-16 14:18:18,138 INFO  client.GrpcClientProtocolClient (GrpcClientProtocolClient.java:onNext(255)) - client-A6FBEAEF407A->f8fbaaad-930e-4816-816b-7f6974359c03: receive RaftClientReply:client-A6FBEAEF407A->f8fbaaad-930e-4816-816b-7f6974359c03@group-35DFF6FDB14A, cid=82, SUCCESS, logIndex=72, commits[f8fbaaad-930e-4816-816b-7f6974359c03:c75, ba993f1d-0319-48bc-847d-c4a68c232f14:c74, 3ec2f160-0b4e-4f80-b066-2acb28417227:c74]
2019-07-16 14:18:18,138 INFO  client.GrpcClientProtocolClient (GrpcClientProtocolClient.java:onNext(255)) - client-A6FBEAEF407A->f8fbaaad-930e-4816-816b-7f6974359c03: receive RaftClientReply:client-A6FBEAEF407A->f8fbaaad-930e-4816-816b-7f6974359c03@group-35DFF6FDB14A, cid=83, SUCCESS, logIndex=73, commits[f8fbaaad-930e-4816-816b-7f6974359c03:c75, ba993f1d-0319-48bc-847d-c4a68c232f14:c74, 3ec2f160-0b4e-4f80-b066-2acb28417227:c74]
2019-07-16 14:18:18,279 INFO  client.GrpcClientProtocolClient (GrpcClientProtocolClient.java:onNext(255)) - client-A6FBEAEF407A->f8fbaaad-930e-4816-816b-7f6974359c03: receive RaftClientReply:client-A6FBEAEF407A->f8fbaaad-930e-4816-816b-7f6974359c03@group-35DFF6FDB14A, cid=84, SUCCESS, logIndex=74, commits[f8fbaaad-930e-4816-816b-7f6974359c03:c75, ba993f1d-0319-48bc-847d-c4a68c232f14:c74, 3ec2f160-0b4e-4f80-b066-2acb28417227:c74]
2019-07-16 14:18:18,312 INFO  client.GrpcClientProtocolClient (GrpcClientProtocolClient.java:onNext(255)) - client-A6FBEAEF407A->f8fbaaad-930e-4816-816b-7f6974359c03: receive RaftClientReply:client-A6FBEAEF407A->f8fbaaad-930e-4816-816b-7f6974359c03@group-35DFF6FDB14A, cid=85, SUCCESS, logIndex=76, commits[f8fbaaad-930e-4816-816b-7f6974359c03:c78, ba993f1d-0319-48bc-847d-c4a68c232f14:c75, 3ec2f160-0b4e-4f80-b066-2acb28417227:c75]
2019-07-16 14:18:18,313 INFO  client.GrpcClientProtocolClient (GrpcClientProtocolClient.java:onNext(255)) - client-A6FBEAEF407A->f8fbaaad-930e-4816-816b-7f6974359c03: receive RaftClientReply:client-A6FBEAEF407A->f8fbaaad-930e-4816-816b-7f6974359c03@group-35DFF6FDB14A, cid=86, SUCCESS, logIndex=77, commits[f8fbaaad-930e-4816-816b-7f6974359c03:c79, ba993f1d-0319-48bc-847d-c4a68c232f14:c75, 3ec2f160-0b4e-4f80-b066-2acb28417227:c75]
2019-07-16 14:18:18,313 INFO  client.GrpcClientProtocolClient (GrpcClientProtocolClient.java:onNext(255)) - client-A6FBEAEF407A->f8fbaaad-930e-4816-816b-7f6974359c03: receive RaftClientReply:client-A6FBEAEF407A->f8fbaaad-930e-4816-816b-7f6974359c03@group-35DFF6FDB14A, cid=87, SUCCESS, logIndex=78, commits[f8fbaaad-930e-4816-816b-7f6974359c03:c79, ba993f1d-0319-48bc-847d-c4a68c232f14:c75, 3ec2f160-0b4e-4f80-b066-2acb28417227:c75]
2019-07-16 14:18:18,314 INFO  client.GrpcClientProtocolClient (GrpcClientProtocolClient.java:onNext(255)) - client-A6FBEAEF407A->f8fbaaad-930e-4816-816b-7f6974359c03: receive RaftClientReply:client-A6FBEAEF407A->f8fbaaad-930e-4816-816b-7f6974359c03@group-35DFF6FDB14A, cid=88, SUCCESS, logIndex=79, commits[f8fbaaad-930e-4816-816b-7f6974359c03:c79, ba993f1d-0319-48bc-847d-c4a68c232f14:c75, 3ec2f160-0b4e-4f80-b066-2acb28417227:c75]
2019-07-16 14:18:18,325 INFO  client.GrpcClientProtocolClient (GrpcClientProtocolClient.java:onNext(255)) - client-A6FBEAEF407A->f8fbaaad-930e-4816-816b-7f6974359c03: receive RaftClientReply:client-A6FBEAEF407A->f8fbaaad-930e-4816-816b-7f6974359c03@group-35DFF6FDB14A, cid=89, SUCCESS, logIndex=0, commits[f8fbaaad-930e-4816-816b-7f6974359c03:c80, ba993f1d-0319-48bc-847d-c4a68c232f14:c78, 3ec2f160-0b4e-4f80-b066-2acb28417227:c77]
2019-07-16 14:18:18,327 INFO  client.GrpcClientProtocolClient (GrpcClientProtocolClient.java:onNext(255)) - client-A6FBEAEF407A->f8fbaaad-930e-4816-816b-7f6974359c03: receive RaftClientReply:client-A6FBEAEF407A->f8fbaaad-930e-4816-816b-7f6974359c03@group-35DFF6FDB14A, cid=90, SUCCESS, logIndex=0, commits[f8fbaaad-930e-4816-816b-7f6974359c03:c83, ba993f1d-0319-48bc-847d-c4a68c232f14:c79, 3ec2f160-0b4e-4f80-b066-2acb28417227:c79]
2019-07-16 14:18:18,450 INFO  pipeline.Pipeline (Pipeline.java:getProtobufMessage(195)) - Serialize pipeline PipelineID=ffe7e0dd-2665-4af7-9542-35dff6fdb14a with nodesInOrder{ }
]]></system-out>
  </testcase>
  <testcase name="testMultiBlockWrites2" classname="org.apache.hadoop.ozone.client.rpc.TestCloseContainerHandlingByClient" time="2.92">
    <error type="java.lang.IllegalArgumentException">java.lang.IllegalArgumentException
	at com.google.common.base.Preconditions.checkArgument(Preconditions.java:72)
	at org.apache.hadoop.hdds.scm.XceiverClientManager.acquireClient(XceiverClientManager.java:150)
	at org.apache.hadoop.hdds.scm.XceiverClientManager.acquireClientForReadData(XceiverClientManager.java:143)
	at org.apache.hadoop.hdds.scm.storage.BlockInputStream.getChunkInfos(BlockInputStream.java:154)
	at org.apache.hadoop.hdds.scm.storage.BlockInputStream.initialize(BlockInputStream.java:118)
	at org.apache.hadoop.hdds.scm.storage.BlockInputStream.read(BlockInputStream.java:222)
	at org.apache.hadoop.ozone.client.io.KeyInputStream.read(KeyInputStream.java:171)
	at org.apache.hadoop.ozone.client.io.OzoneInputStream.read(OzoneInputStream.java:47)
	at java.io.InputStream.read(InputStream.java:101)
	at org.apache.hadoop.ozone.container.ContainerTestHelper.validateData(ContainerTestHelper.java:709)
	at org.apache.hadoop.ozone.client.rpc.TestCloseContainerHandlingByClient.validateData(TestCloseContainerHandlingByClient.java:401)
	at org.apache.hadoop.ozone.client.rpc.TestCloseContainerHandlingByClient.testMultiBlockWrites2(TestCloseContainerHandlingByClient.java:281)
	at sun.reflect.NativeMethodAccessorImpl.invoke0(Native Method)
	at sun.reflect.NativeMethodAccessorImpl.invoke(NativeMethodAccessorImpl.java:62)
	at sun.reflect.DelegatingMethodAccessorImpl.invoke(DelegatingMethodAccessorImpl.java:43)
	at java.lang.reflect.Method.invoke(Method.java:498)
	at org.junit.runners.model.FrameworkMethod$1.runReflectiveCall(FrameworkMethod.java:47)
	at org.junit.internal.runners.model.ReflectiveCallable.run(ReflectiveCallable.java:12)
	at org.junit.runners.model.FrameworkMethod.invokeExplosively(FrameworkMethod.java:44)
	at org.junit.internal.runners.statements.InvokeMethod.evaluate(InvokeMethod.java:17)
	at org.junit.runners.ParentRunner.runLeaf(ParentRunner.java:271)
	at org.junit.runners.BlockJUnit4ClassRunner.runChild(BlockJUnit4ClassRunner.java:70)
	at org.junit.runners.BlockJUnit4ClassRunner.runChild(BlockJUnit4ClassRunner.java:50)
	at org.junit.runners.ParentRunner$3.run(ParentRunner.java:238)
	at org.junit.runners.ParentRunner$1.schedule(ParentRunner.java:63)
	at org.junit.runners.ParentRunner.runChildren(ParentRunner.java:236)
	at org.junit.runners.ParentRunner.access$000(ParentRunner.java:53)
	at org.junit.runners.ParentRunner$2.evaluate(ParentRunner.java:229)
	at org.junit.internal.runners.statements.RunBefores.evaluate(RunBefores.java:26)
	at org.junit.internal.runners.statements.RunAfters.evaluate(RunAfters.java:27)
	at org.junit.runners.ParentRunner.run(ParentRunner.java:309)
	at org.apache.maven.surefire.junit4.JUnit4Provider.execute(JUnit4Provider.java:365)
	at org.apache.maven.surefire.junit4.JUnit4Provider.executeWithRerun(JUnit4Provider.java:273)
	at org.apache.maven.surefire.junit4.JUnit4Provider.executeTestSet(JUnit4Provider.java:238)
	at org.apache.maven.surefire.junit4.JUnit4Provider.invoke(JUnit4Provider.java:159)
	at org.apache.maven.surefire.booter.ForkedBooter.invokeProviderInSameClassLoader(ForkedBooter.java:384)
	at org.apache.maven.surefire.booter.ForkedBooter.runSuitesInProcess(ForkedBooter.java:345)
	at org.apache.maven.surefire.booter.ForkedBooter.execute(ForkedBooter.java:126)
	at org.apache.maven.surefire.booter.ForkedBooter.main(ForkedBooter.java:418)
</error>
    <system-out><![CDATA[2019-07-16 14:18:18,597 INFO  client.GrpcClientProtocolClient (GrpcClientProtocolClient.java:onNext(255)) - client-A6FBEAEF407A->f8fbaaad-930e-4816-816b-7f6974359c03: receive RaftClientReply:client-A6FBEAEF407A->f8fbaaad-930e-4816-816b-7f6974359c03@group-35DFF6FDB14A, cid=91, SUCCESS, logIndex=84, commits[f8fbaaad-930e-4816-816b-7f6974359c03:c87, ba993f1d-0319-48bc-847d-c4a68c232f14:c83, 3ec2f160-0b4e-4f80-b066-2acb28417227:c83]
2019-07-16 14:18:18,598 INFO  client.GrpcClientProtocolClient (GrpcClientProtocolClient.java:onNext(255)) - client-A6FBEAEF407A->f8fbaaad-930e-4816-816b-7f6974359c03: receive RaftClientReply:client-A6FBEAEF407A->f8fbaaad-930e-4816-816b-7f6974359c03@group-35DFF6FDB14A, cid=92, SUCCESS, logIndex=85, commits[f8fbaaad-930e-4816-816b-7f6974359c03:c87, ba993f1d-0319-48bc-847d-c4a68c232f14:c83, 3ec2f160-0b4e-4f80-b066-2acb28417227:c83]
2019-07-16 14:18:18,599 INFO  client.GrpcClientProtocolClient (GrpcClientProtocolClient.java:onNext(255)) - client-A6FBEAEF407A->f8fbaaad-930e-4816-816b-7f6974359c03: receive RaftClientReply:client-A6FBEAEF407A->f8fbaaad-930e-4816-816b-7f6974359c03@group-35DFF6FDB14A, cid=93, SUCCESS, logIndex=86, commits[f8fbaaad-930e-4816-816b-7f6974359c03:c87, ba993f1d-0319-48bc-847d-c4a68c232f14:c83, 3ec2f160-0b4e-4f80-b066-2acb28417227:c83]
2019-07-16 14:18:18,599 INFO  client.GrpcClientProtocolClient (GrpcClientProtocolClient.java:onNext(255)) - client-A6FBEAEF407A->f8fbaaad-930e-4816-816b-7f6974359c03: receive RaftClientReply:client-A6FBEAEF407A->f8fbaaad-930e-4816-816b-7f6974359c03@group-35DFF6FDB14A, cid=94, SUCCESS, logIndex=87, commits[f8fbaaad-930e-4816-816b-7f6974359c03:c87, ba993f1d-0319-48bc-847d-c4a68c232f14:c83, 3ec2f160-0b4e-4f80-b066-2acb28417227:c83]
2019-07-16 14:18:18,608 INFO  client.GrpcClientProtocolClient (GrpcClientProtocolClient.java:onNext(255)) - client-A6FBEAEF407A->f8fbaaad-930e-4816-816b-7f6974359c03: receive RaftClientReply:client-A6FBEAEF407A->f8fbaaad-930e-4816-816b-7f6974359c03@group-35DFF6FDB14A, cid=95, SUCCESS, logIndex=0, commits[f8fbaaad-930e-4816-816b-7f6974359c03:c87, ba993f1d-0319-48bc-847d-c4a68c232f14:c85, 3ec2f160-0b4e-4f80-b066-2acb28417227:c85]
2019-07-16 14:18:18,631 INFO  client.GrpcClientProtocolClient (GrpcClientProtocolClient.java:onNext(255)) - client-A6FBEAEF407A->f8fbaaad-930e-4816-816b-7f6974359c03: receive RaftClientReply:client-A6FBEAEF407A->f8fbaaad-930e-4816-816b-7f6974359c03@group-35DFF6FDB14A, cid=96, SUCCESS, logIndex=92, commits[f8fbaaad-930e-4816-816b-7f6974359c03:c93, ba993f1d-0319-48bc-847d-c4a68c232f14:c91, 3ec2f160-0b4e-4f80-b066-2acb28417227:c91]
2019-07-16 14:18:18,632 INFO  client.GrpcClientProtocolClient (GrpcClientProtocolClient.java:onNext(255)) - client-A6FBEAEF407A->f8fbaaad-930e-4816-816b-7f6974359c03: receive RaftClientReply:client-A6FBEAEF407A->f8fbaaad-930e-4816-816b-7f6974359c03@group-35DFF6FDB14A, cid=97, SUCCESS, logIndex=93, commits[f8fbaaad-930e-4816-816b-7f6974359c03:c93, ba993f1d-0319-48bc-847d-c4a68c232f14:c91, 3ec2f160-0b4e-4f80-b066-2acb28417227:c91]
2019-07-16 14:18:18,658 INFO  client.GrpcClientProtocolClient (GrpcClientProtocolClient.java:onNext(255)) - client-A6FBEAEF407A->f8fbaaad-930e-4816-816b-7f6974359c03: receive RaftClientReply:client-A6FBEAEF407A->f8fbaaad-930e-4816-816b-7f6974359c03@group-35DFF6FDB14A, cid=98, SUCCESS, logIndex=96, commits[f8fbaaad-930e-4816-816b-7f6974359c03:c97, ba993f1d-0319-48bc-847d-c4a68c232f14:c93, 3ec2f160-0b4e-4f80-b066-2acb28417227:c93]
2019-07-16 14:18:18,659 INFO  client.GrpcClientProtocolClient (GrpcClientProtocolClient.java:onNext(255)) - client-A6FBEAEF407A->f8fbaaad-930e-4816-816b-7f6974359c03: receive RaftClientReply:client-A6FBEAEF407A->f8fbaaad-930e-4816-816b-7f6974359c03@group-35DFF6FDB14A, cid=99, SUCCESS, logIndex=97, commits[f8fbaaad-930e-4816-816b-7f6974359c03:c97, ba993f1d-0319-48bc-847d-c4a68c232f14:c93, 3ec2f160-0b4e-4f80-b066-2acb28417227:c93]
2019-07-16 14:18:18,670 INFO  client.GrpcClientProtocolClient (GrpcClientProtocolClient.java:onNext(255)) - client-A6FBEAEF407A->f8fbaaad-930e-4816-816b-7f6974359c03: receive RaftClientReply:client-A6FBEAEF407A->f8fbaaad-930e-4816-816b-7f6974359c03@group-35DFF6FDB14A, cid=100, SUCCESS, logIndex=0, commits[f8fbaaad-930e-4816-816b-7f6974359c03:c98, ba993f1d-0319-48bc-847d-c4a68c232f14:c97, 3ec2f160-0b4e-4f80-b066-2acb28417227:c97]
2019-07-16 14:18:18,693 INFO  client.GrpcClientProtocolClient (GrpcClientProtocolClient.java:onNext(255)) - client-A6FBEAEF407A->f8fbaaad-930e-4816-816b-7f6974359c03: receive RaftClientReply:client-A6FBEAEF407A->f8fbaaad-930e-4816-816b-7f6974359c03@group-35DFF6FDB14A, cid=101, SUCCESS, logIndex=100, commits[f8fbaaad-930e-4816-816b-7f6974359c03:c103, ba993f1d-0319-48bc-847d-c4a68c232f14:c99, 3ec2f160-0b4e-4f80-b066-2acb28417227:c99]
2019-07-16 14:18:18,694 INFO  client.GrpcClientProtocolClient (GrpcClientProtocolClient.java:onNext(255)) - client-A6FBEAEF407A->f8fbaaad-930e-4816-816b-7f6974359c03: receive RaftClientReply:client-A6FBEAEF407A->f8fbaaad-930e-4816-816b-7f6974359c03@group-35DFF6FDB14A, cid=102, SUCCESS, logIndex=101, commits[f8fbaaad-930e-4816-816b-7f6974359c03:c103, ba993f1d-0319-48bc-847d-c4a68c232f14:c99, 3ec2f160-0b4e-4f80-b066-2acb28417227:c99]
2019-07-16 14:18:18,695 INFO  client.GrpcClientProtocolClient (GrpcClientProtocolClient.java:onNext(255)) - client-A6FBEAEF407A->f8fbaaad-930e-4816-816b-7f6974359c03: receive RaftClientReply:client-A6FBEAEF407A->f8fbaaad-930e-4816-816b-7f6974359c03@group-35DFF6FDB14A, cid=103, SUCCESS, logIndex=102, commits[f8fbaaad-930e-4816-816b-7f6974359c03:c104, ba993f1d-0319-48bc-847d-c4a68c232f14:c99, 3ec2f160-0b4e-4f80-b066-2acb28417227:c101]
2019-07-16 14:18:18,696 INFO  client.GrpcClientProtocolClient (GrpcClientProtocolClient.java:onNext(255)) - client-A6FBEAEF407A->f8fbaaad-930e-4816-816b-7f6974359c03: receive RaftClientReply:client-A6FBEAEF407A->f8fbaaad-930e-4816-816b-7f6974359c03@group-35DFF6FDB14A, cid=104, SUCCESS, logIndex=103, commits[f8fbaaad-930e-4816-816b-7f6974359c03:c104, ba993f1d-0319-48bc-847d-c4a68c232f14:c101, 3ec2f160-0b4e-4f80-b066-2acb28417227:c101]
2019-07-16 14:18:18,719 INFO  client.GrpcClientProtocolClient (GrpcClientProtocolClient.java:onNext(255)) - client-A6FBEAEF407A->f8fbaaad-930e-4816-816b-7f6974359c03: receive RaftClientReply:client-A6FBEAEF407A->f8fbaaad-930e-4816-816b-7f6974359c03@group-35DFF6FDB14A, cid=105, SUCCESS, logIndex=108, commits[f8fbaaad-930e-4816-816b-7f6974359c03:c109, ba993f1d-0319-48bc-847d-c4a68c232f14:c107, 3ec2f160-0b4e-4f80-b066-2acb28417227:c107]
2019-07-16 14:18:18,720 INFO  client.GrpcClientProtocolClient (GrpcClientProtocolClient.java:onNext(255)) - client-A6FBEAEF407A->f8fbaaad-930e-4816-816b-7f6974359c03: receive RaftClientReply:client-A6FBEAEF407A->f8fbaaad-930e-4816-816b-7f6974359c03@group-35DFF6FDB14A, cid=106, SUCCESS, logIndex=109, commits[f8fbaaad-930e-4816-816b-7f6974359c03:c109, ba993f1d-0319-48bc-847d-c4a68c232f14:c107, 3ec2f160-0b4e-4f80-b066-2acb28417227:c107]
2019-07-16 14:18:18,735 INFO  client.GrpcClientProtocolClient (GrpcClientProtocolClient.java:onNext(255)) - client-A6FBEAEF407A->f8fbaaad-930e-4816-816b-7f6974359c03: receive RaftClientReply:client-A6FBEAEF407A->f8fbaaad-930e-4816-816b-7f6974359c03@group-35DFF6FDB14A, cid=107, SUCCESS, logIndex=112, commits[f8fbaaad-930e-4816-816b-7f6974359c03:c113, ba993f1d-0319-48bc-847d-c4a68c232f14:c109, 3ec2f160-0b4e-4f80-b066-2acb28417227:c109]
2019-07-16 14:18:18,735 INFO  client.GrpcClientProtocolClient (GrpcClientProtocolClient.java:onNext(255)) - client-A6FBEAEF407A->f8fbaaad-930e-4816-816b-7f6974359c03: receive RaftClientReply:client-A6FBEAEF407A->f8fbaaad-930e-4816-816b-7f6974359c03@group-35DFF6FDB14A, cid=108, SUCCESS, logIndex=113, commits[f8fbaaad-930e-4816-816b-7f6974359c03:c113, ba993f1d-0319-48bc-847d-c4a68c232f14:c109, 3ec2f160-0b4e-4f80-b066-2acb28417227:c109]
2019-07-16 14:18:18,737 INFO  client.GrpcClientProtocolClient (GrpcClientProtocolClient.java:onNext(255)) - client-A6FBEAEF407A->f8fbaaad-930e-4816-816b-7f6974359c03: receive RaftClientReply:client-A6FBEAEF407A->f8fbaaad-930e-4816-816b-7f6974359c03@group-35DFF6FDB14A, cid=109, SUCCESS, logIndex=0, commits[f8fbaaad-930e-4816-816b-7f6974359c03:c114, ba993f1d-0319-48bc-847d-c4a68c232f14:c113, 3ec2f160-0b4e-4f80-b066-2acb28417227:c113]
2019-07-16 14:18:18,849 INFO  client.GrpcClientProtocolClient (GrpcClientProtocolClient.java:onNext(255)) - client-537CEAD2113A->63509336-6971-468c-b5c2-a3327d3314a9: receive RaftClientReply:client-537CEAD2113A->63509336-6971-468c-b5c2-a3327d3314a9@group-E7E66FCECC5F, cid=110, SUCCESS, logIndex=46, commits[63509336-6971-468c-b5c2-a3327d3314a9:c47, d0f4f310-adcf-472e-8d2e-24726e34e188:c45, d088cbd8-ab6e-4439-8614-2e769fa95619:c45]
2019-07-16 14:18:18,892 INFO  client.GrpcClientProtocolClient (GrpcClientProtocolClient.java:onNext(255)) - client-537CEAD2113A->63509336-6971-468c-b5c2-a3327d3314a9: receive RaftClientReply:client-537CEAD2113A->63509336-6971-468c-b5c2-a3327d3314a9@group-E7E66FCECC5F, cid=111, SUCCESS, logIndex=47, commits[63509336-6971-468c-b5c2-a3327d3314a9:c48, d0f4f310-adcf-472e-8d2e-24726e34e188:c47, d088cbd8-ab6e-4439-8614-2e769fa95619:c47]
2019-07-16 14:18:18,937 INFO  client.GrpcClientProtocolClient (GrpcClientProtocolClient.java:onNext(255)) - client-537CEAD2113A->63509336-6971-468c-b5c2-a3327d3314a9: receive RaftClientReply:client-537CEAD2113A->63509336-6971-468c-b5c2-a3327d3314a9@group-E7E66FCECC5F, cid=112, SUCCESS, logIndex=49, commits[63509336-6971-468c-b5c2-a3327d3314a9:c50, d0f4f310-adcf-472e-8d2e-24726e34e188:c48, d088cbd8-ab6e-4439-8614-2e769fa95619:c48]
2019-07-16 14:18:18,956 INFO  client.GrpcClientProtocolClient (GrpcClientProtocolClient.java:onNext(255)) - client-537CEAD2113A->63509336-6971-468c-b5c2-a3327d3314a9: receive RaftClientReply:client-537CEAD2113A->63509336-6971-468c-b5c2-a3327d3314a9@group-E7E66FCECC5F, cid=113, SUCCESS, logIndex=50, commits[63509336-6971-468c-b5c2-a3327d3314a9:c52, d0f4f310-adcf-472e-8d2e-24726e34e188:c50, d088cbd8-ab6e-4439-8614-2e769fa95619:c50]
2019-07-16 14:18:18,967 INFO  container.CloseContainerEventHandler (CloseContainerEventHandler.java:onMessage(61)) - Close container Event triggered for container : #4
2019-07-16 14:18:18,967 INFO  container.CloseContainerEventHandler (CloseContainerEventHandler.java:onMessage(61)) - Close container Event triggered for container : #4
2019-07-16 14:18:18,967 INFO  container.CloseContainerEventHandler (CloseContainerEventHandler.java:onMessage(61)) - Close container Event triggered for container : #4
2019-07-16 14:18:18,968 INFO  container.CloseContainerEventHandler (CloseContainerEventHandler.java:onMessage(61)) - Close container Event triggered for container : #10
2019-07-16 14:18:18,968 INFO  container.CloseContainerEventHandler (CloseContainerEventHandler.java:onMessage(61)) - Close container Event triggered for container : #10
2019-07-16 14:18:18,968 INFO  container.CloseContainerEventHandler (CloseContainerEventHandler.java:onMessage(61)) - Close container Event triggered for container : #10
2019-07-16 14:18:18,968 INFO  container.CloseContainerEventHandler (CloseContainerEventHandler.java:onMessage(61)) - Close container Event triggered for container : #12
2019-07-16 14:18:18,968 INFO  container.CloseContainerEventHandler (CloseContainerEventHandler.java:onMessage(61)) - Close container Event triggered for container : #12
2019-07-16 14:18:18,969 INFO  container.CloseContainerEventHandler (CloseContainerEventHandler.java:onMessage(61)) - Close container Event triggered for container : #12
2019-07-16 14:18:19,661 INFO  interfaces.Container (KeyValueContainer.java:compactDB(356)) - Container 4 is closed with bcsId 97.
2019-07-16 14:18:19,665 INFO  interfaces.Container (KeyValueContainer.java:compactDB(356)) - Container 4 is closed with bcsId 97.
2019-07-16 14:18:19,672 INFO  interfaces.Container (KeyValueContainer.java:compactDB(356)) - Container 4 is closed with bcsId 97.
2019-07-16 14:18:19,704 INFO  interfaces.Container (KeyValueContainer.java:compactDB(356)) - Container 10 is closed with bcsId 113.
2019-07-16 14:18:19,721 INFO  interfaces.Container (KeyValueContainer.java:compactDB(356)) - Container 10 is closed with bcsId 113.
2019-07-16 14:18:19,723 INFO  interfaces.Container (KeyValueContainer.java:compactDB(356)) - Container 10 is closed with bcsId 113.
2019-07-16 14:18:20,908 INFO  interfaces.Container (KeyValueContainer.java:compactDB(356)) - Container 12 is closed with bcsId 50.
2019-07-16 14:18:20,914 INFO  interfaces.Container (KeyValueContainer.java:compactDB(356)) - Container 12 is closed with bcsId 50.
2019-07-16 14:18:20,926 INFO  interfaces.Container (KeyValueContainer.java:compactDB(356)) - Container 12 is closed with bcsId 50.
14:18:20.972 [grpc-default-executor-1] ERROR DNAudit - user=null | ip=null | op=WRITE_CHUNK {blockData=conID: 12 locID: 102451557089280020 bcsId: 50} | ret=FAILURE
org.apache.hadoop.hdds.scm.container.common.helpers.ContainerNotOpenException: Container 12 in CLOSED state
	at org.apache.hadoop.ozone.container.common.impl.HddsDispatcher.validateContainerCommand(HddsDispatcher.java:408) ~[hadoop-hdds-container-service-0.5.0-SNAPSHOT.jar:?]
	at org.apache.hadoop.ozone.container.common.transport.server.ratis.ContainerStateMachine.startTransaction(ContainerStateMachine.java:272) ~[hadoop-hdds-container-service-0.5.0-SNAPSHOT.jar:?]
	at org.apache.ratis.server.impl.RaftServerImpl.submitClientRequestAsync(RaftServerImpl.java:566) ~[ratis-server-0.4.0-2337318-SNAPSHOT.jar:0.4.0-2337318-SNAPSHOT]
	at org.apache.ratis.server.impl.RaftServerProxy.lambda$submitClientRequestAsync$7(RaftServerProxy.java:333) ~[ratis-server-0.4.0-2337318-SNAPSHOT.jar:0.4.0-2337318-SNAPSHOT]
	at org.apache.ratis.server.impl.RaftServerProxy.lambda$null$5(RaftServerProxy.java:328) ~[ratis-server-0.4.0-2337318-SNAPSHOT.jar:0.4.0-2337318-SNAPSHOT]
	at org.apache.ratis.util.JavaUtils.callAsUnchecked(JavaUtils.java:109) ~[ratis-common-0.4.0-2337318-SNAPSHOT.jar:0.4.0-2337318-SNAPSHOT]
	at org.apache.ratis.server.impl.RaftServerProxy.lambda$submitRequest$6(RaftServerProxy.java:328) ~[ratis-server-0.4.0-2337318-SNAPSHOT.jar:0.4.0-2337318-SNAPSHOT]
	at java.util.concurrent.CompletableFuture.uniComposeStage(CompletableFuture.java:981) ~[?:1.8.0_212]
	at java.util.concurrent.CompletableFuture.thenCompose(CompletableFuture.java:2124) ~[?:1.8.0_212]
	at org.apache.ratis.server.impl.RaftServerProxy.submitRequest(RaftServerProxy.java:327) ~[ratis-server-0.4.0-2337318-SNAPSHOT.jar:0.4.0-2337318-SNAPSHOT]
	at org.apache.ratis.server.impl.RaftServerProxy.submitClientRequestAsync(RaftServerProxy.java:333) ~[ratis-server-0.4.0-2337318-SNAPSHOT.jar:0.4.0-2337318-SNAPSHOT]
	at org.apache.ratis.grpc.client.GrpcClientProtocolService$RequestStreamObserver.processClientRequest(GrpcClientProtocolService.java:220) ~[ratis-grpc-0.4.0-2337318-SNAPSHOT.jar:0.4.0-2337318-SNAPSHOT]
	at org.apache.ratis.grpc.client.GrpcClientProtocolService$OrderedRequestStreamObserver.processClientRequest(GrpcClientProtocolService.java:326) ~[ratis-grpc-0.4.0-2337318-SNAPSHOT.jar:0.4.0-2337318-SNAPSHOT]
	at org.apache.ratis.util.SlidingWindow$Server.processRequestsFromHead(SlidingWindow.java:429) [ratis-common-0.4.0-2337318-SNAPSHOT.jar:0.4.0-2337318-SNAPSHOT]
	at org.apache.ratis.util.SlidingWindow$Server.receivedRequest(SlidingWindow.java:421) [ratis-common-0.4.0-2337318-SNAPSHOT.jar:0.4.0-2337318-SNAPSHOT]
	at org.apache.ratis.grpc.client.GrpcClientProtocolService$OrderedRequestStreamObserver.processClientRequest(GrpcClientProtocolService.java:345) [ratis-grpc-0.4.0-2337318-SNAPSHOT.jar:0.4.0-2337318-SNAPSHOT]
	at org.apache.ratis.grpc.client.GrpcClientProtocolService$RequestStreamObserver.onNext(GrpcClientProtocolService.java:240) [ratis-grpc-0.4.0-2337318-SNAPSHOT.jar:0.4.0-2337318-SNAPSHOT]
	at org.apache.ratis.grpc.client.GrpcClientProtocolService$RequestStreamObserver.onNext(GrpcClientProtocolService.java:168) [ratis-grpc-0.4.0-2337318-SNAPSHOT.jar:0.4.0-2337318-SNAPSHOT]
	at org.apache.ratis.thirdparty.io.grpc.stub.ServerCalls$StreamingServerCallHandler$StreamingServerCallListener.onMessage(ServerCalls.java:248) [ratis-thirdparty-misc-0.2.0.jar:0.2.0]
	at org.apache.ratis.thirdparty.io.grpc.internal.ServerCallImpl$ServerStreamListenerImpl.messagesAvailable(ServerCallImpl.java:263) [ratis-thirdparty-misc-0.2.0.jar:0.2.0]
	at org.apache.ratis.thirdparty.io.grpc.internal.ServerImpl$JumpToApplicationThreadServerStreamListener$1MessagesAvailable.runInContext(ServerImpl.java:686) [ratis-thirdparty-misc-0.2.0.jar:0.2.0]
	at org.apache.ratis.thirdparty.io.grpc.internal.ContextRunnable.run(ContextRunnable.java:37) [ratis-thirdparty-misc-0.2.0.jar:0.2.0]
	at org.apache.ratis.thirdparty.io.grpc.internal.SerializingExecutor.run(SerializingExecutor.java:123) [ratis-thirdparty-misc-0.2.0.jar:0.2.0]
	at java.util.concurrent.ThreadPoolExecutor.runWorker(ThreadPoolExecutor.java:1149) [?:1.8.0_212]
	at java.util.concurrent.ThreadPoolExecutor$Worker.run(ThreadPoolExecutor.java:624) [?:1.8.0_212]
	at java.lang.Thread.run(Thread.java:748) [?:1.8.0_212]
14:18:20.980 [grpc-default-executor-1] ERROR DNAudit - user=null | ip=null | op=PUT_BLOCK {blockData=[blockId=conID: 12 locID: 102451557089280020 bcsId: 0,size=2621440]} | ret=FAILURE
org.apache.hadoop.hdds.scm.container.common.helpers.ContainerNotOpenException: Container 12 in CLOSED state
	at org.apache.hadoop.ozone.container.common.impl.HddsDispatcher.validateContainerCommand(HddsDispatcher.java:408) ~[hadoop-hdds-container-service-0.5.0-SNAPSHOT.jar:?]
	at org.apache.hadoop.ozone.container.common.transport.server.ratis.ContainerStateMachine.startTransaction(ContainerStateMachine.java:272) ~[hadoop-hdds-container-service-0.5.0-SNAPSHOT.jar:?]
	at org.apache.ratis.server.impl.RaftServerImpl.submitClientRequestAsync(RaftServerImpl.java:566) ~[ratis-server-0.4.0-2337318-SNAPSHOT.jar:0.4.0-2337318-SNAPSHOT]
	at org.apache.ratis.server.impl.RaftServerProxy.lambda$submitClientRequestAsync$7(RaftServerProxy.java:333) ~[ratis-server-0.4.0-2337318-SNAPSHOT.jar:0.4.0-2337318-SNAPSHOT]
	at org.apache.ratis.server.impl.RaftServerProxy.lambda$null$5(RaftServerProxy.java:328) ~[ratis-server-0.4.0-2337318-SNAPSHOT.jar:0.4.0-2337318-SNAPSHOT]
	at org.apache.ratis.util.JavaUtils.callAsUnchecked(JavaUtils.java:109) ~[ratis-common-0.4.0-2337318-SNAPSHOT.jar:0.4.0-2337318-SNAPSHOT]
	at org.apache.ratis.server.impl.RaftServerProxy.lambda$submitRequest$6(RaftServerProxy.java:328) ~[ratis-server-0.4.0-2337318-SNAPSHOT.jar:0.4.0-2337318-SNAPSHOT]
	at java.util.concurrent.CompletableFuture.uniComposeStage(CompletableFuture.java:981) ~[?:1.8.0_212]
	at java.util.concurrent.CompletableFuture.thenCompose(CompletableFuture.java:2124) ~[?:1.8.0_212]
	at org.apache.ratis.server.impl.RaftServerProxy.submitRequest(RaftServerProxy.java:327) ~[ratis-server-0.4.0-2337318-SNAPSHOT.jar:0.4.0-2337318-SNAPSHOT]
	at org.apache.ratis.server.impl.RaftServerProxy.submitClientRequestAsync(RaftServerProxy.java:333) ~[ratis-server-0.4.0-2337318-SNAPSHOT.jar:0.4.0-2337318-SNAPSHOT]
	at org.apache.ratis.grpc.client.GrpcClientProtocolService$RequestStreamObserver.processClientRequest(GrpcClientProtocolService.java:220) ~[ratis-grpc-0.4.0-2337318-SNAPSHOT.jar:0.4.0-2337318-SNAPSHOT]
	at org.apache.ratis.grpc.client.GrpcClientProtocolService$OrderedRequestStreamObserver.processClientRequest(GrpcClientProtocolService.java:326) ~[ratis-grpc-0.4.0-2337318-SNAPSHOT.jar:0.4.0-2337318-SNAPSHOT]
	at org.apache.ratis.util.SlidingWindow$Server.processRequestsFromHead(SlidingWindow.java:429) [ratis-common-0.4.0-2337318-SNAPSHOT.jar:0.4.0-2337318-SNAPSHOT]
	at org.apache.ratis.util.SlidingWindow$Server.receivedRequest(SlidingWindow.java:421) [ratis-common-0.4.0-2337318-SNAPSHOT.jar:0.4.0-2337318-SNAPSHOT]
	at org.apache.ratis.grpc.client.GrpcClientProtocolService$OrderedRequestStreamObserver.processClientRequest(GrpcClientProtocolService.java:345) [ratis-grpc-0.4.0-2337318-SNAPSHOT.jar:0.4.0-2337318-SNAPSHOT]
	at org.apache.ratis.grpc.client.GrpcClientProtocolService$RequestStreamObserver.onNext(GrpcClientProtocolService.java:240) [ratis-grpc-0.4.0-2337318-SNAPSHOT.jar:0.4.0-2337318-SNAPSHOT]
	at org.apache.ratis.grpc.client.GrpcClientProtocolService$RequestStreamObserver.onNext(GrpcClientProtocolService.java:168) [ratis-grpc-0.4.0-2337318-SNAPSHOT.jar:0.4.0-2337318-SNAPSHOT]
	at org.apache.ratis.thirdparty.io.grpc.stub.ServerCalls$StreamingServerCallHandler$StreamingServerCallListener.onMessage(ServerCalls.java:248) [ratis-thirdparty-misc-0.2.0.jar:0.2.0]
	at org.apache.ratis.thirdparty.io.grpc.internal.ServerCallImpl$ServerStreamListenerImpl.messagesAvailable(ServerCallImpl.java:263) [ratis-thirdparty-misc-0.2.0.jar:0.2.0]
	at org.apache.ratis.thirdparty.io.grpc.internal.ServerImpl$JumpToApplicationThreadServerStreamListener$1MessagesAvailable.runInContext(ServerImpl.java:686) [ratis-thirdparty-misc-0.2.0.jar:0.2.0]
	at org.apache.ratis.thirdparty.io.grpc.internal.ContextRunnable.run(ContextRunnable.java:37) [ratis-thirdparty-misc-0.2.0.jar:0.2.0]
	at org.apache.ratis.thirdparty.io.grpc.internal.SerializingExecutor.run(SerializingExecutor.java:123) [ratis-thirdparty-misc-0.2.0.jar:0.2.0]
	at java.util.concurrent.ThreadPoolExecutor.runWorker(ThreadPoolExecutor.java:1149) [?:1.8.0_212]
	at java.util.concurrent.ThreadPoolExecutor$Worker.run(ThreadPoolExecutor.java:624) [?:1.8.0_212]
	at java.lang.Thread.run(Thread.java:748) [?:1.8.0_212]
2019-07-16 14:18:20,982 INFO  client.GrpcClientProtocolClient (GrpcClientProtocolClient.java:onNext(255)) - client-537CEAD2113A->63509336-6971-468c-b5c2-a3327d3314a9: receive RaftClientReply:client-537CEAD2113A->63509336-6971-468c-b5c2-a3327d3314a9@group-E7E66FCECC5F, cid=114, FAILED org.apache.ratis.protocol.StateMachineException: org.apache.hadoop.hdds.scm.container.common.helpers.ContainerNotOpenException from Server 63509336-6971-468c-b5c2-a3327d3314a9: Container 12 in CLOSED state, logIndex=0, commits[63509336-6971-468c-b5c2-a3327d3314a9:c54, d0f4f310-adcf-472e-8d2e-24726e34e188:c53, d088cbd8-ab6e-4439-8614-2e769fa95619:c53]
2019-07-16 14:18:20,989 INFO  client.GrpcClientProtocolClient (GrpcClientProtocolClient.java:onNext(255)) - client-537CEAD2113A->63509336-6971-468c-b5c2-a3327d3314a9: receive RaftClientReply:client-537CEAD2113A->63509336-6971-468c-b5c2-a3327d3314a9@group-E7E66FCECC5F, cid=115, FAILED org.apache.ratis.protocol.StateMachineException: org.apache.hadoop.hdds.scm.container.common.helpers.ContainerNotOpenException from Server 63509336-6971-468c-b5c2-a3327d3314a9: Container 12 in CLOSED state, logIndex=0, commits[63509336-6971-468c-b5c2-a3327d3314a9:c54, d0f4f310-adcf-472e-8d2e-24726e34e188:c53, d088cbd8-ab6e-4439-8614-2e769fa95619:c53]
2019-07-16 14:18:21,146 INFO  client.GrpcClientProtocolClient (GrpcClientProtocolClient.java:onNext(255)) - client-537CEAD2113A->63509336-6971-468c-b5c2-a3327d3314a9: receive RaftClientReply:client-537CEAD2113A->63509336-6971-468c-b5c2-a3327d3314a9@group-E7E66FCECC5F, cid=116, SUCCESS, logIndex=55, commits[63509336-6971-468c-b5c2-a3327d3314a9:c56, d0f4f310-adcf-472e-8d2e-24726e34e188:c54, d088cbd8-ab6e-4439-8614-2e769fa95619:c54]
2019-07-16 14:18:21,192 INFO  client.GrpcClientProtocolClient (GrpcClientProtocolClient.java:onNext(255)) - client-537CEAD2113A->63509336-6971-468c-b5c2-a3327d3314a9: receive RaftClientReply:client-537CEAD2113A->63509336-6971-468c-b5c2-a3327d3314a9@group-E7E66FCECC5F, cid=117, SUCCESS, logIndex=56, commits[63509336-6971-468c-b5c2-a3327d3314a9:c58, d0f4f310-adcf-472e-8d2e-24726e34e188:c56, d088cbd8-ab6e-4439-8614-2e769fa95619:c56]
2019-07-16 14:18:21,369 INFO  pipeline.Pipeline (Pipeline.java:getProtobufMessage(195)) - Serialize pipeline PipelineID=49311690-fd7e-46b1-96ef-e7e66fcecc5f with nodesInOrder{ }
2019-07-16 14:18:21,370 INFO  pipeline.Pipeline (Pipeline.java:build(342)) - Deserialize nodesInOrder [d088cbd8-ab6e-4439-8614-2e769fa95619{ip: 192.168.157.241, host: trunk-nightly-gllmw-2332419065, networkLocation: /default-rack, certSerialId: null}, d088cbd8-ab6e-4439-8614-2e769fa95619{ip: 192.168.157.241, host: trunk-nightly-gllmw-2332419065, networkLocation: /default-rack, certSerialId: null}, d088cbd8-ab6e-4439-8614-2e769fa95619{ip: 192.168.157.241, host: trunk-nightly-gllmw-2332419065, networkLocation: /default-rack, certSerialId: null}] in pipeline PipelineID=49311690-fd7e-46b1-96ef-e7e66fcecc5f
]]></system-out>
  </testcase>
  <testcase name="testMultiBlockWrites3" classname="org.apache.hadoop.ozone.client.rpc.TestCloseContainerHandlingByClient" time="4.221">
    <error type="java.lang.IllegalArgumentException">java.lang.IllegalArgumentException
	at com.google.common.base.Preconditions.checkArgument(Preconditions.java:72)
	at org.apache.hadoop.hdds.scm.XceiverClientManager.acquireClient(XceiverClientManager.java:150)
	at org.apache.hadoop.hdds.scm.XceiverClientManager.acquireClientForReadData(XceiverClientManager.java:143)
	at org.apache.hadoop.hdds.scm.storage.BlockInputStream.getChunkInfos(BlockInputStream.java:154)
	at org.apache.hadoop.hdds.scm.storage.BlockInputStream.initialize(BlockInputStream.java:118)
	at org.apache.hadoop.hdds.scm.storage.BlockInputStream.read(BlockInputStream.java:222)
	at org.apache.hadoop.ozone.client.io.KeyInputStream.read(KeyInputStream.java:171)
	at org.apache.hadoop.ozone.client.io.OzoneInputStream.read(OzoneInputStream.java:47)
	at java.io.InputStream.read(InputStream.java:101)
	at org.apache.hadoop.ozone.client.rpc.TestCloseContainerHandlingByClient.testMultiBlockWrites3(TestCloseContainerHandlingByClient.java:325)
	at sun.reflect.NativeMethodAccessorImpl.invoke0(Native Method)
	at sun.reflect.NativeMethodAccessorImpl.invoke(NativeMethodAccessorImpl.java:62)
	at sun.reflect.DelegatingMethodAccessorImpl.invoke(DelegatingMethodAccessorImpl.java:43)
	at java.lang.reflect.Method.invoke(Method.java:498)
	at org.junit.runners.model.FrameworkMethod$1.runReflectiveCall(FrameworkMethod.java:47)
	at org.junit.internal.runners.model.ReflectiveCallable.run(ReflectiveCallable.java:12)
	at org.junit.runners.model.FrameworkMethod.invokeExplosively(FrameworkMethod.java:44)
	at org.junit.internal.runners.statements.InvokeMethod.evaluate(InvokeMethod.java:17)
	at org.junit.runners.ParentRunner.runLeaf(ParentRunner.java:271)
	at org.junit.runners.BlockJUnit4ClassRunner.runChild(BlockJUnit4ClassRunner.java:70)
	at org.junit.runners.BlockJUnit4ClassRunner.runChild(BlockJUnit4ClassRunner.java:50)
	at org.junit.runners.ParentRunner$3.run(ParentRunner.java:238)
	at org.junit.runners.ParentRunner$1.schedule(ParentRunner.java:63)
	at org.junit.runners.ParentRunner.runChildren(ParentRunner.java:236)
	at org.junit.runners.ParentRunner.access$000(ParentRunner.java:53)
	at org.junit.runners.ParentRunner$2.evaluate(ParentRunner.java:229)
	at org.junit.internal.runners.statements.RunBefores.evaluate(RunBefores.java:26)
	at org.junit.internal.runners.statements.RunAfters.evaluate(RunAfters.java:27)
	at org.junit.runners.ParentRunner.run(ParentRunner.java:309)
	at org.apache.maven.surefire.junit4.JUnit4Provider.execute(JUnit4Provider.java:365)
	at org.apache.maven.surefire.junit4.JUnit4Provider.executeWithRerun(JUnit4Provider.java:273)
	at org.apache.maven.surefire.junit4.JUnit4Provider.executeTestSet(JUnit4Provider.java:238)
	at org.apache.maven.surefire.junit4.JUnit4Provider.invoke(JUnit4Provider.java:159)
	at org.apache.maven.surefire.booter.ForkedBooter.invokeProviderInSameClassLoader(ForkedBooter.java:384)
	at org.apache.maven.surefire.booter.ForkedBooter.runSuitesInProcess(ForkedBooter.java:345)
	at org.apache.maven.surefire.booter.ForkedBooter.execute(ForkedBooter.java:126)
	at org.apache.maven.surefire.booter.ForkedBooter.main(ForkedBooter.java:418)
</error>
    <system-out><![CDATA[2019-07-16 14:18:21,711 INFO  client.GrpcClientProtocolClient (GrpcClientProtocolClient.java:onNext(255)) - client-537CEAD2113A->63509336-6971-468c-b5c2-a3327d3314a9: receive RaftClientReply:client-537CEAD2113A->63509336-6971-468c-b5c2-a3327d3314a9@group-E7E66FCECC5F, cid=118, SUCCESS, logIndex=59, commits[63509336-6971-468c-b5c2-a3327d3314a9:c62, d0f4f310-adcf-472e-8d2e-24726e34e188:c58, d088cbd8-ab6e-4439-8614-2e769fa95619:c56]
2019-07-16 14:18:21,767 INFO  client.GrpcClientProtocolClient (GrpcClientProtocolClient.java:onNext(255)) - client-537CEAD2113A->63509336-6971-468c-b5c2-a3327d3314a9: receive RaftClientReply:client-537CEAD2113A->63509336-6971-468c-b5c2-a3327d3314a9@group-E7E66FCECC5F, cid=119, SUCCESS, logIndex=60, commits[63509336-6971-468c-b5c2-a3327d3314a9:c63, d0f4f310-adcf-472e-8d2e-24726e34e188:c62, d088cbd8-ab6e-4439-8614-2e769fa95619:c62]
2019-07-16 14:18:21,768 INFO  client.GrpcClientProtocolClient (GrpcClientProtocolClient.java:onNext(255)) - client-537CEAD2113A->63509336-6971-468c-b5c2-a3327d3314a9: receive RaftClientReply:client-537CEAD2113A->63509336-6971-468c-b5c2-a3327d3314a9@group-E7E66FCECC5F, cid=120, SUCCESS, logIndex=61, commits[63509336-6971-468c-b5c2-a3327d3314a9:c63, d0f4f310-adcf-472e-8d2e-24726e34e188:c62, d088cbd8-ab6e-4439-8614-2e769fa95619:c62]
2019-07-16 14:18:21,844 INFO  client.GrpcClientProtocolClient (GrpcClientProtocolClient.java:onNext(255)) - client-537CEAD2113A->63509336-6971-468c-b5c2-a3327d3314a9: receive RaftClientReply:client-537CEAD2113A->63509336-6971-468c-b5c2-a3327d3314a9@group-E7E66FCECC5F, cid=121, SUCCESS, logIndex=62, commits[63509336-6971-468c-b5c2-a3327d3314a9:c63, d0f4f310-adcf-472e-8d2e-24726e34e188:c62, d088cbd8-ab6e-4439-8614-2e769fa95619:c62]
2019-07-16 14:18:21,874 INFO  client.GrpcClientProtocolClient (GrpcClientProtocolClient.java:onNext(255)) - client-537CEAD2113A->63509336-6971-468c-b5c2-a3327d3314a9: receive RaftClientReply:client-537CEAD2113A->63509336-6971-468c-b5c2-a3327d3314a9@group-E7E66FCECC5F, cid=122, SUCCESS, logIndex=64, commits[63509336-6971-468c-b5c2-a3327d3314a9:c66, d0f4f310-adcf-472e-8d2e-24726e34e188:c63, d088cbd8-ab6e-4439-8614-2e769fa95619:c63]
2019-07-16 14:18:21,875 INFO  client.GrpcClientProtocolClient (GrpcClientProtocolClient.java:onNext(255)) - client-537CEAD2113A->63509336-6971-468c-b5c2-a3327d3314a9: receive RaftClientReply:client-537CEAD2113A->63509336-6971-468c-b5c2-a3327d3314a9@group-E7E66FCECC5F, cid=123, SUCCESS, logIndex=65, commits[63509336-6971-468c-b5c2-a3327d3314a9:c67, d0f4f310-adcf-472e-8d2e-24726e34e188:c63, d088cbd8-ab6e-4439-8614-2e769fa95619:c63]
2019-07-16 14:18:21,876 INFO  client.GrpcClientProtocolClient (GrpcClientProtocolClient.java:onNext(255)) - client-537CEAD2113A->63509336-6971-468c-b5c2-a3327d3314a9: receive RaftClientReply:client-537CEAD2113A->63509336-6971-468c-b5c2-a3327d3314a9@group-E7E66FCECC5F, cid=124, SUCCESS, logIndex=66, commits[63509336-6971-468c-b5c2-a3327d3314a9:c67, d0f4f310-adcf-472e-8d2e-24726e34e188:c63, d088cbd8-ab6e-4439-8614-2e769fa95619:c63]
2019-07-16 14:18:21,877 INFO  client.GrpcClientProtocolClient (GrpcClientProtocolClient.java:onNext(255)) - client-537CEAD2113A->63509336-6971-468c-b5c2-a3327d3314a9: receive RaftClientReply:client-537CEAD2113A->63509336-6971-468c-b5c2-a3327d3314a9@group-E7E66FCECC5F, cid=125, SUCCESS, logIndex=67, commits[63509336-6971-468c-b5c2-a3327d3314a9:c67, d0f4f310-adcf-472e-8d2e-24726e34e188:c63, d088cbd8-ab6e-4439-8614-2e769fa95619:c63]
2019-07-16 14:18:21,888 INFO  client.GrpcClientProtocolClient (GrpcClientProtocolClient.java:onNext(255)) - client-537CEAD2113A->63509336-6971-468c-b5c2-a3327d3314a9: receive RaftClientReply:client-537CEAD2113A->63509336-6971-468c-b5c2-a3327d3314a9@group-E7E66FCECC5F, cid=126, SUCCESS, logIndex=0, commits[63509336-6971-468c-b5c2-a3327d3314a9:c68, d0f4f310-adcf-472e-8d2e-24726e34e188:c65, d088cbd8-ab6e-4439-8614-2e769fa95619:c65]
2019-07-16 14:18:21,890 INFO  client.GrpcClientProtocolClient (GrpcClientProtocolClient.java:onNext(255)) - client-537CEAD2113A->63509336-6971-468c-b5c2-a3327d3314a9: receive RaftClientReply:client-537CEAD2113A->63509336-6971-468c-b5c2-a3327d3314a9@group-E7E66FCECC5F, cid=127, SUCCESS, logIndex=0, commits[63509336-6971-468c-b5c2-a3327d3314a9:c71, d0f4f310-adcf-472e-8d2e-24726e34e188:c67, d088cbd8-ab6e-4439-8614-2e769fa95619:c67]
2019-07-16 14:18:21,913 INFO  client.GrpcClientProtocolClient (GrpcClientProtocolClient.java:onNext(255)) - client-537CEAD2113A->63509336-6971-468c-b5c2-a3327d3314a9: receive RaftClientReply:client-537CEAD2113A->63509336-6971-468c-b5c2-a3327d3314a9@group-E7E66FCECC5F, cid=128, SUCCESS, logIndex=72, commits[63509336-6971-468c-b5c2-a3327d3314a9:c73, d0f4f310-adcf-472e-8d2e-24726e34e188:c71, d088cbd8-ab6e-4439-8614-2e769fa95619:c71]
2019-07-16 14:18:21,914 INFO  client.GrpcClientProtocolClient (GrpcClientProtocolClient.java:onNext(255)) - client-537CEAD2113A->63509336-6971-468c-b5c2-a3327d3314a9: receive RaftClientReply:client-537CEAD2113A->63509336-6971-468c-b5c2-a3327d3314a9@group-E7E66FCECC5F, cid=129, SUCCESS, logIndex=73, commits[63509336-6971-468c-b5c2-a3327d3314a9:c75, d0f4f310-adcf-472e-8d2e-24726e34e188:c71, d088cbd8-ab6e-4439-8614-2e769fa95619:c71]
2019-07-16 14:18:21,915 INFO  client.GrpcClientProtocolClient (GrpcClientProtocolClient.java:onNext(255)) - client-537CEAD2113A->63509336-6971-468c-b5c2-a3327d3314a9: receive RaftClientReply:client-537CEAD2113A->63509336-6971-468c-b5c2-a3327d3314a9@group-E7E66FCECC5F, cid=130, SUCCESS, logIndex=74, commits[63509336-6971-468c-b5c2-a3327d3314a9:c75, d0f4f310-adcf-472e-8d2e-24726e34e188:c71, d088cbd8-ab6e-4439-8614-2e769fa95619:c71]
2019-07-16 14:18:21,915 INFO  client.GrpcClientProtocolClient (GrpcClientProtocolClient.java:onNext(255)) - client-537CEAD2113A->63509336-6971-468c-b5c2-a3327d3314a9: receive RaftClientReply:client-537CEAD2113A->63509336-6971-468c-b5c2-a3327d3314a9@group-E7E66FCECC5F, cid=131, SUCCESS, logIndex=75, commits[63509336-6971-468c-b5c2-a3327d3314a9:c75, d0f4f310-adcf-472e-8d2e-24726e34e188:c71, d088cbd8-ab6e-4439-8614-2e769fa95619:c71]
2019-07-16 14:18:21,917 INFO  client.GrpcClientProtocolClient (GrpcClientProtocolClient.java:onNext(255)) - client-537CEAD2113A->63509336-6971-468c-b5c2-a3327d3314a9: receive RaftClientReply:client-537CEAD2113A->63509336-6971-468c-b5c2-a3327d3314a9@group-E7E66FCECC5F, cid=132, SUCCESS, logIndex=0, commits[63509336-6971-468c-b5c2-a3327d3314a9:c77, d0f4f310-adcf-472e-8d2e-24726e34e188:c73, d088cbd8-ab6e-4439-8614-2e769fa95619:c73]
2019-07-16 14:18:21,944 INFO  client.GrpcClientProtocolClient (GrpcClientProtocolClient.java:onNext(255)) - client-537CEAD2113A->63509336-6971-468c-b5c2-a3327d3314a9: receive RaftClientReply:client-537CEAD2113A->63509336-6971-468c-b5c2-a3327d3314a9@group-E7E66FCECC5F, cid=133, SUCCESS, logIndex=80, commits[63509336-6971-468c-b5c2-a3327d3314a9:c81, d0f4f310-adcf-472e-8d2e-24726e34e188:c79, d088cbd8-ab6e-4439-8614-2e769fa95619:c79]
2019-07-16 14:18:21,945 INFO  client.GrpcClientProtocolClient (GrpcClientProtocolClient.java:onNext(255)) - client-537CEAD2113A->63509336-6971-468c-b5c2-a3327d3314a9: receive RaftClientReply:client-537CEAD2113A->63509336-6971-468c-b5c2-a3327d3314a9@group-E7E66FCECC5F, cid=134, SUCCESS, logIndex=81, commits[63509336-6971-468c-b5c2-a3327d3314a9:c81, d0f4f310-adcf-472e-8d2e-24726e34e188:c79, d088cbd8-ab6e-4439-8614-2e769fa95619:c79]
2019-07-16 14:18:21,971 INFO  client.GrpcClientProtocolClient (GrpcClientProtocolClient.java:onNext(255)) - client-537CEAD2113A->63509336-6971-468c-b5c2-a3327d3314a9: receive RaftClientReply:client-537CEAD2113A->63509336-6971-468c-b5c2-a3327d3314a9@group-E7E66FCECC5F, cid=135, SUCCESS, logIndex=84, commits[63509336-6971-468c-b5c2-a3327d3314a9:c85, d0f4f310-adcf-472e-8d2e-24726e34e188:c81, d088cbd8-ab6e-4439-8614-2e769fa95619:c81]
2019-07-16 14:18:21,972 INFO  client.GrpcClientProtocolClient (GrpcClientProtocolClient.java:onNext(255)) - client-537CEAD2113A->63509336-6971-468c-b5c2-a3327d3314a9: receive RaftClientReply:client-537CEAD2113A->63509336-6971-468c-b5c2-a3327d3314a9@group-E7E66FCECC5F, cid=136, SUCCESS, logIndex=85, commits[63509336-6971-468c-b5c2-a3327d3314a9:c85, d0f4f310-adcf-472e-8d2e-24726e34e188:c81, d088cbd8-ab6e-4439-8614-2e769fa95619:c81]
2019-07-16 14:18:21,983 INFO  client.GrpcClientProtocolClient (GrpcClientProtocolClient.java:onNext(255)) - client-537CEAD2113A->63509336-6971-468c-b5c2-a3327d3314a9: receive RaftClientReply:client-537CEAD2113A->63509336-6971-468c-b5c2-a3327d3314a9@group-E7E66FCECC5F, cid=137, SUCCESS, logIndex=0, commits[63509336-6971-468c-b5c2-a3327d3314a9:c85, d0f4f310-adcf-472e-8d2e-24726e34e188:c85, d088cbd8-ab6e-4439-8614-2e769fa95619:c85]
2019-07-16 14:18:22,005 INFO  client.GrpcClientProtocolClient (GrpcClientProtocolClient.java:onNext(255)) - client-537CEAD2113A->63509336-6971-468c-b5c2-a3327d3314a9: receive RaftClientReply:client-537CEAD2113A->63509336-6971-468c-b5c2-a3327d3314a9@group-E7E66FCECC5F, cid=138, SUCCESS, logIndex=88, commits[63509336-6971-468c-b5c2-a3327d3314a9:c89, d0f4f310-adcf-472e-8d2e-24726e34e188:c87, d088cbd8-ab6e-4439-8614-2e769fa95619:c87]
2019-07-16 14:18:22,006 INFO  client.GrpcClientProtocolClient (GrpcClientProtocolClient.java:onNext(255)) - client-537CEAD2113A->63509336-6971-468c-b5c2-a3327d3314a9: receive RaftClientReply:client-537CEAD2113A->63509336-6971-468c-b5c2-a3327d3314a9@group-E7E66FCECC5F, cid=139, SUCCESS, logIndex=89, commits[63509336-6971-468c-b5c2-a3327d3314a9:c91, d0f4f310-adcf-472e-8d2e-24726e34e188:c87, d088cbd8-ab6e-4439-8614-2e769fa95619:c87]
2019-07-16 14:18:22,007 INFO  client.GrpcClientProtocolClient (GrpcClientProtocolClient.java:onNext(255)) - client-537CEAD2113A->63509336-6971-468c-b5c2-a3327d3314a9: receive RaftClientReply:client-537CEAD2113A->63509336-6971-468c-b5c2-a3327d3314a9@group-E7E66FCECC5F, cid=140, SUCCESS, logIndex=90, commits[63509336-6971-468c-b5c2-a3327d3314a9:c91, d0f4f310-adcf-472e-8d2e-24726e34e188:c87, d088cbd8-ab6e-4439-8614-2e769fa95619:c87]
2019-07-16 14:18:22,008 INFO  client.GrpcClientProtocolClient (GrpcClientProtocolClient.java:onNext(255)) - client-537CEAD2113A->63509336-6971-468c-b5c2-a3327d3314a9: receive RaftClientReply:client-537CEAD2113A->63509336-6971-468c-b5c2-a3327d3314a9@group-E7E66FCECC5F, cid=141, SUCCESS, logIndex=91, commits[63509336-6971-468c-b5c2-a3327d3314a9:c92, d0f4f310-adcf-472e-8d2e-24726e34e188:c89, d088cbd8-ab6e-4439-8614-2e769fa95619:c89]
2019-07-16 14:18:22,031 INFO  client.GrpcClientProtocolClient (GrpcClientProtocolClient.java:onNext(255)) - client-537CEAD2113A->63509336-6971-468c-b5c2-a3327d3314a9: receive RaftClientReply:client-537CEAD2113A->63509336-6971-468c-b5c2-a3327d3314a9@group-E7E66FCECC5F, cid=142, SUCCESS, logIndex=96, commits[63509336-6971-468c-b5c2-a3327d3314a9:c97, d0f4f310-adcf-472e-8d2e-24726e34e188:c95, d088cbd8-ab6e-4439-8614-2e769fa95619:c95]
2019-07-16 14:18:22,032 INFO  client.GrpcClientProtocolClient (GrpcClientProtocolClient.java:onNext(255)) - client-537CEAD2113A->63509336-6971-468c-b5c2-a3327d3314a9: receive RaftClientReply:client-537CEAD2113A->63509336-6971-468c-b5c2-a3327d3314a9@group-E7E66FCECC5F, cid=143, SUCCESS, logIndex=97, commits[63509336-6971-468c-b5c2-a3327d3314a9:c97, d0f4f310-adcf-472e-8d2e-24726e34e188:c95, d088cbd8-ab6e-4439-8614-2e769fa95619:c95]
2019-07-16 14:18:22,627 INFO  client.GrpcClientProtocolClient (GrpcClientProtocolClient.java:onNext(255)) - client-537CEAD2113A->63509336-6971-468c-b5c2-a3327d3314a9: receive RaftClientReply:client-537CEAD2113A->63509336-6971-468c-b5c2-a3327d3314a9@group-E7E66FCECC5F, cid=144, SUCCESS, logIndex=100, commits[63509336-6971-468c-b5c2-a3327d3314a9:c101, d0f4f310-adcf-472e-8d2e-24726e34e188:c97, d088cbd8-ab6e-4439-8614-2e769fa95619:c97]
2019-07-16 14:18:22,627 INFO  client.GrpcClientProtocolClient (GrpcClientProtocolClient.java:onNext(255)) - client-537CEAD2113A->63509336-6971-468c-b5c2-a3327d3314a9: receive RaftClientReply:client-537CEAD2113A->63509336-6971-468c-b5c2-a3327d3314a9@group-E7E66FCECC5F, cid=145, SUCCESS, logIndex=101, commits[63509336-6971-468c-b5c2-a3327d3314a9:c101, d0f4f310-adcf-472e-8d2e-24726e34e188:c97, d088cbd8-ab6e-4439-8614-2e769fa95619:c97]
2019-07-16 14:18:22,639 INFO  client.GrpcClientProtocolClient (GrpcClientProtocolClient.java:onNext(255)) - client-537CEAD2113A->63509336-6971-468c-b5c2-a3327d3314a9: receive RaftClientReply:client-537CEAD2113A->63509336-6971-468c-b5c2-a3327d3314a9@group-E7E66FCECC5F, cid=146, SUCCESS, logIndex=0, commits[63509336-6971-468c-b5c2-a3327d3314a9:c102, d0f4f310-adcf-472e-8d2e-24726e34e188:c101, d088cbd8-ab6e-4439-8614-2e769fa95619:c101]
2019-07-16 14:18:22,643 INFO  container.CloseContainerEventHandler (CloseContainerEventHandler.java:onMessage(61)) - Close container Event triggered for container : #14
2019-07-16 14:18:22,644 INFO  container.CloseContainerEventHandler (CloseContainerEventHandler.java:onMessage(61)) - Close container Event triggered for container : #14
2019-07-16 14:18:22,644 INFO  container.CloseContainerEventHandler (CloseContainerEventHandler.java:onMessage(61)) - Close container Event triggered for container : #14
2019-07-16 14:18:22,644 INFO  container.CloseContainerEventHandler (CloseContainerEventHandler.java:onMessage(61)) - Close container Event triggered for container : #6
2019-07-16 14:18:22,644 INFO  container.CloseContainerEventHandler (CloseContainerEventHandler.java:onMessage(61)) - Close container Event triggered for container : #6
2019-07-16 14:18:22,645 INFO  container.CloseContainerEventHandler (CloseContainerEventHandler.java:onMessage(61)) - Close container Event triggered for container : #6
2019-07-16 14:18:22,645 INFO  container.CloseContainerEventHandler (CloseContainerEventHandler.java:onMessage(61)) - Close container Event triggered for container : #13
2019-07-16 14:18:22,645 INFO  container.CloseContainerEventHandler (CloseContainerEventHandler.java:onMessage(61)) - Close container Event triggered for container : #13
2019-07-16 14:18:22,645 INFO  container.CloseContainerEventHandler (CloseContainerEventHandler.java:onMessage(61)) - Close container Event triggered for container : #13
2019-07-16 14:18:22,750 INFO  client.GrpcClientProtocolClient (GrpcClientProtocolClient.java:onNext(255)) - client-A6FBEAEF407A->f8fbaaad-930e-4816-816b-7f6974359c03: receive RaftClientReply:client-A6FBEAEF407A->f8fbaaad-930e-4816-816b-7f6974359c03@group-35DFF6FDB14A, cid=147, SUCCESS, logIndex=120, commits[f8fbaaad-930e-4816-816b-7f6974359c03:c121, ba993f1d-0319-48bc-847d-c4a68c232f14:c119, 3ec2f160-0b4e-4f80-b066-2acb28417227:c119]
2019-07-16 14:18:22,794 INFO  client.GrpcClientProtocolClient (GrpcClientProtocolClient.java:onNext(255)) - client-A6FBEAEF407A->f8fbaaad-930e-4816-816b-7f6974359c03: receive RaftClientReply:client-A6FBEAEF407A->f8fbaaad-930e-4816-816b-7f6974359c03@group-35DFF6FDB14A, cid=148, SUCCESS, logIndex=121, commits[f8fbaaad-930e-4816-816b-7f6974359c03:c123, ba993f1d-0319-48bc-847d-c4a68c232f14:c121, 3ec2f160-0b4e-4f80-b066-2acb28417227:c121]
2019-07-16 14:18:22,964 INFO  interfaces.Container (KeyValueContainer.java:compactDB(356)) - Container 14 is closed with bcsId 67.
2019-07-16 14:18:22,981 INFO  interfaces.Container (KeyValueContainer.java:compactDB(356)) - Container 14 is closed with bcsId 67.
2019-07-16 14:18:22,981 INFO  interfaces.Container (KeyValueContainer.java:compactDB(356)) - Container 14 is closed with bcsId 67.
2019-07-16 14:18:22,997 INFO  interfaces.Container (KeyValueContainer.java:compactDB(356)) - Container 6 is closed with bcsId 85.
2019-07-16 14:18:23,007 INFO  interfaces.Container (KeyValueContainer.java:compactDB(356)) - Container 6 is closed with bcsId 85.
2019-07-16 14:18:23,036 INFO  interfaces.Container (KeyValueContainer.java:compactDB(356)) - Container 6 is closed with bcsId 85.
2019-07-16 14:18:23,054 INFO  interfaces.Container (KeyValueContainer.java:compactDB(356)) - Container 13 is closed with bcsId 101.
2019-07-16 14:18:23,056 INFO  interfaces.Container (KeyValueContainer.java:compactDB(356)) - Container 13 is closed with bcsId 101.
2019-07-16 14:18:23,073 INFO  interfaces.Container (KeyValueContainer.java:compactDB(356)) - Container 13 is closed with bcsId 101.
2019-07-16 14:18:23,144 INFO  container.CloseContainerEventHandler (CloseContainerEventHandler.java:onMessage(61)) - Close container Event triggered for container : #15
2019-07-16 14:18:23,144 INFO  container.CloseContainerEventHandler (CloseContainerEventHandler.java:onMessage(61)) - Close container Event triggered for container : #15
2019-07-16 14:18:23,144 INFO  container.CloseContainerEventHandler (CloseContainerEventHandler.java:onMessage(61)) - Close container Event triggered for container : #15
2019-07-16 14:18:24,804 INFO  interfaces.Container (KeyValueContainer.java:compactDB(356)) - Container 15 is closed with bcsId 121.
2019-07-16 14:18:24,819 INFO  interfaces.Container (KeyValueContainer.java:compactDB(356)) - Container 15 is closed with bcsId 121.
2019-07-16 14:18:24,832 INFO  interfaces.Container (KeyValueContainer.java:compactDB(356)) - Container 15 is closed with bcsId 121.
14:18:25.153 [grpc-default-executor-3] ERROR DNAudit - user=null | ip=null | op=WRITE_CHUNK {blockData=conID: 15 locID: 102451557261639706 bcsId: 121} | ret=FAILURE
org.apache.hadoop.hdds.scm.container.common.helpers.ContainerNotOpenException: Container 15 in CLOSED state
	at org.apache.hadoop.ozone.container.common.impl.HddsDispatcher.validateContainerCommand(HddsDispatcher.java:408) ~[hadoop-hdds-container-service-0.5.0-SNAPSHOT.jar:?]
	at org.apache.hadoop.ozone.container.common.transport.server.ratis.ContainerStateMachine.startTransaction(ContainerStateMachine.java:272) ~[hadoop-hdds-container-service-0.5.0-SNAPSHOT.jar:?]
	at org.apache.ratis.server.impl.RaftServerImpl.submitClientRequestAsync(RaftServerImpl.java:566) ~[ratis-server-0.4.0-2337318-SNAPSHOT.jar:0.4.0-2337318-SNAPSHOT]
	at org.apache.ratis.server.impl.RaftServerProxy.lambda$submitClientRequestAsync$7(RaftServerProxy.java:333) ~[ratis-server-0.4.0-2337318-SNAPSHOT.jar:0.4.0-2337318-SNAPSHOT]
	at org.apache.ratis.server.impl.RaftServerProxy.lambda$null$5(RaftServerProxy.java:328) ~[ratis-server-0.4.0-2337318-SNAPSHOT.jar:0.4.0-2337318-SNAPSHOT]
	at org.apache.ratis.util.JavaUtils.callAsUnchecked(JavaUtils.java:109) ~[ratis-common-0.4.0-2337318-SNAPSHOT.jar:0.4.0-2337318-SNAPSHOT]
	at org.apache.ratis.server.impl.RaftServerProxy.lambda$submitRequest$6(RaftServerProxy.java:328) ~[ratis-server-0.4.0-2337318-SNAPSHOT.jar:0.4.0-2337318-SNAPSHOT]
	at java.util.concurrent.CompletableFuture.uniComposeStage(CompletableFuture.java:981) ~[?:1.8.0_212]
	at java.util.concurrent.CompletableFuture.thenCompose(CompletableFuture.java:2124) ~[?:1.8.0_212]
	at org.apache.ratis.server.impl.RaftServerProxy.submitRequest(RaftServerProxy.java:327) ~[ratis-server-0.4.0-2337318-SNAPSHOT.jar:0.4.0-2337318-SNAPSHOT]
	at org.apache.ratis.server.impl.RaftServerProxy.submitClientRequestAsync(RaftServerProxy.java:333) ~[ratis-server-0.4.0-2337318-SNAPSHOT.jar:0.4.0-2337318-SNAPSHOT]
	at org.apache.ratis.grpc.client.GrpcClientProtocolService$RequestStreamObserver.processClientRequest(GrpcClientProtocolService.java:220) ~[ratis-grpc-0.4.0-2337318-SNAPSHOT.jar:0.4.0-2337318-SNAPSHOT]
	at org.apache.ratis.grpc.client.GrpcClientProtocolService$OrderedRequestStreamObserver.processClientRequest(GrpcClientProtocolService.java:326) ~[ratis-grpc-0.4.0-2337318-SNAPSHOT.jar:0.4.0-2337318-SNAPSHOT]
	at org.apache.ratis.util.SlidingWindow$Server.processRequestsFromHead(SlidingWindow.java:429) [ratis-common-0.4.0-2337318-SNAPSHOT.jar:0.4.0-2337318-SNAPSHOT]
	at org.apache.ratis.util.SlidingWindow$Server.receivedRequest(SlidingWindow.java:421) [ratis-common-0.4.0-2337318-SNAPSHOT.jar:0.4.0-2337318-SNAPSHOT]
	at org.apache.ratis.grpc.client.GrpcClientProtocolService$OrderedRequestStreamObserver.processClientRequest(GrpcClientProtocolService.java:345) [ratis-grpc-0.4.0-2337318-SNAPSHOT.jar:0.4.0-2337318-SNAPSHOT]
	at org.apache.ratis.grpc.client.GrpcClientProtocolService$RequestStreamObserver.onNext(GrpcClientProtocolService.java:240) [ratis-grpc-0.4.0-2337318-SNAPSHOT.jar:0.4.0-2337318-SNAPSHOT]
	at org.apache.ratis.grpc.client.GrpcClientProtocolService$RequestStreamObserver.onNext(GrpcClientProtocolService.java:168) [ratis-grpc-0.4.0-2337318-SNAPSHOT.jar:0.4.0-2337318-SNAPSHOT]
	at org.apache.ratis.thirdparty.io.grpc.stub.ServerCalls$StreamingServerCallHandler$StreamingServerCallListener.onMessage(ServerCalls.java:248) [ratis-thirdparty-misc-0.2.0.jar:0.2.0]
	at org.apache.ratis.thirdparty.io.grpc.internal.ServerCallImpl$ServerStreamListenerImpl.messagesAvailable(ServerCallImpl.java:263) [ratis-thirdparty-misc-0.2.0.jar:0.2.0]
	at org.apache.ratis.thirdparty.io.grpc.internal.ServerImpl$JumpToApplicationThreadServerStreamListener$1MessagesAvailable.runInContext(ServerImpl.java:686) [ratis-thirdparty-misc-0.2.0.jar:0.2.0]
	at org.apache.ratis.thirdparty.io.grpc.internal.ContextRunnable.run(ContextRunnable.java:37) [ratis-thirdparty-misc-0.2.0.jar:0.2.0]
	at org.apache.ratis.thirdparty.io.grpc.internal.SerializingExecutor.run(SerializingExecutor.java:123) [ratis-thirdparty-misc-0.2.0.jar:0.2.0]
	at java.util.concurrent.ThreadPoolExecutor.runWorker(ThreadPoolExecutor.java:1149) [?:1.8.0_212]
	at java.util.concurrent.ThreadPoolExecutor$Worker.run(ThreadPoolExecutor.java:624) [?:1.8.0_212]
	at java.lang.Thread.run(Thread.java:748) [?:1.8.0_212]
14:18:25.156 [grpc-default-executor-3] ERROR DNAudit - user=null | ip=null | op=PUT_BLOCK {blockData=[blockId=conID: 15 locID: 102451557261639706 bcsId: 0,size=2097152]} | ret=FAILURE
org.apache.hadoop.hdds.scm.container.common.helpers.ContainerNotOpenException: Container 15 in CLOSED state
	at org.apache.hadoop.ozone.container.common.impl.HddsDispatcher.validateContainerCommand(HddsDispatcher.java:408) ~[hadoop-hdds-container-service-0.5.0-SNAPSHOT.jar:?]
	at org.apache.hadoop.ozone.container.common.transport.server.ratis.ContainerStateMachine.startTransaction(ContainerStateMachine.java:272) ~[hadoop-hdds-container-service-0.5.0-SNAPSHOT.jar:?]
	at org.apache.ratis.server.impl.RaftServerImpl.submitClientRequestAsync(RaftServerImpl.java:566) ~[ratis-server-0.4.0-2337318-SNAPSHOT.jar:0.4.0-2337318-SNAPSHOT]
	at org.apache.ratis.server.impl.RaftServerProxy.lambda$submitClientRequestAsync$7(RaftServerProxy.java:333) ~[ratis-server-0.4.0-2337318-SNAPSHOT.jar:0.4.0-2337318-SNAPSHOT]
	at org.apache.ratis.server.impl.RaftServerProxy.lambda$null$5(RaftServerProxy.java:328) ~[ratis-server-0.4.0-2337318-SNAPSHOT.jar:0.4.0-2337318-SNAPSHOT]
	at org.apache.ratis.util.JavaUtils.callAsUnchecked(JavaUtils.java:109) ~[ratis-common-0.4.0-2337318-SNAPSHOT.jar:0.4.0-2337318-SNAPSHOT]
	at org.apache.ratis.server.impl.RaftServerProxy.lambda$submitRequest$6(RaftServerProxy.java:328) ~[ratis-server-0.4.0-2337318-SNAPSHOT.jar:0.4.0-2337318-SNAPSHOT]
	at java.util.concurrent.CompletableFuture.uniComposeStage(CompletableFuture.java:981) ~[?:1.8.0_212]
	at java.util.concurrent.CompletableFuture.thenCompose(CompletableFuture.java:2124) ~[?:1.8.0_212]
	at org.apache.ratis.server.impl.RaftServerProxy.submitRequest(RaftServerProxy.java:327) ~[ratis-server-0.4.0-2337318-SNAPSHOT.jar:0.4.0-2337318-SNAPSHOT]
	at org.apache.ratis.server.impl.RaftServerProxy.submitClientRequestAsync(RaftServerProxy.java:333) ~[ratis-server-0.4.0-2337318-SNAPSHOT.jar:0.4.0-2337318-SNAPSHOT]
	at org.apache.ratis.grpc.client.GrpcClientProtocolService$RequestStreamObserver.processClientRequest(GrpcClientProtocolService.java:220) ~[ratis-grpc-0.4.0-2337318-SNAPSHOT.jar:0.4.0-2337318-SNAPSHOT]
	at org.apache.ratis.grpc.client.GrpcClientProtocolService$OrderedRequestStreamObserver.processClientRequest(GrpcClientProtocolService.java:326) ~[ratis-grpc-0.4.0-2337318-SNAPSHOT.jar:0.4.0-2337318-SNAPSHOT]
	at org.apache.ratis.util.SlidingWindow$Server.processRequestsFromHead(SlidingWindow.java:429) [ratis-common-0.4.0-2337318-SNAPSHOT.jar:0.4.0-2337318-SNAPSHOT]
	at org.apache.ratis.util.SlidingWindow$Server.receivedRequest(SlidingWindow.java:421) [ratis-common-0.4.0-2337318-SNAPSHOT.jar:0.4.0-2337318-SNAPSHOT]
	at org.apache.ratis.grpc.client.GrpcClientProtocolService$OrderedRequestStreamObserver.processClientRequest(GrpcClientProtocolService.java:345) [ratis-grpc-0.4.0-2337318-SNAPSHOT.jar:0.4.0-2337318-SNAPSHOT]
	at org.apache.ratis.grpc.client.GrpcClientProtocolService$RequestStreamObserver.onNext(GrpcClientProtocolService.java:240) [ratis-grpc-0.4.0-2337318-SNAPSHOT.jar:0.4.0-2337318-SNAPSHOT]
	at org.apache.ratis.grpc.client.GrpcClientProtocolService$RequestStreamObserver.onNext(GrpcClientProtocolService.java:168) [ratis-grpc-0.4.0-2337318-SNAPSHOT.jar:0.4.0-2337318-SNAPSHOT]
	at org.apache.ratis.thirdparty.io.grpc.stub.ServerCalls$StreamingServerCallHandler$StreamingServerCallListener.onMessage(ServerCalls.java:248) [ratis-thirdparty-misc-0.2.0.jar:0.2.0]
	at org.apache.ratis.thirdparty.io.grpc.internal.ServerCallImpl$ServerStreamListenerImpl.messagesAvailable(ServerCallImpl.java:263) [ratis-thirdparty-misc-0.2.0.jar:0.2.0]
	at org.apache.ratis.thirdparty.io.grpc.internal.ServerImpl$JumpToApplicationThreadServerStreamListener$1MessagesAvailable.runInContext(ServerImpl.java:686) [ratis-thirdparty-misc-0.2.0.jar:0.2.0]
	at org.apache.ratis.thirdparty.io.grpc.internal.ContextRunnable.run(ContextRunnable.java:37) [ratis-thirdparty-misc-0.2.0.jar:0.2.0]
	at org.apache.ratis.thirdparty.io.grpc.internal.SerializingExecutor.run(SerializingExecutor.java:123) [ratis-thirdparty-misc-0.2.0.jar:0.2.0]
	at java.util.concurrent.ThreadPoolExecutor.runWorker(ThreadPoolExecutor.java:1149) [?:1.8.0_212]
	at java.util.concurrent.ThreadPoolExecutor$Worker.run(ThreadPoolExecutor.java:624) [?:1.8.0_212]
	at java.lang.Thread.run(Thread.java:748) [?:1.8.0_212]
2019-07-16 14:18:25,172 INFO  client.GrpcClientProtocolClient (GrpcClientProtocolClient.java:onNext(255)) - client-A6FBEAEF407A->f8fbaaad-930e-4816-816b-7f6974359c03: receive RaftClientReply:client-A6FBEAEF407A->f8fbaaad-930e-4816-816b-7f6974359c03@group-35DFF6FDB14A, cid=149, FAILED org.apache.ratis.protocol.StateMachineException: org.apache.hadoop.hdds.scm.container.common.helpers.ContainerNotOpenException from Server f8fbaaad-930e-4816-816b-7f6974359c03: Container 15 in CLOSED state, logIndex=0, commits[f8fbaaad-930e-4816-816b-7f6974359c03:c125, ba993f1d-0319-48bc-847d-c4a68c232f14:c124, 3ec2f160-0b4e-4f80-b066-2acb28417227:c124]
2019-07-16 14:18:25,173 INFO  client.GrpcClientProtocolClient (GrpcClientProtocolClient.java:onNext(255)) - client-A6FBEAEF407A->f8fbaaad-930e-4816-816b-7f6974359c03: receive RaftClientReply:client-A6FBEAEF407A->f8fbaaad-930e-4816-816b-7f6974359c03@group-35DFF6FDB14A, cid=150, FAILED org.apache.ratis.protocol.StateMachineException: org.apache.hadoop.hdds.scm.container.common.helpers.ContainerNotOpenException from Server f8fbaaad-930e-4816-816b-7f6974359c03: Container 15 in CLOSED state, logIndex=0, commits[f8fbaaad-930e-4816-816b-7f6974359c03:c125, ba993f1d-0319-48bc-847d-c4a68c232f14:c124, 3ec2f160-0b4e-4f80-b066-2acb28417227:c124]
2019-07-16 14:18:25,280 INFO  client.GrpcClientProtocolClient (GrpcClientProtocolClient.java:onNext(255)) - client-A6FBEAEF407A->f8fbaaad-930e-4816-816b-7f6974359c03: receive RaftClientReply:client-A6FBEAEF407A->f8fbaaad-930e-4816-816b-7f6974359c03@group-35DFF6FDB14A, cid=151, SUCCESS, logIndex=126, commits[f8fbaaad-930e-4816-816b-7f6974359c03:c129, ba993f1d-0319-48bc-847d-c4a68c232f14:c125, 3ec2f160-0b4e-4f80-b066-2acb28417227:c125]
2019-07-16 14:18:25,325 INFO  client.GrpcClientProtocolClient (GrpcClientProtocolClient.java:onNext(255)) - client-A6FBEAEF407A->f8fbaaad-930e-4816-816b-7f6974359c03: receive RaftClientReply:client-A6FBEAEF407A->f8fbaaad-930e-4816-816b-7f6974359c03@group-35DFF6FDB14A, cid=152, SUCCESS, logIndex=127, commits[f8fbaaad-930e-4816-816b-7f6974359c03:c133, ba993f1d-0319-48bc-847d-c4a68c232f14:c129, 3ec2f160-0b4e-4f80-b066-2acb28417227:c129]
2019-07-16 14:18:25,325 INFO  client.GrpcClientProtocolClient (GrpcClientProtocolClient.java:onNext(255)) - client-A6FBEAEF407A->f8fbaaad-930e-4816-816b-7f6974359c03: receive RaftClientReply:client-A6FBEAEF407A->f8fbaaad-930e-4816-816b-7f6974359c03@group-35DFF6FDB14A, cid=153, SUCCESS, logIndex=128, commits[f8fbaaad-930e-4816-816b-7f6974359c03:c133, ba993f1d-0319-48bc-847d-c4a68c232f14:c129, 3ec2f160-0b4e-4f80-b066-2acb28417227:c129]
2019-07-16 14:18:25,437 INFO  client.GrpcClientProtocolClient (GrpcClientProtocolClient.java:onNext(255)) - client-A6FBEAEF407A->f8fbaaad-930e-4816-816b-7f6974359c03: receive RaftClientReply:client-A6FBEAEF407A->f8fbaaad-930e-4816-816b-7f6974359c03@group-35DFF6FDB14A, cid=154, SUCCESS, logIndex=129, commits[f8fbaaad-930e-4816-816b-7f6974359c03:c133, ba993f1d-0319-48bc-847d-c4a68c232f14:c129, 3ec2f160-0b4e-4f80-b066-2acb28417227:c129]
2019-07-16 14:18:25,464 INFO  client.GrpcClientProtocolClient (GrpcClientProtocolClient.java:onNext(255)) - client-A6FBEAEF407A->f8fbaaad-930e-4816-816b-7f6974359c03: receive RaftClientReply:client-A6FBEAEF407A->f8fbaaad-930e-4816-816b-7f6974359c03@group-35DFF6FDB14A, cid=155, SUCCESS, logIndex=134, commits[f8fbaaad-930e-4816-816b-7f6974359c03:c135, ba993f1d-0319-48bc-847d-c4a68c232f14:c133, 3ec2f160-0b4e-4f80-b066-2acb28417227:c133]
2019-07-16 14:18:25,464 INFO  client.GrpcClientProtocolClient (GrpcClientProtocolClient.java:onNext(255)) - client-A6FBEAEF407A->f8fbaaad-930e-4816-816b-7f6974359c03: receive RaftClientReply:client-A6FBEAEF407A->f8fbaaad-930e-4816-816b-7f6974359c03@group-35DFF6FDB14A, cid=156, SUCCESS, logIndex=135, commits[f8fbaaad-930e-4816-816b-7f6974359c03:c135, ba993f1d-0319-48bc-847d-c4a68c232f14:c133, 3ec2f160-0b4e-4f80-b066-2acb28417227:c133]
2019-07-16 14:18:25,475 INFO  client.GrpcClientProtocolClient (GrpcClientProtocolClient.java:onNext(255)) - client-A6FBEAEF407A->f8fbaaad-930e-4816-816b-7f6974359c03: receive RaftClientReply:client-A6FBEAEF407A->f8fbaaad-930e-4816-816b-7f6974359c03@group-35DFF6FDB14A, cid=157, SUCCESS, logIndex=0, commits[f8fbaaad-930e-4816-816b-7f6974359c03:c136, ba993f1d-0319-48bc-847d-c4a68c232f14:c135, 3ec2f160-0b4e-4f80-b066-2acb28417227:c135]
2019-07-16 14:18:25,502 INFO  pipeline.Pipeline (Pipeline.java:getProtobufMessage(195)) - Serialize pipeline PipelineID=ffe7e0dd-2665-4af7-9542-35dff6fdb14a with nodesInOrder{ }
]]></system-out>
  </testcase>
  <testcase name="testDiscardPreallocatedBlocks" classname="org.apache.hadoop.ozone.client.rpc.TestCloseContainerHandlingByClient" time="0">
    <skipped/>
  </testcase>
</testsuite>