<?xml version="1.0" encoding="UTF-8"?>
<testsuite xmlns:xsi="http://www.w3.org/2001/XMLSchema-instance" xsi:noNamespaceSchemaLocation="https://maven.apache.org/surefire/maven-surefire-plugin/xsd/surefire-test-report.xsd" name="org.apache.hadoop.ozone.client.rpc.TestWatchForCommit" time="187.42" tests="6" errors="3" skipped="0" failures="0">
  <properties>
    <property name="awt.toolkit" value="sun.awt.X11.XToolkit"/>
    <property name="file.encoding.pkg" value="sun.io"/>
    <property name="java.specification.version" value="1.8"/>
    <property name="sun.cpu.isalist" value=""/>
    <property name="sun.jnu.encoding" value="UTF-8"/>
    <property name="java.class.path" value="/workdir/hadoop-ozone/integration-test/target/test-classes:/workdir/hadoop-ozone/integration-test/target/classes:/home/user/.m2/repository/org/apache/hadoop/hadoop-ozone-common/0.5.0-SNAPSHOT/hadoop-ozone-common-0.5.0-SNAPSHOT.jar:/home/user/.m2/repository/org/apache/commons/commons-compress/1.4.1/commons-compress-1.4.1.jar:/home/user/.m2/repository/org/tukaani/xz/1.0/xz-1.0.jar:/home/user/.m2/repository/org/apache/hadoop/hadoop-common/3.2.0/hadoop-common-3.2.0.jar:/home/user/.m2/repository/org/apache/hadoop/hadoop-hdfs/3.2.0/hadoop-hdfs-3.2.0.jar:/home/user/.m2/repository/org/apache/hadoop/hadoop-hdfs-client/3.2.0/hadoop-hdfs-client-3.2.0.jar:/home/user/.m2/repository/com/fasterxml/jackson/core/jackson-annotations/2.9.5/jackson-annotations-2.9.5.jar:/home/user/.m2/repository/org/apache/hadoop/hadoop-hdds-common/0.5.0-SNAPSHOT/hadoop-hdds-common-0.5.0-SNAPSHOT.jar:/home/user/.m2/repository/javax/annotation/javax.annotation-api/1.2/javax.annotation-api-1.2.jar:/home/user/.m2/repository/org/apache/ratis/ratis-server/0.4.0-2337318-SNAPSHOT/ratis-server-0.4.0-2337318-SNAPSHOT.jar:/home/user/.m2/repository/org/apache/ratis/ratis-thirdparty-misc/0.2.0/ratis-thirdparty-misc-0.2.0.jar:/home/user/.m2/repository/org/apache/ratis/ratis-proto/0.4.0-2337318-SNAPSHOT/ratis-proto-0.4.0-2337318-SNAPSHOT.jar:/home/user/.m2/repository/org/apache/ratis/ratis-common/0.4.0-2337318-SNAPSHOT/ratis-common-0.4.0-2337318-SNAPSHOT.jar:/home/user/.m2/repository/org/apache/ratis/ratis-client/0.4.0-2337318-SNAPSHOT/ratis-client-0.4.0-2337318-SNAPSHOT.jar:/home/user/.m2/repository/org/apache/ratis/ratis-metrics/0.4.0-2337318-SNAPSHOT/ratis-metrics-0.4.0-2337318-SNAPSHOT.jar:/home/user/.m2/repository/org/apache/ratis/ratis-netty/0.4.0-2337318-SNAPSHOT/ratis-netty-0.4.0-2337318-SNAPSHOT.jar:/home/user/.m2/repository/org/apache/ratis/ratis-grpc/0.4.0-2337318-SNAPSHOT/ratis-grpc-0.4.0-2337318-SNAPSHOT.jar:/home/user/.m2/repository/org/rocksdb/rocksdbjni/6.0.1/rocksdbjni-6.0.1.jar:/home/user/.m2/repository/org/apache/logging/log4j/log4j-api/2.11.0/log4j-api-2.11.0.jar:/home/user/.m2/repository/org/apache/logging/log4j/log4j-core/2.11.0/log4j-core-2.11.0.jar:/home/user/.m2/repository/com/lmax/disruptor/3.4.2/disruptor-3.4.2.jar:/home/user/.m2/repository/org/apache/commons/commons-pool2/2.6.0/commons-pool2-2.6.0.jar:/home/user/.m2/repository/org/bouncycastle/bcpkix-jdk15on/1.60/bcpkix-jdk15on-1.60.jar:/home/user/.m2/repository/commons-validator/commons-validator/1.6/commons-validator-1.6.jar:/home/user/.m2/repository/commons-digester/commons-digester/1.8.1/commons-digester-1.8.1.jar:/home/user/.m2/repository/io/jaegertracing/jaeger-client/0.33.1/jaeger-client-0.33.1.jar:/home/user/.m2/repository/io/jaegertracing/jaeger-thrift/0.33.1/jaeger-thrift-0.33.1.jar:/home/user/.m2/repository/org/apache/thrift/libthrift/0.11.0/libthrift-0.11.0.jar:/home/user/.m2/repository/com/squareup/okhttp3/okhttp/3.9.0/okhttp-3.9.0.jar:/home/user/.m2/repository/com/squareup/okio/okio/1.13.0/okio-1.13.0.jar:/home/user/.m2/repository/io/jaegertracing/jaeger-core/0.33.1/jaeger-core-0.33.1.jar:/home/user/.m2/repository/io/jaegertracing/jaeger-tracerresolver/0.33.1/jaeger-tracerresolver-0.33.1.jar:/home/user/.m2/repository/io/opentracing/contrib/opentracing-tracerresolver/0.1.5/opentracing-tracerresolver-0.1.5.jar:/home/user/.m2/repository/io/opentracing/opentracing-util/0.31.0/opentracing-util-0.31.0.jar:/home/user/.m2/repository/io/opentracing/opentracing-api/0.31.0/opentracing-api-0.31.0.jar:/home/user/.m2/repository/io/opentracing/opentracing-noop/0.31.0/opentracing-noop-0.31.0.jar:/home/user/.m2/repository/org/apache/hadoop/hadoop-hdds-server-framework/0.5.0-SNAPSHOT/hadoop-hdds-server-framework-0.5.0-SNAPSHOT.jar:/home/user/.m2/repository/org/apache/hadoop/hadoop-hdds-container-service/0.5.0-SNAPSHOT/hadoop-hdds-container-service-0.5.0-SNAPSHOT.jar:/home/user/.m2/repository/org/apache/hadoop/hadoop-hdds-client/0.5.0-SNAPSHOT/hadoop-hdds-client-0.5.0-SNAPSHOT.jar:/home/user/.m2/repository/org/apache/hadoop/hadoop-hdds-tools/0.5.0-SNAPSHOT/hadoop-hdds-tools-0.5.0-SNAPSHOT.jar:/home/user/.m2/repository/org/apache/hadoop/hadoop-hdds-server-scm/0.5.0-SNAPSHOT/hadoop-hdds-server-scm-0.5.0-SNAPSHOT.jar:/home/user/.m2/repository/org/apache/hadoop/hadoop-hdds-docs/0.5.0-SNAPSHOT/hadoop-hdds-docs-0.5.0-SNAPSHOT.jar:/home/user/.m2/repository/io/dropwizard/metrics/metrics-core/3.2.4/metrics-core-3.2.4.jar:/home/user/.m2/repository/org/hamcrest/hamcrest-all/1.3/hamcrest-all-1.3.jar:/home/user/.m2/repository/org/bouncycastle/bcprov-jdk15on/1.60/bcprov-jdk15on-1.60.jar:/home/user/.m2/repository/info/picocli/picocli/3.9.6/picocli-3.9.6.jar:/home/user/.m2/repository/com/google/protobuf/protobuf-java/2.5.0/protobuf-java-2.5.0.jar:/home/user/.m2/repository/com/google/guava/guava/11.0.2/guava-11.0.2.jar:/home/user/.m2/repository/org/apache/hadoop/hadoop-ozone-ozone-manager/0.5.0-SNAPSHOT/hadoop-ozone-ozone-manager-0.5.0-SNAPSHOT.jar:/home/user/.m2/repository/org/apache/hadoop/hadoop-minikdc/3.2.0/hadoop-minikdc-3.2.0.jar:/home/user/.m2/repository/commons-io/commons-io/2.5/commons-io-2.5.jar:/home/user/.m2/repository/org/apache/kerby/kerb-simplekdc/1.0.1/kerb-simplekdc-1.0.1.jar:/home/user/.m2/repository/org/apache/kerby/kerb-client/1.0.1/kerb-client-1.0.1.jar:/home/user/.m2/repository/org/apache/kerby/kerby-config/1.0.1/kerby-config-1.0.1.jar:/home/user/.m2/repository/org/apache/kerby/kerb-core/1.0.1/kerb-core-1.0.1.jar:/home/user/.m2/repository/org/apache/kerby/kerby-pkix/1.0.1/kerby-pkix-1.0.1.jar:/home/user/.m2/repository/org/apache/kerby/kerby-asn1/1.0.1/kerby-asn1-1.0.1.jar:/home/user/.m2/repository/org/apache/kerby/kerby-util/1.0.1/kerby-util-1.0.1.jar:/home/user/.m2/repository/org/apache/kerby/kerb-common/1.0.1/kerb-common-1.0.1.jar:/home/user/.m2/repository/org/apache/kerby/kerb-crypto/1.0.1/kerb-crypto-1.0.1.jar:/home/user/.m2/repository/org/apache/kerby/kerb-util/1.0.1/kerb-util-1.0.1.jar:/home/user/.m2/repository/org/apache/kerby/token-provider/1.0.1/token-provider-1.0.1.jar:/home/user/.m2/repository/org/apache/kerby/kerb-admin/1.0.1/kerb-admin-1.0.1.jar:/home/user/.m2/repository/org/apache/kerby/kerb-server/1.0.1/kerb-server-1.0.1.jar:/home/user/.m2/repository/org/apache/kerby/kerb-identity/1.0.1/kerb-identity-1.0.1.jar:/home/user/.m2/repository/org/apache/kerby/kerby-xdr/1.0.1/kerby-xdr-1.0.1.jar:/home/user/.m2/repository/org/slf4j/slf4j-log4j12/1.7.25/slf4j-log4j12-1.7.25.jar:/home/user/.m2/repository/org/apache/hadoop/hadoop-ozone-objectstore-service/0.5.0-SNAPSHOT/hadoop-ozone-objectstore-service-0.5.0-SNAPSHOT.jar:/home/user/.m2/repository/org/apache/hadoop/hadoop-ozone-s3gateway/0.5.0-SNAPSHOT/hadoop-ozone-s3gateway-0.5.0-SNAPSHOT.jar:/home/user/.m2/repository/org/jboss/weld/servlet/weld-servlet/2.4.7.Final/weld-servlet-2.4.7.Final.jar:/home/user/.m2/repository/org/glassfish/jersey/containers/jersey-container-servlet-core/2.27/jersey-container-servlet-core-2.27.jar:/home/user/.m2/repository/org/glassfish/hk2/external/javax.inject/2.5.0-b42/javax.inject-2.5.0-b42.jar:/home/user/.m2/repository/org/glassfish/jersey/core/jersey-common/2.27/jersey-common-2.27.jar:/home/user/.m2/repository/org/glassfish/hk2/osgi-resource-locator/1.0.1/osgi-resource-locator-1.0.1.jar:/home/user/.m2/repository/javax/ws/rs/javax.ws.rs-api/2.1/javax.ws.rs-api-2.1.jar:/home/user/.m2/repository/org/glassfish/jersey/ext/cdi/jersey-cdi1x/2.27/jersey-cdi1x-2.27.jar:/home/user/.m2/repository/org/glassfish/jersey/inject/jersey-hk2/2.27/jersey-hk2-2.27.jar:/home/user/.m2/repository/org/glassfish/hk2/hk2-locator/2.5.0-b42/hk2-locator-2.5.0-b42.jar:/home/user/.m2/repository/org/javassist/javassist/3.22.0-CR2/javassist-3.22.0-CR2.jar:/home/user/.m2/repository/org/glassfish/hk2/hk2-api/2.5.0/hk2-api-2.5.0.jar:/home/user/.m2/repository/org/glassfish/hk2/external/jakarta.inject/2.5.0/jakarta.inject-2.5.0.jar:/home/user/.m2/repository/org/glassfish/hk2/hk2-utils/2.5.0/hk2-utils-2.5.0.jar:/home/user/.m2/repository/jakarta/annotation/jakarta.annotation-api/1.3.4/jakarta.annotation-api-1.3.4.jar:/home/user/.m2/repository/org/glassfish/hk2/external/aopalliance-repackaged/2.5.0/aopalliance-repackaged-2.5.0.jar:/home/user/.m2/repository/com/fasterxml/jackson/dataformat/jackson-dataformat-xml/2.9.0/jackson-dataformat-xml-2.9.0.jar:/home/user/.m2/repository/com/fasterxml/jackson/core/jackson-core/2.9.5/jackson-core-2.9.5.jar:/home/user/.m2/repository/com/fasterxml/jackson/module/jackson-module-jaxb-annotations/2.9.5/jackson-module-jaxb-annotations-2.9.5.jar:/home/user/.m2/repository/javax/enterprise/cdi-api/1.2/cdi-api-1.2.jar:/home/user/.m2/repository/javax/el/javax.el-api/3.0.0/javax.el-api-3.0.0.jar:/home/user/.m2/repository/javax/interceptor/javax.interceptor-api/1.2/javax.interceptor-api-1.2.jar:/home/user/.m2/repository/javax/inject/javax.inject/1/javax.inject-1.jar:/home/user/.m2/repository/com/sun/xml/bind/jaxb-impl/2.3.0.1/jaxb-impl-2.3.0.1.jar:/home/user/.m2/repository/com/sun/xml/bind/jaxb-core/2.3.0.1/jaxb-core-2.3.0.1.jar:/home/user/.m2/repository/javax/xml/bind/jaxb-api/2.3.0/jaxb-api-2.3.0.jar:/home/user/.m2/repository/javax/activation/activation/1.1.1/activation-1.1.1.jar:/home/user/.m2/repository/org/apache/hadoop/hadoop-ozone-csi/0.5.0-SNAPSHOT/hadoop-ozone-csi-0.5.0-SNAPSHOT.jar:/home/user/.m2/repository/com/google/protobuf/protobuf-java-util/3.5.1/protobuf-java-util-3.5.1.jar:/home/user/.m2/repository/org/apache/hadoop/hadoop-hdds-config/0.5.0-SNAPSHOT/hadoop-hdds-config-0.5.0-SNAPSHOT.jar:/home/user/.m2/repository/io/grpc/grpc-netty/1.17.1/grpc-netty-1.17.1.jar:/home/user/.m2/repository/io/grpc/grpc-core/1.17.1/grpc-core-1.17.1.jar:/home/user/.m2/repository/io/grpc/grpc-context/1.17.1/grpc-context-1.17.1.jar:/home/user/.m2/repository/com/google/errorprone/error_prone_annotations/2.2.0/error_prone_annotations-2.2.0.jar:/home/user/.m2/repository/org/codehaus/mojo/animal-sniffer-annotations/1.17/animal-sniffer-annotations-1.17.jar:/home/user/.m2/repository/io/opencensus/opencensus-api/0.17.0/opencensus-api-0.17.0.jar:/home/user/.m2/repository/io/opencensus/opencensus-contrib-grpc-metrics/0.17.0/opencensus-contrib-grpc-metrics-0.17.0.jar:/home/user/.m2/repository/io/netty/netty-codec-http2/4.1.30.Final/netty-codec-http2-4.1.30.Final.jar:/home/user/.m2/repository/io/netty/netty-codec-http/4.1.30.Final/netty-codec-http-4.1.30.Final.jar:/home/user/.m2/repository/io/netty/netty-codec/4.1.30.Final/netty-codec-4.1.30.Final.jar:/home/user/.m2/repository/io/netty/netty-handler/4.1.30.Final/netty-handler-4.1.30.Final.jar:/home/user/.m2/repository/io/netty/netty-handler-proxy/4.1.30.Final/netty-handler-proxy-4.1.30.Final.jar:/home/user/.m2/repository/io/netty/netty-codec-socks/4.1.30.Final/netty-codec-socks-4.1.30.Final.jar:/home/user/.m2/repository/io/netty/netty-transport-native-epoll/4.1.30.Final/netty-transport-native-epoll-4.1.30.Final.jar:/home/user/.m2/repository/io/netty/netty-common/4.1.30.Final/netty-common-4.1.30.Final.jar:/home/user/.m2/repository/io/netty/netty-buffer/4.1.30.Final/netty-buffer-4.1.30.Final.jar:/home/user/.m2/repository/io/netty/netty-transport/4.1.30.Final/netty-transport-4.1.30.Final.jar:/home/user/.m2/repository/io/netty/netty-resolver/4.1.30.Final/netty-resolver-4.1.30.Final.jar:/home/user/.m2/repository/io/netty/netty-transport-native-unix-common/4.1.30.Final/netty-transport-native-unix-common-4.1.30.Final.jar:/home/user/.m2/repository/io/grpc/grpc-protobuf/1.17.1/grpc-protobuf-1.17.1.jar:/home/user/.m2/repository/com/google/api/grpc/proto-google-common-protos/1.0.0/proto-google-common-protos-1.0.0.jar:/home/user/.m2/repository/io/grpc/grpc-protobuf-lite/1.17.1/grpc-protobuf-lite-1.17.1.jar:/home/user/.m2/repository/io/grpc/grpc-stub/1.17.1/grpc-stub-1.17.1.jar:/home/user/.m2/repository/org/apache/hadoop/hadoop-ozone-recon/0.5.0-SNAPSHOT/hadoop-ozone-recon-0.5.0-SNAPSHOT.jar:/home/user/.m2/repository/org/apache/hadoop/hadoop-ozone-reconcodegen/0.5.0-SNAPSHOT/hadoop-ozone-reconcodegen-0.5.0-SNAPSHOT.jar:/home/user/.m2/repository/com/google/inject/extensions/guice-multibindings/4.0/guice-multibindings-4.0.jar:/home/user/.m2/repository/com/google/inject/guice/4.0/guice-4.0.jar:/home/user/.m2/repository/aopalliance/aopalliance/1.0/aopalliance-1.0.jar:/home/user/.m2/repository/com/google/inject/extensions/guice-servlet/4.0/guice-servlet-4.0.jar:/home/user/.m2/repository/org/glassfish/jersey/containers/jersey-container-servlet/2.27/jersey-container-servlet-2.27.jar:/home/user/.m2/repository/org/glassfish/hk2/guice-bridge/2.5.0/guice-bridge-2.5.0.jar:/home/user/.m2/repository/org/glassfish/jersey/core/jersey-server/2.27/jersey-server-2.27.jar:/home/user/.m2/repository/org/glassfish/jersey/core/jersey-client/2.27/jersey-client-2.27.jar:/home/user/.m2/repository/org/glassfish/jersey/media/jersey-media-jaxb/2.27/jersey-media-jaxb-2.27.jar:/home/user/.m2/repository/javax/validation/validation-api/1.1.0.Final/validation-api-1.1.0.Final.jar:/home/user/.m2/repository/org/glassfish/jersey/media/jersey-media-json-jackson/2.27/jersey-media-json-jackson-2.27.jar:/home/user/.m2/repository/org/glassfish/jersey/ext/jersey-entity-filtering/2.27/jersey-entity-filtering-2.27.jar:/home/user/.m2/repository/com/google/inject/extensions/guice-assistedinject/4.0/guice-assistedinject-4.0.jar:/home/user/.m2/repository/org/jooq/jooq/3.11.10/jooq-3.11.10.jar:/home/user/.m2/repository/org/jooq/jooq-meta/3.11.10/jooq-meta-3.11.10.jar:/home/user/.m2/repository/org/jooq/jooq-codegen/3.11.10/jooq-codegen-3.11.10.jar:/home/user/.m2/repository/com/jolbox/bonecp/0.8.0.RELEASE/bonecp-0.8.0.RELEASE.jar:/home/user/.m2/repository/org/xerial/sqlite-jdbc/3.25.2/sqlite-jdbc-3.25.2.jar:/home/user/.m2/repository/org/springframework/spring-jdbc/5.1.3.RELEASE/spring-jdbc-5.1.3.RELEASE.jar:/home/user/.m2/repository/org/springframework/spring-beans/5.1.3.RELEASE/spring-beans-5.1.3.RELEASE.jar:/home/user/.m2/repository/org/springframework/spring-core/5.1.3.RELEASE/spring-core-5.1.3.RELEASE.jar:/home/user/.m2/repository/org/springframework/spring-jcl/5.1.3.RELEASE/spring-jcl-5.1.3.RELEASE.jar:/home/user/.m2/repository/org/springframework/spring-tx/5.1.3.RELEASE/spring-tx-5.1.3.RELEASE.jar:/home/user/.m2/repository/org/apache/hadoop/hadoop-ozone-client/0.5.0-SNAPSHOT/hadoop-ozone-client-0.5.0-SNAPSHOT.jar:/home/user/.m2/repository/commons-lang/commons-lang/2.6/commons-lang-2.6.jar:/home/user/.m2/repository/org/apache/hadoop/hadoop-ozone-ozone-manager/0.5.0-SNAPSHOT/hadoop-ozone-ozone-manager-0.5.0-SNAPSHOT-tests.jar:/home/user/.m2/repository/junit/junit/4.11/junit-4.11.jar:/home/user/.m2/repository/org/hamcrest/hamcrest-core/1.3/hamcrest-core-1.3.jar:/home/user/.m2/repository/org/openjdk/jmh/jmh-core/1.19/jmh-core-1.19.jar:/home/user/.m2/repository/net/sf/jopt-simple/jopt-simple/4.6/jopt-simple-4.6.jar:/home/user/.m2/repository/org/apache/commons/commons-math3/3.1.1/commons-math3-3.1.1.jar:/home/user/.m2/repository/org/openjdk/jmh/jmh-generator-annprocess/1.19/jmh-generator-annprocess-1.19.jar:/home/user/.m2/repository/org/mockito/mockito-all/1.8.5/mockito-all-1.8.5.jar:/home/user/.m2/repository/org/apache/hadoop/hadoop-kms/3.2.0/hadoop-kms-3.2.0.jar:/home/user/.m2/repository/org/apache/hadoop/hadoop-auth/3.2.0/hadoop-auth-3.2.0.jar:/home/user/.m2/repository/com/nimbusds/nimbus-jose-jwt/4.41.1/nimbus-jose-jwt-4.41.1.jar:/home/user/.m2/repository/com/github/stephenc/jcip/jcip-annotations/1.0-1/jcip-annotations-1.0-1.jar:/home/user/.m2/repository/net/minidev/json-smart/2.3/json-smart-2.3.jar:/home/user/.m2/repository/net/minidev/accessors-smart/1.2/accessors-smart-1.2.jar:/home/user/.m2/repository/org/ow2/asm/asm/5.0.4/asm-5.0.4.jar:/home/user/.m2/repository/org/apache/curator/curator-framework/2.12.0/curator-framework-2.12.0.jar:/home/user/.m2/repository/com/sun/jersey/jersey-core/1.19/jersey-core-1.19.jar:/home/user/.m2/repository/javax/ws/rs/jsr311-api/1.1.1/jsr311-api-1.1.1.jar:/home/user/.m2/repository/com/sun/jersey/jersey-server/1.19/jersey-server-1.19.jar:/home/user/.m2/repository/javax/servlet/javax.servlet-api/3.1.0/javax.servlet-api-3.1.0.jar:/home/user/.m2/repository/org/eclipse/jetty/jetty-server/9.3.24.v20180605/jetty-server-9.3.24.v20180605.jar:/home/user/.m2/repository/org/eclipse/jetty/jetty-http/9.3.24.v20180605/jetty-http-9.3.24.v20180605.jar:/home/user/.m2/repository/org/eclipse/jetty/jetty-io/9.3.24.v20180605/jetty-io-9.3.24.v20180605.jar:/home/user/.m2/repository/org/eclipse/jetty/jetty-webapp/9.3.24.v20180605/jetty-webapp-9.3.24.v20180605.jar:/home/user/.m2/repository/org/eclipse/jetty/jetty-xml/9.3.24.v20180605/jetty-xml-9.3.24.v20180605.jar:/home/user/.m2/repository/log4j/log4j/1.2.17/log4j-1.2.17.jar:/home/user/.m2/repository/org/slf4j/slf4j-api/1.7.25/slf4j-api-1.7.25.jar:/home/user/.m2/repository/org/slf4j/jul-to-slf4j/1.7.25/jul-to-slf4j-1.7.25.jar:/home/user/.m2/repository/org/eclipse/jetty/jetty-util/9.3.24.v20180605/jetty-util-9.3.24.v20180605.jar:/home/user/.m2/repository/com/fasterxml/jackson/core/jackson-databind/2.9.5/jackson-databind-2.9.5.jar:/home/user/.m2/repository/org/apache/hadoop/hadoop-kms/3.2.0/hadoop-kms-3.2.0-tests.jar:/home/user/.m2/repository/org/apache/hadoop/hadoop-hdds-server-scm/0.5.0-SNAPSHOT/hadoop-hdds-server-scm-0.5.0-SNAPSHOT-tests.jar:/home/user/.m2/repository/org/apache/hadoop/hadoop-hdds-container-service/0.5.0-SNAPSHOT/hadoop-hdds-container-service-0.5.0-SNAPSHOT-tests.jar:/home/user/.m2/repository/org/yaml/snakeyaml/1.16/snakeyaml-1.16.jar:/home/user/.m2/repository/org/apache/hadoop/hadoop-common/3.2.0/hadoop-common-3.2.0-tests.jar:/home/user/.m2/repository/org/apache/hadoop/hadoop-annotations/3.2.0/hadoop-annotations-3.2.0.jar:/usr/lib/jvm/java-1.8-openjdk/jre/../lib/tools.jar:/home/user/.m2/repository/commons-cli/commons-cli/1.2/commons-cli-1.2.jar:/home/user/.m2/repository/org/apache/httpcomponents/httpclient/4.5.2/httpclient-4.5.2.jar:/home/user/.m2/repository/org/apache/httpcomponents/httpcore/4.4.4/httpcore-4.4.4.jar:/home/user/.m2/repository/commons-codec/commons-codec/1.11/commons-codec-1.11.jar:/home/user/.m2/repository/commons-net/commons-net/3.6/commons-net-3.6.jar:/home/user/.m2/repository/commons-collections/commons-collections/3.2.2/commons-collections-3.2.2.jar:/home/user/.m2/repository/org/eclipse/jetty/jetty-servlet/9.3.24.v20180605/jetty-servlet-9.3.24.v20180605.jar:/home/user/.m2/repository/org/eclipse/jetty/jetty-security/9.3.24.v20180605/jetty-security-9.3.24.v20180605.jar:/home/user/.m2/repository/javax/servlet/jsp/jsp-api/2.1/jsp-api-2.1.jar:/home/user/.m2/repository/com/sun/jersey/jersey-servlet/1.19/jersey-servlet-1.19.jar:/home/user/.m2/repository/com/sun/jersey/jersey-json/1.19/jersey-json-1.19.jar:/home/user/.m2/repository/org/codehaus/jettison/jettison/1.1/jettison-1.1.jar:/home/user/.m2/repository/org/codehaus/jackson/jackson-core-asl/1.9.13/jackson-core-asl-1.9.13.jar:/home/user/.m2/repository/org/codehaus/jackson/jackson-mapper-asl/1.9.13/jackson-mapper-asl-1.9.13.jar:/home/user/.m2/repository/org/codehaus/jackson/jackson-jaxrs/1.9.13/jackson-jaxrs-1.9.13.jar:/home/user/.m2/repository/org/codehaus/jackson/jackson-xc/1.9.13/jackson-xc-1.9.13.jar:/home/user/.m2/repository/commons-logging/commons-logging/1.1.3/commons-logging-1.1.3.jar:/home/user/.m2/repository/commons-beanutils/commons-beanutils/1.9.3/commons-beanutils-1.9.3.jar:/home/user/.m2/repository/org/apache/commons/commons-configuration2/2.1.1/commons-configuration2-2.1.1.jar:/home/user/.m2/repository/org/apache/commons/commons-lang3/3.7/commons-lang3-3.7.jar:/home/user/.m2/repository/org/apache/commons/commons-text/1.4/commons-text-1.4.jar:/home/user/.m2/repository/org/apache/avro/avro/1.7.7/avro-1.7.7.jar:/home/user/.m2/repository/com/thoughtworks/paranamer/paranamer/2.3/paranamer-2.3.jar:/home/user/.m2/repository/org/xerial/snappy/snappy-java/1.0.5/snappy-java-1.0.5.jar:/home/user/.m2/repository/com/google/re2j/re2j/1.1/re2j-1.1.jar:/home/user/.m2/repository/com/google/code/gson/gson/2.2.4/gson-2.2.4.jar:/home/user/.m2/repository/com/jcraft/jsch/0.1.54/jsch-0.1.54.jar:/home/user/.m2/repository/org/apache/curator/curator-client/2.12.0/curator-client-2.12.0.jar:/home/user/.m2/repository/org/apache/curator/curator-recipes/2.12.0/curator-recipes-2.12.0.jar:/home/user/.m2/repository/com/google/code/findbugs/jsr305/3.0.0/jsr305-3.0.0.jar:/home/user/.m2/repository/org/apache/htrace/htrace-core4/4.1.0-incubating/htrace-core4-4.1.0-incubating.jar:/home/user/.m2/repository/org/apache/zookeeper/zookeeper/3.4.13/zookeeper-3.4.13.jar:/home/user/.m2/repository/org/apache/yetus/audience-annotations/0.5.0/audience-annotations-0.5.0.jar:/home/user/.m2/repository/org/codehaus/woodstox/stax2-api/3.1.4/stax2-api-3.1.4.jar:/home/user/.m2/repository/com/fasterxml/woodstox/woodstox-core/5.0.3/woodstox-core-5.0.3.jar:/home/user/.m2/repository/dnsjava/dnsjava/2.1.7/dnsjava-2.1.7.jar:/home/user/.m2/repository/org/apache/hadoop/hadoop-hdfs/3.2.0/hadoop-hdfs-3.2.0-tests.jar:/home/user/.m2/repository/org/eclipse/jetty/jetty-util-ajax/9.3.24.v20180605/jetty-util-ajax-9.3.24.v20180605.jar:/home/user/.m2/repository/commons-daemon/commons-daemon/1.0.13/commons-daemon-1.0.13.jar:/home/user/.m2/repository/io/netty/netty/3.10.5.Final/netty-3.10.5.Final.jar:/home/user/.m2/repository/io/netty/netty-all/4.0.52.Final/netty-all-4.0.52.Final.jar:/home/user/.m2/repository/org/fusesource/leveldbjni/leveldbjni-all/1.8/leveldbjni-all-1.8.jar:"/>
    <property name="java.vm.vendor" value="IcedTea"/>
    <property name="sun.arch.data.model" value="64"/>
    <property name="test.build.dir" value="/workdir/hadoop-ozone/integration-test/target/test-dir"/>
    <property name="test.cache.data" value=""/>
    <property name="java.vendor.url" value="https://icedtea.classpath.org"/>
    <property name="user.timezone" value=""/>
    <property name="java.vm.specification.version" value="1.8"/>
    <property name="os.name" value="Linux"/>
    <property name="test.build.data" value="/workdir/hadoop-ozone/integration-test/target/test-dir"/>
    <property name="user.country" value="US"/>
    <property name="sun.java.launcher" value="SUN_STANDARD"/>
    <property name="sun.boot.library.path" value="/usr/lib/jvm/java-1.8-openjdk/jre/lib/amd64"/>
    <property name="sun.java.command" value="/workdir/hadoop-ozone/integration-test/target/surefire/surefirebooter7690967480576089054.jar /workdir/hadoop-ozone/integration-test/target/surefire 2019-07-16T13-31-09_455-jvmRun1 surefire145116667778633981tmp surefire_471081861882692617855tmp"/>
    <property name="surefire.test.class.path" value="/workdir/hadoop-ozone/integration-test/target/test-classes:/workdir/hadoop-ozone/integration-test/target/classes:/home/user/.m2/repository/org/apache/hadoop/hadoop-ozone-common/0.5.0-SNAPSHOT/hadoop-ozone-common-0.5.0-SNAPSHOT.jar:/home/user/.m2/repository/org/apache/commons/commons-compress/1.4.1/commons-compress-1.4.1.jar:/home/user/.m2/repository/org/tukaani/xz/1.0/xz-1.0.jar:/home/user/.m2/repository/org/apache/hadoop/hadoop-common/3.2.0/hadoop-common-3.2.0.jar:/home/user/.m2/repository/org/apache/hadoop/hadoop-hdfs/3.2.0/hadoop-hdfs-3.2.0.jar:/home/user/.m2/repository/org/apache/hadoop/hadoop-hdfs-client/3.2.0/hadoop-hdfs-client-3.2.0.jar:/home/user/.m2/repository/com/fasterxml/jackson/core/jackson-annotations/2.9.5/jackson-annotations-2.9.5.jar:/home/user/.m2/repository/org/apache/hadoop/hadoop-hdds-common/0.5.0-SNAPSHOT/hadoop-hdds-common-0.5.0-SNAPSHOT.jar:/home/user/.m2/repository/javax/annotation/javax.annotation-api/1.2/javax.annotation-api-1.2.jar:/home/user/.m2/repository/org/apache/ratis/ratis-server/0.4.0-2337318-SNAPSHOT/ratis-server-0.4.0-2337318-SNAPSHOT.jar:/home/user/.m2/repository/org/apache/ratis/ratis-thirdparty-misc/0.2.0/ratis-thirdparty-misc-0.2.0.jar:/home/user/.m2/repository/org/apache/ratis/ratis-proto/0.4.0-2337318-SNAPSHOT/ratis-proto-0.4.0-2337318-SNAPSHOT.jar:/home/user/.m2/repository/org/apache/ratis/ratis-common/0.4.0-2337318-SNAPSHOT/ratis-common-0.4.0-2337318-SNAPSHOT.jar:/home/user/.m2/repository/org/apache/ratis/ratis-client/0.4.0-2337318-SNAPSHOT/ratis-client-0.4.0-2337318-SNAPSHOT.jar:/home/user/.m2/repository/org/apache/ratis/ratis-metrics/0.4.0-2337318-SNAPSHOT/ratis-metrics-0.4.0-2337318-SNAPSHOT.jar:/home/user/.m2/repository/org/apache/ratis/ratis-netty/0.4.0-2337318-SNAPSHOT/ratis-netty-0.4.0-2337318-SNAPSHOT.jar:/home/user/.m2/repository/org/apache/ratis/ratis-grpc/0.4.0-2337318-SNAPSHOT/ratis-grpc-0.4.0-2337318-SNAPSHOT.jar:/home/user/.m2/repository/org/rocksdb/rocksdbjni/6.0.1/rocksdbjni-6.0.1.jar:/home/user/.m2/repository/org/apache/logging/log4j/log4j-api/2.11.0/log4j-api-2.11.0.jar:/home/user/.m2/repository/org/apache/logging/log4j/log4j-core/2.11.0/log4j-core-2.11.0.jar:/home/user/.m2/repository/com/lmax/disruptor/3.4.2/disruptor-3.4.2.jar:/home/user/.m2/repository/org/apache/commons/commons-pool2/2.6.0/commons-pool2-2.6.0.jar:/home/user/.m2/repository/org/bouncycastle/bcpkix-jdk15on/1.60/bcpkix-jdk15on-1.60.jar:/home/user/.m2/repository/commons-validator/commons-validator/1.6/commons-validator-1.6.jar:/home/user/.m2/repository/commons-digester/commons-digester/1.8.1/commons-digester-1.8.1.jar:/home/user/.m2/repository/io/jaegertracing/jaeger-client/0.33.1/jaeger-client-0.33.1.jar:/home/user/.m2/repository/io/jaegertracing/jaeger-thrift/0.33.1/jaeger-thrift-0.33.1.jar:/home/user/.m2/repository/org/apache/thrift/libthrift/0.11.0/libthrift-0.11.0.jar:/home/user/.m2/repository/com/squareup/okhttp3/okhttp/3.9.0/okhttp-3.9.0.jar:/home/user/.m2/repository/com/squareup/okio/okio/1.13.0/okio-1.13.0.jar:/home/user/.m2/repository/io/jaegertracing/jaeger-core/0.33.1/jaeger-core-0.33.1.jar:/home/user/.m2/repository/io/jaegertracing/jaeger-tracerresolver/0.33.1/jaeger-tracerresolver-0.33.1.jar:/home/user/.m2/repository/io/opentracing/contrib/opentracing-tracerresolver/0.1.5/opentracing-tracerresolver-0.1.5.jar:/home/user/.m2/repository/io/opentracing/opentracing-util/0.31.0/opentracing-util-0.31.0.jar:/home/user/.m2/repository/io/opentracing/opentracing-api/0.31.0/opentracing-api-0.31.0.jar:/home/user/.m2/repository/io/opentracing/opentracing-noop/0.31.0/opentracing-noop-0.31.0.jar:/home/user/.m2/repository/org/apache/hadoop/hadoop-hdds-server-framework/0.5.0-SNAPSHOT/hadoop-hdds-server-framework-0.5.0-SNAPSHOT.jar:/home/user/.m2/repository/org/apache/hadoop/hadoop-hdds-container-service/0.5.0-SNAPSHOT/hadoop-hdds-container-service-0.5.0-SNAPSHOT.jar:/home/user/.m2/repository/org/apache/hadoop/hadoop-hdds-client/0.5.0-SNAPSHOT/hadoop-hdds-client-0.5.0-SNAPSHOT.jar:/home/user/.m2/repository/org/apache/hadoop/hadoop-hdds-tools/0.5.0-SNAPSHOT/hadoop-hdds-tools-0.5.0-SNAPSHOT.jar:/home/user/.m2/repository/org/apache/hadoop/hadoop-hdds-server-scm/0.5.0-SNAPSHOT/hadoop-hdds-server-scm-0.5.0-SNAPSHOT.jar:/home/user/.m2/repository/org/apache/hadoop/hadoop-hdds-docs/0.5.0-SNAPSHOT/hadoop-hdds-docs-0.5.0-SNAPSHOT.jar:/home/user/.m2/repository/io/dropwizard/metrics/metrics-core/3.2.4/metrics-core-3.2.4.jar:/home/user/.m2/repository/org/hamcrest/hamcrest-all/1.3/hamcrest-all-1.3.jar:/home/user/.m2/repository/org/bouncycastle/bcprov-jdk15on/1.60/bcprov-jdk15on-1.60.jar:/home/user/.m2/repository/info/picocli/picocli/3.9.6/picocli-3.9.6.jar:/home/user/.m2/repository/com/google/protobuf/protobuf-java/2.5.0/protobuf-java-2.5.0.jar:/home/user/.m2/repository/com/google/guava/guava/11.0.2/guava-11.0.2.jar:/home/user/.m2/repository/org/apache/hadoop/hadoop-ozone-ozone-manager/0.5.0-SNAPSHOT/hadoop-ozone-ozone-manager-0.5.0-SNAPSHOT.jar:/home/user/.m2/repository/org/apache/hadoop/hadoop-minikdc/3.2.0/hadoop-minikdc-3.2.0.jar:/home/user/.m2/repository/commons-io/commons-io/2.5/commons-io-2.5.jar:/home/user/.m2/repository/org/apache/kerby/kerb-simplekdc/1.0.1/kerb-simplekdc-1.0.1.jar:/home/user/.m2/repository/org/apache/kerby/kerb-client/1.0.1/kerb-client-1.0.1.jar:/home/user/.m2/repository/org/apache/kerby/kerby-config/1.0.1/kerby-config-1.0.1.jar:/home/user/.m2/repository/org/apache/kerby/kerb-core/1.0.1/kerb-core-1.0.1.jar:/home/user/.m2/repository/org/apache/kerby/kerby-pkix/1.0.1/kerby-pkix-1.0.1.jar:/home/user/.m2/repository/org/apache/kerby/kerby-asn1/1.0.1/kerby-asn1-1.0.1.jar:/home/user/.m2/repository/org/apache/kerby/kerby-util/1.0.1/kerby-util-1.0.1.jar:/home/user/.m2/repository/org/apache/kerby/kerb-common/1.0.1/kerb-common-1.0.1.jar:/home/user/.m2/repository/org/apache/kerby/kerb-crypto/1.0.1/kerb-crypto-1.0.1.jar:/home/user/.m2/repository/org/apache/kerby/kerb-util/1.0.1/kerb-util-1.0.1.jar:/home/user/.m2/repository/org/apache/kerby/token-provider/1.0.1/token-provider-1.0.1.jar:/home/user/.m2/repository/org/apache/kerby/kerb-admin/1.0.1/kerb-admin-1.0.1.jar:/home/user/.m2/repository/org/apache/kerby/kerb-server/1.0.1/kerb-server-1.0.1.jar:/home/user/.m2/repository/org/apache/kerby/kerb-identity/1.0.1/kerb-identity-1.0.1.jar:/home/user/.m2/repository/org/apache/kerby/kerby-xdr/1.0.1/kerby-xdr-1.0.1.jar:/home/user/.m2/repository/org/slf4j/slf4j-log4j12/1.7.25/slf4j-log4j12-1.7.25.jar:/home/user/.m2/repository/org/apache/hadoop/hadoop-ozone-objectstore-service/0.5.0-SNAPSHOT/hadoop-ozone-objectstore-service-0.5.0-SNAPSHOT.jar:/home/user/.m2/repository/org/apache/hadoop/hadoop-ozone-s3gateway/0.5.0-SNAPSHOT/hadoop-ozone-s3gateway-0.5.0-SNAPSHOT.jar:/home/user/.m2/repository/org/jboss/weld/servlet/weld-servlet/2.4.7.Final/weld-servlet-2.4.7.Final.jar:/home/user/.m2/repository/org/glassfish/jersey/containers/jersey-container-servlet-core/2.27/jersey-container-servlet-core-2.27.jar:/home/user/.m2/repository/org/glassfish/hk2/external/javax.inject/2.5.0-b42/javax.inject-2.5.0-b42.jar:/home/user/.m2/repository/org/glassfish/jersey/core/jersey-common/2.27/jersey-common-2.27.jar:/home/user/.m2/repository/org/glassfish/hk2/osgi-resource-locator/1.0.1/osgi-resource-locator-1.0.1.jar:/home/user/.m2/repository/javax/ws/rs/javax.ws.rs-api/2.1/javax.ws.rs-api-2.1.jar:/home/user/.m2/repository/org/glassfish/jersey/ext/cdi/jersey-cdi1x/2.27/jersey-cdi1x-2.27.jar:/home/user/.m2/repository/org/glassfish/jersey/inject/jersey-hk2/2.27/jersey-hk2-2.27.jar:/home/user/.m2/repository/org/glassfish/hk2/hk2-locator/2.5.0-b42/hk2-locator-2.5.0-b42.jar:/home/user/.m2/repository/org/javassist/javassist/3.22.0-CR2/javassist-3.22.0-CR2.jar:/home/user/.m2/repository/org/glassfish/hk2/hk2-api/2.5.0/hk2-api-2.5.0.jar:/home/user/.m2/repository/org/glassfish/hk2/external/jakarta.inject/2.5.0/jakarta.inject-2.5.0.jar:/home/user/.m2/repository/org/glassfish/hk2/hk2-utils/2.5.0/hk2-utils-2.5.0.jar:/home/user/.m2/repository/jakarta/annotation/jakarta.annotation-api/1.3.4/jakarta.annotation-api-1.3.4.jar:/home/user/.m2/repository/org/glassfish/hk2/external/aopalliance-repackaged/2.5.0/aopalliance-repackaged-2.5.0.jar:/home/user/.m2/repository/com/fasterxml/jackson/dataformat/jackson-dataformat-xml/2.9.0/jackson-dataformat-xml-2.9.0.jar:/home/user/.m2/repository/com/fasterxml/jackson/core/jackson-core/2.9.5/jackson-core-2.9.5.jar:/home/user/.m2/repository/com/fasterxml/jackson/module/jackson-module-jaxb-annotations/2.9.5/jackson-module-jaxb-annotations-2.9.5.jar:/home/user/.m2/repository/javax/enterprise/cdi-api/1.2/cdi-api-1.2.jar:/home/user/.m2/repository/javax/el/javax.el-api/3.0.0/javax.el-api-3.0.0.jar:/home/user/.m2/repository/javax/interceptor/javax.interceptor-api/1.2/javax.interceptor-api-1.2.jar:/home/user/.m2/repository/javax/inject/javax.inject/1/javax.inject-1.jar:/home/user/.m2/repository/com/sun/xml/bind/jaxb-impl/2.3.0.1/jaxb-impl-2.3.0.1.jar:/home/user/.m2/repository/com/sun/xml/bind/jaxb-core/2.3.0.1/jaxb-core-2.3.0.1.jar:/home/user/.m2/repository/javax/xml/bind/jaxb-api/2.3.0/jaxb-api-2.3.0.jar:/home/user/.m2/repository/javax/activation/activation/1.1.1/activation-1.1.1.jar:/home/user/.m2/repository/org/apache/hadoop/hadoop-ozone-csi/0.5.0-SNAPSHOT/hadoop-ozone-csi-0.5.0-SNAPSHOT.jar:/home/user/.m2/repository/com/google/protobuf/protobuf-java-util/3.5.1/protobuf-java-util-3.5.1.jar:/home/user/.m2/repository/org/apache/hadoop/hadoop-hdds-config/0.5.0-SNAPSHOT/hadoop-hdds-config-0.5.0-SNAPSHOT.jar:/home/user/.m2/repository/io/grpc/grpc-netty/1.17.1/grpc-netty-1.17.1.jar:/home/user/.m2/repository/io/grpc/grpc-core/1.17.1/grpc-core-1.17.1.jar:/home/user/.m2/repository/io/grpc/grpc-context/1.17.1/grpc-context-1.17.1.jar:/home/user/.m2/repository/com/google/errorprone/error_prone_annotations/2.2.0/error_prone_annotations-2.2.0.jar:/home/user/.m2/repository/org/codehaus/mojo/animal-sniffer-annotations/1.17/animal-sniffer-annotations-1.17.jar:/home/user/.m2/repository/io/opencensus/opencensus-api/0.17.0/opencensus-api-0.17.0.jar:/home/user/.m2/repository/io/opencensus/opencensus-contrib-grpc-metrics/0.17.0/opencensus-contrib-grpc-metrics-0.17.0.jar:/home/user/.m2/repository/io/netty/netty-codec-http2/4.1.30.Final/netty-codec-http2-4.1.30.Final.jar:/home/user/.m2/repository/io/netty/netty-codec-http/4.1.30.Final/netty-codec-http-4.1.30.Final.jar:/home/user/.m2/repository/io/netty/netty-codec/4.1.30.Final/netty-codec-4.1.30.Final.jar:/home/user/.m2/repository/io/netty/netty-handler/4.1.30.Final/netty-handler-4.1.30.Final.jar:/home/user/.m2/repository/io/netty/netty-handler-proxy/4.1.30.Final/netty-handler-proxy-4.1.30.Final.jar:/home/user/.m2/repository/io/netty/netty-codec-socks/4.1.30.Final/netty-codec-socks-4.1.30.Final.jar:/home/user/.m2/repository/io/netty/netty-transport-native-epoll/4.1.30.Final/netty-transport-native-epoll-4.1.30.Final.jar:/home/user/.m2/repository/io/netty/netty-common/4.1.30.Final/netty-common-4.1.30.Final.jar:/home/user/.m2/repository/io/netty/netty-buffer/4.1.30.Final/netty-buffer-4.1.30.Final.jar:/home/user/.m2/repository/io/netty/netty-transport/4.1.30.Final/netty-transport-4.1.30.Final.jar:/home/user/.m2/repository/io/netty/netty-resolver/4.1.30.Final/netty-resolver-4.1.30.Final.jar:/home/user/.m2/repository/io/netty/netty-transport-native-unix-common/4.1.30.Final/netty-transport-native-unix-common-4.1.30.Final.jar:/home/user/.m2/repository/io/grpc/grpc-protobuf/1.17.1/grpc-protobuf-1.17.1.jar:/home/user/.m2/repository/com/google/api/grpc/proto-google-common-protos/1.0.0/proto-google-common-protos-1.0.0.jar:/home/user/.m2/repository/io/grpc/grpc-protobuf-lite/1.17.1/grpc-protobuf-lite-1.17.1.jar:/home/user/.m2/repository/io/grpc/grpc-stub/1.17.1/grpc-stub-1.17.1.jar:/home/user/.m2/repository/org/apache/hadoop/hadoop-ozone-recon/0.5.0-SNAPSHOT/hadoop-ozone-recon-0.5.0-SNAPSHOT.jar:/home/user/.m2/repository/org/apache/hadoop/hadoop-ozone-reconcodegen/0.5.0-SNAPSHOT/hadoop-ozone-reconcodegen-0.5.0-SNAPSHOT.jar:/home/user/.m2/repository/com/google/inject/extensions/guice-multibindings/4.0/guice-multibindings-4.0.jar:/home/user/.m2/repository/com/google/inject/guice/4.0/guice-4.0.jar:/home/user/.m2/repository/aopalliance/aopalliance/1.0/aopalliance-1.0.jar:/home/user/.m2/repository/com/google/inject/extensions/guice-servlet/4.0/guice-servlet-4.0.jar:/home/user/.m2/repository/org/glassfish/jersey/containers/jersey-container-servlet/2.27/jersey-container-servlet-2.27.jar:/home/user/.m2/repository/org/glassfish/hk2/guice-bridge/2.5.0/guice-bridge-2.5.0.jar:/home/user/.m2/repository/org/glassfish/jersey/core/jersey-server/2.27/jersey-server-2.27.jar:/home/user/.m2/repository/org/glassfish/jersey/core/jersey-client/2.27/jersey-client-2.27.jar:/home/user/.m2/repository/org/glassfish/jersey/media/jersey-media-jaxb/2.27/jersey-media-jaxb-2.27.jar:/home/user/.m2/repository/javax/validation/validation-api/1.1.0.Final/validation-api-1.1.0.Final.jar:/home/user/.m2/repository/org/glassfish/jersey/media/jersey-media-json-jackson/2.27/jersey-media-json-jackson-2.27.jar:/home/user/.m2/repository/org/glassfish/jersey/ext/jersey-entity-filtering/2.27/jersey-entity-filtering-2.27.jar:/home/user/.m2/repository/com/google/inject/extensions/guice-assistedinject/4.0/guice-assistedinject-4.0.jar:/home/user/.m2/repository/org/jooq/jooq/3.11.10/jooq-3.11.10.jar:/home/user/.m2/repository/org/jooq/jooq-meta/3.11.10/jooq-meta-3.11.10.jar:/home/user/.m2/repository/org/jooq/jooq-codegen/3.11.10/jooq-codegen-3.11.10.jar:/home/user/.m2/repository/com/jolbox/bonecp/0.8.0.RELEASE/bonecp-0.8.0.RELEASE.jar:/home/user/.m2/repository/org/xerial/sqlite-jdbc/3.25.2/sqlite-jdbc-3.25.2.jar:/home/user/.m2/repository/org/springframework/spring-jdbc/5.1.3.RELEASE/spring-jdbc-5.1.3.RELEASE.jar:/home/user/.m2/repository/org/springframework/spring-beans/5.1.3.RELEASE/spring-beans-5.1.3.RELEASE.jar:/home/user/.m2/repository/org/springframework/spring-core/5.1.3.RELEASE/spring-core-5.1.3.RELEASE.jar:/home/user/.m2/repository/org/springframework/spring-jcl/5.1.3.RELEASE/spring-jcl-5.1.3.RELEASE.jar:/home/user/.m2/repository/org/springframework/spring-tx/5.1.3.RELEASE/spring-tx-5.1.3.RELEASE.jar:/home/user/.m2/repository/org/apache/hadoop/hadoop-ozone-client/0.5.0-SNAPSHOT/hadoop-ozone-client-0.5.0-SNAPSHOT.jar:/home/user/.m2/repository/commons-lang/commons-lang/2.6/commons-lang-2.6.jar:/home/user/.m2/repository/org/apache/hadoop/hadoop-ozone-ozone-manager/0.5.0-SNAPSHOT/hadoop-ozone-ozone-manager-0.5.0-SNAPSHOT-tests.jar:/home/user/.m2/repository/junit/junit/4.11/junit-4.11.jar:/home/user/.m2/repository/org/hamcrest/hamcrest-core/1.3/hamcrest-core-1.3.jar:/home/user/.m2/repository/org/openjdk/jmh/jmh-core/1.19/jmh-core-1.19.jar:/home/user/.m2/repository/net/sf/jopt-simple/jopt-simple/4.6/jopt-simple-4.6.jar:/home/user/.m2/repository/org/apache/commons/commons-math3/3.1.1/commons-math3-3.1.1.jar:/home/user/.m2/repository/org/openjdk/jmh/jmh-generator-annprocess/1.19/jmh-generator-annprocess-1.19.jar:/home/user/.m2/repository/org/mockito/mockito-all/1.8.5/mockito-all-1.8.5.jar:/home/user/.m2/repository/org/apache/hadoop/hadoop-kms/3.2.0/hadoop-kms-3.2.0.jar:/home/user/.m2/repository/org/apache/hadoop/hadoop-auth/3.2.0/hadoop-auth-3.2.0.jar:/home/user/.m2/repository/com/nimbusds/nimbus-jose-jwt/4.41.1/nimbus-jose-jwt-4.41.1.jar:/home/user/.m2/repository/com/github/stephenc/jcip/jcip-annotations/1.0-1/jcip-annotations-1.0-1.jar:/home/user/.m2/repository/net/minidev/json-smart/2.3/json-smart-2.3.jar:/home/user/.m2/repository/net/minidev/accessors-smart/1.2/accessors-smart-1.2.jar:/home/user/.m2/repository/org/ow2/asm/asm/5.0.4/asm-5.0.4.jar:/home/user/.m2/repository/org/apache/curator/curator-framework/2.12.0/curator-framework-2.12.0.jar:/home/user/.m2/repository/com/sun/jersey/jersey-core/1.19/jersey-core-1.19.jar:/home/user/.m2/repository/javax/ws/rs/jsr311-api/1.1.1/jsr311-api-1.1.1.jar:/home/user/.m2/repository/com/sun/jersey/jersey-server/1.19/jersey-server-1.19.jar:/home/user/.m2/repository/javax/servlet/javax.servlet-api/3.1.0/javax.servlet-api-3.1.0.jar:/home/user/.m2/repository/org/eclipse/jetty/jetty-server/9.3.24.v20180605/jetty-server-9.3.24.v20180605.jar:/home/user/.m2/repository/org/eclipse/jetty/jetty-http/9.3.24.v20180605/jetty-http-9.3.24.v20180605.jar:/home/user/.m2/repository/org/eclipse/jetty/jetty-io/9.3.24.v20180605/jetty-io-9.3.24.v20180605.jar:/home/user/.m2/repository/org/eclipse/jetty/jetty-webapp/9.3.24.v20180605/jetty-webapp-9.3.24.v20180605.jar:/home/user/.m2/repository/org/eclipse/jetty/jetty-xml/9.3.24.v20180605/jetty-xml-9.3.24.v20180605.jar:/home/user/.m2/repository/log4j/log4j/1.2.17/log4j-1.2.17.jar:/home/user/.m2/repository/org/slf4j/slf4j-api/1.7.25/slf4j-api-1.7.25.jar:/home/user/.m2/repository/org/slf4j/jul-to-slf4j/1.7.25/jul-to-slf4j-1.7.25.jar:/home/user/.m2/repository/org/eclipse/jetty/jetty-util/9.3.24.v20180605/jetty-util-9.3.24.v20180605.jar:/home/user/.m2/repository/com/fasterxml/jackson/core/jackson-databind/2.9.5/jackson-databind-2.9.5.jar:/home/user/.m2/repository/org/apache/hadoop/hadoop-kms/3.2.0/hadoop-kms-3.2.0-tests.jar:/home/user/.m2/repository/org/apache/hadoop/hadoop-hdds-server-scm/0.5.0-SNAPSHOT/hadoop-hdds-server-scm-0.5.0-SNAPSHOT-tests.jar:/home/user/.m2/repository/org/apache/hadoop/hadoop-hdds-container-service/0.5.0-SNAPSHOT/hadoop-hdds-container-service-0.5.0-SNAPSHOT-tests.jar:/home/user/.m2/repository/org/yaml/snakeyaml/1.16/snakeyaml-1.16.jar:/home/user/.m2/repository/org/apache/hadoop/hadoop-common/3.2.0/hadoop-common-3.2.0-tests.jar:/home/user/.m2/repository/org/apache/hadoop/hadoop-annotations/3.2.0/hadoop-annotations-3.2.0.jar:/usr/lib/jvm/java-1.8-openjdk/jre/../lib/tools.jar:/home/user/.m2/repository/commons-cli/commons-cli/1.2/commons-cli-1.2.jar:/home/user/.m2/repository/org/apache/httpcomponents/httpclient/4.5.2/httpclient-4.5.2.jar:/home/user/.m2/repository/org/apache/httpcomponents/httpcore/4.4.4/httpcore-4.4.4.jar:/home/user/.m2/repository/commons-codec/commons-codec/1.11/commons-codec-1.11.jar:/home/user/.m2/repository/commons-net/commons-net/3.6/commons-net-3.6.jar:/home/user/.m2/repository/commons-collections/commons-collections/3.2.2/commons-collections-3.2.2.jar:/home/user/.m2/repository/org/eclipse/jetty/jetty-servlet/9.3.24.v20180605/jetty-servlet-9.3.24.v20180605.jar:/home/user/.m2/repository/org/eclipse/jetty/jetty-security/9.3.24.v20180605/jetty-security-9.3.24.v20180605.jar:/home/user/.m2/repository/javax/servlet/jsp/jsp-api/2.1/jsp-api-2.1.jar:/home/user/.m2/repository/com/sun/jersey/jersey-servlet/1.19/jersey-servlet-1.19.jar:/home/user/.m2/repository/com/sun/jersey/jersey-json/1.19/jersey-json-1.19.jar:/home/user/.m2/repository/org/codehaus/jettison/jettison/1.1/jettison-1.1.jar:/home/user/.m2/repository/org/codehaus/jackson/jackson-core-asl/1.9.13/jackson-core-asl-1.9.13.jar:/home/user/.m2/repository/org/codehaus/jackson/jackson-mapper-asl/1.9.13/jackson-mapper-asl-1.9.13.jar:/home/user/.m2/repository/org/codehaus/jackson/jackson-jaxrs/1.9.13/jackson-jaxrs-1.9.13.jar:/home/user/.m2/repository/org/codehaus/jackson/jackson-xc/1.9.13/jackson-xc-1.9.13.jar:/home/user/.m2/repository/commons-logging/commons-logging/1.1.3/commons-logging-1.1.3.jar:/home/user/.m2/repository/commons-beanutils/commons-beanutils/1.9.3/commons-beanutils-1.9.3.jar:/home/user/.m2/repository/org/apache/commons/commons-configuration2/2.1.1/commons-configuration2-2.1.1.jar:/home/user/.m2/repository/org/apache/commons/commons-lang3/3.7/commons-lang3-3.7.jar:/home/user/.m2/repository/org/apache/commons/commons-text/1.4/commons-text-1.4.jar:/home/user/.m2/repository/org/apache/avro/avro/1.7.7/avro-1.7.7.jar:/home/user/.m2/repository/com/thoughtworks/paranamer/paranamer/2.3/paranamer-2.3.jar:/home/user/.m2/repository/org/xerial/snappy/snappy-java/1.0.5/snappy-java-1.0.5.jar:/home/user/.m2/repository/com/google/re2j/re2j/1.1/re2j-1.1.jar:/home/user/.m2/repository/com/google/code/gson/gson/2.2.4/gson-2.2.4.jar:/home/user/.m2/repository/com/jcraft/jsch/0.1.54/jsch-0.1.54.jar:/home/user/.m2/repository/org/apache/curator/curator-client/2.12.0/curator-client-2.12.0.jar:/home/user/.m2/repository/org/apache/curator/curator-recipes/2.12.0/curator-recipes-2.12.0.jar:/home/user/.m2/repository/com/google/code/findbugs/jsr305/3.0.0/jsr305-3.0.0.jar:/home/user/.m2/repository/org/apache/htrace/htrace-core4/4.1.0-incubating/htrace-core4-4.1.0-incubating.jar:/home/user/.m2/repository/org/apache/zookeeper/zookeeper/3.4.13/zookeeper-3.4.13.jar:/home/user/.m2/repository/org/apache/yetus/audience-annotations/0.5.0/audience-annotations-0.5.0.jar:/home/user/.m2/repository/org/codehaus/woodstox/stax2-api/3.1.4/stax2-api-3.1.4.jar:/home/user/.m2/repository/com/fasterxml/woodstox/woodstox-core/5.0.3/woodstox-core-5.0.3.jar:/home/user/.m2/repository/dnsjava/dnsjava/2.1.7/dnsjava-2.1.7.jar:/home/user/.m2/repository/org/apache/hadoop/hadoop-hdfs/3.2.0/hadoop-hdfs-3.2.0-tests.jar:/home/user/.m2/repository/org/eclipse/jetty/jetty-util-ajax/9.3.24.v20180605/jetty-util-ajax-9.3.24.v20180605.jar:/home/user/.m2/repository/commons-daemon/commons-daemon/1.0.13/commons-daemon-1.0.13.jar:/home/user/.m2/repository/io/netty/netty/3.10.5.Final/netty-3.10.5.Final.jar:/home/user/.m2/repository/io/netty/netty-all/4.0.52.Final/netty-all-4.0.52.Final.jar:/home/user/.m2/repository/org/fusesource/leveldbjni/leveldbjni-all/1.8/leveldbjni-all-1.8.jar:"/>
    <property name="sun.cpu.endian" value="little"/>
    <property name="user.home" value="/home/user"/>
    <property name="user.language" value="en"/>
    <property name="java.specification.vendor" value="Oracle Corporation"/>
    <property name="java.home" value="/usr/lib/jvm/java-1.8-openjdk/jre"/>
    <property name="java.security.krb5.conf" value="/workdir/hadoop-ozone/integration-test/target/test-classes/krb5.conf"/>
    <property name="basedir" value="/workdir/hadoop-ozone/integration-test"/>
    <property name="file.separator" value="/"/>
    <property name="line.separator" value="&#10;"/>
    <property name="java.vm.specification.vendor" value="Oracle Corporation"/>
    <property name="java.specification.name" value="Java Platform API Specification"/>
    <property name="java.awt.graphicsenv" value="sun.awt.X11GraphicsEnvironment"/>
    <property name="surefire.real.class.path" value="/workdir/hadoop-ozone/integration-test/target/surefire/surefirebooter7690967480576089054.jar"/>
    <property name="hadoop.log.dir" value="/workdir/hadoop-ozone/integration-test/target/log"/>
    <property name="sun.boot.class.path" value="/usr/lib/jvm/java-1.8-openjdk/jre/lib/resources.jar:/usr/lib/jvm/java-1.8-openjdk/jre/lib/rt.jar:/usr/lib/jvm/java-1.8-openjdk/jre/lib/sunrsasign.jar:/usr/lib/jvm/java-1.8-openjdk/jre/lib/jsse.jar:/usr/lib/jvm/java-1.8-openjdk/jre/lib/jce.jar:/usr/lib/jvm/java-1.8-openjdk/jre/lib/charsets.jar:/usr/lib/jvm/java-1.8-openjdk/jre/lib/jfr.jar:/usr/lib/jvm/java-1.8-openjdk/jre/classes"/>
    <property name="sun.management.compiler" value="HotSpot 64-Bit Tiered Compilers"/>
    <property name="java.runtime.version" value="1.8.0_212-b04"/>
    <property name="java.net.preferIPv4Stack" value="true"/>
    <property name="user.name" value="jenkins1000"/>
    <property name="path.separator" value=":"/>
    <property name="java.security.egd" value="file:///dev/urandom"/>
    <property name="os.version" value="3.10.0-957.12.2.el7.x86_64"/>
    <property name="java.endorsed.dirs" value="/usr/lib/jvm/java-1.8-openjdk/jre/lib/endorsed"/>
    <property name="java.runtime.name" value="OpenJDK Runtime Environment"/>
    <property name="file.encoding" value="UTF-8"/>
    <property name="java.vm.name" value="OpenJDK 64-Bit Server VM"/>
    <property name="test.build.webapps" value=""/>
    <property name="localRepository" value="/home/user/.m2/repository"/>
    <property name="java.vendor.url.bug" value="https://icedtea.classpath.org/bugzilla"/>
    <property name="java.io.tmpdir" value="/tmp"/>
    <property name="require.test.libhadoop" value=""/>
    <property name="java.version" value="1.8.0_212"/>
    <property name="user.dir" value="/workdir/hadoop-ozone/integration-test"/>
    <property name="os.arch" value="amd64"/>
    <property name="java.vm.specification.name" value="Java Virtual Machine Specification"/>
    <property name="test.build.classes" value="/workdir/hadoop-ozone/integration-test/target/test-classes"/>
    <property name="java.awt.printerjob" value="sun.print.PSPrinterJob"/>
    <property name="sun.os.patch.level" value="unknown"/>
    <property name="hadoop.tmp.dir" value="/workdir/hadoop-ozone/integration-test/target/tmp"/>
    <property name="java.library.path" value="/usr/lib/jvm/java-1.8-openjdk/jre/lib/amd64/server:/usr/lib/jvm/java-1.8-openjdk/jre/lib/amd64:/usr/lib/jvm/java-1.8-openjdk/jre/../lib/amd64:/workdir/hadoop-ozone/integration-test/target/native/target/usr/local/lib:/workdir/hadoop-ozone/integration-test/../../hadoop-common-project/hadoop-common/target/native/target/usr/local/lib:/usr/java/packages/lib/amd64:/usr/lib64:/lib64:/lib:/usr/lib"/>
    <property name="java.vm.info" value="mixed mode"/>
    <property name="java.vendor" value="IcedTea"/>
    <property name="java.vm.version" value="25.212-b04"/>
    <property name="java.ext.dirs" value="/usr/lib/jvm/java-1.8-openjdk/jre/lib/ext:/usr/java/packages/lib/ext"/>
    <property name="sun.io.unicode.encoding" value="UnicodeLittle"/>
    <property name="java.class.version" value="52.0"/>
  </properties>
  <testcase name="testWatchForCommitWithKeyWrite" classname="org.apache.hadoop.ozone.client.rpc.TestWatchForCommit" time="20.555">
    <error message="Allocated 0 blocks. Requested 1 blocks" type="INTERNAL_ERROR org.apache.hadoop.ozone.om.exceptions.OMException">INTERNAL_ERROR org.apache.hadoop.ozone.om.exceptions.OMException: Allocated 0 blocks. Requested 1 blocks
	at org.apache.hadoop.ozone.om.protocolPB.OzoneManagerProtocolClientSideTranslatorPB.handleError(OzoneManagerProtocolClientSideTranslatorPB.java:720)
	at org.apache.hadoop.ozone.om.protocolPB.OzoneManagerProtocolClientSideTranslatorPB.allocateBlock(OzoneManagerProtocolClientSideTranslatorPB.java:752)
	at org.apache.hadoop.ozone.client.io.BlockOutputStreamEntryPool.allocateNewBlock(BlockOutputStreamEntryPool.java:248)
	at org.apache.hadoop.ozone.client.io.BlockOutputStreamEntryPool.allocateBlockIfNeeded(BlockOutputStreamEntryPool.java:296)
	at org.apache.hadoop.ozone.client.io.KeyOutputStream.handleWrite(KeyOutputStream.java:201)
	at org.apache.hadoop.ozone.client.io.KeyOutputStream.handleRetry(KeyOutputStream.java:376)
	at org.apache.hadoop.ozone.client.io.KeyOutputStream.handleException(KeyOutputStream.java:325)
	at org.apache.hadoop.ozone.client.io.KeyOutputStream.handleWrite(KeyOutputStream.java:231)
	at org.apache.hadoop.ozone.client.io.KeyOutputStream.handleRetry(KeyOutputStream.java:376)
	at org.apache.hadoop.ozone.client.io.KeyOutputStream.handleException(KeyOutputStream.java:325)
	at org.apache.hadoop.ozone.client.io.KeyOutputStream.handleWrite(KeyOutputStream.java:231)
	at org.apache.hadoop.ozone.client.io.KeyOutputStream.write(KeyOutputStream.java:193)
	at org.apache.hadoop.ozone.client.io.OzoneOutputStream.write(OzoneOutputStream.java:49)
	at java.io.OutputStream.write(OutputStream.java:75)
	at org.apache.hadoop.ozone.client.rpc.TestWatchForCommit.testWatchForCommitWithKeyWrite(TestWatchForCommit.java:158)
	at sun.reflect.NativeMethodAccessorImpl.invoke0(Native Method)
	at sun.reflect.NativeMethodAccessorImpl.invoke(NativeMethodAccessorImpl.java:62)
	at sun.reflect.DelegatingMethodAccessorImpl.invoke(DelegatingMethodAccessorImpl.java:43)
	at java.lang.reflect.Method.invoke(Method.java:498)
	at org.junit.runners.model.FrameworkMethod$1.runReflectiveCall(FrameworkMethod.java:47)
	at org.junit.internal.runners.model.ReflectiveCallable.run(ReflectiveCallable.java:12)
	at org.junit.runners.model.FrameworkMethod.invokeExplosively(FrameworkMethod.java:44)
	at org.junit.internal.runners.statements.InvokeMethod.evaluate(InvokeMethod.java:17)
	at org.junit.runners.ParentRunner.runLeaf(ParentRunner.java:271)
	at org.junit.runners.BlockJUnit4ClassRunner.runChild(BlockJUnit4ClassRunner.java:70)
	at org.junit.runners.BlockJUnit4ClassRunner.runChild(BlockJUnit4ClassRunner.java:50)
	at org.junit.runners.ParentRunner$3.run(ParentRunner.java:238)
	at org.junit.runners.ParentRunner$1.schedule(ParentRunner.java:63)
	at org.junit.runners.ParentRunner.runChildren(ParentRunner.java:236)
	at org.junit.runners.ParentRunner.access$000(ParentRunner.java:53)
	at org.junit.runners.ParentRunner$2.evaluate(ParentRunner.java:229)
	at org.junit.runners.ParentRunner.run(ParentRunner.java:309)
	at org.apache.maven.surefire.junit4.JUnit4Provider.execute(JUnit4Provider.java:365)
	at org.apache.maven.surefire.junit4.JUnit4Provider.executeWithRerun(JUnit4Provider.java:273)
	at org.apache.maven.surefire.junit4.JUnit4Provider.executeTestSet(JUnit4Provider.java:238)
	at org.apache.maven.surefire.junit4.JUnit4Provider.invoke(JUnit4Provider.java:159)
	at org.apache.maven.surefire.booter.ForkedBooter.invokeProviderInSameClassLoader(ForkedBooter.java:384)
	at org.apache.maven.surefire.booter.ForkedBooter.runSuitesInProcess(ForkedBooter.java:345)
	at org.apache.maven.surefire.booter.ForkedBooter.execute(ForkedBooter.java:126)
	at org.apache.maven.surefire.booter.ForkedBooter.main(ForkedBooter.java:418)
</error>
    <system-out><![CDATA[2019-07-16 14:13:36,065 WARN  server.ServerUtils (ServerUtils.java:getScmDbDir(145)) - ozone.scm.db.dirs is not configured. We recommend adding this setting. Falling back to ozone.metadata.dirs instead.
2019-07-16 14:13:36,186 WARN  server.ServerUtils (ServerUtils.java:getScmDbDir(145)) - ozone.scm.db.dirs is not configured. We recommend adding this setting. Falling back to ozone.metadata.dirs instead.
2019-07-16 14:13:36,189 WARN  server.ServerUtils (ServerUtils.java:getScmDbDir(145)) - ozone.scm.db.dirs is not configured. We recommend adding this setting. Falling back to ozone.metadata.dirs instead.
2019-07-16 14:13:36,209 INFO  util.log (Log.java:initialized(192)) - Logging initialized @851ms
2019-07-16 14:13:36,312 INFO  db.DBStoreBuilder (DBStoreBuilder.java:addTable(110)) - using custom profile for table: deletedBlocks
2019-07-16 14:13:36,312 INFO  db.DBStoreBuilder (DBStoreBuilder.java:processTables(161)) - Using default column profile:DBProfile.DISK for Table:deletedBlocks
2019-07-16 14:13:36,313 INFO  db.DBStoreBuilder (DBStoreBuilder.java:addTable(110)) - using custom profile for table: validCerts
2019-07-16 14:13:36,313 INFO  db.DBStoreBuilder (DBStoreBuilder.java:processTables(161)) - Using default column profile:DBProfile.DISK for Table:validCerts
2019-07-16 14:13:36,313 INFO  db.DBStoreBuilder (DBStoreBuilder.java:addTable(110)) - using custom profile for table: revokedCerts
2019-07-16 14:13:36,314 INFO  db.DBStoreBuilder (DBStoreBuilder.java:processTables(161)) - Using default column profile:DBProfile.DISK for Table:revokedCerts
2019-07-16 14:13:36,325 INFO  db.DBStoreBuilder (DBStoreBuilder.java:addTable(110)) - using custom profile for table: default
2019-07-16 14:13:36,325 INFO  db.DBStoreBuilder (DBStoreBuilder.java:processTables(167)) - Using default column profile:DBProfile.DISK for Table:default
2019-07-16 14:13:36,326 INFO  db.DBStoreBuilder (DBStoreBuilder.java:getDbProfile(198)) - Using default options. DBProfile.DISK
2019-07-16 14:13:36,510 INFO  net.NodeSchemaLoader (NodeSchemaLoader.java:loadSchemaFromFile(125)) - Loading file from sun.misc.CompoundEnumeration@7714e963
2019-07-16 14:13:36,512 INFO  net.NodeSchemaLoader (NodeSchemaLoader.java:loadSchema(171)) - Loading network topology layer schema file
2019-07-16 14:13:36,583 WARN  server.ServerUtils (ServerUtils.java:sanitizeUserArgs(70)) - ozone.scm.stale.node.interval value = 300000 is larger than max = 100000 based on the key value of ozone.scm.heartbeat.thread.interval, reset to the max value 100000.
2019-07-16 14:13:36,585 WARN  server.ServerUtils (ServerUtils.java:sanitizeUserArgs(70)) - ozone.scm.stale.node.interval value = 300000 is larger than max = 100000 based on the key value of ozone.scm.heartbeat.thread.interval, reset to the max value 100000.
2019-07-16 14:13:36,587 INFO  node.SCMNodeManager (SCMNodeManager.java:<init>(119)) - Entering startup safe mode.
2019-07-16 14:13:36,667 WARN  server.ServerUtils (ServerUtils.java:getScmDbDir(145)) - ozone.scm.db.dirs is not configured. We recommend adding this setting. Falling back to ozone.metadata.dirs instead.
2019-07-16 14:13:36,747 INFO  pipeline.SCMPipelineManager (SCMPipelineManager.java:initializePipelineState(126)) - No pipeline exists in current db
2019-07-16 14:13:36,750 WARN  server.ServerUtils (ServerUtils.java:getScmDbDir(145)) - ozone.scm.db.dirs is not configured. We recommend adding this setting. Falling back to ozone.metadata.dirs instead.
2019-07-16 14:13:36,869 WARN  events.EventQueue (EventQueue.java:fireEvent(175)) - No event handler registered for event TypedEvent{payloadType=SafeModeStatus, name='SafeModeStatus'}
2019-07-16 14:13:37,199 INFO  ipc.CallQueueManager (CallQueueManager.java:<init>(84)) - Using callQueue: class java.util.concurrent.LinkedBlockingQueue, queueCapacity: 2000, scheduler: class org.apache.hadoop.ipc.DefaultRpcScheduler, ipcBackoff: false.
2019-07-16 14:13:37,226 INFO  ipc.Server (Server.java:run(1074)) - Starting Socket Reader #1 for port 38823
2019-07-16 14:13:37,247 INFO  ipc.CallQueueManager (CallQueueManager.java:<init>(84)) - Using callQueue: class java.util.concurrent.LinkedBlockingQueue, queueCapacity: 2000, scheduler: class org.apache.hadoop.ipc.DefaultRpcScheduler, ipcBackoff: false.
2019-07-16 14:13:37,248 INFO  ipc.Server (Server.java:run(1074)) - Starting Socket Reader #1 for port 43021
2019-07-16 14:13:37,255 INFO  ipc.CallQueueManager (CallQueueManager.java:<init>(84)) - Using callQueue: class java.util.concurrent.LinkedBlockingQueue, queueCapacity: 2000, scheduler: class org.apache.hadoop.ipc.DefaultRpcScheduler, ipcBackoff: false.
2019-07-16 14:13:37,256 INFO  ipc.Server (Server.java:run(1074)) - Starting Socket Reader #1 for port 37588
2019-07-16 14:13:37,399 INFO  hdfs.DFSUtil (DFSUtil.java:httpServerTemplateForNNAndJN(1641)) - Starting Web-server for scm at: http://0.0.0.0:0
2019-07-16 14:13:37,560 INFO  server.AuthenticationFilter (AuthenticationFilter.java:constructSecretProvider(240)) - Unable to initialize FileSignerSecretProvider, falling back to use random secrets.
2019-07-16 14:13:37,567 WARN  http.HttpRequestLog (HttpRequestLog.java:getRequestLog(97)) - Jetty request log can only be enabled using Log4j
2019-07-16 14:13:37,575 INFO  http.HttpServer2 (HttpServer2.java:addGlobalFilter(975)) - Added global filter 'safety' (class=org.apache.hadoop.http.HttpServer2$QuotingInputFilter)
2019-07-16 14:13:37,578 INFO  http.HttpServer2 (HttpServer2.java:addFilter(948)) - Added filter static_user_filter (class=org.apache.hadoop.http.lib.StaticUserWebFilter$StaticUserFilter) to context scm
2019-07-16 14:13:37,578 INFO  http.HttpServer2 (HttpServer2.java:addFilter(958)) - Added filter static_user_filter (class=org.apache.hadoop.http.lib.StaticUserWebFilter$StaticUserFilter) to context static
2019-07-16 14:13:37,578 INFO  http.HttpServer2 (HttpServer2.java:addFilter(958)) - Added filter static_user_filter (class=org.apache.hadoop.http.lib.StaticUserWebFilter$StaticUserFilter) to context logs
2019-07-16 14:13:37,605 INFO  server.StorageContainerManager (StorageContainerManager.java:start(759)) - StorageContainerLocationProtocol RPC server is listening at /0.0.0.0:37588
2019-07-16 14:13:37,661 WARN  impl.MetricsConfig (MetricsConfig.java:loadFirst(134)) - Cannot locate configuration: tried hadoop-metrics2-storagecontainermanager.properties,hadoop-metrics2.properties
2019-07-16 14:13:37,673 INFO  impl.MetricsSystemImpl (MetricsSystemImpl.java:startTimer(374)) - Scheduled Metric snapshot period at 10 second(s).
2019-07-16 14:13:37,673 INFO  impl.MetricsSystemImpl (MetricsSystemImpl.java:start(191)) - StorageContainerManager metrics system started
2019-07-16 14:13:37,899 INFO  server.SCMClientProtocolServer (SCMClientProtocolServer.java:start(149)) - RPC server for Client  is listening at /0.0.0.0:37588
2019-07-16 14:13:37,901 INFO  ipc.Server (Server.java:run(1153)) - IPC Server listener on 37588: starting
2019-07-16 14:13:37,901 INFO  ipc.Server (Server.java:run(1314)) - IPC Server Responder: starting
2019-07-16 14:13:37,905 INFO  server.StorageContainerManager (StorageContainerManager.java:start(768)) - ScmBlockLocationProtocol RPC server is listening at /0.0.0.0:43021
2019-07-16 14:13:37,905 INFO  server.SCMBlockProtocolServer (SCMBlockProtocolServer.java:start(140)) - RPC server for Block Protocol is listening at /0.0.0.0:43021
2019-07-16 14:13:37,906 INFO  ipc.Server (Server.java:run(1314)) - IPC Server Responder: starting
2019-07-16 14:13:37,906 INFO  ipc.Server (Server.java:run(1153)) - IPC Server listener on 43021: starting
2019-07-16 14:13:37,916 INFO  server.StorageContainerManager (StorageContainerManager.java:start(772)) - ScmDatanodeProtocl RPC server is listening at /0.0.0.0:38823
2019-07-16 14:13:37,916 INFO  server.SCMDatanodeProtocolServer (SCMDatanodeProtocolServer.java:start(191)) - RPC server for DataNodes is listening at /0.0.0.0:38823
2019-07-16 14:13:37,917 INFO  ipc.Server (Server.java:run(1314)) - IPC Server Responder: starting
2019-07-16 14:13:37,918 INFO  ipc.Server (Server.java:run(1153)) - IPC Server listener on 38823: starting
2019-07-16 14:13:37,931 INFO  http.HttpServer2 (HttpServer2.java:bindListener(1191)) - Jetty bound to port 35417
2019-07-16 14:13:37,934 INFO  server.Server (Server.java:doStart(351)) - jetty-9.3.24.v20180605, build timestamp: 2018-06-05T17:11:56Z, git hash: 84205aa28f11a4f31f2a3b86d1bba2cc8ab69827
2019-07-16 14:13:37,980 INFO  handler.ContextHandler (ContextHandler.java:doStart(781)) - Started o.e.j.s.ServletContextHandler@6bbe2511{/logs,file:///workdir/hadoop-ozone/integration-test/target/log,AVAILABLE}
2019-07-16 14:13:37,980 INFO  handler.ContextHandler (ContextHandler.java:doStart(781)) - Started o.e.j.s.ServletContextHandler@76012793{/static,file:///workdir/hadoop-ozone/integration-test/target/test-classes/webapps/static,AVAILABLE}
2019-07-16 14:13:38,013 INFO  handler.ContextHandler (ContextHandler.java:doStart(781)) - Started o.e.j.w.WebAppContext@6a1d204a{/,file:///workdir/hadoop-ozone/integration-test/target/test-classes/webapps/scm/,AVAILABLE}{/scm}
2019-07-16 14:13:38,018 INFO  server.AbstractConnector (AbstractConnector.java:doStart(278)) - Started ServerConnector@9d157ff{HTTP/1.1,[http/1.1]}{0.0.0.0:35417}
2019-07-16 14:13:38,019 INFO  server.Server (Server.java:doStart(419)) - Started @2662ms
2019-07-16 14:13:38,020 INFO  server.BaseHttpServer (BaseHttpServer.java:updateConnectorAddress(207)) - HTTP server of SCM is listening at http://0.0.0.0:35417
2019-07-16 14:13:38,031 INFO  util.JvmPauseMonitor (JvmPauseMonitor.java:run(188)) - Starting JVM pause monitor
2019-07-16 14:13:38,036 WARN  server.ServerUtils (ServerUtils.java:getDBPath(222)) - ozone.om.db.dirs is not configured. We recommend adding this setting. Falling back to ozone.metadata.dirs instead.
2019-07-16 14:13:38,173 WARN  server.ServerUtils (ServerUtils.java:getDBPath(222)) - ozone.om.db.dirs is not configured. We recommend adding this setting. Falling back to ozone.metadata.dirs instead.
2019-07-16 14:13:38,174 INFO  om.OzoneManager (OzoneManager.java:setOMNodeDetails(626)) - OM Service ID is not set. Setting it to the default ID: omServiceIdDefault
2019-07-16 14:13:38,174 INFO  om.OzoneManager (OzoneManager.java:setOMNodeDetails(632)) - OM Node ID is not set. Setting it to the OmStorage's OmID: 7262670a-7f98-4288-9bae-1c7e217de0f2
2019-07-16 14:13:38,175 INFO  om.OzoneManager (OzoneManager.java:loadOMHAConfigs(583)) - Found matching OM address with OMServiceId: null, OMNodeId: null, RPC Address: localhost:0 and Ratis port: 9872
2019-07-16 14:13:38,403 WARN  server.ServerUtils (ServerUtils.java:getDBPath(222)) - ozone.om.db.dirs is not configured. We recommend adding this setting. Falling back to ozone.metadata.dirs instead.
2019-07-16 14:13:38,409 INFO  db.DBStoreBuilder (DBStoreBuilder.java:addTable(110)) - using custom profile for table: userTable
2019-07-16 14:13:38,410 INFO  db.DBStoreBuilder (DBStoreBuilder.java:processTables(161)) - Using default column profile:DBProfile.DISK for Table:userTable
2019-07-16 14:13:38,410 INFO  db.DBStoreBuilder (DBStoreBuilder.java:addTable(110)) - using custom profile for table: volumeTable
2019-07-16 14:13:38,410 INFO  db.DBStoreBuilder (DBStoreBuilder.java:processTables(161)) - Using default column profile:DBProfile.DISK for Table:volumeTable
2019-07-16 14:13:38,410 INFO  db.DBStoreBuilder (DBStoreBuilder.java:addTable(110)) - using custom profile for table: bucketTable
2019-07-16 14:13:38,411 INFO  db.DBStoreBuilder (DBStoreBuilder.java:processTables(161)) - Using default column profile:DBProfile.DISK for Table:bucketTable
2019-07-16 14:13:38,411 INFO  db.DBStoreBuilder (DBStoreBuilder.java:addTable(110)) - using custom profile for table: keyTable
2019-07-16 14:13:38,411 INFO  db.DBStoreBuilder (DBStoreBuilder.java:processTables(161)) - Using default column profile:DBProfile.DISK for Table:keyTable
2019-07-16 14:13:38,411 INFO  db.DBStoreBuilder (DBStoreBuilder.java:addTable(110)) - using custom profile for table: deletedTable
2019-07-16 14:13:38,412 INFO  db.DBStoreBuilder (DBStoreBuilder.java:processTables(161)) - Using default column profile:DBProfile.DISK for Table:deletedTable
2019-07-16 14:13:38,412 INFO  db.DBStoreBuilder (DBStoreBuilder.java:addTable(110)) - using custom profile for table: openKeyTable
2019-07-16 14:13:38,412 INFO  db.DBStoreBuilder (DBStoreBuilder.java:processTables(161)) - Using default column profile:DBProfile.DISK for Table:openKeyTable
2019-07-16 14:13:38,413 INFO  db.DBStoreBuilder (DBStoreBuilder.java:addTable(110)) - using custom profile for table: s3Table
2019-07-16 14:13:38,413 INFO  db.DBStoreBuilder (DBStoreBuilder.java:processTables(161)) - Using default column profile:DBProfile.DISK for Table:s3Table
2019-07-16 14:13:38,413 INFO  db.DBStoreBuilder (DBStoreBuilder.java:addTable(110)) - using custom profile for table: multipartInfoTable
2019-07-16 14:13:38,413 INFO  db.DBStoreBuilder (DBStoreBuilder.java:processTables(161)) - Using default column profile:DBProfile.DISK for Table:multipartInfoTable
2019-07-16 14:13:38,413 INFO  db.DBStoreBuilder (DBStoreBuilder.java:addTable(110)) - using custom profile for table: dTokenTable
2019-07-16 14:13:38,414 INFO  db.DBStoreBuilder (DBStoreBuilder.java:processTables(161)) - Using default column profile:DBProfile.DISK for Table:dTokenTable
2019-07-16 14:13:38,414 INFO  db.DBStoreBuilder (DBStoreBuilder.java:addTable(110)) - using custom profile for table: s3SecretTable
2019-07-16 14:13:38,414 INFO  db.DBStoreBuilder (DBStoreBuilder.java:processTables(161)) - Using default column profile:DBProfile.DISK for Table:s3SecretTable
2019-07-16 14:13:38,414 INFO  db.DBStoreBuilder (DBStoreBuilder.java:addTable(110)) - using custom profile for table: prefixTable
2019-07-16 14:13:38,415 INFO  db.DBStoreBuilder (DBStoreBuilder.java:processTables(161)) - Using default column profile:DBProfile.DISK for Table:prefixTable
2019-07-16 14:13:38,415 INFO  db.DBStoreBuilder (DBStoreBuilder.java:addTable(110)) - using custom profile for table: default
2019-07-16 14:13:38,415 INFO  db.DBStoreBuilder (DBStoreBuilder.java:processTables(167)) - Using default column profile:DBProfile.DISK for Table:default
2019-07-16 14:13:38,415 INFO  db.DBStoreBuilder (DBStoreBuilder.java:getDbProfile(198)) - Using default options. DBProfile.DISK
2019-07-16 14:13:39,321 INFO  ipc.CallQueueManager (CallQueueManager.java:<init>(84)) - Using callQueue: class java.util.concurrent.LinkedBlockingQueue, queueCapacity: 2000, scheduler: class org.apache.hadoop.ipc.DefaultRpcScheduler, ipcBackoff: false.
2019-07-16 14:13:39,323 INFO  ipc.Server (Server.java:run(1074)) - Starting Socket Reader #1 for port 36943
2019-07-16 14:13:39,349 WARN  server.ServerUtils (ServerUtils.java:getDBPath(222)) - ozone.om.db.dirs is not configured. We recommend adding this setting. Falling back to ozone.metadata.dirs instead.
2019-07-16 14:13:39,350 INFO  om.OzoneManager (OzoneManager.java:start(1224)) - OzoneManager RPC server is listening at localhost/127.0.0.1:36943
2019-07-16 14:13:39,350 INFO  impl.MetricsSystemImpl (MetricsSystemImpl.java:init(158)) - OzoneManager metrics system started (again)
2019-07-16 14:13:39,352 INFO  ipc.Server (Server.java:run(1314)) - IPC Server Responder: starting
2019-07-16 14:13:39,353 INFO  ipc.Server (Server.java:run(1153)) - IPC Server listener on 36943: starting
2019-07-16 14:13:39,365 INFO  hdfs.DFSUtil (DFSUtil.java:httpServerTemplateForNNAndJN(1641)) - Starting Web-server for ozoneManager at: http://0.0.0.0:0
2019-07-16 14:13:39,367 INFO  server.AuthenticationFilter (AuthenticationFilter.java:constructSecretProvider(240)) - Unable to initialize FileSignerSecretProvider, falling back to use random secrets.
2019-07-16 14:13:39,367 WARN  http.HttpRequestLog (HttpRequestLog.java:getRequestLog(97)) - Jetty request log can only be enabled using Log4j
2019-07-16 14:13:39,369 INFO  http.HttpServer2 (HttpServer2.java:addGlobalFilter(975)) - Added global filter 'safety' (class=org.apache.hadoop.http.HttpServer2$QuotingInputFilter)
2019-07-16 14:13:39,370 INFO  http.HttpServer2 (HttpServer2.java:addFilter(948)) - Added filter static_user_filter (class=org.apache.hadoop.http.lib.StaticUserWebFilter$StaticUserFilter) to context ozoneManager
2019-07-16 14:13:39,370 INFO  http.HttpServer2 (HttpServer2.java:addFilter(958)) - Added filter static_user_filter (class=org.apache.hadoop.http.lib.StaticUserWebFilter$StaticUserFilter) to context logs
2019-07-16 14:13:39,370 INFO  http.HttpServer2 (HttpServer2.java:addFilter(958)) - Added filter static_user_filter (class=org.apache.hadoop.http.lib.StaticUserWebFilter$StaticUserFilter) to context static
2019-07-16 14:13:39,373 INFO  http.HttpServer2 (HttpServer2.java:bindListener(1191)) - Jetty bound to port 45746
2019-07-16 14:13:39,373 INFO  server.Server (Server.java:doStart(351)) - jetty-9.3.24.v20180605, build timestamp: 2018-06-05T17:11:56Z, git hash: 84205aa28f11a4f31f2a3b86d1bba2cc8ab69827
2019-07-16 14:13:39,375 INFO  handler.ContextHandler (ContextHandler.java:doStart(781)) - Started o.e.j.s.ServletContextHandler@3e134896{/logs,file:///workdir/hadoop-ozone/integration-test/target/log,AVAILABLE}
2019-07-16 14:13:39,376 INFO  handler.ContextHandler (ContextHandler.java:doStart(781)) - Started o.e.j.s.ServletContextHandler@2e3a5237{/static,file:///workdir/hadoop-ozone/integration-test/target/test-classes/webapps/static,AVAILABLE}
2019-07-16 14:13:39,381 INFO  handler.ContextHandler (ContextHandler.java:doStart(781)) - Started o.e.j.w.WebAppContext@5b78fdb1{/,file:///workdir/hadoop-ozone/integration-test/target/test-classes/webapps/ozoneManager/,AVAILABLE}{/ozoneManager}
2019-07-16 14:13:39,381 INFO  server.AbstractConnector (AbstractConnector.java:doStart(278)) - Started ServerConnector@48bfb884{HTTP/1.1,[http/1.1]}{0.0.0.0:45746}
2019-07-16 14:13:39,382 INFO  server.Server (Server.java:doStart(419)) - Started @4025ms
2019-07-16 14:13:39,383 INFO  server.BaseHttpServer (BaseHttpServer.java:updateConnectorAddress(207)) - HTTP server of OZONEMANAGER is listening at http://0.0.0.0:45746
2019-07-16 14:13:39,669 INFO  impl.MetricsSystemImpl (MetricsSystemImpl.java:init(158)) - HddsDatanode metrics system started (again)
2019-07-16 14:13:39,751 INFO  ozone.HddsDatanodeService (HddsDatanodeService.java:start(185)) - HddsDatanodeService host:trunk-nightly-gllmw-2332419065 ip:192.168.157.241
2019-07-16 14:13:39,786 INFO  volume.HddsVolume (HddsVolume.java:<init>(176)) - Creating Volume: /workdir/hadoop-ozone/integration-test/target/test-dir/MiniOzoneClusterImpl-ca431de0-41b1-4e2e-b35a-867a60f198c4/datanode-0/data/containers/hdds of  storage type : DISK and capacity : 52710309888
2019-07-16 14:13:39,788 INFO  volume.VolumeSet (VolumeSet.java:initializeVolumeSet(170)) - Added Volume : /workdir/hadoop-ozone/integration-test/target/test-dir/MiniOzoneClusterImpl-ca431de0-41b1-4e2e-b35a-867a60f198c4/datanode-0/data/containers/hdds to VolumeSet
2019-07-16 14:13:39,791 INFO  volume.ThrottledAsyncChecker (ThrottledAsyncChecker.java:schedule(140)) - Scheduling a check for org.apache.hadoop.ozone.container.common.volume.HddsVolume@1f52eb6f
2019-07-16 14:13:39,808 INFO  volume.HddsVolumeChecker (HddsVolumeChecker.java:checkAllVolumes(203)) - Scheduled health check for volume org.apache.hadoop.ozone.container.common.volume.HddsVolume@1f52eb6f
2019-07-16 14:13:39,917 INFO  impl.RaftServerProxy (ConfUtils.java:logGet(43)) - raft.rpc.type = GRPC (default)
2019-07-16 14:13:39,982 INFO  grpc.GrpcFactory (GrpcFactory.java:checkPooledByteBufAllocatorUseCacheForAllThreads(45)) - PERFORMANCE WARNING: useCacheForAllThreads is true that may cause Netty to create a lot garbage objects and, as a result, trigger GC.
	It is recommended to disable useCacheForAllThreads by setting -Dorg.apache.ratis.thirdparty.io.netty.allocator.useCacheForAllThreads=false in command line.
2019-07-16 14:13:39,986 INFO  grpc.GrpcConfigKeys$Server (ConfUtils.java:logGet(43)) - raft.grpc.server.port = 0 (default)
2019-07-16 14:13:39,987 INFO  server.GrpcService (ConfUtils.java:logGet(43)) - raft.grpc.message.size.max = 33570816 (custom)
2019-07-16 14:13:39,989 INFO  server.RaftServerConfigKeys (ConfUtils.java:logGet(43)) - raft.server.log.appender.buffer.byte-limit = 33554432 (custom)
2019-07-16 14:13:39,989 INFO  server.GrpcService (ConfUtils.java:logGet(43)) - raft.grpc.flow.control.window = 1MB (=1048576) (default)
2019-07-16 14:13:39,990 INFO  server.RaftServerConfigKeys (ConfUtils.java:logGet(43)) - raft.server.rpc.request.timeout = 3000ms (default)
2019-07-16 14:13:40,148 INFO  server.RaftServerConfigKeys (ConfUtils.java:logGet(43)) - raft.server.storage.dir = [/workdir/hadoop-ozone/integration-test/target/test-dir/MiniOzoneClusterImpl-ca431de0-41b1-4e2e-b35a-867a60f198c4/datanode-0/data/ratis] (custom)
2019-07-16 14:13:40,183 INFO  replication.SimpleContainerDownloader (SimpleContainerDownloader.java:<init>(72)) - Starting container downloader service to copy containers to replicate.
2019-07-16 14:13:40,196 INFO  hdfs.DFSUtil (DFSUtil.java:httpServerTemplateForNNAndJN(1641)) - Starting Web-server for hddsDatanode at: http://0.0.0.0:0
2019-07-16 14:13:40,199 INFO  server.AuthenticationFilter (AuthenticationFilter.java:constructSecretProvider(240)) - Unable to initialize FileSignerSecretProvider, falling back to use random secrets.
2019-07-16 14:13:40,200 WARN  http.HttpRequestLog (HttpRequestLog.java:getRequestLog(97)) - Jetty request log can only be enabled using Log4j
2019-07-16 14:13:40,203 INFO  http.HttpServer2 (HttpServer2.java:addGlobalFilter(975)) - Added global filter 'safety' (class=org.apache.hadoop.http.HttpServer2$QuotingInputFilter)
2019-07-16 14:13:40,204 INFO  http.HttpServer2 (HttpServer2.java:addFilter(948)) - Added filter static_user_filter (class=org.apache.hadoop.http.lib.StaticUserWebFilter$StaticUserFilter) to context hddsDatanode
2019-07-16 14:13:40,204 INFO  http.HttpServer2 (HttpServer2.java:addFilter(958)) - Added filter static_user_filter (class=org.apache.hadoop.http.lib.StaticUserWebFilter$StaticUserFilter) to context static
2019-07-16 14:13:40,205 INFO  http.HttpServer2 (HttpServer2.java:addFilter(958)) - Added filter static_user_filter (class=org.apache.hadoop.http.lib.StaticUserWebFilter$StaticUserFilter) to context logs
2019-07-16 14:13:40,206 INFO  http.HttpServer2 (HttpServer2.java:bindListener(1191)) - Jetty bound to port 35676
2019-07-16 14:13:40,207 INFO  server.Server (Server.java:doStart(351)) - jetty-9.3.24.v20180605, build timestamp: 2018-06-05T17:11:56Z, git hash: 84205aa28f11a4f31f2a3b86d1bba2cc8ab69827
2019-07-16 14:13:40,210 INFO  handler.ContextHandler (ContextHandler.java:doStart(781)) - Started o.e.j.s.ServletContextHandler@761956ac{/logs,file:///workdir/hadoop-ozone/integration-test/target/log,AVAILABLE}
2019-07-16 14:13:40,211 INFO  handler.ContextHandler (ContextHandler.java:doStart(781)) - Started o.e.j.s.ServletContextHandler@304d0259{/static,jar:file:/home/user/.m2/repository/org/apache/hadoop/hadoop-hdds-container-service/0.5.0-SNAPSHOT/hadoop-hdds-container-service-0.5.0-SNAPSHOT.jar!/webapps/static,AVAILABLE}
2019-07-16 14:13:40,272 INFO  handler.ContextHandler (ContextHandler.java:doStart(781)) - Started o.e.j.w.WebAppContext@124ac145{/,file:///tmp/jetty-0.0.0.0-35676-hddsDatanode-_-any-3177651210437031325.dir/webapp/,AVAILABLE}{/hddsDatanode}
2019-07-16 14:13:40,273 INFO  server.AbstractConnector (AbstractConnector.java:doStart(278)) - Started ServerConnector@2def7a7a{HTTP/1.1,[http/1.1]}{0.0.0.0:35676}
2019-07-16 14:13:40,274 INFO  server.Server (Server.java:doStart(419)) - Started @4917ms
2019-07-16 14:13:40,276 INFO  server.BaseHttpServer (BaseHttpServer.java:updateConnectorAddress(207)) - HTTP server of HDDSDATANODE is listening at http://0.0.0.0:35676
2019-07-16 14:13:41,422 INFO  ozone.HddsDatanodeService (HddsDatanodeService.java:startPlugins(396)) - Started plug-in org.apache.hadoop.ozone.web.OzoneHddsDatanodeService@5efeb117
2019-07-16 14:13:41,426 INFO  impl.MetricsSystemImpl (MetricsSystemImpl.java:init(158)) - HddsDatanode metrics system started (again)
2019-07-16 14:13:41,428 INFO  ozone.HddsDatanodeService (HddsDatanodeService.java:start(185)) - HddsDatanodeService host:trunk-nightly-gllmw-2332419065 ip:192.168.157.241
2019-07-16 14:13:41,435 INFO  util.JvmPauseMonitor (JvmPauseMonitor.java:run(188)) - Starting JVM pause monitor
2019-07-16 14:13:41,442 INFO  volume.HddsVolume (HddsVolume.java:<init>(176)) - Creating Volume: /workdir/hadoop-ozone/integration-test/target/test-dir/MiniOzoneClusterImpl-ca431de0-41b1-4e2e-b35a-867a60f198c4/datanode-1/data/containers/hdds of  storage type : DISK and capacity : 52710309888
2019-07-16 14:13:41,443 INFO  volume.VolumeSet (VolumeSet.java:initializeVolumeSet(170)) - Added Volume : /workdir/hadoop-ozone/integration-test/target/test-dir/MiniOzoneClusterImpl-ca431de0-41b1-4e2e-b35a-867a60f198c4/datanode-1/data/containers/hdds to VolumeSet
2019-07-16 14:13:41,444 INFO  volume.ThrottledAsyncChecker (ThrottledAsyncChecker.java:schedule(140)) - Scheduling a check for org.apache.hadoop.ozone.container.common.volume.HddsVolume@24c685e7
2019-07-16 14:13:41,445 INFO  volume.HddsVolumeChecker (HddsVolumeChecker.java:checkAllVolumes(203)) - Scheduled health check for volume org.apache.hadoop.ozone.container.common.volume.HddsVolume@24c685e7
2019-07-16 14:13:41,474 INFO  impl.RaftServerProxy (ConfUtils.java:logGet(43)) - raft.rpc.type = GRPC (default)
2019-07-16 14:13:41,475 INFO  grpc.GrpcFactory (GrpcFactory.java:checkPooledByteBufAllocatorUseCacheForAllThreads(45)) - PERFORMANCE WARNING: useCacheForAllThreads is true that may cause Netty to create a lot garbage objects and, as a result, trigger GC.
	It is recommended to disable useCacheForAllThreads by setting -Dorg.apache.ratis.thirdparty.io.netty.allocator.useCacheForAllThreads=false in command line.
2019-07-16 14:13:41,475 INFO  grpc.GrpcConfigKeys$Server (ConfUtils.java:logGet(43)) - raft.grpc.server.port = 0 (default)
2019-07-16 14:13:41,477 INFO  server.GrpcService (ConfUtils.java:logGet(43)) - raft.grpc.message.size.max = 33570816 (custom)
2019-07-16 14:13:41,477 INFO  server.RaftServerConfigKeys (ConfUtils.java:logGet(43)) - raft.server.log.appender.buffer.byte-limit = 33554432 (custom)
2019-07-16 14:13:41,477 INFO  server.GrpcService (ConfUtils.java:logGet(43)) - raft.grpc.flow.control.window = 1MB (=1048576) (default)
2019-07-16 14:13:41,478 INFO  server.RaftServerConfigKeys (ConfUtils.java:logGet(43)) - raft.server.rpc.request.timeout = 3000ms (default)
2019-07-16 14:13:41,479 INFO  server.RaftServerConfigKeys (ConfUtils.java:logGet(43)) - raft.server.storage.dir = [/workdir/hadoop-ozone/integration-test/target/test-dir/MiniOzoneClusterImpl-ca431de0-41b1-4e2e-b35a-867a60f198c4/datanode-1/data/ratis] (custom)
2019-07-16 14:13:41,480 INFO  replication.SimpleContainerDownloader (SimpleContainerDownloader.java:<init>(72)) - Starting container downloader service to copy containers to replicate.
2019-07-16 14:13:41,482 INFO  hdfs.DFSUtil (DFSUtil.java:httpServerTemplateForNNAndJN(1641)) - Starting Web-server for hddsDatanode at: http://0.0.0.0:0
2019-07-16 14:13:41,485 INFO  server.AuthenticationFilter (AuthenticationFilter.java:constructSecretProvider(240)) - Unable to initialize FileSignerSecretProvider, falling back to use random secrets.
2019-07-16 14:13:41,487 WARN  http.HttpRequestLog (HttpRequestLog.java:getRequestLog(97)) - Jetty request log can only be enabled using Log4j
2019-07-16 14:13:41,492 INFO  http.HttpServer2 (HttpServer2.java:addGlobalFilter(975)) - Added global filter 'safety' (class=org.apache.hadoop.http.HttpServer2$QuotingInputFilter)
2019-07-16 14:13:41,494 INFO  http.HttpServer2 (HttpServer2.java:addFilter(948)) - Added filter static_user_filter (class=org.apache.hadoop.http.lib.StaticUserWebFilter$StaticUserFilter) to context hddsDatanode
2019-07-16 14:13:41,494 INFO  http.HttpServer2 (HttpServer2.java:addFilter(958)) - Added filter static_user_filter (class=org.apache.hadoop.http.lib.StaticUserWebFilter$StaticUserFilter) to context static
2019-07-16 14:13:41,494 INFO  http.HttpServer2 (HttpServer2.java:addFilter(958)) - Added filter static_user_filter (class=org.apache.hadoop.http.lib.StaticUserWebFilter$StaticUserFilter) to context logs
2019-07-16 14:13:41,496 INFO  http.HttpServer2 (HttpServer2.java:bindListener(1191)) - Jetty bound to port 46441
2019-07-16 14:13:41,496 INFO  server.Server (Server.java:doStart(351)) - jetty-9.3.24.v20180605, build timestamp: 2018-06-05T17:11:56Z, git hash: 84205aa28f11a4f31f2a3b86d1bba2cc8ab69827
2019-07-16 14:13:41,500 INFO  handler.ContextHandler (ContextHandler.java:doStart(781)) - Started o.e.j.s.ServletContextHandler@4f93bf0a{/logs,file:///workdir/hadoop-ozone/integration-test/target/log,AVAILABLE}
2019-07-16 14:13:41,501 INFO  handler.ContextHandler (ContextHandler.java:doStart(781)) - Started o.e.j.s.ServletContextHandler@656a3d6b{/static,jar:file:/home/user/.m2/repository/org/apache/hadoop/hadoop-hdds-container-service/0.5.0-SNAPSHOT/hadoop-hdds-container-service-0.5.0-SNAPSHOT.jar!/webapps/static,AVAILABLE}
2019-07-16 14:13:41,547 INFO  handler.ContextHandler (ContextHandler.java:doStart(781)) - Started o.e.j.w.WebAppContext@12417468{/,file:///tmp/jetty-0.0.0.0-46441-hddsDatanode-_-any-3847339396343748103.dir/webapp/,AVAILABLE}{/hddsDatanode}
2019-07-16 14:13:41,548 INFO  server.AbstractConnector (AbstractConnector.java:doStart(278)) - Started ServerConnector@459003a0{HTTP/1.1,[http/1.1]}{0.0.0.0:46441}
2019-07-16 14:13:41,550 INFO  server.Server (Server.java:doStart(419)) - Started @6191ms
2019-07-16 14:13:41,551 INFO  server.BaseHttpServer (BaseHttpServer.java:updateConnectorAddress(207)) - HTTP server of HDDSDATANODE is listening at http://0.0.0.0:46441
2019-07-16 14:13:41,580 INFO  datanode.InitDatanodeState (InitDatanodeState.java:persistContainerDatanodeDetails(140)) - DatanodeDetails is persisted to /workdir/hadoop-ozone/integration-test/target/test-dir/MiniOzoneClusterImpl-ca431de0-41b1-4e2e-b35a-867a60f198c4/datanode-0/meta/datanode.id
2019-07-16 14:13:41,719 INFO  ozone.HddsDatanodeService (HddsDatanodeService.java:startPlugins(396)) - Started plug-in org.apache.hadoop.ozone.web.OzoneHddsDatanodeService@19dc0d32
2019-07-16 14:13:41,719 INFO  impl.MetricsSystemImpl (MetricsSystemImpl.java:init(158)) - HddsDatanode metrics system started (again)
2019-07-16 14:13:41,721 INFO  ozone.HddsDatanodeService (HddsDatanodeService.java:start(185)) - HddsDatanodeService host:trunk-nightly-gllmw-2332419065 ip:192.168.157.241
2019-07-16 14:13:41,722 INFO  util.JvmPauseMonitor (JvmPauseMonitor.java:run(188)) - Starting JVM pause monitor
2019-07-16 14:13:41,731 INFO  volume.HddsVolume (HddsVolume.java:<init>(176)) - Creating Volume: /workdir/hadoop-ozone/integration-test/target/test-dir/MiniOzoneClusterImpl-ca431de0-41b1-4e2e-b35a-867a60f198c4/datanode-2/data/containers/hdds of  storage type : DISK and capacity : 52710309888
2019-07-16 14:13:41,731 INFO  volume.VolumeSet (VolumeSet.java:initializeVolumeSet(170)) - Added Volume : /workdir/hadoop-ozone/integration-test/target/test-dir/MiniOzoneClusterImpl-ca431de0-41b1-4e2e-b35a-867a60f198c4/datanode-2/data/containers/hdds to VolumeSet
2019-07-16 14:13:41,732 INFO  volume.ThrottledAsyncChecker (ThrottledAsyncChecker.java:schedule(140)) - Scheduling a check for org.apache.hadoop.ozone.container.common.volume.HddsVolume@5927f904
2019-07-16 14:13:41,732 INFO  volume.HddsVolumeChecker (HddsVolumeChecker.java:checkAllVolumes(203)) - Scheduled health check for volume org.apache.hadoop.ozone.container.common.volume.HddsVolume@5927f904
2019-07-16 14:13:41,733 INFO  datanode.InitDatanodeState (InitDatanodeState.java:persistContainerDatanodeDetails(140)) - DatanodeDetails is persisted to /workdir/hadoop-ozone/integration-test/target/test-dir/MiniOzoneClusterImpl-ca431de0-41b1-4e2e-b35a-867a60f198c4/datanode-1/meta/datanode.id
2019-07-16 14:13:41,747 INFO  impl.RaftServerProxy (ConfUtils.java:logGet(43)) - raft.rpc.type = GRPC (default)
2019-07-16 14:13:41,748 INFO  grpc.GrpcFactory (GrpcFactory.java:checkPooledByteBufAllocatorUseCacheForAllThreads(45)) - PERFORMANCE WARNING: useCacheForAllThreads is true that may cause Netty to create a lot garbage objects and, as a result, trigger GC.
	It is recommended to disable useCacheForAllThreads by setting -Dorg.apache.ratis.thirdparty.io.netty.allocator.useCacheForAllThreads=false in command line.
2019-07-16 14:13:41,748 INFO  grpc.GrpcConfigKeys$Server (ConfUtils.java:logGet(43)) - raft.grpc.server.port = 0 (default)
2019-07-16 14:13:41,748 INFO  server.GrpcService (ConfUtils.java:logGet(43)) - raft.grpc.message.size.max = 33570816 (custom)
2019-07-16 14:13:41,748 INFO  server.RaftServerConfigKeys (ConfUtils.java:logGet(43)) - raft.server.log.appender.buffer.byte-limit = 33554432 (custom)
2019-07-16 14:13:41,749 INFO  server.GrpcService (ConfUtils.java:logGet(43)) - raft.grpc.flow.control.window = 1MB (=1048576) (default)
2019-07-16 14:13:41,749 INFO  server.RaftServerConfigKeys (ConfUtils.java:logGet(43)) - raft.server.rpc.request.timeout = 3000ms (default)
2019-07-16 14:13:41,749 INFO  server.RaftServerConfigKeys (ConfUtils.java:logGet(43)) - raft.server.storage.dir = [/workdir/hadoop-ozone/integration-test/target/test-dir/MiniOzoneClusterImpl-ca431de0-41b1-4e2e-b35a-867a60f198c4/datanode-2/data/ratis] (custom)
2019-07-16 14:13:41,750 INFO  replication.SimpleContainerDownloader (SimpleContainerDownloader.java:<init>(72)) - Starting container downloader service to copy containers to replicate.
2019-07-16 14:13:41,752 INFO  hdfs.DFSUtil (DFSUtil.java:httpServerTemplateForNNAndJN(1641)) - Starting Web-server for hddsDatanode at: http://0.0.0.0:0
2019-07-16 14:13:41,753 INFO  server.AuthenticationFilter (AuthenticationFilter.java:constructSecretProvider(240)) - Unable to initialize FileSignerSecretProvider, falling back to use random secrets.
2019-07-16 14:13:41,754 WARN  http.HttpRequestLog (HttpRequestLog.java:getRequestLog(97)) - Jetty request log can only be enabled using Log4j
2019-07-16 14:13:41,755 INFO  http.HttpServer2 (HttpServer2.java:addGlobalFilter(975)) - Added global filter 'safety' (class=org.apache.hadoop.http.HttpServer2$QuotingInputFilter)
2019-07-16 14:13:41,756 INFO  http.HttpServer2 (HttpServer2.java:addFilter(948)) - Added filter static_user_filter (class=org.apache.hadoop.http.lib.StaticUserWebFilter$StaticUserFilter) to context hddsDatanode
2019-07-16 14:13:41,756 INFO  http.HttpServer2 (HttpServer2.java:addFilter(958)) - Added filter static_user_filter (class=org.apache.hadoop.http.lib.StaticUserWebFilter$StaticUserFilter) to context logs
2019-07-16 14:13:41,756 INFO  http.HttpServer2 (HttpServer2.java:addFilter(958)) - Added filter static_user_filter (class=org.apache.hadoop.http.lib.StaticUserWebFilter$StaticUserFilter) to context static
2019-07-16 14:13:41,757 INFO  http.HttpServer2 (HttpServer2.java:bindListener(1191)) - Jetty bound to port 38627
2019-07-16 14:13:41,757 INFO  server.Server (Server.java:doStart(351)) - jetty-9.3.24.v20180605, build timestamp: 2018-06-05T17:11:56Z, git hash: 84205aa28f11a4f31f2a3b86d1bba2cc8ab69827
2019-07-16 14:13:41,761 INFO  handler.ContextHandler (ContextHandler.java:doStart(781)) - Started o.e.j.s.ServletContextHandler@3b7c58e7{/logs,file:///workdir/hadoop-ozone/integration-test/target/log,AVAILABLE}
2019-07-16 14:13:41,761 INFO  handler.ContextHandler (ContextHandler.java:doStart(781)) - Started o.e.j.s.ServletContextHandler@6371cf2f{/static,jar:file:/home/user/.m2/repository/org/apache/hadoop/hadoop-hdds-container-service/0.5.0-SNAPSHOT/hadoop-hdds-container-service-0.5.0-SNAPSHOT.jar!/webapps/static,AVAILABLE}
2019-07-16 14:13:41,791 INFO  handler.ContextHandler (ContextHandler.java:doStart(781)) - Started o.e.j.w.WebAppContext@70997a94{/,file:///tmp/jetty-0.0.0.0-38627-hddsDatanode-_-any-7562299320179561191.dir/webapp/,AVAILABLE}{/hddsDatanode}
2019-07-16 14:13:41,792 INFO  server.AbstractConnector (AbstractConnector.java:doStart(278)) - Started ServerConnector@61f377d1{HTTP/1.1,[http/1.1]}{0.0.0.0:38627}
2019-07-16 14:13:41,793 INFO  server.Server (Server.java:doStart(419)) - Started @6435ms
2019-07-16 14:13:41,794 INFO  server.BaseHttpServer (BaseHttpServer.java:updateConnectorAddress(207)) - HTTP server of HDDSDATANODE is listening at http://0.0.0.0:38627
2019-07-16 14:13:41,949 INFO  ozone.HddsDatanodeService (HddsDatanodeService.java:startPlugins(396)) - Started plug-in org.apache.hadoop.ozone.web.OzoneHddsDatanodeService@47df5041
2019-07-16 14:13:41,950 INFO  impl.MetricsSystemImpl (MetricsSystemImpl.java:init(158)) - HddsDatanode metrics system started (again)
2019-07-16 14:13:41,950 INFO  ozone.HddsDatanodeService (HddsDatanodeService.java:start(185)) - HddsDatanodeService host:trunk-nightly-gllmw-2332419065 ip:192.168.157.241
2019-07-16 14:13:41,954 INFO  util.JvmPauseMonitor (JvmPauseMonitor.java:run(188)) - Starting JVM pause monitor
2019-07-16 14:13:41,957 INFO  datanode.InitDatanodeState (InitDatanodeState.java:persistContainerDatanodeDetails(140)) - DatanodeDetails is persisted to /workdir/hadoop-ozone/integration-test/target/test-dir/MiniOzoneClusterImpl-ca431de0-41b1-4e2e-b35a-867a60f198c4/datanode-2/meta/datanode.id
2019-07-16 14:13:41,962 INFO  volume.HddsVolume (HddsVolume.java:<init>(176)) - Creating Volume: /workdir/hadoop-ozone/integration-test/target/test-dir/MiniOzoneClusterImpl-ca431de0-41b1-4e2e-b35a-867a60f198c4/datanode-3/data/containers/hdds of  storage type : DISK and capacity : 52710309888
2019-07-16 14:13:41,962 INFO  volume.VolumeSet (VolumeSet.java:initializeVolumeSet(170)) - Added Volume : /workdir/hadoop-ozone/integration-test/target/test-dir/MiniOzoneClusterImpl-ca431de0-41b1-4e2e-b35a-867a60f198c4/datanode-3/data/containers/hdds to VolumeSet
2019-07-16 14:13:41,963 INFO  volume.ThrottledAsyncChecker (ThrottledAsyncChecker.java:schedule(140)) - Scheduling a check for org.apache.hadoop.ozone.container.common.volume.HddsVolume@b5ac0c1
2019-07-16 14:13:41,963 INFO  volume.HddsVolumeChecker (HddsVolumeChecker.java:checkAllVolumes(203)) - Scheduled health check for volume org.apache.hadoop.ozone.container.common.volume.HddsVolume@b5ac0c1
2019-07-16 14:13:41,983 INFO  impl.RaftServerProxy (ConfUtils.java:logGet(43)) - raft.rpc.type = GRPC (default)
2019-07-16 14:13:41,983 INFO  grpc.GrpcFactory (GrpcFactory.java:checkPooledByteBufAllocatorUseCacheForAllThreads(45)) - PERFORMANCE WARNING: useCacheForAllThreads is true that may cause Netty to create a lot garbage objects and, as a result, trigger GC.
	It is recommended to disable useCacheForAllThreads by setting -Dorg.apache.ratis.thirdparty.io.netty.allocator.useCacheForAllThreads=false in command line.
2019-07-16 14:13:41,984 INFO  grpc.GrpcConfigKeys$Server (ConfUtils.java:logGet(43)) - raft.grpc.server.port = 0 (default)
2019-07-16 14:13:41,984 INFO  server.GrpcService (ConfUtils.java:logGet(43)) - raft.grpc.message.size.max = 33570816 (custom)
2019-07-16 14:13:41,984 INFO  server.RaftServerConfigKeys (ConfUtils.java:logGet(43)) - raft.server.log.appender.buffer.byte-limit = 33554432 (custom)
2019-07-16 14:13:41,985 INFO  server.GrpcService (ConfUtils.java:logGet(43)) - raft.grpc.flow.control.window = 1MB (=1048576) (default)
2019-07-16 14:13:41,985 INFO  server.RaftServerConfigKeys (ConfUtils.java:logGet(43)) - raft.server.rpc.request.timeout = 3000ms (default)
2019-07-16 14:13:41,986 INFO  server.RaftServerConfigKeys (ConfUtils.java:logGet(43)) - raft.server.storage.dir = [/workdir/hadoop-ozone/integration-test/target/test-dir/MiniOzoneClusterImpl-ca431de0-41b1-4e2e-b35a-867a60f198c4/datanode-3/data/ratis] (custom)
2019-07-16 14:13:41,986 INFO  replication.SimpleContainerDownloader (SimpleContainerDownloader.java:<init>(72)) - Starting container downloader service to copy containers to replicate.
2019-07-16 14:13:41,988 INFO  hdfs.DFSUtil (DFSUtil.java:httpServerTemplateForNNAndJN(1641)) - Starting Web-server for hddsDatanode at: http://0.0.0.0:0
2019-07-16 14:13:41,991 INFO  server.AuthenticationFilter (AuthenticationFilter.java:constructSecretProvider(240)) - Unable to initialize FileSignerSecretProvider, falling back to use random secrets.
2019-07-16 14:13:41,991 WARN  http.HttpRequestLog (HttpRequestLog.java:getRequestLog(97)) - Jetty request log can only be enabled using Log4j
2019-07-16 14:13:41,994 INFO  http.HttpServer2 (HttpServer2.java:addGlobalFilter(975)) - Added global filter 'safety' (class=org.apache.hadoop.http.HttpServer2$QuotingInputFilter)
2019-07-16 14:13:41,995 INFO  http.HttpServer2 (HttpServer2.java:addFilter(948)) - Added filter static_user_filter (class=org.apache.hadoop.http.lib.StaticUserWebFilter$StaticUserFilter) to context hddsDatanode
2019-07-16 14:13:41,995 INFO  http.HttpServer2 (HttpServer2.java:addFilter(958)) - Added filter static_user_filter (class=org.apache.hadoop.http.lib.StaticUserWebFilter$StaticUserFilter) to context logs
2019-07-16 14:13:41,996 INFO  http.HttpServer2 (HttpServer2.java:addFilter(958)) - Added filter static_user_filter (class=org.apache.hadoop.http.lib.StaticUserWebFilter$StaticUserFilter) to context static
2019-07-16 14:13:41,997 INFO  http.HttpServer2 (HttpServer2.java:bindListener(1191)) - Jetty bound to port 37483
2019-07-16 14:13:41,998 INFO  server.Server (Server.java:doStart(351)) - jetty-9.3.24.v20180605, build timestamp: 2018-06-05T17:11:56Z, git hash: 84205aa28f11a4f31f2a3b86d1bba2cc8ab69827
2019-07-16 14:13:42,001 INFO  handler.ContextHandler (ContextHandler.java:doStart(781)) - Started o.e.j.s.ServletContextHandler@1a8e9ed9{/logs,file:///workdir/hadoop-ozone/integration-test/target/log,AVAILABLE}
2019-07-16 14:13:42,001 INFO  handler.ContextHandler (ContextHandler.java:doStart(781)) - Started o.e.j.s.ServletContextHandler@12fcb2c3{/static,jar:file:/home/user/.m2/repository/org/apache/hadoop/hadoop-hdds-container-service/0.5.0-SNAPSHOT/hadoop-hdds-container-service-0.5.0-SNAPSHOT.jar!/webapps/static,AVAILABLE}
2019-07-16 14:13:42,029 INFO  handler.ContextHandler (ContextHandler.java:doStart(781)) - Started o.e.j.w.WebAppContext@c412556{/,file:///tmp/jetty-0.0.0.0-37483-hddsDatanode-_-any-3471566599539899525.dir/webapp/,AVAILABLE}{/hddsDatanode}
2019-07-16 14:13:42,030 INFO  server.AbstractConnector (AbstractConnector.java:doStart(278)) - Started ServerConnector@6f930e0{HTTP/1.1,[http/1.1]}{0.0.0.0:37483}
2019-07-16 14:13:42,031 INFO  server.Server (Server.java:doStart(419)) - Started @6674ms
2019-07-16 14:13:42,033 INFO  server.BaseHttpServer (BaseHttpServer.java:updateConnectorAddress(207)) - HTTP server of HDDSDATANODE is listening at http://0.0.0.0:37483
2019-07-16 14:13:42,232 INFO  ozone.HddsDatanodeService (HddsDatanodeService.java:startPlugins(396)) - Started plug-in org.apache.hadoop.ozone.web.OzoneHddsDatanodeService@48cd319d
2019-07-16 14:13:42,232 INFO  impl.MetricsSystemImpl (MetricsSystemImpl.java:init(158)) - HddsDatanode metrics system started (again)
2019-07-16 14:13:42,234 INFO  ozone.HddsDatanodeService (HddsDatanodeService.java:start(185)) - HddsDatanodeService host:trunk-nightly-gllmw-2332419065 ip:192.168.157.241
2019-07-16 14:13:42,236 INFO  util.JvmPauseMonitor (JvmPauseMonitor.java:run(188)) - Starting JVM pause monitor
2019-07-16 14:13:42,239 INFO  datanode.InitDatanodeState (InitDatanodeState.java:persistContainerDatanodeDetails(140)) - DatanodeDetails is persisted to /workdir/hadoop-ozone/integration-test/target/test-dir/MiniOzoneClusterImpl-ca431de0-41b1-4e2e-b35a-867a60f198c4/datanode-3/meta/datanode.id
2019-07-16 14:13:42,244 INFO  volume.HddsVolume (HddsVolume.java:<init>(176)) - Creating Volume: /workdir/hadoop-ozone/integration-test/target/test-dir/MiniOzoneClusterImpl-ca431de0-41b1-4e2e-b35a-867a60f198c4/datanode-4/data/containers/hdds of  storage type : DISK and capacity : 52710309888
2019-07-16 14:13:42,244 INFO  volume.VolumeSet (VolumeSet.java:initializeVolumeSet(170)) - Added Volume : /workdir/hadoop-ozone/integration-test/target/test-dir/MiniOzoneClusterImpl-ca431de0-41b1-4e2e-b35a-867a60f198c4/datanode-4/data/containers/hdds to VolumeSet
2019-07-16 14:13:42,245 INFO  volume.ThrottledAsyncChecker (ThrottledAsyncChecker.java:schedule(140)) - Scheduling a check for org.apache.hadoop.ozone.container.common.volume.HddsVolume@7c588adc
2019-07-16 14:13:42,245 INFO  volume.HddsVolumeChecker (HddsVolumeChecker.java:checkAllVolumes(203)) - Scheduled health check for volume org.apache.hadoop.ozone.container.common.volume.HddsVolume@7c588adc
2019-07-16 14:13:42,262 INFO  impl.RaftServerProxy (ConfUtils.java:logGet(43)) - raft.rpc.type = GRPC (default)
2019-07-16 14:13:42,263 INFO  grpc.GrpcFactory (GrpcFactory.java:checkPooledByteBufAllocatorUseCacheForAllThreads(45)) - PERFORMANCE WARNING: useCacheForAllThreads is true that may cause Netty to create a lot garbage objects and, as a result, trigger GC.
	It is recommended to disable useCacheForAllThreads by setting -Dorg.apache.ratis.thirdparty.io.netty.allocator.useCacheForAllThreads=false in command line.
2019-07-16 14:13:42,263 INFO  grpc.GrpcConfigKeys$Server (ConfUtils.java:logGet(43)) - raft.grpc.server.port = 0 (default)
2019-07-16 14:13:42,263 INFO  server.GrpcService (ConfUtils.java:logGet(43)) - raft.grpc.message.size.max = 33570816 (custom)
2019-07-16 14:13:42,264 INFO  server.RaftServerConfigKeys (ConfUtils.java:logGet(43)) - raft.server.log.appender.buffer.byte-limit = 33554432 (custom)
2019-07-16 14:13:42,264 INFO  server.GrpcService (ConfUtils.java:logGet(43)) - raft.grpc.flow.control.window = 1MB (=1048576) (default)
2019-07-16 14:13:42,264 INFO  server.RaftServerConfigKeys (ConfUtils.java:logGet(43)) - raft.server.rpc.request.timeout = 3000ms (default)
2019-07-16 14:13:42,265 INFO  server.RaftServerConfigKeys (ConfUtils.java:logGet(43)) - raft.server.storage.dir = [/workdir/hadoop-ozone/integration-test/target/test-dir/MiniOzoneClusterImpl-ca431de0-41b1-4e2e-b35a-867a60f198c4/datanode-4/data/ratis] (custom)
2019-07-16 14:13:42,266 INFO  replication.SimpleContainerDownloader (SimpleContainerDownloader.java:<init>(72)) - Starting container downloader service to copy containers to replicate.
2019-07-16 14:13:42,267 INFO  hdfs.DFSUtil (DFSUtil.java:httpServerTemplateForNNAndJN(1641)) - Starting Web-server for hddsDatanode at: http://0.0.0.0:0
2019-07-16 14:13:42,270 INFO  server.AuthenticationFilter (AuthenticationFilter.java:constructSecretProvider(240)) - Unable to initialize FileSignerSecretProvider, falling back to use random secrets.
2019-07-16 14:13:42,271 WARN  http.HttpRequestLog (HttpRequestLog.java:getRequestLog(97)) - Jetty request log can only be enabled using Log4j
2019-07-16 14:13:42,273 INFO  http.HttpServer2 (HttpServer2.java:addGlobalFilter(975)) - Added global filter 'safety' (class=org.apache.hadoop.http.HttpServer2$QuotingInputFilter)
2019-07-16 14:13:42,274 INFO  http.HttpServer2 (HttpServer2.java:addFilter(948)) - Added filter static_user_filter (class=org.apache.hadoop.http.lib.StaticUserWebFilter$StaticUserFilter) to context hddsDatanode
2019-07-16 14:13:42,274 INFO  http.HttpServer2 (HttpServer2.java:addFilter(958)) - Added filter static_user_filter (class=org.apache.hadoop.http.lib.StaticUserWebFilter$StaticUserFilter) to context logs
2019-07-16 14:13:42,275 INFO  http.HttpServer2 (HttpServer2.java:addFilter(958)) - Added filter static_user_filter (class=org.apache.hadoop.http.lib.StaticUserWebFilter$StaticUserFilter) to context static
2019-07-16 14:13:42,276 INFO  http.HttpServer2 (HttpServer2.java:bindListener(1191)) - Jetty bound to port 36009
2019-07-16 14:13:42,276 INFO  server.Server (Server.java:doStart(351)) - jetty-9.3.24.v20180605, build timestamp: 2018-06-05T17:11:56Z, git hash: 84205aa28f11a4f31f2a3b86d1bba2cc8ab69827
2019-07-16 14:13:42,282 INFO  handler.ContextHandler (ContextHandler.java:doStart(781)) - Started o.e.j.s.ServletContextHandler@22f02996{/logs,file:///workdir/hadoop-ozone/integration-test/target/log,AVAILABLE}
2019-07-16 14:13:42,282 INFO  handler.ContextHandler (ContextHandler.java:doStart(781)) - Started o.e.j.s.ServletContextHandler@42c0a16e{/static,jar:file:/home/user/.m2/repository/org/apache/hadoop/hadoop-hdds-container-service/0.5.0-SNAPSHOT/hadoop-hdds-container-service-0.5.0-SNAPSHOT.jar!/webapps/static,AVAILABLE}
2019-07-16 14:13:42,318 INFO  handler.ContextHandler (ContextHandler.java:doStart(781)) - Started o.e.j.w.WebAppContext@5a9840f3{/,file:///tmp/jetty-0.0.0.0-36009-hddsDatanode-_-any-4975189175515610948.dir/webapp/,AVAILABLE}{/hddsDatanode}
2019-07-16 14:13:42,321 INFO  server.AbstractConnector (AbstractConnector.java:doStart(278)) - Started ServerConnector@7d30007d{HTTP/1.1,[http/1.1]}{0.0.0.0:36009}
2019-07-16 14:13:42,321 INFO  server.Server (Server.java:doStart(419)) - Started @6964ms
2019-07-16 14:13:42,322 INFO  server.BaseHttpServer (BaseHttpServer.java:updateConnectorAddress(207)) - HTTP server of HDDSDATANODE is listening at http://0.0.0.0:36009
2019-07-16 14:13:42,487 INFO  ozone.HddsDatanodeService (HddsDatanodeService.java:startPlugins(396)) - Started plug-in org.apache.hadoop.ozone.web.OzoneHddsDatanodeService@4a1a412e
2019-07-16 14:13:42,487 INFO  impl.MetricsSystemImpl (MetricsSystemImpl.java:init(158)) - HddsDatanode metrics system started (again)
2019-07-16 14:13:42,489 INFO  ozone.HddsDatanodeService (HddsDatanodeService.java:start(185)) - HddsDatanodeService host:trunk-nightly-gllmw-2332419065 ip:192.168.157.241
2019-07-16 14:13:42,491 INFO  util.JvmPauseMonitor (JvmPauseMonitor.java:run(188)) - Starting JVM pause monitor
2019-07-16 14:13:42,494 INFO  datanode.InitDatanodeState (InitDatanodeState.java:persistContainerDatanodeDetails(140)) - DatanodeDetails is persisted to /workdir/hadoop-ozone/integration-test/target/test-dir/MiniOzoneClusterImpl-ca431de0-41b1-4e2e-b35a-867a60f198c4/datanode-4/meta/datanode.id
2019-07-16 14:13:42,499 INFO  volume.HddsVolume (HddsVolume.java:<init>(176)) - Creating Volume: /workdir/hadoop-ozone/integration-test/target/test-dir/MiniOzoneClusterImpl-ca431de0-41b1-4e2e-b35a-867a60f198c4/datanode-5/data/containers/hdds of  storage type : DISK and capacity : 52710309888
2019-07-16 14:13:42,500 INFO  volume.VolumeSet (VolumeSet.java:initializeVolumeSet(170)) - Added Volume : /workdir/hadoop-ozone/integration-test/target/test-dir/MiniOzoneClusterImpl-ca431de0-41b1-4e2e-b35a-867a60f198c4/datanode-5/data/containers/hdds to VolumeSet
2019-07-16 14:13:42,500 INFO  volume.ThrottledAsyncChecker (ThrottledAsyncChecker.java:schedule(140)) - Scheduling a check for org.apache.hadoop.ozone.container.common.volume.HddsVolume@2e952845
2019-07-16 14:13:42,500 INFO  volume.HddsVolumeChecker (HddsVolumeChecker.java:checkAllVolumes(203)) - Scheduled health check for volume org.apache.hadoop.ozone.container.common.volume.HddsVolume@2e952845
2019-07-16 14:13:42,516 INFO  impl.RaftServerProxy (ConfUtils.java:logGet(43)) - raft.rpc.type = GRPC (default)
2019-07-16 14:13:42,516 INFO  grpc.GrpcFactory (GrpcFactory.java:checkPooledByteBufAllocatorUseCacheForAllThreads(45)) - PERFORMANCE WARNING: useCacheForAllThreads is true that may cause Netty to create a lot garbage objects and, as a result, trigger GC.
	It is recommended to disable useCacheForAllThreads by setting -Dorg.apache.ratis.thirdparty.io.netty.allocator.useCacheForAllThreads=false in command line.
2019-07-16 14:13:42,516 INFO  grpc.GrpcConfigKeys$Server (ConfUtils.java:logGet(43)) - raft.grpc.server.port = 0 (default)
2019-07-16 14:13:42,516 INFO  server.GrpcService (ConfUtils.java:logGet(43)) - raft.grpc.message.size.max = 33570816 (custom)
2019-07-16 14:13:42,517 INFO  server.RaftServerConfigKeys (ConfUtils.java:logGet(43)) - raft.server.log.appender.buffer.byte-limit = 33554432 (custom)
2019-07-16 14:13:42,517 INFO  server.GrpcService (ConfUtils.java:logGet(43)) - raft.grpc.flow.control.window = 1MB (=1048576) (default)
2019-07-16 14:13:42,517 INFO  server.RaftServerConfigKeys (ConfUtils.java:logGet(43)) - raft.server.rpc.request.timeout = 3000ms (default)
2019-07-16 14:13:42,518 INFO  server.RaftServerConfigKeys (ConfUtils.java:logGet(43)) - raft.server.storage.dir = [/workdir/hadoop-ozone/integration-test/target/test-dir/MiniOzoneClusterImpl-ca431de0-41b1-4e2e-b35a-867a60f198c4/datanode-5/data/ratis] (custom)
2019-07-16 14:13:42,518 INFO  replication.SimpleContainerDownloader (SimpleContainerDownloader.java:<init>(72)) - Starting container downloader service to copy containers to replicate.
2019-07-16 14:13:42,519 INFO  hdfs.DFSUtil (DFSUtil.java:httpServerTemplateForNNAndJN(1641)) - Starting Web-server for hddsDatanode at: http://0.0.0.0:0
2019-07-16 14:13:42,520 INFO  server.AuthenticationFilter (AuthenticationFilter.java:constructSecretProvider(240)) - Unable to initialize FileSignerSecretProvider, falling back to use random secrets.
2019-07-16 14:13:42,521 WARN  http.HttpRequestLog (HttpRequestLog.java:getRequestLog(97)) - Jetty request log can only be enabled using Log4j
2019-07-16 14:13:42,522 INFO  http.HttpServer2 (HttpServer2.java:addGlobalFilter(975)) - Added global filter 'safety' (class=org.apache.hadoop.http.HttpServer2$QuotingInputFilter)
2019-07-16 14:13:42,523 INFO  http.HttpServer2 (HttpServer2.java:addFilter(948)) - Added filter static_user_filter (class=org.apache.hadoop.http.lib.StaticUserWebFilter$StaticUserFilter) to context hddsDatanode
2019-07-16 14:13:42,523 INFO  http.HttpServer2 (HttpServer2.java:addFilter(958)) - Added filter static_user_filter (class=org.apache.hadoop.http.lib.StaticUserWebFilter$StaticUserFilter) to context logs
2019-07-16 14:13:42,523 INFO  http.HttpServer2 (HttpServer2.java:addFilter(958)) - Added filter static_user_filter (class=org.apache.hadoop.http.lib.StaticUserWebFilter$StaticUserFilter) to context static
2019-07-16 14:13:42,524 INFO  http.HttpServer2 (HttpServer2.java:bindListener(1191)) - Jetty bound to port 34370
2019-07-16 14:13:42,524 INFO  server.Server (Server.java:doStart(351)) - jetty-9.3.24.v20180605, build timestamp: 2018-06-05T17:11:56Z, git hash: 84205aa28f11a4f31f2a3b86d1bba2cc8ab69827
2019-07-16 14:13:42,526 INFO  handler.ContextHandler (ContextHandler.java:doStart(781)) - Started o.e.j.s.ServletContextHandler@6b9c42bd{/logs,file:///workdir/hadoop-ozone/integration-test/target/log,AVAILABLE}
2019-07-16 14:13:42,527 INFO  handler.ContextHandler (ContextHandler.java:doStart(781)) - Started o.e.j.s.ServletContextHandler@33324c05{/static,jar:file:/home/user/.m2/repository/org/apache/hadoop/hadoop-hdds-container-service/0.5.0-SNAPSHOT/hadoop-hdds-container-service-0.5.0-SNAPSHOT.jar!/webapps/static,AVAILABLE}
2019-07-16 14:13:42,555 INFO  handler.ContextHandler (ContextHandler.java:doStart(781)) - Started o.e.j.w.WebAppContext@16681017{/,file:///tmp/jetty-0.0.0.0-34370-hddsDatanode-_-any-876896677792735855.dir/webapp/,AVAILABLE}{/hddsDatanode}
2019-07-16 14:13:42,556 INFO  server.AbstractConnector (AbstractConnector.java:doStart(278)) - Started ServerConnector@6aae0e6f{HTTP/1.1,[http/1.1]}{0.0.0.0:34370}
2019-07-16 14:13:42,556 INFO  server.Server (Server.java:doStart(419)) - Started @7199ms
2019-07-16 14:13:42,557 INFO  server.BaseHttpServer (BaseHttpServer.java:updateConnectorAddress(207)) - HTTP server of HDDSDATANODE is listening at http://0.0.0.0:34370
2019-07-16 14:13:42,720 INFO  ozone.HddsDatanodeService (HddsDatanodeService.java:startPlugins(396)) - Started plug-in org.apache.hadoop.ozone.web.OzoneHddsDatanodeService@73e4bb60
2019-07-16 14:13:42,720 INFO  impl.MetricsSystemImpl (MetricsSystemImpl.java:init(158)) - HddsDatanode metrics system started (again)
2019-07-16 14:13:42,722 INFO  ozone.HddsDatanodeService (HddsDatanodeService.java:start(185)) - HddsDatanodeService host:trunk-nightly-gllmw-2332419065 ip:192.168.157.241
2019-07-16 14:13:42,725 INFO  util.JvmPauseMonitor (JvmPauseMonitor.java:run(188)) - Starting JVM pause monitor
2019-07-16 14:13:42,735 INFO  volume.HddsVolume (HddsVolume.java:<init>(176)) - Creating Volume: /workdir/hadoop-ozone/integration-test/target/test-dir/MiniOzoneClusterImpl-ca431de0-41b1-4e2e-b35a-867a60f198c4/datanode-6/data/containers/hdds of  storage type : DISK and capacity : 52710309888
2019-07-16 14:13:42,735 INFO  volume.VolumeSet (VolumeSet.java:initializeVolumeSet(170)) - Added Volume : /workdir/hadoop-ozone/integration-test/target/test-dir/MiniOzoneClusterImpl-ca431de0-41b1-4e2e-b35a-867a60f198c4/datanode-6/data/containers/hdds to VolumeSet
2019-07-16 14:13:42,735 INFO  volume.ThrottledAsyncChecker (ThrottledAsyncChecker.java:schedule(140)) - Scheduling a check for org.apache.hadoop.ozone.container.common.volume.HddsVolume@6ddc67d0
2019-07-16 14:13:42,736 INFO  volume.HddsVolumeChecker (HddsVolumeChecker.java:checkAllVolumes(203)) - Scheduled health check for volume org.apache.hadoop.ozone.container.common.volume.HddsVolume@6ddc67d0
2019-07-16 14:13:42,739 INFO  datanode.InitDatanodeState (InitDatanodeState.java:persistContainerDatanodeDetails(140)) - DatanodeDetails is persisted to /workdir/hadoop-ozone/integration-test/target/test-dir/MiniOzoneClusterImpl-ca431de0-41b1-4e2e-b35a-867a60f198c4/datanode-5/meta/datanode.id
2019-07-16 14:13:42,814 INFO  impl.RaftServerProxy (ConfUtils.java:logGet(43)) - raft.rpc.type = GRPC (default)
2019-07-16 14:13:42,815 INFO  grpc.GrpcFactory (GrpcFactory.java:checkPooledByteBufAllocatorUseCacheForAllThreads(45)) - PERFORMANCE WARNING: useCacheForAllThreads is true that may cause Netty to create a lot garbage objects and, as a result, trigger GC.
	It is recommended to disable useCacheForAllThreads by setting -Dorg.apache.ratis.thirdparty.io.netty.allocator.useCacheForAllThreads=false in command line.
2019-07-16 14:13:42,815 INFO  grpc.GrpcConfigKeys$Server (ConfUtils.java:logGet(43)) - raft.grpc.server.port = 0 (default)
2019-07-16 14:13:42,816 INFO  server.GrpcService (ConfUtils.java:logGet(43)) - raft.grpc.message.size.max = 33570816 (custom)
2019-07-16 14:13:42,816 INFO  server.RaftServerConfigKeys (ConfUtils.java:logGet(43)) - raft.server.log.appender.buffer.byte-limit = 33554432 (custom)
2019-07-16 14:13:42,816 INFO  server.GrpcService (ConfUtils.java:logGet(43)) - raft.grpc.flow.control.window = 1MB (=1048576) (default)
2019-07-16 14:13:42,817 INFO  server.RaftServerConfigKeys (ConfUtils.java:logGet(43)) - raft.server.rpc.request.timeout = 3000ms (default)
2019-07-16 14:13:42,818 INFO  server.RaftServerConfigKeys (ConfUtils.java:logGet(43)) - raft.server.storage.dir = [/workdir/hadoop-ozone/integration-test/target/test-dir/MiniOzoneClusterImpl-ca431de0-41b1-4e2e-b35a-867a60f198c4/datanode-6/data/ratis] (custom)
2019-07-16 14:13:42,819 INFO  replication.SimpleContainerDownloader (SimpleContainerDownloader.java:<init>(72)) - Starting container downloader service to copy containers to replicate.
2019-07-16 14:13:42,826 INFO  hdfs.DFSUtil (DFSUtil.java:httpServerTemplateForNNAndJN(1641)) - Starting Web-server for hddsDatanode at: http://0.0.0.0:0
2019-07-16 14:13:42,834 INFO  server.AuthenticationFilter (AuthenticationFilter.java:constructSecretProvider(240)) - Unable to initialize FileSignerSecretProvider, falling back to use random secrets.
2019-07-16 14:13:42,836 WARN  http.HttpRequestLog (HttpRequestLog.java:getRequestLog(97)) - Jetty request log can only be enabled using Log4j
2019-07-16 14:13:42,838 INFO  http.HttpServer2 (HttpServer2.java:addGlobalFilter(975)) - Added global filter 'safety' (class=org.apache.hadoop.http.HttpServer2$QuotingInputFilter)
2019-07-16 14:13:42,839 INFO  http.HttpServer2 (HttpServer2.java:addFilter(948)) - Added filter static_user_filter (class=org.apache.hadoop.http.lib.StaticUserWebFilter$StaticUserFilter) to context hddsDatanode
2019-07-16 14:13:42,839 INFO  http.HttpServer2 (HttpServer2.java:addFilter(958)) - Added filter static_user_filter (class=org.apache.hadoop.http.lib.StaticUserWebFilter$StaticUserFilter) to context logs
2019-07-16 14:13:42,840 INFO  http.HttpServer2 (HttpServer2.java:addFilter(958)) - Added filter static_user_filter (class=org.apache.hadoop.http.lib.StaticUserWebFilter$StaticUserFilter) to context static
2019-07-16 14:13:42,848 INFO  http.HttpServer2 (HttpServer2.java:bindListener(1191)) - Jetty bound to port 40915
2019-07-16 14:13:42,848 INFO  server.Server (Server.java:doStart(351)) - jetty-9.3.24.v20180605, build timestamp: 2018-06-05T17:11:56Z, git hash: 84205aa28f11a4f31f2a3b86d1bba2cc8ab69827
2019-07-16 14:13:42,852 INFO  handler.ContextHandler (ContextHandler.java:doStart(781)) - Started o.e.j.s.ServletContextHandler@6206b4a7{/logs,file:///workdir/hadoop-ozone/integration-test/target/log,AVAILABLE}
2019-07-16 14:13:42,853 INFO  handler.ContextHandler (ContextHandler.java:doStart(781)) - Started o.e.j.s.ServletContextHandler@5c1b89ac{/static,jar:file:/home/user/.m2/repository/org/apache/hadoop/hadoop-hdds-container-service/0.5.0-SNAPSHOT/hadoop-hdds-container-service-0.5.0-SNAPSHOT.jar!/webapps/static,AVAILABLE}
2019-07-16 14:13:42,896 INFO  handler.ContextHandler (ContextHandler.java:doStart(781)) - Started o.e.j.w.WebAppContext@37314843{/,file:///tmp/jetty-0.0.0.0-40915-hddsDatanode-_-any-3882254778905588676.dir/webapp/,AVAILABLE}{/hddsDatanode}
2019-07-16 14:13:42,896 INFO  server.AbstractConnector (AbstractConnector.java:doStart(278)) - Started ServerConnector@50122012{HTTP/1.1,[http/1.1]}{0.0.0.0:40915}
2019-07-16 14:13:42,897 INFO  server.Server (Server.java:doStart(419)) - Started @7540ms
2019-07-16 14:13:42,898 INFO  server.BaseHttpServer (BaseHttpServer.java:updateConnectorAddress(207)) - HTTP server of HDDSDATANODE is listening at http://0.0.0.0:40915
2019-07-16 14:13:43,032 INFO  ozone.HddsDatanodeService (HddsDatanodeService.java:startPlugins(396)) - Started plug-in org.apache.hadoop.ozone.web.OzoneHddsDatanodeService@71369e1a
2019-07-16 14:13:43,035 INFO  ozone.MiniOzoneClusterImpl (MiniOzoneClusterImpl.java:lambda$waitForClusterToBeReady$0(142)) - Waiting for cluster to be ready. Got 0 of 7 DN Heartbeats.
2019-07-16 14:13:43,036 INFO  util.JvmPauseMonitor (JvmPauseMonitor.java:run(188)) - Starting JVM pause monitor
2019-07-16 14:13:43,039 INFO  datanode.InitDatanodeState (InitDatanodeState.java:persistContainerDatanodeDetails(140)) - DatanodeDetails is persisted to /workdir/hadoop-ozone/integration-test/target/test-dir/MiniOzoneClusterImpl-ca431de0-41b1-4e2e-b35a-867a60f198c4/datanode-6/meta/datanode.id
2019-07-16 14:13:43,503 INFO  ozoneimpl.OzoneContainer (OzoneContainer.java:start(186)) - Attempting to start container services.
2019-07-16 14:13:43,505 INFO  ozoneimpl.OzoneContainer (OzoneContainer.java:startContainerScrub(160)) - Background container scrubber has been disabled by hdds.containerscrub.enabled
2019-07-16 14:13:43,505 INFO  ratis.XceiverServerRatis (XceiverServerRatis.java:start(418)) - Starting XceiverServerRatis 2a131300-3ed9-43c6-85ba-4f419284b8d2 at port 0
2019-07-16 14:13:43,525 INFO  impl.RaftServerProxy (RaftServerProxy.java:lambda$start$3(299)) - 2a131300-3ed9-43c6-85ba-4f419284b8d2: start RPC server
2019-07-16 14:13:43,639 INFO  server.GrpcService (GrpcService.java:startImpl(149)) - 2a131300-3ed9-43c6-85ba-4f419284b8d2: GrpcService started, listening on 0.0.0.0/0.0.0.0:36166
2019-07-16 14:13:43,640 INFO  ratis.XceiverServerRatis (XceiverServerRatis.java:start(428)) - XceiverServerRatis 2a131300-3ed9-43c6-85ba-4f419284b8d2 is started using port 36166
2019-07-16 14:13:43,642 INFO  server.XceiverServerGrpc (XceiverServerGrpc.java:start(161)) - XceiverServerGrpc 2a131300-3ed9-43c6-85ba-4f419284b8d2 is started using port 44087
2019-07-16 14:13:43,739 INFO  ozoneimpl.OzoneContainer (OzoneContainer.java:start(186)) - Attempting to start container services.
2019-07-16 14:13:43,742 INFO  ozoneimpl.OzoneContainer (OzoneContainer.java:startContainerScrub(160)) - Background container scrubber has been disabled by hdds.containerscrub.enabled
2019-07-16 14:13:43,742 INFO  ratis.XceiverServerRatis (XceiverServerRatis.java:start(418)) - Starting XceiverServerRatis 526d2249-9d42-407f-8279-75e7249dd6d1 at port 0
2019-07-16 14:13:43,751 INFO  impl.RaftServerProxy (RaftServerProxy.java:lambda$start$3(299)) - 526d2249-9d42-407f-8279-75e7249dd6d1: start RPC server
2019-07-16 14:13:43,755 INFO  server.GrpcService (GrpcService.java:startImpl(149)) - 526d2249-9d42-407f-8279-75e7249dd6d1: GrpcService started, listening on 0.0.0.0/0.0.0.0:37701
2019-07-16 14:13:43,755 INFO  ratis.XceiverServerRatis (XceiverServerRatis.java:start(428)) - XceiverServerRatis 526d2249-9d42-407f-8279-75e7249dd6d1 is started using port 37701
2019-07-16 14:13:43,758 INFO  server.XceiverServerGrpc (XceiverServerGrpc.java:start(161)) - XceiverServerGrpc 526d2249-9d42-407f-8279-75e7249dd6d1 is started using port 33397
2019-07-16 14:13:43,971 INFO  ozoneimpl.OzoneContainer (OzoneContainer.java:start(186)) - Attempting to start container services.
2019-07-16 14:13:43,973 INFO  ozoneimpl.OzoneContainer (OzoneContainer.java:startContainerScrub(160)) - Background container scrubber has been disabled by hdds.containerscrub.enabled
2019-07-16 14:13:43,973 INFO  ratis.XceiverServerRatis (XceiverServerRatis.java:start(418)) - Starting XceiverServerRatis 359fe173-38fd-4ce0-9d25-5902b5418fa6 at port 0
2019-07-16 14:13:43,982 INFO  impl.RaftServerProxy (RaftServerProxy.java:lambda$start$3(299)) - 359fe173-38fd-4ce0-9d25-5902b5418fa6: start RPC server
2019-07-16 14:13:43,986 INFO  server.GrpcService (GrpcService.java:startImpl(149)) - 359fe173-38fd-4ce0-9d25-5902b5418fa6: GrpcService started, listening on 0.0.0.0/0.0.0.0:44465
2019-07-16 14:13:43,986 INFO  ratis.XceiverServerRatis (XceiverServerRatis.java:start(428)) - XceiverServerRatis 359fe173-38fd-4ce0-9d25-5902b5418fa6 is started using port 44465
2019-07-16 14:13:43,989 INFO  server.XceiverServerGrpc (XceiverServerGrpc.java:start(161)) - XceiverServerGrpc 359fe173-38fd-4ce0-9d25-5902b5418fa6 is started using port 40963
2019-07-16 14:13:44,035 INFO  ozone.MiniOzoneClusterImpl (MiniOzoneClusterImpl.java:lambda$waitForClusterToBeReady$0(142)) - Waiting for cluster to be ready. Got 0 of 7 DN Heartbeats.
2019-07-16 14:13:44,252 INFO  ozoneimpl.OzoneContainer (OzoneContainer.java:start(186)) - Attempting to start container services.
2019-07-16 14:13:44,259 INFO  ozoneimpl.OzoneContainer (OzoneContainer.java:startContainerScrub(160)) - Background container scrubber has been disabled by hdds.containerscrub.enabled
2019-07-16 14:13:44,259 INFO  ratis.XceiverServerRatis (XceiverServerRatis.java:start(418)) - Starting XceiverServerRatis df0574f8-c8fd-4049-8ec8-bb56aa8093ca at port 0
2019-07-16 14:13:44,269 INFO  impl.RaftServerProxy (RaftServerProxy.java:lambda$start$3(299)) - df0574f8-c8fd-4049-8ec8-bb56aa8093ca: start RPC server
2019-07-16 14:13:44,273 INFO  server.GrpcService (GrpcService.java:startImpl(149)) - df0574f8-c8fd-4049-8ec8-bb56aa8093ca: GrpcService started, listening on 0.0.0.0/0.0.0.0:34666
2019-07-16 14:13:44,273 INFO  ratis.XceiverServerRatis (XceiverServerRatis.java:start(428)) - XceiverServerRatis df0574f8-c8fd-4049-8ec8-bb56aa8093ca is started using port 34666
2019-07-16 14:13:44,276 INFO  server.XceiverServerGrpc (XceiverServerGrpc.java:start(161)) - XceiverServerGrpc df0574f8-c8fd-4049-8ec8-bb56aa8093ca is started using port 39486
2019-07-16 14:13:44,508 INFO  ozoneimpl.OzoneContainer (OzoneContainer.java:start(186)) - Attempting to start container services.
2019-07-16 14:13:44,508 INFO  ozoneimpl.OzoneContainer (OzoneContainer.java:startContainerScrub(160)) - Background container scrubber has been disabled by hdds.containerscrub.enabled
2019-07-16 14:13:44,508 INFO  ratis.XceiverServerRatis (XceiverServerRatis.java:start(418)) - Starting XceiverServerRatis 43bec1a5-995d-481a-8c42-07fe41c7e672 at port 0
2019-07-16 14:13:44,519 INFO  impl.RaftServerProxy (RaftServerProxy.java:lambda$start$3(299)) - 43bec1a5-995d-481a-8c42-07fe41c7e672: start RPC server
2019-07-16 14:13:44,523 INFO  server.GrpcService (GrpcService.java:startImpl(149)) - 43bec1a5-995d-481a-8c42-07fe41c7e672: GrpcService started, listening on 0.0.0.0/0.0.0.0:44492
2019-07-16 14:13:44,523 INFO  ratis.XceiverServerRatis (XceiverServerRatis.java:start(428)) - XceiverServerRatis 43bec1a5-995d-481a-8c42-07fe41c7e672 is started using port 44492
2019-07-16 14:13:44,528 INFO  server.XceiverServerGrpc (XceiverServerGrpc.java:start(161)) - XceiverServerGrpc 43bec1a5-995d-481a-8c42-07fe41c7e672 is started using port 39083
2019-07-16 14:13:44,741 INFO  ozoneimpl.OzoneContainer (OzoneContainer.java:start(186)) - Attempting to start container services.
2019-07-16 14:13:44,741 INFO  ozoneimpl.OzoneContainer (OzoneContainer.java:startContainerScrub(160)) - Background container scrubber has been disabled by hdds.containerscrub.enabled
2019-07-16 14:13:44,741 INFO  ratis.XceiverServerRatis (XceiverServerRatis.java:start(418)) - Starting XceiverServerRatis 5a8e66b1-e425-4e76-8605-15c5cf330f8d at port 0
2019-07-16 14:13:44,752 INFO  impl.RaftServerProxy (RaftServerProxy.java:lambda$start$3(299)) - 5a8e66b1-e425-4e76-8605-15c5cf330f8d: start RPC server
2019-07-16 14:13:44,757 INFO  server.GrpcService (GrpcService.java:startImpl(149)) - 5a8e66b1-e425-4e76-8605-15c5cf330f8d: GrpcService started, listening on 0.0.0.0/0.0.0.0:44010
2019-07-16 14:13:44,757 INFO  ratis.XceiverServerRatis (XceiverServerRatis.java:start(428)) - XceiverServerRatis 5a8e66b1-e425-4e76-8605-15c5cf330f8d is started using port 44010
2019-07-16 14:13:44,761 INFO  server.XceiverServerGrpc (XceiverServerGrpc.java:start(161)) - XceiverServerGrpc 5a8e66b1-e425-4e76-8605-15c5cf330f8d is started using port 44169
2019-07-16 14:13:45,035 INFO  ozone.MiniOzoneClusterImpl (MiniOzoneClusterImpl.java:lambda$waitForClusterToBeReady$0(142)) - Waiting for cluster to be ready. Got 0 of 7 DN Heartbeats.
2019-07-16 14:13:45,061 INFO  ozoneimpl.OzoneContainer (OzoneContainer.java:start(186)) - Attempting to start container services.
2019-07-16 14:13:45,062 INFO  ozoneimpl.OzoneContainer (OzoneContainer.java:startContainerScrub(160)) - Background container scrubber has been disabled by hdds.containerscrub.enabled
2019-07-16 14:13:45,062 INFO  ratis.XceiverServerRatis (XceiverServerRatis.java:start(418)) - Starting XceiverServerRatis 6abf7afe-3cc4-4a0d-895d-aaf4d03f914c at port 0
2019-07-16 14:13:45,074 INFO  impl.RaftServerProxy (RaftServerProxy.java:lambda$start$3(299)) - 6abf7afe-3cc4-4a0d-895d-aaf4d03f914c: start RPC server
2019-07-16 14:13:45,078 INFO  server.GrpcService (GrpcService.java:startImpl(149)) - 6abf7afe-3cc4-4a0d-895d-aaf4d03f914c: GrpcService started, listening on 0.0.0.0/0.0.0.0:36882
2019-07-16 14:13:45,079 INFO  ratis.XceiverServerRatis (XceiverServerRatis.java:start(428)) - XceiverServerRatis 6abf7afe-3cc4-4a0d-895d-aaf4d03f914c is started using port 36882
2019-07-16 14:13:45,083 INFO  server.XceiverServerGrpc (XceiverServerGrpc.java:start(161)) - XceiverServerGrpc 6abf7afe-3cc4-4a0d-895d-aaf4d03f914c is started using port 44648
2019-07-16 14:13:45,480 INFO  net.NetworkTopology (NetworkTopologyImpl.java:add(110)) - Added a new node: /default-rack/192.168.157.241
2019-07-16 14:13:45,480 INFO  node.SCMNodeManager (SCMNodeManager.java:register(269)) - Registered Data node : 2a131300-3ed9-43c6-85ba-4f419284b8d2{ip: 192.168.157.241, host: trunk-nightly-gllmw-2332419065, networkLocation: /default-rack, certSerialId: null}
2019-07-16 14:13:45,486 INFO  safemode.SCMSafeModeManager (DataNodeSafeModeRule.java:process(71)) - SCM in safe mode. 1 DataNodes registered, 1 required.
2019-07-16 14:13:45,486 INFO  safemode.SCMSafeModeManager (SCMSafeModeManager.java:validateSafeModeExitRules(177)) - ScmSafeModeManager, all rules are successfully validated
2019-07-16 14:13:45,486 INFO  safemode.SCMSafeModeManager (SCMSafeModeManager.java:exitSafeMode(193)) - SCM exiting safe mode.
2019-07-16 14:13:45,728 INFO  node.SCMNodeManager (SCMNodeManager.java:register(269)) - Registered Data node : 526d2249-9d42-407f-8279-75e7249dd6d1{ip: 192.168.157.241, host: trunk-nightly-gllmw-2332419065, networkLocation: /default-rack, certSerialId: null}
2019-07-16 14:13:45,958 INFO  node.SCMNodeManager (SCMNodeManager.java:register(269)) - Registered Data node : 359fe173-38fd-4ce0-9d25-5902b5418fa6{ip: 192.168.157.241, host: trunk-nightly-gllmw-2332419065, networkLocation: /default-rack, certSerialId: null}
2019-07-16 14:13:46,048 INFO  ozone.MiniOzoneClusterImpl (MiniOzoneClusterImpl.java:lambda$waitForClusterToBeReady$0(142)) - Waiting for cluster to be ready. Got 3 of 7 DN Heartbeats.
2019-07-16 14:13:46,092 INFO  impl.RaftServerProxy (RaftServerProxy.java:addNew(89)) - 2a131300-3ed9-43c6-85ba-4f419284b8d2: addNew group-4B789D98BCF6:[2a131300-3ed9-43c6-85ba-4f419284b8d2:192.168.157.241:36166] returns group-4B789D98BCF6:java.util.concurrent.CompletableFuture@66d985be[Not completed]
2019-07-16 14:13:46,520 INFO  node.SCMNodeManager (SCMNodeManager.java:register(269)) - Registered Data node : df0574f8-c8fd-4049-8ec8-bb56aa8093ca{ip: 192.168.157.241, host: trunk-nightly-gllmw-2332419065, networkLocation: /default-rack, certSerialId: null}
2019-07-16 14:13:46,520 INFO  node.SCMNodeManager (SCMNodeManager.java:register(269)) - Registered Data node : 43bec1a5-995d-481a-8c42-07fe41c7e672{ip: 192.168.157.241, host: trunk-nightly-gllmw-2332419065, networkLocation: /default-rack, certSerialId: null}
2019-07-16 14:13:46,523 INFO  impl.RaftServerImpl (RaftServerImpl.java:<init>(93)) - 2a131300-3ed9-43c6-85ba-4f419284b8d2: new RaftServerImpl for group-4B789D98BCF6:[2a131300-3ed9-43c6-85ba-4f419284b8d2:192.168.157.241:36166] with ContainerStateMachine:uninitialized
2019-07-16 14:13:46,525 INFO  server.RaftServerConfigKeys (ConfUtils.java:logGet(43)) - raft.server.rpc.timeout.min = 5s (custom)
2019-07-16 14:13:46,526 INFO  server.RaftServerConfigKeys (ConfUtils.java:logGet(43)) - raft.server.rpc.timeout.max = 5200ms (custom)
2019-07-16 14:13:46,527 INFO  server.RaftServerConfigKeys (ConfUtils.java:logGet(43)) - raft.server.rpcslowness.timeout = 120s (custom)
2019-07-16 14:13:46,528 INFO  server.RaftServerConfigKeys (ConfUtils.java:logGet(43)) - raft.server.sleep.deviation.threshold = 300 (default)
2019-07-16 14:13:46,529 INFO  server.RaftServerConfigKeys (ConfUtils.java:logGet(43)) - raft.server.log.appender.install.snapshot.enabled = false (custom)
2019-07-16 14:13:46,538 INFO  impl.RaftServerImpl (ServerState.java:<init>(105)) - 2a131300-3ed9-43c6-85ba-4f419284b8d2:group-4B789D98BCF6 ConfigurationManager, init=-1: [2a131300-3ed9-43c6-85ba-4f419284b8d2:192.168.157.241:36166], old=null, confs=<EMPTY_MAP>
2019-07-16 14:13:46,539 INFO  server.RaftServerConfigKeys (ConfUtils.java:logGet(43)) - raft.server.storage.dir = [/workdir/hadoop-ozone/integration-test/target/test-dir/MiniOzoneClusterImpl-ca431de0-41b1-4e2e-b35a-867a60f198c4/datanode-0/data/ratis] (custom)
2019-07-16 14:13:46,547 INFO  storage.RaftStorageDirectory (RaftStorageDirectory.java:analyzeStorage(246)) - The storage directory /workdir/hadoop-ozone/integration-test/target/test-dir/MiniOzoneClusterImpl-ca431de0-41b1-4e2e-b35a-867a60f198c4/datanode-0/data/ratis/38d7d2b6-fe3f-4077-ae1c-4b789d98bcf6 does not exist. Creating ...
2019-07-16 14:13:46,573 INFO  storage.RaftStorageDirectory (RaftStorageDirectory.java:tryLock(328)) - Lock on /workdir/hadoop-ozone/integration-test/target/test-dir/MiniOzoneClusterImpl-ca431de0-41b1-4e2e-b35a-867a60f198c4/datanode-0/data/ratis/38d7d2b6-fe3f-4077-ae1c-4b789d98bcf6/in_use.lock acquired by nodename 10151@trunk-nightly-gllmw-2332419065
2019-07-16 14:13:46,588 INFO  storage.RaftStorage (RaftStorage.java:format(72)) - Storage directory /workdir/hadoop-ozone/integration-test/target/test-dir/MiniOzoneClusterImpl-ca431de0-41b1-4e2e-b35a-867a60f198c4/datanode-0/data/ratis/38d7d2b6-fe3f-4077-ae1c-4b789d98bcf6 has been successfully formatted.
2019-07-16 14:13:46,590 INFO  ratis.ContainerStateMachine (ContainerStateMachine.java:loadSnapshot(200)) - group-4B789D98BCF6: The snapshot info is null. Setting the last applied indexto:(t:0, i:~)
2019-07-16 14:13:46,590 INFO  server.RaftServerConfigKeys (ConfUtils.java:logGet(43)) - raft.server.leader.election.timeout = 120s (custom)
2019-07-16 14:13:46,592 INFO  server.RaftServerConfigKeys (ConfUtils.java:logGet(43)) - raft.server.log.use.memory = false (default)
2019-07-16 14:13:46,597 INFO  server.RaftServerConfigKeys (ConfUtils.java:logGet(43)) - raft.server.log.purge.gap = 1000000000 (custom)
2019-07-16 14:13:46,598 INFO  server.RaftServerConfigKeys (ConfUtils.java:logGet(43)) - raft.server.log.appender.buffer.byte-limit = 33554432 (custom)
2019-07-16 14:13:46,599 INFO  server.RaftServerConfigKeys (ConfUtils.java:logGet(43)) - raft.server.log.segment.size.max = 1048576 (custom)
2019-07-16 14:13:46,604 INFO  server.RaftServerConfigKeys (ConfUtils.java:logGet(43)) - raft.server.log.segment.cache.num.max = 2 (custom)
2019-07-16 14:13:46,609 INFO  segmented.SegmentedRaftLogWorker (SegmentedRaftLogWorker.java:<init>(172)) - new 2a131300-3ed9-43c6-85ba-4f419284b8d2-SegmentedRaftLogWorker:Storage Directory /workdir/hadoop-ozone/integration-test/target/test-dir/MiniOzoneClusterImpl-ca431de0-41b1-4e2e-b35a-867a60f198c4/datanode-0/data/ratis/38d7d2b6-fe3f-4077-ae1c-4b789d98bcf6 for RaftStorage:Storage Directory /workdir/hadoop-ozone/integration-test/target/test-dir/MiniOzoneClusterImpl-ca431de0-41b1-4e2e-b35a-867a60f198c4/datanode-0/data/ratis/38d7d2b6-fe3f-4077-ae1c-4b789d98bcf6
2019-07-16 14:13:46,621 INFO  server.RaftServerConfigKeys (ConfUtils.java:logGet(43)) - raft.server.log.queue.byte-limit = 2147483647 (custom)
2019-07-16 14:13:46,621 INFO  server.RaftServerConfigKeys (ConfUtils.java:logGet(43)) - raft.server.log.queue.element-limit = 1024 (custom)
2019-07-16 14:13:46,625 INFO  server.RaftServerConfigKeys (ConfUtils.java:logGet(43)) - raft.server.log.segment.size.max = 1048576 (custom)
2019-07-16 14:13:46,626 INFO  server.RaftServerConfigKeys (ConfUtils.java:logGet(43)) - raft.server.log.preallocated.size = 16384 (custom)
2019-07-16 14:13:46,626 INFO  server.RaftServerConfigKeys (ConfUtils.java:logGet(43)) - raft.server.log.write.buffer.size = 33554432 (custom)
2019-07-16 14:13:46,627 INFO  server.RaftServerConfigKeys (ConfUtils.java:logGet(43)) - raft.server.log.force.sync.num = 128 (default)
2019-07-16 14:13:46,627 INFO  server.RaftServerConfigKeys (ConfUtils.java:logGet(43)) - raft.server.log.statemachine.data.sync = true (default)
2019-07-16 14:13:46,628 INFO  server.RaftServerConfigKeys (ConfUtils.java:logGet(43)) - raft.server.log.statemachine.data.sync.timeout = 10s (default)
2019-07-16 14:13:46,628 INFO  server.RaftServerConfigKeys (ConfUtils.java:logGet(43)) - raft.server.log.statemachine.data.sync.timeout.retry = -1 (default)
2019-07-16 14:13:46,636 INFO  server.RaftServerConfigKeys (ConfUtils.java:logGet(43)) - raft.server.log.statemachine.data.caching.enabled = true (custom)
2019-07-16 14:13:46,640 INFO  segmented.SegmentedRaftLogWorker (SegmentedRaftLogWorker.java:lambda$new$0(132)) - 2a131300-3ed9-43c6-85ba-4f419284b8d2-SegmentedRaftLogWorker:Storage Directory /workdir/hadoop-ozone/integration-test/target/test-dir/MiniOzoneClusterImpl-ca431de0-41b1-4e2e-b35a-867a60f198c4/datanode-0/data/ratis/38d7d2b6-fe3f-4077-ae1c-4b789d98bcf6: flushIndex: setUnconditionally 0 -> -1
2019-07-16 14:13:46,644 INFO  server.RaftServerConfigKeys (ConfUtils.java:logGet(43)) - raft.server.snapshot.auto.trigger.enabled = true (custom)
2019-07-16 14:13:46,645 INFO  server.RaftServerConfigKeys (ConfUtils.java:logGet(43)) - raft.server.snapshot.auto.trigger.threshold = 10000 (custom)
2019-07-16 14:13:46,645 INFO  server.RaftServerConfigKeys (ConfUtils.java:logGet(43)) - raft.server.retrycache.expirytime = 600000ms (custom)
2019-07-16 14:13:46,674 INFO  impl.RaftServerImpl (RaftServerImpl.java:start(180)) - 2a131300-3ed9-43c6-85ba-4f419284b8d2: start group-4B789D98BCF6
2019-07-16 14:13:46,675 INFO  impl.RaftServerImpl (RaftServerImpl.java:setRole(171)) - 2a131300-3ed9-43c6-85ba-4f419284b8d2:group-4B789D98BCF6 changes role from null to FOLLOWER at term 0 for startAsFollower
2019-07-16 14:13:46,677 INFO  impl.RoleInfo (RoleInfo.java:updateAndGet(143)) - 2a131300-3ed9-43c6-85ba-4f419284b8d2: start FollowerState
2019-07-16 14:13:46,679 INFO  util.JmxRegister (JmxRegister.java:tryRegister(44)) - Successfully registered JMX Bean with object name Ratis:service=RaftServer,group=group-4B789D98BCF6,id=2a131300-3ed9-43c6-85ba-4f419284b8d2
2019-07-16 14:13:46,732 INFO  node.SCMNodeManager (SCMNodeManager.java:register(269)) - Registered Data node : 5a8e66b1-e425-4e76-8605-15c5cf330f8d{ip: 192.168.157.241, host: trunk-nightly-gllmw-2332419065, networkLocation: /default-rack, certSerialId: null}
2019-07-16 14:13:46,757 INFO  pipeline.PipelineStateManager (PipelineStateManager.java:addPipeline(56)) - Created pipeline Pipeline[ Id: 38d7d2b6-fe3f-4077-ae1c-4b789d98bcf6, Nodes: 2a131300-3ed9-43c6-85ba-4f419284b8d2{ip: 192.168.157.241, host: trunk-nightly-gllmw-2332419065, networkLocation: /default-rack, certSerialId: null}, Type:RATIS, Factor:ONE, State:OPEN]
2019-07-16 14:13:46,791 INFO  impl.RaftServerProxy (RaftServerProxy.java:addNew(89)) - 359fe173-38fd-4ce0-9d25-5902b5418fa6: addNew group-C590D5FFD3A3:[359fe173-38fd-4ce0-9d25-5902b5418fa6:192.168.157.241:44465] returns group-C590D5FFD3A3:java.util.concurrent.CompletableFuture@695eba7c[Not completed]
2019-07-16 14:13:46,851 INFO  impl.RaftServerImpl (RaftServerImpl.java:<init>(93)) - 359fe173-38fd-4ce0-9d25-5902b5418fa6: new RaftServerImpl for group-C590D5FFD3A3:[359fe173-38fd-4ce0-9d25-5902b5418fa6:192.168.157.241:44465] with ContainerStateMachine:uninitialized
2019-07-16 14:13:46,852 INFO  server.RaftServerConfigKeys (ConfUtils.java:logGet(43)) - raft.server.rpc.timeout.min = 5s (custom)
2019-07-16 14:13:46,852 INFO  server.RaftServerConfigKeys (ConfUtils.java:logGet(43)) - raft.server.rpc.timeout.max = 5200ms (custom)
2019-07-16 14:13:46,852 INFO  server.RaftServerConfigKeys (ConfUtils.java:logGet(43)) - raft.server.rpcslowness.timeout = 120s (custom)
2019-07-16 14:13:46,853 INFO  server.RaftServerConfigKeys (ConfUtils.java:logGet(43)) - raft.server.sleep.deviation.threshold = 300 (default)
2019-07-16 14:13:46,853 INFO  server.RaftServerConfigKeys (ConfUtils.java:logGet(43)) - raft.server.log.appender.install.snapshot.enabled = false (custom)
2019-07-16 14:13:46,853 INFO  impl.RaftServerImpl (ServerState.java:<init>(105)) - 359fe173-38fd-4ce0-9d25-5902b5418fa6:group-C590D5FFD3A3 ConfigurationManager, init=-1: [359fe173-38fd-4ce0-9d25-5902b5418fa6:192.168.157.241:44465], old=null, confs=<EMPTY_MAP>
2019-07-16 14:13:46,853 INFO  server.RaftServerConfigKeys (ConfUtils.java:logGet(43)) - raft.server.storage.dir = [/workdir/hadoop-ozone/integration-test/target/test-dir/MiniOzoneClusterImpl-ca431de0-41b1-4e2e-b35a-867a60f198c4/datanode-2/data/ratis] (custom)
2019-07-16 14:13:46,854 INFO  storage.RaftStorageDirectory (RaftStorageDirectory.java:analyzeStorage(246)) - The storage directory /workdir/hadoop-ozone/integration-test/target/test-dir/MiniOzoneClusterImpl-ca431de0-41b1-4e2e-b35a-867a60f198c4/datanode-2/data/ratis/b1cef546-1a50-4aba-b8e1-c590d5ffd3a3 does not exist. Creating ...
2019-07-16 14:13:46,881 INFO  storage.RaftStorageDirectory (RaftStorageDirectory.java:tryLock(328)) - Lock on /workdir/hadoop-ozone/integration-test/target/test-dir/MiniOzoneClusterImpl-ca431de0-41b1-4e2e-b35a-867a60f198c4/datanode-2/data/ratis/b1cef546-1a50-4aba-b8e1-c590d5ffd3a3/in_use.lock acquired by nodename 10151@trunk-nightly-gllmw-2332419065
2019-07-16 14:13:46,894 INFO  storage.RaftStorage (RaftStorage.java:format(72)) - Storage directory /workdir/hadoop-ozone/integration-test/target/test-dir/MiniOzoneClusterImpl-ca431de0-41b1-4e2e-b35a-867a60f198c4/datanode-2/data/ratis/b1cef546-1a50-4aba-b8e1-c590d5ffd3a3 has been successfully formatted.
2019-07-16 14:13:46,896 INFO  ratis.ContainerStateMachine (ContainerStateMachine.java:loadSnapshot(200)) - group-C590D5FFD3A3: The snapshot info is null. Setting the last applied indexto:(t:0, i:~)
2019-07-16 14:13:46,898 INFO  server.RaftServerConfigKeys (ConfUtils.java:logGet(43)) - raft.server.leader.election.timeout = 120s (custom)
2019-07-16 14:13:46,898 INFO  server.RaftServerConfigKeys (ConfUtils.java:logGet(43)) - raft.server.log.use.memory = false (default)
2019-07-16 14:13:46,898 INFO  server.RaftServerConfigKeys (ConfUtils.java:logGet(43)) - raft.server.log.purge.gap = 1000000000 (custom)
2019-07-16 14:13:46,898 INFO  server.RaftServerConfigKeys (ConfUtils.java:logGet(43)) - raft.server.log.appender.buffer.byte-limit = 33554432 (custom)
2019-07-16 14:13:46,899 INFO  server.RaftServerConfigKeys (ConfUtils.java:logGet(43)) - raft.server.log.segment.size.max = 1048576 (custom)
2019-07-16 14:13:46,899 INFO  server.RaftServerConfigKeys (ConfUtils.java:logGet(43)) - raft.server.log.segment.cache.num.max = 2 (custom)
2019-07-16 14:13:46,899 INFO  segmented.SegmentedRaftLogWorker (SegmentedRaftLogWorker.java:<init>(172)) - new 359fe173-38fd-4ce0-9d25-5902b5418fa6-SegmentedRaftLogWorker:Storage Directory /workdir/hadoop-ozone/integration-test/target/test-dir/MiniOzoneClusterImpl-ca431de0-41b1-4e2e-b35a-867a60f198c4/datanode-2/data/ratis/b1cef546-1a50-4aba-b8e1-c590d5ffd3a3 for RaftStorage:Storage Directory /workdir/hadoop-ozone/integration-test/target/test-dir/MiniOzoneClusterImpl-ca431de0-41b1-4e2e-b35a-867a60f198c4/datanode-2/data/ratis/b1cef546-1a50-4aba-b8e1-c590d5ffd3a3
2019-07-16 14:13:46,901 INFO  server.RaftServerConfigKeys (ConfUtils.java:logGet(43)) - raft.server.log.queue.byte-limit = 2147483647 (custom)
2019-07-16 14:13:46,901 INFO  server.RaftServerConfigKeys (ConfUtils.java:logGet(43)) - raft.server.log.queue.element-limit = 1024 (custom)
2019-07-16 14:13:46,901 INFO  server.RaftServerConfigKeys (ConfUtils.java:logGet(43)) - raft.server.log.segment.size.max = 1048576 (custom)
2019-07-16 14:13:46,902 INFO  server.RaftServerConfigKeys (ConfUtils.java:logGet(43)) - raft.server.log.preallocated.size = 16384 (custom)
2019-07-16 14:13:46,902 INFO  server.RaftServerConfigKeys (ConfUtils.java:logGet(43)) - raft.server.log.write.buffer.size = 33554432 (custom)
2019-07-16 14:13:46,902 INFO  server.RaftServerConfigKeys (ConfUtils.java:logGet(43)) - raft.server.log.force.sync.num = 128 (default)
2019-07-16 14:13:46,902 INFO  server.RaftServerConfigKeys (ConfUtils.java:logGet(43)) - raft.server.log.statemachine.data.sync = true (default)
2019-07-16 14:13:46,902 INFO  server.RaftServerConfigKeys (ConfUtils.java:logGet(43)) - raft.server.log.statemachine.data.sync.timeout = 10s (default)
2019-07-16 14:13:46,903 INFO  server.RaftServerConfigKeys (ConfUtils.java:logGet(43)) - raft.server.log.statemachine.data.sync.timeout.retry = -1 (default)
2019-07-16 14:13:46,903 INFO  server.RaftServerConfigKeys (ConfUtils.java:logGet(43)) - raft.server.log.statemachine.data.caching.enabled = true (custom)
2019-07-16 14:13:46,904 INFO  segmented.SegmentedRaftLogWorker (SegmentedRaftLogWorker.java:lambda$new$0(132)) - 359fe173-38fd-4ce0-9d25-5902b5418fa6-SegmentedRaftLogWorker:Storage Directory /workdir/hadoop-ozone/integration-test/target/test-dir/MiniOzoneClusterImpl-ca431de0-41b1-4e2e-b35a-867a60f198c4/datanode-2/data/ratis/b1cef546-1a50-4aba-b8e1-c590d5ffd3a3: flushIndex: setUnconditionally 0 -> -1
2019-07-16 14:13:46,904 INFO  server.RaftServerConfigKeys (ConfUtils.java:logGet(43)) - raft.server.snapshot.auto.trigger.enabled = true (custom)
2019-07-16 14:13:46,904 INFO  server.RaftServerConfigKeys (ConfUtils.java:logGet(43)) - raft.server.snapshot.auto.trigger.threshold = 10000 (custom)
2019-07-16 14:13:46,904 INFO  server.RaftServerConfigKeys (ConfUtils.java:logGet(43)) - raft.server.retrycache.expirytime = 600000ms (custom)
2019-07-16 14:13:46,905 INFO  impl.RaftServerImpl (RaftServerImpl.java:start(180)) - 359fe173-38fd-4ce0-9d25-5902b5418fa6: start group-C590D5FFD3A3
2019-07-16 14:13:46,905 INFO  impl.RaftServerImpl (RaftServerImpl.java:setRole(171)) - 359fe173-38fd-4ce0-9d25-5902b5418fa6:group-C590D5FFD3A3 changes role from null to FOLLOWER at term 0 for startAsFollower
2019-07-16 14:13:46,905 INFO  impl.RoleInfo (RoleInfo.java:updateAndGet(143)) - 359fe173-38fd-4ce0-9d25-5902b5418fa6: start FollowerState
2019-07-16 14:13:46,907 INFO  util.JmxRegister (JmxRegister.java:tryRegister(44)) - Successfully registered JMX Bean with object name Ratis:service=RaftServer,group=group-C590D5FFD3A3,id=359fe173-38fd-4ce0-9d25-5902b5418fa6
2019-07-16 14:13:46,925 INFO  pipeline.PipelineStateManager (PipelineStateManager.java:addPipeline(56)) - Created pipeline Pipeline[ Id: b1cef546-1a50-4aba-b8e1-c590d5ffd3a3, Nodes: 359fe173-38fd-4ce0-9d25-5902b5418fa6{ip: 192.168.157.241, host: trunk-nightly-gllmw-2332419065, networkLocation: /default-rack, certSerialId: null}, Type:RATIS, Factor:ONE, State:OPEN]
2019-07-16 14:13:46,956 INFO  impl.RaftServerProxy (RaftServerProxy.java:addNew(89)) - 5a8e66b1-e425-4e76-8605-15c5cf330f8d: addNew group-34E827B6E991:[5a8e66b1-e425-4e76-8605-15c5cf330f8d:192.168.157.241:44010] returns group-34E827B6E991:java.util.concurrent.CompletableFuture@fa1c1fb[Not completed]
2019-07-16 14:13:46,968 INFO  impl.RaftServerImpl (RaftServerImpl.java:<init>(93)) - 5a8e66b1-e425-4e76-8605-15c5cf330f8d: new RaftServerImpl for group-34E827B6E991:[5a8e66b1-e425-4e76-8605-15c5cf330f8d:192.168.157.241:44010] with ContainerStateMachine:uninitialized
2019-07-16 14:13:46,968 INFO  server.RaftServerConfigKeys (ConfUtils.java:logGet(43)) - raft.server.rpc.timeout.min = 5s (custom)
2019-07-16 14:13:46,969 INFO  server.RaftServerConfigKeys (ConfUtils.java:logGet(43)) - raft.server.rpc.timeout.max = 5200ms (custom)
2019-07-16 14:13:46,969 INFO  server.RaftServerConfigKeys (ConfUtils.java:logGet(43)) - raft.server.rpcslowness.timeout = 120s (custom)
2019-07-16 14:13:46,969 INFO  server.RaftServerConfigKeys (ConfUtils.java:logGet(43)) - raft.server.sleep.deviation.threshold = 300 (default)
2019-07-16 14:13:46,969 INFO  server.RaftServerConfigKeys (ConfUtils.java:logGet(43)) - raft.server.log.appender.install.snapshot.enabled = false (custom)
2019-07-16 14:13:46,969 INFO  impl.RaftServerImpl (ServerState.java:<init>(105)) - 5a8e66b1-e425-4e76-8605-15c5cf330f8d:group-34E827B6E991 ConfigurationManager, init=-1: [5a8e66b1-e425-4e76-8605-15c5cf330f8d:192.168.157.241:44010], old=null, confs=<EMPTY_MAP>
2019-07-16 14:13:46,970 INFO  server.RaftServerConfigKeys (ConfUtils.java:logGet(43)) - raft.server.storage.dir = [/workdir/hadoop-ozone/integration-test/target/test-dir/MiniOzoneClusterImpl-ca431de0-41b1-4e2e-b35a-867a60f198c4/datanode-5/data/ratis] (custom)
2019-07-16 14:13:46,970 INFO  storage.RaftStorageDirectory (RaftStorageDirectory.java:analyzeStorage(246)) - The storage directory /workdir/hadoop-ozone/integration-test/target/test-dir/MiniOzoneClusterImpl-ca431de0-41b1-4e2e-b35a-867a60f198c4/datanode-5/data/ratis/92c75e77-1204-4d8b-b273-34e827b6e991 does not exist. Creating ...
2019-07-16 14:13:46,983 INFO  storage.RaftStorageDirectory (RaftStorageDirectory.java:tryLock(328)) - Lock on /workdir/hadoop-ozone/integration-test/target/test-dir/MiniOzoneClusterImpl-ca431de0-41b1-4e2e-b35a-867a60f198c4/datanode-5/data/ratis/92c75e77-1204-4d8b-b273-34e827b6e991/in_use.lock acquired by nodename 10151@trunk-nightly-gllmw-2332419065
2019-07-16 14:13:46,996 INFO  storage.RaftStorage (RaftStorage.java:format(72)) - Storage directory /workdir/hadoop-ozone/integration-test/target/test-dir/MiniOzoneClusterImpl-ca431de0-41b1-4e2e-b35a-867a60f198c4/datanode-5/data/ratis/92c75e77-1204-4d8b-b273-34e827b6e991 has been successfully formatted.
2019-07-16 14:13:46,997 INFO  ratis.ContainerStateMachine (ContainerStateMachine.java:loadSnapshot(200)) - group-34E827B6E991: The snapshot info is null. Setting the last applied indexto:(t:0, i:~)
2019-07-16 14:13:46,997 INFO  server.RaftServerConfigKeys (ConfUtils.java:logGet(43)) - raft.server.leader.election.timeout = 120s (custom)
2019-07-16 14:13:46,997 INFO  server.RaftServerConfigKeys (ConfUtils.java:logGet(43)) - raft.server.log.use.memory = false (default)
2019-07-16 14:13:46,997 INFO  server.RaftServerConfigKeys (ConfUtils.java:logGet(43)) - raft.server.log.purge.gap = 1000000000 (custom)
2019-07-16 14:13:46,997 INFO  server.RaftServerConfigKeys (ConfUtils.java:logGet(43)) - raft.server.log.appender.buffer.byte-limit = 33554432 (custom)
2019-07-16 14:13:46,998 INFO  server.RaftServerConfigKeys (ConfUtils.java:logGet(43)) - raft.server.log.segment.size.max = 1048576 (custom)
2019-07-16 14:13:46,998 INFO  server.RaftServerConfigKeys (ConfUtils.java:logGet(43)) - raft.server.log.segment.cache.num.max = 2 (custom)
2019-07-16 14:13:46,998 INFO  segmented.SegmentedRaftLogWorker (SegmentedRaftLogWorker.java:<init>(172)) - new 5a8e66b1-e425-4e76-8605-15c5cf330f8d-SegmentedRaftLogWorker:Storage Directory /workdir/hadoop-ozone/integration-test/target/test-dir/MiniOzoneClusterImpl-ca431de0-41b1-4e2e-b35a-867a60f198c4/datanode-5/data/ratis/92c75e77-1204-4d8b-b273-34e827b6e991 for RaftStorage:Storage Directory /workdir/hadoop-ozone/integration-test/target/test-dir/MiniOzoneClusterImpl-ca431de0-41b1-4e2e-b35a-867a60f198c4/datanode-5/data/ratis/92c75e77-1204-4d8b-b273-34e827b6e991
2019-07-16 14:13:46,998 INFO  server.RaftServerConfigKeys (ConfUtils.java:logGet(43)) - raft.server.log.queue.byte-limit = 2147483647 (custom)
2019-07-16 14:13:46,998 INFO  server.RaftServerConfigKeys (ConfUtils.java:logGet(43)) - raft.server.log.queue.element-limit = 1024 (custom)
2019-07-16 14:13:46,999 INFO  server.RaftServerConfigKeys (ConfUtils.java:logGet(43)) - raft.server.log.segment.size.max = 1048576 (custom)
2019-07-16 14:13:46,999 INFO  server.RaftServerConfigKeys (ConfUtils.java:logGet(43)) - raft.server.log.preallocated.size = 16384 (custom)
2019-07-16 14:13:46,999 INFO  server.RaftServerConfigKeys (ConfUtils.java:logGet(43)) - raft.server.log.write.buffer.size = 33554432 (custom)
2019-07-16 14:13:46,999 INFO  server.RaftServerConfigKeys (ConfUtils.java:logGet(43)) - raft.server.log.force.sync.num = 128 (default)
2019-07-16 14:13:46,999 INFO  server.RaftServerConfigKeys (ConfUtils.java:logGet(43)) - raft.server.log.statemachine.data.sync = true (default)
2019-07-16 14:13:47,000 INFO  server.RaftServerConfigKeys (ConfUtils.java:logGet(43)) - raft.server.log.statemachine.data.sync.timeout = 10s (default)
2019-07-16 14:13:47,000 INFO  server.RaftServerConfigKeys (ConfUtils.java:logGet(43)) - raft.server.log.statemachine.data.sync.timeout.retry = -1 (default)
2019-07-16 14:13:47,000 INFO  server.RaftServerConfigKeys (ConfUtils.java:logGet(43)) - raft.server.log.statemachine.data.caching.enabled = true (custom)
2019-07-16 14:13:47,001 INFO  segmented.SegmentedRaftLogWorker (SegmentedRaftLogWorker.java:lambda$new$0(132)) - 5a8e66b1-e425-4e76-8605-15c5cf330f8d-SegmentedRaftLogWorker:Storage Directory /workdir/hadoop-ozone/integration-test/target/test-dir/MiniOzoneClusterImpl-ca431de0-41b1-4e2e-b35a-867a60f198c4/datanode-5/data/ratis/92c75e77-1204-4d8b-b273-34e827b6e991: flushIndex: setUnconditionally 0 -> -1
2019-07-16 14:13:47,001 INFO  server.RaftServerConfigKeys (ConfUtils.java:logGet(43)) - raft.server.snapshot.auto.trigger.enabled = true (custom)
2019-07-16 14:13:47,001 INFO  server.RaftServerConfigKeys (ConfUtils.java:logGet(43)) - raft.server.snapshot.auto.trigger.threshold = 10000 (custom)
2019-07-16 14:13:47,002 INFO  server.RaftServerConfigKeys (ConfUtils.java:logGet(43)) - raft.server.retrycache.expirytime = 600000ms (custom)
2019-07-16 14:13:47,002 INFO  impl.RaftServerImpl (RaftServerImpl.java:start(180)) - 5a8e66b1-e425-4e76-8605-15c5cf330f8d: start group-34E827B6E991
2019-07-16 14:13:47,002 INFO  impl.RaftServerImpl (RaftServerImpl.java:setRole(171)) - 5a8e66b1-e425-4e76-8605-15c5cf330f8d:group-34E827B6E991 changes role from null to FOLLOWER at term 0 for startAsFollower
2019-07-16 14:13:47,003 INFO  impl.RoleInfo (RoleInfo.java:updateAndGet(143)) - 5a8e66b1-e425-4e76-8605-15c5cf330f8d: start FollowerState
2019-07-16 14:13:47,004 INFO  util.JmxRegister (JmxRegister.java:tryRegister(44)) - Successfully registered JMX Bean with object name Ratis:service=RaftServer,group=group-34E827B6E991,id=5a8e66b1-e425-4e76-8605-15c5cf330f8d
2019-07-16 14:13:47,024 INFO  pipeline.PipelineStateManager (PipelineStateManager.java:addPipeline(56)) - Created pipeline Pipeline[ Id: 92c75e77-1204-4d8b-b273-34e827b6e991, Nodes: 5a8e66b1-e425-4e76-8605-15c5cf330f8d{ip: 192.168.157.241, host: trunk-nightly-gllmw-2332419065, networkLocation: /default-rack, certSerialId: null}, Type:RATIS, Factor:ONE, State:OPEN]
2019-07-16 14:13:47,044 INFO  node.SCMNodeManager (SCMNodeManager.java:register(269)) - Registered Data node : 6abf7afe-3cc4-4a0d-895d-aaf4d03f914c{ip: 192.168.157.241, host: trunk-nightly-gllmw-2332419065, networkLocation: /default-rack, certSerialId: null}
2019-07-16 14:13:47,048 INFO  ozone.MiniOzoneClusterImpl (MiniOzoneClusterImpl.java:lambda$waitForClusterToBeReady$0(142)) - Cluster is ready. Got 7 of 7 DN Heartbeats.
2019-07-16 14:13:47,054 INFO  impl.RaftServerProxy (RaftServerProxy.java:addNew(89)) - 43bec1a5-995d-481a-8c42-07fe41c7e672: addNew group-35D8EE1CF120:[43bec1a5-995d-481a-8c42-07fe41c7e672:192.168.157.241:44492] returns group-35D8EE1CF120:java.util.concurrent.CompletableFuture@7598a5db[Not completed]
2019-07-16 14:13:47,056 INFO  impl.RaftServerImpl (RaftServerImpl.java:<init>(93)) - 43bec1a5-995d-481a-8c42-07fe41c7e672: new RaftServerImpl for group-35D8EE1CF120:[43bec1a5-995d-481a-8c42-07fe41c7e672:192.168.157.241:44492] with ContainerStateMachine:uninitialized
2019-07-16 14:13:47,057 INFO  server.RaftServerConfigKeys (ConfUtils.java:logGet(43)) - raft.server.rpc.timeout.min = 5s (custom)
2019-07-16 14:13:47,057 INFO  server.RaftServerConfigKeys (ConfUtils.java:logGet(43)) - raft.server.rpc.timeout.max = 5200ms (custom)
2019-07-16 14:13:47,057 INFO  server.RaftServerConfigKeys (ConfUtils.java:logGet(43)) - raft.server.rpcslowness.timeout = 120s (custom)
2019-07-16 14:13:47,057 INFO  server.RaftServerConfigKeys (ConfUtils.java:logGet(43)) - raft.server.sleep.deviation.threshold = 300 (default)
2019-07-16 14:13:47,057 INFO  server.RaftServerConfigKeys (ConfUtils.java:logGet(43)) - raft.server.log.appender.install.snapshot.enabled = false (custom)
2019-07-16 14:13:47,058 INFO  impl.RaftServerImpl (ServerState.java:<init>(105)) - 43bec1a5-995d-481a-8c42-07fe41c7e672:group-35D8EE1CF120 ConfigurationManager, init=-1: [43bec1a5-995d-481a-8c42-07fe41c7e672:192.168.157.241:44492], old=null, confs=<EMPTY_MAP>
2019-07-16 14:13:47,058 INFO  server.RaftServerConfigKeys (ConfUtils.java:logGet(43)) - raft.server.storage.dir = [/workdir/hadoop-ozone/integration-test/target/test-dir/MiniOzoneClusterImpl-ca431de0-41b1-4e2e-b35a-867a60f198c4/datanode-4/data/ratis] (custom)
2019-07-16 14:13:47,058 INFO  storage.RaftStorageDirectory (RaftStorageDirectory.java:analyzeStorage(246)) - The storage directory /workdir/hadoop-ozone/integration-test/target/test-dir/MiniOzoneClusterImpl-ca431de0-41b1-4e2e-b35a-867a60f198c4/datanode-4/data/ratis/d7d15774-440c-4c57-8e39-35d8ee1cf120 does not exist. Creating ...
2019-07-16 14:13:47,071 INFO  storage.RaftStorageDirectory (RaftStorageDirectory.java:tryLock(328)) - Lock on /workdir/hadoop-ozone/integration-test/target/test-dir/MiniOzoneClusterImpl-ca431de0-41b1-4e2e-b35a-867a60f198c4/datanode-4/data/ratis/d7d15774-440c-4c57-8e39-35d8ee1cf120/in_use.lock acquired by nodename 10151@trunk-nightly-gllmw-2332419065
2019-07-16 14:13:47,084 INFO  storage.RaftStorage (RaftStorage.java:format(72)) - Storage directory /workdir/hadoop-ozone/integration-test/target/test-dir/MiniOzoneClusterImpl-ca431de0-41b1-4e2e-b35a-867a60f198c4/datanode-4/data/ratis/d7d15774-440c-4c57-8e39-35d8ee1cf120 has been successfully formatted.
2019-07-16 14:13:47,084 INFO  ratis.ContainerStateMachine (ContainerStateMachine.java:loadSnapshot(200)) - group-35D8EE1CF120: The snapshot info is null. Setting the last applied indexto:(t:0, i:~)
2019-07-16 14:13:47,085 INFO  server.RaftServerConfigKeys (ConfUtils.java:logGet(43)) - raft.server.leader.election.timeout = 120s (custom)
2019-07-16 14:13:47,085 INFO  server.RaftServerConfigKeys (ConfUtils.java:logGet(43)) - raft.server.log.use.memory = false (default)
2019-07-16 14:13:47,085 INFO  server.RaftServerConfigKeys (ConfUtils.java:logGet(43)) - raft.server.log.purge.gap = 1000000000 (custom)
2019-07-16 14:13:47,085 INFO  server.RaftServerConfigKeys (ConfUtils.java:logGet(43)) - raft.server.log.appender.buffer.byte-limit = 33554432 (custom)
2019-07-16 14:13:47,085 INFO  server.RaftServerConfigKeys (ConfUtils.java:logGet(43)) - raft.server.log.segment.size.max = 1048576 (custom)
2019-07-16 14:13:47,085 INFO  server.RaftServerConfigKeys (ConfUtils.java:logGet(43)) - raft.server.log.segment.cache.num.max = 2 (custom)
2019-07-16 14:13:47,086 INFO  segmented.SegmentedRaftLogWorker (SegmentedRaftLogWorker.java:<init>(172)) - new 43bec1a5-995d-481a-8c42-07fe41c7e672-SegmentedRaftLogWorker:Storage Directory /workdir/hadoop-ozone/integration-test/target/test-dir/MiniOzoneClusterImpl-ca431de0-41b1-4e2e-b35a-867a60f198c4/datanode-4/data/ratis/d7d15774-440c-4c57-8e39-35d8ee1cf120 for RaftStorage:Storage Directory /workdir/hadoop-ozone/integration-test/target/test-dir/MiniOzoneClusterImpl-ca431de0-41b1-4e2e-b35a-867a60f198c4/datanode-4/data/ratis/d7d15774-440c-4c57-8e39-35d8ee1cf120
2019-07-16 14:13:47,086 INFO  server.RaftServerConfigKeys (ConfUtils.java:logGet(43)) - raft.server.log.queue.byte-limit = 2147483647 (custom)
2019-07-16 14:13:47,086 INFO  server.RaftServerConfigKeys (ConfUtils.java:logGet(43)) - raft.server.log.queue.element-limit = 1024 (custom)
2019-07-16 14:13:47,086 INFO  server.RaftServerConfigKeys (ConfUtils.java:logGet(43)) - raft.server.log.segment.size.max = 1048576 (custom)
2019-07-16 14:13:47,087 INFO  server.RaftServerConfigKeys (ConfUtils.java:logGet(43)) - raft.server.log.preallocated.size = 16384 (custom)
2019-07-16 14:13:47,087 INFO  server.RaftServerConfigKeys (ConfUtils.java:logGet(43)) - raft.server.log.write.buffer.size = 33554432 (custom)
2019-07-16 14:13:47,087 INFO  server.RaftServerConfigKeys (ConfUtils.java:logGet(43)) - raft.server.log.force.sync.num = 128 (default)
2019-07-16 14:13:47,087 INFO  server.RaftServerConfigKeys (ConfUtils.java:logGet(43)) - raft.server.log.statemachine.data.sync = true (default)
2019-07-16 14:13:47,087 INFO  server.RaftServerConfigKeys (ConfUtils.java:logGet(43)) - raft.server.log.statemachine.data.sync.timeout = 10s (default)
2019-07-16 14:13:47,088 INFO  server.RaftServerConfigKeys (ConfUtils.java:logGet(43)) - raft.server.log.statemachine.data.sync.timeout.retry = -1 (default)
2019-07-16 14:13:47,088 INFO  server.RaftServerConfigKeys (ConfUtils.java:logGet(43)) - raft.server.log.statemachine.data.caching.enabled = true (custom)
2019-07-16 14:13:47,088 INFO  segmented.SegmentedRaftLogWorker (SegmentedRaftLogWorker.java:lambda$new$0(132)) - 43bec1a5-995d-481a-8c42-07fe41c7e672-SegmentedRaftLogWorker:Storage Directory /workdir/hadoop-ozone/integration-test/target/test-dir/MiniOzoneClusterImpl-ca431de0-41b1-4e2e-b35a-867a60f198c4/datanode-4/data/ratis/d7d15774-440c-4c57-8e39-35d8ee1cf120: flushIndex: setUnconditionally 0 -> -1
2019-07-16 14:13:47,089 INFO  server.RaftServerConfigKeys (ConfUtils.java:logGet(43)) - raft.server.snapshot.auto.trigger.enabled = true (custom)
2019-07-16 14:13:47,089 INFO  server.RaftServerConfigKeys (ConfUtils.java:logGet(43)) - raft.server.snapshot.auto.trigger.threshold = 10000 (custom)
2019-07-16 14:13:47,089 INFO  server.RaftServerConfigKeys (ConfUtils.java:logGet(43)) - raft.server.retrycache.expirytime = 600000ms (custom)
2019-07-16 14:13:47,089 INFO  impl.RaftServerImpl (RaftServerImpl.java:start(180)) - 43bec1a5-995d-481a-8c42-07fe41c7e672: start group-35D8EE1CF120
2019-07-16 14:13:47,090 INFO  impl.RaftServerImpl (RaftServerImpl.java:setRole(171)) - 43bec1a5-995d-481a-8c42-07fe41c7e672:group-35D8EE1CF120 changes role from null to FOLLOWER at term 0 for startAsFollower
2019-07-16 14:13:47,090 INFO  impl.RoleInfo (RoleInfo.java:updateAndGet(143)) - 43bec1a5-995d-481a-8c42-07fe41c7e672: start FollowerState
2019-07-16 14:13:47,090 INFO  util.JmxRegister (JmxRegister.java:tryRegister(44)) - Successfully registered JMX Bean with object name Ratis:service=RaftServer,group=group-35D8EE1CF120,id=43bec1a5-995d-481a-8c42-07fe41c7e672
2019-07-16 14:13:47,106 INFO  pipeline.PipelineStateManager (PipelineStateManager.java:addPipeline(56)) - Created pipeline Pipeline[ Id: d7d15774-440c-4c57-8e39-35d8ee1cf120, Nodes: 43bec1a5-995d-481a-8c42-07fe41c7e672{ip: 192.168.157.241, host: trunk-nightly-gllmw-2332419065, networkLocation: /default-rack, certSerialId: null}, Type:RATIS, Factor:ONE, State:OPEN]
2019-07-16 14:13:47,129 INFO  impl.RaftServerProxy (RaftServerProxy.java:addNew(89)) - 6abf7afe-3cc4-4a0d-895d-aaf4d03f914c: addNew group-1322D812BCB6:[6abf7afe-3cc4-4a0d-895d-aaf4d03f914c:192.168.157.241:36882] returns group-1322D812BCB6:java.util.concurrent.CompletableFuture@3ebcb2d2[Not completed]
2019-07-16 14:13:47,138 INFO  impl.RaftServerImpl (RaftServerImpl.java:<init>(93)) - 6abf7afe-3cc4-4a0d-895d-aaf4d03f914c: new RaftServerImpl for group-1322D812BCB6:[6abf7afe-3cc4-4a0d-895d-aaf4d03f914c:192.168.157.241:36882] with ContainerStateMachine:uninitialized
2019-07-16 14:13:47,139 INFO  server.RaftServerConfigKeys (ConfUtils.java:logGet(43)) - raft.server.rpc.timeout.min = 5s (custom)
2019-07-16 14:13:47,140 INFO  server.RaftServerConfigKeys (ConfUtils.java:logGet(43)) - raft.server.rpc.timeout.max = 5200ms (custom)
2019-07-16 14:13:47,140 INFO  server.RaftServerConfigKeys (ConfUtils.java:logGet(43)) - raft.server.rpcslowness.timeout = 120s (custom)
2019-07-16 14:13:47,140 INFO  server.RaftServerConfigKeys (ConfUtils.java:logGet(43)) - raft.server.sleep.deviation.threshold = 300 (default)
2019-07-16 14:13:47,140 INFO  server.RaftServerConfigKeys (ConfUtils.java:logGet(43)) - raft.server.log.appender.install.snapshot.enabled = false (custom)
2019-07-16 14:13:47,140 INFO  impl.RaftServerImpl (ServerState.java:<init>(105)) - 6abf7afe-3cc4-4a0d-895d-aaf4d03f914c:group-1322D812BCB6 ConfigurationManager, init=-1: [6abf7afe-3cc4-4a0d-895d-aaf4d03f914c:192.168.157.241:36882], old=null, confs=<EMPTY_MAP>
2019-07-16 14:13:47,140 INFO  server.RaftServerConfigKeys (ConfUtils.java:logGet(43)) - raft.server.storage.dir = [/workdir/hadoop-ozone/integration-test/target/test-dir/MiniOzoneClusterImpl-ca431de0-41b1-4e2e-b35a-867a60f198c4/datanode-6/data/ratis] (custom)
2019-07-16 14:13:47,141 INFO  storage.RaftStorageDirectory (RaftStorageDirectory.java:analyzeStorage(246)) - The storage directory /workdir/hadoop-ozone/integration-test/target/test-dir/MiniOzoneClusterImpl-ca431de0-41b1-4e2e-b35a-867a60f198c4/datanode-6/data/ratis/63a511b8-cd14-452f-b997-1322d812bcb6 does not exist. Creating ...
2019-07-16 14:13:47,175 INFO  storage.RaftStorageDirectory (RaftStorageDirectory.java:tryLock(328)) - Lock on /workdir/hadoop-ozone/integration-test/target/test-dir/MiniOzoneClusterImpl-ca431de0-41b1-4e2e-b35a-867a60f198c4/datanode-6/data/ratis/63a511b8-cd14-452f-b997-1322d812bcb6/in_use.lock acquired by nodename 10151@trunk-nightly-gllmw-2332419065
2019-07-16 14:13:47,190 INFO  storage.RaftStorage (RaftStorage.java:format(72)) - Storage directory /workdir/hadoop-ozone/integration-test/target/test-dir/MiniOzoneClusterImpl-ca431de0-41b1-4e2e-b35a-867a60f198c4/datanode-6/data/ratis/63a511b8-cd14-452f-b997-1322d812bcb6 has been successfully formatted.
2019-07-16 14:13:47,190 INFO  ratis.ContainerStateMachine (ContainerStateMachine.java:loadSnapshot(200)) - group-1322D812BCB6: The snapshot info is null. Setting the last applied indexto:(t:0, i:~)
2019-07-16 14:13:47,190 INFO  server.RaftServerConfigKeys (ConfUtils.java:logGet(43)) - raft.server.leader.election.timeout = 120s (custom)
2019-07-16 14:13:47,191 INFO  server.RaftServerConfigKeys (ConfUtils.java:logGet(43)) - raft.server.log.use.memory = false (default)
2019-07-16 14:13:47,191 INFO  server.RaftServerConfigKeys (ConfUtils.java:logGet(43)) - raft.server.log.purge.gap = 1000000000 (custom)
2019-07-16 14:13:47,191 INFO  server.RaftServerConfigKeys (ConfUtils.java:logGet(43)) - raft.server.log.appender.buffer.byte-limit = 33554432 (custom)
2019-07-16 14:13:47,191 INFO  server.RaftServerConfigKeys (ConfUtils.java:logGet(43)) - raft.server.log.segment.size.max = 1048576 (custom)
2019-07-16 14:13:47,191 INFO  server.RaftServerConfigKeys (ConfUtils.java:logGet(43)) - raft.server.log.segment.cache.num.max = 2 (custom)
2019-07-16 14:13:47,192 INFO  segmented.SegmentedRaftLogWorker (SegmentedRaftLogWorker.java:<init>(172)) - new 6abf7afe-3cc4-4a0d-895d-aaf4d03f914c-SegmentedRaftLogWorker:Storage Directory /workdir/hadoop-ozone/integration-test/target/test-dir/MiniOzoneClusterImpl-ca431de0-41b1-4e2e-b35a-867a60f198c4/datanode-6/data/ratis/63a511b8-cd14-452f-b997-1322d812bcb6 for RaftStorage:Storage Directory /workdir/hadoop-ozone/integration-test/target/test-dir/MiniOzoneClusterImpl-ca431de0-41b1-4e2e-b35a-867a60f198c4/datanode-6/data/ratis/63a511b8-cd14-452f-b997-1322d812bcb6
2019-07-16 14:13:47,192 INFO  server.RaftServerConfigKeys (ConfUtils.java:logGet(43)) - raft.server.log.queue.byte-limit = 2147483647 (custom)
2019-07-16 14:13:47,192 INFO  server.RaftServerConfigKeys (ConfUtils.java:logGet(43)) - raft.server.log.queue.element-limit = 1024 (custom)
2019-07-16 14:13:47,192 INFO  server.RaftServerConfigKeys (ConfUtils.java:logGet(43)) - raft.server.log.segment.size.max = 1048576 (custom)
2019-07-16 14:13:47,193 INFO  server.RaftServerConfigKeys (ConfUtils.java:logGet(43)) - raft.server.log.preallocated.size = 16384 (custom)
2019-07-16 14:13:47,193 INFO  server.RaftServerConfigKeys (ConfUtils.java:logGet(43)) - raft.server.log.write.buffer.size = 33554432 (custom)
2019-07-16 14:13:47,193 INFO  server.RaftServerConfigKeys (ConfUtils.java:logGet(43)) - raft.server.log.force.sync.num = 128 (default)
2019-07-16 14:13:47,193 INFO  server.RaftServerConfigKeys (ConfUtils.java:logGet(43)) - raft.server.log.statemachine.data.sync = true (default)
2019-07-16 14:13:47,193 INFO  server.RaftServerConfigKeys (ConfUtils.java:logGet(43)) - raft.server.log.statemachine.data.sync.timeout = 10s (default)
2019-07-16 14:13:47,194 INFO  server.RaftServerConfigKeys (ConfUtils.java:logGet(43)) - raft.server.log.statemachine.data.sync.timeout.retry = -1 (default)
2019-07-16 14:13:47,194 INFO  server.RaftServerConfigKeys (ConfUtils.java:logGet(43)) - raft.server.log.statemachine.data.caching.enabled = true (custom)
2019-07-16 14:13:47,194 INFO  segmented.SegmentedRaftLogWorker (SegmentedRaftLogWorker.java:lambda$new$0(132)) - 6abf7afe-3cc4-4a0d-895d-aaf4d03f914c-SegmentedRaftLogWorker:Storage Directory /workdir/hadoop-ozone/integration-test/target/test-dir/MiniOzoneClusterImpl-ca431de0-41b1-4e2e-b35a-867a60f198c4/datanode-6/data/ratis/63a511b8-cd14-452f-b997-1322d812bcb6: flushIndex: setUnconditionally 0 -> -1
2019-07-16 14:13:47,195 INFO  server.RaftServerConfigKeys (ConfUtils.java:logGet(43)) - raft.server.snapshot.auto.trigger.enabled = true (custom)
2019-07-16 14:13:47,195 INFO  server.RaftServerConfigKeys (ConfUtils.java:logGet(43)) - raft.server.snapshot.auto.trigger.threshold = 10000 (custom)
2019-07-16 14:13:47,195 INFO  server.RaftServerConfigKeys (ConfUtils.java:logGet(43)) - raft.server.retrycache.expirytime = 600000ms (custom)
2019-07-16 14:13:47,195 INFO  impl.RaftServerImpl (RaftServerImpl.java:start(180)) - 6abf7afe-3cc4-4a0d-895d-aaf4d03f914c: start group-1322D812BCB6
2019-07-16 14:13:47,196 INFO  impl.RaftServerImpl (RaftServerImpl.java:setRole(171)) - 6abf7afe-3cc4-4a0d-895d-aaf4d03f914c:group-1322D812BCB6 changes role from null to FOLLOWER at term 0 for startAsFollower
2019-07-16 14:13:47,196 INFO  impl.RoleInfo (RoleInfo.java:updateAndGet(143)) - 6abf7afe-3cc4-4a0d-895d-aaf4d03f914c: start FollowerState
2019-07-16 14:13:47,196 INFO  util.JmxRegister (JmxRegister.java:tryRegister(44)) - Successfully registered JMX Bean with object name Ratis:service=RaftServer,group=group-1322D812BCB6,id=6abf7afe-3cc4-4a0d-895d-aaf4d03f914c
2019-07-16 14:13:47,212 INFO  pipeline.PipelineStateManager (PipelineStateManager.java:addPipeline(56)) - Created pipeline Pipeline[ Id: 63a511b8-cd14-452f-b997-1322d812bcb6, Nodes: 6abf7afe-3cc4-4a0d-895d-aaf4d03f914c{ip: 192.168.157.241, host: trunk-nightly-gllmw-2332419065, networkLocation: /default-rack, certSerialId: null}, Type:RATIS, Factor:ONE, State:OPEN]
2019-07-16 14:13:47,239 INFO  impl.RaftServerProxy (RaftServerProxy.java:addNew(89)) - 526d2249-9d42-407f-8279-75e7249dd6d1: addNew group-CE0BBB3C65C8:[526d2249-9d42-407f-8279-75e7249dd6d1:192.168.157.241:37701] returns group-CE0BBB3C65C8:java.util.concurrent.CompletableFuture@4b22f288[Not completed]
2019-07-16 14:13:47,241 INFO  impl.RaftServerImpl (RaftServerImpl.java:<init>(93)) - 526d2249-9d42-407f-8279-75e7249dd6d1: new RaftServerImpl for group-CE0BBB3C65C8:[526d2249-9d42-407f-8279-75e7249dd6d1:192.168.157.241:37701] with ContainerStateMachine:uninitialized
2019-07-16 14:13:47,241 INFO  server.RaftServerConfigKeys (ConfUtils.java:logGet(43)) - raft.server.rpc.timeout.min = 5s (custom)
2019-07-16 14:13:47,241 INFO  server.RaftServerConfigKeys (ConfUtils.java:logGet(43)) - raft.server.rpc.timeout.max = 5200ms (custom)
2019-07-16 14:13:47,241 INFO  server.RaftServerConfigKeys (ConfUtils.java:logGet(43)) - raft.server.rpcslowness.timeout = 120s (custom)
2019-07-16 14:13:47,242 INFO  server.RaftServerConfigKeys (ConfUtils.java:logGet(43)) - raft.server.sleep.deviation.threshold = 300 (default)
2019-07-16 14:13:47,242 INFO  server.RaftServerConfigKeys (ConfUtils.java:logGet(43)) - raft.server.log.appender.install.snapshot.enabled = false (custom)
2019-07-16 14:13:47,242 INFO  impl.RaftServerImpl (ServerState.java:<init>(105)) - 526d2249-9d42-407f-8279-75e7249dd6d1:group-CE0BBB3C65C8 ConfigurationManager, init=-1: [526d2249-9d42-407f-8279-75e7249dd6d1:192.168.157.241:37701], old=null, confs=<EMPTY_MAP>
2019-07-16 14:13:47,242 INFO  server.RaftServerConfigKeys (ConfUtils.java:logGet(43)) - raft.server.storage.dir = [/workdir/hadoop-ozone/integration-test/target/test-dir/MiniOzoneClusterImpl-ca431de0-41b1-4e2e-b35a-867a60f198c4/datanode-1/data/ratis] (custom)
2019-07-16 14:13:47,243 INFO  storage.RaftStorageDirectory (RaftStorageDirectory.java:analyzeStorage(246)) - The storage directory /workdir/hadoop-ozone/integration-test/target/test-dir/MiniOzoneClusterImpl-ca431de0-41b1-4e2e-b35a-867a60f198c4/datanode-1/data/ratis/2c26ea8c-5f2a-4223-b447-ce0bbb3c65c8 does not exist. Creating ...
2019-07-16 14:13:47,255 INFO  storage.RaftStorageDirectory (RaftStorageDirectory.java:tryLock(328)) - Lock on /workdir/hadoop-ozone/integration-test/target/test-dir/MiniOzoneClusterImpl-ca431de0-41b1-4e2e-b35a-867a60f198c4/datanode-1/data/ratis/2c26ea8c-5f2a-4223-b447-ce0bbb3c65c8/in_use.lock acquired by nodename 10151@trunk-nightly-gllmw-2332419065
2019-07-16 14:13:47,268 INFO  storage.RaftStorage (RaftStorage.java:format(72)) - Storage directory /workdir/hadoop-ozone/integration-test/target/test-dir/MiniOzoneClusterImpl-ca431de0-41b1-4e2e-b35a-867a60f198c4/datanode-1/data/ratis/2c26ea8c-5f2a-4223-b447-ce0bbb3c65c8 has been successfully formatted.
2019-07-16 14:13:47,269 INFO  ratis.ContainerStateMachine (ContainerStateMachine.java:loadSnapshot(200)) - group-CE0BBB3C65C8: The snapshot info is null. Setting the last applied indexto:(t:0, i:~)
2019-07-16 14:13:47,269 INFO  server.RaftServerConfigKeys (ConfUtils.java:logGet(43)) - raft.server.leader.election.timeout = 120s (custom)
2019-07-16 14:13:47,269 INFO  server.RaftServerConfigKeys (ConfUtils.java:logGet(43)) - raft.server.log.use.memory = false (default)
2019-07-16 14:13:47,269 INFO  server.RaftServerConfigKeys (ConfUtils.java:logGet(43)) - raft.server.log.purge.gap = 1000000000 (custom)
2019-07-16 14:13:47,269 INFO  server.RaftServerConfigKeys (ConfUtils.java:logGet(43)) - raft.server.log.appender.buffer.byte-limit = 33554432 (custom)
2019-07-16 14:13:47,270 INFO  server.RaftServerConfigKeys (ConfUtils.java:logGet(43)) - raft.server.log.segment.size.max = 1048576 (custom)
2019-07-16 14:13:47,270 INFO  server.RaftServerConfigKeys (ConfUtils.java:logGet(43)) - raft.server.log.segment.cache.num.max = 2 (custom)
2019-07-16 14:13:47,270 INFO  segmented.SegmentedRaftLogWorker (SegmentedRaftLogWorker.java:<init>(172)) - new 526d2249-9d42-407f-8279-75e7249dd6d1-SegmentedRaftLogWorker:Storage Directory /workdir/hadoop-ozone/integration-test/target/test-dir/MiniOzoneClusterImpl-ca431de0-41b1-4e2e-b35a-867a60f198c4/datanode-1/data/ratis/2c26ea8c-5f2a-4223-b447-ce0bbb3c65c8 for RaftStorage:Storage Directory /workdir/hadoop-ozone/integration-test/target/test-dir/MiniOzoneClusterImpl-ca431de0-41b1-4e2e-b35a-867a60f198c4/datanode-1/data/ratis/2c26ea8c-5f2a-4223-b447-ce0bbb3c65c8
2019-07-16 14:13:47,270 INFO  server.RaftServerConfigKeys (ConfUtils.java:logGet(43)) - raft.server.log.queue.byte-limit = 2147483647 (custom)
2019-07-16 14:13:47,270 INFO  server.RaftServerConfigKeys (ConfUtils.java:logGet(43)) - raft.server.log.queue.element-limit = 1024 (custom)
2019-07-16 14:13:47,271 INFO  server.RaftServerConfigKeys (ConfUtils.java:logGet(43)) - raft.server.log.segment.size.max = 1048576 (custom)
2019-07-16 14:13:47,271 INFO  server.RaftServerConfigKeys (ConfUtils.java:logGet(43)) - raft.server.log.preallocated.size = 16384 (custom)
2019-07-16 14:13:47,271 INFO  server.RaftServerConfigKeys (ConfUtils.java:logGet(43)) - raft.server.log.write.buffer.size = 33554432 (custom)
2019-07-16 14:13:47,271 INFO  server.RaftServerConfigKeys (ConfUtils.java:logGet(43)) - raft.server.log.force.sync.num = 128 (default)
2019-07-16 14:13:47,271 INFO  server.RaftServerConfigKeys (ConfUtils.java:logGet(43)) - raft.server.log.statemachine.data.sync = true (default)
2019-07-16 14:13:47,272 INFO  server.RaftServerConfigKeys (ConfUtils.java:logGet(43)) - raft.server.log.statemachine.data.sync.timeout = 10s (default)
2019-07-16 14:13:47,272 INFO  server.RaftServerConfigKeys (ConfUtils.java:logGet(43)) - raft.server.log.statemachine.data.sync.timeout.retry = -1 (default)
2019-07-16 14:13:47,272 INFO  server.RaftServerConfigKeys (ConfUtils.java:logGet(43)) - raft.server.log.statemachine.data.caching.enabled = true (custom)
2019-07-16 14:13:47,273 INFO  segmented.SegmentedRaftLogWorker (SegmentedRaftLogWorker.java:lambda$new$0(132)) - 526d2249-9d42-407f-8279-75e7249dd6d1-SegmentedRaftLogWorker:Storage Directory /workdir/hadoop-ozone/integration-test/target/test-dir/MiniOzoneClusterImpl-ca431de0-41b1-4e2e-b35a-867a60f198c4/datanode-1/data/ratis/2c26ea8c-5f2a-4223-b447-ce0bbb3c65c8: flushIndex: setUnconditionally 0 -> -1
2019-07-16 14:13:47,273 INFO  server.RaftServerConfigKeys (ConfUtils.java:logGet(43)) - raft.server.snapshot.auto.trigger.enabled = true (custom)
2019-07-16 14:13:47,273 INFO  server.RaftServerConfigKeys (ConfUtils.java:logGet(43)) - raft.server.snapshot.auto.trigger.threshold = 10000 (custom)
2019-07-16 14:13:47,274 INFO  server.RaftServerConfigKeys (ConfUtils.java:logGet(43)) - raft.server.retrycache.expirytime = 600000ms (custom)
2019-07-16 14:13:47,274 INFO  impl.RaftServerImpl (RaftServerImpl.java:start(180)) - 526d2249-9d42-407f-8279-75e7249dd6d1: start group-CE0BBB3C65C8
2019-07-16 14:13:47,274 INFO  impl.RaftServerImpl (RaftServerImpl.java:setRole(171)) - 526d2249-9d42-407f-8279-75e7249dd6d1:group-CE0BBB3C65C8 changes role from null to FOLLOWER at term 0 for startAsFollower
2019-07-16 14:13:47,274 INFO  impl.RoleInfo (RoleInfo.java:updateAndGet(143)) - 526d2249-9d42-407f-8279-75e7249dd6d1: start FollowerState
2019-07-16 14:13:47,275 INFO  util.JmxRegister (JmxRegister.java:tryRegister(44)) - Successfully registered JMX Bean with object name Ratis:service=RaftServer,group=group-CE0BBB3C65C8,id=526d2249-9d42-407f-8279-75e7249dd6d1
2019-07-16 14:13:47,288 INFO  pipeline.PipelineStateManager (PipelineStateManager.java:addPipeline(56)) - Created pipeline Pipeline[ Id: 2c26ea8c-5f2a-4223-b447-ce0bbb3c65c8, Nodes: 526d2249-9d42-407f-8279-75e7249dd6d1{ip: 192.168.157.241, host: trunk-nightly-gllmw-2332419065, networkLocation: /default-rack, certSerialId: null}, Type:RATIS, Factor:ONE, State:OPEN]
2019-07-16 14:13:47,306 INFO  impl.RaftServerProxy (RaftServerProxy.java:addNew(89)) - df0574f8-c8fd-4049-8ec8-bb56aa8093ca: addNew group-CB0EBEFF80D3:[df0574f8-c8fd-4049-8ec8-bb56aa8093ca:192.168.157.241:34666] returns group-CB0EBEFF80D3:java.util.concurrent.CompletableFuture@208c11b9[Not completed]
2019-07-16 14:13:47,307 INFO  impl.RaftServerImpl (RaftServerImpl.java:<init>(93)) - df0574f8-c8fd-4049-8ec8-bb56aa8093ca: new RaftServerImpl for group-CB0EBEFF80D3:[df0574f8-c8fd-4049-8ec8-bb56aa8093ca:192.168.157.241:34666] with ContainerStateMachine:uninitialized
2019-07-16 14:13:47,307 INFO  server.RaftServerConfigKeys (ConfUtils.java:logGet(43)) - raft.server.rpc.timeout.min = 5s (custom)
2019-07-16 14:13:47,308 INFO  server.RaftServerConfigKeys (ConfUtils.java:logGet(43)) - raft.server.rpc.timeout.max = 5200ms (custom)
2019-07-16 14:13:47,308 INFO  server.RaftServerConfigKeys (ConfUtils.java:logGet(43)) - raft.server.rpcslowness.timeout = 120s (custom)
2019-07-16 14:13:47,308 INFO  server.RaftServerConfigKeys (ConfUtils.java:logGet(43)) - raft.server.sleep.deviation.threshold = 300 (default)
2019-07-16 14:13:47,308 INFO  server.RaftServerConfigKeys (ConfUtils.java:logGet(43)) - raft.server.log.appender.install.snapshot.enabled = false (custom)
2019-07-16 14:13:47,308 INFO  impl.RaftServerImpl (ServerState.java:<init>(105)) - df0574f8-c8fd-4049-8ec8-bb56aa8093ca:group-CB0EBEFF80D3 ConfigurationManager, init=-1: [df0574f8-c8fd-4049-8ec8-bb56aa8093ca:192.168.157.241:34666], old=null, confs=<EMPTY_MAP>
2019-07-16 14:13:47,308 INFO  server.RaftServerConfigKeys (ConfUtils.java:logGet(43)) - raft.server.storage.dir = [/workdir/hadoop-ozone/integration-test/target/test-dir/MiniOzoneClusterImpl-ca431de0-41b1-4e2e-b35a-867a60f198c4/datanode-3/data/ratis] (custom)
2019-07-16 14:13:47,309 INFO  storage.RaftStorageDirectory (RaftStorageDirectory.java:analyzeStorage(246)) - The storage directory /workdir/hadoop-ozone/integration-test/target/test-dir/MiniOzoneClusterImpl-ca431de0-41b1-4e2e-b35a-867a60f198c4/datanode-3/data/ratis/22ca9369-09cc-4be2-8cc2-cb0ebeff80d3 does not exist. Creating ...
2019-07-16 14:13:47,321 INFO  storage.RaftStorageDirectory (RaftStorageDirectory.java:tryLock(328)) - Lock on /workdir/hadoop-ozone/integration-test/target/test-dir/MiniOzoneClusterImpl-ca431de0-41b1-4e2e-b35a-867a60f198c4/datanode-3/data/ratis/22ca9369-09cc-4be2-8cc2-cb0ebeff80d3/in_use.lock acquired by nodename 10151@trunk-nightly-gllmw-2332419065
2019-07-16 14:13:47,334 INFO  storage.RaftStorage (RaftStorage.java:format(72)) - Storage directory /workdir/hadoop-ozone/integration-test/target/test-dir/MiniOzoneClusterImpl-ca431de0-41b1-4e2e-b35a-867a60f198c4/datanode-3/data/ratis/22ca9369-09cc-4be2-8cc2-cb0ebeff80d3 has been successfully formatted.
2019-07-16 14:13:47,334 INFO  ratis.ContainerStateMachine (ContainerStateMachine.java:loadSnapshot(200)) - group-CB0EBEFF80D3: The snapshot info is null. Setting the last applied indexto:(t:0, i:~)
2019-07-16 14:13:47,334 INFO  server.RaftServerConfigKeys (ConfUtils.java:logGet(43)) - raft.server.leader.election.timeout = 120s (custom)
2019-07-16 14:13:47,334 INFO  server.RaftServerConfigKeys (ConfUtils.java:logGet(43)) - raft.server.log.use.memory = false (default)
2019-07-16 14:13:47,334 INFO  server.RaftServerConfigKeys (ConfUtils.java:logGet(43)) - raft.server.log.purge.gap = 1000000000 (custom)
2019-07-16 14:13:47,334 INFO  server.RaftServerConfigKeys (ConfUtils.java:logGet(43)) - raft.server.log.appender.buffer.byte-limit = 33554432 (custom)
2019-07-16 14:13:47,334 INFO  server.RaftServerConfigKeys (ConfUtils.java:logGet(43)) - raft.server.log.segment.size.max = 1048576 (custom)
2019-07-16 14:13:47,335 INFO  server.RaftServerConfigKeys (ConfUtils.java:logGet(43)) - raft.server.log.segment.cache.num.max = 2 (custom)
2019-07-16 14:13:47,335 INFO  segmented.SegmentedRaftLogWorker (SegmentedRaftLogWorker.java:<init>(172)) - new df0574f8-c8fd-4049-8ec8-bb56aa8093ca-SegmentedRaftLogWorker:Storage Directory /workdir/hadoop-ozone/integration-test/target/test-dir/MiniOzoneClusterImpl-ca431de0-41b1-4e2e-b35a-867a60f198c4/datanode-3/data/ratis/22ca9369-09cc-4be2-8cc2-cb0ebeff80d3 for RaftStorage:Storage Directory /workdir/hadoop-ozone/integration-test/target/test-dir/MiniOzoneClusterImpl-ca431de0-41b1-4e2e-b35a-867a60f198c4/datanode-3/data/ratis/22ca9369-09cc-4be2-8cc2-cb0ebeff80d3
2019-07-16 14:13:47,335 INFO  server.RaftServerConfigKeys (ConfUtils.java:logGet(43)) - raft.server.log.queue.byte-limit = 2147483647 (custom)
2019-07-16 14:13:47,335 INFO  server.RaftServerConfigKeys (ConfUtils.java:logGet(43)) - raft.server.log.queue.element-limit = 1024 (custom)
2019-07-16 14:13:47,335 INFO  server.RaftServerConfigKeys (ConfUtils.java:logGet(43)) - raft.server.log.segment.size.max = 1048576 (custom)
2019-07-16 14:13:47,335 INFO  server.RaftServerConfigKeys (ConfUtils.java:logGet(43)) - raft.server.log.preallocated.size = 16384 (custom)
2019-07-16 14:13:47,336 INFO  server.RaftServerConfigKeys (ConfUtils.java:logGet(43)) - raft.server.log.write.buffer.size = 33554432 (custom)
2019-07-16 14:13:47,336 INFO  server.RaftServerConfigKeys (ConfUtils.java:logGet(43)) - raft.server.log.force.sync.num = 128 (default)
2019-07-16 14:13:47,336 INFO  server.RaftServerConfigKeys (ConfUtils.java:logGet(43)) - raft.server.log.statemachine.data.sync = true (default)
2019-07-16 14:13:47,336 INFO  server.RaftServerConfigKeys (ConfUtils.java:logGet(43)) - raft.server.log.statemachine.data.sync.timeout = 10s (default)
2019-07-16 14:13:47,336 INFO  server.RaftServerConfigKeys (ConfUtils.java:logGet(43)) - raft.server.log.statemachine.data.sync.timeout.retry = -1 (default)
2019-07-16 14:13:47,336 INFO  server.RaftServerConfigKeys (ConfUtils.java:logGet(43)) - raft.server.log.statemachine.data.caching.enabled = true (custom)
2019-07-16 14:13:47,337 INFO  segmented.SegmentedRaftLogWorker (SegmentedRaftLogWorker.java:lambda$new$0(132)) - df0574f8-c8fd-4049-8ec8-bb56aa8093ca-SegmentedRaftLogWorker:Storage Directory /workdir/hadoop-ozone/integration-test/target/test-dir/MiniOzoneClusterImpl-ca431de0-41b1-4e2e-b35a-867a60f198c4/datanode-3/data/ratis/22ca9369-09cc-4be2-8cc2-cb0ebeff80d3: flushIndex: setUnconditionally 0 -> -1
2019-07-16 14:13:47,337 INFO  server.RaftServerConfigKeys (ConfUtils.java:logGet(43)) - raft.server.snapshot.auto.trigger.enabled = true (custom)
2019-07-16 14:13:47,337 INFO  server.RaftServerConfigKeys (ConfUtils.java:logGet(43)) - raft.server.snapshot.auto.trigger.threshold = 10000 (custom)
2019-07-16 14:13:47,337 INFO  server.RaftServerConfigKeys (ConfUtils.java:logGet(43)) - raft.server.retrycache.expirytime = 600000ms (custom)
2019-07-16 14:13:47,337 INFO  impl.RaftServerImpl (RaftServerImpl.java:start(180)) - df0574f8-c8fd-4049-8ec8-bb56aa8093ca: start group-CB0EBEFF80D3
2019-07-16 14:13:47,338 INFO  impl.RaftServerImpl (RaftServerImpl.java:setRole(171)) - df0574f8-c8fd-4049-8ec8-bb56aa8093ca:group-CB0EBEFF80D3 changes role from null to FOLLOWER at term 0 for startAsFollower
2019-07-16 14:13:47,338 INFO  impl.RoleInfo (RoleInfo.java:updateAndGet(143)) - df0574f8-c8fd-4049-8ec8-bb56aa8093ca: start FollowerState
2019-07-16 14:13:47,338 INFO  util.JmxRegister (JmxRegister.java:tryRegister(44)) - Successfully registered JMX Bean with object name Ratis:service=RaftServer,group=group-CB0EBEFF80D3,id=df0574f8-c8fd-4049-8ec8-bb56aa8093ca
2019-07-16 14:13:47,351 INFO  pipeline.PipelineStateManager (PipelineStateManager.java:addPipeline(56)) - Created pipeline Pipeline[ Id: 22ca9369-09cc-4be2-8cc2-cb0ebeff80d3, Nodes: df0574f8-c8fd-4049-8ec8-bb56aa8093ca{ip: 192.168.157.241, host: trunk-nightly-gllmw-2332419065, networkLocation: /default-rack, certSerialId: null}, Type:RATIS, Factor:ONE, State:OPEN]
2019-07-16 14:13:47,384 INFO  impl.RaftServerProxy (RaftServerProxy.java:addNew(89)) - 5a8e66b1-e425-4e76-8605-15c5cf330f8d: addNew group-F5BFCC6A9AF7:[2a131300-3ed9-43c6-85ba-4f419284b8d2:192.168.157.241:36166, 5a8e66b1-e425-4e76-8605-15c5cf330f8d:192.168.157.241:44010, 359fe173-38fd-4ce0-9d25-5902b5418fa6:192.168.157.241:44465] returns group-F5BFCC6A9AF7:java.util.concurrent.CompletableFuture@57af7546[Not completed]
2019-07-16 14:13:47,386 INFO  impl.RaftServerProxy (RaftServerProxy.java:addNew(89)) - 2a131300-3ed9-43c6-85ba-4f419284b8d2: addNew group-F5BFCC6A9AF7:[2a131300-3ed9-43c6-85ba-4f419284b8d2:192.168.157.241:36166, 5a8e66b1-e425-4e76-8605-15c5cf330f8d:192.168.157.241:44010, 359fe173-38fd-4ce0-9d25-5902b5418fa6:192.168.157.241:44465] returns group-F5BFCC6A9AF7:java.util.concurrent.CompletableFuture@68dcd56d[Not completed]
2019-07-16 14:13:47,387 INFO  impl.RaftServerImpl (RaftServerImpl.java:<init>(93)) - 5a8e66b1-e425-4e76-8605-15c5cf330f8d: new RaftServerImpl for group-F5BFCC6A9AF7:[2a131300-3ed9-43c6-85ba-4f419284b8d2:192.168.157.241:36166, 5a8e66b1-e425-4e76-8605-15c5cf330f8d:192.168.157.241:44010, 359fe173-38fd-4ce0-9d25-5902b5418fa6:192.168.157.241:44465] with ContainerStateMachine:uninitialized
2019-07-16 14:13:47,387 INFO  server.RaftServerConfigKeys (ConfUtils.java:logGet(43)) - raft.server.rpc.timeout.min = 5s (custom)
2019-07-16 14:13:47,387 INFO  server.RaftServerConfigKeys (ConfUtils.java:logGet(43)) - raft.server.rpc.timeout.max = 5200ms (custom)
2019-07-16 14:13:47,388 INFO  server.RaftServerConfigKeys (ConfUtils.java:logGet(43)) - raft.server.rpcslowness.timeout = 120s (custom)
2019-07-16 14:13:47,388 INFO  server.RaftServerConfigKeys (ConfUtils.java:logGet(43)) - raft.server.sleep.deviation.threshold = 300 (default)
2019-07-16 14:13:47,388 INFO  server.RaftServerConfigKeys (ConfUtils.java:logGet(43)) - raft.server.log.appender.install.snapshot.enabled = false (custom)
2019-07-16 14:13:47,388 INFO  impl.RaftServerImpl (ServerState.java:<init>(105)) - 5a8e66b1-e425-4e76-8605-15c5cf330f8d:group-F5BFCC6A9AF7 ConfigurationManager, init=-1: [2a131300-3ed9-43c6-85ba-4f419284b8d2:192.168.157.241:36166, 5a8e66b1-e425-4e76-8605-15c5cf330f8d:192.168.157.241:44010, 359fe173-38fd-4ce0-9d25-5902b5418fa6:192.168.157.241:44465], old=null, confs=<EMPTY_MAP>
2019-07-16 14:13:47,388 INFO  impl.RaftServerImpl (RaftServerImpl.java:<init>(93)) - 2a131300-3ed9-43c6-85ba-4f419284b8d2: new RaftServerImpl for group-F5BFCC6A9AF7:[2a131300-3ed9-43c6-85ba-4f419284b8d2:192.168.157.241:36166, 5a8e66b1-e425-4e76-8605-15c5cf330f8d:192.168.157.241:44010, 359fe173-38fd-4ce0-9d25-5902b5418fa6:192.168.157.241:44465] with ContainerStateMachine:uninitialized
2019-07-16 14:13:47,388 INFO  server.RaftServerConfigKeys (ConfUtils.java:logGet(43)) - raft.server.storage.dir = [/workdir/hadoop-ozone/integration-test/target/test-dir/MiniOzoneClusterImpl-ca431de0-41b1-4e2e-b35a-867a60f198c4/datanode-5/data/ratis] (custom)
2019-07-16 14:13:47,390 INFO  server.RaftServerConfigKeys (ConfUtils.java:logGet(43)) - raft.server.rpc.timeout.min = 5s (custom)
2019-07-16 14:13:47,390 INFO  server.RaftServerConfigKeys (ConfUtils.java:logGet(43)) - raft.server.rpc.timeout.max = 5200ms (custom)
2019-07-16 14:13:47,390 INFO  server.RaftServerConfigKeys (ConfUtils.java:logGet(43)) - raft.server.rpcslowness.timeout = 120s (custom)
2019-07-16 14:13:47,390 INFO  storage.RaftStorageDirectory (RaftStorageDirectory.java:analyzeStorage(246)) - The storage directory /workdir/hadoop-ozone/integration-test/target/test-dir/MiniOzoneClusterImpl-ca431de0-41b1-4e2e-b35a-867a60f198c4/datanode-5/data/ratis/260428f4-390c-4ca0-8b87-f5bfcc6a9af7 does not exist. Creating ...
2019-07-16 14:13:47,391 INFO  server.RaftServerConfigKeys (ConfUtils.java:logGet(43)) - raft.server.sleep.deviation.threshold = 300 (default)
2019-07-16 14:13:47,391 INFO  impl.RaftServerProxy (RaftServerProxy.java:addNew(89)) - 359fe173-38fd-4ce0-9d25-5902b5418fa6: addNew group-F5BFCC6A9AF7:[2a131300-3ed9-43c6-85ba-4f419284b8d2:192.168.157.241:36166, 5a8e66b1-e425-4e76-8605-15c5cf330f8d:192.168.157.241:44010, 359fe173-38fd-4ce0-9d25-5902b5418fa6:192.168.157.241:44465] returns group-F5BFCC6A9AF7:java.util.concurrent.CompletableFuture@6acdd1e2[Not completed]
2019-07-16 14:13:47,391 INFO  server.RaftServerConfigKeys (ConfUtils.java:logGet(43)) - raft.server.log.appender.install.snapshot.enabled = false (custom)
2019-07-16 14:13:47,391 INFO  impl.RaftServerImpl (ServerState.java:<init>(105)) - 2a131300-3ed9-43c6-85ba-4f419284b8d2:group-F5BFCC6A9AF7 ConfigurationManager, init=-1: [2a131300-3ed9-43c6-85ba-4f419284b8d2:192.168.157.241:36166, 5a8e66b1-e425-4e76-8605-15c5cf330f8d:192.168.157.241:44010, 359fe173-38fd-4ce0-9d25-5902b5418fa6:192.168.157.241:44465], old=null, confs=<EMPTY_MAP>
2019-07-16 14:13:47,391 INFO  server.RaftServerConfigKeys (ConfUtils.java:logGet(43)) - raft.server.storage.dir = [/workdir/hadoop-ozone/integration-test/target/test-dir/MiniOzoneClusterImpl-ca431de0-41b1-4e2e-b35a-867a60f198c4/datanode-0/data/ratis] (custom)
2019-07-16 14:13:47,392 INFO  storage.RaftStorageDirectory (RaftStorageDirectory.java:analyzeStorage(246)) - The storage directory /workdir/hadoop-ozone/integration-test/target/test-dir/MiniOzoneClusterImpl-ca431de0-41b1-4e2e-b35a-867a60f198c4/datanode-0/data/ratis/260428f4-390c-4ca0-8b87-f5bfcc6a9af7 does not exist. Creating ...
2019-07-16 14:13:47,392 INFO  impl.RaftServerImpl (RaftServerImpl.java:<init>(93)) - 359fe173-38fd-4ce0-9d25-5902b5418fa6: new RaftServerImpl for group-F5BFCC6A9AF7:[2a131300-3ed9-43c6-85ba-4f419284b8d2:192.168.157.241:36166, 5a8e66b1-e425-4e76-8605-15c5cf330f8d:192.168.157.241:44010, 359fe173-38fd-4ce0-9d25-5902b5418fa6:192.168.157.241:44465] with ContainerStateMachine:uninitialized
2019-07-16 14:13:47,392 INFO  server.RaftServerConfigKeys (ConfUtils.java:logGet(43)) - raft.server.rpc.timeout.min = 5s (custom)
2019-07-16 14:13:47,392 INFO  server.RaftServerConfigKeys (ConfUtils.java:logGet(43)) - raft.server.rpc.timeout.max = 5200ms (custom)
2019-07-16 14:13:47,393 INFO  server.RaftServerConfigKeys (ConfUtils.java:logGet(43)) - raft.server.rpcslowness.timeout = 120s (custom)
2019-07-16 14:13:47,393 INFO  server.RaftServerConfigKeys (ConfUtils.java:logGet(43)) - raft.server.sleep.deviation.threshold = 300 (default)
2019-07-16 14:13:47,393 INFO  server.RaftServerConfigKeys (ConfUtils.java:logGet(43)) - raft.server.log.appender.install.snapshot.enabled = false (custom)
2019-07-16 14:13:47,393 INFO  impl.RaftServerImpl (ServerState.java:<init>(105)) - 359fe173-38fd-4ce0-9d25-5902b5418fa6:group-F5BFCC6A9AF7 ConfigurationManager, init=-1: [2a131300-3ed9-43c6-85ba-4f419284b8d2:192.168.157.241:36166, 5a8e66b1-e425-4e76-8605-15c5cf330f8d:192.168.157.241:44010, 359fe173-38fd-4ce0-9d25-5902b5418fa6:192.168.157.241:44465], old=null, confs=<EMPTY_MAP>
2019-07-16 14:13:47,393 INFO  server.RaftServerConfigKeys (ConfUtils.java:logGet(43)) - raft.server.storage.dir = [/workdir/hadoop-ozone/integration-test/target/test-dir/MiniOzoneClusterImpl-ca431de0-41b1-4e2e-b35a-867a60f198c4/datanode-2/data/ratis] (custom)
2019-07-16 14:13:47,394 INFO  storage.RaftStorageDirectory (RaftStorageDirectory.java:analyzeStorage(246)) - The storage directory /workdir/hadoop-ozone/integration-test/target/test-dir/MiniOzoneClusterImpl-ca431de0-41b1-4e2e-b35a-867a60f198c4/datanode-2/data/ratis/260428f4-390c-4ca0-8b87-f5bfcc6a9af7 does not exist. Creating ...
2019-07-16 14:13:47,406 INFO  storage.RaftStorageDirectory (RaftStorageDirectory.java:tryLock(328)) - Lock on /workdir/hadoop-ozone/integration-test/target/test-dir/MiniOzoneClusterImpl-ca431de0-41b1-4e2e-b35a-867a60f198c4/datanode-5/data/ratis/260428f4-390c-4ca0-8b87-f5bfcc6a9af7/in_use.lock acquired by nodename 10151@trunk-nightly-gllmw-2332419065
2019-07-16 14:13:47,406 INFO  storage.RaftStorageDirectory (RaftStorageDirectory.java:tryLock(328)) - Lock on /workdir/hadoop-ozone/integration-test/target/test-dir/MiniOzoneClusterImpl-ca431de0-41b1-4e2e-b35a-867a60f198c4/datanode-2/data/ratis/260428f4-390c-4ca0-8b87-f5bfcc6a9af7/in_use.lock acquired by nodename 10151@trunk-nightly-gllmw-2332419065
2019-07-16 14:13:47,406 INFO  storage.RaftStorageDirectory (RaftStorageDirectory.java:tryLock(328)) - Lock on /workdir/hadoop-ozone/integration-test/target/test-dir/MiniOzoneClusterImpl-ca431de0-41b1-4e2e-b35a-867a60f198c4/datanode-0/data/ratis/260428f4-390c-4ca0-8b87-f5bfcc6a9af7/in_use.lock acquired by nodename 10151@trunk-nightly-gllmw-2332419065
2019-07-16 14:13:47,414 INFO  storage.RaftStorage (RaftStorage.java:format(72)) - Storage directory /workdir/hadoop-ozone/integration-test/target/test-dir/MiniOzoneClusterImpl-ca431de0-41b1-4e2e-b35a-867a60f198c4/datanode-2/data/ratis/260428f4-390c-4ca0-8b87-f5bfcc6a9af7 has been successfully formatted.
2019-07-16 14:13:47,414 INFO  storage.RaftStorage (RaftStorage.java:format(72)) - Storage directory /workdir/hadoop-ozone/integration-test/target/test-dir/MiniOzoneClusterImpl-ca431de0-41b1-4e2e-b35a-867a60f198c4/datanode-0/data/ratis/260428f4-390c-4ca0-8b87-f5bfcc6a9af7 has been successfully formatted.
2019-07-16 14:13:47,414 INFO  storage.RaftStorage (RaftStorage.java:format(72)) - Storage directory /workdir/hadoop-ozone/integration-test/target/test-dir/MiniOzoneClusterImpl-ca431de0-41b1-4e2e-b35a-867a60f198c4/datanode-5/data/ratis/260428f4-390c-4ca0-8b87-f5bfcc6a9af7 has been successfully formatted.
2019-07-16 14:13:47,416 INFO  ratis.ContainerStateMachine (ContainerStateMachine.java:loadSnapshot(200)) - group-F5BFCC6A9AF7: The snapshot info is null. Setting the last applied indexto:(t:0, i:~)
2019-07-16 14:13:47,416 INFO  ratis.ContainerStateMachine (ContainerStateMachine.java:loadSnapshot(200)) - group-F5BFCC6A9AF7: The snapshot info is null. Setting the last applied indexto:(t:0, i:~)
2019-07-16 14:13:47,416 INFO  ratis.ContainerStateMachine (ContainerStateMachine.java:loadSnapshot(200)) - group-F5BFCC6A9AF7: The snapshot info is null. Setting the last applied indexto:(t:0, i:~)
2019-07-16 14:13:47,417 INFO  server.RaftServerConfigKeys (ConfUtils.java:logGet(43)) - raft.server.leader.election.timeout = 120s (custom)
2019-07-16 14:13:47,417 INFO  server.RaftServerConfigKeys (ConfUtils.java:logGet(43)) - raft.server.leader.election.timeout = 120s (custom)
2019-07-16 14:13:47,417 INFO  server.RaftServerConfigKeys (ConfUtils.java:logGet(43)) - raft.server.log.use.memory = false (default)
2019-07-16 14:13:47,417 INFO  server.RaftServerConfigKeys (ConfUtils.java:logGet(43)) - raft.server.leader.election.timeout = 120s (custom)
2019-07-16 14:13:47,417 INFO  server.RaftServerConfigKeys (ConfUtils.java:logGet(43)) - raft.server.log.purge.gap = 1000000000 (custom)
2019-07-16 14:13:47,417 INFO  server.RaftServerConfigKeys (ConfUtils.java:logGet(43)) - raft.server.log.use.memory = false (default)
2019-07-16 14:13:47,417 INFO  server.RaftServerConfigKeys (ConfUtils.java:logGet(43)) - raft.server.log.appender.buffer.byte-limit = 33554432 (custom)
2019-07-16 14:13:47,417 INFO  server.RaftServerConfigKeys (ConfUtils.java:logGet(43)) - raft.server.log.use.memory = false (default)
2019-07-16 14:13:47,418 INFO  server.RaftServerConfigKeys (ConfUtils.java:logGet(43)) - raft.server.log.segment.size.max = 1048576 (custom)
2019-07-16 14:13:47,418 INFO  server.RaftServerConfigKeys (ConfUtils.java:logGet(43)) - raft.server.log.purge.gap = 1000000000 (custom)
2019-07-16 14:13:47,418 INFO  server.RaftServerConfigKeys (ConfUtils.java:logGet(43)) - raft.server.log.segment.cache.num.max = 2 (custom)
2019-07-16 14:13:47,418 INFO  server.RaftServerConfigKeys (ConfUtils.java:logGet(43)) - raft.server.log.purge.gap = 1000000000 (custom)
2019-07-16 14:13:47,418 INFO  segmented.SegmentedRaftLogWorker (SegmentedRaftLogWorker.java:<init>(172)) - new 5a8e66b1-e425-4e76-8605-15c5cf330f8d-SegmentedRaftLogWorker:Storage Directory /workdir/hadoop-ozone/integration-test/target/test-dir/MiniOzoneClusterImpl-ca431de0-41b1-4e2e-b35a-867a60f198c4/datanode-5/data/ratis/260428f4-390c-4ca0-8b87-f5bfcc6a9af7 for RaftStorage:Storage Directory /workdir/hadoop-ozone/integration-test/target/test-dir/MiniOzoneClusterImpl-ca431de0-41b1-4e2e-b35a-867a60f198c4/datanode-5/data/ratis/260428f4-390c-4ca0-8b87-f5bfcc6a9af7
2019-07-16 14:13:47,418 INFO  server.RaftServerConfigKeys (ConfUtils.java:logGet(43)) - raft.server.log.appender.buffer.byte-limit = 33554432 (custom)
2019-07-16 14:13:47,419 INFO  server.RaftServerConfigKeys (ConfUtils.java:logGet(43)) - raft.server.log.queue.byte-limit = 2147483647 (custom)
2019-07-16 14:13:47,418 INFO  server.RaftServerConfigKeys (ConfUtils.java:logGet(43)) - raft.server.log.appender.buffer.byte-limit = 33554432 (custom)
2019-07-16 14:13:47,421 INFO  server.RaftServerConfigKeys (ConfUtils.java:logGet(43)) - raft.server.log.queue.element-limit = 1024 (custom)
2019-07-16 14:13:47,419 INFO  server.RaftServerConfigKeys (ConfUtils.java:logGet(43)) - raft.server.log.segment.size.max = 1048576 (custom)
2019-07-16 14:13:47,422 INFO  server.RaftServerConfigKeys (ConfUtils.java:logGet(43)) - raft.server.log.segment.size.max = 1048576 (custom)
2019-07-16 14:13:47,422 INFO  server.RaftServerConfigKeys (ConfUtils.java:logGet(43)) - raft.server.log.segment.size.max = 1048576 (custom)
2019-07-16 14:13:47,422 INFO  server.RaftServerConfigKeys (ConfUtils.java:logGet(43)) - raft.server.log.preallocated.size = 16384 (custom)
2019-07-16 14:13:47,422 INFO  server.RaftServerConfigKeys (ConfUtils.java:logGet(43)) - raft.server.log.segment.cache.num.max = 2 (custom)
2019-07-16 14:13:47,422 INFO  server.RaftServerConfigKeys (ConfUtils.java:logGet(43)) - raft.server.log.write.buffer.size = 33554432 (custom)
2019-07-16 14:13:47,422 INFO  server.RaftServerConfigKeys (ConfUtils.java:logGet(43)) - raft.server.log.force.sync.num = 128 (default)
2019-07-16 14:13:47,422 INFO  server.RaftServerConfigKeys (ConfUtils.java:logGet(43)) - raft.server.log.segment.cache.num.max = 2 (custom)
2019-07-16 14:13:47,423 INFO  server.RaftServerConfigKeys (ConfUtils.java:logGet(43)) - raft.server.log.statemachine.data.sync = true (default)
2019-07-16 14:13:47,422 INFO  segmented.SegmentedRaftLogWorker (SegmentedRaftLogWorker.java:<init>(172)) - new 359fe173-38fd-4ce0-9d25-5902b5418fa6-SegmentedRaftLogWorker:Storage Directory /workdir/hadoop-ozone/integration-test/target/test-dir/MiniOzoneClusterImpl-ca431de0-41b1-4e2e-b35a-867a60f198c4/datanode-2/data/ratis/260428f4-390c-4ca0-8b87-f5bfcc6a9af7 for RaftStorage:Storage Directory /workdir/hadoop-ozone/integration-test/target/test-dir/MiniOzoneClusterImpl-ca431de0-41b1-4e2e-b35a-867a60f198c4/datanode-2/data/ratis/260428f4-390c-4ca0-8b87-f5bfcc6a9af7
2019-07-16 14:13:47,423 INFO  server.RaftServerConfigKeys (ConfUtils.java:logGet(43)) - raft.server.log.statemachine.data.sync.timeout = 10s (default)
2019-07-16 14:13:47,423 INFO  segmented.SegmentedRaftLogWorker (SegmentedRaftLogWorker.java:<init>(172)) - new 2a131300-3ed9-43c6-85ba-4f419284b8d2-SegmentedRaftLogWorker:Storage Directory /workdir/hadoop-ozone/integration-test/target/test-dir/MiniOzoneClusterImpl-ca431de0-41b1-4e2e-b35a-867a60f198c4/datanode-0/data/ratis/260428f4-390c-4ca0-8b87-f5bfcc6a9af7 for RaftStorage:Storage Directory /workdir/hadoop-ozone/integration-test/target/test-dir/MiniOzoneClusterImpl-ca431de0-41b1-4e2e-b35a-867a60f198c4/datanode-0/data/ratis/260428f4-390c-4ca0-8b87-f5bfcc6a9af7
2019-07-16 14:13:47,423 INFO  server.RaftServerConfigKeys (ConfUtils.java:logGet(43)) - raft.server.log.statemachine.data.sync.timeout.retry = -1 (default)
2019-07-16 14:13:47,423 INFO  server.RaftServerConfigKeys (ConfUtils.java:logGet(43)) - raft.server.log.queue.byte-limit = 2147483647 (custom)
2019-07-16 14:13:47,425 INFO  server.RaftServerConfigKeys (ConfUtils.java:logGet(43)) - raft.server.log.statemachine.data.caching.enabled = true (custom)
2019-07-16 14:13:47,425 INFO  server.RaftServerConfigKeys (ConfUtils.java:logGet(43)) - raft.server.log.queue.byte-limit = 2147483647 (custom)
2019-07-16 14:13:47,428 INFO  segmented.SegmentedRaftLogWorker (SegmentedRaftLogWorker.java:lambda$new$0(132)) - 5a8e66b1-e425-4e76-8605-15c5cf330f8d-SegmentedRaftLogWorker:Storage Directory /workdir/hadoop-ozone/integration-test/target/test-dir/MiniOzoneClusterImpl-ca431de0-41b1-4e2e-b35a-867a60f198c4/datanode-5/data/ratis/260428f4-390c-4ca0-8b87-f5bfcc6a9af7: flushIndex: setUnconditionally 0 -> -1
2019-07-16 14:13:47,427 INFO  server.RaftServerConfigKeys (ConfUtils.java:logGet(43)) - raft.server.log.queue.element-limit = 1024 (custom)
2019-07-16 14:13:47,428 INFO  server.RaftServerConfigKeys (ConfUtils.java:logGet(43)) - raft.server.log.queue.element-limit = 1024 (custom)
2019-07-16 14:13:47,428 INFO  server.RaftServerConfigKeys (ConfUtils.java:logGet(43)) - raft.server.log.segment.size.max = 1048576 (custom)
2019-07-16 14:13:47,428 INFO  server.RaftServerConfigKeys (ConfUtils.java:logGet(43)) - raft.server.snapshot.auto.trigger.enabled = true (custom)
2019-07-16 14:13:47,428 INFO  server.RaftServerConfigKeys (ConfUtils.java:logGet(43)) - raft.server.log.preallocated.size = 16384 (custom)
2019-07-16 14:13:47,429 INFO  server.RaftServerConfigKeys (ConfUtils.java:logGet(43)) - raft.server.log.write.buffer.size = 33554432 (custom)
2019-07-16 14:13:47,428 INFO  server.RaftServerConfigKeys (ConfUtils.java:logGet(43)) - raft.server.log.segment.size.max = 1048576 (custom)
2019-07-16 14:13:47,429 INFO  server.RaftServerConfigKeys (ConfUtils.java:logGet(43)) - raft.server.log.force.sync.num = 128 (default)
2019-07-16 14:13:47,428 INFO  server.RaftServerConfigKeys (ConfUtils.java:logGet(43)) - raft.server.snapshot.auto.trigger.threshold = 10000 (custom)
2019-07-16 14:13:47,429 INFO  server.RaftServerConfigKeys (ConfUtils.java:logGet(43)) - raft.server.log.statemachine.data.sync = true (default)
2019-07-16 14:13:47,429 INFO  server.RaftServerConfigKeys (ConfUtils.java:logGet(43)) - raft.server.retrycache.expirytime = 600000ms (custom)
2019-07-16 14:13:47,429 INFO  server.RaftServerConfigKeys (ConfUtils.java:logGet(43)) - raft.server.log.preallocated.size = 16384 (custom)
2019-07-16 14:13:47,430 INFO  impl.RaftServerImpl (RaftServerImpl.java:start(180)) - 5a8e66b1-e425-4e76-8605-15c5cf330f8d: start group-F5BFCC6A9AF7
2019-07-16 14:13:47,429 INFO  server.RaftServerConfigKeys (ConfUtils.java:logGet(43)) - raft.server.log.statemachine.data.sync.timeout = 10s (default)
2019-07-16 14:13:47,430 INFO  impl.RaftServerImpl (RaftServerImpl.java:setRole(171)) - 5a8e66b1-e425-4e76-8605-15c5cf330f8d:group-F5BFCC6A9AF7 changes role from null to FOLLOWER at term 0 for startAsFollower
2019-07-16 14:13:47,430 INFO  server.RaftServerConfigKeys (ConfUtils.java:logGet(43)) - raft.server.log.write.buffer.size = 33554432 (custom)
2019-07-16 14:13:47,430 INFO  impl.RoleInfo (RoleInfo.java:updateAndGet(143)) - 5a8e66b1-e425-4e76-8605-15c5cf330f8d: start FollowerState
2019-07-16 14:13:47,430 INFO  server.RaftServerConfigKeys (ConfUtils.java:logGet(43)) - raft.server.log.statemachine.data.sync.timeout.retry = -1 (default)
2019-07-16 14:13:47,430 INFO  server.RaftServerConfigKeys (ConfUtils.java:logGet(43)) - raft.server.log.force.sync.num = 128 (default)
2019-07-16 14:13:47,431 INFO  server.RaftServerConfigKeys (ConfUtils.java:logGet(43)) - raft.server.log.statemachine.data.caching.enabled = true (custom)
2019-07-16 14:13:47,431 INFO  server.RaftServerConfigKeys (ConfUtils.java:logGet(43)) - raft.server.log.statemachine.data.sync = true (default)
2019-07-16 14:13:47,431 INFO  util.JmxRegister (JmxRegister.java:tryRegister(44)) - Successfully registered JMX Bean with object name Ratis:service=RaftServer,group=group-F5BFCC6A9AF7,id=5a8e66b1-e425-4e76-8605-15c5cf330f8d
2019-07-16 14:13:47,431 INFO  segmented.SegmentedRaftLogWorker (SegmentedRaftLogWorker.java:lambda$new$0(132)) - 359fe173-38fd-4ce0-9d25-5902b5418fa6-SegmentedRaftLogWorker:Storage Directory /workdir/hadoop-ozone/integration-test/target/test-dir/MiniOzoneClusterImpl-ca431de0-41b1-4e2e-b35a-867a60f198c4/datanode-2/data/ratis/260428f4-390c-4ca0-8b87-f5bfcc6a9af7: flushIndex: setUnconditionally 0 -> -1
2019-07-16 14:13:47,431 INFO  server.RaftServerConfigKeys (ConfUtils.java:logGet(43)) - raft.server.log.statemachine.data.sync.timeout = 10s (default)
2019-07-16 14:13:47,431 INFO  server.RaftServerConfigKeys (ConfUtils.java:logGet(43)) - raft.server.log.statemachine.data.sync.timeout.retry = -1 (default)
2019-07-16 14:13:47,431 INFO  server.RaftServerConfigKeys (ConfUtils.java:logGet(43)) - raft.server.snapshot.auto.trigger.enabled = true (custom)
2019-07-16 14:13:47,432 INFO  server.RaftServerConfigKeys (ConfUtils.java:logGet(43)) - raft.server.log.statemachine.data.caching.enabled = true (custom)
2019-07-16 14:13:47,432 INFO  server.RaftServerConfigKeys (ConfUtils.java:logGet(43)) - raft.server.snapshot.auto.trigger.threshold = 10000 (custom)
2019-07-16 14:13:47,432 INFO  segmented.SegmentedRaftLogWorker (SegmentedRaftLogWorker.java:lambda$new$0(132)) - 2a131300-3ed9-43c6-85ba-4f419284b8d2-SegmentedRaftLogWorker:Storage Directory /workdir/hadoop-ozone/integration-test/target/test-dir/MiniOzoneClusterImpl-ca431de0-41b1-4e2e-b35a-867a60f198c4/datanode-0/data/ratis/260428f4-390c-4ca0-8b87-f5bfcc6a9af7: flushIndex: setUnconditionally 0 -> -1
2019-07-16 14:13:47,432 INFO  server.RaftServerConfigKeys (ConfUtils.java:logGet(43)) - raft.server.retrycache.expirytime = 600000ms (custom)
2019-07-16 14:13:47,432 INFO  server.RaftServerConfigKeys (ConfUtils.java:logGet(43)) - raft.server.snapshot.auto.trigger.enabled = true (custom)
2019-07-16 14:13:47,432 INFO  impl.RaftServerImpl (RaftServerImpl.java:start(180)) - 359fe173-38fd-4ce0-9d25-5902b5418fa6: start group-F5BFCC6A9AF7
2019-07-16 14:13:47,432 INFO  server.RaftServerConfigKeys (ConfUtils.java:logGet(43)) - raft.server.snapshot.auto.trigger.threshold = 10000 (custom)
2019-07-16 14:13:47,433 INFO  impl.RaftServerImpl (RaftServerImpl.java:setRole(171)) - 359fe173-38fd-4ce0-9d25-5902b5418fa6:group-F5BFCC6A9AF7 changes role from null to FOLLOWER at term 0 for startAsFollower
2019-07-16 14:13:47,433 INFO  server.RaftServerConfigKeys (ConfUtils.java:logGet(43)) - raft.server.retrycache.expirytime = 600000ms (custom)
2019-07-16 14:13:47,433 INFO  impl.RoleInfo (RoleInfo.java:updateAndGet(143)) - 359fe173-38fd-4ce0-9d25-5902b5418fa6: start FollowerState
2019-07-16 14:13:47,433 INFO  impl.RaftServerImpl (RaftServerImpl.java:start(180)) - 2a131300-3ed9-43c6-85ba-4f419284b8d2: start group-F5BFCC6A9AF7
2019-07-16 14:13:47,433 INFO  impl.RaftServerImpl (RaftServerImpl.java:setRole(171)) - 2a131300-3ed9-43c6-85ba-4f419284b8d2:group-F5BFCC6A9AF7 changes role from null to FOLLOWER at term 0 for startAsFollower
2019-07-16 14:13:47,436 INFO  impl.RoleInfo (RoleInfo.java:updateAndGet(143)) - 2a131300-3ed9-43c6-85ba-4f419284b8d2: start FollowerState
2019-07-16 14:13:47,436 INFO  util.JmxRegister (JmxRegister.java:tryRegister(44)) - Successfully registered JMX Bean with object name Ratis:service=RaftServer,group=group-F5BFCC6A9AF7,id=359fe173-38fd-4ce0-9d25-5902b5418fa6
2019-07-16 14:13:47,439 INFO  util.JmxRegister (JmxRegister.java:tryRegister(44)) - Successfully registered JMX Bean with object name Ratis:service=RaftServer,group=group-F5BFCC6A9AF7,id=2a131300-3ed9-43c6-85ba-4f419284b8d2
2019-07-16 14:13:47,467 INFO  pipeline.PipelineStateManager (PipelineStateManager.java:addPipeline(56)) - Created pipeline Pipeline[ Id: 260428f4-390c-4ca0-8b87-f5bfcc6a9af7, Nodes: 2a131300-3ed9-43c6-85ba-4f419284b8d2{ip: 192.168.157.241, host: trunk-nightly-gllmw-2332419065, networkLocation: /default-rack, certSerialId: null}359fe173-38fd-4ce0-9d25-5902b5418fa6{ip: 192.168.157.241, host: trunk-nightly-gllmw-2332419065, networkLocation: /default-rack, certSerialId: null}5a8e66b1-e425-4e76-8605-15c5cf330f8d{ip: 192.168.157.241, host: trunk-nightly-gllmw-2332419065, networkLocation: /default-rack, certSerialId: null}, Type:RATIS, Factor:THREE, State:OPEN]
2019-07-16 14:13:47,509 INFO  impl.RaftServerProxy (RaftServerProxy.java:addNew(89)) - 43bec1a5-995d-481a-8c42-07fe41c7e672: addNew group-C65DDA9629CB:[526d2249-9d42-407f-8279-75e7249dd6d1:192.168.157.241:37701, 43bec1a5-995d-481a-8c42-07fe41c7e672:192.168.157.241:44492, 6abf7afe-3cc4-4a0d-895d-aaf4d03f914c:192.168.157.241:36882] returns group-C65DDA9629CB:java.util.concurrent.CompletableFuture@34e28fe6[Not completed]
2019-07-16 14:13:47,509 INFO  impl.RaftServerProxy (RaftServerProxy.java:addNew(89)) - 526d2249-9d42-407f-8279-75e7249dd6d1: addNew group-C65DDA9629CB:[526d2249-9d42-407f-8279-75e7249dd6d1:192.168.157.241:37701, 43bec1a5-995d-481a-8c42-07fe41c7e672:192.168.157.241:44492, 6abf7afe-3cc4-4a0d-895d-aaf4d03f914c:192.168.157.241:36882] returns group-C65DDA9629CB:java.util.concurrent.CompletableFuture@be75dec[Not completed]
2019-07-16 14:13:47,509 INFO  impl.RaftServerProxy (RaftServerProxy.java:addNew(89)) - 6abf7afe-3cc4-4a0d-895d-aaf4d03f914c: addNew group-C65DDA9629CB:[526d2249-9d42-407f-8279-75e7249dd6d1:192.168.157.241:37701, 43bec1a5-995d-481a-8c42-07fe41c7e672:192.168.157.241:44492, 6abf7afe-3cc4-4a0d-895d-aaf4d03f914c:192.168.157.241:36882] returns group-C65DDA9629CB:java.util.concurrent.CompletableFuture@124003c1[Not completed]
2019-07-16 14:13:47,512 INFO  impl.RaftServerImpl (RaftServerImpl.java:<init>(93)) - 6abf7afe-3cc4-4a0d-895d-aaf4d03f914c: new RaftServerImpl for group-C65DDA9629CB:[526d2249-9d42-407f-8279-75e7249dd6d1:192.168.157.241:37701, 43bec1a5-995d-481a-8c42-07fe41c7e672:192.168.157.241:44492, 6abf7afe-3cc4-4a0d-895d-aaf4d03f914c:192.168.157.241:36882] with ContainerStateMachine:uninitialized
2019-07-16 14:13:47,512 INFO  server.RaftServerConfigKeys (ConfUtils.java:logGet(43)) - raft.server.rpc.timeout.min = 5s (custom)
2019-07-16 14:13:47,513 INFO  server.RaftServerConfigKeys (ConfUtils.java:logGet(43)) - raft.server.rpc.timeout.max = 5200ms (custom)
2019-07-16 14:13:47,513 INFO  server.RaftServerConfigKeys (ConfUtils.java:logGet(43)) - raft.server.rpcslowness.timeout = 120s (custom)
2019-07-16 14:13:47,513 INFO  server.RaftServerConfigKeys (ConfUtils.java:logGet(43)) - raft.server.sleep.deviation.threshold = 300 (default)
2019-07-16 14:13:47,513 INFO  server.RaftServerConfigKeys (ConfUtils.java:logGet(43)) - raft.server.log.appender.install.snapshot.enabled = false (custom)
2019-07-16 14:13:47,513 INFO  impl.RaftServerImpl (RaftServerImpl.java:<init>(93)) - 43bec1a5-995d-481a-8c42-07fe41c7e672: new RaftServerImpl for group-C65DDA9629CB:[526d2249-9d42-407f-8279-75e7249dd6d1:192.168.157.241:37701, 43bec1a5-995d-481a-8c42-07fe41c7e672:192.168.157.241:44492, 6abf7afe-3cc4-4a0d-895d-aaf4d03f914c:192.168.157.241:36882] with ContainerStateMachine:uninitialized
2019-07-16 14:13:47,513 INFO  impl.RaftServerImpl (ServerState.java:<init>(105)) - 6abf7afe-3cc4-4a0d-895d-aaf4d03f914c:group-C65DDA9629CB ConfigurationManager, init=-1: [526d2249-9d42-407f-8279-75e7249dd6d1:192.168.157.241:37701, 43bec1a5-995d-481a-8c42-07fe41c7e672:192.168.157.241:44492, 6abf7afe-3cc4-4a0d-895d-aaf4d03f914c:192.168.157.241:36882], old=null, confs=<EMPTY_MAP>
2019-07-16 14:13:47,513 INFO  server.RaftServerConfigKeys (ConfUtils.java:logGet(43)) - raft.server.rpc.timeout.min = 5s (custom)
2019-07-16 14:13:47,514 INFO  server.RaftServerConfigKeys (ConfUtils.java:logGet(43)) - raft.server.storage.dir = [/workdir/hadoop-ozone/integration-test/target/test-dir/MiniOzoneClusterImpl-ca431de0-41b1-4e2e-b35a-867a60f198c4/datanode-6/data/ratis] (custom)
2019-07-16 14:13:47,514 INFO  server.RaftServerConfigKeys (ConfUtils.java:logGet(43)) - raft.server.rpc.timeout.max = 5200ms (custom)
2019-07-16 14:13:47,514 INFO  server.RaftServerConfigKeys (ConfUtils.java:logGet(43)) - raft.server.rpcslowness.timeout = 120s (custom)
2019-07-16 14:13:47,514 INFO  storage.RaftStorageDirectory (RaftStorageDirectory.java:analyzeStorage(246)) - The storage directory /workdir/hadoop-ozone/integration-test/target/test-dir/MiniOzoneClusterImpl-ca431de0-41b1-4e2e-b35a-867a60f198c4/datanode-6/data/ratis/a257c4eb-e837-449c-a16e-c65dda9629cb does not exist. Creating ...
2019-07-16 14:13:47,514 INFO  impl.RaftServerImpl (RaftServerImpl.java:<init>(93)) - 526d2249-9d42-407f-8279-75e7249dd6d1: new RaftServerImpl for group-C65DDA9629CB:[526d2249-9d42-407f-8279-75e7249dd6d1:192.168.157.241:37701, 43bec1a5-995d-481a-8c42-07fe41c7e672:192.168.157.241:44492, 6abf7afe-3cc4-4a0d-895d-aaf4d03f914c:192.168.157.241:36882] with ContainerStateMachine:uninitialized
2019-07-16 14:13:47,514 INFO  server.RaftServerConfigKeys (ConfUtils.java:logGet(43)) - raft.server.sleep.deviation.threshold = 300 (default)
2019-07-16 14:13:47,514 INFO  server.RaftServerConfigKeys (ConfUtils.java:logGet(43)) - raft.server.rpc.timeout.min = 5s (custom)
2019-07-16 14:13:47,515 INFO  server.RaftServerConfigKeys (ConfUtils.java:logGet(43)) - raft.server.log.appender.install.snapshot.enabled = false (custom)
2019-07-16 14:13:47,515 INFO  server.RaftServerConfigKeys (ConfUtils.java:logGet(43)) - raft.server.rpc.timeout.max = 5200ms (custom)
2019-07-16 14:13:47,515 INFO  impl.RaftServerImpl (ServerState.java:<init>(105)) - 43bec1a5-995d-481a-8c42-07fe41c7e672:group-C65DDA9629CB ConfigurationManager, init=-1: [526d2249-9d42-407f-8279-75e7249dd6d1:192.168.157.241:37701, 43bec1a5-995d-481a-8c42-07fe41c7e672:192.168.157.241:44492, 6abf7afe-3cc4-4a0d-895d-aaf4d03f914c:192.168.157.241:36882], old=null, confs=<EMPTY_MAP>
2019-07-16 14:13:47,515 INFO  server.RaftServerConfigKeys (ConfUtils.java:logGet(43)) - raft.server.rpcslowness.timeout = 120s (custom)
2019-07-16 14:13:47,515 INFO  server.RaftServerConfigKeys (ConfUtils.java:logGet(43)) - raft.server.storage.dir = [/workdir/hadoop-ozone/integration-test/target/test-dir/MiniOzoneClusterImpl-ca431de0-41b1-4e2e-b35a-867a60f198c4/datanode-4/data/ratis] (custom)
2019-07-16 14:13:47,515 INFO  server.RaftServerConfigKeys (ConfUtils.java:logGet(43)) - raft.server.sleep.deviation.threshold = 300 (default)
2019-07-16 14:13:47,515 INFO  server.RaftServerConfigKeys (ConfUtils.java:logGet(43)) - raft.server.log.appender.install.snapshot.enabled = false (custom)
2019-07-16 14:13:47,516 INFO  impl.RaftServerImpl (ServerState.java:<init>(105)) - 526d2249-9d42-407f-8279-75e7249dd6d1:group-C65DDA9629CB ConfigurationManager, init=-1: [526d2249-9d42-407f-8279-75e7249dd6d1:192.168.157.241:37701, 43bec1a5-995d-481a-8c42-07fe41c7e672:192.168.157.241:44492, 6abf7afe-3cc4-4a0d-895d-aaf4d03f914c:192.168.157.241:36882], old=null, confs=<EMPTY_MAP>
2019-07-16 14:13:47,516 INFO  storage.RaftStorageDirectory (RaftStorageDirectory.java:analyzeStorage(246)) - The storage directory /workdir/hadoop-ozone/integration-test/target/test-dir/MiniOzoneClusterImpl-ca431de0-41b1-4e2e-b35a-867a60f198c4/datanode-4/data/ratis/a257c4eb-e837-449c-a16e-c65dda9629cb does not exist. Creating ...
2019-07-16 14:13:47,516 INFO  server.RaftServerConfigKeys (ConfUtils.java:logGet(43)) - raft.server.storage.dir = [/workdir/hadoop-ozone/integration-test/target/test-dir/MiniOzoneClusterImpl-ca431de0-41b1-4e2e-b35a-867a60f198c4/datanode-1/data/ratis] (custom)
2019-07-16 14:13:47,516 INFO  storage.RaftStorageDirectory (RaftStorageDirectory.java:analyzeStorage(246)) - The storage directory /workdir/hadoop-ozone/integration-test/target/test-dir/MiniOzoneClusterImpl-ca431de0-41b1-4e2e-b35a-867a60f198c4/datanode-1/data/ratis/a257c4eb-e837-449c-a16e-c65dda9629cb does not exist. Creating ...
2019-07-16 14:13:47,540 INFO  storage.RaftStorageDirectory (RaftStorageDirectory.java:tryLock(328)) - Lock on /workdir/hadoop-ozone/integration-test/target/test-dir/MiniOzoneClusterImpl-ca431de0-41b1-4e2e-b35a-867a60f198c4/datanode-4/data/ratis/a257c4eb-e837-449c-a16e-c65dda9629cb/in_use.lock acquired by nodename 10151@trunk-nightly-gllmw-2332419065
2019-07-16 14:13:47,540 INFO  storage.RaftStorageDirectory (RaftStorageDirectory.java:tryLock(328)) - Lock on /workdir/hadoop-ozone/integration-test/target/test-dir/MiniOzoneClusterImpl-ca431de0-41b1-4e2e-b35a-867a60f198c4/datanode-1/data/ratis/a257c4eb-e837-449c-a16e-c65dda9629cb/in_use.lock acquired by nodename 10151@trunk-nightly-gllmw-2332419065
2019-07-16 14:13:47,540 INFO  storage.RaftStorageDirectory (RaftStorageDirectory.java:tryLock(328)) - Lock on /workdir/hadoop-ozone/integration-test/target/test-dir/MiniOzoneClusterImpl-ca431de0-41b1-4e2e-b35a-867a60f198c4/datanode-6/data/ratis/a257c4eb-e837-449c-a16e-c65dda9629cb/in_use.lock acquired by nodename 10151@trunk-nightly-gllmw-2332419065
2019-07-16 14:13:47,557 INFO  storage.RaftStorage (RaftStorage.java:format(72)) - Storage directory /workdir/hadoop-ozone/integration-test/target/test-dir/MiniOzoneClusterImpl-ca431de0-41b1-4e2e-b35a-867a60f198c4/datanode-4/data/ratis/a257c4eb-e837-449c-a16e-c65dda9629cb has been successfully formatted.
2019-07-16 14:13:47,559 INFO  storage.RaftStorage (RaftStorage.java:format(72)) - Storage directory /workdir/hadoop-ozone/integration-test/target/test-dir/MiniOzoneClusterImpl-ca431de0-41b1-4e2e-b35a-867a60f198c4/datanode-6/data/ratis/a257c4eb-e837-449c-a16e-c65dda9629cb has been successfully formatted.
2019-07-16 14:13:47,559 INFO  ratis.ContainerStateMachine (ContainerStateMachine.java:loadSnapshot(200)) - group-C65DDA9629CB: The snapshot info is null. Setting the last applied indexto:(t:0, i:~)
2019-07-16 14:13:47,559 INFO  storage.RaftStorage (RaftStorage.java:format(72)) - Storage directory /workdir/hadoop-ozone/integration-test/target/test-dir/MiniOzoneClusterImpl-ca431de0-41b1-4e2e-b35a-867a60f198c4/datanode-1/data/ratis/a257c4eb-e837-449c-a16e-c65dda9629cb has been successfully formatted.
2019-07-16 14:13:47,559 INFO  server.RaftServerConfigKeys (ConfUtils.java:logGet(43)) - raft.server.leader.election.timeout = 120s (custom)
2019-07-16 14:13:47,559 INFO  ratis.ContainerStateMachine (ContainerStateMachine.java:loadSnapshot(200)) - group-C65DDA9629CB: The snapshot info is null. Setting the last applied indexto:(t:0, i:~)
2019-07-16 14:13:47,559 INFO  ratis.ContainerStateMachine (ContainerStateMachine.java:loadSnapshot(200)) - group-C65DDA9629CB: The snapshot info is null. Setting the last applied indexto:(t:0, i:~)
2019-07-16 14:13:47,559 INFO  server.RaftServerConfigKeys (ConfUtils.java:logGet(43)) - raft.server.log.use.memory = false (default)
2019-07-16 14:13:47,560 INFO  server.RaftServerConfigKeys (ConfUtils.java:logGet(43)) - raft.server.leader.election.timeout = 120s (custom)
2019-07-16 14:13:47,560 INFO  server.RaftServerConfigKeys (ConfUtils.java:logGet(43)) - raft.server.leader.election.timeout = 120s (custom)
2019-07-16 14:13:47,560 INFO  server.RaftServerConfigKeys (ConfUtils.java:logGet(43)) - raft.server.log.use.memory = false (default)
2019-07-16 14:13:47,560 INFO  server.RaftServerConfigKeys (ConfUtils.java:logGet(43)) - raft.server.log.purge.gap = 1000000000 (custom)
2019-07-16 14:13:47,560 INFO  server.RaftServerConfigKeys (ConfUtils.java:logGet(43)) - raft.server.log.purge.gap = 1000000000 (custom)
2019-07-16 14:13:47,560 INFO  server.RaftServerConfigKeys (ConfUtils.java:logGet(43)) - raft.server.log.use.memory = false (default)
2019-07-16 14:13:47,561 INFO  server.RaftServerConfigKeys (ConfUtils.java:logGet(43)) - raft.server.log.appender.buffer.byte-limit = 33554432 (custom)
2019-07-16 14:13:47,561 INFO  server.RaftServerConfigKeys (ConfUtils.java:logGet(43)) - raft.server.log.appender.buffer.byte-limit = 33554432 (custom)
2019-07-16 14:13:47,561 INFO  server.RaftServerConfigKeys (ConfUtils.java:logGet(43)) - raft.server.log.segment.size.max = 1048576 (custom)
2019-07-16 14:13:47,561 INFO  server.RaftServerConfigKeys (ConfUtils.java:logGet(43)) - raft.server.log.purge.gap = 1000000000 (custom)
2019-07-16 14:13:47,561 INFO  server.RaftServerConfigKeys (ConfUtils.java:logGet(43)) - raft.server.log.segment.cache.num.max = 2 (custom)
2019-07-16 14:13:47,561 INFO  server.RaftServerConfigKeys (ConfUtils.java:logGet(43)) - raft.server.log.segment.size.max = 1048576 (custom)
2019-07-16 14:13:47,562 INFO  segmented.SegmentedRaftLogWorker (SegmentedRaftLogWorker.java:<init>(172)) - new 526d2249-9d42-407f-8279-75e7249dd6d1-SegmentedRaftLogWorker:Storage Directory /workdir/hadoop-ozone/integration-test/target/test-dir/MiniOzoneClusterImpl-ca431de0-41b1-4e2e-b35a-867a60f198c4/datanode-1/data/ratis/a257c4eb-e837-449c-a16e-c65dda9629cb for RaftStorage:Storage Directory /workdir/hadoop-ozone/integration-test/target/test-dir/MiniOzoneClusterImpl-ca431de0-41b1-4e2e-b35a-867a60f198c4/datanode-1/data/ratis/a257c4eb-e837-449c-a16e-c65dda9629cb
2019-07-16 14:13:47,561 INFO  server.RaftServerConfigKeys (ConfUtils.java:logGet(43)) - raft.server.log.appender.buffer.byte-limit = 33554432 (custom)
2019-07-16 14:13:47,562 INFO  server.RaftServerConfigKeys (ConfUtils.java:logGet(43)) - raft.server.log.queue.byte-limit = 2147483647 (custom)
2019-07-16 14:13:47,562 INFO  server.RaftServerConfigKeys (ConfUtils.java:logGet(43)) - raft.server.log.segment.cache.num.max = 2 (custom)
2019-07-16 14:13:47,564 INFO  server.RaftServerConfigKeys (ConfUtils.java:logGet(43)) - raft.server.log.queue.element-limit = 1024 (custom)
2019-07-16 14:13:47,562 INFO  server.RaftServerConfigKeys (ConfUtils.java:logGet(43)) - raft.server.log.segment.size.max = 1048576 (custom)
2019-07-16 14:13:47,564 INFO  server.RaftServerConfigKeys (ConfUtils.java:logGet(43)) - raft.server.log.segment.size.max = 1048576 (custom)
2019-07-16 14:13:47,564 INFO  segmented.SegmentedRaftLogWorker (SegmentedRaftLogWorker.java:<init>(172)) - new 43bec1a5-995d-481a-8c42-07fe41c7e672-SegmentedRaftLogWorker:Storage Directory /workdir/hadoop-ozone/integration-test/target/test-dir/MiniOzoneClusterImpl-ca431de0-41b1-4e2e-b35a-867a60f198c4/datanode-4/data/ratis/a257c4eb-e837-449c-a16e-c65dda9629cb for RaftStorage:Storage Directory /workdir/hadoop-ozone/integration-test/target/test-dir/MiniOzoneClusterImpl-ca431de0-41b1-4e2e-b35a-867a60f198c4/datanode-4/data/ratis/a257c4eb-e837-449c-a16e-c65dda9629cb
2019-07-16 14:13:47,565 INFO  server.RaftServerConfigKeys (ConfUtils.java:logGet(43)) - raft.server.log.preallocated.size = 16384 (custom)
2019-07-16 14:13:47,565 INFO  server.RaftServerConfigKeys (ConfUtils.java:logGet(43)) - raft.server.log.segment.cache.num.max = 2 (custom)
2019-07-16 14:13:47,565 INFO  server.RaftServerConfigKeys (ConfUtils.java:logGet(43)) - raft.server.log.write.buffer.size = 33554432 (custom)
2019-07-16 14:13:47,565 INFO  server.RaftServerConfigKeys (ConfUtils.java:logGet(43)) - raft.server.log.queue.byte-limit = 2147483647 (custom)
2019-07-16 14:13:47,567 INFO  server.RaftServerConfigKeys (ConfUtils.java:logGet(43)) - raft.server.log.force.sync.num = 128 (default)
2019-07-16 14:13:47,567 INFO  segmented.SegmentedRaftLogWorker (SegmentedRaftLogWorker.java:<init>(172)) - new 6abf7afe-3cc4-4a0d-895d-aaf4d03f914c-SegmentedRaftLogWorker:Storage Directory /workdir/hadoop-ozone/integration-test/target/test-dir/MiniOzoneClusterImpl-ca431de0-41b1-4e2e-b35a-867a60f198c4/datanode-6/data/ratis/a257c4eb-e837-449c-a16e-c65dda9629cb for RaftStorage:Storage Directory /workdir/hadoop-ozone/integration-test/target/test-dir/MiniOzoneClusterImpl-ca431de0-41b1-4e2e-b35a-867a60f198c4/datanode-6/data/ratis/a257c4eb-e837-449c-a16e-c65dda9629cb
2019-07-16 14:13:47,568 INFO  server.RaftServerConfigKeys (ConfUtils.java:logGet(43)) - raft.server.log.statemachine.data.sync = true (default)
2019-07-16 14:13:47,567 INFO  server.RaftServerConfigKeys (ConfUtils.java:logGet(43)) - raft.server.log.queue.element-limit = 1024 (custom)
2019-07-16 14:13:47,568 INFO  server.RaftServerConfigKeys (ConfUtils.java:logGet(43)) - raft.server.log.statemachine.data.sync.timeout = 10s (default)
2019-07-16 14:13:47,568 INFO  server.RaftServerConfigKeys (ConfUtils.java:logGet(43)) - raft.server.log.queue.byte-limit = 2147483647 (custom)
2019-07-16 14:13:47,570 INFO  server.RaftServerConfigKeys (ConfUtils.java:logGet(43)) - raft.server.log.statemachine.data.sync.timeout.retry = -1 (default)
2019-07-16 14:13:47,570 INFO  server.RaftServerConfigKeys (ConfUtils.java:logGet(43)) - raft.server.log.segment.size.max = 1048576 (custom)
2019-07-16 14:13:47,570 INFO  server.RaftServerConfigKeys (ConfUtils.java:logGet(43)) - raft.server.log.queue.element-limit = 1024 (custom)
2019-07-16 14:13:47,571 INFO  server.RaftServerConfigKeys (ConfUtils.java:logGet(43)) - raft.server.log.preallocated.size = 16384 (custom)
2019-07-16 14:13:47,571 INFO  server.RaftServerConfigKeys (ConfUtils.java:logGet(43)) - raft.server.log.statemachine.data.caching.enabled = true (custom)
2019-07-16 14:13:47,571 INFO  server.RaftServerConfigKeys (ConfUtils.java:logGet(43)) - raft.server.log.write.buffer.size = 33554432 (custom)
2019-07-16 14:13:47,571 INFO  server.RaftServerConfigKeys (ConfUtils.java:logGet(43)) - raft.server.log.segment.size.max = 1048576 (custom)
2019-07-16 14:13:47,571 INFO  segmented.SegmentedRaftLogWorker (SegmentedRaftLogWorker.java:lambda$new$0(132)) - 526d2249-9d42-407f-8279-75e7249dd6d1-SegmentedRaftLogWorker:Storage Directory /workdir/hadoop-ozone/integration-test/target/test-dir/MiniOzoneClusterImpl-ca431de0-41b1-4e2e-b35a-867a60f198c4/datanode-1/data/ratis/a257c4eb-e837-449c-a16e-c65dda9629cb: flushIndex: setUnconditionally 0 -> -1
2019-07-16 14:13:47,571 INFO  server.RaftServerConfigKeys (ConfUtils.java:logGet(43)) - raft.server.log.force.sync.num = 128 (default)
2019-07-16 14:13:47,571 INFO  rpc.RpcClient (RpcClient.java:createVolume(287)) - Creating Volume: watchforcommithandlingtest, with jenkins1000 as owner.
2019-07-16 14:13:47,571 INFO  server.RaftServerConfigKeys (ConfUtils.java:logGet(43)) - raft.server.log.preallocated.size = 16384 (custom)
2019-07-16 14:13:47,572 INFO  server.RaftServerConfigKeys (ConfUtils.java:logGet(43)) - raft.server.snapshot.auto.trigger.enabled = true (custom)
2019-07-16 14:13:47,572 INFO  server.RaftServerConfigKeys (ConfUtils.java:logGet(43)) - raft.server.snapshot.auto.trigger.threshold = 10000 (custom)
2019-07-16 14:13:47,572 INFO  server.RaftServerConfigKeys (ConfUtils.java:logGet(43)) - raft.server.log.statemachine.data.sync = true (default)
2019-07-16 14:13:47,573 INFO  server.RaftServerConfigKeys (ConfUtils.java:logGet(43)) - raft.server.retrycache.expirytime = 600000ms (custom)
2019-07-16 14:13:47,572 INFO  server.RaftServerConfigKeys (ConfUtils.java:logGet(43)) - raft.server.log.write.buffer.size = 33554432 (custom)
2019-07-16 14:13:47,573 INFO  impl.RaftServerImpl (RaftServerImpl.java:start(180)) - 526d2249-9d42-407f-8279-75e7249dd6d1: start group-C65DDA9629CB
2019-07-16 14:13:47,573 INFO  impl.RaftServerImpl (RaftServerImpl.java:setRole(171)) - 526d2249-9d42-407f-8279-75e7249dd6d1:group-C65DDA9629CB changes role from null to FOLLOWER at term 0 for startAsFollower
2019-07-16 14:13:47,573 INFO  server.RaftServerConfigKeys (ConfUtils.java:logGet(43)) - raft.server.log.statemachine.data.sync.timeout = 10s (default)
2019-07-16 14:13:47,573 INFO  impl.RoleInfo (RoleInfo.java:updateAndGet(143)) - 526d2249-9d42-407f-8279-75e7249dd6d1: start FollowerState
2019-07-16 14:13:47,573 INFO  server.RaftServerConfigKeys (ConfUtils.java:logGet(43)) - raft.server.log.force.sync.num = 128 (default)
2019-07-16 14:13:47,574 INFO  server.RaftServerConfigKeys (ConfUtils.java:logGet(43)) - raft.server.log.statemachine.data.sync = true (default)
2019-07-16 14:13:47,573 INFO  server.RaftServerConfigKeys (ConfUtils.java:logGet(43)) - raft.server.log.statemachine.data.sync.timeout.retry = -1 (default)
2019-07-16 14:13:47,574 INFO  util.JmxRegister (JmxRegister.java:tryRegister(44)) - Successfully registered JMX Bean with object name Ratis:service=RaftServer,group=group-C65DDA9629CB,id=526d2249-9d42-407f-8279-75e7249dd6d1
2019-07-16 14:13:47,574 INFO  server.RaftServerConfigKeys (ConfUtils.java:logGet(43)) - raft.server.log.statemachine.data.sync.timeout = 10s (default)
2019-07-16 14:13:47,574 INFO  server.RaftServerConfigKeys (ConfUtils.java:logGet(43)) - raft.server.log.statemachine.data.caching.enabled = true (custom)
2019-07-16 14:13:47,574 INFO  server.RaftServerConfigKeys (ConfUtils.java:logGet(43)) - raft.server.log.statemachine.data.sync.timeout.retry = -1 (default)
2019-07-16 14:13:47,575 INFO  segmented.SegmentedRaftLogWorker (SegmentedRaftLogWorker.java:lambda$new$0(132)) - 43bec1a5-995d-481a-8c42-07fe41c7e672-SegmentedRaftLogWorker:Storage Directory /workdir/hadoop-ozone/integration-test/target/test-dir/MiniOzoneClusterImpl-ca431de0-41b1-4e2e-b35a-867a60f198c4/datanode-4/data/ratis/a257c4eb-e837-449c-a16e-c65dda9629cb: flushIndex: setUnconditionally 0 -> -1
2019-07-16 14:13:47,575 INFO  server.RaftServerConfigKeys (ConfUtils.java:logGet(43)) - raft.server.log.statemachine.data.caching.enabled = true (custom)
2019-07-16 14:13:47,575 INFO  server.RaftServerConfigKeys (ConfUtils.java:logGet(43)) - raft.server.snapshot.auto.trigger.enabled = true (custom)
2019-07-16 14:13:47,575 INFO  segmented.SegmentedRaftLogWorker (SegmentedRaftLogWorker.java:lambda$new$0(132)) - 6abf7afe-3cc4-4a0d-895d-aaf4d03f914c-SegmentedRaftLogWorker:Storage Directory /workdir/hadoop-ozone/integration-test/target/test-dir/MiniOzoneClusterImpl-ca431de0-41b1-4e2e-b35a-867a60f198c4/datanode-6/data/ratis/a257c4eb-e837-449c-a16e-c65dda9629cb: flushIndex: setUnconditionally 0 -> -1
2019-07-16 14:13:47,575 INFO  server.RaftServerConfigKeys (ConfUtils.java:logGet(43)) - raft.server.snapshot.auto.trigger.threshold = 10000 (custom)
2019-07-16 14:13:47,576 INFO  server.RaftServerConfigKeys (ConfUtils.java:logGet(43)) - raft.server.retrycache.expirytime = 600000ms (custom)
2019-07-16 14:13:47,576 INFO  server.RaftServerConfigKeys (ConfUtils.java:logGet(43)) - raft.server.snapshot.auto.trigger.enabled = true (custom)
2019-07-16 14:13:47,576 INFO  impl.RaftServerImpl (RaftServerImpl.java:start(180)) - 43bec1a5-995d-481a-8c42-07fe41c7e672: start group-C65DDA9629CB
2019-07-16 14:13:47,576 INFO  server.RaftServerConfigKeys (ConfUtils.java:logGet(43)) - raft.server.snapshot.auto.trigger.threshold = 10000 (custom)
2019-07-16 14:13:47,576 INFO  impl.RaftServerImpl (RaftServerImpl.java:setRole(171)) - 43bec1a5-995d-481a-8c42-07fe41c7e672:group-C65DDA9629CB changes role from null to FOLLOWER at term 0 for startAsFollower
2019-07-16 14:13:47,576 INFO  server.RaftServerConfigKeys (ConfUtils.java:logGet(43)) - raft.server.retrycache.expirytime = 600000ms (custom)
2019-07-16 14:13:47,577 INFO  impl.RoleInfo (RoleInfo.java:updateAndGet(143)) - 43bec1a5-995d-481a-8c42-07fe41c7e672: start FollowerState
2019-07-16 14:13:47,579 INFO  impl.RaftServerImpl (RaftServerImpl.java:start(180)) - 6abf7afe-3cc4-4a0d-895d-aaf4d03f914c: start group-C65DDA9629CB
2019-07-16 14:13:47,581 INFO  impl.RaftServerImpl (RaftServerImpl.java:setRole(171)) - 6abf7afe-3cc4-4a0d-895d-aaf4d03f914c:group-C65DDA9629CB changes role from null to FOLLOWER at term 0 for startAsFollower
2019-07-16 14:13:47,581 INFO  util.JmxRegister (JmxRegister.java:tryRegister(44)) - Successfully registered JMX Bean with object name Ratis:service=RaftServer,group=group-C65DDA9629CB,id=43bec1a5-995d-481a-8c42-07fe41c7e672
2019-07-16 14:13:47,583 INFO  impl.RoleInfo (RoleInfo.java:updateAndGet(143)) - 6abf7afe-3cc4-4a0d-895d-aaf4d03f914c: start FollowerState
2019-07-16 14:13:47,586 INFO  util.JmxRegister (JmxRegister.java:tryRegister(44)) - Successfully registered JMX Bean with object name Ratis:service=RaftServer,group=group-C65DDA9629CB,id=6abf7afe-3cc4-4a0d-895d-aaf4d03f914c
2019-07-16 14:13:47,608 INFO  pipeline.PipelineStateManager (PipelineStateManager.java:addPipeline(56)) - Created pipeline Pipeline[ Id: a257c4eb-e837-449c-a16e-c65dda9629cb, Nodes: 6abf7afe-3cc4-4a0d-895d-aaf4d03f914c{ip: 192.168.157.241, host: trunk-nightly-gllmw-2332419065, networkLocation: /default-rack, certSerialId: null}43bec1a5-995d-481a-8c42-07fe41c7e672{ip: 192.168.157.241, host: trunk-nightly-gllmw-2332419065, networkLocation: /default-rack, certSerialId: null}526d2249-9d42-407f-8279-75e7249dd6d1{ip: 192.168.157.241, host: trunk-nightly-gllmw-2332419065, networkLocation: /default-rack, certSerialId: null}, Type:RATIS, Factor:THREE, State:OPEN]
2019-07-16 14:13:47,634 INFO  rpc.RpcClient (RpcClient.java:createBucket(424)) - Creating Bucket: watchforcommithandlingtest/watchforcommithandlingtest, with Versioning false and Storage Type set to DISK and Encryption set to false 
2019-07-16 14:13:47,663 INFO  ozone.MiniOzoneClusterImpl (MiniOzoneClusterImpl.java:getStorageContainerLocationClient(241)) - Creating StorageContainerLocationProtocol RPC client with address /0.0.0.0:37588
2019-07-16 14:13:47,920 INFO  client.GrpcClientProtocolClient (GrpcClientProtocolClient.java:onNext(255)) - client-379CEF8051C3->6abf7afe-3cc4-4a0d-895d-aaf4d03f914c: receive RaftClientReply:client-379CEF8051C3->6abf7afe-3cc4-4a0d-895d-aaf4d03f914c@group-C65DDA9629CB, cid=13, FAILED org.apache.ratis.protocol.NotLeaderException: Server 6abf7afe-3cc4-4a0d-895d-aaf4d03f914c is not the leader (null). Request must be sent to leader., logIndex=0, commits[6abf7afe-3cc4-4a0d-895d-aaf4d03f914c:c-1]
2019-07-16 14:13:48,494 INFO  container.ReplicationManager (ReplicationManager.java:start(155)) - Starting Replication Monitor Thread.
2019-07-16 14:13:48,501 INFO  container.ReplicationManager (ReplicationManager.java:run(207)) - Replication Monitor Thread took 7 milliseconds for processing 1 containers.
2019-07-16 14:13:48,968 INFO  client.GrpcClientProtocolClient (GrpcClientProtocolClient.java:onNext(255)) - client-379CEF8051C3->526d2249-9d42-407f-8279-75e7249dd6d1: receive RaftClientReply:client-379CEF8051C3->526d2249-9d42-407f-8279-75e7249dd6d1@group-C65DDA9629CB, cid=13, FAILED org.apache.ratis.protocol.NotLeaderException: Server 526d2249-9d42-407f-8279-75e7249dd6d1 is not the leader (null). Request must be sent to leader., logIndex=0, commits[526d2249-9d42-407f-8279-75e7249dd6d1:c-1]
2019-07-16 14:13:49,996 INFO  client.GrpcClientProtocolClient (GrpcClientProtocolClient.java:onNext(255)) - client-379CEF8051C3->43bec1a5-995d-481a-8c42-07fe41c7e672: receive RaftClientReply:client-379CEF8051C3->43bec1a5-995d-481a-8c42-07fe41c7e672@group-C65DDA9629CB, cid=13, FAILED org.apache.ratis.protocol.NotLeaderException: Server 43bec1a5-995d-481a-8c42-07fe41c7e672 is not the leader (null). Request must be sent to leader., logIndex=0, commits[43bec1a5-995d-481a-8c42-07fe41c7e672:c-1]
2019-07-16 14:13:51,020 INFO  client.GrpcClientProtocolClient (GrpcClientProtocolClient.java:onNext(255)) - client-379CEF8051C3->526d2249-9d42-407f-8279-75e7249dd6d1: receive RaftClientReply:client-379CEF8051C3->526d2249-9d42-407f-8279-75e7249dd6d1@group-C65DDA9629CB, cid=13, FAILED org.apache.ratis.protocol.NotLeaderException: Server 526d2249-9d42-407f-8279-75e7249dd6d1 is not the leader (null). Request must be sent to leader., logIndex=0, commits[526d2249-9d42-407f-8279-75e7249dd6d1:c-1]
2019-07-16 14:13:51,714 INFO  impl.FollowerState (FollowerState.java:run(106)) - 2a131300-3ed9-43c6-85ba-4f419284b8d2:group-4B789D98BCF6 changes to CANDIDATE, lastRpcTime:5037, electionTimeout:5036ms
2019-07-16 14:13:51,714 INFO  impl.RoleInfo (RoleInfo.java:shutdownFollowerState(121)) - 2a131300-3ed9-43c6-85ba-4f419284b8d2: shutdown FollowerState
2019-07-16 14:13:51,714 INFO  impl.RaftServerImpl (RaftServerImpl.java:setRole(171)) - 2a131300-3ed9-43c6-85ba-4f419284b8d2:group-4B789D98BCF6 changes role from FOLLOWER to CANDIDATE at term 0 for changeToCandidate
2019-07-16 14:13:51,723 INFO  impl.RoleInfo (RoleInfo.java:updateAndGet(143)) - 2a131300-3ed9-43c6-85ba-4f419284b8d2: start LeaderElection
2019-07-16 14:13:51,745 INFO  impl.LeaderElection (LeaderElection.java:askForVotes(181)) - 2a131300-3ed9-43c6-85ba-4f419284b8d2:group-4B789D98BCF6:LeaderElection1: begin an election at term 1 for -1: [2a131300-3ed9-43c6-85ba-4f419284b8d2:192.168.157.241:36166], old=null
2019-07-16 14:13:51,748 INFO  impl.RoleInfo (RoleInfo.java:shutdownLeaderElection(134)) - 2a131300-3ed9-43c6-85ba-4f419284b8d2: shutdown LeaderElection
2019-07-16 14:13:51,748 INFO  impl.RaftServerImpl (RaftServerImpl.java:setRole(171)) - 2a131300-3ed9-43c6-85ba-4f419284b8d2:group-4B789D98BCF6 changes role from CANDIDATE to LEADER at term 1 for changeToLeader
2019-07-16 14:13:51,749 INFO  impl.RaftServerImpl (ServerState.java:setLeader(263)) - 2a131300-3ed9-43c6-85ba-4f419284b8d2:group-4B789D98BCF6 change Leader from null to 2a131300-3ed9-43c6-85ba-4f419284b8d2 at term 1 for becomeLeader, leader elected after 5158ms
2019-07-16 14:13:51,758 INFO  server.RaftServerConfigKeys (ConfUtils.java:logGet(43)) - raft.server.staging.catchup.gap = 1000 (default)
2019-07-16 14:13:51,758 INFO  server.RaftServerConfigKeys (ConfUtils.java:logGet(43)) - raft.server.rpc.sleep.time = 25ms (default)
2019-07-16 14:13:51,762 INFO  server.RaftServerConfigKeys (ConfUtils.java:logGet(43)) - raft.server.write.element-limit = 4096 (default)
2019-07-16 14:13:51,765 INFO  server.RaftServerConfigKeys (ConfUtils.java:logGet(43)) - raft.server.watch.timeout = 10s (default)
2019-07-16 14:13:51,766 INFO  server.RaftServerConfigKeys (ConfUtils.java:logGet(43)) - raft.server.watch.timeout.denomination = 1s (default)
2019-07-16 14:13:51,767 INFO  server.RaftServerConfigKeys (ConfUtils.java:logGet(43)) - raft.server.watch.element-limit = 65536 (default)
2019-07-16 14:13:51,778 INFO  impl.RoleInfo (RoleInfo.java:updateAndGet(143)) - 2a131300-3ed9-43c6-85ba-4f419284b8d2: start LeaderState
2019-07-16 14:13:51,806 INFO  segmented.SegmentedRaftLogWorker (SegmentedRaftLogWorker.java:startLogSegment(380)) - 2a131300-3ed9-43c6-85ba-4f419284b8d2-SegmentedRaftLogWorker:Storage Directory /workdir/hadoop-ozone/integration-test/target/test-dir/MiniOzoneClusterImpl-ca431de0-41b1-4e2e-b35a-867a60f198c4/datanode-0/data/ratis/38d7d2b6-fe3f-4077-ae1c-4b789d98bcf6: Starting segment from index:0
2019-07-16 14:13:51,815 INFO  impl.RaftServerImpl (ServerState.java:setRaftConf(361)) - 2a131300-3ed9-43c6-85ba-4f419284b8d2:group-4B789D98BCF6 set configuration 0: [2a131300-3ed9-43c6-85ba-4f419284b8d2:192.168.157.241:36166], old=null at 0
2019-07-16 14:13:51,963 INFO  impl.FollowerState (FollowerState.java:run(106)) - 359fe173-38fd-4ce0-9d25-5902b5418fa6:group-C590D5FFD3A3 changes to CANDIDATE, lastRpcTime:5058, electionTimeout:5054ms
2019-07-16 14:13:51,965 INFO  impl.RoleInfo (RoleInfo.java:shutdownFollowerState(121)) - 359fe173-38fd-4ce0-9d25-5902b5418fa6: shutdown FollowerState
2019-07-16 14:13:51,966 INFO  impl.RaftServerImpl (RaftServerImpl.java:setRole(171)) - 359fe173-38fd-4ce0-9d25-5902b5418fa6:group-C590D5FFD3A3 changes role from FOLLOWER to CANDIDATE at term 0 for changeToCandidate
2019-07-16 14:13:51,966 INFO  impl.RoleInfo (RoleInfo.java:updateAndGet(143)) - 359fe173-38fd-4ce0-9d25-5902b5418fa6: start LeaderElection
2019-07-16 14:13:51,986 INFO  impl.LeaderElection (LeaderElection.java:askForVotes(181)) - 359fe173-38fd-4ce0-9d25-5902b5418fa6:group-C590D5FFD3A3:LeaderElection2: begin an election at term 1 for -1: [359fe173-38fd-4ce0-9d25-5902b5418fa6:192.168.157.241:44465], old=null
2019-07-16 14:13:51,987 INFO  impl.RoleInfo (RoleInfo.java:shutdownLeaderElection(134)) - 359fe173-38fd-4ce0-9d25-5902b5418fa6: shutdown LeaderElection
2019-07-16 14:13:51,987 INFO  impl.RaftServerImpl (RaftServerImpl.java:setRole(171)) - 359fe173-38fd-4ce0-9d25-5902b5418fa6:group-C590D5FFD3A3 changes role from CANDIDATE to LEADER at term 1 for changeToLeader
2019-07-16 14:13:51,988 INFO  impl.RaftServerImpl (ServerState.java:setLeader(263)) - 359fe173-38fd-4ce0-9d25-5902b5418fa6:group-C590D5FFD3A3 change Leader from null to 359fe173-38fd-4ce0-9d25-5902b5418fa6 at term 1 for becomeLeader, leader elected after 5089ms
2019-07-16 14:13:51,989 INFO  server.RaftServerConfigKeys (ConfUtils.java:logGet(43)) - raft.server.staging.catchup.gap = 1000 (default)
2019-07-16 14:13:51,989 INFO  server.RaftServerConfigKeys (ConfUtils.java:logGet(43)) - raft.server.rpc.sleep.time = 25ms (default)
2019-07-16 14:13:51,989 INFO  server.RaftServerConfigKeys (ConfUtils.java:logGet(43)) - raft.server.write.element-limit = 4096 (default)
2019-07-16 14:13:51,990 INFO  server.RaftServerConfigKeys (ConfUtils.java:logGet(43)) - raft.server.watch.timeout = 10s (default)
2019-07-16 14:13:51,990 INFO  server.RaftServerConfigKeys (ConfUtils.java:logGet(43)) - raft.server.watch.timeout.denomination = 1s (default)
2019-07-16 14:13:51,992 INFO  server.RaftServerConfigKeys (ConfUtils.java:logGet(43)) - raft.server.watch.element-limit = 65536 (default)
2019-07-16 14:13:51,992 INFO  impl.RoleInfo (RoleInfo.java:updateAndGet(143)) - 359fe173-38fd-4ce0-9d25-5902b5418fa6: start LeaderState
2019-07-16 14:13:51,992 INFO  segmented.SegmentedRaftLogWorker (SegmentedRaftLogWorker.java:startLogSegment(380)) - 359fe173-38fd-4ce0-9d25-5902b5418fa6-SegmentedRaftLogWorker:Storage Directory /workdir/hadoop-ozone/integration-test/target/test-dir/MiniOzoneClusterImpl-ca431de0-41b1-4e2e-b35a-867a60f198c4/datanode-2/data/ratis/b1cef546-1a50-4aba-b8e1-c590d5ffd3a3: Starting segment from index:0
2019-07-16 14:13:51,993 INFO  impl.RaftServerImpl (ServerState.java:setRaftConf(361)) - 359fe173-38fd-4ce0-9d25-5902b5418fa6:group-C590D5FFD3A3 set configuration 0: [359fe173-38fd-4ce0-9d25-5902b5418fa6:192.168.157.241:44465], old=null at 0
2019-07-16 14:13:52,031 INFO  segmented.SegmentedRaftLogWorker (SegmentedRaftLogWorker.java:execute(569)) - 2a131300-3ed9-43c6-85ba-4f419284b8d2-SegmentedRaftLogWorker:Storage Directory /workdir/hadoop-ozone/integration-test/target/test-dir/MiniOzoneClusterImpl-ca431de0-41b1-4e2e-b35a-867a60f198c4/datanode-0/data/ratis/38d7d2b6-fe3f-4077-ae1c-4b789d98bcf6: created new log segment /workdir/hadoop-ozone/integration-test/target/test-dir/MiniOzoneClusterImpl-ca431de0-41b1-4e2e-b35a-867a60f198c4/datanode-0/data/ratis/38d7d2b6-fe3f-4077-ae1c-4b789d98bcf6/current/log_inprogress_0
2019-07-16 14:13:52,031 INFO  segmented.SegmentedRaftLogWorker (SegmentedRaftLogWorker.java:execute(569)) - 359fe173-38fd-4ce0-9d25-5902b5418fa6-SegmentedRaftLogWorker:Storage Directory /workdir/hadoop-ozone/integration-test/target/test-dir/MiniOzoneClusterImpl-ca431de0-41b1-4e2e-b35a-867a60f198c4/datanode-2/data/ratis/b1cef546-1a50-4aba-b8e1-c590d5ffd3a3: created new log segment /workdir/hadoop-ozone/integration-test/target/test-dir/MiniOzoneClusterImpl-ca431de0-41b1-4e2e-b35a-867a60f198c4/datanode-2/data/ratis/b1cef546-1a50-4aba-b8e1-c590d5ffd3a3/current/log_inprogress_0
2019-07-16 14:13:52,045 INFO  client.GrpcClientProtocolClient (GrpcClientProtocolClient.java:onNext(255)) - client-379CEF8051C3->43bec1a5-995d-481a-8c42-07fe41c7e672: receive RaftClientReply:client-379CEF8051C3->43bec1a5-995d-481a-8c42-07fe41c7e672@group-C65DDA9629CB, cid=13, FAILED org.apache.ratis.protocol.NotLeaderException: Server 43bec1a5-995d-481a-8c42-07fe41c7e672 is not the leader (null). Request must be sent to leader., logIndex=0, commits[43bec1a5-995d-481a-8c42-07fe41c7e672:c-1]
2019-07-16 14:13:52,071 WARN  io.KeyOutputStream (KeyOutputStream.java:handleException(276)) - Encountered exception java.io.IOException: Unexpected Storage Container Exception: java.util.concurrent.CompletionException: java.util.concurrent.CompletionException: org.apache.ratis.protocol.RaftRetryFailureException: Failed RaftClientRequest:client-379CEF8051C3->43bec1a5-995d-481a-8c42-07fe41c7e672@group-C65DDA9629CB, cid=13, seq=1*, RW, org.apache.hadoop.hdds.scm.XceiverClientRatis$$Lambda$309/266906347@5790582d for 5 attempts with RetryLimited(maxAttempts=5, sleepTime=1000ms) on the pipeline Pipeline[ Id: a257c4eb-e837-449c-a16e-c65dda9629cb, Nodes: 6abf7afe-3cc4-4a0d-895d-aaf4d03f914c{ip: 192.168.157.241, host: trunk-nightly-gllmw-2332419065, networkLocation: /default-rack, certSerialId: null}43bec1a5-995d-481a-8c42-07fe41c7e672{ip: 192.168.157.241, host: trunk-nightly-gllmw-2332419065, networkLocation: /default-rack, certSerialId: null}526d2249-9d42-407f-8279-75e7249dd6d1{ip: 192.168.157.241, host: trunk-nightly-gllmw-2332419065, networkLocation: /default-rack, certSerialId: null}, Type:RATIS, Factor:THREE, State:OPEN]. The last committed block length is 0, uncommitted data length is 400 retry count 0
2019-07-16 14:13:52,122 INFO  impl.FollowerState (FollowerState.java:run(106)) - 5a8e66b1-e425-4e76-8605-15c5cf330f8d:group-34E827B6E991 changes to CANDIDATE, lastRpcTime:5119, electionTimeout:5116ms
2019-07-16 14:13:52,122 INFO  impl.RoleInfo (RoleInfo.java:shutdownFollowerState(121)) - 5a8e66b1-e425-4e76-8605-15c5cf330f8d: shutdown FollowerState
2019-07-16 14:13:52,123 INFO  impl.RaftServerImpl (RaftServerImpl.java:setRole(171)) - 5a8e66b1-e425-4e76-8605-15c5cf330f8d:group-34E827B6E991 changes role from FOLLOWER to CANDIDATE at term 0 for changeToCandidate
2019-07-16 14:13:52,123 INFO  impl.RoleInfo (RoleInfo.java:updateAndGet(143)) - 5a8e66b1-e425-4e76-8605-15c5cf330f8d: start LeaderElection
2019-07-16 14:13:52,128 INFO  client.GrpcClientProtocolClient (GrpcClientProtocolClient.java:onNext(255)) - client-C73F7745CA38->2a131300-3ed9-43c6-85ba-4f419284b8d2: receive RaftClientReply:client-C73F7745CA38->2a131300-3ed9-43c6-85ba-4f419284b8d2@group-F5BFCC6A9AF7, cid=19, FAILED org.apache.ratis.protocol.NotLeaderException: Server 2a131300-3ed9-43c6-85ba-4f419284b8d2 is not the leader (null). Request must be sent to leader., logIndex=0, commits[2a131300-3ed9-43c6-85ba-4f419284b8d2:c-1]
2019-07-16 14:13:52,145 INFO  impl.FollowerState (FollowerState.java:run(106)) - 43bec1a5-995d-481a-8c42-07fe41c7e672:group-35D8EE1CF120 changes to CANDIDATE, lastRpcTime:5055, electionTimeout:5055ms
2019-07-16 14:13:52,146 INFO  impl.RoleInfo (RoleInfo.java:shutdownFollowerState(121)) - 43bec1a5-995d-481a-8c42-07fe41c7e672: shutdown FollowerState
2019-07-16 14:13:52,146 INFO  impl.RaftServerImpl (RaftServerImpl.java:setRole(171)) - 43bec1a5-995d-481a-8c42-07fe41c7e672:group-35D8EE1CF120 changes role from FOLLOWER to CANDIDATE at term 0 for changeToCandidate
2019-07-16 14:13:52,146 INFO  impl.RoleInfo (RoleInfo.java:updateAndGet(143)) - 43bec1a5-995d-481a-8c42-07fe41c7e672: start LeaderElection
2019-07-16 14:13:52,150 INFO  impl.LeaderElection (LeaderElection.java:askForVotes(181)) - 5a8e66b1-e425-4e76-8605-15c5cf330f8d:group-34E827B6E991:LeaderElection3: begin an election at term 1 for -1: [5a8e66b1-e425-4e76-8605-15c5cf330f8d:192.168.157.241:44010], old=null
2019-07-16 14:13:52,151 INFO  impl.RoleInfo (RoleInfo.java:shutdownLeaderElection(134)) - 5a8e66b1-e425-4e76-8605-15c5cf330f8d: shutdown LeaderElection
2019-07-16 14:13:52,151 INFO  impl.RaftServerImpl (RaftServerImpl.java:setRole(171)) - 5a8e66b1-e425-4e76-8605-15c5cf330f8d:group-34E827B6E991 changes role from CANDIDATE to LEADER at term 1 for changeToLeader
2019-07-16 14:13:52,151 INFO  impl.RaftServerImpl (ServerState.java:setLeader(263)) - 5a8e66b1-e425-4e76-8605-15c5cf330f8d:group-34E827B6E991 change Leader from null to 5a8e66b1-e425-4e76-8605-15c5cf330f8d at term 1 for becomeLeader, leader elected after 5154ms
2019-07-16 14:13:52,153 INFO  server.RaftServerConfigKeys (ConfUtils.java:logGet(43)) - raft.server.staging.catchup.gap = 1000 (default)
2019-07-16 14:13:52,153 INFO  server.RaftServerConfigKeys (ConfUtils.java:logGet(43)) - raft.server.rpc.sleep.time = 25ms (default)
2019-07-16 14:13:52,153 INFO  server.RaftServerConfigKeys (ConfUtils.java:logGet(43)) - raft.server.write.element-limit = 4096 (default)
2019-07-16 14:13:52,154 INFO  server.RaftServerConfigKeys (ConfUtils.java:logGet(43)) - raft.server.watch.timeout = 10s (default)
2019-07-16 14:13:52,154 INFO  server.RaftServerConfigKeys (ConfUtils.java:logGet(43)) - raft.server.watch.timeout.denomination = 1s (default)
2019-07-16 14:13:52,154 INFO  server.RaftServerConfigKeys (ConfUtils.java:logGet(43)) - raft.server.watch.element-limit = 65536 (default)
2019-07-16 14:13:52,154 INFO  impl.RoleInfo (RoleInfo.java:updateAndGet(143)) - 5a8e66b1-e425-4e76-8605-15c5cf330f8d: start LeaderState
2019-07-16 14:13:52,154 INFO  segmented.SegmentedRaftLogWorker (SegmentedRaftLogWorker.java:startLogSegment(380)) - 5a8e66b1-e425-4e76-8605-15c5cf330f8d-SegmentedRaftLogWorker:Storage Directory /workdir/hadoop-ozone/integration-test/target/test-dir/MiniOzoneClusterImpl-ca431de0-41b1-4e2e-b35a-867a60f198c4/datanode-5/data/ratis/92c75e77-1204-4d8b-b273-34e827b6e991: Starting segment from index:0
2019-07-16 14:13:52,155 INFO  impl.RaftServerImpl (ServerState.java:setRaftConf(361)) - 5a8e66b1-e425-4e76-8605-15c5cf330f8d:group-34E827B6E991 set configuration 0: [5a8e66b1-e425-4e76-8605-15c5cf330f8d:192.168.157.241:44010], old=null at 0
2019-07-16 14:13:52,178 INFO  impl.LeaderElection (LeaderElection.java:askForVotes(181)) - 43bec1a5-995d-481a-8c42-07fe41c7e672:group-35D8EE1CF120:LeaderElection4: begin an election at term 1 for -1: [43bec1a5-995d-481a-8c42-07fe41c7e672:192.168.157.241:44492], old=null
2019-07-16 14:13:52,178 INFO  impl.RoleInfo (RoleInfo.java:shutdownLeaderElection(134)) - 43bec1a5-995d-481a-8c42-07fe41c7e672: shutdown LeaderElection
2019-07-16 14:13:52,178 INFO  impl.RaftServerImpl (RaftServerImpl.java:setRole(171)) - 43bec1a5-995d-481a-8c42-07fe41c7e672:group-35D8EE1CF120 changes role from CANDIDATE to LEADER at term 1 for changeToLeader
2019-07-16 14:13:52,178 INFO  impl.RaftServerImpl (ServerState.java:setLeader(263)) - 43bec1a5-995d-481a-8c42-07fe41c7e672:group-35D8EE1CF120 change Leader from null to 43bec1a5-995d-481a-8c42-07fe41c7e672 at term 1 for becomeLeader, leader elected after 5093ms
2019-07-16 14:13:52,180 INFO  segmented.SegmentedRaftLogWorker (SegmentedRaftLogWorker.java:execute(569)) - 5a8e66b1-e425-4e76-8605-15c5cf330f8d-SegmentedRaftLogWorker:Storage Directory /workdir/hadoop-ozone/integration-test/target/test-dir/MiniOzoneClusterImpl-ca431de0-41b1-4e2e-b35a-867a60f198c4/datanode-5/data/ratis/92c75e77-1204-4d8b-b273-34e827b6e991: created new log segment /workdir/hadoop-ozone/integration-test/target/test-dir/MiniOzoneClusterImpl-ca431de0-41b1-4e2e-b35a-867a60f198c4/datanode-5/data/ratis/92c75e77-1204-4d8b-b273-34e827b6e991/current/log_inprogress_0
2019-07-16 14:13:52,180 INFO  server.RaftServerConfigKeys (ConfUtils.java:logGet(43)) - raft.server.staging.catchup.gap = 1000 (default)
2019-07-16 14:13:52,180 INFO  server.RaftServerConfigKeys (ConfUtils.java:logGet(43)) - raft.server.rpc.sleep.time = 25ms (default)
2019-07-16 14:13:52,181 INFO  server.RaftServerConfigKeys (ConfUtils.java:logGet(43)) - raft.server.write.element-limit = 4096 (default)
2019-07-16 14:13:52,181 INFO  server.RaftServerConfigKeys (ConfUtils.java:logGet(43)) - raft.server.watch.timeout = 10s (default)
2019-07-16 14:13:52,181 INFO  server.RaftServerConfigKeys (ConfUtils.java:logGet(43)) - raft.server.watch.timeout.denomination = 1s (default)
2019-07-16 14:13:52,181 INFO  server.RaftServerConfigKeys (ConfUtils.java:logGet(43)) - raft.server.watch.element-limit = 65536 (default)
2019-07-16 14:13:52,182 INFO  impl.RoleInfo (RoleInfo.java:updateAndGet(143)) - 43bec1a5-995d-481a-8c42-07fe41c7e672: start LeaderState
2019-07-16 14:13:52,182 INFO  segmented.SegmentedRaftLogWorker (SegmentedRaftLogWorker.java:startLogSegment(380)) - 43bec1a5-995d-481a-8c42-07fe41c7e672-SegmentedRaftLogWorker:Storage Directory /workdir/hadoop-ozone/integration-test/target/test-dir/MiniOzoneClusterImpl-ca431de0-41b1-4e2e-b35a-867a60f198c4/datanode-4/data/ratis/d7d15774-440c-4c57-8e39-35d8ee1cf120: Starting segment from index:0
2019-07-16 14:13:52,183 INFO  impl.RaftServerImpl (ServerState.java:setRaftConf(361)) - 43bec1a5-995d-481a-8c42-07fe41c7e672:group-35D8EE1CF120 set configuration 0: [43bec1a5-995d-481a-8c42-07fe41c7e672:192.168.157.241:44492], old=null at 0
2019-07-16 14:13:52,228 INFO  segmented.SegmentedRaftLogWorker (SegmentedRaftLogWorker.java:execute(569)) - 43bec1a5-995d-481a-8c42-07fe41c7e672-SegmentedRaftLogWorker:Storage Directory /workdir/hadoop-ozone/integration-test/target/test-dir/MiniOzoneClusterImpl-ca431de0-41b1-4e2e-b35a-867a60f198c4/datanode-4/data/ratis/d7d15774-440c-4c57-8e39-35d8ee1cf120: created new log segment /workdir/hadoop-ozone/integration-test/target/test-dir/MiniOzoneClusterImpl-ca431de0-41b1-4e2e-b35a-867a60f198c4/datanode-4/data/ratis/d7d15774-440c-4c57-8e39-35d8ee1cf120/current/log_inprogress_0
2019-07-16 14:13:52,358 INFO  impl.FollowerState (FollowerState.java:run(106)) - 6abf7afe-3cc4-4a0d-895d-aaf4d03f914c:group-1322D812BCB6 changes to CANDIDATE, lastRpcTime:5162, electionTimeout:5162ms
2019-07-16 14:13:52,359 INFO  impl.RoleInfo (RoleInfo.java:shutdownFollowerState(121)) - 6abf7afe-3cc4-4a0d-895d-aaf4d03f914c: shutdown FollowerState
2019-07-16 14:13:52,359 INFO  impl.RaftServerImpl (RaftServerImpl.java:setRole(171)) - 6abf7afe-3cc4-4a0d-895d-aaf4d03f914c:group-1322D812BCB6 changes role from FOLLOWER to CANDIDATE at term 0 for changeToCandidate
2019-07-16 14:13:52,359 INFO  impl.RoleInfo (RoleInfo.java:updateAndGet(143)) - 6abf7afe-3cc4-4a0d-895d-aaf4d03f914c: start LeaderElection
2019-07-16 14:13:52,379 INFO  impl.LeaderElection (LeaderElection.java:askForVotes(181)) - 6abf7afe-3cc4-4a0d-895d-aaf4d03f914c:group-1322D812BCB6:LeaderElection5: begin an election at term 1 for -1: [6abf7afe-3cc4-4a0d-895d-aaf4d03f914c:192.168.157.241:36882], old=null
2019-07-16 14:13:52,388 INFO  impl.FollowerState (FollowerState.java:run(106)) - 526d2249-9d42-407f-8279-75e7249dd6d1:group-CE0BBB3C65C8 changes to CANDIDATE, lastRpcTime:5113, electionTimeout:5112ms
2019-07-16 14:13:52,390 INFO  impl.RoleInfo (RoleInfo.java:shutdownLeaderElection(134)) - 6abf7afe-3cc4-4a0d-895d-aaf4d03f914c: shutdown LeaderElection
2019-07-16 14:13:52,390 INFO  impl.RoleInfo (RoleInfo.java:shutdownFollowerState(121)) - 526d2249-9d42-407f-8279-75e7249dd6d1: shutdown FollowerState
2019-07-16 14:13:52,390 INFO  impl.RaftServerImpl (RaftServerImpl.java:setRole(171)) - 6abf7afe-3cc4-4a0d-895d-aaf4d03f914c:group-1322D812BCB6 changes role from CANDIDATE to LEADER at term 1 for changeToLeader
2019-07-16 14:13:52,390 INFO  impl.RaftServerImpl (RaftServerImpl.java:setRole(171)) - 526d2249-9d42-407f-8279-75e7249dd6d1:group-CE0BBB3C65C8 changes role from FOLLOWER to CANDIDATE at term 0 for changeToCandidate
2019-07-16 14:13:52,390 INFO  impl.RaftServerImpl (ServerState.java:setLeader(263)) - 6abf7afe-3cc4-4a0d-895d-aaf4d03f914c:group-1322D812BCB6 change Leader from null to 6abf7afe-3cc4-4a0d-895d-aaf4d03f914c at term 1 for becomeLeader, leader elected after 5199ms
2019-07-16 14:13:52,390 INFO  impl.RoleInfo (RoleInfo.java:updateAndGet(143)) - 526d2249-9d42-407f-8279-75e7249dd6d1: start LeaderElection
2019-07-16 14:13:52,392 INFO  server.RaftServerConfigKeys (ConfUtils.java:logGet(43)) - raft.server.staging.catchup.gap = 1000 (default)
2019-07-16 14:13:52,393 INFO  server.RaftServerConfigKeys (ConfUtils.java:logGet(43)) - raft.server.rpc.sleep.time = 25ms (default)
2019-07-16 14:13:52,398 INFO  server.RaftServerConfigKeys (ConfUtils.java:logGet(43)) - raft.server.write.element-limit = 4096 (default)
2019-07-16 14:13:52,398 INFO  server.RaftServerConfigKeys (ConfUtils.java:logGet(43)) - raft.server.watch.timeout = 10s (default)
2019-07-16 14:13:52,399 INFO  server.RaftServerConfigKeys (ConfUtils.java:logGet(43)) - raft.server.watch.timeout.denomination = 1s (default)
2019-07-16 14:13:52,399 INFO  server.RaftServerConfigKeys (ConfUtils.java:logGet(43)) - raft.server.watch.element-limit = 65536 (default)
2019-07-16 14:13:52,399 INFO  impl.RoleInfo (RoleInfo.java:updateAndGet(143)) - 6abf7afe-3cc4-4a0d-895d-aaf4d03f914c: start LeaderState
2019-07-16 14:13:52,399 INFO  segmented.SegmentedRaftLogWorker (SegmentedRaftLogWorker.java:startLogSegment(380)) - 6abf7afe-3cc4-4a0d-895d-aaf4d03f914c-SegmentedRaftLogWorker:Storage Directory /workdir/hadoop-ozone/integration-test/target/test-dir/MiniOzoneClusterImpl-ca431de0-41b1-4e2e-b35a-867a60f198c4/datanode-6/data/ratis/63a511b8-cd14-452f-b997-1322d812bcb6: Starting segment from index:0
2019-07-16 14:13:52,400 INFO  impl.RaftServerImpl (ServerState.java:setRaftConf(361)) - 6abf7afe-3cc4-4a0d-895d-aaf4d03f914c:group-1322D812BCB6 set configuration 0: [6abf7afe-3cc4-4a0d-895d-aaf4d03f914c:192.168.157.241:36882], old=null at 0
2019-07-16 14:13:52,421 INFO  impl.LeaderElection (LeaderElection.java:askForVotes(181)) - 526d2249-9d42-407f-8279-75e7249dd6d1:group-CE0BBB3C65C8:LeaderElection6: begin an election at term 1 for -1: [526d2249-9d42-407f-8279-75e7249dd6d1:192.168.157.241:37701], old=null
2019-07-16 14:13:52,421 INFO  impl.RoleInfo (RoleInfo.java:shutdownLeaderElection(134)) - 526d2249-9d42-407f-8279-75e7249dd6d1: shutdown LeaderElection
2019-07-16 14:13:52,421 INFO  impl.RaftServerImpl (RaftServerImpl.java:setRole(171)) - 526d2249-9d42-407f-8279-75e7249dd6d1:group-CE0BBB3C65C8 changes role from CANDIDATE to LEADER at term 1 for changeToLeader
2019-07-16 14:13:52,421 INFO  impl.RaftServerImpl (ServerState.java:setLeader(263)) - 526d2249-9d42-407f-8279-75e7249dd6d1:group-CE0BBB3C65C8 change Leader from null to 526d2249-9d42-407f-8279-75e7249dd6d1 at term 1 for becomeLeader, leader elected after 5152ms
2019-07-16 14:13:52,423 INFO  server.RaftServerConfigKeys (ConfUtils.java:logGet(43)) - raft.server.staging.catchup.gap = 1000 (default)
2019-07-16 14:13:52,423 INFO  server.RaftServerConfigKeys (ConfUtils.java:logGet(43)) - raft.server.rpc.sleep.time = 25ms (default)
2019-07-16 14:13:52,424 INFO  server.RaftServerConfigKeys (ConfUtils.java:logGet(43)) - raft.server.write.element-limit = 4096 (default)
2019-07-16 14:13:52,424 INFO  server.RaftServerConfigKeys (ConfUtils.java:logGet(43)) - raft.server.watch.timeout = 10s (default)
2019-07-16 14:13:52,424 INFO  server.RaftServerConfigKeys (ConfUtils.java:logGet(43)) - raft.server.watch.timeout.denomination = 1s (default)
2019-07-16 14:13:52,424 INFO  server.RaftServerConfigKeys (ConfUtils.java:logGet(43)) - raft.server.watch.element-limit = 65536 (default)
2019-07-16 14:13:52,425 INFO  impl.RoleInfo (RoleInfo.java:updateAndGet(143)) - 526d2249-9d42-407f-8279-75e7249dd6d1: start LeaderState
2019-07-16 14:13:52,425 INFO  segmented.SegmentedRaftLogWorker (SegmentedRaftLogWorker.java:startLogSegment(380)) - 526d2249-9d42-407f-8279-75e7249dd6d1-SegmentedRaftLogWorker:Storage Directory /workdir/hadoop-ozone/integration-test/target/test-dir/MiniOzoneClusterImpl-ca431de0-41b1-4e2e-b35a-867a60f198c4/datanode-1/data/ratis/2c26ea8c-5f2a-4223-b447-ce0bbb3c65c8: Starting segment from index:0
2019-07-16 14:13:52,426 INFO  impl.RaftServerImpl (ServerState.java:setRaftConf(361)) - 526d2249-9d42-407f-8279-75e7249dd6d1:group-CE0BBB3C65C8 set configuration 0: [526d2249-9d42-407f-8279-75e7249dd6d1:192.168.157.241:37701], old=null at 0
2019-07-16 14:13:52,448 INFO  segmented.SegmentedRaftLogWorker (SegmentedRaftLogWorker.java:execute(569)) - 6abf7afe-3cc4-4a0d-895d-aaf4d03f914c-SegmentedRaftLogWorker:Storage Directory /workdir/hadoop-ozone/integration-test/target/test-dir/MiniOzoneClusterImpl-ca431de0-41b1-4e2e-b35a-867a60f198c4/datanode-6/data/ratis/63a511b8-cd14-452f-b997-1322d812bcb6: created new log segment /workdir/hadoop-ozone/integration-test/target/test-dir/MiniOzoneClusterImpl-ca431de0-41b1-4e2e-b35a-867a60f198c4/datanode-6/data/ratis/63a511b8-cd14-452f-b997-1322d812bcb6/current/log_inprogress_0
2019-07-16 14:13:52,472 INFO  segmented.SegmentedRaftLogWorker (SegmentedRaftLogWorker.java:execute(569)) - 526d2249-9d42-407f-8279-75e7249dd6d1-SegmentedRaftLogWorker:Storage Directory /workdir/hadoop-ozone/integration-test/target/test-dir/MiniOzoneClusterImpl-ca431de0-41b1-4e2e-b35a-867a60f198c4/datanode-1/data/ratis/2c26ea8c-5f2a-4223-b447-ce0bbb3c65c8: created new log segment /workdir/hadoop-ozone/integration-test/target/test-dir/MiniOzoneClusterImpl-ca431de0-41b1-4e2e-b35a-867a60f198c4/datanode-1/data/ratis/2c26ea8c-5f2a-4223-b447-ce0bbb3c65c8/current/log_inprogress_0
2019-07-16 14:13:52,485 INFO  impl.FollowerState (FollowerState.java:run(106)) - df0574f8-c8fd-4049-8ec8-bb56aa8093ca:group-CB0EBEFF80D3 changes to CANDIDATE, lastRpcTime:5147, electionTimeout:5147ms
2019-07-16 14:13:52,488 INFO  impl.RoleInfo (RoleInfo.java:shutdownFollowerState(121)) - df0574f8-c8fd-4049-8ec8-bb56aa8093ca: shutdown FollowerState
2019-07-16 14:13:52,488 INFO  impl.RaftServerImpl (RaftServerImpl.java:setRole(171)) - df0574f8-c8fd-4049-8ec8-bb56aa8093ca:group-CB0EBEFF80D3 changes role from FOLLOWER to CANDIDATE at term 0 for changeToCandidate
2019-07-16 14:13:52,488 INFO  impl.RoleInfo (RoleInfo.java:updateAndGet(143)) - df0574f8-c8fd-4049-8ec8-bb56aa8093ca: start LeaderElection
2019-07-16 14:13:52,508 INFO  impl.LeaderElection (LeaderElection.java:askForVotes(181)) - df0574f8-c8fd-4049-8ec8-bb56aa8093ca:group-CB0EBEFF80D3:LeaderElection7: begin an election at term 1 for -1: [df0574f8-c8fd-4049-8ec8-bb56aa8093ca:192.168.157.241:34666], old=null
2019-07-16 14:13:52,510 INFO  impl.RoleInfo (RoleInfo.java:shutdownLeaderElection(134)) - df0574f8-c8fd-4049-8ec8-bb56aa8093ca: shutdown LeaderElection
2019-07-16 14:13:52,510 INFO  impl.RaftServerImpl (RaftServerImpl.java:setRole(171)) - df0574f8-c8fd-4049-8ec8-bb56aa8093ca:group-CB0EBEFF80D3 changes role from CANDIDATE to LEADER at term 1 for changeToLeader
2019-07-16 14:13:52,510 INFO  impl.RaftServerImpl (ServerState.java:setLeader(263)) - df0574f8-c8fd-4049-8ec8-bb56aa8093ca:group-CB0EBEFF80D3 change Leader from null to df0574f8-c8fd-4049-8ec8-bb56aa8093ca at term 1 for becomeLeader, leader elected after 5176ms
2019-07-16 14:13:52,512 INFO  server.RaftServerConfigKeys (ConfUtils.java:logGet(43)) - raft.server.staging.catchup.gap = 1000 (default)
2019-07-16 14:13:52,513 INFO  server.RaftServerConfigKeys (ConfUtils.java:logGet(43)) - raft.server.rpc.sleep.time = 25ms (default)
2019-07-16 14:13:52,513 INFO  server.RaftServerConfigKeys (ConfUtils.java:logGet(43)) - raft.server.write.element-limit = 4096 (default)
2019-07-16 14:13:52,513 INFO  server.RaftServerConfigKeys (ConfUtils.java:logGet(43)) - raft.server.watch.timeout = 10s (default)
2019-07-16 14:13:52,513 INFO  server.RaftServerConfigKeys (ConfUtils.java:logGet(43)) - raft.server.watch.timeout.denomination = 1s (default)
2019-07-16 14:13:52,514 INFO  server.RaftServerConfigKeys (ConfUtils.java:logGet(43)) - raft.server.watch.element-limit = 65536 (default)
2019-07-16 14:13:52,514 INFO  impl.RoleInfo (RoleInfo.java:updateAndGet(143)) - df0574f8-c8fd-4049-8ec8-bb56aa8093ca: start LeaderState
2019-07-16 14:13:52,514 INFO  segmented.SegmentedRaftLogWorker (SegmentedRaftLogWorker.java:startLogSegment(380)) - df0574f8-c8fd-4049-8ec8-bb56aa8093ca-SegmentedRaftLogWorker:Storage Directory /workdir/hadoop-ozone/integration-test/target/test-dir/MiniOzoneClusterImpl-ca431de0-41b1-4e2e-b35a-867a60f198c4/datanode-3/data/ratis/22ca9369-09cc-4be2-8cc2-cb0ebeff80d3: Starting segment from index:0
2019-07-16 14:13:52,515 INFO  impl.RaftServerImpl (ServerState.java:setRaftConf(361)) - df0574f8-c8fd-4049-8ec8-bb56aa8093ca:group-CB0EBEFF80D3 set configuration 0: [df0574f8-c8fd-4049-8ec8-bb56aa8093ca:192.168.157.241:34666], old=null at 0
2019-07-16 14:13:52,551 INFO  impl.FollowerState (FollowerState.java:run(106)) - 359fe173-38fd-4ce0-9d25-5902b5418fa6:group-F5BFCC6A9AF7 changes to CANDIDATE, lastRpcTime:5117, electionTimeout:5115ms
2019-07-16 14:13:52,551 INFO  impl.RoleInfo (RoleInfo.java:shutdownFollowerState(121)) - 359fe173-38fd-4ce0-9d25-5902b5418fa6: shutdown FollowerState
2019-07-16 14:13:52,551 INFO  impl.RaftServerImpl (RaftServerImpl.java:setRole(171)) - 359fe173-38fd-4ce0-9d25-5902b5418fa6:group-F5BFCC6A9AF7 changes role from FOLLOWER to CANDIDATE at term 0 for changeToCandidate
2019-07-16 14:13:52,551 INFO  impl.RoleInfo (RoleInfo.java:updateAndGet(143)) - 359fe173-38fd-4ce0-9d25-5902b5418fa6: start LeaderElection
2019-07-16 14:13:52,557 INFO  impl.FollowerState (FollowerState.java:run(106)) - 2a131300-3ed9-43c6-85ba-4f419284b8d2:group-F5BFCC6A9AF7 changes to CANDIDATE, lastRpcTime:5119, electionTimeout:5116ms
2019-07-16 14:13:52,557 INFO  impl.RoleInfo (RoleInfo.java:shutdownFollowerState(121)) - 2a131300-3ed9-43c6-85ba-4f419284b8d2: shutdown FollowerState
2019-07-16 14:13:52,557 INFO  impl.RaftServerImpl (RaftServerImpl.java:setRole(171)) - 2a131300-3ed9-43c6-85ba-4f419284b8d2:group-F5BFCC6A9AF7 changes role from FOLLOWER to CANDIDATE at term 0 for changeToCandidate
2019-07-16 14:13:52,558 INFO  impl.RoleInfo (RoleInfo.java:updateAndGet(143)) - 2a131300-3ed9-43c6-85ba-4f419284b8d2: start LeaderElection
2019-07-16 14:13:52,562 INFO  segmented.SegmentedRaftLogWorker (SegmentedRaftLogWorker.java:execute(569)) - df0574f8-c8fd-4049-8ec8-bb56aa8093ca-SegmentedRaftLogWorker:Storage Directory /workdir/hadoop-ozone/integration-test/target/test-dir/MiniOzoneClusterImpl-ca431de0-41b1-4e2e-b35a-867a60f198c4/datanode-3/data/ratis/22ca9369-09cc-4be2-8cc2-cb0ebeff80d3: created new log segment /workdir/hadoop-ozone/integration-test/target/test-dir/MiniOzoneClusterImpl-ca431de0-41b1-4e2e-b35a-867a60f198c4/datanode-3/data/ratis/22ca9369-09cc-4be2-8cc2-cb0ebeff80d3/current/log_inprogress_0
2019-07-16 14:13:52,562 INFO  impl.LeaderElection (LeaderElection.java:askForVotes(181)) - 359fe173-38fd-4ce0-9d25-5902b5418fa6:group-F5BFCC6A9AF7:LeaderElection8: begin an election at term 1 for -1: [2a131300-3ed9-43c6-85ba-4f419284b8d2:192.168.157.241:36166, 5a8e66b1-e425-4e76-8605-15c5cf330f8d:192.168.157.241:44010, 359fe173-38fd-4ce0-9d25-5902b5418fa6:192.168.157.241:44465], old=null
2019-07-16 14:13:52,566 INFO  impl.LeaderElection (LeaderElection.java:askForVotes(181)) - 2a131300-3ed9-43c6-85ba-4f419284b8d2:group-F5BFCC6A9AF7:LeaderElection9: begin an election at term 1 for -1: [2a131300-3ed9-43c6-85ba-4f419284b8d2:192.168.157.241:36166, 5a8e66b1-e425-4e76-8605-15c5cf330f8d:192.168.157.241:44010, 359fe173-38fd-4ce0-9d25-5902b5418fa6:192.168.157.241:44465], old=null
2019-07-16 14:13:52,569 INFO  impl.FollowerState (FollowerState.java:run(106)) - 5a8e66b1-e425-4e76-8605-15c5cf330f8d:group-F5BFCC6A9AF7 changes to CANDIDATE, lastRpcTime:5138, electionTimeout:5138ms
2019-07-16 14:13:52,569 INFO  impl.RoleInfo (RoleInfo.java:shutdownFollowerState(121)) - 5a8e66b1-e425-4e76-8605-15c5cf330f8d: shutdown FollowerState
2019-07-16 14:13:52,569 INFO  impl.RaftServerImpl (RaftServerImpl.java:setRole(171)) - 5a8e66b1-e425-4e76-8605-15c5cf330f8d:group-F5BFCC6A9AF7 changes role from FOLLOWER to CANDIDATE at term 0 for changeToCandidate
2019-07-16 14:13:52,569 INFO  impl.RoleInfo (RoleInfo.java:updateAndGet(143)) - 5a8e66b1-e425-4e76-8605-15c5cf330f8d: start LeaderElection
2019-07-16 14:13:52,600 INFO  impl.LeaderElection (LeaderElection.java:askForVotes(181)) - 5a8e66b1-e425-4e76-8605-15c5cf330f8d:group-F5BFCC6A9AF7:LeaderElection10: begin an election at term 1 for -1: [2a131300-3ed9-43c6-85ba-4f419284b8d2:192.168.157.241:36166, 5a8e66b1-e425-4e76-8605-15c5cf330f8d:192.168.157.241:44010, 359fe173-38fd-4ce0-9d25-5902b5418fa6:192.168.157.241:44465], old=null
2019-07-16 14:13:52,644 INFO  impl.LeaderElection (LeaderElection.java:logAndReturn(56)) - 2a131300-3ed9-43c6-85ba-4f419284b8d2:group-F5BFCC6A9AF7:LeaderElection9: Election REJECTED; received 2 response(s) [2a131300-3ed9-43c6-85ba-4f419284b8d2<-5a8e66b1-e425-4e76-8605-15c5cf330f8d#0:FAIL-t1, 2a131300-3ed9-43c6-85ba-4f419284b8d2<-359fe173-38fd-4ce0-9d25-5902b5418fa6#0:FAIL-t1] and 0 exception(s); 2a131300-3ed9-43c6-85ba-4f419284b8d2:t1, leader=null, voted=2a131300-3ed9-43c6-85ba-4f419284b8d2, raftlog=2a131300-3ed9-43c6-85ba-4f419284b8d2-SegmentedRaftLog:OPENED:c-1,f-1,i0, conf=-1: [2a131300-3ed9-43c6-85ba-4f419284b8d2:192.168.157.241:36166, 5a8e66b1-e425-4e76-8605-15c5cf330f8d:192.168.157.241:44010, 359fe173-38fd-4ce0-9d25-5902b5418fa6:192.168.157.241:44465], old=null
2019-07-16 14:13:52,644 INFO  impl.LeaderElection (LeaderElection.java:logAndReturn(56)) - 5a8e66b1-e425-4e76-8605-15c5cf330f8d:group-F5BFCC6A9AF7:LeaderElection10: Election REJECTED; received 2 response(s) [5a8e66b1-e425-4e76-8605-15c5cf330f8d<-2a131300-3ed9-43c6-85ba-4f419284b8d2#0:FAIL-t1, 5a8e66b1-e425-4e76-8605-15c5cf330f8d<-359fe173-38fd-4ce0-9d25-5902b5418fa6#0:FAIL-t1] and 0 exception(s); 5a8e66b1-e425-4e76-8605-15c5cf330f8d:t1, leader=null, voted=5a8e66b1-e425-4e76-8605-15c5cf330f8d, raftlog=5a8e66b1-e425-4e76-8605-15c5cf330f8d-SegmentedRaftLog:OPENED:c-1,f-1,i0, conf=-1: [2a131300-3ed9-43c6-85ba-4f419284b8d2:192.168.157.241:36166, 5a8e66b1-e425-4e76-8605-15c5cf330f8d:192.168.157.241:44010, 359fe173-38fd-4ce0-9d25-5902b5418fa6:192.168.157.241:44465], old=null
2019-07-16 14:13:52,644 INFO  impl.LeaderElection (LeaderElection.java:logAndReturn(56)) - 359fe173-38fd-4ce0-9d25-5902b5418fa6:group-F5BFCC6A9AF7:LeaderElection8: Election REJECTED; received 2 response(s) [359fe173-38fd-4ce0-9d25-5902b5418fa6<-2a131300-3ed9-43c6-85ba-4f419284b8d2#0:FAIL-t1, 359fe173-38fd-4ce0-9d25-5902b5418fa6<-5a8e66b1-e425-4e76-8605-15c5cf330f8d#0:FAIL-t1] and 0 exception(s); 359fe173-38fd-4ce0-9d25-5902b5418fa6:t1, leader=null, voted=359fe173-38fd-4ce0-9d25-5902b5418fa6, raftlog=359fe173-38fd-4ce0-9d25-5902b5418fa6-SegmentedRaftLog:OPENED:c-1,f-1,i0, conf=-1: [2a131300-3ed9-43c6-85ba-4f419284b8d2:192.168.157.241:36166, 5a8e66b1-e425-4e76-8605-15c5cf330f8d:192.168.157.241:44010, 359fe173-38fd-4ce0-9d25-5902b5418fa6:192.168.157.241:44465], old=null
2019-07-16 14:13:52,650 INFO  impl.RaftServerImpl (RaftServerImpl.java:setRole(171)) - 5a8e66b1-e425-4e76-8605-15c5cf330f8d:group-F5BFCC6A9AF7 changes role from CANDIDATE to FOLLOWER at term 1 for DISCOVERED_A_NEW_TERM
2019-07-16 14:13:52,651 INFO  impl.RaftServerImpl (RaftServerImpl.java:setRole(171)) - 2a131300-3ed9-43c6-85ba-4f419284b8d2:group-F5BFCC6A9AF7 changes role from CANDIDATE to FOLLOWER at term 1 for DISCOVERED_A_NEW_TERM
2019-07-16 14:13:52,652 INFO  impl.RoleInfo (RoleInfo.java:shutdownLeaderElection(134)) - 5a8e66b1-e425-4e76-8605-15c5cf330f8d: shutdown LeaderElection
2019-07-16 14:13:52,652 INFO  impl.RaftServerImpl (RaftServerImpl.java:setRole(171)) - 359fe173-38fd-4ce0-9d25-5902b5418fa6:group-F5BFCC6A9AF7 changes role from CANDIDATE to FOLLOWER at term 1 for DISCOVERED_A_NEW_TERM
2019-07-16 14:13:52,658 INFO  impl.RoleInfo (RoleInfo.java:updateAndGet(143)) - 5a8e66b1-e425-4e76-8605-15c5cf330f8d: start FollowerState
2019-07-16 14:13:52,657 INFO  impl.RoleInfo (RoleInfo.java:shutdownLeaderElection(134)) - 2a131300-3ed9-43c6-85ba-4f419284b8d2: shutdown LeaderElection
2019-07-16 14:13:52,658 INFO  impl.RoleInfo (RoleInfo.java:shutdownLeaderElection(134)) - 359fe173-38fd-4ce0-9d25-5902b5418fa6: shutdown LeaderElection
2019-07-16 14:13:52,660 INFO  impl.RoleInfo (RoleInfo.java:updateAndGet(143)) - 2a131300-3ed9-43c6-85ba-4f419284b8d2: start FollowerState
2019-07-16 14:13:52,660 INFO  impl.RoleInfo (RoleInfo.java:updateAndGet(143)) - 359fe173-38fd-4ce0-9d25-5902b5418fa6: start FollowerState
2019-07-16 14:13:52,673 INFO  impl.FollowerState (FollowerState.java:run(106)) - 6abf7afe-3cc4-4a0d-895d-aaf4d03f914c:group-C65DDA9629CB changes to CANDIDATE, lastRpcTime:5089, electionTimeout:5087ms
2019-07-16 14:13:52,673 INFO  impl.RoleInfo (RoleInfo.java:shutdownFollowerState(121)) - 6abf7afe-3cc4-4a0d-895d-aaf4d03f914c: shutdown FollowerState
2019-07-16 14:13:52,673 INFO  impl.RaftServerImpl (RaftServerImpl.java:setRole(171)) - 6abf7afe-3cc4-4a0d-895d-aaf4d03f914c:group-C65DDA9629CB changes role from FOLLOWER to CANDIDATE at term 0 for changeToCandidate
2019-07-16 14:13:52,674 INFO  impl.RoleInfo (RoleInfo.java:updateAndGet(143)) - 6abf7afe-3cc4-4a0d-895d-aaf4d03f914c: start LeaderElection
2019-07-16 14:13:52,698 INFO  impl.FollowerState (FollowerState.java:run(106)) - 43bec1a5-995d-481a-8c42-07fe41c7e672:group-C65DDA9629CB changes to CANDIDATE, lastRpcTime:5121, electionTimeout:5117ms
2019-07-16 14:13:52,698 INFO  impl.RoleInfo (RoleInfo.java:shutdownFollowerState(121)) - 43bec1a5-995d-481a-8c42-07fe41c7e672: shutdown FollowerState
2019-07-16 14:13:52,698 INFO  impl.RaftServerImpl (RaftServerImpl.java:setRole(171)) - 43bec1a5-995d-481a-8c42-07fe41c7e672:group-C65DDA9629CB changes role from FOLLOWER to CANDIDATE at term 0 for changeToCandidate
2019-07-16 14:13:52,698 INFO  impl.RoleInfo (RoleInfo.java:updateAndGet(143)) - 43bec1a5-995d-481a-8c42-07fe41c7e672: start LeaderElection
2019-07-16 14:13:52,701 INFO  impl.LeaderElection (LeaderElection.java:askForVotes(181)) - 6abf7afe-3cc4-4a0d-895d-aaf4d03f914c:group-C65DDA9629CB:LeaderElection11: begin an election at term 1 for -1: [526d2249-9d42-407f-8279-75e7249dd6d1:192.168.157.241:37701, 43bec1a5-995d-481a-8c42-07fe41c7e672:192.168.157.241:44492, 6abf7afe-3cc4-4a0d-895d-aaf4d03f914c:192.168.157.241:36882], old=null
2019-07-16 14:13:52,716 INFO  impl.LeaderElection (LeaderElection.java:askForVotes(181)) - 43bec1a5-995d-481a-8c42-07fe41c7e672:group-C65DDA9629CB:LeaderElection12: begin an election at term 1 for -1: [526d2249-9d42-407f-8279-75e7249dd6d1:192.168.157.241:37701, 43bec1a5-995d-481a-8c42-07fe41c7e672:192.168.157.241:44492, 6abf7afe-3cc4-4a0d-895d-aaf4d03f914c:192.168.157.241:36882], old=null
2019-07-16 14:13:52,717 INFO  impl.RaftServerImpl (RaftServerImpl.java:setRole(171)) - 526d2249-9d42-407f-8279-75e7249dd6d1:group-C65DDA9629CB changes role from FOLLOWER to FOLLOWER at term 1 for recognizeCandidate:6abf7afe-3cc4-4a0d-895d-aaf4d03f914c
2019-07-16 14:13:52,717 INFO  impl.RoleInfo (RoleInfo.java:shutdownFollowerState(121)) - 526d2249-9d42-407f-8279-75e7249dd6d1: shutdown FollowerState
2019-07-16 14:13:52,717 INFO  impl.RoleInfo (RoleInfo.java:updateAndGet(143)) - 526d2249-9d42-407f-8279-75e7249dd6d1: start FollowerState
2019-07-16 14:13:52,718 INFO  impl.FollowerState (FollowerState.java:run(114)) - 526d2249-9d42-407f-8279-75e7249dd6d1: FollowerState was interrupted: java.lang.InterruptedException: sleep interrupted
2019-07-16 14:13:52,745 INFO  impl.LeaderElection (LeaderElection.java:logAndReturn(56)) - 6abf7afe-3cc4-4a0d-895d-aaf4d03f914c:group-C65DDA9629CB:LeaderElection11: Election PASSED; received 2 response(s) [6abf7afe-3cc4-4a0d-895d-aaf4d03f914c<-526d2249-9d42-407f-8279-75e7249dd6d1#0:OK-t1, 6abf7afe-3cc4-4a0d-895d-aaf4d03f914c<-43bec1a5-995d-481a-8c42-07fe41c7e672#0:FAIL-t1] and 0 exception(s); 6abf7afe-3cc4-4a0d-895d-aaf4d03f914c:t1, leader=null, voted=6abf7afe-3cc4-4a0d-895d-aaf4d03f914c, raftlog=6abf7afe-3cc4-4a0d-895d-aaf4d03f914c-SegmentedRaftLog:OPENED:c-1,f-1,i0, conf=-1: [526d2249-9d42-407f-8279-75e7249dd6d1:192.168.157.241:37701, 43bec1a5-995d-481a-8c42-07fe41c7e672:192.168.157.241:44492, 6abf7afe-3cc4-4a0d-895d-aaf4d03f914c:192.168.157.241:36882], old=null
2019-07-16 14:13:52,746 INFO  impl.RoleInfo (RoleInfo.java:shutdownLeaderElection(134)) - 6abf7afe-3cc4-4a0d-895d-aaf4d03f914c: shutdown LeaderElection
2019-07-16 14:13:52,750 INFO  impl.RaftServerImpl (RaftServerImpl.java:setRole(171)) - 6abf7afe-3cc4-4a0d-895d-aaf4d03f914c:group-C65DDA9629CB changes role from CANDIDATE to LEADER at term 1 for changeToLeader
2019-07-16 14:13:52,750 INFO  impl.RaftServerImpl (ServerState.java:setLeader(263)) - 6abf7afe-3cc4-4a0d-895d-aaf4d03f914c:group-C65DDA9629CB change Leader from null to 6abf7afe-3cc4-4a0d-895d-aaf4d03f914c at term 1 for becomeLeader, leader elected after 5190ms
2019-07-16 14:13:52,750 INFO  impl.LeaderElection (LeaderElection.java:logAndReturn(56)) - 43bec1a5-995d-481a-8c42-07fe41c7e672:group-C65DDA9629CB:LeaderElection12: Election REJECTED; received 2 response(s) [43bec1a5-995d-481a-8c42-07fe41c7e672<-526d2249-9d42-407f-8279-75e7249dd6d1#0:FAIL-t1, 43bec1a5-995d-481a-8c42-07fe41c7e672<-6abf7afe-3cc4-4a0d-895d-aaf4d03f914c#0:FAIL-t1] and 0 exception(s); 43bec1a5-995d-481a-8c42-07fe41c7e672:t1, leader=null, voted=43bec1a5-995d-481a-8c42-07fe41c7e672, raftlog=43bec1a5-995d-481a-8c42-07fe41c7e672-SegmentedRaftLog:OPENED:c-1,f-1,i0, conf=-1: [526d2249-9d42-407f-8279-75e7249dd6d1:192.168.157.241:37701, 43bec1a5-995d-481a-8c42-07fe41c7e672:192.168.157.241:44492, 6abf7afe-3cc4-4a0d-895d-aaf4d03f914c:192.168.157.241:36882], old=null
2019-07-16 14:13:52,750 INFO  server.RaftServerConfigKeys (ConfUtils.java:logGet(43)) - raft.server.staging.catchup.gap = 1000 (default)
2019-07-16 14:13:52,751 INFO  impl.RaftServerImpl (RaftServerImpl.java:setRole(171)) - 43bec1a5-995d-481a-8c42-07fe41c7e672:group-C65DDA9629CB changes role from CANDIDATE to FOLLOWER at term 1 for DISCOVERED_A_NEW_TERM
2019-07-16 14:13:52,759 INFO  impl.RoleInfo (RoleInfo.java:shutdownLeaderElection(134)) - 43bec1a5-995d-481a-8c42-07fe41c7e672: shutdown LeaderElection
2019-07-16 14:13:52,753 INFO  server.RaftServerConfigKeys (ConfUtils.java:logGet(43)) - raft.server.rpc.sleep.time = 25ms (default)
2019-07-16 14:13:52,760 INFO  impl.RoleInfo (RoleInfo.java:updateAndGet(143)) - 43bec1a5-995d-481a-8c42-07fe41c7e672: start FollowerState
2019-07-16 14:13:52,760 INFO  server.RaftServerConfigKeys (ConfUtils.java:logGet(43)) - raft.server.write.element-limit = 4096 (default)
2019-07-16 14:13:52,760 INFO  server.RaftServerConfigKeys (ConfUtils.java:logGet(43)) - raft.server.watch.timeout = 10s (default)
2019-07-16 14:13:52,760 INFO  server.RaftServerConfigKeys (ConfUtils.java:logGet(43)) - raft.server.watch.timeout.denomination = 1s (default)
2019-07-16 14:13:52,760 INFO  server.RaftServerConfigKeys (ConfUtils.java:logGet(43)) - raft.server.watch.element-limit = 65536 (default)
2019-07-16 14:13:52,763 INFO  server.RaftServerConfigKeys (ConfUtils.java:logGet(43)) - raft.server.log.appender.snapshot.chunk.size.max = 16MB (=16777216) (default)
2019-07-16 14:13:52,764 INFO  server.RaftServerConfigKeys (ConfUtils.java:logGet(43)) - raft.server.log.appender.buffer.byte-limit = 33554432 (custom)
2019-07-16 14:13:52,764 INFO  server.RaftServerConfigKeys (ConfUtils.java:logGet(43)) - raft.server.log.appender.buffer.element-limit = 1 (custom)
2019-07-16 14:13:52,767 INFO  grpc.GrpcConfigKeys$Server (ConfUtils.java:logGet(43)) - raft.grpc.server.leader.outstanding.appends.max = 128 (default)
2019-07-16 14:13:52,769 INFO  server.RaftServerConfigKeys (ConfUtils.java:logGet(43)) - raft.server.rpc.request.timeout = 3000ms (default)
2019-07-16 14:13:52,769 INFO  server.RaftServerConfigKeys (ConfUtils.java:logGet(43)) - raft.server.log.appender.install.snapshot.enabled = false (custom)
2019-07-16 14:13:52,769 INFO  server.RaftServerConfigKeys (ConfUtils.java:logGet(43)) - raft.server.log.appender.snapshot.chunk.size.max = 16MB (=16777216) (default)
2019-07-16 14:13:52,770 INFO  server.RaftServerConfigKeys (ConfUtils.java:logGet(43)) - raft.server.log.appender.buffer.byte-limit = 33554432 (custom)
2019-07-16 14:13:52,770 INFO  server.RaftServerConfigKeys (ConfUtils.java:logGet(43)) - raft.server.log.appender.buffer.element-limit = 1 (custom)
2019-07-16 14:13:52,770 INFO  grpc.GrpcConfigKeys$Server (ConfUtils.java:logGet(43)) - raft.grpc.server.leader.outstanding.appends.max = 128 (default)
2019-07-16 14:13:52,770 INFO  server.RaftServerConfigKeys (ConfUtils.java:logGet(43)) - raft.server.rpc.request.timeout = 3000ms (default)
2019-07-16 14:13:52,770 INFO  server.RaftServerConfigKeys (ConfUtils.java:logGet(43)) - raft.server.log.appender.install.snapshot.enabled = false (custom)
2019-07-16 14:13:52,772 INFO  impl.RoleInfo (RoleInfo.java:updateAndGet(143)) - 6abf7afe-3cc4-4a0d-895d-aaf4d03f914c: start LeaderState
2019-07-16 14:13:52,772 INFO  segmented.SegmentedRaftLogWorker (SegmentedRaftLogWorker.java:startLogSegment(380)) - 6abf7afe-3cc4-4a0d-895d-aaf4d03f914c-SegmentedRaftLogWorker:Storage Directory /workdir/hadoop-ozone/integration-test/target/test-dir/MiniOzoneClusterImpl-ca431de0-41b1-4e2e-b35a-867a60f198c4/datanode-6/data/ratis/a257c4eb-e837-449c-a16e-c65dda9629cb: Starting segment from index:0
2019-07-16 14:13:52,773 INFO  impl.RaftServerImpl (ServerState.java:setRaftConf(361)) - 6abf7afe-3cc4-4a0d-895d-aaf4d03f914c:group-C65DDA9629CB set configuration 0: [526d2249-9d42-407f-8279-75e7249dd6d1:192.168.157.241:37701, 43bec1a5-995d-481a-8c42-07fe41c7e672:192.168.157.241:44492, 6abf7afe-3cc4-4a0d-895d-aaf4d03f914c:192.168.157.241:36882], old=null at 0
2019-07-16 14:13:52,796 INFO  impl.RaftServerImpl (ServerState.java:setLeader(263)) - 43bec1a5-995d-481a-8c42-07fe41c7e672:group-C65DDA9629CB change Leader from null to 6abf7afe-3cc4-4a0d-895d-aaf4d03f914c at term 1 for appendEntries, leader elected after 5236ms
2019-07-16 14:13:52,796 INFO  impl.RaftServerImpl (ServerState.java:setLeader(263)) - 526d2249-9d42-407f-8279-75e7249dd6d1:group-C65DDA9629CB change Leader from null to 6abf7afe-3cc4-4a0d-895d-aaf4d03f914c at term 1 for appendEntries, leader elected after 5235ms
2019-07-16 14:13:52,804 INFO  segmented.SegmentedRaftLogWorker (SegmentedRaftLogWorker.java:execute(569)) - 6abf7afe-3cc4-4a0d-895d-aaf4d03f914c-SegmentedRaftLogWorker:Storage Directory /workdir/hadoop-ozone/integration-test/target/test-dir/MiniOzoneClusterImpl-ca431de0-41b1-4e2e-b35a-867a60f198c4/datanode-6/data/ratis/a257c4eb-e837-449c-a16e-c65dda9629cb: created new log segment /workdir/hadoop-ozone/integration-test/target/test-dir/MiniOzoneClusterImpl-ca431de0-41b1-4e2e-b35a-867a60f198c4/datanode-6/data/ratis/a257c4eb-e837-449c-a16e-c65dda9629cb/current/log_inprogress_0
2019-07-16 14:13:52,827 INFO  impl.RaftServerImpl (ServerState.java:setRaftConf(361)) - 526d2249-9d42-407f-8279-75e7249dd6d1:group-C65DDA9629CB set configuration 0: [526d2249-9d42-407f-8279-75e7249dd6d1:192.168.157.241:37701, 43bec1a5-995d-481a-8c42-07fe41c7e672:192.168.157.241:44492, 6abf7afe-3cc4-4a0d-895d-aaf4d03f914c:192.168.157.241:36882], old=null at 0
2019-07-16 14:13:52,827 INFO  impl.RaftServerImpl (ServerState.java:setRaftConf(361)) - 43bec1a5-995d-481a-8c42-07fe41c7e672:group-C65DDA9629CB set configuration 0: [526d2249-9d42-407f-8279-75e7249dd6d1:192.168.157.241:37701, 43bec1a5-995d-481a-8c42-07fe41c7e672:192.168.157.241:44492, 6abf7afe-3cc4-4a0d-895d-aaf4d03f914c:192.168.157.241:36882], old=null at 0
2019-07-16 14:13:52,829 INFO  segmented.SegmentedRaftLogWorker (SegmentedRaftLogWorker.java:startLogSegment(380)) - 526d2249-9d42-407f-8279-75e7249dd6d1-SegmentedRaftLogWorker:Storage Directory /workdir/hadoop-ozone/integration-test/target/test-dir/MiniOzoneClusterImpl-ca431de0-41b1-4e2e-b35a-867a60f198c4/datanode-1/data/ratis/a257c4eb-e837-449c-a16e-c65dda9629cb: Starting segment from index:0
2019-07-16 14:13:52,829 INFO  segmented.SegmentedRaftLogWorker (SegmentedRaftLogWorker.java:startLogSegment(380)) - 43bec1a5-995d-481a-8c42-07fe41c7e672-SegmentedRaftLogWorker:Storage Directory /workdir/hadoop-ozone/integration-test/target/test-dir/MiniOzoneClusterImpl-ca431de0-41b1-4e2e-b35a-867a60f198c4/datanode-4/data/ratis/a257c4eb-e837-449c-a16e-c65dda9629cb: Starting segment from index:0
2019-07-16 14:13:52,860 INFO  segmented.SegmentedRaftLogWorker (SegmentedRaftLogWorker.java:execute(569)) - 526d2249-9d42-407f-8279-75e7249dd6d1-SegmentedRaftLogWorker:Storage Directory /workdir/hadoop-ozone/integration-test/target/test-dir/MiniOzoneClusterImpl-ca431de0-41b1-4e2e-b35a-867a60f198c4/datanode-1/data/ratis/a257c4eb-e837-449c-a16e-c65dda9629cb: created new log segment /workdir/hadoop-ozone/integration-test/target/test-dir/MiniOzoneClusterImpl-ca431de0-41b1-4e2e-b35a-867a60f198c4/datanode-1/data/ratis/a257c4eb-e837-449c-a16e-c65dda9629cb/current/log_inprogress_0
2019-07-16 14:13:52,860 INFO  segmented.SegmentedRaftLogWorker (SegmentedRaftLogWorker.java:execute(569)) - 43bec1a5-995d-481a-8c42-07fe41c7e672-SegmentedRaftLogWorker:Storage Directory /workdir/hadoop-ozone/integration-test/target/test-dir/MiniOzoneClusterImpl-ca431de0-41b1-4e2e-b35a-867a60f198c4/datanode-4/data/ratis/a257c4eb-e837-449c-a16e-c65dda9629cb: created new log segment /workdir/hadoop-ozone/integration-test/target/test-dir/MiniOzoneClusterImpl-ca431de0-41b1-4e2e-b35a-867a60f198c4/datanode-4/data/ratis/a257c4eb-e837-449c-a16e-c65dda9629cb/current/log_inprogress_0
2019-07-16 14:13:53,159 INFO  client.GrpcClientProtocolClient (GrpcClientProtocolClient.java:onNext(255)) - client-C73F7745CA38->359fe173-38fd-4ce0-9d25-5902b5418fa6: receive RaftClientReply:client-C73F7745CA38->359fe173-38fd-4ce0-9d25-5902b5418fa6@group-F5BFCC6A9AF7, cid=19, FAILED org.apache.ratis.protocol.NotLeaderException: Server 359fe173-38fd-4ce0-9d25-5902b5418fa6 is not the leader (null). Request must be sent to leader., logIndex=0, commits[359fe173-38fd-4ce0-9d25-5902b5418fa6:c-1]
2019-07-16 14:13:54,183 INFO  client.GrpcClientProtocolClient (GrpcClientProtocolClient.java:onNext(255)) - client-C73F7745CA38->5a8e66b1-e425-4e76-8605-15c5cf330f8d: receive RaftClientReply:client-C73F7745CA38->5a8e66b1-e425-4e76-8605-15c5cf330f8d@group-F5BFCC6A9AF7, cid=19, FAILED org.apache.ratis.protocol.NotLeaderException: Server 5a8e66b1-e425-4e76-8605-15c5cf330f8d is not the leader (null). Request must be sent to leader., logIndex=0, commits[5a8e66b1-e425-4e76-8605-15c5cf330f8d:c-1]
2019-07-16 14:13:55,208 INFO  client.GrpcClientProtocolClient (GrpcClientProtocolClient.java:onNext(255)) - client-C73F7745CA38->2a131300-3ed9-43c6-85ba-4f419284b8d2: receive RaftClientReply:client-C73F7745CA38->2a131300-3ed9-43c6-85ba-4f419284b8d2@group-F5BFCC6A9AF7, cid=19, FAILED org.apache.ratis.protocol.NotLeaderException: Server 2a131300-3ed9-43c6-85ba-4f419284b8d2 is not the leader (null). Request must be sent to leader., logIndex=0, commits[2a131300-3ed9-43c6-85ba-4f419284b8d2:c-1]
2019-07-16 14:13:56,234 INFO  client.GrpcClientProtocolClient (GrpcClientProtocolClient.java:onNext(255)) - client-C73F7745CA38->5a8e66b1-e425-4e76-8605-15c5cf330f8d: receive RaftClientReply:client-C73F7745CA38->5a8e66b1-e425-4e76-8605-15c5cf330f8d@group-F5BFCC6A9AF7, cid=19, FAILED org.apache.ratis.protocol.NotLeaderException: Server 5a8e66b1-e425-4e76-8605-15c5cf330f8d is not the leader (null). Request must be sent to leader., logIndex=0, commits[5a8e66b1-e425-4e76-8605-15c5cf330f8d:c-1]
2019-07-16 14:13:56,246 WARN  io.KeyOutputStream (KeyOutputStream.java:handleException(276)) - Encountered exception java.io.IOException: Unexpected Storage Container Exception: java.util.concurrent.CompletionException: java.util.concurrent.CompletionException: org.apache.ratis.protocol.RaftRetryFailureException: Failed RaftClientRequest:client-C73F7745CA38->5a8e66b1-e425-4e76-8605-15c5cf330f8d@group-F5BFCC6A9AF7, cid=19, seq=1*, RW, org.apache.hadoop.hdds.scm.XceiverClientRatis$$Lambda$309/266906347@734486a0 for 5 attempts with RetryLimited(maxAttempts=5, sleepTime=1000ms) on the pipeline Pipeline[ Id: 260428f4-390c-4ca0-8b87-f5bfcc6a9af7, Nodes: 2a131300-3ed9-43c6-85ba-4f419284b8d2{ip: 192.168.157.241, host: trunk-nightly-gllmw-2332419065, networkLocation: /default-rack, certSerialId: null}359fe173-38fd-4ce0-9d25-5902b5418fa6{ip: 192.168.157.241, host: trunk-nightly-gllmw-2332419065, networkLocation: /default-rack, certSerialId: null}5a8e66b1-e425-4e76-8605-15c5cf330f8d{ip: 192.168.157.241, host: trunk-nightly-gllmw-2332419065, networkLocation: /default-rack, certSerialId: null}, Type:RATIS, Factor:THREE, State:OPEN]. The last committed block length is 0, uncommitted data length is 400 retry count 1
2019-07-16 14:13:56,263 WARN  block.BlockManagerImpl (BlockManagerImpl.java:allocateBlock(192)) - Pipeline creation failed for type:RATIS factor:THREE. Retrying get pipelines call once.
org.apache.hadoop.hdds.scm.pipeline.InsufficientDatanodesException: Cannot create pipeline of factor 3 using 1 nodes.
	at org.apache.hadoop.hdds.scm.pipeline.RatisPipelineProvider.create(RatisPipelineProvider.java:151)
	at org.apache.hadoop.hdds.scm.pipeline.PipelineFactory.create(PipelineFactory.java:57)
	at org.apache.hadoop.hdds.scm.pipeline.SCMPipelineManager.createPipeline(SCMPipelineManager.java:149)
	at org.apache.hadoop.hdds.scm.block.BlockManagerImpl.allocateBlock(BlockManagerImpl.java:190)
	at org.apache.hadoop.hdds.scm.server.SCMBlockProtocolServer.allocateBlock(SCMBlockProtocolServer.java:175)
	at org.apache.hadoop.ozone.protocolPB.ScmBlockLocationProtocolServerSideTranslatorPB.allocateScmBlock(ScmBlockLocationProtocolServerSideTranslatorPB.java:153)
	at org.apache.hadoop.ozone.protocolPB.ScmBlockLocationProtocolServerSideTranslatorPB.send(ScmBlockLocationProtocolServerSideTranslatorPB.java:112)
	at org.apache.hadoop.hdds.protocol.proto.ScmBlockLocationProtocolProtos$ScmBlockLocationProtocolService$2.callBlockingMethod(ScmBlockLocationProtocolProtos.java:13157)
	at org.apache.hadoop.ipc.ProtobufRpcEngine$Server$ProtoBufRpcInvoker.call(ProtobufRpcEngine.java:524)
	at org.apache.hadoop.ipc.RPC$Server.call(RPC.java:1025)
	at org.apache.hadoop.ipc.Server$RpcCall.run(Server.java:876)
	at org.apache.hadoop.ipc.Server$RpcCall.run(Server.java:822)
	at java.security.AccessController.doPrivileged(Native Method)
	at javax.security.auth.Subject.doAs(Subject.java:422)
	at org.apache.hadoop.security.UserGroupInformation.doAs(UserGroupInformation.java:1730)
	at org.apache.hadoop.ipc.Server$Handler.run(Server.java:2682)
2019-07-16 14:13:56,266 INFO  block.BlockManagerImpl (BlockManagerImpl.java:allocateBlock(198)) - Could not find available pipeline of type:RATIS and factor:THREE even after retrying
2019-07-16 14:13:56,266 ERROR block.BlockManagerImpl (BlockManagerImpl.java:allocateBlock(222)) - Unable to allocate a block for the size: 800, type: RATIS, factor: THREE
14:13:56.272 [IPC Server handler 8 on 36943] ERROR OMAudit - user=jenkins1000 | ip=127.0.0.1 | op=ALLOCATE_BLOCK {volume=watchforcommithandlingtest, bucket=watchforcommithandlingtest, key=0d22ffdc-9dd7-4e2e-b912-c7e18a3572ce, dataSize=0, replicationType=null, replicationFactor=null, keyLocationInfo=null, clientID=102451539325419520} | ret=FAILURE
org.apache.hadoop.hdds.scm.exceptions.SCMException: Allocated 0 blocks. Requested 1 blocks
	at org.apache.hadoop.hdds.scm.protocolPB.ScmBlockLocationProtocolClientSideTranslatorPB.handleError(ScmBlockLocationProtocolClientSideTranslatorPB.java:118) ~[hadoop-hdds-common-0.5.0-SNAPSHOT.jar:?]
	at org.apache.hadoop.hdds.scm.protocolPB.ScmBlockLocationProtocolClientSideTranslatorPB.allocateBlock(ScmBlockLocationProtocolClientSideTranslatorPB.java:156) ~[hadoop-hdds-common-0.5.0-SNAPSHOT.jar:?]
	at sun.reflect.NativeMethodAccessorImpl.invoke0(Native Method) ~[?:1.8.0_212]
	at sun.reflect.NativeMethodAccessorImpl.invoke(NativeMethodAccessorImpl.java:62) ~[?:1.8.0_212]
	at sun.reflect.DelegatingMethodAccessorImpl.invoke(DelegatingMethodAccessorImpl.java:43) ~[?:1.8.0_212]
	at java.lang.reflect.Method.invoke(Method.java:498) ~[?:1.8.0_212]
	at org.apache.hadoop.hdds.tracing.TraceAllMethod.invoke(TraceAllMethod.java:66) ~[hadoop-hdds-common-0.5.0-SNAPSHOT.jar:?]
	at com.sun.proxy.$Proxy25.allocateBlock(Unknown Source) ~[?:?]
	at org.apache.hadoop.ozone.om.KeyManagerImpl.allocateBlock(KeyManagerImpl.java:312) ~[hadoop-ozone-ozone-manager-0.5.0-SNAPSHOT.jar:?]
	at org.apache.hadoop.ozone.om.KeyManagerImpl.allocateBlock(KeyManagerImpl.java:283) ~[hadoop-ozone-ozone-manager-0.5.0-SNAPSHOT.jar:?]
	at org.apache.hadoop.ozone.om.OzoneManager.allocateBlock(OzoneManager.java:2317) [hadoop-ozone-ozone-manager-0.5.0-SNAPSHOT.jar:?]
	at org.apache.hadoop.ozone.protocolPB.OzoneManagerRequestHandler.allocateBlock(OzoneManagerRequestHandler.java:726) [hadoop-ozone-ozone-manager-0.5.0-SNAPSHOT.jar:?]
	at org.apache.hadoop.ozone.protocolPB.OzoneManagerRequestHandler.handle(OzoneManagerRequestHandler.java:242) [hadoop-ozone-ozone-manager-0.5.0-SNAPSHOT.jar:?]
	at org.apache.hadoop.ozone.protocolPB.OzoneManagerProtocolServerSideTranslatorPB.submitRequestDirectlyToOM(OzoneManagerProtocolServerSideTranslatorPB.java:192) [hadoop-ozone-ozone-manager-0.5.0-SNAPSHOT.jar:?]
	at org.apache.hadoop.ozone.protocolPB.OzoneManagerProtocolServerSideTranslatorPB.submitRequest(OzoneManagerProtocolServerSideTranslatorPB.java:110) [hadoop-ozone-ozone-manager-0.5.0-SNAPSHOT.jar:?]
	at org.apache.hadoop.ozone.protocol.proto.OzoneManagerProtocolProtos$OzoneManagerService$2.callBlockingMethod(OzoneManagerProtocolProtos.java) [hadoop-ozone-common-0.5.0-SNAPSHOT.jar:?]
	at org.apache.hadoop.ipc.ProtobufRpcEngine$Server$ProtoBufRpcInvoker.call(ProtobufRpcEngine.java:524) [hadoop-common-3.2.0.jar:?]
	at org.apache.hadoop.ipc.RPC$Server.call(RPC.java:1025) [hadoop-common-3.2.0.jar:?]
	at org.apache.hadoop.ipc.Server$RpcCall.run(Server.java:876) [hadoop-common-3.2.0.jar:?]
	at org.apache.hadoop.ipc.Server$RpcCall.run(Server.java:822) [hadoop-common-3.2.0.jar:?]
	at java.security.AccessController.doPrivileged(Native Method) [?:1.8.0_212]
	at javax.security.auth.Subject.doAs(Subject.java:422) [?:1.8.0_212]
	at org.apache.hadoop.security.UserGroupInformation.doAs(UserGroupInformation.java:1730) [hadoop-common-3.2.0.jar:?]
	at org.apache.hadoop.ipc.Server$Handler.run(Server.java:2682) [hadoop-common-3.2.0.jar:?]
2019-07-16 14:13:56,290 ERROR io.BlockOutputStreamEntryPool (BlockOutputStreamEntryPool.java:allocateBlockIfNeeded(299)) - Try to allocate more blocks for write failed, already allocated 0 blocks for this write.
INTERNAL_ERROR org.apache.hadoop.ozone.om.exceptions.OMException: Allocated 0 blocks. Requested 1 blocks
	at org.apache.hadoop.ozone.om.protocolPB.OzoneManagerProtocolClientSideTranslatorPB.handleError(OzoneManagerProtocolClientSideTranslatorPB.java:720)
	at org.apache.hadoop.ozone.om.protocolPB.OzoneManagerProtocolClientSideTranslatorPB.allocateBlock(OzoneManagerProtocolClientSideTranslatorPB.java:752)
	at org.apache.hadoop.ozone.client.io.BlockOutputStreamEntryPool.allocateNewBlock(BlockOutputStreamEntryPool.java:248)
	at org.apache.hadoop.ozone.client.io.BlockOutputStreamEntryPool.allocateBlockIfNeeded(BlockOutputStreamEntryPool.java:296)
	at org.apache.hadoop.ozone.client.io.KeyOutputStream.handleWrite(KeyOutputStream.java:201)
	at org.apache.hadoop.ozone.client.io.KeyOutputStream.handleRetry(KeyOutputStream.java:376)
	at org.apache.hadoop.ozone.client.io.KeyOutputStream.handleException(KeyOutputStream.java:325)
	at org.apache.hadoop.ozone.client.io.KeyOutputStream.handleWrite(KeyOutputStream.java:231)
	at org.apache.hadoop.ozone.client.io.KeyOutputStream.handleRetry(KeyOutputStream.java:376)
	at org.apache.hadoop.ozone.client.io.KeyOutputStream.handleException(KeyOutputStream.java:325)
	at org.apache.hadoop.ozone.client.io.KeyOutputStream.handleWrite(KeyOutputStream.java:231)
	at org.apache.hadoop.ozone.client.io.KeyOutputStream.write(KeyOutputStream.java:193)
	at org.apache.hadoop.ozone.client.io.OzoneOutputStream.write(OzoneOutputStream.java:49)
	at java.io.OutputStream.write(OutputStream.java:75)
	at org.apache.hadoop.ozone.client.rpc.TestWatchForCommit.testWatchForCommitWithKeyWrite(TestWatchForCommit.java:158)
	at sun.reflect.NativeMethodAccessorImpl.invoke0(Native Method)
	at sun.reflect.NativeMethodAccessorImpl.invoke(NativeMethodAccessorImpl.java:62)
	at sun.reflect.DelegatingMethodAccessorImpl.invoke(DelegatingMethodAccessorImpl.java:43)
	at java.lang.reflect.Method.invoke(Method.java:498)
	at org.junit.runners.model.FrameworkMethod$1.runReflectiveCall(FrameworkMethod.java:47)
	at org.junit.internal.runners.model.ReflectiveCallable.run(ReflectiveCallable.java:12)
	at org.junit.runners.model.FrameworkMethod.invokeExplosively(FrameworkMethod.java:44)
	at org.junit.internal.runners.statements.InvokeMethod.evaluate(InvokeMethod.java:17)
	at org.junit.runners.ParentRunner.runLeaf(ParentRunner.java:271)
	at org.junit.runners.BlockJUnit4ClassRunner.runChild(BlockJUnit4ClassRunner.java:70)
	at org.junit.runners.BlockJUnit4ClassRunner.runChild(BlockJUnit4ClassRunner.java:50)
	at org.junit.runners.ParentRunner$3.run(ParentRunner.java:238)
	at org.junit.runners.ParentRunner$1.schedule(ParentRunner.java:63)
	at org.junit.runners.ParentRunner.runChildren(ParentRunner.java:236)
	at org.junit.runners.ParentRunner.access$000(ParentRunner.java:53)
	at org.junit.runners.ParentRunner$2.evaluate(ParentRunner.java:229)
	at org.junit.runners.ParentRunner.run(ParentRunner.java:309)
	at org.apache.maven.surefire.junit4.JUnit4Provider.execute(JUnit4Provider.java:365)
	at org.apache.maven.surefire.junit4.JUnit4Provider.executeWithRerun(JUnit4Provider.java:273)
	at org.apache.maven.surefire.junit4.JUnit4Provider.executeTestSet(JUnit4Provider.java:238)
	at org.apache.maven.surefire.junit4.JUnit4Provider.invoke(JUnit4Provider.java:159)
	at org.apache.maven.surefire.booter.ForkedBooter.invokeProviderInSameClassLoader(ForkedBooter.java:384)
	at org.apache.maven.surefire.booter.ForkedBooter.runSuitesInProcess(ForkedBooter.java:345)
	at org.apache.maven.surefire.booter.ForkedBooter.execute(ForkedBooter.java:126)
	at org.apache.maven.surefire.booter.ForkedBooter.main(ForkedBooter.java:418)
]]></system-out>
    <system-err><![CDATA[ERROR StatusLogger No Log4j 2 configuration file found. Using default configuration (logging only errors to the console), or user programmatically provided configurations. Set system property 'log4j2.debug' to show Log4j 2 internal initialization logging. See https://logging.apache.org/log4j/2.x/manual/configuration.html for instructions on how to configure Log4j 2
Jul 16, 2019 2:13:40 PM com.sun.jersey.server.impl.application.WebApplicationImpl _initiate
INFO: Initiating Jersey application, version 'Jersey: 1.19 02/11/2015 03:25 AM'
Jul 16, 2019 2:13:41 PM com.sun.jersey.server.impl.application.WebApplicationImpl _initiate
INFO: Initiating Jersey application, version 'Jersey: 1.19 02/11/2015 03:25 AM'
Jul 16, 2019 2:13:41 PM com.sun.jersey.server.impl.application.WebApplicationImpl _initiate
INFO: Initiating Jersey application, version 'Jersey: 1.19 02/11/2015 03:25 AM'
Jul 16, 2019 2:13:42 PM com.sun.jersey.server.impl.application.WebApplicationImpl _initiate
INFO: Initiating Jersey application, version 'Jersey: 1.19 02/11/2015 03:25 AM'
Jul 16, 2019 2:13:42 PM com.sun.jersey.server.impl.application.WebApplicationImpl _initiate
INFO: Initiating Jersey application, version 'Jersey: 1.19 02/11/2015 03:25 AM'
Jul 16, 2019 2:13:42 PM com.sun.jersey.server.impl.application.WebApplicationImpl _initiate
INFO: Initiating Jersey application, version 'Jersey: 1.19 02/11/2015 03:25 AM'
Jul 16, 2019 2:13:42 PM com.sun.jersey.server.impl.application.WebApplicationImpl _initiate
INFO: Initiating Jersey application, version 'Jersey: 1.19 02/11/2015 03:25 AM'
]]></system-err>
  </testcase>
  <testcase name="testWatchForCommitWithSmallerTimeoutValue" classname="org.apache.hadoop.ozone.client.rpc.TestWatchForCommit" time="44.031"/>
  <testcase name="testWatchForCommitForRetryfailure" classname="org.apache.hadoop.ozone.client.rpc.TestWatchForCommit" time="53.083"/>
  <testcase name="testWatchForCommitForGroupMismatchException" classname="org.apache.hadoop.ozone.client.rpc.TestWatchForCommit" time="32.703"/>
  <testcase name="test2WayCommitForTimeoutException" classname="org.apache.hadoop.ozone.client.rpc.TestWatchForCommit" time="22.435">
    <error message="org.apache.ratis.protocol.RaftRetryFailureException: Failed RaftClientRequest:client-C7635513F02A-&gt;888503fb-f734-4c7c-9b82-330fcea6e78c@group-10F3E4DA1DEE, cid=92, seq=2*, RW, org.apache.hadoop.hdds.scm.XceiverClientRatis$$Lambda$309/266906347@487ae569 for 10 attempts with RetryLimited(maxAttempts=10, sleepTime=1000ms)" type="java.util.concurrent.ExecutionException">java.util.concurrent.ExecutionException: org.apache.ratis.protocol.RaftRetryFailureException: Failed RaftClientRequest:client-C7635513F02A->888503fb-f734-4c7c-9b82-330fcea6e78c@group-10F3E4DA1DEE, cid=92, seq=2*, RW, org.apache.hadoop.hdds.scm.XceiverClientRatis$$Lambda$309/266906347@487ae569 for 10 attempts with RetryLimited(maxAttempts=10, sleepTime=1000ms)
	at java.util.concurrent.CompletableFuture.reportGet(CompletableFuture.java:357)
	at java.util.concurrent.CompletableFuture.get(CompletableFuture.java:1895)
	at org.apache.hadoop.ozone.client.rpc.TestWatchForCommit.test2WayCommitForTimeoutException(TestWatchForCommit.java:432)
	at sun.reflect.NativeMethodAccessorImpl.invoke0(Native Method)
	at sun.reflect.NativeMethodAccessorImpl.invoke(NativeMethodAccessorImpl.java:62)
	at sun.reflect.DelegatingMethodAccessorImpl.invoke(DelegatingMethodAccessorImpl.java:43)
	at java.lang.reflect.Method.invoke(Method.java:498)
	at org.junit.runners.model.FrameworkMethod$1.runReflectiveCall(FrameworkMethod.java:47)
	at org.junit.internal.runners.model.ReflectiveCallable.run(ReflectiveCallable.java:12)
	at org.junit.runners.model.FrameworkMethod.invokeExplosively(FrameworkMethod.java:44)
	at org.junit.internal.runners.statements.InvokeMethod.evaluate(InvokeMethod.java:17)
	at org.junit.runners.ParentRunner.runLeaf(ParentRunner.java:271)
	at org.junit.runners.BlockJUnit4ClassRunner.runChild(BlockJUnit4ClassRunner.java:70)
	at org.junit.runners.BlockJUnit4ClassRunner.runChild(BlockJUnit4ClassRunner.java:50)
	at org.junit.runners.ParentRunner$3.run(ParentRunner.java:238)
	at org.junit.runners.ParentRunner$1.schedule(ParentRunner.java:63)
	at org.junit.runners.ParentRunner.runChildren(ParentRunner.java:236)
	at org.junit.runners.ParentRunner.access$000(ParentRunner.java:53)
	at org.junit.runners.ParentRunner$2.evaluate(ParentRunner.java:229)
	at org.junit.runners.ParentRunner.run(ParentRunner.java:309)
	at org.apache.maven.surefire.junit4.JUnit4Provider.execute(JUnit4Provider.java:365)
	at org.apache.maven.surefire.junit4.JUnit4Provider.executeWithRerun(JUnit4Provider.java:273)
	at org.apache.maven.surefire.junit4.JUnit4Provider.executeTestSet(JUnit4Provider.java:238)
	at org.apache.maven.surefire.junit4.JUnit4Provider.invoke(JUnit4Provider.java:159)
	at org.apache.maven.surefire.booter.ForkedBooter.invokeProviderInSameClassLoader(ForkedBooter.java:384)
	at org.apache.maven.surefire.booter.ForkedBooter.runSuitesInProcess(ForkedBooter.java:345)
	at org.apache.maven.surefire.booter.ForkedBooter.execute(ForkedBooter.java:126)
	at org.apache.maven.surefire.booter.ForkedBooter.main(ForkedBooter.java:418)
Caused by: org.apache.ratis.protocol.RaftRetryFailureException: Failed RaftClientRequest:client-C7635513F02A->888503fb-f734-4c7c-9b82-330fcea6e78c@group-10F3E4DA1DEE, cid=92, seq=2*, RW, org.apache.hadoop.hdds.scm.XceiverClientRatis$$Lambda$309/266906347@487ae569 for 10 attempts with RetryLimited(maxAttempts=10, sleepTime=1000ms)
	at org.apache.ratis.client.impl.RaftClientImpl.noMoreRetries(RaftClientImpl.java:272)
	at org.apache.ratis.client.impl.OrderedAsync.handleAsyncRetryFailure(OrderedAsync.java:138)
	at org.apache.ratis.client.impl.OrderedAsync.lambda$sendRequest$10(OrderedAsync.java:230)
	at java.util.concurrent.CompletableFuture.uniExceptionally(CompletableFuture.java:870)
	at java.util.concurrent.CompletableFuture$UniExceptionally.tryFire(CompletableFuture.java:852)
	at java.util.concurrent.CompletableFuture.postComplete(CompletableFuture.java:474)
	at java.util.concurrent.CompletableFuture.completeExceptionally(CompletableFuture.java:1977)
	at org.apache.ratis.grpc.client.GrpcClientProtocolClient$AsyncStreamObservers.completeReplyExceptionally(GrpcClientProtocolClient.java:330)
	at org.apache.ratis.grpc.client.GrpcClientProtocolClient$AsyncStreamObservers.access$000(GrpcClientProtocolClient.java:246)
	at org.apache.ratis.grpc.client.GrpcClientProtocolClient$AsyncStreamObservers$1.onError(GrpcClientProtocolClient.java:275)
	at org.apache.ratis.thirdparty.io.grpc.stub.ClientCalls$StreamObserverToCallListenerAdapter.onClose(ClientCalls.java:434)
	at org.apache.ratis.thirdparty.io.grpc.PartialForwardingClientCallListener.onClose(PartialForwardingClientCallListener.java:39)
	at org.apache.ratis.thirdparty.io.grpc.ForwardingClientCallListener.onClose(ForwardingClientCallListener.java:23)
	at org.apache.ratis.thirdparty.io.grpc.ForwardingClientCallListener$SimpleForwardingClientCallListener.onClose(ForwardingClientCallListener.java:40)
	at org.apache.ratis.thirdparty.io.grpc.internal.CensusStatsModule$StatsClientInterceptor$1$1.onClose(CensusStatsModule.java:678)
	at org.apache.ratis.thirdparty.io.grpc.PartialForwardingClientCallListener.onClose(PartialForwardingClientCallListener.java:39)
	at org.apache.ratis.thirdparty.io.grpc.ForwardingClientCallListener.onClose(ForwardingClientCallListener.java:23)
	at org.apache.ratis.thirdparty.io.grpc.ForwardingClientCallListener$SimpleForwardingClientCallListener.onClose(ForwardingClientCallListener.java:40)
	at org.apache.ratis.thirdparty.io.grpc.internal.CensusTracingModule$TracingClientInterceptor$1$1.onClose(CensusTracingModule.java:397)
	at org.apache.ratis.thirdparty.io.grpc.internal.ClientCallImpl.closeObserver(ClientCallImpl.java:459)
	at org.apache.ratis.thirdparty.io.grpc.internal.ClientCallImpl.access$300(ClientCallImpl.java:63)
	at org.apache.ratis.thirdparty.io.grpc.internal.ClientCallImpl$ClientStreamListenerImpl.close(ClientCallImpl.java:546)
	at org.apache.ratis.thirdparty.io.grpc.internal.ClientCallImpl$ClientStreamListenerImpl.access$600(ClientCallImpl.java:467)
	at org.apache.ratis.thirdparty.io.grpc.internal.ClientCallImpl$ClientStreamListenerImpl$1StreamClosed.runInContext(ClientCallImpl.java:584)
	at org.apache.ratis.thirdparty.io.grpc.internal.ContextRunnable.run(ContextRunnable.java:37)
	at org.apache.ratis.thirdparty.io.grpc.internal.SerializingExecutor.run(SerializingExecutor.java:123)
	at java.util.concurrent.ThreadPoolExecutor.runWorker(ThreadPoolExecutor.java:1149)
	at java.util.concurrent.ThreadPoolExecutor$Worker.run(ThreadPoolExecutor.java:624)
	at java.lang.Thread.run(Thread.java:748)
Caused by: java.io.IOException: org.apache.ratis.thirdparty.io.grpc.StatusRuntimeException: UNAVAILABLE: io exception
	at org.apache.ratis.grpc.GrpcUtil.unwrapException(GrpcUtil.java:76)
	at org.apache.ratis.grpc.GrpcUtil.unwrapIOException(GrpcUtil.java:128)
	at org.apache.ratis.grpc.client.GrpcClientProtocolClient$AsyncStreamObservers$1.onError(GrpcClientProtocolClient.java:274)
	... 19 more
Caused by: org.apache.ratis.thirdparty.io.grpc.StatusRuntimeException: UNAVAILABLE: io exception
	at org.apache.ratis.thirdparty.io.grpc.Status.asRuntimeException(Status.java:526)
	... 19 more
Caused by: org.apache.ratis.thirdparty.io.netty.channel.AbstractChannel$AnnotatedConnectException: Connection refused: /192.168.157.241:40944
	at sun.nio.ch.SocketChannelImpl.checkConnect(Native Method)
	at sun.nio.ch.SocketChannelImpl.finishConnect(SocketChannelImpl.java:717)
	at org.apache.ratis.thirdparty.io.netty.channel.socket.nio.NioSocketChannel.doFinishConnect(NioSocketChannel.java:327)
	at org.apache.ratis.thirdparty.io.netty.channel.nio.AbstractNioChannel$AbstractNioUnsafe.finishConnect(AbstractNioChannel.java:340)
	at org.apache.ratis.thirdparty.io.netty.channel.nio.NioEventLoop.processSelectedKey(NioEventLoop.java:632)
	at org.apache.ratis.thirdparty.io.netty.channel.nio.NioEventLoop.processSelectedKeysOptimized(NioEventLoop.java:579)
	at org.apache.ratis.thirdparty.io.netty.channel.nio.NioEventLoop.processSelectedKeys(NioEventLoop.java:496)
	at org.apache.ratis.thirdparty.io.netty.channel.nio.NioEventLoop.run(NioEventLoop.java:458)
	at org.apache.ratis.thirdparty.io.netty.util.concurrent.SingleThreadEventExecutor$5.run(SingleThreadEventExecutor.java:897)
	at org.apache.ratis.thirdparty.io.netty.util.concurrent.FastThreadLocalRunnable.run(FastThreadLocalRunnable.java:30)
	... 1 more
Caused by: java.net.ConnectException: Connection refused
	... 11 more
</error>
    <system-out><![CDATA[2019-07-16 14:16:06,140 WARN  server.ServerUtils (ServerUtils.java:getScmDbDir(145)) - ozone.scm.db.dirs is not configured. We recommend adding this setting. Falling back to ozone.metadata.dirs instead.
2019-07-16 14:16:06,167 WARN  server.ServerUtils (ServerUtils.java:getScmDbDir(145)) - ozone.scm.db.dirs is not configured. We recommend adding this setting. Falling back to ozone.metadata.dirs instead.
2019-07-16 14:16:06,167 WARN  server.ServerUtils (ServerUtils.java:getScmDbDir(145)) - ozone.scm.db.dirs is not configured. We recommend adding this setting. Falling back to ozone.metadata.dirs instead.
2019-07-16 14:16:06,168 INFO  db.DBStoreBuilder (DBStoreBuilder.java:addTable(110)) - using custom profile for table: deletedBlocks
2019-07-16 14:16:06,168 INFO  db.DBStoreBuilder (DBStoreBuilder.java:processTables(161)) - Using default column profile:DBProfile.DISK for Table:deletedBlocks
2019-07-16 14:16:06,168 INFO  db.DBStoreBuilder (DBStoreBuilder.java:addTable(110)) - using custom profile for table: validCerts
2019-07-16 14:16:06,168 INFO  db.DBStoreBuilder (DBStoreBuilder.java:processTables(161)) - Using default column profile:DBProfile.DISK for Table:validCerts
2019-07-16 14:16:06,169 INFO  db.DBStoreBuilder (DBStoreBuilder.java:addTable(110)) - using custom profile for table: revokedCerts
2019-07-16 14:16:06,169 INFO  db.DBStoreBuilder (DBStoreBuilder.java:processTables(161)) - Using default column profile:DBProfile.DISK for Table:revokedCerts
2019-07-16 14:16:06,169 INFO  db.DBStoreBuilder (DBStoreBuilder.java:addTable(110)) - using custom profile for table: default
2019-07-16 14:16:06,169 INFO  db.DBStoreBuilder (DBStoreBuilder.java:processTables(167)) - Using default column profile:DBProfile.DISK for Table:default
2019-07-16 14:16:06,169 INFO  db.DBStoreBuilder (DBStoreBuilder.java:getDbProfile(198)) - Using default options. DBProfile.DISK
2019-07-16 14:16:06,334 INFO  net.NodeSchemaLoader (NodeSchemaLoader.java:loadSchemaFromFile(125)) - Loading file from sun.misc.CompoundEnumeration@74130456
2019-07-16 14:16:06,335 INFO  net.NodeSchemaLoader (NodeSchemaLoader.java:loadSchema(171)) - Loading network topology layer schema file
2019-07-16 14:16:06,340 WARN  server.ServerUtils (ServerUtils.java:sanitizeUserArgs(70)) - ozone.scm.stale.node.interval value = 300000 is larger than max = 100000 based on the key value of ozone.scm.heartbeat.thread.interval, reset to the max value 100000.
2019-07-16 14:16:06,341 WARN  server.ServerUtils (ServerUtils.java:sanitizeUserArgs(70)) - ozone.scm.stale.node.interval value = 300000 is larger than max = 100000 based on the key value of ozone.scm.heartbeat.thread.interval, reset to the max value 100000.
2019-07-16 14:16:06,341 INFO  node.SCMNodeManager (SCMNodeManager.java:<init>(119)) - Entering startup safe mode.
2019-07-16 14:16:06,342 WARN  server.ServerUtils (ServerUtils.java:getScmDbDir(145)) - ozone.scm.db.dirs is not configured. We recommend adding this setting. Falling back to ozone.metadata.dirs instead.
2019-07-16 14:16:06,388 INFO  pipeline.SCMPipelineManager (SCMPipelineManager.java:initializePipelineState(126)) - No pipeline exists in current db
2019-07-16 14:16:06,389 WARN  server.ServerUtils (ServerUtils.java:getScmDbDir(145)) - ozone.scm.db.dirs is not configured. We recommend adding this setting. Falling back to ozone.metadata.dirs instead.
2019-07-16 14:16:06,441 WARN  events.EventQueue (EventQueue.java:fireEvent(175)) - No event handler registered for event TypedEvent{payloadType=SafeModeStatus, name='SafeModeStatus'}
2019-07-16 14:16:06,442 INFO  ipc.CallQueueManager (CallQueueManager.java:<init>(84)) - Using callQueue: class java.util.concurrent.LinkedBlockingQueue, queueCapacity: 2000, scheduler: class org.apache.hadoop.ipc.DefaultRpcScheduler, ipcBackoff: false.
2019-07-16 14:16:06,444 INFO  ipc.Server (Server.java:run(1074)) - Starting Socket Reader #1 for port 33517
2019-07-16 14:16:06,458 INFO  ipc.CallQueueManager (CallQueueManager.java:<init>(84)) - Using callQueue: class java.util.concurrent.LinkedBlockingQueue, queueCapacity: 2000, scheduler: class org.apache.hadoop.ipc.DefaultRpcScheduler, ipcBackoff: false.
2019-07-16 14:16:06,459 INFO  ipc.Server (Server.java:run(1074)) - Starting Socket Reader #1 for port 42253
2019-07-16 14:16:06,462 INFO  ipc.CallQueueManager (CallQueueManager.java:<init>(84)) - Using callQueue: class java.util.concurrent.LinkedBlockingQueue, queueCapacity: 2000, scheduler: class org.apache.hadoop.ipc.DefaultRpcScheduler, ipcBackoff: false.
2019-07-16 14:16:06,463 INFO  ipc.Server (Server.java:run(1074)) - Starting Socket Reader #1 for port 35565
2019-07-16 14:16:06,467 INFO  hdfs.DFSUtil (DFSUtil.java:httpServerTemplateForNNAndJN(1641)) - Starting Web-server for scm at: http://0.0.0.0:0
2019-07-16 14:16:06,470 INFO  server.AuthenticationFilter (AuthenticationFilter.java:constructSecretProvider(240)) - Unable to initialize FileSignerSecretProvider, falling back to use random secrets.
2019-07-16 14:16:06,471 WARN  http.HttpRequestLog (HttpRequestLog.java:getRequestLog(97)) - Jetty request log can only be enabled using Log4j
2019-07-16 14:16:06,473 INFO  http.HttpServer2 (HttpServer2.java:addGlobalFilter(975)) - Added global filter 'safety' (class=org.apache.hadoop.http.HttpServer2$QuotingInputFilter)
2019-07-16 14:16:06,474 INFO  http.HttpServer2 (HttpServer2.java:addFilter(948)) - Added filter static_user_filter (class=org.apache.hadoop.http.lib.StaticUserWebFilter$StaticUserFilter) to context scm
2019-07-16 14:16:06,474 INFO  http.HttpServer2 (HttpServer2.java:addFilter(958)) - Added filter static_user_filter (class=org.apache.hadoop.http.lib.StaticUserWebFilter$StaticUserFilter) to context logs
2019-07-16 14:16:06,475 INFO  http.HttpServer2 (HttpServer2.java:addFilter(958)) - Added filter static_user_filter (class=org.apache.hadoop.http.lib.StaticUserWebFilter$StaticUserFilter) to context static
2019-07-16 14:16:06,477 INFO  server.StorageContainerManager (StorageContainerManager.java:start(759)) - StorageContainerLocationProtocol RPC server is listening at /0.0.0.0:35565
2019-07-16 14:16:06,480 WARN  impl.MetricsConfig (MetricsConfig.java:loadFirst(134)) - Cannot locate configuration: tried hadoop-metrics2-storagecontainermanager.properties,hadoop-metrics2.properties
2019-07-16 14:16:06,481 INFO  impl.MetricsSystemImpl (MetricsSystemImpl.java:startTimer(374)) - Scheduled Metric snapshot period at 10 second(s).
2019-07-16 14:16:06,481 INFO  impl.MetricsSystemImpl (MetricsSystemImpl.java:start(191)) - StorageContainerManager metrics system started
2019-07-16 14:16:06,641 INFO  server.SCMClientProtocolServer (SCMClientProtocolServer.java:start(149)) - RPC server for Client  is listening at /0.0.0.0:35565
2019-07-16 14:16:06,641 INFO  ipc.Server (Server.java:run(1314)) - IPC Server Responder: starting
2019-07-16 14:16:06,642 INFO  ipc.Server (Server.java:run(1153)) - IPC Server listener on 35565: starting
2019-07-16 14:16:06,653 INFO  server.StorageContainerManager (StorageContainerManager.java:start(768)) - ScmBlockLocationProtocol RPC server is listening at /0.0.0.0:42253
2019-07-16 14:16:06,653 INFO  server.SCMBlockProtocolServer (SCMBlockProtocolServer.java:start(140)) - RPC server for Block Protocol is listening at /0.0.0.0:42253
2019-07-16 14:16:06,653 INFO  ipc.Server (Server.java:run(1314)) - IPC Server Responder: starting
2019-07-16 14:16:06,653 INFO  ipc.Server (Server.java:run(1153)) - IPC Server listener on 42253: starting
2019-07-16 14:16:06,805 INFO  server.StorageContainerManager (StorageContainerManager.java:start(772)) - ScmDatanodeProtocl RPC server is listening at /0.0.0.0:33517
2019-07-16 14:16:06,805 INFO  server.SCMDatanodeProtocolServer (SCMDatanodeProtocolServer.java:start(191)) - RPC server for DataNodes is listening at /0.0.0.0:33517
2019-07-16 14:16:06,806 INFO  ipc.Server (Server.java:run(1314)) - IPC Server Responder: starting
2019-07-16 14:16:06,806 INFO  ipc.Server (Server.java:run(1153)) - IPC Server listener on 33517: starting
2019-07-16 14:16:06,822 INFO  http.HttpServer2 (HttpServer2.java:bindListener(1191)) - Jetty bound to port 39577
2019-07-16 14:16:06,829 INFO  server.Server (Server.java:doStart(351)) - jetty-9.3.24.v20180605, build timestamp: 2018-06-05T17:11:56Z, git hash: 84205aa28f11a4f31f2a3b86d1bba2cc8ab69827
2019-07-16 14:16:06,836 INFO  handler.ContextHandler (ContextHandler.java:doStart(781)) - Started o.e.j.s.ServletContextHandler@452a32f2{/logs,file:///workdir/hadoop-ozone/integration-test/target/log,AVAILABLE}
2019-07-16 14:16:06,837 INFO  handler.ContextHandler (ContextHandler.java:doStart(781)) - Started o.e.j.s.ServletContextHandler@1f2d0ca2{/static,file:///workdir/hadoop-ozone/integration-test/target/test-classes/webapps/static,AVAILABLE}
2019-07-16 14:16:06,843 INFO  handler.ContextHandler (ContextHandler.java:doStart(781)) - Started o.e.j.w.WebAppContext@1188e08b{/,file:///workdir/hadoop-ozone/integration-test/target/test-classes/webapps/scm/,AVAILABLE}{/scm}
2019-07-16 14:16:06,843 INFO  server.AbstractConnector (AbstractConnector.java:doStart(278)) - Started ServerConnector@12e13abd{HTTP/1.1,[http/1.1]}{0.0.0.0:39577}
2019-07-16 14:16:06,846 INFO  server.Server (Server.java:doStart(419)) - Started @151489ms
2019-07-16 14:16:06,847 INFO  server.BaseHttpServer (BaseHttpServer.java:updateConnectorAddress(207)) - HTTP server of SCM is listening at http://0.0.0.0:39577
2019-07-16 14:16:06,848 WARN  server.ServerUtils (ServerUtils.java:getDBPath(222)) - ozone.om.db.dirs is not configured. We recommend adding this setting. Falling back to ozone.metadata.dirs instead.
2019-07-16 14:16:06,850 INFO  util.JvmPauseMonitor (JvmPauseMonitor.java:run(188)) - Starting JVM pause monitor
2019-07-16 14:16:06,864 WARN  server.ServerUtils (ServerUtils.java:getDBPath(222)) - ozone.om.db.dirs is not configured. We recommend adding this setting. Falling back to ozone.metadata.dirs instead.
2019-07-16 14:16:06,864 INFO  om.OzoneManager (OzoneManager.java:setOMNodeDetails(626)) - OM Service ID is not set. Setting it to the default ID: omServiceIdDefault
2019-07-16 14:16:06,864 INFO  om.OzoneManager (OzoneManager.java:setOMNodeDetails(632)) - OM Node ID is not set. Setting it to the OmStorage's OmID: 27e45578-5294-44da-99f4-12335e76a63e
2019-07-16 14:16:06,865 INFO  om.OzoneManager (OzoneManager.java:loadOMHAConfigs(583)) - Found matching OM address with OMServiceId: null, OMNodeId: null, RPC Address: localhost:0 and Ratis port: 9872
2019-07-16 14:16:06,878 WARN  server.ServerUtils (ServerUtils.java:getDBPath(222)) - ozone.om.db.dirs is not configured. We recommend adding this setting. Falling back to ozone.metadata.dirs instead.
2019-07-16 14:16:06,878 INFO  db.DBStoreBuilder (DBStoreBuilder.java:addTable(110)) - using custom profile for table: userTable
2019-07-16 14:16:06,879 INFO  db.DBStoreBuilder (DBStoreBuilder.java:processTables(161)) - Using default column profile:DBProfile.DISK for Table:userTable
2019-07-16 14:16:06,879 INFO  db.DBStoreBuilder (DBStoreBuilder.java:addTable(110)) - using custom profile for table: volumeTable
2019-07-16 14:16:06,879 INFO  db.DBStoreBuilder (DBStoreBuilder.java:processTables(161)) - Using default column profile:DBProfile.DISK for Table:volumeTable
2019-07-16 14:16:06,879 INFO  db.DBStoreBuilder (DBStoreBuilder.java:addTable(110)) - using custom profile for table: bucketTable
2019-07-16 14:16:06,880 INFO  db.DBStoreBuilder (DBStoreBuilder.java:processTables(161)) - Using default column profile:DBProfile.DISK for Table:bucketTable
2019-07-16 14:16:06,880 INFO  db.DBStoreBuilder (DBStoreBuilder.java:addTable(110)) - using custom profile for table: keyTable
2019-07-16 14:16:06,880 INFO  db.DBStoreBuilder (DBStoreBuilder.java:processTables(161)) - Using default column profile:DBProfile.DISK for Table:keyTable
2019-07-16 14:16:06,880 INFO  db.DBStoreBuilder (DBStoreBuilder.java:addTable(110)) - using custom profile for table: deletedTable
2019-07-16 14:16:06,881 INFO  db.DBStoreBuilder (DBStoreBuilder.java:processTables(161)) - Using default column profile:DBProfile.DISK for Table:deletedTable
2019-07-16 14:16:06,881 INFO  db.DBStoreBuilder (DBStoreBuilder.java:addTable(110)) - using custom profile for table: openKeyTable
2019-07-16 14:16:06,881 INFO  db.DBStoreBuilder (DBStoreBuilder.java:processTables(161)) - Using default column profile:DBProfile.DISK for Table:openKeyTable
2019-07-16 14:16:06,881 INFO  db.DBStoreBuilder (DBStoreBuilder.java:addTable(110)) - using custom profile for table: s3Table
2019-07-16 14:16:06,882 INFO  db.DBStoreBuilder (DBStoreBuilder.java:processTables(161)) - Using default column profile:DBProfile.DISK for Table:s3Table
2019-07-16 14:16:06,882 INFO  db.DBStoreBuilder (DBStoreBuilder.java:addTable(110)) - using custom profile for table: multipartInfoTable
2019-07-16 14:16:06,882 INFO  db.DBStoreBuilder (DBStoreBuilder.java:processTables(161)) - Using default column profile:DBProfile.DISK for Table:multipartInfoTable
2019-07-16 14:16:06,882 INFO  db.DBStoreBuilder (DBStoreBuilder.java:addTable(110)) - using custom profile for table: dTokenTable
2019-07-16 14:16:06,883 INFO  db.DBStoreBuilder (DBStoreBuilder.java:processTables(161)) - Using default column profile:DBProfile.DISK for Table:dTokenTable
2019-07-16 14:16:06,883 INFO  db.DBStoreBuilder (DBStoreBuilder.java:addTable(110)) - using custom profile for table: s3SecretTable
2019-07-16 14:16:06,883 INFO  db.DBStoreBuilder (DBStoreBuilder.java:processTables(161)) - Using default column profile:DBProfile.DISK for Table:s3SecretTable
2019-07-16 14:16:06,883 INFO  db.DBStoreBuilder (DBStoreBuilder.java:addTable(110)) - using custom profile for table: prefixTable
2019-07-16 14:16:06,884 INFO  db.DBStoreBuilder (DBStoreBuilder.java:processTables(161)) - Using default column profile:DBProfile.DISK for Table:prefixTable
2019-07-16 14:16:06,884 INFO  db.DBStoreBuilder (DBStoreBuilder.java:addTable(110)) - using custom profile for table: default
2019-07-16 14:16:06,884 INFO  db.DBStoreBuilder (DBStoreBuilder.java:processTables(167)) - Using default column profile:DBProfile.DISK for Table:default
2019-07-16 14:16:06,884 INFO  db.DBStoreBuilder (DBStoreBuilder.java:getDbProfile(198)) - Using default options. DBProfile.DISK
2019-07-16 14:16:07,410 INFO  ipc.CallQueueManager (CallQueueManager.java:<init>(84)) - Using callQueue: class java.util.concurrent.LinkedBlockingQueue, queueCapacity: 2000, scheduler: class org.apache.hadoop.ipc.DefaultRpcScheduler, ipcBackoff: false.
2019-07-16 14:16:07,411 INFO  ipc.Server (Server.java:run(1074)) - Starting Socket Reader #1 for port 39561
2019-07-16 14:16:07,434 WARN  server.ServerUtils (ServerUtils.java:getDBPath(222)) - ozone.om.db.dirs is not configured. We recommend adding this setting. Falling back to ozone.metadata.dirs instead.
2019-07-16 14:16:07,434 INFO  om.OzoneManager (OzoneManager.java:start(1224)) - OzoneManager RPC server is listening at localhost/127.0.0.1:39561
2019-07-16 14:16:07,434 INFO  impl.MetricsSystemImpl (MetricsSystemImpl.java:init(158)) - OzoneManager metrics system started (again)
2019-07-16 14:16:07,435 INFO  ipc.Server (Server.java:run(1314)) - IPC Server Responder: starting
2019-07-16 14:16:07,435 INFO  ipc.Server (Server.java:run(1153)) - IPC Server listener on 39561: starting
2019-07-16 14:16:07,456 INFO  hdfs.DFSUtil (DFSUtil.java:httpServerTemplateForNNAndJN(1641)) - Starting Web-server for ozoneManager at: http://0.0.0.0:0
2019-07-16 14:16:07,457 INFO  server.AuthenticationFilter (AuthenticationFilter.java:constructSecretProvider(240)) - Unable to initialize FileSignerSecretProvider, falling back to use random secrets.
2019-07-16 14:16:07,458 WARN  http.HttpRequestLog (HttpRequestLog.java:getRequestLog(97)) - Jetty request log can only be enabled using Log4j
2019-07-16 14:16:07,460 INFO  http.HttpServer2 (HttpServer2.java:addGlobalFilter(975)) - Added global filter 'safety' (class=org.apache.hadoop.http.HttpServer2$QuotingInputFilter)
2019-07-16 14:16:07,461 INFO  http.HttpServer2 (HttpServer2.java:addFilter(948)) - Added filter static_user_filter (class=org.apache.hadoop.http.lib.StaticUserWebFilter$StaticUserFilter) to context ozoneManager
2019-07-16 14:16:07,461 INFO  http.HttpServer2 (HttpServer2.java:addFilter(958)) - Added filter static_user_filter (class=org.apache.hadoop.http.lib.StaticUserWebFilter$StaticUserFilter) to context static
2019-07-16 14:16:07,461 INFO  http.HttpServer2 (HttpServer2.java:addFilter(958)) - Added filter static_user_filter (class=org.apache.hadoop.http.lib.StaticUserWebFilter$StaticUserFilter) to context logs
2019-07-16 14:16:07,462 INFO  http.HttpServer2 (HttpServer2.java:bindListener(1191)) - Jetty bound to port 40658
2019-07-16 14:16:07,462 INFO  server.Server (Server.java:doStart(351)) - jetty-9.3.24.v20180605, build timestamp: 2018-06-05T17:11:56Z, git hash: 84205aa28f11a4f31f2a3b86d1bba2cc8ab69827
2019-07-16 14:16:07,465 INFO  handler.ContextHandler (ContextHandler.java:doStart(781)) - Started o.e.j.s.ServletContextHandler@6731b6bd{/logs,file:///workdir/hadoop-ozone/integration-test/target/log,AVAILABLE}
2019-07-16 14:16:07,466 INFO  handler.ContextHandler (ContextHandler.java:doStart(781)) - Started o.e.j.s.ServletContextHandler@1f4fa465{/static,file:///workdir/hadoop-ozone/integration-test/target/test-classes/webapps/static,AVAILABLE}
2019-07-16 14:16:07,473 INFO  handler.ContextHandler (ContextHandler.java:doStart(781)) - Started o.e.j.w.WebAppContext@2dc72c0c{/,file:///workdir/hadoop-ozone/integration-test/target/test-classes/webapps/ozoneManager/,AVAILABLE}{/ozoneManager}
2019-07-16 14:16:07,473 INFO  server.AbstractConnector (AbstractConnector.java:doStart(278)) - Started ServerConnector@1dc28c66{HTTP/1.1,[http/1.1]}{0.0.0.0:40658}
2019-07-16 14:16:07,476 INFO  server.Server (Server.java:doStart(419)) - Started @152119ms
2019-07-16 14:16:07,477 INFO  server.BaseHttpServer (BaseHttpServer.java:updateConnectorAddress(207)) - HTTP server of OZONEMANAGER is listening at http://0.0.0.0:40658
2019-07-16 14:16:07,496 INFO  impl.MetricsSystemImpl (MetricsSystemImpl.java:init(158)) - HddsDatanode metrics system started (again)
2019-07-16 14:16:07,497 INFO  ozone.HddsDatanodeService (HddsDatanodeService.java:start(185)) - HddsDatanodeService host:trunk-nightly-gllmw-2332419065 ip:192.168.157.241
2019-07-16 14:16:07,511 INFO  volume.HddsVolume (HddsVolume.java:<init>(176)) - Creating Volume: /workdir/hadoop-ozone/integration-test/target/test-dir/MiniOzoneClusterImpl-1cb566eb-abe6-46fc-8d39-7a473e5c4489/datanode-0/data/containers/hdds of  storage type : DISK and capacity : 52710309888
2019-07-16 14:16:07,512 INFO  volume.VolumeSet (VolumeSet.java:initializeVolumeSet(170)) - Added Volume : /workdir/hadoop-ozone/integration-test/target/test-dir/MiniOzoneClusterImpl-1cb566eb-abe6-46fc-8d39-7a473e5c4489/datanode-0/data/containers/hdds to VolumeSet
2019-07-16 14:16:07,512 INFO  volume.ThrottledAsyncChecker (ThrottledAsyncChecker.java:schedule(140)) - Scheduling a check for org.apache.hadoop.ozone.container.common.volume.HddsVolume@43e9a8a2
2019-07-16 14:16:07,513 INFO  volume.HddsVolumeChecker (HddsVolumeChecker.java:checkAllVolumes(203)) - Scheduled health check for volume org.apache.hadoop.ozone.container.common.volume.HddsVolume@43e9a8a2
2019-07-16 14:16:07,533 INFO  impl.RaftServerProxy (ConfUtils.java:logGet(43)) - raft.rpc.type = GRPC (default)
2019-07-16 14:16:07,533 INFO  grpc.GrpcFactory (GrpcFactory.java:checkPooledByteBufAllocatorUseCacheForAllThreads(45)) - PERFORMANCE WARNING: useCacheForAllThreads is true that may cause Netty to create a lot garbage objects and, as a result, trigger GC.
	It is recommended to disable useCacheForAllThreads by setting -Dorg.apache.ratis.thirdparty.io.netty.allocator.useCacheForAllThreads=false in command line.
2019-07-16 14:16:07,533 INFO  grpc.GrpcConfigKeys$Server (ConfUtils.java:logGet(43)) - raft.grpc.server.port = 0 (default)
2019-07-16 14:16:07,533 INFO  server.GrpcService (ConfUtils.java:logGet(43)) - raft.grpc.message.size.max = 33570816 (custom)
2019-07-16 14:16:07,534 INFO  server.RaftServerConfigKeys (ConfUtils.java:logGet(43)) - raft.server.log.appender.buffer.byte-limit = 33554432 (custom)
2019-07-16 14:16:07,534 INFO  server.GrpcService (ConfUtils.java:logGet(43)) - raft.grpc.flow.control.window = 1MB (=1048576) (default)
2019-07-16 14:16:07,534 INFO  server.RaftServerConfigKeys (ConfUtils.java:logGet(43)) - raft.server.rpc.request.timeout = 3000ms (default)
2019-07-16 14:16:07,535 INFO  server.RaftServerConfigKeys (ConfUtils.java:logGet(43)) - raft.server.storage.dir = [/workdir/hadoop-ozone/integration-test/target/test-dir/MiniOzoneClusterImpl-1cb566eb-abe6-46fc-8d39-7a473e5c4489/datanode-0/data/ratis] (custom)
2019-07-16 14:16:07,535 INFO  replication.SimpleContainerDownloader (SimpleContainerDownloader.java:<init>(72)) - Starting container downloader service to copy containers to replicate.
2019-07-16 14:16:07,537 INFO  hdfs.DFSUtil (DFSUtil.java:httpServerTemplateForNNAndJN(1641)) - Starting Web-server for hddsDatanode at: http://0.0.0.0:0
2019-07-16 14:16:07,538 INFO  server.AuthenticationFilter (AuthenticationFilter.java:constructSecretProvider(240)) - Unable to initialize FileSignerSecretProvider, falling back to use random secrets.
2019-07-16 14:16:07,538 WARN  http.HttpRequestLog (HttpRequestLog.java:getRequestLog(97)) - Jetty request log can only be enabled using Log4j
2019-07-16 14:16:07,540 INFO  http.HttpServer2 (HttpServer2.java:addGlobalFilter(975)) - Added global filter 'safety' (class=org.apache.hadoop.http.HttpServer2$QuotingInputFilter)
2019-07-16 14:16:07,540 INFO  http.HttpServer2 (HttpServer2.java:addFilter(948)) - Added filter static_user_filter (class=org.apache.hadoop.http.lib.StaticUserWebFilter$StaticUserFilter) to context hddsDatanode
2019-07-16 14:16:07,541 INFO  http.HttpServer2 (HttpServer2.java:addFilter(958)) - Added filter static_user_filter (class=org.apache.hadoop.http.lib.StaticUserWebFilter$StaticUserFilter) to context logs
2019-07-16 14:16:07,541 INFO  http.HttpServer2 (HttpServer2.java:addFilter(958)) - Added filter static_user_filter (class=org.apache.hadoop.http.lib.StaticUserWebFilter$StaticUserFilter) to context static
2019-07-16 14:16:07,541 INFO  http.HttpServer2 (HttpServer2.java:bindListener(1191)) - Jetty bound to port 43412
2019-07-16 14:16:07,542 INFO  server.Server (Server.java:doStart(351)) - jetty-9.3.24.v20180605, build timestamp: 2018-06-05T17:11:56Z, git hash: 84205aa28f11a4f31f2a3b86d1bba2cc8ab69827
2019-07-16 14:16:07,544 INFO  handler.ContextHandler (ContextHandler.java:doStart(781)) - Started o.e.j.s.ServletContextHandler@55c78556{/logs,file:///workdir/hadoop-ozone/integration-test/target/log,AVAILABLE}
2019-07-16 14:16:07,544 INFO  handler.ContextHandler (ContextHandler.java:doStart(781)) - Started o.e.j.s.ServletContextHandler@12d28106{/static,jar:file:/home/user/.m2/repository/org/apache/hadoop/hadoop-hdds-container-service/0.5.0-SNAPSHOT/hadoop-hdds-container-service-0.5.0-SNAPSHOT.jar!/webapps/static,AVAILABLE}
2019-07-16 14:16:07,576 INFO  handler.ContextHandler (ContextHandler.java:doStart(781)) - Started o.e.j.w.WebAppContext@53813f01{/,file:///tmp/jetty-0.0.0.0-43412-hddsDatanode-_-any-5625356660607841093.dir/webapp/,AVAILABLE}{/hddsDatanode}
2019-07-16 14:16:07,577 INFO  server.AbstractConnector (AbstractConnector.java:doStart(278)) - Started ServerConnector@514c6ca0{HTTP/1.1,[http/1.1]}{0.0.0.0:43412}
2019-07-16 14:16:07,580 INFO  server.Server (Server.java:doStart(419)) - Started @152223ms
2019-07-16 14:16:07,581 INFO  server.BaseHttpServer (BaseHttpServer.java:updateConnectorAddress(207)) - HTTP server of HDDSDATANODE is listening at http://0.0.0.0:43412
2019-07-16 14:16:07,687 INFO  ozone.HddsDatanodeService (HddsDatanodeService.java:startPlugins(396)) - Started plug-in org.apache.hadoop.ozone.web.OzoneHddsDatanodeService@2220c5f7
2019-07-16 14:16:07,687 INFO  impl.MetricsSystemImpl (MetricsSystemImpl.java:init(158)) - HddsDatanode metrics system started (again)
2019-07-16 14:16:07,688 INFO  ozone.HddsDatanodeService (HddsDatanodeService.java:start(185)) - HddsDatanodeService host:trunk-nightly-gllmw-2332419065 ip:192.168.157.241
2019-07-16 14:16:07,689 INFO  util.JvmPauseMonitor (JvmPauseMonitor.java:run(188)) - Starting JVM pause monitor
2019-07-16 14:16:07,690 INFO  datanode.InitDatanodeState (InitDatanodeState.java:persistContainerDatanodeDetails(140)) - DatanodeDetails is persisted to /workdir/hadoop-ozone/integration-test/target/test-dir/MiniOzoneClusterImpl-1cb566eb-abe6-46fc-8d39-7a473e5c4489/datanode-0/meta/datanode.id
2019-07-16 14:16:07,702 INFO  volume.HddsVolume (HddsVolume.java:<init>(176)) - Creating Volume: /workdir/hadoop-ozone/integration-test/target/test-dir/MiniOzoneClusterImpl-1cb566eb-abe6-46fc-8d39-7a473e5c4489/datanode-1/data/containers/hdds of  storage type : DISK and capacity : 52710309888
2019-07-16 14:16:07,702 INFO  volume.VolumeSet (VolumeSet.java:initializeVolumeSet(170)) - Added Volume : /workdir/hadoop-ozone/integration-test/target/test-dir/MiniOzoneClusterImpl-1cb566eb-abe6-46fc-8d39-7a473e5c4489/datanode-1/data/containers/hdds to VolumeSet
2019-07-16 14:16:07,702 INFO  volume.ThrottledAsyncChecker (ThrottledAsyncChecker.java:schedule(140)) - Scheduling a check for org.apache.hadoop.ozone.container.common.volume.HddsVolume@6d3194ff
2019-07-16 14:16:07,703 INFO  volume.HddsVolumeChecker (HddsVolumeChecker.java:checkAllVolumes(203)) - Scheduled health check for volume org.apache.hadoop.ozone.container.common.volume.HddsVolume@6d3194ff
2019-07-16 14:16:07,722 INFO  impl.RaftServerProxy (ConfUtils.java:logGet(43)) - raft.rpc.type = GRPC (default)
2019-07-16 14:16:07,722 INFO  grpc.GrpcFactory (GrpcFactory.java:checkPooledByteBufAllocatorUseCacheForAllThreads(45)) - PERFORMANCE WARNING: useCacheForAllThreads is true that may cause Netty to create a lot garbage objects and, as a result, trigger GC.
	It is recommended to disable useCacheForAllThreads by setting -Dorg.apache.ratis.thirdparty.io.netty.allocator.useCacheForAllThreads=false in command line.
2019-07-16 14:16:07,723 INFO  grpc.GrpcConfigKeys$Server (ConfUtils.java:logGet(43)) - raft.grpc.server.port = 0 (default)
2019-07-16 14:16:07,723 INFO  server.GrpcService (ConfUtils.java:logGet(43)) - raft.grpc.message.size.max = 33570816 (custom)
2019-07-16 14:16:07,723 INFO  server.RaftServerConfigKeys (ConfUtils.java:logGet(43)) - raft.server.log.appender.buffer.byte-limit = 33554432 (custom)
2019-07-16 14:16:07,723 INFO  server.GrpcService (ConfUtils.java:logGet(43)) - raft.grpc.flow.control.window = 1MB (=1048576) (default)
2019-07-16 14:16:07,724 INFO  server.RaftServerConfigKeys (ConfUtils.java:logGet(43)) - raft.server.rpc.request.timeout = 3000ms (default)
2019-07-16 14:16:07,724 INFO  server.RaftServerConfigKeys (ConfUtils.java:logGet(43)) - raft.server.storage.dir = [/workdir/hadoop-ozone/integration-test/target/test-dir/MiniOzoneClusterImpl-1cb566eb-abe6-46fc-8d39-7a473e5c4489/datanode-1/data/ratis] (custom)
2019-07-16 14:16:07,724 INFO  replication.SimpleContainerDownloader (SimpleContainerDownloader.java:<init>(72)) - Starting container downloader service to copy containers to replicate.
2019-07-16 14:16:07,725 INFO  hdfs.DFSUtil (DFSUtil.java:httpServerTemplateForNNAndJN(1641)) - Starting Web-server for hddsDatanode at: http://0.0.0.0:0
2019-07-16 14:16:07,727 INFO  server.AuthenticationFilter (AuthenticationFilter.java:constructSecretProvider(240)) - Unable to initialize FileSignerSecretProvider, falling back to use random secrets.
2019-07-16 14:16:07,727 WARN  http.HttpRequestLog (HttpRequestLog.java:getRequestLog(97)) - Jetty request log can only be enabled using Log4j
2019-07-16 14:16:07,728 INFO  http.HttpServer2 (HttpServer2.java:addGlobalFilter(975)) - Added global filter 'safety' (class=org.apache.hadoop.http.HttpServer2$QuotingInputFilter)
2019-07-16 14:16:07,729 INFO  http.HttpServer2 (HttpServer2.java:addFilter(948)) - Added filter static_user_filter (class=org.apache.hadoop.http.lib.StaticUserWebFilter$StaticUserFilter) to context hddsDatanode
2019-07-16 14:16:07,729 INFO  http.HttpServer2 (HttpServer2.java:addFilter(958)) - Added filter static_user_filter (class=org.apache.hadoop.http.lib.StaticUserWebFilter$StaticUserFilter) to context logs
2019-07-16 14:16:07,729 INFO  http.HttpServer2 (HttpServer2.java:addFilter(958)) - Added filter static_user_filter (class=org.apache.hadoop.http.lib.StaticUserWebFilter$StaticUserFilter) to context static
2019-07-16 14:16:07,730 INFO  http.HttpServer2 (HttpServer2.java:bindListener(1191)) - Jetty bound to port 38224
2019-07-16 14:16:07,730 INFO  server.Server (Server.java:doStart(351)) - jetty-9.3.24.v20180605, build timestamp: 2018-06-05T17:11:56Z, git hash: 84205aa28f11a4f31f2a3b86d1bba2cc8ab69827
2019-07-16 14:16:07,732 INFO  handler.ContextHandler (ContextHandler.java:doStart(781)) - Started o.e.j.s.ServletContextHandler@6821d4e1{/logs,file:///workdir/hadoop-ozone/integration-test/target/log,AVAILABLE}
2019-07-16 14:16:07,732 INFO  handler.ContextHandler (ContextHandler.java:doStart(781)) - Started o.e.j.s.ServletContextHandler@213c812a{/static,jar:file:/home/user/.m2/repository/org/apache/hadoop/hadoop-hdds-container-service/0.5.0-SNAPSHOT/hadoop-hdds-container-service-0.5.0-SNAPSHOT.jar!/webapps/static,AVAILABLE}
2019-07-16 14:16:07,761 INFO  handler.ContextHandler (ContextHandler.java:doStart(781)) - Started o.e.j.w.WebAppContext@7e305953{/,file:///tmp/jetty-0.0.0.0-38224-hddsDatanode-_-any-4677849212836205399.dir/webapp/,AVAILABLE}{/hddsDatanode}
2019-07-16 14:16:07,761 INFO  server.AbstractConnector (AbstractConnector.java:doStart(278)) - Started ServerConnector@59d7d574{HTTP/1.1,[http/1.1]}{0.0.0.0:38224}
2019-07-16 14:16:07,764 INFO  server.Server (Server.java:doStart(419)) - Started @152407ms
2019-07-16 14:16:07,765 INFO  server.BaseHttpServer (BaseHttpServer.java:updateConnectorAddress(207)) - HTTP server of HDDSDATANODE is listening at http://0.0.0.0:38224
2019-07-16 14:16:07,866 INFO  ozone.HddsDatanodeService (HddsDatanodeService.java:startPlugins(396)) - Started plug-in org.apache.hadoop.ozone.web.OzoneHddsDatanodeService@3ad80206
2019-07-16 14:16:07,867 INFO  impl.MetricsSystemImpl (MetricsSystemImpl.java:init(158)) - HddsDatanode metrics system started (again)
2019-07-16 14:16:07,867 INFO  ozone.HddsDatanodeService (HddsDatanodeService.java:start(185)) - HddsDatanodeService host:trunk-nightly-gllmw-2332419065 ip:192.168.157.241
2019-07-16 14:16:07,868 INFO  util.JvmPauseMonitor (JvmPauseMonitor.java:run(188)) - Starting JVM pause monitor
2019-07-16 14:16:07,870 INFO  datanode.InitDatanodeState (InitDatanodeState.java:persistContainerDatanodeDetails(140)) - DatanodeDetails is persisted to /workdir/hadoop-ozone/integration-test/target/test-dir/MiniOzoneClusterImpl-1cb566eb-abe6-46fc-8d39-7a473e5c4489/datanode-1/meta/datanode.id
2019-07-16 14:16:07,881 INFO  volume.HddsVolume (HddsVolume.java:<init>(176)) - Creating Volume: /workdir/hadoop-ozone/integration-test/target/test-dir/MiniOzoneClusterImpl-1cb566eb-abe6-46fc-8d39-7a473e5c4489/datanode-2/data/containers/hdds of  storage type : DISK and capacity : 52710309888
2019-07-16 14:16:07,882 INFO  volume.VolumeSet (VolumeSet.java:initializeVolumeSet(170)) - Added Volume : /workdir/hadoop-ozone/integration-test/target/test-dir/MiniOzoneClusterImpl-1cb566eb-abe6-46fc-8d39-7a473e5c4489/datanode-2/data/containers/hdds to VolumeSet
2019-07-16 14:16:07,882 INFO  volume.ThrottledAsyncChecker (ThrottledAsyncChecker.java:schedule(140)) - Scheduling a check for org.apache.hadoop.ozone.container.common.volume.HddsVolume@2086f336
2019-07-16 14:16:07,882 INFO  volume.HddsVolumeChecker (HddsVolumeChecker.java:checkAllVolumes(203)) - Scheduled health check for volume org.apache.hadoop.ozone.container.common.volume.HddsVolume@2086f336
2019-07-16 14:16:07,900 INFO  impl.RaftServerProxy (ConfUtils.java:logGet(43)) - raft.rpc.type = GRPC (default)
2019-07-16 14:16:07,900 INFO  grpc.GrpcFactory (GrpcFactory.java:checkPooledByteBufAllocatorUseCacheForAllThreads(45)) - PERFORMANCE WARNING: useCacheForAllThreads is true that may cause Netty to create a lot garbage objects and, as a result, trigger GC.
	It is recommended to disable useCacheForAllThreads by setting -Dorg.apache.ratis.thirdparty.io.netty.allocator.useCacheForAllThreads=false in command line.
2019-07-16 14:16:07,901 INFO  grpc.GrpcConfigKeys$Server (ConfUtils.java:logGet(43)) - raft.grpc.server.port = 0 (default)
2019-07-16 14:16:07,901 INFO  server.GrpcService (ConfUtils.java:logGet(43)) - raft.grpc.message.size.max = 33570816 (custom)
2019-07-16 14:16:07,901 INFO  server.RaftServerConfigKeys (ConfUtils.java:logGet(43)) - raft.server.log.appender.buffer.byte-limit = 33554432 (custom)
2019-07-16 14:16:07,901 INFO  server.GrpcService (ConfUtils.java:logGet(43)) - raft.grpc.flow.control.window = 1MB (=1048576) (default)
2019-07-16 14:16:07,901 INFO  server.RaftServerConfigKeys (ConfUtils.java:logGet(43)) - raft.server.rpc.request.timeout = 3000ms (default)
2019-07-16 14:16:07,902 INFO  server.RaftServerConfigKeys (ConfUtils.java:logGet(43)) - raft.server.storage.dir = [/workdir/hadoop-ozone/integration-test/target/test-dir/MiniOzoneClusterImpl-1cb566eb-abe6-46fc-8d39-7a473e5c4489/datanode-2/data/ratis] (custom)
2019-07-16 14:16:07,902 INFO  replication.SimpleContainerDownloader (SimpleContainerDownloader.java:<init>(72)) - Starting container downloader service to copy containers to replicate.
2019-07-16 14:16:07,903 INFO  hdfs.DFSUtil (DFSUtil.java:httpServerTemplateForNNAndJN(1641)) - Starting Web-server for hddsDatanode at: http://0.0.0.0:0
2019-07-16 14:16:07,904 INFO  server.AuthenticationFilter (AuthenticationFilter.java:constructSecretProvider(240)) - Unable to initialize FileSignerSecretProvider, falling back to use random secrets.
2019-07-16 14:16:07,904 WARN  http.HttpRequestLog (HttpRequestLog.java:getRequestLog(97)) - Jetty request log can only be enabled using Log4j
2019-07-16 14:16:07,905 INFO  http.HttpServer2 (HttpServer2.java:addGlobalFilter(975)) - Added global filter 'safety' (class=org.apache.hadoop.http.HttpServer2$QuotingInputFilter)
2019-07-16 14:16:07,906 INFO  http.HttpServer2 (HttpServer2.java:addFilter(948)) - Added filter static_user_filter (class=org.apache.hadoop.http.lib.StaticUserWebFilter$StaticUserFilter) to context hddsDatanode
2019-07-16 14:16:07,906 INFO  http.HttpServer2 (HttpServer2.java:addFilter(958)) - Added filter static_user_filter (class=org.apache.hadoop.http.lib.StaticUserWebFilter$StaticUserFilter) to context logs
2019-07-16 14:16:07,906 INFO  http.HttpServer2 (HttpServer2.java:addFilter(958)) - Added filter static_user_filter (class=org.apache.hadoop.http.lib.StaticUserWebFilter$StaticUserFilter) to context static
2019-07-16 14:16:07,907 INFO  http.HttpServer2 (HttpServer2.java:bindListener(1191)) - Jetty bound to port 41371
2019-07-16 14:16:07,907 INFO  server.Server (Server.java:doStart(351)) - jetty-9.3.24.v20180605, build timestamp: 2018-06-05T17:11:56Z, git hash: 84205aa28f11a4f31f2a3b86d1bba2cc8ab69827
2019-07-16 14:16:07,908 INFO  handler.ContextHandler (ContextHandler.java:doStart(781)) - Started o.e.j.s.ServletContextHandler@69c7eafd{/logs,file:///workdir/hadoop-ozone/integration-test/target/log,AVAILABLE}
2019-07-16 14:16:07,909 INFO  handler.ContextHandler (ContextHandler.java:doStart(781)) - Started o.e.j.s.ServletContextHandler@1e387974{/static,jar:file:/home/user/.m2/repository/org/apache/hadoop/hadoop-hdds-container-service/0.5.0-SNAPSHOT/hadoop-hdds-container-service-0.5.0-SNAPSHOT.jar!/webapps/static,AVAILABLE}
2019-07-16 14:16:07,935 INFO  handler.ContextHandler (ContextHandler.java:doStart(781)) - Started o.e.j.w.WebAppContext@726ee6cf{/,file:///tmp/jetty-0.0.0.0-41371-hddsDatanode-_-any-5549814791233777486.dir/webapp/,AVAILABLE}{/hddsDatanode}
2019-07-16 14:16:07,935 INFO  server.AbstractConnector (AbstractConnector.java:doStart(278)) - Started ServerConnector@4a83d61c{HTTP/1.1,[http/1.1]}{0.0.0.0:41371}
2019-07-16 14:16:07,939 INFO  server.Server (Server.java:doStart(419)) - Started @152582ms
2019-07-16 14:16:07,939 INFO  server.BaseHttpServer (BaseHttpServer.java:updateConnectorAddress(207)) - HTTP server of HDDSDATANODE is listening at http://0.0.0.0:41371
2019-07-16 14:16:08,044 INFO  ozone.HddsDatanodeService (HddsDatanodeService.java:startPlugins(396)) - Started plug-in org.apache.hadoop.ozone.web.OzoneHddsDatanodeService@78b29e00
2019-07-16 14:16:08,044 INFO  impl.MetricsSystemImpl (MetricsSystemImpl.java:init(158)) - HddsDatanode metrics system started (again)
2019-07-16 14:16:08,045 INFO  ozone.HddsDatanodeService (HddsDatanodeService.java:start(185)) - HddsDatanodeService host:trunk-nightly-gllmw-2332419065 ip:192.168.157.241
2019-07-16 14:16:08,046 INFO  util.JvmPauseMonitor (JvmPauseMonitor.java:run(188)) - Starting JVM pause monitor
2019-07-16 14:16:08,048 INFO  datanode.InitDatanodeState (InitDatanodeState.java:persistContainerDatanodeDetails(140)) - DatanodeDetails is persisted to /workdir/hadoop-ozone/integration-test/target/test-dir/MiniOzoneClusterImpl-1cb566eb-abe6-46fc-8d39-7a473e5c4489/datanode-2/meta/datanode.id
2019-07-16 14:16:08,060 INFO  volume.HddsVolume (HddsVolume.java:<init>(176)) - Creating Volume: /workdir/hadoop-ozone/integration-test/target/test-dir/MiniOzoneClusterImpl-1cb566eb-abe6-46fc-8d39-7a473e5c4489/datanode-3/data/containers/hdds of  storage type : DISK and capacity : 52710309888
2019-07-16 14:16:08,060 INFO  volume.VolumeSet (VolumeSet.java:initializeVolumeSet(170)) - Added Volume : /workdir/hadoop-ozone/integration-test/target/test-dir/MiniOzoneClusterImpl-1cb566eb-abe6-46fc-8d39-7a473e5c4489/datanode-3/data/containers/hdds to VolumeSet
2019-07-16 14:16:08,060 INFO  volume.ThrottledAsyncChecker (ThrottledAsyncChecker.java:schedule(140)) - Scheduling a check for org.apache.hadoop.ozone.container.common.volume.HddsVolume@7d43c89f
2019-07-16 14:16:08,061 INFO  volume.HddsVolumeChecker (HddsVolumeChecker.java:checkAllVolumes(203)) - Scheduled health check for volume org.apache.hadoop.ozone.container.common.volume.HddsVolume@7d43c89f
2019-07-16 14:16:08,080 INFO  impl.RaftServerProxy (ConfUtils.java:logGet(43)) - raft.rpc.type = GRPC (default)
2019-07-16 14:16:08,081 INFO  grpc.GrpcFactory (GrpcFactory.java:checkPooledByteBufAllocatorUseCacheForAllThreads(45)) - PERFORMANCE WARNING: useCacheForAllThreads is true that may cause Netty to create a lot garbage objects and, as a result, trigger GC.
	It is recommended to disable useCacheForAllThreads by setting -Dorg.apache.ratis.thirdparty.io.netty.allocator.useCacheForAllThreads=false in command line.
2019-07-16 14:16:08,081 INFO  grpc.GrpcConfigKeys$Server (ConfUtils.java:logGet(43)) - raft.grpc.server.port = 0 (default)
2019-07-16 14:16:08,081 INFO  server.GrpcService (ConfUtils.java:logGet(43)) - raft.grpc.message.size.max = 33570816 (custom)
2019-07-16 14:16:08,081 INFO  server.RaftServerConfigKeys (ConfUtils.java:logGet(43)) - raft.server.log.appender.buffer.byte-limit = 33554432 (custom)
2019-07-16 14:16:08,081 INFO  server.GrpcService (ConfUtils.java:logGet(43)) - raft.grpc.flow.control.window = 1MB (=1048576) (default)
2019-07-16 14:16:08,082 INFO  server.RaftServerConfigKeys (ConfUtils.java:logGet(43)) - raft.server.rpc.request.timeout = 3000ms (default)
2019-07-16 14:16:08,082 INFO  server.RaftServerConfigKeys (ConfUtils.java:logGet(43)) - raft.server.storage.dir = [/workdir/hadoop-ozone/integration-test/target/test-dir/MiniOzoneClusterImpl-1cb566eb-abe6-46fc-8d39-7a473e5c4489/datanode-3/data/ratis] (custom)
2019-07-16 14:16:08,082 INFO  replication.SimpleContainerDownloader (SimpleContainerDownloader.java:<init>(72)) - Starting container downloader service to copy containers to replicate.
2019-07-16 14:16:08,083 INFO  hdfs.DFSUtil (DFSUtil.java:httpServerTemplateForNNAndJN(1641)) - Starting Web-server for hddsDatanode at: http://0.0.0.0:0
2019-07-16 14:16:08,085 INFO  server.AuthenticationFilter (AuthenticationFilter.java:constructSecretProvider(240)) - Unable to initialize FileSignerSecretProvider, falling back to use random secrets.
2019-07-16 14:16:08,085 WARN  http.HttpRequestLog (HttpRequestLog.java:getRequestLog(97)) - Jetty request log can only be enabled using Log4j
2019-07-16 14:16:08,086 INFO  http.HttpServer2 (HttpServer2.java:addGlobalFilter(975)) - Added global filter 'safety' (class=org.apache.hadoop.http.HttpServer2$QuotingInputFilter)
2019-07-16 14:16:08,087 INFO  http.HttpServer2 (HttpServer2.java:addFilter(948)) - Added filter static_user_filter (class=org.apache.hadoop.http.lib.StaticUserWebFilter$StaticUserFilter) to context hddsDatanode
2019-07-16 14:16:08,087 INFO  http.HttpServer2 (HttpServer2.java:addFilter(958)) - Added filter static_user_filter (class=org.apache.hadoop.http.lib.StaticUserWebFilter$StaticUserFilter) to context static
2019-07-16 14:16:08,087 INFO  http.HttpServer2 (HttpServer2.java:addFilter(958)) - Added filter static_user_filter (class=org.apache.hadoop.http.lib.StaticUserWebFilter$StaticUserFilter) to context logs
2019-07-16 14:16:08,087 INFO  http.HttpServer2 (HttpServer2.java:bindListener(1191)) - Jetty bound to port 35649
2019-07-16 14:16:08,088 INFO  server.Server (Server.java:doStart(351)) - jetty-9.3.24.v20180605, build timestamp: 2018-06-05T17:11:56Z, git hash: 84205aa28f11a4f31f2a3b86d1bba2cc8ab69827
2019-07-16 14:16:08,089 INFO  handler.ContextHandler (ContextHandler.java:doStart(781)) - Started o.e.j.s.ServletContextHandler@a6924ad{/logs,file:///workdir/hadoop-ozone/integration-test/target/log,AVAILABLE}
2019-07-16 14:16:08,090 INFO  handler.ContextHandler (ContextHandler.java:doStart(781)) - Started o.e.j.s.ServletContextHandler@6e2e11ee{/static,jar:file:/home/user/.m2/repository/org/apache/hadoop/hadoop-hdds-container-service/0.5.0-SNAPSHOT/hadoop-hdds-container-service-0.5.0-SNAPSHOT.jar!/webapps/static,AVAILABLE}
2019-07-16 14:16:08,117 INFO  handler.ContextHandler (ContextHandler.java:doStart(781)) - Started o.e.j.w.WebAppContext@34538ffe{/,file:///tmp/jetty-0.0.0.0-35649-hddsDatanode-_-any-3392283242167920506.dir/webapp/,AVAILABLE}{/hddsDatanode}
2019-07-16 14:16:08,117 INFO  server.AbstractConnector (AbstractConnector.java:doStart(278)) - Started ServerConnector@7ae75ba6{HTTP/1.1,[http/1.1]}{0.0.0.0:35649}
2019-07-16 14:16:08,121 INFO  server.Server (Server.java:doStart(419)) - Started @152763ms
2019-07-16 14:16:08,121 INFO  server.BaseHttpServer (BaseHttpServer.java:updateConnectorAddress(207)) - HTTP server of HDDSDATANODE is listening at http://0.0.0.0:35649
2019-07-16 14:16:08,224 INFO  ozone.HddsDatanodeService (HddsDatanodeService.java:startPlugins(396)) - Started plug-in org.apache.hadoop.ozone.web.OzoneHddsDatanodeService@c4bb119
2019-07-16 14:16:08,224 INFO  impl.MetricsSystemImpl (MetricsSystemImpl.java:init(158)) - HddsDatanode metrics system started (again)
2019-07-16 14:16:08,225 INFO  ozone.HddsDatanodeService (HddsDatanodeService.java:start(185)) - HddsDatanodeService host:trunk-nightly-gllmw-2332419065 ip:192.168.157.241
2019-07-16 14:16:08,227 INFO  util.JvmPauseMonitor (JvmPauseMonitor.java:run(188)) - Starting JVM pause monitor
2019-07-16 14:16:08,228 INFO  datanode.InitDatanodeState (InitDatanodeState.java:persistContainerDatanodeDetails(140)) - DatanodeDetails is persisted to /workdir/hadoop-ozone/integration-test/target/test-dir/MiniOzoneClusterImpl-1cb566eb-abe6-46fc-8d39-7a473e5c4489/datanode-3/meta/datanode.id
2019-07-16 14:16:08,241 INFO  volume.HddsVolume (HddsVolume.java:<init>(176)) - Creating Volume: /workdir/hadoop-ozone/integration-test/target/test-dir/MiniOzoneClusterImpl-1cb566eb-abe6-46fc-8d39-7a473e5c4489/datanode-4/data/containers/hdds of  storage type : DISK and capacity : 52710309888
2019-07-16 14:16:08,242 INFO  volume.VolumeSet (VolumeSet.java:initializeVolumeSet(170)) - Added Volume : /workdir/hadoop-ozone/integration-test/target/test-dir/MiniOzoneClusterImpl-1cb566eb-abe6-46fc-8d39-7a473e5c4489/datanode-4/data/containers/hdds to VolumeSet
2019-07-16 14:16:08,242 INFO  volume.ThrottledAsyncChecker (ThrottledAsyncChecker.java:schedule(140)) - Scheduling a check for org.apache.hadoop.ozone.container.common.volume.HddsVolume@6238b10a
2019-07-16 14:16:08,243 INFO  volume.HddsVolumeChecker (HddsVolumeChecker.java:checkAllVolumes(203)) - Scheduled health check for volume org.apache.hadoop.ozone.container.common.volume.HddsVolume@6238b10a
2019-07-16 14:16:08,266 INFO  impl.RaftServerProxy (ConfUtils.java:logGet(43)) - raft.rpc.type = GRPC (default)
2019-07-16 14:16:08,267 INFO  grpc.GrpcFactory (GrpcFactory.java:checkPooledByteBufAllocatorUseCacheForAllThreads(45)) - PERFORMANCE WARNING: useCacheForAllThreads is true that may cause Netty to create a lot garbage objects and, as a result, trigger GC.
	It is recommended to disable useCacheForAllThreads by setting -Dorg.apache.ratis.thirdparty.io.netty.allocator.useCacheForAllThreads=false in command line.
2019-07-16 14:16:08,267 INFO  grpc.GrpcConfigKeys$Server (ConfUtils.java:logGet(43)) - raft.grpc.server.port = 0 (default)
2019-07-16 14:16:08,267 INFO  server.GrpcService (ConfUtils.java:logGet(43)) - raft.grpc.message.size.max = 33570816 (custom)
2019-07-16 14:16:08,268 INFO  server.RaftServerConfigKeys (ConfUtils.java:logGet(43)) - raft.server.log.appender.buffer.byte-limit = 33554432 (custom)
2019-07-16 14:16:08,268 INFO  server.GrpcService (ConfUtils.java:logGet(43)) - raft.grpc.flow.control.window = 1MB (=1048576) (default)
2019-07-16 14:16:08,268 INFO  server.RaftServerConfigKeys (ConfUtils.java:logGet(43)) - raft.server.rpc.request.timeout = 3000ms (default)
2019-07-16 14:16:08,269 INFO  server.RaftServerConfigKeys (ConfUtils.java:logGet(43)) - raft.server.storage.dir = [/workdir/hadoop-ozone/integration-test/target/test-dir/MiniOzoneClusterImpl-1cb566eb-abe6-46fc-8d39-7a473e5c4489/datanode-4/data/ratis] (custom)
2019-07-16 14:16:08,269 INFO  replication.SimpleContainerDownloader (SimpleContainerDownloader.java:<init>(72)) - Starting container downloader service to copy containers to replicate.
2019-07-16 14:16:08,271 INFO  hdfs.DFSUtil (DFSUtil.java:httpServerTemplateForNNAndJN(1641)) - Starting Web-server for hddsDatanode at: http://0.0.0.0:0
2019-07-16 14:16:08,273 INFO  server.AuthenticationFilter (AuthenticationFilter.java:constructSecretProvider(240)) - Unable to initialize FileSignerSecretProvider, falling back to use random secrets.
2019-07-16 14:16:08,273 WARN  http.HttpRequestLog (HttpRequestLog.java:getRequestLog(97)) - Jetty request log can only be enabled using Log4j
2019-07-16 14:16:08,275 INFO  http.HttpServer2 (HttpServer2.java:addGlobalFilter(975)) - Added global filter 'safety' (class=org.apache.hadoop.http.HttpServer2$QuotingInputFilter)
2019-07-16 14:16:08,276 INFO  http.HttpServer2 (HttpServer2.java:addFilter(948)) - Added filter static_user_filter (class=org.apache.hadoop.http.lib.StaticUserWebFilter$StaticUserFilter) to context hddsDatanode
2019-07-16 14:16:08,276 INFO  http.HttpServer2 (HttpServer2.java:addFilter(958)) - Added filter static_user_filter (class=org.apache.hadoop.http.lib.StaticUserWebFilter$StaticUserFilter) to context logs
2019-07-16 14:16:08,276 INFO  http.HttpServer2 (HttpServer2.java:addFilter(958)) - Added filter static_user_filter (class=org.apache.hadoop.http.lib.StaticUserWebFilter$StaticUserFilter) to context static
2019-07-16 14:16:08,277 INFO  http.HttpServer2 (HttpServer2.java:bindListener(1191)) - Jetty bound to port 35304
2019-07-16 14:16:08,277 INFO  server.Server (Server.java:doStart(351)) - jetty-9.3.24.v20180605, build timestamp: 2018-06-05T17:11:56Z, git hash: 84205aa28f11a4f31f2a3b86d1bba2cc8ab69827
2019-07-16 14:16:08,279 INFO  handler.ContextHandler (ContextHandler.java:doStart(781)) - Started o.e.j.s.ServletContextHandler@7040d71{/logs,file:///workdir/hadoop-ozone/integration-test/target/log,AVAILABLE}
2019-07-16 14:16:08,280 INFO  handler.ContextHandler (ContextHandler.java:doStart(781)) - Started o.e.j.s.ServletContextHandler@2a8081f5{/static,jar:file:/home/user/.m2/repository/org/apache/hadoop/hadoop-hdds-container-service/0.5.0-SNAPSHOT/hadoop-hdds-container-service-0.5.0-SNAPSHOT.jar!/webapps/static,AVAILABLE}
2019-07-16 14:16:08,320 INFO  handler.ContextHandler (ContextHandler.java:doStart(781)) - Started o.e.j.w.WebAppContext@100d5018{/,file:///tmp/jetty-0.0.0.0-35304-hddsDatanode-_-any-6552549028825497042.dir/webapp/,AVAILABLE}{/hddsDatanode}
2019-07-16 14:16:08,321 INFO  server.AbstractConnector (AbstractConnector.java:doStart(278)) - Started ServerConnector@6a25c9ad{HTTP/1.1,[http/1.1]}{0.0.0.0:35304}
2019-07-16 14:16:08,324 INFO  server.Server (Server.java:doStart(419)) - Started @152967ms
2019-07-16 14:16:08,325 INFO  server.BaseHttpServer (BaseHttpServer.java:updateConnectorAddress(207)) - HTTP server of HDDSDATANODE is listening at http://0.0.0.0:35304
2019-07-16 14:16:08,452 INFO  ozone.HddsDatanodeService (HddsDatanodeService.java:startPlugins(396)) - Started plug-in org.apache.hadoop.ozone.web.OzoneHddsDatanodeService@7966a964
2019-07-16 14:16:08,452 INFO  impl.MetricsSystemImpl (MetricsSystemImpl.java:init(158)) - HddsDatanode metrics system started (again)
2019-07-16 14:16:08,452 INFO  ozone.HddsDatanodeService (HddsDatanodeService.java:start(185)) - HddsDatanodeService host:trunk-nightly-gllmw-2332419065 ip:192.168.157.241
2019-07-16 14:16:08,453 INFO  util.JvmPauseMonitor (JvmPauseMonitor.java:run(188)) - Starting JVM pause monitor
2019-07-16 14:16:08,455 INFO  datanode.InitDatanodeState (InitDatanodeState.java:persistContainerDatanodeDetails(140)) - DatanodeDetails is persisted to /workdir/hadoop-ozone/integration-test/target/test-dir/MiniOzoneClusterImpl-1cb566eb-abe6-46fc-8d39-7a473e5c4489/datanode-4/meta/datanode.id
2019-07-16 14:16:08,469 INFO  volume.HddsVolume (HddsVolume.java:<init>(176)) - Creating Volume: /workdir/hadoop-ozone/integration-test/target/test-dir/MiniOzoneClusterImpl-1cb566eb-abe6-46fc-8d39-7a473e5c4489/datanode-5/data/containers/hdds of  storage type : DISK and capacity : 52710309888
2019-07-16 14:16:08,469 INFO  volume.VolumeSet (VolumeSet.java:initializeVolumeSet(170)) - Added Volume : /workdir/hadoop-ozone/integration-test/target/test-dir/MiniOzoneClusterImpl-1cb566eb-abe6-46fc-8d39-7a473e5c4489/datanode-5/data/containers/hdds to VolumeSet
2019-07-16 14:16:08,469 INFO  volume.ThrottledAsyncChecker (ThrottledAsyncChecker.java:schedule(140)) - Scheduling a check for org.apache.hadoop.ozone.container.common.volume.HddsVolume@144fc5fa
2019-07-16 14:16:08,470 INFO  volume.HddsVolumeChecker (HddsVolumeChecker.java:checkAllVolumes(203)) - Scheduled health check for volume org.apache.hadoop.ozone.container.common.volume.HddsVolume@144fc5fa
2019-07-16 14:16:08,494 INFO  impl.RaftServerProxy (ConfUtils.java:logGet(43)) - raft.rpc.type = GRPC (default)
2019-07-16 14:16:08,494 INFO  grpc.GrpcFactory (GrpcFactory.java:checkPooledByteBufAllocatorUseCacheForAllThreads(45)) - PERFORMANCE WARNING: useCacheForAllThreads is true that may cause Netty to create a lot garbage objects and, as a result, trigger GC.
	It is recommended to disable useCacheForAllThreads by setting -Dorg.apache.ratis.thirdparty.io.netty.allocator.useCacheForAllThreads=false in command line.
2019-07-16 14:16:08,494 INFO  grpc.GrpcConfigKeys$Server (ConfUtils.java:logGet(43)) - raft.grpc.server.port = 0 (default)
2019-07-16 14:16:08,494 INFO  server.GrpcService (ConfUtils.java:logGet(43)) - raft.grpc.message.size.max = 33570816 (custom)
2019-07-16 14:16:08,495 INFO  server.RaftServerConfigKeys (ConfUtils.java:logGet(43)) - raft.server.log.appender.buffer.byte-limit = 33554432 (custom)
2019-07-16 14:16:08,495 INFO  server.GrpcService (ConfUtils.java:logGet(43)) - raft.grpc.flow.control.window = 1MB (=1048576) (default)
2019-07-16 14:16:08,495 INFO  server.RaftServerConfigKeys (ConfUtils.java:logGet(43)) - raft.server.rpc.request.timeout = 3000ms (default)
2019-07-16 14:16:08,496 INFO  server.RaftServerConfigKeys (ConfUtils.java:logGet(43)) - raft.server.storage.dir = [/workdir/hadoop-ozone/integration-test/target/test-dir/MiniOzoneClusterImpl-1cb566eb-abe6-46fc-8d39-7a473e5c4489/datanode-5/data/ratis] (custom)
2019-07-16 14:16:08,496 INFO  replication.SimpleContainerDownloader (SimpleContainerDownloader.java:<init>(72)) - Starting container downloader service to copy containers to replicate.
2019-07-16 14:16:08,498 INFO  hdfs.DFSUtil (DFSUtil.java:httpServerTemplateForNNAndJN(1641)) - Starting Web-server for hddsDatanode at: http://0.0.0.0:0
2019-07-16 14:16:08,499 INFO  server.AuthenticationFilter (AuthenticationFilter.java:constructSecretProvider(240)) - Unable to initialize FileSignerSecretProvider, falling back to use random secrets.
2019-07-16 14:16:08,500 WARN  http.HttpRequestLog (HttpRequestLog.java:getRequestLog(97)) - Jetty request log can only be enabled using Log4j
2019-07-16 14:16:08,501 INFO  http.HttpServer2 (HttpServer2.java:addGlobalFilter(975)) - Added global filter 'safety' (class=org.apache.hadoop.http.HttpServer2$QuotingInputFilter)
2019-07-16 14:16:08,502 INFO  http.HttpServer2 (HttpServer2.java:addFilter(948)) - Added filter static_user_filter (class=org.apache.hadoop.http.lib.StaticUserWebFilter$StaticUserFilter) to context hddsDatanode
2019-07-16 14:16:08,502 INFO  http.HttpServer2 (HttpServer2.java:addFilter(958)) - Added filter static_user_filter (class=org.apache.hadoop.http.lib.StaticUserWebFilter$StaticUserFilter) to context logs
2019-07-16 14:16:08,502 INFO  http.HttpServer2 (HttpServer2.java:addFilter(958)) - Added filter static_user_filter (class=org.apache.hadoop.http.lib.StaticUserWebFilter$StaticUserFilter) to context static
2019-07-16 14:16:08,503 INFO  http.HttpServer2 (HttpServer2.java:bindListener(1191)) - Jetty bound to port 40080
2019-07-16 14:16:08,503 INFO  server.Server (Server.java:doStart(351)) - jetty-9.3.24.v20180605, build timestamp: 2018-06-05T17:11:56Z, git hash: 84205aa28f11a4f31f2a3b86d1bba2cc8ab69827
2019-07-16 14:16:08,505 INFO  handler.ContextHandler (ContextHandler.java:doStart(781)) - Started o.e.j.s.ServletContextHandler@64f1e9f8{/logs,file:///workdir/hadoop-ozone/integration-test/target/log,AVAILABLE}
2019-07-16 14:16:08,506 INFO  handler.ContextHandler (ContextHandler.java:doStart(781)) - Started o.e.j.s.ServletContextHandler@6101fd7d{/static,jar:file:/home/user/.m2/repository/org/apache/hadoop/hadoop-hdds-container-service/0.5.0-SNAPSHOT/hadoop-hdds-container-service-0.5.0-SNAPSHOT.jar!/webapps/static,AVAILABLE}
2019-07-16 14:16:08,541 INFO  handler.ContextHandler (ContextHandler.java:doStart(781)) - Started o.e.j.w.WebAppContext@8b727cb{/,file:///tmp/jetty-0.0.0.0-40080-hddsDatanode-_-any-1664541091676220744.dir/webapp/,AVAILABLE}{/hddsDatanode}
2019-07-16 14:16:08,542 INFO  server.AbstractConnector (AbstractConnector.java:doStart(278)) - Started ServerConnector@6030eff1{HTTP/1.1,[http/1.1]}{0.0.0.0:40080}
2019-07-16 14:16:08,545 INFO  server.Server (Server.java:doStart(419)) - Started @153188ms
2019-07-16 14:16:08,546 INFO  server.BaseHttpServer (BaseHttpServer.java:updateConnectorAddress(207)) - HTTP server of HDDSDATANODE is listening at http://0.0.0.0:40080
2019-07-16 14:16:08,676 INFO  ozone.HddsDatanodeService (HddsDatanodeService.java:startPlugins(396)) - Started plug-in org.apache.hadoop.ozone.web.OzoneHddsDatanodeService@14ea3ecf
2019-07-16 14:16:08,677 INFO  impl.MetricsSystemImpl (MetricsSystemImpl.java:init(158)) - HddsDatanode metrics system started (again)
2019-07-16 14:16:08,677 INFO  ozone.HddsDatanodeService (HddsDatanodeService.java:start(185)) - HddsDatanodeService host:trunk-nightly-gllmw-2332419065 ip:192.168.157.241
2019-07-16 14:16:08,678 INFO  util.JvmPauseMonitor (JvmPauseMonitor.java:run(188)) - Starting JVM pause monitor
2019-07-16 14:16:08,680 INFO  datanode.InitDatanodeState (InitDatanodeState.java:persistContainerDatanodeDetails(140)) - DatanodeDetails is persisted to /workdir/hadoop-ozone/integration-test/target/test-dir/MiniOzoneClusterImpl-1cb566eb-abe6-46fc-8d39-7a473e5c4489/datanode-5/meta/datanode.id
2019-07-16 14:16:08,692 INFO  volume.HddsVolume (HddsVolume.java:<init>(176)) - Creating Volume: /workdir/hadoop-ozone/integration-test/target/test-dir/MiniOzoneClusterImpl-1cb566eb-abe6-46fc-8d39-7a473e5c4489/datanode-6/data/containers/hdds of  storage type : DISK and capacity : 52710309888
2019-07-16 14:16:08,692 INFO  volume.VolumeSet (VolumeSet.java:initializeVolumeSet(170)) - Added Volume : /workdir/hadoop-ozone/integration-test/target/test-dir/MiniOzoneClusterImpl-1cb566eb-abe6-46fc-8d39-7a473e5c4489/datanode-6/data/containers/hdds to VolumeSet
2019-07-16 14:16:08,693 INFO  volume.ThrottledAsyncChecker (ThrottledAsyncChecker.java:schedule(140)) - Scheduling a check for org.apache.hadoop.ozone.container.common.volume.HddsVolume@46c47690
2019-07-16 14:16:08,693 INFO  volume.HddsVolumeChecker (HddsVolumeChecker.java:checkAllVolumes(203)) - Scheduled health check for volume org.apache.hadoop.ozone.container.common.volume.HddsVolume@46c47690
2019-07-16 14:16:08,708 INFO  impl.RaftServerProxy (ConfUtils.java:logGet(43)) - raft.rpc.type = GRPC (default)
2019-07-16 14:16:08,708 INFO  grpc.GrpcFactory (GrpcFactory.java:checkPooledByteBufAllocatorUseCacheForAllThreads(45)) - PERFORMANCE WARNING: useCacheForAllThreads is true that may cause Netty to create a lot garbage objects and, as a result, trigger GC.
	It is recommended to disable useCacheForAllThreads by setting -Dorg.apache.ratis.thirdparty.io.netty.allocator.useCacheForAllThreads=false in command line.
2019-07-16 14:16:08,708 INFO  grpc.GrpcConfigKeys$Server (ConfUtils.java:logGet(43)) - raft.grpc.server.port = 0 (default)
2019-07-16 14:16:08,708 INFO  server.GrpcService (ConfUtils.java:logGet(43)) - raft.grpc.message.size.max = 33570816 (custom)
2019-07-16 14:16:08,709 INFO  server.RaftServerConfigKeys (ConfUtils.java:logGet(43)) - raft.server.log.appender.buffer.byte-limit = 33554432 (custom)
2019-07-16 14:16:08,709 INFO  server.GrpcService (ConfUtils.java:logGet(43)) - raft.grpc.flow.control.window = 1MB (=1048576) (default)
2019-07-16 14:16:08,709 INFO  server.RaftServerConfigKeys (ConfUtils.java:logGet(43)) - raft.server.rpc.request.timeout = 3000ms (default)
2019-07-16 14:16:08,709 INFO  server.RaftServerConfigKeys (ConfUtils.java:logGet(43)) - raft.server.storage.dir = [/workdir/hadoop-ozone/integration-test/target/test-dir/MiniOzoneClusterImpl-1cb566eb-abe6-46fc-8d39-7a473e5c4489/datanode-6/data/ratis] (custom)
2019-07-16 14:16:08,710 INFO  replication.SimpleContainerDownloader (SimpleContainerDownloader.java:<init>(72)) - Starting container downloader service to copy containers to replicate.
2019-07-16 14:16:08,711 INFO  hdfs.DFSUtil (DFSUtil.java:httpServerTemplateForNNAndJN(1641)) - Starting Web-server for hddsDatanode at: http://0.0.0.0:0
2019-07-16 14:16:08,712 INFO  server.AuthenticationFilter (AuthenticationFilter.java:constructSecretProvider(240)) - Unable to initialize FileSignerSecretProvider, falling back to use random secrets.
2019-07-16 14:16:08,712 WARN  http.HttpRequestLog (HttpRequestLog.java:getRequestLog(97)) - Jetty request log can only be enabled using Log4j
2019-07-16 14:16:08,713 INFO  http.HttpServer2 (HttpServer2.java:addGlobalFilter(975)) - Added global filter 'safety' (class=org.apache.hadoop.http.HttpServer2$QuotingInputFilter)
2019-07-16 14:16:08,714 INFO  http.HttpServer2 (HttpServer2.java:addFilter(948)) - Added filter static_user_filter (class=org.apache.hadoop.http.lib.StaticUserWebFilter$StaticUserFilter) to context hddsDatanode
2019-07-16 14:16:08,714 INFO  http.HttpServer2 (HttpServer2.java:addFilter(958)) - Added filter static_user_filter (class=org.apache.hadoop.http.lib.StaticUserWebFilter$StaticUserFilter) to context static
2019-07-16 14:16:08,714 INFO  http.HttpServer2 (HttpServer2.java:addFilter(958)) - Added filter static_user_filter (class=org.apache.hadoop.http.lib.StaticUserWebFilter$StaticUserFilter) to context logs
2019-07-16 14:16:08,715 INFO  http.HttpServer2 (HttpServer2.java:bindListener(1191)) - Jetty bound to port 43756
2019-07-16 14:16:08,715 INFO  server.Server (Server.java:doStart(351)) - jetty-9.3.24.v20180605, build timestamp: 2018-06-05T17:11:56Z, git hash: 84205aa28f11a4f31f2a3b86d1bba2cc8ab69827
2019-07-16 14:16:08,716 INFO  handler.ContextHandler (ContextHandler.java:doStart(781)) - Started o.e.j.s.ServletContextHandler@24489d12{/logs,file:///workdir/hadoop-ozone/integration-test/target/log,AVAILABLE}
2019-07-16 14:16:08,716 INFO  handler.ContextHandler (ContextHandler.java:doStart(781)) - Started o.e.j.s.ServletContextHandler@30b5f974{/static,jar:file:/home/user/.m2/repository/org/apache/hadoop/hadoop-hdds-container-service/0.5.0-SNAPSHOT/hadoop-hdds-container-service-0.5.0-SNAPSHOT.jar!/webapps/static,AVAILABLE}
2019-07-16 14:16:08,743 INFO  handler.ContextHandler (ContextHandler.java:doStart(781)) - Started o.e.j.w.WebAppContext@59e9ba7{/,file:///tmp/jetty-0.0.0.0-43756-hddsDatanode-_-any-7436696347080762536.dir/webapp/,AVAILABLE}{/hddsDatanode}
2019-07-16 14:16:08,743 INFO  server.AbstractConnector (AbstractConnector.java:doStart(278)) - Started ServerConnector@5d6cac57{HTTP/1.1,[http/1.1]}{0.0.0.0:43756}
2019-07-16 14:16:08,746 INFO  server.Server (Server.java:doStart(419)) - Started @153386ms
2019-07-16 14:16:08,747 INFO  server.BaseHttpServer (BaseHttpServer.java:updateConnectorAddress(207)) - HTTP server of HDDSDATANODE is listening at http://0.0.0.0:43756
2019-07-16 14:16:08,875 INFO  ozone.HddsDatanodeService (HddsDatanodeService.java:startPlugins(396)) - Started plug-in org.apache.hadoop.ozone.web.OzoneHddsDatanodeService@92fa950
2019-07-16 14:16:08,876 INFO  ozone.MiniOzoneClusterImpl (MiniOzoneClusterImpl.java:lambda$waitForClusterToBeReady$0(142)) - Waiting for cluster to be ready. Got 0 of 7 DN Heartbeats.
2019-07-16 14:16:08,877 INFO  util.JvmPauseMonitor (JvmPauseMonitor.java:run(188)) - Starting JVM pause monitor
2019-07-16 14:16:08,879 INFO  datanode.InitDatanodeState (InitDatanodeState.java:persistContainerDatanodeDetails(140)) - DatanodeDetails is persisted to /workdir/hadoop-ozone/integration-test/target/test-dir/MiniOzoneClusterImpl-1cb566eb-abe6-46fc-8d39-7a473e5c4489/datanode-6/meta/datanode.id
2019-07-16 14:16:09,722 INFO  ozoneimpl.OzoneContainer (OzoneContainer.java:start(186)) - Attempting to start container services.
2019-07-16 14:16:09,722 INFO  ozoneimpl.OzoneContainer (OzoneContainer.java:startContainerScrub(160)) - Background container scrubber has been disabled by hdds.containerscrub.enabled
2019-07-16 14:16:09,722 INFO  ratis.XceiverServerRatis (XceiverServerRatis.java:start(418)) - Starting XceiverServerRatis 888503fb-f734-4c7c-9b82-330fcea6e78c at port 0
2019-07-16 14:16:09,730 INFO  impl.RaftServerProxy (RaftServerProxy.java:lambda$start$3(299)) - 888503fb-f734-4c7c-9b82-330fcea6e78c: start RPC server
2019-07-16 14:16:09,731 INFO  server.GrpcService (GrpcService.java:startImpl(149)) - 888503fb-f734-4c7c-9b82-330fcea6e78c: GrpcService started, listening on 0.0.0.0/0.0.0.0:40944
2019-07-16 14:16:09,731 INFO  ratis.XceiverServerRatis (XceiverServerRatis.java:start(428)) - XceiverServerRatis 888503fb-f734-4c7c-9b82-330fcea6e78c is started using port 40944
2019-07-16 14:16:09,732 INFO  server.XceiverServerGrpc (XceiverServerGrpc.java:start(161)) - XceiverServerGrpc 888503fb-f734-4c7c-9b82-330fcea6e78c is started using port 45048
2019-07-16 14:16:09,873 INFO  ozoneimpl.OzoneContainer (OzoneContainer.java:start(186)) - Attempting to start container services.
2019-07-16 14:16:09,874 INFO  ozoneimpl.OzoneContainer (OzoneContainer.java:startContainerScrub(160)) - Background container scrubber has been disabled by hdds.containerscrub.enabled
2019-07-16 14:16:09,874 INFO  ratis.XceiverServerRatis (XceiverServerRatis.java:start(418)) - Starting XceiverServerRatis ce30a503-6e02-452f-ba1f-f207c1d38bf3 at port 0
2019-07-16 14:16:09,876 INFO  ozone.MiniOzoneClusterImpl (MiniOzoneClusterImpl.java:lambda$waitForClusterToBeReady$0(142)) - Waiting for cluster to be ready. Got 0 of 7 DN Heartbeats.
2019-07-16 14:16:09,881 INFO  impl.RaftServerProxy (RaftServerProxy.java:lambda$start$3(299)) - ce30a503-6e02-452f-ba1f-f207c1d38bf3: start RPC server
2019-07-16 14:16:09,882 INFO  server.GrpcService (GrpcService.java:startImpl(149)) - ce30a503-6e02-452f-ba1f-f207c1d38bf3: GrpcService started, listening on 0.0.0.0/0.0.0.0:43132
2019-07-16 14:16:09,882 INFO  ratis.XceiverServerRatis (XceiverServerRatis.java:start(428)) - XceiverServerRatis ce30a503-6e02-452f-ba1f-f207c1d38bf3 is started using port 43132
2019-07-16 14:16:09,883 INFO  server.XceiverServerGrpc (XceiverServerGrpc.java:start(161)) - XceiverServerGrpc ce30a503-6e02-452f-ba1f-f207c1d38bf3 is started using port 41212
2019-07-16 14:16:10,067 INFO  ozoneimpl.OzoneContainer (OzoneContainer.java:start(186)) - Attempting to start container services.
2019-07-16 14:16:10,067 INFO  ozoneimpl.OzoneContainer (OzoneContainer.java:startContainerScrub(160)) - Background container scrubber has been disabled by hdds.containerscrub.enabled
2019-07-16 14:16:10,068 INFO  ratis.XceiverServerRatis (XceiverServerRatis.java:start(418)) - Starting XceiverServerRatis 5e1f60d6-eb7d-4cb0-856a-7059979ee06b at port 0
2019-07-16 14:16:10,075 INFO  impl.RaftServerProxy (RaftServerProxy.java:lambda$start$3(299)) - 5e1f60d6-eb7d-4cb0-856a-7059979ee06b: start RPC server
2019-07-16 14:16:10,076 INFO  server.GrpcService (GrpcService.java:startImpl(149)) - 5e1f60d6-eb7d-4cb0-856a-7059979ee06b: GrpcService started, listening on 0.0.0.0/0.0.0.0:45673
2019-07-16 14:16:10,076 INFO  ratis.XceiverServerRatis (XceiverServerRatis.java:start(428)) - XceiverServerRatis 5e1f60d6-eb7d-4cb0-856a-7059979ee06b is started using port 45673
2019-07-16 14:16:10,077 INFO  server.XceiverServerGrpc (XceiverServerGrpc.java:start(161)) - XceiverServerGrpc 5e1f60d6-eb7d-4cb0-856a-7059979ee06b is started using port 41120
2019-07-16 14:16:10,241 INFO  ozoneimpl.OzoneContainer (OzoneContainer.java:start(186)) - Attempting to start container services.
2019-07-16 14:16:10,241 INFO  ozoneimpl.OzoneContainer (OzoneContainer.java:startContainerScrub(160)) - Background container scrubber has been disabled by hdds.containerscrub.enabled
2019-07-16 14:16:10,241 INFO  ratis.XceiverServerRatis (XceiverServerRatis.java:start(418)) - Starting XceiverServerRatis 4adb3522-73de-4f4e-a47f-72bc7b8ef86f at port 0
2019-07-16 14:16:10,249 INFO  impl.RaftServerProxy (RaftServerProxy.java:lambda$start$3(299)) - 4adb3522-73de-4f4e-a47f-72bc7b8ef86f: start RPC server
2019-07-16 14:16:10,249 INFO  server.GrpcService (GrpcService.java:startImpl(149)) - 4adb3522-73de-4f4e-a47f-72bc7b8ef86f: GrpcService started, listening on 0.0.0.0/0.0.0.0:44157
2019-07-16 14:16:10,250 INFO  ratis.XceiverServerRatis (XceiverServerRatis.java:start(428)) - XceiverServerRatis 4adb3522-73de-4f4e-a47f-72bc7b8ef86f is started using port 44157
2019-07-16 14:16:10,254 INFO  server.XceiverServerGrpc (XceiverServerGrpc.java:start(161)) - XceiverServerGrpc 4adb3522-73de-4f4e-a47f-72bc7b8ef86f is started using port 45335
2019-07-16 14:16:10,468 INFO  ozoneimpl.OzoneContainer (OzoneContainer.java:start(186)) - Attempting to start container services.
2019-07-16 14:16:10,468 INFO  ozoneimpl.OzoneContainer (OzoneContainer.java:startContainerScrub(160)) - Background container scrubber has been disabled by hdds.containerscrub.enabled
2019-07-16 14:16:10,468 INFO  ratis.XceiverServerRatis (XceiverServerRatis.java:start(418)) - Starting XceiverServerRatis fc8f7ff1-056c-46f0-a227-c32ca347d247 at port 0
2019-07-16 14:16:10,476 INFO  impl.RaftServerProxy (RaftServerProxy.java:lambda$start$3(299)) - fc8f7ff1-056c-46f0-a227-c32ca347d247: start RPC server
2019-07-16 14:16:10,482 INFO  server.GrpcService (GrpcService.java:startImpl(149)) - fc8f7ff1-056c-46f0-a227-c32ca347d247: GrpcService started, listening on 0.0.0.0/0.0.0.0:33283
2019-07-16 14:16:10,482 INFO  ratis.XceiverServerRatis (XceiverServerRatis.java:start(428)) - XceiverServerRatis fc8f7ff1-056c-46f0-a227-c32ca347d247 is started using port 33283
2019-07-16 14:16:10,483 INFO  server.XceiverServerGrpc (XceiverServerGrpc.java:start(161)) - XceiverServerGrpc fc8f7ff1-056c-46f0-a227-c32ca347d247 is started using port 42197
2019-07-16 14:16:10,692 INFO  ozoneimpl.OzoneContainer (OzoneContainer.java:start(186)) - Attempting to start container services.
2019-07-16 14:16:10,692 INFO  ozoneimpl.OzoneContainer (OzoneContainer.java:startContainerScrub(160)) - Background container scrubber has been disabled by hdds.containerscrub.enabled
2019-07-16 14:16:10,692 INFO  ratis.XceiverServerRatis (XceiverServerRatis.java:start(418)) - Starting XceiverServerRatis 7e950948-66b0-4c68-850b-973d12b9b116 at port 0
2019-07-16 14:16:10,700 INFO  impl.RaftServerProxy (RaftServerProxy.java:lambda$start$3(299)) - 7e950948-66b0-4c68-850b-973d12b9b116: start RPC server
2019-07-16 14:16:10,701 INFO  server.GrpcService (GrpcService.java:startImpl(149)) - 7e950948-66b0-4c68-850b-973d12b9b116: GrpcService started, listening on 0.0.0.0/0.0.0.0:45775
2019-07-16 14:16:10,701 INFO  ratis.XceiverServerRatis (XceiverServerRatis.java:start(428)) - XceiverServerRatis 7e950948-66b0-4c68-850b-973d12b9b116 is started using port 45775
2019-07-16 14:16:10,702 INFO  server.XceiverServerGrpc (XceiverServerGrpc.java:start(161)) - XceiverServerGrpc 7e950948-66b0-4c68-850b-973d12b9b116 is started using port 35002
2019-07-16 14:16:10,877 INFO  ozone.MiniOzoneClusterImpl (MiniOzoneClusterImpl.java:lambda$waitForClusterToBeReady$0(142)) - Waiting for cluster to be ready. Got 0 of 7 DN Heartbeats.
2019-07-16 14:16:10,892 INFO  ozoneimpl.OzoneContainer (OzoneContainer.java:start(186)) - Attempting to start container services.
2019-07-16 14:16:10,892 INFO  ozoneimpl.OzoneContainer (OzoneContainer.java:startContainerScrub(160)) - Background container scrubber has been disabled by hdds.containerscrub.enabled
2019-07-16 14:16:10,892 INFO  ratis.XceiverServerRatis (XceiverServerRatis.java:start(418)) - Starting XceiverServerRatis 5624825a-5eac-4f9a-9fe5-6e0d376261c8 at port 0
2019-07-16 14:16:10,899 INFO  impl.RaftServerProxy (RaftServerProxy.java:lambda$start$3(299)) - 5624825a-5eac-4f9a-9fe5-6e0d376261c8: start RPC server
2019-07-16 14:16:10,900 INFO  server.GrpcService (GrpcService.java:startImpl(149)) - 5624825a-5eac-4f9a-9fe5-6e0d376261c8: GrpcService started, listening on 0.0.0.0/0.0.0.0:36660
2019-07-16 14:16:10,900 INFO  ratis.XceiverServerRatis (XceiverServerRatis.java:start(428)) - XceiverServerRatis 5624825a-5eac-4f9a-9fe5-6e0d376261c8 is started using port 36660
2019-07-16 14:16:10,901 INFO  server.XceiverServerGrpc (XceiverServerGrpc.java:start(161)) - XceiverServerGrpc 5624825a-5eac-4f9a-9fe5-6e0d376261c8 is started using port 38287
2019-07-16 14:16:11,695 INFO  net.NetworkTopology (NetworkTopologyImpl.java:add(110)) - Added a new node: /default-rack/192.168.157.241
2019-07-16 14:16:11,699 INFO  node.SCMNodeManager (SCMNodeManager.java:register(269)) - Registered Data node : 888503fb-f734-4c7c-9b82-330fcea6e78c{ip: 192.168.157.241, host: trunk-nightly-gllmw-2332419065, networkLocation: /default-rack, certSerialId: null}
2019-07-16 14:16:11,700 INFO  safemode.SCMSafeModeManager (DataNodeSafeModeRule.java:process(71)) - SCM in safe mode. 1 DataNodes registered, 1 required.
2019-07-16 14:16:11,705 INFO  safemode.SCMSafeModeManager (SCMSafeModeManager.java:validateSafeModeExitRules(177)) - ScmSafeModeManager, all rules are successfully validated
2019-07-16 14:16:11,705 INFO  safemode.SCMSafeModeManager (SCMSafeModeManager.java:exitSafeMode(193)) - SCM exiting safe mode.
2019-07-16 14:16:11,726 INFO  impl.RaftServerProxy (RaftServerProxy.java:addNew(89)) - 888503fb-f734-4c7c-9b82-330fcea6e78c: addNew group-192DB229CA2E:[888503fb-f734-4c7c-9b82-330fcea6e78c:192.168.157.241:40944] returns group-192DB229CA2E:java.util.concurrent.CompletableFuture@5515a8c5[Not completed]
2019-07-16 14:16:11,727 INFO  impl.RaftServerImpl (RaftServerImpl.java:<init>(93)) - 888503fb-f734-4c7c-9b82-330fcea6e78c: new RaftServerImpl for group-192DB229CA2E:[888503fb-f734-4c7c-9b82-330fcea6e78c:192.168.157.241:40944] with ContainerStateMachine:uninitialized
2019-07-16 14:16:11,728 INFO  server.RaftServerConfigKeys (ConfUtils.java:logGet(43)) - raft.server.rpc.timeout.min = 5s (custom)
2019-07-16 14:16:11,728 INFO  server.RaftServerConfigKeys (ConfUtils.java:logGet(43)) - raft.server.rpc.timeout.max = 5200ms (custom)
2019-07-16 14:16:11,728 INFO  server.RaftServerConfigKeys (ConfUtils.java:logGet(43)) - raft.server.rpcslowness.timeout = 120s (custom)
2019-07-16 14:16:11,728 INFO  server.RaftServerConfigKeys (ConfUtils.java:logGet(43)) - raft.server.sleep.deviation.threshold = 300 (default)
2019-07-16 14:16:11,728 INFO  server.RaftServerConfigKeys (ConfUtils.java:logGet(43)) - raft.server.log.appender.install.snapshot.enabled = false (custom)
2019-07-16 14:16:11,728 INFO  impl.RaftServerImpl (ServerState.java:<init>(105)) - 888503fb-f734-4c7c-9b82-330fcea6e78c:group-192DB229CA2E ConfigurationManager, init=-1: [888503fb-f734-4c7c-9b82-330fcea6e78c:192.168.157.241:40944], old=null, confs=<EMPTY_MAP>
2019-07-16 14:16:11,729 INFO  server.RaftServerConfigKeys (ConfUtils.java:logGet(43)) - raft.server.storage.dir = [/workdir/hadoop-ozone/integration-test/target/test-dir/MiniOzoneClusterImpl-1cb566eb-abe6-46fc-8d39-7a473e5c4489/datanode-0/data/ratis] (custom)
2019-07-16 14:16:11,729 INFO  storage.RaftStorageDirectory (RaftStorageDirectory.java:analyzeStorage(246)) - The storage directory /workdir/hadoop-ozone/integration-test/target/test-dir/MiniOzoneClusterImpl-1cb566eb-abe6-46fc-8d39-7a473e5c4489/datanode-0/data/ratis/f9e2ba58-198a-4426-8ccd-192db229ca2e does not exist. Creating ...
2019-07-16 14:16:11,743 INFO  storage.RaftStorageDirectory (RaftStorageDirectory.java:tryLock(328)) - Lock on /workdir/hadoop-ozone/integration-test/target/test-dir/MiniOzoneClusterImpl-1cb566eb-abe6-46fc-8d39-7a473e5c4489/datanode-0/data/ratis/f9e2ba58-198a-4426-8ccd-192db229ca2e/in_use.lock acquired by nodename 10151@trunk-nightly-gllmw-2332419065
2019-07-16 14:16:11,757 INFO  storage.RaftStorage (RaftStorage.java:format(72)) - Storage directory /workdir/hadoop-ozone/integration-test/target/test-dir/MiniOzoneClusterImpl-1cb566eb-abe6-46fc-8d39-7a473e5c4489/datanode-0/data/ratis/f9e2ba58-198a-4426-8ccd-192db229ca2e has been successfully formatted.
2019-07-16 14:16:11,757 INFO  ratis.ContainerStateMachine (ContainerStateMachine.java:loadSnapshot(200)) - group-192DB229CA2E: The snapshot info is null. Setting the last applied indexto:(t:0, i:~)
2019-07-16 14:16:11,757 INFO  server.RaftServerConfigKeys (ConfUtils.java:logGet(43)) - raft.server.leader.election.timeout = 120s (custom)
2019-07-16 14:16:11,757 INFO  server.RaftServerConfigKeys (ConfUtils.java:logGet(43)) - raft.server.log.use.memory = false (default)
2019-07-16 14:16:11,758 INFO  server.RaftServerConfigKeys (ConfUtils.java:logGet(43)) - raft.server.log.purge.gap = 1000000000 (custom)
2019-07-16 14:16:11,758 INFO  server.RaftServerConfigKeys (ConfUtils.java:logGet(43)) - raft.server.log.appender.buffer.byte-limit = 33554432 (custom)
2019-07-16 14:16:11,758 INFO  server.RaftServerConfigKeys (ConfUtils.java:logGet(43)) - raft.server.log.segment.size.max = 1048576 (custom)
2019-07-16 14:16:11,758 INFO  server.RaftServerConfigKeys (ConfUtils.java:logGet(43)) - raft.server.log.segment.cache.num.max = 2 (custom)
2019-07-16 14:16:11,758 INFO  segmented.SegmentedRaftLogWorker (SegmentedRaftLogWorker.java:<init>(172)) - new 888503fb-f734-4c7c-9b82-330fcea6e78c-SegmentedRaftLogWorker:Storage Directory /workdir/hadoop-ozone/integration-test/target/test-dir/MiniOzoneClusterImpl-1cb566eb-abe6-46fc-8d39-7a473e5c4489/datanode-0/data/ratis/f9e2ba58-198a-4426-8ccd-192db229ca2e for RaftStorage:Storage Directory /workdir/hadoop-ozone/integration-test/target/test-dir/MiniOzoneClusterImpl-1cb566eb-abe6-46fc-8d39-7a473e5c4489/datanode-0/data/ratis/f9e2ba58-198a-4426-8ccd-192db229ca2e
2019-07-16 14:16:11,759 INFO  server.RaftServerConfigKeys (ConfUtils.java:logGet(43)) - raft.server.log.queue.byte-limit = 2147483647 (custom)
2019-07-16 14:16:11,759 INFO  server.RaftServerConfigKeys (ConfUtils.java:logGet(43)) - raft.server.log.queue.element-limit = 1024 (custom)
2019-07-16 14:16:11,759 INFO  server.RaftServerConfigKeys (ConfUtils.java:logGet(43)) - raft.server.log.segment.size.max = 1048576 (custom)
2019-07-16 14:16:11,759 INFO  server.RaftServerConfigKeys (ConfUtils.java:logGet(43)) - raft.server.log.preallocated.size = 16384 (custom)
2019-07-16 14:16:11,759 INFO  server.RaftServerConfigKeys (ConfUtils.java:logGet(43)) - raft.server.log.write.buffer.size = 33554432 (custom)
2019-07-16 14:16:11,760 INFO  server.RaftServerConfigKeys (ConfUtils.java:logGet(43)) - raft.server.log.force.sync.num = 128 (default)
2019-07-16 14:16:11,760 INFO  server.RaftServerConfigKeys (ConfUtils.java:logGet(43)) - raft.server.log.statemachine.data.sync = true (default)
2019-07-16 14:16:11,760 INFO  server.RaftServerConfigKeys (ConfUtils.java:logGet(43)) - raft.server.log.statemachine.data.sync.timeout = 10s (default)
2019-07-16 14:16:11,760 INFO  server.RaftServerConfigKeys (ConfUtils.java:logGet(43)) - raft.server.log.statemachine.data.sync.timeout.retry = -1 (default)
2019-07-16 14:16:11,760 INFO  server.RaftServerConfigKeys (ConfUtils.java:logGet(43)) - raft.server.log.statemachine.data.caching.enabled = true (custom)
2019-07-16 14:16:11,761 INFO  segmented.SegmentedRaftLogWorker (SegmentedRaftLogWorker.java:lambda$new$0(132)) - 888503fb-f734-4c7c-9b82-330fcea6e78c-SegmentedRaftLogWorker:Storage Directory /workdir/hadoop-ozone/integration-test/target/test-dir/MiniOzoneClusterImpl-1cb566eb-abe6-46fc-8d39-7a473e5c4489/datanode-0/data/ratis/f9e2ba58-198a-4426-8ccd-192db229ca2e: flushIndex: setUnconditionally 0 -> -1
2019-07-16 14:16:11,761 INFO  server.RaftServerConfigKeys (ConfUtils.java:logGet(43)) - raft.server.snapshot.auto.trigger.enabled = true (custom)
2019-07-16 14:16:11,761 INFO  server.RaftServerConfigKeys (ConfUtils.java:logGet(43)) - raft.server.snapshot.auto.trigger.threshold = 10000 (custom)
2019-07-16 14:16:11,762 INFO  server.RaftServerConfigKeys (ConfUtils.java:logGet(43)) - raft.server.retrycache.expirytime = 600000ms (custom)
2019-07-16 14:16:11,762 INFO  impl.RaftServerImpl (RaftServerImpl.java:start(180)) - 888503fb-f734-4c7c-9b82-330fcea6e78c: start group-192DB229CA2E
2019-07-16 14:16:11,762 INFO  impl.RaftServerImpl (RaftServerImpl.java:setRole(171)) - 888503fb-f734-4c7c-9b82-330fcea6e78c:group-192DB229CA2E changes role from null to FOLLOWER at term 0 for startAsFollower
2019-07-16 14:16:11,762 INFO  impl.RoleInfo (RoleInfo.java:updateAndGet(143)) - 888503fb-f734-4c7c-9b82-330fcea6e78c: start FollowerState
2019-07-16 14:16:11,763 INFO  util.JmxRegister (JmxRegister.java:tryRegister(44)) - Successfully registered JMX Bean with object name Ratis:service=RaftServer,group=group-192DB229CA2E,id=888503fb-f734-4c7c-9b82-330fcea6e78c
2019-07-16 14:16:11,765 INFO  pipeline.PipelineStateManager (PipelineStateManager.java:addPipeline(56)) - Created pipeline Pipeline[ Id: f9e2ba58-198a-4426-8ccd-192db229ca2e, Nodes: 888503fb-f734-4c7c-9b82-330fcea6e78c{ip: 192.168.157.241, host: trunk-nightly-gllmw-2332419065, networkLocation: /default-rack, certSerialId: null}, Type:RATIS, Factor:ONE, State:OPEN]
2019-07-16 14:16:11,868 INFO  node.SCMNodeManager (SCMNodeManager.java:register(269)) - Registered Data node : ce30a503-6e02-452f-ba1f-f207c1d38bf3{ip: 192.168.157.241, host: trunk-nightly-gllmw-2332419065, networkLocation: /default-rack, certSerialId: null}
2019-07-16 14:16:11,879 INFO  impl.RaftServerProxy (RaftServerProxy.java:addNew(89)) - ce30a503-6e02-452f-ba1f-f207c1d38bf3: addNew group-A25F117E491C:[ce30a503-6e02-452f-ba1f-f207c1d38bf3:192.168.157.241:43132] returns group-A25F117E491C:java.util.concurrent.CompletableFuture@59e85d7[Not completed]
2019-07-16 14:16:11,879 INFO  ozone.MiniOzoneClusterImpl (MiniOzoneClusterImpl.java:lambda$waitForClusterToBeReady$0(142)) - Waiting for cluster to be ready. Got 2 of 7 DN Heartbeats.
2019-07-16 14:16:11,880 INFO  impl.RaftServerImpl (RaftServerImpl.java:<init>(93)) - ce30a503-6e02-452f-ba1f-f207c1d38bf3: new RaftServerImpl for group-A25F117E491C:[ce30a503-6e02-452f-ba1f-f207c1d38bf3:192.168.157.241:43132] with ContainerStateMachine:uninitialized
2019-07-16 14:16:11,881 INFO  server.RaftServerConfigKeys (ConfUtils.java:logGet(43)) - raft.server.rpc.timeout.min = 5s (custom)
2019-07-16 14:16:11,881 INFO  server.RaftServerConfigKeys (ConfUtils.java:logGet(43)) - raft.server.rpc.timeout.max = 5200ms (custom)
2019-07-16 14:16:11,881 INFO  server.RaftServerConfigKeys (ConfUtils.java:logGet(43)) - raft.server.rpcslowness.timeout = 120s (custom)
2019-07-16 14:16:11,881 INFO  server.RaftServerConfigKeys (ConfUtils.java:logGet(43)) - raft.server.sleep.deviation.threshold = 300 (default)
2019-07-16 14:16:11,881 INFO  server.RaftServerConfigKeys (ConfUtils.java:logGet(43)) - raft.server.log.appender.install.snapshot.enabled = false (custom)
2019-07-16 14:16:11,881 INFO  impl.RaftServerImpl (ServerState.java:<init>(105)) - ce30a503-6e02-452f-ba1f-f207c1d38bf3:group-A25F117E491C ConfigurationManager, init=-1: [ce30a503-6e02-452f-ba1f-f207c1d38bf3:192.168.157.241:43132], old=null, confs=<EMPTY_MAP>
2019-07-16 14:16:11,881 INFO  server.RaftServerConfigKeys (ConfUtils.java:logGet(43)) - raft.server.storage.dir = [/workdir/hadoop-ozone/integration-test/target/test-dir/MiniOzoneClusterImpl-1cb566eb-abe6-46fc-8d39-7a473e5c4489/datanode-1/data/ratis] (custom)
2019-07-16 14:16:11,882 INFO  storage.RaftStorageDirectory (RaftStorageDirectory.java:analyzeStorage(246)) - The storage directory /workdir/hadoop-ozone/integration-test/target/test-dir/MiniOzoneClusterImpl-1cb566eb-abe6-46fc-8d39-7a473e5c4489/datanode-1/data/ratis/0c6eb97d-4f7e-4772-af0d-a25f117e491c does not exist. Creating ...
2019-07-16 14:16:11,896 INFO  storage.RaftStorageDirectory (RaftStorageDirectory.java:tryLock(328)) - Lock on /workdir/hadoop-ozone/integration-test/target/test-dir/MiniOzoneClusterImpl-1cb566eb-abe6-46fc-8d39-7a473e5c4489/datanode-1/data/ratis/0c6eb97d-4f7e-4772-af0d-a25f117e491c/in_use.lock acquired by nodename 10151@trunk-nightly-gllmw-2332419065
2019-07-16 14:16:11,908 INFO  storage.RaftStorage (RaftStorage.java:format(72)) - Storage directory /workdir/hadoop-ozone/integration-test/target/test-dir/MiniOzoneClusterImpl-1cb566eb-abe6-46fc-8d39-7a473e5c4489/datanode-1/data/ratis/0c6eb97d-4f7e-4772-af0d-a25f117e491c has been successfully formatted.
2019-07-16 14:16:11,909 INFO  ratis.ContainerStateMachine (ContainerStateMachine.java:loadSnapshot(200)) - group-A25F117E491C: The snapshot info is null. Setting the last applied indexto:(t:0, i:~)
2019-07-16 14:16:11,909 INFO  server.RaftServerConfigKeys (ConfUtils.java:logGet(43)) - raft.server.leader.election.timeout = 120s (custom)
2019-07-16 14:16:11,909 INFO  server.RaftServerConfigKeys (ConfUtils.java:logGet(43)) - raft.server.log.use.memory = false (default)
2019-07-16 14:16:11,909 INFO  server.RaftServerConfigKeys (ConfUtils.java:logGet(43)) - raft.server.log.purge.gap = 1000000000 (custom)
2019-07-16 14:16:11,909 INFO  server.RaftServerConfigKeys (ConfUtils.java:logGet(43)) - raft.server.log.appender.buffer.byte-limit = 33554432 (custom)
2019-07-16 14:16:11,910 INFO  server.RaftServerConfigKeys (ConfUtils.java:logGet(43)) - raft.server.log.segment.size.max = 1048576 (custom)
2019-07-16 14:16:11,910 INFO  server.RaftServerConfigKeys (ConfUtils.java:logGet(43)) - raft.server.log.segment.cache.num.max = 2 (custom)
2019-07-16 14:16:11,910 INFO  segmented.SegmentedRaftLogWorker (SegmentedRaftLogWorker.java:<init>(172)) - new ce30a503-6e02-452f-ba1f-f207c1d38bf3-SegmentedRaftLogWorker:Storage Directory /workdir/hadoop-ozone/integration-test/target/test-dir/MiniOzoneClusterImpl-1cb566eb-abe6-46fc-8d39-7a473e5c4489/datanode-1/data/ratis/0c6eb97d-4f7e-4772-af0d-a25f117e491c for RaftStorage:Storage Directory /workdir/hadoop-ozone/integration-test/target/test-dir/MiniOzoneClusterImpl-1cb566eb-abe6-46fc-8d39-7a473e5c4489/datanode-1/data/ratis/0c6eb97d-4f7e-4772-af0d-a25f117e491c
2019-07-16 14:16:11,910 INFO  server.RaftServerConfigKeys (ConfUtils.java:logGet(43)) - raft.server.log.queue.byte-limit = 2147483647 (custom)
2019-07-16 14:16:11,910 INFO  server.RaftServerConfigKeys (ConfUtils.java:logGet(43)) - raft.server.log.queue.element-limit = 1024 (custom)
2019-07-16 14:16:11,910 INFO  server.RaftServerConfigKeys (ConfUtils.java:logGet(43)) - raft.server.log.segment.size.max = 1048576 (custom)
2019-07-16 14:16:11,911 INFO  server.RaftServerConfigKeys (ConfUtils.java:logGet(43)) - raft.server.log.preallocated.size = 16384 (custom)
2019-07-16 14:16:11,911 INFO  server.RaftServerConfigKeys (ConfUtils.java:logGet(43)) - raft.server.log.write.buffer.size = 33554432 (custom)
2019-07-16 14:16:11,911 INFO  server.RaftServerConfigKeys (ConfUtils.java:logGet(43)) - raft.server.log.force.sync.num = 128 (default)
2019-07-16 14:16:11,911 INFO  server.RaftServerConfigKeys (ConfUtils.java:logGet(43)) - raft.server.log.statemachine.data.sync = true (default)
2019-07-16 14:16:11,911 INFO  server.RaftServerConfigKeys (ConfUtils.java:logGet(43)) - raft.server.log.statemachine.data.sync.timeout = 10s (default)
2019-07-16 14:16:11,911 INFO  server.RaftServerConfigKeys (ConfUtils.java:logGet(43)) - raft.server.log.statemachine.data.sync.timeout.retry = -1 (default)
2019-07-16 14:16:11,912 INFO  server.RaftServerConfigKeys (ConfUtils.java:logGet(43)) - raft.server.log.statemachine.data.caching.enabled = true (custom)
2019-07-16 14:16:11,912 INFO  segmented.SegmentedRaftLogWorker (SegmentedRaftLogWorker.java:lambda$new$0(132)) - ce30a503-6e02-452f-ba1f-f207c1d38bf3-SegmentedRaftLogWorker:Storage Directory /workdir/hadoop-ozone/integration-test/target/test-dir/MiniOzoneClusterImpl-1cb566eb-abe6-46fc-8d39-7a473e5c4489/datanode-1/data/ratis/0c6eb97d-4f7e-4772-af0d-a25f117e491c: flushIndex: setUnconditionally 0 -> -1
2019-07-16 14:16:11,912 INFO  server.RaftServerConfigKeys (ConfUtils.java:logGet(43)) - raft.server.snapshot.auto.trigger.enabled = true (custom)
2019-07-16 14:16:11,913 INFO  server.RaftServerConfigKeys (ConfUtils.java:logGet(43)) - raft.server.snapshot.auto.trigger.threshold = 10000 (custom)
2019-07-16 14:16:11,913 INFO  server.RaftServerConfigKeys (ConfUtils.java:logGet(43)) - raft.server.retrycache.expirytime = 600000ms (custom)
2019-07-16 14:16:11,913 INFO  impl.RaftServerImpl (RaftServerImpl.java:start(180)) - ce30a503-6e02-452f-ba1f-f207c1d38bf3: start group-A25F117E491C
2019-07-16 14:16:11,913 INFO  impl.RaftServerImpl (RaftServerImpl.java:setRole(171)) - ce30a503-6e02-452f-ba1f-f207c1d38bf3:group-A25F117E491C changes role from null to FOLLOWER at term 0 for startAsFollower
2019-07-16 14:16:11,913 INFO  impl.RoleInfo (RoleInfo.java:updateAndGet(143)) - ce30a503-6e02-452f-ba1f-f207c1d38bf3: start FollowerState
2019-07-16 14:16:11,914 INFO  util.JmxRegister (JmxRegister.java:tryRegister(44)) - Successfully registered JMX Bean with object name Ratis:service=RaftServer,group=group-A25F117E491C,id=ce30a503-6e02-452f-ba1f-f207c1d38bf3
2019-07-16 14:16:11,916 INFO  pipeline.PipelineStateManager (PipelineStateManager.java:addPipeline(56)) - Created pipeline Pipeline[ Id: 0c6eb97d-4f7e-4772-af0d-a25f117e491c, Nodes: ce30a503-6e02-452f-ba1f-f207c1d38bf3{ip: 192.168.157.241, host: trunk-nightly-gllmw-2332419065, networkLocation: /default-rack, certSerialId: null}, Type:RATIS, Factor:ONE, State:OPEN]
2019-07-16 14:16:12,047 INFO  node.SCMNodeManager (SCMNodeManager.java:register(269)) - Registered Data node : 5e1f60d6-eb7d-4cb0-856a-7059979ee06b{ip: 192.168.157.241, host: trunk-nightly-gllmw-2332419065, networkLocation: /default-rack, certSerialId: null}
2019-07-16 14:16:12,059 INFO  impl.RaftServerProxy (RaftServerProxy.java:addNew(89)) - 5e1f60d6-eb7d-4cb0-856a-7059979ee06b: addNew group-E5D3921D2D54:[5e1f60d6-eb7d-4cb0-856a-7059979ee06b:192.168.157.241:45673] returns group-E5D3921D2D54:java.util.concurrent.CompletableFuture@1397b25a[Not completed]
2019-07-16 14:16:12,060 INFO  impl.RaftServerImpl (RaftServerImpl.java:<init>(93)) - 5e1f60d6-eb7d-4cb0-856a-7059979ee06b: new RaftServerImpl for group-E5D3921D2D54:[5e1f60d6-eb7d-4cb0-856a-7059979ee06b:192.168.157.241:45673] with ContainerStateMachine:uninitialized
2019-07-16 14:16:12,060 INFO  server.RaftServerConfigKeys (ConfUtils.java:logGet(43)) - raft.server.rpc.timeout.min = 5s (custom)
2019-07-16 14:16:12,060 INFO  server.RaftServerConfigKeys (ConfUtils.java:logGet(43)) - raft.server.rpc.timeout.max = 5200ms (custom)
2019-07-16 14:16:12,060 INFO  server.RaftServerConfigKeys (ConfUtils.java:logGet(43)) - raft.server.rpcslowness.timeout = 120s (custom)
2019-07-16 14:16:12,060 INFO  server.RaftServerConfigKeys (ConfUtils.java:logGet(43)) - raft.server.sleep.deviation.threshold = 300 (default)
2019-07-16 14:16:12,060 INFO  server.RaftServerConfigKeys (ConfUtils.java:logGet(43)) - raft.server.log.appender.install.snapshot.enabled = false (custom)
2019-07-16 14:16:12,061 INFO  impl.RaftServerImpl (ServerState.java:<init>(105)) - 5e1f60d6-eb7d-4cb0-856a-7059979ee06b:group-E5D3921D2D54 ConfigurationManager, init=-1: [5e1f60d6-eb7d-4cb0-856a-7059979ee06b:192.168.157.241:45673], old=null, confs=<EMPTY_MAP>
2019-07-16 14:16:12,061 INFO  server.RaftServerConfigKeys (ConfUtils.java:logGet(43)) - raft.server.storage.dir = [/workdir/hadoop-ozone/integration-test/target/test-dir/MiniOzoneClusterImpl-1cb566eb-abe6-46fc-8d39-7a473e5c4489/datanode-2/data/ratis] (custom)
2019-07-16 14:16:12,061 INFO  storage.RaftStorageDirectory (RaftStorageDirectory.java:analyzeStorage(246)) - The storage directory /workdir/hadoop-ozone/integration-test/target/test-dir/MiniOzoneClusterImpl-1cb566eb-abe6-46fc-8d39-7a473e5c4489/datanode-2/data/ratis/194d3101-136f-4f83-b4f6-e5d3921d2d54 does not exist. Creating ...
2019-07-16 14:16:12,075 INFO  storage.RaftStorageDirectory (RaftStorageDirectory.java:tryLock(328)) - Lock on /workdir/hadoop-ozone/integration-test/target/test-dir/MiniOzoneClusterImpl-1cb566eb-abe6-46fc-8d39-7a473e5c4489/datanode-2/data/ratis/194d3101-136f-4f83-b4f6-e5d3921d2d54/in_use.lock acquired by nodename 10151@trunk-nightly-gllmw-2332419065
2019-07-16 14:16:12,088 INFO  storage.RaftStorage (RaftStorage.java:format(72)) - Storage directory /workdir/hadoop-ozone/integration-test/target/test-dir/MiniOzoneClusterImpl-1cb566eb-abe6-46fc-8d39-7a473e5c4489/datanode-2/data/ratis/194d3101-136f-4f83-b4f6-e5d3921d2d54 has been successfully formatted.
2019-07-16 14:16:12,088 INFO  ratis.ContainerStateMachine (ContainerStateMachine.java:loadSnapshot(200)) - group-E5D3921D2D54: The snapshot info is null. Setting the last applied indexto:(t:0, i:~)
2019-07-16 14:16:12,088 INFO  server.RaftServerConfigKeys (ConfUtils.java:logGet(43)) - raft.server.leader.election.timeout = 120s (custom)
2019-07-16 14:16:12,088 INFO  server.RaftServerConfigKeys (ConfUtils.java:logGet(43)) - raft.server.log.use.memory = false (default)
2019-07-16 14:16:12,089 INFO  server.RaftServerConfigKeys (ConfUtils.java:logGet(43)) - raft.server.log.purge.gap = 1000000000 (custom)
2019-07-16 14:16:12,089 INFO  server.RaftServerConfigKeys (ConfUtils.java:logGet(43)) - raft.server.log.appender.buffer.byte-limit = 33554432 (custom)
2019-07-16 14:16:12,089 INFO  server.RaftServerConfigKeys (ConfUtils.java:logGet(43)) - raft.server.log.segment.size.max = 1048576 (custom)
2019-07-16 14:16:12,089 INFO  server.RaftServerConfigKeys (ConfUtils.java:logGet(43)) - raft.server.log.segment.cache.num.max = 2 (custom)
2019-07-16 14:16:12,089 INFO  segmented.SegmentedRaftLogWorker (SegmentedRaftLogWorker.java:<init>(172)) - new 5e1f60d6-eb7d-4cb0-856a-7059979ee06b-SegmentedRaftLogWorker:Storage Directory /workdir/hadoop-ozone/integration-test/target/test-dir/MiniOzoneClusterImpl-1cb566eb-abe6-46fc-8d39-7a473e5c4489/datanode-2/data/ratis/194d3101-136f-4f83-b4f6-e5d3921d2d54 for RaftStorage:Storage Directory /workdir/hadoop-ozone/integration-test/target/test-dir/MiniOzoneClusterImpl-1cb566eb-abe6-46fc-8d39-7a473e5c4489/datanode-2/data/ratis/194d3101-136f-4f83-b4f6-e5d3921d2d54
2019-07-16 14:16:12,089 INFO  server.RaftServerConfigKeys (ConfUtils.java:logGet(43)) - raft.server.log.queue.byte-limit = 2147483647 (custom)
2019-07-16 14:16:12,090 INFO  server.RaftServerConfigKeys (ConfUtils.java:logGet(43)) - raft.server.log.queue.element-limit = 1024 (custom)
2019-07-16 14:16:12,090 INFO  server.RaftServerConfigKeys (ConfUtils.java:logGet(43)) - raft.server.log.segment.size.max = 1048576 (custom)
2019-07-16 14:16:12,090 INFO  server.RaftServerConfigKeys (ConfUtils.java:logGet(43)) - raft.server.log.preallocated.size = 16384 (custom)
2019-07-16 14:16:12,090 INFO  server.RaftServerConfigKeys (ConfUtils.java:logGet(43)) - raft.server.log.write.buffer.size = 33554432 (custom)
2019-07-16 14:16:12,090 INFO  server.RaftServerConfigKeys (ConfUtils.java:logGet(43)) - raft.server.log.force.sync.num = 128 (default)
2019-07-16 14:16:12,090 INFO  server.RaftServerConfigKeys (ConfUtils.java:logGet(43)) - raft.server.log.statemachine.data.sync = true (default)
2019-07-16 14:16:12,091 INFO  server.RaftServerConfigKeys (ConfUtils.java:logGet(43)) - raft.server.log.statemachine.data.sync.timeout = 10s (default)
2019-07-16 14:16:12,091 INFO  server.RaftServerConfigKeys (ConfUtils.java:logGet(43)) - raft.server.log.statemachine.data.sync.timeout.retry = -1 (default)
2019-07-16 14:16:12,091 INFO  server.RaftServerConfigKeys (ConfUtils.java:logGet(43)) - raft.server.log.statemachine.data.caching.enabled = true (custom)
2019-07-16 14:16:12,091 INFO  segmented.SegmentedRaftLogWorker (SegmentedRaftLogWorker.java:lambda$new$0(132)) - 5e1f60d6-eb7d-4cb0-856a-7059979ee06b-SegmentedRaftLogWorker:Storage Directory /workdir/hadoop-ozone/integration-test/target/test-dir/MiniOzoneClusterImpl-1cb566eb-abe6-46fc-8d39-7a473e5c4489/datanode-2/data/ratis/194d3101-136f-4f83-b4f6-e5d3921d2d54: flushIndex: setUnconditionally 0 -> -1
2019-07-16 14:16:12,092 INFO  server.RaftServerConfigKeys (ConfUtils.java:logGet(43)) - raft.server.snapshot.auto.trigger.enabled = true (custom)
2019-07-16 14:16:12,092 INFO  server.RaftServerConfigKeys (ConfUtils.java:logGet(43)) - raft.server.snapshot.auto.trigger.threshold = 10000 (custom)
2019-07-16 14:16:12,092 INFO  server.RaftServerConfigKeys (ConfUtils.java:logGet(43)) - raft.server.retrycache.expirytime = 600000ms (custom)
2019-07-16 14:16:12,092 INFO  impl.RaftServerImpl (RaftServerImpl.java:start(180)) - 5e1f60d6-eb7d-4cb0-856a-7059979ee06b: start group-E5D3921D2D54
2019-07-16 14:16:12,092 INFO  impl.RaftServerImpl (RaftServerImpl.java:setRole(171)) - 5e1f60d6-eb7d-4cb0-856a-7059979ee06b:group-E5D3921D2D54 changes role from null to FOLLOWER at term 0 for startAsFollower
2019-07-16 14:16:12,092 INFO  impl.RoleInfo (RoleInfo.java:updateAndGet(143)) - 5e1f60d6-eb7d-4cb0-856a-7059979ee06b: start FollowerState
2019-07-16 14:16:12,093 INFO  util.JmxRegister (JmxRegister.java:tryRegister(44)) - Successfully registered JMX Bean with object name Ratis:service=RaftServer,group=group-E5D3921D2D54,id=5e1f60d6-eb7d-4cb0-856a-7059979ee06b
2019-07-16 14:16:12,095 INFO  pipeline.PipelineStateManager (PipelineStateManager.java:addPipeline(56)) - Created pipeline Pipeline[ Id: 194d3101-136f-4f83-b4f6-e5d3921d2d54, Nodes: 5e1f60d6-eb7d-4cb0-856a-7059979ee06b{ip: 192.168.157.241, host: trunk-nightly-gllmw-2332419065, networkLocation: /default-rack, certSerialId: null}, Type:RATIS, Factor:ONE, State:OPEN]
2019-07-16 14:16:12,115 INFO  impl.RaftServerProxy (RaftServerProxy.java:addNew(89)) - 5e1f60d6-eb7d-4cb0-856a-7059979ee06b: addNew group-10F3E4DA1DEE:[5e1f60d6-eb7d-4cb0-856a-7059979ee06b:192.168.157.241:45673, ce30a503-6e02-452f-ba1f-f207c1d38bf3:192.168.157.241:43132, 888503fb-f734-4c7c-9b82-330fcea6e78c:192.168.157.241:40944] returns group-10F3E4DA1DEE:java.util.concurrent.CompletableFuture@4982a527[Not completed]
2019-07-16 14:16:12,115 INFO  impl.RaftServerProxy (RaftServerProxy.java:addNew(89)) - ce30a503-6e02-452f-ba1f-f207c1d38bf3: addNew group-10F3E4DA1DEE:[5e1f60d6-eb7d-4cb0-856a-7059979ee06b:192.168.157.241:45673, ce30a503-6e02-452f-ba1f-f207c1d38bf3:192.168.157.241:43132, 888503fb-f734-4c7c-9b82-330fcea6e78c:192.168.157.241:40944] returns group-10F3E4DA1DEE:java.util.concurrent.CompletableFuture@17cad6a8[Not completed]
2019-07-16 14:16:12,115 INFO  impl.RaftServerProxy (RaftServerProxy.java:addNew(89)) - 888503fb-f734-4c7c-9b82-330fcea6e78c: addNew group-10F3E4DA1DEE:[5e1f60d6-eb7d-4cb0-856a-7059979ee06b:192.168.157.241:45673, ce30a503-6e02-452f-ba1f-f207c1d38bf3:192.168.157.241:43132, 888503fb-f734-4c7c-9b82-330fcea6e78c:192.168.157.241:40944] returns group-10F3E4DA1DEE:java.util.concurrent.CompletableFuture@3585fbe7[Not completed]
2019-07-16 14:16:12,116 INFO  impl.RaftServerImpl (RaftServerImpl.java:<init>(93)) - 5e1f60d6-eb7d-4cb0-856a-7059979ee06b: new RaftServerImpl for group-10F3E4DA1DEE:[5e1f60d6-eb7d-4cb0-856a-7059979ee06b:192.168.157.241:45673, ce30a503-6e02-452f-ba1f-f207c1d38bf3:192.168.157.241:43132, 888503fb-f734-4c7c-9b82-330fcea6e78c:192.168.157.241:40944] with ContainerStateMachine:uninitialized
2019-07-16 14:16:12,116 INFO  server.RaftServerConfigKeys (ConfUtils.java:logGet(43)) - raft.server.rpc.timeout.min = 5s (custom)
2019-07-16 14:16:12,117 INFO  server.RaftServerConfigKeys (ConfUtils.java:logGet(43)) - raft.server.rpc.timeout.max = 5200ms (custom)
2019-07-16 14:16:12,117 INFO  server.RaftServerConfigKeys (ConfUtils.java:logGet(43)) - raft.server.rpcslowness.timeout = 120s (custom)
2019-07-16 14:16:12,117 INFO  impl.RaftServerImpl (RaftServerImpl.java:<init>(93)) - 888503fb-f734-4c7c-9b82-330fcea6e78c: new RaftServerImpl for group-10F3E4DA1DEE:[5e1f60d6-eb7d-4cb0-856a-7059979ee06b:192.168.157.241:45673, ce30a503-6e02-452f-ba1f-f207c1d38bf3:192.168.157.241:43132, 888503fb-f734-4c7c-9b82-330fcea6e78c:192.168.157.241:40944] with ContainerStateMachine:uninitialized
2019-07-16 14:16:12,117 INFO  server.RaftServerConfigKeys (ConfUtils.java:logGet(43)) - raft.server.sleep.deviation.threshold = 300 (default)
2019-07-16 14:16:12,117 INFO  server.RaftServerConfigKeys (ConfUtils.java:logGet(43)) - raft.server.rpc.timeout.min = 5s (custom)
2019-07-16 14:16:12,117 INFO  server.RaftServerConfigKeys (ConfUtils.java:logGet(43)) - raft.server.log.appender.install.snapshot.enabled = false (custom)
2019-07-16 14:16:12,117 INFO  impl.RaftServerImpl (RaftServerImpl.java:<init>(93)) - ce30a503-6e02-452f-ba1f-f207c1d38bf3: new RaftServerImpl for group-10F3E4DA1DEE:[5e1f60d6-eb7d-4cb0-856a-7059979ee06b:192.168.157.241:45673, ce30a503-6e02-452f-ba1f-f207c1d38bf3:192.168.157.241:43132, 888503fb-f734-4c7c-9b82-330fcea6e78c:192.168.157.241:40944] with ContainerStateMachine:uninitialized
2019-07-16 14:16:12,117 INFO  server.RaftServerConfigKeys (ConfUtils.java:logGet(43)) - raft.server.rpc.timeout.max = 5200ms (custom)
2019-07-16 14:16:12,118 INFO  server.RaftServerConfigKeys (ConfUtils.java:logGet(43)) - raft.server.rpc.timeout.min = 5s (custom)
2019-07-16 14:16:12,117 INFO  impl.RaftServerImpl (ServerState.java:<init>(105)) - 5e1f60d6-eb7d-4cb0-856a-7059979ee06b:group-10F3E4DA1DEE ConfigurationManager, init=-1: [5e1f60d6-eb7d-4cb0-856a-7059979ee06b:192.168.157.241:45673, ce30a503-6e02-452f-ba1f-f207c1d38bf3:192.168.157.241:43132, 888503fb-f734-4c7c-9b82-330fcea6e78c:192.168.157.241:40944], old=null, confs=<EMPTY_MAP>
2019-07-16 14:16:12,118 INFO  server.RaftServerConfigKeys (ConfUtils.java:logGet(43)) - raft.server.rpc.timeout.max = 5200ms (custom)
2019-07-16 14:16:12,118 INFO  server.RaftServerConfigKeys (ConfUtils.java:logGet(43)) - raft.server.rpcslowness.timeout = 120s (custom)
2019-07-16 14:16:12,118 INFO  server.RaftServerConfigKeys (ConfUtils.java:logGet(43)) - raft.server.rpcslowness.timeout = 120s (custom)
2019-07-16 14:16:12,119 INFO  server.RaftServerConfigKeys (ConfUtils.java:logGet(43)) - raft.server.sleep.deviation.threshold = 300 (default)
2019-07-16 14:16:12,118 INFO  server.RaftServerConfigKeys (ConfUtils.java:logGet(43)) - raft.server.storage.dir = [/workdir/hadoop-ozone/integration-test/target/test-dir/MiniOzoneClusterImpl-1cb566eb-abe6-46fc-8d39-7a473e5c4489/datanode-2/data/ratis] (custom)
2019-07-16 14:16:12,119 INFO  server.RaftServerConfigKeys (ConfUtils.java:logGet(43)) - raft.server.log.appender.install.snapshot.enabled = false (custom)
2019-07-16 14:16:12,118 INFO  server.RaftServerConfigKeys (ConfUtils.java:logGet(43)) - raft.server.sleep.deviation.threshold = 300 (default)
2019-07-16 14:16:12,119 INFO  impl.RaftServerImpl (ServerState.java:<init>(105)) - ce30a503-6e02-452f-ba1f-f207c1d38bf3:group-10F3E4DA1DEE ConfigurationManager, init=-1: [5e1f60d6-eb7d-4cb0-856a-7059979ee06b:192.168.157.241:45673, ce30a503-6e02-452f-ba1f-f207c1d38bf3:192.168.157.241:43132, 888503fb-f734-4c7c-9b82-330fcea6e78c:192.168.157.241:40944], old=null, confs=<EMPTY_MAP>
2019-07-16 14:16:12,119 INFO  storage.RaftStorageDirectory (RaftStorageDirectory.java:analyzeStorage(246)) - The storage directory /workdir/hadoop-ozone/integration-test/target/test-dir/MiniOzoneClusterImpl-1cb566eb-abe6-46fc-8d39-7a473e5c4489/datanode-2/data/ratis/cc903b4a-3d37-49c2-9113-10f3e4da1dee does not exist. Creating ...
2019-07-16 14:16:12,119 INFO  server.RaftServerConfigKeys (ConfUtils.java:logGet(43)) - raft.server.storage.dir = [/workdir/hadoop-ozone/integration-test/target/test-dir/MiniOzoneClusterImpl-1cb566eb-abe6-46fc-8d39-7a473e5c4489/datanode-1/data/ratis] (custom)
2019-07-16 14:16:12,119 INFO  server.RaftServerConfigKeys (ConfUtils.java:logGet(43)) - raft.server.log.appender.install.snapshot.enabled = false (custom)
2019-07-16 14:16:12,120 INFO  impl.RaftServerImpl (ServerState.java:<init>(105)) - 888503fb-f734-4c7c-9b82-330fcea6e78c:group-10F3E4DA1DEE ConfigurationManager, init=-1: [5e1f60d6-eb7d-4cb0-856a-7059979ee06b:192.168.157.241:45673, ce30a503-6e02-452f-ba1f-f207c1d38bf3:192.168.157.241:43132, 888503fb-f734-4c7c-9b82-330fcea6e78c:192.168.157.241:40944], old=null, confs=<EMPTY_MAP>
2019-07-16 14:16:12,120 INFO  storage.RaftStorageDirectory (RaftStorageDirectory.java:analyzeStorage(246)) - The storage directory /workdir/hadoop-ozone/integration-test/target/test-dir/MiniOzoneClusterImpl-1cb566eb-abe6-46fc-8d39-7a473e5c4489/datanode-1/data/ratis/cc903b4a-3d37-49c2-9113-10f3e4da1dee does not exist. Creating ...
2019-07-16 14:16:12,120 INFO  server.RaftServerConfigKeys (ConfUtils.java:logGet(43)) - raft.server.storage.dir = [/workdir/hadoop-ozone/integration-test/target/test-dir/MiniOzoneClusterImpl-1cb566eb-abe6-46fc-8d39-7a473e5c4489/datanode-0/data/ratis] (custom)
2019-07-16 14:16:12,121 INFO  storage.RaftStorageDirectory (RaftStorageDirectory.java:analyzeStorage(246)) - The storage directory /workdir/hadoop-ozone/integration-test/target/test-dir/MiniOzoneClusterImpl-1cb566eb-abe6-46fc-8d39-7a473e5c4489/datanode-0/data/ratis/cc903b4a-3d37-49c2-9113-10f3e4da1dee does not exist. Creating ...
2019-07-16 14:16:12,133 INFO  storage.RaftStorageDirectory (RaftStorageDirectory.java:tryLock(328)) - Lock on /workdir/hadoop-ozone/integration-test/target/test-dir/MiniOzoneClusterImpl-1cb566eb-abe6-46fc-8d39-7a473e5c4489/datanode-2/data/ratis/cc903b4a-3d37-49c2-9113-10f3e4da1dee/in_use.lock acquired by nodename 10151@trunk-nightly-gllmw-2332419065
2019-07-16 14:16:12,133 INFO  storage.RaftStorageDirectory (RaftStorageDirectory.java:tryLock(328)) - Lock on /workdir/hadoop-ozone/integration-test/target/test-dir/MiniOzoneClusterImpl-1cb566eb-abe6-46fc-8d39-7a473e5c4489/datanode-1/data/ratis/cc903b4a-3d37-49c2-9113-10f3e4da1dee/in_use.lock acquired by nodename 10151@trunk-nightly-gllmw-2332419065
2019-07-16 14:16:12,133 INFO  storage.RaftStorageDirectory (RaftStorageDirectory.java:tryLock(328)) - Lock on /workdir/hadoop-ozone/integration-test/target/test-dir/MiniOzoneClusterImpl-1cb566eb-abe6-46fc-8d39-7a473e5c4489/datanode-0/data/ratis/cc903b4a-3d37-49c2-9113-10f3e4da1dee/in_use.lock acquired by nodename 10151@trunk-nightly-gllmw-2332419065
2019-07-16 14:16:12,146 INFO  storage.RaftStorage (RaftStorage.java:format(72)) - Storage directory /workdir/hadoop-ozone/integration-test/target/test-dir/MiniOzoneClusterImpl-1cb566eb-abe6-46fc-8d39-7a473e5c4489/datanode-2/data/ratis/cc903b4a-3d37-49c2-9113-10f3e4da1dee has been successfully formatted.
2019-07-16 14:16:12,146 INFO  storage.RaftStorage (RaftStorage.java:format(72)) - Storage directory /workdir/hadoop-ozone/integration-test/target/test-dir/MiniOzoneClusterImpl-1cb566eb-abe6-46fc-8d39-7a473e5c4489/datanode-0/data/ratis/cc903b4a-3d37-49c2-9113-10f3e4da1dee has been successfully formatted.
2019-07-16 14:16:12,146 INFO  storage.RaftStorage (RaftStorage.java:format(72)) - Storage directory /workdir/hadoop-ozone/integration-test/target/test-dir/MiniOzoneClusterImpl-1cb566eb-abe6-46fc-8d39-7a473e5c4489/datanode-1/data/ratis/cc903b4a-3d37-49c2-9113-10f3e4da1dee has been successfully formatted.
2019-07-16 14:16:12,147 INFO  ratis.ContainerStateMachine (ContainerStateMachine.java:loadSnapshot(200)) - group-10F3E4DA1DEE: The snapshot info is null. Setting the last applied indexto:(t:0, i:~)
2019-07-16 14:16:12,146 INFO  ratis.ContainerStateMachine (ContainerStateMachine.java:loadSnapshot(200)) - group-10F3E4DA1DEE: The snapshot info is null. Setting the last applied indexto:(t:0, i:~)
2019-07-16 14:16:12,147 INFO  server.RaftServerConfigKeys (ConfUtils.java:logGet(43)) - raft.server.leader.election.timeout = 120s (custom)
2019-07-16 14:16:12,147 INFO  ratis.ContainerStateMachine (ContainerStateMachine.java:loadSnapshot(200)) - group-10F3E4DA1DEE: The snapshot info is null. Setting the last applied indexto:(t:0, i:~)
2019-07-16 14:16:12,147 INFO  server.RaftServerConfigKeys (ConfUtils.java:logGet(43)) - raft.server.log.use.memory = false (default)
2019-07-16 14:16:12,147 INFO  server.RaftServerConfigKeys (ConfUtils.java:logGet(43)) - raft.server.leader.election.timeout = 120s (custom)
2019-07-16 14:16:12,147 INFO  server.RaftServerConfigKeys (ConfUtils.java:logGet(43)) - raft.server.log.purge.gap = 1000000000 (custom)
2019-07-16 14:16:12,147 INFO  server.RaftServerConfigKeys (ConfUtils.java:logGet(43)) - raft.server.leader.election.timeout = 120s (custom)
2019-07-16 14:16:12,148 INFO  server.RaftServerConfigKeys (ConfUtils.java:logGet(43)) - raft.server.log.appender.buffer.byte-limit = 33554432 (custom)
2019-07-16 14:16:12,148 INFO  server.RaftServerConfigKeys (ConfUtils.java:logGet(43)) - raft.server.log.use.memory = false (default)
2019-07-16 14:16:12,148 INFO  server.RaftServerConfigKeys (ConfUtils.java:logGet(43)) - raft.server.log.segment.size.max = 1048576 (custom)
2019-07-16 14:16:12,148 INFO  server.RaftServerConfigKeys (ConfUtils.java:logGet(43)) - raft.server.log.use.memory = false (default)
2019-07-16 14:16:12,148 INFO  server.RaftServerConfigKeys (ConfUtils.java:logGet(43)) - raft.server.log.segment.cache.num.max = 2 (custom)
2019-07-16 14:16:12,149 INFO  segmented.SegmentedRaftLogWorker (SegmentedRaftLogWorker.java:<init>(172)) - new 888503fb-f734-4c7c-9b82-330fcea6e78c-SegmentedRaftLogWorker:Storage Directory /workdir/hadoop-ozone/integration-test/target/test-dir/MiniOzoneClusterImpl-1cb566eb-abe6-46fc-8d39-7a473e5c4489/datanode-0/data/ratis/cc903b4a-3d37-49c2-9113-10f3e4da1dee for RaftStorage:Storage Directory /workdir/hadoop-ozone/integration-test/target/test-dir/MiniOzoneClusterImpl-1cb566eb-abe6-46fc-8d39-7a473e5c4489/datanode-0/data/ratis/cc903b4a-3d37-49c2-9113-10f3e4da1dee
2019-07-16 14:16:12,148 INFO  server.RaftServerConfigKeys (ConfUtils.java:logGet(43)) - raft.server.log.purge.gap = 1000000000 (custom)
2019-07-16 14:16:12,149 INFO  server.RaftServerConfigKeys (ConfUtils.java:logGet(43)) - raft.server.log.queue.byte-limit = 2147483647 (custom)
2019-07-16 14:16:12,148 INFO  server.RaftServerConfigKeys (ConfUtils.java:logGet(43)) - raft.server.log.purge.gap = 1000000000 (custom)
2019-07-16 14:16:12,149 INFO  server.RaftServerConfigKeys (ConfUtils.java:logGet(43)) - raft.server.log.queue.element-limit = 1024 (custom)
2019-07-16 14:16:12,149 INFO  server.RaftServerConfigKeys (ConfUtils.java:logGet(43)) - raft.server.log.appender.buffer.byte-limit = 33554432 (custom)
2019-07-16 14:16:12,149 INFO  server.RaftServerConfigKeys (ConfUtils.java:logGet(43)) - raft.server.log.segment.size.max = 1048576 (custom)
2019-07-16 14:16:12,149 INFO  server.RaftServerConfigKeys (ConfUtils.java:logGet(43)) - raft.server.log.appender.buffer.byte-limit = 33554432 (custom)
2019-07-16 14:16:12,150 INFO  server.RaftServerConfigKeys (ConfUtils.java:logGet(43)) - raft.server.log.preallocated.size = 16384 (custom)
2019-07-16 14:16:12,150 INFO  server.RaftServerConfigKeys (ConfUtils.java:logGet(43)) - raft.server.log.segment.size.max = 1048576 (custom)
2019-07-16 14:16:12,150 INFO  server.RaftServerConfigKeys (ConfUtils.java:logGet(43)) - raft.server.log.write.buffer.size = 33554432 (custom)
2019-07-16 14:16:12,150 INFO  server.RaftServerConfigKeys (ConfUtils.java:logGet(43)) - raft.server.log.segment.size.max = 1048576 (custom)
2019-07-16 14:16:12,150 INFO  server.RaftServerConfigKeys (ConfUtils.java:logGet(43)) - raft.server.log.force.sync.num = 128 (default)
2019-07-16 14:16:12,150 INFO  server.RaftServerConfigKeys (ConfUtils.java:logGet(43)) - raft.server.log.segment.cache.num.max = 2 (custom)
2019-07-16 14:16:12,151 INFO  server.RaftServerConfigKeys (ConfUtils.java:logGet(43)) - raft.server.log.statemachine.data.sync = true (default)
2019-07-16 14:16:12,151 INFO  server.RaftServerConfigKeys (ConfUtils.java:logGet(43)) - raft.server.log.segment.cache.num.max = 2 (custom)
2019-07-16 14:16:12,151 INFO  server.RaftServerConfigKeys (ConfUtils.java:logGet(43)) - raft.server.log.statemachine.data.sync.timeout = 10s (default)
2019-07-16 14:16:12,151 INFO  server.RaftServerConfigKeys (ConfUtils.java:logGet(43)) - raft.server.log.statemachine.data.sync.timeout.retry = -1 (default)
2019-07-16 14:16:12,151 INFO  segmented.SegmentedRaftLogWorker (SegmentedRaftLogWorker.java:<init>(172)) - new 5e1f60d6-eb7d-4cb0-856a-7059979ee06b-SegmentedRaftLogWorker:Storage Directory /workdir/hadoop-ozone/integration-test/target/test-dir/MiniOzoneClusterImpl-1cb566eb-abe6-46fc-8d39-7a473e5c4489/datanode-2/data/ratis/cc903b4a-3d37-49c2-9113-10f3e4da1dee for RaftStorage:Storage Directory /workdir/hadoop-ozone/integration-test/target/test-dir/MiniOzoneClusterImpl-1cb566eb-abe6-46fc-8d39-7a473e5c4489/datanode-2/data/ratis/cc903b4a-3d37-49c2-9113-10f3e4da1dee
2019-07-16 14:16:12,152 INFO  server.RaftServerConfigKeys (ConfUtils.java:logGet(43)) - raft.server.log.statemachine.data.caching.enabled = true (custom)
2019-07-16 14:16:12,151 INFO  segmented.SegmentedRaftLogWorker (SegmentedRaftLogWorker.java:<init>(172)) - new ce30a503-6e02-452f-ba1f-f207c1d38bf3-SegmentedRaftLogWorker:Storage Directory /workdir/hadoop-ozone/integration-test/target/test-dir/MiniOzoneClusterImpl-1cb566eb-abe6-46fc-8d39-7a473e5c4489/datanode-1/data/ratis/cc903b4a-3d37-49c2-9113-10f3e4da1dee for RaftStorage:Storage Directory /workdir/hadoop-ozone/integration-test/target/test-dir/MiniOzoneClusterImpl-1cb566eb-abe6-46fc-8d39-7a473e5c4489/datanode-1/data/ratis/cc903b4a-3d37-49c2-9113-10f3e4da1dee
2019-07-16 14:16:12,152 INFO  segmented.SegmentedRaftLogWorker (SegmentedRaftLogWorker.java:lambda$new$0(132)) - 888503fb-f734-4c7c-9b82-330fcea6e78c-SegmentedRaftLogWorker:Storage Directory /workdir/hadoop-ozone/integration-test/target/test-dir/MiniOzoneClusterImpl-1cb566eb-abe6-46fc-8d39-7a473e5c4489/datanode-0/data/ratis/cc903b4a-3d37-49c2-9113-10f3e4da1dee: flushIndex: setUnconditionally 0 -> -1
2019-07-16 14:16:12,152 INFO  server.RaftServerConfigKeys (ConfUtils.java:logGet(43)) - raft.server.log.queue.byte-limit = 2147483647 (custom)
2019-07-16 14:16:12,152 INFO  server.RaftServerConfigKeys (ConfUtils.java:logGet(43)) - raft.server.snapshot.auto.trigger.enabled = true (custom)
2019-07-16 14:16:12,152 INFO  server.RaftServerConfigKeys (ConfUtils.java:logGet(43)) - raft.server.log.queue.byte-limit = 2147483647 (custom)
2019-07-16 14:16:12,153 INFO  server.RaftServerConfigKeys (ConfUtils.java:logGet(43)) - raft.server.snapshot.auto.trigger.threshold = 10000 (custom)
2019-07-16 14:16:12,152 INFO  server.RaftServerConfigKeys (ConfUtils.java:logGet(43)) - raft.server.log.queue.element-limit = 1024 (custom)
2019-07-16 14:16:12,153 INFO  server.RaftServerConfigKeys (ConfUtils.java:logGet(43)) - raft.server.retrycache.expirytime = 600000ms (custom)
2019-07-16 14:16:12,153 INFO  server.RaftServerConfigKeys (ConfUtils.java:logGet(43)) - raft.server.log.queue.element-limit = 1024 (custom)
2019-07-16 14:16:12,153 INFO  impl.RaftServerImpl (RaftServerImpl.java:start(180)) - 888503fb-f734-4c7c-9b82-330fcea6e78c: start group-10F3E4DA1DEE
2019-07-16 14:16:12,153 INFO  server.RaftServerConfigKeys (ConfUtils.java:logGet(43)) - raft.server.log.segment.size.max = 1048576 (custom)
2019-07-16 14:16:12,153 INFO  impl.RaftServerImpl (RaftServerImpl.java:setRole(171)) - 888503fb-f734-4c7c-9b82-330fcea6e78c:group-10F3E4DA1DEE changes role from null to FOLLOWER at term 0 for startAsFollower
2019-07-16 14:16:12,154 INFO  impl.RoleInfo (RoleInfo.java:updateAndGet(143)) - 888503fb-f734-4c7c-9b82-330fcea6e78c: start FollowerState
2019-07-16 14:16:12,153 INFO  server.RaftServerConfigKeys (ConfUtils.java:logGet(43)) - raft.server.log.segment.size.max = 1048576 (custom)
2019-07-16 14:16:12,154 INFO  server.RaftServerConfigKeys (ConfUtils.java:logGet(43)) - raft.server.log.preallocated.size = 16384 (custom)
2019-07-16 14:16:12,154 INFO  util.JmxRegister (JmxRegister.java:tryRegister(44)) - Successfully registered JMX Bean with object name Ratis:service=RaftServer,group=group-10F3E4DA1DEE,id=888503fb-f734-4c7c-9b82-330fcea6e78c
2019-07-16 14:16:12,154 INFO  server.RaftServerConfigKeys (ConfUtils.java:logGet(43)) - raft.server.log.preallocated.size = 16384 (custom)
2019-07-16 14:16:12,155 INFO  server.RaftServerConfigKeys (ConfUtils.java:logGet(43)) - raft.server.log.write.buffer.size = 33554432 (custom)
2019-07-16 14:16:12,154 INFO  server.RaftServerConfigKeys (ConfUtils.java:logGet(43)) - raft.server.log.write.buffer.size = 33554432 (custom)
2019-07-16 14:16:12,155 INFO  server.RaftServerConfigKeys (ConfUtils.java:logGet(43)) - raft.server.log.force.sync.num = 128 (default)
2019-07-16 14:16:12,155 INFO  server.RaftServerConfigKeys (ConfUtils.java:logGet(43)) - raft.server.log.force.sync.num = 128 (default)
2019-07-16 14:16:12,155 INFO  server.RaftServerConfigKeys (ConfUtils.java:logGet(43)) - raft.server.log.statemachine.data.sync = true (default)
2019-07-16 14:16:12,155 INFO  server.RaftServerConfigKeys (ConfUtils.java:logGet(43)) - raft.server.log.statemachine.data.sync = true (default)
2019-07-16 14:16:12,155 INFO  server.RaftServerConfigKeys (ConfUtils.java:logGet(43)) - raft.server.log.statemachine.data.sync.timeout = 10s (default)
2019-07-16 14:16:12,156 INFO  server.RaftServerConfigKeys (ConfUtils.java:logGet(43)) - raft.server.log.statemachine.data.sync.timeout = 10s (default)
2019-07-16 14:16:12,156 INFO  server.RaftServerConfigKeys (ConfUtils.java:logGet(43)) - raft.server.log.statemachine.data.sync.timeout.retry = -1 (default)
2019-07-16 14:16:12,156 INFO  server.RaftServerConfigKeys (ConfUtils.java:logGet(43)) - raft.server.log.statemachine.data.sync.timeout.retry = -1 (default)
2019-07-16 14:16:12,156 INFO  server.RaftServerConfigKeys (ConfUtils.java:logGet(43)) - raft.server.log.statemachine.data.caching.enabled = true (custom)
2019-07-16 14:16:12,156 INFO  server.RaftServerConfigKeys (ConfUtils.java:logGet(43)) - raft.server.log.statemachine.data.caching.enabled = true (custom)
2019-07-16 14:16:12,157 INFO  segmented.SegmentedRaftLogWorker (SegmentedRaftLogWorker.java:lambda$new$0(132)) - ce30a503-6e02-452f-ba1f-f207c1d38bf3-SegmentedRaftLogWorker:Storage Directory /workdir/hadoop-ozone/integration-test/target/test-dir/MiniOzoneClusterImpl-1cb566eb-abe6-46fc-8d39-7a473e5c4489/datanode-1/data/ratis/cc903b4a-3d37-49c2-9113-10f3e4da1dee: flushIndex: setUnconditionally 0 -> -1
2019-07-16 14:16:12,157 INFO  segmented.SegmentedRaftLogWorker (SegmentedRaftLogWorker.java:lambda$new$0(132)) - 5e1f60d6-eb7d-4cb0-856a-7059979ee06b-SegmentedRaftLogWorker:Storage Directory /workdir/hadoop-ozone/integration-test/target/test-dir/MiniOzoneClusterImpl-1cb566eb-abe6-46fc-8d39-7a473e5c4489/datanode-2/data/ratis/cc903b4a-3d37-49c2-9113-10f3e4da1dee: flushIndex: setUnconditionally 0 -> -1
2019-07-16 14:16:12,157 INFO  server.RaftServerConfigKeys (ConfUtils.java:logGet(43)) - raft.server.snapshot.auto.trigger.enabled = true (custom)
2019-07-16 14:16:12,157 INFO  server.RaftServerConfigKeys (ConfUtils.java:logGet(43)) - raft.server.snapshot.auto.trigger.enabled = true (custom)
2019-07-16 14:16:12,157 INFO  server.RaftServerConfigKeys (ConfUtils.java:logGet(43)) - raft.server.snapshot.auto.trigger.threshold = 10000 (custom)
2019-07-16 14:16:12,157 INFO  server.RaftServerConfigKeys (ConfUtils.java:logGet(43)) - raft.server.snapshot.auto.trigger.threshold = 10000 (custom)
2019-07-16 14:16:12,157 INFO  server.RaftServerConfigKeys (ConfUtils.java:logGet(43)) - raft.server.retrycache.expirytime = 600000ms (custom)
2019-07-16 14:16:12,157 INFO  server.RaftServerConfigKeys (ConfUtils.java:logGet(43)) - raft.server.retrycache.expirytime = 600000ms (custom)
2019-07-16 14:16:12,158 INFO  impl.RaftServerImpl (RaftServerImpl.java:start(180)) - ce30a503-6e02-452f-ba1f-f207c1d38bf3: start group-10F3E4DA1DEE
2019-07-16 14:16:12,158 INFO  impl.RaftServerImpl (RaftServerImpl.java:start(180)) - 5e1f60d6-eb7d-4cb0-856a-7059979ee06b: start group-10F3E4DA1DEE
2019-07-16 14:16:12,158 INFO  impl.RaftServerImpl (RaftServerImpl.java:setRole(171)) - ce30a503-6e02-452f-ba1f-f207c1d38bf3:group-10F3E4DA1DEE changes role from null to FOLLOWER at term 0 for startAsFollower
2019-07-16 14:16:12,158 INFO  impl.RaftServerImpl (RaftServerImpl.java:setRole(171)) - 5e1f60d6-eb7d-4cb0-856a-7059979ee06b:group-10F3E4DA1DEE changes role from null to FOLLOWER at term 0 for startAsFollower
2019-07-16 14:16:12,158 INFO  impl.RoleInfo (RoleInfo.java:updateAndGet(143)) - ce30a503-6e02-452f-ba1f-f207c1d38bf3: start FollowerState
2019-07-16 14:16:12,158 INFO  impl.RoleInfo (RoleInfo.java:updateAndGet(143)) - 5e1f60d6-eb7d-4cb0-856a-7059979ee06b: start FollowerState
2019-07-16 14:16:12,159 INFO  util.JmxRegister (JmxRegister.java:tryRegister(44)) - Successfully registered JMX Bean with object name Ratis:service=RaftServer,group=group-10F3E4DA1DEE,id=ce30a503-6e02-452f-ba1f-f207c1d38bf3
2019-07-16 14:16:12,159 INFO  util.JmxRegister (JmxRegister.java:tryRegister(44)) - Successfully registered JMX Bean with object name Ratis:service=RaftServer,group=group-10F3E4DA1DEE,id=5e1f60d6-eb7d-4cb0-856a-7059979ee06b
2019-07-16 14:16:12,161 INFO  pipeline.PipelineStateManager (PipelineStateManager.java:addPipeline(56)) - Created pipeline Pipeline[ Id: cc903b4a-3d37-49c2-9113-10f3e4da1dee, Nodes: 888503fb-f734-4c7c-9b82-330fcea6e78c{ip: 192.168.157.241, host: trunk-nightly-gllmw-2332419065, networkLocation: /default-rack, certSerialId: null}5e1f60d6-eb7d-4cb0-856a-7059979ee06b{ip: 192.168.157.241, host: trunk-nightly-gllmw-2332419065, networkLocation: /default-rack, certSerialId: null}ce30a503-6e02-452f-ba1f-f207c1d38bf3{ip: 192.168.157.241, host: trunk-nightly-gllmw-2332419065, networkLocation: /default-rack, certSerialId: null}, Type:RATIS, Factor:THREE, State:OPEN]
2019-07-16 14:16:12,228 INFO  node.SCMNodeManager (SCMNodeManager.java:register(269)) - Registered Data node : 4adb3522-73de-4f4e-a47f-72bc7b8ef86f{ip: 192.168.157.241, host: trunk-nightly-gllmw-2332419065, networkLocation: /default-rack, certSerialId: null}
2019-07-16 14:16:12,242 INFO  impl.RaftServerProxy (RaftServerProxy.java:addNew(89)) - 4adb3522-73de-4f4e-a47f-72bc7b8ef86f: addNew group-0975EF7EDD28:[4adb3522-73de-4f4e-a47f-72bc7b8ef86f:192.168.157.241:44157] returns group-0975EF7EDD28:java.util.concurrent.CompletableFuture@5880bfd8[Not completed]
2019-07-16 14:16:12,243 INFO  impl.RaftServerImpl (RaftServerImpl.java:<init>(93)) - 4adb3522-73de-4f4e-a47f-72bc7b8ef86f: new RaftServerImpl for group-0975EF7EDD28:[4adb3522-73de-4f4e-a47f-72bc7b8ef86f:192.168.157.241:44157] with ContainerStateMachine:uninitialized
2019-07-16 14:16:12,243 INFO  server.RaftServerConfigKeys (ConfUtils.java:logGet(43)) - raft.server.rpc.timeout.min = 5s (custom)
2019-07-16 14:16:12,243 INFO  server.RaftServerConfigKeys (ConfUtils.java:logGet(43)) - raft.server.rpc.timeout.max = 5200ms (custom)
2019-07-16 14:16:12,244 INFO  server.RaftServerConfigKeys (ConfUtils.java:logGet(43)) - raft.server.rpcslowness.timeout = 120s (custom)
2019-07-16 14:16:12,244 INFO  server.RaftServerConfigKeys (ConfUtils.java:logGet(43)) - raft.server.sleep.deviation.threshold = 300 (default)
2019-07-16 14:16:12,244 INFO  server.RaftServerConfigKeys (ConfUtils.java:logGet(43)) - raft.server.log.appender.install.snapshot.enabled = false (custom)
2019-07-16 14:16:12,244 INFO  impl.RaftServerImpl (ServerState.java:<init>(105)) - 4adb3522-73de-4f4e-a47f-72bc7b8ef86f:group-0975EF7EDD28 ConfigurationManager, init=-1: [4adb3522-73de-4f4e-a47f-72bc7b8ef86f:192.168.157.241:44157], old=null, confs=<EMPTY_MAP>
2019-07-16 14:16:12,244 INFO  server.RaftServerConfigKeys (ConfUtils.java:logGet(43)) - raft.server.storage.dir = [/workdir/hadoop-ozone/integration-test/target/test-dir/MiniOzoneClusterImpl-1cb566eb-abe6-46fc-8d39-7a473e5c4489/datanode-3/data/ratis] (custom)
2019-07-16 14:16:12,245 INFO  storage.RaftStorageDirectory (RaftStorageDirectory.java:analyzeStorage(246)) - The storage directory /workdir/hadoop-ozone/integration-test/target/test-dir/MiniOzoneClusterImpl-1cb566eb-abe6-46fc-8d39-7a473e5c4489/datanode-3/data/ratis/f55f3ac8-5fff-42fb-be35-0975ef7edd28 does not exist. Creating ...
2019-07-16 14:16:12,257 INFO  storage.RaftStorageDirectory (RaftStorageDirectory.java:tryLock(328)) - Lock on /workdir/hadoop-ozone/integration-test/target/test-dir/MiniOzoneClusterImpl-1cb566eb-abe6-46fc-8d39-7a473e5c4489/datanode-3/data/ratis/f55f3ac8-5fff-42fb-be35-0975ef7edd28/in_use.lock acquired by nodename 10151@trunk-nightly-gllmw-2332419065
2019-07-16 14:16:12,270 INFO  storage.RaftStorage (RaftStorage.java:format(72)) - Storage directory /workdir/hadoop-ozone/integration-test/target/test-dir/MiniOzoneClusterImpl-1cb566eb-abe6-46fc-8d39-7a473e5c4489/datanode-3/data/ratis/f55f3ac8-5fff-42fb-be35-0975ef7edd28 has been successfully formatted.
2019-07-16 14:16:12,271 INFO  ratis.ContainerStateMachine (ContainerStateMachine.java:loadSnapshot(200)) - group-0975EF7EDD28: The snapshot info is null. Setting the last applied indexto:(t:0, i:~)
2019-07-16 14:16:12,271 INFO  server.RaftServerConfigKeys (ConfUtils.java:logGet(43)) - raft.server.leader.election.timeout = 120s (custom)
2019-07-16 14:16:12,271 INFO  server.RaftServerConfigKeys (ConfUtils.java:logGet(43)) - raft.server.log.use.memory = false (default)
2019-07-16 14:16:12,271 INFO  server.RaftServerConfigKeys (ConfUtils.java:logGet(43)) - raft.server.log.purge.gap = 1000000000 (custom)
2019-07-16 14:16:12,271 INFO  server.RaftServerConfigKeys (ConfUtils.java:logGet(43)) - raft.server.log.appender.buffer.byte-limit = 33554432 (custom)
2019-07-16 14:16:12,271 INFO  server.RaftServerConfigKeys (ConfUtils.java:logGet(43)) - raft.server.log.segment.size.max = 1048576 (custom)
2019-07-16 14:16:12,272 INFO  server.RaftServerConfigKeys (ConfUtils.java:logGet(43)) - raft.server.log.segment.cache.num.max = 2 (custom)
2019-07-16 14:16:12,272 INFO  segmented.SegmentedRaftLogWorker (SegmentedRaftLogWorker.java:<init>(172)) - new 4adb3522-73de-4f4e-a47f-72bc7b8ef86f-SegmentedRaftLogWorker:Storage Directory /workdir/hadoop-ozone/integration-test/target/test-dir/MiniOzoneClusterImpl-1cb566eb-abe6-46fc-8d39-7a473e5c4489/datanode-3/data/ratis/f55f3ac8-5fff-42fb-be35-0975ef7edd28 for RaftStorage:Storage Directory /workdir/hadoop-ozone/integration-test/target/test-dir/MiniOzoneClusterImpl-1cb566eb-abe6-46fc-8d39-7a473e5c4489/datanode-3/data/ratis/f55f3ac8-5fff-42fb-be35-0975ef7edd28
2019-07-16 14:16:12,272 INFO  server.RaftServerConfigKeys (ConfUtils.java:logGet(43)) - raft.server.log.queue.byte-limit = 2147483647 (custom)
2019-07-16 14:16:12,272 INFO  server.RaftServerConfigKeys (ConfUtils.java:logGet(43)) - raft.server.log.queue.element-limit = 1024 (custom)
2019-07-16 14:16:12,272 INFO  server.RaftServerConfigKeys (ConfUtils.java:logGet(43)) - raft.server.log.segment.size.max = 1048576 (custom)
2019-07-16 14:16:12,273 INFO  server.RaftServerConfigKeys (ConfUtils.java:logGet(43)) - raft.server.log.preallocated.size = 16384 (custom)
2019-07-16 14:16:12,273 INFO  server.RaftServerConfigKeys (ConfUtils.java:logGet(43)) - raft.server.log.write.buffer.size = 33554432 (custom)
2019-07-16 14:16:12,273 INFO  server.RaftServerConfigKeys (ConfUtils.java:logGet(43)) - raft.server.log.force.sync.num = 128 (default)
2019-07-16 14:16:12,273 INFO  server.RaftServerConfigKeys (ConfUtils.java:logGet(43)) - raft.server.log.statemachine.data.sync = true (default)
2019-07-16 14:16:12,273 INFO  server.RaftServerConfigKeys (ConfUtils.java:logGet(43)) - raft.server.log.statemachine.data.sync.timeout = 10s (default)
2019-07-16 14:16:12,273 INFO  server.RaftServerConfigKeys (ConfUtils.java:logGet(43)) - raft.server.log.statemachine.data.sync.timeout.retry = -1 (default)
2019-07-16 14:16:12,274 INFO  server.RaftServerConfigKeys (ConfUtils.java:logGet(43)) - raft.server.log.statemachine.data.caching.enabled = true (custom)
2019-07-16 14:16:12,274 INFO  segmented.SegmentedRaftLogWorker (SegmentedRaftLogWorker.java:lambda$new$0(132)) - 4adb3522-73de-4f4e-a47f-72bc7b8ef86f-SegmentedRaftLogWorker:Storage Directory /workdir/hadoop-ozone/integration-test/target/test-dir/MiniOzoneClusterImpl-1cb566eb-abe6-46fc-8d39-7a473e5c4489/datanode-3/data/ratis/f55f3ac8-5fff-42fb-be35-0975ef7edd28: flushIndex: setUnconditionally 0 -> -1
2019-07-16 14:16:12,274 INFO  server.RaftServerConfigKeys (ConfUtils.java:logGet(43)) - raft.server.snapshot.auto.trigger.enabled = true (custom)
2019-07-16 14:16:12,274 INFO  server.RaftServerConfigKeys (ConfUtils.java:logGet(43)) - raft.server.snapshot.auto.trigger.threshold = 10000 (custom)
2019-07-16 14:16:12,275 INFO  server.RaftServerConfigKeys (ConfUtils.java:logGet(43)) - raft.server.retrycache.expirytime = 600000ms (custom)
2019-07-16 14:16:12,275 INFO  impl.RaftServerImpl (RaftServerImpl.java:start(180)) - 4adb3522-73de-4f4e-a47f-72bc7b8ef86f: start group-0975EF7EDD28
2019-07-16 14:16:12,275 INFO  impl.RaftServerImpl (RaftServerImpl.java:setRole(171)) - 4adb3522-73de-4f4e-a47f-72bc7b8ef86f:group-0975EF7EDD28 changes role from null to FOLLOWER at term 0 for startAsFollower
2019-07-16 14:16:12,275 INFO  impl.RoleInfo (RoleInfo.java:updateAndGet(143)) - 4adb3522-73de-4f4e-a47f-72bc7b8ef86f: start FollowerState
2019-07-16 14:16:12,276 INFO  util.JmxRegister (JmxRegister.java:tryRegister(44)) - Successfully registered JMX Bean with object name Ratis:service=RaftServer,group=group-0975EF7EDD28,id=4adb3522-73de-4f4e-a47f-72bc7b8ef86f
2019-07-16 14:16:12,278 INFO  pipeline.PipelineStateManager (PipelineStateManager.java:addPipeline(56)) - Created pipeline Pipeline[ Id: f55f3ac8-5fff-42fb-be35-0975ef7edd28, Nodes: 4adb3522-73de-4f4e-a47f-72bc7b8ef86f{ip: 192.168.157.241, host: trunk-nightly-gllmw-2332419065, networkLocation: /default-rack, certSerialId: null}, Type:RATIS, Factor:ONE, State:OPEN]
2019-07-16 14:16:12,455 INFO  node.SCMNodeManager (SCMNodeManager.java:register(269)) - Registered Data node : fc8f7ff1-056c-46f0-a227-c32ca347d247{ip: 192.168.157.241, host: trunk-nightly-gllmw-2332419065, networkLocation: /default-rack, certSerialId: null}
2019-07-16 14:16:12,469 INFO  impl.RaftServerProxy (RaftServerProxy.java:addNew(89)) - fc8f7ff1-056c-46f0-a227-c32ca347d247: addNew group-5DDF49B43DBE:[fc8f7ff1-056c-46f0-a227-c32ca347d247:192.168.157.241:33283] returns group-5DDF49B43DBE:java.util.concurrent.CompletableFuture@212fe5e8[Not completed]
2019-07-16 14:16:12,470 INFO  impl.RaftServerImpl (RaftServerImpl.java:<init>(93)) - fc8f7ff1-056c-46f0-a227-c32ca347d247: new RaftServerImpl for group-5DDF49B43DBE:[fc8f7ff1-056c-46f0-a227-c32ca347d247:192.168.157.241:33283] with ContainerStateMachine:uninitialized
2019-07-16 14:16:12,470 INFO  server.RaftServerConfigKeys (ConfUtils.java:logGet(43)) - raft.server.rpc.timeout.min = 5s (custom)
2019-07-16 14:16:12,470 INFO  server.RaftServerConfigKeys (ConfUtils.java:logGet(43)) - raft.server.rpc.timeout.max = 5200ms (custom)
2019-07-16 14:16:12,470 INFO  server.RaftServerConfigKeys (ConfUtils.java:logGet(43)) - raft.server.rpcslowness.timeout = 120s (custom)
2019-07-16 14:16:12,471 INFO  server.RaftServerConfigKeys (ConfUtils.java:logGet(43)) - raft.server.sleep.deviation.threshold = 300 (default)
2019-07-16 14:16:12,471 INFO  server.RaftServerConfigKeys (ConfUtils.java:logGet(43)) - raft.server.log.appender.install.snapshot.enabled = false (custom)
2019-07-16 14:16:12,471 INFO  impl.RaftServerImpl (ServerState.java:<init>(105)) - fc8f7ff1-056c-46f0-a227-c32ca347d247:group-5DDF49B43DBE ConfigurationManager, init=-1: [fc8f7ff1-056c-46f0-a227-c32ca347d247:192.168.157.241:33283], old=null, confs=<EMPTY_MAP>
2019-07-16 14:16:12,471 INFO  server.RaftServerConfigKeys (ConfUtils.java:logGet(43)) - raft.server.storage.dir = [/workdir/hadoop-ozone/integration-test/target/test-dir/MiniOzoneClusterImpl-1cb566eb-abe6-46fc-8d39-7a473e5c4489/datanode-4/data/ratis] (custom)
2019-07-16 14:16:12,472 INFO  storage.RaftStorageDirectory (RaftStorageDirectory.java:analyzeStorage(246)) - The storage directory /workdir/hadoop-ozone/integration-test/target/test-dir/MiniOzoneClusterImpl-1cb566eb-abe6-46fc-8d39-7a473e5c4489/datanode-4/data/ratis/b51a007a-07bc-4197-be4b-5ddf49b43dbe does not exist. Creating ...
2019-07-16 14:16:12,485 INFO  storage.RaftStorageDirectory (RaftStorageDirectory.java:tryLock(328)) - Lock on /workdir/hadoop-ozone/integration-test/target/test-dir/MiniOzoneClusterImpl-1cb566eb-abe6-46fc-8d39-7a473e5c4489/datanode-4/data/ratis/b51a007a-07bc-4197-be4b-5ddf49b43dbe/in_use.lock acquired by nodename 10151@trunk-nightly-gllmw-2332419065
2019-07-16 14:16:12,498 INFO  storage.RaftStorage (RaftStorage.java:format(72)) - Storage directory /workdir/hadoop-ozone/integration-test/target/test-dir/MiniOzoneClusterImpl-1cb566eb-abe6-46fc-8d39-7a473e5c4489/datanode-4/data/ratis/b51a007a-07bc-4197-be4b-5ddf49b43dbe has been successfully formatted.
2019-07-16 14:16:12,499 INFO  ratis.ContainerStateMachine (ContainerStateMachine.java:loadSnapshot(200)) - group-5DDF49B43DBE: The snapshot info is null. Setting the last applied indexto:(t:0, i:~)
2019-07-16 14:16:12,499 INFO  server.RaftServerConfigKeys (ConfUtils.java:logGet(43)) - raft.server.leader.election.timeout = 120s (custom)
2019-07-16 14:16:12,499 INFO  server.RaftServerConfigKeys (ConfUtils.java:logGet(43)) - raft.server.log.use.memory = false (default)
2019-07-16 14:16:12,499 INFO  server.RaftServerConfigKeys (ConfUtils.java:logGet(43)) - raft.server.log.purge.gap = 1000000000 (custom)
2019-07-16 14:16:12,499 INFO  server.RaftServerConfigKeys (ConfUtils.java:logGet(43)) - raft.server.log.appender.buffer.byte-limit = 33554432 (custom)
2019-07-16 14:16:12,500 INFO  server.RaftServerConfigKeys (ConfUtils.java:logGet(43)) - raft.server.log.segment.size.max = 1048576 (custom)
2019-07-16 14:16:12,500 INFO  server.RaftServerConfigKeys (ConfUtils.java:logGet(43)) - raft.server.log.segment.cache.num.max = 2 (custom)
2019-07-16 14:16:12,500 INFO  segmented.SegmentedRaftLogWorker (SegmentedRaftLogWorker.java:<init>(172)) - new fc8f7ff1-056c-46f0-a227-c32ca347d247-SegmentedRaftLogWorker:Storage Directory /workdir/hadoop-ozone/integration-test/target/test-dir/MiniOzoneClusterImpl-1cb566eb-abe6-46fc-8d39-7a473e5c4489/datanode-4/data/ratis/b51a007a-07bc-4197-be4b-5ddf49b43dbe for RaftStorage:Storage Directory /workdir/hadoop-ozone/integration-test/target/test-dir/MiniOzoneClusterImpl-1cb566eb-abe6-46fc-8d39-7a473e5c4489/datanode-4/data/ratis/b51a007a-07bc-4197-be4b-5ddf49b43dbe
2019-07-16 14:16:12,500 INFO  server.RaftServerConfigKeys (ConfUtils.java:logGet(43)) - raft.server.log.queue.byte-limit = 2147483647 (custom)
2019-07-16 14:16:12,500 INFO  server.RaftServerConfigKeys (ConfUtils.java:logGet(43)) - raft.server.log.queue.element-limit = 1024 (custom)
2019-07-16 14:16:12,501 INFO  server.RaftServerConfigKeys (ConfUtils.java:logGet(43)) - raft.server.log.segment.size.max = 1048576 (custom)
2019-07-16 14:16:12,501 INFO  server.RaftServerConfigKeys (ConfUtils.java:logGet(43)) - raft.server.log.preallocated.size = 16384 (custom)
2019-07-16 14:16:12,501 INFO  server.RaftServerConfigKeys (ConfUtils.java:logGet(43)) - raft.server.log.write.buffer.size = 33554432 (custom)
2019-07-16 14:16:12,501 INFO  server.RaftServerConfigKeys (ConfUtils.java:logGet(43)) - raft.server.log.force.sync.num = 128 (default)
2019-07-16 14:16:12,501 INFO  server.RaftServerConfigKeys (ConfUtils.java:logGet(43)) - raft.server.log.statemachine.data.sync = true (default)
2019-07-16 14:16:12,501 INFO  server.RaftServerConfigKeys (ConfUtils.java:logGet(43)) - raft.server.log.statemachine.data.sync.timeout = 10s (default)
2019-07-16 14:16:12,502 INFO  server.RaftServerConfigKeys (ConfUtils.java:logGet(43)) - raft.server.log.statemachine.data.sync.timeout.retry = -1 (default)
2019-07-16 14:16:12,502 INFO  server.RaftServerConfigKeys (ConfUtils.java:logGet(43)) - raft.server.log.statemachine.data.caching.enabled = true (custom)
2019-07-16 14:16:12,502 INFO  segmented.SegmentedRaftLogWorker (SegmentedRaftLogWorker.java:lambda$new$0(132)) - fc8f7ff1-056c-46f0-a227-c32ca347d247-SegmentedRaftLogWorker:Storage Directory /workdir/hadoop-ozone/integration-test/target/test-dir/MiniOzoneClusterImpl-1cb566eb-abe6-46fc-8d39-7a473e5c4489/datanode-4/data/ratis/b51a007a-07bc-4197-be4b-5ddf49b43dbe: flushIndex: setUnconditionally 0 -> -1
2019-07-16 14:16:12,503 INFO  server.RaftServerConfigKeys (ConfUtils.java:logGet(43)) - raft.server.snapshot.auto.trigger.enabled = true (custom)
2019-07-16 14:16:12,503 INFO  server.RaftServerConfigKeys (ConfUtils.java:logGet(43)) - raft.server.snapshot.auto.trigger.threshold = 10000 (custom)
2019-07-16 14:16:12,503 INFO  server.RaftServerConfigKeys (ConfUtils.java:logGet(43)) - raft.server.retrycache.expirytime = 600000ms (custom)
2019-07-16 14:16:12,503 INFO  impl.RaftServerImpl (RaftServerImpl.java:start(180)) - fc8f7ff1-056c-46f0-a227-c32ca347d247: start group-5DDF49B43DBE
2019-07-16 14:16:12,503 INFO  impl.RaftServerImpl (RaftServerImpl.java:setRole(171)) - fc8f7ff1-056c-46f0-a227-c32ca347d247:group-5DDF49B43DBE changes role from null to FOLLOWER at term 0 for startAsFollower
2019-07-16 14:16:12,504 INFO  impl.RoleInfo (RoleInfo.java:updateAndGet(143)) - fc8f7ff1-056c-46f0-a227-c32ca347d247: start FollowerState
2019-07-16 14:16:12,504 INFO  util.JmxRegister (JmxRegister.java:tryRegister(44)) - Successfully registered JMX Bean with object name Ratis:service=RaftServer,group=group-5DDF49B43DBE,id=fc8f7ff1-056c-46f0-a227-c32ca347d247
2019-07-16 14:16:12,507 INFO  pipeline.PipelineStateManager (PipelineStateManager.java:addPipeline(56)) - Created pipeline Pipeline[ Id: b51a007a-07bc-4197-be4b-5ddf49b43dbe, Nodes: fc8f7ff1-056c-46f0-a227-c32ca347d247{ip: 192.168.157.241, host: trunk-nightly-gllmw-2332419065, networkLocation: /default-rack, certSerialId: null}, Type:RATIS, Factor:ONE, State:OPEN]
2019-07-16 14:16:12,679 INFO  node.SCMNodeManager (SCMNodeManager.java:register(269)) - Registered Data node : 7e950948-66b0-4c68-850b-973d12b9b116{ip: 192.168.157.241, host: trunk-nightly-gllmw-2332419065, networkLocation: /default-rack, certSerialId: null}
2019-07-16 14:16:12,691 INFO  impl.RaftServerProxy (RaftServerProxy.java:addNew(89)) - 7e950948-66b0-4c68-850b-973d12b9b116: addNew group-822156170C59:[7e950948-66b0-4c68-850b-973d12b9b116:192.168.157.241:45775] returns group-822156170C59:java.util.concurrent.CompletableFuture@18fe7158[Not completed]
2019-07-16 14:16:12,692 INFO  impl.RaftServerImpl (RaftServerImpl.java:<init>(93)) - 7e950948-66b0-4c68-850b-973d12b9b116: new RaftServerImpl for group-822156170C59:[7e950948-66b0-4c68-850b-973d12b9b116:192.168.157.241:45775] with ContainerStateMachine:uninitialized
2019-07-16 14:16:12,693 INFO  server.RaftServerConfigKeys (ConfUtils.java:logGet(43)) - raft.server.rpc.timeout.min = 5s (custom)
2019-07-16 14:16:12,693 INFO  server.RaftServerConfigKeys (ConfUtils.java:logGet(43)) - raft.server.rpc.timeout.max = 5200ms (custom)
2019-07-16 14:16:12,693 INFO  server.RaftServerConfigKeys (ConfUtils.java:logGet(43)) - raft.server.rpcslowness.timeout = 120s (custom)
2019-07-16 14:16:12,693 INFO  server.RaftServerConfigKeys (ConfUtils.java:logGet(43)) - raft.server.sleep.deviation.threshold = 300 (default)
2019-07-16 14:16:12,693 INFO  server.RaftServerConfigKeys (ConfUtils.java:logGet(43)) - raft.server.log.appender.install.snapshot.enabled = false (custom)
2019-07-16 14:16:12,693 INFO  impl.RaftServerImpl (ServerState.java:<init>(105)) - 7e950948-66b0-4c68-850b-973d12b9b116:group-822156170C59 ConfigurationManager, init=-1: [7e950948-66b0-4c68-850b-973d12b9b116:192.168.157.241:45775], old=null, confs=<EMPTY_MAP>
2019-07-16 14:16:12,694 INFO  server.RaftServerConfigKeys (ConfUtils.java:logGet(43)) - raft.server.storage.dir = [/workdir/hadoop-ozone/integration-test/target/test-dir/MiniOzoneClusterImpl-1cb566eb-abe6-46fc-8d39-7a473e5c4489/datanode-5/data/ratis] (custom)
2019-07-16 14:16:12,694 INFO  storage.RaftStorageDirectory (RaftStorageDirectory.java:analyzeStorage(246)) - The storage directory /workdir/hadoop-ozone/integration-test/target/test-dir/MiniOzoneClusterImpl-1cb566eb-abe6-46fc-8d39-7a473e5c4489/datanode-5/data/ratis/e4b215e7-325f-4615-bd23-822156170c59 does not exist. Creating ...
2019-07-16 14:16:12,707 INFO  storage.RaftStorageDirectory (RaftStorageDirectory.java:tryLock(328)) - Lock on /workdir/hadoop-ozone/integration-test/target/test-dir/MiniOzoneClusterImpl-1cb566eb-abe6-46fc-8d39-7a473e5c4489/datanode-5/data/ratis/e4b215e7-325f-4615-bd23-822156170c59/in_use.lock acquired by nodename 10151@trunk-nightly-gllmw-2332419065
2019-07-16 14:16:12,721 INFO  storage.RaftStorage (RaftStorage.java:format(72)) - Storage directory /workdir/hadoop-ozone/integration-test/target/test-dir/MiniOzoneClusterImpl-1cb566eb-abe6-46fc-8d39-7a473e5c4489/datanode-5/data/ratis/e4b215e7-325f-4615-bd23-822156170c59 has been successfully formatted.
2019-07-16 14:16:12,721 INFO  ratis.ContainerStateMachine (ContainerStateMachine.java:loadSnapshot(200)) - group-822156170C59: The snapshot info is null. Setting the last applied indexto:(t:0, i:~)
2019-07-16 14:16:12,721 INFO  server.RaftServerConfigKeys (ConfUtils.java:logGet(43)) - raft.server.leader.election.timeout = 120s (custom)
2019-07-16 14:16:12,721 INFO  server.RaftServerConfigKeys (ConfUtils.java:logGet(43)) - raft.server.log.use.memory = false (default)
2019-07-16 14:16:12,722 INFO  server.RaftServerConfigKeys (ConfUtils.java:logGet(43)) - raft.server.log.purge.gap = 1000000000 (custom)
2019-07-16 14:16:12,722 INFO  server.RaftServerConfigKeys (ConfUtils.java:logGet(43)) - raft.server.log.appender.buffer.byte-limit = 33554432 (custom)
2019-07-16 14:16:12,722 INFO  server.RaftServerConfigKeys (ConfUtils.java:logGet(43)) - raft.server.log.segment.size.max = 1048576 (custom)
2019-07-16 14:16:12,722 INFO  server.RaftServerConfigKeys (ConfUtils.java:logGet(43)) - raft.server.log.segment.cache.num.max = 2 (custom)
2019-07-16 14:16:12,722 INFO  segmented.SegmentedRaftLogWorker (SegmentedRaftLogWorker.java:<init>(172)) - new 7e950948-66b0-4c68-850b-973d12b9b116-SegmentedRaftLogWorker:Storage Directory /workdir/hadoop-ozone/integration-test/target/test-dir/MiniOzoneClusterImpl-1cb566eb-abe6-46fc-8d39-7a473e5c4489/datanode-5/data/ratis/e4b215e7-325f-4615-bd23-822156170c59 for RaftStorage:Storage Directory /workdir/hadoop-ozone/integration-test/target/test-dir/MiniOzoneClusterImpl-1cb566eb-abe6-46fc-8d39-7a473e5c4489/datanode-5/data/ratis/e4b215e7-325f-4615-bd23-822156170c59
2019-07-16 14:16:12,722 INFO  server.RaftServerConfigKeys (ConfUtils.java:logGet(43)) - raft.server.log.queue.byte-limit = 2147483647 (custom)
2019-07-16 14:16:12,723 INFO  server.RaftServerConfigKeys (ConfUtils.java:logGet(43)) - raft.server.log.queue.element-limit = 1024 (custom)
2019-07-16 14:16:12,723 INFO  server.RaftServerConfigKeys (ConfUtils.java:logGet(43)) - raft.server.log.segment.size.max = 1048576 (custom)
2019-07-16 14:16:12,723 INFO  server.RaftServerConfigKeys (ConfUtils.java:logGet(43)) - raft.server.log.preallocated.size = 16384 (custom)
2019-07-16 14:16:12,723 INFO  server.RaftServerConfigKeys (ConfUtils.java:logGet(43)) - raft.server.log.write.buffer.size = 33554432 (custom)
2019-07-16 14:16:12,723 INFO  server.RaftServerConfigKeys (ConfUtils.java:logGet(43)) - raft.server.log.force.sync.num = 128 (default)
2019-07-16 14:16:12,724 INFO  server.RaftServerConfigKeys (ConfUtils.java:logGet(43)) - raft.server.log.statemachine.data.sync = true (default)
2019-07-16 14:16:12,724 INFO  server.RaftServerConfigKeys (ConfUtils.java:logGet(43)) - raft.server.log.statemachine.data.sync.timeout = 10s (default)
2019-07-16 14:16:12,724 INFO  server.RaftServerConfigKeys (ConfUtils.java:logGet(43)) - raft.server.log.statemachine.data.sync.timeout.retry = -1 (default)
2019-07-16 14:16:12,724 INFO  server.RaftServerConfigKeys (ConfUtils.java:logGet(43)) - raft.server.log.statemachine.data.caching.enabled = true (custom)
2019-07-16 14:16:12,725 INFO  segmented.SegmentedRaftLogWorker (SegmentedRaftLogWorker.java:lambda$new$0(132)) - 7e950948-66b0-4c68-850b-973d12b9b116-SegmentedRaftLogWorker:Storage Directory /workdir/hadoop-ozone/integration-test/target/test-dir/MiniOzoneClusterImpl-1cb566eb-abe6-46fc-8d39-7a473e5c4489/datanode-5/data/ratis/e4b215e7-325f-4615-bd23-822156170c59: flushIndex: setUnconditionally 0 -> -1
2019-07-16 14:16:12,725 INFO  server.RaftServerConfigKeys (ConfUtils.java:logGet(43)) - raft.server.snapshot.auto.trigger.enabled = true (custom)
2019-07-16 14:16:12,725 INFO  server.RaftServerConfigKeys (ConfUtils.java:logGet(43)) - raft.server.snapshot.auto.trigger.threshold = 10000 (custom)
2019-07-16 14:16:12,725 INFO  server.RaftServerConfigKeys (ConfUtils.java:logGet(43)) - raft.server.retrycache.expirytime = 600000ms (custom)
2019-07-16 14:16:12,726 INFO  impl.RaftServerImpl (RaftServerImpl.java:start(180)) - 7e950948-66b0-4c68-850b-973d12b9b116: start group-822156170C59
2019-07-16 14:16:12,726 INFO  impl.RaftServerImpl (RaftServerImpl.java:setRole(171)) - 7e950948-66b0-4c68-850b-973d12b9b116:group-822156170C59 changes role from null to FOLLOWER at term 0 for startAsFollower
2019-07-16 14:16:12,726 INFO  impl.RoleInfo (RoleInfo.java:updateAndGet(143)) - 7e950948-66b0-4c68-850b-973d12b9b116: start FollowerState
2019-07-16 14:16:12,726 INFO  util.JmxRegister (JmxRegister.java:tryRegister(44)) - Successfully registered JMX Bean with object name Ratis:service=RaftServer,group=group-822156170C59,id=7e950948-66b0-4c68-850b-973d12b9b116
2019-07-16 14:16:12,729 INFO  pipeline.PipelineStateManager (PipelineStateManager.java:addPipeline(56)) - Created pipeline Pipeline[ Id: e4b215e7-325f-4615-bd23-822156170c59, Nodes: 7e950948-66b0-4c68-850b-973d12b9b116{ip: 192.168.157.241, host: trunk-nightly-gllmw-2332419065, networkLocation: /default-rack, certSerialId: null}, Type:RATIS, Factor:ONE, State:OPEN]
2019-07-16 14:16:12,755 INFO  impl.RaftServerProxy (RaftServerProxy.java:addNew(89)) - 4adb3522-73de-4f4e-a47f-72bc7b8ef86f: addNew group-ABE7A3F0ACB7:[fc8f7ff1-056c-46f0-a227-c32ca347d247:192.168.157.241:33283, 4adb3522-73de-4f4e-a47f-72bc7b8ef86f:192.168.157.241:44157, 7e950948-66b0-4c68-850b-973d12b9b116:192.168.157.241:45775] returns group-ABE7A3F0ACB7:java.util.concurrent.CompletableFuture@5d346004[Not completed]
2019-07-16 14:16:12,755 INFO  impl.RaftServerProxy (RaftServerProxy.java:addNew(89)) - 7e950948-66b0-4c68-850b-973d12b9b116: addNew group-ABE7A3F0ACB7:[fc8f7ff1-056c-46f0-a227-c32ca347d247:192.168.157.241:33283, 4adb3522-73de-4f4e-a47f-72bc7b8ef86f:192.168.157.241:44157, 7e950948-66b0-4c68-850b-973d12b9b116:192.168.157.241:45775] returns group-ABE7A3F0ACB7:java.util.concurrent.CompletableFuture@4484ec64[Not completed]
2019-07-16 14:16:12,755 INFO  impl.RaftServerProxy (RaftServerProxy.java:addNew(89)) - fc8f7ff1-056c-46f0-a227-c32ca347d247: addNew group-ABE7A3F0ACB7:[fc8f7ff1-056c-46f0-a227-c32ca347d247:192.168.157.241:33283, 4adb3522-73de-4f4e-a47f-72bc7b8ef86f:192.168.157.241:44157, 7e950948-66b0-4c68-850b-973d12b9b116:192.168.157.241:45775] returns group-ABE7A3F0ACB7:java.util.concurrent.CompletableFuture@78810908[Not completed]
2019-07-16 14:16:12,757 INFO  impl.RaftServerImpl (RaftServerImpl.java:<init>(93)) - fc8f7ff1-056c-46f0-a227-c32ca347d247: new RaftServerImpl for group-ABE7A3F0ACB7:[fc8f7ff1-056c-46f0-a227-c32ca347d247:192.168.157.241:33283, 4adb3522-73de-4f4e-a47f-72bc7b8ef86f:192.168.157.241:44157, 7e950948-66b0-4c68-850b-973d12b9b116:192.168.157.241:45775] with ContainerStateMachine:uninitialized
2019-07-16 14:16:12,757 INFO  server.RaftServerConfigKeys (ConfUtils.java:logGet(43)) - raft.server.rpc.timeout.min = 5s (custom)
2019-07-16 14:16:12,757 INFO  server.RaftServerConfigKeys (ConfUtils.java:logGet(43)) - raft.server.rpc.timeout.max = 5200ms (custom)
2019-07-16 14:16:12,757 INFO  server.RaftServerConfigKeys (ConfUtils.java:logGet(43)) - raft.server.rpcslowness.timeout = 120s (custom)
2019-07-16 14:16:12,757 INFO  impl.RaftServerImpl (RaftServerImpl.java:<init>(93)) - 7e950948-66b0-4c68-850b-973d12b9b116: new RaftServerImpl for group-ABE7A3F0ACB7:[fc8f7ff1-056c-46f0-a227-c32ca347d247:192.168.157.241:33283, 4adb3522-73de-4f4e-a47f-72bc7b8ef86f:192.168.157.241:44157, 7e950948-66b0-4c68-850b-973d12b9b116:192.168.157.241:45775] with ContainerStateMachine:uninitialized
2019-07-16 14:16:12,757 INFO  server.RaftServerConfigKeys (ConfUtils.java:logGet(43)) - raft.server.sleep.deviation.threshold = 300 (default)
2019-07-16 14:16:12,757 INFO  server.RaftServerConfigKeys (ConfUtils.java:logGet(43)) - raft.server.rpc.timeout.min = 5s (custom)
2019-07-16 14:16:12,758 INFO  server.RaftServerConfigKeys (ConfUtils.java:logGet(43)) - raft.server.log.appender.install.snapshot.enabled = false (custom)
2019-07-16 14:16:12,758 INFO  impl.RaftServerImpl (RaftServerImpl.java:<init>(93)) - 4adb3522-73de-4f4e-a47f-72bc7b8ef86f: new RaftServerImpl for group-ABE7A3F0ACB7:[fc8f7ff1-056c-46f0-a227-c32ca347d247:192.168.157.241:33283, 4adb3522-73de-4f4e-a47f-72bc7b8ef86f:192.168.157.241:44157, 7e950948-66b0-4c68-850b-973d12b9b116:192.168.157.241:45775] with ContainerStateMachine:uninitialized
2019-07-16 14:16:12,758 INFO  impl.RaftServerImpl (ServerState.java:<init>(105)) - fc8f7ff1-056c-46f0-a227-c32ca347d247:group-ABE7A3F0ACB7 ConfigurationManager, init=-1: [fc8f7ff1-056c-46f0-a227-c32ca347d247:192.168.157.241:33283, 4adb3522-73de-4f4e-a47f-72bc7b8ef86f:192.168.157.241:44157, 7e950948-66b0-4c68-850b-973d12b9b116:192.168.157.241:45775], old=null, confs=<EMPTY_MAP>
2019-07-16 14:16:12,758 INFO  server.RaftServerConfigKeys (ConfUtils.java:logGet(43)) - raft.server.rpc.timeout.max = 5200ms (custom)
2019-07-16 14:16:12,758 INFO  server.RaftServerConfigKeys (ConfUtils.java:logGet(43)) - raft.server.storage.dir = [/workdir/hadoop-ozone/integration-test/target/test-dir/MiniOzoneClusterImpl-1cb566eb-abe6-46fc-8d39-7a473e5c4489/datanode-4/data/ratis] (custom)
2019-07-16 14:16:12,758 INFO  server.RaftServerConfigKeys (ConfUtils.java:logGet(43)) - raft.server.rpc.timeout.min = 5s (custom)
2019-07-16 14:16:12,758 INFO  server.RaftServerConfigKeys (ConfUtils.java:logGet(43)) - raft.server.rpcslowness.timeout = 120s (custom)
2019-07-16 14:16:12,759 INFO  storage.RaftStorageDirectory (RaftStorageDirectory.java:analyzeStorage(246)) - The storage directory /workdir/hadoop-ozone/integration-test/target/test-dir/MiniOzoneClusterImpl-1cb566eb-abe6-46fc-8d39-7a473e5c4489/datanode-4/data/ratis/8b974462-2b2e-4be1-97e6-abe7a3f0acb7 does not exist. Creating ...
2019-07-16 14:16:12,759 INFO  server.RaftServerConfigKeys (ConfUtils.java:logGet(43)) - raft.server.rpc.timeout.max = 5200ms (custom)
2019-07-16 14:16:12,759 INFO  server.RaftServerConfigKeys (ConfUtils.java:logGet(43)) - raft.server.sleep.deviation.threshold = 300 (default)
2019-07-16 14:16:12,759 INFO  server.RaftServerConfigKeys (ConfUtils.java:logGet(43)) - raft.server.rpcslowness.timeout = 120s (custom)
2019-07-16 14:16:12,759 INFO  server.RaftServerConfigKeys (ConfUtils.java:logGet(43)) - raft.server.log.appender.install.snapshot.enabled = false (custom)
2019-07-16 14:16:12,759 INFO  server.RaftServerConfigKeys (ConfUtils.java:logGet(43)) - raft.server.sleep.deviation.threshold = 300 (default)
2019-07-16 14:16:12,760 INFO  impl.RaftServerImpl (ServerState.java:<init>(105)) - 7e950948-66b0-4c68-850b-973d12b9b116:group-ABE7A3F0ACB7 ConfigurationManager, init=-1: [fc8f7ff1-056c-46f0-a227-c32ca347d247:192.168.157.241:33283, 4adb3522-73de-4f4e-a47f-72bc7b8ef86f:192.168.157.241:44157, 7e950948-66b0-4c68-850b-973d12b9b116:192.168.157.241:45775], old=null, confs=<EMPTY_MAP>
2019-07-16 14:16:12,760 INFO  server.RaftServerConfigKeys (ConfUtils.java:logGet(43)) - raft.server.log.appender.install.snapshot.enabled = false (custom)
2019-07-16 14:16:12,760 INFO  server.RaftServerConfigKeys (ConfUtils.java:logGet(43)) - raft.server.storage.dir = [/workdir/hadoop-ozone/integration-test/target/test-dir/MiniOzoneClusterImpl-1cb566eb-abe6-46fc-8d39-7a473e5c4489/datanode-5/data/ratis] (custom)
2019-07-16 14:16:12,760 INFO  impl.RaftServerImpl (ServerState.java:<init>(105)) - 4adb3522-73de-4f4e-a47f-72bc7b8ef86f:group-ABE7A3F0ACB7 ConfigurationManager, init=-1: [fc8f7ff1-056c-46f0-a227-c32ca347d247:192.168.157.241:33283, 4adb3522-73de-4f4e-a47f-72bc7b8ef86f:192.168.157.241:44157, 7e950948-66b0-4c68-850b-973d12b9b116:192.168.157.241:45775], old=null, confs=<EMPTY_MAP>
2019-07-16 14:16:12,760 INFO  server.RaftServerConfigKeys (ConfUtils.java:logGet(43)) - raft.server.storage.dir = [/workdir/hadoop-ozone/integration-test/target/test-dir/MiniOzoneClusterImpl-1cb566eb-abe6-46fc-8d39-7a473e5c4489/datanode-3/data/ratis] (custom)
2019-07-16 14:16:12,761 INFO  storage.RaftStorageDirectory (RaftStorageDirectory.java:analyzeStorage(246)) - The storage directory /workdir/hadoop-ozone/integration-test/target/test-dir/MiniOzoneClusterImpl-1cb566eb-abe6-46fc-8d39-7a473e5c4489/datanode-5/data/ratis/8b974462-2b2e-4be1-97e6-abe7a3f0acb7 does not exist. Creating ...
2019-07-16 14:16:12,761 INFO  storage.RaftStorageDirectory (RaftStorageDirectory.java:analyzeStorage(246)) - The storage directory /workdir/hadoop-ozone/integration-test/target/test-dir/MiniOzoneClusterImpl-1cb566eb-abe6-46fc-8d39-7a473e5c4489/datanode-3/data/ratis/8b974462-2b2e-4be1-97e6-abe7a3f0acb7 does not exist. Creating ...
2019-07-16 14:16:12,772 INFO  storage.RaftStorageDirectory (RaftStorageDirectory.java:tryLock(328)) - Lock on /workdir/hadoop-ozone/integration-test/target/test-dir/MiniOzoneClusterImpl-1cb566eb-abe6-46fc-8d39-7a473e5c4489/datanode-3/data/ratis/8b974462-2b2e-4be1-97e6-abe7a3f0acb7/in_use.lock acquired by nodename 10151@trunk-nightly-gllmw-2332419065
2019-07-16 14:16:12,772 INFO  storage.RaftStorageDirectory (RaftStorageDirectory.java:tryLock(328)) - Lock on /workdir/hadoop-ozone/integration-test/target/test-dir/MiniOzoneClusterImpl-1cb566eb-abe6-46fc-8d39-7a473e5c4489/datanode-4/data/ratis/8b974462-2b2e-4be1-97e6-abe7a3f0acb7/in_use.lock acquired by nodename 10151@trunk-nightly-gllmw-2332419065
2019-07-16 14:16:12,772 INFO  storage.RaftStorageDirectory (RaftStorageDirectory.java:tryLock(328)) - Lock on /workdir/hadoop-ozone/integration-test/target/test-dir/MiniOzoneClusterImpl-1cb566eb-abe6-46fc-8d39-7a473e5c4489/datanode-5/data/ratis/8b974462-2b2e-4be1-97e6-abe7a3f0acb7/in_use.lock acquired by nodename 10151@trunk-nightly-gllmw-2332419065
2019-07-16 14:16:12,787 INFO  storage.RaftStorage (RaftStorage.java:format(72)) - Storage directory /workdir/hadoop-ozone/integration-test/target/test-dir/MiniOzoneClusterImpl-1cb566eb-abe6-46fc-8d39-7a473e5c4489/datanode-4/data/ratis/8b974462-2b2e-4be1-97e6-abe7a3f0acb7 has been successfully formatted.
2019-07-16 14:16:12,787 INFO  storage.RaftStorage (RaftStorage.java:format(72)) - Storage directory /workdir/hadoop-ozone/integration-test/target/test-dir/MiniOzoneClusterImpl-1cb566eb-abe6-46fc-8d39-7a473e5c4489/datanode-3/data/ratis/8b974462-2b2e-4be1-97e6-abe7a3f0acb7 has been successfully formatted.
2019-07-16 14:16:12,787 INFO  storage.RaftStorage (RaftStorage.java:format(72)) - Storage directory /workdir/hadoop-ozone/integration-test/target/test-dir/MiniOzoneClusterImpl-1cb566eb-abe6-46fc-8d39-7a473e5c4489/datanode-5/data/ratis/8b974462-2b2e-4be1-97e6-abe7a3f0acb7 has been successfully formatted.
2019-07-16 14:16:12,787 INFO  ratis.ContainerStateMachine (ContainerStateMachine.java:loadSnapshot(200)) - group-ABE7A3F0ACB7: The snapshot info is null. Setting the last applied indexto:(t:0, i:~)
2019-07-16 14:16:12,787 INFO  ratis.ContainerStateMachine (ContainerStateMachine.java:loadSnapshot(200)) - group-ABE7A3F0ACB7: The snapshot info is null. Setting the last applied indexto:(t:0, i:~)
2019-07-16 14:16:12,787 INFO  ratis.ContainerStateMachine (ContainerStateMachine.java:loadSnapshot(200)) - group-ABE7A3F0ACB7: The snapshot info is null. Setting the last applied indexto:(t:0, i:~)
2019-07-16 14:16:12,788 INFO  server.RaftServerConfigKeys (ConfUtils.java:logGet(43)) - raft.server.leader.election.timeout = 120s (custom)
2019-07-16 14:16:12,787 INFO  server.RaftServerConfigKeys (ConfUtils.java:logGet(43)) - raft.server.leader.election.timeout = 120s (custom)
2019-07-16 14:16:12,788 INFO  server.RaftServerConfigKeys (ConfUtils.java:logGet(43)) - raft.server.log.use.memory = false (default)
2019-07-16 14:16:12,788 INFO  server.RaftServerConfigKeys (ConfUtils.java:logGet(43)) - raft.server.leader.election.timeout = 120s (custom)
2019-07-16 14:16:12,788 INFO  server.RaftServerConfigKeys (ConfUtils.java:logGet(43)) - raft.server.log.purge.gap = 1000000000 (custom)
2019-07-16 14:16:12,788 INFO  server.RaftServerConfigKeys (ConfUtils.java:logGet(43)) - raft.server.log.use.memory = false (default)
2019-07-16 14:16:12,788 INFO  server.RaftServerConfigKeys (ConfUtils.java:logGet(43)) - raft.server.log.appender.buffer.byte-limit = 33554432 (custom)
2019-07-16 14:16:12,788 INFO  server.RaftServerConfigKeys (ConfUtils.java:logGet(43)) - raft.server.log.use.memory = false (default)
2019-07-16 14:16:12,789 INFO  server.RaftServerConfigKeys (ConfUtils.java:logGet(43)) - raft.server.log.segment.size.max = 1048576 (custom)
2019-07-16 14:16:12,789 INFO  server.RaftServerConfigKeys (ConfUtils.java:logGet(43)) - raft.server.log.purge.gap = 1000000000 (custom)
2019-07-16 14:16:12,789 INFO  server.RaftServerConfigKeys (ConfUtils.java:logGet(43)) - raft.server.log.segment.cache.num.max = 2 (custom)
2019-07-16 14:16:12,789 INFO  server.RaftServerConfigKeys (ConfUtils.java:logGet(43)) - raft.server.log.purge.gap = 1000000000 (custom)
2019-07-16 14:16:12,789 INFO  segmented.SegmentedRaftLogWorker (SegmentedRaftLogWorker.java:<init>(172)) - new 7e950948-66b0-4c68-850b-973d12b9b116-SegmentedRaftLogWorker:Storage Directory /workdir/hadoop-ozone/integration-test/target/test-dir/MiniOzoneClusterImpl-1cb566eb-abe6-46fc-8d39-7a473e5c4489/datanode-5/data/ratis/8b974462-2b2e-4be1-97e6-abe7a3f0acb7 for RaftStorage:Storage Directory /workdir/hadoop-ozone/integration-test/target/test-dir/MiniOzoneClusterImpl-1cb566eb-abe6-46fc-8d39-7a473e5c4489/datanode-5/data/ratis/8b974462-2b2e-4be1-97e6-abe7a3f0acb7
2019-07-16 14:16:12,789 INFO  server.RaftServerConfigKeys (ConfUtils.java:logGet(43)) - raft.server.log.appender.buffer.byte-limit = 33554432 (custom)
2019-07-16 14:16:12,790 INFO  server.RaftServerConfigKeys (ConfUtils.java:logGet(43)) - raft.server.log.queue.byte-limit = 2147483647 (custom)
2019-07-16 14:16:12,789 INFO  server.RaftServerConfigKeys (ConfUtils.java:logGet(43)) - raft.server.log.appender.buffer.byte-limit = 33554432 (custom)
2019-07-16 14:16:12,790 INFO  server.RaftServerConfigKeys (ConfUtils.java:logGet(43)) - raft.server.log.queue.element-limit = 1024 (custom)
2019-07-16 14:16:12,790 INFO  server.RaftServerConfigKeys (ConfUtils.java:logGet(43)) - raft.server.log.segment.size.max = 1048576 (custom)
2019-07-16 14:16:12,790 INFO  server.RaftServerConfigKeys (ConfUtils.java:logGet(43)) - raft.server.log.segment.size.max = 1048576 (custom)
2019-07-16 14:16:12,790 INFO  server.RaftServerConfigKeys (ConfUtils.java:logGet(43)) - raft.server.log.segment.size.max = 1048576 (custom)
2019-07-16 14:16:12,791 INFO  server.RaftServerConfigKeys (ConfUtils.java:logGet(43)) - raft.server.log.preallocated.size = 16384 (custom)
2019-07-16 14:16:12,790 INFO  server.RaftServerConfigKeys (ConfUtils.java:logGet(43)) - raft.server.log.segment.cache.num.max = 2 (custom)
2019-07-16 14:16:12,791 INFO  server.RaftServerConfigKeys (ConfUtils.java:logGet(43)) - raft.server.log.write.buffer.size = 33554432 (custom)
2019-07-16 14:16:12,791 INFO  server.RaftServerConfigKeys (ConfUtils.java:logGet(43)) - raft.server.log.force.sync.num = 128 (default)
2019-07-16 14:16:12,791 INFO  server.RaftServerConfigKeys (ConfUtils.java:logGet(43)) - raft.server.log.segment.cache.num.max = 2 (custom)
2019-07-16 14:16:12,791 INFO  server.RaftServerConfigKeys (ConfUtils.java:logGet(43)) - raft.server.log.statemachine.data.sync = true (default)
2019-07-16 14:16:12,791 INFO  segmented.SegmentedRaftLogWorker (SegmentedRaftLogWorker.java:<init>(172)) - new 4adb3522-73de-4f4e-a47f-72bc7b8ef86f-SegmentedRaftLogWorker:Storage Directory /workdir/hadoop-ozone/integration-test/target/test-dir/MiniOzoneClusterImpl-1cb566eb-abe6-46fc-8d39-7a473e5c4489/datanode-3/data/ratis/8b974462-2b2e-4be1-97e6-abe7a3f0acb7 for RaftStorage:Storage Directory /workdir/hadoop-ozone/integration-test/target/test-dir/MiniOzoneClusterImpl-1cb566eb-abe6-46fc-8d39-7a473e5c4489/datanode-3/data/ratis/8b974462-2b2e-4be1-97e6-abe7a3f0acb7
2019-07-16 14:16:12,792 INFO  server.RaftServerConfigKeys (ConfUtils.java:logGet(43)) - raft.server.log.statemachine.data.sync.timeout = 10s (default)
2019-07-16 14:16:12,792 INFO  segmented.SegmentedRaftLogWorker (SegmentedRaftLogWorker.java:<init>(172)) - new fc8f7ff1-056c-46f0-a227-c32ca347d247-SegmentedRaftLogWorker:Storage Directory /workdir/hadoop-ozone/integration-test/target/test-dir/MiniOzoneClusterImpl-1cb566eb-abe6-46fc-8d39-7a473e5c4489/datanode-4/data/ratis/8b974462-2b2e-4be1-97e6-abe7a3f0acb7 for RaftStorage:Storage Directory /workdir/hadoop-ozone/integration-test/target/test-dir/MiniOzoneClusterImpl-1cb566eb-abe6-46fc-8d39-7a473e5c4489/datanode-4/data/ratis/8b974462-2b2e-4be1-97e6-abe7a3f0acb7
2019-07-16 14:16:12,792 INFO  server.RaftServerConfigKeys (ConfUtils.java:logGet(43)) - raft.server.log.statemachine.data.sync.timeout.retry = -1 (default)
2019-07-16 14:16:12,792 INFO  server.RaftServerConfigKeys (ConfUtils.java:logGet(43)) - raft.server.log.queue.byte-limit = 2147483647 (custom)
2019-07-16 14:16:12,792 INFO  server.RaftServerConfigKeys (ConfUtils.java:logGet(43)) - raft.server.log.statemachine.data.caching.enabled = true (custom)
2019-07-16 14:16:12,792 INFO  server.RaftServerConfigKeys (ConfUtils.java:logGet(43)) - raft.server.log.queue.byte-limit = 2147483647 (custom)
2019-07-16 14:16:12,793 INFO  segmented.SegmentedRaftLogWorker (SegmentedRaftLogWorker.java:lambda$new$0(132)) - 7e950948-66b0-4c68-850b-973d12b9b116-SegmentedRaftLogWorker:Storage Directory /workdir/hadoop-ozone/integration-test/target/test-dir/MiniOzoneClusterImpl-1cb566eb-abe6-46fc-8d39-7a473e5c4489/datanode-5/data/ratis/8b974462-2b2e-4be1-97e6-abe7a3f0acb7: flushIndex: setUnconditionally 0 -> -1
2019-07-16 14:16:12,793 INFO  server.RaftServerConfigKeys (ConfUtils.java:logGet(43)) - raft.server.log.queue.element-limit = 1024 (custom)
2019-07-16 14:16:12,793 INFO  server.RaftServerConfigKeys (ConfUtils.java:logGet(43)) - raft.server.log.queue.element-limit = 1024 (custom)
2019-07-16 14:16:12,793 INFO  server.RaftServerConfigKeys (ConfUtils.java:logGet(43)) - raft.server.snapshot.auto.trigger.enabled = true (custom)
2019-07-16 14:16:12,793 INFO  server.RaftServerConfigKeys (ConfUtils.java:logGet(43)) - raft.server.log.segment.size.max = 1048576 (custom)
2019-07-16 14:16:12,793 INFO  server.RaftServerConfigKeys (ConfUtils.java:logGet(43)) - raft.server.snapshot.auto.trigger.threshold = 10000 (custom)
2019-07-16 14:16:12,793 INFO  server.RaftServerConfigKeys (ConfUtils.java:logGet(43)) - raft.server.log.segment.size.max = 1048576 (custom)
2019-07-16 14:16:12,794 INFO  server.RaftServerConfigKeys (ConfUtils.java:logGet(43)) - raft.server.retrycache.expirytime = 600000ms (custom)
2019-07-16 14:16:12,794 INFO  server.RaftServerConfigKeys (ConfUtils.java:logGet(43)) - raft.server.log.preallocated.size = 16384 (custom)
2019-07-16 14:16:12,794 INFO  impl.RaftServerImpl (RaftServerImpl.java:start(180)) - 7e950948-66b0-4c68-850b-973d12b9b116: start group-ABE7A3F0ACB7
2019-07-16 14:16:12,794 INFO  server.RaftServerConfigKeys (ConfUtils.java:logGet(43)) - raft.server.log.preallocated.size = 16384 (custom)
2019-07-16 14:16:12,794 INFO  impl.RaftServerImpl (RaftServerImpl.java:setRole(171)) - 7e950948-66b0-4c68-850b-973d12b9b116:group-ABE7A3F0ACB7 changes role from null to FOLLOWER at term 0 for startAsFollower
2019-07-16 14:16:12,794 INFO  server.RaftServerConfigKeys (ConfUtils.java:logGet(43)) - raft.server.log.write.buffer.size = 33554432 (custom)
2019-07-16 14:16:12,795 INFO  impl.RoleInfo (RoleInfo.java:updateAndGet(143)) - 7e950948-66b0-4c68-850b-973d12b9b116: start FollowerState
2019-07-16 14:16:12,795 INFO  server.RaftServerConfigKeys (ConfUtils.java:logGet(43)) - raft.server.log.write.buffer.size = 33554432 (custom)
2019-07-16 14:16:12,795 INFO  server.RaftServerConfigKeys (ConfUtils.java:logGet(43)) - raft.server.log.force.sync.num = 128 (default)
2019-07-16 14:16:12,795 INFO  util.JmxRegister (JmxRegister.java:tryRegister(44)) - Successfully registered JMX Bean with object name Ratis:service=RaftServer,group=group-ABE7A3F0ACB7,id=7e950948-66b0-4c68-850b-973d12b9b116
2019-07-16 14:16:12,795 INFO  server.RaftServerConfigKeys (ConfUtils.java:logGet(43)) - raft.server.log.force.sync.num = 128 (default)
2019-07-16 14:16:12,795 INFO  server.RaftServerConfigKeys (ConfUtils.java:logGet(43)) - raft.server.log.statemachine.data.sync = true (default)
2019-07-16 14:16:12,796 INFO  server.RaftServerConfigKeys (ConfUtils.java:logGet(43)) - raft.server.log.statemachine.data.sync = true (default)
2019-07-16 14:16:12,796 INFO  server.RaftServerConfigKeys (ConfUtils.java:logGet(43)) - raft.server.log.statemachine.data.sync.timeout = 10s (default)
2019-07-16 14:16:12,796 INFO  server.RaftServerConfigKeys (ConfUtils.java:logGet(43)) - raft.server.log.statemachine.data.sync.timeout = 10s (default)
2019-07-16 14:16:12,796 INFO  server.RaftServerConfigKeys (ConfUtils.java:logGet(43)) - raft.server.log.statemachine.data.sync.timeout.retry = -1 (default)
2019-07-16 14:16:12,796 INFO  server.RaftServerConfigKeys (ConfUtils.java:logGet(43)) - raft.server.log.statemachine.data.sync.timeout.retry = -1 (default)
2019-07-16 14:16:12,797 INFO  server.RaftServerConfigKeys (ConfUtils.java:logGet(43)) - raft.server.log.statemachine.data.caching.enabled = true (custom)
2019-07-16 14:16:12,797 INFO  server.RaftServerConfigKeys (ConfUtils.java:logGet(43)) - raft.server.log.statemachine.data.caching.enabled = true (custom)
2019-07-16 14:16:12,797 INFO  segmented.SegmentedRaftLogWorker (SegmentedRaftLogWorker.java:lambda$new$0(132)) - 4adb3522-73de-4f4e-a47f-72bc7b8ef86f-SegmentedRaftLogWorker:Storage Directory /workdir/hadoop-ozone/integration-test/target/test-dir/MiniOzoneClusterImpl-1cb566eb-abe6-46fc-8d39-7a473e5c4489/datanode-3/data/ratis/8b974462-2b2e-4be1-97e6-abe7a3f0acb7: flushIndex: setUnconditionally 0 -> -1
2019-07-16 14:16:12,797 INFO  segmented.SegmentedRaftLogWorker (SegmentedRaftLogWorker.java:lambda$new$0(132)) - fc8f7ff1-056c-46f0-a227-c32ca347d247-SegmentedRaftLogWorker:Storage Directory /workdir/hadoop-ozone/integration-test/target/test-dir/MiniOzoneClusterImpl-1cb566eb-abe6-46fc-8d39-7a473e5c4489/datanode-4/data/ratis/8b974462-2b2e-4be1-97e6-abe7a3f0acb7: flushIndex: setUnconditionally 0 -> -1
2019-07-16 14:16:12,797 INFO  server.RaftServerConfigKeys (ConfUtils.java:logGet(43)) - raft.server.snapshot.auto.trigger.enabled = true (custom)
2019-07-16 14:16:12,797 INFO  server.RaftServerConfigKeys (ConfUtils.java:logGet(43)) - raft.server.snapshot.auto.trigger.threshold = 10000 (custom)
2019-07-16 14:16:12,798 INFO  server.RaftServerConfigKeys (ConfUtils.java:logGet(43)) - raft.server.snapshot.auto.trigger.enabled = true (custom)
2019-07-16 14:16:12,798 INFO  server.RaftServerConfigKeys (ConfUtils.java:logGet(43)) - raft.server.retrycache.expirytime = 600000ms (custom)
2019-07-16 14:16:12,798 INFO  server.RaftServerConfigKeys (ConfUtils.java:logGet(43)) - raft.server.snapshot.auto.trigger.threshold = 10000 (custom)
2019-07-16 14:16:12,798 INFO  impl.RaftServerImpl (RaftServerImpl.java:start(180)) - 4adb3522-73de-4f4e-a47f-72bc7b8ef86f: start group-ABE7A3F0ACB7
2019-07-16 14:16:12,798 INFO  server.RaftServerConfigKeys (ConfUtils.java:logGet(43)) - raft.server.retrycache.expirytime = 600000ms (custom)
2019-07-16 14:16:12,798 INFO  impl.RaftServerImpl (RaftServerImpl.java:setRole(171)) - 4adb3522-73de-4f4e-a47f-72bc7b8ef86f:group-ABE7A3F0ACB7 changes role from null to FOLLOWER at term 0 for startAsFollower
2019-07-16 14:16:12,798 INFO  impl.RaftServerImpl (RaftServerImpl.java:start(180)) - fc8f7ff1-056c-46f0-a227-c32ca347d247: start group-ABE7A3F0ACB7
2019-07-16 14:16:12,798 INFO  impl.RoleInfo (RoleInfo.java:updateAndGet(143)) - 4adb3522-73de-4f4e-a47f-72bc7b8ef86f: start FollowerState
2019-07-16 14:16:12,798 INFO  impl.RaftServerImpl (RaftServerImpl.java:setRole(171)) - fc8f7ff1-056c-46f0-a227-c32ca347d247:group-ABE7A3F0ACB7 changes role from null to FOLLOWER at term 0 for startAsFollower
2019-07-16 14:16:12,799 INFO  impl.RoleInfo (RoleInfo.java:updateAndGet(143)) - fc8f7ff1-056c-46f0-a227-c32ca347d247: start FollowerState
2019-07-16 14:16:12,799 INFO  util.JmxRegister (JmxRegister.java:tryRegister(44)) - Successfully registered JMX Bean with object name Ratis:service=RaftServer,group=group-ABE7A3F0ACB7,id=4adb3522-73de-4f4e-a47f-72bc7b8ef86f
2019-07-16 14:16:12,799 INFO  util.JmxRegister (JmxRegister.java:tryRegister(44)) - Successfully registered JMX Bean with object name Ratis:service=RaftServer,group=group-ABE7A3F0ACB7,id=fc8f7ff1-056c-46f0-a227-c32ca347d247
2019-07-16 14:16:12,802 INFO  pipeline.PipelineStateManager (PipelineStateManager.java:addPipeline(56)) - Created pipeline Pipeline[ Id: 8b974462-2b2e-4be1-97e6-abe7a3f0acb7, Nodes: fc8f7ff1-056c-46f0-a227-c32ca347d247{ip: 192.168.157.241, host: trunk-nightly-gllmw-2332419065, networkLocation: /default-rack, certSerialId: null}4adb3522-73de-4f4e-a47f-72bc7b8ef86f{ip: 192.168.157.241, host: trunk-nightly-gllmw-2332419065, networkLocation: /default-rack, certSerialId: null}7e950948-66b0-4c68-850b-973d12b9b116{ip: 192.168.157.241, host: trunk-nightly-gllmw-2332419065, networkLocation: /default-rack, certSerialId: null}, Type:RATIS, Factor:THREE, State:OPEN]
2019-07-16 14:16:12,878 INFO  node.SCMNodeManager (SCMNodeManager.java:register(269)) - Registered Data node : 5624825a-5eac-4f9a-9fe5-6e0d376261c8{ip: 192.168.157.241, host: trunk-nightly-gllmw-2332419065, networkLocation: /default-rack, certSerialId: null}
2019-07-16 14:16:12,880 INFO  ozone.MiniOzoneClusterImpl (MiniOzoneClusterImpl.java:lambda$waitForClusterToBeReady$0(142)) - Cluster is ready. Got 7 of 7 DN Heartbeats.
2019-07-16 14:16:12,902 INFO  impl.RaftServerProxy (RaftServerProxy.java:addNew(89)) - 5624825a-5eac-4f9a-9fe5-6e0d376261c8: addNew group-12AED2395C2A:[5624825a-5eac-4f9a-9fe5-6e0d376261c8:192.168.157.241:36660] returns group-12AED2395C2A:java.util.concurrent.CompletableFuture@38881358[Not completed]
2019-07-16 14:16:12,904 INFO  impl.RaftServerImpl (RaftServerImpl.java:<init>(93)) - 5624825a-5eac-4f9a-9fe5-6e0d376261c8: new RaftServerImpl for group-12AED2395C2A:[5624825a-5eac-4f9a-9fe5-6e0d376261c8:192.168.157.241:36660] with ContainerStateMachine:uninitialized
2019-07-16 14:16:12,904 INFO  server.RaftServerConfigKeys (ConfUtils.java:logGet(43)) - raft.server.rpc.timeout.min = 5s (custom)
2019-07-16 14:16:12,904 INFO  server.RaftServerConfigKeys (ConfUtils.java:logGet(43)) - raft.server.rpc.timeout.max = 5200ms (custom)
2019-07-16 14:16:12,904 INFO  server.RaftServerConfigKeys (ConfUtils.java:logGet(43)) - raft.server.rpcslowness.timeout = 120s (custom)
2019-07-16 14:16:12,908 INFO  server.RaftServerConfigKeys (ConfUtils.java:logGet(43)) - raft.server.sleep.deviation.threshold = 300 (default)
2019-07-16 14:16:12,909 INFO  server.RaftServerConfigKeys (ConfUtils.java:logGet(43)) - raft.server.log.appender.install.snapshot.enabled = false (custom)
2019-07-16 14:16:12,909 INFO  impl.RaftServerImpl (ServerState.java:<init>(105)) - 5624825a-5eac-4f9a-9fe5-6e0d376261c8:group-12AED2395C2A ConfigurationManager, init=-1: [5624825a-5eac-4f9a-9fe5-6e0d376261c8:192.168.157.241:36660], old=null, confs=<EMPTY_MAP>
2019-07-16 14:16:12,909 INFO  server.RaftServerConfigKeys (ConfUtils.java:logGet(43)) - raft.server.storage.dir = [/workdir/hadoop-ozone/integration-test/target/test-dir/MiniOzoneClusterImpl-1cb566eb-abe6-46fc-8d39-7a473e5c4489/datanode-6/data/ratis] (custom)
2019-07-16 14:16:12,935 INFO  storage.RaftStorageDirectory (RaftStorageDirectory.java:analyzeStorage(246)) - The storage directory /workdir/hadoop-ozone/integration-test/target/test-dir/MiniOzoneClusterImpl-1cb566eb-abe6-46fc-8d39-7a473e5c4489/datanode-6/data/ratis/90b76520-fcef-47bc-98f2-12aed2395c2a does not exist. Creating ...
2019-07-16 14:16:12,952 INFO  rpc.RpcClient (RpcClient.java:createVolume(287)) - Creating Volume: watchforcommithandlingtest, with jenkins1000 as owner.
2019-07-16 14:16:12,952 INFO  storage.RaftStorageDirectory (RaftStorageDirectory.java:tryLock(328)) - Lock on /workdir/hadoop-ozone/integration-test/target/test-dir/MiniOzoneClusterImpl-1cb566eb-abe6-46fc-8d39-7a473e5c4489/datanode-6/data/ratis/90b76520-fcef-47bc-98f2-12aed2395c2a/in_use.lock acquired by nodename 10151@trunk-nightly-gllmw-2332419065
2019-07-16 14:16:12,967 INFO  storage.RaftStorage (RaftStorage.java:format(72)) - Storage directory /workdir/hadoop-ozone/integration-test/target/test-dir/MiniOzoneClusterImpl-1cb566eb-abe6-46fc-8d39-7a473e5c4489/datanode-6/data/ratis/90b76520-fcef-47bc-98f2-12aed2395c2a has been successfully formatted.
2019-07-16 14:16:12,970 INFO  ratis.ContainerStateMachine (ContainerStateMachine.java:loadSnapshot(200)) - group-12AED2395C2A: The snapshot info is null. Setting the last applied indexto:(t:0, i:~)
2019-07-16 14:16:12,970 INFO  server.RaftServerConfigKeys (ConfUtils.java:logGet(43)) - raft.server.leader.election.timeout = 120s (custom)
2019-07-16 14:16:12,970 INFO  server.RaftServerConfigKeys (ConfUtils.java:logGet(43)) - raft.server.log.use.memory = false (default)
2019-07-16 14:16:12,970 INFO  server.RaftServerConfigKeys (ConfUtils.java:logGet(43)) - raft.server.log.purge.gap = 1000000000 (custom)
2019-07-16 14:16:12,970 INFO  rpc.RpcClient (RpcClient.java:createBucket(424)) - Creating Bucket: watchforcommithandlingtest/watchforcommithandlingtest, with Versioning false and Storage Type set to DISK and Encryption set to false 
2019-07-16 14:16:12,971 INFO  server.RaftServerConfigKeys (ConfUtils.java:logGet(43)) - raft.server.log.appender.buffer.byte-limit = 33554432 (custom)
2019-07-16 14:16:12,971 INFO  server.RaftServerConfigKeys (ConfUtils.java:logGet(43)) - raft.server.log.segment.size.max = 1048576 (custom)
2019-07-16 14:16:12,971 INFO  server.RaftServerConfigKeys (ConfUtils.java:logGet(43)) - raft.server.log.segment.cache.num.max = 2 (custom)
2019-07-16 14:16:12,971 INFO  segmented.SegmentedRaftLogWorker (SegmentedRaftLogWorker.java:<init>(172)) - new 5624825a-5eac-4f9a-9fe5-6e0d376261c8-SegmentedRaftLogWorker:Storage Directory /workdir/hadoop-ozone/integration-test/target/test-dir/MiniOzoneClusterImpl-1cb566eb-abe6-46fc-8d39-7a473e5c4489/datanode-6/data/ratis/90b76520-fcef-47bc-98f2-12aed2395c2a for RaftStorage:Storage Directory /workdir/hadoop-ozone/integration-test/target/test-dir/MiniOzoneClusterImpl-1cb566eb-abe6-46fc-8d39-7a473e5c4489/datanode-6/data/ratis/90b76520-fcef-47bc-98f2-12aed2395c2a
2019-07-16 14:16:12,972 INFO  server.RaftServerConfigKeys (ConfUtils.java:logGet(43)) - raft.server.log.queue.byte-limit = 2147483647 (custom)
2019-07-16 14:16:12,972 INFO  server.RaftServerConfigKeys (ConfUtils.java:logGet(43)) - raft.server.log.queue.element-limit = 1024 (custom)
2019-07-16 14:16:12,975 INFO  server.RaftServerConfigKeys (ConfUtils.java:logGet(43)) - raft.server.log.segment.size.max = 1048576 (custom)
2019-07-16 14:16:12,975 INFO  server.RaftServerConfigKeys (ConfUtils.java:logGet(43)) - raft.server.log.preallocated.size = 16384 (custom)
2019-07-16 14:16:12,975 INFO  server.RaftServerConfigKeys (ConfUtils.java:logGet(43)) - raft.server.log.write.buffer.size = 33554432 (custom)
2019-07-16 14:16:12,975 INFO  server.RaftServerConfigKeys (ConfUtils.java:logGet(43)) - raft.server.log.force.sync.num = 128 (default)
2019-07-16 14:16:12,975 INFO  server.RaftServerConfigKeys (ConfUtils.java:logGet(43)) - raft.server.log.statemachine.data.sync = true (default)
2019-07-16 14:16:12,975 INFO  ozone.MiniOzoneClusterImpl (MiniOzoneClusterImpl.java:getStorageContainerLocationClient(241)) - Creating StorageContainerLocationProtocol RPC client with address /0.0.0.0:35565
2019-07-16 14:16:12,975 INFO  server.RaftServerConfigKeys (ConfUtils.java:logGet(43)) - raft.server.log.statemachine.data.sync.timeout = 10s (default)
2019-07-16 14:16:12,976 INFO  server.RaftServerConfigKeys (ConfUtils.java:logGet(43)) - raft.server.log.statemachine.data.sync.timeout.retry = -1 (default)
2019-07-16 14:16:12,976 INFO  server.RaftServerConfigKeys (ConfUtils.java:logGet(43)) - raft.server.log.statemachine.data.caching.enabled = true (custom)
2019-07-16 14:16:12,977 INFO  segmented.SegmentedRaftLogWorker (SegmentedRaftLogWorker.java:lambda$new$0(132)) - 5624825a-5eac-4f9a-9fe5-6e0d376261c8-SegmentedRaftLogWorker:Storage Directory /workdir/hadoop-ozone/integration-test/target/test-dir/MiniOzoneClusterImpl-1cb566eb-abe6-46fc-8d39-7a473e5c4489/datanode-6/data/ratis/90b76520-fcef-47bc-98f2-12aed2395c2a: flushIndex: setUnconditionally 0 -> -1
2019-07-16 14:16:12,977 INFO  server.RaftServerConfigKeys (ConfUtils.java:logGet(43)) - raft.server.snapshot.auto.trigger.enabled = true (custom)
2019-07-16 14:16:12,977 INFO  server.RaftServerConfigKeys (ConfUtils.java:logGet(43)) - raft.server.snapshot.auto.trigger.threshold = 10000 (custom)
2019-07-16 14:16:12,977 INFO  server.RaftServerConfigKeys (ConfUtils.java:logGet(43)) - raft.server.retrycache.expirytime = 600000ms (custom)
2019-07-16 14:16:12,978 INFO  impl.RaftServerImpl (RaftServerImpl.java:start(180)) - 5624825a-5eac-4f9a-9fe5-6e0d376261c8: start group-12AED2395C2A
2019-07-16 14:16:12,978 INFO  impl.RaftServerImpl (RaftServerImpl.java:setRole(171)) - 5624825a-5eac-4f9a-9fe5-6e0d376261c8:group-12AED2395C2A changes role from null to FOLLOWER at term 0 for startAsFollower
2019-07-16 14:16:12,978 INFO  impl.RoleInfo (RoleInfo.java:updateAndGet(143)) - 5624825a-5eac-4f9a-9fe5-6e0d376261c8: start FollowerState
2019-07-16 14:16:12,978 INFO  util.JmxRegister (JmxRegister.java:tryRegister(44)) - Successfully registered JMX Bean with object name Ratis:service=RaftServer,group=group-12AED2395C2A,id=5624825a-5eac-4f9a-9fe5-6e0d376261c8
2019-07-16 14:16:12,980 INFO  pipeline.PipelineStateManager (PipelineStateManager.java:addPipeline(56)) - Created pipeline Pipeline[ Id: 90b76520-fcef-47bc-98f2-12aed2395c2a, Nodes: 5624825a-5eac-4f9a-9fe5-6e0d376261c8{ip: 192.168.157.241, host: trunk-nightly-gllmw-2332419065, networkLocation: /default-rack, certSerialId: null}, Type:RATIS, Factor:ONE, State:OPEN]
2019-07-16 14:16:13,003 INFO  client.GrpcClientProtocolClient (GrpcClientProtocolClient.java:onNext(255)) - client-C7635513F02A->888503fb-f734-4c7c-9b82-330fcea6e78c: receive RaftClientReply:client-C7635513F02A->888503fb-f734-4c7c-9b82-330fcea6e78c@group-10F3E4DA1DEE, cid=91, FAILED org.apache.ratis.protocol.NotLeaderException: Server 888503fb-f734-4c7c-9b82-330fcea6e78c is not the leader (null). Request must be sent to leader., logIndex=0, commits[888503fb-f734-4c7c-9b82-330fcea6e78c:c-1]
2019-07-16 14:16:14,032 INFO  client.GrpcClientProtocolClient (GrpcClientProtocolClient.java:onNext(255)) - client-C7635513F02A->5e1f60d6-eb7d-4cb0-856a-7059979ee06b: receive RaftClientReply:client-C7635513F02A->5e1f60d6-eb7d-4cb0-856a-7059979ee06b@group-10F3E4DA1DEE, cid=91, FAILED org.apache.ratis.protocol.NotLeaderException: Server 5e1f60d6-eb7d-4cb0-856a-7059979ee06b is not the leader (null). Request must be sent to leader., logIndex=0, commits[5e1f60d6-eb7d-4cb0-856a-7059979ee06b:c-1]
2019-07-16 14:16:14,706 INFO  container.ReplicationManager (ReplicationManager.java:start(155)) - Starting Replication Monitor Thread.
2019-07-16 14:16:14,714 INFO  container.ReplicationManager (ReplicationManager.java:run(207)) - Replication Monitor Thread took 1 milliseconds for processing 1 containers.
2019-07-16 14:16:15,053 INFO  client.GrpcClientProtocolClient (GrpcClientProtocolClient.java:onNext(255)) - client-C7635513F02A->888503fb-f734-4c7c-9b82-330fcea6e78c: receive RaftClientReply:client-C7635513F02A->888503fb-f734-4c7c-9b82-330fcea6e78c@group-10F3E4DA1DEE, cid=91, FAILED org.apache.ratis.protocol.NotLeaderException: Server 888503fb-f734-4c7c-9b82-330fcea6e78c is not the leader (null). Request must be sent to leader., logIndex=0, commits[888503fb-f734-4c7c-9b82-330fcea6e78c:c-1]
2019-07-16 14:16:16,084 INFO  client.GrpcClientProtocolClient (GrpcClientProtocolClient.java:onNext(255)) - client-C7635513F02A->ce30a503-6e02-452f-ba1f-f207c1d38bf3: receive RaftClientReply:client-C7635513F02A->ce30a503-6e02-452f-ba1f-f207c1d38bf3@group-10F3E4DA1DEE, cid=91, FAILED org.apache.ratis.protocol.NotLeaderException: Server ce30a503-6e02-452f-ba1f-f207c1d38bf3 is not the leader (null). Request must be sent to leader., logIndex=0, commits[ce30a503-6e02-452f-ba1f-f207c1d38bf3:c-1]
2019-07-16 14:16:16,798 INFO  impl.FollowerState (FollowerState.java:run(106)) - 888503fb-f734-4c7c-9b82-330fcea6e78c:group-192DB229CA2E changes to CANDIDATE, lastRpcTime:5035, electionTimeout:5035ms
2019-07-16 14:16:16,798 INFO  impl.RoleInfo (RoleInfo.java:shutdownFollowerState(121)) - 888503fb-f734-4c7c-9b82-330fcea6e78c: shutdown FollowerState
2019-07-16 14:16:16,798 INFO  impl.RaftServerImpl (RaftServerImpl.java:setRole(171)) - 888503fb-f734-4c7c-9b82-330fcea6e78c:group-192DB229CA2E changes role from FOLLOWER to CANDIDATE at term 0 for changeToCandidate
2019-07-16 14:16:16,798 INFO  impl.RoleInfo (RoleInfo.java:updateAndGet(143)) - 888503fb-f734-4c7c-9b82-330fcea6e78c: start LeaderElection
2019-07-16 14:16:16,827 INFO  impl.LeaderElection (LeaderElection.java:askForVotes(181)) - 888503fb-f734-4c7c-9b82-330fcea6e78c:group-192DB229CA2E:LeaderElection58: begin an election at term 1 for -1: [888503fb-f734-4c7c-9b82-330fcea6e78c:192.168.157.241:40944], old=null
2019-07-16 14:16:16,827 INFO  impl.RoleInfo (RoleInfo.java:shutdownLeaderElection(134)) - 888503fb-f734-4c7c-9b82-330fcea6e78c: shutdown LeaderElection
2019-07-16 14:16:16,827 INFO  impl.RaftServerImpl (RaftServerImpl.java:setRole(171)) - 888503fb-f734-4c7c-9b82-330fcea6e78c:group-192DB229CA2E changes role from CANDIDATE to LEADER at term 1 for changeToLeader
2019-07-16 14:16:16,827 INFO  impl.RaftServerImpl (ServerState.java:setLeader(263)) - 888503fb-f734-4c7c-9b82-330fcea6e78c:group-192DB229CA2E change Leader from null to 888503fb-f734-4c7c-9b82-330fcea6e78c at term 1 for becomeLeader, leader elected after 5069ms
2019-07-16 14:16:16,827 INFO  server.RaftServerConfigKeys (ConfUtils.java:logGet(43)) - raft.server.staging.catchup.gap = 1000 (default)
2019-07-16 14:16:16,827 INFO  server.RaftServerConfigKeys (ConfUtils.java:logGet(43)) - raft.server.rpc.sleep.time = 25ms (default)
2019-07-16 14:16:16,828 INFO  server.RaftServerConfigKeys (ConfUtils.java:logGet(43)) - raft.server.write.element-limit = 4096 (default)
2019-07-16 14:16:16,828 INFO  server.RaftServerConfigKeys (ConfUtils.java:logGet(43)) - raft.server.watch.timeout = 10s (default)
2019-07-16 14:16:16,828 INFO  server.RaftServerConfigKeys (ConfUtils.java:logGet(43)) - raft.server.watch.timeout.denomination = 1s (default)
2019-07-16 14:16:16,828 INFO  server.RaftServerConfigKeys (ConfUtils.java:logGet(43)) - raft.server.watch.element-limit = 65536 (default)
2019-07-16 14:16:16,828 INFO  impl.RoleInfo (RoleInfo.java:updateAndGet(143)) - 888503fb-f734-4c7c-9b82-330fcea6e78c: start LeaderState
2019-07-16 14:16:16,829 INFO  segmented.SegmentedRaftLogWorker (SegmentedRaftLogWorker.java:startLogSegment(380)) - 888503fb-f734-4c7c-9b82-330fcea6e78c-SegmentedRaftLogWorker:Storage Directory /workdir/hadoop-ozone/integration-test/target/test-dir/MiniOzoneClusterImpl-1cb566eb-abe6-46fc-8d39-7a473e5c4489/datanode-0/data/ratis/f9e2ba58-198a-4426-8ccd-192db229ca2e: Starting segment from index:0
2019-07-16 14:16:16,829 INFO  impl.RaftServerImpl (ServerState.java:setRaftConf(361)) - 888503fb-f734-4c7c-9b82-330fcea6e78c:group-192DB229CA2E set configuration 0: [888503fb-f734-4c7c-9b82-330fcea6e78c:192.168.157.241:40944], old=null at 0
2019-07-16 14:16:16,860 INFO  segmented.SegmentedRaftLogWorker (SegmentedRaftLogWorker.java:execute(569)) - 888503fb-f734-4c7c-9b82-330fcea6e78c-SegmentedRaftLogWorker:Storage Directory /workdir/hadoop-ozone/integration-test/target/test-dir/MiniOzoneClusterImpl-1cb566eb-abe6-46fc-8d39-7a473e5c4489/datanode-0/data/ratis/f9e2ba58-198a-4426-8ccd-192db229ca2e: created new log segment /workdir/hadoop-ozone/integration-test/target/test-dir/MiniOzoneClusterImpl-1cb566eb-abe6-46fc-8d39-7a473e5c4489/datanode-0/data/ratis/f9e2ba58-198a-4426-8ccd-192db229ca2e/current/log_inprogress_0
2019-07-16 14:16:17,021 INFO  impl.FollowerState (FollowerState.java:run(106)) - ce30a503-6e02-452f-ba1f-f207c1d38bf3:group-A25F117E491C changes to CANDIDATE, lastRpcTime:5107, electionTimeout:5107ms
2019-07-16 14:16:17,021 INFO  impl.RoleInfo (RoleInfo.java:shutdownFollowerState(121)) - ce30a503-6e02-452f-ba1f-f207c1d38bf3: shutdown FollowerState
2019-07-16 14:16:17,021 INFO  impl.RaftServerImpl (RaftServerImpl.java:setRole(171)) - ce30a503-6e02-452f-ba1f-f207c1d38bf3:group-A25F117E491C changes role from FOLLOWER to CANDIDATE at term 0 for changeToCandidate
2019-07-16 14:16:17,021 INFO  impl.RoleInfo (RoleInfo.java:updateAndGet(143)) - ce30a503-6e02-452f-ba1f-f207c1d38bf3: start LeaderElection
2019-07-16 14:16:17,051 INFO  impl.LeaderElection (LeaderElection.java:askForVotes(181)) - ce30a503-6e02-452f-ba1f-f207c1d38bf3:group-A25F117E491C:LeaderElection59: begin an election at term 1 for -1: [ce30a503-6e02-452f-ba1f-f207c1d38bf3:192.168.157.241:43132], old=null
2019-07-16 14:16:17,051 INFO  impl.RoleInfo (RoleInfo.java:shutdownLeaderElection(134)) - ce30a503-6e02-452f-ba1f-f207c1d38bf3: shutdown LeaderElection
2019-07-16 14:16:17,051 INFO  impl.RaftServerImpl (RaftServerImpl.java:setRole(171)) - ce30a503-6e02-452f-ba1f-f207c1d38bf3:group-A25F117E491C changes role from CANDIDATE to LEADER at term 1 for changeToLeader
2019-07-16 14:16:17,051 INFO  impl.RaftServerImpl (ServerState.java:setLeader(263)) - ce30a503-6e02-452f-ba1f-f207c1d38bf3:group-A25F117E491C change Leader from null to ce30a503-6e02-452f-ba1f-f207c1d38bf3 at term 1 for becomeLeader, leader elected after 5142ms
2019-07-16 14:16:17,052 INFO  server.RaftServerConfigKeys (ConfUtils.java:logGet(43)) - raft.server.staging.catchup.gap = 1000 (default)
2019-07-16 14:16:17,052 INFO  server.RaftServerConfigKeys (ConfUtils.java:logGet(43)) - raft.server.rpc.sleep.time = 25ms (default)
2019-07-16 14:16:17,052 INFO  server.RaftServerConfigKeys (ConfUtils.java:logGet(43)) - raft.server.write.element-limit = 4096 (default)
2019-07-16 14:16:17,052 INFO  server.RaftServerConfigKeys (ConfUtils.java:logGet(43)) - raft.server.watch.timeout = 10s (default)
2019-07-16 14:16:17,052 INFO  server.RaftServerConfigKeys (ConfUtils.java:logGet(43)) - raft.server.watch.timeout.denomination = 1s (default)
2019-07-16 14:16:17,052 INFO  server.RaftServerConfigKeys (ConfUtils.java:logGet(43)) - raft.server.watch.element-limit = 65536 (default)
2019-07-16 14:16:17,053 INFO  impl.RoleInfo (RoleInfo.java:updateAndGet(143)) - ce30a503-6e02-452f-ba1f-f207c1d38bf3: start LeaderState
2019-07-16 14:16:17,053 INFO  segmented.SegmentedRaftLogWorker (SegmentedRaftLogWorker.java:startLogSegment(380)) - ce30a503-6e02-452f-ba1f-f207c1d38bf3-SegmentedRaftLogWorker:Storage Directory /workdir/hadoop-ozone/integration-test/target/test-dir/MiniOzoneClusterImpl-1cb566eb-abe6-46fc-8d39-7a473e5c4489/datanode-1/data/ratis/0c6eb97d-4f7e-4772-af0d-a25f117e491c: Starting segment from index:0
2019-07-16 14:16:17,053 INFO  impl.RaftServerImpl (ServerState.java:setRaftConf(361)) - ce30a503-6e02-452f-ba1f-f207c1d38bf3:group-A25F117E491C set configuration 0: [ce30a503-6e02-452f-ba1f-f207c1d38bf3:192.168.157.241:43132], old=null at 0
2019-07-16 14:16:17,085 INFO  segmented.SegmentedRaftLogWorker (SegmentedRaftLogWorker.java:execute(569)) - ce30a503-6e02-452f-ba1f-f207c1d38bf3-SegmentedRaftLogWorker:Storage Directory /workdir/hadoop-ozone/integration-test/target/test-dir/MiniOzoneClusterImpl-1cb566eb-abe6-46fc-8d39-7a473e5c4489/datanode-1/data/ratis/0c6eb97d-4f7e-4772-af0d-a25f117e491c: created new log segment /workdir/hadoop-ozone/integration-test/target/test-dir/MiniOzoneClusterImpl-1cb566eb-abe6-46fc-8d39-7a473e5c4489/datanode-1/data/ratis/0c6eb97d-4f7e-4772-af0d-a25f117e491c/current/log_inprogress_0
2019-07-16 14:16:17,108 INFO  client.GrpcClientProtocolClient (GrpcClientProtocolClient.java:onNext(255)) - client-C7635513F02A->888503fb-f734-4c7c-9b82-330fcea6e78c: receive RaftClientReply:client-C7635513F02A->888503fb-f734-4c7c-9b82-330fcea6e78c@group-10F3E4DA1DEE, cid=91, FAILED org.apache.ratis.protocol.NotLeaderException: Server 888503fb-f734-4c7c-9b82-330fcea6e78c is not the leader (null). Request must be sent to leader., logIndex=0, commits[888503fb-f734-4c7c-9b82-330fcea6e78c:c-1]
2019-07-16 14:16:17,179 INFO  impl.FollowerState (FollowerState.java:run(106)) - 5e1f60d6-eb7d-4cb0-856a-7059979ee06b:group-E5D3921D2D54 changes to CANDIDATE, lastRpcTime:5086, electionTimeout:5086ms
2019-07-16 14:16:17,179 INFO  impl.RoleInfo (RoleInfo.java:shutdownFollowerState(121)) - 5e1f60d6-eb7d-4cb0-856a-7059979ee06b: shutdown FollowerState
2019-07-16 14:16:17,179 INFO  impl.RaftServerImpl (RaftServerImpl.java:setRole(171)) - 5e1f60d6-eb7d-4cb0-856a-7059979ee06b:group-E5D3921D2D54 changes role from FOLLOWER to CANDIDATE at term 0 for changeToCandidate
2019-07-16 14:16:17,180 INFO  impl.RoleInfo (RoleInfo.java:updateAndGet(143)) - 5e1f60d6-eb7d-4cb0-856a-7059979ee06b: start LeaderElection
2019-07-16 14:16:17,205 INFO  impl.LeaderElection (LeaderElection.java:askForVotes(181)) - 5e1f60d6-eb7d-4cb0-856a-7059979ee06b:group-E5D3921D2D54:LeaderElection60: begin an election at term 1 for -1: [5e1f60d6-eb7d-4cb0-856a-7059979ee06b:192.168.157.241:45673], old=null
2019-07-16 14:16:17,206 INFO  impl.RoleInfo (RoleInfo.java:shutdownLeaderElection(134)) - 5e1f60d6-eb7d-4cb0-856a-7059979ee06b: shutdown LeaderElection
2019-07-16 14:16:17,206 INFO  impl.RaftServerImpl (RaftServerImpl.java:setRole(171)) - 5e1f60d6-eb7d-4cb0-856a-7059979ee06b:group-E5D3921D2D54 changes role from CANDIDATE to LEADER at term 1 for changeToLeader
2019-07-16 14:16:17,206 INFO  impl.RaftServerImpl (ServerState.java:setLeader(263)) - 5e1f60d6-eb7d-4cb0-856a-7059979ee06b:group-E5D3921D2D54 change Leader from null to 5e1f60d6-eb7d-4cb0-856a-7059979ee06b at term 1 for becomeLeader, leader elected after 5117ms
2019-07-16 14:16:17,206 INFO  server.RaftServerConfigKeys (ConfUtils.java:logGet(43)) - raft.server.staging.catchup.gap = 1000 (default)
2019-07-16 14:16:17,206 INFO  server.RaftServerConfigKeys (ConfUtils.java:logGet(43)) - raft.server.rpc.sleep.time = 25ms (default)
2019-07-16 14:16:17,206 INFO  server.RaftServerConfigKeys (ConfUtils.java:logGet(43)) - raft.server.write.element-limit = 4096 (default)
2019-07-16 14:16:17,207 INFO  server.RaftServerConfigKeys (ConfUtils.java:logGet(43)) - raft.server.watch.timeout = 10s (default)
2019-07-16 14:16:17,207 INFO  server.RaftServerConfigKeys (ConfUtils.java:logGet(43)) - raft.server.watch.timeout.denomination = 1s (default)
2019-07-16 14:16:17,207 INFO  server.RaftServerConfigKeys (ConfUtils.java:logGet(43)) - raft.server.watch.element-limit = 65536 (default)
2019-07-16 14:16:17,207 INFO  impl.RoleInfo (RoleInfo.java:updateAndGet(143)) - 5e1f60d6-eb7d-4cb0-856a-7059979ee06b: start LeaderState
2019-07-16 14:16:17,207 INFO  segmented.SegmentedRaftLogWorker (SegmentedRaftLogWorker.java:startLogSegment(380)) - 5e1f60d6-eb7d-4cb0-856a-7059979ee06b-SegmentedRaftLogWorker:Storage Directory /workdir/hadoop-ozone/integration-test/target/test-dir/MiniOzoneClusterImpl-1cb566eb-abe6-46fc-8d39-7a473e5c4489/datanode-2/data/ratis/194d3101-136f-4f83-b4f6-e5d3921d2d54: Starting segment from index:0
2019-07-16 14:16:17,208 INFO  impl.RaftServerImpl (ServerState.java:setRaftConf(361)) - 5e1f60d6-eb7d-4cb0-856a-7059979ee06b:group-E5D3921D2D54 set configuration 0: [5e1f60d6-eb7d-4cb0-856a-7059979ee06b:192.168.157.241:45673], old=null at 0
2019-07-16 14:16:17,209 INFO  impl.FollowerState (FollowerState.java:run(106)) - 5e1f60d6-eb7d-4cb0-856a-7059979ee06b:group-10F3E4DA1DEE changes to CANDIDATE, lastRpcTime:5050, electionTimeout:5050ms
2019-07-16 14:16:17,209 INFO  impl.RoleInfo (RoleInfo.java:shutdownFollowerState(121)) - 5e1f60d6-eb7d-4cb0-856a-7059979ee06b: shutdown FollowerState
2019-07-16 14:16:17,209 INFO  impl.RaftServerImpl (RaftServerImpl.java:setRole(171)) - 5e1f60d6-eb7d-4cb0-856a-7059979ee06b:group-10F3E4DA1DEE changes role from FOLLOWER to CANDIDATE at term 0 for changeToCandidate
2019-07-16 14:16:17,209 INFO  impl.RoleInfo (RoleInfo.java:updateAndGet(143)) - 5e1f60d6-eb7d-4cb0-856a-7059979ee06b: start LeaderElection
2019-07-16 14:16:17,209 INFO  impl.FollowerState (FollowerState.java:run(106)) - 888503fb-f734-4c7c-9b82-330fcea6e78c:group-10F3E4DA1DEE changes to CANDIDATE, lastRpcTime:5055, electionTimeout:5055ms
2019-07-16 14:16:17,210 INFO  impl.RoleInfo (RoleInfo.java:shutdownFollowerState(121)) - 888503fb-f734-4c7c-9b82-330fcea6e78c: shutdown FollowerState
2019-07-16 14:16:17,210 INFO  impl.RaftServerImpl (RaftServerImpl.java:setRole(171)) - 888503fb-f734-4c7c-9b82-330fcea6e78c:group-10F3E4DA1DEE changes role from FOLLOWER to CANDIDATE at term 0 for changeToCandidate
2019-07-16 14:16:17,231 INFO  impl.RoleInfo (RoleInfo.java:updateAndGet(143)) - 888503fb-f734-4c7c-9b82-330fcea6e78c: start LeaderElection
2019-07-16 14:16:17,248 INFO  segmented.SegmentedRaftLogWorker (SegmentedRaftLogWorker.java:execute(569)) - 5e1f60d6-eb7d-4cb0-856a-7059979ee06b-SegmentedRaftLogWorker:Storage Directory /workdir/hadoop-ozone/integration-test/target/test-dir/MiniOzoneClusterImpl-1cb566eb-abe6-46fc-8d39-7a473e5c4489/datanode-2/data/ratis/194d3101-136f-4f83-b4f6-e5d3921d2d54: created new log segment /workdir/hadoop-ozone/integration-test/target/test-dir/MiniOzoneClusterImpl-1cb566eb-abe6-46fc-8d39-7a473e5c4489/datanode-2/data/ratis/194d3101-136f-4f83-b4f6-e5d3921d2d54/current/log_inprogress_0
2019-07-16 14:16:17,248 INFO  impl.LeaderElection (LeaderElection.java:askForVotes(181)) - 5e1f60d6-eb7d-4cb0-856a-7059979ee06b:group-10F3E4DA1DEE:LeaderElection61: begin an election at term 1 for -1: [5e1f60d6-eb7d-4cb0-856a-7059979ee06b:192.168.157.241:45673, ce30a503-6e02-452f-ba1f-f207c1d38bf3:192.168.157.241:43132, 888503fb-f734-4c7c-9b82-330fcea6e78c:192.168.157.241:40944], old=null
2019-07-16 14:16:17,248 INFO  impl.LeaderElection (LeaderElection.java:askForVotes(181)) - 888503fb-f734-4c7c-9b82-330fcea6e78c:group-10F3E4DA1DEE:LeaderElection62: begin an election at term 1 for -1: [5e1f60d6-eb7d-4cb0-856a-7059979ee06b:192.168.157.241:45673, ce30a503-6e02-452f-ba1f-f207c1d38bf3:192.168.157.241:43132, 888503fb-f734-4c7c-9b82-330fcea6e78c:192.168.157.241:40944], old=null
2019-07-16 14:16:17,254 INFO  impl.RaftServerImpl (RaftServerImpl.java:setRole(171)) - ce30a503-6e02-452f-ba1f-f207c1d38bf3:group-10F3E4DA1DEE changes role from FOLLOWER to FOLLOWER at term 1 for recognizeCandidate:888503fb-f734-4c7c-9b82-330fcea6e78c
2019-07-16 14:16:17,254 INFO  impl.RoleInfo (RoleInfo.java:shutdownFollowerState(121)) - ce30a503-6e02-452f-ba1f-f207c1d38bf3: shutdown FollowerState
2019-07-16 14:16:17,260 INFO  impl.RoleInfo (RoleInfo.java:updateAndGet(143)) - ce30a503-6e02-452f-ba1f-f207c1d38bf3: start FollowerState
2019-07-16 14:16:17,260 INFO  impl.FollowerState (FollowerState.java:run(114)) - ce30a503-6e02-452f-ba1f-f207c1d38bf3: FollowerState was interrupted: java.lang.InterruptedException: sleep interrupted
2019-07-16 14:16:17,279 INFO  impl.LeaderElection (LeaderElection.java:logAndReturn(56)) - 888503fb-f734-4c7c-9b82-330fcea6e78c:group-10F3E4DA1DEE:LeaderElection62: Election PASSED; received 2 response(s) [888503fb-f734-4c7c-9b82-330fcea6e78c<-5e1f60d6-eb7d-4cb0-856a-7059979ee06b#0:FAIL-t1, 888503fb-f734-4c7c-9b82-330fcea6e78c<-ce30a503-6e02-452f-ba1f-f207c1d38bf3#0:OK-t1] and 0 exception(s); 888503fb-f734-4c7c-9b82-330fcea6e78c:t1, leader=null, voted=888503fb-f734-4c7c-9b82-330fcea6e78c, raftlog=888503fb-f734-4c7c-9b82-330fcea6e78c-SegmentedRaftLog:OPENED:c-1,f-1,i0, conf=-1: [5e1f60d6-eb7d-4cb0-856a-7059979ee06b:192.168.157.241:45673, ce30a503-6e02-452f-ba1f-f207c1d38bf3:192.168.157.241:43132, 888503fb-f734-4c7c-9b82-330fcea6e78c:192.168.157.241:40944], old=null
2019-07-16 14:16:17,280 INFO  impl.LeaderElection (LeaderElection.java:logAndReturn(56)) - 5e1f60d6-eb7d-4cb0-856a-7059979ee06b:group-10F3E4DA1DEE:LeaderElection61: Election REJECTED; received 2 response(s) [5e1f60d6-eb7d-4cb0-856a-7059979ee06b<-ce30a503-6e02-452f-ba1f-f207c1d38bf3#0:FAIL-t1, 5e1f60d6-eb7d-4cb0-856a-7059979ee06b<-888503fb-f734-4c7c-9b82-330fcea6e78c#0:FAIL-t1] and 0 exception(s); 5e1f60d6-eb7d-4cb0-856a-7059979ee06b:t1, leader=null, voted=5e1f60d6-eb7d-4cb0-856a-7059979ee06b, raftlog=5e1f60d6-eb7d-4cb0-856a-7059979ee06b-SegmentedRaftLog:OPENED:c-1,f-1,i0, conf=-1: [5e1f60d6-eb7d-4cb0-856a-7059979ee06b:192.168.157.241:45673, ce30a503-6e02-452f-ba1f-f207c1d38bf3:192.168.157.241:43132, 888503fb-f734-4c7c-9b82-330fcea6e78c:192.168.157.241:40944], old=null
2019-07-16 14:16:17,280 INFO  impl.RoleInfo (RoleInfo.java:shutdownLeaderElection(134)) - 888503fb-f734-4c7c-9b82-330fcea6e78c: shutdown LeaderElection
2019-07-16 14:16:17,280 INFO  impl.RaftServerImpl (RaftServerImpl.java:setRole(171)) - 5e1f60d6-eb7d-4cb0-856a-7059979ee06b:group-10F3E4DA1DEE changes role from CANDIDATE to FOLLOWER at term 1 for DISCOVERED_A_NEW_TERM
2019-07-16 14:16:17,280 INFO  impl.RaftServerImpl (RaftServerImpl.java:setRole(171)) - 888503fb-f734-4c7c-9b82-330fcea6e78c:group-10F3E4DA1DEE changes role from CANDIDATE to LEADER at term 1 for changeToLeader
2019-07-16 14:16:17,280 INFO  impl.RoleInfo (RoleInfo.java:shutdownLeaderElection(134)) - 5e1f60d6-eb7d-4cb0-856a-7059979ee06b: shutdown LeaderElection
2019-07-16 14:16:17,280 INFO  impl.RaftServerImpl (ServerState.java:setLeader(263)) - 888503fb-f734-4c7c-9b82-330fcea6e78c:group-10F3E4DA1DEE change Leader from null to 888503fb-f734-4c7c-9b82-330fcea6e78c at term 1 for becomeLeader, leader elected after 5133ms
2019-07-16 14:16:17,280 INFO  impl.RoleInfo (RoleInfo.java:updateAndGet(143)) - 5e1f60d6-eb7d-4cb0-856a-7059979ee06b: start FollowerState
2019-07-16 14:16:17,281 INFO  server.RaftServerConfigKeys (ConfUtils.java:logGet(43)) - raft.server.staging.catchup.gap = 1000 (default)
2019-07-16 14:16:17,281 INFO  server.RaftServerConfigKeys (ConfUtils.java:logGet(43)) - raft.server.rpc.sleep.time = 25ms (default)
2019-07-16 14:16:17,281 INFO  server.RaftServerConfigKeys (ConfUtils.java:logGet(43)) - raft.server.write.element-limit = 4096 (default)
2019-07-16 14:16:17,281 INFO  server.RaftServerConfigKeys (ConfUtils.java:logGet(43)) - raft.server.watch.timeout = 10s (default)
2019-07-16 14:16:17,281 INFO  server.RaftServerConfigKeys (ConfUtils.java:logGet(43)) - raft.server.watch.timeout.denomination = 1s (default)
2019-07-16 14:16:17,282 INFO  server.RaftServerConfigKeys (ConfUtils.java:logGet(43)) - raft.server.watch.element-limit = 65536 (default)
2019-07-16 14:16:17,282 INFO  server.RaftServerConfigKeys (ConfUtils.java:logGet(43)) - raft.server.log.appender.snapshot.chunk.size.max = 16MB (=16777216) (default)
2019-07-16 14:16:17,282 INFO  server.RaftServerConfigKeys (ConfUtils.java:logGet(43)) - raft.server.log.appender.buffer.byte-limit = 33554432 (custom)
2019-07-16 14:16:17,282 INFO  server.RaftServerConfigKeys (ConfUtils.java:logGet(43)) - raft.server.log.appender.buffer.element-limit = 1 (custom)
2019-07-16 14:16:17,283 INFO  grpc.GrpcConfigKeys$Server (ConfUtils.java:logGet(43)) - raft.grpc.server.leader.outstanding.appends.max = 128 (default)
2019-07-16 14:16:17,283 INFO  server.RaftServerConfigKeys (ConfUtils.java:logGet(43)) - raft.server.rpc.request.timeout = 3000ms (default)
2019-07-16 14:16:17,283 INFO  server.RaftServerConfigKeys (ConfUtils.java:logGet(43)) - raft.server.log.appender.install.snapshot.enabled = false (custom)
2019-07-16 14:16:17,283 INFO  server.RaftServerConfigKeys (ConfUtils.java:logGet(43)) - raft.server.log.appender.snapshot.chunk.size.max = 16MB (=16777216) (default)
2019-07-16 14:16:17,283 INFO  server.RaftServerConfigKeys (ConfUtils.java:logGet(43)) - raft.server.log.appender.buffer.byte-limit = 33554432 (custom)
2019-07-16 14:16:17,284 INFO  server.RaftServerConfigKeys (ConfUtils.java:logGet(43)) - raft.server.log.appender.buffer.element-limit = 1 (custom)
2019-07-16 14:16:17,284 INFO  grpc.GrpcConfigKeys$Server (ConfUtils.java:logGet(43)) - raft.grpc.server.leader.outstanding.appends.max = 128 (default)
2019-07-16 14:16:17,284 INFO  server.RaftServerConfigKeys (ConfUtils.java:logGet(43)) - raft.server.rpc.request.timeout = 3000ms (default)
2019-07-16 14:16:17,284 INFO  server.RaftServerConfigKeys (ConfUtils.java:logGet(43)) - raft.server.log.appender.install.snapshot.enabled = false (custom)
2019-07-16 14:16:17,284 INFO  impl.RoleInfo (RoleInfo.java:updateAndGet(143)) - 888503fb-f734-4c7c-9b82-330fcea6e78c: start LeaderState
2019-07-16 14:16:17,285 INFO  segmented.SegmentedRaftLogWorker (SegmentedRaftLogWorker.java:startLogSegment(380)) - 888503fb-f734-4c7c-9b82-330fcea6e78c-SegmentedRaftLogWorker:Storage Directory /workdir/hadoop-ozone/integration-test/target/test-dir/MiniOzoneClusterImpl-1cb566eb-abe6-46fc-8d39-7a473e5c4489/datanode-0/data/ratis/cc903b4a-3d37-49c2-9113-10f3e4da1dee: Starting segment from index:0
2019-07-16 14:16:17,286 INFO  impl.RaftServerImpl (ServerState.java:setRaftConf(361)) - 888503fb-f734-4c7c-9b82-330fcea6e78c:group-10F3E4DA1DEE set configuration 0: [5e1f60d6-eb7d-4cb0-856a-7059979ee06b:192.168.157.241:45673, ce30a503-6e02-452f-ba1f-f207c1d38bf3:192.168.157.241:43132, 888503fb-f734-4c7c-9b82-330fcea6e78c:192.168.157.241:40944], old=null at 0
2019-07-16 14:16:17,332 INFO  impl.FollowerState (FollowerState.java:run(106)) - 4adb3522-73de-4f4e-a47f-72bc7b8ef86f:group-0975EF7EDD28 changes to CANDIDATE, lastRpcTime:5056, electionTimeout:5041ms
2019-07-16 14:16:17,332 INFO  impl.RoleInfo (RoleInfo.java:shutdownFollowerState(121)) - 4adb3522-73de-4f4e-a47f-72bc7b8ef86f: shutdown FollowerState
2019-07-16 14:16:17,332 INFO  impl.RaftServerImpl (RaftServerImpl.java:setRole(171)) - 4adb3522-73de-4f4e-a47f-72bc7b8ef86f:group-0975EF7EDD28 changes role from FOLLOWER to CANDIDATE at term 0 for changeToCandidate
2019-07-16 14:16:17,332 INFO  impl.RoleInfo (RoleInfo.java:updateAndGet(143)) - 4adb3522-73de-4f4e-a47f-72bc7b8ef86f: start LeaderElection
2019-07-16 14:16:17,349 INFO  segmented.SegmentedRaftLogWorker (SegmentedRaftLogWorker.java:execute(569)) - 888503fb-f734-4c7c-9b82-330fcea6e78c-SegmentedRaftLogWorker:Storage Directory /workdir/hadoop-ozone/integration-test/target/test-dir/MiniOzoneClusterImpl-1cb566eb-abe6-46fc-8d39-7a473e5c4489/datanode-0/data/ratis/cc903b4a-3d37-49c2-9113-10f3e4da1dee: created new log segment /workdir/hadoop-ozone/integration-test/target/test-dir/MiniOzoneClusterImpl-1cb566eb-abe6-46fc-8d39-7a473e5c4489/datanode-0/data/ratis/cc903b4a-3d37-49c2-9113-10f3e4da1dee/current/log_inprogress_0
2019-07-16 14:16:17,357 INFO  impl.RaftServerImpl (ServerState.java:setLeader(263)) - ce30a503-6e02-452f-ba1f-f207c1d38bf3:group-10F3E4DA1DEE change Leader from null to 888503fb-f734-4c7c-9b82-330fcea6e78c at term 1 for appendEntries, leader elected after 5209ms
2019-07-16 14:16:17,357 INFO  impl.RaftServerImpl (ServerState.java:setLeader(263)) - 5e1f60d6-eb7d-4cb0-856a-7059979ee06b:group-10F3E4DA1DEE change Leader from null to 888503fb-f734-4c7c-9b82-330fcea6e78c at term 1 for appendEntries, leader elected after 5210ms
2019-07-16 14:16:17,360 INFO  impl.RaftServerImpl (ServerState.java:setRaftConf(361)) - 5e1f60d6-eb7d-4cb0-856a-7059979ee06b:group-10F3E4DA1DEE set configuration 0: [5e1f60d6-eb7d-4cb0-856a-7059979ee06b:192.168.157.241:45673, ce30a503-6e02-452f-ba1f-f207c1d38bf3:192.168.157.241:43132, 888503fb-f734-4c7c-9b82-330fcea6e78c:192.168.157.241:40944], old=null at 0
2019-07-16 14:16:17,360 INFO  impl.RaftServerImpl (ServerState.java:setRaftConf(361)) - ce30a503-6e02-452f-ba1f-f207c1d38bf3:group-10F3E4DA1DEE set configuration 0: [5e1f60d6-eb7d-4cb0-856a-7059979ee06b:192.168.157.241:45673, ce30a503-6e02-452f-ba1f-f207c1d38bf3:192.168.157.241:43132, 888503fb-f734-4c7c-9b82-330fcea6e78c:192.168.157.241:40944], old=null at 0
2019-07-16 14:16:17,361 INFO  segmented.SegmentedRaftLogWorker (SegmentedRaftLogWorker.java:startLogSegment(380)) - 5e1f60d6-eb7d-4cb0-856a-7059979ee06b-SegmentedRaftLogWorker:Storage Directory /workdir/hadoop-ozone/integration-test/target/test-dir/MiniOzoneClusterImpl-1cb566eb-abe6-46fc-8d39-7a473e5c4489/datanode-2/data/ratis/cc903b4a-3d37-49c2-9113-10f3e4da1dee: Starting segment from index:0
2019-07-16 14:16:17,361 INFO  segmented.SegmentedRaftLogWorker (SegmentedRaftLogWorker.java:startLogSegment(380)) - ce30a503-6e02-452f-ba1f-f207c1d38bf3-SegmentedRaftLogWorker:Storage Directory /workdir/hadoop-ozone/integration-test/target/test-dir/MiniOzoneClusterImpl-1cb566eb-abe6-46fc-8d39-7a473e5c4489/datanode-1/data/ratis/cc903b4a-3d37-49c2-9113-10f3e4da1dee: Starting segment from index:0
2019-07-16 14:16:17,364 INFO  impl.LeaderElection (LeaderElection.java:askForVotes(181)) - 4adb3522-73de-4f4e-a47f-72bc7b8ef86f:group-0975EF7EDD28:LeaderElection63: begin an election at term 1 for -1: [4adb3522-73de-4f4e-a47f-72bc7b8ef86f:192.168.157.241:44157], old=null
2019-07-16 14:16:17,364 INFO  impl.RoleInfo (RoleInfo.java:shutdownLeaderElection(134)) - 4adb3522-73de-4f4e-a47f-72bc7b8ef86f: shutdown LeaderElection
2019-07-16 14:16:17,364 INFO  impl.RaftServerImpl (RaftServerImpl.java:setRole(171)) - 4adb3522-73de-4f4e-a47f-72bc7b8ef86f:group-0975EF7EDD28 changes role from CANDIDATE to LEADER at term 1 for changeToLeader
2019-07-16 14:16:17,364 INFO  impl.RaftServerImpl (ServerState.java:setLeader(263)) - 4adb3522-73de-4f4e-a47f-72bc7b8ef86f:group-0975EF7EDD28 change Leader from null to 4adb3522-73de-4f4e-a47f-72bc7b8ef86f at term 1 for becomeLeader, leader elected after 5093ms
2019-07-16 14:16:17,364 INFO  server.RaftServerConfigKeys (ConfUtils.java:logGet(43)) - raft.server.staging.catchup.gap = 1000 (default)
2019-07-16 14:16:17,365 INFO  server.RaftServerConfigKeys (ConfUtils.java:logGet(43)) - raft.server.rpc.sleep.time = 25ms (default)
2019-07-16 14:16:17,365 INFO  server.RaftServerConfigKeys (ConfUtils.java:logGet(43)) - raft.server.write.element-limit = 4096 (default)
2019-07-16 14:16:17,365 INFO  server.RaftServerConfigKeys (ConfUtils.java:logGet(43)) - raft.server.watch.timeout = 10s (default)
2019-07-16 14:16:17,365 INFO  server.RaftServerConfigKeys (ConfUtils.java:logGet(43)) - raft.server.watch.timeout.denomination = 1s (default)
2019-07-16 14:16:17,365 INFO  server.RaftServerConfigKeys (ConfUtils.java:logGet(43)) - raft.server.watch.element-limit = 65536 (default)
2019-07-16 14:16:17,365 INFO  impl.RoleInfo (RoleInfo.java:updateAndGet(143)) - 4adb3522-73de-4f4e-a47f-72bc7b8ef86f: start LeaderState
2019-07-16 14:16:17,366 INFO  segmented.SegmentedRaftLogWorker (SegmentedRaftLogWorker.java:startLogSegment(380)) - 4adb3522-73de-4f4e-a47f-72bc7b8ef86f-SegmentedRaftLogWorker:Storage Directory /workdir/hadoop-ozone/integration-test/target/test-dir/MiniOzoneClusterImpl-1cb566eb-abe6-46fc-8d39-7a473e5c4489/datanode-3/data/ratis/f55f3ac8-5fff-42fb-be35-0975ef7edd28: Starting segment from index:0
2019-07-16 14:16:17,366 INFO  impl.RaftServerImpl (ServerState.java:setRaftConf(361)) - 4adb3522-73de-4f4e-a47f-72bc7b8ef86f:group-0975EF7EDD28 set configuration 0: [4adb3522-73de-4f4e-a47f-72bc7b8ef86f:192.168.157.241:44157], old=null at 0
2019-07-16 14:16:17,394 INFO  segmented.SegmentedRaftLogWorker (SegmentedRaftLogWorker.java:execute(569)) - 5e1f60d6-eb7d-4cb0-856a-7059979ee06b-SegmentedRaftLogWorker:Storage Directory /workdir/hadoop-ozone/integration-test/target/test-dir/MiniOzoneClusterImpl-1cb566eb-abe6-46fc-8d39-7a473e5c4489/datanode-2/data/ratis/cc903b4a-3d37-49c2-9113-10f3e4da1dee: created new log segment /workdir/hadoop-ozone/integration-test/target/test-dir/MiniOzoneClusterImpl-1cb566eb-abe6-46fc-8d39-7a473e5c4489/datanode-2/data/ratis/cc903b4a-3d37-49c2-9113-10f3e4da1dee/current/log_inprogress_0
2019-07-16 14:16:17,394 INFO  segmented.SegmentedRaftLogWorker (SegmentedRaftLogWorker.java:execute(569)) - 4adb3522-73de-4f4e-a47f-72bc7b8ef86f-SegmentedRaftLogWorker:Storage Directory /workdir/hadoop-ozone/integration-test/target/test-dir/MiniOzoneClusterImpl-1cb566eb-abe6-46fc-8d39-7a473e5c4489/datanode-3/data/ratis/f55f3ac8-5fff-42fb-be35-0975ef7edd28: created new log segment /workdir/hadoop-ozone/integration-test/target/test-dir/MiniOzoneClusterImpl-1cb566eb-abe6-46fc-8d39-7a473e5c4489/datanode-3/data/ratis/f55f3ac8-5fff-42fb-be35-0975ef7edd28/current/log_inprogress_0
2019-07-16 14:16:17,394 INFO  segmented.SegmentedRaftLogWorker (SegmentedRaftLogWorker.java:execute(569)) - ce30a503-6e02-452f-ba1f-f207c1d38bf3-SegmentedRaftLogWorker:Storage Directory /workdir/hadoop-ozone/integration-test/target/test-dir/MiniOzoneClusterImpl-1cb566eb-abe6-46fc-8d39-7a473e5c4489/datanode-1/data/ratis/cc903b4a-3d37-49c2-9113-10f3e4da1dee: created new log segment /workdir/hadoop-ozone/integration-test/target/test-dir/MiniOzoneClusterImpl-1cb566eb-abe6-46fc-8d39-7a473e5c4489/datanode-1/data/ratis/cc903b4a-3d37-49c2-9113-10f3e4da1dee/current/log_inprogress_0
2019-07-16 14:16:17,539 INFO  impl.FollowerState (FollowerState.java:run(106)) - fc8f7ff1-056c-46f0-a227-c32ca347d247:group-5DDF49B43DBE changes to CANDIDATE, lastRpcTime:5035, electionTimeout:5035ms
2019-07-16 14:16:17,539 INFO  impl.RoleInfo (RoleInfo.java:shutdownFollowerState(121)) - fc8f7ff1-056c-46f0-a227-c32ca347d247: shutdown FollowerState
2019-07-16 14:16:17,539 INFO  impl.RaftServerImpl (RaftServerImpl.java:setRole(171)) - fc8f7ff1-056c-46f0-a227-c32ca347d247:group-5DDF49B43DBE changes role from FOLLOWER to CANDIDATE at term 0 for changeToCandidate
2019-07-16 14:16:17,540 INFO  impl.RoleInfo (RoleInfo.java:updateAndGet(143)) - fc8f7ff1-056c-46f0-a227-c32ca347d247: start LeaderElection
2019-07-16 14:16:17,566 INFO  impl.LeaderElection (LeaderElection.java:askForVotes(181)) - fc8f7ff1-056c-46f0-a227-c32ca347d247:group-5DDF49B43DBE:LeaderElection64: begin an election at term 1 for -1: [fc8f7ff1-056c-46f0-a227-c32ca347d247:192.168.157.241:33283], old=null
2019-07-16 14:16:17,566 INFO  impl.RoleInfo (RoleInfo.java:shutdownLeaderElection(134)) - fc8f7ff1-056c-46f0-a227-c32ca347d247: shutdown LeaderElection
2019-07-16 14:16:17,566 INFO  impl.RaftServerImpl (RaftServerImpl.java:setRole(171)) - fc8f7ff1-056c-46f0-a227-c32ca347d247:group-5DDF49B43DBE changes role from CANDIDATE to LEADER at term 1 for changeToLeader
2019-07-16 14:16:17,566 INFO  impl.RaftServerImpl (ServerState.java:setLeader(263)) - fc8f7ff1-056c-46f0-a227-c32ca347d247:group-5DDF49B43DBE change Leader from null to fc8f7ff1-056c-46f0-a227-c32ca347d247 at term 1 for becomeLeader, leader elected after 5067ms
2019-07-16 14:16:17,566 INFO  server.RaftServerConfigKeys (ConfUtils.java:logGet(43)) - raft.server.staging.catchup.gap = 1000 (default)
2019-07-16 14:16:17,567 INFO  server.RaftServerConfigKeys (ConfUtils.java:logGet(43)) - raft.server.rpc.sleep.time = 25ms (default)
2019-07-16 14:16:17,567 INFO  server.RaftServerConfigKeys (ConfUtils.java:logGet(43)) - raft.server.write.element-limit = 4096 (default)
2019-07-16 14:16:17,567 INFO  server.RaftServerConfigKeys (ConfUtils.java:logGet(43)) - raft.server.watch.timeout = 10s (default)
2019-07-16 14:16:17,567 INFO  server.RaftServerConfigKeys (ConfUtils.java:logGet(43)) - raft.server.watch.timeout.denomination = 1s (default)
2019-07-16 14:16:17,567 INFO  server.RaftServerConfigKeys (ConfUtils.java:logGet(43)) - raft.server.watch.element-limit = 65536 (default)
2019-07-16 14:16:17,568 INFO  impl.RoleInfo (RoleInfo.java:updateAndGet(143)) - fc8f7ff1-056c-46f0-a227-c32ca347d247: start LeaderState
2019-07-16 14:16:17,568 INFO  segmented.SegmentedRaftLogWorker (SegmentedRaftLogWorker.java:startLogSegment(380)) - fc8f7ff1-056c-46f0-a227-c32ca347d247-SegmentedRaftLogWorker:Storage Directory /workdir/hadoop-ozone/integration-test/target/test-dir/MiniOzoneClusterImpl-1cb566eb-abe6-46fc-8d39-7a473e5c4489/datanode-4/data/ratis/b51a007a-07bc-4197-be4b-5ddf49b43dbe: Starting segment from index:0
2019-07-16 14:16:17,569 INFO  impl.RaftServerImpl (ServerState.java:setRaftConf(361)) - fc8f7ff1-056c-46f0-a227-c32ca347d247:group-5DDF49B43DBE set configuration 0: [fc8f7ff1-056c-46f0-a227-c32ca347d247:192.168.157.241:33283], old=null at 0
2019-07-16 14:16:17,599 INFO  segmented.SegmentedRaftLogWorker (SegmentedRaftLogWorker.java:execute(569)) - fc8f7ff1-056c-46f0-a227-c32ca347d247-SegmentedRaftLogWorker:Storage Directory /workdir/hadoop-ozone/integration-test/target/test-dir/MiniOzoneClusterImpl-1cb566eb-abe6-46fc-8d39-7a473e5c4489/datanode-4/data/ratis/b51a007a-07bc-4197-be4b-5ddf49b43dbe: created new log segment /workdir/hadoop-ozone/integration-test/target/test-dir/MiniOzoneClusterImpl-1cb566eb-abe6-46fc-8d39-7a473e5c4489/datanode-4/data/ratis/b51a007a-07bc-4197-be4b-5ddf49b43dbe/current/log_inprogress_0
2019-07-16 14:16:17,780 INFO  impl.FollowerState (FollowerState.java:run(106)) - 7e950948-66b0-4c68-850b-973d12b9b116:group-822156170C59 changes to CANDIDATE, lastRpcTime:5053, electionTimeout:5053ms
2019-07-16 14:16:17,780 INFO  impl.RoleInfo (RoleInfo.java:shutdownFollowerState(121)) - 7e950948-66b0-4c68-850b-973d12b9b116: shutdown FollowerState
2019-07-16 14:16:17,780 INFO  impl.RaftServerImpl (RaftServerImpl.java:setRole(171)) - 7e950948-66b0-4c68-850b-973d12b9b116:group-822156170C59 changes role from FOLLOWER to CANDIDATE at term 0 for changeToCandidate
2019-07-16 14:16:17,780 INFO  impl.RoleInfo (RoleInfo.java:updateAndGet(143)) - 7e950948-66b0-4c68-850b-973d12b9b116: start LeaderElection
2019-07-16 14:16:17,807 INFO  impl.LeaderElection (LeaderElection.java:askForVotes(181)) - 7e950948-66b0-4c68-850b-973d12b9b116:group-822156170C59:LeaderElection65: begin an election at term 1 for -1: [7e950948-66b0-4c68-850b-973d12b9b116:192.168.157.241:45775], old=null
2019-07-16 14:16:17,807 INFO  impl.RoleInfo (RoleInfo.java:shutdownLeaderElection(134)) - 7e950948-66b0-4c68-850b-973d12b9b116: shutdown LeaderElection
2019-07-16 14:16:17,807 INFO  impl.RaftServerImpl (RaftServerImpl.java:setRole(171)) - 7e950948-66b0-4c68-850b-973d12b9b116:group-822156170C59 changes role from CANDIDATE to LEADER at term 1 for changeToLeader
2019-07-16 14:16:17,807 INFO  impl.RaftServerImpl (ServerState.java:setLeader(263)) - 7e950948-66b0-4c68-850b-973d12b9b116:group-822156170C59 change Leader from null to 7e950948-66b0-4c68-850b-973d12b9b116 at term 1 for becomeLeader, leader elected after 5085ms
2019-07-16 14:16:17,807 INFO  server.RaftServerConfigKeys (ConfUtils.java:logGet(43)) - raft.server.staging.catchup.gap = 1000 (default)
2019-07-16 14:16:17,807 INFO  server.RaftServerConfigKeys (ConfUtils.java:logGet(43)) - raft.server.rpc.sleep.time = 25ms (default)
2019-07-16 14:16:17,808 INFO  server.RaftServerConfigKeys (ConfUtils.java:logGet(43)) - raft.server.write.element-limit = 4096 (default)
2019-07-16 14:16:17,808 INFO  server.RaftServerConfigKeys (ConfUtils.java:logGet(43)) - raft.server.watch.timeout = 10s (default)
2019-07-16 14:16:17,808 INFO  server.RaftServerConfigKeys (ConfUtils.java:logGet(43)) - raft.server.watch.timeout.denomination = 1s (default)
2019-07-16 14:16:17,808 INFO  server.RaftServerConfigKeys (ConfUtils.java:logGet(43)) - raft.server.watch.element-limit = 65536 (default)
2019-07-16 14:16:17,808 INFO  impl.RoleInfo (RoleInfo.java:updateAndGet(143)) - 7e950948-66b0-4c68-850b-973d12b9b116: start LeaderState
2019-07-16 14:16:17,809 INFO  segmented.SegmentedRaftLogWorker (SegmentedRaftLogWorker.java:startLogSegment(380)) - 7e950948-66b0-4c68-850b-973d12b9b116-SegmentedRaftLogWorker:Storage Directory /workdir/hadoop-ozone/integration-test/target/test-dir/MiniOzoneClusterImpl-1cb566eb-abe6-46fc-8d39-7a473e5c4489/datanode-5/data/ratis/e4b215e7-325f-4615-bd23-822156170c59: Starting segment from index:0
2019-07-16 14:16:17,809 INFO  impl.RaftServerImpl (ServerState.java:setRaftConf(361)) - 7e950948-66b0-4c68-850b-973d12b9b116:group-822156170C59 set configuration 0: [7e950948-66b0-4c68-850b-973d12b9b116:192.168.157.241:45775], old=null at 0
2019-07-16 14:16:17,840 INFO  segmented.SegmentedRaftLogWorker (SegmentedRaftLogWorker.java:execute(569)) - 7e950948-66b0-4c68-850b-973d12b9b116-SegmentedRaftLogWorker:Storage Directory /workdir/hadoop-ozone/integration-test/target/test-dir/MiniOzoneClusterImpl-1cb566eb-abe6-46fc-8d39-7a473e5c4489/datanode-5/data/ratis/e4b215e7-325f-4615-bd23-822156170c59: created new log segment /workdir/hadoop-ozone/integration-test/target/test-dir/MiniOzoneClusterImpl-1cb566eb-abe6-46fc-8d39-7a473e5c4489/datanode-5/data/ratis/e4b215e7-325f-4615-bd23-822156170c59/current/log_inprogress_0
2019-07-16 14:16:17,952 INFO  impl.FollowerState (FollowerState.java:run(106)) - 7e950948-66b0-4c68-850b-973d12b9b116:group-ABE7A3F0ACB7 changes to CANDIDATE, lastRpcTime:5157, electionTimeout:5157ms
2019-07-16 14:16:17,952 INFO  impl.RoleInfo (RoleInfo.java:shutdownFollowerState(121)) - 7e950948-66b0-4c68-850b-973d12b9b116: shutdown FollowerState
2019-07-16 14:16:17,953 INFO  impl.RaftServerImpl (RaftServerImpl.java:setRole(171)) - 7e950948-66b0-4c68-850b-973d12b9b116:group-ABE7A3F0ACB7 changes role from FOLLOWER to CANDIDATE at term 0 for changeToCandidate
2019-07-16 14:16:17,953 INFO  impl.RoleInfo (RoleInfo.java:updateAndGet(143)) - 7e950948-66b0-4c68-850b-973d12b9b116: start LeaderElection
2019-07-16 14:16:17,976 INFO  impl.LeaderElection (LeaderElection.java:askForVotes(181)) - 7e950948-66b0-4c68-850b-973d12b9b116:group-ABE7A3F0ACB7:LeaderElection66: begin an election at term 1 for -1: [fc8f7ff1-056c-46f0-a227-c32ca347d247:192.168.157.241:33283, 4adb3522-73de-4f4e-a47f-72bc7b8ef86f:192.168.157.241:44157, 7e950948-66b0-4c68-850b-973d12b9b116:192.168.157.241:45775], old=null
2019-07-16 14:16:17,991 INFO  impl.RaftServerImpl (RaftServerImpl.java:setRole(171)) - 4adb3522-73de-4f4e-a47f-72bc7b8ef86f:group-ABE7A3F0ACB7 changes role from FOLLOWER to FOLLOWER at term 1 for recognizeCandidate:7e950948-66b0-4c68-850b-973d12b9b116
2019-07-16 14:16:17,991 INFO  impl.RaftServerImpl (RaftServerImpl.java:setRole(171)) - fc8f7ff1-056c-46f0-a227-c32ca347d247:group-ABE7A3F0ACB7 changes role from FOLLOWER to FOLLOWER at term 1 for recognizeCandidate:7e950948-66b0-4c68-850b-973d12b9b116
2019-07-16 14:16:17,991 INFO  impl.RoleInfo (RoleInfo.java:shutdownFollowerState(121)) - 4adb3522-73de-4f4e-a47f-72bc7b8ef86f: shutdown FollowerState
2019-07-16 14:16:17,991 INFO  impl.RoleInfo (RoleInfo.java:shutdownFollowerState(121)) - fc8f7ff1-056c-46f0-a227-c32ca347d247: shutdown FollowerState
2019-07-16 14:16:17,996 INFO  impl.FollowerState (FollowerState.java:run(114)) - 4adb3522-73de-4f4e-a47f-72bc7b8ef86f: FollowerState was interrupted: java.lang.InterruptedException: sleep interrupted
2019-07-16 14:16:17,996 INFO  impl.RoleInfo (RoleInfo.java:updateAndGet(143)) - 4adb3522-73de-4f4e-a47f-72bc7b8ef86f: start FollowerState
2019-07-16 14:16:17,996 INFO  impl.RoleInfo (RoleInfo.java:updateAndGet(143)) - fc8f7ff1-056c-46f0-a227-c32ca347d247: start FollowerState
2019-07-16 14:16:18,020 INFO  impl.LeaderElection (LeaderElection.java:logAndReturn(56)) - 7e950948-66b0-4c68-850b-973d12b9b116:group-ABE7A3F0ACB7:LeaderElection66: Election PASSED; received 1 response(s) [7e950948-66b0-4c68-850b-973d12b9b116<-fc8f7ff1-056c-46f0-a227-c32ca347d247#0:OK-t1] and 0 exception(s); 7e950948-66b0-4c68-850b-973d12b9b116:t1, leader=null, voted=7e950948-66b0-4c68-850b-973d12b9b116, raftlog=7e950948-66b0-4c68-850b-973d12b9b116-SegmentedRaftLog:OPENED:c-1,f-1,i0, conf=-1: [fc8f7ff1-056c-46f0-a227-c32ca347d247:192.168.157.241:33283, 4adb3522-73de-4f4e-a47f-72bc7b8ef86f:192.168.157.241:44157, 7e950948-66b0-4c68-850b-973d12b9b116:192.168.157.241:45775], old=null
2019-07-16 14:16:18,020 INFO  impl.RoleInfo (RoleInfo.java:shutdownLeaderElection(134)) - 7e950948-66b0-4c68-850b-973d12b9b116: shutdown LeaderElection
2019-07-16 14:16:18,020 INFO  impl.RaftServerImpl (RaftServerImpl.java:setRole(171)) - 7e950948-66b0-4c68-850b-973d12b9b116:group-ABE7A3F0ACB7 changes role from CANDIDATE to LEADER at term 1 for changeToLeader
2019-07-16 14:16:18,020 INFO  impl.RaftServerImpl (ServerState.java:setLeader(263)) - 7e950948-66b0-4c68-850b-973d12b9b116:group-ABE7A3F0ACB7 change Leader from null to 7e950948-66b0-4c68-850b-973d12b9b116 at term 1 for becomeLeader, leader elected after 5232ms
2019-07-16 14:16:18,020 INFO  server.RaftServerConfigKeys (ConfUtils.java:logGet(43)) - raft.server.staging.catchup.gap = 1000 (default)
2019-07-16 14:16:18,021 INFO  server.RaftServerConfigKeys (ConfUtils.java:logGet(43)) - raft.server.rpc.sleep.time = 25ms (default)
2019-07-16 14:16:18,021 INFO  server.RaftServerConfigKeys (ConfUtils.java:logGet(43)) - raft.server.write.element-limit = 4096 (default)
2019-07-16 14:16:18,021 INFO  server.RaftServerConfigKeys (ConfUtils.java:logGet(43)) - raft.server.watch.timeout = 10s (default)
2019-07-16 14:16:18,021 INFO  server.RaftServerConfigKeys (ConfUtils.java:logGet(43)) - raft.server.watch.timeout.denomination = 1s (default)
2019-07-16 14:16:18,021 INFO  server.RaftServerConfigKeys (ConfUtils.java:logGet(43)) - raft.server.watch.element-limit = 65536 (default)
2019-07-16 14:16:18,022 INFO  server.RaftServerConfigKeys (ConfUtils.java:logGet(43)) - raft.server.log.appender.snapshot.chunk.size.max = 16MB (=16777216) (default)
2019-07-16 14:16:18,022 INFO  server.RaftServerConfigKeys (ConfUtils.java:logGet(43)) - raft.server.log.appender.buffer.byte-limit = 33554432 (custom)
2019-07-16 14:16:18,022 INFO  server.RaftServerConfigKeys (ConfUtils.java:logGet(43)) - raft.server.log.appender.buffer.element-limit = 1 (custom)
2019-07-16 14:16:18,022 INFO  grpc.GrpcConfigKeys$Server (ConfUtils.java:logGet(43)) - raft.grpc.server.leader.outstanding.appends.max = 128 (default)
2019-07-16 14:16:18,023 INFO  server.RaftServerConfigKeys (ConfUtils.java:logGet(43)) - raft.server.rpc.request.timeout = 3000ms (default)
2019-07-16 14:16:18,023 INFO  server.RaftServerConfigKeys (ConfUtils.java:logGet(43)) - raft.server.log.appender.install.snapshot.enabled = false (custom)
2019-07-16 14:16:18,023 INFO  server.RaftServerConfigKeys (ConfUtils.java:logGet(43)) - raft.server.log.appender.snapshot.chunk.size.max = 16MB (=16777216) (default)
2019-07-16 14:16:18,023 INFO  server.RaftServerConfigKeys (ConfUtils.java:logGet(43)) - raft.server.log.appender.buffer.byte-limit = 33554432 (custom)
2019-07-16 14:16:18,023 INFO  server.RaftServerConfigKeys (ConfUtils.java:logGet(43)) - raft.server.log.appender.buffer.element-limit = 1 (custom)
2019-07-16 14:16:18,024 INFO  grpc.GrpcConfigKeys$Server (ConfUtils.java:logGet(43)) - raft.grpc.server.leader.outstanding.appends.max = 128 (default)
2019-07-16 14:16:18,024 INFO  server.RaftServerConfigKeys (ConfUtils.java:logGet(43)) - raft.server.rpc.request.timeout = 3000ms (default)
2019-07-16 14:16:18,024 INFO  server.RaftServerConfigKeys (ConfUtils.java:logGet(43)) - raft.server.log.appender.install.snapshot.enabled = false (custom)
2019-07-16 14:16:18,024 INFO  impl.RoleInfo (RoleInfo.java:updateAndGet(143)) - 7e950948-66b0-4c68-850b-973d12b9b116: start LeaderState
2019-07-16 14:16:18,024 INFO  segmented.SegmentedRaftLogWorker (SegmentedRaftLogWorker.java:startLogSegment(380)) - 7e950948-66b0-4c68-850b-973d12b9b116-SegmentedRaftLogWorker:Storage Directory /workdir/hadoop-ozone/integration-test/target/test-dir/MiniOzoneClusterImpl-1cb566eb-abe6-46fc-8d39-7a473e5c4489/datanode-5/data/ratis/8b974462-2b2e-4be1-97e6-abe7a3f0acb7: Starting segment from index:0
2019-07-16 14:16:18,025 INFO  impl.RaftServerImpl (ServerState.java:setRaftConf(361)) - 7e950948-66b0-4c68-850b-973d12b9b116:group-ABE7A3F0ACB7 set configuration 0: [fc8f7ff1-056c-46f0-a227-c32ca347d247:192.168.157.241:33283, 4adb3522-73de-4f4e-a47f-72bc7b8ef86f:192.168.157.241:44157, 7e950948-66b0-4c68-850b-973d12b9b116:192.168.157.241:45775], old=null at 0
2019-07-16 14:16:18,027 INFO  impl.RaftServerImpl (ServerState.java:setLeader(263)) - fc8f7ff1-056c-46f0-a227-c32ca347d247:group-ABE7A3F0ACB7 change Leader from null to 7e950948-66b0-4c68-850b-973d12b9b116 at term 1 for appendEntries, leader elected after 5239ms
2019-07-16 14:16:18,048 INFO  impl.RaftServerImpl (ServerState.java:setLeader(263)) - 4adb3522-73de-4f4e-a47f-72bc7b8ef86f:group-ABE7A3F0ACB7 change Leader from null to 7e950948-66b0-4c68-850b-973d12b9b116 at term 1 for appendEntries, leader elected after 5260ms
2019-07-16 14:16:18,051 INFO  impl.RaftServerImpl (ServerState.java:setRaftConf(361)) - 4adb3522-73de-4f4e-a47f-72bc7b8ef86f:group-ABE7A3F0ACB7 set configuration 0: [fc8f7ff1-056c-46f0-a227-c32ca347d247:192.168.157.241:33283, 4adb3522-73de-4f4e-a47f-72bc7b8ef86f:192.168.157.241:44157, 7e950948-66b0-4c68-850b-973d12b9b116:192.168.157.241:45775], old=null at 0
2019-07-16 14:16:18,052 INFO  impl.RaftServerImpl (ServerState.java:setRaftConf(361)) - fc8f7ff1-056c-46f0-a227-c32ca347d247:group-ABE7A3F0ACB7 set configuration 0: [fc8f7ff1-056c-46f0-a227-c32ca347d247:192.168.157.241:33283, 4adb3522-73de-4f4e-a47f-72bc7b8ef86f:192.168.157.241:44157, 7e950948-66b0-4c68-850b-973d12b9b116:192.168.157.241:45775], old=null at 0
2019-07-16 14:16:18,052 INFO  segmented.SegmentedRaftLogWorker (SegmentedRaftLogWorker.java:execute(569)) - 7e950948-66b0-4c68-850b-973d12b9b116-SegmentedRaftLogWorker:Storage Directory /workdir/hadoop-ozone/integration-test/target/test-dir/MiniOzoneClusterImpl-1cb566eb-abe6-46fc-8d39-7a473e5c4489/datanode-5/data/ratis/8b974462-2b2e-4be1-97e6-abe7a3f0acb7: created new log segment /workdir/hadoop-ozone/integration-test/target/test-dir/MiniOzoneClusterImpl-1cb566eb-abe6-46fc-8d39-7a473e5c4489/datanode-5/data/ratis/8b974462-2b2e-4be1-97e6-abe7a3f0acb7/current/log_inprogress_0
2019-07-16 14:16:18,052 INFO  segmented.SegmentedRaftLogWorker (SegmentedRaftLogWorker.java:startLogSegment(380)) - 4adb3522-73de-4f4e-a47f-72bc7b8ef86f-SegmentedRaftLogWorker:Storage Directory /workdir/hadoop-ozone/integration-test/target/test-dir/MiniOzoneClusterImpl-1cb566eb-abe6-46fc-8d39-7a473e5c4489/datanode-3/data/ratis/8b974462-2b2e-4be1-97e6-abe7a3f0acb7: Starting segment from index:0
2019-07-16 14:16:18,052 INFO  segmented.SegmentedRaftLogWorker (SegmentedRaftLogWorker.java:startLogSegment(380)) - fc8f7ff1-056c-46f0-a227-c32ca347d247-SegmentedRaftLogWorker:Storage Directory /workdir/hadoop-ozone/integration-test/target/test-dir/MiniOzoneClusterImpl-1cb566eb-abe6-46fc-8d39-7a473e5c4489/datanode-4/data/ratis/8b974462-2b2e-4be1-97e6-abe7a3f0acb7: Starting segment from index:0
2019-07-16 14:16:18,075 INFO  segmented.SegmentedRaftLogWorker (SegmentedRaftLogWorker.java:execute(569)) - 4adb3522-73de-4f4e-a47f-72bc7b8ef86f-SegmentedRaftLogWorker:Storage Directory /workdir/hadoop-ozone/integration-test/target/test-dir/MiniOzoneClusterImpl-1cb566eb-abe6-46fc-8d39-7a473e5c4489/datanode-3/data/ratis/8b974462-2b2e-4be1-97e6-abe7a3f0acb7: created new log segment /workdir/hadoop-ozone/integration-test/target/test-dir/MiniOzoneClusterImpl-1cb566eb-abe6-46fc-8d39-7a473e5c4489/datanode-3/data/ratis/8b974462-2b2e-4be1-97e6-abe7a3f0acb7/current/log_inprogress_0
2019-07-16 14:16:18,075 INFO  segmented.SegmentedRaftLogWorker (SegmentedRaftLogWorker.java:execute(569)) - fc8f7ff1-056c-46f0-a227-c32ca347d247-SegmentedRaftLogWorker:Storage Directory /workdir/hadoop-ozone/integration-test/target/test-dir/MiniOzoneClusterImpl-1cb566eb-abe6-46fc-8d39-7a473e5c4489/datanode-4/data/ratis/8b974462-2b2e-4be1-97e6-abe7a3f0acb7: created new log segment /workdir/hadoop-ozone/integration-test/target/test-dir/MiniOzoneClusterImpl-1cb566eb-abe6-46fc-8d39-7a473e5c4489/datanode-4/data/ratis/8b974462-2b2e-4be1-97e6-abe7a3f0acb7/current/log_inprogress_0
2019-07-16 14:16:18,078 INFO  impl.FollowerState (FollowerState.java:run(106)) - 5624825a-5eac-4f9a-9fe5-6e0d376261c8:group-12AED2395C2A changes to CANDIDATE, lastRpcTime:5100, electionTimeout:5100ms
2019-07-16 14:16:18,079 INFO  impl.RoleInfo (RoleInfo.java:shutdownFollowerState(121)) - 5624825a-5eac-4f9a-9fe5-6e0d376261c8: shutdown FollowerState
2019-07-16 14:16:18,079 INFO  impl.RaftServerImpl (RaftServerImpl.java:setRole(171)) - 5624825a-5eac-4f9a-9fe5-6e0d376261c8:group-12AED2395C2A changes role from FOLLOWER to CANDIDATE at term 0 for changeToCandidate
2019-07-16 14:16:18,079 INFO  impl.RoleInfo (RoleInfo.java:updateAndGet(143)) - 5624825a-5eac-4f9a-9fe5-6e0d376261c8: start LeaderElection
2019-07-16 14:16:18,096 INFO  impl.LeaderElection (LeaderElection.java:askForVotes(181)) - 5624825a-5eac-4f9a-9fe5-6e0d376261c8:group-12AED2395C2A:LeaderElection67: begin an election at term 1 for -1: [5624825a-5eac-4f9a-9fe5-6e0d376261c8:192.168.157.241:36660], old=null
2019-07-16 14:16:18,096 INFO  impl.RoleInfo (RoleInfo.java:shutdownLeaderElection(134)) - 5624825a-5eac-4f9a-9fe5-6e0d376261c8: shutdown LeaderElection
2019-07-16 14:16:18,096 INFO  impl.RaftServerImpl (RaftServerImpl.java:setRole(171)) - 5624825a-5eac-4f9a-9fe5-6e0d376261c8:group-12AED2395C2A changes role from CANDIDATE to LEADER at term 1 for changeToLeader
2019-07-16 14:16:18,096 INFO  impl.RaftServerImpl (ServerState.java:setLeader(263)) - 5624825a-5eac-4f9a-9fe5-6e0d376261c8:group-12AED2395C2A change Leader from null to 5624825a-5eac-4f9a-9fe5-6e0d376261c8 at term 1 for becomeLeader, leader elected after 5126ms
2019-07-16 14:16:18,097 INFO  server.RaftServerConfigKeys (ConfUtils.java:logGet(43)) - raft.server.staging.catchup.gap = 1000 (default)
2019-07-16 14:16:18,097 INFO  server.RaftServerConfigKeys (ConfUtils.java:logGet(43)) - raft.server.rpc.sleep.time = 25ms (default)
2019-07-16 14:16:18,097 INFO  server.RaftServerConfigKeys (ConfUtils.java:logGet(43)) - raft.server.write.element-limit = 4096 (default)
2019-07-16 14:16:18,097 INFO  server.RaftServerConfigKeys (ConfUtils.java:logGet(43)) - raft.server.watch.timeout = 10s (default)
2019-07-16 14:16:18,097 INFO  server.RaftServerConfigKeys (ConfUtils.java:logGet(43)) - raft.server.watch.timeout.denomination = 1s (default)
2019-07-16 14:16:18,097 INFO  server.RaftServerConfigKeys (ConfUtils.java:logGet(43)) - raft.server.watch.element-limit = 65536 (default)
2019-07-16 14:16:18,098 INFO  impl.RoleInfo (RoleInfo.java:updateAndGet(143)) - 5624825a-5eac-4f9a-9fe5-6e0d376261c8: start LeaderState
2019-07-16 14:16:18,098 INFO  segmented.SegmentedRaftLogWorker (SegmentedRaftLogWorker.java:startLogSegment(380)) - 5624825a-5eac-4f9a-9fe5-6e0d376261c8-SegmentedRaftLogWorker:Storage Directory /workdir/hadoop-ozone/integration-test/target/test-dir/MiniOzoneClusterImpl-1cb566eb-abe6-46fc-8d39-7a473e5c4489/datanode-6/data/ratis/90b76520-fcef-47bc-98f2-12aed2395c2a: Starting segment from index:0
2019-07-16 14:16:18,098 INFO  impl.RaftServerImpl (ServerState.java:setRaftConf(361)) - 5624825a-5eac-4f9a-9fe5-6e0d376261c8:group-12AED2395C2A set configuration 0: [5624825a-5eac-4f9a-9fe5-6e0d376261c8:192.168.157.241:36660], old=null at 0
2019-07-16 14:16:18,122 INFO  segmented.SegmentedRaftLogWorker (SegmentedRaftLogWorker.java:execute(569)) - 5624825a-5eac-4f9a-9fe5-6e0d376261c8-SegmentedRaftLogWorker:Storage Directory /workdir/hadoop-ozone/integration-test/target/test-dir/MiniOzoneClusterImpl-1cb566eb-abe6-46fc-8d39-7a473e5c4489/datanode-6/data/ratis/90b76520-fcef-47bc-98f2-12aed2395c2a: created new log segment /workdir/hadoop-ozone/integration-test/target/test-dir/MiniOzoneClusterImpl-1cb566eb-abe6-46fc-8d39-7a473e5c4489/datanode-6/data/ratis/90b76520-fcef-47bc-98f2-12aed2395c2a/current/log_inprogress_0
2019-07-16 14:16:18,133 INFO  client.GrpcClientProtocolClient (GrpcClientProtocolClient.java:onNext(255)) - client-C7635513F02A->ce30a503-6e02-452f-ba1f-f207c1d38bf3: receive RaftClientReply:client-C7635513F02A->ce30a503-6e02-452f-ba1f-f207c1d38bf3@group-10F3E4DA1DEE, cid=91, FAILED org.apache.ratis.protocol.NotLeaderException: Server ce30a503-6e02-452f-ba1f-f207c1d38bf3 is not the leader (888503fb-f734-4c7c-9b82-330fcea6e78c:192.168.157.241:40944). Request must be sent to leader., logIndex=0, commits[ce30a503-6e02-452f-ba1f-f207c1d38bf3:c-1, 5e1f60d6-eb7d-4cb0-856a-7059979ee06b:c-1, 888503fb-f734-4c7c-9b82-330fcea6e78c:c-1]
2019-07-16 14:16:18,247 INFO  client.GrpcClientProtocolClient (GrpcClientProtocolClient.java:onNext(255)) - client-C7635513F02A->888503fb-f734-4c7c-9b82-330fcea6e78c: receive RaftClientReply:client-C7635513F02A->888503fb-f734-4c7c-9b82-330fcea6e78c@group-10F3E4DA1DEE, cid=91, SUCCESS, logIndex=1, commits[888503fb-f734-4c7c-9b82-330fcea6e78c:c2, 5e1f60d6-eb7d-4cb0-856a-7059979ee06b:c1, ce30a503-6e02-452f-ba1f-f207c1d38bf3:c1]
2019-07-16 14:16:18,248 INFO  datanode.ObjectStoreHandler (ObjectStoreHandler.java:close(155)) - Closing ObjectStoreHandler.
2019-07-16 14:16:18,248 INFO  ozone.HddsDatanodeService (HddsDatanodeService.java:stop(452)) - Stopped plug-in org.apache.hadoop.ozone.web.OzoneHddsDatanodeService@2220c5f7
2019-07-16 14:16:19,243 INFO  statemachine.DatanodeStateMachine (DatanodeStateMachine.java:lambda$startDaemon$0(350)) - Ozone container server started.
2019-07-16 14:16:23,249 INFO  ozoneimpl.OzoneContainer (OzoneContainer.java:stop(199)) - Attempting to stop container services.
2019-07-16 14:16:23,250 INFO  impl.RaftServerProxy (RaftServerProxy.java:lambda$close$4(314)) - 888503fb-f734-4c7c-9b82-330fcea6e78c: close
2019-07-16 14:16:23,251 INFO  impl.RaftServerImpl (RaftServerImpl.java:lambda$shutdown$3(245)) - 888503fb-f734-4c7c-9b82-330fcea6e78c: shutdown group-192DB229CA2E
2019-07-16 14:16:23,251 INFO  impl.RaftServerImpl (RaftServerImpl.java:lambda$shutdown$3(245)) - 888503fb-f734-4c7c-9b82-330fcea6e78c: shutdown group-10F3E4DA1DEE
2019-07-16 14:16:23,251 INFO  util.JmxRegister (JmxRegister.java:unregister(73)) - Successfully un-registered JMX Bean with object name Ratis:service=RaftServer,group=group-192DB229CA2E,id=888503fb-f734-4c7c-9b82-330fcea6e78c
2019-07-16 14:16:23,252 INFO  util.JmxRegister (JmxRegister.java:unregister(73)) - Successfully un-registered JMX Bean with object name Ratis:service=RaftServer,group=group-10F3E4DA1DEE,id=888503fb-f734-4c7c-9b82-330fcea6e78c
2019-07-16 14:16:23,252 INFO  impl.RoleInfo (RoleInfo.java:shutdownLeaderState(104)) - 888503fb-f734-4c7c-9b82-330fcea6e78c: shutdown LeaderState
2019-07-16 14:16:23,252 INFO  impl.RoleInfo (RoleInfo.java:shutdownLeaderState(104)) - 888503fb-f734-4c7c-9b82-330fcea6e78c: shutdown LeaderState
2019-07-16 14:16:23,253 INFO  impl.PendingRequests (PendingRequests.java:sendNotLeaderResponses(202)) - 888503fb-f734-4c7c-9b82-330fcea6e78c-PendingRequests: sendNotLeaderResponses
2019-07-16 14:16:23,263 WARN  server.GrpcLogAppender (GrpcLogAppender.java:mayWait(143)) - GrpcLogAppender(888503fb-f734-4c7c-9b82-330fcea6e78c->5e1f60d6-eb7d-4cb0-856a-7059979ee06b): Wait interrupted by java.lang.InterruptedException
2019-07-16 14:16:23,263 WARN  server.GrpcLogAppender (GrpcLogAppender.java:mayWait(143)) - GrpcLogAppender(888503fb-f734-4c7c-9b82-330fcea6e78c->ce30a503-6e02-452f-ba1f-f207c1d38bf3): Wait interrupted by java.lang.InterruptedException
2019-07-16 14:16:23,263 INFO  impl.PendingRequests (PendingRequests.java:sendNotLeaderResponses(202)) - 888503fb-f734-4c7c-9b82-330fcea6e78c-PendingRequests: sendNotLeaderResponses
2019-07-16 14:16:23,264 INFO  server.GrpcServerProtocolService (GrpcServerProtocolService.java:onCompleted(104)) - 5e1f60d6-eb7d-4cb0-856a-7059979ee06b: appendEntries completed
2019-07-16 14:16:23,282 INFO  server.GrpcServerProtocolService (GrpcServerProtocolService.java:onCompleted(104)) - ce30a503-6e02-452f-ba1f-f207c1d38bf3: appendEntries completed
2019-07-16 14:16:23,263 INFO  impl.StateMachineUpdater (StateMachineUpdater.java:stopAndJoin(115)) - StateMachineUpdater:888503fb-f734-4c7c-9b82-330fcea6e78c:group-192DB229CA2E: set stopIndex = 0
2019-07-16 14:16:23,286 INFO  impl.RaftServerImpl (ServerState.java:close(394)) - 888503fb-f734-4c7c-9b82-330fcea6e78c:group-192DB229CA2E closes. The last applied log index is 0
2019-07-16 14:16:23,282 INFO  ratis.ContainerStateMachine (ContainerStateMachine.java:takeSnapshot(249)) - group-10F3E4DA1DEE: Taking a snapshot at:(t:1, i:2) file /workdir/hadoop-ozone/integration-test/target/test-dir/MiniOzoneClusterImpl-1cb566eb-abe6-46fc-8d39-7a473e5c4489/datanode-0/data/ratis/cc903b4a-3d37-49c2-9113-10f3e4da1dee/sm/snapshot.1_2
2019-07-16 14:16:23,282 INFO  impl.StateMachineUpdater (StateMachineUpdater.java:stopAndJoin(115)) - StateMachineUpdater:888503fb-f734-4c7c-9b82-330fcea6e78c:group-10F3E4DA1DEE: set stopIndex = 2
2019-07-16 14:16:23,287 INFO  segmented.SegmentedRaftLogWorker (SegmentedRaftLogWorker.java:run(313)) - 888503fb-f734-4c7c-9b82-330fcea6e78c-SegmentedRaftLogWorker:Storage Directory /workdir/hadoop-ozone/integration-test/target/test-dir/MiniOzoneClusterImpl-1cb566eb-abe6-46fc-8d39-7a473e5c4489/datanode-0/data/ratis/f9e2ba58-198a-4426-8ccd-192db229ca2e was interrupted, exiting. There are 0 tasks remaining in the queue.
2019-07-16 14:16:23,287 INFO  server.GrpcLogAppender (GrpcLogAppender.java:onCompleted(292)) - 888503fb-f734-4c7c-9b82-330fcea6e78c->ce30a503-6e02-452f-ba1f-f207c1d38bf3: follower responses appendEntries COMPLETED
2019-07-16 14:16:23,287 INFO  server.GrpcLogAppender (GrpcLogAppender.java:onCompleted(292)) - 888503fb-f734-4c7c-9b82-330fcea6e78c->5e1f60d6-eb7d-4cb0-856a-7059979ee06b: follower responses appendEntries COMPLETED
2019-07-16 14:16:23,288 INFO  segmented.SegmentedRaftLogWorker (SegmentedRaftLogWorker.java:close(228)) - 888503fb-f734-4c7c-9b82-330fcea6e78c-SegmentedRaftLogWorker:Storage Directory /workdir/hadoop-ozone/integration-test/target/test-dir/MiniOzoneClusterImpl-1cb566eb-abe6-46fc-8d39-7a473e5c4489/datanode-0/data/ratis/f9e2ba58-198a-4426-8ccd-192db229ca2e close()
2019-07-16 14:16:23,288 INFO  ratis.ContainerStateMachine (ContainerStateMachine.java:takeSnapshot(257)) - group-10F3E4DA1DEE: Finished taking a snapshot at:(t:1, i:2) file:/workdir/hadoop-ozone/integration-test/target/test-dir/MiniOzoneClusterImpl-1cb566eb-abe6-46fc-8d39-7a473e5c4489/datanode-0/data/ratis/cc903b4a-3d37-49c2-9113-10f3e4da1dee/sm/snapshot.1_2 time:5
2019-07-16 14:16:23,292 INFO  impl.StateMachineUpdater (StateMachineUpdater.java:takeSnapshot(242)) - StateMachineUpdater:888503fb-f734-4c7c-9b82-330fcea6e78c:group-10F3E4DA1DEE: Took a snapshot at index 2
2019-07-16 14:16:23,288 INFO  impl.FollowerInfo (FollowerInfo.java:lambda$new$0(50)) - 888503fb-f734-4c7c-9b82-330fcea6e78c->5e1f60d6-eb7d-4cb0-856a-7059979ee06b: nextIndex: updateUnconditionally 3 -> 2
2019-07-16 14:16:23,288 INFO  impl.FollowerInfo (FollowerInfo.java:lambda$new$0(50)) - 888503fb-f734-4c7c-9b82-330fcea6e78c->ce30a503-6e02-452f-ba1f-f207c1d38bf3: nextIndex: updateUnconditionally 3 -> 2
2019-07-16 14:16:23,292 INFO  impl.StateMachineUpdater (StateMachineUpdater.java:lambda$new$0(80)) - StateMachineUpdater:888503fb-f734-4c7c-9b82-330fcea6e78c:group-10F3E4DA1DEE: snapshotIndex: updateIncreasingly -1 -> 2
2019-07-16 14:16:23,293 INFO  impl.RaftServerImpl (ServerState.java:close(394)) - 888503fb-f734-4c7c-9b82-330fcea6e78c:group-10F3E4DA1DEE closes. The last applied log index is 2
2019-07-16 14:16:23,294 INFO  segmented.SegmentedRaftLogWorker (SegmentedRaftLogWorker.java:run(313)) - 888503fb-f734-4c7c-9b82-330fcea6e78c-SegmentedRaftLogWorker:Storage Directory /workdir/hadoop-ozone/integration-test/target/test-dir/MiniOzoneClusterImpl-1cb566eb-abe6-46fc-8d39-7a473e5c4489/datanode-0/data/ratis/cc903b4a-3d37-49c2-9113-10f3e4da1dee was interrupted, exiting. There are 0 tasks remaining in the queue.
2019-07-16 14:16:23,294 INFO  segmented.SegmentedRaftLogWorker (SegmentedRaftLogWorker.java:close(228)) - 888503fb-f734-4c7c-9b82-330fcea6e78c-SegmentedRaftLogWorker:Storage Directory /workdir/hadoop-ozone/integration-test/target/test-dir/MiniOzoneClusterImpl-1cb566eb-abe6-46fc-8d39-7a473e5c4489/datanode-0/data/ratis/cc903b4a-3d37-49c2-9113-10f3e4da1dee close()
2019-07-16 14:16:23,297 INFO  server.GrpcService (GrpcService.java:closeImpl(155)) - 888503fb-f734-4c7c-9b82-330fcea6e78c: shutdown server with port 40944 now
2019-07-16 14:16:23,299 INFO  server.GrpcService (GrpcService.java:closeImpl(163)) - 888503fb-f734-4c7c-9b82-330fcea6e78c: shutdown server with port 40944 successfully
2019-07-16 14:16:23,300 INFO  utils.BackgroundService (BackgroundService.java:shutdown(148)) - Shutting down service BlockDeletingService
2019-07-16 14:16:23,301 WARN  fs.CachingGetSpaceUsed (CachingGetSpaceUsed.java:run(183)) - Thread Interrupted waiting to refresh disk information: sleep interrupted
2019-07-16 14:16:23,328 INFO  statemachine.DatanodeStateMachine (DatanodeStateMachine.java:stopDaemon(395)) - Ozone container server stopped.
2019-07-16 14:16:23,329 INFO  handler.ContextHandler (ContextHandler.java:doStop(910)) - Stopped o.e.j.w.WebAppContext@53813f01{/,null,UNAVAILABLE}{/hddsDatanode}
2019-07-16 14:16:23,330 INFO  server.AbstractConnector (AbstractConnector.java:doStop(318)) - Stopped ServerConnector@514c6ca0{HTTP/1.1,[http/1.1]}{0.0.0.0:0}
2019-07-16 14:16:23,330 INFO  handler.ContextHandler (ContextHandler.java:doStop(910)) - Stopped o.e.j.s.ServletContextHandler@12d28106{/static,jar:file:/home/user/.m2/repository/org/apache/hadoop/hadoop-hdds-container-service/0.5.0-SNAPSHOT/hadoop-hdds-container-service-0.5.0-SNAPSHOT.jar!/webapps/static,UNAVAILABLE}
2019-07-16 14:16:23,330 INFO  handler.ContextHandler (ContextHandler.java:doStop(910)) - Stopped o.e.j.s.ServletContextHandler@55c78556{/logs,file:///workdir/hadoop-ozone/integration-test/target/log,UNAVAILABLE}
2019-07-16 14:16:25,365 INFO  client.GrpcClientProtocolClient (GrpcClientProtocolClient.java:onNext(255)) - client-C7635513F02A->ce30a503-6e02-452f-ba1f-f207c1d38bf3: receive RaftClientReply:client-C7635513F02A->ce30a503-6e02-452f-ba1f-f207c1d38bf3@group-10F3E4DA1DEE, cid=92, FAILED org.apache.ratis.protocol.NotLeaderException: Server ce30a503-6e02-452f-ba1f-f207c1d38bf3 is not the leader (888503fb-f734-4c7c-9b82-330fcea6e78c:192.168.157.241:40944). Request must be sent to leader., logIndex=0, commits[ce30a503-6e02-452f-ba1f-f207c1d38bf3:c2, 5e1f60d6-eb7d-4cb0-856a-7059979ee06b:c2, 888503fb-f734-4c7c-9b82-330fcea6e78c:c2]
2019-07-16 14:16:26,406 INFO  client.GrpcClientProtocolClient (GrpcClientProtocolClient.java:onNext(255)) - client-C7635513F02A->ce30a503-6e02-452f-ba1f-f207c1d38bf3: receive RaftClientReply:client-C7635513F02A->ce30a503-6e02-452f-ba1f-f207c1d38bf3@group-10F3E4DA1DEE, cid=92, FAILED org.apache.ratis.protocol.NotLeaderException: Server ce30a503-6e02-452f-ba1f-f207c1d38bf3 is not the leader (888503fb-f734-4c7c-9b82-330fcea6e78c:192.168.157.241:40944). Request must be sent to leader., logIndex=0, commits[ce30a503-6e02-452f-ba1f-f207c1d38bf3:c2, 5e1f60d6-eb7d-4cb0-856a-7059979ee06b:c2, 888503fb-f734-4c7c-9b82-330fcea6e78c:c2]
2019-07-16 14:16:27,450 INFO  client.GrpcClientProtocolClient (GrpcClientProtocolClient.java:onNext(255)) - client-C7635513F02A->5e1f60d6-eb7d-4cb0-856a-7059979ee06b: receive RaftClientReply:client-C7635513F02A->5e1f60d6-eb7d-4cb0-856a-7059979ee06b@group-10F3E4DA1DEE, cid=92, FAILED org.apache.ratis.protocol.NotLeaderException: Server 5e1f60d6-eb7d-4cb0-856a-7059979ee06b is not the leader (888503fb-f734-4c7c-9b82-330fcea6e78c:192.168.157.241:40944). Request must be sent to leader., logIndex=0, commits[5e1f60d6-eb7d-4cb0-856a-7059979ee06b:c2, ce30a503-6e02-452f-ba1f-f207c1d38bf3:c2, 888503fb-f734-4c7c-9b82-330fcea6e78c:c2]
2019-07-16 14:16:28,521 INFO  client.GrpcClientProtocolClient (GrpcClientProtocolClient.java:onNext(255)) - client-C7635513F02A->ce30a503-6e02-452f-ba1f-f207c1d38bf3: receive RaftClientReply:client-C7635513F02A->ce30a503-6e02-452f-ba1f-f207c1d38bf3@group-10F3E4DA1DEE, cid=92, FAILED org.apache.ratis.protocol.NotLeaderException: Server ce30a503-6e02-452f-ba1f-f207c1d38bf3 is not the leader (888503fb-f734-4c7c-9b82-330fcea6e78c:192.168.157.241:40944). Request must be sent to leader., logIndex=0, commits[ce30a503-6e02-452f-ba1f-f207c1d38bf3:c2, 5e1f60d6-eb7d-4cb0-856a-7059979ee06b:c2, 888503fb-f734-4c7c-9b82-330fcea6e78c:c2]
]]></system-out>
    <system-err><![CDATA[Jul 16, 2019 2:16:07 PM com.sun.jersey.server.impl.application.WebApplicationImpl _initiate
INFO: Initiating Jersey application, version 'Jersey: 1.19 02/11/2015 03:25 AM'
Jul 16, 2019 2:16:07 PM com.sun.jersey.server.impl.application.WebApplicationImpl _initiate
INFO: Initiating Jersey application, version 'Jersey: 1.19 02/11/2015 03:25 AM'
Jul 16, 2019 2:16:07 PM com.sun.jersey.server.impl.application.WebApplicationImpl _initiate
INFO: Initiating Jersey application, version 'Jersey: 1.19 02/11/2015 03:25 AM'
Jul 16, 2019 2:16:08 PM com.sun.jersey.server.impl.application.WebApplicationImpl _initiate
INFO: Initiating Jersey application, version 'Jersey: 1.19 02/11/2015 03:25 AM'
Jul 16, 2019 2:16:08 PM com.sun.jersey.server.impl.application.WebApplicationImpl _initiate
INFO: Initiating Jersey application, version 'Jersey: 1.19 02/11/2015 03:25 AM'
Jul 16, 2019 2:16:08 PM com.sun.jersey.server.impl.application.WebApplicationImpl _initiate
INFO: Initiating Jersey application, version 'Jersey: 1.19 02/11/2015 03:25 AM'
Jul 16, 2019 2:16:08 PM com.sun.jersey.server.impl.application.WebApplicationImpl _initiate
INFO: Initiating Jersey application, version 'Jersey: 1.19 02/11/2015 03:25 AM'
Jul 16, 2019 2:16:11 PM org.apache.ratis.thirdparty.io.grpc.internal.ManagedChannelOrphanWrapper$ManagedChannelReference cleanQueue
SEVERE: *~*~*~ Channel ManagedChannelImpl{logId=752, target=192.168.157.241:46512} was not shutdown properly!!! ~*~*~*
    Make sure to call shutdown()/shutdownNow() and wait until awaitTermination() returns true.
java.lang.RuntimeException: ManagedChannel allocation site
	at org.apache.ratis.thirdparty.io.grpc.internal.ManagedChannelOrphanWrapper$ManagedChannelReference.<init>(ManagedChannelOrphanWrapper.java:103)
	at org.apache.ratis.thirdparty.io.grpc.internal.ManagedChannelOrphanWrapper.<init>(ManagedChannelOrphanWrapper.java:53)
	at org.apache.ratis.thirdparty.io.grpc.internal.ManagedChannelOrphanWrapper.<init>(ManagedChannelOrphanWrapper.java:44)
	at org.apache.ratis.thirdparty.io.grpc.internal.AbstractManagedChannelImplBuilder.build(AbstractManagedChannelImplBuilder.java:411)
	at org.apache.ratis.grpc.client.GrpcClientProtocolClient.<init>(GrpcClientProtocolClient.java:119)
	at org.apache.ratis.grpc.client.GrpcClientRpc.lambda$new$0(GrpcClientRpc.java:55)
	at org.apache.ratis.util.PeerProxyMap$PeerAndProxy.lambda$getProxy$0(PeerProxyMap.java:61)
	at org.apache.ratis.util.LifeCycle.startAndTransition(LifeCycle.java:202)
	at org.apache.ratis.util.PeerProxyMap$PeerAndProxy.getProxy(PeerProxyMap.java:60)
	at org.apache.ratis.util.PeerProxyMap.getProxy(PeerProxyMap.java:107)
	at org.apache.ratis.grpc.client.GrpcClientRpc.sendRequestAsyncUnordered(GrpcClientRpc.java:78)
	at org.apache.ratis.client.impl.UnorderedAsync.sendRequestWithRetry(UnorderedAsync.java:75)
	at org.apache.ratis.client.impl.UnorderedAsync.lambda$null$2(UnorderedAsync.java:120)
	at org.apache.ratis.util.TimeoutScheduler.lambda$onTimeout$0(TimeoutScheduler.java:85)
	at org.apache.ratis.util.TimeoutScheduler.lambda$onTimeout$1(TimeoutScheduler.java:104)
	at org.apache.ratis.util.LogUtils.runAndLog(LogUtils.java:50)
	at org.apache.ratis.util.LogUtils$1.run(LogUtils.java:91)
	at java.util.concurrent.Executors$RunnableAdapter.call(Executors.java:511)
	at java.util.concurrent.FutureTask.run(FutureTask.java:266)
	at java.util.concurrent.ScheduledThreadPoolExecutor$ScheduledFutureTask.access$201(ScheduledThreadPoolExecutor.java:180)
	at java.util.concurrent.ScheduledThreadPoolExecutor$ScheduledFutureTask.run(ScheduledThreadPoolExecutor.java:293)
	at java.util.concurrent.ThreadPoolExecutor.runWorker(ThreadPoolExecutor.java:1149)
	at java.util.concurrent.ThreadPoolExecutor$Worker.run(ThreadPoolExecutor.java:624)
	at java.lang.Thread.run(Thread.java:748)

Jul 16, 2019 2:16:11 PM org.apache.ratis.thirdparty.io.grpc.internal.ManagedChannelOrphanWrapper$ManagedChannelReference cleanQueue
SEVERE: *~*~*~ Channel ManagedChannelImpl{logId=958, target=192.168.157.241:33687} was not shutdown properly!!! ~*~*~*
    Make sure to call shutdown()/shutdownNow() and wait until awaitTermination() returns true.
java.lang.RuntimeException: ManagedChannel allocation site
	at org.apache.ratis.thirdparty.io.grpc.internal.ManagedChannelOrphanWrapper$ManagedChannelReference.<init>(ManagedChannelOrphanWrapper.java:103)
	at org.apache.ratis.thirdparty.io.grpc.internal.ManagedChannelOrphanWrapper.<init>(ManagedChannelOrphanWrapper.java:53)
	at org.apache.ratis.thirdparty.io.grpc.internal.ManagedChannelOrphanWrapper.<init>(ManagedChannelOrphanWrapper.java:44)
	at org.apache.ratis.thirdparty.io.grpc.internal.AbstractManagedChannelImplBuilder.build(AbstractManagedChannelImplBuilder.java:411)
	at org.apache.ratis.grpc.client.GrpcClientProtocolClient.<init>(GrpcClientProtocolClient.java:119)
	at org.apache.ratis.grpc.client.GrpcClientRpc.lambda$new$0(GrpcClientRpc.java:55)
	at org.apache.ratis.util.PeerProxyMap$PeerAndProxy.lambda$getProxy$0(PeerProxyMap.java:61)
	at org.apache.ratis.util.LifeCycle.startAndTransition(LifeCycle.java:202)
	at org.apache.ratis.util.PeerProxyMap$PeerAndProxy.getProxy(PeerProxyMap.java:60)
	at org.apache.ratis.util.PeerProxyMap.getProxy(PeerProxyMap.java:107)
	at org.apache.ratis.grpc.client.GrpcClientRpc.sendRequestAsync(GrpcClientRpc.java:66)
	at org.apache.ratis.client.impl.OrderedAsync.sendRequest(OrderedAsync.java:208)
	at org.apache.ratis.client.impl.OrderedAsync.sendRequestWithRetry(OrderedAsync.java:169)
	at org.apache.ratis.util.SlidingWindow$Client.sendOrDelayRequest(SlidingWindow.java:278)
	at org.apache.ratis.util.SlidingWindow$Client.retry(SlidingWindow.java:294)
	at org.apache.ratis.client.impl.OrderedAsync.lambda$scheduleWithTimeout$7(OrderedAsync.java:195)
	at org.apache.ratis.util.TimeoutScheduler.lambda$onTimeout$0(TimeoutScheduler.java:85)
	at org.apache.ratis.util.TimeoutScheduler.lambda$onTimeout$1(TimeoutScheduler.java:104)
	at org.apache.ratis.util.LogUtils.runAndLog(LogUtils.java:50)
	at org.apache.ratis.util.LogUtils$1.run(LogUtils.java:91)
	at java.util.concurrent.Executors$RunnableAdapter.call(Executors.java:511)
	at java.util.concurrent.FutureTask.run(FutureTask.java:266)
	at java.util.concurrent.ScheduledThreadPoolExecutor$ScheduledFutureTask.access$201(ScheduledThreadPoolExecutor.java:180)
	at java.util.concurrent.ScheduledThreadPoolExecutor$ScheduledFutureTask.run(ScheduledThreadPoolExecutor.java:293)
	at java.util.concurrent.ThreadPoolExecutor.runWorker(ThreadPoolExecutor.java:1149)
	at java.util.concurrent.ThreadPoolExecutor$Worker.run(ThreadPoolExecutor.java:624)
	at java.lang.Thread.run(Thread.java:748)

]]></system-err>
  </testcase>
  <testcase name="test2WayCommitForRetryfailure" classname="org.apache.hadoop.ozone.client.rpc.TestWatchForCommit" time="14.548">
    <error message="org.apache.ratis.protocol.RaftRetryFailureException: Failed RaftClientRequest:client-868023343724-&gt;5aec6828-7fd7-4b3d-9950-432cca815840@group-E850DD97F5A4, cid=106, seq=1*, RW, org.apache.hadoop.hdds.scm.XceiverClientRatis$$Lambda$309/266906347@4aa10c65 for 8 attempts with RetryLimited(maxAttempts=8, sleepTime=1000ms)" type="java.util.concurrent.ExecutionException">java.util.concurrent.ExecutionException: org.apache.ratis.protocol.RaftRetryFailureException: Failed RaftClientRequest:client-868023343724->5aec6828-7fd7-4b3d-9950-432cca815840@group-E850DD97F5A4, cid=106, seq=1*, RW, org.apache.hadoop.hdds.scm.XceiverClientRatis$$Lambda$309/266906347@4aa10c65 for 8 attempts with RetryLimited(maxAttempts=8, sleepTime=1000ms)
	at java.util.concurrent.CompletableFuture.reportGet(CompletableFuture.java:357)
	at java.util.concurrent.CompletableFuture.get(CompletableFuture.java:1895)
	at org.apache.hadoop.ozone.client.rpc.TestWatchForCommit.test2WayCommitForRetryfailure(TestWatchForCommit.java:382)
	at sun.reflect.NativeMethodAccessorImpl.invoke0(Native Method)
	at sun.reflect.NativeMethodAccessorImpl.invoke(NativeMethodAccessorImpl.java:62)
	at sun.reflect.DelegatingMethodAccessorImpl.invoke(DelegatingMethodAccessorImpl.java:43)
	at java.lang.reflect.Method.invoke(Method.java:498)
	at org.junit.runners.model.FrameworkMethod$1.runReflectiveCall(FrameworkMethod.java:47)
	at org.junit.internal.runners.model.ReflectiveCallable.run(ReflectiveCallable.java:12)
	at org.junit.runners.model.FrameworkMethod.invokeExplosively(FrameworkMethod.java:44)
	at org.junit.internal.runners.statements.InvokeMethod.evaluate(InvokeMethod.java:17)
	at org.junit.runners.ParentRunner.runLeaf(ParentRunner.java:271)
	at org.junit.runners.BlockJUnit4ClassRunner.runChild(BlockJUnit4ClassRunner.java:70)
	at org.junit.runners.BlockJUnit4ClassRunner.runChild(BlockJUnit4ClassRunner.java:50)
	at org.junit.runners.ParentRunner$3.run(ParentRunner.java:238)
	at org.junit.runners.ParentRunner$1.schedule(ParentRunner.java:63)
	at org.junit.runners.ParentRunner.runChildren(ParentRunner.java:236)
	at org.junit.runners.ParentRunner.access$000(ParentRunner.java:53)
	at org.junit.runners.ParentRunner$2.evaluate(ParentRunner.java:229)
	at org.junit.runners.ParentRunner.run(ParentRunner.java:309)
	at org.apache.maven.surefire.junit4.JUnit4Provider.execute(JUnit4Provider.java:365)
	at org.apache.maven.surefire.junit4.JUnit4Provider.executeWithRerun(JUnit4Provider.java:273)
	at org.apache.maven.surefire.junit4.JUnit4Provider.executeTestSet(JUnit4Provider.java:238)
	at org.apache.maven.surefire.junit4.JUnit4Provider.invoke(JUnit4Provider.java:159)
	at org.apache.maven.surefire.booter.ForkedBooter.invokeProviderInSameClassLoader(ForkedBooter.java:384)
	at org.apache.maven.surefire.booter.ForkedBooter.runSuitesInProcess(ForkedBooter.java:345)
	at org.apache.maven.surefire.booter.ForkedBooter.execute(ForkedBooter.java:126)
	at org.apache.maven.surefire.booter.ForkedBooter.main(ForkedBooter.java:418)
Caused by: org.apache.ratis.protocol.RaftRetryFailureException: Failed RaftClientRequest:client-868023343724->5aec6828-7fd7-4b3d-9950-432cca815840@group-E850DD97F5A4, cid=106, seq=1*, RW, org.apache.hadoop.hdds.scm.XceiverClientRatis$$Lambda$309/266906347@4aa10c65 for 8 attempts with RetryLimited(maxAttempts=8, sleepTime=1000ms)
	at org.apache.ratis.client.impl.RaftClientImpl.noMoreRetries(RaftClientImpl.java:272)
	at org.apache.ratis.client.impl.OrderedAsync.handleAsyncRetryFailure(OrderedAsync.java:138)
	at org.apache.ratis.client.impl.OrderedAsync.lambda$sendRequest$10(OrderedAsync.java:230)
	at java.util.concurrent.CompletableFuture.uniExceptionally(CompletableFuture.java:870)
	at java.util.concurrent.CompletableFuture$UniExceptionally.tryFire(CompletableFuture.java:852)
	at java.util.concurrent.CompletableFuture.postComplete(CompletableFuture.java:474)
	at java.util.concurrent.CompletableFuture.completeExceptionally(CompletableFuture.java:1977)
	at org.apache.ratis.grpc.client.GrpcClientProtocolClient$AsyncStreamObservers.completeReplyExceptionally(GrpcClientProtocolClient.java:330)
	at org.apache.ratis.grpc.client.GrpcClientProtocolClient$AsyncStreamObservers.access$000(GrpcClientProtocolClient.java:246)
	at org.apache.ratis.grpc.client.GrpcClientProtocolClient$AsyncStreamObservers$1.onNext(GrpcClientProtocolClient.java:258)
	at org.apache.ratis.grpc.client.GrpcClientProtocolClient$AsyncStreamObservers$1.onNext(GrpcClientProtocolClient.java:249)
	at org.apache.ratis.thirdparty.io.grpc.stub.ClientCalls$StreamObserverToCallListenerAdapter.onMessage(ClientCalls.java:421)
	at org.apache.ratis.thirdparty.io.grpc.ForwardingClientCallListener.onMessage(ForwardingClientCallListener.java:33)
	at org.apache.ratis.thirdparty.io.grpc.ForwardingClientCallListener.onMessage(ForwardingClientCallListener.java:33)
	at org.apache.ratis.thirdparty.io.grpc.internal.ClientCallImpl$ClientStreamListenerImpl$1MessagesAvailable.runInContext(ClientCallImpl.java:519)
	at org.apache.ratis.thirdparty.io.grpc.internal.ContextRunnable.run(ContextRunnable.java:37)
	at org.apache.ratis.thirdparty.io.grpc.internal.SerializingExecutor.run(SerializingExecutor.java:123)
	at java.util.concurrent.ThreadPoolExecutor.runWorker(ThreadPoolExecutor.java:1149)
	at java.util.concurrent.ThreadPoolExecutor$Worker.run(ThreadPoolExecutor.java:624)
	at java.lang.Thread.run(Thread.java:748)
Caused by: org.apache.ratis.protocol.NotLeaderException: Server 5aec6828-7fd7-4b3d-9950-432cca815840 is not the leader (null). Request must be sent to leader.
	at org.apache.ratis.client.impl.ClientProtoUtils.toRaftClientReply(ClientProtoUtils.java:242)
	at org.apache.ratis.grpc.client.GrpcClientProtocolClient$AsyncStreamObservers$1.onNext(GrpcClientProtocolClient.java:254)
	... 10 more
</error>
    <system-out><![CDATA[2019-07-16 14:16:28,585 WARN  server.ServerUtils (ServerUtils.java:getScmDbDir(145)) - ozone.scm.db.dirs is not configured. We recommend adding this setting. Falling back to ozone.metadata.dirs instead.
2019-07-16 14:16:28,601 WARN  server.ServerUtils (ServerUtils.java:getScmDbDir(145)) - ozone.scm.db.dirs is not configured. We recommend adding this setting. Falling back to ozone.metadata.dirs instead.
2019-07-16 14:16:28,602 WARN  server.ServerUtils (ServerUtils.java:getScmDbDir(145)) - ozone.scm.db.dirs is not configured. We recommend adding this setting. Falling back to ozone.metadata.dirs instead.
2019-07-16 14:16:28,603 INFO  db.DBStoreBuilder (DBStoreBuilder.java:addTable(110)) - using custom profile for table: deletedBlocks
2019-07-16 14:16:28,603 INFO  db.DBStoreBuilder (DBStoreBuilder.java:processTables(161)) - Using default column profile:DBProfile.DISK for Table:deletedBlocks
2019-07-16 14:16:28,603 INFO  db.DBStoreBuilder (DBStoreBuilder.java:addTable(110)) - using custom profile for table: validCerts
2019-07-16 14:16:28,604 INFO  db.DBStoreBuilder (DBStoreBuilder.java:processTables(161)) - Using default column profile:DBProfile.DISK for Table:validCerts
2019-07-16 14:16:28,604 INFO  db.DBStoreBuilder (DBStoreBuilder.java:addTable(110)) - using custom profile for table: revokedCerts
2019-07-16 14:16:28,604 INFO  db.DBStoreBuilder (DBStoreBuilder.java:processTables(161)) - Using default column profile:DBProfile.DISK for Table:revokedCerts
2019-07-16 14:16:28,605 INFO  db.DBStoreBuilder (DBStoreBuilder.java:addTable(110)) - using custom profile for table: default
2019-07-16 14:16:28,605 INFO  db.DBStoreBuilder (DBStoreBuilder.java:processTables(167)) - Using default column profile:DBProfile.DISK for Table:default
2019-07-16 14:16:28,605 INFO  db.DBStoreBuilder (DBStoreBuilder.java:getDbProfile(198)) - Using default options. DBProfile.DISK
2019-07-16 14:16:28,774 INFO  net.NodeSchemaLoader (NodeSchemaLoader.java:loadSchemaFromFile(125)) - Loading file from sun.misc.CompoundEnumeration@548e70f0
2019-07-16 14:16:28,774 INFO  net.NodeSchemaLoader (NodeSchemaLoader.java:loadSchema(171)) - Loading network topology layer schema file
2019-07-16 14:16:28,779 WARN  server.ServerUtils (ServerUtils.java:sanitizeUserArgs(70)) - ozone.scm.stale.node.interval value = 300000 is larger than max = 100000 based on the key value of ozone.scm.heartbeat.thread.interval, reset to the max value 100000.
2019-07-16 14:16:28,780 WARN  server.ServerUtils (ServerUtils.java:sanitizeUserArgs(70)) - ozone.scm.stale.node.interval value = 300000 is larger than max = 100000 based on the key value of ozone.scm.heartbeat.thread.interval, reset to the max value 100000.
2019-07-16 14:16:28,780 INFO  node.SCMNodeManager (SCMNodeManager.java:<init>(119)) - Entering startup safe mode.
2019-07-16 14:16:28,782 WARN  server.ServerUtils (ServerUtils.java:getScmDbDir(145)) - ozone.scm.db.dirs is not configured. We recommend adding this setting. Falling back to ozone.metadata.dirs instead.
2019-07-16 14:16:28,814 INFO  pipeline.SCMPipelineManager (SCMPipelineManager.java:initializePipelineState(126)) - No pipeline exists in current db
2019-07-16 14:16:28,814 WARN  server.ServerUtils (ServerUtils.java:getScmDbDir(145)) - ozone.scm.db.dirs is not configured. We recommend adding this setting. Falling back to ozone.metadata.dirs instead.
2019-07-16 14:16:28,839 WARN  events.EventQueue (EventQueue.java:fireEvent(175)) - No event handler registered for event TypedEvent{payloadType=SafeModeStatus, name='SafeModeStatus'}
2019-07-16 14:16:28,841 INFO  ipc.CallQueueManager (CallQueueManager.java:<init>(84)) - Using callQueue: class java.util.concurrent.LinkedBlockingQueue, queueCapacity: 2000, scheduler: class org.apache.hadoop.ipc.DefaultRpcScheduler, ipcBackoff: false.
2019-07-16 14:16:28,842 INFO  ipc.Server (Server.java:run(1074)) - Starting Socket Reader #1 for port 35516
2019-07-16 14:16:28,851 INFO  ipc.CallQueueManager (CallQueueManager.java:<init>(84)) - Using callQueue: class java.util.concurrent.LinkedBlockingQueue, queueCapacity: 2000, scheduler: class org.apache.hadoop.ipc.DefaultRpcScheduler, ipcBackoff: false.
2019-07-16 14:16:28,852 INFO  ipc.Server (Server.java:run(1074)) - Starting Socket Reader #1 for port 44864
2019-07-16 14:16:28,858 INFO  ipc.CallQueueManager (CallQueueManager.java:<init>(84)) - Using callQueue: class java.util.concurrent.LinkedBlockingQueue, queueCapacity: 2000, scheduler: class org.apache.hadoop.ipc.DefaultRpcScheduler, ipcBackoff: false.
2019-07-16 14:16:28,858 INFO  ipc.Server (Server.java:run(1074)) - Starting Socket Reader #1 for port 40670
2019-07-16 14:16:28,865 INFO  hdfs.DFSUtil (DFSUtil.java:httpServerTemplateForNNAndJN(1641)) - Starting Web-server for scm at: http://0.0.0.0:0
2019-07-16 14:16:28,867 INFO  server.AuthenticationFilter (AuthenticationFilter.java:constructSecretProvider(240)) - Unable to initialize FileSignerSecretProvider, falling back to use random secrets.
2019-07-16 14:16:28,868 WARN  http.HttpRequestLog (HttpRequestLog.java:getRequestLog(97)) - Jetty request log can only be enabled using Log4j
2019-07-16 14:16:28,870 INFO  http.HttpServer2 (HttpServer2.java:addGlobalFilter(975)) - Added global filter 'safety' (class=org.apache.hadoop.http.HttpServer2$QuotingInputFilter)
2019-07-16 14:16:28,871 INFO  http.HttpServer2 (HttpServer2.java:addFilter(948)) - Added filter static_user_filter (class=org.apache.hadoop.http.lib.StaticUserWebFilter$StaticUserFilter) to context scm
2019-07-16 14:16:28,871 INFO  http.HttpServer2 (HttpServer2.java:addFilter(958)) - Added filter static_user_filter (class=org.apache.hadoop.http.lib.StaticUserWebFilter$StaticUserFilter) to context logs
2019-07-16 14:16:28,871 INFO  http.HttpServer2 (HttpServer2.java:addFilter(958)) - Added filter static_user_filter (class=org.apache.hadoop.http.lib.StaticUserWebFilter$StaticUserFilter) to context static
2019-07-16 14:16:28,877 INFO  server.StorageContainerManager (StorageContainerManager.java:start(759)) - StorageContainerLocationProtocol RPC server is listening at /0.0.0.0:40670
2019-07-16 14:16:28,877 INFO  impl.MetricsSystemImpl (MetricsSystemImpl.java:init(158)) - StorageContainerManager metrics system started (again)
2019-07-16 14:16:28,878 INFO  server.SCMClientProtocolServer (SCMClientProtocolServer.java:start(149)) - RPC server for Client  is listening at /0.0.0.0:40670
2019-07-16 14:16:28,879 INFO  ipc.Server (Server.java:run(1314)) - IPC Server Responder: starting
2019-07-16 14:16:28,885 INFO  ipc.Server (Server.java:run(1153)) - IPC Server listener on 40670: starting
2019-07-16 14:16:28,894 INFO  server.StorageContainerManager (StorageContainerManager.java:start(768)) - ScmBlockLocationProtocol RPC server is listening at /0.0.0.0:44864
2019-07-16 14:16:28,894 INFO  server.SCMBlockProtocolServer (SCMBlockProtocolServer.java:start(140)) - RPC server for Block Protocol is listening at /0.0.0.0:44864
2019-07-16 14:16:28,895 INFO  ipc.Server (Server.java:run(1314)) - IPC Server Responder: starting
2019-07-16 14:16:28,895 INFO  ipc.Server (Server.java:run(1153)) - IPC Server listener on 44864: starting
2019-07-16 14:16:28,907 INFO  server.StorageContainerManager (StorageContainerManager.java:start(772)) - ScmDatanodeProtocl RPC server is listening at /0.0.0.0:35516
2019-07-16 14:16:28,908 INFO  server.SCMDatanodeProtocolServer (SCMDatanodeProtocolServer.java:start(191)) - RPC server for DataNodes is listening at /0.0.0.0:35516
2019-07-16 14:16:28,908 INFO  ipc.Server (Server.java:run(1314)) - IPC Server Responder: starting
2019-07-16 14:16:28,908 INFO  ipc.Server (Server.java:run(1153)) - IPC Server listener on 35516: starting
2019-07-16 14:16:28,923 INFO  http.HttpServer2 (HttpServer2.java:bindListener(1191)) - Jetty bound to port 43842
2019-07-16 14:16:28,923 INFO  server.Server (Server.java:doStart(351)) - jetty-9.3.24.v20180605, build timestamp: 2018-06-05T17:11:56Z, git hash: 84205aa28f11a4f31f2a3b86d1bba2cc8ab69827
2019-07-16 14:16:28,925 INFO  handler.ContextHandler (ContextHandler.java:doStart(781)) - Started o.e.j.s.ServletContextHandler@7e34e466{/logs,file:///workdir/hadoop-ozone/integration-test/target/log,AVAILABLE}
2019-07-16 14:16:28,925 INFO  handler.ContextHandler (ContextHandler.java:doStart(781)) - Started o.e.j.s.ServletContextHandler@352bea0e{/static,file:///workdir/hadoop-ozone/integration-test/target/test-classes/webapps/static,AVAILABLE}
2019-07-16 14:16:28,942 INFO  handler.ContextHandler (ContextHandler.java:doStart(781)) - Started o.e.j.w.WebAppContext@5d04adc1{/,file:///workdir/hadoop-ozone/integration-test/target/test-classes/webapps/scm/,AVAILABLE}{/scm}
2019-07-16 14:16:28,943 INFO  server.AbstractConnector (AbstractConnector.java:doStart(278)) - Started ServerConnector@4c2812aa{HTTP/1.1,[http/1.1]}{0.0.0.0:43842}
2019-07-16 14:16:28,949 INFO  server.Server (Server.java:doStart(419)) - Started @173592ms
2019-07-16 14:16:28,950 INFO  server.BaseHttpServer (BaseHttpServer.java:updateConnectorAddress(207)) - HTTP server of SCM is listening at http://0.0.0.0:43842
2019-07-16 14:16:28,951 WARN  server.ServerUtils (ServerUtils.java:getDBPath(222)) - ozone.om.db.dirs is not configured. We recommend adding this setting. Falling back to ozone.metadata.dirs instead.
2019-07-16 14:16:28,956 INFO  util.JvmPauseMonitor (JvmPauseMonitor.java:run(188)) - Starting JVM pause monitor
2019-07-16 14:16:28,970 WARN  server.ServerUtils (ServerUtils.java:getDBPath(222)) - ozone.om.db.dirs is not configured. We recommend adding this setting. Falling back to ozone.metadata.dirs instead.
2019-07-16 14:16:28,971 INFO  om.OzoneManager (OzoneManager.java:setOMNodeDetails(626)) - OM Service ID is not set. Setting it to the default ID: omServiceIdDefault
2019-07-16 14:16:28,971 INFO  om.OzoneManager (OzoneManager.java:setOMNodeDetails(632)) - OM Node ID is not set. Setting it to the OmStorage's OmID: 211e1f2d-c762-4775-9784-43ef55d99cc7
2019-07-16 14:16:28,972 INFO  om.OzoneManager (OzoneManager.java:loadOMHAConfigs(583)) - Found matching OM address with OMServiceId: null, OMNodeId: null, RPC Address: localhost:0 and Ratis port: 9872
2019-07-16 14:16:29,048 WARN  server.ServerUtils (ServerUtils.java:getDBPath(222)) - ozone.om.db.dirs is not configured. We recommend adding this setting. Falling back to ozone.metadata.dirs instead.
2019-07-16 14:16:29,048 INFO  db.DBStoreBuilder (DBStoreBuilder.java:addTable(110)) - using custom profile for table: userTable
2019-07-16 14:16:29,049 INFO  db.DBStoreBuilder (DBStoreBuilder.java:processTables(161)) - Using default column profile:DBProfile.DISK for Table:userTable
2019-07-16 14:16:29,049 INFO  db.DBStoreBuilder (DBStoreBuilder.java:addTable(110)) - using custom profile for table: volumeTable
2019-07-16 14:16:29,049 INFO  db.DBStoreBuilder (DBStoreBuilder.java:processTables(161)) - Using default column profile:DBProfile.DISK for Table:volumeTable
2019-07-16 14:16:29,050 INFO  db.DBStoreBuilder (DBStoreBuilder.java:addTable(110)) - using custom profile for table: bucketTable
2019-07-16 14:16:29,050 INFO  db.DBStoreBuilder (DBStoreBuilder.java:processTables(161)) - Using default column profile:DBProfile.DISK for Table:bucketTable
2019-07-16 14:16:29,050 INFO  db.DBStoreBuilder (DBStoreBuilder.java:addTable(110)) - using custom profile for table: keyTable
2019-07-16 14:16:29,050 INFO  db.DBStoreBuilder (DBStoreBuilder.java:processTables(161)) - Using default column profile:DBProfile.DISK for Table:keyTable
2019-07-16 14:16:29,051 INFO  db.DBStoreBuilder (DBStoreBuilder.java:addTable(110)) - using custom profile for table: deletedTable
2019-07-16 14:16:29,051 INFO  db.DBStoreBuilder (DBStoreBuilder.java:processTables(161)) - Using default column profile:DBProfile.DISK for Table:deletedTable
2019-07-16 14:16:29,051 INFO  db.DBStoreBuilder (DBStoreBuilder.java:addTable(110)) - using custom profile for table: openKeyTable
2019-07-16 14:16:29,051 INFO  db.DBStoreBuilder (DBStoreBuilder.java:processTables(161)) - Using default column profile:DBProfile.DISK for Table:openKeyTable
2019-07-16 14:16:29,052 INFO  db.DBStoreBuilder (DBStoreBuilder.java:addTable(110)) - using custom profile for table: s3Table
2019-07-16 14:16:29,052 INFO  db.DBStoreBuilder (DBStoreBuilder.java:processTables(161)) - Using default column profile:DBProfile.DISK for Table:s3Table
2019-07-16 14:16:29,052 INFO  db.DBStoreBuilder (DBStoreBuilder.java:addTable(110)) - using custom profile for table: multipartInfoTable
2019-07-16 14:16:29,052 INFO  db.DBStoreBuilder (DBStoreBuilder.java:processTables(161)) - Using default column profile:DBProfile.DISK for Table:multipartInfoTable
2019-07-16 14:16:29,053 INFO  db.DBStoreBuilder (DBStoreBuilder.java:addTable(110)) - using custom profile for table: dTokenTable
2019-07-16 14:16:29,053 INFO  db.DBStoreBuilder (DBStoreBuilder.java:processTables(161)) - Using default column profile:DBProfile.DISK for Table:dTokenTable
2019-07-16 14:16:29,053 INFO  db.DBStoreBuilder (DBStoreBuilder.java:addTable(110)) - using custom profile for table: s3SecretTable
2019-07-16 14:16:29,053 INFO  db.DBStoreBuilder (DBStoreBuilder.java:processTables(161)) - Using default column profile:DBProfile.DISK for Table:s3SecretTable
2019-07-16 14:16:29,054 INFO  db.DBStoreBuilder (DBStoreBuilder.java:addTable(110)) - using custom profile for table: prefixTable
2019-07-16 14:16:29,054 INFO  db.DBStoreBuilder (DBStoreBuilder.java:processTables(161)) - Using default column profile:DBProfile.DISK for Table:prefixTable
2019-07-16 14:16:29,054 INFO  db.DBStoreBuilder (DBStoreBuilder.java:addTable(110)) - using custom profile for table: default
2019-07-16 14:16:29,055 INFO  db.DBStoreBuilder (DBStoreBuilder.java:processTables(167)) - Using default column profile:DBProfile.DISK for Table:default
2019-07-16 14:16:29,055 INFO  db.DBStoreBuilder (DBStoreBuilder.java:getDbProfile(198)) - Using default options. DBProfile.DISK
2019-07-16 14:16:29,533 INFO  ipc.CallQueueManager (CallQueueManager.java:<init>(84)) - Using callQueue: class java.util.concurrent.LinkedBlockingQueue, queueCapacity: 2000, scheduler: class org.apache.hadoop.ipc.DefaultRpcScheduler, ipcBackoff: false.
2019-07-16 14:16:29,534 INFO  ipc.Server (Server.java:run(1074)) - Starting Socket Reader #1 for port 33939
2019-07-16 14:16:29,595 WARN  server.ServerUtils (ServerUtils.java:getDBPath(222)) - ozone.om.db.dirs is not configured. We recommend adding this setting. Falling back to ozone.metadata.dirs instead.
2019-07-16 14:16:29,596 INFO  om.OzoneManager (OzoneManager.java:start(1224)) - OzoneManager RPC server is listening at localhost/127.0.0.1:33939
2019-07-16 14:16:29,596 INFO  impl.MetricsSystemImpl (MetricsSystemImpl.java:init(158)) - OzoneManager metrics system started (again)
2019-07-16 14:16:29,597 INFO  ipc.Server (Server.java:run(1314)) - IPC Server Responder: starting
2019-07-16 14:16:29,597 INFO  ipc.Server (Server.java:run(1153)) - IPC Server listener on 33939: starting
2019-07-16 14:16:29,637 INFO  hdfs.DFSUtil (DFSUtil.java:httpServerTemplateForNNAndJN(1641)) - Starting Web-server for ozoneManager at: http://0.0.0.0:0
2019-07-16 14:16:29,652 INFO  server.AuthenticationFilter (AuthenticationFilter.java:constructSecretProvider(240)) - Unable to initialize FileSignerSecretProvider, falling back to use random secrets.
2019-07-16 14:16:29,653 WARN  http.HttpRequestLog (HttpRequestLog.java:getRequestLog(97)) - Jetty request log can only be enabled using Log4j
2019-07-16 14:16:29,655 INFO  http.HttpServer2 (HttpServer2.java:addGlobalFilter(975)) - Added global filter 'safety' (class=org.apache.hadoop.http.HttpServer2$QuotingInputFilter)
2019-07-16 14:16:29,656 INFO  http.HttpServer2 (HttpServer2.java:addFilter(948)) - Added filter static_user_filter (class=org.apache.hadoop.http.lib.StaticUserWebFilter$StaticUserFilter) to context ozoneManager
2019-07-16 14:16:29,656 INFO  http.HttpServer2 (HttpServer2.java:addFilter(958)) - Added filter static_user_filter (class=org.apache.hadoop.http.lib.StaticUserWebFilter$StaticUserFilter) to context static
2019-07-16 14:16:29,656 INFO  http.HttpServer2 (HttpServer2.java:addFilter(958)) - Added filter static_user_filter (class=org.apache.hadoop.http.lib.StaticUserWebFilter$StaticUserFilter) to context logs
2019-07-16 14:16:29,657 INFO  http.HttpServer2 (HttpServer2.java:bindListener(1191)) - Jetty bound to port 38585
2019-07-16 14:16:29,658 INFO  server.Server (Server.java:doStart(351)) - jetty-9.3.24.v20180605, build timestamp: 2018-06-05T17:11:56Z, git hash: 84205aa28f11a4f31f2a3b86d1bba2cc8ab69827
2019-07-16 14:16:29,660 INFO  handler.ContextHandler (ContextHandler.java:doStart(781)) - Started o.e.j.s.ServletContextHandler@394c77e2{/logs,file:///workdir/hadoop-ozone/integration-test/target/log,AVAILABLE}
2019-07-16 14:16:29,660 INFO  handler.ContextHandler (ContextHandler.java:doStart(781)) - Started o.e.j.s.ServletContextHandler@5911dd25{/static,file:///workdir/hadoop-ozone/integration-test/target/test-classes/webapps/static,AVAILABLE}
2019-07-16 14:16:29,665 INFO  handler.ContextHandler (ContextHandler.java:doStart(781)) - Started o.e.j.w.WebAppContext@6e3552b0{/,file:///workdir/hadoop-ozone/integration-test/target/test-classes/webapps/ozoneManager/,AVAILABLE}{/ozoneManager}
2019-07-16 14:16:29,666 INFO  server.AbstractConnector (AbstractConnector.java:doStart(278)) - Started ServerConnector@6971c6b7{HTTP/1.1,[http/1.1]}{0.0.0.0:38585}
2019-07-16 14:16:29,683 INFO  server.Server (Server.java:doStart(419)) - Started @174326ms
2019-07-16 14:16:29,684 INFO  server.BaseHttpServer (BaseHttpServer.java:updateConnectorAddress(207)) - HTTP server of OZONEMANAGER is listening at http://0.0.0.0:38585
2019-07-16 14:16:29,701 INFO  impl.MetricsSystemImpl (MetricsSystemImpl.java:init(158)) - HddsDatanode metrics system started (again)
2019-07-16 14:16:29,702 INFO  ozone.HddsDatanodeService (HddsDatanodeService.java:start(185)) - HddsDatanodeService host:trunk-nightly-gllmw-2332419065 ip:192.168.157.241
2019-07-16 14:16:29,724 INFO  volume.HddsVolume (HddsVolume.java:<init>(176)) - Creating Volume: /workdir/hadoop-ozone/integration-test/target/test-dir/MiniOzoneClusterImpl-37f78516-dec8-4d76-a963-cc39a819b7b4/datanode-0/data/containers/hdds of  storage type : DISK and capacity : 52710309888
2019-07-16 14:16:29,724 INFO  volume.VolumeSet (VolumeSet.java:initializeVolumeSet(170)) - Added Volume : /workdir/hadoop-ozone/integration-test/target/test-dir/MiniOzoneClusterImpl-37f78516-dec8-4d76-a963-cc39a819b7b4/datanode-0/data/containers/hdds to VolumeSet
2019-07-16 14:16:29,725 INFO  volume.ThrottledAsyncChecker (ThrottledAsyncChecker.java:schedule(140)) - Scheduling a check for org.apache.hadoop.ozone.container.common.volume.HddsVolume@313c3cb
2019-07-16 14:16:29,725 INFO  volume.HddsVolumeChecker (HddsVolumeChecker.java:checkAllVolumes(203)) - Scheduled health check for volume org.apache.hadoop.ozone.container.common.volume.HddsVolume@313c3cb
2019-07-16 14:16:29,749 INFO  impl.RaftServerProxy (ConfUtils.java:logGet(43)) - raft.rpc.type = GRPC (default)
2019-07-16 14:16:29,749 INFO  grpc.GrpcFactory (GrpcFactory.java:checkPooledByteBufAllocatorUseCacheForAllThreads(45)) - PERFORMANCE WARNING: useCacheForAllThreads is true that may cause Netty to create a lot garbage objects and, as a result, trigger GC.
	It is recommended to disable useCacheForAllThreads by setting -Dorg.apache.ratis.thirdparty.io.netty.allocator.useCacheForAllThreads=false in command line.
2019-07-16 14:16:29,750 INFO  grpc.GrpcConfigKeys$Server (ConfUtils.java:logGet(43)) - raft.grpc.server.port = 0 (default)
2019-07-16 14:16:29,750 INFO  server.GrpcService (ConfUtils.java:logGet(43)) - raft.grpc.message.size.max = 33570816 (custom)
2019-07-16 14:16:29,750 INFO  server.RaftServerConfigKeys (ConfUtils.java:logGet(43)) - raft.server.log.appender.buffer.byte-limit = 33554432 (custom)
2019-07-16 14:16:29,750 INFO  server.GrpcService (ConfUtils.java:logGet(43)) - raft.grpc.flow.control.window = 1MB (=1048576) (default)
2019-07-16 14:16:29,751 INFO  server.RaftServerConfigKeys (ConfUtils.java:logGet(43)) - raft.server.rpc.request.timeout = 3000ms (default)
2019-07-16 14:16:29,751 INFO  server.RaftServerConfigKeys (ConfUtils.java:logGet(43)) - raft.server.storage.dir = [/workdir/hadoop-ozone/integration-test/target/test-dir/MiniOzoneClusterImpl-37f78516-dec8-4d76-a963-cc39a819b7b4/datanode-0/data/ratis] (custom)
2019-07-16 14:16:29,752 INFO  replication.SimpleContainerDownloader (SimpleContainerDownloader.java:<init>(72)) - Starting container downloader service to copy containers to replicate.
2019-07-16 14:16:29,753 INFO  hdfs.DFSUtil (DFSUtil.java:httpServerTemplateForNNAndJN(1641)) - Starting Web-server for hddsDatanode at: http://0.0.0.0:0
2019-07-16 14:16:29,755 INFO  server.AuthenticationFilter (AuthenticationFilter.java:constructSecretProvider(240)) - Unable to initialize FileSignerSecretProvider, falling back to use random secrets.
2019-07-16 14:16:29,756 WARN  http.HttpRequestLog (HttpRequestLog.java:getRequestLog(97)) - Jetty request log can only be enabled using Log4j
2019-07-16 14:16:29,760 INFO  http.HttpServer2 (HttpServer2.java:addGlobalFilter(975)) - Added global filter 'safety' (class=org.apache.hadoop.http.HttpServer2$QuotingInputFilter)
2019-07-16 14:16:29,761 INFO  http.HttpServer2 (HttpServer2.java:addFilter(948)) - Added filter static_user_filter (class=org.apache.hadoop.http.lib.StaticUserWebFilter$StaticUserFilter) to context hddsDatanode
2019-07-16 14:16:29,761 INFO  http.HttpServer2 (HttpServer2.java:addFilter(958)) - Added filter static_user_filter (class=org.apache.hadoop.http.lib.StaticUserWebFilter$StaticUserFilter) to context logs
2019-07-16 14:16:29,761 INFO  http.HttpServer2 (HttpServer2.java:addFilter(958)) - Added filter static_user_filter (class=org.apache.hadoop.http.lib.StaticUserWebFilter$StaticUserFilter) to context static
2019-07-16 14:16:29,762 INFO  http.HttpServer2 (HttpServer2.java:bindListener(1191)) - Jetty bound to port 39461
2019-07-16 14:16:29,763 INFO  server.Server (Server.java:doStart(351)) - jetty-9.3.24.v20180605, build timestamp: 2018-06-05T17:11:56Z, git hash: 84205aa28f11a4f31f2a3b86d1bba2cc8ab69827
2019-07-16 14:16:29,765 INFO  handler.ContextHandler (ContextHandler.java:doStart(781)) - Started o.e.j.s.ServletContextHandler@3bb186b{/logs,file:///workdir/hadoop-ozone/integration-test/target/log,AVAILABLE}
2019-07-16 14:16:29,765 INFO  handler.ContextHandler (ContextHandler.java:doStart(781)) - Started o.e.j.s.ServletContextHandler@d9ff1cd{/static,jar:file:/home/user/.m2/repository/org/apache/hadoop/hadoop-hdds-container-service/0.5.0-SNAPSHOT/hadoop-hdds-container-service-0.5.0-SNAPSHOT.jar!/webapps/static,AVAILABLE}
2019-07-16 14:16:29,808 INFO  handler.ContextHandler (ContextHandler.java:doStart(781)) - Started o.e.j.w.WebAppContext@655295bd{/,file:///tmp/jetty-0.0.0.0-39461-hddsDatanode-_-any-272482760256662322.dir/webapp/,AVAILABLE}{/hddsDatanode}
2019-07-16 14:16:29,809 INFO  server.AbstractConnector (AbstractConnector.java:doStart(278)) - Started ServerConnector@62cbe18c{HTTP/1.1,[http/1.1]}{0.0.0.0:39461}
2019-07-16 14:16:29,817 INFO  server.Server (Server.java:doStart(419)) - Started @174460ms
2019-07-16 14:16:29,818 INFO  server.BaseHttpServer (BaseHttpServer.java:updateConnectorAddress(207)) - HTTP server of HDDSDATANODE is listening at http://0.0.0.0:39461
2019-07-16 14:16:29,972 INFO  ozone.HddsDatanodeService (HddsDatanodeService.java:startPlugins(396)) - Started plug-in org.apache.hadoop.ozone.web.OzoneHddsDatanodeService@4b7704ec
2019-07-16 14:16:29,973 INFO  impl.MetricsSystemImpl (MetricsSystemImpl.java:init(158)) - HddsDatanode metrics system started (again)
2019-07-16 14:16:29,973 INFO  ozone.HddsDatanodeService (HddsDatanodeService.java:start(185)) - HddsDatanodeService host:trunk-nightly-gllmw-2332419065 ip:192.168.157.241
2019-07-16 14:16:29,974 INFO  util.JvmPauseMonitor (JvmPauseMonitor.java:run(188)) - Starting JVM pause monitor
2019-07-16 14:16:29,976 INFO  datanode.InitDatanodeState (InitDatanodeState.java:persistContainerDatanodeDetails(140)) - DatanodeDetails is persisted to /workdir/hadoop-ozone/integration-test/target/test-dir/MiniOzoneClusterImpl-37f78516-dec8-4d76-a963-cc39a819b7b4/datanode-0/meta/datanode.id
2019-07-16 14:16:29,992 INFO  volume.HddsVolume (HddsVolume.java:<init>(176)) - Creating Volume: /workdir/hadoop-ozone/integration-test/target/test-dir/MiniOzoneClusterImpl-37f78516-dec8-4d76-a963-cc39a819b7b4/datanode-1/data/containers/hdds of  storage type : DISK and capacity : 52710309888
2019-07-16 14:16:29,993 INFO  volume.VolumeSet (VolumeSet.java:initializeVolumeSet(170)) - Added Volume : /workdir/hadoop-ozone/integration-test/target/test-dir/MiniOzoneClusterImpl-37f78516-dec8-4d76-a963-cc39a819b7b4/datanode-1/data/containers/hdds to VolumeSet
2019-07-16 14:16:29,993 INFO  volume.ThrottledAsyncChecker (ThrottledAsyncChecker.java:schedule(140)) - Scheduling a check for org.apache.hadoop.ozone.container.common.volume.HddsVolume@5b256ab5
2019-07-16 14:16:29,993 INFO  volume.HddsVolumeChecker (HddsVolumeChecker.java:checkAllVolumes(203)) - Scheduled health check for volume org.apache.hadoop.ozone.container.common.volume.HddsVolume@5b256ab5
2019-07-16 14:16:30,016 INFO  impl.RaftServerProxy (ConfUtils.java:logGet(43)) - raft.rpc.type = GRPC (default)
2019-07-16 14:16:30,016 INFO  grpc.GrpcFactory (GrpcFactory.java:checkPooledByteBufAllocatorUseCacheForAllThreads(45)) - PERFORMANCE WARNING: useCacheForAllThreads is true that may cause Netty to create a lot garbage objects and, as a result, trigger GC.
	It is recommended to disable useCacheForAllThreads by setting -Dorg.apache.ratis.thirdparty.io.netty.allocator.useCacheForAllThreads=false in command line.
2019-07-16 14:16:30,016 INFO  grpc.GrpcConfigKeys$Server (ConfUtils.java:logGet(43)) - raft.grpc.server.port = 0 (default)
2019-07-16 14:16:30,016 INFO  server.GrpcService (ConfUtils.java:logGet(43)) - raft.grpc.message.size.max = 33570816 (custom)
2019-07-16 14:16:30,016 INFO  server.RaftServerConfigKeys (ConfUtils.java:logGet(43)) - raft.server.log.appender.buffer.byte-limit = 33554432 (custom)
2019-07-16 14:16:30,017 INFO  server.GrpcService (ConfUtils.java:logGet(43)) - raft.grpc.flow.control.window = 1MB (=1048576) (default)
2019-07-16 14:16:30,017 INFO  server.RaftServerConfigKeys (ConfUtils.java:logGet(43)) - raft.server.rpc.request.timeout = 3000ms (default)
2019-07-16 14:16:30,017 INFO  server.RaftServerConfigKeys (ConfUtils.java:logGet(43)) - raft.server.storage.dir = [/workdir/hadoop-ozone/integration-test/target/test-dir/MiniOzoneClusterImpl-37f78516-dec8-4d76-a963-cc39a819b7b4/datanode-1/data/ratis] (custom)
2019-07-16 14:16:30,018 INFO  replication.SimpleContainerDownloader (SimpleContainerDownloader.java:<init>(72)) - Starting container downloader service to copy containers to replicate.
2019-07-16 14:16:30,019 INFO  hdfs.DFSUtil (DFSUtil.java:httpServerTemplateForNNAndJN(1641)) - Starting Web-server for hddsDatanode at: http://0.0.0.0:0
2019-07-16 14:16:30,021 INFO  server.AuthenticationFilter (AuthenticationFilter.java:constructSecretProvider(240)) - Unable to initialize FileSignerSecretProvider, falling back to use random secrets.
2019-07-16 14:16:30,021 WARN  http.HttpRequestLog (HttpRequestLog.java:getRequestLog(97)) - Jetty request log can only be enabled using Log4j
2019-07-16 14:16:30,023 INFO  http.HttpServer2 (HttpServer2.java:addGlobalFilter(975)) - Added global filter 'safety' (class=org.apache.hadoop.http.HttpServer2$QuotingInputFilter)
2019-07-16 14:16:30,024 INFO  http.HttpServer2 (HttpServer2.java:addFilter(948)) - Added filter static_user_filter (class=org.apache.hadoop.http.lib.StaticUserWebFilter$StaticUserFilter) to context hddsDatanode
2019-07-16 14:16:30,024 INFO  http.HttpServer2 (HttpServer2.java:addFilter(958)) - Added filter static_user_filter (class=org.apache.hadoop.http.lib.StaticUserWebFilter$StaticUserFilter) to context static
2019-07-16 14:16:30,025 INFO  http.HttpServer2 (HttpServer2.java:addFilter(958)) - Added filter static_user_filter (class=org.apache.hadoop.http.lib.StaticUserWebFilter$StaticUserFilter) to context logs
2019-07-16 14:16:30,025 INFO  http.HttpServer2 (HttpServer2.java:bindListener(1191)) - Jetty bound to port 36249
2019-07-16 14:16:30,026 INFO  server.Server (Server.java:doStart(351)) - jetty-9.3.24.v20180605, build timestamp: 2018-06-05T17:11:56Z, git hash: 84205aa28f11a4f31f2a3b86d1bba2cc8ab69827
2019-07-16 14:16:30,028 INFO  handler.ContextHandler (ContextHandler.java:doStart(781)) - Started o.e.j.s.ServletContextHandler@dfe2875{/logs,file:///workdir/hadoop-ozone/integration-test/target/log,AVAILABLE}
2019-07-16 14:16:30,029 INFO  handler.ContextHandler (ContextHandler.java:doStart(781)) - Started o.e.j.s.ServletContextHandler@517d68b8{/static,jar:file:/home/user/.m2/repository/org/apache/hadoop/hadoop-hdds-container-service/0.5.0-SNAPSHOT/hadoop-hdds-container-service-0.5.0-SNAPSHOT.jar!/webapps/static,AVAILABLE}
2019-07-16 14:16:30,068 INFO  handler.ContextHandler (ContextHandler.java:doStart(781)) - Started o.e.j.w.WebAppContext@6ea4b4b2{/,file:///tmp/jetty-0.0.0.0-36249-hddsDatanode-_-any-8787175222563917667.dir/webapp/,AVAILABLE}{/hddsDatanode}
2019-07-16 14:16:30,069 INFO  server.AbstractConnector (AbstractConnector.java:doStart(278)) - Started ServerConnector@371fdf43{HTTP/1.1,[http/1.1]}{0.0.0.0:36249}
2019-07-16 14:16:30,074 INFO  server.Server (Server.java:doStart(419)) - Started @174717ms
2019-07-16 14:16:30,075 INFO  server.BaseHttpServer (BaseHttpServer.java:updateConnectorAddress(207)) - HTTP server of HDDSDATANODE is listening at http://0.0.0.0:36249
2019-07-16 14:16:30,217 INFO  ozone.HddsDatanodeService (HddsDatanodeService.java:startPlugins(396)) - Started plug-in org.apache.hadoop.ozone.web.OzoneHddsDatanodeService@d35d84a
2019-07-16 14:16:30,218 INFO  impl.MetricsSystemImpl (MetricsSystemImpl.java:init(158)) - HddsDatanode metrics system started (again)
2019-07-16 14:16:30,218 INFO  ozone.HddsDatanodeService (HddsDatanodeService.java:start(185)) - HddsDatanodeService host:trunk-nightly-gllmw-2332419065 ip:192.168.157.241
2019-07-16 14:16:30,219 INFO  util.JvmPauseMonitor (JvmPauseMonitor.java:run(188)) - Starting JVM pause monitor
2019-07-16 14:16:30,221 INFO  datanode.InitDatanodeState (InitDatanodeState.java:persistContainerDatanodeDetails(140)) - DatanodeDetails is persisted to /workdir/hadoop-ozone/integration-test/target/test-dir/MiniOzoneClusterImpl-37f78516-dec8-4d76-a963-cc39a819b7b4/datanode-1/meta/datanode.id
2019-07-16 14:16:30,238 INFO  volume.HddsVolume (HddsVolume.java:<init>(176)) - Creating Volume: /workdir/hadoop-ozone/integration-test/target/test-dir/MiniOzoneClusterImpl-37f78516-dec8-4d76-a963-cc39a819b7b4/datanode-2/data/containers/hdds of  storage type : DISK and capacity : 52710309888
2019-07-16 14:16:30,239 INFO  volume.VolumeSet (VolumeSet.java:initializeVolumeSet(170)) - Added Volume : /workdir/hadoop-ozone/integration-test/target/test-dir/MiniOzoneClusterImpl-37f78516-dec8-4d76-a963-cc39a819b7b4/datanode-2/data/containers/hdds to VolumeSet
2019-07-16 14:16:30,239 INFO  volume.ThrottledAsyncChecker (ThrottledAsyncChecker.java:schedule(140)) - Scheduling a check for org.apache.hadoop.ozone.container.common.volume.HddsVolume@4dc10682
2019-07-16 14:16:30,240 INFO  volume.HddsVolumeChecker (HddsVolumeChecker.java:checkAllVolumes(203)) - Scheduled health check for volume org.apache.hadoop.ozone.container.common.volume.HddsVolume@4dc10682
2019-07-16 14:16:30,259 INFO  impl.RaftServerProxy (ConfUtils.java:logGet(43)) - raft.rpc.type = GRPC (default)
2019-07-16 14:16:30,260 INFO  grpc.GrpcFactory (GrpcFactory.java:checkPooledByteBufAllocatorUseCacheForAllThreads(45)) - PERFORMANCE WARNING: useCacheForAllThreads is true that may cause Netty to create a lot garbage objects and, as a result, trigger GC.
	It is recommended to disable useCacheForAllThreads by setting -Dorg.apache.ratis.thirdparty.io.netty.allocator.useCacheForAllThreads=false in command line.
2019-07-16 14:16:30,260 INFO  grpc.GrpcConfigKeys$Server (ConfUtils.java:logGet(43)) - raft.grpc.server.port = 0 (default)
2019-07-16 14:16:30,260 INFO  server.GrpcService (ConfUtils.java:logGet(43)) - raft.grpc.message.size.max = 33570816 (custom)
2019-07-16 14:16:30,260 INFO  server.RaftServerConfigKeys (ConfUtils.java:logGet(43)) - raft.server.log.appender.buffer.byte-limit = 33554432 (custom)
2019-07-16 14:16:30,261 INFO  server.GrpcService (ConfUtils.java:logGet(43)) - raft.grpc.flow.control.window = 1MB (=1048576) (default)
2019-07-16 14:16:30,261 INFO  server.RaftServerConfigKeys (ConfUtils.java:logGet(43)) - raft.server.rpc.request.timeout = 3000ms (default)
2019-07-16 14:16:30,261 INFO  server.RaftServerConfigKeys (ConfUtils.java:logGet(43)) - raft.server.storage.dir = [/workdir/hadoop-ozone/integration-test/target/test-dir/MiniOzoneClusterImpl-37f78516-dec8-4d76-a963-cc39a819b7b4/datanode-2/data/ratis] (custom)
2019-07-16 14:16:30,262 INFO  replication.SimpleContainerDownloader (SimpleContainerDownloader.java:<init>(72)) - Starting container downloader service to copy containers to replicate.
2019-07-16 14:16:30,263 INFO  hdfs.DFSUtil (DFSUtil.java:httpServerTemplateForNNAndJN(1641)) - Starting Web-server for hddsDatanode at: http://0.0.0.0:0
2019-07-16 14:16:30,265 INFO  server.AuthenticationFilter (AuthenticationFilter.java:constructSecretProvider(240)) - Unable to initialize FileSignerSecretProvider, falling back to use random secrets.
2019-07-16 14:16:30,266 WARN  http.HttpRequestLog (HttpRequestLog.java:getRequestLog(97)) - Jetty request log can only be enabled using Log4j
2019-07-16 14:16:30,268 INFO  http.HttpServer2 (HttpServer2.java:addGlobalFilter(975)) - Added global filter 'safety' (class=org.apache.hadoop.http.HttpServer2$QuotingInputFilter)
2019-07-16 14:16:30,269 INFO  http.HttpServer2 (HttpServer2.java:addFilter(948)) - Added filter static_user_filter (class=org.apache.hadoop.http.lib.StaticUserWebFilter$StaticUserFilter) to context hddsDatanode
2019-07-16 14:16:30,269 INFO  http.HttpServer2 (HttpServer2.java:addFilter(958)) - Added filter static_user_filter (class=org.apache.hadoop.http.lib.StaticUserWebFilter$StaticUserFilter) to context logs
2019-07-16 14:16:30,269 INFO  http.HttpServer2 (HttpServer2.java:addFilter(958)) - Added filter static_user_filter (class=org.apache.hadoop.http.lib.StaticUserWebFilter$StaticUserFilter) to context static
2019-07-16 14:16:30,270 INFO  http.HttpServer2 (HttpServer2.java:bindListener(1191)) - Jetty bound to port 38865
2019-07-16 14:16:30,271 INFO  server.Server (Server.java:doStart(351)) - jetty-9.3.24.v20180605, build timestamp: 2018-06-05T17:11:56Z, git hash: 84205aa28f11a4f31f2a3b86d1bba2cc8ab69827
2019-07-16 14:16:30,273 INFO  handler.ContextHandler (ContextHandler.java:doStart(781)) - Started o.e.j.s.ServletContextHandler@76afb9d{/logs,file:///workdir/hadoop-ozone/integration-test/target/log,AVAILABLE}
2019-07-16 14:16:30,274 INFO  handler.ContextHandler (ContextHandler.java:doStart(781)) - Started o.e.j.s.ServletContextHandler@77c8b276{/static,jar:file:/home/user/.m2/repository/org/apache/hadoop/hadoop-hdds-container-service/0.5.0-SNAPSHOT/hadoop-hdds-container-service-0.5.0-SNAPSHOT.jar!/webapps/static,AVAILABLE}
2019-07-16 14:16:30,317 INFO  handler.ContextHandler (ContextHandler.java:doStart(781)) - Started o.e.j.w.WebAppContext@76cf849f{/,file:///tmp/jetty-0.0.0.0-38865-hddsDatanode-_-any-4285292002041977102.dir/webapp/,AVAILABLE}{/hddsDatanode}
2019-07-16 14:16:30,318 INFO  server.AbstractConnector (AbstractConnector.java:doStart(278)) - Started ServerConnector@62a89e92{HTTP/1.1,[http/1.1]}{0.0.0.0:38865}
2019-07-16 14:16:30,324 INFO  server.Server (Server.java:doStart(419)) - Started @174967ms
2019-07-16 14:16:30,325 INFO  server.BaseHttpServer (BaseHttpServer.java:updateConnectorAddress(207)) - HTTP server of HDDSDATANODE is listening at http://0.0.0.0:38865
2019-07-16 14:16:30,458 INFO  ozone.HddsDatanodeService (HddsDatanodeService.java:startPlugins(396)) - Started plug-in org.apache.hadoop.ozone.web.OzoneHddsDatanodeService@2541b4d3
2019-07-16 14:16:30,458 INFO  impl.MetricsSystemImpl (MetricsSystemImpl.java:init(158)) - HddsDatanode metrics system started (again)
2019-07-16 14:16:30,458 INFO  ozone.HddsDatanodeService (HddsDatanodeService.java:start(185)) - HddsDatanodeService host:trunk-nightly-gllmw-2332419065 ip:192.168.157.241
2019-07-16 14:16:30,459 INFO  util.JvmPauseMonitor (JvmPauseMonitor.java:run(188)) - Starting JVM pause monitor
2019-07-16 14:16:30,461 INFO  datanode.InitDatanodeState (InitDatanodeState.java:persistContainerDatanodeDetails(140)) - DatanodeDetails is persisted to /workdir/hadoop-ozone/integration-test/target/test-dir/MiniOzoneClusterImpl-37f78516-dec8-4d76-a963-cc39a819b7b4/datanode-2/meta/datanode.id
2019-07-16 14:16:30,476 INFO  volume.HddsVolume (HddsVolume.java:<init>(176)) - Creating Volume: /workdir/hadoop-ozone/integration-test/target/test-dir/MiniOzoneClusterImpl-37f78516-dec8-4d76-a963-cc39a819b7b4/datanode-3/data/containers/hdds of  storage type : DISK and capacity : 52710309888
2019-07-16 14:16:30,476 INFO  volume.VolumeSet (VolumeSet.java:initializeVolumeSet(170)) - Added Volume : /workdir/hadoop-ozone/integration-test/target/test-dir/MiniOzoneClusterImpl-37f78516-dec8-4d76-a963-cc39a819b7b4/datanode-3/data/containers/hdds to VolumeSet
2019-07-16 14:16:30,476 INFO  volume.ThrottledAsyncChecker (ThrottledAsyncChecker.java:schedule(140)) - Scheduling a check for org.apache.hadoop.ozone.container.common.volume.HddsVolume@283074e8
2019-07-16 14:16:30,477 INFO  volume.HddsVolumeChecker (HddsVolumeChecker.java:checkAllVolumes(203)) - Scheduled health check for volume org.apache.hadoop.ozone.container.common.volume.HddsVolume@283074e8
2019-07-16 14:16:30,501 INFO  impl.RaftServerProxy (ConfUtils.java:logGet(43)) - raft.rpc.type = GRPC (default)
2019-07-16 14:16:30,501 INFO  grpc.GrpcFactory (GrpcFactory.java:checkPooledByteBufAllocatorUseCacheForAllThreads(45)) - PERFORMANCE WARNING: useCacheForAllThreads is true that may cause Netty to create a lot garbage objects and, as a result, trigger GC.
	It is recommended to disable useCacheForAllThreads by setting -Dorg.apache.ratis.thirdparty.io.netty.allocator.useCacheForAllThreads=false in command line.
2019-07-16 14:16:30,501 INFO  grpc.GrpcConfigKeys$Server (ConfUtils.java:logGet(43)) - raft.grpc.server.port = 0 (default)
2019-07-16 14:16:30,501 INFO  server.GrpcService (ConfUtils.java:logGet(43)) - raft.grpc.message.size.max = 33570816 (custom)
2019-07-16 14:16:30,502 INFO  server.RaftServerConfigKeys (ConfUtils.java:logGet(43)) - raft.server.log.appender.buffer.byte-limit = 33554432 (custom)
2019-07-16 14:16:30,502 INFO  server.GrpcService (ConfUtils.java:logGet(43)) - raft.grpc.flow.control.window = 1MB (=1048576) (default)
2019-07-16 14:16:30,502 INFO  server.RaftServerConfigKeys (ConfUtils.java:logGet(43)) - raft.server.rpc.request.timeout = 3000ms (default)
2019-07-16 14:16:30,502 INFO  server.RaftServerConfigKeys (ConfUtils.java:logGet(43)) - raft.server.storage.dir = [/workdir/hadoop-ozone/integration-test/target/test-dir/MiniOzoneClusterImpl-37f78516-dec8-4d76-a963-cc39a819b7b4/datanode-3/data/ratis] (custom)
2019-07-16 14:16:30,503 INFO  replication.SimpleContainerDownloader (SimpleContainerDownloader.java:<init>(72)) - Starting container downloader service to copy containers to replicate.
2019-07-16 14:16:30,504 INFO  hdfs.DFSUtil (DFSUtil.java:httpServerTemplateForNNAndJN(1641)) - Starting Web-server for hddsDatanode at: http://0.0.0.0:0
2019-07-16 14:16:30,505 INFO  server.AuthenticationFilter (AuthenticationFilter.java:constructSecretProvider(240)) - Unable to initialize FileSignerSecretProvider, falling back to use random secrets.
2019-07-16 14:16:30,505 WARN  http.HttpRequestLog (HttpRequestLog.java:getRequestLog(97)) - Jetty request log can only be enabled using Log4j
2019-07-16 14:16:30,507 INFO  http.HttpServer2 (HttpServer2.java:addGlobalFilter(975)) - Added global filter 'safety' (class=org.apache.hadoop.http.HttpServer2$QuotingInputFilter)
2019-07-16 14:16:30,507 INFO  http.HttpServer2 (HttpServer2.java:addFilter(948)) - Added filter static_user_filter (class=org.apache.hadoop.http.lib.StaticUserWebFilter$StaticUserFilter) to context hddsDatanode
2019-07-16 14:16:30,507 INFO  http.HttpServer2 (HttpServer2.java:addFilter(958)) - Added filter static_user_filter (class=org.apache.hadoop.http.lib.StaticUserWebFilter$StaticUserFilter) to context logs
2019-07-16 14:16:30,507 INFO  http.HttpServer2 (HttpServer2.java:addFilter(958)) - Added filter static_user_filter (class=org.apache.hadoop.http.lib.StaticUserWebFilter$StaticUserFilter) to context static
2019-07-16 14:16:30,508 INFO  http.HttpServer2 (HttpServer2.java:bindListener(1191)) - Jetty bound to port 42549
2019-07-16 14:16:30,508 INFO  server.Server (Server.java:doStart(351)) - jetty-9.3.24.v20180605, build timestamp: 2018-06-05T17:11:56Z, git hash: 84205aa28f11a4f31f2a3b86d1bba2cc8ab69827
2019-07-16 14:16:30,510 INFO  handler.ContextHandler (ContextHandler.java:doStart(781)) - Started o.e.j.s.ServletContextHandler@70ca533a{/logs,file:///workdir/hadoop-ozone/integration-test/target/log,AVAILABLE}
2019-07-16 14:16:30,510 INFO  handler.ContextHandler (ContextHandler.java:doStart(781)) - Started o.e.j.s.ServletContextHandler@627dfd9f{/static,jar:file:/home/user/.m2/repository/org/apache/hadoop/hadoop-hdds-container-service/0.5.0-SNAPSHOT/hadoop-hdds-container-service-0.5.0-SNAPSHOT.jar!/webapps/static,AVAILABLE}
2019-07-16 14:16:30,537 INFO  handler.ContextHandler (ContextHandler.java:doStart(781)) - Started o.e.j.w.WebAppContext@210e971e{/,file:///tmp/jetty-0.0.0.0-42549-hddsDatanode-_-any-350951969851593839.dir/webapp/,AVAILABLE}{/hddsDatanode}
2019-07-16 14:16:30,537 INFO  server.AbstractConnector (AbstractConnector.java:doStart(278)) - Started ServerConnector@1b9785aa{HTTP/1.1,[http/1.1]}{0.0.0.0:42549}
2019-07-16 14:16:30,538 INFO  server.Server (Server.java:doStart(419)) - Started @175181ms
2019-07-16 14:16:30,543 INFO  server.BaseHttpServer (BaseHttpServer.java:updateConnectorAddress(207)) - HTTP server of HDDSDATANODE is listening at http://0.0.0.0:42549
2019-07-16 14:16:30,675 INFO  ozone.HddsDatanodeService (HddsDatanodeService.java:startPlugins(396)) - Started plug-in org.apache.hadoop.ozone.web.OzoneHddsDatanodeService@363d3958
2019-07-16 14:16:30,676 INFO  impl.MetricsSystemImpl (MetricsSystemImpl.java:init(158)) - HddsDatanode metrics system started (again)
2019-07-16 14:16:30,676 INFO  ozone.HddsDatanodeService (HddsDatanodeService.java:start(185)) - HddsDatanodeService host:trunk-nightly-gllmw-2332419065 ip:192.168.157.241
2019-07-16 14:16:30,677 INFO  util.JvmPauseMonitor (JvmPauseMonitor.java:run(188)) - Starting JVM pause monitor
2019-07-16 14:16:30,679 INFO  datanode.InitDatanodeState (InitDatanodeState.java:persistContainerDatanodeDetails(140)) - DatanodeDetails is persisted to /workdir/hadoop-ozone/integration-test/target/test-dir/MiniOzoneClusterImpl-37f78516-dec8-4d76-a963-cc39a819b7b4/datanode-3/meta/datanode.id
2019-07-16 14:16:30,697 INFO  volume.HddsVolume (HddsVolume.java:<init>(176)) - Creating Volume: /workdir/hadoop-ozone/integration-test/target/test-dir/MiniOzoneClusterImpl-37f78516-dec8-4d76-a963-cc39a819b7b4/datanode-4/data/containers/hdds of  storage type : DISK and capacity : 52710309888
2019-07-16 14:16:30,697 INFO  volume.VolumeSet (VolumeSet.java:initializeVolumeSet(170)) - Added Volume : /workdir/hadoop-ozone/integration-test/target/test-dir/MiniOzoneClusterImpl-37f78516-dec8-4d76-a963-cc39a819b7b4/datanode-4/data/containers/hdds to VolumeSet
2019-07-16 14:16:30,698 INFO  volume.ThrottledAsyncChecker (ThrottledAsyncChecker.java:schedule(140)) - Scheduling a check for org.apache.hadoop.ozone.container.common.volume.HddsVolume@55c75b72
2019-07-16 14:16:30,698 INFO  volume.HddsVolumeChecker (HddsVolumeChecker.java:checkAllVolumes(203)) - Scheduled health check for volume org.apache.hadoop.ozone.container.common.volume.HddsVolume@55c75b72
2019-07-16 14:16:30,876 INFO  impl.RaftServerProxy (ConfUtils.java:logGet(43)) - raft.rpc.type = GRPC (default)
2019-07-16 14:16:30,891 INFO  grpc.GrpcFactory (GrpcFactory.java:checkPooledByteBufAllocatorUseCacheForAllThreads(45)) - PERFORMANCE WARNING: useCacheForAllThreads is true that may cause Netty to create a lot garbage objects and, as a result, trigger GC.
	It is recommended to disable useCacheForAllThreads by setting -Dorg.apache.ratis.thirdparty.io.netty.allocator.useCacheForAllThreads=false in command line.
2019-07-16 14:16:30,906 INFO  grpc.GrpcConfigKeys$Server (ConfUtils.java:logGet(43)) - raft.grpc.server.port = 0 (default)
2019-07-16 14:16:30,906 INFO  server.GrpcService (ConfUtils.java:logGet(43)) - raft.grpc.message.size.max = 33570816 (custom)
2019-07-16 14:16:30,906 INFO  server.RaftServerConfigKeys (ConfUtils.java:logGet(43)) - raft.server.log.appender.buffer.byte-limit = 33554432 (custom)
2019-07-16 14:16:30,920 INFO  server.GrpcService (ConfUtils.java:logGet(43)) - raft.grpc.flow.control.window = 1MB (=1048576) (default)
2019-07-16 14:16:30,920 INFO  server.RaftServerConfigKeys (ConfUtils.java:logGet(43)) - raft.server.rpc.request.timeout = 3000ms (default)
2019-07-16 14:16:30,921 INFO  server.RaftServerConfigKeys (ConfUtils.java:logGet(43)) - raft.server.storage.dir = [/workdir/hadoop-ozone/integration-test/target/test-dir/MiniOzoneClusterImpl-37f78516-dec8-4d76-a963-cc39a819b7b4/datanode-4/data/ratis] (custom)
2019-07-16 14:16:30,921 INFO  replication.SimpleContainerDownloader (SimpleContainerDownloader.java:<init>(72)) - Starting container downloader service to copy containers to replicate.
2019-07-16 14:16:30,923 INFO  hdfs.DFSUtil (DFSUtil.java:httpServerTemplateForNNAndJN(1641)) - Starting Web-server for hddsDatanode at: http://0.0.0.0:0
2019-07-16 14:16:30,925 INFO  server.AuthenticationFilter (AuthenticationFilter.java:constructSecretProvider(240)) - Unable to initialize FileSignerSecretProvider, falling back to use random secrets.
2019-07-16 14:16:30,926 WARN  http.HttpRequestLog (HttpRequestLog.java:getRequestLog(97)) - Jetty request log can only be enabled using Log4j
2019-07-16 14:16:30,928 INFO  http.HttpServer2 (HttpServer2.java:addGlobalFilter(975)) - Added global filter 'safety' (class=org.apache.hadoop.http.HttpServer2$QuotingInputFilter)
2019-07-16 14:16:30,929 INFO  http.HttpServer2 (HttpServer2.java:addFilter(948)) - Added filter static_user_filter (class=org.apache.hadoop.http.lib.StaticUserWebFilter$StaticUserFilter) to context hddsDatanode
2019-07-16 14:16:30,930 INFO  http.HttpServer2 (HttpServer2.java:addFilter(958)) - Added filter static_user_filter (class=org.apache.hadoop.http.lib.StaticUserWebFilter$StaticUserFilter) to context logs
2019-07-16 14:16:30,930 INFO  http.HttpServer2 (HttpServer2.java:addFilter(958)) - Added filter static_user_filter (class=org.apache.hadoop.http.lib.StaticUserWebFilter$StaticUserFilter) to context static
2019-07-16 14:16:30,931 INFO  http.HttpServer2 (HttpServer2.java:bindListener(1191)) - Jetty bound to port 39026
2019-07-16 14:16:30,931 INFO  server.Server (Server.java:doStart(351)) - jetty-9.3.24.v20180605, build timestamp: 2018-06-05T17:11:56Z, git hash: 84205aa28f11a4f31f2a3b86d1bba2cc8ab69827
2019-07-16 14:16:30,934 INFO  handler.ContextHandler (ContextHandler.java:doStart(781)) - Started o.e.j.s.ServletContextHandler@72117fc0{/logs,file:///workdir/hadoop-ozone/integration-test/target/log,AVAILABLE}
2019-07-16 14:16:30,934 INFO  handler.ContextHandler (ContextHandler.java:doStart(781)) - Started o.e.j.s.ServletContextHandler@71904ea8{/static,jar:file:/home/user/.m2/repository/org/apache/hadoop/hadoop-hdds-container-service/0.5.0-SNAPSHOT/hadoop-hdds-container-service-0.5.0-SNAPSHOT.jar!/webapps/static,AVAILABLE}
2019-07-16 14:16:30,976 INFO  handler.ContextHandler (ContextHandler.java:doStart(781)) - Started o.e.j.w.WebAppContext@cc41d2d{/,file:///tmp/jetty-0.0.0.0-39026-hddsDatanode-_-any-3164426954728638506.dir/webapp/,AVAILABLE}{/hddsDatanode}
2019-07-16 14:16:30,977 INFO  server.AbstractConnector (AbstractConnector.java:doStart(278)) - Started ServerConnector@4c343088{HTTP/1.1,[http/1.1]}{0.0.0.0:39026}
2019-07-16 14:16:30,977 INFO  server.Server (Server.java:doStart(419)) - Started @175620ms
2019-07-16 14:16:30,983 INFO  server.BaseHttpServer (BaseHttpServer.java:updateConnectorAddress(207)) - HTTP server of HDDSDATANODE is listening at http://0.0.0.0:39026
2019-07-16 14:16:31,092 INFO  ozone.HddsDatanodeService (HddsDatanodeService.java:startPlugins(396)) - Started plug-in org.apache.hadoop.ozone.web.OzoneHddsDatanodeService@3a6ae0f0
2019-07-16 14:16:31,092 INFO  impl.MetricsSystemImpl (MetricsSystemImpl.java:init(158)) - HddsDatanode metrics system started (again)
2019-07-16 14:16:31,093 INFO  ozone.HddsDatanodeService (HddsDatanodeService.java:start(185)) - HddsDatanodeService host:trunk-nightly-gllmw-2332419065 ip:192.168.157.241
2019-07-16 14:16:31,094 INFO  util.JvmPauseMonitor (JvmPauseMonitor.java:run(188)) - Starting JVM pause monitor
2019-07-16 14:16:31,095 INFO  datanode.InitDatanodeState (InitDatanodeState.java:persistContainerDatanodeDetails(140)) - DatanodeDetails is persisted to /workdir/hadoop-ozone/integration-test/target/test-dir/MiniOzoneClusterImpl-37f78516-dec8-4d76-a963-cc39a819b7b4/datanode-4/meta/datanode.id
2019-07-16 14:16:31,153 INFO  volume.HddsVolume (HddsVolume.java:<init>(176)) - Creating Volume: /workdir/hadoop-ozone/integration-test/target/test-dir/MiniOzoneClusterImpl-37f78516-dec8-4d76-a963-cc39a819b7b4/datanode-5/data/containers/hdds of  storage type : DISK and capacity : 52710309888
2019-07-16 14:16:31,153 INFO  volume.VolumeSet (VolumeSet.java:initializeVolumeSet(170)) - Added Volume : /workdir/hadoop-ozone/integration-test/target/test-dir/MiniOzoneClusterImpl-37f78516-dec8-4d76-a963-cc39a819b7b4/datanode-5/data/containers/hdds to VolumeSet
2019-07-16 14:16:31,154 INFO  volume.ThrottledAsyncChecker (ThrottledAsyncChecker.java:schedule(140)) - Scheduling a check for org.apache.hadoop.ozone.container.common.volume.HddsVolume@77d80294
2019-07-16 14:16:31,154 INFO  volume.HddsVolumeChecker (HddsVolumeChecker.java:checkAllVolumes(203)) - Scheduled health check for volume org.apache.hadoop.ozone.container.common.volume.HddsVolume@77d80294
2019-07-16 14:16:31,180 INFO  impl.RaftServerProxy (ConfUtils.java:logGet(43)) - raft.rpc.type = GRPC (default)
2019-07-16 14:16:31,181 INFO  grpc.GrpcFactory (GrpcFactory.java:checkPooledByteBufAllocatorUseCacheForAllThreads(45)) - PERFORMANCE WARNING: useCacheForAllThreads is true that may cause Netty to create a lot garbage objects and, as a result, trigger GC.
	It is recommended to disable useCacheForAllThreads by setting -Dorg.apache.ratis.thirdparty.io.netty.allocator.useCacheForAllThreads=false in command line.
2019-07-16 14:16:31,181 INFO  grpc.GrpcConfigKeys$Server (ConfUtils.java:logGet(43)) - raft.grpc.server.port = 0 (default)
2019-07-16 14:16:31,181 INFO  server.GrpcService (ConfUtils.java:logGet(43)) - raft.grpc.message.size.max = 33570816 (custom)
2019-07-16 14:16:31,182 INFO  server.RaftServerConfigKeys (ConfUtils.java:logGet(43)) - raft.server.log.appender.buffer.byte-limit = 33554432 (custom)
2019-07-16 14:16:31,182 INFO  server.GrpcService (ConfUtils.java:logGet(43)) - raft.grpc.flow.control.window = 1MB (=1048576) (default)
2019-07-16 14:16:31,182 INFO  server.RaftServerConfigKeys (ConfUtils.java:logGet(43)) - raft.server.rpc.request.timeout = 3000ms (default)
2019-07-16 14:16:31,183 INFO  server.RaftServerConfigKeys (ConfUtils.java:logGet(43)) - raft.server.storage.dir = [/workdir/hadoop-ozone/integration-test/target/test-dir/MiniOzoneClusterImpl-37f78516-dec8-4d76-a963-cc39a819b7b4/datanode-5/data/ratis] (custom)
2019-07-16 14:16:31,183 INFO  replication.SimpleContainerDownloader (SimpleContainerDownloader.java:<init>(72)) - Starting container downloader service to copy containers to replicate.
2019-07-16 14:16:31,185 INFO  hdfs.DFSUtil (DFSUtil.java:httpServerTemplateForNNAndJN(1641)) - Starting Web-server for hddsDatanode at: http://0.0.0.0:0
2019-07-16 14:16:31,187 INFO  server.AuthenticationFilter (AuthenticationFilter.java:constructSecretProvider(240)) - Unable to initialize FileSignerSecretProvider, falling back to use random secrets.
2019-07-16 14:16:31,187 WARN  http.HttpRequestLog (HttpRequestLog.java:getRequestLog(97)) - Jetty request log can only be enabled using Log4j
2019-07-16 14:16:31,189 INFO  http.HttpServer2 (HttpServer2.java:addGlobalFilter(975)) - Added global filter 'safety' (class=org.apache.hadoop.http.HttpServer2$QuotingInputFilter)
2019-07-16 14:16:31,190 INFO  http.HttpServer2 (HttpServer2.java:addFilter(948)) - Added filter static_user_filter (class=org.apache.hadoop.http.lib.StaticUserWebFilter$StaticUserFilter) to context hddsDatanode
2019-07-16 14:16:31,190 INFO  http.HttpServer2 (HttpServer2.java:addFilter(958)) - Added filter static_user_filter (class=org.apache.hadoop.http.lib.StaticUserWebFilter$StaticUserFilter) to context static
2019-07-16 14:16:31,190 INFO  http.HttpServer2 (HttpServer2.java:addFilter(958)) - Added filter static_user_filter (class=org.apache.hadoop.http.lib.StaticUserWebFilter$StaticUserFilter) to context logs
2019-07-16 14:16:31,191 INFO  http.HttpServer2 (HttpServer2.java:bindListener(1191)) - Jetty bound to port 42497
2019-07-16 14:16:31,191 INFO  server.Server (Server.java:doStart(351)) - jetty-9.3.24.v20180605, build timestamp: 2018-06-05T17:11:56Z, git hash: 84205aa28f11a4f31f2a3b86d1bba2cc8ab69827
2019-07-16 14:16:31,193 INFO  handler.ContextHandler (ContextHandler.java:doStart(781)) - Started o.e.j.s.ServletContextHandler@59bdd277{/logs,file:///workdir/hadoop-ozone/integration-test/target/log,AVAILABLE}
2019-07-16 14:16:31,194 INFO  handler.ContextHandler (ContextHandler.java:doStart(781)) - Started o.e.j.s.ServletContextHandler@3a3fc789{/static,jar:file:/home/user/.m2/repository/org/apache/hadoop/hadoop-hdds-container-service/0.5.0-SNAPSHOT/hadoop-hdds-container-service-0.5.0-SNAPSHOT.jar!/webapps/static,AVAILABLE}
2019-07-16 14:16:31,235 INFO  handler.ContextHandler (ContextHandler.java:doStart(781)) - Started o.e.j.w.WebAppContext@20bc6f4d{/,file:///tmp/jetty-0.0.0.0-42497-hddsDatanode-_-any-1675016824660105604.dir/webapp/,AVAILABLE}{/hddsDatanode}
2019-07-16 14:16:31,235 INFO  server.AbstractConnector (AbstractConnector.java:doStart(278)) - Started ServerConnector@7b491b89{HTTP/1.1,[http/1.1]}{0.0.0.0:42497}
2019-07-16 14:16:31,240 INFO  server.Server (Server.java:doStart(419)) - Started @175883ms
2019-07-16 14:16:31,241 INFO  server.BaseHttpServer (BaseHttpServer.java:updateConnectorAddress(207)) - HTTP server of HDDSDATANODE is listening at http://0.0.0.0:42497
2019-07-16 14:16:31,401 INFO  ozone.HddsDatanodeService (HddsDatanodeService.java:startPlugins(396)) - Started plug-in org.apache.hadoop.ozone.web.OzoneHddsDatanodeService@736de3b6
2019-07-16 14:16:31,402 INFO  impl.MetricsSystemImpl (MetricsSystemImpl.java:init(158)) - HddsDatanode metrics system started (again)
2019-07-16 14:16:31,402 INFO  ozone.HddsDatanodeService (HddsDatanodeService.java:start(185)) - HddsDatanodeService host:trunk-nightly-gllmw-2332419065 ip:192.168.157.241
2019-07-16 14:16:31,403 INFO  util.JvmPauseMonitor (JvmPauseMonitor.java:run(188)) - Starting JVM pause monitor
2019-07-16 14:16:31,405 INFO  datanode.InitDatanodeState (InitDatanodeState.java:persistContainerDatanodeDetails(140)) - DatanodeDetails is persisted to /workdir/hadoop-ozone/integration-test/target/test-dir/MiniOzoneClusterImpl-37f78516-dec8-4d76-a963-cc39a819b7b4/datanode-5/meta/datanode.id
2019-07-16 14:16:31,422 INFO  volume.HddsVolume (HddsVolume.java:<init>(176)) - Creating Volume: /workdir/hadoop-ozone/integration-test/target/test-dir/MiniOzoneClusterImpl-37f78516-dec8-4d76-a963-cc39a819b7b4/datanode-6/data/containers/hdds of  storage type : DISK and capacity : 52710309888
2019-07-16 14:16:31,423 INFO  volume.VolumeSet (VolumeSet.java:initializeVolumeSet(170)) - Added Volume : /workdir/hadoop-ozone/integration-test/target/test-dir/MiniOzoneClusterImpl-37f78516-dec8-4d76-a963-cc39a819b7b4/datanode-6/data/containers/hdds to VolumeSet
2019-07-16 14:16:31,423 INFO  volume.ThrottledAsyncChecker (ThrottledAsyncChecker.java:schedule(140)) - Scheduling a check for org.apache.hadoop.ozone.container.common.volume.HddsVolume@2715b3ea
2019-07-16 14:16:31,424 INFO  volume.HddsVolumeChecker (HddsVolumeChecker.java:checkAllVolumes(203)) - Scheduled health check for volume org.apache.hadoop.ozone.container.common.volume.HddsVolume@2715b3ea
2019-07-16 14:16:31,447 INFO  impl.RaftServerProxy (ConfUtils.java:logGet(43)) - raft.rpc.type = GRPC (default)
2019-07-16 14:16:31,447 INFO  grpc.GrpcFactory (GrpcFactory.java:checkPooledByteBufAllocatorUseCacheForAllThreads(45)) - PERFORMANCE WARNING: useCacheForAllThreads is true that may cause Netty to create a lot garbage objects and, as a result, trigger GC.
	It is recommended to disable useCacheForAllThreads by setting -Dorg.apache.ratis.thirdparty.io.netty.allocator.useCacheForAllThreads=false in command line.
2019-07-16 14:16:31,448 INFO  grpc.GrpcConfigKeys$Server (ConfUtils.java:logGet(43)) - raft.grpc.server.port = 0 (default)
2019-07-16 14:16:31,448 INFO  server.GrpcService (ConfUtils.java:logGet(43)) - raft.grpc.message.size.max = 33570816 (custom)
2019-07-16 14:16:31,448 INFO  server.RaftServerConfigKeys (ConfUtils.java:logGet(43)) - raft.server.log.appender.buffer.byte-limit = 33554432 (custom)
2019-07-16 14:16:31,449 INFO  server.GrpcService (ConfUtils.java:logGet(43)) - raft.grpc.flow.control.window = 1MB (=1048576) (default)
2019-07-16 14:16:31,449 INFO  server.RaftServerConfigKeys (ConfUtils.java:logGet(43)) - raft.server.rpc.request.timeout = 3000ms (default)
2019-07-16 14:16:31,449 INFO  server.RaftServerConfigKeys (ConfUtils.java:logGet(43)) - raft.server.storage.dir = [/workdir/hadoop-ozone/integration-test/target/test-dir/MiniOzoneClusterImpl-37f78516-dec8-4d76-a963-cc39a819b7b4/datanode-6/data/ratis] (custom)
2019-07-16 14:16:31,450 INFO  replication.SimpleContainerDownloader (SimpleContainerDownloader.java:<init>(72)) - Starting container downloader service to copy containers to replicate.
2019-07-16 14:16:31,451 INFO  hdfs.DFSUtil (DFSUtil.java:httpServerTemplateForNNAndJN(1641)) - Starting Web-server for hddsDatanode at: http://0.0.0.0:0
2019-07-16 14:16:31,453 INFO  server.AuthenticationFilter (AuthenticationFilter.java:constructSecretProvider(240)) - Unable to initialize FileSignerSecretProvider, falling back to use random secrets.
2019-07-16 14:16:31,453 WARN  http.HttpRequestLog (HttpRequestLog.java:getRequestLog(97)) - Jetty request log can only be enabled using Log4j
2019-07-16 14:16:31,455 INFO  http.HttpServer2 (HttpServer2.java:addGlobalFilter(975)) - Added global filter 'safety' (class=org.apache.hadoop.http.HttpServer2$QuotingInputFilter)
2019-07-16 14:16:31,455 INFO  http.HttpServer2 (HttpServer2.java:addFilter(948)) - Added filter static_user_filter (class=org.apache.hadoop.http.lib.StaticUserWebFilter$StaticUserFilter) to context hddsDatanode
2019-07-16 14:16:31,456 INFO  http.HttpServer2 (HttpServer2.java:addFilter(958)) - Added filter static_user_filter (class=org.apache.hadoop.http.lib.StaticUserWebFilter$StaticUserFilter) to context logs
2019-07-16 14:16:31,456 INFO  http.HttpServer2 (HttpServer2.java:addFilter(958)) - Added filter static_user_filter (class=org.apache.hadoop.http.lib.StaticUserWebFilter$StaticUserFilter) to context static
2019-07-16 14:16:31,457 INFO  http.HttpServer2 (HttpServer2.java:bindListener(1191)) - Jetty bound to port 45662
2019-07-16 14:16:31,457 INFO  server.Server (Server.java:doStart(351)) - jetty-9.3.24.v20180605, build timestamp: 2018-06-05T17:11:56Z, git hash: 84205aa28f11a4f31f2a3b86d1bba2cc8ab69827
2019-07-16 14:16:31,459 INFO  handler.ContextHandler (ContextHandler.java:doStart(781)) - Started o.e.j.s.ServletContextHandler@6b8773c7{/logs,file:///workdir/hadoop-ozone/integration-test/target/log,AVAILABLE}
2019-07-16 14:16:31,459 INFO  handler.ContextHandler (ContextHandler.java:doStart(781)) - Started o.e.j.s.ServletContextHandler@5876cd86{/static,jar:file:/home/user/.m2/repository/org/apache/hadoop/hadoop-hdds-container-service/0.5.0-SNAPSHOT/hadoop-hdds-container-service-0.5.0-SNAPSHOT.jar!/webapps/static,AVAILABLE}
2019-07-16 14:16:31,495 INFO  handler.ContextHandler (ContextHandler.java:doStart(781)) - Started o.e.j.w.WebAppContext@5b71ccf2{/,file:///tmp/jetty-0.0.0.0-45662-hddsDatanode-_-any-4976311195750609025.dir/webapp/,AVAILABLE}{/hddsDatanode}
2019-07-16 14:16:31,495 INFO  server.AbstractConnector (AbstractConnector.java:doStart(278)) - Started ServerConnector@3c2406dd{HTTP/1.1,[http/1.1]}{0.0.0.0:45662}
2019-07-16 14:16:31,501 INFO  server.Server (Server.java:doStart(419)) - Started @176144ms
2019-07-16 14:16:31,502 INFO  server.BaseHttpServer (BaseHttpServer.java:updateConnectorAddress(207)) - HTTP server of HDDSDATANODE is listening at http://0.0.0.0:45662
2019-07-16 14:16:31,608 INFO  ozone.HddsDatanodeService (HddsDatanodeService.java:startPlugins(396)) - Started plug-in org.apache.hadoop.ozone.web.OzoneHddsDatanodeService@77ef7b2b
2019-07-16 14:16:31,608 INFO  ozone.MiniOzoneClusterImpl (MiniOzoneClusterImpl.java:lambda$waitForClusterToBeReady$0(142)) - Waiting for cluster to be ready. Got 0 of 7 DN Heartbeats.
2019-07-16 14:16:31,610 INFO  util.JvmPauseMonitor (JvmPauseMonitor.java:run(188)) - Starting JVM pause monitor
2019-07-16 14:16:31,611 INFO  datanode.InitDatanodeState (InitDatanodeState.java:persistContainerDatanodeDetails(140)) - DatanodeDetails is persisted to /workdir/hadoop-ozone/integration-test/target/test-dir/MiniOzoneClusterImpl-37f78516-dec8-4d76-a963-cc39a819b7b4/datanode-6/meta/datanode.id
2019-07-16 14:16:32,017 INFO  ozoneimpl.OzoneContainer (OzoneContainer.java:start(186)) - Attempting to start container services.
2019-07-16 14:16:32,017 INFO  ozoneimpl.OzoneContainer (OzoneContainer.java:startContainerScrub(160)) - Background container scrubber has been disabled by hdds.containerscrub.enabled
2019-07-16 14:16:32,018 INFO  ratis.XceiverServerRatis (XceiverServerRatis.java:start(418)) - Starting XceiverServerRatis 5aec6828-7fd7-4b3d-9950-432cca815840 at port 0
2019-07-16 14:16:32,026 INFO  impl.RaftServerProxy (RaftServerProxy.java:lambda$start$3(299)) - 5aec6828-7fd7-4b3d-9950-432cca815840: start RPC server
2019-07-16 14:16:32,034 INFO  server.GrpcService (GrpcService.java:startImpl(149)) - 5aec6828-7fd7-4b3d-9950-432cca815840: GrpcService started, listening on 0.0.0.0/0.0.0.0:35096
2019-07-16 14:16:32,034 INFO  ratis.XceiverServerRatis (XceiverServerRatis.java:start(428)) - XceiverServerRatis 5aec6828-7fd7-4b3d-9950-432cca815840 is started using port 35096
2019-07-16 14:16:32,054 INFO  server.XceiverServerGrpc (XceiverServerGrpc.java:start(161)) - XceiverServerGrpc 5aec6828-7fd7-4b3d-9950-432cca815840 is started using port 44681
2019-07-16 14:16:32,243 INFO  ozoneimpl.OzoneContainer (OzoneContainer.java:start(186)) - Attempting to start container services.
2019-07-16 14:16:32,243 INFO  ozoneimpl.OzoneContainer (OzoneContainer.java:startContainerScrub(160)) - Background container scrubber has been disabled by hdds.containerscrub.enabled
2019-07-16 14:16:32,243 INFO  ratis.XceiverServerRatis (XceiverServerRatis.java:start(418)) - Starting XceiverServerRatis 049f148e-af82-4869-8aa2-38d85904541d at port 0
2019-07-16 14:16:32,251 INFO  impl.RaftServerProxy (RaftServerProxy.java:lambda$start$3(299)) - 049f148e-af82-4869-8aa2-38d85904541d: start RPC server
2019-07-16 14:16:32,252 INFO  server.GrpcService (GrpcService.java:startImpl(149)) - 049f148e-af82-4869-8aa2-38d85904541d: GrpcService started, listening on 0.0.0.0/0.0.0.0:44346
2019-07-16 14:16:32,252 INFO  ratis.XceiverServerRatis (XceiverServerRatis.java:start(428)) - XceiverServerRatis 049f148e-af82-4869-8aa2-38d85904541d is started using port 44346
2019-07-16 14:16:32,253 INFO  server.XceiverServerGrpc (XceiverServerGrpc.java:start(161)) - XceiverServerGrpc 049f148e-af82-4869-8aa2-38d85904541d is started using port 41312
2019-07-16 14:16:32,475 INFO  ozoneimpl.OzoneContainer (OzoneContainer.java:start(186)) - Attempting to start container services.
2019-07-16 14:16:32,476 INFO  ozoneimpl.OzoneContainer (OzoneContainer.java:startContainerScrub(160)) - Background container scrubber has been disabled by hdds.containerscrub.enabled
2019-07-16 14:16:32,476 INFO  ratis.XceiverServerRatis (XceiverServerRatis.java:start(418)) - Starting XceiverServerRatis 3bc0dc73-ee24-442f-a273-febd66e2e7d9 at port 0
2019-07-16 14:16:32,484 INFO  impl.RaftServerProxy (RaftServerProxy.java:lambda$start$3(299)) - 3bc0dc73-ee24-442f-a273-febd66e2e7d9: start RPC server
2019-07-16 14:16:32,485 INFO  server.GrpcService (GrpcService.java:startImpl(149)) - 3bc0dc73-ee24-442f-a273-febd66e2e7d9: GrpcService started, listening on 0.0.0.0/0.0.0.0:38761
2019-07-16 14:16:32,485 INFO  ratis.XceiverServerRatis (XceiverServerRatis.java:start(428)) - XceiverServerRatis 3bc0dc73-ee24-442f-a273-febd66e2e7d9 is started using port 38761
2019-07-16 14:16:32,520 INFO  server.XceiverServerGrpc (XceiverServerGrpc.java:start(161)) - XceiverServerGrpc 3bc0dc73-ee24-442f-a273-febd66e2e7d9 is started using port 43182
2019-07-16 14:16:32,609 INFO  ozone.MiniOzoneClusterImpl (MiniOzoneClusterImpl.java:lambda$waitForClusterToBeReady$0(142)) - Waiting for cluster to be ready. Got 0 of 7 DN Heartbeats.
2019-07-16 14:16:32,639 INFO  impl.FollowerState (FollowerState.java:run(106)) - 5e1f60d6-eb7d-4cb0-856a-7059979ee06b:group-10F3E4DA1DEE changes to CANDIDATE, lastRpcTime:9459, electionTimeout:5070ms
2019-07-16 14:16:32,640 INFO  impl.RoleInfo (RoleInfo.java:shutdownFollowerState(121)) - 5e1f60d6-eb7d-4cb0-856a-7059979ee06b: shutdown FollowerState
2019-07-16 14:16:32,640 INFO  impl.RaftServerImpl (RaftServerImpl.java:setRole(171)) - 5e1f60d6-eb7d-4cb0-856a-7059979ee06b:group-10F3E4DA1DEE changes role from FOLLOWER to CANDIDATE at term 1 for changeToCandidate
2019-07-16 14:16:32,640 INFO  impl.RoleInfo (RoleInfo.java:updateAndGet(143)) - 5e1f60d6-eb7d-4cb0-856a-7059979ee06b: start LeaderElection
2019-07-16 14:16:32,641 INFO  impl.RaftServerImpl (ServerState.java:setLeader(263)) - 5e1f60d6-eb7d-4cb0-856a-7059979ee06b:group-10F3E4DA1DEE change Leader from 888503fb-f734-4c7c-9b82-330fcea6e78c to null at term 1 for initElection
2019-07-16 14:16:32,651 INFO  impl.FollowerState (FollowerState.java:run(106)) - ce30a503-6e02-452f-ba1f-f207c1d38bf3:group-10F3E4DA1DEE changes to CANDIDATE, lastRpcTime:9471, electionTimeout:5124ms
2019-07-16 14:16:32,652 INFO  impl.RoleInfo (RoleInfo.java:shutdownFollowerState(121)) - ce30a503-6e02-452f-ba1f-f207c1d38bf3: shutdown FollowerState
2019-07-16 14:16:32,652 INFO  impl.RaftServerImpl (RaftServerImpl.java:setRole(171)) - ce30a503-6e02-452f-ba1f-f207c1d38bf3:group-10F3E4DA1DEE changes role from FOLLOWER to CANDIDATE at term 1 for changeToCandidate
2019-07-16 14:16:32,652 INFO  impl.RoleInfo (RoleInfo.java:updateAndGet(143)) - ce30a503-6e02-452f-ba1f-f207c1d38bf3: start LeaderElection
2019-07-16 14:16:32,652 INFO  impl.RaftServerImpl (ServerState.java:setLeader(263)) - ce30a503-6e02-452f-ba1f-f207c1d38bf3:group-10F3E4DA1DEE change Leader from 888503fb-f734-4c7c-9b82-330fcea6e78c to null at term 1 for initElection
2019-07-16 14:16:32,654 INFO  impl.LeaderElection (LeaderElection.java:askForVotes(181)) - 5e1f60d6-eb7d-4cb0-856a-7059979ee06b:group-10F3E4DA1DEE:LeaderElection68: begin an election at term 2 for 0: [5e1f60d6-eb7d-4cb0-856a-7059979ee06b:192.168.157.241:45673, ce30a503-6e02-452f-ba1f-f207c1d38bf3:192.168.157.241:43132, 888503fb-f734-4c7c-9b82-330fcea6e78c:192.168.157.241:40944], old=null
2019-07-16 14:16:32,657 INFO  impl.LeaderElection (LeaderElection.java:askForVotes(181)) - ce30a503-6e02-452f-ba1f-f207c1d38bf3:group-10F3E4DA1DEE:LeaderElection69: begin an election at term 2 for 0: [5e1f60d6-eb7d-4cb0-856a-7059979ee06b:192.168.157.241:45673, ce30a503-6e02-452f-ba1f-f207c1d38bf3:192.168.157.241:43132, 888503fb-f734-4c7c-9b82-330fcea6e78c:192.168.157.241:40944], old=null
2019-07-16 14:16:32,658 INFO  impl.LeaderElection (LogUtils.java:infoOrTrace(149)) - 5e1f60d6-eb7d-4cb0-856a-7059979ee06b:group-10F3E4DA1DEE:LeaderElection68 got exception when requesting votes: {}
java.util.concurrent.ExecutionException: org.apache.ratis.thirdparty.io.grpc.StatusRuntimeException: UNAVAILABLE: io exception
	at java.util.concurrent.FutureTask.report(FutureTask.java:122)
	at java.util.concurrent.FutureTask.get(FutureTask.java:192)
	at org.apache.ratis.server.impl.LeaderElection.waitForResults(LeaderElection.java:262)
	at org.apache.ratis.server.impl.LeaderElection.askForVotes(LeaderElection.java:200)
	at org.apache.ratis.server.impl.LeaderElection.run(LeaderElection.java:130)
	at java.lang.Thread.run(Thread.java:748)
Caused by: org.apache.ratis.thirdparty.io.grpc.StatusRuntimeException: UNAVAILABLE: io exception
	at org.apache.ratis.thirdparty.io.grpc.stub.ClientCalls.toStatusRuntimeException(ClientCalls.java:233)
	at org.apache.ratis.thirdparty.io.grpc.stub.ClientCalls.getUnchecked(ClientCalls.java:214)
	at org.apache.ratis.thirdparty.io.grpc.stub.ClientCalls.blockingUnaryCall(ClientCalls.java:139)
	at org.apache.ratis.proto.grpc.RaftServerProtocolServiceGrpc$RaftServerProtocolServiceBlockingStub.requestVote(RaftServerProtocolServiceGrpc.java:265)
	at org.apache.ratis.grpc.server.GrpcServerProtocolClient.requestVote(GrpcServerProtocolClient.java:83)
	at org.apache.ratis.grpc.server.GrpcService.requestVote(GrpcService.java:195)
	at org.apache.ratis.server.impl.LeaderElection.lambda$submitRequests$1(LeaderElection.java:237)
	at java.util.concurrent.FutureTask.run(FutureTask.java:266)
	at java.util.concurrent.Executors$RunnableAdapter.call(Executors.java:511)
	at java.util.concurrent.FutureTask.run(FutureTask.java:266)
	at java.util.concurrent.ThreadPoolExecutor.runWorker(ThreadPoolExecutor.java:1149)
	at java.util.concurrent.ThreadPoolExecutor$Worker.run(ThreadPoolExecutor.java:624)
	... 1 more
Caused by: org.apache.ratis.thirdparty.io.netty.channel.AbstractChannel$AnnotatedConnectException: Connection refused: /192.168.157.241:40944
	at sun.nio.ch.SocketChannelImpl.checkConnect(Native Method)
	at sun.nio.ch.SocketChannelImpl.finishConnect(SocketChannelImpl.java:717)
	at org.apache.ratis.thirdparty.io.netty.channel.socket.nio.NioSocketChannel.doFinishConnect(NioSocketChannel.java:327)
	at org.apache.ratis.thirdparty.io.netty.channel.nio.AbstractNioChannel$AbstractNioUnsafe.finishConnect(AbstractNioChannel.java:340)
	at org.apache.ratis.thirdparty.io.netty.channel.nio.NioEventLoop.processSelectedKey(NioEventLoop.java:632)
	at org.apache.ratis.thirdparty.io.netty.channel.nio.NioEventLoop.processSelectedKeysOptimized(NioEventLoop.java:579)
	at org.apache.ratis.thirdparty.io.netty.channel.nio.NioEventLoop.processSelectedKeys(NioEventLoop.java:496)
	at org.apache.ratis.thirdparty.io.netty.channel.nio.NioEventLoop.run(NioEventLoop.java:458)
	at org.apache.ratis.thirdparty.io.netty.util.concurrent.SingleThreadEventExecutor$5.run(SingleThreadEventExecutor.java:897)
	at org.apache.ratis.thirdparty.io.netty.util.concurrent.FastThreadLocalRunnable.run(FastThreadLocalRunnable.java:30)
	... 1 more
Caused by: java.net.ConnectException: Connection refused
	... 11 more
2019-07-16 14:16:32,671 INFO  impl.LeaderElection (LeaderElection.java:logAndReturn(56)) - 5e1f60d6-eb7d-4cb0-856a-7059979ee06b:group-10F3E4DA1DEE:LeaderElection68: Election REJECTED; received 1 response(s) [5e1f60d6-eb7d-4cb0-856a-7059979ee06b<-ce30a503-6e02-452f-ba1f-f207c1d38bf3#0:FAIL-t2] and 1 exception(s); 5e1f60d6-eb7d-4cb0-856a-7059979ee06b:t2, leader=null, voted=5e1f60d6-eb7d-4cb0-856a-7059979ee06b, raftlog=5e1f60d6-eb7d-4cb0-856a-7059979ee06b-SegmentedRaftLog:OPENED:c2,f2,i2, conf=0: [5e1f60d6-eb7d-4cb0-856a-7059979ee06b:192.168.157.241:45673, ce30a503-6e02-452f-ba1f-f207c1d38bf3:192.168.157.241:43132, 888503fb-f734-4c7c-9b82-330fcea6e78c:192.168.157.241:40944], old=null
2019-07-16 14:16:32,671 INFO  impl.LeaderElection (LogUtils.java:infoOrTrace(149)) -   Exception 0: {}
java.util.concurrent.ExecutionException: org.apache.ratis.thirdparty.io.grpc.StatusRuntimeException: UNAVAILABLE: io exception
	at java.util.concurrent.FutureTask.report(FutureTask.java:122)
	at java.util.concurrent.FutureTask.get(FutureTask.java:192)
	at org.apache.ratis.server.impl.LeaderElection.waitForResults(LeaderElection.java:262)
	at org.apache.ratis.server.impl.LeaderElection.askForVotes(LeaderElection.java:200)
	at org.apache.ratis.server.impl.LeaderElection.run(LeaderElection.java:130)
	at java.lang.Thread.run(Thread.java:748)
Caused by: org.apache.ratis.thirdparty.io.grpc.StatusRuntimeException: UNAVAILABLE: io exception
	at org.apache.ratis.thirdparty.io.grpc.stub.ClientCalls.toStatusRuntimeException(ClientCalls.java:233)
	at org.apache.ratis.thirdparty.io.grpc.stub.ClientCalls.getUnchecked(ClientCalls.java:214)
	at org.apache.ratis.thirdparty.io.grpc.stub.ClientCalls.blockingUnaryCall(ClientCalls.java:139)
	at org.apache.ratis.proto.grpc.RaftServerProtocolServiceGrpc$RaftServerProtocolServiceBlockingStub.requestVote(RaftServerProtocolServiceGrpc.java:265)
	at org.apache.ratis.grpc.server.GrpcServerProtocolClient.requestVote(GrpcServerProtocolClient.java:83)
	at org.apache.ratis.grpc.server.GrpcService.requestVote(GrpcService.java:195)
	at org.apache.ratis.server.impl.LeaderElection.lambda$submitRequests$1(LeaderElection.java:237)
	at java.util.concurrent.FutureTask.run(FutureTask.java:266)
	at java.util.concurrent.Executors$RunnableAdapter.call(Executors.java:511)
	at java.util.concurrent.FutureTask.run(FutureTask.java:266)
	at java.util.concurrent.ThreadPoolExecutor.runWorker(ThreadPoolExecutor.java:1149)
	at java.util.concurrent.ThreadPoolExecutor$Worker.run(ThreadPoolExecutor.java:624)
	... 1 more
Caused by: org.apache.ratis.thirdparty.io.netty.channel.AbstractChannel$AnnotatedConnectException: Connection refused: /192.168.157.241:40944
	at sun.nio.ch.SocketChannelImpl.checkConnect(Native Method)
	at sun.nio.ch.SocketChannelImpl.finishConnect(SocketChannelImpl.java:717)
	at org.apache.ratis.thirdparty.io.netty.channel.socket.nio.NioSocketChannel.doFinishConnect(NioSocketChannel.java:327)
	at org.apache.ratis.thirdparty.io.netty.channel.nio.AbstractNioChannel$AbstractNioUnsafe.finishConnect(AbstractNioChannel.java:340)
	at org.apache.ratis.thirdparty.io.netty.channel.nio.NioEventLoop.processSelectedKey(NioEventLoop.java:632)
	at org.apache.ratis.thirdparty.io.netty.channel.nio.NioEventLoop.processSelectedKeysOptimized(NioEventLoop.java:579)
	at org.apache.ratis.thirdparty.io.netty.channel.nio.NioEventLoop.processSelectedKeys(NioEventLoop.java:496)
	at org.apache.ratis.thirdparty.io.netty.channel.nio.NioEventLoop.run(NioEventLoop.java:458)
	at org.apache.ratis.thirdparty.io.netty.util.concurrent.SingleThreadEventExecutor$5.run(SingleThreadEventExecutor.java:897)
	at org.apache.ratis.thirdparty.io.netty.util.concurrent.FastThreadLocalRunnable.run(FastThreadLocalRunnable.java:30)
	... 1 more
Caused by: java.net.ConnectException: Connection refused
	... 11 more
2019-07-16 14:16:32,672 INFO  impl.LeaderElection (LogUtils.java:infoOrTrace(149)) - ce30a503-6e02-452f-ba1f-f207c1d38bf3:group-10F3E4DA1DEE:LeaderElection69 got exception when requesting votes: {}
java.util.concurrent.ExecutionException: org.apache.ratis.thirdparty.io.grpc.StatusRuntimeException: UNAVAILABLE: io exception
	at java.util.concurrent.FutureTask.report(FutureTask.java:122)
	at java.util.concurrent.FutureTask.get(FutureTask.java:192)
	at org.apache.ratis.server.impl.LeaderElection.waitForResults(LeaderElection.java:262)
	at org.apache.ratis.server.impl.LeaderElection.askForVotes(LeaderElection.java:200)
	at org.apache.ratis.server.impl.LeaderElection.run(LeaderElection.java:130)
	at java.lang.Thread.run(Thread.java:748)
Caused by: org.apache.ratis.thirdparty.io.grpc.StatusRuntimeException: UNAVAILABLE: io exception
	at org.apache.ratis.thirdparty.io.grpc.stub.ClientCalls.toStatusRuntimeException(ClientCalls.java:233)
	at org.apache.ratis.thirdparty.io.grpc.stub.ClientCalls.getUnchecked(ClientCalls.java:214)
	at org.apache.ratis.thirdparty.io.grpc.stub.ClientCalls.blockingUnaryCall(ClientCalls.java:139)
	at org.apache.ratis.proto.grpc.RaftServerProtocolServiceGrpc$RaftServerProtocolServiceBlockingStub.requestVote(RaftServerProtocolServiceGrpc.java:265)
	at org.apache.ratis.grpc.server.GrpcServerProtocolClient.requestVote(GrpcServerProtocolClient.java:83)
	at org.apache.ratis.grpc.server.GrpcService.requestVote(GrpcService.java:195)
	at org.apache.ratis.server.impl.LeaderElection.lambda$submitRequests$1(LeaderElection.java:237)
	at java.util.concurrent.FutureTask.run(FutureTask.java:266)
	at java.util.concurrent.Executors$RunnableAdapter.call(Executors.java:511)
	at java.util.concurrent.FutureTask.run(FutureTask.java:266)
	at java.util.concurrent.ThreadPoolExecutor.runWorker(ThreadPoolExecutor.java:1149)
	at java.util.concurrent.ThreadPoolExecutor$Worker.run(ThreadPoolExecutor.java:624)
	... 1 more
Caused by: org.apache.ratis.thirdparty.io.netty.channel.AbstractChannel$AnnotatedConnectException: Connection refused: /192.168.157.241:40944
	at sun.nio.ch.SocketChannelImpl.checkConnect(Native Method)
	at sun.nio.ch.SocketChannelImpl.finishConnect(SocketChannelImpl.java:717)
	at org.apache.ratis.thirdparty.io.netty.channel.socket.nio.NioSocketChannel.doFinishConnect(NioSocketChannel.java:327)
	at org.apache.ratis.thirdparty.io.netty.channel.nio.AbstractNioChannel$AbstractNioUnsafe.finishConnect(AbstractNioChannel.java:340)
	at org.apache.ratis.thirdparty.io.netty.channel.nio.NioEventLoop.processSelectedKey(NioEventLoop.java:632)
	at org.apache.ratis.thirdparty.io.netty.channel.nio.NioEventLoop.processSelectedKeysOptimized(NioEventLoop.java:579)
	at org.apache.ratis.thirdparty.io.netty.channel.nio.NioEventLoop.processSelectedKeys(NioEventLoop.java:496)
	at org.apache.ratis.thirdparty.io.netty.channel.nio.NioEventLoop.run(NioEventLoop.java:458)
	at org.apache.ratis.thirdparty.io.netty.util.concurrent.SingleThreadEventExecutor$5.run(SingleThreadEventExecutor.java:897)
	at org.apache.ratis.thirdparty.io.netty.util.concurrent.FastThreadLocalRunnable.run(FastThreadLocalRunnable.java:30)
	... 1 more
Caused by: java.net.ConnectException: Connection refused
	... 11 more
2019-07-16 14:16:32,672 INFO  impl.RaftServerImpl (RaftServerImpl.java:setRole(171)) - 5e1f60d6-eb7d-4cb0-856a-7059979ee06b:group-10F3E4DA1DEE changes role from CANDIDATE to FOLLOWER at term 2 for DISCOVERED_A_NEW_TERM
2019-07-16 14:16:32,678 INFO  impl.RoleInfo (RoleInfo.java:shutdownLeaderElection(134)) - 5e1f60d6-eb7d-4cb0-856a-7059979ee06b: shutdown LeaderElection
2019-07-16 14:16:32,679 INFO  impl.RoleInfo (RoleInfo.java:updateAndGet(143)) - 5e1f60d6-eb7d-4cb0-856a-7059979ee06b: start FollowerState
2019-07-16 14:16:32,680 INFO  impl.LeaderElection (LeaderElection.java:logAndReturn(56)) - ce30a503-6e02-452f-ba1f-f207c1d38bf3:group-10F3E4DA1DEE:LeaderElection69: Election REJECTED; received 1 response(s) [ce30a503-6e02-452f-ba1f-f207c1d38bf3<-5e1f60d6-eb7d-4cb0-856a-7059979ee06b#0:FAIL-t2] and 1 exception(s); ce30a503-6e02-452f-ba1f-f207c1d38bf3:t2, leader=null, voted=ce30a503-6e02-452f-ba1f-f207c1d38bf3, raftlog=ce30a503-6e02-452f-ba1f-f207c1d38bf3-SegmentedRaftLog:OPENED:c2,f2,i2, conf=0: [5e1f60d6-eb7d-4cb0-856a-7059979ee06b:192.168.157.241:45673, ce30a503-6e02-452f-ba1f-f207c1d38bf3:192.168.157.241:43132, 888503fb-f734-4c7c-9b82-330fcea6e78c:192.168.157.241:40944], old=null
2019-07-16 14:16:32,680 INFO  impl.LeaderElection (LogUtils.java:infoOrTrace(149)) -   Exception 0: {}
java.util.concurrent.ExecutionException: org.apache.ratis.thirdparty.io.grpc.StatusRuntimeException: UNAVAILABLE: io exception
	at java.util.concurrent.FutureTask.report(FutureTask.java:122)
	at java.util.concurrent.FutureTask.get(FutureTask.java:192)
	at org.apache.ratis.server.impl.LeaderElection.waitForResults(LeaderElection.java:262)
	at org.apache.ratis.server.impl.LeaderElection.askForVotes(LeaderElection.java:200)
	at org.apache.ratis.server.impl.LeaderElection.run(LeaderElection.java:130)
	at java.lang.Thread.run(Thread.java:748)
Caused by: org.apache.ratis.thirdparty.io.grpc.StatusRuntimeException: UNAVAILABLE: io exception
	at org.apache.ratis.thirdparty.io.grpc.stub.ClientCalls.toStatusRuntimeException(ClientCalls.java:233)
	at org.apache.ratis.thirdparty.io.grpc.stub.ClientCalls.getUnchecked(ClientCalls.java:214)
	at org.apache.ratis.thirdparty.io.grpc.stub.ClientCalls.blockingUnaryCall(ClientCalls.java:139)
	at org.apache.ratis.proto.grpc.RaftServerProtocolServiceGrpc$RaftServerProtocolServiceBlockingStub.requestVote(RaftServerProtocolServiceGrpc.java:265)
	at org.apache.ratis.grpc.server.GrpcServerProtocolClient.requestVote(GrpcServerProtocolClient.java:83)
	at org.apache.ratis.grpc.server.GrpcService.requestVote(GrpcService.java:195)
	at org.apache.ratis.server.impl.LeaderElection.lambda$submitRequests$1(LeaderElection.java:237)
	at java.util.concurrent.FutureTask.run(FutureTask.java:266)
	at java.util.concurrent.Executors$RunnableAdapter.call(Executors.java:511)
	at java.util.concurrent.FutureTask.run(FutureTask.java:266)
	at java.util.concurrent.ThreadPoolExecutor.runWorker(ThreadPoolExecutor.java:1149)
	at java.util.concurrent.ThreadPoolExecutor$Worker.run(ThreadPoolExecutor.java:624)
	... 1 more
Caused by: org.apache.ratis.thirdparty.io.netty.channel.AbstractChannel$AnnotatedConnectException: Connection refused: /192.168.157.241:40944
	at sun.nio.ch.SocketChannelImpl.checkConnect(Native Method)
	at sun.nio.ch.SocketChannelImpl.finishConnect(SocketChannelImpl.java:717)
	at org.apache.ratis.thirdparty.io.netty.channel.socket.nio.NioSocketChannel.doFinishConnect(NioSocketChannel.java:327)
	at org.apache.ratis.thirdparty.io.netty.channel.nio.AbstractNioChannel$AbstractNioUnsafe.finishConnect(AbstractNioChannel.java:340)
	at org.apache.ratis.thirdparty.io.netty.channel.nio.NioEventLoop.processSelectedKey(NioEventLoop.java:632)
	at org.apache.ratis.thirdparty.io.netty.channel.nio.NioEventLoop.processSelectedKeysOptimized(NioEventLoop.java:579)
	at org.apache.ratis.thirdparty.io.netty.channel.nio.NioEventLoop.processSelectedKeys(NioEventLoop.java:496)
	at org.apache.ratis.thirdparty.io.netty.channel.nio.NioEventLoop.run(NioEventLoop.java:458)
	at org.apache.ratis.thirdparty.io.netty.util.concurrent.SingleThreadEventExecutor$5.run(SingleThreadEventExecutor.java:897)
	at org.apache.ratis.thirdparty.io.netty.util.concurrent.FastThreadLocalRunnable.run(FastThreadLocalRunnable.java:30)
	... 1 more
Caused by: java.net.ConnectException: Connection refused
	... 11 more
2019-07-16 14:16:32,681 INFO  impl.RaftServerImpl (RaftServerImpl.java:setRole(171)) - ce30a503-6e02-452f-ba1f-f207c1d38bf3:group-10F3E4DA1DEE changes role from CANDIDATE to FOLLOWER at term 2 for DISCOVERED_A_NEW_TERM
2019-07-16 14:16:32,681 INFO  impl.RoleInfo (RoleInfo.java:shutdownLeaderElection(134)) - ce30a503-6e02-452f-ba1f-f207c1d38bf3: shutdown LeaderElection
2019-07-16 14:16:32,681 INFO  impl.RoleInfo (RoleInfo.java:updateAndGet(143)) - ce30a503-6e02-452f-ba1f-f207c1d38bf3: start FollowerState
2019-07-16 14:16:32,695 INFO  ozoneimpl.OzoneContainer (OzoneContainer.java:start(186)) - Attempting to start container services.
2019-07-16 14:16:32,695 INFO  ozoneimpl.OzoneContainer (OzoneContainer.java:startContainerScrub(160)) - Background container scrubber has been disabled by hdds.containerscrub.enabled
2019-07-16 14:16:32,695 INFO  ratis.XceiverServerRatis (XceiverServerRatis.java:start(418)) - Starting XceiverServerRatis 496b21f6-dd41-4a5b-8094-660c199c8f53 at port 0
2019-07-16 14:16:32,703 INFO  impl.RaftServerProxy (RaftServerProxy.java:lambda$start$3(299)) - 496b21f6-dd41-4a5b-8094-660c199c8f53: start RPC server
2019-07-16 14:16:32,704 INFO  server.GrpcService (GrpcService.java:startImpl(149)) - 496b21f6-dd41-4a5b-8094-660c199c8f53: GrpcService started, listening on 0.0.0.0/0.0.0.0:43266
2019-07-16 14:16:32,704 INFO  ratis.XceiverServerRatis (XceiverServerRatis.java:start(428)) - XceiverServerRatis 496b21f6-dd41-4a5b-8094-660c199c8f53 is started using port 43266
2019-07-16 14:16:32,704 INFO  server.XceiverServerGrpc (XceiverServerGrpc.java:start(161)) - XceiverServerGrpc 496b21f6-dd41-4a5b-8094-660c199c8f53 is started using port 33110
2019-07-16 14:16:33,109 INFO  ozoneimpl.OzoneContainer (OzoneContainer.java:start(186)) - Attempting to start container services.
2019-07-16 14:16:33,109 INFO  ozoneimpl.OzoneContainer (OzoneContainer.java:startContainerScrub(160)) - Background container scrubber has been disabled by hdds.containerscrub.enabled
2019-07-16 14:16:33,109 INFO  ratis.XceiverServerRatis (XceiverServerRatis.java:start(418)) - Starting XceiverServerRatis cfecc977-93f8-4e60-8920-33a396e93f59 at port 0
2019-07-16 14:16:33,117 INFO  impl.RaftServerProxy (RaftServerProxy.java:lambda$start$3(299)) - cfecc977-93f8-4e60-8920-33a396e93f59: start RPC server
2019-07-16 14:16:33,118 INFO  server.GrpcService (GrpcService.java:startImpl(149)) - cfecc977-93f8-4e60-8920-33a396e93f59: GrpcService started, listening on 0.0.0.0/0.0.0.0:32812
2019-07-16 14:16:33,118 INFO  ratis.XceiverServerRatis (XceiverServerRatis.java:start(428)) - XceiverServerRatis cfecc977-93f8-4e60-8920-33a396e93f59 is started using port 32812
2019-07-16 14:16:33,126 INFO  server.XceiverServerGrpc (XceiverServerGrpc.java:start(161)) - XceiverServerGrpc cfecc977-93f8-4e60-8920-33a396e93f59 is started using port 39550
2019-07-16 14:16:33,418 INFO  ozoneimpl.OzoneContainer (OzoneContainer.java:start(186)) - Attempting to start container services.
2019-07-16 14:16:33,418 INFO  ozoneimpl.OzoneContainer (OzoneContainer.java:startContainerScrub(160)) - Background container scrubber has been disabled by hdds.containerscrub.enabled
2019-07-16 14:16:33,419 INFO  ratis.XceiverServerRatis (XceiverServerRatis.java:start(418)) - Starting XceiverServerRatis db26f864-0141-4fb1-ad4a-2bf1fb5ab60c at port 0
2019-07-16 14:16:33,427 INFO  impl.RaftServerProxy (RaftServerProxy.java:lambda$start$3(299)) - db26f864-0141-4fb1-ad4a-2bf1fb5ab60c: start RPC server
2019-07-16 14:16:33,427 INFO  server.GrpcService (GrpcService.java:startImpl(149)) - db26f864-0141-4fb1-ad4a-2bf1fb5ab60c: GrpcService started, listening on 0.0.0.0/0.0.0.0:38348
2019-07-16 14:16:33,427 INFO  ratis.XceiverServerRatis (XceiverServerRatis.java:start(428)) - XceiverServerRatis db26f864-0141-4fb1-ad4a-2bf1fb5ab60c is started using port 38348
2019-07-16 14:16:33,428 INFO  server.XceiverServerGrpc (XceiverServerGrpc.java:start(161)) - XceiverServerGrpc db26f864-0141-4fb1-ad4a-2bf1fb5ab60c is started using port 46223
2019-07-16 14:16:33,610 INFO  ozone.MiniOzoneClusterImpl (MiniOzoneClusterImpl.java:lambda$waitForClusterToBeReady$0(142)) - Waiting for cluster to be ready. Got 0 of 7 DN Heartbeats.
2019-07-16 14:16:33,624 INFO  ozoneimpl.OzoneContainer (OzoneContainer.java:start(186)) - Attempting to start container services.
2019-07-16 14:16:33,624 INFO  ozoneimpl.OzoneContainer (OzoneContainer.java:startContainerScrub(160)) - Background container scrubber has been disabled by hdds.containerscrub.enabled
2019-07-16 14:16:33,624 INFO  ratis.XceiverServerRatis (XceiverServerRatis.java:start(418)) - Starting XceiverServerRatis 1fa5aec3-e3bc-4045-a1c5-3eaa03edf0b8 at port 0
2019-07-16 14:16:33,631 INFO  impl.RaftServerProxy (RaftServerProxy.java:lambda$start$3(299)) - 1fa5aec3-e3bc-4045-a1c5-3eaa03edf0b8: start RPC server
2019-07-16 14:16:33,632 INFO  server.GrpcService (GrpcService.java:startImpl(149)) - 1fa5aec3-e3bc-4045-a1c5-3eaa03edf0b8: GrpcService started, listening on 0.0.0.0/0.0.0.0:36272
2019-07-16 14:16:33,632 INFO  ratis.XceiverServerRatis (XceiverServerRatis.java:start(428)) - XceiverServerRatis 1fa5aec3-e3bc-4045-a1c5-3eaa03edf0b8 is started using port 36272
2019-07-16 14:16:33,633 INFO  server.XceiverServerGrpc (XceiverServerGrpc.java:start(161)) - XceiverServerGrpc 1fa5aec3-e3bc-4045-a1c5-3eaa03edf0b8 is started using port 34784
2019-07-16 14:16:33,987 INFO  net.NetworkTopology (NetworkTopologyImpl.java:add(110)) - Added a new node: /default-rack/192.168.157.241
2019-07-16 14:16:33,994 INFO  node.SCMNodeManager (SCMNodeManager.java:register(269)) - Registered Data node : 5aec6828-7fd7-4b3d-9950-432cca815840{ip: 192.168.157.241, host: trunk-nightly-gllmw-2332419065, networkLocation: /default-rack, certSerialId: null}
2019-07-16 14:16:33,995 INFO  safemode.SCMSafeModeManager (DataNodeSafeModeRule.java:process(71)) - SCM in safe mode. 1 DataNodes registered, 1 required.
2019-07-16 14:16:34,002 INFO  safemode.SCMSafeModeManager (SCMSafeModeManager.java:validateSafeModeExitRules(177)) - ScmSafeModeManager, all rules are successfully validated
2019-07-16 14:16:34,002 INFO  safemode.SCMSafeModeManager (SCMSafeModeManager.java:exitSafeMode(193)) - SCM exiting safe mode.
2019-07-16 14:16:34,045 INFO  impl.RaftServerProxy (RaftServerProxy.java:addNew(89)) - 5aec6828-7fd7-4b3d-9950-432cca815840: addNew group-CDEC99EFC2C5:[5aec6828-7fd7-4b3d-9950-432cca815840:192.168.157.241:35096] returns group-CDEC99EFC2C5:java.util.concurrent.CompletableFuture@17a05ddb[Not completed]
2019-07-16 14:16:34,047 INFO  impl.RaftServerImpl (RaftServerImpl.java:<init>(93)) - 5aec6828-7fd7-4b3d-9950-432cca815840: new RaftServerImpl for group-CDEC99EFC2C5:[5aec6828-7fd7-4b3d-9950-432cca815840:192.168.157.241:35096] with ContainerStateMachine:uninitialized
2019-07-16 14:16:34,047 INFO  server.RaftServerConfigKeys (ConfUtils.java:logGet(43)) - raft.server.rpc.timeout.min = 5s (custom)
2019-07-16 14:16:34,047 INFO  server.RaftServerConfigKeys (ConfUtils.java:logGet(43)) - raft.server.rpc.timeout.max = 5200ms (custom)
2019-07-16 14:16:34,047 INFO  server.RaftServerConfigKeys (ConfUtils.java:logGet(43)) - raft.server.rpcslowness.timeout = 120s (custom)
2019-07-16 14:16:34,047 INFO  server.RaftServerConfigKeys (ConfUtils.java:logGet(43)) - raft.server.sleep.deviation.threshold = 300 (default)
2019-07-16 14:16:34,047 INFO  server.RaftServerConfigKeys (ConfUtils.java:logGet(43)) - raft.server.log.appender.install.snapshot.enabled = false (custom)
2019-07-16 14:16:34,048 INFO  impl.RaftServerImpl (ServerState.java:<init>(105)) - 5aec6828-7fd7-4b3d-9950-432cca815840:group-CDEC99EFC2C5 ConfigurationManager, init=-1: [5aec6828-7fd7-4b3d-9950-432cca815840:192.168.157.241:35096], old=null, confs=<EMPTY_MAP>
2019-07-16 14:16:34,048 INFO  server.RaftServerConfigKeys (ConfUtils.java:logGet(43)) - raft.server.storage.dir = [/workdir/hadoop-ozone/integration-test/target/test-dir/MiniOzoneClusterImpl-37f78516-dec8-4d76-a963-cc39a819b7b4/datanode-0/data/ratis] (custom)
2019-07-16 14:16:34,048 INFO  storage.RaftStorageDirectory (RaftStorageDirectory.java:analyzeStorage(246)) - The storage directory /workdir/hadoop-ozone/integration-test/target/test-dir/MiniOzoneClusterImpl-37f78516-dec8-4d76-a963-cc39a819b7b4/datanode-0/data/ratis/107b22ac-6250-4554-9571-cdec99efc2c5 does not exist. Creating ...
2019-07-16 14:16:34,061 INFO  storage.RaftStorageDirectory (RaftStorageDirectory.java:tryLock(328)) - Lock on /workdir/hadoop-ozone/integration-test/target/test-dir/MiniOzoneClusterImpl-37f78516-dec8-4d76-a963-cc39a819b7b4/datanode-0/data/ratis/107b22ac-6250-4554-9571-cdec99efc2c5/in_use.lock acquired by nodename 10151@trunk-nightly-gllmw-2332419065
2019-07-16 14:16:34,074 INFO  storage.RaftStorage (RaftStorage.java:format(72)) - Storage directory /workdir/hadoop-ozone/integration-test/target/test-dir/MiniOzoneClusterImpl-37f78516-dec8-4d76-a963-cc39a819b7b4/datanode-0/data/ratis/107b22ac-6250-4554-9571-cdec99efc2c5 has been successfully formatted.
2019-07-16 14:16:34,075 INFO  ratis.ContainerStateMachine (ContainerStateMachine.java:loadSnapshot(200)) - group-CDEC99EFC2C5: The snapshot info is null. Setting the last applied indexto:(t:0, i:~)
2019-07-16 14:16:34,075 INFO  server.RaftServerConfigKeys (ConfUtils.java:logGet(43)) - raft.server.leader.election.timeout = 120s (custom)
2019-07-16 14:16:34,075 INFO  server.RaftServerConfigKeys (ConfUtils.java:logGet(43)) - raft.server.log.use.memory = false (default)
2019-07-16 14:16:34,075 INFO  server.RaftServerConfigKeys (ConfUtils.java:logGet(43)) - raft.server.log.purge.gap = 1000000000 (custom)
2019-07-16 14:16:34,076 INFO  server.RaftServerConfigKeys (ConfUtils.java:logGet(43)) - raft.server.log.appender.buffer.byte-limit = 33554432 (custom)
2019-07-16 14:16:34,076 INFO  server.RaftServerConfigKeys (ConfUtils.java:logGet(43)) - raft.server.log.segment.size.max = 1048576 (custom)
2019-07-16 14:16:34,076 INFO  server.RaftServerConfigKeys (ConfUtils.java:logGet(43)) - raft.server.log.segment.cache.num.max = 2 (custom)
2019-07-16 14:16:34,076 INFO  segmented.SegmentedRaftLogWorker (SegmentedRaftLogWorker.java:<init>(172)) - new 5aec6828-7fd7-4b3d-9950-432cca815840-SegmentedRaftLogWorker:Storage Directory /workdir/hadoop-ozone/integration-test/target/test-dir/MiniOzoneClusterImpl-37f78516-dec8-4d76-a963-cc39a819b7b4/datanode-0/data/ratis/107b22ac-6250-4554-9571-cdec99efc2c5 for RaftStorage:Storage Directory /workdir/hadoop-ozone/integration-test/target/test-dir/MiniOzoneClusterImpl-37f78516-dec8-4d76-a963-cc39a819b7b4/datanode-0/data/ratis/107b22ac-6250-4554-9571-cdec99efc2c5
2019-07-16 14:16:34,076 INFO  server.RaftServerConfigKeys (ConfUtils.java:logGet(43)) - raft.server.log.queue.byte-limit = 2147483647 (custom)
2019-07-16 14:16:34,077 INFO  server.RaftServerConfigKeys (ConfUtils.java:logGet(43)) - raft.server.log.queue.element-limit = 1024 (custom)
2019-07-16 14:16:34,077 INFO  server.RaftServerConfigKeys (ConfUtils.java:logGet(43)) - raft.server.log.segment.size.max = 1048576 (custom)
2019-07-16 14:16:34,077 INFO  server.RaftServerConfigKeys (ConfUtils.java:logGet(43)) - raft.server.log.preallocated.size = 16384 (custom)
2019-07-16 14:16:34,077 INFO  server.RaftServerConfigKeys (ConfUtils.java:logGet(43)) - raft.server.log.write.buffer.size = 33554432 (custom)
2019-07-16 14:16:34,077 INFO  server.RaftServerConfigKeys (ConfUtils.java:logGet(43)) - raft.server.log.force.sync.num = 128 (default)
2019-07-16 14:16:34,078 INFO  server.RaftServerConfigKeys (ConfUtils.java:logGet(43)) - raft.server.log.statemachine.data.sync = true (default)
2019-07-16 14:16:34,078 INFO  server.RaftServerConfigKeys (ConfUtils.java:logGet(43)) - raft.server.log.statemachine.data.sync.timeout = 10s (default)
2019-07-16 14:16:34,078 INFO  server.RaftServerConfigKeys (ConfUtils.java:logGet(43)) - raft.server.log.statemachine.data.sync.timeout.retry = -1 (default)
2019-07-16 14:16:34,078 INFO  server.RaftServerConfigKeys (ConfUtils.java:logGet(43)) - raft.server.log.statemachine.data.caching.enabled = true (custom)
2019-07-16 14:16:34,079 INFO  segmented.SegmentedRaftLogWorker (SegmentedRaftLogWorker.java:lambda$new$0(132)) - 5aec6828-7fd7-4b3d-9950-432cca815840-SegmentedRaftLogWorker:Storage Directory /workdir/hadoop-ozone/integration-test/target/test-dir/MiniOzoneClusterImpl-37f78516-dec8-4d76-a963-cc39a819b7b4/datanode-0/data/ratis/107b22ac-6250-4554-9571-cdec99efc2c5: flushIndex: setUnconditionally 0 -> -1
2019-07-16 14:16:34,079 INFO  server.RaftServerConfigKeys (ConfUtils.java:logGet(43)) - raft.server.snapshot.auto.trigger.enabled = true (custom)
2019-07-16 14:16:34,079 INFO  server.RaftServerConfigKeys (ConfUtils.java:logGet(43)) - raft.server.snapshot.auto.trigger.threshold = 10000 (custom)
2019-07-16 14:16:34,079 INFO  server.RaftServerConfigKeys (ConfUtils.java:logGet(43)) - raft.server.retrycache.expirytime = 600000ms (custom)
2019-07-16 14:16:34,080 INFO  impl.RaftServerImpl (RaftServerImpl.java:start(180)) - 5aec6828-7fd7-4b3d-9950-432cca815840: start group-CDEC99EFC2C5
2019-07-16 14:16:34,080 INFO  impl.RaftServerImpl (RaftServerImpl.java:setRole(171)) - 5aec6828-7fd7-4b3d-9950-432cca815840:group-CDEC99EFC2C5 changes role from null to FOLLOWER at term 0 for startAsFollower
2019-07-16 14:16:34,080 INFO  impl.RoleInfo (RoleInfo.java:updateAndGet(143)) - 5aec6828-7fd7-4b3d-9950-432cca815840: start FollowerState
2019-07-16 14:16:34,081 INFO  util.JmxRegister (JmxRegister.java:tryRegister(44)) - Successfully registered JMX Bean with object name Ratis:service=RaftServer,group=group-CDEC99EFC2C5,id=5aec6828-7fd7-4b3d-9950-432cca815840
2019-07-16 14:16:34,084 INFO  pipeline.PipelineStateManager (PipelineStateManager.java:addPipeline(56)) - Created pipeline Pipeline[ Id: 107b22ac-6250-4554-9571-cdec99efc2c5, Nodes: 5aec6828-7fd7-4b3d-9950-432cca815840{ip: 192.168.157.241, host: trunk-nightly-gllmw-2332419065, networkLocation: /default-rack, certSerialId: null}, Type:RATIS, Factor:ONE, State:OPEN]
2019-07-16 14:16:34,220 INFO  node.SCMNodeManager (SCMNodeManager.java:register(269)) - Registered Data node : 049f148e-af82-4869-8aa2-38d85904541d{ip: 192.168.157.241, host: trunk-nightly-gllmw-2332419065, networkLocation: /default-rack, certSerialId: null}
2019-07-16 14:16:34,237 INFO  impl.RaftServerProxy (RaftServerProxy.java:addNew(89)) - 049f148e-af82-4869-8aa2-38d85904541d: addNew group-AF9253DB079F:[049f148e-af82-4869-8aa2-38d85904541d:192.168.157.241:44346] returns group-AF9253DB079F:java.util.concurrent.CompletableFuture@49df2ebd[Not completed]
2019-07-16 14:16:34,238 INFO  impl.RaftServerImpl (RaftServerImpl.java:<init>(93)) - 049f148e-af82-4869-8aa2-38d85904541d: new RaftServerImpl for group-AF9253DB079F:[049f148e-af82-4869-8aa2-38d85904541d:192.168.157.241:44346] with ContainerStateMachine:uninitialized
2019-07-16 14:16:34,238 INFO  server.RaftServerConfigKeys (ConfUtils.java:logGet(43)) - raft.server.rpc.timeout.min = 5s (custom)
2019-07-16 14:16:34,239 INFO  server.RaftServerConfigKeys (ConfUtils.java:logGet(43)) - raft.server.rpc.timeout.max = 5200ms (custom)
2019-07-16 14:16:34,239 INFO  server.RaftServerConfigKeys (ConfUtils.java:logGet(43)) - raft.server.rpcslowness.timeout = 120s (custom)
2019-07-16 14:16:34,239 INFO  server.RaftServerConfigKeys (ConfUtils.java:logGet(43)) - raft.server.sleep.deviation.threshold = 300 (default)
2019-07-16 14:16:34,239 INFO  server.RaftServerConfigKeys (ConfUtils.java:logGet(43)) - raft.server.log.appender.install.snapshot.enabled = false (custom)
2019-07-16 14:16:34,239 INFO  impl.RaftServerImpl (ServerState.java:<init>(105)) - 049f148e-af82-4869-8aa2-38d85904541d:group-AF9253DB079F ConfigurationManager, init=-1: [049f148e-af82-4869-8aa2-38d85904541d:192.168.157.241:44346], old=null, confs=<EMPTY_MAP>
2019-07-16 14:16:34,239 INFO  server.RaftServerConfigKeys (ConfUtils.java:logGet(43)) - raft.server.storage.dir = [/workdir/hadoop-ozone/integration-test/target/test-dir/MiniOzoneClusterImpl-37f78516-dec8-4d76-a963-cc39a819b7b4/datanode-1/data/ratis] (custom)
2019-07-16 14:16:34,240 INFO  storage.RaftStorageDirectory (RaftStorageDirectory.java:analyzeStorage(246)) - The storage directory /workdir/hadoop-ozone/integration-test/target/test-dir/MiniOzoneClusterImpl-37f78516-dec8-4d76-a963-cc39a819b7b4/datanode-1/data/ratis/bc157049-849f-4523-ab98-af9253db079f does not exist. Creating ...
2019-07-16 14:16:34,252 INFO  storage.RaftStorageDirectory (RaftStorageDirectory.java:tryLock(328)) - Lock on /workdir/hadoop-ozone/integration-test/target/test-dir/MiniOzoneClusterImpl-37f78516-dec8-4d76-a963-cc39a819b7b4/datanode-1/data/ratis/bc157049-849f-4523-ab98-af9253db079f/in_use.lock acquired by nodename 10151@trunk-nightly-gllmw-2332419065
2019-07-16 14:16:34,269 INFO  storage.RaftStorage (RaftStorage.java:format(72)) - Storage directory /workdir/hadoop-ozone/integration-test/target/test-dir/MiniOzoneClusterImpl-37f78516-dec8-4d76-a963-cc39a819b7b4/datanode-1/data/ratis/bc157049-849f-4523-ab98-af9253db079f has been successfully formatted.
2019-07-16 14:16:34,269 INFO  ratis.ContainerStateMachine (ContainerStateMachine.java:loadSnapshot(200)) - group-AF9253DB079F: The snapshot info is null. Setting the last applied indexto:(t:0, i:~)
2019-07-16 14:16:34,269 INFO  server.RaftServerConfigKeys (ConfUtils.java:logGet(43)) - raft.server.leader.election.timeout = 120s (custom)
2019-07-16 14:16:34,270 INFO  server.RaftServerConfigKeys (ConfUtils.java:logGet(43)) - raft.server.log.use.memory = false (default)
2019-07-16 14:16:34,270 INFO  server.RaftServerConfigKeys (ConfUtils.java:logGet(43)) - raft.server.log.purge.gap = 1000000000 (custom)
2019-07-16 14:16:34,270 INFO  server.RaftServerConfigKeys (ConfUtils.java:logGet(43)) - raft.server.log.appender.buffer.byte-limit = 33554432 (custom)
2019-07-16 14:16:34,270 INFO  server.RaftServerConfigKeys (ConfUtils.java:logGet(43)) - raft.server.log.segment.size.max = 1048576 (custom)
2019-07-16 14:16:34,270 INFO  server.RaftServerConfigKeys (ConfUtils.java:logGet(43)) - raft.server.log.segment.cache.num.max = 2 (custom)
2019-07-16 14:16:34,270 INFO  segmented.SegmentedRaftLogWorker (SegmentedRaftLogWorker.java:<init>(172)) - new 049f148e-af82-4869-8aa2-38d85904541d-SegmentedRaftLogWorker:Storage Directory /workdir/hadoop-ozone/integration-test/target/test-dir/MiniOzoneClusterImpl-37f78516-dec8-4d76-a963-cc39a819b7b4/datanode-1/data/ratis/bc157049-849f-4523-ab98-af9253db079f for RaftStorage:Storage Directory /workdir/hadoop-ozone/integration-test/target/test-dir/MiniOzoneClusterImpl-37f78516-dec8-4d76-a963-cc39a819b7b4/datanode-1/data/ratis/bc157049-849f-4523-ab98-af9253db079f
2019-07-16 14:16:34,271 INFO  server.RaftServerConfigKeys (ConfUtils.java:logGet(43)) - raft.server.log.queue.byte-limit = 2147483647 (custom)
2019-07-16 14:16:34,271 INFO  server.RaftServerConfigKeys (ConfUtils.java:logGet(43)) - raft.server.log.queue.element-limit = 1024 (custom)
2019-07-16 14:16:34,271 INFO  server.RaftServerConfigKeys (ConfUtils.java:logGet(43)) - raft.server.log.segment.size.max = 1048576 (custom)
2019-07-16 14:16:34,271 INFO  server.RaftServerConfigKeys (ConfUtils.java:logGet(43)) - raft.server.log.preallocated.size = 16384 (custom)
2019-07-16 14:16:34,271 INFO  server.RaftServerConfigKeys (ConfUtils.java:logGet(43)) - raft.server.log.write.buffer.size = 33554432 (custom)
2019-07-16 14:16:34,271 INFO  server.RaftServerConfigKeys (ConfUtils.java:logGet(43)) - raft.server.log.force.sync.num = 128 (default)
2019-07-16 14:16:34,272 INFO  server.RaftServerConfigKeys (ConfUtils.java:logGet(43)) - raft.server.log.statemachine.data.sync = true (default)
2019-07-16 14:16:34,272 INFO  server.RaftServerConfigKeys (ConfUtils.java:logGet(43)) - raft.server.log.statemachine.data.sync.timeout = 10s (default)
2019-07-16 14:16:34,272 INFO  server.RaftServerConfigKeys (ConfUtils.java:logGet(43)) - raft.server.log.statemachine.data.sync.timeout.retry = -1 (default)
2019-07-16 14:16:34,272 INFO  server.RaftServerConfigKeys (ConfUtils.java:logGet(43)) - raft.server.log.statemachine.data.caching.enabled = true (custom)
2019-07-16 14:16:34,273 INFO  segmented.SegmentedRaftLogWorker (SegmentedRaftLogWorker.java:lambda$new$0(132)) - 049f148e-af82-4869-8aa2-38d85904541d-SegmentedRaftLogWorker:Storage Directory /workdir/hadoop-ozone/integration-test/target/test-dir/MiniOzoneClusterImpl-37f78516-dec8-4d76-a963-cc39a819b7b4/datanode-1/data/ratis/bc157049-849f-4523-ab98-af9253db079f: flushIndex: setUnconditionally 0 -> -1
2019-07-16 14:16:34,273 INFO  server.RaftServerConfigKeys (ConfUtils.java:logGet(43)) - raft.server.snapshot.auto.trigger.enabled = true (custom)
2019-07-16 14:16:34,273 INFO  server.RaftServerConfigKeys (ConfUtils.java:logGet(43)) - raft.server.snapshot.auto.trigger.threshold = 10000 (custom)
2019-07-16 14:16:34,273 INFO  server.RaftServerConfigKeys (ConfUtils.java:logGet(43)) - raft.server.retrycache.expirytime = 600000ms (custom)
2019-07-16 14:16:34,273 INFO  impl.RaftServerImpl (RaftServerImpl.java:start(180)) - 049f148e-af82-4869-8aa2-38d85904541d: start group-AF9253DB079F
2019-07-16 14:16:34,274 INFO  impl.RaftServerImpl (RaftServerImpl.java:setRole(171)) - 049f148e-af82-4869-8aa2-38d85904541d:group-AF9253DB079F changes role from null to FOLLOWER at term 0 for startAsFollower
2019-07-16 14:16:34,274 INFO  impl.RoleInfo (RoleInfo.java:updateAndGet(143)) - 049f148e-af82-4869-8aa2-38d85904541d: start FollowerState
2019-07-16 14:16:34,274 INFO  util.JmxRegister (JmxRegister.java:tryRegister(44)) - Successfully registered JMX Bean with object name Ratis:service=RaftServer,group=group-AF9253DB079F,id=049f148e-af82-4869-8aa2-38d85904541d
2019-07-16 14:16:34,277 INFO  pipeline.PipelineStateManager (PipelineStateManager.java:addPipeline(56)) - Created pipeline Pipeline[ Id: bc157049-849f-4523-ab98-af9253db079f, Nodes: 049f148e-af82-4869-8aa2-38d85904541d{ip: 192.168.157.241, host: trunk-nightly-gllmw-2332419065, networkLocation: /default-rack, certSerialId: null}, Type:RATIS, Factor:ONE, State:OPEN]
2019-07-16 14:16:34,461 INFO  node.SCMNodeManager (SCMNodeManager.java:register(269)) - Registered Data node : 3bc0dc73-ee24-442f-a273-febd66e2e7d9{ip: 192.168.157.241, host: trunk-nightly-gllmw-2332419065, networkLocation: /default-rack, certSerialId: null}
2019-07-16 14:16:34,482 INFO  impl.RaftServerProxy (RaftServerProxy.java:addNew(89)) - 3bc0dc73-ee24-442f-a273-febd66e2e7d9: addNew group-39341BF3BFA8:[3bc0dc73-ee24-442f-a273-febd66e2e7d9:192.168.157.241:38761] returns group-39341BF3BFA8:java.util.concurrent.CompletableFuture@46c577e6[Not completed]
2019-07-16 14:16:34,483 INFO  impl.RaftServerImpl (RaftServerImpl.java:<init>(93)) - 3bc0dc73-ee24-442f-a273-febd66e2e7d9: new RaftServerImpl for group-39341BF3BFA8:[3bc0dc73-ee24-442f-a273-febd66e2e7d9:192.168.157.241:38761] with ContainerStateMachine:uninitialized
2019-07-16 14:16:34,483 INFO  server.RaftServerConfigKeys (ConfUtils.java:logGet(43)) - raft.server.rpc.timeout.min = 5s (custom)
2019-07-16 14:16:34,483 INFO  server.RaftServerConfigKeys (ConfUtils.java:logGet(43)) - raft.server.rpc.timeout.max = 5200ms (custom)
2019-07-16 14:16:34,484 INFO  server.RaftServerConfigKeys (ConfUtils.java:logGet(43)) - raft.server.rpcslowness.timeout = 120s (custom)
2019-07-16 14:16:34,484 INFO  server.RaftServerConfigKeys (ConfUtils.java:logGet(43)) - raft.server.sleep.deviation.threshold = 300 (default)
2019-07-16 14:16:34,484 INFO  server.RaftServerConfigKeys (ConfUtils.java:logGet(43)) - raft.server.log.appender.install.snapshot.enabled = false (custom)
2019-07-16 14:16:34,484 INFO  impl.RaftServerImpl (ServerState.java:<init>(105)) - 3bc0dc73-ee24-442f-a273-febd66e2e7d9:group-39341BF3BFA8 ConfigurationManager, init=-1: [3bc0dc73-ee24-442f-a273-febd66e2e7d9:192.168.157.241:38761], old=null, confs=<EMPTY_MAP>
2019-07-16 14:16:34,484 INFO  server.RaftServerConfigKeys (ConfUtils.java:logGet(43)) - raft.server.storage.dir = [/workdir/hadoop-ozone/integration-test/target/test-dir/MiniOzoneClusterImpl-37f78516-dec8-4d76-a963-cc39a819b7b4/datanode-2/data/ratis] (custom)
2019-07-16 14:16:34,485 INFO  storage.RaftStorageDirectory (RaftStorageDirectory.java:analyzeStorage(246)) - The storage directory /workdir/hadoop-ozone/integration-test/target/test-dir/MiniOzoneClusterImpl-37f78516-dec8-4d76-a963-cc39a819b7b4/datanode-2/data/ratis/b570f1a8-ddf1-4cfc-ba12-39341bf3bfa8 does not exist. Creating ...
2019-07-16 14:16:34,498 INFO  storage.RaftStorageDirectory (RaftStorageDirectory.java:tryLock(328)) - Lock on /workdir/hadoop-ozone/integration-test/target/test-dir/MiniOzoneClusterImpl-37f78516-dec8-4d76-a963-cc39a819b7b4/datanode-2/data/ratis/b570f1a8-ddf1-4cfc-ba12-39341bf3bfa8/in_use.lock acquired by nodename 10151@trunk-nightly-gllmw-2332419065
2019-07-16 14:16:34,513 INFO  storage.RaftStorage (RaftStorage.java:format(72)) - Storage directory /workdir/hadoop-ozone/integration-test/target/test-dir/MiniOzoneClusterImpl-37f78516-dec8-4d76-a963-cc39a819b7b4/datanode-2/data/ratis/b570f1a8-ddf1-4cfc-ba12-39341bf3bfa8 has been successfully formatted.
2019-07-16 14:16:34,534 INFO  ratis.ContainerStateMachine (ContainerStateMachine.java:loadSnapshot(200)) - group-39341BF3BFA8: The snapshot info is null. Setting the last applied indexto:(t:0, i:~)
2019-07-16 14:16:34,535 INFO  server.RaftServerConfigKeys (ConfUtils.java:logGet(43)) - raft.server.leader.election.timeout = 120s (custom)
2019-07-16 14:16:34,535 INFO  server.RaftServerConfigKeys (ConfUtils.java:logGet(43)) - raft.server.log.use.memory = false (default)
2019-07-16 14:16:34,535 INFO  server.RaftServerConfigKeys (ConfUtils.java:logGet(43)) - raft.server.log.purge.gap = 1000000000 (custom)
2019-07-16 14:16:34,535 INFO  server.RaftServerConfigKeys (ConfUtils.java:logGet(43)) - raft.server.log.appender.buffer.byte-limit = 33554432 (custom)
2019-07-16 14:16:34,535 INFO  server.RaftServerConfigKeys (ConfUtils.java:logGet(43)) - raft.server.log.segment.size.max = 1048576 (custom)
2019-07-16 14:16:34,535 INFO  server.RaftServerConfigKeys (ConfUtils.java:logGet(43)) - raft.server.log.segment.cache.num.max = 2 (custom)
2019-07-16 14:16:34,536 INFO  segmented.SegmentedRaftLogWorker (SegmentedRaftLogWorker.java:<init>(172)) - new 3bc0dc73-ee24-442f-a273-febd66e2e7d9-SegmentedRaftLogWorker:Storage Directory /workdir/hadoop-ozone/integration-test/target/test-dir/MiniOzoneClusterImpl-37f78516-dec8-4d76-a963-cc39a819b7b4/datanode-2/data/ratis/b570f1a8-ddf1-4cfc-ba12-39341bf3bfa8 for RaftStorage:Storage Directory /workdir/hadoop-ozone/integration-test/target/test-dir/MiniOzoneClusterImpl-37f78516-dec8-4d76-a963-cc39a819b7b4/datanode-2/data/ratis/b570f1a8-ddf1-4cfc-ba12-39341bf3bfa8
2019-07-16 14:16:34,536 INFO  server.RaftServerConfigKeys (ConfUtils.java:logGet(43)) - raft.server.log.queue.byte-limit = 2147483647 (custom)
2019-07-16 14:16:34,536 INFO  server.RaftServerConfigKeys (ConfUtils.java:logGet(43)) - raft.server.log.queue.element-limit = 1024 (custom)
2019-07-16 14:16:34,536 INFO  server.RaftServerConfigKeys (ConfUtils.java:logGet(43)) - raft.server.log.segment.size.max = 1048576 (custom)
2019-07-16 14:16:34,536 INFO  server.RaftServerConfigKeys (ConfUtils.java:logGet(43)) - raft.server.log.preallocated.size = 16384 (custom)
2019-07-16 14:16:34,536 INFO  server.RaftServerConfigKeys (ConfUtils.java:logGet(43)) - raft.server.log.write.buffer.size = 33554432 (custom)
2019-07-16 14:16:34,537 INFO  server.RaftServerConfigKeys (ConfUtils.java:logGet(43)) - raft.server.log.force.sync.num = 128 (default)
2019-07-16 14:16:34,537 INFO  server.RaftServerConfigKeys (ConfUtils.java:logGet(43)) - raft.server.log.statemachine.data.sync = true (default)
2019-07-16 14:16:34,537 INFO  server.RaftServerConfigKeys (ConfUtils.java:logGet(43)) - raft.server.log.statemachine.data.sync.timeout = 10s (default)
2019-07-16 14:16:34,537 INFO  server.RaftServerConfigKeys (ConfUtils.java:logGet(43)) - raft.server.log.statemachine.data.sync.timeout.retry = -1 (default)
2019-07-16 14:16:34,537 INFO  server.RaftServerConfigKeys (ConfUtils.java:logGet(43)) - raft.server.log.statemachine.data.caching.enabled = true (custom)
2019-07-16 14:16:34,538 INFO  segmented.SegmentedRaftLogWorker (SegmentedRaftLogWorker.java:lambda$new$0(132)) - 3bc0dc73-ee24-442f-a273-febd66e2e7d9-SegmentedRaftLogWorker:Storage Directory /workdir/hadoop-ozone/integration-test/target/test-dir/MiniOzoneClusterImpl-37f78516-dec8-4d76-a963-cc39a819b7b4/datanode-2/data/ratis/b570f1a8-ddf1-4cfc-ba12-39341bf3bfa8: flushIndex: setUnconditionally 0 -> -1
2019-07-16 14:16:34,538 INFO  server.RaftServerConfigKeys (ConfUtils.java:logGet(43)) - raft.server.snapshot.auto.trigger.enabled = true (custom)
2019-07-16 14:16:34,538 INFO  server.RaftServerConfigKeys (ConfUtils.java:logGet(43)) - raft.server.snapshot.auto.trigger.threshold = 10000 (custom)
2019-07-16 14:16:34,538 INFO  server.RaftServerConfigKeys (ConfUtils.java:logGet(43)) - raft.server.retrycache.expirytime = 600000ms (custom)
2019-07-16 14:16:34,538 INFO  impl.RaftServerImpl (RaftServerImpl.java:start(180)) - 3bc0dc73-ee24-442f-a273-febd66e2e7d9: start group-39341BF3BFA8
2019-07-16 14:16:34,539 INFO  impl.RaftServerImpl (RaftServerImpl.java:setRole(171)) - 3bc0dc73-ee24-442f-a273-febd66e2e7d9:group-39341BF3BFA8 changes role from null to FOLLOWER at term 0 for startAsFollower
2019-07-16 14:16:34,539 INFO  impl.RoleInfo (RoleInfo.java:updateAndGet(143)) - 3bc0dc73-ee24-442f-a273-febd66e2e7d9: start FollowerState
2019-07-16 14:16:34,539 INFO  util.JmxRegister (JmxRegister.java:tryRegister(44)) - Successfully registered JMX Bean with object name Ratis:service=RaftServer,group=group-39341BF3BFA8,id=3bc0dc73-ee24-442f-a273-febd66e2e7d9
2019-07-16 14:16:34,542 INFO  pipeline.PipelineStateManager (PipelineStateManager.java:addPipeline(56)) - Created pipeline Pipeline[ Id: b570f1a8-ddf1-4cfc-ba12-39341bf3bfa8, Nodes: 3bc0dc73-ee24-442f-a273-febd66e2e7d9{ip: 192.168.157.241, host: trunk-nightly-gllmw-2332419065, networkLocation: /default-rack, certSerialId: null}, Type:RATIS, Factor:ONE, State:OPEN]
2019-07-16 14:16:34,581 INFO  impl.RaftServerProxy (RaftServerProxy.java:addNew(89)) - 049f148e-af82-4869-8aa2-38d85904541d: addNew group-E850DD97F5A4:[049f148e-af82-4869-8aa2-38d85904541d:192.168.157.241:44346, 3bc0dc73-ee24-442f-a273-febd66e2e7d9:192.168.157.241:38761, 5aec6828-7fd7-4b3d-9950-432cca815840:192.168.157.241:35096] returns group-E850DD97F5A4:java.util.concurrent.CompletableFuture@4cb02e20[Not completed]
2019-07-16 14:16:34,581 INFO  impl.RaftServerProxy (RaftServerProxy.java:addNew(89)) - 5aec6828-7fd7-4b3d-9950-432cca815840: addNew group-E850DD97F5A4:[049f148e-af82-4869-8aa2-38d85904541d:192.168.157.241:44346, 3bc0dc73-ee24-442f-a273-febd66e2e7d9:192.168.157.241:38761, 5aec6828-7fd7-4b3d-9950-432cca815840:192.168.157.241:35096] returns group-E850DD97F5A4:java.util.concurrent.CompletableFuture@d46436a[Not completed]
2019-07-16 14:16:34,581 INFO  impl.RaftServerProxy (RaftServerProxy.java:addNew(89)) - 3bc0dc73-ee24-442f-a273-febd66e2e7d9: addNew group-E850DD97F5A4:[049f148e-af82-4869-8aa2-38d85904541d:192.168.157.241:44346, 3bc0dc73-ee24-442f-a273-febd66e2e7d9:192.168.157.241:38761, 5aec6828-7fd7-4b3d-9950-432cca815840:192.168.157.241:35096] returns group-E850DD97F5A4:java.util.concurrent.CompletableFuture@8a5d46c[Not completed]
2019-07-16 14:16:34,583 INFO  impl.RaftServerImpl (RaftServerImpl.java:<init>(93)) - 3bc0dc73-ee24-442f-a273-febd66e2e7d9: new RaftServerImpl for group-E850DD97F5A4:[049f148e-af82-4869-8aa2-38d85904541d:192.168.157.241:44346, 3bc0dc73-ee24-442f-a273-febd66e2e7d9:192.168.157.241:38761, 5aec6828-7fd7-4b3d-9950-432cca815840:192.168.157.241:35096] with ContainerStateMachine:uninitialized
2019-07-16 14:16:34,583 INFO  server.RaftServerConfigKeys (ConfUtils.java:logGet(43)) - raft.server.rpc.timeout.min = 5s (custom)
2019-07-16 14:16:34,583 INFO  server.RaftServerConfigKeys (ConfUtils.java:logGet(43)) - raft.server.rpc.timeout.max = 5200ms (custom)
2019-07-16 14:16:34,583 INFO  server.RaftServerConfigKeys (ConfUtils.java:logGet(43)) - raft.server.rpcslowness.timeout = 120s (custom)
2019-07-16 14:16:34,583 INFO  server.RaftServerConfigKeys (ConfUtils.java:logGet(43)) - raft.server.sleep.deviation.threshold = 300 (default)
2019-07-16 14:16:34,583 INFO  impl.RaftServerImpl (RaftServerImpl.java:<init>(93)) - 049f148e-af82-4869-8aa2-38d85904541d: new RaftServerImpl for group-E850DD97F5A4:[049f148e-af82-4869-8aa2-38d85904541d:192.168.157.241:44346, 3bc0dc73-ee24-442f-a273-febd66e2e7d9:192.168.157.241:38761, 5aec6828-7fd7-4b3d-9950-432cca815840:192.168.157.241:35096] with ContainerStateMachine:uninitialized
2019-07-16 14:16:34,584 INFO  server.RaftServerConfigKeys (ConfUtils.java:logGet(43)) - raft.server.log.appender.install.snapshot.enabled = false (custom)
2019-07-16 14:16:34,584 INFO  impl.RaftServerImpl (RaftServerImpl.java:<init>(93)) - 5aec6828-7fd7-4b3d-9950-432cca815840: new RaftServerImpl for group-E850DD97F5A4:[049f148e-af82-4869-8aa2-38d85904541d:192.168.157.241:44346, 3bc0dc73-ee24-442f-a273-febd66e2e7d9:192.168.157.241:38761, 5aec6828-7fd7-4b3d-9950-432cca815840:192.168.157.241:35096] with ContainerStateMachine:uninitialized
2019-07-16 14:16:34,584 INFO  server.RaftServerConfigKeys (ConfUtils.java:logGet(43)) - raft.server.rpc.timeout.min = 5s (custom)
2019-07-16 14:16:34,584 INFO  server.RaftServerConfigKeys (ConfUtils.java:logGet(43)) - raft.server.rpc.timeout.min = 5s (custom)
2019-07-16 14:16:34,584 INFO  server.RaftServerConfigKeys (ConfUtils.java:logGet(43)) - raft.server.rpc.timeout.max = 5200ms (custom)
2019-07-16 14:16:34,584 INFO  impl.RaftServerImpl (ServerState.java:<init>(105)) - 3bc0dc73-ee24-442f-a273-febd66e2e7d9:group-E850DD97F5A4 ConfigurationManager, init=-1: [049f148e-af82-4869-8aa2-38d85904541d:192.168.157.241:44346, 3bc0dc73-ee24-442f-a273-febd66e2e7d9:192.168.157.241:38761, 5aec6828-7fd7-4b3d-9950-432cca815840:192.168.157.241:35096], old=null, confs=<EMPTY_MAP>
2019-07-16 14:16:34,585 INFO  server.RaftServerConfigKeys (ConfUtils.java:logGet(43)) - raft.server.rpcslowness.timeout = 120s (custom)
2019-07-16 14:16:34,584 INFO  server.RaftServerConfigKeys (ConfUtils.java:logGet(43)) - raft.server.rpc.timeout.max = 5200ms (custom)
2019-07-16 14:16:34,585 INFO  server.RaftServerConfigKeys (ConfUtils.java:logGet(43)) - raft.server.sleep.deviation.threshold = 300 (default)
2019-07-16 14:16:34,585 INFO  server.RaftServerConfigKeys (ConfUtils.java:logGet(43)) - raft.server.log.appender.install.snapshot.enabled = false (custom)
2019-07-16 14:16:34,585 INFO  server.RaftServerConfigKeys (ConfUtils.java:logGet(43)) - raft.server.storage.dir = [/workdir/hadoop-ozone/integration-test/target/test-dir/MiniOzoneClusterImpl-37f78516-dec8-4d76-a963-cc39a819b7b4/datanode-2/data/ratis] (custom)
2019-07-16 14:16:34,585 INFO  impl.RaftServerImpl (ServerState.java:<init>(105)) - 5aec6828-7fd7-4b3d-9950-432cca815840:group-E850DD97F5A4 ConfigurationManager, init=-1: [049f148e-af82-4869-8aa2-38d85904541d:192.168.157.241:44346, 3bc0dc73-ee24-442f-a273-febd66e2e7d9:192.168.157.241:38761, 5aec6828-7fd7-4b3d-9950-432cca815840:192.168.157.241:35096], old=null, confs=<EMPTY_MAP>
2019-07-16 14:16:34,585 INFO  server.RaftServerConfigKeys (ConfUtils.java:logGet(43)) - raft.server.rpcslowness.timeout = 120s (custom)
2019-07-16 14:16:34,586 INFO  server.RaftServerConfigKeys (ConfUtils.java:logGet(43)) - raft.server.storage.dir = [/workdir/hadoop-ozone/integration-test/target/test-dir/MiniOzoneClusterImpl-37f78516-dec8-4d76-a963-cc39a819b7b4/datanode-0/data/ratis] (custom)
2019-07-16 14:16:34,586 INFO  storage.RaftStorageDirectory (RaftStorageDirectory.java:analyzeStorage(246)) - The storage directory /workdir/hadoop-ozone/integration-test/target/test-dir/MiniOzoneClusterImpl-37f78516-dec8-4d76-a963-cc39a819b7b4/datanode-2/data/ratis/c1d62d1f-6e37-4457-ab96-e850dd97f5a4 does not exist. Creating ...
2019-07-16 14:16:34,586 INFO  server.RaftServerConfigKeys (ConfUtils.java:logGet(43)) - raft.server.sleep.deviation.threshold = 300 (default)
2019-07-16 14:16:34,586 INFO  storage.RaftStorageDirectory (RaftStorageDirectory.java:analyzeStorage(246)) - The storage directory /workdir/hadoop-ozone/integration-test/target/test-dir/MiniOzoneClusterImpl-37f78516-dec8-4d76-a963-cc39a819b7b4/datanode-0/data/ratis/c1d62d1f-6e37-4457-ab96-e850dd97f5a4 does not exist. Creating ...
2019-07-16 14:16:34,586 INFO  server.RaftServerConfigKeys (ConfUtils.java:logGet(43)) - raft.server.log.appender.install.snapshot.enabled = false (custom)
2019-07-16 14:16:34,587 INFO  impl.RaftServerImpl (ServerState.java:<init>(105)) - 049f148e-af82-4869-8aa2-38d85904541d:group-E850DD97F5A4 ConfigurationManager, init=-1: [049f148e-af82-4869-8aa2-38d85904541d:192.168.157.241:44346, 3bc0dc73-ee24-442f-a273-febd66e2e7d9:192.168.157.241:38761, 5aec6828-7fd7-4b3d-9950-432cca815840:192.168.157.241:35096], old=null, confs=<EMPTY_MAP>
2019-07-16 14:16:34,587 INFO  server.RaftServerConfigKeys (ConfUtils.java:logGet(43)) - raft.server.storage.dir = [/workdir/hadoop-ozone/integration-test/target/test-dir/MiniOzoneClusterImpl-37f78516-dec8-4d76-a963-cc39a819b7b4/datanode-1/data/ratis] (custom)
2019-07-16 14:16:34,588 INFO  storage.RaftStorageDirectory (RaftStorageDirectory.java:analyzeStorage(246)) - The storage directory /workdir/hadoop-ozone/integration-test/target/test-dir/MiniOzoneClusterImpl-37f78516-dec8-4d76-a963-cc39a819b7b4/datanode-1/data/ratis/c1d62d1f-6e37-4457-ab96-e850dd97f5a4 does not exist. Creating ...
2019-07-16 14:16:34,600 INFO  storage.RaftStorageDirectory (RaftStorageDirectory.java:tryLock(328)) - Lock on /workdir/hadoop-ozone/integration-test/target/test-dir/MiniOzoneClusterImpl-37f78516-dec8-4d76-a963-cc39a819b7b4/datanode-1/data/ratis/c1d62d1f-6e37-4457-ab96-e850dd97f5a4/in_use.lock acquired by nodename 10151@trunk-nightly-gllmw-2332419065
2019-07-16 14:16:34,600 INFO  storage.RaftStorageDirectory (RaftStorageDirectory.java:tryLock(328)) - Lock on /workdir/hadoop-ozone/integration-test/target/test-dir/MiniOzoneClusterImpl-37f78516-dec8-4d76-a963-cc39a819b7b4/datanode-2/data/ratis/c1d62d1f-6e37-4457-ab96-e850dd97f5a4/in_use.lock acquired by nodename 10151@trunk-nightly-gllmw-2332419065
2019-07-16 14:16:34,600 INFO  storage.RaftStorageDirectory (RaftStorageDirectory.java:tryLock(328)) - Lock on /workdir/hadoop-ozone/integration-test/target/test-dir/MiniOzoneClusterImpl-37f78516-dec8-4d76-a963-cc39a819b7b4/datanode-0/data/ratis/c1d62d1f-6e37-4457-ab96-e850dd97f5a4/in_use.lock acquired by nodename 10151@trunk-nightly-gllmw-2332419065
2019-07-16 14:16:34,610 INFO  ozone.MiniOzoneClusterImpl (MiniOzoneClusterImpl.java:lambda$waitForClusterToBeReady$0(142)) - Waiting for cluster to be ready. Got 3 of 7 DN Heartbeats.
2019-07-16 14:16:34,614 INFO  storage.RaftStorage (RaftStorage.java:format(72)) - Storage directory /workdir/hadoop-ozone/integration-test/target/test-dir/MiniOzoneClusterImpl-37f78516-dec8-4d76-a963-cc39a819b7b4/datanode-1/data/ratis/c1d62d1f-6e37-4457-ab96-e850dd97f5a4 has been successfully formatted.
2019-07-16 14:16:34,614 INFO  storage.RaftStorage (RaftStorage.java:format(72)) - Storage directory /workdir/hadoop-ozone/integration-test/target/test-dir/MiniOzoneClusterImpl-37f78516-dec8-4d76-a963-cc39a819b7b4/datanode-0/data/ratis/c1d62d1f-6e37-4457-ab96-e850dd97f5a4 has been successfully formatted.
2019-07-16 14:16:34,614 INFO  storage.RaftStorage (RaftStorage.java:format(72)) - Storage directory /workdir/hadoop-ozone/integration-test/target/test-dir/MiniOzoneClusterImpl-37f78516-dec8-4d76-a963-cc39a819b7b4/datanode-2/data/ratis/c1d62d1f-6e37-4457-ab96-e850dd97f5a4 has been successfully formatted.
2019-07-16 14:16:34,614 INFO  ratis.ContainerStateMachine (ContainerStateMachine.java:loadSnapshot(200)) - group-E850DD97F5A4: The snapshot info is null. Setting the last applied indexto:(t:0, i:~)
2019-07-16 14:16:34,614 INFO  ratis.ContainerStateMachine (ContainerStateMachine.java:loadSnapshot(200)) - group-E850DD97F5A4: The snapshot info is null. Setting the last applied indexto:(t:0, i:~)
2019-07-16 14:16:34,614 INFO  ratis.ContainerStateMachine (ContainerStateMachine.java:loadSnapshot(200)) - group-E850DD97F5A4: The snapshot info is null. Setting the last applied indexto:(t:0, i:~)
2019-07-16 14:16:34,615 INFO  server.RaftServerConfigKeys (ConfUtils.java:logGet(43)) - raft.server.leader.election.timeout = 120s (custom)
2019-07-16 14:16:34,615 INFO  server.RaftServerConfigKeys (ConfUtils.java:logGet(43)) - raft.server.leader.election.timeout = 120s (custom)
2019-07-16 14:16:34,615 INFO  server.RaftServerConfigKeys (ConfUtils.java:logGet(43)) - raft.server.log.use.memory = false (default)
2019-07-16 14:16:34,615 INFO  server.RaftServerConfigKeys (ConfUtils.java:logGet(43)) - raft.server.leader.election.timeout = 120s (custom)
2019-07-16 14:16:34,615 INFO  server.RaftServerConfigKeys (ConfUtils.java:logGet(43)) - raft.server.log.purge.gap = 1000000000 (custom)
2019-07-16 14:16:34,615 INFO  server.RaftServerConfigKeys (ConfUtils.java:logGet(43)) - raft.server.log.use.memory = false (default)
2019-07-16 14:16:34,616 INFO  server.RaftServerConfigKeys (ConfUtils.java:logGet(43)) - raft.server.log.appender.buffer.byte-limit = 33554432 (custom)
2019-07-16 14:16:34,616 INFO  server.RaftServerConfigKeys (ConfUtils.java:logGet(43)) - raft.server.log.use.memory = false (default)
2019-07-16 14:16:34,616 INFO  server.RaftServerConfigKeys (ConfUtils.java:logGet(43)) - raft.server.log.segment.size.max = 1048576 (custom)
2019-07-16 14:16:34,616 INFO  server.RaftServerConfigKeys (ConfUtils.java:logGet(43)) - raft.server.log.purge.gap = 1000000000 (custom)
2019-07-16 14:16:34,616 INFO  server.RaftServerConfigKeys (ConfUtils.java:logGet(43)) - raft.server.log.segment.cache.num.max = 2 (custom)
2019-07-16 14:16:34,616 INFO  server.RaftServerConfigKeys (ConfUtils.java:logGet(43)) - raft.server.log.purge.gap = 1000000000 (custom)
2019-07-16 14:16:34,617 INFO  segmented.SegmentedRaftLogWorker (SegmentedRaftLogWorker.java:<init>(172)) - new 3bc0dc73-ee24-442f-a273-febd66e2e7d9-SegmentedRaftLogWorker:Storage Directory /workdir/hadoop-ozone/integration-test/target/test-dir/MiniOzoneClusterImpl-37f78516-dec8-4d76-a963-cc39a819b7b4/datanode-2/data/ratis/c1d62d1f-6e37-4457-ab96-e850dd97f5a4 for RaftStorage:Storage Directory /workdir/hadoop-ozone/integration-test/target/test-dir/MiniOzoneClusterImpl-37f78516-dec8-4d76-a963-cc39a819b7b4/datanode-2/data/ratis/c1d62d1f-6e37-4457-ab96-e850dd97f5a4
2019-07-16 14:16:34,616 INFO  server.RaftServerConfigKeys (ConfUtils.java:logGet(43)) - raft.server.log.appender.buffer.byte-limit = 33554432 (custom)
2019-07-16 14:16:34,617 INFO  server.RaftServerConfigKeys (ConfUtils.java:logGet(43)) - raft.server.log.queue.byte-limit = 2147483647 (custom)
2019-07-16 14:16:34,617 INFO  server.RaftServerConfigKeys (ConfUtils.java:logGet(43)) - raft.server.log.queue.element-limit = 1024 (custom)
2019-07-16 14:16:34,617 INFO  server.RaftServerConfigKeys (ConfUtils.java:logGet(43)) - raft.server.log.appender.buffer.byte-limit = 33554432 (custom)
2019-07-16 14:16:34,617 INFO  server.RaftServerConfigKeys (ConfUtils.java:logGet(43)) - raft.server.log.segment.size.max = 1048576 (custom)
2019-07-16 14:16:34,618 INFO  server.RaftServerConfigKeys (ConfUtils.java:logGet(43)) - raft.server.log.preallocated.size = 16384 (custom)
2019-07-16 14:16:34,617 INFO  server.RaftServerConfigKeys (ConfUtils.java:logGet(43)) - raft.server.log.segment.size.max = 1048576 (custom)
2019-07-16 14:16:34,618 INFO  server.RaftServerConfigKeys (ConfUtils.java:logGet(43)) - raft.server.log.write.buffer.size = 33554432 (custom)
2019-07-16 14:16:34,618 INFO  server.RaftServerConfigKeys (ConfUtils.java:logGet(43)) - raft.server.log.force.sync.num = 128 (default)
2019-07-16 14:16:34,618 INFO  server.RaftServerConfigKeys (ConfUtils.java:logGet(43)) - raft.server.log.segment.size.max = 1048576 (custom)
2019-07-16 14:16:34,618 INFO  server.RaftServerConfigKeys (ConfUtils.java:logGet(43)) - raft.server.log.statemachine.data.sync = true (default)
2019-07-16 14:16:34,619 INFO  server.RaftServerConfigKeys (ConfUtils.java:logGet(43)) - raft.server.log.statemachine.data.sync.timeout = 10s (default)
2019-07-16 14:16:34,618 INFO  server.RaftServerConfigKeys (ConfUtils.java:logGet(43)) - raft.server.log.segment.cache.num.max = 2 (custom)
2019-07-16 14:16:34,619 INFO  server.RaftServerConfigKeys (ConfUtils.java:logGet(43)) - raft.server.log.statemachine.data.sync.timeout.retry = -1 (default)
2019-07-16 14:16:34,619 INFO  server.RaftServerConfigKeys (ConfUtils.java:logGet(43)) - raft.server.log.segment.cache.num.max = 2 (custom)
2019-07-16 14:16:34,619 INFO  server.RaftServerConfigKeys (ConfUtils.java:logGet(43)) - raft.server.log.statemachine.data.caching.enabled = true (custom)
2019-07-16 14:16:34,619 INFO  segmented.SegmentedRaftLogWorker (SegmentedRaftLogWorker.java:<init>(172)) - new 049f148e-af82-4869-8aa2-38d85904541d-SegmentedRaftLogWorker:Storage Directory /workdir/hadoop-ozone/integration-test/target/test-dir/MiniOzoneClusterImpl-37f78516-dec8-4d76-a963-cc39a819b7b4/datanode-1/data/ratis/c1d62d1f-6e37-4457-ab96-e850dd97f5a4 for RaftStorage:Storage Directory /workdir/hadoop-ozone/integration-test/target/test-dir/MiniOzoneClusterImpl-37f78516-dec8-4d76-a963-cc39a819b7b4/datanode-1/data/ratis/c1d62d1f-6e37-4457-ab96-e850dd97f5a4
2019-07-16 14:16:34,619 INFO  segmented.SegmentedRaftLogWorker (SegmentedRaftLogWorker.java:<init>(172)) - new 5aec6828-7fd7-4b3d-9950-432cca815840-SegmentedRaftLogWorker:Storage Directory /workdir/hadoop-ozone/integration-test/target/test-dir/MiniOzoneClusterImpl-37f78516-dec8-4d76-a963-cc39a819b7b4/datanode-0/data/ratis/c1d62d1f-6e37-4457-ab96-e850dd97f5a4 for RaftStorage:Storage Directory /workdir/hadoop-ozone/integration-test/target/test-dir/MiniOzoneClusterImpl-37f78516-dec8-4d76-a963-cc39a819b7b4/datanode-0/data/ratis/c1d62d1f-6e37-4457-ab96-e850dd97f5a4
2019-07-16 14:16:34,620 INFO  server.RaftServerConfigKeys (ConfUtils.java:logGet(43)) - raft.server.log.queue.byte-limit = 2147483647 (custom)
2019-07-16 14:16:34,620 INFO  segmented.SegmentedRaftLogWorker (SegmentedRaftLogWorker.java:lambda$new$0(132)) - 3bc0dc73-ee24-442f-a273-febd66e2e7d9-SegmentedRaftLogWorker:Storage Directory /workdir/hadoop-ozone/integration-test/target/test-dir/MiniOzoneClusterImpl-37f78516-dec8-4d76-a963-cc39a819b7b4/datanode-2/data/ratis/c1d62d1f-6e37-4457-ab96-e850dd97f5a4: flushIndex: setUnconditionally 0 -> -1
2019-07-16 14:16:34,620 INFO  server.RaftServerConfigKeys (ConfUtils.java:logGet(43)) - raft.server.log.queue.element-limit = 1024 (custom)
2019-07-16 14:16:34,620 INFO  server.RaftServerConfigKeys (ConfUtils.java:logGet(43)) - raft.server.log.queue.byte-limit = 2147483647 (custom)
2019-07-16 14:16:34,620 INFO  server.RaftServerConfigKeys (ConfUtils.java:logGet(43)) - raft.server.snapshot.auto.trigger.enabled = true (custom)
2019-07-16 14:16:34,620 INFO  server.RaftServerConfigKeys (ConfUtils.java:logGet(43)) - raft.server.log.segment.size.max = 1048576 (custom)
2019-07-16 14:16:34,621 INFO  server.RaftServerConfigKeys (ConfUtils.java:logGet(43)) - raft.server.snapshot.auto.trigger.threshold = 10000 (custom)
2019-07-16 14:16:34,621 INFO  server.RaftServerConfigKeys (ConfUtils.java:logGet(43)) - raft.server.log.queue.element-limit = 1024 (custom)
2019-07-16 14:16:34,621 INFO  server.RaftServerConfigKeys (ConfUtils.java:logGet(43)) - raft.server.retrycache.expirytime = 600000ms (custom)
2019-07-16 14:16:34,621 INFO  server.RaftServerConfigKeys (ConfUtils.java:logGet(43)) - raft.server.log.preallocated.size = 16384 (custom)
2019-07-16 14:16:34,621 INFO  impl.RaftServerImpl (RaftServerImpl.java:start(180)) - 3bc0dc73-ee24-442f-a273-febd66e2e7d9: start group-E850DD97F5A4
2019-07-16 14:16:34,622 INFO  impl.RaftServerImpl (RaftServerImpl.java:setRole(171)) - 3bc0dc73-ee24-442f-a273-febd66e2e7d9:group-E850DD97F5A4 changes role from null to FOLLOWER at term 0 for startAsFollower
2019-07-16 14:16:34,621 INFO  server.RaftServerConfigKeys (ConfUtils.java:logGet(43)) - raft.server.log.segment.size.max = 1048576 (custom)
2019-07-16 14:16:34,622 INFO  impl.RoleInfo (RoleInfo.java:updateAndGet(143)) - 3bc0dc73-ee24-442f-a273-febd66e2e7d9: start FollowerState
2019-07-16 14:16:34,621 INFO  server.RaftServerConfigKeys (ConfUtils.java:logGet(43)) - raft.server.log.write.buffer.size = 33554432 (custom)
2019-07-16 14:16:34,622 INFO  server.RaftServerConfigKeys (ConfUtils.java:logGet(43)) - raft.server.log.preallocated.size = 16384 (custom)
2019-07-16 14:16:34,622 INFO  util.JmxRegister (JmxRegister.java:tryRegister(44)) - Successfully registered JMX Bean with object name Ratis:service=RaftServer,group=group-E850DD97F5A4,id=3bc0dc73-ee24-442f-a273-febd66e2e7d9
2019-07-16 14:16:34,622 INFO  server.RaftServerConfigKeys (ConfUtils.java:logGet(43)) - raft.server.log.force.sync.num = 128 (default)
2019-07-16 14:16:34,622 INFO  server.RaftServerConfigKeys (ConfUtils.java:logGet(43)) - raft.server.log.write.buffer.size = 33554432 (custom)
2019-07-16 14:16:34,623 INFO  server.RaftServerConfigKeys (ConfUtils.java:logGet(43)) - raft.server.log.statemachine.data.sync = true (default)
2019-07-16 14:16:34,623 INFO  server.RaftServerConfigKeys (ConfUtils.java:logGet(43)) - raft.server.log.force.sync.num = 128 (default)
2019-07-16 14:16:34,623 INFO  server.RaftServerConfigKeys (ConfUtils.java:logGet(43)) - raft.server.log.statemachine.data.sync.timeout = 10s (default)
2019-07-16 14:16:34,623 INFO  server.RaftServerConfigKeys (ConfUtils.java:logGet(43)) - raft.server.log.statemachine.data.sync.timeout.retry = -1 (default)
2019-07-16 14:16:34,623 INFO  server.RaftServerConfigKeys (ConfUtils.java:logGet(43)) - raft.server.log.statemachine.data.sync = true (default)
2019-07-16 14:16:34,624 INFO  server.RaftServerConfigKeys (ConfUtils.java:logGet(43)) - raft.server.log.statemachine.data.caching.enabled = true (custom)
2019-07-16 14:16:34,624 INFO  server.RaftServerConfigKeys (ConfUtils.java:logGet(43)) - raft.server.log.statemachine.data.sync.timeout = 10s (default)
2019-07-16 14:16:34,624 INFO  segmented.SegmentedRaftLogWorker (SegmentedRaftLogWorker.java:lambda$new$0(132)) - 049f148e-af82-4869-8aa2-38d85904541d-SegmentedRaftLogWorker:Storage Directory /workdir/hadoop-ozone/integration-test/target/test-dir/MiniOzoneClusterImpl-37f78516-dec8-4d76-a963-cc39a819b7b4/datanode-1/data/ratis/c1d62d1f-6e37-4457-ab96-e850dd97f5a4: flushIndex: setUnconditionally 0 -> -1
2019-07-16 14:16:34,624 INFO  server.RaftServerConfigKeys (ConfUtils.java:logGet(43)) - raft.server.log.statemachine.data.sync.timeout.retry = -1 (default)
2019-07-16 14:16:34,624 INFO  server.RaftServerConfigKeys (ConfUtils.java:logGet(43)) - raft.server.snapshot.auto.trigger.enabled = true (custom)
2019-07-16 14:16:34,625 INFO  server.RaftServerConfigKeys (ConfUtils.java:logGet(43)) - raft.server.log.statemachine.data.caching.enabled = true (custom)
2019-07-16 14:16:34,625 INFO  server.RaftServerConfigKeys (ConfUtils.java:logGet(43)) - raft.server.snapshot.auto.trigger.threshold = 10000 (custom)
2019-07-16 14:16:34,625 INFO  server.RaftServerConfigKeys (ConfUtils.java:logGet(43)) - raft.server.retrycache.expirytime = 600000ms (custom)
2019-07-16 14:16:34,625 INFO  segmented.SegmentedRaftLogWorker (SegmentedRaftLogWorker.java:lambda$new$0(132)) - 5aec6828-7fd7-4b3d-9950-432cca815840-SegmentedRaftLogWorker:Storage Directory /workdir/hadoop-ozone/integration-test/target/test-dir/MiniOzoneClusterImpl-37f78516-dec8-4d76-a963-cc39a819b7b4/datanode-0/data/ratis/c1d62d1f-6e37-4457-ab96-e850dd97f5a4: flushIndex: setUnconditionally 0 -> -1
2019-07-16 14:16:34,625 INFO  impl.RaftServerImpl (RaftServerImpl.java:start(180)) - 049f148e-af82-4869-8aa2-38d85904541d: start group-E850DD97F5A4
2019-07-16 14:16:34,625 INFO  impl.RaftServerImpl (RaftServerImpl.java:setRole(171)) - 049f148e-af82-4869-8aa2-38d85904541d:group-E850DD97F5A4 changes role from null to FOLLOWER at term 0 for startAsFollower
2019-07-16 14:16:34,626 INFO  server.RaftServerConfigKeys (ConfUtils.java:logGet(43)) - raft.server.snapshot.auto.trigger.enabled = true (custom)
2019-07-16 14:16:34,626 INFO  impl.RoleInfo (RoleInfo.java:updateAndGet(143)) - 049f148e-af82-4869-8aa2-38d85904541d: start FollowerState
2019-07-16 14:16:34,626 INFO  server.RaftServerConfigKeys (ConfUtils.java:logGet(43)) - raft.server.snapshot.auto.trigger.threshold = 10000 (custom)
2019-07-16 14:16:34,626 INFO  server.RaftServerConfigKeys (ConfUtils.java:logGet(43)) - raft.server.retrycache.expirytime = 600000ms (custom)
2019-07-16 14:16:34,626 INFO  util.JmxRegister (JmxRegister.java:tryRegister(44)) - Successfully registered JMX Bean with object name Ratis:service=RaftServer,group=group-E850DD97F5A4,id=049f148e-af82-4869-8aa2-38d85904541d
2019-07-16 14:16:34,626 INFO  impl.RaftServerImpl (RaftServerImpl.java:start(180)) - 5aec6828-7fd7-4b3d-9950-432cca815840: start group-E850DD97F5A4
2019-07-16 14:16:34,626 INFO  impl.RaftServerImpl (RaftServerImpl.java:setRole(171)) - 5aec6828-7fd7-4b3d-9950-432cca815840:group-E850DD97F5A4 changes role from null to FOLLOWER at term 0 for startAsFollower
2019-07-16 14:16:34,627 INFO  impl.RoleInfo (RoleInfo.java:updateAndGet(143)) - 5aec6828-7fd7-4b3d-9950-432cca815840: start FollowerState
2019-07-16 14:16:34,627 INFO  util.JmxRegister (JmxRegister.java:tryRegister(44)) - Successfully registered JMX Bean with object name Ratis:service=RaftServer,group=group-E850DD97F5A4,id=5aec6828-7fd7-4b3d-9950-432cca815840
2019-07-16 14:16:34,629 INFO  pipeline.PipelineStateManager (PipelineStateManager.java:addPipeline(56)) - Created pipeline Pipeline[ Id: c1d62d1f-6e37-4457-ab96-e850dd97f5a4, Nodes: 5aec6828-7fd7-4b3d-9950-432cca815840{ip: 192.168.157.241, host: trunk-nightly-gllmw-2332419065, networkLocation: /default-rack, certSerialId: null}049f148e-af82-4869-8aa2-38d85904541d{ip: 192.168.157.241, host: trunk-nightly-gllmw-2332419065, networkLocation: /default-rack, certSerialId: null}3bc0dc73-ee24-442f-a273-febd66e2e7d9{ip: 192.168.157.241, host: trunk-nightly-gllmw-2332419065, networkLocation: /default-rack, certSerialId: null}, Type:RATIS, Factor:THREE, State:OPEN]
2019-07-16 14:16:34,680 INFO  node.SCMNodeManager (SCMNodeManager.java:register(269)) - Registered Data node : 496b21f6-dd41-4a5b-8094-660c199c8f53{ip: 192.168.157.241, host: trunk-nightly-gllmw-2332419065, networkLocation: /default-rack, certSerialId: null}
2019-07-16 14:16:34,694 INFO  impl.RaftServerProxy (RaftServerProxy.java:addNew(89)) - 496b21f6-dd41-4a5b-8094-660c199c8f53: addNew group-F0C83E8E0C03:[496b21f6-dd41-4a5b-8094-660c199c8f53:192.168.157.241:43266] returns group-F0C83E8E0C03:java.util.concurrent.CompletableFuture@2812a8bc[Not completed]
2019-07-16 14:16:34,695 INFO  impl.RaftServerImpl (RaftServerImpl.java:<init>(93)) - 496b21f6-dd41-4a5b-8094-660c199c8f53: new RaftServerImpl for group-F0C83E8E0C03:[496b21f6-dd41-4a5b-8094-660c199c8f53:192.168.157.241:43266] with ContainerStateMachine:uninitialized
2019-07-16 14:16:34,695 INFO  server.RaftServerConfigKeys (ConfUtils.java:logGet(43)) - raft.server.rpc.timeout.min = 5s (custom)
2019-07-16 14:16:34,695 INFO  server.RaftServerConfigKeys (ConfUtils.java:logGet(43)) - raft.server.rpc.timeout.max = 5200ms (custom)
2019-07-16 14:16:34,695 INFO  server.RaftServerConfigKeys (ConfUtils.java:logGet(43)) - raft.server.rpcslowness.timeout = 120s (custom)
2019-07-16 14:16:34,696 INFO  server.RaftServerConfigKeys (ConfUtils.java:logGet(43)) - raft.server.sleep.deviation.threshold = 300 (default)
2019-07-16 14:16:34,696 INFO  server.RaftServerConfigKeys (ConfUtils.java:logGet(43)) - raft.server.log.appender.install.snapshot.enabled = false (custom)
2019-07-16 14:16:34,696 INFO  impl.RaftServerImpl (ServerState.java:<init>(105)) - 496b21f6-dd41-4a5b-8094-660c199c8f53:group-F0C83E8E0C03 ConfigurationManager, init=-1: [496b21f6-dd41-4a5b-8094-660c199c8f53:192.168.157.241:43266], old=null, confs=<EMPTY_MAP>
2019-07-16 14:16:34,696 INFO  server.RaftServerConfigKeys (ConfUtils.java:logGet(43)) - raft.server.storage.dir = [/workdir/hadoop-ozone/integration-test/target/test-dir/MiniOzoneClusterImpl-37f78516-dec8-4d76-a963-cc39a819b7b4/datanode-3/data/ratis] (custom)
2019-07-16 14:16:34,697 INFO  storage.RaftStorageDirectory (RaftStorageDirectory.java:analyzeStorage(246)) - The storage directory /workdir/hadoop-ozone/integration-test/target/test-dir/MiniOzoneClusterImpl-37f78516-dec8-4d76-a963-cc39a819b7b4/datanode-3/data/ratis/dae27aa6-ede6-40ef-b7b5-f0c83e8e0c03 does not exist. Creating ...
2019-07-16 14:16:34,710 INFO  storage.RaftStorageDirectory (RaftStorageDirectory.java:tryLock(328)) - Lock on /workdir/hadoop-ozone/integration-test/target/test-dir/MiniOzoneClusterImpl-37f78516-dec8-4d76-a963-cc39a819b7b4/datanode-3/data/ratis/dae27aa6-ede6-40ef-b7b5-f0c83e8e0c03/in_use.lock acquired by nodename 10151@trunk-nightly-gllmw-2332419065
2019-07-16 14:16:34,723 INFO  storage.RaftStorage (RaftStorage.java:format(72)) - Storage directory /workdir/hadoop-ozone/integration-test/target/test-dir/MiniOzoneClusterImpl-37f78516-dec8-4d76-a963-cc39a819b7b4/datanode-3/data/ratis/dae27aa6-ede6-40ef-b7b5-f0c83e8e0c03 has been successfully formatted.
2019-07-16 14:16:34,723 INFO  ratis.ContainerStateMachine (ContainerStateMachine.java:loadSnapshot(200)) - group-F0C83E8E0C03: The snapshot info is null. Setting the last applied indexto:(t:0, i:~)
2019-07-16 14:16:34,724 INFO  server.RaftServerConfigKeys (ConfUtils.java:logGet(43)) - raft.server.leader.election.timeout = 120s (custom)
2019-07-16 14:16:34,724 INFO  server.RaftServerConfigKeys (ConfUtils.java:logGet(43)) - raft.server.log.use.memory = false (default)
2019-07-16 14:16:34,724 INFO  server.RaftServerConfigKeys (ConfUtils.java:logGet(43)) - raft.server.log.purge.gap = 1000000000 (custom)
2019-07-16 14:16:34,724 INFO  server.RaftServerConfigKeys (ConfUtils.java:logGet(43)) - raft.server.log.appender.buffer.byte-limit = 33554432 (custom)
2019-07-16 14:16:34,724 INFO  server.RaftServerConfigKeys (ConfUtils.java:logGet(43)) - raft.server.log.segment.size.max = 1048576 (custom)
2019-07-16 14:16:34,724 INFO  server.RaftServerConfigKeys (ConfUtils.java:logGet(43)) - raft.server.log.segment.cache.num.max = 2 (custom)
2019-07-16 14:16:34,725 INFO  segmented.SegmentedRaftLogWorker (SegmentedRaftLogWorker.java:<init>(172)) - new 496b21f6-dd41-4a5b-8094-660c199c8f53-SegmentedRaftLogWorker:Storage Directory /workdir/hadoop-ozone/integration-test/target/test-dir/MiniOzoneClusterImpl-37f78516-dec8-4d76-a963-cc39a819b7b4/datanode-3/data/ratis/dae27aa6-ede6-40ef-b7b5-f0c83e8e0c03 for RaftStorage:Storage Directory /workdir/hadoop-ozone/integration-test/target/test-dir/MiniOzoneClusterImpl-37f78516-dec8-4d76-a963-cc39a819b7b4/datanode-3/data/ratis/dae27aa6-ede6-40ef-b7b5-f0c83e8e0c03
2019-07-16 14:16:34,725 INFO  server.RaftServerConfigKeys (ConfUtils.java:logGet(43)) - raft.server.log.queue.byte-limit = 2147483647 (custom)
2019-07-16 14:16:34,725 INFO  server.RaftServerConfigKeys (ConfUtils.java:logGet(43)) - raft.server.log.queue.element-limit = 1024 (custom)
2019-07-16 14:16:34,725 INFO  server.RaftServerConfigKeys (ConfUtils.java:logGet(43)) - raft.server.log.segment.size.max = 1048576 (custom)
2019-07-16 14:16:34,725 INFO  server.RaftServerConfigKeys (ConfUtils.java:logGet(43)) - raft.server.log.preallocated.size = 16384 (custom)
2019-07-16 14:16:34,725 INFO  server.RaftServerConfigKeys (ConfUtils.java:logGet(43)) - raft.server.log.write.buffer.size = 33554432 (custom)
2019-07-16 14:16:34,726 INFO  server.RaftServerConfigKeys (ConfUtils.java:logGet(43)) - raft.server.log.force.sync.num = 128 (default)
2019-07-16 14:16:34,726 INFO  server.RaftServerConfigKeys (ConfUtils.java:logGet(43)) - raft.server.log.statemachine.data.sync = true (default)
2019-07-16 14:16:34,726 INFO  server.RaftServerConfigKeys (ConfUtils.java:logGet(43)) - raft.server.log.statemachine.data.sync.timeout = 10s (default)
2019-07-16 14:16:34,726 INFO  server.RaftServerConfigKeys (ConfUtils.java:logGet(43)) - raft.server.log.statemachine.data.sync.timeout.retry = -1 (default)
2019-07-16 14:16:34,726 INFO  server.RaftServerConfigKeys (ConfUtils.java:logGet(43)) - raft.server.log.statemachine.data.caching.enabled = true (custom)
2019-07-16 14:16:34,727 INFO  segmented.SegmentedRaftLogWorker (SegmentedRaftLogWorker.java:lambda$new$0(132)) - 496b21f6-dd41-4a5b-8094-660c199c8f53-SegmentedRaftLogWorker:Storage Directory /workdir/hadoop-ozone/integration-test/target/test-dir/MiniOzoneClusterImpl-37f78516-dec8-4d76-a963-cc39a819b7b4/datanode-3/data/ratis/dae27aa6-ede6-40ef-b7b5-f0c83e8e0c03: flushIndex: setUnconditionally 0 -> -1
2019-07-16 14:16:34,727 INFO  server.RaftServerConfigKeys (ConfUtils.java:logGet(43)) - raft.server.snapshot.auto.trigger.enabled = true (custom)
2019-07-16 14:16:34,727 INFO  server.RaftServerConfigKeys (ConfUtils.java:logGet(43)) - raft.server.snapshot.auto.trigger.threshold = 10000 (custom)
2019-07-16 14:16:34,727 INFO  server.RaftServerConfigKeys (ConfUtils.java:logGet(43)) - raft.server.retrycache.expirytime = 600000ms (custom)
2019-07-16 14:16:34,728 INFO  impl.RaftServerImpl (RaftServerImpl.java:start(180)) - 496b21f6-dd41-4a5b-8094-660c199c8f53: start group-F0C83E8E0C03
2019-07-16 14:16:34,728 INFO  impl.RaftServerImpl (RaftServerImpl.java:setRole(171)) - 496b21f6-dd41-4a5b-8094-660c199c8f53:group-F0C83E8E0C03 changes role from null to FOLLOWER at term 0 for startAsFollower
2019-07-16 14:16:34,728 INFO  impl.RoleInfo (RoleInfo.java:updateAndGet(143)) - 496b21f6-dd41-4a5b-8094-660c199c8f53: start FollowerState
2019-07-16 14:16:34,758 INFO  util.JmxRegister (JmxRegister.java:tryRegister(44)) - Successfully registered JMX Bean with object name Ratis:service=RaftServer,group=group-F0C83E8E0C03,id=496b21f6-dd41-4a5b-8094-660c199c8f53
2019-07-16 14:16:34,785 INFO  pipeline.PipelineStateManager (PipelineStateManager.java:addPipeline(56)) - Created pipeline Pipeline[ Id: dae27aa6-ede6-40ef-b7b5-f0c83e8e0c03, Nodes: 496b21f6-dd41-4a5b-8094-660c199c8f53{ip: 192.168.157.241, host: trunk-nightly-gllmw-2332419065, networkLocation: /default-rack, certSerialId: null}, Type:RATIS, Factor:ONE, State:OPEN]
2019-07-16 14:16:35,095 INFO  node.SCMNodeManager (SCMNodeManager.java:register(269)) - Registered Data node : cfecc977-93f8-4e60-8920-33a396e93f59{ip: 192.168.157.241, host: trunk-nightly-gllmw-2332419065, networkLocation: /default-rack, certSerialId: null}
2019-07-16 14:16:35,131 INFO  impl.RaftServerProxy (RaftServerProxy.java:addNew(89)) - cfecc977-93f8-4e60-8920-33a396e93f59: addNew group-25CC2C6CFB98:[cfecc977-93f8-4e60-8920-33a396e93f59:192.168.157.241:32812] returns group-25CC2C6CFB98:java.util.concurrent.CompletableFuture@32ab5c84[Not completed]
2019-07-16 14:16:35,132 INFO  impl.RaftServerImpl (RaftServerImpl.java:<init>(93)) - cfecc977-93f8-4e60-8920-33a396e93f59: new RaftServerImpl for group-25CC2C6CFB98:[cfecc977-93f8-4e60-8920-33a396e93f59:192.168.157.241:32812] with ContainerStateMachine:uninitialized
2019-07-16 14:16:35,133 INFO  server.RaftServerConfigKeys (ConfUtils.java:logGet(43)) - raft.server.rpc.timeout.min = 5s (custom)
2019-07-16 14:16:35,133 INFO  server.RaftServerConfigKeys (ConfUtils.java:logGet(43)) - raft.server.rpc.timeout.max = 5200ms (custom)
2019-07-16 14:16:35,133 INFO  server.RaftServerConfigKeys (ConfUtils.java:logGet(43)) - raft.server.rpcslowness.timeout = 120s (custom)
2019-07-16 14:16:35,133 INFO  server.RaftServerConfigKeys (ConfUtils.java:logGet(43)) - raft.server.sleep.deviation.threshold = 300 (default)
2019-07-16 14:16:35,133 INFO  server.RaftServerConfigKeys (ConfUtils.java:logGet(43)) - raft.server.log.appender.install.snapshot.enabled = false (custom)
2019-07-16 14:16:35,133 INFO  impl.RaftServerImpl (ServerState.java:<init>(105)) - cfecc977-93f8-4e60-8920-33a396e93f59:group-25CC2C6CFB98 ConfigurationManager, init=-1: [cfecc977-93f8-4e60-8920-33a396e93f59:192.168.157.241:32812], old=null, confs=<EMPTY_MAP>
2019-07-16 14:16:35,134 INFO  server.RaftServerConfigKeys (ConfUtils.java:logGet(43)) - raft.server.storage.dir = [/workdir/hadoop-ozone/integration-test/target/test-dir/MiniOzoneClusterImpl-37f78516-dec8-4d76-a963-cc39a819b7b4/datanode-4/data/ratis] (custom)
2019-07-16 14:16:35,134 INFO  storage.RaftStorageDirectory (RaftStorageDirectory.java:analyzeStorage(246)) - The storage directory /workdir/hadoop-ozone/integration-test/target/test-dir/MiniOzoneClusterImpl-37f78516-dec8-4d76-a963-cc39a819b7b4/datanode-4/data/ratis/9c31eee5-fffd-4c18-864d-25cc2c6cfb98 does not exist. Creating ...
2019-07-16 14:16:35,148 INFO  storage.RaftStorageDirectory (RaftStorageDirectory.java:tryLock(328)) - Lock on /workdir/hadoop-ozone/integration-test/target/test-dir/MiniOzoneClusterImpl-37f78516-dec8-4d76-a963-cc39a819b7b4/datanode-4/data/ratis/9c31eee5-fffd-4c18-864d-25cc2c6cfb98/in_use.lock acquired by nodename 10151@trunk-nightly-gllmw-2332419065
2019-07-16 14:16:35,161 INFO  storage.RaftStorage (RaftStorage.java:format(72)) - Storage directory /workdir/hadoop-ozone/integration-test/target/test-dir/MiniOzoneClusterImpl-37f78516-dec8-4d76-a963-cc39a819b7b4/datanode-4/data/ratis/9c31eee5-fffd-4c18-864d-25cc2c6cfb98 has been successfully formatted.
2019-07-16 14:16:35,162 INFO  ratis.ContainerStateMachine (ContainerStateMachine.java:loadSnapshot(200)) - group-25CC2C6CFB98: The snapshot info is null. Setting the last applied indexto:(t:0, i:~)
2019-07-16 14:16:35,162 INFO  server.RaftServerConfigKeys (ConfUtils.java:logGet(43)) - raft.server.leader.election.timeout = 120s (custom)
2019-07-16 14:16:35,162 INFO  server.RaftServerConfigKeys (ConfUtils.java:logGet(43)) - raft.server.log.use.memory = false (default)
2019-07-16 14:16:35,162 INFO  server.RaftServerConfigKeys (ConfUtils.java:logGet(43)) - raft.server.log.purge.gap = 1000000000 (custom)
2019-07-16 14:16:35,163 INFO  server.RaftServerConfigKeys (ConfUtils.java:logGet(43)) - raft.server.log.appender.buffer.byte-limit = 33554432 (custom)
2019-07-16 14:16:35,163 INFO  server.RaftServerConfigKeys (ConfUtils.java:logGet(43)) - raft.server.log.segment.size.max = 1048576 (custom)
2019-07-16 14:16:35,163 INFO  server.RaftServerConfigKeys (ConfUtils.java:logGet(43)) - raft.server.log.segment.cache.num.max = 2 (custom)
2019-07-16 14:16:35,163 INFO  segmented.SegmentedRaftLogWorker (SegmentedRaftLogWorker.java:<init>(172)) - new cfecc977-93f8-4e60-8920-33a396e93f59-SegmentedRaftLogWorker:Storage Directory /workdir/hadoop-ozone/integration-test/target/test-dir/MiniOzoneClusterImpl-37f78516-dec8-4d76-a963-cc39a819b7b4/datanode-4/data/ratis/9c31eee5-fffd-4c18-864d-25cc2c6cfb98 for RaftStorage:Storage Directory /workdir/hadoop-ozone/integration-test/target/test-dir/MiniOzoneClusterImpl-37f78516-dec8-4d76-a963-cc39a819b7b4/datanode-4/data/ratis/9c31eee5-fffd-4c18-864d-25cc2c6cfb98
2019-07-16 14:16:35,163 INFO  server.RaftServerConfigKeys (ConfUtils.java:logGet(43)) - raft.server.log.queue.byte-limit = 2147483647 (custom)
2019-07-16 14:16:35,163 INFO  server.RaftServerConfigKeys (ConfUtils.java:logGet(43)) - raft.server.log.queue.element-limit = 1024 (custom)
2019-07-16 14:16:35,164 INFO  server.RaftServerConfigKeys (ConfUtils.java:logGet(43)) - raft.server.log.segment.size.max = 1048576 (custom)
2019-07-16 14:16:35,164 INFO  server.RaftServerConfigKeys (ConfUtils.java:logGet(43)) - raft.server.log.preallocated.size = 16384 (custom)
2019-07-16 14:16:35,164 INFO  server.RaftServerConfigKeys (ConfUtils.java:logGet(43)) - raft.server.log.write.buffer.size = 33554432 (custom)
2019-07-16 14:16:35,164 INFO  server.RaftServerConfigKeys (ConfUtils.java:logGet(43)) - raft.server.log.force.sync.num = 128 (default)
2019-07-16 14:16:35,164 INFO  server.RaftServerConfigKeys (ConfUtils.java:logGet(43)) - raft.server.log.statemachine.data.sync = true (default)
2019-07-16 14:16:35,165 INFO  server.RaftServerConfigKeys (ConfUtils.java:logGet(43)) - raft.server.log.statemachine.data.sync.timeout = 10s (default)
2019-07-16 14:16:35,165 INFO  server.RaftServerConfigKeys (ConfUtils.java:logGet(43)) - raft.server.log.statemachine.data.sync.timeout.retry = -1 (default)
2019-07-16 14:16:35,165 INFO  server.RaftServerConfigKeys (ConfUtils.java:logGet(43)) - raft.server.log.statemachine.data.caching.enabled = true (custom)
2019-07-16 14:16:35,165 INFO  segmented.SegmentedRaftLogWorker (SegmentedRaftLogWorker.java:lambda$new$0(132)) - cfecc977-93f8-4e60-8920-33a396e93f59-SegmentedRaftLogWorker:Storage Directory /workdir/hadoop-ozone/integration-test/target/test-dir/MiniOzoneClusterImpl-37f78516-dec8-4d76-a963-cc39a819b7b4/datanode-4/data/ratis/9c31eee5-fffd-4c18-864d-25cc2c6cfb98: flushIndex: setUnconditionally 0 -> -1
2019-07-16 14:16:35,166 INFO  server.RaftServerConfigKeys (ConfUtils.java:logGet(43)) - raft.server.snapshot.auto.trigger.enabled = true (custom)
2019-07-16 14:16:35,166 INFO  server.RaftServerConfigKeys (ConfUtils.java:logGet(43)) - raft.server.snapshot.auto.trigger.threshold = 10000 (custom)
2019-07-16 14:16:35,166 INFO  server.RaftServerConfigKeys (ConfUtils.java:logGet(43)) - raft.server.retrycache.expirytime = 600000ms (custom)
2019-07-16 14:16:35,166 INFO  impl.RaftServerImpl (RaftServerImpl.java:start(180)) - cfecc977-93f8-4e60-8920-33a396e93f59: start group-25CC2C6CFB98
2019-07-16 14:16:35,167 INFO  impl.RaftServerImpl (RaftServerImpl.java:setRole(171)) - cfecc977-93f8-4e60-8920-33a396e93f59:group-25CC2C6CFB98 changes role from null to FOLLOWER at term 0 for startAsFollower
2019-07-16 14:16:35,167 INFO  impl.RoleInfo (RoleInfo.java:updateAndGet(143)) - cfecc977-93f8-4e60-8920-33a396e93f59: start FollowerState
2019-07-16 14:16:35,167 INFO  util.JmxRegister (JmxRegister.java:tryRegister(44)) - Successfully registered JMX Bean with object name Ratis:service=RaftServer,group=group-25CC2C6CFB98,id=cfecc977-93f8-4e60-8920-33a396e93f59
2019-07-16 14:16:35,170 INFO  pipeline.PipelineStateManager (PipelineStateManager.java:addPipeline(56)) - Created pipeline Pipeline[ Id: 9c31eee5-fffd-4c18-864d-25cc2c6cfb98, Nodes: cfecc977-93f8-4e60-8920-33a396e93f59{ip: 192.168.157.241, host: trunk-nightly-gllmw-2332419065, networkLocation: /default-rack, certSerialId: null}, Type:RATIS, Factor:ONE, State:OPEN]
2019-07-16 14:16:35,405 INFO  node.SCMNodeManager (SCMNodeManager.java:register(269)) - Registered Data node : db26f864-0141-4fb1-ad4a-2bf1fb5ab60c{ip: 192.168.157.241, host: trunk-nightly-gllmw-2332419065, networkLocation: /default-rack, certSerialId: null}
2019-07-16 14:16:35,418 INFO  impl.RaftServerProxy (RaftServerProxy.java:addNew(89)) - db26f864-0141-4fb1-ad4a-2bf1fb5ab60c: addNew group-E6FC8A035CED:[db26f864-0141-4fb1-ad4a-2bf1fb5ab60c:192.168.157.241:38348] returns group-E6FC8A035CED:java.util.concurrent.CompletableFuture@7c8255a2[Not completed]
2019-07-16 14:16:35,419 INFO  impl.RaftServerImpl (RaftServerImpl.java:<init>(93)) - db26f864-0141-4fb1-ad4a-2bf1fb5ab60c: new RaftServerImpl for group-E6FC8A035CED:[db26f864-0141-4fb1-ad4a-2bf1fb5ab60c:192.168.157.241:38348] with ContainerStateMachine:uninitialized
2019-07-16 14:16:35,419 INFO  server.RaftServerConfigKeys (ConfUtils.java:logGet(43)) - raft.server.rpc.timeout.min = 5s (custom)
2019-07-16 14:16:35,419 INFO  server.RaftServerConfigKeys (ConfUtils.java:logGet(43)) - raft.server.rpc.timeout.max = 5200ms (custom)
2019-07-16 14:16:35,420 INFO  server.RaftServerConfigKeys (ConfUtils.java:logGet(43)) - raft.server.rpcslowness.timeout = 120s (custom)
2019-07-16 14:16:35,420 INFO  server.RaftServerConfigKeys (ConfUtils.java:logGet(43)) - raft.server.sleep.deviation.threshold = 300 (default)
2019-07-16 14:16:35,420 INFO  server.RaftServerConfigKeys (ConfUtils.java:logGet(43)) - raft.server.log.appender.install.snapshot.enabled = false (custom)
2019-07-16 14:16:35,420 INFO  impl.RaftServerImpl (ServerState.java:<init>(105)) - db26f864-0141-4fb1-ad4a-2bf1fb5ab60c:group-E6FC8A035CED ConfigurationManager, init=-1: [db26f864-0141-4fb1-ad4a-2bf1fb5ab60c:192.168.157.241:38348], old=null, confs=<EMPTY_MAP>
2019-07-16 14:16:35,420 INFO  server.RaftServerConfigKeys (ConfUtils.java:logGet(43)) - raft.server.storage.dir = [/workdir/hadoop-ozone/integration-test/target/test-dir/MiniOzoneClusterImpl-37f78516-dec8-4d76-a963-cc39a819b7b4/datanode-5/data/ratis] (custom)
2019-07-16 14:16:35,421 INFO  storage.RaftStorageDirectory (RaftStorageDirectory.java:analyzeStorage(246)) - The storage directory /workdir/hadoop-ozone/integration-test/target/test-dir/MiniOzoneClusterImpl-37f78516-dec8-4d76-a963-cc39a819b7b4/datanode-5/data/ratis/2e6851a6-3b6b-44f5-adc2-e6fc8a035ced does not exist. Creating ...
2019-07-16 14:16:35,434 INFO  storage.RaftStorageDirectory (RaftStorageDirectory.java:tryLock(328)) - Lock on /workdir/hadoop-ozone/integration-test/target/test-dir/MiniOzoneClusterImpl-37f78516-dec8-4d76-a963-cc39a819b7b4/datanode-5/data/ratis/2e6851a6-3b6b-44f5-adc2-e6fc8a035ced/in_use.lock acquired by nodename 10151@trunk-nightly-gllmw-2332419065
2019-07-16 14:16:35,498 INFO  storage.RaftStorage (RaftStorage.java:format(72)) - Storage directory /workdir/hadoop-ozone/integration-test/target/test-dir/MiniOzoneClusterImpl-37f78516-dec8-4d76-a963-cc39a819b7b4/datanode-5/data/ratis/2e6851a6-3b6b-44f5-adc2-e6fc8a035ced has been successfully formatted.
2019-07-16 14:16:35,498 INFO  ratis.ContainerStateMachine (ContainerStateMachine.java:loadSnapshot(200)) - group-E6FC8A035CED: The snapshot info is null. Setting the last applied indexto:(t:0, i:~)
2019-07-16 14:16:35,498 INFO  server.RaftServerConfigKeys (ConfUtils.java:logGet(43)) - raft.server.leader.election.timeout = 120s (custom)
2019-07-16 14:16:35,499 INFO  server.RaftServerConfigKeys (ConfUtils.java:logGet(43)) - raft.server.log.use.memory = false (default)
2019-07-16 14:16:35,499 INFO  server.RaftServerConfigKeys (ConfUtils.java:logGet(43)) - raft.server.log.purge.gap = 1000000000 (custom)
2019-07-16 14:16:35,499 INFO  server.RaftServerConfigKeys (ConfUtils.java:logGet(43)) - raft.server.log.appender.buffer.byte-limit = 33554432 (custom)
2019-07-16 14:16:35,499 INFO  server.RaftServerConfigKeys (ConfUtils.java:logGet(43)) - raft.server.log.segment.size.max = 1048576 (custom)
2019-07-16 14:16:35,499 INFO  server.RaftServerConfigKeys (ConfUtils.java:logGet(43)) - raft.server.log.segment.cache.num.max = 2 (custom)
2019-07-16 14:16:35,499 INFO  segmented.SegmentedRaftLogWorker (SegmentedRaftLogWorker.java:<init>(172)) - new db26f864-0141-4fb1-ad4a-2bf1fb5ab60c-SegmentedRaftLogWorker:Storage Directory /workdir/hadoop-ozone/integration-test/target/test-dir/MiniOzoneClusterImpl-37f78516-dec8-4d76-a963-cc39a819b7b4/datanode-5/data/ratis/2e6851a6-3b6b-44f5-adc2-e6fc8a035ced for RaftStorage:Storage Directory /workdir/hadoop-ozone/integration-test/target/test-dir/MiniOzoneClusterImpl-37f78516-dec8-4d76-a963-cc39a819b7b4/datanode-5/data/ratis/2e6851a6-3b6b-44f5-adc2-e6fc8a035ced
2019-07-16 14:16:35,500 INFO  server.RaftServerConfigKeys (ConfUtils.java:logGet(43)) - raft.server.log.queue.byte-limit = 2147483647 (custom)
2019-07-16 14:16:35,500 INFO  server.RaftServerConfigKeys (ConfUtils.java:logGet(43)) - raft.server.log.queue.element-limit = 1024 (custom)
2019-07-16 14:16:35,500 INFO  server.RaftServerConfigKeys (ConfUtils.java:logGet(43)) - raft.server.log.segment.size.max = 1048576 (custom)
2019-07-16 14:16:35,500 INFO  server.RaftServerConfigKeys (ConfUtils.java:logGet(43)) - raft.server.log.preallocated.size = 16384 (custom)
2019-07-16 14:16:35,501 INFO  server.RaftServerConfigKeys (ConfUtils.java:logGet(43)) - raft.server.log.write.buffer.size = 33554432 (custom)
2019-07-16 14:16:35,501 INFO  server.RaftServerConfigKeys (ConfUtils.java:logGet(43)) - raft.server.log.force.sync.num = 128 (default)
2019-07-16 14:16:35,501 INFO  server.RaftServerConfigKeys (ConfUtils.java:logGet(43)) - raft.server.log.statemachine.data.sync = true (default)
2019-07-16 14:16:35,501 INFO  server.RaftServerConfigKeys (ConfUtils.java:logGet(43)) - raft.server.log.statemachine.data.sync.timeout = 10s (default)
2019-07-16 14:16:35,501 INFO  server.RaftServerConfigKeys (ConfUtils.java:logGet(43)) - raft.server.log.statemachine.data.sync.timeout.retry = -1 (default)
2019-07-16 14:16:35,502 INFO  server.RaftServerConfigKeys (ConfUtils.java:logGet(43)) - raft.server.log.statemachine.data.caching.enabled = true (custom)
2019-07-16 14:16:35,502 INFO  segmented.SegmentedRaftLogWorker (SegmentedRaftLogWorker.java:lambda$new$0(132)) - db26f864-0141-4fb1-ad4a-2bf1fb5ab60c-SegmentedRaftLogWorker:Storage Directory /workdir/hadoop-ozone/integration-test/target/test-dir/MiniOzoneClusterImpl-37f78516-dec8-4d76-a963-cc39a819b7b4/datanode-5/data/ratis/2e6851a6-3b6b-44f5-adc2-e6fc8a035ced: flushIndex: setUnconditionally 0 -> -1
2019-07-16 14:16:35,502 INFO  server.RaftServerConfigKeys (ConfUtils.java:logGet(43)) - raft.server.snapshot.auto.trigger.enabled = true (custom)
2019-07-16 14:16:35,503 INFO  server.RaftServerConfigKeys (ConfUtils.java:logGet(43)) - raft.server.snapshot.auto.trigger.threshold = 10000 (custom)
2019-07-16 14:16:35,503 INFO  server.RaftServerConfigKeys (ConfUtils.java:logGet(43)) - raft.server.retrycache.expirytime = 600000ms (custom)
2019-07-16 14:16:35,503 INFO  impl.RaftServerImpl (RaftServerImpl.java:start(180)) - db26f864-0141-4fb1-ad4a-2bf1fb5ab60c: start group-E6FC8A035CED
2019-07-16 14:16:35,503 INFO  impl.RaftServerImpl (RaftServerImpl.java:setRole(171)) - db26f864-0141-4fb1-ad4a-2bf1fb5ab60c:group-E6FC8A035CED changes role from null to FOLLOWER at term 0 for startAsFollower
2019-07-16 14:16:35,503 INFO  impl.RoleInfo (RoleInfo.java:updateAndGet(143)) - db26f864-0141-4fb1-ad4a-2bf1fb5ab60c: start FollowerState
2019-07-16 14:16:35,504 INFO  util.JmxRegister (JmxRegister.java:tryRegister(44)) - Successfully registered JMX Bean with object name Ratis:service=RaftServer,group=group-E6FC8A035CED,id=db26f864-0141-4fb1-ad4a-2bf1fb5ab60c
2019-07-16 14:16:35,507 INFO  pipeline.PipelineStateManager (PipelineStateManager.java:addPipeline(56)) - Created pipeline Pipeline[ Id: 2e6851a6-3b6b-44f5-adc2-e6fc8a035ced, Nodes: db26f864-0141-4fb1-ad4a-2bf1fb5ab60c{ip: 192.168.157.241, host: trunk-nightly-gllmw-2332419065, networkLocation: /default-rack, certSerialId: null}, Type:RATIS, Factor:ONE, State:OPEN]
2019-07-16 14:16:35,547 INFO  impl.RaftServerProxy (RaftServerProxy.java:addNew(89)) - 496b21f6-dd41-4a5b-8094-660c199c8f53: addNew group-8B1327E40CF7:[496b21f6-dd41-4a5b-8094-660c199c8f53:192.168.157.241:43266, cfecc977-93f8-4e60-8920-33a396e93f59:192.168.157.241:32812, db26f864-0141-4fb1-ad4a-2bf1fb5ab60c:192.168.157.241:38348] returns group-8B1327E40CF7:java.util.concurrent.CompletableFuture@17548139[Not completed]
2019-07-16 14:16:35,547 INFO  impl.RaftServerProxy (RaftServerProxy.java:addNew(89)) - db26f864-0141-4fb1-ad4a-2bf1fb5ab60c: addNew group-8B1327E40CF7:[496b21f6-dd41-4a5b-8094-660c199c8f53:192.168.157.241:43266, cfecc977-93f8-4e60-8920-33a396e93f59:192.168.157.241:32812, db26f864-0141-4fb1-ad4a-2bf1fb5ab60c:192.168.157.241:38348] returns group-8B1327E40CF7:java.util.concurrent.CompletableFuture@11c86e16[Not completed]
2019-07-16 14:16:35,553 INFO  impl.RaftServerProxy (RaftServerProxy.java:addNew(89)) - cfecc977-93f8-4e60-8920-33a396e93f59: addNew group-8B1327E40CF7:[496b21f6-dd41-4a5b-8094-660c199c8f53:192.168.157.241:43266, cfecc977-93f8-4e60-8920-33a396e93f59:192.168.157.241:32812, db26f864-0141-4fb1-ad4a-2bf1fb5ab60c:192.168.157.241:38348] returns group-8B1327E40CF7:java.util.concurrent.CompletableFuture@73d40158[Not completed]
2019-07-16 14:16:35,554 INFO  impl.RaftServerImpl (RaftServerImpl.java:<init>(93)) - 496b21f6-dd41-4a5b-8094-660c199c8f53: new RaftServerImpl for group-8B1327E40CF7:[496b21f6-dd41-4a5b-8094-660c199c8f53:192.168.157.241:43266, cfecc977-93f8-4e60-8920-33a396e93f59:192.168.157.241:32812, db26f864-0141-4fb1-ad4a-2bf1fb5ab60c:192.168.157.241:38348] with ContainerStateMachine:uninitialized
2019-07-16 14:16:35,554 INFO  server.RaftServerConfigKeys (ConfUtils.java:logGet(43)) - raft.server.rpc.timeout.min = 5s (custom)
2019-07-16 14:16:35,554 INFO  server.RaftServerConfigKeys (ConfUtils.java:logGet(43)) - raft.server.rpc.timeout.max = 5200ms (custom)
2019-07-16 14:16:35,554 INFO  server.RaftServerConfigKeys (ConfUtils.java:logGet(43)) - raft.server.rpcslowness.timeout = 120s (custom)
2019-07-16 14:16:35,555 INFO  impl.RaftServerImpl (RaftServerImpl.java:<init>(93)) - db26f864-0141-4fb1-ad4a-2bf1fb5ab60c: new RaftServerImpl for group-8B1327E40CF7:[496b21f6-dd41-4a5b-8094-660c199c8f53:192.168.157.241:43266, cfecc977-93f8-4e60-8920-33a396e93f59:192.168.157.241:32812, db26f864-0141-4fb1-ad4a-2bf1fb5ab60c:192.168.157.241:38348] with ContainerStateMachine:uninitialized
2019-07-16 14:16:35,555 INFO  server.RaftServerConfigKeys (ConfUtils.java:logGet(43)) - raft.server.sleep.deviation.threshold = 300 (default)
2019-07-16 14:16:35,555 INFO  server.RaftServerConfigKeys (ConfUtils.java:logGet(43)) - raft.server.rpc.timeout.min = 5s (custom)
2019-07-16 14:16:35,555 INFO  server.RaftServerConfigKeys (ConfUtils.java:logGet(43)) - raft.server.log.appender.install.snapshot.enabled = false (custom)
2019-07-16 14:16:35,555 INFO  impl.RaftServerImpl (RaftServerImpl.java:<init>(93)) - cfecc977-93f8-4e60-8920-33a396e93f59: new RaftServerImpl for group-8B1327E40CF7:[496b21f6-dd41-4a5b-8094-660c199c8f53:192.168.157.241:43266, cfecc977-93f8-4e60-8920-33a396e93f59:192.168.157.241:32812, db26f864-0141-4fb1-ad4a-2bf1fb5ab60c:192.168.157.241:38348] with ContainerStateMachine:uninitialized
2019-07-16 14:16:35,555 INFO  server.RaftServerConfigKeys (ConfUtils.java:logGet(43)) - raft.server.rpc.timeout.max = 5200ms (custom)
2019-07-16 14:16:35,555 INFO  server.RaftServerConfigKeys (ConfUtils.java:logGet(43)) - raft.server.rpc.timeout.min = 5s (custom)
2019-07-16 14:16:35,555 INFO  impl.RaftServerImpl (ServerState.java:<init>(105)) - 496b21f6-dd41-4a5b-8094-660c199c8f53:group-8B1327E40CF7 ConfigurationManager, init=-1: [496b21f6-dd41-4a5b-8094-660c199c8f53:192.168.157.241:43266, cfecc977-93f8-4e60-8920-33a396e93f59:192.168.157.241:32812, db26f864-0141-4fb1-ad4a-2bf1fb5ab60c:192.168.157.241:38348], old=null, confs=<EMPTY_MAP>
2019-07-16 14:16:35,556 INFO  server.RaftServerConfigKeys (ConfUtils.java:logGet(43)) - raft.server.rpc.timeout.max = 5200ms (custom)
2019-07-16 14:16:35,556 INFO  server.RaftServerConfigKeys (ConfUtils.java:logGet(43)) - raft.server.rpcslowness.timeout = 120s (custom)
2019-07-16 14:16:35,556 INFO  server.RaftServerConfigKeys (ConfUtils.java:logGet(43)) - raft.server.rpcslowness.timeout = 120s (custom)
2019-07-16 14:16:35,556 INFO  server.RaftServerConfigKeys (ConfUtils.java:logGet(43)) - raft.server.storage.dir = [/workdir/hadoop-ozone/integration-test/target/test-dir/MiniOzoneClusterImpl-37f78516-dec8-4d76-a963-cc39a819b7b4/datanode-3/data/ratis] (custom)
2019-07-16 14:16:35,556 INFO  server.RaftServerConfigKeys (ConfUtils.java:logGet(43)) - raft.server.sleep.deviation.threshold = 300 (default)
2019-07-16 14:16:35,556 INFO  server.RaftServerConfigKeys (ConfUtils.java:logGet(43)) - raft.server.sleep.deviation.threshold = 300 (default)
2019-07-16 14:16:35,557 INFO  storage.RaftStorageDirectory (RaftStorageDirectory.java:analyzeStorage(246)) - The storage directory /workdir/hadoop-ozone/integration-test/target/test-dir/MiniOzoneClusterImpl-37f78516-dec8-4d76-a963-cc39a819b7b4/datanode-3/data/ratis/48d2dcfc-49b5-4666-885d-8b1327e40cf7 does not exist. Creating ...
2019-07-16 14:16:35,557 INFO  server.RaftServerConfigKeys (ConfUtils.java:logGet(43)) - raft.server.log.appender.install.snapshot.enabled = false (custom)
2019-07-16 14:16:35,557 INFO  server.RaftServerConfigKeys (ConfUtils.java:logGet(43)) - raft.server.log.appender.install.snapshot.enabled = false (custom)
2019-07-16 14:16:35,557 INFO  impl.RaftServerImpl (ServerState.java:<init>(105)) - cfecc977-93f8-4e60-8920-33a396e93f59:group-8B1327E40CF7 ConfigurationManager, init=-1: [496b21f6-dd41-4a5b-8094-660c199c8f53:192.168.157.241:43266, cfecc977-93f8-4e60-8920-33a396e93f59:192.168.157.241:32812, db26f864-0141-4fb1-ad4a-2bf1fb5ab60c:192.168.157.241:38348], old=null, confs=<EMPTY_MAP>
2019-07-16 14:16:35,557 INFO  impl.RaftServerImpl (ServerState.java:<init>(105)) - db26f864-0141-4fb1-ad4a-2bf1fb5ab60c:group-8B1327E40CF7 ConfigurationManager, init=-1: [496b21f6-dd41-4a5b-8094-660c199c8f53:192.168.157.241:43266, cfecc977-93f8-4e60-8920-33a396e93f59:192.168.157.241:32812, db26f864-0141-4fb1-ad4a-2bf1fb5ab60c:192.168.157.241:38348], old=null, confs=<EMPTY_MAP>
2019-07-16 14:16:35,558 INFO  server.RaftServerConfigKeys (ConfUtils.java:logGet(43)) - raft.server.storage.dir = [/workdir/hadoop-ozone/integration-test/target/test-dir/MiniOzoneClusterImpl-37f78516-dec8-4d76-a963-cc39a819b7b4/datanode-4/data/ratis] (custom)
2019-07-16 14:16:35,558 INFO  server.RaftServerConfigKeys (ConfUtils.java:logGet(43)) - raft.server.storage.dir = [/workdir/hadoop-ozone/integration-test/target/test-dir/MiniOzoneClusterImpl-37f78516-dec8-4d76-a963-cc39a819b7b4/datanode-5/data/ratis] (custom)
2019-07-16 14:16:35,558 INFO  storage.RaftStorageDirectory (RaftStorageDirectory.java:analyzeStorage(246)) - The storage directory /workdir/hadoop-ozone/integration-test/target/test-dir/MiniOzoneClusterImpl-37f78516-dec8-4d76-a963-cc39a819b7b4/datanode-4/data/ratis/48d2dcfc-49b5-4666-885d-8b1327e40cf7 does not exist. Creating ...
2019-07-16 14:16:35,558 INFO  storage.RaftStorageDirectory (RaftStorageDirectory.java:analyzeStorage(246)) - The storage directory /workdir/hadoop-ozone/integration-test/target/test-dir/MiniOzoneClusterImpl-37f78516-dec8-4d76-a963-cc39a819b7b4/datanode-5/data/ratis/48d2dcfc-49b5-4666-885d-8b1327e40cf7 does not exist. Creating ...
2019-07-16 14:16:35,570 INFO  storage.RaftStorageDirectory (RaftStorageDirectory.java:tryLock(328)) - Lock on /workdir/hadoop-ozone/integration-test/target/test-dir/MiniOzoneClusterImpl-37f78516-dec8-4d76-a963-cc39a819b7b4/datanode-5/data/ratis/48d2dcfc-49b5-4666-885d-8b1327e40cf7/in_use.lock acquired by nodename 10151@trunk-nightly-gllmw-2332419065
2019-07-16 14:16:35,570 INFO  storage.RaftStorageDirectory (RaftStorageDirectory.java:tryLock(328)) - Lock on /workdir/hadoop-ozone/integration-test/target/test-dir/MiniOzoneClusterImpl-37f78516-dec8-4d76-a963-cc39a819b7b4/datanode-3/data/ratis/48d2dcfc-49b5-4666-885d-8b1327e40cf7/in_use.lock acquired by nodename 10151@trunk-nightly-gllmw-2332419065
2019-07-16 14:16:35,570 INFO  storage.RaftStorageDirectory (RaftStorageDirectory.java:tryLock(328)) - Lock on /workdir/hadoop-ozone/integration-test/target/test-dir/MiniOzoneClusterImpl-37f78516-dec8-4d76-a963-cc39a819b7b4/datanode-4/data/ratis/48d2dcfc-49b5-4666-885d-8b1327e40cf7/in_use.lock acquired by nodename 10151@trunk-nightly-gllmw-2332419065
2019-07-16 14:16:35,584 INFO  storage.RaftStorage (RaftStorage.java:format(72)) - Storage directory /workdir/hadoop-ozone/integration-test/target/test-dir/MiniOzoneClusterImpl-37f78516-dec8-4d76-a963-cc39a819b7b4/datanode-5/data/ratis/48d2dcfc-49b5-4666-885d-8b1327e40cf7 has been successfully formatted.
2019-07-16 14:16:35,584 INFO  storage.RaftStorage (RaftStorage.java:format(72)) - Storage directory /workdir/hadoop-ozone/integration-test/target/test-dir/MiniOzoneClusterImpl-37f78516-dec8-4d76-a963-cc39a819b7b4/datanode-4/data/ratis/48d2dcfc-49b5-4666-885d-8b1327e40cf7 has been successfully formatted.
2019-07-16 14:16:35,584 INFO  storage.RaftStorage (RaftStorage.java:format(72)) - Storage directory /workdir/hadoop-ozone/integration-test/target/test-dir/MiniOzoneClusterImpl-37f78516-dec8-4d76-a963-cc39a819b7b4/datanode-3/data/ratis/48d2dcfc-49b5-4666-885d-8b1327e40cf7 has been successfully formatted.
2019-07-16 14:16:35,585 INFO  ratis.ContainerStateMachine (ContainerStateMachine.java:loadSnapshot(200)) - group-8B1327E40CF7: The snapshot info is null. Setting the last applied indexto:(t:0, i:~)
2019-07-16 14:16:35,585 INFO  ratis.ContainerStateMachine (ContainerStateMachine.java:loadSnapshot(200)) - group-8B1327E40CF7: The snapshot info is null. Setting the last applied indexto:(t:0, i:~)
2019-07-16 14:16:35,585 INFO  ratis.ContainerStateMachine (ContainerStateMachine.java:loadSnapshot(200)) - group-8B1327E40CF7: The snapshot info is null. Setting the last applied indexto:(t:0, i:~)
2019-07-16 14:16:35,585 INFO  server.RaftServerConfigKeys (ConfUtils.java:logGet(43)) - raft.server.leader.election.timeout = 120s (custom)
2019-07-16 14:16:35,585 INFO  server.RaftServerConfigKeys (ConfUtils.java:logGet(43)) - raft.server.leader.election.timeout = 120s (custom)
2019-07-16 14:16:35,586 INFO  server.RaftServerConfigKeys (ConfUtils.java:logGet(43)) - raft.server.log.use.memory = false (default)
2019-07-16 14:16:35,586 INFO  server.RaftServerConfigKeys (ConfUtils.java:logGet(43)) - raft.server.leader.election.timeout = 120s (custom)
2019-07-16 14:16:35,586 INFO  server.RaftServerConfigKeys (ConfUtils.java:logGet(43)) - raft.server.log.purge.gap = 1000000000 (custom)
2019-07-16 14:16:35,586 INFO  server.RaftServerConfigKeys (ConfUtils.java:logGet(43)) - raft.server.log.appender.buffer.byte-limit = 33554432 (custom)
2019-07-16 14:16:35,586 INFO  server.RaftServerConfigKeys (ConfUtils.java:logGet(43)) - raft.server.log.use.memory = false (default)
2019-07-16 14:16:35,586 INFO  server.RaftServerConfigKeys (ConfUtils.java:logGet(43)) - raft.server.log.segment.size.max = 1048576 (custom)
2019-07-16 14:16:35,586 INFO  server.RaftServerConfigKeys (ConfUtils.java:logGet(43)) - raft.server.log.use.memory = false (default)
2019-07-16 14:16:35,587 INFO  server.RaftServerConfigKeys (ConfUtils.java:logGet(43)) - raft.server.log.segment.cache.num.max = 2 (custom)
2019-07-16 14:16:35,587 INFO  segmented.SegmentedRaftLogWorker (SegmentedRaftLogWorker.java:<init>(172)) - new 496b21f6-dd41-4a5b-8094-660c199c8f53-SegmentedRaftLogWorker:Storage Directory /workdir/hadoop-ozone/integration-test/target/test-dir/MiniOzoneClusterImpl-37f78516-dec8-4d76-a963-cc39a819b7b4/datanode-3/data/ratis/48d2dcfc-49b5-4666-885d-8b1327e40cf7 for RaftStorage:Storage Directory /workdir/hadoop-ozone/integration-test/target/test-dir/MiniOzoneClusterImpl-37f78516-dec8-4d76-a963-cc39a819b7b4/datanode-3/data/ratis/48d2dcfc-49b5-4666-885d-8b1327e40cf7
2019-07-16 14:16:35,587 INFO  server.RaftServerConfigKeys (ConfUtils.java:logGet(43)) - raft.server.log.purge.gap = 1000000000 (custom)
2019-07-16 14:16:35,587 INFO  server.RaftServerConfigKeys (ConfUtils.java:logGet(43)) - raft.server.log.queue.byte-limit = 2147483647 (custom)
2019-07-16 14:16:35,587 INFO  server.RaftServerConfigKeys (ConfUtils.java:logGet(43)) - raft.server.log.purge.gap = 1000000000 (custom)
2019-07-16 14:16:35,588 INFO  server.RaftServerConfigKeys (ConfUtils.java:logGet(43)) - raft.server.log.queue.element-limit = 1024 (custom)
2019-07-16 14:16:35,588 INFO  server.RaftServerConfigKeys (ConfUtils.java:logGet(43)) - raft.server.log.appender.buffer.byte-limit = 33554432 (custom)
2019-07-16 14:16:35,588 INFO  server.RaftServerConfigKeys (ConfUtils.java:logGet(43)) - raft.server.log.segment.size.max = 1048576 (custom)
2019-07-16 14:16:35,588 INFO  server.RaftServerConfigKeys (ConfUtils.java:logGet(43)) - raft.server.log.appender.buffer.byte-limit = 33554432 (custom)
2019-07-16 14:16:35,588 INFO  server.RaftServerConfigKeys (ConfUtils.java:logGet(43)) - raft.server.log.preallocated.size = 16384 (custom)
2019-07-16 14:16:35,589 INFO  server.RaftServerConfigKeys (ConfUtils.java:logGet(43)) - raft.server.log.write.buffer.size = 33554432 (custom)
2019-07-16 14:16:35,588 INFO  server.RaftServerConfigKeys (ConfUtils.java:logGet(43)) - raft.server.log.segment.size.max = 1048576 (custom)
2019-07-16 14:16:35,589 INFO  server.RaftServerConfigKeys (ConfUtils.java:logGet(43)) - raft.server.log.force.sync.num = 128 (default)
2019-07-16 14:16:35,589 INFO  server.RaftServerConfigKeys (ConfUtils.java:logGet(43)) - raft.server.log.statemachine.data.sync = true (default)
2019-07-16 14:16:35,589 INFO  server.RaftServerConfigKeys (ConfUtils.java:logGet(43)) - raft.server.log.segment.size.max = 1048576 (custom)
2019-07-16 14:16:35,589 INFO  server.RaftServerConfigKeys (ConfUtils.java:logGet(43)) - raft.server.log.statemachine.data.sync.timeout = 10s (default)
2019-07-16 14:16:35,589 INFO  server.RaftServerConfigKeys (ConfUtils.java:logGet(43)) - raft.server.log.segment.cache.num.max = 2 (custom)
2019-07-16 14:16:35,590 INFO  server.RaftServerConfigKeys (ConfUtils.java:logGet(43)) - raft.server.log.statemachine.data.sync.timeout.retry = -1 (default)
2019-07-16 14:16:35,590 INFO  server.RaftServerConfigKeys (ConfUtils.java:logGet(43)) - raft.server.log.segment.cache.num.max = 2 (custom)
2019-07-16 14:16:35,590 INFO  server.RaftServerConfigKeys (ConfUtils.java:logGet(43)) - raft.server.log.statemachine.data.caching.enabled = true (custom)
2019-07-16 14:16:35,590 INFO  segmented.SegmentedRaftLogWorker (SegmentedRaftLogWorker.java:<init>(172)) - new cfecc977-93f8-4e60-8920-33a396e93f59-SegmentedRaftLogWorker:Storage Directory /workdir/hadoop-ozone/integration-test/target/test-dir/MiniOzoneClusterImpl-37f78516-dec8-4d76-a963-cc39a819b7b4/datanode-4/data/ratis/48d2dcfc-49b5-4666-885d-8b1327e40cf7 for RaftStorage:Storage Directory /workdir/hadoop-ozone/integration-test/target/test-dir/MiniOzoneClusterImpl-37f78516-dec8-4d76-a963-cc39a819b7b4/datanode-4/data/ratis/48d2dcfc-49b5-4666-885d-8b1327e40cf7
2019-07-16 14:16:35,590 INFO  segmented.SegmentedRaftLogWorker (SegmentedRaftLogWorker.java:<init>(172)) - new db26f864-0141-4fb1-ad4a-2bf1fb5ab60c-SegmentedRaftLogWorker:Storage Directory /workdir/hadoop-ozone/integration-test/target/test-dir/MiniOzoneClusterImpl-37f78516-dec8-4d76-a963-cc39a819b7b4/datanode-5/data/ratis/48d2dcfc-49b5-4666-885d-8b1327e40cf7 for RaftStorage:Storage Directory /workdir/hadoop-ozone/integration-test/target/test-dir/MiniOzoneClusterImpl-37f78516-dec8-4d76-a963-cc39a819b7b4/datanode-5/data/ratis/48d2dcfc-49b5-4666-885d-8b1327e40cf7
2019-07-16 14:16:35,591 INFO  segmented.SegmentedRaftLogWorker (SegmentedRaftLogWorker.java:lambda$new$0(132)) - 496b21f6-dd41-4a5b-8094-660c199c8f53-SegmentedRaftLogWorker:Storage Directory /workdir/hadoop-ozone/integration-test/target/test-dir/MiniOzoneClusterImpl-37f78516-dec8-4d76-a963-cc39a819b7b4/datanode-3/data/ratis/48d2dcfc-49b5-4666-885d-8b1327e40cf7: flushIndex: setUnconditionally 0 -> -1
2019-07-16 14:16:35,591 INFO  server.RaftServerConfigKeys (ConfUtils.java:logGet(43)) - raft.server.log.queue.byte-limit = 2147483647 (custom)
2019-07-16 14:16:35,591 INFO  server.RaftServerConfigKeys (ConfUtils.java:logGet(43)) - raft.server.log.queue.element-limit = 1024 (custom)
2019-07-16 14:16:35,591 INFO  server.RaftServerConfigKeys (ConfUtils.java:logGet(43)) - raft.server.log.queue.byte-limit = 2147483647 (custom)
2019-07-16 14:16:35,591 INFO  server.RaftServerConfigKeys (ConfUtils.java:logGet(43)) - raft.server.log.segment.size.max = 1048576 (custom)
2019-07-16 14:16:35,591 INFO  server.RaftServerConfigKeys (ConfUtils.java:logGet(43)) - raft.server.snapshot.auto.trigger.enabled = true (custom)
2019-07-16 14:16:35,592 INFO  server.RaftServerConfigKeys (ConfUtils.java:logGet(43)) - raft.server.log.preallocated.size = 16384 (custom)
2019-07-16 14:16:35,592 INFO  server.RaftServerConfigKeys (ConfUtils.java:logGet(43)) - raft.server.log.queue.element-limit = 1024 (custom)
2019-07-16 14:16:35,592 INFO  server.RaftServerConfigKeys (ConfUtils.java:logGet(43)) - raft.server.log.write.buffer.size = 33554432 (custom)
2019-07-16 14:16:35,592 INFO  server.RaftServerConfigKeys (ConfUtils.java:logGet(43)) - raft.server.snapshot.auto.trigger.threshold = 10000 (custom)
2019-07-16 14:16:35,592 INFO  server.RaftServerConfigKeys (ConfUtils.java:logGet(43)) - raft.server.log.force.sync.num = 128 (default)
2019-07-16 14:16:35,593 INFO  server.RaftServerConfigKeys (ConfUtils.java:logGet(43)) - raft.server.log.statemachine.data.sync = true (default)
2019-07-16 14:16:35,592 INFO  server.RaftServerConfigKeys (ConfUtils.java:logGet(43)) - raft.server.log.segment.size.max = 1048576 (custom)
2019-07-16 14:16:35,593 INFO  server.RaftServerConfigKeys (ConfUtils.java:logGet(43)) - raft.server.log.statemachine.data.sync.timeout = 10s (default)
2019-07-16 14:16:35,593 INFO  server.RaftServerConfigKeys (ConfUtils.java:logGet(43)) - raft.server.retrycache.expirytime = 600000ms (custom)
2019-07-16 14:16:35,593 INFO  server.RaftServerConfigKeys (ConfUtils.java:logGet(43)) - raft.server.log.statemachine.data.sync.timeout.retry = -1 (default)
2019-07-16 14:16:35,593 INFO  server.RaftServerConfigKeys (ConfUtils.java:logGet(43)) - raft.server.log.preallocated.size = 16384 (custom)
2019-07-16 14:16:35,594 INFO  server.RaftServerConfigKeys (ConfUtils.java:logGet(43)) - raft.server.log.statemachine.data.caching.enabled = true (custom)
2019-07-16 14:16:35,593 INFO  impl.RaftServerImpl (RaftServerImpl.java:start(180)) - 496b21f6-dd41-4a5b-8094-660c199c8f53: start group-8B1327E40CF7
2019-07-16 14:16:35,594 INFO  server.RaftServerConfigKeys (ConfUtils.java:logGet(43)) - raft.server.log.write.buffer.size = 33554432 (custom)
2019-07-16 14:16:35,594 INFO  segmented.SegmentedRaftLogWorker (SegmentedRaftLogWorker.java:lambda$new$0(132)) - cfecc977-93f8-4e60-8920-33a396e93f59-SegmentedRaftLogWorker:Storage Directory /workdir/hadoop-ozone/integration-test/target/test-dir/MiniOzoneClusterImpl-37f78516-dec8-4d76-a963-cc39a819b7b4/datanode-4/data/ratis/48d2dcfc-49b5-4666-885d-8b1327e40cf7: flushIndex: setUnconditionally 0 -> -1
2019-07-16 14:16:35,594 INFO  impl.RaftServerImpl (RaftServerImpl.java:setRole(171)) - 496b21f6-dd41-4a5b-8094-660c199c8f53:group-8B1327E40CF7 changes role from null to FOLLOWER at term 0 for startAsFollower
2019-07-16 14:16:35,594 INFO  server.RaftServerConfigKeys (ConfUtils.java:logGet(43)) - raft.server.log.force.sync.num = 128 (default)
2019-07-16 14:16:35,595 INFO  server.RaftServerConfigKeys (ConfUtils.java:logGet(43)) - raft.server.snapshot.auto.trigger.enabled = true (custom)
2019-07-16 14:16:35,595 INFO  impl.RoleInfo (RoleInfo.java:updateAndGet(143)) - 496b21f6-dd41-4a5b-8094-660c199c8f53: start FollowerState
2019-07-16 14:16:35,595 INFO  server.RaftServerConfigKeys (ConfUtils.java:logGet(43)) - raft.server.snapshot.auto.trigger.threshold = 10000 (custom)
2019-07-16 14:16:35,595 INFO  server.RaftServerConfigKeys (ConfUtils.java:logGet(43)) - raft.server.log.statemachine.data.sync = true (default)
2019-07-16 14:16:35,595 INFO  util.JmxRegister (JmxRegister.java:tryRegister(44)) - Successfully registered JMX Bean with object name Ratis:service=RaftServer,group=group-8B1327E40CF7,id=496b21f6-dd41-4a5b-8094-660c199c8f53
2019-07-16 14:16:35,595 INFO  server.RaftServerConfigKeys (ConfUtils.java:logGet(43)) - raft.server.retrycache.expirytime = 600000ms (custom)
2019-07-16 14:16:35,595 INFO  server.RaftServerConfigKeys (ConfUtils.java:logGet(43)) - raft.server.log.statemachine.data.sync.timeout = 10s (default)
2019-07-16 14:16:35,596 INFO  impl.RaftServerImpl (RaftServerImpl.java:start(180)) - cfecc977-93f8-4e60-8920-33a396e93f59: start group-8B1327E40CF7
2019-07-16 14:16:35,596 INFO  server.RaftServerConfigKeys (ConfUtils.java:logGet(43)) - raft.server.log.statemachine.data.sync.timeout.retry = -1 (default)
2019-07-16 14:16:35,596 INFO  impl.RaftServerImpl (RaftServerImpl.java:setRole(171)) - cfecc977-93f8-4e60-8920-33a396e93f59:group-8B1327E40CF7 changes role from null to FOLLOWER at term 0 for startAsFollower
2019-07-16 14:16:35,596 INFO  server.RaftServerConfigKeys (ConfUtils.java:logGet(43)) - raft.server.log.statemachine.data.caching.enabled = true (custom)
2019-07-16 14:16:35,596 INFO  impl.RoleInfo (RoleInfo.java:updateAndGet(143)) - cfecc977-93f8-4e60-8920-33a396e93f59: start FollowerState
2019-07-16 14:16:35,597 INFO  segmented.SegmentedRaftLogWorker (SegmentedRaftLogWorker.java:lambda$new$0(132)) - db26f864-0141-4fb1-ad4a-2bf1fb5ab60c-SegmentedRaftLogWorker:Storage Directory /workdir/hadoop-ozone/integration-test/target/test-dir/MiniOzoneClusterImpl-37f78516-dec8-4d76-a963-cc39a819b7b4/datanode-5/data/ratis/48d2dcfc-49b5-4666-885d-8b1327e40cf7: flushIndex: setUnconditionally 0 -> -1
2019-07-16 14:16:35,597 INFO  util.JmxRegister (JmxRegister.java:tryRegister(44)) - Successfully registered JMX Bean with object name Ratis:service=RaftServer,group=group-8B1327E40CF7,id=cfecc977-93f8-4e60-8920-33a396e93f59
2019-07-16 14:16:35,597 INFO  server.RaftServerConfigKeys (ConfUtils.java:logGet(43)) - raft.server.snapshot.auto.trigger.enabled = true (custom)
2019-07-16 14:16:35,597 INFO  server.RaftServerConfigKeys (ConfUtils.java:logGet(43)) - raft.server.snapshot.auto.trigger.threshold = 10000 (custom)
2019-07-16 14:16:35,597 INFO  server.RaftServerConfigKeys (ConfUtils.java:logGet(43)) - raft.server.retrycache.expirytime = 600000ms (custom)
2019-07-16 14:16:35,598 INFO  impl.RaftServerImpl (RaftServerImpl.java:start(180)) - db26f864-0141-4fb1-ad4a-2bf1fb5ab60c: start group-8B1327E40CF7
2019-07-16 14:16:35,598 INFO  impl.RaftServerImpl (RaftServerImpl.java:setRole(171)) - db26f864-0141-4fb1-ad4a-2bf1fb5ab60c:group-8B1327E40CF7 changes role from null to FOLLOWER at term 0 for startAsFollower
2019-07-16 14:16:35,598 INFO  impl.RoleInfo (RoleInfo.java:updateAndGet(143)) - db26f864-0141-4fb1-ad4a-2bf1fb5ab60c: start FollowerState
2019-07-16 14:16:35,598 INFO  util.JmxRegister (JmxRegister.java:tryRegister(44)) - Successfully registered JMX Bean with object name Ratis:service=RaftServer,group=group-8B1327E40CF7,id=db26f864-0141-4fb1-ad4a-2bf1fb5ab60c
2019-07-16 14:16:35,601 INFO  pipeline.PipelineStateManager (PipelineStateManager.java:addPipeline(56)) - Created pipeline Pipeline[ Id: 48d2dcfc-49b5-4666-885d-8b1327e40cf7, Nodes: 496b21f6-dd41-4a5b-8094-660c199c8f53{ip: 192.168.157.241, host: trunk-nightly-gllmw-2332419065, networkLocation: /default-rack, certSerialId: null}cfecc977-93f8-4e60-8920-33a396e93f59{ip: 192.168.157.241, host: trunk-nightly-gllmw-2332419065, networkLocation: /default-rack, certSerialId: null}db26f864-0141-4fb1-ad4a-2bf1fb5ab60c{ip: 192.168.157.241, host: trunk-nightly-gllmw-2332419065, networkLocation: /default-rack, certSerialId: null}, Type:RATIS, Factor:THREE, State:OPEN]
2019-07-16 14:16:35,610 INFO  node.SCMNodeManager (SCMNodeManager.java:register(269)) - Registered Data node : 1fa5aec3-e3bc-4045-a1c5-3eaa03edf0b8{ip: 192.168.157.241, host: trunk-nightly-gllmw-2332419065, networkLocation: /default-rack, certSerialId: null}
2019-07-16 14:16:35,611 INFO  ozone.MiniOzoneClusterImpl (MiniOzoneClusterImpl.java:lambda$waitForClusterToBeReady$0(142)) - Cluster is ready. Got 7 of 7 DN Heartbeats.
2019-07-16 14:16:35,652 INFO  impl.RaftServerProxy (RaftServerProxy.java:addNew(89)) - 1fa5aec3-e3bc-4045-a1c5-3eaa03edf0b8: addNew group-5957D0B795C6:[1fa5aec3-e3bc-4045-a1c5-3eaa03edf0b8:192.168.157.241:36272] returns group-5957D0B795C6:java.util.concurrent.CompletableFuture@50f89efd[Not completed]
2019-07-16 14:16:35,678 INFO  impl.RaftServerImpl (RaftServerImpl.java:<init>(93)) - 1fa5aec3-e3bc-4045-a1c5-3eaa03edf0b8: new RaftServerImpl for group-5957D0B795C6:[1fa5aec3-e3bc-4045-a1c5-3eaa03edf0b8:192.168.157.241:36272] with ContainerStateMachine:uninitialized
2019-07-16 14:16:35,679 INFO  server.RaftServerConfigKeys (ConfUtils.java:logGet(43)) - raft.server.rpc.timeout.min = 5s (custom)
2019-07-16 14:16:35,679 INFO  server.RaftServerConfigKeys (ConfUtils.java:logGet(43)) - raft.server.rpc.timeout.max = 5200ms (custom)
2019-07-16 14:16:35,679 INFO  server.RaftServerConfigKeys (ConfUtils.java:logGet(43)) - raft.server.rpcslowness.timeout = 120s (custom)
2019-07-16 14:16:35,688 INFO  server.RaftServerConfigKeys (ConfUtils.java:logGet(43)) - raft.server.sleep.deviation.threshold = 300 (default)
2019-07-16 14:16:35,688 INFO  server.RaftServerConfigKeys (ConfUtils.java:logGet(43)) - raft.server.log.appender.install.snapshot.enabled = false (custom)
2019-07-16 14:16:35,688 INFO  impl.RaftServerImpl (ServerState.java:<init>(105)) - 1fa5aec3-e3bc-4045-a1c5-3eaa03edf0b8:group-5957D0B795C6 ConfigurationManager, init=-1: [1fa5aec3-e3bc-4045-a1c5-3eaa03edf0b8:192.168.157.241:36272], old=null, confs=<EMPTY_MAP>
2019-07-16 14:16:35,688 INFO  server.RaftServerConfigKeys (ConfUtils.java:logGet(43)) - raft.server.storage.dir = [/workdir/hadoop-ozone/integration-test/target/test-dir/MiniOzoneClusterImpl-37f78516-dec8-4d76-a963-cc39a819b7b4/datanode-6/data/ratis] (custom)
2019-07-16 14:16:35,689 INFO  storage.RaftStorageDirectory (RaftStorageDirectory.java:analyzeStorage(246)) - The storage directory /workdir/hadoop-ozone/integration-test/target/test-dir/MiniOzoneClusterImpl-37f78516-dec8-4d76-a963-cc39a819b7b4/datanode-6/data/ratis/23326294-b263-4da9-846f-5957d0b795c6 does not exist. Creating ...
2019-07-16 14:16:35,689 INFO  rpc.RpcClient (RpcClient.java:createVolume(287)) - Creating Volume: watchforcommithandlingtest, with jenkins1000 as owner.
2019-07-16 14:16:35,716 INFO  rpc.RpcClient (RpcClient.java:createBucket(424)) - Creating Bucket: watchforcommithandlingtest/watchforcommithandlingtest, with Versioning false and Storage Type set to DISK and Encryption set to false 
2019-07-16 14:16:35,722 INFO  ozone.MiniOzoneClusterImpl (MiniOzoneClusterImpl.java:getStorageContainerLocationClient(241)) - Creating StorageContainerLocationProtocol RPC client with address /0.0.0.0:40670
2019-07-16 14:16:35,747 INFO  storage.RaftStorageDirectory (RaftStorageDirectory.java:tryLock(328)) - Lock on /workdir/hadoop-ozone/integration-test/target/test-dir/MiniOzoneClusterImpl-37f78516-dec8-4d76-a963-cc39a819b7b4/datanode-6/data/ratis/23326294-b263-4da9-846f-5957d0b795c6/in_use.lock acquired by nodename 10151@trunk-nightly-gllmw-2332419065
2019-07-16 14:16:35,762 INFO  storage.RaftStorage (RaftStorage.java:format(72)) - Storage directory /workdir/hadoop-ozone/integration-test/target/test-dir/MiniOzoneClusterImpl-37f78516-dec8-4d76-a963-cc39a819b7b4/datanode-6/data/ratis/23326294-b263-4da9-846f-5957d0b795c6 has been successfully formatted.
2019-07-16 14:16:35,763 INFO  ratis.ContainerStateMachine (ContainerStateMachine.java:loadSnapshot(200)) - group-5957D0B795C6: The snapshot info is null. Setting the last applied indexto:(t:0, i:~)
2019-07-16 14:16:35,763 INFO  server.RaftServerConfigKeys (ConfUtils.java:logGet(43)) - raft.server.leader.election.timeout = 120s (custom)
2019-07-16 14:16:35,763 INFO  server.RaftServerConfigKeys (ConfUtils.java:logGet(43)) - raft.server.log.use.memory = false (default)
2019-07-16 14:16:35,763 INFO  server.RaftServerConfigKeys (ConfUtils.java:logGet(43)) - raft.server.log.purge.gap = 1000000000 (custom)
2019-07-16 14:16:35,763 INFO  server.RaftServerConfigKeys (ConfUtils.java:logGet(43)) - raft.server.log.appender.buffer.byte-limit = 33554432 (custom)
2019-07-16 14:16:35,764 INFO  server.RaftServerConfigKeys (ConfUtils.java:logGet(43)) - raft.server.log.segment.size.max = 1048576 (custom)
2019-07-16 14:16:35,764 INFO  server.RaftServerConfigKeys (ConfUtils.java:logGet(43)) - raft.server.log.segment.cache.num.max = 2 (custom)
2019-07-16 14:16:35,764 INFO  segmented.SegmentedRaftLogWorker (SegmentedRaftLogWorker.java:<init>(172)) - new 1fa5aec3-e3bc-4045-a1c5-3eaa03edf0b8-SegmentedRaftLogWorker:Storage Directory /workdir/hadoop-ozone/integration-test/target/test-dir/MiniOzoneClusterImpl-37f78516-dec8-4d76-a963-cc39a819b7b4/datanode-6/data/ratis/23326294-b263-4da9-846f-5957d0b795c6 for RaftStorage:Storage Directory /workdir/hadoop-ozone/integration-test/target/test-dir/MiniOzoneClusterImpl-37f78516-dec8-4d76-a963-cc39a819b7b4/datanode-6/data/ratis/23326294-b263-4da9-846f-5957d0b795c6
2019-07-16 14:16:35,764 INFO  server.RaftServerConfigKeys (ConfUtils.java:logGet(43)) - raft.server.log.queue.byte-limit = 2147483647 (custom)
2019-07-16 14:16:35,764 INFO  server.RaftServerConfigKeys (ConfUtils.java:logGet(43)) - raft.server.log.queue.element-limit = 1024 (custom)
2019-07-16 14:16:35,765 INFO  server.RaftServerConfigKeys (ConfUtils.java:logGet(43)) - raft.server.log.segment.size.max = 1048576 (custom)
2019-07-16 14:16:35,765 INFO  server.RaftServerConfigKeys (ConfUtils.java:logGet(43)) - raft.server.log.preallocated.size = 16384 (custom)
2019-07-16 14:16:35,765 INFO  server.RaftServerConfigKeys (ConfUtils.java:logGet(43)) - raft.server.log.write.buffer.size = 33554432 (custom)
2019-07-16 14:16:35,765 INFO  server.RaftServerConfigKeys (ConfUtils.java:logGet(43)) - raft.server.log.force.sync.num = 128 (default)
2019-07-16 14:16:35,765 INFO  server.RaftServerConfigKeys (ConfUtils.java:logGet(43)) - raft.server.log.statemachine.data.sync = true (default)
2019-07-16 14:16:35,765 INFO  server.RaftServerConfigKeys (ConfUtils.java:logGet(43)) - raft.server.log.statemachine.data.sync.timeout = 10s (default)
2019-07-16 14:16:35,766 INFO  server.RaftServerConfigKeys (ConfUtils.java:logGet(43)) - raft.server.log.statemachine.data.sync.timeout.retry = -1 (default)
2019-07-16 14:16:35,766 INFO  server.RaftServerConfigKeys (ConfUtils.java:logGet(43)) - raft.server.log.statemachine.data.caching.enabled = true (custom)
2019-07-16 14:16:35,766 INFO  segmented.SegmentedRaftLogWorker (SegmentedRaftLogWorker.java:lambda$new$0(132)) - 1fa5aec3-e3bc-4045-a1c5-3eaa03edf0b8-SegmentedRaftLogWorker:Storage Directory /workdir/hadoop-ozone/integration-test/target/test-dir/MiniOzoneClusterImpl-37f78516-dec8-4d76-a963-cc39a819b7b4/datanode-6/data/ratis/23326294-b263-4da9-846f-5957d0b795c6: flushIndex: setUnconditionally 0 -> -1
2019-07-16 14:16:35,767 INFO  server.RaftServerConfigKeys (ConfUtils.java:logGet(43)) - raft.server.snapshot.auto.trigger.enabled = true (custom)
2019-07-16 14:16:35,767 INFO  server.RaftServerConfigKeys (ConfUtils.java:logGet(43)) - raft.server.snapshot.auto.trigger.threshold = 10000 (custom)
2019-07-16 14:16:35,767 INFO  server.RaftServerConfigKeys (ConfUtils.java:logGet(43)) - raft.server.retrycache.expirytime = 600000ms (custom)
2019-07-16 14:16:35,767 INFO  impl.RaftServerImpl (RaftServerImpl.java:start(180)) - 1fa5aec3-e3bc-4045-a1c5-3eaa03edf0b8: start group-5957D0B795C6
2019-07-16 14:16:35,767 INFO  impl.RaftServerImpl (RaftServerImpl.java:setRole(171)) - 1fa5aec3-e3bc-4045-a1c5-3eaa03edf0b8:group-5957D0B795C6 changes role from null to FOLLOWER at term 0 for startAsFollower
2019-07-16 14:16:35,767 INFO  impl.RoleInfo (RoleInfo.java:updateAndGet(143)) - 1fa5aec3-e3bc-4045-a1c5-3eaa03edf0b8: start FollowerState
2019-07-16 14:16:35,768 INFO  util.JmxRegister (JmxRegister.java:tryRegister(44)) - Successfully registered JMX Bean with object name Ratis:service=RaftServer,group=group-5957D0B795C6,id=1fa5aec3-e3bc-4045-a1c5-3eaa03edf0b8
2019-07-16 14:16:35,770 INFO  pipeline.PipelineStateManager (PipelineStateManager.java:addPipeline(56)) - Created pipeline Pipeline[ Id: 23326294-b263-4da9-846f-5957d0b795c6, Nodes: 1fa5aec3-e3bc-4045-a1c5-3eaa03edf0b8{ip: 192.168.157.241, host: trunk-nightly-gllmw-2332419065, networkLocation: /default-rack, certSerialId: null}, Type:RATIS, Factor:ONE, State:OPEN]
2019-07-16 14:16:35,810 INFO  client.GrpcClientProtocolClient (GrpcClientProtocolClient.java:onNext(255)) - client-868023343724->5aec6828-7fd7-4b3d-9950-432cca815840: receive RaftClientReply:client-868023343724->5aec6828-7fd7-4b3d-9950-432cca815840@group-E850DD97F5A4, cid=106, FAILED org.apache.ratis.protocol.NotLeaderException: Server 5aec6828-7fd7-4b3d-9950-432cca815840 is not the leader (null). Request must be sent to leader., logIndex=0, commits[5aec6828-7fd7-4b3d-9950-432cca815840:c-1]
2019-07-16 14:16:36,882 INFO  client.GrpcClientProtocolClient (GrpcClientProtocolClient.java:onNext(255)) - client-868023343724->049f148e-af82-4869-8aa2-38d85904541d: receive RaftClientReply:client-868023343724->049f148e-af82-4869-8aa2-38d85904541d@group-E850DD97F5A4, cid=106, FAILED org.apache.ratis.protocol.NotLeaderException: Server 049f148e-af82-4869-8aa2-38d85904541d is not the leader (null). Request must be sent to leader., logIndex=0, commits[049f148e-af82-4869-8aa2-38d85904541d:c-1]
2019-07-16 14:16:37,031 INFO  container.ReplicationManager (ReplicationManager.java:start(155)) - Starting Replication Monitor Thread.
2019-07-16 14:16:37,039 INFO  container.ReplicationManager (ReplicationManager.java:run(207)) - Replication Monitor Thread took 0 milliseconds for processing 1 containers.
2019-07-16 14:16:37,690 INFO  impl.FollowerState (FollowerState.java:run(106)) - 5e1f60d6-eb7d-4cb0-856a-7059979ee06b:group-10F3E4DA1DEE changes to CANDIDATE, lastRpcTime:5011, electionTimeout:5011ms
2019-07-16 14:16:37,691 INFO  impl.RoleInfo (RoleInfo.java:shutdownFollowerState(121)) - 5e1f60d6-eb7d-4cb0-856a-7059979ee06b: shutdown FollowerState
2019-07-16 14:16:37,691 INFO  impl.RaftServerImpl (RaftServerImpl.java:setRole(171)) - 5e1f60d6-eb7d-4cb0-856a-7059979ee06b:group-10F3E4DA1DEE changes role from FOLLOWER to CANDIDATE at term 2 for changeToCandidate
2019-07-16 14:16:37,691 INFO  impl.RoleInfo (RoleInfo.java:updateAndGet(143)) - 5e1f60d6-eb7d-4cb0-856a-7059979ee06b: start LeaderElection
2019-07-16 14:16:37,722 INFO  impl.FollowerState (FollowerState.java:run(106)) - ce30a503-6e02-452f-ba1f-f207c1d38bf3:group-10F3E4DA1DEE changes to CANDIDATE, lastRpcTime:5040, electionTimeout:5040ms
2019-07-16 14:16:37,722 INFO  impl.RoleInfo (RoleInfo.java:shutdownFollowerState(121)) - ce30a503-6e02-452f-ba1f-f207c1d38bf3: shutdown FollowerState
2019-07-16 14:16:37,722 INFO  impl.RaftServerImpl (RaftServerImpl.java:setRole(171)) - ce30a503-6e02-452f-ba1f-f207c1d38bf3:group-10F3E4DA1DEE changes role from FOLLOWER to CANDIDATE at term 2 for changeToCandidate
2019-07-16 14:16:37,722 INFO  impl.LeaderElection (LeaderElection.java:askForVotes(181)) - 5e1f60d6-eb7d-4cb0-856a-7059979ee06b:group-10F3E4DA1DEE:LeaderElection70: begin an election at term 3 for 0: [5e1f60d6-eb7d-4cb0-856a-7059979ee06b:192.168.157.241:45673, ce30a503-6e02-452f-ba1f-f207c1d38bf3:192.168.157.241:43132, 888503fb-f734-4c7c-9b82-330fcea6e78c:192.168.157.241:40944], old=null
2019-07-16 14:16:37,722 INFO  impl.RoleInfo (RoleInfo.java:updateAndGet(143)) - ce30a503-6e02-452f-ba1f-f207c1d38bf3: start LeaderElection
2019-07-16 14:16:37,730 INFO  impl.LeaderElection (LogUtils.java:infoOrTrace(149)) - 5e1f60d6-eb7d-4cb0-856a-7059979ee06b:group-10F3E4DA1DEE:LeaderElection70 got exception when requesting votes: {}
java.util.concurrent.ExecutionException: org.apache.ratis.thirdparty.io.grpc.StatusRuntimeException: UNAVAILABLE: io exception
	at java.util.concurrent.FutureTask.report(FutureTask.java:122)
	at java.util.concurrent.FutureTask.get(FutureTask.java:192)
	at org.apache.ratis.server.impl.LeaderElection.waitForResults(LeaderElection.java:262)
	at org.apache.ratis.server.impl.LeaderElection.askForVotes(LeaderElection.java:200)
	at org.apache.ratis.server.impl.LeaderElection.run(LeaderElection.java:130)
	at java.lang.Thread.run(Thread.java:748)
Caused by: org.apache.ratis.thirdparty.io.grpc.StatusRuntimeException: UNAVAILABLE: io exception
	at org.apache.ratis.thirdparty.io.grpc.stub.ClientCalls.toStatusRuntimeException(ClientCalls.java:233)
	at org.apache.ratis.thirdparty.io.grpc.stub.ClientCalls.getUnchecked(ClientCalls.java:214)
	at org.apache.ratis.thirdparty.io.grpc.stub.ClientCalls.blockingUnaryCall(ClientCalls.java:139)
	at org.apache.ratis.proto.grpc.RaftServerProtocolServiceGrpc$RaftServerProtocolServiceBlockingStub.requestVote(RaftServerProtocolServiceGrpc.java:265)
	at org.apache.ratis.grpc.server.GrpcServerProtocolClient.requestVote(GrpcServerProtocolClient.java:83)
	at org.apache.ratis.grpc.server.GrpcService.requestVote(GrpcService.java:195)
	at org.apache.ratis.server.impl.LeaderElection.lambda$submitRequests$1(LeaderElection.java:237)
	at java.util.concurrent.FutureTask.run(FutureTask.java:266)
	at java.util.concurrent.Executors$RunnableAdapter.call(Executors.java:511)
	at java.util.concurrent.FutureTask.run(FutureTask.java:266)
	at java.util.concurrent.ThreadPoolExecutor.runWorker(ThreadPoolExecutor.java:1149)
	at java.util.concurrent.ThreadPoolExecutor$Worker.run(ThreadPoolExecutor.java:624)
	... 1 more
Caused by: org.apache.ratis.thirdparty.io.netty.channel.AbstractChannel$AnnotatedConnectException: Connection refused: /192.168.157.241:40944
	at sun.nio.ch.SocketChannelImpl.checkConnect(Native Method)
	at sun.nio.ch.SocketChannelImpl.finishConnect(SocketChannelImpl.java:717)
	at org.apache.ratis.thirdparty.io.netty.channel.socket.nio.NioSocketChannel.doFinishConnect(NioSocketChannel.java:327)
	at org.apache.ratis.thirdparty.io.netty.channel.nio.AbstractNioChannel$AbstractNioUnsafe.finishConnect(AbstractNioChannel.java:340)
	at org.apache.ratis.thirdparty.io.netty.channel.nio.NioEventLoop.processSelectedKey(NioEventLoop.java:632)
	at org.apache.ratis.thirdparty.io.netty.channel.nio.NioEventLoop.processSelectedKeysOptimized(NioEventLoop.java:579)
	at org.apache.ratis.thirdparty.io.netty.channel.nio.NioEventLoop.processSelectedKeys(NioEventLoop.java:496)
	at org.apache.ratis.thirdparty.io.netty.channel.nio.NioEventLoop.run(NioEventLoop.java:458)
	at org.apache.ratis.thirdparty.io.netty.util.concurrent.SingleThreadEventExecutor$5.run(SingleThreadEventExecutor.java:897)
	at org.apache.ratis.thirdparty.io.netty.util.concurrent.FastThreadLocalRunnable.run(FastThreadLocalRunnable.java:30)
	... 1 more
Caused by: java.net.ConnectException: Connection refused
	... 11 more
2019-07-16 14:16:37,737 INFO  impl.LeaderElection (LeaderElection.java:askForVotes(181)) - ce30a503-6e02-452f-ba1f-f207c1d38bf3:group-10F3E4DA1DEE:LeaderElection71: begin an election at term 3 for 0: [5e1f60d6-eb7d-4cb0-856a-7059979ee06b:192.168.157.241:45673, ce30a503-6e02-452f-ba1f-f207c1d38bf3:192.168.157.241:43132, 888503fb-f734-4c7c-9b82-330fcea6e78c:192.168.157.241:40944], old=null
2019-07-16 14:16:37,738 INFO  impl.LeaderElection (LogUtils.java:infoOrTrace(149)) - ce30a503-6e02-452f-ba1f-f207c1d38bf3:group-10F3E4DA1DEE:LeaderElection71 got exception when requesting votes: {}
java.util.concurrent.ExecutionException: org.apache.ratis.thirdparty.io.grpc.StatusRuntimeException: UNAVAILABLE: io exception
	at java.util.concurrent.FutureTask.report(FutureTask.java:122)
	at java.util.concurrent.FutureTask.get(FutureTask.java:192)
	at org.apache.ratis.server.impl.LeaderElection.waitForResults(LeaderElection.java:262)
	at org.apache.ratis.server.impl.LeaderElection.askForVotes(LeaderElection.java:200)
	at org.apache.ratis.server.impl.LeaderElection.run(LeaderElection.java:130)
	at java.lang.Thread.run(Thread.java:748)
Caused by: org.apache.ratis.thirdparty.io.grpc.StatusRuntimeException: UNAVAILABLE: io exception
	at org.apache.ratis.thirdparty.io.grpc.stub.ClientCalls.toStatusRuntimeException(ClientCalls.java:233)
	at org.apache.ratis.thirdparty.io.grpc.stub.ClientCalls.getUnchecked(ClientCalls.java:214)
	at org.apache.ratis.thirdparty.io.grpc.stub.ClientCalls.blockingUnaryCall(ClientCalls.java:139)
	at org.apache.ratis.proto.grpc.RaftServerProtocolServiceGrpc$RaftServerProtocolServiceBlockingStub.requestVote(RaftServerProtocolServiceGrpc.java:265)
	at org.apache.ratis.grpc.server.GrpcServerProtocolClient.requestVote(GrpcServerProtocolClient.java:83)
	at org.apache.ratis.grpc.server.GrpcService.requestVote(GrpcService.java:195)
	at org.apache.ratis.server.impl.LeaderElection.lambda$submitRequests$1(LeaderElection.java:237)
	at java.util.concurrent.FutureTask.run(FutureTask.java:266)
	at java.util.concurrent.Executors$RunnableAdapter.call(Executors.java:511)
	at java.util.concurrent.FutureTask.run(FutureTask.java:266)
	at java.util.concurrent.ThreadPoolExecutor.runWorker(ThreadPoolExecutor.java:1149)
	at java.util.concurrent.ThreadPoolExecutor$Worker.run(ThreadPoolExecutor.java:624)
	... 1 more
Caused by: org.apache.ratis.thirdparty.io.netty.channel.AbstractChannel$AnnotatedConnectException: Connection refused: /192.168.157.241:40944
	at sun.nio.ch.SocketChannelImpl.checkConnect(Native Method)
	at sun.nio.ch.SocketChannelImpl.finishConnect(SocketChannelImpl.java:717)
	at org.apache.ratis.thirdparty.io.netty.channel.socket.nio.NioSocketChannel.doFinishConnect(NioSocketChannel.java:327)
	at org.apache.ratis.thirdparty.io.netty.channel.nio.AbstractNioChannel$AbstractNioUnsafe.finishConnect(AbstractNioChannel.java:340)
	at org.apache.ratis.thirdparty.io.netty.channel.nio.NioEventLoop.processSelectedKey(NioEventLoop.java:632)
	at org.apache.ratis.thirdparty.io.netty.channel.nio.NioEventLoop.processSelectedKeysOptimized(NioEventLoop.java:579)
	at org.apache.ratis.thirdparty.io.netty.channel.nio.NioEventLoop.processSelectedKeys(NioEventLoop.java:496)
	at org.apache.ratis.thirdparty.io.netty.channel.nio.NioEventLoop.run(NioEventLoop.java:458)
	at org.apache.ratis.thirdparty.io.netty.util.concurrent.SingleThreadEventExecutor$5.run(SingleThreadEventExecutor.java:897)
	at org.apache.ratis.thirdparty.io.netty.util.concurrent.FastThreadLocalRunnable.run(FastThreadLocalRunnable.java:30)
	... 1 more
Caused by: java.net.ConnectException: Connection refused
	... 11 more
2019-07-16 14:16:37,745 INFO  impl.LeaderElection (LeaderElection.java:logAndReturn(56)) - 5e1f60d6-eb7d-4cb0-856a-7059979ee06b:group-10F3E4DA1DEE:LeaderElection70: Election REJECTED; received 1 response(s) [5e1f60d6-eb7d-4cb0-856a-7059979ee06b<-ce30a503-6e02-452f-ba1f-f207c1d38bf3#0:FAIL-t3] and 1 exception(s); 5e1f60d6-eb7d-4cb0-856a-7059979ee06b:t3, leader=null, voted=5e1f60d6-eb7d-4cb0-856a-7059979ee06b, raftlog=5e1f60d6-eb7d-4cb0-856a-7059979ee06b-SegmentedRaftLog:OPENED:c2,f2,i2, conf=0: [5e1f60d6-eb7d-4cb0-856a-7059979ee06b:192.168.157.241:45673, ce30a503-6e02-452f-ba1f-f207c1d38bf3:192.168.157.241:43132, 888503fb-f734-4c7c-9b82-330fcea6e78c:192.168.157.241:40944], old=null
2019-07-16 14:16:37,745 INFO  impl.LeaderElection (LogUtils.java:infoOrTrace(149)) -   Exception 0: {}
java.util.concurrent.ExecutionException: org.apache.ratis.thirdparty.io.grpc.StatusRuntimeException: UNAVAILABLE: io exception
	at java.util.concurrent.FutureTask.report(FutureTask.java:122)
	at java.util.concurrent.FutureTask.get(FutureTask.java:192)
	at org.apache.ratis.server.impl.LeaderElection.waitForResults(LeaderElection.java:262)
	at org.apache.ratis.server.impl.LeaderElection.askForVotes(LeaderElection.java:200)
	at org.apache.ratis.server.impl.LeaderElection.run(LeaderElection.java:130)
	at java.lang.Thread.run(Thread.java:748)
Caused by: org.apache.ratis.thirdparty.io.grpc.StatusRuntimeException: UNAVAILABLE: io exception
	at org.apache.ratis.thirdparty.io.grpc.stub.ClientCalls.toStatusRuntimeException(ClientCalls.java:233)
	at org.apache.ratis.thirdparty.io.grpc.stub.ClientCalls.getUnchecked(ClientCalls.java:214)
	at org.apache.ratis.thirdparty.io.grpc.stub.ClientCalls.blockingUnaryCall(ClientCalls.java:139)
	at org.apache.ratis.proto.grpc.RaftServerProtocolServiceGrpc$RaftServerProtocolServiceBlockingStub.requestVote(RaftServerProtocolServiceGrpc.java:265)
	at org.apache.ratis.grpc.server.GrpcServerProtocolClient.requestVote(GrpcServerProtocolClient.java:83)
	at org.apache.ratis.grpc.server.GrpcService.requestVote(GrpcService.java:195)
	at org.apache.ratis.server.impl.LeaderElection.lambda$submitRequests$1(LeaderElection.java:237)
	at java.util.concurrent.FutureTask.run(FutureTask.java:266)
	at java.util.concurrent.Executors$RunnableAdapter.call(Executors.java:511)
	at java.util.concurrent.FutureTask.run(FutureTask.java:266)
	at java.util.concurrent.ThreadPoolExecutor.runWorker(ThreadPoolExecutor.java:1149)
	at java.util.concurrent.ThreadPoolExecutor$Worker.run(ThreadPoolExecutor.java:624)
	... 1 more
Caused by: org.apache.ratis.thirdparty.io.netty.channel.AbstractChannel$AnnotatedConnectException: Connection refused: /192.168.157.241:40944
	at sun.nio.ch.SocketChannelImpl.checkConnect(Native Method)
	at sun.nio.ch.SocketChannelImpl.finishConnect(SocketChannelImpl.java:717)
	at org.apache.ratis.thirdparty.io.netty.channel.socket.nio.NioSocketChannel.doFinishConnect(NioSocketChannel.java:327)
	at org.apache.ratis.thirdparty.io.netty.channel.nio.AbstractNioChannel$AbstractNioUnsafe.finishConnect(AbstractNioChannel.java:340)
	at org.apache.ratis.thirdparty.io.netty.channel.nio.NioEventLoop.processSelectedKey(NioEventLoop.java:632)
	at org.apache.ratis.thirdparty.io.netty.channel.nio.NioEventLoop.processSelectedKeysOptimized(NioEventLoop.java:579)
	at org.apache.ratis.thirdparty.io.netty.channel.nio.NioEventLoop.processSelectedKeys(NioEventLoop.java:496)
	at org.apache.ratis.thirdparty.io.netty.channel.nio.NioEventLoop.run(NioEventLoop.java:458)
	at org.apache.ratis.thirdparty.io.netty.util.concurrent.SingleThreadEventExecutor$5.run(SingleThreadEventExecutor.java:897)
	at org.apache.ratis.thirdparty.io.netty.util.concurrent.FastThreadLocalRunnable.run(FastThreadLocalRunnable.java:30)
	... 1 more
Caused by: java.net.ConnectException: Connection refused
	... 11 more
2019-07-16 14:16:37,745 INFO  impl.RaftServerImpl (RaftServerImpl.java:setRole(171)) - 5e1f60d6-eb7d-4cb0-856a-7059979ee06b:group-10F3E4DA1DEE changes role from CANDIDATE to FOLLOWER at term 3 for DISCOVERED_A_NEW_TERM
2019-07-16 14:16:37,745 INFO  impl.RoleInfo (RoleInfo.java:shutdownLeaderElection(134)) - 5e1f60d6-eb7d-4cb0-856a-7059979ee06b: shutdown LeaderElection
2019-07-16 14:16:37,745 INFO  impl.RoleInfo (RoleInfo.java:updateAndGet(143)) - 5e1f60d6-eb7d-4cb0-856a-7059979ee06b: start FollowerState
2019-07-16 14:16:37,746 INFO  impl.LeaderElection (LeaderElection.java:logAndReturn(56)) - ce30a503-6e02-452f-ba1f-f207c1d38bf3:group-10F3E4DA1DEE:LeaderElection71: Election REJECTED; received 1 response(s) [ce30a503-6e02-452f-ba1f-f207c1d38bf3<-5e1f60d6-eb7d-4cb0-856a-7059979ee06b#0:FAIL-t3] and 1 exception(s); ce30a503-6e02-452f-ba1f-f207c1d38bf3:t3, leader=null, voted=ce30a503-6e02-452f-ba1f-f207c1d38bf3, raftlog=ce30a503-6e02-452f-ba1f-f207c1d38bf3-SegmentedRaftLog:OPENED:c2,f2,i2, conf=0: [5e1f60d6-eb7d-4cb0-856a-7059979ee06b:192.168.157.241:45673, ce30a503-6e02-452f-ba1f-f207c1d38bf3:192.168.157.241:43132, 888503fb-f734-4c7c-9b82-330fcea6e78c:192.168.157.241:40944], old=null
2019-07-16 14:16:37,746 INFO  impl.LeaderElection (LogUtils.java:infoOrTrace(149)) -   Exception 0: {}
java.util.concurrent.ExecutionException: org.apache.ratis.thirdparty.io.grpc.StatusRuntimeException: UNAVAILABLE: io exception
	at java.util.concurrent.FutureTask.report(FutureTask.java:122)
	at java.util.concurrent.FutureTask.get(FutureTask.java:192)
	at org.apache.ratis.server.impl.LeaderElection.waitForResults(LeaderElection.java:262)
	at org.apache.ratis.server.impl.LeaderElection.askForVotes(LeaderElection.java:200)
	at org.apache.ratis.server.impl.LeaderElection.run(LeaderElection.java:130)
	at java.lang.Thread.run(Thread.java:748)
Caused by: org.apache.ratis.thirdparty.io.grpc.StatusRuntimeException: UNAVAILABLE: io exception
	at org.apache.ratis.thirdparty.io.grpc.stub.ClientCalls.toStatusRuntimeException(ClientCalls.java:233)
	at org.apache.ratis.thirdparty.io.grpc.stub.ClientCalls.getUnchecked(ClientCalls.java:214)
	at org.apache.ratis.thirdparty.io.grpc.stub.ClientCalls.blockingUnaryCall(ClientCalls.java:139)
	at org.apache.ratis.proto.grpc.RaftServerProtocolServiceGrpc$RaftServerProtocolServiceBlockingStub.requestVote(RaftServerProtocolServiceGrpc.java:265)
	at org.apache.ratis.grpc.server.GrpcServerProtocolClient.requestVote(GrpcServerProtocolClient.java:83)
	at org.apache.ratis.grpc.server.GrpcService.requestVote(GrpcService.java:195)
	at org.apache.ratis.server.impl.LeaderElection.lambda$submitRequests$1(LeaderElection.java:237)
	at java.util.concurrent.FutureTask.run(FutureTask.java:266)
	at java.util.concurrent.Executors$RunnableAdapter.call(Executors.java:511)
	at java.util.concurrent.FutureTask.run(FutureTask.java:266)
	at java.util.concurrent.ThreadPoolExecutor.runWorker(ThreadPoolExecutor.java:1149)
	at java.util.concurrent.ThreadPoolExecutor$Worker.run(ThreadPoolExecutor.java:624)
	... 1 more
Caused by: org.apache.ratis.thirdparty.io.netty.channel.AbstractChannel$AnnotatedConnectException: Connection refused: /192.168.157.241:40944
	at sun.nio.ch.SocketChannelImpl.checkConnect(Native Method)
	at sun.nio.ch.SocketChannelImpl.finishConnect(SocketChannelImpl.java:717)
	at org.apache.ratis.thirdparty.io.netty.channel.socket.nio.NioSocketChannel.doFinishConnect(NioSocketChannel.java:327)
	at org.apache.ratis.thirdparty.io.netty.channel.nio.AbstractNioChannel$AbstractNioUnsafe.finishConnect(AbstractNioChannel.java:340)
	at org.apache.ratis.thirdparty.io.netty.channel.nio.NioEventLoop.processSelectedKey(NioEventLoop.java:632)
	at org.apache.ratis.thirdparty.io.netty.channel.nio.NioEventLoop.processSelectedKeysOptimized(NioEventLoop.java:579)
	at org.apache.ratis.thirdparty.io.netty.channel.nio.NioEventLoop.processSelectedKeys(NioEventLoop.java:496)
	at org.apache.ratis.thirdparty.io.netty.channel.nio.NioEventLoop.run(NioEventLoop.java:458)
	at org.apache.ratis.thirdparty.io.netty.util.concurrent.SingleThreadEventExecutor$5.run(SingleThreadEventExecutor.java:897)
	at org.apache.ratis.thirdparty.io.netty.util.concurrent.FastThreadLocalRunnable.run(FastThreadLocalRunnable.java:30)
	... 1 more
Caused by: java.net.ConnectException: Connection refused
	... 11 more
2019-07-16 14:16:37,746 INFO  impl.RaftServerImpl (RaftServerImpl.java:setRole(171)) - ce30a503-6e02-452f-ba1f-f207c1d38bf3:group-10F3E4DA1DEE changes role from CANDIDATE to FOLLOWER at term 3 for DISCOVERED_A_NEW_TERM
2019-07-16 14:16:37,746 INFO  impl.RoleInfo (RoleInfo.java:shutdownLeaderElection(134)) - ce30a503-6e02-452f-ba1f-f207c1d38bf3: shutdown LeaderElection
2019-07-16 14:16:37,746 INFO  impl.RoleInfo (RoleInfo.java:updateAndGet(143)) - ce30a503-6e02-452f-ba1f-f207c1d38bf3: start FollowerState
2019-07-16 14:16:37,906 INFO  client.GrpcClientProtocolClient (GrpcClientProtocolClient.java:onNext(255)) - client-868023343724->5aec6828-7fd7-4b3d-9950-432cca815840: receive RaftClientReply:client-868023343724->5aec6828-7fd7-4b3d-9950-432cca815840@group-E850DD97F5A4, cid=106, FAILED org.apache.ratis.protocol.NotLeaderException: Server 5aec6828-7fd7-4b3d-9950-432cca815840 is not the leader (null). Request must be sent to leader., logIndex=0, commits[5aec6828-7fd7-4b3d-9950-432cca815840:c-1]
2019-07-16 14:16:38,969 INFO  client.GrpcClientProtocolClient (GrpcClientProtocolClient.java:onNext(255)) - client-868023343724->049f148e-af82-4869-8aa2-38d85904541d: receive RaftClientReply:client-868023343724->049f148e-af82-4869-8aa2-38d85904541d@group-E850DD97F5A4, cid=106, FAILED org.apache.ratis.protocol.NotLeaderException: Server 049f148e-af82-4869-8aa2-38d85904541d is not the leader (null). Request must be sent to leader., logIndex=0, commits[049f148e-af82-4869-8aa2-38d85904541d:c-1]
2019-07-16 14:16:39,232 INFO  impl.FollowerState (FollowerState.java:run(106)) - 5aec6828-7fd7-4b3d-9950-432cca815840:group-CDEC99EFC2C5 changes to CANDIDATE, lastRpcTime:5151, electionTimeout:5151ms
2019-07-16 14:16:39,232 INFO  impl.RoleInfo (RoleInfo.java:shutdownFollowerState(121)) - 5aec6828-7fd7-4b3d-9950-432cca815840: shutdown FollowerState
2019-07-16 14:16:39,232 INFO  impl.RaftServerImpl (RaftServerImpl.java:setRole(171)) - 5aec6828-7fd7-4b3d-9950-432cca815840:group-CDEC99EFC2C5 changes role from FOLLOWER to CANDIDATE at term 0 for changeToCandidate
2019-07-16 14:16:39,232 INFO  impl.RoleInfo (RoleInfo.java:updateAndGet(143)) - 5aec6828-7fd7-4b3d-9950-432cca815840: start LeaderElection
2019-07-16 14:16:39,266 INFO  impl.LeaderElection (LeaderElection.java:askForVotes(181)) - 5aec6828-7fd7-4b3d-9950-432cca815840:group-CDEC99EFC2C5:LeaderElection72: begin an election at term 1 for -1: [5aec6828-7fd7-4b3d-9950-432cca815840:192.168.157.241:35096], old=null
2019-07-16 14:16:39,266 INFO  impl.RoleInfo (RoleInfo.java:shutdownLeaderElection(134)) - 5aec6828-7fd7-4b3d-9950-432cca815840: shutdown LeaderElection
2019-07-16 14:16:39,267 INFO  impl.RaftServerImpl (RaftServerImpl.java:setRole(171)) - 5aec6828-7fd7-4b3d-9950-432cca815840:group-CDEC99EFC2C5 changes role from CANDIDATE to LEADER at term 1 for changeToLeader
2019-07-16 14:16:39,267 INFO  impl.RaftServerImpl (ServerState.java:setLeader(263)) - 5aec6828-7fd7-4b3d-9950-432cca815840:group-CDEC99EFC2C5 change Leader from null to 5aec6828-7fd7-4b3d-9950-432cca815840 at term 1 for becomeLeader, leader elected after 5191ms
2019-07-16 14:16:39,267 INFO  server.RaftServerConfigKeys (ConfUtils.java:logGet(43)) - raft.server.staging.catchup.gap = 1000 (default)
2019-07-16 14:16:39,267 INFO  server.RaftServerConfigKeys (ConfUtils.java:logGet(43)) - raft.server.rpc.sleep.time = 25ms (default)
2019-07-16 14:16:39,267 INFO  server.RaftServerConfigKeys (ConfUtils.java:logGet(43)) - raft.server.write.element-limit = 4096 (default)
2019-07-16 14:16:39,267 INFO  server.RaftServerConfigKeys (ConfUtils.java:logGet(43)) - raft.server.watch.timeout = 10s (default)
2019-07-16 14:16:39,268 INFO  server.RaftServerConfigKeys (ConfUtils.java:logGet(43)) - raft.server.watch.timeout.denomination = 1s (default)
2019-07-16 14:16:39,268 INFO  server.RaftServerConfigKeys (ConfUtils.java:logGet(43)) - raft.server.watch.element-limit = 65536 (default)
2019-07-16 14:16:39,268 INFO  impl.RoleInfo (RoleInfo.java:updateAndGet(143)) - 5aec6828-7fd7-4b3d-9950-432cca815840: start LeaderState
2019-07-16 14:16:39,268 INFO  segmented.SegmentedRaftLogWorker (SegmentedRaftLogWorker.java:startLogSegment(380)) - 5aec6828-7fd7-4b3d-9950-432cca815840-SegmentedRaftLogWorker:Storage Directory /workdir/hadoop-ozone/integration-test/target/test-dir/MiniOzoneClusterImpl-37f78516-dec8-4d76-a963-cc39a819b7b4/datanode-0/data/ratis/107b22ac-6250-4554-9571-cdec99efc2c5: Starting segment from index:0
2019-07-16 14:16:39,269 INFO  impl.RaftServerImpl (ServerState.java:setRaftConf(361)) - 5aec6828-7fd7-4b3d-9950-432cca815840:group-CDEC99EFC2C5 set configuration 0: [5aec6828-7fd7-4b3d-9950-432cca815840:192.168.157.241:35096], old=null at 0
2019-07-16 14:16:39,300 INFO  segmented.SegmentedRaftLogWorker (SegmentedRaftLogWorker.java:execute(569)) - 5aec6828-7fd7-4b3d-9950-432cca815840-SegmentedRaftLogWorker:Storage Directory /workdir/hadoop-ozone/integration-test/target/test-dir/MiniOzoneClusterImpl-37f78516-dec8-4d76-a963-cc39a819b7b4/datanode-0/data/ratis/107b22ac-6250-4554-9571-cdec99efc2c5: created new log segment /workdir/hadoop-ozone/integration-test/target/test-dir/MiniOzoneClusterImpl-37f78516-dec8-4d76-a963-cc39a819b7b4/datanode-0/data/ratis/107b22ac-6250-4554-9571-cdec99efc2c5/current/log_inprogress_0
2019-07-16 14:16:39,367 INFO  impl.FollowerState (FollowerState.java:run(106)) - 049f148e-af82-4869-8aa2-38d85904541d:group-AF9253DB079F changes to CANDIDATE, lastRpcTime:5093, electionTimeout:5093ms
2019-07-16 14:16:39,367 INFO  impl.RoleInfo (RoleInfo.java:shutdownFollowerState(121)) - 049f148e-af82-4869-8aa2-38d85904541d: shutdown FollowerState
2019-07-16 14:16:39,368 INFO  impl.RaftServerImpl (RaftServerImpl.java:setRole(171)) - 049f148e-af82-4869-8aa2-38d85904541d:group-AF9253DB079F changes role from FOLLOWER to CANDIDATE at term 0 for changeToCandidate
2019-07-16 14:16:39,368 INFO  impl.RoleInfo (RoleInfo.java:updateAndGet(143)) - 049f148e-af82-4869-8aa2-38d85904541d: start LeaderElection
2019-07-16 14:16:39,404 INFO  impl.LeaderElection (LeaderElection.java:askForVotes(181)) - 049f148e-af82-4869-8aa2-38d85904541d:group-AF9253DB079F:LeaderElection73: begin an election at term 1 for -1: [049f148e-af82-4869-8aa2-38d85904541d:192.168.157.241:44346], old=null
2019-07-16 14:16:39,404 INFO  impl.RoleInfo (RoleInfo.java:shutdownLeaderElection(134)) - 049f148e-af82-4869-8aa2-38d85904541d: shutdown LeaderElection
2019-07-16 14:16:39,405 INFO  impl.RaftServerImpl (RaftServerImpl.java:setRole(171)) - 049f148e-af82-4869-8aa2-38d85904541d:group-AF9253DB079F changes role from CANDIDATE to LEADER at term 1 for changeToLeader
2019-07-16 14:16:39,405 INFO  impl.RaftServerImpl (ServerState.java:setLeader(263)) - 049f148e-af82-4869-8aa2-38d85904541d:group-AF9253DB079F change Leader from null to 049f148e-af82-4869-8aa2-38d85904541d at term 1 for becomeLeader, leader elected after 5135ms
2019-07-16 14:16:39,405 INFO  server.RaftServerConfigKeys (ConfUtils.java:logGet(43)) - raft.server.staging.catchup.gap = 1000 (default)
2019-07-16 14:16:39,405 INFO  server.RaftServerConfigKeys (ConfUtils.java:logGet(43)) - raft.server.rpc.sleep.time = 25ms (default)
2019-07-16 14:16:39,405 INFO  server.RaftServerConfigKeys (ConfUtils.java:logGet(43)) - raft.server.write.element-limit = 4096 (default)
2019-07-16 14:16:39,405 INFO  server.RaftServerConfigKeys (ConfUtils.java:logGet(43)) - raft.server.watch.timeout = 10s (default)
2019-07-16 14:16:39,405 INFO  server.RaftServerConfigKeys (ConfUtils.java:logGet(43)) - raft.server.watch.timeout.denomination = 1s (default)
2019-07-16 14:16:39,406 INFO  server.RaftServerConfigKeys (ConfUtils.java:logGet(43)) - raft.server.watch.element-limit = 65536 (default)
2019-07-16 14:16:39,406 INFO  impl.RoleInfo (RoleInfo.java:updateAndGet(143)) - 049f148e-af82-4869-8aa2-38d85904541d: start LeaderState
2019-07-16 14:16:39,406 INFO  segmented.SegmentedRaftLogWorker (SegmentedRaftLogWorker.java:startLogSegment(380)) - 049f148e-af82-4869-8aa2-38d85904541d-SegmentedRaftLogWorker:Storage Directory /workdir/hadoop-ozone/integration-test/target/test-dir/MiniOzoneClusterImpl-37f78516-dec8-4d76-a963-cc39a819b7b4/datanode-1/data/ratis/bc157049-849f-4523-ab98-af9253db079f: Starting segment from index:0
2019-07-16 14:16:39,407 INFO  impl.RaftServerImpl (ServerState.java:setRaftConf(361)) - 049f148e-af82-4869-8aa2-38d85904541d:group-AF9253DB079F set configuration 0: [049f148e-af82-4869-8aa2-38d85904541d:192.168.157.241:44346], old=null at 0
2019-07-16 14:16:39,436 INFO  segmented.SegmentedRaftLogWorker (SegmentedRaftLogWorker.java:execute(569)) - 049f148e-af82-4869-8aa2-38d85904541d-SegmentedRaftLogWorker:Storage Directory /workdir/hadoop-ozone/integration-test/target/test-dir/MiniOzoneClusterImpl-37f78516-dec8-4d76-a963-cc39a819b7b4/datanode-1/data/ratis/bc157049-849f-4523-ab98-af9253db079f: created new log segment /workdir/hadoop-ozone/integration-test/target/test-dir/MiniOzoneClusterImpl-37f78516-dec8-4d76-a963-cc39a819b7b4/datanode-1/data/ratis/bc157049-849f-4523-ab98-af9253db079f/current/log_inprogress_0
2019-07-16 14:16:39,562 INFO  impl.FollowerState (FollowerState.java:run(106)) - 3bc0dc73-ee24-442f-a273-febd66e2e7d9:group-39341BF3BFA8 changes to CANDIDATE, lastRpcTime:5023, electionTimeout:5023ms
2019-07-16 14:16:39,562 INFO  impl.RoleInfo (RoleInfo.java:shutdownFollowerState(121)) - 3bc0dc73-ee24-442f-a273-febd66e2e7d9: shutdown FollowerState
2019-07-16 14:16:39,563 INFO  impl.RaftServerImpl (RaftServerImpl.java:setRole(171)) - 3bc0dc73-ee24-442f-a273-febd66e2e7d9:group-39341BF3BFA8 changes role from FOLLOWER to CANDIDATE at term 0 for changeToCandidate
2019-07-16 14:16:39,563 INFO  impl.RoleInfo (RoleInfo.java:updateAndGet(143)) - 3bc0dc73-ee24-442f-a273-febd66e2e7d9: start LeaderElection
2019-07-16 14:16:39,600 INFO  impl.LeaderElection (LeaderElection.java:askForVotes(181)) - 3bc0dc73-ee24-442f-a273-febd66e2e7d9:group-39341BF3BFA8:LeaderElection74: begin an election at term 1 for -1: [3bc0dc73-ee24-442f-a273-febd66e2e7d9:192.168.157.241:38761], old=null
2019-07-16 14:16:39,600 INFO  impl.RoleInfo (RoleInfo.java:shutdownLeaderElection(134)) - 3bc0dc73-ee24-442f-a273-febd66e2e7d9: shutdown LeaderElection
2019-07-16 14:16:39,600 INFO  impl.RaftServerImpl (RaftServerImpl.java:setRole(171)) - 3bc0dc73-ee24-442f-a273-febd66e2e7d9:group-39341BF3BFA8 changes role from CANDIDATE to LEADER at term 1 for changeToLeader
2019-07-16 14:16:39,600 INFO  impl.RaftServerImpl (ServerState.java:setLeader(263)) - 3bc0dc73-ee24-442f-a273-febd66e2e7d9:group-39341BF3BFA8 change Leader from null to 3bc0dc73-ee24-442f-a273-febd66e2e7d9 at term 1 for becomeLeader, leader elected after 5065ms
2019-07-16 14:16:39,600 INFO  server.RaftServerConfigKeys (ConfUtils.java:logGet(43)) - raft.server.staging.catchup.gap = 1000 (default)
2019-07-16 14:16:39,601 INFO  server.RaftServerConfigKeys (ConfUtils.java:logGet(43)) - raft.server.rpc.sleep.time = 25ms (default)
2019-07-16 14:16:39,601 INFO  server.RaftServerConfigKeys (ConfUtils.java:logGet(43)) - raft.server.write.element-limit = 4096 (default)
2019-07-16 14:16:39,601 INFO  server.RaftServerConfigKeys (ConfUtils.java:logGet(43)) - raft.server.watch.timeout = 10s (default)
2019-07-16 14:16:39,601 INFO  server.RaftServerConfigKeys (ConfUtils.java:logGet(43)) - raft.server.watch.timeout.denomination = 1s (default)
2019-07-16 14:16:39,601 INFO  server.RaftServerConfigKeys (ConfUtils.java:logGet(43)) - raft.server.watch.element-limit = 65536 (default)
2019-07-16 14:16:39,601 INFO  impl.RoleInfo (RoleInfo.java:updateAndGet(143)) - 3bc0dc73-ee24-442f-a273-febd66e2e7d9: start LeaderState
2019-07-16 14:16:39,602 INFO  segmented.SegmentedRaftLogWorker (SegmentedRaftLogWorker.java:startLogSegment(380)) - 3bc0dc73-ee24-442f-a273-febd66e2e7d9-SegmentedRaftLogWorker:Storage Directory /workdir/hadoop-ozone/integration-test/target/test-dir/MiniOzoneClusterImpl-37f78516-dec8-4d76-a963-cc39a819b7b4/datanode-2/data/ratis/b570f1a8-ddf1-4cfc-ba12-39341bf3bfa8: Starting segment from index:0
2019-07-16 14:16:39,602 INFO  impl.RaftServerImpl (ServerState.java:setRaftConf(361)) - 3bc0dc73-ee24-442f-a273-febd66e2e7d9:group-39341BF3BFA8 set configuration 0: [3bc0dc73-ee24-442f-a273-febd66e2e7d9:192.168.157.241:38761], old=null at 0
2019-07-16 14:16:39,634 INFO  segmented.SegmentedRaftLogWorker (SegmentedRaftLogWorker.java:execute(569)) - 3bc0dc73-ee24-442f-a273-febd66e2e7d9-SegmentedRaftLogWorker:Storage Directory /workdir/hadoop-ozone/integration-test/target/test-dir/MiniOzoneClusterImpl-37f78516-dec8-4d76-a963-cc39a819b7b4/datanode-2/data/ratis/b570f1a8-ddf1-4cfc-ba12-39341bf3bfa8: created new log segment /workdir/hadoop-ozone/integration-test/target/test-dir/MiniOzoneClusterImpl-37f78516-dec8-4d76-a963-cc39a819b7b4/datanode-2/data/ratis/b570f1a8-ddf1-4cfc-ba12-39341bf3bfa8/current/log_inprogress_0
2019-07-16 14:16:39,747 INFO  impl.FollowerState (FollowerState.java:run(106)) - 5aec6828-7fd7-4b3d-9950-432cca815840:group-E850DD97F5A4 changes to CANDIDATE, lastRpcTime:5120, electionTimeout:5120ms
2019-07-16 14:16:39,748 INFO  impl.RoleInfo (RoleInfo.java:shutdownFollowerState(121)) - 5aec6828-7fd7-4b3d-9950-432cca815840: shutdown FollowerState
2019-07-16 14:16:39,748 INFO  impl.RaftServerImpl (RaftServerImpl.java:setRole(171)) - 5aec6828-7fd7-4b3d-9950-432cca815840:group-E850DD97F5A4 changes role from FOLLOWER to CANDIDATE at term 0 for changeToCandidate
2019-07-16 14:16:39,748 INFO  impl.RoleInfo (RoleInfo.java:updateAndGet(143)) - 5aec6828-7fd7-4b3d-9950-432cca815840: start LeaderElection
2019-07-16 14:16:39,761 INFO  impl.FollowerState (FollowerState.java:run(106)) - 3bc0dc73-ee24-442f-a273-febd66e2e7d9:group-E850DD97F5A4 changes to CANDIDATE, lastRpcTime:5139, electionTimeout:5139ms
2019-07-16 14:16:39,762 INFO  impl.RoleInfo (RoleInfo.java:shutdownFollowerState(121)) - 3bc0dc73-ee24-442f-a273-febd66e2e7d9: shutdown FollowerState
2019-07-16 14:16:39,762 INFO  impl.RaftServerImpl (RaftServerImpl.java:setRole(171)) - 3bc0dc73-ee24-442f-a273-febd66e2e7d9:group-E850DD97F5A4 changes role from FOLLOWER to CANDIDATE at term 0 for changeToCandidate
2019-07-16 14:16:39,762 INFO  impl.RoleInfo (RoleInfo.java:updateAndGet(143)) - 3bc0dc73-ee24-442f-a273-febd66e2e7d9: start LeaderElection
2019-07-16 14:16:39,766 INFO  impl.FollowerState (FollowerState.java:run(106)) - 049f148e-af82-4869-8aa2-38d85904541d:group-E850DD97F5A4 changes to CANDIDATE, lastRpcTime:5140, electionTimeout:5139ms
2019-07-16 14:16:39,766 INFO  impl.RoleInfo (RoleInfo.java:shutdownFollowerState(121)) - 049f148e-af82-4869-8aa2-38d85904541d: shutdown FollowerState
2019-07-16 14:16:39,774 INFO  impl.RaftServerImpl (RaftServerImpl.java:setRole(171)) - 049f148e-af82-4869-8aa2-38d85904541d:group-E850DD97F5A4 changes role from FOLLOWER to CANDIDATE at term 0 for changeToCandidate
2019-07-16 14:16:39,774 INFO  impl.RoleInfo (RoleInfo.java:updateAndGet(143)) - 049f148e-af82-4869-8aa2-38d85904541d: start LeaderElection
2019-07-16 14:16:39,791 INFO  impl.LeaderElection (LeaderElection.java:askForVotes(181)) - 3bc0dc73-ee24-442f-a273-febd66e2e7d9:group-E850DD97F5A4:LeaderElection76: begin an election at term 1 for -1: [049f148e-af82-4869-8aa2-38d85904541d:192.168.157.241:44346, 3bc0dc73-ee24-442f-a273-febd66e2e7d9:192.168.157.241:38761, 5aec6828-7fd7-4b3d-9950-432cca815840:192.168.157.241:35096], old=null
2019-07-16 14:16:39,791 INFO  impl.LeaderElection (LeaderElection.java:askForVotes(181)) - 049f148e-af82-4869-8aa2-38d85904541d:group-E850DD97F5A4:LeaderElection77: begin an election at term 1 for -1: [049f148e-af82-4869-8aa2-38d85904541d:192.168.157.241:44346, 3bc0dc73-ee24-442f-a273-febd66e2e7d9:192.168.157.241:38761, 5aec6828-7fd7-4b3d-9950-432cca815840:192.168.157.241:35096], old=null
2019-07-16 14:16:39,791 INFO  impl.LeaderElection (LeaderElection.java:askForVotes(181)) - 5aec6828-7fd7-4b3d-9950-432cca815840:group-E850DD97F5A4:LeaderElection75: begin an election at term 1 for -1: [049f148e-af82-4869-8aa2-38d85904541d:192.168.157.241:44346, 3bc0dc73-ee24-442f-a273-febd66e2e7d9:192.168.157.241:38761, 5aec6828-7fd7-4b3d-9950-432cca815840:192.168.157.241:35096], old=null
2019-07-16 14:16:39,796 INFO  impl.LeaderElection (LeaderElection.java:logAndReturn(56)) - 3bc0dc73-ee24-442f-a273-febd66e2e7d9:group-E850DD97F5A4:LeaderElection76: Election REJECTED; received 2 response(s) [3bc0dc73-ee24-442f-a273-febd66e2e7d9<-049f148e-af82-4869-8aa2-38d85904541d#0:FAIL-t1, 3bc0dc73-ee24-442f-a273-febd66e2e7d9<-5aec6828-7fd7-4b3d-9950-432cca815840#0:FAIL-t1] and 0 exception(s); 3bc0dc73-ee24-442f-a273-febd66e2e7d9:t1, leader=null, voted=3bc0dc73-ee24-442f-a273-febd66e2e7d9, raftlog=3bc0dc73-ee24-442f-a273-febd66e2e7d9-SegmentedRaftLog:OPENED:c-1,f-1,i0, conf=-1: [049f148e-af82-4869-8aa2-38d85904541d:192.168.157.241:44346, 3bc0dc73-ee24-442f-a273-febd66e2e7d9:192.168.157.241:38761, 5aec6828-7fd7-4b3d-9950-432cca815840:192.168.157.241:35096], old=null
2019-07-16 14:16:39,796 INFO  impl.RaftServerImpl (RaftServerImpl.java:setRole(171)) - 3bc0dc73-ee24-442f-a273-febd66e2e7d9:group-E850DD97F5A4 changes role from CANDIDATE to FOLLOWER at term 1 for DISCOVERED_A_NEW_TERM
2019-07-16 14:16:39,796 INFO  impl.RoleInfo (RoleInfo.java:shutdownLeaderElection(134)) - 3bc0dc73-ee24-442f-a273-febd66e2e7d9: shutdown LeaderElection
2019-07-16 14:16:39,797 INFO  impl.RoleInfo (RoleInfo.java:updateAndGet(143)) - 3bc0dc73-ee24-442f-a273-febd66e2e7d9: start FollowerState
2019-07-16 14:16:39,797 INFO  impl.LeaderElection (LeaderElection.java:logAndReturn(56)) - 049f148e-af82-4869-8aa2-38d85904541d:group-E850DD97F5A4:LeaderElection77: Election REJECTED; received 2 response(s) [049f148e-af82-4869-8aa2-38d85904541d<-3bc0dc73-ee24-442f-a273-febd66e2e7d9#0:FAIL-t1, 049f148e-af82-4869-8aa2-38d85904541d<-5aec6828-7fd7-4b3d-9950-432cca815840#0:FAIL-t1] and 0 exception(s); 049f148e-af82-4869-8aa2-38d85904541d:t1, leader=null, voted=049f148e-af82-4869-8aa2-38d85904541d, raftlog=049f148e-af82-4869-8aa2-38d85904541d-SegmentedRaftLog:OPENED:c-1,f-1,i0, conf=-1: [049f148e-af82-4869-8aa2-38d85904541d:192.168.157.241:44346, 3bc0dc73-ee24-442f-a273-febd66e2e7d9:192.168.157.241:38761, 5aec6828-7fd7-4b3d-9950-432cca815840:192.168.157.241:35096], old=null
2019-07-16 14:16:39,797 INFO  impl.LeaderElection (LeaderElection.java:logAndReturn(56)) - 5aec6828-7fd7-4b3d-9950-432cca815840:group-E850DD97F5A4:LeaderElection75: Election REJECTED; received 2 response(s) [5aec6828-7fd7-4b3d-9950-432cca815840<-049f148e-af82-4869-8aa2-38d85904541d#0:FAIL-t1, 5aec6828-7fd7-4b3d-9950-432cca815840<-3bc0dc73-ee24-442f-a273-febd66e2e7d9#0:FAIL-t1] and 0 exception(s); 5aec6828-7fd7-4b3d-9950-432cca815840:t1, leader=null, voted=5aec6828-7fd7-4b3d-9950-432cca815840, raftlog=5aec6828-7fd7-4b3d-9950-432cca815840-SegmentedRaftLog:OPENED:c-1,f-1,i0, conf=-1: [049f148e-af82-4869-8aa2-38d85904541d:192.168.157.241:44346, 3bc0dc73-ee24-442f-a273-febd66e2e7d9:192.168.157.241:38761, 5aec6828-7fd7-4b3d-9950-432cca815840:192.168.157.241:35096], old=null
2019-07-16 14:16:39,797 INFO  impl.RaftServerImpl (RaftServerImpl.java:setRole(171)) - 049f148e-af82-4869-8aa2-38d85904541d:group-E850DD97F5A4 changes role from CANDIDATE to FOLLOWER at term 1 for DISCOVERED_A_NEW_TERM
2019-07-16 14:16:39,797 INFO  impl.RaftServerImpl (RaftServerImpl.java:setRole(171)) - 5aec6828-7fd7-4b3d-9950-432cca815840:group-E850DD97F5A4 changes role from CANDIDATE to FOLLOWER at term 1 for DISCOVERED_A_NEW_TERM
2019-07-16 14:16:39,797 INFO  impl.RoleInfo (RoleInfo.java:shutdownLeaderElection(134)) - 049f148e-af82-4869-8aa2-38d85904541d: shutdown LeaderElection
2019-07-16 14:16:39,797 INFO  impl.RoleInfo (RoleInfo.java:shutdownLeaderElection(134)) - 5aec6828-7fd7-4b3d-9950-432cca815840: shutdown LeaderElection
2019-07-16 14:16:39,797 INFO  impl.RoleInfo (RoleInfo.java:updateAndGet(143)) - 049f148e-af82-4869-8aa2-38d85904541d: start FollowerState
2019-07-16 14:16:39,797 INFO  impl.RoleInfo (RoleInfo.java:updateAndGet(143)) - 5aec6828-7fd7-4b3d-9950-432cca815840: start FollowerState
2019-07-16 14:16:39,925 INFO  impl.FollowerState (FollowerState.java:run(106)) - 496b21f6-dd41-4a5b-8094-660c199c8f53:group-F0C83E8E0C03 changes to CANDIDATE, lastRpcTime:5197, electionTimeout:5197ms
2019-07-16 14:16:39,926 INFO  impl.RoleInfo (RoleInfo.java:shutdownFollowerState(121)) - 496b21f6-dd41-4a5b-8094-660c199c8f53: shutdown FollowerState
2019-07-16 14:16:39,926 INFO  impl.RaftServerImpl (RaftServerImpl.java:setRole(171)) - 496b21f6-dd41-4a5b-8094-660c199c8f53:group-F0C83E8E0C03 changes role from FOLLOWER to CANDIDATE at term 0 for changeToCandidate
2019-07-16 14:16:39,926 INFO  impl.RoleInfo (RoleInfo.java:updateAndGet(143)) - 496b21f6-dd41-4a5b-8094-660c199c8f53: start LeaderElection
2019-07-16 14:16:39,996 INFO  impl.LeaderElection (LeaderElection.java:askForVotes(181)) - 496b21f6-dd41-4a5b-8094-660c199c8f53:group-F0C83E8E0C03:LeaderElection78: begin an election at term 1 for -1: [496b21f6-dd41-4a5b-8094-660c199c8f53:192.168.157.241:43266], old=null
2019-07-16 14:16:39,997 INFO  impl.RoleInfo (RoleInfo.java:shutdownLeaderElection(134)) - 496b21f6-dd41-4a5b-8094-660c199c8f53: shutdown LeaderElection
2019-07-16 14:16:39,997 INFO  impl.RaftServerImpl (RaftServerImpl.java:setRole(171)) - 496b21f6-dd41-4a5b-8094-660c199c8f53:group-F0C83E8E0C03 changes role from CANDIDATE to LEADER at term 1 for changeToLeader
2019-07-16 14:16:39,997 INFO  impl.RaftServerImpl (ServerState.java:setLeader(263)) - 496b21f6-dd41-4a5b-8094-660c199c8f53:group-F0C83E8E0C03 change Leader from null to 496b21f6-dd41-4a5b-8094-660c199c8f53 at term 1 for becomeLeader, leader elected after 5273ms
2019-07-16 14:16:39,997 INFO  server.RaftServerConfigKeys (ConfUtils.java:logGet(43)) - raft.server.staging.catchup.gap = 1000 (default)
2019-07-16 14:16:39,997 INFO  server.RaftServerConfigKeys (ConfUtils.java:logGet(43)) - raft.server.rpc.sleep.time = 25ms (default)
2019-07-16 14:16:39,997 INFO  server.RaftServerConfigKeys (ConfUtils.java:logGet(43)) - raft.server.write.element-limit = 4096 (default)
2019-07-16 14:16:39,997 INFO  server.RaftServerConfigKeys (ConfUtils.java:logGet(43)) - raft.server.watch.timeout = 10s (default)
2019-07-16 14:16:39,997 INFO  client.GrpcClientProtocolClient (GrpcClientProtocolClient.java:onNext(255)) - client-868023343724->5aec6828-7fd7-4b3d-9950-432cca815840: receive RaftClientReply:client-868023343724->5aec6828-7fd7-4b3d-9950-432cca815840@group-E850DD97F5A4, cid=106, FAILED org.apache.ratis.protocol.NotLeaderException: Server 5aec6828-7fd7-4b3d-9950-432cca815840 is not the leader (null). Request must be sent to leader., logIndex=0, commits[5aec6828-7fd7-4b3d-9950-432cca815840:c-1]
2019-07-16 14:16:39,998 INFO  server.RaftServerConfigKeys (ConfUtils.java:logGet(43)) - raft.server.watch.timeout.denomination = 1s (default)
2019-07-16 14:16:40,004 INFO  server.RaftServerConfigKeys (ConfUtils.java:logGet(43)) - raft.server.watch.element-limit = 65536 (default)
2019-07-16 14:16:40,009 INFO  impl.RoleInfo (RoleInfo.java:updateAndGet(143)) - 496b21f6-dd41-4a5b-8094-660c199c8f53: start LeaderState
2019-07-16 14:16:40,015 INFO  segmented.SegmentedRaftLogWorker (SegmentedRaftLogWorker.java:startLogSegment(380)) - 496b21f6-dd41-4a5b-8094-660c199c8f53-SegmentedRaftLogWorker:Storage Directory /workdir/hadoop-ozone/integration-test/target/test-dir/MiniOzoneClusterImpl-37f78516-dec8-4d76-a963-cc39a819b7b4/datanode-3/data/ratis/dae27aa6-ede6-40ef-b7b5-f0c83e8e0c03: Starting segment from index:0
2019-07-16 14:16:40,015 INFO  impl.RaftServerImpl (ServerState.java:setRaftConf(361)) - 496b21f6-dd41-4a5b-8094-660c199c8f53:group-F0C83E8E0C03 set configuration 0: [496b21f6-dd41-4a5b-8094-660c199c8f53:192.168.157.241:43266], old=null at 0
2019-07-16 14:16:40,054 INFO  segmented.SegmentedRaftLogWorker (SegmentedRaftLogWorker.java:execute(569)) - 496b21f6-dd41-4a5b-8094-660c199c8f53-SegmentedRaftLogWorker:Storage Directory /workdir/hadoop-ozone/integration-test/target/test-dir/MiniOzoneClusterImpl-37f78516-dec8-4d76-a963-cc39a819b7b4/datanode-3/data/ratis/dae27aa6-ede6-40ef-b7b5-f0c83e8e0c03: created new log segment /workdir/hadoop-ozone/integration-test/target/test-dir/MiniOzoneClusterImpl-37f78516-dec8-4d76-a963-cc39a819b7b4/datanode-3/data/ratis/dae27aa6-ede6-40ef-b7b5-f0c83e8e0c03/current/log_inprogress_0
2019-07-16 14:16:40,279 INFO  impl.FollowerState (FollowerState.java:run(106)) - cfecc977-93f8-4e60-8920-33a396e93f59:group-25CC2C6CFB98 changes to CANDIDATE, lastRpcTime:5112, electionTimeout:5112ms
2019-07-16 14:16:40,279 INFO  impl.RoleInfo (RoleInfo.java:shutdownFollowerState(121)) - cfecc977-93f8-4e60-8920-33a396e93f59: shutdown FollowerState
2019-07-16 14:16:40,280 INFO  impl.RaftServerImpl (RaftServerImpl.java:setRole(171)) - cfecc977-93f8-4e60-8920-33a396e93f59:group-25CC2C6CFB98 changes role from FOLLOWER to CANDIDATE at term 0 for changeToCandidate
2019-07-16 14:16:40,280 INFO  impl.RoleInfo (RoleInfo.java:updateAndGet(143)) - cfecc977-93f8-4e60-8920-33a396e93f59: start LeaderElection
2019-07-16 14:16:40,309 INFO  impl.LeaderElection (LeaderElection.java:askForVotes(181)) - cfecc977-93f8-4e60-8920-33a396e93f59:group-25CC2C6CFB98:LeaderElection79: begin an election at term 1 for -1: [cfecc977-93f8-4e60-8920-33a396e93f59:192.168.157.241:32812], old=null
2019-07-16 14:16:40,309 INFO  impl.RoleInfo (RoleInfo.java:shutdownLeaderElection(134)) - cfecc977-93f8-4e60-8920-33a396e93f59: shutdown LeaderElection
2019-07-16 14:16:40,309 INFO  impl.RaftServerImpl (RaftServerImpl.java:setRole(171)) - cfecc977-93f8-4e60-8920-33a396e93f59:group-25CC2C6CFB98 changes role from CANDIDATE to LEADER at term 1 for changeToLeader
2019-07-16 14:16:40,309 INFO  impl.RaftServerImpl (ServerState.java:setLeader(263)) - cfecc977-93f8-4e60-8920-33a396e93f59:group-25CC2C6CFB98 change Leader from null to cfecc977-93f8-4e60-8920-33a396e93f59 at term 1 for becomeLeader, leader elected after 5147ms
2019-07-16 14:16:40,309 INFO  server.RaftServerConfigKeys (ConfUtils.java:logGet(43)) - raft.server.staging.catchup.gap = 1000 (default)
2019-07-16 14:16:40,310 INFO  server.RaftServerConfigKeys (ConfUtils.java:logGet(43)) - raft.server.rpc.sleep.time = 25ms (default)
2019-07-16 14:16:40,310 INFO  server.RaftServerConfigKeys (ConfUtils.java:logGet(43)) - raft.server.write.element-limit = 4096 (default)
2019-07-16 14:16:40,310 INFO  server.RaftServerConfigKeys (ConfUtils.java:logGet(43)) - raft.server.watch.timeout = 10s (default)
2019-07-16 14:16:40,310 INFO  server.RaftServerConfigKeys (ConfUtils.java:logGet(43)) - raft.server.watch.timeout.denomination = 1s (default)
2019-07-16 14:16:40,310 INFO  server.RaftServerConfigKeys (ConfUtils.java:logGet(43)) - raft.server.watch.element-limit = 65536 (default)
2019-07-16 14:16:40,311 INFO  impl.RoleInfo (RoleInfo.java:updateAndGet(143)) - cfecc977-93f8-4e60-8920-33a396e93f59: start LeaderState
2019-07-16 14:16:40,311 INFO  segmented.SegmentedRaftLogWorker (SegmentedRaftLogWorker.java:startLogSegment(380)) - cfecc977-93f8-4e60-8920-33a396e93f59-SegmentedRaftLogWorker:Storage Directory /workdir/hadoop-ozone/integration-test/target/test-dir/MiniOzoneClusterImpl-37f78516-dec8-4d76-a963-cc39a819b7b4/datanode-4/data/ratis/9c31eee5-fffd-4c18-864d-25cc2c6cfb98: Starting segment from index:0
2019-07-16 14:16:40,311 INFO  impl.RaftServerImpl (ServerState.java:setRaftConf(361)) - cfecc977-93f8-4e60-8920-33a396e93f59:group-25CC2C6CFB98 set configuration 0: [cfecc977-93f8-4e60-8920-33a396e93f59:192.168.157.241:32812], old=null at 0
2019-07-16 14:16:40,366 INFO  segmented.SegmentedRaftLogWorker (SegmentedRaftLogWorker.java:execute(569)) - cfecc977-93f8-4e60-8920-33a396e93f59-SegmentedRaftLogWorker:Storage Directory /workdir/hadoop-ozone/integration-test/target/test-dir/MiniOzoneClusterImpl-37f78516-dec8-4d76-a963-cc39a819b7b4/datanode-4/data/ratis/9c31eee5-fffd-4c18-864d-25cc2c6cfb98: created new log segment /workdir/hadoop-ozone/integration-test/target/test-dir/MiniOzoneClusterImpl-37f78516-dec8-4d76-a963-cc39a819b7b4/datanode-4/data/ratis/9c31eee5-fffd-4c18-864d-25cc2c6cfb98/current/log_inprogress_0
2019-07-16 14:16:40,555 INFO  impl.FollowerState (FollowerState.java:run(106)) - db26f864-0141-4fb1-ad4a-2bf1fb5ab60c:group-E6FC8A035CED changes to CANDIDATE, lastRpcTime:5051, electionTimeout:5051ms
2019-07-16 14:16:40,555 INFO  impl.RoleInfo (RoleInfo.java:shutdownFollowerState(121)) - db26f864-0141-4fb1-ad4a-2bf1fb5ab60c: shutdown FollowerState
2019-07-16 14:16:40,555 INFO  impl.RaftServerImpl (RaftServerImpl.java:setRole(171)) - db26f864-0141-4fb1-ad4a-2bf1fb5ab60c:group-E6FC8A035CED changes role from FOLLOWER to CANDIDATE at term 0 for changeToCandidate
2019-07-16 14:16:40,555 INFO  impl.RoleInfo (RoleInfo.java:updateAndGet(143)) - db26f864-0141-4fb1-ad4a-2bf1fb5ab60c: start LeaderElection
2019-07-16 14:16:40,581 INFO  impl.LeaderElection (LeaderElection.java:askForVotes(181)) - db26f864-0141-4fb1-ad4a-2bf1fb5ab60c:group-E6FC8A035CED:LeaderElection80: begin an election at term 1 for -1: [db26f864-0141-4fb1-ad4a-2bf1fb5ab60c:192.168.157.241:38348], old=null
2019-07-16 14:16:40,582 INFO  impl.RoleInfo (RoleInfo.java:shutdownLeaderElection(134)) - db26f864-0141-4fb1-ad4a-2bf1fb5ab60c: shutdown LeaderElection
2019-07-16 14:16:40,582 INFO  impl.RaftServerImpl (RaftServerImpl.java:setRole(171)) - db26f864-0141-4fb1-ad4a-2bf1fb5ab60c:group-E6FC8A035CED changes role from CANDIDATE to LEADER at term 1 for changeToLeader
2019-07-16 14:16:40,582 INFO  impl.RaftServerImpl (ServerState.java:setLeader(263)) - db26f864-0141-4fb1-ad4a-2bf1fb5ab60c:group-E6FC8A035CED change Leader from null to db26f864-0141-4fb1-ad4a-2bf1fb5ab60c at term 1 for becomeLeader, leader elected after 5083ms
2019-07-16 14:16:40,582 INFO  server.RaftServerConfigKeys (ConfUtils.java:logGet(43)) - raft.server.staging.catchup.gap = 1000 (default)
2019-07-16 14:16:40,582 INFO  server.RaftServerConfigKeys (ConfUtils.java:logGet(43)) - raft.server.rpc.sleep.time = 25ms (default)
2019-07-16 14:16:40,583 INFO  server.RaftServerConfigKeys (ConfUtils.java:logGet(43)) - raft.server.write.element-limit = 4096 (default)
2019-07-16 14:16:40,583 INFO  server.RaftServerConfigKeys (ConfUtils.java:logGet(43)) - raft.server.watch.timeout = 10s (default)
2019-07-16 14:16:40,583 INFO  server.RaftServerConfigKeys (ConfUtils.java:logGet(43)) - raft.server.watch.timeout.denomination = 1s (default)
2019-07-16 14:16:40,583 INFO  server.RaftServerConfigKeys (ConfUtils.java:logGet(43)) - raft.server.watch.element-limit = 65536 (default)
2019-07-16 14:16:40,583 INFO  impl.RoleInfo (RoleInfo.java:updateAndGet(143)) - db26f864-0141-4fb1-ad4a-2bf1fb5ab60c: start LeaderState
2019-07-16 14:16:40,584 INFO  segmented.SegmentedRaftLogWorker (SegmentedRaftLogWorker.java:startLogSegment(380)) - db26f864-0141-4fb1-ad4a-2bf1fb5ab60c-SegmentedRaftLogWorker:Storage Directory /workdir/hadoop-ozone/integration-test/target/test-dir/MiniOzoneClusterImpl-37f78516-dec8-4d76-a963-cc39a819b7b4/datanode-5/data/ratis/2e6851a6-3b6b-44f5-adc2-e6fc8a035ced: Starting segment from index:0
2019-07-16 14:16:40,584 INFO  impl.RaftServerImpl (ServerState.java:setRaftConf(361)) - db26f864-0141-4fb1-ad4a-2bf1fb5ab60c:group-E6FC8A035CED set configuration 0: [db26f864-0141-4fb1-ad4a-2bf1fb5ab60c:192.168.157.241:38348], old=null at 0
2019-07-16 14:16:40,624 INFO  segmented.SegmentedRaftLogWorker (SegmentedRaftLogWorker.java:execute(569)) - db26f864-0141-4fb1-ad4a-2bf1fb5ab60c-SegmentedRaftLogWorker:Storage Directory /workdir/hadoop-ozone/integration-test/target/test-dir/MiniOzoneClusterImpl-37f78516-dec8-4d76-a963-cc39a819b7b4/datanode-5/data/ratis/2e6851a6-3b6b-44f5-adc2-e6fc8a035ced: created new log segment /workdir/hadoop-ozone/integration-test/target/test-dir/MiniOzoneClusterImpl-37f78516-dec8-4d76-a963-cc39a819b7b4/datanode-5/data/ratis/2e6851a6-3b6b-44f5-adc2-e6fc8a035ced/current/log_inprogress_0
2019-07-16 14:16:40,649 INFO  impl.FollowerState (FollowerState.java:run(106)) - 496b21f6-dd41-4a5b-8094-660c199c8f53:group-8B1327E40CF7 changes to CANDIDATE, lastRpcTime:5054, electionTimeout:5054ms
2019-07-16 14:16:40,650 INFO  impl.RoleInfo (RoleInfo.java:shutdownFollowerState(121)) - 496b21f6-dd41-4a5b-8094-660c199c8f53: shutdown FollowerState
2019-07-16 14:16:40,650 INFO  impl.RaftServerImpl (RaftServerImpl.java:setRole(171)) - 496b21f6-dd41-4a5b-8094-660c199c8f53:group-8B1327E40CF7 changes role from FOLLOWER to CANDIDATE at term 0 for changeToCandidate
2019-07-16 14:16:40,650 INFO  impl.RoleInfo (RoleInfo.java:updateAndGet(143)) - 496b21f6-dd41-4a5b-8094-660c199c8f53: start LeaderElection
2019-07-16 14:16:40,677 INFO  impl.LeaderElection (LeaderElection.java:askForVotes(181)) - 496b21f6-dd41-4a5b-8094-660c199c8f53:group-8B1327E40CF7:LeaderElection81: begin an election at term 1 for -1: [496b21f6-dd41-4a5b-8094-660c199c8f53:192.168.157.241:43266, cfecc977-93f8-4e60-8920-33a396e93f59:192.168.157.241:32812, db26f864-0141-4fb1-ad4a-2bf1fb5ab60c:192.168.157.241:38348], old=null
2019-07-16 14:16:40,682 INFO  impl.RaftServerImpl (RaftServerImpl.java:setRole(171)) - cfecc977-93f8-4e60-8920-33a396e93f59:group-8B1327E40CF7 changes role from FOLLOWER to FOLLOWER at term 1 for recognizeCandidate:496b21f6-dd41-4a5b-8094-660c199c8f53
2019-07-16 14:16:40,683 INFO  impl.RaftServerImpl (RaftServerImpl.java:setRole(171)) - db26f864-0141-4fb1-ad4a-2bf1fb5ab60c:group-8B1327E40CF7 changes role from FOLLOWER to FOLLOWER at term 1 for recognizeCandidate:496b21f6-dd41-4a5b-8094-660c199c8f53
2019-07-16 14:16:40,683 INFO  impl.RoleInfo (RoleInfo.java:shutdownFollowerState(121)) - cfecc977-93f8-4e60-8920-33a396e93f59: shutdown FollowerState
2019-07-16 14:16:40,683 INFO  impl.RoleInfo (RoleInfo.java:shutdownFollowerState(121)) - db26f864-0141-4fb1-ad4a-2bf1fb5ab60c: shutdown FollowerState
2019-07-16 14:16:40,683 INFO  impl.RoleInfo (RoleInfo.java:updateAndGet(143)) - cfecc977-93f8-4e60-8920-33a396e93f59: start FollowerState
2019-07-16 14:16:40,683 INFO  impl.FollowerState (FollowerState.java:run(114)) - db26f864-0141-4fb1-ad4a-2bf1fb5ab60c: FollowerState was interrupted: java.lang.InterruptedException: sleep interrupted
2019-07-16 14:16:40,683 INFO  impl.RoleInfo (RoleInfo.java:updateAndGet(143)) - db26f864-0141-4fb1-ad4a-2bf1fb5ab60c: start FollowerState
2019-07-16 14:16:40,683 INFO  impl.FollowerState (FollowerState.java:run(114)) - cfecc977-93f8-4e60-8920-33a396e93f59: FollowerState was interrupted: java.lang.InterruptedException: sleep interrupted
2019-07-16 14:16:40,711 INFO  impl.LeaderElection (LeaderElection.java:logAndReturn(56)) - 496b21f6-dd41-4a5b-8094-660c199c8f53:group-8B1327E40CF7:LeaderElection81: Election PASSED; received 1 response(s) [496b21f6-dd41-4a5b-8094-660c199c8f53<-db26f864-0141-4fb1-ad4a-2bf1fb5ab60c#0:OK-t1] and 0 exception(s); 496b21f6-dd41-4a5b-8094-660c199c8f53:t1, leader=null, voted=496b21f6-dd41-4a5b-8094-660c199c8f53, raftlog=496b21f6-dd41-4a5b-8094-660c199c8f53-SegmentedRaftLog:OPENED:c-1,f-1,i0, conf=-1: [496b21f6-dd41-4a5b-8094-660c199c8f53:192.168.157.241:43266, cfecc977-93f8-4e60-8920-33a396e93f59:192.168.157.241:32812, db26f864-0141-4fb1-ad4a-2bf1fb5ab60c:192.168.157.241:38348], old=null
2019-07-16 14:16:40,711 INFO  impl.RoleInfo (RoleInfo.java:shutdownLeaderElection(134)) - 496b21f6-dd41-4a5b-8094-660c199c8f53: shutdown LeaderElection
2019-07-16 14:16:40,711 INFO  impl.RaftServerImpl (RaftServerImpl.java:setRole(171)) - 496b21f6-dd41-4a5b-8094-660c199c8f53:group-8B1327E40CF7 changes role from CANDIDATE to LEADER at term 1 for changeToLeader
2019-07-16 14:16:40,711 INFO  impl.RaftServerImpl (ServerState.java:setLeader(263)) - 496b21f6-dd41-4a5b-8094-660c199c8f53:group-8B1327E40CF7 change Leader from null to 496b21f6-dd41-4a5b-8094-660c199c8f53 at term 1 for becomeLeader, leader elected after 5126ms
2019-07-16 14:16:40,712 INFO  server.RaftServerConfigKeys (ConfUtils.java:logGet(43)) - raft.server.staging.catchup.gap = 1000 (default)
2019-07-16 14:16:40,712 INFO  server.RaftServerConfigKeys (ConfUtils.java:logGet(43)) - raft.server.rpc.sleep.time = 25ms (default)
2019-07-16 14:16:40,712 INFO  server.RaftServerConfigKeys (ConfUtils.java:logGet(43)) - raft.server.write.element-limit = 4096 (default)
2019-07-16 14:16:40,712 INFO  server.RaftServerConfigKeys (ConfUtils.java:logGet(43)) - raft.server.watch.timeout = 10s (default)
2019-07-16 14:16:40,712 INFO  server.RaftServerConfigKeys (ConfUtils.java:logGet(43)) - raft.server.watch.timeout.denomination = 1s (default)
2019-07-16 14:16:40,712 INFO  server.RaftServerConfigKeys (ConfUtils.java:logGet(43)) - raft.server.watch.element-limit = 65536 (default)
2019-07-16 14:16:40,713 INFO  server.RaftServerConfigKeys (ConfUtils.java:logGet(43)) - raft.server.log.appender.snapshot.chunk.size.max = 16MB (=16777216) (default)
2019-07-16 14:16:40,713 INFO  server.RaftServerConfigKeys (ConfUtils.java:logGet(43)) - raft.server.log.appender.buffer.byte-limit = 33554432 (custom)
2019-07-16 14:16:40,713 INFO  server.RaftServerConfigKeys (ConfUtils.java:logGet(43)) - raft.server.log.appender.buffer.element-limit = 1 (custom)
2019-07-16 14:16:40,714 INFO  grpc.GrpcConfigKeys$Server (ConfUtils.java:logGet(43)) - raft.grpc.server.leader.outstanding.appends.max = 128 (default)
2019-07-16 14:16:40,714 INFO  server.RaftServerConfigKeys (ConfUtils.java:logGet(43)) - raft.server.rpc.request.timeout = 3000ms (default)
2019-07-16 14:16:40,714 INFO  server.RaftServerConfigKeys (ConfUtils.java:logGet(43)) - raft.server.log.appender.install.snapshot.enabled = false (custom)
2019-07-16 14:16:40,714 INFO  server.RaftServerConfigKeys (ConfUtils.java:logGet(43)) - raft.server.log.appender.snapshot.chunk.size.max = 16MB (=16777216) (default)
2019-07-16 14:16:40,714 INFO  server.RaftServerConfigKeys (ConfUtils.java:logGet(43)) - raft.server.log.appender.buffer.byte-limit = 33554432 (custom)
2019-07-16 14:16:40,714 INFO  server.RaftServerConfigKeys (ConfUtils.java:logGet(43)) - raft.server.log.appender.buffer.element-limit = 1 (custom)
2019-07-16 14:16:40,715 INFO  grpc.GrpcConfigKeys$Server (ConfUtils.java:logGet(43)) - raft.grpc.server.leader.outstanding.appends.max = 128 (default)
2019-07-16 14:16:40,715 INFO  server.RaftServerConfigKeys (ConfUtils.java:logGet(43)) - raft.server.rpc.request.timeout = 3000ms (default)
2019-07-16 14:16:40,715 INFO  server.RaftServerConfigKeys (ConfUtils.java:logGet(43)) - raft.server.log.appender.install.snapshot.enabled = false (custom)
2019-07-16 14:16:40,715 INFO  impl.RoleInfo (RoleInfo.java:updateAndGet(143)) - 496b21f6-dd41-4a5b-8094-660c199c8f53: start LeaderState
2019-07-16 14:16:40,716 INFO  segmented.SegmentedRaftLogWorker (SegmentedRaftLogWorker.java:startLogSegment(380)) - 496b21f6-dd41-4a5b-8094-660c199c8f53-SegmentedRaftLogWorker:Storage Directory /workdir/hadoop-ozone/integration-test/target/test-dir/MiniOzoneClusterImpl-37f78516-dec8-4d76-a963-cc39a819b7b4/datanode-3/data/ratis/48d2dcfc-49b5-4666-885d-8b1327e40cf7: Starting segment from index:0
2019-07-16 14:16:40,717 INFO  impl.RaftServerImpl (ServerState.java:setRaftConf(361)) - 496b21f6-dd41-4a5b-8094-660c199c8f53:group-8B1327E40CF7 set configuration 0: [496b21f6-dd41-4a5b-8094-660c199c8f53:192.168.157.241:43266, cfecc977-93f8-4e60-8920-33a396e93f59:192.168.157.241:32812, db26f864-0141-4fb1-ad4a-2bf1fb5ab60c:192.168.157.241:38348], old=null at 0
2019-07-16 14:16:40,748 INFO  impl.RaftServerImpl (ServerState.java:setLeader(263)) - db26f864-0141-4fb1-ad4a-2bf1fb5ab60c:group-8B1327E40CF7 change Leader from null to 496b21f6-dd41-4a5b-8094-660c199c8f53 at term 1 for appendEntries, leader elected after 5162ms
2019-07-16 14:16:40,748 INFO  impl.RaftServerImpl (ServerState.java:setLeader(263)) - cfecc977-93f8-4e60-8920-33a396e93f59:group-8B1327E40CF7 change Leader from null to 496b21f6-dd41-4a5b-8094-660c199c8f53 at term 1 for appendEntries, leader elected after 5162ms
2019-07-16 14:16:40,757 INFO  segmented.SegmentedRaftLogWorker (SegmentedRaftLogWorker.java:execute(569)) - 496b21f6-dd41-4a5b-8094-660c199c8f53-SegmentedRaftLogWorker:Storage Directory /workdir/hadoop-ozone/integration-test/target/test-dir/MiniOzoneClusterImpl-37f78516-dec8-4d76-a963-cc39a819b7b4/datanode-3/data/ratis/48d2dcfc-49b5-4666-885d-8b1327e40cf7: created new log segment /workdir/hadoop-ozone/integration-test/target/test-dir/MiniOzoneClusterImpl-37f78516-dec8-4d76-a963-cc39a819b7b4/datanode-3/data/ratis/48d2dcfc-49b5-4666-885d-8b1327e40cf7/current/log_inprogress_0
2019-07-16 14:16:40,757 INFO  impl.RaftServerImpl (ServerState.java:setRaftConf(361)) - cfecc977-93f8-4e60-8920-33a396e93f59:group-8B1327E40CF7 set configuration 0: [496b21f6-dd41-4a5b-8094-660c199c8f53:192.168.157.241:43266, cfecc977-93f8-4e60-8920-33a396e93f59:192.168.157.241:32812, db26f864-0141-4fb1-ad4a-2bf1fb5ab60c:192.168.157.241:38348], old=null at 0
2019-07-16 14:16:40,757 INFO  impl.RaftServerImpl (ServerState.java:setRaftConf(361)) - db26f864-0141-4fb1-ad4a-2bf1fb5ab60c:group-8B1327E40CF7 set configuration 0: [496b21f6-dd41-4a5b-8094-660c199c8f53:192.168.157.241:43266, cfecc977-93f8-4e60-8920-33a396e93f59:192.168.157.241:32812, db26f864-0141-4fb1-ad4a-2bf1fb5ab60c:192.168.157.241:38348], old=null at 0
2019-07-16 14:16:40,757 INFO  segmented.SegmentedRaftLogWorker (SegmentedRaftLogWorker.java:startLogSegment(380)) - cfecc977-93f8-4e60-8920-33a396e93f59-SegmentedRaftLogWorker:Storage Directory /workdir/hadoop-ozone/integration-test/target/test-dir/MiniOzoneClusterImpl-37f78516-dec8-4d76-a963-cc39a819b7b4/datanode-4/data/ratis/48d2dcfc-49b5-4666-885d-8b1327e40cf7: Starting segment from index:0
2019-07-16 14:16:40,758 INFO  segmented.SegmentedRaftLogWorker (SegmentedRaftLogWorker.java:startLogSegment(380)) - db26f864-0141-4fb1-ad4a-2bf1fb5ab60c-SegmentedRaftLogWorker:Storage Directory /workdir/hadoop-ozone/integration-test/target/test-dir/MiniOzoneClusterImpl-37f78516-dec8-4d76-a963-cc39a819b7b4/datanode-5/data/ratis/48d2dcfc-49b5-4666-885d-8b1327e40cf7: Starting segment from index:0
2019-07-16 14:16:40,790 INFO  segmented.SegmentedRaftLogWorker (SegmentedRaftLogWorker.java:execute(569)) - cfecc977-93f8-4e60-8920-33a396e93f59-SegmentedRaftLogWorker:Storage Directory /workdir/hadoop-ozone/integration-test/target/test-dir/MiniOzoneClusterImpl-37f78516-dec8-4d76-a963-cc39a819b7b4/datanode-4/data/ratis/48d2dcfc-49b5-4666-885d-8b1327e40cf7: created new log segment /workdir/hadoop-ozone/integration-test/target/test-dir/MiniOzoneClusterImpl-37f78516-dec8-4d76-a963-cc39a819b7b4/datanode-4/data/ratis/48d2dcfc-49b5-4666-885d-8b1327e40cf7/current/log_inprogress_0
2019-07-16 14:16:40,790 INFO  segmented.SegmentedRaftLogWorker (SegmentedRaftLogWorker.java:execute(569)) - db26f864-0141-4fb1-ad4a-2bf1fb5ab60c-SegmentedRaftLogWorker:Storage Directory /workdir/hadoop-ozone/integration-test/target/test-dir/MiniOzoneClusterImpl-37f78516-dec8-4d76-a963-cc39a819b7b4/datanode-5/data/ratis/48d2dcfc-49b5-4666-885d-8b1327e40cf7: created new log segment /workdir/hadoop-ozone/integration-test/target/test-dir/MiniOzoneClusterImpl-37f78516-dec8-4d76-a963-cc39a819b7b4/datanode-5/data/ratis/48d2dcfc-49b5-4666-885d-8b1327e40cf7/current/log_inprogress_0
2019-07-16 14:16:40,799 INFO  impl.FollowerState (FollowerState.java:run(106)) - 1fa5aec3-e3bc-4045-a1c5-3eaa03edf0b8:group-5957D0B795C6 changes to CANDIDATE, lastRpcTime:5031, electionTimeout:5031ms
2019-07-16 14:16:40,799 INFO  impl.RoleInfo (RoleInfo.java:shutdownFollowerState(121)) - 1fa5aec3-e3bc-4045-a1c5-3eaa03edf0b8: shutdown FollowerState
2019-07-16 14:16:40,799 INFO  impl.RaftServerImpl (RaftServerImpl.java:setRole(171)) - 1fa5aec3-e3bc-4045-a1c5-3eaa03edf0b8:group-5957D0B795C6 changes role from FOLLOWER to CANDIDATE at term 0 for changeToCandidate
2019-07-16 14:16:40,799 INFO  impl.RoleInfo (RoleInfo.java:updateAndGet(143)) - 1fa5aec3-e3bc-4045-a1c5-3eaa03edf0b8: start LeaderElection
2019-07-16 14:16:40,830 INFO  impl.LeaderElection (LeaderElection.java:askForVotes(181)) - 1fa5aec3-e3bc-4045-a1c5-3eaa03edf0b8:group-5957D0B795C6:LeaderElection82: begin an election at term 1 for -1: [1fa5aec3-e3bc-4045-a1c5-3eaa03edf0b8:192.168.157.241:36272], old=null
2019-07-16 14:16:40,830 INFO  impl.RoleInfo (RoleInfo.java:shutdownLeaderElection(134)) - 1fa5aec3-e3bc-4045-a1c5-3eaa03edf0b8: shutdown LeaderElection
2019-07-16 14:16:40,831 INFO  impl.RaftServerImpl (RaftServerImpl.java:setRole(171)) - 1fa5aec3-e3bc-4045-a1c5-3eaa03edf0b8:group-5957D0B795C6 changes role from CANDIDATE to LEADER at term 1 for changeToLeader
2019-07-16 14:16:40,831 INFO  impl.RaftServerImpl (ServerState.java:setLeader(263)) - 1fa5aec3-e3bc-4045-a1c5-3eaa03edf0b8:group-5957D0B795C6 change Leader from null to 1fa5aec3-e3bc-4045-a1c5-3eaa03edf0b8 at term 1 for becomeLeader, leader elected after 5067ms
2019-07-16 14:16:40,831 INFO  server.RaftServerConfigKeys (ConfUtils.java:logGet(43)) - raft.server.staging.catchup.gap = 1000 (default)
2019-07-16 14:16:40,831 INFO  server.RaftServerConfigKeys (ConfUtils.java:logGet(43)) - raft.server.rpc.sleep.time = 25ms (default)
2019-07-16 14:16:40,831 INFO  server.RaftServerConfigKeys (ConfUtils.java:logGet(43)) - raft.server.write.element-limit = 4096 (default)
2019-07-16 14:16:40,831 INFO  server.RaftServerConfigKeys (ConfUtils.java:logGet(43)) - raft.server.watch.timeout = 10s (default)
2019-07-16 14:16:40,832 INFO  server.RaftServerConfigKeys (ConfUtils.java:logGet(43)) - raft.server.watch.timeout.denomination = 1s (default)
2019-07-16 14:16:40,832 INFO  server.RaftServerConfigKeys (ConfUtils.java:logGet(43)) - raft.server.watch.element-limit = 65536 (default)
2019-07-16 14:16:40,832 INFO  impl.RoleInfo (RoleInfo.java:updateAndGet(143)) - 1fa5aec3-e3bc-4045-a1c5-3eaa03edf0b8: start LeaderState
2019-07-16 14:16:40,832 INFO  segmented.SegmentedRaftLogWorker (SegmentedRaftLogWorker.java:startLogSegment(380)) - 1fa5aec3-e3bc-4045-a1c5-3eaa03edf0b8-SegmentedRaftLogWorker:Storage Directory /workdir/hadoop-ozone/integration-test/target/test-dir/MiniOzoneClusterImpl-37f78516-dec8-4d76-a963-cc39a819b7b4/datanode-6/data/ratis/23326294-b263-4da9-846f-5957d0b795c6: Starting segment from index:0
2019-07-16 14:16:40,833 INFO  impl.RaftServerImpl (ServerState.java:setRaftConf(361)) - 1fa5aec3-e3bc-4045-a1c5-3eaa03edf0b8:group-5957D0B795C6 set configuration 0: [1fa5aec3-e3bc-4045-a1c5-3eaa03edf0b8:192.168.157.241:36272], old=null at 0
2019-07-16 14:16:40,872 INFO  segmented.SegmentedRaftLogWorker (SegmentedRaftLogWorker.java:execute(569)) - 1fa5aec3-e3bc-4045-a1c5-3eaa03edf0b8-SegmentedRaftLogWorker:Storage Directory /workdir/hadoop-ozone/integration-test/target/test-dir/MiniOzoneClusterImpl-37f78516-dec8-4d76-a963-cc39a819b7b4/datanode-6/data/ratis/23326294-b263-4da9-846f-5957d0b795c6: created new log segment /workdir/hadoop-ozone/integration-test/target/test-dir/MiniOzoneClusterImpl-37f78516-dec8-4d76-a963-cc39a819b7b4/datanode-6/data/ratis/23326294-b263-4da9-846f-5957d0b795c6/current/log_inprogress_0
2019-07-16 14:16:41,026 INFO  client.GrpcClientProtocolClient (GrpcClientProtocolClient.java:onNext(255)) - client-868023343724->3bc0dc73-ee24-442f-a273-febd66e2e7d9: receive RaftClientReply:client-868023343724->3bc0dc73-ee24-442f-a273-febd66e2e7d9@group-E850DD97F5A4, cid=106, FAILED org.apache.ratis.protocol.NotLeaderException: Server 3bc0dc73-ee24-442f-a273-febd66e2e7d9 is not the leader (null). Request must be sent to leader., logIndex=0, commits[3bc0dc73-ee24-442f-a273-febd66e2e7d9:c-1]
2019-07-16 14:16:42,055 INFO  client.GrpcClientProtocolClient (GrpcClientProtocolClient.java:onNext(255)) - client-868023343724->049f148e-af82-4869-8aa2-38d85904541d: receive RaftClientReply:client-868023343724->049f148e-af82-4869-8aa2-38d85904541d@group-E850DD97F5A4, cid=106, FAILED org.apache.ratis.protocol.NotLeaderException: Server 049f148e-af82-4869-8aa2-38d85904541d is not the leader (null). Request must be sent to leader., logIndex=0, commits[049f148e-af82-4869-8aa2-38d85904541d:c-1]
2019-07-16 14:16:42,922 INFO  impl.FollowerState (FollowerState.java:run(106)) - 5e1f60d6-eb7d-4cb0-856a-7059979ee06b:group-10F3E4DA1DEE changes to CANDIDATE, lastRpcTime:5176, electionTimeout:5176ms
2019-07-16 14:16:42,922 INFO  impl.RoleInfo (RoleInfo.java:shutdownFollowerState(121)) - 5e1f60d6-eb7d-4cb0-856a-7059979ee06b: shutdown FollowerState
2019-07-16 14:16:42,923 INFO  impl.RaftServerImpl (RaftServerImpl.java:setRole(171)) - 5e1f60d6-eb7d-4cb0-856a-7059979ee06b:group-10F3E4DA1DEE changes role from FOLLOWER to CANDIDATE at term 3 for changeToCandidate
2019-07-16 14:16:42,923 INFO  impl.RoleInfo (RoleInfo.java:updateAndGet(143)) - 5e1f60d6-eb7d-4cb0-856a-7059979ee06b: start LeaderElection
2019-07-16 14:16:42,932 INFO  impl.FollowerState (FollowerState.java:run(106)) - ce30a503-6e02-452f-ba1f-f207c1d38bf3:group-10F3E4DA1DEE changes to CANDIDATE, lastRpcTime:5185, electionTimeout:5184ms
2019-07-16 14:16:42,933 INFO  impl.RoleInfo (RoleInfo.java:shutdownFollowerState(121)) - ce30a503-6e02-452f-ba1f-f207c1d38bf3: shutdown FollowerState
2019-07-16 14:16:42,933 INFO  impl.RaftServerImpl (RaftServerImpl.java:setRole(171)) - ce30a503-6e02-452f-ba1f-f207c1d38bf3:group-10F3E4DA1DEE changes role from FOLLOWER to CANDIDATE at term 3 for changeToCandidate
2019-07-16 14:16:42,933 INFO  impl.RoleInfo (RoleInfo.java:updateAndGet(143)) - ce30a503-6e02-452f-ba1f-f207c1d38bf3: start LeaderElection
2019-07-16 14:16:42,954 INFO  impl.LeaderElection (LeaderElection.java:askForVotes(181)) - ce30a503-6e02-452f-ba1f-f207c1d38bf3:group-10F3E4DA1DEE:LeaderElection84: begin an election at term 4 for 0: [5e1f60d6-eb7d-4cb0-856a-7059979ee06b:192.168.157.241:45673, ce30a503-6e02-452f-ba1f-f207c1d38bf3:192.168.157.241:43132, 888503fb-f734-4c7c-9b82-330fcea6e78c:192.168.157.241:40944], old=null
2019-07-16 14:16:42,954 INFO  impl.LeaderElection (LeaderElection.java:askForVotes(181)) - 5e1f60d6-eb7d-4cb0-856a-7059979ee06b:group-10F3E4DA1DEE:LeaderElection83: begin an election at term 4 for 0: [5e1f60d6-eb7d-4cb0-856a-7059979ee06b:192.168.157.241:45673, ce30a503-6e02-452f-ba1f-f207c1d38bf3:192.168.157.241:43132, 888503fb-f734-4c7c-9b82-330fcea6e78c:192.168.157.241:40944], old=null
2019-07-16 14:16:42,955 INFO  impl.LeaderElection (LogUtils.java:infoOrTrace(149)) - ce30a503-6e02-452f-ba1f-f207c1d38bf3:group-10F3E4DA1DEE:LeaderElection84 got exception when requesting votes: {}
java.util.concurrent.ExecutionException: org.apache.ratis.thirdparty.io.grpc.StatusRuntimeException: UNAVAILABLE: io exception
	at java.util.concurrent.FutureTask.report(FutureTask.java:122)
	at java.util.concurrent.FutureTask.get(FutureTask.java:192)
	at org.apache.ratis.server.impl.LeaderElection.waitForResults(LeaderElection.java:262)
	at org.apache.ratis.server.impl.LeaderElection.askForVotes(LeaderElection.java:200)
	at org.apache.ratis.server.impl.LeaderElection.run(LeaderElection.java:130)
	at java.lang.Thread.run(Thread.java:748)
Caused by: org.apache.ratis.thirdparty.io.grpc.StatusRuntimeException: UNAVAILABLE: io exception
	at org.apache.ratis.thirdparty.io.grpc.stub.ClientCalls.toStatusRuntimeException(ClientCalls.java:233)
	at org.apache.ratis.thirdparty.io.grpc.stub.ClientCalls.getUnchecked(ClientCalls.java:214)
	at org.apache.ratis.thirdparty.io.grpc.stub.ClientCalls.blockingUnaryCall(ClientCalls.java:139)
	at org.apache.ratis.proto.grpc.RaftServerProtocolServiceGrpc$RaftServerProtocolServiceBlockingStub.requestVote(RaftServerProtocolServiceGrpc.java:265)
	at org.apache.ratis.grpc.server.GrpcServerProtocolClient.requestVote(GrpcServerProtocolClient.java:83)
	at org.apache.ratis.grpc.server.GrpcService.requestVote(GrpcService.java:195)
	at org.apache.ratis.server.impl.LeaderElection.lambda$submitRequests$1(LeaderElection.java:237)
	at java.util.concurrent.FutureTask.run(FutureTask.java:266)
	at java.util.concurrent.Executors$RunnableAdapter.call(Executors.java:511)
	at java.util.concurrent.FutureTask.run(FutureTask.java:266)
	at java.util.concurrent.ThreadPoolExecutor.runWorker(ThreadPoolExecutor.java:1149)
	at java.util.concurrent.ThreadPoolExecutor$Worker.run(ThreadPoolExecutor.java:624)
	... 1 more
Caused by: org.apache.ratis.thirdparty.io.netty.channel.AbstractChannel$AnnotatedConnectException: Connection refused: /192.168.157.241:40944
	at sun.nio.ch.SocketChannelImpl.checkConnect(Native Method)
	at sun.nio.ch.SocketChannelImpl.finishConnect(SocketChannelImpl.java:717)
	at org.apache.ratis.thirdparty.io.netty.channel.socket.nio.NioSocketChannel.doFinishConnect(NioSocketChannel.java:327)
	at org.apache.ratis.thirdparty.io.netty.channel.nio.AbstractNioChannel$AbstractNioUnsafe.finishConnect(AbstractNioChannel.java:340)
	at org.apache.ratis.thirdparty.io.netty.channel.nio.NioEventLoop.processSelectedKey(NioEventLoop.java:632)
	at org.apache.ratis.thirdparty.io.netty.channel.nio.NioEventLoop.processSelectedKeysOptimized(NioEventLoop.java:579)
	at org.apache.ratis.thirdparty.io.netty.channel.nio.NioEventLoop.processSelectedKeys(NioEventLoop.java:496)
	at org.apache.ratis.thirdparty.io.netty.channel.nio.NioEventLoop.run(NioEventLoop.java:458)
	at org.apache.ratis.thirdparty.io.netty.util.concurrent.SingleThreadEventExecutor$5.run(SingleThreadEventExecutor.java:897)
	at org.apache.ratis.thirdparty.io.netty.util.concurrent.FastThreadLocalRunnable.run(FastThreadLocalRunnable.java:30)
	... 1 more
Caused by: java.net.ConnectException: Connection refused
	... 11 more
2019-07-16 14:16:42,955 INFO  impl.LeaderElection (LogUtils.java:infoOrTrace(149)) - 5e1f60d6-eb7d-4cb0-856a-7059979ee06b:group-10F3E4DA1DEE:LeaderElection83 got exception when requesting votes: {}
java.util.concurrent.ExecutionException: org.apache.ratis.thirdparty.io.grpc.StatusRuntimeException: UNAVAILABLE: io exception
	at java.util.concurrent.FutureTask.report(FutureTask.java:122)
	at java.util.concurrent.FutureTask.get(FutureTask.java:192)
	at org.apache.ratis.server.impl.LeaderElection.waitForResults(LeaderElection.java:262)
	at org.apache.ratis.server.impl.LeaderElection.askForVotes(LeaderElection.java:200)
	at org.apache.ratis.server.impl.LeaderElection.run(LeaderElection.java:130)
	at java.lang.Thread.run(Thread.java:748)
Caused by: org.apache.ratis.thirdparty.io.grpc.StatusRuntimeException: UNAVAILABLE: io exception
	at org.apache.ratis.thirdparty.io.grpc.stub.ClientCalls.toStatusRuntimeException(ClientCalls.java:233)
	at org.apache.ratis.thirdparty.io.grpc.stub.ClientCalls.getUnchecked(ClientCalls.java:214)
	at org.apache.ratis.thirdparty.io.grpc.stub.ClientCalls.blockingUnaryCall(ClientCalls.java:139)
	at org.apache.ratis.proto.grpc.RaftServerProtocolServiceGrpc$RaftServerProtocolServiceBlockingStub.requestVote(RaftServerProtocolServiceGrpc.java:265)
	at org.apache.ratis.grpc.server.GrpcServerProtocolClient.requestVote(GrpcServerProtocolClient.java:83)
	at org.apache.ratis.grpc.server.GrpcService.requestVote(GrpcService.java:195)
	at org.apache.ratis.server.impl.LeaderElection.lambda$submitRequests$1(LeaderElection.java:237)
	at java.util.concurrent.FutureTask.run(FutureTask.java:266)
	at java.util.concurrent.Executors$RunnableAdapter.call(Executors.java:511)
	at java.util.concurrent.FutureTask.run(FutureTask.java:266)
	at java.util.concurrent.ThreadPoolExecutor.runWorker(ThreadPoolExecutor.java:1149)
	at java.util.concurrent.ThreadPoolExecutor$Worker.run(ThreadPoolExecutor.java:624)
	... 1 more
Caused by: org.apache.ratis.thirdparty.io.netty.channel.AbstractChannel$AnnotatedConnectException: Connection refused: /192.168.157.241:40944
	at sun.nio.ch.SocketChannelImpl.checkConnect(Native Method)
	at sun.nio.ch.SocketChannelImpl.finishConnect(SocketChannelImpl.java:717)
	at org.apache.ratis.thirdparty.io.netty.channel.socket.nio.NioSocketChannel.doFinishConnect(NioSocketChannel.java:327)
	at org.apache.ratis.thirdparty.io.netty.channel.nio.AbstractNioChannel$AbstractNioUnsafe.finishConnect(AbstractNioChannel.java:340)
	at org.apache.ratis.thirdparty.io.netty.channel.nio.NioEventLoop.processSelectedKey(NioEventLoop.java:632)
	at org.apache.ratis.thirdparty.io.netty.channel.nio.NioEventLoop.processSelectedKeysOptimized(NioEventLoop.java:579)
	at org.apache.ratis.thirdparty.io.netty.channel.nio.NioEventLoop.processSelectedKeys(NioEventLoop.java:496)
	at org.apache.ratis.thirdparty.io.netty.channel.nio.NioEventLoop.run(NioEventLoop.java:458)
	at org.apache.ratis.thirdparty.io.netty.util.concurrent.SingleThreadEventExecutor$5.run(SingleThreadEventExecutor.java:897)
	at org.apache.ratis.thirdparty.io.netty.util.concurrent.FastThreadLocalRunnable.run(FastThreadLocalRunnable.java:30)
	... 1 more
Caused by: java.net.ConnectException: Connection refused
	... 11 more
2019-07-16 14:16:42,971 INFO  impl.LeaderElection (LeaderElection.java:logAndReturn(56)) - 5e1f60d6-eb7d-4cb0-856a-7059979ee06b:group-10F3E4DA1DEE:LeaderElection83: Election REJECTED; received 1 response(s) [5e1f60d6-eb7d-4cb0-856a-7059979ee06b<-ce30a503-6e02-452f-ba1f-f207c1d38bf3#0:FAIL-t4] and 1 exception(s); 5e1f60d6-eb7d-4cb0-856a-7059979ee06b:t4, leader=null, voted=5e1f60d6-eb7d-4cb0-856a-7059979ee06b, raftlog=5e1f60d6-eb7d-4cb0-856a-7059979ee06b-SegmentedRaftLog:OPENED:c2,f2,i2, conf=0: [5e1f60d6-eb7d-4cb0-856a-7059979ee06b:192.168.157.241:45673, ce30a503-6e02-452f-ba1f-f207c1d38bf3:192.168.157.241:43132, 888503fb-f734-4c7c-9b82-330fcea6e78c:192.168.157.241:40944], old=null
2019-07-16 14:16:42,971 INFO  impl.LeaderElection (LeaderElection.java:logAndReturn(56)) - ce30a503-6e02-452f-ba1f-f207c1d38bf3:group-10F3E4DA1DEE:LeaderElection84: Election REJECTED; received 1 response(s) [ce30a503-6e02-452f-ba1f-f207c1d38bf3<-5e1f60d6-eb7d-4cb0-856a-7059979ee06b#0:FAIL-t4] and 1 exception(s); ce30a503-6e02-452f-ba1f-f207c1d38bf3:t4, leader=null, voted=ce30a503-6e02-452f-ba1f-f207c1d38bf3, raftlog=ce30a503-6e02-452f-ba1f-f207c1d38bf3-SegmentedRaftLog:OPENED:c2,f2,i2, conf=0: [5e1f60d6-eb7d-4cb0-856a-7059979ee06b:192.168.157.241:45673, ce30a503-6e02-452f-ba1f-f207c1d38bf3:192.168.157.241:43132, 888503fb-f734-4c7c-9b82-330fcea6e78c:192.168.157.241:40944], old=null
2019-07-16 14:16:42,971 INFO  impl.LeaderElection (LogUtils.java:infoOrTrace(149)) -   Exception 0: {}
java.util.concurrent.ExecutionException: org.apache.ratis.thirdparty.io.grpc.StatusRuntimeException: UNAVAILABLE: io exception
	at java.util.concurrent.FutureTask.report(FutureTask.java:122)
	at java.util.concurrent.FutureTask.get(FutureTask.java:192)
	at org.apache.ratis.server.impl.LeaderElection.waitForResults(LeaderElection.java:262)
	at org.apache.ratis.server.impl.LeaderElection.askForVotes(LeaderElection.java:200)
	at org.apache.ratis.server.impl.LeaderElection.run(LeaderElection.java:130)
	at java.lang.Thread.run(Thread.java:748)
Caused by: org.apache.ratis.thirdparty.io.grpc.StatusRuntimeException: UNAVAILABLE: io exception
	at org.apache.ratis.thirdparty.io.grpc.stub.ClientCalls.toStatusRuntimeException(ClientCalls.java:233)
	at org.apache.ratis.thirdparty.io.grpc.stub.ClientCalls.getUnchecked(ClientCalls.java:214)
	at org.apache.ratis.thirdparty.io.grpc.stub.ClientCalls.blockingUnaryCall(ClientCalls.java:139)
	at org.apache.ratis.proto.grpc.RaftServerProtocolServiceGrpc$RaftServerProtocolServiceBlockingStub.requestVote(RaftServerProtocolServiceGrpc.java:265)
	at org.apache.ratis.grpc.server.GrpcServerProtocolClient.requestVote(GrpcServerProtocolClient.java:83)
	at org.apache.ratis.grpc.server.GrpcService.requestVote(GrpcService.java:195)
	at org.apache.ratis.server.impl.LeaderElection.lambda$submitRequests$1(LeaderElection.java:237)
	at java.util.concurrent.FutureTask.run(FutureTask.java:266)
	at java.util.concurrent.Executors$RunnableAdapter.call(Executors.java:511)
	at java.util.concurrent.FutureTask.run(FutureTask.java:266)
	at java.util.concurrent.ThreadPoolExecutor.runWorker(ThreadPoolExecutor.java:1149)
	at java.util.concurrent.ThreadPoolExecutor$Worker.run(ThreadPoolExecutor.java:624)
	... 1 more
Caused by: org.apache.ratis.thirdparty.io.netty.channel.AbstractChannel$AnnotatedConnectException: Connection refused: /192.168.157.241:40944
	at sun.nio.ch.SocketChannelImpl.checkConnect(Native Method)
	at sun.nio.ch.SocketChannelImpl.finishConnect(SocketChannelImpl.java:717)
	at org.apache.ratis.thirdparty.io.netty.channel.socket.nio.NioSocketChannel.doFinishConnect(NioSocketChannel.java:327)
	at org.apache.ratis.thirdparty.io.netty.channel.nio.AbstractNioChannel$AbstractNioUnsafe.finishConnect(AbstractNioChannel.java:340)
	at org.apache.ratis.thirdparty.io.netty.channel.nio.NioEventLoop.processSelectedKey(NioEventLoop.java:632)
	at org.apache.ratis.thirdparty.io.netty.channel.nio.NioEventLoop.processSelectedKeysOptimized(NioEventLoop.java:579)
	at org.apache.ratis.thirdparty.io.netty.channel.nio.NioEventLoop.processSelectedKeys(NioEventLoop.java:496)
	at org.apache.ratis.thirdparty.io.netty.channel.nio.NioEventLoop.run(NioEventLoop.java:458)
	at org.apache.ratis.thirdparty.io.netty.util.concurrent.SingleThreadEventExecutor$5.run(SingleThreadEventExecutor.java:897)
	at org.apache.ratis.thirdparty.io.netty.util.concurrent.FastThreadLocalRunnable.run(FastThreadLocalRunnable.java:30)
	... 1 more
Caused by: java.net.ConnectException: Connection refused
	... 11 more
2019-07-16 14:16:42,972 INFO  impl.LeaderElection (LogUtils.java:infoOrTrace(149)) -   Exception 0: {}
java.util.concurrent.ExecutionException: org.apache.ratis.thirdparty.io.grpc.StatusRuntimeException: UNAVAILABLE: io exception
	at java.util.concurrent.FutureTask.report(FutureTask.java:122)
	at java.util.concurrent.FutureTask.get(FutureTask.java:192)
	at org.apache.ratis.server.impl.LeaderElection.waitForResults(LeaderElection.java:262)
	at org.apache.ratis.server.impl.LeaderElection.askForVotes(LeaderElection.java:200)
	at org.apache.ratis.server.impl.LeaderElection.run(LeaderElection.java:130)
	at java.lang.Thread.run(Thread.java:748)
Caused by: org.apache.ratis.thirdparty.io.grpc.StatusRuntimeException: UNAVAILABLE: io exception
	at org.apache.ratis.thirdparty.io.grpc.stub.ClientCalls.toStatusRuntimeException(ClientCalls.java:233)
	at org.apache.ratis.thirdparty.io.grpc.stub.ClientCalls.getUnchecked(ClientCalls.java:214)
	at org.apache.ratis.thirdparty.io.grpc.stub.ClientCalls.blockingUnaryCall(ClientCalls.java:139)
	at org.apache.ratis.proto.grpc.RaftServerProtocolServiceGrpc$RaftServerProtocolServiceBlockingStub.requestVote(RaftServerProtocolServiceGrpc.java:265)
	at org.apache.ratis.grpc.server.GrpcServerProtocolClient.requestVote(GrpcServerProtocolClient.java:83)
	at org.apache.ratis.grpc.server.GrpcService.requestVote(GrpcService.java:195)
	at org.apache.ratis.server.impl.LeaderElection.lambda$submitRequests$1(LeaderElection.java:237)
	at java.util.concurrent.FutureTask.run(FutureTask.java:266)
	at java.util.concurrent.Executors$RunnableAdapter.call(Executors.java:511)
	at java.util.concurrent.FutureTask.run(FutureTask.java:266)
	at java.util.concurrent.ThreadPoolExecutor.runWorker(ThreadPoolExecutor.java:1149)
	at java.util.concurrent.ThreadPoolExecutor$Worker.run(ThreadPoolExecutor.java:624)
	... 1 more
Caused by: org.apache.ratis.thirdparty.io.netty.channel.AbstractChannel$AnnotatedConnectException: Connection refused: /192.168.157.241:40944
	at sun.nio.ch.SocketChannelImpl.checkConnect(Native Method)
	at sun.nio.ch.SocketChannelImpl.finishConnect(SocketChannelImpl.java:717)
	at org.apache.ratis.thirdparty.io.netty.channel.socket.nio.NioSocketChannel.doFinishConnect(NioSocketChannel.java:327)
	at org.apache.ratis.thirdparty.io.netty.channel.nio.AbstractNioChannel$AbstractNioUnsafe.finishConnect(AbstractNioChannel.java:340)
	at org.apache.ratis.thirdparty.io.netty.channel.nio.NioEventLoop.processSelectedKey(NioEventLoop.java:632)
	at org.apache.ratis.thirdparty.io.netty.channel.nio.NioEventLoop.processSelectedKeysOptimized(NioEventLoop.java:579)
	at org.apache.ratis.thirdparty.io.netty.channel.nio.NioEventLoop.processSelectedKeys(NioEventLoop.java:496)
	at org.apache.ratis.thirdparty.io.netty.channel.nio.NioEventLoop.run(NioEventLoop.java:458)
	at org.apache.ratis.thirdparty.io.netty.util.concurrent.SingleThreadEventExecutor$5.run(SingleThreadEventExecutor.java:897)
	at org.apache.ratis.thirdparty.io.netty.util.concurrent.FastThreadLocalRunnable.run(FastThreadLocalRunnable.java:30)
	... 1 more
Caused by: java.net.ConnectException: Connection refused
	... 11 more
2019-07-16 14:16:42,972 INFO  impl.RaftServerImpl (RaftServerImpl.java:setRole(171)) - 5e1f60d6-eb7d-4cb0-856a-7059979ee06b:group-10F3E4DA1DEE changes role from CANDIDATE to FOLLOWER at term 4 for DISCOVERED_A_NEW_TERM
2019-07-16 14:16:42,972 INFO  impl.RaftServerImpl (RaftServerImpl.java:setRole(171)) - ce30a503-6e02-452f-ba1f-f207c1d38bf3:group-10F3E4DA1DEE changes role from CANDIDATE to FOLLOWER at term 4 for DISCOVERED_A_NEW_TERM
2019-07-16 14:16:42,973 INFO  impl.RoleInfo (RoleInfo.java:shutdownLeaderElection(134)) - 5e1f60d6-eb7d-4cb0-856a-7059979ee06b: shutdown LeaderElection
2019-07-16 14:16:42,973 INFO  impl.RoleInfo (RoleInfo.java:shutdownLeaderElection(134)) - ce30a503-6e02-452f-ba1f-f207c1d38bf3: shutdown LeaderElection
2019-07-16 14:16:42,973 INFO  impl.RoleInfo (RoleInfo.java:updateAndGet(143)) - 5e1f60d6-eb7d-4cb0-856a-7059979ee06b: start FollowerState
2019-07-16 14:16:42,973 INFO  impl.RoleInfo (RoleInfo.java:updateAndGet(143)) - ce30a503-6e02-452f-ba1f-f207c1d38bf3: start FollowerState
2019-07-16 14:16:43,082 INFO  client.GrpcClientProtocolClient (GrpcClientProtocolClient.java:onNext(255)) - client-868023343724->5aec6828-7fd7-4b3d-9950-432cca815840: receive RaftClientReply:client-868023343724->5aec6828-7fd7-4b3d-9950-432cca815840@group-E850DD97F5A4, cid=106, FAILED org.apache.ratis.protocol.NotLeaderException: Server 5aec6828-7fd7-4b3d-9950-432cca815840 is not the leader (null). Request must be sent to leader., logIndex=0, commits[5aec6828-7fd7-4b3d-9950-432cca815840:c-1]
]]></system-out>
    <system-err><![CDATA[Jul 16, 2019 2:16:29 PM com.sun.jersey.server.impl.application.WebApplicationImpl _initiate
INFO: Initiating Jersey application, version 'Jersey: 1.19 02/11/2015 03:25 AM'
Jul 16, 2019 2:16:30 PM com.sun.jersey.server.impl.application.WebApplicationImpl _initiate
INFO: Initiating Jersey application, version 'Jersey: 1.19 02/11/2015 03:25 AM'
Jul 16, 2019 2:16:30 PM com.sun.jersey.server.impl.application.WebApplicationImpl _initiate
INFO: Initiating Jersey application, version 'Jersey: 1.19 02/11/2015 03:25 AM'
Jul 16, 2019 2:16:30 PM com.sun.jersey.server.impl.application.WebApplicationImpl _initiate
INFO: Initiating Jersey application, version 'Jersey: 1.19 02/11/2015 03:25 AM'
Jul 16, 2019 2:16:30 PM com.sun.jersey.server.impl.application.WebApplicationImpl _initiate
INFO: Initiating Jersey application, version 'Jersey: 1.19 02/11/2015 03:25 AM'
Jul 16, 2019 2:16:31 PM com.sun.jersey.server.impl.application.WebApplicationImpl _initiate
INFO: Initiating Jersey application, version 'Jersey: 1.19 02/11/2015 03:25 AM'
Jul 16, 2019 2:16:31 PM com.sun.jersey.server.impl.application.WebApplicationImpl _initiate
INFO: Initiating Jersey application, version 'Jersey: 1.19 02/11/2015 03:25 AM'
]]></system-err>
  </testcase>
</testsuite>